<?xml version="1.0" encoding="UTF-8"?>
<testsuite xmlns:xsi="http://www.w3.org/2001/XMLSchema-instance" xsi:noNamespaceSchemaLocation="https://maven.apache.org/surefire/maven-surefire-plugin/xsd/surefire-test-report.xsd" name="org.apache.hadoop.ozone.freon.TestDataValidateWithSafeByteOperations" time="59.436" tests="3" errors="3" skipped="0" failures="0">
  <properties>
    <property name="awt.toolkit" value="sun.awt.X11.XToolkit"/>
    <property name="file.encoding.pkg" value="sun.io"/>
    <property name="java.specification.version" value="1.8"/>
    <property name="sun.cpu.isalist" value=""/>
    <property name="sun.jnu.encoding" value="UTF-8"/>
    <property name="java.class.path" value="/workdir/hadoop-ozone/tools/target/test-classes:/workdir/hadoop-ozone/tools/target/classes:/home/user/.m2/repository/org/apache/hadoop/hadoop-ozone-ozone-manager/0.5.0-SNAPSHOT/hadoop-ozone-ozone-manager-0.5.0-SNAPSHOT.jar:/home/user/.m2/repository/org/apache/hadoop/hadoop-hdds-docs/0.5.0-SNAPSHOT/hadoop-hdds-docs-0.5.0-SNAPSHOT.jar:/home/user/.m2/repository/org/bouncycastle/bcprov-jdk15on/1.60/bcprov-jdk15on-1.60.jar:/home/user/.m2/repository/org/apache/hadoop/hadoop-ozone-common/0.5.0-SNAPSHOT/hadoop-ozone-common-0.5.0-SNAPSHOT.jar:/home/user/.m2/repository/org/apache/commons/commons-compress/1.4.1/commons-compress-1.4.1.jar:/home/user/.m2/repository/org/tukaani/xz/1.0/xz-1.0.jar:/home/user/.m2/repository/org/apache/hadoop/hadoop-hdfs-client/3.2.0/hadoop-hdfs-client-3.2.0.jar:/home/user/.m2/repository/com/fasterxml/jackson/core/jackson-annotations/2.9.5/jackson-annotations-2.9.5.jar:/home/user/.m2/repository/org/apache/hadoop/hadoop-hdds-common/0.5.0-SNAPSHOT/hadoop-hdds-common-0.5.0-SNAPSHOT.jar:/home/user/.m2/repository/org/apache/hadoop/hadoop-hdds-config/0.5.0-SNAPSHOT/hadoop-hdds-config-0.5.0-SNAPSHOT.jar:/home/user/.m2/repository/javax/annotation/javax.annotation-api/1.2/javax.annotation-api-1.2.jar:/home/user/.m2/repository/org/apache/ratis/ratis-server/0.4.0-2337318-SNAPSHOT/ratis-server-0.4.0-2337318-SNAPSHOT.jar:/home/user/.m2/repository/org/apache/ratis/ratis-thirdparty-misc/0.2.0/ratis-thirdparty-misc-0.2.0.jar:/home/user/.m2/repository/org/apache/ratis/ratis-proto/0.4.0-2337318-SNAPSHOT/ratis-proto-0.4.0-2337318-SNAPSHOT.jar:/home/user/.m2/repository/org/apache/ratis/ratis-common/0.4.0-2337318-SNAPSHOT/ratis-common-0.4.0-2337318-SNAPSHOT.jar:/home/user/.m2/repository/org/apache/ratis/ratis-client/0.4.0-2337318-SNAPSHOT/ratis-client-0.4.0-2337318-SNAPSHOT.jar:/home/user/.m2/repository/org/apache/ratis/ratis-metrics/0.4.0-2337318-SNAPSHOT/ratis-metrics-0.4.0-2337318-SNAPSHOT.jar:/home/user/.m2/repository/org/apache/ratis/ratis-netty/0.4.0-2337318-SNAPSHOT/ratis-netty-0.4.0-2337318-SNAPSHOT.jar:/home/user/.m2/repository/org/apache/ratis/ratis-grpc/0.4.0-2337318-SNAPSHOT/ratis-grpc-0.4.0-2337318-SNAPSHOT.jar:/home/user/.m2/repository/org/rocksdb/rocksdbjni/6.0.1/rocksdbjni-6.0.1.jar:/home/user/.m2/repository/org/apache/logging/log4j/log4j-api/2.11.0/log4j-api-2.11.0.jar:/home/user/.m2/repository/org/apache/logging/log4j/log4j-core/2.11.0/log4j-core-2.11.0.jar:/home/user/.m2/repository/com/lmax/disruptor/3.4.2/disruptor-3.4.2.jar:/home/user/.m2/repository/org/apache/commons/commons-pool2/2.6.0/commons-pool2-2.6.0.jar:/home/user/.m2/repository/org/bouncycastle/bcpkix-jdk15on/1.60/bcpkix-jdk15on-1.60.jar:/home/user/.m2/repository/commons-validator/commons-validator/1.6/commons-validator-1.6.jar:/home/user/.m2/repository/commons-digester/commons-digester/1.8.1/commons-digester-1.8.1.jar:/home/user/.m2/repository/io/jaegertracing/jaeger-client/0.33.1/jaeger-client-0.33.1.jar:/home/user/.m2/repository/io/jaegertracing/jaeger-thrift/0.33.1/jaeger-thrift-0.33.1.jar:/home/user/.m2/repository/org/apache/thrift/libthrift/0.11.0/libthrift-0.11.0.jar:/home/user/.m2/repository/com/squareup/okhttp3/okhttp/3.9.0/okhttp-3.9.0.jar:/home/user/.m2/repository/com/squareup/okio/okio/1.13.0/okio-1.13.0.jar:/home/user/.m2/repository/io/jaegertracing/jaeger-core/0.33.1/jaeger-core-0.33.1.jar:/home/user/.m2/repository/io/jaegertracing/jaeger-tracerresolver/0.33.1/jaeger-tracerresolver-0.33.1.jar:/home/user/.m2/repository/io/opentracing/contrib/opentracing-tracerresolver/0.1.5/opentracing-tracerresolver-0.1.5.jar:/home/user/.m2/repository/io/opentracing/opentracing-util/0.31.0/opentracing-util-0.31.0.jar:/home/user/.m2/repository/io/opentracing/opentracing-api/0.31.0/opentracing-api-0.31.0.jar:/home/user/.m2/repository/io/opentracing/opentracing-noop/0.31.0/opentracing-noop-0.31.0.jar:/home/user/.m2/repository/org/yaml/snakeyaml/1.16/snakeyaml-1.16.jar:/home/user/.m2/repository/org/apache/hadoop/hadoop-hdds-container-service/0.5.0-SNAPSHOT/hadoop-hdds-container-service-0.5.0-SNAPSHOT.jar:/home/user/.m2/repository/org/apache/hadoop/hadoop-hdds-client/0.5.0-SNAPSHOT/hadoop-hdds-client-0.5.0-SNAPSHOT.jar:/home/user/.m2/repository/org/apache/hadoop/hadoop-hdds-tools/0.5.0-SNAPSHOT/hadoop-hdds-tools-0.5.0-SNAPSHOT.jar:/home/user/.m2/repository/org/xerial/sqlite-jdbc/3.25.2/sqlite-jdbc-3.25.2.jar:/home/user/.m2/repository/org/apache/hadoop/hadoop-hdds-server-scm/0.5.0-SNAPSHOT/hadoop-hdds-server-scm-0.5.0-SNAPSHOT.jar:/home/user/.m2/repository/org/hamcrest/hamcrest-all/1.3/hamcrest-all-1.3.jar:/home/user/.m2/repository/info/picocli/picocli/3.9.6/picocli-3.9.6.jar:/home/user/.m2/repository/com/google/protobuf/protobuf-java/2.5.0/protobuf-java-2.5.0.jar:/home/user/.m2/repository/com/google/guava/guava/11.0.2/guava-11.0.2.jar:/home/user/.m2/repository/org/apache/hadoop/hadoop-ozone-client/0.5.0-SNAPSHOT/hadoop-ozone-client-0.5.0-SNAPSHOT.jar:/workdir/hadoop-ozone/ozonefs/target/classes:/home/user/.m2/repository/org/apache/hadoop/hadoop-hdds-server-framework/0.5.0-SNAPSHOT/hadoop-hdds-server-framework-0.5.0-SNAPSHOT.jar:/home/user/.m2/repository/org/apache/hadoop/hadoop-common/3.2.0/hadoop-common-3.2.0.jar:/home/user/.m2/repository/org/apache/hadoop/hadoop-annotations/3.2.0/hadoop-annotations-3.2.0.jar:/usr/lib/jvm/java-1.8-openjdk/jre/../lib/tools.jar:/home/user/.m2/repository/commons-cli/commons-cli/1.2/commons-cli-1.2.jar:/home/user/.m2/repository/org/apache/commons/commons-math3/3.1.1/commons-math3-3.1.1.jar:/home/user/.m2/repository/org/apache/httpcomponents/httpclient/4.5.2/httpclient-4.5.2.jar:/home/user/.m2/repository/org/apache/httpcomponents/httpcore/4.4.4/httpcore-4.4.4.jar:/home/user/.m2/repository/commons-codec/commons-codec/1.11/commons-codec-1.11.jar:/home/user/.m2/repository/commons-io/commons-io/2.5/commons-io-2.5.jar:/home/user/.m2/repository/commons-net/commons-net/3.6/commons-net-3.6.jar:/home/user/.m2/repository/commons-collections/commons-collections/3.2.2/commons-collections-3.2.2.jar:/home/user/.m2/repository/javax/servlet/javax.servlet-api/3.1.0/javax.servlet-api-3.1.0.jar:/home/user/.m2/repository/org/eclipse/jetty/jetty-server/9.3.24.v20180605/jetty-server-9.3.24.v20180605.jar:/home/user/.m2/repository/org/eclipse/jetty/jetty-http/9.3.24.v20180605/jetty-http-9.3.24.v20180605.jar:/home/user/.m2/repository/org/eclipse/jetty/jetty-io/9.3.24.v20180605/jetty-io-9.3.24.v20180605.jar:/home/user/.m2/repository/org/eclipse/jetty/jetty-util/9.3.24.v20180605/jetty-util-9.3.24.v20180605.jar:/home/user/.m2/repository/org/eclipse/jetty/jetty-servlet/9.3.24.v20180605/jetty-servlet-9.3.24.v20180605.jar:/home/user/.m2/repository/org/eclipse/jetty/jetty-security/9.3.24.v20180605/jetty-security-9.3.24.v20180605.jar:/home/user/.m2/repository/org/eclipse/jetty/jetty-webapp/9.3.24.v20180605/jetty-webapp-9.3.24.v20180605.jar:/home/user/.m2/repository/org/eclipse/jetty/jetty-xml/9.3.24.v20180605/jetty-xml-9.3.24.v20180605.jar:/home/user/.m2/repository/javax/servlet/jsp/jsp-api/2.1/jsp-api-2.1.jar:/home/user/.m2/repository/com/sun/jersey/jersey-core/1.19/jersey-core-1.19.jar:/home/user/.m2/repository/javax/ws/rs/jsr311-api/1.1.1/jsr311-api-1.1.1.jar:/home/user/.m2/repository/com/sun/jersey/jersey-servlet/1.19/jersey-servlet-1.19.jar:/home/user/.m2/repository/com/sun/jersey/jersey-json/1.19/jersey-json-1.19.jar:/home/user/.m2/repository/org/codehaus/jettison/jettison/1.1/jettison-1.1.jar:/home/user/.m2/repository/com/sun/xml/bind/jaxb-impl/2.3.0.1/jaxb-impl-2.3.0.1.jar:/home/user/.m2/repository/org/codehaus/jackson/jackson-core-asl/1.9.13/jackson-core-asl-1.9.13.jar:/home/user/.m2/repository/org/codehaus/jackson/jackson-mapper-asl/1.9.13/jackson-mapper-asl-1.9.13.jar:/home/user/.m2/repository/org/codehaus/jackson/jackson-jaxrs/1.9.13/jackson-jaxrs-1.9.13.jar:/home/user/.m2/repository/org/codehaus/jackson/jackson-xc/1.9.13/jackson-xc-1.9.13.jar:/home/user/.m2/repository/com/sun/jersey/jersey-server/1.19/jersey-server-1.19.jar:/home/user/.m2/repository/commons-logging/commons-logging/1.1.3/commons-logging-1.1.3.jar:/home/user/.m2/repository/log4j/log4j/1.2.17/log4j-1.2.17.jar:/home/user/.m2/repository/commons-beanutils/commons-beanutils/1.9.3/commons-beanutils-1.9.3.jar:/home/user/.m2/repository/org/apache/commons/commons-configuration2/2.1.1/commons-configuration2-2.1.1.jar:/home/user/.m2/repository/org/apache/commons/commons-lang3/3.7/commons-lang3-3.7.jar:/home/user/.m2/repository/org/apache/commons/commons-text/1.4/commons-text-1.4.jar:/home/user/.m2/repository/org/slf4j/slf4j-api/1.7.25/slf4j-api-1.7.25.jar:/home/user/.m2/repository/org/slf4j/slf4j-log4j12/1.7.25/slf4j-log4j12-1.7.25.jar:/home/user/.m2/repository/org/apache/avro/avro/1.7.7/avro-1.7.7.jar:/home/user/.m2/repository/com/thoughtworks/paranamer/paranamer/2.3/paranamer-2.3.jar:/home/user/.m2/repository/org/xerial/snappy/snappy-java/1.0.5/snappy-java-1.0.5.jar:/home/user/.m2/repository/com/google/re2j/re2j/1.1/re2j-1.1.jar:/home/user/.m2/repository/com/google/code/gson/gson/2.2.4/gson-2.2.4.jar:/home/user/.m2/repository/org/apache/hadoop/hadoop-auth/3.2.0/hadoop-auth-3.2.0.jar:/home/user/.m2/repository/com/nimbusds/nimbus-jose-jwt/4.41.1/nimbus-jose-jwt-4.41.1.jar:/home/user/.m2/repository/com/github/stephenc/jcip/jcip-annotations/1.0-1/jcip-annotations-1.0-1.jar:/home/user/.m2/repository/net/minidev/json-smart/2.3/json-smart-2.3.jar:/home/user/.m2/repository/net/minidev/accessors-smart/1.2/accessors-smart-1.2.jar:/home/user/.m2/repository/org/apache/curator/curator-framework/2.12.0/curator-framework-2.12.0.jar:/home/user/.m2/repository/com/jcraft/jsch/0.1.54/jsch-0.1.54.jar:/home/user/.m2/repository/org/apache/curator/curator-client/2.12.0/curator-client-2.12.0.jar:/home/user/.m2/repository/org/apache/curator/curator-recipes/2.12.0/curator-recipes-2.12.0.jar:/home/user/.m2/repository/com/google/code/findbugs/jsr305/3.0.0/jsr305-3.0.0.jar:/home/user/.m2/repository/org/apache/htrace/htrace-core4/4.1.0-incubating/htrace-core4-4.1.0-incubating.jar:/home/user/.m2/repository/org/apache/zookeeper/zookeeper/3.4.13/zookeeper-3.4.13.jar:/home/user/.m2/repository/org/apache/yetus/audience-annotations/0.5.0/audience-annotations-0.5.0.jar:/home/user/.m2/repository/org/apache/kerby/kerb-simplekdc/1.0.1/kerb-simplekdc-1.0.1.jar:/home/user/.m2/repository/org/apache/kerby/kerb-client/1.0.1/kerb-client-1.0.1.jar:/home/user/.m2/repository/org/apache/kerby/kerby-config/1.0.1/kerby-config-1.0.1.jar:/home/user/.m2/repository/org/apache/kerby/kerb-core/1.0.1/kerb-core-1.0.1.jar:/home/user/.m2/repository/org/apache/kerby/kerby-pkix/1.0.1/kerby-pkix-1.0.1.jar:/home/user/.m2/repository/org/apache/kerby/kerby-asn1/1.0.1/kerby-asn1-1.0.1.jar:/home/user/.m2/repository/org/apache/kerby/kerby-util/1.0.1/kerby-util-1.0.1.jar:/home/user/.m2/repository/org/apache/kerby/kerb-common/1.0.1/kerb-common-1.0.1.jar:/home/user/.m2/repository/org/apache/kerby/kerb-crypto/1.0.1/kerb-crypto-1.0.1.jar:/home/user/.m2/repository/org/apache/kerby/kerb-util/1.0.1/kerb-util-1.0.1.jar:/home/user/.m2/repository/org/apache/kerby/token-provider/1.0.1/token-provider-1.0.1.jar:/home/user/.m2/repository/org/apache/kerby/kerb-admin/1.0.1/kerb-admin-1.0.1.jar:/home/user/.m2/repository/org/apache/kerby/kerb-server/1.0.1/kerb-server-1.0.1.jar:/home/user/.m2/repository/org/apache/kerby/kerb-identity/1.0.1/kerb-identity-1.0.1.jar:/home/user/.m2/repository/org/apache/kerby/kerby-xdr/1.0.1/kerby-xdr-1.0.1.jar:/home/user/.m2/repository/com/fasterxml/jackson/core/jackson-databind/2.9.5/jackson-databind-2.9.5.jar:/home/user/.m2/repository/com/fasterxml/jackson/core/jackson-core/2.9.5/jackson-core-2.9.5.jar:/home/user/.m2/repository/org/codehaus/woodstox/stax2-api/3.1.4/stax2-api-3.1.4.jar:/home/user/.m2/repository/com/fasterxml/woodstox/woodstox-core/5.0.3/woodstox-core-5.0.3.jar:/home/user/.m2/repository/dnsjava/dnsjava/2.1.7/dnsjava-2.1.7.jar:/home/user/.m2/repository/org/apache/hadoop/hadoop-hdfs/3.2.0/hadoop-hdfs-3.2.0.jar:/home/user/.m2/repository/org/eclipse/jetty/jetty-util-ajax/9.3.24.v20180605/jetty-util-ajax-9.3.24.v20180605.jar:/home/user/.m2/repository/commons-daemon/commons-daemon/1.0.13/commons-daemon-1.0.13.jar:/home/user/.m2/repository/io/netty/netty/3.10.5.Final/netty-3.10.5.Final.jar:/home/user/.m2/repository/io/netty/netty-all/4.0.52.Final/netty-all-4.0.52.Final.jar:/home/user/.m2/repository/org/fusesource/leveldbjni/leveldbjni-all/1.8/leveldbjni-all-1.8.jar:/home/user/.m2/repository/com/sun/xml/bind/jaxb-core/2.3.0.1/jaxb-core-2.3.0.1.jar:/home/user/.m2/repository/javax/xml/bind/jaxb-api/2.3.0/jaxb-api-2.3.0.jar:/home/user/.m2/repository/javax/activation/activation/1.1.1/activation-1.1.1.jar:/home/user/.m2/repository/io/dropwizard/metrics/metrics-core/3.2.4/metrics-core-3.2.4.jar:/home/user/.m2/repository/org/openjdk/jmh/jmh-core/1.19/jmh-core-1.19.jar:/home/user/.m2/repository/net/sf/jopt-simple/jopt-simple/4.6/jopt-simple-4.6.jar:/home/user/.m2/repository/org/openjdk/jmh/jmh-generator-annprocess/1.19/jmh-generator-annprocess-1.19.jar:/home/user/.m2/repository/com/google/code/findbugs/findbugs/3.0.1/findbugs-3.0.1.jar:/home/user/.m2/repository/net/jcip/jcip-annotations/1.0/jcip-annotations-1.0.jar:/home/user/.m2/repository/com/google/code/findbugs/bcel-findbugs/6.0/bcel-findbugs-6.0.jar:/home/user/.m2/repository/com/google/code/findbugs/jFormatString/2.0.1/jFormatString-2.0.1.jar:/home/user/.m2/repository/dom4j/dom4j/1.6.1/dom4j-1.6.1.jar:/home/user/.m2/repository/xml-apis/xml-apis/1.0.b2/xml-apis-1.0.b2.jar:/home/user/.m2/repository/org/ow2/asm/asm-debug-all/5.0.2/asm-debug-all-5.0.2.jar:/home/user/.m2/repository/org/ow2/asm/asm-commons/5.0.2/asm-commons-5.0.2.jar:/home/user/.m2/repository/org/ow2/asm/asm-tree/5.0.2/asm-tree-5.0.2.jar:/home/user/.m2/repository/org/ow2/asm/asm/5.0.4/asm-5.0.4.jar:/home/user/.m2/repository/commons-lang/commons-lang/2.6/commons-lang-2.6.jar:/home/user/.m2/repository/com/apple/AppleJavaExtensions/1.4/AppleJavaExtensions-1.4.jar:/home/user/.m2/repository/jaxen/jaxen/1.1.6/jaxen-1.1.6.jar:/home/user/.m2/repository/junit/junit/4.11/junit-4.11.jar:/home/user/.m2/repository/org/hamcrest/hamcrest-core/1.3/hamcrest-core-1.3.jar:/home/user/.m2/repository/org/apache/hadoop/hadoop-common/3.2.0/hadoop-common-3.2.0-tests.jar:/workdir/hadoop-ozone/integration-test/target/test-classes:/home/user/.m2/repository/org/apache/hadoop/hadoop-ozone-objectstore-service/0.5.0-SNAPSHOT/hadoop-ozone-objectstore-service-0.5.0-SNAPSHOT.jar:/home/user/.m2/repository/org/apache/hadoop/hadoop-ozone-s3gateway/0.5.0-SNAPSHOT/hadoop-ozone-s3gateway-0.5.0-SNAPSHOT.jar:/home/user/.m2/repository/org/jboss/weld/servlet/weld-servlet/2.4.7.Final/weld-servlet-2.4.7.Final.jar:/home/user/.m2/repository/org/glassfish/jersey/containers/jersey-container-servlet-core/2.27/jersey-container-servlet-core-2.27.jar:/home/user/.m2/repository/org/glassfish/hk2/external/javax.inject/2.5.0-b42/javax.inject-2.5.0-b42.jar:/home/user/.m2/repository/org/glassfish/jersey/core/jersey-common/2.27/jersey-common-2.27.jar:/home/user/.m2/repository/org/glassfish/hk2/osgi-resource-locator/1.0.1/osgi-resource-locator-1.0.1.jar:/home/user/.m2/repository/javax/ws/rs/javax.ws.rs-api/2.1/javax.ws.rs-api-2.1.jar:/home/user/.m2/repository/org/glassfish/jersey/ext/cdi/jersey-cdi1x/2.27/jersey-cdi1x-2.27.jar:/home/user/.m2/repository/org/glassfish/jersey/inject/jersey-hk2/2.27/jersey-hk2-2.27.jar:/home/user/.m2/repository/org/glassfish/hk2/hk2-locator/2.5.0-b42/hk2-locator-2.5.0-b42.jar:/home/user/.m2/repository/org/javassist/javassist/3.22.0-CR2/javassist-3.22.0-CR2.jar:/home/user/.m2/repository/org/glassfish/hk2/hk2-api/2.5.0/hk2-api-2.5.0.jar:/home/user/.m2/repository/org/glassfish/hk2/external/jakarta.inject/2.5.0/jakarta.inject-2.5.0.jar:/home/user/.m2/repository/org/glassfish/hk2/hk2-utils/2.5.0/hk2-utils-2.5.0.jar:/home/user/.m2/repository/jakarta/annotation/jakarta.annotation-api/1.3.4/jakarta.annotation-api-1.3.4.jar:/home/user/.m2/repository/org/glassfish/hk2/external/aopalliance-repackaged/2.5.0/aopalliance-repackaged-2.5.0.jar:/home/user/.m2/repository/com/fasterxml/jackson/dataformat/jackson-dataformat-xml/2.9.0/jackson-dataformat-xml-2.9.0.jar:/home/user/.m2/repository/com/fasterxml/jackson/module/jackson-module-jaxb-annotations/2.9.5/jackson-module-jaxb-annotations-2.9.5.jar:/home/user/.m2/repository/javax/enterprise/cdi-api/1.2/cdi-api-1.2.jar:/home/user/.m2/repository/javax/el/javax.el-api/3.0.0/javax.el-api-3.0.0.jar:/home/user/.m2/repository/javax/interceptor/javax.interceptor-api/1.2/javax.interceptor-api-1.2.jar:/home/user/.m2/repository/javax/inject/javax.inject/1/javax.inject-1.jar:/home/user/.m2/repository/org/apache/hadoop/hadoop-ozone-csi/0.5.0-SNAPSHOT/hadoop-ozone-csi-0.5.0-SNAPSHOT.jar:/home/user/.m2/repository/com/google/protobuf/protobuf-java-util/3.5.1/protobuf-java-util-3.5.1.jar:/home/user/.m2/repository/io/grpc/grpc-netty/1.17.1/grpc-netty-1.17.1.jar:/home/user/.m2/repository/io/grpc/grpc-core/1.17.1/grpc-core-1.17.1.jar:/home/user/.m2/repository/io/grpc/grpc-context/1.17.1/grpc-context-1.17.1.jar:/home/user/.m2/repository/com/google/errorprone/error_prone_annotations/2.2.0/error_prone_annotations-2.2.0.jar:/home/user/.m2/repository/org/codehaus/mojo/animal-sniffer-annotations/1.17/animal-sniffer-annotations-1.17.jar:/home/user/.m2/repository/io/opencensus/opencensus-api/0.17.0/opencensus-api-0.17.0.jar:/home/user/.m2/repository/io/opencensus/opencensus-contrib-grpc-metrics/0.17.0/opencensus-contrib-grpc-metrics-0.17.0.jar:/home/user/.m2/repository/io/netty/netty-codec-http2/4.1.30.Final/netty-codec-http2-4.1.30.Final.jar:/home/user/.m2/repository/io/netty/netty-codec-http/4.1.30.Final/netty-codec-http-4.1.30.Final.jar:/home/user/.m2/repository/io/netty/netty-codec/4.1.30.Final/netty-codec-4.1.30.Final.jar:/home/user/.m2/repository/io/netty/netty-handler/4.1.30.Final/netty-handler-4.1.30.Final.jar:/home/user/.m2/repository/io/netty/netty-handler-proxy/4.1.30.Final/netty-handler-proxy-4.1.30.Final.jar:/home/user/.m2/repository/io/netty/netty-codec-socks/4.1.30.Final/netty-codec-socks-4.1.30.Final.jar:/home/user/.m2/repository/io/netty/netty-transport-native-epoll/4.1.30.Final/netty-transport-native-epoll-4.1.30.Final.jar:/home/user/.m2/repository/io/netty/netty-common/4.1.30.Final/netty-common-4.1.30.Final.jar:/home/user/.m2/repository/io/netty/netty-buffer/4.1.30.Final/netty-buffer-4.1.30.Final.jar:/home/user/.m2/repository/io/netty/netty-transport/4.1.30.Final/netty-transport-4.1.30.Final.jar:/home/user/.m2/repository/io/netty/netty-resolver/4.1.30.Final/netty-resolver-4.1.30.Final.jar:/home/user/.m2/repository/io/netty/netty-transport-native-unix-common/4.1.30.Final/netty-transport-native-unix-common-4.1.30.Final.jar:/home/user/.m2/repository/io/grpc/grpc-protobuf/1.17.1/grpc-protobuf-1.17.1.jar:/home/user/.m2/repository/com/google/api/grpc/proto-google-common-protos/1.0.0/proto-google-common-protos-1.0.0.jar:/home/user/.m2/repository/io/grpc/grpc-protobuf-lite/1.17.1/grpc-protobuf-lite-1.17.1.jar:/home/user/.m2/repository/io/grpc/grpc-stub/1.17.1/grpc-stub-1.17.1.jar:/home/user/.m2/repository/org/apache/hadoop/hadoop-ozone-recon/0.5.0-SNAPSHOT/hadoop-ozone-recon-0.5.0-SNAPSHOT.jar:/home/user/.m2/repository/org/apache/hadoop/hadoop-ozone-reconcodegen/0.5.0-SNAPSHOT/hadoop-ozone-reconcodegen-0.5.0-SNAPSHOT.jar:/home/user/.m2/repository/com/google/inject/extensions/guice-multibindings/4.0/guice-multibindings-4.0.jar:/home/user/.m2/repository/com/google/inject/guice/4.0/guice-4.0.jar:/home/user/.m2/repository/aopalliance/aopalliance/1.0/aopalliance-1.0.jar:/home/user/.m2/repository/com/google/inject/extensions/guice-servlet/4.0/guice-servlet-4.0.jar:/home/user/.m2/repository/org/glassfish/jersey/containers/jersey-container-servlet/2.27/jersey-container-servlet-2.27.jar:/home/user/.m2/repository/org/glassfish/hk2/guice-bridge/2.5.0/guice-bridge-2.5.0.jar:/home/user/.m2/repository/org/glassfish/jersey/core/jersey-server/2.27/jersey-server-2.27.jar:/home/user/.m2/repository/org/glassfish/jersey/core/jersey-client/2.27/jersey-client-2.27.jar:/home/user/.m2/repository/org/glassfish/jersey/media/jersey-media-jaxb/2.27/jersey-media-jaxb-2.27.jar:/home/user/.m2/repository/javax/validation/validation-api/1.1.0.Final/validation-api-1.1.0.Final.jar:/home/user/.m2/repository/org/glassfish/jersey/media/jersey-media-json-jackson/2.27/jersey-media-json-jackson-2.27.jar:/home/user/.m2/repository/org/glassfish/jersey/ext/jersey-entity-filtering/2.27/jersey-entity-filtering-2.27.jar:/home/user/.m2/repository/com/google/inject/extensions/guice-assistedinject/4.0/guice-assistedinject-4.0.jar:/home/user/.m2/repository/org/jooq/jooq/3.11.10/jooq-3.11.10.jar:/home/user/.m2/repository/org/jooq/jooq-meta/3.11.10/jooq-meta-3.11.10.jar:/home/user/.m2/repository/org/jooq/jooq-codegen/3.11.10/jooq-codegen-3.11.10.jar:/home/user/.m2/repository/com/jolbox/bonecp/0.8.0.RELEASE/bonecp-0.8.0.RELEASE.jar:/home/user/.m2/repository/org/springframework/spring-jdbc/5.1.3.RELEASE/spring-jdbc-5.1.3.RELEASE.jar:/home/user/.m2/repository/org/springframework/spring-beans/5.1.3.RELEASE/spring-beans-5.1.3.RELEASE.jar:/home/user/.m2/repository/org/springframework/spring-core/5.1.3.RELEASE/spring-core-5.1.3.RELEASE.jar:/home/user/.m2/repository/org/springframework/spring-jcl/5.1.3.RELEASE/spring-jcl-5.1.3.RELEASE.jar:/home/user/.m2/repository/org/springframework/spring-tx/5.1.3.RELEASE/spring-tx-5.1.3.RELEASE.jar:/home/user/.m2/repository/org/mockito/mockito-core/2.15.0/mockito-core-2.15.0.jar:/home/user/.m2/repository/net/bytebuddy/byte-buddy/1.7.9/byte-buddy-1.7.9.jar:/home/user/.m2/repository/net/bytebuddy/byte-buddy-agent/1.7.9/byte-buddy-agent-1.7.9.jar:/home/user/.m2/repository/org/objenesis/objenesis/1.0/objenesis-1.0.jar:"/>
    <property name="java.vm.vendor" value="IcedTea"/>
    <property name="sun.arch.data.model" value="64"/>
    <property name="test.build.dir" value="/workdir/hadoop-ozone/tools/target/test-dir"/>
    <property name="test.cache.data" value=""/>
    <property name="java.vendor.url" value="https://icedtea.classpath.org"/>
    <property name="user.timezone" value=""/>
    <property name="java.vm.specification.version" value="1.8"/>
    <property name="os.name" value="Linux"/>
    <property name="test.build.data" value="/workdir/hadoop-ozone/tools/target/test-dir"/>
    <property name="user.country" value="US"/>
    <property name="sun.java.launcher" value="SUN_STANDARD"/>
    <property name="sun.boot.library.path" value="/usr/lib/jvm/java-1.8-openjdk/jre/lib/amd64"/>
    <property name="sun.java.command" value="/workdir/hadoop-ozone/tools/target/surefire/surefirebooter2165722162746242923.jar /workdir/hadoop-ozone/tools/target/surefire 2019-09-20T09-23-56_214-jvmRun1 surefire3875728832155506048tmp surefire_1185647101165237249878tmp"/>
    <property name="test" value="!TestMiniChaosOzoneCluster"/>
    <property name="surefire.test.class.path" value="/workdir/hadoop-ozone/tools/target/test-classes:/workdir/hadoop-ozone/tools/target/classes:/home/user/.m2/repository/org/apache/hadoop/hadoop-ozone-ozone-manager/0.5.0-SNAPSHOT/hadoop-ozone-ozone-manager-0.5.0-SNAPSHOT.jar:/home/user/.m2/repository/org/apache/hadoop/hadoop-hdds-docs/0.5.0-SNAPSHOT/hadoop-hdds-docs-0.5.0-SNAPSHOT.jar:/home/user/.m2/repository/org/bouncycastle/bcprov-jdk15on/1.60/bcprov-jdk15on-1.60.jar:/home/user/.m2/repository/org/apache/hadoop/hadoop-ozone-common/0.5.0-SNAPSHOT/hadoop-ozone-common-0.5.0-SNAPSHOT.jar:/home/user/.m2/repository/org/apache/commons/commons-compress/1.4.1/commons-compress-1.4.1.jar:/home/user/.m2/repository/org/tukaani/xz/1.0/xz-1.0.jar:/home/user/.m2/repository/org/apache/hadoop/hadoop-hdfs-client/3.2.0/hadoop-hdfs-client-3.2.0.jar:/home/user/.m2/repository/com/fasterxml/jackson/core/jackson-annotations/2.9.5/jackson-annotations-2.9.5.jar:/home/user/.m2/repository/org/apache/hadoop/hadoop-hdds-common/0.5.0-SNAPSHOT/hadoop-hdds-common-0.5.0-SNAPSHOT.jar:/home/user/.m2/repository/org/apache/hadoop/hadoop-hdds-config/0.5.0-SNAPSHOT/hadoop-hdds-config-0.5.0-SNAPSHOT.jar:/home/user/.m2/repository/javax/annotation/javax.annotation-api/1.2/javax.annotation-api-1.2.jar:/home/user/.m2/repository/org/apache/ratis/ratis-server/0.4.0-2337318-SNAPSHOT/ratis-server-0.4.0-2337318-SNAPSHOT.jar:/home/user/.m2/repository/org/apache/ratis/ratis-thirdparty-misc/0.2.0/ratis-thirdparty-misc-0.2.0.jar:/home/user/.m2/repository/org/apache/ratis/ratis-proto/0.4.0-2337318-SNAPSHOT/ratis-proto-0.4.0-2337318-SNAPSHOT.jar:/home/user/.m2/repository/org/apache/ratis/ratis-common/0.4.0-2337318-SNAPSHOT/ratis-common-0.4.0-2337318-SNAPSHOT.jar:/home/user/.m2/repository/org/apache/ratis/ratis-client/0.4.0-2337318-SNAPSHOT/ratis-client-0.4.0-2337318-SNAPSHOT.jar:/home/user/.m2/repository/org/apache/ratis/ratis-metrics/0.4.0-2337318-SNAPSHOT/ratis-metrics-0.4.0-2337318-SNAPSHOT.jar:/home/user/.m2/repository/org/apache/ratis/ratis-netty/0.4.0-2337318-SNAPSHOT/ratis-netty-0.4.0-2337318-SNAPSHOT.jar:/home/user/.m2/repository/org/apache/ratis/ratis-grpc/0.4.0-2337318-SNAPSHOT/ratis-grpc-0.4.0-2337318-SNAPSHOT.jar:/home/user/.m2/repository/org/rocksdb/rocksdbjni/6.0.1/rocksdbjni-6.0.1.jar:/home/user/.m2/repository/org/apache/logging/log4j/log4j-api/2.11.0/log4j-api-2.11.0.jar:/home/user/.m2/repository/org/apache/logging/log4j/log4j-core/2.11.0/log4j-core-2.11.0.jar:/home/user/.m2/repository/com/lmax/disruptor/3.4.2/disruptor-3.4.2.jar:/home/user/.m2/repository/org/apache/commons/commons-pool2/2.6.0/commons-pool2-2.6.0.jar:/home/user/.m2/repository/org/bouncycastle/bcpkix-jdk15on/1.60/bcpkix-jdk15on-1.60.jar:/home/user/.m2/repository/commons-validator/commons-validator/1.6/commons-validator-1.6.jar:/home/user/.m2/repository/commons-digester/commons-digester/1.8.1/commons-digester-1.8.1.jar:/home/user/.m2/repository/io/jaegertracing/jaeger-client/0.33.1/jaeger-client-0.33.1.jar:/home/user/.m2/repository/io/jaegertracing/jaeger-thrift/0.33.1/jaeger-thrift-0.33.1.jar:/home/user/.m2/repository/org/apache/thrift/libthrift/0.11.0/libthrift-0.11.0.jar:/home/user/.m2/repository/com/squareup/okhttp3/okhttp/3.9.0/okhttp-3.9.0.jar:/home/user/.m2/repository/com/squareup/okio/okio/1.13.0/okio-1.13.0.jar:/home/user/.m2/repository/io/jaegertracing/jaeger-core/0.33.1/jaeger-core-0.33.1.jar:/home/user/.m2/repository/io/jaegertracing/jaeger-tracerresolver/0.33.1/jaeger-tracerresolver-0.33.1.jar:/home/user/.m2/repository/io/opentracing/contrib/opentracing-tracerresolver/0.1.5/opentracing-tracerresolver-0.1.5.jar:/home/user/.m2/repository/io/opentracing/opentracing-util/0.31.0/opentracing-util-0.31.0.jar:/home/user/.m2/repository/io/opentracing/opentracing-api/0.31.0/opentracing-api-0.31.0.jar:/home/user/.m2/repository/io/opentracing/opentracing-noop/0.31.0/opentracing-noop-0.31.0.jar:/home/user/.m2/repository/org/yaml/snakeyaml/1.16/snakeyaml-1.16.jar:/home/user/.m2/repository/org/apache/hadoop/hadoop-hdds-container-service/0.5.0-SNAPSHOT/hadoop-hdds-container-service-0.5.0-SNAPSHOT.jar:/home/user/.m2/repository/org/apache/hadoop/hadoop-hdds-client/0.5.0-SNAPSHOT/hadoop-hdds-client-0.5.0-SNAPSHOT.jar:/home/user/.m2/repository/org/apache/hadoop/hadoop-hdds-tools/0.5.0-SNAPSHOT/hadoop-hdds-tools-0.5.0-SNAPSHOT.jar:/home/user/.m2/repository/org/xerial/sqlite-jdbc/3.25.2/sqlite-jdbc-3.25.2.jar:/home/user/.m2/repository/org/apache/hadoop/hadoop-hdds-server-scm/0.5.0-SNAPSHOT/hadoop-hdds-server-scm-0.5.0-SNAPSHOT.jar:/home/user/.m2/repository/org/hamcrest/hamcrest-all/1.3/hamcrest-all-1.3.jar:/home/user/.m2/repository/info/picocli/picocli/3.9.6/picocli-3.9.6.jar:/home/user/.m2/repository/com/google/protobuf/protobuf-java/2.5.0/protobuf-java-2.5.0.jar:/home/user/.m2/repository/com/google/guava/guava/11.0.2/guava-11.0.2.jar:/home/user/.m2/repository/org/apache/hadoop/hadoop-ozone-client/0.5.0-SNAPSHOT/hadoop-ozone-client-0.5.0-SNAPSHOT.jar:/workdir/hadoop-ozone/ozonefs/target/classes:/home/user/.m2/repository/org/apache/hadoop/hadoop-hdds-server-framework/0.5.0-SNAPSHOT/hadoop-hdds-server-framework-0.5.0-SNAPSHOT.jar:/home/user/.m2/repository/org/apache/hadoop/hadoop-common/3.2.0/hadoop-common-3.2.0.jar:/home/user/.m2/repository/org/apache/hadoop/hadoop-annotations/3.2.0/hadoop-annotations-3.2.0.jar:/usr/lib/jvm/java-1.8-openjdk/jre/../lib/tools.jar:/home/user/.m2/repository/commons-cli/commons-cli/1.2/commons-cli-1.2.jar:/home/user/.m2/repository/org/apache/commons/commons-math3/3.1.1/commons-math3-3.1.1.jar:/home/user/.m2/repository/org/apache/httpcomponents/httpclient/4.5.2/httpclient-4.5.2.jar:/home/user/.m2/repository/org/apache/httpcomponents/httpcore/4.4.4/httpcore-4.4.4.jar:/home/user/.m2/repository/commons-codec/commons-codec/1.11/commons-codec-1.11.jar:/home/user/.m2/repository/commons-io/commons-io/2.5/commons-io-2.5.jar:/home/user/.m2/repository/commons-net/commons-net/3.6/commons-net-3.6.jar:/home/user/.m2/repository/commons-collections/commons-collections/3.2.2/commons-collections-3.2.2.jar:/home/user/.m2/repository/javax/servlet/javax.servlet-api/3.1.0/javax.servlet-api-3.1.0.jar:/home/user/.m2/repository/org/eclipse/jetty/jetty-server/9.3.24.v20180605/jetty-server-9.3.24.v20180605.jar:/home/user/.m2/repository/org/eclipse/jetty/jetty-http/9.3.24.v20180605/jetty-http-9.3.24.v20180605.jar:/home/user/.m2/repository/org/eclipse/jetty/jetty-io/9.3.24.v20180605/jetty-io-9.3.24.v20180605.jar:/home/user/.m2/repository/org/eclipse/jetty/jetty-util/9.3.24.v20180605/jetty-util-9.3.24.v20180605.jar:/home/user/.m2/repository/org/eclipse/jetty/jetty-servlet/9.3.24.v20180605/jetty-servlet-9.3.24.v20180605.jar:/home/user/.m2/repository/org/eclipse/jetty/jetty-security/9.3.24.v20180605/jetty-security-9.3.24.v20180605.jar:/home/user/.m2/repository/org/eclipse/jetty/jetty-webapp/9.3.24.v20180605/jetty-webapp-9.3.24.v20180605.jar:/home/user/.m2/repository/org/eclipse/jetty/jetty-xml/9.3.24.v20180605/jetty-xml-9.3.24.v20180605.jar:/home/user/.m2/repository/javax/servlet/jsp/jsp-api/2.1/jsp-api-2.1.jar:/home/user/.m2/repository/com/sun/jersey/jersey-core/1.19/jersey-core-1.19.jar:/home/user/.m2/repository/javax/ws/rs/jsr311-api/1.1.1/jsr311-api-1.1.1.jar:/home/user/.m2/repository/com/sun/jersey/jersey-servlet/1.19/jersey-servlet-1.19.jar:/home/user/.m2/repository/com/sun/jersey/jersey-json/1.19/jersey-json-1.19.jar:/home/user/.m2/repository/org/codehaus/jettison/jettison/1.1/jettison-1.1.jar:/home/user/.m2/repository/com/sun/xml/bind/jaxb-impl/2.3.0.1/jaxb-impl-2.3.0.1.jar:/home/user/.m2/repository/org/codehaus/jackson/jackson-core-asl/1.9.13/jackson-core-asl-1.9.13.jar:/home/user/.m2/repository/org/codehaus/jackson/jackson-mapper-asl/1.9.13/jackson-mapper-asl-1.9.13.jar:/home/user/.m2/repository/org/codehaus/jackson/jackson-jaxrs/1.9.13/jackson-jaxrs-1.9.13.jar:/home/user/.m2/repository/org/codehaus/jackson/jackson-xc/1.9.13/jackson-xc-1.9.13.jar:/home/user/.m2/repository/com/sun/jersey/jersey-server/1.19/jersey-server-1.19.jar:/home/user/.m2/repository/commons-logging/commons-logging/1.1.3/commons-logging-1.1.3.jar:/home/user/.m2/repository/log4j/log4j/1.2.17/log4j-1.2.17.jar:/home/user/.m2/repository/commons-beanutils/commons-beanutils/1.9.3/commons-beanutils-1.9.3.jar:/home/user/.m2/repository/org/apache/commons/commons-configuration2/2.1.1/commons-configuration2-2.1.1.jar:/home/user/.m2/repository/org/apache/commons/commons-lang3/3.7/commons-lang3-3.7.jar:/home/user/.m2/repository/org/apache/commons/commons-text/1.4/commons-text-1.4.jar:/home/user/.m2/repository/org/slf4j/slf4j-api/1.7.25/slf4j-api-1.7.25.jar:/home/user/.m2/repository/org/slf4j/slf4j-log4j12/1.7.25/slf4j-log4j12-1.7.25.jar:/home/user/.m2/repository/org/apache/avro/avro/1.7.7/avro-1.7.7.jar:/home/user/.m2/repository/com/thoughtworks/paranamer/paranamer/2.3/paranamer-2.3.jar:/home/user/.m2/repository/org/xerial/snappy/snappy-java/1.0.5/snappy-java-1.0.5.jar:/home/user/.m2/repository/com/google/re2j/re2j/1.1/re2j-1.1.jar:/home/user/.m2/repository/com/google/code/gson/gson/2.2.4/gson-2.2.4.jar:/home/user/.m2/repository/org/apache/hadoop/hadoop-auth/3.2.0/hadoop-auth-3.2.0.jar:/home/user/.m2/repository/com/nimbusds/nimbus-jose-jwt/4.41.1/nimbus-jose-jwt-4.41.1.jar:/home/user/.m2/repository/com/github/stephenc/jcip/jcip-annotations/1.0-1/jcip-annotations-1.0-1.jar:/home/user/.m2/repository/net/minidev/json-smart/2.3/json-smart-2.3.jar:/home/user/.m2/repository/net/minidev/accessors-smart/1.2/accessors-smart-1.2.jar:/home/user/.m2/repository/org/apache/curator/curator-framework/2.12.0/curator-framework-2.12.0.jar:/home/user/.m2/repository/com/jcraft/jsch/0.1.54/jsch-0.1.54.jar:/home/user/.m2/repository/org/apache/curator/curator-client/2.12.0/curator-client-2.12.0.jar:/home/user/.m2/repository/org/apache/curator/curator-recipes/2.12.0/curator-recipes-2.12.0.jar:/home/user/.m2/repository/com/google/code/findbugs/jsr305/3.0.0/jsr305-3.0.0.jar:/home/user/.m2/repository/org/apache/htrace/htrace-core4/4.1.0-incubating/htrace-core4-4.1.0-incubating.jar:/home/user/.m2/repository/org/apache/zookeeper/zookeeper/3.4.13/zookeeper-3.4.13.jar:/home/user/.m2/repository/org/apache/yetus/audience-annotations/0.5.0/audience-annotations-0.5.0.jar:/home/user/.m2/repository/org/apache/kerby/kerb-simplekdc/1.0.1/kerb-simplekdc-1.0.1.jar:/home/user/.m2/repository/org/apache/kerby/kerb-client/1.0.1/kerb-client-1.0.1.jar:/home/user/.m2/repository/org/apache/kerby/kerby-config/1.0.1/kerby-config-1.0.1.jar:/home/user/.m2/repository/org/apache/kerby/kerb-core/1.0.1/kerb-core-1.0.1.jar:/home/user/.m2/repository/org/apache/kerby/kerby-pkix/1.0.1/kerby-pkix-1.0.1.jar:/home/user/.m2/repository/org/apache/kerby/kerby-asn1/1.0.1/kerby-asn1-1.0.1.jar:/home/user/.m2/repository/org/apache/kerby/kerby-util/1.0.1/kerby-util-1.0.1.jar:/home/user/.m2/repository/org/apache/kerby/kerb-common/1.0.1/kerb-common-1.0.1.jar:/home/user/.m2/repository/org/apache/kerby/kerb-crypto/1.0.1/kerb-crypto-1.0.1.jar:/home/user/.m2/repository/org/apache/kerby/kerb-util/1.0.1/kerb-util-1.0.1.jar:/home/user/.m2/repository/org/apache/kerby/token-provider/1.0.1/token-provider-1.0.1.jar:/home/user/.m2/repository/org/apache/kerby/kerb-admin/1.0.1/kerb-admin-1.0.1.jar:/home/user/.m2/repository/org/apache/kerby/kerb-server/1.0.1/kerb-server-1.0.1.jar:/home/user/.m2/repository/org/apache/kerby/kerb-identity/1.0.1/kerb-identity-1.0.1.jar:/home/user/.m2/repository/org/apache/kerby/kerby-xdr/1.0.1/kerby-xdr-1.0.1.jar:/home/user/.m2/repository/com/fasterxml/jackson/core/jackson-databind/2.9.5/jackson-databind-2.9.5.jar:/home/user/.m2/repository/com/fasterxml/jackson/core/jackson-core/2.9.5/jackson-core-2.9.5.jar:/home/user/.m2/repository/org/codehaus/woodstox/stax2-api/3.1.4/stax2-api-3.1.4.jar:/home/user/.m2/repository/com/fasterxml/woodstox/woodstox-core/5.0.3/woodstox-core-5.0.3.jar:/home/user/.m2/repository/dnsjava/dnsjava/2.1.7/dnsjava-2.1.7.jar:/home/user/.m2/repository/org/apache/hadoop/hadoop-hdfs/3.2.0/hadoop-hdfs-3.2.0.jar:/home/user/.m2/repository/org/eclipse/jetty/jetty-util-ajax/9.3.24.v20180605/jetty-util-ajax-9.3.24.v20180605.jar:/home/user/.m2/repository/commons-daemon/commons-daemon/1.0.13/commons-daemon-1.0.13.jar:/home/user/.m2/repository/io/netty/netty/3.10.5.Final/netty-3.10.5.Final.jar:/home/user/.m2/repository/io/netty/netty-all/4.0.52.Final/netty-all-4.0.52.Final.jar:/home/user/.m2/repository/org/fusesource/leveldbjni/leveldbjni-all/1.8/leveldbjni-all-1.8.jar:/home/user/.m2/repository/com/sun/xml/bind/jaxb-core/2.3.0.1/jaxb-core-2.3.0.1.jar:/home/user/.m2/repository/javax/xml/bind/jaxb-api/2.3.0/jaxb-api-2.3.0.jar:/home/user/.m2/repository/javax/activation/activation/1.1.1/activation-1.1.1.jar:/home/user/.m2/repository/io/dropwizard/metrics/metrics-core/3.2.4/metrics-core-3.2.4.jar:/home/user/.m2/repository/org/openjdk/jmh/jmh-core/1.19/jmh-core-1.19.jar:/home/user/.m2/repository/net/sf/jopt-simple/jopt-simple/4.6/jopt-simple-4.6.jar:/home/user/.m2/repository/org/openjdk/jmh/jmh-generator-annprocess/1.19/jmh-generator-annprocess-1.19.jar:/home/user/.m2/repository/com/google/code/findbugs/findbugs/3.0.1/findbugs-3.0.1.jar:/home/user/.m2/repository/net/jcip/jcip-annotations/1.0/jcip-annotations-1.0.jar:/home/user/.m2/repository/com/google/code/findbugs/bcel-findbugs/6.0/bcel-findbugs-6.0.jar:/home/user/.m2/repository/com/google/code/findbugs/jFormatString/2.0.1/jFormatString-2.0.1.jar:/home/user/.m2/repository/dom4j/dom4j/1.6.1/dom4j-1.6.1.jar:/home/user/.m2/repository/xml-apis/xml-apis/1.0.b2/xml-apis-1.0.b2.jar:/home/user/.m2/repository/org/ow2/asm/asm-debug-all/5.0.2/asm-debug-all-5.0.2.jar:/home/user/.m2/repository/org/ow2/asm/asm-commons/5.0.2/asm-commons-5.0.2.jar:/home/user/.m2/repository/org/ow2/asm/asm-tree/5.0.2/asm-tree-5.0.2.jar:/home/user/.m2/repository/org/ow2/asm/asm/5.0.4/asm-5.0.4.jar:/home/user/.m2/repository/commons-lang/commons-lang/2.6/commons-lang-2.6.jar:/home/user/.m2/repository/com/apple/AppleJavaExtensions/1.4/AppleJavaExtensions-1.4.jar:/home/user/.m2/repository/jaxen/jaxen/1.1.6/jaxen-1.1.6.jar:/home/user/.m2/repository/junit/junit/4.11/junit-4.11.jar:/home/user/.m2/repository/org/hamcrest/hamcrest-core/1.3/hamcrest-core-1.3.jar:/home/user/.m2/repository/org/apache/hadoop/hadoop-common/3.2.0/hadoop-common-3.2.0-tests.jar:/workdir/hadoop-ozone/integration-test/target/test-classes:/home/user/.m2/repository/org/apache/hadoop/hadoop-ozone-objectstore-service/0.5.0-SNAPSHOT/hadoop-ozone-objectstore-service-0.5.0-SNAPSHOT.jar:/home/user/.m2/repository/org/apache/hadoop/hadoop-ozone-s3gateway/0.5.0-SNAPSHOT/hadoop-ozone-s3gateway-0.5.0-SNAPSHOT.jar:/home/user/.m2/repository/org/jboss/weld/servlet/weld-servlet/2.4.7.Final/weld-servlet-2.4.7.Final.jar:/home/user/.m2/repository/org/glassfish/jersey/containers/jersey-container-servlet-core/2.27/jersey-container-servlet-core-2.27.jar:/home/user/.m2/repository/org/glassfish/hk2/external/javax.inject/2.5.0-b42/javax.inject-2.5.0-b42.jar:/home/user/.m2/repository/org/glassfish/jersey/core/jersey-common/2.27/jersey-common-2.27.jar:/home/user/.m2/repository/org/glassfish/hk2/osgi-resource-locator/1.0.1/osgi-resource-locator-1.0.1.jar:/home/user/.m2/repository/javax/ws/rs/javax.ws.rs-api/2.1/javax.ws.rs-api-2.1.jar:/home/user/.m2/repository/org/glassfish/jersey/ext/cdi/jersey-cdi1x/2.27/jersey-cdi1x-2.27.jar:/home/user/.m2/repository/org/glassfish/jersey/inject/jersey-hk2/2.27/jersey-hk2-2.27.jar:/home/user/.m2/repository/org/glassfish/hk2/hk2-locator/2.5.0-b42/hk2-locator-2.5.0-b42.jar:/home/user/.m2/repository/org/javassist/javassist/3.22.0-CR2/javassist-3.22.0-CR2.jar:/home/user/.m2/repository/org/glassfish/hk2/hk2-api/2.5.0/hk2-api-2.5.0.jar:/home/user/.m2/repository/org/glassfish/hk2/external/jakarta.inject/2.5.0/jakarta.inject-2.5.0.jar:/home/user/.m2/repository/org/glassfish/hk2/hk2-utils/2.5.0/hk2-utils-2.5.0.jar:/home/user/.m2/repository/jakarta/annotation/jakarta.annotation-api/1.3.4/jakarta.annotation-api-1.3.4.jar:/home/user/.m2/repository/org/glassfish/hk2/external/aopalliance-repackaged/2.5.0/aopalliance-repackaged-2.5.0.jar:/home/user/.m2/repository/com/fasterxml/jackson/dataformat/jackson-dataformat-xml/2.9.0/jackson-dataformat-xml-2.9.0.jar:/home/user/.m2/repository/com/fasterxml/jackson/module/jackson-module-jaxb-annotations/2.9.5/jackson-module-jaxb-annotations-2.9.5.jar:/home/user/.m2/repository/javax/enterprise/cdi-api/1.2/cdi-api-1.2.jar:/home/user/.m2/repository/javax/el/javax.el-api/3.0.0/javax.el-api-3.0.0.jar:/home/user/.m2/repository/javax/interceptor/javax.interceptor-api/1.2/javax.interceptor-api-1.2.jar:/home/user/.m2/repository/javax/inject/javax.inject/1/javax.inject-1.jar:/home/user/.m2/repository/org/apache/hadoop/hadoop-ozone-csi/0.5.0-SNAPSHOT/hadoop-ozone-csi-0.5.0-SNAPSHOT.jar:/home/user/.m2/repository/com/google/protobuf/protobuf-java-util/3.5.1/protobuf-java-util-3.5.1.jar:/home/user/.m2/repository/io/grpc/grpc-netty/1.17.1/grpc-netty-1.17.1.jar:/home/user/.m2/repository/io/grpc/grpc-core/1.17.1/grpc-core-1.17.1.jar:/home/user/.m2/repository/io/grpc/grpc-context/1.17.1/grpc-context-1.17.1.jar:/home/user/.m2/repository/com/google/errorprone/error_prone_annotations/2.2.0/error_prone_annotations-2.2.0.jar:/home/user/.m2/repository/org/codehaus/mojo/animal-sniffer-annotations/1.17/animal-sniffer-annotations-1.17.jar:/home/user/.m2/repository/io/opencensus/opencensus-api/0.17.0/opencensus-api-0.17.0.jar:/home/user/.m2/repository/io/opencensus/opencensus-contrib-grpc-metrics/0.17.0/opencensus-contrib-grpc-metrics-0.17.0.jar:/home/user/.m2/repository/io/netty/netty-codec-http2/4.1.30.Final/netty-codec-http2-4.1.30.Final.jar:/home/user/.m2/repository/io/netty/netty-codec-http/4.1.30.Final/netty-codec-http-4.1.30.Final.jar:/home/user/.m2/repository/io/netty/netty-codec/4.1.30.Final/netty-codec-4.1.30.Final.jar:/home/user/.m2/repository/io/netty/netty-handler/4.1.30.Final/netty-handler-4.1.30.Final.jar:/home/user/.m2/repository/io/netty/netty-handler-proxy/4.1.30.Final/netty-handler-proxy-4.1.30.Final.jar:/home/user/.m2/repository/io/netty/netty-codec-socks/4.1.30.Final/netty-codec-socks-4.1.30.Final.jar:/home/user/.m2/repository/io/netty/netty-transport-native-epoll/4.1.30.Final/netty-transport-native-epoll-4.1.30.Final.jar:/home/user/.m2/repository/io/netty/netty-common/4.1.30.Final/netty-common-4.1.30.Final.jar:/home/user/.m2/repository/io/netty/netty-buffer/4.1.30.Final/netty-buffer-4.1.30.Final.jar:/home/user/.m2/repository/io/netty/netty-transport/4.1.30.Final/netty-transport-4.1.30.Final.jar:/home/user/.m2/repository/io/netty/netty-resolver/4.1.30.Final/netty-resolver-4.1.30.Final.jar:/home/user/.m2/repository/io/netty/netty-transport-native-unix-common/4.1.30.Final/netty-transport-native-unix-common-4.1.30.Final.jar:/home/user/.m2/repository/io/grpc/grpc-protobuf/1.17.1/grpc-protobuf-1.17.1.jar:/home/user/.m2/repository/com/google/api/grpc/proto-google-common-protos/1.0.0/proto-google-common-protos-1.0.0.jar:/home/user/.m2/repository/io/grpc/grpc-protobuf-lite/1.17.1/grpc-protobuf-lite-1.17.1.jar:/home/user/.m2/repository/io/grpc/grpc-stub/1.17.1/grpc-stub-1.17.1.jar:/home/user/.m2/repository/org/apache/hadoop/hadoop-ozone-recon/0.5.0-SNAPSHOT/hadoop-ozone-recon-0.5.0-SNAPSHOT.jar:/home/user/.m2/repository/org/apache/hadoop/hadoop-ozone-reconcodegen/0.5.0-SNAPSHOT/hadoop-ozone-reconcodegen-0.5.0-SNAPSHOT.jar:/home/user/.m2/repository/com/google/inject/extensions/guice-multibindings/4.0/guice-multibindings-4.0.jar:/home/user/.m2/repository/com/google/inject/guice/4.0/guice-4.0.jar:/home/user/.m2/repository/aopalliance/aopalliance/1.0/aopalliance-1.0.jar:/home/user/.m2/repository/com/google/inject/extensions/guice-servlet/4.0/guice-servlet-4.0.jar:/home/user/.m2/repository/org/glassfish/jersey/containers/jersey-container-servlet/2.27/jersey-container-servlet-2.27.jar:/home/user/.m2/repository/org/glassfish/hk2/guice-bridge/2.5.0/guice-bridge-2.5.0.jar:/home/user/.m2/repository/org/glassfish/jersey/core/jersey-server/2.27/jersey-server-2.27.jar:/home/user/.m2/repository/org/glassfish/jersey/core/jersey-client/2.27/jersey-client-2.27.jar:/home/user/.m2/repository/org/glassfish/jersey/media/jersey-media-jaxb/2.27/jersey-media-jaxb-2.27.jar:/home/user/.m2/repository/javax/validation/validation-api/1.1.0.Final/validation-api-1.1.0.Final.jar:/home/user/.m2/repository/org/glassfish/jersey/media/jersey-media-json-jackson/2.27/jersey-media-json-jackson-2.27.jar:/home/user/.m2/repository/org/glassfish/jersey/ext/jersey-entity-filtering/2.27/jersey-entity-filtering-2.27.jar:/home/user/.m2/repository/com/google/inject/extensions/guice-assistedinject/4.0/guice-assistedinject-4.0.jar:/home/user/.m2/repository/org/jooq/jooq/3.11.10/jooq-3.11.10.jar:/home/user/.m2/repository/org/jooq/jooq-meta/3.11.10/jooq-meta-3.11.10.jar:/home/user/.m2/repository/org/jooq/jooq-codegen/3.11.10/jooq-codegen-3.11.10.jar:/home/user/.m2/repository/com/jolbox/bonecp/0.8.0.RELEASE/bonecp-0.8.0.RELEASE.jar:/home/user/.m2/repository/org/springframework/spring-jdbc/5.1.3.RELEASE/spring-jdbc-5.1.3.RELEASE.jar:/home/user/.m2/repository/org/springframework/spring-beans/5.1.3.RELEASE/spring-beans-5.1.3.RELEASE.jar:/home/user/.m2/repository/org/springframework/spring-core/5.1.3.RELEASE/spring-core-5.1.3.RELEASE.jar:/home/user/.m2/repository/org/springframework/spring-jcl/5.1.3.RELEASE/spring-jcl-5.1.3.RELEASE.jar:/home/user/.m2/repository/org/springframework/spring-tx/5.1.3.RELEASE/spring-tx-5.1.3.RELEASE.jar:/home/user/.m2/repository/org/mockito/mockito-core/2.15.0/mockito-core-2.15.0.jar:/home/user/.m2/repository/net/bytebuddy/byte-buddy/1.7.9/byte-buddy-1.7.9.jar:/home/user/.m2/repository/net/bytebuddy/byte-buddy-agent/1.7.9/byte-buddy-agent-1.7.9.jar:/home/user/.m2/repository/org/objenesis/objenesis/1.0/objenesis-1.0.jar:"/>
    <property name="sun.cpu.endian" value="little"/>
    <property name="user.home" value="/home/user"/>
    <property name="user.language" value="en"/>
    <property name="java.specification.vendor" value="Oracle Corporation"/>
    <property name="java.home" value="/usr/lib/jvm/java-1.8-openjdk/jre"/>
    <property name="java.security.krb5.conf" value="/workdir/hadoop-ozone/tools/target/test-classes/krb5.conf"/>
    <property name="basedir" value="/workdir/hadoop-ozone/tools"/>
    <property name="file.separator" value="/"/>
    <property name="line.separator" value="&#10;"/>
    <property name="java.vm.specification.vendor" value="Oracle Corporation"/>
    <property name="java.specification.name" value="Java Platform API Specification"/>
    <property name="java.awt.graphicsenv" value="sun.awt.X11GraphicsEnvironment"/>
    <property name="surefire.real.class.path" value="/workdir/hadoop-ozone/tools/target/surefire/surefirebooter2165722162746242923.jar"/>
    <property name="hadoop.log.dir" value="/workdir/hadoop-ozone/tools/target/log"/>
    <property name="sun.boot.class.path" value="/usr/lib/jvm/java-1.8-openjdk/jre/lib/resources.jar:/usr/lib/jvm/java-1.8-openjdk/jre/lib/rt.jar:/usr/lib/jvm/java-1.8-openjdk/jre/lib/sunrsasign.jar:/usr/lib/jvm/java-1.8-openjdk/jre/lib/jsse.jar:/usr/lib/jvm/java-1.8-openjdk/jre/lib/jce.jar:/usr/lib/jvm/java-1.8-openjdk/jre/lib/charsets.jar:/usr/lib/jvm/java-1.8-openjdk/jre/lib/jfr.jar:/usr/lib/jvm/java-1.8-openjdk/jre/classes"/>
    <property name="sun.management.compiler" value="HotSpot 64-Bit Tiered Compilers"/>
    <property name="java.runtime.version" value="1.8.0_212-b04"/>
    <property name="java.net.preferIPv4Stack" value="true"/>
    <property name="user.name" value="jenkins1000"/>
    <property name="path.separator" value=":"/>
    <property name="java.security.egd" value="file:///dev/urandom"/>
    <property name="os.version" value="3.10.0-957.12.2.el7.x86_64"/>
    <property name="java.endorsed.dirs" value="/usr/lib/jvm/java-1.8-openjdk/jre/lib/endorsed"/>
    <property name="java.runtime.name" value="OpenJDK Runtime Environment"/>
    <property name="file.encoding" value="UTF-8"/>
    <property name="java.vm.name" value="OpenJDK 64-Bit Server VM"/>
    <property name="test.build.webapps" value=""/>
    <property name="localRepository" value="/home/user/.m2/repository"/>
    <property name="java.vendor.url.bug" value="https://icedtea.classpath.org/bugzilla"/>
    <property name="java.io.tmpdir" value="/tmp"/>
    <property name="require.test.libhadoop" value=""/>
    <property name="java.version" value="1.8.0_212"/>
    <property name="user.dir" value="/workdir/hadoop-ozone/tools"/>
    <property name="os.arch" value="amd64"/>
    <property name="java.vm.specification.name" value="Java Virtual Machine Specification"/>
    <property name="test.build.classes" value="/workdir/hadoop-ozone/tools/target/test-classes"/>
    <property name="java.awt.printerjob" value="sun.print.PSPrinterJob"/>
    <property name="sun.os.patch.level" value="unknown"/>
    <property name="hadoop.tmp.dir" value="/workdir/hadoop-ozone/tools/target/tmp"/>
    <property name="java.library.path" value="/usr/lib/jvm/java-1.8-openjdk/jre/lib/amd64/server:/usr/lib/jvm/java-1.8-openjdk/jre/lib/amd64:/usr/lib/jvm/java-1.8-openjdk/jre/../lib/amd64:/workdir/hadoop-ozone/tools/target/native/target/usr/local/lib:/workdir/hadoop-ozone/tools/../../hadoop-common-project/hadoop-common/target/native/target/usr/local/lib:/usr/java/packages/lib/amd64:/usr/lib64:/lib64:/lib:/usr/lib"/>
    <property name="java.vm.info" value="mixed mode"/>
    <property name="java.vendor" value="IcedTea"/>
    <property name="java.vm.version" value="25.212-b04"/>
    <property name="java.ext.dirs" value="/usr/lib/jvm/java-1.8-openjdk/jre/lib/ext:/usr/java/packages/lib/ext"/>
    <property name="sun.io.unicode.encoding" value="UnicodeLittle"/>
    <property name="java.class.version" value="52.0"/>
  </properties>
  <testcase name="ratisTestLargeKey" classname="org.apache.hadoop.ozone.freon.TestDataValidateWithSafeByteOperations" time="10.483">
    <error message="Allocated 0 blocks. Requested 5 blocks" type="INTERNAL_ERROR org.apache.hadoop.ozone.om.exceptions.OMException">INTERNAL_ERROR org.apache.hadoop.ozone.om.exceptions.OMException: Allocated 0 blocks. Requested 5 blocks
	at org.apache.hadoop.ozone.om.protocolPB.OzoneManagerProtocolClientSideTranslatorPB.handleError(OzoneManagerProtocolClientSideTranslatorPB.java:725)
	at org.apache.hadoop.ozone.om.protocolPB.OzoneManagerProtocolClientSideTranslatorPB.openKey(OzoneManagerProtocolClientSideTranslatorPB.java:716)
	at org.apache.hadoop.ozone.client.rpc.RpcClient.createKey(RpcClient.java:615)
	at org.apache.hadoop.ozone.client.OzoneBucket.createKey(OzoneBucket.java:323)
	at org.apache.hadoop.ozone.freon.RandomKeyGenerator.createKey(RandomKeyGenerator.java:686)
	at org.apache.hadoop.ozone.freon.RandomKeyGenerator.access$1100(RandomKeyGenerator.java:87)
	at org.apache.hadoop.ozone.freon.RandomKeyGenerator$ObjectCreator.run(RandomKeyGenerator.java:606)
	at java.util.concurrent.Executors$RunnableAdapter.call(Executors.java:511)
	at java.util.concurrent.FutureTask.run(FutureTask.java:266)
	at java.util.concurrent.ThreadPoolExecutor.runWorker(ThreadPoolExecutor.java:1149)
	at java.util.concurrent.ThreadPoolExecutor$Worker.run(ThreadPoolExecutor.java:624)
	at java.lang.Thread.run(Thread.java:748)
</error>
    <system-out><![CDATA[2019-09-20 14:29:56,389 [main] WARN  server.ServerUtils (ServerUtils.java:getScmDbDir(145)) - ozone.scm.db.dirs is not configured. We recommend adding this setting. Falling back to ozone.metadata.dirs instead.
2019-09-20 14:29:56,506 [main] WARN  server.ServerUtils (ServerUtils.java:getScmDbDir(145)) - ozone.scm.db.dirs is not configured. We recommend adding this setting. Falling back to ozone.metadata.dirs instead.
2019-09-20 14:29:56,509 [main] WARN  server.ServerUtils (ServerUtils.java:getScmDbDir(145)) - ozone.scm.db.dirs is not configured. We recommend adding this setting. Falling back to ozone.metadata.dirs instead.
2019-09-20 14:29:56,526 [main] INFO  util.log (Log.java:initialized(192)) - Logging initialized @914ms
2019-09-20 14:29:56,629 [main] INFO  db.DBStoreBuilder (DBStoreBuilder.java:addTable(110)) - using custom profile for table: deletedBlocks
2019-09-20 14:29:56,629 [main] INFO  db.DBStoreBuilder (DBStoreBuilder.java:processTables(161)) - Using default column profile:DBProfile.DISK for Table:deletedBlocks
2019-09-20 14:29:56,630 [main] INFO  db.DBStoreBuilder (DBStoreBuilder.java:addTable(110)) - using custom profile for table: validCerts
2019-09-20 14:29:56,630 [main] INFO  db.DBStoreBuilder (DBStoreBuilder.java:processTables(161)) - Using default column profile:DBProfile.DISK for Table:validCerts
2019-09-20 14:29:56,630 [main] INFO  db.DBStoreBuilder (DBStoreBuilder.java:addTable(110)) - using custom profile for table: revokedCerts
2019-09-20 14:29:56,630 [main] INFO  db.DBStoreBuilder (DBStoreBuilder.java:processTables(161)) - Using default column profile:DBProfile.DISK for Table:revokedCerts
2019-09-20 14:29:56,642 [main] INFO  db.DBStoreBuilder (DBStoreBuilder.java:addTable(110)) - using custom profile for table: default
2019-09-20 14:29:56,643 [main] INFO  db.DBStoreBuilder (DBStoreBuilder.java:processTables(167)) - Using default column profile:DBProfile.DISK for Table:default
2019-09-20 14:29:56,644 [main] INFO  db.DBStoreBuilder (DBStoreBuilder.java:getDbProfile(198)) - Using default options. DBProfile.DISK
2019-09-20 14:29:56,969 [main] INFO  net.NodeSchemaLoader (NodeSchemaLoader.java:loadSchemaFromFile(125)) - Loading file from sun.misc.CompoundEnumeration@3835c46
2019-09-20 14:29:56,972 [main] INFO  net.NodeSchemaLoader (NodeSchemaLoader.java:loadSchema(171)) - Loading network topology layer schema file
2019-09-20 14:29:57,064 [main] WARN  server.ServerUtils (ServerUtils.java:sanitizeUserArgs(70)) - ozone.scm.stale.node.interval value = 300000 is larger than max = 100000 based on the key value of ozone.scm.heartbeat.thread.interval, reset to the max value 100000.
2019-09-20 14:29:57,067 [main] WARN  server.ServerUtils (ServerUtils.java:sanitizeUserArgs(70)) - ozone.scm.stale.node.interval value = 300000 is larger than max = 100000 based on the key value of ozone.scm.heartbeat.thread.interval, reset to the max value 100000.
2019-09-20 14:29:57,069 [main] INFO  node.SCMNodeManager (SCMNodeManager.java:<init>(121)) - Entering startup safe mode.
2019-09-20 14:29:57,142 [main] INFO  algorithms.ContainerPlacementPolicyFactory (ContainerPlacementPolicyFactory.java:getPolicy(56)) - Create container placement policy of type org.apache.hadoop.hdds.scm.container.placement.algorithms.SCMContainerPlacementRandom
2019-09-20 14:29:57,158 [main] WARN  server.ServerUtils (ServerUtils.java:getScmDbDir(145)) - ozone.scm.db.dirs is not configured. We recommend adding this setting. Falling back to ozone.metadata.dirs instead.
2019-09-20 14:29:57,249 [main] INFO  pipeline.SCMPipelineManager (SCMPipelineManager.java:initializePipelineState(126)) - No pipeline exists in current db
2019-09-20 14:29:57,252 [main] WARN  server.ServerUtils (ServerUtils.java:getScmDbDir(145)) - ozone.scm.db.dirs is not configured. We recommend adding this setting. Falling back to ozone.metadata.dirs instead.
2019-09-20 14:29:57,406 [main] WARN  events.EventQueue (EventQueue.java:fireEvent(175)) - No event handler registered for event TypedEvent{payloadType=SafeModeStatus, name='SafeModeStatus'}
2019-09-20 14:29:57,929 [main] INFO  ipc.CallQueueManager (CallQueueManager.java:<init>(84)) - Using callQueue: class java.util.concurrent.LinkedBlockingQueue, queueCapacity: 2000, scheduler: class org.apache.hadoop.ipc.DefaultRpcScheduler, ipcBackoff: false.
2019-09-20 14:29:58,277 [Socket Reader #1 for port 40051] INFO  ipc.Server (Server.java:run(1074)) - Starting Socket Reader #1 for port 40051
2019-09-20 14:29:58,312 [main] INFO  ipc.CallQueueManager (CallQueueManager.java:<init>(84)) - Using callQueue: class java.util.concurrent.LinkedBlockingQueue, queueCapacity: 2000, scheduler: class org.apache.hadoop.ipc.DefaultRpcScheduler, ipcBackoff: false.
2019-09-20 14:29:58,313 [Socket Reader #1 for port 37648] INFO  ipc.Server (Server.java:run(1074)) - Starting Socket Reader #1 for port 37648
2019-09-20 14:29:58,323 [main] INFO  ipc.CallQueueManager (CallQueueManager.java:<init>(84)) - Using callQueue: class java.util.concurrent.LinkedBlockingQueue, queueCapacity: 2000, scheduler: class org.apache.hadoop.ipc.DefaultRpcScheduler, ipcBackoff: false.
2019-09-20 14:29:58,324 [Socket Reader #1 for port 46466] INFO  ipc.Server (Server.java:run(1074)) - Starting Socket Reader #1 for port 46466
2019-09-20 14:29:58,351 [main] INFO  hdfs.DFSUtil (DFSUtil.java:httpServerTemplateForNNAndJN(1641)) - Starting Web-server for scm at: http://0.0.0.0:0
2019-09-20 14:29:58,485 [main] INFO  server.AuthenticationFilter (AuthenticationFilter.java:constructSecretProvider(240)) - Unable to initialize FileSignerSecretProvider, falling back to use random secrets.
2019-09-20 14:29:58,502 [main] WARN  http.HttpRequestLog (HttpRequestLog.java:getRequestLog(97)) - Jetty request log can only be enabled using Log4j
2019-09-20 14:29:58,513 [main] INFO  http.HttpServer2 (HttpServer2.java:addGlobalFilter(975)) - Added global filter 'safety' (class=org.apache.hadoop.http.HttpServer2$QuotingInputFilter)
2019-09-20 14:29:58,516 [main] INFO  http.HttpServer2 (HttpServer2.java:addFilter(948)) - Added filter static_user_filter (class=org.apache.hadoop.http.lib.StaticUserWebFilter$StaticUserFilter) to context scm
2019-09-20 14:29:58,516 [main] INFO  http.HttpServer2 (HttpServer2.java:addFilter(958)) - Added filter static_user_filter (class=org.apache.hadoop.http.lib.StaticUserWebFilter$StaticUserFilter) to context logs
2019-09-20 14:29:58,516 [main] INFO  http.HttpServer2 (HttpServer2.java:addFilter(958)) - Added filter static_user_filter (class=org.apache.hadoop.http.lib.StaticUserWebFilter$StaticUserFilter) to context static
2019-09-20 14:29:58,543 [main] INFO  server.StorageContainerManager (StorageContainerManager.java:start(759)) - StorageContainerLocationProtocol RPC server is listening at /0.0.0.0:46466
2019-09-20 14:29:58,597 [main] WARN  impl.MetricsConfig (MetricsConfig.java:loadFirst(134)) - Cannot locate configuration: tried hadoop-metrics2-storagecontainermanager.properties,hadoop-metrics2.properties
2019-09-20 14:29:58,610 [main] INFO  impl.MetricsSystemImpl (MetricsSystemImpl.java:startTimer(374)) - Scheduled Metric snapshot period at 10 second(s).
2019-09-20 14:29:58,610 [main] INFO  impl.MetricsSystemImpl (MetricsSystemImpl.java:start(191)) - StorageContainerManager metrics system started
2019-09-20 14:29:58,831 [main] INFO  server.SCMClientProtocolServer (SCMClientProtocolServer.java:start(151)) - RPC server for Client  is listening at /0.0.0.0:46466
2019-09-20 14:29:58,832 [IPC Server Responder] INFO  ipc.Server (Server.java:run(1314)) - IPC Server Responder: starting
2019-09-20 14:29:58,832 [IPC Server listener on 46466] INFO  ipc.Server (Server.java:run(1153)) - IPC Server listener on 46466: starting
2019-09-20 14:29:58,835 [main] INFO  server.StorageContainerManager (StorageContainerManager.java:start(769)) - ScmBlockLocationProtocol RPC server is listening at /0.0.0.0:37648
2019-09-20 14:29:58,835 [main] INFO  server.SCMBlockProtocolServer (SCMBlockProtocolServer.java:start(140)) - RPC server for Block Protocol is listening at /0.0.0.0:37648
2019-09-20 14:29:58,836 [IPC Server Responder] INFO  ipc.Server (Server.java:run(1314)) - IPC Server Responder: starting
2019-09-20 14:29:58,836 [IPC Server listener on 37648] INFO  ipc.Server (Server.java:run(1153)) - IPC Server listener on 37648: starting
2019-09-20 14:29:58,838 [main] INFO  server.StorageContainerManager (StorageContainerManager.java:start(773)) - ScmDatanodeProtocl RPC server is listening at /0.0.0.0:40051
2019-09-20 14:29:58,838 [main] INFO  server.SCMDatanodeProtocolServer (SCMDatanodeProtocolServer.java:start(191)) - RPC server for DataNodes is listening at /0.0.0.0:40051
2019-09-20 14:29:58,839 [IPC Server Responder] INFO  ipc.Server (Server.java:run(1314)) - IPC Server Responder: starting
2019-09-20 14:29:58,839 [IPC Server listener on 40051] INFO  ipc.Server (Server.java:run(1153)) - IPC Server listener on 40051: starting
2019-09-20 14:29:58,843 [main] INFO  http.HttpServer2 (HttpServer2.java:bindListener(1191)) - Jetty bound to port 45026
2019-09-20 14:29:58,844 [main] INFO  server.Server (Server.java:doStart(351)) - jetty-9.3.24.v20180605, build timestamp: 2018-06-05T17:11:56Z, git hash: 84205aa28f11a4f31f2a3b86d1bba2cc8ab69827
2019-09-20 14:29:58,882 [main] INFO  handler.ContextHandler (ContextHandler.java:doStart(781)) - Started o.e.j.s.ServletContextHandler@4e70a728{/logs,file:///workdir/hadoop-ozone/tools/target/log,AVAILABLE}
2019-09-20 14:29:58,882 [main] INFO  handler.ContextHandler (ContextHandler.java:doStart(781)) - Started o.e.j.s.ServletContextHandler@1c3146bc{/static,jar:file:/home/user/.m2/repository/org/apache/hadoop/hadoop-hdds-server-scm/0.5.0-SNAPSHOT/hadoop-hdds-server-scm-0.5.0-SNAPSHOT.jar!/webapps/static,AVAILABLE}
2019-09-20 14:29:58,958 [main] INFO  handler.ContextHandler (ContextHandler.java:doStart(781)) - Started o.e.j.w.WebAppContext@72efb5c1{/,file:///tmp/jetty-0.0.0.0-45026-scm-_-any-2015955049335358581.dir/webapp/,AVAILABLE}{/scm}
2019-09-20 14:29:58,964 [main] INFO  server.AbstractConnector (AbstractConnector.java:doStart(278)) - Started ServerConnector@7a0e1b5e{HTTP/1.1,[http/1.1]}{0.0.0.0:45026}
2019-09-20 14:29:58,964 [main] INFO  server.Server (Server.java:doStart(419)) - Started @3352ms
2019-09-20 14:29:58,965 [main] INFO  server.BaseHttpServer (BaseHttpServer.java:updateConnectorAddress(213)) - HTTP server of SCM is listening at http://0.0.0.0:45026
2019-09-20 14:29:58,972 [org.apache.hadoop.util.JvmPauseMonitor$Monitor@15bcf458] INFO  util.JvmPauseMonitor (JvmPauseMonitor.java:run(188)) - Starting JVM pause monitor
2019-09-20 14:29:58,974 [main] WARN  server.ServerUtils (ServerUtils.java:getDBPath(222)) - ozone.om.db.dirs is not configured. We recommend adding this setting. Falling back to ozone.metadata.dirs instead.
2019-09-20 14:29:59,083 [main] WARN  server.ServerUtils (ServerUtils.java:getDBPath(222)) - ozone.om.db.dirs is not configured. We recommend adding this setting. Falling back to ozone.metadata.dirs instead.
2019-09-20 14:29:59,083 [main] WARN  server.ServerUtils (ServerUtils.java:getDBPath(222)) - ozone.om.db.dirs is not configured. We recommend adding this setting. Falling back to ozone.metadata.dirs instead.
2019-09-20 14:29:59,084 [main] INFO  om.OzoneManager (OzoneManager.java:setOMNodeDetails(645)) - OM Service ID is not set. Setting it to the default ID: omServiceIdDefault
2019-09-20 14:29:59,085 [main] INFO  om.OzoneManager (OzoneManager.java:setOMNodeDetails(651)) - OM Node ID is not set. Setting it to the OmStorage's OmID: d74527f2-c088-4e06-b1c1-f4c8b27eca4d
2019-09-20 14:29:59,086 [main] INFO  om.OzoneManager (OzoneManager.java:loadOMHAConfigs(602)) - Found matching OM address with OMServiceId: null, OMNodeId: null, RPC Address: localhost:0 and Ratis port: 9872
2019-09-20 14:29:59,342 | INFO  | SCMAudit | user=jenkins1000 | ip=192.168.36.99 | op=GET_SCM_INFO null | ret=SUCCESS |  
2019-09-20 14:29:59,801 [main] WARN  server.ServerUtils (ServerUtils.java:getDBPath(222)) - ozone.om.db.dirs is not configured. We recommend adding this setting. Falling back to ozone.metadata.dirs instead.
2019-09-20 14:29:59,809 [main] INFO  db.DBStoreBuilder (DBStoreBuilder.java:addTable(110)) - using custom profile for table: userTable
2019-09-20 14:29:59,809 [main] INFO  db.DBStoreBuilder (DBStoreBuilder.java:processTables(161)) - Using default column profile:DBProfile.DISK for Table:userTable
2019-09-20 14:29:59,809 [main] INFO  db.DBStoreBuilder (DBStoreBuilder.java:addTable(110)) - using custom profile for table: volumeTable
2019-09-20 14:29:59,810 [main] INFO  db.DBStoreBuilder (DBStoreBuilder.java:processTables(161)) - Using default column profile:DBProfile.DISK for Table:volumeTable
2019-09-20 14:29:59,810 [main] INFO  db.DBStoreBuilder (DBStoreBuilder.java:addTable(110)) - using custom profile for table: bucketTable
2019-09-20 14:29:59,810 [main] INFO  db.DBStoreBuilder (DBStoreBuilder.java:processTables(161)) - Using default column profile:DBProfile.DISK for Table:bucketTable
2019-09-20 14:29:59,810 [main] INFO  db.DBStoreBuilder (DBStoreBuilder.java:addTable(110)) - using custom profile for table: keyTable
2019-09-20 14:29:59,810 [main] INFO  db.DBStoreBuilder (DBStoreBuilder.java:processTables(161)) - Using default column profile:DBProfile.DISK for Table:keyTable
2019-09-20 14:29:59,811 [main] INFO  db.DBStoreBuilder (DBStoreBuilder.java:addTable(110)) - using custom profile for table: deletedTable
2019-09-20 14:29:59,811 [main] INFO  db.DBStoreBuilder (DBStoreBuilder.java:processTables(161)) - Using default column profile:DBProfile.DISK for Table:deletedTable
2019-09-20 14:29:59,811 [main] INFO  db.DBStoreBuilder (DBStoreBuilder.java:addTable(110)) - using custom profile for table: openKeyTable
2019-09-20 14:29:59,811 [main] INFO  db.DBStoreBuilder (DBStoreBuilder.java:processTables(161)) - Using default column profile:DBProfile.DISK for Table:openKeyTable
2019-09-20 14:29:59,812 [main] INFO  db.DBStoreBuilder (DBStoreBuilder.java:addTable(110)) - using custom profile for table: s3Table
2019-09-20 14:29:59,812 [main] INFO  db.DBStoreBuilder (DBStoreBuilder.java:processTables(161)) - Using default column profile:DBProfile.DISK for Table:s3Table
2019-09-20 14:29:59,812 [main] INFO  db.DBStoreBuilder (DBStoreBuilder.java:addTable(110)) - using custom profile for table: multipartInfoTable
2019-09-20 14:29:59,812 [main] INFO  db.DBStoreBuilder (DBStoreBuilder.java:processTables(161)) - Using default column profile:DBProfile.DISK for Table:multipartInfoTable
2019-09-20 14:29:59,813 [main] INFO  db.DBStoreBuilder (DBStoreBuilder.java:addTable(110)) - using custom profile for table: dTokenTable
2019-09-20 14:29:59,813 [main] INFO  db.DBStoreBuilder (DBStoreBuilder.java:processTables(161)) - Using default column profile:DBProfile.DISK for Table:dTokenTable
2019-09-20 14:29:59,813 [main] INFO  db.DBStoreBuilder (DBStoreBuilder.java:addTable(110)) - using custom profile for table: s3SecretTable
2019-09-20 14:29:59,813 [main] INFO  db.DBStoreBuilder (DBStoreBuilder.java:processTables(161)) - Using default column profile:DBProfile.DISK for Table:s3SecretTable
2019-09-20 14:29:59,814 [main] INFO  db.DBStoreBuilder (DBStoreBuilder.java:addTable(110)) - using custom profile for table: prefixTable
2019-09-20 14:29:59,814 [main] INFO  db.DBStoreBuilder (DBStoreBuilder.java:processTables(161)) - Using default column profile:DBProfile.DISK for Table:prefixTable
2019-09-20 14:29:59,814 [main] INFO  db.DBStoreBuilder (DBStoreBuilder.java:addTable(110)) - using custom profile for table: default
2019-09-20 14:29:59,814 [main] INFO  db.DBStoreBuilder (DBStoreBuilder.java:processTables(167)) - Using default column profile:DBProfile.DISK for Table:default
2019-09-20 14:29:59,814 [main] INFO  db.DBStoreBuilder (DBStoreBuilder.java:getDbProfile(198)) - Using default options. DBProfile.DISK
2019-09-20 14:30:00,861 [main] INFO  ipc.CallQueueManager (CallQueueManager.java:<init>(84)) - Using callQueue: class java.util.concurrent.LinkedBlockingQueue, queueCapacity: 2000, scheduler: class org.apache.hadoop.ipc.DefaultRpcScheduler, ipcBackoff: false.
2019-09-20 14:30:00,862 [Socket Reader #1 for port 42289] INFO  ipc.Server (Server.java:run(1074)) - Starting Socket Reader #1 for port 42289
2019-09-20 14:30:00,883 [main] INFO  om.OzoneManager (OzoneManager.java:start(1256)) - OzoneManager RPC server is listening at localhost/127.0.0.1:42289
2019-09-20 14:30:00,883 [main] INFO  impl.MetricsSystemImpl (MetricsSystemImpl.java:init(158)) - OzoneManager metrics system started (again)
2019-09-20 14:30:00,885 [IPC Server Responder] INFO  ipc.Server (Server.java:run(1314)) - IPC Server Responder: starting
2019-09-20 14:30:00,885 [IPC Server listener on 42289] INFO  ipc.Server (Server.java:run(1153)) - IPC Server listener on 42289: starting
2019-09-20 14:30:00,891 [main] INFO  hdfs.DFSUtil (DFSUtil.java:httpServerTemplateForNNAndJN(1641)) - Starting Web-server for ozoneManager at: http://0.0.0.0:0
2019-09-20 14:30:00,893 [main] INFO  server.AuthenticationFilter (AuthenticationFilter.java:constructSecretProvider(240)) - Unable to initialize FileSignerSecretProvider, falling back to use random secrets.
2019-09-20 14:30:00,894 [main] WARN  http.HttpRequestLog (HttpRequestLog.java:getRequestLog(97)) - Jetty request log can only be enabled using Log4j
2019-09-20 14:30:00,897 [main] INFO  http.HttpServer2 (HttpServer2.java:addGlobalFilter(975)) - Added global filter 'safety' (class=org.apache.hadoop.http.HttpServer2$QuotingInputFilter)
2019-09-20 14:30:00,899 [main] INFO  http.HttpServer2 (HttpServer2.java:addFilter(948)) - Added filter static_user_filter (class=org.apache.hadoop.http.lib.StaticUserWebFilter$StaticUserFilter) to context ozoneManager
2019-09-20 14:30:00,899 [main] INFO  http.HttpServer2 (HttpServer2.java:addFilter(958)) - Added filter static_user_filter (class=org.apache.hadoop.http.lib.StaticUserWebFilter$StaticUserFilter) to context logs
2019-09-20 14:30:00,899 [main] INFO  http.HttpServer2 (HttpServer2.java:addFilter(958)) - Added filter static_user_filter (class=org.apache.hadoop.http.lib.StaticUserWebFilter$StaticUserFilter) to context static
2019-09-20 14:30:00,902 [main] INFO  http.HttpServer2 (HttpServer2.java:bindListener(1191)) - Jetty bound to port 35784
2019-09-20 14:30:00,903 [main] INFO  server.Server (Server.java:doStart(351)) - jetty-9.3.24.v20180605, build timestamp: 2018-06-05T17:11:56Z, git hash: 84205aa28f11a4f31f2a3b86d1bba2cc8ab69827
2019-09-20 14:30:00,906 [main] INFO  handler.ContextHandler (ContextHandler.java:doStart(781)) - Started o.e.j.s.ServletContextHandler@782168b7{/logs,file:///workdir/hadoop-ozone/tools/target/log,AVAILABLE}
2019-09-20 14:30:00,907 [main] INFO  handler.ContextHandler (ContextHandler.java:doStart(781)) - Started o.e.j.s.ServletContextHandler@7435a578{/static,jar:file:/home/user/.m2/repository/org/apache/hadoop/hadoop-ozone-ozone-manager/0.5.0-SNAPSHOT/hadoop-ozone-ozone-manager-0.5.0-SNAPSHOT.jar!/webapps/static,AVAILABLE}
2019-09-20 14:30:01,015 [main] INFO  handler.ContextHandler (ContextHandler.java:doStart(781)) - Started o.e.j.w.WebAppContext@10876a6{/,file:///tmp/jetty-0.0.0.0-35784-ozoneManager-_-any-2730449923068140486.dir/webapp/,AVAILABLE}{/ozoneManager}
2019-09-20 14:30:01,016 [main] INFO  server.AbstractConnector (AbstractConnector.java:doStart(278)) - Started ServerConnector@71870da7{HTTP/1.1,[http/1.1]}{0.0.0.0:35784}
2019-09-20 14:30:01,017 [main] INFO  server.Server (Server.java:doStart(419)) - Started @5404ms
2019-09-20 14:30:01,018 [main] INFO  server.BaseHttpServer (BaseHttpServer.java:updateConnectorAddress(213)) - HTTP server of OZONEMANAGER is listening at http://0.0.0.0:35784
2019-09-20 14:30:01,372 [main] INFO  impl.MetricsSystemImpl (MetricsSystemImpl.java:init(158)) - HddsDatanode metrics system started (again)
2019-09-20 14:30:01,450 [main] INFO  ozone.HddsDatanodeService (HddsDatanodeService.java:start(184)) - HddsDatanodeService host:pr-hdds-1569-p5fx8-1226042367 ip:192.168.36.99
2019-09-20 14:30:01,480 [main] INFO  volume.HddsVolume (HddsVolume.java:<init>(176)) - Creating Volume: /workdir/hadoop-ozone/tools/target/test-dir/MiniOzoneClusterImpl-d73f9dc2-2858-4e9b-b98c-6f8fa2850d63/datanode-0/data/containers/hdds of  storage type : DISK and capacity : 1482555576320
2019-09-20 14:30:01,482 [main] INFO  volume.VolumeSet (VolumeSet.java:initializeVolumeSet(170)) - Added Volume : /workdir/hadoop-ozone/tools/target/test-dir/MiniOzoneClusterImpl-d73f9dc2-2858-4e9b-b98c-6f8fa2850d63/datanode-0/data/containers/hdds to VolumeSet
2019-09-20 14:30:01,484 [main] INFO  volume.ThrottledAsyncChecker (ThrottledAsyncChecker.java:schedule(140)) - Scheduling a check for org.apache.hadoop.ozone.container.common.volume.HddsVolume@ce9b9a9
2019-09-20 14:30:01,501 [main] INFO  volume.HddsVolumeChecker (HddsVolumeChecker.java:checkAllVolumes(203)) - Scheduled health check for volume org.apache.hadoop.ozone.container.common.volume.HddsVolume@ce9b9a9
2019-09-20 14:30:01,652 [main] INFO  impl.RaftServerProxy (ConfUtils.java:logGet(43)) - raft.rpc.type = GRPC (default)
2019-09-20 14:30:01,740 [main] INFO  grpc.GrpcFactory (GrpcFactory.java:checkPooledByteBufAllocatorUseCacheForAllThreads(45)) - PERFORMANCE WARNING: useCacheForAllThreads is true that may cause Netty to create a lot garbage objects and, as a result, trigger GC.
	It is recommended to disable useCacheForAllThreads by setting -Dorg.apache.ratis.thirdparty.io.netty.allocator.useCacheForAllThreads=false in command line.
2019-09-20 14:30:01,745 [main] INFO  grpc.GrpcConfigKeys$Server (ConfUtils.java:logGet(43)) - raft.grpc.server.port = 0 (default)
2019-09-20 14:30:01,746 [main] INFO  server.GrpcService (ConfUtils.java:logGet(43)) - raft.grpc.message.size.max = 33570816 (custom)
2019-09-20 14:30:01,747 [main] INFO  server.RaftServerConfigKeys (ConfUtils.java:logGet(43)) - raft.server.log.appender.buffer.byte-limit = 33554432 (custom)
2019-09-20 14:30:01,748 [main] INFO  server.GrpcService (ConfUtils.java:logGet(43)) - raft.grpc.flow.control.window = 1MB (=1048576) (default)
2019-09-20 14:30:01,749 [main] INFO  server.RaftServerConfigKeys (ConfUtils.java:logGet(43)) - raft.server.rpc.request.timeout = 3000ms (default)
2019-09-20 14:30:01,914 [main] INFO  server.RaftServerConfigKeys (ConfUtils.java:logGet(43)) - raft.server.storage.dir = [/workdir/hadoop-ozone/tools/target/test-dir/MiniOzoneClusterImpl-d73f9dc2-2858-4e9b-b98c-6f8fa2850d63/datanode-0/data/ratis] (custom)
2019-09-20 14:30:01,952 [main] INFO  replication.SimpleContainerDownloader (SimpleContainerDownloader.java:<init>(72)) - Starting container downloader service to copy containers to replicate.
2019-09-20 14:30:01,967 [main] INFO  hdfs.DFSUtil (DFSUtil.java:httpServerTemplateForNNAndJN(1641)) - Starting Web-server for hddsDatanode at: http://0.0.0.0:0
2019-09-20 14:30:01,971 [main] INFO  server.AuthenticationFilter (AuthenticationFilter.java:constructSecretProvider(240)) - Unable to initialize FileSignerSecretProvider, falling back to use random secrets.
2019-09-20 14:30:01,973 [main] WARN  http.HttpRequestLog (HttpRequestLog.java:getRequestLog(97)) - Jetty request log can only be enabled using Log4j
2019-09-20 14:30:01,976 [main] INFO  http.HttpServer2 (HttpServer2.java:addGlobalFilter(975)) - Added global filter 'safety' (class=org.apache.hadoop.http.HttpServer2$QuotingInputFilter)
2019-09-20 14:30:01,976 [main] INFO  http.HttpServer2 (HttpServer2.java:addFilter(948)) - Added filter static_user_filter (class=org.apache.hadoop.http.lib.StaticUserWebFilter$StaticUserFilter) to context hddsDatanode
2019-09-20 14:30:01,977 [main] INFO  http.HttpServer2 (HttpServer2.java:addFilter(958)) - Added filter static_user_filter (class=org.apache.hadoop.http.lib.StaticUserWebFilter$StaticUserFilter) to context logs
2019-09-20 14:30:01,977 [main] INFO  http.HttpServer2 (HttpServer2.java:addFilter(958)) - Added filter static_user_filter (class=org.apache.hadoop.http.lib.StaticUserWebFilter$StaticUserFilter) to context static
2019-09-20 14:30:01,979 [main] INFO  http.HttpServer2 (HttpServer2.java:bindListener(1191)) - Jetty bound to port 45988
2019-09-20 14:30:01,979 [main] INFO  server.Server (Server.java:doStart(351)) - jetty-9.3.24.v20180605, build timestamp: 2018-06-05T17:11:56Z, git hash: 84205aa28f11a4f31f2a3b86d1bba2cc8ab69827
2019-09-20 14:30:01,981 [main] INFO  handler.ContextHandler (ContextHandler.java:doStart(781)) - Started o.e.j.s.ServletContextHandler@75d982d3{/logs,file:///workdir/hadoop-ozone/tools/target/log,AVAILABLE}
2019-09-20 14:30:01,982 [main] INFO  handler.ContextHandler (ContextHandler.java:doStart(781)) - Started o.e.j.s.ServletContextHandler@618ff5c2{/static,jar:file:/home/user/.m2/repository/org/apache/hadoop/hadoop-hdds-container-service/0.5.0-SNAPSHOT/hadoop-hdds-container-service-0.5.0-SNAPSHOT.jar!/webapps/static,AVAILABLE}
2019-09-20 14:30:02,008 [main] INFO  handler.ContextHandler (ContextHandler.java:doStart(781)) - Started o.e.j.w.WebAppContext@74ea46e2{/,file:///tmp/jetty-0.0.0.0-45988-hddsDatanode-_-any-3328886847729848074.dir/webapp/,AVAILABLE}{/hddsDatanode}
2019-09-20 14:30:02,008 [main] INFO  server.AbstractConnector (AbstractConnector.java:doStart(278)) - Started ServerConnector@6f911326{HTTP/1.1,[http/1.1]}{0.0.0.0:45988}
2019-09-20 14:30:02,009 [main] INFO  server.Server (Server.java:doStart(419)) - Started @6397ms
2019-09-20 14:30:02,011 [main] INFO  server.BaseHttpServer (BaseHttpServer.java:updateConnectorAddress(213)) - HTTP server of HDDSDATANODE is listening at http://0.0.0.0:45988
2019-09-20 14:30:03,070 | INFO  | ObjectStoreRestHttpServer | Listening HDDS REST traffic on /0.0.0.0:35511 |  
2019-09-20 14:30:03,072 [main] INFO  ozone.HddsDatanodeService (HddsDatanodeService.java:startPlugins(395)) - Started plug-in org.apache.hadoop.ozone.web.OzoneHddsDatanodeService@644d1b61
2019-09-20 14:30:03,074 [main] INFO  impl.MetricsSystemImpl (MetricsSystemImpl.java:init(158)) - HddsDatanode metrics system started (again)
2019-09-20 14:30:03,078 [main] INFO  ozone.HddsDatanodeService (HddsDatanodeService.java:start(184)) - HddsDatanodeService host:pr-hdds-1569-p5fx8-1226042367 ip:192.168.36.99
2019-09-20 14:30:03,081 [org.apache.hadoop.util.JvmPauseMonitor$Monitor@1cacdf2a] INFO  util.JvmPauseMonitor (JvmPauseMonitor.java:run(188)) - Starting JVM pause monitor
2019-09-20 14:30:03,087 [main] INFO  volume.HddsVolume (HddsVolume.java:<init>(176)) - Creating Volume: /workdir/hadoop-ozone/tools/target/test-dir/MiniOzoneClusterImpl-d73f9dc2-2858-4e9b-b98c-6f8fa2850d63/datanode-1/data/containers/hdds of  storage type : DISK and capacity : 1482555576320
2019-09-20 14:30:03,089 [main] INFO  volume.VolumeSet (VolumeSet.java:initializeVolumeSet(170)) - Added Volume : /workdir/hadoop-ozone/tools/target/test-dir/MiniOzoneClusterImpl-d73f9dc2-2858-4e9b-b98c-6f8fa2850d63/datanode-1/data/containers/hdds to VolumeSet
2019-09-20 14:30:03,089 [main] INFO  volume.ThrottledAsyncChecker (ThrottledAsyncChecker.java:schedule(140)) - Scheduling a check for org.apache.hadoop.ozone.container.common.volume.HddsVolume@79627d27
2019-09-20 14:30:03,090 [main] INFO  volume.HddsVolumeChecker (HddsVolumeChecker.java:checkAllVolumes(203)) - Scheduled health check for volume org.apache.hadoop.ozone.container.common.volume.HddsVolume@79627d27
2019-09-20 14:30:03,113 [main] INFO  impl.RaftServerProxy (ConfUtils.java:logGet(43)) - raft.rpc.type = GRPC (default)
2019-09-20 14:30:03,113 [main] INFO  grpc.GrpcFactory (GrpcFactory.java:checkPooledByteBufAllocatorUseCacheForAllThreads(45)) - PERFORMANCE WARNING: useCacheForAllThreads is true that may cause Netty to create a lot garbage objects and, as a result, trigger GC.
	It is recommended to disable useCacheForAllThreads by setting -Dorg.apache.ratis.thirdparty.io.netty.allocator.useCacheForAllThreads=false in command line.
2019-09-20 14:30:03,113 [main] INFO  grpc.GrpcConfigKeys$Server (ConfUtils.java:logGet(43)) - raft.grpc.server.port = 0 (default)
2019-09-20 14:30:03,113 [main] INFO  server.GrpcService (ConfUtils.java:logGet(43)) - raft.grpc.message.size.max = 33570816 (custom)
2019-09-20 14:30:03,114 [main] INFO  server.RaftServerConfigKeys (ConfUtils.java:logGet(43)) - raft.server.log.appender.buffer.byte-limit = 33554432 (custom)
2019-09-20 14:30:03,114 [main] INFO  server.GrpcService (ConfUtils.java:logGet(43)) - raft.grpc.flow.control.window = 1MB (=1048576) (default)
2019-09-20 14:30:03,114 [main] INFO  server.RaftServerConfigKeys (ConfUtils.java:logGet(43)) - raft.server.rpc.request.timeout = 3000ms (default)
2019-09-20 14:30:03,115 [main] INFO  server.RaftServerConfigKeys (ConfUtils.java:logGet(43)) - raft.server.storage.dir = [/workdir/hadoop-ozone/tools/target/test-dir/MiniOzoneClusterImpl-d73f9dc2-2858-4e9b-b98c-6f8fa2850d63/datanode-1/data/ratis] (custom)
2019-09-20 14:30:03,115 [main] INFO  replication.SimpleContainerDownloader (SimpleContainerDownloader.java:<init>(72)) - Starting container downloader service to copy containers to replicate.
2019-09-20 14:30:03,117 [main] INFO  hdfs.DFSUtil (DFSUtil.java:httpServerTemplateForNNAndJN(1641)) - Starting Web-server for hddsDatanode at: http://0.0.0.0:0
2019-09-20 14:30:03,119 [main] INFO  server.AuthenticationFilter (AuthenticationFilter.java:constructSecretProvider(240)) - Unable to initialize FileSignerSecretProvider, falling back to use random secrets.
2019-09-20 14:30:03,120 [main] WARN  http.HttpRequestLog (HttpRequestLog.java:getRequestLog(97)) - Jetty request log can only be enabled using Log4j
2019-09-20 14:30:03,122 [main] INFO  http.HttpServer2 (HttpServer2.java:addGlobalFilter(975)) - Added global filter 'safety' (class=org.apache.hadoop.http.HttpServer2$QuotingInputFilter)
2019-09-20 14:30:03,123 [main] INFO  http.HttpServer2 (HttpServer2.java:addFilter(948)) - Added filter static_user_filter (class=org.apache.hadoop.http.lib.StaticUserWebFilter$StaticUserFilter) to context hddsDatanode
2019-09-20 14:30:03,123 [main] INFO  http.HttpServer2 (HttpServer2.java:addFilter(958)) - Added filter static_user_filter (class=org.apache.hadoop.http.lib.StaticUserWebFilter$StaticUserFilter) to context logs
2019-09-20 14:30:03,124 [main] INFO  http.HttpServer2 (HttpServer2.java:addFilter(958)) - Added filter static_user_filter (class=org.apache.hadoop.http.lib.StaticUserWebFilter$StaticUserFilter) to context static
2019-09-20 14:30:03,125 [main] INFO  http.HttpServer2 (HttpServer2.java:bindListener(1191)) - Jetty bound to port 34079
2019-09-20 14:30:03,125 [main] INFO  server.Server (Server.java:doStart(351)) - jetty-9.3.24.v20180605, build timestamp: 2018-06-05T17:11:56Z, git hash: 84205aa28f11a4f31f2a3b86d1bba2cc8ab69827
2019-09-20 14:30:03,130 [main] INFO  handler.ContextHandler (ContextHandler.java:doStart(781)) - Started o.e.j.s.ServletContextHandler@608cd501{/logs,file:///workdir/hadoop-ozone/tools/target/log,AVAILABLE}
2019-09-20 14:30:03,130 [main] INFO  handler.ContextHandler (ContextHandler.java:doStart(781)) - Started o.e.j.s.ServletContextHandler@59096b66{/static,jar:file:/home/user/.m2/repository/org/apache/hadoop/hadoop-hdds-container-service/0.5.0-SNAPSHOT/hadoop-hdds-container-service-0.5.0-SNAPSHOT.jar!/webapps/static,AVAILABLE}
2019-09-20 14:30:03,168 [main] INFO  handler.ContextHandler (ContextHandler.java:doStart(781)) - Started o.e.j.w.WebAppContext@6fa02932{/,file:///tmp/jetty-0.0.0.0-34079-hddsDatanode-_-any-4389346862210098868.dir/webapp/,AVAILABLE}{/hddsDatanode}
2019-09-20 14:30:03,169 [main] INFO  server.AbstractConnector (AbstractConnector.java:doStart(278)) - Started ServerConnector@61608e1a{HTTP/1.1,[http/1.1]}{0.0.0.0:34079}
2019-09-20 14:30:03,171 [main] INFO  server.Server (Server.java:doStart(419)) - Started @7558ms
2019-09-20 14:30:03,172 [main] INFO  server.BaseHttpServer (BaseHttpServer.java:updateConnectorAddress(213)) - HTTP server of HDDSDATANODE is listening at http://0.0.0.0:34079
2019-09-20 14:30:03,199 [Datanode State Machine Thread - 0] INFO  datanode.InitDatanodeState (InitDatanodeState.java:persistContainerDatanodeDetails(140)) - DatanodeDetails is persisted to /workdir/hadoop-ozone/tools/target/test-dir/MiniOzoneClusterImpl-d73f9dc2-2858-4e9b-b98c-6f8fa2850d63/datanode-0/meta/datanode.id
2019-09-20 14:30:03,333 | INFO  | ObjectStoreRestHttpServer | Listening HDDS REST traffic on /0.0.0.0:41885 |  
2019-09-20 14:30:03,333 [main] INFO  ozone.HddsDatanodeService (HddsDatanodeService.java:startPlugins(395)) - Started plug-in org.apache.hadoop.ozone.web.OzoneHddsDatanodeService@68ea253b
2019-09-20 14:30:03,334 [main] INFO  impl.MetricsSystemImpl (MetricsSystemImpl.java:init(158)) - HddsDatanode metrics system started (again)
2019-09-20 14:30:03,337 [main] INFO  ozone.HddsDatanodeService (HddsDatanodeService.java:start(184)) - HddsDatanodeService host:pr-hdds-1569-p5fx8-1226042367 ip:192.168.36.99
2019-09-20 14:30:03,338 [org.apache.hadoop.util.JvmPauseMonitor$Monitor@51c2aeb3] INFO  util.JvmPauseMonitor (JvmPauseMonitor.java:run(188)) - Starting JVM pause monitor
2019-09-20 14:30:03,346 [main] INFO  volume.HddsVolume (HddsVolume.java:<init>(176)) - Creating Volume: /workdir/hadoop-ozone/tools/target/test-dir/MiniOzoneClusterImpl-d73f9dc2-2858-4e9b-b98c-6f8fa2850d63/datanode-2/data/containers/hdds of  storage type : DISK and capacity : 1482555576320
2019-09-20 14:30:03,346 [main] INFO  volume.VolumeSet (VolumeSet.java:initializeVolumeSet(170)) - Added Volume : /workdir/hadoop-ozone/tools/target/test-dir/MiniOzoneClusterImpl-d73f9dc2-2858-4e9b-b98c-6f8fa2850d63/datanode-2/data/containers/hdds to VolumeSet
2019-09-20 14:30:03,346 [main] INFO  volume.ThrottledAsyncChecker (ThrottledAsyncChecker.java:schedule(140)) - Scheduling a check for org.apache.hadoop.ozone.container.common.volume.HddsVolume@474749b8
2019-09-20 14:30:03,347 [main] INFO  volume.HddsVolumeChecker (HddsVolumeChecker.java:checkAllVolumes(203)) - Scheduled health check for volume org.apache.hadoop.ozone.container.common.volume.HddsVolume@474749b8
2019-09-20 14:30:03,348 [Datanode State Machine Thread - 0] INFO  datanode.InitDatanodeState (InitDatanodeState.java:persistContainerDatanodeDetails(140)) - DatanodeDetails is persisted to /workdir/hadoop-ozone/tools/target/test-dir/MiniOzoneClusterImpl-d73f9dc2-2858-4e9b-b98c-6f8fa2850d63/datanode-1/meta/datanode.id
2019-09-20 14:30:03,367 [main] INFO  impl.RaftServerProxy (ConfUtils.java:logGet(43)) - raft.rpc.type = GRPC (default)
2019-09-20 14:30:03,367 [main] INFO  grpc.GrpcFactory (GrpcFactory.java:checkPooledByteBufAllocatorUseCacheForAllThreads(45)) - PERFORMANCE WARNING: useCacheForAllThreads is true that may cause Netty to create a lot garbage objects and, as a result, trigger GC.
	It is recommended to disable useCacheForAllThreads by setting -Dorg.apache.ratis.thirdparty.io.netty.allocator.useCacheForAllThreads=false in command line.
2019-09-20 14:30:03,367 [main] INFO  grpc.GrpcConfigKeys$Server (ConfUtils.java:logGet(43)) - raft.grpc.server.port = 0 (default)
2019-09-20 14:30:03,367 [main] INFO  server.GrpcService (ConfUtils.java:logGet(43)) - raft.grpc.message.size.max = 33570816 (custom)
2019-09-20 14:30:03,368 [main] INFO  server.RaftServerConfigKeys (ConfUtils.java:logGet(43)) - raft.server.log.appender.buffer.byte-limit = 33554432 (custom)
2019-09-20 14:30:03,368 [main] INFO  server.GrpcService (ConfUtils.java:logGet(43)) - raft.grpc.flow.control.window = 1MB (=1048576) (default)
2019-09-20 14:30:03,368 [main] INFO  server.RaftServerConfigKeys (ConfUtils.java:logGet(43)) - raft.server.rpc.request.timeout = 3000ms (default)
2019-09-20 14:30:03,369 [main] INFO  server.RaftServerConfigKeys (ConfUtils.java:logGet(43)) - raft.server.storage.dir = [/workdir/hadoop-ozone/tools/target/test-dir/MiniOzoneClusterImpl-d73f9dc2-2858-4e9b-b98c-6f8fa2850d63/datanode-2/data/ratis] (custom)
2019-09-20 14:30:03,370 [main] INFO  replication.SimpleContainerDownloader (SimpleContainerDownloader.java:<init>(72)) - Starting container downloader service to copy containers to replicate.
2019-09-20 14:30:03,371 [main] INFO  hdfs.DFSUtil (DFSUtil.java:httpServerTemplateForNNAndJN(1641)) - Starting Web-server for hddsDatanode at: http://0.0.0.0:0
2019-09-20 14:30:03,373 [main] INFO  server.AuthenticationFilter (AuthenticationFilter.java:constructSecretProvider(240)) - Unable to initialize FileSignerSecretProvider, falling back to use random secrets.
2019-09-20 14:30:03,374 [main] WARN  http.HttpRequestLog (HttpRequestLog.java:getRequestLog(97)) - Jetty request log can only be enabled using Log4j
2019-09-20 14:30:03,376 [main] INFO  http.HttpServer2 (HttpServer2.java:addGlobalFilter(975)) - Added global filter 'safety' (class=org.apache.hadoop.http.HttpServer2$QuotingInputFilter)
2019-09-20 14:30:03,377 [main] INFO  http.HttpServer2 (HttpServer2.java:addFilter(948)) - Added filter static_user_filter (class=org.apache.hadoop.http.lib.StaticUserWebFilter$StaticUserFilter) to context hddsDatanode
2019-09-20 14:30:03,378 [main] INFO  http.HttpServer2 (HttpServer2.java:addFilter(958)) - Added filter static_user_filter (class=org.apache.hadoop.http.lib.StaticUserWebFilter$StaticUserFilter) to context logs
2019-09-20 14:30:03,378 [main] INFO  http.HttpServer2 (HttpServer2.java:addFilter(958)) - Added filter static_user_filter (class=org.apache.hadoop.http.lib.StaticUserWebFilter$StaticUserFilter) to context static
2019-09-20 14:30:03,379 [main] INFO  http.HttpServer2 (HttpServer2.java:bindListener(1191)) - Jetty bound to port 42944
2019-09-20 14:30:03,379 [main] INFO  server.Server (Server.java:doStart(351)) - jetty-9.3.24.v20180605, build timestamp: 2018-06-05T17:11:56Z, git hash: 84205aa28f11a4f31f2a3b86d1bba2cc8ab69827
2019-09-20 14:30:03,382 [main] INFO  handler.ContextHandler (ContextHandler.java:doStart(781)) - Started o.e.j.s.ServletContextHandler@5db948c9{/logs,file:///workdir/hadoop-ozone/tools/target/log,AVAILABLE}
2019-09-20 14:30:03,383 [main] INFO  handler.ContextHandler (ContextHandler.java:doStart(781)) - Started o.e.j.s.ServletContextHandler@357c9bd9{/static,jar:file:/home/user/.m2/repository/org/apache/hadoop/hadoop-hdds-container-service/0.5.0-SNAPSHOT/hadoop-hdds-container-service-0.5.0-SNAPSHOT.jar!/webapps/static,AVAILABLE}
2019-09-20 14:30:03,422 [main] INFO  handler.ContextHandler (ContextHandler.java:doStart(781)) - Started o.e.j.w.WebAppContext@3a3b10f4{/,file:///tmp/jetty-0.0.0.0-42944-hddsDatanode-_-any-445719700629630445.dir/webapp/,AVAILABLE}{/hddsDatanode}
2019-09-20 14:30:03,424 [main] INFO  server.AbstractConnector (AbstractConnector.java:doStart(278)) - Started ServerConnector@49580ca8{HTTP/1.1,[http/1.1]}{0.0.0.0:42944}
2019-09-20 14:30:03,424 [main] INFO  server.Server (Server.java:doStart(419)) - Started @7812ms
2019-09-20 14:30:03,425 [main] INFO  server.BaseHttpServer (BaseHttpServer.java:updateConnectorAddress(213)) - HTTP server of HDDSDATANODE is listening at http://0.0.0.0:42944
2019-09-20 14:30:03,615 | INFO  | ObjectStoreRestHttpServer | Listening HDDS REST traffic on /0.0.0.0:43063 |  
2019-09-20 14:30:03,615 [main] INFO  ozone.HddsDatanodeService (HddsDatanodeService.java:startPlugins(395)) - Started plug-in org.apache.hadoop.ozone.web.OzoneHddsDatanodeService@637c840d
2019-09-20 14:30:03,616 [main] INFO  impl.MetricsSystemImpl (MetricsSystemImpl.java:init(158)) - HddsDatanode metrics system started (again)
2019-09-20 14:30:03,620 [org.apache.hadoop.util.JvmPauseMonitor$Monitor@3fb5f26c] INFO  util.JvmPauseMonitor (JvmPauseMonitor.java:run(188)) - Starting JVM pause monitor
2019-09-20 14:30:03,620 [main] INFO  ozone.HddsDatanodeService (HddsDatanodeService.java:start(184)) - HddsDatanodeService host:pr-hdds-1569-p5fx8-1226042367 ip:192.168.36.99
2019-09-20 14:30:03,623 [Datanode State Machine Thread - 0] INFO  datanode.InitDatanodeState (InitDatanodeState.java:persistContainerDatanodeDetails(140)) - DatanodeDetails is persisted to /workdir/hadoop-ozone/tools/target/test-dir/MiniOzoneClusterImpl-d73f9dc2-2858-4e9b-b98c-6f8fa2850d63/datanode-2/meta/datanode.id
2019-09-20 14:30:03,628 [main] INFO  volume.HddsVolume (HddsVolume.java:<init>(176)) - Creating Volume: /workdir/hadoop-ozone/tools/target/test-dir/MiniOzoneClusterImpl-d73f9dc2-2858-4e9b-b98c-6f8fa2850d63/datanode-3/data/containers/hdds of  storage type : DISK and capacity : 1482555576320
2019-09-20 14:30:03,629 [main] INFO  volume.VolumeSet (VolumeSet.java:initializeVolumeSet(170)) - Added Volume : /workdir/hadoop-ozone/tools/target/test-dir/MiniOzoneClusterImpl-d73f9dc2-2858-4e9b-b98c-6f8fa2850d63/datanode-3/data/containers/hdds to VolumeSet
2019-09-20 14:30:03,629 [main] INFO  volume.ThrottledAsyncChecker (ThrottledAsyncChecker.java:schedule(140)) - Scheduling a check for org.apache.hadoop.ozone.container.common.volume.HddsVolume@256bb5be
2019-09-20 14:30:03,630 [main] INFO  volume.HddsVolumeChecker (HddsVolumeChecker.java:checkAllVolumes(203)) - Scheduled health check for volume org.apache.hadoop.ozone.container.common.volume.HddsVolume@256bb5be
2019-09-20 14:30:03,649 [main] INFO  impl.RaftServerProxy (ConfUtils.java:logGet(43)) - raft.rpc.type = GRPC (default)
2019-09-20 14:30:03,649 [main] INFO  grpc.GrpcFactory (GrpcFactory.java:checkPooledByteBufAllocatorUseCacheForAllThreads(45)) - PERFORMANCE WARNING: useCacheForAllThreads is true that may cause Netty to create a lot garbage objects and, as a result, trigger GC.
	It is recommended to disable useCacheForAllThreads by setting -Dorg.apache.ratis.thirdparty.io.netty.allocator.useCacheForAllThreads=false in command line.
2019-09-20 14:30:03,649 [main] INFO  grpc.GrpcConfigKeys$Server (ConfUtils.java:logGet(43)) - raft.grpc.server.port = 0 (default)
2019-09-20 14:30:03,650 [main] INFO  server.GrpcService (ConfUtils.java:logGet(43)) - raft.grpc.message.size.max = 33570816 (custom)
2019-09-20 14:30:03,650 [main] INFO  server.RaftServerConfigKeys (ConfUtils.java:logGet(43)) - raft.server.log.appender.buffer.byte-limit = 33554432 (custom)
2019-09-20 14:30:03,650 [main] INFO  server.GrpcService (ConfUtils.java:logGet(43)) - raft.grpc.flow.control.window = 1MB (=1048576) (default)
2019-09-20 14:30:03,650 [main] INFO  server.RaftServerConfigKeys (ConfUtils.java:logGet(43)) - raft.server.rpc.request.timeout = 3000ms (default)
2019-09-20 14:30:03,651 [main] INFO  server.RaftServerConfigKeys (ConfUtils.java:logGet(43)) - raft.server.storage.dir = [/workdir/hadoop-ozone/tools/target/test-dir/MiniOzoneClusterImpl-d73f9dc2-2858-4e9b-b98c-6f8fa2850d63/datanode-3/data/ratis] (custom)
2019-09-20 14:30:03,652 [main] INFO  replication.SimpleContainerDownloader (SimpleContainerDownloader.java:<init>(72)) - Starting container downloader service to copy containers to replicate.
2019-09-20 14:30:03,653 [main] INFO  hdfs.DFSUtil (DFSUtil.java:httpServerTemplateForNNAndJN(1641)) - Starting Web-server for hddsDatanode at: http://0.0.0.0:0
2019-09-20 14:30:03,655 [main] INFO  server.AuthenticationFilter (AuthenticationFilter.java:constructSecretProvider(240)) - Unable to initialize FileSignerSecretProvider, falling back to use random secrets.
2019-09-20 14:30:03,656 [main] WARN  http.HttpRequestLog (HttpRequestLog.java:getRequestLog(97)) - Jetty request log can only be enabled using Log4j
2019-09-20 14:30:03,658 [main] INFO  http.HttpServer2 (HttpServer2.java:addGlobalFilter(975)) - Added global filter 'safety' (class=org.apache.hadoop.http.HttpServer2$QuotingInputFilter)
2019-09-20 14:30:03,659 [main] INFO  http.HttpServer2 (HttpServer2.java:addFilter(948)) - Added filter static_user_filter (class=org.apache.hadoop.http.lib.StaticUserWebFilter$StaticUserFilter) to context hddsDatanode
2019-09-20 14:30:03,659 [main] INFO  http.HttpServer2 (HttpServer2.java:addFilter(958)) - Added filter static_user_filter (class=org.apache.hadoop.http.lib.StaticUserWebFilter$StaticUserFilter) to context static
2019-09-20 14:30:03,660 [main] INFO  http.HttpServer2 (HttpServer2.java:addFilter(958)) - Added filter static_user_filter (class=org.apache.hadoop.http.lib.StaticUserWebFilter$StaticUserFilter) to context logs
2019-09-20 14:30:03,661 [main] INFO  http.HttpServer2 (HttpServer2.java:bindListener(1191)) - Jetty bound to port 35398
2019-09-20 14:30:03,661 [main] INFO  server.Server (Server.java:doStart(351)) - jetty-9.3.24.v20180605, build timestamp: 2018-06-05T17:11:56Z, git hash: 84205aa28f11a4f31f2a3b86d1bba2cc8ab69827
2019-09-20 14:30:03,665 [main] INFO  handler.ContextHandler (ContextHandler.java:doStart(781)) - Started o.e.j.s.ServletContextHandler@691567ea{/logs,file:///workdir/hadoop-ozone/tools/target/log,AVAILABLE}
2019-09-20 14:30:03,666 [main] INFO  handler.ContextHandler (ContextHandler.java:doStart(781)) - Started o.e.j.s.ServletContextHandler@5c8d58ed{/static,jar:file:/home/user/.m2/repository/org/apache/hadoop/hadoop-hdds-container-service/0.5.0-SNAPSHOT/hadoop-hdds-container-service-0.5.0-SNAPSHOT.jar!/webapps/static,AVAILABLE}
2019-09-20 14:30:03,701 [main] INFO  handler.ContextHandler (ContextHandler.java:doStart(781)) - Started o.e.j.w.WebAppContext@27a9f025{/,file:///tmp/jetty-0.0.0.0-35398-hddsDatanode-_-any-686742078232191353.dir/webapp/,AVAILABLE}{/hddsDatanode}
2019-09-20 14:30:03,703 [main] INFO  server.AbstractConnector (AbstractConnector.java:doStart(278)) - Started ServerConnector@71936a92{HTTP/1.1,[http/1.1]}{0.0.0.0:35398}
2019-09-20 14:30:03,703 [main] INFO  server.Server (Server.java:doStart(419)) - Started @8091ms
2019-09-20 14:30:03,704 [main] INFO  server.BaseHttpServer (BaseHttpServer.java:updateConnectorAddress(213)) - HTTP server of HDDSDATANODE is listening at http://0.0.0.0:35398
2019-09-20 14:30:03,917 | INFO  | ObjectStoreRestHttpServer | Listening HDDS REST traffic on /0.0.0.0:38928 |  
2019-09-20 14:30:03,917 [main] INFO  ozone.HddsDatanodeService (HddsDatanodeService.java:startPlugins(395)) - Started plug-in org.apache.hadoop.ozone.web.OzoneHddsDatanodeService@545d2560
2019-09-20 14:30:03,918 [main] INFO  impl.MetricsSystemImpl (MetricsSystemImpl.java:init(158)) - HddsDatanode metrics system started (again)
2019-09-20 14:30:03,922 [org.apache.hadoop.util.JvmPauseMonitor$Monitor@1385c7c7] INFO  util.JvmPauseMonitor (JvmPauseMonitor.java:run(188)) - Starting JVM pause monitor
2019-09-20 14:30:03,923 [main] INFO  ozone.HddsDatanodeService (HddsDatanodeService.java:start(184)) - HddsDatanodeService host:pr-hdds-1569-p5fx8-1226042367 ip:192.168.36.99
2019-09-20 14:30:03,926 [Datanode State Machine Thread - 0] INFO  datanode.InitDatanodeState (InitDatanodeState.java:persistContainerDatanodeDetails(140)) - DatanodeDetails is persisted to /workdir/hadoop-ozone/tools/target/test-dir/MiniOzoneClusterImpl-d73f9dc2-2858-4e9b-b98c-6f8fa2850d63/datanode-3/meta/datanode.id
2019-09-20 14:30:03,932 [main] INFO  volume.HddsVolume (HddsVolume.java:<init>(176)) - Creating Volume: /workdir/hadoop-ozone/tools/target/test-dir/MiniOzoneClusterImpl-d73f9dc2-2858-4e9b-b98c-6f8fa2850d63/datanode-4/data/containers/hdds of  storage type : DISK and capacity : 1482555576320
2019-09-20 14:30:03,933 [main] INFO  volume.VolumeSet (VolumeSet.java:initializeVolumeSet(170)) - Added Volume : /workdir/hadoop-ozone/tools/target/test-dir/MiniOzoneClusterImpl-d73f9dc2-2858-4e9b-b98c-6f8fa2850d63/datanode-4/data/containers/hdds to VolumeSet
2019-09-20 14:30:03,933 [main] INFO  volume.ThrottledAsyncChecker (ThrottledAsyncChecker.java:schedule(140)) - Scheduling a check for org.apache.hadoop.ozone.container.common.volume.HddsVolume@284990de
2019-09-20 14:30:03,934 [main] INFO  volume.HddsVolumeChecker (HddsVolumeChecker.java:checkAllVolumes(203)) - Scheduled health check for volume org.apache.hadoop.ozone.container.common.volume.HddsVolume@284990de
2019-09-20 14:30:03,959 [main] INFO  impl.RaftServerProxy (ConfUtils.java:logGet(43)) - raft.rpc.type = GRPC (default)
2019-09-20 14:30:03,960 [main] INFO  grpc.GrpcFactory (GrpcFactory.java:checkPooledByteBufAllocatorUseCacheForAllThreads(45)) - PERFORMANCE WARNING: useCacheForAllThreads is true that may cause Netty to create a lot garbage objects and, as a result, trigger GC.
	It is recommended to disable useCacheForAllThreads by setting -Dorg.apache.ratis.thirdparty.io.netty.allocator.useCacheForAllThreads=false in command line.
2019-09-20 14:30:03,960 [main] INFO  grpc.GrpcConfigKeys$Server (ConfUtils.java:logGet(43)) - raft.grpc.server.port = 0 (default)
2019-09-20 14:30:03,961 [main] INFO  server.GrpcService (ConfUtils.java:logGet(43)) - raft.grpc.message.size.max = 33570816 (custom)
2019-09-20 14:30:03,961 [main] INFO  server.RaftServerConfigKeys (ConfUtils.java:logGet(43)) - raft.server.log.appender.buffer.byte-limit = 33554432 (custom)
2019-09-20 14:30:03,961 [main] INFO  server.GrpcService (ConfUtils.java:logGet(43)) - raft.grpc.flow.control.window = 1MB (=1048576) (default)
2019-09-20 14:30:03,962 [main] INFO  server.RaftServerConfigKeys (ConfUtils.java:logGet(43)) - raft.server.rpc.request.timeout = 3000ms (default)
2019-09-20 14:30:03,962 [main] INFO  server.RaftServerConfigKeys (ConfUtils.java:logGet(43)) - raft.server.storage.dir = [/workdir/hadoop-ozone/tools/target/test-dir/MiniOzoneClusterImpl-d73f9dc2-2858-4e9b-b98c-6f8fa2850d63/datanode-4/data/ratis] (custom)
2019-09-20 14:30:03,963 [main] INFO  replication.SimpleContainerDownloader (SimpleContainerDownloader.java:<init>(72)) - Starting container downloader service to copy containers to replicate.
2019-09-20 14:30:03,965 [main] INFO  hdfs.DFSUtil (DFSUtil.java:httpServerTemplateForNNAndJN(1641)) - Starting Web-server for hddsDatanode at: http://0.0.0.0:0
2019-09-20 14:30:03,967 [main] INFO  server.AuthenticationFilter (AuthenticationFilter.java:constructSecretProvider(240)) - Unable to initialize FileSignerSecretProvider, falling back to use random secrets.
2019-09-20 14:30:03,968 [main] WARN  http.HttpRequestLog (HttpRequestLog.java:getRequestLog(97)) - Jetty request log can only be enabled using Log4j
2019-09-20 14:30:03,971 [main] INFO  http.HttpServer2 (HttpServer2.java:addGlobalFilter(975)) - Added global filter 'safety' (class=org.apache.hadoop.http.HttpServer2$QuotingInputFilter)
2019-09-20 14:30:03,972 [main] INFO  http.HttpServer2 (HttpServer2.java:addFilter(948)) - Added filter static_user_filter (class=org.apache.hadoop.http.lib.StaticUserWebFilter$StaticUserFilter) to context hddsDatanode
2019-09-20 14:30:03,972 [main] INFO  http.HttpServer2 (HttpServer2.java:addFilter(958)) - Added filter static_user_filter (class=org.apache.hadoop.http.lib.StaticUserWebFilter$StaticUserFilter) to context static
2019-09-20 14:30:03,973 [main] INFO  http.HttpServer2 (HttpServer2.java:addFilter(958)) - Added filter static_user_filter (class=org.apache.hadoop.http.lib.StaticUserWebFilter$StaticUserFilter) to context logs
2019-09-20 14:30:03,974 [main] INFO  http.HttpServer2 (HttpServer2.java:bindListener(1191)) - Jetty bound to port 37936
2019-09-20 14:30:03,974 [main] INFO  server.Server (Server.java:doStart(351)) - jetty-9.3.24.v20180605, build timestamp: 2018-06-05T17:11:56Z, git hash: 84205aa28f11a4f31f2a3b86d1bba2cc8ab69827
2019-09-20 14:30:03,977 [main] INFO  handler.ContextHandler (ContextHandler.java:doStart(781)) - Started o.e.j.s.ServletContextHandler@723742b2{/logs,file:///workdir/hadoop-ozone/tools/target/log,AVAILABLE}
2019-09-20 14:30:03,978 [main] INFO  handler.ContextHandler (ContextHandler.java:doStart(781)) - Started o.e.j.s.ServletContextHandler@34c76167{/static,jar:file:/home/user/.m2/repository/org/apache/hadoop/hadoop-hdds-container-service/0.5.0-SNAPSHOT/hadoop-hdds-container-service-0.5.0-SNAPSHOT.jar!/webapps/static,AVAILABLE}
2019-09-20 14:30:04,037 [main] INFO  handler.ContextHandler (ContextHandler.java:doStart(781)) - Started o.e.j.w.WebAppContext@4bc9ca97{/,file:///tmp/jetty-0.0.0.0-37936-hddsDatanode-_-any-1616625285305456294.dir/webapp/,AVAILABLE}{/hddsDatanode}
2019-09-20 14:30:04,038 [main] INFO  server.AbstractConnector (AbstractConnector.java:doStart(278)) - Started ServerConnector@3e43f049{HTTP/1.1,[http/1.1]}{0.0.0.0:37936}
2019-09-20 14:30:04,040 [main] INFO  server.Server (Server.java:doStart(419)) - Started @8427ms
2019-09-20 14:30:04,041 [main] INFO  server.BaseHttpServer (BaseHttpServer.java:updateConnectorAddress(213)) - HTTP server of HDDSDATANODE is listening at http://0.0.0.0:37936
2019-09-20 14:30:04,252 | INFO  | ObjectStoreRestHttpServer | Listening HDDS REST traffic on /0.0.0.0:38837 |  
2019-09-20 14:30:04,252 [main] INFO  ozone.HddsDatanodeService (HddsDatanodeService.java:startPlugins(395)) - Started plug-in org.apache.hadoop.ozone.web.OzoneHddsDatanodeService@7db5b890
2019-09-20 14:30:04,255 [main] INFO  ozone.MiniOzoneClusterImpl (MiniOzoneClusterImpl.java:lambda$waitForClusterToBeReady$0(142)) - Waiting for cluster to be ready. Got 0 of 5 DN Heartbeats.
2019-09-20 14:30:04,256 [org.apache.hadoop.util.JvmPauseMonitor$Monitor@244b22a] INFO  util.JvmPauseMonitor (JvmPauseMonitor.java:run(188)) - Starting JVM pause monitor
2019-09-20 14:30:04,259 [Datanode State Machine Thread - 0] INFO  datanode.InitDatanodeState (InitDatanodeState.java:persistContainerDatanodeDetails(140)) - DatanodeDetails is persisted to /workdir/hadoop-ozone/tools/target/test-dir/MiniOzoneClusterImpl-d73f9dc2-2858-4e9b-b98c-6f8fa2850d63/datanode-4/meta/datanode.id
2019-09-20 14:30:05,114 | INFO  | SCMAudit | user=jenkins1000 | ip=192.168.36.99 | op=GET_VERSION null | ret=SUCCESS |  
2019-09-20 14:30:05,146 [Datanode State Machine Thread - 0] INFO  ozoneimpl.OzoneContainer (OzoneContainer.java:start(186)) - Attempting to start container services.
2019-09-20 14:30:05,148 [Datanode State Machine Thread - 0] INFO  ozoneimpl.OzoneContainer (OzoneContainer.java:startContainerScrub(160)) - Background container scrubber has been disabled by hdds.containerscrub.enabled
2019-09-20 14:30:05,149 [Datanode State Machine Thread - 0] INFO  ratis.XceiverServerRatis (XceiverServerRatis.java:start(404)) - Starting XceiverServerRatis 414b61dd-dc64-4170-a4f7-ed46231621a1 at port 0
2019-09-20 14:30:05,170 [Datanode State Machine Thread - 0] INFO  impl.RaftServerProxy (RaftServerProxy.java:lambda$start$3(299)) - 414b61dd-dc64-4170-a4f7-ed46231621a1: start RPC server
2019-09-20 14:30:05,255 [main] INFO  ozone.MiniOzoneClusterImpl (MiniOzoneClusterImpl.java:lambda$waitForClusterToBeReady$0(142)) - Waiting for cluster to be ready. Got 0 of 5 DN Heartbeats.
2019-09-20 14:30:05,299 [Datanode State Machine Thread - 0] INFO  server.GrpcService (GrpcService.java:startImpl(149)) - 414b61dd-dc64-4170-a4f7-ed46231621a1: GrpcService started, listening on 0.0.0.0/0.0.0.0:38147
2019-09-20 14:30:05,300 [Datanode State Machine Thread - 0] INFO  ratis.XceiverServerRatis (XceiverServerRatis.java:start(414)) - XceiverServerRatis 414b61dd-dc64-4170-a4f7-ed46231621a1 is started using port 38147
2019-09-20 14:30:05,302 [Datanode State Machine Thread - 0] INFO  server.XceiverServerGrpc (XceiverServerGrpc.java:start(163)) - XceiverServerGrpc 414b61dd-dc64-4170-a4f7-ed46231621a1 is started using port 32808
2019-09-20 14:30:05,340 | INFO  | SCMAudit | user=jenkins1000 | ip=192.168.36.99 | op=GET_VERSION null | ret=SUCCESS |  
2019-09-20 14:30:05,358 [Datanode State Machine Thread - 0] INFO  ozoneimpl.OzoneContainer (OzoneContainer.java:start(186)) - Attempting to start container services.
2019-09-20 14:30:05,360 [Datanode State Machine Thread - 0] INFO  ozoneimpl.OzoneContainer (OzoneContainer.java:startContainerScrub(160)) - Background container scrubber has been disabled by hdds.containerscrub.enabled
2019-09-20 14:30:05,360 [Datanode State Machine Thread - 0] INFO  ratis.XceiverServerRatis (XceiverServerRatis.java:start(404)) - Starting XceiverServerRatis 01139844-247b-45d0-963c-91509834b20c at port 0
2019-09-20 14:30:05,412 [Datanode State Machine Thread - 0] INFO  impl.RaftServerProxy (RaftServerProxy.java:lambda$start$3(299)) - 01139844-247b-45d0-963c-91509834b20c: start RPC server
2019-09-20 14:30:05,415 [Datanode State Machine Thread - 0] INFO  server.GrpcService (GrpcService.java:startImpl(149)) - 01139844-247b-45d0-963c-91509834b20c: GrpcService started, listening on 0.0.0.0/0.0.0.0:40256
2019-09-20 14:30:05,415 [Datanode State Machine Thread - 0] INFO  ratis.XceiverServerRatis (XceiverServerRatis.java:start(414)) - XceiverServerRatis 01139844-247b-45d0-963c-91509834b20c is started using port 40256
2019-09-20 14:30:05,418 [Datanode State Machine Thread - 0] INFO  server.XceiverServerGrpc (XceiverServerGrpc.java:start(163)) - XceiverServerGrpc 01139844-247b-45d0-963c-91509834b20c is started using port 46431
2019-09-20 14:30:05,623 | INFO  | SCMAudit | user=jenkins1000 | ip=192.168.36.99 | op=GET_VERSION null | ret=SUCCESS |  
2019-09-20 14:30:05,644 [Datanode State Machine Thread - 0] INFO  ozoneimpl.OzoneContainer (OzoneContainer.java:start(186)) - Attempting to start container services.
2019-09-20 14:30:05,646 [Datanode State Machine Thread - 0] INFO  ozoneimpl.OzoneContainer (OzoneContainer.java:startContainerScrub(160)) - Background container scrubber has been disabled by hdds.containerscrub.enabled
2019-09-20 14:30:05,647 [Datanode State Machine Thread - 0] INFO  ratis.XceiverServerRatis (XceiverServerRatis.java:start(404)) - Starting XceiverServerRatis 51c8ff27-873d-4cbb-8820-aa0ac2de17d7 at port 0
2019-09-20 14:30:05,657 [Datanode State Machine Thread - 0] INFO  impl.RaftServerProxy (RaftServerProxy.java:lambda$start$3(299)) - 51c8ff27-873d-4cbb-8820-aa0ac2de17d7: start RPC server
2019-09-20 14:30:05,661 [Datanode State Machine Thread - 0] INFO  server.GrpcService (GrpcService.java:startImpl(149)) - 51c8ff27-873d-4cbb-8820-aa0ac2de17d7: GrpcService started, listening on 0.0.0.0/0.0.0.0:37061
2019-09-20 14:30:05,661 [Datanode State Machine Thread - 0] INFO  ratis.XceiverServerRatis (XceiverServerRatis.java:start(414)) - XceiverServerRatis 51c8ff27-873d-4cbb-8820-aa0ac2de17d7 is started using port 37061
2019-09-20 14:30:05,664 [Datanode State Machine Thread - 0] INFO  server.XceiverServerGrpc (XceiverServerGrpc.java:start(163)) - XceiverServerGrpc 51c8ff27-873d-4cbb-8820-aa0ac2de17d7 is started using port 42747
2019-09-20 14:30:05,926 | INFO  | SCMAudit | user=jenkins1000 | ip=192.168.36.99 | op=GET_VERSION null | ret=SUCCESS |  
2019-09-20 14:30:05,946 [Datanode State Machine Thread - 0] INFO  ozoneimpl.OzoneContainer (OzoneContainer.java:start(186)) - Attempting to start container services.
2019-09-20 14:30:05,949 [Datanode State Machine Thread - 0] INFO  ozoneimpl.OzoneContainer (OzoneContainer.java:startContainerScrub(160)) - Background container scrubber has been disabled by hdds.containerscrub.enabled
2019-09-20 14:30:05,949 [Datanode State Machine Thread - 0] INFO  ratis.XceiverServerRatis (XceiverServerRatis.java:start(404)) - Starting XceiverServerRatis 91f00b63-c6d2-4d34-b168-5848dae554d4 at port 0
2019-09-20 14:30:05,959 [Datanode State Machine Thread - 0] INFO  impl.RaftServerProxy (RaftServerProxy.java:lambda$start$3(299)) - 91f00b63-c6d2-4d34-b168-5848dae554d4: start RPC server
2019-09-20 14:30:05,962 [Datanode State Machine Thread - 0] INFO  server.GrpcService (GrpcService.java:startImpl(149)) - 91f00b63-c6d2-4d34-b168-5848dae554d4: GrpcService started, listening on 0.0.0.0/0.0.0.0:38636
2019-09-20 14:30:05,963 [Datanode State Machine Thread - 0] INFO  ratis.XceiverServerRatis (XceiverServerRatis.java:start(414)) - XceiverServerRatis 91f00b63-c6d2-4d34-b168-5848dae554d4 is started using port 38636
2019-09-20 14:30:05,966 [Datanode State Machine Thread - 0] INFO  server.XceiverServerGrpc (XceiverServerGrpc.java:start(163)) - XceiverServerGrpc 91f00b63-c6d2-4d34-b168-5848dae554d4 is started using port 36874
2019-09-20 14:30:06,256 [main] INFO  ozone.MiniOzoneClusterImpl (MiniOzoneClusterImpl.java:lambda$waitForClusterToBeReady$0(142)) - Waiting for cluster to be ready. Got 0 of 5 DN Heartbeats.
2019-09-20 14:30:06,259 | INFO  | SCMAudit | user=jenkins1000 | ip=192.168.36.99 | op=GET_VERSION null | ret=SUCCESS |  
2019-09-20 14:30:06,282 [Datanode State Machine Thread - 0] INFO  ozoneimpl.OzoneContainer (OzoneContainer.java:start(186)) - Attempting to start container services.
2019-09-20 14:30:06,289 [Datanode State Machine Thread - 0] INFO  ozoneimpl.OzoneContainer (OzoneContainer.java:startContainerScrub(160)) - Background container scrubber has been disabled by hdds.containerscrub.enabled
2019-09-20 14:30:06,290 [Datanode State Machine Thread - 0] INFO  ratis.XceiverServerRatis (XceiverServerRatis.java:start(404)) - Starting XceiverServerRatis 8a1a3fc2-2e5e-451c-bb07-3011db4e4137 at port 0
2019-09-20 14:30:06,299 [Datanode State Machine Thread - 0] INFO  impl.RaftServerProxy (RaftServerProxy.java:lambda$start$3(299)) - 8a1a3fc2-2e5e-451c-bb07-3011db4e4137: start RPC server
2019-09-20 14:30:06,303 [Datanode State Machine Thread - 0] INFO  server.GrpcService (GrpcService.java:startImpl(149)) - 8a1a3fc2-2e5e-451c-bb07-3011db4e4137: GrpcService started, listening on 0.0.0.0/0.0.0.0:43541
2019-09-20 14:30:06,304 [Datanode State Machine Thread - 0] INFO  ratis.XceiverServerRatis (XceiverServerRatis.java:start(414)) - XceiverServerRatis 8a1a3fc2-2e5e-451c-bb07-3011db4e4137 is started using port 43541
2019-09-20 14:30:06,307 [Datanode State Machine Thread - 0] INFO  server.XceiverServerGrpc (XceiverServerGrpc.java:start(163)) - XceiverServerGrpc 8a1a3fc2-2e5e-451c-bb07-3011db4e4137 is started using port 37504
2019-09-20 14:30:07,129 [IPC Server handler 1 on 40051] INFO  net.NetworkTopology (NetworkTopologyImpl.java:add(110)) - Added a new node: /default-rack/414b61dd-dc64-4170-a4f7-ed46231621a1
2019-09-20 14:30:07,130 [IPC Server handler 1 on 40051] INFO  node.SCMNodeManager (SCMNodeManager.java:register(273)) - Registered Data node : 414b61dd-dc64-4170-a4f7-ed46231621a1{ip: 192.168.36.99, host: pr-hdds-1569-p5fx8-1226042367, networkLocation: /default-rack, certSerialId: null}
2019-09-20 14:30:07,136 [EventQueue-NodeRegistrationContainerReportForDataNodeSafeModeRule] INFO  safemode.SCMSafeModeManager (DataNodeSafeModeRule.java:process(71)) - SCM in safe mode. 1 DataNodes registered, 1 required.
2019-09-20 14:30:07,136 [EventQueue-NodeRegistrationContainerReportForDataNodeSafeModeRule] INFO  safemode.SCMSafeModeManager (SCMSafeModeManager.java:validateSafeModeExitRules(177)) - ScmSafeModeManager, all rules are successfully validated
2019-09-20 14:30:07,136 [EventQueue-NodeRegistrationContainerReportForDataNodeSafeModeRule] INFO  safemode.SCMSafeModeManager (SCMSafeModeManager.java:exitSafeMode(193)) - SCM exiting safe mode.
2019-09-20 14:30:07,146 | INFO  | SCMAudit | user=jenkins1000 | ip=192.168.36.99 | op=REGISTER {datanodeDetails=414b61dd-dc64-4170-a4f7-ed46231621a1{ip: 192.168.36.99, host: pr-hdds-1569-p5fx8-1226042367, networkLocation: /default-rack, certSerialId: null}} | ret=SUCCESS |  
2019-09-20 14:30:07,258 [main] INFO  ozone.MiniOzoneClusterImpl (MiniOzoneClusterImpl.java:lambda$waitForClusterToBeReady$0(142)) - Waiting for cluster to be ready. Got 1 of 5 DN Heartbeats.
2019-09-20 14:30:07,345 [IPC Server handler 3 on 40051] INFO  net.NetworkTopology (NetworkTopologyImpl.java:add(110)) - Added a new node: /default-rack/01139844-247b-45d0-963c-91509834b20c
2019-09-20 14:30:07,345 [IPC Server handler 3 on 40051] INFO  node.SCMNodeManager (SCMNodeManager.java:register(273)) - Registered Data node : 01139844-247b-45d0-963c-91509834b20c{ip: 192.168.36.99, host: pr-hdds-1569-p5fx8-1226042367, networkLocation: /default-rack, certSerialId: null}
2019-09-20 14:30:07,346 | INFO  | SCMAudit | user=jenkins1000 | ip=192.168.36.99 | op=REGISTER {datanodeDetails=01139844-247b-45d0-963c-91509834b20c{ip: 192.168.36.99, host: pr-hdds-1569-p5fx8-1226042367, networkLocation: /default-rack, certSerialId: null}} | ret=SUCCESS |  
2019-09-20 14:30:07,623 [IPC Server handler 2 on 40051] INFO  net.NetworkTopology (NetworkTopologyImpl.java:add(110)) - Added a new node: /default-rack/51c8ff27-873d-4cbb-8820-aa0ac2de17d7
2019-09-20 14:30:07,624 [IPC Server handler 2 on 40051] INFO  node.SCMNodeManager (SCMNodeManager.java:register(273)) - Registered Data node : 51c8ff27-873d-4cbb-8820-aa0ac2de17d7{ip: 192.168.36.99, host: pr-hdds-1569-p5fx8-1226042367, networkLocation: /default-rack, certSerialId: null}
2019-09-20 14:30:07,624 | INFO  | SCMAudit | user=jenkins1000 | ip=192.168.36.99 | op=REGISTER {datanodeDetails=51c8ff27-873d-4cbb-8820-aa0ac2de17d7{ip: 192.168.36.99, host: pr-hdds-1569-p5fx8-1226042367, networkLocation: /default-rack, certSerialId: null}} | ret=SUCCESS |  
2019-09-20 14:30:07,686 [grpc-default-executor-0] INFO  impl.RaftServerProxy (RaftServerProxy.java:addNew(89)) - 414b61dd-dc64-4170-a4f7-ed46231621a1: addNew group-BE46FEDD2FF0:[414b61dd-dc64-4170-a4f7-ed46231621a1:192.168.36.99:38147] returns group-BE46FEDD2FF0:java.util.concurrent.CompletableFuture@630716e4[Not completed]
2019-09-20 14:30:07,701 [pool-27-thread-1] INFO  impl.RaftServerImpl (RaftServerImpl.java:<init>(93)) - 414b61dd-dc64-4170-a4f7-ed46231621a1: new RaftServerImpl for group-BE46FEDD2FF0:[414b61dd-dc64-4170-a4f7-ed46231621a1:192.168.36.99:38147] with ContainerStateMachine:uninitialized
2019-09-20 14:30:07,702 [pool-27-thread-1] INFO  server.RaftServerConfigKeys (ConfUtils.java:logGet(43)) - raft.server.rpc.timeout.min = 5s (custom)
2019-09-20 14:30:07,704 [pool-27-thread-1] INFO  server.RaftServerConfigKeys (ConfUtils.java:logGet(43)) - raft.server.rpc.timeout.max = 5200ms (custom)
2019-09-20 14:30:07,704 [pool-27-thread-1] INFO  server.RaftServerConfigKeys (ConfUtils.java:logGet(43)) - raft.server.rpcslowness.timeout = 120s (custom)
2019-09-20 14:30:07,704 [pool-27-thread-1] INFO  server.RaftServerConfigKeys (ConfUtils.java:logGet(43)) - raft.server.sleep.deviation.threshold = 300 (default)
2019-09-20 14:30:07,705 [pool-27-thread-1] INFO  server.RaftServerConfigKeys (ConfUtils.java:logGet(43)) - raft.server.log.appender.install.snapshot.enabled = false (custom)
2019-09-20 14:30:08,108 [IPC Server handler 1 on 40051] INFO  net.NetworkTopology (NetworkTopologyImpl.java:add(110)) - Added a new node: /default-rack/91f00b63-c6d2-4d34-b168-5848dae554d4
2019-09-20 14:30:08,109 [IPC Server handler 1 on 40051] INFO  node.SCMNodeManager (SCMNodeManager.java:register(273)) - Registered Data node : 91f00b63-c6d2-4d34-b168-5848dae554d4{ip: 192.168.36.99, host: pr-hdds-1569-p5fx8-1226042367, networkLocation: /default-rack, certSerialId: null}
2019-09-20 14:30:08,110 | INFO  | SCMAudit | user=jenkins1000 | ip=192.168.36.99 | op=REGISTER {datanodeDetails=91f00b63-c6d2-4d34-b168-5848dae554d4{ip: 192.168.36.99, host: pr-hdds-1569-p5fx8-1226042367, networkLocation: /default-rack, certSerialId: null}} | ret=SUCCESS |  
2019-09-20 14:30:08,118 [pool-27-thread-1] INFO  impl.RaftServerImpl (ServerState.java:<init>(105)) - 414b61dd-dc64-4170-a4f7-ed46231621a1:group-BE46FEDD2FF0 ConfigurationManager, init=-1: [414b61dd-dc64-4170-a4f7-ed46231621a1:192.168.36.99:38147], old=null, confs=<EMPTY_MAP>
2019-09-20 14:30:08,118 [pool-27-thread-1] INFO  server.RaftServerConfigKeys (ConfUtils.java:logGet(43)) - raft.server.storage.dir = [/workdir/hadoop-ozone/tools/target/test-dir/MiniOzoneClusterImpl-d73f9dc2-2858-4e9b-b98c-6f8fa2850d63/datanode-0/data/ratis] (custom)
2019-09-20 14:30:08,131 [pool-27-thread-1] INFO  storage.RaftStorageDirectory (RaftStorageDirectory.java:analyzeStorage(246)) - The storage directory /workdir/hadoop-ozone/tools/target/test-dir/MiniOzoneClusterImpl-d73f9dc2-2858-4e9b-b98c-6f8fa2850d63/datanode-0/data/ratis/82c4b9e7-ec89-40fc-b2f7-be46fedd2ff0 does not exist. Creating ...
2019-09-20 14:30:08,154 [pool-27-thread-1] INFO  storage.RaftStorageDirectory (RaftStorageDirectory.java:tryLock(328)) - Lock on /workdir/hadoop-ozone/tools/target/test-dir/MiniOzoneClusterImpl-d73f9dc2-2858-4e9b-b98c-6f8fa2850d63/datanode-0/data/ratis/82c4b9e7-ec89-40fc-b2f7-be46fedd2ff0/in_use.lock acquired by nodename 30414@pr-hdds-1569-p5fx8-1226042367
2019-09-20 14:30:08,177 [pool-27-thread-1] INFO  storage.RaftStorage (RaftStorage.java:format(72)) - Storage directory /workdir/hadoop-ozone/tools/target/test-dir/MiniOzoneClusterImpl-d73f9dc2-2858-4e9b-b98c-6f8fa2850d63/datanode-0/data/ratis/82c4b9e7-ec89-40fc-b2f7-be46fedd2ff0 has been successfully formatted.
2019-09-20 14:30:08,180 [pool-27-thread-1] INFO  ratis.ContainerStateMachine (ContainerStateMachine.java:loadSnapshot(226)) - group-BE46FEDD2FF0: The snapshot info is null. Setting the last applied indexto:(t:0, i:~)
2019-09-20 14:30:08,181 [pool-27-thread-1] INFO  server.RaftServerConfigKeys (ConfUtils.java:logGet(43)) - raft.server.leader.election.timeout = 120s (custom)
2019-09-20 14:30:08,183 [pool-27-thread-1] INFO  server.RaftServerConfigKeys (ConfUtils.java:logGet(43)) - raft.server.log.use.memory = false (default)
2019-09-20 14:30:08,190 [pool-27-thread-1] INFO  server.RaftServerConfigKeys (ConfUtils.java:logGet(43)) - raft.server.log.purge.gap = 1000000 (custom)
2019-09-20 14:30:08,190 [pool-27-thread-1] INFO  server.RaftServerConfigKeys (ConfUtils.java:logGet(43)) - raft.server.log.appender.buffer.byte-limit = 33554432 (custom)
2019-09-20 14:30:08,192 [pool-27-thread-1] INFO  server.RaftServerConfigKeys (ConfUtils.java:logGet(43)) - raft.server.log.segment.size.max = 1048576 (custom)
2019-09-20 14:30:08,197 [pool-27-thread-1] INFO  server.RaftServerConfigKeys (ConfUtils.java:logGet(43)) - raft.server.log.segment.cache.num.max = 2 (custom)
2019-09-20 14:30:08,203 [pool-27-thread-1] INFO  segmented.SegmentedRaftLogWorker (SegmentedRaftLogWorker.java:<init>(172)) - new 414b61dd-dc64-4170-a4f7-ed46231621a1-SegmentedRaftLogWorker:Storage Directory /workdir/hadoop-ozone/tools/target/test-dir/MiniOzoneClusterImpl-d73f9dc2-2858-4e9b-b98c-6f8fa2850d63/datanode-0/data/ratis/82c4b9e7-ec89-40fc-b2f7-be46fedd2ff0 for RaftStorage:Storage Directory /workdir/hadoop-ozone/tools/target/test-dir/MiniOzoneClusterImpl-d73f9dc2-2858-4e9b-b98c-6f8fa2850d63/datanode-0/data/ratis/82c4b9e7-ec89-40fc-b2f7-be46fedd2ff0
2019-09-20 14:30:08,217 [pool-27-thread-1] INFO  server.RaftServerConfigKeys (ConfUtils.java:logGet(43)) - raft.server.log.queue.byte-limit = 2147483647 (custom)
2019-09-20 14:30:08,218 [pool-27-thread-1] INFO  server.RaftServerConfigKeys (ConfUtils.java:logGet(43)) - raft.server.log.queue.element-limit = 1024 (custom)
2019-09-20 14:30:08,223 [pool-27-thread-1] INFO  server.RaftServerConfigKeys (ConfUtils.java:logGet(43)) - raft.server.log.segment.size.max = 1048576 (custom)
2019-09-20 14:30:08,223 [pool-27-thread-1] INFO  server.RaftServerConfigKeys (ConfUtils.java:logGet(43)) - raft.server.log.preallocated.size = 16384 (custom)
2019-09-20 14:30:08,224 [pool-27-thread-1] INFO  server.RaftServerConfigKeys (ConfUtils.java:logGet(43)) - raft.server.log.write.buffer.size = 33554432 (custom)
2019-09-20 14:30:08,224 [pool-27-thread-1] INFO  server.RaftServerConfigKeys (ConfUtils.java:logGet(43)) - raft.server.log.force.sync.num = 128 (default)
2019-09-20 14:30:08,225 [pool-27-thread-1] INFO  server.RaftServerConfigKeys (ConfUtils.java:logGet(43)) - raft.server.log.statemachine.data.sync = true (default)
2019-09-20 14:30:08,226 [pool-27-thread-1] INFO  server.RaftServerConfigKeys (ConfUtils.java:logGet(43)) - raft.server.log.statemachine.data.sync.timeout = 10s (default)
2019-09-20 14:30:08,226 [pool-27-thread-1] INFO  server.RaftServerConfigKeys (ConfUtils.java:logGet(43)) - raft.server.log.statemachine.data.sync.timeout.retry = -1 (default)
2019-09-20 14:30:08,236 [pool-27-thread-1] INFO  server.RaftServerConfigKeys (ConfUtils.java:logGet(43)) - raft.server.log.statemachine.data.caching.enabled = true (custom)
2019-09-20 14:30:08,241 [pool-27-thread-1] INFO  segmented.SegmentedRaftLogWorker (SegmentedRaftLogWorker.java:lambda$new$0(132)) - 414b61dd-dc64-4170-a4f7-ed46231621a1-SegmentedRaftLogWorker:Storage Directory /workdir/hadoop-ozone/tools/target/test-dir/MiniOzoneClusterImpl-d73f9dc2-2858-4e9b-b98c-6f8fa2850d63/datanode-0/data/ratis/82c4b9e7-ec89-40fc-b2f7-be46fedd2ff0: flushIndex: setUnconditionally 0 -> -1
2019-09-20 14:30:08,245 [pool-27-thread-1] INFO  server.RaftServerConfigKeys (ConfUtils.java:logGet(43)) - raft.server.snapshot.auto.trigger.enabled = true (custom)
2019-09-20 14:30:08,246 [pool-27-thread-1] INFO  server.RaftServerConfigKeys (ConfUtils.java:logGet(43)) - raft.server.snapshot.auto.trigger.threshold = 10000 (custom)
2019-09-20 14:30:08,246 [pool-27-thread-1] INFO  server.RaftServerConfigKeys (ConfUtils.java:logGet(43)) - raft.server.retrycache.expirytime = 600000ms (custom)
2019-09-20 14:30:08,259 [main] INFO  ozone.MiniOzoneClusterImpl (MiniOzoneClusterImpl.java:lambda$waitForClusterToBeReady$0(142)) - Waiting for cluster to be ready. Got 4 of 5 DN Heartbeats.
2019-09-20 14:30:08,262 [IPC Server handler 3 on 40051] INFO  net.NetworkTopology (NetworkTopologyImpl.java:add(110)) - Added a new node: /default-rack/8a1a3fc2-2e5e-451c-bb07-3011db4e4137
2019-09-20 14:30:08,262 [IPC Server handler 3 on 40051] INFO  node.SCMNodeManager (SCMNodeManager.java:register(273)) - Registered Data node : 8a1a3fc2-2e5e-451c-bb07-3011db4e4137{ip: 192.168.36.99, host: pr-hdds-1569-p5fx8-1226042367, networkLocation: /default-rack, certSerialId: null}
2019-09-20 14:30:08,263 | INFO  | SCMAudit | user=jenkins1000 | ip=192.168.36.99 | op=REGISTER {datanodeDetails=8a1a3fc2-2e5e-451c-bb07-3011db4e4137{ip: 192.168.36.99, host: pr-hdds-1569-p5fx8-1226042367, networkLocation: /default-rack, certSerialId: null}} | ret=SUCCESS |  
2019-09-20 14:30:08,272 [pool-27-thread-1] INFO  impl.RaftServerImpl (RaftServerImpl.java:start(180)) - 414b61dd-dc64-4170-a4f7-ed46231621a1: start group-BE46FEDD2FF0
2019-09-20 14:30:08,274 [pool-27-thread-1] INFO  impl.RaftServerImpl (RaftServerImpl.java:setRole(171)) - 414b61dd-dc64-4170-a4f7-ed46231621a1:group-BE46FEDD2FF0 changes role from null to FOLLOWER at term 0 for startAsFollower
2019-09-20 14:30:08,275 [pool-27-thread-1] INFO  impl.RoleInfo (RoleInfo.java:updateAndGet(143)) - 414b61dd-dc64-4170-a4f7-ed46231621a1: start FollowerState
2019-09-20 14:30:08,277 [pool-27-thread-1] INFO  util.JmxRegister (JmxRegister.java:tryRegister(44)) - Successfully registered JMX Bean with object name Ratis:service=RaftServer,group=group-BE46FEDD2FF0,id=414b61dd-dc64-4170-a4f7-ed46231621a1
2019-09-20 14:30:08,346 [RatisPipelineUtilsThread] INFO  pipeline.PipelineStateManager (PipelineStateManager.java:addPipeline(56)) - Created pipeline Pipeline[ Id: 82c4b9e7-ec89-40fc-b2f7-be46fedd2ff0, Nodes: 414b61dd-dc64-4170-a4f7-ed46231621a1{ip: 192.168.36.99, host: pr-hdds-1569-p5fx8-1226042367, networkLocation: /default-rack, certSerialId: null}, Type:RATIS, Factor:ONE, State:OPEN]
2019-09-20 14:30:08,378 [grpc-default-executor-0] INFO  impl.RaftServerProxy (RaftServerProxy.java:addNew(89)) - 01139844-247b-45d0-963c-91509834b20c: addNew group-FC2F393981CB:[01139844-247b-45d0-963c-91509834b20c:192.168.36.99:40256] returns group-FC2F393981CB:java.util.concurrent.CompletableFuture@41bd8069[Not completed]
2019-09-20 14:30:08,418 [pool-38-thread-1] INFO  impl.RaftServerImpl (RaftServerImpl.java:<init>(93)) - 01139844-247b-45d0-963c-91509834b20c: new RaftServerImpl for group-FC2F393981CB:[01139844-247b-45d0-963c-91509834b20c:192.168.36.99:40256] with ContainerStateMachine:uninitialized
2019-09-20 14:30:08,419 [pool-38-thread-1] INFO  server.RaftServerConfigKeys (ConfUtils.java:logGet(43)) - raft.server.rpc.timeout.min = 5s (custom)
2019-09-20 14:30:08,420 [pool-38-thread-1] INFO  server.RaftServerConfigKeys (ConfUtils.java:logGet(43)) - raft.server.rpc.timeout.max = 5200ms (custom)
2019-09-20 14:30:08,420 [pool-38-thread-1] INFO  server.RaftServerConfigKeys (ConfUtils.java:logGet(43)) - raft.server.rpcslowness.timeout = 120s (custom)
2019-09-20 14:30:08,420 [pool-38-thread-1] INFO  server.RaftServerConfigKeys (ConfUtils.java:logGet(43)) - raft.server.sleep.deviation.threshold = 300 (default)
2019-09-20 14:30:08,420 [pool-38-thread-1] INFO  server.RaftServerConfigKeys (ConfUtils.java:logGet(43)) - raft.server.log.appender.install.snapshot.enabled = false (custom)
2019-09-20 14:30:08,420 [pool-38-thread-1] INFO  impl.RaftServerImpl (ServerState.java:<init>(105)) - 01139844-247b-45d0-963c-91509834b20c:group-FC2F393981CB ConfigurationManager, init=-1: [01139844-247b-45d0-963c-91509834b20c:192.168.36.99:40256], old=null, confs=<EMPTY_MAP>
2019-09-20 14:30:08,420 [pool-38-thread-1] INFO  server.RaftServerConfigKeys (ConfUtils.java:logGet(43)) - raft.server.storage.dir = [/workdir/hadoop-ozone/tools/target/test-dir/MiniOzoneClusterImpl-d73f9dc2-2858-4e9b-b98c-6f8fa2850d63/datanode-1/data/ratis] (custom)
2019-09-20 14:30:08,421 [pool-38-thread-1] INFO  storage.RaftStorageDirectory (RaftStorageDirectory.java:analyzeStorage(246)) - The storage directory /workdir/hadoop-ozone/tools/target/test-dir/MiniOzoneClusterImpl-d73f9dc2-2858-4e9b-b98c-6f8fa2850d63/datanode-1/data/ratis/8fba29dd-06d3-4529-ba3a-fc2f393981cb does not exist. Creating ...
2019-09-20 14:30:08,440 [pool-38-thread-1] INFO  storage.RaftStorageDirectory (RaftStorageDirectory.java:tryLock(328)) - Lock on /workdir/hadoop-ozone/tools/target/test-dir/MiniOzoneClusterImpl-d73f9dc2-2858-4e9b-b98c-6f8fa2850d63/datanode-1/data/ratis/8fba29dd-06d3-4529-ba3a-fc2f393981cb/in_use.lock acquired by nodename 30414@pr-hdds-1569-p5fx8-1226042367
2019-09-20 14:30:08,476 [pool-38-thread-1] INFO  storage.RaftStorage (RaftStorage.java:format(72)) - Storage directory /workdir/hadoop-ozone/tools/target/test-dir/MiniOzoneClusterImpl-d73f9dc2-2858-4e9b-b98c-6f8fa2850d63/datanode-1/data/ratis/8fba29dd-06d3-4529-ba3a-fc2f393981cb has been successfully formatted.
2019-09-20 14:30:08,477 [pool-38-thread-1] INFO  ratis.ContainerStateMachine (ContainerStateMachine.java:loadSnapshot(226)) - group-FC2F393981CB: The snapshot info is null. Setting the last applied indexto:(t:0, i:~)
2019-09-20 14:30:08,479 [pool-38-thread-1] INFO  server.RaftServerConfigKeys (ConfUtils.java:logGet(43)) - raft.server.leader.election.timeout = 120s (custom)
2019-09-20 14:30:08,479 [pool-38-thread-1] INFO  server.RaftServerConfigKeys (ConfUtils.java:logGet(43)) - raft.server.log.use.memory = false (default)
2019-09-20 14:30:08,479 [pool-38-thread-1] INFO  server.RaftServerConfigKeys (ConfUtils.java:logGet(43)) - raft.server.log.purge.gap = 1000000 (custom)
2019-09-20 14:30:08,479 [pool-38-thread-1] INFO  server.RaftServerConfigKeys (ConfUtils.java:logGet(43)) - raft.server.log.appender.buffer.byte-limit = 33554432 (custom)
2019-09-20 14:30:08,480 [pool-38-thread-1] INFO  server.RaftServerConfigKeys (ConfUtils.java:logGet(43)) - raft.server.log.segment.size.max = 1048576 (custom)
2019-09-20 14:30:08,480 [pool-38-thread-1] INFO  server.RaftServerConfigKeys (ConfUtils.java:logGet(43)) - raft.server.log.segment.cache.num.max = 2 (custom)
2019-09-20 14:30:08,480 [pool-38-thread-1] INFO  segmented.SegmentedRaftLogWorker (SegmentedRaftLogWorker.java:<init>(172)) - new 01139844-247b-45d0-963c-91509834b20c-SegmentedRaftLogWorker:Storage Directory /workdir/hadoop-ozone/tools/target/test-dir/MiniOzoneClusterImpl-d73f9dc2-2858-4e9b-b98c-6f8fa2850d63/datanode-1/data/ratis/8fba29dd-06d3-4529-ba3a-fc2f393981cb for RaftStorage:Storage Directory /workdir/hadoop-ozone/tools/target/test-dir/MiniOzoneClusterImpl-d73f9dc2-2858-4e9b-b98c-6f8fa2850d63/datanode-1/data/ratis/8fba29dd-06d3-4529-ba3a-fc2f393981cb
2019-09-20 14:30:08,482 [pool-38-thread-1] INFO  server.RaftServerConfigKeys (ConfUtils.java:logGet(43)) - raft.server.log.queue.byte-limit = 2147483647 (custom)
2019-09-20 14:30:08,482 [pool-38-thread-1] INFO  server.RaftServerConfigKeys (ConfUtils.java:logGet(43)) - raft.server.log.queue.element-limit = 1024 (custom)
2019-09-20 14:30:08,482 [pool-38-thread-1] INFO  server.RaftServerConfigKeys (ConfUtils.java:logGet(43)) - raft.server.log.segment.size.max = 1048576 (custom)
2019-09-20 14:30:08,483 [pool-38-thread-1] INFO  server.RaftServerConfigKeys (ConfUtils.java:logGet(43)) - raft.server.log.preallocated.size = 16384 (custom)
2019-09-20 14:30:08,483 [pool-38-thread-1] INFO  server.RaftServerConfigKeys (ConfUtils.java:logGet(43)) - raft.server.log.write.buffer.size = 33554432 (custom)
2019-09-20 14:30:08,483 [pool-38-thread-1] INFO  server.RaftServerConfigKeys (ConfUtils.java:logGet(43)) - raft.server.log.force.sync.num = 128 (default)
2019-09-20 14:30:08,483 [pool-38-thread-1] INFO  server.RaftServerConfigKeys (ConfUtils.java:logGet(43)) - raft.server.log.statemachine.data.sync = true (default)
2019-09-20 14:30:08,483 [pool-38-thread-1] INFO  server.RaftServerConfigKeys (ConfUtils.java:logGet(43)) - raft.server.log.statemachine.data.sync.timeout = 10s (default)
2019-09-20 14:30:08,484 [pool-38-thread-1] INFO  server.RaftServerConfigKeys (ConfUtils.java:logGet(43)) - raft.server.log.statemachine.data.sync.timeout.retry = -1 (default)
2019-09-20 14:30:08,484 [pool-38-thread-1] INFO  server.RaftServerConfigKeys (ConfUtils.java:logGet(43)) - raft.server.log.statemachine.data.caching.enabled = true (custom)
2019-09-20 14:30:08,485 [pool-38-thread-1] INFO  segmented.SegmentedRaftLogWorker (SegmentedRaftLogWorker.java:lambda$new$0(132)) - 01139844-247b-45d0-963c-91509834b20c-SegmentedRaftLogWorker:Storage Directory /workdir/hadoop-ozone/tools/target/test-dir/MiniOzoneClusterImpl-d73f9dc2-2858-4e9b-b98c-6f8fa2850d63/datanode-1/data/ratis/8fba29dd-06d3-4529-ba3a-fc2f393981cb: flushIndex: setUnconditionally 0 -> -1
2019-09-20 14:30:08,488 [pool-38-thread-1] INFO  server.RaftServerConfigKeys (ConfUtils.java:logGet(43)) - raft.server.snapshot.auto.trigger.enabled = true (custom)
2019-09-20 14:30:08,488 [pool-38-thread-1] INFO  server.RaftServerConfigKeys (ConfUtils.java:logGet(43)) - raft.server.snapshot.auto.trigger.threshold = 10000 (custom)
2019-09-20 14:30:08,489 [pool-38-thread-1] INFO  server.RaftServerConfigKeys (ConfUtils.java:logGet(43)) - raft.server.retrycache.expirytime = 600000ms (custom)
2019-09-20 14:30:08,489 [pool-38-thread-1] INFO  impl.RaftServerImpl (RaftServerImpl.java:start(180)) - 01139844-247b-45d0-963c-91509834b20c: start group-FC2F393981CB
2019-09-20 14:30:08,489 [pool-38-thread-1] INFO  impl.RaftServerImpl (RaftServerImpl.java:setRole(171)) - 01139844-247b-45d0-963c-91509834b20c:group-FC2F393981CB changes role from null to FOLLOWER at term 0 for startAsFollower
2019-09-20 14:30:08,490 [pool-38-thread-1] INFO  impl.RoleInfo (RoleInfo.java:updateAndGet(143)) - 01139844-247b-45d0-963c-91509834b20c: start FollowerState
2019-09-20 14:30:08,491 [pool-38-thread-1] INFO  util.JmxRegister (JmxRegister.java:tryRegister(44)) - Successfully registered JMX Bean with object name Ratis:service=RaftServer,group=group-FC2F393981CB,id=01139844-247b-45d0-963c-91509834b20c
2019-09-20 14:30:08,509 [RatisPipelineUtilsThread] INFO  pipeline.PipelineStateManager (PipelineStateManager.java:addPipeline(56)) - Created pipeline Pipeline[ Id: 8fba29dd-06d3-4529-ba3a-fc2f393981cb, Nodes: 01139844-247b-45d0-963c-91509834b20c{ip: 192.168.36.99, host: pr-hdds-1569-p5fx8-1226042367, networkLocation: /default-rack, certSerialId: null}, Type:RATIS, Factor:ONE, State:OPEN]
2019-09-20 14:30:08,533 [grpc-default-executor-0] INFO  impl.RaftServerProxy (RaftServerProxy.java:addNew(89)) - 8a1a3fc2-2e5e-451c-bb07-3011db4e4137: addNew group-596E3DC4A066:[8a1a3fc2-2e5e-451c-bb07-3011db4e4137:192.168.36.99:43541] returns group-596E3DC4A066:java.util.concurrent.CompletableFuture@11f5ea95[Not completed]
2019-09-20 14:30:08,546 [pool-71-thread-1] INFO  impl.RaftServerImpl (RaftServerImpl.java:<init>(93)) - 8a1a3fc2-2e5e-451c-bb07-3011db4e4137: new RaftServerImpl for group-596E3DC4A066:[8a1a3fc2-2e5e-451c-bb07-3011db4e4137:192.168.36.99:43541] with ContainerStateMachine:uninitialized
2019-09-20 14:30:08,547 [pool-71-thread-1] INFO  server.RaftServerConfigKeys (ConfUtils.java:logGet(43)) - raft.server.rpc.timeout.min = 5s (custom)
2019-09-20 14:30:08,547 [pool-71-thread-1] INFO  server.RaftServerConfigKeys (ConfUtils.java:logGet(43)) - raft.server.rpc.timeout.max = 5200ms (custom)
2019-09-20 14:30:08,547 [pool-71-thread-1] INFO  server.RaftServerConfigKeys (ConfUtils.java:logGet(43)) - raft.server.rpcslowness.timeout = 120s (custom)
2019-09-20 14:30:08,547 [pool-71-thread-1] INFO  server.RaftServerConfigKeys (ConfUtils.java:logGet(43)) - raft.server.sleep.deviation.threshold = 300 (default)
2019-09-20 14:30:08,547 [pool-71-thread-1] INFO  server.RaftServerConfigKeys (ConfUtils.java:logGet(43)) - raft.server.log.appender.install.snapshot.enabled = false (custom)
2019-09-20 14:30:08,548 [pool-71-thread-1] INFO  impl.RaftServerImpl (ServerState.java:<init>(105)) - 8a1a3fc2-2e5e-451c-bb07-3011db4e4137:group-596E3DC4A066 ConfigurationManager, init=-1: [8a1a3fc2-2e5e-451c-bb07-3011db4e4137:192.168.36.99:43541], old=null, confs=<EMPTY_MAP>
2019-09-20 14:30:08,548 [pool-71-thread-1] INFO  server.RaftServerConfigKeys (ConfUtils.java:logGet(43)) - raft.server.storage.dir = [/workdir/hadoop-ozone/tools/target/test-dir/MiniOzoneClusterImpl-d73f9dc2-2858-4e9b-b98c-6f8fa2850d63/datanode-4/data/ratis] (custom)
2019-09-20 14:30:08,548 [pool-71-thread-1] INFO  storage.RaftStorageDirectory (RaftStorageDirectory.java:analyzeStorage(246)) - The storage directory /workdir/hadoop-ozone/tools/target/test-dir/MiniOzoneClusterImpl-d73f9dc2-2858-4e9b-b98c-6f8fa2850d63/datanode-4/data/ratis/c8246ee0-e656-4952-ac5c-596e3dc4a066 does not exist. Creating ...
2019-09-20 14:30:08,579 [pool-71-thread-1] INFO  storage.RaftStorageDirectory (RaftStorageDirectory.java:tryLock(328)) - Lock on /workdir/hadoop-ozone/tools/target/test-dir/MiniOzoneClusterImpl-d73f9dc2-2858-4e9b-b98c-6f8fa2850d63/datanode-4/data/ratis/c8246ee0-e656-4952-ac5c-596e3dc4a066/in_use.lock acquired by nodename 30414@pr-hdds-1569-p5fx8-1226042367
2019-09-20 14:30:08,596 [pool-71-thread-1] INFO  storage.RaftStorage (RaftStorage.java:format(72)) - Storage directory /workdir/hadoop-ozone/tools/target/test-dir/MiniOzoneClusterImpl-d73f9dc2-2858-4e9b-b98c-6f8fa2850d63/datanode-4/data/ratis/c8246ee0-e656-4952-ac5c-596e3dc4a066 has been successfully formatted.
2019-09-20 14:30:08,597 [pool-71-thread-1] INFO  ratis.ContainerStateMachine (ContainerStateMachine.java:loadSnapshot(226)) - group-596E3DC4A066: The snapshot info is null. Setting the last applied indexto:(t:0, i:~)
2019-09-20 14:30:08,597 [pool-71-thread-1] INFO  server.RaftServerConfigKeys (ConfUtils.java:logGet(43)) - raft.server.leader.election.timeout = 120s (custom)
2019-09-20 14:30:08,597 [pool-71-thread-1] INFO  server.RaftServerConfigKeys (ConfUtils.java:logGet(43)) - raft.server.log.use.memory = false (default)
2019-09-20 14:30:08,598 [pool-71-thread-1] INFO  server.RaftServerConfigKeys (ConfUtils.java:logGet(43)) - raft.server.log.purge.gap = 1000000 (custom)
2019-09-20 14:30:08,598 [pool-71-thread-1] INFO  server.RaftServerConfigKeys (ConfUtils.java:logGet(43)) - raft.server.log.appender.buffer.byte-limit = 33554432 (custom)
2019-09-20 14:30:08,598 [pool-71-thread-1] INFO  server.RaftServerConfigKeys (ConfUtils.java:logGet(43)) - raft.server.log.segment.size.max = 1048576 (custom)
2019-09-20 14:30:08,599 [pool-71-thread-1] INFO  server.RaftServerConfigKeys (ConfUtils.java:logGet(43)) - raft.server.log.segment.cache.num.max = 2 (custom)
2019-09-20 14:30:08,599 [pool-71-thread-1] INFO  segmented.SegmentedRaftLogWorker (SegmentedRaftLogWorker.java:<init>(172)) - new 8a1a3fc2-2e5e-451c-bb07-3011db4e4137-SegmentedRaftLogWorker:Storage Directory /workdir/hadoop-ozone/tools/target/test-dir/MiniOzoneClusterImpl-d73f9dc2-2858-4e9b-b98c-6f8fa2850d63/datanode-4/data/ratis/c8246ee0-e656-4952-ac5c-596e3dc4a066 for RaftStorage:Storage Directory /workdir/hadoop-ozone/tools/target/test-dir/MiniOzoneClusterImpl-d73f9dc2-2858-4e9b-b98c-6f8fa2850d63/datanode-4/data/ratis/c8246ee0-e656-4952-ac5c-596e3dc4a066
2019-09-20 14:30:08,599 [pool-71-thread-1] INFO  server.RaftServerConfigKeys (ConfUtils.java:logGet(43)) - raft.server.log.queue.byte-limit = 2147483647 (custom)
2019-09-20 14:30:08,600 [pool-71-thread-1] INFO  server.RaftServerConfigKeys (ConfUtils.java:logGet(43)) - raft.server.log.queue.element-limit = 1024 (custom)
2019-09-20 14:30:08,600 [pool-71-thread-1] INFO  server.RaftServerConfigKeys (ConfUtils.java:logGet(43)) - raft.server.log.segment.size.max = 1048576 (custom)
2019-09-20 14:30:08,600 [pool-71-thread-1] INFO  server.RaftServerConfigKeys (ConfUtils.java:logGet(43)) - raft.server.log.preallocated.size = 16384 (custom)
2019-09-20 14:30:08,600 [pool-71-thread-1] INFO  server.RaftServerConfigKeys (ConfUtils.java:logGet(43)) - raft.server.log.write.buffer.size = 33554432 (custom)
2019-09-20 14:30:08,601 [pool-71-thread-1] INFO  server.RaftServerConfigKeys (ConfUtils.java:logGet(43)) - raft.server.log.force.sync.num = 128 (default)
2019-09-20 14:30:08,601 [pool-71-thread-1] INFO  server.RaftServerConfigKeys (ConfUtils.java:logGet(43)) - raft.server.log.statemachine.data.sync = true (default)
2019-09-20 14:30:08,601 [pool-71-thread-1] INFO  server.RaftServerConfigKeys (ConfUtils.java:logGet(43)) - raft.server.log.statemachine.data.sync.timeout = 10s (default)
2019-09-20 14:30:08,601 [pool-71-thread-1] INFO  server.RaftServerConfigKeys (ConfUtils.java:logGet(43)) - raft.server.log.statemachine.data.sync.timeout.retry = -1 (default)
2019-09-20 14:30:08,602 [pool-71-thread-1] INFO  server.RaftServerConfigKeys (ConfUtils.java:logGet(43)) - raft.server.log.statemachine.data.caching.enabled = true (custom)
2019-09-20 14:30:08,602 [pool-71-thread-1] INFO  segmented.SegmentedRaftLogWorker (SegmentedRaftLogWorker.java:lambda$new$0(132)) - 8a1a3fc2-2e5e-451c-bb07-3011db4e4137-SegmentedRaftLogWorker:Storage Directory /workdir/hadoop-ozone/tools/target/test-dir/MiniOzoneClusterImpl-d73f9dc2-2858-4e9b-b98c-6f8fa2850d63/datanode-4/data/ratis/c8246ee0-e656-4952-ac5c-596e3dc4a066: flushIndex: setUnconditionally 0 -> -1
2019-09-20 14:30:08,603 [pool-71-thread-1] INFO  server.RaftServerConfigKeys (ConfUtils.java:logGet(43)) - raft.server.snapshot.auto.trigger.enabled = true (custom)
2019-09-20 14:30:08,603 [pool-71-thread-1] INFO  server.RaftServerConfigKeys (ConfUtils.java:logGet(43)) - raft.server.snapshot.auto.trigger.threshold = 10000 (custom)
2019-09-20 14:30:08,603 [pool-71-thread-1] INFO  server.RaftServerConfigKeys (ConfUtils.java:logGet(43)) - raft.server.retrycache.expirytime = 600000ms (custom)
2019-09-20 14:30:08,603 [pool-71-thread-1] INFO  impl.RaftServerImpl (RaftServerImpl.java:start(180)) - 8a1a3fc2-2e5e-451c-bb07-3011db4e4137: start group-596E3DC4A066
2019-09-20 14:30:08,604 [pool-71-thread-1] INFO  impl.RaftServerImpl (RaftServerImpl.java:setRole(171)) - 8a1a3fc2-2e5e-451c-bb07-3011db4e4137:group-596E3DC4A066 changes role from null to FOLLOWER at term 0 for startAsFollower
2019-09-20 14:30:08,604 [pool-71-thread-1] INFO  impl.RoleInfo (RoleInfo.java:updateAndGet(143)) - 8a1a3fc2-2e5e-451c-bb07-3011db4e4137: start FollowerState
2019-09-20 14:30:08,604 [pool-71-thread-1] INFO  util.JmxRegister (JmxRegister.java:tryRegister(44)) - Successfully registered JMX Bean with object name Ratis:service=RaftServer,group=group-596E3DC4A066,id=8a1a3fc2-2e5e-451c-bb07-3011db4e4137
2019-09-20 14:30:08,618 [RatisPipelineUtilsThread] INFO  pipeline.PipelineStateManager (PipelineStateManager.java:addPipeline(56)) - Created pipeline Pipeline[ Id: c8246ee0-e656-4952-ac5c-596e3dc4a066, Nodes: 8a1a3fc2-2e5e-451c-bb07-3011db4e4137{ip: 192.168.36.99, host: pr-hdds-1569-p5fx8-1226042367, networkLocation: /default-rack, certSerialId: null}, Type:RATIS, Factor:ONE, State:OPEN]
2019-09-20 14:30:08,638 [grpc-default-executor-0] INFO  impl.RaftServerProxy (RaftServerProxy.java:addNew(89)) - 414b61dd-dc64-4170-a4f7-ed46231621a1: addNew group-611809191AE8:[414b61dd-dc64-4170-a4f7-ed46231621a1:192.168.36.99:38147] returns group-611809191AE8:java.util.concurrent.CompletableFuture@3381a01[Not completed]
2019-09-20 14:30:08,641 [pool-27-thread-1] INFO  impl.RaftServerImpl (RaftServerImpl.java:<init>(93)) - 414b61dd-dc64-4170-a4f7-ed46231621a1: new RaftServerImpl for group-611809191AE8:[414b61dd-dc64-4170-a4f7-ed46231621a1:192.168.36.99:38147] with ContainerStateMachine:uninitialized
2019-09-20 14:30:08,641 [pool-27-thread-1] INFO  server.RaftServerConfigKeys (ConfUtils.java:logGet(43)) - raft.server.rpc.timeout.min = 5s (custom)
2019-09-20 14:30:08,641 [pool-27-thread-1] INFO  server.RaftServerConfigKeys (ConfUtils.java:logGet(43)) - raft.server.rpc.timeout.max = 5200ms (custom)
2019-09-20 14:30:08,641 [pool-27-thread-1] INFO  server.RaftServerConfigKeys (ConfUtils.java:logGet(43)) - raft.server.rpcslowness.timeout = 120s (custom)
2019-09-20 14:30:08,641 [pool-27-thread-1] INFO  server.RaftServerConfigKeys (ConfUtils.java:logGet(43)) - raft.server.sleep.deviation.threshold = 300 (default)
2019-09-20 14:30:08,641 [pool-27-thread-1] INFO  server.RaftServerConfigKeys (ConfUtils.java:logGet(43)) - raft.server.log.appender.install.snapshot.enabled = false (custom)
2019-09-20 14:30:08,642 [pool-27-thread-1] INFO  impl.RaftServerImpl (ServerState.java:<init>(105)) - 414b61dd-dc64-4170-a4f7-ed46231621a1:group-611809191AE8 ConfigurationManager, init=-1: [414b61dd-dc64-4170-a4f7-ed46231621a1:192.168.36.99:38147], old=null, confs=<EMPTY_MAP>
2019-09-20 14:30:08,642 [pool-27-thread-1] INFO  server.RaftServerConfigKeys (ConfUtils.java:logGet(43)) - raft.server.storage.dir = [/workdir/hadoop-ozone/tools/target/test-dir/MiniOzoneClusterImpl-d73f9dc2-2858-4e9b-b98c-6f8fa2850d63/datanode-0/data/ratis] (custom)
2019-09-20 14:30:08,642 [pool-27-thread-1] INFO  storage.RaftStorageDirectory (RaftStorageDirectory.java:analyzeStorage(246)) - The storage directory /workdir/hadoop-ozone/tools/target/test-dir/MiniOzoneClusterImpl-d73f9dc2-2858-4e9b-b98c-6f8fa2850d63/datanode-0/data/ratis/d99024fe-3689-4311-a505-611809191ae8 does not exist. Creating ...
2019-09-20 14:30:08,683 [pool-27-thread-1] INFO  storage.RaftStorageDirectory (RaftStorageDirectory.java:tryLock(328)) - Lock on /workdir/hadoop-ozone/tools/target/test-dir/MiniOzoneClusterImpl-d73f9dc2-2858-4e9b-b98c-6f8fa2850d63/datanode-0/data/ratis/d99024fe-3689-4311-a505-611809191ae8/in_use.lock acquired by nodename 30414@pr-hdds-1569-p5fx8-1226042367
2019-09-20 14:30:08,709 [pool-27-thread-1] INFO  storage.RaftStorage (RaftStorage.java:format(72)) - Storage directory /workdir/hadoop-ozone/tools/target/test-dir/MiniOzoneClusterImpl-d73f9dc2-2858-4e9b-b98c-6f8fa2850d63/datanode-0/data/ratis/d99024fe-3689-4311-a505-611809191ae8 has been successfully formatted.
2019-09-20 14:30:08,709 [pool-27-thread-1] INFO  ratis.ContainerStateMachine (ContainerStateMachine.java:loadSnapshot(226)) - group-611809191AE8: The snapshot info is null. Setting the last applied indexto:(t:0, i:~)
2019-09-20 14:30:08,710 [pool-27-thread-1] INFO  server.RaftServerConfigKeys (ConfUtils.java:logGet(43)) - raft.server.leader.election.timeout = 120s (custom)
2019-09-20 14:30:08,710 [pool-27-thread-1] INFO  server.RaftServerConfigKeys (ConfUtils.java:logGet(43)) - raft.server.log.use.memory = false (default)
2019-09-20 14:30:08,710 [pool-27-thread-1] INFO  server.RaftServerConfigKeys (ConfUtils.java:logGet(43)) - raft.server.log.purge.gap = 1000000 (custom)
2019-09-20 14:30:08,711 [pool-27-thread-1] INFO  server.RaftServerConfigKeys (ConfUtils.java:logGet(43)) - raft.server.log.appender.buffer.byte-limit = 33554432 (custom)
2019-09-20 14:30:08,711 [pool-27-thread-1] INFO  server.RaftServerConfigKeys (ConfUtils.java:logGet(43)) - raft.server.log.segment.size.max = 1048576 (custom)
2019-09-20 14:30:08,711 [pool-27-thread-1] INFO  server.RaftServerConfigKeys (ConfUtils.java:logGet(43)) - raft.server.log.segment.cache.num.max = 2 (custom)
2019-09-20 14:30:08,712 [pool-27-thread-1] INFO  segmented.SegmentedRaftLogWorker (SegmentedRaftLogWorker.java:<init>(172)) - new 414b61dd-dc64-4170-a4f7-ed46231621a1-SegmentedRaftLogWorker:Storage Directory /workdir/hadoop-ozone/tools/target/test-dir/MiniOzoneClusterImpl-d73f9dc2-2858-4e9b-b98c-6f8fa2850d63/datanode-0/data/ratis/d99024fe-3689-4311-a505-611809191ae8 for RaftStorage:Storage Directory /workdir/hadoop-ozone/tools/target/test-dir/MiniOzoneClusterImpl-d73f9dc2-2858-4e9b-b98c-6f8fa2850d63/datanode-0/data/ratis/d99024fe-3689-4311-a505-611809191ae8
2019-09-20 14:30:08,712 [pool-27-thread-1] INFO  server.RaftServerConfigKeys (ConfUtils.java:logGet(43)) - raft.server.log.queue.byte-limit = 2147483647 (custom)
2019-09-20 14:30:08,712 [pool-27-thread-1] INFO  server.RaftServerConfigKeys (ConfUtils.java:logGet(43)) - raft.server.log.queue.element-limit = 1024 (custom)
2019-09-20 14:30:08,713 [pool-27-thread-1] INFO  server.RaftServerConfigKeys (ConfUtils.java:logGet(43)) - raft.server.log.segment.size.max = 1048576 (custom)
2019-09-20 14:30:08,713 [pool-27-thread-1] INFO  server.RaftServerConfigKeys (ConfUtils.java:logGet(43)) - raft.server.log.preallocated.size = 16384 (custom)
2019-09-20 14:30:08,713 [pool-27-thread-1] INFO  server.RaftServerConfigKeys (ConfUtils.java:logGet(43)) - raft.server.log.write.buffer.size = 33554432 (custom)
2019-09-20 14:30:08,713 [pool-27-thread-1] INFO  server.RaftServerConfigKeys (ConfUtils.java:logGet(43)) - raft.server.log.force.sync.num = 128 (default)
2019-09-20 14:30:08,714 [pool-27-thread-1] INFO  server.RaftServerConfigKeys (ConfUtils.java:logGet(43)) - raft.server.log.statemachine.data.sync = true (default)
2019-09-20 14:30:08,714 [pool-27-thread-1] INFO  server.RaftServerConfigKeys (ConfUtils.java:logGet(43)) - raft.server.log.statemachine.data.sync.timeout = 10s (default)
2019-09-20 14:30:08,714 [pool-27-thread-1] INFO  server.RaftServerConfigKeys (ConfUtils.java:logGet(43)) - raft.server.log.statemachine.data.sync.timeout.retry = -1 (default)
2019-09-20 14:30:08,715 [pool-27-thread-1] INFO  server.RaftServerConfigKeys (ConfUtils.java:logGet(43)) - raft.server.log.statemachine.data.caching.enabled = true (custom)
2019-09-20 14:30:08,715 [pool-27-thread-1] INFO  segmented.SegmentedRaftLogWorker (SegmentedRaftLogWorker.java:lambda$new$0(132)) - 414b61dd-dc64-4170-a4f7-ed46231621a1-SegmentedRaftLogWorker:Storage Directory /workdir/hadoop-ozone/tools/target/test-dir/MiniOzoneClusterImpl-d73f9dc2-2858-4e9b-b98c-6f8fa2850d63/datanode-0/data/ratis/d99024fe-3689-4311-a505-611809191ae8: flushIndex: setUnconditionally 0 -> -1
2019-09-20 14:30:08,716 [pool-27-thread-1] INFO  server.RaftServerConfigKeys (ConfUtils.java:logGet(43)) - raft.server.snapshot.auto.trigger.enabled = true (custom)
2019-09-20 14:30:08,716 [pool-27-thread-1] INFO  server.RaftServerConfigKeys (ConfUtils.java:logGet(43)) - raft.server.snapshot.auto.trigger.threshold = 10000 (custom)
2019-09-20 14:30:08,716 [pool-27-thread-1] INFO  server.RaftServerConfigKeys (ConfUtils.java:logGet(43)) - raft.server.retrycache.expirytime = 600000ms (custom)
2019-09-20 14:30:08,717 [pool-27-thread-1] INFO  impl.RaftServerImpl (RaftServerImpl.java:start(180)) - 414b61dd-dc64-4170-a4f7-ed46231621a1: start group-611809191AE8
2019-09-20 14:30:08,717 [pool-27-thread-1] INFO  impl.RaftServerImpl (RaftServerImpl.java:setRole(171)) - 414b61dd-dc64-4170-a4f7-ed46231621a1:group-611809191AE8 changes role from null to FOLLOWER at term 0 for startAsFollower
2019-09-20 14:30:08,718 [pool-27-thread-1] INFO  impl.RoleInfo (RoleInfo.java:updateAndGet(143)) - 414b61dd-dc64-4170-a4f7-ed46231621a1: start FollowerState
2019-09-20 14:30:08,718 [pool-27-thread-1] INFO  util.JmxRegister (JmxRegister.java:tryRegister(44)) - Successfully registered JMX Bean with object name Ratis:service=RaftServer,group=group-611809191AE8,id=414b61dd-dc64-4170-a4f7-ed46231621a1
2019-09-20 14:30:08,731 [RatisPipelineUtilsThread] INFO  pipeline.PipelineStateManager (PipelineStateManager.java:addPipeline(56)) - Created pipeline Pipeline[ Id: d99024fe-3689-4311-a505-611809191ae8, Nodes: 414b61dd-dc64-4170-a4f7-ed46231621a1{ip: 192.168.36.99, host: pr-hdds-1569-p5fx8-1226042367, networkLocation: /default-rack, certSerialId: null}, Type:RATIS, Factor:ONE, State:OPEN]
2019-09-20 14:30:08,754 [grpc-default-executor-0] INFO  impl.RaftServerProxy (RaftServerProxy.java:addNew(89)) - 01139844-247b-45d0-963c-91509834b20c: addNew group-6B9B80BF8468:[01139844-247b-45d0-963c-91509834b20c:192.168.36.99:40256] returns group-6B9B80BF8468:java.util.concurrent.CompletableFuture@6f9cb93f[Not completed]
2019-09-20 14:30:08,756 [pool-38-thread-1] INFO  impl.RaftServerImpl (RaftServerImpl.java:<init>(93)) - 01139844-247b-45d0-963c-91509834b20c: new RaftServerImpl for group-6B9B80BF8468:[01139844-247b-45d0-963c-91509834b20c:192.168.36.99:40256] with ContainerStateMachine:uninitialized
2019-09-20 14:30:08,757 [pool-38-thread-1] INFO  server.RaftServerConfigKeys (ConfUtils.java:logGet(43)) - raft.server.rpc.timeout.min = 5s (custom)
2019-09-20 14:30:08,757 [pool-38-thread-1] INFO  server.RaftServerConfigKeys (ConfUtils.java:logGet(43)) - raft.server.rpc.timeout.max = 5200ms (custom)
2019-09-20 14:30:08,757 [pool-38-thread-1] INFO  server.RaftServerConfigKeys (ConfUtils.java:logGet(43)) - raft.server.rpcslowness.timeout = 120s (custom)
2019-09-20 14:30:08,757 [pool-38-thread-1] INFO  server.RaftServerConfigKeys (ConfUtils.java:logGet(43)) - raft.server.sleep.deviation.threshold = 300 (default)
2019-09-20 14:30:08,757 [pool-38-thread-1] INFO  server.RaftServerConfigKeys (ConfUtils.java:logGet(43)) - raft.server.log.appender.install.snapshot.enabled = false (custom)
2019-09-20 14:30:08,758 [pool-38-thread-1] INFO  impl.RaftServerImpl (ServerState.java:<init>(105)) - 01139844-247b-45d0-963c-91509834b20c:group-6B9B80BF8468 ConfigurationManager, init=-1: [01139844-247b-45d0-963c-91509834b20c:192.168.36.99:40256], old=null, confs=<EMPTY_MAP>
2019-09-20 14:30:08,758 [pool-38-thread-1] INFO  server.RaftServerConfigKeys (ConfUtils.java:logGet(43)) - raft.server.storage.dir = [/workdir/hadoop-ozone/tools/target/test-dir/MiniOzoneClusterImpl-d73f9dc2-2858-4e9b-b98c-6f8fa2850d63/datanode-1/data/ratis] (custom)
2019-09-20 14:30:08,758 [pool-38-thread-1] INFO  storage.RaftStorageDirectory (RaftStorageDirectory.java:analyzeStorage(246)) - The storage directory /workdir/hadoop-ozone/tools/target/test-dir/MiniOzoneClusterImpl-d73f9dc2-2858-4e9b-b98c-6f8fa2850d63/datanode-1/data/ratis/bcc08614-a2af-4d27-ac53-6b9b80bf8468 does not exist. Creating ...
2019-09-20 14:30:08,784 [pool-38-thread-1] INFO  storage.RaftStorageDirectory (RaftStorageDirectory.java:tryLock(328)) - Lock on /workdir/hadoop-ozone/tools/target/test-dir/MiniOzoneClusterImpl-d73f9dc2-2858-4e9b-b98c-6f8fa2850d63/datanode-1/data/ratis/bcc08614-a2af-4d27-ac53-6b9b80bf8468/in_use.lock acquired by nodename 30414@pr-hdds-1569-p5fx8-1226042367
2019-09-20 14:30:08,801 [pool-38-thread-1] INFO  storage.RaftStorage (RaftStorage.java:format(72)) - Storage directory /workdir/hadoop-ozone/tools/target/test-dir/MiniOzoneClusterImpl-d73f9dc2-2858-4e9b-b98c-6f8fa2850d63/datanode-1/data/ratis/bcc08614-a2af-4d27-ac53-6b9b80bf8468 has been successfully formatted.
2019-09-20 14:30:08,802 [pool-38-thread-1] INFO  ratis.ContainerStateMachine (ContainerStateMachine.java:loadSnapshot(226)) - group-6B9B80BF8468: The snapshot info is null. Setting the last applied indexto:(t:0, i:~)
2019-09-20 14:30:08,802 [pool-38-thread-1] INFO  server.RaftServerConfigKeys (ConfUtils.java:logGet(43)) - raft.server.leader.election.timeout = 120s (custom)
2019-09-20 14:30:08,802 [pool-38-thread-1] INFO  server.RaftServerConfigKeys (ConfUtils.java:logGet(43)) - raft.server.log.use.memory = false (default)
2019-09-20 14:30:08,803 [pool-38-thread-1] INFO  server.RaftServerConfigKeys (ConfUtils.java:logGet(43)) - raft.server.log.purge.gap = 1000000 (custom)
2019-09-20 14:30:08,803 [pool-38-thread-1] INFO  server.RaftServerConfigKeys (ConfUtils.java:logGet(43)) - raft.server.log.appender.buffer.byte-limit = 33554432 (custom)
2019-09-20 14:30:08,803 [pool-38-thread-1] INFO  server.RaftServerConfigKeys (ConfUtils.java:logGet(43)) - raft.server.log.segment.size.max = 1048576 (custom)
2019-09-20 14:30:08,803 [pool-38-thread-1] INFO  server.RaftServerConfigKeys (ConfUtils.java:logGet(43)) - raft.server.log.segment.cache.num.max = 2 (custom)
2019-09-20 14:30:08,804 [pool-38-thread-1] INFO  segmented.SegmentedRaftLogWorker (SegmentedRaftLogWorker.java:<init>(172)) - new 01139844-247b-45d0-963c-91509834b20c-SegmentedRaftLogWorker:Storage Directory /workdir/hadoop-ozone/tools/target/test-dir/MiniOzoneClusterImpl-d73f9dc2-2858-4e9b-b98c-6f8fa2850d63/datanode-1/data/ratis/bcc08614-a2af-4d27-ac53-6b9b80bf8468 for RaftStorage:Storage Directory /workdir/hadoop-ozone/tools/target/test-dir/MiniOzoneClusterImpl-d73f9dc2-2858-4e9b-b98c-6f8fa2850d63/datanode-1/data/ratis/bcc08614-a2af-4d27-ac53-6b9b80bf8468
2019-09-20 14:30:08,804 [pool-38-thread-1] INFO  server.RaftServerConfigKeys (ConfUtils.java:logGet(43)) - raft.server.log.queue.byte-limit = 2147483647 (custom)
2019-09-20 14:30:08,804 [pool-38-thread-1] INFO  server.RaftServerConfigKeys (ConfUtils.java:logGet(43)) - raft.server.log.queue.element-limit = 1024 (custom)
2019-09-20 14:30:08,804 [pool-38-thread-1] INFO  server.RaftServerConfigKeys (ConfUtils.java:logGet(43)) - raft.server.log.segment.size.max = 1048576 (custom)
2019-09-20 14:30:08,804 [pool-38-thread-1] INFO  server.RaftServerConfigKeys (ConfUtils.java:logGet(43)) - raft.server.log.preallocated.size = 16384 (custom)
2019-09-20 14:30:08,805 [pool-38-thread-1] INFO  server.RaftServerConfigKeys (ConfUtils.java:logGet(43)) - raft.server.log.write.buffer.size = 33554432 (custom)
2019-09-20 14:30:08,805 [pool-38-thread-1] INFO  server.RaftServerConfigKeys (ConfUtils.java:logGet(43)) - raft.server.log.force.sync.num = 128 (default)
2019-09-20 14:30:08,805 [pool-38-thread-1] INFO  server.RaftServerConfigKeys (ConfUtils.java:logGet(43)) - raft.server.log.statemachine.data.sync = true (default)
2019-09-20 14:30:08,806 [pool-38-thread-1] INFO  server.RaftServerConfigKeys (ConfUtils.java:logGet(43)) - raft.server.log.statemachine.data.sync.timeout = 10s (default)
2019-09-20 14:30:08,806 [pool-38-thread-1] INFO  server.RaftServerConfigKeys (ConfUtils.java:logGet(43)) - raft.server.log.statemachine.data.sync.timeout.retry = -1 (default)
2019-09-20 14:30:08,806 [pool-38-thread-1] INFO  server.RaftServerConfigKeys (ConfUtils.java:logGet(43)) - raft.server.log.statemachine.data.caching.enabled = true (custom)
2019-09-20 14:30:08,807 [pool-38-thread-1] INFO  segmented.SegmentedRaftLogWorker (SegmentedRaftLogWorker.java:lambda$new$0(132)) - 01139844-247b-45d0-963c-91509834b20c-SegmentedRaftLogWorker:Storage Directory /workdir/hadoop-ozone/tools/target/test-dir/MiniOzoneClusterImpl-d73f9dc2-2858-4e9b-b98c-6f8fa2850d63/datanode-1/data/ratis/bcc08614-a2af-4d27-ac53-6b9b80bf8468: flushIndex: setUnconditionally 0 -> -1
2019-09-20 14:30:08,807 [pool-38-thread-1] INFO  server.RaftServerConfigKeys (ConfUtils.java:logGet(43)) - raft.server.snapshot.auto.trigger.enabled = true (custom)
2019-09-20 14:30:08,807 [pool-38-thread-1] INFO  server.RaftServerConfigKeys (ConfUtils.java:logGet(43)) - raft.server.snapshot.auto.trigger.threshold = 10000 (custom)
2019-09-20 14:30:08,808 [pool-38-thread-1] INFO  server.RaftServerConfigKeys (ConfUtils.java:logGet(43)) - raft.server.retrycache.expirytime = 600000ms (custom)
2019-09-20 14:30:08,808 [pool-38-thread-1] INFO  impl.RaftServerImpl (RaftServerImpl.java:start(180)) - 01139844-247b-45d0-963c-91509834b20c: start group-6B9B80BF8468
2019-09-20 14:30:08,808 [pool-38-thread-1] INFO  impl.RaftServerImpl (RaftServerImpl.java:setRole(171)) - 01139844-247b-45d0-963c-91509834b20c:group-6B9B80BF8468 changes role from null to FOLLOWER at term 0 for startAsFollower
2019-09-20 14:30:08,808 [pool-38-thread-1] INFO  impl.RoleInfo (RoleInfo.java:updateAndGet(143)) - 01139844-247b-45d0-963c-91509834b20c: start FollowerState
2019-09-20 14:30:08,809 [pool-38-thread-1] INFO  util.JmxRegister (JmxRegister.java:tryRegister(44)) - Successfully registered JMX Bean with object name Ratis:service=RaftServer,group=group-6B9B80BF8468,id=01139844-247b-45d0-963c-91509834b20c
2019-09-20 14:30:08,820 [RatisPipelineUtilsThread] INFO  pipeline.PipelineStateManager (PipelineStateManager.java:addPipeline(56)) - Created pipeline Pipeline[ Id: bcc08614-a2af-4d27-ac53-6b9b80bf8468, Nodes: 01139844-247b-45d0-963c-91509834b20c{ip: 192.168.36.99, host: pr-hdds-1569-p5fx8-1226042367, networkLocation: /default-rack, certSerialId: null}, Type:RATIS, Factor:ONE, State:OPEN]
2019-09-20 14:30:08,839 [grpc-default-executor-0] INFO  impl.RaftServerProxy (RaftServerProxy.java:addNew(89)) - 51c8ff27-873d-4cbb-8820-aa0ac2de17d7: addNew group-98559090F793:[51c8ff27-873d-4cbb-8820-aa0ac2de17d7:192.168.36.99:37061] returns group-98559090F793:java.util.concurrent.CompletableFuture@6fe78bb6[Not completed]
2019-09-20 14:30:08,840 [pool-49-thread-1] INFO  impl.RaftServerImpl (RaftServerImpl.java:<init>(93)) - 51c8ff27-873d-4cbb-8820-aa0ac2de17d7: new RaftServerImpl for group-98559090F793:[51c8ff27-873d-4cbb-8820-aa0ac2de17d7:192.168.36.99:37061] with ContainerStateMachine:uninitialized
2019-09-20 14:30:08,840 [pool-49-thread-1] INFO  server.RaftServerConfigKeys (ConfUtils.java:logGet(43)) - raft.server.rpc.timeout.min = 5s (custom)
2019-09-20 14:30:08,841 [pool-49-thread-1] INFO  server.RaftServerConfigKeys (ConfUtils.java:logGet(43)) - raft.server.rpc.timeout.max = 5200ms (custom)
2019-09-20 14:30:08,841 [pool-49-thread-1] INFO  server.RaftServerConfigKeys (ConfUtils.java:logGet(43)) - raft.server.rpcslowness.timeout = 120s (custom)
2019-09-20 14:30:08,841 [pool-49-thread-1] INFO  server.RaftServerConfigKeys (ConfUtils.java:logGet(43)) - raft.server.sleep.deviation.threshold = 300 (default)
2019-09-20 14:30:08,841 [pool-49-thread-1] INFO  server.RaftServerConfigKeys (ConfUtils.java:logGet(43)) - raft.server.log.appender.install.snapshot.enabled = false (custom)
2019-09-20 14:30:08,841 [pool-49-thread-1] INFO  impl.RaftServerImpl (ServerState.java:<init>(105)) - 51c8ff27-873d-4cbb-8820-aa0ac2de17d7:group-98559090F793 ConfigurationManager, init=-1: [51c8ff27-873d-4cbb-8820-aa0ac2de17d7:192.168.36.99:37061], old=null, confs=<EMPTY_MAP>
2019-09-20 14:30:08,841 [pool-49-thread-1] INFO  server.RaftServerConfigKeys (ConfUtils.java:logGet(43)) - raft.server.storage.dir = [/workdir/hadoop-ozone/tools/target/test-dir/MiniOzoneClusterImpl-d73f9dc2-2858-4e9b-b98c-6f8fa2850d63/datanode-2/data/ratis] (custom)
2019-09-20 14:30:08,842 [pool-49-thread-1] INFO  storage.RaftStorageDirectory (RaftStorageDirectory.java:analyzeStorage(246)) - The storage directory /workdir/hadoop-ozone/tools/target/test-dir/MiniOzoneClusterImpl-d73f9dc2-2858-4e9b-b98c-6f8fa2850d63/datanode-2/data/ratis/aae2db9e-d1bf-4f47-b922-98559090f793 does not exist. Creating ...
2019-09-20 14:30:08,865 [pool-49-thread-1] INFO  storage.RaftStorageDirectory (RaftStorageDirectory.java:tryLock(328)) - Lock on /workdir/hadoop-ozone/tools/target/test-dir/MiniOzoneClusterImpl-d73f9dc2-2858-4e9b-b98c-6f8fa2850d63/datanode-2/data/ratis/aae2db9e-d1bf-4f47-b922-98559090f793/in_use.lock acquired by nodename 30414@pr-hdds-1569-p5fx8-1226042367
2019-09-20 14:30:08,889 [pool-49-thread-1] INFO  storage.RaftStorage (RaftStorage.java:format(72)) - Storage directory /workdir/hadoop-ozone/tools/target/test-dir/MiniOzoneClusterImpl-d73f9dc2-2858-4e9b-b98c-6f8fa2850d63/datanode-2/data/ratis/aae2db9e-d1bf-4f47-b922-98559090f793 has been successfully formatted.
2019-09-20 14:30:08,889 [pool-49-thread-1] INFO  ratis.ContainerStateMachine (ContainerStateMachine.java:loadSnapshot(226)) - group-98559090F793: The snapshot info is null. Setting the last applied indexto:(t:0, i:~)
2019-09-20 14:30:08,889 [pool-49-thread-1] INFO  server.RaftServerConfigKeys (ConfUtils.java:logGet(43)) - raft.server.leader.election.timeout = 120s (custom)
2019-09-20 14:30:08,890 [pool-49-thread-1] INFO  server.RaftServerConfigKeys (ConfUtils.java:logGet(43)) - raft.server.log.use.memory = false (default)
2019-09-20 14:30:08,890 [pool-49-thread-1] INFO  server.RaftServerConfigKeys (ConfUtils.java:logGet(43)) - raft.server.log.purge.gap = 1000000 (custom)
2019-09-20 14:30:08,890 [pool-49-thread-1] INFO  server.RaftServerConfigKeys (ConfUtils.java:logGet(43)) - raft.server.log.appender.buffer.byte-limit = 33554432 (custom)
2019-09-20 14:30:08,890 [pool-49-thread-1] INFO  server.RaftServerConfigKeys (ConfUtils.java:logGet(43)) - raft.server.log.segment.size.max = 1048576 (custom)
2019-09-20 14:30:08,890 [pool-49-thread-1] INFO  server.RaftServerConfigKeys (ConfUtils.java:logGet(43)) - raft.server.log.segment.cache.num.max = 2 (custom)
2019-09-20 14:30:08,890 [pool-49-thread-1] INFO  segmented.SegmentedRaftLogWorker (SegmentedRaftLogWorker.java:<init>(172)) - new 51c8ff27-873d-4cbb-8820-aa0ac2de17d7-SegmentedRaftLogWorker:Storage Directory /workdir/hadoop-ozone/tools/target/test-dir/MiniOzoneClusterImpl-d73f9dc2-2858-4e9b-b98c-6f8fa2850d63/datanode-2/data/ratis/aae2db9e-d1bf-4f47-b922-98559090f793 for RaftStorage:Storage Directory /workdir/hadoop-ozone/tools/target/test-dir/MiniOzoneClusterImpl-d73f9dc2-2858-4e9b-b98c-6f8fa2850d63/datanode-2/data/ratis/aae2db9e-d1bf-4f47-b922-98559090f793
2019-09-20 14:30:08,890 [pool-49-thread-1] INFO  server.RaftServerConfigKeys (ConfUtils.java:logGet(43)) - raft.server.log.queue.byte-limit = 2147483647 (custom)
2019-09-20 14:30:08,891 [pool-49-thread-1] INFO  server.RaftServerConfigKeys (ConfUtils.java:logGet(43)) - raft.server.log.queue.element-limit = 1024 (custom)
2019-09-20 14:30:08,891 [pool-49-thread-1] INFO  server.RaftServerConfigKeys (ConfUtils.java:logGet(43)) - raft.server.log.segment.size.max = 1048576 (custom)
2019-09-20 14:30:08,891 [pool-49-thread-1] INFO  server.RaftServerConfigKeys (ConfUtils.java:logGet(43)) - raft.server.log.preallocated.size = 16384 (custom)
2019-09-20 14:30:08,891 [pool-49-thread-1] INFO  server.RaftServerConfigKeys (ConfUtils.java:logGet(43)) - raft.server.log.write.buffer.size = 33554432 (custom)
2019-09-20 14:30:08,891 [pool-49-thread-1] INFO  server.RaftServerConfigKeys (ConfUtils.java:logGet(43)) - raft.server.log.force.sync.num = 128 (default)
2019-09-20 14:30:08,892 [pool-49-thread-1] INFO  server.RaftServerConfigKeys (ConfUtils.java:logGet(43)) - raft.server.log.statemachine.data.sync = true (default)
2019-09-20 14:30:08,892 [pool-49-thread-1] INFO  server.RaftServerConfigKeys (ConfUtils.java:logGet(43)) - raft.server.log.statemachine.data.sync.timeout = 10s (default)
2019-09-20 14:30:08,892 [pool-49-thread-1] INFO  server.RaftServerConfigKeys (ConfUtils.java:logGet(43)) - raft.server.log.statemachine.data.sync.timeout.retry = -1 (default)
2019-09-20 14:30:08,892 [pool-49-thread-1] INFO  server.RaftServerConfigKeys (ConfUtils.java:logGet(43)) - raft.server.log.statemachine.data.caching.enabled = true (custom)
2019-09-20 14:30:08,893 [pool-49-thread-1] INFO  segmented.SegmentedRaftLogWorker (SegmentedRaftLogWorker.java:lambda$new$0(132)) - 51c8ff27-873d-4cbb-8820-aa0ac2de17d7-SegmentedRaftLogWorker:Storage Directory /workdir/hadoop-ozone/tools/target/test-dir/MiniOzoneClusterImpl-d73f9dc2-2858-4e9b-b98c-6f8fa2850d63/datanode-2/data/ratis/aae2db9e-d1bf-4f47-b922-98559090f793: flushIndex: setUnconditionally 0 -> -1
2019-09-20 14:30:08,893 [pool-49-thread-1] INFO  server.RaftServerConfigKeys (ConfUtils.java:logGet(43)) - raft.server.snapshot.auto.trigger.enabled = true (custom)
2019-09-20 14:30:08,893 [pool-49-thread-1] INFO  server.RaftServerConfigKeys (ConfUtils.java:logGet(43)) - raft.server.snapshot.auto.trigger.threshold = 10000 (custom)
2019-09-20 14:30:08,893 [pool-49-thread-1] INFO  server.RaftServerConfigKeys (ConfUtils.java:logGet(43)) - raft.server.retrycache.expirytime = 600000ms (custom)
2019-09-20 14:30:08,894 [pool-49-thread-1] INFO  impl.RaftServerImpl (RaftServerImpl.java:start(180)) - 51c8ff27-873d-4cbb-8820-aa0ac2de17d7: start group-98559090F793
2019-09-20 14:30:08,894 [pool-49-thread-1] INFO  impl.RaftServerImpl (RaftServerImpl.java:setRole(171)) - 51c8ff27-873d-4cbb-8820-aa0ac2de17d7:group-98559090F793 changes role from null to FOLLOWER at term 0 for startAsFollower
2019-09-20 14:30:08,894 [pool-49-thread-1] INFO  impl.RoleInfo (RoleInfo.java:updateAndGet(143)) - 51c8ff27-873d-4cbb-8820-aa0ac2de17d7: start FollowerState
2019-09-20 14:30:08,894 [pool-49-thread-1] INFO  util.JmxRegister (JmxRegister.java:tryRegister(44)) - Successfully registered JMX Bean with object name Ratis:service=RaftServer,group=group-98559090F793,id=51c8ff27-873d-4cbb-8820-aa0ac2de17d7
2019-09-20 14:30:08,911 [RatisPipelineUtilsThread] INFO  pipeline.PipelineStateManager (PipelineStateManager.java:addPipeline(56)) - Created pipeline Pipeline[ Id: aae2db9e-d1bf-4f47-b922-98559090f793, Nodes: 51c8ff27-873d-4cbb-8820-aa0ac2de17d7{ip: 192.168.36.99, host: pr-hdds-1569-p5fx8-1226042367, networkLocation: /default-rack, certSerialId: null}, Type:RATIS, Factor:ONE, State:OPEN]
2019-09-20 14:30:08,926 [grpc-default-executor-0] INFO  impl.RaftServerProxy (RaftServerProxy.java:addNew(89)) - 414b61dd-dc64-4170-a4f7-ed46231621a1: addNew group-C01D888AA429:[414b61dd-dc64-4170-a4f7-ed46231621a1:192.168.36.99:38147] returns group-C01D888AA429:java.util.concurrent.CompletableFuture@15aa50b7[Not completed]
2019-09-20 14:30:08,928 [pool-27-thread-1] INFO  impl.RaftServerImpl (RaftServerImpl.java:<init>(93)) - 414b61dd-dc64-4170-a4f7-ed46231621a1: new RaftServerImpl for group-C01D888AA429:[414b61dd-dc64-4170-a4f7-ed46231621a1:192.168.36.99:38147] with ContainerStateMachine:uninitialized
2019-09-20 14:30:08,929 [pool-27-thread-1] INFO  server.RaftServerConfigKeys (ConfUtils.java:logGet(43)) - raft.server.rpc.timeout.min = 5s (custom)
2019-09-20 14:30:08,929 [pool-27-thread-1] INFO  server.RaftServerConfigKeys (ConfUtils.java:logGet(43)) - raft.server.rpc.timeout.max = 5200ms (custom)
2019-09-20 14:30:08,929 [pool-27-thread-1] INFO  server.RaftServerConfigKeys (ConfUtils.java:logGet(43)) - raft.server.rpcslowness.timeout = 120s (custom)
2019-09-20 14:30:08,929 [pool-27-thread-1] INFO  server.RaftServerConfigKeys (ConfUtils.java:logGet(43)) - raft.server.sleep.deviation.threshold = 300 (default)
2019-09-20 14:30:08,929 [pool-27-thread-1] INFO  server.RaftServerConfigKeys (ConfUtils.java:logGet(43)) - raft.server.log.appender.install.snapshot.enabled = false (custom)
2019-09-20 14:30:08,930 [pool-27-thread-1] INFO  impl.RaftServerImpl (ServerState.java:<init>(105)) - 414b61dd-dc64-4170-a4f7-ed46231621a1:group-C01D888AA429 ConfigurationManager, init=-1: [414b61dd-dc64-4170-a4f7-ed46231621a1:192.168.36.99:38147], old=null, confs=<EMPTY_MAP>
2019-09-20 14:30:08,930 [pool-27-thread-1] INFO  server.RaftServerConfigKeys (ConfUtils.java:logGet(43)) - raft.server.storage.dir = [/workdir/hadoop-ozone/tools/target/test-dir/MiniOzoneClusterImpl-d73f9dc2-2858-4e9b-b98c-6f8fa2850d63/datanode-0/data/ratis] (custom)
2019-09-20 14:30:08,930 [pool-27-thread-1] INFO  storage.RaftStorageDirectory (RaftStorageDirectory.java:analyzeStorage(246)) - The storage directory /workdir/hadoop-ozone/tools/target/test-dir/MiniOzoneClusterImpl-d73f9dc2-2858-4e9b-b98c-6f8fa2850d63/datanode-0/data/ratis/d39fefef-ca57-4374-ba6f-c01d888aa429 does not exist. Creating ...
2019-09-20 14:30:08,979 [pool-27-thread-1] INFO  storage.RaftStorageDirectory (RaftStorageDirectory.java:tryLock(328)) - Lock on /workdir/hadoop-ozone/tools/target/test-dir/MiniOzoneClusterImpl-d73f9dc2-2858-4e9b-b98c-6f8fa2850d63/datanode-0/data/ratis/d39fefef-ca57-4374-ba6f-c01d888aa429/in_use.lock acquired by nodename 30414@pr-hdds-1569-p5fx8-1226042367
2019-09-20 14:30:09,003 [pool-27-thread-1] INFO  storage.RaftStorage (RaftStorage.java:format(72)) - Storage directory /workdir/hadoop-ozone/tools/target/test-dir/MiniOzoneClusterImpl-d73f9dc2-2858-4e9b-b98c-6f8fa2850d63/datanode-0/data/ratis/d39fefef-ca57-4374-ba6f-c01d888aa429 has been successfully formatted.
2019-09-20 14:30:09,004 [pool-27-thread-1] INFO  ratis.ContainerStateMachine (ContainerStateMachine.java:loadSnapshot(226)) - group-C01D888AA429: The snapshot info is null. Setting the last applied indexto:(t:0, i:~)
2019-09-20 14:30:09,004 [pool-27-thread-1] INFO  server.RaftServerConfigKeys (ConfUtils.java:logGet(43)) - raft.server.leader.election.timeout = 120s (custom)
2019-09-20 14:30:09,005 [pool-27-thread-1] INFO  server.RaftServerConfigKeys (ConfUtils.java:logGet(43)) - raft.server.log.use.memory = false (default)
2019-09-20 14:30:09,005 [pool-27-thread-1] INFO  server.RaftServerConfigKeys (ConfUtils.java:logGet(43)) - raft.server.log.purge.gap = 1000000 (custom)
2019-09-20 14:30:09,005 [pool-27-thread-1] INFO  server.RaftServerConfigKeys (ConfUtils.java:logGet(43)) - raft.server.log.appender.buffer.byte-limit = 33554432 (custom)
2019-09-20 14:30:09,005 [pool-27-thread-1] INFO  server.RaftServerConfigKeys (ConfUtils.java:logGet(43)) - raft.server.log.segment.size.max = 1048576 (custom)
2019-09-20 14:30:09,006 [pool-27-thread-1] INFO  server.RaftServerConfigKeys (ConfUtils.java:logGet(43)) - raft.server.log.segment.cache.num.max = 2 (custom)
2019-09-20 14:30:09,006 [pool-27-thread-1] INFO  segmented.SegmentedRaftLogWorker (SegmentedRaftLogWorker.java:<init>(172)) - new 414b61dd-dc64-4170-a4f7-ed46231621a1-SegmentedRaftLogWorker:Storage Directory /workdir/hadoop-ozone/tools/target/test-dir/MiniOzoneClusterImpl-d73f9dc2-2858-4e9b-b98c-6f8fa2850d63/datanode-0/data/ratis/d39fefef-ca57-4374-ba6f-c01d888aa429 for RaftStorage:Storage Directory /workdir/hadoop-ozone/tools/target/test-dir/MiniOzoneClusterImpl-d73f9dc2-2858-4e9b-b98c-6f8fa2850d63/datanode-0/data/ratis/d39fefef-ca57-4374-ba6f-c01d888aa429
2019-09-20 14:30:09,006 [pool-27-thread-1] INFO  server.RaftServerConfigKeys (ConfUtils.java:logGet(43)) - raft.server.log.queue.byte-limit = 2147483647 (custom)
2019-09-20 14:30:09,006 [pool-27-thread-1] INFO  server.RaftServerConfigKeys (ConfUtils.java:logGet(43)) - raft.server.log.queue.element-limit = 1024 (custom)
2019-09-20 14:30:09,007 [pool-27-thread-1] INFO  server.RaftServerConfigKeys (ConfUtils.java:logGet(43)) - raft.server.log.segment.size.max = 1048576 (custom)
2019-09-20 14:30:09,007 [pool-27-thread-1] INFO  server.RaftServerConfigKeys (ConfUtils.java:logGet(43)) - raft.server.log.preallocated.size = 16384 (custom)
2019-09-20 14:30:09,007 [pool-27-thread-1] INFO  server.RaftServerConfigKeys (ConfUtils.java:logGet(43)) - raft.server.log.write.buffer.size = 33554432 (custom)
2019-09-20 14:30:09,007 [pool-27-thread-1] INFO  server.RaftServerConfigKeys (ConfUtils.java:logGet(43)) - raft.server.log.force.sync.num = 128 (default)
2019-09-20 14:30:09,008 [pool-27-thread-1] INFO  server.RaftServerConfigKeys (ConfUtils.java:logGet(43)) - raft.server.log.statemachine.data.sync = true (default)
2019-09-20 14:30:09,008 [pool-27-thread-1] INFO  server.RaftServerConfigKeys (ConfUtils.java:logGet(43)) - raft.server.log.statemachine.data.sync.timeout = 10s (default)
2019-09-20 14:30:09,008 [pool-27-thread-1] INFO  server.RaftServerConfigKeys (ConfUtils.java:logGet(43)) - raft.server.log.statemachine.data.sync.timeout.retry = -1 (default)
2019-09-20 14:30:09,008 [pool-27-thread-1] INFO  server.RaftServerConfigKeys (ConfUtils.java:logGet(43)) - raft.server.log.statemachine.data.caching.enabled = true (custom)
2019-09-20 14:30:09,009 [pool-27-thread-1] INFO  segmented.SegmentedRaftLogWorker (SegmentedRaftLogWorker.java:lambda$new$0(132)) - 414b61dd-dc64-4170-a4f7-ed46231621a1-SegmentedRaftLogWorker:Storage Directory /workdir/hadoop-ozone/tools/target/test-dir/MiniOzoneClusterImpl-d73f9dc2-2858-4e9b-b98c-6f8fa2850d63/datanode-0/data/ratis/d39fefef-ca57-4374-ba6f-c01d888aa429: flushIndex: setUnconditionally 0 -> -1
2019-09-20 14:30:09,009 [pool-27-thread-1] INFO  server.RaftServerConfigKeys (ConfUtils.java:logGet(43)) - raft.server.snapshot.auto.trigger.enabled = true (custom)
2019-09-20 14:30:09,010 [pool-27-thread-1] INFO  server.RaftServerConfigKeys (ConfUtils.java:logGet(43)) - raft.server.snapshot.auto.trigger.threshold = 10000 (custom)
2019-09-20 14:30:09,010 [pool-27-thread-1] INFO  server.RaftServerConfigKeys (ConfUtils.java:logGet(43)) - raft.server.retrycache.expirytime = 600000ms (custom)
2019-09-20 14:30:09,010 [pool-27-thread-1] INFO  impl.RaftServerImpl (RaftServerImpl.java:start(180)) - 414b61dd-dc64-4170-a4f7-ed46231621a1: start group-C01D888AA429
2019-09-20 14:30:09,011 [pool-27-thread-1] INFO  impl.RaftServerImpl (RaftServerImpl.java:setRole(171)) - 414b61dd-dc64-4170-a4f7-ed46231621a1:group-C01D888AA429 changes role from null to FOLLOWER at term 0 for startAsFollower
2019-09-20 14:30:09,011 [pool-27-thread-1] INFO  impl.RoleInfo (RoleInfo.java:updateAndGet(143)) - 414b61dd-dc64-4170-a4f7-ed46231621a1: start FollowerState
2019-09-20 14:30:09,012 [pool-27-thread-1] INFO  util.JmxRegister (JmxRegister.java:tryRegister(44)) - Successfully registered JMX Bean with object name Ratis:service=RaftServer,group=group-C01D888AA429,id=414b61dd-dc64-4170-a4f7-ed46231621a1
2019-09-20 14:30:09,028 [RatisPipelineUtilsThread] INFO  pipeline.PipelineStateManager (PipelineStateManager.java:addPipeline(56)) - Created pipeline Pipeline[ Id: d39fefef-ca57-4374-ba6f-c01d888aa429, Nodes: 414b61dd-dc64-4170-a4f7-ed46231621a1{ip: 192.168.36.99, host: pr-hdds-1569-p5fx8-1226042367, networkLocation: /default-rack, certSerialId: null}, Type:RATIS, Factor:ONE, State:OPEN]
2019-09-20 14:30:09,045 [grpc-default-executor-0] INFO  impl.RaftServerProxy (RaftServerProxy.java:addNew(89)) - 414b61dd-dc64-4170-a4f7-ed46231621a1: addNew group-ABB60877161F:[414b61dd-dc64-4170-a4f7-ed46231621a1:192.168.36.99:38147] returns group-ABB60877161F:java.util.concurrent.CompletableFuture@2a51e011[Not completed]
2019-09-20 14:30:09,047 [pool-27-thread-1] INFO  impl.RaftServerImpl (RaftServerImpl.java:<init>(93)) - 414b61dd-dc64-4170-a4f7-ed46231621a1: new RaftServerImpl for group-ABB60877161F:[414b61dd-dc64-4170-a4f7-ed46231621a1:192.168.36.99:38147] with ContainerStateMachine:uninitialized
2019-09-20 14:30:09,047 [pool-27-thread-1] INFO  server.RaftServerConfigKeys (ConfUtils.java:logGet(43)) - raft.server.rpc.timeout.min = 5s (custom)
2019-09-20 14:30:09,048 [pool-27-thread-1] INFO  server.RaftServerConfigKeys (ConfUtils.java:logGet(43)) - raft.server.rpc.timeout.max = 5200ms (custom)
2019-09-20 14:30:09,048 [pool-27-thread-1] INFO  server.RaftServerConfigKeys (ConfUtils.java:logGet(43)) - raft.server.rpcslowness.timeout = 120s (custom)
2019-09-20 14:30:09,048 [pool-27-thread-1] INFO  server.RaftServerConfigKeys (ConfUtils.java:logGet(43)) - raft.server.sleep.deviation.threshold = 300 (default)
2019-09-20 14:30:09,048 [pool-27-thread-1] INFO  server.RaftServerConfigKeys (ConfUtils.java:logGet(43)) - raft.server.log.appender.install.snapshot.enabled = false (custom)
2019-09-20 14:30:09,049 [pool-27-thread-1] INFO  impl.RaftServerImpl (ServerState.java:<init>(105)) - 414b61dd-dc64-4170-a4f7-ed46231621a1:group-ABB60877161F ConfigurationManager, init=-1: [414b61dd-dc64-4170-a4f7-ed46231621a1:192.168.36.99:38147], old=null, confs=<EMPTY_MAP>
2019-09-20 14:30:09,049 [pool-27-thread-1] INFO  server.RaftServerConfigKeys (ConfUtils.java:logGet(43)) - raft.server.storage.dir = [/workdir/hadoop-ozone/tools/target/test-dir/MiniOzoneClusterImpl-d73f9dc2-2858-4e9b-b98c-6f8fa2850d63/datanode-0/data/ratis] (custom)
2019-09-20 14:30:09,049 [pool-27-thread-1] INFO  storage.RaftStorageDirectory (RaftStorageDirectory.java:analyzeStorage(246)) - The storage directory /workdir/hadoop-ozone/tools/target/test-dir/MiniOzoneClusterImpl-d73f9dc2-2858-4e9b-b98c-6f8fa2850d63/datanode-0/data/ratis/a9547818-f897-4f8e-b8bc-abb60877161f does not exist. Creating ...
2019-09-20 14:30:09,079 [pool-27-thread-1] INFO  storage.RaftStorageDirectory (RaftStorageDirectory.java:tryLock(328)) - Lock on /workdir/hadoop-ozone/tools/target/test-dir/MiniOzoneClusterImpl-d73f9dc2-2858-4e9b-b98c-6f8fa2850d63/datanode-0/data/ratis/a9547818-f897-4f8e-b8bc-abb60877161f/in_use.lock acquired by nodename 30414@pr-hdds-1569-p5fx8-1226042367
2019-09-20 14:30:09,094 [pool-27-thread-1] INFO  storage.RaftStorage (RaftStorage.java:format(72)) - Storage directory /workdir/hadoop-ozone/tools/target/test-dir/MiniOzoneClusterImpl-d73f9dc2-2858-4e9b-b98c-6f8fa2850d63/datanode-0/data/ratis/a9547818-f897-4f8e-b8bc-abb60877161f has been successfully formatted.
2019-09-20 14:30:09,094 [pool-27-thread-1] INFO  ratis.ContainerStateMachine (ContainerStateMachine.java:loadSnapshot(226)) - group-ABB60877161F: The snapshot info is null. Setting the last applied indexto:(t:0, i:~)
2019-09-20 14:30:09,096 [pool-27-thread-1] INFO  server.RaftServerConfigKeys (ConfUtils.java:logGet(43)) - raft.server.leader.election.timeout = 120s (custom)
2019-09-20 14:30:09,096 [pool-27-thread-1] INFO  server.RaftServerConfigKeys (ConfUtils.java:logGet(43)) - raft.server.log.use.memory = false (default)
2019-09-20 14:30:09,097 [pool-27-thread-1] INFO  server.RaftServerConfigKeys (ConfUtils.java:logGet(43)) - raft.server.log.purge.gap = 1000000 (custom)
2019-09-20 14:30:09,097 [pool-27-thread-1] INFO  server.RaftServerConfigKeys (ConfUtils.java:logGet(43)) - raft.server.log.appender.buffer.byte-limit = 33554432 (custom)
2019-09-20 14:30:09,097 [pool-27-thread-1] INFO  server.RaftServerConfigKeys (ConfUtils.java:logGet(43)) - raft.server.log.segment.size.max = 1048576 (custom)
2019-09-20 14:30:09,097 [pool-27-thread-1] INFO  server.RaftServerConfigKeys (ConfUtils.java:logGet(43)) - raft.server.log.segment.cache.num.max = 2 (custom)
2019-09-20 14:30:09,097 [pool-27-thread-1] INFO  segmented.SegmentedRaftLogWorker (SegmentedRaftLogWorker.java:<init>(172)) - new 414b61dd-dc64-4170-a4f7-ed46231621a1-SegmentedRaftLogWorker:Storage Directory /workdir/hadoop-ozone/tools/target/test-dir/MiniOzoneClusterImpl-d73f9dc2-2858-4e9b-b98c-6f8fa2850d63/datanode-0/data/ratis/a9547818-f897-4f8e-b8bc-abb60877161f for RaftStorage:Storage Directory /workdir/hadoop-ozone/tools/target/test-dir/MiniOzoneClusterImpl-d73f9dc2-2858-4e9b-b98c-6f8fa2850d63/datanode-0/data/ratis/a9547818-f897-4f8e-b8bc-abb60877161f
2019-09-20 14:30:09,098 [pool-27-thread-1] INFO  server.RaftServerConfigKeys (ConfUtils.java:logGet(43)) - raft.server.log.queue.byte-limit = 2147483647 (custom)
2019-09-20 14:30:09,098 [pool-27-thread-1] INFO  server.RaftServerConfigKeys (ConfUtils.java:logGet(43)) - raft.server.log.queue.element-limit = 1024 (custom)
2019-09-20 14:30:09,098 [pool-27-thread-1] INFO  server.RaftServerConfigKeys (ConfUtils.java:logGet(43)) - raft.server.log.segment.size.max = 1048576 (custom)
2019-09-20 14:30:09,098 [pool-27-thread-1] INFO  server.RaftServerConfigKeys (ConfUtils.java:logGet(43)) - raft.server.log.preallocated.size = 16384 (custom)
2019-09-20 14:30:09,099 [pool-27-thread-1] INFO  server.RaftServerConfigKeys (ConfUtils.java:logGet(43)) - raft.server.log.write.buffer.size = 33554432 (custom)
2019-09-20 14:30:09,099 [pool-27-thread-1] INFO  server.RaftServerConfigKeys (ConfUtils.java:logGet(43)) - raft.server.log.force.sync.num = 128 (default)
2019-09-20 14:30:09,099 [pool-27-thread-1] INFO  server.RaftServerConfigKeys (ConfUtils.java:logGet(43)) - raft.server.log.statemachine.data.sync = true (default)
2019-09-20 14:30:09,099 [pool-27-thread-1] INFO  server.RaftServerConfigKeys (ConfUtils.java:logGet(43)) - raft.server.log.statemachine.data.sync.timeout = 10s (default)
2019-09-20 14:30:09,099 [pool-27-thread-1] INFO  server.RaftServerConfigKeys (ConfUtils.java:logGet(43)) - raft.server.log.statemachine.data.sync.timeout.retry = -1 (default)
2019-09-20 14:30:09,100 [pool-27-thread-1] INFO  server.RaftServerConfigKeys (ConfUtils.java:logGet(43)) - raft.server.log.statemachine.data.caching.enabled = true (custom)
2019-09-20 14:30:09,100 [pool-27-thread-1] INFO  segmented.SegmentedRaftLogWorker (SegmentedRaftLogWorker.java:lambda$new$0(132)) - 414b61dd-dc64-4170-a4f7-ed46231621a1-SegmentedRaftLogWorker:Storage Directory /workdir/hadoop-ozone/tools/target/test-dir/MiniOzoneClusterImpl-d73f9dc2-2858-4e9b-b98c-6f8fa2850d63/datanode-0/data/ratis/a9547818-f897-4f8e-b8bc-abb60877161f: flushIndex: setUnconditionally 0 -> -1
2019-09-20 14:30:09,101 [pool-27-thread-1] INFO  server.RaftServerConfigKeys (ConfUtils.java:logGet(43)) - raft.server.snapshot.auto.trigger.enabled = true (custom)
2019-09-20 14:30:09,101 [pool-27-thread-1] INFO  server.RaftServerConfigKeys (ConfUtils.java:logGet(43)) - raft.server.snapshot.auto.trigger.threshold = 10000 (custom)
2019-09-20 14:30:09,101 [pool-27-thread-1] INFO  server.RaftServerConfigKeys (ConfUtils.java:logGet(43)) - raft.server.retrycache.expirytime = 600000ms (custom)
2019-09-20 14:30:09,102 [pool-27-thread-1] INFO  impl.RaftServerImpl (RaftServerImpl.java:start(180)) - 414b61dd-dc64-4170-a4f7-ed46231621a1: start group-ABB60877161F
2019-09-20 14:30:09,102 [pool-27-thread-1] INFO  impl.RaftServerImpl (RaftServerImpl.java:setRole(171)) - 414b61dd-dc64-4170-a4f7-ed46231621a1:group-ABB60877161F changes role from null to FOLLOWER at term 0 for startAsFollower
2019-09-20 14:30:09,102 [pool-27-thread-1] INFO  impl.RoleInfo (RoleInfo.java:updateAndGet(143)) - 414b61dd-dc64-4170-a4f7-ed46231621a1: start FollowerState
2019-09-20 14:30:09,103 [pool-27-thread-1] INFO  util.JmxRegister (JmxRegister.java:tryRegister(44)) - Successfully registered JMX Bean with object name Ratis:service=RaftServer,group=group-ABB60877161F,id=414b61dd-dc64-4170-a4f7-ed46231621a1
2019-09-20 14:30:09,105 | INFO  | SCMAudit | user=jenkins1000 | ip=192.168.36.99 | op=SEND_HEARTBEAT {datanodeUUID=414b61dd-dc64-4170-a4f7-ed46231621a1, command=[]} | ret=SUCCESS |  
2019-09-20 14:30:09,115 [RatisPipelineUtilsThread] INFO  pipeline.PipelineStateManager (PipelineStateManager.java:addPipeline(56)) - Created pipeline Pipeline[ Id: a9547818-f897-4f8e-b8bc-abb60877161f, Nodes: 414b61dd-dc64-4170-a4f7-ed46231621a1{ip: 192.168.36.99, host: pr-hdds-1569-p5fx8-1226042367, networkLocation: /default-rack, certSerialId: null}, Type:RATIS, Factor:ONE, State:OPEN]
2019-09-20 14:30:09,131 [grpc-default-executor-0] INFO  impl.RaftServerProxy (RaftServerProxy.java:addNew(89)) - 91f00b63-c6d2-4d34-b168-5848dae554d4: addNew group-92A0057EB54E:[91f00b63-c6d2-4d34-b168-5848dae554d4:192.168.36.99:38636] returns group-92A0057EB54E:java.util.concurrent.CompletableFuture@76464ae2[Not completed]
2019-09-20 14:30:09,134 [pool-60-thread-1] INFO  impl.RaftServerImpl (RaftServerImpl.java:<init>(93)) - 91f00b63-c6d2-4d34-b168-5848dae554d4: new RaftServerImpl for group-92A0057EB54E:[91f00b63-c6d2-4d34-b168-5848dae554d4:192.168.36.99:38636] with ContainerStateMachine:uninitialized
2019-09-20 14:30:09,134 [pool-60-thread-1] INFO  server.RaftServerConfigKeys (ConfUtils.java:logGet(43)) - raft.server.rpc.timeout.min = 5s (custom)
2019-09-20 14:30:09,134 [pool-60-thread-1] INFO  server.RaftServerConfigKeys (ConfUtils.java:logGet(43)) - raft.server.rpc.timeout.max = 5200ms (custom)
2019-09-20 14:30:09,134 [pool-60-thread-1] INFO  server.RaftServerConfigKeys (ConfUtils.java:logGet(43)) - raft.server.rpcslowness.timeout = 120s (custom)
2019-09-20 14:30:09,135 [pool-60-thread-1] INFO  server.RaftServerConfigKeys (ConfUtils.java:logGet(43)) - raft.server.sleep.deviation.threshold = 300 (default)
2019-09-20 14:30:09,135 [pool-60-thread-1] INFO  server.RaftServerConfigKeys (ConfUtils.java:logGet(43)) - raft.server.log.appender.install.snapshot.enabled = false (custom)
2019-09-20 14:30:09,135 [pool-60-thread-1] INFO  impl.RaftServerImpl (ServerState.java:<init>(105)) - 91f00b63-c6d2-4d34-b168-5848dae554d4:group-92A0057EB54E ConfigurationManager, init=-1: [91f00b63-c6d2-4d34-b168-5848dae554d4:192.168.36.99:38636], old=null, confs=<EMPTY_MAP>
2019-09-20 14:30:09,135 [pool-60-thread-1] INFO  server.RaftServerConfigKeys (ConfUtils.java:logGet(43)) - raft.server.storage.dir = [/workdir/hadoop-ozone/tools/target/test-dir/MiniOzoneClusterImpl-d73f9dc2-2858-4e9b-b98c-6f8fa2850d63/datanode-3/data/ratis] (custom)
2019-09-20 14:30:09,136 [pool-60-thread-1] INFO  storage.RaftStorageDirectory (RaftStorageDirectory.java:analyzeStorage(246)) - The storage directory /workdir/hadoop-ozone/tools/target/test-dir/MiniOzoneClusterImpl-d73f9dc2-2858-4e9b-b98c-6f8fa2850d63/datanode-3/data/ratis/a37bc9c7-05e0-4ee3-823e-92a0057eb54e does not exist. Creating ...
2019-09-20 14:30:09,154 [pool-60-thread-1] INFO  storage.RaftStorageDirectory (RaftStorageDirectory.java:tryLock(328)) - Lock on /workdir/hadoop-ozone/tools/target/test-dir/MiniOzoneClusterImpl-d73f9dc2-2858-4e9b-b98c-6f8fa2850d63/datanode-3/data/ratis/a37bc9c7-05e0-4ee3-823e-92a0057eb54e/in_use.lock acquired by nodename 30414@pr-hdds-1569-p5fx8-1226042367
2019-09-20 14:30:09,198 [pool-60-thread-1] INFO  storage.RaftStorage (RaftStorage.java:format(72)) - Storage directory /workdir/hadoop-ozone/tools/target/test-dir/MiniOzoneClusterImpl-d73f9dc2-2858-4e9b-b98c-6f8fa2850d63/datanode-3/data/ratis/a37bc9c7-05e0-4ee3-823e-92a0057eb54e has been successfully formatted.
2019-09-20 14:30:09,198 [pool-60-thread-1] INFO  ratis.ContainerStateMachine (ContainerStateMachine.java:loadSnapshot(226)) - group-92A0057EB54E: The snapshot info is null. Setting the last applied indexto:(t:0, i:~)
2019-09-20 14:30:09,199 [pool-60-thread-1] INFO  server.RaftServerConfigKeys (ConfUtils.java:logGet(43)) - raft.server.leader.election.timeout = 120s (custom)
2019-09-20 14:30:09,199 [pool-60-thread-1] INFO  server.RaftServerConfigKeys (ConfUtils.java:logGet(43)) - raft.server.log.use.memory = false (default)
2019-09-20 14:30:09,199 [pool-60-thread-1] INFO  server.RaftServerConfigKeys (ConfUtils.java:logGet(43)) - raft.server.log.purge.gap = 1000000 (custom)
2019-09-20 14:30:09,199 [pool-60-thread-1] INFO  server.RaftServerConfigKeys (ConfUtils.java:logGet(43)) - raft.server.log.appender.buffer.byte-limit = 33554432 (custom)
2019-09-20 14:30:09,199 [pool-60-thread-1] INFO  server.RaftServerConfigKeys (ConfUtils.java:logGet(43)) - raft.server.log.segment.size.max = 1048576 (custom)
2019-09-20 14:30:09,200 [pool-60-thread-1] INFO  server.RaftServerConfigKeys (ConfUtils.java:logGet(43)) - raft.server.log.segment.cache.num.max = 2 (custom)
2019-09-20 14:30:09,200 [pool-60-thread-1] INFO  segmented.SegmentedRaftLogWorker (SegmentedRaftLogWorker.java:<init>(172)) - new 91f00b63-c6d2-4d34-b168-5848dae554d4-SegmentedRaftLogWorker:Storage Directory /workdir/hadoop-ozone/tools/target/test-dir/MiniOzoneClusterImpl-d73f9dc2-2858-4e9b-b98c-6f8fa2850d63/datanode-3/data/ratis/a37bc9c7-05e0-4ee3-823e-92a0057eb54e for RaftStorage:Storage Directory /workdir/hadoop-ozone/tools/target/test-dir/MiniOzoneClusterImpl-d73f9dc2-2858-4e9b-b98c-6f8fa2850d63/datanode-3/data/ratis/a37bc9c7-05e0-4ee3-823e-92a0057eb54e
2019-09-20 14:30:09,200 [pool-60-thread-1] INFO  server.RaftServerConfigKeys (ConfUtils.java:logGet(43)) - raft.server.log.queue.byte-limit = 2147483647 (custom)
2019-09-20 14:30:09,200 [pool-60-thread-1] INFO  server.RaftServerConfigKeys (ConfUtils.java:logGet(43)) - raft.server.log.queue.element-limit = 1024 (custom)
2019-09-20 14:30:09,201 [pool-60-thread-1] INFO  server.RaftServerConfigKeys (ConfUtils.java:logGet(43)) - raft.server.log.segment.size.max = 1048576 (custom)
2019-09-20 14:30:09,201 [pool-60-thread-1] INFO  server.RaftServerConfigKeys (ConfUtils.java:logGet(43)) - raft.server.log.preallocated.size = 16384 (custom)
2019-09-20 14:30:09,201 [pool-60-thread-1] INFO  server.RaftServerConfigKeys (ConfUtils.java:logGet(43)) - raft.server.log.write.buffer.size = 33554432 (custom)
2019-09-20 14:30:09,201 [pool-60-thread-1] INFO  server.RaftServerConfigKeys (ConfUtils.java:logGet(43)) - raft.server.log.force.sync.num = 128 (default)
2019-09-20 14:30:09,201 [pool-60-thread-1] INFO  server.RaftServerConfigKeys (ConfUtils.java:logGet(43)) - raft.server.log.statemachine.data.sync = true (default)
2019-09-20 14:30:09,202 [pool-60-thread-1] INFO  server.RaftServerConfigKeys (ConfUtils.java:logGet(43)) - raft.server.log.statemachine.data.sync.timeout = 10s (default)
2019-09-20 14:30:09,202 [pool-60-thread-1] INFO  server.RaftServerConfigKeys (ConfUtils.java:logGet(43)) - raft.server.log.statemachine.data.sync.timeout.retry = -1 (default)
2019-09-20 14:30:09,202 [pool-60-thread-1] INFO  server.RaftServerConfigKeys (ConfUtils.java:logGet(43)) - raft.server.log.statemachine.data.caching.enabled = true (custom)
2019-09-20 14:30:09,203 [pool-60-thread-1] INFO  segmented.SegmentedRaftLogWorker (SegmentedRaftLogWorker.java:lambda$new$0(132)) - 91f00b63-c6d2-4d34-b168-5848dae554d4-SegmentedRaftLogWorker:Storage Directory /workdir/hadoop-ozone/tools/target/test-dir/MiniOzoneClusterImpl-d73f9dc2-2858-4e9b-b98c-6f8fa2850d63/datanode-3/data/ratis/a37bc9c7-05e0-4ee3-823e-92a0057eb54e: flushIndex: setUnconditionally 0 -> -1
2019-09-20 14:30:09,203 [pool-60-thread-1] INFO  server.RaftServerConfigKeys (ConfUtils.java:logGet(43)) - raft.server.snapshot.auto.trigger.enabled = true (custom)
2019-09-20 14:30:09,203 [pool-60-thread-1] INFO  server.RaftServerConfigKeys (ConfUtils.java:logGet(43)) - raft.server.snapshot.auto.trigger.threshold = 10000 (custom)
2019-09-20 14:30:09,204 [pool-60-thread-1] INFO  server.RaftServerConfigKeys (ConfUtils.java:logGet(43)) - raft.server.retrycache.expirytime = 600000ms (custom)
2019-09-20 14:30:09,204 [pool-60-thread-1] INFO  impl.RaftServerImpl (RaftServerImpl.java:start(180)) - 91f00b63-c6d2-4d34-b168-5848dae554d4: start group-92A0057EB54E
2019-09-20 14:30:09,204 [pool-60-thread-1] INFO  impl.RaftServerImpl (RaftServerImpl.java:setRole(171)) - 91f00b63-c6d2-4d34-b168-5848dae554d4:group-92A0057EB54E changes role from null to FOLLOWER at term 0 for startAsFollower
2019-09-20 14:30:09,204 [pool-60-thread-1] INFO  impl.RoleInfo (RoleInfo.java:updateAndGet(143)) - 91f00b63-c6d2-4d34-b168-5848dae554d4: start FollowerState
2019-09-20 14:30:09,205 [pool-60-thread-1] INFO  util.JmxRegister (JmxRegister.java:tryRegister(44)) - Successfully registered JMX Bean with object name Ratis:service=RaftServer,group=group-92A0057EB54E,id=91f00b63-c6d2-4d34-b168-5848dae554d4
2019-09-20 14:30:09,217 [RatisPipelineUtilsThread] INFO  pipeline.PipelineStateManager (PipelineStateManager.java:addPipeline(56)) - Created pipeline Pipeline[ Id: a37bc9c7-05e0-4ee3-823e-92a0057eb54e, Nodes: 91f00b63-c6d2-4d34-b168-5848dae554d4{ip: 192.168.36.99, host: pr-hdds-1569-p5fx8-1226042367, networkLocation: /default-rack, certSerialId: null}, Type:RATIS, Factor:ONE, State:OPEN]
2019-09-20 14:30:09,232 [grpc-default-executor-0] INFO  impl.RaftServerProxy (RaftServerProxy.java:addNew(89)) - 414b61dd-dc64-4170-a4f7-ed46231621a1: addNew group-78D931843225:[414b61dd-dc64-4170-a4f7-ed46231621a1:192.168.36.99:38147] returns group-78D931843225:java.util.concurrent.CompletableFuture@175d4aee[Not completed]
2019-09-20 14:30:09,235 [pool-27-thread-1] INFO  impl.RaftServerImpl (RaftServerImpl.java:<init>(93)) - 414b61dd-dc64-4170-a4f7-ed46231621a1: new RaftServerImpl for group-78D931843225:[414b61dd-dc64-4170-a4f7-ed46231621a1:192.168.36.99:38147] with ContainerStateMachine:uninitialized
2019-09-20 14:30:09,235 [pool-27-thread-1] INFO  server.RaftServerConfigKeys (ConfUtils.java:logGet(43)) - raft.server.rpc.timeout.min = 5s (custom)
2019-09-20 14:30:09,235 [pool-27-thread-1] INFO  server.RaftServerConfigKeys (ConfUtils.java:logGet(43)) - raft.server.rpc.timeout.max = 5200ms (custom)
2019-09-20 14:30:09,236 [pool-27-thread-1] INFO  server.RaftServerConfigKeys (ConfUtils.java:logGet(43)) - raft.server.rpcslowness.timeout = 120s (custom)
2019-09-20 14:30:09,236 [pool-27-thread-1] INFO  server.RaftServerConfigKeys (ConfUtils.java:logGet(43)) - raft.server.sleep.deviation.threshold = 300 (default)
2019-09-20 14:30:09,236 [pool-27-thread-1] INFO  server.RaftServerConfigKeys (ConfUtils.java:logGet(43)) - raft.server.log.appender.install.snapshot.enabled = false (custom)
2019-09-20 14:30:09,236 [pool-27-thread-1] INFO  impl.RaftServerImpl (ServerState.java:<init>(105)) - 414b61dd-dc64-4170-a4f7-ed46231621a1:group-78D931843225 ConfigurationManager, init=-1: [414b61dd-dc64-4170-a4f7-ed46231621a1:192.168.36.99:38147], old=null, confs=<EMPTY_MAP>
2019-09-20 14:30:09,236 [pool-27-thread-1] INFO  server.RaftServerConfigKeys (ConfUtils.java:logGet(43)) - raft.server.storage.dir = [/workdir/hadoop-ozone/tools/target/test-dir/MiniOzoneClusterImpl-d73f9dc2-2858-4e9b-b98c-6f8fa2850d63/datanode-0/data/ratis] (custom)
2019-09-20 14:30:09,237 [pool-27-thread-1] INFO  storage.RaftStorageDirectory (RaftStorageDirectory.java:analyzeStorage(246)) - The storage directory /workdir/hadoop-ozone/tools/target/test-dir/MiniOzoneClusterImpl-d73f9dc2-2858-4e9b-b98c-6f8fa2850d63/datanode-0/data/ratis/3b8b3009-45f6-4416-8946-78d931843225 does not exist. Creating ...
2019-09-20 14:30:09,261 [pool-27-thread-1] INFO  storage.RaftStorageDirectory (RaftStorageDirectory.java:tryLock(328)) - Lock on /workdir/hadoop-ozone/tools/target/test-dir/MiniOzoneClusterImpl-d73f9dc2-2858-4e9b-b98c-6f8fa2850d63/datanode-0/data/ratis/3b8b3009-45f6-4416-8946-78d931843225/in_use.lock acquired by nodename 30414@pr-hdds-1569-p5fx8-1226042367
2019-09-20 14:30:09,261 [main] INFO  ozone.MiniOzoneClusterImpl (MiniOzoneClusterImpl.java:lambda$waitForClusterToBeReady$0(142)) - Cluster is ready. Got 5 of 5 DN Heartbeats.
2019-09-20 14:30:09,287 [pool-27-thread-1] INFO  storage.RaftStorage (RaftStorage.java:format(72)) - Storage directory /workdir/hadoop-ozone/tools/target/test-dir/MiniOzoneClusterImpl-d73f9dc2-2858-4e9b-b98c-6f8fa2850d63/datanode-0/data/ratis/3b8b3009-45f6-4416-8946-78d931843225 has been successfully formatted.
2019-09-20 14:30:09,287 [pool-27-thread-1] INFO  ratis.ContainerStateMachine (ContainerStateMachine.java:loadSnapshot(226)) - group-78D931843225: The snapshot info is null. Setting the last applied indexto:(t:0, i:~)
2019-09-20 14:30:09,287 [pool-27-thread-1] INFO  server.RaftServerConfigKeys (ConfUtils.java:logGet(43)) - raft.server.leader.election.timeout = 120s (custom)
2019-09-20 14:30:09,288 [pool-27-thread-1] INFO  server.RaftServerConfigKeys (ConfUtils.java:logGet(43)) - raft.server.log.use.memory = false (default)
2019-09-20 14:30:09,288 [pool-27-thread-1] INFO  server.RaftServerConfigKeys (ConfUtils.java:logGet(43)) - raft.server.log.purge.gap = 1000000 (custom)
2019-09-20 14:30:09,288 [pool-27-thread-1] INFO  server.RaftServerConfigKeys (ConfUtils.java:logGet(43)) - raft.server.log.appender.buffer.byte-limit = 33554432 (custom)
2019-09-20 14:30:09,288 [pool-27-thread-1] INFO  server.RaftServerConfigKeys (ConfUtils.java:logGet(43)) - raft.server.log.segment.size.max = 1048576 (custom)
2019-09-20 14:30:09,288 [pool-27-thread-1] INFO  server.RaftServerConfigKeys (ConfUtils.java:logGet(43)) - raft.server.log.segment.cache.num.max = 2 (custom)
2019-09-20 14:30:09,289 [pool-27-thread-1] INFO  segmented.SegmentedRaftLogWorker (SegmentedRaftLogWorker.java:<init>(172)) - new 414b61dd-dc64-4170-a4f7-ed46231621a1-SegmentedRaftLogWorker:Storage Directory /workdir/hadoop-ozone/tools/target/test-dir/MiniOzoneClusterImpl-d73f9dc2-2858-4e9b-b98c-6f8fa2850d63/datanode-0/data/ratis/3b8b3009-45f6-4416-8946-78d931843225 for RaftStorage:Storage Directory /workdir/hadoop-ozone/tools/target/test-dir/MiniOzoneClusterImpl-d73f9dc2-2858-4e9b-b98c-6f8fa2850d63/datanode-0/data/ratis/3b8b3009-45f6-4416-8946-78d931843225
2019-09-20 14:30:09,289 [pool-27-thread-1] INFO  server.RaftServerConfigKeys (ConfUtils.java:logGet(43)) - raft.server.log.queue.byte-limit = 2147483647 (custom)
2019-09-20 14:30:09,289 [pool-27-thread-1] INFO  server.RaftServerConfigKeys (ConfUtils.java:logGet(43)) - raft.server.log.queue.element-limit = 1024 (custom)
2019-09-20 14:30:09,289 [pool-27-thread-1] INFO  server.RaftServerConfigKeys (ConfUtils.java:logGet(43)) - raft.server.log.segment.size.max = 1048576 (custom)
2019-09-20 14:30:09,290 [pool-27-thread-1] INFO  server.RaftServerConfigKeys (ConfUtils.java:logGet(43)) - raft.server.log.preallocated.size = 16384 (custom)
2019-09-20 14:30:09,290 [pool-27-thread-1] INFO  server.RaftServerConfigKeys (ConfUtils.java:logGet(43)) - raft.server.log.write.buffer.size = 33554432 (custom)
2019-09-20 14:30:09,290 [pool-27-thread-1] INFO  server.RaftServerConfigKeys (ConfUtils.java:logGet(43)) - raft.server.log.force.sync.num = 128 (default)
2019-09-20 14:30:09,290 [pool-27-thread-1] INFO  server.RaftServerConfigKeys (ConfUtils.java:logGet(43)) - raft.server.log.statemachine.data.sync = true (default)
2019-09-20 14:30:09,290 [pool-27-thread-1] INFO  server.RaftServerConfigKeys (ConfUtils.java:logGet(43)) - raft.server.log.statemachine.data.sync.timeout = 10s (default)
2019-09-20 14:30:09,291 [pool-27-thread-1] INFO  server.RaftServerConfigKeys (ConfUtils.java:logGet(43)) - raft.server.log.statemachine.data.sync.timeout.retry = -1 (default)
2019-09-20 14:30:09,291 [pool-27-thread-1] INFO  server.RaftServerConfigKeys (ConfUtils.java:logGet(43)) - raft.server.log.statemachine.data.caching.enabled = true (custom)
2019-09-20 14:30:09,291 [pool-27-thread-1] INFO  segmented.SegmentedRaftLogWorker (SegmentedRaftLogWorker.java:lambda$new$0(132)) - 414b61dd-dc64-4170-a4f7-ed46231621a1-SegmentedRaftLogWorker:Storage Directory /workdir/hadoop-ozone/tools/target/test-dir/MiniOzoneClusterImpl-d73f9dc2-2858-4e9b-b98c-6f8fa2850d63/datanode-0/data/ratis/3b8b3009-45f6-4416-8946-78d931843225: flushIndex: setUnconditionally 0 -> -1
2019-09-20 14:30:09,292 [pool-27-thread-1] INFO  server.RaftServerConfigKeys (ConfUtils.java:logGet(43)) - raft.server.snapshot.auto.trigger.enabled = true (custom)
2019-09-20 14:30:09,292 [pool-27-thread-1] INFO  server.RaftServerConfigKeys (ConfUtils.java:logGet(43)) - raft.server.snapshot.auto.trigger.threshold = 10000 (custom)
2019-09-20 14:30:09,292 [pool-27-thread-1] INFO  server.RaftServerConfigKeys (ConfUtils.java:logGet(43)) - raft.server.retrycache.expirytime = 600000ms (custom)
2019-09-20 14:30:09,293 [pool-27-thread-1] INFO  impl.RaftServerImpl (RaftServerImpl.java:start(180)) - 414b61dd-dc64-4170-a4f7-ed46231621a1: start group-78D931843225
2019-09-20 14:30:09,293 [pool-27-thread-1] INFO  impl.RaftServerImpl (RaftServerImpl.java:setRole(171)) - 414b61dd-dc64-4170-a4f7-ed46231621a1:group-78D931843225 changes role from null to FOLLOWER at term 0 for startAsFollower
2019-09-20 14:30:09,293 [pool-27-thread-1] INFO  impl.RoleInfo (RoleInfo.java:updateAndGet(143)) - 414b61dd-dc64-4170-a4f7-ed46231621a1: start FollowerState
2019-09-20 14:30:09,294 [pool-27-thread-1] INFO  util.JmxRegister (JmxRegister.java:tryRegister(44)) - Successfully registered JMX Bean with object name Ratis:service=RaftServer,group=group-78D931843225,id=414b61dd-dc64-4170-a4f7-ed46231621a1
2019-09-20 14:30:09,316 [RatisPipelineUtilsThread] INFO  pipeline.PipelineStateManager (PipelineStateManager.java:addPipeline(56)) - Created pipeline Pipeline[ Id: 3b8b3009-45f6-4416-8946-78d931843225, Nodes: 414b61dd-dc64-4170-a4f7-ed46231621a1{ip: 192.168.36.99, host: pr-hdds-1569-p5fx8-1226042367, networkLocation: /default-rack, certSerialId: null}, Type:RATIS, Factor:ONE, State:OPEN]
2019-09-20 14:30:09,344 [grpc-default-executor-0] INFO  impl.RaftServerProxy (RaftServerProxy.java:addNew(89)) - 51c8ff27-873d-4cbb-8820-aa0ac2de17d7: addNew group-22C71B235DE1:[51c8ff27-873d-4cbb-8820-aa0ac2de17d7:192.168.36.99:37061] returns group-22C71B235DE1:java.util.concurrent.CompletableFuture@16bf0be9[Not completed]
2019-09-20 14:30:09,345 | INFO  | SCMAudit | user=jenkins1000 | ip=192.168.36.99 | op=SEND_HEARTBEAT {datanodeUUID=01139844-247b-45d0-963c-91509834b20c, command=[]} | ret=SUCCESS |  
2019-09-20 14:30:09,347 [pool-49-thread-1] INFO  impl.RaftServerImpl (RaftServerImpl.java:<init>(93)) - 51c8ff27-873d-4cbb-8820-aa0ac2de17d7: new RaftServerImpl for group-22C71B235DE1:[51c8ff27-873d-4cbb-8820-aa0ac2de17d7:192.168.36.99:37061] with ContainerStateMachine:uninitialized
2019-09-20 14:30:09,347 [pool-49-thread-1] INFO  server.RaftServerConfigKeys (ConfUtils.java:logGet(43)) - raft.server.rpc.timeout.min = 5s (custom)
2019-09-20 14:30:09,347 [pool-49-thread-1] INFO  server.RaftServerConfigKeys (ConfUtils.java:logGet(43)) - raft.server.rpc.timeout.max = 5200ms (custom)
2019-09-20 14:30:09,348 [pool-49-thread-1] INFO  server.RaftServerConfigKeys (ConfUtils.java:logGet(43)) - raft.server.rpcslowness.timeout = 120s (custom)
2019-09-20 14:30:09,348 [pool-49-thread-1] INFO  server.RaftServerConfigKeys (ConfUtils.java:logGet(43)) - raft.server.sleep.deviation.threshold = 300 (default)
2019-09-20 14:30:09,348 [pool-49-thread-1] INFO  server.RaftServerConfigKeys (ConfUtils.java:logGet(43)) - raft.server.log.appender.install.snapshot.enabled = false (custom)
2019-09-20 14:30:09,348 [pool-49-thread-1] INFO  impl.RaftServerImpl (ServerState.java:<init>(105)) - 51c8ff27-873d-4cbb-8820-aa0ac2de17d7:group-22C71B235DE1 ConfigurationManager, init=-1: [51c8ff27-873d-4cbb-8820-aa0ac2de17d7:192.168.36.99:37061], old=null, confs=<EMPTY_MAP>
2019-09-20 14:30:09,348 [pool-49-thread-1] INFO  server.RaftServerConfigKeys (ConfUtils.java:logGet(43)) - raft.server.storage.dir = [/workdir/hadoop-ozone/tools/target/test-dir/MiniOzoneClusterImpl-d73f9dc2-2858-4e9b-b98c-6f8fa2850d63/datanode-2/data/ratis] (custom)
2019-09-20 14:30:09,349 [pool-49-thread-1] INFO  storage.RaftStorageDirectory (RaftStorageDirectory.java:analyzeStorage(246)) - The storage directory /workdir/hadoop-ozone/tools/target/test-dir/MiniOzoneClusterImpl-d73f9dc2-2858-4e9b-b98c-6f8fa2850d63/datanode-2/data/ratis/bae19c3c-7e51-47fb-ad34-22c71b235de1 does not exist. Creating ...
2019-09-20 14:30:09,384 [pool-49-thread-1] INFO  storage.RaftStorageDirectory (RaftStorageDirectory.java:tryLock(328)) - Lock on /workdir/hadoop-ozone/tools/target/test-dir/MiniOzoneClusterImpl-d73f9dc2-2858-4e9b-b98c-6f8fa2850d63/datanode-2/data/ratis/bae19c3c-7e51-47fb-ad34-22c71b235de1/in_use.lock acquired by nodename 30414@pr-hdds-1569-p5fx8-1226042367
2019-09-20 14:30:09,398 [pool-49-thread-1] INFO  storage.RaftStorage (RaftStorage.java:format(72)) - Storage directory /workdir/hadoop-ozone/tools/target/test-dir/MiniOzoneClusterImpl-d73f9dc2-2858-4e9b-b98c-6f8fa2850d63/datanode-2/data/ratis/bae19c3c-7e51-47fb-ad34-22c71b235de1 has been successfully formatted.
2019-09-20 14:30:09,399 [pool-49-thread-1] INFO  ratis.ContainerStateMachine (ContainerStateMachine.java:loadSnapshot(226)) - group-22C71B235DE1: The snapshot info is null. Setting the last applied indexto:(t:0, i:~)
2019-09-20 14:30:09,399 [pool-49-thread-1] INFO  server.RaftServerConfigKeys (ConfUtils.java:logGet(43)) - raft.server.leader.election.timeout = 120s (custom)
2019-09-20 14:30:09,399 [pool-49-thread-1] INFO  server.RaftServerConfigKeys (ConfUtils.java:logGet(43)) - raft.server.log.use.memory = false (default)
2019-09-20 14:30:09,399 [pool-49-thread-1] INFO  server.RaftServerConfigKeys (ConfUtils.java:logGet(43)) - raft.server.log.purge.gap = 1000000 (custom)
2019-09-20 14:30:09,400 [pool-49-thread-1] INFO  server.RaftServerConfigKeys (ConfUtils.java:logGet(43)) - raft.server.log.appender.buffer.byte-limit = 33554432 (custom)
2019-09-20 14:30:09,400 [pool-49-thread-1] INFO  server.RaftServerConfigKeys (ConfUtils.java:logGet(43)) - raft.server.log.segment.size.max = 1048576 (custom)
2019-09-20 14:30:09,400 [pool-49-thread-1] INFO  server.RaftServerConfigKeys (ConfUtils.java:logGet(43)) - raft.server.log.segment.cache.num.max = 2 (custom)
2019-09-20 14:30:09,400 [pool-49-thread-1] INFO  segmented.SegmentedRaftLogWorker (SegmentedRaftLogWorker.java:<init>(172)) - new 51c8ff27-873d-4cbb-8820-aa0ac2de17d7-SegmentedRaftLogWorker:Storage Directory /workdir/hadoop-ozone/tools/target/test-dir/MiniOzoneClusterImpl-d73f9dc2-2858-4e9b-b98c-6f8fa2850d63/datanode-2/data/ratis/bae19c3c-7e51-47fb-ad34-22c71b235de1 for RaftStorage:Storage Directory /workdir/hadoop-ozone/tools/target/test-dir/MiniOzoneClusterImpl-d73f9dc2-2858-4e9b-b98c-6f8fa2850d63/datanode-2/data/ratis/bae19c3c-7e51-47fb-ad34-22c71b235de1
2019-09-20 14:30:09,400 [pool-49-thread-1] INFO  server.RaftServerConfigKeys (ConfUtils.java:logGet(43)) - raft.server.log.queue.byte-limit = 2147483647 (custom)
2019-09-20 14:30:09,401 [pool-49-thread-1] INFO  server.RaftServerConfigKeys (ConfUtils.java:logGet(43)) - raft.server.log.queue.element-limit = 1024 (custom)
2019-09-20 14:30:09,401 [pool-49-thread-1] INFO  server.RaftServerConfigKeys (ConfUtils.java:logGet(43)) - raft.server.log.segment.size.max = 1048576 (custom)
2019-09-20 14:30:09,401 [pool-49-thread-1] INFO  server.RaftServerConfigKeys (ConfUtils.java:logGet(43)) - raft.server.log.preallocated.size = 16384 (custom)
2019-09-20 14:30:09,401 [pool-49-thread-1] INFO  server.RaftServerConfigKeys (ConfUtils.java:logGet(43)) - raft.server.log.write.buffer.size = 33554432 (custom)
2019-09-20 14:30:09,401 [pool-49-thread-1] INFO  server.RaftServerConfigKeys (ConfUtils.java:logGet(43)) - raft.server.log.force.sync.num = 128 (default)
2019-09-20 14:30:09,402 [pool-49-thread-1] INFO  server.RaftServerConfigKeys (ConfUtils.java:logGet(43)) - raft.server.log.statemachine.data.sync = true (default)
2019-09-20 14:30:09,402 [pool-49-thread-1] INFO  server.RaftServerConfigKeys (ConfUtils.java:logGet(43)) - raft.server.log.statemachine.data.sync.timeout = 10s (default)
2019-09-20 14:30:09,402 [pool-49-thread-1] INFO  server.RaftServerConfigKeys (ConfUtils.java:logGet(43)) - raft.server.log.statemachine.data.sync.timeout.retry = -1 (default)
2019-09-20 14:30:09,402 [pool-49-thread-1] INFO  server.RaftServerConfigKeys (ConfUtils.java:logGet(43)) - raft.server.log.statemachine.data.caching.enabled = true (custom)
2019-09-20 14:30:09,403 [pool-49-thread-1] INFO  segmented.SegmentedRaftLogWorker (SegmentedRaftLogWorker.java:lambda$new$0(132)) - 51c8ff27-873d-4cbb-8820-aa0ac2de17d7-SegmentedRaftLogWorker:Storage Directory /workdir/hadoop-ozone/tools/target/test-dir/MiniOzoneClusterImpl-d73f9dc2-2858-4e9b-b98c-6f8fa2850d63/datanode-2/data/ratis/bae19c3c-7e51-47fb-ad34-22c71b235de1: flushIndex: setUnconditionally 0 -> -1
2019-09-20 14:30:09,403 [pool-49-thread-1] INFO  server.RaftServerConfigKeys (ConfUtils.java:logGet(43)) - raft.server.snapshot.auto.trigger.enabled = true (custom)
2019-09-20 14:30:09,403 [pool-49-thread-1] INFO  server.RaftServerConfigKeys (ConfUtils.java:logGet(43)) - raft.server.snapshot.auto.trigger.threshold = 10000 (custom)
2019-09-20 14:30:09,404 [pool-49-thread-1] INFO  server.RaftServerConfigKeys (ConfUtils.java:logGet(43)) - raft.server.retrycache.expirytime = 600000ms (custom)
2019-09-20 14:30:09,404 [pool-49-thread-1] INFO  impl.RaftServerImpl (RaftServerImpl.java:start(180)) - 51c8ff27-873d-4cbb-8820-aa0ac2de17d7: start group-22C71B235DE1
2019-09-20 14:30:09,404 [pool-49-thread-1] INFO  impl.RaftServerImpl (RaftServerImpl.java:setRole(171)) - 51c8ff27-873d-4cbb-8820-aa0ac2de17d7:group-22C71B235DE1 changes role from null to FOLLOWER at term 0 for startAsFollower
2019-09-20 14:30:09,404 [pool-49-thread-1] INFO  impl.RoleInfo (RoleInfo.java:updateAndGet(143)) - 51c8ff27-873d-4cbb-8820-aa0ac2de17d7: start FollowerState
2019-09-20 14:30:09,405 [pool-49-thread-1] INFO  util.JmxRegister (JmxRegister.java:tryRegister(44)) - Successfully registered JMX Bean with object name Ratis:service=RaftServer,group=group-22C71B235DE1,id=51c8ff27-873d-4cbb-8820-aa0ac2de17d7
2019-09-20 14:30:09,419 [RatisPipelineUtilsThread] INFO  pipeline.PipelineStateManager (PipelineStateManager.java:addPipeline(56)) - Created pipeline Pipeline[ Id: bae19c3c-7e51-47fb-ad34-22c71b235de1, Nodes: 51c8ff27-873d-4cbb-8820-aa0ac2de17d7{ip: 192.168.36.99, host: pr-hdds-1569-p5fx8-1226042367, networkLocation: /default-rack, certSerialId: null}, Type:RATIS, Factor:ONE, State:OPEN]
2019-09-20 14:30:09,432 [grpc-default-executor-0] INFO  impl.RaftServerProxy (RaftServerProxy.java:addNew(89)) - 414b61dd-dc64-4170-a4f7-ed46231621a1: addNew group-B209E0376B7C:[414b61dd-dc64-4170-a4f7-ed46231621a1:192.168.36.99:38147] returns group-B209E0376B7C:java.util.concurrent.CompletableFuture@2b500e98[Not completed]
2019-09-20 14:30:09,434 [pool-27-thread-1] INFO  impl.RaftServerImpl (RaftServerImpl.java:<init>(93)) - 414b61dd-dc64-4170-a4f7-ed46231621a1: new RaftServerImpl for group-B209E0376B7C:[414b61dd-dc64-4170-a4f7-ed46231621a1:192.168.36.99:38147] with ContainerStateMachine:uninitialized
2019-09-20 14:30:09,435 [pool-27-thread-1] INFO  server.RaftServerConfigKeys (ConfUtils.java:logGet(43)) - raft.server.rpc.timeout.min = 5s (custom)
2019-09-20 14:30:09,435 [pool-27-thread-1] INFO  server.RaftServerConfigKeys (ConfUtils.java:logGet(43)) - raft.server.rpc.timeout.max = 5200ms (custom)
2019-09-20 14:30:09,435 [pool-27-thread-1] INFO  server.RaftServerConfigKeys (ConfUtils.java:logGet(43)) - raft.server.rpcslowness.timeout = 120s (custom)
2019-09-20 14:30:09,435 [pool-27-thread-1] INFO  server.RaftServerConfigKeys (ConfUtils.java:logGet(43)) - raft.server.sleep.deviation.threshold = 300 (default)
2019-09-20 14:30:09,435 [pool-27-thread-1] INFO  server.RaftServerConfigKeys (ConfUtils.java:logGet(43)) - raft.server.log.appender.install.snapshot.enabled = false (custom)
2019-09-20 14:30:09,436 [pool-27-thread-1] INFO  impl.RaftServerImpl (ServerState.java:<init>(105)) - 414b61dd-dc64-4170-a4f7-ed46231621a1:group-B209E0376B7C ConfigurationManager, init=-1: [414b61dd-dc64-4170-a4f7-ed46231621a1:192.168.36.99:38147], old=null, confs=<EMPTY_MAP>
2019-09-20 14:30:09,436 [pool-27-thread-1] INFO  server.RaftServerConfigKeys (ConfUtils.java:logGet(43)) - raft.server.storage.dir = [/workdir/hadoop-ozone/tools/target/test-dir/MiniOzoneClusterImpl-d73f9dc2-2858-4e9b-b98c-6f8fa2850d63/datanode-0/data/ratis] (custom)
2019-09-20 14:30:09,436 [pool-27-thread-1] INFO  storage.RaftStorageDirectory (RaftStorageDirectory.java:analyzeStorage(246)) - The storage directory /workdir/hadoop-ozone/tools/target/test-dir/MiniOzoneClusterImpl-d73f9dc2-2858-4e9b-b98c-6f8fa2850d63/datanode-0/data/ratis/91d7f97b-74a9-47fa-8625-b209e0376b7c does not exist. Creating ...
2019-09-20 14:30:09,451 [pool-27-thread-1] INFO  storage.RaftStorageDirectory (RaftStorageDirectory.java:tryLock(328)) - Lock on /workdir/hadoop-ozone/tools/target/test-dir/MiniOzoneClusterImpl-d73f9dc2-2858-4e9b-b98c-6f8fa2850d63/datanode-0/data/ratis/91d7f97b-74a9-47fa-8625-b209e0376b7c/in_use.lock acquired by nodename 30414@pr-hdds-1569-p5fx8-1226042367
2019-09-20 14:30:09,476 [pool-27-thread-1] INFO  storage.RaftStorage (RaftStorage.java:format(72)) - Storage directory /workdir/hadoop-ozone/tools/target/test-dir/MiniOzoneClusterImpl-d73f9dc2-2858-4e9b-b98c-6f8fa2850d63/datanode-0/data/ratis/91d7f97b-74a9-47fa-8625-b209e0376b7c has been successfully formatted.
2019-09-20 14:30:09,476 [pool-27-thread-1] INFO  ratis.ContainerStateMachine (ContainerStateMachine.java:loadSnapshot(226)) - group-B209E0376B7C: The snapshot info is null. Setting the last applied indexto:(t:0, i:~)
2019-09-20 14:30:09,477 [pool-27-thread-1] INFO  server.RaftServerConfigKeys (ConfUtils.java:logGet(43)) - raft.server.leader.election.timeout = 120s (custom)
2019-09-20 14:30:09,477 [pool-27-thread-1] INFO  server.RaftServerConfigKeys (ConfUtils.java:logGet(43)) - raft.server.log.use.memory = false (default)
2019-09-20 14:30:09,477 [pool-27-thread-1] INFO  server.RaftServerConfigKeys (ConfUtils.java:logGet(43)) - raft.server.log.purge.gap = 1000000 (custom)
2019-09-20 14:30:09,478 [pool-27-thread-1] INFO  server.RaftServerConfigKeys (ConfUtils.java:logGet(43)) - raft.server.log.appender.buffer.byte-limit = 33554432 (custom)
2019-09-20 14:30:09,478 [pool-27-thread-1] INFO  server.RaftServerConfigKeys (ConfUtils.java:logGet(43)) - raft.server.log.segment.size.max = 1048576 (custom)
2019-09-20 14:30:09,478 [pool-27-thread-1] INFO  server.RaftServerConfigKeys (ConfUtils.java:logGet(43)) - raft.server.log.segment.cache.num.max = 2 (custom)
2019-09-20 14:30:09,478 [pool-27-thread-1] INFO  segmented.SegmentedRaftLogWorker (SegmentedRaftLogWorker.java:<init>(172)) - new 414b61dd-dc64-4170-a4f7-ed46231621a1-SegmentedRaftLogWorker:Storage Directory /workdir/hadoop-ozone/tools/target/test-dir/MiniOzoneClusterImpl-d73f9dc2-2858-4e9b-b98c-6f8fa2850d63/datanode-0/data/ratis/91d7f97b-74a9-47fa-8625-b209e0376b7c for RaftStorage:Storage Directory /workdir/hadoop-ozone/tools/target/test-dir/MiniOzoneClusterImpl-d73f9dc2-2858-4e9b-b98c-6f8fa2850d63/datanode-0/data/ratis/91d7f97b-74a9-47fa-8625-b209e0376b7c
2019-09-20 14:30:09,478 [pool-27-thread-1] INFO  server.RaftServerConfigKeys (ConfUtils.java:logGet(43)) - raft.server.log.queue.byte-limit = 2147483647 (custom)
2019-09-20 14:30:09,479 [pool-27-thread-1] INFO  server.RaftServerConfigKeys (ConfUtils.java:logGet(43)) - raft.server.log.queue.element-limit = 1024 (custom)
2019-09-20 14:30:09,479 [pool-27-thread-1] INFO  server.RaftServerConfigKeys (ConfUtils.java:logGet(43)) - raft.server.log.segment.size.max = 1048576 (custom)
2019-09-20 14:30:09,479 [pool-27-thread-1] INFO  server.RaftServerConfigKeys (ConfUtils.java:logGet(43)) - raft.server.log.preallocated.size = 16384 (custom)
2019-09-20 14:30:09,479 [pool-27-thread-1] INFO  server.RaftServerConfigKeys (ConfUtils.java:logGet(43)) - raft.server.log.write.buffer.size = 33554432 (custom)
2019-09-20 14:30:09,479 [pool-27-thread-1] INFO  server.RaftServerConfigKeys (ConfUtils.java:logGet(43)) - raft.server.log.force.sync.num = 128 (default)
2019-09-20 14:30:09,479 [pool-27-thread-1] INFO  server.RaftServerConfigKeys (ConfUtils.java:logGet(43)) - raft.server.log.statemachine.data.sync = true (default)
2019-09-20 14:30:09,480 [pool-27-thread-1] INFO  server.RaftServerConfigKeys (ConfUtils.java:logGet(43)) - raft.server.log.statemachine.data.sync.timeout = 10s (default)
2019-09-20 14:30:09,480 [pool-27-thread-1] INFO  server.RaftServerConfigKeys (ConfUtils.java:logGet(43)) - raft.server.log.statemachine.data.sync.timeout.retry = -1 (default)
2019-09-20 14:30:09,480 [pool-27-thread-1] INFO  server.RaftServerConfigKeys (ConfUtils.java:logGet(43)) - raft.server.log.statemachine.data.caching.enabled = true (custom)
2019-09-20 14:30:09,481 [pool-27-thread-1] INFO  segmented.SegmentedRaftLogWorker (SegmentedRaftLogWorker.java:lambda$new$0(132)) - 414b61dd-dc64-4170-a4f7-ed46231621a1-SegmentedRaftLogWorker:Storage Directory /workdir/hadoop-ozone/tools/target/test-dir/MiniOzoneClusterImpl-d73f9dc2-2858-4e9b-b98c-6f8fa2850d63/datanode-0/data/ratis/91d7f97b-74a9-47fa-8625-b209e0376b7c: flushIndex: setUnconditionally 0 -> -1
2019-09-20 14:30:09,481 [pool-27-thread-1] INFO  server.RaftServerConfigKeys (ConfUtils.java:logGet(43)) - raft.server.snapshot.auto.trigger.enabled = true (custom)
2019-09-20 14:30:09,481 [pool-27-thread-1] INFO  server.RaftServerConfigKeys (ConfUtils.java:logGet(43)) - raft.server.snapshot.auto.trigger.threshold = 10000 (custom)
2019-09-20 14:30:09,481 [pool-27-thread-1] INFO  server.RaftServerConfigKeys (ConfUtils.java:logGet(43)) - raft.server.retrycache.expirytime = 600000ms (custom)
2019-09-20 14:30:09,482 [pool-27-thread-1] INFO  impl.RaftServerImpl (RaftServerImpl.java:start(180)) - 414b61dd-dc64-4170-a4f7-ed46231621a1: start group-B209E0376B7C
2019-09-20 14:30:09,482 [pool-27-thread-1] INFO  impl.RaftServerImpl (RaftServerImpl.java:setRole(171)) - 414b61dd-dc64-4170-a4f7-ed46231621a1:group-B209E0376B7C changes role from null to FOLLOWER at term 0 for startAsFollower
2019-09-20 14:30:09,482 [pool-27-thread-1] INFO  impl.RoleInfo (RoleInfo.java:updateAndGet(143)) - 414b61dd-dc64-4170-a4f7-ed46231621a1: start FollowerState
2019-09-20 14:30:09,483 [pool-27-thread-1] INFO  util.JmxRegister (JmxRegister.java:tryRegister(44)) - Successfully registered JMX Bean with object name Ratis:service=RaftServer,group=group-B209E0376B7C,id=414b61dd-dc64-4170-a4f7-ed46231621a1
2019-09-20 14:30:09,492 [RatisPipelineUtilsThread] INFO  pipeline.PipelineStateManager (PipelineStateManager.java:addPipeline(56)) - Created pipeline Pipeline[ Id: 91d7f97b-74a9-47fa-8625-b209e0376b7c, Nodes: 414b61dd-dc64-4170-a4f7-ed46231621a1{ip: 192.168.36.99, host: pr-hdds-1569-p5fx8-1226042367, networkLocation: /default-rack, certSerialId: null}, Type:RATIS, Factor:ONE, State:OPEN]
2019-09-20 14:30:09,493 [RatisPipelineUtilsThread] INFO  pipeline.PipelinePlacementPolicy (PipelinePlacementPolicy.java:meetCriteria(91)) - Pipeline Placement: Doesn't meet the criteria to be viable node： 414b61dd-dc64-4170-a4f7-ed46231621a1 Heaviness: 6 limit: 5
2019-09-20 14:30:09,514 [grpc-default-executor-0] INFO  impl.RaftServerProxy (RaftServerProxy.java:addNew(89)) - 51c8ff27-873d-4cbb-8820-aa0ac2de17d7: addNew group-BAFDA67635A6:[51c8ff27-873d-4cbb-8820-aa0ac2de17d7:192.168.36.99:37061] returns group-BAFDA67635A6:java.util.concurrent.CompletableFuture@45e43d83[Not completed]
2019-09-20 14:30:09,517 [pool-49-thread-1] INFO  impl.RaftServerImpl (RaftServerImpl.java:<init>(93)) - 51c8ff27-873d-4cbb-8820-aa0ac2de17d7: new RaftServerImpl for group-BAFDA67635A6:[51c8ff27-873d-4cbb-8820-aa0ac2de17d7:192.168.36.99:37061] with ContainerStateMachine:uninitialized
2019-09-20 14:30:09,517 [pool-49-thread-1] INFO  server.RaftServerConfigKeys (ConfUtils.java:logGet(43)) - raft.server.rpc.timeout.min = 5s (custom)
2019-09-20 14:30:09,517 [pool-49-thread-1] INFO  server.RaftServerConfigKeys (ConfUtils.java:logGet(43)) - raft.server.rpc.timeout.max = 5200ms (custom)
2019-09-20 14:30:09,518 [pool-49-thread-1] INFO  server.RaftServerConfigKeys (ConfUtils.java:logGet(43)) - raft.server.rpcslowness.timeout = 120s (custom)
2019-09-20 14:30:09,518 [pool-49-thread-1] INFO  server.RaftServerConfigKeys (ConfUtils.java:logGet(43)) - raft.server.sleep.deviation.threshold = 300 (default)
2019-09-20 14:30:09,518 [pool-49-thread-1] INFO  server.RaftServerConfigKeys (ConfUtils.java:logGet(43)) - raft.server.log.appender.install.snapshot.enabled = false (custom)
2019-09-20 14:30:09,518 [pool-49-thread-1] INFO  impl.RaftServerImpl (ServerState.java:<init>(105)) - 51c8ff27-873d-4cbb-8820-aa0ac2de17d7:group-BAFDA67635A6 ConfigurationManager, init=-1: [51c8ff27-873d-4cbb-8820-aa0ac2de17d7:192.168.36.99:37061], old=null, confs=<EMPTY_MAP>
2019-09-20 14:30:09,518 [pool-49-thread-1] INFO  server.RaftServerConfigKeys (ConfUtils.java:logGet(43)) - raft.server.storage.dir = [/workdir/hadoop-ozone/tools/target/test-dir/MiniOzoneClusterImpl-d73f9dc2-2858-4e9b-b98c-6f8fa2850d63/datanode-2/data/ratis] (custom)
2019-09-20 14:30:09,519 [pool-49-thread-1] INFO  storage.RaftStorageDirectory (RaftStorageDirectory.java:analyzeStorage(246)) - The storage directory /workdir/hadoop-ozone/tools/target/test-dir/MiniOzoneClusterImpl-d73f9dc2-2858-4e9b-b98c-6f8fa2850d63/datanode-2/data/ratis/0a4cb32f-de78-4075-a48f-bafda67635a6 does not exist. Creating ...
2019-09-20 14:30:09,547 [pool-49-thread-1] INFO  storage.RaftStorageDirectory (RaftStorageDirectory.java:tryLock(328)) - Lock on /workdir/hadoop-ozone/tools/target/test-dir/MiniOzoneClusterImpl-d73f9dc2-2858-4e9b-b98c-6f8fa2850d63/datanode-2/data/ratis/0a4cb32f-de78-4075-a48f-bafda67635a6/in_use.lock acquired by nodename 30414@pr-hdds-1569-p5fx8-1226042367
2019-09-20 14:30:09,584 [pool-49-thread-1] INFO  storage.RaftStorage (RaftStorage.java:format(72)) - Storage directory /workdir/hadoop-ozone/tools/target/test-dir/MiniOzoneClusterImpl-d73f9dc2-2858-4e9b-b98c-6f8fa2850d63/datanode-2/data/ratis/0a4cb32f-de78-4075-a48f-bafda67635a6 has been successfully formatted.
2019-09-20 14:30:09,585 [pool-49-thread-1] INFO  ratis.ContainerStateMachine (ContainerStateMachine.java:loadSnapshot(226)) - group-BAFDA67635A6: The snapshot info is null. Setting the last applied indexto:(t:0, i:~)
2019-09-20 14:30:09,585 [pool-49-thread-1] INFO  server.RaftServerConfigKeys (ConfUtils.java:logGet(43)) - raft.server.leader.election.timeout = 120s (custom)
2019-09-20 14:30:09,585 [pool-49-thread-1] INFO  server.RaftServerConfigKeys (ConfUtils.java:logGet(43)) - raft.server.log.use.memory = false (default)
2019-09-20 14:30:09,585 [pool-49-thread-1] INFO  server.RaftServerConfigKeys (ConfUtils.java:logGet(43)) - raft.server.log.purge.gap = 1000000 (custom)
2019-09-20 14:30:09,585 [pool-49-thread-1] INFO  server.RaftServerConfigKeys (ConfUtils.java:logGet(43)) - raft.server.log.appender.buffer.byte-limit = 33554432 (custom)
2019-09-20 14:30:09,585 [pool-49-thread-1] INFO  server.RaftServerConfigKeys (ConfUtils.java:logGet(43)) - raft.server.log.segment.size.max = 1048576 (custom)
2019-09-20 14:30:09,586 [pool-49-thread-1] INFO  server.RaftServerConfigKeys (ConfUtils.java:logGet(43)) - raft.server.log.segment.cache.num.max = 2 (custom)
2019-09-20 14:30:09,586 [pool-49-thread-1] INFO  segmented.SegmentedRaftLogWorker (SegmentedRaftLogWorker.java:<init>(172)) - new 51c8ff27-873d-4cbb-8820-aa0ac2de17d7-SegmentedRaftLogWorker:Storage Directory /workdir/hadoop-ozone/tools/target/test-dir/MiniOzoneClusterImpl-d73f9dc2-2858-4e9b-b98c-6f8fa2850d63/datanode-2/data/ratis/0a4cb32f-de78-4075-a48f-bafda67635a6 for RaftStorage:Storage Directory /workdir/hadoop-ozone/tools/target/test-dir/MiniOzoneClusterImpl-d73f9dc2-2858-4e9b-b98c-6f8fa2850d63/datanode-2/data/ratis/0a4cb32f-de78-4075-a48f-bafda67635a6
2019-09-20 14:30:09,586 [pool-49-thread-1] INFO  server.RaftServerConfigKeys (ConfUtils.java:logGet(43)) - raft.server.log.queue.byte-limit = 2147483647 (custom)
2019-09-20 14:30:09,586 [pool-49-thread-1] INFO  server.RaftServerConfigKeys (ConfUtils.java:logGet(43)) - raft.server.log.queue.element-limit = 1024 (custom)
2019-09-20 14:30:09,586 [pool-49-thread-1] INFO  server.RaftServerConfigKeys (ConfUtils.java:logGet(43)) - raft.server.log.segment.size.max = 1048576 (custom)
2019-09-20 14:30:09,586 [pool-49-thread-1] INFO  server.RaftServerConfigKeys (ConfUtils.java:logGet(43)) - raft.server.log.preallocated.size = 16384 (custom)
2019-09-20 14:30:09,586 [pool-49-thread-1] INFO  server.RaftServerConfigKeys (ConfUtils.java:logGet(43)) - raft.server.log.write.buffer.size = 33554432 (custom)
2019-09-20 14:30:09,586 [pool-49-thread-1] INFO  server.RaftServerConfigKeys (ConfUtils.java:logGet(43)) - raft.server.log.force.sync.num = 128 (default)
2019-09-20 14:30:09,587 [pool-49-thread-1] INFO  server.RaftServerConfigKeys (ConfUtils.java:logGet(43)) - raft.server.log.statemachine.data.sync = true (default)
2019-09-20 14:30:09,587 [pool-49-thread-1] INFO  server.RaftServerConfigKeys (ConfUtils.java:logGet(43)) - raft.server.log.statemachine.data.sync.timeout = 10s (default)
2019-09-20 14:30:09,587 [pool-49-thread-1] INFO  server.RaftServerConfigKeys (ConfUtils.java:logGet(43)) - raft.server.log.statemachine.data.sync.timeout.retry = -1 (default)
2019-09-20 14:30:09,587 [pool-49-thread-1] INFO  server.RaftServerConfigKeys (ConfUtils.java:logGet(43)) - raft.server.log.statemachine.data.caching.enabled = true (custom)
2019-09-20 14:30:09,587 [pool-49-thread-1] INFO  segmented.SegmentedRaftLogWorker (SegmentedRaftLogWorker.java:lambda$new$0(132)) - 51c8ff27-873d-4cbb-8820-aa0ac2de17d7-SegmentedRaftLogWorker:Storage Directory /workdir/hadoop-ozone/tools/target/test-dir/MiniOzoneClusterImpl-d73f9dc2-2858-4e9b-b98c-6f8fa2850d63/datanode-2/data/ratis/0a4cb32f-de78-4075-a48f-bafda67635a6: flushIndex: setUnconditionally 0 -> -1
2019-09-20 14:30:09,588 [pool-49-thread-1] INFO  server.RaftServerConfigKeys (ConfUtils.java:logGet(43)) - raft.server.snapshot.auto.trigger.enabled = true (custom)
2019-09-20 14:30:09,588 [pool-49-thread-1] INFO  server.RaftServerConfigKeys (ConfUtils.java:logGet(43)) - raft.server.snapshot.auto.trigger.threshold = 10000 (custom)
2019-09-20 14:30:09,588 [pool-49-thread-1] INFO  server.RaftServerConfigKeys (ConfUtils.java:logGet(43)) - raft.server.retrycache.expirytime = 600000ms (custom)
2019-09-20 14:30:09,588 [pool-49-thread-1] INFO  impl.RaftServerImpl (RaftServerImpl.java:start(180)) - 51c8ff27-873d-4cbb-8820-aa0ac2de17d7: start group-BAFDA67635A6
2019-09-20 14:30:09,588 [pool-49-thread-1] INFO  impl.RaftServerImpl (RaftServerImpl.java:setRole(171)) - 51c8ff27-873d-4cbb-8820-aa0ac2de17d7:group-BAFDA67635A6 changes role from null to FOLLOWER at term 0 for startAsFollower
2019-09-20 14:30:09,588 [pool-49-thread-1] INFO  impl.RoleInfo (RoleInfo.java:updateAndGet(143)) - 51c8ff27-873d-4cbb-8820-aa0ac2de17d7: start FollowerState
2019-09-20 14:30:09,589 [pool-49-thread-1] INFO  util.JmxRegister (JmxRegister.java:tryRegister(44)) - Successfully registered JMX Bean with object name Ratis:service=RaftServer,group=group-BAFDA67635A6,id=51c8ff27-873d-4cbb-8820-aa0ac2de17d7
2019-09-20 14:30:09,598 [RatisPipelineUtilsThread] INFO  pipeline.PipelineStateManager (PipelineStateManager.java:addPipeline(56)) - Created pipeline Pipeline[ Id: 0a4cb32f-de78-4075-a48f-bafda67635a6, Nodes: 51c8ff27-873d-4cbb-8820-aa0ac2de17d7{ip: 192.168.36.99, host: pr-hdds-1569-p5fx8-1226042367, networkLocation: /default-rack, certSerialId: null}, Type:RATIS, Factor:ONE, State:OPEN]
2019-09-20 14:30:09,599 [RatisPipelineUtilsThread] INFO  pipeline.PipelinePlacementPolicy (PipelinePlacementPolicy.java:meetCriteria(91)) - Pipeline Placement: Doesn't meet the criteria to be viable node： 414b61dd-dc64-4170-a4f7-ed46231621a1 Heaviness: 6 limit: 5
2019-09-20 14:30:09,610 [grpc-default-executor-0] INFO  impl.RaftServerProxy (RaftServerProxy.java:addNew(89)) - 01139844-247b-45d0-963c-91509834b20c: addNew group-9D9290FA995C:[01139844-247b-45d0-963c-91509834b20c:192.168.36.99:40256] returns group-9D9290FA995C:java.util.concurrent.CompletableFuture@1872d54[Not completed]
2019-09-20 14:30:09,612 [pool-38-thread-1] INFO  impl.RaftServerImpl (RaftServerImpl.java:<init>(93)) - 01139844-247b-45d0-963c-91509834b20c: new RaftServerImpl for group-9D9290FA995C:[01139844-247b-45d0-963c-91509834b20c:192.168.36.99:40256] with ContainerStateMachine:uninitialized
2019-09-20 14:30:09,612 [pool-38-thread-1] INFO  server.RaftServerConfigKeys (ConfUtils.java:logGet(43)) - raft.server.rpc.timeout.min = 5s (custom)
2019-09-20 14:30:09,612 [pool-38-thread-1] INFO  server.RaftServerConfigKeys (ConfUtils.java:logGet(43)) - raft.server.rpc.timeout.max = 5200ms (custom)
2019-09-20 14:30:09,612 [pool-38-thread-1] INFO  server.RaftServerConfigKeys (ConfUtils.java:logGet(43)) - raft.server.rpcslowness.timeout = 120s (custom)
2019-09-20 14:30:09,612 [pool-38-thread-1] INFO  server.RaftServerConfigKeys (ConfUtils.java:logGet(43)) - raft.server.sleep.deviation.threshold = 300 (default)
2019-09-20 14:30:09,613 [pool-38-thread-1] INFO  server.RaftServerConfigKeys (ConfUtils.java:logGet(43)) - raft.server.log.appender.install.snapshot.enabled = false (custom)
2019-09-20 14:30:09,613 [pool-38-thread-1] INFO  impl.RaftServerImpl (ServerState.java:<init>(105)) - 01139844-247b-45d0-963c-91509834b20c:group-9D9290FA995C ConfigurationManager, init=-1: [01139844-247b-45d0-963c-91509834b20c:192.168.36.99:40256], old=null, confs=<EMPTY_MAP>
2019-09-20 14:30:09,613 [pool-38-thread-1] INFO  server.RaftServerConfigKeys (ConfUtils.java:logGet(43)) - raft.server.storage.dir = [/workdir/hadoop-ozone/tools/target/test-dir/MiniOzoneClusterImpl-d73f9dc2-2858-4e9b-b98c-6f8fa2850d63/datanode-1/data/ratis] (custom)
2019-09-20 14:30:09,613 [pool-38-thread-1] INFO  storage.RaftStorageDirectory (RaftStorageDirectory.java:analyzeStorage(246)) - The storage directory /workdir/hadoop-ozone/tools/target/test-dir/MiniOzoneClusterImpl-d73f9dc2-2858-4e9b-b98c-6f8fa2850d63/datanode-1/data/ratis/ece18c5f-636f-4b68-b56f-9d9290fa995c does not exist. Creating ...
2019-09-20 14:30:09,624 | INFO  | SCMAudit | user=jenkins1000 | ip=192.168.36.99 | op=SEND_HEARTBEAT {datanodeUUID=51c8ff27-873d-4cbb-8820-aa0ac2de17d7, command=[]} | ret=SUCCESS |  
2019-09-20 14:30:09,637 [pool-38-thread-1] INFO  storage.RaftStorageDirectory (RaftStorageDirectory.java:tryLock(328)) - Lock on /workdir/hadoop-ozone/tools/target/test-dir/MiniOzoneClusterImpl-d73f9dc2-2858-4e9b-b98c-6f8fa2850d63/datanode-1/data/ratis/ece18c5f-636f-4b68-b56f-9d9290fa995c/in_use.lock acquired by nodename 30414@pr-hdds-1569-p5fx8-1226042367
2019-09-20 14:30:09,672 [pool-38-thread-1] INFO  storage.RaftStorage (RaftStorage.java:format(72)) - Storage directory /workdir/hadoop-ozone/tools/target/test-dir/MiniOzoneClusterImpl-d73f9dc2-2858-4e9b-b98c-6f8fa2850d63/datanode-1/data/ratis/ece18c5f-636f-4b68-b56f-9d9290fa995c has been successfully formatted.
2019-09-20 14:30:09,672 [pool-38-thread-1] INFO  ratis.ContainerStateMachine (ContainerStateMachine.java:loadSnapshot(226)) - group-9D9290FA995C: The snapshot info is null. Setting the last applied indexto:(t:0, i:~)
2019-09-20 14:30:09,672 [pool-38-thread-1] INFO  server.RaftServerConfigKeys (ConfUtils.java:logGet(43)) - raft.server.leader.election.timeout = 120s (custom)
2019-09-20 14:30:09,673 [pool-38-thread-1] INFO  server.RaftServerConfigKeys (ConfUtils.java:logGet(43)) - raft.server.log.use.memory = false (default)
2019-09-20 14:30:09,673 [pool-38-thread-1] INFO  server.RaftServerConfigKeys (ConfUtils.java:logGet(43)) - raft.server.log.purge.gap = 1000000 (custom)
2019-09-20 14:30:09,673 [pool-38-thread-1] INFO  server.RaftServerConfigKeys (ConfUtils.java:logGet(43)) - raft.server.log.appender.buffer.byte-limit = 33554432 (custom)
2019-09-20 14:30:09,673 [pool-38-thread-1] INFO  server.RaftServerConfigKeys (ConfUtils.java:logGet(43)) - raft.server.log.segment.size.max = 1048576 (custom)
2019-09-20 14:30:09,673 [pool-38-thread-1] INFO  server.RaftServerConfigKeys (ConfUtils.java:logGet(43)) - raft.server.log.segment.cache.num.max = 2 (custom)
2019-09-20 14:30:09,673 [pool-38-thread-1] INFO  segmented.SegmentedRaftLogWorker (SegmentedRaftLogWorker.java:<init>(172)) - new 01139844-247b-45d0-963c-91509834b20c-SegmentedRaftLogWorker:Storage Directory /workdir/hadoop-ozone/tools/target/test-dir/MiniOzoneClusterImpl-d73f9dc2-2858-4e9b-b98c-6f8fa2850d63/datanode-1/data/ratis/ece18c5f-636f-4b68-b56f-9d9290fa995c for RaftStorage:Storage Directory /workdir/hadoop-ozone/tools/target/test-dir/MiniOzoneClusterImpl-d73f9dc2-2858-4e9b-b98c-6f8fa2850d63/datanode-1/data/ratis/ece18c5f-636f-4b68-b56f-9d9290fa995c
2019-09-20 14:30:09,673 [pool-38-thread-1] INFO  server.RaftServerConfigKeys (ConfUtils.java:logGet(43)) - raft.server.log.queue.byte-limit = 2147483647 (custom)
2019-09-20 14:30:09,674 [pool-38-thread-1] INFO  server.RaftServerConfigKeys (ConfUtils.java:logGet(43)) - raft.server.log.queue.element-limit = 1024 (custom)
2019-09-20 14:30:09,674 [pool-38-thread-1] INFO  server.RaftServerConfigKeys (ConfUtils.java:logGet(43)) - raft.server.log.segment.size.max = 1048576 (custom)
2019-09-20 14:30:09,674 [pool-38-thread-1] INFO  server.RaftServerConfigKeys (ConfUtils.java:logGet(43)) - raft.server.log.preallocated.size = 16384 (custom)
2019-09-20 14:30:09,674 [pool-38-thread-1] INFO  server.RaftServerConfigKeys (ConfUtils.java:logGet(43)) - raft.server.log.write.buffer.size = 33554432 (custom)
2019-09-20 14:30:09,674 [pool-38-thread-1] INFO  server.RaftServerConfigKeys (ConfUtils.java:logGet(43)) - raft.server.log.force.sync.num = 128 (default)
2019-09-20 14:30:09,674 [pool-38-thread-1] INFO  server.RaftServerConfigKeys (ConfUtils.java:logGet(43)) - raft.server.log.statemachine.data.sync = true (default)
2019-09-20 14:30:09,675 [pool-38-thread-1] INFO  server.RaftServerConfigKeys (ConfUtils.java:logGet(43)) - raft.server.log.statemachine.data.sync.timeout = 10s (default)
2019-09-20 14:30:09,675 [pool-38-thread-1] INFO  server.RaftServerConfigKeys (ConfUtils.java:logGet(43)) - raft.server.log.statemachine.data.sync.timeout.retry = -1 (default)
2019-09-20 14:30:09,675 [pool-38-thread-1] INFO  server.RaftServerConfigKeys (ConfUtils.java:logGet(43)) - raft.server.log.statemachine.data.caching.enabled = true (custom)
2019-09-20 14:30:09,675 [pool-38-thread-1] INFO  segmented.SegmentedRaftLogWorker (SegmentedRaftLogWorker.java:lambda$new$0(132)) - 01139844-247b-45d0-963c-91509834b20c-SegmentedRaftLogWorker:Storage Directory /workdir/hadoop-ozone/tools/target/test-dir/MiniOzoneClusterImpl-d73f9dc2-2858-4e9b-b98c-6f8fa2850d63/datanode-1/data/ratis/ece18c5f-636f-4b68-b56f-9d9290fa995c: flushIndex: setUnconditionally 0 -> -1
2019-09-20 14:30:09,676 [pool-38-thread-1] INFO  server.RaftServerConfigKeys (ConfUtils.java:logGet(43)) - raft.server.snapshot.auto.trigger.enabled = true (custom)
2019-09-20 14:30:09,676 [pool-38-thread-1] INFO  server.RaftServerConfigKeys (ConfUtils.java:logGet(43)) - raft.server.snapshot.auto.trigger.threshold = 10000 (custom)
2019-09-20 14:30:09,676 [pool-38-thread-1] INFO  server.RaftServerConfigKeys (ConfUtils.java:logGet(43)) - raft.server.retrycache.expirytime = 600000ms (custom)
2019-09-20 14:30:09,676 [pool-38-thread-1] INFO  impl.RaftServerImpl (RaftServerImpl.java:start(180)) - 01139844-247b-45d0-963c-91509834b20c: start group-9D9290FA995C
2019-09-20 14:30:09,676 [pool-38-thread-1] INFO  impl.RaftServerImpl (RaftServerImpl.java:setRole(171)) - 01139844-247b-45d0-963c-91509834b20c:group-9D9290FA995C changes role from null to FOLLOWER at term 0 for startAsFollower
2019-09-20 14:30:09,677 [pool-38-thread-1] INFO  impl.RoleInfo (RoleInfo.java:updateAndGet(143)) - 01139844-247b-45d0-963c-91509834b20c: start FollowerState
2019-09-20 14:30:09,677 [pool-38-thread-1] INFO  util.JmxRegister (JmxRegister.java:tryRegister(44)) - Successfully registered JMX Bean with object name Ratis:service=RaftServer,group=group-9D9290FA995C,id=01139844-247b-45d0-963c-91509834b20c
2019-09-20 14:30:09,689 [RatisPipelineUtilsThread] INFO  pipeline.PipelineStateManager (PipelineStateManager.java:addPipeline(56)) - Created pipeline Pipeline[ Id: ece18c5f-636f-4b68-b56f-9d9290fa995c, Nodes: 01139844-247b-45d0-963c-91509834b20c{ip: 192.168.36.99, host: pr-hdds-1569-p5fx8-1226042367, networkLocation: /default-rack, certSerialId: null}, Type:RATIS, Factor:ONE, State:OPEN]
2019-09-20 14:30:09,691 [RatisPipelineUtilsThread] INFO  pipeline.PipelinePlacementPolicy (PipelinePlacementPolicy.java:meetCriteria(91)) - Pipeline Placement: Doesn't meet the criteria to be viable node： 414b61dd-dc64-4170-a4f7-ed46231621a1 Heaviness: 6 limit: 5
2019-09-20 14:30:09,708 [grpc-default-executor-0] INFO  impl.RaftServerProxy (RaftServerProxy.java:addNew(89)) - 01139844-247b-45d0-963c-91509834b20c: addNew group-41830475FACC:[01139844-247b-45d0-963c-91509834b20c:192.168.36.99:40256] returns group-41830475FACC:java.util.concurrent.CompletableFuture@1aa484e4[Not completed]
2019-09-20 14:30:09,710 [pool-38-thread-1] INFO  impl.RaftServerImpl (RaftServerImpl.java:<init>(93)) - 01139844-247b-45d0-963c-91509834b20c: new RaftServerImpl for group-41830475FACC:[01139844-247b-45d0-963c-91509834b20c:192.168.36.99:40256] with ContainerStateMachine:uninitialized
2019-09-20 14:30:09,710 [pool-38-thread-1] INFO  server.RaftServerConfigKeys (ConfUtils.java:logGet(43)) - raft.server.rpc.timeout.min = 5s (custom)
2019-09-20 14:30:09,710 [pool-38-thread-1] INFO  server.RaftServerConfigKeys (ConfUtils.java:logGet(43)) - raft.server.rpc.timeout.max = 5200ms (custom)
2019-09-20 14:30:09,710 [pool-38-thread-1] INFO  server.RaftServerConfigKeys (ConfUtils.java:logGet(43)) - raft.server.rpcslowness.timeout = 120s (custom)
2019-09-20 14:30:09,710 [pool-38-thread-1] INFO  server.RaftServerConfigKeys (ConfUtils.java:logGet(43)) - raft.server.sleep.deviation.threshold = 300 (default)
2019-09-20 14:30:09,710 [pool-38-thread-1] INFO  server.RaftServerConfigKeys (ConfUtils.java:logGet(43)) - raft.server.log.appender.install.snapshot.enabled = false (custom)
2019-09-20 14:30:09,710 [pool-38-thread-1] INFO  impl.RaftServerImpl (ServerState.java:<init>(105)) - 01139844-247b-45d0-963c-91509834b20c:group-41830475FACC ConfigurationManager, init=-1: [01139844-247b-45d0-963c-91509834b20c:192.168.36.99:40256], old=null, confs=<EMPTY_MAP>
2019-09-20 14:30:09,711 [pool-38-thread-1] INFO  server.RaftServerConfigKeys (ConfUtils.java:logGet(43)) - raft.server.storage.dir = [/workdir/hadoop-ozone/tools/target/test-dir/MiniOzoneClusterImpl-d73f9dc2-2858-4e9b-b98c-6f8fa2850d63/datanode-1/data/ratis] (custom)
2019-09-20 14:30:09,711 [pool-38-thread-1] INFO  storage.RaftStorageDirectory (RaftStorageDirectory.java:analyzeStorage(246)) - The storage directory /workdir/hadoop-ozone/tools/target/test-dir/MiniOzoneClusterImpl-d73f9dc2-2858-4e9b-b98c-6f8fa2850d63/datanode-1/data/ratis/986120cc-5ae8-4b53-bb97-41830475facc does not exist. Creating ...
2019-09-20 14:30:09,719 [main] INFO  freon.RandomKeyGenerator (RandomKeyGenerator.java:call(275)) - Number of Threads: 10
2019-09-20 14:30:09,720 [main] INFO  freon.RandomKeyGenerator (RandomKeyGenerator.java:call(280)) - Number of Volumes: 1.
2019-09-20 14:30:09,720 [main] INFO  freon.RandomKeyGenerator (RandomKeyGenerator.java:call(281)) - Number of Buckets per Volume: 1.
2019-09-20 14:30:09,721 [main] INFO  freon.RandomKeyGenerator (RandomKeyGenerator.java:call(282)) - Number of Keys per Bucket: 1.
2019-09-20 14:30:09,721 [main] INFO  freon.RandomKeyGenerator (RandomKeyGenerator.java:call(283)) - Key size: 20971520 bytes
2019-09-20 14:30:09,721 [main] INFO  freon.RandomKeyGenerator (RandomKeyGenerator.java:call(284)) - Buffer size: 4096 bytes
2019-09-20 14:30:09,725 [main] INFO  freon.RandomKeyGenerator (RandomKeyGenerator.java:call(298)) - Data validation is enabled.
2019-09-20 14:30:09,727 [main] INFO  freon.RandomKeyGenerator (RandomKeyGenerator.java:call(304)) - Starting progress bar Thread.

 0.00% |█                                                                                                    |  0/1 Time: 0:00:002019-09-20 14:30:09,734 [pool-38-thread-1] INFO  storage.RaftStorageDirectory (RaftStorageDirectory.java:tryLock(328)) - Lock on /workdir/hadoop-ozone/tools/target/test-dir/MiniOzoneClusterImpl-d73f9dc2-2858-4e9b-b98c-6f8fa2850d63/datanode-1/data/ratis/986120cc-5ae8-4b53-bb97-41830475facc/in_use.lock acquired by nodename 30414@pr-hdds-1569-p5fx8-1226042367
2019-09-20 14:30:09,751 [pool-78-thread-1] INFO  rpc.RpcClient (RpcClient.java:createVolume(293)) - Creating Volume: vol-0-86021, with jenkins1000 as owner.
2019-09-20 14:30:09,770 [pool-38-thread-1] INFO  storage.RaftStorage (RaftStorage.java:format(72)) - Storage directory /workdir/hadoop-ozone/tools/target/test-dir/MiniOzoneClusterImpl-d73f9dc2-2858-4e9b-b98c-6f8fa2850d63/datanode-1/data/ratis/986120cc-5ae8-4b53-bb97-41830475facc has been successfully formatted.
2019-09-20 14:30:09,771 [pool-38-thread-1] INFO  ratis.ContainerStateMachine (ContainerStateMachine.java:loadSnapshot(226)) - group-41830475FACC: The snapshot info is null. Setting the last applied indexto:(t:0, i:~)
2019-09-20 14:30:09,771 [pool-38-thread-1] INFO  server.RaftServerConfigKeys (ConfUtils.java:logGet(43)) - raft.server.leader.election.timeout = 120s (custom)
2019-09-20 14:30:09,771 [pool-38-thread-1] INFO  server.RaftServerConfigKeys (ConfUtils.java:logGet(43)) - raft.server.log.use.memory = false (default)
2019-09-20 14:30:09,771 [pool-38-thread-1] INFO  server.RaftServerConfigKeys (ConfUtils.java:logGet(43)) - raft.server.log.purge.gap = 1000000 (custom)
2019-09-20 14:30:09,771 [pool-38-thread-1] INFO  server.RaftServerConfigKeys (ConfUtils.java:logGet(43)) - raft.server.log.appender.buffer.byte-limit = 33554432 (custom)
2019-09-20 14:30:09,772 [pool-38-thread-1] INFO  server.RaftServerConfigKeys (ConfUtils.java:logGet(43)) - raft.server.log.segment.size.max = 1048576 (custom)
2019-09-20 14:30:09,772 [pool-38-thread-1] INFO  server.RaftServerConfigKeys (ConfUtils.java:logGet(43)) - raft.server.log.segment.cache.num.max = 2 (custom)
2019-09-20 14:30:09,772 [pool-38-thread-1] INFO  segmented.SegmentedRaftLogWorker (SegmentedRaftLogWorker.java:<init>(172)) - new 01139844-247b-45d0-963c-91509834b20c-SegmentedRaftLogWorker:Storage Directory /workdir/hadoop-ozone/tools/target/test-dir/MiniOzoneClusterImpl-d73f9dc2-2858-4e9b-b98c-6f8fa2850d63/datanode-1/data/ratis/986120cc-5ae8-4b53-bb97-41830475facc for RaftStorage:Storage Directory /workdir/hadoop-ozone/tools/target/test-dir/MiniOzoneClusterImpl-d73f9dc2-2858-4e9b-b98c-6f8fa2850d63/datanode-1/data/ratis/986120cc-5ae8-4b53-bb97-41830475facc
2019-09-20 14:30:09,772 [pool-38-thread-1] INFO  server.RaftServerConfigKeys (ConfUtils.java:logGet(43)) - raft.server.log.queue.byte-limit = 2147483647 (custom)
2019-09-20 14:30:09,772 [pool-38-thread-1] INFO  server.RaftServerConfigKeys (ConfUtils.java:logGet(43)) - raft.server.log.queue.element-limit = 1024 (custom)
2019-09-20 14:30:09,773 [pool-38-thread-1] INFO  server.RaftServerConfigKeys (ConfUtils.java:logGet(43)) - raft.server.log.segment.size.max = 1048576 (custom)
2019-09-20 14:30:09,773 [pool-38-thread-1] INFO  server.RaftServerConfigKeys (ConfUtils.java:logGet(43)) - raft.server.log.preallocated.size = 16384 (custom)
2019-09-20 14:30:09,773 [pool-38-thread-1] INFO  server.RaftServerConfigKeys (ConfUtils.java:logGet(43)) - raft.server.log.write.buffer.size = 33554432 (custom)
2019-09-20 14:30:09,773 [pool-38-thread-1] INFO  server.RaftServerConfigKeys (ConfUtils.java:logGet(43)) - raft.server.log.force.sync.num = 128 (default)
2019-09-20 14:30:09,773 [pool-38-thread-1] INFO  server.RaftServerConfigKeys (ConfUtils.java:logGet(43)) - raft.server.log.statemachine.data.sync = true (default)
2019-09-20 14:30:09,773 [pool-38-thread-1] INFO  server.RaftServerConfigKeys (ConfUtils.java:logGet(43)) - raft.server.log.statemachine.data.sync.timeout = 10s (default)
2019-09-20 14:30:09,773 [pool-38-thread-1] INFO  server.RaftServerConfigKeys (ConfUtils.java:logGet(43)) - raft.server.log.statemachine.data.sync.timeout.retry = -1 (default)
2019-09-20 14:30:09,774 [pool-38-thread-1] INFO  server.RaftServerConfigKeys (ConfUtils.java:logGet(43)) - raft.server.log.statemachine.data.caching.enabled = true (custom)
2019-09-20 14:30:09,774 [pool-38-thread-1] INFO  segmented.SegmentedRaftLogWorker (SegmentedRaftLogWorker.java:lambda$new$0(132)) - 01139844-247b-45d0-963c-91509834b20c-SegmentedRaftLogWorker:Storage Directory /workdir/hadoop-ozone/tools/target/test-dir/MiniOzoneClusterImpl-d73f9dc2-2858-4e9b-b98c-6f8fa2850d63/datanode-1/data/ratis/986120cc-5ae8-4b53-bb97-41830475facc: flushIndex: setUnconditionally 0 -> -1
2019-09-20 14:30:09,774 [pool-38-thread-1] INFO  server.RaftServerConfigKeys (ConfUtils.java:logGet(43)) - raft.server.snapshot.auto.trigger.enabled = true (custom)
2019-09-20 14:30:09,775 [pool-38-thread-1] INFO  server.RaftServerConfigKeys (ConfUtils.java:logGet(43)) - raft.server.snapshot.auto.trigger.threshold = 10000 (custom)
2019-09-20 14:30:09,775 [pool-38-thread-1] INFO  server.RaftServerConfigKeys (ConfUtils.java:logGet(43)) - raft.server.retrycache.expirytime = 600000ms (custom)
2019-09-20 14:30:09,775 [pool-38-thread-1] INFO  impl.RaftServerImpl (RaftServerImpl.java:start(180)) - 01139844-247b-45d0-963c-91509834b20c: start group-41830475FACC
2019-09-20 14:30:09,775 [pool-38-thread-1] INFO  impl.RaftServerImpl (RaftServerImpl.java:setRole(171)) - 01139844-247b-45d0-963c-91509834b20c:group-41830475FACC changes role from null to FOLLOWER at term 0 for startAsFollower
2019-09-20 14:30:09,775 [pool-38-thread-1] INFO  impl.RoleInfo (RoleInfo.java:updateAndGet(143)) - 01139844-247b-45d0-963c-91509834b20c: start FollowerState
2019-09-20 14:30:09,776 [pool-38-thread-1] INFO  util.JmxRegister (JmxRegister.java:tryRegister(44)) - Successfully registered JMX Bean with object name Ratis:service=RaftServer,group=group-41830475FACC,id=01139844-247b-45d0-963c-91509834b20c
2019-09-20 14:30:09,776 | INFO  | OMAudit | user=jenkins1000 | ip=127.0.0.1 | op=CREATE_VOLUME {admin=jenkins1000, owner=jenkins1000, volume=vol-0-86021, creationTime=1568989809771, quotaInBytes=1152921504606846976} | ret=SUCCESS |  
2019-09-20 14:30:09,781 [RatisPipelineUtilsThread] INFO  pipeline.PipelineStateManager (PipelineStateManager.java:addPipeline(56)) - Created pipeline Pipeline[ Id: 986120cc-5ae8-4b53-bb97-41830475facc, Nodes: 01139844-247b-45d0-963c-91509834b20c{ip: 192.168.36.99, host: pr-hdds-1569-p5fx8-1226042367, networkLocation: /default-rack, certSerialId: null}, Type:RATIS, Factor:ONE, State:OPEN]
2019-09-20 14:30:09,783 [RatisPipelineUtilsThread] INFO  pipeline.PipelinePlacementPolicy (PipelinePlacementPolicy.java:meetCriteria(91)) - Pipeline Placement: Doesn't meet the criteria to be viable node： 414b61dd-dc64-4170-a4f7-ed46231621a1 Heaviness: 6 limit: 5
2019-09-20 14:30:09,799 | INFO  | OMAudit | user=jenkins1000 | ip=127.0.0.1 | op=READ_VOLUME {volume=vol-0-86021} | ret=SUCCESS |  
2019-09-20 14:30:09,802 [grpc-default-executor-0] INFO  impl.RaftServerProxy (RaftServerProxy.java:addNew(89)) - 01139844-247b-45d0-963c-91509834b20c: addNew group-7EC8FA6028E5:[01139844-247b-45d0-963c-91509834b20c:192.168.36.99:40256] returns group-7EC8FA6028E5:java.util.concurrent.CompletableFuture@4b7d0be7[Not completed]
2019-09-20 14:30:09,806 [pool-38-thread-1] INFO  impl.RaftServerImpl (RaftServerImpl.java:<init>(93)) - 01139844-247b-45d0-963c-91509834b20c: new RaftServerImpl for group-7EC8FA6028E5:[01139844-247b-45d0-963c-91509834b20c:192.168.36.99:40256] with ContainerStateMachine:uninitialized
2019-09-20 14:30:09,807 [pool-38-thread-1] INFO  server.RaftServerConfigKeys (ConfUtils.java:logGet(43)) - raft.server.rpc.timeout.min = 5s (custom)
2019-09-20 14:30:09,807 [pool-38-thread-1] INFO  server.RaftServerConfigKeys (ConfUtils.java:logGet(43)) - raft.server.rpc.timeout.max = 5200ms (custom)
2019-09-20 14:30:09,807 [pool-38-thread-1] INFO  server.RaftServerConfigKeys (ConfUtils.java:logGet(43)) - raft.server.rpcslowness.timeout = 120s (custom)
2019-09-20 14:30:09,807 [pool-38-thread-1] INFO  server.RaftServerConfigKeys (ConfUtils.java:logGet(43)) - raft.server.sleep.deviation.threshold = 300 (default)
2019-09-20 14:30:09,807 [pool-38-thread-1] INFO  server.RaftServerConfigKeys (ConfUtils.java:logGet(43)) - raft.server.log.appender.install.snapshot.enabled = false (custom)
2019-09-20 14:30:09,807 [pool-38-thread-1] INFO  impl.RaftServerImpl (ServerState.java:<init>(105)) - 01139844-247b-45d0-963c-91509834b20c:group-7EC8FA6028E5 ConfigurationManager, init=-1: [01139844-247b-45d0-963c-91509834b20c:192.168.36.99:40256], old=null, confs=<EMPTY_MAP>
2019-09-20 14:30:09,807 [pool-38-thread-1] INFO  server.RaftServerConfigKeys (ConfUtils.java:logGet(43)) - raft.server.storage.dir = [/workdir/hadoop-ozone/tools/target/test-dir/MiniOzoneClusterImpl-d73f9dc2-2858-4e9b-b98c-6f8fa2850d63/datanode-1/data/ratis] (custom)
2019-09-20 14:30:09,808 [pool-38-thread-1] INFO  storage.RaftStorageDirectory (RaftStorageDirectory.java:analyzeStorage(246)) - The storage directory /workdir/hadoop-ozone/tools/target/test-dir/MiniOzoneClusterImpl-d73f9dc2-2858-4e9b-b98c-6f8fa2850d63/datanode-1/data/ratis/2cca5f38-3a26-4e52-a965-7ec8fa6028e5 does not exist. Creating ...
2019-09-20 14:30:09,818 [pool-78-thread-2] INFO  rpc.RpcClient (RpcClient.java:createBucket(432)) - Creating Bucket: vol-0-86021/bucket-0-94905, with Versioning false and Storage Type set to DISK and Encryption set to false 
2019-09-20 14:30:09,836 | INFO  | OMAudit | user=jenkins1000 | ip=127.0.0.1 | op=CREATE_BUCKET {volume=vol-0-86021, bucket=bucket-0-94905, acls=[user:jenkins1000:a[ACCESS], group:default:a[ACCESS]], isVersionEnabled=false, storageType=DISK, creationTime=0} | ret=SUCCESS |  
2019-09-20 14:30:09,838 [pool-38-thread-1] INFO  storage.RaftStorageDirectory (RaftStorageDirectory.java:tryLock(328)) - Lock on /workdir/hadoop-ozone/tools/target/test-dir/MiniOzoneClusterImpl-d73f9dc2-2858-4e9b-b98c-6f8fa2850d63/datanode-1/data/ratis/2cca5f38-3a26-4e52-a965-7ec8fa6028e5/in_use.lock acquired by nodename 30414@pr-hdds-1569-p5fx8-1226042367
2019-09-20 14:30:09,843 | INFO  | OMAudit | user=jenkins1000 | ip=127.0.0.1 | op=READ_BUCKET {volume=vol-0-86021, bucket=bucket-0-94905} | ret=SUCCESS |  
2019-09-20 14:30:09,856 [pool-38-thread-1] INFO  storage.RaftStorage (RaftStorage.java:format(72)) - Storage directory /workdir/hadoop-ozone/tools/target/test-dir/MiniOzoneClusterImpl-d73f9dc2-2858-4e9b-b98c-6f8fa2850d63/datanode-1/data/ratis/2cca5f38-3a26-4e52-a965-7ec8fa6028e5 has been successfully formatted.
2019-09-20 14:30:09,856 [pool-38-thread-1] INFO  ratis.ContainerStateMachine (ContainerStateMachine.java:loadSnapshot(226)) - group-7EC8FA6028E5: The snapshot info is null. Setting the last applied indexto:(t:0, i:~)
2019-09-20 14:30:09,856 [pool-38-thread-1] INFO  server.RaftServerConfigKeys (ConfUtils.java:logGet(43)) - raft.server.leader.election.timeout = 120s (custom)
2019-09-20 14:30:09,856 [pool-38-thread-1] INFO  server.RaftServerConfigKeys (ConfUtils.java:logGet(43)) - raft.server.log.use.memory = false (default)
2019-09-20 14:30:09,856 [pool-38-thread-1] INFO  server.RaftServerConfigKeys (ConfUtils.java:logGet(43)) - raft.server.log.purge.gap = 1000000 (custom)
2019-09-20 14:30:09,856 [pool-38-thread-1] INFO  server.RaftServerConfigKeys (ConfUtils.java:logGet(43)) - raft.server.log.appender.buffer.byte-limit = 33554432 (custom)
2019-09-20 14:30:09,857 [pool-38-thread-1] INFO  server.RaftServerConfigKeys (ConfUtils.java:logGet(43)) - raft.server.log.segment.size.max = 1048576 (custom)
2019-09-20 14:30:09,857 [pool-38-thread-1] INFO  server.RaftServerConfigKeys (ConfUtils.java:logGet(43)) - raft.server.log.segment.cache.num.max = 2 (custom)
2019-09-20 14:30:09,857 [pool-38-thread-1] INFO  segmented.SegmentedRaftLogWorker (SegmentedRaftLogWorker.java:<init>(172)) - new 01139844-247b-45d0-963c-91509834b20c-SegmentedRaftLogWorker:Storage Directory /workdir/hadoop-ozone/tools/target/test-dir/MiniOzoneClusterImpl-d73f9dc2-2858-4e9b-b98c-6f8fa2850d63/datanode-1/data/ratis/2cca5f38-3a26-4e52-a965-7ec8fa6028e5 for RaftStorage:Storage Directory /workdir/hadoop-ozone/tools/target/test-dir/MiniOzoneClusterImpl-d73f9dc2-2858-4e9b-b98c-6f8fa2850d63/datanode-1/data/ratis/2cca5f38-3a26-4e52-a965-7ec8fa6028e5
2019-09-20 14:30:09,857 [pool-38-thread-1] INFO  server.RaftServerConfigKeys (ConfUtils.java:logGet(43)) - raft.server.log.queue.byte-limit = 2147483647 (custom)
2019-09-20 14:30:09,857 [pool-38-thread-1] INFO  server.RaftServerConfigKeys (ConfUtils.java:logGet(43)) - raft.server.log.queue.element-limit = 1024 (custom)
2019-09-20 14:30:09,857 [pool-38-thread-1] INFO  server.RaftServerConfigKeys (ConfUtils.java:logGet(43)) - raft.server.log.segment.size.max = 1048576 (custom)
2019-09-20 14:30:09,857 [pool-38-thread-1] INFO  server.RaftServerConfigKeys (ConfUtils.java:logGet(43)) - raft.server.log.preallocated.size = 16384 (custom)
2019-09-20 14:30:09,857 [pool-38-thread-1] INFO  server.RaftServerConfigKeys (ConfUtils.java:logGet(43)) - raft.server.log.write.buffer.size = 33554432 (custom)
2019-09-20 14:30:09,857 [pool-38-thread-1] INFO  server.RaftServerConfigKeys (ConfUtils.java:logGet(43)) - raft.server.log.force.sync.num = 128 (default)
2019-09-20 14:30:09,858 [pool-38-thread-1] INFO  server.RaftServerConfigKeys (ConfUtils.java:logGet(43)) - raft.server.log.statemachine.data.sync = true (default)
2019-09-20 14:30:09,858 [pool-38-thread-1] INFO  server.RaftServerConfigKeys (ConfUtils.java:logGet(43)) - raft.server.log.statemachine.data.sync.timeout = 10s (default)
2019-09-20 14:30:09,858 [pool-38-thread-1] INFO  server.RaftServerConfigKeys (ConfUtils.java:logGet(43)) - raft.server.log.statemachine.data.sync.timeout.retry = -1 (default)
2019-09-20 14:30:09,858 [pool-38-thread-1] INFO  server.RaftServerConfigKeys (ConfUtils.java:logGet(43)) - raft.server.log.statemachine.data.caching.enabled = true (custom)
2019-09-20 14:30:09,858 [pool-38-thread-1] INFO  segmented.SegmentedRaftLogWorker (SegmentedRaftLogWorker.java:lambda$new$0(132)) - 01139844-247b-45d0-963c-91509834b20c-SegmentedRaftLogWorker:Storage Directory /workdir/hadoop-ozone/tools/target/test-dir/MiniOzoneClusterImpl-d73f9dc2-2858-4e9b-b98c-6f8fa2850d63/datanode-1/data/ratis/2cca5f38-3a26-4e52-a965-7ec8fa6028e5: flushIndex: setUnconditionally 0 -> -1
2019-09-20 14:30:09,859 [pool-38-thread-1] INFO  server.RaftServerConfigKeys (ConfUtils.java:logGet(43)) - raft.server.snapshot.auto.trigger.enabled = true (custom)
2019-09-20 14:30:09,859 [pool-38-thread-1] INFO  server.RaftServerConfigKeys (ConfUtils.java:logGet(43)) - raft.server.snapshot.auto.trigger.threshold = 10000 (custom)
2019-09-20 14:30:09,859 [pool-38-thread-1] INFO  server.RaftServerConfigKeys (ConfUtils.java:logGet(43)) - raft.server.retrycache.expirytime = 600000ms (custom)
2019-09-20 14:30:09,859 [pool-38-thread-1] INFO  impl.RaftServerImpl (RaftServerImpl.java:start(180)) - 01139844-247b-45d0-963c-91509834b20c: start group-7EC8FA6028E5
2019-09-20 14:30:09,859 [pool-38-thread-1] INFO  impl.RaftServerImpl (RaftServerImpl.java:setRole(171)) - 01139844-247b-45d0-963c-91509834b20c:group-7EC8FA6028E5 changes role from null to FOLLOWER at term 0 for startAsFollower
2019-09-20 14:30:09,859 [pool-38-thread-1] INFO  impl.RoleInfo (RoleInfo.java:updateAndGet(143)) - 01139844-247b-45d0-963c-91509834b20c: start FollowerState
2019-09-20 14:30:09,860 [pool-38-thread-1] INFO  util.JmxRegister (JmxRegister.java:tryRegister(44)) - Successfully registered JMX Bean with object name Ratis:service=RaftServer,group=group-7EC8FA6028E5,id=01139844-247b-45d0-963c-91509834b20c
2019-09-20 14:30:09,865 [RatisPipelineUtilsThread] INFO  pipeline.PipelineStateManager (PipelineStateManager.java:addPipeline(56)) - Created pipeline Pipeline[ Id: 2cca5f38-3a26-4e52-a965-7ec8fa6028e5, Nodes: 01139844-247b-45d0-963c-91509834b20c{ip: 192.168.36.99, host: pr-hdds-1569-p5fx8-1226042367, networkLocation: /default-rack, certSerialId: null}, Type:RATIS, Factor:ONE, State:OPEN]
2019-09-20 14:30:09,876 [RatisPipelineUtilsThread] INFO  pipeline.PipelinePlacementPolicy (PipelinePlacementPolicy.java:meetCriteria(91)) - Pipeline Placement: Doesn't meet the criteria to be viable node： 414b61dd-dc64-4170-a4f7-ed46231621a1 Heaviness: 6 limit: 5
2019-09-20 14:30:09,886 [grpc-default-executor-0] INFO  impl.RaftServerProxy (RaftServerProxy.java:addNew(89)) - 01139844-247b-45d0-963c-91509834b20c: addNew group-FE54603D08E5:[01139844-247b-45d0-963c-91509834b20c:192.168.36.99:40256] returns group-FE54603D08E5:java.util.concurrent.CompletableFuture@584bc413[Not completed]
2019-09-20 14:30:09,887 [pool-38-thread-1] INFO  impl.RaftServerImpl (RaftServerImpl.java:<init>(93)) - 01139844-247b-45d0-963c-91509834b20c: new RaftServerImpl for group-FE54603D08E5:[01139844-247b-45d0-963c-91509834b20c:192.168.36.99:40256] with ContainerStateMachine:uninitialized
2019-09-20 14:30:09,887 [pool-38-thread-1] INFO  server.RaftServerConfigKeys (ConfUtils.java:logGet(43)) - raft.server.rpc.timeout.min = 5s (custom)
2019-09-20 14:30:09,888 [pool-38-thread-1] INFO  server.RaftServerConfigKeys (ConfUtils.java:logGet(43)) - raft.server.rpc.timeout.max = 5200ms (custom)
2019-09-20 14:30:09,888 [pool-38-thread-1] INFO  server.RaftServerConfigKeys (ConfUtils.java:logGet(43)) - raft.server.rpcslowness.timeout = 120s (custom)
2019-09-20 14:30:09,888 [pool-38-thread-1] INFO  server.RaftServerConfigKeys (ConfUtils.java:logGet(43)) - raft.server.sleep.deviation.threshold = 300 (default)
2019-09-20 14:30:09,888 [pool-38-thread-1] INFO  server.RaftServerConfigKeys (ConfUtils.java:logGet(43)) - raft.server.log.appender.install.snapshot.enabled = false (custom)
2019-09-20 14:30:09,888 [pool-38-thread-1] INFO  impl.RaftServerImpl (ServerState.java:<init>(105)) - 01139844-247b-45d0-963c-91509834b20c:group-FE54603D08E5 ConfigurationManager, init=-1: [01139844-247b-45d0-963c-91509834b20c:192.168.36.99:40256], old=null, confs=<EMPTY_MAP>
2019-09-20 14:30:09,888 [pool-38-thread-1] INFO  server.RaftServerConfigKeys (ConfUtils.java:logGet(43)) - raft.server.storage.dir = [/workdir/hadoop-ozone/tools/target/test-dir/MiniOzoneClusterImpl-d73f9dc2-2858-4e9b-b98c-6f8fa2850d63/datanode-1/data/ratis] (custom)
2019-09-20 14:30:09,889 [pool-38-thread-1] INFO  storage.RaftStorageDirectory (RaftStorageDirectory.java:analyzeStorage(246)) - The storage directory /workdir/hadoop-ozone/tools/target/test-dir/MiniOzoneClusterImpl-d73f9dc2-2858-4e9b-b98c-6f8fa2850d63/datanode-1/data/ratis/b45d1f76-e017-4f19-b60c-fe54603d08e5 does not exist. Creating ...
2019-09-20 14:30:09,914 [pool-38-thread-1] INFO  storage.RaftStorageDirectory (RaftStorageDirectory.java:tryLock(328)) - Lock on /workdir/hadoop-ozone/tools/target/test-dir/MiniOzoneClusterImpl-d73f9dc2-2858-4e9b-b98c-6f8fa2850d63/datanode-1/data/ratis/b45d1f76-e017-4f19-b60c-fe54603d08e5/in_use.lock acquired by nodename 30414@pr-hdds-1569-p5fx8-1226042367
2019-09-20 14:30:09,973 [pool-38-thread-1] INFO  storage.RaftStorage (RaftStorage.java:format(72)) - Storage directory /workdir/hadoop-ozone/tools/target/test-dir/MiniOzoneClusterImpl-d73f9dc2-2858-4e9b-b98c-6f8fa2850d63/datanode-1/data/ratis/b45d1f76-e017-4f19-b60c-fe54603d08e5 has been successfully formatted.
2019-09-20 14:30:09,974 [pool-38-thread-1] INFO  ratis.ContainerStateMachine (ContainerStateMachine.java:loadSnapshot(226)) - group-FE54603D08E5: The snapshot info is null. Setting the last applied indexto:(t:0, i:~)
2019-09-20 14:30:09,974 [pool-38-thread-1] INFO  server.RaftServerConfigKeys (ConfUtils.java:logGet(43)) - raft.server.leader.election.timeout = 120s (custom)
2019-09-20 14:30:09,974 [pool-38-thread-1] INFO  server.RaftServerConfigKeys (ConfUtils.java:logGet(43)) - raft.server.log.use.memory = false (default)
2019-09-20 14:30:09,974 [pool-38-thread-1] INFO  server.RaftServerConfigKeys (ConfUtils.java:logGet(43)) - raft.server.log.purge.gap = 1000000 (custom)
2019-09-20 14:30:09,975 [pool-38-thread-1] INFO  server.RaftServerConfigKeys (ConfUtils.java:logGet(43)) - raft.server.log.appender.buffer.byte-limit = 33554432 (custom)
2019-09-20 14:30:09,975 [pool-38-thread-1] INFO  server.RaftServerConfigKeys (ConfUtils.java:logGet(43)) - raft.server.log.segment.size.max = 1048576 (custom)
2019-09-20 14:30:09,975 [pool-38-thread-1] INFO  server.RaftServerConfigKeys (ConfUtils.java:logGet(43)) - raft.server.log.segment.cache.num.max = 2 (custom)
2019-09-20 14:30:09,975 [pool-38-thread-1] INFO  segmented.SegmentedRaftLogWorker (SegmentedRaftLogWorker.java:<init>(172)) - new 01139844-247b-45d0-963c-91509834b20c-SegmentedRaftLogWorker:Storage Directory /workdir/hadoop-ozone/tools/target/test-dir/MiniOzoneClusterImpl-d73f9dc2-2858-4e9b-b98c-6f8fa2850d63/datanode-1/data/ratis/b45d1f76-e017-4f19-b60c-fe54603d08e5 for RaftStorage:Storage Directory /workdir/hadoop-ozone/tools/target/test-dir/MiniOzoneClusterImpl-d73f9dc2-2858-4e9b-b98c-6f8fa2850d63/datanode-1/data/ratis/b45d1f76-e017-4f19-b60c-fe54603d08e5
2019-09-20 14:30:09,975 [pool-38-thread-1] INFO  server.RaftServerConfigKeys (ConfUtils.java:logGet(43)) - raft.server.log.queue.byte-limit = 2147483647 (custom)
2019-09-20 14:30:09,975 [pool-38-thread-1] INFO  server.RaftServerConfigKeys (ConfUtils.java:logGet(43)) - raft.server.log.queue.element-limit = 1024 (custom)
2019-09-20 14:30:09,976 [pool-38-thread-1] INFO  server.RaftServerConfigKeys (ConfUtils.java:logGet(43)) - raft.server.log.segment.size.max = 1048576 (custom)
2019-09-20 14:30:09,976 [pool-38-thread-1] INFO  server.RaftServerConfigKeys (ConfUtils.java:logGet(43)) - raft.server.log.preallocated.size = 16384 (custom)
2019-09-20 14:30:09,976 [pool-38-thread-1] INFO  server.RaftServerConfigKeys (ConfUtils.java:logGet(43)) - raft.server.log.write.buffer.size = 33554432 (custom)
2019-09-20 14:30:09,976 [pool-38-thread-1] INFO  server.RaftServerConfigKeys (ConfUtils.java:logGet(43)) - raft.server.log.force.sync.num = 128 (default)
2019-09-20 14:30:09,976 [pool-38-thread-1] INFO  server.RaftServerConfigKeys (ConfUtils.java:logGet(43)) - raft.server.log.statemachine.data.sync = true (default)
2019-09-20 14:30:09,976 [pool-38-thread-1] INFO  server.RaftServerConfigKeys (ConfUtils.java:logGet(43)) - raft.server.log.statemachine.data.sync.timeout = 10s (default)
2019-09-20 14:30:09,977 [pool-38-thread-1] INFO  server.RaftServerConfigKeys (ConfUtils.java:logGet(43)) - raft.server.log.statemachine.data.sync.timeout.retry = -1 (default)
2019-09-20 14:30:09,977 [pool-38-thread-1] INFO  server.RaftServerConfigKeys (ConfUtils.java:logGet(43)) - raft.server.log.statemachine.data.caching.enabled = true (custom)
2019-09-20 14:30:09,977 [pool-38-thread-1] INFO  segmented.SegmentedRaftLogWorker (SegmentedRaftLogWorker.java:lambda$new$0(132)) - 01139844-247b-45d0-963c-91509834b20c-SegmentedRaftLogWorker:Storage Directory /workdir/hadoop-ozone/tools/target/test-dir/MiniOzoneClusterImpl-d73f9dc2-2858-4e9b-b98c-6f8fa2850d63/datanode-1/data/ratis/b45d1f76-e017-4f19-b60c-fe54603d08e5: flushIndex: setUnconditionally 0 -> -1
2019-09-20 14:30:09,978 [pool-38-thread-1] INFO  server.RaftServerConfigKeys (ConfUtils.java:logGet(43)) - raft.server.snapshot.auto.trigger.enabled = true (custom)
2019-09-20 14:30:09,978 [pool-38-thread-1] INFO  server.RaftServerConfigKeys (ConfUtils.java:logGet(43)) - raft.server.snapshot.auto.trigger.threshold = 10000 (custom)
2019-09-20 14:30:09,978 [pool-38-thread-1] INFO  server.RaftServerConfigKeys (ConfUtils.java:logGet(43)) - raft.server.retrycache.expirytime = 600000ms (custom)
2019-09-20 14:30:09,978 [pool-38-thread-1] INFO  impl.RaftServerImpl (RaftServerImpl.java:start(180)) - 01139844-247b-45d0-963c-91509834b20c: start group-FE54603D08E5
2019-09-20 14:30:09,979 [pool-38-thread-1] INFO  impl.RaftServerImpl (RaftServerImpl.java:setRole(171)) - 01139844-247b-45d0-963c-91509834b20c:group-FE54603D08E5 changes role from null to FOLLOWER at term 0 for startAsFollower
2019-09-20 14:30:09,979 [pool-38-thread-1] INFO  impl.RoleInfo (RoleInfo.java:updateAndGet(143)) - 01139844-247b-45d0-963c-91509834b20c: start FollowerState
2019-09-20 14:30:09,979 [pool-38-thread-1] INFO  util.JmxRegister (JmxRegister.java:tryRegister(44)) - Successfully registered JMX Bean with object name Ratis:service=RaftServer,group=group-FE54603D08E5,id=01139844-247b-45d0-963c-91509834b20c
2019-09-20 14:30:09,986 [RatisPipelineUtilsThread] INFO  pipeline.PipelineStateManager (PipelineStateManager.java:addPipeline(56)) - Created pipeline Pipeline[ Id: b45d1f76-e017-4f19-b60c-fe54603d08e5, Nodes: 01139844-247b-45d0-963c-91509834b20c{ip: 192.168.36.99, host: pr-hdds-1569-p5fx8-1226042367, networkLocation: /default-rack, certSerialId: null}, Type:RATIS, Factor:ONE, State:OPEN]
2019-09-20 14:30:09,988 [RatisPipelineUtilsThread] INFO  pipeline.PipelinePlacementPolicy (PipelinePlacementPolicy.java:meetCriteria(91)) - Pipeline Placement: Doesn't meet the criteria to be viable node： 414b61dd-dc64-4170-a4f7-ed46231621a1 Heaviness: 6 limit: 5
2019-09-20 14:30:09,988 [RatisPipelineUtilsThread] INFO  pipeline.PipelinePlacementPolicy (PipelinePlacementPolicy.java:meetCriteria(91)) - Pipeline Placement: Doesn't meet the criteria to be viable node： 01139844-247b-45d0-963c-91509834b20c Heaviness: 6 limit: 5
2019-09-20 14:30:10,000 [grpc-default-executor-0] INFO  impl.RaftServerProxy (RaftServerProxy.java:addNew(89)) - 51c8ff27-873d-4cbb-8820-aa0ac2de17d7: addNew group-B0E4951CB0ED:[51c8ff27-873d-4cbb-8820-aa0ac2de17d7:192.168.36.99:37061] returns group-B0E4951CB0ED:java.util.concurrent.CompletableFuture@fee5106[Not completed]
2019-09-20 14:30:10,002 [pool-49-thread-1] INFO  impl.RaftServerImpl (RaftServerImpl.java:<init>(93)) - 51c8ff27-873d-4cbb-8820-aa0ac2de17d7: new RaftServerImpl for group-B0E4951CB0ED:[51c8ff27-873d-4cbb-8820-aa0ac2de17d7:192.168.36.99:37061] with ContainerStateMachine:uninitialized
2019-09-20 14:30:10,002 [pool-49-thread-1] INFO  server.RaftServerConfigKeys (ConfUtils.java:logGet(43)) - raft.server.rpc.timeout.min = 5s (custom)
2019-09-20 14:30:10,002 [pool-49-thread-1] INFO  server.RaftServerConfigKeys (ConfUtils.java:logGet(43)) - raft.server.rpc.timeout.max = 5200ms (custom)
2019-09-20 14:30:10,002 [pool-49-thread-1] INFO  server.RaftServerConfigKeys (ConfUtils.java:logGet(43)) - raft.server.rpcslowness.timeout = 120s (custom)
2019-09-20 14:30:10,002 [pool-49-thread-1] INFO  server.RaftServerConfigKeys (ConfUtils.java:logGet(43)) - raft.server.sleep.deviation.threshold = 300 (default)
2019-09-20 14:30:10,002 [pool-49-thread-1] INFO  server.RaftServerConfigKeys (ConfUtils.java:logGet(43)) - raft.server.log.appender.install.snapshot.enabled = false (custom)
2019-09-20 14:30:10,002 [pool-49-thread-1] INFO  impl.RaftServerImpl (ServerState.java:<init>(105)) - 51c8ff27-873d-4cbb-8820-aa0ac2de17d7:group-B0E4951CB0ED ConfigurationManager, init=-1: [51c8ff27-873d-4cbb-8820-aa0ac2de17d7:192.168.36.99:37061], old=null, confs=<EMPTY_MAP>
2019-09-20 14:30:10,003 [pool-49-thread-1] INFO  server.RaftServerConfigKeys (ConfUtils.java:logGet(43)) - raft.server.storage.dir = [/workdir/hadoop-ozone/tools/target/test-dir/MiniOzoneClusterImpl-d73f9dc2-2858-4e9b-b98c-6f8fa2850d63/datanode-2/data/ratis] (custom)
2019-09-20 14:30:10,003 [pool-49-thread-1] INFO  storage.RaftStorageDirectory (RaftStorageDirectory.java:analyzeStorage(246)) - The storage directory /workdir/hadoop-ozone/tools/target/test-dir/MiniOzoneClusterImpl-d73f9dc2-2858-4e9b-b98c-6f8fa2850d63/datanode-2/data/ratis/6a4e90a6-87ac-44ef-b35c-b0e4951cb0ed does not exist. Creating ...
2019-09-20 14:30:10,040 [pool-49-thread-1] INFO  storage.RaftStorageDirectory (RaftStorageDirectory.java:tryLock(328)) - Lock on /workdir/hadoop-ozone/tools/target/test-dir/MiniOzoneClusterImpl-d73f9dc2-2858-4e9b-b98c-6f8fa2850d63/datanode-2/data/ratis/6a4e90a6-87ac-44ef-b35c-b0e4951cb0ed/in_use.lock acquired by nodename 30414@pr-hdds-1569-p5fx8-1226042367
2019-09-20 14:30:10,082 [pool-49-thread-1] INFO  storage.RaftStorage (RaftStorage.java:format(72)) - Storage directory /workdir/hadoop-ozone/tools/target/test-dir/MiniOzoneClusterImpl-d73f9dc2-2858-4e9b-b98c-6f8fa2850d63/datanode-2/data/ratis/6a4e90a6-87ac-44ef-b35c-b0e4951cb0ed has been successfully formatted.
2019-09-20 14:30:10,085 [pool-49-thread-1] INFO  ratis.ContainerStateMachine (ContainerStateMachine.java:loadSnapshot(226)) - group-B0E4951CB0ED: The snapshot info is null. Setting the last applied indexto:(t:0, i:~)
2019-09-20 14:30:10,086 [pool-49-thread-1] INFO  server.RaftServerConfigKeys (ConfUtils.java:logGet(43)) - raft.server.leader.election.timeout = 120s (custom)
2019-09-20 14:30:10,086 [pool-49-thread-1] INFO  server.RaftServerConfigKeys (ConfUtils.java:logGet(43)) - raft.server.log.use.memory = false (default)
2019-09-20 14:30:10,086 | INFO  | SCMAudit | user=jenkins1000 | ip=192.168.36.99 | op=SEND_HEARTBEAT {datanodeUUID=414b61dd-dc64-4170-a4f7-ed46231621a1, command=[]} | ret=SUCCESS |  
2019-09-20 14:30:10,086 [pool-49-thread-1] INFO  server.RaftServerConfigKeys (ConfUtils.java:logGet(43)) - raft.server.log.purge.gap = 1000000 (custom)
2019-09-20 14:30:10,086 [pool-49-thread-1] INFO  server.RaftServerConfigKeys (ConfUtils.java:logGet(43)) - raft.server.log.appender.buffer.byte-limit = 33554432 (custom)
2019-09-20 14:30:10,086 [pool-49-thread-1] INFO  server.RaftServerConfigKeys (ConfUtils.java:logGet(43)) - raft.server.log.segment.size.max = 1048576 (custom)
2019-09-20 14:30:10,086 [pool-49-thread-1] INFO  server.RaftServerConfigKeys (ConfUtils.java:logGet(43)) - raft.server.log.segment.cache.num.max = 2 (custom)
2019-09-20 14:30:10,087 [pool-49-thread-1] INFO  segmented.SegmentedRaftLogWorker (SegmentedRaftLogWorker.java:<init>(172)) - new 51c8ff27-873d-4cbb-8820-aa0ac2de17d7-SegmentedRaftLogWorker:Storage Directory /workdir/hadoop-ozone/tools/target/test-dir/MiniOzoneClusterImpl-d73f9dc2-2858-4e9b-b98c-6f8fa2850d63/datanode-2/data/ratis/6a4e90a6-87ac-44ef-b35c-b0e4951cb0ed for RaftStorage:Storage Directory /workdir/hadoop-ozone/tools/target/test-dir/MiniOzoneClusterImpl-d73f9dc2-2858-4e9b-b98c-6f8fa2850d63/datanode-2/data/ratis/6a4e90a6-87ac-44ef-b35c-b0e4951cb0ed
2019-09-20 14:30:10,087 [pool-49-thread-1] INFO  server.RaftServerConfigKeys (ConfUtils.java:logGet(43)) - raft.server.log.queue.byte-limit = 2147483647 (custom)
2019-09-20 14:30:10,087 [pool-49-thread-1] INFO  server.RaftServerConfigKeys (ConfUtils.java:logGet(43)) - raft.server.log.queue.element-limit = 1024 (custom)
2019-09-20 14:30:10,087 [pool-49-thread-1] INFO  server.RaftServerConfigKeys (ConfUtils.java:logGet(43)) - raft.server.log.segment.size.max = 1048576 (custom)
2019-09-20 14:30:10,087 [pool-49-thread-1] INFO  server.RaftServerConfigKeys (ConfUtils.java:logGet(43)) - raft.server.log.preallocated.size = 16384 (custom)
2019-09-20 14:30:10,088 [pool-49-thread-1] INFO  server.RaftServerConfigKeys (ConfUtils.java:logGet(43)) - raft.server.log.write.buffer.size = 33554432 (custom)
2019-09-20 14:30:10,088 [pool-49-thread-1] INFO  server.RaftServerConfigKeys (ConfUtils.java:logGet(43)) - raft.server.log.force.sync.num = 128 (default)
2019-09-20 14:30:10,088 [pool-49-thread-1] INFO  server.RaftServerConfigKeys (ConfUtils.java:logGet(43)) - raft.server.log.statemachine.data.sync = true (default)
2019-09-20 14:30:10,088 [pool-49-thread-1] INFO  server.RaftServerConfigKeys (ConfUtils.java:logGet(43)) - raft.server.log.statemachine.data.sync.timeout = 10s (default)
2019-09-20 14:30:10,088 [pool-49-thread-1] INFO  server.RaftServerConfigKeys (ConfUtils.java:logGet(43)) - raft.server.log.statemachine.data.sync.timeout.retry = -1 (default)
2019-09-20 14:30:10,089 [pool-49-thread-1] INFO  server.RaftServerConfigKeys (ConfUtils.java:logGet(43)) - raft.server.log.statemachine.data.caching.enabled = true (custom)
2019-09-20 14:30:10,089 [pool-49-thread-1] INFO  segmented.SegmentedRaftLogWorker (SegmentedRaftLogWorker.java:lambda$new$0(132)) - 51c8ff27-873d-4cbb-8820-aa0ac2de17d7-SegmentedRaftLogWorker:Storage Directory /workdir/hadoop-ozone/tools/target/test-dir/MiniOzoneClusterImpl-d73f9dc2-2858-4e9b-b98c-6f8fa2850d63/datanode-2/data/ratis/6a4e90a6-87ac-44ef-b35c-b0e4951cb0ed: flushIndex: setUnconditionally 0 -> -1
2019-09-20 14:30:10,089 [pool-49-thread-1] INFO  server.RaftServerConfigKeys (ConfUtils.java:logGet(43)) - raft.server.snapshot.auto.trigger.enabled = true (custom)
2019-09-20 14:30:10,090 [pool-49-thread-1] INFO  server.RaftServerConfigKeys (ConfUtils.java:logGet(43)) - raft.server.snapshot.auto.trigger.threshold = 10000 (custom)
2019-09-20 14:30:10,090 [pool-49-thread-1] INFO  server.RaftServerConfigKeys (ConfUtils.java:logGet(43)) - raft.server.retrycache.expirytime = 600000ms (custom)
2019-09-20 14:30:10,090 [pool-49-thread-1] INFO  impl.RaftServerImpl (RaftServerImpl.java:start(180)) - 51c8ff27-873d-4cbb-8820-aa0ac2de17d7: start group-B0E4951CB0ED
2019-09-20 14:30:10,090 [pool-49-thread-1] INFO  impl.RaftServerImpl (RaftServerImpl.java:setRole(171)) - 51c8ff27-873d-4cbb-8820-aa0ac2de17d7:group-B0E4951CB0ED changes role from null to FOLLOWER at term 0 for startAsFollower
2019-09-20 14:30:10,090 [pool-49-thread-1] INFO  impl.RoleInfo (RoleInfo.java:updateAndGet(143)) - 51c8ff27-873d-4cbb-8820-aa0ac2de17d7: start FollowerState
2019-09-20 14:30:10,091 [pool-49-thread-1] INFO  util.JmxRegister (JmxRegister.java:tryRegister(44)) - Successfully registered JMX Bean with object name Ratis:service=RaftServer,group=group-B0E4951CB0ED,id=51c8ff27-873d-4cbb-8820-aa0ac2de17d7
2019-09-20 14:30:10,097 [RatisPipelineUtilsThread] INFO  pipeline.PipelineStateManager (PipelineStateManager.java:addPipeline(56)) - Created pipeline Pipeline[ Id: 6a4e90a6-87ac-44ef-b35c-b0e4951cb0ed, Nodes: 51c8ff27-873d-4cbb-8820-aa0ac2de17d7{ip: 192.168.36.99, host: pr-hdds-1569-p5fx8-1226042367, networkLocation: /default-rack, certSerialId: null}, Type:RATIS, Factor:ONE, State:OPEN]
2019-09-20 14:30:10,099 [RatisPipelineUtilsThread] INFO  pipeline.PipelinePlacementPolicy (PipelinePlacementPolicy.java:meetCriteria(91)) - Pipeline Placement: Doesn't meet the criteria to be viable node： 414b61dd-dc64-4170-a4f7-ed46231621a1 Heaviness: 6 limit: 5
2019-09-20 14:30:10,099 [RatisPipelineUtilsThread] INFO  pipeline.PipelinePlacementPolicy (PipelinePlacementPolicy.java:meetCriteria(91)) - Pipeline Placement: Doesn't meet the criteria to be viable node： 01139844-247b-45d0-963c-91509834b20c Heaviness: 6 limit: 5
2019-09-20 14:30:10,103 | INFO  | SCMAudit | user=jenkins1000 | ip=192.168.36.99 | op=SEND_HEARTBEAT {datanodeUUID=91f00b63-c6d2-4d34-b168-5848dae554d4, command=[]} | ret=SUCCESS |  
2019-09-20 14:30:10,114 [grpc-default-executor-0] INFO  impl.RaftServerProxy (RaftServerProxy.java:addNew(89)) - 91f00b63-c6d2-4d34-b168-5848dae554d4: addNew group-87157F8AC141:[91f00b63-c6d2-4d34-b168-5848dae554d4:192.168.36.99:38636] returns group-87157F8AC141:java.util.concurrent.CompletableFuture@355814ee[Not completed]
2019-09-20 14:30:10,116 [pool-60-thread-1] INFO  impl.RaftServerImpl (RaftServerImpl.java:<init>(93)) - 91f00b63-c6d2-4d34-b168-5848dae554d4: new RaftServerImpl for group-87157F8AC141:[91f00b63-c6d2-4d34-b168-5848dae554d4:192.168.36.99:38636] with ContainerStateMachine:uninitialized
2019-09-20 14:30:10,116 [pool-60-thread-1] INFO  server.RaftServerConfigKeys (ConfUtils.java:logGet(43)) - raft.server.rpc.timeout.min = 5s (custom)
2019-09-20 14:30:10,116 [pool-60-thread-1] INFO  server.RaftServerConfigKeys (ConfUtils.java:logGet(43)) - raft.server.rpc.timeout.max = 5200ms (custom)
2019-09-20 14:30:10,116 [pool-60-thread-1] INFO  server.RaftServerConfigKeys (ConfUtils.java:logGet(43)) - raft.server.rpcslowness.timeout = 120s (custom)
2019-09-20 14:30:10,117 [pool-60-thread-1] INFO  server.RaftServerConfigKeys (ConfUtils.java:logGet(43)) - raft.server.sleep.deviation.threshold = 300 (default)
2019-09-20 14:30:10,117 [pool-60-thread-1] INFO  server.RaftServerConfigKeys (ConfUtils.java:logGet(43)) - raft.server.log.appender.install.snapshot.enabled = false (custom)
2019-09-20 14:30:10,117 [pool-60-thread-1] INFO  impl.RaftServerImpl (ServerState.java:<init>(105)) - 91f00b63-c6d2-4d34-b168-5848dae554d4:group-87157F8AC141 ConfigurationManager, init=-1: [91f00b63-c6d2-4d34-b168-5848dae554d4:192.168.36.99:38636], old=null, confs=<EMPTY_MAP>
2019-09-20 14:30:10,117 [pool-60-thread-1] INFO  server.RaftServerConfigKeys (ConfUtils.java:logGet(43)) - raft.server.storage.dir = [/workdir/hadoop-ozone/tools/target/test-dir/MiniOzoneClusterImpl-d73f9dc2-2858-4e9b-b98c-6f8fa2850d63/datanode-3/data/ratis] (custom)
2019-09-20 14:30:10,118 [pool-60-thread-1] INFO  storage.RaftStorageDirectory (RaftStorageDirectory.java:analyzeStorage(246)) - The storage directory /workdir/hadoop-ozone/tools/target/test-dir/MiniOzoneClusterImpl-d73f9dc2-2858-4e9b-b98c-6f8fa2850d63/datanode-3/data/ratis/e8e2b4cc-5bde-4cf9-9548-87157f8ac141 does not exist. Creating ...
2019-09-20 14:30:10,139 [Thread-207] INFO  container.ReplicationManager (ReplicationManager.java:start(151)) - Starting Replication Monitor Thread.
2019-09-20 14:30:10,140 [ReplicationMonitor] INFO  container.ReplicationManager (ReplicationManager.java:run(214)) - Replication Monitor Thread took 1 milliseconds for processing 0 containers.
2019-09-20 14:30:10,141 [pool-60-thread-1] INFO  storage.RaftStorageDirectory (RaftStorageDirectory.java:tryLock(328)) - Lock on /workdir/hadoop-ozone/tools/target/test-dir/MiniOzoneClusterImpl-d73f9dc2-2858-4e9b-b98c-6f8fa2850d63/datanode-3/data/ratis/e8e2b4cc-5bde-4cf9-9548-87157f8ac141/in_use.lock acquired by nodename 30414@pr-hdds-1569-p5fx8-1226042367
2019-09-20 14:30:10,175 [pool-60-thread-1] INFO  storage.RaftStorage (RaftStorage.java:format(72)) - Storage directory /workdir/hadoop-ozone/tools/target/test-dir/MiniOzoneClusterImpl-d73f9dc2-2858-4e9b-b98c-6f8fa2850d63/datanode-3/data/ratis/e8e2b4cc-5bde-4cf9-9548-87157f8ac141 has been successfully formatted.
2019-09-20 14:30:10,175 [pool-60-thread-1] INFO  ratis.ContainerStateMachine (ContainerStateMachine.java:loadSnapshot(226)) - group-87157F8AC141: The snapshot info is null. Setting the last applied indexto:(t:0, i:~)
2019-09-20 14:30:10,175 [pool-60-thread-1] INFO  server.RaftServerConfigKeys (ConfUtils.java:logGet(43)) - raft.server.leader.election.timeout = 120s (custom)
2019-09-20 14:30:10,176 [pool-60-thread-1] INFO  server.RaftServerConfigKeys (ConfUtils.java:logGet(43)) - raft.server.log.use.memory = false (default)
2019-09-20 14:30:10,176 [pool-60-thread-1] INFO  server.RaftServerConfigKeys (ConfUtils.java:logGet(43)) - raft.server.log.purge.gap = 1000000 (custom)
2019-09-20 14:30:10,176 [pool-60-thread-1] INFO  server.RaftServerConfigKeys (ConfUtils.java:logGet(43)) - raft.server.log.appender.buffer.byte-limit = 33554432 (custom)
2019-09-20 14:30:10,176 [pool-60-thread-1] INFO  server.RaftServerConfigKeys (ConfUtils.java:logGet(43)) - raft.server.log.segment.size.max = 1048576 (custom)
2019-09-20 14:30:10,176 [pool-60-thread-1] INFO  server.RaftServerConfigKeys (ConfUtils.java:logGet(43)) - raft.server.log.segment.cache.num.max = 2 (custom)
2019-09-20 14:30:10,176 [pool-60-thread-1] INFO  segmented.SegmentedRaftLogWorker (SegmentedRaftLogWorker.java:<init>(172)) - new 91f00b63-c6d2-4d34-b168-5848dae554d4-SegmentedRaftLogWorker:Storage Directory /workdir/hadoop-ozone/tools/target/test-dir/MiniOzoneClusterImpl-d73f9dc2-2858-4e9b-b98c-6f8fa2850d63/datanode-3/data/ratis/e8e2b4cc-5bde-4cf9-9548-87157f8ac141 for RaftStorage:Storage Directory /workdir/hadoop-ozone/tools/target/test-dir/MiniOzoneClusterImpl-d73f9dc2-2858-4e9b-b98c-6f8fa2850d63/datanode-3/data/ratis/e8e2b4cc-5bde-4cf9-9548-87157f8ac141
2019-09-20 14:30:10,176 [pool-60-thread-1] INFO  server.RaftServerConfigKeys (ConfUtils.java:logGet(43)) - raft.server.log.queue.byte-limit = 2147483647 (custom)
2019-09-20 14:30:10,176 [pool-60-thread-1] INFO  server.RaftServerConfigKeys (ConfUtils.java:logGet(43)) - raft.server.log.queue.element-limit = 1024 (custom)
2019-09-20 14:30:10,177 [pool-60-thread-1] INFO  server.RaftServerConfigKeys (ConfUtils.java:logGet(43)) - raft.server.log.segment.size.max = 1048576 (custom)
2019-09-20 14:30:10,177 [pool-60-thread-1] INFO  server.RaftServerConfigKeys (ConfUtils.java:logGet(43)) - raft.server.log.preallocated.size = 16384 (custom)
2019-09-20 14:30:10,177 [pool-60-thread-1] INFO  server.RaftServerConfigKeys (ConfUtils.java:logGet(43)) - raft.server.log.write.buffer.size = 33554432 (custom)
2019-09-20 14:30:10,177 [pool-60-thread-1] INFO  server.RaftServerConfigKeys (ConfUtils.java:logGet(43)) - raft.server.log.force.sync.num = 128 (default)
2019-09-20 14:30:10,177 [pool-60-thread-1] INFO  server.RaftServerConfigKeys (ConfUtils.java:logGet(43)) - raft.server.log.statemachine.data.sync = true (default)
2019-09-20 14:30:10,177 [pool-60-thread-1] INFO  server.RaftServerConfigKeys (ConfUtils.java:logGet(43)) - raft.server.log.statemachine.data.sync.timeout = 10s (default)
2019-09-20 14:30:10,177 [pool-60-thread-1] INFO  server.RaftServerConfigKeys (ConfUtils.java:logGet(43)) - raft.server.log.statemachine.data.sync.timeout.retry = -1 (default)
2019-09-20 14:30:10,177 [pool-60-thread-1] INFO  server.RaftServerConfigKeys (ConfUtils.java:logGet(43)) - raft.server.log.statemachine.data.caching.enabled = true (custom)
2019-09-20 14:30:10,178 [pool-60-thread-1] INFO  segmented.SegmentedRaftLogWorker (SegmentedRaftLogWorker.java:lambda$new$0(132)) - 91f00b63-c6d2-4d34-b168-5848dae554d4-SegmentedRaftLogWorker:Storage Directory /workdir/hadoop-ozone/tools/target/test-dir/MiniOzoneClusterImpl-d73f9dc2-2858-4e9b-b98c-6f8fa2850d63/datanode-3/data/ratis/e8e2b4cc-5bde-4cf9-9548-87157f8ac141: flushIndex: setUnconditionally 0 -> -1
2019-09-20 14:30:10,178 [pool-60-thread-1] INFO  server.RaftServerConfigKeys (ConfUtils.java:logGet(43)) - raft.server.snapshot.auto.trigger.enabled = true (custom)
2019-09-20 14:30:10,178 [pool-60-thread-1] INFO  server.RaftServerConfigKeys (ConfUtils.java:logGet(43)) - raft.server.snapshot.auto.trigger.threshold = 10000 (custom)
2019-09-20 14:30:10,178 [pool-60-thread-1] INFO  server.RaftServerConfigKeys (ConfUtils.java:logGet(43)) - raft.server.retrycache.expirytime = 600000ms (custom)
2019-09-20 14:30:10,178 [pool-60-thread-1] INFO  impl.RaftServerImpl (RaftServerImpl.java:start(180)) - 91f00b63-c6d2-4d34-b168-5848dae554d4: start group-87157F8AC141
2019-09-20 14:30:10,178 [pool-60-thread-1] INFO  impl.RaftServerImpl (RaftServerImpl.java:setRole(171)) - 91f00b63-c6d2-4d34-b168-5848dae554d4:group-87157F8AC141 changes role from null to FOLLOWER at term 0 for startAsFollower
2019-09-20 14:30:10,179 [pool-60-thread-1] INFO  impl.RoleInfo (RoleInfo.java:updateAndGet(143)) - 91f00b63-c6d2-4d34-b168-5848dae554d4: start FollowerState
2019-09-20 14:30:10,179 [pool-60-thread-1] INFO  util.JmxRegister (JmxRegister.java:tryRegister(44)) - Successfully registered JMX Bean with object name Ratis:service=RaftServer,group=group-87157F8AC141,id=91f00b63-c6d2-4d34-b168-5848dae554d4
2019-09-20 14:30:10,189 [RatisPipelineUtilsThread] INFO  pipeline.PipelineStateManager (PipelineStateManager.java:addPipeline(56)) - Created pipeline Pipeline[ Id: e8e2b4cc-5bde-4cf9-9548-87157f8ac141, Nodes: 91f00b63-c6d2-4d34-b168-5848dae554d4{ip: 192.168.36.99, host: pr-hdds-1569-p5fx8-1226042367, networkLocation: /default-rack, certSerialId: null}, Type:RATIS, Factor:ONE, State:OPEN]
2019-09-20 14:30:10,192 [RatisPipelineUtilsThread] INFO  pipeline.PipelinePlacementPolicy (PipelinePlacementPolicy.java:meetCriteria(91)) - Pipeline Placement: Doesn't meet the criteria to be viable node： 414b61dd-dc64-4170-a4f7-ed46231621a1 Heaviness: 6 limit: 5
2019-09-20 14:30:10,192 [RatisPipelineUtilsThread] INFO  pipeline.PipelinePlacementPolicy (PipelinePlacementPolicy.java:meetCriteria(91)) - Pipeline Placement: Doesn't meet the criteria to be viable node： 01139844-247b-45d0-963c-91509834b20c Heaviness: 6 limit: 5
2019-09-20 14:30:10,220 [grpc-default-executor-1] INFO  impl.RaftServerProxy (RaftServerProxy.java:addNew(89)) - 91f00b63-c6d2-4d34-b168-5848dae554d4: addNew group-E9A10A1A590D:[91f00b63-c6d2-4d34-b168-5848dae554d4:192.168.36.99:38636] returns group-E9A10A1A590D:java.util.concurrent.CompletableFuture@691b0710[Not completed]
2019-09-20 14:30:10,222 [pool-60-thread-1] INFO  impl.RaftServerImpl (RaftServerImpl.java:<init>(93)) - 91f00b63-c6d2-4d34-b168-5848dae554d4: new RaftServerImpl for group-E9A10A1A590D:[91f00b63-c6d2-4d34-b168-5848dae554d4:192.168.36.99:38636] with ContainerStateMachine:uninitialized
2019-09-20 14:30:10,222 [pool-60-thread-1] INFO  server.RaftServerConfigKeys (ConfUtils.java:logGet(43)) - raft.server.rpc.timeout.min = 5s (custom)
2019-09-20 14:30:10,222 [pool-60-thread-1] INFO  server.RaftServerConfigKeys (ConfUtils.java:logGet(43)) - raft.server.rpc.timeout.max = 5200ms (custom)
2019-09-20 14:30:10,222 [pool-60-thread-1] INFO  server.RaftServerConfigKeys (ConfUtils.java:logGet(43)) - raft.server.rpcslowness.timeout = 120s (custom)
2019-09-20 14:30:10,222 [pool-60-thread-1] INFO  server.RaftServerConfigKeys (ConfUtils.java:logGet(43)) - raft.server.sleep.deviation.threshold = 300 (default)
2019-09-20 14:30:10,222 [pool-60-thread-1] INFO  server.RaftServerConfigKeys (ConfUtils.java:logGet(43)) - raft.server.log.appender.install.snapshot.enabled = false (custom)
2019-09-20 14:30:10,222 [pool-60-thread-1] INFO  impl.RaftServerImpl (ServerState.java:<init>(105)) - 91f00b63-c6d2-4d34-b168-5848dae554d4:group-E9A10A1A590D ConfigurationManager, init=-1: [91f00b63-c6d2-4d34-b168-5848dae554d4:192.168.36.99:38636], old=null, confs=<EMPTY_MAP>
2019-09-20 14:30:10,223 [pool-60-thread-1] INFO  server.RaftServerConfigKeys (ConfUtils.java:logGet(43)) - raft.server.storage.dir = [/workdir/hadoop-ozone/tools/target/test-dir/MiniOzoneClusterImpl-d73f9dc2-2858-4e9b-b98c-6f8fa2850d63/datanode-3/data/ratis] (custom)
2019-09-20 14:30:10,223 [pool-60-thread-1] INFO  storage.RaftStorageDirectory (RaftStorageDirectory.java:analyzeStorage(246)) - The storage directory /workdir/hadoop-ozone/tools/target/test-dir/MiniOzoneClusterImpl-d73f9dc2-2858-4e9b-b98c-6f8fa2850d63/datanode-3/data/ratis/34b29e46-6158-43e2-a2fb-e9a10a1a590d does not exist. Creating ...
2019-09-20 14:30:10,260 | INFO  | SCMAudit | user=jenkins1000 | ip=192.168.36.99 | op=SEND_HEARTBEAT {datanodeUUID=8a1a3fc2-2e5e-451c-bb07-3011db4e4137, command=[]} | ret=SUCCESS |  
2019-09-20 14:30:10,275 [pool-60-thread-1] INFO  storage.RaftStorageDirectory (RaftStorageDirectory.java:tryLock(328)) - Lock on /workdir/hadoop-ozone/tools/target/test-dir/MiniOzoneClusterImpl-d73f9dc2-2858-4e9b-b98c-6f8fa2850d63/datanode-3/data/ratis/34b29e46-6158-43e2-a2fb-e9a10a1a590d/in_use.lock acquired by nodename 30414@pr-hdds-1569-p5fx8-1226042367
2019-09-20 14:30:10,343 [pool-60-thread-1] INFO  storage.RaftStorage (RaftStorage.java:format(72)) - Storage directory /workdir/hadoop-ozone/tools/target/test-dir/MiniOzoneClusterImpl-d73f9dc2-2858-4e9b-b98c-6f8fa2850d63/datanode-3/data/ratis/34b29e46-6158-43e2-a2fb-e9a10a1a590d has been successfully formatted.
2019-09-20 14:30:10,343 | INFO  | SCMAudit | user=jenkins1000 | ip=192.168.36.99 | op=SEND_HEARTBEAT {datanodeUUID=01139844-247b-45d0-963c-91509834b20c, command=[]} | ret=SUCCESS |  
2019-09-20 14:30:10,343 [pool-60-thread-1] INFO  ratis.ContainerStateMachine (ContainerStateMachine.java:loadSnapshot(226)) - group-E9A10A1A590D: The snapshot info is null. Setting the last applied indexto:(t:0, i:~)
2019-09-20 14:30:10,343 [pool-60-thread-1] INFO  server.RaftServerConfigKeys (ConfUtils.java:logGet(43)) - raft.server.leader.election.timeout = 120s (custom)
2019-09-20 14:30:10,343 [pool-60-thread-1] INFO  server.RaftServerConfigKeys (ConfUtils.java:logGet(43)) - raft.server.log.use.memory = false (default)
2019-09-20 14:30:10,343 [pool-60-thread-1] INFO  server.RaftServerConfigKeys (ConfUtils.java:logGet(43)) - raft.server.log.purge.gap = 1000000 (custom)
2019-09-20 14:30:10,344 [pool-60-thread-1] INFO  server.RaftServerConfigKeys (ConfUtils.java:logGet(43)) - raft.server.log.appender.buffer.byte-limit = 33554432 (custom)
2019-09-20 14:30:10,344 [pool-60-thread-1] INFO  server.RaftServerConfigKeys (ConfUtils.java:logGet(43)) - raft.server.log.segment.size.max = 1048576 (custom)
2019-09-20 14:30:10,344 [pool-60-thread-1] INFO  server.RaftServerConfigKeys (ConfUtils.java:logGet(43)) - raft.server.log.segment.cache.num.max = 2 (custom)
2019-09-20 14:30:10,344 [pool-60-thread-1] INFO  segmented.SegmentedRaftLogWorker (SegmentedRaftLogWorker.java:<init>(172)) - new 91f00b63-c6d2-4d34-b168-5848dae554d4-SegmentedRaftLogWorker:Storage Directory /workdir/hadoop-ozone/tools/target/test-dir/MiniOzoneClusterImpl-d73f9dc2-2858-4e9b-b98c-6f8fa2850d63/datanode-3/data/ratis/34b29e46-6158-43e2-a2fb-e9a10a1a590d for RaftStorage:Storage Directory /workdir/hadoop-ozone/tools/target/test-dir/MiniOzoneClusterImpl-d73f9dc2-2858-4e9b-b98c-6f8fa2850d63/datanode-3/data/ratis/34b29e46-6158-43e2-a2fb-e9a10a1a590d
2019-09-20 14:30:10,344 [pool-60-thread-1] INFO  server.RaftServerConfigKeys (ConfUtils.java:logGet(43)) - raft.server.log.queue.byte-limit = 2147483647 (custom)
2019-09-20 14:30:10,344 [pool-60-thread-1] INFO  server.RaftServerConfigKeys (ConfUtils.java:logGet(43)) - raft.server.log.queue.element-limit = 1024 (custom)
2019-09-20 14:30:10,344 [pool-60-thread-1] INFO  server.RaftServerConfigKeys (ConfUtils.java:logGet(43)) - raft.server.log.segment.size.max = 1048576 (custom)
2019-09-20 14:30:10,344 [pool-60-thread-1] INFO  server.RaftServerConfigKeys (ConfUtils.java:logGet(43)) - raft.server.log.preallocated.size = 16384 (custom)
2019-09-20 14:30:10,345 [pool-60-thread-1] INFO  server.RaftServerConfigKeys (ConfUtils.java:logGet(43)) - raft.server.log.write.buffer.size = 33554432 (custom)
2019-09-20 14:30:10,345 [pool-60-thread-1] INFO  server.RaftServerConfigKeys (ConfUtils.java:logGet(43)) - raft.server.log.force.sync.num = 128 (default)
2019-09-20 14:30:10,345 [pool-60-thread-1] INFO  server.RaftServerConfigKeys (ConfUtils.java:logGet(43)) - raft.server.log.statemachine.data.sync = true (default)
2019-09-20 14:30:10,345 [pool-60-thread-1] INFO  server.RaftServerConfigKeys (ConfUtils.java:logGet(43)) - raft.server.log.statemachine.data.sync.timeout = 10s (default)
2019-09-20 14:30:10,345 [pool-60-thread-1] INFO  server.RaftServerConfigKeys (ConfUtils.java:logGet(43)) - raft.server.log.statemachine.data.sync.timeout.retry = -1 (default)
2019-09-20 14:30:10,345 [pool-60-thread-1] INFO  server.RaftServerConfigKeys (ConfUtils.java:logGet(43)) - raft.server.log.statemachine.data.caching.enabled = true (custom)
2019-09-20 14:30:10,346 [pool-60-thread-1] INFO  segmented.SegmentedRaftLogWorker (SegmentedRaftLogWorker.java:lambda$new$0(132)) - 91f00b63-c6d2-4d34-b168-5848dae554d4-SegmentedRaftLogWorker:Storage Directory /workdir/hadoop-ozone/tools/target/test-dir/MiniOzoneClusterImpl-d73f9dc2-2858-4e9b-b98c-6f8fa2850d63/datanode-3/data/ratis/34b29e46-6158-43e2-a2fb-e9a10a1a590d: flushIndex: setUnconditionally 0 -> -1
2019-09-20 14:30:10,346 [pool-60-thread-1] INFO  server.RaftServerConfigKeys (ConfUtils.java:logGet(43)) - raft.server.snapshot.auto.trigger.enabled = true (custom)
2019-09-20 14:30:10,346 [pool-60-thread-1] INFO  server.RaftServerConfigKeys (ConfUtils.java:logGet(43)) - raft.server.snapshot.auto.trigger.threshold = 10000 (custom)
2019-09-20 14:30:10,346 [pool-60-thread-1] INFO  server.RaftServerConfigKeys (ConfUtils.java:logGet(43)) - raft.server.retrycache.expirytime = 600000ms (custom)
2019-09-20 14:30:10,346 [pool-60-thread-1] INFO  impl.RaftServerImpl (RaftServerImpl.java:start(180)) - 91f00b63-c6d2-4d34-b168-5848dae554d4: start group-E9A10A1A590D
2019-09-20 14:30:10,346 [pool-60-thread-1] INFO  impl.RaftServerImpl (RaftServerImpl.java:setRole(171)) - 91f00b63-c6d2-4d34-b168-5848dae554d4:group-E9A10A1A590D changes role from null to FOLLOWER at term 0 for startAsFollower
2019-09-20 14:30:10,347 [pool-60-thread-1] INFO  impl.RoleInfo (RoleInfo.java:updateAndGet(143)) - 91f00b63-c6d2-4d34-b168-5848dae554d4: start FollowerState
2019-09-20 14:30:10,353 [pool-60-thread-1] INFO  util.JmxRegister (JmxRegister.java:tryRegister(44)) - Successfully registered JMX Bean with object name Ratis:service=RaftServer,group=group-E9A10A1A590D,id=91f00b63-c6d2-4d34-b168-5848dae554d4
2019-09-20 14:30:10,369 [RatisPipelineUtilsThread] INFO  pipeline.PipelineStateManager (PipelineStateManager.java:addPipeline(56)) - Created pipeline Pipeline[ Id: 34b29e46-6158-43e2-a2fb-e9a10a1a590d, Nodes: 91f00b63-c6d2-4d34-b168-5848dae554d4{ip: 192.168.36.99, host: pr-hdds-1569-p5fx8-1226042367, networkLocation: /default-rack, certSerialId: null}, Type:RATIS, Factor:ONE, State:OPEN]
2019-09-20 14:30:10,373 [RatisPipelineUtilsThread] INFO  pipeline.PipelinePlacementPolicy (PipelinePlacementPolicy.java:meetCriteria(91)) - Pipeline Placement: Doesn't meet the criteria to be viable node： 414b61dd-dc64-4170-a4f7-ed46231621a1 Heaviness: 6 limit: 5
2019-09-20 14:30:10,374 [RatisPipelineUtilsThread] INFO  pipeline.PipelinePlacementPolicy (PipelinePlacementPolicy.java:meetCriteria(91)) - Pipeline Placement: Doesn't meet the criteria to be viable node： 01139844-247b-45d0-963c-91509834b20c Heaviness: 6 limit: 5
2019-09-20 14:30:10,390 [grpc-default-executor-1] INFO  impl.RaftServerProxy (RaftServerProxy.java:addNew(89)) - 51c8ff27-873d-4cbb-8820-aa0ac2de17d7: addNew group-DDF07371ADCC:[51c8ff27-873d-4cbb-8820-aa0ac2de17d7:192.168.36.99:37061] returns group-DDF07371ADCC:java.util.concurrent.CompletableFuture@63e36c60[Not completed]
2019-09-20 14:30:10,394 [pool-49-thread-1] INFO  impl.RaftServerImpl (RaftServerImpl.java:<init>(93)) - 51c8ff27-873d-4cbb-8820-aa0ac2de17d7: new RaftServerImpl for group-DDF07371ADCC:[51c8ff27-873d-4cbb-8820-aa0ac2de17d7:192.168.36.99:37061] with ContainerStateMachine:uninitialized
2019-09-20 14:30:10,395 [pool-49-thread-1] INFO  server.RaftServerConfigKeys (ConfUtils.java:logGet(43)) - raft.server.rpc.timeout.min = 5s (custom)
2019-09-20 14:30:10,395 [pool-49-thread-1] INFO  server.RaftServerConfigKeys (ConfUtils.java:logGet(43)) - raft.server.rpc.timeout.max = 5200ms (custom)
2019-09-20 14:30:10,395 [pool-49-thread-1] INFO  server.RaftServerConfigKeys (ConfUtils.java:logGet(43)) - raft.server.rpcslowness.timeout = 120s (custom)
2019-09-20 14:30:10,395 [pool-49-thread-1] INFO  server.RaftServerConfigKeys (ConfUtils.java:logGet(43)) - raft.server.sleep.deviation.threshold = 300 (default)
2019-09-20 14:30:10,395 [pool-49-thread-1] INFO  server.RaftServerConfigKeys (ConfUtils.java:logGet(43)) - raft.server.log.appender.install.snapshot.enabled = false (custom)
2019-09-20 14:30:10,396 [pool-49-thread-1] INFO  impl.RaftServerImpl (ServerState.java:<init>(105)) - 51c8ff27-873d-4cbb-8820-aa0ac2de17d7:group-DDF07371ADCC ConfigurationManager, init=-1: [51c8ff27-873d-4cbb-8820-aa0ac2de17d7:192.168.36.99:37061], old=null, confs=<EMPTY_MAP>
2019-09-20 14:30:10,396 [pool-49-thread-1] INFO  server.RaftServerConfigKeys (ConfUtils.java:logGet(43)) - raft.server.storage.dir = [/workdir/hadoop-ozone/tools/target/test-dir/MiniOzoneClusterImpl-d73f9dc2-2858-4e9b-b98c-6f8fa2850d63/datanode-2/data/ratis] (custom)
2019-09-20 14:30:10,396 [pool-49-thread-1] INFO  storage.RaftStorageDirectory (RaftStorageDirectory.java:analyzeStorage(246)) - The storage directory /workdir/hadoop-ozone/tools/target/test-dir/MiniOzoneClusterImpl-d73f9dc2-2858-4e9b-b98c-6f8fa2850d63/datanode-2/data/ratis/6c8b16bc-5669-434d-89d7-ddf07371adcc does not exist. Creating ...
2019-09-20 14:30:10,426 [pool-49-thread-1] INFO  storage.RaftStorageDirectory (RaftStorageDirectory.java:tryLock(328)) - Lock on /workdir/hadoop-ozone/tools/target/test-dir/MiniOzoneClusterImpl-d73f9dc2-2858-4e9b-b98c-6f8fa2850d63/datanode-2/data/ratis/6c8b16bc-5669-434d-89d7-ddf07371adcc/in_use.lock acquired by nodename 30414@pr-hdds-1569-p5fx8-1226042367
2019-09-20 14:30:10,452 [pool-49-thread-1] INFO  storage.RaftStorage (RaftStorage.java:format(72)) - Storage directory /workdir/hadoop-ozone/tools/target/test-dir/MiniOzoneClusterImpl-d73f9dc2-2858-4e9b-b98c-6f8fa2850d63/datanode-2/data/ratis/6c8b16bc-5669-434d-89d7-ddf07371adcc has been successfully formatted.
2019-09-20 14:30:10,452 [pool-49-thread-1] INFO  ratis.ContainerStateMachine (ContainerStateMachine.java:loadSnapshot(226)) - group-DDF07371ADCC: The snapshot info is null. Setting the last applied indexto:(t:0, i:~)
2019-09-20 14:30:10,453 [pool-49-thread-1] INFO  server.RaftServerConfigKeys (ConfUtils.java:logGet(43)) - raft.server.leader.election.timeout = 120s (custom)
2019-09-20 14:30:10,453 [pool-49-thread-1] INFO  server.RaftServerConfigKeys (ConfUtils.java:logGet(43)) - raft.server.log.use.memory = false (default)
2019-09-20 14:30:10,453 [pool-49-thread-1] INFO  server.RaftServerConfigKeys (ConfUtils.java:logGet(43)) - raft.server.log.purge.gap = 1000000 (custom)
2019-09-20 14:30:10,453 [pool-49-thread-1] INFO  server.RaftServerConfigKeys (ConfUtils.java:logGet(43)) - raft.server.log.appender.buffer.byte-limit = 33554432 (custom)
2019-09-20 14:30:10,453 [pool-49-thread-1] INFO  server.RaftServerConfigKeys (ConfUtils.java:logGet(43)) - raft.server.log.segment.size.max = 1048576 (custom)
2019-09-20 14:30:10,454 [pool-49-thread-1] INFO  server.RaftServerConfigKeys (ConfUtils.java:logGet(43)) - raft.server.log.segment.cache.num.max = 2 (custom)
2019-09-20 14:30:10,454 [pool-49-thread-1] INFO  segmented.SegmentedRaftLogWorker (SegmentedRaftLogWorker.java:<init>(172)) - new 51c8ff27-873d-4cbb-8820-aa0ac2de17d7-SegmentedRaftLogWorker:Storage Directory /workdir/hadoop-ozone/tools/target/test-dir/MiniOzoneClusterImpl-d73f9dc2-2858-4e9b-b98c-6f8fa2850d63/datanode-2/data/ratis/6c8b16bc-5669-434d-89d7-ddf07371adcc for RaftStorage:Storage Directory /workdir/hadoop-ozone/tools/target/test-dir/MiniOzoneClusterImpl-d73f9dc2-2858-4e9b-b98c-6f8fa2850d63/datanode-2/data/ratis/6c8b16bc-5669-434d-89d7-ddf07371adcc
2019-09-20 14:30:10,454 [pool-49-thread-1] INFO  server.RaftServerConfigKeys (ConfUtils.java:logGet(43)) - raft.server.log.queue.byte-limit = 2147483647 (custom)
2019-09-20 14:30:10,454 [pool-49-thread-1] INFO  server.RaftServerConfigKeys (ConfUtils.java:logGet(43)) - raft.server.log.queue.element-limit = 1024 (custom)
2019-09-20 14:30:10,454 [pool-49-thread-1] INFO  server.RaftServerConfigKeys (ConfUtils.java:logGet(43)) - raft.server.log.segment.size.max = 1048576 (custom)
2019-09-20 14:30:10,455 [pool-49-thread-1] INFO  server.RaftServerConfigKeys (ConfUtils.java:logGet(43)) - raft.server.log.preallocated.size = 16384 (custom)
2019-09-20 14:30:10,455 [pool-49-thread-1] INFO  server.RaftServerConfigKeys (ConfUtils.java:logGet(43)) - raft.server.log.write.buffer.size = 33554432 (custom)
2019-09-20 14:30:10,455 [pool-49-thread-1] INFO  server.RaftServerConfigKeys (ConfUtils.java:logGet(43)) - raft.server.log.force.sync.num = 128 (default)
2019-09-20 14:30:10,455 [pool-49-thread-1] INFO  server.RaftServerConfigKeys (ConfUtils.java:logGet(43)) - raft.server.log.statemachine.data.sync = true (default)
2019-09-20 14:30:10,455 [pool-49-thread-1] INFO  server.RaftServerConfigKeys (ConfUtils.java:logGet(43)) - raft.server.log.statemachine.data.sync.timeout = 10s (default)
2019-09-20 14:30:10,456 [pool-49-thread-1] INFO  server.RaftServerConfigKeys (ConfUtils.java:logGet(43)) - raft.server.log.statemachine.data.sync.timeout.retry = -1 (default)
2019-09-20 14:30:10,456 [pool-49-thread-1] INFO  server.RaftServerConfigKeys (ConfUtils.java:logGet(43)) - raft.server.log.statemachine.data.caching.enabled = true (custom)
2019-09-20 14:30:10,456 [pool-49-thread-1] INFO  segmented.SegmentedRaftLogWorker (SegmentedRaftLogWorker.java:lambda$new$0(132)) - 51c8ff27-873d-4cbb-8820-aa0ac2de17d7-SegmentedRaftLogWorker:Storage Directory /workdir/hadoop-ozone/tools/target/test-dir/MiniOzoneClusterImpl-d73f9dc2-2858-4e9b-b98c-6f8fa2850d63/datanode-2/data/ratis/6c8b16bc-5669-434d-89d7-ddf07371adcc: flushIndex: setUnconditionally 0 -> -1
2019-09-20 14:30:10,457 [pool-49-thread-1] INFO  server.RaftServerConfigKeys (ConfUtils.java:logGet(43)) - raft.server.snapshot.auto.trigger.enabled = true (custom)
2019-09-20 14:30:10,457 [pool-49-thread-1] INFO  server.RaftServerConfigKeys (ConfUtils.java:logGet(43)) - raft.server.snapshot.auto.trigger.threshold = 10000 (custom)
2019-09-20 14:30:10,457 [pool-49-thread-1] INFO  server.RaftServerConfigKeys (ConfUtils.java:logGet(43)) - raft.server.retrycache.expirytime = 600000ms (custom)
2019-09-20 14:30:10,457 [pool-49-thread-1] INFO  impl.RaftServerImpl (RaftServerImpl.java:start(180)) - 51c8ff27-873d-4cbb-8820-aa0ac2de17d7: start group-DDF07371ADCC
2019-09-20 14:30:10,458 [pool-49-thread-1] INFO  impl.RaftServerImpl (RaftServerImpl.java:setRole(171)) - 51c8ff27-873d-4cbb-8820-aa0ac2de17d7:group-DDF07371ADCC changes role from null to FOLLOWER at term 0 for startAsFollower
2019-09-20 14:30:10,458 [pool-49-thread-1] INFO  impl.RoleInfo (RoleInfo.java:updateAndGet(143)) - 51c8ff27-873d-4cbb-8820-aa0ac2de17d7: start FollowerState
2019-09-20 14:30:10,458 [pool-49-thread-1] INFO  util.JmxRegister (JmxRegister.java:tryRegister(44)) - Successfully registered JMX Bean with object name Ratis:service=RaftServer,group=group-DDF07371ADCC,id=51c8ff27-873d-4cbb-8820-aa0ac2de17d7
2019-09-20 14:30:10,464 [RatisPipelineUtilsThread] INFO  pipeline.PipelineStateManager (PipelineStateManager.java:addPipeline(56)) - Created pipeline Pipeline[ Id: 6c8b16bc-5669-434d-89d7-ddf07371adcc, Nodes: 51c8ff27-873d-4cbb-8820-aa0ac2de17d7{ip: 192.168.36.99, host: pr-hdds-1569-p5fx8-1226042367, networkLocation: /default-rack, certSerialId: null}, Type:RATIS, Factor:ONE, State:OPEN]
2019-09-20 14:30:10,466 [RatisPipelineUtilsThread] INFO  pipeline.PipelinePlacementPolicy (PipelinePlacementPolicy.java:meetCriteria(91)) - Pipeline Placement: Doesn't meet the criteria to be viable node： 414b61dd-dc64-4170-a4f7-ed46231621a1 Heaviness: 6 limit: 5
2019-09-20 14:30:10,466 [RatisPipelineUtilsThread] INFO  pipeline.PipelinePlacementPolicy (PipelinePlacementPolicy.java:meetCriteria(91)) - Pipeline Placement: Doesn't meet the criteria to be viable node： 01139844-247b-45d0-963c-91509834b20c Heaviness: 6 limit: 5
2019-09-20 14:30:10,475 [grpc-default-executor-1] INFO  impl.RaftServerProxy (RaftServerProxy.java:addNew(89)) - 51c8ff27-873d-4cbb-8820-aa0ac2de17d7: addNew group-D17D01AEB5F0:[51c8ff27-873d-4cbb-8820-aa0ac2de17d7:192.168.36.99:37061] returns group-D17D01AEB5F0:java.util.concurrent.CompletableFuture@17734e33[Not completed]
2019-09-20 14:30:10,478 [pool-49-thread-1] INFO  impl.RaftServerImpl (RaftServerImpl.java:<init>(93)) - 51c8ff27-873d-4cbb-8820-aa0ac2de17d7: new RaftServerImpl for group-D17D01AEB5F0:[51c8ff27-873d-4cbb-8820-aa0ac2de17d7:192.168.36.99:37061] with ContainerStateMachine:uninitialized
2019-09-20 14:30:10,478 [pool-49-thread-1] INFO  server.RaftServerConfigKeys (ConfUtils.java:logGet(43)) - raft.server.rpc.timeout.min = 5s (custom)
2019-09-20 14:30:10,478 [pool-49-thread-1] INFO  server.RaftServerConfigKeys (ConfUtils.java:logGet(43)) - raft.server.rpc.timeout.max = 5200ms (custom)
2019-09-20 14:30:10,478 [pool-49-thread-1] INFO  server.RaftServerConfigKeys (ConfUtils.java:logGet(43)) - raft.server.rpcslowness.timeout = 120s (custom)
2019-09-20 14:30:10,479 [pool-49-thread-1] INFO  server.RaftServerConfigKeys (ConfUtils.java:logGet(43)) - raft.server.sleep.deviation.threshold = 300 (default)
2019-09-20 14:30:10,479 [pool-49-thread-1] INFO  server.RaftServerConfigKeys (ConfUtils.java:logGet(43)) - raft.server.log.appender.install.snapshot.enabled = false (custom)
2019-09-20 14:30:10,479 [pool-49-thread-1] INFO  impl.RaftServerImpl (ServerState.java:<init>(105)) - 51c8ff27-873d-4cbb-8820-aa0ac2de17d7:group-D17D01AEB5F0 ConfigurationManager, init=-1: [51c8ff27-873d-4cbb-8820-aa0ac2de17d7:192.168.36.99:37061], old=null, confs=<EMPTY_MAP>
2019-09-20 14:30:10,479 [pool-49-thread-1] INFO  server.RaftServerConfigKeys (ConfUtils.java:logGet(43)) - raft.server.storage.dir = [/workdir/hadoop-ozone/tools/target/test-dir/MiniOzoneClusterImpl-d73f9dc2-2858-4e9b-b98c-6f8fa2850d63/datanode-2/data/ratis] (custom)
2019-09-20 14:30:10,480 [pool-49-thread-1] INFO  storage.RaftStorageDirectory (RaftStorageDirectory.java:analyzeStorage(246)) - The storage directory /workdir/hadoop-ozone/tools/target/test-dir/MiniOzoneClusterImpl-d73f9dc2-2858-4e9b-b98c-6f8fa2850d63/datanode-2/data/ratis/5d28c0fc-4855-4543-b900-d17d01aeb5f0 does not exist. Creating ...
2019-09-20 14:30:10,502 [pool-49-thread-1] INFO  storage.RaftStorageDirectory (RaftStorageDirectory.java:tryLock(328)) - Lock on /workdir/hadoop-ozone/tools/target/test-dir/MiniOzoneClusterImpl-d73f9dc2-2858-4e9b-b98c-6f8fa2850d63/datanode-2/data/ratis/5d28c0fc-4855-4543-b900-d17d01aeb5f0/in_use.lock acquired by nodename 30414@pr-hdds-1569-p5fx8-1226042367
2019-09-20 14:30:10,553 [pool-49-thread-1] INFO  storage.RaftStorage (RaftStorage.java:format(72)) - Storage directory /workdir/hadoop-ozone/tools/target/test-dir/MiniOzoneClusterImpl-d73f9dc2-2858-4e9b-b98c-6f8fa2850d63/datanode-2/data/ratis/5d28c0fc-4855-4543-b900-d17d01aeb5f0 has been successfully formatted.
2019-09-20 14:30:10,553 [pool-49-thread-1] INFO  ratis.ContainerStateMachine (ContainerStateMachine.java:loadSnapshot(226)) - group-D17D01AEB5F0: The snapshot info is null. Setting the last applied indexto:(t:0, i:~)
2019-09-20 14:30:10,554 [pool-49-thread-1] INFO  server.RaftServerConfigKeys (ConfUtils.java:logGet(43)) - raft.server.leader.election.timeout = 120s (custom)
2019-09-20 14:30:10,554 [pool-49-thread-1] INFO  server.RaftServerConfigKeys (ConfUtils.java:logGet(43)) - raft.server.log.use.memory = false (default)
2019-09-20 14:30:10,554 [pool-49-thread-1] INFO  server.RaftServerConfigKeys (ConfUtils.java:logGet(43)) - raft.server.log.purge.gap = 1000000 (custom)
2019-09-20 14:30:10,554 [pool-49-thread-1] INFO  server.RaftServerConfigKeys (ConfUtils.java:logGet(43)) - raft.server.log.appender.buffer.byte-limit = 33554432 (custom)
2019-09-20 14:30:10,555 [pool-49-thread-1] INFO  server.RaftServerConfigKeys (ConfUtils.java:logGet(43)) - raft.server.log.segment.size.max = 1048576 (custom)
2019-09-20 14:30:10,555 [pool-49-thread-1] INFO  server.RaftServerConfigKeys (ConfUtils.java:logGet(43)) - raft.server.log.segment.cache.num.max = 2 (custom)
2019-09-20 14:30:10,555 [pool-49-thread-1] INFO  segmented.SegmentedRaftLogWorker (SegmentedRaftLogWorker.java:<init>(172)) - new 51c8ff27-873d-4cbb-8820-aa0ac2de17d7-SegmentedRaftLogWorker:Storage Directory /workdir/hadoop-ozone/tools/target/test-dir/MiniOzoneClusterImpl-d73f9dc2-2858-4e9b-b98c-6f8fa2850d63/datanode-2/data/ratis/5d28c0fc-4855-4543-b900-d17d01aeb5f0 for RaftStorage:Storage Directory /workdir/hadoop-ozone/tools/target/test-dir/MiniOzoneClusterImpl-d73f9dc2-2858-4e9b-b98c-6f8fa2850d63/datanode-2/data/ratis/5d28c0fc-4855-4543-b900-d17d01aeb5f0
2019-09-20 14:30:10,555 [pool-49-thread-1] INFO  server.RaftServerConfigKeys (ConfUtils.java:logGet(43)) - raft.server.log.queue.byte-limit = 2147483647 (custom)
2019-09-20 14:30:10,555 [pool-49-thread-1] INFO  server.RaftServerConfigKeys (ConfUtils.java:logGet(43)) - raft.server.log.queue.element-limit = 1024 (custom)
2019-09-20 14:30:10,556 [pool-49-thread-1] INFO  server.RaftServerConfigKeys (ConfUtils.java:logGet(43)) - raft.server.log.segment.size.max = 1048576 (custom)
2019-09-20 14:30:10,556 [pool-49-thread-1] INFO  server.RaftServerConfigKeys (ConfUtils.java:logGet(43)) - raft.server.log.preallocated.size = 16384 (custom)
2019-09-20 14:30:10,556 [pool-49-thread-1] INFO  server.RaftServerConfigKeys (ConfUtils.java:logGet(43)) - raft.server.log.write.buffer.size = 33554432 (custom)
2019-09-20 14:30:10,556 [pool-49-thread-1] INFO  server.RaftServerConfigKeys (ConfUtils.java:logGet(43)) - raft.server.log.force.sync.num = 128 (default)
2019-09-20 14:30:10,556 [pool-49-thread-1] INFO  server.RaftServerConfigKeys (ConfUtils.java:logGet(43)) - raft.server.log.statemachine.data.sync = true (default)
2019-09-20 14:30:10,557 [pool-49-thread-1] INFO  server.RaftServerConfigKeys (ConfUtils.java:logGet(43)) - raft.server.log.statemachine.data.sync.timeout = 10s (default)
2019-09-20 14:30:10,557 [pool-49-thread-1] INFO  server.RaftServerConfigKeys (ConfUtils.java:logGet(43)) - raft.server.log.statemachine.data.sync.timeout.retry = -1 (default)
2019-09-20 14:30:10,557 [pool-49-thread-1] INFO  server.RaftServerConfigKeys (ConfUtils.java:logGet(43)) - raft.server.log.statemachine.data.caching.enabled = true (custom)
2019-09-20 14:30:10,558 [pool-49-thread-1] INFO  segmented.SegmentedRaftLogWorker (SegmentedRaftLogWorker.java:lambda$new$0(132)) - 51c8ff27-873d-4cbb-8820-aa0ac2de17d7-SegmentedRaftLogWorker:Storage Directory /workdir/hadoop-ozone/tools/target/test-dir/MiniOzoneClusterImpl-d73f9dc2-2858-4e9b-b98c-6f8fa2850d63/datanode-2/data/ratis/5d28c0fc-4855-4543-b900-d17d01aeb5f0: flushIndex: setUnconditionally 0 -> -1
2019-09-20 14:30:10,558 [pool-49-thread-1] INFO  server.RaftServerConfigKeys (ConfUtils.java:logGet(43)) - raft.server.snapshot.auto.trigger.enabled = true (custom)
2019-09-20 14:30:10,558 [pool-49-thread-1] INFO  server.RaftServerConfigKeys (ConfUtils.java:logGet(43)) - raft.server.snapshot.auto.trigger.threshold = 10000 (custom)
2019-09-20 14:30:10,559 [pool-49-thread-1] INFO  server.RaftServerConfigKeys (ConfUtils.java:logGet(43)) - raft.server.retrycache.expirytime = 600000ms (custom)
2019-09-20 14:30:10,559 [pool-49-thread-1] INFO  impl.RaftServerImpl (RaftServerImpl.java:start(180)) - 51c8ff27-873d-4cbb-8820-aa0ac2de17d7: start group-D17D01AEB5F0
2019-09-20 14:30:10,559 [pool-49-thread-1] INFO  impl.RaftServerImpl (RaftServerImpl.java:setRole(171)) - 51c8ff27-873d-4cbb-8820-aa0ac2de17d7:group-D17D01AEB5F0 changes role from null to FOLLOWER at term 0 for startAsFollower
2019-09-20 14:30:10,559 [pool-49-thread-1] INFO  impl.RoleInfo (RoleInfo.java:updateAndGet(143)) - 51c8ff27-873d-4cbb-8820-aa0ac2de17d7: start FollowerState
2019-09-20 14:30:10,560 [pool-49-thread-1] INFO  util.JmxRegister (JmxRegister.java:tryRegister(44)) - Successfully registered JMX Bean with object name Ratis:service=RaftServer,group=group-D17D01AEB5F0,id=51c8ff27-873d-4cbb-8820-aa0ac2de17d7
2019-09-20 14:30:10,565 [RatisPipelineUtilsThread] INFO  pipeline.PipelineStateManager (PipelineStateManager.java:addPipeline(56)) - Created pipeline Pipeline[ Id: 5d28c0fc-4855-4543-b900-d17d01aeb5f0, Nodes: 51c8ff27-873d-4cbb-8820-aa0ac2de17d7{ip: 192.168.36.99, host: pr-hdds-1569-p5fx8-1226042367, networkLocation: /default-rack, certSerialId: null}, Type:RATIS, Factor:ONE, State:OPEN]
2019-09-20 14:30:10,567 [RatisPipelineUtilsThread] INFO  pipeline.PipelinePlacementPolicy (PipelinePlacementPolicy.java:meetCriteria(91)) - Pipeline Placement: Doesn't meet the criteria to be viable node： 414b61dd-dc64-4170-a4f7-ed46231621a1 Heaviness: 6 limit: 5
2019-09-20 14:30:10,568 [RatisPipelineUtilsThread] INFO  pipeline.PipelinePlacementPolicy (PipelinePlacementPolicy.java:meetCriteria(91)) - Pipeline Placement: Doesn't meet the criteria to be viable node： 01139844-247b-45d0-963c-91509834b20c Heaviness: 6 limit: 5
2019-09-20 14:30:10,568 [RatisPipelineUtilsThread] INFO  pipeline.PipelinePlacementPolicy (PipelinePlacementPolicy.java:meetCriteria(91)) - Pipeline Placement: Doesn't meet the criteria to be viable node： 51c8ff27-873d-4cbb-8820-aa0ac2de17d7 Heaviness: 6 limit: 5
2019-09-20 14:30:10,580 [grpc-default-executor-1] INFO  impl.RaftServerProxy (RaftServerProxy.java:addNew(89)) - 91f00b63-c6d2-4d34-b168-5848dae554d4: addNew group-F2C575840DC0:[91f00b63-c6d2-4d34-b168-5848dae554d4:192.168.36.99:38636] returns group-F2C575840DC0:java.util.concurrent.CompletableFuture@6f75309f[Not completed]
2019-09-20 14:30:10,583 [pool-60-thread-1] INFO  impl.RaftServerImpl (RaftServerImpl.java:<init>(93)) - 91f00b63-c6d2-4d34-b168-5848dae554d4: new RaftServerImpl for group-F2C575840DC0:[91f00b63-c6d2-4d34-b168-5848dae554d4:192.168.36.99:38636] with ContainerStateMachine:uninitialized
2019-09-20 14:30:10,583 [pool-60-thread-1] INFO  server.RaftServerConfigKeys (ConfUtils.java:logGet(43)) - raft.server.rpc.timeout.min = 5s (custom)
2019-09-20 14:30:10,583 [pool-60-thread-1] INFO  server.RaftServerConfigKeys (ConfUtils.java:logGet(43)) - raft.server.rpc.timeout.max = 5200ms (custom)
2019-09-20 14:30:10,583 [pool-60-thread-1] INFO  server.RaftServerConfigKeys (ConfUtils.java:logGet(43)) - raft.server.rpcslowness.timeout = 120s (custom)
2019-09-20 14:30:10,583 [pool-60-thread-1] INFO  server.RaftServerConfigKeys (ConfUtils.java:logGet(43)) - raft.server.sleep.deviation.threshold = 300 (default)
2019-09-20 14:30:10,583 [pool-60-thread-1] INFO  server.RaftServerConfigKeys (ConfUtils.java:logGet(43)) - raft.server.log.appender.install.snapshot.enabled = false (custom)
2019-09-20 14:30:10,584 [pool-60-thread-1] INFO  impl.RaftServerImpl (ServerState.java:<init>(105)) - 91f00b63-c6d2-4d34-b168-5848dae554d4:group-F2C575840DC0 ConfigurationManager, init=-1: [91f00b63-c6d2-4d34-b168-5848dae554d4:192.168.36.99:38636], old=null, confs=<EMPTY_MAP>
2019-09-20 14:30:10,584 [pool-60-thread-1] INFO  server.RaftServerConfigKeys (ConfUtils.java:logGet(43)) - raft.server.storage.dir = [/workdir/hadoop-ozone/tools/target/test-dir/MiniOzoneClusterImpl-d73f9dc2-2858-4e9b-b98c-6f8fa2850d63/datanode-3/data/ratis] (custom)
2019-09-20 14:30:10,584 [pool-60-thread-1] INFO  storage.RaftStorageDirectory (RaftStorageDirectory.java:analyzeStorage(246)) - The storage directory /workdir/hadoop-ozone/tools/target/test-dir/MiniOzoneClusterImpl-d73f9dc2-2858-4e9b-b98c-6f8fa2850d63/datanode-3/data/ratis/00a0a330-64c4-4382-bb5f-f2c575840dc0 does not exist. Creating ...
2019-09-20 14:30:10,612 [pool-60-thread-1] INFO  storage.RaftStorageDirectory (RaftStorageDirectory.java:tryLock(328)) - Lock on /workdir/hadoop-ozone/tools/target/test-dir/MiniOzoneClusterImpl-d73f9dc2-2858-4e9b-b98c-6f8fa2850d63/datanode-3/data/ratis/00a0a330-64c4-4382-bb5f-f2c575840dc0/in_use.lock acquired by nodename 30414@pr-hdds-1569-p5fx8-1226042367
2019-09-20 14:30:10,624 | INFO  | SCMAudit | user=jenkins1000 | ip=192.168.36.99 | op=SEND_HEARTBEAT {datanodeUUID=51c8ff27-873d-4cbb-8820-aa0ac2de17d7, command=[]} | ret=SUCCESS |  
2019-09-20 14:30:10,637 [pool-60-thread-1] INFO  storage.RaftStorage (RaftStorage.java:format(72)) - Storage directory /workdir/hadoop-ozone/tools/target/test-dir/MiniOzoneClusterImpl-d73f9dc2-2858-4e9b-b98c-6f8fa2850d63/datanode-3/data/ratis/00a0a330-64c4-4382-bb5f-f2c575840dc0 has been successfully formatted.
2019-09-20 14:30:10,638 [pool-60-thread-1] INFO  ratis.ContainerStateMachine (ContainerStateMachine.java:loadSnapshot(226)) - group-F2C575840DC0: The snapshot info is null. Setting the last applied indexto:(t:0, i:~)
2019-09-20 14:30:10,638 [pool-60-thread-1] INFO  server.RaftServerConfigKeys (ConfUtils.java:logGet(43)) - raft.server.leader.election.timeout = 120s (custom)
2019-09-20 14:30:10,638 [pool-60-thread-1] INFO  server.RaftServerConfigKeys (ConfUtils.java:logGet(43)) - raft.server.log.use.memory = false (default)
2019-09-20 14:30:10,638 [pool-60-thread-1] INFO  server.RaftServerConfigKeys (ConfUtils.java:logGet(43)) - raft.server.log.purge.gap = 1000000 (custom)
2019-09-20 14:30:10,638 [pool-60-thread-1] INFO  server.RaftServerConfigKeys (ConfUtils.java:logGet(43)) - raft.server.log.appender.buffer.byte-limit = 33554432 (custom)
2019-09-20 14:30:10,639 [pool-60-thread-1] INFO  server.RaftServerConfigKeys (ConfUtils.java:logGet(43)) - raft.server.log.segment.size.max = 1048576 (custom)
2019-09-20 14:30:10,639 [pool-60-thread-1] INFO  server.RaftServerConfigKeys (ConfUtils.java:logGet(43)) - raft.server.log.segment.cache.num.max = 2 (custom)
2019-09-20 14:30:10,639 [pool-60-thread-1] INFO  segmented.SegmentedRaftLogWorker (SegmentedRaftLogWorker.java:<init>(172)) - new 91f00b63-c6d2-4d34-b168-5848dae554d4-SegmentedRaftLogWorker:Storage Directory /workdir/hadoop-ozone/tools/target/test-dir/MiniOzoneClusterImpl-d73f9dc2-2858-4e9b-b98c-6f8fa2850d63/datanode-3/data/ratis/00a0a330-64c4-4382-bb5f-f2c575840dc0 for RaftStorage:Storage Directory /workdir/hadoop-ozone/tools/target/test-dir/MiniOzoneClusterImpl-d73f9dc2-2858-4e9b-b98c-6f8fa2850d63/datanode-3/data/ratis/00a0a330-64c4-4382-bb5f-f2c575840dc0
2019-09-20 14:30:10,639 [pool-60-thread-1] INFO  server.RaftServerConfigKeys (ConfUtils.java:logGet(43)) - raft.server.log.queue.byte-limit = 2147483647 (custom)
2019-09-20 14:30:10,639 [pool-60-thread-1] INFO  server.RaftServerConfigKeys (ConfUtils.java:logGet(43)) - raft.server.log.queue.element-limit = 1024 (custom)
2019-09-20 14:30:10,640 [pool-60-thread-1] INFO  server.RaftServerConfigKeys (ConfUtils.java:logGet(43)) - raft.server.log.segment.size.max = 1048576 (custom)
2019-09-20 14:30:10,640 [pool-60-thread-1] INFO  server.RaftServerConfigKeys (ConfUtils.java:logGet(43)) - raft.server.log.preallocated.size = 16384 (custom)
2019-09-20 14:30:10,640 [pool-60-thread-1] INFO  server.RaftServerConfigKeys (ConfUtils.java:logGet(43)) - raft.server.log.write.buffer.size = 33554432 (custom)
2019-09-20 14:30:10,640 [pool-60-thread-1] INFO  server.RaftServerConfigKeys (ConfUtils.java:logGet(43)) - raft.server.log.force.sync.num = 128 (default)
2019-09-20 14:30:10,640 [pool-60-thread-1] INFO  server.RaftServerConfigKeys (ConfUtils.java:logGet(43)) - raft.server.log.statemachine.data.sync = true (default)
2019-09-20 14:30:10,641 [pool-60-thread-1] INFO  server.RaftServerConfigKeys (ConfUtils.java:logGet(43)) - raft.server.log.statemachine.data.sync.timeout = 10s (default)
2019-09-20 14:30:10,641 [pool-60-thread-1] INFO  server.RaftServerConfigKeys (ConfUtils.java:logGet(43)) - raft.server.log.statemachine.data.sync.timeout.retry = -1 (default)
2019-09-20 14:30:10,641 [pool-60-thread-1] INFO  server.RaftServerConfigKeys (ConfUtils.java:logGet(43)) - raft.server.log.statemachine.data.caching.enabled = true (custom)
2019-09-20 14:30:10,642 [pool-60-thread-1] INFO  segmented.SegmentedRaftLogWorker (SegmentedRaftLogWorker.java:lambda$new$0(132)) - 91f00b63-c6d2-4d34-b168-5848dae554d4-SegmentedRaftLogWorker:Storage Directory /workdir/hadoop-ozone/tools/target/test-dir/MiniOzoneClusterImpl-d73f9dc2-2858-4e9b-b98c-6f8fa2850d63/datanode-3/data/ratis/00a0a330-64c4-4382-bb5f-f2c575840dc0: flushIndex: setUnconditionally 0 -> -1
2019-09-20 14:30:10,642 [pool-60-thread-1] INFO  server.RaftServerConfigKeys (ConfUtils.java:logGet(43)) - raft.server.snapshot.auto.trigger.enabled = true (custom)
2019-09-20 14:30:10,642 [pool-60-thread-1] INFO  server.RaftServerConfigKeys (ConfUtils.java:logGet(43)) - raft.server.snapshot.auto.trigger.threshold = 10000 (custom)
2019-09-20 14:30:10,642 [pool-60-thread-1] INFO  server.RaftServerConfigKeys (ConfUtils.java:logGet(43)) - raft.server.retrycache.expirytime = 600000ms (custom)
2019-09-20 14:30:10,643 [pool-60-thread-1] INFO  impl.RaftServerImpl (RaftServerImpl.java:start(180)) - 91f00b63-c6d2-4d34-b168-5848dae554d4: start group-F2C575840DC0
2019-09-20 14:30:10,643 [pool-60-thread-1] INFO  impl.RaftServerImpl (RaftServerImpl.java:setRole(171)) - 91f00b63-c6d2-4d34-b168-5848dae554d4:group-F2C575840DC0 changes role from null to FOLLOWER at term 0 for startAsFollower
2019-09-20 14:30:10,643 [pool-60-thread-1] INFO  impl.RoleInfo (RoleInfo.java:updateAndGet(143)) - 91f00b63-c6d2-4d34-b168-5848dae554d4: start FollowerState
2019-09-20 14:30:10,644 [pool-60-thread-1] INFO  util.JmxRegister (JmxRegister.java:tryRegister(44)) - Successfully registered JMX Bean with object name Ratis:service=RaftServer,group=group-F2C575840DC0,id=91f00b63-c6d2-4d34-b168-5848dae554d4
2019-09-20 14:30:10,649 [RatisPipelineUtilsThread] INFO  pipeline.PipelineStateManager (PipelineStateManager.java:addPipeline(56)) - Created pipeline Pipeline[ Id: 00a0a330-64c4-4382-bb5f-f2c575840dc0, Nodes: 91f00b63-c6d2-4d34-b168-5848dae554d4{ip: 192.168.36.99, host: pr-hdds-1569-p5fx8-1226042367, networkLocation: /default-rack, certSerialId: null}, Type:RATIS, Factor:ONE, State:OPEN]
2019-09-20 14:30:10,650 [RatisPipelineUtilsThread] INFO  pipeline.PipelinePlacementPolicy (PipelinePlacementPolicy.java:meetCriteria(91)) - Pipeline Placement: Doesn't meet the criteria to be viable node： 414b61dd-dc64-4170-a4f7-ed46231621a1 Heaviness: 6 limit: 5
2019-09-20 14:30:10,650 [RatisPipelineUtilsThread] INFO  pipeline.PipelinePlacementPolicy (PipelinePlacementPolicy.java:meetCriteria(91)) - Pipeline Placement: Doesn't meet the criteria to be viable node： 01139844-247b-45d0-963c-91509834b20c Heaviness: 6 limit: 5
2019-09-20 14:30:10,650 [RatisPipelineUtilsThread] INFO  pipeline.PipelinePlacementPolicy (PipelinePlacementPolicy.java:meetCriteria(91)) - Pipeline Placement: Doesn't meet the criteria to be viable node： 51c8ff27-873d-4cbb-8820-aa0ac2de17d7 Heaviness: 6 limit: 5
2019-09-20 14:30:10,659 [grpc-default-executor-1] INFO  impl.RaftServerProxy (RaftServerProxy.java:addNew(89)) - 91f00b63-c6d2-4d34-b168-5848dae554d4: addNew group-3A7FA3546EA3:[91f00b63-c6d2-4d34-b168-5848dae554d4:192.168.36.99:38636] returns group-3A7FA3546EA3:java.util.concurrent.CompletableFuture@4b41dd0b[Not completed]
2019-09-20 14:30:10,661 [pool-60-thread-1] INFO  impl.RaftServerImpl (RaftServerImpl.java:<init>(93)) - 91f00b63-c6d2-4d34-b168-5848dae554d4: new RaftServerImpl for group-3A7FA3546EA3:[91f00b63-c6d2-4d34-b168-5848dae554d4:192.168.36.99:38636] with ContainerStateMachine:uninitialized
2019-09-20 14:30:10,661 [pool-60-thread-1] INFO  server.RaftServerConfigKeys (ConfUtils.java:logGet(43)) - raft.server.rpc.timeout.min = 5s (custom)
2019-09-20 14:30:10,661 [pool-60-thread-1] INFO  server.RaftServerConfigKeys (ConfUtils.java:logGet(43)) - raft.server.rpc.timeout.max = 5200ms (custom)
2019-09-20 14:30:10,661 [pool-60-thread-1] INFO  server.RaftServerConfigKeys (ConfUtils.java:logGet(43)) - raft.server.rpcslowness.timeout = 120s (custom)
2019-09-20 14:30:10,662 [pool-60-thread-1] INFO  server.RaftServerConfigKeys (ConfUtils.java:logGet(43)) - raft.server.sleep.deviation.threshold = 300 (default)
2019-09-20 14:30:10,662 [pool-60-thread-1] INFO  server.RaftServerConfigKeys (ConfUtils.java:logGet(43)) - raft.server.log.appender.install.snapshot.enabled = false (custom)
2019-09-20 14:30:10,662 [pool-60-thread-1] INFO  impl.RaftServerImpl (ServerState.java:<init>(105)) - 91f00b63-c6d2-4d34-b168-5848dae554d4:group-3A7FA3546EA3 ConfigurationManager, init=-1: [91f00b63-c6d2-4d34-b168-5848dae554d4:192.168.36.99:38636], old=null, confs=<EMPTY_MAP>
2019-09-20 14:30:10,662 [pool-60-thread-1] INFO  server.RaftServerConfigKeys (ConfUtils.java:logGet(43)) - raft.server.storage.dir = [/workdir/hadoop-ozone/tools/target/test-dir/MiniOzoneClusterImpl-d73f9dc2-2858-4e9b-b98c-6f8fa2850d63/datanode-3/data/ratis] (custom)
2019-09-20 14:30:10,662 [pool-60-thread-1] INFO  storage.RaftStorageDirectory (RaftStorageDirectory.java:analyzeStorage(246)) - The storage directory /workdir/hadoop-ozone/tools/target/test-dir/MiniOzoneClusterImpl-d73f9dc2-2858-4e9b-b98c-6f8fa2850d63/datanode-3/data/ratis/bb1a920d-5aa0-42ce-a9a9-3a7fa3546ea3 does not exist. Creating ...
2019-09-20 14:30:10,691 [pool-60-thread-1] INFO  storage.RaftStorageDirectory (RaftStorageDirectory.java:tryLock(328)) - Lock on /workdir/hadoop-ozone/tools/target/test-dir/MiniOzoneClusterImpl-d73f9dc2-2858-4e9b-b98c-6f8fa2850d63/datanode-3/data/ratis/bb1a920d-5aa0-42ce-a9a9-3a7fa3546ea3/in_use.lock acquired by nodename 30414@pr-hdds-1569-p5fx8-1226042367
2019-09-20 14:30:10,721 [pool-60-thread-1] INFO  storage.RaftStorage (RaftStorage.java:format(72)) - Storage directory /workdir/hadoop-ozone/tools/target/test-dir/MiniOzoneClusterImpl-d73f9dc2-2858-4e9b-b98c-6f8fa2850d63/datanode-3/data/ratis/bb1a920d-5aa0-42ce-a9a9-3a7fa3546ea3 has been successfully formatted.
2019-09-20 14:30:10,721 [pool-60-thread-1] INFO  ratis.ContainerStateMachine (ContainerStateMachine.java:loadSnapshot(226)) - group-3A7FA3546EA3: The snapshot info is null. Setting the last applied indexto:(t:0, i:~)
2019-09-20 14:30:10,721 [pool-60-thread-1] INFO  server.RaftServerConfigKeys (ConfUtils.java:logGet(43)) - raft.server.leader.election.timeout = 120s (custom)
2019-09-20 14:30:10,721 [pool-60-thread-1] INFO  server.RaftServerConfigKeys (ConfUtils.java:logGet(43)) - raft.server.log.use.memory = false (default)
2019-09-20 14:30:10,722 [pool-60-thread-1] INFO  server.RaftServerConfigKeys (ConfUtils.java:logGet(43)) - raft.server.log.purge.gap = 1000000 (custom)
2019-09-20 14:30:10,722 [pool-60-thread-1] INFO  server.RaftServerConfigKeys (ConfUtils.java:logGet(43)) - raft.server.log.appender.buffer.byte-limit = 33554432 (custom)
2019-09-20 14:30:10,722 [pool-60-thread-1] INFO  server.RaftServerConfigKeys (ConfUtils.java:logGet(43)) - raft.server.log.segment.size.max = 1048576 (custom)
2019-09-20 14:30:10,722 [pool-60-thread-1] INFO  server.RaftServerConfigKeys (ConfUtils.java:logGet(43)) - raft.server.log.segment.cache.num.max = 2 (custom)
2019-09-20 14:30:10,722 [pool-60-thread-1] INFO  segmented.SegmentedRaftLogWorker (SegmentedRaftLogWorker.java:<init>(172)) - new 91f00b63-c6d2-4d34-b168-5848dae554d4-SegmentedRaftLogWorker:Storage Directory /workdir/hadoop-ozone/tools/target/test-dir/MiniOzoneClusterImpl-d73f9dc2-2858-4e9b-b98c-6f8fa2850d63/datanode-3/data/ratis/bb1a920d-5aa0-42ce-a9a9-3a7fa3546ea3 for RaftStorage:Storage Directory /workdir/hadoop-ozone/tools/target/test-dir/MiniOzoneClusterImpl-d73f9dc2-2858-4e9b-b98c-6f8fa2850d63/datanode-3/data/ratis/bb1a920d-5aa0-42ce-a9a9-3a7fa3546ea3
2019-09-20 14:30:10,722 [pool-60-thread-1] INFO  server.RaftServerConfigKeys (ConfUtils.java:logGet(43)) - raft.server.log.queue.byte-limit = 2147483647 (custom)
2019-09-20 14:30:10,723 [pool-60-thread-1] INFO  server.RaftServerConfigKeys (ConfUtils.java:logGet(43)) - raft.server.log.queue.element-limit = 1024 (custom)
2019-09-20 14:30:10,723 [pool-60-thread-1] INFO  server.RaftServerConfigKeys (ConfUtils.java:logGet(43)) - raft.server.log.segment.size.max = 1048576 (custom)
2019-09-20 14:30:10,723 [pool-60-thread-1] INFO  server.RaftServerConfigKeys (ConfUtils.java:logGet(43)) - raft.server.log.preallocated.size = 16384 (custom)
2019-09-20 14:30:10,723 [pool-60-thread-1] INFO  server.RaftServerConfigKeys (ConfUtils.java:logGet(43)) - raft.server.log.write.buffer.size = 33554432 (custom)
2019-09-20 14:30:10,723 [pool-60-thread-1] INFO  server.RaftServerConfigKeys (ConfUtils.java:logGet(43)) - raft.server.log.force.sync.num = 128 (default)
2019-09-20 14:30:10,723 [pool-60-thread-1] INFO  server.RaftServerConfigKeys (ConfUtils.java:logGet(43)) - raft.server.log.statemachine.data.sync = true (default)
2019-09-20 14:30:10,724 [pool-60-thread-1] INFO  server.RaftServerConfigKeys (ConfUtils.java:logGet(43)) - raft.server.log.statemachine.data.sync.timeout = 10s (default)
2019-09-20 14:30:10,724 [pool-60-thread-1] INFO  server.RaftServerConfigKeys (ConfUtils.java:logGet(43)) - raft.server.log.statemachine.data.sync.timeout.retry = -1 (default)
2019-09-20 14:30:10,724 [pool-60-thread-1] INFO  server.RaftServerConfigKeys (ConfUtils.java:logGet(43)) - raft.server.log.statemachine.data.caching.enabled = true (custom)
2019-09-20 14:30:10,724 [pool-60-thread-1] INFO  segmented.SegmentedRaftLogWorker (SegmentedRaftLogWorker.java:lambda$new$0(132)) - 91f00b63-c6d2-4d34-b168-5848dae554d4-SegmentedRaftLogWorker:Storage Directory /workdir/hadoop-ozone/tools/target/test-dir/MiniOzoneClusterImpl-d73f9dc2-2858-4e9b-b98c-6f8fa2850d63/datanode-3/data/ratis/bb1a920d-5aa0-42ce-a9a9-3a7fa3546ea3: flushIndex: setUnconditionally 0 -> -1
2019-09-20 14:30:10,725 [pool-60-thread-1] INFO  server.RaftServerConfigKeys (ConfUtils.java:logGet(43)) - raft.server.snapshot.auto.trigger.enabled = true (custom)
2019-09-20 14:30:10,725 [pool-60-thread-1] INFO  server.RaftServerConfigKeys (ConfUtils.java:logGet(43)) - raft.server.snapshot.auto.trigger.threshold = 10000 (custom)
2019-09-20 14:30:10,725 [pool-60-thread-1] INFO  server.RaftServerConfigKeys (ConfUtils.java:logGet(43)) - raft.server.retrycache.expirytime = 600000ms (custom)
2019-09-20 14:30:10,725 [pool-60-thread-1] INFO  impl.RaftServerImpl (RaftServerImpl.java:start(180)) - 91f00b63-c6d2-4d34-b168-5848dae554d4: start group-3A7FA3546EA3
2019-09-20 14:30:10,726 [pool-60-thread-1] INFO  impl.RaftServerImpl (RaftServerImpl.java:setRole(171)) - 91f00b63-c6d2-4d34-b168-5848dae554d4:group-3A7FA3546EA3 changes role from null to FOLLOWER at term 0 for startAsFollower
2019-09-20 14:30:10,726 [pool-60-thread-1] INFO  impl.RoleInfo (RoleInfo.java:updateAndGet(143)) - 91f00b63-c6d2-4d34-b168-5848dae554d4: start FollowerState
2019-09-20 14:30:10,726 [pool-60-thread-1] INFO  util.JmxRegister (JmxRegister.java:tryRegister(44)) - Successfully registered JMX Bean with object name Ratis:service=RaftServer,group=group-3A7FA3546EA3,id=91f00b63-c6d2-4d34-b168-5848dae554d4
 0.00% |█                                                                                                    |  0/1 Time: 0:00:012019-09-20 14:30:10,732 [RatisPipelineUtilsThread] INFO  pipeline.PipelineStateManager (PipelineStateManager.java:addPipeline(56)) - Created pipeline Pipeline[ Id: bb1a920d-5aa0-42ce-a9a9-3a7fa3546ea3, Nodes: 91f00b63-c6d2-4d34-b168-5848dae554d4{ip: 192.168.36.99, host: pr-hdds-1569-p5fx8-1226042367, networkLocation: /default-rack, certSerialId: null}, Type:RATIS, Factor:ONE, State:OPEN]
2019-09-20 14:30:10,733 [RatisPipelineUtilsThread] INFO  pipeline.PipelinePlacementPolicy (PipelinePlacementPolicy.java:meetCriteria(91)) - Pipeline Placement: Doesn't meet the criteria to be viable node： 414b61dd-dc64-4170-a4f7-ed46231621a1 Heaviness: 6 limit: 5
2019-09-20 14:30:10,734 [RatisPipelineUtilsThread] INFO  pipeline.PipelinePlacementPolicy (PipelinePlacementPolicy.java:meetCriteria(91)) - Pipeline Placement: Doesn't meet the criteria to be viable node： 01139844-247b-45d0-963c-91509834b20c Heaviness: 6 limit: 5
2019-09-20 14:30:10,734 [RatisPipelineUtilsThread] INFO  pipeline.PipelinePlacementPolicy (PipelinePlacementPolicy.java:meetCriteria(91)) - Pipeline Placement: Doesn't meet the criteria to be viable node： 51c8ff27-873d-4cbb-8820-aa0ac2de17d7 Heaviness: 6 limit: 5
2019-09-20 14:30:10,744 [grpc-default-executor-1] INFO  impl.RaftServerProxy (RaftServerProxy.java:addNew(89)) - 8a1a3fc2-2e5e-451c-bb07-3011db4e4137: addNew group-898AE56C8974:[8a1a3fc2-2e5e-451c-bb07-3011db4e4137:192.168.36.99:43541] returns group-898AE56C8974:java.util.concurrent.CompletableFuture@74715b50[Not completed]
2019-09-20 14:30:10,746 [pool-71-thread-1] INFO  impl.RaftServerImpl (RaftServerImpl.java:<init>(93)) - 8a1a3fc2-2e5e-451c-bb07-3011db4e4137: new RaftServerImpl for group-898AE56C8974:[8a1a3fc2-2e5e-451c-bb07-3011db4e4137:192.168.36.99:43541] with ContainerStateMachine:uninitialized
2019-09-20 14:30:10,746 [pool-71-thread-1] INFO  server.RaftServerConfigKeys (ConfUtils.java:logGet(43)) - raft.server.rpc.timeout.min = 5s (custom)
2019-09-20 14:30:10,746 [pool-71-thread-1] INFO  server.RaftServerConfigKeys (ConfUtils.java:logGet(43)) - raft.server.rpc.timeout.max = 5200ms (custom)
2019-09-20 14:30:10,747 [pool-71-thread-1] INFO  server.RaftServerConfigKeys (ConfUtils.java:logGet(43)) - raft.server.rpcslowness.timeout = 120s (custom)
2019-09-20 14:30:10,747 [pool-71-thread-1] INFO  server.RaftServerConfigKeys (ConfUtils.java:logGet(43)) - raft.server.sleep.deviation.threshold = 300 (default)
2019-09-20 14:30:10,747 [pool-71-thread-1] INFO  server.RaftServerConfigKeys (ConfUtils.java:logGet(43)) - raft.server.log.appender.install.snapshot.enabled = false (custom)
2019-09-20 14:30:10,747 [pool-71-thread-1] INFO  impl.RaftServerImpl (ServerState.java:<init>(105)) - 8a1a3fc2-2e5e-451c-bb07-3011db4e4137:group-898AE56C8974 ConfigurationManager, init=-1: [8a1a3fc2-2e5e-451c-bb07-3011db4e4137:192.168.36.99:43541], old=null, confs=<EMPTY_MAP>
2019-09-20 14:30:10,747 [pool-71-thread-1] INFO  server.RaftServerConfigKeys (ConfUtils.java:logGet(43)) - raft.server.storage.dir = [/workdir/hadoop-ozone/tools/target/test-dir/MiniOzoneClusterImpl-d73f9dc2-2858-4e9b-b98c-6f8fa2850d63/datanode-4/data/ratis] (custom)
2019-09-20 14:30:10,748 [pool-71-thread-1] INFO  storage.RaftStorageDirectory (RaftStorageDirectory.java:analyzeStorage(246)) - The storage directory /workdir/hadoop-ozone/tools/target/test-dir/MiniOzoneClusterImpl-d73f9dc2-2858-4e9b-b98c-6f8fa2850d63/datanode-4/data/ratis/1fe845fc-5927-4405-905c-898ae56c8974 does not exist. Creating ...
2019-09-20 14:30:10,772 [pool-71-thread-1] INFO  storage.RaftStorageDirectory (RaftStorageDirectory.java:tryLock(328)) - Lock on /workdir/hadoop-ozone/tools/target/test-dir/MiniOzoneClusterImpl-d73f9dc2-2858-4e9b-b98c-6f8fa2850d63/datanode-4/data/ratis/1fe845fc-5927-4405-905c-898ae56c8974/in_use.lock acquired by nodename 30414@pr-hdds-1569-p5fx8-1226042367
2019-09-20 14:30:10,827 [pool-71-thread-1] INFO  storage.RaftStorage (RaftStorage.java:format(72)) - Storage directory /workdir/hadoop-ozone/tools/target/test-dir/MiniOzoneClusterImpl-d73f9dc2-2858-4e9b-b98c-6f8fa2850d63/datanode-4/data/ratis/1fe845fc-5927-4405-905c-898ae56c8974 has been successfully formatted.
2019-09-20 14:30:10,828 [pool-71-thread-1] INFO  ratis.ContainerStateMachine (ContainerStateMachine.java:loadSnapshot(226)) - group-898AE56C8974: The snapshot info is null. Setting the last applied indexto:(t:0, i:~)
2019-09-20 14:30:10,828 [pool-71-thread-1] INFO  server.RaftServerConfigKeys (ConfUtils.java:logGet(43)) - raft.server.leader.election.timeout = 120s (custom)
2019-09-20 14:30:10,828 [pool-71-thread-1] INFO  server.RaftServerConfigKeys (ConfUtils.java:logGet(43)) - raft.server.log.use.memory = false (default)
2019-09-20 14:30:10,829 [pool-71-thread-1] INFO  server.RaftServerConfigKeys (ConfUtils.java:logGet(43)) - raft.server.log.purge.gap = 1000000 (custom)
2019-09-20 14:30:10,829 [pool-71-thread-1] INFO  server.RaftServerConfigKeys (ConfUtils.java:logGet(43)) - raft.server.log.appender.buffer.byte-limit = 33554432 (custom)
2019-09-20 14:30:10,829 [pool-71-thread-1] INFO  server.RaftServerConfigKeys (ConfUtils.java:logGet(43)) - raft.server.log.segment.size.max = 1048576 (custom)
2019-09-20 14:30:10,829 [pool-71-thread-1] INFO  server.RaftServerConfigKeys (ConfUtils.java:logGet(43)) - raft.server.log.segment.cache.num.max = 2 (custom)
2019-09-20 14:30:10,830 [pool-71-thread-1] INFO  segmented.SegmentedRaftLogWorker (SegmentedRaftLogWorker.java:<init>(172)) - new 8a1a3fc2-2e5e-451c-bb07-3011db4e4137-SegmentedRaftLogWorker:Storage Directory /workdir/hadoop-ozone/tools/target/test-dir/MiniOzoneClusterImpl-d73f9dc2-2858-4e9b-b98c-6f8fa2850d63/datanode-4/data/ratis/1fe845fc-5927-4405-905c-898ae56c8974 for RaftStorage:Storage Directory /workdir/hadoop-ozone/tools/target/test-dir/MiniOzoneClusterImpl-d73f9dc2-2858-4e9b-b98c-6f8fa2850d63/datanode-4/data/ratis/1fe845fc-5927-4405-905c-898ae56c8974
2019-09-20 14:30:10,830 [pool-71-thread-1] INFO  server.RaftServerConfigKeys (ConfUtils.java:logGet(43)) - raft.server.log.queue.byte-limit = 2147483647 (custom)
2019-09-20 14:30:10,830 [pool-71-thread-1] INFO  server.RaftServerConfigKeys (ConfUtils.java:logGet(43)) - raft.server.log.queue.element-limit = 1024 (custom)
2019-09-20 14:30:10,830 [pool-71-thread-1] INFO  server.RaftServerConfigKeys (ConfUtils.java:logGet(43)) - raft.server.log.segment.size.max = 1048576 (custom)
2019-09-20 14:30:10,830 [pool-71-thread-1] INFO  server.RaftServerConfigKeys (ConfUtils.java:logGet(43)) - raft.server.log.preallocated.size = 16384 (custom)
2019-09-20 14:30:10,831 [pool-71-thread-1] INFO  server.RaftServerConfigKeys (ConfUtils.java:logGet(43)) - raft.server.log.write.buffer.size = 33554432 (custom)
2019-09-20 14:30:10,831 [pool-71-thread-1] INFO  server.RaftServerConfigKeys (ConfUtils.java:logGet(43)) - raft.server.log.force.sync.num = 128 (default)
2019-09-20 14:30:10,831 [pool-71-thread-1] INFO  server.RaftServerConfigKeys (ConfUtils.java:logGet(43)) - raft.server.log.statemachine.data.sync = true (default)
2019-09-20 14:30:10,831 [pool-71-thread-1] INFO  server.RaftServerConfigKeys (ConfUtils.java:logGet(43)) - raft.server.log.statemachine.data.sync.timeout = 10s (default)
2019-09-20 14:30:10,831 [pool-71-thread-1] INFO  server.RaftServerConfigKeys (ConfUtils.java:logGet(43)) - raft.server.log.statemachine.data.sync.timeout.retry = -1 (default)
2019-09-20 14:30:10,832 [pool-71-thread-1] INFO  server.RaftServerConfigKeys (ConfUtils.java:logGet(43)) - raft.server.log.statemachine.data.caching.enabled = true (custom)
2019-09-20 14:30:10,832 [pool-71-thread-1] INFO  segmented.SegmentedRaftLogWorker (SegmentedRaftLogWorker.java:lambda$new$0(132)) - 8a1a3fc2-2e5e-451c-bb07-3011db4e4137-SegmentedRaftLogWorker:Storage Directory /workdir/hadoop-ozone/tools/target/test-dir/MiniOzoneClusterImpl-d73f9dc2-2858-4e9b-b98c-6f8fa2850d63/datanode-4/data/ratis/1fe845fc-5927-4405-905c-898ae56c8974: flushIndex: setUnconditionally 0 -> -1
2019-09-20 14:30:10,832 [pool-71-thread-1] INFO  server.RaftServerConfigKeys (ConfUtils.java:logGet(43)) - raft.server.snapshot.auto.trigger.enabled = true (custom)
2019-09-20 14:30:10,833 [pool-71-thread-1] INFO  server.RaftServerConfigKeys (ConfUtils.java:logGet(43)) - raft.server.snapshot.auto.trigger.threshold = 10000 (custom)
2019-09-20 14:30:10,833 [pool-71-thread-1] INFO  server.RaftServerConfigKeys (ConfUtils.java:logGet(43)) - raft.server.retrycache.expirytime = 600000ms (custom)
2019-09-20 14:30:10,833 [pool-71-thread-1] INFO  impl.RaftServerImpl (RaftServerImpl.java:start(180)) - 8a1a3fc2-2e5e-451c-bb07-3011db4e4137: start group-898AE56C8974
2019-09-20 14:30:10,833 [pool-71-thread-1] INFO  impl.RaftServerImpl (RaftServerImpl.java:setRole(171)) - 8a1a3fc2-2e5e-451c-bb07-3011db4e4137:group-898AE56C8974 changes role from null to FOLLOWER at term 0 for startAsFollower
2019-09-20 14:30:10,834 [pool-71-thread-1] INFO  impl.RoleInfo (RoleInfo.java:updateAndGet(143)) - 8a1a3fc2-2e5e-451c-bb07-3011db4e4137: start FollowerState
2019-09-20 14:30:10,834 [pool-71-thread-1] INFO  util.JmxRegister (JmxRegister.java:tryRegister(44)) - Successfully registered JMX Bean with object name Ratis:service=RaftServer,group=group-898AE56C8974,id=8a1a3fc2-2e5e-451c-bb07-3011db4e4137
2019-09-20 14:30:10,840 [RatisPipelineUtilsThread] INFO  pipeline.PipelineStateManager (PipelineStateManager.java:addPipeline(56)) - Created pipeline Pipeline[ Id: 1fe845fc-5927-4405-905c-898ae56c8974, Nodes: 8a1a3fc2-2e5e-451c-bb07-3011db4e4137{ip: 192.168.36.99, host: pr-hdds-1569-p5fx8-1226042367, networkLocation: /default-rack, certSerialId: null}, Type:RATIS, Factor:ONE, State:OPEN]
2019-09-20 14:30:10,842 [RatisPipelineUtilsThread] INFO  pipeline.PipelinePlacementPolicy (PipelinePlacementPolicy.java:meetCriteria(91)) - Pipeline Placement: Doesn't meet the criteria to be viable node： 414b61dd-dc64-4170-a4f7-ed46231621a1 Heaviness: 6 limit: 5
2019-09-20 14:30:10,842 [RatisPipelineUtilsThread] INFO  pipeline.PipelinePlacementPolicy (PipelinePlacementPolicy.java:meetCriteria(91)) - Pipeline Placement: Doesn't meet the criteria to be viable node： 01139844-247b-45d0-963c-91509834b20c Heaviness: 6 limit: 5
2019-09-20 14:30:10,842 [RatisPipelineUtilsThread] INFO  pipeline.PipelinePlacementPolicy (PipelinePlacementPolicy.java:meetCriteria(91)) - Pipeline Placement: Doesn't meet the criteria to be viable node： 51c8ff27-873d-4cbb-8820-aa0ac2de17d7 Heaviness: 6 limit: 5
2019-09-20 14:30:10,853 [grpc-default-executor-1] INFO  impl.RaftServerProxy (RaftServerProxy.java:addNew(89)) - 8a1a3fc2-2e5e-451c-bb07-3011db4e4137: addNew group-66AAF8295069:[8a1a3fc2-2e5e-451c-bb07-3011db4e4137:192.168.36.99:43541] returns group-66AAF8295069:java.util.concurrent.CompletableFuture@7ec0f8e[Not completed]
2019-09-20 14:30:10,855 [pool-71-thread-1] INFO  impl.RaftServerImpl (RaftServerImpl.java:<init>(93)) - 8a1a3fc2-2e5e-451c-bb07-3011db4e4137: new RaftServerImpl for group-66AAF8295069:[8a1a3fc2-2e5e-451c-bb07-3011db4e4137:192.168.36.99:43541] with ContainerStateMachine:uninitialized
2019-09-20 14:30:10,855 [pool-71-thread-1] INFO  server.RaftServerConfigKeys (ConfUtils.java:logGet(43)) - raft.server.rpc.timeout.min = 5s (custom)
2019-09-20 14:30:10,855 [pool-71-thread-1] INFO  server.RaftServerConfigKeys (ConfUtils.java:logGet(43)) - raft.server.rpc.timeout.max = 5200ms (custom)
2019-09-20 14:30:10,856 [pool-71-thread-1] INFO  server.RaftServerConfigKeys (ConfUtils.java:logGet(43)) - raft.server.rpcslowness.timeout = 120s (custom)
2019-09-20 14:30:10,856 [pool-71-thread-1] INFO  server.RaftServerConfigKeys (ConfUtils.java:logGet(43)) - raft.server.sleep.deviation.threshold = 300 (default)
2019-09-20 14:30:10,856 [pool-71-thread-1] INFO  server.RaftServerConfigKeys (ConfUtils.java:logGet(43)) - raft.server.log.appender.install.snapshot.enabled = false (custom)
2019-09-20 14:30:10,856 [pool-71-thread-1] INFO  impl.RaftServerImpl (ServerState.java:<init>(105)) - 8a1a3fc2-2e5e-451c-bb07-3011db4e4137:group-66AAF8295069 ConfigurationManager, init=-1: [8a1a3fc2-2e5e-451c-bb07-3011db4e4137:192.168.36.99:43541], old=null, confs=<EMPTY_MAP>
2019-09-20 14:30:10,856 [pool-71-thread-1] INFO  server.RaftServerConfigKeys (ConfUtils.java:logGet(43)) - raft.server.storage.dir = [/workdir/hadoop-ozone/tools/target/test-dir/MiniOzoneClusterImpl-d73f9dc2-2858-4e9b-b98c-6f8fa2850d63/datanode-4/data/ratis] (custom)
2019-09-20 14:30:10,857 [pool-71-thread-1] INFO  storage.RaftStorageDirectory (RaftStorageDirectory.java:analyzeStorage(246)) - The storage directory /workdir/hadoop-ozone/tools/target/test-dir/MiniOzoneClusterImpl-d73f9dc2-2858-4e9b-b98c-6f8fa2850d63/datanode-4/data/ratis/1f8d7a56-2249-4020-89af-66aaf8295069 does not exist. Creating ...
2019-09-20 14:30:10,885 [pool-71-thread-1] INFO  storage.RaftStorageDirectory (RaftStorageDirectory.java:tryLock(328)) - Lock on /workdir/hadoop-ozone/tools/target/test-dir/MiniOzoneClusterImpl-d73f9dc2-2858-4e9b-b98c-6f8fa2850d63/datanode-4/data/ratis/1f8d7a56-2249-4020-89af-66aaf8295069/in_use.lock acquired by nodename 30414@pr-hdds-1569-p5fx8-1226042367
2019-09-20 14:30:10,913 [pool-71-thread-1] INFO  storage.RaftStorage (RaftStorage.java:format(72)) - Storage directory /workdir/hadoop-ozone/tools/target/test-dir/MiniOzoneClusterImpl-d73f9dc2-2858-4e9b-b98c-6f8fa2850d63/datanode-4/data/ratis/1f8d7a56-2249-4020-89af-66aaf8295069 has been successfully formatted.
2019-09-20 14:30:10,914 [pool-71-thread-1] INFO  ratis.ContainerStateMachine (ContainerStateMachine.java:loadSnapshot(226)) - group-66AAF8295069: The snapshot info is null. Setting the last applied indexto:(t:0, i:~)
2019-09-20 14:30:10,914 [pool-71-thread-1] INFO  server.RaftServerConfigKeys (ConfUtils.java:logGet(43)) - raft.server.leader.election.timeout = 120s (custom)
2019-09-20 14:30:10,914 [pool-71-thread-1] INFO  server.RaftServerConfigKeys (ConfUtils.java:logGet(43)) - raft.server.log.use.memory = false (default)
2019-09-20 14:30:10,914 [pool-71-thread-1] INFO  server.RaftServerConfigKeys (ConfUtils.java:logGet(43)) - raft.server.log.purge.gap = 1000000 (custom)
2019-09-20 14:30:10,914 [pool-71-thread-1] INFO  server.RaftServerConfigKeys (ConfUtils.java:logGet(43)) - raft.server.log.appender.buffer.byte-limit = 33554432 (custom)
2019-09-20 14:30:10,915 [pool-71-thread-1] INFO  server.RaftServerConfigKeys (ConfUtils.java:logGet(43)) - raft.server.log.segment.size.max = 1048576 (custom)
2019-09-20 14:30:10,915 [pool-71-thread-1] INFO  server.RaftServerConfigKeys (ConfUtils.java:logGet(43)) - raft.server.log.segment.cache.num.max = 2 (custom)
2019-09-20 14:30:10,915 [pool-71-thread-1] INFO  segmented.SegmentedRaftLogWorker (SegmentedRaftLogWorker.java:<init>(172)) - new 8a1a3fc2-2e5e-451c-bb07-3011db4e4137-SegmentedRaftLogWorker:Storage Directory /workdir/hadoop-ozone/tools/target/test-dir/MiniOzoneClusterImpl-d73f9dc2-2858-4e9b-b98c-6f8fa2850d63/datanode-4/data/ratis/1f8d7a56-2249-4020-89af-66aaf8295069 for RaftStorage:Storage Directory /workdir/hadoop-ozone/tools/target/test-dir/MiniOzoneClusterImpl-d73f9dc2-2858-4e9b-b98c-6f8fa2850d63/datanode-4/data/ratis/1f8d7a56-2249-4020-89af-66aaf8295069
2019-09-20 14:30:10,915 [pool-71-thread-1] INFO  server.RaftServerConfigKeys (ConfUtils.java:logGet(43)) - raft.server.log.queue.byte-limit = 2147483647 (custom)
2019-09-20 14:30:10,915 [pool-71-thread-1] INFO  server.RaftServerConfigKeys (ConfUtils.java:logGet(43)) - raft.server.log.queue.element-limit = 1024 (custom)
2019-09-20 14:30:10,916 [pool-71-thread-1] INFO  server.RaftServerConfigKeys (ConfUtils.java:logGet(43)) - raft.server.log.segment.size.max = 1048576 (custom)
2019-09-20 14:30:10,916 [pool-71-thread-1] INFO  server.RaftServerConfigKeys (ConfUtils.java:logGet(43)) - raft.server.log.preallocated.size = 16384 (custom)
2019-09-20 14:30:10,916 [pool-71-thread-1] INFO  server.RaftServerConfigKeys (ConfUtils.java:logGet(43)) - raft.server.log.write.buffer.size = 33554432 (custom)
2019-09-20 14:30:10,916 [pool-71-thread-1] INFO  server.RaftServerConfigKeys (ConfUtils.java:logGet(43)) - raft.server.log.force.sync.num = 128 (default)
2019-09-20 14:30:10,916 [pool-71-thread-1] INFO  server.RaftServerConfigKeys (ConfUtils.java:logGet(43)) - raft.server.log.statemachine.data.sync = true (default)
2019-09-20 14:30:10,917 [pool-71-thread-1] INFO  server.RaftServerConfigKeys (ConfUtils.java:logGet(43)) - raft.server.log.statemachine.data.sync.timeout = 10s (default)
2019-09-20 14:30:10,917 [pool-71-thread-1] INFO  server.RaftServerConfigKeys (ConfUtils.java:logGet(43)) - raft.server.log.statemachine.data.sync.timeout.retry = -1 (default)
2019-09-20 14:30:10,917 [pool-71-thread-1] INFO  server.RaftServerConfigKeys (ConfUtils.java:logGet(43)) - raft.server.log.statemachine.data.caching.enabled = true (custom)
2019-09-20 14:30:10,917 [pool-71-thread-1] INFO  segmented.SegmentedRaftLogWorker (SegmentedRaftLogWorker.java:lambda$new$0(132)) - 8a1a3fc2-2e5e-451c-bb07-3011db4e4137-SegmentedRaftLogWorker:Storage Directory /workdir/hadoop-ozone/tools/target/test-dir/MiniOzoneClusterImpl-d73f9dc2-2858-4e9b-b98c-6f8fa2850d63/datanode-4/data/ratis/1f8d7a56-2249-4020-89af-66aaf8295069: flushIndex: setUnconditionally 0 -> -1
2019-09-20 14:30:10,918 [pool-71-thread-1] INFO  server.RaftServerConfigKeys (ConfUtils.java:logGet(43)) - raft.server.snapshot.auto.trigger.enabled = true (custom)
2019-09-20 14:30:10,918 [pool-71-thread-1] INFO  server.RaftServerConfigKeys (ConfUtils.java:logGet(43)) - raft.server.snapshot.auto.trigger.threshold = 10000 (custom)
2019-09-20 14:30:10,918 [pool-71-thread-1] INFO  server.RaftServerConfigKeys (ConfUtils.java:logGet(43)) - raft.server.retrycache.expirytime = 600000ms (custom)
2019-09-20 14:30:10,918 [pool-71-thread-1] INFO  impl.RaftServerImpl (RaftServerImpl.java:start(180)) - 8a1a3fc2-2e5e-451c-bb07-3011db4e4137: start group-66AAF8295069
2019-09-20 14:30:10,919 [pool-71-thread-1] INFO  impl.RaftServerImpl (RaftServerImpl.java:setRole(171)) - 8a1a3fc2-2e5e-451c-bb07-3011db4e4137:group-66AAF8295069 changes role from null to FOLLOWER at term 0 for startAsFollower
2019-09-20 14:30:10,919 [pool-71-thread-1] INFO  impl.RoleInfo (RoleInfo.java:updateAndGet(143)) - 8a1a3fc2-2e5e-451c-bb07-3011db4e4137: start FollowerState
2019-09-20 14:30:10,919 [pool-71-thread-1] INFO  util.JmxRegister (JmxRegister.java:tryRegister(44)) - Successfully registered JMX Bean with object name Ratis:service=RaftServer,group=group-66AAF8295069,id=8a1a3fc2-2e5e-451c-bb07-3011db4e4137
2019-09-20 14:30:10,925 [RatisPipelineUtilsThread] INFO  pipeline.PipelineStateManager (PipelineStateManager.java:addPipeline(56)) - Created pipeline Pipeline[ Id: 1f8d7a56-2249-4020-89af-66aaf8295069, Nodes: 8a1a3fc2-2e5e-451c-bb07-3011db4e4137{ip: 192.168.36.99, host: pr-hdds-1569-p5fx8-1226042367, networkLocation: /default-rack, certSerialId: null}, Type:RATIS, Factor:ONE, State:OPEN]
2019-09-20 14:30:10,927 [RatisPipelineUtilsThread] INFO  pipeline.PipelinePlacementPolicy (PipelinePlacementPolicy.java:meetCriteria(91)) - Pipeline Placement: Doesn't meet the criteria to be viable node： 414b61dd-dc64-4170-a4f7-ed46231621a1 Heaviness: 6 limit: 5
2019-09-20 14:30:10,927 [RatisPipelineUtilsThread] INFO  pipeline.PipelinePlacementPolicy (PipelinePlacementPolicy.java:meetCriteria(91)) - Pipeline Placement: Doesn't meet the criteria to be viable node： 01139844-247b-45d0-963c-91509834b20c Heaviness: 6 limit: 5
2019-09-20 14:30:10,927 [RatisPipelineUtilsThread] INFO  pipeline.PipelinePlacementPolicy (PipelinePlacementPolicy.java:meetCriteria(91)) - Pipeline Placement: Doesn't meet the criteria to be viable node： 51c8ff27-873d-4cbb-8820-aa0ac2de17d7 Heaviness: 6 limit: 5
2019-09-20 14:30:10,937 [grpc-default-executor-1] INFO  impl.RaftServerProxy (RaftServerProxy.java:addNew(89)) - 8a1a3fc2-2e5e-451c-bb07-3011db4e4137: addNew group-BB0A7E53064A:[8a1a3fc2-2e5e-451c-bb07-3011db4e4137:192.168.36.99:43541] returns group-BB0A7E53064A:java.util.concurrent.CompletableFuture@78dc87ea[Not completed]
2019-09-20 14:30:10,939 [pool-71-thread-1] INFO  impl.RaftServerImpl (RaftServerImpl.java:<init>(93)) - 8a1a3fc2-2e5e-451c-bb07-3011db4e4137: new RaftServerImpl for group-BB0A7E53064A:[8a1a3fc2-2e5e-451c-bb07-3011db4e4137:192.168.36.99:43541] with ContainerStateMachine:uninitialized
2019-09-20 14:30:10,939 [pool-71-thread-1] INFO  server.RaftServerConfigKeys (ConfUtils.java:logGet(43)) - raft.server.rpc.timeout.min = 5s (custom)
2019-09-20 14:30:10,939 [pool-71-thread-1] INFO  server.RaftServerConfigKeys (ConfUtils.java:logGet(43)) - raft.server.rpc.timeout.max = 5200ms (custom)
2019-09-20 14:30:10,939 [pool-71-thread-1] INFO  server.RaftServerConfigKeys (ConfUtils.java:logGet(43)) - raft.server.rpcslowness.timeout = 120s (custom)
2019-09-20 14:30:10,939 [pool-71-thread-1] INFO  server.RaftServerConfigKeys (ConfUtils.java:logGet(43)) - raft.server.sleep.deviation.threshold = 300 (default)
2019-09-20 14:30:10,940 [pool-71-thread-1] INFO  server.RaftServerConfigKeys (ConfUtils.java:logGet(43)) - raft.server.log.appender.install.snapshot.enabled = false (custom)
2019-09-20 14:30:10,940 [pool-71-thread-1] INFO  impl.RaftServerImpl (ServerState.java:<init>(105)) - 8a1a3fc2-2e5e-451c-bb07-3011db4e4137:group-BB0A7E53064A ConfigurationManager, init=-1: [8a1a3fc2-2e5e-451c-bb07-3011db4e4137:192.168.36.99:43541], old=null, confs=<EMPTY_MAP>
2019-09-20 14:30:10,940 [pool-71-thread-1] INFO  server.RaftServerConfigKeys (ConfUtils.java:logGet(43)) - raft.server.storage.dir = [/workdir/hadoop-ozone/tools/target/test-dir/MiniOzoneClusterImpl-d73f9dc2-2858-4e9b-b98c-6f8fa2850d63/datanode-4/data/ratis] (custom)
2019-09-20 14:30:10,940 [pool-71-thread-1] INFO  storage.RaftStorageDirectory (RaftStorageDirectory.java:analyzeStorage(246)) - The storage directory /workdir/hadoop-ozone/tools/target/test-dir/MiniOzoneClusterImpl-d73f9dc2-2858-4e9b-b98c-6f8fa2850d63/datanode-4/data/ratis/854d52d9-a502-4aaa-9c47-bb0a7e53064a does not exist. Creating ...
2019-09-20 14:30:10,974 [pool-71-thread-1] INFO  storage.RaftStorageDirectory (RaftStorageDirectory.java:tryLock(328)) - Lock on /workdir/hadoop-ozone/tools/target/test-dir/MiniOzoneClusterImpl-d73f9dc2-2858-4e9b-b98c-6f8fa2850d63/datanode-4/data/ratis/854d52d9-a502-4aaa-9c47-bb0a7e53064a/in_use.lock acquired by nodename 30414@pr-hdds-1569-p5fx8-1226042367
2019-09-20 14:30:10,999 [pool-71-thread-1] INFO  storage.RaftStorage (RaftStorage.java:format(72)) - Storage directory /workdir/hadoop-ozone/tools/target/test-dir/MiniOzoneClusterImpl-d73f9dc2-2858-4e9b-b98c-6f8fa2850d63/datanode-4/data/ratis/854d52d9-a502-4aaa-9c47-bb0a7e53064a has been successfully formatted.
2019-09-20 14:30:11,000 [pool-71-thread-1] INFO  ratis.ContainerStateMachine (ContainerStateMachine.java:loadSnapshot(226)) - group-BB0A7E53064A: The snapshot info is null. Setting the last applied indexto:(t:0, i:~)
2019-09-20 14:30:11,000 [pool-71-thread-1] INFO  server.RaftServerConfigKeys (ConfUtils.java:logGet(43)) - raft.server.leader.election.timeout = 120s (custom)
2019-09-20 14:30:11,000 [pool-71-thread-1] INFO  server.RaftServerConfigKeys (ConfUtils.java:logGet(43)) - raft.server.log.use.memory = false (default)
2019-09-20 14:30:11,000 [pool-71-thread-1] INFO  server.RaftServerConfigKeys (ConfUtils.java:logGet(43)) - raft.server.log.purge.gap = 1000000 (custom)
2019-09-20 14:30:11,001 [pool-71-thread-1] INFO  server.RaftServerConfigKeys (ConfUtils.java:logGet(43)) - raft.server.log.appender.buffer.byte-limit = 33554432 (custom)
2019-09-20 14:30:11,001 [pool-71-thread-1] INFO  server.RaftServerConfigKeys (ConfUtils.java:logGet(43)) - raft.server.log.segment.size.max = 1048576 (custom)
2019-09-20 14:30:11,001 [pool-71-thread-1] INFO  server.RaftServerConfigKeys (ConfUtils.java:logGet(43)) - raft.server.log.segment.cache.num.max = 2 (custom)
2019-09-20 14:30:11,002 [pool-71-thread-1] INFO  segmented.SegmentedRaftLogWorker (SegmentedRaftLogWorker.java:<init>(172)) - new 8a1a3fc2-2e5e-451c-bb07-3011db4e4137-SegmentedRaftLogWorker:Storage Directory /workdir/hadoop-ozone/tools/target/test-dir/MiniOzoneClusterImpl-d73f9dc2-2858-4e9b-b98c-6f8fa2850d63/datanode-4/data/ratis/854d52d9-a502-4aaa-9c47-bb0a7e53064a for RaftStorage:Storage Directory /workdir/hadoop-ozone/tools/target/test-dir/MiniOzoneClusterImpl-d73f9dc2-2858-4e9b-b98c-6f8fa2850d63/datanode-4/data/ratis/854d52d9-a502-4aaa-9c47-bb0a7e53064a
2019-09-20 14:30:11,002 [pool-71-thread-1] INFO  server.RaftServerConfigKeys (ConfUtils.java:logGet(43)) - raft.server.log.queue.byte-limit = 2147483647 (custom)
2019-09-20 14:30:11,002 [pool-71-thread-1] INFO  server.RaftServerConfigKeys (ConfUtils.java:logGet(43)) - raft.server.log.queue.element-limit = 1024 (custom)
2019-09-20 14:30:11,002 [pool-71-thread-1] INFO  server.RaftServerConfigKeys (ConfUtils.java:logGet(43)) - raft.server.log.segment.size.max = 1048576 (custom)
2019-09-20 14:30:11,002 [pool-71-thread-1] INFO  server.RaftServerConfigKeys (ConfUtils.java:logGet(43)) - raft.server.log.preallocated.size = 16384 (custom)
2019-09-20 14:30:11,003 [pool-71-thread-1] INFO  server.RaftServerConfigKeys (ConfUtils.java:logGet(43)) - raft.server.log.write.buffer.size = 33554432 (custom)
2019-09-20 14:30:11,003 [pool-71-thread-1] INFO  server.RaftServerConfigKeys (ConfUtils.java:logGet(43)) - raft.server.log.force.sync.num = 128 (default)
2019-09-20 14:30:11,003 [pool-71-thread-1] INFO  server.RaftServerConfigKeys (ConfUtils.java:logGet(43)) - raft.server.log.statemachine.data.sync = true (default)
2019-09-20 14:30:11,003 [pool-71-thread-1] INFO  server.RaftServerConfigKeys (ConfUtils.java:logGet(43)) - raft.server.log.statemachine.data.sync.timeout = 10s (default)
2019-09-20 14:30:11,004 [pool-71-thread-1] INFO  server.RaftServerConfigKeys (ConfUtils.java:logGet(43)) - raft.server.log.statemachine.data.sync.timeout.retry = -1 (default)
2019-09-20 14:30:11,004 [pool-71-thread-1] INFO  server.RaftServerConfigKeys (ConfUtils.java:logGet(43)) - raft.server.log.statemachine.data.caching.enabled = true (custom)
2019-09-20 14:30:11,004 [pool-71-thread-1] INFO  segmented.SegmentedRaftLogWorker (SegmentedRaftLogWorker.java:lambda$new$0(132)) - 8a1a3fc2-2e5e-451c-bb07-3011db4e4137-SegmentedRaftLogWorker:Storage Directory /workdir/hadoop-ozone/tools/target/test-dir/MiniOzoneClusterImpl-d73f9dc2-2858-4e9b-b98c-6f8fa2850d63/datanode-4/data/ratis/854d52d9-a502-4aaa-9c47-bb0a7e53064a: flushIndex: setUnconditionally 0 -> -1
2019-09-20 14:30:11,005 [pool-71-thread-1] INFO  server.RaftServerConfigKeys (ConfUtils.java:logGet(43)) - raft.server.snapshot.auto.trigger.enabled = true (custom)
2019-09-20 14:30:11,005 [pool-71-thread-1] INFO  server.RaftServerConfigKeys (ConfUtils.java:logGet(43)) - raft.server.snapshot.auto.trigger.threshold = 10000 (custom)
2019-09-20 14:30:11,005 [pool-71-thread-1] INFO  server.RaftServerConfigKeys (ConfUtils.java:logGet(43)) - raft.server.retrycache.expirytime = 600000ms (custom)
2019-09-20 14:30:11,006 [pool-71-thread-1] INFO  impl.RaftServerImpl (RaftServerImpl.java:start(180)) - 8a1a3fc2-2e5e-451c-bb07-3011db4e4137: start group-BB0A7E53064A
2019-09-20 14:30:11,006 [pool-71-thread-1] INFO  impl.RaftServerImpl (RaftServerImpl.java:setRole(171)) - 8a1a3fc2-2e5e-451c-bb07-3011db4e4137:group-BB0A7E53064A changes role from null to FOLLOWER at term 0 for startAsFollower
2019-09-20 14:30:11,006 [pool-71-thread-1] INFO  impl.RoleInfo (RoleInfo.java:updateAndGet(143)) - 8a1a3fc2-2e5e-451c-bb07-3011db4e4137: start FollowerState
2019-09-20 14:30:11,007 [pool-71-thread-1] INFO  util.JmxRegister (JmxRegister.java:tryRegister(44)) - Successfully registered JMX Bean with object name Ratis:service=RaftServer,group=group-BB0A7E53064A,id=8a1a3fc2-2e5e-451c-bb07-3011db4e4137
2019-09-20 14:30:11,014 [RatisPipelineUtilsThread] INFO  pipeline.PipelineStateManager (PipelineStateManager.java:addPipeline(56)) - Created pipeline Pipeline[ Id: 854d52d9-a502-4aaa-9c47-bb0a7e53064a, Nodes: 8a1a3fc2-2e5e-451c-bb07-3011db4e4137{ip: 192.168.36.99, host: pr-hdds-1569-p5fx8-1226042367, networkLocation: /default-rack, certSerialId: null}, Type:RATIS, Factor:ONE, State:OPEN]
2019-09-20 14:30:11,016 [RatisPipelineUtilsThread] INFO  pipeline.PipelinePlacementPolicy (PipelinePlacementPolicy.java:meetCriteria(91)) - Pipeline Placement: Doesn't meet the criteria to be viable node： 414b61dd-dc64-4170-a4f7-ed46231621a1 Heaviness: 6 limit: 5
2019-09-20 14:30:11,016 [RatisPipelineUtilsThread] INFO  pipeline.PipelinePlacementPolicy (PipelinePlacementPolicy.java:meetCriteria(91)) - Pipeline Placement: Doesn't meet the criteria to be viable node： 01139844-247b-45d0-963c-91509834b20c Heaviness: 6 limit: 5
2019-09-20 14:30:11,016 [RatisPipelineUtilsThread] INFO  pipeline.PipelinePlacementPolicy (PipelinePlacementPolicy.java:meetCriteria(91)) - Pipeline Placement: Doesn't meet the criteria to be viable node： 51c8ff27-873d-4cbb-8820-aa0ac2de17d7 Heaviness: 6 limit: 5
2019-09-20 14:30:11,032 [grpc-default-executor-1] INFO  impl.RaftServerProxy (RaftServerProxy.java:addNew(89)) - 91f00b63-c6d2-4d34-b168-5848dae554d4: addNew group-4DCE611FA183:[91f00b63-c6d2-4d34-b168-5848dae554d4:192.168.36.99:38636] returns group-4DCE611FA183:java.util.concurrent.CompletableFuture@5cb29183[Not completed]
2019-09-20 14:30:11,034 [pool-60-thread-1] INFO  impl.RaftServerImpl (RaftServerImpl.java:<init>(93)) - 91f00b63-c6d2-4d34-b168-5848dae554d4: new RaftServerImpl for group-4DCE611FA183:[91f00b63-c6d2-4d34-b168-5848dae554d4:192.168.36.99:38636] with ContainerStateMachine:uninitialized
2019-09-20 14:30:11,034 [pool-60-thread-1] INFO  server.RaftServerConfigKeys (ConfUtils.java:logGet(43)) - raft.server.rpc.timeout.min = 5s (custom)
2019-09-20 14:30:11,034 [pool-60-thread-1] INFO  server.RaftServerConfigKeys (ConfUtils.java:logGet(43)) - raft.server.rpc.timeout.max = 5200ms (custom)
2019-09-20 14:30:11,034 [pool-60-thread-1] INFO  server.RaftServerConfigKeys (ConfUtils.java:logGet(43)) - raft.server.rpcslowness.timeout = 120s (custom)
2019-09-20 14:30:11,035 [pool-60-thread-1] INFO  server.RaftServerConfigKeys (ConfUtils.java:logGet(43)) - raft.server.sleep.deviation.threshold = 300 (default)
2019-09-20 14:30:11,035 [pool-60-thread-1] INFO  server.RaftServerConfigKeys (ConfUtils.java:logGet(43)) - raft.server.log.appender.install.snapshot.enabled = false (custom)
2019-09-20 14:30:11,035 [pool-60-thread-1] INFO  impl.RaftServerImpl (ServerState.java:<init>(105)) - 91f00b63-c6d2-4d34-b168-5848dae554d4:group-4DCE611FA183 ConfigurationManager, init=-1: [91f00b63-c6d2-4d34-b168-5848dae554d4:192.168.36.99:38636], old=null, confs=<EMPTY_MAP>
2019-09-20 14:30:11,035 [pool-60-thread-1] INFO  server.RaftServerConfigKeys (ConfUtils.java:logGet(43)) - raft.server.storage.dir = [/workdir/hadoop-ozone/tools/target/test-dir/MiniOzoneClusterImpl-d73f9dc2-2858-4e9b-b98c-6f8fa2850d63/datanode-3/data/ratis] (custom)
2019-09-20 14:30:11,036 [pool-60-thread-1] INFO  storage.RaftStorageDirectory (RaftStorageDirectory.java:analyzeStorage(246)) - The storage directory /workdir/hadoop-ozone/tools/target/test-dir/MiniOzoneClusterImpl-d73f9dc2-2858-4e9b-b98c-6f8fa2850d63/datanode-3/data/ratis/45b0c87c-4035-4f79-9bbf-4dce611fa183 does not exist. Creating ...
2019-09-20 14:30:11,064 [pool-60-thread-1] INFO  storage.RaftStorageDirectory (RaftStorageDirectory.java:tryLock(328)) - Lock on /workdir/hadoop-ozone/tools/target/test-dir/MiniOzoneClusterImpl-d73f9dc2-2858-4e9b-b98c-6f8fa2850d63/datanode-3/data/ratis/45b0c87c-4035-4f79-9bbf-4dce611fa183/in_use.lock acquired by nodename 30414@pr-hdds-1569-p5fx8-1226042367
2019-09-20 14:30:11,086 | INFO  | SCMAudit | user=jenkins1000 | ip=192.168.36.99 | op=SEND_HEARTBEAT {datanodeUUID=414b61dd-dc64-4170-a4f7-ed46231621a1, command=[]} | ret=SUCCESS |  
2019-09-20 14:30:11,095 [pool-60-thread-1] INFO  storage.RaftStorage (RaftStorage.java:format(72)) - Storage directory /workdir/hadoop-ozone/tools/target/test-dir/MiniOzoneClusterImpl-d73f9dc2-2858-4e9b-b98c-6f8fa2850d63/datanode-3/data/ratis/45b0c87c-4035-4f79-9bbf-4dce611fa183 has been successfully formatted.
2019-09-20 14:30:11,095 [pool-60-thread-1] INFO  ratis.ContainerStateMachine (ContainerStateMachine.java:loadSnapshot(226)) - group-4DCE611FA183: The snapshot info is null. Setting the last applied indexto:(t:0, i:~)
2019-09-20 14:30:11,095 [pool-60-thread-1] INFO  server.RaftServerConfigKeys (ConfUtils.java:logGet(43)) - raft.server.leader.election.timeout = 120s (custom)
2019-09-20 14:30:11,095 [pool-60-thread-1] INFO  server.RaftServerConfigKeys (ConfUtils.java:logGet(43)) - raft.server.log.use.memory = false (default)
2019-09-20 14:30:11,095 [pool-60-thread-1] INFO  server.RaftServerConfigKeys (ConfUtils.java:logGet(43)) - raft.server.log.purge.gap = 1000000 (custom)
2019-09-20 14:30:11,096 [pool-60-thread-1] INFO  server.RaftServerConfigKeys (ConfUtils.java:logGet(43)) - raft.server.log.appender.buffer.byte-limit = 33554432 (custom)
2019-09-20 14:30:11,096 [pool-60-thread-1] INFO  server.RaftServerConfigKeys (ConfUtils.java:logGet(43)) - raft.server.log.segment.size.max = 1048576 (custom)
2019-09-20 14:30:11,096 [pool-60-thread-1] INFO  server.RaftServerConfigKeys (ConfUtils.java:logGet(43)) - raft.server.log.segment.cache.num.max = 2 (custom)
2019-09-20 14:30:11,096 [pool-60-thread-1] INFO  segmented.SegmentedRaftLogWorker (SegmentedRaftLogWorker.java:<init>(172)) - new 91f00b63-c6d2-4d34-b168-5848dae554d4-SegmentedRaftLogWorker:Storage Directory /workdir/hadoop-ozone/tools/target/test-dir/MiniOzoneClusterImpl-d73f9dc2-2858-4e9b-b98c-6f8fa2850d63/datanode-3/data/ratis/45b0c87c-4035-4f79-9bbf-4dce611fa183 for RaftStorage:Storage Directory /workdir/hadoop-ozone/tools/target/test-dir/MiniOzoneClusterImpl-d73f9dc2-2858-4e9b-b98c-6f8fa2850d63/datanode-3/data/ratis/45b0c87c-4035-4f79-9bbf-4dce611fa183
2019-09-20 14:30:11,096 [pool-60-thread-1] INFO  server.RaftServerConfigKeys (ConfUtils.java:logGet(43)) - raft.server.log.queue.byte-limit = 2147483647 (custom)
2019-09-20 14:30:11,096 [pool-60-thread-1] INFO  server.RaftServerConfigKeys (ConfUtils.java:logGet(43)) - raft.server.log.queue.element-limit = 1024 (custom)
2019-09-20 14:30:11,096 [pool-60-thread-1] INFO  server.RaftServerConfigKeys (ConfUtils.java:logGet(43)) - raft.server.log.segment.size.max = 1048576 (custom)
2019-09-20 14:30:11,097 [pool-60-thread-1] INFO  server.RaftServerConfigKeys (ConfUtils.java:logGet(43)) - raft.server.log.preallocated.size = 16384 (custom)
2019-09-20 14:30:11,097 [pool-60-thread-1] INFO  server.RaftServerConfigKeys (ConfUtils.java:logGet(43)) - raft.server.log.write.buffer.size = 33554432 (custom)
2019-09-20 14:30:11,097 [pool-60-thread-1] INFO  server.RaftServerConfigKeys (ConfUtils.java:logGet(43)) - raft.server.log.force.sync.num = 128 (default)
2019-09-20 14:30:11,097 [pool-60-thread-1] INFO  server.RaftServerConfigKeys (ConfUtils.java:logGet(43)) - raft.server.log.statemachine.data.sync = true (default)
2019-09-20 14:30:11,097 [pool-60-thread-1] INFO  server.RaftServerConfigKeys (ConfUtils.java:logGet(43)) - raft.server.log.statemachine.data.sync.timeout = 10s (default)
2019-09-20 14:30:11,097 [pool-60-thread-1] INFO  server.RaftServerConfigKeys (ConfUtils.java:logGet(43)) - raft.server.log.statemachine.data.sync.timeout.retry = -1 (default)
2019-09-20 14:30:11,097 [pool-60-thread-1] INFO  server.RaftServerConfigKeys (ConfUtils.java:logGet(43)) - raft.server.log.statemachine.data.caching.enabled = true (custom)
2019-09-20 14:30:11,098 [pool-60-thread-1] INFO  segmented.SegmentedRaftLogWorker (SegmentedRaftLogWorker.java:lambda$new$0(132)) - 91f00b63-c6d2-4d34-b168-5848dae554d4-SegmentedRaftLogWorker:Storage Directory /workdir/hadoop-ozone/tools/target/test-dir/MiniOzoneClusterImpl-d73f9dc2-2858-4e9b-b98c-6f8fa2850d63/datanode-3/data/ratis/45b0c87c-4035-4f79-9bbf-4dce611fa183: flushIndex: setUnconditionally 0 -> -1
2019-09-20 14:30:11,098 [pool-60-thread-1] INFO  server.RaftServerConfigKeys (ConfUtils.java:logGet(43)) - raft.server.snapshot.auto.trigger.enabled = true (custom)
2019-09-20 14:30:11,098 [pool-60-thread-1] INFO  server.RaftServerConfigKeys (ConfUtils.java:logGet(43)) - raft.server.snapshot.auto.trigger.threshold = 10000 (custom)
2019-09-20 14:30:11,098 [pool-60-thread-1] INFO  server.RaftServerConfigKeys (ConfUtils.java:logGet(43)) - raft.server.retrycache.expirytime = 600000ms (custom)
2019-09-20 14:30:11,099 [pool-60-thread-1] INFO  impl.RaftServerImpl (RaftServerImpl.java:start(180)) - 91f00b63-c6d2-4d34-b168-5848dae554d4: start group-4DCE611FA183
2019-09-20 14:30:11,099 [pool-60-thread-1] INFO  impl.RaftServerImpl (RaftServerImpl.java:setRole(171)) - 91f00b63-c6d2-4d34-b168-5848dae554d4:group-4DCE611FA183 changes role from null to FOLLOWER at term 0 for startAsFollower
2019-09-20 14:30:11,099 [pool-60-thread-1] INFO  impl.RoleInfo (RoleInfo.java:updateAndGet(143)) - 91f00b63-c6d2-4d34-b168-5848dae554d4: start FollowerState
2019-09-20 14:30:11,099 [pool-60-thread-1] INFO  util.JmxRegister (JmxRegister.java:tryRegister(44)) - Successfully registered JMX Bean with object name Ratis:service=RaftServer,group=group-4DCE611FA183,id=91f00b63-c6d2-4d34-b168-5848dae554d4
2019-09-20 14:30:11,102 | INFO  | SCMAudit | user=jenkins1000 | ip=192.168.36.99 | op=SEND_HEARTBEAT {datanodeUUID=91f00b63-c6d2-4d34-b168-5848dae554d4, command=[]} | ret=SUCCESS |  
2019-09-20 14:30:11,106 [RatisPipelineUtilsThread] INFO  pipeline.PipelineStateManager (PipelineStateManager.java:addPipeline(56)) - Created pipeline Pipeline[ Id: 45b0c87c-4035-4f79-9bbf-4dce611fa183, Nodes: 91f00b63-c6d2-4d34-b168-5848dae554d4{ip: 192.168.36.99, host: pr-hdds-1569-p5fx8-1226042367, networkLocation: /default-rack, certSerialId: null}, Type:RATIS, Factor:ONE, State:OPEN]
2019-09-20 14:30:11,108 [RatisPipelineUtilsThread] INFO  pipeline.PipelinePlacementPolicy (PipelinePlacementPolicy.java:meetCriteria(91)) - Pipeline Placement: Doesn't meet the criteria to be viable node： 414b61dd-dc64-4170-a4f7-ed46231621a1 Heaviness: 6 limit: 5
2019-09-20 14:30:11,108 [RatisPipelineUtilsThread] INFO  pipeline.PipelinePlacementPolicy (PipelinePlacementPolicy.java:meetCriteria(91)) - Pipeline Placement: Doesn't meet the criteria to be viable node： 91f00b63-c6d2-4d34-b168-5848dae554d4 Heaviness: 6 limit: 5
2019-09-20 14:30:11,108 [RatisPipelineUtilsThread] INFO  pipeline.PipelinePlacementPolicy (PipelinePlacementPolicy.java:meetCriteria(91)) - Pipeline Placement: Doesn't meet the criteria to be viable node： 01139844-247b-45d0-963c-91509834b20c Heaviness: 6 limit: 5
2019-09-20 14:30:11,109 [RatisPipelineUtilsThread] INFO  pipeline.PipelinePlacementPolicy (PipelinePlacementPolicy.java:meetCriteria(91)) - Pipeline Placement: Doesn't meet the criteria to be viable node： 51c8ff27-873d-4cbb-8820-aa0ac2de17d7 Heaviness: 6 limit: 5
2019-09-20 14:30:11,117 [grpc-default-executor-1] INFO  impl.RaftServerProxy (RaftServerProxy.java:addNew(89)) - 8a1a3fc2-2e5e-451c-bb07-3011db4e4137: addNew group-E6C9A89A2E24:[8a1a3fc2-2e5e-451c-bb07-3011db4e4137:192.168.36.99:43541] returns group-E6C9A89A2E24:java.util.concurrent.CompletableFuture@9b06fc6[Not completed]
2019-09-20 14:30:11,120 [pool-71-thread-1] INFO  impl.RaftServerImpl (RaftServerImpl.java:<init>(93)) - 8a1a3fc2-2e5e-451c-bb07-3011db4e4137: new RaftServerImpl for group-E6C9A89A2E24:[8a1a3fc2-2e5e-451c-bb07-3011db4e4137:192.168.36.99:43541] with ContainerStateMachine:uninitialized
2019-09-20 14:30:11,120 [pool-71-thread-1] INFO  server.RaftServerConfigKeys (ConfUtils.java:logGet(43)) - raft.server.rpc.timeout.min = 5s (custom)
2019-09-20 14:30:11,120 [pool-71-thread-1] INFO  server.RaftServerConfigKeys (ConfUtils.java:logGet(43)) - raft.server.rpc.timeout.max = 5200ms (custom)
2019-09-20 14:30:11,120 [pool-71-thread-1] INFO  server.RaftServerConfigKeys (ConfUtils.java:logGet(43)) - raft.server.rpcslowness.timeout = 120s (custom)
2019-09-20 14:30:11,121 [pool-71-thread-1] INFO  server.RaftServerConfigKeys (ConfUtils.java:logGet(43)) - raft.server.sleep.deviation.threshold = 300 (default)
2019-09-20 14:30:11,121 [pool-71-thread-1] INFO  server.RaftServerConfigKeys (ConfUtils.java:logGet(43)) - raft.server.log.appender.install.snapshot.enabled = false (custom)
2019-09-20 14:30:11,121 [pool-71-thread-1] INFO  impl.RaftServerImpl (ServerState.java:<init>(105)) - 8a1a3fc2-2e5e-451c-bb07-3011db4e4137:group-E6C9A89A2E24 ConfigurationManager, init=-1: [8a1a3fc2-2e5e-451c-bb07-3011db4e4137:192.168.36.99:43541], old=null, confs=<EMPTY_MAP>
2019-09-20 14:30:11,121 [pool-71-thread-1] INFO  server.RaftServerConfigKeys (ConfUtils.java:logGet(43)) - raft.server.storage.dir = [/workdir/hadoop-ozone/tools/target/test-dir/MiniOzoneClusterImpl-d73f9dc2-2858-4e9b-b98c-6f8fa2850d63/datanode-4/data/ratis] (custom)
2019-09-20 14:30:11,122 [pool-71-thread-1] INFO  storage.RaftStorageDirectory (RaftStorageDirectory.java:analyzeStorage(246)) - The storage directory /workdir/hadoop-ozone/tools/target/test-dir/MiniOzoneClusterImpl-d73f9dc2-2858-4e9b-b98c-6f8fa2850d63/datanode-4/data/ratis/f9d03e84-ae2b-472f-8e8a-e6c9a89a2e24 does not exist. Creating ...
2019-09-20 14:30:11,146 [pool-71-thread-1] INFO  storage.RaftStorageDirectory (RaftStorageDirectory.java:tryLock(328)) - Lock on /workdir/hadoop-ozone/tools/target/test-dir/MiniOzoneClusterImpl-d73f9dc2-2858-4e9b-b98c-6f8fa2850d63/datanode-4/data/ratis/f9d03e84-ae2b-472f-8e8a-e6c9a89a2e24/in_use.lock acquired by nodename 30414@pr-hdds-1569-p5fx8-1226042367
2019-09-20 14:30:11,175 [pool-71-thread-1] INFO  storage.RaftStorage (RaftStorage.java:format(72)) - Storage directory /workdir/hadoop-ozone/tools/target/test-dir/MiniOzoneClusterImpl-d73f9dc2-2858-4e9b-b98c-6f8fa2850d63/datanode-4/data/ratis/f9d03e84-ae2b-472f-8e8a-e6c9a89a2e24 has been successfully formatted.
2019-09-20 14:30:11,176 [pool-71-thread-1] INFO  ratis.ContainerStateMachine (ContainerStateMachine.java:loadSnapshot(226)) - group-E6C9A89A2E24: The snapshot info is null. Setting the last applied indexto:(t:0, i:~)
2019-09-20 14:30:11,176 [pool-71-thread-1] INFO  server.RaftServerConfigKeys (ConfUtils.java:logGet(43)) - raft.server.leader.election.timeout = 120s (custom)
2019-09-20 14:30:11,176 [pool-71-thread-1] INFO  server.RaftServerConfigKeys (ConfUtils.java:logGet(43)) - raft.server.log.use.memory = false (default)
2019-09-20 14:30:11,176 [pool-71-thread-1] INFO  server.RaftServerConfigKeys (ConfUtils.java:logGet(43)) - raft.server.log.purge.gap = 1000000 (custom)
2019-09-20 14:30:11,177 [pool-71-thread-1] INFO  server.RaftServerConfigKeys (ConfUtils.java:logGet(43)) - raft.server.log.appender.buffer.byte-limit = 33554432 (custom)
2019-09-20 14:30:11,177 [pool-71-thread-1] INFO  server.RaftServerConfigKeys (ConfUtils.java:logGet(43)) - raft.server.log.segment.size.max = 1048576 (custom)
2019-09-20 14:30:11,177 [pool-71-thread-1] INFO  server.RaftServerConfigKeys (ConfUtils.java:logGet(43)) - raft.server.log.segment.cache.num.max = 2 (custom)
2019-09-20 14:30:11,177 [pool-71-thread-1] INFO  segmented.SegmentedRaftLogWorker (SegmentedRaftLogWorker.java:<init>(172)) - new 8a1a3fc2-2e5e-451c-bb07-3011db4e4137-SegmentedRaftLogWorker:Storage Directory /workdir/hadoop-ozone/tools/target/test-dir/MiniOzoneClusterImpl-d73f9dc2-2858-4e9b-b98c-6f8fa2850d63/datanode-4/data/ratis/f9d03e84-ae2b-472f-8e8a-e6c9a89a2e24 for RaftStorage:Storage Directory /workdir/hadoop-ozone/tools/target/test-dir/MiniOzoneClusterImpl-d73f9dc2-2858-4e9b-b98c-6f8fa2850d63/datanode-4/data/ratis/f9d03e84-ae2b-472f-8e8a-e6c9a89a2e24
2019-09-20 14:30:11,177 [pool-71-thread-1] INFO  server.RaftServerConfigKeys (ConfUtils.java:logGet(43)) - raft.server.log.queue.byte-limit = 2147483647 (custom)
2019-09-20 14:30:11,177 [pool-71-thread-1] INFO  server.RaftServerConfigKeys (ConfUtils.java:logGet(43)) - raft.server.log.queue.element-limit = 1024 (custom)
2019-09-20 14:30:11,178 [pool-71-thread-1] INFO  server.RaftServerConfigKeys (ConfUtils.java:logGet(43)) - raft.server.log.segment.size.max = 1048576 (custom)
2019-09-20 14:30:11,178 [pool-71-thread-1] INFO  server.RaftServerConfigKeys (ConfUtils.java:logGet(43)) - raft.server.log.preallocated.size = 16384 (custom)
2019-09-20 14:30:11,178 [pool-71-thread-1] INFO  server.RaftServerConfigKeys (ConfUtils.java:logGet(43)) - raft.server.log.write.buffer.size = 33554432 (custom)
2019-09-20 14:30:11,178 [pool-71-thread-1] INFO  server.RaftServerConfigKeys (ConfUtils.java:logGet(43)) - raft.server.log.force.sync.num = 128 (default)
2019-09-20 14:30:11,178 [pool-71-thread-1] INFO  server.RaftServerConfigKeys (ConfUtils.java:logGet(43)) - raft.server.log.statemachine.data.sync = true (default)
2019-09-20 14:30:11,179 [pool-71-thread-1] INFO  server.RaftServerConfigKeys (ConfUtils.java:logGet(43)) - raft.server.log.statemachine.data.sync.timeout = 10s (default)
2019-09-20 14:30:11,179 [pool-71-thread-1] INFO  server.RaftServerConfigKeys (ConfUtils.java:logGet(43)) - raft.server.log.statemachine.data.sync.timeout.retry = -1 (default)
2019-09-20 14:30:11,179 [pool-71-thread-1] INFO  server.RaftServerConfigKeys (ConfUtils.java:logGet(43)) - raft.server.log.statemachine.data.caching.enabled = true (custom)
2019-09-20 14:30:11,179 [pool-71-thread-1] INFO  segmented.SegmentedRaftLogWorker (SegmentedRaftLogWorker.java:lambda$new$0(132)) - 8a1a3fc2-2e5e-451c-bb07-3011db4e4137-SegmentedRaftLogWorker:Storage Directory /workdir/hadoop-ozone/tools/target/test-dir/MiniOzoneClusterImpl-d73f9dc2-2858-4e9b-b98c-6f8fa2850d63/datanode-4/data/ratis/f9d03e84-ae2b-472f-8e8a-e6c9a89a2e24: flushIndex: setUnconditionally 0 -> -1
2019-09-20 14:30:11,180 [pool-71-thread-1] INFO  server.RaftServerConfigKeys (ConfUtils.java:logGet(43)) - raft.server.snapshot.auto.trigger.enabled = true (custom)
2019-09-20 14:30:11,180 [pool-71-thread-1] INFO  server.RaftServerConfigKeys (ConfUtils.java:logGet(43)) - raft.server.snapshot.auto.trigger.threshold = 10000 (custom)
2019-09-20 14:30:11,180 [pool-71-thread-1] INFO  server.RaftServerConfigKeys (ConfUtils.java:logGet(43)) - raft.server.retrycache.expirytime = 600000ms (custom)
2019-09-20 14:30:11,180 [pool-71-thread-1] INFO  impl.RaftServerImpl (RaftServerImpl.java:start(180)) - 8a1a3fc2-2e5e-451c-bb07-3011db4e4137: start group-E6C9A89A2E24
2019-09-20 14:30:11,181 [pool-71-thread-1] INFO  impl.RaftServerImpl (RaftServerImpl.java:setRole(171)) - 8a1a3fc2-2e5e-451c-bb07-3011db4e4137:group-E6C9A89A2E24 changes role from null to FOLLOWER at term 0 for startAsFollower
2019-09-20 14:30:11,181 [pool-71-thread-1] INFO  impl.RoleInfo (RoleInfo.java:updateAndGet(143)) - 8a1a3fc2-2e5e-451c-bb07-3011db4e4137: start FollowerState
2019-09-20 14:30:11,181 [pool-71-thread-1] INFO  util.JmxRegister (JmxRegister.java:tryRegister(44)) - Successfully registered JMX Bean with object name Ratis:service=RaftServer,group=group-E6C9A89A2E24,id=8a1a3fc2-2e5e-451c-bb07-3011db4e4137
2019-09-20 14:30:11,187 [RatisPipelineUtilsThread] INFO  pipeline.PipelineStateManager (PipelineStateManager.java:addPipeline(56)) - Created pipeline Pipeline[ Id: f9d03e84-ae2b-472f-8e8a-e6c9a89a2e24, Nodes: 8a1a3fc2-2e5e-451c-bb07-3011db4e4137{ip: 192.168.36.99, host: pr-hdds-1569-p5fx8-1226042367, networkLocation: /default-rack, certSerialId: null}, Type:RATIS, Factor:ONE, State:OPEN]
2019-09-20 14:30:11,188 [RatisPipelineUtilsThread] INFO  pipeline.PipelinePlacementPolicy (PipelinePlacementPolicy.java:meetCriteria(91)) - Pipeline Placement: Doesn't meet the criteria to be viable node： 414b61dd-dc64-4170-a4f7-ed46231621a1 Heaviness: 6 limit: 5
2019-09-20 14:30:11,189 [RatisPipelineUtilsThread] INFO  pipeline.PipelinePlacementPolicy (PipelinePlacementPolicy.java:meetCriteria(91)) - Pipeline Placement: Doesn't meet the criteria to be viable node： 91f00b63-c6d2-4d34-b168-5848dae554d4 Heaviness: 6 limit: 5
2019-09-20 14:30:11,189 [RatisPipelineUtilsThread] INFO  pipeline.PipelinePlacementPolicy (PipelinePlacementPolicy.java:meetCriteria(91)) - Pipeline Placement: Doesn't meet the criteria to be viable node： 01139844-247b-45d0-963c-91509834b20c Heaviness: 6 limit: 5
2019-09-20 14:30:11,189 [RatisPipelineUtilsThread] INFO  pipeline.PipelinePlacementPolicy (PipelinePlacementPolicy.java:meetCriteria(91)) - Pipeline Placement: Doesn't meet the criteria to be viable node： 51c8ff27-873d-4cbb-8820-aa0ac2de17d7 Heaviness: 6 limit: 5
2019-09-20 14:30:11,197 [grpc-default-executor-1] INFO  impl.RaftServerProxy (RaftServerProxy.java:addNew(89)) - 8a1a3fc2-2e5e-451c-bb07-3011db4e4137: addNew group-2E7D56322B43:[8a1a3fc2-2e5e-451c-bb07-3011db4e4137:192.168.36.99:43541] returns group-2E7D56322B43:java.util.concurrent.CompletableFuture@51dbfe6c[Not completed]
2019-09-20 14:30:11,199 [pool-71-thread-1] INFO  impl.RaftServerImpl (RaftServerImpl.java:<init>(93)) - 8a1a3fc2-2e5e-451c-bb07-3011db4e4137: new RaftServerImpl for group-2E7D56322B43:[8a1a3fc2-2e5e-451c-bb07-3011db4e4137:192.168.36.99:43541] with ContainerStateMachine:uninitialized
2019-09-20 14:30:11,199 [pool-71-thread-1] INFO  server.RaftServerConfigKeys (ConfUtils.java:logGet(43)) - raft.server.rpc.timeout.min = 5s (custom)
2019-09-20 14:30:11,199 [pool-71-thread-1] INFO  server.RaftServerConfigKeys (ConfUtils.java:logGet(43)) - raft.server.rpc.timeout.max = 5200ms (custom)
2019-09-20 14:30:11,200 [pool-71-thread-1] INFO  server.RaftServerConfigKeys (ConfUtils.java:logGet(43)) - raft.server.rpcslowness.timeout = 120s (custom)
2019-09-20 14:30:11,200 [pool-71-thread-1] INFO  server.RaftServerConfigKeys (ConfUtils.java:logGet(43)) - raft.server.sleep.deviation.threshold = 300 (default)
2019-09-20 14:30:11,200 [pool-71-thread-1] INFO  server.RaftServerConfigKeys (ConfUtils.java:logGet(43)) - raft.server.log.appender.install.snapshot.enabled = false (custom)
2019-09-20 14:30:11,200 [pool-71-thread-1] INFO  impl.RaftServerImpl (ServerState.java:<init>(105)) - 8a1a3fc2-2e5e-451c-bb07-3011db4e4137:group-2E7D56322B43 ConfigurationManager, init=-1: [8a1a3fc2-2e5e-451c-bb07-3011db4e4137:192.168.36.99:43541], old=null, confs=<EMPTY_MAP>
2019-09-20 14:30:11,200 [pool-71-thread-1] INFO  server.RaftServerConfigKeys (ConfUtils.java:logGet(43)) - raft.server.storage.dir = [/workdir/hadoop-ozone/tools/target/test-dir/MiniOzoneClusterImpl-d73f9dc2-2858-4e9b-b98c-6f8fa2850d63/datanode-4/data/ratis] (custom)
2019-09-20 14:30:11,201 [pool-71-thread-1] INFO  storage.RaftStorageDirectory (RaftStorageDirectory.java:analyzeStorage(246)) - The storage directory /workdir/hadoop-ozone/tools/target/test-dir/MiniOzoneClusterImpl-d73f9dc2-2858-4e9b-b98c-6f8fa2850d63/datanode-4/data/ratis/72581f86-31c1-4e5f-8846-2e7d56322b43 does not exist. Creating ...
2019-09-20 14:30:11,260 | INFO  | SCMAudit | user=jenkins1000 | ip=192.168.36.99 | op=SEND_HEARTBEAT {datanodeUUID=8a1a3fc2-2e5e-451c-bb07-3011db4e4137, command=[]} | ret=SUCCESS |  
2019-09-20 14:30:11,278 [pool-71-thread-1] INFO  storage.RaftStorageDirectory (RaftStorageDirectory.java:tryLock(328)) - Lock on /workdir/hadoop-ozone/tools/target/test-dir/MiniOzoneClusterImpl-d73f9dc2-2858-4e9b-b98c-6f8fa2850d63/datanode-4/data/ratis/72581f86-31c1-4e5f-8846-2e7d56322b43/in_use.lock acquired by nodename 30414@pr-hdds-1569-p5fx8-1226042367
2019-09-20 14:30:11,302 [pool-71-thread-1] INFO  storage.RaftStorage (RaftStorage.java:format(72)) - Storage directory /workdir/hadoop-ozone/tools/target/test-dir/MiniOzoneClusterImpl-d73f9dc2-2858-4e9b-b98c-6f8fa2850d63/datanode-4/data/ratis/72581f86-31c1-4e5f-8846-2e7d56322b43 has been successfully formatted.
2019-09-20 14:30:11,303 [pool-71-thread-1] INFO  ratis.ContainerStateMachine (ContainerStateMachine.java:loadSnapshot(226)) - group-2E7D56322B43: The snapshot info is null. Setting the last applied indexto:(t:0, i:~)
2019-09-20 14:30:11,303 [pool-71-thread-1] INFO  server.RaftServerConfigKeys (ConfUtils.java:logGet(43)) - raft.server.leader.election.timeout = 120s (custom)
2019-09-20 14:30:11,303 [pool-71-thread-1] INFO  server.RaftServerConfigKeys (ConfUtils.java:logGet(43)) - raft.server.log.use.memory = false (default)
2019-09-20 14:30:11,303 [pool-71-thread-1] INFO  server.RaftServerConfigKeys (ConfUtils.java:logGet(43)) - raft.server.log.purge.gap = 1000000 (custom)
2019-09-20 14:30:11,303 [pool-71-thread-1] INFO  server.RaftServerConfigKeys (ConfUtils.java:logGet(43)) - raft.server.log.appender.buffer.byte-limit = 33554432 (custom)
2019-09-20 14:30:11,304 [pool-71-thread-1] INFO  server.RaftServerConfigKeys (ConfUtils.java:logGet(43)) - raft.server.log.segment.size.max = 1048576 (custom)
2019-09-20 14:30:11,304 [pool-71-thread-1] INFO  server.RaftServerConfigKeys (ConfUtils.java:logGet(43)) - raft.server.log.segment.cache.num.max = 2 (custom)
2019-09-20 14:30:11,304 [pool-71-thread-1] INFO  segmented.SegmentedRaftLogWorker (SegmentedRaftLogWorker.java:<init>(172)) - new 8a1a3fc2-2e5e-451c-bb07-3011db4e4137-SegmentedRaftLogWorker:Storage Directory /workdir/hadoop-ozone/tools/target/test-dir/MiniOzoneClusterImpl-d73f9dc2-2858-4e9b-b98c-6f8fa2850d63/datanode-4/data/ratis/72581f86-31c1-4e5f-8846-2e7d56322b43 for RaftStorage:Storage Directory /workdir/hadoop-ozone/tools/target/test-dir/MiniOzoneClusterImpl-d73f9dc2-2858-4e9b-b98c-6f8fa2850d63/datanode-4/data/ratis/72581f86-31c1-4e5f-8846-2e7d56322b43
2019-09-20 14:30:11,304 [pool-71-thread-1] INFO  server.RaftServerConfigKeys (ConfUtils.java:logGet(43)) - raft.server.log.queue.byte-limit = 2147483647 (custom)
2019-09-20 14:30:11,304 [pool-71-thread-1] INFO  server.RaftServerConfigKeys (ConfUtils.java:logGet(43)) - raft.server.log.queue.element-limit = 1024 (custom)
2019-09-20 14:30:11,304 [pool-71-thread-1] INFO  server.RaftServerConfigKeys (ConfUtils.java:logGet(43)) - raft.server.log.segment.size.max = 1048576 (custom)
2019-09-20 14:30:11,304 [pool-71-thread-1] INFO  server.RaftServerConfigKeys (ConfUtils.java:logGet(43)) - raft.server.log.preallocated.size = 16384 (custom)
2019-09-20 14:30:11,304 [pool-71-thread-1] INFO  server.RaftServerConfigKeys (ConfUtils.java:logGet(43)) - raft.server.log.write.buffer.size = 33554432 (custom)
2019-09-20 14:30:11,305 [pool-71-thread-1] INFO  server.RaftServerConfigKeys (ConfUtils.java:logGet(43)) - raft.server.log.force.sync.num = 128 (default)
2019-09-20 14:30:11,305 [pool-71-thread-1] INFO  server.RaftServerConfigKeys (ConfUtils.java:logGet(43)) - raft.server.log.statemachine.data.sync = true (default)
2019-09-20 14:30:11,305 [pool-71-thread-1] INFO  server.RaftServerConfigKeys (ConfUtils.java:logGet(43)) - raft.server.log.statemachine.data.sync.timeout = 10s (default)
2019-09-20 14:30:11,305 [pool-71-thread-1] INFO  server.RaftServerConfigKeys (ConfUtils.java:logGet(43)) - raft.server.log.statemachine.data.sync.timeout.retry = -1 (default)
2019-09-20 14:30:11,305 [pool-71-thread-1] INFO  server.RaftServerConfigKeys (ConfUtils.java:logGet(43)) - raft.server.log.statemachine.data.caching.enabled = true (custom)
2019-09-20 14:30:11,305 [pool-71-thread-1] INFO  segmented.SegmentedRaftLogWorker (SegmentedRaftLogWorker.java:lambda$new$0(132)) - 8a1a3fc2-2e5e-451c-bb07-3011db4e4137-SegmentedRaftLogWorker:Storage Directory /workdir/hadoop-ozone/tools/target/test-dir/MiniOzoneClusterImpl-d73f9dc2-2858-4e9b-b98c-6f8fa2850d63/datanode-4/data/ratis/72581f86-31c1-4e5f-8846-2e7d56322b43: flushIndex: setUnconditionally 0 -> -1
2019-09-20 14:30:11,306 [pool-71-thread-1] INFO  server.RaftServerConfigKeys (ConfUtils.java:logGet(43)) - raft.server.snapshot.auto.trigger.enabled = true (custom)
2019-09-20 14:30:11,306 [pool-71-thread-1] INFO  server.RaftServerConfigKeys (ConfUtils.java:logGet(43)) - raft.server.snapshot.auto.trigger.threshold = 10000 (custom)
2019-09-20 14:30:11,306 [pool-71-thread-1] INFO  server.RaftServerConfigKeys (ConfUtils.java:logGet(43)) - raft.server.retrycache.expirytime = 600000ms (custom)
2019-09-20 14:30:11,306 [pool-71-thread-1] INFO  impl.RaftServerImpl (RaftServerImpl.java:start(180)) - 8a1a3fc2-2e5e-451c-bb07-3011db4e4137: start group-2E7D56322B43
2019-09-20 14:30:11,306 [pool-71-thread-1] INFO  impl.RaftServerImpl (RaftServerImpl.java:setRole(171)) - 8a1a3fc2-2e5e-451c-bb07-3011db4e4137:group-2E7D56322B43 changes role from null to FOLLOWER at term 0 for startAsFollower
2019-09-20 14:30:11,307 [pool-71-thread-1] INFO  impl.RoleInfo (RoleInfo.java:updateAndGet(143)) - 8a1a3fc2-2e5e-451c-bb07-3011db4e4137: start FollowerState
2019-09-20 14:30:11,307 [pool-71-thread-1] INFO  util.JmxRegister (JmxRegister.java:tryRegister(44)) - Successfully registered JMX Bean with object name Ratis:service=RaftServer,group=group-2E7D56322B43,id=8a1a3fc2-2e5e-451c-bb07-3011db4e4137
2019-09-20 14:30:11,312 [RatisPipelineUtilsThread] INFO  pipeline.PipelineStateManager (PipelineStateManager.java:addPipeline(56)) - Created pipeline Pipeline[ Id: 72581f86-31c1-4e5f-8846-2e7d56322b43, Nodes: 8a1a3fc2-2e5e-451c-bb07-3011db4e4137{ip: 192.168.36.99, host: pr-hdds-1569-p5fx8-1226042367, networkLocation: /default-rack, certSerialId: null}, Type:RATIS, Factor:ONE, State:OPEN]
2019-09-20 14:30:11,314 [RatisPipelineUtilsThread] INFO  pipeline.PipelinePlacementPolicy (PipelinePlacementPolicy.java:meetCriteria(91)) - Pipeline Placement: Doesn't meet the criteria to be viable node： 414b61dd-dc64-4170-a4f7-ed46231621a1 Heaviness: 6 limit: 5
2019-09-20 14:30:11,314 [RatisPipelineUtilsThread] INFO  pipeline.PipelinePlacementPolicy (PipelinePlacementPolicy.java:meetCriteria(91)) - Pipeline Placement: Doesn't meet the criteria to be viable node： 91f00b63-c6d2-4d34-b168-5848dae554d4 Heaviness: 6 limit: 5
2019-09-20 14:30:11,314 [RatisPipelineUtilsThread] INFO  pipeline.PipelinePlacementPolicy (PipelinePlacementPolicy.java:meetCriteria(91)) - Pipeline Placement: Doesn't meet the criteria to be viable node： 8a1a3fc2-2e5e-451c-bb07-3011db4e4137 Heaviness: 6 limit: 5
2019-09-20 14:30:11,314 [RatisPipelineUtilsThread] INFO  pipeline.PipelinePlacementPolicy (PipelinePlacementPolicy.java:meetCriteria(91)) - Pipeline Placement: Doesn't meet the criteria to be viable node： 01139844-247b-45d0-963c-91509834b20c Heaviness: 6 limit: 5
2019-09-20 14:30:11,314 [RatisPipelineUtilsThread] INFO  pipeline.PipelinePlacementPolicy (PipelinePlacementPolicy.java:meetCriteria(91)) - Pipeline Placement: Doesn't meet the criteria to be viable node： 51c8ff27-873d-4cbb-8820-aa0ac2de17d7 Heaviness: 6 limit: 5
2019-09-20 14:30:11,314 [RatisPipelineUtilsThread] ERROR pipeline.PipelinePlacementPolicy (PipelinePlacementPolicy.java:filterViableNodes(148)) - Unable to find enough nodes that meet the criteria that cannot engage in more than 5 pipelines. Nodes required: 1 Found: 0, healthy nodes count inNodeManager: 5.
2019-09-20 14:30:11,316 [RatisPipelineUtilsThread] ERROR pipeline.SCMPipelineManager (SCMPipelineManager.java:createPipeline(161)) - Pipeline creation failed due to exception: Unable to find enough nodes that meet the criteria that cannot engage in more than 5 pipelines. Nodes required: 1 Found: 0, healthy nodes count inNodeManager: 5.
2019-09-20 14:30:11,316 [RatisPipelineUtilsThread] INFO  pipeline.PipelinePlacementPolicy (PipelinePlacementPolicy.java:meetCriteria(91)) - Pipeline Placement: Doesn't meet the criteria to be viable node： 414b61dd-dc64-4170-a4f7-ed46231621a1 Heaviness: 6 limit: 5
2019-09-20 14:30:11,316 [RatisPipelineUtilsThread] INFO  pipeline.PipelinePlacementPolicy (PipelinePlacementPolicy.java:meetCriteria(91)) - Pipeline Placement: Doesn't meet the criteria to be viable node： 91f00b63-c6d2-4d34-b168-5848dae554d4 Heaviness: 6 limit: 5
2019-09-20 14:30:11,316 [RatisPipelineUtilsThread] INFO  pipeline.PipelinePlacementPolicy (PipelinePlacementPolicy.java:meetCriteria(91)) - Pipeline Placement: Doesn't meet the criteria to be viable node： 8a1a3fc2-2e5e-451c-bb07-3011db4e4137 Heaviness: 6 limit: 5
2019-09-20 14:30:11,316 [RatisPipelineUtilsThread] INFO  pipeline.PipelinePlacementPolicy (PipelinePlacementPolicy.java:meetCriteria(91)) - Pipeline Placement: Doesn't meet the criteria to be viable node： 01139844-247b-45d0-963c-91509834b20c Heaviness: 6 limit: 5
2019-09-20 14:30:11,316 [RatisPipelineUtilsThread] INFO  pipeline.PipelinePlacementPolicy (PipelinePlacementPolicy.java:meetCriteria(91)) - Pipeline Placement: Doesn't meet the criteria to be viable node： 51c8ff27-873d-4cbb-8820-aa0ac2de17d7 Heaviness: 6 limit: 5
2019-09-20 14:30:11,316 [RatisPipelineUtilsThread] ERROR pipeline.PipelinePlacementPolicy (PipelinePlacementPolicy.java:filterViableNodes(148)) - Unable to find enough nodes that meet the criteria that cannot engage in more than 5 pipelines. Nodes required: 3 Found: 0, healthy nodes count inNodeManager: 5.
2019-09-20 14:30:11,317 [RatisPipelineUtilsThread] ERROR pipeline.SCMPipelineManager (SCMPipelineManager.java:createPipeline(161)) - Pipeline creation failed due to exception: Unable to find enough nodes that meet the criteria that cannot engage in more than 5 pipelines. Nodes required: 3 Found: 0, healthy nodes count inNodeManager: 5.
2019-09-20 14:30:11,318 [RatisPipelineUtilsThread] INFO  pipeline.PipelinePlacementPolicy (PipelinePlacementPolicy.java:meetCriteria(91)) - Pipeline Placement: Doesn't meet the criteria to be viable node： 414b61dd-dc64-4170-a4f7-ed46231621a1 Heaviness: 6 limit: 5
2019-09-20 14:30:11,319 [RatisPipelineUtilsThread] INFO  pipeline.PipelinePlacementPolicy (PipelinePlacementPolicy.java:meetCriteria(91)) - Pipeline Placement: Doesn't meet the criteria to be viable node： 91f00b63-c6d2-4d34-b168-5848dae554d4 Heaviness: 6 limit: 5
2019-09-20 14:30:11,319 [RatisPipelineUtilsThread] INFO  pipeline.PipelinePlacementPolicy (PipelinePlacementPolicy.java:meetCriteria(91)) - Pipeline Placement: Doesn't meet the criteria to be viable node： 8a1a3fc2-2e5e-451c-bb07-3011db4e4137 Heaviness: 6 limit: 5
2019-09-20 14:30:11,319 [RatisPipelineUtilsThread] INFO  pipeline.PipelinePlacementPolicy (PipelinePlacementPolicy.java:meetCriteria(91)) - Pipeline Placement: Doesn't meet the criteria to be viable node： 01139844-247b-45d0-963c-91509834b20c Heaviness: 6 limit: 5
2019-09-20 14:30:11,319 [RatisPipelineUtilsThread] INFO  pipeline.PipelinePlacementPolicy (PipelinePlacementPolicy.java:meetCriteria(91)) - Pipeline Placement: Doesn't meet the criteria to be viable node： 51c8ff27-873d-4cbb-8820-aa0ac2de17d7 Heaviness: 6 limit: 5
2019-09-20 14:30:11,319 [RatisPipelineUtilsThread] ERROR pipeline.PipelinePlacementPolicy (PipelinePlacementPolicy.java:filterViableNodes(148)) - Unable to find enough nodes that meet the criteria that cannot engage in more than 5 pipelines. Nodes required: 1 Found: 0, healthy nodes count inNodeManager: 5.
2019-09-20 14:30:11,319 [RatisPipelineUtilsThread] ERROR pipeline.SCMPipelineManager (SCMPipelineManager.java:createPipeline(161)) - Pipeline creation failed due to exception: Unable to find enough nodes that meet the criteria that cannot engage in more than 5 pipelines. Nodes required: 1 Found: 0, healthy nodes count inNodeManager: 5.
2019-09-20 14:30:11,319 [RatisPipelineUtilsThread] INFO  pipeline.PipelinePlacementPolicy (PipelinePlacementPolicy.java:meetCriteria(91)) - Pipeline Placement: Doesn't meet the criteria to be viable node： 414b61dd-dc64-4170-a4f7-ed46231621a1 Heaviness: 6 limit: 5
2019-09-20 14:30:11,320 [RatisPipelineUtilsThread] INFO  pipeline.PipelinePlacementPolicy (PipelinePlacementPolicy.java:meetCriteria(91)) - Pipeline Placement: Doesn't meet the criteria to be viable node： 91f00b63-c6d2-4d34-b168-5848dae554d4 Heaviness: 6 limit: 5
2019-09-20 14:30:11,320 [RatisPipelineUtilsThread] INFO  pipeline.PipelinePlacementPolicy (PipelinePlacementPolicy.java:meetCriteria(91)) - Pipeline Placement: Doesn't meet the criteria to be viable node： 8a1a3fc2-2e5e-451c-bb07-3011db4e4137 Heaviness: 6 limit: 5
2019-09-20 14:30:11,320 [RatisPipelineUtilsThread] INFO  pipeline.PipelinePlacementPolicy (PipelinePlacementPolicy.java:meetCriteria(91)) - Pipeline Placement: Doesn't meet the criteria to be viable node： 01139844-247b-45d0-963c-91509834b20c Heaviness: 6 limit: 5
2019-09-20 14:30:11,320 [RatisPipelineUtilsThread] INFO  pipeline.PipelinePlacementPolicy (PipelinePlacementPolicy.java:meetCriteria(91)) - Pipeline Placement: Doesn't meet the criteria to be viable node： 51c8ff27-873d-4cbb-8820-aa0ac2de17d7 Heaviness: 6 limit: 5
2019-09-20 14:30:11,320 [RatisPipelineUtilsThread] ERROR pipeline.PipelinePlacementPolicy (PipelinePlacementPolicy.java:filterViableNodes(148)) - Unable to find enough nodes that meet the criteria that cannot engage in more than 5 pipelines. Nodes required: 3 Found: 0, healthy nodes count inNodeManager: 5.
2019-09-20 14:30:11,320 [RatisPipelineUtilsThread] ERROR pipeline.SCMPipelineManager (SCMPipelineManager.java:createPipeline(161)) - Pipeline creation failed due to exception: Unable to find enough nodes that meet the criteria that cannot engage in more than 5 pipelines. Nodes required: 3 Found: 0, healthy nodes count inNodeManager: 5.
2019-09-20 14:30:11,321 [IPC Server handler 18 on 37648] INFO  pipeline.PipelinePlacementPolicy (PipelinePlacementPolicy.java:meetCriteria(91)) - Pipeline Placement: Doesn't meet the criteria to be viable node： 414b61dd-dc64-4170-a4f7-ed46231621a1 Heaviness: 6 limit: 5
2019-09-20 14:30:11,321 [IPC Server handler 18 on 37648] INFO  pipeline.PipelinePlacementPolicy (PipelinePlacementPolicy.java:meetCriteria(91)) - Pipeline Placement: Doesn't meet the criteria to be viable node： 91f00b63-c6d2-4d34-b168-5848dae554d4 Heaviness: 6 limit: 5
2019-09-20 14:30:11,321 [IPC Server handler 18 on 37648] INFO  pipeline.PipelinePlacementPolicy (PipelinePlacementPolicy.java:meetCriteria(91)) - Pipeline Placement: Doesn't meet the criteria to be viable node： 8a1a3fc2-2e5e-451c-bb07-3011db4e4137 Heaviness: 6 limit: 5
2019-09-20 14:30:11,321 [IPC Server handler 18 on 37648] INFO  pipeline.PipelinePlacementPolicy (PipelinePlacementPolicy.java:meetCriteria(91)) - Pipeline Placement: Doesn't meet the criteria to be viable node： 01139844-247b-45d0-963c-91509834b20c Heaviness: 6 limit: 5
2019-09-20 14:30:11,321 [IPC Server handler 18 on 37648] INFO  pipeline.PipelinePlacementPolicy (PipelinePlacementPolicy.java:meetCriteria(91)) - Pipeline Placement: Doesn't meet the criteria to be viable node： 51c8ff27-873d-4cbb-8820-aa0ac2de17d7 Heaviness: 6 limit: 5
2019-09-20 14:30:11,321 [IPC Server handler 18 on 37648] ERROR pipeline.PipelinePlacementPolicy (PipelinePlacementPolicy.java:filterViableNodes(148)) - Unable to find enough nodes that meet the criteria that cannot engage in more than 5 pipelines. Nodes required: 3 Found: 0, healthy nodes count inNodeManager: 5.
2019-09-20 14:30:11,321 [IPC Server handler 18 on 37648] ERROR pipeline.SCMPipelineManager (SCMPipelineManager.java:createPipeline(161)) - Pipeline creation failed due to exception: Unable to find enough nodes that meet the criteria that cannot engage in more than 5 pipelines. Nodes required: 3 Found: 0, healthy nodes count inNodeManager: 5.
2019-09-20 14:30:11,322 [IPC Server handler 18 on 37648] WARN  block.BlockManagerImpl (BlockManagerImpl.java:allocateBlock(192)) - Pipeline creation failed for type:RATIS factor:THREE. Retrying get pipelines call once.
org.apache.hadoop.hdds.scm.exceptions.SCMException: Unable to find enough nodes that meet the criteria that cannot engage in more than 5 pipelines. Nodes required: 3 Found: 0, healthy nodes count inNodeManager: 5.
	at org.apache.hadoop.hdds.scm.pipeline.PipelinePlacementPolicy.filterViableNodes(PipelinePlacementPolicy.java:149)
	at org.apache.hadoop.hdds.scm.pipeline.PipelinePlacementPolicy.chooseDatanodes(PipelinePlacementPolicy.java:172)
	at org.apache.hadoop.hdds.scm.pipeline.RatisPipelineProvider.create(RatisPipelineProvider.java:92)
	at org.apache.hadoop.hdds.scm.pipeline.PipelineFactory.create(PipelineFactory.java:57)
	at org.apache.hadoop.hdds.scm.pipeline.SCMPipelineManager.createPipeline(SCMPipelineManager.java:149)
	at org.apache.hadoop.hdds.scm.block.BlockManagerImpl.allocateBlock(BlockManagerImpl.java:190)
	at org.apache.hadoop.hdds.scm.server.SCMBlockProtocolServer.allocateBlock(SCMBlockProtocolServer.java:175)
	at org.apache.hadoop.ozone.protocolPB.ScmBlockLocationProtocolServerSideTranslatorPB.allocateScmBlock(ScmBlockLocationProtocolServerSideTranslatorPB.java:153)
	at org.apache.hadoop.ozone.protocolPB.ScmBlockLocationProtocolServerSideTranslatorPB.send(ScmBlockLocationProtocolServerSideTranslatorPB.java:112)
	at org.apache.hadoop.hdds.protocol.proto.ScmBlockLocationProtocolProtos$ScmBlockLocationProtocolService$2.callBlockingMethod(ScmBlockLocationProtocolProtos.java:13157)
	at org.apache.hadoop.ipc.ProtobufRpcEngine$Server$ProtoBufRpcInvoker.call(ProtobufRpcEngine.java:524)
	at org.apache.hadoop.ipc.RPC$Server.call(RPC.java:1025)
	at org.apache.hadoop.ipc.Server$RpcCall.run(Server.java:876)
	at org.apache.hadoop.ipc.Server$RpcCall.run(Server.java:822)
	at java.security.AccessController.doPrivileged(Native Method)
	at javax.security.auth.Subject.doAs(Subject.java:422)
	at org.apache.hadoop.security.UserGroupInformation.doAs(UserGroupInformation.java:1730)
	at org.apache.hadoop.ipc.Server$Handler.run(Server.java:2682)
2019-09-20 14:30:11,324 [IPC Server handler 18 on 37648] INFO  block.BlockManagerImpl (BlockManagerImpl.java:allocateBlock(198)) - Could not find available pipeline of type:RATIS and factor:THREE even after retrying
2019-09-20 14:30:11,324 [IPC Server handler 18 on 37648] ERROR block.BlockManagerImpl (BlockManagerImpl.java:allocateBlock(222)) - Unable to allocate a block for the size: 4194304, type: RATIS, factor: THREE
2019-09-20 14:30:11,324 [IPC Server handler 18 on 37648] INFO  pipeline.PipelinePlacementPolicy (PipelinePlacementPolicy.java:meetCriteria(91)) - Pipeline Placement: Doesn't meet the criteria to be viable node： 414b61dd-dc64-4170-a4f7-ed46231621a1 Heaviness: 6 limit: 5
2019-09-20 14:30:11,324 [IPC Server handler 18 on 37648] INFO  pipeline.PipelinePlacementPolicy (PipelinePlacementPolicy.java:meetCriteria(91)) - Pipeline Placement: Doesn't meet the criteria to be viable node： 91f00b63-c6d2-4d34-b168-5848dae554d4 Heaviness: 6 limit: 5
2019-09-20 14:30:11,324 [IPC Server handler 18 on 37648] INFO  pipeline.PipelinePlacementPolicy (PipelinePlacementPolicy.java:meetCriteria(91)) - Pipeline Placement: Doesn't meet the criteria to be viable node： 8a1a3fc2-2e5e-451c-bb07-3011db4e4137 Heaviness: 6 limit: 5
2019-09-20 14:30:11,324 [IPC Server handler 18 on 37648] INFO  pipeline.PipelinePlacementPolicy (PipelinePlacementPolicy.java:meetCriteria(91)) - Pipeline Placement: Doesn't meet the criteria to be viable node： 01139844-247b-45d0-963c-91509834b20c Heaviness: 6 limit: 5
2019-09-20 14:30:11,325 [IPC Server handler 18 on 37648] INFO  pipeline.PipelinePlacementPolicy (PipelinePlacementPolicy.java:meetCriteria(91)) - Pipeline Placement: Doesn't meet the criteria to be viable node： 51c8ff27-873d-4cbb-8820-aa0ac2de17d7 Heaviness: 6 limit: 5
2019-09-20 14:30:11,325 [IPC Server handler 18 on 37648] ERROR pipeline.PipelinePlacementPolicy (PipelinePlacementPolicy.java:filterViableNodes(148)) - Unable to find enough nodes that meet the criteria that cannot engage in more than 5 pipelines. Nodes required: 3 Found: 0, healthy nodes count inNodeManager: 5.
2019-09-20 14:30:11,325 [IPC Server handler 18 on 37648] ERROR pipeline.SCMPipelineManager (SCMPipelineManager.java:createPipeline(161)) - Pipeline creation failed due to exception: Unable to find enough nodes that meet the criteria that cannot engage in more than 5 pipelines. Nodes required: 3 Found: 0, healthy nodes count inNodeManager: 5.
2019-09-20 14:30:11,325 [IPC Server handler 18 on 37648] WARN  block.BlockManagerImpl (BlockManagerImpl.java:allocateBlock(192)) - Pipeline creation failed for type:RATIS factor:THREE. Retrying get pipelines call once.
org.apache.hadoop.hdds.scm.exceptions.SCMException: Unable to find enough nodes that meet the criteria that cannot engage in more than 5 pipelines. Nodes required: 3 Found: 0, healthy nodes count inNodeManager: 5.
	at org.apache.hadoop.hdds.scm.pipeline.PipelinePlacementPolicy.filterViableNodes(PipelinePlacementPolicy.java:149)
	at org.apache.hadoop.hdds.scm.pipeline.PipelinePlacementPolicy.chooseDatanodes(PipelinePlacementPolicy.java:172)
	at org.apache.hadoop.hdds.scm.pipeline.RatisPipelineProvider.create(RatisPipelineProvider.java:92)
	at org.apache.hadoop.hdds.scm.pipeline.PipelineFactory.create(PipelineFactory.java:57)
	at org.apache.hadoop.hdds.scm.pipeline.SCMPipelineManager.createPipeline(SCMPipelineManager.java:149)
	at org.apache.hadoop.hdds.scm.block.BlockManagerImpl.allocateBlock(BlockManagerImpl.java:190)
	at org.apache.hadoop.hdds.scm.server.SCMBlockProtocolServer.allocateBlock(SCMBlockProtocolServer.java:175)
	at org.apache.hadoop.ozone.protocolPB.ScmBlockLocationProtocolServerSideTranslatorPB.allocateScmBlock(ScmBlockLocationProtocolServerSideTranslatorPB.java:153)
	at org.apache.hadoop.ozone.protocolPB.ScmBlockLocationProtocolServerSideTranslatorPB.send(ScmBlockLocationProtocolServerSideTranslatorPB.java:112)
	at org.apache.hadoop.hdds.protocol.proto.ScmBlockLocationProtocolProtos$ScmBlockLocationProtocolService$2.callBlockingMethod(ScmBlockLocationProtocolProtos.java:13157)
	at org.apache.hadoop.ipc.ProtobufRpcEngine$Server$ProtoBufRpcInvoker.call(ProtobufRpcEngine.java:524)
	at org.apache.hadoop.ipc.RPC$Server.call(RPC.java:1025)
	at org.apache.hadoop.ipc.Server$RpcCall.run(Server.java:876)
	at org.apache.hadoop.ipc.Server$RpcCall.run(Server.java:822)
	at java.security.AccessController.doPrivileged(Native Method)
	at javax.security.auth.Subject.doAs(Subject.java:422)
	at org.apache.hadoop.security.UserGroupInformation.doAs(UserGroupInformation.java:1730)
	at org.apache.hadoop.ipc.Server$Handler.run(Server.java:2682)
2019-09-20 14:30:11,325 [IPC Server handler 18 on 37648] INFO  block.BlockManagerImpl (BlockManagerImpl.java:allocateBlock(198)) - Could not find available pipeline of type:RATIS and factor:THREE even after retrying
2019-09-20 14:30:11,325 [IPC Server handler 18 on 37648] ERROR block.BlockManagerImpl (BlockManagerImpl.java:allocateBlock(222)) - Unable to allocate a block for the size: 4194304, type: RATIS, factor: THREE
2019-09-20 14:30:11,325 [IPC Server handler 18 on 37648] INFO  pipeline.PipelinePlacementPolicy (PipelinePlacementPolicy.java:meetCriteria(91)) - Pipeline Placement: Doesn't meet the criteria to be viable node： 414b61dd-dc64-4170-a4f7-ed46231621a1 Heaviness: 6 limit: 5
2019-09-20 14:30:11,326 [IPC Server handler 18 on 37648] INFO  pipeline.PipelinePlacementPolicy (PipelinePlacementPolicy.java:meetCriteria(91)) - Pipeline Placement: Doesn't meet the criteria to be viable node： 91f00b63-c6d2-4d34-b168-5848dae554d4 Heaviness: 6 limit: 5
2019-09-20 14:30:11,326 [IPC Server handler 18 on 37648] INFO  pipeline.PipelinePlacementPolicy (PipelinePlacementPolicy.java:meetCriteria(91)) - Pipeline Placement: Doesn't meet the criteria to be viable node： 8a1a3fc2-2e5e-451c-bb07-3011db4e4137 Heaviness: 6 limit: 5
2019-09-20 14:30:11,326 [IPC Server handler 18 on 37648] INFO  pipeline.PipelinePlacementPolicy (PipelinePlacementPolicy.java:meetCriteria(91)) - Pipeline Placement: Doesn't meet the criteria to be viable node： 01139844-247b-45d0-963c-91509834b20c Heaviness: 6 limit: 5
2019-09-20 14:30:11,326 [IPC Server handler 18 on 37648] INFO  pipeline.PipelinePlacementPolicy (PipelinePlacementPolicy.java:meetCriteria(91)) - Pipeline Placement: Doesn't meet the criteria to be viable node： 51c8ff27-873d-4cbb-8820-aa0ac2de17d7 Heaviness: 6 limit: 5
2019-09-20 14:30:11,326 [IPC Server handler 18 on 37648] ERROR pipeline.PipelinePlacementPolicy (PipelinePlacementPolicy.java:filterViableNodes(148)) - Unable to find enough nodes that meet the criteria that cannot engage in more than 5 pipelines. Nodes required: 3 Found: 0, healthy nodes count inNodeManager: 5.
2019-09-20 14:30:11,326 [IPC Server handler 18 on 37648] ERROR pipeline.SCMPipelineManager (SCMPipelineManager.java:createPipeline(161)) - Pipeline creation failed due to exception: Unable to find enough nodes that meet the criteria that cannot engage in more than 5 pipelines. Nodes required: 3 Found: 0, healthy nodes count inNodeManager: 5.
2019-09-20 14:30:11,326 [IPC Server handler 18 on 37648] WARN  block.BlockManagerImpl (BlockManagerImpl.java:allocateBlock(192)) - Pipeline creation failed for type:RATIS factor:THREE. Retrying get pipelines call once.
org.apache.hadoop.hdds.scm.exceptions.SCMException: Unable to find enough nodes that meet the criteria that cannot engage in more than 5 pipelines. Nodes required: 3 Found: 0, healthy nodes count inNodeManager: 5.
	at org.apache.hadoop.hdds.scm.pipeline.PipelinePlacementPolicy.filterViableNodes(PipelinePlacementPolicy.java:149)
	at org.apache.hadoop.hdds.scm.pipeline.PipelinePlacementPolicy.chooseDatanodes(PipelinePlacementPolicy.java:172)
	at org.apache.hadoop.hdds.scm.pipeline.RatisPipelineProvider.create(RatisPipelineProvider.java:92)
	at org.apache.hadoop.hdds.scm.pipeline.PipelineFactory.create(PipelineFactory.java:57)
	at org.apache.hadoop.hdds.scm.pipeline.SCMPipelineManager.createPipeline(SCMPipelineManager.java:149)
	at org.apache.hadoop.hdds.scm.block.BlockManagerImpl.allocateBlock(BlockManagerImpl.java:190)
	at org.apache.hadoop.hdds.scm.server.SCMBlockProtocolServer.allocateBlock(SCMBlockProtocolServer.java:175)
	at org.apache.hadoop.ozone.protocolPB.ScmBlockLocationProtocolServerSideTranslatorPB.allocateScmBlock(ScmBlockLocationProtocolServerSideTranslatorPB.java:153)
	at org.apache.hadoop.ozone.protocolPB.ScmBlockLocationProtocolServerSideTranslatorPB.send(ScmBlockLocationProtocolServerSideTranslatorPB.java:112)
	at org.apache.hadoop.hdds.protocol.proto.ScmBlockLocationProtocolProtos$ScmBlockLocationProtocolService$2.callBlockingMethod(ScmBlockLocationProtocolProtos.java:13157)
	at org.apache.hadoop.ipc.ProtobufRpcEngine$Server$ProtoBufRpcInvoker.call(ProtobufRpcEngine.java:524)
	at org.apache.hadoop.ipc.RPC$Server.call(RPC.java:1025)
	at org.apache.hadoop.ipc.Server$RpcCall.run(Server.java:876)
	at org.apache.hadoop.ipc.Server$RpcCall.run(Server.java:822)
	at java.security.AccessController.doPrivileged(Native Method)
	at javax.security.auth.Subject.doAs(Subject.java:422)
	at org.apache.hadoop.security.UserGroupInformation.doAs(UserGroupInformation.java:1730)
	at org.apache.hadoop.ipc.Server$Handler.run(Server.java:2682)
2019-09-20 14:30:11,327 [IPC Server handler 18 on 37648] INFO  block.BlockManagerImpl (BlockManagerImpl.java:allocateBlock(198)) - Could not find available pipeline of type:RATIS and factor:THREE even after retrying
2019-09-20 14:30:11,327 [IPC Server handler 18 on 37648] ERROR block.BlockManagerImpl (BlockManagerImpl.java:allocateBlock(222)) - Unable to allocate a block for the size: 4194304, type: RATIS, factor: THREE
2019-09-20 14:30:11,327 [IPC Server handler 18 on 37648] INFO  pipeline.PipelinePlacementPolicy (PipelinePlacementPolicy.java:meetCriteria(91)) - Pipeline Placement: Doesn't meet the criteria to be viable node： 414b61dd-dc64-4170-a4f7-ed46231621a1 Heaviness: 6 limit: 5
2019-09-20 14:30:11,327 [IPC Server handler 18 on 37648] INFO  pipeline.PipelinePlacementPolicy (PipelinePlacementPolicy.java:meetCriteria(91)) - Pipeline Placement: Doesn't meet the criteria to be viable node： 91f00b63-c6d2-4d34-b168-5848dae554d4 Heaviness: 6 limit: 5
2019-09-20 14:30:11,327 [IPC Server handler 18 on 37648] INFO  pipeline.PipelinePlacementPolicy (PipelinePlacementPolicy.java:meetCriteria(91)) - Pipeline Placement: Doesn't meet the criteria to be viable node： 8a1a3fc2-2e5e-451c-bb07-3011db4e4137 Heaviness: 6 limit: 5
2019-09-20 14:30:11,327 [IPC Server handler 18 on 37648] INFO  pipeline.PipelinePlacementPolicy (PipelinePlacementPolicy.java:meetCriteria(91)) - Pipeline Placement: Doesn't meet the criteria to be viable node： 01139844-247b-45d0-963c-91509834b20c Heaviness: 6 limit: 5
2019-09-20 14:30:11,327 [IPC Server handler 18 on 37648] INFO  pipeline.PipelinePlacementPolicy (PipelinePlacementPolicy.java:meetCriteria(91)) - Pipeline Placement: Doesn't meet the criteria to be viable node： 51c8ff27-873d-4cbb-8820-aa0ac2de17d7 Heaviness: 6 limit: 5
2019-09-20 14:30:11,328 [IPC Server handler 18 on 37648] ERROR pipeline.PipelinePlacementPolicy (PipelinePlacementPolicy.java:filterViableNodes(148)) - Unable to find enough nodes that meet the criteria that cannot engage in more than 5 pipelines. Nodes required: 3 Found: 0, healthy nodes count inNodeManager: 5.
2019-09-20 14:30:11,328 [IPC Server handler 18 on 37648] ERROR pipeline.SCMPipelineManager (SCMPipelineManager.java:createPipeline(161)) - Pipeline creation failed due to exception: Unable to find enough nodes that meet the criteria that cannot engage in more than 5 pipelines. Nodes required: 3 Found: 0, healthy nodes count inNodeManager: 5.
2019-09-20 14:30:11,328 [IPC Server handler 18 on 37648] WARN  block.BlockManagerImpl (BlockManagerImpl.java:allocateBlock(192)) - Pipeline creation failed for type:RATIS factor:THREE. Retrying get pipelines call once.
org.apache.hadoop.hdds.scm.exceptions.SCMException: Unable to find enough nodes that meet the criteria that cannot engage in more than 5 pipelines. Nodes required: 3 Found: 0, healthy nodes count inNodeManager: 5.
	at org.apache.hadoop.hdds.scm.pipeline.PipelinePlacementPolicy.filterViableNodes(PipelinePlacementPolicy.java:149)
	at org.apache.hadoop.hdds.scm.pipeline.PipelinePlacementPolicy.chooseDatanodes(PipelinePlacementPolicy.java:172)
	at org.apache.hadoop.hdds.scm.pipeline.RatisPipelineProvider.create(RatisPipelineProvider.java:92)
	at org.apache.hadoop.hdds.scm.pipeline.PipelineFactory.create(PipelineFactory.java:57)
	at org.apache.hadoop.hdds.scm.pipeline.SCMPipelineManager.createPipeline(SCMPipelineManager.java:149)
	at org.apache.hadoop.hdds.scm.block.BlockManagerImpl.allocateBlock(BlockManagerImpl.java:190)
	at org.apache.hadoop.hdds.scm.server.SCMBlockProtocolServer.allocateBlock(SCMBlockProtocolServer.java:175)
	at org.apache.hadoop.ozone.protocolPB.ScmBlockLocationProtocolServerSideTranslatorPB.allocateScmBlock(ScmBlockLocationProtocolServerSideTranslatorPB.java:153)
	at org.apache.hadoop.ozone.protocolPB.ScmBlockLocationProtocolServerSideTranslatorPB.send(ScmBlockLocationProtocolServerSideTranslatorPB.java:112)
	at org.apache.hadoop.hdds.protocol.proto.ScmBlockLocationProtocolProtos$ScmBlockLocationProtocolService$2.callBlockingMethod(ScmBlockLocationProtocolProtos.java:13157)
	at org.apache.hadoop.ipc.ProtobufRpcEngine$Server$ProtoBufRpcInvoker.call(ProtobufRpcEngine.java:524)
	at org.apache.hadoop.ipc.RPC$Server.call(RPC.java:1025)
	at org.apache.hadoop.ipc.Server$RpcCall.run(Server.java:876)
	at org.apache.hadoop.ipc.Server$RpcCall.run(Server.java:822)
	at java.security.AccessController.doPrivileged(Native Method)
	at javax.security.auth.Subject.doAs(Subject.java:422)
	at org.apache.hadoop.security.UserGroupInformation.doAs(UserGroupInformation.java:1730)
	at org.apache.hadoop.ipc.Server$Handler.run(Server.java:2682)
2019-09-20 14:30:11,328 [IPC Server handler 18 on 37648] INFO  block.BlockManagerImpl (BlockManagerImpl.java:allocateBlock(198)) - Could not find available pipeline of type:RATIS and factor:THREE even after retrying
2019-09-20 14:30:11,328 [IPC Server handler 18 on 37648] ERROR block.BlockManagerImpl (BlockManagerImpl.java:allocateBlock(222)) - Unable to allocate a block for the size: 4194304, type: RATIS, factor: THREE
2019-09-20 14:30:11,328 [IPC Server handler 18 on 37648] INFO  pipeline.PipelinePlacementPolicy (PipelinePlacementPolicy.java:meetCriteria(91)) - Pipeline Placement: Doesn't meet the criteria to be viable node： 414b61dd-dc64-4170-a4f7-ed46231621a1 Heaviness: 6 limit: 5
2019-09-20 14:30:11,328 [IPC Server handler 18 on 37648] INFO  pipeline.PipelinePlacementPolicy (PipelinePlacementPolicy.java:meetCriteria(91)) - Pipeline Placement: Doesn't meet the criteria to be viable node： 91f00b63-c6d2-4d34-b168-5848dae554d4 Heaviness: 6 limit: 5
2019-09-20 14:30:11,329 [IPC Server handler 18 on 37648] INFO  pipeline.PipelinePlacementPolicy (PipelinePlacementPolicy.java:meetCriteria(91)) - Pipeline Placement: Doesn't meet the criteria to be viable node： 8a1a3fc2-2e5e-451c-bb07-3011db4e4137 Heaviness: 6 limit: 5
2019-09-20 14:30:11,329 [IPC Server handler 18 on 37648] INFO  pipeline.PipelinePlacementPolicy (PipelinePlacementPolicy.java:meetCriteria(91)) - Pipeline Placement: Doesn't meet the criteria to be viable node： 01139844-247b-45d0-963c-91509834b20c Heaviness: 6 limit: 5
2019-09-20 14:30:11,329 [IPC Server handler 18 on 37648] INFO  pipeline.PipelinePlacementPolicy (PipelinePlacementPolicy.java:meetCriteria(91)) - Pipeline Placement: Doesn't meet the criteria to be viable node： 51c8ff27-873d-4cbb-8820-aa0ac2de17d7 Heaviness: 6 limit: 5
2019-09-20 14:30:11,329 [IPC Server handler 18 on 37648] ERROR pipeline.PipelinePlacementPolicy (PipelinePlacementPolicy.java:filterViableNodes(148)) - Unable to find enough nodes that meet the criteria that cannot engage in more than 5 pipelines. Nodes required: 3 Found: 0, healthy nodes count inNodeManager: 5.
2019-09-20 14:30:11,329 [IPC Server handler 18 on 37648] ERROR pipeline.SCMPipelineManager (SCMPipelineManager.java:createPipeline(161)) - Pipeline creation failed due to exception: Unable to find enough nodes that meet the criteria that cannot engage in more than 5 pipelines. Nodes required: 3 Found: 0, healthy nodes count inNodeManager: 5.
2019-09-20 14:30:11,329 [IPC Server handler 18 on 37648] WARN  block.BlockManagerImpl (BlockManagerImpl.java:allocateBlock(192)) - Pipeline creation failed for type:RATIS factor:THREE. Retrying get pipelines call once.
org.apache.hadoop.hdds.scm.exceptions.SCMException: Unable to find enough nodes that meet the criteria that cannot engage in more than 5 pipelines. Nodes required: 3 Found: 0, healthy nodes count inNodeManager: 5.
	at org.apache.hadoop.hdds.scm.pipeline.PipelinePlacementPolicy.filterViableNodes(PipelinePlacementPolicy.java:149)
	at org.apache.hadoop.hdds.scm.pipeline.PipelinePlacementPolicy.chooseDatanodes(PipelinePlacementPolicy.java:172)
	at org.apache.hadoop.hdds.scm.pipeline.RatisPipelineProvider.create(RatisPipelineProvider.java:92)
	at org.apache.hadoop.hdds.scm.pipeline.PipelineFactory.create(PipelineFactory.java:57)
	at org.apache.hadoop.hdds.scm.pipeline.SCMPipelineManager.createPipeline(SCMPipelineManager.java:149)
	at org.apache.hadoop.hdds.scm.block.BlockManagerImpl.allocateBlock(BlockManagerImpl.java:190)
	at org.apache.hadoop.hdds.scm.server.SCMBlockProtocolServer.allocateBlock(SCMBlockProtocolServer.java:175)
	at org.apache.hadoop.ozone.protocolPB.ScmBlockLocationProtocolServerSideTranslatorPB.allocateScmBlock(ScmBlockLocationProtocolServerSideTranslatorPB.java:153)
	at org.apache.hadoop.ozone.protocolPB.ScmBlockLocationProtocolServerSideTranslatorPB.send(ScmBlockLocationProtocolServerSideTranslatorPB.java:112)
	at org.apache.hadoop.hdds.protocol.proto.ScmBlockLocationProtocolProtos$ScmBlockLocationProtocolService$2.callBlockingMethod(ScmBlockLocationProtocolProtos.java:13157)
	at org.apache.hadoop.ipc.ProtobufRpcEngine$Server$ProtoBufRpcInvoker.call(ProtobufRpcEngine.java:524)
	at org.apache.hadoop.ipc.RPC$Server.call(RPC.java:1025)
	at org.apache.hadoop.ipc.Server$RpcCall.run(Server.java:876)
	at org.apache.hadoop.ipc.Server$RpcCall.run(Server.java:822)
	at java.security.AccessController.doPrivileged(Native Method)
	at javax.security.auth.Subject.doAs(Subject.java:422)
	at org.apache.hadoop.security.UserGroupInformation.doAs(UserGroupInformation.java:1730)
	at org.apache.hadoop.ipc.Server$Handler.run(Server.java:2682)
2019-09-20 14:30:11,330 [IPC Server handler 18 on 37648] INFO  block.BlockManagerImpl (BlockManagerImpl.java:allocateBlock(198)) - Could not find available pipeline of type:RATIS and factor:THREE even after retrying
2019-09-20 14:30:11,330 [IPC Server handler 18 on 37648] ERROR block.BlockManagerImpl (BlockManagerImpl.java:allocateBlock(222)) - Unable to allocate a block for the size: 4194304, type: RATIS, factor: THREE
2019-09-20 14:30:11,330 | INFO  | SCMAudit | user=jenkins1000 | ip=192.168.36.99 | op=ALLOCATE_BLOCK {owner=d74527f2-c088-4e06-b1c1-f4c8b27eca4d, size=4194304, type=RATIS, factor=THREE} | ret=SUCCESS |  
2019-09-20 14:30:11,334 | ERROR | OMAudit | user=jenkins1000 | ip=127.0.0.1 | op=ALLOCATE_KEY {volume=vol-0-86021, bucket=bucket-0-94905, key=key-0-87725, dataSize=20971520, replicationType=RATIS, replicationFactor=THREE, keyLocationInfo=null} | ret=FAILURE | org.apache.hadoop.hdds.scm.exceptions.SCMException: Allocated 0 blocks. Requested 5 blocks
	at org.apache.hadoop.hdds.scm.protocolPB.ScmBlockLocationProtocolClientSideTranslatorPB.handleError(ScmBlockLocationProtocolClientSideTranslatorPB.java:118)
	at org.apache.hadoop.hdds.scm.protocolPB.ScmBlockLocationProtocolClientSideTranslatorPB.allocateBlock(ScmBlockLocationProtocolClientSideTranslatorPB.java:156) 
2019-09-20 14:30:11,337 [pool-78-thread-3] ERROR freon.RandomKeyGenerator (RandomKeyGenerator.java:createKey(724)) - Exception while adding key: key-0-87725 in bucket: bucket-0-94905 of volume: vol-0-86021.
INTERNAL_ERROR org.apache.hadoop.ozone.om.exceptions.OMException: Allocated 0 blocks. Requested 5 blocks
	at org.apache.hadoop.ozone.om.protocolPB.OzoneManagerProtocolClientSideTranslatorPB.handleError(OzoneManagerProtocolClientSideTranslatorPB.java:725)
	at org.apache.hadoop.ozone.om.protocolPB.OzoneManagerProtocolClientSideTranslatorPB.openKey(OzoneManagerProtocolClientSideTranslatorPB.java:716)
	at org.apache.hadoop.ozone.client.rpc.RpcClient.createKey(RpcClient.java:615)
	at org.apache.hadoop.ozone.client.OzoneBucket.createKey(OzoneBucket.java:323)
	at org.apache.hadoop.ozone.freon.RandomKeyGenerator.createKey(RandomKeyGenerator.java:686)
	at org.apache.hadoop.ozone.freon.RandomKeyGenerator.access$1100(RandomKeyGenerator.java:87)
	at org.apache.hadoop.ozone.freon.RandomKeyGenerator$ObjectCreator.run(RandomKeyGenerator.java:606)
	at java.util.concurrent.Executors$RunnableAdapter.call(Executors.java:511)
	at java.util.concurrent.FutureTask.run(FutureTask.java:266)
	at java.util.concurrent.ThreadPoolExecutor.runWorker(ThreadPoolExecutor.java:1149)
	at java.util.concurrent.ThreadPoolExecutor$Worker.run(ThreadPoolExecutor.java:624)
	at java.lang.Thread.run(Thread.java:748)
2019-09-20 14:30:11,341 | INFO  | SCMAudit | user=jenkins1000 | ip=192.168.36.99 | op=SEND_HEARTBEAT {datanodeUUID=01139844-247b-45d0-963c-91509834b20c, command=[]} | ret=SUCCESS |  
2019-09-20 14:30:11,626 | INFO  | SCMAudit | user=jenkins1000 | ip=192.168.36.99 | op=SEND_HEARTBEAT {datanodeUUID=51c8ff27-873d-4cbb-8820-aa0ac2de17d7, command=[]} | ret=SUCCESS |  
 0.00% |█                                                                                                    |  0/1 Time: 0:00:022019-09-20 14:30:12,086 | INFO  | SCMAudit | user=jenkins1000 | ip=192.168.36.99 | op=SEND_HEARTBEAT {datanodeUUID=414b61dd-dc64-4170-a4f7-ed46231621a1, command=[]} | ret=SUCCESS |  
2019-09-20 14:30:12,103 | INFO  | SCMAudit | user=jenkins1000 | ip=192.168.36.99 | op=SEND_HEARTBEAT {datanodeUUID=91f00b63-c6d2-4d34-b168-5848dae554d4, command=[]} | ret=SUCCESS |  
2019-09-20 14:30:12,261 | INFO  | SCMAudit | user=jenkins1000 | ip=192.168.36.99 | op=SEND_HEARTBEAT {datanodeUUID=8a1a3fc2-2e5e-451c-bb07-3011db4e4137, command=[]} | ret=SUCCESS |  
2019-09-20 14:30:12,343 | INFO  | SCMAudit | user=jenkins1000 | ip=192.168.36.99 | op=SEND_HEARTBEAT {datanodeUUID=01139844-247b-45d0-963c-91509834b20c, command=[]} | ret=SUCCESS |  
2019-09-20 14:30:12,624 | INFO  | SCMAudit | user=jenkins1000 | ip=192.168.36.99 | op=SEND_HEARTBEAT {datanodeUUID=51c8ff27-873d-4cbb-8820-aa0ac2de17d7, command=[]} | ret=SUCCESS |  
 0.00% |█                                                                                                    |  0/1 Time: 0:00:032019-09-20 14:30:13,087 | INFO  | SCMAudit | user=jenkins1000 | ip=192.168.36.99 | op=SEND_HEARTBEAT {datanodeUUID=414b61dd-dc64-4170-a4f7-ed46231621a1, command=[]} | ret=SUCCESS |  
2019-09-20 14:30:13,103 | INFO  | SCMAudit | user=jenkins1000 | ip=192.168.36.99 | op=SEND_HEARTBEAT {datanodeUUID=91f00b63-c6d2-4d34-b168-5848dae554d4, command=[]} | ret=SUCCESS |  
2019-09-20 14:30:13,260 | INFO  | SCMAudit | user=jenkins1000 | ip=192.168.36.99 | op=SEND_HEARTBEAT {datanodeUUID=8a1a3fc2-2e5e-451c-bb07-3011db4e4137, command=[]} | ret=SUCCESS |  
2019-09-20 14:30:13,355 | INFO  | SCMAudit | user=jenkins1000 | ip=192.168.36.99 | op=SEND_HEARTBEAT {datanodeUUID=01139844-247b-45d0-963c-91509834b20c, command=[]} | ret=SUCCESS |  
2019-09-20 14:30:13,422 [Thread-209] INFO  impl.FollowerState (FollowerState.java:run(106)) - 414b61dd-dc64-4170-a4f7-ed46231621a1:group-BE46FEDD2FF0 changes to CANDIDATE, lastRpcTime:5147, electionTimeout:5146ms
2019-09-20 14:30:13,422 [Thread-209] INFO  impl.RoleInfo (RoleInfo.java:shutdownFollowerState(121)) - 414b61dd-dc64-4170-a4f7-ed46231621a1: shutdown FollowerState
2019-09-20 14:30:13,422 [Thread-209] INFO  impl.RaftServerImpl (RaftServerImpl.java:setRole(171)) - 414b61dd-dc64-4170-a4f7-ed46231621a1:group-BE46FEDD2FF0 changes role from FOLLOWER to CANDIDATE at term 0 for changeToCandidate
2019-09-20 14:30:13,444 [Thread-209] INFO  impl.RoleInfo (RoleInfo.java:updateAndGet(143)) - 414b61dd-dc64-4170-a4f7-ed46231621a1: start LeaderElection
2019-09-20 14:30:13,497 [414b61dd-dc64-4170-a4f7-ed46231621a1:group-BE46FEDD2FF0:LeaderElection1] INFO  impl.LeaderElection (LeaderElection.java:askForVotes(181)) - 414b61dd-dc64-4170-a4f7-ed46231621a1:group-BE46FEDD2FF0:LeaderElection1: begin an election at term 1 for -1: [414b61dd-dc64-4170-a4f7-ed46231621a1:192.168.36.99:38147], old=null
2019-09-20 14:30:13,500 [414b61dd-dc64-4170-a4f7-ed46231621a1:group-BE46FEDD2FF0:LeaderElection1] INFO  impl.RoleInfo (RoleInfo.java:shutdownLeaderElection(134)) - 414b61dd-dc64-4170-a4f7-ed46231621a1: shutdown LeaderElection
2019-09-20 14:30:13,501 [414b61dd-dc64-4170-a4f7-ed46231621a1:group-BE46FEDD2FF0:LeaderElection1] INFO  impl.RaftServerImpl (RaftServerImpl.java:setRole(171)) - 414b61dd-dc64-4170-a4f7-ed46231621a1:group-BE46FEDD2FF0 changes role from CANDIDATE to LEADER at term 1 for changeToLeader
2019-09-20 14:30:13,501 [414b61dd-dc64-4170-a4f7-ed46231621a1:group-BE46FEDD2FF0:LeaderElection1] INFO  impl.RaftServerImpl (ServerState.java:setLeader(263)) - 414b61dd-dc64-4170-a4f7-ed46231621a1:group-BE46FEDD2FF0 change Leader from null to 414b61dd-dc64-4170-a4f7-ed46231621a1 at term 1 for becomeLeader, leader elected after 5320ms
2019-09-20 14:30:13,512 [414b61dd-dc64-4170-a4f7-ed46231621a1:group-BE46FEDD2FF0:LeaderElection1] INFO  server.RaftServerConfigKeys (ConfUtils.java:logGet(43)) - raft.server.staging.catchup.gap = 1000 (default)
2019-09-20 14:30:13,512 [414b61dd-dc64-4170-a4f7-ed46231621a1:group-BE46FEDD2FF0:LeaderElection1] INFO  server.RaftServerConfigKeys (ConfUtils.java:logGet(43)) - raft.server.rpc.sleep.time = 25ms (default)
2019-09-20 14:30:13,516 [414b61dd-dc64-4170-a4f7-ed46231621a1:group-BE46FEDD2FF0:LeaderElection1] INFO  server.RaftServerConfigKeys (ConfUtils.java:logGet(43)) - raft.server.write.element-limit = 4096 (default)
2019-09-20 14:30:13,520 [414b61dd-dc64-4170-a4f7-ed46231621a1:group-BE46FEDD2FF0:LeaderElection1] INFO  server.RaftServerConfigKeys (ConfUtils.java:logGet(43)) - raft.server.watch.timeout = 10s (default)
2019-09-20 14:30:13,520 [414b61dd-dc64-4170-a4f7-ed46231621a1:group-BE46FEDD2FF0:LeaderElection1] INFO  server.RaftServerConfigKeys (ConfUtils.java:logGet(43)) - raft.server.watch.timeout.denomination = 1s (default)
2019-09-20 14:30:13,522 [414b61dd-dc64-4170-a4f7-ed46231621a1:group-BE46FEDD2FF0:LeaderElection1] INFO  server.RaftServerConfigKeys (ConfUtils.java:logGet(43)) - raft.server.watch.element-limit = 65536 (default)
2019-09-20 14:30:13,534 [414b61dd-dc64-4170-a4f7-ed46231621a1:group-BE46FEDD2FF0:LeaderElection1] INFO  impl.RoleInfo (RoleInfo.java:updateAndGet(143)) - 414b61dd-dc64-4170-a4f7-ed46231621a1: start LeaderState
2019-09-20 14:30:13,554 [Thread-212] INFO  impl.FollowerState (FollowerState.java:run(106)) - 01139844-247b-45d0-963c-91509834b20c:group-FC2F393981CB changes to CANDIDATE, lastRpcTime:5064, electionTimeout:5063ms
2019-09-20 14:30:13,556 [Thread-212] INFO  impl.RoleInfo (RoleInfo.java:shutdownFollowerState(121)) - 01139844-247b-45d0-963c-91509834b20c: shutdown FollowerState
2019-09-20 14:30:13,556 [Thread-212] INFO  impl.RaftServerImpl (RaftServerImpl.java:setRole(171)) - 01139844-247b-45d0-963c-91509834b20c:group-FC2F393981CB changes role from FOLLOWER to CANDIDATE at term 0 for changeToCandidate
2019-09-20 14:30:13,557 [Thread-212] INFO  impl.RoleInfo (RoleInfo.java:updateAndGet(143)) - 01139844-247b-45d0-963c-91509834b20c: start LeaderElection
2019-09-20 14:30:13,573 [414b61dd-dc64-4170-a4f7-ed46231621a1:group-BE46FEDD2FF0:LeaderElection1] INFO  segmented.SegmentedRaftLogWorker (SegmentedRaftLogWorker.java:startLogSegment(380)) - 414b61dd-dc64-4170-a4f7-ed46231621a1-SegmentedRaftLogWorker:Storage Directory /workdir/hadoop-ozone/tools/target/test-dir/MiniOzoneClusterImpl-d73f9dc2-2858-4e9b-b98c-6f8fa2850d63/datanode-0/data/ratis/82c4b9e7-ec89-40fc-b2f7-be46fedd2ff0: Starting segment from index:0
2019-09-20 14:30:13,589 [414b61dd-dc64-4170-a4f7-ed46231621a1:group-BE46FEDD2FF0:LeaderElection1] INFO  impl.RaftServerImpl (ServerState.java:setRaftConf(361)) - 414b61dd-dc64-4170-a4f7-ed46231621a1:group-BE46FEDD2FF0 set configuration 0: [414b61dd-dc64-4170-a4f7-ed46231621a1:192.168.36.99:38147], old=null at 0
2019-09-20 14:30:13,602 [01139844-247b-45d0-963c-91509834b20c:group-FC2F393981CB:LeaderElection2] INFO  impl.LeaderElection (LeaderElection.java:askForVotes(181)) - 01139844-247b-45d0-963c-91509834b20c:group-FC2F393981CB:LeaderElection2: begin an election at term 1 for -1: [01139844-247b-45d0-963c-91509834b20c:192.168.36.99:40256], old=null
2019-09-20 14:30:13,604 [01139844-247b-45d0-963c-91509834b20c:group-FC2F393981CB:LeaderElection2] INFO  impl.RoleInfo (RoleInfo.java:shutdownLeaderElection(134)) - 01139844-247b-45d0-963c-91509834b20c: shutdown LeaderElection
2019-09-20 14:30:13,604 [01139844-247b-45d0-963c-91509834b20c:group-FC2F393981CB:LeaderElection2] INFO  impl.RaftServerImpl (RaftServerImpl.java:setRole(171)) - 01139844-247b-45d0-963c-91509834b20c:group-FC2F393981CB changes role from CANDIDATE to LEADER at term 1 for changeToLeader
2019-09-20 14:30:13,604 [01139844-247b-45d0-963c-91509834b20c:group-FC2F393981CB:LeaderElection2] INFO  impl.RaftServerImpl (ServerState.java:setLeader(263)) - 01139844-247b-45d0-963c-91509834b20c:group-FC2F393981CB change Leader from null to 01139844-247b-45d0-963c-91509834b20c at term 1 for becomeLeader, leader elected after 5125ms
2019-09-20 14:30:13,606 [01139844-247b-45d0-963c-91509834b20c:group-FC2F393981CB:LeaderElection2] INFO  server.RaftServerConfigKeys (ConfUtils.java:logGet(43)) - raft.server.staging.catchup.gap = 1000 (default)
2019-09-20 14:30:13,606 [01139844-247b-45d0-963c-91509834b20c:group-FC2F393981CB:LeaderElection2] INFO  server.RaftServerConfigKeys (ConfUtils.java:logGet(43)) - raft.server.rpc.sleep.time = 25ms (default)
2019-09-20 14:30:13,607 [01139844-247b-45d0-963c-91509834b20c:group-FC2F393981CB:LeaderElection2] INFO  server.RaftServerConfigKeys (ConfUtils.java:logGet(43)) - raft.server.write.element-limit = 4096 (default)
2019-09-20 14:30:13,607 [01139844-247b-45d0-963c-91509834b20c:group-FC2F393981CB:LeaderElection2] INFO  server.RaftServerConfigKeys (ConfUtils.java:logGet(43)) - raft.server.watch.timeout = 10s (default)
2019-09-20 14:30:13,607 [01139844-247b-45d0-963c-91509834b20c:group-FC2F393981CB:LeaderElection2] INFO  server.RaftServerConfigKeys (ConfUtils.java:logGet(43)) - raft.server.watch.timeout.denomination = 1s (default)
2019-09-20 14:30:13,607 [01139844-247b-45d0-963c-91509834b20c:group-FC2F393981CB:LeaderElection2] INFO  server.RaftServerConfigKeys (ConfUtils.java:logGet(43)) - raft.server.watch.element-limit = 65536 (default)
2019-09-20 14:30:13,608 [01139844-247b-45d0-963c-91509834b20c:group-FC2F393981CB:LeaderElection2] INFO  impl.RoleInfo (RoleInfo.java:updateAndGet(143)) - 01139844-247b-45d0-963c-91509834b20c: start LeaderState
2019-09-20 14:30:13,608 [01139844-247b-45d0-963c-91509834b20c:group-FC2F393981CB:LeaderElection2] INFO  segmented.SegmentedRaftLogWorker (SegmentedRaftLogWorker.java:startLogSegment(380)) - 01139844-247b-45d0-963c-91509834b20c-SegmentedRaftLogWorker:Storage Directory /workdir/hadoop-ozone/tools/target/test-dir/MiniOzoneClusterImpl-d73f9dc2-2858-4e9b-b98c-6f8fa2850d63/datanode-1/data/ratis/8fba29dd-06d3-4529-ba3a-fc2f393981cb: Starting segment from index:0
2019-09-20 14:30:13,609 [01139844-247b-45d0-963c-91509834b20c:group-FC2F393981CB:LeaderElection2] INFO  impl.RaftServerImpl (ServerState.java:setRaftConf(361)) - 01139844-247b-45d0-963c-91509834b20c:group-FC2F393981CB set configuration 0: [01139844-247b-45d0-963c-91509834b20c:192.168.36.99:40256], old=null at 0
2019-09-20 14:30:13,623 | INFO  | SCMAudit | user=jenkins1000 | ip=192.168.36.99 | op=SEND_HEARTBEAT {datanodeUUID=51c8ff27-873d-4cbb-8820-aa0ac2de17d7, command=[]} | ret=SUCCESS |  
 0.00% |█                                                                                                    |  0/1 Time: 0:00:042019-09-20 14:30:13,782 [Thread-215] INFO  impl.FollowerState (FollowerState.java:run(106)) - 8a1a3fc2-2e5e-451c-bb07-3011db4e4137:group-596E3DC4A066 changes to CANDIDATE, lastRpcTime:5177, electionTimeout:5177ms
2019-09-20 14:30:13,782 [Thread-215] INFO  impl.RoleInfo (RoleInfo.java:shutdownFollowerState(121)) - 8a1a3fc2-2e5e-451c-bb07-3011db4e4137: shutdown FollowerState
2019-09-20 14:30:13,782 [Thread-215] INFO  impl.RaftServerImpl (RaftServerImpl.java:setRole(171)) - 8a1a3fc2-2e5e-451c-bb07-3011db4e4137:group-596E3DC4A066 changes role from FOLLOWER to CANDIDATE at term 0 for changeToCandidate
2019-09-20 14:30:13,782 [Thread-215] INFO  impl.RoleInfo (RoleInfo.java:updateAndGet(143)) - 8a1a3fc2-2e5e-451c-bb07-3011db4e4137: start LeaderElection
2019-09-20 14:30:13,833 [414b61dd-dc64-4170-a4f7-ed46231621a1-SegmentedRaftLogWorker:Storage Directory /workdir/hadoop-ozone/tools/target/test-dir/MiniOzoneClusterImpl-d73f9dc2-2858-4e9b-b98c-6f8fa2850d63/datanode-0/data/ratis/82c4b9e7-ec89-40fc-b2f7-be46fedd2ff0] INFO  segmented.SegmentedRaftLogWorker (SegmentedRaftLogWorker.java:execute(569)) - 414b61dd-dc64-4170-a4f7-ed46231621a1-SegmentedRaftLogWorker:Storage Directory /workdir/hadoop-ozone/tools/target/test-dir/MiniOzoneClusterImpl-d73f9dc2-2858-4e9b-b98c-6f8fa2850d63/datanode-0/data/ratis/82c4b9e7-ec89-40fc-b2f7-be46fedd2ff0: created new log segment /workdir/hadoop-ozone/tools/target/test-dir/MiniOzoneClusterImpl-d73f9dc2-2858-4e9b-b98c-6f8fa2850d63/datanode-0/data/ratis/82c4b9e7-ec89-40fc-b2f7-be46fedd2ff0/current/log_inprogress_0
2019-09-20 14:30:13,833 [8a1a3fc2-2e5e-451c-bb07-3011db4e4137:group-596E3DC4A066:LeaderElection3] INFO  impl.LeaderElection (LeaderElection.java:askForVotes(181)) - 8a1a3fc2-2e5e-451c-bb07-3011db4e4137:group-596E3DC4A066:LeaderElection3: begin an election at term 1 for -1: [8a1a3fc2-2e5e-451c-bb07-3011db4e4137:192.168.36.99:43541], old=null
2019-09-20 14:30:13,833 [01139844-247b-45d0-963c-91509834b20c-SegmentedRaftLogWorker:Storage Directory /workdir/hadoop-ozone/tools/target/test-dir/MiniOzoneClusterImpl-d73f9dc2-2858-4e9b-b98c-6f8fa2850d63/datanode-1/data/ratis/8fba29dd-06d3-4529-ba3a-fc2f393981cb] INFO  segmented.SegmentedRaftLogWorker (SegmentedRaftLogWorker.java:execute(569)) - 01139844-247b-45d0-963c-91509834b20c-SegmentedRaftLogWorker:Storage Directory /workdir/hadoop-ozone/tools/target/test-dir/MiniOzoneClusterImpl-d73f9dc2-2858-4e9b-b98c-6f8fa2850d63/datanode-1/data/ratis/8fba29dd-06d3-4529-ba3a-fc2f393981cb: created new log segment /workdir/hadoop-ozone/tools/target/test-dir/MiniOzoneClusterImpl-d73f9dc2-2858-4e9b-b98c-6f8fa2850d63/datanode-1/data/ratis/8fba29dd-06d3-4529-ba3a-fc2f393981cb/current/log_inprogress_0
2019-09-20 14:30:13,835 [8a1a3fc2-2e5e-451c-bb07-3011db4e4137:group-596E3DC4A066:LeaderElection3] INFO  impl.RoleInfo (RoleInfo.java:shutdownLeaderElection(134)) - 8a1a3fc2-2e5e-451c-bb07-3011db4e4137: shutdown LeaderElection
2019-09-20 14:30:13,835 [8a1a3fc2-2e5e-451c-bb07-3011db4e4137:group-596E3DC4A066:LeaderElection3] INFO  impl.RaftServerImpl (RaftServerImpl.java:setRole(171)) - 8a1a3fc2-2e5e-451c-bb07-3011db4e4137:group-596E3DC4A066 changes role from CANDIDATE to LEADER at term 1 for changeToLeader
2019-09-20 14:30:13,836 [8a1a3fc2-2e5e-451c-bb07-3011db4e4137:group-596E3DC4A066:LeaderElection3] INFO  impl.RaftServerImpl (ServerState.java:setLeader(263)) - 8a1a3fc2-2e5e-451c-bb07-3011db4e4137:group-596E3DC4A066 change Leader from null to 8a1a3fc2-2e5e-451c-bb07-3011db4e4137 at term 1 for becomeLeader, leader elected after 5238ms
2019-09-20 14:30:13,837 [8a1a3fc2-2e5e-451c-bb07-3011db4e4137:group-596E3DC4A066:LeaderElection3] INFO  server.RaftServerConfigKeys (ConfUtils.java:logGet(43)) - raft.server.staging.catchup.gap = 1000 (default)
2019-09-20 14:30:13,838 [8a1a3fc2-2e5e-451c-bb07-3011db4e4137:group-596E3DC4A066:LeaderElection3] INFO  server.RaftServerConfigKeys (ConfUtils.java:logGet(43)) - raft.server.rpc.sleep.time = 25ms (default)
2019-09-20 14:30:13,838 [8a1a3fc2-2e5e-451c-bb07-3011db4e4137:group-596E3DC4A066:LeaderElection3] INFO  server.RaftServerConfigKeys (ConfUtils.java:logGet(43)) - raft.server.write.element-limit = 4096 (default)
2019-09-20 14:30:13,838 [8a1a3fc2-2e5e-451c-bb07-3011db4e4137:group-596E3DC4A066:LeaderElection3] INFO  server.RaftServerConfigKeys (ConfUtils.java:logGet(43)) - raft.server.watch.timeout = 10s (default)
2019-09-20 14:30:13,838 [8a1a3fc2-2e5e-451c-bb07-3011db4e4137:group-596E3DC4A066:LeaderElection3] INFO  server.RaftServerConfigKeys (ConfUtils.java:logGet(43)) - raft.server.watch.timeout.denomination = 1s (default)
2019-09-20 14:30:13,839 [8a1a3fc2-2e5e-451c-bb07-3011db4e4137:group-596E3DC4A066:LeaderElection3] INFO  server.RaftServerConfigKeys (ConfUtils.java:logGet(43)) - raft.server.watch.element-limit = 65536 (default)
2019-09-20 14:30:13,839 [8a1a3fc2-2e5e-451c-bb07-3011db4e4137:group-596E3DC4A066:LeaderElection3] INFO  impl.RoleInfo (RoleInfo.java:updateAndGet(143)) - 8a1a3fc2-2e5e-451c-bb07-3011db4e4137: start LeaderState
2019-09-20 14:30:13,840 [8a1a3fc2-2e5e-451c-bb07-3011db4e4137:group-596E3DC4A066:LeaderElection3] INFO  segmented.SegmentedRaftLogWorker (SegmentedRaftLogWorker.java:startLogSegment(380)) - 8a1a3fc2-2e5e-451c-bb07-3011db4e4137-SegmentedRaftLogWorker:Storage Directory /workdir/hadoop-ozone/tools/target/test-dir/MiniOzoneClusterImpl-d73f9dc2-2858-4e9b-b98c-6f8fa2850d63/datanode-4/data/ratis/c8246ee0-e656-4952-ac5c-596e3dc4a066: Starting segment from index:0
2019-09-20 14:30:13,840 [8a1a3fc2-2e5e-451c-bb07-3011db4e4137:group-596E3DC4A066:LeaderElection3] INFO  impl.RaftServerImpl (ServerState.java:setRaftConf(361)) - 8a1a3fc2-2e5e-451c-bb07-3011db4e4137:group-596E3DC4A066 set configuration 0: [8a1a3fc2-2e5e-451c-bb07-3011db4e4137:192.168.36.99:43541], old=null at 0
2019-09-20 14:30:13,878 [Thread-218] INFO  impl.FollowerState (FollowerState.java:run(106)) - 414b61dd-dc64-4170-a4f7-ed46231621a1:group-611809191AE8 changes to CANDIDATE, lastRpcTime:5160, electionTimeout:5157ms
2019-09-20 14:30:13,880 [Thread-218] INFO  impl.RoleInfo (RoleInfo.java:shutdownFollowerState(121)) - 414b61dd-dc64-4170-a4f7-ed46231621a1: shutdown FollowerState
2019-09-20 14:30:13,880 [Thread-218] INFO  impl.RaftServerImpl (RaftServerImpl.java:setRole(171)) - 414b61dd-dc64-4170-a4f7-ed46231621a1:group-611809191AE8 changes role from FOLLOWER to CANDIDATE at term 0 for changeToCandidate
2019-09-20 14:30:13,880 [Thread-218] INFO  impl.RoleInfo (RoleInfo.java:updateAndGet(143)) - 414b61dd-dc64-4170-a4f7-ed46231621a1: start LeaderElection
2019-09-20 14:30:13,905 [Thread-224] INFO  impl.FollowerState (FollowerState.java:run(106)) - 51c8ff27-873d-4cbb-8820-aa0ac2de17d7:group-98559090F793 changes to CANDIDATE, lastRpcTime:5011, electionTimeout:5011ms
2019-09-20 14:30:13,906 [Thread-224] INFO  impl.RoleInfo (RoleInfo.java:shutdownFollowerState(121)) - 51c8ff27-873d-4cbb-8820-aa0ac2de17d7: shutdown FollowerState
2019-09-20 14:30:13,906 [Thread-224] INFO  impl.RaftServerImpl (RaftServerImpl.java:setRole(171)) - 51c8ff27-873d-4cbb-8820-aa0ac2de17d7:group-98559090F793 changes role from FOLLOWER to CANDIDATE at term 0 for changeToCandidate
2019-09-20 14:30:13,906 [Thread-224] INFO  impl.RoleInfo (RoleInfo.java:updateAndGet(143)) - 51c8ff27-873d-4cbb-8820-aa0ac2de17d7: start LeaderElection
2019-09-20 14:30:13,917 [414b61dd-dc64-4170-a4f7-ed46231621a1:group-611809191AE8:LeaderElection4] INFO  impl.LeaderElection (LeaderElection.java:askForVotes(181)) - 414b61dd-dc64-4170-a4f7-ed46231621a1:group-611809191AE8:LeaderElection4: begin an election at term 1 for -1: [414b61dd-dc64-4170-a4f7-ed46231621a1:192.168.36.99:38147], old=null
2019-09-20 14:30:13,917 [8a1a3fc2-2e5e-451c-bb07-3011db4e4137-SegmentedRaftLogWorker:Storage Directory /workdir/hadoop-ozone/tools/target/test-dir/MiniOzoneClusterImpl-d73f9dc2-2858-4e9b-b98c-6f8fa2850d63/datanode-4/data/ratis/c8246ee0-e656-4952-ac5c-596e3dc4a066] INFO  segmented.SegmentedRaftLogWorker (SegmentedRaftLogWorker.java:execute(569)) - 8a1a3fc2-2e5e-451c-bb07-3011db4e4137-SegmentedRaftLogWorker:Storage Directory /workdir/hadoop-ozone/tools/target/test-dir/MiniOzoneClusterImpl-d73f9dc2-2858-4e9b-b98c-6f8fa2850d63/datanode-4/data/ratis/c8246ee0-e656-4952-ac5c-596e3dc4a066: created new log segment /workdir/hadoop-ozone/tools/target/test-dir/MiniOzoneClusterImpl-d73f9dc2-2858-4e9b-b98c-6f8fa2850d63/datanode-4/data/ratis/c8246ee0-e656-4952-ac5c-596e3dc4a066/current/log_inprogress_0
2019-09-20 14:30:13,918 [414b61dd-dc64-4170-a4f7-ed46231621a1:group-611809191AE8:LeaderElection4] INFO  impl.RoleInfo (RoleInfo.java:shutdownLeaderElection(134)) - 414b61dd-dc64-4170-a4f7-ed46231621a1: shutdown LeaderElection
2019-09-20 14:30:13,918 [414b61dd-dc64-4170-a4f7-ed46231621a1:group-611809191AE8:LeaderElection4] INFO  impl.RaftServerImpl (RaftServerImpl.java:setRole(171)) - 414b61dd-dc64-4170-a4f7-ed46231621a1:group-611809191AE8 changes role from CANDIDATE to LEADER at term 1 for changeToLeader
2019-09-20 14:30:13,918 [414b61dd-dc64-4170-a4f7-ed46231621a1:group-611809191AE8:LeaderElection4] INFO  impl.RaftServerImpl (ServerState.java:setLeader(263)) - 414b61dd-dc64-4170-a4f7-ed46231621a1:group-611809191AE8 change Leader from null to 414b61dd-dc64-4170-a4f7-ed46231621a1 at term 1 for becomeLeader, leader elected after 5208ms
2019-09-20 14:30:13,918 [414b61dd-dc64-4170-a4f7-ed46231621a1:group-611809191AE8:LeaderElection4] INFO  server.RaftServerConfigKeys (ConfUtils.java:logGet(43)) - raft.server.staging.catchup.gap = 1000 (default)
2019-09-20 14:30:13,918 [414b61dd-dc64-4170-a4f7-ed46231621a1:group-611809191AE8:LeaderElection4] INFO  server.RaftServerConfigKeys (ConfUtils.java:logGet(43)) - raft.server.rpc.sleep.time = 25ms (default)
2019-09-20 14:30:13,919 [414b61dd-dc64-4170-a4f7-ed46231621a1:group-611809191AE8:LeaderElection4] INFO  server.RaftServerConfigKeys (ConfUtils.java:logGet(43)) - raft.server.write.element-limit = 4096 (default)
2019-09-20 14:30:13,919 [414b61dd-dc64-4170-a4f7-ed46231621a1:group-611809191AE8:LeaderElection4] INFO  server.RaftServerConfigKeys (ConfUtils.java:logGet(43)) - raft.server.watch.timeout = 10s (default)
2019-09-20 14:30:13,919 [414b61dd-dc64-4170-a4f7-ed46231621a1:group-611809191AE8:LeaderElection4] INFO  server.RaftServerConfigKeys (ConfUtils.java:logGet(43)) - raft.server.watch.timeout.denomination = 1s (default)
2019-09-20 14:30:13,919 [414b61dd-dc64-4170-a4f7-ed46231621a1:group-611809191AE8:LeaderElection4] INFO  server.RaftServerConfigKeys (ConfUtils.java:logGet(43)) - raft.server.watch.element-limit = 65536 (default)
2019-09-20 14:30:13,920 [414b61dd-dc64-4170-a4f7-ed46231621a1:group-611809191AE8:LeaderElection4] INFO  impl.RoleInfo (RoleInfo.java:updateAndGet(143)) - 414b61dd-dc64-4170-a4f7-ed46231621a1: start LeaderState
2019-09-20 14:30:13,920 [414b61dd-dc64-4170-a4f7-ed46231621a1:group-611809191AE8:LeaderElection4] INFO  segmented.SegmentedRaftLogWorker (SegmentedRaftLogWorker.java:startLogSegment(380)) - 414b61dd-dc64-4170-a4f7-ed46231621a1-SegmentedRaftLogWorker:Storage Directory /workdir/hadoop-ozone/tools/target/test-dir/MiniOzoneClusterImpl-d73f9dc2-2858-4e9b-b98c-6f8fa2850d63/datanode-0/data/ratis/d99024fe-3689-4311-a505-611809191ae8: Starting segment from index:0
2019-09-20 14:30:13,921 [414b61dd-dc64-4170-a4f7-ed46231621a1:group-611809191AE8:LeaderElection4] INFO  impl.RaftServerImpl (ServerState.java:setRaftConf(361)) - 414b61dd-dc64-4170-a4f7-ed46231621a1:group-611809191AE8 set configuration 0: [414b61dd-dc64-4170-a4f7-ed46231621a1:192.168.36.99:38147], old=null at 0
2019-09-20 14:30:13,959 [Thread-221] INFO  impl.FollowerState (FollowerState.java:run(106)) - 01139844-247b-45d0-963c-91509834b20c:group-6B9B80BF8468 changes to CANDIDATE, lastRpcTime:5150, electionTimeout:5116ms
2019-09-20 14:30:13,961 [51c8ff27-873d-4cbb-8820-aa0ac2de17d7:group-98559090F793:LeaderElection5] INFO  impl.LeaderElection (LeaderElection.java:askForVotes(181)) - 51c8ff27-873d-4cbb-8820-aa0ac2de17d7:group-98559090F793:LeaderElection5: begin an election at term 1 for -1: [51c8ff27-873d-4cbb-8820-aa0ac2de17d7:192.168.36.99:37061], old=null
2019-09-20 14:30:13,961 [Thread-221] INFO  impl.RoleInfo (RoleInfo.java:shutdownFollowerState(121)) - 01139844-247b-45d0-963c-91509834b20c: shutdown FollowerState
2019-09-20 14:30:13,961 [51c8ff27-873d-4cbb-8820-aa0ac2de17d7:group-98559090F793:LeaderElection5] INFO  impl.RoleInfo (RoleInfo.java:shutdownLeaderElection(134)) - 51c8ff27-873d-4cbb-8820-aa0ac2de17d7: shutdown LeaderElection
2019-09-20 14:30:13,962 [Thread-221] INFO  impl.RaftServerImpl (RaftServerImpl.java:setRole(171)) - 01139844-247b-45d0-963c-91509834b20c:group-6B9B80BF8468 changes role from FOLLOWER to CANDIDATE at term 0 for changeToCandidate
2019-09-20 14:30:13,962 [51c8ff27-873d-4cbb-8820-aa0ac2de17d7:group-98559090F793:LeaderElection5] INFO  impl.RaftServerImpl (RaftServerImpl.java:setRole(171)) - 51c8ff27-873d-4cbb-8820-aa0ac2de17d7:group-98559090F793 changes role from CANDIDATE to LEADER at term 1 for changeToLeader
2019-09-20 14:30:13,962 [Thread-221] INFO  impl.RoleInfo (RoleInfo.java:updateAndGet(143)) - 01139844-247b-45d0-963c-91509834b20c: start LeaderElection
2019-09-20 14:30:13,962 [51c8ff27-873d-4cbb-8820-aa0ac2de17d7:group-98559090F793:LeaderElection5] INFO  impl.RaftServerImpl (ServerState.java:setLeader(263)) - 51c8ff27-873d-4cbb-8820-aa0ac2de17d7:group-98559090F793 change Leader from null to 51c8ff27-873d-4cbb-8820-aa0ac2de17d7 at term 1 for becomeLeader, leader elected after 5072ms
2019-09-20 14:30:13,965 [51c8ff27-873d-4cbb-8820-aa0ac2de17d7:group-98559090F793:LeaderElection5] INFO  server.RaftServerConfigKeys (ConfUtils.java:logGet(43)) - raft.server.staging.catchup.gap = 1000 (default)
2019-09-20 14:30:13,967 [51c8ff27-873d-4cbb-8820-aa0ac2de17d7:group-98559090F793:LeaderElection5] INFO  server.RaftServerConfigKeys (ConfUtils.java:logGet(43)) - raft.server.rpc.sleep.time = 25ms (default)
2019-09-20 14:30:13,967 [51c8ff27-873d-4cbb-8820-aa0ac2de17d7:group-98559090F793:LeaderElection5] INFO  server.RaftServerConfigKeys (ConfUtils.java:logGet(43)) - raft.server.write.element-limit = 4096 (default)
2019-09-20 14:30:13,967 [51c8ff27-873d-4cbb-8820-aa0ac2de17d7:group-98559090F793:LeaderElection5] INFO  server.RaftServerConfigKeys (ConfUtils.java:logGet(43)) - raft.server.watch.timeout = 10s (default)
2019-09-20 14:30:13,968 [51c8ff27-873d-4cbb-8820-aa0ac2de17d7:group-98559090F793:LeaderElection5] INFO  server.RaftServerConfigKeys (ConfUtils.java:logGet(43)) - raft.server.watch.timeout.denomination = 1s (default)
2019-09-20 14:30:13,968 [51c8ff27-873d-4cbb-8820-aa0ac2de17d7:group-98559090F793:LeaderElection5] INFO  server.RaftServerConfigKeys (ConfUtils.java:logGet(43)) - raft.server.watch.element-limit = 65536 (default)
2019-09-20 14:30:13,968 [51c8ff27-873d-4cbb-8820-aa0ac2de17d7:group-98559090F793:LeaderElection5] INFO  impl.RoleInfo (RoleInfo.java:updateAndGet(143)) - 51c8ff27-873d-4cbb-8820-aa0ac2de17d7: start LeaderState
2019-09-20 14:30:13,968 [51c8ff27-873d-4cbb-8820-aa0ac2de17d7:group-98559090F793:LeaderElection5] INFO  segmented.SegmentedRaftLogWorker (SegmentedRaftLogWorker.java:startLogSegment(380)) - 51c8ff27-873d-4cbb-8820-aa0ac2de17d7-SegmentedRaftLogWorker:Storage Directory /workdir/hadoop-ozone/tools/target/test-dir/MiniOzoneClusterImpl-d73f9dc2-2858-4e9b-b98c-6f8fa2850d63/datanode-2/data/ratis/aae2db9e-d1bf-4f47-b922-98559090f793: Starting segment from index:0
2019-09-20 14:30:13,969 [51c8ff27-873d-4cbb-8820-aa0ac2de17d7:group-98559090F793:LeaderElection5] INFO  impl.RaftServerImpl (ServerState.java:setRaftConf(361)) - 51c8ff27-873d-4cbb-8820-aa0ac2de17d7:group-98559090F793 set configuration 0: [51c8ff27-873d-4cbb-8820-aa0ac2de17d7:192.168.36.99:37061], old=null at 0
2019-09-20 14:30:13,998 [414b61dd-dc64-4170-a4f7-ed46231621a1-SegmentedRaftLogWorker:Storage Directory /workdir/hadoop-ozone/tools/target/test-dir/MiniOzoneClusterImpl-d73f9dc2-2858-4e9b-b98c-6f8fa2850d63/datanode-0/data/ratis/d99024fe-3689-4311-a505-611809191ae8] INFO  segmented.SegmentedRaftLogWorker (SegmentedRaftLogWorker.java:execute(569)) - 414b61dd-dc64-4170-a4f7-ed46231621a1-SegmentedRaftLogWorker:Storage Directory /workdir/hadoop-ozone/tools/target/test-dir/MiniOzoneClusterImpl-d73f9dc2-2858-4e9b-b98c-6f8fa2850d63/datanode-0/data/ratis/d99024fe-3689-4311-a505-611809191ae8: created new log segment /workdir/hadoop-ozone/tools/target/test-dir/MiniOzoneClusterImpl-d73f9dc2-2858-4e9b-b98c-6f8fa2850d63/datanode-0/data/ratis/d99024fe-3689-4311-a505-611809191ae8/current/log_inprogress_0
2019-09-20 14:30:13,998 [01139844-247b-45d0-963c-91509834b20c:group-6B9B80BF8468:LeaderElection6] INFO  impl.LeaderElection (LeaderElection.java:askForVotes(181)) - 01139844-247b-45d0-963c-91509834b20c:group-6B9B80BF8468:LeaderElection6: begin an election at term 1 for -1: [01139844-247b-45d0-963c-91509834b20c:192.168.36.99:40256], old=null
2019-09-20 14:30:13,998 [01139844-247b-45d0-963c-91509834b20c:group-6B9B80BF8468:LeaderElection6] INFO  impl.RoleInfo (RoleInfo.java:shutdownLeaderElection(134)) - 01139844-247b-45d0-963c-91509834b20c: shutdown LeaderElection
2019-09-20 14:30:13,998 [01139844-247b-45d0-963c-91509834b20c:group-6B9B80BF8468:LeaderElection6] INFO  impl.RaftServerImpl (RaftServerImpl.java:setRole(171)) - 01139844-247b-45d0-963c-91509834b20c:group-6B9B80BF8468 changes role from CANDIDATE to LEADER at term 1 for changeToLeader
2019-09-20 14:30:13,999 [01139844-247b-45d0-963c-91509834b20c:group-6B9B80BF8468:LeaderElection6] INFO  impl.RaftServerImpl (ServerState.java:setLeader(263)) - 01139844-247b-45d0-963c-91509834b20c:group-6B9B80BF8468 change Leader from null to 01139844-247b-45d0-963c-91509834b20c at term 1 for becomeLeader, leader elected after 5196ms
2019-09-20 14:30:13,999 [01139844-247b-45d0-963c-91509834b20c:group-6B9B80BF8468:LeaderElection6] INFO  server.RaftServerConfigKeys (ConfUtils.java:logGet(43)) - raft.server.staging.catchup.gap = 1000 (default)
2019-09-20 14:30:13,999 [01139844-247b-45d0-963c-91509834b20c:group-6B9B80BF8468:LeaderElection6] INFO  server.RaftServerConfigKeys (ConfUtils.java:logGet(43)) - raft.server.rpc.sleep.time = 25ms (default)
2019-09-20 14:30:13,999 [01139844-247b-45d0-963c-91509834b20c:group-6B9B80BF8468:LeaderElection6] INFO  server.RaftServerConfigKeys (ConfUtils.java:logGet(43)) - raft.server.write.element-limit = 4096 (default)
2019-09-20 14:30:13,999 [01139844-247b-45d0-963c-91509834b20c:group-6B9B80BF8468:LeaderElection6] INFO  server.RaftServerConfigKeys (ConfUtils.java:logGet(43)) - raft.server.watch.timeout = 10s (default)
2019-09-20 14:30:13,999 [01139844-247b-45d0-963c-91509834b20c:group-6B9B80BF8468:LeaderElection6] INFO  server.RaftServerConfigKeys (ConfUtils.java:logGet(43)) - raft.server.watch.timeout.denomination = 1s (default)
2019-09-20 14:30:13,999 [01139844-247b-45d0-963c-91509834b20c:group-6B9B80BF8468:LeaderElection6] INFO  server.RaftServerConfigKeys (ConfUtils.java:logGet(43)) - raft.server.watch.element-limit = 65536 (default)
2019-09-20 14:30:14,000 [01139844-247b-45d0-963c-91509834b20c:group-6B9B80BF8468:LeaderElection6] INFO  impl.RoleInfo (RoleInfo.java:updateAndGet(143)) - 01139844-247b-45d0-963c-91509834b20c: start LeaderState
2019-09-20 14:30:14,000 [01139844-247b-45d0-963c-91509834b20c:group-6B9B80BF8468:LeaderElection6] INFO  segmented.SegmentedRaftLogWorker (SegmentedRaftLogWorker.java:startLogSegment(380)) - 01139844-247b-45d0-963c-91509834b20c-SegmentedRaftLogWorker:Storage Directory /workdir/hadoop-ozone/tools/target/test-dir/MiniOzoneClusterImpl-d73f9dc2-2858-4e9b-b98c-6f8fa2850d63/datanode-1/data/ratis/bcc08614-a2af-4d27-ac53-6b9b80bf8468: Starting segment from index:0
2019-09-20 14:30:14,000 [01139844-247b-45d0-963c-91509834b20c:group-6B9B80BF8468:LeaderElection6] INFO  impl.RaftServerImpl (ServerState.java:setRaftConf(361)) - 01139844-247b-45d0-963c-91509834b20c:group-6B9B80BF8468 set configuration 0: [01139844-247b-45d0-963c-91509834b20c:192.168.36.99:40256], old=null at 0
2019-09-20 14:30:14,042 [01139844-247b-45d0-963c-91509834b20c-SegmentedRaftLogWorker:Storage Directory /workdir/hadoop-ozone/tools/target/test-dir/MiniOzoneClusterImpl-d73f9dc2-2858-4e9b-b98c-6f8fa2850d63/datanode-1/data/ratis/bcc08614-a2af-4d27-ac53-6b9b80bf8468] INFO  segmented.SegmentedRaftLogWorker (SegmentedRaftLogWorker.java:execute(569)) - 01139844-247b-45d0-963c-91509834b20c-SegmentedRaftLogWorker:Storage Directory /workdir/hadoop-ozone/tools/target/test-dir/MiniOzoneClusterImpl-d73f9dc2-2858-4e9b-b98c-6f8fa2850d63/datanode-1/data/ratis/bcc08614-a2af-4d27-ac53-6b9b80bf8468: created new log segment /workdir/hadoop-ozone/tools/target/test-dir/MiniOzoneClusterImpl-d73f9dc2-2858-4e9b-b98c-6f8fa2850d63/datanode-1/data/ratis/bcc08614-a2af-4d27-ac53-6b9b80bf8468/current/log_inprogress_0
2019-09-20 14:30:14,042 [51c8ff27-873d-4cbb-8820-aa0ac2de17d7-SegmentedRaftLogWorker:Storage Directory /workdir/hadoop-ozone/tools/target/test-dir/MiniOzoneClusterImpl-d73f9dc2-2858-4e9b-b98c-6f8fa2850d63/datanode-2/data/ratis/aae2db9e-d1bf-4f47-b922-98559090f793] INFO  segmented.SegmentedRaftLogWorker (SegmentedRaftLogWorker.java:execute(569)) - 51c8ff27-873d-4cbb-8820-aa0ac2de17d7-SegmentedRaftLogWorker:Storage Directory /workdir/hadoop-ozone/tools/target/test-dir/MiniOzoneClusterImpl-d73f9dc2-2858-4e9b-b98c-6f8fa2850d63/datanode-2/data/ratis/aae2db9e-d1bf-4f47-b922-98559090f793: created new log segment /workdir/hadoop-ozone/tools/target/test-dir/MiniOzoneClusterImpl-d73f9dc2-2858-4e9b-b98c-6f8fa2850d63/datanode-2/data/ratis/aae2db9e-d1bf-4f47-b922-98559090f793/current/log_inprogress_0
2019-09-20 14:30:14,084 | INFO  | SCMAudit | user=jenkins1000 | ip=192.168.36.99 | op=SEND_HEARTBEAT {datanodeUUID=414b61dd-dc64-4170-a4f7-ed46231621a1, command=[]} | ret=SUCCESS |  
2019-09-20 14:30:14,101 | INFO  | SCMAudit | user=jenkins1000 | ip=192.168.36.99 | op=SEND_HEARTBEAT {datanodeUUID=91f00b63-c6d2-4d34-b168-5848dae554d4, command=[]} | ret=SUCCESS |  
2019-09-20 14:30:14,128 [Thread-227] INFO  impl.FollowerState (FollowerState.java:run(106)) - 414b61dd-dc64-4170-a4f7-ed46231621a1:group-C01D888AA429 changes to CANDIDATE, lastRpcTime:5116, electionTimeout:5116ms
2019-09-20 14:30:14,130 [Thread-227] INFO  impl.RoleInfo (RoleInfo.java:shutdownFollowerState(121)) - 414b61dd-dc64-4170-a4f7-ed46231621a1: shutdown FollowerState
2019-09-20 14:30:14,130 [Thread-227] INFO  impl.RaftServerImpl (RaftServerImpl.java:setRole(171)) - 414b61dd-dc64-4170-a4f7-ed46231621a1:group-C01D888AA429 changes role from FOLLOWER to CANDIDATE at term 0 for changeToCandidate
2019-09-20 14:30:14,130 [Thread-230] INFO  impl.FollowerState (FollowerState.java:run(106)) - 414b61dd-dc64-4170-a4f7-ed46231621a1:group-ABB60877161F changes to CANDIDATE, lastRpcTime:5027, electionTimeout:5027ms
2019-09-20 14:30:14,132 [Thread-227] INFO  impl.RoleInfo (RoleInfo.java:updateAndGet(143)) - 414b61dd-dc64-4170-a4f7-ed46231621a1: start LeaderElection
2019-09-20 14:30:14,132 [Thread-230] INFO  impl.RoleInfo (RoleInfo.java:shutdownFollowerState(121)) - 414b61dd-dc64-4170-a4f7-ed46231621a1: shutdown FollowerState
2019-09-20 14:30:14,132 [Thread-230] INFO  impl.RaftServerImpl (RaftServerImpl.java:setRole(171)) - 414b61dd-dc64-4170-a4f7-ed46231621a1:group-ABB60877161F changes role from FOLLOWER to CANDIDATE at term 0 for changeToCandidate
2019-09-20 14:30:14,137 [Thread-230] INFO  impl.RoleInfo (RoleInfo.java:updateAndGet(143)) - 414b61dd-dc64-4170-a4f7-ed46231621a1: start LeaderElection
2019-09-20 14:30:14,168 [414b61dd-dc64-4170-a4f7-ed46231621a1:group-ABB60877161F:LeaderElection8] INFO  impl.LeaderElection (LeaderElection.java:askForVotes(181)) - 414b61dd-dc64-4170-a4f7-ed46231621a1:group-ABB60877161F:LeaderElection8: begin an election at term 1 for -1: [414b61dd-dc64-4170-a4f7-ed46231621a1:192.168.36.99:38147], old=null
2019-09-20 14:30:14,169 [414b61dd-dc64-4170-a4f7-ed46231621a1:group-C01D888AA429:LeaderElection7] INFO  impl.LeaderElection (LeaderElection.java:askForVotes(181)) - 414b61dd-dc64-4170-a4f7-ed46231621a1:group-C01D888AA429:LeaderElection7: begin an election at term 1 for -1: [414b61dd-dc64-4170-a4f7-ed46231621a1:192.168.36.99:38147], old=null
2019-09-20 14:30:14,169 [414b61dd-dc64-4170-a4f7-ed46231621a1:group-ABB60877161F:LeaderElection8] INFO  impl.RoleInfo (RoleInfo.java:shutdownLeaderElection(134)) - 414b61dd-dc64-4170-a4f7-ed46231621a1: shutdown LeaderElection
2019-09-20 14:30:14,169 [414b61dd-dc64-4170-a4f7-ed46231621a1:group-C01D888AA429:LeaderElection7] INFO  impl.RoleInfo (RoleInfo.java:shutdownLeaderElection(134)) - 414b61dd-dc64-4170-a4f7-ed46231621a1: shutdown LeaderElection
2019-09-20 14:30:14,169 [414b61dd-dc64-4170-a4f7-ed46231621a1:group-ABB60877161F:LeaderElection8] INFO  impl.RaftServerImpl (RaftServerImpl.java:setRole(171)) - 414b61dd-dc64-4170-a4f7-ed46231621a1:group-ABB60877161F changes role from CANDIDATE to LEADER at term 1 for changeToLeader
2019-09-20 14:30:14,169 [414b61dd-dc64-4170-a4f7-ed46231621a1:group-C01D888AA429:LeaderElection7] INFO  impl.RaftServerImpl (RaftServerImpl.java:setRole(171)) - 414b61dd-dc64-4170-a4f7-ed46231621a1:group-C01D888AA429 changes role from CANDIDATE to LEADER at term 1 for changeToLeader
2019-09-20 14:30:14,169 [414b61dd-dc64-4170-a4f7-ed46231621a1:group-ABB60877161F:LeaderElection8] INFO  impl.RaftServerImpl (ServerState.java:setLeader(263)) - 414b61dd-dc64-4170-a4f7-ed46231621a1:group-ABB60877161F change Leader from null to 414b61dd-dc64-4170-a4f7-ed46231621a1 at term 1 for becomeLeader, leader elected after 5074ms
2019-09-20 14:30:14,169 [414b61dd-dc64-4170-a4f7-ed46231621a1:group-C01D888AA429:LeaderElection7] INFO  impl.RaftServerImpl (ServerState.java:setLeader(263)) - 414b61dd-dc64-4170-a4f7-ed46231621a1:group-C01D888AA429 change Leader from null to 414b61dd-dc64-4170-a4f7-ed46231621a1 at term 1 for becomeLeader, leader elected after 5165ms
2019-09-20 14:30:14,170 [414b61dd-dc64-4170-a4f7-ed46231621a1:group-ABB60877161F:LeaderElection8] INFO  server.RaftServerConfigKeys (ConfUtils.java:logGet(43)) - raft.server.staging.catchup.gap = 1000 (default)
2019-09-20 14:30:14,170 [414b61dd-dc64-4170-a4f7-ed46231621a1:group-C01D888AA429:LeaderElection7] INFO  server.RaftServerConfigKeys (ConfUtils.java:logGet(43)) - raft.server.staging.catchup.gap = 1000 (default)
2019-09-20 14:30:14,170 [414b61dd-dc64-4170-a4f7-ed46231621a1:group-ABB60877161F:LeaderElection8] INFO  server.RaftServerConfigKeys (ConfUtils.java:logGet(43)) - raft.server.rpc.sleep.time = 25ms (default)
2019-09-20 14:30:14,170 [414b61dd-dc64-4170-a4f7-ed46231621a1:group-C01D888AA429:LeaderElection7] INFO  server.RaftServerConfigKeys (ConfUtils.java:logGet(43)) - raft.server.rpc.sleep.time = 25ms (default)
2019-09-20 14:30:14,170 [414b61dd-dc64-4170-a4f7-ed46231621a1:group-ABB60877161F:LeaderElection8] INFO  server.RaftServerConfigKeys (ConfUtils.java:logGet(43)) - raft.server.write.element-limit = 4096 (default)
2019-09-20 14:30:14,171 [414b61dd-dc64-4170-a4f7-ed46231621a1:group-C01D888AA429:LeaderElection7] INFO  server.RaftServerConfigKeys (ConfUtils.java:logGet(43)) - raft.server.write.element-limit = 4096 (default)
2019-09-20 14:30:14,171 [414b61dd-dc64-4170-a4f7-ed46231621a1:group-ABB60877161F:LeaderElection8] INFO  server.RaftServerConfigKeys (ConfUtils.java:logGet(43)) - raft.server.watch.timeout = 10s (default)
2019-09-20 14:30:14,171 [414b61dd-dc64-4170-a4f7-ed46231621a1:group-C01D888AA429:LeaderElection7] INFO  server.RaftServerConfigKeys (ConfUtils.java:logGet(43)) - raft.server.watch.timeout = 10s (default)
2019-09-20 14:30:14,171 [414b61dd-dc64-4170-a4f7-ed46231621a1:group-ABB60877161F:LeaderElection8] INFO  server.RaftServerConfigKeys (ConfUtils.java:logGet(43)) - raft.server.watch.timeout.denomination = 1s (default)
2019-09-20 14:30:14,171 [414b61dd-dc64-4170-a4f7-ed46231621a1:group-C01D888AA429:LeaderElection7] INFO  server.RaftServerConfigKeys (ConfUtils.java:logGet(43)) - raft.server.watch.timeout.denomination = 1s (default)
2019-09-20 14:30:14,171 [414b61dd-dc64-4170-a4f7-ed46231621a1:group-ABB60877161F:LeaderElection8] INFO  server.RaftServerConfigKeys (ConfUtils.java:logGet(43)) - raft.server.watch.element-limit = 65536 (default)
2019-09-20 14:30:14,172 [414b61dd-dc64-4170-a4f7-ed46231621a1:group-C01D888AA429:LeaderElection7] INFO  server.RaftServerConfigKeys (ConfUtils.java:logGet(43)) - raft.server.watch.element-limit = 65536 (default)
2019-09-20 14:30:14,172 [414b61dd-dc64-4170-a4f7-ed46231621a1:group-ABB60877161F:LeaderElection8] INFO  impl.RoleInfo (RoleInfo.java:updateAndGet(143)) - 414b61dd-dc64-4170-a4f7-ed46231621a1: start LeaderState
2019-09-20 14:30:14,172 [414b61dd-dc64-4170-a4f7-ed46231621a1:group-C01D888AA429:LeaderElection7] INFO  impl.RoleInfo (RoleInfo.java:updateAndGet(143)) - 414b61dd-dc64-4170-a4f7-ed46231621a1: start LeaderState
2019-09-20 14:30:14,172 [414b61dd-dc64-4170-a4f7-ed46231621a1:group-ABB60877161F:LeaderElection8] INFO  segmented.SegmentedRaftLogWorker (SegmentedRaftLogWorker.java:startLogSegment(380)) - 414b61dd-dc64-4170-a4f7-ed46231621a1-SegmentedRaftLogWorker:Storage Directory /workdir/hadoop-ozone/tools/target/test-dir/MiniOzoneClusterImpl-d73f9dc2-2858-4e9b-b98c-6f8fa2850d63/datanode-0/data/ratis/a9547818-f897-4f8e-b8bc-abb60877161f: Starting segment from index:0
2019-09-20 14:30:14,172 [414b61dd-dc64-4170-a4f7-ed46231621a1:group-C01D888AA429:LeaderElection7] INFO  segmented.SegmentedRaftLogWorker (SegmentedRaftLogWorker.java:startLogSegment(380)) - 414b61dd-dc64-4170-a4f7-ed46231621a1-SegmentedRaftLogWorker:Storage Directory /workdir/hadoop-ozone/tools/target/test-dir/MiniOzoneClusterImpl-d73f9dc2-2858-4e9b-b98c-6f8fa2850d63/datanode-0/data/ratis/d39fefef-ca57-4374-ba6f-c01d888aa429: Starting segment from index:0
2019-09-20 14:30:14,173 [414b61dd-dc64-4170-a4f7-ed46231621a1:group-ABB60877161F:LeaderElection8] INFO  impl.RaftServerImpl (ServerState.java:setRaftConf(361)) - 414b61dd-dc64-4170-a4f7-ed46231621a1:group-ABB60877161F set configuration 0: [414b61dd-dc64-4170-a4f7-ed46231621a1:192.168.36.99:38147], old=null at 0
2019-09-20 14:30:14,209 [414b61dd-dc64-4170-a4f7-ed46231621a1:group-C01D888AA429:LeaderElection7] INFO  impl.RaftServerImpl (ServerState.java:setRaftConf(361)) - 414b61dd-dc64-4170-a4f7-ed46231621a1:group-C01D888AA429 set configuration 0: [414b61dd-dc64-4170-a4f7-ed46231621a1:192.168.36.99:38147], old=null at 0
2019-09-20 14:30:14,249 [414b61dd-dc64-4170-a4f7-ed46231621a1-SegmentedRaftLogWorker:Storage Directory /workdir/hadoop-ozone/tools/target/test-dir/MiniOzoneClusterImpl-d73f9dc2-2858-4e9b-b98c-6f8fa2850d63/datanode-0/data/ratis/a9547818-f897-4f8e-b8bc-abb60877161f] INFO  segmented.SegmentedRaftLogWorker (SegmentedRaftLogWorker.java:execute(569)) - 414b61dd-dc64-4170-a4f7-ed46231621a1-SegmentedRaftLogWorker:Storage Directory /workdir/hadoop-ozone/tools/target/test-dir/MiniOzoneClusterImpl-d73f9dc2-2858-4e9b-b98c-6f8fa2850d63/datanode-0/data/ratis/a9547818-f897-4f8e-b8bc-abb60877161f: created new log segment /workdir/hadoop-ozone/tools/target/test-dir/MiniOzoneClusterImpl-d73f9dc2-2858-4e9b-b98c-6f8fa2850d63/datanode-0/data/ratis/a9547818-f897-4f8e-b8bc-abb60877161f/current/log_inprogress_0
2019-09-20 14:30:14,249 [414b61dd-dc64-4170-a4f7-ed46231621a1-SegmentedRaftLogWorker:Storage Directory /workdir/hadoop-ozone/tools/target/test-dir/MiniOzoneClusterImpl-d73f9dc2-2858-4e9b-b98c-6f8fa2850d63/datanode-0/data/ratis/d39fefef-ca57-4374-ba6f-c01d888aa429] INFO  segmented.SegmentedRaftLogWorker (SegmentedRaftLogWorker.java:execute(569)) - 414b61dd-dc64-4170-a4f7-ed46231621a1-SegmentedRaftLogWorker:Storage Directory /workdir/hadoop-ozone/tools/target/test-dir/MiniOzoneClusterImpl-d73f9dc2-2858-4e9b-b98c-6f8fa2850d63/datanode-0/data/ratis/d39fefef-ca57-4374-ba6f-c01d888aa429: created new log segment /workdir/hadoop-ozone/tools/target/test-dir/MiniOzoneClusterImpl-d73f9dc2-2858-4e9b-b98c-6f8fa2850d63/datanode-0/data/ratis/d39fefef-ca57-4374-ba6f-c01d888aa429/current/log_inprogress_0
2019-09-20 14:30:14,259 | INFO  | SCMAudit | user=jenkins1000 | ip=192.168.36.99 | op=SEND_HEARTBEAT {datanodeUUID=8a1a3fc2-2e5e-451c-bb07-3011db4e4137, command=[]} | ret=SUCCESS |  
2019-09-20 14:30:14,266 [Thread-233] INFO  impl.FollowerState (FollowerState.java:run(106)) - 91f00b63-c6d2-4d34-b168-5848dae554d4:group-92A0057EB54E changes to CANDIDATE, lastRpcTime:5061, electionTimeout:5061ms
2019-09-20 14:30:14,268 [Thread-233] INFO  impl.RoleInfo (RoleInfo.java:shutdownFollowerState(121)) - 91f00b63-c6d2-4d34-b168-5848dae554d4: shutdown FollowerState
2019-09-20 14:30:14,268 [Thread-233] INFO  impl.RaftServerImpl (RaftServerImpl.java:setRole(171)) - 91f00b63-c6d2-4d34-b168-5848dae554d4:group-92A0057EB54E changes role from FOLLOWER to CANDIDATE at term 0 for changeToCandidate
2019-09-20 14:30:14,268 [Thread-233] INFO  impl.RoleInfo (RoleInfo.java:updateAndGet(143)) - 91f00b63-c6d2-4d34-b168-5848dae554d4: start LeaderElection
2019-09-20 14:30:14,291 [91f00b63-c6d2-4d34-b168-5848dae554d4:group-92A0057EB54E:LeaderElection9] INFO  impl.LeaderElection (LeaderElection.java:askForVotes(181)) - 91f00b63-c6d2-4d34-b168-5848dae554d4:group-92A0057EB54E:LeaderElection9: begin an election at term 1 for -1: [91f00b63-c6d2-4d34-b168-5848dae554d4:192.168.36.99:38636], old=null
2019-09-20 14:30:14,292 [91f00b63-c6d2-4d34-b168-5848dae554d4:group-92A0057EB54E:LeaderElection9] INFO  impl.RoleInfo (RoleInfo.java:shutdownLeaderElection(134)) - 91f00b63-c6d2-4d34-b168-5848dae554d4: shutdown LeaderElection
2019-09-20 14:30:14,293 [91f00b63-c6d2-4d34-b168-5848dae554d4:group-92A0057EB54E:LeaderElection9] INFO  impl.RaftServerImpl (RaftServerImpl.java:setRole(171)) - 91f00b63-c6d2-4d34-b168-5848dae554d4:group-92A0057EB54E changes role from CANDIDATE to LEADER at term 1 for changeToLeader
2019-09-20 14:30:14,293 [91f00b63-c6d2-4d34-b168-5848dae554d4:group-92A0057EB54E:LeaderElection9] INFO  impl.RaftServerImpl (ServerState.java:setLeader(263)) - 91f00b63-c6d2-4d34-b168-5848dae554d4:group-92A0057EB54E change Leader from null to 91f00b63-c6d2-4d34-b168-5848dae554d4 at term 1 for becomeLeader, leader elected after 5094ms
2019-09-20 14:30:14,295 [91f00b63-c6d2-4d34-b168-5848dae554d4:group-92A0057EB54E:LeaderElection9] INFO  server.RaftServerConfigKeys (ConfUtils.java:logGet(43)) - raft.server.staging.catchup.gap = 1000 (default)
2019-09-20 14:30:14,295 [91f00b63-c6d2-4d34-b168-5848dae554d4:group-92A0057EB54E:LeaderElection9] INFO  server.RaftServerConfigKeys (ConfUtils.java:logGet(43)) - raft.server.rpc.sleep.time = 25ms (default)
2019-09-20 14:30:14,295 [91f00b63-c6d2-4d34-b168-5848dae554d4:group-92A0057EB54E:LeaderElection9] INFO  server.RaftServerConfigKeys (ConfUtils.java:logGet(43)) - raft.server.write.element-limit = 4096 (default)
2019-09-20 14:30:14,296 [91f00b63-c6d2-4d34-b168-5848dae554d4:group-92A0057EB54E:LeaderElection9] INFO  server.RaftServerConfigKeys (ConfUtils.java:logGet(43)) - raft.server.watch.timeout = 10s (default)
2019-09-20 14:30:14,296 [91f00b63-c6d2-4d34-b168-5848dae554d4:group-92A0057EB54E:LeaderElection9] INFO  server.RaftServerConfigKeys (ConfUtils.java:logGet(43)) - raft.server.watch.timeout.denomination = 1s (default)
2019-09-20 14:30:14,296 [91f00b63-c6d2-4d34-b168-5848dae554d4:group-92A0057EB54E:LeaderElection9] INFO  server.RaftServerConfigKeys (ConfUtils.java:logGet(43)) - raft.server.watch.element-limit = 65536 (default)
2019-09-20 14:30:14,296 [91f00b63-c6d2-4d34-b168-5848dae554d4:group-92A0057EB54E:LeaderElection9] INFO  impl.RoleInfo (RoleInfo.java:updateAndGet(143)) - 91f00b63-c6d2-4d34-b168-5848dae554d4: start LeaderState
2019-09-20 14:30:14,297 [91f00b63-c6d2-4d34-b168-5848dae554d4:group-92A0057EB54E:LeaderElection9] INFO  segmented.SegmentedRaftLogWorker (SegmentedRaftLogWorker.java:startLogSegment(380)) - 91f00b63-c6d2-4d34-b168-5848dae554d4-SegmentedRaftLogWorker:Storage Directory /workdir/hadoop-ozone/tools/target/test-dir/MiniOzoneClusterImpl-d73f9dc2-2858-4e9b-b98c-6f8fa2850d63/datanode-3/data/ratis/a37bc9c7-05e0-4ee3-823e-92a0057eb54e: Starting segment from index:0
2019-09-20 14:30:14,297 [91f00b63-c6d2-4d34-b168-5848dae554d4:group-92A0057EB54E:LeaderElection9] INFO  impl.RaftServerImpl (ServerState.java:setRaftConf(361)) - 91f00b63-c6d2-4d34-b168-5848dae554d4:group-92A0057EB54E set configuration 0: [91f00b63-c6d2-4d34-b168-5848dae554d4:192.168.36.99:38636], old=null at 0
2019-09-20 14:30:14,332 [Thread-236] INFO  impl.FollowerState (FollowerState.java:run(106)) - 414b61dd-dc64-4170-a4f7-ed46231621a1:group-78D931843225 changes to CANDIDATE, lastRpcTime:5038, electionTimeout:5012ms
2019-09-20 14:30:14,332 [Thread-236] INFO  impl.RoleInfo (RoleInfo.java:shutdownFollowerState(121)) - 414b61dd-dc64-4170-a4f7-ed46231621a1: shutdown FollowerState
2019-09-20 14:30:14,332 [Thread-236] INFO  impl.RaftServerImpl (RaftServerImpl.java:setRole(171)) - 414b61dd-dc64-4170-a4f7-ed46231621a1:group-78D931843225 changes role from FOLLOWER to CANDIDATE at term 0 for changeToCandidate
2019-09-20 14:30:14,332 [Thread-236] INFO  impl.RoleInfo (RoleInfo.java:updateAndGet(143)) - 414b61dd-dc64-4170-a4f7-ed46231621a1: start LeaderElection
2019-09-20 14:30:14,341 | INFO  | SCMAudit | user=jenkins1000 | ip=192.168.36.99 | op=SEND_HEARTBEAT {datanodeUUID=01139844-247b-45d0-963c-91509834b20c, command=[]} | ret=SUCCESS |  
2019-09-20 14:30:14,371 [91f00b63-c6d2-4d34-b168-5848dae554d4-SegmentedRaftLogWorker:Storage Directory /workdir/hadoop-ozone/tools/target/test-dir/MiniOzoneClusterImpl-d73f9dc2-2858-4e9b-b98c-6f8fa2850d63/datanode-3/data/ratis/a37bc9c7-05e0-4ee3-823e-92a0057eb54e] INFO  segmented.SegmentedRaftLogWorker (SegmentedRaftLogWorker.java:execute(569)) - 91f00b63-c6d2-4d34-b168-5848dae554d4-SegmentedRaftLogWorker:Storage Directory /workdir/hadoop-ozone/tools/target/test-dir/MiniOzoneClusterImpl-d73f9dc2-2858-4e9b-b98c-6f8fa2850d63/datanode-3/data/ratis/a37bc9c7-05e0-4ee3-823e-92a0057eb54e: created new log segment /workdir/hadoop-ozone/tools/target/test-dir/MiniOzoneClusterImpl-d73f9dc2-2858-4e9b-b98c-6f8fa2850d63/datanode-3/data/ratis/a37bc9c7-05e0-4ee3-823e-92a0057eb54e/current/log_inprogress_0
2019-09-20 14:30:14,371 [414b61dd-dc64-4170-a4f7-ed46231621a1:group-78D931843225:LeaderElection10] INFO  impl.LeaderElection (LeaderElection.java:askForVotes(181)) - 414b61dd-dc64-4170-a4f7-ed46231621a1:group-78D931843225:LeaderElection10: begin an election at term 1 for -1: [414b61dd-dc64-4170-a4f7-ed46231621a1:192.168.36.99:38147], old=null
2019-09-20 14:30:14,372 [414b61dd-dc64-4170-a4f7-ed46231621a1:group-78D931843225:LeaderElection10] INFO  impl.RoleInfo (RoleInfo.java:shutdownLeaderElection(134)) - 414b61dd-dc64-4170-a4f7-ed46231621a1: shutdown LeaderElection
2019-09-20 14:30:14,372 [414b61dd-dc64-4170-a4f7-ed46231621a1:group-78D931843225:LeaderElection10] INFO  impl.RaftServerImpl (RaftServerImpl.java:setRole(171)) - 414b61dd-dc64-4170-a4f7-ed46231621a1:group-78D931843225 changes role from CANDIDATE to LEADER at term 1 for changeToLeader
2019-09-20 14:30:14,372 [414b61dd-dc64-4170-a4f7-ed46231621a1:group-78D931843225:LeaderElection10] INFO  impl.RaftServerImpl (ServerState.java:setLeader(263)) - 414b61dd-dc64-4170-a4f7-ed46231621a1:group-78D931843225 change Leader from null to 414b61dd-dc64-4170-a4f7-ed46231621a1 at term 1 for becomeLeader, leader elected after 5084ms
2019-09-20 14:30:14,372 [414b61dd-dc64-4170-a4f7-ed46231621a1:group-78D931843225:LeaderElection10] INFO  server.RaftServerConfigKeys (ConfUtils.java:logGet(43)) - raft.server.staging.catchup.gap = 1000 (default)
2019-09-20 14:30:14,372 [414b61dd-dc64-4170-a4f7-ed46231621a1:group-78D931843225:LeaderElection10] INFO  server.RaftServerConfigKeys (ConfUtils.java:logGet(43)) - raft.server.rpc.sleep.time = 25ms (default)
2019-09-20 14:30:14,372 [414b61dd-dc64-4170-a4f7-ed46231621a1:group-78D931843225:LeaderElection10] INFO  server.RaftServerConfigKeys (ConfUtils.java:logGet(43)) - raft.server.write.element-limit = 4096 (default)
2019-09-20 14:30:14,373 [414b61dd-dc64-4170-a4f7-ed46231621a1:group-78D931843225:LeaderElection10] INFO  server.RaftServerConfigKeys (ConfUtils.java:logGet(43)) - raft.server.watch.timeout = 10s (default)
2019-09-20 14:30:14,373 [414b61dd-dc64-4170-a4f7-ed46231621a1:group-78D931843225:LeaderElection10] INFO  server.RaftServerConfigKeys (ConfUtils.java:logGet(43)) - raft.server.watch.timeout.denomination = 1s (default)
2019-09-20 14:30:14,373 [414b61dd-dc64-4170-a4f7-ed46231621a1:group-78D931843225:LeaderElection10] INFO  server.RaftServerConfigKeys (ConfUtils.java:logGet(43)) - raft.server.watch.element-limit = 65536 (default)
2019-09-20 14:30:14,373 [414b61dd-dc64-4170-a4f7-ed46231621a1:group-78D931843225:LeaderElection10] INFO  impl.RoleInfo (RoleInfo.java:updateAndGet(143)) - 414b61dd-dc64-4170-a4f7-ed46231621a1: start LeaderState
2019-09-20 14:30:14,373 [414b61dd-dc64-4170-a4f7-ed46231621a1:group-78D931843225:LeaderElection10] INFO  segmented.SegmentedRaftLogWorker (SegmentedRaftLogWorker.java:startLogSegment(380)) - 414b61dd-dc64-4170-a4f7-ed46231621a1-SegmentedRaftLogWorker:Storage Directory /workdir/hadoop-ozone/tools/target/test-dir/MiniOzoneClusterImpl-d73f9dc2-2858-4e9b-b98c-6f8fa2850d63/datanode-0/data/ratis/3b8b3009-45f6-4416-8946-78d931843225: Starting segment from index:0
2019-09-20 14:30:14,374 [414b61dd-dc64-4170-a4f7-ed46231621a1:group-78D931843225:LeaderElection10] INFO  impl.RaftServerImpl (ServerState.java:setRaftConf(361)) - 414b61dd-dc64-4170-a4f7-ed46231621a1:group-78D931843225 set configuration 0: [414b61dd-dc64-4170-a4f7-ed46231621a1:192.168.36.99:38147], old=null at 0
2019-09-20 14:30:14,426 [Thread-240] INFO  impl.FollowerState (FollowerState.java:run(106)) - 51c8ff27-873d-4cbb-8820-aa0ac2de17d7:group-22C71B235DE1 changes to CANDIDATE, lastRpcTime:5021, electionTimeout:5021ms
2019-09-20 14:30:14,433 [Thread-240] INFO  impl.RoleInfo (RoleInfo.java:shutdownFollowerState(121)) - 51c8ff27-873d-4cbb-8820-aa0ac2de17d7: shutdown FollowerState
2019-09-20 14:30:14,433 [Thread-240] INFO  impl.RaftServerImpl (RaftServerImpl.java:setRole(171)) - 51c8ff27-873d-4cbb-8820-aa0ac2de17d7:group-22C71B235DE1 changes role from FOLLOWER to CANDIDATE at term 0 for changeToCandidate
2019-09-20 14:30:14,433 [414b61dd-dc64-4170-a4f7-ed46231621a1-SegmentedRaftLogWorker:Storage Directory /workdir/hadoop-ozone/tools/target/test-dir/MiniOzoneClusterImpl-d73f9dc2-2858-4e9b-b98c-6f8fa2850d63/datanode-0/data/ratis/3b8b3009-45f6-4416-8946-78d931843225] INFO  segmented.SegmentedRaftLogWorker (SegmentedRaftLogWorker.java:execute(569)) - 414b61dd-dc64-4170-a4f7-ed46231621a1-SegmentedRaftLogWorker:Storage Directory /workdir/hadoop-ozone/tools/target/test-dir/MiniOzoneClusterImpl-d73f9dc2-2858-4e9b-b98c-6f8fa2850d63/datanode-0/data/ratis/3b8b3009-45f6-4416-8946-78d931843225: created new log segment /workdir/hadoop-ozone/tools/target/test-dir/MiniOzoneClusterImpl-d73f9dc2-2858-4e9b-b98c-6f8fa2850d63/datanode-0/data/ratis/3b8b3009-45f6-4416-8946-78d931843225/current/log_inprogress_0
2019-09-20 14:30:14,433 [Thread-240] INFO  impl.RoleInfo (RoleInfo.java:updateAndGet(143)) - 51c8ff27-873d-4cbb-8820-aa0ac2de17d7: start LeaderElection
2019-09-20 14:30:14,461 [51c8ff27-873d-4cbb-8820-aa0ac2de17d7:group-22C71B235DE1:LeaderElection11] INFO  impl.LeaderElection (LeaderElection.java:askForVotes(181)) - 51c8ff27-873d-4cbb-8820-aa0ac2de17d7:group-22C71B235DE1:LeaderElection11: begin an election at term 1 for -1: [51c8ff27-873d-4cbb-8820-aa0ac2de17d7:192.168.36.99:37061], old=null
2019-09-20 14:30:14,462 [51c8ff27-873d-4cbb-8820-aa0ac2de17d7:group-22C71B235DE1:LeaderElection11] INFO  impl.RoleInfo (RoleInfo.java:shutdownLeaderElection(134)) - 51c8ff27-873d-4cbb-8820-aa0ac2de17d7: shutdown LeaderElection
2019-09-20 14:30:14,462 [51c8ff27-873d-4cbb-8820-aa0ac2de17d7:group-22C71B235DE1:LeaderElection11] INFO  impl.RaftServerImpl (RaftServerImpl.java:setRole(171)) - 51c8ff27-873d-4cbb-8820-aa0ac2de17d7:group-22C71B235DE1 changes role from CANDIDATE to LEADER at term 1 for changeToLeader
2019-09-20 14:30:14,462 [51c8ff27-873d-4cbb-8820-aa0ac2de17d7:group-22C71B235DE1:LeaderElection11] INFO  impl.RaftServerImpl (ServerState.java:setLeader(263)) - 51c8ff27-873d-4cbb-8820-aa0ac2de17d7:group-22C71B235DE1 change Leader from null to 51c8ff27-873d-4cbb-8820-aa0ac2de17d7 at term 1 for becomeLeader, leader elected after 5062ms
2019-09-20 14:30:14,462 [51c8ff27-873d-4cbb-8820-aa0ac2de17d7:group-22C71B235DE1:LeaderElection11] INFO  server.RaftServerConfigKeys (ConfUtils.java:logGet(43)) - raft.server.staging.catchup.gap = 1000 (default)
2019-09-20 14:30:14,462 [51c8ff27-873d-4cbb-8820-aa0ac2de17d7:group-22C71B235DE1:LeaderElection11] INFO  server.RaftServerConfigKeys (ConfUtils.java:logGet(43)) - raft.server.rpc.sleep.time = 25ms (default)
2019-09-20 14:30:14,462 [51c8ff27-873d-4cbb-8820-aa0ac2de17d7:group-22C71B235DE1:LeaderElection11] INFO  server.RaftServerConfigKeys (ConfUtils.java:logGet(43)) - raft.server.write.element-limit = 4096 (default)
2019-09-20 14:30:14,463 [51c8ff27-873d-4cbb-8820-aa0ac2de17d7:group-22C71B235DE1:LeaderElection11] INFO  server.RaftServerConfigKeys (ConfUtils.java:logGet(43)) - raft.server.watch.timeout = 10s (default)
2019-09-20 14:30:14,463 [51c8ff27-873d-4cbb-8820-aa0ac2de17d7:group-22C71B235DE1:LeaderElection11] INFO  server.RaftServerConfigKeys (ConfUtils.java:logGet(43)) - raft.server.watch.timeout.denomination = 1s (default)
2019-09-20 14:30:14,463 [51c8ff27-873d-4cbb-8820-aa0ac2de17d7:group-22C71B235DE1:LeaderElection11] INFO  server.RaftServerConfigKeys (ConfUtils.java:logGet(43)) - raft.server.watch.element-limit = 65536 (default)
2019-09-20 14:30:14,463 [51c8ff27-873d-4cbb-8820-aa0ac2de17d7:group-22C71B235DE1:LeaderElection11] INFO  impl.RoleInfo (RoleInfo.java:updateAndGet(143)) - 51c8ff27-873d-4cbb-8820-aa0ac2de17d7: start LeaderState
2019-09-20 14:30:14,464 [51c8ff27-873d-4cbb-8820-aa0ac2de17d7:group-22C71B235DE1:LeaderElection11] INFO  segmented.SegmentedRaftLogWorker (SegmentedRaftLogWorker.java:startLogSegment(380)) - 51c8ff27-873d-4cbb-8820-aa0ac2de17d7-SegmentedRaftLogWorker:Storage Directory /workdir/hadoop-ozone/tools/target/test-dir/MiniOzoneClusterImpl-d73f9dc2-2858-4e9b-b98c-6f8fa2850d63/datanode-2/data/ratis/bae19c3c-7e51-47fb-ad34-22c71b235de1: Starting segment from index:0
2019-09-20 14:30:14,465 [51c8ff27-873d-4cbb-8820-aa0ac2de17d7:group-22C71B235DE1:LeaderElection11] INFO  impl.RaftServerImpl (ServerState.java:setRaftConf(361)) - 51c8ff27-873d-4cbb-8820-aa0ac2de17d7:group-22C71B235DE1 set configuration 0: [51c8ff27-873d-4cbb-8820-aa0ac2de17d7:192.168.36.99:37061], old=null at 0
2019-09-20 14:30:14,522 [Thread-243] INFO  impl.FollowerState (FollowerState.java:run(106)) - 414b61dd-dc64-4170-a4f7-ed46231621a1:group-B209E0376B7C changes to CANDIDATE, lastRpcTime:5039, electionTimeout:5039ms
2019-09-20 14:30:14,522 [Thread-243] INFO  impl.RoleInfo (RoleInfo.java:shutdownFollowerState(121)) - 414b61dd-dc64-4170-a4f7-ed46231621a1: shutdown FollowerState
2019-09-20 14:30:14,522 [Thread-243] INFO  impl.RaftServerImpl (RaftServerImpl.java:setRole(171)) - 414b61dd-dc64-4170-a4f7-ed46231621a1:group-B209E0376B7C changes role from FOLLOWER to CANDIDATE at term 0 for changeToCandidate
2019-09-20 14:30:14,522 [Thread-243] INFO  impl.RoleInfo (RoleInfo.java:updateAndGet(143)) - 414b61dd-dc64-4170-a4f7-ed46231621a1: start LeaderElection
2019-09-20 14:30:14,545 [51c8ff27-873d-4cbb-8820-aa0ac2de17d7-SegmentedRaftLogWorker:Storage Directory /workdir/hadoop-ozone/tools/target/test-dir/MiniOzoneClusterImpl-d73f9dc2-2858-4e9b-b98c-6f8fa2850d63/datanode-2/data/ratis/bae19c3c-7e51-47fb-ad34-22c71b235de1] INFO  segmented.SegmentedRaftLogWorker (SegmentedRaftLogWorker.java:execute(569)) - 51c8ff27-873d-4cbb-8820-aa0ac2de17d7-SegmentedRaftLogWorker:Storage Directory /workdir/hadoop-ozone/tools/target/test-dir/MiniOzoneClusterImpl-d73f9dc2-2858-4e9b-b98c-6f8fa2850d63/datanode-2/data/ratis/bae19c3c-7e51-47fb-ad34-22c71b235de1: created new log segment /workdir/hadoop-ozone/tools/target/test-dir/MiniOzoneClusterImpl-d73f9dc2-2858-4e9b-b98c-6f8fa2850d63/datanode-2/data/ratis/bae19c3c-7e51-47fb-ad34-22c71b235de1/current/log_inprogress_0
2019-09-20 14:30:14,545 [414b61dd-dc64-4170-a4f7-ed46231621a1:group-B209E0376B7C:LeaderElection12] INFO  impl.LeaderElection (LeaderElection.java:askForVotes(181)) - 414b61dd-dc64-4170-a4f7-ed46231621a1:group-B209E0376B7C:LeaderElection12: begin an election at term 1 for -1: [414b61dd-dc64-4170-a4f7-ed46231621a1:192.168.36.99:38147], old=null
2019-09-20 14:30:14,545 [414b61dd-dc64-4170-a4f7-ed46231621a1:group-B209E0376B7C:LeaderElection12] INFO  impl.RoleInfo (RoleInfo.java:shutdownLeaderElection(134)) - 414b61dd-dc64-4170-a4f7-ed46231621a1: shutdown LeaderElection
2019-09-20 14:30:14,546 [414b61dd-dc64-4170-a4f7-ed46231621a1:group-B209E0376B7C:LeaderElection12] INFO  impl.RaftServerImpl (RaftServerImpl.java:setRole(171)) - 414b61dd-dc64-4170-a4f7-ed46231621a1:group-B209E0376B7C changes role from CANDIDATE to LEADER at term 1 for changeToLeader
2019-09-20 14:30:14,546 [414b61dd-dc64-4170-a4f7-ed46231621a1:group-B209E0376B7C:LeaderElection12] INFO  impl.RaftServerImpl (ServerState.java:setLeader(263)) - 414b61dd-dc64-4170-a4f7-ed46231621a1:group-B209E0376B7C change Leader from null to 414b61dd-dc64-4170-a4f7-ed46231621a1 at term 1 for becomeLeader, leader elected after 5069ms
2019-09-20 14:30:14,546 [414b61dd-dc64-4170-a4f7-ed46231621a1:group-B209E0376B7C:LeaderElection12] INFO  server.RaftServerConfigKeys (ConfUtils.java:logGet(43)) - raft.server.staging.catchup.gap = 1000 (default)
2019-09-20 14:30:14,546 [414b61dd-dc64-4170-a4f7-ed46231621a1:group-B209E0376B7C:LeaderElection12] INFO  server.RaftServerConfigKeys (ConfUtils.java:logGet(43)) - raft.server.rpc.sleep.time = 25ms (default)
2019-09-20 14:30:14,547 [414b61dd-dc64-4170-a4f7-ed46231621a1:group-B209E0376B7C:LeaderElection12] INFO  server.RaftServerConfigKeys (ConfUtils.java:logGet(43)) - raft.server.write.element-limit = 4096 (default)
2019-09-20 14:30:14,547 [414b61dd-dc64-4170-a4f7-ed46231621a1:group-B209E0376B7C:LeaderElection12] INFO  server.RaftServerConfigKeys (ConfUtils.java:logGet(43)) - raft.server.watch.timeout = 10s (default)
2019-09-20 14:30:14,547 [414b61dd-dc64-4170-a4f7-ed46231621a1:group-B209E0376B7C:LeaderElection12] INFO  server.RaftServerConfigKeys (ConfUtils.java:logGet(43)) - raft.server.watch.timeout.denomination = 1s (default)
2019-09-20 14:30:14,547 [414b61dd-dc64-4170-a4f7-ed46231621a1:group-B209E0376B7C:LeaderElection12] INFO  server.RaftServerConfigKeys (ConfUtils.java:logGet(43)) - raft.server.watch.element-limit = 65536 (default)
2019-09-20 14:30:14,548 [414b61dd-dc64-4170-a4f7-ed46231621a1:group-B209E0376B7C:LeaderElection12] INFO  impl.RoleInfo (RoleInfo.java:updateAndGet(143)) - 414b61dd-dc64-4170-a4f7-ed46231621a1: start LeaderState
2019-09-20 14:30:14,548 [414b61dd-dc64-4170-a4f7-ed46231621a1:group-B209E0376B7C:LeaderElection12] INFO  segmented.SegmentedRaftLogWorker (SegmentedRaftLogWorker.java:startLogSegment(380)) - 414b61dd-dc64-4170-a4f7-ed46231621a1-SegmentedRaftLogWorker:Storage Directory /workdir/hadoop-ozone/tools/target/test-dir/MiniOzoneClusterImpl-d73f9dc2-2858-4e9b-b98c-6f8fa2850d63/datanode-0/data/ratis/91d7f97b-74a9-47fa-8625-b209e0376b7c: Starting segment from index:0
2019-09-20 14:30:14,549 [414b61dd-dc64-4170-a4f7-ed46231621a1:group-B209E0376B7C:LeaderElection12] INFO  impl.RaftServerImpl (ServerState.java:setRaftConf(361)) - 414b61dd-dc64-4170-a4f7-ed46231621a1:group-B209E0376B7C set configuration 0: [414b61dd-dc64-4170-a4f7-ed46231621a1:192.168.36.99:38147], old=null at 0
2019-09-20 14:30:14,617 [414b61dd-dc64-4170-a4f7-ed46231621a1-SegmentedRaftLogWorker:Storage Directory /workdir/hadoop-ozone/tools/target/test-dir/MiniOzoneClusterImpl-d73f9dc2-2858-4e9b-b98c-6f8fa2850d63/datanode-0/data/ratis/91d7f97b-74a9-47fa-8625-b209e0376b7c] INFO  segmented.SegmentedRaftLogWorker (SegmentedRaftLogWorker.java:execute(569)) - 414b61dd-dc64-4170-a4f7-ed46231621a1-SegmentedRaftLogWorker:Storage Directory /workdir/hadoop-ozone/tools/target/test-dir/MiniOzoneClusterImpl-d73f9dc2-2858-4e9b-b98c-6f8fa2850d63/datanode-0/data/ratis/91d7f97b-74a9-47fa-8625-b209e0376b7c: created new log segment /workdir/hadoop-ozone/tools/target/test-dir/MiniOzoneClusterImpl-d73f9dc2-2858-4e9b-b98c-6f8fa2850d63/datanode-0/data/ratis/91d7f97b-74a9-47fa-8625-b209e0376b7c/current/log_inprogress_0
2019-09-20 14:30:14,623 | INFO  | SCMAudit | user=jenkins1000 | ip=192.168.36.99 | op=SEND_HEARTBEAT {datanodeUUID=51c8ff27-873d-4cbb-8820-aa0ac2de17d7, command=[]} | ret=SUCCESS |  
 100.00% |█████████████████████████████████████████████████████████████████████████████████████████████████████|  1/1 Time: 0:00:05
2019-09-20 14:30:14,742 [Thread-247] INFO  impl.FollowerState (FollowerState.java:run(106)) - 51c8ff27-873d-4cbb-8820-aa0ac2de17d7:group-BAFDA67635A6 changes to CANDIDATE, lastRpcTime:5153, electionTimeout:5153ms
2019-09-20 14:30:14,742 [Thread-247] INFO  impl.RoleInfo (RoleInfo.java:shutdownFollowerState(121)) - 51c8ff27-873d-4cbb-8820-aa0ac2de17d7: shutdown FollowerState
2019-09-20 14:30:14,742 [Thread-247] INFO  impl.RaftServerImpl (RaftServerImpl.java:setRole(171)) - 51c8ff27-873d-4cbb-8820-aa0ac2de17d7:group-BAFDA67635A6 changes role from FOLLOWER to CANDIDATE at term 0 for changeToCandidate
2019-09-20 14:30:14,743 [Thread-247] INFO  impl.RoleInfo (RoleInfo.java:updateAndGet(143)) - 51c8ff27-873d-4cbb-8820-aa0ac2de17d7: start LeaderElection
2019-09-20 14:30:14,774 [Thread-250] INFO  impl.FollowerState (FollowerState.java:run(106)) - 01139844-247b-45d0-963c-91509834b20c:group-9D9290FA995C changes to CANDIDATE, lastRpcTime:5097, electionTimeout:5097ms
2019-09-20 14:30:14,774 [Thread-250] INFO  impl.RoleInfo (RoleInfo.java:shutdownFollowerState(121)) - 01139844-247b-45d0-963c-91509834b20c: shutdown FollowerState
2019-09-20 14:30:14,774 [Thread-250] INFO  impl.RaftServerImpl (RaftServerImpl.java:setRole(171)) - 01139844-247b-45d0-963c-91509834b20c:group-9D9290FA995C changes role from FOLLOWER to CANDIDATE at term 0 for changeToCandidate
2019-09-20 14:30:14,775 [Thread-250] INFO  impl.RoleInfo (RoleInfo.java:updateAndGet(143)) - 01139844-247b-45d0-963c-91509834b20c: start LeaderElection
2019-09-20 14:30:14,782 [51c8ff27-873d-4cbb-8820-aa0ac2de17d7:group-BAFDA67635A6:LeaderElection13] INFO  impl.LeaderElection (LeaderElection.java:askForVotes(181)) - 51c8ff27-873d-4cbb-8820-aa0ac2de17d7:group-BAFDA67635A6:LeaderElection13: begin an election at term 1 for -1: [51c8ff27-873d-4cbb-8820-aa0ac2de17d7:192.168.36.99:37061], old=null
2019-09-20 14:30:14,782 [51c8ff27-873d-4cbb-8820-aa0ac2de17d7:group-BAFDA67635A6:LeaderElection13] INFO  impl.RoleInfo (RoleInfo.java:shutdownLeaderElection(134)) - 51c8ff27-873d-4cbb-8820-aa0ac2de17d7: shutdown LeaderElection
2019-09-20 14:30:14,783 [51c8ff27-873d-4cbb-8820-aa0ac2de17d7:group-BAFDA67635A6:LeaderElection13] INFO  impl.RaftServerImpl (RaftServerImpl.java:setRole(171)) - 51c8ff27-873d-4cbb-8820-aa0ac2de17d7:group-BAFDA67635A6 changes role from CANDIDATE to LEADER at term 1 for changeToLeader
2019-09-20 14:30:14,783 [51c8ff27-873d-4cbb-8820-aa0ac2de17d7:group-BAFDA67635A6:LeaderElection13] INFO  impl.RaftServerImpl (ServerState.java:setLeader(263)) - 51c8ff27-873d-4cbb-8820-aa0ac2de17d7:group-BAFDA67635A6 change Leader from null to 51c8ff27-873d-4cbb-8820-aa0ac2de17d7 at term 1 for becomeLeader, leader elected after 5198ms
2019-09-20 14:30:14,783 [51c8ff27-873d-4cbb-8820-aa0ac2de17d7:group-BAFDA67635A6:LeaderElection13] INFO  server.RaftServerConfigKeys (ConfUtils.java:logGet(43)) - raft.server.staging.catchup.gap = 1000 (default)
2019-09-20 14:30:14,783 [51c8ff27-873d-4cbb-8820-aa0ac2de17d7:group-BAFDA67635A6:LeaderElection13] INFO  server.RaftServerConfigKeys (ConfUtils.java:logGet(43)) - raft.server.rpc.sleep.time = 25ms (default)
2019-09-20 14:30:14,783 [51c8ff27-873d-4cbb-8820-aa0ac2de17d7:group-BAFDA67635A6:LeaderElection13] INFO  server.RaftServerConfigKeys (ConfUtils.java:logGet(43)) - raft.server.write.element-limit = 4096 (default)
2019-09-20 14:30:14,784 [51c8ff27-873d-4cbb-8820-aa0ac2de17d7:group-BAFDA67635A6:LeaderElection13] INFO  server.RaftServerConfigKeys (ConfUtils.java:logGet(43)) - raft.server.watch.timeout = 10s (default)
2019-09-20 14:30:14,784 [51c8ff27-873d-4cbb-8820-aa0ac2de17d7:group-BAFDA67635A6:LeaderElection13] INFO  server.RaftServerConfigKeys (ConfUtils.java:logGet(43)) - raft.server.watch.timeout.denomination = 1s (default)
2019-09-20 14:30:14,784 [51c8ff27-873d-4cbb-8820-aa0ac2de17d7:group-BAFDA67635A6:LeaderElection13] INFO  server.RaftServerConfigKeys (ConfUtils.java:logGet(43)) - raft.server.watch.element-limit = 65536 (default)
2019-09-20 14:30:14,784 [51c8ff27-873d-4cbb-8820-aa0ac2de17d7:group-BAFDA67635A6:LeaderElection13] INFO  impl.RoleInfo (RoleInfo.java:updateAndGet(143)) - 51c8ff27-873d-4cbb-8820-aa0ac2de17d7: start LeaderState
2019-09-20 14:30:14,785 [51c8ff27-873d-4cbb-8820-aa0ac2de17d7:group-BAFDA67635A6:LeaderElection13] INFO  segmented.SegmentedRaftLogWorker (SegmentedRaftLogWorker.java:startLogSegment(380)) - 51c8ff27-873d-4cbb-8820-aa0ac2de17d7-SegmentedRaftLogWorker:Storage Directory /workdir/hadoop-ozone/tools/target/test-dir/MiniOzoneClusterImpl-d73f9dc2-2858-4e9b-b98c-6f8fa2850d63/datanode-2/data/ratis/0a4cb32f-de78-4075-a48f-bafda67635a6: Starting segment from index:0
2019-09-20 14:30:14,785 [51c8ff27-873d-4cbb-8820-aa0ac2de17d7:group-BAFDA67635A6:LeaderElection13] INFO  impl.RaftServerImpl (ServerState.java:setRaftConf(361)) - 51c8ff27-873d-4cbb-8820-aa0ac2de17d7:group-BAFDA67635A6 set configuration 0: [51c8ff27-873d-4cbb-8820-aa0ac2de17d7:192.168.36.99:37061], old=null at 0
2019-09-20 14:30:14,828 [01139844-247b-45d0-963c-91509834b20c:group-9D9290FA995C:LeaderElection14] INFO  impl.LeaderElection (LeaderElection.java:askForVotes(181)) - 01139844-247b-45d0-963c-91509834b20c:group-9D9290FA995C:LeaderElection14: begin an election at term 1 for -1: [01139844-247b-45d0-963c-91509834b20c:192.168.36.99:40256], old=null
2019-09-20 14:30:14,829 [01139844-247b-45d0-963c-91509834b20c:group-9D9290FA995C:LeaderElection14] INFO  impl.RoleInfo (RoleInfo.java:shutdownLeaderElection(134)) - 01139844-247b-45d0-963c-91509834b20c: shutdown LeaderElection
2019-09-20 14:30:14,829 [01139844-247b-45d0-963c-91509834b20c:group-9D9290FA995C:LeaderElection14] INFO  impl.RaftServerImpl (RaftServerImpl.java:setRole(171)) - 01139844-247b-45d0-963c-91509834b20c:group-9D9290FA995C changes role from CANDIDATE to LEADER at term 1 for changeToLeader
2019-09-20 14:30:14,829 [01139844-247b-45d0-963c-91509834b20c:group-9D9290FA995C:LeaderElection14] INFO  impl.RaftServerImpl (ServerState.java:setLeader(263)) - 01139844-247b-45d0-963c-91509834b20c:group-9D9290FA995C change Leader from null to 01139844-247b-45d0-963c-91509834b20c at term 1 for becomeLeader, leader elected after 5156ms
2019-09-20 14:30:14,829 [01139844-247b-45d0-963c-91509834b20c:group-9D9290FA995C:LeaderElection14] INFO  server.RaftServerConfigKeys (ConfUtils.java:logGet(43)) - raft.server.staging.catchup.gap = 1000 (default)
2019-09-20 14:30:14,829 [01139844-247b-45d0-963c-91509834b20c:group-9D9290FA995C:LeaderElection14] INFO  server.RaftServerConfigKeys (ConfUtils.java:logGet(43)) - raft.server.rpc.sleep.time = 25ms (default)
2019-09-20 14:30:14,829 [01139844-247b-45d0-963c-91509834b20c:group-9D9290FA995C:LeaderElection14] INFO  server.RaftServerConfigKeys (ConfUtils.java:logGet(43)) - raft.server.write.element-limit = 4096 (default)
2019-09-20 14:30:14,830 [01139844-247b-45d0-963c-91509834b20c:group-9D9290FA995C:LeaderElection14] INFO  server.RaftServerConfigKeys (ConfUtils.java:logGet(43)) - raft.server.watch.timeout = 10s (default)
2019-09-20 14:30:14,830 [01139844-247b-45d0-963c-91509834b20c:group-9D9290FA995C:LeaderElection14] INFO  server.RaftServerConfigKeys (ConfUtils.java:logGet(43)) - raft.server.watch.timeout.denomination = 1s (default)
2019-09-20 14:30:14,830 [01139844-247b-45d0-963c-91509834b20c:group-9D9290FA995C:LeaderElection14] INFO  server.RaftServerConfigKeys (ConfUtils.java:logGet(43)) - raft.server.watch.element-limit = 65536 (default)
2019-09-20 14:30:14,830 [01139844-247b-45d0-963c-91509834b20c:group-9D9290FA995C:LeaderElection14] INFO  impl.RoleInfo (RoleInfo.java:updateAndGet(143)) - 01139844-247b-45d0-963c-91509834b20c: start LeaderState
2019-09-20 14:30:14,831 [01139844-247b-45d0-963c-91509834b20c:group-9D9290FA995C:LeaderElection14] INFO  segmented.SegmentedRaftLogWorker (SegmentedRaftLogWorker.java:startLogSegment(380)) - 01139844-247b-45d0-963c-91509834b20c-SegmentedRaftLogWorker:Storage Directory /workdir/hadoop-ozone/tools/target/test-dir/MiniOzoneClusterImpl-d73f9dc2-2858-4e9b-b98c-6f8fa2850d63/datanode-1/data/ratis/ece18c5f-636f-4b68-b56f-9d9290fa995c: Starting segment from index:0
2019-09-20 14:30:14,831 [01139844-247b-45d0-963c-91509834b20c:group-9D9290FA995C:LeaderElection14] INFO  impl.RaftServerImpl (ServerState.java:setRaftConf(361)) - 01139844-247b-45d0-963c-91509834b20c:group-9D9290FA995C set configuration 0: [01139844-247b-45d0-963c-91509834b20c:192.168.36.99:40256], old=null at 0
2019-09-20 14:30:14,871 [51c8ff27-873d-4cbb-8820-aa0ac2de17d7-SegmentedRaftLogWorker:Storage Directory /workdir/hadoop-ozone/tools/target/test-dir/MiniOzoneClusterImpl-d73f9dc2-2858-4e9b-b98c-6f8fa2850d63/datanode-2/data/ratis/0a4cb32f-de78-4075-a48f-bafda67635a6] INFO  segmented.SegmentedRaftLogWorker (SegmentedRaftLogWorker.java:execute(569)) - 51c8ff27-873d-4cbb-8820-aa0ac2de17d7-SegmentedRaftLogWorker:Storage Directory /workdir/hadoop-ozone/tools/target/test-dir/MiniOzoneClusterImpl-d73f9dc2-2858-4e9b-b98c-6f8fa2850d63/datanode-2/data/ratis/0a4cb32f-de78-4075-a48f-bafda67635a6: created new log segment /workdir/hadoop-ozone/tools/target/test-dir/MiniOzoneClusterImpl-d73f9dc2-2858-4e9b-b98c-6f8fa2850d63/datanode-2/data/ratis/0a4cb32f-de78-4075-a48f-bafda67635a6/current/log_inprogress_0
2019-09-20 14:30:14,901 [Thread-257] INFO  impl.FollowerState (FollowerState.java:run(106)) - 01139844-247b-45d0-963c-91509834b20c:group-41830475FACC changes to CANDIDATE, lastRpcTime:5125, electionTimeout:5125ms
2019-09-20 14:30:14,901 [Thread-257] INFO  impl.RoleInfo (RoleInfo.java:shutdownFollowerState(121)) - 01139844-247b-45d0-963c-91509834b20c: shutdown FollowerState
2019-09-20 14:30:14,901 [Thread-257] INFO  impl.RaftServerImpl (RaftServerImpl.java:setRole(171)) - 01139844-247b-45d0-963c-91509834b20c:group-41830475FACC changes role from FOLLOWER to CANDIDATE at term 0 for changeToCandidate
2019-09-20 14:30:14,901 [Thread-257] INFO  impl.RoleInfo (RoleInfo.java:updateAndGet(143)) - 01139844-247b-45d0-963c-91509834b20c: start LeaderElection
2019-09-20 14:30:14,912 [01139844-247b-45d0-963c-91509834b20c-SegmentedRaftLogWorker:Storage Directory /workdir/hadoop-ozone/tools/target/test-dir/MiniOzoneClusterImpl-d73f9dc2-2858-4e9b-b98c-6f8fa2850d63/datanode-1/data/ratis/ece18c5f-636f-4b68-b56f-9d9290fa995c] INFO  segmented.SegmentedRaftLogWorker (SegmentedRaftLogWorker.java:execute(569)) - 01139844-247b-45d0-963c-91509834b20c-SegmentedRaftLogWorker:Storage Directory /workdir/hadoop-ozone/tools/target/test-dir/MiniOzoneClusterImpl-d73f9dc2-2858-4e9b-b98c-6f8fa2850d63/datanode-1/data/ratis/ece18c5f-636f-4b68-b56f-9d9290fa995c: created new log segment /workdir/hadoop-ozone/tools/target/test-dir/MiniOzoneClusterImpl-d73f9dc2-2858-4e9b-b98c-6f8fa2850d63/datanode-1/data/ratis/ece18c5f-636f-4b68-b56f-9d9290fa995c/current/log_inprogress_0
2019-09-20 14:30:14,938 [01139844-247b-45d0-963c-91509834b20c:group-41830475FACC:LeaderElection15] INFO  impl.LeaderElection (LeaderElection.java:askForVotes(181)) - 01139844-247b-45d0-963c-91509834b20c:group-41830475FACC:LeaderElection15: begin an election at term 1 for -1: [01139844-247b-45d0-963c-91509834b20c:192.168.36.99:40256], old=null
2019-09-20 14:30:14,938 [01139844-247b-45d0-963c-91509834b20c:group-41830475FACC:LeaderElection15] INFO  impl.RoleInfo (RoleInfo.java:shutdownLeaderElection(134)) - 01139844-247b-45d0-963c-91509834b20c: shutdown LeaderElection
2019-09-20 14:30:14,938 [01139844-247b-45d0-963c-91509834b20c:group-41830475FACC:LeaderElection15] INFO  impl.RaftServerImpl (RaftServerImpl.java:setRole(171)) - 01139844-247b-45d0-963c-91509834b20c:group-41830475FACC changes role from CANDIDATE to LEADER at term 1 for changeToLeader
2019-09-20 14:30:14,938 [01139844-247b-45d0-963c-91509834b20c:group-41830475FACC:LeaderElection15] INFO  impl.RaftServerImpl (ServerState.java:setLeader(263)) - 01139844-247b-45d0-963c-91509834b20c:group-41830475FACC change Leader from null to 01139844-247b-45d0-963c-91509834b20c at term 1 for becomeLeader, leader elected after 5167ms
2019-09-20 14:30:14,939 [01139844-247b-45d0-963c-91509834b20c:group-41830475FACC:LeaderElection15] INFO  server.RaftServerConfigKeys (ConfUtils.java:logGet(43)) - raft.server.staging.catchup.gap = 1000 (default)
2019-09-20 14:30:14,939 [01139844-247b-45d0-963c-91509834b20c:group-41830475FACC:LeaderElection15] INFO  server.RaftServerConfigKeys (ConfUtils.java:logGet(43)) - raft.server.rpc.sleep.time = 25ms (default)
2019-09-20 14:30:14,939 [01139844-247b-45d0-963c-91509834b20c:group-41830475FACC:LeaderElection15] INFO  server.RaftServerConfigKeys (ConfUtils.java:logGet(43)) - raft.server.write.element-limit = 4096 (default)
2019-09-20 14:30:14,939 [01139844-247b-45d0-963c-91509834b20c:group-41830475FACC:LeaderElection15] INFO  server.RaftServerConfigKeys (ConfUtils.java:logGet(43)) - raft.server.watch.timeout = 10s (default)
2019-09-20 14:30:14,940 [01139844-247b-45d0-963c-91509834b20c:group-41830475FACC:LeaderElection15] INFO  server.RaftServerConfigKeys (ConfUtils.java:logGet(43)) - raft.server.watch.timeout.denomination = 1s (default)
2019-09-20 14:30:14,940 [01139844-247b-45d0-963c-91509834b20c:group-41830475FACC:LeaderElection15] INFO  server.RaftServerConfigKeys (ConfUtils.java:logGet(43)) - raft.server.watch.element-limit = 65536 (default)
2019-09-20 14:30:14,940 [01139844-247b-45d0-963c-91509834b20c:group-41830475FACC:LeaderElection15] INFO  impl.RoleInfo (RoleInfo.java:updateAndGet(143)) - 01139844-247b-45d0-963c-91509834b20c: start LeaderState
2019-09-20 14:30:14,940 [01139844-247b-45d0-963c-91509834b20c:group-41830475FACC:LeaderElection15] INFO  segmented.SegmentedRaftLogWorker (SegmentedRaftLogWorker.java:startLogSegment(380)) - 01139844-247b-45d0-963c-91509834b20c-SegmentedRaftLogWorker:Storage Directory /workdir/hadoop-ozone/tools/target/test-dir/MiniOzoneClusterImpl-d73f9dc2-2858-4e9b-b98c-6f8fa2850d63/datanode-1/data/ratis/986120cc-5ae8-4b53-bb97-41830475facc: Starting segment from index:0
2019-09-20 14:30:14,941 [01139844-247b-45d0-963c-91509834b20c:group-41830475FACC:LeaderElection15] INFO  impl.RaftServerImpl (ServerState.java:setRaftConf(361)) - 01139844-247b-45d0-963c-91509834b20c:group-41830475FACC set configuration 0: [01139844-247b-45d0-963c-91509834b20c:192.168.36.99:40256], old=null at 0
2019-09-20 14:30:14,983 [Thread-264] INFO  impl.FollowerState (FollowerState.java:run(106)) - 01139844-247b-45d0-963c-91509834b20c:group-FE54603D08E5 changes to CANDIDATE, lastRpcTime:5003, electionTimeout:5001ms
2019-09-20 14:30:14,983 [Thread-260] INFO  impl.FollowerState (FollowerState.java:run(106)) - 01139844-247b-45d0-963c-91509834b20c:group-7EC8FA6028E5 changes to CANDIDATE, lastRpcTime:5123, electionTimeout:5082ms
2019-09-20 14:30:14,983 [Thread-264] INFO  impl.RoleInfo (RoleInfo.java:shutdownFollowerState(121)) - 01139844-247b-45d0-963c-91509834b20c: shutdown FollowerState
2019-09-20 14:30:14,983 [Thread-260] INFO  impl.RoleInfo (RoleInfo.java:shutdownFollowerState(121)) - 01139844-247b-45d0-963c-91509834b20c: shutdown FollowerState
2019-09-20 14:30:14,983 [Thread-264] INFO  impl.RaftServerImpl (RaftServerImpl.java:setRole(171)) - 01139844-247b-45d0-963c-91509834b20c:group-FE54603D08E5 changes role from FOLLOWER to CANDIDATE at term 0 for changeToCandidate
2019-09-20 14:30:14,984 [Thread-260] INFO  impl.RaftServerImpl (RaftServerImpl.java:setRole(171)) - 01139844-247b-45d0-963c-91509834b20c:group-7EC8FA6028E5 changes role from FOLLOWER to CANDIDATE at term 0 for changeToCandidate
2019-09-20 14:30:14,984 [Thread-264] INFO  impl.RoleInfo (RoleInfo.java:updateAndGet(143)) - 01139844-247b-45d0-963c-91509834b20c: start LeaderElection
2019-09-20 14:30:14,984 [Thread-260] INFO  impl.RoleInfo (RoleInfo.java:updateAndGet(143)) - 01139844-247b-45d0-963c-91509834b20c: start LeaderElection
2019-09-20 14:30:15,022 [01139844-247b-45d0-963c-91509834b20c-SegmentedRaftLogWorker:Storage Directory /workdir/hadoop-ozone/tools/target/test-dir/MiniOzoneClusterImpl-d73f9dc2-2858-4e9b-b98c-6f8fa2850d63/datanode-1/data/ratis/986120cc-5ae8-4b53-bb97-41830475facc] INFO  segmented.SegmentedRaftLogWorker (SegmentedRaftLogWorker.java:execute(569)) - 01139844-247b-45d0-963c-91509834b20c-SegmentedRaftLogWorker:Storage Directory /workdir/hadoop-ozone/tools/target/test-dir/MiniOzoneClusterImpl-d73f9dc2-2858-4e9b-b98c-6f8fa2850d63/datanode-1/data/ratis/986120cc-5ae8-4b53-bb97-41830475facc: created new log segment /workdir/hadoop-ozone/tools/target/test-dir/MiniOzoneClusterImpl-d73f9dc2-2858-4e9b-b98c-6f8fa2850d63/datanode-1/data/ratis/986120cc-5ae8-4b53-bb97-41830475facc/current/log_inprogress_0
2019-09-20 14:30:15,022 [01139844-247b-45d0-963c-91509834b20c:group-FE54603D08E5:LeaderElection16] INFO  impl.LeaderElection (LeaderElection.java:askForVotes(181)) - 01139844-247b-45d0-963c-91509834b20c:group-FE54603D08E5:LeaderElection16: begin an election at term 1 for -1: [01139844-247b-45d0-963c-91509834b20c:192.168.36.99:40256], old=null
2019-09-20 14:30:15,022 [01139844-247b-45d0-963c-91509834b20c:group-7EC8FA6028E5:LeaderElection17] INFO  impl.LeaderElection (LeaderElection.java:askForVotes(181)) - 01139844-247b-45d0-963c-91509834b20c:group-7EC8FA6028E5:LeaderElection17: begin an election at term 1 for -1: [01139844-247b-45d0-963c-91509834b20c:192.168.36.99:40256], old=null
2019-09-20 14:30:15,023 [01139844-247b-45d0-963c-91509834b20c:group-FE54603D08E5:LeaderElection16] INFO  impl.RoleInfo (RoleInfo.java:shutdownLeaderElection(134)) - 01139844-247b-45d0-963c-91509834b20c: shutdown LeaderElection
2019-09-20 14:30:15,023 [01139844-247b-45d0-963c-91509834b20c:group-7EC8FA6028E5:LeaderElection17] INFO  impl.RoleInfo (RoleInfo.java:shutdownLeaderElection(134)) - 01139844-247b-45d0-963c-91509834b20c: shutdown LeaderElection
2019-09-20 14:30:15,023 [01139844-247b-45d0-963c-91509834b20c:group-FE54603D08E5:LeaderElection16] INFO  impl.RaftServerImpl (RaftServerImpl.java:setRole(171)) - 01139844-247b-45d0-963c-91509834b20c:group-FE54603D08E5 changes role from CANDIDATE to LEADER at term 1 for changeToLeader
2019-09-20 14:30:15,023 [01139844-247b-45d0-963c-91509834b20c:group-7EC8FA6028E5:LeaderElection17] INFO  impl.RaftServerImpl (RaftServerImpl.java:setRole(171)) - 01139844-247b-45d0-963c-91509834b20c:group-7EC8FA6028E5 changes role from CANDIDATE to LEADER at term 1 for changeToLeader
2019-09-20 14:30:15,023 [01139844-247b-45d0-963c-91509834b20c:group-FE54603D08E5:LeaderElection16] INFO  impl.RaftServerImpl (ServerState.java:setLeader(263)) - 01139844-247b-45d0-963c-91509834b20c:group-FE54603D08E5 change Leader from null to 01139844-247b-45d0-963c-91509834b20c at term 1 for becomeLeader, leader elected after 5049ms
2019-09-20 14:30:15,023 [01139844-247b-45d0-963c-91509834b20c:group-7EC8FA6028E5:LeaderElection17] INFO  impl.RaftServerImpl (ServerState.java:setLeader(263)) - 01139844-247b-45d0-963c-91509834b20c:group-7EC8FA6028E5 change Leader from null to 01139844-247b-45d0-963c-91509834b20c at term 1 for becomeLeader, leader elected after 5167ms
2019-09-20 14:30:15,024 [01139844-247b-45d0-963c-91509834b20c:group-FE54603D08E5:LeaderElection16] INFO  server.RaftServerConfigKeys (ConfUtils.java:logGet(43)) - raft.server.staging.catchup.gap = 1000 (default)
2019-09-20 14:30:15,024 [01139844-247b-45d0-963c-91509834b20c:group-7EC8FA6028E5:LeaderElection17] INFO  server.RaftServerConfigKeys (ConfUtils.java:logGet(43)) - raft.server.staging.catchup.gap = 1000 (default)
2019-09-20 14:30:15,024 [01139844-247b-45d0-963c-91509834b20c:group-FE54603D08E5:LeaderElection16] INFO  server.RaftServerConfigKeys (ConfUtils.java:logGet(43)) - raft.server.rpc.sleep.time = 25ms (default)
2019-09-20 14:30:15,024 [01139844-247b-45d0-963c-91509834b20c:group-7EC8FA6028E5:LeaderElection17] INFO  server.RaftServerConfigKeys (ConfUtils.java:logGet(43)) - raft.server.rpc.sleep.time = 25ms (default)
2019-09-20 14:30:15,024 [01139844-247b-45d0-963c-91509834b20c:group-FE54603D08E5:LeaderElection16] INFO  server.RaftServerConfigKeys (ConfUtils.java:logGet(43)) - raft.server.write.element-limit = 4096 (default)
2019-09-20 14:30:15,025 [01139844-247b-45d0-963c-91509834b20c:group-7EC8FA6028E5:LeaderElection17] INFO  server.RaftServerConfigKeys (ConfUtils.java:logGet(43)) - raft.server.write.element-limit = 4096 (default)
2019-09-20 14:30:15,025 [01139844-247b-45d0-963c-91509834b20c:group-FE54603D08E5:LeaderElection16] INFO  server.RaftServerConfigKeys (ConfUtils.java:logGet(43)) - raft.server.watch.timeout = 10s (default)
2019-09-20 14:30:15,025 [01139844-247b-45d0-963c-91509834b20c:group-7EC8FA6028E5:LeaderElection17] INFO  server.RaftServerConfigKeys (ConfUtils.java:logGet(43)) - raft.server.watch.timeout = 10s (default)
2019-09-20 14:30:15,025 [01139844-247b-45d0-963c-91509834b20c:group-FE54603D08E5:LeaderElection16] INFO  server.RaftServerConfigKeys (ConfUtils.java:logGet(43)) - raft.server.watch.timeout.denomination = 1s (default)
2019-09-20 14:30:15,025 [01139844-247b-45d0-963c-91509834b20c:group-7EC8FA6028E5:LeaderElection17] INFO  server.RaftServerConfigKeys (ConfUtils.java:logGet(43)) - raft.server.watch.timeout.denomination = 1s (default)
2019-09-20 14:30:15,025 [01139844-247b-45d0-963c-91509834b20c:group-FE54603D08E5:LeaderElection16] INFO  server.RaftServerConfigKeys (ConfUtils.java:logGet(43)) - raft.server.watch.element-limit = 65536 (default)
2019-09-20 14:30:15,026 [01139844-247b-45d0-963c-91509834b20c:group-7EC8FA6028E5:LeaderElection17] INFO  server.RaftServerConfigKeys (ConfUtils.java:logGet(43)) - raft.server.watch.element-limit = 65536 (default)
2019-09-20 14:30:15,026 [01139844-247b-45d0-963c-91509834b20c:group-FE54603D08E5:LeaderElection16] INFO  impl.RoleInfo (RoleInfo.java:updateAndGet(143)) - 01139844-247b-45d0-963c-91509834b20c: start LeaderState
2019-09-20 14:30:15,026 [01139844-247b-45d0-963c-91509834b20c:group-7EC8FA6028E5:LeaderElection17] INFO  impl.RoleInfo (RoleInfo.java:updateAndGet(143)) - 01139844-247b-45d0-963c-91509834b20c: start LeaderState
2019-09-20 14:30:15,026 [01139844-247b-45d0-963c-91509834b20c:group-FE54603D08E5:LeaderElection16] INFO  segmented.SegmentedRaftLogWorker (SegmentedRaftLogWorker.java:startLogSegment(380)) - 01139844-247b-45d0-963c-91509834b20c-SegmentedRaftLogWorker:Storage Directory /workdir/hadoop-ozone/tools/target/test-dir/MiniOzoneClusterImpl-d73f9dc2-2858-4e9b-b98c-6f8fa2850d63/datanode-1/data/ratis/b45d1f76-e017-4f19-b60c-fe54603d08e5: Starting segment from index:0
2019-09-20 14:30:15,026 [01139844-247b-45d0-963c-91509834b20c:group-7EC8FA6028E5:LeaderElection17] INFO  segmented.SegmentedRaftLogWorker (SegmentedRaftLogWorker.java:startLogSegment(380)) - 01139844-247b-45d0-963c-91509834b20c-SegmentedRaftLogWorker:Storage Directory /workdir/hadoop-ozone/tools/target/test-dir/MiniOzoneClusterImpl-d73f9dc2-2858-4e9b-b98c-6f8fa2850d63/datanode-1/data/ratis/2cca5f38-3a26-4e52-a965-7ec8fa6028e5: Starting segment from index:0
2019-09-20 14:30:15,027 [01139844-247b-45d0-963c-91509834b20c:group-FE54603D08E5:LeaderElection16] INFO  impl.RaftServerImpl (ServerState.java:setRaftConf(361)) - 01139844-247b-45d0-963c-91509834b20c:group-FE54603D08E5 set configuration 0: [01139844-247b-45d0-963c-91509834b20c:192.168.36.99:40256], old=null at 0
2019-09-20 14:30:15,070 [01139844-247b-45d0-963c-91509834b20c:group-7EC8FA6028E5:LeaderElection17] INFO  impl.RaftServerImpl (ServerState.java:setRaftConf(361)) - 01139844-247b-45d0-963c-91509834b20c:group-7EC8FA6028E5 set configuration 0: [01139844-247b-45d0-963c-91509834b20c:192.168.36.99:40256], old=null at 0
2019-09-20 14:30:15,083 | INFO  | SCMAudit | user=jenkins1000 | ip=192.168.36.99 | op=SEND_HEARTBEAT {datanodeUUID=414b61dd-dc64-4170-a4f7-ed46231621a1, command=[]} | ret=SUCCESS |  
2019-09-20 14:30:15,101 | INFO  | SCMAudit | user=jenkins1000 | ip=192.168.36.99 | op=SEND_HEARTBEAT {datanodeUUID=91f00b63-c6d2-4d34-b168-5848dae554d4, command=[]} | ret=SUCCESS |  
2019-09-20 14:30:15,106 [01139844-247b-45d0-963c-91509834b20c-SegmentedRaftLogWorker:Storage Directory /workdir/hadoop-ozone/tools/target/test-dir/MiniOzoneClusterImpl-d73f9dc2-2858-4e9b-b98c-6f8fa2850d63/datanode-1/data/ratis/b45d1f76-e017-4f19-b60c-fe54603d08e5] INFO  segmented.SegmentedRaftLogWorker (SegmentedRaftLogWorker.java:execute(569)) - 01139844-247b-45d0-963c-91509834b20c-SegmentedRaftLogWorker:Storage Directory /workdir/hadoop-ozone/tools/target/test-dir/MiniOzoneClusterImpl-d73f9dc2-2858-4e9b-b98c-6f8fa2850d63/datanode-1/data/ratis/b45d1f76-e017-4f19-b60c-fe54603d08e5: created new log segment /workdir/hadoop-ozone/tools/target/test-dir/MiniOzoneClusterImpl-d73f9dc2-2858-4e9b-b98c-6f8fa2850d63/datanode-1/data/ratis/b45d1f76-e017-4f19-b60c-fe54603d08e5/current/log_inprogress_0
2019-09-20 14:30:15,106 [01139844-247b-45d0-963c-91509834b20c-SegmentedRaftLogWorker:Storage Directory /workdir/hadoop-ozone/tools/target/test-dir/MiniOzoneClusterImpl-d73f9dc2-2858-4e9b-b98c-6f8fa2850d63/datanode-1/data/ratis/2cca5f38-3a26-4e52-a965-7ec8fa6028e5] INFO  segmented.SegmentedRaftLogWorker (SegmentedRaftLogWorker.java:execute(569)) - 01139844-247b-45d0-963c-91509834b20c-SegmentedRaftLogWorker:Storage Directory /workdir/hadoop-ozone/tools/target/test-dir/MiniOzoneClusterImpl-d73f9dc2-2858-4e9b-b98c-6f8fa2850d63/datanode-1/data/ratis/2cca5f38-3a26-4e52-a965-7ec8fa6028e5: created new log segment /workdir/hadoop-ozone/tools/target/test-dir/MiniOzoneClusterImpl-d73f9dc2-2858-4e9b-b98c-6f8fa2850d63/datanode-1/data/ratis/2cca5f38-3a26-4e52-a965-7ec8fa6028e5/current/log_inprogress_0
2019-09-20 14:30:15,170 [Thread-267] INFO  impl.FollowerState (FollowerState.java:run(106)) - 51c8ff27-873d-4cbb-8820-aa0ac2de17d7:group-B0E4951CB0ED changes to CANDIDATE, lastRpcTime:5079, electionTimeout:5079ms
2019-09-20 14:30:15,170 [Thread-267] INFO  impl.RoleInfo (RoleInfo.java:shutdownFollowerState(121)) - 51c8ff27-873d-4cbb-8820-aa0ac2de17d7: shutdown FollowerState
2019-09-20 14:30:15,170 [Thread-267] INFO  impl.RaftServerImpl (RaftServerImpl.java:setRole(171)) - 51c8ff27-873d-4cbb-8820-aa0ac2de17d7:group-B0E4951CB0ED changes role from FOLLOWER to CANDIDATE at term 0 for changeToCandidate
2019-09-20 14:30:15,171 [Thread-267] INFO  impl.RoleInfo (RoleInfo.java:updateAndGet(143)) - 51c8ff27-873d-4cbb-8820-aa0ac2de17d7: start LeaderElection
2019-09-20 14:30:15,240 [51c8ff27-873d-4cbb-8820-aa0ac2de17d7:group-B0E4951CB0ED:LeaderElection18] INFO  impl.LeaderElection (LeaderElection.java:askForVotes(181)) - 51c8ff27-873d-4cbb-8820-aa0ac2de17d7:group-B0E4951CB0ED:LeaderElection18: begin an election at term 1 for -1: [51c8ff27-873d-4cbb-8820-aa0ac2de17d7:192.168.36.99:37061], old=null
2019-09-20 14:30:15,240 [51c8ff27-873d-4cbb-8820-aa0ac2de17d7:group-B0E4951CB0ED:LeaderElection18] INFO  impl.RoleInfo (RoleInfo.java:shutdownLeaderElection(134)) - 51c8ff27-873d-4cbb-8820-aa0ac2de17d7: shutdown LeaderElection
2019-09-20 14:30:15,241 [51c8ff27-873d-4cbb-8820-aa0ac2de17d7:group-B0E4951CB0ED:LeaderElection18] INFO  impl.RaftServerImpl (RaftServerImpl.java:setRole(171)) - 51c8ff27-873d-4cbb-8820-aa0ac2de17d7:group-B0E4951CB0ED changes role from CANDIDATE to LEADER at term 1 for changeToLeader
2019-09-20 14:30:15,241 [51c8ff27-873d-4cbb-8820-aa0ac2de17d7:group-B0E4951CB0ED:LeaderElection18] INFO  impl.RaftServerImpl (ServerState.java:setLeader(263)) - 51c8ff27-873d-4cbb-8820-aa0ac2de17d7:group-B0E4951CB0ED change Leader from null to 51c8ff27-873d-4cbb-8820-aa0ac2de17d7 at term 1 for becomeLeader, leader elected after 5155ms
2019-09-20 14:30:15,241 [51c8ff27-873d-4cbb-8820-aa0ac2de17d7:group-B0E4951CB0ED:LeaderElection18] INFO  server.RaftServerConfigKeys (ConfUtils.java:logGet(43)) - raft.server.staging.catchup.gap = 1000 (default)
2019-09-20 14:30:15,241 [51c8ff27-873d-4cbb-8820-aa0ac2de17d7:group-B0E4951CB0ED:LeaderElection18] INFO  server.RaftServerConfigKeys (ConfUtils.java:logGet(43)) - raft.server.rpc.sleep.time = 25ms (default)
2019-09-20 14:30:15,241 [51c8ff27-873d-4cbb-8820-aa0ac2de17d7:group-B0E4951CB0ED:LeaderElection18] INFO  server.RaftServerConfigKeys (ConfUtils.java:logGet(43)) - raft.server.write.element-limit = 4096 (default)
2019-09-20 14:30:15,242 [51c8ff27-873d-4cbb-8820-aa0ac2de17d7:group-B0E4951CB0ED:LeaderElection18] INFO  server.RaftServerConfigKeys (ConfUtils.java:logGet(43)) - raft.server.watch.timeout = 10s (default)
2019-09-20 14:30:15,242 [51c8ff27-873d-4cbb-8820-aa0ac2de17d7:group-B0E4951CB0ED:LeaderElection18] INFO  server.RaftServerConfigKeys (ConfUtils.java:logGet(43)) - raft.server.watch.timeout.denomination = 1s (default)
2019-09-20 14:30:15,242 [51c8ff27-873d-4cbb-8820-aa0ac2de17d7:group-B0E4951CB0ED:LeaderElection18] INFO  server.RaftServerConfigKeys (ConfUtils.java:logGet(43)) - raft.server.watch.element-limit = 65536 (default)
2019-09-20 14:30:15,243 [51c8ff27-873d-4cbb-8820-aa0ac2de17d7:group-B0E4951CB0ED:LeaderElection18] INFO  impl.RoleInfo (RoleInfo.java:updateAndGet(143)) - 51c8ff27-873d-4cbb-8820-aa0ac2de17d7: start LeaderState
2019-09-20 14:30:15,243 [51c8ff27-873d-4cbb-8820-aa0ac2de17d7:group-B0E4951CB0ED:LeaderElection18] INFO  segmented.SegmentedRaftLogWorker (SegmentedRaftLogWorker.java:startLogSegment(380)) - 51c8ff27-873d-4cbb-8820-aa0ac2de17d7-SegmentedRaftLogWorker:Storage Directory /workdir/hadoop-ozone/tools/target/test-dir/MiniOzoneClusterImpl-d73f9dc2-2858-4e9b-b98c-6f8fa2850d63/datanode-2/data/ratis/6a4e90a6-87ac-44ef-b35c-b0e4951cb0ed: Starting segment from index:0
2019-09-20 14:30:15,244 [51c8ff27-873d-4cbb-8820-aa0ac2de17d7:group-B0E4951CB0ED:LeaderElection18] INFO  impl.RaftServerImpl (ServerState.java:setRaftConf(361)) - 51c8ff27-873d-4cbb-8820-aa0ac2de17d7:group-B0E4951CB0ED set configuration 0: [51c8ff27-873d-4cbb-8820-aa0ac2de17d7:192.168.36.99:37061], old=null at 0
2019-09-20 14:30:15,283 | INFO  | SCMAudit | user=jenkins1000 | ip=192.168.36.99 | op=SEND_HEARTBEAT {datanodeUUID=8a1a3fc2-2e5e-451c-bb07-3011db4e4137, command=[]} | ret=SUCCESS |  
2019-09-20 14:30:15,308 [51c8ff27-873d-4cbb-8820-aa0ac2de17d7-SegmentedRaftLogWorker:Storage Directory /workdir/hadoop-ozone/tools/target/test-dir/MiniOzoneClusterImpl-d73f9dc2-2858-4e9b-b98c-6f8fa2850d63/datanode-2/data/ratis/6a4e90a6-87ac-44ef-b35c-b0e4951cb0ed] INFO  segmented.SegmentedRaftLogWorker (SegmentedRaftLogWorker.java:execute(569)) - 51c8ff27-873d-4cbb-8820-aa0ac2de17d7-SegmentedRaftLogWorker:Storage Directory /workdir/hadoop-ozone/tools/target/test-dir/MiniOzoneClusterImpl-d73f9dc2-2858-4e9b-b98c-6f8fa2850d63/datanode-2/data/ratis/6a4e90a6-87ac-44ef-b35c-b0e4951cb0ed: created new log segment /workdir/hadoop-ozone/tools/target/test-dir/MiniOzoneClusterImpl-d73f9dc2-2858-4e9b-b98c-6f8fa2850d63/datanode-2/data/ratis/6a4e90a6-87ac-44ef-b35c-b0e4951cb0ed/current/log_inprogress_0
2019-09-20 14:30:15,341 | INFO  | SCMAudit | user=jenkins1000 | ip=192.168.36.99 | op=SEND_HEARTBEAT {datanodeUUID=01139844-247b-45d0-963c-91509834b20c, command=[]} | ret=SUCCESS |  
2019-09-20 14:30:15,372 [Thread-271] INFO  impl.FollowerState (FollowerState.java:run(106)) - 91f00b63-c6d2-4d34-b168-5848dae554d4:group-87157F8AC141 changes to CANDIDATE, lastRpcTime:5193, electionTimeout:5193ms
2019-09-20 14:30:15,372 [Thread-271] INFO  impl.RoleInfo (RoleInfo.java:shutdownFollowerState(121)) - 91f00b63-c6d2-4d34-b168-5848dae554d4: shutdown FollowerState
2019-09-20 14:30:15,372 [Thread-271] INFO  impl.RaftServerImpl (RaftServerImpl.java:setRole(171)) - 91f00b63-c6d2-4d34-b168-5848dae554d4:group-87157F8AC141 changes role from FOLLOWER to CANDIDATE at term 0 for changeToCandidate
2019-09-20 14:30:15,373 [Thread-271] INFO  impl.RoleInfo (RoleInfo.java:updateAndGet(143)) - 91f00b63-c6d2-4d34-b168-5848dae554d4: start LeaderElection
2019-09-20 14:30:15,417 [91f00b63-c6d2-4d34-b168-5848dae554d4:group-87157F8AC141:LeaderElection19] INFO  impl.LeaderElection (LeaderElection.java:askForVotes(181)) - 91f00b63-c6d2-4d34-b168-5848dae554d4:group-87157F8AC141:LeaderElection19: begin an election at term 1 for -1: [91f00b63-c6d2-4d34-b168-5848dae554d4:192.168.36.99:38636], old=null
2019-09-20 14:30:15,417 [91f00b63-c6d2-4d34-b168-5848dae554d4:group-87157F8AC141:LeaderElection19] INFO  impl.RoleInfo (RoleInfo.java:shutdownLeaderElection(134)) - 91f00b63-c6d2-4d34-b168-5848dae554d4: shutdown LeaderElection
2019-09-20 14:30:15,417 [91f00b63-c6d2-4d34-b168-5848dae554d4:group-87157F8AC141:LeaderElection19] INFO  impl.RaftServerImpl (RaftServerImpl.java:setRole(171)) - 91f00b63-c6d2-4d34-b168-5848dae554d4:group-87157F8AC141 changes role from CANDIDATE to LEADER at term 1 for changeToLeader
2019-09-20 14:30:15,417 [91f00b63-c6d2-4d34-b168-5848dae554d4:group-87157F8AC141:LeaderElection19] INFO  impl.RaftServerImpl (ServerState.java:setLeader(263)) - 91f00b63-c6d2-4d34-b168-5848dae554d4:group-87157F8AC141 change Leader from null to 91f00b63-c6d2-4d34-b168-5848dae554d4 at term 1 for becomeLeader, leader elected after 5241ms
2019-09-20 14:30:15,417 [91f00b63-c6d2-4d34-b168-5848dae554d4:group-87157F8AC141:LeaderElection19] INFO  server.RaftServerConfigKeys (ConfUtils.java:logGet(43)) - raft.server.staging.catchup.gap = 1000 (default)
2019-09-20 14:30:15,418 [91f00b63-c6d2-4d34-b168-5848dae554d4:group-87157F8AC141:LeaderElection19] INFO  server.RaftServerConfigKeys (ConfUtils.java:logGet(43)) - raft.server.rpc.sleep.time = 25ms (default)
2019-09-20 14:30:15,418 [91f00b63-c6d2-4d34-b168-5848dae554d4:group-87157F8AC141:LeaderElection19] INFO  server.RaftServerConfigKeys (ConfUtils.java:logGet(43)) - raft.server.write.element-limit = 4096 (default)
2019-09-20 14:30:15,418 [91f00b63-c6d2-4d34-b168-5848dae554d4:group-87157F8AC141:LeaderElection19] INFO  server.RaftServerConfigKeys (ConfUtils.java:logGet(43)) - raft.server.watch.timeout = 10s (default)
2019-09-20 14:30:15,418 [91f00b63-c6d2-4d34-b168-5848dae554d4:group-87157F8AC141:LeaderElection19] INFO  server.RaftServerConfigKeys (ConfUtils.java:logGet(43)) - raft.server.watch.timeout.denomination = 1s (default)
2019-09-20 14:30:15,418 [91f00b63-c6d2-4d34-b168-5848dae554d4:group-87157F8AC141:LeaderElection19] INFO  server.RaftServerConfigKeys (ConfUtils.java:logGet(43)) - raft.server.watch.element-limit = 65536 (default)
2019-09-20 14:30:15,419 [91f00b63-c6d2-4d34-b168-5848dae554d4:group-87157F8AC141:LeaderElection19] INFO  impl.RoleInfo (RoleInfo.java:updateAndGet(143)) - 91f00b63-c6d2-4d34-b168-5848dae554d4: start LeaderState
2019-09-20 14:30:15,419 [91f00b63-c6d2-4d34-b168-5848dae554d4:group-87157F8AC141:LeaderElection19] INFO  segmented.SegmentedRaftLogWorker (SegmentedRaftLogWorker.java:startLogSegment(380)) - 91f00b63-c6d2-4d34-b168-5848dae554d4-SegmentedRaftLogWorker:Storage Directory /workdir/hadoop-ozone/tools/target/test-dir/MiniOzoneClusterImpl-d73f9dc2-2858-4e9b-b98c-6f8fa2850d63/datanode-3/data/ratis/e8e2b4cc-5bde-4cf9-9548-87157f8ac141: Starting segment from index:0
2019-09-20 14:30:15,420 [91f00b63-c6d2-4d34-b168-5848dae554d4:group-87157F8AC141:LeaderElection19] INFO  impl.RaftServerImpl (ServerState.java:setRaftConf(361)) - 91f00b63-c6d2-4d34-b168-5848dae554d4:group-87157F8AC141 set configuration 0: [91f00b63-c6d2-4d34-b168-5848dae554d4:192.168.36.99:38636], old=null at 0
2019-09-20 14:30:15,460 [Thread-274] INFO  impl.FollowerState (FollowerState.java:run(106)) - 91f00b63-c6d2-4d34-b168-5848dae554d4:group-E9A10A1A590D changes to CANDIDATE, lastRpcTime:5112, electionTimeout:5088ms
2019-09-20 14:30:15,460 [Thread-274] INFO  impl.RoleInfo (RoleInfo.java:shutdownFollowerState(121)) - 91f00b63-c6d2-4d34-b168-5848dae554d4: shutdown FollowerState
2019-09-20 14:30:15,460 [Thread-274] INFO  impl.RaftServerImpl (RaftServerImpl.java:setRole(171)) - 91f00b63-c6d2-4d34-b168-5848dae554d4:group-E9A10A1A590D changes role from FOLLOWER to CANDIDATE at term 0 for changeToCandidate
2019-09-20 14:30:15,460 [Thread-274] INFO  impl.RoleInfo (RoleInfo.java:updateAndGet(143)) - 91f00b63-c6d2-4d34-b168-5848dae554d4: start LeaderElection
2019-09-20 14:30:15,492 [91f00b63-c6d2-4d34-b168-5848dae554d4-SegmentedRaftLogWorker:Storage Directory /workdir/hadoop-ozone/tools/target/test-dir/MiniOzoneClusterImpl-d73f9dc2-2858-4e9b-b98c-6f8fa2850d63/datanode-3/data/ratis/e8e2b4cc-5bde-4cf9-9548-87157f8ac141] INFO  segmented.SegmentedRaftLogWorker (SegmentedRaftLogWorker.java:execute(569)) - 91f00b63-c6d2-4d34-b168-5848dae554d4-SegmentedRaftLogWorker:Storage Directory /workdir/hadoop-ozone/tools/target/test-dir/MiniOzoneClusterImpl-d73f9dc2-2858-4e9b-b98c-6f8fa2850d63/datanode-3/data/ratis/e8e2b4cc-5bde-4cf9-9548-87157f8ac141: created new log segment /workdir/hadoop-ozone/tools/target/test-dir/MiniOzoneClusterImpl-d73f9dc2-2858-4e9b-b98c-6f8fa2850d63/datanode-3/data/ratis/e8e2b4cc-5bde-4cf9-9548-87157f8ac141/current/log_inprogress_0
2019-09-20 14:30:15,534 [91f00b63-c6d2-4d34-b168-5848dae554d4:group-E9A10A1A590D:LeaderElection20] INFO  impl.LeaderElection (LeaderElection.java:askForVotes(181)) - 91f00b63-c6d2-4d34-b168-5848dae554d4:group-E9A10A1A590D:LeaderElection20: begin an election at term 1 for -1: [91f00b63-c6d2-4d34-b168-5848dae554d4:192.168.36.99:38636], old=null
2019-09-20 14:30:15,534 [91f00b63-c6d2-4d34-b168-5848dae554d4:group-E9A10A1A590D:LeaderElection20] INFO  impl.RoleInfo (RoleInfo.java:shutdownLeaderElection(134)) - 91f00b63-c6d2-4d34-b168-5848dae554d4: shutdown LeaderElection
2019-09-20 14:30:15,534 [91f00b63-c6d2-4d34-b168-5848dae554d4:group-E9A10A1A590D:LeaderElection20] INFO  impl.RaftServerImpl (RaftServerImpl.java:setRole(171)) - 91f00b63-c6d2-4d34-b168-5848dae554d4:group-E9A10A1A590D changes role from CANDIDATE to LEADER at term 1 for changeToLeader
2019-09-20 14:30:15,534 [91f00b63-c6d2-4d34-b168-5848dae554d4:group-E9A10A1A590D:LeaderElection20] INFO  impl.RaftServerImpl (ServerState.java:setLeader(263)) - 91f00b63-c6d2-4d34-b168-5848dae554d4:group-E9A10A1A590D change Leader from null to 91f00b63-c6d2-4d34-b168-5848dae554d4 at term 1 for becomeLeader, leader elected after 5191ms
2019-09-20 14:30:15,535 [91f00b63-c6d2-4d34-b168-5848dae554d4:group-E9A10A1A590D:LeaderElection20] INFO  server.RaftServerConfigKeys (ConfUtils.java:logGet(43)) - raft.server.staging.catchup.gap = 1000 (default)
2019-09-20 14:30:15,535 [91f00b63-c6d2-4d34-b168-5848dae554d4:group-E9A10A1A590D:LeaderElection20] INFO  server.RaftServerConfigKeys (ConfUtils.java:logGet(43)) - raft.server.rpc.sleep.time = 25ms (default)
2019-09-20 14:30:15,535 [91f00b63-c6d2-4d34-b168-5848dae554d4:group-E9A10A1A590D:LeaderElection20] INFO  server.RaftServerConfigKeys (ConfUtils.java:logGet(43)) - raft.server.write.element-limit = 4096 (default)
2019-09-20 14:30:15,535 [91f00b63-c6d2-4d34-b168-5848dae554d4:group-E9A10A1A590D:LeaderElection20] INFO  server.RaftServerConfigKeys (ConfUtils.java:logGet(43)) - raft.server.watch.timeout = 10s (default)
2019-09-20 14:30:15,535 [91f00b63-c6d2-4d34-b168-5848dae554d4:group-E9A10A1A590D:LeaderElection20] INFO  server.RaftServerConfigKeys (ConfUtils.java:logGet(43)) - raft.server.watch.timeout.denomination = 1s (default)
2019-09-20 14:30:15,536 [91f00b63-c6d2-4d34-b168-5848dae554d4:group-E9A10A1A590D:LeaderElection20] INFO  server.RaftServerConfigKeys (ConfUtils.java:logGet(43)) - raft.server.watch.element-limit = 65536 (default)
2019-09-20 14:30:15,536 [91f00b63-c6d2-4d34-b168-5848dae554d4:group-E9A10A1A590D:LeaderElection20] INFO  impl.RoleInfo (RoleInfo.java:updateAndGet(143)) - 91f00b63-c6d2-4d34-b168-5848dae554d4: start LeaderState
2019-09-20 14:30:15,536 [91f00b63-c6d2-4d34-b168-5848dae554d4:group-E9A10A1A590D:LeaderElection20] INFO  segmented.SegmentedRaftLogWorker (SegmentedRaftLogWorker.java:startLogSegment(380)) - 91f00b63-c6d2-4d34-b168-5848dae554d4-SegmentedRaftLogWorker:Storage Directory /workdir/hadoop-ozone/tools/target/test-dir/MiniOzoneClusterImpl-d73f9dc2-2858-4e9b-b98c-6f8fa2850d63/datanode-3/data/ratis/34b29e46-6158-43e2-a2fb-e9a10a1a590d: Starting segment from index:0
2019-09-20 14:30:15,537 [91f00b63-c6d2-4d34-b168-5848dae554d4:group-E9A10A1A590D:LeaderElection20] INFO  impl.RaftServerImpl (ServerState.java:setRaftConf(361)) - 91f00b63-c6d2-4d34-b168-5848dae554d4:group-E9A10A1A590D set configuration 0: [91f00b63-c6d2-4d34-b168-5848dae554d4:192.168.36.99:38636], old=null at 0
2019-09-20 14:30:15,618 [91f00b63-c6d2-4d34-b168-5848dae554d4-SegmentedRaftLogWorker:Storage Directory /workdir/hadoop-ozone/tools/target/test-dir/MiniOzoneClusterImpl-d73f9dc2-2858-4e9b-b98c-6f8fa2850d63/datanode-3/data/ratis/34b29e46-6158-43e2-a2fb-e9a10a1a590d] INFO  segmented.SegmentedRaftLogWorker (SegmentedRaftLogWorker.java:execute(569)) - 91f00b63-c6d2-4d34-b168-5848dae554d4-SegmentedRaftLogWorker:Storage Directory /workdir/hadoop-ozone/tools/target/test-dir/MiniOzoneClusterImpl-d73f9dc2-2858-4e9b-b98c-6f8fa2850d63/datanode-3/data/ratis/34b29e46-6158-43e2-a2fb-e9a10a1a590d: created new log segment /workdir/hadoop-ozone/tools/target/test-dir/MiniOzoneClusterImpl-d73f9dc2-2858-4e9b-b98c-6f8fa2850d63/datanode-3/data/ratis/34b29e46-6158-43e2-a2fb-e9a10a1a590d/current/log_inprogress_0
2019-09-20 14:30:15,623 | INFO  | SCMAudit | user=jenkins1000 | ip=192.168.36.99 | op=SEND_HEARTBEAT {datanodeUUID=51c8ff27-873d-4cbb-8820-aa0ac2de17d7, command=[]} | ret=SUCCESS |  
2019-09-20 14:30:15,629 [Thread-277] INFO  impl.FollowerState (FollowerState.java:run(106)) - 51c8ff27-873d-4cbb-8820-aa0ac2de17d7:group-DDF07371ADCC changes to CANDIDATE, lastRpcTime:5171, electionTimeout:5171ms
2019-09-20 14:30:15,629 [Thread-277] INFO  impl.RoleInfo (RoleInfo.java:shutdownFollowerState(121)) - 51c8ff27-873d-4cbb-8820-aa0ac2de17d7: shutdown FollowerState
2019-09-20 14:30:15,630 [Thread-277] INFO  impl.RaftServerImpl (RaftServerImpl.java:setRole(171)) - 51c8ff27-873d-4cbb-8820-aa0ac2de17d7:group-DDF07371ADCC changes role from FOLLOWER to CANDIDATE at term 0 for changeToCandidate
2019-09-20 14:30:15,630 [Thread-277] INFO  impl.RoleInfo (RoleInfo.java:updateAndGet(143)) - 51c8ff27-873d-4cbb-8820-aa0ac2de17d7: start LeaderElection
2019-09-20 14:30:15,632 [Thread-280] INFO  impl.FollowerState (FollowerState.java:run(106)) - 51c8ff27-873d-4cbb-8820-aa0ac2de17d7:group-D17D01AEB5F0 changes to CANDIDATE, lastRpcTime:5073, electionTimeout:5072ms
2019-09-20 14:30:15,632 [Thread-280] INFO  impl.RoleInfo (RoleInfo.java:shutdownFollowerState(121)) - 51c8ff27-873d-4cbb-8820-aa0ac2de17d7: shutdown FollowerState
2019-09-20 14:30:15,633 [Thread-280] INFO  impl.RaftServerImpl (RaftServerImpl.java:setRole(171)) - 51c8ff27-873d-4cbb-8820-aa0ac2de17d7:group-D17D01AEB5F0 changes role from FOLLOWER to CANDIDATE at term 0 for changeToCandidate
2019-09-20 14:30:15,633 [Thread-280] INFO  impl.RoleInfo (RoleInfo.java:updateAndGet(143)) - 51c8ff27-873d-4cbb-8820-aa0ac2de17d7: start LeaderElection
2019-09-20 14:30:15,670 [Thread-283] INFO  impl.FollowerState (FollowerState.java:run(106)) - 91f00b63-c6d2-4d34-b168-5848dae554d4:group-F2C575840DC0 changes to CANDIDATE, lastRpcTime:5026, electionTimeout:5026ms
2019-09-20 14:30:15,670 [Thread-283] INFO  impl.RoleInfo (RoleInfo.java:shutdownFollowerState(121)) - 91f00b63-c6d2-4d34-b168-5848dae554d4: shutdown FollowerState
2019-09-20 14:30:15,670 [Thread-283] INFO  impl.RaftServerImpl (RaftServerImpl.java:setRole(171)) - 91f00b63-c6d2-4d34-b168-5848dae554d4:group-F2C575840DC0 changes role from FOLLOWER to CANDIDATE at term 0 for changeToCandidate
2019-09-20 14:30:15,670 [Thread-283] INFO  impl.RoleInfo (RoleInfo.java:updateAndGet(143)) - 91f00b63-c6d2-4d34-b168-5848dae554d4: start LeaderElection
2019-09-20 14:30:15,677 [51c8ff27-873d-4cbb-8820-aa0ac2de17d7:group-D17D01AEB5F0:LeaderElection22] INFO  impl.LeaderElection (LeaderElection.java:askForVotes(181)) - 51c8ff27-873d-4cbb-8820-aa0ac2de17d7:group-D17D01AEB5F0:LeaderElection22: begin an election at term 1 for -1: [51c8ff27-873d-4cbb-8820-aa0ac2de17d7:192.168.36.99:37061], old=null
2019-09-20 14:30:15,677 [51c8ff27-873d-4cbb-8820-aa0ac2de17d7:group-DDF07371ADCC:LeaderElection21] INFO  impl.LeaderElection (LeaderElection.java:askForVotes(181)) - 51c8ff27-873d-4cbb-8820-aa0ac2de17d7:group-DDF07371ADCC:LeaderElection21: begin an election at term 1 for -1: [51c8ff27-873d-4cbb-8820-aa0ac2de17d7:192.168.36.99:37061], old=null
2019-09-20 14:30:15,677 [51c8ff27-873d-4cbb-8820-aa0ac2de17d7:group-D17D01AEB5F0:LeaderElection22] INFO  impl.RoleInfo (RoleInfo.java:shutdownLeaderElection(134)) - 51c8ff27-873d-4cbb-8820-aa0ac2de17d7: shutdown LeaderElection
2019-09-20 14:30:15,677 [51c8ff27-873d-4cbb-8820-aa0ac2de17d7:group-DDF07371ADCC:LeaderElection21] INFO  impl.RoleInfo (RoleInfo.java:shutdownLeaderElection(134)) - 51c8ff27-873d-4cbb-8820-aa0ac2de17d7: shutdown LeaderElection
2019-09-20 14:30:15,677 [51c8ff27-873d-4cbb-8820-aa0ac2de17d7:group-D17D01AEB5F0:LeaderElection22] INFO  impl.RaftServerImpl (RaftServerImpl.java:setRole(171)) - 51c8ff27-873d-4cbb-8820-aa0ac2de17d7:group-D17D01AEB5F0 changes role from CANDIDATE to LEADER at term 1 for changeToLeader
2019-09-20 14:30:15,677 [51c8ff27-873d-4cbb-8820-aa0ac2de17d7:group-DDF07371ADCC:LeaderElection21] INFO  impl.RaftServerImpl (RaftServerImpl.java:setRole(171)) - 51c8ff27-873d-4cbb-8820-aa0ac2de17d7:group-DDF07371ADCC changes role from CANDIDATE to LEADER at term 1 for changeToLeader
2019-09-20 14:30:15,677 [51c8ff27-873d-4cbb-8820-aa0ac2de17d7:group-D17D01AEB5F0:LeaderElection22] INFO  impl.RaftServerImpl (ServerState.java:setLeader(263)) - 51c8ff27-873d-4cbb-8820-aa0ac2de17d7:group-D17D01AEB5F0 change Leader from null to 51c8ff27-873d-4cbb-8820-aa0ac2de17d7 at term 1 for becomeLeader, leader elected after 5123ms
2019-09-20 14:30:15,678 [51c8ff27-873d-4cbb-8820-aa0ac2de17d7:group-DDF07371ADCC:LeaderElection21] INFO  impl.RaftServerImpl (ServerState.java:setLeader(263)) - 51c8ff27-873d-4cbb-8820-aa0ac2de17d7:group-DDF07371ADCC change Leader from null to 51c8ff27-873d-4cbb-8820-aa0ac2de17d7 at term 1 for becomeLeader, leader elected after 5224ms
2019-09-20 14:30:15,678 [51c8ff27-873d-4cbb-8820-aa0ac2de17d7:group-D17D01AEB5F0:LeaderElection22] INFO  server.RaftServerConfigKeys (ConfUtils.java:logGet(43)) - raft.server.staging.catchup.gap = 1000 (default)
2019-09-20 14:30:15,678 [51c8ff27-873d-4cbb-8820-aa0ac2de17d7:group-DDF07371ADCC:LeaderElection21] INFO  server.RaftServerConfigKeys (ConfUtils.java:logGet(43)) - raft.server.staging.catchup.gap = 1000 (default)
2019-09-20 14:30:15,678 [51c8ff27-873d-4cbb-8820-aa0ac2de17d7:group-D17D01AEB5F0:LeaderElection22] INFO  server.RaftServerConfigKeys (ConfUtils.java:logGet(43)) - raft.server.rpc.sleep.time = 25ms (default)
2019-09-20 14:30:15,678 [51c8ff27-873d-4cbb-8820-aa0ac2de17d7:group-DDF07371ADCC:LeaderElection21] INFO  server.RaftServerConfigKeys (ConfUtils.java:logGet(43)) - raft.server.rpc.sleep.time = 25ms (default)
2019-09-20 14:30:15,678 [51c8ff27-873d-4cbb-8820-aa0ac2de17d7:group-D17D01AEB5F0:LeaderElection22] INFO  server.RaftServerConfigKeys (ConfUtils.java:logGet(43)) - raft.server.write.element-limit = 4096 (default)
2019-09-20 14:30:15,679 [51c8ff27-873d-4cbb-8820-aa0ac2de17d7:group-DDF07371ADCC:LeaderElection21] INFO  server.RaftServerConfigKeys (ConfUtils.java:logGet(43)) - raft.server.write.element-limit = 4096 (default)
2019-09-20 14:30:15,679 [51c8ff27-873d-4cbb-8820-aa0ac2de17d7:group-D17D01AEB5F0:LeaderElection22] INFO  server.RaftServerConfigKeys (ConfUtils.java:logGet(43)) - raft.server.watch.timeout = 10s (default)
2019-09-20 14:30:15,679 [51c8ff27-873d-4cbb-8820-aa0ac2de17d7:group-DDF07371ADCC:LeaderElection21] INFO  server.RaftServerConfigKeys (ConfUtils.java:logGet(43)) - raft.server.watch.timeout = 10s (default)
2019-09-20 14:30:15,679 [51c8ff27-873d-4cbb-8820-aa0ac2de17d7:group-D17D01AEB5F0:LeaderElection22] INFO  server.RaftServerConfigKeys (ConfUtils.java:logGet(43)) - raft.server.watch.timeout.denomination = 1s (default)
2019-09-20 14:30:15,679 [51c8ff27-873d-4cbb-8820-aa0ac2de17d7:group-DDF07371ADCC:LeaderElection21] INFO  server.RaftServerConfigKeys (ConfUtils.java:logGet(43)) - raft.server.watch.timeout.denomination = 1s (default)
2019-09-20 14:30:15,679 [51c8ff27-873d-4cbb-8820-aa0ac2de17d7:group-D17D01AEB5F0:LeaderElection22] INFO  server.RaftServerConfigKeys (ConfUtils.java:logGet(43)) - raft.server.watch.element-limit = 65536 (default)
2019-09-20 14:30:15,679 [51c8ff27-873d-4cbb-8820-aa0ac2de17d7:group-DDF07371ADCC:LeaderElection21] INFO  server.RaftServerConfigKeys (ConfUtils.java:logGet(43)) - raft.server.watch.element-limit = 65536 (default)
2019-09-20 14:30:15,680 [51c8ff27-873d-4cbb-8820-aa0ac2de17d7:group-D17D01AEB5F0:LeaderElection22] INFO  impl.RoleInfo (RoleInfo.java:updateAndGet(143)) - 51c8ff27-873d-4cbb-8820-aa0ac2de17d7: start LeaderState
2019-09-20 14:30:15,680 [51c8ff27-873d-4cbb-8820-aa0ac2de17d7:group-DDF07371ADCC:LeaderElection21] INFO  impl.RoleInfo (RoleInfo.java:updateAndGet(143)) - 51c8ff27-873d-4cbb-8820-aa0ac2de17d7: start LeaderState
2019-09-20 14:30:15,680 [51c8ff27-873d-4cbb-8820-aa0ac2de17d7:group-D17D01AEB5F0:LeaderElection22] INFO  segmented.SegmentedRaftLogWorker (SegmentedRaftLogWorker.java:startLogSegment(380)) - 51c8ff27-873d-4cbb-8820-aa0ac2de17d7-SegmentedRaftLogWorker:Storage Directory /workdir/hadoop-ozone/tools/target/test-dir/MiniOzoneClusterImpl-d73f9dc2-2858-4e9b-b98c-6f8fa2850d63/datanode-2/data/ratis/5d28c0fc-4855-4543-b900-d17d01aeb5f0: Starting segment from index:0
2019-09-20 14:30:15,680 [51c8ff27-873d-4cbb-8820-aa0ac2de17d7:group-DDF07371ADCC:LeaderElection21] INFO  segmented.SegmentedRaftLogWorker (SegmentedRaftLogWorker.java:startLogSegment(380)) - 51c8ff27-873d-4cbb-8820-aa0ac2de17d7-SegmentedRaftLogWorker:Storage Directory /workdir/hadoop-ozone/tools/target/test-dir/MiniOzoneClusterImpl-d73f9dc2-2858-4e9b-b98c-6f8fa2850d63/datanode-2/data/ratis/6c8b16bc-5669-434d-89d7-ddf07371adcc: Starting segment from index:0
2019-09-20 14:30:15,681 [51c8ff27-873d-4cbb-8820-aa0ac2de17d7:group-D17D01AEB5F0:LeaderElection22] INFO  impl.RaftServerImpl (ServerState.java:setRaftConf(361)) - 51c8ff27-873d-4cbb-8820-aa0ac2de17d7:group-D17D01AEB5F0 set configuration 0: [51c8ff27-873d-4cbb-8820-aa0ac2de17d7:192.168.36.99:37061], old=null at 0
2019-09-20 14:30:15,714 [51c8ff27-873d-4cbb-8820-aa0ac2de17d7:group-DDF07371ADCC:LeaderElection21] INFO  impl.RaftServerImpl (ServerState.java:setRaftConf(361)) - 51c8ff27-873d-4cbb-8820-aa0ac2de17d7:group-DDF07371ADCC set configuration 0: [51c8ff27-873d-4cbb-8820-aa0ac2de17d7:192.168.36.99:37061], old=null at 0
2019-09-20 14:30:15,753 [91f00b63-c6d2-4d34-b168-5848dae554d4:group-F2C575840DC0:LeaderElection23] INFO  impl.LeaderElection (LeaderElection.java:askForVotes(181)) - 91f00b63-c6d2-4d34-b168-5848dae554d4:group-F2C575840DC0:LeaderElection23: begin an election at term 1 for -1: [91f00b63-c6d2-4d34-b168-5848dae554d4:192.168.36.99:38636], old=null
2019-09-20 14:30:15,753 [91f00b63-c6d2-4d34-b168-5848dae554d4:group-F2C575840DC0:LeaderElection23] INFO  impl.RoleInfo (RoleInfo.java:shutdownLeaderElection(134)) - 91f00b63-c6d2-4d34-b168-5848dae554d4: shutdown LeaderElection
2019-09-20 14:30:15,754 [91f00b63-c6d2-4d34-b168-5848dae554d4:group-F2C575840DC0:LeaderElection23] INFO  impl.RaftServerImpl (RaftServerImpl.java:setRole(171)) - 91f00b63-c6d2-4d34-b168-5848dae554d4:group-F2C575840DC0 changes role from CANDIDATE to LEADER at term 1 for changeToLeader
2019-09-20 14:30:15,754 [91f00b63-c6d2-4d34-b168-5848dae554d4:group-F2C575840DC0:LeaderElection23] INFO  impl.RaftServerImpl (ServerState.java:setLeader(263)) - 91f00b63-c6d2-4d34-b168-5848dae554d4:group-F2C575840DC0 change Leader from null to 91f00b63-c6d2-4d34-b168-5848dae554d4 at term 1 for becomeLeader, leader elected after 5116ms
2019-09-20 14:30:15,754 [91f00b63-c6d2-4d34-b168-5848dae554d4:group-F2C575840DC0:LeaderElection23] INFO  server.RaftServerConfigKeys (ConfUtils.java:logGet(43)) - raft.server.staging.catchup.gap = 1000 (default)
2019-09-20 14:30:15,754 [91f00b63-c6d2-4d34-b168-5848dae554d4:group-F2C575840DC0:LeaderElection23] INFO  server.RaftServerConfigKeys (ConfUtils.java:logGet(43)) - raft.server.rpc.sleep.time = 25ms (default)
2019-09-20 14:30:15,755 [91f00b63-c6d2-4d34-b168-5848dae554d4:group-F2C575840DC0:LeaderElection23] INFO  server.RaftServerConfigKeys (ConfUtils.java:logGet(43)) - raft.server.write.element-limit = 4096 (default)
2019-09-20 14:30:15,755 [91f00b63-c6d2-4d34-b168-5848dae554d4:group-F2C575840DC0:LeaderElection23] INFO  server.RaftServerConfigKeys (ConfUtils.java:logGet(43)) - raft.server.watch.timeout = 10s (default)
2019-09-20 14:30:15,755 [91f00b63-c6d2-4d34-b168-5848dae554d4:group-F2C575840DC0:LeaderElection23] INFO  server.RaftServerConfigKeys (ConfUtils.java:logGet(43)) - raft.server.watch.timeout.denomination = 1s (default)
2019-09-20 14:30:15,755 [91f00b63-c6d2-4d34-b168-5848dae554d4:group-F2C575840DC0:LeaderElection23] INFO  server.RaftServerConfigKeys (ConfUtils.java:logGet(43)) - raft.server.watch.element-limit = 65536 (default)
2019-09-20 14:30:15,756 [91f00b63-c6d2-4d34-b168-5848dae554d4:group-F2C575840DC0:LeaderElection23] INFO  impl.RoleInfo (RoleInfo.java:updateAndGet(143)) - 91f00b63-c6d2-4d34-b168-5848dae554d4: start LeaderState
2019-09-20 14:30:15,756 [91f00b63-c6d2-4d34-b168-5848dae554d4:group-F2C575840DC0:LeaderElection23] INFO  segmented.SegmentedRaftLogWorker (SegmentedRaftLogWorker.java:startLogSegment(380)) - 91f00b63-c6d2-4d34-b168-5848dae554d4-SegmentedRaftLogWorker:Storage Directory /workdir/hadoop-ozone/tools/target/test-dir/MiniOzoneClusterImpl-d73f9dc2-2858-4e9b-b98c-6f8fa2850d63/datanode-3/data/ratis/00a0a330-64c4-4382-bb5f-f2c575840dc0: Starting segment from index:0
2019-09-20 14:30:15,757 [91f00b63-c6d2-4d34-b168-5848dae554d4:group-F2C575840DC0:LeaderElection23] INFO  impl.RaftServerImpl (ServerState.java:setRaftConf(361)) - 91f00b63-c6d2-4d34-b168-5848dae554d4:group-F2C575840DC0 set configuration 0: [91f00b63-c6d2-4d34-b168-5848dae554d4:192.168.36.99:38636], old=null at 0
2019-09-20 14:30:15,792 [51c8ff27-873d-4cbb-8820-aa0ac2de17d7-SegmentedRaftLogWorker:Storage Directory /workdir/hadoop-ozone/tools/target/test-dir/MiniOzoneClusterImpl-d73f9dc2-2858-4e9b-b98c-6f8fa2850d63/datanode-2/data/ratis/5d28c0fc-4855-4543-b900-d17d01aeb5f0] INFO  segmented.SegmentedRaftLogWorker (SegmentedRaftLogWorker.java:execute(569)) - 51c8ff27-873d-4cbb-8820-aa0ac2de17d7-SegmentedRaftLogWorker:Storage Directory /workdir/hadoop-ozone/tools/target/test-dir/MiniOzoneClusterImpl-d73f9dc2-2858-4e9b-b98c-6f8fa2850d63/datanode-2/data/ratis/5d28c0fc-4855-4543-b900-d17d01aeb5f0: created new log segment /workdir/hadoop-ozone/tools/target/test-dir/MiniOzoneClusterImpl-d73f9dc2-2858-4e9b-b98c-6f8fa2850d63/datanode-2/data/ratis/5d28c0fc-4855-4543-b900-d17d01aeb5f0/current/log_inprogress_0
2019-09-20 14:30:15,792 [51c8ff27-873d-4cbb-8820-aa0ac2de17d7-SegmentedRaftLogWorker:Storage Directory /workdir/hadoop-ozone/tools/target/test-dir/MiniOzoneClusterImpl-d73f9dc2-2858-4e9b-b98c-6f8fa2850d63/datanode-2/data/ratis/6c8b16bc-5669-434d-89d7-ddf07371adcc] INFO  segmented.SegmentedRaftLogWorker (SegmentedRaftLogWorker.java:execute(569)) - 51c8ff27-873d-4cbb-8820-aa0ac2de17d7-SegmentedRaftLogWorker:Storage Directory /workdir/hadoop-ozone/tools/target/test-dir/MiniOzoneClusterImpl-d73f9dc2-2858-4e9b-b98c-6f8fa2850d63/datanode-2/data/ratis/6c8b16bc-5669-434d-89d7-ddf07371adcc: created new log segment /workdir/hadoop-ozone/tools/target/test-dir/MiniOzoneClusterImpl-d73f9dc2-2858-4e9b-b98c-6f8fa2850d63/datanode-2/data/ratis/6c8b16bc-5669-434d-89d7-ddf07371adcc/current/log_inprogress_0
2019-09-20 14:30:15,844 [91f00b63-c6d2-4d34-b168-5848dae554d4-SegmentedRaftLogWorker:Storage Directory /workdir/hadoop-ozone/tools/target/test-dir/MiniOzoneClusterImpl-d73f9dc2-2858-4e9b-b98c-6f8fa2850d63/datanode-3/data/ratis/00a0a330-64c4-4382-bb5f-f2c575840dc0] INFO  segmented.SegmentedRaftLogWorker (SegmentedRaftLogWorker.java:execute(569)) - 91f00b63-c6d2-4d34-b168-5848dae554d4-SegmentedRaftLogWorker:Storage Directory /workdir/hadoop-ozone/tools/target/test-dir/MiniOzoneClusterImpl-d73f9dc2-2858-4e9b-b98c-6f8fa2850d63/datanode-3/data/ratis/00a0a330-64c4-4382-bb5f-f2c575840dc0: created new log segment /workdir/hadoop-ozone/tools/target/test-dir/MiniOzoneClusterImpl-d73f9dc2-2858-4e9b-b98c-6f8fa2850d63/datanode-3/data/ratis/00a0a330-64c4-4382-bb5f-f2c575840dc0/current/log_inprogress_0
2019-09-20 14:30:15,888 [Thread-286] INFO  impl.FollowerState (FollowerState.java:run(106)) - 91f00b63-c6d2-4d34-b168-5848dae554d4:group-3A7FA3546EA3 changes to CANDIDATE, lastRpcTime:5162, electionTimeout:5162ms
2019-09-20 14:30:15,889 [Thread-286] INFO  impl.RoleInfo (RoleInfo.java:shutdownFollowerState(121)) - 91f00b63-c6d2-4d34-b168-5848dae554d4: shutdown FollowerState
2019-09-20 14:30:15,889 [Thread-286] INFO  impl.RaftServerImpl (RaftServerImpl.java:setRole(171)) - 91f00b63-c6d2-4d34-b168-5848dae554d4:group-3A7FA3546EA3 changes role from FOLLOWER to CANDIDATE at term 0 for changeToCandidate
2019-09-20 14:30:15,889 [Thread-286] INFO  impl.RoleInfo (RoleInfo.java:updateAndGet(143)) - 91f00b63-c6d2-4d34-b168-5848dae554d4: start LeaderElection
2019-09-20 14:30:15,920 [91f00b63-c6d2-4d34-b168-5848dae554d4:group-3A7FA3546EA3:LeaderElection24] INFO  impl.LeaderElection (LeaderElection.java:askForVotes(181)) - 91f00b63-c6d2-4d34-b168-5848dae554d4:group-3A7FA3546EA3:LeaderElection24: begin an election at term 1 for -1: [91f00b63-c6d2-4d34-b168-5848dae554d4:192.168.36.99:38636], old=null
2019-09-20 14:30:15,920 [91f00b63-c6d2-4d34-b168-5848dae554d4:group-3A7FA3546EA3:LeaderElection24] INFO  impl.RoleInfo (RoleInfo.java:shutdownLeaderElection(134)) - 91f00b63-c6d2-4d34-b168-5848dae554d4: shutdown LeaderElection
2019-09-20 14:30:15,920 [91f00b63-c6d2-4d34-b168-5848dae554d4:group-3A7FA3546EA3:LeaderElection24] INFO  impl.RaftServerImpl (RaftServerImpl.java:setRole(171)) - 91f00b63-c6d2-4d34-b168-5848dae554d4:group-3A7FA3546EA3 changes role from CANDIDATE to LEADER at term 1 for changeToLeader
2019-09-20 14:30:15,920 [91f00b63-c6d2-4d34-b168-5848dae554d4:group-3A7FA3546EA3:LeaderElection24] INFO  impl.RaftServerImpl (ServerState.java:setLeader(263)) - 91f00b63-c6d2-4d34-b168-5848dae554d4:group-3A7FA3546EA3 change Leader from null to 91f00b63-c6d2-4d34-b168-5848dae554d4 at term 1 for becomeLeader, leader elected after 5199ms
2019-09-20 14:30:15,921 [91f00b63-c6d2-4d34-b168-5848dae554d4:group-3A7FA3546EA3:LeaderElection24] INFO  server.RaftServerConfigKeys (ConfUtils.java:logGet(43)) - raft.server.staging.catchup.gap = 1000 (default)
2019-09-20 14:30:15,921 [91f00b63-c6d2-4d34-b168-5848dae554d4:group-3A7FA3546EA3:LeaderElection24] INFO  server.RaftServerConfigKeys (ConfUtils.java:logGet(43)) - raft.server.rpc.sleep.time = 25ms (default)
2019-09-20 14:30:15,921 [91f00b63-c6d2-4d34-b168-5848dae554d4:group-3A7FA3546EA3:LeaderElection24] INFO  server.RaftServerConfigKeys (ConfUtils.java:logGet(43)) - raft.server.write.element-limit = 4096 (default)
2019-09-20 14:30:15,921 [91f00b63-c6d2-4d34-b168-5848dae554d4:group-3A7FA3546EA3:LeaderElection24] INFO  server.RaftServerConfigKeys (ConfUtils.java:logGet(43)) - raft.server.watch.timeout = 10s (default)
2019-09-20 14:30:15,921 [91f00b63-c6d2-4d34-b168-5848dae554d4:group-3A7FA3546EA3:LeaderElection24] INFO  server.RaftServerConfigKeys (ConfUtils.java:logGet(43)) - raft.server.watch.timeout.denomination = 1s (default)
2019-09-20 14:30:15,922 [91f00b63-c6d2-4d34-b168-5848dae554d4:group-3A7FA3546EA3:LeaderElection24] INFO  server.RaftServerConfigKeys (ConfUtils.java:logGet(43)) - raft.server.watch.element-limit = 65536 (default)
2019-09-20 14:30:15,922 [91f00b63-c6d2-4d34-b168-5848dae554d4:group-3A7FA3546EA3:LeaderElection24] INFO  impl.RoleInfo (RoleInfo.java:updateAndGet(143)) - 91f00b63-c6d2-4d34-b168-5848dae554d4: start LeaderState
2019-09-20 14:30:15,922 [91f00b63-c6d2-4d34-b168-5848dae554d4:group-3A7FA3546EA3:LeaderElection24] INFO  segmented.SegmentedRaftLogWorker (SegmentedRaftLogWorker.java:startLogSegment(380)) - 91f00b63-c6d2-4d34-b168-5848dae554d4-SegmentedRaftLogWorker:Storage Directory /workdir/hadoop-ozone/tools/target/test-dir/MiniOzoneClusterImpl-d73f9dc2-2858-4e9b-b98c-6f8fa2850d63/datanode-3/data/ratis/bb1a920d-5aa0-42ce-a9a9-3a7fa3546ea3: Starting segment from index:0
2019-09-20 14:30:15,923 [91f00b63-c6d2-4d34-b168-5848dae554d4:group-3A7FA3546EA3:LeaderElection24] INFO  impl.RaftServerImpl (ServerState.java:setRaftConf(361)) - 91f00b63-c6d2-4d34-b168-5848dae554d4:group-3A7FA3546EA3 set configuration 0: [91f00b63-c6d2-4d34-b168-5848dae554d4:192.168.36.99:38636], old=null at 0
2019-09-20 14:30:15,987 [91f00b63-c6d2-4d34-b168-5848dae554d4-SegmentedRaftLogWorker:Storage Directory /workdir/hadoop-ozone/tools/target/test-dir/MiniOzoneClusterImpl-d73f9dc2-2858-4e9b-b98c-6f8fa2850d63/datanode-3/data/ratis/bb1a920d-5aa0-42ce-a9a9-3a7fa3546ea3] INFO  segmented.SegmentedRaftLogWorker (SegmentedRaftLogWorker.java:execute(569)) - 91f00b63-c6d2-4d34-b168-5848dae554d4-SegmentedRaftLogWorker:Storage Directory /workdir/hadoop-ozone/tools/target/test-dir/MiniOzoneClusterImpl-d73f9dc2-2858-4e9b-b98c-6f8fa2850d63/datanode-3/data/ratis/bb1a920d-5aa0-42ce-a9a9-3a7fa3546ea3: created new log segment /workdir/hadoop-ozone/tools/target/test-dir/MiniOzoneClusterImpl-d73f9dc2-2858-4e9b-b98c-6f8fa2850d63/datanode-3/data/ratis/bb1a920d-5aa0-42ce-a9a9-3a7fa3546ea3/current/log_inprogress_0
2019-09-20 14:30:15,989 [Thread-292] INFO  impl.FollowerState (FollowerState.java:run(106)) - 8a1a3fc2-2e5e-451c-bb07-3011db4e4137:group-66AAF8295069 changes to CANDIDATE, lastRpcTime:5070, electionTimeout:5070ms
2019-09-20 14:30:15,990 [Thread-292] INFO  impl.RoleInfo (RoleInfo.java:shutdownFollowerState(121)) - 8a1a3fc2-2e5e-451c-bb07-3011db4e4137: shutdown FollowerState
2019-09-20 14:30:15,990 [Thread-292] INFO  impl.RaftServerImpl (RaftServerImpl.java:setRole(171)) - 8a1a3fc2-2e5e-451c-bb07-3011db4e4137:group-66AAF8295069 changes role from FOLLOWER to CANDIDATE at term 0 for changeToCandidate
2019-09-20 14:30:15,990 [Thread-292] INFO  impl.RoleInfo (RoleInfo.java:updateAndGet(143)) - 8a1a3fc2-2e5e-451c-bb07-3011db4e4137: start LeaderElection
2019-09-20 14:30:15,996 [Thread-289] INFO  impl.FollowerState (FollowerState.java:run(106)) - 8a1a3fc2-2e5e-451c-bb07-3011db4e4137:group-898AE56C8974 changes to CANDIDATE, lastRpcTime:5162, electionTimeout:5162ms
2019-09-20 14:30:15,997 [Thread-289] INFO  impl.RoleInfo (RoleInfo.java:shutdownFollowerState(121)) - 8a1a3fc2-2e5e-451c-bb07-3011db4e4137: shutdown FollowerState
2019-09-20 14:30:15,997 [Thread-289] INFO  impl.RaftServerImpl (RaftServerImpl.java:setRole(171)) - 8a1a3fc2-2e5e-451c-bb07-3011db4e4137:group-898AE56C8974 changes role from FOLLOWER to CANDIDATE at term 0 for changeToCandidate
2019-09-20 14:30:15,997 [Thread-289] INFO  impl.RoleInfo (RoleInfo.java:updateAndGet(143)) - 8a1a3fc2-2e5e-451c-bb07-3011db4e4137: start LeaderElection
2019-09-20 14:30:16,021 [8a1a3fc2-2e5e-451c-bb07-3011db4e4137:group-66AAF8295069:LeaderElection25] INFO  impl.LeaderElection (LeaderElection.java:askForVotes(181)) - 8a1a3fc2-2e5e-451c-bb07-3011db4e4137:group-66AAF8295069:LeaderElection25: begin an election at term 1 for -1: [8a1a3fc2-2e5e-451c-bb07-3011db4e4137:192.168.36.99:43541], old=null
2019-09-20 14:30:16,021 [8a1a3fc2-2e5e-451c-bb07-3011db4e4137:group-898AE56C8974:LeaderElection26] INFO  impl.LeaderElection (LeaderElection.java:askForVotes(181)) - 8a1a3fc2-2e5e-451c-bb07-3011db4e4137:group-898AE56C8974:LeaderElection26: begin an election at term 1 for -1: [8a1a3fc2-2e5e-451c-bb07-3011db4e4137:192.168.36.99:43541], old=null
2019-09-20 14:30:16,021 [8a1a3fc2-2e5e-451c-bb07-3011db4e4137:group-66AAF8295069:LeaderElection25] INFO  impl.RoleInfo (RoleInfo.java:shutdownLeaderElection(134)) - 8a1a3fc2-2e5e-451c-bb07-3011db4e4137: shutdown LeaderElection
2019-09-20 14:30:16,021 [8a1a3fc2-2e5e-451c-bb07-3011db4e4137:group-898AE56C8974:LeaderElection26] INFO  impl.RoleInfo (RoleInfo.java:shutdownLeaderElection(134)) - 8a1a3fc2-2e5e-451c-bb07-3011db4e4137: shutdown LeaderElection
2019-09-20 14:30:16,021 [8a1a3fc2-2e5e-451c-bb07-3011db4e4137:group-66AAF8295069:LeaderElection25] INFO  impl.RaftServerImpl (RaftServerImpl.java:setRole(171)) - 8a1a3fc2-2e5e-451c-bb07-3011db4e4137:group-66AAF8295069 changes role from CANDIDATE to LEADER at term 1 for changeToLeader
2019-09-20 14:30:16,021 [8a1a3fc2-2e5e-451c-bb07-3011db4e4137:group-898AE56C8974:LeaderElection26] INFO  impl.RaftServerImpl (RaftServerImpl.java:setRole(171)) - 8a1a3fc2-2e5e-451c-bb07-3011db4e4137:group-898AE56C8974 changes role from CANDIDATE to LEADER at term 1 for changeToLeader
2019-09-20 14:30:16,021 [8a1a3fc2-2e5e-451c-bb07-3011db4e4137:group-66AAF8295069:LeaderElection25] INFO  impl.RaftServerImpl (ServerState.java:setLeader(263)) - 8a1a3fc2-2e5e-451c-bb07-3011db4e4137:group-66AAF8295069 change Leader from null to 8a1a3fc2-2e5e-451c-bb07-3011db4e4137 at term 1 for becomeLeader, leader elected after 5107ms
2019-09-20 14:30:16,022 [8a1a3fc2-2e5e-451c-bb07-3011db4e4137:group-898AE56C8974:LeaderElection26] INFO  impl.RaftServerImpl (ServerState.java:setLeader(263)) - 8a1a3fc2-2e5e-451c-bb07-3011db4e4137:group-898AE56C8974 change Leader from null to 8a1a3fc2-2e5e-451c-bb07-3011db4e4137 at term 1 for becomeLeader, leader elected after 5193ms
2019-09-20 14:30:16,022 [8a1a3fc2-2e5e-451c-bb07-3011db4e4137:group-66AAF8295069:LeaderElection25] INFO  server.RaftServerConfigKeys (ConfUtils.java:logGet(43)) - raft.server.staging.catchup.gap = 1000 (default)
2019-09-20 14:30:16,022 [8a1a3fc2-2e5e-451c-bb07-3011db4e4137:group-898AE56C8974:LeaderElection26] INFO  server.RaftServerConfigKeys (ConfUtils.java:logGet(43)) - raft.server.staging.catchup.gap = 1000 (default)
2019-09-20 14:30:16,022 [8a1a3fc2-2e5e-451c-bb07-3011db4e4137:group-66AAF8295069:LeaderElection25] INFO  server.RaftServerConfigKeys (ConfUtils.java:logGet(43)) - raft.server.rpc.sleep.time = 25ms (default)
2019-09-20 14:30:16,022 [8a1a3fc2-2e5e-451c-bb07-3011db4e4137:group-898AE56C8974:LeaderElection26] INFO  server.RaftServerConfigKeys (ConfUtils.java:logGet(43)) - raft.server.rpc.sleep.time = 25ms (default)
2019-09-20 14:30:16,022 [8a1a3fc2-2e5e-451c-bb07-3011db4e4137:group-66AAF8295069:LeaderElection25] INFO  server.RaftServerConfigKeys (ConfUtils.java:logGet(43)) - raft.server.write.element-limit = 4096 (default)
2019-09-20 14:30:16,023 [8a1a3fc2-2e5e-451c-bb07-3011db4e4137:group-898AE56C8974:LeaderElection26] INFO  server.RaftServerConfigKeys (ConfUtils.java:logGet(43)) - raft.server.write.element-limit = 4096 (default)
2019-09-20 14:30:16,023 [8a1a3fc2-2e5e-451c-bb07-3011db4e4137:group-66AAF8295069:LeaderElection25] INFO  server.RaftServerConfigKeys (ConfUtils.java:logGet(43)) - raft.server.watch.timeout = 10s (default)
2019-09-20 14:30:16,023 [8a1a3fc2-2e5e-451c-bb07-3011db4e4137:group-898AE56C8974:LeaderElection26] INFO  server.RaftServerConfigKeys (ConfUtils.java:logGet(43)) - raft.server.watch.timeout = 10s (default)
2019-09-20 14:30:16,023 [8a1a3fc2-2e5e-451c-bb07-3011db4e4137:group-66AAF8295069:LeaderElection25] INFO  server.RaftServerConfigKeys (ConfUtils.java:logGet(43)) - raft.server.watch.timeout.denomination = 1s (default)
2019-09-20 14:30:16,023 [8a1a3fc2-2e5e-451c-bb07-3011db4e4137:group-898AE56C8974:LeaderElection26] INFO  server.RaftServerConfigKeys (ConfUtils.java:logGet(43)) - raft.server.watch.timeout.denomination = 1s (default)
2019-09-20 14:30:16,023 [8a1a3fc2-2e5e-451c-bb07-3011db4e4137:group-66AAF8295069:LeaderElection25] INFO  server.RaftServerConfigKeys (ConfUtils.java:logGet(43)) - raft.server.watch.element-limit = 65536 (default)
2019-09-20 14:30:16,023 [8a1a3fc2-2e5e-451c-bb07-3011db4e4137:group-898AE56C8974:LeaderElection26] INFO  server.RaftServerConfigKeys (ConfUtils.java:logGet(43)) - raft.server.watch.element-limit = 65536 (default)
2019-09-20 14:30:16,024 [8a1a3fc2-2e5e-451c-bb07-3011db4e4137:group-66AAF8295069:LeaderElection25] INFO  impl.RoleInfo (RoleInfo.java:updateAndGet(143)) - 8a1a3fc2-2e5e-451c-bb07-3011db4e4137: start LeaderState
2019-09-20 14:30:16,024 [8a1a3fc2-2e5e-451c-bb07-3011db4e4137:group-898AE56C8974:LeaderElection26] INFO  impl.RoleInfo (RoleInfo.java:updateAndGet(143)) - 8a1a3fc2-2e5e-451c-bb07-3011db4e4137: start LeaderState
2019-09-20 14:30:16,024 [8a1a3fc2-2e5e-451c-bb07-3011db4e4137:group-66AAF8295069:LeaderElection25] INFO  segmented.SegmentedRaftLogWorker (SegmentedRaftLogWorker.java:startLogSegment(380)) - 8a1a3fc2-2e5e-451c-bb07-3011db4e4137-SegmentedRaftLogWorker:Storage Directory /workdir/hadoop-ozone/tools/target/test-dir/MiniOzoneClusterImpl-d73f9dc2-2858-4e9b-b98c-6f8fa2850d63/datanode-4/data/ratis/1f8d7a56-2249-4020-89af-66aaf8295069: Starting segment from index:0
2019-09-20 14:30:16,024 [8a1a3fc2-2e5e-451c-bb07-3011db4e4137:group-898AE56C8974:LeaderElection26] INFO  segmented.SegmentedRaftLogWorker (SegmentedRaftLogWorker.java:startLogSegment(380)) - 8a1a3fc2-2e5e-451c-bb07-3011db4e4137-SegmentedRaftLogWorker:Storage Directory /workdir/hadoop-ozone/tools/target/test-dir/MiniOzoneClusterImpl-d73f9dc2-2858-4e9b-b98c-6f8fa2850d63/datanode-4/data/ratis/1fe845fc-5927-4405-905c-898ae56c8974: Starting segment from index:0
2019-09-20 14:30:16,025 [8a1a3fc2-2e5e-451c-bb07-3011db4e4137:group-66AAF8295069:LeaderElection25] INFO  impl.RaftServerImpl (ServerState.java:setRaftConf(361)) - 8a1a3fc2-2e5e-451c-bb07-3011db4e4137:group-66AAF8295069 set configuration 0: [8a1a3fc2-2e5e-451c-bb07-3011db4e4137:192.168.36.99:43541], old=null at 0
2019-09-20 14:30:16,063 [8a1a3fc2-2e5e-451c-bb07-3011db4e4137:group-898AE56C8974:LeaderElection26] INFO  impl.RaftServerImpl (ServerState.java:setRaftConf(361)) - 8a1a3fc2-2e5e-451c-bb07-3011db4e4137:group-898AE56C8974 set configuration 0: [8a1a3fc2-2e5e-451c-bb07-3011db4e4137:192.168.36.99:43541], old=null at 0
2019-09-20 14:30:16,105 [8a1a3fc2-2e5e-451c-bb07-3011db4e4137-SegmentedRaftLogWorker:Storage Directory /workdir/hadoop-ozone/tools/target/test-dir/MiniOzoneClusterImpl-d73f9dc2-2858-4e9b-b98c-6f8fa2850d63/datanode-4/data/ratis/1f8d7a56-2249-4020-89af-66aaf8295069] INFO  segmented.SegmentedRaftLogWorker (SegmentedRaftLogWorker.java:execute(569)) - 8a1a3fc2-2e5e-451c-bb07-3011db4e4137-SegmentedRaftLogWorker:Storage Directory /workdir/hadoop-ozone/tools/target/test-dir/MiniOzoneClusterImpl-d73f9dc2-2858-4e9b-b98c-6f8fa2850d63/datanode-4/data/ratis/1f8d7a56-2249-4020-89af-66aaf8295069: created new log segment /workdir/hadoop-ozone/tools/target/test-dir/MiniOzoneClusterImpl-d73f9dc2-2858-4e9b-b98c-6f8fa2850d63/datanode-4/data/ratis/1f8d7a56-2249-4020-89af-66aaf8295069/current/log_inprogress_0
2019-09-20 14:30:16,106 | INFO  | SCMAudit | user=jenkins1000 | ip=192.168.36.99 | op=SEND_HEARTBEAT {datanodeUUID=91f00b63-c6d2-4d34-b168-5848dae554d4, command=[]} | ret=SUCCESS |  
2019-09-20 14:30:16,106 | INFO  | SCMAudit | user=jenkins1000 | ip=192.168.36.99 | op=SEND_HEARTBEAT {datanodeUUID=414b61dd-dc64-4170-a4f7-ed46231621a1, command=[]} | ret=SUCCESS |  
2019-09-20 14:30:16,138 [8a1a3fc2-2e5e-451c-bb07-3011db4e4137-SegmentedRaftLogWorker:Storage Directory /workdir/hadoop-ozone/tools/target/test-dir/MiniOzoneClusterImpl-d73f9dc2-2858-4e9b-b98c-6f8fa2850d63/datanode-4/data/ratis/1fe845fc-5927-4405-905c-898ae56c8974] INFO  segmented.SegmentedRaftLogWorker (SegmentedRaftLogWorker.java:execute(569)) - 8a1a3fc2-2e5e-451c-bb07-3011db4e4137-SegmentedRaftLogWorker:Storage Directory /workdir/hadoop-ozone/tools/target/test-dir/MiniOzoneClusterImpl-d73f9dc2-2858-4e9b-b98c-6f8fa2850d63/datanode-4/data/ratis/1fe845fc-5927-4405-905c-898ae56c8974: created new log segment /workdir/hadoop-ozone/tools/target/test-dir/MiniOzoneClusterImpl-d73f9dc2-2858-4e9b-b98c-6f8fa2850d63/datanode-4/data/ratis/1fe845fc-5927-4405-905c-898ae56c8974/current/log_inprogress_0
2019-09-20 14:30:16,139 [Thread-298] INFO  impl.FollowerState (FollowerState.java:run(106)) - 91f00b63-c6d2-4d34-b168-5848dae554d4:group-4DCE611FA183 changes to CANDIDATE, lastRpcTime:5039, electionTimeout:5039ms
2019-09-20 14:30:16,139 [Thread-298] INFO  impl.RoleInfo (RoleInfo.java:shutdownFollowerState(121)) - 91f00b63-c6d2-4d34-b168-5848dae554d4: shutdown FollowerState
2019-09-20 14:30:16,139 [Thread-298] INFO  impl.RaftServerImpl (RaftServerImpl.java:setRole(171)) - 91f00b63-c6d2-4d34-b168-5848dae554d4:group-4DCE611FA183 changes role from FOLLOWER to CANDIDATE at term 0 for changeToCandidate
2019-09-20 14:30:16,139 [Thread-298] INFO  impl.RoleInfo (RoleInfo.java:updateAndGet(143)) - 91f00b63-c6d2-4d34-b168-5848dae554d4: start LeaderElection
2019-09-20 14:30:16,186 [Thread-295] INFO  impl.FollowerState (FollowerState.java:run(106)) - 8a1a3fc2-2e5e-451c-bb07-3011db4e4137:group-BB0A7E53064A changes to CANDIDATE, lastRpcTime:5179, electionTimeout:5179ms
2019-09-20 14:30:16,186 [Thread-295] INFO  impl.RoleInfo (RoleInfo.java:shutdownFollowerState(121)) - 8a1a3fc2-2e5e-451c-bb07-3011db4e4137: shutdown FollowerState
2019-09-20 14:30:16,186 [Thread-295] INFO  impl.RaftServerImpl (RaftServerImpl.java:setRole(171)) - 8a1a3fc2-2e5e-451c-bb07-3011db4e4137:group-BB0A7E53064A changes role from FOLLOWER to CANDIDATE at term 0 for changeToCandidate
2019-09-20 14:30:16,186 [Thread-295] INFO  impl.RoleInfo (RoleInfo.java:updateAndGet(143)) - 8a1a3fc2-2e5e-451c-bb07-3011db4e4137: start LeaderElection
2019-09-20 14:30:16,197 [91f00b63-c6d2-4d34-b168-5848dae554d4:group-4DCE611FA183:LeaderElection27] INFO  impl.LeaderElection (LeaderElection.java:askForVotes(181)) - 91f00b63-c6d2-4d34-b168-5848dae554d4:group-4DCE611FA183:LeaderElection27: begin an election at term 1 for -1: [91f00b63-c6d2-4d34-b168-5848dae554d4:192.168.36.99:38636], old=null
2019-09-20 14:30:16,197 [91f00b63-c6d2-4d34-b168-5848dae554d4:group-4DCE611FA183:LeaderElection27] INFO  impl.RoleInfo (RoleInfo.java:shutdownLeaderElection(134)) - 91f00b63-c6d2-4d34-b168-5848dae554d4: shutdown LeaderElection
2019-09-20 14:30:16,197 [91f00b63-c6d2-4d34-b168-5848dae554d4:group-4DCE611FA183:LeaderElection27] INFO  impl.RaftServerImpl (RaftServerImpl.java:setRole(171)) - 91f00b63-c6d2-4d34-b168-5848dae554d4:group-4DCE611FA183 changes role from CANDIDATE to LEADER at term 1 for changeToLeader
2019-09-20 14:30:16,197 [91f00b63-c6d2-4d34-b168-5848dae554d4:group-4DCE611FA183:LeaderElection27] INFO  impl.RaftServerImpl (ServerState.java:setLeader(263)) - 91f00b63-c6d2-4d34-b168-5848dae554d4:group-4DCE611FA183 change Leader from null to 91f00b63-c6d2-4d34-b168-5848dae554d4 at term 1 for becomeLeader, leader elected after 5102ms
2019-09-20 14:30:16,198 [91f00b63-c6d2-4d34-b168-5848dae554d4:group-4DCE611FA183:LeaderElection27] INFO  server.RaftServerConfigKeys (ConfUtils.java:logGet(43)) - raft.server.staging.catchup.gap = 1000 (default)
2019-09-20 14:30:16,198 [91f00b63-c6d2-4d34-b168-5848dae554d4:group-4DCE611FA183:LeaderElection27] INFO  server.RaftServerConfigKeys (ConfUtils.java:logGet(43)) - raft.server.rpc.sleep.time = 25ms (default)
2019-09-20 14:30:16,198 [91f00b63-c6d2-4d34-b168-5848dae554d4:group-4DCE611FA183:LeaderElection27] INFO  server.RaftServerConfigKeys (ConfUtils.java:logGet(43)) - raft.server.write.element-limit = 4096 (default)
2019-09-20 14:30:16,198 [91f00b63-c6d2-4d34-b168-5848dae554d4:group-4DCE611FA183:LeaderElection27] INFO  server.RaftServerConfigKeys (ConfUtils.java:logGet(43)) - raft.server.watch.timeout = 10s (default)
2019-09-20 14:30:16,199 [91f00b63-c6d2-4d34-b168-5848dae554d4:group-4DCE611FA183:LeaderElection27] INFO  server.RaftServerConfigKeys (ConfUtils.java:logGet(43)) - raft.server.watch.timeout.denomination = 1s (default)
2019-09-20 14:30:16,199 [91f00b63-c6d2-4d34-b168-5848dae554d4:group-4DCE611FA183:LeaderElection27] INFO  server.RaftServerConfigKeys (ConfUtils.java:logGet(43)) - raft.server.watch.element-limit = 65536 (default)
2019-09-20 14:30:16,199 [91f00b63-c6d2-4d34-b168-5848dae554d4:group-4DCE611FA183:LeaderElection27] INFO  impl.RoleInfo (RoleInfo.java:updateAndGet(143)) - 91f00b63-c6d2-4d34-b168-5848dae554d4: start LeaderState
2019-09-20 14:30:16,199 [91f00b63-c6d2-4d34-b168-5848dae554d4:group-4DCE611FA183:LeaderElection27] INFO  segmented.SegmentedRaftLogWorker (SegmentedRaftLogWorker.java:startLogSegment(380)) - 91f00b63-c6d2-4d34-b168-5848dae554d4-SegmentedRaftLogWorker:Storage Directory /workdir/hadoop-ozone/tools/target/test-dir/MiniOzoneClusterImpl-d73f9dc2-2858-4e9b-b98c-6f8fa2850d63/datanode-3/data/ratis/45b0c87c-4035-4f79-9bbf-4dce611fa183: Starting segment from index:0
2019-09-20 14:30:16,200 [91f00b63-c6d2-4d34-b168-5848dae554d4:group-4DCE611FA183:LeaderElection27] INFO  impl.RaftServerImpl (ServerState.java:setRaftConf(361)) - 91f00b63-c6d2-4d34-b168-5848dae554d4:group-4DCE611FA183 set configuration 0: [91f00b63-c6d2-4d34-b168-5848dae554d4:192.168.36.99:38636], old=null at 0
2019-09-20 14:30:16,242 [8a1a3fc2-2e5e-451c-bb07-3011db4e4137:group-BB0A7E53064A:LeaderElection28] INFO  impl.LeaderElection (LeaderElection.java:askForVotes(181)) - 8a1a3fc2-2e5e-451c-bb07-3011db4e4137:group-BB0A7E53064A:LeaderElection28: begin an election at term 1 for -1: [8a1a3fc2-2e5e-451c-bb07-3011db4e4137:192.168.36.99:43541], old=null
2019-09-20 14:30:16,242 [8a1a3fc2-2e5e-451c-bb07-3011db4e4137:group-BB0A7E53064A:LeaderElection28] INFO  impl.RoleInfo (RoleInfo.java:shutdownLeaderElection(134)) - 8a1a3fc2-2e5e-451c-bb07-3011db4e4137: shutdown LeaderElection
2019-09-20 14:30:16,242 [8a1a3fc2-2e5e-451c-bb07-3011db4e4137:group-BB0A7E53064A:LeaderElection28] INFO  impl.RaftServerImpl (RaftServerImpl.java:setRole(171)) - 8a1a3fc2-2e5e-451c-bb07-3011db4e4137:group-BB0A7E53064A changes role from CANDIDATE to LEADER at term 1 for changeToLeader
2019-09-20 14:30:16,242 [8a1a3fc2-2e5e-451c-bb07-3011db4e4137:group-BB0A7E53064A:LeaderElection28] INFO  impl.RaftServerImpl (ServerState.java:setLeader(263)) - 8a1a3fc2-2e5e-451c-bb07-3011db4e4137:group-BB0A7E53064A change Leader from null to 8a1a3fc2-2e5e-451c-bb07-3011db4e4137 at term 1 for becomeLeader, leader elected after 5242ms
2019-09-20 14:30:16,243 [8a1a3fc2-2e5e-451c-bb07-3011db4e4137:group-BB0A7E53064A:LeaderElection28] INFO  server.RaftServerConfigKeys (ConfUtils.java:logGet(43)) - raft.server.staging.catchup.gap = 1000 (default)
2019-09-20 14:30:16,243 [8a1a3fc2-2e5e-451c-bb07-3011db4e4137:group-BB0A7E53064A:LeaderElection28] INFO  server.RaftServerConfigKeys (ConfUtils.java:logGet(43)) - raft.server.rpc.sleep.time = 25ms (default)
2019-09-20 14:30:16,243 [8a1a3fc2-2e5e-451c-bb07-3011db4e4137:group-BB0A7E53064A:LeaderElection28] INFO  server.RaftServerConfigKeys (ConfUtils.java:logGet(43)) - raft.server.write.element-limit = 4096 (default)
2019-09-20 14:30:16,243 [8a1a3fc2-2e5e-451c-bb07-3011db4e4137:group-BB0A7E53064A:LeaderElection28] INFO  server.RaftServerConfigKeys (ConfUtils.java:logGet(43)) - raft.server.watch.timeout = 10s (default)
2019-09-20 14:30:16,243 [8a1a3fc2-2e5e-451c-bb07-3011db4e4137:group-BB0A7E53064A:LeaderElection28] INFO  server.RaftServerConfigKeys (ConfUtils.java:logGet(43)) - raft.server.watch.timeout.denomination = 1s (default)
2019-09-20 14:30:16,244 [8a1a3fc2-2e5e-451c-bb07-3011db4e4137:group-BB0A7E53064A:LeaderElection28] INFO  server.RaftServerConfigKeys (ConfUtils.java:logGet(43)) - raft.server.watch.element-limit = 65536 (default)
2019-09-20 14:30:16,244 [8a1a3fc2-2e5e-451c-bb07-3011db4e4137:group-BB0A7E53064A:LeaderElection28] INFO  impl.RoleInfo (RoleInfo.java:updateAndGet(143)) - 8a1a3fc2-2e5e-451c-bb07-3011db4e4137: start LeaderState
2019-09-20 14:30:16,244 [8a1a3fc2-2e5e-451c-bb07-3011db4e4137:group-BB0A7E53064A:LeaderElection28] INFO  segmented.SegmentedRaftLogWorker (SegmentedRaftLogWorker.java:startLogSegment(380)) - 8a1a3fc2-2e5e-451c-bb07-3011db4e4137-SegmentedRaftLogWorker:Storage Directory /workdir/hadoop-ozone/tools/target/test-dir/MiniOzoneClusterImpl-d73f9dc2-2858-4e9b-b98c-6f8fa2850d63/datanode-4/data/ratis/854d52d9-a502-4aaa-9c47-bb0a7e53064a: Starting segment from index:0
2019-09-20 14:30:16,245 [8a1a3fc2-2e5e-451c-bb07-3011db4e4137:group-BB0A7E53064A:LeaderElection28] INFO  impl.RaftServerImpl (ServerState.java:setRaftConf(361)) - 8a1a3fc2-2e5e-451c-bb07-3011db4e4137:group-BB0A7E53064A set configuration 0: [8a1a3fc2-2e5e-451c-bb07-3011db4e4137:192.168.36.99:43541], old=null at 0
2019-09-20 14:30:16,286 [91f00b63-c6d2-4d34-b168-5848dae554d4-SegmentedRaftLogWorker:Storage Directory /workdir/hadoop-ozone/tools/target/test-dir/MiniOzoneClusterImpl-d73f9dc2-2858-4e9b-b98c-6f8fa2850d63/datanode-3/data/ratis/45b0c87c-4035-4f79-9bbf-4dce611fa183] INFO  segmented.SegmentedRaftLogWorker (SegmentedRaftLogWorker.java:execute(569)) - 91f00b63-c6d2-4d34-b168-5848dae554d4-SegmentedRaftLogWorker:Storage Directory /workdir/hadoop-ozone/tools/target/test-dir/MiniOzoneClusterImpl-d73f9dc2-2858-4e9b-b98c-6f8fa2850d63/datanode-3/data/ratis/45b0c87c-4035-4f79-9bbf-4dce611fa183: created new log segment /workdir/hadoop-ozone/tools/target/test-dir/MiniOzoneClusterImpl-d73f9dc2-2858-4e9b-b98c-6f8fa2850d63/datanode-3/data/ratis/45b0c87c-4035-4f79-9bbf-4dce611fa183/current/log_inprogress_0
2019-09-20 14:30:16,287 [Thread-301] INFO  impl.FollowerState (FollowerState.java:run(106)) - 8a1a3fc2-2e5e-451c-bb07-3011db4e4137:group-E6C9A89A2E24 changes to CANDIDATE, lastRpcTime:5106, electionTimeout:5106ms
2019-09-20 14:30:16,287 [Thread-301] INFO  impl.RoleInfo (RoleInfo.java:shutdownFollowerState(121)) - 8a1a3fc2-2e5e-451c-bb07-3011db4e4137: shutdown FollowerState
2019-09-20 14:30:16,287 [Thread-301] INFO  impl.RaftServerImpl (RaftServerImpl.java:setRole(171)) - 8a1a3fc2-2e5e-451c-bb07-3011db4e4137:group-E6C9A89A2E24 changes role from FOLLOWER to CANDIDATE at term 0 for changeToCandidate
2019-09-20 14:30:16,288 [Thread-301] INFO  impl.RoleInfo (RoleInfo.java:updateAndGet(143)) - 8a1a3fc2-2e5e-451c-bb07-3011db4e4137: start LeaderElection
2019-09-20 14:30:16,288 | INFO  | SCMAudit | user=jenkins1000 | ip=192.168.36.99 | op=SEND_HEARTBEAT {datanodeUUID=8a1a3fc2-2e5e-451c-bb07-3011db4e4137, command=[]} | ret=SUCCESS |  
2019-09-20 14:30:16,317 [Thread-304] INFO  impl.FollowerState (FollowerState.java:run(106)) - 8a1a3fc2-2e5e-451c-bb07-3011db4e4137:group-2E7D56322B43 changes to CANDIDATE, lastRpcTime:5010, electionTimeout:5010ms
2019-09-20 14:30:16,317 [Thread-304] INFO  impl.RoleInfo (RoleInfo.java:shutdownFollowerState(121)) - 8a1a3fc2-2e5e-451c-bb07-3011db4e4137: shutdown FollowerState
2019-09-20 14:30:16,317 [Thread-304] INFO  impl.RaftServerImpl (RaftServerImpl.java:setRole(171)) - 8a1a3fc2-2e5e-451c-bb07-3011db4e4137:group-2E7D56322B43 changes role from FOLLOWER to CANDIDATE at term 0 for changeToCandidate
2019-09-20 14:30:16,318 [Thread-304] INFO  impl.RoleInfo (RoleInfo.java:updateAndGet(143)) - 8a1a3fc2-2e5e-451c-bb07-3011db4e4137: start LeaderElection
2019-09-20 14:30:16,331 [8a1a3fc2-2e5e-451c-bb07-3011db4e4137-SegmentedRaftLogWorker:Storage Directory /workdir/hadoop-ozone/tools/target/test-dir/MiniOzoneClusterImpl-d73f9dc2-2858-4e9b-b98c-6f8fa2850d63/datanode-4/data/ratis/854d52d9-a502-4aaa-9c47-bb0a7e53064a] INFO  segmented.SegmentedRaftLogWorker (SegmentedRaftLogWorker.java:execute(569)) - 8a1a3fc2-2e5e-451c-bb07-3011db4e4137-SegmentedRaftLogWorker:Storage Directory /workdir/hadoop-ozone/tools/target/test-dir/MiniOzoneClusterImpl-d73f9dc2-2858-4e9b-b98c-6f8fa2850d63/datanode-4/data/ratis/854d52d9-a502-4aaa-9c47-bb0a7e53064a: created new log segment /workdir/hadoop-ozone/tools/target/test-dir/MiniOzoneClusterImpl-d73f9dc2-2858-4e9b-b98c-6f8fa2850d63/datanode-4/data/ratis/854d52d9-a502-4aaa-9c47-bb0a7e53064a/current/log_inprogress_0
2019-09-20 14:30:16,331 [8a1a3fc2-2e5e-451c-bb07-3011db4e4137:group-E6C9A89A2E24:LeaderElection29] INFO  impl.LeaderElection (LeaderElection.java:askForVotes(181)) - 8a1a3fc2-2e5e-451c-bb07-3011db4e4137:group-E6C9A89A2E24:LeaderElection29: begin an election at term 1 for -1: [8a1a3fc2-2e5e-451c-bb07-3011db4e4137:192.168.36.99:43541], old=null
2019-09-20 14:30:16,332 [8a1a3fc2-2e5e-451c-bb07-3011db4e4137:group-E6C9A89A2E24:LeaderElection29] INFO  impl.RoleInfo (RoleInfo.java:shutdownLeaderElection(134)) - 8a1a3fc2-2e5e-451c-bb07-3011db4e4137: shutdown LeaderElection
2019-09-20 14:30:16,332 [8a1a3fc2-2e5e-451c-bb07-3011db4e4137:group-E6C9A89A2E24:LeaderElection29] INFO  impl.RaftServerImpl (RaftServerImpl.java:setRole(171)) - 8a1a3fc2-2e5e-451c-bb07-3011db4e4137:group-E6C9A89A2E24 changes role from CANDIDATE to LEADER at term 1 for changeToLeader
2019-09-20 14:30:16,332 [8a1a3fc2-2e5e-451c-bb07-3011db4e4137:group-E6C9A89A2E24:LeaderElection29] INFO  impl.RaftServerImpl (ServerState.java:setLeader(263)) - 8a1a3fc2-2e5e-451c-bb07-3011db4e4137:group-E6C9A89A2E24 change Leader from null to 8a1a3fc2-2e5e-451c-bb07-3011db4e4137 at term 1 for becomeLeader, leader elected after 5156ms
2019-09-20 14:30:16,332 [8a1a3fc2-2e5e-451c-bb07-3011db4e4137:group-E6C9A89A2E24:LeaderElection29] INFO  server.RaftServerConfigKeys (ConfUtils.java:logGet(43)) - raft.server.staging.catchup.gap = 1000 (default)
2019-09-20 14:30:16,332 [8a1a3fc2-2e5e-451c-bb07-3011db4e4137:group-E6C9A89A2E24:LeaderElection29] INFO  server.RaftServerConfigKeys (ConfUtils.java:logGet(43)) - raft.server.rpc.sleep.time = 25ms (default)
2019-09-20 14:30:16,333 [8a1a3fc2-2e5e-451c-bb07-3011db4e4137:group-E6C9A89A2E24:LeaderElection29] INFO  server.RaftServerConfigKeys (ConfUtils.java:logGet(43)) - raft.server.write.element-limit = 4096 (default)
2019-09-20 14:30:16,333 [8a1a3fc2-2e5e-451c-bb07-3011db4e4137:group-E6C9A89A2E24:LeaderElection29] INFO  server.RaftServerConfigKeys (ConfUtils.java:logGet(43)) - raft.server.watch.timeout = 10s (default)
2019-09-20 14:30:16,333 [8a1a3fc2-2e5e-451c-bb07-3011db4e4137:group-E6C9A89A2E24:LeaderElection29] INFO  server.RaftServerConfigKeys (ConfUtils.java:logGet(43)) - raft.server.watch.timeout.denomination = 1s (default)
2019-09-20 14:30:16,333 [8a1a3fc2-2e5e-451c-bb07-3011db4e4137:group-E6C9A89A2E24:LeaderElection29] INFO  server.RaftServerConfigKeys (ConfUtils.java:logGet(43)) - raft.server.watch.element-limit = 65536 (default)
2019-09-20 14:30:16,334 [8a1a3fc2-2e5e-451c-bb07-3011db4e4137:group-E6C9A89A2E24:LeaderElection29] INFO  impl.RoleInfo (RoleInfo.java:updateAndGet(143)) - 8a1a3fc2-2e5e-451c-bb07-3011db4e4137: start LeaderState
2019-09-20 14:30:16,334 [8a1a3fc2-2e5e-451c-bb07-3011db4e4137:group-E6C9A89A2E24:LeaderElection29] INFO  segmented.SegmentedRaftLogWorker (SegmentedRaftLogWorker.java:startLogSegment(380)) - 8a1a3fc2-2e5e-451c-bb07-3011db4e4137-SegmentedRaftLogWorker:Storage Directory /workdir/hadoop-ozone/tools/target/test-dir/MiniOzoneClusterImpl-d73f9dc2-2858-4e9b-b98c-6f8fa2850d63/datanode-4/data/ratis/f9d03e84-ae2b-472f-8e8a-e6c9a89a2e24: Starting segment from index:0
2019-09-20 14:30:16,335 [8a1a3fc2-2e5e-451c-bb07-3011db4e4137:group-E6C9A89A2E24:LeaderElection29] INFO  impl.RaftServerImpl (ServerState.java:setRaftConf(361)) - 8a1a3fc2-2e5e-451c-bb07-3011db4e4137:group-E6C9A89A2E24 set configuration 0: [8a1a3fc2-2e5e-451c-bb07-3011db4e4137:192.168.36.99:43541], old=null at 0
2019-09-20 14:30:16,376 [8a1a3fc2-2e5e-451c-bb07-3011db4e4137:group-2E7D56322B43:LeaderElection30] INFO  impl.LeaderElection (LeaderElection.java:askForVotes(181)) - 8a1a3fc2-2e5e-451c-bb07-3011db4e4137:group-2E7D56322B43:LeaderElection30: begin an election at term 1 for -1: [8a1a3fc2-2e5e-451c-bb07-3011db4e4137:192.168.36.99:43541], old=null
2019-09-20 14:30:16,377 [8a1a3fc2-2e5e-451c-bb07-3011db4e4137:group-2E7D56322B43:LeaderElection30] INFO  impl.RoleInfo (RoleInfo.java:shutdownLeaderElection(134)) - 8a1a3fc2-2e5e-451c-bb07-3011db4e4137: shutdown LeaderElection
2019-09-20 14:30:16,377 [8a1a3fc2-2e5e-451c-bb07-3011db4e4137:group-2E7D56322B43:LeaderElection30] INFO  impl.RaftServerImpl (RaftServerImpl.java:setRole(171)) - 8a1a3fc2-2e5e-451c-bb07-3011db4e4137:group-2E7D56322B43 changes role from CANDIDATE to LEADER at term 1 for changeToLeader
2019-09-20 14:30:16,377 [8a1a3fc2-2e5e-451c-bb07-3011db4e4137:group-2E7D56322B43:LeaderElection30] INFO  impl.RaftServerImpl (ServerState.java:setLeader(263)) - 8a1a3fc2-2e5e-451c-bb07-3011db4e4137:group-2E7D56322B43 change Leader from null to 8a1a3fc2-2e5e-451c-bb07-3011db4e4137 at term 1 for becomeLeader, leader elected after 5074ms
2019-09-20 14:30:16,377 [8a1a3fc2-2e5e-451c-bb07-3011db4e4137:group-2E7D56322B43:LeaderElection30] INFO  server.RaftServerConfigKeys (ConfUtils.java:logGet(43)) - raft.server.staging.catchup.gap = 1000 (default)
2019-09-20 14:30:16,378 [8a1a3fc2-2e5e-451c-bb07-3011db4e4137:group-2E7D56322B43:LeaderElection30] INFO  server.RaftServerConfigKeys (ConfUtils.java:logGet(43)) - raft.server.rpc.sleep.time = 25ms (default)
2019-09-20 14:30:16,378 | INFO  | SCMAudit | user=jenkins1000 | ip=192.168.36.99 | op=SEND_HEARTBEAT {datanodeUUID=01139844-247b-45d0-963c-91509834b20c, command=[]} | ret=SUCCESS |  
2019-09-20 14:30:16,378 [8a1a3fc2-2e5e-451c-bb07-3011db4e4137:group-2E7D56322B43:LeaderElection30] INFO  server.RaftServerConfigKeys (ConfUtils.java:logGet(43)) - raft.server.write.element-limit = 4096 (default)
2019-09-20 14:30:16,378 [8a1a3fc2-2e5e-451c-bb07-3011db4e4137:group-2E7D56322B43:LeaderElection30] INFO  server.RaftServerConfigKeys (ConfUtils.java:logGet(43)) - raft.server.watch.timeout = 10s (default)
2019-09-20 14:30:16,378 [8a1a3fc2-2e5e-451c-bb07-3011db4e4137:group-2E7D56322B43:LeaderElection30] INFO  server.RaftServerConfigKeys (ConfUtils.java:logGet(43)) - raft.server.watch.timeout.denomination = 1s (default)
2019-09-20 14:30:16,378 [8a1a3fc2-2e5e-451c-bb07-3011db4e4137:group-2E7D56322B43:LeaderElection30] INFO  server.RaftServerConfigKeys (ConfUtils.java:logGet(43)) - raft.server.watch.element-limit = 65536 (default)
2019-09-20 14:30:16,379 [8a1a3fc2-2e5e-451c-bb07-3011db4e4137:group-2E7D56322B43:LeaderElection30] INFO  impl.RoleInfo (RoleInfo.java:updateAndGet(143)) - 8a1a3fc2-2e5e-451c-bb07-3011db4e4137: start LeaderState
2019-09-20 14:30:16,379 [8a1a3fc2-2e5e-451c-bb07-3011db4e4137:group-2E7D56322B43:LeaderElection30] INFO  segmented.SegmentedRaftLogWorker (SegmentedRaftLogWorker.java:startLogSegment(380)) - 8a1a3fc2-2e5e-451c-bb07-3011db4e4137-SegmentedRaftLogWorker:Storage Directory /workdir/hadoop-ozone/tools/target/test-dir/MiniOzoneClusterImpl-d73f9dc2-2858-4e9b-b98c-6f8fa2850d63/datanode-4/data/ratis/72581f86-31c1-4e5f-8846-2e7d56322b43: Starting segment from index:0
2019-09-20 14:30:16,380 [8a1a3fc2-2e5e-451c-bb07-3011db4e4137:group-2E7D56322B43:LeaderElection30] INFO  impl.RaftServerImpl (ServerState.java:setRaftConf(361)) - 8a1a3fc2-2e5e-451c-bb07-3011db4e4137:group-2E7D56322B43 set configuration 0: [8a1a3fc2-2e5e-451c-bb07-3011db4e4137:192.168.36.99:43541], old=null at 0
2019-09-20 14:30:16,414 [8a1a3fc2-2e5e-451c-bb07-3011db4e4137-SegmentedRaftLogWorker:Storage Directory /workdir/hadoop-ozone/tools/target/test-dir/MiniOzoneClusterImpl-d73f9dc2-2858-4e9b-b98c-6f8fa2850d63/datanode-4/data/ratis/f9d03e84-ae2b-472f-8e8a-e6c9a89a2e24] INFO  segmented.SegmentedRaftLogWorker (SegmentedRaftLogWorker.java:execute(569)) - 8a1a3fc2-2e5e-451c-bb07-3011db4e4137-SegmentedRaftLogWorker:Storage Directory /workdir/hadoop-ozone/tools/target/test-dir/MiniOzoneClusterImpl-d73f9dc2-2858-4e9b-b98c-6f8fa2850d63/datanode-4/data/ratis/f9d03e84-ae2b-472f-8e8a-e6c9a89a2e24: created new log segment /workdir/hadoop-ozone/tools/target/test-dir/MiniOzoneClusterImpl-d73f9dc2-2858-4e9b-b98c-6f8fa2850d63/datanode-4/data/ratis/f9d03e84-ae2b-472f-8e8a-e6c9a89a2e24/current/log_inprogress_0
2019-09-20 14:30:16,458 [8a1a3fc2-2e5e-451c-bb07-3011db4e4137-SegmentedRaftLogWorker:Storage Directory /workdir/hadoop-ozone/tools/target/test-dir/MiniOzoneClusterImpl-d73f9dc2-2858-4e9b-b98c-6f8fa2850d63/datanode-4/data/ratis/72581f86-31c1-4e5f-8846-2e7d56322b43] INFO  segmented.SegmentedRaftLogWorker (SegmentedRaftLogWorker.java:execute(569)) - 8a1a3fc2-2e5e-451c-bb07-3011db4e4137-SegmentedRaftLogWorker:Storage Directory /workdir/hadoop-ozone/tools/target/test-dir/MiniOzoneClusterImpl-d73f9dc2-2858-4e9b-b98c-6f8fa2850d63/datanode-4/data/ratis/72581f86-31c1-4e5f-8846-2e7d56322b43: created new log segment /workdir/hadoop-ozone/tools/target/test-dir/MiniOzoneClusterImpl-d73f9dc2-2858-4e9b-b98c-6f8fa2850d63/datanode-4/data/ratis/72581f86-31c1-4e5f-8846-2e7d56322b43/current/log_inprogress_0
2019-09-20 14:30:16,623 | INFO  | SCMAudit | user=jenkins1000 | ip=192.168.36.99 | op=SEND_HEARTBEAT {datanodeUUID=51c8ff27-873d-4cbb-8820-aa0ac2de17d7, command=[]} | ret=SUCCESS |  
2019-09-20 14:30:17,107 | INFO  | SCMAudit | user=jenkins1000 | ip=192.168.36.99 | op=SEND_HEARTBEAT {datanodeUUID=414b61dd-dc64-4170-a4f7-ed46231621a1, command=[]} | ret=SUCCESS |  
2019-09-20 14:30:17,107 | INFO  | SCMAudit | user=jenkins1000 | ip=192.168.36.99 | op=SEND_HEARTBEAT {datanodeUUID=91f00b63-c6d2-4d34-b168-5848dae554d4, command=[]} | ret=SUCCESS |  
2019-09-20 14:30:17,287 | INFO  | SCMAudit | user=jenkins1000 | ip=192.168.36.99 | op=SEND_HEARTBEAT {datanodeUUID=8a1a3fc2-2e5e-451c-bb07-3011db4e4137, command=[]} | ret=SUCCESS |  
2019-09-20 14:30:17,379 | INFO  | SCMAudit | user=jenkins1000 | ip=192.168.36.99 | op=SEND_HEARTBEAT {datanodeUUID=01139844-247b-45d0-963c-91509834b20c, command=[]} | ret=SUCCESS |  
2019-09-20 14:30:17,623 | INFO  | SCMAudit | user=jenkins1000 | ip=192.168.36.99 | op=SEND_HEARTBEAT {datanodeUUID=51c8ff27-873d-4cbb-8820-aa0ac2de17d7, command=[]} | ret=SUCCESS |  
2019-09-20 14:30:18,106 | INFO  | SCMAudit | user=jenkins1000 | ip=192.168.36.99 | op=SEND_HEARTBEAT {datanodeUUID=414b61dd-dc64-4170-a4f7-ed46231621a1, command=[]} | ret=SUCCESS |  
2019-09-20 14:30:18,106 | INFO  | SCMAudit | user=jenkins1000 | ip=192.168.36.99 | op=SEND_HEARTBEAT {datanodeUUID=91f00b63-c6d2-4d34-b168-5848dae554d4, command=[]} | ret=SUCCESS |  
2019-09-20 14:30:18,288 | INFO  | SCMAudit | user=jenkins1000 | ip=192.168.36.99 | op=SEND_HEARTBEAT {datanodeUUID=8a1a3fc2-2e5e-451c-bb07-3011db4e4137, command=[]} | ret=SUCCESS |  
2019-09-20 14:30:18,378 | INFO  | SCMAudit | user=jenkins1000 | ip=192.168.36.99 | op=SEND_HEARTBEAT {datanodeUUID=01139844-247b-45d0-963c-91509834b20c, command=[]} | ret=SUCCESS |  
2019-09-20 14:30:18,622 | INFO  | SCMAudit | user=jenkins1000 | ip=192.168.36.99 | op=SEND_HEARTBEAT {datanodeUUID=51c8ff27-873d-4cbb-8820-aa0ac2de17d7, command=[]} | ret=SUCCESS |  
2019-09-20 14:30:19,106 | INFO  | SCMAudit | user=jenkins1000 | ip=192.168.36.99 | op=SEND_HEARTBEAT {datanodeUUID=414b61dd-dc64-4170-a4f7-ed46231621a1, command=[]} | ret=SUCCESS |  
2019-09-20 14:30:19,106 | INFO  | SCMAudit | user=jenkins1000 | ip=192.168.36.99 | op=SEND_HEARTBEAT {datanodeUUID=91f00b63-c6d2-4d34-b168-5848dae554d4, command=[]} | ret=SUCCESS |  
2019-09-20 14:30:19,288 | INFO  | SCMAudit | user=jenkins1000 | ip=192.168.36.99 | op=SEND_HEARTBEAT {datanodeUUID=8a1a3fc2-2e5e-451c-bb07-3011db4e4137, command=[]} | ret=SUCCESS |  
2019-09-20 14:30:19,378 | INFO  | SCMAudit | user=jenkins1000 | ip=192.168.36.99 | op=SEND_HEARTBEAT {datanodeUUID=01139844-247b-45d0-963c-91509834b20c, command=[]} | ret=SUCCESS |  
2019-09-20 14:30:19,623 | INFO  | SCMAudit | user=jenkins1000 | ip=192.168.36.99 | op=SEND_HEARTBEAT {datanodeUUID=51c8ff27-873d-4cbb-8820-aa0ac2de17d7, command=[]} | ret=SUCCESS |  
]]></system-out>
    <system-err><![CDATA[Sep 20, 2019 2:30:02 PM com.sun.jersey.server.impl.application.WebApplicationImpl _initiate
INFO: Initiating Jersey application, version 'Jersey: 1.19 02/11/2015 03:25 AM'
Sep 20, 2019 2:30:03 PM com.sun.jersey.server.impl.application.WebApplicationImpl _initiate
INFO: Initiating Jersey application, version 'Jersey: 1.19 02/11/2015 03:25 AM'
Sep 20, 2019 2:30:03 PM com.sun.jersey.server.impl.application.WebApplicationImpl _initiate
INFO: Initiating Jersey application, version 'Jersey: 1.19 02/11/2015 03:25 AM'
Sep 20, 2019 2:30:03 PM com.sun.jersey.server.impl.application.WebApplicationImpl _initiate
INFO: Initiating Jersey application, version 'Jersey: 1.19 02/11/2015 03:25 AM'
Sep 20, 2019 2:30:04 PM com.sun.jersey.server.impl.application.WebApplicationImpl _initiate
INFO: Initiating Jersey application, version 'Jersey: 1.19 02/11/2015 03:25 AM'
]]></system-err>
  </testcase>
  <testcase name="standaloneTestLargeKey" classname="org.apache.hadoop.ozone.freon.TestDataValidateWithSafeByteOperations" time="10.123">
    <error message="Allocated 0 blocks. Requested 5 blocks" type="INTERNAL_ERROR org.apache.hadoop.ozone.om.exceptions.OMException">INTERNAL_ERROR org.apache.hadoop.ozone.om.exceptions.OMException: Allocated 0 blocks. Requested 5 blocks
	at org.apache.hadoop.ozone.om.protocolPB.OzoneManagerProtocolClientSideTranslatorPB.handleError(OzoneManagerProtocolClientSideTranslatorPB.java:725)
	at org.apache.hadoop.ozone.om.protocolPB.OzoneManagerProtocolClientSideTranslatorPB.openKey(OzoneManagerProtocolClientSideTranslatorPB.java:716)
	at org.apache.hadoop.ozone.client.rpc.RpcClient.createKey(RpcClient.java:615)
	at org.apache.hadoop.ozone.client.OzoneBucket.createKey(OzoneBucket.java:323)
	at org.apache.hadoop.ozone.freon.RandomKeyGenerator.createKey(RandomKeyGenerator.java:686)
	at org.apache.hadoop.ozone.freon.RandomKeyGenerator.access$1100(RandomKeyGenerator.java:87)
	at org.apache.hadoop.ozone.freon.RandomKeyGenerator$ObjectCreator.run(RandomKeyGenerator.java:606)
	at java.util.concurrent.Executors$RunnableAdapter.call(Executors.java:511)
	at java.util.concurrent.FutureTask.run(FutureTask.java:266)
	at java.util.concurrent.ThreadPoolExecutor.runWorker(ThreadPoolExecutor.java:1149)
	at java.util.concurrent.ThreadPoolExecutor$Worker.run(ThreadPoolExecutor.java:624)
	at java.lang.Thread.run(Thread.java:748)
</error>
    <system-out><![CDATA[2019-09-20 14:30:19,866 [main] INFO  freon.RandomKeyGenerator (RandomKeyGenerator.java:call(275)) - Number of Threads: 10
2019-09-20 14:30:19,867 [main] INFO  freon.RandomKeyGenerator (RandomKeyGenerator.java:call(280)) - Number of Volumes: 1.
2019-09-20 14:30:19,867 [main] INFO  freon.RandomKeyGenerator (RandomKeyGenerator.java:call(281)) - Number of Buckets per Volume: 1.
2019-09-20 14:30:19,867 [main] INFO  freon.RandomKeyGenerator (RandomKeyGenerator.java:call(282)) - Number of Keys per Bucket: 1.
2019-09-20 14:30:19,867 [main] INFO  freon.RandomKeyGenerator (RandomKeyGenerator.java:call(283)) - Key size: 20971520 bytes
2019-09-20 14:30:19,867 [main] INFO  freon.RandomKeyGenerator (RandomKeyGenerator.java:call(284)) - Buffer size: 4096 bytes
2019-09-20 14:30:19,869 [pool-79-thread-1] INFO  rpc.RpcClient (RpcClient.java:createVolume(293)) - Creating Volume: vol-0-54374, with jenkins1000 as owner.
2019-09-20 14:30:19,869 [main] INFO  freon.RandomKeyGenerator (RandomKeyGenerator.java:call(298)) - Data validation is enabled.
2019-09-20 14:30:19,869 [main] INFO  freon.RandomKeyGenerator (RandomKeyGenerator.java:call(304)) - Starting progress bar Thread.

 0.00% |█                                                                                                    |  0/1 Time: 0:00:002019-09-20 14:30:19,873 | INFO  | OMAudit | user=jenkins1000 | ip=127.0.0.1 | op=CREATE_VOLUME {admin=jenkins1000, owner=jenkins1000, volume=vol-0-54374, creationTime=1568989819873, quotaInBytes=1152921504606846976} | ret=SUCCESS |  
2019-09-20 14:30:19,876 | INFO  | OMAudit | user=jenkins1000 | ip=127.0.0.1 | op=READ_VOLUME {volume=vol-0-54374} | ret=SUCCESS |  
2019-09-20 14:30:19,889 [pool-79-thread-2] INFO  rpc.RpcClient (RpcClient.java:createBucket(432)) - Creating Bucket: vol-0-54374/bucket-0-48748, with Versioning false and Storage Type set to DISK and Encryption set to false 
2019-09-20 14:30:19,891 | INFO  | OMAudit | user=jenkins1000 | ip=127.0.0.1 | op=CREATE_BUCKET {volume=vol-0-54374, bucket=bucket-0-48748, acls=[user:jenkins1000:a[ACCESS], group:default:a[ACCESS]], isVersionEnabled=false, storageType=DISK, creationTime=0} | ret=SUCCESS |  
2019-09-20 14:30:19,893 | INFO  | OMAudit | user=jenkins1000 | ip=127.0.0.1 | op=READ_BUCKET {volume=vol-0-54374, bucket=bucket-0-48748} | ret=SUCCESS |  
2019-09-20 14:30:19,908 [IPC Server handler 11 on 37648] INFO  pipeline.PipelinePlacementPolicy (PipelinePlacementPolicy.java:meetCriteria(91)) - Pipeline Placement: Doesn't meet the criteria to be viable node： 414b61dd-dc64-4170-a4f7-ed46231621a1 Heaviness: 6 limit: 5
2019-09-20 14:30:19,909 [IPC Server handler 11 on 37648] INFO  pipeline.PipelinePlacementPolicy (PipelinePlacementPolicy.java:meetCriteria(91)) - Pipeline Placement: Doesn't meet the criteria to be viable node： 91f00b63-c6d2-4d34-b168-5848dae554d4 Heaviness: 6 limit: 5
2019-09-20 14:30:19,909 [IPC Server handler 11 on 37648] INFO  pipeline.PipelinePlacementPolicy (PipelinePlacementPolicy.java:meetCriteria(91)) - Pipeline Placement: Doesn't meet the criteria to be viable node： 8a1a3fc2-2e5e-451c-bb07-3011db4e4137 Heaviness: 6 limit: 5
2019-09-20 14:30:19,909 [IPC Server handler 11 on 37648] INFO  pipeline.PipelinePlacementPolicy (PipelinePlacementPolicy.java:meetCriteria(91)) - Pipeline Placement: Doesn't meet the criteria to be viable node： 01139844-247b-45d0-963c-91509834b20c Heaviness: 6 limit: 5
2019-09-20 14:30:19,909 [IPC Server handler 11 on 37648] INFO  pipeline.PipelinePlacementPolicy (PipelinePlacementPolicy.java:meetCriteria(91)) - Pipeline Placement: Doesn't meet the criteria to be viable node： 51c8ff27-873d-4cbb-8820-aa0ac2de17d7 Heaviness: 6 limit: 5
2019-09-20 14:30:19,910 [IPC Server handler 11 on 37648] ERROR pipeline.PipelinePlacementPolicy (PipelinePlacementPolicy.java:filterViableNodes(148)) - Unable to find enough nodes that meet the criteria that cannot engage in more than 5 pipelines. Nodes required: 3 Found: 0, healthy nodes count inNodeManager: 5.
2019-09-20 14:30:19,910 [IPC Server handler 11 on 37648] ERROR pipeline.SCMPipelineManager (SCMPipelineManager.java:createPipeline(161)) - Pipeline creation failed due to exception: Unable to find enough nodes that meet the criteria that cannot engage in more than 5 pipelines. Nodes required: 3 Found: 0, healthy nodes count inNodeManager: 5.
2019-09-20 14:30:19,910 [IPC Server handler 11 on 37648] WARN  block.BlockManagerImpl (BlockManagerImpl.java:allocateBlock(192)) - Pipeline creation failed for type:RATIS factor:THREE. Retrying get pipelines call once.
org.apache.hadoop.hdds.scm.exceptions.SCMException: Unable to find enough nodes that meet the criteria that cannot engage in more than 5 pipelines. Nodes required: 3 Found: 0, healthy nodes count inNodeManager: 5.
	at org.apache.hadoop.hdds.scm.pipeline.PipelinePlacementPolicy.filterViableNodes(PipelinePlacementPolicy.java:149)
	at org.apache.hadoop.hdds.scm.pipeline.PipelinePlacementPolicy.chooseDatanodes(PipelinePlacementPolicy.java:172)
	at org.apache.hadoop.hdds.scm.pipeline.RatisPipelineProvider.create(RatisPipelineProvider.java:92)
	at org.apache.hadoop.hdds.scm.pipeline.PipelineFactory.create(PipelineFactory.java:57)
	at org.apache.hadoop.hdds.scm.pipeline.SCMPipelineManager.createPipeline(SCMPipelineManager.java:149)
	at org.apache.hadoop.hdds.scm.block.BlockManagerImpl.allocateBlock(BlockManagerImpl.java:190)
	at org.apache.hadoop.hdds.scm.server.SCMBlockProtocolServer.allocateBlock(SCMBlockProtocolServer.java:175)
	at org.apache.hadoop.ozone.protocolPB.ScmBlockLocationProtocolServerSideTranslatorPB.allocateScmBlock(ScmBlockLocationProtocolServerSideTranslatorPB.java:153)
	at org.apache.hadoop.ozone.protocolPB.ScmBlockLocationProtocolServerSideTranslatorPB.send(ScmBlockLocationProtocolServerSideTranslatorPB.java:112)
	at org.apache.hadoop.hdds.protocol.proto.ScmBlockLocationProtocolProtos$ScmBlockLocationProtocolService$2.callBlockingMethod(ScmBlockLocationProtocolProtos.java:13157)
	at org.apache.hadoop.ipc.ProtobufRpcEngine$Server$ProtoBufRpcInvoker.call(ProtobufRpcEngine.java:524)
	at org.apache.hadoop.ipc.RPC$Server.call(RPC.java:1025)
	at org.apache.hadoop.ipc.Server$RpcCall.run(Server.java:876)
	at org.apache.hadoop.ipc.Server$RpcCall.run(Server.java:822)
	at java.security.AccessController.doPrivileged(Native Method)
	at javax.security.auth.Subject.doAs(Subject.java:422)
	at org.apache.hadoop.security.UserGroupInformation.doAs(UserGroupInformation.java:1730)
	at org.apache.hadoop.ipc.Server$Handler.run(Server.java:2682)
2019-09-20 14:30:19,911 [IPC Server handler 11 on 37648] INFO  block.BlockManagerImpl (BlockManagerImpl.java:allocateBlock(198)) - Could not find available pipeline of type:RATIS and factor:THREE even after retrying
2019-09-20 14:30:19,911 [IPC Server handler 11 on 37648] ERROR block.BlockManagerImpl (BlockManagerImpl.java:allocateBlock(222)) - Unable to allocate a block for the size: 4194304, type: RATIS, factor: THREE
2019-09-20 14:30:19,911 [IPC Server handler 11 on 37648] INFO  pipeline.PipelinePlacementPolicy (PipelinePlacementPolicy.java:meetCriteria(91)) - Pipeline Placement: Doesn't meet the criteria to be viable node： 414b61dd-dc64-4170-a4f7-ed46231621a1 Heaviness: 6 limit: 5
2019-09-20 14:30:19,911 [IPC Server handler 11 on 37648] INFO  pipeline.PipelinePlacementPolicy (PipelinePlacementPolicy.java:meetCriteria(91)) - Pipeline Placement: Doesn't meet the criteria to be viable node： 91f00b63-c6d2-4d34-b168-5848dae554d4 Heaviness: 6 limit: 5
2019-09-20 14:30:19,912 [IPC Server handler 11 on 37648] INFO  pipeline.PipelinePlacementPolicy (PipelinePlacementPolicy.java:meetCriteria(91)) - Pipeline Placement: Doesn't meet the criteria to be viable node： 8a1a3fc2-2e5e-451c-bb07-3011db4e4137 Heaviness: 6 limit: 5
2019-09-20 14:30:19,912 [IPC Server handler 11 on 37648] INFO  pipeline.PipelinePlacementPolicy (PipelinePlacementPolicy.java:meetCriteria(91)) - Pipeline Placement: Doesn't meet the criteria to be viable node： 01139844-247b-45d0-963c-91509834b20c Heaviness: 6 limit: 5
2019-09-20 14:30:19,912 [IPC Server handler 11 on 37648] INFO  pipeline.PipelinePlacementPolicy (PipelinePlacementPolicy.java:meetCriteria(91)) - Pipeline Placement: Doesn't meet the criteria to be viable node： 51c8ff27-873d-4cbb-8820-aa0ac2de17d7 Heaviness: 6 limit: 5
2019-09-20 14:30:19,912 [IPC Server handler 11 on 37648] ERROR pipeline.PipelinePlacementPolicy (PipelinePlacementPolicy.java:filterViableNodes(148)) - Unable to find enough nodes that meet the criteria that cannot engage in more than 5 pipelines. Nodes required: 3 Found: 0, healthy nodes count inNodeManager: 5.
2019-09-20 14:30:19,912 [IPC Server handler 11 on 37648] ERROR pipeline.SCMPipelineManager (SCMPipelineManager.java:createPipeline(161)) - Pipeline creation failed due to exception: Unable to find enough nodes that meet the criteria that cannot engage in more than 5 pipelines. Nodes required: 3 Found: 0, healthy nodes count inNodeManager: 5.
2019-09-20 14:30:19,913 [IPC Server handler 11 on 37648] WARN  block.BlockManagerImpl (BlockManagerImpl.java:allocateBlock(192)) - Pipeline creation failed for type:RATIS factor:THREE. Retrying get pipelines call once.
org.apache.hadoop.hdds.scm.exceptions.SCMException: Unable to find enough nodes that meet the criteria that cannot engage in more than 5 pipelines. Nodes required: 3 Found: 0, healthy nodes count inNodeManager: 5.
	at org.apache.hadoop.hdds.scm.pipeline.PipelinePlacementPolicy.filterViableNodes(PipelinePlacementPolicy.java:149)
	at org.apache.hadoop.hdds.scm.pipeline.PipelinePlacementPolicy.chooseDatanodes(PipelinePlacementPolicy.java:172)
	at org.apache.hadoop.hdds.scm.pipeline.RatisPipelineProvider.create(RatisPipelineProvider.java:92)
	at org.apache.hadoop.hdds.scm.pipeline.PipelineFactory.create(PipelineFactory.java:57)
	at org.apache.hadoop.hdds.scm.pipeline.SCMPipelineManager.createPipeline(SCMPipelineManager.java:149)
	at org.apache.hadoop.hdds.scm.block.BlockManagerImpl.allocateBlock(BlockManagerImpl.java:190)
	at org.apache.hadoop.hdds.scm.server.SCMBlockProtocolServer.allocateBlock(SCMBlockProtocolServer.java:175)
	at org.apache.hadoop.ozone.protocolPB.ScmBlockLocationProtocolServerSideTranslatorPB.allocateScmBlock(ScmBlockLocationProtocolServerSideTranslatorPB.java:153)
	at org.apache.hadoop.ozone.protocolPB.ScmBlockLocationProtocolServerSideTranslatorPB.send(ScmBlockLocationProtocolServerSideTranslatorPB.java:112)
	at org.apache.hadoop.hdds.protocol.proto.ScmBlockLocationProtocolProtos$ScmBlockLocationProtocolService$2.callBlockingMethod(ScmBlockLocationProtocolProtos.java:13157)
	at org.apache.hadoop.ipc.ProtobufRpcEngine$Server$ProtoBufRpcInvoker.call(ProtobufRpcEngine.java:524)
	at org.apache.hadoop.ipc.RPC$Server.call(RPC.java:1025)
	at org.apache.hadoop.ipc.Server$RpcCall.run(Server.java:876)
	at org.apache.hadoop.ipc.Server$RpcCall.run(Server.java:822)
	at java.security.AccessController.doPrivileged(Native Method)
	at javax.security.auth.Subject.doAs(Subject.java:422)
	at org.apache.hadoop.security.UserGroupInformation.doAs(UserGroupInformation.java:1730)
	at org.apache.hadoop.ipc.Server$Handler.run(Server.java:2682)
2019-09-20 14:30:19,915 [IPC Server handler 11 on 37648] INFO  block.BlockManagerImpl (BlockManagerImpl.java:allocateBlock(198)) - Could not find available pipeline of type:RATIS and factor:THREE even after retrying
2019-09-20 14:30:19,915 [IPC Server handler 11 on 37648] ERROR block.BlockManagerImpl (BlockManagerImpl.java:allocateBlock(222)) - Unable to allocate a block for the size: 4194304, type: RATIS, factor: THREE
2019-09-20 14:30:19,915 [IPC Server handler 11 on 37648] INFO  pipeline.PipelinePlacementPolicy (PipelinePlacementPolicy.java:meetCriteria(91)) - Pipeline Placement: Doesn't meet the criteria to be viable node： 414b61dd-dc64-4170-a4f7-ed46231621a1 Heaviness: 6 limit: 5
2019-09-20 14:30:19,915 [IPC Server handler 11 on 37648] INFO  pipeline.PipelinePlacementPolicy (PipelinePlacementPolicy.java:meetCriteria(91)) - Pipeline Placement: Doesn't meet the criteria to be viable node： 91f00b63-c6d2-4d34-b168-5848dae554d4 Heaviness: 6 limit: 5
2019-09-20 14:30:19,915 [IPC Server handler 11 on 37648] INFO  pipeline.PipelinePlacementPolicy (PipelinePlacementPolicy.java:meetCriteria(91)) - Pipeline Placement: Doesn't meet the criteria to be viable node： 8a1a3fc2-2e5e-451c-bb07-3011db4e4137 Heaviness: 6 limit: 5
2019-09-20 14:30:19,916 [IPC Server handler 11 on 37648] INFO  pipeline.PipelinePlacementPolicy (PipelinePlacementPolicy.java:meetCriteria(91)) - Pipeline Placement: Doesn't meet the criteria to be viable node： 01139844-247b-45d0-963c-91509834b20c Heaviness: 6 limit: 5
2019-09-20 14:30:19,916 [IPC Server handler 11 on 37648] INFO  pipeline.PipelinePlacementPolicy (PipelinePlacementPolicy.java:meetCriteria(91)) - Pipeline Placement: Doesn't meet the criteria to be viable node： 51c8ff27-873d-4cbb-8820-aa0ac2de17d7 Heaviness: 6 limit: 5
2019-09-20 14:30:19,916 [IPC Server handler 11 on 37648] ERROR pipeline.PipelinePlacementPolicy (PipelinePlacementPolicy.java:filterViableNodes(148)) - Unable to find enough nodes that meet the criteria that cannot engage in more than 5 pipelines. Nodes required: 3 Found: 0, healthy nodes count inNodeManager: 5.
2019-09-20 14:30:19,916 [IPC Server handler 11 on 37648] ERROR pipeline.SCMPipelineManager (SCMPipelineManager.java:createPipeline(161)) - Pipeline creation failed due to exception: Unable to find enough nodes that meet the criteria that cannot engage in more than 5 pipelines. Nodes required: 3 Found: 0, healthy nodes count inNodeManager: 5.
2019-09-20 14:30:19,916 [IPC Server handler 11 on 37648] WARN  block.BlockManagerImpl (BlockManagerImpl.java:allocateBlock(192)) - Pipeline creation failed for type:RATIS factor:THREE. Retrying get pipelines call once.
org.apache.hadoop.hdds.scm.exceptions.SCMException: Unable to find enough nodes that meet the criteria that cannot engage in more than 5 pipelines. Nodes required: 3 Found: 0, healthy nodes count inNodeManager: 5.
	at org.apache.hadoop.hdds.scm.pipeline.PipelinePlacementPolicy.filterViableNodes(PipelinePlacementPolicy.java:149)
	at org.apache.hadoop.hdds.scm.pipeline.PipelinePlacementPolicy.chooseDatanodes(PipelinePlacementPolicy.java:172)
	at org.apache.hadoop.hdds.scm.pipeline.RatisPipelineProvider.create(RatisPipelineProvider.java:92)
	at org.apache.hadoop.hdds.scm.pipeline.PipelineFactory.create(PipelineFactory.java:57)
	at org.apache.hadoop.hdds.scm.pipeline.SCMPipelineManager.createPipeline(SCMPipelineManager.java:149)
	at org.apache.hadoop.hdds.scm.block.BlockManagerImpl.allocateBlock(BlockManagerImpl.java:190)
	at org.apache.hadoop.hdds.scm.server.SCMBlockProtocolServer.allocateBlock(SCMBlockProtocolServer.java:175)
	at org.apache.hadoop.ozone.protocolPB.ScmBlockLocationProtocolServerSideTranslatorPB.allocateScmBlock(ScmBlockLocationProtocolServerSideTranslatorPB.java:153)
	at org.apache.hadoop.ozone.protocolPB.ScmBlockLocationProtocolServerSideTranslatorPB.send(ScmBlockLocationProtocolServerSideTranslatorPB.java:112)
	at org.apache.hadoop.hdds.protocol.proto.ScmBlockLocationProtocolProtos$ScmBlockLocationProtocolService$2.callBlockingMethod(ScmBlockLocationProtocolProtos.java:13157)
	at org.apache.hadoop.ipc.ProtobufRpcEngine$Server$ProtoBufRpcInvoker.call(ProtobufRpcEngine.java:524)
	at org.apache.hadoop.ipc.RPC$Server.call(RPC.java:1025)
	at org.apache.hadoop.ipc.Server$RpcCall.run(Server.java:876)
	at org.apache.hadoop.ipc.Server$RpcCall.run(Server.java:822)
	at java.security.AccessController.doPrivileged(Native Method)
	at javax.security.auth.Subject.doAs(Subject.java:422)
	at org.apache.hadoop.security.UserGroupInformation.doAs(UserGroupInformation.java:1730)
	at org.apache.hadoop.ipc.Server$Handler.run(Server.java:2682)
2019-09-20 14:30:19,917 [IPC Server handler 11 on 37648] INFO  block.BlockManagerImpl (BlockManagerImpl.java:allocateBlock(198)) - Could not find available pipeline of type:RATIS and factor:THREE even after retrying
2019-09-20 14:30:19,917 [IPC Server handler 11 on 37648] ERROR block.BlockManagerImpl (BlockManagerImpl.java:allocateBlock(222)) - Unable to allocate a block for the size: 4194304, type: RATIS, factor: THREE
2019-09-20 14:30:19,918 [IPC Server handler 11 on 37648] INFO  pipeline.PipelinePlacementPolicy (PipelinePlacementPolicy.java:meetCriteria(91)) - Pipeline Placement: Doesn't meet the criteria to be viable node： 414b61dd-dc64-4170-a4f7-ed46231621a1 Heaviness: 6 limit: 5
2019-09-20 14:30:19,918 [IPC Server handler 11 on 37648] INFO  pipeline.PipelinePlacementPolicy (PipelinePlacementPolicy.java:meetCriteria(91)) - Pipeline Placement: Doesn't meet the criteria to be viable node： 91f00b63-c6d2-4d34-b168-5848dae554d4 Heaviness: 6 limit: 5
2019-09-20 14:30:19,918 [IPC Server handler 11 on 37648] INFO  pipeline.PipelinePlacementPolicy (PipelinePlacementPolicy.java:meetCriteria(91)) - Pipeline Placement: Doesn't meet the criteria to be viable node： 8a1a3fc2-2e5e-451c-bb07-3011db4e4137 Heaviness: 6 limit: 5
2019-09-20 14:30:19,918 [IPC Server handler 11 on 37648] INFO  pipeline.PipelinePlacementPolicy (PipelinePlacementPolicy.java:meetCriteria(91)) - Pipeline Placement: Doesn't meet the criteria to be viable node： 01139844-247b-45d0-963c-91509834b20c Heaviness: 6 limit: 5
2019-09-20 14:30:19,918 [IPC Server handler 11 on 37648] INFO  pipeline.PipelinePlacementPolicy (PipelinePlacementPolicy.java:meetCriteria(91)) - Pipeline Placement: Doesn't meet the criteria to be viable node： 51c8ff27-873d-4cbb-8820-aa0ac2de17d7 Heaviness: 6 limit: 5
2019-09-20 14:30:19,919 [IPC Server handler 11 on 37648] ERROR pipeline.PipelinePlacementPolicy (PipelinePlacementPolicy.java:filterViableNodes(148)) - Unable to find enough nodes that meet the criteria that cannot engage in more than 5 pipelines. Nodes required: 3 Found: 0, healthy nodes count inNodeManager: 5.
2019-09-20 14:30:19,919 [IPC Server handler 11 on 37648] ERROR pipeline.SCMPipelineManager (SCMPipelineManager.java:createPipeline(161)) - Pipeline creation failed due to exception: Unable to find enough nodes that meet the criteria that cannot engage in more than 5 pipelines. Nodes required: 3 Found: 0, healthy nodes count inNodeManager: 5.
2019-09-20 14:30:19,919 [IPC Server handler 11 on 37648] WARN  block.BlockManagerImpl (BlockManagerImpl.java:allocateBlock(192)) - Pipeline creation failed for type:RATIS factor:THREE. Retrying get pipelines call once.
org.apache.hadoop.hdds.scm.exceptions.SCMException: Unable to find enough nodes that meet the criteria that cannot engage in more than 5 pipelines. Nodes required: 3 Found: 0, healthy nodes count inNodeManager: 5.
	at org.apache.hadoop.hdds.scm.pipeline.PipelinePlacementPolicy.filterViableNodes(PipelinePlacementPolicy.java:149)
	at org.apache.hadoop.hdds.scm.pipeline.PipelinePlacementPolicy.chooseDatanodes(PipelinePlacementPolicy.java:172)
	at org.apache.hadoop.hdds.scm.pipeline.RatisPipelineProvider.create(RatisPipelineProvider.java:92)
	at org.apache.hadoop.hdds.scm.pipeline.PipelineFactory.create(PipelineFactory.java:57)
	at org.apache.hadoop.hdds.scm.pipeline.SCMPipelineManager.createPipeline(SCMPipelineManager.java:149)
	at org.apache.hadoop.hdds.scm.block.BlockManagerImpl.allocateBlock(BlockManagerImpl.java:190)
	at org.apache.hadoop.hdds.scm.server.SCMBlockProtocolServer.allocateBlock(SCMBlockProtocolServer.java:175)
	at org.apache.hadoop.ozone.protocolPB.ScmBlockLocationProtocolServerSideTranslatorPB.allocateScmBlock(ScmBlockLocationProtocolServerSideTranslatorPB.java:153)
	at org.apache.hadoop.ozone.protocolPB.ScmBlockLocationProtocolServerSideTranslatorPB.send(ScmBlockLocationProtocolServerSideTranslatorPB.java:112)
	at org.apache.hadoop.hdds.protocol.proto.ScmBlockLocationProtocolProtos$ScmBlockLocationProtocolService$2.callBlockingMethod(ScmBlockLocationProtocolProtos.java:13157)
	at org.apache.hadoop.ipc.ProtobufRpcEngine$Server$ProtoBufRpcInvoker.call(ProtobufRpcEngine.java:524)
	at org.apache.hadoop.ipc.RPC$Server.call(RPC.java:1025)
	at org.apache.hadoop.ipc.Server$RpcCall.run(Server.java:876)
	at org.apache.hadoop.ipc.Server$RpcCall.run(Server.java:822)
	at java.security.AccessController.doPrivileged(Native Method)
	at javax.security.auth.Subject.doAs(Subject.java:422)
	at org.apache.hadoop.security.UserGroupInformation.doAs(UserGroupInformation.java:1730)
	at org.apache.hadoop.ipc.Server$Handler.run(Server.java:2682)
2019-09-20 14:30:19,920 [IPC Server handler 11 on 37648] INFO  block.BlockManagerImpl (BlockManagerImpl.java:allocateBlock(198)) - Could not find available pipeline of type:RATIS and factor:THREE even after retrying
2019-09-20 14:30:19,920 [IPC Server handler 11 on 37648] ERROR block.BlockManagerImpl (BlockManagerImpl.java:allocateBlock(222)) - Unable to allocate a block for the size: 4194304, type: RATIS, factor: THREE
2019-09-20 14:30:19,920 [IPC Server handler 11 on 37648] INFO  pipeline.PipelinePlacementPolicy (PipelinePlacementPolicy.java:meetCriteria(91)) - Pipeline Placement: Doesn't meet the criteria to be viable node： 414b61dd-dc64-4170-a4f7-ed46231621a1 Heaviness: 6 limit: 5
2019-09-20 14:30:19,920 [IPC Server handler 11 on 37648] INFO  pipeline.PipelinePlacementPolicy (PipelinePlacementPolicy.java:meetCriteria(91)) - Pipeline Placement: Doesn't meet the criteria to be viable node： 91f00b63-c6d2-4d34-b168-5848dae554d4 Heaviness: 6 limit: 5
2019-09-20 14:30:19,921 [IPC Server handler 11 on 37648] INFO  pipeline.PipelinePlacementPolicy (PipelinePlacementPolicy.java:meetCriteria(91)) - Pipeline Placement: Doesn't meet the criteria to be viable node： 8a1a3fc2-2e5e-451c-bb07-3011db4e4137 Heaviness: 6 limit: 5
2019-09-20 14:30:19,921 [IPC Server handler 11 on 37648] INFO  pipeline.PipelinePlacementPolicy (PipelinePlacementPolicy.java:meetCriteria(91)) - Pipeline Placement: Doesn't meet the criteria to be viable node： 01139844-247b-45d0-963c-91509834b20c Heaviness: 6 limit: 5
2019-09-20 14:30:19,921 [IPC Server handler 11 on 37648] INFO  pipeline.PipelinePlacementPolicy (PipelinePlacementPolicy.java:meetCriteria(91)) - Pipeline Placement: Doesn't meet the criteria to be viable node： 51c8ff27-873d-4cbb-8820-aa0ac2de17d7 Heaviness: 6 limit: 5
2019-09-20 14:30:19,921 [IPC Server handler 11 on 37648] ERROR pipeline.PipelinePlacementPolicy (PipelinePlacementPolicy.java:filterViableNodes(148)) - Unable to find enough nodes that meet the criteria that cannot engage in more than 5 pipelines. Nodes required: 3 Found: 0, healthy nodes count inNodeManager: 5.
2019-09-20 14:30:19,922 [IPC Server handler 11 on 37648] ERROR pipeline.SCMPipelineManager (SCMPipelineManager.java:createPipeline(161)) - Pipeline creation failed due to exception: Unable to find enough nodes that meet the criteria that cannot engage in more than 5 pipelines. Nodes required: 3 Found: 0, healthy nodes count inNodeManager: 5.
2019-09-20 14:30:19,922 [IPC Server handler 11 on 37648] WARN  block.BlockManagerImpl (BlockManagerImpl.java:allocateBlock(192)) - Pipeline creation failed for type:RATIS factor:THREE. Retrying get pipelines call once.
org.apache.hadoop.hdds.scm.exceptions.SCMException: Unable to find enough nodes that meet the criteria that cannot engage in more than 5 pipelines. Nodes required: 3 Found: 0, healthy nodes count inNodeManager: 5.
	at org.apache.hadoop.hdds.scm.pipeline.PipelinePlacementPolicy.filterViableNodes(PipelinePlacementPolicy.java:149)
	at org.apache.hadoop.hdds.scm.pipeline.PipelinePlacementPolicy.chooseDatanodes(PipelinePlacementPolicy.java:172)
	at org.apache.hadoop.hdds.scm.pipeline.RatisPipelineProvider.create(RatisPipelineProvider.java:92)
	at org.apache.hadoop.hdds.scm.pipeline.PipelineFactory.create(PipelineFactory.java:57)
	at org.apache.hadoop.hdds.scm.pipeline.SCMPipelineManager.createPipeline(SCMPipelineManager.java:149)
	at org.apache.hadoop.hdds.scm.block.BlockManagerImpl.allocateBlock(BlockManagerImpl.java:190)
	at org.apache.hadoop.hdds.scm.server.SCMBlockProtocolServer.allocateBlock(SCMBlockProtocolServer.java:175)
	at org.apache.hadoop.ozone.protocolPB.ScmBlockLocationProtocolServerSideTranslatorPB.allocateScmBlock(ScmBlockLocationProtocolServerSideTranslatorPB.java:153)
	at org.apache.hadoop.ozone.protocolPB.ScmBlockLocationProtocolServerSideTranslatorPB.send(ScmBlockLocationProtocolServerSideTranslatorPB.java:112)
	at org.apache.hadoop.hdds.protocol.proto.ScmBlockLocationProtocolProtos$ScmBlockLocationProtocolService$2.callBlockingMethod(ScmBlockLocationProtocolProtos.java:13157)
	at org.apache.hadoop.ipc.ProtobufRpcEngine$Server$ProtoBufRpcInvoker.call(ProtobufRpcEngine.java:524)
	at org.apache.hadoop.ipc.RPC$Server.call(RPC.java:1025)
	at org.apache.hadoop.ipc.Server$RpcCall.run(Server.java:876)
	at org.apache.hadoop.ipc.Server$RpcCall.run(Server.java:822)
	at java.security.AccessController.doPrivileged(Native Method)
	at javax.security.auth.Subject.doAs(Subject.java:422)
	at org.apache.hadoop.security.UserGroupInformation.doAs(UserGroupInformation.java:1730)
	at org.apache.hadoop.ipc.Server$Handler.run(Server.java:2682)
2019-09-20 14:30:19,922 [IPC Server handler 11 on 37648] INFO  block.BlockManagerImpl (BlockManagerImpl.java:allocateBlock(198)) - Could not find available pipeline of type:RATIS and factor:THREE even after retrying
2019-09-20 14:30:19,923 [IPC Server handler 11 on 37648] ERROR block.BlockManagerImpl (BlockManagerImpl.java:allocateBlock(222)) - Unable to allocate a block for the size: 4194304, type: RATIS, factor: THREE
2019-09-20 14:30:19,923 | INFO  | SCMAudit | user=jenkins1000 | ip=192.168.36.99 | op=ALLOCATE_BLOCK {owner=d74527f2-c088-4e06-b1c1-f4c8b27eca4d, size=4194304, type=RATIS, factor=THREE} | ret=SUCCESS |  
2019-09-20 14:30:19,924 | ERROR | OMAudit | user=jenkins1000 | ip=127.0.0.1 | op=ALLOCATE_KEY {volume=vol-0-54374, bucket=bucket-0-48748, key=key-0-57935, dataSize=20971520, replicationType=RATIS, replicationFactor=THREE, keyLocationInfo=null} | ret=FAILURE | org.apache.hadoop.hdds.scm.exceptions.SCMException: Allocated 0 blocks. Requested 5 blocks
	at org.apache.hadoop.hdds.scm.protocolPB.ScmBlockLocationProtocolClientSideTranslatorPB.handleError(ScmBlockLocationProtocolClientSideTranslatorPB.java:118)
	at org.apache.hadoop.hdds.scm.protocolPB.ScmBlockLocationProtocolClientSideTranslatorPB.allocateBlock(ScmBlockLocationProtocolClientSideTranslatorPB.java:156) 
2019-09-20 14:30:19,927 [pool-79-thread-3] ERROR freon.RandomKeyGenerator (RandomKeyGenerator.java:createKey(724)) - Exception while adding key: key-0-57935 in bucket: bucket-0-48748 of volume: vol-0-54374.
INTERNAL_ERROR org.apache.hadoop.ozone.om.exceptions.OMException: Allocated 0 blocks. Requested 5 blocks
	at org.apache.hadoop.ozone.om.protocolPB.OzoneManagerProtocolClientSideTranslatorPB.handleError(OzoneManagerProtocolClientSideTranslatorPB.java:725)
	at org.apache.hadoop.ozone.om.protocolPB.OzoneManagerProtocolClientSideTranslatorPB.openKey(OzoneManagerProtocolClientSideTranslatorPB.java:716)
	at org.apache.hadoop.ozone.client.rpc.RpcClient.createKey(RpcClient.java:615)
	at org.apache.hadoop.ozone.client.OzoneBucket.createKey(OzoneBucket.java:323)
	at org.apache.hadoop.ozone.freon.RandomKeyGenerator.createKey(RandomKeyGenerator.java:686)
	at org.apache.hadoop.ozone.freon.RandomKeyGenerator.access$1100(RandomKeyGenerator.java:87)
	at org.apache.hadoop.ozone.freon.RandomKeyGenerator$ObjectCreator.run(RandomKeyGenerator.java:606)
	at java.util.concurrent.Executors$RunnableAdapter.call(Executors.java:511)
	at java.util.concurrent.FutureTask.run(FutureTask.java:266)
	at java.util.concurrent.ThreadPoolExecutor.runWorker(ThreadPoolExecutor.java:1149)
	at java.util.concurrent.ThreadPoolExecutor$Worker.run(ThreadPoolExecutor.java:624)
	at java.lang.Thread.run(Thread.java:748)
2019-09-20 14:30:20,106 | INFO  | SCMAudit | user=jenkins1000 | ip=192.168.36.99 | op=SEND_HEARTBEAT {datanodeUUID=414b61dd-dc64-4170-a4f7-ed46231621a1, command=[]} | ret=SUCCESS |  
2019-09-20 14:30:20,106 | INFO  | SCMAudit | user=jenkins1000 | ip=192.168.36.99 | op=SEND_HEARTBEAT {datanodeUUID=91f00b63-c6d2-4d34-b168-5848dae554d4, command=[]} | ret=SUCCESS |  
2019-09-20 14:30:20,289 | INFO  | SCMAudit | user=jenkins1000 | ip=192.168.36.99 | op=SEND_HEARTBEAT {datanodeUUID=8a1a3fc2-2e5e-451c-bb07-3011db4e4137, command=[]} | ret=SUCCESS |  
2019-09-20 14:30:20,379 | INFO  | SCMAudit | user=jenkins1000 | ip=192.168.36.99 | op=SEND_HEARTBEAT {datanodeUUID=01139844-247b-45d0-963c-91509834b20c, command=[]} | ret=SUCCESS |  
2019-09-20 14:30:20,623 | INFO  | SCMAudit | user=jenkins1000 | ip=192.168.36.99 | op=SEND_HEARTBEAT {datanodeUUID=51c8ff27-873d-4cbb-8820-aa0ac2de17d7, command=[]} | ret=SUCCESS |  
 0.00% |█                                                                                                    |  0/1 Time: 0:00:012019-09-20 14:30:21,107 | INFO  | SCMAudit | user=jenkins1000 | ip=192.168.36.99 | op=SEND_HEARTBEAT {datanodeUUID=91f00b63-c6d2-4d34-b168-5848dae554d4, command=[]} | ret=SUCCESS |  
2019-09-20 14:30:21,113 | INFO  | SCMAudit | user=jenkins1000 | ip=192.168.36.99 | op=SEND_HEARTBEAT {datanodeUUID=414b61dd-dc64-4170-a4f7-ed46231621a1, command=[]} | ret=SUCCESS |  
2019-09-20 14:30:21,288 | INFO  | SCMAudit | user=jenkins1000 | ip=192.168.36.99 | op=SEND_HEARTBEAT {datanodeUUID=8a1a3fc2-2e5e-451c-bb07-3011db4e4137, command=[]} | ret=SUCCESS |  
2019-09-20 14:30:21,378 | INFO  | SCMAudit | user=jenkins1000 | ip=192.168.36.99 | op=SEND_HEARTBEAT {datanodeUUID=01139844-247b-45d0-963c-91509834b20c, command=[]} | ret=SUCCESS |  
2019-09-20 14:30:21,624 | INFO  | SCMAudit | user=jenkins1000 | ip=192.168.36.99 | op=SEND_HEARTBEAT {datanodeUUID=51c8ff27-873d-4cbb-8820-aa0ac2de17d7, command=[]} | ret=SUCCESS |  
 0.00% |█                                                                                                    |  0/1 Time: 0:00:022019-09-20 14:30:22,106 | INFO  | SCMAudit | user=jenkins1000 | ip=192.168.36.99 | op=SEND_HEARTBEAT {datanodeUUID=414b61dd-dc64-4170-a4f7-ed46231621a1, command=[]} | ret=SUCCESS |  
2019-09-20 14:30:22,107 | INFO  | SCMAudit | user=jenkins1000 | ip=192.168.36.99 | op=SEND_HEARTBEAT {datanodeUUID=91f00b63-c6d2-4d34-b168-5848dae554d4, command=[]} | ret=SUCCESS |  
2019-09-20 14:30:22,289 | INFO  | SCMAudit | user=jenkins1000 | ip=192.168.36.99 | op=SEND_HEARTBEAT {datanodeUUID=8a1a3fc2-2e5e-451c-bb07-3011db4e4137, command=[]} | ret=SUCCESS |  
2019-09-20 14:30:22,378 | INFO  | SCMAudit | user=jenkins1000 | ip=192.168.36.99 | op=SEND_HEARTBEAT {datanodeUUID=01139844-247b-45d0-963c-91509834b20c, command=[]} | ret=SUCCESS |  
2019-09-20 14:30:22,624 | INFO  | SCMAudit | user=jenkins1000 | ip=192.168.36.99 | op=SEND_HEARTBEAT {datanodeUUID=51c8ff27-873d-4cbb-8820-aa0ac2de17d7, command=[]} | ret=SUCCESS |  
 0.00% |█                                                                                                    |  0/1 Time: 0:00:032019-09-20 14:30:23,107 | INFO  | SCMAudit | user=jenkins1000 | ip=192.168.36.99 | op=SEND_HEARTBEAT {datanodeUUID=414b61dd-dc64-4170-a4f7-ed46231621a1, command=[]} | ret=SUCCESS |  
2019-09-20 14:30:23,107 | INFO  | SCMAudit | user=jenkins1000 | ip=192.168.36.99 | op=SEND_HEARTBEAT {datanodeUUID=91f00b63-c6d2-4d34-b168-5848dae554d4, command=[]} | ret=SUCCESS |  
2019-09-20 14:30:23,288 | INFO  | SCMAudit | user=jenkins1000 | ip=192.168.36.99 | op=SEND_HEARTBEAT {datanodeUUID=8a1a3fc2-2e5e-451c-bb07-3011db4e4137, command=[]} | ret=SUCCESS |  
2019-09-20 14:30:23,379 | INFO  | SCMAudit | user=jenkins1000 | ip=192.168.36.99 | op=SEND_HEARTBEAT {datanodeUUID=01139844-247b-45d0-963c-91509834b20c, command=[]} | ret=SUCCESS |  
2019-09-20 14:30:23,623 | INFO  | SCMAudit | user=jenkins1000 | ip=192.168.36.99 | op=SEND_HEARTBEAT {datanodeUUID=51c8ff27-873d-4cbb-8820-aa0ac2de17d7, command=[]} | ret=SUCCESS |  
 0.00% |█                                                                                                    |  0/1 Time: 0:00:042019-09-20 14:30:24,107 | INFO  | SCMAudit | user=jenkins1000 | ip=192.168.36.99 | op=SEND_HEARTBEAT {datanodeUUID=414b61dd-dc64-4170-a4f7-ed46231621a1, command=[]} | ret=SUCCESS |  
2019-09-20 14:30:24,107 | INFO  | SCMAudit | user=jenkins1000 | ip=192.168.36.99 | op=SEND_HEARTBEAT {datanodeUUID=91f00b63-c6d2-4d34-b168-5848dae554d4, command=[]} | ret=SUCCESS |  
2019-09-20 14:30:24,288 | INFO  | SCMAudit | user=jenkins1000 | ip=192.168.36.99 | op=SEND_HEARTBEAT {datanodeUUID=8a1a3fc2-2e5e-451c-bb07-3011db4e4137, command=[]} | ret=SUCCESS |  
2019-09-20 14:30:24,379 | INFO  | SCMAudit | user=jenkins1000 | ip=192.168.36.99 | op=SEND_HEARTBEAT {datanodeUUID=01139844-247b-45d0-963c-91509834b20c, command=[]} | ret=SUCCESS |  
2019-09-20 14:30:24,627 | INFO  | SCMAudit | user=jenkins1000 | ip=192.168.36.99 | op=SEND_HEARTBEAT {datanodeUUID=51c8ff27-873d-4cbb-8820-aa0ac2de17d7, command=[]} | ret=SUCCESS |  
 100.00% |█████████████████████████████████████████████████████████████████████████████████████████████████████|  1/1 Time: 0:00:05
2019-09-20 14:30:25,106 | INFO  | SCMAudit | user=jenkins1000 | ip=192.168.36.99 | op=SEND_HEARTBEAT {datanodeUUID=414b61dd-dc64-4170-a4f7-ed46231621a1, command=[]} | ret=SUCCESS |  
2019-09-20 14:30:25,107 | INFO  | SCMAudit | user=jenkins1000 | ip=192.168.36.99 | op=SEND_HEARTBEAT {datanodeUUID=91f00b63-c6d2-4d34-b168-5848dae554d4, command=[]} | ret=SUCCESS |  
2019-09-20 14:30:25,288 | INFO  | SCMAudit | user=jenkins1000 | ip=192.168.36.99 | op=SEND_HEARTBEAT {datanodeUUID=8a1a3fc2-2e5e-451c-bb07-3011db4e4137, command=[]} | ret=SUCCESS |  
2019-09-20 14:30:25,379 | INFO  | SCMAudit | user=jenkins1000 | ip=192.168.36.99 | op=SEND_HEARTBEAT {datanodeUUID=01139844-247b-45d0-963c-91509834b20c, command=[]} | ret=SUCCESS |  
2019-09-20 14:30:25,630 | INFO  | SCMAudit | user=jenkins1000 | ip=192.168.36.99 | op=SEND_HEARTBEAT {datanodeUUID=51c8ff27-873d-4cbb-8820-aa0ac2de17d7, command=[]} | ret=SUCCESS |  
2019-09-20 14:30:26,107 | INFO  | SCMAudit | user=jenkins1000 | ip=192.168.36.99 | op=SEND_HEARTBEAT {datanodeUUID=414b61dd-dc64-4170-a4f7-ed46231621a1, command=[]} | ret=SUCCESS |  
2019-09-20 14:30:26,107 | INFO  | SCMAudit | user=jenkins1000 | ip=192.168.36.99 | op=SEND_HEARTBEAT {datanodeUUID=91f00b63-c6d2-4d34-b168-5848dae554d4, command=[]} | ret=SUCCESS |  
2019-09-20 14:30:26,289 | INFO  | SCMAudit | user=jenkins1000 | ip=192.168.36.99 | op=SEND_HEARTBEAT {datanodeUUID=8a1a3fc2-2e5e-451c-bb07-3011db4e4137, command=[]} | ret=SUCCESS |  
2019-09-20 14:30:26,379 | INFO  | SCMAudit | user=jenkins1000 | ip=192.168.36.99 | op=SEND_HEARTBEAT {datanodeUUID=01139844-247b-45d0-963c-91509834b20c, command=[]} | ret=SUCCESS |  
2019-09-20 14:30:26,630 | INFO  | SCMAudit | user=jenkins1000 | ip=192.168.36.99 | op=SEND_HEARTBEAT {datanodeUUID=51c8ff27-873d-4cbb-8820-aa0ac2de17d7, command=[]} | ret=SUCCESS |  
2019-09-20 14:30:27,106 | INFO  | SCMAudit | user=jenkins1000 | ip=192.168.36.99 | op=SEND_HEARTBEAT {datanodeUUID=414b61dd-dc64-4170-a4f7-ed46231621a1, command=[]} | ret=SUCCESS |  
2019-09-20 14:30:27,107 | INFO  | SCMAudit | user=jenkins1000 | ip=192.168.36.99 | op=SEND_HEARTBEAT {datanodeUUID=91f00b63-c6d2-4d34-b168-5848dae554d4, command=[]} | ret=SUCCESS |  
2019-09-20 14:30:27,289 | INFO  | SCMAudit | user=jenkins1000 | ip=192.168.36.99 | op=SEND_HEARTBEAT {datanodeUUID=8a1a3fc2-2e5e-451c-bb07-3011db4e4137, command=[]} | ret=SUCCESS |  
2019-09-20 14:30:27,380 | INFO  | SCMAudit | user=jenkins1000 | ip=192.168.36.99 | op=SEND_HEARTBEAT {datanodeUUID=01139844-247b-45d0-963c-91509834b20c, command=[]} | ret=SUCCESS |  
2019-09-20 14:30:27,631 | INFO  | SCMAudit | user=jenkins1000 | ip=192.168.36.99 | op=SEND_HEARTBEAT {datanodeUUID=51c8ff27-873d-4cbb-8820-aa0ac2de17d7, command=[]} | ret=SUCCESS |  
2019-09-20 14:30:28,107 | INFO  | SCMAudit | user=jenkins1000 | ip=192.168.36.99 | op=SEND_HEARTBEAT {datanodeUUID=414b61dd-dc64-4170-a4f7-ed46231621a1, command=[]} | ret=SUCCESS |  
2019-09-20 14:30:28,107 | INFO  | SCMAudit | user=jenkins1000 | ip=192.168.36.99 | op=SEND_HEARTBEAT {datanodeUUID=91f00b63-c6d2-4d34-b168-5848dae554d4, command=[]} | ret=SUCCESS |  
2019-09-20 14:30:28,290 | INFO  | SCMAudit | user=jenkins1000 | ip=192.168.36.99 | op=SEND_HEARTBEAT {datanodeUUID=8a1a3fc2-2e5e-451c-bb07-3011db4e4137, command=[]} | ret=SUCCESS |  
2019-09-20 14:30:28,379 | INFO  | SCMAudit | user=jenkins1000 | ip=192.168.36.99 | op=SEND_HEARTBEAT {datanodeUUID=01139844-247b-45d0-963c-91509834b20c, command=[]} | ret=SUCCESS |  
2019-09-20 14:30:28,632 | INFO  | SCMAudit | user=jenkins1000 | ip=192.168.36.99 | op=SEND_HEARTBEAT {datanodeUUID=51c8ff27-873d-4cbb-8820-aa0ac2de17d7, command=[]} | ret=SUCCESS |  
2019-09-20 14:30:29,108 | INFO  | SCMAudit | user=jenkins1000 | ip=192.168.36.99 | op=SEND_HEARTBEAT {datanodeUUID=91f00b63-c6d2-4d34-b168-5848dae554d4, command=[]} | ret=SUCCESS |  
2019-09-20 14:30:29,108 | INFO  | SCMAudit | user=jenkins1000 | ip=192.168.36.99 | op=SEND_HEARTBEAT {datanodeUUID=414b61dd-dc64-4170-a4f7-ed46231621a1, command=[]} | ret=SUCCESS |  
2019-09-20 14:30:29,291 | INFO  | SCMAudit | user=jenkins1000 | ip=192.168.36.99 | op=SEND_HEARTBEAT {datanodeUUID=8a1a3fc2-2e5e-451c-bb07-3011db4e4137, command=[]} | ret=SUCCESS |  
2019-09-20 14:30:29,380 | INFO  | SCMAudit | user=jenkins1000 | ip=192.168.36.99 | op=SEND_HEARTBEAT {datanodeUUID=01139844-247b-45d0-963c-91509834b20c, command=[]} | ret=SUCCESS |  
2019-09-20 14:30:29,631 | INFO  | SCMAudit | user=jenkins1000 | ip=192.168.36.99 | op=SEND_HEARTBEAT {datanodeUUID=51c8ff27-873d-4cbb-8820-aa0ac2de17d7, command=[]} | ret=SUCCESS |  
]]></system-out>
  </testcase>
  <testcase name="validateWriteTest" classname="org.apache.hadoop.ozone.freon.TestDataValidateWithSafeByteOperations" time="10.017">
    <error message="Allocated 0 blocks. Requested 1 blocks" type="INTERNAL_ERROR org.apache.hadoop.ozone.om.exceptions.OMException">INTERNAL_ERROR org.apache.hadoop.ozone.om.exceptions.OMException: Allocated 0 blocks. Requested 1 blocks
	at org.apache.hadoop.ozone.om.protocolPB.OzoneManagerProtocolClientSideTranslatorPB.handleError(OzoneManagerProtocolClientSideTranslatorPB.java:725)
	at org.apache.hadoop.ozone.om.protocolPB.OzoneManagerProtocolClientSideTranslatorPB.openKey(OzoneManagerProtocolClientSideTranslatorPB.java:716)
	at org.apache.hadoop.ozone.client.rpc.RpcClient.createKey(RpcClient.java:615)
	at org.apache.hadoop.ozone.client.OzoneBucket.createKey(OzoneBucket.java:323)
	at org.apache.hadoop.ozone.freon.RandomKeyGenerator.createKey(RandomKeyGenerator.java:686)
	at org.apache.hadoop.ozone.freon.RandomKeyGenerator.access$1100(RandomKeyGenerator.java:87)
	at org.apache.hadoop.ozone.freon.RandomKeyGenerator$ObjectCreator.run(RandomKeyGenerator.java:606)
	at java.util.concurrent.Executors$RunnableAdapter.call(Executors.java:511)
	at java.util.concurrent.FutureTask.run(FutureTask.java:266)
	at java.util.concurrent.ThreadPoolExecutor.runWorker(ThreadPoolExecutor.java:1149)
	at java.util.concurrent.ThreadPoolExecutor$Worker.run(ThreadPoolExecutor.java:624)
	at java.lang.Thread.run(Thread.java:748)
</error>
    <system-out><![CDATA[2019-09-20 14:30:29,886 [main] INFO  freon.RandomKeyGenerator (RandomKeyGenerator.java:call(275)) - Number of Threads: 10
2019-09-20 14:30:29,887 [main] INFO  freon.RandomKeyGenerator (RandomKeyGenerator.java:call(280)) - Number of Volumes: 2.
2019-09-20 14:30:29,887 [main] INFO  freon.RandomKeyGenerator (RandomKeyGenerator.java:call(281)) - Number of Buckets per Volume: 5.
2019-09-20 14:30:29,887 [main] INFO  freon.RandomKeyGenerator (RandomKeyGenerator.java:call(282)) - Number of Keys per Bucket: 10.
2019-09-20 14:30:29,887 [main] INFO  freon.RandomKeyGenerator (RandomKeyGenerator.java:call(283)) - Key size: 10240 bytes
2019-09-20 14:30:29,887 [main] INFO  freon.RandomKeyGenerator (RandomKeyGenerator.java:call(284)) - Buffer size: 4096 bytes
2019-09-20 14:30:29,888 [pool-80-thread-1] INFO  rpc.RpcClient (RpcClient.java:createVolume(293)) - Creating Volume: vol-0-25925, with jenkins1000 as owner.
2019-09-20 14:30:29,888 [pool-80-thread-2] INFO  rpc.RpcClient (RpcClient.java:createVolume(293)) - Creating Volume: vol-1-74943, with jenkins1000 as owner.
2019-09-20 14:30:29,889 [main] INFO  freon.RandomKeyGenerator (RandomKeyGenerator.java:call(298)) - Data validation is enabled.
2019-09-20 14:30:29,889 [main] INFO  freon.RandomKeyGenerator (RandomKeyGenerator.java:call(304)) - Starting progress bar Thread.

 0.00% |█                                                                                                    |  0/100 Time: 0:00:002019-09-20 14:30:29,892 | INFO  | OMAudit | user=jenkins1000 | ip=127.0.0.1 | op=CREATE_VOLUME {admin=jenkins1000, owner=jenkins1000, volume=vol-1-74943, creationTime=1568989829892, quotaInBytes=1152921504606846976} | ret=SUCCESS |  
2019-09-20 14:30:29,894 | INFO  | OMAudit | user=jenkins1000 | ip=127.0.0.1 | op=CREATE_VOLUME {admin=jenkins1000, owner=jenkins1000, volume=vol-0-25925, creationTime=1568989829892, quotaInBytes=1152921504606846976} | ret=SUCCESS |  
2019-09-20 14:30:29,897 | INFO  | OMAudit | user=jenkins1000 | ip=127.0.0.1 | op=READ_VOLUME {volume=vol-1-74943} | ret=SUCCESS |  
2019-09-20 14:30:29,897 | INFO  | OMAudit | user=jenkins1000 | ip=127.0.0.1 | op=READ_VOLUME {volume=vol-0-25925} | ret=SUCCESS |  
2019-09-20 14:30:29,900 [pool-80-thread-7] INFO  rpc.RpcClient (RpcClient.java:createBucket(432)) - Creating Bucket: vol-1-74943/bucket-2-38085, with Versioning false and Storage Type set to DISK and Encryption set to false 
2019-09-20 14:30:29,900 [pool-80-thread-6] INFO  rpc.RpcClient (RpcClient.java:createBucket(432)) - Creating Bucket: vol-1-74943/bucket-1-68847, with Versioning false and Storage Type set to DISK and Encryption set to false 
2019-09-20 14:30:29,900 [pool-80-thread-4] INFO  rpc.RpcClient (RpcClient.java:createBucket(432)) - Creating Bucket: vol-1-74943/bucket-0-16752, with Versioning false and Storage Type set to DISK and Encryption set to false 
2019-09-20 14:30:29,901 [pool-80-thread-1] INFO  rpc.RpcClient (RpcClient.java:createBucket(432)) - Creating Bucket: vol-1-74943/bucket-4-25517, with Versioning false and Storage Type set to DISK and Encryption set to false 
2019-09-20 14:30:29,902 | INFO  | OMAudit | user=jenkins1000 | ip=127.0.0.1 | op=CREATE_BUCKET {volume=vol-1-74943, bucket=bucket-2-38085, acls=[user:jenkins1000:a[ACCESS], group:default:a[ACCESS]], isVersionEnabled=false, storageType=DISK, creationTime=0} | ret=SUCCESS |  
2019-09-20 14:30:29,903 | INFO  | OMAudit | user=jenkins1000 | ip=127.0.0.1 | op=CREATE_BUCKET {volume=vol-1-74943, bucket=bucket-1-68847, acls=[user:jenkins1000:a[ACCESS], group:default:a[ACCESS]], isVersionEnabled=false, storageType=DISK, creationTime=0} | ret=SUCCESS |  
2019-09-20 14:30:29,903 | INFO  | OMAudit | user=jenkins1000 | ip=127.0.0.1 | op=CREATE_BUCKET {volume=vol-1-74943, bucket=bucket-0-16752, acls=[user:jenkins1000:a[ACCESS], group:default:a[ACCESS]], isVersionEnabled=false, storageType=DISK, creationTime=0} | ret=SUCCESS |  
2019-09-20 14:30:29,904 | INFO  | OMAudit | user=jenkins1000 | ip=127.0.0.1 | op=READ_BUCKET {volume=vol-1-74943, bucket=bucket-2-38085} | ret=SUCCESS |  
2019-09-20 14:30:29,904 | INFO  | OMAudit | user=jenkins1000 | ip=127.0.0.1 | op=CREATE_BUCKET {volume=vol-1-74943, bucket=bucket-4-25517, acls=[user:jenkins1000:a[ACCESS], group:default:a[ACCESS]], isVersionEnabled=false, storageType=DISK, creationTime=0} | ret=SUCCESS |  
2019-09-20 14:30:29,904 | INFO  | OMAudit | user=jenkins1000 | ip=127.0.0.1 | op=READ_BUCKET {volume=vol-1-74943, bucket=bucket-1-68847} | ret=SUCCESS |  
2019-09-20 14:30:29,905 | INFO  | OMAudit | user=jenkins1000 | ip=127.0.0.1 | op=READ_BUCKET {volume=vol-1-74943, bucket=bucket-0-16752} | ret=SUCCESS |  
2019-09-20 14:30:29,905 | INFO  | OMAudit | user=jenkins1000 | ip=127.0.0.1 | op=READ_BUCKET {volume=vol-1-74943, bucket=bucket-4-25517} | ret=SUCCESS |  
2019-09-20 14:30:29,913 [pool-80-thread-8] INFO  rpc.RpcClient (RpcClient.java:createBucket(432)) - Creating Bucket: vol-0-25925/bucket-2-83469, with Versioning false and Storage Type set to DISK and Encryption set to false 
2019-09-20 14:30:29,913 [pool-80-thread-5] INFO  rpc.RpcClient (RpcClient.java:createBucket(432)) - Creating Bucket: vol-0-25925/bucket-1-28227, with Versioning false and Storage Type set to DISK and Encryption set to false 
2019-09-20 14:30:29,913 [pool-80-thread-3] INFO  rpc.RpcClient (RpcClient.java:createBucket(432)) - Creating Bucket: vol-0-25925/bucket-0-24331, with Versioning false and Storage Type set to DISK and Encryption set to false 
2019-09-20 14:30:29,913 [pool-80-thread-9] INFO  rpc.RpcClient (RpcClient.java:createBucket(432)) - Creating Bucket: vol-0-25925/bucket-3-12096, with Versioning false and Storage Type set to DISK and Encryption set to false 
2019-09-20 14:30:29,913 [pool-80-thread-10] INFO  rpc.RpcClient (RpcClient.java:createBucket(432)) - Creating Bucket: vol-1-74943/bucket-3-42932, with Versioning false and Storage Type set to DISK and Encryption set to false 
2019-09-20 14:30:29,913 [pool-80-thread-2] INFO  rpc.RpcClient (RpcClient.java:createBucket(432)) - Creating Bucket: vol-0-25925/bucket-4-38142, with Versioning false and Storage Type set to DISK and Encryption set to false 
2019-09-20 14:30:29,913 [IPC Server handler 11 on 37648] INFO  pipeline.PipelinePlacementPolicy (PipelinePlacementPolicy.java:meetCriteria(91)) - Pipeline Placement: Doesn't meet the criteria to be viable node： 414b61dd-dc64-4170-a4f7-ed46231621a1 Heaviness: 6 limit: 5
2019-09-20 14:30:29,914 [IPC Server handler 11 on 37648] INFO  pipeline.PipelinePlacementPolicy (PipelinePlacementPolicy.java:meetCriteria(91)) - Pipeline Placement: Doesn't meet the criteria to be viable node： 91f00b63-c6d2-4d34-b168-5848dae554d4 Heaviness: 6 limit: 5
2019-09-20 14:30:29,914 [IPC Server handler 11 on 37648] INFO  pipeline.PipelinePlacementPolicy (PipelinePlacementPolicy.java:meetCriteria(91)) - Pipeline Placement: Doesn't meet the criteria to be viable node： 8a1a3fc2-2e5e-451c-bb07-3011db4e4137 Heaviness: 6 limit: 5
2019-09-20 14:30:29,914 | INFO  | OMAudit | user=jenkins1000 | ip=127.0.0.1 | op=CREATE_BUCKET {volume=vol-0-25925, bucket=bucket-2-83469, acls=[user:jenkins1000:a[ACCESS], group:default:a[ACCESS]], isVersionEnabled=false, storageType=DISK, creationTime=0} | ret=SUCCESS |  
2019-09-20 14:30:29,914 [IPC Server handler 11 on 37648] INFO  pipeline.PipelinePlacementPolicy (PipelinePlacementPolicy.java:meetCriteria(91)) - Pipeline Placement: Doesn't meet the criteria to be viable node： 01139844-247b-45d0-963c-91509834b20c Heaviness: 6 limit: 5
2019-09-20 14:30:29,914 [IPC Server handler 11 on 37648] INFO  pipeline.PipelinePlacementPolicy (PipelinePlacementPolicy.java:meetCriteria(91)) - Pipeline Placement: Doesn't meet the criteria to be viable node： 51c8ff27-873d-4cbb-8820-aa0ac2de17d7 Heaviness: 6 limit: 5
2019-09-20 14:30:29,914 | INFO  | OMAudit | user=jenkins1000 | ip=127.0.0.1 | op=CREATE_BUCKET {volume=vol-0-25925, bucket=bucket-0-24331, acls=[user:jenkins1000:a[ACCESS], group:default:a[ACCESS]], isVersionEnabled=false, storageType=DISK, creationTime=0} | ret=SUCCESS |  
2019-09-20 14:30:29,915 [IPC Server handler 11 on 37648] ERROR pipeline.PipelinePlacementPolicy (PipelinePlacementPolicy.java:filterViableNodes(148)) - Unable to find enough nodes that meet the criteria that cannot engage in more than 5 pipelines. Nodes required: 3 Found: 0, healthy nodes count inNodeManager: 5.
2019-09-20 14:30:29,915 | INFO  | OMAudit | user=jenkins1000 | ip=127.0.0.1 | op=CREATE_BUCKET {volume=vol-1-74943, bucket=bucket-3-42932, acls=[user:jenkins1000:a[ACCESS], group:default:a[ACCESS]], isVersionEnabled=false, storageType=DISK, creationTime=0} | ret=SUCCESS |  
2019-09-20 14:30:29,915 [IPC Server handler 11 on 37648] ERROR pipeline.SCMPipelineManager (SCMPipelineManager.java:createPipeline(161)) - Pipeline creation failed due to exception: Unable to find enough nodes that meet the criteria that cannot engage in more than 5 pipelines. Nodes required: 3 Found: 0, healthy nodes count inNodeManager: 5.
2019-09-20 14:30:29,915 | INFO  | OMAudit | user=jenkins1000 | ip=127.0.0.1 | op=CREATE_BUCKET {volume=vol-0-25925, bucket=bucket-1-28227, acls=[user:jenkins1000:a[ACCESS], group:default:a[ACCESS]], isVersionEnabled=false, storageType=DISK, creationTime=0} | ret=SUCCESS |  
2019-09-20 14:30:29,915 [IPC Server handler 11 on 37648] WARN  block.BlockManagerImpl (BlockManagerImpl.java:allocateBlock(192)) - Pipeline creation failed for type:RATIS factor:THREE. Retrying get pipelines call once.
org.apache.hadoop.hdds.scm.exceptions.SCMException: Unable to find enough nodes that meet the criteria that cannot engage in more than 5 pipelines. Nodes required: 3 Found: 0, healthy nodes count inNodeManager: 5.
	at org.apache.hadoop.hdds.scm.pipeline.PipelinePlacementPolicy.filterViableNodes(PipelinePlacementPolicy.java:149)
	at org.apache.hadoop.hdds.scm.pipeline.PipelinePlacementPolicy.chooseDatanodes(PipelinePlacementPolicy.java:172)
	at org.apache.hadoop.hdds.scm.pipeline.RatisPipelineProvider.create(RatisPipelineProvider.java:92)
	at org.apache.hadoop.hdds.scm.pipeline.PipelineFactory.create(PipelineFactory.java:57)
	at org.apache.hadoop.hdds.scm.pipeline.SCMPipelineManager.createPipeline(SCMPipelineManager.java:149)
	at org.apache.hadoop.hdds.scm.block.BlockManagerImpl.allocateBlock(BlockManagerImpl.java:190)
	at org.apache.hadoop.hdds.scm.server.SCMBlockProtocolServer.allocateBlock(SCMBlockProtocolServer.java:175)
	at org.apache.hadoop.ozone.protocolPB.ScmBlockLocationProtocolServerSideTranslatorPB.allocateScmBlock(ScmBlockLocationProtocolServerSideTranslatorPB.java:153)
	at org.apache.hadoop.ozone.protocolPB.ScmBlockLocationProtocolServerSideTranslatorPB.send(ScmBlockLocationProtocolServerSideTranslatorPB.java:112)
	at org.apache.hadoop.hdds.protocol.proto.ScmBlockLocationProtocolProtos$ScmBlockLocationProtocolService$2.callBlockingMethod(ScmBlockLocationProtocolProtos.java:13157)
	at org.apache.hadoop.ipc.ProtobufRpcEngine$Server$ProtoBufRpcInvoker.call(ProtobufRpcEngine.java:524)
	at org.apache.hadoop.ipc.RPC$Server.call(RPC.java:1025)
	at org.apache.hadoop.ipc.Server$RpcCall.run(Server.java:876)
	at org.apache.hadoop.ipc.Server$RpcCall.run(Server.java:822)
	at java.security.AccessController.doPrivileged(Native Method)
	at javax.security.auth.Subject.doAs(Subject.java:422)
	at org.apache.hadoop.security.UserGroupInformation.doAs(UserGroupInformation.java:1730)
	at org.apache.hadoop.ipc.Server$Handler.run(Server.java:2682)
2019-09-20 14:30:29,915 [IPC Server handler 11 on 37648] INFO  block.BlockManagerImpl (BlockManagerImpl.java:allocateBlock(198)) - Could not find available pipeline of type:RATIS and factor:THREE even after retrying
2019-09-20 14:30:29,916 [IPC Server handler 11 on 37648] ERROR block.BlockManagerImpl (BlockManagerImpl.java:allocateBlock(222)) - Unable to allocate a block for the size: 4194304, type: RATIS, factor: THREE
2019-09-20 14:30:29,916 | INFO  | OMAudit | user=jenkins1000 | ip=127.0.0.1 | op=CREATE_BUCKET {volume=vol-0-25925, bucket=bucket-4-38142, acls=[user:jenkins1000:a[ACCESS], group:default:a[ACCESS]], isVersionEnabled=false, storageType=DISK, creationTime=0} | ret=SUCCESS |  
2019-09-20 14:30:29,916 | INFO  | SCMAudit | user=jenkins1000 | ip=192.168.36.99 | op=ALLOCATE_BLOCK {owner=d74527f2-c088-4e06-b1c1-f4c8b27eca4d, size=4194304, type=RATIS, factor=THREE} | ret=SUCCESS |  
2019-09-20 14:30:29,916 | INFO  | OMAudit | user=jenkins1000 | ip=127.0.0.1 | op=READ_BUCKET {volume=vol-0-25925, bucket=bucket-2-83469} | ret=SUCCESS |  
2019-09-20 14:30:29,930 | INFO  | OMAudit | user=jenkins1000 | ip=127.0.0.1 | op=READ_BUCKET {volume=vol-1-74943, bucket=bucket-3-42932} | ret=SUCCESS |  
2019-09-20 14:30:29,931 | ERROR | OMAudit | user=jenkins1000 | ip=127.0.0.1 | op=ALLOCATE_KEY {volume=vol-1-74943, bucket=bucket-1-68847, key=key-0-35950, dataSize=10240, replicationType=RATIS, replicationFactor=THREE, keyLocationInfo=null} | ret=FAILURE | org.apache.hadoop.hdds.scm.exceptions.SCMException: Allocated 0 blocks. Requested 1 blocks
	at org.apache.hadoop.hdds.scm.protocolPB.ScmBlockLocationProtocolClientSideTranslatorPB.handleError(ScmBlockLocationProtocolClientSideTranslatorPB.java:118)
	at org.apache.hadoop.hdds.scm.protocolPB.ScmBlockLocationProtocolClientSideTranslatorPB.allocateBlock(ScmBlockLocationProtocolClientSideTranslatorPB.java:156) 
2019-09-20 14:30:29,934 [IPC Server handler 14 on 37648] INFO  pipeline.PipelinePlacementPolicy (PipelinePlacementPolicy.java:meetCriteria(91)) - Pipeline Placement: Doesn't meet the criteria to be viable node： 414b61dd-dc64-4170-a4f7-ed46231621a1 Heaviness: 6 limit: 5
2019-09-20 14:30:29,934 [IPC Server handler 14 on 37648] INFO  pipeline.PipelinePlacementPolicy (PipelinePlacementPolicy.java:meetCriteria(91)) - Pipeline Placement: Doesn't meet the criteria to be viable node： 91f00b63-c6d2-4d34-b168-5848dae554d4 Heaviness: 6 limit: 5
2019-09-20 14:30:29,934 [IPC Server handler 14 on 37648] INFO  pipeline.PipelinePlacementPolicy (PipelinePlacementPolicy.java:meetCriteria(91)) - Pipeline Placement: Doesn't meet the criteria to be viable node： 8a1a3fc2-2e5e-451c-bb07-3011db4e4137 Heaviness: 6 limit: 5
2019-09-20 14:30:29,934 [IPC Server handler 14 on 37648] INFO  pipeline.PipelinePlacementPolicy (PipelinePlacementPolicy.java:meetCriteria(91)) - Pipeline Placement: Doesn't meet the criteria to be viable node： 01139844-247b-45d0-963c-91509834b20c Heaviness: 6 limit: 5
2019-09-20 14:30:29,935 | INFO  | OMAudit | user=jenkins1000 | ip=127.0.0.1 | op=CREATE_BUCKET {volume=vol-0-25925, bucket=bucket-3-12096, acls=[user:jenkins1000:a[ACCESS], group:default:a[ACCESS]], isVersionEnabled=false, storageType=DISK, creationTime=0} | ret=SUCCESS |  
2019-09-20 14:30:29,935 | INFO  | OMAudit | user=jenkins1000 | ip=127.0.0.1 | op=READ_BUCKET {volume=vol-0-25925, bucket=bucket-1-28227} | ret=SUCCESS |  
2019-09-20 14:30:29,935 [pool-80-thread-1] ERROR freon.RandomKeyGenerator (RandomKeyGenerator.java:createKey(724)) - Exception while adding key: key-0-35950 in bucket: bucket-1-68847 of volume: vol-1-74943.
INTERNAL_ERROR org.apache.hadoop.ozone.om.exceptions.OMException: Allocated 0 blocks. Requested 1 blocks
	at org.apache.hadoop.ozone.om.protocolPB.OzoneManagerProtocolClientSideTranslatorPB.handleError(OzoneManagerProtocolClientSideTranslatorPB.java:725)
	at org.apache.hadoop.ozone.om.protocolPB.OzoneManagerProtocolClientSideTranslatorPB.openKey(OzoneManagerProtocolClientSideTranslatorPB.java:716)
	at org.apache.hadoop.ozone.client.rpc.RpcClient.createKey(RpcClient.java:615)
	at org.apache.hadoop.ozone.client.OzoneBucket.createKey(OzoneBucket.java:323)
	at org.apache.hadoop.ozone.freon.RandomKeyGenerator.createKey(RandomKeyGenerator.java:686)
	at org.apache.hadoop.ozone.freon.RandomKeyGenerator.access$1100(RandomKeyGenerator.java:87)
	at org.apache.hadoop.ozone.freon.RandomKeyGenerator$ObjectCreator.run(RandomKeyGenerator.java:606)
	at java.util.concurrent.Executors$RunnableAdapter.call(Executors.java:511)
	at java.util.concurrent.FutureTask.run(FutureTask.java:266)
	at java.util.concurrent.ThreadPoolExecutor.runWorker(ThreadPoolExecutor.java:1149)
	at java.util.concurrent.ThreadPoolExecutor$Worker.run(ThreadPoolExecutor.java:624)
	at java.lang.Thread.run(Thread.java:748)
2019-09-20 14:30:29,935 | INFO  | OMAudit | user=jenkins1000 | ip=127.0.0.1 | op=READ_BUCKET {volume=vol-0-25925, bucket=bucket-0-24331} | ret=SUCCESS |  
2019-09-20 14:30:29,935 [IPC Server handler 14 on 37648] INFO  pipeline.PipelinePlacementPolicy (PipelinePlacementPolicy.java:meetCriteria(91)) - Pipeline Placement: Doesn't meet the criteria to be viable node： 51c8ff27-873d-4cbb-8820-aa0ac2de17d7 Heaviness: 6 limit: 5
2019-09-20 14:30:29,938 [IPC Server handler 14 on 37648] ERROR pipeline.PipelinePlacementPolicy (PipelinePlacementPolicy.java:filterViableNodes(148)) - Unable to find enough nodes that meet the criteria that cannot engage in more than 5 pipelines. Nodes required: 3 Found: 0, healthy nodes count inNodeManager: 5.
2019-09-20 14:30:29,938 [IPC Server handler 14 on 37648] ERROR pipeline.SCMPipelineManager (SCMPipelineManager.java:createPipeline(161)) - Pipeline creation failed due to exception: Unable to find enough nodes that meet the criteria that cannot engage in more than 5 pipelines. Nodes required: 3 Found: 0, healthy nodes count inNodeManager: 5.
2019-09-20 14:30:29,938 [IPC Server handler 14 on 37648] WARN  block.BlockManagerImpl (BlockManagerImpl.java:allocateBlock(192)) - Pipeline creation failed for type:RATIS factor:THREE. Retrying get pipelines call once.
org.apache.hadoop.hdds.scm.exceptions.SCMException: Unable to find enough nodes that meet the criteria that cannot engage in more than 5 pipelines. Nodes required: 3 Found: 0, healthy nodes count inNodeManager: 5.
	at org.apache.hadoop.hdds.scm.pipeline.PipelinePlacementPolicy.filterViableNodes(PipelinePlacementPolicy.java:149)
	at org.apache.hadoop.hdds.scm.pipeline.PipelinePlacementPolicy.chooseDatanodes(PipelinePlacementPolicy.java:172)
	at org.apache.hadoop.hdds.scm.pipeline.RatisPipelineProvider.create(RatisPipelineProvider.java:92)
	at org.apache.hadoop.hdds.scm.pipeline.PipelineFactory.create(PipelineFactory.java:57)
	at org.apache.hadoop.hdds.scm.pipeline.SCMPipelineManager.createPipeline(SCMPipelineManager.java:149)
	at org.apache.hadoop.hdds.scm.block.BlockManagerImpl.allocateBlock(BlockManagerImpl.java:190)
	at org.apache.hadoop.hdds.scm.server.SCMBlockProtocolServer.allocateBlock(SCMBlockProtocolServer.java:175)
	at org.apache.hadoop.ozone.protocolPB.ScmBlockLocationProtocolServerSideTranslatorPB.allocateScmBlock(ScmBlockLocationProtocolServerSideTranslatorPB.java:153)
	at org.apache.hadoop.ozone.protocolPB.ScmBlockLocationProtocolServerSideTranslatorPB.send(ScmBlockLocationProtocolServerSideTranslatorPB.java:112)
	at org.apache.hadoop.hdds.protocol.proto.ScmBlockLocationProtocolProtos$ScmBlockLocationProtocolService$2.callBlockingMethod(ScmBlockLocationProtocolProtos.java:13157)
	at org.apache.hadoop.ipc.ProtobufRpcEngine$Server$ProtoBufRpcInvoker.call(ProtobufRpcEngine.java:524)
	at org.apache.hadoop.ipc.RPC$Server.call(RPC.java:1025)
	at org.apache.hadoop.ipc.Server$RpcCall.run(Server.java:876)
	at org.apache.hadoop.ipc.Server$RpcCall.run(Server.java:822)
	at java.security.AccessController.doPrivileged(Native Method)
	at javax.security.auth.Subject.doAs(Subject.java:422)
	at org.apache.hadoop.security.UserGroupInformation.doAs(UserGroupInformation.java:1730)
	at org.apache.hadoop.ipc.Server$Handler.run(Server.java:2682)
2019-09-20 14:30:29,938 [IPC Server handler 14 on 37648] INFO  block.BlockManagerImpl (BlockManagerImpl.java:allocateBlock(198)) - Could not find available pipeline of type:RATIS and factor:THREE even after retrying
2019-09-20 14:30:29,939 [IPC Server handler 14 on 37648] ERROR block.BlockManagerImpl (BlockManagerImpl.java:allocateBlock(222)) - Unable to allocate a block for the size: 4194304, type: RATIS, factor: THREE
2019-09-20 14:30:29,939 | INFO  | SCMAudit | user=jenkins1000 | ip=192.168.36.99 | op=ALLOCATE_BLOCK {owner=d74527f2-c088-4e06-b1c1-f4c8b27eca4d, size=4194304, type=RATIS, factor=THREE} | ret=SUCCESS |  
2019-09-20 14:30:29,949 [IPC Server handler 14 on 37648] INFO  pipeline.PipelinePlacementPolicy (PipelinePlacementPolicy.java:meetCriteria(91)) - Pipeline Placement: Doesn't meet the criteria to be viable node： 414b61dd-dc64-4170-a4f7-ed46231621a1 Heaviness: 6 limit: 5
2019-09-20 14:30:29,949 [IPC Server handler 14 on 37648] INFO  pipeline.PipelinePlacementPolicy (PipelinePlacementPolicy.java:meetCriteria(91)) - Pipeline Placement: Doesn't meet the criteria to be viable node： 91f00b63-c6d2-4d34-b168-5848dae554d4 Heaviness: 6 limit: 5
2019-09-20 14:30:29,950 [IPC Server handler 14 on 37648] INFO  pipeline.PipelinePlacementPolicy (PipelinePlacementPolicy.java:meetCriteria(91)) - Pipeline Placement: Doesn't meet the criteria to be viable node： 8a1a3fc2-2e5e-451c-bb07-3011db4e4137 Heaviness: 6 limit: 5
2019-09-20 14:30:29,958 | INFO  | OMAudit | user=jenkins1000 | ip=127.0.0.1 | op=READ_BUCKET {volume=vol-0-25925, bucket=bucket-3-12096} | ret=SUCCESS |  
2019-09-20 14:30:29,939 | INFO  | OMAudit | user=jenkins1000 | ip=127.0.0.1 | op=READ_BUCKET {volume=vol-0-25925, bucket=bucket-4-38142} | ret=SUCCESS |  
2019-09-20 14:30:29,950 | ERROR | OMAudit | user=jenkins1000 | ip=127.0.0.1 | op=ALLOCATE_KEY {volume=vol-1-74943, bucket=bucket-0-16752, key=key-0-45304, dataSize=10240, replicationType=RATIS, replicationFactor=THREE, keyLocationInfo=null} | ret=FAILURE | org.apache.hadoop.hdds.scm.exceptions.SCMException: Allocated 0 blocks. Requested 1 blocks
	at org.apache.hadoop.hdds.scm.protocolPB.ScmBlockLocationProtocolClientSideTranslatorPB.handleError(ScmBlockLocationProtocolClientSideTranslatorPB.java:118)
	at org.apache.hadoop.hdds.scm.protocolPB.ScmBlockLocationProtocolClientSideTranslatorPB.allocateBlock(ScmBlockLocationProtocolClientSideTranslatorPB.java:156) 
2019-09-20 14:30:29,951 [IPC Server handler 14 on 37648] INFO  pipeline.PipelinePlacementPolicy (PipelinePlacementPolicy.java:meetCriteria(91)) - Pipeline Placement: Doesn't meet the criteria to be viable node： 01139844-247b-45d0-963c-91509834b20c Heaviness: 6 limit: 5
2019-09-20 14:30:29,964 [IPC Server handler 14 on 37648] INFO  pipeline.PipelinePlacementPolicy (PipelinePlacementPolicy.java:meetCriteria(91)) - Pipeline Placement: Doesn't meet the criteria to be viable node： 51c8ff27-873d-4cbb-8820-aa0ac2de17d7 Heaviness: 6 limit: 5
2019-09-20 14:30:29,964 [IPC Server handler 14 on 37648] ERROR pipeline.PipelinePlacementPolicy (PipelinePlacementPolicy.java:filterViableNodes(148)) - Unable to find enough nodes that meet the criteria that cannot engage in more than 5 pipelines. Nodes required: 3 Found: 0, healthy nodes count inNodeManager: 5.
2019-09-20 14:30:29,964 [IPC Server handler 14 on 37648] ERROR pipeline.SCMPipelineManager (SCMPipelineManager.java:createPipeline(161)) - Pipeline creation failed due to exception: Unable to find enough nodes that meet the criteria that cannot engage in more than 5 pipelines. Nodes required: 3 Found: 0, healthy nodes count inNodeManager: 5.
2019-09-20 14:30:29,964 [IPC Server handler 14 on 37648] WARN  block.BlockManagerImpl (BlockManagerImpl.java:allocateBlock(192)) - Pipeline creation failed for type:RATIS factor:THREE. Retrying get pipelines call once.
org.apache.hadoop.hdds.scm.exceptions.SCMException: Unable to find enough nodes that meet the criteria that cannot engage in more than 5 pipelines. Nodes required: 3 Found: 0, healthy nodes count inNodeManager: 5.
	at org.apache.hadoop.hdds.scm.pipeline.PipelinePlacementPolicy.filterViableNodes(PipelinePlacementPolicy.java:149)
	at org.apache.hadoop.hdds.scm.pipeline.PipelinePlacementPolicy.chooseDatanodes(PipelinePlacementPolicy.java:172)
	at org.apache.hadoop.hdds.scm.pipeline.RatisPipelineProvider.create(RatisPipelineProvider.java:92)
	at org.apache.hadoop.hdds.scm.pipeline.PipelineFactory.create(PipelineFactory.java:57)
	at org.apache.hadoop.hdds.scm.pipeline.SCMPipelineManager.createPipeline(SCMPipelineManager.java:149)
	at org.apache.hadoop.hdds.scm.block.BlockManagerImpl.allocateBlock(BlockManagerImpl.java:190)
	at org.apache.hadoop.hdds.scm.server.SCMBlockProtocolServer.allocateBlock(SCMBlockProtocolServer.java:175)
	at org.apache.hadoop.ozone.protocolPB.ScmBlockLocationProtocolServerSideTranslatorPB.allocateScmBlock(ScmBlockLocationProtocolServerSideTranslatorPB.java:153)
	at org.apache.hadoop.ozone.protocolPB.ScmBlockLocationProtocolServerSideTranslatorPB.send(ScmBlockLocationProtocolServerSideTranslatorPB.java:112)
	at org.apache.hadoop.hdds.protocol.proto.ScmBlockLocationProtocolProtos$ScmBlockLocationProtocolService$2.callBlockingMethod(ScmBlockLocationProtocolProtos.java:13157)
	at org.apache.hadoop.ipc.ProtobufRpcEngine$Server$ProtoBufRpcInvoker.call(ProtobufRpcEngine.java:524)
	at org.apache.hadoop.ipc.RPC$Server.call(RPC.java:1025)
	at org.apache.hadoop.ipc.Server$RpcCall.run(Server.java:876)
	at org.apache.hadoop.ipc.Server$RpcCall.run(Server.java:822)
	at java.security.AccessController.doPrivileged(Native Method)
	at javax.security.auth.Subject.doAs(Subject.java:422)
	at org.apache.hadoop.security.UserGroupInformation.doAs(UserGroupInformation.java:1730)
	at org.apache.hadoop.ipc.Server$Handler.run(Server.java:2682)
2019-09-20 14:30:29,965 [pool-80-thread-6] ERROR freon.RandomKeyGenerator (RandomKeyGenerator.java:createKey(724)) - Exception while adding key: key-0-45304 in bucket: bucket-0-16752 of volume: vol-1-74943.
INTERNAL_ERROR org.apache.hadoop.ozone.om.exceptions.OMException: Allocated 0 blocks. Requested 1 blocks
	at org.apache.hadoop.ozone.om.protocolPB.OzoneManagerProtocolClientSideTranslatorPB.handleError(OzoneManagerProtocolClientSideTranslatorPB.java:725)
	at org.apache.hadoop.ozone.om.protocolPB.OzoneManagerProtocolClientSideTranslatorPB.openKey(OzoneManagerProtocolClientSideTranslatorPB.java:716)
	at org.apache.hadoop.ozone.client.rpc.RpcClient.createKey(RpcClient.java:615)
	at org.apache.hadoop.ozone.client.OzoneBucket.createKey(OzoneBucket.java:323)
	at org.apache.hadoop.ozone.freon.RandomKeyGenerator.createKey(RandomKeyGenerator.java:686)
	at org.apache.hadoop.ozone.freon.RandomKeyGenerator.access$1100(RandomKeyGenerator.java:87)
	at org.apache.hadoop.ozone.freon.RandomKeyGenerator$ObjectCreator.run(RandomKeyGenerator.java:606)
	at java.util.concurrent.Executors$RunnableAdapter.call(Executors.java:511)
	at java.util.concurrent.FutureTask.run(FutureTask.java:266)
	at java.util.concurrent.ThreadPoolExecutor.runWorker(ThreadPoolExecutor.java:1149)
	at java.util.concurrent.ThreadPoolExecutor$Worker.run(ThreadPoolExecutor.java:624)
	at java.lang.Thread.run(Thread.java:748)
2019-09-20 14:30:29,964 [IPC Server handler 19 on 37648] INFO  pipeline.PipelinePlacementPolicy (PipelinePlacementPolicy.java:meetCriteria(91)) - Pipeline Placement: Doesn't meet the criteria to be viable node： 414b61dd-dc64-4170-a4f7-ed46231621a1 Heaviness: 6 limit: 5
2019-09-20 14:30:29,966 [IPC Server handler 19 on 37648] INFO  pipeline.PipelinePlacementPolicy (PipelinePlacementPolicy.java:meetCriteria(91)) - Pipeline Placement: Doesn't meet the criteria to be viable node： 91f00b63-c6d2-4d34-b168-5848dae554d4 Heaviness: 6 limit: 5
2019-09-20 14:30:29,967 [IPC Server handler 19 on 37648] INFO  pipeline.PipelinePlacementPolicy (PipelinePlacementPolicy.java:meetCriteria(91)) - Pipeline Placement: Doesn't meet the criteria to be viable node： 8a1a3fc2-2e5e-451c-bb07-3011db4e4137 Heaviness: 6 limit: 5
2019-09-20 14:30:29,967 [IPC Server handler 19 on 37648] INFO  pipeline.PipelinePlacementPolicy (PipelinePlacementPolicy.java:meetCriteria(91)) - Pipeline Placement: Doesn't meet the criteria to be viable node： 01139844-247b-45d0-963c-91509834b20c Heaviness: 6 limit: 5
2019-09-20 14:30:29,967 [IPC Server handler 19 on 37648] INFO  pipeline.PipelinePlacementPolicy (PipelinePlacementPolicy.java:meetCriteria(91)) - Pipeline Placement: Doesn't meet the criteria to be viable node： 51c8ff27-873d-4cbb-8820-aa0ac2de17d7 Heaviness: 6 limit: 5
2019-09-20 14:30:29,967 [IPC Server handler 19 on 37648] ERROR pipeline.PipelinePlacementPolicy (PipelinePlacementPolicy.java:filterViableNodes(148)) - Unable to find enough nodes that meet the criteria that cannot engage in more than 5 pipelines. Nodes required: 3 Found: 0, healthy nodes count inNodeManager: 5.
2019-09-20 14:30:29,967 [IPC Server handler 19 on 37648] ERROR pipeline.SCMPipelineManager (SCMPipelineManager.java:createPipeline(161)) - Pipeline creation failed due to exception: Unable to find enough nodes that meet the criteria that cannot engage in more than 5 pipelines. Nodes required: 3 Found: 0, healthy nodes count inNodeManager: 5.
2019-09-20 14:30:29,968 [IPC Server handler 19 on 37648] WARN  block.BlockManagerImpl (BlockManagerImpl.java:allocateBlock(192)) - Pipeline creation failed for type:RATIS factor:THREE. Retrying get pipelines call once.
org.apache.hadoop.hdds.scm.exceptions.SCMException: Unable to find enough nodes that meet the criteria that cannot engage in more than 5 pipelines. Nodes required: 3 Found: 0, healthy nodes count inNodeManager: 5.
	at org.apache.hadoop.hdds.scm.pipeline.PipelinePlacementPolicy.filterViableNodes(PipelinePlacementPolicy.java:149)
	at org.apache.hadoop.hdds.scm.pipeline.PipelinePlacementPolicy.chooseDatanodes(PipelinePlacementPolicy.java:172)
	at org.apache.hadoop.hdds.scm.pipeline.RatisPipelineProvider.create(RatisPipelineProvider.java:92)
	at org.apache.hadoop.hdds.scm.pipeline.PipelineFactory.create(PipelineFactory.java:57)
	at org.apache.hadoop.hdds.scm.pipeline.SCMPipelineManager.createPipeline(SCMPipelineManager.java:149)
	at org.apache.hadoop.hdds.scm.block.BlockManagerImpl.allocateBlock(BlockManagerImpl.java:190)
	at org.apache.hadoop.hdds.scm.server.SCMBlockProtocolServer.allocateBlock(SCMBlockProtocolServer.java:175)
	at org.apache.hadoop.ozone.protocolPB.ScmBlockLocationProtocolServerSideTranslatorPB.allocateScmBlock(ScmBlockLocationProtocolServerSideTranslatorPB.java:153)
	at org.apache.hadoop.ozone.protocolPB.ScmBlockLocationProtocolServerSideTranslatorPB.send(ScmBlockLocationProtocolServerSideTranslatorPB.java:112)
	at org.apache.hadoop.hdds.protocol.proto.ScmBlockLocationProtocolProtos$ScmBlockLocationProtocolService$2.callBlockingMethod(ScmBlockLocationProtocolProtos.java:13157)
	at org.apache.hadoop.ipc.ProtobufRpcEngine$Server$ProtoBufRpcInvoker.call(ProtobufRpcEngine.java:524)
	at org.apache.hadoop.ipc.RPC$Server.call(RPC.java:1025)
	at org.apache.hadoop.ipc.Server$RpcCall.run(Server.java:876)
	at org.apache.hadoop.ipc.Server$RpcCall.run(Server.java:822)
	at java.security.AccessController.doPrivileged(Native Method)
	at javax.security.auth.Subject.doAs(Subject.java:422)
	at org.apache.hadoop.security.UserGroupInformation.doAs(UserGroupInformation.java:1730)
	at org.apache.hadoop.ipc.Server$Handler.run(Server.java:2682)
2019-09-20 14:30:29,968 [IPC Server handler 6 on 37648] INFO  pipeline.PipelinePlacementPolicy (PipelinePlacementPolicy.java:meetCriteria(91)) - Pipeline Placement: Doesn't meet the criteria to be viable node： 414b61dd-dc64-4170-a4f7-ed46231621a1 Heaviness: 6 limit: 5
2019-09-20 14:30:29,979 [IPC Server handler 6 on 37648] INFO  pipeline.PipelinePlacementPolicy (PipelinePlacementPolicy.java:meetCriteria(91)) - Pipeline Placement: Doesn't meet the criteria to be viable node： 91f00b63-c6d2-4d34-b168-5848dae554d4 Heaviness: 6 limit: 5
2019-09-20 14:30:29,979 [IPC Server handler 6 on 37648] INFO  pipeline.PipelinePlacementPolicy (PipelinePlacementPolicy.java:meetCriteria(91)) - Pipeline Placement: Doesn't meet the criteria to be viable node： 8a1a3fc2-2e5e-451c-bb07-3011db4e4137 Heaviness: 6 limit: 5
2019-09-20 14:30:29,980 [IPC Server handler 6 on 37648] INFO  pipeline.PipelinePlacementPolicy (PipelinePlacementPolicy.java:meetCriteria(91)) - Pipeline Placement: Doesn't meet the criteria to be viable node： 01139844-247b-45d0-963c-91509834b20c Heaviness: 6 limit: 5
2019-09-20 14:30:29,980 [IPC Server handler 6 on 37648] INFO  pipeline.PipelinePlacementPolicy (PipelinePlacementPolicy.java:meetCriteria(91)) - Pipeline Placement: Doesn't meet the criteria to be viable node： 51c8ff27-873d-4cbb-8820-aa0ac2de17d7 Heaviness: 6 limit: 5
2019-09-20 14:30:29,981 [IPC Server handler 6 on 37648] ERROR pipeline.PipelinePlacementPolicy (PipelinePlacementPolicy.java:filterViableNodes(148)) - Unable to find enough nodes that meet the criteria that cannot engage in more than 5 pipelines. Nodes required: 3 Found: 0, healthy nodes count inNodeManager: 5.
2019-09-20 14:30:29,981 [IPC Server handler 6 on 37648] ERROR pipeline.SCMPipelineManager (SCMPipelineManager.java:createPipeline(161)) - Pipeline creation failed due to exception: Unable to find enough nodes that meet the criteria that cannot engage in more than 5 pipelines. Nodes required: 3 Found: 0, healthy nodes count inNodeManager: 5.
2019-09-20 14:30:29,981 [IPC Server handler 6 on 37648] WARN  block.BlockManagerImpl (BlockManagerImpl.java:allocateBlock(192)) - Pipeline creation failed for type:RATIS factor:THREE. Retrying get pipelines call once.
org.apache.hadoop.hdds.scm.exceptions.SCMException: Unable to find enough nodes that meet the criteria that cannot engage in more than 5 pipelines. Nodes required: 3 Found: 0, healthy nodes count inNodeManager: 5.
	at org.apache.hadoop.hdds.scm.pipeline.PipelinePlacementPolicy.filterViableNodes(PipelinePlacementPolicy.java:149)
	at org.apache.hadoop.hdds.scm.pipeline.PipelinePlacementPolicy.chooseDatanodes(PipelinePlacementPolicy.java:172)
	at org.apache.hadoop.hdds.scm.pipeline.RatisPipelineProvider.create(RatisPipelineProvider.java:92)
	at org.apache.hadoop.hdds.scm.pipeline.PipelineFactory.create(PipelineFactory.java:57)
	at org.apache.hadoop.hdds.scm.pipeline.SCMPipelineManager.createPipeline(SCMPipelineManager.java:149)
	at org.apache.hadoop.hdds.scm.block.BlockManagerImpl.allocateBlock(BlockManagerImpl.java:190)
	at org.apache.hadoop.hdds.scm.server.SCMBlockProtocolServer.allocateBlock(SCMBlockProtocolServer.java:175)
	at org.apache.hadoop.ozone.protocolPB.ScmBlockLocationProtocolServerSideTranslatorPB.allocateScmBlock(ScmBlockLocationProtocolServerSideTranslatorPB.java:153)
	at org.apache.hadoop.ozone.protocolPB.ScmBlockLocationProtocolServerSideTranslatorPB.send(ScmBlockLocationProtocolServerSideTranslatorPB.java:112)
	at org.apache.hadoop.hdds.protocol.proto.ScmBlockLocationProtocolProtos$ScmBlockLocationProtocolService$2.callBlockingMethod(ScmBlockLocationProtocolProtos.java:13157)
	at org.apache.hadoop.ipc.ProtobufRpcEngine$Server$ProtoBufRpcInvoker.call(ProtobufRpcEngine.java:524)
	at org.apache.hadoop.ipc.RPC$Server.call(RPC.java:1025)
	at org.apache.hadoop.ipc.Server$RpcCall.run(Server.java:876)
	at org.apache.hadoop.ipc.Server$RpcCall.run(Server.java:822)
	at java.security.AccessController.doPrivileged(Native Method)
	at javax.security.auth.Subject.doAs(Subject.java:422)
	at org.apache.hadoop.security.UserGroupInformation.doAs(UserGroupInformation.java:1730)
	at org.apache.hadoop.ipc.Server$Handler.run(Server.java:2682)
2019-09-20 14:30:29,981 [IPC Server handler 9 on 37648] INFO  pipeline.PipelinePlacementPolicy (PipelinePlacementPolicy.java:meetCriteria(91)) - Pipeline Placement: Doesn't meet the criteria to be viable node： 414b61dd-dc64-4170-a4f7-ed46231621a1 Heaviness: 6 limit: 5
2019-09-20 14:30:29,981 [IPC Server handler 19 on 37648] INFO  block.BlockManagerImpl (BlockManagerImpl.java:allocateBlock(198)) - Could not find available pipeline of type:RATIS and factor:THREE even after retrying
2019-09-20 14:30:29,981 [IPC Server handler 14 on 37648] INFO  block.BlockManagerImpl (BlockManagerImpl.java:allocateBlock(198)) - Could not find available pipeline of type:RATIS and factor:THREE even after retrying
2019-09-20 14:30:29,982 [IPC Server handler 19 on 37648] ERROR block.BlockManagerImpl (BlockManagerImpl.java:allocateBlock(222)) - Unable to allocate a block for the size: 4194304, type: RATIS, factor: THREE
2019-09-20 14:30:29,982 [IPC Server handler 9 on 37648] INFO  pipeline.PipelinePlacementPolicy (PipelinePlacementPolicy.java:meetCriteria(91)) - Pipeline Placement: Doesn't meet the criteria to be viable node： 91f00b63-c6d2-4d34-b168-5848dae554d4 Heaviness: 6 limit: 5
2019-09-20 14:30:29,983 | INFO  | SCMAudit | user=jenkins1000 | ip=192.168.36.99 | op=ALLOCATE_BLOCK {owner=d74527f2-c088-4e06-b1c1-f4c8b27eca4d, size=4194304, type=RATIS, factor=THREE} | ret=SUCCESS |  
2019-09-20 14:30:29,982 [IPC Server handler 14 on 37648] ERROR block.BlockManagerImpl (BlockManagerImpl.java:allocateBlock(222)) - Unable to allocate a block for the size: 4194304, type: RATIS, factor: THREE
2019-09-20 14:30:29,983 [IPC Server handler 9 on 37648] INFO  pipeline.PipelinePlacementPolicy (PipelinePlacementPolicy.java:meetCriteria(91)) - Pipeline Placement: Doesn't meet the criteria to be viable node： 8a1a3fc2-2e5e-451c-bb07-3011db4e4137 Heaviness: 6 limit: 5
2019-09-20 14:30:29,983 | INFO  | SCMAudit | user=jenkins1000 | ip=192.168.36.99 | op=ALLOCATE_BLOCK {owner=d74527f2-c088-4e06-b1c1-f4c8b27eca4d, size=4194304, type=RATIS, factor=THREE} | ret=SUCCESS |  
2019-09-20 14:30:29,983 [IPC Server handler 9 on 37648] INFO  pipeline.PipelinePlacementPolicy (PipelinePlacementPolicy.java:meetCriteria(91)) - Pipeline Placement: Doesn't meet the criteria to be viable node： 01139844-247b-45d0-963c-91509834b20c Heaviness: 6 limit: 5
2019-09-20 14:30:29,983 [IPC Server handler 9 on 37648] INFO  pipeline.PipelinePlacementPolicy (PipelinePlacementPolicy.java:meetCriteria(91)) - Pipeline Placement: Doesn't meet the criteria to be viable node： 51c8ff27-873d-4cbb-8820-aa0ac2de17d7 Heaviness: 6 limit: 5
2019-09-20 14:30:29,984 [IPC Server handler 9 on 37648] ERROR pipeline.PipelinePlacementPolicy (PipelinePlacementPolicy.java:filterViableNodes(148)) - Unable to find enough nodes that meet the criteria that cannot engage in more than 5 pipelines. Nodes required: 3 Found: 0, healthy nodes count inNodeManager: 5.
2019-09-20 14:30:29,984 [IPC Server handler 9 on 37648] ERROR pipeline.SCMPipelineManager (SCMPipelineManager.java:createPipeline(161)) - Pipeline creation failed due to exception: Unable to find enough nodes that meet the criteria that cannot engage in more than 5 pipelines. Nodes required: 3 Found: 0, healthy nodes count inNodeManager: 5.
2019-09-20 14:30:29,984 | ERROR | OMAudit | user=jenkins1000 | ip=127.0.0.1 | op=ALLOCATE_KEY {volume=vol-0-25925, bucket=bucket-2-83469, key=key-0-42274, dataSize=10240, replicationType=RATIS, replicationFactor=THREE, keyLocationInfo=null} | ret=FAILURE | org.apache.hadoop.hdds.scm.exceptions.SCMException: Allocated 0 blocks. Requested 1 blocks
	at org.apache.hadoop.hdds.scm.protocolPB.ScmBlockLocationProtocolClientSideTranslatorPB.handleError(ScmBlockLocationProtocolClientSideTranslatorPB.java:118)
	at org.apache.hadoop.hdds.scm.protocolPB.ScmBlockLocationProtocolClientSideTranslatorPB.allocateBlock(ScmBlockLocationProtocolClientSideTranslatorPB.java:156) 
2019-09-20 14:30:29,984 | ERROR | OMAudit | user=jenkins1000 | ip=127.0.0.1 | op=ALLOCATE_KEY {volume=vol-1-74943, bucket=bucket-2-38085, key=key-0-92501, dataSize=10240, replicationType=RATIS, replicationFactor=THREE, keyLocationInfo=null} | ret=FAILURE | org.apache.hadoop.hdds.scm.exceptions.SCMException: Allocated 0 blocks. Requested 1 blocks
	at org.apache.hadoop.hdds.scm.protocolPB.ScmBlockLocationProtocolClientSideTranslatorPB.handleError(ScmBlockLocationProtocolClientSideTranslatorPB.java:118)
	at org.apache.hadoop.hdds.scm.protocolPB.ScmBlockLocationProtocolClientSideTranslatorPB.allocateBlock(ScmBlockLocationProtocolClientSideTranslatorPB.java:156) 
2019-09-20 14:30:29,984 [IPC Server handler 9 on 37648] WARN  block.BlockManagerImpl (BlockManagerImpl.java:allocateBlock(192)) - Pipeline creation failed for type:RATIS factor:THREE. Retrying get pipelines call once.
org.apache.hadoop.hdds.scm.exceptions.SCMException: Unable to find enough nodes that meet the criteria that cannot engage in more than 5 pipelines. Nodes required: 3 Found: 0, healthy nodes count inNodeManager: 5.
	at org.apache.hadoop.hdds.scm.pipeline.PipelinePlacementPolicy.filterViableNodes(PipelinePlacementPolicy.java:149)
	at org.apache.hadoop.hdds.scm.pipeline.PipelinePlacementPolicy.chooseDatanodes(PipelinePlacementPolicy.java:172)
	at org.apache.hadoop.hdds.scm.pipeline.RatisPipelineProvider.create(RatisPipelineProvider.java:92)
	at org.apache.hadoop.hdds.scm.pipeline.PipelineFactory.create(PipelineFactory.java:57)
	at org.apache.hadoop.hdds.scm.pipeline.SCMPipelineManager.createPipeline(SCMPipelineManager.java:149)
	at org.apache.hadoop.hdds.scm.block.BlockManagerImpl.allocateBlock(BlockManagerImpl.java:190)
	at org.apache.hadoop.hdds.scm.server.SCMBlockProtocolServer.allocateBlock(SCMBlockProtocolServer.java:175)
	at org.apache.hadoop.ozone.protocolPB.ScmBlockLocationProtocolServerSideTranslatorPB.allocateScmBlock(ScmBlockLocationProtocolServerSideTranslatorPB.java:153)
	at org.apache.hadoop.ozone.protocolPB.ScmBlockLocationProtocolServerSideTranslatorPB.send(ScmBlockLocationProtocolServerSideTranslatorPB.java:112)
	at org.apache.hadoop.hdds.protocol.proto.ScmBlockLocationProtocolProtos$ScmBlockLocationProtocolService$2.callBlockingMethod(ScmBlockLocationProtocolProtos.java:13157)
	at org.apache.hadoop.ipc.ProtobufRpcEngine$Server$ProtoBufRpcInvoker.call(ProtobufRpcEngine.java:524)
	at org.apache.hadoop.ipc.RPC$Server.call(RPC.java:1025)
	at org.apache.hadoop.ipc.Server$RpcCall.run(Server.java:876)
	at org.apache.hadoop.ipc.Server$RpcCall.run(Server.java:822)
	at java.security.AccessController.doPrivileged(Native Method)
	at javax.security.auth.Subject.doAs(Subject.java:422)
	at org.apache.hadoop.security.UserGroupInformation.doAs(UserGroupInformation.java:1730)
	at org.apache.hadoop.ipc.Server$Handler.run(Server.java:2682)
2019-09-20 14:30:29,984 [IPC Server handler 7 on 37648] INFO  pipeline.PipelinePlacementPolicy (PipelinePlacementPolicy.java:meetCriteria(91)) - Pipeline Placement: Doesn't meet the criteria to be viable node： 414b61dd-dc64-4170-a4f7-ed46231621a1 Heaviness: 6 limit: 5
2019-09-20 14:30:29,985 [IPC Server handler 7 on 37648] INFO  pipeline.PipelinePlacementPolicy (PipelinePlacementPolicy.java:meetCriteria(91)) - Pipeline Placement: Doesn't meet the criteria to be viable node： 91f00b63-c6d2-4d34-b168-5848dae554d4 Heaviness: 6 limit: 5
2019-09-20 14:30:29,984 [IPC Server handler 6 on 37648] INFO  block.BlockManagerImpl (BlockManagerImpl.java:allocateBlock(198)) - Could not find available pipeline of type:RATIS and factor:THREE even after retrying
2019-09-20 14:30:29,985 [pool-80-thread-10] ERROR freon.RandomKeyGenerator (RandomKeyGenerator.java:createKey(724)) - Exception while adding key: key-0-92501 in bucket: bucket-2-38085 of volume: vol-1-74943.
INTERNAL_ERROR org.apache.hadoop.ozone.om.exceptions.OMException: Allocated 0 blocks. Requested 1 blocks
	at org.apache.hadoop.ozone.om.protocolPB.OzoneManagerProtocolClientSideTranslatorPB.handleError(OzoneManagerProtocolClientSideTranslatorPB.java:725)
	at org.apache.hadoop.ozone.om.protocolPB.OzoneManagerProtocolClientSideTranslatorPB.openKey(OzoneManagerProtocolClientSideTranslatorPB.java:716)
	at org.apache.hadoop.ozone.client.rpc.RpcClient.createKey(RpcClient.java:615)
	at org.apache.hadoop.ozone.client.OzoneBucket.createKey(OzoneBucket.java:323)
	at org.apache.hadoop.ozone.freon.RandomKeyGenerator.createKey(RandomKeyGenerator.java:686)
	at org.apache.hadoop.ozone.freon.RandomKeyGenerator.access$1100(RandomKeyGenerator.java:87)
	at org.apache.hadoop.ozone.freon.RandomKeyGenerator$ObjectCreator.run(RandomKeyGenerator.java:606)
	at java.util.concurrent.Executors$RunnableAdapter.call(Executors.java:511)
	at java.util.concurrent.FutureTask.run(FutureTask.java:266)
	at java.util.concurrent.ThreadPoolExecutor.runWorker(ThreadPoolExecutor.java:1149)
	at java.util.concurrent.ThreadPoolExecutor$Worker.run(ThreadPoolExecutor.java:624)
	at java.lang.Thread.run(Thread.java:748)
2019-09-20 14:30:29,985 [pool-80-thread-8] ERROR freon.RandomKeyGenerator (RandomKeyGenerator.java:createKey(724)) - Exception while adding key: key-0-42274 in bucket: bucket-2-83469 of volume: vol-0-25925.
INTERNAL_ERROR org.apache.hadoop.ozone.om.exceptions.OMException: Allocated 0 blocks. Requested 1 blocks
	at org.apache.hadoop.ozone.om.protocolPB.OzoneManagerProtocolClientSideTranslatorPB.handleError(OzoneManagerProtocolClientSideTranslatorPB.java:725)
	at org.apache.hadoop.ozone.om.protocolPB.OzoneManagerProtocolClientSideTranslatorPB.openKey(OzoneManagerProtocolClientSideTranslatorPB.java:716)
	at org.apache.hadoop.ozone.client.rpc.RpcClient.createKey(RpcClient.java:615)
	at org.apache.hadoop.ozone.client.OzoneBucket.createKey(OzoneBucket.java:323)
	at org.apache.hadoop.ozone.freon.RandomKeyGenerator.createKey(RandomKeyGenerator.java:686)
	at org.apache.hadoop.ozone.freon.RandomKeyGenerator.access$1100(RandomKeyGenerator.java:87)
	at org.apache.hadoop.ozone.freon.RandomKeyGenerator$ObjectCreator.run(RandomKeyGenerator.java:606)
	at java.util.concurrent.Executors$RunnableAdapter.call(Executors.java:511)
	at java.util.concurrent.FutureTask.run(FutureTask.java:266)
	at java.util.concurrent.ThreadPoolExecutor.runWorker(ThreadPoolExecutor.java:1149)
	at java.util.concurrent.ThreadPoolExecutor$Worker.run(ThreadPoolExecutor.java:624)
	at java.lang.Thread.run(Thread.java:748)
2019-09-20 14:30:29,985 [IPC Server handler 7 on 37648] INFO  pipeline.PipelinePlacementPolicy (PipelinePlacementPolicy.java:meetCriteria(91)) - Pipeline Placement: Doesn't meet the criteria to be viable node： 8a1a3fc2-2e5e-451c-bb07-3011db4e4137 Heaviness: 6 limit: 5
2019-09-20 14:30:29,985 [IPC Server handler 6 on 37648] ERROR block.BlockManagerImpl (BlockManagerImpl.java:allocateBlock(222)) - Unable to allocate a block for the size: 4194304, type: RATIS, factor: THREE
2019-09-20 14:30:29,986 [IPC Server handler 7 on 37648] INFO  pipeline.PipelinePlacementPolicy (PipelinePlacementPolicy.java:meetCriteria(91)) - Pipeline Placement: Doesn't meet the criteria to be viable node： 01139844-247b-45d0-963c-91509834b20c Heaviness: 6 limit: 5
2019-09-20 14:30:29,986 | INFO  | SCMAudit | user=jenkins1000 | ip=192.168.36.99 | op=ALLOCATE_BLOCK {owner=d74527f2-c088-4e06-b1c1-f4c8b27eca4d, size=4194304, type=RATIS, factor=THREE} | ret=SUCCESS |  
2019-09-20 14:30:29,986 [IPC Server handler 7 on 37648] INFO  pipeline.PipelinePlacementPolicy (PipelinePlacementPolicy.java:meetCriteria(91)) - Pipeline Placement: Doesn't meet the criteria to be viable node： 51c8ff27-873d-4cbb-8820-aa0ac2de17d7 Heaviness: 6 limit: 5
2019-09-20 14:30:29,986 [IPC Server handler 7 on 37648] ERROR pipeline.PipelinePlacementPolicy (PipelinePlacementPolicy.java:filterViableNodes(148)) - Unable to find enough nodes that meet the criteria that cannot engage in more than 5 pipelines. Nodes required: 3 Found: 0, healthy nodes count inNodeManager: 5.
2019-09-20 14:30:29,986 [IPC Server handler 7 on 37648] ERROR pipeline.SCMPipelineManager (SCMPipelineManager.java:createPipeline(161)) - Pipeline creation failed due to exception: Unable to find enough nodes that meet the criteria that cannot engage in more than 5 pipelines. Nodes required: 3 Found: 0, healthy nodes count inNodeManager: 5.
2019-09-20 14:30:29,987 [IPC Server handler 7 on 37648] WARN  block.BlockManagerImpl (BlockManagerImpl.java:allocateBlock(192)) - Pipeline creation failed for type:RATIS factor:THREE. Retrying get pipelines call once.
org.apache.hadoop.hdds.scm.exceptions.SCMException: Unable to find enough nodes that meet the criteria that cannot engage in more than 5 pipelines. Nodes required: 3 Found: 0, healthy nodes count inNodeManager: 5.
	at org.apache.hadoop.hdds.scm.pipeline.PipelinePlacementPolicy.filterViableNodes(PipelinePlacementPolicy.java:149)
	at org.apache.hadoop.hdds.scm.pipeline.PipelinePlacementPolicy.chooseDatanodes(PipelinePlacementPolicy.java:172)
	at org.apache.hadoop.hdds.scm.pipeline.RatisPipelineProvider.create(RatisPipelineProvider.java:92)
	at org.apache.hadoop.hdds.scm.pipeline.PipelineFactory.create(PipelineFactory.java:57)
	at org.apache.hadoop.hdds.scm.pipeline.SCMPipelineManager.createPipeline(SCMPipelineManager.java:149)
	at org.apache.hadoop.hdds.scm.block.BlockManagerImpl.allocateBlock(BlockManagerImpl.java:190)
	at org.apache.hadoop.hdds.scm.server.SCMBlockProtocolServer.allocateBlock(SCMBlockProtocolServer.java:175)
	at org.apache.hadoop.ozone.protocolPB.ScmBlockLocationProtocolServerSideTranslatorPB.allocateScmBlock(ScmBlockLocationProtocolServerSideTranslatorPB.java:153)
	at org.apache.hadoop.ozone.protocolPB.ScmBlockLocationProtocolServerSideTranslatorPB.send(ScmBlockLocationProtocolServerSideTranslatorPB.java:112)
	at org.apache.hadoop.hdds.protocol.proto.ScmBlockLocationProtocolProtos$ScmBlockLocationProtocolService$2.callBlockingMethod(ScmBlockLocationProtocolProtos.java:13157)
	at org.apache.hadoop.ipc.ProtobufRpcEngine$Server$ProtoBufRpcInvoker.call(ProtobufRpcEngine.java:524)
	at org.apache.hadoop.ipc.RPC$Server.call(RPC.java:1025)
	at org.apache.hadoop.ipc.Server$RpcCall.run(Server.java:876)
	at org.apache.hadoop.ipc.Server$RpcCall.run(Server.java:822)
	at java.security.AccessController.doPrivileged(Native Method)
	at javax.security.auth.Subject.doAs(Subject.java:422)
	at org.apache.hadoop.security.UserGroupInformation.doAs(UserGroupInformation.java:1730)
	at org.apache.hadoop.ipc.Server$Handler.run(Server.java:2682)
2019-09-20 14:30:29,987 | ERROR | OMAudit | user=jenkins1000 | ip=127.0.0.1 | op=ALLOCATE_KEY {volume=vol-0-25925, bucket=bucket-1-28227, key=key-0-68472, dataSize=10240, replicationType=RATIS, replicationFactor=THREE, keyLocationInfo=null} | ret=FAILURE | org.apache.hadoop.hdds.scm.exceptions.SCMException: Allocated 0 blocks. Requested 1 blocks
	at org.apache.hadoop.hdds.scm.protocolPB.ScmBlockLocationProtocolClientSideTranslatorPB.handleError(ScmBlockLocationProtocolClientSideTranslatorPB.java:118)
	at org.apache.hadoop.hdds.scm.protocolPB.ScmBlockLocationProtocolClientSideTranslatorPB.allocateBlock(ScmBlockLocationProtocolClientSideTranslatorPB.java:156) 
2019-09-20 14:30:29,987 [IPC Server handler 13 on 37648] INFO  pipeline.PipelinePlacementPolicy (PipelinePlacementPolicy.java:meetCriteria(91)) - Pipeline Placement: Doesn't meet the criteria to be viable node： 414b61dd-dc64-4170-a4f7-ed46231621a1 Heaviness: 6 limit: 5
2019-09-20 14:30:29,987 [IPC Server handler 9 on 37648] INFO  block.BlockManagerImpl (BlockManagerImpl.java:allocateBlock(198)) - Could not find available pipeline of type:RATIS and factor:THREE even after retrying
2019-09-20 14:30:29,987 [IPC Server handler 13 on 37648] INFO  pipeline.PipelinePlacementPolicy (PipelinePlacementPolicy.java:meetCriteria(91)) - Pipeline Placement: Doesn't meet the criteria to be viable node： 91f00b63-c6d2-4d34-b168-5848dae554d4 Heaviness: 6 limit: 5
2019-09-20 14:30:29,988 [pool-80-thread-4] ERROR freon.RandomKeyGenerator (RandomKeyGenerator.java:createKey(724)) - Exception while adding key: key-0-68472 in bucket: bucket-1-28227 of volume: vol-0-25925.
INTERNAL_ERROR org.apache.hadoop.ozone.om.exceptions.OMException: Allocated 0 blocks. Requested 1 blocks
	at org.apache.hadoop.ozone.om.protocolPB.OzoneManagerProtocolClientSideTranslatorPB.handleError(OzoneManagerProtocolClientSideTranslatorPB.java:725)
	at org.apache.hadoop.ozone.om.protocolPB.OzoneManagerProtocolClientSideTranslatorPB.openKey(OzoneManagerProtocolClientSideTranslatorPB.java:716)
	at org.apache.hadoop.ozone.client.rpc.RpcClient.createKey(RpcClient.java:615)
	at org.apache.hadoop.ozone.client.OzoneBucket.createKey(OzoneBucket.java:323)
	at org.apache.hadoop.ozone.freon.RandomKeyGenerator.createKey(RandomKeyGenerator.java:686)
	at org.apache.hadoop.ozone.freon.RandomKeyGenerator.access$1100(RandomKeyGenerator.java:87)
	at org.apache.hadoop.ozone.freon.RandomKeyGenerator$ObjectCreator.run(RandomKeyGenerator.java:606)
	at java.util.concurrent.Executors$RunnableAdapter.call(Executors.java:511)
	at java.util.concurrent.FutureTask.run(FutureTask.java:266)
	at java.util.concurrent.ThreadPoolExecutor.runWorker(ThreadPoolExecutor.java:1149)
	at java.util.concurrent.ThreadPoolExecutor$Worker.run(ThreadPoolExecutor.java:624)
	at java.lang.Thread.run(Thread.java:748)
2019-09-20 14:30:29,988 [IPC Server handler 9 on 37648] ERROR block.BlockManagerImpl (BlockManagerImpl.java:allocateBlock(222)) - Unable to allocate a block for the size: 4194304, type: RATIS, factor: THREE
2019-09-20 14:30:29,988 [IPC Server handler 13 on 37648] INFO  pipeline.PipelinePlacementPolicy (PipelinePlacementPolicy.java:meetCriteria(91)) - Pipeline Placement: Doesn't meet the criteria to be viable node： 8a1a3fc2-2e5e-451c-bb07-3011db4e4137 Heaviness: 6 limit: 5
2019-09-20 14:30:29,988 | INFO  | SCMAudit | user=jenkins1000 | ip=192.168.36.99 | op=ALLOCATE_BLOCK {owner=d74527f2-c088-4e06-b1c1-f4c8b27eca4d, size=4194304, type=RATIS, factor=THREE} | ret=SUCCESS |  
2019-09-20 14:30:29,988 [IPC Server handler 13 on 37648] INFO  pipeline.PipelinePlacementPolicy (PipelinePlacementPolicy.java:meetCriteria(91)) - Pipeline Placement: Doesn't meet the criteria to be viable node： 01139844-247b-45d0-963c-91509834b20c Heaviness: 6 limit: 5
2019-09-20 14:30:29,989 [IPC Server handler 13 on 37648] INFO  pipeline.PipelinePlacementPolicy (PipelinePlacementPolicy.java:meetCriteria(91)) - Pipeline Placement: Doesn't meet the criteria to be viable node： 51c8ff27-873d-4cbb-8820-aa0ac2de17d7 Heaviness: 6 limit: 5
2019-09-20 14:30:29,989 [IPC Server handler 13 on 37648] ERROR pipeline.PipelinePlacementPolicy (PipelinePlacementPolicy.java:filterViableNodes(148)) - Unable to find enough nodes that meet the criteria that cannot engage in more than 5 pipelines. Nodes required: 3 Found: 0, healthy nodes count inNodeManager: 5.
2019-09-20 14:30:29,989 [IPC Server handler 13 on 37648] ERROR pipeline.SCMPipelineManager (SCMPipelineManager.java:createPipeline(161)) - Pipeline creation failed due to exception: Unable to find enough nodes that meet the criteria that cannot engage in more than 5 pipelines. Nodes required: 3 Found: 0, healthy nodes count inNodeManager: 5.
2019-09-20 14:30:29,989 | ERROR | OMAudit | user=jenkins1000 | ip=127.0.0.1 | op=ALLOCATE_KEY {volume=vol-0-25925, bucket=bucket-0-24331, key=key-0-05349, dataSize=10240, replicationType=RATIS, replicationFactor=THREE, keyLocationInfo=null} | ret=FAILURE | org.apache.hadoop.hdds.scm.exceptions.SCMException: Allocated 0 blocks. Requested 1 blocks
	at org.apache.hadoop.hdds.scm.protocolPB.ScmBlockLocationProtocolClientSideTranslatorPB.handleError(ScmBlockLocationProtocolClientSideTranslatorPB.java:118)
	at org.apache.hadoop.hdds.scm.protocolPB.ScmBlockLocationProtocolClientSideTranslatorPB.allocateBlock(ScmBlockLocationProtocolClientSideTranslatorPB.java:156) 
2019-09-20 14:30:29,989 [IPC Server handler 13 on 37648] WARN  block.BlockManagerImpl (BlockManagerImpl.java:allocateBlock(192)) - Pipeline creation failed for type:RATIS factor:THREE. Retrying get pipelines call once.
org.apache.hadoop.hdds.scm.exceptions.SCMException: Unable to find enough nodes that meet the criteria that cannot engage in more than 5 pipelines. Nodes required: 3 Found: 0, healthy nodes count inNodeManager: 5.
	at org.apache.hadoop.hdds.scm.pipeline.PipelinePlacementPolicy.filterViableNodes(PipelinePlacementPolicy.java:149)
	at org.apache.hadoop.hdds.scm.pipeline.PipelinePlacementPolicy.chooseDatanodes(PipelinePlacementPolicy.java:172)
	at org.apache.hadoop.hdds.scm.pipeline.RatisPipelineProvider.create(RatisPipelineProvider.java:92)
	at org.apache.hadoop.hdds.scm.pipeline.PipelineFactory.create(PipelineFactory.java:57)
	at org.apache.hadoop.hdds.scm.pipeline.SCMPipelineManager.createPipeline(SCMPipelineManager.java:149)
	at org.apache.hadoop.hdds.scm.block.BlockManagerImpl.allocateBlock(BlockManagerImpl.java:190)
	at org.apache.hadoop.hdds.scm.server.SCMBlockProtocolServer.allocateBlock(SCMBlockProtocolServer.java:175)
	at org.apache.hadoop.ozone.protocolPB.ScmBlockLocationProtocolServerSideTranslatorPB.allocateScmBlock(ScmBlockLocationProtocolServerSideTranslatorPB.java:153)
	at org.apache.hadoop.ozone.protocolPB.ScmBlockLocationProtocolServerSideTranslatorPB.send(ScmBlockLocationProtocolServerSideTranslatorPB.java:112)
	at org.apache.hadoop.hdds.protocol.proto.ScmBlockLocationProtocolProtos$ScmBlockLocationProtocolService$2.callBlockingMethod(ScmBlockLocationProtocolProtos.java:13157)
	at org.apache.hadoop.ipc.ProtobufRpcEngine$Server$ProtoBufRpcInvoker.call(ProtobufRpcEngine.java:524)
	at org.apache.hadoop.ipc.RPC$Server.call(RPC.java:1025)
	at org.apache.hadoop.ipc.Server$RpcCall.run(Server.java:876)
	at org.apache.hadoop.ipc.Server$RpcCall.run(Server.java:822)
	at java.security.AccessController.doPrivileged(Native Method)
	at javax.security.auth.Subject.doAs(Subject.java:422)
	at org.apache.hadoop.security.UserGroupInformation.doAs(UserGroupInformation.java:1730)
	at org.apache.hadoop.ipc.Server$Handler.run(Server.java:2682)
2019-09-20 14:30:29,990 [pool-80-thread-7] ERROR freon.RandomKeyGenerator (RandomKeyGenerator.java:createKey(724)) - Exception while adding key: key-0-05349 in bucket: bucket-0-24331 of volume: vol-0-25925.
INTERNAL_ERROR org.apache.hadoop.ozone.om.exceptions.OMException: Allocated 0 blocks. Requested 1 blocks
	at org.apache.hadoop.ozone.om.protocolPB.OzoneManagerProtocolClientSideTranslatorPB.handleError(OzoneManagerProtocolClientSideTranslatorPB.java:725)
	at org.apache.hadoop.ozone.om.protocolPB.OzoneManagerProtocolClientSideTranslatorPB.openKey(OzoneManagerProtocolClientSideTranslatorPB.java:716)
	at org.apache.hadoop.ozone.client.rpc.RpcClient.createKey(RpcClient.java:615)
	at org.apache.hadoop.ozone.client.OzoneBucket.createKey(OzoneBucket.java:323)
	at org.apache.hadoop.ozone.freon.RandomKeyGenerator.createKey(RandomKeyGenerator.java:686)
	at org.apache.hadoop.ozone.freon.RandomKeyGenerator.access$1100(RandomKeyGenerator.java:87)
	at org.apache.hadoop.ozone.freon.RandomKeyGenerator$ObjectCreator.run(RandomKeyGenerator.java:606)
	at java.util.concurrent.Executors$RunnableAdapter.call(Executors.java:511)
	at java.util.concurrent.FutureTask.run(FutureTask.java:266)
	at java.util.concurrent.ThreadPoolExecutor.runWorker(ThreadPoolExecutor.java:1149)
	at java.util.concurrent.ThreadPoolExecutor$Worker.run(ThreadPoolExecutor.java:624)
	at java.lang.Thread.run(Thread.java:748)
2019-09-20 14:30:29,989 [IPC Server handler 7 on 37648] INFO  block.BlockManagerImpl (BlockManagerImpl.java:allocateBlock(198)) - Could not find available pipeline of type:RATIS and factor:THREE even after retrying
2019-09-20 14:30:29,990 [IPC Server handler 7 on 37648] ERROR block.BlockManagerImpl (BlockManagerImpl.java:allocateBlock(222)) - Unable to allocate a block for the size: 4194304, type: RATIS, factor: THREE
2019-09-20 14:30:29,990 | INFO  | SCMAudit | user=jenkins1000 | ip=192.168.36.99 | op=ALLOCATE_BLOCK {owner=d74527f2-c088-4e06-b1c1-f4c8b27eca4d, size=4194304, type=RATIS, factor=THREE} | ret=SUCCESS |  
2019-09-20 14:30:29,990 [IPC Server handler 13 on 37648] INFO  block.BlockManagerImpl (BlockManagerImpl.java:allocateBlock(198)) - Could not find available pipeline of type:RATIS and factor:THREE even after retrying
2019-09-20 14:30:29,991 [IPC Server handler 13 on 37648] ERROR block.BlockManagerImpl (BlockManagerImpl.java:allocateBlock(222)) - Unable to allocate a block for the size: 4194304, type: RATIS, factor: THREE
2019-09-20 14:30:29,991 | INFO  | SCMAudit | user=jenkins1000 | ip=192.168.36.99 | op=ALLOCATE_BLOCK {owner=d74527f2-c088-4e06-b1c1-f4c8b27eca4d, size=4194304, type=RATIS, factor=THREE} | ret=SUCCESS |  
2019-09-20 14:30:29,991 | ERROR | OMAudit | user=jenkins1000 | ip=127.0.0.1 | op=ALLOCATE_KEY {volume=vol-1-74943, bucket=bucket-4-25517, key=key-0-70835, dataSize=10240, replicationType=RATIS, replicationFactor=THREE, keyLocationInfo=null} | ret=FAILURE | org.apache.hadoop.hdds.scm.exceptions.SCMException: Allocated 0 blocks. Requested 1 blocks
	at org.apache.hadoop.hdds.scm.protocolPB.ScmBlockLocationProtocolClientSideTranslatorPB.handleError(ScmBlockLocationProtocolClientSideTranslatorPB.java:118)
	at org.apache.hadoop.hdds.scm.protocolPB.ScmBlockLocationProtocolClientSideTranslatorPB.allocateBlock(ScmBlockLocationProtocolClientSideTranslatorPB.java:156) 
2019-09-20 14:30:29,991 | ERROR | OMAudit | user=jenkins1000 | ip=127.0.0.1 | op=ALLOCATE_KEY {volume=vol-1-74943, bucket=bucket-3-42932, key=key-0-22143, dataSize=10240, replicationType=RATIS, replicationFactor=THREE, keyLocationInfo=null} | ret=FAILURE | org.apache.hadoop.hdds.scm.exceptions.SCMException: Allocated 0 blocks. Requested 1 blocks
	at org.apache.hadoop.hdds.scm.protocolPB.ScmBlockLocationProtocolClientSideTranslatorPB.handleError(ScmBlockLocationProtocolClientSideTranslatorPB.java:118)
	at org.apache.hadoop.hdds.scm.protocolPB.ScmBlockLocationProtocolClientSideTranslatorPB.allocateBlock(ScmBlockLocationProtocolClientSideTranslatorPB.java:156) 
2019-09-20 14:30:29,992 [pool-80-thread-2] ERROR freon.RandomKeyGenerator (RandomKeyGenerator.java:createKey(724)) - Exception while adding key: key-0-70835 in bucket: bucket-4-25517 of volume: vol-1-74943.
INTERNAL_ERROR org.apache.hadoop.ozone.om.exceptions.OMException: Allocated 0 blocks. Requested 1 blocks
	at org.apache.hadoop.ozone.om.protocolPB.OzoneManagerProtocolClientSideTranslatorPB.handleError(OzoneManagerProtocolClientSideTranslatorPB.java:725)
	at org.apache.hadoop.ozone.om.protocolPB.OzoneManagerProtocolClientSideTranslatorPB.openKey(OzoneManagerProtocolClientSideTranslatorPB.java:716)
	at org.apache.hadoop.ozone.client.rpc.RpcClient.createKey(RpcClient.java:615)
	at org.apache.hadoop.ozone.client.OzoneBucket.createKey(OzoneBucket.java:323)
	at org.apache.hadoop.ozone.freon.RandomKeyGenerator.createKey(RandomKeyGenerator.java:686)
	at org.apache.hadoop.ozone.freon.RandomKeyGenerator.access$1100(RandomKeyGenerator.java:87)
	at org.apache.hadoop.ozone.freon.RandomKeyGenerator$ObjectCreator.run(RandomKeyGenerator.java:606)
	at java.util.concurrent.Executors$RunnableAdapter.call(Executors.java:511)
	at java.util.concurrent.FutureTask.run(FutureTask.java:266)
	at java.util.concurrent.ThreadPoolExecutor.runWorker(ThreadPoolExecutor.java:1149)
	at java.util.concurrent.ThreadPoolExecutor$Worker.run(ThreadPoolExecutor.java:624)
	at java.lang.Thread.run(Thread.java:748)
2019-09-20 14:30:29,993 [pool-80-thread-3] ERROR freon.RandomKeyGenerator (RandomKeyGenerator.java:createKey(724)) - Exception while adding key: key-0-22143 in bucket: bucket-3-42932 of volume: vol-1-74943.
INTERNAL_ERROR org.apache.hadoop.ozone.om.exceptions.OMException: Allocated 0 blocks. Requested 1 blocks
	at org.apache.hadoop.ozone.om.protocolPB.OzoneManagerProtocolClientSideTranslatorPB.handleError(OzoneManagerProtocolClientSideTranslatorPB.java:725)
	at org.apache.hadoop.ozone.om.protocolPB.OzoneManagerProtocolClientSideTranslatorPB.openKey(OzoneManagerProtocolClientSideTranslatorPB.java:716)
	at org.apache.hadoop.ozone.client.rpc.RpcClient.createKey(RpcClient.java:615)
	at org.apache.hadoop.ozone.client.OzoneBucket.createKey(OzoneBucket.java:323)
	at org.apache.hadoop.ozone.freon.RandomKeyGenerator.createKey(RandomKeyGenerator.java:686)
	at org.apache.hadoop.ozone.freon.RandomKeyGenerator.access$1100(RandomKeyGenerator.java:87)
	at org.apache.hadoop.ozone.freon.RandomKeyGenerator$ObjectCreator.run(RandomKeyGenerator.java:606)
	at java.util.concurrent.Executors$RunnableAdapter.call(Executors.java:511)
	at java.util.concurrent.FutureTask.run(FutureTask.java:266)
	at java.util.concurrent.ThreadPoolExecutor.runWorker(ThreadPoolExecutor.java:1149)
	at java.util.concurrent.ThreadPoolExecutor$Worker.run(ThreadPoolExecutor.java:624)
	at java.lang.Thread.run(Thread.java:748)
2019-09-20 14:30:30,108 | INFO  | SCMAudit | user=jenkins1000 | ip=192.168.36.99 | op=SEND_HEARTBEAT {datanodeUUID=91f00b63-c6d2-4d34-b168-5848dae554d4, command=[]} | ret=SUCCESS |  
2019-09-20 14:30:30,108 | INFO  | SCMAudit | user=jenkins1000 | ip=192.168.36.99 | op=SEND_HEARTBEAT {datanodeUUID=414b61dd-dc64-4170-a4f7-ed46231621a1, command=[]} | ret=SUCCESS |  
2019-09-20 14:30:30,291 | INFO  | SCMAudit | user=jenkins1000 | ip=192.168.36.99 | op=SEND_HEARTBEAT {datanodeUUID=8a1a3fc2-2e5e-451c-bb07-3011db4e4137, command=[]} | ret=SUCCESS |  
2019-09-20 14:30:30,380 | INFO  | SCMAudit | user=jenkins1000 | ip=192.168.36.99 | op=SEND_HEARTBEAT {datanodeUUID=01139844-247b-45d0-963c-91509834b20c, command=[]} | ret=SUCCESS |  
2019-09-20 14:30:30,631 | INFO  | SCMAudit | user=jenkins1000 | ip=192.168.36.99 | op=SEND_HEARTBEAT {datanodeUUID=51c8ff27-873d-4cbb-8820-aa0ac2de17d7, command=[]} | ret=SUCCESS |  
 0.00% |█                                                                                                    |  0/100 Time: 0:00:012019-09-20 14:30:31,108 | INFO  | SCMAudit | user=jenkins1000 | ip=192.168.36.99 | op=SEND_HEARTBEAT {datanodeUUID=414b61dd-dc64-4170-a4f7-ed46231621a1, command=[]} | ret=SUCCESS |  
2019-09-20 14:30:31,108 | INFO  | SCMAudit | user=jenkins1000 | ip=192.168.36.99 | op=SEND_HEARTBEAT {datanodeUUID=91f00b63-c6d2-4d34-b168-5848dae554d4, command=[]} | ret=SUCCESS |  
2019-09-20 14:30:31,291 | INFO  | SCMAudit | user=jenkins1000 | ip=192.168.36.99 | op=SEND_HEARTBEAT {datanodeUUID=8a1a3fc2-2e5e-451c-bb07-3011db4e4137, command=[]} | ret=SUCCESS |  
2019-09-20 14:30:31,379 | INFO  | SCMAudit | user=jenkins1000 | ip=192.168.36.99 | op=SEND_HEARTBEAT {datanodeUUID=01139844-247b-45d0-963c-91509834b20c, command=[]} | ret=SUCCESS |  
2019-09-20 14:30:31,632 | INFO  | SCMAudit | user=jenkins1000 | ip=192.168.36.99 | op=SEND_HEARTBEAT {datanodeUUID=51c8ff27-873d-4cbb-8820-aa0ac2de17d7, command=[]} | ret=SUCCESS |  
 0.00% |█                                                                                                    |  0/100 Time: 0:00:022019-09-20 14:30:32,108 | INFO  | SCMAudit | user=jenkins1000 | ip=192.168.36.99 | op=SEND_HEARTBEAT {datanodeUUID=91f00b63-c6d2-4d34-b168-5848dae554d4, command=[]} | ret=SUCCESS |  
2019-09-20 14:30:32,108 | INFO  | SCMAudit | user=jenkins1000 | ip=192.168.36.99 | op=SEND_HEARTBEAT {datanodeUUID=414b61dd-dc64-4170-a4f7-ed46231621a1, command=[]} | ret=SUCCESS |  
2019-09-20 14:30:32,292 | INFO  | SCMAudit | user=jenkins1000 | ip=192.168.36.99 | op=SEND_HEARTBEAT {datanodeUUID=8a1a3fc2-2e5e-451c-bb07-3011db4e4137, command=[]} | ret=SUCCESS |  
2019-09-20 14:30:32,379 | INFO  | SCMAudit | user=jenkins1000 | ip=192.168.36.99 | op=SEND_HEARTBEAT {datanodeUUID=01139844-247b-45d0-963c-91509834b20c, command=[]} | ret=SUCCESS |  
2019-09-20 14:30:32,631 | INFO  | SCMAudit | user=jenkins1000 | ip=192.168.36.99 | op=SEND_HEARTBEAT {datanodeUUID=51c8ff27-873d-4cbb-8820-aa0ac2de17d7, command=[]} | ret=SUCCESS |  
 0.00% |█                                                                                                    |  0/100 Time: 0:00:032019-09-20 14:30:33,109 | INFO  | SCMAudit | user=jenkins1000 | ip=192.168.36.99 | op=SEND_HEARTBEAT {datanodeUUID=414b61dd-dc64-4170-a4f7-ed46231621a1, command=[]} | ret=SUCCESS |  
2019-09-20 14:30:33,109 | INFO  | SCMAudit | user=jenkins1000 | ip=192.168.36.99 | op=SEND_HEARTBEAT {datanodeUUID=91f00b63-c6d2-4d34-b168-5848dae554d4, command=[]} | ret=SUCCESS |  
2019-09-20 14:30:33,292 | INFO  | SCMAudit | user=jenkins1000 | ip=192.168.36.99 | op=SEND_HEARTBEAT {datanodeUUID=8a1a3fc2-2e5e-451c-bb07-3011db4e4137, command=[]} | ret=SUCCESS |  
2019-09-20 14:30:33,379 | INFO  | SCMAudit | user=jenkins1000 | ip=192.168.36.99 | op=SEND_HEARTBEAT {datanodeUUID=01139844-247b-45d0-963c-91509834b20c, command=[]} | ret=SUCCESS |  
2019-09-20 14:30:33,632 | INFO  | SCMAudit | user=jenkins1000 | ip=192.168.36.99 | op=SEND_HEARTBEAT {datanodeUUID=51c8ff27-873d-4cbb-8820-aa0ac2de17d7, command=[]} | ret=SUCCESS |  
 0.00% |█                                                                                                    |  0/100 Time: 0:00:042019-09-20 14:30:34,108 | INFO  | SCMAudit | user=jenkins1000 | ip=192.168.36.99 | op=SEND_HEARTBEAT {datanodeUUID=91f00b63-c6d2-4d34-b168-5848dae554d4, command=[]} | ret=SUCCESS |  
2019-09-20 14:30:34,108 | INFO  | SCMAudit | user=jenkins1000 | ip=192.168.36.99 | op=SEND_HEARTBEAT {datanodeUUID=414b61dd-dc64-4170-a4f7-ed46231621a1, command=[]} | ret=SUCCESS |  
2019-09-20 14:30:34,292 | INFO  | SCMAudit | user=jenkins1000 | ip=192.168.36.99 | op=SEND_HEARTBEAT {datanodeUUID=8a1a3fc2-2e5e-451c-bb07-3011db4e4137, command=[]} | ret=SUCCESS |  
2019-09-20 14:30:34,379 | INFO  | SCMAudit | user=jenkins1000 | ip=192.168.36.99 | op=SEND_HEARTBEAT {datanodeUUID=01139844-247b-45d0-963c-91509834b20c, command=[]} | ret=SUCCESS |  
2019-09-20 14:30:34,631 | INFO  | SCMAudit | user=jenkins1000 | ip=192.168.36.99 | op=SEND_HEARTBEAT {datanodeUUID=51c8ff27-873d-4cbb-8820-aa0ac2de17d7, command=[]} | ret=SUCCESS |  
 100.00% |█████████████████████████████████████████████████████████████████████████████████████████████████████|  100/100 Time: 0:00:05
2019-09-20 14:30:35,109 | INFO  | SCMAudit | user=jenkins1000 | ip=192.168.36.99 | op=SEND_HEARTBEAT {datanodeUUID=91f00b63-c6d2-4d34-b168-5848dae554d4, command=[]} | ret=SUCCESS |  
2019-09-20 14:30:35,109 | INFO  | SCMAudit | user=jenkins1000 | ip=192.168.36.99 | op=SEND_HEARTBEAT {datanodeUUID=414b61dd-dc64-4170-a4f7-ed46231621a1, command=[]} | ret=SUCCESS |  
2019-09-20 14:30:35,293 | INFO  | SCMAudit | user=jenkins1000 | ip=192.168.36.99 | op=SEND_HEARTBEAT {datanodeUUID=8a1a3fc2-2e5e-451c-bb07-3011db4e4137, command=[]} | ret=SUCCESS |  
2019-09-20 14:30:35,380 | INFO  | SCMAudit | user=jenkins1000 | ip=192.168.36.99 | op=SEND_HEARTBEAT {datanodeUUID=01139844-247b-45d0-963c-91509834b20c, command=[]} | ret=SUCCESS |  
2019-09-20 14:30:35,632 | INFO  | SCMAudit | user=jenkins1000 | ip=192.168.36.99 | op=SEND_HEARTBEAT {datanodeUUID=51c8ff27-873d-4cbb-8820-aa0ac2de17d7, command=[]} | ret=SUCCESS |  
2019-09-20 14:30:36,108 | INFO  | SCMAudit | user=jenkins1000 | ip=192.168.36.99 | op=SEND_HEARTBEAT {datanodeUUID=414b61dd-dc64-4170-a4f7-ed46231621a1, command=[]} | ret=SUCCESS |  
2019-09-20 14:30:36,109 | INFO  | SCMAudit | user=jenkins1000 | ip=192.168.36.99 | op=SEND_HEARTBEAT {datanodeUUID=91f00b63-c6d2-4d34-b168-5848dae554d4, command=[]} | ret=SUCCESS |  
2019-09-20 14:30:36,292 | INFO  | SCMAudit | user=jenkins1000 | ip=192.168.36.99 | op=SEND_HEARTBEAT {datanodeUUID=8a1a3fc2-2e5e-451c-bb07-3011db4e4137, command=[]} | ret=SUCCESS |  
2019-09-20 14:30:36,380 | INFO  | SCMAudit | user=jenkins1000 | ip=192.168.36.99 | op=SEND_HEARTBEAT {datanodeUUID=01139844-247b-45d0-963c-91509834b20c, command=[]} | ret=SUCCESS |  
2019-09-20 14:30:36,631 | INFO  | SCMAudit | user=jenkins1000 | ip=192.168.36.99 | op=SEND_HEARTBEAT {datanodeUUID=51c8ff27-873d-4cbb-8820-aa0ac2de17d7, command=[]} | ret=SUCCESS |  
2019-09-20 14:30:37,109 | INFO  | SCMAudit | user=jenkins1000 | ip=192.168.36.99 | op=SEND_HEARTBEAT {datanodeUUID=91f00b63-c6d2-4d34-b168-5848dae554d4, command=[]} | ret=SUCCESS |  
2019-09-20 14:30:37,110 | INFO  | SCMAudit | user=jenkins1000 | ip=192.168.36.99 | op=SEND_HEARTBEAT {datanodeUUID=414b61dd-dc64-4170-a4f7-ed46231621a1, command=[]} | ret=SUCCESS |  
2019-09-20 14:30:37,293 | INFO  | SCMAudit | user=jenkins1000 | ip=192.168.36.99 | op=SEND_HEARTBEAT {datanodeUUID=8a1a3fc2-2e5e-451c-bb07-3011db4e4137, command=[]} | ret=SUCCESS |  
2019-09-20 14:30:37,380 | INFO  | SCMAudit | user=jenkins1000 | ip=192.168.36.99 | op=SEND_HEARTBEAT {datanodeUUID=01139844-247b-45d0-963c-91509834b20c, command=[]} | ret=SUCCESS |  
2019-09-20 14:30:37,631 | INFO  | SCMAudit | user=jenkins1000 | ip=192.168.36.99 | op=SEND_HEARTBEAT {datanodeUUID=51c8ff27-873d-4cbb-8820-aa0ac2de17d7, command=[]} | ret=SUCCESS |  
2019-09-20 14:30:38,109 | INFO  | SCMAudit | user=jenkins1000 | ip=192.168.36.99 | op=SEND_HEARTBEAT {datanodeUUID=414b61dd-dc64-4170-a4f7-ed46231621a1, command=[]} | ret=SUCCESS |  
2019-09-20 14:30:38,109 | INFO  | SCMAudit | user=jenkins1000 | ip=192.168.36.99 | op=SEND_HEARTBEAT {datanodeUUID=91f00b63-c6d2-4d34-b168-5848dae554d4, command=[]} | ret=SUCCESS |  
2019-09-20 14:30:38,292 | INFO  | SCMAudit | user=jenkins1000 | ip=192.168.36.99 | op=SEND_HEARTBEAT {datanodeUUID=8a1a3fc2-2e5e-451c-bb07-3011db4e4137, command=[]} | ret=SUCCESS |  
2019-09-20 14:30:38,380 | INFO  | SCMAudit | user=jenkins1000 | ip=192.168.36.99 | op=SEND_HEARTBEAT {datanodeUUID=01139844-247b-45d0-963c-91509834b20c, command=[]} | ret=SUCCESS |  
2019-09-20 14:30:38,631 | INFO  | SCMAudit | user=jenkins1000 | ip=192.168.36.99 | op=SEND_HEARTBEAT {datanodeUUID=51c8ff27-873d-4cbb-8820-aa0ac2de17d7, command=[]} | ret=SUCCESS |  
2019-09-20 14:30:39,110 | INFO  | SCMAudit | user=jenkins1000 | ip=192.168.36.99 | op=SEND_HEARTBEAT {datanodeUUID=414b61dd-dc64-4170-a4f7-ed46231621a1, command=[]} | ret=SUCCESS |  
2019-09-20 14:30:39,109 | INFO  | SCMAudit | user=jenkins1000 | ip=192.168.36.99 | op=SEND_HEARTBEAT {datanodeUUID=91f00b63-c6d2-4d34-b168-5848dae554d4, command=[]} | ret=SUCCESS |  
2019-09-20 14:30:39,292 | INFO  | SCMAudit | user=jenkins1000 | ip=192.168.36.99 | op=SEND_HEARTBEAT {datanodeUUID=8a1a3fc2-2e5e-451c-bb07-3011db4e4137, command=[]} | ret=SUCCESS |  
2019-09-20 14:30:39,381 | INFO  | SCMAudit | user=jenkins1000 | ip=192.168.36.99 | op=SEND_HEARTBEAT {datanodeUUID=01139844-247b-45d0-963c-91509834b20c, command=[]} | ret=SUCCESS |  
2019-09-20 14:30:39,632 | INFO  | SCMAudit | user=jenkins1000 | ip=192.168.36.99 | op=SEND_HEARTBEAT {datanodeUUID=51c8ff27-873d-4cbb-8820-aa0ac2de17d7, command=[]} | ret=SUCCESS |  
]]></system-out>
  </testcase>
</testsuite>