<?xml version="1.0" encoding="UTF-8"?>
<testsuite xmlns:xsi="http://www.w3.org/2001/XMLSchema-instance" xsi:noNamespaceSchemaLocation="https://maven.apache.org/surefire/maven-surefire-plugin/xsd/surefire-test-report.xsd" name="org.apache.hadoop.hdds.scm.pipeline.TestRatisPipelineCreateAndDestory" time="69.727" tests="2" errors="1" skipped="0" failures="0">
  <properties>
    <property name="awt.toolkit" value="sun.awt.X11.XToolkit"/>
    <property name="file.encoding.pkg" value="sun.io"/>
    <property name="java.specification.version" value="1.8"/>
    <property name="sun.cpu.isalist" value=""/>
    <property name="sun.jnu.encoding" value="UTF-8"/>
    <property name="java.class.path" value="/workdir/hadoop-ozone/integration-test/target/test-classes:/workdir/hadoop-ozone/integration-test/target/classes:/home/user/.m2/repository/org/apache/hadoop/hadoop-ozone-common/0.5.0-SNAPSHOT/hadoop-ozone-common-0.5.0-SNAPSHOT.jar:/home/user/.m2/repository/org/apache/commons/commons-compress/1.4.1/commons-compress-1.4.1.jar:/home/user/.m2/repository/org/tukaani/xz/1.0/xz-1.0.jar:/home/user/.m2/repository/org/apache/hadoop/hadoop-common/3.2.0/hadoop-common-3.2.0.jar:/home/user/.m2/repository/org/apache/hadoop/hadoop-hdfs/3.2.0/hadoop-hdfs-3.2.0.jar:/home/user/.m2/repository/org/apache/hadoop/hadoop-hdfs-client/3.2.0/hadoop-hdfs-client-3.2.0.jar:/home/user/.m2/repository/com/fasterxml/jackson/core/jackson-annotations/2.9.5/jackson-annotations-2.9.5.jar:/home/user/.m2/repository/org/apache/hadoop/hadoop-hdds-common/0.5.0-SNAPSHOT/hadoop-hdds-common-0.5.0-SNAPSHOT.jar:/home/user/.m2/repository/javax/annotation/javax.annotation-api/1.2/javax.annotation-api-1.2.jar:/home/user/.m2/repository/org/apache/ratis/ratis-server/0.4.0-2337318-SNAPSHOT/ratis-server-0.4.0-2337318-SNAPSHOT.jar:/home/user/.m2/repository/org/apache/ratis/ratis-thirdparty-misc/0.2.0/ratis-thirdparty-misc-0.2.0.jar:/home/user/.m2/repository/org/apache/ratis/ratis-proto/0.4.0-2337318-SNAPSHOT/ratis-proto-0.4.0-2337318-SNAPSHOT.jar:/home/user/.m2/repository/org/apache/ratis/ratis-common/0.4.0-2337318-SNAPSHOT/ratis-common-0.4.0-2337318-SNAPSHOT.jar:/home/user/.m2/repository/org/apache/ratis/ratis-client/0.4.0-2337318-SNAPSHOT/ratis-client-0.4.0-2337318-SNAPSHOT.jar:/home/user/.m2/repository/org/apache/ratis/ratis-metrics/0.4.0-2337318-SNAPSHOT/ratis-metrics-0.4.0-2337318-SNAPSHOT.jar:/home/user/.m2/repository/org/apache/ratis/ratis-netty/0.4.0-2337318-SNAPSHOT/ratis-netty-0.4.0-2337318-SNAPSHOT.jar:/home/user/.m2/repository/org/apache/ratis/ratis-grpc/0.4.0-2337318-SNAPSHOT/ratis-grpc-0.4.0-2337318-SNAPSHOT.jar:/home/user/.m2/repository/org/rocksdb/rocksdbjni/6.0.1/rocksdbjni-6.0.1.jar:/home/user/.m2/repository/org/apache/logging/log4j/log4j-api/2.11.0/log4j-api-2.11.0.jar:/home/user/.m2/repository/org/apache/logging/log4j/log4j-core/2.11.0/log4j-core-2.11.0.jar:/home/user/.m2/repository/com/lmax/disruptor/3.4.2/disruptor-3.4.2.jar:/home/user/.m2/repository/org/apache/commons/commons-pool2/2.6.0/commons-pool2-2.6.0.jar:/home/user/.m2/repository/org/bouncycastle/bcpkix-jdk15on/1.60/bcpkix-jdk15on-1.60.jar:/home/user/.m2/repository/commons-validator/commons-validator/1.6/commons-validator-1.6.jar:/home/user/.m2/repository/commons-digester/commons-digester/1.8.1/commons-digester-1.8.1.jar:/home/user/.m2/repository/io/jaegertracing/jaeger-client/0.33.1/jaeger-client-0.33.1.jar:/home/user/.m2/repository/io/jaegertracing/jaeger-thrift/0.33.1/jaeger-thrift-0.33.1.jar:/home/user/.m2/repository/org/apache/thrift/libthrift/0.11.0/libthrift-0.11.0.jar:/home/user/.m2/repository/com/squareup/okhttp3/okhttp/3.9.0/okhttp-3.9.0.jar:/home/user/.m2/repository/com/squareup/okio/okio/1.13.0/okio-1.13.0.jar:/home/user/.m2/repository/io/jaegertracing/jaeger-core/0.33.1/jaeger-core-0.33.1.jar:/home/user/.m2/repository/io/jaegertracing/jaeger-tracerresolver/0.33.1/jaeger-tracerresolver-0.33.1.jar:/home/user/.m2/repository/io/opentracing/contrib/opentracing-tracerresolver/0.1.5/opentracing-tracerresolver-0.1.5.jar:/home/user/.m2/repository/io/opentracing/opentracing-util/0.31.0/opentracing-util-0.31.0.jar:/home/user/.m2/repository/io/opentracing/opentracing-api/0.31.0/opentracing-api-0.31.0.jar:/home/user/.m2/repository/io/opentracing/opentracing-noop/0.31.0/opentracing-noop-0.31.0.jar:/home/user/.m2/repository/org/apache/hadoop/hadoop-hdds-server-framework/0.5.0-SNAPSHOT/hadoop-hdds-server-framework-0.5.0-SNAPSHOT.jar:/home/user/.m2/repository/org/apache/hadoop/hadoop-hdds-container-service/0.5.0-SNAPSHOT/hadoop-hdds-container-service-0.5.0-SNAPSHOT.jar:/home/user/.m2/repository/org/apache/hadoop/hadoop-hdds-client/0.5.0-SNAPSHOT/hadoop-hdds-client-0.5.0-SNAPSHOT.jar:/home/user/.m2/repository/org/apache/hadoop/hadoop-hdds-tools/0.5.0-SNAPSHOT/hadoop-hdds-tools-0.5.0-SNAPSHOT.jar:/home/user/.m2/repository/org/apache/hadoop/hadoop-hdds-server-scm/0.5.0-SNAPSHOT/hadoop-hdds-server-scm-0.5.0-SNAPSHOT.jar:/home/user/.m2/repository/org/apache/hadoop/hadoop-hdds-docs/0.5.0-SNAPSHOT/hadoop-hdds-docs-0.5.0-SNAPSHOT.jar:/home/user/.m2/repository/io/dropwizard/metrics/metrics-core/3.2.4/metrics-core-3.2.4.jar:/home/user/.m2/repository/org/hamcrest/hamcrest-all/1.3/hamcrest-all-1.3.jar:/home/user/.m2/repository/org/bouncycastle/bcprov-jdk15on/1.60/bcprov-jdk15on-1.60.jar:/home/user/.m2/repository/info/picocli/picocli/3.9.6/picocli-3.9.6.jar:/home/user/.m2/repository/com/google/protobuf/protobuf-java/2.5.0/protobuf-java-2.5.0.jar:/home/user/.m2/repository/com/google/guava/guava/11.0.2/guava-11.0.2.jar:/home/user/.m2/repository/org/apache/hadoop/hadoop-ozone-ozone-manager/0.5.0-SNAPSHOT/hadoop-ozone-ozone-manager-0.5.0-SNAPSHOT.jar:/home/user/.m2/repository/org/apache/hadoop/hadoop-minikdc/3.2.0/hadoop-minikdc-3.2.0.jar:/home/user/.m2/repository/commons-io/commons-io/2.5/commons-io-2.5.jar:/home/user/.m2/repository/org/apache/kerby/kerb-simplekdc/1.0.1/kerb-simplekdc-1.0.1.jar:/home/user/.m2/repository/org/apache/kerby/kerb-client/1.0.1/kerb-client-1.0.1.jar:/home/user/.m2/repository/org/apache/kerby/kerby-config/1.0.1/kerby-config-1.0.1.jar:/home/user/.m2/repository/org/apache/kerby/kerb-core/1.0.1/kerb-core-1.0.1.jar:/home/user/.m2/repository/org/apache/kerby/kerby-pkix/1.0.1/kerby-pkix-1.0.1.jar:/home/user/.m2/repository/org/apache/kerby/kerby-asn1/1.0.1/kerby-asn1-1.0.1.jar:/home/user/.m2/repository/org/apache/kerby/kerby-util/1.0.1/kerby-util-1.0.1.jar:/home/user/.m2/repository/org/apache/kerby/kerb-common/1.0.1/kerb-common-1.0.1.jar:/home/user/.m2/repository/org/apache/kerby/kerb-crypto/1.0.1/kerb-crypto-1.0.1.jar:/home/user/.m2/repository/org/apache/kerby/kerb-util/1.0.1/kerb-util-1.0.1.jar:/home/user/.m2/repository/org/apache/kerby/token-provider/1.0.1/token-provider-1.0.1.jar:/home/user/.m2/repository/org/apache/kerby/kerb-admin/1.0.1/kerb-admin-1.0.1.jar:/home/user/.m2/repository/org/apache/kerby/kerb-server/1.0.1/kerb-server-1.0.1.jar:/home/user/.m2/repository/org/apache/kerby/kerb-identity/1.0.1/kerb-identity-1.0.1.jar:/home/user/.m2/repository/org/apache/kerby/kerby-xdr/1.0.1/kerby-xdr-1.0.1.jar:/home/user/.m2/repository/org/slf4j/slf4j-log4j12/1.7.25/slf4j-log4j12-1.7.25.jar:/home/user/.m2/repository/org/apache/hadoop/hadoop-ozone-objectstore-service/0.5.0-SNAPSHOT/hadoop-ozone-objectstore-service-0.5.0-SNAPSHOT.jar:/home/user/.m2/repository/org/apache/hadoop/hadoop-ozone-s3gateway/0.5.0-SNAPSHOT/hadoop-ozone-s3gateway-0.5.0-SNAPSHOT.jar:/home/user/.m2/repository/org/jboss/weld/servlet/weld-servlet/2.4.7.Final/weld-servlet-2.4.7.Final.jar:/home/user/.m2/repository/org/glassfish/jersey/containers/jersey-container-servlet-core/2.27/jersey-container-servlet-core-2.27.jar:/home/user/.m2/repository/org/glassfish/hk2/external/javax.inject/2.5.0-b42/javax.inject-2.5.0-b42.jar:/home/user/.m2/repository/org/glassfish/jersey/core/jersey-common/2.27/jersey-common-2.27.jar:/home/user/.m2/repository/org/glassfish/hk2/osgi-resource-locator/1.0.1/osgi-resource-locator-1.0.1.jar:/home/user/.m2/repository/javax/ws/rs/javax.ws.rs-api/2.1/javax.ws.rs-api-2.1.jar:/home/user/.m2/repository/org/glassfish/jersey/ext/cdi/jersey-cdi1x/2.27/jersey-cdi1x-2.27.jar:/home/user/.m2/repository/org/glassfish/jersey/inject/jersey-hk2/2.27/jersey-hk2-2.27.jar:/home/user/.m2/repository/org/glassfish/hk2/hk2-locator/2.5.0-b42/hk2-locator-2.5.0-b42.jar:/home/user/.m2/repository/org/javassist/javassist/3.22.0-CR2/javassist-3.22.0-CR2.jar:/home/user/.m2/repository/org/glassfish/hk2/hk2-api/2.5.0/hk2-api-2.5.0.jar:/home/user/.m2/repository/org/glassfish/hk2/external/jakarta.inject/2.5.0/jakarta.inject-2.5.0.jar:/home/user/.m2/repository/org/glassfish/hk2/hk2-utils/2.5.0/hk2-utils-2.5.0.jar:/home/user/.m2/repository/jakarta/annotation/jakarta.annotation-api/1.3.4/jakarta.annotation-api-1.3.4.jar:/home/user/.m2/repository/org/glassfish/hk2/external/aopalliance-repackaged/2.5.0/aopalliance-repackaged-2.5.0.jar:/home/user/.m2/repository/com/fasterxml/jackson/dataformat/jackson-dataformat-xml/2.9.0/jackson-dataformat-xml-2.9.0.jar:/home/user/.m2/repository/com/fasterxml/jackson/core/jackson-core/2.9.5/jackson-core-2.9.5.jar:/home/user/.m2/repository/com/fasterxml/jackson/module/jackson-module-jaxb-annotations/2.9.5/jackson-module-jaxb-annotations-2.9.5.jar:/home/user/.m2/repository/javax/enterprise/cdi-api/1.2/cdi-api-1.2.jar:/home/user/.m2/repository/javax/el/javax.el-api/3.0.0/javax.el-api-3.0.0.jar:/home/user/.m2/repository/javax/interceptor/javax.interceptor-api/1.2/javax.interceptor-api-1.2.jar:/home/user/.m2/repository/javax/inject/javax.inject/1/javax.inject-1.jar:/home/user/.m2/repository/com/sun/xml/bind/jaxb-impl/2.3.0.1/jaxb-impl-2.3.0.1.jar:/home/user/.m2/repository/com/sun/xml/bind/jaxb-core/2.3.0.1/jaxb-core-2.3.0.1.jar:/home/user/.m2/repository/javax/xml/bind/jaxb-api/2.3.0/jaxb-api-2.3.0.jar:/home/user/.m2/repository/javax/activation/activation/1.1.1/activation-1.1.1.jar:/home/user/.m2/repository/org/apache/hadoop/hadoop-ozone-csi/0.5.0-SNAPSHOT/hadoop-ozone-csi-0.5.0-SNAPSHOT.jar:/home/user/.m2/repository/com/google/protobuf/protobuf-java-util/3.5.1/protobuf-java-util-3.5.1.jar:/home/user/.m2/repository/org/apache/hadoop/hadoop-hdds-config/0.5.0-SNAPSHOT/hadoop-hdds-config-0.5.0-SNAPSHOT.jar:/home/user/.m2/repository/io/grpc/grpc-netty/1.17.1/grpc-netty-1.17.1.jar:/home/user/.m2/repository/io/grpc/grpc-core/1.17.1/grpc-core-1.17.1.jar:/home/user/.m2/repository/io/grpc/grpc-context/1.17.1/grpc-context-1.17.1.jar:/home/user/.m2/repository/com/google/errorprone/error_prone_annotations/2.2.0/error_prone_annotations-2.2.0.jar:/home/user/.m2/repository/org/codehaus/mojo/animal-sniffer-annotations/1.17/animal-sniffer-annotations-1.17.jar:/home/user/.m2/repository/io/opencensus/opencensus-api/0.17.0/opencensus-api-0.17.0.jar:/home/user/.m2/repository/io/opencensus/opencensus-contrib-grpc-metrics/0.17.0/opencensus-contrib-grpc-metrics-0.17.0.jar:/home/user/.m2/repository/io/netty/netty-codec-http2/4.1.30.Final/netty-codec-http2-4.1.30.Final.jar:/home/user/.m2/repository/io/netty/netty-codec-http/4.1.30.Final/netty-codec-http-4.1.30.Final.jar:/home/user/.m2/repository/io/netty/netty-codec/4.1.30.Final/netty-codec-4.1.30.Final.jar:/home/user/.m2/repository/io/netty/netty-handler/4.1.30.Final/netty-handler-4.1.30.Final.jar:/home/user/.m2/repository/io/netty/netty-handler-proxy/4.1.30.Final/netty-handler-proxy-4.1.30.Final.jar:/home/user/.m2/repository/io/netty/netty-codec-socks/4.1.30.Final/netty-codec-socks-4.1.30.Final.jar:/home/user/.m2/repository/io/netty/netty-transport-native-epoll/4.1.30.Final/netty-transport-native-epoll-4.1.30.Final.jar:/home/user/.m2/repository/io/netty/netty-common/4.1.30.Final/netty-common-4.1.30.Final.jar:/home/user/.m2/repository/io/netty/netty-buffer/4.1.30.Final/netty-buffer-4.1.30.Final.jar:/home/user/.m2/repository/io/netty/netty-transport/4.1.30.Final/netty-transport-4.1.30.Final.jar:/home/user/.m2/repository/io/netty/netty-resolver/4.1.30.Final/netty-resolver-4.1.30.Final.jar:/home/user/.m2/repository/io/netty/netty-transport-native-unix-common/4.1.30.Final/netty-transport-native-unix-common-4.1.30.Final.jar:/home/user/.m2/repository/io/grpc/grpc-protobuf/1.17.1/grpc-protobuf-1.17.1.jar:/home/user/.m2/repository/com/google/api/grpc/proto-google-common-protos/1.0.0/proto-google-common-protos-1.0.0.jar:/home/user/.m2/repository/io/grpc/grpc-protobuf-lite/1.17.1/grpc-protobuf-lite-1.17.1.jar:/home/user/.m2/repository/io/grpc/grpc-stub/1.17.1/grpc-stub-1.17.1.jar:/home/user/.m2/repository/org/apache/hadoop/hadoop-ozone-recon/0.5.0-SNAPSHOT/hadoop-ozone-recon-0.5.0-SNAPSHOT.jar:/home/user/.m2/repository/org/apache/hadoop/hadoop-ozone-reconcodegen/0.5.0-SNAPSHOT/hadoop-ozone-reconcodegen-0.5.0-SNAPSHOT.jar:/home/user/.m2/repository/com/google/inject/extensions/guice-multibindings/4.0/guice-multibindings-4.0.jar:/home/user/.m2/repository/com/google/inject/guice/4.0/guice-4.0.jar:/home/user/.m2/repository/aopalliance/aopalliance/1.0/aopalliance-1.0.jar:/home/user/.m2/repository/com/google/inject/extensions/guice-servlet/4.0/guice-servlet-4.0.jar:/home/user/.m2/repository/org/glassfish/jersey/containers/jersey-container-servlet/2.27/jersey-container-servlet-2.27.jar:/home/user/.m2/repository/org/glassfish/hk2/guice-bridge/2.5.0/guice-bridge-2.5.0.jar:/home/user/.m2/repository/org/glassfish/jersey/core/jersey-server/2.27/jersey-server-2.27.jar:/home/user/.m2/repository/org/glassfish/jersey/core/jersey-client/2.27/jersey-client-2.27.jar:/home/user/.m2/repository/org/glassfish/jersey/media/jersey-media-jaxb/2.27/jersey-media-jaxb-2.27.jar:/home/user/.m2/repository/javax/validation/validation-api/1.1.0.Final/validation-api-1.1.0.Final.jar:/home/user/.m2/repository/org/glassfish/jersey/media/jersey-media-json-jackson/2.27/jersey-media-json-jackson-2.27.jar:/home/user/.m2/repository/org/glassfish/jersey/ext/jersey-entity-filtering/2.27/jersey-entity-filtering-2.27.jar:/home/user/.m2/repository/com/google/inject/extensions/guice-assistedinject/4.0/guice-assistedinject-4.0.jar:/home/user/.m2/repository/org/jooq/jooq/3.11.10/jooq-3.11.10.jar:/home/user/.m2/repository/org/jooq/jooq-meta/3.11.10/jooq-meta-3.11.10.jar:/home/user/.m2/repository/org/jooq/jooq-codegen/3.11.10/jooq-codegen-3.11.10.jar:/home/user/.m2/repository/com/jolbox/bonecp/0.8.0.RELEASE/bonecp-0.8.0.RELEASE.jar:/home/user/.m2/repository/org/xerial/sqlite-jdbc/3.25.2/sqlite-jdbc-3.25.2.jar:/home/user/.m2/repository/org/springframework/spring-jdbc/5.1.3.RELEASE/spring-jdbc-5.1.3.RELEASE.jar:/home/user/.m2/repository/org/springframework/spring-beans/5.1.3.RELEASE/spring-beans-5.1.3.RELEASE.jar:/home/user/.m2/repository/org/springframework/spring-core/5.1.3.RELEASE/spring-core-5.1.3.RELEASE.jar:/home/user/.m2/repository/org/springframework/spring-jcl/5.1.3.RELEASE/spring-jcl-5.1.3.RELEASE.jar:/home/user/.m2/repository/org/springframework/spring-tx/5.1.3.RELEASE/spring-tx-5.1.3.RELEASE.jar:/home/user/.m2/repository/org/apache/hadoop/hadoop-ozone-client/0.5.0-SNAPSHOT/hadoop-ozone-client-0.5.0-SNAPSHOT.jar:/home/user/.m2/repository/commons-lang/commons-lang/2.6/commons-lang-2.6.jar:/home/user/.m2/repository/org/apache/hadoop/hadoop-ozone-ozone-manager/0.5.0-SNAPSHOT/hadoop-ozone-ozone-manager-0.5.0-SNAPSHOT-tests.jar:/home/user/.m2/repository/junit/junit/4.11/junit-4.11.jar:/home/user/.m2/repository/org/hamcrest/hamcrest-core/1.3/hamcrest-core-1.3.jar:/home/user/.m2/repository/org/openjdk/jmh/jmh-core/1.19/jmh-core-1.19.jar:/home/user/.m2/repository/net/sf/jopt-simple/jopt-simple/4.6/jopt-simple-4.6.jar:/home/user/.m2/repository/org/apache/commons/commons-math3/3.1.1/commons-math3-3.1.1.jar:/home/user/.m2/repository/org/openjdk/jmh/jmh-generator-annprocess/1.19/jmh-generator-annprocess-1.19.jar:/home/user/.m2/repository/org/mockito/mockito-all/1.8.5/mockito-all-1.8.5.jar:/home/user/.m2/repository/org/apache/hadoop/hadoop-kms/3.2.0/hadoop-kms-3.2.0.jar:/home/user/.m2/repository/org/apache/hadoop/hadoop-auth/3.2.0/hadoop-auth-3.2.0.jar:/home/user/.m2/repository/com/nimbusds/nimbus-jose-jwt/4.41.1/nimbus-jose-jwt-4.41.1.jar:/home/user/.m2/repository/com/github/stephenc/jcip/jcip-annotations/1.0-1/jcip-annotations-1.0-1.jar:/home/user/.m2/repository/net/minidev/json-smart/2.3/json-smart-2.3.jar:/home/user/.m2/repository/net/minidev/accessors-smart/1.2/accessors-smart-1.2.jar:/home/user/.m2/repository/org/ow2/asm/asm/5.0.4/asm-5.0.4.jar:/home/user/.m2/repository/org/apache/curator/curator-framework/2.12.0/curator-framework-2.12.0.jar:/home/user/.m2/repository/com/sun/jersey/jersey-core/1.19/jersey-core-1.19.jar:/home/user/.m2/repository/javax/ws/rs/jsr311-api/1.1.1/jsr311-api-1.1.1.jar:/home/user/.m2/repository/com/sun/jersey/jersey-server/1.19/jersey-server-1.19.jar:/home/user/.m2/repository/javax/servlet/javax.servlet-api/3.1.0/javax.servlet-api-3.1.0.jar:/home/user/.m2/repository/org/eclipse/jetty/jetty-server/9.3.24.v20180605/jetty-server-9.3.24.v20180605.jar:/home/user/.m2/repository/org/eclipse/jetty/jetty-http/9.3.24.v20180605/jetty-http-9.3.24.v20180605.jar:/home/user/.m2/repository/org/eclipse/jetty/jetty-io/9.3.24.v20180605/jetty-io-9.3.24.v20180605.jar:/home/user/.m2/repository/org/eclipse/jetty/jetty-webapp/9.3.24.v20180605/jetty-webapp-9.3.24.v20180605.jar:/home/user/.m2/repository/org/eclipse/jetty/jetty-xml/9.3.24.v20180605/jetty-xml-9.3.24.v20180605.jar:/home/user/.m2/repository/log4j/log4j/1.2.17/log4j-1.2.17.jar:/home/user/.m2/repository/org/slf4j/slf4j-api/1.7.25/slf4j-api-1.7.25.jar:/home/user/.m2/repository/org/slf4j/jul-to-slf4j/1.7.25/jul-to-slf4j-1.7.25.jar:/home/user/.m2/repository/org/eclipse/jetty/jetty-util/9.3.24.v20180605/jetty-util-9.3.24.v20180605.jar:/home/user/.m2/repository/com/fasterxml/jackson/core/jackson-databind/2.9.5/jackson-databind-2.9.5.jar:/home/user/.m2/repository/org/apache/hadoop/hadoop-kms/3.2.0/hadoop-kms-3.2.0-tests.jar:/home/user/.m2/repository/org/apache/hadoop/hadoop-hdds-server-scm/0.5.0-SNAPSHOT/hadoop-hdds-server-scm-0.5.0-SNAPSHOT-tests.jar:/home/user/.m2/repository/org/apache/hadoop/hadoop-hdds-container-service/0.5.0-SNAPSHOT/hadoop-hdds-container-service-0.5.0-SNAPSHOT-tests.jar:/home/user/.m2/repository/org/yaml/snakeyaml/1.16/snakeyaml-1.16.jar:/home/user/.m2/repository/org/apache/hadoop/hadoop-common/3.2.0/hadoop-common-3.2.0-tests.jar:/home/user/.m2/repository/org/apache/hadoop/hadoop-annotations/3.2.0/hadoop-annotations-3.2.0.jar:/usr/lib/jvm/java-1.8-openjdk/jre/../lib/tools.jar:/home/user/.m2/repository/commons-cli/commons-cli/1.2/commons-cli-1.2.jar:/home/user/.m2/repository/org/apache/httpcomponents/httpclient/4.5.2/httpclient-4.5.2.jar:/home/user/.m2/repository/org/apache/httpcomponents/httpcore/4.4.4/httpcore-4.4.4.jar:/home/user/.m2/repository/commons-codec/commons-codec/1.11/commons-codec-1.11.jar:/home/user/.m2/repository/commons-net/commons-net/3.6/commons-net-3.6.jar:/home/user/.m2/repository/commons-collections/commons-collections/3.2.2/commons-collections-3.2.2.jar:/home/user/.m2/repository/org/eclipse/jetty/jetty-servlet/9.3.24.v20180605/jetty-servlet-9.3.24.v20180605.jar:/home/user/.m2/repository/org/eclipse/jetty/jetty-security/9.3.24.v20180605/jetty-security-9.3.24.v20180605.jar:/home/user/.m2/repository/javax/servlet/jsp/jsp-api/2.1/jsp-api-2.1.jar:/home/user/.m2/repository/com/sun/jersey/jersey-servlet/1.19/jersey-servlet-1.19.jar:/home/user/.m2/repository/com/sun/jersey/jersey-json/1.19/jersey-json-1.19.jar:/home/user/.m2/repository/org/codehaus/jettison/jettison/1.1/jettison-1.1.jar:/home/user/.m2/repository/org/codehaus/jackson/jackson-core-asl/1.9.13/jackson-core-asl-1.9.13.jar:/home/user/.m2/repository/org/codehaus/jackson/jackson-mapper-asl/1.9.13/jackson-mapper-asl-1.9.13.jar:/home/user/.m2/repository/org/codehaus/jackson/jackson-jaxrs/1.9.13/jackson-jaxrs-1.9.13.jar:/home/user/.m2/repository/org/codehaus/jackson/jackson-xc/1.9.13/jackson-xc-1.9.13.jar:/home/user/.m2/repository/commons-logging/commons-logging/1.1.3/commons-logging-1.1.3.jar:/home/user/.m2/repository/commons-beanutils/commons-beanutils/1.9.3/commons-beanutils-1.9.3.jar:/home/user/.m2/repository/org/apache/commons/commons-configuration2/2.1.1/commons-configuration2-2.1.1.jar:/home/user/.m2/repository/org/apache/commons/commons-lang3/3.7/commons-lang3-3.7.jar:/home/user/.m2/repository/org/apache/commons/commons-text/1.4/commons-text-1.4.jar:/home/user/.m2/repository/org/apache/avro/avro/1.7.7/avro-1.7.7.jar:/home/user/.m2/repository/com/thoughtworks/paranamer/paranamer/2.3/paranamer-2.3.jar:/home/user/.m2/repository/org/xerial/snappy/snappy-java/1.0.5/snappy-java-1.0.5.jar:/home/user/.m2/repository/com/google/re2j/re2j/1.1/re2j-1.1.jar:/home/user/.m2/repository/com/google/code/gson/gson/2.2.4/gson-2.2.4.jar:/home/user/.m2/repository/com/jcraft/jsch/0.1.54/jsch-0.1.54.jar:/home/user/.m2/repository/org/apache/curator/curator-client/2.12.0/curator-client-2.12.0.jar:/home/user/.m2/repository/org/apache/curator/curator-recipes/2.12.0/curator-recipes-2.12.0.jar:/home/user/.m2/repository/com/google/code/findbugs/jsr305/3.0.0/jsr305-3.0.0.jar:/home/user/.m2/repository/org/apache/htrace/htrace-core4/4.1.0-incubating/htrace-core4-4.1.0-incubating.jar:/home/user/.m2/repository/org/apache/zookeeper/zookeeper/3.4.13/zookeeper-3.4.13.jar:/home/user/.m2/repository/org/apache/yetus/audience-annotations/0.5.0/audience-annotations-0.5.0.jar:/home/user/.m2/repository/org/codehaus/woodstox/stax2-api/3.1.4/stax2-api-3.1.4.jar:/home/user/.m2/repository/com/fasterxml/woodstox/woodstox-core/5.0.3/woodstox-core-5.0.3.jar:/home/user/.m2/repository/dnsjava/dnsjava/2.1.7/dnsjava-2.1.7.jar:/home/user/.m2/repository/org/apache/hadoop/hadoop-hdfs/3.2.0/hadoop-hdfs-3.2.0-tests.jar:/home/user/.m2/repository/org/eclipse/jetty/jetty-util-ajax/9.3.24.v20180605/jetty-util-ajax-9.3.24.v20180605.jar:/home/user/.m2/repository/commons-daemon/commons-daemon/1.0.13/commons-daemon-1.0.13.jar:/home/user/.m2/repository/io/netty/netty/3.10.5.Final/netty-3.10.5.Final.jar:/home/user/.m2/repository/io/netty/netty-all/4.0.52.Final/netty-all-4.0.52.Final.jar:/home/user/.m2/repository/org/fusesource/leveldbjni/leveldbjni-all/1.8/leveldbjni-all-1.8.jar:"/>
    <property name="java.vm.vendor" value="IcedTea"/>
    <property name="sun.arch.data.model" value="64"/>
    <property name="test.build.dir" value="/workdir/hadoop-ozone/integration-test/target/test-dir"/>
    <property name="test.cache.data" value=""/>
    <property name="java.vendor.url" value="https://icedtea.classpath.org"/>
    <property name="user.timezone" value=""/>
    <property name="java.vm.specification.version" value="1.8"/>
    <property name="os.name" value="Linux"/>
    <property name="test.build.data" value="/workdir/hadoop-ozone/integration-test/target/test-dir"/>
    <property name="user.country" value="US"/>
    <property name="sun.java.launcher" value="SUN_STANDARD"/>
    <property name="sun.boot.library.path" value="/usr/lib/jvm/java-1.8-openjdk/jre/lib/amd64"/>
    <property name="sun.java.command" value="/workdir/hadoop-ozone/integration-test/target/surefire/surefirebooter4020572897379643262.jar /workdir/hadoop-ozone/integration-test/target/surefire 2019-08-20T13-38-49_177-jvmRun1 surefire6900178621949020139tmp surefire_894590429887500324202tmp"/>
    <property name="test" value="!TestMiniChaosOzoneCluster"/>
    <property name="surefire.test.class.path" value="/workdir/hadoop-ozone/integration-test/target/test-classes:/workdir/hadoop-ozone/integration-test/target/classes:/home/user/.m2/repository/org/apache/hadoop/hadoop-ozone-common/0.5.0-SNAPSHOT/hadoop-ozone-common-0.5.0-SNAPSHOT.jar:/home/user/.m2/repository/org/apache/commons/commons-compress/1.4.1/commons-compress-1.4.1.jar:/home/user/.m2/repository/org/tukaani/xz/1.0/xz-1.0.jar:/home/user/.m2/repository/org/apache/hadoop/hadoop-common/3.2.0/hadoop-common-3.2.0.jar:/home/user/.m2/repository/org/apache/hadoop/hadoop-hdfs/3.2.0/hadoop-hdfs-3.2.0.jar:/home/user/.m2/repository/org/apache/hadoop/hadoop-hdfs-client/3.2.0/hadoop-hdfs-client-3.2.0.jar:/home/user/.m2/repository/com/fasterxml/jackson/core/jackson-annotations/2.9.5/jackson-annotations-2.9.5.jar:/home/user/.m2/repository/org/apache/hadoop/hadoop-hdds-common/0.5.0-SNAPSHOT/hadoop-hdds-common-0.5.0-SNAPSHOT.jar:/home/user/.m2/repository/javax/annotation/javax.annotation-api/1.2/javax.annotation-api-1.2.jar:/home/user/.m2/repository/org/apache/ratis/ratis-server/0.4.0-2337318-SNAPSHOT/ratis-server-0.4.0-2337318-SNAPSHOT.jar:/home/user/.m2/repository/org/apache/ratis/ratis-thirdparty-misc/0.2.0/ratis-thirdparty-misc-0.2.0.jar:/home/user/.m2/repository/org/apache/ratis/ratis-proto/0.4.0-2337318-SNAPSHOT/ratis-proto-0.4.0-2337318-SNAPSHOT.jar:/home/user/.m2/repository/org/apache/ratis/ratis-common/0.4.0-2337318-SNAPSHOT/ratis-common-0.4.0-2337318-SNAPSHOT.jar:/home/user/.m2/repository/org/apache/ratis/ratis-client/0.4.0-2337318-SNAPSHOT/ratis-client-0.4.0-2337318-SNAPSHOT.jar:/home/user/.m2/repository/org/apache/ratis/ratis-metrics/0.4.0-2337318-SNAPSHOT/ratis-metrics-0.4.0-2337318-SNAPSHOT.jar:/home/user/.m2/repository/org/apache/ratis/ratis-netty/0.4.0-2337318-SNAPSHOT/ratis-netty-0.4.0-2337318-SNAPSHOT.jar:/home/user/.m2/repository/org/apache/ratis/ratis-grpc/0.4.0-2337318-SNAPSHOT/ratis-grpc-0.4.0-2337318-SNAPSHOT.jar:/home/user/.m2/repository/org/rocksdb/rocksdbjni/6.0.1/rocksdbjni-6.0.1.jar:/home/user/.m2/repository/org/apache/logging/log4j/log4j-api/2.11.0/log4j-api-2.11.0.jar:/home/user/.m2/repository/org/apache/logging/log4j/log4j-core/2.11.0/log4j-core-2.11.0.jar:/home/user/.m2/repository/com/lmax/disruptor/3.4.2/disruptor-3.4.2.jar:/home/user/.m2/repository/org/apache/commons/commons-pool2/2.6.0/commons-pool2-2.6.0.jar:/home/user/.m2/repository/org/bouncycastle/bcpkix-jdk15on/1.60/bcpkix-jdk15on-1.60.jar:/home/user/.m2/repository/commons-validator/commons-validator/1.6/commons-validator-1.6.jar:/home/user/.m2/repository/commons-digester/commons-digester/1.8.1/commons-digester-1.8.1.jar:/home/user/.m2/repository/io/jaegertracing/jaeger-client/0.33.1/jaeger-client-0.33.1.jar:/home/user/.m2/repository/io/jaegertracing/jaeger-thrift/0.33.1/jaeger-thrift-0.33.1.jar:/home/user/.m2/repository/org/apache/thrift/libthrift/0.11.0/libthrift-0.11.0.jar:/home/user/.m2/repository/com/squareup/okhttp3/okhttp/3.9.0/okhttp-3.9.0.jar:/home/user/.m2/repository/com/squareup/okio/okio/1.13.0/okio-1.13.0.jar:/home/user/.m2/repository/io/jaegertracing/jaeger-core/0.33.1/jaeger-core-0.33.1.jar:/home/user/.m2/repository/io/jaegertracing/jaeger-tracerresolver/0.33.1/jaeger-tracerresolver-0.33.1.jar:/home/user/.m2/repository/io/opentracing/contrib/opentracing-tracerresolver/0.1.5/opentracing-tracerresolver-0.1.5.jar:/home/user/.m2/repository/io/opentracing/opentracing-util/0.31.0/opentracing-util-0.31.0.jar:/home/user/.m2/repository/io/opentracing/opentracing-api/0.31.0/opentracing-api-0.31.0.jar:/home/user/.m2/repository/io/opentracing/opentracing-noop/0.31.0/opentracing-noop-0.31.0.jar:/home/user/.m2/repository/org/apache/hadoop/hadoop-hdds-server-framework/0.5.0-SNAPSHOT/hadoop-hdds-server-framework-0.5.0-SNAPSHOT.jar:/home/user/.m2/repository/org/apache/hadoop/hadoop-hdds-container-service/0.5.0-SNAPSHOT/hadoop-hdds-container-service-0.5.0-SNAPSHOT.jar:/home/user/.m2/repository/org/apache/hadoop/hadoop-hdds-client/0.5.0-SNAPSHOT/hadoop-hdds-client-0.5.0-SNAPSHOT.jar:/home/user/.m2/repository/org/apache/hadoop/hadoop-hdds-tools/0.5.0-SNAPSHOT/hadoop-hdds-tools-0.5.0-SNAPSHOT.jar:/home/user/.m2/repository/org/apache/hadoop/hadoop-hdds-server-scm/0.5.0-SNAPSHOT/hadoop-hdds-server-scm-0.5.0-SNAPSHOT.jar:/home/user/.m2/repository/org/apache/hadoop/hadoop-hdds-docs/0.5.0-SNAPSHOT/hadoop-hdds-docs-0.5.0-SNAPSHOT.jar:/home/user/.m2/repository/io/dropwizard/metrics/metrics-core/3.2.4/metrics-core-3.2.4.jar:/home/user/.m2/repository/org/hamcrest/hamcrest-all/1.3/hamcrest-all-1.3.jar:/home/user/.m2/repository/org/bouncycastle/bcprov-jdk15on/1.60/bcprov-jdk15on-1.60.jar:/home/user/.m2/repository/info/picocli/picocli/3.9.6/picocli-3.9.6.jar:/home/user/.m2/repository/com/google/protobuf/protobuf-java/2.5.0/protobuf-java-2.5.0.jar:/home/user/.m2/repository/com/google/guava/guava/11.0.2/guava-11.0.2.jar:/home/user/.m2/repository/org/apache/hadoop/hadoop-ozone-ozone-manager/0.5.0-SNAPSHOT/hadoop-ozone-ozone-manager-0.5.0-SNAPSHOT.jar:/home/user/.m2/repository/org/apache/hadoop/hadoop-minikdc/3.2.0/hadoop-minikdc-3.2.0.jar:/home/user/.m2/repository/commons-io/commons-io/2.5/commons-io-2.5.jar:/home/user/.m2/repository/org/apache/kerby/kerb-simplekdc/1.0.1/kerb-simplekdc-1.0.1.jar:/home/user/.m2/repository/org/apache/kerby/kerb-client/1.0.1/kerb-client-1.0.1.jar:/home/user/.m2/repository/org/apache/kerby/kerby-config/1.0.1/kerby-config-1.0.1.jar:/home/user/.m2/repository/org/apache/kerby/kerb-core/1.0.1/kerb-core-1.0.1.jar:/home/user/.m2/repository/org/apache/kerby/kerby-pkix/1.0.1/kerby-pkix-1.0.1.jar:/home/user/.m2/repository/org/apache/kerby/kerby-asn1/1.0.1/kerby-asn1-1.0.1.jar:/home/user/.m2/repository/org/apache/kerby/kerby-util/1.0.1/kerby-util-1.0.1.jar:/home/user/.m2/repository/org/apache/kerby/kerb-common/1.0.1/kerb-common-1.0.1.jar:/home/user/.m2/repository/org/apache/kerby/kerb-crypto/1.0.1/kerb-crypto-1.0.1.jar:/home/user/.m2/repository/org/apache/kerby/kerb-util/1.0.1/kerb-util-1.0.1.jar:/home/user/.m2/repository/org/apache/kerby/token-provider/1.0.1/token-provider-1.0.1.jar:/home/user/.m2/repository/org/apache/kerby/kerb-admin/1.0.1/kerb-admin-1.0.1.jar:/home/user/.m2/repository/org/apache/kerby/kerb-server/1.0.1/kerb-server-1.0.1.jar:/home/user/.m2/repository/org/apache/kerby/kerb-identity/1.0.1/kerb-identity-1.0.1.jar:/home/user/.m2/repository/org/apache/kerby/kerby-xdr/1.0.1/kerby-xdr-1.0.1.jar:/home/user/.m2/repository/org/slf4j/slf4j-log4j12/1.7.25/slf4j-log4j12-1.7.25.jar:/home/user/.m2/repository/org/apache/hadoop/hadoop-ozone-objectstore-service/0.5.0-SNAPSHOT/hadoop-ozone-objectstore-service-0.5.0-SNAPSHOT.jar:/home/user/.m2/repository/org/apache/hadoop/hadoop-ozone-s3gateway/0.5.0-SNAPSHOT/hadoop-ozone-s3gateway-0.5.0-SNAPSHOT.jar:/home/user/.m2/repository/org/jboss/weld/servlet/weld-servlet/2.4.7.Final/weld-servlet-2.4.7.Final.jar:/home/user/.m2/repository/org/glassfish/jersey/containers/jersey-container-servlet-core/2.27/jersey-container-servlet-core-2.27.jar:/home/user/.m2/repository/org/glassfish/hk2/external/javax.inject/2.5.0-b42/javax.inject-2.5.0-b42.jar:/home/user/.m2/repository/org/glassfish/jersey/core/jersey-common/2.27/jersey-common-2.27.jar:/home/user/.m2/repository/org/glassfish/hk2/osgi-resource-locator/1.0.1/osgi-resource-locator-1.0.1.jar:/home/user/.m2/repository/javax/ws/rs/javax.ws.rs-api/2.1/javax.ws.rs-api-2.1.jar:/home/user/.m2/repository/org/glassfish/jersey/ext/cdi/jersey-cdi1x/2.27/jersey-cdi1x-2.27.jar:/home/user/.m2/repository/org/glassfish/jersey/inject/jersey-hk2/2.27/jersey-hk2-2.27.jar:/home/user/.m2/repository/org/glassfish/hk2/hk2-locator/2.5.0-b42/hk2-locator-2.5.0-b42.jar:/home/user/.m2/repository/org/javassist/javassist/3.22.0-CR2/javassist-3.22.0-CR2.jar:/home/user/.m2/repository/org/glassfish/hk2/hk2-api/2.5.0/hk2-api-2.5.0.jar:/home/user/.m2/repository/org/glassfish/hk2/external/jakarta.inject/2.5.0/jakarta.inject-2.5.0.jar:/home/user/.m2/repository/org/glassfish/hk2/hk2-utils/2.5.0/hk2-utils-2.5.0.jar:/home/user/.m2/repository/jakarta/annotation/jakarta.annotation-api/1.3.4/jakarta.annotation-api-1.3.4.jar:/home/user/.m2/repository/org/glassfish/hk2/external/aopalliance-repackaged/2.5.0/aopalliance-repackaged-2.5.0.jar:/home/user/.m2/repository/com/fasterxml/jackson/dataformat/jackson-dataformat-xml/2.9.0/jackson-dataformat-xml-2.9.0.jar:/home/user/.m2/repository/com/fasterxml/jackson/core/jackson-core/2.9.5/jackson-core-2.9.5.jar:/home/user/.m2/repository/com/fasterxml/jackson/module/jackson-module-jaxb-annotations/2.9.5/jackson-module-jaxb-annotations-2.9.5.jar:/home/user/.m2/repository/javax/enterprise/cdi-api/1.2/cdi-api-1.2.jar:/home/user/.m2/repository/javax/el/javax.el-api/3.0.0/javax.el-api-3.0.0.jar:/home/user/.m2/repository/javax/interceptor/javax.interceptor-api/1.2/javax.interceptor-api-1.2.jar:/home/user/.m2/repository/javax/inject/javax.inject/1/javax.inject-1.jar:/home/user/.m2/repository/com/sun/xml/bind/jaxb-impl/2.3.0.1/jaxb-impl-2.3.0.1.jar:/home/user/.m2/repository/com/sun/xml/bind/jaxb-core/2.3.0.1/jaxb-core-2.3.0.1.jar:/home/user/.m2/repository/javax/xml/bind/jaxb-api/2.3.0/jaxb-api-2.3.0.jar:/home/user/.m2/repository/javax/activation/activation/1.1.1/activation-1.1.1.jar:/home/user/.m2/repository/org/apache/hadoop/hadoop-ozone-csi/0.5.0-SNAPSHOT/hadoop-ozone-csi-0.5.0-SNAPSHOT.jar:/home/user/.m2/repository/com/google/protobuf/protobuf-java-util/3.5.1/protobuf-java-util-3.5.1.jar:/home/user/.m2/repository/org/apache/hadoop/hadoop-hdds-config/0.5.0-SNAPSHOT/hadoop-hdds-config-0.5.0-SNAPSHOT.jar:/home/user/.m2/repository/io/grpc/grpc-netty/1.17.1/grpc-netty-1.17.1.jar:/home/user/.m2/repository/io/grpc/grpc-core/1.17.1/grpc-core-1.17.1.jar:/home/user/.m2/repository/io/grpc/grpc-context/1.17.1/grpc-context-1.17.1.jar:/home/user/.m2/repository/com/google/errorprone/error_prone_annotations/2.2.0/error_prone_annotations-2.2.0.jar:/home/user/.m2/repository/org/codehaus/mojo/animal-sniffer-annotations/1.17/animal-sniffer-annotations-1.17.jar:/home/user/.m2/repository/io/opencensus/opencensus-api/0.17.0/opencensus-api-0.17.0.jar:/home/user/.m2/repository/io/opencensus/opencensus-contrib-grpc-metrics/0.17.0/opencensus-contrib-grpc-metrics-0.17.0.jar:/home/user/.m2/repository/io/netty/netty-codec-http2/4.1.30.Final/netty-codec-http2-4.1.30.Final.jar:/home/user/.m2/repository/io/netty/netty-codec-http/4.1.30.Final/netty-codec-http-4.1.30.Final.jar:/home/user/.m2/repository/io/netty/netty-codec/4.1.30.Final/netty-codec-4.1.30.Final.jar:/home/user/.m2/repository/io/netty/netty-handler/4.1.30.Final/netty-handler-4.1.30.Final.jar:/home/user/.m2/repository/io/netty/netty-handler-proxy/4.1.30.Final/netty-handler-proxy-4.1.30.Final.jar:/home/user/.m2/repository/io/netty/netty-codec-socks/4.1.30.Final/netty-codec-socks-4.1.30.Final.jar:/home/user/.m2/repository/io/netty/netty-transport-native-epoll/4.1.30.Final/netty-transport-native-epoll-4.1.30.Final.jar:/home/user/.m2/repository/io/netty/netty-common/4.1.30.Final/netty-common-4.1.30.Final.jar:/home/user/.m2/repository/io/netty/netty-buffer/4.1.30.Final/netty-buffer-4.1.30.Final.jar:/home/user/.m2/repository/io/netty/netty-transport/4.1.30.Final/netty-transport-4.1.30.Final.jar:/home/user/.m2/repository/io/netty/netty-resolver/4.1.30.Final/netty-resolver-4.1.30.Final.jar:/home/user/.m2/repository/io/netty/netty-transport-native-unix-common/4.1.30.Final/netty-transport-native-unix-common-4.1.30.Final.jar:/home/user/.m2/repository/io/grpc/grpc-protobuf/1.17.1/grpc-protobuf-1.17.1.jar:/home/user/.m2/repository/com/google/api/grpc/proto-google-common-protos/1.0.0/proto-google-common-protos-1.0.0.jar:/home/user/.m2/repository/io/grpc/grpc-protobuf-lite/1.17.1/grpc-protobuf-lite-1.17.1.jar:/home/user/.m2/repository/io/grpc/grpc-stub/1.17.1/grpc-stub-1.17.1.jar:/home/user/.m2/repository/org/apache/hadoop/hadoop-ozone-recon/0.5.0-SNAPSHOT/hadoop-ozone-recon-0.5.0-SNAPSHOT.jar:/home/user/.m2/repository/org/apache/hadoop/hadoop-ozone-reconcodegen/0.5.0-SNAPSHOT/hadoop-ozone-reconcodegen-0.5.0-SNAPSHOT.jar:/home/user/.m2/repository/com/google/inject/extensions/guice-multibindings/4.0/guice-multibindings-4.0.jar:/home/user/.m2/repository/com/google/inject/guice/4.0/guice-4.0.jar:/home/user/.m2/repository/aopalliance/aopalliance/1.0/aopalliance-1.0.jar:/home/user/.m2/repository/com/google/inject/extensions/guice-servlet/4.0/guice-servlet-4.0.jar:/home/user/.m2/repository/org/glassfish/jersey/containers/jersey-container-servlet/2.27/jersey-container-servlet-2.27.jar:/home/user/.m2/repository/org/glassfish/hk2/guice-bridge/2.5.0/guice-bridge-2.5.0.jar:/home/user/.m2/repository/org/glassfish/jersey/core/jersey-server/2.27/jersey-server-2.27.jar:/home/user/.m2/repository/org/glassfish/jersey/core/jersey-client/2.27/jersey-client-2.27.jar:/home/user/.m2/repository/org/glassfish/jersey/media/jersey-media-jaxb/2.27/jersey-media-jaxb-2.27.jar:/home/user/.m2/repository/javax/validation/validation-api/1.1.0.Final/validation-api-1.1.0.Final.jar:/home/user/.m2/repository/org/glassfish/jersey/media/jersey-media-json-jackson/2.27/jersey-media-json-jackson-2.27.jar:/home/user/.m2/repository/org/glassfish/jersey/ext/jersey-entity-filtering/2.27/jersey-entity-filtering-2.27.jar:/home/user/.m2/repository/com/google/inject/extensions/guice-assistedinject/4.0/guice-assistedinject-4.0.jar:/home/user/.m2/repository/org/jooq/jooq/3.11.10/jooq-3.11.10.jar:/home/user/.m2/repository/org/jooq/jooq-meta/3.11.10/jooq-meta-3.11.10.jar:/home/user/.m2/repository/org/jooq/jooq-codegen/3.11.10/jooq-codegen-3.11.10.jar:/home/user/.m2/repository/com/jolbox/bonecp/0.8.0.RELEASE/bonecp-0.8.0.RELEASE.jar:/home/user/.m2/repository/org/xerial/sqlite-jdbc/3.25.2/sqlite-jdbc-3.25.2.jar:/home/user/.m2/repository/org/springframework/spring-jdbc/5.1.3.RELEASE/spring-jdbc-5.1.3.RELEASE.jar:/home/user/.m2/repository/org/springframework/spring-beans/5.1.3.RELEASE/spring-beans-5.1.3.RELEASE.jar:/home/user/.m2/repository/org/springframework/spring-core/5.1.3.RELEASE/spring-core-5.1.3.RELEASE.jar:/home/user/.m2/repository/org/springframework/spring-jcl/5.1.3.RELEASE/spring-jcl-5.1.3.RELEASE.jar:/home/user/.m2/repository/org/springframework/spring-tx/5.1.3.RELEASE/spring-tx-5.1.3.RELEASE.jar:/home/user/.m2/repository/org/apache/hadoop/hadoop-ozone-client/0.5.0-SNAPSHOT/hadoop-ozone-client-0.5.0-SNAPSHOT.jar:/home/user/.m2/repository/commons-lang/commons-lang/2.6/commons-lang-2.6.jar:/home/user/.m2/repository/org/apache/hadoop/hadoop-ozone-ozone-manager/0.5.0-SNAPSHOT/hadoop-ozone-ozone-manager-0.5.0-SNAPSHOT-tests.jar:/home/user/.m2/repository/junit/junit/4.11/junit-4.11.jar:/home/user/.m2/repository/org/hamcrest/hamcrest-core/1.3/hamcrest-core-1.3.jar:/home/user/.m2/repository/org/openjdk/jmh/jmh-core/1.19/jmh-core-1.19.jar:/home/user/.m2/repository/net/sf/jopt-simple/jopt-simple/4.6/jopt-simple-4.6.jar:/home/user/.m2/repository/org/apache/commons/commons-math3/3.1.1/commons-math3-3.1.1.jar:/home/user/.m2/repository/org/openjdk/jmh/jmh-generator-annprocess/1.19/jmh-generator-annprocess-1.19.jar:/home/user/.m2/repository/org/mockito/mockito-all/1.8.5/mockito-all-1.8.5.jar:/home/user/.m2/repository/org/apache/hadoop/hadoop-kms/3.2.0/hadoop-kms-3.2.0.jar:/home/user/.m2/repository/org/apache/hadoop/hadoop-auth/3.2.0/hadoop-auth-3.2.0.jar:/home/user/.m2/repository/com/nimbusds/nimbus-jose-jwt/4.41.1/nimbus-jose-jwt-4.41.1.jar:/home/user/.m2/repository/com/github/stephenc/jcip/jcip-annotations/1.0-1/jcip-annotations-1.0-1.jar:/home/user/.m2/repository/net/minidev/json-smart/2.3/json-smart-2.3.jar:/home/user/.m2/repository/net/minidev/accessors-smart/1.2/accessors-smart-1.2.jar:/home/user/.m2/repository/org/ow2/asm/asm/5.0.4/asm-5.0.4.jar:/home/user/.m2/repository/org/apache/curator/curator-framework/2.12.0/curator-framework-2.12.0.jar:/home/user/.m2/repository/com/sun/jersey/jersey-core/1.19/jersey-core-1.19.jar:/home/user/.m2/repository/javax/ws/rs/jsr311-api/1.1.1/jsr311-api-1.1.1.jar:/home/user/.m2/repository/com/sun/jersey/jersey-server/1.19/jersey-server-1.19.jar:/home/user/.m2/repository/javax/servlet/javax.servlet-api/3.1.0/javax.servlet-api-3.1.0.jar:/home/user/.m2/repository/org/eclipse/jetty/jetty-server/9.3.24.v20180605/jetty-server-9.3.24.v20180605.jar:/home/user/.m2/repository/org/eclipse/jetty/jetty-http/9.3.24.v20180605/jetty-http-9.3.24.v20180605.jar:/home/user/.m2/repository/org/eclipse/jetty/jetty-io/9.3.24.v20180605/jetty-io-9.3.24.v20180605.jar:/home/user/.m2/repository/org/eclipse/jetty/jetty-webapp/9.3.24.v20180605/jetty-webapp-9.3.24.v20180605.jar:/home/user/.m2/repository/org/eclipse/jetty/jetty-xml/9.3.24.v20180605/jetty-xml-9.3.24.v20180605.jar:/home/user/.m2/repository/log4j/log4j/1.2.17/log4j-1.2.17.jar:/home/user/.m2/repository/org/slf4j/slf4j-api/1.7.25/slf4j-api-1.7.25.jar:/home/user/.m2/repository/org/slf4j/jul-to-slf4j/1.7.25/jul-to-slf4j-1.7.25.jar:/home/user/.m2/repository/org/eclipse/jetty/jetty-util/9.3.24.v20180605/jetty-util-9.3.24.v20180605.jar:/home/user/.m2/repository/com/fasterxml/jackson/core/jackson-databind/2.9.5/jackson-databind-2.9.5.jar:/home/user/.m2/repository/org/apache/hadoop/hadoop-kms/3.2.0/hadoop-kms-3.2.0-tests.jar:/home/user/.m2/repository/org/apache/hadoop/hadoop-hdds-server-scm/0.5.0-SNAPSHOT/hadoop-hdds-server-scm-0.5.0-SNAPSHOT-tests.jar:/home/user/.m2/repository/org/apache/hadoop/hadoop-hdds-container-service/0.5.0-SNAPSHOT/hadoop-hdds-container-service-0.5.0-SNAPSHOT-tests.jar:/home/user/.m2/repository/org/yaml/snakeyaml/1.16/snakeyaml-1.16.jar:/home/user/.m2/repository/org/apache/hadoop/hadoop-common/3.2.0/hadoop-common-3.2.0-tests.jar:/home/user/.m2/repository/org/apache/hadoop/hadoop-annotations/3.2.0/hadoop-annotations-3.2.0.jar:/usr/lib/jvm/java-1.8-openjdk/jre/../lib/tools.jar:/home/user/.m2/repository/commons-cli/commons-cli/1.2/commons-cli-1.2.jar:/home/user/.m2/repository/org/apache/httpcomponents/httpclient/4.5.2/httpclient-4.5.2.jar:/home/user/.m2/repository/org/apache/httpcomponents/httpcore/4.4.4/httpcore-4.4.4.jar:/home/user/.m2/repository/commons-codec/commons-codec/1.11/commons-codec-1.11.jar:/home/user/.m2/repository/commons-net/commons-net/3.6/commons-net-3.6.jar:/home/user/.m2/repository/commons-collections/commons-collections/3.2.2/commons-collections-3.2.2.jar:/home/user/.m2/repository/org/eclipse/jetty/jetty-servlet/9.3.24.v20180605/jetty-servlet-9.3.24.v20180605.jar:/home/user/.m2/repository/org/eclipse/jetty/jetty-security/9.3.24.v20180605/jetty-security-9.3.24.v20180605.jar:/home/user/.m2/repository/javax/servlet/jsp/jsp-api/2.1/jsp-api-2.1.jar:/home/user/.m2/repository/com/sun/jersey/jersey-servlet/1.19/jersey-servlet-1.19.jar:/home/user/.m2/repository/com/sun/jersey/jersey-json/1.19/jersey-json-1.19.jar:/home/user/.m2/repository/org/codehaus/jettison/jettison/1.1/jettison-1.1.jar:/home/user/.m2/repository/org/codehaus/jackson/jackson-core-asl/1.9.13/jackson-core-asl-1.9.13.jar:/home/user/.m2/repository/org/codehaus/jackson/jackson-mapper-asl/1.9.13/jackson-mapper-asl-1.9.13.jar:/home/user/.m2/repository/org/codehaus/jackson/jackson-jaxrs/1.9.13/jackson-jaxrs-1.9.13.jar:/home/user/.m2/repository/org/codehaus/jackson/jackson-xc/1.9.13/jackson-xc-1.9.13.jar:/home/user/.m2/repository/commons-logging/commons-logging/1.1.3/commons-logging-1.1.3.jar:/home/user/.m2/repository/commons-beanutils/commons-beanutils/1.9.3/commons-beanutils-1.9.3.jar:/home/user/.m2/repository/org/apache/commons/commons-configuration2/2.1.1/commons-configuration2-2.1.1.jar:/home/user/.m2/repository/org/apache/commons/commons-lang3/3.7/commons-lang3-3.7.jar:/home/user/.m2/repository/org/apache/commons/commons-text/1.4/commons-text-1.4.jar:/home/user/.m2/repository/org/apache/avro/avro/1.7.7/avro-1.7.7.jar:/home/user/.m2/repository/com/thoughtworks/paranamer/paranamer/2.3/paranamer-2.3.jar:/home/user/.m2/repository/org/xerial/snappy/snappy-java/1.0.5/snappy-java-1.0.5.jar:/home/user/.m2/repository/com/google/re2j/re2j/1.1/re2j-1.1.jar:/home/user/.m2/repository/com/google/code/gson/gson/2.2.4/gson-2.2.4.jar:/home/user/.m2/repository/com/jcraft/jsch/0.1.54/jsch-0.1.54.jar:/home/user/.m2/repository/org/apache/curator/curator-client/2.12.0/curator-client-2.12.0.jar:/home/user/.m2/repository/org/apache/curator/curator-recipes/2.12.0/curator-recipes-2.12.0.jar:/home/user/.m2/repository/com/google/code/findbugs/jsr305/3.0.0/jsr305-3.0.0.jar:/home/user/.m2/repository/org/apache/htrace/htrace-core4/4.1.0-incubating/htrace-core4-4.1.0-incubating.jar:/home/user/.m2/repository/org/apache/zookeeper/zookeeper/3.4.13/zookeeper-3.4.13.jar:/home/user/.m2/repository/org/apache/yetus/audience-annotations/0.5.0/audience-annotations-0.5.0.jar:/home/user/.m2/repository/org/codehaus/woodstox/stax2-api/3.1.4/stax2-api-3.1.4.jar:/home/user/.m2/repository/com/fasterxml/woodstox/woodstox-core/5.0.3/woodstox-core-5.0.3.jar:/home/user/.m2/repository/dnsjava/dnsjava/2.1.7/dnsjava-2.1.7.jar:/home/user/.m2/repository/org/apache/hadoop/hadoop-hdfs/3.2.0/hadoop-hdfs-3.2.0-tests.jar:/home/user/.m2/repository/org/eclipse/jetty/jetty-util-ajax/9.3.24.v20180605/jetty-util-ajax-9.3.24.v20180605.jar:/home/user/.m2/repository/commons-daemon/commons-daemon/1.0.13/commons-daemon-1.0.13.jar:/home/user/.m2/repository/io/netty/netty/3.10.5.Final/netty-3.10.5.Final.jar:/home/user/.m2/repository/io/netty/netty-all/4.0.52.Final/netty-all-4.0.52.Final.jar:/home/user/.m2/repository/org/fusesource/leveldbjni/leveldbjni-all/1.8/leveldbjni-all-1.8.jar:"/>
    <property name="sun.cpu.endian" value="little"/>
    <property name="user.home" value="/home/user"/>
    <property name="user.language" value="en"/>
    <property name="java.specification.vendor" value="Oracle Corporation"/>
    <property name="java.home" value="/usr/lib/jvm/java-1.8-openjdk/jre"/>
    <property name="java.security.krb5.conf" value="/workdir/hadoop-ozone/integration-test/target/test-classes/krb5.conf"/>
    <property name="basedir" value="/workdir/hadoop-ozone/integration-test"/>
    <property name="file.separator" value="/"/>
    <property name="line.separator" value="&#10;"/>
    <property name="java.vm.specification.vendor" value="Oracle Corporation"/>
    <property name="java.specification.name" value="Java Platform API Specification"/>
    <property name="java.awt.graphicsenv" value="sun.awt.X11GraphicsEnvironment"/>
    <property name="surefire.real.class.path" value="/workdir/hadoop-ozone/integration-test/target/surefire/surefirebooter4020572897379643262.jar"/>
    <property name="hadoop.log.dir" value="/workdir/hadoop-ozone/integration-test/target/log"/>
    <property name="sun.boot.class.path" value="/usr/lib/jvm/java-1.8-openjdk/jre/lib/resources.jar:/usr/lib/jvm/java-1.8-openjdk/jre/lib/rt.jar:/usr/lib/jvm/java-1.8-openjdk/jre/lib/sunrsasign.jar:/usr/lib/jvm/java-1.8-openjdk/jre/lib/jsse.jar:/usr/lib/jvm/java-1.8-openjdk/jre/lib/jce.jar:/usr/lib/jvm/java-1.8-openjdk/jre/lib/charsets.jar:/usr/lib/jvm/java-1.8-openjdk/jre/lib/jfr.jar:/usr/lib/jvm/java-1.8-openjdk/jre/classes"/>
    <property name="sun.management.compiler" value="HotSpot 64-Bit Tiered Compilers"/>
    <property name="java.runtime.version" value="1.8.0_212-b04"/>
    <property name="java.net.preferIPv4Stack" value="true"/>
    <property name="user.name" value="jenkins1000"/>
    <property name="path.separator" value=":"/>
    <property name="java.security.egd" value="file:///dev/urandom"/>
    <property name="os.version" value="3.10.0-957.12.2.el7.x86_64"/>
    <property name="java.endorsed.dirs" value="/usr/lib/jvm/java-1.8-openjdk/jre/lib/endorsed"/>
    <property name="java.runtime.name" value="OpenJDK Runtime Environment"/>
    <property name="file.encoding" value="UTF-8"/>
    <property name="java.vm.name" value="OpenJDK 64-Bit Server VM"/>
    <property name="test.build.webapps" value=""/>
    <property name="localRepository" value="/home/user/.m2/repository"/>
    <property name="java.vendor.url.bug" value="https://icedtea.classpath.org/bugzilla"/>
    <property name="java.io.tmpdir" value="/tmp"/>
    <property name="require.test.libhadoop" value=""/>
    <property name="java.version" value="1.8.0_212"/>
    <property name="user.dir" value="/workdir/hadoop-ozone/integration-test"/>
    <property name="os.arch" value="amd64"/>
    <property name="java.vm.specification.name" value="Java Virtual Machine Specification"/>
    <property name="test.build.classes" value="/workdir/hadoop-ozone/integration-test/target/test-classes"/>
    <property name="java.awt.printerjob" value="sun.print.PSPrinterJob"/>
    <property name="sun.os.patch.level" value="unknown"/>
    <property name="hadoop.tmp.dir" value="/workdir/hadoop-ozone/integration-test/target/tmp"/>
    <property name="java.library.path" value="/usr/lib/jvm/java-1.8-openjdk/jre/lib/amd64/server:/usr/lib/jvm/java-1.8-openjdk/jre/lib/amd64:/usr/lib/jvm/java-1.8-openjdk/jre/../lib/amd64:/workdir/hadoop-ozone/integration-test/target/native/target/usr/local/lib:/workdir/hadoop-ozone/integration-test/../../hadoop-common-project/hadoop-common/target/native/target/usr/local/lib:/usr/java/packages/lib/amd64:/usr/lib64:/lib64:/lib:/usr/lib"/>
    <property name="java.vm.info" value="mixed mode"/>
    <property name="java.vendor" value="IcedTea"/>
    <property name="java.vm.version" value="25.212-b04"/>
    <property name="java.ext.dirs" value="/usr/lib/jvm/java-1.8-openjdk/jre/lib/ext:/usr/java/packages/lib/ext"/>
    <property name="sun.io.unicode.encoding" value="UnicodeLittle"/>
    <property name="java.class.version" value="52.0"/>
  </properties>
  <testcase name="testAutomaticPipelineCreationOnPipelineDestroy" classname="org.apache.hadoop.hdds.scm.pipeline.TestRatisPipelineCreateAndDestory" time="28.98"/>
  <testcase name="testPipelineCreationOnNodeRestart" classname="org.apache.hadoop.hdds.scm.pipeline.TestRatisPipelineCreateAndDestory" time="40.53">
    <error message="test timed out after 30000 milliseconds" type="java.lang.Exception">java.lang.Exception: test timed out after 30000 milliseconds
	at java.lang.Thread.sleep(Native Method)
	at org.apache.hadoop.test.GenericTestUtils.waitFor(GenericTestUtils.java:382)
	at org.apache.hadoop.hdds.scm.pipeline.TestRatisPipelineCreateAndDestory.waitForPipelines(TestRatisPipelineCreateAndDestory.java:126)
	at org.apache.hadoop.hdds.scm.pipeline.TestRatisPipelineCreateAndDestory.testPipelineCreationOnNodeRestart(TestRatisPipelineCreateAndDestory.java:121)
	at sun.reflect.NativeMethodAccessorImpl.invoke0(Native Method)
	at sun.reflect.NativeMethodAccessorImpl.invoke(NativeMethodAccessorImpl.java:62)
	at sun.reflect.DelegatingMethodAccessorImpl.invoke(DelegatingMethodAccessorImpl.java:43)
	at java.lang.reflect.Method.invoke(Method.java:498)
	at org.junit.runners.model.FrameworkMethod$1.runReflectiveCall(FrameworkMethod.java:47)
	at org.junit.internal.runners.model.ReflectiveCallable.run(ReflectiveCallable.java:12)
	at org.junit.runners.model.FrameworkMethod.invokeExplosively(FrameworkMethod.java:44)
	at org.junit.internal.runners.statements.InvokeMethod.evaluate(InvokeMethod.java:17)
	at org.junit.internal.runners.statements.FailOnTimeout$StatementThread.run(FailOnTimeout.java:74)
</error>
    <system-out><![CDATA[2019-08-20 15:23:33,894 [Thread-329] WARN  server.ServerUtils (ServerUtils.java:getScmDbDir(145)) - ozone.scm.db.dirs is not configured. We recommend adding this setting. Falling back to ozone.metadata.dirs instead.
2019-08-20 15:23:33,941 [Thread-329] WARN  server.ServerUtils (ServerUtils.java:getScmDbDir(145)) - ozone.scm.db.dirs is not configured. We recommend adding this setting. Falling back to ozone.metadata.dirs instead.
2019-08-20 15:23:33,942 [Thread-329] WARN  server.ServerUtils (ServerUtils.java:getScmDbDir(145)) - ozone.scm.db.dirs is not configured. We recommend adding this setting. Falling back to ozone.metadata.dirs instead.
2019-08-20 15:23:33,942 [Thread-329] INFO  db.DBStoreBuilder (DBStoreBuilder.java:addTable(110)) - using custom profile for table: deletedBlocks
2019-08-20 15:23:33,943 [Thread-329] INFO  db.DBStoreBuilder (DBStoreBuilder.java:processTables(161)) - Using default column profile:DBProfile.DISK for Table:deletedBlocks
2019-08-20 15:23:33,943 [Thread-329] INFO  db.DBStoreBuilder (DBStoreBuilder.java:addTable(110)) - using custom profile for table: validCerts
2019-08-20 15:23:33,943 [Thread-329] INFO  db.DBStoreBuilder (DBStoreBuilder.java:processTables(161)) - Using default column profile:DBProfile.DISK for Table:validCerts
2019-08-20 15:23:33,943 [Thread-329] INFO  db.DBStoreBuilder (DBStoreBuilder.java:addTable(110)) - using custom profile for table: revokedCerts
2019-08-20 15:23:33,943 [Thread-329] INFO  db.DBStoreBuilder (DBStoreBuilder.java:processTables(161)) - Using default column profile:DBProfile.DISK for Table:revokedCerts
2019-08-20 15:23:33,944 [Thread-329] INFO  db.DBStoreBuilder (DBStoreBuilder.java:addTable(110)) - using custom profile for table: default
2019-08-20 15:23:33,944 [Thread-329] INFO  db.DBStoreBuilder (DBStoreBuilder.java:processTables(167)) - Using default column profile:DBProfile.DISK for Table:default
2019-08-20 15:23:33,944 [Thread-329] INFO  db.DBStoreBuilder (DBStoreBuilder.java:getDbProfile(198)) - Using default options. DBProfile.DISK
2019-08-20 15:23:34,306 [Thread-329] INFO  net.NodeSchemaLoader (NodeSchemaLoader.java:loadSchemaFromFile(125)) - Loading file from sun.misc.CompoundEnumeration@692f5a5
2019-08-20 15:23:34,306 [Thread-329] INFO  net.NodeSchemaLoader (NodeSchemaLoader.java:loadSchema(171)) - Loading network topology layer schema file
2019-08-20 15:23:34,311 [Thread-329] INFO  node.SCMNodeManager (SCMNodeManager.java:<init>(121)) - Entering startup safe mode.
2019-08-20 15:23:34,312 [Thread-329] INFO  algorithms.ContainerPlacementPolicyFactory (ContainerPlacementPolicyFactory.java:getPolicy(55)) - Create container placement policy of type org.apache.hadoop.hdds.scm.container.placement.algorithms.SCMContainerPlacementRandom
2019-08-20 15:23:34,312 [Thread-329] WARN  server.ServerUtils (ServerUtils.java:getScmDbDir(145)) - ozone.scm.db.dirs is not configured. We recommend adding this setting. Falling back to ozone.metadata.dirs instead.
2019-08-20 15:23:34,420 [Thread-329] INFO  pipeline.SCMPipelineManager (SCMPipelineManager.java:initializePipelineState(126)) - No pipeline exists in current db
2019-08-20 15:23:34,420 [Thread-329] WARN  server.ServerUtils (ServerUtils.java:getScmDbDir(145)) - ozone.scm.db.dirs is not configured. We recommend adding this setting. Falling back to ozone.metadata.dirs instead.
2019-08-20 15:23:34,508 [Thread-329] WARN  events.EventQueue (EventQueue.java:fireEvent(175)) - No event handler registered for event TypedEvent{payloadType=SafeModeStatus, name='SafeModeStatus'}
2019-08-20 15:23:34,510 [Thread-329] INFO  ipc.CallQueueManager (CallQueueManager.java:<init>(84)) - Using callQueue: class java.util.concurrent.LinkedBlockingQueue, queueCapacity: 2000, scheduler: class org.apache.hadoop.ipc.DefaultRpcScheduler, ipcBackoff: false.
2019-08-20 15:23:34,511 [Socket Reader #1 for port 38014] INFO  ipc.Server (Server.java:run(1074)) - Starting Socket Reader #1 for port 38014
2019-08-20 15:23:34,512 [Thread-329] INFO  ipc.CallQueueManager (CallQueueManager.java:<init>(84)) - Using callQueue: class java.util.concurrent.LinkedBlockingQueue, queueCapacity: 2000, scheduler: class org.apache.hadoop.ipc.DefaultRpcScheduler, ipcBackoff: false.
2019-08-20 15:23:34,513 [Socket Reader #1 for port 39268] INFO  ipc.Server (Server.java:run(1074)) - Starting Socket Reader #1 for port 39268
2019-08-20 15:23:34,515 [Thread-329] INFO  ipc.CallQueueManager (CallQueueManager.java:<init>(84)) - Using callQueue: class java.util.concurrent.LinkedBlockingQueue, queueCapacity: 2000, scheduler: class org.apache.hadoop.ipc.DefaultRpcScheduler, ipcBackoff: false.
2019-08-20 15:23:34,515 [Socket Reader #1 for port 46134] INFO  ipc.Server (Server.java:run(1074)) - Starting Socket Reader #1 for port 46134
2019-08-20 15:23:34,517 [Thread-329] INFO  hdfs.DFSUtil (DFSUtil.java:httpServerTemplateForNNAndJN(1641)) - Starting Web-server for scm at: http://0.0.0.0:0
2019-08-20 15:23:34,519 [Thread-329] INFO  server.AuthenticationFilter (AuthenticationFilter.java:constructSecretProvider(240)) - Unable to initialize FileSignerSecretProvider, falling back to use random secrets.
2019-08-20 15:23:34,520 [Thread-329] WARN  http.HttpRequestLog (HttpRequestLog.java:getRequestLog(97)) - Jetty request log can only be enabled using Log4j
2019-08-20 15:23:34,521 [Thread-329] INFO  http.HttpServer2 (HttpServer2.java:addGlobalFilter(975)) - Added global filter 'safety' (class=org.apache.hadoop.http.HttpServer2$QuotingInputFilter)
2019-08-20 15:23:34,522 [Thread-329] INFO  http.HttpServer2 (HttpServer2.java:addFilter(948)) - Added filter static_user_filter (class=org.apache.hadoop.http.lib.StaticUserWebFilter$StaticUserFilter) to context scm
2019-08-20 15:23:34,522 [Thread-329] INFO  http.HttpServer2 (HttpServer2.java:addFilter(958)) - Added filter static_user_filter (class=org.apache.hadoop.http.lib.StaticUserWebFilter$StaticUserFilter) to context logs
2019-08-20 15:23:34,522 [Thread-329] INFO  http.HttpServer2 (HttpServer2.java:addFilter(958)) - Added filter static_user_filter (class=org.apache.hadoop.http.lib.StaticUserWebFilter$StaticUserFilter) to context static
2019-08-20 15:23:34,524 [Thread-329] INFO  server.StorageContainerManager (StorageContainerManager.java:start(759)) - StorageContainerLocationProtocol RPC server is listening at /0.0.0.0:46134
2019-08-20 15:23:34,526 [Thread-329] WARN  impl.MetricsConfig (MetricsConfig.java:loadFirst(134)) - Cannot locate configuration: tried hadoop-metrics2-storagecontainermanager.properties,hadoop-metrics2.properties
2019-08-20 15:23:34,526 [Thread-329] INFO  impl.MetricsSystemImpl (MetricsSystemImpl.java:startTimer(374)) - Scheduled Metric snapshot period at 10 second(s).
2019-08-20 15:23:34,527 [Thread-329] INFO  impl.MetricsSystemImpl (MetricsSystemImpl.java:start(191)) - StorageContainerManager metrics system started
2019-08-20 15:23:34,577 [Thread-329] INFO  server.SCMClientProtocolServer (SCMClientProtocolServer.java:start(151)) - RPC server for Client  is listening at /0.0.0.0:46134
2019-08-20 15:23:34,578 [IPC Server Responder] INFO  ipc.Server (Server.java:run(1314)) - IPC Server Responder: starting
2019-08-20 15:23:34,578 [IPC Server listener on 46134] INFO  ipc.Server (Server.java:run(1153)) - IPC Server listener on 46134: starting
2019-08-20 15:23:34,582 [Thread-329] INFO  server.StorageContainerManager (StorageContainerManager.java:start(769)) - ScmBlockLocationProtocol RPC server is listening at /0.0.0.0:39268
2019-08-20 15:23:34,582 [Thread-329] INFO  server.SCMBlockProtocolServer (SCMBlockProtocolServer.java:start(140)) - RPC server for Block Protocol is listening at /0.0.0.0:39268
2019-08-20 15:23:34,582 [IPC Server Responder] INFO  ipc.Server (Server.java:run(1314)) - IPC Server Responder: starting
2019-08-20 15:23:34,582 [IPC Server listener on 39268] INFO  ipc.Server (Server.java:run(1153)) - IPC Server listener on 39268: starting
2019-08-20 15:23:34,586 [Thread-329] INFO  server.StorageContainerManager (StorageContainerManager.java:start(773)) - ScmDatanodeProtocl RPC server is listening at /0.0.0.0:38014
2019-08-20 15:23:34,586 [Thread-329] INFO  server.SCMDatanodeProtocolServer (SCMDatanodeProtocolServer.java:start(191)) - RPC server for DataNodes is listening at /0.0.0.0:38014
2019-08-20 15:23:34,586 [IPC Server Responder] INFO  ipc.Server (Server.java:run(1314)) - IPC Server Responder: starting
2019-08-20 15:23:34,586 [IPC Server listener on 38014] INFO  ipc.Server (Server.java:run(1153)) - IPC Server listener on 38014: starting
2019-08-20 15:23:34,590 [Thread-329] INFO  http.HttpServer2 (HttpServer2.java:bindListener(1191)) - Jetty bound to port 38411
2019-08-20 15:23:34,590 [Thread-329] INFO  server.Server (Server.java:doStart(351)) - jetty-9.3.24.v20180605, build timestamp: 2018-06-05T17:11:56Z, git hash: 84205aa28f11a4f31f2a3b86d1bba2cc8ab69827
2019-08-20 15:23:34,592 [Thread-329] INFO  handler.ContextHandler (ContextHandler.java:doStart(781)) - Started o.e.j.s.ServletContextHandler@7afb8a9b{/logs,file:///workdir/hadoop-ozone/integration-test/target/log,AVAILABLE}
2019-08-20 15:23:34,593 [Thread-329] INFO  handler.ContextHandler (ContextHandler.java:doStart(781)) - Started o.e.j.s.ServletContextHandler@421f3769{/static,file:///workdir/hadoop-ozone/integration-test/target/test-classes/webapps/static,AVAILABLE}
2019-08-20 15:23:34,598 [Thread-329] INFO  handler.ContextHandler (ContextHandler.java:doStart(781)) - Started o.e.j.w.WebAppContext@6bd52b45{/,file:///workdir/hadoop-ozone/integration-test/target/test-classes/webapps/scm/,AVAILABLE}{/scm}
2019-08-20 15:23:34,598 [Thread-329] INFO  server.AbstractConnector (AbstractConnector.java:doStart(278)) - Started ServerConnector@20064e06{HTTP/1.1,[http/1.1]}{0.0.0.0:38411}
2019-08-20 15:23:34,599 [Thread-329] INFO  server.Server (Server.java:doStart(419)) - Started @30323ms
2019-08-20 15:23:34,600 [Thread-329] INFO  server.BaseHttpServer (BaseHttpServer.java:updateConnectorAddress(213)) - HTTP server of SCM is listening at http://0.0.0.0:38411
2019-08-20 15:23:34,601 [Thread-329] WARN  server.ServerUtils (ServerUtils.java:getDBPath(222)) - ozone.om.db.dirs is not configured. We recommend adding this setting. Falling back to ozone.metadata.dirs instead.
2019-08-20 15:23:34,601 [org.apache.hadoop.util.JvmPauseMonitor$Monitor@55af74bc] INFO  util.JvmPauseMonitor (JvmPauseMonitor.java:run(188)) - Starting JVM pause monitor
2019-08-20 15:23:34,623 [Thread-329] WARN  server.ServerUtils (ServerUtils.java:getDBPath(222)) - ozone.om.db.dirs is not configured. We recommend adding this setting. Falling back to ozone.metadata.dirs instead.
2019-08-20 15:23:34,624 [Thread-329] WARN  server.ServerUtils (ServerUtils.java:getDBPath(222)) - ozone.om.db.dirs is not configured. We recommend adding this setting. Falling back to ozone.metadata.dirs instead.
2019-08-20 15:23:34,624 [Thread-329] INFO  om.OzoneManager (OzoneManager.java:setOMNodeDetails(648)) - OM Service ID is not set. Setting it to the default ID: omServiceIdDefault
2019-08-20 15:23:34,625 [Thread-329] INFO  om.OzoneManager (OzoneManager.java:setOMNodeDetails(654)) - OM Node ID is not set. Setting it to the OmStorage's OmID: 322c57fa-4347-496d-ba0f-6d867d63ce06
2019-08-20 15:23:34,625 [Thread-329] INFO  om.OzoneManager (OzoneManager.java:loadOMHAConfigs(605)) - Found matching OM address with OMServiceId: null, OMNodeId: null, RPC Address: localhost:0 and Ratis port: 9872
2019-08-20 15:23:34,630 | INFO  | SCMAudit | user=jenkins1000 | ip=192.168.69.96 | op=GET_SCM_INFO null | ret=SUCCESS |  
2019-08-20 15:23:34,632 [Thread-329] WARN  server.ServerUtils (ServerUtils.java:getDBPath(222)) - ozone.om.db.dirs is not configured. We recommend adding this setting. Falling back to ozone.metadata.dirs instead.
2019-08-20 15:23:34,633 [Thread-329] INFO  db.DBStoreBuilder (DBStoreBuilder.java:addTable(110)) - using custom profile for table: userTable
2019-08-20 15:23:34,633 [Thread-329] INFO  db.DBStoreBuilder (DBStoreBuilder.java:processTables(161)) - Using default column profile:DBProfile.DISK for Table:userTable
2019-08-20 15:23:34,633 [Thread-329] INFO  db.DBStoreBuilder (DBStoreBuilder.java:addTable(110)) - using custom profile for table: volumeTable
2019-08-20 15:23:34,633 [Thread-329] INFO  db.DBStoreBuilder (DBStoreBuilder.java:processTables(161)) - Using default column profile:DBProfile.DISK for Table:volumeTable
2019-08-20 15:23:34,633 [Thread-329] INFO  db.DBStoreBuilder (DBStoreBuilder.java:addTable(110)) - using custom profile for table: bucketTable
2019-08-20 15:23:34,633 [Thread-329] INFO  db.DBStoreBuilder (DBStoreBuilder.java:processTables(161)) - Using default column profile:DBProfile.DISK for Table:bucketTable
2019-08-20 15:23:34,634 [Thread-329] INFO  db.DBStoreBuilder (DBStoreBuilder.java:addTable(110)) - using custom profile for table: keyTable
2019-08-20 15:23:34,634 [Thread-329] INFO  db.DBStoreBuilder (DBStoreBuilder.java:processTables(161)) - Using default column profile:DBProfile.DISK for Table:keyTable
2019-08-20 15:23:34,634 [Thread-329] INFO  db.DBStoreBuilder (DBStoreBuilder.java:addTable(110)) - using custom profile for table: deletedTable
2019-08-20 15:23:34,634 [Thread-329] INFO  db.DBStoreBuilder (DBStoreBuilder.java:processTables(161)) - Using default column profile:DBProfile.DISK for Table:deletedTable
2019-08-20 15:23:34,634 [Thread-329] INFO  db.DBStoreBuilder (DBStoreBuilder.java:addTable(110)) - using custom profile for table: openKeyTable
2019-08-20 15:23:34,634 [Thread-329] INFO  db.DBStoreBuilder (DBStoreBuilder.java:processTables(161)) - Using default column profile:DBProfile.DISK for Table:openKeyTable
2019-08-20 15:23:34,635 [Thread-329] INFO  db.DBStoreBuilder (DBStoreBuilder.java:addTable(110)) - using custom profile for table: s3Table
2019-08-20 15:23:34,635 [Thread-329] INFO  db.DBStoreBuilder (DBStoreBuilder.java:processTables(161)) - Using default column profile:DBProfile.DISK for Table:s3Table
2019-08-20 15:23:34,635 [Thread-329] INFO  db.DBStoreBuilder (DBStoreBuilder.java:addTable(110)) - using custom profile for table: multipartInfoTable
2019-08-20 15:23:34,635 [Thread-329] INFO  db.DBStoreBuilder (DBStoreBuilder.java:processTables(161)) - Using default column profile:DBProfile.DISK for Table:multipartInfoTable
2019-08-20 15:23:34,635 [Thread-329] INFO  db.DBStoreBuilder (DBStoreBuilder.java:addTable(110)) - using custom profile for table: dTokenTable
2019-08-20 15:23:34,635 [Thread-329] INFO  db.DBStoreBuilder (DBStoreBuilder.java:processTables(161)) - Using default column profile:DBProfile.DISK for Table:dTokenTable
2019-08-20 15:23:34,636 [Thread-329] INFO  db.DBStoreBuilder (DBStoreBuilder.java:addTable(110)) - using custom profile for table: s3SecretTable
2019-08-20 15:23:34,636 [Thread-329] INFO  db.DBStoreBuilder (DBStoreBuilder.java:processTables(161)) - Using default column profile:DBProfile.DISK for Table:s3SecretTable
2019-08-20 15:23:34,636 [Thread-329] INFO  db.DBStoreBuilder (DBStoreBuilder.java:addTable(110)) - using custom profile for table: prefixTable
2019-08-20 15:23:34,636 [Thread-329] INFO  db.DBStoreBuilder (DBStoreBuilder.java:processTables(161)) - Using default column profile:DBProfile.DISK for Table:prefixTable
2019-08-20 15:23:34,636 [Thread-329] INFO  db.DBStoreBuilder (DBStoreBuilder.java:addTable(110)) - using custom profile for table: default
2019-08-20 15:23:34,637 [Thread-329] INFO  db.DBStoreBuilder (DBStoreBuilder.java:processTables(167)) - Using default column profile:DBProfile.DISK for Table:default
2019-08-20 15:23:34,637 [Thread-329] INFO  db.DBStoreBuilder (DBStoreBuilder.java:getDbProfile(198)) - Using default options. DBProfile.DISK
2019-08-20 15:23:35,493 [Thread-329] INFO  ipc.CallQueueManager (CallQueueManager.java:<init>(84)) - Using callQueue: class java.util.concurrent.LinkedBlockingQueue, queueCapacity: 2000, scheduler: class org.apache.hadoop.ipc.DefaultRpcScheduler, ipcBackoff: false.
2019-08-20 15:23:35,494 [Socket Reader #1 for port 35938] INFO  ipc.Server (Server.java:run(1074)) - Starting Socket Reader #1 for port 35938
2019-08-20 15:23:35,506 [Thread-329] INFO  om.OzoneManager (OzoneManager.java:start(1259)) - OzoneManager RPC server is listening at localhost/127.0.0.1:35938
2019-08-20 15:23:35,506 [Thread-329] INFO  impl.MetricsSystemImpl (MetricsSystemImpl.java:init(158)) - OzoneManager metrics system started (again)
2019-08-20 15:23:35,507 [IPC Server Responder] INFO  ipc.Server (Server.java:run(1314)) - IPC Server Responder: starting
2019-08-20 15:23:35,507 [IPC Server listener on 35938] INFO  ipc.Server (Server.java:run(1153)) - IPC Server listener on 35938: starting
2019-08-20 15:23:35,512 [Thread-329] INFO  hdfs.DFSUtil (DFSUtil.java:httpServerTemplateForNNAndJN(1641)) - Starting Web-server for ozoneManager at: http://0.0.0.0:0
2019-08-20 15:23:35,514 [Thread-329] INFO  server.AuthenticationFilter (AuthenticationFilter.java:constructSecretProvider(240)) - Unable to initialize FileSignerSecretProvider, falling back to use random secrets.
2019-08-20 15:23:35,515 [Thread-329] WARN  http.HttpRequestLog (HttpRequestLog.java:getRequestLog(97)) - Jetty request log can only be enabled using Log4j
2019-08-20 15:23:35,518 [Thread-329] INFO  http.HttpServer2 (HttpServer2.java:addGlobalFilter(975)) - Added global filter 'safety' (class=org.apache.hadoop.http.HttpServer2$QuotingInputFilter)
2019-08-20 15:23:35,519 [Thread-329] INFO  http.HttpServer2 (HttpServer2.java:addFilter(948)) - Added filter static_user_filter (class=org.apache.hadoop.http.lib.StaticUserWebFilter$StaticUserFilter) to context ozoneManager
2019-08-20 15:23:35,519 [Thread-329] INFO  http.HttpServer2 (HttpServer2.java:addFilter(958)) - Added filter static_user_filter (class=org.apache.hadoop.http.lib.StaticUserWebFilter$StaticUserFilter) to context logs
2019-08-20 15:23:35,519 [Thread-329] INFO  http.HttpServer2 (HttpServer2.java:addFilter(958)) - Added filter static_user_filter (class=org.apache.hadoop.http.lib.StaticUserWebFilter$StaticUserFilter) to context static
2019-08-20 15:23:35,520 [Thread-329] INFO  http.HttpServer2 (HttpServer2.java:bindListener(1191)) - Jetty bound to port 39896
2019-08-20 15:23:35,520 [Thread-329] INFO  server.Server (Server.java:doStart(351)) - jetty-9.3.24.v20180605, build timestamp: 2018-06-05T17:11:56Z, git hash: 84205aa28f11a4f31f2a3b86d1bba2cc8ab69827
2019-08-20 15:23:35,522 [Thread-329] INFO  handler.ContextHandler (ContextHandler.java:doStart(781)) - Started o.e.j.s.ServletContextHandler@7c9d687b{/logs,file:///workdir/hadoop-ozone/integration-test/target/log,AVAILABLE}
2019-08-20 15:23:35,523 [Thread-329] INFO  handler.ContextHandler (ContextHandler.java:doStart(781)) - Started o.e.j.s.ServletContextHandler@4657e31d{/static,file:///workdir/hadoop-ozone/integration-test/target/test-classes/webapps/static,AVAILABLE}
2019-08-20 15:23:35,528 [Thread-329] INFO  handler.ContextHandler (ContextHandler.java:doStart(781)) - Started o.e.j.w.WebAppContext@75495e0f{/,file:///workdir/hadoop-ozone/integration-test/target/test-classes/webapps/ozoneManager/,AVAILABLE}{/ozoneManager}
2019-08-20 15:23:35,529 [Thread-329] INFO  server.AbstractConnector (AbstractConnector.java:doStart(278)) - Started ServerConnector@186c213{HTTP/1.1,[http/1.1]}{0.0.0.0:39896}
2019-08-20 15:23:35,530 [Thread-329] INFO  server.Server (Server.java:doStart(419)) - Started @31254ms
2019-08-20 15:23:35,531 [Thread-329] INFO  server.BaseHttpServer (BaseHttpServer.java:updateConnectorAddress(213)) - HTTP server of OZONEMANAGER is listening at http://0.0.0.0:39896
2019-08-20 15:23:35,586 [Thread-329] INFO  impl.MetricsSystemImpl (MetricsSystemImpl.java:init(158)) - HddsDatanode metrics system started (again)
2019-08-20 15:23:35,589 [Thread-329] INFO  ozone.HddsDatanodeService (HddsDatanodeService.java:start(184)) - HddsDatanodeService host:pr-hdds-1946lgncr-3764977478 ip:192.168.69.96
2019-08-20 15:23:35,600 [Thread-329] INFO  volume.HddsVolume (HddsVolume.java:<init>(176)) - Creating Volume: /workdir/hadoop-ozone/integration-test/target/test-dir/MiniOzoneClusterImpl-985c7318-59c1-459c-b117-5bea8fb64214/datanode-0/data/containers/hdds of  storage type : DISK and capacity : 1482555576320
2019-08-20 15:23:35,652 [Thread-329] INFO  volume.VolumeSet (VolumeSet.java:initializeVolumeSet(170)) - Added Volume : /workdir/hadoop-ozone/integration-test/target/test-dir/MiniOzoneClusterImpl-985c7318-59c1-459c-b117-5bea8fb64214/datanode-0/data/containers/hdds to VolumeSet
2019-08-20 15:23:35,652 [Thread-329] INFO  volume.ThrottledAsyncChecker (ThrottledAsyncChecker.java:schedule(140)) - Scheduling a check for org.apache.hadoop.ozone.container.common.volume.HddsVolume@d8293e0
2019-08-20 15:23:35,653 [Thread-329] INFO  volume.HddsVolumeChecker (HddsVolumeChecker.java:checkAllVolumes(203)) - Scheduled health check for volume org.apache.hadoop.ozone.container.common.volume.HddsVolume@d8293e0
2019-08-20 15:23:35,672 [Thread-329] INFO  impl.RaftServerProxy (ConfUtils.java:logGet(43)) - raft.rpc.type = GRPC (default)
2019-08-20 15:23:35,672 [Thread-329] INFO  grpc.GrpcFactory (GrpcFactory.java:checkPooledByteBufAllocatorUseCacheForAllThreads(45)) - PERFORMANCE WARNING: useCacheForAllThreads is true that may cause Netty to create a lot garbage objects and, as a result, trigger GC.
	It is recommended to disable useCacheForAllThreads by setting -Dorg.apache.ratis.thirdparty.io.netty.allocator.useCacheForAllThreads=false in command line.
2019-08-20 15:23:35,673 [Thread-329] INFO  grpc.GrpcConfigKeys$Server (ConfUtils.java:logGet(43)) - raft.grpc.server.port = 0 (default)
2019-08-20 15:23:35,673 [Thread-329] INFO  server.GrpcService (ConfUtils.java:logGet(43)) - raft.grpc.message.size.max = 33570816 (custom)
2019-08-20 15:23:35,673 [Thread-329] INFO  server.RaftServerConfigKeys (ConfUtils.java:logGet(43)) - raft.server.log.appender.buffer.byte-limit = 33554432 (custom)
2019-08-20 15:23:35,674 [Thread-329] INFO  server.GrpcService (ConfUtils.java:logGet(43)) - raft.grpc.flow.control.window = 1MB (=1048576) (default)
2019-08-20 15:23:35,674 [Thread-329] INFO  server.RaftServerConfigKeys (ConfUtils.java:logGet(43)) - raft.server.rpc.request.timeout = 3000ms (default)
2019-08-20 15:23:35,674 [Thread-329] INFO  server.RaftServerConfigKeys (ConfUtils.java:logGet(43)) - raft.server.storage.dir = [/workdir/hadoop-ozone/integration-test/target/test-dir/MiniOzoneClusterImpl-985c7318-59c1-459c-b117-5bea8fb64214/datanode-0/data/ratis] (custom)
2019-08-20 15:23:35,675 [Thread-329] INFO  replication.SimpleContainerDownloader (SimpleContainerDownloader.java:<init>(72)) - Starting container downloader service to copy containers to replicate.
2019-08-20 15:23:35,676 [Thread-329] INFO  hdfs.DFSUtil (DFSUtil.java:httpServerTemplateForNNAndJN(1641)) - Starting Web-server for hddsDatanode at: http://0.0.0.0:0
2019-08-20 15:23:35,678 [Thread-329] INFO  server.AuthenticationFilter (AuthenticationFilter.java:constructSecretProvider(240)) - Unable to initialize FileSignerSecretProvider, falling back to use random secrets.
2019-08-20 15:23:35,678 [Thread-329] WARN  http.HttpRequestLog (HttpRequestLog.java:getRequestLog(97)) - Jetty request log can only be enabled using Log4j
2019-08-20 15:23:35,680 [Thread-329] INFO  http.HttpServer2 (HttpServer2.java:addGlobalFilter(975)) - Added global filter 'safety' (class=org.apache.hadoop.http.HttpServer2$QuotingInputFilter)
2019-08-20 15:23:35,681 [Thread-329] INFO  http.HttpServer2 (HttpServer2.java:addFilter(948)) - Added filter static_user_filter (class=org.apache.hadoop.http.lib.StaticUserWebFilter$StaticUserFilter) to context hddsDatanode
2019-08-20 15:23:35,681 [Thread-329] INFO  http.HttpServer2 (HttpServer2.java:addFilter(958)) - Added filter static_user_filter (class=org.apache.hadoop.http.lib.StaticUserWebFilter$StaticUserFilter) to context logs
2019-08-20 15:23:35,681 [Thread-329] INFO  http.HttpServer2 (HttpServer2.java:addFilter(958)) - Added filter static_user_filter (class=org.apache.hadoop.http.lib.StaticUserWebFilter$StaticUserFilter) to context static
2019-08-20 15:23:35,682 [Thread-329] INFO  http.HttpServer2 (HttpServer2.java:bindListener(1191)) - Jetty bound to port 45902
2019-08-20 15:23:35,682 [Thread-329] INFO  server.Server (Server.java:doStart(351)) - jetty-9.3.24.v20180605, build timestamp: 2018-06-05T17:11:56Z, git hash: 84205aa28f11a4f31f2a3b86d1bba2cc8ab69827
2019-08-20 15:23:35,684 [Thread-329] INFO  handler.ContextHandler (ContextHandler.java:doStart(781)) - Started o.e.j.s.ServletContextHandler@4e8e829c{/logs,file:///workdir/hadoop-ozone/integration-test/target/log,AVAILABLE}
2019-08-20 15:23:35,685 [Thread-329] INFO  handler.ContextHandler (ContextHandler.java:doStart(781)) - Started o.e.j.s.ServletContextHandler@3b892b8c{/static,jar:file:/home/user/.m2/repository/org/apache/hadoop/hadoop-hdds-container-service/0.5.0-SNAPSHOT/hadoop-hdds-container-service-0.5.0-SNAPSHOT.jar!/webapps/static,AVAILABLE}
2019-08-20 15:23:35,729 [Thread-329] INFO  handler.ContextHandler (ContextHandler.java:doStart(781)) - Started o.e.j.w.WebAppContext@171cb42b{/,file:///tmp/jetty-0.0.0.0-45902-hddsDatanode-_-any-392559144431036749.dir/webapp/,AVAILABLE}{/hddsDatanode}
2019-08-20 15:23:35,730 [Thread-329] INFO  server.AbstractConnector (AbstractConnector.java:doStart(278)) - Started ServerConnector@373cde8a{HTTP/1.1,[http/1.1]}{0.0.0.0:45902}
2019-08-20 15:23:35,731 [Thread-329] INFO  server.Server (Server.java:doStart(419)) - Started @31455ms
2019-08-20 15:23:35,732 [Thread-329] INFO  server.BaseHttpServer (BaseHttpServer.java:updateConnectorAddress(213)) - HTTP server of HDDSDATANODE is listening at http://0.0.0.0:45902
2019-08-20 15:23:35,912 | INFO  | ObjectStoreRestHttpServer | Listening HDDS REST traffic on /0.0.0.0:39915 |  
2019-08-20 15:23:35,912 [Thread-329] INFO  ozone.HddsDatanodeService (HddsDatanodeService.java:startPlugins(395)) - Started plug-in org.apache.hadoop.ozone.web.OzoneHddsDatanodeService@e1b69f5
2019-08-20 15:23:35,912 [Thread-329] INFO  impl.MetricsSystemImpl (MetricsSystemImpl.java:init(158)) - HddsDatanode metrics system started (again)
2019-08-20 15:23:35,915 [org.apache.hadoop.util.JvmPauseMonitor$Monitor@55730616] INFO  util.JvmPauseMonitor (JvmPauseMonitor.java:run(188)) - Starting JVM pause monitor
2019-08-20 15:23:35,916 [Thread-329] INFO  ozone.HddsDatanodeService (HddsDatanodeService.java:start(184)) - HddsDatanodeService host:pr-hdds-1946lgncr-3764977478 ip:192.168.69.96
2019-08-20 15:23:35,917 [Datanode State Machine Thread - 0] INFO  datanode.InitDatanodeState (InitDatanodeState.java:persistContainerDatanodeDetails(140)) - DatanodeDetails is persisted to /workdir/hadoop-ozone/integration-test/target/test-dir/MiniOzoneClusterImpl-985c7318-59c1-459c-b117-5bea8fb64214/datanode-0/meta/datanode.id
2019-08-20 15:23:35,922 [Thread-329] INFO  volume.HddsVolume (HddsVolume.java:<init>(176)) - Creating Volume: /workdir/hadoop-ozone/integration-test/target/test-dir/MiniOzoneClusterImpl-985c7318-59c1-459c-b117-5bea8fb64214/datanode-1/data/containers/hdds of  storage type : DISK and capacity : 1482555576320
2019-08-20 15:23:35,922 [Thread-329] INFO  volume.VolumeSet (VolumeSet.java:initializeVolumeSet(170)) - Added Volume : /workdir/hadoop-ozone/integration-test/target/test-dir/MiniOzoneClusterImpl-985c7318-59c1-459c-b117-5bea8fb64214/datanode-1/data/containers/hdds to VolumeSet
2019-08-20 15:23:35,923 [Thread-329] INFO  volume.ThrottledAsyncChecker (ThrottledAsyncChecker.java:schedule(140)) - Scheduling a check for org.apache.hadoop.ozone.container.common.volume.HddsVolume@26a592ad
2019-08-20 15:23:35,923 [Thread-329] INFO  volume.HddsVolumeChecker (HddsVolumeChecker.java:checkAllVolumes(203)) - Scheduled health check for volume org.apache.hadoop.ozone.container.common.volume.HddsVolume@26a592ad
2019-08-20 15:23:35,946 [Thread-329] INFO  impl.RaftServerProxy (ConfUtils.java:logGet(43)) - raft.rpc.type = GRPC (default)
2019-08-20 15:23:35,946 [Thread-329] INFO  grpc.GrpcFactory (GrpcFactory.java:checkPooledByteBufAllocatorUseCacheForAllThreads(45)) - PERFORMANCE WARNING: useCacheForAllThreads is true that may cause Netty to create a lot garbage objects and, as a result, trigger GC.
	It is recommended to disable useCacheForAllThreads by setting -Dorg.apache.ratis.thirdparty.io.netty.allocator.useCacheForAllThreads=false in command line.
2019-08-20 15:23:35,946 [Thread-329] INFO  grpc.GrpcConfigKeys$Server (ConfUtils.java:logGet(43)) - raft.grpc.server.port = 0 (default)
2019-08-20 15:23:35,946 [Thread-329] INFO  server.GrpcService (ConfUtils.java:logGet(43)) - raft.grpc.message.size.max = 33570816 (custom)
2019-08-20 15:23:35,946 [Thread-329] INFO  server.RaftServerConfigKeys (ConfUtils.java:logGet(43)) - raft.server.log.appender.buffer.byte-limit = 33554432 (custom)
2019-08-20 15:23:35,947 [Thread-329] INFO  server.GrpcService (ConfUtils.java:logGet(43)) - raft.grpc.flow.control.window = 1MB (=1048576) (default)
2019-08-20 15:23:35,947 [Thread-329] INFO  server.RaftServerConfigKeys (ConfUtils.java:logGet(43)) - raft.server.rpc.request.timeout = 3000ms (default)
2019-08-20 15:23:35,948 [Thread-329] INFO  server.RaftServerConfigKeys (ConfUtils.java:logGet(43)) - raft.server.storage.dir = [/workdir/hadoop-ozone/integration-test/target/test-dir/MiniOzoneClusterImpl-985c7318-59c1-459c-b117-5bea8fb64214/datanode-1/data/ratis] (custom)
2019-08-20 15:23:35,948 [Thread-329] INFO  replication.SimpleContainerDownloader (SimpleContainerDownloader.java:<init>(72)) - Starting container downloader service to copy containers to replicate.
2019-08-20 15:23:35,949 [Thread-329] INFO  hdfs.DFSUtil (DFSUtil.java:httpServerTemplateForNNAndJN(1641)) - Starting Web-server for hddsDatanode at: http://0.0.0.0:0
2019-08-20 15:23:35,951 [Thread-329] INFO  server.AuthenticationFilter (AuthenticationFilter.java:constructSecretProvider(240)) - Unable to initialize FileSignerSecretProvider, falling back to use random secrets.
2019-08-20 15:23:35,951 [Thread-329] WARN  http.HttpRequestLog (HttpRequestLog.java:getRequestLog(97)) - Jetty request log can only be enabled using Log4j
2019-08-20 15:23:35,954 [Thread-329] INFO  http.HttpServer2 (HttpServer2.java:addGlobalFilter(975)) - Added global filter 'safety' (class=org.apache.hadoop.http.HttpServer2$QuotingInputFilter)
2019-08-20 15:23:35,954 [Thread-329] INFO  http.HttpServer2 (HttpServer2.java:addFilter(948)) - Added filter static_user_filter (class=org.apache.hadoop.http.lib.StaticUserWebFilter$StaticUserFilter) to context hddsDatanode
2019-08-20 15:23:35,955 [Thread-329] INFO  http.HttpServer2 (HttpServer2.java:addFilter(958)) - Added filter static_user_filter (class=org.apache.hadoop.http.lib.StaticUserWebFilter$StaticUserFilter) to context logs
2019-08-20 15:23:35,955 [Thread-329] INFO  http.HttpServer2 (HttpServer2.java:addFilter(958)) - Added filter static_user_filter (class=org.apache.hadoop.http.lib.StaticUserWebFilter$StaticUserFilter) to context static
2019-08-20 15:23:35,956 [Thread-329] INFO  http.HttpServer2 (HttpServer2.java:bindListener(1191)) - Jetty bound to port 45163
2019-08-20 15:23:35,956 [Thread-329] INFO  server.Server (Server.java:doStart(351)) - jetty-9.3.24.v20180605, build timestamp: 2018-06-05T17:11:56Z, git hash: 84205aa28f11a4f31f2a3b86d1bba2cc8ab69827
2019-08-20 15:23:35,958 [Thread-329] INFO  handler.ContextHandler (ContextHandler.java:doStart(781)) - Started o.e.j.s.ServletContextHandler@5ff3a08b{/logs,file:///workdir/hadoop-ozone/integration-test/target/log,AVAILABLE}
2019-08-20 15:23:35,959 [Thread-329] INFO  handler.ContextHandler (ContextHandler.java:doStart(781)) - Started o.e.j.s.ServletContextHandler@933681d{/static,jar:file:/home/user/.m2/repository/org/apache/hadoop/hadoop-hdds-container-service/0.5.0-SNAPSHOT/hadoop-hdds-container-service-0.5.0-SNAPSHOT.jar!/webapps/static,AVAILABLE}
2019-08-20 15:23:36,000 [Thread-329] INFO  handler.ContextHandler (ContextHandler.java:doStart(781)) - Started o.e.j.w.WebAppContext@58910ab{/,file:///tmp/jetty-0.0.0.0-45163-hddsDatanode-_-any-1250464949946890018.dir/webapp/,AVAILABLE}{/hddsDatanode}
2019-08-20 15:23:36,000 [Thread-329] INFO  server.AbstractConnector (AbstractConnector.java:doStart(278)) - Started ServerConnector@7f00d8bd{HTTP/1.1,[http/1.1]}{0.0.0.0:45163}
2019-08-20 15:23:36,002 [Thread-329] INFO  server.Server (Server.java:doStart(419)) - Started @31726ms
2019-08-20 15:23:36,003 [Thread-329] INFO  server.BaseHttpServer (BaseHttpServer.java:updateConnectorAddress(213)) - HTTP server of HDDSDATANODE is listening at http://0.0.0.0:45163
2019-08-20 15:23:36,174 | INFO  | ObjectStoreRestHttpServer | Listening HDDS REST traffic on /0.0.0.0:38966 |  
2019-08-20 15:23:36,174 [Thread-329] INFO  ozone.HddsDatanodeService (HddsDatanodeService.java:startPlugins(395)) - Started plug-in org.apache.hadoop.ozone.web.OzoneHddsDatanodeService@522fb260
2019-08-20 15:23:36,174 [Thread-329] INFO  impl.MetricsSystemImpl (MetricsSystemImpl.java:init(158)) - HddsDatanode metrics system started (again)
2019-08-20 15:23:36,178 [Thread-329] INFO  ozone.HddsDatanodeService (HddsDatanodeService.java:start(184)) - HddsDatanodeService host:pr-hdds-1946lgncr-3764977478 ip:192.168.69.96
2019-08-20 15:23:36,178 [org.apache.hadoop.util.JvmPauseMonitor$Monitor@b3614ec] INFO  util.JvmPauseMonitor (JvmPauseMonitor.java:run(188)) - Starting JVM pause monitor
2019-08-20 15:23:36,180 [Datanode State Machine Thread - 0] INFO  datanode.InitDatanodeState (InitDatanodeState.java:persistContainerDatanodeDetails(140)) - DatanodeDetails is persisted to /workdir/hadoop-ozone/integration-test/target/test-dir/MiniOzoneClusterImpl-985c7318-59c1-459c-b117-5bea8fb64214/datanode-1/meta/datanode.id
2019-08-20 15:23:36,185 [Thread-329] INFO  volume.HddsVolume (HddsVolume.java:<init>(176)) - Creating Volume: /workdir/hadoop-ozone/integration-test/target/test-dir/MiniOzoneClusterImpl-985c7318-59c1-459c-b117-5bea8fb64214/datanode-2/data/containers/hdds of  storage type : DISK and capacity : 1482555576320
2019-08-20 15:23:36,186 [Thread-329] INFO  volume.VolumeSet (VolumeSet.java:initializeVolumeSet(170)) - Added Volume : /workdir/hadoop-ozone/integration-test/target/test-dir/MiniOzoneClusterImpl-985c7318-59c1-459c-b117-5bea8fb64214/datanode-2/data/containers/hdds to VolumeSet
2019-08-20 15:23:36,186 [Thread-329] INFO  volume.ThrottledAsyncChecker (ThrottledAsyncChecker.java:schedule(140)) - Scheduling a check for org.apache.hadoop.ozone.container.common.volume.HddsVolume@65b29442
2019-08-20 15:23:36,186 [Thread-329] INFO  volume.HddsVolumeChecker (HddsVolumeChecker.java:checkAllVolumes(203)) - Scheduled health check for volume org.apache.hadoop.ozone.container.common.volume.HddsVolume@65b29442
2019-08-20 15:23:36,202 [Thread-329] INFO  impl.RaftServerProxy (ConfUtils.java:logGet(43)) - raft.rpc.type = GRPC (default)
2019-08-20 15:23:36,203 [Thread-329] INFO  grpc.GrpcFactory (GrpcFactory.java:checkPooledByteBufAllocatorUseCacheForAllThreads(45)) - PERFORMANCE WARNING: useCacheForAllThreads is true that may cause Netty to create a lot garbage objects and, as a result, trigger GC.
	It is recommended to disable useCacheForAllThreads by setting -Dorg.apache.ratis.thirdparty.io.netty.allocator.useCacheForAllThreads=false in command line.
2019-08-20 15:23:36,203 [Thread-329] INFO  grpc.GrpcConfigKeys$Server (ConfUtils.java:logGet(43)) - raft.grpc.server.port = 0 (default)
2019-08-20 15:23:36,203 [Thread-329] INFO  server.GrpcService (ConfUtils.java:logGet(43)) - raft.grpc.message.size.max = 33570816 (custom)
2019-08-20 15:23:36,203 [Thread-329] INFO  server.RaftServerConfigKeys (ConfUtils.java:logGet(43)) - raft.server.log.appender.buffer.byte-limit = 33554432 (custom)
2019-08-20 15:23:36,204 [Thread-329] INFO  server.GrpcService (ConfUtils.java:logGet(43)) - raft.grpc.flow.control.window = 1MB (=1048576) (default)
2019-08-20 15:23:36,204 [Thread-329] INFO  server.RaftServerConfigKeys (ConfUtils.java:logGet(43)) - raft.server.rpc.request.timeout = 3000ms (default)
2019-08-20 15:23:36,204 [Thread-329] INFO  server.RaftServerConfigKeys (ConfUtils.java:logGet(43)) - raft.server.storage.dir = [/workdir/hadoop-ozone/integration-test/target/test-dir/MiniOzoneClusterImpl-985c7318-59c1-459c-b117-5bea8fb64214/datanode-2/data/ratis] (custom)
2019-08-20 15:23:36,205 [Thread-329] INFO  replication.SimpleContainerDownloader (SimpleContainerDownloader.java:<init>(72)) - Starting container downloader service to copy containers to replicate.
2019-08-20 15:23:36,206 [Thread-329] INFO  hdfs.DFSUtil (DFSUtil.java:httpServerTemplateForNNAndJN(1641)) - Starting Web-server for hddsDatanode at: http://0.0.0.0:0
2019-08-20 15:23:36,207 [Thread-329] INFO  server.AuthenticationFilter (AuthenticationFilter.java:constructSecretProvider(240)) - Unable to initialize FileSignerSecretProvider, falling back to use random secrets.
2019-08-20 15:23:36,208 [Thread-329] WARN  http.HttpRequestLog (HttpRequestLog.java:getRequestLog(97)) - Jetty request log can only be enabled using Log4j
2019-08-20 15:23:36,210 [Thread-329] INFO  http.HttpServer2 (HttpServer2.java:addGlobalFilter(975)) - Added global filter 'safety' (class=org.apache.hadoop.http.HttpServer2$QuotingInputFilter)
2019-08-20 15:23:36,210 [Thread-329] INFO  http.HttpServer2 (HttpServer2.java:addFilter(948)) - Added filter static_user_filter (class=org.apache.hadoop.http.lib.StaticUserWebFilter$StaticUserFilter) to context hddsDatanode
2019-08-20 15:23:36,210 [Thread-329] INFO  http.HttpServer2 (HttpServer2.java:addFilter(958)) - Added filter static_user_filter (class=org.apache.hadoop.http.lib.StaticUserWebFilter$StaticUserFilter) to context logs
2019-08-20 15:23:36,211 [Thread-329] INFO  http.HttpServer2 (HttpServer2.java:addFilter(958)) - Added filter static_user_filter (class=org.apache.hadoop.http.lib.StaticUserWebFilter$StaticUserFilter) to context static
2019-08-20 15:23:36,211 [Thread-329] INFO  http.HttpServer2 (HttpServer2.java:bindListener(1191)) - Jetty bound to port 42497
2019-08-20 15:23:36,211 [Thread-329] INFO  server.Server (Server.java:doStart(351)) - jetty-9.3.24.v20180605, build timestamp: 2018-06-05T17:11:56Z, git hash: 84205aa28f11a4f31f2a3b86d1bba2cc8ab69827
2019-08-20 15:23:36,214 [Thread-329] INFO  handler.ContextHandler (ContextHandler.java:doStart(781)) - Started o.e.j.s.ServletContextHandler@546e5750{/logs,file:///workdir/hadoop-ozone/integration-test/target/log,AVAILABLE}
2019-08-20 15:23:36,215 [Thread-329] INFO  handler.ContextHandler (ContextHandler.java:doStart(781)) - Started o.e.j.s.ServletContextHandler@3e968258{/static,jar:file:/home/user/.m2/repository/org/apache/hadoop/hadoop-hdds-container-service/0.5.0-SNAPSHOT/hadoop-hdds-container-service-0.5.0-SNAPSHOT.jar!/webapps/static,AVAILABLE}
2019-08-20 15:23:36,251 [Thread-329] INFO  handler.ContextHandler (ContextHandler.java:doStart(781)) - Started o.e.j.w.WebAppContext@79308359{/,file:///tmp/jetty-0.0.0.0-42497-hddsDatanode-_-any-1920357259356021927.dir/webapp/,AVAILABLE}{/hddsDatanode}
2019-08-20 15:23:36,252 [Thread-329] INFO  server.AbstractConnector (AbstractConnector.java:doStart(278)) - Started ServerConnector@305ec0a5{HTTP/1.1,[http/1.1]}{0.0.0.0:42497}
2019-08-20 15:23:36,253 [Thread-329] INFO  server.Server (Server.java:doStart(419)) - Started @31977ms
2019-08-20 15:23:36,254 [Thread-329] INFO  server.BaseHttpServer (BaseHttpServer.java:updateConnectorAddress(213)) - HTTP server of HDDSDATANODE is listening at http://0.0.0.0:42497
2019-08-20 15:23:36,417 | INFO  | ObjectStoreRestHttpServer | Listening HDDS REST traffic on /0.0.0.0:34816 |  
2019-08-20 15:23:36,417 [Thread-329] INFO  ozone.HddsDatanodeService (HddsDatanodeService.java:startPlugins(395)) - Started plug-in org.apache.hadoop.ozone.web.OzoneHddsDatanodeService@6ab34605
2019-08-20 15:23:36,418 [Thread-329] INFO  ozone.MiniOzoneClusterImpl (MiniOzoneClusterImpl.java:lambda$waitForClusterToBeReady$0(142)) - Waiting for cluster to be ready. Got 0 of 3 DN Heartbeats.
2019-08-20 15:23:36,421 [org.apache.hadoop.util.JvmPauseMonitor$Monitor@574dcd65] INFO  util.JvmPauseMonitor (JvmPauseMonitor.java:run(188)) - Starting JVM pause monitor
2019-08-20 15:23:36,423 [Datanode State Machine Thread - 0] INFO  datanode.InitDatanodeState (InitDatanodeState.java:persistContainerDatanodeDetails(140)) - DatanodeDetails is persisted to /workdir/hadoop-ozone/integration-test/target/test-dir/MiniOzoneClusterImpl-985c7318-59c1-459c-b117-5bea8fb64214/datanode-2/meta/datanode.id
2019-08-20 15:23:37,419 [Thread-329] INFO  ozone.MiniOzoneClusterImpl (MiniOzoneClusterImpl.java:lambda$waitForClusterToBeReady$0(142)) - Waiting for cluster to be ready. Got 0 of 3 DN Heartbeats.
2019-08-20 15:23:37,919 | INFO  | SCMAudit | user=jenkins1000 | ip=192.168.69.96 | op=GET_VERSION null | ret=SUCCESS |  
2019-08-20 15:23:37,936 [Datanode State Machine Thread - 0] INFO  ozoneimpl.OzoneContainer (OzoneContainer.java:start(186)) - Attempting to start container services.
2019-08-20 15:23:37,938 [Datanode State Machine Thread - 0] INFO  ozoneimpl.OzoneContainer (OzoneContainer.java:startContainerScrub(160)) - Background container scrubber has been disabled by hdds.containerscrub.enabled
2019-08-20 15:23:37,938 [Datanode State Machine Thread - 0] INFO  ratis.XceiverServerRatis (XceiverServerRatis.java:start(404)) - Starting XceiverServerRatis 79059cc4-1000-433d-b8f6-bb136447d900 at port 0
2019-08-20 15:23:37,947 [Datanode State Machine Thread - 0] INFO  impl.RaftServerProxy (RaftServerProxy.java:lambda$start$3(299)) - 79059cc4-1000-433d-b8f6-bb136447d900: start RPC server
2019-08-20 15:23:37,950 [Datanode State Machine Thread - 0] INFO  server.GrpcService (GrpcService.java:startImpl(149)) - 79059cc4-1000-433d-b8f6-bb136447d900: GrpcService started, listening on 0.0.0.0/0.0.0.0:42288
2019-08-20 15:23:37,950 [Datanode State Machine Thread - 0] INFO  ratis.XceiverServerRatis (XceiverServerRatis.java:start(414)) - XceiverServerRatis 79059cc4-1000-433d-b8f6-bb136447d900 is started using port 42288
2019-08-20 15:23:37,951 [Datanode State Machine Thread - 0] INFO  server.XceiverServerGrpc (XceiverServerGrpc.java:start(161)) - XceiverServerGrpc 79059cc4-1000-433d-b8f6-bb136447d900 is started using port 46312
2019-08-20 15:23:38,179 | INFO  | SCMAudit | user=jenkins1000 | ip=192.168.69.96 | op=GET_VERSION null | ret=SUCCESS |  
2019-08-20 15:23:38,215 [Datanode State Machine Thread - 0] INFO  ozoneimpl.OzoneContainer (OzoneContainer.java:start(186)) - Attempting to start container services.
2019-08-20 15:23:38,215 [Datanode State Machine Thread - 0] INFO  ozoneimpl.OzoneContainer (OzoneContainer.java:startContainerScrub(160)) - Background container scrubber has been disabled by hdds.containerscrub.enabled
2019-08-20 15:23:38,215 [Datanode State Machine Thread - 0] INFO  ratis.XceiverServerRatis (XceiverServerRatis.java:start(404)) - Starting XceiverServerRatis 1ab56027-920f-45ef-b012-dea18e451f4d at port 0
2019-08-20 15:23:38,223 [Datanode State Machine Thread - 0] INFO  impl.RaftServerProxy (RaftServerProxy.java:lambda$start$3(299)) - 1ab56027-920f-45ef-b012-dea18e451f4d: start RPC server
2019-08-20 15:23:38,225 [Datanode State Machine Thread - 0] INFO  server.GrpcService (GrpcService.java:startImpl(149)) - 1ab56027-920f-45ef-b012-dea18e451f4d: GrpcService started, listening on 0.0.0.0/0.0.0.0:41729
2019-08-20 15:23:38,225 [Datanode State Machine Thread - 0] INFO  ratis.XceiverServerRatis (XceiverServerRatis.java:start(414)) - XceiverServerRatis 1ab56027-920f-45ef-b012-dea18e451f4d is started using port 41729
2019-08-20 15:23:38,226 [Datanode State Machine Thread - 0] INFO  server.XceiverServerGrpc (XceiverServerGrpc.java:start(161)) - XceiverServerGrpc 1ab56027-920f-45ef-b012-dea18e451f4d is started using port 37150
2019-08-20 15:23:38,420 [Thread-329] INFO  ozone.MiniOzoneClusterImpl (MiniOzoneClusterImpl.java:lambda$waitForClusterToBeReady$0(142)) - Waiting for cluster to be ready. Got 0 of 3 DN Heartbeats.
2019-08-20 15:23:38,422 | INFO  | SCMAudit | user=jenkins1000 | ip=192.168.69.96 | op=GET_VERSION null | ret=SUCCESS |  
2019-08-20 15:23:38,430 [Datanode State Machine Thread - 0] INFO  ozoneimpl.OzoneContainer (OzoneContainer.java:start(186)) - Attempting to start container services.
2019-08-20 15:23:38,430 [Datanode State Machine Thread - 0] INFO  ozoneimpl.OzoneContainer (OzoneContainer.java:startContainerScrub(160)) - Background container scrubber has been disabled by hdds.containerscrub.enabled
2019-08-20 15:23:38,430 [Datanode State Machine Thread - 0] INFO  ratis.XceiverServerRatis (XceiverServerRatis.java:start(404)) - Starting XceiverServerRatis 3ba89adc-d403-4b9d-8267-150dfa29993f at port 0
2019-08-20 15:23:38,437 [Datanode State Machine Thread - 0] INFO  impl.RaftServerProxy (RaftServerProxy.java:lambda$start$3(299)) - 3ba89adc-d403-4b9d-8267-150dfa29993f: start RPC server
2019-08-20 15:23:38,438 [Datanode State Machine Thread - 0] INFO  server.GrpcService (GrpcService.java:startImpl(149)) - 3ba89adc-d403-4b9d-8267-150dfa29993f: GrpcService started, listening on 0.0.0.0/0.0.0.0:41312
2019-08-20 15:23:38,439 [Datanode State Machine Thread - 0] INFO  ratis.XceiverServerRatis (XceiverServerRatis.java:start(414)) - XceiverServerRatis 3ba89adc-d403-4b9d-8267-150dfa29993f is started using port 41312
2019-08-20 15:23:38,441 [Datanode State Machine Thread - 0] INFO  server.XceiverServerGrpc (XceiverServerGrpc.java:start(161)) - XceiverServerGrpc 3ba89adc-d403-4b9d-8267-150dfa29993f is started using port 37646
2019-08-20 15:23:39,420 [Thread-329] INFO  ozone.MiniOzoneClusterImpl (MiniOzoneClusterImpl.java:lambda$waitForClusterToBeReady$0(142)) - Waiting for cluster to be ready. Got 0 of 3 DN Heartbeats.
2019-08-20 15:23:39,919 [IPC Server handler 0 on 38014] INFO  net.NetworkTopology (NetworkTopologyImpl.java:add(110)) - Added a new node: /default-rack/79059cc4-1000-433d-b8f6-bb136447d900
2019-08-20 15:23:39,921 [IPC Server handler 0 on 38014] INFO  node.SCMNodeManager (SCMNodeManager.java:register(273)) - Registered Data node : 79059cc4-1000-433d-b8f6-bb136447d900{ip: 192.168.69.96, host: pr-hdds-1946lgncr-3764977478, networkLocation: /default-rack, certSerialId: null}
2019-08-20 15:23:39,922 [EventQueue-NodeRegistrationContainerReportForDataNodeSafeModeRule] INFO  safemode.SCMSafeModeManager (DataNodeSafeModeRule.java:process(71)) - SCM in safe mode. 1 DataNodes registered, 1 required.
2019-08-20 15:23:39,923 [EventQueue-NodeRegistrationContainerReportForDataNodeSafeModeRule] INFO  safemode.SCMSafeModeManager (SCMSafeModeManager.java:validateSafeModeExitRules(177)) - ScmSafeModeManager, all rules are successfully validated
2019-08-20 15:23:39,922 | INFO  | SCMAudit | user=jenkins1000 | ip=192.168.69.96 | op=REGISTER {datanodeDetails=79059cc4-1000-433d-b8f6-bb136447d900{ip: 192.168.69.96, host: pr-hdds-1946lgncr-3764977478, networkLocation: /default-rack, certSerialId: null}} | ret=SUCCESS |  
2019-08-20 15:23:39,923 [EventQueue-NodeRegistrationContainerReportForDataNodeSafeModeRule] INFO  safemode.SCMSafeModeManager (SCMSafeModeManager.java:exitSafeMode(193)) - SCM exiting safe mode.
2019-08-20 15:23:39,943 [grpc-default-executor-0] INFO  impl.RaftServerProxy (RaftServerProxy.java:addNew(89)) - 79059cc4-1000-433d-b8f6-bb136447d900: addNew group-836F314DBD82:[79059cc4-1000-433d-b8f6-bb136447d900:192.168.69.96:42288] returns group-836F314DBD82:java.util.concurrent.CompletableFuture@66de0b50[Not completed]
2019-08-20 15:23:39,946 [pool-113-thread-1] INFO  impl.RaftServerImpl (RaftServerImpl.java:<init>(93)) - 79059cc4-1000-433d-b8f6-bb136447d900: new RaftServerImpl for group-836F314DBD82:[79059cc4-1000-433d-b8f6-bb136447d900:192.168.69.96:42288] with ContainerStateMachine:uninitialized
2019-08-20 15:23:39,946 [pool-113-thread-1] INFO  server.RaftServerConfigKeys (ConfUtils.java:logGet(43)) - raft.server.rpc.timeout.min = 5s (custom)
2019-08-20 15:23:39,946 [pool-113-thread-1] INFO  server.RaftServerConfigKeys (ConfUtils.java:logGet(43)) - raft.server.rpc.timeout.max = 5200ms (custom)
2019-08-20 15:23:39,946 [pool-113-thread-1] INFO  server.RaftServerConfigKeys (ConfUtils.java:logGet(43)) - raft.server.rpcslowness.timeout = 120s (custom)
2019-08-20 15:23:39,946 [pool-113-thread-1] INFO  server.RaftServerConfigKeys (ConfUtils.java:logGet(43)) - raft.server.sleep.deviation.threshold = 300 (default)
2019-08-20 15:23:39,947 [pool-113-thread-1] INFO  server.RaftServerConfigKeys (ConfUtils.java:logGet(43)) - raft.server.log.appender.install.snapshot.enabled = false (custom)
2019-08-20 15:23:39,947 [pool-113-thread-1] INFO  impl.RaftServerImpl (ServerState.java:<init>(105)) - 79059cc4-1000-433d-b8f6-bb136447d900:group-836F314DBD82 ConfigurationManager, init=-1: [79059cc4-1000-433d-b8f6-bb136447d900:192.168.69.96:42288], old=null, confs=<EMPTY_MAP>
2019-08-20 15:23:39,947 [pool-113-thread-1] INFO  server.RaftServerConfigKeys (ConfUtils.java:logGet(43)) - raft.server.storage.dir = [/workdir/hadoop-ozone/integration-test/target/test-dir/MiniOzoneClusterImpl-985c7318-59c1-459c-b117-5bea8fb64214/datanode-0/data/ratis] (custom)
2019-08-20 15:23:39,948 [pool-113-thread-1] INFO  storage.RaftStorageDirectory (RaftStorageDirectory.java:analyzeStorage(246)) - The storage directory /workdir/hadoop-ozone/integration-test/target/test-dir/MiniOzoneClusterImpl-985c7318-59c1-459c-b117-5bea8fb64214/datanode-0/data/ratis/27f46263-6e81-489c-9f6e-836f314dbd82 does not exist. Creating ...
2019-08-20 15:23:39,993 [pool-113-thread-1] INFO  storage.RaftStorageDirectory (RaftStorageDirectory.java:tryLock(328)) - Lock on /workdir/hadoop-ozone/integration-test/target/test-dir/MiniOzoneClusterImpl-985c7318-59c1-459c-b117-5bea8fb64214/datanode-0/data/ratis/27f46263-6e81-489c-9f6e-836f314dbd82/in_use.lock acquired by nodename 21129@pr-hdds-1946lgncr-3764977478
2019-08-20 15:23:40,019 [pool-113-thread-1] INFO  storage.RaftStorage (RaftStorage.java:format(72)) - Storage directory /workdir/hadoop-ozone/integration-test/target/test-dir/MiniOzoneClusterImpl-985c7318-59c1-459c-b117-5bea8fb64214/datanode-0/data/ratis/27f46263-6e81-489c-9f6e-836f314dbd82 has been successfully formatted.
2019-08-20 15:23:40,019 [pool-113-thread-1] INFO  ratis.ContainerStateMachine (ContainerStateMachine.java:loadSnapshot(222)) - group-836F314DBD82: The snapshot info is null. Setting the last applied indexto:(t:0, i:~)
2019-08-20 15:23:40,019 [pool-113-thread-1] INFO  server.RaftServerConfigKeys (ConfUtils.java:logGet(43)) - raft.server.leader.election.timeout = 120s (custom)
2019-08-20 15:23:40,020 [pool-113-thread-1] INFO  server.RaftServerConfigKeys (ConfUtils.java:logGet(43)) - raft.server.log.use.memory = false (default)
2019-08-20 15:23:40,020 [pool-113-thread-1] INFO  server.RaftServerConfigKeys (ConfUtils.java:logGet(43)) - raft.server.log.purge.gap = 1000000 (custom)
2019-08-20 15:23:40,020 [pool-113-thread-1] INFO  server.RaftServerConfigKeys (ConfUtils.java:logGet(43)) - raft.server.log.appender.buffer.byte-limit = 33554432 (custom)
2019-08-20 15:23:40,020 [pool-113-thread-1] INFO  server.RaftServerConfigKeys (ConfUtils.java:logGet(43)) - raft.server.log.segment.size.max = 1048576 (custom)
2019-08-20 15:23:40,020 [pool-113-thread-1] INFO  server.RaftServerConfigKeys (ConfUtils.java:logGet(43)) - raft.server.log.segment.cache.num.max = 2 (custom)
2019-08-20 15:23:40,021 [pool-113-thread-1] INFO  segmented.SegmentedRaftLogWorker (SegmentedRaftLogWorker.java:<init>(172)) - new 79059cc4-1000-433d-b8f6-bb136447d900-SegmentedRaftLogWorker:Storage Directory /workdir/hadoop-ozone/integration-test/target/test-dir/MiniOzoneClusterImpl-985c7318-59c1-459c-b117-5bea8fb64214/datanode-0/data/ratis/27f46263-6e81-489c-9f6e-836f314dbd82 for RaftStorage:Storage Directory /workdir/hadoop-ozone/integration-test/target/test-dir/MiniOzoneClusterImpl-985c7318-59c1-459c-b117-5bea8fb64214/datanode-0/data/ratis/27f46263-6e81-489c-9f6e-836f314dbd82
2019-08-20 15:23:40,021 [pool-113-thread-1] INFO  server.RaftServerConfigKeys (ConfUtils.java:logGet(43)) - raft.server.log.queue.byte-limit = 2147483647 (custom)
2019-08-20 15:23:40,021 [pool-113-thread-1] INFO  server.RaftServerConfigKeys (ConfUtils.java:logGet(43)) - raft.server.log.queue.element-limit = 1024 (custom)
2019-08-20 15:23:40,021 [pool-113-thread-1] INFO  server.RaftServerConfigKeys (ConfUtils.java:logGet(43)) - raft.server.log.segment.size.max = 1048576 (custom)
2019-08-20 15:23:40,021 [pool-113-thread-1] INFO  server.RaftServerConfigKeys (ConfUtils.java:logGet(43)) - raft.server.log.preallocated.size = 16384 (custom)
2019-08-20 15:23:40,022 [pool-113-thread-1] INFO  server.RaftServerConfigKeys (ConfUtils.java:logGet(43)) - raft.server.log.write.buffer.size = 33554432 (custom)
2019-08-20 15:23:40,022 [pool-113-thread-1] INFO  server.RaftServerConfigKeys (ConfUtils.java:logGet(43)) - raft.server.log.force.sync.num = 128 (default)
2019-08-20 15:23:40,022 [pool-113-thread-1] INFO  server.RaftServerConfigKeys (ConfUtils.java:logGet(43)) - raft.server.log.statemachine.data.sync = true (default)
2019-08-20 15:23:40,022 [pool-113-thread-1] INFO  server.RaftServerConfigKeys (ConfUtils.java:logGet(43)) - raft.server.log.statemachine.data.sync.timeout = 10s (default)
2019-08-20 15:23:40,022 [pool-113-thread-1] INFO  server.RaftServerConfigKeys (ConfUtils.java:logGet(43)) - raft.server.log.statemachine.data.sync.timeout.retry = -1 (default)
2019-08-20 15:23:40,023 [pool-113-thread-1] INFO  server.RaftServerConfigKeys (ConfUtils.java:logGet(43)) - raft.server.log.statemachine.data.caching.enabled = true (custom)
2019-08-20 15:23:40,023 [pool-113-thread-1] INFO  segmented.SegmentedRaftLogWorker (SegmentedRaftLogWorker.java:lambda$new$0(132)) - 79059cc4-1000-433d-b8f6-bb136447d900-SegmentedRaftLogWorker:Storage Directory /workdir/hadoop-ozone/integration-test/target/test-dir/MiniOzoneClusterImpl-985c7318-59c1-459c-b117-5bea8fb64214/datanode-0/data/ratis/27f46263-6e81-489c-9f6e-836f314dbd82: flushIndex: setUnconditionally 0 -> -1
2019-08-20 15:23:40,023 [pool-113-thread-1] INFO  server.RaftServerConfigKeys (ConfUtils.java:logGet(43)) - raft.server.snapshot.auto.trigger.enabled = true (custom)
2019-08-20 15:23:40,023 [pool-113-thread-1] INFO  server.RaftServerConfigKeys (ConfUtils.java:logGet(43)) - raft.server.snapshot.auto.trigger.threshold = 10000 (custom)
2019-08-20 15:23:40,024 [pool-113-thread-1] INFO  server.RaftServerConfigKeys (ConfUtils.java:logGet(43)) - raft.server.retrycache.expirytime = 600000ms (custom)
2019-08-20 15:23:40,024 [pool-113-thread-1] INFO  impl.RaftServerImpl (RaftServerImpl.java:start(180)) - 79059cc4-1000-433d-b8f6-bb136447d900: start group-836F314DBD82
2019-08-20 15:23:40,024 [pool-113-thread-1] INFO  impl.RaftServerImpl (RaftServerImpl.java:setRole(171)) - 79059cc4-1000-433d-b8f6-bb136447d900:group-836F314DBD82 changes role from null to FOLLOWER at term 0 for startAsFollower
2019-08-20 15:23:40,024 [pool-113-thread-1] INFO  impl.RoleInfo (RoleInfo.java:updateAndGet(143)) - 79059cc4-1000-433d-b8f6-bb136447d900: start FollowerState
2019-08-20 15:23:40,025 [pool-113-thread-1] INFO  util.JmxRegister (JmxRegister.java:tryRegister(44)) - Successfully registered JMX Bean with object name Ratis:service=RaftServer,group=group-836F314DBD82,id=79059cc4-1000-433d-b8f6-bb136447d900
2019-08-20 15:23:40,032 [RatisPipelineUtilsThread] INFO  pipeline.PipelineStateManager (PipelineStateManager.java:addPipeline(56)) - Created pipeline Pipeline[ Id: 27f46263-6e81-489c-9f6e-836f314dbd82, Nodes: 79059cc4-1000-433d-b8f6-bb136447d900{ip: 192.168.69.96, host: pr-hdds-1946lgncr-3764977478, networkLocation: /default-rack, certSerialId: null}, Type:RATIS, Factor:ONE, State:OPEN]
2019-08-20 15:23:40,179 [IPC Server handler 1 on 38014] INFO  net.NetworkTopology (NetworkTopologyImpl.java:add(110)) - Added a new node: /default-rack/1ab56027-920f-45ef-b012-dea18e451f4d
2019-08-20 15:23:40,180 [IPC Server handler 1 on 38014] INFO  node.SCMNodeManager (SCMNodeManager.java:register(273)) - Registered Data node : 1ab56027-920f-45ef-b012-dea18e451f4d{ip: 192.168.69.96, host: pr-hdds-1946lgncr-3764977478, networkLocation: /default-rack, certSerialId: null}
2019-08-20 15:23:40,180 | INFO  | SCMAudit | user=jenkins1000 | ip=192.168.69.96 | op=REGISTER {datanodeDetails=1ab56027-920f-45ef-b012-dea18e451f4d{ip: 192.168.69.96, host: pr-hdds-1946lgncr-3764977478, networkLocation: /default-rack, certSerialId: null}} | ret=SUCCESS |  
2019-08-20 15:23:40,191 [grpc-default-executor-0] INFO  impl.RaftServerProxy (RaftServerProxy.java:addNew(89)) - 1ab56027-920f-45ef-b012-dea18e451f4d: addNew group-EDBE92749861:[1ab56027-920f-45ef-b012-dea18e451f4d:192.168.69.96:41729] returns group-EDBE92749861:java.util.concurrent.CompletableFuture@1063f9c8[Not completed]
2019-08-20 15:23:40,194 [pool-124-thread-1] INFO  impl.RaftServerImpl (RaftServerImpl.java:<init>(93)) - 1ab56027-920f-45ef-b012-dea18e451f4d: new RaftServerImpl for group-EDBE92749861:[1ab56027-920f-45ef-b012-dea18e451f4d:192.168.69.96:41729] with ContainerStateMachine:uninitialized
2019-08-20 15:23:40,194 [pool-124-thread-1] INFO  server.RaftServerConfigKeys (ConfUtils.java:logGet(43)) - raft.server.rpc.timeout.min = 5s (custom)
2019-08-20 15:23:40,194 [pool-124-thread-1] INFO  server.RaftServerConfigKeys (ConfUtils.java:logGet(43)) - raft.server.rpc.timeout.max = 5200ms (custom)
2019-08-20 15:23:40,195 [pool-124-thread-1] INFO  server.RaftServerConfigKeys (ConfUtils.java:logGet(43)) - raft.server.rpcslowness.timeout = 120s (custom)
2019-08-20 15:23:40,195 [pool-124-thread-1] INFO  server.RaftServerConfigKeys (ConfUtils.java:logGet(43)) - raft.server.sleep.deviation.threshold = 300 (default)
2019-08-20 15:23:40,195 [pool-124-thread-1] INFO  server.RaftServerConfigKeys (ConfUtils.java:logGet(43)) - raft.server.log.appender.install.snapshot.enabled = false (custom)
2019-08-20 15:23:40,195 [pool-124-thread-1] INFO  impl.RaftServerImpl (ServerState.java:<init>(105)) - 1ab56027-920f-45ef-b012-dea18e451f4d:group-EDBE92749861 ConfigurationManager, init=-1: [1ab56027-920f-45ef-b012-dea18e451f4d:192.168.69.96:41729], old=null, confs=<EMPTY_MAP>
2019-08-20 15:23:40,195 [pool-124-thread-1] INFO  server.RaftServerConfigKeys (ConfUtils.java:logGet(43)) - raft.server.storage.dir = [/workdir/hadoop-ozone/integration-test/target/test-dir/MiniOzoneClusterImpl-985c7318-59c1-459c-b117-5bea8fb64214/datanode-1/data/ratis] (custom)
2019-08-20 15:23:40,196 [pool-124-thread-1] INFO  storage.RaftStorageDirectory (RaftStorageDirectory.java:analyzeStorage(246)) - The storage directory /workdir/hadoop-ozone/integration-test/target/test-dir/MiniOzoneClusterImpl-985c7318-59c1-459c-b117-5bea8fb64214/datanode-1/data/ratis/45e96493-582c-4a01-af48-edbe92749861 does not exist. Creating ...
2019-08-20 15:23:40,227 [pool-124-thread-1] INFO  storage.RaftStorageDirectory (RaftStorageDirectory.java:tryLock(328)) - Lock on /workdir/hadoop-ozone/integration-test/target/test-dir/MiniOzoneClusterImpl-985c7318-59c1-459c-b117-5bea8fb64214/datanode-1/data/ratis/45e96493-582c-4a01-af48-edbe92749861/in_use.lock acquired by nodename 21129@pr-hdds-1946lgncr-3764977478
2019-08-20 15:23:40,252 [pool-124-thread-1] INFO  storage.RaftStorage (RaftStorage.java:format(72)) - Storage directory /workdir/hadoop-ozone/integration-test/target/test-dir/MiniOzoneClusterImpl-985c7318-59c1-459c-b117-5bea8fb64214/datanode-1/data/ratis/45e96493-582c-4a01-af48-edbe92749861 has been successfully formatted.
2019-08-20 15:23:40,253 [pool-124-thread-1] INFO  ratis.ContainerStateMachine (ContainerStateMachine.java:loadSnapshot(222)) - group-EDBE92749861: The snapshot info is null. Setting the last applied indexto:(t:0, i:~)
2019-08-20 15:23:40,253 [pool-124-thread-1] INFO  server.RaftServerConfigKeys (ConfUtils.java:logGet(43)) - raft.server.leader.election.timeout = 120s (custom)
2019-08-20 15:23:40,253 [pool-124-thread-1] INFO  server.RaftServerConfigKeys (ConfUtils.java:logGet(43)) - raft.server.log.use.memory = false (default)
2019-08-20 15:23:40,253 [pool-124-thread-1] INFO  server.RaftServerConfigKeys (ConfUtils.java:logGet(43)) - raft.server.log.purge.gap = 1000000 (custom)
2019-08-20 15:23:40,253 [pool-124-thread-1] INFO  server.RaftServerConfigKeys (ConfUtils.java:logGet(43)) - raft.server.log.appender.buffer.byte-limit = 33554432 (custom)
2019-08-20 15:23:40,254 [pool-124-thread-1] INFO  server.RaftServerConfigKeys (ConfUtils.java:logGet(43)) - raft.server.log.segment.size.max = 1048576 (custom)
2019-08-20 15:23:40,254 [pool-124-thread-1] INFO  server.RaftServerConfigKeys (ConfUtils.java:logGet(43)) - raft.server.log.segment.cache.num.max = 2 (custom)
2019-08-20 15:23:40,254 [pool-124-thread-1] INFO  segmented.SegmentedRaftLogWorker (SegmentedRaftLogWorker.java:<init>(172)) - new 1ab56027-920f-45ef-b012-dea18e451f4d-SegmentedRaftLogWorker:Storage Directory /workdir/hadoop-ozone/integration-test/target/test-dir/MiniOzoneClusterImpl-985c7318-59c1-459c-b117-5bea8fb64214/datanode-1/data/ratis/45e96493-582c-4a01-af48-edbe92749861 for RaftStorage:Storage Directory /workdir/hadoop-ozone/integration-test/target/test-dir/MiniOzoneClusterImpl-985c7318-59c1-459c-b117-5bea8fb64214/datanode-1/data/ratis/45e96493-582c-4a01-af48-edbe92749861
2019-08-20 15:23:40,254 [pool-124-thread-1] INFO  server.RaftServerConfigKeys (ConfUtils.java:logGet(43)) - raft.server.log.queue.byte-limit = 2147483647 (custom)
2019-08-20 15:23:40,254 [pool-124-thread-1] INFO  server.RaftServerConfigKeys (ConfUtils.java:logGet(43)) - raft.server.log.queue.element-limit = 1024 (custom)
2019-08-20 15:23:40,255 [pool-124-thread-1] INFO  server.RaftServerConfigKeys (ConfUtils.java:logGet(43)) - raft.server.log.segment.size.max = 1048576 (custom)
2019-08-20 15:23:40,255 [pool-124-thread-1] INFO  server.RaftServerConfigKeys (ConfUtils.java:logGet(43)) - raft.server.log.preallocated.size = 16384 (custom)
2019-08-20 15:23:40,255 [pool-124-thread-1] INFO  server.RaftServerConfigKeys (ConfUtils.java:logGet(43)) - raft.server.log.write.buffer.size = 33554432 (custom)
2019-08-20 15:23:40,255 [pool-124-thread-1] INFO  server.RaftServerConfigKeys (ConfUtils.java:logGet(43)) - raft.server.log.force.sync.num = 128 (default)
2019-08-20 15:23:40,255 [pool-124-thread-1] INFO  server.RaftServerConfigKeys (ConfUtils.java:logGet(43)) - raft.server.log.statemachine.data.sync = true (default)
2019-08-20 15:23:40,256 [pool-124-thread-1] INFO  server.RaftServerConfigKeys (ConfUtils.java:logGet(43)) - raft.server.log.statemachine.data.sync.timeout = 10s (default)
2019-08-20 15:23:40,256 [pool-124-thread-1] INFO  server.RaftServerConfigKeys (ConfUtils.java:logGet(43)) - raft.server.log.statemachine.data.sync.timeout.retry = -1 (default)
2019-08-20 15:23:40,256 [pool-124-thread-1] INFO  server.RaftServerConfigKeys (ConfUtils.java:logGet(43)) - raft.server.log.statemachine.data.caching.enabled = true (custom)
2019-08-20 15:23:40,257 [pool-124-thread-1] INFO  segmented.SegmentedRaftLogWorker (SegmentedRaftLogWorker.java:lambda$new$0(132)) - 1ab56027-920f-45ef-b012-dea18e451f4d-SegmentedRaftLogWorker:Storage Directory /workdir/hadoop-ozone/integration-test/target/test-dir/MiniOzoneClusterImpl-985c7318-59c1-459c-b117-5bea8fb64214/datanode-1/data/ratis/45e96493-582c-4a01-af48-edbe92749861: flushIndex: setUnconditionally 0 -> -1
2019-08-20 15:23:40,257 [pool-124-thread-1] INFO  server.RaftServerConfigKeys (ConfUtils.java:logGet(43)) - raft.server.snapshot.auto.trigger.enabled = true (custom)
2019-08-20 15:23:40,257 [pool-124-thread-1] INFO  server.RaftServerConfigKeys (ConfUtils.java:logGet(43)) - raft.server.snapshot.auto.trigger.threshold = 10000 (custom)
2019-08-20 15:23:40,257 [pool-124-thread-1] INFO  server.RaftServerConfigKeys (ConfUtils.java:logGet(43)) - raft.server.retrycache.expirytime = 600000ms (custom)
2019-08-20 15:23:40,258 [pool-124-thread-1] INFO  impl.RaftServerImpl (RaftServerImpl.java:start(180)) - 1ab56027-920f-45ef-b012-dea18e451f4d: start group-EDBE92749861
2019-08-20 15:23:40,258 [pool-124-thread-1] INFO  impl.RaftServerImpl (RaftServerImpl.java:setRole(171)) - 1ab56027-920f-45ef-b012-dea18e451f4d:group-EDBE92749861 changes role from null to FOLLOWER at term 0 for startAsFollower
2019-08-20 15:23:40,258 [pool-124-thread-1] INFO  impl.RoleInfo (RoleInfo.java:updateAndGet(143)) - 1ab56027-920f-45ef-b012-dea18e451f4d: start FollowerState
2019-08-20 15:23:40,264 [pool-124-thread-1] INFO  util.JmxRegister (JmxRegister.java:tryRegister(44)) - Successfully registered JMX Bean with object name Ratis:service=RaftServer,group=group-EDBE92749861,id=1ab56027-920f-45ef-b012-dea18e451f4d
2019-08-20 15:23:40,273 [RatisPipelineUtilsThread] INFO  pipeline.PipelineStateManager (PipelineStateManager.java:addPipeline(56)) - Created pipeline Pipeline[ Id: 45e96493-582c-4a01-af48-edbe92749861, Nodes: 1ab56027-920f-45ef-b012-dea18e451f4d{ip: 192.168.69.96, host: pr-hdds-1946lgncr-3764977478, networkLocation: /default-rack, certSerialId: null}, Type:RATIS, Factor:ONE, State:OPEN]
2019-08-20 15:23:40,421 [Thread-329] INFO  ozone.MiniOzoneClusterImpl (MiniOzoneClusterImpl.java:lambda$waitForClusterToBeReady$0(142)) - Waiting for cluster to be ready. Got 2 of 3 DN Heartbeats.
2019-08-20 15:23:40,422 [IPC Server handler 3 on 38014] INFO  net.NetworkTopology (NetworkTopologyImpl.java:add(110)) - Added a new node: /default-rack/3ba89adc-d403-4b9d-8267-150dfa29993f
2019-08-20 15:23:40,422 [IPC Server handler 3 on 38014] INFO  node.SCMNodeManager (SCMNodeManager.java:register(273)) - Registered Data node : 3ba89adc-d403-4b9d-8267-150dfa29993f{ip: 192.168.69.96, host: pr-hdds-1946lgncr-3764977478, networkLocation: /default-rack, certSerialId: null}
2019-08-20 15:23:40,422 | INFO  | SCMAudit | user=jenkins1000 | ip=192.168.69.96 | op=REGISTER {datanodeDetails=3ba89adc-d403-4b9d-8267-150dfa29993f{ip: 192.168.69.96, host: pr-hdds-1946lgncr-3764977478, networkLocation: /default-rack, certSerialId: null}} | ret=SUCCESS |  
2019-08-20 15:23:40,432 [grpc-default-executor-0] INFO  impl.RaftServerProxy (RaftServerProxy.java:addNew(89)) - 3ba89adc-d403-4b9d-8267-150dfa29993f: addNew group-41F2FF00AC41:[3ba89adc-d403-4b9d-8267-150dfa29993f:192.168.69.96:41312] returns group-41F2FF00AC41:java.util.concurrent.CompletableFuture@4c5c6c9[Not completed]
2019-08-20 15:23:40,434 [pool-135-thread-1] INFO  impl.RaftServerImpl (RaftServerImpl.java:<init>(93)) - 3ba89adc-d403-4b9d-8267-150dfa29993f: new RaftServerImpl for group-41F2FF00AC41:[3ba89adc-d403-4b9d-8267-150dfa29993f:192.168.69.96:41312] with ContainerStateMachine:uninitialized
2019-08-20 15:23:40,434 [pool-135-thread-1] INFO  server.RaftServerConfigKeys (ConfUtils.java:logGet(43)) - raft.server.rpc.timeout.min = 5s (custom)
2019-08-20 15:23:40,434 [pool-135-thread-1] INFO  server.RaftServerConfigKeys (ConfUtils.java:logGet(43)) - raft.server.rpc.timeout.max = 5200ms (custom)
2019-08-20 15:23:40,434 [pool-135-thread-1] INFO  server.RaftServerConfigKeys (ConfUtils.java:logGet(43)) - raft.server.rpcslowness.timeout = 120s (custom)
2019-08-20 15:23:40,434 [pool-135-thread-1] INFO  server.RaftServerConfigKeys (ConfUtils.java:logGet(43)) - raft.server.sleep.deviation.threshold = 300 (default)
2019-08-20 15:23:40,435 [pool-135-thread-1] INFO  server.RaftServerConfigKeys (ConfUtils.java:logGet(43)) - raft.server.log.appender.install.snapshot.enabled = false (custom)
2019-08-20 15:23:40,435 [pool-135-thread-1] INFO  impl.RaftServerImpl (ServerState.java:<init>(105)) - 3ba89adc-d403-4b9d-8267-150dfa29993f:group-41F2FF00AC41 ConfigurationManager, init=-1: [3ba89adc-d403-4b9d-8267-150dfa29993f:192.168.69.96:41312], old=null, confs=<EMPTY_MAP>
2019-08-20 15:23:40,435 [pool-135-thread-1] INFO  server.RaftServerConfigKeys (ConfUtils.java:logGet(43)) - raft.server.storage.dir = [/workdir/hadoop-ozone/integration-test/target/test-dir/MiniOzoneClusterImpl-985c7318-59c1-459c-b117-5bea8fb64214/datanode-2/data/ratis] (custom)
2019-08-20 15:23:40,435 [pool-135-thread-1] INFO  storage.RaftStorageDirectory (RaftStorageDirectory.java:analyzeStorage(246)) - The storage directory /workdir/hadoop-ozone/integration-test/target/test-dir/MiniOzoneClusterImpl-985c7318-59c1-459c-b117-5bea8fb64214/datanode-2/data/ratis/aa5beeae-28dd-4945-9761-41f2ff00ac41 does not exist. Creating ...
2019-08-20 15:23:40,448 [pool-135-thread-1] INFO  storage.RaftStorageDirectory (RaftStorageDirectory.java:tryLock(328)) - Lock on /workdir/hadoop-ozone/integration-test/target/test-dir/MiniOzoneClusterImpl-985c7318-59c1-459c-b117-5bea8fb64214/datanode-2/data/ratis/aa5beeae-28dd-4945-9761-41f2ff00ac41/in_use.lock acquired by nodename 21129@pr-hdds-1946lgncr-3764977478
2019-08-20 15:23:40,471 [pool-135-thread-1] INFO  storage.RaftStorage (RaftStorage.java:format(72)) - Storage directory /workdir/hadoop-ozone/integration-test/target/test-dir/MiniOzoneClusterImpl-985c7318-59c1-459c-b117-5bea8fb64214/datanode-2/data/ratis/aa5beeae-28dd-4945-9761-41f2ff00ac41 has been successfully formatted.
2019-08-20 15:23:40,472 [pool-135-thread-1] INFO  ratis.ContainerStateMachine (ContainerStateMachine.java:loadSnapshot(222)) - group-41F2FF00AC41: The snapshot info is null. Setting the last applied indexto:(t:0, i:~)
2019-08-20 15:23:40,472 [pool-135-thread-1] INFO  server.RaftServerConfigKeys (ConfUtils.java:logGet(43)) - raft.server.leader.election.timeout = 120s (custom)
2019-08-20 15:23:40,472 [pool-135-thread-1] INFO  server.RaftServerConfigKeys (ConfUtils.java:logGet(43)) - raft.server.log.use.memory = false (default)
2019-08-20 15:23:40,473 [pool-135-thread-1] INFO  server.RaftServerConfigKeys (ConfUtils.java:logGet(43)) - raft.server.log.purge.gap = 1000000 (custom)
2019-08-20 15:23:40,473 [pool-135-thread-1] INFO  server.RaftServerConfigKeys (ConfUtils.java:logGet(43)) - raft.server.log.appender.buffer.byte-limit = 33554432 (custom)
2019-08-20 15:23:40,473 [pool-135-thread-1] INFO  server.RaftServerConfigKeys (ConfUtils.java:logGet(43)) - raft.server.log.segment.size.max = 1048576 (custom)
2019-08-20 15:23:40,473 [pool-135-thread-1] INFO  server.RaftServerConfigKeys (ConfUtils.java:logGet(43)) - raft.server.log.segment.cache.num.max = 2 (custom)
2019-08-20 15:23:40,473 [pool-135-thread-1] INFO  segmented.SegmentedRaftLogWorker (SegmentedRaftLogWorker.java:<init>(172)) - new 3ba89adc-d403-4b9d-8267-150dfa29993f-SegmentedRaftLogWorker:Storage Directory /workdir/hadoop-ozone/integration-test/target/test-dir/MiniOzoneClusterImpl-985c7318-59c1-459c-b117-5bea8fb64214/datanode-2/data/ratis/aa5beeae-28dd-4945-9761-41f2ff00ac41 for RaftStorage:Storage Directory /workdir/hadoop-ozone/integration-test/target/test-dir/MiniOzoneClusterImpl-985c7318-59c1-459c-b117-5bea8fb64214/datanode-2/data/ratis/aa5beeae-28dd-4945-9761-41f2ff00ac41
2019-08-20 15:23:40,473 [pool-135-thread-1] INFO  server.RaftServerConfigKeys (ConfUtils.java:logGet(43)) - raft.server.log.queue.byte-limit = 2147483647 (custom)
2019-08-20 15:23:40,474 [pool-135-thread-1] INFO  server.RaftServerConfigKeys (ConfUtils.java:logGet(43)) - raft.server.log.queue.element-limit = 1024 (custom)
2019-08-20 15:23:40,474 [pool-135-thread-1] INFO  server.RaftServerConfigKeys (ConfUtils.java:logGet(43)) - raft.server.log.segment.size.max = 1048576 (custom)
2019-08-20 15:23:40,474 [pool-135-thread-1] INFO  server.RaftServerConfigKeys (ConfUtils.java:logGet(43)) - raft.server.log.preallocated.size = 16384 (custom)
2019-08-20 15:23:40,474 [pool-135-thread-1] INFO  server.RaftServerConfigKeys (ConfUtils.java:logGet(43)) - raft.server.log.write.buffer.size = 33554432 (custom)
2019-08-20 15:23:40,474 [pool-135-thread-1] INFO  server.RaftServerConfigKeys (ConfUtils.java:logGet(43)) - raft.server.log.force.sync.num = 128 (default)
2019-08-20 15:23:40,474 [pool-135-thread-1] INFO  server.RaftServerConfigKeys (ConfUtils.java:logGet(43)) - raft.server.log.statemachine.data.sync = true (default)
2019-08-20 15:23:40,474 [pool-135-thread-1] INFO  server.RaftServerConfigKeys (ConfUtils.java:logGet(43)) - raft.server.log.statemachine.data.sync.timeout = 10s (default)
2019-08-20 15:23:40,475 [pool-135-thread-1] INFO  server.RaftServerConfigKeys (ConfUtils.java:logGet(43)) - raft.server.log.statemachine.data.sync.timeout.retry = -1 (default)
2019-08-20 15:23:40,475 [pool-135-thread-1] INFO  server.RaftServerConfigKeys (ConfUtils.java:logGet(43)) - raft.server.log.statemachine.data.caching.enabled = true (custom)
2019-08-20 15:23:40,475 [pool-135-thread-1] INFO  segmented.SegmentedRaftLogWorker (SegmentedRaftLogWorker.java:lambda$new$0(132)) - 3ba89adc-d403-4b9d-8267-150dfa29993f-SegmentedRaftLogWorker:Storage Directory /workdir/hadoop-ozone/integration-test/target/test-dir/MiniOzoneClusterImpl-985c7318-59c1-459c-b117-5bea8fb64214/datanode-2/data/ratis/aa5beeae-28dd-4945-9761-41f2ff00ac41: flushIndex: setUnconditionally 0 -> -1
2019-08-20 15:23:40,476 [pool-135-thread-1] INFO  server.RaftServerConfigKeys (ConfUtils.java:logGet(43)) - raft.server.snapshot.auto.trigger.enabled = true (custom)
2019-08-20 15:23:40,476 [pool-135-thread-1] INFO  server.RaftServerConfigKeys (ConfUtils.java:logGet(43)) - raft.server.snapshot.auto.trigger.threshold = 10000 (custom)
2019-08-20 15:23:40,476 [pool-135-thread-1] INFO  server.RaftServerConfigKeys (ConfUtils.java:logGet(43)) - raft.server.retrycache.expirytime = 600000ms (custom)
2019-08-20 15:23:40,476 [pool-135-thread-1] INFO  impl.RaftServerImpl (RaftServerImpl.java:start(180)) - 3ba89adc-d403-4b9d-8267-150dfa29993f: start group-41F2FF00AC41
2019-08-20 15:23:40,476 [pool-135-thread-1] INFO  impl.RaftServerImpl (RaftServerImpl.java:setRole(171)) - 3ba89adc-d403-4b9d-8267-150dfa29993f:group-41F2FF00AC41 changes role from null to FOLLOWER at term 0 for startAsFollower
2019-08-20 15:23:40,476 [pool-135-thread-1] INFO  impl.RoleInfo (RoleInfo.java:updateAndGet(143)) - 3ba89adc-d403-4b9d-8267-150dfa29993f: start FollowerState
2019-08-20 15:23:40,477 [pool-135-thread-1] INFO  util.JmxRegister (JmxRegister.java:tryRegister(44)) - Successfully registered JMX Bean with object name Ratis:service=RaftServer,group=group-41F2FF00AC41,id=3ba89adc-d403-4b9d-8267-150dfa29993f
2019-08-20 15:23:40,482 [RatisPipelineUtilsThread] INFO  pipeline.PipelineStateManager (PipelineStateManager.java:addPipeline(56)) - Created pipeline Pipeline[ Id: aa5beeae-28dd-4945-9761-41f2ff00ac41, Nodes: 3ba89adc-d403-4b9d-8267-150dfa29993f{ip: 192.168.69.96, host: pr-hdds-1946lgncr-3764977478, networkLocation: /default-rack, certSerialId: null}, Type:RATIS, Factor:ONE, State:OPEN]
2019-08-20 15:23:40,501 [grpc-default-executor-2] INFO  impl.RaftServerProxy (RaftServerProxy.java:addNew(89)) - 3ba89adc-d403-4b9d-8267-150dfa29993f: addNew group-AD6A30D646C7:[1ab56027-920f-45ef-b012-dea18e451f4d:192.168.69.96:41729, 79059cc4-1000-433d-b8f6-bb136447d900:192.168.69.96:42288, 3ba89adc-d403-4b9d-8267-150dfa29993f:192.168.69.96:41312] returns group-AD6A30D646C7:java.util.concurrent.CompletableFuture@7f26af62[Not completed]
2019-08-20 15:23:40,501 [grpc-default-executor-0] INFO  impl.RaftServerProxy (RaftServerProxy.java:addNew(89)) - 79059cc4-1000-433d-b8f6-bb136447d900: addNew group-AD6A30D646C7:[1ab56027-920f-45ef-b012-dea18e451f4d:192.168.69.96:41729, 79059cc4-1000-433d-b8f6-bb136447d900:192.168.69.96:42288, 3ba89adc-d403-4b9d-8267-150dfa29993f:192.168.69.96:41312] returns group-AD6A30D646C7:java.util.concurrent.CompletableFuture@2bf8e5f[Not completed]
2019-08-20 15:23:40,501 [grpc-default-executor-1] INFO  impl.RaftServerProxy (RaftServerProxy.java:addNew(89)) - 1ab56027-920f-45ef-b012-dea18e451f4d: addNew group-AD6A30D646C7:[1ab56027-920f-45ef-b012-dea18e451f4d:192.168.69.96:41729, 79059cc4-1000-433d-b8f6-bb136447d900:192.168.69.96:42288, 3ba89adc-d403-4b9d-8267-150dfa29993f:192.168.69.96:41312] returns group-AD6A30D646C7:java.util.concurrent.CompletableFuture@89922bb[Not completed]
2019-08-20 15:23:40,502 [pool-135-thread-1] INFO  impl.RaftServerImpl (RaftServerImpl.java:<init>(93)) - 3ba89adc-d403-4b9d-8267-150dfa29993f: new RaftServerImpl for group-AD6A30D646C7:[1ab56027-920f-45ef-b012-dea18e451f4d:192.168.69.96:41729, 79059cc4-1000-433d-b8f6-bb136447d900:192.168.69.96:42288, 3ba89adc-d403-4b9d-8267-150dfa29993f:192.168.69.96:41312] with ContainerStateMachine:uninitialized
2019-08-20 15:23:40,503 [pool-135-thread-1] INFO  server.RaftServerConfigKeys (ConfUtils.java:logGet(43)) - raft.server.rpc.timeout.min = 5s (custom)
2019-08-20 15:23:40,503 [pool-135-thread-1] INFO  server.RaftServerConfigKeys (ConfUtils.java:logGet(43)) - raft.server.rpc.timeout.max = 5200ms (custom)
2019-08-20 15:23:40,503 [pool-135-thread-1] INFO  server.RaftServerConfigKeys (ConfUtils.java:logGet(43)) - raft.server.rpcslowness.timeout = 120s (custom)
2019-08-20 15:23:40,503 [pool-135-thread-1] INFO  server.RaftServerConfigKeys (ConfUtils.java:logGet(43)) - raft.server.sleep.deviation.threshold = 300 (default)
2019-08-20 15:23:40,503 [pool-135-thread-1] INFO  server.RaftServerConfigKeys (ConfUtils.java:logGet(43)) - raft.server.log.appender.install.snapshot.enabled = false (custom)
2019-08-20 15:23:40,503 [pool-113-thread-1] INFO  impl.RaftServerImpl (RaftServerImpl.java:<init>(93)) - 79059cc4-1000-433d-b8f6-bb136447d900: new RaftServerImpl for group-AD6A30D646C7:[1ab56027-920f-45ef-b012-dea18e451f4d:192.168.69.96:41729, 79059cc4-1000-433d-b8f6-bb136447d900:192.168.69.96:42288, 3ba89adc-d403-4b9d-8267-150dfa29993f:192.168.69.96:41312] with ContainerStateMachine:uninitialized
2019-08-20 15:23:40,503 [pool-135-thread-1] INFO  impl.RaftServerImpl (ServerState.java:<init>(105)) - 3ba89adc-d403-4b9d-8267-150dfa29993f:group-AD6A30D646C7 ConfigurationManager, init=-1: [1ab56027-920f-45ef-b012-dea18e451f4d:192.168.69.96:41729, 79059cc4-1000-433d-b8f6-bb136447d900:192.168.69.96:42288, 3ba89adc-d403-4b9d-8267-150dfa29993f:192.168.69.96:41312], old=null, confs=<EMPTY_MAP>
2019-08-20 15:23:40,503 [pool-113-thread-1] INFO  server.RaftServerConfigKeys (ConfUtils.java:logGet(43)) - raft.server.rpc.timeout.min = 5s (custom)
2019-08-20 15:23:40,503 [pool-135-thread-1] INFO  server.RaftServerConfigKeys (ConfUtils.java:logGet(43)) - raft.server.storage.dir = [/workdir/hadoop-ozone/integration-test/target/test-dir/MiniOzoneClusterImpl-985c7318-59c1-459c-b117-5bea8fb64214/datanode-2/data/ratis] (custom)
2019-08-20 15:23:40,503 [pool-113-thread-1] INFO  server.RaftServerConfigKeys (ConfUtils.java:logGet(43)) - raft.server.rpc.timeout.max = 5200ms (custom)
2019-08-20 15:23:40,504 [pool-113-thread-1] INFO  server.RaftServerConfigKeys (ConfUtils.java:logGet(43)) - raft.server.rpcslowness.timeout = 120s (custom)
2019-08-20 15:23:40,504 [pool-113-thread-1] INFO  server.RaftServerConfigKeys (ConfUtils.java:logGet(43)) - raft.server.sleep.deviation.threshold = 300 (default)
2019-08-20 15:23:40,504 [pool-135-thread-1] INFO  storage.RaftStorageDirectory (RaftStorageDirectory.java:analyzeStorage(246)) - The storage directory /workdir/hadoop-ozone/integration-test/target/test-dir/MiniOzoneClusterImpl-985c7318-59c1-459c-b117-5bea8fb64214/datanode-2/data/ratis/d9dac5d8-25eb-4537-81dd-ad6a30d646c7 does not exist. Creating ...
2019-08-20 15:23:40,504 [pool-113-thread-1] INFO  server.RaftServerConfigKeys (ConfUtils.java:logGet(43)) - raft.server.log.appender.install.snapshot.enabled = false (custom)
2019-08-20 15:23:40,504 [pool-113-thread-1] INFO  impl.RaftServerImpl (ServerState.java:<init>(105)) - 79059cc4-1000-433d-b8f6-bb136447d900:group-AD6A30D646C7 ConfigurationManager, init=-1: [1ab56027-920f-45ef-b012-dea18e451f4d:192.168.69.96:41729, 79059cc4-1000-433d-b8f6-bb136447d900:192.168.69.96:42288, 3ba89adc-d403-4b9d-8267-150dfa29993f:192.168.69.96:41312], old=null, confs=<EMPTY_MAP>
2019-08-20 15:23:40,504 [pool-124-thread-1] INFO  impl.RaftServerImpl (RaftServerImpl.java:<init>(93)) - 1ab56027-920f-45ef-b012-dea18e451f4d: new RaftServerImpl for group-AD6A30D646C7:[1ab56027-920f-45ef-b012-dea18e451f4d:192.168.69.96:41729, 79059cc4-1000-433d-b8f6-bb136447d900:192.168.69.96:42288, 3ba89adc-d403-4b9d-8267-150dfa29993f:192.168.69.96:41312] with ContainerStateMachine:uninitialized
2019-08-20 15:23:40,504 [pool-113-thread-1] INFO  server.RaftServerConfigKeys (ConfUtils.java:logGet(43)) - raft.server.storage.dir = [/workdir/hadoop-ozone/integration-test/target/test-dir/MiniOzoneClusterImpl-985c7318-59c1-459c-b117-5bea8fb64214/datanode-0/data/ratis] (custom)
2019-08-20 15:23:40,504 [pool-124-thread-1] INFO  server.RaftServerConfigKeys (ConfUtils.java:logGet(43)) - raft.server.rpc.timeout.min = 5s (custom)
2019-08-20 15:23:40,505 [pool-113-thread-1] INFO  storage.RaftStorageDirectory (RaftStorageDirectory.java:analyzeStorage(246)) - The storage directory /workdir/hadoop-ozone/integration-test/target/test-dir/MiniOzoneClusterImpl-985c7318-59c1-459c-b117-5bea8fb64214/datanode-0/data/ratis/d9dac5d8-25eb-4537-81dd-ad6a30d646c7 does not exist. Creating ...
2019-08-20 15:23:40,505 [pool-124-thread-1] INFO  server.RaftServerConfigKeys (ConfUtils.java:logGet(43)) - raft.server.rpc.timeout.max = 5200ms (custom)
2019-08-20 15:23:40,505 [pool-124-thread-1] INFO  server.RaftServerConfigKeys (ConfUtils.java:logGet(43)) - raft.server.rpcslowness.timeout = 120s (custom)
2019-08-20 15:23:40,505 [pool-124-thread-1] INFO  server.RaftServerConfigKeys (ConfUtils.java:logGet(43)) - raft.server.sleep.deviation.threshold = 300 (default)
2019-08-20 15:23:40,505 [pool-124-thread-1] INFO  server.RaftServerConfigKeys (ConfUtils.java:logGet(43)) - raft.server.log.appender.install.snapshot.enabled = false (custom)
2019-08-20 15:23:40,505 [pool-124-thread-1] INFO  impl.RaftServerImpl (ServerState.java:<init>(105)) - 1ab56027-920f-45ef-b012-dea18e451f4d:group-AD6A30D646C7 ConfigurationManager, init=-1: [1ab56027-920f-45ef-b012-dea18e451f4d:192.168.69.96:41729, 79059cc4-1000-433d-b8f6-bb136447d900:192.168.69.96:42288, 3ba89adc-d403-4b9d-8267-150dfa29993f:192.168.69.96:41312], old=null, confs=<EMPTY_MAP>
2019-08-20 15:23:40,506 [pool-124-thread-1] INFO  server.RaftServerConfigKeys (ConfUtils.java:logGet(43)) - raft.server.storage.dir = [/workdir/hadoop-ozone/integration-test/target/test-dir/MiniOzoneClusterImpl-985c7318-59c1-459c-b117-5bea8fb64214/datanode-1/data/ratis] (custom)
2019-08-20 15:23:40,506 [pool-124-thread-1] INFO  storage.RaftStorageDirectory (RaftStorageDirectory.java:analyzeStorage(246)) - The storage directory /workdir/hadoop-ozone/integration-test/target/test-dir/MiniOzoneClusterImpl-985c7318-59c1-459c-b117-5bea8fb64214/datanode-1/data/ratis/d9dac5d8-25eb-4537-81dd-ad6a30d646c7 does not exist. Creating ...
2019-08-20 15:23:40,527 [pool-113-thread-1] INFO  storage.RaftStorageDirectory (RaftStorageDirectory.java:tryLock(328)) - Lock on /workdir/hadoop-ozone/integration-test/target/test-dir/MiniOzoneClusterImpl-985c7318-59c1-459c-b117-5bea8fb64214/datanode-0/data/ratis/d9dac5d8-25eb-4537-81dd-ad6a30d646c7/in_use.lock acquired by nodename 21129@pr-hdds-1946lgncr-3764977478
2019-08-20 15:23:40,527 [pool-124-thread-1] INFO  storage.RaftStorageDirectory (RaftStorageDirectory.java:tryLock(328)) - Lock on /workdir/hadoop-ozone/integration-test/target/test-dir/MiniOzoneClusterImpl-985c7318-59c1-459c-b117-5bea8fb64214/datanode-1/data/ratis/d9dac5d8-25eb-4537-81dd-ad6a30d646c7/in_use.lock acquired by nodename 21129@pr-hdds-1946lgncr-3764977478
2019-08-20 15:23:40,527 [pool-135-thread-1] INFO  storage.RaftStorageDirectory (RaftStorageDirectory.java:tryLock(328)) - Lock on /workdir/hadoop-ozone/integration-test/target/test-dir/MiniOzoneClusterImpl-985c7318-59c1-459c-b117-5bea8fb64214/datanode-2/data/ratis/d9dac5d8-25eb-4537-81dd-ad6a30d646c7/in_use.lock acquired by nodename 21129@pr-hdds-1946lgncr-3764977478
2019-08-20 15:23:40,552 [pool-135-thread-1] INFO  storage.RaftStorage (RaftStorage.java:format(72)) - Storage directory /workdir/hadoop-ozone/integration-test/target/test-dir/MiniOzoneClusterImpl-985c7318-59c1-459c-b117-5bea8fb64214/datanode-2/data/ratis/d9dac5d8-25eb-4537-81dd-ad6a30d646c7 has been successfully formatted.
2019-08-20 15:23:40,552 [pool-124-thread-1] INFO  storage.RaftStorage (RaftStorage.java:format(72)) - Storage directory /workdir/hadoop-ozone/integration-test/target/test-dir/MiniOzoneClusterImpl-985c7318-59c1-459c-b117-5bea8fb64214/datanode-1/data/ratis/d9dac5d8-25eb-4537-81dd-ad6a30d646c7 has been successfully formatted.
2019-08-20 15:23:40,553 [pool-135-thread-1] INFO  ratis.ContainerStateMachine (ContainerStateMachine.java:loadSnapshot(222)) - group-AD6A30D646C7: The snapshot info is null. Setting the last applied indexto:(t:0, i:~)
2019-08-20 15:23:40,552 [pool-113-thread-1] INFO  storage.RaftStorage (RaftStorage.java:format(72)) - Storage directory /workdir/hadoop-ozone/integration-test/target/test-dir/MiniOzoneClusterImpl-985c7318-59c1-459c-b117-5bea8fb64214/datanode-0/data/ratis/d9dac5d8-25eb-4537-81dd-ad6a30d646c7 has been successfully formatted.
2019-08-20 15:23:40,553 [pool-124-thread-1] INFO  ratis.ContainerStateMachine (ContainerStateMachine.java:loadSnapshot(222)) - group-AD6A30D646C7: The snapshot info is null. Setting the last applied indexto:(t:0, i:~)
2019-08-20 15:23:40,553 [pool-135-thread-1] INFO  server.RaftServerConfigKeys (ConfUtils.java:logGet(43)) - raft.server.leader.election.timeout = 120s (custom)
2019-08-20 15:23:40,553 [pool-124-thread-1] INFO  server.RaftServerConfigKeys (ConfUtils.java:logGet(43)) - raft.server.leader.election.timeout = 120s (custom)
2019-08-20 15:23:40,553 [pool-113-thread-1] INFO  ratis.ContainerStateMachine (ContainerStateMachine.java:loadSnapshot(222)) - group-AD6A30D646C7: The snapshot info is null. Setting the last applied indexto:(t:0, i:~)
2019-08-20 15:23:40,553 [pool-124-thread-1] INFO  server.RaftServerConfigKeys (ConfUtils.java:logGet(43)) - raft.server.log.use.memory = false (default)
2019-08-20 15:23:40,553 [pool-135-thread-1] INFO  server.RaftServerConfigKeys (ConfUtils.java:logGet(43)) - raft.server.log.use.memory = false (default)
2019-08-20 15:23:40,554 [pool-124-thread-1] INFO  server.RaftServerConfigKeys (ConfUtils.java:logGet(43)) - raft.server.log.purge.gap = 1000000 (custom)
2019-08-20 15:23:40,553 [pool-113-thread-1] INFO  server.RaftServerConfigKeys (ConfUtils.java:logGet(43)) - raft.server.leader.election.timeout = 120s (custom)
2019-08-20 15:23:40,554 [pool-124-thread-1] INFO  server.RaftServerConfigKeys (ConfUtils.java:logGet(43)) - raft.server.log.appender.buffer.byte-limit = 33554432 (custom)
2019-08-20 15:23:40,554 [pool-135-thread-1] INFO  server.RaftServerConfigKeys (ConfUtils.java:logGet(43)) - raft.server.log.purge.gap = 1000000 (custom)
2019-08-20 15:23:40,554 [pool-124-thread-1] INFO  server.RaftServerConfigKeys (ConfUtils.java:logGet(43)) - raft.server.log.segment.size.max = 1048576 (custom)
2019-08-20 15:23:40,554 [pool-113-thread-1] INFO  server.RaftServerConfigKeys (ConfUtils.java:logGet(43)) - raft.server.log.use.memory = false (default)
2019-08-20 15:23:40,554 [pool-124-thread-1] INFO  server.RaftServerConfigKeys (ConfUtils.java:logGet(43)) - raft.server.log.segment.cache.num.max = 2 (custom)
2019-08-20 15:23:40,554 [pool-135-thread-1] INFO  server.RaftServerConfigKeys (ConfUtils.java:logGet(43)) - raft.server.log.appender.buffer.byte-limit = 33554432 (custom)
2019-08-20 15:23:40,555 [pool-124-thread-1] INFO  segmented.SegmentedRaftLogWorker (SegmentedRaftLogWorker.java:<init>(172)) - new 1ab56027-920f-45ef-b012-dea18e451f4d-SegmentedRaftLogWorker:Storage Directory /workdir/hadoop-ozone/integration-test/target/test-dir/MiniOzoneClusterImpl-985c7318-59c1-459c-b117-5bea8fb64214/datanode-1/data/ratis/d9dac5d8-25eb-4537-81dd-ad6a30d646c7 for RaftStorage:Storage Directory /workdir/hadoop-ozone/integration-test/target/test-dir/MiniOzoneClusterImpl-985c7318-59c1-459c-b117-5bea8fb64214/datanode-1/data/ratis/d9dac5d8-25eb-4537-81dd-ad6a30d646c7
2019-08-20 15:23:40,554 [pool-113-thread-1] INFO  server.RaftServerConfigKeys (ConfUtils.java:logGet(43)) - raft.server.log.purge.gap = 1000000 (custom)
2019-08-20 15:23:40,555 [pool-124-thread-1] INFO  server.RaftServerConfigKeys (ConfUtils.java:logGet(43)) - raft.server.log.queue.byte-limit = 2147483647 (custom)
2019-08-20 15:23:40,555 [pool-135-thread-1] INFO  server.RaftServerConfigKeys (ConfUtils.java:logGet(43)) - raft.server.log.segment.size.max = 1048576 (custom)
2019-08-20 15:23:40,555 [pool-124-thread-1] INFO  server.RaftServerConfigKeys (ConfUtils.java:logGet(43)) - raft.server.log.queue.element-limit = 1024 (custom)
2019-08-20 15:23:40,555 [pool-113-thread-1] INFO  server.RaftServerConfigKeys (ConfUtils.java:logGet(43)) - raft.server.log.appender.buffer.byte-limit = 33554432 (custom)
2019-08-20 15:23:40,556 [pool-124-thread-1] INFO  server.RaftServerConfigKeys (ConfUtils.java:logGet(43)) - raft.server.log.segment.size.max = 1048576 (custom)
2019-08-20 15:23:40,555 [pool-135-thread-1] INFO  server.RaftServerConfigKeys (ConfUtils.java:logGet(43)) - raft.server.log.segment.cache.num.max = 2 (custom)
2019-08-20 15:23:40,556 [pool-124-thread-1] INFO  server.RaftServerConfigKeys (ConfUtils.java:logGet(43)) - raft.server.log.preallocated.size = 16384 (custom)
2019-08-20 15:23:40,556 [pool-113-thread-1] INFO  server.RaftServerConfigKeys (ConfUtils.java:logGet(43)) - raft.server.log.segment.size.max = 1048576 (custom)
2019-08-20 15:23:40,556 [pool-124-thread-1] INFO  server.RaftServerConfigKeys (ConfUtils.java:logGet(43)) - raft.server.log.write.buffer.size = 33554432 (custom)
2019-08-20 15:23:40,556 [pool-135-thread-1] INFO  segmented.SegmentedRaftLogWorker (SegmentedRaftLogWorker.java:<init>(172)) - new 3ba89adc-d403-4b9d-8267-150dfa29993f-SegmentedRaftLogWorker:Storage Directory /workdir/hadoop-ozone/integration-test/target/test-dir/MiniOzoneClusterImpl-985c7318-59c1-459c-b117-5bea8fb64214/datanode-2/data/ratis/d9dac5d8-25eb-4537-81dd-ad6a30d646c7 for RaftStorage:Storage Directory /workdir/hadoop-ozone/integration-test/target/test-dir/MiniOzoneClusterImpl-985c7318-59c1-459c-b117-5bea8fb64214/datanode-2/data/ratis/d9dac5d8-25eb-4537-81dd-ad6a30d646c7
2019-08-20 15:23:40,556 [pool-124-thread-1] INFO  server.RaftServerConfigKeys (ConfUtils.java:logGet(43)) - raft.server.log.force.sync.num = 128 (default)
2019-08-20 15:23:40,556 [pool-113-thread-1] INFO  server.RaftServerConfigKeys (ConfUtils.java:logGet(43)) - raft.server.log.segment.cache.num.max = 2 (custom)
2019-08-20 15:23:40,557 [pool-124-thread-1] INFO  server.RaftServerConfigKeys (ConfUtils.java:logGet(43)) - raft.server.log.statemachine.data.sync = true (default)
2019-08-20 15:23:40,557 [pool-135-thread-1] INFO  server.RaftServerConfigKeys (ConfUtils.java:logGet(43)) - raft.server.log.queue.byte-limit = 2147483647 (custom)
2019-08-20 15:23:40,557 [pool-124-thread-1] INFO  server.RaftServerConfigKeys (ConfUtils.java:logGet(43)) - raft.server.log.statemachine.data.sync.timeout = 10s (default)
2019-08-20 15:23:40,557 [pool-113-thread-1] INFO  segmented.SegmentedRaftLogWorker (SegmentedRaftLogWorker.java:<init>(172)) - new 79059cc4-1000-433d-b8f6-bb136447d900-SegmentedRaftLogWorker:Storage Directory /workdir/hadoop-ozone/integration-test/target/test-dir/MiniOzoneClusterImpl-985c7318-59c1-459c-b117-5bea8fb64214/datanode-0/data/ratis/d9dac5d8-25eb-4537-81dd-ad6a30d646c7 for RaftStorage:Storage Directory /workdir/hadoop-ozone/integration-test/target/test-dir/MiniOzoneClusterImpl-985c7318-59c1-459c-b117-5bea8fb64214/datanode-0/data/ratis/d9dac5d8-25eb-4537-81dd-ad6a30d646c7
2019-08-20 15:23:40,557 [pool-124-thread-1] INFO  server.RaftServerConfigKeys (ConfUtils.java:logGet(43)) - raft.server.log.statemachine.data.sync.timeout.retry = -1 (default)
2019-08-20 15:23:40,557 [pool-135-thread-1] INFO  server.RaftServerConfigKeys (ConfUtils.java:logGet(43)) - raft.server.log.queue.element-limit = 1024 (custom)
2019-08-20 15:23:40,558 [pool-113-thread-1] INFO  server.RaftServerConfigKeys (ConfUtils.java:logGet(43)) - raft.server.log.queue.byte-limit = 2147483647 (custom)
2019-08-20 15:23:40,558 [pool-124-thread-1] INFO  server.RaftServerConfigKeys (ConfUtils.java:logGet(43)) - raft.server.log.statemachine.data.caching.enabled = true (custom)
2019-08-20 15:23:40,558 [pool-135-thread-1] INFO  server.RaftServerConfigKeys (ConfUtils.java:logGet(43)) - raft.server.log.segment.size.max = 1048576 (custom)
2019-08-20 15:23:40,558 [pool-113-thread-1] INFO  server.RaftServerConfigKeys (ConfUtils.java:logGet(43)) - raft.server.log.queue.element-limit = 1024 (custom)
2019-08-20 15:23:40,558 [pool-135-thread-1] INFO  server.RaftServerConfigKeys (ConfUtils.java:logGet(43)) - raft.server.log.preallocated.size = 16384 (custom)
2019-08-20 15:23:40,558 [pool-135-thread-1] INFO  server.RaftServerConfigKeys (ConfUtils.java:logGet(43)) - raft.server.log.write.buffer.size = 33554432 (custom)
2019-08-20 15:23:40,558 [pool-113-thread-1] INFO  server.RaftServerConfigKeys (ConfUtils.java:logGet(43)) - raft.server.log.segment.size.max = 1048576 (custom)
2019-08-20 15:23:40,558 [pool-124-thread-1] INFO  segmented.SegmentedRaftLogWorker (SegmentedRaftLogWorker.java:lambda$new$0(132)) - 1ab56027-920f-45ef-b012-dea18e451f4d-SegmentedRaftLogWorker:Storage Directory /workdir/hadoop-ozone/integration-test/target/test-dir/MiniOzoneClusterImpl-985c7318-59c1-459c-b117-5bea8fb64214/datanode-1/data/ratis/d9dac5d8-25eb-4537-81dd-ad6a30d646c7: flushIndex: setUnconditionally 0 -> -1
2019-08-20 15:23:40,559 [pool-113-thread-1] INFO  server.RaftServerConfigKeys (ConfUtils.java:logGet(43)) - raft.server.log.preallocated.size = 16384 (custom)
2019-08-20 15:23:40,559 [pool-135-thread-1] INFO  server.RaftServerConfigKeys (ConfUtils.java:logGet(43)) - raft.server.log.force.sync.num = 128 (default)
2019-08-20 15:23:40,559 [pool-113-thread-1] INFO  server.RaftServerConfigKeys (ConfUtils.java:logGet(43)) - raft.server.log.write.buffer.size = 33554432 (custom)
2019-08-20 15:23:40,559 [pool-124-thread-1] INFO  server.RaftServerConfigKeys (ConfUtils.java:logGet(43)) - raft.server.snapshot.auto.trigger.enabled = true (custom)
2019-08-20 15:23:40,559 [pool-135-thread-1] INFO  server.RaftServerConfigKeys (ConfUtils.java:logGet(43)) - raft.server.log.statemachine.data.sync = true (default)
2019-08-20 15:23:40,559 [pool-124-thread-1] INFO  server.RaftServerConfigKeys (ConfUtils.java:logGet(43)) - raft.server.snapshot.auto.trigger.threshold = 10000 (custom)
2019-08-20 15:23:40,559 [pool-113-thread-1] INFO  server.RaftServerConfigKeys (ConfUtils.java:logGet(43)) - raft.server.log.force.sync.num = 128 (default)
2019-08-20 15:23:40,559 [pool-135-thread-1] INFO  server.RaftServerConfigKeys (ConfUtils.java:logGet(43)) - raft.server.log.statemachine.data.sync.timeout = 10s (default)
2019-08-20 15:23:40,560 [pool-124-thread-1] INFO  server.RaftServerConfigKeys (ConfUtils.java:logGet(43)) - raft.server.retrycache.expirytime = 600000ms (custom)
2019-08-20 15:23:40,560 [pool-113-thread-1] INFO  server.RaftServerConfigKeys (ConfUtils.java:logGet(43)) - raft.server.log.statemachine.data.sync = true (default)
2019-08-20 15:23:40,560 [pool-135-thread-1] INFO  server.RaftServerConfigKeys (ConfUtils.java:logGet(43)) - raft.server.log.statemachine.data.sync.timeout.retry = -1 (default)
2019-08-20 15:23:40,560 [pool-124-thread-1] INFO  impl.RaftServerImpl (RaftServerImpl.java:start(180)) - 1ab56027-920f-45ef-b012-dea18e451f4d: start group-AD6A30D646C7
2019-08-20 15:23:40,560 [pool-113-thread-1] INFO  server.RaftServerConfigKeys (ConfUtils.java:logGet(43)) - raft.server.log.statemachine.data.sync.timeout = 10s (default)
2019-08-20 15:23:40,560 [pool-124-thread-1] INFO  impl.RaftServerImpl (RaftServerImpl.java:setRole(171)) - 1ab56027-920f-45ef-b012-dea18e451f4d:group-AD6A30D646C7 changes role from null to FOLLOWER at term 0 for startAsFollower
2019-08-20 15:23:40,560 [pool-135-thread-1] INFO  server.RaftServerConfigKeys (ConfUtils.java:logGet(43)) - raft.server.log.statemachine.data.caching.enabled = true (custom)
2019-08-20 15:23:40,561 [pool-124-thread-1] INFO  impl.RoleInfo (RoleInfo.java:updateAndGet(143)) - 1ab56027-920f-45ef-b012-dea18e451f4d: start FollowerState
2019-08-20 15:23:40,561 [pool-135-thread-1] INFO  segmented.SegmentedRaftLogWorker (SegmentedRaftLogWorker.java:lambda$new$0(132)) - 3ba89adc-d403-4b9d-8267-150dfa29993f-SegmentedRaftLogWorker:Storage Directory /workdir/hadoop-ozone/integration-test/target/test-dir/MiniOzoneClusterImpl-985c7318-59c1-459c-b117-5bea8fb64214/datanode-2/data/ratis/d9dac5d8-25eb-4537-81dd-ad6a30d646c7: flushIndex: setUnconditionally 0 -> -1
2019-08-20 15:23:40,560 [pool-113-thread-1] INFO  server.RaftServerConfigKeys (ConfUtils.java:logGet(43)) - raft.server.log.statemachine.data.sync.timeout.retry = -1 (default)
2019-08-20 15:23:40,561 [pool-135-thread-1] INFO  server.RaftServerConfigKeys (ConfUtils.java:logGet(43)) - raft.server.snapshot.auto.trigger.enabled = true (custom)
2019-08-20 15:23:40,561 [pool-113-thread-1] INFO  server.RaftServerConfigKeys (ConfUtils.java:logGet(43)) - raft.server.log.statemachine.data.caching.enabled = true (custom)
2019-08-20 15:23:40,561 [pool-124-thread-1] INFO  util.JmxRegister (JmxRegister.java:tryRegister(44)) - Successfully registered JMX Bean with object name Ratis:service=RaftServer,group=group-AD6A30D646C7,id=1ab56027-920f-45ef-b012-dea18e451f4d
2019-08-20 15:23:40,561 [pool-135-thread-1] INFO  server.RaftServerConfigKeys (ConfUtils.java:logGet(43)) - raft.server.snapshot.auto.trigger.threshold = 10000 (custom)
2019-08-20 15:23:40,562 [pool-113-thread-1] INFO  segmented.SegmentedRaftLogWorker (SegmentedRaftLogWorker.java:lambda$new$0(132)) - 79059cc4-1000-433d-b8f6-bb136447d900-SegmentedRaftLogWorker:Storage Directory /workdir/hadoop-ozone/integration-test/target/test-dir/MiniOzoneClusterImpl-985c7318-59c1-459c-b117-5bea8fb64214/datanode-0/data/ratis/d9dac5d8-25eb-4537-81dd-ad6a30d646c7: flushIndex: setUnconditionally 0 -> -1
2019-08-20 15:23:40,562 [pool-135-thread-1] INFO  server.RaftServerConfigKeys (ConfUtils.java:logGet(43)) - raft.server.retrycache.expirytime = 600000ms (custom)
2019-08-20 15:23:40,562 [pool-135-thread-1] INFO  impl.RaftServerImpl (RaftServerImpl.java:start(180)) - 3ba89adc-d403-4b9d-8267-150dfa29993f: start group-AD6A30D646C7
2019-08-20 15:23:40,562 [pool-113-thread-1] INFO  server.RaftServerConfigKeys (ConfUtils.java:logGet(43)) - raft.server.snapshot.auto.trigger.enabled = true (custom)
2019-08-20 15:23:40,562 [pool-135-thread-1] INFO  impl.RaftServerImpl (RaftServerImpl.java:setRole(171)) - 3ba89adc-d403-4b9d-8267-150dfa29993f:group-AD6A30D646C7 changes role from null to FOLLOWER at term 0 for startAsFollower
2019-08-20 15:23:40,562 [pool-113-thread-1] INFO  server.RaftServerConfigKeys (ConfUtils.java:logGet(43)) - raft.server.snapshot.auto.trigger.threshold = 10000 (custom)
2019-08-20 15:23:40,562 [pool-135-thread-1] INFO  impl.RoleInfo (RoleInfo.java:updateAndGet(143)) - 3ba89adc-d403-4b9d-8267-150dfa29993f: start FollowerState
2019-08-20 15:23:40,562 [pool-113-thread-1] INFO  server.RaftServerConfigKeys (ConfUtils.java:logGet(43)) - raft.server.retrycache.expirytime = 600000ms (custom)
2019-08-20 15:23:40,563 [pool-135-thread-1] INFO  util.JmxRegister (JmxRegister.java:tryRegister(44)) - Successfully registered JMX Bean with object name Ratis:service=RaftServer,group=group-AD6A30D646C7,id=3ba89adc-d403-4b9d-8267-150dfa29993f
2019-08-20 15:23:40,563 [pool-113-thread-1] INFO  impl.RaftServerImpl (RaftServerImpl.java:start(180)) - 79059cc4-1000-433d-b8f6-bb136447d900: start group-AD6A30D646C7
2019-08-20 15:23:40,563 [pool-113-thread-1] INFO  impl.RaftServerImpl (RaftServerImpl.java:setRole(171)) - 79059cc4-1000-433d-b8f6-bb136447d900:group-AD6A30D646C7 changes role from null to FOLLOWER at term 0 for startAsFollower
2019-08-20 15:23:40,563 [pool-113-thread-1] INFO  impl.RoleInfo (RoleInfo.java:updateAndGet(143)) - 79059cc4-1000-433d-b8f6-bb136447d900: start FollowerState
2019-08-20 15:23:40,565 [pool-113-thread-1] INFO  util.JmxRegister (JmxRegister.java:tryRegister(44)) - Successfully registered JMX Bean with object name Ratis:service=RaftServer,group=group-AD6A30D646C7,id=79059cc4-1000-433d-b8f6-bb136447d900
2019-08-20 15:23:40,570 [RatisPipelineUtilsThread] INFO  pipeline.PipelineStateManager (PipelineStateManager.java:addPipeline(56)) - Created pipeline Pipeline[ Id: d9dac5d8-25eb-4537-81dd-ad6a30d646c7, Nodes: 3ba89adc-d403-4b9d-8267-150dfa29993f{ip: 192.168.69.96, host: pr-hdds-1946lgncr-3764977478, networkLocation: /default-rack, certSerialId: null}1ab56027-920f-45ef-b012-dea18e451f4d{ip: 192.168.69.96, host: pr-hdds-1946lgncr-3764977478, networkLocation: /default-rack, certSerialId: null}79059cc4-1000-433d-b8f6-bb136447d900{ip: 192.168.69.96, host: pr-hdds-1946lgncr-3764977478, networkLocation: /default-rack, certSerialId: null}, Type:RATIS, Factor:THREE, State:OPEN]
2019-08-20 15:23:41,421 [Thread-329] INFO  ozone.MiniOzoneClusterImpl (MiniOzoneClusterImpl.java:lambda$waitForClusterToBeReady$0(142)) - Cluster is ready. Got 3 of 3 DN Heartbeats.
2019-08-20 15:23:41,422 [Thread-329] INFO  datanode.ObjectStoreHandler (ObjectStoreHandler.java:close(155)) - Closing ObjectStoreHandler.
2019-08-20 15:23:41,423 [Thread-329] INFO  ozone.HddsDatanodeService (HddsDatanodeService.java:stop(451)) - Stopped plug-in org.apache.hadoop.ozone.web.OzoneHddsDatanodeService@e1b69f5
2019-08-20 15:23:41,914 [Datanode State Machine Thread - 0] INFO  statemachine.DatanodeStateMachine (DatanodeStateMachine.java:lambda$startDaemon$0(350)) - Ozone container server started.
2019-08-20 15:23:42,178 | INFO  | SCMAudit | user=jenkins1000 | ip=192.168.69.96 | op=SEND_HEARTBEAT {datanodeUUID=1ab56027-920f-45ef-b012-dea18e451f4d, command=[]} | ret=SUCCESS |  
2019-08-20 15:23:42,422 | INFO  | SCMAudit | user=jenkins1000 | ip=192.168.69.96 | op=SEND_HEARTBEAT {datanodeUUID=3ba89adc-d403-4b9d-8267-150dfa29993f, command=[]} | ret=SUCCESS |  
2019-08-20 15:23:42,924 [Thread-501] INFO  container.ReplicationManager (ReplicationManager.java:start(152)) - Starting Replication Monitor Thread.
2019-08-20 15:23:42,927 [ReplicationMonitor] INFO  container.ReplicationManager (ReplicationManager.java:run(215)) - Replication Monitor Thread took 0 milliseconds for processing 0 containers.
2019-08-20 15:23:43,180 | INFO  | SCMAudit | user=jenkins1000 | ip=192.168.69.96 | op=SEND_HEARTBEAT {datanodeUUID=1ab56027-920f-45ef-b012-dea18e451f4d, command=[]} | ret=SUCCESS |  
2019-08-20 15:23:43,422 | INFO  | SCMAudit | user=jenkins1000 | ip=192.168.69.96 | op=SEND_HEARTBEAT {datanodeUUID=3ba89adc-d403-4b9d-8267-150dfa29993f, command=[]} | ret=SUCCESS |  
2019-08-20 15:23:44,179 | INFO  | SCMAudit | user=jenkins1000 | ip=192.168.69.96 | op=SEND_HEARTBEAT {datanodeUUID=1ab56027-920f-45ef-b012-dea18e451f4d, command=[]} | ret=SUCCESS |  
2019-08-20 15:23:44,423 | INFO  | SCMAudit | user=jenkins1000 | ip=192.168.69.96 | op=SEND_HEARTBEAT {datanodeUUID=3ba89adc-d403-4b9d-8267-150dfa29993f, command=[]} | ret=SUCCESS |  
2019-08-20 15:23:45,143 [Thread-503] INFO  impl.FollowerState (FollowerState.java:run(106)) - 79059cc4-1000-433d-b8f6-bb136447d900:group-836F314DBD82 changes to CANDIDATE, lastRpcTime:5118, electionTimeout:5118ms
2019-08-20 15:23:45,143 [Thread-503] INFO  impl.RoleInfo (RoleInfo.java:shutdownFollowerState(121)) - 79059cc4-1000-433d-b8f6-bb136447d900: shutdown FollowerState
2019-08-20 15:23:45,143 [Thread-503] INFO  impl.RaftServerImpl (RaftServerImpl.java:setRole(171)) - 79059cc4-1000-433d-b8f6-bb136447d900:group-836F314DBD82 changes role from FOLLOWER to CANDIDATE at term 0 for changeToCandidate
2019-08-20 15:23:45,143 [Thread-503] INFO  impl.RoleInfo (RoleInfo.java:updateAndGet(143)) - 79059cc4-1000-433d-b8f6-bb136447d900: start LeaderElection
2019-08-20 15:23:45,161 [79059cc4-1000-433d-b8f6-bb136447d900:group-836F314DBD82:LeaderElection10] INFO  impl.LeaderElection (LeaderElection.java:askForVotes(181)) - 79059cc4-1000-433d-b8f6-bb136447d900:group-836F314DBD82:LeaderElection10: begin an election at term 1 for -1: [79059cc4-1000-433d-b8f6-bb136447d900:192.168.69.96:42288], old=null
2019-08-20 15:23:45,161 [79059cc4-1000-433d-b8f6-bb136447d900:group-836F314DBD82:LeaderElection10] INFO  impl.RoleInfo (RoleInfo.java:shutdownLeaderElection(134)) - 79059cc4-1000-433d-b8f6-bb136447d900: shutdown LeaderElection
2019-08-20 15:23:45,161 [79059cc4-1000-433d-b8f6-bb136447d900:group-836F314DBD82:LeaderElection10] INFO  impl.RaftServerImpl (RaftServerImpl.java:setRole(171)) - 79059cc4-1000-433d-b8f6-bb136447d900:group-836F314DBD82 changes role from CANDIDATE to LEADER at term 1 for changeToLeader
2019-08-20 15:23:45,161 [79059cc4-1000-433d-b8f6-bb136447d900:group-836F314DBD82:LeaderElection10] INFO  impl.RaftServerImpl (ServerState.java:setLeader(263)) - 79059cc4-1000-433d-b8f6-bb136447d900:group-836F314DBD82 change Leader from null to 79059cc4-1000-433d-b8f6-bb136447d900 at term 1 for becomeLeader, leader elected after 5142ms
2019-08-20 15:23:45,162 [79059cc4-1000-433d-b8f6-bb136447d900:group-836F314DBD82:LeaderElection10] INFO  server.RaftServerConfigKeys (ConfUtils.java:logGet(43)) - raft.server.staging.catchup.gap = 1000 (default)
2019-08-20 15:23:45,162 [79059cc4-1000-433d-b8f6-bb136447d900:group-836F314DBD82:LeaderElection10] INFO  server.RaftServerConfigKeys (ConfUtils.java:logGet(43)) - raft.server.rpc.sleep.time = 25ms (default)
2019-08-20 15:23:45,162 [79059cc4-1000-433d-b8f6-bb136447d900:group-836F314DBD82:LeaderElection10] INFO  server.RaftServerConfigKeys (ConfUtils.java:logGet(43)) - raft.server.write.element-limit = 4096 (default)
2019-08-20 15:23:45,162 [79059cc4-1000-433d-b8f6-bb136447d900:group-836F314DBD82:LeaderElection10] INFO  server.RaftServerConfigKeys (ConfUtils.java:logGet(43)) - raft.server.watch.timeout = 10s (default)
2019-08-20 15:23:45,162 [79059cc4-1000-433d-b8f6-bb136447d900:group-836F314DBD82:LeaderElection10] INFO  server.RaftServerConfigKeys (ConfUtils.java:logGet(43)) - raft.server.watch.timeout.denomination = 1s (default)
2019-08-20 15:23:45,162 [79059cc4-1000-433d-b8f6-bb136447d900:group-836F314DBD82:LeaderElection10] INFO  server.RaftServerConfigKeys (ConfUtils.java:logGet(43)) - raft.server.watch.element-limit = 65536 (default)
2019-08-20 15:23:45,163 [79059cc4-1000-433d-b8f6-bb136447d900:group-836F314DBD82:LeaderElection10] INFO  impl.RoleInfo (RoleInfo.java:updateAndGet(143)) - 79059cc4-1000-433d-b8f6-bb136447d900: start LeaderState
2019-08-20 15:23:45,163 [79059cc4-1000-433d-b8f6-bb136447d900:group-836F314DBD82:LeaderElection10] INFO  segmented.SegmentedRaftLogWorker (SegmentedRaftLogWorker.java:startLogSegment(380)) - 79059cc4-1000-433d-b8f6-bb136447d900-SegmentedRaftLogWorker:Storage Directory /workdir/hadoop-ozone/integration-test/target/test-dir/MiniOzoneClusterImpl-985c7318-59c1-459c-b117-5bea8fb64214/datanode-0/data/ratis/27f46263-6e81-489c-9f6e-836f314dbd82: Starting segment from index:0
2019-08-20 15:23:45,163 [79059cc4-1000-433d-b8f6-bb136447d900:group-836F314DBD82:LeaderElection10] INFO  impl.RaftServerImpl (ServerState.java:setRaftConf(361)) - 79059cc4-1000-433d-b8f6-bb136447d900:group-836F314DBD82 set configuration 0: [79059cc4-1000-433d-b8f6-bb136447d900:192.168.69.96:42288], old=null at 0
2019-08-20 15:23:45,190 | INFO  | SCMAudit | user=jenkins1000 | ip=192.168.69.96 | op=SEND_HEARTBEAT {datanodeUUID=1ab56027-920f-45ef-b012-dea18e451f4d, command=[]} | ret=SUCCESS |  
2019-08-20 15:23:45,206 [79059cc4-1000-433d-b8f6-bb136447d900-SegmentedRaftLogWorker:Storage Directory /workdir/hadoop-ozone/integration-test/target/test-dir/MiniOzoneClusterImpl-985c7318-59c1-459c-b117-5bea8fb64214/datanode-0/data/ratis/27f46263-6e81-489c-9f6e-836f314dbd82] INFO  segmented.SegmentedRaftLogWorker (SegmentedRaftLogWorker.java:execute(569)) - 79059cc4-1000-433d-b8f6-bb136447d900-SegmentedRaftLogWorker:Storage Directory /workdir/hadoop-ozone/integration-test/target/test-dir/MiniOzoneClusterImpl-985c7318-59c1-459c-b117-5bea8fb64214/datanode-0/data/ratis/27f46263-6e81-489c-9f6e-836f314dbd82: created new log segment /workdir/hadoop-ozone/integration-test/target/test-dir/MiniOzoneClusterImpl-985c7318-59c1-459c-b117-5bea8fb64214/datanode-0/data/ratis/27f46263-6e81-489c-9f6e-836f314dbd82/current/log_inprogress_0
2019-08-20 15:23:45,263 [Thread-506] INFO  impl.FollowerState (FollowerState.java:run(106)) - 1ab56027-920f-45ef-b012-dea18e451f4d:group-EDBE92749861 changes to CANDIDATE, lastRpcTime:5004, electionTimeout:5004ms
2019-08-20 15:23:45,263 [Thread-506] INFO  impl.RoleInfo (RoleInfo.java:shutdownFollowerState(121)) - 1ab56027-920f-45ef-b012-dea18e451f4d: shutdown FollowerState
2019-08-20 15:23:45,263 [Thread-506] INFO  impl.RaftServerImpl (RaftServerImpl.java:setRole(171)) - 1ab56027-920f-45ef-b012-dea18e451f4d:group-EDBE92749861 changes role from FOLLOWER to CANDIDATE at term 0 for changeToCandidate
2019-08-20 15:23:45,263 [Thread-506] INFO  impl.RoleInfo (RoleInfo.java:updateAndGet(143)) - 1ab56027-920f-45ef-b012-dea18e451f4d: start LeaderElection
2019-08-20 15:23:45,290 [1ab56027-920f-45ef-b012-dea18e451f4d:group-EDBE92749861:LeaderElection11] INFO  impl.LeaderElection (LeaderElection.java:askForVotes(181)) - 1ab56027-920f-45ef-b012-dea18e451f4d:group-EDBE92749861:LeaderElection11: begin an election at term 1 for -1: [1ab56027-920f-45ef-b012-dea18e451f4d:192.168.69.96:41729], old=null
2019-08-20 15:23:45,290 [1ab56027-920f-45ef-b012-dea18e451f4d:group-EDBE92749861:LeaderElection11] INFO  impl.RoleInfo (RoleInfo.java:shutdownLeaderElection(134)) - 1ab56027-920f-45ef-b012-dea18e451f4d: shutdown LeaderElection
2019-08-20 15:23:45,290 [1ab56027-920f-45ef-b012-dea18e451f4d:group-EDBE92749861:LeaderElection11] INFO  impl.RaftServerImpl (RaftServerImpl.java:setRole(171)) - 1ab56027-920f-45ef-b012-dea18e451f4d:group-EDBE92749861 changes role from CANDIDATE to LEADER at term 1 for changeToLeader
2019-08-20 15:23:45,290 [1ab56027-920f-45ef-b012-dea18e451f4d:group-EDBE92749861:LeaderElection11] INFO  impl.RaftServerImpl (ServerState.java:setLeader(263)) - 1ab56027-920f-45ef-b012-dea18e451f4d:group-EDBE92749861 change Leader from null to 1ab56027-920f-45ef-b012-dea18e451f4d at term 1 for becomeLeader, leader elected after 5037ms
2019-08-20 15:23:45,290 [1ab56027-920f-45ef-b012-dea18e451f4d:group-EDBE92749861:LeaderElection11] INFO  server.RaftServerConfigKeys (ConfUtils.java:logGet(43)) - raft.server.staging.catchup.gap = 1000 (default)
2019-08-20 15:23:45,290 [1ab56027-920f-45ef-b012-dea18e451f4d:group-EDBE92749861:LeaderElection11] INFO  server.RaftServerConfigKeys (ConfUtils.java:logGet(43)) - raft.server.rpc.sleep.time = 25ms (default)
2019-08-20 15:23:45,291 [1ab56027-920f-45ef-b012-dea18e451f4d:group-EDBE92749861:LeaderElection11] INFO  server.RaftServerConfigKeys (ConfUtils.java:logGet(43)) - raft.server.write.element-limit = 4096 (default)
2019-08-20 15:23:45,291 [1ab56027-920f-45ef-b012-dea18e451f4d:group-EDBE92749861:LeaderElection11] INFO  server.RaftServerConfigKeys (ConfUtils.java:logGet(43)) - raft.server.watch.timeout = 10s (default)
2019-08-20 15:23:45,291 [1ab56027-920f-45ef-b012-dea18e451f4d:group-EDBE92749861:LeaderElection11] INFO  server.RaftServerConfigKeys (ConfUtils.java:logGet(43)) - raft.server.watch.timeout.denomination = 1s (default)
2019-08-20 15:23:45,291 [1ab56027-920f-45ef-b012-dea18e451f4d:group-EDBE92749861:LeaderElection11] INFO  server.RaftServerConfigKeys (ConfUtils.java:logGet(43)) - raft.server.watch.element-limit = 65536 (default)
2019-08-20 15:23:45,291 [1ab56027-920f-45ef-b012-dea18e451f4d:group-EDBE92749861:LeaderElection11] INFO  impl.RoleInfo (RoleInfo.java:updateAndGet(143)) - 1ab56027-920f-45ef-b012-dea18e451f4d: start LeaderState
2019-08-20 15:23:45,291 [1ab56027-920f-45ef-b012-dea18e451f4d:group-EDBE92749861:LeaderElection11] INFO  segmented.SegmentedRaftLogWorker (SegmentedRaftLogWorker.java:startLogSegment(380)) - 1ab56027-920f-45ef-b012-dea18e451f4d-SegmentedRaftLogWorker:Storage Directory /workdir/hadoop-ozone/integration-test/target/test-dir/MiniOzoneClusterImpl-985c7318-59c1-459c-b117-5bea8fb64214/datanode-1/data/ratis/45e96493-582c-4a01-af48-edbe92749861: Starting segment from index:0
2019-08-20 15:23:45,292 [1ab56027-920f-45ef-b012-dea18e451f4d:group-EDBE92749861:LeaderElection11] INFO  impl.RaftServerImpl (ServerState.java:setRaftConf(361)) - 1ab56027-920f-45ef-b012-dea18e451f4d:group-EDBE92749861 set configuration 0: [1ab56027-920f-45ef-b012-dea18e451f4d:192.168.69.96:41729], old=null at 0
2019-08-20 15:23:45,328 [EventQueue-StaleNodeForStaleNodeHandler] INFO  node.StaleNodeHandler (StaleNodeHandler.java:onMessage(58)) - Datanode 79059cc4-1000-433d-b8f6-bb136447d900{ip: 192.168.69.96, host: pr-hdds-1946lgncr-3764977478, networkLocation: /default-rack, certSerialId: null} moved to stale state. Finalizing its pipelines [PipelineID=27f46263-6e81-489c-9f6e-836f314dbd82, PipelineID=d9dac5d8-25eb-4537-81dd-ad6a30d646c7]
2019-08-20 15:23:45,328 [EventQueue-StaleNodeForStaleNodeHandler] INFO  pipeline.SCMPipelineManager (SCMPipelineManager.java:finalizeAndDestroyPipeline(309)) - destroying pipeline:Pipeline[ Id: 27f46263-6e81-489c-9f6e-836f314dbd82, Nodes: 79059cc4-1000-433d-b8f6-bb136447d900{ip: 192.168.69.96, host: pr-hdds-1946lgncr-3764977478, networkLocation: /default-rack, certSerialId: null}, Type:RATIS, Factor:ONE, State:OPEN]
2019-08-20 15:23:45,328 [EventQueue-StaleNodeForStaleNodeHandler] INFO  pipeline.PipelineStateManager (PipelineStateManager.java:finalizePipeline(123)) - Pipeline Pipeline[ Id: 27f46263-6e81-489c-9f6e-836f314dbd82, Nodes: 79059cc4-1000-433d-b8f6-bb136447d900{ip: 192.168.69.96, host: pr-hdds-1946lgncr-3764977478, networkLocation: /default-rack, certSerialId: null}, Type:RATIS, Factor:ONE, State:CLOSED] moved to CLOSED state
2019-08-20 15:23:45,330 [EventQueue-StaleNodeForStaleNodeHandler] INFO  pipeline.SCMPipelineManager (SCMPipelineManager.java:finalizeAndDestroyPipeline(309)) - destroying pipeline:Pipeline[ Id: d9dac5d8-25eb-4537-81dd-ad6a30d646c7, Nodes: 3ba89adc-d403-4b9d-8267-150dfa29993f{ip: 192.168.69.96, host: pr-hdds-1946lgncr-3764977478, networkLocation: /default-rack, certSerialId: null}1ab56027-920f-45ef-b012-dea18e451f4d{ip: 192.168.69.96, host: pr-hdds-1946lgncr-3764977478, networkLocation: /default-rack, certSerialId: null}79059cc4-1000-433d-b8f6-bb136447d900{ip: 192.168.69.96, host: pr-hdds-1946lgncr-3764977478, networkLocation: /default-rack, certSerialId: null}, Type:RATIS, Factor:THREE, State:OPEN]
2019-08-20 15:23:45,331 [EventQueue-StaleNodeForStaleNodeHandler] INFO  pipeline.PipelineStateManager (PipelineStateManager.java:finalizePipeline(123)) - Pipeline Pipeline[ Id: d9dac5d8-25eb-4537-81dd-ad6a30d646c7, Nodes: 3ba89adc-d403-4b9d-8267-150dfa29993f{ip: 192.168.69.96, host: pr-hdds-1946lgncr-3764977478, networkLocation: /default-rack, certSerialId: null}1ab56027-920f-45ef-b012-dea18e451f4d{ip: 192.168.69.96, host: pr-hdds-1946lgncr-3764977478, networkLocation: /default-rack, certSerialId: null}79059cc4-1000-433d-b8f6-bb136447d900{ip: 192.168.69.96, host: pr-hdds-1946lgncr-3764977478, networkLocation: /default-rack, certSerialId: null}, Type:RATIS, Factor:THREE, State:CLOSED] moved to CLOSED state
2019-08-20 15:23:45,335 [1ab56027-920f-45ef-b012-dea18e451f4d-SegmentedRaftLogWorker:Storage Directory /workdir/hadoop-ozone/integration-test/target/test-dir/MiniOzoneClusterImpl-985c7318-59c1-459c-b117-5bea8fb64214/datanode-1/data/ratis/45e96493-582c-4a01-af48-edbe92749861] INFO  segmented.SegmentedRaftLogWorker (SegmentedRaftLogWorker.java:execute(569)) - 1ab56027-920f-45ef-b012-dea18e451f4d-SegmentedRaftLogWorker:Storage Directory /workdir/hadoop-ozone/integration-test/target/test-dir/MiniOzoneClusterImpl-985c7318-59c1-459c-b117-5bea8fb64214/datanode-1/data/ratis/45e96493-582c-4a01-af48-edbe92749861: created new log segment /workdir/hadoop-ozone/integration-test/target/test-dir/MiniOzoneClusterImpl-985c7318-59c1-459c-b117-5bea8fb64214/datanode-1/data/ratis/45e96493-582c-4a01-af48-edbe92749861/current/log_inprogress_0
2019-08-20 15:23:45,423 | INFO  | SCMAudit | user=jenkins1000 | ip=192.168.69.96 | op=SEND_HEARTBEAT {datanodeUUID=3ba89adc-d403-4b9d-8267-150dfa29993f, command=[]} | ret=SUCCESS |  
2019-08-20 15:23:45,614 [Thread-509] INFO  impl.FollowerState (FollowerState.java:run(106)) - 3ba89adc-d403-4b9d-8267-150dfa29993f:group-41F2FF00AC41 changes to CANDIDATE, lastRpcTime:5137, electionTimeout:5137ms
2019-08-20 15:23:45,614 [Thread-509] INFO  impl.RoleInfo (RoleInfo.java:shutdownFollowerState(121)) - 3ba89adc-d403-4b9d-8267-150dfa29993f: shutdown FollowerState
2019-08-20 15:23:45,614 [Thread-509] INFO  impl.RaftServerImpl (RaftServerImpl.java:setRole(171)) - 3ba89adc-d403-4b9d-8267-150dfa29993f:group-41F2FF00AC41 changes role from FOLLOWER to CANDIDATE at term 0 for changeToCandidate
2019-08-20 15:23:45,615 [Thread-509] INFO  impl.RoleInfo (RoleInfo.java:updateAndGet(143)) - 3ba89adc-d403-4b9d-8267-150dfa29993f: start LeaderElection
2019-08-20 15:23:45,625 [Thread-515] INFO  impl.FollowerState (FollowerState.java:run(106)) - 3ba89adc-d403-4b9d-8267-150dfa29993f:group-AD6A30D646C7 changes to CANDIDATE, lastRpcTime:5062, electionTimeout:5062ms
2019-08-20 15:23:45,625 [Thread-515] INFO  impl.RoleInfo (RoleInfo.java:shutdownFollowerState(121)) - 3ba89adc-d403-4b9d-8267-150dfa29993f: shutdown FollowerState
2019-08-20 15:23:45,625 [Thread-515] INFO  impl.RaftServerImpl (RaftServerImpl.java:setRole(171)) - 3ba89adc-d403-4b9d-8267-150dfa29993f:group-AD6A30D646C7 changes role from FOLLOWER to CANDIDATE at term 0 for changeToCandidate
2019-08-20 15:23:45,625 [Thread-515] INFO  impl.RoleInfo (RoleInfo.java:updateAndGet(143)) - 3ba89adc-d403-4b9d-8267-150dfa29993f: start LeaderElection
2019-08-20 15:23:45,648 [Thread-512] INFO  impl.FollowerState (FollowerState.java:run(106)) - 1ab56027-920f-45ef-b012-dea18e451f4d:group-AD6A30D646C7 changes to CANDIDATE, lastRpcTime:5087, electionTimeout:5087ms
2019-08-20 15:23:45,648 [Thread-512] INFO  impl.RoleInfo (RoleInfo.java:shutdownFollowerState(121)) - 1ab56027-920f-45ef-b012-dea18e451f4d: shutdown FollowerState
2019-08-20 15:23:45,649 [Thread-512] INFO  impl.RaftServerImpl (RaftServerImpl.java:setRole(171)) - 1ab56027-920f-45ef-b012-dea18e451f4d:group-AD6A30D646C7 changes role from FOLLOWER to CANDIDATE at term 0 for changeToCandidate
2019-08-20 15:23:45,649 [Thread-512] INFO  impl.RoleInfo (RoleInfo.java:updateAndGet(143)) - 1ab56027-920f-45ef-b012-dea18e451f4d: start LeaderElection
2019-08-20 15:23:45,653 [3ba89adc-d403-4b9d-8267-150dfa29993f:group-41F2FF00AC41:LeaderElection12] INFO  impl.LeaderElection (LeaderElection.java:askForVotes(181)) - 3ba89adc-d403-4b9d-8267-150dfa29993f:group-41F2FF00AC41:LeaderElection12: begin an election at term 1 for -1: [3ba89adc-d403-4b9d-8267-150dfa29993f:192.168.69.96:41312], old=null
2019-08-20 15:23:45,653 [3ba89adc-d403-4b9d-8267-150dfa29993f:group-41F2FF00AC41:LeaderElection12] INFO  impl.RoleInfo (RoleInfo.java:shutdownLeaderElection(134)) - 3ba89adc-d403-4b9d-8267-150dfa29993f: shutdown LeaderElection
2019-08-20 15:23:45,654 [3ba89adc-d403-4b9d-8267-150dfa29993f:group-41F2FF00AC41:LeaderElection12] INFO  impl.RaftServerImpl (RaftServerImpl.java:setRole(171)) - 3ba89adc-d403-4b9d-8267-150dfa29993f:group-41F2FF00AC41 changes role from CANDIDATE to LEADER at term 1 for changeToLeader
2019-08-20 15:23:45,654 [3ba89adc-d403-4b9d-8267-150dfa29993f:group-41F2FF00AC41:LeaderElection12] INFO  impl.RaftServerImpl (ServerState.java:setLeader(263)) - 3ba89adc-d403-4b9d-8267-150dfa29993f:group-41F2FF00AC41 change Leader from null to 3ba89adc-d403-4b9d-8267-150dfa29993f at term 1 for becomeLeader, leader elected after 5181ms
2019-08-20 15:23:45,654 [3ba89adc-d403-4b9d-8267-150dfa29993f:group-41F2FF00AC41:LeaderElection12] INFO  server.RaftServerConfigKeys (ConfUtils.java:logGet(43)) - raft.server.staging.catchup.gap = 1000 (default)
2019-08-20 15:23:45,654 [3ba89adc-d403-4b9d-8267-150dfa29993f:group-41F2FF00AC41:LeaderElection12] INFO  server.RaftServerConfigKeys (ConfUtils.java:logGet(43)) - raft.server.rpc.sleep.time = 25ms (default)
2019-08-20 15:23:45,655 [3ba89adc-d403-4b9d-8267-150dfa29993f:group-41F2FF00AC41:LeaderElection12] INFO  server.RaftServerConfigKeys (ConfUtils.java:logGet(43)) - raft.server.write.element-limit = 4096 (default)
2019-08-20 15:23:45,655 [3ba89adc-d403-4b9d-8267-150dfa29993f:group-41F2FF00AC41:LeaderElection12] INFO  server.RaftServerConfigKeys (ConfUtils.java:logGet(43)) - raft.server.watch.timeout = 10s (default)
2019-08-20 15:23:45,655 [3ba89adc-d403-4b9d-8267-150dfa29993f:group-41F2FF00AC41:LeaderElection12] INFO  server.RaftServerConfigKeys (ConfUtils.java:logGet(43)) - raft.server.watch.timeout.denomination = 1s (default)
2019-08-20 15:23:45,655 [3ba89adc-d403-4b9d-8267-150dfa29993f:group-41F2FF00AC41:LeaderElection12] INFO  server.RaftServerConfigKeys (ConfUtils.java:logGet(43)) - raft.server.watch.element-limit = 65536 (default)
2019-08-20 15:23:45,656 [3ba89adc-d403-4b9d-8267-150dfa29993f:group-41F2FF00AC41:LeaderElection12] INFO  impl.RoleInfo (RoleInfo.java:updateAndGet(143)) - 3ba89adc-d403-4b9d-8267-150dfa29993f: start LeaderState
2019-08-20 15:23:45,656 [3ba89adc-d403-4b9d-8267-150dfa29993f:group-41F2FF00AC41:LeaderElection12] INFO  segmented.SegmentedRaftLogWorker (SegmentedRaftLogWorker.java:startLogSegment(380)) - 3ba89adc-d403-4b9d-8267-150dfa29993f-SegmentedRaftLogWorker:Storage Directory /workdir/hadoop-ozone/integration-test/target/test-dir/MiniOzoneClusterImpl-985c7318-59c1-459c-b117-5bea8fb64214/datanode-2/data/ratis/aa5beeae-28dd-4945-9761-41f2ff00ac41: Starting segment from index:0
2019-08-20 15:23:45,658 [3ba89adc-d403-4b9d-8267-150dfa29993f:group-41F2FF00AC41:LeaderElection12] INFO  impl.RaftServerImpl (ServerState.java:setRaftConf(361)) - 3ba89adc-d403-4b9d-8267-150dfa29993f:group-41F2FF00AC41 set configuration 0: [3ba89adc-d403-4b9d-8267-150dfa29993f:192.168.69.96:41312], old=null at 0
2019-08-20 15:23:45,687 [1ab56027-920f-45ef-b012-dea18e451f4d:group-AD6A30D646C7:LeaderElection14] INFO  impl.LeaderElection (LeaderElection.java:askForVotes(181)) - 1ab56027-920f-45ef-b012-dea18e451f4d:group-AD6A30D646C7:LeaderElection14: begin an election at term 1 for -1: [1ab56027-920f-45ef-b012-dea18e451f4d:192.168.69.96:41729, 79059cc4-1000-433d-b8f6-bb136447d900:192.168.69.96:42288, 3ba89adc-d403-4b9d-8267-150dfa29993f:192.168.69.96:41312], old=null
2019-08-20 15:23:45,687 [3ba89adc-d403-4b9d-8267-150dfa29993f:group-AD6A30D646C7:LeaderElection13] INFO  impl.LeaderElection (LeaderElection.java:askForVotes(181)) - 3ba89adc-d403-4b9d-8267-150dfa29993f:group-AD6A30D646C7:LeaderElection13: begin an election at term 1 for -1: [1ab56027-920f-45ef-b012-dea18e451f4d:192.168.69.96:41729, 79059cc4-1000-433d-b8f6-bb136447d900:192.168.69.96:42288, 3ba89adc-d403-4b9d-8267-150dfa29993f:192.168.69.96:41312], old=null
2019-08-20 15:23:45,705 [3ba89adc-d403-4b9d-8267-150dfa29993f-SegmentedRaftLogWorker:Storage Directory /workdir/hadoop-ozone/integration-test/target/test-dir/MiniOzoneClusterImpl-985c7318-59c1-459c-b117-5bea8fb64214/datanode-2/data/ratis/aa5beeae-28dd-4945-9761-41f2ff00ac41] INFO  segmented.SegmentedRaftLogWorker (SegmentedRaftLogWorker.java:execute(569)) - 3ba89adc-d403-4b9d-8267-150dfa29993f-SegmentedRaftLogWorker:Storage Directory /workdir/hadoop-ozone/integration-test/target/test-dir/MiniOzoneClusterImpl-985c7318-59c1-459c-b117-5bea8fb64214/datanode-2/data/ratis/aa5beeae-28dd-4945-9761-41f2ff00ac41: created new log segment /workdir/hadoop-ozone/integration-test/target/test-dir/MiniOzoneClusterImpl-985c7318-59c1-459c-b117-5bea8fb64214/datanode-2/data/ratis/aa5beeae-28dd-4945-9761-41f2ff00ac41/current/log_inprogress_0
2019-08-20 15:23:45,705 [grpc-default-executor-1] INFO  impl.RaftServerImpl (RaftServerImpl.java:setRole(171)) - 79059cc4-1000-433d-b8f6-bb136447d900:group-AD6A30D646C7 changes role from FOLLOWER to FOLLOWER at term 1 for recognizeCandidate:3ba89adc-d403-4b9d-8267-150dfa29993f
2019-08-20 15:23:45,706 [grpc-default-executor-1] INFO  impl.RoleInfo (RoleInfo.java:shutdownFollowerState(121)) - 79059cc4-1000-433d-b8f6-bb136447d900: shutdown FollowerState
2019-08-20 15:23:45,708 [grpc-default-executor-1] INFO  impl.RoleInfo (RoleInfo.java:updateAndGet(143)) - 79059cc4-1000-433d-b8f6-bb136447d900: start FollowerState
2019-08-20 15:23:45,708 [Thread-518] INFO  impl.FollowerState (FollowerState.java:run(114)) - 79059cc4-1000-433d-b8f6-bb136447d900: FollowerState was interrupted: java.lang.InterruptedException: sleep interrupted
2019-08-20 15:23:45,742 [3ba89adc-d403-4b9d-8267-150dfa29993f:group-AD6A30D646C7:LeaderElection13] INFO  impl.LeaderElection (LeaderElection.java:logAndReturn(56)) - 3ba89adc-d403-4b9d-8267-150dfa29993f:group-AD6A30D646C7:LeaderElection13: Election PASSED; received 2 response(s) [3ba89adc-d403-4b9d-8267-150dfa29993f<-1ab56027-920f-45ef-b012-dea18e451f4d#0:FAIL-t1, 3ba89adc-d403-4b9d-8267-150dfa29993f<-79059cc4-1000-433d-b8f6-bb136447d900#0:OK-t1] and 0 exception(s); 3ba89adc-d403-4b9d-8267-150dfa29993f:t1, leader=null, voted=3ba89adc-d403-4b9d-8267-150dfa29993f, raftlog=3ba89adc-d403-4b9d-8267-150dfa29993f-SegmentedRaftLog:OPENED:c-1,f-1,i0, conf=-1: [1ab56027-920f-45ef-b012-dea18e451f4d:192.168.69.96:41729, 79059cc4-1000-433d-b8f6-bb136447d900:192.168.69.96:42288, 3ba89adc-d403-4b9d-8267-150dfa29993f:192.168.69.96:41312], old=null
2019-08-20 15:23:45,742 [3ba89adc-d403-4b9d-8267-150dfa29993f:group-AD6A30D646C7:LeaderElection13] INFO  impl.RoleInfo (RoleInfo.java:shutdownLeaderElection(134)) - 3ba89adc-d403-4b9d-8267-150dfa29993f: shutdown LeaderElection
2019-08-20 15:23:45,743 [3ba89adc-d403-4b9d-8267-150dfa29993f:group-AD6A30D646C7:LeaderElection13] INFO  impl.RaftServerImpl (RaftServerImpl.java:setRole(171)) - 3ba89adc-d403-4b9d-8267-150dfa29993f:group-AD6A30D646C7 changes role from CANDIDATE to LEADER at term 1 for changeToLeader
2019-08-20 15:23:45,743 [1ab56027-920f-45ef-b012-dea18e451f4d:group-AD6A30D646C7:LeaderElection14] INFO  impl.LeaderElection (LeaderElection.java:logAndReturn(56)) - 1ab56027-920f-45ef-b012-dea18e451f4d:group-AD6A30D646C7:LeaderElection14: Election REJECTED; received 2 response(s) [1ab56027-920f-45ef-b012-dea18e451f4d<-79059cc4-1000-433d-b8f6-bb136447d900#0:FAIL-t1, 1ab56027-920f-45ef-b012-dea18e451f4d<-3ba89adc-d403-4b9d-8267-150dfa29993f#0:FAIL-t1] and 0 exception(s); 1ab56027-920f-45ef-b012-dea18e451f4d:t1, leader=null, voted=1ab56027-920f-45ef-b012-dea18e451f4d, raftlog=1ab56027-920f-45ef-b012-dea18e451f4d-SegmentedRaftLog:OPENED:c-1,f-1,i0, conf=-1: [1ab56027-920f-45ef-b012-dea18e451f4d:192.168.69.96:41729, 79059cc4-1000-433d-b8f6-bb136447d900:192.168.69.96:42288, 3ba89adc-d403-4b9d-8267-150dfa29993f:192.168.69.96:41312], old=null
2019-08-20 15:23:45,744 [3ba89adc-d403-4b9d-8267-150dfa29993f:group-AD6A30D646C7:LeaderElection13] INFO  impl.RaftServerImpl (ServerState.java:setLeader(263)) - 3ba89adc-d403-4b9d-8267-150dfa29993f:group-AD6A30D646C7 change Leader from null to 3ba89adc-d403-4b9d-8267-150dfa29993f at term 1 for becomeLeader, leader elected after 5190ms
2019-08-20 15:23:45,744 [1ab56027-920f-45ef-b012-dea18e451f4d:group-AD6A30D646C7:LeaderElection14] INFO  impl.RaftServerImpl (RaftServerImpl.java:setRole(171)) - 1ab56027-920f-45ef-b012-dea18e451f4d:group-AD6A30D646C7 changes role from CANDIDATE to FOLLOWER at term 1 for DISCOVERED_A_NEW_TERM
2019-08-20 15:23:45,745 [3ba89adc-d403-4b9d-8267-150dfa29993f:group-AD6A30D646C7:LeaderElection13] INFO  server.RaftServerConfigKeys (ConfUtils.java:logGet(43)) - raft.server.staging.catchup.gap = 1000 (default)
2019-08-20 15:23:45,745 [1ab56027-920f-45ef-b012-dea18e451f4d:group-AD6A30D646C7:LeaderElection14] INFO  impl.RoleInfo (RoleInfo.java:shutdownLeaderElection(134)) - 1ab56027-920f-45ef-b012-dea18e451f4d: shutdown LeaderElection
2019-08-20 15:23:45,745 [3ba89adc-d403-4b9d-8267-150dfa29993f:group-AD6A30D646C7:LeaderElection13] INFO  server.RaftServerConfigKeys (ConfUtils.java:logGet(43)) - raft.server.rpc.sleep.time = 25ms (default)
2019-08-20 15:23:45,745 [1ab56027-920f-45ef-b012-dea18e451f4d:group-AD6A30D646C7:LeaderElection14] INFO  impl.RoleInfo (RoleInfo.java:updateAndGet(143)) - 1ab56027-920f-45ef-b012-dea18e451f4d: start FollowerState
2019-08-20 15:23:45,745 [3ba89adc-d403-4b9d-8267-150dfa29993f:group-AD6A30D646C7:LeaderElection13] INFO  server.RaftServerConfigKeys (ConfUtils.java:logGet(43)) - raft.server.write.element-limit = 4096 (default)
2019-08-20 15:23:45,745 [3ba89adc-d403-4b9d-8267-150dfa29993f:group-AD6A30D646C7:LeaderElection13] INFO  server.RaftServerConfigKeys (ConfUtils.java:logGet(43)) - raft.server.watch.timeout = 10s (default)
2019-08-20 15:23:45,747 [3ba89adc-d403-4b9d-8267-150dfa29993f:group-AD6A30D646C7:LeaderElection13] INFO  server.RaftServerConfigKeys (ConfUtils.java:logGet(43)) - raft.server.watch.timeout.denomination = 1s (default)
2019-08-20 15:23:45,747 [3ba89adc-d403-4b9d-8267-150dfa29993f:group-AD6A30D646C7:LeaderElection13] INFO  server.RaftServerConfigKeys (ConfUtils.java:logGet(43)) - raft.server.watch.element-limit = 65536 (default)
2019-08-20 15:23:45,747 [3ba89adc-d403-4b9d-8267-150dfa29993f:group-AD6A30D646C7:LeaderElection13] INFO  server.RaftServerConfigKeys (ConfUtils.java:logGet(43)) - raft.server.log.appender.snapshot.chunk.size.max = 16MB (=16777216) (default)
2019-08-20 15:23:45,747 [3ba89adc-d403-4b9d-8267-150dfa29993f:group-AD6A30D646C7:LeaderElection13] INFO  server.RaftServerConfigKeys (ConfUtils.java:logGet(43)) - raft.server.log.appender.buffer.byte-limit = 33554432 (custom)
2019-08-20 15:23:45,747 [3ba89adc-d403-4b9d-8267-150dfa29993f:group-AD6A30D646C7:LeaderElection13] INFO  server.RaftServerConfigKeys (ConfUtils.java:logGet(43)) - raft.server.log.appender.buffer.element-limit = 1 (custom)
2019-08-20 15:23:45,748 [3ba89adc-d403-4b9d-8267-150dfa29993f:group-AD6A30D646C7:LeaderElection13] INFO  grpc.GrpcConfigKeys$Server (ConfUtils.java:logGet(43)) - raft.grpc.server.leader.outstanding.appends.max = 128 (default)
2019-08-20 15:23:45,748 [3ba89adc-d403-4b9d-8267-150dfa29993f:group-AD6A30D646C7:LeaderElection13] INFO  server.RaftServerConfigKeys (ConfUtils.java:logGet(43)) - raft.server.rpc.request.timeout = 3000ms (default)
2019-08-20 15:23:45,748 [3ba89adc-d403-4b9d-8267-150dfa29993f:group-AD6A30D646C7:LeaderElection13] INFO  server.RaftServerConfigKeys (ConfUtils.java:logGet(43)) - raft.server.log.appender.install.snapshot.enabled = false (custom)
2019-08-20 15:23:45,748 [3ba89adc-d403-4b9d-8267-150dfa29993f:group-AD6A30D646C7:LeaderElection13] INFO  server.RaftServerConfigKeys (ConfUtils.java:logGet(43)) - raft.server.log.appender.snapshot.chunk.size.max = 16MB (=16777216) (default)
2019-08-20 15:23:45,748 [3ba89adc-d403-4b9d-8267-150dfa29993f:group-AD6A30D646C7:LeaderElection13] INFO  server.RaftServerConfigKeys (ConfUtils.java:logGet(43)) - raft.server.log.appender.buffer.byte-limit = 33554432 (custom)
2019-08-20 15:23:45,748 [3ba89adc-d403-4b9d-8267-150dfa29993f:group-AD6A30D646C7:LeaderElection13] INFO  server.RaftServerConfigKeys (ConfUtils.java:logGet(43)) - raft.server.log.appender.buffer.element-limit = 1 (custom)
2019-08-20 15:23:45,749 [3ba89adc-d403-4b9d-8267-150dfa29993f:group-AD6A30D646C7:LeaderElection13] INFO  grpc.GrpcConfigKeys$Server (ConfUtils.java:logGet(43)) - raft.grpc.server.leader.outstanding.appends.max = 128 (default)
2019-08-20 15:23:45,749 [3ba89adc-d403-4b9d-8267-150dfa29993f:group-AD6A30D646C7:LeaderElection13] INFO  server.RaftServerConfigKeys (ConfUtils.java:logGet(43)) - raft.server.rpc.request.timeout = 3000ms (default)
2019-08-20 15:23:45,749 [3ba89adc-d403-4b9d-8267-150dfa29993f:group-AD6A30D646C7:LeaderElection13] INFO  server.RaftServerConfigKeys (ConfUtils.java:logGet(43)) - raft.server.log.appender.install.snapshot.enabled = false (custom)
2019-08-20 15:23:45,749 [3ba89adc-d403-4b9d-8267-150dfa29993f:group-AD6A30D646C7:LeaderElection13] INFO  impl.RoleInfo (RoleInfo.java:updateAndGet(143)) - 3ba89adc-d403-4b9d-8267-150dfa29993f: start LeaderState
2019-08-20 15:23:45,749 [3ba89adc-d403-4b9d-8267-150dfa29993f:group-AD6A30D646C7:LeaderElection13] INFO  segmented.SegmentedRaftLogWorker (SegmentedRaftLogWorker.java:startLogSegment(380)) - 3ba89adc-d403-4b9d-8267-150dfa29993f-SegmentedRaftLogWorker:Storage Directory /workdir/hadoop-ozone/integration-test/target/test-dir/MiniOzoneClusterImpl-985c7318-59c1-459c-b117-5bea8fb64214/datanode-2/data/ratis/d9dac5d8-25eb-4537-81dd-ad6a30d646c7: Starting segment from index:0
2019-08-20 15:23:45,750 [3ba89adc-d403-4b9d-8267-150dfa29993f:group-AD6A30D646C7:LeaderElection13] INFO  impl.RaftServerImpl (ServerState.java:setRaftConf(361)) - 3ba89adc-d403-4b9d-8267-150dfa29993f:group-AD6A30D646C7 set configuration 0: [1ab56027-920f-45ef-b012-dea18e451f4d:192.168.69.96:41729, 79059cc4-1000-433d-b8f6-bb136447d900:192.168.69.96:42288, 3ba89adc-d403-4b9d-8267-150dfa29993f:192.168.69.96:41312], old=null at 0
2019-08-20 15:23:45,782 [grpc-default-executor-3] INFO  impl.RaftServerImpl (ServerState.java:setLeader(263)) - 1ab56027-920f-45ef-b012-dea18e451f4d:group-AD6A30D646C7 change Leader from null to 3ba89adc-d403-4b9d-8267-150dfa29993f at term 1 for appendEntries, leader elected after 5229ms
2019-08-20 15:23:45,783 [grpc-default-executor-1] INFO  impl.RaftServerImpl (ServerState.java:setLeader(263)) - 79059cc4-1000-433d-b8f6-bb136447d900:group-AD6A30D646C7 change Leader from null to 3ba89adc-d403-4b9d-8267-150dfa29993f at term 1 for appendEntries, leader elected after 5229ms
2019-08-20 15:23:45,786 [grpc-default-executor-1] INFO  impl.RaftServerImpl (ServerState.java:setRaftConf(361)) - 1ab56027-920f-45ef-b012-dea18e451f4d:group-AD6A30D646C7 set configuration 0: [1ab56027-920f-45ef-b012-dea18e451f4d:192.168.69.96:41729, 79059cc4-1000-433d-b8f6-bb136447d900:192.168.69.96:42288, 3ba89adc-d403-4b9d-8267-150dfa29993f:192.168.69.96:41312], old=null at 0
2019-08-20 15:23:45,786 [grpc-default-executor-3] INFO  impl.RaftServerImpl (ServerState.java:setRaftConf(361)) - 79059cc4-1000-433d-b8f6-bb136447d900:group-AD6A30D646C7 set configuration 0: [1ab56027-920f-45ef-b012-dea18e451f4d:192.168.69.96:41729, 79059cc4-1000-433d-b8f6-bb136447d900:192.168.69.96:42288, 3ba89adc-d403-4b9d-8267-150dfa29993f:192.168.69.96:41312], old=null at 0
2019-08-20 15:23:45,786 [grpc-default-executor-1] INFO  segmented.SegmentedRaftLogWorker (SegmentedRaftLogWorker.java:startLogSegment(380)) - 1ab56027-920f-45ef-b012-dea18e451f4d-SegmentedRaftLogWorker:Storage Directory /workdir/hadoop-ozone/integration-test/target/test-dir/MiniOzoneClusterImpl-985c7318-59c1-459c-b117-5bea8fb64214/datanode-1/data/ratis/d9dac5d8-25eb-4537-81dd-ad6a30d646c7: Starting segment from index:0
2019-08-20 15:23:45,786 [grpc-default-executor-3] INFO  segmented.SegmentedRaftLogWorker (SegmentedRaftLogWorker.java:startLogSegment(380)) - 79059cc4-1000-433d-b8f6-bb136447d900-SegmentedRaftLogWorker:Storage Directory /workdir/hadoop-ozone/integration-test/target/test-dir/MiniOzoneClusterImpl-985c7318-59c1-459c-b117-5bea8fb64214/datanode-0/data/ratis/d9dac5d8-25eb-4537-81dd-ad6a30d646c7: Starting segment from index:0
2019-08-20 15:23:45,812 [3ba89adc-d403-4b9d-8267-150dfa29993f-SegmentedRaftLogWorker:Storage Directory /workdir/hadoop-ozone/integration-test/target/test-dir/MiniOzoneClusterImpl-985c7318-59c1-459c-b117-5bea8fb64214/datanode-2/data/ratis/d9dac5d8-25eb-4537-81dd-ad6a30d646c7] INFO  segmented.SegmentedRaftLogWorker (SegmentedRaftLogWorker.java:execute(569)) - 3ba89adc-d403-4b9d-8267-150dfa29993f-SegmentedRaftLogWorker:Storage Directory /workdir/hadoop-ozone/integration-test/target/test-dir/MiniOzoneClusterImpl-985c7318-59c1-459c-b117-5bea8fb64214/datanode-2/data/ratis/d9dac5d8-25eb-4537-81dd-ad6a30d646c7: created new log segment /workdir/hadoop-ozone/integration-test/target/test-dir/MiniOzoneClusterImpl-985c7318-59c1-459c-b117-5bea8fb64214/datanode-2/data/ratis/d9dac5d8-25eb-4537-81dd-ad6a30d646c7/current/log_inprogress_0
2019-08-20 15:23:45,842 [79059cc4-1000-433d-b8f6-bb136447d900-SegmentedRaftLogWorker:Storage Directory /workdir/hadoop-ozone/integration-test/target/test-dir/MiniOzoneClusterImpl-985c7318-59c1-459c-b117-5bea8fb64214/datanode-0/data/ratis/d9dac5d8-25eb-4537-81dd-ad6a30d646c7] INFO  segmented.SegmentedRaftLogWorker (SegmentedRaftLogWorker.java:execute(569)) - 79059cc4-1000-433d-b8f6-bb136447d900-SegmentedRaftLogWorker:Storage Directory /workdir/hadoop-ozone/integration-test/target/test-dir/MiniOzoneClusterImpl-985c7318-59c1-459c-b117-5bea8fb64214/datanode-0/data/ratis/d9dac5d8-25eb-4537-81dd-ad6a30d646c7: created new log segment /workdir/hadoop-ozone/integration-test/target/test-dir/MiniOzoneClusterImpl-985c7318-59c1-459c-b117-5bea8fb64214/datanode-0/data/ratis/d9dac5d8-25eb-4537-81dd-ad6a30d646c7/current/log_inprogress_0
2019-08-20 15:23:45,842 [1ab56027-920f-45ef-b012-dea18e451f4d-SegmentedRaftLogWorker:Storage Directory /workdir/hadoop-ozone/integration-test/target/test-dir/MiniOzoneClusterImpl-985c7318-59c1-459c-b117-5bea8fb64214/datanode-1/data/ratis/d9dac5d8-25eb-4537-81dd-ad6a30d646c7] INFO  segmented.SegmentedRaftLogWorker (SegmentedRaftLogWorker.java:execute(569)) - 1ab56027-920f-45ef-b012-dea18e451f4d-SegmentedRaftLogWorker:Storage Directory /workdir/hadoop-ozone/integration-test/target/test-dir/MiniOzoneClusterImpl-985c7318-59c1-459c-b117-5bea8fb64214/datanode-1/data/ratis/d9dac5d8-25eb-4537-81dd-ad6a30d646c7: created new log segment /workdir/hadoop-ozone/integration-test/target/test-dir/MiniOzoneClusterImpl-985c7318-59c1-459c-b117-5bea8fb64214/datanode-1/data/ratis/d9dac5d8-25eb-4537-81dd-ad6a30d646c7/current/log_inprogress_0
2019-08-20 15:23:46,190 | INFO  | SCMAudit | user=jenkins1000 | ip=192.168.69.96 | op=SEND_HEARTBEAT {datanodeUUID=1ab56027-920f-45ef-b012-dea18e451f4d, command=[]} | ret=SUCCESS |  
2019-08-20 15:23:46,423 | INFO  | SCMAudit | user=jenkins1000 | ip=192.168.69.96 | op=SEND_HEARTBEAT {datanodeUUID=3ba89adc-d403-4b9d-8267-150dfa29993f, command=[]} | ret=SUCCESS |  
2019-08-20 15:23:46,424 [Thread-329] INFO  ozoneimpl.OzoneContainer (OzoneContainer.java:stop(199)) - Attempting to stop container services.
2019-08-20 15:23:46,425 [Thread-329] INFO  impl.RaftServerProxy (RaftServerProxy.java:lambda$close$4(314)) - 79059cc4-1000-433d-b8f6-bb136447d900: close
2019-08-20 15:23:46,425 [Thread-329] INFO  impl.RaftServerImpl (RaftServerImpl.java:lambda$shutdown$3(245)) - 79059cc4-1000-433d-b8f6-bb136447d900: shutdown group-836F314DBD82
2019-08-20 15:23:46,425 [ForkJoinPool.commonPool-worker-1] INFO  impl.RaftServerImpl (RaftServerImpl.java:lambda$shutdown$3(245)) - 79059cc4-1000-433d-b8f6-bb136447d900: shutdown group-AD6A30D646C7
2019-08-20 15:23:46,425 [Thread-329] INFO  util.JmxRegister (JmxRegister.java:unregister(73)) - Successfully un-registered JMX Bean with object name Ratis:service=RaftServer,group=group-836F314DBD82,id=79059cc4-1000-433d-b8f6-bb136447d900
2019-08-20 15:23:46,426 [ForkJoinPool.commonPool-worker-1] INFO  util.JmxRegister (JmxRegister.java:unregister(73)) - Successfully un-registered JMX Bean with object name Ratis:service=RaftServer,group=group-AD6A30D646C7,id=79059cc4-1000-433d-b8f6-bb136447d900
2019-08-20 15:23:46,426 [Thread-329] INFO  impl.RoleInfo (RoleInfo.java:shutdownLeaderState(104)) - 79059cc4-1000-433d-b8f6-bb136447d900: shutdown LeaderState
2019-08-20 15:23:46,426 [ForkJoinPool.commonPool-worker-1] INFO  impl.RoleInfo (RoleInfo.java:shutdownFollowerState(121)) - 79059cc4-1000-433d-b8f6-bb136447d900: shutdown FollowerState
2019-08-20 15:23:46,426 [Thread-329] INFO  impl.PendingRequests (PendingRequests.java:sendNotLeaderResponses(202)) - 79059cc4-1000-433d-b8f6-bb136447d900-PendingRequests: sendNotLeaderResponses
2019-08-20 15:23:46,426 [Thread-534] INFO  impl.FollowerState (FollowerState.java:run(114)) - 79059cc4-1000-433d-b8f6-bb136447d900: FollowerState was interrupted: java.lang.InterruptedException: sleep interrupted
2019-08-20 15:23:46,426 [ForkJoinPool.commonPool-worker-1] INFO  impl.StateMachineUpdater (StateMachineUpdater.java:stopAndJoin(115)) - StateMachineUpdater:79059cc4-1000-433d-b8f6-bb136447d900:group-AD6A30D646C7: set stopIndex = -1
2019-08-20 15:23:46,430 [Thread-329] INFO  impl.StateMachineUpdater (StateMachineUpdater.java:stopAndJoin(115)) - StateMachineUpdater:79059cc4-1000-433d-b8f6-bb136447d900:group-836F314DBD82: set stopIndex = 0
2019-08-20 15:23:46,432 [Thread-329] INFO  impl.RaftServerImpl (ServerState.java:close(394)) - 79059cc4-1000-433d-b8f6-bb136447d900:group-836F314DBD82 closes. The last applied log index is 0
2019-08-20 15:23:46,432 [ForkJoinPool.commonPool-worker-1] INFO  impl.RaftServerImpl (ServerState.java:close(394)) - 79059cc4-1000-433d-b8f6-bb136447d900:group-AD6A30D646C7 closes. The last applied log index is -1
2019-08-20 15:23:46,433 [79059cc4-1000-433d-b8f6-bb136447d900-SegmentedRaftLogWorker:Storage Directory /workdir/hadoop-ozone/integration-test/target/test-dir/MiniOzoneClusterImpl-985c7318-59c1-459c-b117-5bea8fb64214/datanode-0/data/ratis/27f46263-6e81-489c-9f6e-836f314dbd82] INFO  segmented.SegmentedRaftLogWorker (SegmentedRaftLogWorker.java:run(313)) - 79059cc4-1000-433d-b8f6-bb136447d900-SegmentedRaftLogWorker:Storage Directory /workdir/hadoop-ozone/integration-test/target/test-dir/MiniOzoneClusterImpl-985c7318-59c1-459c-b117-5bea8fb64214/datanode-0/data/ratis/27f46263-6e81-489c-9f6e-836f314dbd82 was interrupted, exiting. There are 0 tasks remaining in the queue.
2019-08-20 15:23:46,433 [79059cc4-1000-433d-b8f6-bb136447d900-SegmentedRaftLogWorker:Storage Directory /workdir/hadoop-ozone/integration-test/target/test-dir/MiniOzoneClusterImpl-985c7318-59c1-459c-b117-5bea8fb64214/datanode-0/data/ratis/d9dac5d8-25eb-4537-81dd-ad6a30d646c7] INFO  segmented.SegmentedRaftLogWorker (SegmentedRaftLogWorker.java:run(313)) - 79059cc4-1000-433d-b8f6-bb136447d900-SegmentedRaftLogWorker:Storage Directory /workdir/hadoop-ozone/integration-test/target/test-dir/MiniOzoneClusterImpl-985c7318-59c1-459c-b117-5bea8fb64214/datanode-0/data/ratis/d9dac5d8-25eb-4537-81dd-ad6a30d646c7 was interrupted, exiting. There are 0 tasks remaining in the queue.
2019-08-20 15:23:46,434 [Thread-329] INFO  segmented.SegmentedRaftLogWorker (SegmentedRaftLogWorker.java:close(228)) - 79059cc4-1000-433d-b8f6-bb136447d900-SegmentedRaftLogWorker:Storage Directory /workdir/hadoop-ozone/integration-test/target/test-dir/MiniOzoneClusterImpl-985c7318-59c1-459c-b117-5bea8fb64214/datanode-0/data/ratis/27f46263-6e81-489c-9f6e-836f314dbd82 close()
2019-08-20 15:23:46,435 [ForkJoinPool.commonPool-worker-1] INFO  segmented.SegmentedRaftLogWorker (SegmentedRaftLogWorker.java:close(228)) - 79059cc4-1000-433d-b8f6-bb136447d900-SegmentedRaftLogWorker:Storage Directory /workdir/hadoop-ozone/integration-test/target/test-dir/MiniOzoneClusterImpl-985c7318-59c1-459c-b117-5bea8fb64214/datanode-0/data/ratis/d9dac5d8-25eb-4537-81dd-ad6a30d646c7 close()
2019-08-20 15:23:46,437 [Thread-329] INFO  server.GrpcService (GrpcService.java:closeImpl(155)) - 79059cc4-1000-433d-b8f6-bb136447d900: shutdown server with port 42288 now
2019-08-20 15:23:46,439 [grpc-default-executor-1] WARN  server.GrpcServerProtocolService (LogUtils.java:warn(134)) - 79059cc4-1000-433d-b8f6-bb136447d900: appendEntries onError: org.apache.ratis.thirdparty.io.grpc.StatusRuntimeException: CANCELLED: cancelled before receiving half close
2019-08-20 15:23:46,439 [Thread-329] INFO  server.GrpcService (GrpcService.java:closeImpl(163)) - 79059cc4-1000-433d-b8f6-bb136447d900: shutdown server with port 42288 successfully
2019-08-20 15:23:46,439 [grpc-default-executor-1] WARN  server.GrpcLogAppender (LogUtils.java:warn(134)) - 3ba89adc-d403-4b9d-8267-150dfa29993f->79059cc4-1000-433d-b8f6-bb136447d900: Failed appendEntries: org.apache.ratis.thirdparty.io.grpc.StatusRuntimeException: CANCELLED: HTTP/2 error code: CANCEL
Received Rst Stream
2019-08-20 15:23:46,443 [grpc-default-executor-1] INFO  impl.FollowerInfo (FollowerInfo.java:lambda$new$0(50)) - 3ba89adc-d403-4b9d-8267-150dfa29993f->79059cc4-1000-433d-b8f6-bb136447d900: nextIndex: updateUnconditionally 1 -> 0
2019-08-20 15:23:46,443 [Thread-329] INFO  utils.BackgroundService (BackgroundService.java:shutdown(148)) - Shutting down service BlockDeletingService
2019-08-20 15:23:46,444 [refreshUsed-/workdir/hadoop-ozone/integration-test/target/test-dir/MiniOzoneClusterImpl-985c7318-59c1-459c-b117-5bea8fb64214/datanode-0/data/containers] WARN  fs.CachingGetSpaceUsed (CachingGetSpaceUsed.java:run(183)) - Thread Interrupted waiting to refresh disk information: sleep interrupted
2019-08-20 15:23:46,465 [Thread-329] INFO  statemachine.DatanodeStateMachine (DatanodeStateMachine.java:stopDaemon(395)) - Ozone container server stopped.
2019-08-20 15:23:46,467 [Thread-329] INFO  handler.ContextHandler (ContextHandler.java:doStop(910)) - Stopped o.e.j.w.WebAppContext@171cb42b{/,null,UNAVAILABLE}{/hddsDatanode}
2019-08-20 15:23:46,467 [Thread-329] INFO  server.AbstractConnector (AbstractConnector.java:doStop(318)) - Stopped ServerConnector@373cde8a{HTTP/1.1,[http/1.1]}{0.0.0.0:0}
2019-08-20 15:23:46,468 [Thread-329] INFO  handler.ContextHandler (ContextHandler.java:doStop(910)) - Stopped o.e.j.s.ServletContextHandler@3b892b8c{/static,jar:file:/home/user/.m2/repository/org/apache/hadoop/hadoop-hdds-container-service/0.5.0-SNAPSHOT/hadoop-hdds-container-service-0.5.0-SNAPSHOT.jar!/webapps/static,UNAVAILABLE}
2019-08-20 15:23:46,468 [Thread-329] INFO  handler.ContextHandler (ContextHandler.java:doStop(910)) - Stopped o.e.j.s.ServletContextHandler@4e8e829c{/logs,file:///workdir/hadoop-ozone/integration-test/target/log,UNAVAILABLE}
2019-08-20 15:23:46,469 [Thread-329] INFO  datanode.ObjectStoreHandler (ObjectStoreHandler.java:close(155)) - Closing ObjectStoreHandler.
2019-08-20 15:23:46,470 [Thread-329] INFO  ozone.HddsDatanodeService (HddsDatanodeService.java:stop(451)) - Stopped plug-in org.apache.hadoop.ozone.web.OzoneHddsDatanodeService@522fb260
2019-08-20 15:23:47,188 [Datanode State Machine Thread - 0] INFO  statemachine.DatanodeStateMachine (DatanodeStateMachine.java:lambda$startDaemon$0(350)) - Ozone container server started.
2019-08-20 15:23:47,423 | INFO  | SCMAudit | user=jenkins1000 | ip=192.168.69.96 | op=SEND_HEARTBEAT {datanodeUUID=3ba89adc-d403-4b9d-8267-150dfa29993f, command=[]} | ret=SUCCESS |  
2019-08-20 15:23:48,358 [grpc-default-executor-1] WARN  server.GrpcLogAppender (LogUtils.java:warn(134)) - 3ba89adc-d403-4b9d-8267-150dfa29993f->79059cc4-1000-433d-b8f6-bb136447d900: Failed appendEntries: org.apache.ratis.thirdparty.io.grpc.StatusRuntimeException: UNAVAILABLE: io exception
2019-08-20 15:23:48,360 [grpc-default-executor-1] INFO  impl.FollowerInfo (FollowerInfo.java:lambda$new$0(50)) - 3ba89adc-d403-4b9d-8267-150dfa29993f->79059cc4-1000-433d-b8f6-bb136447d900: nextIndex: updateUnconditionally 0 -> 0
2019-08-20 15:23:48,425 | INFO  | SCMAudit | user=jenkins1000 | ip=192.168.69.96 | op=SEND_HEARTBEAT {datanodeUUID=3ba89adc-d403-4b9d-8267-150dfa29993f, command=[]} | ret=SUCCESS |  
2019-08-20 15:23:49,425 | INFO  | SCMAudit | user=jenkins1000 | ip=192.168.69.96 | op=SEND_HEARTBEAT {datanodeUUID=3ba89adc-d403-4b9d-8267-150dfa29993f, command=[]} | ret=SUCCESS |  
2019-08-20 15:23:50,425 | INFO  | SCMAudit | user=jenkins1000 | ip=192.168.69.96 | op=SEND_HEARTBEAT {datanodeUUID=3ba89adc-d403-4b9d-8267-150dfa29993f, command=[]} | ret=SUCCESS |  
2019-08-20 15:23:50,861 [grpc-default-executor-0] WARN  server.GrpcLogAppender (LogUtils.java:warn(134)) - 3ba89adc-d403-4b9d-8267-150dfa29993f->79059cc4-1000-433d-b8f6-bb136447d900: Failed appendEntries: org.apache.ratis.thirdparty.io.grpc.StatusRuntimeException: UNAVAILABLE: io exception
2019-08-20 15:23:50,863 [grpc-default-executor-0] INFO  impl.FollowerInfo (FollowerInfo.java:lambda$new$0(50)) - 3ba89adc-d403-4b9d-8267-150dfa29993f->79059cc4-1000-433d-b8f6-bb136447d900: nextIndex: updateUnconditionally 0 -> 0
2019-08-20 15:23:51,329 [EventQueue-StaleNodeForStaleNodeHandler] INFO  node.StaleNodeHandler (StaleNodeHandler.java:onMessage(58)) - Datanode 1ab56027-920f-45ef-b012-dea18e451f4d{ip: 192.168.69.96, host: pr-hdds-1946lgncr-3764977478, networkLocation: /default-rack, certSerialId: null} moved to stale state. Finalizing its pipelines [PipelineID=45e96493-582c-4a01-af48-edbe92749861, PipelineID=d9dac5d8-25eb-4537-81dd-ad6a30d646c7]
2019-08-20 15:23:51,329 [EventQueue-StaleNodeForStaleNodeHandler] INFO  pipeline.SCMPipelineManager (SCMPipelineManager.java:finalizeAndDestroyPipeline(309)) - destroying pipeline:Pipeline[ Id: 45e96493-582c-4a01-af48-edbe92749861, Nodes: 1ab56027-920f-45ef-b012-dea18e451f4d{ip: 192.168.69.96, host: pr-hdds-1946lgncr-3764977478, networkLocation: /default-rack, certSerialId: null}, Type:RATIS, Factor:ONE, State:OPEN]
2019-08-20 15:23:51,330 [EventQueue-StaleNodeForStaleNodeHandler] INFO  pipeline.PipelineStateManager (PipelineStateManager.java:finalizePipeline(123)) - Pipeline Pipeline[ Id: 45e96493-582c-4a01-af48-edbe92749861, Nodes: 1ab56027-920f-45ef-b012-dea18e451f4d{ip: 192.168.69.96, host: pr-hdds-1946lgncr-3764977478, networkLocation: /default-rack, certSerialId: null}, Type:RATIS, Factor:ONE, State:CLOSED] moved to CLOSED state
2019-08-20 15:23:51,330 [EventQueue-StaleNodeForStaleNodeHandler] INFO  pipeline.SCMPipelineManager (SCMPipelineManager.java:finalizeAndDestroyPipeline(309)) - destroying pipeline:Pipeline[ Id: d9dac5d8-25eb-4537-81dd-ad6a30d646c7, Nodes: 3ba89adc-d403-4b9d-8267-150dfa29993f{ip: 192.168.69.96, host: pr-hdds-1946lgncr-3764977478, networkLocation: /default-rack, certSerialId: null}1ab56027-920f-45ef-b012-dea18e451f4d{ip: 192.168.69.96, host: pr-hdds-1946lgncr-3764977478, networkLocation: /default-rack, certSerialId: null}79059cc4-1000-433d-b8f6-bb136447d900{ip: 192.168.69.96, host: pr-hdds-1946lgncr-3764977478, networkLocation: /default-rack, certSerialId: null}, Type:RATIS, Factor:THREE, State:CLOSED]
2019-08-20 15:23:51,424 | INFO  | SCMAudit | user=jenkins1000 | ip=192.168.69.96 | op=SEND_HEARTBEAT {datanodeUUID=3ba89adc-d403-4b9d-8267-150dfa29993f, command=[]} | ret=SUCCESS |  
2019-08-20 15:23:51,471 [Thread-329] INFO  ozoneimpl.OzoneContainer (OzoneContainer.java:stop(199)) - Attempting to stop container services.
2019-08-20 15:23:51,472 [Thread-329] INFO  impl.RaftServerProxy (RaftServerProxy.java:lambda$close$4(314)) - 1ab56027-920f-45ef-b012-dea18e451f4d: close
2019-08-20 15:23:51,472 [Thread-329] INFO  impl.RaftServerImpl (RaftServerImpl.java:lambda$shutdown$3(245)) - 1ab56027-920f-45ef-b012-dea18e451f4d: shutdown group-EDBE92749861
2019-08-20 15:23:51,472 [ForkJoinPool.commonPool-worker-0] INFO  impl.RaftServerImpl (RaftServerImpl.java:lambda$shutdown$3(245)) - 1ab56027-920f-45ef-b012-dea18e451f4d: shutdown group-AD6A30D646C7
2019-08-20 15:23:51,472 [Thread-329] INFO  util.JmxRegister (JmxRegister.java:unregister(73)) - Successfully un-registered JMX Bean with object name Ratis:service=RaftServer,group=group-EDBE92749861,id=1ab56027-920f-45ef-b012-dea18e451f4d
2019-08-20 15:23:51,472 [ForkJoinPool.commonPool-worker-0] INFO  util.JmxRegister (JmxRegister.java:unregister(73)) - Successfully un-registered JMX Bean with object name Ratis:service=RaftServer,group=group-AD6A30D646C7,id=1ab56027-920f-45ef-b012-dea18e451f4d
2019-08-20 15:23:51,473 [Thread-329] INFO  impl.RoleInfo (RoleInfo.java:shutdownLeaderState(104)) - 1ab56027-920f-45ef-b012-dea18e451f4d: shutdown LeaderState
2019-08-20 15:23:51,473 [ForkJoinPool.commonPool-worker-0] INFO  impl.RoleInfo (RoleInfo.java:shutdownFollowerState(121)) - 1ab56027-920f-45ef-b012-dea18e451f4d: shutdown FollowerState
2019-08-20 15:23:51,473 [Thread-329] INFO  impl.PendingRequests (PendingRequests.java:sendNotLeaderResponses(202)) - 1ab56027-920f-45ef-b012-dea18e451f4d-PendingRequests: sendNotLeaderResponses
2019-08-20 15:23:51,473 [Thread-535] INFO  impl.FollowerState (FollowerState.java:run(114)) - 1ab56027-920f-45ef-b012-dea18e451f4d: FollowerState was interrupted: java.lang.InterruptedException: sleep interrupted
2019-08-20 15:23:51,473 [ForkJoinPool.commonPool-worker-0] INFO  impl.StateMachineUpdater (StateMachineUpdater.java:stopAndJoin(115)) - StateMachineUpdater:1ab56027-920f-45ef-b012-dea18e451f4d:group-AD6A30D646C7: set stopIndex = 0
2019-08-20 15:23:51,477 [ForkJoinPool.commonPool-worker-0] INFO  impl.RaftServerImpl (ServerState.java:close(394)) - 1ab56027-920f-45ef-b012-dea18e451f4d:group-AD6A30D646C7 closes. The last applied log index is 0
2019-08-20 15:23:51,475 [Thread-329] INFO  impl.StateMachineUpdater (StateMachineUpdater.java:stopAndJoin(115)) - StateMachineUpdater:1ab56027-920f-45ef-b012-dea18e451f4d:group-EDBE92749861: set stopIndex = 0
2019-08-20 15:23:51,477 [1ab56027-920f-45ef-b012-dea18e451f4d-SegmentedRaftLogWorker:Storage Directory /workdir/hadoop-ozone/integration-test/target/test-dir/MiniOzoneClusterImpl-985c7318-59c1-459c-b117-5bea8fb64214/datanode-1/data/ratis/d9dac5d8-25eb-4537-81dd-ad6a30d646c7] INFO  segmented.SegmentedRaftLogWorker (SegmentedRaftLogWorker.java:run(313)) - 1ab56027-920f-45ef-b012-dea18e451f4d-SegmentedRaftLogWorker:Storage Directory /workdir/hadoop-ozone/integration-test/target/test-dir/MiniOzoneClusterImpl-985c7318-59c1-459c-b117-5bea8fb64214/datanode-1/data/ratis/d9dac5d8-25eb-4537-81dd-ad6a30d646c7 was interrupted, exiting. There are 0 tasks remaining in the queue.
2019-08-20 15:23:51,477 [Thread-329] INFO  impl.RaftServerImpl (ServerState.java:close(394)) - 1ab56027-920f-45ef-b012-dea18e451f4d:group-EDBE92749861 closes. The last applied log index is 0
2019-08-20 15:23:51,478 [ForkJoinPool.commonPool-worker-0] INFO  segmented.SegmentedRaftLogWorker (SegmentedRaftLogWorker.java:close(228)) - 1ab56027-920f-45ef-b012-dea18e451f4d-SegmentedRaftLogWorker:Storage Directory /workdir/hadoop-ozone/integration-test/target/test-dir/MiniOzoneClusterImpl-985c7318-59c1-459c-b117-5bea8fb64214/datanode-1/data/ratis/d9dac5d8-25eb-4537-81dd-ad6a30d646c7 close()
2019-08-20 15:23:51,479 [1ab56027-920f-45ef-b012-dea18e451f4d-SegmentedRaftLogWorker:Storage Directory /workdir/hadoop-ozone/integration-test/target/test-dir/MiniOzoneClusterImpl-985c7318-59c1-459c-b117-5bea8fb64214/datanode-1/data/ratis/45e96493-582c-4a01-af48-edbe92749861] INFO  segmented.SegmentedRaftLogWorker (SegmentedRaftLogWorker.java:run(313)) - 1ab56027-920f-45ef-b012-dea18e451f4d-SegmentedRaftLogWorker:Storage Directory /workdir/hadoop-ozone/integration-test/target/test-dir/MiniOzoneClusterImpl-985c7318-59c1-459c-b117-5bea8fb64214/datanode-1/data/ratis/45e96493-582c-4a01-af48-edbe92749861 was interrupted, exiting. There are 0 tasks remaining in the queue.
2019-08-20 15:23:51,484 [Thread-329] INFO  segmented.SegmentedRaftLogWorker (SegmentedRaftLogWorker.java:close(228)) - 1ab56027-920f-45ef-b012-dea18e451f4d-SegmentedRaftLogWorker:Storage Directory /workdir/hadoop-ozone/integration-test/target/test-dir/MiniOzoneClusterImpl-985c7318-59c1-459c-b117-5bea8fb64214/datanode-1/data/ratis/45e96493-582c-4a01-af48-edbe92749861 close()
2019-08-20 15:23:51,485 [Thread-329] INFO  server.GrpcService (GrpcService.java:closeImpl(155)) - 1ab56027-920f-45ef-b012-dea18e451f4d: shutdown server with port 41729 now
2019-08-20 15:23:51,487 [grpc-default-executor-1] WARN  server.GrpcServerProtocolService (LogUtils.java:warn(134)) - 1ab56027-920f-45ef-b012-dea18e451f4d: appendEntries onError: org.apache.ratis.thirdparty.io.grpc.StatusRuntimeException: CANCELLED: cancelled before receiving half close
2019-08-20 15:23:51,487 [Thread-329] INFO  server.GrpcService (GrpcService.java:closeImpl(163)) - 1ab56027-920f-45ef-b012-dea18e451f4d: shutdown server with port 41729 successfully
2019-08-20 15:23:51,488 [grpc-default-executor-0] WARN  server.GrpcLogAppender (LogUtils.java:warn(134)) - 3ba89adc-d403-4b9d-8267-150dfa29993f->1ab56027-920f-45ef-b012-dea18e451f4d: Failed appendEntries: org.apache.ratis.thirdparty.io.grpc.StatusRuntimeException: CANCELLED: HTTP/2 error code: CANCEL
Received Rst Stream
2019-08-20 15:23:51,488 [Thread-329] INFO  utils.BackgroundService (BackgroundService.java:shutdown(148)) - Shutting down service BlockDeletingService
2019-08-20 15:23:51,489 [grpc-default-executor-0] INFO  impl.FollowerInfo (FollowerInfo.java:lambda$new$0(50)) - 3ba89adc-d403-4b9d-8267-150dfa29993f->1ab56027-920f-45ef-b012-dea18e451f4d: nextIndex: updateUnconditionally 1 -> 0
2019-08-20 15:23:51,491 [refreshUsed-/workdir/hadoop-ozone/integration-test/target/test-dir/MiniOzoneClusterImpl-985c7318-59c1-459c-b117-5bea8fb64214/datanode-1/data/containers] WARN  fs.CachingGetSpaceUsed (CachingGetSpaceUsed.java:run(183)) - Thread Interrupted waiting to refresh disk information: sleep interrupted
2019-08-20 15:23:51,505 [Thread-329] INFO  statemachine.DatanodeStateMachine (DatanodeStateMachine.java:stopDaemon(395)) - Ozone container server stopped.
2019-08-20 15:23:51,506 [Thread-329] INFO  handler.ContextHandler (ContextHandler.java:doStop(910)) - Stopped o.e.j.w.WebAppContext@58910ab{/,null,UNAVAILABLE}{/hddsDatanode}
2019-08-20 15:23:51,507 [Thread-329] INFO  server.AbstractConnector (AbstractConnector.java:doStop(318)) - Stopped ServerConnector@7f00d8bd{HTTP/1.1,[http/1.1]}{0.0.0.0:0}
2019-08-20 15:23:51,507 [Thread-329] INFO  handler.ContextHandler (ContextHandler.java:doStop(910)) - Stopped o.e.j.s.ServletContextHandler@933681d{/static,jar:file:/home/user/.m2/repository/org/apache/hadoop/hadoop-hdds-container-service/0.5.0-SNAPSHOT/hadoop-hdds-container-service-0.5.0-SNAPSHOT.jar!/webapps/static,UNAVAILABLE}
2019-08-20 15:23:51,508 [Thread-329] INFO  handler.ContextHandler (ContextHandler.java:doStop(910)) - Stopped o.e.j.s.ServletContextHandler@5ff3a08b{/logs,file:///workdir/hadoop-ozone/integration-test/target/log,UNAVAILABLE}
2019-08-20 15:23:51,509 [Thread-329] INFO  datanode.ObjectStoreHandler (ObjectStoreHandler.java:close(155)) - Closing ObjectStoreHandler.
2019-08-20 15:23:51,510 [Thread-329] INFO  ozone.HddsDatanodeService (HddsDatanodeService.java:stop(451)) - Stopped plug-in org.apache.hadoop.ozone.web.OzoneHddsDatanodeService@6ab34605
2019-08-20 15:23:52,423 [Datanode State Machine Thread - 0] INFO  statemachine.DatanodeStateMachine (DatanodeStateMachine.java:lambda$startDaemon$0(350)) - Ozone container server started.
2019-08-20 15:23:53,363 [grpc-default-executor-0] WARN  server.GrpcLogAppender (LogUtils.java:warn(134)) - 3ba89adc-d403-4b9d-8267-150dfa29993f->79059cc4-1000-433d-b8f6-bb136447d900: Failed appendEntries: org.apache.ratis.thirdparty.io.grpc.StatusRuntimeException: UNAVAILABLE: io exception
2019-08-20 15:23:53,368 [grpc-default-executor-0] INFO  impl.FollowerInfo (FollowerInfo.java:lambda$new$0(50)) - 3ba89adc-d403-4b9d-8267-150dfa29993f->79059cc4-1000-433d-b8f6-bb136447d900: nextIndex: updateUnconditionally 0 -> 0
2019-08-20 15:23:53,371 [grpc-default-executor-0] WARN  server.GrpcLogAppender (LogUtils.java:warn(134)) - 3ba89adc-d403-4b9d-8267-150dfa29993f->1ab56027-920f-45ef-b012-dea18e451f4d: Failed appendEntries: org.apache.ratis.thirdparty.io.grpc.StatusRuntimeException: UNAVAILABLE: io exception
2019-08-20 15:23:53,372 [grpc-default-executor-0] INFO  impl.FollowerInfo (FollowerInfo.java:lambda$new$0(50)) - 3ba89adc-d403-4b9d-8267-150dfa29993f->1ab56027-920f-45ef-b012-dea18e451f4d: nextIndex: updateUnconditionally 0 -> 0
2019-08-20 15:23:55,864 [grpc-default-executor-0] WARN  server.GrpcLogAppender (LogUtils.java:warn(134)) - 3ba89adc-d403-4b9d-8267-150dfa29993f->79059cc4-1000-433d-b8f6-bb136447d900: Failed appendEntries: org.apache.ratis.thirdparty.io.grpc.StatusRuntimeException: UNAVAILABLE: io exception
2019-08-20 15:23:55,865 [grpc-default-executor-0] INFO  impl.FollowerInfo (FollowerInfo.java:lambda$new$0(50)) - 3ba89adc-d403-4b9d-8267-150dfa29993f->79059cc4-1000-433d-b8f6-bb136447d900: nextIndex: updateUnconditionally 0 -> 0
2019-08-20 15:23:55,878 [grpc-default-executor-3] WARN  server.GrpcLogAppender (LogUtils.java:warn(134)) - 3ba89adc-d403-4b9d-8267-150dfa29993f->1ab56027-920f-45ef-b012-dea18e451f4d: Failed appendEntries: org.apache.ratis.thirdparty.io.grpc.StatusRuntimeException: UNAVAILABLE: io exception
2019-08-20 15:23:55,880 [grpc-default-executor-3] INFO  impl.FollowerInfo (FollowerInfo.java:lambda$new$0(50)) - 3ba89adc-d403-4b9d-8267-150dfa29993f->1ab56027-920f-45ef-b012-dea18e451f4d: nextIndex: updateUnconditionally 0 -> 0
2019-08-20 15:23:56,511 [Thread-329] INFO  ozoneimpl.OzoneContainer (OzoneContainer.java:stop(199)) - Attempting to stop container services.
2019-08-20 15:23:56,511 [Thread-329] INFO  impl.RaftServerProxy (RaftServerProxy.java:lambda$close$4(314)) - 3ba89adc-d403-4b9d-8267-150dfa29993f: close
2019-08-20 15:23:56,512 [Thread-329] INFO  impl.RaftServerImpl (RaftServerImpl.java:lambda$shutdown$3(245)) - 3ba89adc-d403-4b9d-8267-150dfa29993f: shutdown group-AD6A30D646C7
2019-08-20 15:23:56,512 [Thread-329] INFO  util.JmxRegister (JmxRegister.java:unregister(73)) - Successfully un-registered JMX Bean with object name Ratis:service=RaftServer,group=group-AD6A30D646C7,id=3ba89adc-d403-4b9d-8267-150dfa29993f
2019-08-20 15:23:56,512 [Thread-329] INFO  impl.RoleInfo (RoleInfo.java:shutdownLeaderState(104)) - 3ba89adc-d403-4b9d-8267-150dfa29993f: shutdown LeaderState
2019-08-20 15:23:56,514 [Thread-329] INFO  impl.PendingRequests (PendingRequests.java:sendNotLeaderResponses(202)) - 3ba89adc-d403-4b9d-8267-150dfa29993f-PendingRequests: sendNotLeaderResponses
2019-08-20 15:23:56,515 [org.apache.ratis.server.impl.LogAppender$AppenderDaemon$$Lambda$388/1997823629@3b22fa67] WARN  server.GrpcLogAppender (GrpcLogAppender.java:mayWait(143)) - GrpcLogAppender(3ba89adc-d403-4b9d-8267-150dfa29993f->1ab56027-920f-45ef-b012-dea18e451f4d): Wait interrupted by java.lang.InterruptedException
2019-08-20 15:23:56,515 [Thread-329] INFO  impl.StateMachineUpdater (StateMachineUpdater.java:stopAndJoin(115)) - StateMachineUpdater:3ba89adc-d403-4b9d-8267-150dfa29993f:group-AD6A30D646C7: set stopIndex = 0
2019-08-20 15:23:56,517 [Thread-329] INFO  impl.RaftServerImpl (ServerState.java:close(394)) - 3ba89adc-d403-4b9d-8267-150dfa29993f:group-AD6A30D646C7 closes. The last applied log index is 0
2019-08-20 15:23:56,515 [org.apache.ratis.server.impl.LogAppender$AppenderDaemon$$Lambda$388/1997823629@7e206367] WARN  server.GrpcLogAppender (GrpcLogAppender.java:mayWait(143)) - GrpcLogAppender(3ba89adc-d403-4b9d-8267-150dfa29993f->79059cc4-1000-433d-b8f6-bb136447d900): Wait interrupted by java.lang.InterruptedException
2019-08-20 15:23:56,517 [3ba89adc-d403-4b9d-8267-150dfa29993f-SegmentedRaftLogWorker:Storage Directory /workdir/hadoop-ozone/integration-test/target/test-dir/MiniOzoneClusterImpl-985c7318-59c1-459c-b117-5bea8fb64214/datanode-2/data/ratis/d9dac5d8-25eb-4537-81dd-ad6a30d646c7] INFO  segmented.SegmentedRaftLogWorker (SegmentedRaftLogWorker.java:run(313)) - 3ba89adc-d403-4b9d-8267-150dfa29993f-SegmentedRaftLogWorker:Storage Directory /workdir/hadoop-ozone/integration-test/target/test-dir/MiniOzoneClusterImpl-985c7318-59c1-459c-b117-5bea8fb64214/datanode-2/data/ratis/d9dac5d8-25eb-4537-81dd-ad6a30d646c7 was interrupted, exiting. There are 0 tasks remaining in the queue.
2019-08-20 15:23:56,519 [Thread-329] INFO  segmented.SegmentedRaftLogWorker (SegmentedRaftLogWorker.java:close(228)) - 3ba89adc-d403-4b9d-8267-150dfa29993f-SegmentedRaftLogWorker:Storage Directory /workdir/hadoop-ozone/integration-test/target/test-dir/MiniOzoneClusterImpl-985c7318-59c1-459c-b117-5bea8fb64214/datanode-2/data/ratis/d9dac5d8-25eb-4537-81dd-ad6a30d646c7 close()
2019-08-20 15:23:56,520 [Thread-329] INFO  impl.RaftServerImpl (RaftServerImpl.java:lambda$shutdown$3(245)) - 3ba89adc-d403-4b9d-8267-150dfa29993f: shutdown group-41F2FF00AC41
2019-08-20 15:23:56,521 [Thread-329] INFO  util.JmxRegister (JmxRegister.java:unregister(73)) - Successfully un-registered JMX Bean with object name Ratis:service=RaftServer,group=group-41F2FF00AC41,id=3ba89adc-d403-4b9d-8267-150dfa29993f
2019-08-20 15:23:56,521 [Thread-329] INFO  impl.RoleInfo (RoleInfo.java:shutdownLeaderState(104)) - 3ba89adc-d403-4b9d-8267-150dfa29993f: shutdown LeaderState
2019-08-20 15:23:56,521 [Thread-329] INFO  impl.PendingRequests (PendingRequests.java:sendNotLeaderResponses(202)) - 3ba89adc-d403-4b9d-8267-150dfa29993f-PendingRequests: sendNotLeaderResponses
2019-08-20 15:23:56,522 [Thread-329] INFO  impl.StateMachineUpdater (StateMachineUpdater.java:stopAndJoin(115)) - StateMachineUpdater:3ba89adc-d403-4b9d-8267-150dfa29993f:group-41F2FF00AC41: set stopIndex = 0
2019-08-20 15:23:56,523 [Thread-329] INFO  impl.RaftServerImpl (ServerState.java:close(394)) - 3ba89adc-d403-4b9d-8267-150dfa29993f:group-41F2FF00AC41 closes. The last applied log index is 0
2019-08-20 15:23:56,523 [3ba89adc-d403-4b9d-8267-150dfa29993f-SegmentedRaftLogWorker:Storage Directory /workdir/hadoop-ozone/integration-test/target/test-dir/MiniOzoneClusterImpl-985c7318-59c1-459c-b117-5bea8fb64214/datanode-2/data/ratis/aa5beeae-28dd-4945-9761-41f2ff00ac41] INFO  segmented.SegmentedRaftLogWorker (SegmentedRaftLogWorker.java:run(313)) - 3ba89adc-d403-4b9d-8267-150dfa29993f-SegmentedRaftLogWorker:Storage Directory /workdir/hadoop-ozone/integration-test/target/test-dir/MiniOzoneClusterImpl-985c7318-59c1-459c-b117-5bea8fb64214/datanode-2/data/ratis/aa5beeae-28dd-4945-9761-41f2ff00ac41 was interrupted, exiting. There are 0 tasks remaining in the queue.
2019-08-20 15:23:56,524 [Thread-329] INFO  segmented.SegmentedRaftLogWorker (SegmentedRaftLogWorker.java:close(228)) - 3ba89adc-d403-4b9d-8267-150dfa29993f-SegmentedRaftLogWorker:Storage Directory /workdir/hadoop-ozone/integration-test/target/test-dir/MiniOzoneClusterImpl-985c7318-59c1-459c-b117-5bea8fb64214/datanode-2/data/ratis/aa5beeae-28dd-4945-9761-41f2ff00ac41 close()
2019-08-20 15:23:56,525 [Thread-329] INFO  server.GrpcService (GrpcService.java:closeImpl(155)) - 3ba89adc-d403-4b9d-8267-150dfa29993f: shutdown server with port 41312 now
2019-08-20 15:23:56,526 [Thread-329] INFO  server.GrpcService (GrpcService.java:closeImpl(163)) - 3ba89adc-d403-4b9d-8267-150dfa29993f: shutdown server with port 41312 successfully
2019-08-20 15:23:56,530 [Thread-329] INFO  utils.BackgroundService (BackgroundService.java:shutdown(148)) - Shutting down service BlockDeletingService
2019-08-20 15:23:56,532 [refreshUsed-/workdir/hadoop-ozone/integration-test/target/test-dir/MiniOzoneClusterImpl-985c7318-59c1-459c-b117-5bea8fb64214/datanode-2/data/containers] WARN  fs.CachingGetSpaceUsed (CachingGetSpaceUsed.java:run(183)) - Thread Interrupted waiting to refresh disk information: sleep interrupted
2019-08-20 15:23:56,550 [Thread-329] INFO  statemachine.DatanodeStateMachine (DatanodeStateMachine.java:stopDaemon(395)) - Ozone container server stopped.
2019-08-20 15:23:56,551 [Thread-329] INFO  handler.ContextHandler (ContextHandler.java:doStop(910)) - Stopped o.e.j.w.WebAppContext@79308359{/,null,UNAVAILABLE}{/hddsDatanode}
2019-08-20 15:23:56,552 [Thread-329] INFO  server.AbstractConnector (AbstractConnector.java:doStop(318)) - Stopped ServerConnector@305ec0a5{HTTP/1.1,[http/1.1]}{0.0.0.0:0}
2019-08-20 15:23:56,552 [Thread-329] INFO  handler.ContextHandler (ContextHandler.java:doStop(910)) - Stopped o.e.j.s.ServletContextHandler@3e968258{/static,jar:file:/home/user/.m2/repository/org/apache/hadoop/hadoop-hdds-container-service/0.5.0-SNAPSHOT/hadoop-hdds-container-service-0.5.0-SNAPSHOT.jar!/webapps/static,UNAVAILABLE}
2019-08-20 15:23:56,552 [Thread-329] INFO  handler.ContextHandler (ContextHandler.java:doStop(910)) - Stopped o.e.j.s.ServletContextHandler@546e5750{/logs,file:///workdir/hadoop-ozone/integration-test/target/log,UNAVAILABLE}
2019-08-20 15:23:56,559 [Thread-329] INFO  impl.MetricsSystemImpl (MetricsSystemImpl.java:init(158)) - HddsDatanode metrics system started (again)
2019-08-20 15:23:56,606 [Thread-329] INFO  ozone.HddsDatanodeService (HddsDatanodeService.java:start(184)) - HddsDatanodeService host:pr-hdds-1946lgncr-3764977478 ip:192.168.69.96
2019-08-20 15:23:56,612 [Thread-329] INFO  volume.VolumeUsage (VolumeUsage.java:loadScmUsed(144)) - Cached ScmUsed found for /workdir/hadoop-ozone/integration-test/target/test-dir/MiniOzoneClusterImpl-985c7318-59c1-459c-b117-5bea8fb64214/datanode-0/data/containers : 4096 
2019-08-20 15:23:56,612 [Thread-329] INFO  volume.HddsVolume (HddsVolume.java:<init>(176)) - Creating Volume: /workdir/hadoop-ozone/integration-test/target/test-dir/MiniOzoneClusterImpl-985c7318-59c1-459c-b117-5bea8fb64214/datanode-0/data/containers/hdds of  storage type : DISK and capacity : 1482555576320
2019-08-20 15:23:56,613 [Thread-329] INFO  volume.VolumeSet (VolumeSet.java:initializeVolumeSet(170)) - Added Volume : /workdir/hadoop-ozone/integration-test/target/test-dir/MiniOzoneClusterImpl-985c7318-59c1-459c-b117-5bea8fb64214/datanode-0/data/containers/hdds to VolumeSet
2019-08-20 15:23:56,614 [Thread-329] INFO  volume.ThrottledAsyncChecker (ThrottledAsyncChecker.java:schedule(140)) - Scheduling a check for org.apache.hadoop.ozone.container.common.volume.HddsVolume@7f89a341
2019-08-20 15:23:56,615 [Thread-329] INFO  volume.HddsVolumeChecker (HddsVolumeChecker.java:checkAllVolumes(203)) - Scheduled health check for volume org.apache.hadoop.ozone.container.common.volume.HddsVolume@7f89a341
2019-08-20 15:23:56,639 [Thread-329] INFO  impl.RaftServerProxy (ConfUtils.java:logGet(43)) - raft.rpc.type = GRPC (default)
2019-08-20 15:23:56,640 [Thread-329] INFO  grpc.GrpcFactory (GrpcFactory.java:checkPooledByteBufAllocatorUseCacheForAllThreads(45)) - PERFORMANCE WARNING: useCacheForAllThreads is true that may cause Netty to create a lot garbage objects and, as a result, trigger GC.
	It is recommended to disable useCacheForAllThreads by setting -Dorg.apache.ratis.thirdparty.io.netty.allocator.useCacheForAllThreads=false in command line.
2019-08-20 15:23:56,640 [Thread-329] INFO  grpc.GrpcConfigKeys$Server (ConfUtils.java:logGet(43)) - raft.grpc.server.port = 42288 (custom)
2019-08-20 15:23:56,640 [Thread-329] INFO  server.GrpcService (ConfUtils.java:logGet(43)) - raft.grpc.message.size.max = 33570816 (custom)
2019-08-20 15:23:56,640 [Thread-329] INFO  server.RaftServerConfigKeys (ConfUtils.java:logGet(43)) - raft.server.log.appender.buffer.byte-limit = 33554432 (custom)
2019-08-20 15:23:56,641 [Thread-329] INFO  server.GrpcService (ConfUtils.java:logGet(43)) - raft.grpc.flow.control.window = 1MB (=1048576) (default)
2019-08-20 15:23:56,641 [Thread-329] INFO  server.RaftServerConfigKeys (ConfUtils.java:logGet(43)) - raft.server.rpc.request.timeout = 3000ms (default)
2019-08-20 15:23:56,642 [Thread-329] INFO  server.RaftServerConfigKeys (ConfUtils.java:logGet(43)) - raft.server.storage.dir = [/workdir/hadoop-ozone/integration-test/target/test-dir/MiniOzoneClusterImpl-985c7318-59c1-459c-b117-5bea8fb64214/datanode-0/data/ratis] (custom)
2019-08-20 15:23:56,642 [Thread-329] INFO  impl.RaftServerProxy (RaftServerProxy.java:lambda$null$0(191)) - 79059cc4-1000-433d-b8f6-bb136447d900: found a subdirectory /workdir/hadoop-ozone/integration-test/target/test-dir/MiniOzoneClusterImpl-985c7318-59c1-459c-b117-5bea8fb64214/datanode-0/data/ratis/27f46263-6e81-489c-9f6e-836f314dbd82
2019-08-20 15:23:56,644 [Thread-329] INFO  impl.RaftServerProxy (RaftServerProxy.java:addNew(89)) - 79059cc4-1000-433d-b8f6-bb136447d900: addNew group-836F314DBD82:[] returns group-836F314DBD82:java.util.concurrent.CompletableFuture@64ea4be5[Not completed]
2019-08-20 15:23:56,644 [Thread-329] INFO  impl.RaftServerProxy (RaftServerProxy.java:lambda$null$0(191)) - 79059cc4-1000-433d-b8f6-bb136447d900: found a subdirectory /workdir/hadoop-ozone/integration-test/target/test-dir/MiniOzoneClusterImpl-985c7318-59c1-459c-b117-5bea8fb64214/datanode-0/data/ratis/d9dac5d8-25eb-4537-81dd-ad6a30d646c7
2019-08-20 15:23:56,644 [Thread-329] INFO  impl.RaftServerProxy (RaftServerProxy.java:addNew(89)) - 79059cc4-1000-433d-b8f6-bb136447d900: addNew group-AD6A30D646C7:[] returns group-AD6A30D646C7:java.util.concurrent.CompletableFuture@6362be7b[Not completed]
2019-08-20 15:23:56,645 [Thread-329] INFO  replication.SimpleContainerDownloader (SimpleContainerDownloader.java:<init>(72)) - Starting container downloader service to copy containers to replicate.
2019-08-20 15:23:56,646 [pool-148-thread-1] INFO  impl.RaftServerImpl (RaftServerImpl.java:<init>(93)) - 79059cc4-1000-433d-b8f6-bb136447d900: new RaftServerImpl for group-836F314DBD82:[] with ContainerStateMachine:uninitialized
2019-08-20 15:23:56,647 [Thread-329] INFO  hdfs.DFSUtil (DFSUtil.java:httpServerTemplateForNNAndJN(1641)) - Starting Web-server for hddsDatanode at: http://0.0.0.0:45902
2019-08-20 15:23:56,647 [pool-148-thread-1] INFO  server.RaftServerConfigKeys (ConfUtils.java:logGet(43)) - raft.server.rpc.timeout.min = 5s (custom)
2019-08-20 15:23:56,647 [pool-148-thread-1] INFO  server.RaftServerConfigKeys (ConfUtils.java:logGet(43)) - raft.server.rpc.timeout.max = 5200ms (custom)
2019-08-20 15:23:56,647 [pool-148-thread-1] INFO  server.RaftServerConfigKeys (ConfUtils.java:logGet(43)) - raft.server.rpcslowness.timeout = 120s (custom)
2019-08-20 15:23:56,647 [pool-148-thread-1] INFO  server.RaftServerConfigKeys (ConfUtils.java:logGet(43)) - raft.server.sleep.deviation.threshold = 300 (default)
2019-08-20 15:23:56,648 [pool-148-thread-1] INFO  server.RaftServerConfigKeys (ConfUtils.java:logGet(43)) - raft.server.log.appender.install.snapshot.enabled = false (custom)
2019-08-20 15:23:56,648 [pool-148-thread-1] INFO  impl.RaftServerImpl (ServerState.java:<init>(105)) - 79059cc4-1000-433d-b8f6-bb136447d900:group-836F314DBD82 ConfigurationManager, init=-1: [], old=null, confs=<EMPTY_MAP>
2019-08-20 15:23:56,648 [pool-148-thread-1] INFO  server.RaftServerConfigKeys (ConfUtils.java:logGet(43)) - raft.server.storage.dir = [/workdir/hadoop-ozone/integration-test/target/test-dir/MiniOzoneClusterImpl-985c7318-59c1-459c-b117-5bea8fb64214/datanode-0/data/ratis] (custom)
2019-08-20 15:23:56,649 [Thread-329] INFO  server.AuthenticationFilter (AuthenticationFilter.java:constructSecretProvider(240)) - Unable to initialize FileSignerSecretProvider, falling back to use random secrets.
2019-08-20 15:23:56,649 [Thread-329] WARN  http.HttpRequestLog (HttpRequestLog.java:getRequestLog(97)) - Jetty request log can only be enabled using Log4j
2019-08-20 15:23:56,651 [Thread-329] INFO  http.HttpServer2 (HttpServer2.java:addGlobalFilter(975)) - Added global filter 'safety' (class=org.apache.hadoop.http.HttpServer2$QuotingInputFilter)
2019-08-20 15:23:56,652 [Thread-329] INFO  http.HttpServer2 (HttpServer2.java:addFilter(948)) - Added filter static_user_filter (class=org.apache.hadoop.http.lib.StaticUserWebFilter$StaticUserFilter) to context hddsDatanode
2019-08-20 15:23:56,652 [Thread-329] INFO  http.HttpServer2 (HttpServer2.java:addFilter(958)) - Added filter static_user_filter (class=org.apache.hadoop.http.lib.StaticUserWebFilter$StaticUserFilter) to context logs
2019-08-20 15:23:56,652 [Thread-329] INFO  http.HttpServer2 (HttpServer2.java:addFilter(958)) - Added filter static_user_filter (class=org.apache.hadoop.http.lib.StaticUserWebFilter$StaticUserFilter) to context static
2019-08-20 15:23:56,653 [Thread-329] INFO  http.HttpServer2 (HttpServer2.java:bindListener(1191)) - Jetty bound to port 45902
2019-08-20 15:23:56,653 [Thread-329] INFO  server.Server (Server.java:doStart(351)) - jetty-9.3.24.v20180605, build timestamp: 2018-06-05T17:11:56Z, git hash: 84205aa28f11a4f31f2a3b86d1bba2cc8ab69827
2019-08-20 15:23:56,656 [Thread-329] INFO  handler.ContextHandler (ContextHandler.java:doStart(781)) - Started o.e.j.s.ServletContextHandler@2c2cb885{/logs,file:///workdir/hadoop-ozone/integration-test/target/log,AVAILABLE}
2019-08-20 15:23:56,656 [Thread-329] INFO  handler.ContextHandler (ContextHandler.java:doStart(781)) - Started o.e.j.s.ServletContextHandler@651b3f20{/static,jar:file:/home/user/.m2/repository/org/apache/hadoop/hadoop-hdds-container-service/0.5.0-SNAPSHOT/hadoop-hdds-container-service-0.5.0-SNAPSHOT.jar!/webapps/static,AVAILABLE}
2019-08-20 15:23:56,666 [pool-148-thread-1] INFO  storage.RaftStorageDirectory (RaftStorageDirectory.java:tryLock(328)) - Lock on /workdir/hadoop-ozone/integration-test/target/test-dir/MiniOzoneClusterImpl-985c7318-59c1-459c-b117-5bea8fb64214/datanode-0/data/ratis/27f46263-6e81-489c-9f6e-836f314dbd82/in_use.lock acquired by nodename 21129@pr-hdds-1946lgncr-3764977478
2019-08-20 15:23:56,668 [pool-148-thread-1] INFO  ratis.ContainerStateMachine (ContainerStateMachine.java:loadSnapshot(222)) - group-836F314DBD82: The snapshot info is null. Setting the last applied indexto:(t:0, i:~)
2019-08-20 15:23:56,668 [pool-148-thread-1] INFO  server.RaftServerConfigKeys (ConfUtils.java:logGet(43)) - raft.server.leader.election.timeout = 120s (custom)
2019-08-20 15:23:56,668 [pool-148-thread-1] INFO  server.RaftServerConfigKeys (ConfUtils.java:logGet(43)) - raft.server.log.use.memory = false (default)
2019-08-20 15:23:56,669 [pool-148-thread-1] INFO  server.RaftServerConfigKeys (ConfUtils.java:logGet(43)) - raft.server.log.purge.gap = 1000000 (custom)
2019-08-20 15:23:56,669 [pool-148-thread-1] INFO  server.RaftServerConfigKeys (ConfUtils.java:logGet(43)) - raft.server.log.appender.buffer.byte-limit = 33554432 (custom)
2019-08-20 15:23:56,669 [pool-148-thread-1] INFO  server.RaftServerConfigKeys (ConfUtils.java:logGet(43)) - raft.server.log.segment.size.max = 1048576 (custom)
2019-08-20 15:23:56,669 [pool-148-thread-1] INFO  server.RaftServerConfigKeys (ConfUtils.java:logGet(43)) - raft.server.log.segment.cache.num.max = 2 (custom)
2019-08-20 15:23:56,670 [pool-148-thread-1] INFO  segmented.SegmentedRaftLogWorker (SegmentedRaftLogWorker.java:<init>(172)) - new 79059cc4-1000-433d-b8f6-bb136447d900-SegmentedRaftLogWorker:Storage Directory /workdir/hadoop-ozone/integration-test/target/test-dir/MiniOzoneClusterImpl-985c7318-59c1-459c-b117-5bea8fb64214/datanode-0/data/ratis/27f46263-6e81-489c-9f6e-836f314dbd82 for RaftStorage:Storage Directory /workdir/hadoop-ozone/integration-test/target/test-dir/MiniOzoneClusterImpl-985c7318-59c1-459c-b117-5bea8fb64214/datanode-0/data/ratis/27f46263-6e81-489c-9f6e-836f314dbd82
2019-08-20 15:23:56,670 [pool-148-thread-1] INFO  server.RaftServerConfigKeys (ConfUtils.java:logGet(43)) - raft.server.log.queue.byte-limit = 2147483647 (custom)
2019-08-20 15:23:56,670 [pool-148-thread-1] INFO  server.RaftServerConfigKeys (ConfUtils.java:logGet(43)) - raft.server.log.queue.element-limit = 1024 (custom)
2019-08-20 15:23:56,671 [pool-148-thread-1] INFO  server.RaftServerConfigKeys (ConfUtils.java:logGet(43)) - raft.server.log.segment.size.max = 1048576 (custom)
2019-08-20 15:23:56,671 [pool-148-thread-1] INFO  server.RaftServerConfigKeys (ConfUtils.java:logGet(43)) - raft.server.log.preallocated.size = 16384 (custom)
2019-08-20 15:23:56,671 [pool-148-thread-1] INFO  server.RaftServerConfigKeys (ConfUtils.java:logGet(43)) - raft.server.log.write.buffer.size = 33554432 (custom)
2019-08-20 15:23:56,671 [pool-148-thread-1] INFO  server.RaftServerConfigKeys (ConfUtils.java:logGet(43)) - raft.server.log.force.sync.num = 128 (default)
2019-08-20 15:23:56,671 [pool-148-thread-1] INFO  server.RaftServerConfigKeys (ConfUtils.java:logGet(43)) - raft.server.log.statemachine.data.sync = true (default)
2019-08-20 15:23:56,672 [pool-148-thread-1] INFO  server.RaftServerConfigKeys (ConfUtils.java:logGet(43)) - raft.server.log.statemachine.data.sync.timeout = 10s (default)
2019-08-20 15:23:56,672 [pool-148-thread-1] INFO  server.RaftServerConfigKeys (ConfUtils.java:logGet(43)) - raft.server.log.statemachine.data.sync.timeout.retry = -1 (default)
2019-08-20 15:23:56,672 [pool-148-thread-1] INFO  server.RaftServerConfigKeys (ConfUtils.java:logGet(43)) - raft.server.log.statemachine.data.caching.enabled = true (custom)
2019-08-20 15:23:56,682 [pool-148-thread-1] INFO  impl.RaftServerImpl (ServerState.java:setRaftConf(361)) - 79059cc4-1000-433d-b8f6-bb136447d900:group-836F314DBD82 set configuration 0: [79059cc4-1000-433d-b8f6-bb136447d900:192.168.69.96:42288], old=null at 0
2019-08-20 15:23:56,683 [pool-148-thread-1] INFO  segmented.LogSegment (LogSegment.java:loadSegment(145)) - Successfully read 1 entries from segment file /workdir/hadoop-ozone/integration-test/target/test-dir/MiniOzoneClusterImpl-985c7318-59c1-459c-b117-5bea8fb64214/datanode-0/data/ratis/27f46263-6e81-489c-9f6e-836f314dbd82/current/log_inprogress_0
2019-08-20 15:23:56,683 [pool-148-thread-1] INFO  segmented.SegmentedRaftLogWorker (SegmentedRaftLogWorker.java:lambda$new$0(132)) - 79059cc4-1000-433d-b8f6-bb136447d900-SegmentedRaftLogWorker:Storage Directory /workdir/hadoop-ozone/integration-test/target/test-dir/MiniOzoneClusterImpl-985c7318-59c1-459c-b117-5bea8fb64214/datanode-0/data/ratis/27f46263-6e81-489c-9f6e-836f314dbd82: flushIndex: setUnconditionally 0 -> 0
2019-08-20 15:23:56,691 [Thread-329] INFO  handler.ContextHandler (ContextHandler.java:doStart(781)) - Started o.e.j.w.WebAppContext@4aa90a45{/,file:///tmp/jetty-0.0.0.0-45902-hddsDatanode-_-any-620867180657116213.dir/webapp/,AVAILABLE}{/hddsDatanode}
2019-08-20 15:23:56,691 [Thread-329] INFO  server.AbstractConnector (AbstractConnector.java:doStart(278)) - Started ServerConnector@2a6cb89b{HTTP/1.1,[http/1.1]}{0.0.0.0:45902}
2019-08-20 15:23:56,717 [Thread-329] INFO  server.Server (Server.java:doStart(419)) - Started @52442ms
2019-08-20 15:23:56,718 [pool-148-thread-1] INFO  server.RaftServerConfigKeys (ConfUtils.java:logGet(43)) - raft.server.snapshot.auto.trigger.enabled = true (custom)
2019-08-20 15:23:56,718 [pool-148-thread-1] INFO  server.RaftServerConfigKeys (ConfUtils.java:logGet(43)) - raft.server.snapshot.auto.trigger.threshold = 10000 (custom)
2019-08-20 15:23:56,718 [pool-148-thread-1] INFO  server.RaftServerConfigKeys (ConfUtils.java:logGet(43)) - raft.server.retrycache.expirytime = 600000ms (custom)
2019-08-20 15:23:56,718 [Thread-329] INFO  server.BaseHttpServer (BaseHttpServer.java:updateConnectorAddress(213)) - HTTP server of HDDSDATANODE is listening at http://0.0.0.0:45902
2019-08-20 15:23:56,721 [pool-148-thread-1] INFO  impl.RaftServerImpl (RaftServerImpl.java:<init>(93)) - 79059cc4-1000-433d-b8f6-bb136447d900: new RaftServerImpl for group-AD6A30D646C7:[] with ContainerStateMachine:uninitialized
2019-08-20 15:23:56,721 [pool-148-thread-1] INFO  server.RaftServerConfigKeys (ConfUtils.java:logGet(43)) - raft.server.rpc.timeout.min = 5s (custom)
2019-08-20 15:23:56,721 [pool-148-thread-1] INFO  server.RaftServerConfigKeys (ConfUtils.java:logGet(43)) - raft.server.rpc.timeout.max = 5200ms (custom)
2019-08-20 15:23:56,722 [pool-148-thread-1] INFO  server.RaftServerConfigKeys (ConfUtils.java:logGet(43)) - raft.server.rpcslowness.timeout = 120s (custom)
2019-08-20 15:23:56,722 [pool-148-thread-1] INFO  server.RaftServerConfigKeys (ConfUtils.java:logGet(43)) - raft.server.sleep.deviation.threshold = 300 (default)
2019-08-20 15:23:56,722 [pool-148-thread-1] INFO  server.RaftServerConfigKeys (ConfUtils.java:logGet(43)) - raft.server.log.appender.install.snapshot.enabled = false (custom)
2019-08-20 15:23:56,722 [pool-148-thread-1] INFO  impl.RaftServerImpl (ServerState.java:<init>(105)) - 79059cc4-1000-433d-b8f6-bb136447d900:group-AD6A30D646C7 ConfigurationManager, init=-1: [], old=null, confs=<EMPTY_MAP>
2019-08-20 15:23:56,722 [pool-148-thread-1] INFO  server.RaftServerConfigKeys (ConfUtils.java:logGet(43)) - raft.server.storage.dir = [/workdir/hadoop-ozone/integration-test/target/test-dir/MiniOzoneClusterImpl-985c7318-59c1-459c-b117-5bea8fb64214/datanode-0/data/ratis] (custom)
2019-08-20 15:23:56,745 [pool-148-thread-1] INFO  storage.RaftStorageDirectory (RaftStorageDirectory.java:tryLock(328)) - Lock on /workdir/hadoop-ozone/integration-test/target/test-dir/MiniOzoneClusterImpl-985c7318-59c1-459c-b117-5bea8fb64214/datanode-0/data/ratis/d9dac5d8-25eb-4537-81dd-ad6a30d646c7/in_use.lock acquired by nodename 21129@pr-hdds-1946lgncr-3764977478
2019-08-20 15:23:56,746 [pool-148-thread-1] INFO  ratis.ContainerStateMachine (ContainerStateMachine.java:loadSnapshot(222)) - group-AD6A30D646C7: The snapshot info is null. Setting the last applied indexto:(t:0, i:~)
2019-08-20 15:23:56,746 [pool-148-thread-1] INFO  server.RaftServerConfigKeys (ConfUtils.java:logGet(43)) - raft.server.leader.election.timeout = 120s (custom)
2019-08-20 15:23:56,747 [pool-148-thread-1] INFO  server.RaftServerConfigKeys (ConfUtils.java:logGet(43)) - raft.server.log.use.memory = false (default)
2019-08-20 15:23:56,747 [pool-148-thread-1] INFO  server.RaftServerConfigKeys (ConfUtils.java:logGet(43)) - raft.server.log.purge.gap = 1000000 (custom)
2019-08-20 15:23:56,747 [pool-148-thread-1] INFO  server.RaftServerConfigKeys (ConfUtils.java:logGet(43)) - raft.server.log.appender.buffer.byte-limit = 33554432 (custom)
2019-08-20 15:23:56,747 [pool-148-thread-1] INFO  server.RaftServerConfigKeys (ConfUtils.java:logGet(43)) - raft.server.log.segment.size.max = 1048576 (custom)
2019-08-20 15:23:56,747 [pool-148-thread-1] INFO  server.RaftServerConfigKeys (ConfUtils.java:logGet(43)) - raft.server.log.segment.cache.num.max = 2 (custom)
2019-08-20 15:23:56,747 [pool-148-thread-1] INFO  segmented.SegmentedRaftLogWorker (SegmentedRaftLogWorker.java:<init>(172)) - new 79059cc4-1000-433d-b8f6-bb136447d900-SegmentedRaftLogWorker:Storage Directory /workdir/hadoop-ozone/integration-test/target/test-dir/MiniOzoneClusterImpl-985c7318-59c1-459c-b117-5bea8fb64214/datanode-0/data/ratis/d9dac5d8-25eb-4537-81dd-ad6a30d646c7 for RaftStorage:Storage Directory /workdir/hadoop-ozone/integration-test/target/test-dir/MiniOzoneClusterImpl-985c7318-59c1-459c-b117-5bea8fb64214/datanode-0/data/ratis/d9dac5d8-25eb-4537-81dd-ad6a30d646c7
2019-08-20 15:23:56,748 [pool-148-thread-1] INFO  server.RaftServerConfigKeys (ConfUtils.java:logGet(43)) - raft.server.log.queue.byte-limit = 2147483647 (custom)
2019-08-20 15:23:56,748 [pool-148-thread-1] INFO  server.RaftServerConfigKeys (ConfUtils.java:logGet(43)) - raft.server.log.queue.element-limit = 1024 (custom)
2019-08-20 15:23:56,748 [pool-148-thread-1] INFO  server.RaftServerConfigKeys (ConfUtils.java:logGet(43)) - raft.server.log.segment.size.max = 1048576 (custom)
2019-08-20 15:23:56,748 [pool-148-thread-1] INFO  server.RaftServerConfigKeys (ConfUtils.java:logGet(43)) - raft.server.log.preallocated.size = 16384 (custom)
2019-08-20 15:23:56,748 [pool-148-thread-1] INFO  server.RaftServerConfigKeys (ConfUtils.java:logGet(43)) - raft.server.log.write.buffer.size = 33554432 (custom)
2019-08-20 15:23:56,748 [pool-148-thread-1] INFO  server.RaftServerConfigKeys (ConfUtils.java:logGet(43)) - raft.server.log.force.sync.num = 128 (default)
2019-08-20 15:23:56,748 [pool-148-thread-1] INFO  server.RaftServerConfigKeys (ConfUtils.java:logGet(43)) - raft.server.log.statemachine.data.sync = true (default)
2019-08-20 15:23:56,748 [pool-148-thread-1] INFO  server.RaftServerConfigKeys (ConfUtils.java:logGet(43)) - raft.server.log.statemachine.data.sync.timeout = 10s (default)
2019-08-20 15:23:56,749 [pool-148-thread-1] INFO  server.RaftServerConfigKeys (ConfUtils.java:logGet(43)) - raft.server.log.statemachine.data.sync.timeout.retry = -1 (default)
2019-08-20 15:23:56,749 [pool-148-thread-1] INFO  server.RaftServerConfigKeys (ConfUtils.java:logGet(43)) - raft.server.log.statemachine.data.caching.enabled = true (custom)
2019-08-20 15:23:56,750 [pool-148-thread-1] INFO  impl.RaftServerImpl (ServerState.java:setRaftConf(361)) - 79059cc4-1000-433d-b8f6-bb136447d900:group-AD6A30D646C7 set configuration 0: [1ab56027-920f-45ef-b012-dea18e451f4d:192.168.69.96:41729, 79059cc4-1000-433d-b8f6-bb136447d900:192.168.69.96:42288, 3ba89adc-d403-4b9d-8267-150dfa29993f:192.168.69.96:41312], old=null at 0
2019-08-20 15:23:56,750 [pool-148-thread-1] INFO  segmented.LogSegment (LogSegment.java:loadSegment(145)) - Successfully read 1 entries from segment file /workdir/hadoop-ozone/integration-test/target/test-dir/MiniOzoneClusterImpl-985c7318-59c1-459c-b117-5bea8fb64214/datanode-0/data/ratis/d9dac5d8-25eb-4537-81dd-ad6a30d646c7/current/log_inprogress_0
2019-08-20 15:23:56,750 [pool-148-thread-1] INFO  segmented.SegmentedRaftLogWorker (SegmentedRaftLogWorker.java:lambda$new$0(132)) - 79059cc4-1000-433d-b8f6-bb136447d900-SegmentedRaftLogWorker:Storage Directory /workdir/hadoop-ozone/integration-test/target/test-dir/MiniOzoneClusterImpl-985c7318-59c1-459c-b117-5bea8fb64214/datanode-0/data/ratis/d9dac5d8-25eb-4537-81dd-ad6a30d646c7: flushIndex: setUnconditionally 0 -> 0
2019-08-20 15:23:56,778 [pool-148-thread-1] INFO  server.RaftServerConfigKeys (ConfUtils.java:logGet(43)) - raft.server.snapshot.auto.trigger.enabled = true (custom)
2019-08-20 15:23:56,778 [pool-148-thread-1] INFO  server.RaftServerConfigKeys (ConfUtils.java:logGet(43)) - raft.server.snapshot.auto.trigger.threshold = 10000 (custom)
2019-08-20 15:23:56,778 [pool-148-thread-1] INFO  server.RaftServerConfigKeys (ConfUtils.java:logGet(43)) - raft.server.retrycache.expirytime = 600000ms (custom)
2019-08-20 15:23:56,862 | INFO  | ObjectStoreRestHttpServer | Listening HDDS REST traffic on /0.0.0.0:37590 |  
2019-08-20 15:23:56,863 [Thread-329] INFO  ozone.HddsDatanodeService (HddsDatanodeService.java:startPlugins(395)) - Started plug-in org.apache.hadoop.ozone.web.OzoneHddsDatanodeService@63c6c2b2
2019-08-20 15:23:56,865 [org.apache.hadoop.util.JvmPauseMonitor$Monitor@530068e1] INFO  util.JvmPauseMonitor (JvmPauseMonitor.java:run(188)) - Starting JVM pause monitor
2019-08-20 15:23:56,865 [Thread-329] INFO  impl.MetricsSystemImpl (MetricsSystemImpl.java:init(158)) - HddsDatanode metrics system started (again)
2019-08-20 15:23:56,869 [Thread-329] INFO  ozone.HddsDatanodeService (HddsDatanodeService.java:start(184)) - HddsDatanodeService host:pr-hdds-1946lgncr-3764977478 ip:192.168.69.96
2019-08-20 15:23:56,871 [Thread-329] INFO  volume.VolumeUsage (VolumeUsage.java:loadScmUsed(144)) - Cached ScmUsed found for /workdir/hadoop-ozone/integration-test/target/test-dir/MiniOzoneClusterImpl-985c7318-59c1-459c-b117-5bea8fb64214/datanode-1/data/containers : 4096 
2019-08-20 15:23:56,871 [Thread-329] INFO  volume.HddsVolume (HddsVolume.java:<init>(176)) - Creating Volume: /workdir/hadoop-ozone/integration-test/target/test-dir/MiniOzoneClusterImpl-985c7318-59c1-459c-b117-5bea8fb64214/datanode-1/data/containers/hdds of  storage type : DISK and capacity : 1482555576320
2019-08-20 15:23:56,871 [Thread-329] INFO  volume.VolumeSet (VolumeSet.java:initializeVolumeSet(170)) - Added Volume : /workdir/hadoop-ozone/integration-test/target/test-dir/MiniOzoneClusterImpl-985c7318-59c1-459c-b117-5bea8fb64214/datanode-1/data/containers/hdds to VolumeSet
2019-08-20 15:23:56,871 [Thread-329] INFO  volume.ThrottledAsyncChecker (ThrottledAsyncChecker.java:schedule(140)) - Scheduling a check for org.apache.hadoop.ozone.container.common.volume.HddsVolume@528e662e
2019-08-20 15:23:56,872 [Thread-329] INFO  volume.HddsVolumeChecker (HddsVolumeChecker.java:checkAllVolumes(203)) - Scheduled health check for volume org.apache.hadoop.ozone.container.common.volume.HddsVolume@528e662e
2019-08-20 15:23:56,886 [Thread-329] INFO  impl.RaftServerProxy (ConfUtils.java:logGet(43)) - raft.rpc.type = GRPC (default)
2019-08-20 15:23:56,886 [Thread-329] INFO  grpc.GrpcFactory (GrpcFactory.java:checkPooledByteBufAllocatorUseCacheForAllThreads(45)) - PERFORMANCE WARNING: useCacheForAllThreads is true that may cause Netty to create a lot garbage objects and, as a result, trigger GC.
	It is recommended to disable useCacheForAllThreads by setting -Dorg.apache.ratis.thirdparty.io.netty.allocator.useCacheForAllThreads=false in command line.
2019-08-20 15:23:56,886 [Thread-329] INFO  grpc.GrpcConfigKeys$Server (ConfUtils.java:logGet(43)) - raft.grpc.server.port = 41729 (custom)
2019-08-20 15:23:56,886 [Thread-329] INFO  server.GrpcService (ConfUtils.java:logGet(43)) - raft.grpc.message.size.max = 33570816 (custom)
2019-08-20 15:23:56,887 [Thread-329] INFO  server.RaftServerConfigKeys (ConfUtils.java:logGet(43)) - raft.server.log.appender.buffer.byte-limit = 33554432 (custom)
2019-08-20 15:23:56,887 [Thread-329] INFO  server.GrpcService (ConfUtils.java:logGet(43)) - raft.grpc.flow.control.window = 1MB (=1048576) (default)
2019-08-20 15:23:56,887 [Thread-329] INFO  server.RaftServerConfigKeys (ConfUtils.java:logGet(43)) - raft.server.rpc.request.timeout = 3000ms (default)
2019-08-20 15:23:56,887 [Thread-329] INFO  server.RaftServerConfigKeys (ConfUtils.java:logGet(43)) - raft.server.storage.dir = [/workdir/hadoop-ozone/integration-test/target/test-dir/MiniOzoneClusterImpl-985c7318-59c1-459c-b117-5bea8fb64214/datanode-1/data/ratis] (custom)
2019-08-20 15:23:56,888 [Thread-329] INFO  impl.RaftServerProxy (RaftServerProxy.java:lambda$null$0(191)) - 1ab56027-920f-45ef-b012-dea18e451f4d: found a subdirectory /workdir/hadoop-ozone/integration-test/target/test-dir/MiniOzoneClusterImpl-985c7318-59c1-459c-b117-5bea8fb64214/datanode-1/data/ratis/45e96493-582c-4a01-af48-edbe92749861
2019-08-20 15:23:56,888 [Thread-329] INFO  impl.RaftServerProxy (RaftServerProxy.java:addNew(89)) - 1ab56027-920f-45ef-b012-dea18e451f4d: addNew group-EDBE92749861:[] returns group-EDBE92749861:java.util.concurrent.CompletableFuture@5b4d37fe[Not completed]
2019-08-20 15:23:56,888 [Thread-329] INFO  impl.RaftServerProxy (RaftServerProxy.java:lambda$null$0(191)) - 1ab56027-920f-45ef-b012-dea18e451f4d: found a subdirectory /workdir/hadoop-ozone/integration-test/target/test-dir/MiniOzoneClusterImpl-985c7318-59c1-459c-b117-5bea8fb64214/datanode-1/data/ratis/d9dac5d8-25eb-4537-81dd-ad6a30d646c7
2019-08-20 15:23:56,889 [Thread-329] INFO  impl.RaftServerProxy (RaftServerProxy.java:addNew(89)) - 1ab56027-920f-45ef-b012-dea18e451f4d: addNew group-AD6A30D646C7:[] returns group-AD6A30D646C7:java.util.concurrent.CompletableFuture@4d0ffdd[Not completed]
2019-08-20 15:23:56,889 [Thread-329] INFO  replication.SimpleContainerDownloader (SimpleContainerDownloader.java:<init>(72)) - Starting container downloader service to copy containers to replicate.
2019-08-20 15:23:56,890 [Thread-329] INFO  hdfs.DFSUtil (DFSUtil.java:httpServerTemplateForNNAndJN(1641)) - Starting Web-server for hddsDatanode at: http://0.0.0.0:45163
2019-08-20 15:23:56,891 [pool-159-thread-1] INFO  impl.RaftServerImpl (RaftServerImpl.java:<init>(93)) - 1ab56027-920f-45ef-b012-dea18e451f4d: new RaftServerImpl for group-EDBE92749861:[] with ContainerStateMachine:uninitialized
2019-08-20 15:23:56,891 [Thread-329] INFO  server.AuthenticationFilter (AuthenticationFilter.java:constructSecretProvider(240)) - Unable to initialize FileSignerSecretProvider, falling back to use random secrets.
2019-08-20 15:23:56,891 [pool-159-thread-1] INFO  server.RaftServerConfigKeys (ConfUtils.java:logGet(43)) - raft.server.rpc.timeout.min = 5s (custom)
2019-08-20 15:23:56,892 [pool-159-thread-1] INFO  server.RaftServerConfigKeys (ConfUtils.java:logGet(43)) - raft.server.rpc.timeout.max = 5200ms (custom)
2019-08-20 15:23:56,892 [Thread-329] WARN  http.HttpRequestLog (HttpRequestLog.java:getRequestLog(97)) - Jetty request log can only be enabled using Log4j
2019-08-20 15:23:56,892 [pool-159-thread-1] INFO  server.RaftServerConfigKeys (ConfUtils.java:logGet(43)) - raft.server.rpcslowness.timeout = 120s (custom)
2019-08-20 15:23:56,892 [pool-159-thread-1] INFO  server.RaftServerConfigKeys (ConfUtils.java:logGet(43)) - raft.server.sleep.deviation.threshold = 300 (default)
2019-08-20 15:23:56,892 [pool-159-thread-1] INFO  server.RaftServerConfigKeys (ConfUtils.java:logGet(43)) - raft.server.log.appender.install.snapshot.enabled = false (custom)
2019-08-20 15:23:56,893 [pool-159-thread-1] INFO  impl.RaftServerImpl (ServerState.java:<init>(105)) - 1ab56027-920f-45ef-b012-dea18e451f4d:group-EDBE92749861 ConfigurationManager, init=-1: [], old=null, confs=<EMPTY_MAP>
2019-08-20 15:23:56,893 [pool-159-thread-1] INFO  server.RaftServerConfigKeys (ConfUtils.java:logGet(43)) - raft.server.storage.dir = [/workdir/hadoop-ozone/integration-test/target/test-dir/MiniOzoneClusterImpl-985c7318-59c1-459c-b117-5bea8fb64214/datanode-1/data/ratis] (custom)
2019-08-20 15:23:56,893 [Thread-329] INFO  http.HttpServer2 (HttpServer2.java:addGlobalFilter(975)) - Added global filter 'safety' (class=org.apache.hadoop.http.HttpServer2$QuotingInputFilter)
2019-08-20 15:23:56,894 [Thread-329] INFO  http.HttpServer2 (HttpServer2.java:addFilter(948)) - Added filter static_user_filter (class=org.apache.hadoop.http.lib.StaticUserWebFilter$StaticUserFilter) to context hddsDatanode
2019-08-20 15:23:56,894 [Thread-329] INFO  http.HttpServer2 (HttpServer2.java:addFilter(958)) - Added filter static_user_filter (class=org.apache.hadoop.http.lib.StaticUserWebFilter$StaticUserFilter) to context static
2019-08-20 15:23:56,894 [Thread-329] INFO  http.HttpServer2 (HttpServer2.java:addFilter(958)) - Added filter static_user_filter (class=org.apache.hadoop.http.lib.StaticUserWebFilter$StaticUserFilter) to context logs
2019-08-20 15:23:56,894 [Thread-329] INFO  http.HttpServer2 (HttpServer2.java:bindListener(1191)) - Jetty bound to port 45163
2019-08-20 15:23:56,894 [Thread-329] INFO  server.Server (Server.java:doStart(351)) - jetty-9.3.24.v20180605, build timestamp: 2018-06-05T17:11:56Z, git hash: 84205aa28f11a4f31f2a3b86d1bba2cc8ab69827
2019-08-20 15:23:56,897 [Thread-329] INFO  handler.ContextHandler (ContextHandler.java:doStart(781)) - Started o.e.j.s.ServletContextHandler@6ac48740{/logs,file:///workdir/hadoop-ozone/integration-test/target/log,AVAILABLE}
2019-08-20 15:23:56,897 [Thread-329] INFO  handler.ContextHandler (ContextHandler.java:doStart(781)) - Started o.e.j.s.ServletContextHandler@ac8acc{/static,jar:file:/home/user/.m2/repository/org/apache/hadoop/hadoop-hdds-container-service/0.5.0-SNAPSHOT/hadoop-hdds-container-service-0.5.0-SNAPSHOT.jar!/webapps/static,AVAILABLE}
2019-08-20 15:23:56,917 [pool-159-thread-1] INFO  storage.RaftStorageDirectory (RaftStorageDirectory.java:tryLock(328)) - Lock on /workdir/hadoop-ozone/integration-test/target/test-dir/MiniOzoneClusterImpl-985c7318-59c1-459c-b117-5bea8fb64214/datanode-1/data/ratis/45e96493-582c-4a01-af48-edbe92749861/in_use.lock acquired by nodename 21129@pr-hdds-1946lgncr-3764977478
2019-08-20 15:23:56,918 [pool-159-thread-1] INFO  ratis.ContainerStateMachine (ContainerStateMachine.java:loadSnapshot(222)) - group-EDBE92749861: The snapshot info is null. Setting the last applied indexto:(t:0, i:~)
2019-08-20 15:23:56,918 [pool-159-thread-1] INFO  server.RaftServerConfigKeys (ConfUtils.java:logGet(43)) - raft.server.leader.election.timeout = 120s (custom)
2019-08-20 15:23:56,918 [pool-159-thread-1] INFO  server.RaftServerConfigKeys (ConfUtils.java:logGet(43)) - raft.server.log.use.memory = false (default)
2019-08-20 15:23:56,919 [pool-159-thread-1] INFO  server.RaftServerConfigKeys (ConfUtils.java:logGet(43)) - raft.server.log.purge.gap = 1000000 (custom)
2019-08-20 15:23:56,919 [pool-159-thread-1] INFO  server.RaftServerConfigKeys (ConfUtils.java:logGet(43)) - raft.server.log.appender.buffer.byte-limit = 33554432 (custom)
2019-08-20 15:23:56,919 [pool-159-thread-1] INFO  server.RaftServerConfigKeys (ConfUtils.java:logGet(43)) - raft.server.log.segment.size.max = 1048576 (custom)
2019-08-20 15:23:56,919 [pool-159-thread-1] INFO  server.RaftServerConfigKeys (ConfUtils.java:logGet(43)) - raft.server.log.segment.cache.num.max = 2 (custom)
2019-08-20 15:23:56,919 [pool-159-thread-1] INFO  segmented.SegmentedRaftLogWorker (SegmentedRaftLogWorker.java:<init>(172)) - new 1ab56027-920f-45ef-b012-dea18e451f4d-SegmentedRaftLogWorker:Storage Directory /workdir/hadoop-ozone/integration-test/target/test-dir/MiniOzoneClusterImpl-985c7318-59c1-459c-b117-5bea8fb64214/datanode-1/data/ratis/45e96493-582c-4a01-af48-edbe92749861 for RaftStorage:Storage Directory /workdir/hadoop-ozone/integration-test/target/test-dir/MiniOzoneClusterImpl-985c7318-59c1-459c-b117-5bea8fb64214/datanode-1/data/ratis/45e96493-582c-4a01-af48-edbe92749861
2019-08-20 15:23:56,920 [pool-159-thread-1] INFO  server.RaftServerConfigKeys (ConfUtils.java:logGet(43)) - raft.server.log.queue.byte-limit = 2147483647 (custom)
2019-08-20 15:23:56,920 [pool-159-thread-1] INFO  server.RaftServerConfigKeys (ConfUtils.java:logGet(43)) - raft.server.log.queue.element-limit = 1024 (custom)
2019-08-20 15:23:56,920 [pool-159-thread-1] INFO  server.RaftServerConfigKeys (ConfUtils.java:logGet(43)) - raft.server.log.segment.size.max = 1048576 (custom)
2019-08-20 15:23:56,920 [pool-159-thread-1] INFO  server.RaftServerConfigKeys (ConfUtils.java:logGet(43)) - raft.server.log.preallocated.size = 16384 (custom)
2019-08-20 15:23:56,920 [pool-159-thread-1] INFO  server.RaftServerConfigKeys (ConfUtils.java:logGet(43)) - raft.server.log.write.buffer.size = 33554432 (custom)
2019-08-20 15:23:56,920 [pool-159-thread-1] INFO  server.RaftServerConfigKeys (ConfUtils.java:logGet(43)) - raft.server.log.force.sync.num = 128 (default)
2019-08-20 15:23:56,921 [pool-159-thread-1] INFO  server.RaftServerConfigKeys (ConfUtils.java:logGet(43)) - raft.server.log.statemachine.data.sync = true (default)
2019-08-20 15:23:56,921 [pool-159-thread-1] INFO  server.RaftServerConfigKeys (ConfUtils.java:logGet(43)) - raft.server.log.statemachine.data.sync.timeout = 10s (default)
2019-08-20 15:23:56,921 [pool-159-thread-1] INFO  server.RaftServerConfigKeys (ConfUtils.java:logGet(43)) - raft.server.log.statemachine.data.sync.timeout.retry = -1 (default)
2019-08-20 15:23:56,921 [pool-159-thread-1] INFO  server.RaftServerConfigKeys (ConfUtils.java:logGet(43)) - raft.server.log.statemachine.data.caching.enabled = true (custom)
2019-08-20 15:23:56,922 [pool-159-thread-1] INFO  impl.RaftServerImpl (ServerState.java:setRaftConf(361)) - 1ab56027-920f-45ef-b012-dea18e451f4d:group-EDBE92749861 set configuration 0: [1ab56027-920f-45ef-b012-dea18e451f4d:192.168.69.96:41729], old=null at 0
2019-08-20 15:23:56,922 [pool-159-thread-1] INFO  segmented.LogSegment (LogSegment.java:loadSegment(145)) - Successfully read 1 entries from segment file /workdir/hadoop-ozone/integration-test/target/test-dir/MiniOzoneClusterImpl-985c7318-59c1-459c-b117-5bea8fb64214/datanode-1/data/ratis/45e96493-582c-4a01-af48-edbe92749861/current/log_inprogress_0
2019-08-20 15:23:56,924 [pool-159-thread-1] INFO  segmented.SegmentedRaftLogWorker (SegmentedRaftLogWorker.java:lambda$new$0(132)) - 1ab56027-920f-45ef-b012-dea18e451f4d-SegmentedRaftLogWorker:Storage Directory /workdir/hadoop-ozone/integration-test/target/test-dir/MiniOzoneClusterImpl-985c7318-59c1-459c-b117-5bea8fb64214/datanode-1/data/ratis/45e96493-582c-4a01-af48-edbe92749861: flushIndex: setUnconditionally 0 -> 0
2019-08-20 15:23:56,940 [Thread-329] INFO  handler.ContextHandler (ContextHandler.java:doStart(781)) - Started o.e.j.w.WebAppContext@5d28bf2d{/,file:///tmp/jetty-0.0.0.0-45163-hddsDatanode-_-any-7364050730665522389.dir/webapp/,AVAILABLE}{/hddsDatanode}
2019-08-20 15:23:56,940 [Thread-329] INFO  server.AbstractConnector (AbstractConnector.java:doStart(278)) - Started ServerConnector@1a10dbf8{HTTP/1.1,[http/1.1]}{0.0.0.0:45163}
2019-08-20 15:23:56,953 [pool-159-thread-1] INFO  server.RaftServerConfigKeys (ConfUtils.java:logGet(43)) - raft.server.snapshot.auto.trigger.enabled = true (custom)
2019-08-20 15:23:56,953 [pool-159-thread-1] INFO  server.RaftServerConfigKeys (ConfUtils.java:logGet(43)) - raft.server.snapshot.auto.trigger.threshold = 10000 (custom)
2019-08-20 15:23:56,953 [Thread-329] INFO  server.Server (Server.java:doStart(419)) - Started @52677ms
2019-08-20 15:23:56,953 [pool-159-thread-1] INFO  server.RaftServerConfigKeys (ConfUtils.java:logGet(43)) - raft.server.retrycache.expirytime = 600000ms (custom)
2019-08-20 15:23:56,955 [Thread-329] INFO  server.BaseHttpServer (BaseHttpServer.java:updateConnectorAddress(213)) - HTTP server of HDDSDATANODE is listening at http://0.0.0.0:45163
2019-08-20 15:23:56,956 [pool-159-thread-1] INFO  impl.RaftServerImpl (RaftServerImpl.java:<init>(93)) - 1ab56027-920f-45ef-b012-dea18e451f4d: new RaftServerImpl for group-AD6A30D646C7:[] with ContainerStateMachine:uninitialized
2019-08-20 15:23:56,956 [pool-159-thread-1] INFO  server.RaftServerConfigKeys (ConfUtils.java:logGet(43)) - raft.server.rpc.timeout.min = 5s (custom)
2019-08-20 15:23:56,956 [pool-159-thread-1] INFO  server.RaftServerConfigKeys (ConfUtils.java:logGet(43)) - raft.server.rpc.timeout.max = 5200ms (custom)
2019-08-20 15:23:56,956 [pool-159-thread-1] INFO  server.RaftServerConfigKeys (ConfUtils.java:logGet(43)) - raft.server.rpcslowness.timeout = 120s (custom)
2019-08-20 15:23:56,956 [pool-159-thread-1] INFO  server.RaftServerConfigKeys (ConfUtils.java:logGet(43)) - raft.server.sleep.deviation.threshold = 300 (default)
2019-08-20 15:23:56,956 [pool-159-thread-1] INFO  server.RaftServerConfigKeys (ConfUtils.java:logGet(43)) - raft.server.log.appender.install.snapshot.enabled = false (custom)
2019-08-20 15:23:56,957 [pool-159-thread-1] INFO  impl.RaftServerImpl (ServerState.java:<init>(105)) - 1ab56027-920f-45ef-b012-dea18e451f4d:group-AD6A30D646C7 ConfigurationManager, init=-1: [], old=null, confs=<EMPTY_MAP>
2019-08-20 15:23:56,957 [pool-159-thread-1] INFO  server.RaftServerConfigKeys (ConfUtils.java:logGet(43)) - raft.server.storage.dir = [/workdir/hadoop-ozone/integration-test/target/test-dir/MiniOzoneClusterImpl-985c7318-59c1-459c-b117-5bea8fb64214/datanode-1/data/ratis] (custom)
2019-08-20 15:23:56,979 [pool-159-thread-1] INFO  storage.RaftStorageDirectory (RaftStorageDirectory.java:tryLock(328)) - Lock on /workdir/hadoop-ozone/integration-test/target/test-dir/MiniOzoneClusterImpl-985c7318-59c1-459c-b117-5bea8fb64214/datanode-1/data/ratis/d9dac5d8-25eb-4537-81dd-ad6a30d646c7/in_use.lock acquired by nodename 21129@pr-hdds-1946lgncr-3764977478
2019-08-20 15:23:56,980 [pool-159-thread-1] INFO  ratis.ContainerStateMachine (ContainerStateMachine.java:loadSnapshot(222)) - group-AD6A30D646C7: The snapshot info is null. Setting the last applied indexto:(t:0, i:~)
2019-08-20 15:23:56,980 [pool-159-thread-1] INFO  server.RaftServerConfigKeys (ConfUtils.java:logGet(43)) - raft.server.leader.election.timeout = 120s (custom)
2019-08-20 15:23:56,980 [pool-159-thread-1] INFO  server.RaftServerConfigKeys (ConfUtils.java:logGet(43)) - raft.server.log.use.memory = false (default)
2019-08-20 15:23:56,980 [pool-159-thread-1] INFO  server.RaftServerConfigKeys (ConfUtils.java:logGet(43)) - raft.server.log.purge.gap = 1000000 (custom)
2019-08-20 15:23:56,980 [pool-159-thread-1] INFO  server.RaftServerConfigKeys (ConfUtils.java:logGet(43)) - raft.server.log.appender.buffer.byte-limit = 33554432 (custom)
2019-08-20 15:23:56,981 [pool-159-thread-1] INFO  server.RaftServerConfigKeys (ConfUtils.java:logGet(43)) - raft.server.log.segment.size.max = 1048576 (custom)
2019-08-20 15:23:56,981 [pool-159-thread-1] INFO  server.RaftServerConfigKeys (ConfUtils.java:logGet(43)) - raft.server.log.segment.cache.num.max = 2 (custom)
2019-08-20 15:23:56,981 [pool-159-thread-1] INFO  segmented.SegmentedRaftLogWorker (SegmentedRaftLogWorker.java:<init>(172)) - new 1ab56027-920f-45ef-b012-dea18e451f4d-SegmentedRaftLogWorker:Storage Directory /workdir/hadoop-ozone/integration-test/target/test-dir/MiniOzoneClusterImpl-985c7318-59c1-459c-b117-5bea8fb64214/datanode-1/data/ratis/d9dac5d8-25eb-4537-81dd-ad6a30d646c7 for RaftStorage:Storage Directory /workdir/hadoop-ozone/integration-test/target/test-dir/MiniOzoneClusterImpl-985c7318-59c1-459c-b117-5bea8fb64214/datanode-1/data/ratis/d9dac5d8-25eb-4537-81dd-ad6a30d646c7
2019-08-20 15:23:56,981 [pool-159-thread-1] INFO  server.RaftServerConfigKeys (ConfUtils.java:logGet(43)) - raft.server.log.queue.byte-limit = 2147483647 (custom)
2019-08-20 15:23:56,981 [pool-159-thread-1] INFO  server.RaftServerConfigKeys (ConfUtils.java:logGet(43)) - raft.server.log.queue.element-limit = 1024 (custom)
2019-08-20 15:23:56,981 [pool-159-thread-1] INFO  server.RaftServerConfigKeys (ConfUtils.java:logGet(43)) - raft.server.log.segment.size.max = 1048576 (custom)
2019-08-20 15:23:56,982 [pool-159-thread-1] INFO  server.RaftServerConfigKeys (ConfUtils.java:logGet(43)) - raft.server.log.preallocated.size = 16384 (custom)
2019-08-20 15:23:56,982 [pool-159-thread-1] INFO  server.RaftServerConfigKeys (ConfUtils.java:logGet(43)) - raft.server.log.write.buffer.size = 33554432 (custom)
2019-08-20 15:23:56,982 [pool-159-thread-1] INFO  server.RaftServerConfigKeys (ConfUtils.java:logGet(43)) - raft.server.log.force.sync.num = 128 (default)
2019-08-20 15:23:56,982 [pool-159-thread-1] INFO  server.RaftServerConfigKeys (ConfUtils.java:logGet(43)) - raft.server.log.statemachine.data.sync = true (default)
2019-08-20 15:23:56,982 [pool-159-thread-1] INFO  server.RaftServerConfigKeys (ConfUtils.java:logGet(43)) - raft.server.log.statemachine.data.sync.timeout = 10s (default)
2019-08-20 15:23:56,982 [pool-159-thread-1] INFO  server.RaftServerConfigKeys (ConfUtils.java:logGet(43)) - raft.server.log.statemachine.data.sync.timeout.retry = -1 (default)
2019-08-20 15:23:56,982 [pool-159-thread-1] INFO  server.RaftServerConfigKeys (ConfUtils.java:logGet(43)) - raft.server.log.statemachine.data.caching.enabled = true (custom)
2019-08-20 15:23:56,983 [pool-159-thread-1] INFO  impl.RaftServerImpl (ServerState.java:setRaftConf(361)) - 1ab56027-920f-45ef-b012-dea18e451f4d:group-AD6A30D646C7 set configuration 0: [1ab56027-920f-45ef-b012-dea18e451f4d:192.168.69.96:41729, 79059cc4-1000-433d-b8f6-bb136447d900:192.168.69.96:42288, 3ba89adc-d403-4b9d-8267-150dfa29993f:192.168.69.96:41312], old=null at 0
2019-08-20 15:23:56,984 [pool-159-thread-1] INFO  segmented.LogSegment (LogSegment.java:loadSegment(145)) - Successfully read 1 entries from segment file /workdir/hadoop-ozone/integration-test/target/test-dir/MiniOzoneClusterImpl-985c7318-59c1-459c-b117-5bea8fb64214/datanode-1/data/ratis/d9dac5d8-25eb-4537-81dd-ad6a30d646c7/current/log_inprogress_0
2019-08-20 15:23:56,984 [pool-159-thread-1] INFO  segmented.SegmentedRaftLogWorker (SegmentedRaftLogWorker.java:lambda$new$0(132)) - 1ab56027-920f-45ef-b012-dea18e451f4d-SegmentedRaftLogWorker:Storage Directory /workdir/hadoop-ozone/integration-test/target/test-dir/MiniOzoneClusterImpl-985c7318-59c1-459c-b117-5bea8fb64214/datanode-1/data/ratis/d9dac5d8-25eb-4537-81dd-ad6a30d646c7: flushIndex: setUnconditionally 0 -> 0
2019-08-20 15:23:57,014 [pool-159-thread-1] INFO  server.RaftServerConfigKeys (ConfUtils.java:logGet(43)) - raft.server.snapshot.auto.trigger.enabled = true (custom)
2019-08-20 15:23:57,014 [pool-159-thread-1] INFO  server.RaftServerConfigKeys (ConfUtils.java:logGet(43)) - raft.server.snapshot.auto.trigger.threshold = 10000 (custom)
2019-08-20 15:23:57,015 [pool-159-thread-1] INFO  server.RaftServerConfigKeys (ConfUtils.java:logGet(43)) - raft.server.retrycache.expirytime = 600000ms (custom)
2019-08-20 15:23:57,129 | INFO  | ObjectStoreRestHttpServer | Listening HDDS REST traffic on /0.0.0.0:38259 |  
2019-08-20 15:23:57,129 [Thread-329] INFO  ozone.HddsDatanodeService (HddsDatanodeService.java:startPlugins(395)) - Started plug-in org.apache.hadoop.ozone.web.OzoneHddsDatanodeService@6f9e7f5a
2019-08-20 15:23:57,131 [Thread-329] INFO  impl.MetricsSystemImpl (MetricsSystemImpl.java:init(158)) - HddsDatanode metrics system started (again)
2019-08-20 15:23:57,132 [org.apache.hadoop.util.JvmPauseMonitor$Monitor@405cd2fd] INFO  util.JvmPauseMonitor (JvmPauseMonitor.java:run(188)) - Starting JVM pause monitor
2019-08-20 15:23:57,135 [Thread-329] INFO  ozone.HddsDatanodeService (HddsDatanodeService.java:start(184)) - HddsDatanodeService host:pr-hdds-1946lgncr-3764977478 ip:192.168.69.96
2019-08-20 15:23:57,137 [Thread-329] INFO  volume.VolumeUsage (VolumeUsage.java:loadScmUsed(144)) - Cached ScmUsed found for /workdir/hadoop-ozone/integration-test/target/test-dir/MiniOzoneClusterImpl-985c7318-59c1-459c-b117-5bea8fb64214/datanode-2/data/containers : 4096 
2019-08-20 15:23:57,138 [Thread-329] INFO  volume.HddsVolume (HddsVolume.java:<init>(176)) - Creating Volume: /workdir/hadoop-ozone/integration-test/target/test-dir/MiniOzoneClusterImpl-985c7318-59c1-459c-b117-5bea8fb64214/datanode-2/data/containers/hdds of  storage type : DISK and capacity : 1482555576320
2019-08-20 15:23:57,138 [Thread-329] INFO  volume.VolumeSet (VolumeSet.java:initializeVolumeSet(170)) - Added Volume : /workdir/hadoop-ozone/integration-test/target/test-dir/MiniOzoneClusterImpl-985c7318-59c1-459c-b117-5bea8fb64214/datanode-2/data/containers/hdds to VolumeSet
2019-08-20 15:23:57,138 [Thread-329] INFO  volume.ThrottledAsyncChecker (ThrottledAsyncChecker.java:schedule(140)) - Scheduling a check for org.apache.hadoop.ozone.container.common.volume.HddsVolume@660eac51
2019-08-20 15:23:57,139 [Thread-329] INFO  volume.HddsVolumeChecker (HddsVolumeChecker.java:checkAllVolumes(203)) - Scheduled health check for volume org.apache.hadoop.ozone.container.common.volume.HddsVolume@660eac51
2019-08-20 15:23:57,154 [Thread-329] INFO  impl.RaftServerProxy (ConfUtils.java:logGet(43)) - raft.rpc.type = GRPC (default)
2019-08-20 15:23:57,154 [Thread-329] INFO  grpc.GrpcFactory (GrpcFactory.java:checkPooledByteBufAllocatorUseCacheForAllThreads(45)) - PERFORMANCE WARNING: useCacheForAllThreads is true that may cause Netty to create a lot garbage objects and, as a result, trigger GC.
	It is recommended to disable useCacheForAllThreads by setting -Dorg.apache.ratis.thirdparty.io.netty.allocator.useCacheForAllThreads=false in command line.
2019-08-20 15:23:57,154 [Thread-329] INFO  grpc.GrpcConfigKeys$Server (ConfUtils.java:logGet(43)) - raft.grpc.server.port = 41312 (custom)
2019-08-20 15:23:57,154 [Thread-329] INFO  server.GrpcService (ConfUtils.java:logGet(43)) - raft.grpc.message.size.max = 33570816 (custom)
2019-08-20 15:23:57,155 [Thread-329] INFO  server.RaftServerConfigKeys (ConfUtils.java:logGet(43)) - raft.server.log.appender.buffer.byte-limit = 33554432 (custom)
2019-08-20 15:23:57,155 [Thread-329] INFO  server.GrpcService (ConfUtils.java:logGet(43)) - raft.grpc.flow.control.window = 1MB (=1048576) (default)
2019-08-20 15:23:57,155 [Thread-329] INFO  server.RaftServerConfigKeys (ConfUtils.java:logGet(43)) - raft.server.rpc.request.timeout = 3000ms (default)
2019-08-20 15:23:57,155 [Thread-329] INFO  server.RaftServerConfigKeys (ConfUtils.java:logGet(43)) - raft.server.storage.dir = [/workdir/hadoop-ozone/integration-test/target/test-dir/MiniOzoneClusterImpl-985c7318-59c1-459c-b117-5bea8fb64214/datanode-2/data/ratis] (custom)
2019-08-20 15:23:57,156 [Thread-329] INFO  impl.RaftServerProxy (RaftServerProxy.java:lambda$null$0(191)) - 3ba89adc-d403-4b9d-8267-150dfa29993f: found a subdirectory /workdir/hadoop-ozone/integration-test/target/test-dir/MiniOzoneClusterImpl-985c7318-59c1-459c-b117-5bea8fb64214/datanode-2/data/ratis/aa5beeae-28dd-4945-9761-41f2ff00ac41
2019-08-20 15:23:57,156 [Thread-329] INFO  impl.RaftServerProxy (RaftServerProxy.java:addNew(89)) - 3ba89adc-d403-4b9d-8267-150dfa29993f: addNew group-41F2FF00AC41:[] returns group-41F2FF00AC41:java.util.concurrent.CompletableFuture@7967d41d[Not completed]
2019-08-20 15:23:57,156 [Thread-329] INFO  impl.RaftServerProxy (RaftServerProxy.java:lambda$null$0(191)) - 3ba89adc-d403-4b9d-8267-150dfa29993f: found a subdirectory /workdir/hadoop-ozone/integration-test/target/test-dir/MiniOzoneClusterImpl-985c7318-59c1-459c-b117-5bea8fb64214/datanode-2/data/ratis/d9dac5d8-25eb-4537-81dd-ad6a30d646c7
2019-08-20 15:23:57,156 [Thread-329] INFO  impl.RaftServerProxy (RaftServerProxy.java:addNew(89)) - 3ba89adc-d403-4b9d-8267-150dfa29993f: addNew group-AD6A30D646C7:[] returns group-AD6A30D646C7:java.util.concurrent.CompletableFuture@27d6e1a1[Not completed]
2019-08-20 15:23:57,157 [Thread-329] INFO  replication.SimpleContainerDownloader (SimpleContainerDownloader.java:<init>(72)) - Starting container downloader service to copy containers to replicate.
2019-08-20 15:23:57,158 [pool-170-thread-1] INFO  impl.RaftServerImpl (RaftServerImpl.java:<init>(93)) - 3ba89adc-d403-4b9d-8267-150dfa29993f: new RaftServerImpl for group-41F2FF00AC41:[] with ContainerStateMachine:uninitialized
2019-08-20 15:23:57,158 [pool-170-thread-1] INFO  server.RaftServerConfigKeys (ConfUtils.java:logGet(43)) - raft.server.rpc.timeout.min = 5s (custom)
2019-08-20 15:23:57,158 [pool-170-thread-1] INFO  server.RaftServerConfigKeys (ConfUtils.java:logGet(43)) - raft.server.rpc.timeout.max = 5200ms (custom)
2019-08-20 15:23:57,158 [pool-170-thread-1] INFO  server.RaftServerConfigKeys (ConfUtils.java:logGet(43)) - raft.server.rpcslowness.timeout = 120s (custom)
2019-08-20 15:23:57,158 [Thread-329] INFO  hdfs.DFSUtil (DFSUtil.java:httpServerTemplateForNNAndJN(1641)) - Starting Web-server for hddsDatanode at: http://0.0.0.0:42497
2019-08-20 15:23:57,158 [pool-170-thread-1] INFO  server.RaftServerConfigKeys (ConfUtils.java:logGet(43)) - raft.server.sleep.deviation.threshold = 300 (default)
2019-08-20 15:23:57,159 [pool-170-thread-1] INFO  server.RaftServerConfigKeys (ConfUtils.java:logGet(43)) - raft.server.log.appender.install.snapshot.enabled = false (custom)
2019-08-20 15:23:57,159 [pool-170-thread-1] INFO  impl.RaftServerImpl (ServerState.java:<init>(105)) - 3ba89adc-d403-4b9d-8267-150dfa29993f:group-41F2FF00AC41 ConfigurationManager, init=-1: [], old=null, confs=<EMPTY_MAP>
2019-08-20 15:23:57,159 [pool-170-thread-1] INFO  server.RaftServerConfigKeys (ConfUtils.java:logGet(43)) - raft.server.storage.dir = [/workdir/hadoop-ozone/integration-test/target/test-dir/MiniOzoneClusterImpl-985c7318-59c1-459c-b117-5bea8fb64214/datanode-2/data/ratis] (custom)
2019-08-20 15:23:57,161 [Thread-329] INFO  server.AuthenticationFilter (AuthenticationFilter.java:constructSecretProvider(240)) - Unable to initialize FileSignerSecretProvider, falling back to use random secrets.
2019-08-20 15:23:57,161 [Thread-329] WARN  http.HttpRequestLog (HttpRequestLog.java:getRequestLog(97)) - Jetty request log can only be enabled using Log4j
2019-08-20 15:23:57,163 [Thread-329] INFO  http.HttpServer2 (HttpServer2.java:addGlobalFilter(975)) - Added global filter 'safety' (class=org.apache.hadoop.http.HttpServer2$QuotingInputFilter)
2019-08-20 15:23:57,164 [Thread-329] INFO  http.HttpServer2 (HttpServer2.java:addFilter(948)) - Added filter static_user_filter (class=org.apache.hadoop.http.lib.StaticUserWebFilter$StaticUserFilter) to context hddsDatanode
2019-08-20 15:23:57,165 [Thread-329] INFO  http.HttpServer2 (HttpServer2.java:addFilter(958)) - Added filter static_user_filter (class=org.apache.hadoop.http.lib.StaticUserWebFilter$StaticUserFilter) to context static
2019-08-20 15:23:57,165 [Thread-329] INFO  http.HttpServer2 (HttpServer2.java:addFilter(958)) - Added filter static_user_filter (class=org.apache.hadoop.http.lib.StaticUserWebFilter$StaticUserFilter) to context logs
2019-08-20 15:23:57,166 [Thread-329] INFO  http.HttpServer2 (HttpServer2.java:bindListener(1191)) - Jetty bound to port 42497
2019-08-20 15:23:57,166 [Thread-329] INFO  server.Server (Server.java:doStart(351)) - jetty-9.3.24.v20180605, build timestamp: 2018-06-05T17:11:56Z, git hash: 84205aa28f11a4f31f2a3b86d1bba2cc8ab69827
2019-08-20 15:23:57,169 [Thread-329] INFO  handler.ContextHandler (ContextHandler.java:doStart(781)) - Started o.e.j.s.ServletContextHandler@4dcf65d5{/logs,file:///workdir/hadoop-ozone/integration-test/target/log,AVAILABLE}
2019-08-20 15:23:57,170 [Thread-329] INFO  handler.ContextHandler (ContextHandler.java:doStart(781)) - Started o.e.j.s.ServletContextHandler@20210ab0{/static,jar:file:/home/user/.m2/repository/org/apache/hadoop/hadoop-hdds-container-service/0.5.0-SNAPSHOT/hadoop-hdds-container-service-0.5.0-SNAPSHOT.jar!/webapps/static,AVAILABLE}
2019-08-20 15:23:57,183 [pool-170-thread-1] INFO  storage.RaftStorageDirectory (RaftStorageDirectory.java:tryLock(328)) - Lock on /workdir/hadoop-ozone/integration-test/target/test-dir/MiniOzoneClusterImpl-985c7318-59c1-459c-b117-5bea8fb64214/datanode-2/data/ratis/aa5beeae-28dd-4945-9761-41f2ff00ac41/in_use.lock acquired by nodename 21129@pr-hdds-1946lgncr-3764977478
2019-08-20 15:23:57,184 [pool-170-thread-1] INFO  ratis.ContainerStateMachine (ContainerStateMachine.java:loadSnapshot(222)) - group-41F2FF00AC41: The snapshot info is null. Setting the last applied indexto:(t:0, i:~)
2019-08-20 15:23:57,184 [pool-170-thread-1] INFO  server.RaftServerConfigKeys (ConfUtils.java:logGet(43)) - raft.server.leader.election.timeout = 120s (custom)
2019-08-20 15:23:57,184 [pool-170-thread-1] INFO  server.RaftServerConfigKeys (ConfUtils.java:logGet(43)) - raft.server.log.use.memory = false (default)
2019-08-20 15:23:57,184 [pool-170-thread-1] INFO  server.RaftServerConfigKeys (ConfUtils.java:logGet(43)) - raft.server.log.purge.gap = 1000000 (custom)
2019-08-20 15:23:57,185 [pool-170-thread-1] INFO  server.RaftServerConfigKeys (ConfUtils.java:logGet(43)) - raft.server.log.appender.buffer.byte-limit = 33554432 (custom)
2019-08-20 15:23:57,185 [pool-170-thread-1] INFO  server.RaftServerConfigKeys (ConfUtils.java:logGet(43)) - raft.server.log.segment.size.max = 1048576 (custom)
2019-08-20 15:23:57,185 [pool-170-thread-1] INFO  server.RaftServerConfigKeys (ConfUtils.java:logGet(43)) - raft.server.log.segment.cache.num.max = 2 (custom)
2019-08-20 15:23:57,185 [pool-170-thread-1] INFO  segmented.SegmentedRaftLogWorker (SegmentedRaftLogWorker.java:<init>(172)) - new 3ba89adc-d403-4b9d-8267-150dfa29993f-SegmentedRaftLogWorker:Storage Directory /workdir/hadoop-ozone/integration-test/target/test-dir/MiniOzoneClusterImpl-985c7318-59c1-459c-b117-5bea8fb64214/datanode-2/data/ratis/aa5beeae-28dd-4945-9761-41f2ff00ac41 for RaftStorage:Storage Directory /workdir/hadoop-ozone/integration-test/target/test-dir/MiniOzoneClusterImpl-985c7318-59c1-459c-b117-5bea8fb64214/datanode-2/data/ratis/aa5beeae-28dd-4945-9761-41f2ff00ac41
2019-08-20 15:23:57,185 [pool-170-thread-1] INFO  server.RaftServerConfigKeys (ConfUtils.java:logGet(43)) - raft.server.log.queue.byte-limit = 2147483647 (custom)
2019-08-20 15:23:57,185 [pool-170-thread-1] INFO  server.RaftServerConfigKeys (ConfUtils.java:logGet(43)) - raft.server.log.queue.element-limit = 1024 (custom)
2019-08-20 15:23:57,186 [pool-170-thread-1] INFO  server.RaftServerConfigKeys (ConfUtils.java:logGet(43)) - raft.server.log.segment.size.max = 1048576 (custom)
2019-08-20 15:23:57,186 [pool-170-thread-1] INFO  server.RaftServerConfigKeys (ConfUtils.java:logGet(43)) - raft.server.log.preallocated.size = 16384 (custom)
2019-08-20 15:23:57,186 [pool-170-thread-1] INFO  server.RaftServerConfigKeys (ConfUtils.java:logGet(43)) - raft.server.log.write.buffer.size = 33554432 (custom)
2019-08-20 15:23:57,186 [pool-170-thread-1] INFO  server.RaftServerConfigKeys (ConfUtils.java:logGet(43)) - raft.server.log.force.sync.num = 128 (default)
2019-08-20 15:23:57,186 [pool-170-thread-1] INFO  server.RaftServerConfigKeys (ConfUtils.java:logGet(43)) - raft.server.log.statemachine.data.sync = true (default)
2019-08-20 15:23:57,186 [pool-170-thread-1] INFO  server.RaftServerConfigKeys (ConfUtils.java:logGet(43)) - raft.server.log.statemachine.data.sync.timeout = 10s (default)
2019-08-20 15:23:57,187 [pool-170-thread-1] INFO  server.RaftServerConfigKeys (ConfUtils.java:logGet(43)) - raft.server.log.statemachine.data.sync.timeout.retry = -1 (default)
2019-08-20 15:23:57,187 [pool-170-thread-1] INFO  server.RaftServerConfigKeys (ConfUtils.java:logGet(43)) - raft.server.log.statemachine.data.caching.enabled = true (custom)
2019-08-20 15:23:57,188 [pool-170-thread-1] INFO  impl.RaftServerImpl (ServerState.java:setRaftConf(361)) - 3ba89adc-d403-4b9d-8267-150dfa29993f:group-41F2FF00AC41 set configuration 0: [3ba89adc-d403-4b9d-8267-150dfa29993f:192.168.69.96:41312], old=null at 0
2019-08-20 15:23:57,188 [pool-170-thread-1] INFO  segmented.LogSegment (LogSegment.java:loadSegment(145)) - Successfully read 1 entries from segment file /workdir/hadoop-ozone/integration-test/target/test-dir/MiniOzoneClusterImpl-985c7318-59c1-459c-b117-5bea8fb64214/datanode-2/data/ratis/aa5beeae-28dd-4945-9761-41f2ff00ac41/current/log_inprogress_0
2019-08-20 15:23:57,188 [pool-170-thread-1] INFO  segmented.SegmentedRaftLogWorker (SegmentedRaftLogWorker.java:lambda$new$0(132)) - 3ba89adc-d403-4b9d-8267-150dfa29993f-SegmentedRaftLogWorker:Storage Directory /workdir/hadoop-ozone/integration-test/target/test-dir/MiniOzoneClusterImpl-985c7318-59c1-459c-b117-5bea8fb64214/datanode-2/data/ratis/aa5beeae-28dd-4945-9761-41f2ff00ac41: flushIndex: setUnconditionally 0 -> 0
2019-08-20 15:23:57,213 [Thread-329] INFO  handler.ContextHandler (ContextHandler.java:doStart(781)) - Started o.e.j.w.WebAppContext@59f0068{/,file:///tmp/jetty-0.0.0.0-42497-hddsDatanode-_-any-5835078879752832105.dir/webapp/,AVAILABLE}{/hddsDatanode}
2019-08-20 15:23:57,213 [pool-170-thread-1] INFO  server.RaftServerConfigKeys (ConfUtils.java:logGet(43)) - raft.server.snapshot.auto.trigger.enabled = true (custom)
2019-08-20 15:23:57,213 [Thread-329] INFO  server.AbstractConnector (AbstractConnector.java:doStart(278)) - Started ServerConnector@7e8d0289{HTTP/1.1,[http/1.1]}{0.0.0.0:42497}
2019-08-20 15:23:57,215 [pool-170-thread-1] INFO  server.RaftServerConfigKeys (ConfUtils.java:logGet(43)) - raft.server.snapshot.auto.trigger.threshold = 10000 (custom)
2019-08-20 15:23:57,215 [Thread-329] INFO  server.Server (Server.java:doStart(419)) - Started @52939ms
2019-08-20 15:23:57,215 [pool-170-thread-1] INFO  server.RaftServerConfigKeys (ConfUtils.java:logGet(43)) - raft.server.retrycache.expirytime = 600000ms (custom)
2019-08-20 15:23:57,216 [Thread-329] INFO  server.BaseHttpServer (BaseHttpServer.java:updateConnectorAddress(213)) - HTTP server of HDDSDATANODE is listening at http://0.0.0.0:42497
2019-08-20 15:23:57,216 [pool-170-thread-1] INFO  impl.RaftServerImpl (RaftServerImpl.java:<init>(93)) - 3ba89adc-d403-4b9d-8267-150dfa29993f: new RaftServerImpl for group-AD6A30D646C7:[] with ContainerStateMachine:uninitialized
2019-08-20 15:23:57,216 [pool-170-thread-1] INFO  server.RaftServerConfigKeys (ConfUtils.java:logGet(43)) - raft.server.rpc.timeout.min = 5s (custom)
2019-08-20 15:23:57,217 [pool-170-thread-1] INFO  server.RaftServerConfigKeys (ConfUtils.java:logGet(43)) - raft.server.rpc.timeout.max = 5200ms (custom)
2019-08-20 15:23:57,217 [pool-170-thread-1] INFO  server.RaftServerConfigKeys (ConfUtils.java:logGet(43)) - raft.server.rpcslowness.timeout = 120s (custom)
2019-08-20 15:23:57,217 [pool-170-thread-1] INFO  server.RaftServerConfigKeys (ConfUtils.java:logGet(43)) - raft.server.sleep.deviation.threshold = 300 (default)
2019-08-20 15:23:57,217 [pool-170-thread-1] INFO  server.RaftServerConfigKeys (ConfUtils.java:logGet(43)) - raft.server.log.appender.install.snapshot.enabled = false (custom)
2019-08-20 15:23:57,217 [pool-170-thread-1] INFO  impl.RaftServerImpl (ServerState.java:<init>(105)) - 3ba89adc-d403-4b9d-8267-150dfa29993f:group-AD6A30D646C7 ConfigurationManager, init=-1: [], old=null, confs=<EMPTY_MAP>
2019-08-20 15:23:57,217 [pool-170-thread-1] INFO  server.RaftServerConfigKeys (ConfUtils.java:logGet(43)) - raft.server.storage.dir = [/workdir/hadoop-ozone/integration-test/target/test-dir/MiniOzoneClusterImpl-985c7318-59c1-459c-b117-5bea8fb64214/datanode-2/data/ratis] (custom)
2019-08-20 15:23:57,240 [pool-170-thread-1] INFO  storage.RaftStorageDirectory (RaftStorageDirectory.java:tryLock(328)) - Lock on /workdir/hadoop-ozone/integration-test/target/test-dir/MiniOzoneClusterImpl-985c7318-59c1-459c-b117-5bea8fb64214/datanode-2/data/ratis/d9dac5d8-25eb-4537-81dd-ad6a30d646c7/in_use.lock acquired by nodename 21129@pr-hdds-1946lgncr-3764977478
2019-08-20 15:23:57,240 [pool-170-thread-1] INFO  ratis.ContainerStateMachine (ContainerStateMachine.java:loadSnapshot(222)) - group-AD6A30D646C7: The snapshot info is null. Setting the last applied indexto:(t:0, i:~)
2019-08-20 15:23:57,240 [pool-170-thread-1] INFO  server.RaftServerConfigKeys (ConfUtils.java:logGet(43)) - raft.server.leader.election.timeout = 120s (custom)
2019-08-20 15:23:57,240 [pool-170-thread-1] INFO  server.RaftServerConfigKeys (ConfUtils.java:logGet(43)) - raft.server.log.use.memory = false (default)
2019-08-20 15:23:57,241 [pool-170-thread-1] INFO  server.RaftServerConfigKeys (ConfUtils.java:logGet(43)) - raft.server.log.purge.gap = 1000000 (custom)
2019-08-20 15:23:57,241 [pool-170-thread-1] INFO  server.RaftServerConfigKeys (ConfUtils.java:logGet(43)) - raft.server.log.appender.buffer.byte-limit = 33554432 (custom)
2019-08-20 15:23:57,241 [pool-170-thread-1] INFO  server.RaftServerConfigKeys (ConfUtils.java:logGet(43)) - raft.server.log.segment.size.max = 1048576 (custom)
2019-08-20 15:23:57,241 [pool-170-thread-1] INFO  server.RaftServerConfigKeys (ConfUtils.java:logGet(43)) - raft.server.log.segment.cache.num.max = 2 (custom)
2019-08-20 15:23:57,241 [pool-170-thread-1] INFO  segmented.SegmentedRaftLogWorker (SegmentedRaftLogWorker.java:<init>(172)) - new 3ba89adc-d403-4b9d-8267-150dfa29993f-SegmentedRaftLogWorker:Storage Directory /workdir/hadoop-ozone/integration-test/target/test-dir/MiniOzoneClusterImpl-985c7318-59c1-459c-b117-5bea8fb64214/datanode-2/data/ratis/d9dac5d8-25eb-4537-81dd-ad6a30d646c7 for RaftStorage:Storage Directory /workdir/hadoop-ozone/integration-test/target/test-dir/MiniOzoneClusterImpl-985c7318-59c1-459c-b117-5bea8fb64214/datanode-2/data/ratis/d9dac5d8-25eb-4537-81dd-ad6a30d646c7
2019-08-20 15:23:57,241 [pool-170-thread-1] INFO  server.RaftServerConfigKeys (ConfUtils.java:logGet(43)) - raft.server.log.queue.byte-limit = 2147483647 (custom)
2019-08-20 15:23:57,241 [pool-170-thread-1] INFO  server.RaftServerConfigKeys (ConfUtils.java:logGet(43)) - raft.server.log.queue.element-limit = 1024 (custom)
2019-08-20 15:23:57,241 [pool-170-thread-1] INFO  server.RaftServerConfigKeys (ConfUtils.java:logGet(43)) - raft.server.log.segment.size.max = 1048576 (custom)
2019-08-20 15:23:57,241 [pool-170-thread-1] INFO  server.RaftServerConfigKeys (ConfUtils.java:logGet(43)) - raft.server.log.preallocated.size = 16384 (custom)
2019-08-20 15:23:57,242 [pool-170-thread-1] INFO  server.RaftServerConfigKeys (ConfUtils.java:logGet(43)) - raft.server.log.write.buffer.size = 33554432 (custom)
2019-08-20 15:23:57,242 [pool-170-thread-1] INFO  server.RaftServerConfigKeys (ConfUtils.java:logGet(43)) - raft.server.log.force.sync.num = 128 (default)
2019-08-20 15:23:57,242 [pool-170-thread-1] INFO  server.RaftServerConfigKeys (ConfUtils.java:logGet(43)) - raft.server.log.statemachine.data.sync = true (default)
2019-08-20 15:23:57,242 [pool-170-thread-1] INFO  server.RaftServerConfigKeys (ConfUtils.java:logGet(43)) - raft.server.log.statemachine.data.sync.timeout = 10s (default)
2019-08-20 15:23:57,242 [pool-170-thread-1] INFO  server.RaftServerConfigKeys (ConfUtils.java:logGet(43)) - raft.server.log.statemachine.data.sync.timeout.retry = -1 (default)
2019-08-20 15:23:57,242 [pool-170-thread-1] INFO  server.RaftServerConfigKeys (ConfUtils.java:logGet(43)) - raft.server.log.statemachine.data.caching.enabled = true (custom)
2019-08-20 15:23:57,243 [pool-170-thread-1] INFO  impl.RaftServerImpl (ServerState.java:setRaftConf(361)) - 3ba89adc-d403-4b9d-8267-150dfa29993f:group-AD6A30D646C7 set configuration 0: [1ab56027-920f-45ef-b012-dea18e451f4d:192.168.69.96:41729, 79059cc4-1000-433d-b8f6-bb136447d900:192.168.69.96:42288, 3ba89adc-d403-4b9d-8267-150dfa29993f:192.168.69.96:41312], old=null at 0
2019-08-20 15:23:57,243 [pool-170-thread-1] INFO  segmented.LogSegment (LogSegment.java:loadSegment(145)) - Successfully read 1 entries from segment file /workdir/hadoop-ozone/integration-test/target/test-dir/MiniOzoneClusterImpl-985c7318-59c1-459c-b117-5bea8fb64214/datanode-2/data/ratis/d9dac5d8-25eb-4537-81dd-ad6a30d646c7/current/log_inprogress_0
2019-08-20 15:23:57,243 [pool-170-thread-1] INFO  segmented.SegmentedRaftLogWorker (SegmentedRaftLogWorker.java:lambda$new$0(132)) - 3ba89adc-d403-4b9d-8267-150dfa29993f-SegmentedRaftLogWorker:Storage Directory /workdir/hadoop-ozone/integration-test/target/test-dir/MiniOzoneClusterImpl-985c7318-59c1-459c-b117-5bea8fb64214/datanode-2/data/ratis/d9dac5d8-25eb-4537-81dd-ad6a30d646c7: flushIndex: setUnconditionally 0 -> 0
2019-08-20 15:23:57,268 [pool-170-thread-1] INFO  server.RaftServerConfigKeys (ConfUtils.java:logGet(43)) - raft.server.snapshot.auto.trigger.enabled = true (custom)
2019-08-20 15:23:57,268 [pool-170-thread-1] INFO  server.RaftServerConfigKeys (ConfUtils.java:logGet(43)) - raft.server.snapshot.auto.trigger.threshold = 10000 (custom)
2019-08-20 15:23:57,268 [pool-170-thread-1] INFO  server.RaftServerConfigKeys (ConfUtils.java:logGet(43)) - raft.server.retrycache.expirytime = 600000ms (custom)
2019-08-20 15:23:57,385 [EventQueue-StaleNodeForStaleNodeHandler] INFO  node.StaleNodeHandler (StaleNodeHandler.java:onMessage(58)) - Datanode 3ba89adc-d403-4b9d-8267-150dfa29993f{ip: 192.168.69.96, host: pr-hdds-1946lgncr-3764977478, networkLocation: /default-rack, certSerialId: null} moved to stale state. Finalizing its pipelines [PipelineID=d9dac5d8-25eb-4537-81dd-ad6a30d646c7, PipelineID=aa5beeae-28dd-4945-9761-41f2ff00ac41]
2019-08-20 15:23:57,426 [EventQueue-StaleNodeForStaleNodeHandler] INFO  pipeline.SCMPipelineManager (SCMPipelineManager.java:finalizeAndDestroyPipeline(309)) - destroying pipeline:Pipeline[ Id: d9dac5d8-25eb-4537-81dd-ad6a30d646c7, Nodes: 3ba89adc-d403-4b9d-8267-150dfa29993f{ip: 192.168.69.96, host: pr-hdds-1946lgncr-3764977478, networkLocation: /default-rack, certSerialId: null}1ab56027-920f-45ef-b012-dea18e451f4d{ip: 192.168.69.96, host: pr-hdds-1946lgncr-3764977478, networkLocation: /default-rack, certSerialId: null}79059cc4-1000-433d-b8f6-bb136447d900{ip: 192.168.69.96, host: pr-hdds-1946lgncr-3764977478, networkLocation: /default-rack, certSerialId: null}, Type:RATIS, Factor:THREE, State:CLOSED]
2019-08-20 15:23:57,435 [EventQueue-StaleNodeForStaleNodeHandler] INFO  pipeline.SCMPipelineManager (SCMPipelineManager.java:finalizeAndDestroyPipeline(309)) - destroying pipeline:Pipeline[ Id: aa5beeae-28dd-4945-9761-41f2ff00ac41, Nodes: 3ba89adc-d403-4b9d-8267-150dfa29993f{ip: 192.168.69.96, host: pr-hdds-1946lgncr-3764977478, networkLocation: /default-rack, certSerialId: null}, Type:RATIS, Factor:ONE, State:OPEN]
2019-08-20 15:23:57,435 [EventQueue-StaleNodeForStaleNodeHandler] INFO  pipeline.PipelineStateManager (PipelineStateManager.java:finalizePipeline(123)) - Pipeline Pipeline[ Id: aa5beeae-28dd-4945-9761-41f2ff00ac41, Nodes: 3ba89adc-d403-4b9d-8267-150dfa29993f{ip: 192.168.69.96, host: pr-hdds-1946lgncr-3764977478, networkLocation: /default-rack, certSerialId: null}, Type:RATIS, Factor:ONE, State:CLOSED] moved to CLOSED state
2019-08-20 15:23:57,521 | INFO  | ObjectStoreRestHttpServer | Listening HDDS REST traffic on /0.0.0.0:38808 |  
2019-08-20 15:23:57,522 [Thread-329] INFO  ozone.HddsDatanodeService (HddsDatanodeService.java:startPlugins(395)) - Started plug-in org.apache.hadoop.ozone.web.OzoneHddsDatanodeService@66d48e8b
2019-08-20 15:23:57,522 [Thread-329] INFO  pipeline.SCMPipelineManager (SCMPipelineManager.java:finalizeAndDestroyPipeline(309)) - destroying pipeline:Pipeline[ Id: d9dac5d8-25eb-4537-81dd-ad6a30d646c7, Nodes: 3ba89adc-d403-4b9d-8267-150dfa29993f{ip: 192.168.69.96, host: pr-hdds-1946lgncr-3764977478, networkLocation: /default-rack, certSerialId: null}1ab56027-920f-45ef-b012-dea18e451f4d{ip: 192.168.69.96, host: pr-hdds-1946lgncr-3764977478, networkLocation: /default-rack, certSerialId: null}79059cc4-1000-433d-b8f6-bb136447d900{ip: 192.168.69.96, host: pr-hdds-1946lgncr-3764977478, networkLocation: /default-rack, certSerialId: null}, Type:RATIS, Factor:THREE, State:OPEN]
2019-08-20 15:23:57,524 [org.apache.hadoop.util.JvmPauseMonitor$Monitor@4a989dcb] INFO  util.JvmPauseMonitor (JvmPauseMonitor.java:run(188)) - Starting JVM pause monitor
2019-08-20 15:23:57,529 [Thread-329] WARN  pipeline.RatisPipelineUtils (RatisPipelineUtils.java:destroyPipeline(66)) - Pipeline destroy failed for pipeline=PipelineID=d9dac5d8-25eb-4537-81dd-ad6a30d646c7 dn=3ba89adc-d403-4b9d-8267-150dfa29993f{ip: 192.168.69.96, host: pr-hdds-1946lgncr-3764977478, networkLocation: /default-rack, certSerialId: null}
2019-08-20 15:23:57,535 [Thread-329] WARN  pipeline.RatisPipelineUtils (RatisPipelineUtils.java:destroyPipeline(66)) - Pipeline destroy failed for pipeline=PipelineID=d9dac5d8-25eb-4537-81dd-ad6a30d646c7 dn=1ab56027-920f-45ef-b012-dea18e451f4d{ip: 192.168.69.96, host: pr-hdds-1946lgncr-3764977478, networkLocation: /default-rack, certSerialId: null}
2019-08-20 15:23:57,537 [Thread-329] WARN  pipeline.RatisPipelineUtils (RatisPipelineUtils.java:destroyPipeline(66)) - Pipeline destroy failed for pipeline=PipelineID=d9dac5d8-25eb-4537-81dd-ad6a30d646c7 dn=79059cc4-1000-433d-b8f6-bb136447d900{ip: 192.168.69.96, host: pr-hdds-1946lgncr-3764977478, networkLocation: /default-rack, certSerialId: null}
2019-08-20 15:23:57,538 [Thread-329] INFO  pipeline.PipelineStateManager (PipelineStateManager.java:removePipeline(108)) - Pipeline Pipeline[ Id: d9dac5d8-25eb-4537-81dd-ad6a30d646c7, Nodes: 3ba89adc-d403-4b9d-8267-150dfa29993f{ip: 192.168.69.96, host: pr-hdds-1946lgncr-3764977478, networkLocation: /default-rack, certSerialId: null}1ab56027-920f-45ef-b012-dea18e451f4d{ip: 192.168.69.96, host: pr-hdds-1946lgncr-3764977478, networkLocation: /default-rack, certSerialId: null}79059cc4-1000-433d-b8f6-bb136447d900{ip: 192.168.69.96, host: pr-hdds-1946lgncr-3764977478, networkLocation: /default-rack, certSerialId: null}, Type:RATIS, Factor:THREE, State:CLOSED] removed from db
2019-08-20 15:23:58,866 | INFO  | SCMAudit | user=jenkins1000 | ip=192.168.69.96 | op=GET_VERSION null | ret=SUCCESS |  
2019-08-20 15:23:58,867 [Datanode State Machine Thread - 0] INFO  ozoneimpl.OzoneContainer (OzoneContainer.java:start(186)) - Attempting to start container services.
2019-08-20 15:23:58,867 [Datanode State Machine Thread - 0] INFO  ozoneimpl.OzoneContainer (OzoneContainer.java:startContainerScrub(160)) - Background container scrubber has been disabled by hdds.containerscrub.enabled
2019-08-20 15:23:58,867 [Datanode State Machine Thread - 0] INFO  ratis.XceiverServerRatis (XceiverServerRatis.java:start(404)) - Starting XceiverServerRatis 79059cc4-1000-433d-b8f6-bb136447d900 at port 42288
2019-08-20 15:23:58,874 [Datanode State Machine Thread - 0] INFO  impl.RaftServerImpl (RaftServerImpl.java:start(180)) - 79059cc4-1000-433d-b8f6-bb136447d900: start group-AD6A30D646C7
2019-08-20 15:23:58,874 [ForkJoinPool.commonPool-worker-0] INFO  impl.RaftServerImpl (RaftServerImpl.java:start(180)) - 79059cc4-1000-433d-b8f6-bb136447d900: start group-836F314DBD82
2019-08-20 15:23:58,876 [Datanode State Machine Thread - 0] INFO  impl.RaftServerImpl (RaftServerImpl.java:setRole(171)) - 79059cc4-1000-433d-b8f6-bb136447d900:group-AD6A30D646C7 changes role from null to FOLLOWER at term 1 for startAsFollower
2019-08-20 15:23:58,877 [ForkJoinPool.commonPool-worker-0] INFO  impl.RaftServerImpl (RaftServerImpl.java:setRole(171)) - 79059cc4-1000-433d-b8f6-bb136447d900:group-836F314DBD82 changes role from null to FOLLOWER at term 1 for startAsFollower
2019-08-20 15:23:58,877 [Datanode State Machine Thread - 0] INFO  impl.RoleInfo (RoleInfo.java:updateAndGet(143)) - 79059cc4-1000-433d-b8f6-bb136447d900: start FollowerState
2019-08-20 15:23:58,877 [ForkJoinPool.commonPool-worker-0] INFO  impl.RoleInfo (RoleInfo.java:updateAndGet(143)) - 79059cc4-1000-433d-b8f6-bb136447d900: start FollowerState
2019-08-20 15:23:58,878 [Datanode State Machine Thread - 0] INFO  util.JmxRegister (JmxRegister.java:tryRegister(44)) - Successfully registered JMX Bean with object name Ratis:service=RaftServer,group=group-AD6A30D646C7,id=79059cc4-1000-433d-b8f6-bb136447d900
2019-08-20 15:23:58,878 [ForkJoinPool.commonPool-worker-0] INFO  util.JmxRegister (JmxRegister.java:tryRegister(44)) - Successfully registered JMX Bean with object name Ratis:service=RaftServer,group=group-836F314DBD82,id=79059cc4-1000-433d-b8f6-bb136447d900
2019-08-20 15:23:58,881 [Datanode State Machine Thread - 0] INFO  impl.RaftServerProxy (RaftServerProxy.java:lambda$start$3(299)) - 79059cc4-1000-433d-b8f6-bb136447d900: start RPC server
2019-08-20 15:23:58,886 [Datanode State Machine Thread - 0] INFO  server.GrpcService (GrpcService.java:startImpl(149)) - 79059cc4-1000-433d-b8f6-bb136447d900: GrpcService started, listening on 0.0.0.0/0.0.0.0:42288
2019-08-20 15:23:59,133 | INFO  | SCMAudit | user=jenkins1000 | ip=192.168.69.96 | op=GET_VERSION null | ret=SUCCESS |  
2019-08-20 15:23:59,134 [Datanode State Machine Thread - 0] INFO  ozoneimpl.OzoneContainer (OzoneContainer.java:start(186)) - Attempting to start container services.
2019-08-20 15:23:59,134 [Datanode State Machine Thread - 0] INFO  ozoneimpl.OzoneContainer (OzoneContainer.java:startContainerScrub(160)) - Background container scrubber has been disabled by hdds.containerscrub.enabled
2019-08-20 15:23:59,134 [Datanode State Machine Thread - 0] INFO  ratis.XceiverServerRatis (XceiverServerRatis.java:start(404)) - Starting XceiverServerRatis 1ab56027-920f-45ef-b012-dea18e451f4d at port 41729
2019-08-20 15:23:59,142 [Datanode State Machine Thread - 0] INFO  impl.RaftServerImpl (RaftServerImpl.java:start(180)) - 1ab56027-920f-45ef-b012-dea18e451f4d: start group-AD6A30D646C7
2019-08-20 15:23:59,142 [ForkJoinPool.commonPool-worker-0] INFO  impl.RaftServerImpl (RaftServerImpl.java:start(180)) - 1ab56027-920f-45ef-b012-dea18e451f4d: start group-EDBE92749861
2019-08-20 15:23:59,143 [Datanode State Machine Thread - 0] INFO  impl.RaftServerImpl (RaftServerImpl.java:setRole(171)) - 1ab56027-920f-45ef-b012-dea18e451f4d:group-AD6A30D646C7 changes role from null to FOLLOWER at term 1 for startAsFollower
2019-08-20 15:23:59,144 [ForkJoinPool.commonPool-worker-0] INFO  impl.RaftServerImpl (RaftServerImpl.java:setRole(171)) - 1ab56027-920f-45ef-b012-dea18e451f4d:group-EDBE92749861 changes role from null to FOLLOWER at term 1 for startAsFollower
2019-08-20 15:23:59,144 [Datanode State Machine Thread - 0] INFO  impl.RoleInfo (RoleInfo.java:updateAndGet(143)) - 1ab56027-920f-45ef-b012-dea18e451f4d: start FollowerState
2019-08-20 15:23:59,144 [ForkJoinPool.commonPool-worker-0] INFO  impl.RoleInfo (RoleInfo.java:updateAndGet(143)) - 1ab56027-920f-45ef-b012-dea18e451f4d: start FollowerState
2019-08-20 15:23:59,145 [Datanode State Machine Thread - 0] INFO  util.JmxRegister (JmxRegister.java:tryRegister(44)) - Successfully registered JMX Bean with object name Ratis:service=RaftServer,group=group-AD6A30D646C7,id=1ab56027-920f-45ef-b012-dea18e451f4d
2019-08-20 15:23:59,145 [ForkJoinPool.commonPool-worker-0] INFO  util.JmxRegister (JmxRegister.java:tryRegister(44)) - Successfully registered JMX Bean with object name Ratis:service=RaftServer,group=group-EDBE92749861,id=1ab56027-920f-45ef-b012-dea18e451f4d
2019-08-20 15:23:59,149 [Datanode State Machine Thread - 0] INFO  impl.RaftServerProxy (RaftServerProxy.java:lambda$start$3(299)) - 1ab56027-920f-45ef-b012-dea18e451f4d: start RPC server
2019-08-20 15:23:59,150 [Datanode State Machine Thread - 0] INFO  server.GrpcService (GrpcService.java:startImpl(149)) - 1ab56027-920f-45ef-b012-dea18e451f4d: GrpcService started, listening on 0.0.0.0/0.0.0.0:41729
2019-08-20 15:23:59,525 | INFO  | SCMAudit | user=jenkins1000 | ip=192.168.69.96 | op=GET_VERSION null | ret=SUCCESS |  
2019-08-20 15:23:59,526 [Datanode State Machine Thread - 0] INFO  ozoneimpl.OzoneContainer (OzoneContainer.java:start(186)) - Attempting to start container services.
2019-08-20 15:23:59,526 [Datanode State Machine Thread - 0] INFO  ozoneimpl.OzoneContainer (OzoneContainer.java:startContainerScrub(160)) - Background container scrubber has been disabled by hdds.containerscrub.enabled
2019-08-20 15:23:59,526 [Datanode State Machine Thread - 0] INFO  ratis.XceiverServerRatis (XceiverServerRatis.java:start(404)) - Starting XceiverServerRatis 3ba89adc-d403-4b9d-8267-150dfa29993f at port 41312
2019-08-20 15:23:59,534 [Datanode State Machine Thread - 0] INFO  impl.RaftServerImpl (RaftServerImpl.java:start(180)) - 3ba89adc-d403-4b9d-8267-150dfa29993f: start group-41F2FF00AC41
2019-08-20 15:23:59,535 [ForkJoinPool.commonPool-worker-0] INFO  impl.RaftServerImpl (RaftServerImpl.java:start(180)) - 3ba89adc-d403-4b9d-8267-150dfa29993f: start group-AD6A30D646C7
2019-08-20 15:23:59,536 [Datanode State Machine Thread - 0] INFO  impl.RaftServerImpl (RaftServerImpl.java:setRole(171)) - 3ba89adc-d403-4b9d-8267-150dfa29993f:group-41F2FF00AC41 changes role from null to FOLLOWER at term 1 for startAsFollower
2019-08-20 15:23:59,537 [ForkJoinPool.commonPool-worker-0] INFO  impl.RaftServerImpl (RaftServerImpl.java:setRole(171)) - 3ba89adc-d403-4b9d-8267-150dfa29993f:group-AD6A30D646C7 changes role from null to FOLLOWER at term 1 for startAsFollower
2019-08-20 15:23:59,537 [Datanode State Machine Thread - 0] INFO  impl.RoleInfo (RoleInfo.java:updateAndGet(143)) - 3ba89adc-d403-4b9d-8267-150dfa29993f: start FollowerState
2019-08-20 15:23:59,538 [ForkJoinPool.commonPool-worker-0] INFO  impl.RoleInfo (RoleInfo.java:updateAndGet(143)) - 3ba89adc-d403-4b9d-8267-150dfa29993f: start FollowerState
2019-08-20 15:23:59,538 [Datanode State Machine Thread - 0] INFO  util.JmxRegister (JmxRegister.java:tryRegister(44)) - Successfully registered JMX Bean with object name Ratis:service=RaftServer,group=group-41F2FF00AC41,id=3ba89adc-d403-4b9d-8267-150dfa29993f
2019-08-20 15:23:59,538 [ForkJoinPool.commonPool-worker-0] INFO  util.JmxRegister (JmxRegister.java:tryRegister(44)) - Successfully registered JMX Bean with object name Ratis:service=RaftServer,group=group-AD6A30D646C7,id=3ba89adc-d403-4b9d-8267-150dfa29993f
2019-08-20 15:23:59,541 [Datanode State Machine Thread - 0] INFO  impl.RaftServerProxy (RaftServerProxy.java:lambda$start$3(299)) - 3ba89adc-d403-4b9d-8267-150dfa29993f: start RPC server
2019-08-20 15:23:59,544 [Datanode State Machine Thread - 0] INFO  server.GrpcService (GrpcService.java:startImpl(149)) - 3ba89adc-d403-4b9d-8267-150dfa29993f: GrpcService started, listening on 0.0.0.0/0.0.0.0:41312
2019-08-20 15:24:00,871 | INFO  | SCMAudit | user=jenkins1000 | ip=192.168.69.96 | op=REGISTER {datanodeDetails=79059cc4-1000-433d-b8f6-bb136447d900{ip: 192.168.69.96, host: pr-hdds-1946lgncr-3764977478, networkLocation: /default-rack, certSerialId: null}} | ret=SUCCESS |  
2019-08-20 15:24:00,883 [grpc-default-executor-0] INFO  impl.RaftServerProxy (RaftServerProxy.java:remove(95)) - 79059cc4-1000-433d-b8f6-bb136447d900: remove FOLLOWER group-AD6A30D646C7 79059cc4-1000-433d-b8f6-bb136447d900:t1, leader=null, voted=3ba89adc-d403-4b9d-8267-150dfa29993f, raftlog=79059cc4-1000-433d-b8f6-bb136447d900-SegmentedRaftLog:OPENED:c-1,f0,i0, conf=0: [1ab56027-920f-45ef-b012-dea18e451f4d:192.168.69.96:41729, 79059cc4-1000-433d-b8f6-bb136447d900:192.168.69.96:42288, 3ba89adc-d403-4b9d-8267-150dfa29993f:192.168.69.96:41312], old=null RUNNING
2019-08-20 15:24:00,884 [grpc-default-executor-0] INFO  impl.RaftServerImpl (RaftServerImpl.java:lambda$shutdown$3(245)) - 79059cc4-1000-433d-b8f6-bb136447d900: shutdown group-AD6A30D646C7
2019-08-20 15:24:00,884 [grpc-default-executor-0] INFO  util.JmxRegister (JmxRegister.java:unregister(73)) - Successfully un-registered JMX Bean with object name Ratis:service=RaftServer,group=group-AD6A30D646C7,id=79059cc4-1000-433d-b8f6-bb136447d900
2019-08-20 15:24:00,884 [grpc-default-executor-0] INFO  impl.RoleInfo (RoleInfo.java:shutdownFollowerState(121)) - 79059cc4-1000-433d-b8f6-bb136447d900: shutdown FollowerState
2019-08-20 15:24:00,884 [grpc-default-executor-0] INFO  impl.StateMachineUpdater (StateMachineUpdater.java:stopAndJoin(115)) - StateMachineUpdater:79059cc4-1000-433d-b8f6-bb136447d900:group-AD6A30D646C7: set stopIndex = -1
2019-08-20 15:24:00,884 [Thread-595] INFO  impl.FollowerState (FollowerState.java:run(114)) - 79059cc4-1000-433d-b8f6-bb136447d900: FollowerState was interrupted: java.lang.InterruptedException: sleep interrupted
2019-08-20 15:24:00,884 [grpc-default-executor-0] INFO  impl.RaftServerImpl (ServerState.java:close(394)) - 79059cc4-1000-433d-b8f6-bb136447d900:group-AD6A30D646C7 closes. The last applied log index is -1
2019-08-20 15:24:00,886 [79059cc4-1000-433d-b8f6-bb136447d900-SegmentedRaftLogWorker:Storage Directory /workdir/hadoop-ozone/integration-test/target/test-dir/MiniOzoneClusterImpl-985c7318-59c1-459c-b117-5bea8fb64214/datanode-0/data/ratis/d9dac5d8-25eb-4537-81dd-ad6a30d646c7] INFO  segmented.SegmentedRaftLogWorker (SegmentedRaftLogWorker.java:run(313)) - 79059cc4-1000-433d-b8f6-bb136447d900-SegmentedRaftLogWorker:Storage Directory /workdir/hadoop-ozone/integration-test/target/test-dir/MiniOzoneClusterImpl-985c7318-59c1-459c-b117-5bea8fb64214/datanode-0/data/ratis/d9dac5d8-25eb-4537-81dd-ad6a30d646c7 was interrupted, exiting. There are 0 tasks remaining in the queue.
2019-08-20 15:24:00,887 [grpc-default-executor-0] INFO  segmented.SegmentedRaftLogWorker (SegmentedRaftLogWorker.java:close(228)) - 79059cc4-1000-433d-b8f6-bb136447d900-SegmentedRaftLogWorker:Storage Directory /workdir/hadoop-ozone/integration-test/target/test-dir/MiniOzoneClusterImpl-985c7318-59c1-459c-b117-5bea8fb64214/datanode-0/data/ratis/d9dac5d8-25eb-4537-81dd-ad6a30d646c7 close()
2019-08-20 15:24:01,133 | INFO  | SCMAudit | user=jenkins1000 | ip=192.168.69.96 | op=REGISTER {datanodeDetails=1ab56027-920f-45ef-b012-dea18e451f4d{ip: 192.168.69.96, host: pr-hdds-1946lgncr-3764977478, networkLocation: /default-rack, certSerialId: null}} | ret=SUCCESS |  
2019-08-20 15:24:01,142 [grpc-default-executor-0] INFO  impl.RaftServerProxy (RaftServerProxy.java:remove(95)) - 1ab56027-920f-45ef-b012-dea18e451f4d: remove FOLLOWER group-AD6A30D646C7 1ab56027-920f-45ef-b012-dea18e451f4d:t1, leader=null, voted=1ab56027-920f-45ef-b012-dea18e451f4d, raftlog=1ab56027-920f-45ef-b012-dea18e451f4d-SegmentedRaftLog:OPENED:c-1,f0,i0, conf=0: [1ab56027-920f-45ef-b012-dea18e451f4d:192.168.69.96:41729, 79059cc4-1000-433d-b8f6-bb136447d900:192.168.69.96:42288, 3ba89adc-d403-4b9d-8267-150dfa29993f:192.168.69.96:41312], old=null RUNNING
2019-08-20 15:24:01,142 [grpc-default-executor-0] INFO  impl.RaftServerImpl (RaftServerImpl.java:lambda$shutdown$3(245)) - 1ab56027-920f-45ef-b012-dea18e451f4d: shutdown group-AD6A30D646C7
2019-08-20 15:24:01,142 [grpc-default-executor-0] INFO  util.JmxRegister (JmxRegister.java:unregister(73)) - Successfully un-registered JMX Bean with object name Ratis:service=RaftServer,group=group-AD6A30D646C7,id=1ab56027-920f-45ef-b012-dea18e451f4d
2019-08-20 15:24:01,142 [grpc-default-executor-0] INFO  impl.RoleInfo (RoleInfo.java:shutdownFollowerState(121)) - 1ab56027-920f-45ef-b012-dea18e451f4d: shutdown FollowerState
2019-08-20 15:24:01,142 [grpc-default-executor-0] INFO  impl.StateMachineUpdater (StateMachineUpdater.java:stopAndJoin(115)) - StateMachineUpdater:1ab56027-920f-45ef-b012-dea18e451f4d:group-AD6A30D646C7: set stopIndex = -1
2019-08-20 15:24:01,143 [Thread-597] INFO  impl.FollowerState (FollowerState.java:run(114)) - 1ab56027-920f-45ef-b012-dea18e451f4d: FollowerState was interrupted: java.lang.InterruptedException: sleep interrupted
2019-08-20 15:24:01,143 [grpc-default-executor-0] INFO  impl.RaftServerImpl (ServerState.java:close(394)) - 1ab56027-920f-45ef-b012-dea18e451f4d:group-AD6A30D646C7 closes. The last applied log index is -1
2019-08-20 15:24:01,144 [1ab56027-920f-45ef-b012-dea18e451f4d-SegmentedRaftLogWorker:Storage Directory /workdir/hadoop-ozone/integration-test/target/test-dir/MiniOzoneClusterImpl-985c7318-59c1-459c-b117-5bea8fb64214/datanode-1/data/ratis/d9dac5d8-25eb-4537-81dd-ad6a30d646c7] INFO  segmented.SegmentedRaftLogWorker (SegmentedRaftLogWorker.java:run(313)) - 1ab56027-920f-45ef-b012-dea18e451f4d-SegmentedRaftLogWorker:Storage Directory /workdir/hadoop-ozone/integration-test/target/test-dir/MiniOzoneClusterImpl-985c7318-59c1-459c-b117-5bea8fb64214/datanode-1/data/ratis/d9dac5d8-25eb-4537-81dd-ad6a30d646c7 was interrupted, exiting. There are 0 tasks remaining in the queue.
2019-08-20 15:24:01,146 [grpc-default-executor-0] INFO  segmented.SegmentedRaftLogWorker (SegmentedRaftLogWorker.java:close(228)) - 1ab56027-920f-45ef-b012-dea18e451f4d-SegmentedRaftLogWorker:Storage Directory /workdir/hadoop-ozone/integration-test/target/test-dir/MiniOzoneClusterImpl-985c7318-59c1-459c-b117-5bea8fb64214/datanode-1/data/ratis/d9dac5d8-25eb-4537-81dd-ad6a30d646c7 close()
2019-08-20 15:24:01,525 | INFO  | SCMAudit | user=jenkins1000 | ip=192.168.69.96 | op=REGISTER {datanodeDetails=3ba89adc-d403-4b9d-8267-150dfa29993f{ip: 192.168.69.96, host: pr-hdds-1946lgncr-3764977478, networkLocation: /default-rack, certSerialId: null}} | ret=SUCCESS |  
2019-08-20 15:24:01,533 [grpc-default-executor-0] INFO  impl.RaftServerProxy (RaftServerProxy.java:remove(95)) - 3ba89adc-d403-4b9d-8267-150dfa29993f: remove FOLLOWER group-AD6A30D646C7 3ba89adc-d403-4b9d-8267-150dfa29993f:t1, leader=null, voted=3ba89adc-d403-4b9d-8267-150dfa29993f, raftlog=3ba89adc-d403-4b9d-8267-150dfa29993f-SegmentedRaftLog:OPENED:c-1,f0,i0, conf=0: [1ab56027-920f-45ef-b012-dea18e451f4d:192.168.69.96:41729, 79059cc4-1000-433d-b8f6-bb136447d900:192.168.69.96:42288, 3ba89adc-d403-4b9d-8267-150dfa29993f:192.168.69.96:41312], old=null RUNNING
2019-08-20 15:24:01,533 [grpc-default-executor-0] INFO  impl.RaftServerImpl (RaftServerImpl.java:lambda$shutdown$3(245)) - 3ba89adc-d403-4b9d-8267-150dfa29993f: shutdown group-AD6A30D646C7
2019-08-20 15:24:01,533 [grpc-default-executor-0] INFO  util.JmxRegister (JmxRegister.java:unregister(73)) - Successfully un-registered JMX Bean with object name Ratis:service=RaftServer,group=group-AD6A30D646C7,id=3ba89adc-d403-4b9d-8267-150dfa29993f
2019-08-20 15:24:01,533 [grpc-default-executor-0] INFO  impl.RoleInfo (RoleInfo.java:shutdownFollowerState(121)) - 3ba89adc-d403-4b9d-8267-150dfa29993f: shutdown FollowerState
2019-08-20 15:24:01,534 [grpc-default-executor-0] INFO  impl.StateMachineUpdater (StateMachineUpdater.java:stopAndJoin(115)) - StateMachineUpdater:3ba89adc-d403-4b9d-8267-150dfa29993f:group-AD6A30D646C7: set stopIndex = -1
2019-08-20 15:24:01,534 [Thread-600] INFO  impl.FollowerState (FollowerState.java:run(114)) - 3ba89adc-d403-4b9d-8267-150dfa29993f: FollowerState was interrupted: java.lang.InterruptedException: sleep interrupted
2019-08-20 15:24:01,534 [grpc-default-executor-0] INFO  impl.RaftServerImpl (ServerState.java:close(394)) - 3ba89adc-d403-4b9d-8267-150dfa29993f:group-AD6A30D646C7 closes. The last applied log index is -1
2019-08-20 15:24:01,535 [3ba89adc-d403-4b9d-8267-150dfa29993f-SegmentedRaftLogWorker:Storage Directory /workdir/hadoop-ozone/integration-test/target/test-dir/MiniOzoneClusterImpl-985c7318-59c1-459c-b117-5bea8fb64214/datanode-2/data/ratis/d9dac5d8-25eb-4537-81dd-ad6a30d646c7] INFO  segmented.SegmentedRaftLogWorker (SegmentedRaftLogWorker.java:run(313)) - 3ba89adc-d403-4b9d-8267-150dfa29993f-SegmentedRaftLogWorker:Storage Directory /workdir/hadoop-ozone/integration-test/target/test-dir/MiniOzoneClusterImpl-985c7318-59c1-459c-b117-5bea8fb64214/datanode-2/data/ratis/d9dac5d8-25eb-4537-81dd-ad6a30d646c7 was interrupted, exiting. There are 0 tasks remaining in the queue.
2019-08-20 15:24:01,537 [grpc-default-executor-0] INFO  segmented.SegmentedRaftLogWorker (SegmentedRaftLogWorker.java:close(228)) - 3ba89adc-d403-4b9d-8267-150dfa29993f-SegmentedRaftLogWorker:Storage Directory /workdir/hadoop-ozone/integration-test/target/test-dir/MiniOzoneClusterImpl-985c7318-59c1-459c-b117-5bea8fb64214/datanode-2/data/ratis/d9dac5d8-25eb-4537-81dd-ad6a30d646c7 close()
2019-08-20 15:24:02,866 | INFO  | SCMAudit | user=jenkins1000 | ip=192.168.69.96 | op=SEND_HEARTBEAT {datanodeUUID=79059cc4-1000-433d-b8f6-bb136447d900, command=[]} | ret=SUCCESS |  
2019-08-20 15:24:03,133 | INFO  | SCMAudit | user=jenkins1000 | ip=192.168.69.96 | op=SEND_HEARTBEAT {datanodeUUID=1ab56027-920f-45ef-b012-dea18e451f4d, command=[]} | ret=SUCCESS |  
2019-08-20 15:24:03,367 [grpc-default-executor-0] INFO  impl.RaftServerProxy (RaftServerProxy.java:addNew(89)) - 1ab56027-920f-45ef-b012-dea18e451f4d: addNew group-C13886FDD451:[1ab56027-920f-45ef-b012-dea18e451f4d:192.168.69.96:41729] returns group-C13886FDD451:java.util.concurrent.CompletableFuture@7c085f9e[Not completed]
2019-08-20 15:24:03,369 [pool-159-thread-1] INFO  impl.RaftServerImpl (RaftServerImpl.java:<init>(93)) - 1ab56027-920f-45ef-b012-dea18e451f4d: new RaftServerImpl for group-C13886FDD451:[1ab56027-920f-45ef-b012-dea18e451f4d:192.168.69.96:41729] with ContainerStateMachine:uninitialized
2019-08-20 15:24:03,369 [pool-159-thread-1] INFO  server.RaftServerConfigKeys (ConfUtils.java:logGet(43)) - raft.server.rpc.timeout.min = 5s (custom)
2019-08-20 15:24:03,369 [pool-159-thread-1] INFO  server.RaftServerConfigKeys (ConfUtils.java:logGet(43)) - raft.server.rpc.timeout.max = 5200ms (custom)
2019-08-20 15:24:03,369 [pool-159-thread-1] INFO  server.RaftServerConfigKeys (ConfUtils.java:logGet(43)) - raft.server.rpcslowness.timeout = 120s (custom)
2019-08-20 15:24:03,369 [pool-159-thread-1] INFO  server.RaftServerConfigKeys (ConfUtils.java:logGet(43)) - raft.server.sleep.deviation.threshold = 300 (default)
2019-08-20 15:24:03,370 [pool-159-thread-1] INFO  server.RaftServerConfigKeys (ConfUtils.java:logGet(43)) - raft.server.log.appender.install.snapshot.enabled = false (custom)
2019-08-20 15:24:03,370 [pool-159-thread-1] INFO  impl.RaftServerImpl (ServerState.java:<init>(105)) - 1ab56027-920f-45ef-b012-dea18e451f4d:group-C13886FDD451 ConfigurationManager, init=-1: [1ab56027-920f-45ef-b012-dea18e451f4d:192.168.69.96:41729], old=null, confs=<EMPTY_MAP>
2019-08-20 15:24:03,370 [pool-159-thread-1] INFO  server.RaftServerConfigKeys (ConfUtils.java:logGet(43)) - raft.server.storage.dir = [/workdir/hadoop-ozone/integration-test/target/test-dir/MiniOzoneClusterImpl-985c7318-59c1-459c-b117-5bea8fb64214/datanode-1/data/ratis] (custom)
2019-08-20 15:24:03,370 [pool-159-thread-1] INFO  storage.RaftStorageDirectory (RaftStorageDirectory.java:analyzeStorage(246)) - The storage directory /workdir/hadoop-ozone/integration-test/target/test-dir/MiniOzoneClusterImpl-985c7318-59c1-459c-b117-5bea8fb64214/datanode-1/data/ratis/7277db73-b4f2-4eab-94af-c13886fdd451 does not exist. Creating ...
2019-08-20 15:24:03,396 [pool-159-thread-1] INFO  storage.RaftStorageDirectory (RaftStorageDirectory.java:tryLock(328)) - Lock on /workdir/hadoop-ozone/integration-test/target/test-dir/MiniOzoneClusterImpl-985c7318-59c1-459c-b117-5bea8fb64214/datanode-1/data/ratis/7277db73-b4f2-4eab-94af-c13886fdd451/in_use.lock acquired by nodename 21129@pr-hdds-1946lgncr-3764977478
2019-08-20 15:24:03,402 [pool-159-thread-1] INFO  storage.RaftStorage (RaftStorage.java:format(72)) - Storage directory /workdir/hadoop-ozone/integration-test/target/test-dir/MiniOzoneClusterImpl-985c7318-59c1-459c-b117-5bea8fb64214/datanode-1/data/ratis/7277db73-b4f2-4eab-94af-c13886fdd451 has been successfully formatted.
2019-08-20 15:24:03,402 [pool-159-thread-1] INFO  ratis.ContainerStateMachine (ContainerStateMachine.java:loadSnapshot(222)) - group-C13886FDD451: The snapshot info is null. Setting the last applied indexto:(t:0, i:~)
2019-08-20 15:24:03,403 [pool-159-thread-1] INFO  server.RaftServerConfigKeys (ConfUtils.java:logGet(43)) - raft.server.leader.election.timeout = 120s (custom)
2019-08-20 15:24:03,403 [pool-159-thread-1] INFO  server.RaftServerConfigKeys (ConfUtils.java:logGet(43)) - raft.server.log.use.memory = false (default)
2019-08-20 15:24:03,403 [pool-159-thread-1] INFO  server.RaftServerConfigKeys (ConfUtils.java:logGet(43)) - raft.server.log.purge.gap = 1000000 (custom)
2019-08-20 15:24:03,403 [pool-159-thread-1] INFO  server.RaftServerConfigKeys (ConfUtils.java:logGet(43)) - raft.server.log.appender.buffer.byte-limit = 33554432 (custom)
2019-08-20 15:24:03,404 [pool-159-thread-1] INFO  server.RaftServerConfigKeys (ConfUtils.java:logGet(43)) - raft.server.log.segment.size.max = 1048576 (custom)
2019-08-20 15:24:03,404 [pool-159-thread-1] INFO  server.RaftServerConfigKeys (ConfUtils.java:logGet(43)) - raft.server.log.segment.cache.num.max = 2 (custom)
2019-08-20 15:24:03,404 [pool-159-thread-1] INFO  segmented.SegmentedRaftLogWorker (SegmentedRaftLogWorker.java:<init>(172)) - new 1ab56027-920f-45ef-b012-dea18e451f4d-SegmentedRaftLogWorker:Storage Directory /workdir/hadoop-ozone/integration-test/target/test-dir/MiniOzoneClusterImpl-985c7318-59c1-459c-b117-5bea8fb64214/datanode-1/data/ratis/7277db73-b4f2-4eab-94af-c13886fdd451 for RaftStorage:Storage Directory /workdir/hadoop-ozone/integration-test/target/test-dir/MiniOzoneClusterImpl-985c7318-59c1-459c-b117-5bea8fb64214/datanode-1/data/ratis/7277db73-b4f2-4eab-94af-c13886fdd451
2019-08-20 15:24:03,404 [pool-159-thread-1] INFO  server.RaftServerConfigKeys (ConfUtils.java:logGet(43)) - raft.server.log.queue.byte-limit = 2147483647 (custom)
2019-08-20 15:24:03,404 [pool-159-thread-1] INFO  server.RaftServerConfigKeys (ConfUtils.java:logGet(43)) - raft.server.log.queue.element-limit = 1024 (custom)
2019-08-20 15:24:03,405 [pool-159-thread-1] INFO  server.RaftServerConfigKeys (ConfUtils.java:logGet(43)) - raft.server.log.segment.size.max = 1048576 (custom)
2019-08-20 15:24:03,405 [pool-159-thread-1] INFO  server.RaftServerConfigKeys (ConfUtils.java:logGet(43)) - raft.server.log.preallocated.size = 16384 (custom)
2019-08-20 15:24:03,405 [pool-159-thread-1] INFO  server.RaftServerConfigKeys (ConfUtils.java:logGet(43)) - raft.server.log.write.buffer.size = 33554432 (custom)
2019-08-20 15:24:03,405 [pool-159-thread-1] INFO  server.RaftServerConfigKeys (ConfUtils.java:logGet(43)) - raft.server.log.force.sync.num = 128 (default)
2019-08-20 15:24:03,405 [pool-159-thread-1] INFO  server.RaftServerConfigKeys (ConfUtils.java:logGet(43)) - raft.server.log.statemachine.data.sync = true (default)
2019-08-20 15:24:03,405 [pool-159-thread-1] INFO  server.RaftServerConfigKeys (ConfUtils.java:logGet(43)) - raft.server.log.statemachine.data.sync.timeout = 10s (default)
2019-08-20 15:24:03,406 [pool-159-thread-1] INFO  server.RaftServerConfigKeys (ConfUtils.java:logGet(43)) - raft.server.log.statemachine.data.sync.timeout.retry = -1 (default)
2019-08-20 15:24:03,406 [pool-159-thread-1] INFO  server.RaftServerConfigKeys (ConfUtils.java:logGet(43)) - raft.server.log.statemachine.data.caching.enabled = true (custom)
2019-08-20 15:24:03,407 [pool-159-thread-1] INFO  segmented.SegmentedRaftLogWorker (SegmentedRaftLogWorker.java:lambda$new$0(132)) - 1ab56027-920f-45ef-b012-dea18e451f4d-SegmentedRaftLogWorker:Storage Directory /workdir/hadoop-ozone/integration-test/target/test-dir/MiniOzoneClusterImpl-985c7318-59c1-459c-b117-5bea8fb64214/datanode-1/data/ratis/7277db73-b4f2-4eab-94af-c13886fdd451: flushIndex: setUnconditionally 0 -> -1
2019-08-20 15:24:03,407 [pool-159-thread-1] INFO  server.RaftServerConfigKeys (ConfUtils.java:logGet(43)) - raft.server.snapshot.auto.trigger.enabled = true (custom)
2019-08-20 15:24:03,407 [pool-159-thread-1] INFO  server.RaftServerConfigKeys (ConfUtils.java:logGet(43)) - raft.server.snapshot.auto.trigger.threshold = 10000 (custom)
2019-08-20 15:24:03,408 [pool-159-thread-1] INFO  server.RaftServerConfigKeys (ConfUtils.java:logGet(43)) - raft.server.retrycache.expirytime = 600000ms (custom)
2019-08-20 15:24:03,408 [pool-159-thread-1] INFO  impl.RaftServerImpl (RaftServerImpl.java:start(180)) - 1ab56027-920f-45ef-b012-dea18e451f4d: start group-C13886FDD451
2019-08-20 15:24:03,408 [pool-159-thread-1] INFO  impl.RaftServerImpl (RaftServerImpl.java:setRole(171)) - 1ab56027-920f-45ef-b012-dea18e451f4d:group-C13886FDD451 changes role from null to FOLLOWER at term 0 for startAsFollower
2019-08-20 15:24:03,408 [pool-159-thread-1] INFO  impl.RoleInfo (RoleInfo.java:updateAndGet(143)) - 1ab56027-920f-45ef-b012-dea18e451f4d: start FollowerState
2019-08-20 15:24:03,409 [pool-159-thread-1] INFO  util.JmxRegister (JmxRegister.java:tryRegister(44)) - Successfully registered JMX Bean with object name Ratis:service=RaftServer,group=group-C13886FDD451,id=1ab56027-920f-45ef-b012-dea18e451f4d
2019-08-20 15:24:03,414 [RatisPipelineUtilsThread] INFO  pipeline.PipelineStateManager (PipelineStateManager.java:addPipeline(56)) - Created pipeline Pipeline[ Id: 7277db73-b4f2-4eab-94af-c13886fdd451, Nodes: 1ab56027-920f-45ef-b012-dea18e451f4d{ip: 192.168.69.96, host: pr-hdds-1946lgncr-3764977478, networkLocation: /default-rack, certSerialId: null}, Type:RATIS, Factor:ONE, State:OPEN]
2019-08-20 15:24:03,430 [grpc-default-executor-0] INFO  impl.RaftServerProxy (RaftServerProxy.java:addNew(89)) - 79059cc4-1000-433d-b8f6-bb136447d900: addNew group-F96BB9C54407:[79059cc4-1000-433d-b8f6-bb136447d900:192.168.69.96:42288] returns group-F96BB9C54407:java.util.concurrent.CompletableFuture@2da08d3c[Not completed]
2019-08-20 15:24:03,431 [pool-148-thread-1] INFO  impl.RaftServerImpl (RaftServerImpl.java:<init>(93)) - 79059cc4-1000-433d-b8f6-bb136447d900: new RaftServerImpl for group-F96BB9C54407:[79059cc4-1000-433d-b8f6-bb136447d900:192.168.69.96:42288] with ContainerStateMachine:uninitialized
2019-08-20 15:24:03,431 [pool-148-thread-1] INFO  server.RaftServerConfigKeys (ConfUtils.java:logGet(43)) - raft.server.rpc.timeout.min = 5s (custom)
2019-08-20 15:24:03,431 [pool-148-thread-1] INFO  server.RaftServerConfigKeys (ConfUtils.java:logGet(43)) - raft.server.rpc.timeout.max = 5200ms (custom)
2019-08-20 15:24:03,431 [pool-148-thread-1] INFO  server.RaftServerConfigKeys (ConfUtils.java:logGet(43)) - raft.server.rpcslowness.timeout = 120s (custom)
2019-08-20 15:24:03,431 [pool-148-thread-1] INFO  server.RaftServerConfigKeys (ConfUtils.java:logGet(43)) - raft.server.sleep.deviation.threshold = 300 (default)
2019-08-20 15:24:03,432 [pool-148-thread-1] INFO  server.RaftServerConfigKeys (ConfUtils.java:logGet(43)) - raft.server.log.appender.install.snapshot.enabled = false (custom)
2019-08-20 15:24:03,432 [pool-148-thread-1] INFO  impl.RaftServerImpl (ServerState.java:<init>(105)) - 79059cc4-1000-433d-b8f6-bb136447d900:group-F96BB9C54407 ConfigurationManager, init=-1: [79059cc4-1000-433d-b8f6-bb136447d900:192.168.69.96:42288], old=null, confs=<EMPTY_MAP>
2019-08-20 15:24:03,432 [pool-148-thread-1] INFO  server.RaftServerConfigKeys (ConfUtils.java:logGet(43)) - raft.server.storage.dir = [/workdir/hadoop-ozone/integration-test/target/test-dir/MiniOzoneClusterImpl-985c7318-59c1-459c-b117-5bea8fb64214/datanode-0/data/ratis] (custom)
2019-08-20 15:24:03,432 [pool-148-thread-1] INFO  storage.RaftStorageDirectory (RaftStorageDirectory.java:analyzeStorage(246)) - The storage directory /workdir/hadoop-ozone/integration-test/target/test-dir/MiniOzoneClusterImpl-985c7318-59c1-459c-b117-5bea8fb64214/datanode-0/data/ratis/2a0be2e6-000f-4c59-b8c4-f96bb9c54407 does not exist. Creating ...
2019-08-20 15:24:03,436 [pool-148-thread-1] INFO  storage.RaftStorageDirectory (RaftStorageDirectory.java:tryLock(328)) - Lock on /workdir/hadoop-ozone/integration-test/target/test-dir/MiniOzoneClusterImpl-985c7318-59c1-459c-b117-5bea8fb64214/datanode-0/data/ratis/2a0be2e6-000f-4c59-b8c4-f96bb9c54407/in_use.lock acquired by nodename 21129@pr-hdds-1946lgncr-3764977478
2019-08-20 15:24:03,440 [pool-148-thread-1] INFO  storage.RaftStorage (RaftStorage.java:format(72)) - Storage directory /workdir/hadoop-ozone/integration-test/target/test-dir/MiniOzoneClusterImpl-985c7318-59c1-459c-b117-5bea8fb64214/datanode-0/data/ratis/2a0be2e6-000f-4c59-b8c4-f96bb9c54407 has been successfully formatted.
2019-08-20 15:24:03,440 [pool-148-thread-1] INFO  ratis.ContainerStateMachine (ContainerStateMachine.java:loadSnapshot(222)) - group-F96BB9C54407: The snapshot info is null. Setting the last applied indexto:(t:0, i:~)
2019-08-20 15:24:03,440 [pool-148-thread-1] INFO  server.RaftServerConfigKeys (ConfUtils.java:logGet(43)) - raft.server.leader.election.timeout = 120s (custom)
2019-08-20 15:24:03,440 [pool-148-thread-1] INFO  server.RaftServerConfigKeys (ConfUtils.java:logGet(43)) - raft.server.log.use.memory = false (default)
2019-08-20 15:24:03,441 [pool-148-thread-1] INFO  server.RaftServerConfigKeys (ConfUtils.java:logGet(43)) - raft.server.log.purge.gap = 1000000 (custom)
2019-08-20 15:24:03,441 [pool-148-thread-1] INFO  server.RaftServerConfigKeys (ConfUtils.java:logGet(43)) - raft.server.log.appender.buffer.byte-limit = 33554432 (custom)
2019-08-20 15:24:03,441 [pool-148-thread-1] INFO  server.RaftServerConfigKeys (ConfUtils.java:logGet(43)) - raft.server.log.segment.size.max = 1048576 (custom)
2019-08-20 15:24:03,441 [pool-148-thread-1] INFO  server.RaftServerConfigKeys (ConfUtils.java:logGet(43)) - raft.server.log.segment.cache.num.max = 2 (custom)
2019-08-20 15:24:03,441 [pool-148-thread-1] INFO  segmented.SegmentedRaftLogWorker (SegmentedRaftLogWorker.java:<init>(172)) - new 79059cc4-1000-433d-b8f6-bb136447d900-SegmentedRaftLogWorker:Storage Directory /workdir/hadoop-ozone/integration-test/target/test-dir/MiniOzoneClusterImpl-985c7318-59c1-459c-b117-5bea8fb64214/datanode-0/data/ratis/2a0be2e6-000f-4c59-b8c4-f96bb9c54407 for RaftStorage:Storage Directory /workdir/hadoop-ozone/integration-test/target/test-dir/MiniOzoneClusterImpl-985c7318-59c1-459c-b117-5bea8fb64214/datanode-0/data/ratis/2a0be2e6-000f-4c59-b8c4-f96bb9c54407
2019-08-20 15:24:03,441 [pool-148-thread-1] INFO  server.RaftServerConfigKeys (ConfUtils.java:logGet(43)) - raft.server.log.queue.byte-limit = 2147483647 (custom)
2019-08-20 15:24:03,442 [pool-148-thread-1] INFO  server.RaftServerConfigKeys (ConfUtils.java:logGet(43)) - raft.server.log.queue.element-limit = 1024 (custom)
2019-08-20 15:24:03,442 [pool-148-thread-1] INFO  server.RaftServerConfigKeys (ConfUtils.java:logGet(43)) - raft.server.log.segment.size.max = 1048576 (custom)
2019-08-20 15:24:03,442 [pool-148-thread-1] INFO  server.RaftServerConfigKeys (ConfUtils.java:logGet(43)) - raft.server.log.preallocated.size = 16384 (custom)
2019-08-20 15:24:03,442 [pool-148-thread-1] INFO  server.RaftServerConfigKeys (ConfUtils.java:logGet(43)) - raft.server.log.write.buffer.size = 33554432 (custom)
2019-08-20 15:24:03,442 [pool-148-thread-1] INFO  server.RaftServerConfigKeys (ConfUtils.java:logGet(43)) - raft.server.log.force.sync.num = 128 (default)
2019-08-20 15:24:03,442 [pool-148-thread-1] INFO  server.RaftServerConfigKeys (ConfUtils.java:logGet(43)) - raft.server.log.statemachine.data.sync = true (default)
2019-08-20 15:24:03,442 [pool-148-thread-1] INFO  server.RaftServerConfigKeys (ConfUtils.java:logGet(43)) - raft.server.log.statemachine.data.sync.timeout = 10s (default)
2019-08-20 15:24:03,442 [pool-148-thread-1] INFO  server.RaftServerConfigKeys (ConfUtils.java:logGet(43)) - raft.server.log.statemachine.data.sync.timeout.retry = -1 (default)
2019-08-20 15:24:03,443 [pool-148-thread-1] INFO  server.RaftServerConfigKeys (ConfUtils.java:logGet(43)) - raft.server.log.statemachine.data.caching.enabled = true (custom)
2019-08-20 15:24:03,443 [pool-148-thread-1] INFO  segmented.SegmentedRaftLogWorker (SegmentedRaftLogWorker.java:lambda$new$0(132)) - 79059cc4-1000-433d-b8f6-bb136447d900-SegmentedRaftLogWorker:Storage Directory /workdir/hadoop-ozone/integration-test/target/test-dir/MiniOzoneClusterImpl-985c7318-59c1-459c-b117-5bea8fb64214/datanode-0/data/ratis/2a0be2e6-000f-4c59-b8c4-f96bb9c54407: flushIndex: setUnconditionally 0 -> -1
2019-08-20 15:24:03,443 [pool-148-thread-1] INFO  server.RaftServerConfigKeys (ConfUtils.java:logGet(43)) - raft.server.snapshot.auto.trigger.enabled = true (custom)
2019-08-20 15:24:03,443 [pool-148-thread-1] INFO  server.RaftServerConfigKeys (ConfUtils.java:logGet(43)) - raft.server.snapshot.auto.trigger.threshold = 10000 (custom)
2019-08-20 15:24:03,444 [pool-148-thread-1] INFO  server.RaftServerConfigKeys (ConfUtils.java:logGet(43)) - raft.server.retrycache.expirytime = 600000ms (custom)
2019-08-20 15:24:03,444 [pool-148-thread-1] INFO  impl.RaftServerImpl (RaftServerImpl.java:start(180)) - 79059cc4-1000-433d-b8f6-bb136447d900: start group-F96BB9C54407
2019-08-20 15:24:03,444 [pool-148-thread-1] INFO  impl.RaftServerImpl (RaftServerImpl.java:setRole(171)) - 79059cc4-1000-433d-b8f6-bb136447d900:group-F96BB9C54407 changes role from null to FOLLOWER at term 0 for startAsFollower
2019-08-20 15:24:03,444 [pool-148-thread-1] INFO  impl.RoleInfo (RoleInfo.java:updateAndGet(143)) - 79059cc4-1000-433d-b8f6-bb136447d900: start FollowerState
2019-08-20 15:24:03,444 [pool-148-thread-1] INFO  util.JmxRegister (JmxRegister.java:tryRegister(44)) - Successfully registered JMX Bean with object name Ratis:service=RaftServer,group=group-F96BB9C54407,id=79059cc4-1000-433d-b8f6-bb136447d900
2019-08-20 15:24:03,449 [RatisPipelineUtilsThread] INFO  pipeline.PipelineStateManager (PipelineStateManager.java:addPipeline(56)) - Created pipeline Pipeline[ Id: 2a0be2e6-000f-4c59-b8c4-f96bb9c54407, Nodes: 79059cc4-1000-433d-b8f6-bb136447d900{ip: 192.168.69.96, host: pr-hdds-1946lgncr-3764977478, networkLocation: /default-rack, certSerialId: null}, Type:RATIS, Factor:ONE, State:OPEN]
2019-08-20 15:24:03,525 | INFO  | SCMAudit | user=jenkins1000 | ip=192.168.69.96 | op=SEND_HEARTBEAT {datanodeUUID=3ba89adc-d403-4b9d-8267-150dfa29993f, command=[]} | ret=SUCCESS |  
2019-08-20 15:24:03,866 | INFO  | SCMAudit | user=jenkins1000 | ip=192.168.69.96 | op=SEND_HEARTBEAT {datanodeUUID=79059cc4-1000-433d-b8f6-bb136447d900, command=[]} | ret=SUCCESS |  
2019-08-20 15:24:03,880 [main] INFO  ozone.MiniOzoneClusterImpl (MiniOzoneClusterImpl.java:shutdown(321)) - Shutting down the Mini Ozone Cluster
2019-08-20 15:24:03,881 | INFO  | SCMAudit | user=null | ip=null | op=GET_SCM_INFO null | ret=SUCCESS |  
2019-08-20 15:24:03,881 [main] INFO  ozone.MiniOzoneClusterImpl (MiniOzoneClusterImpl.java:stop(336)) - Stopping the Mini Ozone Cluster
2019-08-20 15:24:03,881 [main] INFO  ozone.MiniOzoneClusterImpl (MiniOzoneClusterImpl.java:stop(338)) - Stopping the OzoneManager
2019-08-20 15:24:03,883 [main] INFO  ipc.Server (Server.java:stop(3082)) - Stopping server on 35938
2019-08-20 15:24:03,890 [IPC Server listener on 35938] INFO  ipc.Server (Server.java:run(1185)) - Stopping IPC Server listener on 35938
2019-08-20 15:24:03,892 [main] INFO  ratis.OzoneManagerDoubleBuffer (OzoneManagerDoubleBuffer.java:stop(248)) - Stopping OMDoubleBuffer flush thread
2019-08-20 15:24:03,898 [IPC Server Responder] INFO  ipc.Server (Server.java:run(1319)) - Stopping IPC Server Responder
2019-08-20 15:24:03,900 [OMDoubleBufferFlushThread] INFO  ratis.OzoneManagerDoubleBuffer (OzoneManagerDoubleBuffer.java:flushTransactions(191)) - OMDoubleBuffer flush thread OMDoubleBufferFlushThread is interrupted and will exit. OMDoubleBufferFlushThread
2019-08-20 15:24:03,902 [main] INFO  utils.BackgroundService (BackgroundService.java:shutdown(148)) - Shutting down service KeyDeletingService
2019-08-20 15:24:03,907 [main] INFO  handler.ContextHandler (ContextHandler.java:doStop(910)) - Stopped o.e.j.w.WebAppContext@75495e0f{/,null,UNAVAILABLE}{/ozoneManager}
2019-08-20 15:24:03,908 [Thread-596] INFO  impl.FollowerState (FollowerState.java:run(106)) - 79059cc4-1000-433d-b8f6-bb136447d900:group-836F314DBD82 changes to CANDIDATE, lastRpcTime:5030, electionTimeout:5030ms
2019-08-20 15:24:03,908 [Thread-596] INFO  impl.RoleInfo (RoleInfo.java:shutdownFollowerState(121)) - 79059cc4-1000-433d-b8f6-bb136447d900: shutdown FollowerState
2019-08-20 15:24:03,908 [main] INFO  server.AbstractConnector (AbstractConnector.java:doStop(318)) - Stopped ServerConnector@186c213{HTTP/1.1,[http/1.1]}{0.0.0.0:0}
2019-08-20 15:24:03,908 [Thread-596] INFO  impl.RaftServerImpl (RaftServerImpl.java:setRole(171)) - 79059cc4-1000-433d-b8f6-bb136447d900:group-836F314DBD82 changes role from FOLLOWER to CANDIDATE at term 1 for changeToCandidate
2019-08-20 15:24:03,910 [Thread-596] INFO  impl.RoleInfo (RoleInfo.java:updateAndGet(143)) - 79059cc4-1000-433d-b8f6-bb136447d900: start LeaderElection
2019-08-20 15:24:03,910 [main] INFO  handler.ContextHandler (ContextHandler.java:doStop(910)) - Stopped o.e.j.s.ServletContextHandler@4657e31d{/static,file:///workdir/hadoop-ozone/integration-test/target/test-classes/webapps/static,UNAVAILABLE}
2019-08-20 15:24:03,913 [main] INFO  handler.ContextHandler (ContextHandler.java:doStop(910)) - Stopped o.e.j.s.ServletContextHandler@7c9d687b{/logs,file:///workdir/hadoop-ozone/integration-test/target/log,UNAVAILABLE}
2019-08-20 15:24:03,918 [main] INFO  ozone.MiniOzoneClusterImpl (MiniOzoneClusterImpl.java:stop(344)) - Shutting the HddsDatanodes
2019-08-20 15:24:03,918 [main] INFO  datanode.ObjectStoreHandler (ObjectStoreHandler.java:close(155)) - Closing ObjectStoreHandler.
2019-08-20 15:24:03,918 [ForkJoinPool.commonPool-worker-1] INFO  datanode.ObjectStoreHandler (ObjectStoreHandler.java:close(155)) - Closing ObjectStoreHandler.
2019-08-20 15:24:03,919 [main] INFO  ozone.HddsDatanodeService (HddsDatanodeService.java:stop(451)) - Stopped plug-in org.apache.hadoop.ozone.web.OzoneHddsDatanodeService@6f9e7f5a
2019-08-20 15:24:03,919 [ForkJoinPool.commonPool-worker-1] INFO  ozone.HddsDatanodeService (HddsDatanodeService.java:stop(451)) - Stopped plug-in org.apache.hadoop.ozone.web.OzoneHddsDatanodeService@63c6c2b2
2019-08-20 15:24:03,936 [79059cc4-1000-433d-b8f6-bb136447d900:group-836F314DBD82:LeaderElection15] INFO  impl.LeaderElection (LeaderElection.java:askForVotes(181)) - 79059cc4-1000-433d-b8f6-bb136447d900:group-836F314DBD82:LeaderElection15: begin an election at term 2 for 0: [79059cc4-1000-433d-b8f6-bb136447d900:192.168.69.96:42288], old=null
2019-08-20 15:24:03,936 [79059cc4-1000-433d-b8f6-bb136447d900:group-836F314DBD82:LeaderElection15] INFO  impl.RoleInfo (RoleInfo.java:shutdownLeaderElection(134)) - 79059cc4-1000-433d-b8f6-bb136447d900: shutdown LeaderElection
2019-08-20 15:24:03,936 [79059cc4-1000-433d-b8f6-bb136447d900:group-836F314DBD82:LeaderElection15] INFO  impl.RaftServerImpl (RaftServerImpl.java:setRole(171)) - 79059cc4-1000-433d-b8f6-bb136447d900:group-836F314DBD82 changes role from CANDIDATE to LEADER at term 2 for changeToLeader
2019-08-20 15:24:03,936 [79059cc4-1000-433d-b8f6-bb136447d900:group-836F314DBD82:LeaderElection15] INFO  impl.RaftServerImpl (ServerState.java:setLeader(263)) - 79059cc4-1000-433d-b8f6-bb136447d900:group-836F314DBD82 change Leader from null to 79059cc4-1000-433d-b8f6-bb136447d900 at term 2 for becomeLeader, leader elected after 7268ms
2019-08-20 15:24:03,936 [79059cc4-1000-433d-b8f6-bb136447d900:group-836F314DBD82:LeaderElection15] INFO  server.RaftServerConfigKeys (ConfUtils.java:logGet(43)) - raft.server.staging.catchup.gap = 1000 (default)
2019-08-20 15:24:03,937 [79059cc4-1000-433d-b8f6-bb136447d900:group-836F314DBD82:LeaderElection15] INFO  server.RaftServerConfigKeys (ConfUtils.java:logGet(43)) - raft.server.rpc.sleep.time = 25ms (default)
2019-08-20 15:24:03,937 [79059cc4-1000-433d-b8f6-bb136447d900:group-836F314DBD82:LeaderElection15] INFO  server.RaftServerConfigKeys (ConfUtils.java:logGet(43)) - raft.server.write.element-limit = 4096 (default)
2019-08-20 15:24:03,937 [79059cc4-1000-433d-b8f6-bb136447d900:group-836F314DBD82:LeaderElection15] INFO  server.RaftServerConfigKeys (ConfUtils.java:logGet(43)) - raft.server.watch.timeout = 10s (default)
2019-08-20 15:24:03,937 [79059cc4-1000-433d-b8f6-bb136447d900:group-836F314DBD82:LeaderElection15] INFO  server.RaftServerConfigKeys (ConfUtils.java:logGet(43)) - raft.server.watch.timeout.denomination = 1s (default)
2019-08-20 15:24:03,937 [79059cc4-1000-433d-b8f6-bb136447d900:group-836F314DBD82:LeaderElection15] INFO  server.RaftServerConfigKeys (ConfUtils.java:logGet(43)) - raft.server.watch.element-limit = 65536 (default)
2019-08-20 15:24:03,938 [79059cc4-1000-433d-b8f6-bb136447d900:group-836F314DBD82:LeaderElection15] INFO  impl.RoleInfo (RoleInfo.java:updateAndGet(143)) - 79059cc4-1000-433d-b8f6-bb136447d900: start LeaderState
2019-08-20 15:24:03,938 [79059cc4-1000-433d-b8f6-bb136447d900:group-836F314DBD82:LeaderElection15] INFO  segmented.SegmentedRaftLogWorker (SegmentedRaftLogWorker.java:rollLogSegment(385)) - 79059cc4-1000-433d-b8f6-bb136447d900-SegmentedRaftLogWorker:Storage Directory /workdir/hadoop-ozone/integration-test/target/test-dir/MiniOzoneClusterImpl-985c7318-59c1-459c-b117-5bea8fb64214/datanode-0/data/ratis/27f46263-6e81-489c-9f6e-836f314dbd82: Rolling segment log-0_0 to index:0
2019-08-20 15:24:03,942 [79059cc4-1000-433d-b8f6-bb136447d900-SegmentedRaftLogWorker:Storage Directory /workdir/hadoop-ozone/integration-test/target/test-dir/MiniOzoneClusterImpl-985c7318-59c1-459c-b117-5bea8fb64214/datanode-0/data/ratis/27f46263-6e81-489c-9f6e-836f314dbd82] INFO  segmented.SegmentedRaftLogWorker (SegmentedRaftLogWorker.java:execute(526)) - 79059cc4-1000-433d-b8f6-bb136447d900-SegmentedRaftLogWorker:Storage Directory /workdir/hadoop-ozone/integration-test/target/test-dir/MiniOzoneClusterImpl-985c7318-59c1-459c-b117-5bea8fb64214/datanode-0/data/ratis/27f46263-6e81-489c-9f6e-836f314dbd82: Rolled log segment from /workdir/hadoop-ozone/integration-test/target/test-dir/MiniOzoneClusterImpl-985c7318-59c1-459c-b117-5bea8fb64214/datanode-0/data/ratis/27f46263-6e81-489c-9f6e-836f314dbd82/current/log_inprogress_0 to /workdir/hadoop-ozone/integration-test/target/test-dir/MiniOzoneClusterImpl-985c7318-59c1-459c-b117-5bea8fb64214/datanode-0/data/ratis/27f46263-6e81-489c-9f6e-836f314dbd82/current/log_0-0
2019-08-20 15:24:03,945 [79059cc4-1000-433d-b8f6-bb136447d900:group-836F314DBD82:LeaderElection15] INFO  impl.RaftServerImpl (ServerState.java:setRaftConf(361)) - 79059cc4-1000-433d-b8f6-bb136447d900:group-836F314DBD82 set configuration 1: [79059cc4-1000-433d-b8f6-bb136447d900:192.168.69.96:42288], old=null at 1
2019-08-20 15:24:03,992 [79059cc4-1000-433d-b8f6-bb136447d900-SegmentedRaftLogWorker:Storage Directory /workdir/hadoop-ozone/integration-test/target/test-dir/MiniOzoneClusterImpl-985c7318-59c1-459c-b117-5bea8fb64214/datanode-0/data/ratis/27f46263-6e81-489c-9f6e-836f314dbd82] INFO  segmented.SegmentedRaftLogWorker (SegmentedRaftLogWorker.java:execute(569)) - 79059cc4-1000-433d-b8f6-bb136447d900-SegmentedRaftLogWorker:Storage Directory /workdir/hadoop-ozone/integration-test/target/test-dir/MiniOzoneClusterImpl-985c7318-59c1-459c-b117-5bea8fb64214/datanode-0/data/ratis/27f46263-6e81-489c-9f6e-836f314dbd82: created new log segment /workdir/hadoop-ozone/integration-test/target/test-dir/MiniOzoneClusterImpl-985c7318-59c1-459c-b117-5bea8fb64214/datanode-0/data/ratis/27f46263-6e81-489c-9f6e-836f314dbd82/current/log_inprogress_1
2019-08-20 15:24:04,132 [Datanode State Machine Thread - 0] INFO  statemachine.DatanodeStateMachine (DatanodeStateMachine.java:lambda$startDaemon$0(350)) - Ozone container server started.
2019-08-20 15:24:04,280 [Thread-598] INFO  impl.FollowerState (FollowerState.java:run(106)) - 1ab56027-920f-45ef-b012-dea18e451f4d:group-EDBE92749861 changes to CANDIDATE, lastRpcTime:5135, electionTimeout:5135ms
2019-08-20 15:24:04,280 [Thread-598] INFO  impl.RoleInfo (RoleInfo.java:shutdownFollowerState(121)) - 1ab56027-920f-45ef-b012-dea18e451f4d: shutdown FollowerState
2019-08-20 15:24:04,281 [Thread-598] INFO  impl.RaftServerImpl (RaftServerImpl.java:setRole(171)) - 1ab56027-920f-45ef-b012-dea18e451f4d:group-EDBE92749861 changes role from FOLLOWER to CANDIDATE at term 1 for changeToCandidate
2019-08-20 15:24:04,281 [Thread-598] INFO  impl.RoleInfo (RoleInfo.java:updateAndGet(143)) - 1ab56027-920f-45ef-b012-dea18e451f4d: start LeaderElection
2019-08-20 15:24:04,289 [1ab56027-920f-45ef-b012-dea18e451f4d:group-EDBE92749861:LeaderElection16] INFO  impl.LeaderElection (LeaderElection.java:askForVotes(181)) - 1ab56027-920f-45ef-b012-dea18e451f4d:group-EDBE92749861:LeaderElection16: begin an election at term 2 for 0: [1ab56027-920f-45ef-b012-dea18e451f4d:192.168.69.96:41729], old=null
2019-08-20 15:24:04,289 [1ab56027-920f-45ef-b012-dea18e451f4d:group-EDBE92749861:LeaderElection16] INFO  impl.RoleInfo (RoleInfo.java:shutdownLeaderElection(134)) - 1ab56027-920f-45ef-b012-dea18e451f4d: shutdown LeaderElection
2019-08-20 15:24:04,289 [1ab56027-920f-45ef-b012-dea18e451f4d:group-EDBE92749861:LeaderElection16] INFO  impl.RaftServerImpl (RaftServerImpl.java:setRole(171)) - 1ab56027-920f-45ef-b012-dea18e451f4d:group-EDBE92749861 changes role from CANDIDATE to LEADER at term 2 for changeToLeader
2019-08-20 15:24:04,290 [1ab56027-920f-45ef-b012-dea18e451f4d:group-EDBE92749861:LeaderElection16] INFO  impl.RaftServerImpl (ServerState.java:setLeader(263)) - 1ab56027-920f-45ef-b012-dea18e451f4d:group-EDBE92749861 change Leader from null to 1ab56027-920f-45ef-b012-dea18e451f4d at term 2 for becomeLeader, leader elected after 7371ms
2019-08-20 15:24:04,290 [1ab56027-920f-45ef-b012-dea18e451f4d:group-EDBE92749861:LeaderElection16] INFO  server.RaftServerConfigKeys (ConfUtils.java:logGet(43)) - raft.server.staging.catchup.gap = 1000 (default)
2019-08-20 15:24:04,290 [1ab56027-920f-45ef-b012-dea18e451f4d:group-EDBE92749861:LeaderElection16] INFO  server.RaftServerConfigKeys (ConfUtils.java:logGet(43)) - raft.server.rpc.sleep.time = 25ms (default)
2019-08-20 15:24:04,290 [1ab56027-920f-45ef-b012-dea18e451f4d:group-EDBE92749861:LeaderElection16] INFO  server.RaftServerConfigKeys (ConfUtils.java:logGet(43)) - raft.server.write.element-limit = 4096 (default)
2019-08-20 15:24:04,290 [1ab56027-920f-45ef-b012-dea18e451f4d:group-EDBE92749861:LeaderElection16] INFO  server.RaftServerConfigKeys (ConfUtils.java:logGet(43)) - raft.server.watch.timeout = 10s (default)
2019-08-20 15:24:04,291 [1ab56027-920f-45ef-b012-dea18e451f4d:group-EDBE92749861:LeaderElection16] INFO  server.RaftServerConfigKeys (ConfUtils.java:logGet(43)) - raft.server.watch.timeout.denomination = 1s (default)
2019-08-20 15:24:04,291 [1ab56027-920f-45ef-b012-dea18e451f4d:group-EDBE92749861:LeaderElection16] INFO  server.RaftServerConfigKeys (ConfUtils.java:logGet(43)) - raft.server.watch.element-limit = 65536 (default)
2019-08-20 15:24:04,291 [1ab56027-920f-45ef-b012-dea18e451f4d:group-EDBE92749861:LeaderElection16] INFO  impl.RoleInfo (RoleInfo.java:updateAndGet(143)) - 1ab56027-920f-45ef-b012-dea18e451f4d: start LeaderState
2019-08-20 15:24:04,291 [1ab56027-920f-45ef-b012-dea18e451f4d:group-EDBE92749861:LeaderElection16] INFO  segmented.SegmentedRaftLogWorker (SegmentedRaftLogWorker.java:rollLogSegment(385)) - 1ab56027-920f-45ef-b012-dea18e451f4d-SegmentedRaftLogWorker:Storage Directory /workdir/hadoop-ozone/integration-test/target/test-dir/MiniOzoneClusterImpl-985c7318-59c1-459c-b117-5bea8fb64214/datanode-1/data/ratis/45e96493-582c-4a01-af48-edbe92749861: Rolling segment log-0_0 to index:0
2019-08-20 15:24:04,293 [1ab56027-920f-45ef-b012-dea18e451f4d:group-EDBE92749861:LeaderElection16] INFO  impl.RaftServerImpl (ServerState.java:setRaftConf(361)) - 1ab56027-920f-45ef-b012-dea18e451f4d:group-EDBE92749861 set configuration 1: [1ab56027-920f-45ef-b012-dea18e451f4d:192.168.69.96:41729], old=null at 1
2019-08-20 15:24:04,293 [1ab56027-920f-45ef-b012-dea18e451f4d-SegmentedRaftLogWorker:Storage Directory /workdir/hadoop-ozone/integration-test/target/test-dir/MiniOzoneClusterImpl-985c7318-59c1-459c-b117-5bea8fb64214/datanode-1/data/ratis/45e96493-582c-4a01-af48-edbe92749861] INFO  segmented.SegmentedRaftLogWorker (SegmentedRaftLogWorker.java:execute(526)) - 1ab56027-920f-45ef-b012-dea18e451f4d-SegmentedRaftLogWorker:Storage Directory /workdir/hadoop-ozone/integration-test/target/test-dir/MiniOzoneClusterImpl-985c7318-59c1-459c-b117-5bea8fb64214/datanode-1/data/ratis/45e96493-582c-4a01-af48-edbe92749861: Rolled log segment from /workdir/hadoop-ozone/integration-test/target/test-dir/MiniOzoneClusterImpl-985c7318-59c1-459c-b117-5bea8fb64214/datanode-1/data/ratis/45e96493-582c-4a01-af48-edbe92749861/current/log_inprogress_0 to /workdir/hadoop-ozone/integration-test/target/test-dir/MiniOzoneClusterImpl-985c7318-59c1-459c-b117-5bea8fb64214/datanode-1/data/ratis/45e96493-582c-4a01-af48-edbe92749861/current/log_0-0
2019-08-20 15:24:04,336 [1ab56027-920f-45ef-b012-dea18e451f4d-SegmentedRaftLogWorker:Storage Directory /workdir/hadoop-ozone/integration-test/target/test-dir/MiniOzoneClusterImpl-985c7318-59c1-459c-b117-5bea8fb64214/datanode-1/data/ratis/45e96493-582c-4a01-af48-edbe92749861] INFO  segmented.SegmentedRaftLogWorker (SegmentedRaftLogWorker.java:execute(569)) - 1ab56027-920f-45ef-b012-dea18e451f4d-SegmentedRaftLogWorker:Storage Directory /workdir/hadoop-ozone/integration-test/target/test-dir/MiniOzoneClusterImpl-985c7318-59c1-459c-b117-5bea8fb64214/datanode-1/data/ratis/45e96493-582c-4a01-af48-edbe92749861: created new log segment /workdir/hadoop-ozone/integration-test/target/test-dir/MiniOzoneClusterImpl-985c7318-59c1-459c-b117-5bea8fb64214/datanode-1/data/ratis/45e96493-582c-4a01-af48-edbe92749861/current/log_inprogress_1
2019-08-20 15:24:04,364 [grpc-default-executor-0] INFO  impl.RaftServerProxy (RaftServerProxy.java:addNew(89)) - 3ba89adc-d403-4b9d-8267-150dfa29993f: addNew group-4E47094609DE:[3ba89adc-d403-4b9d-8267-150dfa29993f:192.168.69.96:41312] returns group-4E47094609DE:java.util.concurrent.CompletableFuture@488a6df8[Not completed]
2019-08-20 15:24:04,365 [pool-170-thread-1] INFO  impl.RaftServerImpl (RaftServerImpl.java:<init>(93)) - 3ba89adc-d403-4b9d-8267-150dfa29993f: new RaftServerImpl for group-4E47094609DE:[3ba89adc-d403-4b9d-8267-150dfa29993f:192.168.69.96:41312] with ContainerStateMachine:uninitialized
2019-08-20 15:24:04,366 [pool-170-thread-1] INFO  server.RaftServerConfigKeys (ConfUtils.java:logGet(43)) - raft.server.rpc.timeout.min = 5s (custom)
2019-08-20 15:24:04,366 [pool-170-thread-1] INFO  server.RaftServerConfigKeys (ConfUtils.java:logGet(43)) - raft.server.rpc.timeout.max = 5200ms (custom)
2019-08-20 15:24:04,366 [pool-170-thread-1] INFO  server.RaftServerConfigKeys (ConfUtils.java:logGet(43)) - raft.server.rpcslowness.timeout = 120s (custom)
2019-08-20 15:24:04,366 [pool-170-thread-1] INFO  server.RaftServerConfigKeys (ConfUtils.java:logGet(43)) - raft.server.sleep.deviation.threshold = 300 (default)
2019-08-20 15:24:04,366 [pool-170-thread-1] INFO  server.RaftServerConfigKeys (ConfUtils.java:logGet(43)) - raft.server.log.appender.install.snapshot.enabled = false (custom)
2019-08-20 15:24:04,366 [pool-170-thread-1] INFO  impl.RaftServerImpl (ServerState.java:<init>(105)) - 3ba89adc-d403-4b9d-8267-150dfa29993f:group-4E47094609DE ConfigurationManager, init=-1: [3ba89adc-d403-4b9d-8267-150dfa29993f:192.168.69.96:41312], old=null, confs=<EMPTY_MAP>
2019-08-20 15:24:04,367 [pool-170-thread-1] INFO  server.RaftServerConfigKeys (ConfUtils.java:logGet(43)) - raft.server.storage.dir = [/workdir/hadoop-ozone/integration-test/target/test-dir/MiniOzoneClusterImpl-985c7318-59c1-459c-b117-5bea8fb64214/datanode-2/data/ratis] (custom)
2019-08-20 15:24:04,367 [pool-170-thread-1] INFO  storage.RaftStorageDirectory (RaftStorageDirectory.java:analyzeStorage(246)) - The storage directory /workdir/hadoop-ozone/integration-test/target/test-dir/MiniOzoneClusterImpl-985c7318-59c1-459c-b117-5bea8fb64214/datanode-2/data/ratis/edbbc7ab-63e9-47fc-9025-4e47094609de does not exist. Creating ...
2019-08-20 15:24:04,377 [pool-170-thread-1] INFO  storage.RaftStorageDirectory (RaftStorageDirectory.java:tryLock(328)) - Lock on /workdir/hadoop-ozone/integration-test/target/test-dir/MiniOzoneClusterImpl-985c7318-59c1-459c-b117-5bea8fb64214/datanode-2/data/ratis/edbbc7ab-63e9-47fc-9025-4e47094609de/in_use.lock acquired by nodename 21129@pr-hdds-1946lgncr-3764977478
2019-08-20 15:24:04,390 [pool-170-thread-1] INFO  storage.RaftStorage (RaftStorage.java:format(72)) - Storage directory /workdir/hadoop-ozone/integration-test/target/test-dir/MiniOzoneClusterImpl-985c7318-59c1-459c-b117-5bea8fb64214/datanode-2/data/ratis/edbbc7ab-63e9-47fc-9025-4e47094609de has been successfully formatted.
2019-08-20 15:24:04,391 [pool-170-thread-1] INFO  ratis.ContainerStateMachine (ContainerStateMachine.java:loadSnapshot(222)) - group-4E47094609DE: The snapshot info is null. Setting the last applied indexto:(t:0, i:~)
2019-08-20 15:24:04,391 [pool-170-thread-1] INFO  server.RaftServerConfigKeys (ConfUtils.java:logGet(43)) - raft.server.leader.election.timeout = 120s (custom)
2019-08-20 15:24:04,391 [pool-170-thread-1] INFO  server.RaftServerConfigKeys (ConfUtils.java:logGet(43)) - raft.server.log.use.memory = false (default)
2019-08-20 15:24:04,391 [pool-170-thread-1] INFO  server.RaftServerConfigKeys (ConfUtils.java:logGet(43)) - raft.server.log.purge.gap = 1000000 (custom)
2019-08-20 15:24:04,391 [pool-170-thread-1] INFO  server.RaftServerConfigKeys (ConfUtils.java:logGet(43)) - raft.server.log.appender.buffer.byte-limit = 33554432 (custom)
2019-08-20 15:24:04,392 [pool-170-thread-1] INFO  server.RaftServerConfigKeys (ConfUtils.java:logGet(43)) - raft.server.log.segment.size.max = 1048576 (custom)
2019-08-20 15:24:04,392 [pool-170-thread-1] INFO  server.RaftServerConfigKeys (ConfUtils.java:logGet(43)) - raft.server.log.segment.cache.num.max = 2 (custom)
2019-08-20 15:24:04,392 [pool-170-thread-1] INFO  segmented.SegmentedRaftLogWorker (SegmentedRaftLogWorker.java:<init>(172)) - new 3ba89adc-d403-4b9d-8267-150dfa29993f-SegmentedRaftLogWorker:Storage Directory /workdir/hadoop-ozone/integration-test/target/test-dir/MiniOzoneClusterImpl-985c7318-59c1-459c-b117-5bea8fb64214/datanode-2/data/ratis/edbbc7ab-63e9-47fc-9025-4e47094609de for RaftStorage:Storage Directory /workdir/hadoop-ozone/integration-test/target/test-dir/MiniOzoneClusterImpl-985c7318-59c1-459c-b117-5bea8fb64214/datanode-2/data/ratis/edbbc7ab-63e9-47fc-9025-4e47094609de
2019-08-20 15:24:04,392 [pool-170-thread-1] INFO  server.RaftServerConfigKeys (ConfUtils.java:logGet(43)) - raft.server.log.queue.byte-limit = 2147483647 (custom)
2019-08-20 15:24:04,392 [pool-170-thread-1] INFO  server.RaftServerConfigKeys (ConfUtils.java:logGet(43)) - raft.server.log.queue.element-limit = 1024 (custom)
2019-08-20 15:24:04,392 [pool-170-thread-1] INFO  server.RaftServerConfigKeys (ConfUtils.java:logGet(43)) - raft.server.log.segment.size.max = 1048576 (custom)
2019-08-20 15:24:04,393 [pool-170-thread-1] INFO  server.RaftServerConfigKeys (ConfUtils.java:logGet(43)) - raft.server.log.preallocated.size = 16384 (custom)
2019-08-20 15:24:04,393 [pool-170-thread-1] INFO  server.RaftServerConfigKeys (ConfUtils.java:logGet(43)) - raft.server.log.write.buffer.size = 33554432 (custom)
2019-08-20 15:24:04,393 [pool-170-thread-1] INFO  server.RaftServerConfigKeys (ConfUtils.java:logGet(43)) - raft.server.log.force.sync.num = 128 (default)
2019-08-20 15:24:04,393 [pool-170-thread-1] INFO  server.RaftServerConfigKeys (ConfUtils.java:logGet(43)) - raft.server.log.statemachine.data.sync = true (default)
2019-08-20 15:24:04,393 [pool-170-thread-1] INFO  server.RaftServerConfigKeys (ConfUtils.java:logGet(43)) - raft.server.log.statemachine.data.sync.timeout = 10s (default)
2019-08-20 15:24:04,393 [pool-170-thread-1] INFO  server.RaftServerConfigKeys (ConfUtils.java:logGet(43)) - raft.server.log.statemachine.data.sync.timeout.retry = -1 (default)
2019-08-20 15:24:04,394 [pool-170-thread-1] INFO  server.RaftServerConfigKeys (ConfUtils.java:logGet(43)) - raft.server.log.statemachine.data.caching.enabled = true (custom)
2019-08-20 15:24:04,394 [pool-170-thread-1] INFO  segmented.SegmentedRaftLogWorker (SegmentedRaftLogWorker.java:lambda$new$0(132)) - 3ba89adc-d403-4b9d-8267-150dfa29993f-SegmentedRaftLogWorker:Storage Directory /workdir/hadoop-ozone/integration-test/target/test-dir/MiniOzoneClusterImpl-985c7318-59c1-459c-b117-5bea8fb64214/datanode-2/data/ratis/edbbc7ab-63e9-47fc-9025-4e47094609de: flushIndex: setUnconditionally 0 -> -1
2019-08-20 15:24:04,394 [pool-170-thread-1] INFO  server.RaftServerConfigKeys (ConfUtils.java:logGet(43)) - raft.server.snapshot.auto.trigger.enabled = true (custom)
2019-08-20 15:24:04,395 [pool-170-thread-1] INFO  server.RaftServerConfigKeys (ConfUtils.java:logGet(43)) - raft.server.snapshot.auto.trigger.threshold = 10000 (custom)
2019-08-20 15:24:04,395 [pool-170-thread-1] INFO  server.RaftServerConfigKeys (ConfUtils.java:logGet(43)) - raft.server.retrycache.expirytime = 600000ms (custom)
2019-08-20 15:24:04,395 [pool-170-thread-1] INFO  impl.RaftServerImpl (RaftServerImpl.java:start(180)) - 3ba89adc-d403-4b9d-8267-150dfa29993f: start group-4E47094609DE
2019-08-20 15:24:04,395 [pool-170-thread-1] INFO  impl.RaftServerImpl (RaftServerImpl.java:setRole(171)) - 3ba89adc-d403-4b9d-8267-150dfa29993f:group-4E47094609DE changes role from null to FOLLOWER at term 0 for startAsFollower
2019-08-20 15:24:04,395 [pool-170-thread-1] INFO  impl.RoleInfo (RoleInfo.java:updateAndGet(143)) - 3ba89adc-d403-4b9d-8267-150dfa29993f: start FollowerState
2019-08-20 15:24:04,396 [pool-170-thread-1] INFO  util.JmxRegister (JmxRegister.java:tryRegister(44)) - Successfully registered JMX Bean with object name Ratis:service=RaftServer,group=group-4E47094609DE,id=3ba89adc-d403-4b9d-8267-150dfa29993f
2019-08-20 15:24:04,400 [RatisPipelineUtilsThread] INFO  pipeline.PipelineStateManager (PipelineStateManager.java:addPipeline(56)) - Created pipeline Pipeline[ Id: edbbc7ab-63e9-47fc-9025-4e47094609de, Nodes: 3ba89adc-d403-4b9d-8267-150dfa29993f{ip: 192.168.69.96, host: pr-hdds-1946lgncr-3764977478, networkLocation: /default-rack, certSerialId: null}, Type:RATIS, Factor:ONE, State:OPEN]
2019-08-20 15:24:04,412 [grpc-default-executor-1] INFO  impl.RaftServerProxy (RaftServerProxy.java:addNew(89)) - 1ab56027-920f-45ef-b012-dea18e451f4d: addNew group-9C14A02FC851:[1ab56027-920f-45ef-b012-dea18e451f4d:192.168.69.96:41729, 79059cc4-1000-433d-b8f6-bb136447d900:192.168.69.96:42288, 3ba89adc-d403-4b9d-8267-150dfa29993f:192.168.69.96:41312] returns group-9C14A02FC851:java.util.concurrent.CompletableFuture@631dfb7a[Not completed]
2019-08-20 15:24:04,412 [grpc-default-executor-2] INFO  impl.RaftServerProxy (RaftServerProxy.java:addNew(89)) - 79059cc4-1000-433d-b8f6-bb136447d900: addNew group-9C14A02FC851:[1ab56027-920f-45ef-b012-dea18e451f4d:192.168.69.96:41729, 79059cc4-1000-433d-b8f6-bb136447d900:192.168.69.96:42288, 3ba89adc-d403-4b9d-8267-150dfa29993f:192.168.69.96:41312] returns group-9C14A02FC851:java.util.concurrent.CompletableFuture@5aae4387[Not completed]
2019-08-20 15:24:04,414 [grpc-default-executor-0] INFO  impl.RaftServerProxy (RaftServerProxy.java:addNew(89)) - 3ba89adc-d403-4b9d-8267-150dfa29993f: addNew group-9C14A02FC851:[1ab56027-920f-45ef-b012-dea18e451f4d:192.168.69.96:41729, 79059cc4-1000-433d-b8f6-bb136447d900:192.168.69.96:42288, 3ba89adc-d403-4b9d-8267-150dfa29993f:192.168.69.96:41312] returns group-9C14A02FC851:java.util.concurrent.CompletableFuture@29eed435[Not completed]
2019-08-20 15:24:04,414 [pool-159-thread-1] INFO  impl.RaftServerImpl (RaftServerImpl.java:<init>(93)) - 1ab56027-920f-45ef-b012-dea18e451f4d: new RaftServerImpl for group-9C14A02FC851:[1ab56027-920f-45ef-b012-dea18e451f4d:192.168.69.96:41729, 79059cc4-1000-433d-b8f6-bb136447d900:192.168.69.96:42288, 3ba89adc-d403-4b9d-8267-150dfa29993f:192.168.69.96:41312] with ContainerStateMachine:uninitialized
2019-08-20 15:24:04,414 [pool-159-thread-1] INFO  server.RaftServerConfigKeys (ConfUtils.java:logGet(43)) - raft.server.rpc.timeout.min = 5s (custom)
2019-08-20 15:24:04,415 [pool-159-thread-1] INFO  server.RaftServerConfigKeys (ConfUtils.java:logGet(43)) - raft.server.rpc.timeout.max = 5200ms (custom)
2019-08-20 15:24:04,415 [pool-159-thread-1] INFO  server.RaftServerConfigKeys (ConfUtils.java:logGet(43)) - raft.server.rpcslowness.timeout = 120s (custom)
2019-08-20 15:24:04,415 [pool-159-thread-1] INFO  server.RaftServerConfigKeys (ConfUtils.java:logGet(43)) - raft.server.sleep.deviation.threshold = 300 (default)
2019-08-20 15:24:04,415 [pool-159-thread-1] INFO  server.RaftServerConfigKeys (ConfUtils.java:logGet(43)) - raft.server.log.appender.install.snapshot.enabled = false (custom)
2019-08-20 15:24:04,415 [pool-159-thread-1] INFO  impl.RaftServerImpl (ServerState.java:<init>(105)) - 1ab56027-920f-45ef-b012-dea18e451f4d:group-9C14A02FC851 ConfigurationManager, init=-1: [1ab56027-920f-45ef-b012-dea18e451f4d:192.168.69.96:41729, 79059cc4-1000-433d-b8f6-bb136447d900:192.168.69.96:42288, 3ba89adc-d403-4b9d-8267-150dfa29993f:192.168.69.96:41312], old=null, confs=<EMPTY_MAP>
2019-08-20 15:24:04,415 [pool-148-thread-1] INFO  impl.RaftServerImpl (RaftServerImpl.java:<init>(93)) - 79059cc4-1000-433d-b8f6-bb136447d900: new RaftServerImpl for group-9C14A02FC851:[1ab56027-920f-45ef-b012-dea18e451f4d:192.168.69.96:41729, 79059cc4-1000-433d-b8f6-bb136447d900:192.168.69.96:42288, 3ba89adc-d403-4b9d-8267-150dfa29993f:192.168.69.96:41312] with ContainerStateMachine:uninitialized
2019-08-20 15:24:04,415 [pool-159-thread-1] INFO  server.RaftServerConfigKeys (ConfUtils.java:logGet(43)) - raft.server.storage.dir = [/workdir/hadoop-ozone/integration-test/target/test-dir/MiniOzoneClusterImpl-985c7318-59c1-459c-b117-5bea8fb64214/datanode-1/data/ratis] (custom)
2019-08-20 15:24:04,415 [pool-148-thread-1] INFO  server.RaftServerConfigKeys (ConfUtils.java:logGet(43)) - raft.server.rpc.timeout.min = 5s (custom)
2019-08-20 15:24:04,415 [pool-148-thread-1] INFO  server.RaftServerConfigKeys (ConfUtils.java:logGet(43)) - raft.server.rpc.timeout.max = 5200ms (custom)
2019-08-20 15:24:04,415 [pool-159-thread-1] INFO  storage.RaftStorageDirectory (RaftStorageDirectory.java:analyzeStorage(246)) - The storage directory /workdir/hadoop-ozone/integration-test/target/test-dir/MiniOzoneClusterImpl-985c7318-59c1-459c-b117-5bea8fb64214/datanode-1/data/ratis/d9641287-7d01-4f26-ab4d-9c14a02fc851 does not exist. Creating ...
2019-08-20 15:24:04,416 [pool-148-thread-1] INFO  server.RaftServerConfigKeys (ConfUtils.java:logGet(43)) - raft.server.rpcslowness.timeout = 120s (custom)
2019-08-20 15:24:04,416 [pool-170-thread-1] INFO  impl.RaftServerImpl (RaftServerImpl.java:<init>(93)) - 3ba89adc-d403-4b9d-8267-150dfa29993f: new RaftServerImpl for group-9C14A02FC851:[1ab56027-920f-45ef-b012-dea18e451f4d:192.168.69.96:41729, 79059cc4-1000-433d-b8f6-bb136447d900:192.168.69.96:42288, 3ba89adc-d403-4b9d-8267-150dfa29993f:192.168.69.96:41312] with ContainerStateMachine:uninitialized
2019-08-20 15:24:04,416 [pool-148-thread-1] INFO  server.RaftServerConfigKeys (ConfUtils.java:logGet(43)) - raft.server.sleep.deviation.threshold = 300 (default)
2019-08-20 15:24:04,416 [pool-170-thread-1] INFO  server.RaftServerConfigKeys (ConfUtils.java:logGet(43)) - raft.server.rpc.timeout.min = 5s (custom)
2019-08-20 15:24:04,416 [pool-148-thread-1] INFO  server.RaftServerConfigKeys (ConfUtils.java:logGet(43)) - raft.server.log.appender.install.snapshot.enabled = false (custom)
2019-08-20 15:24:04,416 [pool-170-thread-1] INFO  server.RaftServerConfigKeys (ConfUtils.java:logGet(43)) - raft.server.rpc.timeout.max = 5200ms (custom)
2019-08-20 15:24:04,416 [pool-148-thread-1] INFO  impl.RaftServerImpl (ServerState.java:<init>(105)) - 79059cc4-1000-433d-b8f6-bb136447d900:group-9C14A02FC851 ConfigurationManager, init=-1: [1ab56027-920f-45ef-b012-dea18e451f4d:192.168.69.96:41729, 79059cc4-1000-433d-b8f6-bb136447d900:192.168.69.96:42288, 3ba89adc-d403-4b9d-8267-150dfa29993f:192.168.69.96:41312], old=null, confs=<EMPTY_MAP>
2019-08-20 15:24:04,417 [pool-170-thread-1] INFO  server.RaftServerConfigKeys (ConfUtils.java:logGet(43)) - raft.server.rpcslowness.timeout = 120s (custom)
2019-08-20 15:24:04,417 [pool-148-thread-1] INFO  server.RaftServerConfigKeys (ConfUtils.java:logGet(43)) - raft.server.storage.dir = [/workdir/hadoop-ozone/integration-test/target/test-dir/MiniOzoneClusterImpl-985c7318-59c1-459c-b117-5bea8fb64214/datanode-0/data/ratis] (custom)
2019-08-20 15:24:04,417 [pool-170-thread-1] INFO  server.RaftServerConfigKeys (ConfUtils.java:logGet(43)) - raft.server.sleep.deviation.threshold = 300 (default)
2019-08-20 15:24:04,417 [pool-170-thread-1] INFO  server.RaftServerConfigKeys (ConfUtils.java:logGet(43)) - raft.server.log.appender.install.snapshot.enabled = false (custom)
2019-08-20 15:24:04,417 [pool-170-thread-1] INFO  impl.RaftServerImpl (ServerState.java:<init>(105)) - 3ba89adc-d403-4b9d-8267-150dfa29993f:group-9C14A02FC851 ConfigurationManager, init=-1: [1ab56027-920f-45ef-b012-dea18e451f4d:192.168.69.96:41729, 79059cc4-1000-433d-b8f6-bb136447d900:192.168.69.96:42288, 3ba89adc-d403-4b9d-8267-150dfa29993f:192.168.69.96:41312], old=null, confs=<EMPTY_MAP>
2019-08-20 15:24:04,417 [pool-148-thread-1] INFO  storage.RaftStorageDirectory (RaftStorageDirectory.java:analyzeStorage(246)) - The storage directory /workdir/hadoop-ozone/integration-test/target/test-dir/MiniOzoneClusterImpl-985c7318-59c1-459c-b117-5bea8fb64214/datanode-0/data/ratis/d9641287-7d01-4f26-ab4d-9c14a02fc851 does not exist. Creating ...
2019-08-20 15:24:04,417 [pool-170-thread-1] INFO  server.RaftServerConfigKeys (ConfUtils.java:logGet(43)) - raft.server.storage.dir = [/workdir/hadoop-ozone/integration-test/target/test-dir/MiniOzoneClusterImpl-985c7318-59c1-459c-b117-5bea8fb64214/datanode-2/data/ratis] (custom)
2019-08-20 15:24:04,418 [pool-159-thread-1] INFO  storage.RaftStorageDirectory (RaftStorageDirectory.java:tryLock(328)) - Lock on /workdir/hadoop-ozone/integration-test/target/test-dir/MiniOzoneClusterImpl-985c7318-59c1-459c-b117-5bea8fb64214/datanode-1/data/ratis/d9641287-7d01-4f26-ab4d-9c14a02fc851/in_use.lock acquired by nodename 21129@pr-hdds-1946lgncr-3764977478
2019-08-20 15:24:04,418 [pool-170-thread-1] INFO  storage.RaftStorageDirectory (RaftStorageDirectory.java:analyzeStorage(246)) - The storage directory /workdir/hadoop-ozone/integration-test/target/test-dir/MiniOzoneClusterImpl-985c7318-59c1-459c-b117-5bea8fb64214/datanode-2/data/ratis/d9641287-7d01-4f26-ab4d-9c14a02fc851 does not exist. Creating ...
2019-08-20 15:24:04,420 [pool-148-thread-1] INFO  storage.RaftStorageDirectory (RaftStorageDirectory.java:tryLock(328)) - Lock on /workdir/hadoop-ozone/integration-test/target/test-dir/MiniOzoneClusterImpl-985c7318-59c1-459c-b117-5bea8fb64214/datanode-0/data/ratis/d9641287-7d01-4f26-ab4d-9c14a02fc851/in_use.lock acquired by nodename 21129@pr-hdds-1946lgncr-3764977478
2019-08-20 15:24:04,424 [pool-170-thread-1] INFO  storage.RaftStorageDirectory (RaftStorageDirectory.java:tryLock(328)) - Lock on /workdir/hadoop-ozone/integration-test/target/test-dir/MiniOzoneClusterImpl-985c7318-59c1-459c-b117-5bea8fb64214/datanode-2/data/ratis/d9641287-7d01-4f26-ab4d-9c14a02fc851/in_use.lock acquired by nodename 21129@pr-hdds-1946lgncr-3764977478
2019-08-20 15:24:04,424 [pool-159-thread-1] INFO  storage.RaftStorage (RaftStorage.java:format(72)) - Storage directory /workdir/hadoop-ozone/integration-test/target/test-dir/MiniOzoneClusterImpl-985c7318-59c1-459c-b117-5bea8fb64214/datanode-1/data/ratis/d9641287-7d01-4f26-ab4d-9c14a02fc851 has been successfully formatted.
2019-08-20 15:24:04,424 [pool-148-thread-1] INFO  storage.RaftStorage (RaftStorage.java:format(72)) - Storage directory /workdir/hadoop-ozone/integration-test/target/test-dir/MiniOzoneClusterImpl-985c7318-59c1-459c-b117-5bea8fb64214/datanode-0/data/ratis/d9641287-7d01-4f26-ab4d-9c14a02fc851 has been successfully formatted.
2019-08-20 15:24:04,425 [pool-159-thread-1] INFO  ratis.ContainerStateMachine (ContainerStateMachine.java:loadSnapshot(222)) - group-9C14A02FC851: The snapshot info is null. Setting the last applied indexto:(t:0, i:~)
2019-08-20 15:24:04,425 [pool-148-thread-1] INFO  ratis.ContainerStateMachine (ContainerStateMachine.java:loadSnapshot(222)) - group-9C14A02FC851: The snapshot info is null. Setting the last applied indexto:(t:0, i:~)
2019-08-20 15:24:04,425 [pool-148-thread-1] INFO  server.RaftServerConfigKeys (ConfUtils.java:logGet(43)) - raft.server.leader.election.timeout = 120s (custom)
2019-08-20 15:24:04,425 [pool-159-thread-1] INFO  server.RaftServerConfigKeys (ConfUtils.java:logGet(43)) - raft.server.leader.election.timeout = 120s (custom)
2019-08-20 15:24:04,425 [pool-148-thread-1] INFO  server.RaftServerConfigKeys (ConfUtils.java:logGet(43)) - raft.server.log.use.memory = false (default)
2019-08-20 15:24:04,425 [pool-159-thread-1] INFO  server.RaftServerConfigKeys (ConfUtils.java:logGet(43)) - raft.server.log.use.memory = false (default)
2019-08-20 15:24:04,425 [pool-148-thread-1] INFO  server.RaftServerConfigKeys (ConfUtils.java:logGet(43)) - raft.server.log.purge.gap = 1000000 (custom)
2019-08-20 15:24:04,425 [pool-159-thread-1] INFO  server.RaftServerConfigKeys (ConfUtils.java:logGet(43)) - raft.server.log.purge.gap = 1000000 (custom)
2019-08-20 15:24:04,426 [pool-148-thread-1] INFO  server.RaftServerConfigKeys (ConfUtils.java:logGet(43)) - raft.server.log.appender.buffer.byte-limit = 33554432 (custom)
2019-08-20 15:24:04,426 [pool-159-thread-1] INFO  server.RaftServerConfigKeys (ConfUtils.java:logGet(43)) - raft.server.log.appender.buffer.byte-limit = 33554432 (custom)
2019-08-20 15:24:04,426 [pool-148-thread-1] INFO  server.RaftServerConfigKeys (ConfUtils.java:logGet(43)) - raft.server.log.segment.size.max = 1048576 (custom)
2019-08-20 15:24:04,426 [pool-159-thread-1] INFO  server.RaftServerConfigKeys (ConfUtils.java:logGet(43)) - raft.server.log.segment.size.max = 1048576 (custom)
2019-08-20 15:24:04,426 [pool-148-thread-1] INFO  server.RaftServerConfigKeys (ConfUtils.java:logGet(43)) - raft.server.log.segment.cache.num.max = 2 (custom)
2019-08-20 15:24:04,426 [pool-159-thread-1] INFO  server.RaftServerConfigKeys (ConfUtils.java:logGet(43)) - raft.server.log.segment.cache.num.max = 2 (custom)
2019-08-20 15:24:04,426 [pool-148-thread-1] INFO  segmented.SegmentedRaftLogWorker (SegmentedRaftLogWorker.java:<init>(172)) - new 79059cc4-1000-433d-b8f6-bb136447d900-SegmentedRaftLogWorker:Storage Directory /workdir/hadoop-ozone/integration-test/target/test-dir/MiniOzoneClusterImpl-985c7318-59c1-459c-b117-5bea8fb64214/datanode-0/data/ratis/d9641287-7d01-4f26-ab4d-9c14a02fc851 for RaftStorage:Storage Directory /workdir/hadoop-ozone/integration-test/target/test-dir/MiniOzoneClusterImpl-985c7318-59c1-459c-b117-5bea8fb64214/datanode-0/data/ratis/d9641287-7d01-4f26-ab4d-9c14a02fc851
2019-08-20 15:24:04,426 [pool-159-thread-1] INFO  segmented.SegmentedRaftLogWorker (SegmentedRaftLogWorker.java:<init>(172)) - new 1ab56027-920f-45ef-b012-dea18e451f4d-SegmentedRaftLogWorker:Storage Directory /workdir/hadoop-ozone/integration-test/target/test-dir/MiniOzoneClusterImpl-985c7318-59c1-459c-b117-5bea8fb64214/datanode-1/data/ratis/d9641287-7d01-4f26-ab4d-9c14a02fc851 for RaftStorage:Storage Directory /workdir/hadoop-ozone/integration-test/target/test-dir/MiniOzoneClusterImpl-985c7318-59c1-459c-b117-5bea8fb64214/datanode-1/data/ratis/d9641287-7d01-4f26-ab4d-9c14a02fc851
2019-08-20 15:24:04,427 [pool-148-thread-1] INFO  server.RaftServerConfigKeys (ConfUtils.java:logGet(43)) - raft.server.log.queue.byte-limit = 2147483647 (custom)
2019-08-20 15:24:04,427 [pool-159-thread-1] INFO  server.RaftServerConfigKeys (ConfUtils.java:logGet(43)) - raft.server.log.queue.byte-limit = 2147483647 (custom)
2019-08-20 15:24:04,427 [pool-148-thread-1] INFO  server.RaftServerConfigKeys (ConfUtils.java:logGet(43)) - raft.server.log.queue.element-limit = 1024 (custom)
2019-08-20 15:24:04,427 [pool-159-thread-1] INFO  server.RaftServerConfigKeys (ConfUtils.java:logGet(43)) - raft.server.log.queue.element-limit = 1024 (custom)
2019-08-20 15:24:04,427 [pool-148-thread-1] INFO  server.RaftServerConfigKeys (ConfUtils.java:logGet(43)) - raft.server.log.segment.size.max = 1048576 (custom)
2019-08-20 15:24:04,427 [pool-159-thread-1] INFO  server.RaftServerConfigKeys (ConfUtils.java:logGet(43)) - raft.server.log.segment.size.max = 1048576 (custom)
2019-08-20 15:24:04,427 [pool-148-thread-1] INFO  server.RaftServerConfigKeys (ConfUtils.java:logGet(43)) - raft.server.log.preallocated.size = 16384 (custom)
2019-08-20 15:24:04,427 [pool-159-thread-1] INFO  server.RaftServerConfigKeys (ConfUtils.java:logGet(43)) - raft.server.log.preallocated.size = 16384 (custom)
2019-08-20 15:24:04,427 [pool-148-thread-1] INFO  server.RaftServerConfigKeys (ConfUtils.java:logGet(43)) - raft.server.log.write.buffer.size = 33554432 (custom)
2019-08-20 15:24:04,427 [pool-159-thread-1] INFO  server.RaftServerConfigKeys (ConfUtils.java:logGet(43)) - raft.server.log.write.buffer.size = 33554432 (custom)
2019-08-20 15:24:04,428 [pool-148-thread-1] INFO  server.RaftServerConfigKeys (ConfUtils.java:logGet(43)) - raft.server.log.force.sync.num = 128 (default)
2019-08-20 15:24:04,428 [pool-159-thread-1] INFO  server.RaftServerConfigKeys (ConfUtils.java:logGet(43)) - raft.server.log.force.sync.num = 128 (default)
2019-08-20 15:24:04,428 [pool-148-thread-1] INFO  server.RaftServerConfigKeys (ConfUtils.java:logGet(43)) - raft.server.log.statemachine.data.sync = true (default)
2019-08-20 15:24:04,428 [pool-159-thread-1] INFO  server.RaftServerConfigKeys (ConfUtils.java:logGet(43)) - raft.server.log.statemachine.data.sync = true (default)
2019-08-20 15:24:04,428 [pool-148-thread-1] INFO  server.RaftServerConfigKeys (ConfUtils.java:logGet(43)) - raft.server.log.statemachine.data.sync.timeout = 10s (default)
2019-08-20 15:24:04,428 [pool-159-thread-1] INFO  server.RaftServerConfigKeys (ConfUtils.java:logGet(43)) - raft.server.log.statemachine.data.sync.timeout = 10s (default)
2019-08-20 15:24:04,428 [pool-148-thread-1] INFO  server.RaftServerConfigKeys (ConfUtils.java:logGet(43)) - raft.server.log.statemachine.data.sync.timeout.retry = -1 (default)
2019-08-20 15:24:04,428 [pool-159-thread-1] INFO  server.RaftServerConfigKeys (ConfUtils.java:logGet(43)) - raft.server.log.statemachine.data.sync.timeout.retry = -1 (default)
2019-08-20 15:24:04,428 [pool-148-thread-1] INFO  server.RaftServerConfigKeys (ConfUtils.java:logGet(43)) - raft.server.log.statemachine.data.caching.enabled = true (custom)
2019-08-20 15:24:04,429 [pool-159-thread-1] INFO  server.RaftServerConfigKeys (ConfUtils.java:logGet(43)) - raft.server.log.statemachine.data.caching.enabled = true (custom)
2019-08-20 15:24:04,429 [pool-148-thread-1] INFO  segmented.SegmentedRaftLogWorker (SegmentedRaftLogWorker.java:lambda$new$0(132)) - 79059cc4-1000-433d-b8f6-bb136447d900-SegmentedRaftLogWorker:Storage Directory /workdir/hadoop-ozone/integration-test/target/test-dir/MiniOzoneClusterImpl-985c7318-59c1-459c-b117-5bea8fb64214/datanode-0/data/ratis/d9641287-7d01-4f26-ab4d-9c14a02fc851: flushIndex: setUnconditionally 0 -> -1
2019-08-20 15:24:04,429 [pool-159-thread-1] INFO  segmented.SegmentedRaftLogWorker (SegmentedRaftLogWorker.java:lambda$new$0(132)) - 1ab56027-920f-45ef-b012-dea18e451f4d-SegmentedRaftLogWorker:Storage Directory /workdir/hadoop-ozone/integration-test/target/test-dir/MiniOzoneClusterImpl-985c7318-59c1-459c-b117-5bea8fb64214/datanode-1/data/ratis/d9641287-7d01-4f26-ab4d-9c14a02fc851: flushIndex: setUnconditionally 0 -> -1
2019-08-20 15:24:04,429 [pool-148-thread-1] INFO  server.RaftServerConfigKeys (ConfUtils.java:logGet(43)) - raft.server.snapshot.auto.trigger.enabled = true (custom)
2019-08-20 15:24:04,429 [pool-170-thread-1] INFO  storage.RaftStorage (RaftStorage.java:format(72)) - Storage directory /workdir/hadoop-ozone/integration-test/target/test-dir/MiniOzoneClusterImpl-985c7318-59c1-459c-b117-5bea8fb64214/datanode-2/data/ratis/d9641287-7d01-4f26-ab4d-9c14a02fc851 has been successfully formatted.
2019-08-20 15:24:04,429 [pool-159-thread-1] INFO  server.RaftServerConfigKeys (ConfUtils.java:logGet(43)) - raft.server.snapshot.auto.trigger.enabled = true (custom)
2019-08-20 15:24:04,429 [pool-148-thread-1] INFO  server.RaftServerConfigKeys (ConfUtils.java:logGet(43)) - raft.server.snapshot.auto.trigger.threshold = 10000 (custom)
2019-08-20 15:24:04,429 [pool-170-thread-1] INFO  ratis.ContainerStateMachine (ContainerStateMachine.java:loadSnapshot(222)) - group-9C14A02FC851: The snapshot info is null. Setting the last applied indexto:(t:0, i:~)
2019-08-20 15:24:04,429 [pool-159-thread-1] INFO  server.RaftServerConfigKeys (ConfUtils.java:logGet(43)) - raft.server.snapshot.auto.trigger.threshold = 10000 (custom)
2019-08-20 15:24:04,430 [pool-170-thread-1] INFO  server.RaftServerConfigKeys (ConfUtils.java:logGet(43)) - raft.server.leader.election.timeout = 120s (custom)
2019-08-20 15:24:04,430 [pool-148-thread-1] INFO  server.RaftServerConfigKeys (ConfUtils.java:logGet(43)) - raft.server.retrycache.expirytime = 600000ms (custom)
2019-08-20 15:24:04,430 [pool-170-thread-1] INFO  server.RaftServerConfigKeys (ConfUtils.java:logGet(43)) - raft.server.log.use.memory = false (default)
2019-08-20 15:24:04,430 [pool-159-thread-1] INFO  server.RaftServerConfigKeys (ConfUtils.java:logGet(43)) - raft.server.retrycache.expirytime = 600000ms (custom)
2019-08-20 15:24:04,430 [pool-170-thread-1] INFO  server.RaftServerConfigKeys (ConfUtils.java:logGet(43)) - raft.server.log.purge.gap = 1000000 (custom)
2019-08-20 15:24:04,430 [pool-148-thread-1] INFO  impl.RaftServerImpl (RaftServerImpl.java:start(180)) - 79059cc4-1000-433d-b8f6-bb136447d900: start group-9C14A02FC851
2019-08-20 15:24:04,430 [pool-170-thread-1] INFO  server.RaftServerConfigKeys (ConfUtils.java:logGet(43)) - raft.server.log.appender.buffer.byte-limit = 33554432 (custom)
2019-08-20 15:24:04,430 [pool-159-thread-1] INFO  impl.RaftServerImpl (RaftServerImpl.java:start(180)) - 1ab56027-920f-45ef-b012-dea18e451f4d: start group-9C14A02FC851
2019-08-20 15:24:04,431 [pool-170-thread-1] INFO  server.RaftServerConfigKeys (ConfUtils.java:logGet(43)) - raft.server.log.segment.size.max = 1048576 (custom)
2019-08-20 15:24:04,430 [pool-148-thread-1] INFO  impl.RaftServerImpl (RaftServerImpl.java:setRole(171)) - 79059cc4-1000-433d-b8f6-bb136447d900:group-9C14A02FC851 changes role from null to FOLLOWER at term 0 for startAsFollower
2019-08-20 15:24:04,431 [pool-170-thread-1] INFO  server.RaftServerConfigKeys (ConfUtils.java:logGet(43)) - raft.server.log.segment.cache.num.max = 2 (custom)
2019-08-20 15:24:04,431 [pool-159-thread-1] INFO  impl.RaftServerImpl (RaftServerImpl.java:setRole(171)) - 1ab56027-920f-45ef-b012-dea18e451f4d:group-9C14A02FC851 changes role from null to FOLLOWER at term 0 for startAsFollower
2019-08-20 15:24:04,431 [pool-170-thread-1] INFO  segmented.SegmentedRaftLogWorker (SegmentedRaftLogWorker.java:<init>(172)) - new 3ba89adc-d403-4b9d-8267-150dfa29993f-SegmentedRaftLogWorker:Storage Directory /workdir/hadoop-ozone/integration-test/target/test-dir/MiniOzoneClusterImpl-985c7318-59c1-459c-b117-5bea8fb64214/datanode-2/data/ratis/d9641287-7d01-4f26-ab4d-9c14a02fc851 for RaftStorage:Storage Directory /workdir/hadoop-ozone/integration-test/target/test-dir/MiniOzoneClusterImpl-985c7318-59c1-459c-b117-5bea8fb64214/datanode-2/data/ratis/d9641287-7d01-4f26-ab4d-9c14a02fc851
2019-08-20 15:24:04,431 [pool-148-thread-1] INFO  impl.RoleInfo (RoleInfo.java:updateAndGet(143)) - 79059cc4-1000-433d-b8f6-bb136447d900: start FollowerState
2019-08-20 15:24:04,431 [pool-170-thread-1] INFO  server.RaftServerConfigKeys (ConfUtils.java:logGet(43)) - raft.server.log.queue.byte-limit = 2147483647 (custom)
2019-08-20 15:24:04,431 [pool-159-thread-1] INFO  impl.RoleInfo (RoleInfo.java:updateAndGet(143)) - 1ab56027-920f-45ef-b012-dea18e451f4d: start FollowerState
2019-08-20 15:24:04,432 [pool-148-thread-1] INFO  util.JmxRegister (JmxRegister.java:tryRegister(44)) - Successfully registered JMX Bean with object name Ratis:service=RaftServer,group=group-9C14A02FC851,id=79059cc4-1000-433d-b8f6-bb136447d900
2019-08-20 15:24:04,432 [pool-170-thread-1] INFO  server.RaftServerConfigKeys (ConfUtils.java:logGet(43)) - raft.server.log.queue.element-limit = 1024 (custom)
2019-08-20 15:24:04,432 [pool-159-thread-1] INFO  util.JmxRegister (JmxRegister.java:tryRegister(44)) - Successfully registered JMX Bean with object name Ratis:service=RaftServer,group=group-9C14A02FC851,id=1ab56027-920f-45ef-b012-dea18e451f4d
2019-08-20 15:24:04,432 [pool-170-thread-1] INFO  server.RaftServerConfigKeys (ConfUtils.java:logGet(43)) - raft.server.log.segment.size.max = 1048576 (custom)
2019-08-20 15:24:04,432 [pool-170-thread-1] INFO  server.RaftServerConfigKeys (ConfUtils.java:logGet(43)) - raft.server.log.preallocated.size = 16384 (custom)
2019-08-20 15:24:04,432 [pool-170-thread-1] INFO  server.RaftServerConfigKeys (ConfUtils.java:logGet(43)) - raft.server.log.write.buffer.size = 33554432 (custom)
2019-08-20 15:24:04,433 [pool-170-thread-1] INFO  server.RaftServerConfigKeys (ConfUtils.java:logGet(43)) - raft.server.log.force.sync.num = 128 (default)
2019-08-20 15:24:04,433 [pool-170-thread-1] INFO  server.RaftServerConfigKeys (ConfUtils.java:logGet(43)) - raft.server.log.statemachine.data.sync = true (default)
2019-08-20 15:24:04,433 [pool-170-thread-1] INFO  server.RaftServerConfigKeys (ConfUtils.java:logGet(43)) - raft.server.log.statemachine.data.sync.timeout = 10s (default)
2019-08-20 15:24:04,433 [pool-170-thread-1] INFO  server.RaftServerConfigKeys (ConfUtils.java:logGet(43)) - raft.server.log.statemachine.data.sync.timeout.retry = -1 (default)
2019-08-20 15:24:04,433 [pool-170-thread-1] INFO  server.RaftServerConfigKeys (ConfUtils.java:logGet(43)) - raft.server.log.statemachine.data.caching.enabled = true (custom)
2019-08-20 15:24:04,435 [pool-170-thread-1] INFO  segmented.SegmentedRaftLogWorker (SegmentedRaftLogWorker.java:lambda$new$0(132)) - 3ba89adc-d403-4b9d-8267-150dfa29993f-SegmentedRaftLogWorker:Storage Directory /workdir/hadoop-ozone/integration-test/target/test-dir/MiniOzoneClusterImpl-985c7318-59c1-459c-b117-5bea8fb64214/datanode-2/data/ratis/d9641287-7d01-4f26-ab4d-9c14a02fc851: flushIndex: setUnconditionally 0 -> -1
2019-08-20 15:24:04,435 [pool-170-thread-1] INFO  server.RaftServerConfigKeys (ConfUtils.java:logGet(43)) - raft.server.snapshot.auto.trigger.enabled = true (custom)
2019-08-20 15:24:04,436 [pool-170-thread-1] INFO  server.RaftServerConfigKeys (ConfUtils.java:logGet(43)) - raft.server.snapshot.auto.trigger.threshold = 10000 (custom)
2019-08-20 15:24:04,436 [pool-170-thread-1] INFO  server.RaftServerConfigKeys (ConfUtils.java:logGet(43)) - raft.server.retrycache.expirytime = 600000ms (custom)
2019-08-20 15:24:04,436 [pool-170-thread-1] INFO  impl.RaftServerImpl (RaftServerImpl.java:start(180)) - 3ba89adc-d403-4b9d-8267-150dfa29993f: start group-9C14A02FC851
2019-08-20 15:24:04,436 [pool-170-thread-1] INFO  impl.RaftServerImpl (RaftServerImpl.java:setRole(171)) - 3ba89adc-d403-4b9d-8267-150dfa29993f:group-9C14A02FC851 changes role from null to FOLLOWER at term 0 for startAsFollower
2019-08-20 15:24:04,436 [pool-170-thread-1] INFO  impl.RoleInfo (RoleInfo.java:updateAndGet(143)) - 3ba89adc-d403-4b9d-8267-150dfa29993f: start FollowerState
2019-08-20 15:24:04,436 [pool-170-thread-1] INFO  util.JmxRegister (JmxRegister.java:tryRegister(44)) - Successfully registered JMX Bean with object name Ratis:service=RaftServer,group=group-9C14A02FC851,id=3ba89adc-d403-4b9d-8267-150dfa29993f
2019-08-20 15:24:04,440 [RatisPipelineUtilsThread] INFO  pipeline.PipelineStateManager (PipelineStateManager.java:addPipeline(56)) - Created pipeline Pipeline[ Id: d9641287-7d01-4f26-ab4d-9c14a02fc851, Nodes: 3ba89adc-d403-4b9d-8267-150dfa29993f{ip: 192.168.69.96, host: pr-hdds-1946lgncr-3764977478, networkLocation: /default-rack, certSerialId: null}1ab56027-920f-45ef-b012-dea18e451f4d{ip: 192.168.69.96, host: pr-hdds-1946lgncr-3764977478, networkLocation: /default-rack, certSerialId: null}79059cc4-1000-433d-b8f6-bb136447d900{ip: 192.168.69.96, host: pr-hdds-1946lgncr-3764977478, networkLocation: /default-rack, certSerialId: null}, Type:RATIS, Factor:THREE, State:OPEN]
2019-08-20 15:24:04,525 | INFO  | SCMAudit | user=jenkins1000 | ip=192.168.69.96 | op=SEND_HEARTBEAT {datanodeUUID=3ba89adc-d403-4b9d-8267-150dfa29993f, command=[]} | ret=SUCCESS |  
2019-08-20 15:24:04,596 [Thread-599] INFO  impl.FollowerState (FollowerState.java:run(106)) - 3ba89adc-d403-4b9d-8267-150dfa29993f:group-41F2FF00AC41 changes to CANDIDATE, lastRpcTime:5058, electionTimeout:5058ms
2019-08-20 15:24:04,596 [Thread-599] INFO  impl.RoleInfo (RoleInfo.java:shutdownFollowerState(121)) - 3ba89adc-d403-4b9d-8267-150dfa29993f: shutdown FollowerState
2019-08-20 15:24:04,596 [Thread-599] INFO  impl.RaftServerImpl (RaftServerImpl.java:setRole(171)) - 3ba89adc-d403-4b9d-8267-150dfa29993f:group-41F2FF00AC41 changes role from FOLLOWER to CANDIDATE at term 1 for changeToCandidate
2019-08-20 15:24:04,597 [Thread-599] INFO  impl.RoleInfo (RoleInfo.java:updateAndGet(143)) - 3ba89adc-d403-4b9d-8267-150dfa29993f: start LeaderElection
2019-08-20 15:24:04,629 [3ba89adc-d403-4b9d-8267-150dfa29993f:group-41F2FF00AC41:LeaderElection17] INFO  impl.LeaderElection (LeaderElection.java:askForVotes(181)) - 3ba89adc-d403-4b9d-8267-150dfa29993f:group-41F2FF00AC41:LeaderElection17: begin an election at term 2 for 0: [3ba89adc-d403-4b9d-8267-150dfa29993f:192.168.69.96:41312], old=null
2019-08-20 15:24:04,629 [3ba89adc-d403-4b9d-8267-150dfa29993f:group-41F2FF00AC41:LeaderElection17] INFO  impl.RoleInfo (RoleInfo.java:shutdownLeaderElection(134)) - 3ba89adc-d403-4b9d-8267-150dfa29993f: shutdown LeaderElection
2019-08-20 15:24:04,630 [3ba89adc-d403-4b9d-8267-150dfa29993f:group-41F2FF00AC41:LeaderElection17] INFO  impl.RaftServerImpl (RaftServerImpl.java:setRole(171)) - 3ba89adc-d403-4b9d-8267-150dfa29993f:group-41F2FF00AC41 changes role from CANDIDATE to LEADER at term 2 for changeToLeader
2019-08-20 15:24:04,630 [3ba89adc-d403-4b9d-8267-150dfa29993f:group-41F2FF00AC41:LeaderElection17] INFO  impl.RaftServerImpl (ServerState.java:setLeader(263)) - 3ba89adc-d403-4b9d-8267-150dfa29993f:group-41F2FF00AC41 change Leader from null to 3ba89adc-d403-4b9d-8267-150dfa29993f at term 2 for becomeLeader, leader elected after 7445ms
2019-08-20 15:24:04,630 [3ba89adc-d403-4b9d-8267-150dfa29993f:group-41F2FF00AC41:LeaderElection17] INFO  server.RaftServerConfigKeys (ConfUtils.java:logGet(43)) - raft.server.staging.catchup.gap = 1000 (default)
2019-08-20 15:24:04,630 [3ba89adc-d403-4b9d-8267-150dfa29993f:group-41F2FF00AC41:LeaderElection17] INFO  server.RaftServerConfigKeys (ConfUtils.java:logGet(43)) - raft.server.rpc.sleep.time = 25ms (default)
2019-08-20 15:24:04,630 [3ba89adc-d403-4b9d-8267-150dfa29993f:group-41F2FF00AC41:LeaderElection17] INFO  server.RaftServerConfigKeys (ConfUtils.java:logGet(43)) - raft.server.write.element-limit = 4096 (default)
2019-08-20 15:24:04,630 [3ba89adc-d403-4b9d-8267-150dfa29993f:group-41F2FF00AC41:LeaderElection17] INFO  server.RaftServerConfigKeys (ConfUtils.java:logGet(43)) - raft.server.watch.timeout = 10s (default)
2019-08-20 15:24:04,631 [3ba89adc-d403-4b9d-8267-150dfa29993f:group-41F2FF00AC41:LeaderElection17] INFO  server.RaftServerConfigKeys (ConfUtils.java:logGet(43)) - raft.server.watch.timeout.denomination = 1s (default)
2019-08-20 15:24:04,631 [3ba89adc-d403-4b9d-8267-150dfa29993f:group-41F2FF00AC41:LeaderElection17] INFO  server.RaftServerConfigKeys (ConfUtils.java:logGet(43)) - raft.server.watch.element-limit = 65536 (default)
2019-08-20 15:24:04,631 [3ba89adc-d403-4b9d-8267-150dfa29993f:group-41F2FF00AC41:LeaderElection17] INFO  impl.RoleInfo (RoleInfo.java:updateAndGet(143)) - 3ba89adc-d403-4b9d-8267-150dfa29993f: start LeaderState
2019-08-20 15:24:04,631 [3ba89adc-d403-4b9d-8267-150dfa29993f:group-41F2FF00AC41:LeaderElection17] INFO  segmented.SegmentedRaftLogWorker (SegmentedRaftLogWorker.java:rollLogSegment(385)) - 3ba89adc-d403-4b9d-8267-150dfa29993f-SegmentedRaftLogWorker:Storage Directory /workdir/hadoop-ozone/integration-test/target/test-dir/MiniOzoneClusterImpl-985c7318-59c1-459c-b117-5bea8fb64214/datanode-2/data/ratis/aa5beeae-28dd-4945-9761-41f2ff00ac41: Rolling segment log-0_0 to index:0
2019-08-20 15:24:04,633 [3ba89adc-d403-4b9d-8267-150dfa29993f:group-41F2FF00AC41:LeaderElection17] INFO  impl.RaftServerImpl (ServerState.java:setRaftConf(361)) - 3ba89adc-d403-4b9d-8267-150dfa29993f:group-41F2FF00AC41 set configuration 1: [3ba89adc-d403-4b9d-8267-150dfa29993f:192.168.69.96:41312], old=null at 1
2019-08-20 15:24:04,635 [3ba89adc-d403-4b9d-8267-150dfa29993f-SegmentedRaftLogWorker:Storage Directory /workdir/hadoop-ozone/integration-test/target/test-dir/MiniOzoneClusterImpl-985c7318-59c1-459c-b117-5bea8fb64214/datanode-2/data/ratis/aa5beeae-28dd-4945-9761-41f2ff00ac41] INFO  segmented.SegmentedRaftLogWorker (SegmentedRaftLogWorker.java:execute(526)) - 3ba89adc-d403-4b9d-8267-150dfa29993f-SegmentedRaftLogWorker:Storage Directory /workdir/hadoop-ozone/integration-test/target/test-dir/MiniOzoneClusterImpl-985c7318-59c1-459c-b117-5bea8fb64214/datanode-2/data/ratis/aa5beeae-28dd-4945-9761-41f2ff00ac41: Rolled log segment from /workdir/hadoop-ozone/integration-test/target/test-dir/MiniOzoneClusterImpl-985c7318-59c1-459c-b117-5bea8fb64214/datanode-2/data/ratis/aa5beeae-28dd-4945-9761-41f2ff00ac41/current/log_inprogress_0 to /workdir/hadoop-ozone/integration-test/target/test-dir/MiniOzoneClusterImpl-985c7318-59c1-459c-b117-5bea8fb64214/datanode-2/data/ratis/aa5beeae-28dd-4945-9761-41f2ff00ac41/current/log_0-0
2019-08-20 15:24:04,680 [3ba89adc-d403-4b9d-8267-150dfa29993f-SegmentedRaftLogWorker:Storage Directory /workdir/hadoop-ozone/integration-test/target/test-dir/MiniOzoneClusterImpl-985c7318-59c1-459c-b117-5bea8fb64214/datanode-2/data/ratis/aa5beeae-28dd-4945-9761-41f2ff00ac41] INFO  segmented.SegmentedRaftLogWorker (SegmentedRaftLogWorker.java:execute(569)) - 3ba89adc-d403-4b9d-8267-150dfa29993f-SegmentedRaftLogWorker:Storage Directory /workdir/hadoop-ozone/integration-test/target/test-dir/MiniOzoneClusterImpl-985c7318-59c1-459c-b117-5bea8fb64214/datanode-2/data/ratis/aa5beeae-28dd-4945-9761-41f2ff00ac41: created new log segment /workdir/hadoop-ozone/integration-test/target/test-dir/MiniOzoneClusterImpl-985c7318-59c1-459c-b117-5bea8fb64214/datanode-2/data/ratis/aa5beeae-28dd-4945-9761-41f2ff00ac41/current/log_inprogress_1
2019-08-20 15:24:04,865 [Datanode State Machine Thread - 0] INFO  statemachine.DatanodeStateMachine (DatanodeStateMachine.java:lambda$startDaemon$0(350)) - Ozone container server started.
2019-08-20 15:24:05,525 | INFO  | SCMAudit | user=jenkins1000 | ip=192.168.69.96 | op=SEND_HEARTBEAT {datanodeUUID=3ba89adc-d403-4b9d-8267-150dfa29993f, command=[]} | ret=SUCCESS |  
2019-08-20 15:24:06,525 | INFO  | SCMAudit | user=jenkins1000 | ip=192.168.69.96 | op=SEND_HEARTBEAT {datanodeUUID=3ba89adc-d403-4b9d-8267-150dfa29993f, command=[]} | ret=SUCCESS |  
2019-08-20 15:24:07,524 | INFO  | SCMAudit | user=jenkins1000 | ip=192.168.69.96 | op=SEND_HEARTBEAT {datanodeUUID=3ba89adc-d403-4b9d-8267-150dfa29993f, command=[]} | ret=SUCCESS |  
2019-08-20 15:24:08,356 [EventQueue-StaleNodeForStaleNodeHandler] INFO  node.StaleNodeHandler (StaleNodeHandler.java:onMessage(58)) - Datanode 1ab56027-920f-45ef-b012-dea18e451f4d{ip: 192.168.69.96, host: pr-hdds-1946lgncr-3764977478, networkLocation: /default-rack, certSerialId: null} moved to stale state. Finalizing its pipelines [PipelineID=d9641287-7d01-4f26-ab4d-9c14a02fc851, PipelineID=45e96493-582c-4a01-af48-edbe92749861, PipelineID=7277db73-b4f2-4eab-94af-c13886fdd451]
2019-08-20 15:24:08,356 [EventQueue-StaleNodeForStaleNodeHandler] INFO  pipeline.SCMPipelineManager (SCMPipelineManager.java:finalizeAndDestroyPipeline(309)) - destroying pipeline:Pipeline[ Id: d9641287-7d01-4f26-ab4d-9c14a02fc851, Nodes: 3ba89adc-d403-4b9d-8267-150dfa29993f{ip: 192.168.69.96, host: pr-hdds-1946lgncr-3764977478, networkLocation: /default-rack, certSerialId: null}1ab56027-920f-45ef-b012-dea18e451f4d{ip: 192.168.69.96, host: pr-hdds-1946lgncr-3764977478, networkLocation: /default-rack, certSerialId: null}79059cc4-1000-433d-b8f6-bb136447d900{ip: 192.168.69.96, host: pr-hdds-1946lgncr-3764977478, networkLocation: /default-rack, certSerialId: null}, Type:RATIS, Factor:THREE, State:OPEN]
2019-08-20 15:24:08,357 [EventQueue-StaleNodeForStaleNodeHandler] INFO  pipeline.PipelineStateManager (PipelineStateManager.java:finalizePipeline(123)) - Pipeline Pipeline[ Id: d9641287-7d01-4f26-ab4d-9c14a02fc851, Nodes: 3ba89adc-d403-4b9d-8267-150dfa29993f{ip: 192.168.69.96, host: pr-hdds-1946lgncr-3764977478, networkLocation: /default-rack, certSerialId: null}1ab56027-920f-45ef-b012-dea18e451f4d{ip: 192.168.69.96, host: pr-hdds-1946lgncr-3764977478, networkLocation: /default-rack, certSerialId: null}79059cc4-1000-433d-b8f6-bb136447d900{ip: 192.168.69.96, host: pr-hdds-1946lgncr-3764977478, networkLocation: /default-rack, certSerialId: null}, Type:RATIS, Factor:THREE, State:CLOSED] moved to CLOSED state
2019-08-20 15:24:08,357 [EventQueue-StaleNodeForStaleNodeHandler] INFO  pipeline.SCMPipelineManager (SCMPipelineManager.java:finalizeAndDestroyPipeline(309)) - destroying pipeline:Pipeline[ Id: 45e96493-582c-4a01-af48-edbe92749861, Nodes: 1ab56027-920f-45ef-b012-dea18e451f4d{ip: 192.168.69.96, host: pr-hdds-1946lgncr-3764977478, networkLocation: /default-rack, certSerialId: null}, Type:RATIS, Factor:ONE, State:CLOSED]
2019-08-20 15:24:08,357 [EventQueue-StaleNodeForStaleNodeHandler] INFO  pipeline.SCMPipelineManager (SCMPipelineManager.java:finalizeAndDestroyPipeline(309)) - destroying pipeline:Pipeline[ Id: 7277db73-b4f2-4eab-94af-c13886fdd451, Nodes: 1ab56027-920f-45ef-b012-dea18e451f4d{ip: 192.168.69.96, host: pr-hdds-1946lgncr-3764977478, networkLocation: /default-rack, certSerialId: null}, Type:RATIS, Factor:ONE, State:OPEN]
2019-08-20 15:24:08,357 [EventQueue-StaleNodeForStaleNodeHandler] INFO  pipeline.PipelineStateManager (PipelineStateManager.java:finalizePipeline(123)) - Pipeline Pipeline[ Id: 7277db73-b4f2-4eab-94af-c13886fdd451, Nodes: 1ab56027-920f-45ef-b012-dea18e451f4d{ip: 192.168.69.96, host: pr-hdds-1946lgncr-3764977478, networkLocation: /default-rack, certSerialId: null}, Type:RATIS, Factor:ONE, State:CLOSED] moved to CLOSED state
2019-08-20 15:24:08,524 | INFO  | SCMAudit | user=jenkins1000 | ip=192.168.69.96 | op=SEND_HEARTBEAT {datanodeUUID=3ba89adc-d403-4b9d-8267-150dfa29993f, command=[]} | ret=SUCCESS |  
2019-08-20 15:24:08,532 [Thread-606] INFO  impl.FollowerState (FollowerState.java:run(106)) - 1ab56027-920f-45ef-b012-dea18e451f4d:group-C13886FDD451 changes to CANDIDATE, lastRpcTime:5123, electionTimeout:5123ms
2019-08-20 15:24:08,532 [Thread-606] INFO  impl.RoleInfo (RoleInfo.java:shutdownFollowerState(121)) - 1ab56027-920f-45ef-b012-dea18e451f4d: shutdown FollowerState
2019-08-20 15:24:08,532 [Thread-606] INFO  impl.RaftServerImpl (RaftServerImpl.java:setRole(171)) - 1ab56027-920f-45ef-b012-dea18e451f4d:group-C13886FDD451 changes role from FOLLOWER to CANDIDATE at term 0 for changeToCandidate
2019-08-20 15:24:08,532 [Thread-606] INFO  impl.RoleInfo (RoleInfo.java:updateAndGet(143)) - 1ab56027-920f-45ef-b012-dea18e451f4d: start LeaderElection
2019-08-20 15:24:08,562 [1ab56027-920f-45ef-b012-dea18e451f4d:group-C13886FDD451:LeaderElection18] INFO  impl.LeaderElection (LeaderElection.java:askForVotes(181)) - 1ab56027-920f-45ef-b012-dea18e451f4d:group-C13886FDD451:LeaderElection18: begin an election at term 1 for -1: [1ab56027-920f-45ef-b012-dea18e451f4d:192.168.69.96:41729], old=null
2019-08-20 15:24:08,562 [1ab56027-920f-45ef-b012-dea18e451f4d:group-C13886FDD451:LeaderElection18] INFO  impl.RoleInfo (RoleInfo.java:shutdownLeaderElection(134)) - 1ab56027-920f-45ef-b012-dea18e451f4d: shutdown LeaderElection
2019-08-20 15:24:08,562 [1ab56027-920f-45ef-b012-dea18e451f4d:group-C13886FDD451:LeaderElection18] INFO  impl.RaftServerImpl (RaftServerImpl.java:setRole(171)) - 1ab56027-920f-45ef-b012-dea18e451f4d:group-C13886FDD451 changes role from CANDIDATE to LEADER at term 1 for changeToLeader
2019-08-20 15:24:08,562 [1ab56027-920f-45ef-b012-dea18e451f4d:group-C13886FDD451:LeaderElection18] INFO  impl.RaftServerImpl (ServerState.java:setLeader(263)) - 1ab56027-920f-45ef-b012-dea18e451f4d:group-C13886FDD451 change Leader from null to 1ab56027-920f-45ef-b012-dea18e451f4d at term 1 for becomeLeader, leader elected after 5159ms
2019-08-20 15:24:08,562 [1ab56027-920f-45ef-b012-dea18e451f4d:group-C13886FDD451:LeaderElection18] INFO  server.RaftServerConfigKeys (ConfUtils.java:logGet(43)) - raft.server.staging.catchup.gap = 1000 (default)
2019-08-20 15:24:08,562 [1ab56027-920f-45ef-b012-dea18e451f4d:group-C13886FDD451:LeaderElection18] INFO  server.RaftServerConfigKeys (ConfUtils.java:logGet(43)) - raft.server.rpc.sleep.time = 25ms (default)
2019-08-20 15:24:08,562 [1ab56027-920f-45ef-b012-dea18e451f4d:group-C13886FDD451:LeaderElection18] INFO  server.RaftServerConfigKeys (ConfUtils.java:logGet(43)) - raft.server.write.element-limit = 4096 (default)
2019-08-20 15:24:08,563 [1ab56027-920f-45ef-b012-dea18e451f4d:group-C13886FDD451:LeaderElection18] INFO  server.RaftServerConfigKeys (ConfUtils.java:logGet(43)) - raft.server.watch.timeout = 10s (default)
2019-08-20 15:24:08,563 [1ab56027-920f-45ef-b012-dea18e451f4d:group-C13886FDD451:LeaderElection18] INFO  server.RaftServerConfigKeys (ConfUtils.java:logGet(43)) - raft.server.watch.timeout.denomination = 1s (default)
2019-08-20 15:24:08,563 [1ab56027-920f-45ef-b012-dea18e451f4d:group-C13886FDD451:LeaderElection18] INFO  server.RaftServerConfigKeys (ConfUtils.java:logGet(43)) - raft.server.watch.element-limit = 65536 (default)
2019-08-20 15:24:08,563 [1ab56027-920f-45ef-b012-dea18e451f4d:group-C13886FDD451:LeaderElection18] INFO  impl.RoleInfo (RoleInfo.java:updateAndGet(143)) - 1ab56027-920f-45ef-b012-dea18e451f4d: start LeaderState
2019-08-20 15:24:08,563 [1ab56027-920f-45ef-b012-dea18e451f4d:group-C13886FDD451:LeaderElection18] INFO  segmented.SegmentedRaftLogWorker (SegmentedRaftLogWorker.java:startLogSegment(380)) - 1ab56027-920f-45ef-b012-dea18e451f4d-SegmentedRaftLogWorker:Storage Directory /workdir/hadoop-ozone/integration-test/target/test-dir/MiniOzoneClusterImpl-985c7318-59c1-459c-b117-5bea8fb64214/datanode-1/data/ratis/7277db73-b4f2-4eab-94af-c13886fdd451: Starting segment from index:0
2019-08-20 15:24:08,564 [1ab56027-920f-45ef-b012-dea18e451f4d:group-C13886FDD451:LeaderElection18] INFO  impl.RaftServerImpl (ServerState.java:setRaftConf(361)) - 1ab56027-920f-45ef-b012-dea18e451f4d:group-C13886FDD451 set configuration 0: [1ab56027-920f-45ef-b012-dea18e451f4d:192.168.69.96:41729], old=null at 0
2019-08-20 15:24:08,598 [Thread-609] INFO  impl.FollowerState (FollowerState.java:run(106)) - 79059cc4-1000-433d-b8f6-bb136447d900:group-F96BB9C54407 changes to CANDIDATE, lastRpcTime:5153, electionTimeout:5140ms
2019-08-20 15:24:08,598 [Thread-609] INFO  impl.RoleInfo (RoleInfo.java:shutdownFollowerState(121)) - 79059cc4-1000-433d-b8f6-bb136447d900: shutdown FollowerState
2019-08-20 15:24:08,598 [Thread-609] INFO  impl.RaftServerImpl (RaftServerImpl.java:setRole(171)) - 79059cc4-1000-433d-b8f6-bb136447d900:group-F96BB9C54407 changes role from FOLLOWER to CANDIDATE at term 0 for changeToCandidate
2019-08-20 15:24:08,598 [Thread-609] INFO  impl.RoleInfo (RoleInfo.java:updateAndGet(143)) - 79059cc4-1000-433d-b8f6-bb136447d900: start LeaderElection
2019-08-20 15:24:08,620 [1ab56027-920f-45ef-b012-dea18e451f4d-SegmentedRaftLogWorker:Storage Directory /workdir/hadoop-ozone/integration-test/target/test-dir/MiniOzoneClusterImpl-985c7318-59c1-459c-b117-5bea8fb64214/datanode-1/data/ratis/7277db73-b4f2-4eab-94af-c13886fdd451] INFO  segmented.SegmentedRaftLogWorker (SegmentedRaftLogWorker.java:execute(569)) - 1ab56027-920f-45ef-b012-dea18e451f4d-SegmentedRaftLogWorker:Storage Directory /workdir/hadoop-ozone/integration-test/target/test-dir/MiniOzoneClusterImpl-985c7318-59c1-459c-b117-5bea8fb64214/datanode-1/data/ratis/7277db73-b4f2-4eab-94af-c13886fdd451: created new log segment /workdir/hadoop-ozone/integration-test/target/test-dir/MiniOzoneClusterImpl-985c7318-59c1-459c-b117-5bea8fb64214/datanode-1/data/ratis/7277db73-b4f2-4eab-94af-c13886fdd451/current/log_inprogress_0
2019-08-20 15:24:08,620 [79059cc4-1000-433d-b8f6-bb136447d900:group-F96BB9C54407:LeaderElection19] INFO  impl.LeaderElection (LeaderElection.java:askForVotes(181)) - 79059cc4-1000-433d-b8f6-bb136447d900:group-F96BB9C54407:LeaderElection19: begin an election at term 1 for -1: [79059cc4-1000-433d-b8f6-bb136447d900:192.168.69.96:42288], old=null
2019-08-20 15:24:08,620 [79059cc4-1000-433d-b8f6-bb136447d900:group-F96BB9C54407:LeaderElection19] INFO  impl.RoleInfo (RoleInfo.java:shutdownLeaderElection(134)) - 79059cc4-1000-433d-b8f6-bb136447d900: shutdown LeaderElection
2019-08-20 15:24:08,620 [79059cc4-1000-433d-b8f6-bb136447d900:group-F96BB9C54407:LeaderElection19] INFO  impl.RaftServerImpl (RaftServerImpl.java:setRole(171)) - 79059cc4-1000-433d-b8f6-bb136447d900:group-F96BB9C54407 changes role from CANDIDATE to LEADER at term 1 for changeToLeader
2019-08-20 15:24:08,620 [79059cc4-1000-433d-b8f6-bb136447d900:group-F96BB9C54407:LeaderElection19] INFO  impl.RaftServerImpl (ServerState.java:setLeader(263)) - 79059cc4-1000-433d-b8f6-bb136447d900:group-F96BB9C54407 change Leader from null to 79059cc4-1000-433d-b8f6-bb136447d900 at term 1 for becomeLeader, leader elected after 5179ms
2019-08-20 15:24:08,620 [79059cc4-1000-433d-b8f6-bb136447d900:group-F96BB9C54407:LeaderElection19] INFO  server.RaftServerConfigKeys (ConfUtils.java:logGet(43)) - raft.server.staging.catchup.gap = 1000 (default)
2019-08-20 15:24:08,621 [79059cc4-1000-433d-b8f6-bb136447d900:group-F96BB9C54407:LeaderElection19] INFO  server.RaftServerConfigKeys (ConfUtils.java:logGet(43)) - raft.server.rpc.sleep.time = 25ms (default)
2019-08-20 15:24:08,621 [79059cc4-1000-433d-b8f6-bb136447d900:group-F96BB9C54407:LeaderElection19] INFO  server.RaftServerConfigKeys (ConfUtils.java:logGet(43)) - raft.server.write.element-limit = 4096 (default)
2019-08-20 15:24:08,621 [79059cc4-1000-433d-b8f6-bb136447d900:group-F96BB9C54407:LeaderElection19] INFO  server.RaftServerConfigKeys (ConfUtils.java:logGet(43)) - raft.server.watch.timeout = 10s (default)
2019-08-20 15:24:08,621 [79059cc4-1000-433d-b8f6-bb136447d900:group-F96BB9C54407:LeaderElection19] INFO  server.RaftServerConfigKeys (ConfUtils.java:logGet(43)) - raft.server.watch.timeout.denomination = 1s (default)
2019-08-20 15:24:08,621 [79059cc4-1000-433d-b8f6-bb136447d900:group-F96BB9C54407:LeaderElection19] INFO  server.RaftServerConfigKeys (ConfUtils.java:logGet(43)) - raft.server.watch.element-limit = 65536 (default)
2019-08-20 15:24:08,621 [79059cc4-1000-433d-b8f6-bb136447d900:group-F96BB9C54407:LeaderElection19] INFO  impl.RoleInfo (RoleInfo.java:updateAndGet(143)) - 79059cc4-1000-433d-b8f6-bb136447d900: start LeaderState
2019-08-20 15:24:08,621 [79059cc4-1000-433d-b8f6-bb136447d900:group-F96BB9C54407:LeaderElection19] INFO  segmented.SegmentedRaftLogWorker (SegmentedRaftLogWorker.java:startLogSegment(380)) - 79059cc4-1000-433d-b8f6-bb136447d900-SegmentedRaftLogWorker:Storage Directory /workdir/hadoop-ozone/integration-test/target/test-dir/MiniOzoneClusterImpl-985c7318-59c1-459c-b117-5bea8fb64214/datanode-0/data/ratis/2a0be2e6-000f-4c59-b8c4-f96bb9c54407: Starting segment from index:0
2019-08-20 15:24:08,622 [79059cc4-1000-433d-b8f6-bb136447d900:group-F96BB9C54407:LeaderElection19] INFO  impl.RaftServerImpl (ServerState.java:setRaftConf(361)) - 79059cc4-1000-433d-b8f6-bb136447d900:group-F96BB9C54407 set configuration 0: [79059cc4-1000-433d-b8f6-bb136447d900:192.168.69.96:42288], old=null at 0
2019-08-20 15:24:08,663 [79059cc4-1000-433d-b8f6-bb136447d900-SegmentedRaftLogWorker:Storage Directory /workdir/hadoop-ozone/integration-test/target/test-dir/MiniOzoneClusterImpl-985c7318-59c1-459c-b117-5bea8fb64214/datanode-0/data/ratis/2a0be2e6-000f-4c59-b8c4-f96bb9c54407] INFO  segmented.SegmentedRaftLogWorker (SegmentedRaftLogWorker.java:execute(569)) - 79059cc4-1000-433d-b8f6-bb136447d900-SegmentedRaftLogWorker:Storage Directory /workdir/hadoop-ozone/integration-test/target/test-dir/MiniOzoneClusterImpl-985c7318-59c1-459c-b117-5bea8fb64214/datanode-0/data/ratis/2a0be2e6-000f-4c59-b8c4-f96bb9c54407: created new log segment /workdir/hadoop-ozone/integration-test/target/test-dir/MiniOzoneClusterImpl-985c7318-59c1-459c-b117-5bea8fb64214/datanode-0/data/ratis/2a0be2e6-000f-4c59-b8c4-f96bb9c54407/current/log_inprogress_0
2019-08-20 15:24:08,920 [main] INFO  ozoneimpl.OzoneContainer (OzoneContainer.java:stop(199)) - Attempting to stop container services.
2019-08-20 15:24:08,920 [ForkJoinPool.commonPool-worker-1] INFO  ozoneimpl.OzoneContainer (OzoneContainer.java:stop(199)) - Attempting to stop container services.
2019-08-20 15:24:08,920 [main] INFO  impl.RaftServerProxy (RaftServerProxy.java:lambda$close$4(314)) - 1ab56027-920f-45ef-b012-dea18e451f4d: close
2019-08-20 15:24:08,920 [ForkJoinPool.commonPool-worker-1] INFO  impl.RaftServerProxy (RaftServerProxy.java:lambda$close$4(314)) - 79059cc4-1000-433d-b8f6-bb136447d900: close
2019-08-20 15:24:08,921 [main] INFO  impl.RaftServerImpl (RaftServerImpl.java:lambda$shutdown$3(245)) - 1ab56027-920f-45ef-b012-dea18e451f4d: shutdown group-9C14A02FC851
2019-08-20 15:24:08,921 [ForkJoinPool.commonPool-worker-1] INFO  impl.RaftServerImpl (RaftServerImpl.java:lambda$shutdown$3(245)) - 79059cc4-1000-433d-b8f6-bb136447d900: shutdown group-9C14A02FC851
2019-08-20 15:24:08,921 [main] INFO  util.JmxRegister (JmxRegister.java:unregister(73)) - Successfully un-registered JMX Bean with object name Ratis:service=RaftServer,group=group-9C14A02FC851,id=1ab56027-920f-45ef-b012-dea18e451f4d
2019-08-20 15:24:08,921 [ForkJoinPool.commonPool-worker-1] INFO  util.JmxRegister (JmxRegister.java:unregister(73)) - Successfully un-registered JMX Bean with object name Ratis:service=RaftServer,group=group-9C14A02FC851,id=79059cc4-1000-433d-b8f6-bb136447d900
2019-08-20 15:24:08,922 [main] INFO  impl.RoleInfo (RoleInfo.java:shutdownFollowerState(121)) - 1ab56027-920f-45ef-b012-dea18e451f4d: shutdown FollowerState
2019-08-20 15:24:08,922 [ForkJoinPool.commonPool-worker-1] INFO  impl.RoleInfo (RoleInfo.java:shutdownFollowerState(121)) - 79059cc4-1000-433d-b8f6-bb136447d900: shutdown FollowerState
2019-08-20 15:24:08,922 [Thread-621] INFO  impl.FollowerState (FollowerState.java:run(114)) - 1ab56027-920f-45ef-b012-dea18e451f4d: FollowerState was interrupted: java.lang.InterruptedException: sleep interrupted
2019-08-20 15:24:08,922 [main] INFO  impl.StateMachineUpdater (StateMachineUpdater.java:stopAndJoin(115)) - StateMachineUpdater:1ab56027-920f-45ef-b012-dea18e451f4d:group-9C14A02FC851: set stopIndex = -1
2019-08-20 15:24:08,925 [Thread-620] INFO  impl.FollowerState (FollowerState.java:run(114)) - 79059cc4-1000-433d-b8f6-bb136447d900: FollowerState was interrupted: java.lang.InterruptedException: sleep interrupted
2019-08-20 15:24:08,924 [ForkJoinPool.commonPool-worker-1] INFO  impl.StateMachineUpdater (StateMachineUpdater.java:stopAndJoin(115)) - StateMachineUpdater:79059cc4-1000-433d-b8f6-bb136447d900:group-9C14A02FC851: set stopIndex = -1
2019-08-20 15:24:08,926 [ForkJoinPool.commonPool-worker-1] INFO  impl.RaftServerImpl (ServerState.java:close(394)) - 79059cc4-1000-433d-b8f6-bb136447d900:group-9C14A02FC851 closes. The last applied log index is -1
2019-08-20 15:24:08,925 [main] INFO  impl.RaftServerImpl (ServerState.java:close(394)) - 1ab56027-920f-45ef-b012-dea18e451f4d:group-9C14A02FC851 closes. The last applied log index is -1
2019-08-20 15:24:08,927 [79059cc4-1000-433d-b8f6-bb136447d900-SegmentedRaftLogWorker:Storage Directory /workdir/hadoop-ozone/integration-test/target/test-dir/MiniOzoneClusterImpl-985c7318-59c1-459c-b117-5bea8fb64214/datanode-0/data/ratis/d9641287-7d01-4f26-ab4d-9c14a02fc851] INFO  segmented.SegmentedRaftLogWorker (SegmentedRaftLogWorker.java:run(313)) - 79059cc4-1000-433d-b8f6-bb136447d900-SegmentedRaftLogWorker:Storage Directory /workdir/hadoop-ozone/integration-test/target/test-dir/MiniOzoneClusterImpl-985c7318-59c1-459c-b117-5bea8fb64214/datanode-0/data/ratis/d9641287-7d01-4f26-ab4d-9c14a02fc851 was interrupted, exiting. There are 0 tasks remaining in the queue.
2019-08-20 15:24:08,927 [1ab56027-920f-45ef-b012-dea18e451f4d-SegmentedRaftLogWorker:Storage Directory /workdir/hadoop-ozone/integration-test/target/test-dir/MiniOzoneClusterImpl-985c7318-59c1-459c-b117-5bea8fb64214/datanode-1/data/ratis/d9641287-7d01-4f26-ab4d-9c14a02fc851] INFO  segmented.SegmentedRaftLogWorker (SegmentedRaftLogWorker.java:run(313)) - 1ab56027-920f-45ef-b012-dea18e451f4d-SegmentedRaftLogWorker:Storage Directory /workdir/hadoop-ozone/integration-test/target/test-dir/MiniOzoneClusterImpl-985c7318-59c1-459c-b117-5bea8fb64214/datanode-1/data/ratis/d9641287-7d01-4f26-ab4d-9c14a02fc851 was interrupted, exiting. There are 0 tasks remaining in the queue.
2019-08-20 15:24:08,927 [ForkJoinPool.commonPool-worker-1] INFO  segmented.SegmentedRaftLogWorker (SegmentedRaftLogWorker.java:close(228)) - 79059cc4-1000-433d-b8f6-bb136447d900-SegmentedRaftLogWorker:Storage Directory /workdir/hadoop-ozone/integration-test/target/test-dir/MiniOzoneClusterImpl-985c7318-59c1-459c-b117-5bea8fb64214/datanode-0/data/ratis/d9641287-7d01-4f26-ab4d-9c14a02fc851 close()
2019-08-20 15:24:08,927 [main] INFO  segmented.SegmentedRaftLogWorker (SegmentedRaftLogWorker.java:close(228)) - 1ab56027-920f-45ef-b012-dea18e451f4d-SegmentedRaftLogWorker:Storage Directory /workdir/hadoop-ozone/integration-test/target/test-dir/MiniOzoneClusterImpl-985c7318-59c1-459c-b117-5bea8fb64214/datanode-1/data/ratis/d9641287-7d01-4f26-ab4d-9c14a02fc851 close()
2019-08-20 15:24:08,929 [ForkJoinPool.commonPool-worker-1] INFO  impl.RaftServerImpl (RaftServerImpl.java:lambda$shutdown$3(245)) - 79059cc4-1000-433d-b8f6-bb136447d900: shutdown group-836F314DBD82
2019-08-20 15:24:08,931 [main] INFO  impl.RaftServerImpl (RaftServerImpl.java:lambda$shutdown$3(245)) - 1ab56027-920f-45ef-b012-dea18e451f4d: shutdown group-EDBE92749861
2019-08-20 15:24:08,931 [ForkJoinPool.commonPool-worker-1] INFO  util.JmxRegister (JmxRegister.java:unregister(73)) - Successfully un-registered JMX Bean with object name Ratis:service=RaftServer,group=group-836F314DBD82,id=79059cc4-1000-433d-b8f6-bb136447d900
2019-08-20 15:24:08,932 [main] INFO  util.JmxRegister (JmxRegister.java:unregister(73)) - Successfully un-registered JMX Bean with object name Ratis:service=RaftServer,group=group-EDBE92749861,id=1ab56027-920f-45ef-b012-dea18e451f4d
2019-08-20 15:24:08,932 [main] INFO  impl.RoleInfo (RoleInfo.java:shutdownLeaderState(104)) - 1ab56027-920f-45ef-b012-dea18e451f4d: shutdown LeaderState
2019-08-20 15:24:08,932 [ForkJoinPool.commonPool-worker-1] INFO  impl.RoleInfo (RoleInfo.java:shutdownLeaderState(104)) - 79059cc4-1000-433d-b8f6-bb136447d900: shutdown LeaderState
2019-08-20 15:24:08,933 [main] INFO  impl.PendingRequests (PendingRequests.java:sendNotLeaderResponses(202)) - 1ab56027-920f-45ef-b012-dea18e451f4d-PendingRequests: sendNotLeaderResponses
2019-08-20 15:24:08,933 [ForkJoinPool.commonPool-worker-1] INFO  impl.PendingRequests (PendingRequests.java:sendNotLeaderResponses(202)) - 79059cc4-1000-433d-b8f6-bb136447d900-PendingRequests: sendNotLeaderResponses
2019-08-20 15:24:08,937 [main] INFO  impl.StateMachineUpdater (StateMachineUpdater.java:stopAndJoin(115)) - StateMachineUpdater:1ab56027-920f-45ef-b012-dea18e451f4d:group-EDBE92749861: set stopIndex = 2
2019-08-20 15:24:08,940 [ForkJoinPool.commonPool-worker-1] INFO  impl.StateMachineUpdater (StateMachineUpdater.java:stopAndJoin(115)) - StateMachineUpdater:79059cc4-1000-433d-b8f6-bb136447d900:group-836F314DBD82: set stopIndex = 2
2019-08-20 15:24:08,940 [main] INFO  impl.RaftServerImpl (ServerState.java:close(394)) - 1ab56027-920f-45ef-b012-dea18e451f4d:group-EDBE92749861 closes. The last applied log index is 2
2019-08-20 15:24:08,940 [ForkJoinPool.commonPool-worker-1] INFO  impl.RaftServerImpl (ServerState.java:close(394)) - 79059cc4-1000-433d-b8f6-bb136447d900:group-836F314DBD82 closes. The last applied log index is 2
2019-08-20 15:24:08,941 [1ab56027-920f-45ef-b012-dea18e451f4d-SegmentedRaftLogWorker:Storage Directory /workdir/hadoop-ozone/integration-test/target/test-dir/MiniOzoneClusterImpl-985c7318-59c1-459c-b117-5bea8fb64214/datanode-1/data/ratis/45e96493-582c-4a01-af48-edbe92749861] INFO  segmented.SegmentedRaftLogWorker (SegmentedRaftLogWorker.java:run(313)) - 1ab56027-920f-45ef-b012-dea18e451f4d-SegmentedRaftLogWorker:Storage Directory /workdir/hadoop-ozone/integration-test/target/test-dir/MiniOzoneClusterImpl-985c7318-59c1-459c-b117-5bea8fb64214/datanode-1/data/ratis/45e96493-582c-4a01-af48-edbe92749861 was interrupted, exiting. There are 0 tasks remaining in the queue.
2019-08-20 15:24:08,941 [79059cc4-1000-433d-b8f6-bb136447d900-SegmentedRaftLogWorker:Storage Directory /workdir/hadoop-ozone/integration-test/target/test-dir/MiniOzoneClusterImpl-985c7318-59c1-459c-b117-5bea8fb64214/datanode-0/data/ratis/27f46263-6e81-489c-9f6e-836f314dbd82] INFO  segmented.SegmentedRaftLogWorker (SegmentedRaftLogWorker.java:run(313)) - 79059cc4-1000-433d-b8f6-bb136447d900-SegmentedRaftLogWorker:Storage Directory /workdir/hadoop-ozone/integration-test/target/test-dir/MiniOzoneClusterImpl-985c7318-59c1-459c-b117-5bea8fb64214/datanode-0/data/ratis/27f46263-6e81-489c-9f6e-836f314dbd82 was interrupted, exiting. There are 0 tasks remaining in the queue.
2019-08-20 15:24:08,943 [main] INFO  segmented.SegmentedRaftLogWorker (SegmentedRaftLogWorker.java:close(228)) - 1ab56027-920f-45ef-b012-dea18e451f4d-SegmentedRaftLogWorker:Storage Directory /workdir/hadoop-ozone/integration-test/target/test-dir/MiniOzoneClusterImpl-985c7318-59c1-459c-b117-5bea8fb64214/datanode-1/data/ratis/45e96493-582c-4a01-af48-edbe92749861 close()
2019-08-20 15:24:08,943 [ForkJoinPool.commonPool-worker-1] INFO  segmented.SegmentedRaftLogWorker (SegmentedRaftLogWorker.java:close(228)) - 79059cc4-1000-433d-b8f6-bb136447d900-SegmentedRaftLogWorker:Storage Directory /workdir/hadoop-ozone/integration-test/target/test-dir/MiniOzoneClusterImpl-985c7318-59c1-459c-b117-5bea8fb64214/datanode-0/data/ratis/27f46263-6e81-489c-9f6e-836f314dbd82 close()
2019-08-20 15:24:08,944 [main] INFO  impl.RaftServerImpl (RaftServerImpl.java:lambda$shutdown$3(245)) - 1ab56027-920f-45ef-b012-dea18e451f4d: shutdown group-C13886FDD451
2019-08-20 15:24:08,946 [ForkJoinPool.commonPool-worker-1] INFO  impl.RaftServerImpl (RaftServerImpl.java:lambda$shutdown$3(245)) - 79059cc4-1000-433d-b8f6-bb136447d900: shutdown group-F96BB9C54407
2019-08-20 15:24:08,946 [main] INFO  util.JmxRegister (JmxRegister.java:unregister(73)) - Successfully un-registered JMX Bean with object name Ratis:service=RaftServer,group=group-C13886FDD451,id=1ab56027-920f-45ef-b012-dea18e451f4d
2019-08-20 15:24:08,946 [ForkJoinPool.commonPool-worker-1] INFO  util.JmxRegister (JmxRegister.java:unregister(73)) - Successfully un-registered JMX Bean with object name Ratis:service=RaftServer,group=group-F96BB9C54407,id=79059cc4-1000-433d-b8f6-bb136447d900
2019-08-20 15:24:08,946 [main] INFO  impl.RoleInfo (RoleInfo.java:shutdownLeaderState(104)) - 1ab56027-920f-45ef-b012-dea18e451f4d: shutdown LeaderState
2019-08-20 15:24:08,947 [ForkJoinPool.commonPool-worker-1] INFO  impl.RoleInfo (RoleInfo.java:shutdownLeaderState(104)) - 79059cc4-1000-433d-b8f6-bb136447d900: shutdown LeaderState
2019-08-20 15:24:08,947 [main] INFO  impl.PendingRequests (PendingRequests.java:sendNotLeaderResponses(202)) - 1ab56027-920f-45ef-b012-dea18e451f4d-PendingRequests: sendNotLeaderResponses
2019-08-20 15:24:08,947 [ForkJoinPool.commonPool-worker-1] INFO  impl.PendingRequests (PendingRequests.java:sendNotLeaderResponses(202)) - 79059cc4-1000-433d-b8f6-bb136447d900-PendingRequests: sendNotLeaderResponses
2019-08-20 15:24:08,947 [main] INFO  impl.StateMachineUpdater (StateMachineUpdater.java:stopAndJoin(115)) - StateMachineUpdater:1ab56027-920f-45ef-b012-dea18e451f4d:group-C13886FDD451: set stopIndex = 0
2019-08-20 15:24:08,947 [ForkJoinPool.commonPool-worker-1] INFO  impl.StateMachineUpdater (StateMachineUpdater.java:stopAndJoin(115)) - StateMachineUpdater:79059cc4-1000-433d-b8f6-bb136447d900:group-F96BB9C54407: set stopIndex = 0
2019-08-20 15:24:08,951 [main] INFO  impl.RaftServerImpl (ServerState.java:close(394)) - 1ab56027-920f-45ef-b012-dea18e451f4d:group-C13886FDD451 closes. The last applied log index is 0
2019-08-20 15:24:08,951 [ForkJoinPool.commonPool-worker-1] INFO  impl.RaftServerImpl (ServerState.java:close(394)) - 79059cc4-1000-433d-b8f6-bb136447d900:group-F96BB9C54407 closes. The last applied log index is 0
2019-08-20 15:24:08,952 [1ab56027-920f-45ef-b012-dea18e451f4d-SegmentedRaftLogWorker:Storage Directory /workdir/hadoop-ozone/integration-test/target/test-dir/MiniOzoneClusterImpl-985c7318-59c1-459c-b117-5bea8fb64214/datanode-1/data/ratis/7277db73-b4f2-4eab-94af-c13886fdd451] INFO  segmented.SegmentedRaftLogWorker (SegmentedRaftLogWorker.java:run(313)) - 1ab56027-920f-45ef-b012-dea18e451f4d-SegmentedRaftLogWorker:Storage Directory /workdir/hadoop-ozone/integration-test/target/test-dir/MiniOzoneClusterImpl-985c7318-59c1-459c-b117-5bea8fb64214/datanode-1/data/ratis/7277db73-b4f2-4eab-94af-c13886fdd451 was interrupted, exiting. There are 0 tasks remaining in the queue.
2019-08-20 15:24:08,952 [79059cc4-1000-433d-b8f6-bb136447d900-SegmentedRaftLogWorker:Storage Directory /workdir/hadoop-ozone/integration-test/target/test-dir/MiniOzoneClusterImpl-985c7318-59c1-459c-b117-5bea8fb64214/datanode-0/data/ratis/2a0be2e6-000f-4c59-b8c4-f96bb9c54407] INFO  segmented.SegmentedRaftLogWorker (SegmentedRaftLogWorker.java:run(313)) - 79059cc4-1000-433d-b8f6-bb136447d900-SegmentedRaftLogWorker:Storage Directory /workdir/hadoop-ozone/integration-test/target/test-dir/MiniOzoneClusterImpl-985c7318-59c1-459c-b117-5bea8fb64214/datanode-0/data/ratis/2a0be2e6-000f-4c59-b8c4-f96bb9c54407 was interrupted, exiting. There are 0 tasks remaining in the queue.
2019-08-20 15:24:08,955 [main] INFO  segmented.SegmentedRaftLogWorker (SegmentedRaftLogWorker.java:close(228)) - 1ab56027-920f-45ef-b012-dea18e451f4d-SegmentedRaftLogWorker:Storage Directory /workdir/hadoop-ozone/integration-test/target/test-dir/MiniOzoneClusterImpl-985c7318-59c1-459c-b117-5bea8fb64214/datanode-1/data/ratis/7277db73-b4f2-4eab-94af-c13886fdd451 close()
2019-08-20 15:24:08,955 [ForkJoinPool.commonPool-worker-1] INFO  segmented.SegmentedRaftLogWorker (SegmentedRaftLogWorker.java:close(228)) - 79059cc4-1000-433d-b8f6-bb136447d900-SegmentedRaftLogWorker:Storage Directory /workdir/hadoop-ozone/integration-test/target/test-dir/MiniOzoneClusterImpl-985c7318-59c1-459c-b117-5bea8fb64214/datanode-0/data/ratis/2a0be2e6-000f-4c59-b8c4-f96bb9c54407 close()
2019-08-20 15:24:08,956 [main] INFO  server.GrpcService (GrpcService.java:closeImpl(155)) - 1ab56027-920f-45ef-b012-dea18e451f4d: shutdown server with port 41729 now
2019-08-20 15:24:08,957 [ForkJoinPool.commonPool-worker-1] INFO  server.GrpcService (GrpcService.java:closeImpl(155)) - 79059cc4-1000-433d-b8f6-bb136447d900: shutdown server with port 42288 now
2019-08-20 15:24:08,957 [main] INFO  server.GrpcService (GrpcService.java:closeImpl(163)) - 1ab56027-920f-45ef-b012-dea18e451f4d: shutdown server with port 41729 successfully
2019-08-20 15:24:08,957 [ForkJoinPool.commonPool-worker-1] INFO  server.GrpcService (GrpcService.java:closeImpl(163)) - 79059cc4-1000-433d-b8f6-bb136447d900: shutdown server with port 42288 successfully
2019-08-20 15:24:08,958 [ForkJoinPool.commonPool-worker-1] INFO  utils.BackgroundService (BackgroundService.java:shutdown(148)) - Shutting down service BlockDeletingService
2019-08-20 15:24:08,959 [main] INFO  utils.BackgroundService (BackgroundService.java:shutdown(148)) - Shutting down service BlockDeletingService
2019-08-20 15:24:08,960 [refreshUsed-/workdir/hadoop-ozone/integration-test/target/test-dir/MiniOzoneClusterImpl-985c7318-59c1-459c-b117-5bea8fb64214/datanode-0/data/containers] WARN  fs.CachingGetSpaceUsed (CachingGetSpaceUsed.java:run(183)) - Thread Interrupted waiting to refresh disk information: sleep interrupted
2019-08-20 15:24:08,960 [refreshUsed-/workdir/hadoop-ozone/integration-test/target/test-dir/MiniOzoneClusterImpl-985c7318-59c1-459c-b117-5bea8fb64214/datanode-1/data/containers] WARN  fs.CachingGetSpaceUsed (CachingGetSpaceUsed.java:run(183)) - Thread Interrupted waiting to refresh disk information: sleep interrupted
2019-08-20 15:24:08,976 [ForkJoinPool.commonPool-worker-1] INFO  statemachine.DatanodeStateMachine (DatanodeStateMachine.java:stopDaemon(395)) - Ozone container server stopped.
2019-08-20 15:24:08,979 [ForkJoinPool.commonPool-worker-1] INFO  handler.ContextHandler (ContextHandler.java:doStop(910)) - Stopped o.e.j.w.WebAppContext@4aa90a45{/,null,UNAVAILABLE}{/hddsDatanode}
2019-08-20 15:24:08,980 [ForkJoinPool.commonPool-worker-1] INFO  server.AbstractConnector (AbstractConnector.java:doStop(318)) - Stopped ServerConnector@2a6cb89b{HTTP/1.1,[http/1.1]}{0.0.0.0:45902}
2019-08-20 15:24:08,981 [ForkJoinPool.commonPool-worker-1] INFO  handler.ContextHandler (ContextHandler.java:doStop(910)) - Stopped o.e.j.s.ServletContextHandler@651b3f20{/static,jar:file:/home/user/.m2/repository/org/apache/hadoop/hadoop-hdds-container-service/0.5.0-SNAPSHOT/hadoop-hdds-container-service-0.5.0-SNAPSHOT.jar!/webapps/static,UNAVAILABLE}
2019-08-20 15:24:08,982 [ForkJoinPool.commonPool-worker-1] INFO  handler.ContextHandler (ContextHandler.java:doStop(910)) - Stopped o.e.j.s.ServletContextHandler@2c2cb885{/logs,file:///workdir/hadoop-ozone/integration-test/target/log,UNAVAILABLE}
2019-08-20 15:24:08,984 [main] INFO  statemachine.DatanodeStateMachine (DatanodeStateMachine.java:stopDaemon(395)) - Ozone container server stopped.
2019-08-20 15:24:08,984 [ForkJoinPool.commonPool-worker-1] INFO  datanode.ObjectStoreHandler (ObjectStoreHandler.java:close(155)) - Closing ObjectStoreHandler.
2019-08-20 15:24:08,986 [ForkJoinPool.commonPool-worker-1] INFO  ozone.HddsDatanodeService (HddsDatanodeService.java:stop(451)) - Stopped plug-in org.apache.hadoop.ozone.web.OzoneHddsDatanodeService@66d48e8b
2019-08-20 15:24:08,987 [main] INFO  handler.ContextHandler (ContextHandler.java:doStop(910)) - Stopped o.e.j.w.WebAppContext@5d28bf2d{/,null,UNAVAILABLE}{/hddsDatanode}
2019-08-20 15:24:08,987 [main] INFO  server.AbstractConnector (AbstractConnector.java:doStop(318)) - Stopped ServerConnector@1a10dbf8{HTTP/1.1,[http/1.1]}{0.0.0.0:45163}
2019-08-20 15:24:08,988 [main] INFO  handler.ContextHandler (ContextHandler.java:doStop(910)) - Stopped o.e.j.s.ServletContextHandler@ac8acc{/static,jar:file:/home/user/.m2/repository/org/apache/hadoop/hadoop-hdds-container-service/0.5.0-SNAPSHOT/hadoop-hdds-container-service-0.5.0-SNAPSHOT.jar!/webapps/static,UNAVAILABLE}
2019-08-20 15:24:08,989 [main] INFO  handler.ContextHandler (ContextHandler.java:doStop(910)) - Stopped o.e.j.s.ServletContextHandler@6ac48740{/logs,file:///workdir/hadoop-ozone/integration-test/target/log,UNAVAILABLE}
2019-08-20 15:24:09,356 [EventQueue-StaleNodeForStaleNodeHandler] INFO  node.StaleNodeHandler (StaleNodeHandler.java:onMessage(58)) - Datanode 79059cc4-1000-433d-b8f6-bb136447d900{ip: 192.168.69.96, host: pr-hdds-1946lgncr-3764977478, networkLocation: /default-rack, certSerialId: null} moved to stale state. Finalizing its pipelines [PipelineID=d9641287-7d01-4f26-ab4d-9c14a02fc851, PipelineID=27f46263-6e81-489c-9f6e-836f314dbd82, PipelineID=2a0be2e6-000f-4c59-b8c4-f96bb9c54407]
2019-08-20 15:24:09,357 [EventQueue-StaleNodeForStaleNodeHandler] INFO  pipeline.SCMPipelineManager (SCMPipelineManager.java:finalizeAndDestroyPipeline(309)) - destroying pipeline:Pipeline[ Id: d9641287-7d01-4f26-ab4d-9c14a02fc851, Nodes: 3ba89adc-d403-4b9d-8267-150dfa29993f{ip: 192.168.69.96, host: pr-hdds-1946lgncr-3764977478, networkLocation: /default-rack, certSerialId: null}1ab56027-920f-45ef-b012-dea18e451f4d{ip: 192.168.69.96, host: pr-hdds-1946lgncr-3764977478, networkLocation: /default-rack, certSerialId: null}79059cc4-1000-433d-b8f6-bb136447d900{ip: 192.168.69.96, host: pr-hdds-1946lgncr-3764977478, networkLocation: /default-rack, certSerialId: null}, Type:RATIS, Factor:THREE, State:CLOSED]
2019-08-20 15:24:09,357 [EventQueue-StaleNodeForStaleNodeHandler] INFO  pipeline.SCMPipelineManager (SCMPipelineManager.java:finalizeAndDestroyPipeline(309)) - destroying pipeline:Pipeline[ Id: 27f46263-6e81-489c-9f6e-836f314dbd82, Nodes: 79059cc4-1000-433d-b8f6-bb136447d900{ip: 192.168.69.96, host: pr-hdds-1946lgncr-3764977478, networkLocation: /default-rack, certSerialId: null}, Type:RATIS, Factor:ONE, State:CLOSED]
2019-08-20 15:24:09,357 [EventQueue-StaleNodeForStaleNodeHandler] INFO  pipeline.SCMPipelineManager (SCMPipelineManager.java:finalizeAndDestroyPipeline(309)) - destroying pipeline:Pipeline[ Id: 2a0be2e6-000f-4c59-b8c4-f96bb9c54407, Nodes: 79059cc4-1000-433d-b8f6-bb136447d900{ip: 192.168.69.96, host: pr-hdds-1946lgncr-3764977478, networkLocation: /default-rack, certSerialId: null}, Type:RATIS, Factor:ONE, State:OPEN]
2019-08-20 15:24:09,358 [EventQueue-StaleNodeForStaleNodeHandler] INFO  pipeline.PipelineStateManager (PipelineStateManager.java:finalizePipeline(123)) - Pipeline Pipeline[ Id: 2a0be2e6-000f-4c59-b8c4-f96bb9c54407, Nodes: 79059cc4-1000-433d-b8f6-bb136447d900{ip: 192.168.69.96, host: pr-hdds-1946lgncr-3764977478, networkLocation: /default-rack, certSerialId: null}, Type:RATIS, Factor:ONE, State:CLOSED] moved to CLOSED state
2019-08-20 15:24:09,479 [Thread-625] INFO  impl.FollowerState (FollowerState.java:run(106)) - 3ba89adc-d403-4b9d-8267-150dfa29993f:group-9C14A02FC851 changes to CANDIDATE, lastRpcTime:5042, electionTimeout:5042ms
2019-08-20 15:24:09,479 [Thread-625] INFO  impl.RoleInfo (RoleInfo.java:shutdownFollowerState(121)) - 3ba89adc-d403-4b9d-8267-150dfa29993f: shutdown FollowerState
2019-08-20 15:24:09,479 [Thread-625] INFO  impl.RaftServerImpl (RaftServerImpl.java:setRole(171)) - 3ba89adc-d403-4b9d-8267-150dfa29993f:group-9C14A02FC851 changes role from FOLLOWER to CANDIDATE at term 0 for changeToCandidate
2019-08-20 15:24:09,479 [Thread-625] INFO  impl.RoleInfo (RoleInfo.java:updateAndGet(143)) - 3ba89adc-d403-4b9d-8267-150dfa29993f: start LeaderElection
2019-08-20 15:24:09,494 [3ba89adc-d403-4b9d-8267-150dfa29993f:group-9C14A02FC851:LeaderElection20] INFO  impl.LeaderElection (LeaderElection.java:askForVotes(181)) - 3ba89adc-d403-4b9d-8267-150dfa29993f:group-9C14A02FC851:LeaderElection20: begin an election at term 1 for -1: [1ab56027-920f-45ef-b012-dea18e451f4d:192.168.69.96:41729, 79059cc4-1000-433d-b8f6-bb136447d900:192.168.69.96:42288, 3ba89adc-d403-4b9d-8267-150dfa29993f:192.168.69.96:41312], old=null
2019-08-20 15:24:09,498 [3ba89adc-d403-4b9d-8267-150dfa29993f:group-9C14A02FC851:LeaderElection20] INFO  impl.LeaderElection (LogUtils.java:infoOrTrace(149)) - 3ba89adc-d403-4b9d-8267-150dfa29993f:group-9C14A02FC851:LeaderElection20 got exception when requesting votes: {}
java.util.concurrent.ExecutionException: org.apache.ratis.thirdparty.io.grpc.StatusRuntimeException: UNAVAILABLE: io exception
	at java.util.concurrent.FutureTask.report(FutureTask.java:122)
	at java.util.concurrent.FutureTask.get(FutureTask.java:192)
	at org.apache.ratis.server.impl.LeaderElection.waitForResults(LeaderElection.java:262)
	at org.apache.ratis.server.impl.LeaderElection.askForVotes(LeaderElection.java:200)
	at org.apache.ratis.server.impl.LeaderElection.run(LeaderElection.java:130)
	at java.lang.Thread.run(Thread.java:748)
Caused by: org.apache.ratis.thirdparty.io.grpc.StatusRuntimeException: UNAVAILABLE: io exception
	at org.apache.ratis.thirdparty.io.grpc.stub.ClientCalls.toStatusRuntimeException(ClientCalls.java:233)
	at org.apache.ratis.thirdparty.io.grpc.stub.ClientCalls.getUnchecked(ClientCalls.java:214)
	at org.apache.ratis.thirdparty.io.grpc.stub.ClientCalls.blockingUnaryCall(ClientCalls.java:139)
	at org.apache.ratis.proto.grpc.RaftServerProtocolServiceGrpc$RaftServerProtocolServiceBlockingStub.requestVote(RaftServerProtocolServiceGrpc.java:265)
	at org.apache.ratis.grpc.server.GrpcServerProtocolClient.requestVote(GrpcServerProtocolClient.java:83)
	at org.apache.ratis.grpc.server.GrpcService.requestVote(GrpcService.java:195)
	at org.apache.ratis.server.impl.LeaderElection.lambda$submitRequests$1(LeaderElection.java:237)
	at java.util.concurrent.FutureTask.run(FutureTask.java:266)
	at java.util.concurrent.Executors$RunnableAdapter.call(Executors.java:511)
	at java.util.concurrent.FutureTask.run(FutureTask.java:266)
	at java.util.concurrent.ThreadPoolExecutor.runWorker(ThreadPoolExecutor.java:1149)
	at java.util.concurrent.ThreadPoolExecutor$Worker.run(ThreadPoolExecutor.java:624)
	... 1 more
Caused by: org.apache.ratis.thirdparty.io.netty.channel.AbstractChannel$AnnotatedConnectException: Connection refused: /192.168.69.96:41729
	at sun.nio.ch.SocketChannelImpl.checkConnect(Native Method)
	at sun.nio.ch.SocketChannelImpl.finishConnect(SocketChannelImpl.java:717)
	at org.apache.ratis.thirdparty.io.netty.channel.socket.nio.NioSocketChannel.doFinishConnect(NioSocketChannel.java:327)
	at org.apache.ratis.thirdparty.io.netty.channel.nio.AbstractNioChannel$AbstractNioUnsafe.finishConnect(AbstractNioChannel.java:340)
	at org.apache.ratis.thirdparty.io.netty.channel.nio.NioEventLoop.processSelectedKey(NioEventLoop.java:632)
	at org.apache.ratis.thirdparty.io.netty.channel.nio.NioEventLoop.processSelectedKeysOptimized(NioEventLoop.java:579)
	at org.apache.ratis.thirdparty.io.netty.channel.nio.NioEventLoop.processSelectedKeys(NioEventLoop.java:496)
	at org.apache.ratis.thirdparty.io.netty.channel.nio.NioEventLoop.run(NioEventLoop.java:458)
	at org.apache.ratis.thirdparty.io.netty.util.concurrent.SingleThreadEventExecutor$5.run(SingleThreadEventExecutor.java:897)
	at org.apache.ratis.thirdparty.io.netty.util.concurrent.FastThreadLocalRunnable.run(FastThreadLocalRunnable.java:30)
	... 1 more
Caused by: java.net.ConnectException: Connection refused
	... 11 more
2019-08-20 15:24:09,501 [3ba89adc-d403-4b9d-8267-150dfa29993f:group-9C14A02FC851:LeaderElection20] INFO  impl.LeaderElection (LogUtils.java:infoOrTrace(149)) - 3ba89adc-d403-4b9d-8267-150dfa29993f:group-9C14A02FC851:LeaderElection20 got exception when requesting votes: {}
java.util.concurrent.ExecutionException: org.apache.ratis.thirdparty.io.grpc.StatusRuntimeException: UNAVAILABLE: io exception
	at java.util.concurrent.FutureTask.report(FutureTask.java:122)
	at java.util.concurrent.FutureTask.get(FutureTask.java:192)
	at org.apache.ratis.server.impl.LeaderElection.waitForResults(LeaderElection.java:262)
	at org.apache.ratis.server.impl.LeaderElection.askForVotes(LeaderElection.java:200)
	at org.apache.ratis.server.impl.LeaderElection.run(LeaderElection.java:130)
	at java.lang.Thread.run(Thread.java:748)
Caused by: org.apache.ratis.thirdparty.io.grpc.StatusRuntimeException: UNAVAILABLE: io exception
	at org.apache.ratis.thirdparty.io.grpc.stub.ClientCalls.toStatusRuntimeException(ClientCalls.java:233)
	at org.apache.ratis.thirdparty.io.grpc.stub.ClientCalls.getUnchecked(ClientCalls.java:214)
	at org.apache.ratis.thirdparty.io.grpc.stub.ClientCalls.blockingUnaryCall(ClientCalls.java:139)
	at org.apache.ratis.proto.grpc.RaftServerProtocolServiceGrpc$RaftServerProtocolServiceBlockingStub.requestVote(RaftServerProtocolServiceGrpc.java:265)
	at org.apache.ratis.grpc.server.GrpcServerProtocolClient.requestVote(GrpcServerProtocolClient.java:83)
	at org.apache.ratis.grpc.server.GrpcService.requestVote(GrpcService.java:195)
	at org.apache.ratis.server.impl.LeaderElection.lambda$submitRequests$1(LeaderElection.java:237)
	at java.util.concurrent.FutureTask.run(FutureTask.java:266)
	at java.util.concurrent.Executors$RunnableAdapter.call(Executors.java:511)
	at java.util.concurrent.FutureTask.run(FutureTask.java:266)
	at java.util.concurrent.ThreadPoolExecutor.runWorker(ThreadPoolExecutor.java:1149)
	at java.util.concurrent.ThreadPoolExecutor$Worker.run(ThreadPoolExecutor.java:624)
	... 1 more
Caused by: org.apache.ratis.thirdparty.io.netty.channel.AbstractChannel$AnnotatedConnectException: Connection refused: /192.168.69.96:42288
	at sun.nio.ch.SocketChannelImpl.checkConnect(Native Method)
	at sun.nio.ch.SocketChannelImpl.finishConnect(SocketChannelImpl.java:717)
	at org.apache.ratis.thirdparty.io.netty.channel.socket.nio.NioSocketChannel.doFinishConnect(NioSocketChannel.java:327)
	at org.apache.ratis.thirdparty.io.netty.channel.nio.AbstractNioChannel$AbstractNioUnsafe.finishConnect(AbstractNioChannel.java:340)
	at org.apache.ratis.thirdparty.io.netty.channel.nio.NioEventLoop.processSelectedKey(NioEventLoop.java:632)
	at org.apache.ratis.thirdparty.io.netty.channel.nio.NioEventLoop.processSelectedKeysOptimized(NioEventLoop.java:579)
	at org.apache.ratis.thirdparty.io.netty.channel.nio.NioEventLoop.processSelectedKeys(NioEventLoop.java:496)
	at org.apache.ratis.thirdparty.io.netty.channel.nio.NioEventLoop.run(NioEventLoop.java:458)
	at org.apache.ratis.thirdparty.io.netty.util.concurrent.SingleThreadEventExecutor$5.run(SingleThreadEventExecutor.java:897)
	at org.apache.ratis.thirdparty.io.netty.util.concurrent.FastThreadLocalRunnable.run(FastThreadLocalRunnable.java:30)
	... 1 more
Caused by: java.net.ConnectException: Connection refused
	... 11 more
2019-08-20 15:24:09,502 [3ba89adc-d403-4b9d-8267-150dfa29993f:group-9C14A02FC851:LeaderElection20] INFO  impl.LeaderElection (LeaderElection.java:logAndReturn(56)) - 3ba89adc-d403-4b9d-8267-150dfa29993f:group-9C14A02FC851:LeaderElection20: Election REJECTED; received 0 response(s) [] and 2 exception(s); 3ba89adc-d403-4b9d-8267-150dfa29993f:t1, leader=null, voted=3ba89adc-d403-4b9d-8267-150dfa29993f, raftlog=3ba89adc-d403-4b9d-8267-150dfa29993f-SegmentedRaftLog:OPENED:c-1,f-1,i0, conf=-1: [1ab56027-920f-45ef-b012-dea18e451f4d:192.168.69.96:41729, 79059cc4-1000-433d-b8f6-bb136447d900:192.168.69.96:42288, 3ba89adc-d403-4b9d-8267-150dfa29993f:192.168.69.96:41312], old=null
2019-08-20 15:24:09,502 [3ba89adc-d403-4b9d-8267-150dfa29993f:group-9C14A02FC851:LeaderElection20] INFO  impl.LeaderElection (LogUtils.java:infoOrTrace(149)) -   Exception 0: {}
java.util.concurrent.ExecutionException: org.apache.ratis.thirdparty.io.grpc.StatusRuntimeException: UNAVAILABLE: io exception
	at java.util.concurrent.FutureTask.report(FutureTask.java:122)
	at java.util.concurrent.FutureTask.get(FutureTask.java:192)
	at org.apache.ratis.server.impl.LeaderElection.waitForResults(LeaderElection.java:262)
	at org.apache.ratis.server.impl.LeaderElection.askForVotes(LeaderElection.java:200)
	at org.apache.ratis.server.impl.LeaderElection.run(LeaderElection.java:130)
	at java.lang.Thread.run(Thread.java:748)
Caused by: org.apache.ratis.thirdparty.io.grpc.StatusRuntimeException: UNAVAILABLE: io exception
	at org.apache.ratis.thirdparty.io.grpc.stub.ClientCalls.toStatusRuntimeException(ClientCalls.java:233)
	at org.apache.ratis.thirdparty.io.grpc.stub.ClientCalls.getUnchecked(ClientCalls.java:214)
	at org.apache.ratis.thirdparty.io.grpc.stub.ClientCalls.blockingUnaryCall(ClientCalls.java:139)
	at org.apache.ratis.proto.grpc.RaftServerProtocolServiceGrpc$RaftServerProtocolServiceBlockingStub.requestVote(RaftServerProtocolServiceGrpc.java:265)
	at org.apache.ratis.grpc.server.GrpcServerProtocolClient.requestVote(GrpcServerProtocolClient.java:83)
	at org.apache.ratis.grpc.server.GrpcService.requestVote(GrpcService.java:195)
	at org.apache.ratis.server.impl.LeaderElection.lambda$submitRequests$1(LeaderElection.java:237)
	at java.util.concurrent.FutureTask.run(FutureTask.java:266)
	at java.util.concurrent.Executors$RunnableAdapter.call(Executors.java:511)
	at java.util.concurrent.FutureTask.run(FutureTask.java:266)
	at java.util.concurrent.ThreadPoolExecutor.runWorker(ThreadPoolExecutor.java:1149)
	at java.util.concurrent.ThreadPoolExecutor$Worker.run(ThreadPoolExecutor.java:624)
	... 1 more
Caused by: org.apache.ratis.thirdparty.io.netty.channel.AbstractChannel$AnnotatedConnectException: Connection refused: /192.168.69.96:41729
	at sun.nio.ch.SocketChannelImpl.checkConnect(Native Method)
	at sun.nio.ch.SocketChannelImpl.finishConnect(SocketChannelImpl.java:717)
	at org.apache.ratis.thirdparty.io.netty.channel.socket.nio.NioSocketChannel.doFinishConnect(NioSocketChannel.java:327)
	at org.apache.ratis.thirdparty.io.netty.channel.nio.AbstractNioChannel$AbstractNioUnsafe.finishConnect(AbstractNioChannel.java:340)
	at org.apache.ratis.thirdparty.io.netty.channel.nio.NioEventLoop.processSelectedKey(NioEventLoop.java:632)
	at org.apache.ratis.thirdparty.io.netty.channel.nio.NioEventLoop.processSelectedKeysOptimized(NioEventLoop.java:579)
	at org.apache.ratis.thirdparty.io.netty.channel.nio.NioEventLoop.processSelectedKeys(NioEventLoop.java:496)
	at org.apache.ratis.thirdparty.io.netty.channel.nio.NioEventLoop.run(NioEventLoop.java:458)
	at org.apache.ratis.thirdparty.io.netty.util.concurrent.SingleThreadEventExecutor$5.run(SingleThreadEventExecutor.java:897)
	at org.apache.ratis.thirdparty.io.netty.util.concurrent.FastThreadLocalRunnable.run(FastThreadLocalRunnable.java:30)
	... 1 more
Caused by: java.net.ConnectException: Connection refused
	... 11 more
2019-08-20 15:24:09,502 [3ba89adc-d403-4b9d-8267-150dfa29993f:group-9C14A02FC851:LeaderElection20] INFO  impl.LeaderElection (LogUtils.java:infoOrTrace(149)) -   Exception 1: {}
java.util.concurrent.ExecutionException: org.apache.ratis.thirdparty.io.grpc.StatusRuntimeException: UNAVAILABLE: io exception
	at java.util.concurrent.FutureTask.report(FutureTask.java:122)
	at java.util.concurrent.FutureTask.get(FutureTask.java:192)
	at org.apache.ratis.server.impl.LeaderElection.waitForResults(LeaderElection.java:262)
	at org.apache.ratis.server.impl.LeaderElection.askForVotes(LeaderElection.java:200)
	at org.apache.ratis.server.impl.LeaderElection.run(LeaderElection.java:130)
	at java.lang.Thread.run(Thread.java:748)
Caused by: org.apache.ratis.thirdparty.io.grpc.StatusRuntimeException: UNAVAILABLE: io exception
	at org.apache.ratis.thirdparty.io.grpc.stub.ClientCalls.toStatusRuntimeException(ClientCalls.java:233)
	at org.apache.ratis.thirdparty.io.grpc.stub.ClientCalls.getUnchecked(ClientCalls.java:214)
	at org.apache.ratis.thirdparty.io.grpc.stub.ClientCalls.blockingUnaryCall(ClientCalls.java:139)
	at org.apache.ratis.proto.grpc.RaftServerProtocolServiceGrpc$RaftServerProtocolServiceBlockingStub.requestVote(RaftServerProtocolServiceGrpc.java:265)
	at org.apache.ratis.grpc.server.GrpcServerProtocolClient.requestVote(GrpcServerProtocolClient.java:83)
	at org.apache.ratis.grpc.server.GrpcService.requestVote(GrpcService.java:195)
	at org.apache.ratis.server.impl.LeaderElection.lambda$submitRequests$1(LeaderElection.java:237)
	at java.util.concurrent.FutureTask.run(FutureTask.java:266)
	at java.util.concurrent.Executors$RunnableAdapter.call(Executors.java:511)
	at java.util.concurrent.FutureTask.run(FutureTask.java:266)
	at java.util.concurrent.ThreadPoolExecutor.runWorker(ThreadPoolExecutor.java:1149)
	at java.util.concurrent.ThreadPoolExecutor$Worker.run(ThreadPoolExecutor.java:624)
	... 1 more
Caused by: org.apache.ratis.thirdparty.io.netty.channel.AbstractChannel$AnnotatedConnectException: Connection refused: /192.168.69.96:42288
	at sun.nio.ch.SocketChannelImpl.checkConnect(Native Method)
	at sun.nio.ch.SocketChannelImpl.finishConnect(SocketChannelImpl.java:717)
	at org.apache.ratis.thirdparty.io.netty.channel.socket.nio.NioSocketChannel.doFinishConnect(NioSocketChannel.java:327)
	at org.apache.ratis.thirdparty.io.netty.channel.nio.AbstractNioChannel$AbstractNioUnsafe.finishConnect(AbstractNioChannel.java:340)
	at org.apache.ratis.thirdparty.io.netty.channel.nio.NioEventLoop.processSelectedKey(NioEventLoop.java:632)
	at org.apache.ratis.thirdparty.io.netty.channel.nio.NioEventLoop.processSelectedKeysOptimized(NioEventLoop.java:579)
	at org.apache.ratis.thirdparty.io.netty.channel.nio.NioEventLoop.processSelectedKeys(NioEventLoop.java:496)
	at org.apache.ratis.thirdparty.io.netty.channel.nio.NioEventLoop.run(NioEventLoop.java:458)
	at org.apache.ratis.thirdparty.io.netty.util.concurrent.SingleThreadEventExecutor$5.run(SingleThreadEventExecutor.java:897)
	at org.apache.ratis.thirdparty.io.netty.util.concurrent.FastThreadLocalRunnable.run(FastThreadLocalRunnable.java:30)
	... 1 more
Caused by: java.net.ConnectException: Connection refused
	... 11 more
2019-08-20 15:24:09,503 [3ba89adc-d403-4b9d-8267-150dfa29993f:group-9C14A02FC851:LeaderElection20] INFO  impl.RaftServerImpl (RaftServerImpl.java:setRole(171)) - 3ba89adc-d403-4b9d-8267-150dfa29993f:group-9C14A02FC851 changes role from CANDIDATE to FOLLOWER at term 1 for DISCOVERED_A_NEW_TERM
2019-08-20 15:24:09,504 [3ba89adc-d403-4b9d-8267-150dfa29993f:group-9C14A02FC851:LeaderElection20] INFO  impl.RoleInfo (RoleInfo.java:shutdownLeaderElection(134)) - 3ba89adc-d403-4b9d-8267-150dfa29993f: shutdown LeaderElection
2019-08-20 15:24:09,504 [3ba89adc-d403-4b9d-8267-150dfa29993f:group-9C14A02FC851:LeaderElection20] INFO  impl.RoleInfo (RoleInfo.java:updateAndGet(143)) - 3ba89adc-d403-4b9d-8267-150dfa29993f: start FollowerState
2019-08-20 15:24:09,504 [Thread-616] INFO  impl.FollowerState (FollowerState.java:run(106)) - 3ba89adc-d403-4b9d-8267-150dfa29993f:group-4E47094609DE changes to CANDIDATE, lastRpcTime:5108, electionTimeout:5108ms
2019-08-20 15:24:09,505 [Thread-616] INFO  impl.RoleInfo (RoleInfo.java:shutdownFollowerState(121)) - 3ba89adc-d403-4b9d-8267-150dfa29993f: shutdown FollowerState
2019-08-20 15:24:09,505 [Thread-616] INFO  impl.RaftServerImpl (RaftServerImpl.java:setRole(171)) - 3ba89adc-d403-4b9d-8267-150dfa29993f:group-4E47094609DE changes role from FOLLOWER to CANDIDATE at term 0 for changeToCandidate
2019-08-20 15:24:09,505 [Thread-616] INFO  impl.RoleInfo (RoleInfo.java:updateAndGet(143)) - 3ba89adc-d403-4b9d-8267-150dfa29993f: start LeaderElection
2019-08-20 15:24:09,520 [3ba89adc-d403-4b9d-8267-150dfa29993f:group-4E47094609DE:LeaderElection21] INFO  impl.LeaderElection (LeaderElection.java:askForVotes(181)) - 3ba89adc-d403-4b9d-8267-150dfa29993f:group-4E47094609DE:LeaderElection21: begin an election at term 1 for -1: [3ba89adc-d403-4b9d-8267-150dfa29993f:192.168.69.96:41312], old=null
2019-08-20 15:24:09,520 [3ba89adc-d403-4b9d-8267-150dfa29993f:group-4E47094609DE:LeaderElection21] INFO  impl.RoleInfo (RoleInfo.java:shutdownLeaderElection(134)) - 3ba89adc-d403-4b9d-8267-150dfa29993f: shutdown LeaderElection
2019-08-20 15:24:09,520 [3ba89adc-d403-4b9d-8267-150dfa29993f:group-4E47094609DE:LeaderElection21] INFO  impl.RaftServerImpl (RaftServerImpl.java:setRole(171)) - 3ba89adc-d403-4b9d-8267-150dfa29993f:group-4E47094609DE changes role from CANDIDATE to LEADER at term 1 for changeToLeader
2019-08-20 15:24:09,520 [3ba89adc-d403-4b9d-8267-150dfa29993f:group-4E47094609DE:LeaderElection21] INFO  impl.RaftServerImpl (ServerState.java:setLeader(263)) - 3ba89adc-d403-4b9d-8267-150dfa29993f:group-4E47094609DE change Leader from null to 3ba89adc-d403-4b9d-8267-150dfa29993f at term 1 for becomeLeader, leader elected after 5129ms
2019-08-20 15:24:09,520 [3ba89adc-d403-4b9d-8267-150dfa29993f:group-4E47094609DE:LeaderElection21] INFO  server.RaftServerConfigKeys (ConfUtils.java:logGet(43)) - raft.server.staging.catchup.gap = 1000 (default)
2019-08-20 15:24:09,521 [3ba89adc-d403-4b9d-8267-150dfa29993f:group-4E47094609DE:LeaderElection21] INFO  server.RaftServerConfigKeys (ConfUtils.java:logGet(43)) - raft.server.rpc.sleep.time = 25ms (default)
2019-08-20 15:24:09,521 [3ba89adc-d403-4b9d-8267-150dfa29993f:group-4E47094609DE:LeaderElection21] INFO  server.RaftServerConfigKeys (ConfUtils.java:logGet(43)) - raft.server.write.element-limit = 4096 (default)
2019-08-20 15:24:09,521 [3ba89adc-d403-4b9d-8267-150dfa29993f:group-4E47094609DE:LeaderElection21] INFO  server.RaftServerConfigKeys (ConfUtils.java:logGet(43)) - raft.server.watch.timeout = 10s (default)
2019-08-20 15:24:09,521 [3ba89adc-d403-4b9d-8267-150dfa29993f:group-4E47094609DE:LeaderElection21] INFO  server.RaftServerConfigKeys (ConfUtils.java:logGet(43)) - raft.server.watch.timeout.denomination = 1s (default)
2019-08-20 15:24:09,521 [3ba89adc-d403-4b9d-8267-150dfa29993f:group-4E47094609DE:LeaderElection21] INFO  server.RaftServerConfigKeys (ConfUtils.java:logGet(43)) - raft.server.watch.element-limit = 65536 (default)
2019-08-20 15:24:09,522 [3ba89adc-d403-4b9d-8267-150dfa29993f:group-4E47094609DE:LeaderElection21] INFO  impl.RoleInfo (RoleInfo.java:updateAndGet(143)) - 3ba89adc-d403-4b9d-8267-150dfa29993f: start LeaderState
2019-08-20 15:24:09,522 [3ba89adc-d403-4b9d-8267-150dfa29993f:group-4E47094609DE:LeaderElection21] INFO  segmented.SegmentedRaftLogWorker (SegmentedRaftLogWorker.java:startLogSegment(380)) - 3ba89adc-d403-4b9d-8267-150dfa29993f-SegmentedRaftLogWorker:Storage Directory /workdir/hadoop-ozone/integration-test/target/test-dir/MiniOzoneClusterImpl-985c7318-59c1-459c-b117-5bea8fb64214/datanode-2/data/ratis/edbbc7ab-63e9-47fc-9025-4e47094609de: Starting segment from index:0
2019-08-20 15:24:09,523 [3ba89adc-d403-4b9d-8267-150dfa29993f:group-4E47094609DE:LeaderElection21] INFO  impl.RaftServerImpl (ServerState.java:setRaftConf(361)) - 3ba89adc-d403-4b9d-8267-150dfa29993f:group-4E47094609DE set configuration 0: [3ba89adc-d403-4b9d-8267-150dfa29993f:192.168.69.96:41312], old=null at 0
2019-08-20 15:24:09,550 [Datanode State Machine Thread - 0] INFO  statemachine.DatanodeStateMachine (DatanodeStateMachine.java:lambda$startDaemon$0(350)) - Ozone container server started.
2019-08-20 15:24:09,553 [3ba89adc-d403-4b9d-8267-150dfa29993f-SegmentedRaftLogWorker:Storage Directory /workdir/hadoop-ozone/integration-test/target/test-dir/MiniOzoneClusterImpl-985c7318-59c1-459c-b117-5bea8fb64214/datanode-2/data/ratis/edbbc7ab-63e9-47fc-9025-4e47094609de] INFO  segmented.SegmentedRaftLogWorker (SegmentedRaftLogWorker.java:execute(569)) - 3ba89adc-d403-4b9d-8267-150dfa29993f-SegmentedRaftLogWorker:Storage Directory /workdir/hadoop-ozone/integration-test/target/test-dir/MiniOzoneClusterImpl-985c7318-59c1-459c-b117-5bea8fb64214/datanode-2/data/ratis/edbbc7ab-63e9-47fc-9025-4e47094609de: created new log segment /workdir/hadoop-ozone/integration-test/target/test-dir/MiniOzoneClusterImpl-985c7318-59c1-459c-b117-5bea8fb64214/datanode-2/data/ratis/edbbc7ab-63e9-47fc-9025-4e47094609de/current/log_inprogress_0
2019-08-20 15:24:13,986 [ForkJoinPool.commonPool-worker-1] INFO  ozoneimpl.OzoneContainer (OzoneContainer.java:stop(199)) - Attempting to stop container services.
2019-08-20 15:24:13,987 [ForkJoinPool.commonPool-worker-1] INFO  impl.RaftServerProxy (RaftServerProxy.java:lambda$close$4(314)) - 3ba89adc-d403-4b9d-8267-150dfa29993f: close
2019-08-20 15:24:13,987 [ForkJoinPool.commonPool-worker-1] INFO  impl.RaftServerImpl (RaftServerImpl.java:lambda$shutdown$3(245)) - 3ba89adc-d403-4b9d-8267-150dfa29993f: shutdown group-9C14A02FC851
2019-08-20 15:24:13,987 [ForkJoinPool.commonPool-worker-1] INFO  util.JmxRegister (JmxRegister.java:unregister(73)) - Successfully un-registered JMX Bean with object name Ratis:service=RaftServer,group=group-9C14A02FC851,id=3ba89adc-d403-4b9d-8267-150dfa29993f
2019-08-20 15:24:13,987 [ForkJoinPool.commonPool-worker-1] INFO  impl.RoleInfo (RoleInfo.java:shutdownFollowerState(121)) - 3ba89adc-d403-4b9d-8267-150dfa29993f: shutdown FollowerState
2019-08-20 15:24:13,987 [ForkJoinPool.commonPool-worker-1] INFO  impl.StateMachineUpdater (StateMachineUpdater.java:stopAndJoin(115)) - StateMachineUpdater:3ba89adc-d403-4b9d-8267-150dfa29993f:group-9C14A02FC851: set stopIndex = -1
2019-08-20 15:24:13,987 [Thread-636] INFO  impl.FollowerState (FollowerState.java:run(114)) - 3ba89adc-d403-4b9d-8267-150dfa29993f: FollowerState was interrupted: java.lang.InterruptedException: sleep interrupted
2019-08-20 15:24:13,988 [ForkJoinPool.commonPool-worker-1] INFO  impl.RaftServerImpl (ServerState.java:close(394)) - 3ba89adc-d403-4b9d-8267-150dfa29993f:group-9C14A02FC851 closes. The last applied log index is -1
2019-08-20 15:24:13,989 [3ba89adc-d403-4b9d-8267-150dfa29993f-SegmentedRaftLogWorker:Storage Directory /workdir/hadoop-ozone/integration-test/target/test-dir/MiniOzoneClusterImpl-985c7318-59c1-459c-b117-5bea8fb64214/datanode-2/data/ratis/d9641287-7d01-4f26-ab4d-9c14a02fc851] INFO  segmented.SegmentedRaftLogWorker (SegmentedRaftLogWorker.java:run(313)) - 3ba89adc-d403-4b9d-8267-150dfa29993f-SegmentedRaftLogWorker:Storage Directory /workdir/hadoop-ozone/integration-test/target/test-dir/MiniOzoneClusterImpl-985c7318-59c1-459c-b117-5bea8fb64214/datanode-2/data/ratis/d9641287-7d01-4f26-ab4d-9c14a02fc851 was interrupted, exiting. There are 0 tasks remaining in the queue.
2019-08-20 15:24:13,989 [ForkJoinPool.commonPool-worker-1] INFO  segmented.SegmentedRaftLogWorker (SegmentedRaftLogWorker.java:close(228)) - 3ba89adc-d403-4b9d-8267-150dfa29993f-SegmentedRaftLogWorker:Storage Directory /workdir/hadoop-ozone/integration-test/target/test-dir/MiniOzoneClusterImpl-985c7318-59c1-459c-b117-5bea8fb64214/datanode-2/data/ratis/d9641287-7d01-4f26-ab4d-9c14a02fc851 close()
2019-08-20 15:24:13,990 [ForkJoinPool.commonPool-worker-1] INFO  impl.RaftServerImpl (RaftServerImpl.java:lambda$shutdown$3(245)) - 3ba89adc-d403-4b9d-8267-150dfa29993f: shutdown group-41F2FF00AC41
2019-08-20 15:24:13,990 [ForkJoinPool.commonPool-worker-1] INFO  util.JmxRegister (JmxRegister.java:unregister(73)) - Successfully un-registered JMX Bean with object name Ratis:service=RaftServer,group=group-41F2FF00AC41,id=3ba89adc-d403-4b9d-8267-150dfa29993f
2019-08-20 15:24:13,991 [ForkJoinPool.commonPool-worker-1] INFO  impl.RoleInfo (RoleInfo.java:shutdownLeaderState(104)) - 3ba89adc-d403-4b9d-8267-150dfa29993f: shutdown LeaderState
2019-08-20 15:24:13,991 [ForkJoinPool.commonPool-worker-1] INFO  impl.PendingRequests (PendingRequests.java:sendNotLeaderResponses(202)) - 3ba89adc-d403-4b9d-8267-150dfa29993f-PendingRequests: sendNotLeaderResponses
2019-08-20 15:24:13,994 [ForkJoinPool.commonPool-worker-1] INFO  impl.StateMachineUpdater (StateMachineUpdater.java:stopAndJoin(115)) - StateMachineUpdater:3ba89adc-d403-4b9d-8267-150dfa29993f:group-41F2FF00AC41: set stopIndex = 2
2019-08-20 15:24:13,994 [ForkJoinPool.commonPool-worker-1] INFO  impl.RaftServerImpl (ServerState.java:close(394)) - 3ba89adc-d403-4b9d-8267-150dfa29993f:group-41F2FF00AC41 closes. The last applied log index is 2
2019-08-20 15:24:13,995 [3ba89adc-d403-4b9d-8267-150dfa29993f-SegmentedRaftLogWorker:Storage Directory /workdir/hadoop-ozone/integration-test/target/test-dir/MiniOzoneClusterImpl-985c7318-59c1-459c-b117-5bea8fb64214/datanode-2/data/ratis/aa5beeae-28dd-4945-9761-41f2ff00ac41] INFO  segmented.SegmentedRaftLogWorker (SegmentedRaftLogWorker.java:run(313)) - 3ba89adc-d403-4b9d-8267-150dfa29993f-SegmentedRaftLogWorker:Storage Directory /workdir/hadoop-ozone/integration-test/target/test-dir/MiniOzoneClusterImpl-985c7318-59c1-459c-b117-5bea8fb64214/datanode-2/data/ratis/aa5beeae-28dd-4945-9761-41f2ff00ac41 was interrupted, exiting. There are 0 tasks remaining in the queue.
2019-08-20 15:24:13,995 [ForkJoinPool.commonPool-worker-1] INFO  segmented.SegmentedRaftLogWorker (SegmentedRaftLogWorker.java:close(228)) - 3ba89adc-d403-4b9d-8267-150dfa29993f-SegmentedRaftLogWorker:Storage Directory /workdir/hadoop-ozone/integration-test/target/test-dir/MiniOzoneClusterImpl-985c7318-59c1-459c-b117-5bea8fb64214/datanode-2/data/ratis/aa5beeae-28dd-4945-9761-41f2ff00ac41 close()
2019-08-20 15:24:13,996 [ForkJoinPool.commonPool-worker-1] INFO  impl.RaftServerImpl (RaftServerImpl.java:lambda$shutdown$3(245)) - 3ba89adc-d403-4b9d-8267-150dfa29993f: shutdown group-4E47094609DE
2019-08-20 15:24:13,996 [ForkJoinPool.commonPool-worker-1] INFO  util.JmxRegister (JmxRegister.java:unregister(73)) - Successfully un-registered JMX Bean with object name Ratis:service=RaftServer,group=group-4E47094609DE,id=3ba89adc-d403-4b9d-8267-150dfa29993f
2019-08-20 15:24:13,996 [ForkJoinPool.commonPool-worker-1] INFO  impl.RoleInfo (RoleInfo.java:shutdownLeaderState(104)) - 3ba89adc-d403-4b9d-8267-150dfa29993f: shutdown LeaderState
2019-08-20 15:24:13,996 [ForkJoinPool.commonPool-worker-1] INFO  impl.PendingRequests (PendingRequests.java:sendNotLeaderResponses(202)) - 3ba89adc-d403-4b9d-8267-150dfa29993f-PendingRequests: sendNotLeaderResponses
2019-08-20 15:24:13,997 [ForkJoinPool.commonPool-worker-1] INFO  impl.StateMachineUpdater (StateMachineUpdater.java:stopAndJoin(115)) - StateMachineUpdater:3ba89adc-d403-4b9d-8267-150dfa29993f:group-4E47094609DE: set stopIndex = 0
2019-08-20 15:24:13,997 [ForkJoinPool.commonPool-worker-1] INFO  impl.RaftServerImpl (ServerState.java:close(394)) - 3ba89adc-d403-4b9d-8267-150dfa29993f:group-4E47094609DE closes. The last applied log index is 0
2019-08-20 15:24:13,997 [3ba89adc-d403-4b9d-8267-150dfa29993f-SegmentedRaftLogWorker:Storage Directory /workdir/hadoop-ozone/integration-test/target/test-dir/MiniOzoneClusterImpl-985c7318-59c1-459c-b117-5bea8fb64214/datanode-2/data/ratis/edbbc7ab-63e9-47fc-9025-4e47094609de] INFO  segmented.SegmentedRaftLogWorker (SegmentedRaftLogWorker.java:run(313)) - 3ba89adc-d403-4b9d-8267-150dfa29993f-SegmentedRaftLogWorker:Storage Directory /workdir/hadoop-ozone/integration-test/target/test-dir/MiniOzoneClusterImpl-985c7318-59c1-459c-b117-5bea8fb64214/datanode-2/data/ratis/edbbc7ab-63e9-47fc-9025-4e47094609de was interrupted, exiting. There are 0 tasks remaining in the queue.
2019-08-20 15:24:13,998 [ForkJoinPool.commonPool-worker-1] INFO  segmented.SegmentedRaftLogWorker (SegmentedRaftLogWorker.java:close(228)) - 3ba89adc-d403-4b9d-8267-150dfa29993f-SegmentedRaftLogWorker:Storage Directory /workdir/hadoop-ozone/integration-test/target/test-dir/MiniOzoneClusterImpl-985c7318-59c1-459c-b117-5bea8fb64214/datanode-2/data/ratis/edbbc7ab-63e9-47fc-9025-4e47094609de close()
2019-08-20 15:24:13,999 [ForkJoinPool.commonPool-worker-1] INFO  server.GrpcService (GrpcService.java:closeImpl(155)) - 3ba89adc-d403-4b9d-8267-150dfa29993f: shutdown server with port 41312 now
2019-08-20 15:24:14,002 [ForkJoinPool.commonPool-worker-1] INFO  server.GrpcService (GrpcService.java:closeImpl(163)) - 3ba89adc-d403-4b9d-8267-150dfa29993f: shutdown server with port 41312 successfully
2019-08-20 15:24:14,003 [ForkJoinPool.commonPool-worker-1] INFO  utils.BackgroundService (BackgroundService.java:shutdown(148)) - Shutting down service BlockDeletingService
2019-08-20 15:24:14,004 [refreshUsed-/workdir/hadoop-ozone/integration-test/target/test-dir/MiniOzoneClusterImpl-985c7318-59c1-459c-b117-5bea8fb64214/datanode-2/data/containers] WARN  fs.CachingGetSpaceUsed (CachingGetSpaceUsed.java:run(183)) - Thread Interrupted waiting to refresh disk information: sleep interrupted
2019-08-20 15:24:14,017 [ForkJoinPool.commonPool-worker-1] INFO  statemachine.DatanodeStateMachine (DatanodeStateMachine.java:stopDaemon(395)) - Ozone container server stopped.
2019-08-20 15:24:14,019 [ForkJoinPool.commonPool-worker-1] INFO  handler.ContextHandler (ContextHandler.java:doStop(910)) - Stopped o.e.j.w.WebAppContext@59f0068{/,null,UNAVAILABLE}{/hddsDatanode}
2019-08-20 15:24:14,019 [ForkJoinPool.commonPool-worker-1] INFO  server.AbstractConnector (AbstractConnector.java:doStop(318)) - Stopped ServerConnector@7e8d0289{HTTP/1.1,[http/1.1]}{0.0.0.0:42497}
2019-08-20 15:24:14,020 [ForkJoinPool.commonPool-worker-1] INFO  handler.ContextHandler (ContextHandler.java:doStop(910)) - Stopped o.e.j.s.ServletContextHandler@20210ab0{/static,jar:file:/home/user/.m2/repository/org/apache/hadoop/hadoop-hdds-container-service/0.5.0-SNAPSHOT/hadoop-hdds-container-service-0.5.0-SNAPSHOT.jar!/webapps/static,UNAVAILABLE}
2019-08-20 15:24:14,021 [ForkJoinPool.commonPool-worker-1] INFO  handler.ContextHandler (ContextHandler.java:doStop(910)) - Stopped o.e.j.s.ServletContextHandler@4dcf65d5{/logs,file:///workdir/hadoop-ozone/integration-test/target/log,UNAVAILABLE}
2019-08-20 15:24:14,021 [main] INFO  ozone.MiniOzoneClusterImpl (MiniOzoneClusterImpl.java:stop(353)) - Stopping the StorageContainerManager
2019-08-20 15:24:14,021 [main] INFO  server.StorageContainerManager (StorageContainerManager.java:stop(797)) - Stopping Replication Manager Service.
2019-08-20 15:24:14,022 [main] INFO  container.ReplicationManager (ReplicationManager.java:stop(193)) - Stopping Replication Monitor Thread.
2019-08-20 15:24:14,022 [main] INFO  server.StorageContainerManager (StorageContainerManager.java:stop(804)) - Stopping Lease Manager of the command watchers
2019-08-20 15:24:14,022 [main] INFO  server.StorageContainerManager (StorageContainerManager.java:stop(811)) - Stopping datanode service RPC server
2019-08-20 15:24:14,022 [main] INFO  server.SCMDatanodeProtocolServer (SCMDatanodeProtocolServer.java:stop(367)) - Stopping the RPC server for DataNodes
2019-08-20 15:24:14,022 [main] INFO  ipc.Server (Server.java:stop(3082)) - Stopping server on 38014
2019-08-20 15:24:14,024 [IPC Server listener on 38014] INFO  ipc.Server (Server.java:run(1185)) - Stopping IPC Server listener on 38014
2019-08-20 15:24:14,024 [IPC Server Responder] INFO  ipc.Server (Server.java:run(1319)) - Stopping IPC Server Responder
2019-08-20 15:24:14,358 [SCM Heartbeat Processing Thread - 0] WARN  node.NodeStateManager (NodeStateManager.java:scheduleNextHealthCheck(646)) - Current Thread is interrupted, shutting down HB processing thread for Node Manager.
2019-08-20 15:24:14,358 [EventQueue-StaleNodeForStaleNodeHandler] INFO  node.StaleNodeHandler (StaleNodeHandler.java:onMessage(58)) - Datanode 3ba89adc-d403-4b9d-8267-150dfa29993f{ip: 192.168.69.96, host: pr-hdds-1946lgncr-3764977478, networkLocation: /default-rack, certSerialId: null} moved to stale state. Finalizing its pipelines [PipelineID=d9641287-7d01-4f26-ab4d-9c14a02fc851, PipelineID=aa5beeae-28dd-4945-9761-41f2ff00ac41, PipelineID=edbbc7ab-63e9-47fc-9025-4e47094609de]
2019-08-20 15:24:14,358 [main] INFO  server.StorageContainerManager (StorageContainerManager.java:stop(819)) - Stopping block service RPC server
2019-08-20 15:24:14,359 [main] INFO  server.SCMBlockProtocolServer (SCMBlockProtocolServer.java:stop(148)) - Stopping the RPC server for Block Protocol
2019-08-20 15:24:14,358 [EventQueue-StaleNodeForStaleNodeHandler] INFO  pipeline.SCMPipelineManager (SCMPipelineManager.java:finalizeAndDestroyPipeline(309)) - destroying pipeline:Pipeline[ Id: d9641287-7d01-4f26-ab4d-9c14a02fc851, Nodes: 3ba89adc-d403-4b9d-8267-150dfa29993f{ip: 192.168.69.96, host: pr-hdds-1946lgncr-3764977478, networkLocation: /default-rack, certSerialId: null}1ab56027-920f-45ef-b012-dea18e451f4d{ip: 192.168.69.96, host: pr-hdds-1946lgncr-3764977478, networkLocation: /default-rack, certSerialId: null}79059cc4-1000-433d-b8f6-bb136447d900{ip: 192.168.69.96, host: pr-hdds-1946lgncr-3764977478, networkLocation: /default-rack, certSerialId: null}, Type:RATIS, Factor:THREE, State:CLOSED]
2019-08-20 15:24:14,360 [main] INFO  ipc.Server (Server.java:stop(3082)) - Stopping server on 39268
2019-08-20 15:24:14,360 [EventQueue-StaleNodeForStaleNodeHandler] INFO  pipeline.SCMPipelineManager (SCMPipelineManager.java:finalizeAndDestroyPipeline(309)) - destroying pipeline:Pipeline[ Id: aa5beeae-28dd-4945-9761-41f2ff00ac41, Nodes: 3ba89adc-d403-4b9d-8267-150dfa29993f{ip: 192.168.69.96, host: pr-hdds-1946lgncr-3764977478, networkLocation: /default-rack, certSerialId: null}, Type:RATIS, Factor:ONE, State:CLOSED]
2019-08-20 15:24:14,360 [EventQueue-StaleNodeForStaleNodeHandler] INFO  pipeline.SCMPipelineManager (SCMPipelineManager.java:finalizeAndDestroyPipeline(309)) - destroying pipeline:Pipeline[ Id: edbbc7ab-63e9-47fc-9025-4e47094609de, Nodes: 3ba89adc-d403-4b9d-8267-150dfa29993f{ip: 192.168.69.96, host: pr-hdds-1946lgncr-3764977478, networkLocation: /default-rack, certSerialId: null}, Type:RATIS, Factor:ONE, State:OPEN]
2019-08-20 15:24:14,361 [EventQueue-StaleNodeForStaleNodeHandler] INFO  pipeline.PipelineStateManager (PipelineStateManager.java:finalizePipeline(123)) - Pipeline Pipeline[ Id: edbbc7ab-63e9-47fc-9025-4e47094609de, Nodes: 3ba89adc-d403-4b9d-8267-150dfa29993f{ip: 192.168.69.96, host: pr-hdds-1946lgncr-3764977478, networkLocation: /default-rack, certSerialId: null}, Type:RATIS, Factor:ONE, State:CLOSED] moved to CLOSED state
2019-08-20 15:24:14,361 [main] INFO  server.StorageContainerManager (StorageContainerManager.java:stop(826)) - Stopping the StorageContainerLocationProtocol RPC server
2019-08-20 15:24:14,362 [IPC Server listener on 39268] INFO  ipc.Server (Server.java:run(1185)) - Stopping IPC Server listener on 39268
2019-08-20 15:24:14,362 [main] INFO  server.SCMClientProtocolServer (SCMClientProtocolServer.java:stop(159)) - Stopping the RPC server for Client Protocol
2019-08-20 15:24:14,363 [IPC Server Responder] INFO  ipc.Server (Server.java:run(1319)) - Stopping IPC Server Responder
2019-08-20 15:24:14,364 [main] INFO  ipc.Server (Server.java:stop(3082)) - Stopping server on 46134
2019-08-20 15:24:14,366 [IPC Server listener on 46134] INFO  ipc.Server (Server.java:run(1185)) - Stopping IPC Server listener on 46134
2019-08-20 15:24:14,366 [main] INFO  server.StorageContainerManager (StorageContainerManager.java:stop(833)) - Stopping Storage Container Manager HTTP server.
2019-08-20 15:24:14,366 [IPC Server Responder] INFO  ipc.Server (Server.java:run(1319)) - Stopping IPC Server Responder
2019-08-20 15:24:14,369 [main] INFO  handler.ContextHandler (ContextHandler.java:doStop(910)) - Stopped o.e.j.w.WebAppContext@6bd52b45{/,null,UNAVAILABLE}{/scm}
2019-08-20 15:24:14,370 [main] INFO  server.AbstractConnector (AbstractConnector.java:doStop(318)) - Stopped ServerConnector@20064e06{HTTP/1.1,[http/1.1]}{0.0.0.0:0}
2019-08-20 15:24:14,371 [main] INFO  handler.ContextHandler (ContextHandler.java:doStop(910)) - Stopped o.e.j.s.ServletContextHandler@421f3769{/static,file:///workdir/hadoop-ozone/integration-test/target/test-classes/webapps/static,UNAVAILABLE}
2019-08-20 15:24:14,371 [main] INFO  handler.ContextHandler (ContextHandler.java:doStop(910)) - Stopped o.e.j.s.ServletContextHandler@7afb8a9b{/logs,file:///workdir/hadoop-ozone/integration-test/target/log,UNAVAILABLE}
2019-08-20 15:24:14,372 [main] INFO  server.StorageContainerManager (StorageContainerManager.java:stop(844)) - Stopping Block Manager Service.
2019-08-20 15:24:14,372 [main] INFO  utils.BackgroundService (BackgroundService.java:shutdown(148)) - Shutting down service SCMBlockDeletingService
2019-08-20 15:24:14,373 [main] INFO  utils.BackgroundService (BackgroundService.java:shutdown(148)) - Shutting down service SCMBlockDeletingService
2019-08-20 15:24:14,374 [main] INFO  server.StorageContainerManager (StorageContainerManager.java:stop(866)) - Stopping SCM Event Queue.
2019-08-20 15:24:14,379 [main] INFO  impl.MetricsSystemImpl (MetricsSystemImpl.java:stop(210)) - Stopping HddsDatanode metrics system...
2019-08-20 15:24:14,386 [main] INFO  impl.MetricsSystemImpl (MetricsSystemImpl.java:stop(216)) - HddsDatanode metrics system stopped.
]]></system-out>
    <system-err><![CDATA[Aug 20, 2019 3:23:35 PM com.sun.jersey.server.impl.application.WebApplicationImpl _initiate
INFO: Initiating Jersey application, version 'Jersey: 1.19 02/11/2015 03:25 AM'
Aug 20, 2019 3:23:36 PM com.sun.jersey.server.impl.application.WebApplicationImpl _initiate
INFO: Initiating Jersey application, version 'Jersey: 1.19 02/11/2015 03:25 AM'
Aug 20, 2019 3:23:36 PM com.sun.jersey.server.impl.application.WebApplicationImpl _initiate
INFO: Initiating Jersey application, version 'Jersey: 1.19 02/11/2015 03:25 AM'
Aug 20, 2019 3:23:56 PM com.sun.jersey.server.impl.application.WebApplicationImpl _initiate
INFO: Initiating Jersey application, version 'Jersey: 1.19 02/11/2015 03:25 AM'
Aug 20, 2019 3:23:56 PM com.sun.jersey.server.impl.application.WebApplicationImpl _initiate
INFO: Initiating Jersey application, version 'Jersey: 1.19 02/11/2015 03:25 AM'
Aug 20, 2019 3:23:57 PM com.sun.jersey.server.impl.application.WebApplicationImpl _initiate
INFO: Initiating Jersey application, version 'Jersey: 1.19 02/11/2015 03:25 AM'
]]></system-err>
  </testcase>
</testsuite>