<?xml version="1.0" encoding="UTF-8"?>
<testsuite xmlns:xsi="http://www.w3.org/2001/XMLSchema-instance" xsi:noNamespaceSchemaLocation="https://maven.apache.org/surefire/maven-surefire-plugin/xsd/surefire-test-report.xsd" name="org.apache.hadoop.ozone.client.rpc.TestBlockOutputStreamWithFailures" time="762.998" tests="8" errors="0" skipped="0" failures="1">
  <properties>
    <property name="awt.toolkit" value="sun.awt.X11.XToolkit"/>
    <property name="file.encoding.pkg" value="sun.io"/>
    <property name="java.specification.version" value="1.8"/>
    <property name="sun.cpu.isalist" value=""/>
    <property name="sun.jnu.encoding" value="UTF-8"/>
    <property name="java.class.path" value="/workdir/hadoop-ozone/integration-test/target/test-classes:/workdir/hadoop-ozone/integration-test/target/classes:/home/user/.m2/repository/org/apache/hadoop/hadoop-ozone-common/0.5.0-SNAPSHOT/hadoop-ozone-common-0.5.0-SNAPSHOT.jar:/home/user/.m2/repository/org/apache/commons/commons-compress/1.4.1/commons-compress-1.4.1.jar:/home/user/.m2/repository/org/tukaani/xz/1.0/xz-1.0.jar:/home/user/.m2/repository/org/apache/hadoop/hadoop-common/3.2.0/hadoop-common-3.2.0.jar:/home/user/.m2/repository/org/apache/hadoop/hadoop-hdfs/3.2.0/hadoop-hdfs-3.2.0.jar:/home/user/.m2/repository/org/apache/hadoop/hadoop-hdfs-client/3.2.0/hadoop-hdfs-client-3.2.0.jar:/home/user/.m2/repository/com/fasterxml/jackson/core/jackson-annotations/2.9.5/jackson-annotations-2.9.5.jar:/home/user/.m2/repository/org/apache/hadoop/hadoop-hdds-common/0.5.0-SNAPSHOT/hadoop-hdds-common-0.5.0-SNAPSHOT.jar:/home/user/.m2/repository/javax/annotation/javax.annotation-api/1.2/javax.annotation-api-1.2.jar:/home/user/.m2/repository/org/apache/ratis/ratis-server/0.4.0-2337318-SNAPSHOT/ratis-server-0.4.0-2337318-SNAPSHOT.jar:/home/user/.m2/repository/org/apache/ratis/ratis-thirdparty-misc/0.2.0/ratis-thirdparty-misc-0.2.0.jar:/home/user/.m2/repository/org/apache/ratis/ratis-proto/0.4.0-2337318-SNAPSHOT/ratis-proto-0.4.0-2337318-SNAPSHOT.jar:/home/user/.m2/repository/org/apache/ratis/ratis-common/0.4.0-2337318-SNAPSHOT/ratis-common-0.4.0-2337318-SNAPSHOT.jar:/home/user/.m2/repository/org/apache/ratis/ratis-client/0.4.0-2337318-SNAPSHOT/ratis-client-0.4.0-2337318-SNAPSHOT.jar:/home/user/.m2/repository/org/apache/ratis/ratis-metrics/0.4.0-2337318-SNAPSHOT/ratis-metrics-0.4.0-2337318-SNAPSHOT.jar:/home/user/.m2/repository/org/apache/ratis/ratis-netty/0.4.0-2337318-SNAPSHOT/ratis-netty-0.4.0-2337318-SNAPSHOT.jar:/home/user/.m2/repository/org/apache/ratis/ratis-grpc/0.4.0-2337318-SNAPSHOT/ratis-grpc-0.4.0-2337318-SNAPSHOT.jar:/home/user/.m2/repository/org/rocksdb/rocksdbjni/6.0.1/rocksdbjni-6.0.1.jar:/home/user/.m2/repository/org/apache/logging/log4j/log4j-api/2.11.0/log4j-api-2.11.0.jar:/home/user/.m2/repository/org/apache/logging/log4j/log4j-core/2.11.0/log4j-core-2.11.0.jar:/home/user/.m2/repository/com/lmax/disruptor/3.4.2/disruptor-3.4.2.jar:/home/user/.m2/repository/org/apache/commons/commons-pool2/2.6.0/commons-pool2-2.6.0.jar:/home/user/.m2/repository/org/bouncycastle/bcpkix-jdk15on/1.60/bcpkix-jdk15on-1.60.jar:/home/user/.m2/repository/commons-validator/commons-validator/1.6/commons-validator-1.6.jar:/home/user/.m2/repository/commons-digester/commons-digester/1.8.1/commons-digester-1.8.1.jar:/home/user/.m2/repository/io/jaegertracing/jaeger-client/0.33.1/jaeger-client-0.33.1.jar:/home/user/.m2/repository/io/jaegertracing/jaeger-thrift/0.33.1/jaeger-thrift-0.33.1.jar:/home/user/.m2/repository/org/apache/thrift/libthrift/0.11.0/libthrift-0.11.0.jar:/home/user/.m2/repository/com/squareup/okhttp3/okhttp/3.9.0/okhttp-3.9.0.jar:/home/user/.m2/repository/com/squareup/okio/okio/1.13.0/okio-1.13.0.jar:/home/user/.m2/repository/io/jaegertracing/jaeger-core/0.33.1/jaeger-core-0.33.1.jar:/home/user/.m2/repository/io/jaegertracing/jaeger-tracerresolver/0.33.1/jaeger-tracerresolver-0.33.1.jar:/home/user/.m2/repository/io/opentracing/contrib/opentracing-tracerresolver/0.1.5/opentracing-tracerresolver-0.1.5.jar:/home/user/.m2/repository/io/opentracing/opentracing-util/0.31.0/opentracing-util-0.31.0.jar:/home/user/.m2/repository/io/opentracing/opentracing-api/0.31.0/opentracing-api-0.31.0.jar:/home/user/.m2/repository/io/opentracing/opentracing-noop/0.31.0/opentracing-noop-0.31.0.jar:/home/user/.m2/repository/org/apache/hadoop/hadoop-hdds-server-framework/0.5.0-SNAPSHOT/hadoop-hdds-server-framework-0.5.0-SNAPSHOT.jar:/home/user/.m2/repository/org/apache/hadoop/hadoop-hdds-container-service/0.5.0-SNAPSHOT/hadoop-hdds-container-service-0.5.0-SNAPSHOT.jar:/home/user/.m2/repository/org/apache/hadoop/hadoop-hdds-client/0.5.0-SNAPSHOT/hadoop-hdds-client-0.5.0-SNAPSHOT.jar:/home/user/.m2/repository/org/apache/hadoop/hadoop-hdds-tools/0.5.0-SNAPSHOT/hadoop-hdds-tools-0.5.0-SNAPSHOT.jar:/home/user/.m2/repository/org/apache/hadoop/hadoop-hdds-server-scm/0.5.0-SNAPSHOT/hadoop-hdds-server-scm-0.5.0-SNAPSHOT.jar:/home/user/.m2/repository/org/apache/hadoop/hadoop-hdds-docs/0.5.0-SNAPSHOT/hadoop-hdds-docs-0.5.0-SNAPSHOT.jar:/home/user/.m2/repository/io/dropwizard/metrics/metrics-core/3.2.4/metrics-core-3.2.4.jar:/home/user/.m2/repository/org/hamcrest/hamcrest-all/1.3/hamcrest-all-1.3.jar:/home/user/.m2/repository/org/bouncycastle/bcprov-jdk15on/1.60/bcprov-jdk15on-1.60.jar:/home/user/.m2/repository/info/picocli/picocli/3.9.6/picocli-3.9.6.jar:/home/user/.m2/repository/com/google/protobuf/protobuf-java/2.5.0/protobuf-java-2.5.0.jar:/home/user/.m2/repository/com/google/guava/guava/11.0.2/guava-11.0.2.jar:/home/user/.m2/repository/org/apache/hadoop/hadoop-ozone-ozone-manager/0.5.0-SNAPSHOT/hadoop-ozone-ozone-manager-0.5.0-SNAPSHOT.jar:/home/user/.m2/repository/org/apache/hadoop/hadoop-minikdc/3.2.0/hadoop-minikdc-3.2.0.jar:/home/user/.m2/repository/commons-io/commons-io/2.5/commons-io-2.5.jar:/home/user/.m2/repository/org/apache/kerby/kerb-simplekdc/1.0.1/kerb-simplekdc-1.0.1.jar:/home/user/.m2/repository/org/apache/kerby/kerb-client/1.0.1/kerb-client-1.0.1.jar:/home/user/.m2/repository/org/apache/kerby/kerby-config/1.0.1/kerby-config-1.0.1.jar:/home/user/.m2/repository/org/apache/kerby/kerb-core/1.0.1/kerb-core-1.0.1.jar:/home/user/.m2/repository/org/apache/kerby/kerby-pkix/1.0.1/kerby-pkix-1.0.1.jar:/home/user/.m2/repository/org/apache/kerby/kerby-asn1/1.0.1/kerby-asn1-1.0.1.jar:/home/user/.m2/repository/org/apache/kerby/kerby-util/1.0.1/kerby-util-1.0.1.jar:/home/user/.m2/repository/org/apache/kerby/kerb-common/1.0.1/kerb-common-1.0.1.jar:/home/user/.m2/repository/org/apache/kerby/kerb-crypto/1.0.1/kerb-crypto-1.0.1.jar:/home/user/.m2/repository/org/apache/kerby/kerb-util/1.0.1/kerb-util-1.0.1.jar:/home/user/.m2/repository/org/apache/kerby/token-provider/1.0.1/token-provider-1.0.1.jar:/home/user/.m2/repository/org/apache/kerby/kerb-admin/1.0.1/kerb-admin-1.0.1.jar:/home/user/.m2/repository/org/apache/kerby/kerb-server/1.0.1/kerb-server-1.0.1.jar:/home/user/.m2/repository/org/apache/kerby/kerb-identity/1.0.1/kerb-identity-1.0.1.jar:/home/user/.m2/repository/org/apache/kerby/kerby-xdr/1.0.1/kerby-xdr-1.0.1.jar:/home/user/.m2/repository/org/slf4j/slf4j-log4j12/1.7.25/slf4j-log4j12-1.7.25.jar:/home/user/.m2/repository/org/apache/hadoop/hadoop-ozone-objectstore-service/0.5.0-SNAPSHOT/hadoop-ozone-objectstore-service-0.5.0-SNAPSHOT.jar:/home/user/.m2/repository/org/apache/hadoop/hadoop-ozone-s3gateway/0.5.0-SNAPSHOT/hadoop-ozone-s3gateway-0.5.0-SNAPSHOT.jar:/home/user/.m2/repository/org/jboss/weld/servlet/weld-servlet/2.4.7.Final/weld-servlet-2.4.7.Final.jar:/home/user/.m2/repository/org/glassfish/jersey/containers/jersey-container-servlet-core/2.27/jersey-container-servlet-core-2.27.jar:/home/user/.m2/repository/org/glassfish/hk2/external/javax.inject/2.5.0-b42/javax.inject-2.5.0-b42.jar:/home/user/.m2/repository/org/glassfish/jersey/core/jersey-common/2.27/jersey-common-2.27.jar:/home/user/.m2/repository/org/glassfish/hk2/osgi-resource-locator/1.0.1/osgi-resource-locator-1.0.1.jar:/home/user/.m2/repository/javax/ws/rs/javax.ws.rs-api/2.1/javax.ws.rs-api-2.1.jar:/home/user/.m2/repository/org/glassfish/jersey/ext/cdi/jersey-cdi1x/2.27/jersey-cdi1x-2.27.jar:/home/user/.m2/repository/org/glassfish/jersey/inject/jersey-hk2/2.27/jersey-hk2-2.27.jar:/home/user/.m2/repository/org/glassfish/hk2/hk2-locator/2.5.0-b42/hk2-locator-2.5.0-b42.jar:/home/user/.m2/repository/org/javassist/javassist/3.22.0-CR2/javassist-3.22.0-CR2.jar:/home/user/.m2/repository/org/glassfish/hk2/hk2-api/2.5.0/hk2-api-2.5.0.jar:/home/user/.m2/repository/org/glassfish/hk2/external/jakarta.inject/2.5.0/jakarta.inject-2.5.0.jar:/home/user/.m2/repository/org/glassfish/hk2/hk2-utils/2.5.0/hk2-utils-2.5.0.jar:/home/user/.m2/repository/jakarta/annotation/jakarta.annotation-api/1.3.4/jakarta.annotation-api-1.3.4.jar:/home/user/.m2/repository/org/glassfish/hk2/external/aopalliance-repackaged/2.5.0/aopalliance-repackaged-2.5.0.jar:/home/user/.m2/repository/com/fasterxml/jackson/dataformat/jackson-dataformat-xml/2.9.0/jackson-dataformat-xml-2.9.0.jar:/home/user/.m2/repository/com/fasterxml/jackson/core/jackson-core/2.9.5/jackson-core-2.9.5.jar:/home/user/.m2/repository/com/fasterxml/jackson/module/jackson-module-jaxb-annotations/2.9.5/jackson-module-jaxb-annotations-2.9.5.jar:/home/user/.m2/repository/javax/enterprise/cdi-api/1.2/cdi-api-1.2.jar:/home/user/.m2/repository/javax/el/javax.el-api/3.0.0/javax.el-api-3.0.0.jar:/home/user/.m2/repository/javax/interceptor/javax.interceptor-api/1.2/javax.interceptor-api-1.2.jar:/home/user/.m2/repository/javax/inject/javax.inject/1/javax.inject-1.jar:/home/user/.m2/repository/com/sun/xml/bind/jaxb-impl/2.3.0.1/jaxb-impl-2.3.0.1.jar:/home/user/.m2/repository/com/sun/xml/bind/jaxb-core/2.3.0.1/jaxb-core-2.3.0.1.jar:/home/user/.m2/repository/javax/xml/bind/jaxb-api/2.3.0/jaxb-api-2.3.0.jar:/home/user/.m2/repository/javax/activation/activation/1.1.1/activation-1.1.1.jar:/home/user/.m2/repository/org/apache/hadoop/hadoop-ozone-csi/0.5.0-SNAPSHOT/hadoop-ozone-csi-0.5.0-SNAPSHOT.jar:/home/user/.m2/repository/com/google/protobuf/protobuf-java-util/3.5.1/protobuf-java-util-3.5.1.jar:/home/user/.m2/repository/org/apache/hadoop/hadoop-hdds-config/0.5.0-SNAPSHOT/hadoop-hdds-config-0.5.0-SNAPSHOT.jar:/home/user/.m2/repository/io/grpc/grpc-netty/1.17.1/grpc-netty-1.17.1.jar:/home/user/.m2/repository/io/grpc/grpc-core/1.17.1/grpc-core-1.17.1.jar:/home/user/.m2/repository/io/grpc/grpc-context/1.17.1/grpc-context-1.17.1.jar:/home/user/.m2/repository/com/google/errorprone/error_prone_annotations/2.2.0/error_prone_annotations-2.2.0.jar:/home/user/.m2/repository/org/codehaus/mojo/animal-sniffer-annotations/1.17/animal-sniffer-annotations-1.17.jar:/home/user/.m2/repository/io/opencensus/opencensus-api/0.17.0/opencensus-api-0.17.0.jar:/home/user/.m2/repository/io/opencensus/opencensus-contrib-grpc-metrics/0.17.0/opencensus-contrib-grpc-metrics-0.17.0.jar:/home/user/.m2/repository/io/netty/netty-codec-http2/4.1.30.Final/netty-codec-http2-4.1.30.Final.jar:/home/user/.m2/repository/io/netty/netty-codec-http/4.1.30.Final/netty-codec-http-4.1.30.Final.jar:/home/user/.m2/repository/io/netty/netty-codec/4.1.30.Final/netty-codec-4.1.30.Final.jar:/home/user/.m2/repository/io/netty/netty-handler/4.1.30.Final/netty-handler-4.1.30.Final.jar:/home/user/.m2/repository/io/netty/netty-handler-proxy/4.1.30.Final/netty-handler-proxy-4.1.30.Final.jar:/home/user/.m2/repository/io/netty/netty-codec-socks/4.1.30.Final/netty-codec-socks-4.1.30.Final.jar:/home/user/.m2/repository/io/netty/netty-transport-native-epoll/4.1.30.Final/netty-transport-native-epoll-4.1.30.Final.jar:/home/user/.m2/repository/io/netty/netty-common/4.1.30.Final/netty-common-4.1.30.Final.jar:/home/user/.m2/repository/io/netty/netty-buffer/4.1.30.Final/netty-buffer-4.1.30.Final.jar:/home/user/.m2/repository/io/netty/netty-transport/4.1.30.Final/netty-transport-4.1.30.Final.jar:/home/user/.m2/repository/io/netty/netty-resolver/4.1.30.Final/netty-resolver-4.1.30.Final.jar:/home/user/.m2/repository/io/netty/netty-transport-native-unix-common/4.1.30.Final/netty-transport-native-unix-common-4.1.30.Final.jar:/home/user/.m2/repository/io/grpc/grpc-protobuf/1.17.1/grpc-protobuf-1.17.1.jar:/home/user/.m2/repository/com/google/api/grpc/proto-google-common-protos/1.0.0/proto-google-common-protos-1.0.0.jar:/home/user/.m2/repository/io/grpc/grpc-protobuf-lite/1.17.1/grpc-protobuf-lite-1.17.1.jar:/home/user/.m2/repository/io/grpc/grpc-stub/1.17.1/grpc-stub-1.17.1.jar:/home/user/.m2/repository/org/apache/hadoop/hadoop-ozone-recon/0.5.0-SNAPSHOT/hadoop-ozone-recon-0.5.0-SNAPSHOT.jar:/home/user/.m2/repository/org/apache/hadoop/hadoop-ozone-reconcodegen/0.5.0-SNAPSHOT/hadoop-ozone-reconcodegen-0.5.0-SNAPSHOT.jar:/home/user/.m2/repository/com/google/inject/extensions/guice-multibindings/4.0/guice-multibindings-4.0.jar:/home/user/.m2/repository/com/google/inject/guice/4.0/guice-4.0.jar:/home/user/.m2/repository/aopalliance/aopalliance/1.0/aopalliance-1.0.jar:/home/user/.m2/repository/com/google/inject/extensions/guice-servlet/4.0/guice-servlet-4.0.jar:/home/user/.m2/repository/org/glassfish/jersey/containers/jersey-container-servlet/2.27/jersey-container-servlet-2.27.jar:/home/user/.m2/repository/org/glassfish/hk2/guice-bridge/2.5.0/guice-bridge-2.5.0.jar:/home/user/.m2/repository/org/glassfish/jersey/core/jersey-server/2.27/jersey-server-2.27.jar:/home/user/.m2/repository/org/glassfish/jersey/core/jersey-client/2.27/jersey-client-2.27.jar:/home/user/.m2/repository/org/glassfish/jersey/media/jersey-media-jaxb/2.27/jersey-media-jaxb-2.27.jar:/home/user/.m2/repository/javax/validation/validation-api/1.1.0.Final/validation-api-1.1.0.Final.jar:/home/user/.m2/repository/org/glassfish/jersey/media/jersey-media-json-jackson/2.27/jersey-media-json-jackson-2.27.jar:/home/user/.m2/repository/org/glassfish/jersey/ext/jersey-entity-filtering/2.27/jersey-entity-filtering-2.27.jar:/home/user/.m2/repository/com/google/inject/extensions/guice-assistedinject/4.0/guice-assistedinject-4.0.jar:/home/user/.m2/repository/org/jooq/jooq/3.11.10/jooq-3.11.10.jar:/home/user/.m2/repository/org/jooq/jooq-meta/3.11.10/jooq-meta-3.11.10.jar:/home/user/.m2/repository/org/jooq/jooq-codegen/3.11.10/jooq-codegen-3.11.10.jar:/home/user/.m2/repository/com/jolbox/bonecp/0.8.0.RELEASE/bonecp-0.8.0.RELEASE.jar:/home/user/.m2/repository/org/xerial/sqlite-jdbc/3.25.2/sqlite-jdbc-3.25.2.jar:/home/user/.m2/repository/org/springframework/spring-jdbc/5.1.3.RELEASE/spring-jdbc-5.1.3.RELEASE.jar:/home/user/.m2/repository/org/springframework/spring-beans/5.1.3.RELEASE/spring-beans-5.1.3.RELEASE.jar:/home/user/.m2/repository/org/springframework/spring-core/5.1.3.RELEASE/spring-core-5.1.3.RELEASE.jar:/home/user/.m2/repository/org/springframework/spring-jcl/5.1.3.RELEASE/spring-jcl-5.1.3.RELEASE.jar:/home/user/.m2/repository/org/springframework/spring-tx/5.1.3.RELEASE/spring-tx-5.1.3.RELEASE.jar:/home/user/.m2/repository/org/apache/hadoop/hadoop-ozone-client/0.5.0-SNAPSHOT/hadoop-ozone-client-0.5.0-SNAPSHOT.jar:/home/user/.m2/repository/commons-lang/commons-lang/2.6/commons-lang-2.6.jar:/home/user/.m2/repository/org/apache/hadoop/hadoop-ozone-ozone-manager/0.5.0-SNAPSHOT/hadoop-ozone-ozone-manager-0.5.0-SNAPSHOT-tests.jar:/home/user/.m2/repository/junit/junit/4.11/junit-4.11.jar:/home/user/.m2/repository/org/hamcrest/hamcrest-core/1.3/hamcrest-core-1.3.jar:/home/user/.m2/repository/org/openjdk/jmh/jmh-core/1.19/jmh-core-1.19.jar:/home/user/.m2/repository/net/sf/jopt-simple/jopt-simple/4.6/jopt-simple-4.6.jar:/home/user/.m2/repository/org/apache/commons/commons-math3/3.1.1/commons-math3-3.1.1.jar:/home/user/.m2/repository/org/openjdk/jmh/jmh-generator-annprocess/1.19/jmh-generator-annprocess-1.19.jar:/home/user/.m2/repository/org/mockito/mockito-all/1.8.5/mockito-all-1.8.5.jar:/home/user/.m2/repository/org/apache/hadoop/hadoop-kms/3.2.0/hadoop-kms-3.2.0.jar:/home/user/.m2/repository/org/apache/hadoop/hadoop-auth/3.2.0/hadoop-auth-3.2.0.jar:/home/user/.m2/repository/com/nimbusds/nimbus-jose-jwt/4.41.1/nimbus-jose-jwt-4.41.1.jar:/home/user/.m2/repository/com/github/stephenc/jcip/jcip-annotations/1.0-1/jcip-annotations-1.0-1.jar:/home/user/.m2/repository/net/minidev/json-smart/2.3/json-smart-2.3.jar:/home/user/.m2/repository/net/minidev/accessors-smart/1.2/accessors-smart-1.2.jar:/home/user/.m2/repository/org/ow2/asm/asm/5.0.4/asm-5.0.4.jar:/home/user/.m2/repository/org/apache/curator/curator-framework/2.12.0/curator-framework-2.12.0.jar:/home/user/.m2/repository/com/sun/jersey/jersey-core/1.19/jersey-core-1.19.jar:/home/user/.m2/repository/javax/ws/rs/jsr311-api/1.1.1/jsr311-api-1.1.1.jar:/home/user/.m2/repository/com/sun/jersey/jersey-server/1.19/jersey-server-1.19.jar:/home/user/.m2/repository/javax/servlet/javax.servlet-api/3.1.0/javax.servlet-api-3.1.0.jar:/home/user/.m2/repository/org/eclipse/jetty/jetty-server/9.3.24.v20180605/jetty-server-9.3.24.v20180605.jar:/home/user/.m2/repository/org/eclipse/jetty/jetty-http/9.3.24.v20180605/jetty-http-9.3.24.v20180605.jar:/home/user/.m2/repository/org/eclipse/jetty/jetty-io/9.3.24.v20180605/jetty-io-9.3.24.v20180605.jar:/home/user/.m2/repository/org/eclipse/jetty/jetty-webapp/9.3.24.v20180605/jetty-webapp-9.3.24.v20180605.jar:/home/user/.m2/repository/org/eclipse/jetty/jetty-xml/9.3.24.v20180605/jetty-xml-9.3.24.v20180605.jar:/home/user/.m2/repository/log4j/log4j/1.2.17/log4j-1.2.17.jar:/home/user/.m2/repository/org/slf4j/slf4j-api/1.7.25/slf4j-api-1.7.25.jar:/home/user/.m2/repository/org/slf4j/jul-to-slf4j/1.7.25/jul-to-slf4j-1.7.25.jar:/home/user/.m2/repository/org/eclipse/jetty/jetty-util/9.3.24.v20180605/jetty-util-9.3.24.v20180605.jar:/home/user/.m2/repository/com/fasterxml/jackson/core/jackson-databind/2.9.5/jackson-databind-2.9.5.jar:/home/user/.m2/repository/org/apache/hadoop/hadoop-kms/3.2.0/hadoop-kms-3.2.0-tests.jar:/home/user/.m2/repository/org/apache/hadoop/hadoop-hdds-server-scm/0.5.0-SNAPSHOT/hadoop-hdds-server-scm-0.5.0-SNAPSHOT-tests.jar:/home/user/.m2/repository/org/apache/hadoop/hadoop-hdds-container-service/0.5.0-SNAPSHOT/hadoop-hdds-container-service-0.5.0-SNAPSHOT-tests.jar:/home/user/.m2/repository/org/yaml/snakeyaml/1.16/snakeyaml-1.16.jar:/home/user/.m2/repository/org/apache/hadoop/hadoop-common/3.2.0/hadoop-common-3.2.0-tests.jar:/home/user/.m2/repository/org/apache/hadoop/hadoop-annotations/3.2.0/hadoop-annotations-3.2.0.jar:/usr/lib/jvm/java-1.8-openjdk/jre/../lib/tools.jar:/home/user/.m2/repository/commons-cli/commons-cli/1.2/commons-cli-1.2.jar:/home/user/.m2/repository/org/apache/httpcomponents/httpclient/4.5.2/httpclient-4.5.2.jar:/home/user/.m2/repository/org/apache/httpcomponents/httpcore/4.4.4/httpcore-4.4.4.jar:/home/user/.m2/repository/commons-codec/commons-codec/1.11/commons-codec-1.11.jar:/home/user/.m2/repository/commons-net/commons-net/3.6/commons-net-3.6.jar:/home/user/.m2/repository/commons-collections/commons-collections/3.2.2/commons-collections-3.2.2.jar:/home/user/.m2/repository/org/eclipse/jetty/jetty-servlet/9.3.24.v20180605/jetty-servlet-9.3.24.v20180605.jar:/home/user/.m2/repository/org/eclipse/jetty/jetty-security/9.3.24.v20180605/jetty-security-9.3.24.v20180605.jar:/home/user/.m2/repository/javax/servlet/jsp/jsp-api/2.1/jsp-api-2.1.jar:/home/user/.m2/repository/com/sun/jersey/jersey-servlet/1.19/jersey-servlet-1.19.jar:/home/user/.m2/repository/com/sun/jersey/jersey-json/1.19/jersey-json-1.19.jar:/home/user/.m2/repository/org/codehaus/jettison/jettison/1.1/jettison-1.1.jar:/home/user/.m2/repository/org/codehaus/jackson/jackson-core-asl/1.9.13/jackson-core-asl-1.9.13.jar:/home/user/.m2/repository/org/codehaus/jackson/jackson-mapper-asl/1.9.13/jackson-mapper-asl-1.9.13.jar:/home/user/.m2/repository/org/codehaus/jackson/jackson-jaxrs/1.9.13/jackson-jaxrs-1.9.13.jar:/home/user/.m2/repository/org/codehaus/jackson/jackson-xc/1.9.13/jackson-xc-1.9.13.jar:/home/user/.m2/repository/commons-logging/commons-logging/1.1.3/commons-logging-1.1.3.jar:/home/user/.m2/repository/commons-beanutils/commons-beanutils/1.9.3/commons-beanutils-1.9.3.jar:/home/user/.m2/repository/org/apache/commons/commons-configuration2/2.1.1/commons-configuration2-2.1.1.jar:/home/user/.m2/repository/org/apache/commons/commons-lang3/3.7/commons-lang3-3.7.jar:/home/user/.m2/repository/org/apache/commons/commons-text/1.4/commons-text-1.4.jar:/home/user/.m2/repository/org/apache/avro/avro/1.7.7/avro-1.7.7.jar:/home/user/.m2/repository/com/thoughtworks/paranamer/paranamer/2.3/paranamer-2.3.jar:/home/user/.m2/repository/org/xerial/snappy/snappy-java/1.0.5/snappy-java-1.0.5.jar:/home/user/.m2/repository/com/google/re2j/re2j/1.1/re2j-1.1.jar:/home/user/.m2/repository/com/google/code/gson/gson/2.2.4/gson-2.2.4.jar:/home/user/.m2/repository/com/jcraft/jsch/0.1.54/jsch-0.1.54.jar:/home/user/.m2/repository/org/apache/curator/curator-client/2.12.0/curator-client-2.12.0.jar:/home/user/.m2/repository/org/apache/curator/curator-recipes/2.12.0/curator-recipes-2.12.0.jar:/home/user/.m2/repository/com/google/code/findbugs/jsr305/3.0.0/jsr305-3.0.0.jar:/home/user/.m2/repository/org/apache/htrace/htrace-core4/4.1.0-incubating/htrace-core4-4.1.0-incubating.jar:/home/user/.m2/repository/org/apache/zookeeper/zookeeper/3.4.13/zookeeper-3.4.13.jar:/home/user/.m2/repository/org/apache/yetus/audience-annotations/0.5.0/audience-annotations-0.5.0.jar:/home/user/.m2/repository/org/codehaus/woodstox/stax2-api/3.1.4/stax2-api-3.1.4.jar:/home/user/.m2/repository/com/fasterxml/woodstox/woodstox-core/5.0.3/woodstox-core-5.0.3.jar:/home/user/.m2/repository/dnsjava/dnsjava/2.1.7/dnsjava-2.1.7.jar:/home/user/.m2/repository/org/apache/hadoop/hadoop-hdfs/3.2.0/hadoop-hdfs-3.2.0-tests.jar:/home/user/.m2/repository/org/eclipse/jetty/jetty-util-ajax/9.3.24.v20180605/jetty-util-ajax-9.3.24.v20180605.jar:/home/user/.m2/repository/commons-daemon/commons-daemon/1.0.13/commons-daemon-1.0.13.jar:/home/user/.m2/repository/io/netty/netty/3.10.5.Final/netty-3.10.5.Final.jar:/home/user/.m2/repository/io/netty/netty-all/4.0.52.Final/netty-all-4.0.52.Final.jar:/home/user/.m2/repository/org/fusesource/leveldbjni/leveldbjni-all/1.8/leveldbjni-all-1.8.jar:"/>
    <property name="java.vm.vendor" value="IcedTea"/>
    <property name="sun.arch.data.model" value="64"/>
    <property name="test.build.dir" value="/workdir/hadoop-ozone/integration-test/target/test-dir"/>
    <property name="test.cache.data" value=""/>
    <property name="java.vendor.url" value="https://icedtea.classpath.org"/>
    <property name="user.timezone" value=""/>
    <property name="java.vm.specification.version" value="1.8"/>
    <property name="os.name" value="Linux"/>
    <property name="test.build.data" value="/workdir/hadoop-ozone/integration-test/target/test-dir"/>
    <property name="user.country" value="US"/>
    <property name="sun.java.launcher" value="SUN_STANDARD"/>
    <property name="sun.boot.library.path" value="/usr/lib/jvm/java-1.8-openjdk/jre/lib/amd64"/>
    <property name="sun.java.command" value="/workdir/hadoop-ozone/integration-test/target/surefire/surefirebooter7137597151729558664.jar /workdir/hadoop-ozone/integration-test/target/surefire 2019-08-20T13-38-49_177-jvmRun1 surefire8169912704210607000tmp surefire_208839757408909891062tmp"/>
    <property name="test" value="!TestMiniChaosOzoneCluster"/>
    <property name="surefire.test.class.path" value="/workdir/hadoop-ozone/integration-test/target/test-classes:/workdir/hadoop-ozone/integration-test/target/classes:/home/user/.m2/repository/org/apache/hadoop/hadoop-ozone-common/0.5.0-SNAPSHOT/hadoop-ozone-common-0.5.0-SNAPSHOT.jar:/home/user/.m2/repository/org/apache/commons/commons-compress/1.4.1/commons-compress-1.4.1.jar:/home/user/.m2/repository/org/tukaani/xz/1.0/xz-1.0.jar:/home/user/.m2/repository/org/apache/hadoop/hadoop-common/3.2.0/hadoop-common-3.2.0.jar:/home/user/.m2/repository/org/apache/hadoop/hadoop-hdfs/3.2.0/hadoop-hdfs-3.2.0.jar:/home/user/.m2/repository/org/apache/hadoop/hadoop-hdfs-client/3.2.0/hadoop-hdfs-client-3.2.0.jar:/home/user/.m2/repository/com/fasterxml/jackson/core/jackson-annotations/2.9.5/jackson-annotations-2.9.5.jar:/home/user/.m2/repository/org/apache/hadoop/hadoop-hdds-common/0.5.0-SNAPSHOT/hadoop-hdds-common-0.5.0-SNAPSHOT.jar:/home/user/.m2/repository/javax/annotation/javax.annotation-api/1.2/javax.annotation-api-1.2.jar:/home/user/.m2/repository/org/apache/ratis/ratis-server/0.4.0-2337318-SNAPSHOT/ratis-server-0.4.0-2337318-SNAPSHOT.jar:/home/user/.m2/repository/org/apache/ratis/ratis-thirdparty-misc/0.2.0/ratis-thirdparty-misc-0.2.0.jar:/home/user/.m2/repository/org/apache/ratis/ratis-proto/0.4.0-2337318-SNAPSHOT/ratis-proto-0.4.0-2337318-SNAPSHOT.jar:/home/user/.m2/repository/org/apache/ratis/ratis-common/0.4.0-2337318-SNAPSHOT/ratis-common-0.4.0-2337318-SNAPSHOT.jar:/home/user/.m2/repository/org/apache/ratis/ratis-client/0.4.0-2337318-SNAPSHOT/ratis-client-0.4.0-2337318-SNAPSHOT.jar:/home/user/.m2/repository/org/apache/ratis/ratis-metrics/0.4.0-2337318-SNAPSHOT/ratis-metrics-0.4.0-2337318-SNAPSHOT.jar:/home/user/.m2/repository/org/apache/ratis/ratis-netty/0.4.0-2337318-SNAPSHOT/ratis-netty-0.4.0-2337318-SNAPSHOT.jar:/home/user/.m2/repository/org/apache/ratis/ratis-grpc/0.4.0-2337318-SNAPSHOT/ratis-grpc-0.4.0-2337318-SNAPSHOT.jar:/home/user/.m2/repository/org/rocksdb/rocksdbjni/6.0.1/rocksdbjni-6.0.1.jar:/home/user/.m2/repository/org/apache/logging/log4j/log4j-api/2.11.0/log4j-api-2.11.0.jar:/home/user/.m2/repository/org/apache/logging/log4j/log4j-core/2.11.0/log4j-core-2.11.0.jar:/home/user/.m2/repository/com/lmax/disruptor/3.4.2/disruptor-3.4.2.jar:/home/user/.m2/repository/org/apache/commons/commons-pool2/2.6.0/commons-pool2-2.6.0.jar:/home/user/.m2/repository/org/bouncycastle/bcpkix-jdk15on/1.60/bcpkix-jdk15on-1.60.jar:/home/user/.m2/repository/commons-validator/commons-validator/1.6/commons-validator-1.6.jar:/home/user/.m2/repository/commons-digester/commons-digester/1.8.1/commons-digester-1.8.1.jar:/home/user/.m2/repository/io/jaegertracing/jaeger-client/0.33.1/jaeger-client-0.33.1.jar:/home/user/.m2/repository/io/jaegertracing/jaeger-thrift/0.33.1/jaeger-thrift-0.33.1.jar:/home/user/.m2/repository/org/apache/thrift/libthrift/0.11.0/libthrift-0.11.0.jar:/home/user/.m2/repository/com/squareup/okhttp3/okhttp/3.9.0/okhttp-3.9.0.jar:/home/user/.m2/repository/com/squareup/okio/okio/1.13.0/okio-1.13.0.jar:/home/user/.m2/repository/io/jaegertracing/jaeger-core/0.33.1/jaeger-core-0.33.1.jar:/home/user/.m2/repository/io/jaegertracing/jaeger-tracerresolver/0.33.1/jaeger-tracerresolver-0.33.1.jar:/home/user/.m2/repository/io/opentracing/contrib/opentracing-tracerresolver/0.1.5/opentracing-tracerresolver-0.1.5.jar:/home/user/.m2/repository/io/opentracing/opentracing-util/0.31.0/opentracing-util-0.31.0.jar:/home/user/.m2/repository/io/opentracing/opentracing-api/0.31.0/opentracing-api-0.31.0.jar:/home/user/.m2/repository/io/opentracing/opentracing-noop/0.31.0/opentracing-noop-0.31.0.jar:/home/user/.m2/repository/org/apache/hadoop/hadoop-hdds-server-framework/0.5.0-SNAPSHOT/hadoop-hdds-server-framework-0.5.0-SNAPSHOT.jar:/home/user/.m2/repository/org/apache/hadoop/hadoop-hdds-container-service/0.5.0-SNAPSHOT/hadoop-hdds-container-service-0.5.0-SNAPSHOT.jar:/home/user/.m2/repository/org/apache/hadoop/hadoop-hdds-client/0.5.0-SNAPSHOT/hadoop-hdds-client-0.5.0-SNAPSHOT.jar:/home/user/.m2/repository/org/apache/hadoop/hadoop-hdds-tools/0.5.0-SNAPSHOT/hadoop-hdds-tools-0.5.0-SNAPSHOT.jar:/home/user/.m2/repository/org/apache/hadoop/hadoop-hdds-server-scm/0.5.0-SNAPSHOT/hadoop-hdds-server-scm-0.5.0-SNAPSHOT.jar:/home/user/.m2/repository/org/apache/hadoop/hadoop-hdds-docs/0.5.0-SNAPSHOT/hadoop-hdds-docs-0.5.0-SNAPSHOT.jar:/home/user/.m2/repository/io/dropwizard/metrics/metrics-core/3.2.4/metrics-core-3.2.4.jar:/home/user/.m2/repository/org/hamcrest/hamcrest-all/1.3/hamcrest-all-1.3.jar:/home/user/.m2/repository/org/bouncycastle/bcprov-jdk15on/1.60/bcprov-jdk15on-1.60.jar:/home/user/.m2/repository/info/picocli/picocli/3.9.6/picocli-3.9.6.jar:/home/user/.m2/repository/com/google/protobuf/protobuf-java/2.5.0/protobuf-java-2.5.0.jar:/home/user/.m2/repository/com/google/guava/guava/11.0.2/guava-11.0.2.jar:/home/user/.m2/repository/org/apache/hadoop/hadoop-ozone-ozone-manager/0.5.0-SNAPSHOT/hadoop-ozone-ozone-manager-0.5.0-SNAPSHOT.jar:/home/user/.m2/repository/org/apache/hadoop/hadoop-minikdc/3.2.0/hadoop-minikdc-3.2.0.jar:/home/user/.m2/repository/commons-io/commons-io/2.5/commons-io-2.5.jar:/home/user/.m2/repository/org/apache/kerby/kerb-simplekdc/1.0.1/kerb-simplekdc-1.0.1.jar:/home/user/.m2/repository/org/apache/kerby/kerb-client/1.0.1/kerb-client-1.0.1.jar:/home/user/.m2/repository/org/apache/kerby/kerby-config/1.0.1/kerby-config-1.0.1.jar:/home/user/.m2/repository/org/apache/kerby/kerb-core/1.0.1/kerb-core-1.0.1.jar:/home/user/.m2/repository/org/apache/kerby/kerby-pkix/1.0.1/kerby-pkix-1.0.1.jar:/home/user/.m2/repository/org/apache/kerby/kerby-asn1/1.0.1/kerby-asn1-1.0.1.jar:/home/user/.m2/repository/org/apache/kerby/kerby-util/1.0.1/kerby-util-1.0.1.jar:/home/user/.m2/repository/org/apache/kerby/kerb-common/1.0.1/kerb-common-1.0.1.jar:/home/user/.m2/repository/org/apache/kerby/kerb-crypto/1.0.1/kerb-crypto-1.0.1.jar:/home/user/.m2/repository/org/apache/kerby/kerb-util/1.0.1/kerb-util-1.0.1.jar:/home/user/.m2/repository/org/apache/kerby/token-provider/1.0.1/token-provider-1.0.1.jar:/home/user/.m2/repository/org/apache/kerby/kerb-admin/1.0.1/kerb-admin-1.0.1.jar:/home/user/.m2/repository/org/apache/kerby/kerb-server/1.0.1/kerb-server-1.0.1.jar:/home/user/.m2/repository/org/apache/kerby/kerb-identity/1.0.1/kerb-identity-1.0.1.jar:/home/user/.m2/repository/org/apache/kerby/kerby-xdr/1.0.1/kerby-xdr-1.0.1.jar:/home/user/.m2/repository/org/slf4j/slf4j-log4j12/1.7.25/slf4j-log4j12-1.7.25.jar:/home/user/.m2/repository/org/apache/hadoop/hadoop-ozone-objectstore-service/0.5.0-SNAPSHOT/hadoop-ozone-objectstore-service-0.5.0-SNAPSHOT.jar:/home/user/.m2/repository/org/apache/hadoop/hadoop-ozone-s3gateway/0.5.0-SNAPSHOT/hadoop-ozone-s3gateway-0.5.0-SNAPSHOT.jar:/home/user/.m2/repository/org/jboss/weld/servlet/weld-servlet/2.4.7.Final/weld-servlet-2.4.7.Final.jar:/home/user/.m2/repository/org/glassfish/jersey/containers/jersey-container-servlet-core/2.27/jersey-container-servlet-core-2.27.jar:/home/user/.m2/repository/org/glassfish/hk2/external/javax.inject/2.5.0-b42/javax.inject-2.5.0-b42.jar:/home/user/.m2/repository/org/glassfish/jersey/core/jersey-common/2.27/jersey-common-2.27.jar:/home/user/.m2/repository/org/glassfish/hk2/osgi-resource-locator/1.0.1/osgi-resource-locator-1.0.1.jar:/home/user/.m2/repository/javax/ws/rs/javax.ws.rs-api/2.1/javax.ws.rs-api-2.1.jar:/home/user/.m2/repository/org/glassfish/jersey/ext/cdi/jersey-cdi1x/2.27/jersey-cdi1x-2.27.jar:/home/user/.m2/repository/org/glassfish/jersey/inject/jersey-hk2/2.27/jersey-hk2-2.27.jar:/home/user/.m2/repository/org/glassfish/hk2/hk2-locator/2.5.0-b42/hk2-locator-2.5.0-b42.jar:/home/user/.m2/repository/org/javassist/javassist/3.22.0-CR2/javassist-3.22.0-CR2.jar:/home/user/.m2/repository/org/glassfish/hk2/hk2-api/2.5.0/hk2-api-2.5.0.jar:/home/user/.m2/repository/org/glassfish/hk2/external/jakarta.inject/2.5.0/jakarta.inject-2.5.0.jar:/home/user/.m2/repository/org/glassfish/hk2/hk2-utils/2.5.0/hk2-utils-2.5.0.jar:/home/user/.m2/repository/jakarta/annotation/jakarta.annotation-api/1.3.4/jakarta.annotation-api-1.3.4.jar:/home/user/.m2/repository/org/glassfish/hk2/external/aopalliance-repackaged/2.5.0/aopalliance-repackaged-2.5.0.jar:/home/user/.m2/repository/com/fasterxml/jackson/dataformat/jackson-dataformat-xml/2.9.0/jackson-dataformat-xml-2.9.0.jar:/home/user/.m2/repository/com/fasterxml/jackson/core/jackson-core/2.9.5/jackson-core-2.9.5.jar:/home/user/.m2/repository/com/fasterxml/jackson/module/jackson-module-jaxb-annotations/2.9.5/jackson-module-jaxb-annotations-2.9.5.jar:/home/user/.m2/repository/javax/enterprise/cdi-api/1.2/cdi-api-1.2.jar:/home/user/.m2/repository/javax/el/javax.el-api/3.0.0/javax.el-api-3.0.0.jar:/home/user/.m2/repository/javax/interceptor/javax.interceptor-api/1.2/javax.interceptor-api-1.2.jar:/home/user/.m2/repository/javax/inject/javax.inject/1/javax.inject-1.jar:/home/user/.m2/repository/com/sun/xml/bind/jaxb-impl/2.3.0.1/jaxb-impl-2.3.0.1.jar:/home/user/.m2/repository/com/sun/xml/bind/jaxb-core/2.3.0.1/jaxb-core-2.3.0.1.jar:/home/user/.m2/repository/javax/xml/bind/jaxb-api/2.3.0/jaxb-api-2.3.0.jar:/home/user/.m2/repository/javax/activation/activation/1.1.1/activation-1.1.1.jar:/home/user/.m2/repository/org/apache/hadoop/hadoop-ozone-csi/0.5.0-SNAPSHOT/hadoop-ozone-csi-0.5.0-SNAPSHOT.jar:/home/user/.m2/repository/com/google/protobuf/protobuf-java-util/3.5.1/protobuf-java-util-3.5.1.jar:/home/user/.m2/repository/org/apache/hadoop/hadoop-hdds-config/0.5.0-SNAPSHOT/hadoop-hdds-config-0.5.0-SNAPSHOT.jar:/home/user/.m2/repository/io/grpc/grpc-netty/1.17.1/grpc-netty-1.17.1.jar:/home/user/.m2/repository/io/grpc/grpc-core/1.17.1/grpc-core-1.17.1.jar:/home/user/.m2/repository/io/grpc/grpc-context/1.17.1/grpc-context-1.17.1.jar:/home/user/.m2/repository/com/google/errorprone/error_prone_annotations/2.2.0/error_prone_annotations-2.2.0.jar:/home/user/.m2/repository/org/codehaus/mojo/animal-sniffer-annotations/1.17/animal-sniffer-annotations-1.17.jar:/home/user/.m2/repository/io/opencensus/opencensus-api/0.17.0/opencensus-api-0.17.0.jar:/home/user/.m2/repository/io/opencensus/opencensus-contrib-grpc-metrics/0.17.0/opencensus-contrib-grpc-metrics-0.17.0.jar:/home/user/.m2/repository/io/netty/netty-codec-http2/4.1.30.Final/netty-codec-http2-4.1.30.Final.jar:/home/user/.m2/repository/io/netty/netty-codec-http/4.1.30.Final/netty-codec-http-4.1.30.Final.jar:/home/user/.m2/repository/io/netty/netty-codec/4.1.30.Final/netty-codec-4.1.30.Final.jar:/home/user/.m2/repository/io/netty/netty-handler/4.1.30.Final/netty-handler-4.1.30.Final.jar:/home/user/.m2/repository/io/netty/netty-handler-proxy/4.1.30.Final/netty-handler-proxy-4.1.30.Final.jar:/home/user/.m2/repository/io/netty/netty-codec-socks/4.1.30.Final/netty-codec-socks-4.1.30.Final.jar:/home/user/.m2/repository/io/netty/netty-transport-native-epoll/4.1.30.Final/netty-transport-native-epoll-4.1.30.Final.jar:/home/user/.m2/repository/io/netty/netty-common/4.1.30.Final/netty-common-4.1.30.Final.jar:/home/user/.m2/repository/io/netty/netty-buffer/4.1.30.Final/netty-buffer-4.1.30.Final.jar:/home/user/.m2/repository/io/netty/netty-transport/4.1.30.Final/netty-transport-4.1.30.Final.jar:/home/user/.m2/repository/io/netty/netty-resolver/4.1.30.Final/netty-resolver-4.1.30.Final.jar:/home/user/.m2/repository/io/netty/netty-transport-native-unix-common/4.1.30.Final/netty-transport-native-unix-common-4.1.30.Final.jar:/home/user/.m2/repository/io/grpc/grpc-protobuf/1.17.1/grpc-protobuf-1.17.1.jar:/home/user/.m2/repository/com/google/api/grpc/proto-google-common-protos/1.0.0/proto-google-common-protos-1.0.0.jar:/home/user/.m2/repository/io/grpc/grpc-protobuf-lite/1.17.1/grpc-protobuf-lite-1.17.1.jar:/home/user/.m2/repository/io/grpc/grpc-stub/1.17.1/grpc-stub-1.17.1.jar:/home/user/.m2/repository/org/apache/hadoop/hadoop-ozone-recon/0.5.0-SNAPSHOT/hadoop-ozone-recon-0.5.0-SNAPSHOT.jar:/home/user/.m2/repository/org/apache/hadoop/hadoop-ozone-reconcodegen/0.5.0-SNAPSHOT/hadoop-ozone-reconcodegen-0.5.0-SNAPSHOT.jar:/home/user/.m2/repository/com/google/inject/extensions/guice-multibindings/4.0/guice-multibindings-4.0.jar:/home/user/.m2/repository/com/google/inject/guice/4.0/guice-4.0.jar:/home/user/.m2/repository/aopalliance/aopalliance/1.0/aopalliance-1.0.jar:/home/user/.m2/repository/com/google/inject/extensions/guice-servlet/4.0/guice-servlet-4.0.jar:/home/user/.m2/repository/org/glassfish/jersey/containers/jersey-container-servlet/2.27/jersey-container-servlet-2.27.jar:/home/user/.m2/repository/org/glassfish/hk2/guice-bridge/2.5.0/guice-bridge-2.5.0.jar:/home/user/.m2/repository/org/glassfish/jersey/core/jersey-server/2.27/jersey-server-2.27.jar:/home/user/.m2/repository/org/glassfish/jersey/core/jersey-client/2.27/jersey-client-2.27.jar:/home/user/.m2/repository/org/glassfish/jersey/media/jersey-media-jaxb/2.27/jersey-media-jaxb-2.27.jar:/home/user/.m2/repository/javax/validation/validation-api/1.1.0.Final/validation-api-1.1.0.Final.jar:/home/user/.m2/repository/org/glassfish/jersey/media/jersey-media-json-jackson/2.27/jersey-media-json-jackson-2.27.jar:/home/user/.m2/repository/org/glassfish/jersey/ext/jersey-entity-filtering/2.27/jersey-entity-filtering-2.27.jar:/home/user/.m2/repository/com/google/inject/extensions/guice-assistedinject/4.0/guice-assistedinject-4.0.jar:/home/user/.m2/repository/org/jooq/jooq/3.11.10/jooq-3.11.10.jar:/home/user/.m2/repository/org/jooq/jooq-meta/3.11.10/jooq-meta-3.11.10.jar:/home/user/.m2/repository/org/jooq/jooq-codegen/3.11.10/jooq-codegen-3.11.10.jar:/home/user/.m2/repository/com/jolbox/bonecp/0.8.0.RELEASE/bonecp-0.8.0.RELEASE.jar:/home/user/.m2/repository/org/xerial/sqlite-jdbc/3.25.2/sqlite-jdbc-3.25.2.jar:/home/user/.m2/repository/org/springframework/spring-jdbc/5.1.3.RELEASE/spring-jdbc-5.1.3.RELEASE.jar:/home/user/.m2/repository/org/springframework/spring-beans/5.1.3.RELEASE/spring-beans-5.1.3.RELEASE.jar:/home/user/.m2/repository/org/springframework/spring-core/5.1.3.RELEASE/spring-core-5.1.3.RELEASE.jar:/home/user/.m2/repository/org/springframework/spring-jcl/5.1.3.RELEASE/spring-jcl-5.1.3.RELEASE.jar:/home/user/.m2/repository/org/springframework/spring-tx/5.1.3.RELEASE/spring-tx-5.1.3.RELEASE.jar:/home/user/.m2/repository/org/apache/hadoop/hadoop-ozone-client/0.5.0-SNAPSHOT/hadoop-ozone-client-0.5.0-SNAPSHOT.jar:/home/user/.m2/repository/commons-lang/commons-lang/2.6/commons-lang-2.6.jar:/home/user/.m2/repository/org/apache/hadoop/hadoop-ozone-ozone-manager/0.5.0-SNAPSHOT/hadoop-ozone-ozone-manager-0.5.0-SNAPSHOT-tests.jar:/home/user/.m2/repository/junit/junit/4.11/junit-4.11.jar:/home/user/.m2/repository/org/hamcrest/hamcrest-core/1.3/hamcrest-core-1.3.jar:/home/user/.m2/repository/org/openjdk/jmh/jmh-core/1.19/jmh-core-1.19.jar:/home/user/.m2/repository/net/sf/jopt-simple/jopt-simple/4.6/jopt-simple-4.6.jar:/home/user/.m2/repository/org/apache/commons/commons-math3/3.1.1/commons-math3-3.1.1.jar:/home/user/.m2/repository/org/openjdk/jmh/jmh-generator-annprocess/1.19/jmh-generator-annprocess-1.19.jar:/home/user/.m2/repository/org/mockito/mockito-all/1.8.5/mockito-all-1.8.5.jar:/home/user/.m2/repository/org/apache/hadoop/hadoop-kms/3.2.0/hadoop-kms-3.2.0.jar:/home/user/.m2/repository/org/apache/hadoop/hadoop-auth/3.2.0/hadoop-auth-3.2.0.jar:/home/user/.m2/repository/com/nimbusds/nimbus-jose-jwt/4.41.1/nimbus-jose-jwt-4.41.1.jar:/home/user/.m2/repository/com/github/stephenc/jcip/jcip-annotations/1.0-1/jcip-annotations-1.0-1.jar:/home/user/.m2/repository/net/minidev/json-smart/2.3/json-smart-2.3.jar:/home/user/.m2/repository/net/minidev/accessors-smart/1.2/accessors-smart-1.2.jar:/home/user/.m2/repository/org/ow2/asm/asm/5.0.4/asm-5.0.4.jar:/home/user/.m2/repository/org/apache/curator/curator-framework/2.12.0/curator-framework-2.12.0.jar:/home/user/.m2/repository/com/sun/jersey/jersey-core/1.19/jersey-core-1.19.jar:/home/user/.m2/repository/javax/ws/rs/jsr311-api/1.1.1/jsr311-api-1.1.1.jar:/home/user/.m2/repository/com/sun/jersey/jersey-server/1.19/jersey-server-1.19.jar:/home/user/.m2/repository/javax/servlet/javax.servlet-api/3.1.0/javax.servlet-api-3.1.0.jar:/home/user/.m2/repository/org/eclipse/jetty/jetty-server/9.3.24.v20180605/jetty-server-9.3.24.v20180605.jar:/home/user/.m2/repository/org/eclipse/jetty/jetty-http/9.3.24.v20180605/jetty-http-9.3.24.v20180605.jar:/home/user/.m2/repository/org/eclipse/jetty/jetty-io/9.3.24.v20180605/jetty-io-9.3.24.v20180605.jar:/home/user/.m2/repository/org/eclipse/jetty/jetty-webapp/9.3.24.v20180605/jetty-webapp-9.3.24.v20180605.jar:/home/user/.m2/repository/org/eclipse/jetty/jetty-xml/9.3.24.v20180605/jetty-xml-9.3.24.v20180605.jar:/home/user/.m2/repository/log4j/log4j/1.2.17/log4j-1.2.17.jar:/home/user/.m2/repository/org/slf4j/slf4j-api/1.7.25/slf4j-api-1.7.25.jar:/home/user/.m2/repository/org/slf4j/jul-to-slf4j/1.7.25/jul-to-slf4j-1.7.25.jar:/home/user/.m2/repository/org/eclipse/jetty/jetty-util/9.3.24.v20180605/jetty-util-9.3.24.v20180605.jar:/home/user/.m2/repository/com/fasterxml/jackson/core/jackson-databind/2.9.5/jackson-databind-2.9.5.jar:/home/user/.m2/repository/org/apache/hadoop/hadoop-kms/3.2.0/hadoop-kms-3.2.0-tests.jar:/home/user/.m2/repository/org/apache/hadoop/hadoop-hdds-server-scm/0.5.0-SNAPSHOT/hadoop-hdds-server-scm-0.5.0-SNAPSHOT-tests.jar:/home/user/.m2/repository/org/apache/hadoop/hadoop-hdds-container-service/0.5.0-SNAPSHOT/hadoop-hdds-container-service-0.5.0-SNAPSHOT-tests.jar:/home/user/.m2/repository/org/yaml/snakeyaml/1.16/snakeyaml-1.16.jar:/home/user/.m2/repository/org/apache/hadoop/hadoop-common/3.2.0/hadoop-common-3.2.0-tests.jar:/home/user/.m2/repository/org/apache/hadoop/hadoop-annotations/3.2.0/hadoop-annotations-3.2.0.jar:/usr/lib/jvm/java-1.8-openjdk/jre/../lib/tools.jar:/home/user/.m2/repository/commons-cli/commons-cli/1.2/commons-cli-1.2.jar:/home/user/.m2/repository/org/apache/httpcomponents/httpclient/4.5.2/httpclient-4.5.2.jar:/home/user/.m2/repository/org/apache/httpcomponents/httpcore/4.4.4/httpcore-4.4.4.jar:/home/user/.m2/repository/commons-codec/commons-codec/1.11/commons-codec-1.11.jar:/home/user/.m2/repository/commons-net/commons-net/3.6/commons-net-3.6.jar:/home/user/.m2/repository/commons-collections/commons-collections/3.2.2/commons-collections-3.2.2.jar:/home/user/.m2/repository/org/eclipse/jetty/jetty-servlet/9.3.24.v20180605/jetty-servlet-9.3.24.v20180605.jar:/home/user/.m2/repository/org/eclipse/jetty/jetty-security/9.3.24.v20180605/jetty-security-9.3.24.v20180605.jar:/home/user/.m2/repository/javax/servlet/jsp/jsp-api/2.1/jsp-api-2.1.jar:/home/user/.m2/repository/com/sun/jersey/jersey-servlet/1.19/jersey-servlet-1.19.jar:/home/user/.m2/repository/com/sun/jersey/jersey-json/1.19/jersey-json-1.19.jar:/home/user/.m2/repository/org/codehaus/jettison/jettison/1.1/jettison-1.1.jar:/home/user/.m2/repository/org/codehaus/jackson/jackson-core-asl/1.9.13/jackson-core-asl-1.9.13.jar:/home/user/.m2/repository/org/codehaus/jackson/jackson-mapper-asl/1.9.13/jackson-mapper-asl-1.9.13.jar:/home/user/.m2/repository/org/codehaus/jackson/jackson-jaxrs/1.9.13/jackson-jaxrs-1.9.13.jar:/home/user/.m2/repository/org/codehaus/jackson/jackson-xc/1.9.13/jackson-xc-1.9.13.jar:/home/user/.m2/repository/commons-logging/commons-logging/1.1.3/commons-logging-1.1.3.jar:/home/user/.m2/repository/commons-beanutils/commons-beanutils/1.9.3/commons-beanutils-1.9.3.jar:/home/user/.m2/repository/org/apache/commons/commons-configuration2/2.1.1/commons-configuration2-2.1.1.jar:/home/user/.m2/repository/org/apache/commons/commons-lang3/3.7/commons-lang3-3.7.jar:/home/user/.m2/repository/org/apache/commons/commons-text/1.4/commons-text-1.4.jar:/home/user/.m2/repository/org/apache/avro/avro/1.7.7/avro-1.7.7.jar:/home/user/.m2/repository/com/thoughtworks/paranamer/paranamer/2.3/paranamer-2.3.jar:/home/user/.m2/repository/org/xerial/snappy/snappy-java/1.0.5/snappy-java-1.0.5.jar:/home/user/.m2/repository/com/google/re2j/re2j/1.1/re2j-1.1.jar:/home/user/.m2/repository/com/google/code/gson/gson/2.2.4/gson-2.2.4.jar:/home/user/.m2/repository/com/jcraft/jsch/0.1.54/jsch-0.1.54.jar:/home/user/.m2/repository/org/apache/curator/curator-client/2.12.0/curator-client-2.12.0.jar:/home/user/.m2/repository/org/apache/curator/curator-recipes/2.12.0/curator-recipes-2.12.0.jar:/home/user/.m2/repository/com/google/code/findbugs/jsr305/3.0.0/jsr305-3.0.0.jar:/home/user/.m2/repository/org/apache/htrace/htrace-core4/4.1.0-incubating/htrace-core4-4.1.0-incubating.jar:/home/user/.m2/repository/org/apache/zookeeper/zookeeper/3.4.13/zookeeper-3.4.13.jar:/home/user/.m2/repository/org/apache/yetus/audience-annotations/0.5.0/audience-annotations-0.5.0.jar:/home/user/.m2/repository/org/codehaus/woodstox/stax2-api/3.1.4/stax2-api-3.1.4.jar:/home/user/.m2/repository/com/fasterxml/woodstox/woodstox-core/5.0.3/woodstox-core-5.0.3.jar:/home/user/.m2/repository/dnsjava/dnsjava/2.1.7/dnsjava-2.1.7.jar:/home/user/.m2/repository/org/apache/hadoop/hadoop-hdfs/3.2.0/hadoop-hdfs-3.2.0-tests.jar:/home/user/.m2/repository/org/eclipse/jetty/jetty-util-ajax/9.3.24.v20180605/jetty-util-ajax-9.3.24.v20180605.jar:/home/user/.m2/repository/commons-daemon/commons-daemon/1.0.13/commons-daemon-1.0.13.jar:/home/user/.m2/repository/io/netty/netty/3.10.5.Final/netty-3.10.5.Final.jar:/home/user/.m2/repository/io/netty/netty-all/4.0.52.Final/netty-all-4.0.52.Final.jar:/home/user/.m2/repository/org/fusesource/leveldbjni/leveldbjni-all/1.8/leveldbjni-all-1.8.jar:"/>
    <property name="sun.cpu.endian" value="little"/>
    <property name="user.home" value="/home/user"/>
    <property name="user.language" value="en"/>
    <property name="java.specification.vendor" value="Oracle Corporation"/>
    <property name="java.home" value="/usr/lib/jvm/java-1.8-openjdk/jre"/>
    <property name="java.security.krb5.conf" value="/workdir/hadoop-ozone/integration-test/target/test-classes/krb5.conf"/>
    <property name="basedir" value="/workdir/hadoop-ozone/integration-test"/>
    <property name="file.separator" value="/"/>
    <property name="line.separator" value="&#10;"/>
    <property name="java.vm.specification.vendor" value="Oracle Corporation"/>
    <property name="java.specification.name" value="Java Platform API Specification"/>
    <property name="java.awt.graphicsenv" value="sun.awt.X11GraphicsEnvironment"/>
    <property name="surefire.real.class.path" value="/workdir/hadoop-ozone/integration-test/target/surefire/surefirebooter7137597151729558664.jar"/>
    <property name="hadoop.log.dir" value="/workdir/hadoop-ozone/integration-test/target/log"/>
    <property name="sun.boot.class.path" value="/usr/lib/jvm/java-1.8-openjdk/jre/lib/resources.jar:/usr/lib/jvm/java-1.8-openjdk/jre/lib/rt.jar:/usr/lib/jvm/java-1.8-openjdk/jre/lib/sunrsasign.jar:/usr/lib/jvm/java-1.8-openjdk/jre/lib/jsse.jar:/usr/lib/jvm/java-1.8-openjdk/jre/lib/jce.jar:/usr/lib/jvm/java-1.8-openjdk/jre/lib/charsets.jar:/usr/lib/jvm/java-1.8-openjdk/jre/lib/jfr.jar:/usr/lib/jvm/java-1.8-openjdk/jre/classes"/>
    <property name="sun.management.compiler" value="HotSpot 64-Bit Tiered Compilers"/>
    <property name="java.runtime.version" value="1.8.0_212-b04"/>
    <property name="java.net.preferIPv4Stack" value="true"/>
    <property name="user.name" value="jenkins1000"/>
    <property name="path.separator" value=":"/>
    <property name="java.security.egd" value="file:///dev/urandom"/>
    <property name="os.version" value="3.10.0-957.12.2.el7.x86_64"/>
    <property name="java.endorsed.dirs" value="/usr/lib/jvm/java-1.8-openjdk/jre/lib/endorsed"/>
    <property name="java.runtime.name" value="OpenJDK Runtime Environment"/>
    <property name="file.encoding" value="UTF-8"/>
    <property name="java.vm.name" value="OpenJDK 64-Bit Server VM"/>
    <property name="test.build.webapps" value=""/>
    <property name="localRepository" value="/home/user/.m2/repository"/>
    <property name="java.vendor.url.bug" value="https://icedtea.classpath.org/bugzilla"/>
    <property name="java.io.tmpdir" value="/tmp"/>
    <property name="require.test.libhadoop" value=""/>
    <property name="java.version" value="1.8.0_212"/>
    <property name="user.dir" value="/workdir/hadoop-ozone/integration-test"/>
    <property name="os.arch" value="amd64"/>
    <property name="java.vm.specification.name" value="Java Virtual Machine Specification"/>
    <property name="test.build.classes" value="/workdir/hadoop-ozone/integration-test/target/test-classes"/>
    <property name="java.awt.printerjob" value="sun.print.PSPrinterJob"/>
    <property name="sun.os.patch.level" value="unknown"/>
    <property name="hadoop.tmp.dir" value="/workdir/hadoop-ozone/integration-test/target/tmp"/>
    <property name="java.library.path" value="/usr/lib/jvm/java-1.8-openjdk/jre/lib/amd64/server:/usr/lib/jvm/java-1.8-openjdk/jre/lib/amd64:/usr/lib/jvm/java-1.8-openjdk/jre/../lib/amd64:/workdir/hadoop-ozone/integration-test/target/native/target/usr/local/lib:/workdir/hadoop-ozone/integration-test/../../hadoop-common-project/hadoop-common/target/native/target/usr/local/lib:/usr/java/packages/lib/amd64:/usr/lib64:/lib64:/lib:/usr/lib"/>
    <property name="java.vm.info" value="mixed mode"/>
    <property name="java.vendor" value="IcedTea"/>
    <property name="java.vm.version" value="25.212-b04"/>
    <property name="java.ext.dirs" value="/usr/lib/jvm/java-1.8-openjdk/jre/lib/ext:/usr/java/packages/lib/ext"/>
    <property name="sun.io.unicode.encoding" value="UnicodeLittle"/>
    <property name="java.class.version" value="52.0"/>
  </properties>
  <testcase name="test2DatanodesFailure" classname="org.apache.hadoop.ozone.client.rpc.TestBlockOutputStreamWithFailures" time="131.883"/>
  <testcase name="testDatanodeFailureWithPreAllocation" classname="org.apache.hadoop.ozone.client.rpc.TestBlockOutputStreamWithFailures" time="224.222"/>
  <testcase name="testDatanodeFailureWithSingleNodeRatis" classname="org.apache.hadoop.ozone.client.rpc.TestBlockOutputStreamWithFailures" time="227.425"/>
  <testcase name="testWatchForCommitWithSingleNodeRatis" classname="org.apache.hadoop.ozone.client.rpc.TestBlockOutputStreamWithFailures" time="34.015"/>
  <testcase name="testWatchForCommitDatanodeFailure" classname="org.apache.hadoop.ozone.client.rpc.TestBlockOutputStreamWithFailures" time="42.276">
    <failure message="expected:&lt;2&gt; but was:&lt;3&gt;" type="java.lang.AssertionError"><![CDATA[java.lang.AssertionError: expected:<2> but was:<3>
	at org.junit.Assert.fail(Assert.java:88)
	at org.junit.Assert.failNotEquals(Assert.java:743)
	at org.junit.Assert.assertEquals(Assert.java:118)
	at org.junit.Assert.assertEquals(Assert.java:555)
	at org.junit.Assert.assertEquals(Assert.java:542)
	at org.apache.hadoop.ozone.client.rpc.TestBlockOutputStreamWithFailures.testWatchForCommitDatanodeFailure(TestBlockOutputStreamWithFailures.java:366)
	at sun.reflect.NativeMethodAccessorImpl.invoke0(Native Method)
	at sun.reflect.NativeMethodAccessorImpl.invoke(NativeMethodAccessorImpl.java:62)
	at sun.reflect.DelegatingMethodAccessorImpl.invoke(DelegatingMethodAccessorImpl.java:43)
	at java.lang.reflect.Method.invoke(Method.java:498)
	at org.junit.runners.model.FrameworkMethod$1.runReflectiveCall(FrameworkMethod.java:47)
	at org.junit.internal.runners.model.ReflectiveCallable.run(ReflectiveCallable.java:12)
	at org.junit.runners.model.FrameworkMethod.invokeExplosively(FrameworkMethod.java:44)
	at org.junit.internal.runners.statements.InvokeMethod.evaluate(InvokeMethod.java:17)
	at org.junit.internal.runners.statements.RunBefores.evaluate(RunBefores.java:26)
	at org.junit.internal.runners.statements.RunAfters.evaluate(RunAfters.java:27)
	at org.junit.runners.ParentRunner.runLeaf(ParentRunner.java:271)
	at org.junit.runners.BlockJUnit4ClassRunner.runChild(BlockJUnit4ClassRunner.java:70)
	at org.junit.runners.BlockJUnit4ClassRunner.runChild(BlockJUnit4ClassRunner.java:50)
	at org.junit.runners.ParentRunner$3.run(ParentRunner.java:238)
	at org.junit.runners.ParentRunner$1.schedule(ParentRunner.java:63)
	at org.junit.runners.ParentRunner.runChildren(ParentRunner.java:236)
	at org.junit.runners.ParentRunner.access$000(ParentRunner.java:53)
	at org.junit.runners.ParentRunner$2.evaluate(ParentRunner.java:229)
	at org.junit.runners.ParentRunner.run(ParentRunner.java:309)
	at org.apache.maven.surefire.junit4.JUnit4Provider.execute(JUnit4Provider.java:365)
	at org.apache.maven.surefire.junit4.JUnit4Provider.executeWithRerun(JUnit4Provider.java:273)
	at org.apache.maven.surefire.junit4.JUnit4Provider.executeTestSet(JUnit4Provider.java:238)
	at org.apache.maven.surefire.junit4.JUnit4Provider.invoke(JUnit4Provider.java:159)
	at org.apache.maven.surefire.booter.ForkedBooter.invokeProviderInSameClassLoader(ForkedBooter.java:384)
	at org.apache.maven.surefire.booter.ForkedBooter.runSuitesInProcess(ForkedBooter.java:345)
	at org.apache.maven.surefire.booter.ForkedBooter.execute(ForkedBooter.java:126)
	at org.apache.maven.surefire.booter.ForkedBooter.main(ForkedBooter.java:418)
]]></failure>
    <system-out><![CDATA[2019-08-20 13:59:40,635 [main] WARN  server.ServerUtils (ServerUtils.java:getScmDbDir(145)) - ozone.scm.db.dirs is not configured. We recommend adding this setting. Falling back to ozone.metadata.dirs instead.
2019-08-20 13:59:40,684 [main] WARN  server.ServerUtils (ServerUtils.java:getScmDbDir(145)) - ozone.scm.db.dirs is not configured. We recommend adding this setting. Falling back to ozone.metadata.dirs instead.
2019-08-20 13:59:40,685 [main] WARN  server.ServerUtils (ServerUtils.java:getScmDbDir(145)) - ozone.scm.db.dirs is not configured. We recommend adding this setting. Falling back to ozone.metadata.dirs instead.
2019-08-20 13:59:40,686 [main] INFO  db.DBStoreBuilder (DBStoreBuilder.java:addTable(110)) - using custom profile for table: deletedBlocks
2019-08-20 13:59:40,686 [main] INFO  db.DBStoreBuilder (DBStoreBuilder.java:processTables(161)) - Using default column profile:DBProfile.DISK for Table:deletedBlocks
2019-08-20 13:59:40,687 [main] INFO  db.DBStoreBuilder (DBStoreBuilder.java:addTable(110)) - using custom profile for table: validCerts
2019-08-20 13:59:40,687 [main] INFO  db.DBStoreBuilder (DBStoreBuilder.java:processTables(161)) - Using default column profile:DBProfile.DISK for Table:validCerts
2019-08-20 13:59:40,687 [main] INFO  db.DBStoreBuilder (DBStoreBuilder.java:addTable(110)) - using custom profile for table: revokedCerts
2019-08-20 13:59:40,687 [main] INFO  db.DBStoreBuilder (DBStoreBuilder.java:processTables(161)) - Using default column profile:DBProfile.DISK for Table:revokedCerts
2019-08-20 13:59:40,688 [main] INFO  db.DBStoreBuilder (DBStoreBuilder.java:addTable(110)) - using custom profile for table: default
2019-08-20 13:59:40,688 [main] INFO  db.DBStoreBuilder (DBStoreBuilder.java:processTables(167)) - Using default column profile:DBProfile.DISK for Table:default
2019-08-20 13:59:40,688 [main] INFO  db.DBStoreBuilder (DBStoreBuilder.java:getDbProfile(198)) - Using default options. DBProfile.DISK
2019-08-20 13:59:40,912 [main] INFO  net.NodeSchemaLoader (NodeSchemaLoader.java:loadSchemaFromFile(125)) - Loading file from sun.misc.CompoundEnumeration@17e2ad13
2019-08-20 13:59:40,913 [main] INFO  net.NodeSchemaLoader (NodeSchemaLoader.java:loadSchema(171)) - Loading network topology layer schema file
2019-08-20 13:59:40,917 [main] INFO  node.SCMNodeManager (SCMNodeManager.java:<init>(121)) - Entering startup safe mode.
2019-08-20 13:59:40,917 [main] INFO  algorithms.ContainerPlacementPolicyFactory (ContainerPlacementPolicyFactory.java:getPolicy(55)) - Create container placement policy of type org.apache.hadoop.hdds.scm.container.placement.algorithms.SCMContainerPlacementRandom
2019-08-20 13:59:40,918 [main] WARN  server.ServerUtils (ServerUtils.java:getScmDbDir(145)) - ozone.scm.db.dirs is not configured. We recommend adding this setting. Falling back to ozone.metadata.dirs instead.
2019-08-20 13:59:40,951 [main] INFO  pipeline.SCMPipelineManager (SCMPipelineManager.java:initializePipelineState(126)) - No pipeline exists in current db
2019-08-20 13:59:40,951 [main] WARN  server.ServerUtils (ServerUtils.java:getScmDbDir(145)) - ozone.scm.db.dirs is not configured. We recommend adding this setting. Falling back to ozone.metadata.dirs instead.
2019-08-20 13:59:40,979 [main] WARN  events.EventQueue (EventQueue.java:fireEvent(175)) - No event handler registered for event TypedEvent{payloadType=SafeModeStatus, name='SafeModeStatus'}
2019-08-20 13:59:40,979 [main] INFO  ipc.CallQueueManager (CallQueueManager.java:<init>(84)) - Using callQueue: class java.util.concurrent.LinkedBlockingQueue, queueCapacity: 2000, scheduler: class org.apache.hadoop.ipc.DefaultRpcScheduler, ipcBackoff: false.
2019-08-20 13:59:40,980 [Socket Reader #1 for port 39056] INFO  ipc.Server (Server.java:run(1074)) - Starting Socket Reader #1 for port 39056
2019-08-20 13:59:40,981 [main] INFO  ipc.CallQueueManager (CallQueueManager.java:<init>(84)) - Using callQueue: class java.util.concurrent.LinkedBlockingQueue, queueCapacity: 2000, scheduler: class org.apache.hadoop.ipc.DefaultRpcScheduler, ipcBackoff: false.
2019-08-20 13:59:40,982 [Socket Reader #1 for port 41359] INFO  ipc.Server (Server.java:run(1074)) - Starting Socket Reader #1 for port 41359
2019-08-20 13:59:40,983 [main] INFO  ipc.CallQueueManager (CallQueueManager.java:<init>(84)) - Using callQueue: class java.util.concurrent.LinkedBlockingQueue, queueCapacity: 2000, scheduler: class org.apache.hadoop.ipc.DefaultRpcScheduler, ipcBackoff: false.
2019-08-20 13:59:40,983 [Socket Reader #1 for port 34603] INFO  ipc.Server (Server.java:run(1074)) - Starting Socket Reader #1 for port 34603
2019-08-20 13:59:40,985 [main] INFO  hdfs.DFSUtil (DFSUtil.java:httpServerTemplateForNNAndJN(1641)) - Starting Web-server for scm at: http://0.0.0.0:0
2019-08-20 13:59:40,986 [main] INFO  server.AuthenticationFilter (AuthenticationFilter.java:constructSecretProvider(240)) - Unable to initialize FileSignerSecretProvider, falling back to use random secrets.
2019-08-20 13:59:40,987 [main] WARN  http.HttpRequestLog (HttpRequestLog.java:getRequestLog(97)) - Jetty request log can only be enabled using Log4j
2019-08-20 13:59:40,988 [main] INFO  http.HttpServer2 (HttpServer2.java:addGlobalFilter(975)) - Added global filter 'safety' (class=org.apache.hadoop.http.HttpServer2$QuotingInputFilter)
2019-08-20 13:59:40,989 [main] INFO  http.HttpServer2 (HttpServer2.java:addFilter(948)) - Added filter static_user_filter (class=org.apache.hadoop.http.lib.StaticUserWebFilter$StaticUserFilter) to context scm
2019-08-20 13:59:40,989 [main] INFO  http.HttpServer2 (HttpServer2.java:addFilter(958)) - Added filter static_user_filter (class=org.apache.hadoop.http.lib.StaticUserWebFilter$StaticUserFilter) to context logs
2019-08-20 13:59:40,989 [main] INFO  http.HttpServer2 (HttpServer2.java:addFilter(958)) - Added filter static_user_filter (class=org.apache.hadoop.http.lib.StaticUserWebFilter$StaticUserFilter) to context static
2019-08-20 13:59:40,990 [main] INFO  server.StorageContainerManager (StorageContainerManager.java:start(759)) - StorageContainerLocationProtocol RPC server is listening at /0.0.0.0:34603
2019-08-20 13:59:40,992 [main] WARN  impl.MetricsConfig (MetricsConfig.java:loadFirst(134)) - Cannot locate configuration: tried hadoop-metrics2-storagecontainermanager.properties,hadoop-metrics2.properties
2019-08-20 13:59:40,992 [main] INFO  impl.MetricsSystemImpl (MetricsSystemImpl.java:startTimer(374)) - Scheduled Metric snapshot period at 10 second(s).
2019-08-20 13:59:40,993 [main] INFO  impl.MetricsSystemImpl (MetricsSystemImpl.java:start(191)) - StorageContainerManager metrics system started
2019-08-20 13:59:41,044 [main] INFO  server.SCMClientProtocolServer (SCMClientProtocolServer.java:start(151)) - RPC server for Client  is listening at /0.0.0.0:34603
2019-08-20 13:59:41,045 [IPC Server Responder] INFO  ipc.Server (Server.java:run(1314)) - IPC Server Responder: starting
2019-08-20 13:59:41,045 [IPC Server listener on 34603] INFO  ipc.Server (Server.java:run(1153)) - IPC Server listener on 34603: starting
2019-08-20 13:59:41,048 [main] INFO  server.StorageContainerManager (StorageContainerManager.java:start(769)) - ScmBlockLocationProtocol RPC server is listening at /0.0.0.0:41359
2019-08-20 13:59:41,048 [main] INFO  server.SCMBlockProtocolServer (SCMBlockProtocolServer.java:start(140)) - RPC server for Block Protocol is listening at /0.0.0.0:41359
2019-08-20 13:59:41,048 [IPC Server Responder] INFO  ipc.Server (Server.java:run(1314)) - IPC Server Responder: starting
2019-08-20 13:59:41,049 [IPC Server listener on 41359] INFO  ipc.Server (Server.java:run(1153)) - IPC Server listener on 41359: starting
2019-08-20 13:59:41,051 [main] INFO  server.StorageContainerManager (StorageContainerManager.java:start(773)) - ScmDatanodeProtocl RPC server is listening at /0.0.0.0:39056
2019-08-20 13:59:41,051 [main] INFO  server.SCMDatanodeProtocolServer (SCMDatanodeProtocolServer.java:start(191)) - RPC server for DataNodes is listening at /0.0.0.0:39056
2019-08-20 13:59:41,052 [IPC Server Responder] INFO  ipc.Server (Server.java:run(1314)) - IPC Server Responder: starting
2019-08-20 13:59:41,052 [IPC Server listener on 39056] INFO  ipc.Server (Server.java:run(1153)) - IPC Server listener on 39056: starting
2019-08-20 13:59:41,055 [main] INFO  http.HttpServer2 (HttpServer2.java:bindListener(1191)) - Jetty bound to port 38242
2019-08-20 13:59:41,055 [main] INFO  server.Server (Server.java:doStart(351)) - jetty-9.3.24.v20180605, build timestamp: 2018-06-05T17:11:56Z, git hash: 84205aa28f11a4f31f2a3b86d1bba2cc8ab69827
2019-08-20 13:59:41,057 [main] INFO  handler.ContextHandler (ContextHandler.java:doStart(781)) - Started o.e.j.s.ServletContextHandler@7786c2e0{/logs,file:///workdir/hadoop-ozone/integration-test/target/log,AVAILABLE}
2019-08-20 13:59:41,057 [main] INFO  handler.ContextHandler (ContextHandler.java:doStart(781)) - Started o.e.j.s.ServletContextHandler@56c39949{/static,file:///workdir/hadoop-ozone/integration-test/target/test-classes/webapps/static,AVAILABLE}
2019-08-20 13:59:41,061 [main] INFO  handler.ContextHandler (ContextHandler.java:doStart(781)) - Started o.e.j.w.WebAppContext@12dd3501{/,file:///workdir/hadoop-ozone/integration-test/target/test-classes/webapps/scm/,AVAILABLE}{/scm}
2019-08-20 13:59:41,061 [main] INFO  server.AbstractConnector (AbstractConnector.java:doStart(278)) - Started ServerConnector@4cb0e39e{HTTP/1.1,[http/1.1]}{0.0.0.0:38242}
2019-08-20 13:59:41,062 [main] INFO  server.Server (Server.java:doStart(419)) - Started @618552ms
2019-08-20 13:59:41,063 [main] INFO  server.BaseHttpServer (BaseHttpServer.java:updateConnectorAddress(213)) - HTTP server of SCM is listening at http://0.0.0.0:38242
2019-08-20 13:59:41,064 [main] WARN  server.ServerUtils (ServerUtils.java:getDBPath(222)) - ozone.om.db.dirs is not configured. We recommend adding this setting. Falling back to ozone.metadata.dirs instead.
2019-08-20 13:59:41,064 [org.apache.hadoop.util.JvmPauseMonitor$Monitor@4a10e65b] INFO  util.JvmPauseMonitor (JvmPauseMonitor.java:run(188)) - Starting JVM pause monitor
2019-08-20 13:59:41,070 [main] WARN  server.ServerUtils (ServerUtils.java:getDBPath(222)) - ozone.om.db.dirs is not configured. We recommend adding this setting. Falling back to ozone.metadata.dirs instead.
2019-08-20 13:59:41,070 [main] WARN  server.ServerUtils (ServerUtils.java:getDBPath(222)) - ozone.om.db.dirs is not configured. We recommend adding this setting. Falling back to ozone.metadata.dirs instead.
2019-08-20 13:59:41,071 [main] INFO  om.OzoneManager (OzoneManager.java:setOMNodeDetails(648)) - OM Service ID is not set. Setting it to the default ID: omServiceIdDefault
2019-08-20 13:59:41,071 [main] INFO  om.OzoneManager (OzoneManager.java:setOMNodeDetails(654)) - OM Node ID is not set. Setting it to the OmStorage's OmID: db2b8ee8-911f-4eb4-b124-7c9ebfabc5e8
2019-08-20 13:59:41,071 [main] INFO  om.OzoneManager (OzoneManager.java:loadOMHAConfigs(605)) - Found matching OM address with OMServiceId: null, OMNodeId: null, RPC Address: localhost:0 and Ratis port: 9872
2019-08-20 13:59:41,075 | INFO  | SCMAudit | user=jenkins1000 | ip=192.168.69.96 | op=GET_SCM_INFO null | ret=SUCCESS |  
2019-08-20 13:59:41,076 [main] WARN  server.ServerUtils (ServerUtils.java:getDBPath(222)) - ozone.om.db.dirs is not configured. We recommend adding this setting. Falling back to ozone.metadata.dirs instead.
2019-08-20 13:59:41,076 [main] INFO  db.DBStoreBuilder (DBStoreBuilder.java:addTable(110)) - using custom profile for table: userTable
2019-08-20 13:59:41,076 [main] INFO  db.DBStoreBuilder (DBStoreBuilder.java:processTables(161)) - Using default column profile:DBProfile.DISK for Table:userTable
2019-08-20 13:59:41,077 [main] INFO  db.DBStoreBuilder (DBStoreBuilder.java:addTable(110)) - using custom profile for table: volumeTable
2019-08-20 13:59:41,077 [main] INFO  db.DBStoreBuilder (DBStoreBuilder.java:processTables(161)) - Using default column profile:DBProfile.DISK for Table:volumeTable
2019-08-20 13:59:41,077 [main] INFO  db.DBStoreBuilder (DBStoreBuilder.java:addTable(110)) - using custom profile for table: bucketTable
2019-08-20 13:59:41,077 [main] INFO  db.DBStoreBuilder (DBStoreBuilder.java:processTables(161)) - Using default column profile:DBProfile.DISK for Table:bucketTable
2019-08-20 13:59:41,077 [main] INFO  db.DBStoreBuilder (DBStoreBuilder.java:addTable(110)) - using custom profile for table: keyTable
2019-08-20 13:59:41,077 [main] INFO  db.DBStoreBuilder (DBStoreBuilder.java:processTables(161)) - Using default column profile:DBProfile.DISK for Table:keyTable
2019-08-20 13:59:41,078 [main] INFO  db.DBStoreBuilder (DBStoreBuilder.java:addTable(110)) - using custom profile for table: deletedTable
2019-08-20 13:59:41,078 [main] INFO  db.DBStoreBuilder (DBStoreBuilder.java:processTables(161)) - Using default column profile:DBProfile.DISK for Table:deletedTable
2019-08-20 13:59:41,078 [main] INFO  db.DBStoreBuilder (DBStoreBuilder.java:addTable(110)) - using custom profile for table: openKeyTable
2019-08-20 13:59:41,078 [main] INFO  db.DBStoreBuilder (DBStoreBuilder.java:processTables(161)) - Using default column profile:DBProfile.DISK for Table:openKeyTable
2019-08-20 13:59:41,078 [main] INFO  db.DBStoreBuilder (DBStoreBuilder.java:addTable(110)) - using custom profile for table: s3Table
2019-08-20 13:59:41,078 [main] INFO  db.DBStoreBuilder (DBStoreBuilder.java:processTables(161)) - Using default column profile:DBProfile.DISK for Table:s3Table
2019-08-20 13:59:41,079 [main] INFO  db.DBStoreBuilder (DBStoreBuilder.java:addTable(110)) - using custom profile for table: multipartInfoTable
2019-08-20 13:59:41,079 [main] INFO  db.DBStoreBuilder (DBStoreBuilder.java:processTables(161)) - Using default column profile:DBProfile.DISK for Table:multipartInfoTable
2019-08-20 13:59:41,079 [main] INFO  db.DBStoreBuilder (DBStoreBuilder.java:addTable(110)) - using custom profile for table: dTokenTable
2019-08-20 13:59:41,079 [main] INFO  db.DBStoreBuilder (DBStoreBuilder.java:processTables(161)) - Using default column profile:DBProfile.DISK for Table:dTokenTable
2019-08-20 13:59:41,079 [main] INFO  db.DBStoreBuilder (DBStoreBuilder.java:addTable(110)) - using custom profile for table: s3SecretTable
2019-08-20 13:59:41,079 [main] INFO  db.DBStoreBuilder (DBStoreBuilder.java:processTables(161)) - Using default column profile:DBProfile.DISK for Table:s3SecretTable
2019-08-20 13:59:41,080 [main] INFO  db.DBStoreBuilder (DBStoreBuilder.java:addTable(110)) - using custom profile for table: prefixTable
2019-08-20 13:59:41,080 [main] INFO  db.DBStoreBuilder (DBStoreBuilder.java:processTables(161)) - Using default column profile:DBProfile.DISK for Table:prefixTable
2019-08-20 13:59:41,080 [main] INFO  db.DBStoreBuilder (DBStoreBuilder.java:addTable(110)) - using custom profile for table: default
2019-08-20 13:59:41,080 [main] INFO  db.DBStoreBuilder (DBStoreBuilder.java:processTables(167)) - Using default column profile:DBProfile.DISK for Table:default
2019-08-20 13:59:41,080 [main] INFO  db.DBStoreBuilder (DBStoreBuilder.java:getDbProfile(198)) - Using default options. DBProfile.DISK
2019-08-20 13:59:41,407 [main] INFO  ipc.CallQueueManager (CallQueueManager.java:<init>(84)) - Using callQueue: class java.util.concurrent.LinkedBlockingQueue, queueCapacity: 2000, scheduler: class org.apache.hadoop.ipc.DefaultRpcScheduler, ipcBackoff: false.
2019-08-20 13:59:41,408 [Socket Reader #1 for port 44522] INFO  ipc.Server (Server.java:run(1074)) - Starting Socket Reader #1 for port 44522
2019-08-20 13:59:41,419 [main] INFO  om.OzoneManager (OzoneManager.java:start(1259)) - OzoneManager RPC server is listening at localhost/127.0.0.1:44522
2019-08-20 13:59:41,419 [main] INFO  impl.MetricsSystemImpl (MetricsSystemImpl.java:init(158)) - OzoneManager metrics system started (again)
2019-08-20 13:59:41,533 [IPC Server Responder] INFO  ipc.Server (Server.java:run(1314)) - IPC Server Responder: starting
2019-08-20 13:59:41,535 [IPC Server listener on 44522] INFO  ipc.Server (Server.java:run(1153)) - IPC Server listener on 44522: starting
2019-08-20 13:59:41,604 [main] INFO  hdfs.DFSUtil (DFSUtil.java:httpServerTemplateForNNAndJN(1641)) - Starting Web-server for ozoneManager at: http://0.0.0.0:0
2019-08-20 13:59:41,609 [main] INFO  server.AuthenticationFilter (AuthenticationFilter.java:constructSecretProvider(240)) - Unable to initialize FileSignerSecretProvider, falling back to use random secrets.
2019-08-20 13:59:41,610 [main] WARN  http.HttpRequestLog (HttpRequestLog.java:getRequestLog(97)) - Jetty request log can only be enabled using Log4j
2019-08-20 13:59:41,611 [main] INFO  http.HttpServer2 (HttpServer2.java:addGlobalFilter(975)) - Added global filter 'safety' (class=org.apache.hadoop.http.HttpServer2$QuotingInputFilter)
2019-08-20 13:59:41,612 [main] INFO  http.HttpServer2 (HttpServer2.java:addFilter(948)) - Added filter static_user_filter (class=org.apache.hadoop.http.lib.StaticUserWebFilter$StaticUserFilter) to context ozoneManager
2019-08-20 13:59:41,612 [main] INFO  http.HttpServer2 (HttpServer2.java:addFilter(958)) - Added filter static_user_filter (class=org.apache.hadoop.http.lib.StaticUserWebFilter$StaticUserFilter) to context logs
2019-08-20 13:59:41,612 [main] INFO  http.HttpServer2 (HttpServer2.java:addFilter(958)) - Added filter static_user_filter (class=org.apache.hadoop.http.lib.StaticUserWebFilter$StaticUserFilter) to context static
2019-08-20 13:59:41,612 [main] INFO  http.HttpServer2 (HttpServer2.java:bindListener(1191)) - Jetty bound to port 34380
2019-08-20 13:59:41,612 [main] INFO  server.Server (Server.java:doStart(351)) - jetty-9.3.24.v20180605, build timestamp: 2018-06-05T17:11:56Z, git hash: 84205aa28f11a4f31f2a3b86d1bba2cc8ab69827
2019-08-20 13:59:41,615 [main] INFO  handler.ContextHandler (ContextHandler.java:doStart(781)) - Started o.e.j.s.ServletContextHandler@5d729af6{/logs,file:///workdir/hadoop-ozone/integration-test/target/log,AVAILABLE}
2019-08-20 13:59:41,615 [main] INFO  handler.ContextHandler (ContextHandler.java:doStart(781)) - Started o.e.j.s.ServletContextHandler@2be83e7e{/static,file:///workdir/hadoop-ozone/integration-test/target/test-classes/webapps/static,AVAILABLE}
2019-08-20 13:59:41,619 [main] INFO  handler.ContextHandler (ContextHandler.java:doStart(781)) - Started o.e.j.w.WebAppContext@1a557a52{/,file:///workdir/hadoop-ozone/integration-test/target/test-classes/webapps/ozoneManager/,AVAILABLE}{/ozoneManager}
2019-08-20 13:59:41,619 [main] INFO  server.AbstractConnector (AbstractConnector.java:doStart(278)) - Started ServerConnector@4ab959e8{HTTP/1.1,[http/1.1]}{0.0.0.0:34380}
2019-08-20 13:59:41,621 [main] INFO  server.Server (Server.java:doStart(419)) - Started @619111ms
2019-08-20 13:59:41,621 [main] INFO  server.BaseHttpServer (BaseHttpServer.java:updateConnectorAddress(213)) - HTTP server of OZONEMANAGER is listening at http://0.0.0.0:34380
2019-08-20 13:59:41,633 [main] INFO  impl.MetricsSystemImpl (MetricsSystemImpl.java:init(158)) - HddsDatanode metrics system started (again)
2019-08-20 13:59:41,635 [main] INFO  ozone.HddsDatanodeService (HddsDatanodeService.java:start(184)) - HddsDatanodeService host:pr-hdds-1946lgncr-3764977478 ip:192.168.69.96
2019-08-20 13:59:41,642 [main] INFO  volume.HddsVolume (HddsVolume.java:<init>(176)) - Creating Volume: /workdir/hadoop-ozone/integration-test/target/test-dir/MiniOzoneClusterImpl-d4c3f63e-79eb-48dd-b907-15aeed9be1d5/datanode-0/data/containers/hdds of  storage type : DISK and capacity : 1482555576320
2019-08-20 13:59:41,643 [main] INFO  volume.VolumeSet (VolumeSet.java:initializeVolumeSet(170)) - Added Volume : /workdir/hadoop-ozone/integration-test/target/test-dir/MiniOzoneClusterImpl-d4c3f63e-79eb-48dd-b907-15aeed9be1d5/datanode-0/data/containers/hdds to VolumeSet
2019-08-20 13:59:41,643 [main] INFO  volume.ThrottledAsyncChecker (ThrottledAsyncChecker.java:schedule(140)) - Scheduling a check for org.apache.hadoop.ozone.container.common.volume.HddsVolume@1e8c9083
2019-08-20 13:59:41,643 [main] INFO  volume.HddsVolumeChecker (HddsVolumeChecker.java:checkAllVolumes(203)) - Scheduled health check for volume org.apache.hadoop.ozone.container.common.volume.HddsVolume@1e8c9083
2019-08-20 13:59:41,656 [main] INFO  impl.RaftServerProxy (ConfUtils.java:logGet(43)) - raft.rpc.type = GRPC (default)
2019-08-20 13:59:41,656 [main] INFO  grpc.GrpcFactory (GrpcFactory.java:checkPooledByteBufAllocatorUseCacheForAllThreads(45)) - PERFORMANCE WARNING: useCacheForAllThreads is true that may cause Netty to create a lot garbage objects and, as a result, trigger GC.
	It is recommended to disable useCacheForAllThreads by setting -Dorg.apache.ratis.thirdparty.io.netty.allocator.useCacheForAllThreads=false in command line.
2019-08-20 13:59:41,656 [main] INFO  grpc.GrpcConfigKeys$Server (ConfUtils.java:logGet(43)) - raft.grpc.server.port = 0 (default)
2019-08-20 13:59:41,656 [main] INFO  server.GrpcService (ConfUtils.java:logGet(43)) - raft.grpc.message.size.max = 33570816 (custom)
2019-08-20 13:59:41,657 [main] INFO  server.RaftServerConfigKeys (ConfUtils.java:logGet(43)) - raft.server.log.appender.buffer.byte-limit = 33554432 (custom)
2019-08-20 13:59:41,657 [main] INFO  server.GrpcService (ConfUtils.java:logGet(43)) - raft.grpc.flow.control.window = 1MB (=1048576) (default)
2019-08-20 13:59:41,657 [main] INFO  server.RaftServerConfigKeys (ConfUtils.java:logGet(43)) - raft.server.rpc.request.timeout = 3000ms (default)
2019-08-20 13:59:41,657 [main] INFO  server.RaftServerConfigKeys (ConfUtils.java:logGet(43)) - raft.server.storage.dir = [/workdir/hadoop-ozone/integration-test/target/test-dir/MiniOzoneClusterImpl-d4c3f63e-79eb-48dd-b907-15aeed9be1d5/datanode-0/data/ratis] (custom)
2019-08-20 13:59:41,658 [main] INFO  replication.SimpleContainerDownloader (SimpleContainerDownloader.java:<init>(72)) - Starting container downloader service to copy containers to replicate.
2019-08-20 13:59:41,659 [main] INFO  hdfs.DFSUtil (DFSUtil.java:httpServerTemplateForNNAndJN(1641)) - Starting Web-server for hddsDatanode at: http://0.0.0.0:0
2019-08-20 13:59:41,660 [main] INFO  server.AuthenticationFilter (AuthenticationFilter.java:constructSecretProvider(240)) - Unable to initialize FileSignerSecretProvider, falling back to use random secrets.
2019-08-20 13:59:41,660 [main] WARN  http.HttpRequestLog (HttpRequestLog.java:getRequestLog(97)) - Jetty request log can only be enabled using Log4j
2019-08-20 13:59:41,661 [main] INFO  http.HttpServer2 (HttpServer2.java:addGlobalFilter(975)) - Added global filter 'safety' (class=org.apache.hadoop.http.HttpServer2$QuotingInputFilter)
2019-08-20 13:59:41,662 [main] INFO  http.HttpServer2 (HttpServer2.java:addFilter(948)) - Added filter static_user_filter (class=org.apache.hadoop.http.lib.StaticUserWebFilter$StaticUserFilter) to context hddsDatanode
2019-08-20 13:59:41,662 [main] INFO  http.HttpServer2 (HttpServer2.java:addFilter(958)) - Added filter static_user_filter (class=org.apache.hadoop.http.lib.StaticUserWebFilter$StaticUserFilter) to context logs
2019-08-20 13:59:41,662 [main] INFO  http.HttpServer2 (HttpServer2.java:addFilter(958)) - Added filter static_user_filter (class=org.apache.hadoop.http.lib.StaticUserWebFilter$StaticUserFilter) to context static
2019-08-20 13:59:41,662 [main] INFO  http.HttpServer2 (HttpServer2.java:bindListener(1191)) - Jetty bound to port 38470
2019-08-20 13:59:41,663 [main] INFO  server.Server (Server.java:doStart(351)) - jetty-9.3.24.v20180605, build timestamp: 2018-06-05T17:11:56Z, git hash: 84205aa28f11a4f31f2a3b86d1bba2cc8ab69827
2019-08-20 13:59:41,664 [main] INFO  handler.ContextHandler (ContextHandler.java:doStart(781)) - Started o.e.j.s.ServletContextHandler@4dd28982{/logs,file:///workdir/hadoop-ozone/integration-test/target/log,AVAILABLE}
2019-08-20 13:59:41,664 [main] INFO  handler.ContextHandler (ContextHandler.java:doStart(781)) - Started o.e.j.s.ServletContextHandler@60f70c9e{/static,jar:file:/home/user/.m2/repository/org/apache/hadoop/hadoop-hdds-container-service/0.5.0-SNAPSHOT/hadoop-hdds-container-service-0.5.0-SNAPSHOT.jar!/webapps/static,AVAILABLE}
2019-08-20 13:59:41,691 [main] INFO  handler.ContextHandler (ContextHandler.java:doStart(781)) - Started o.e.j.w.WebAppContext@77732366{/,file:///tmp/jetty-0.0.0.0-38470-hddsDatanode-_-any-1218446465404957684.dir/webapp/,AVAILABLE}{/hddsDatanode}
2019-08-20 13:59:41,691 [main] INFO  server.AbstractConnector (AbstractConnector.java:doStart(278)) - Started ServerConnector@7c046af{HTTP/1.1,[http/1.1]}{0.0.0.0:38470}
2019-08-20 13:59:41,692 [main] INFO  server.Server (Server.java:doStart(419)) - Started @619183ms
2019-08-20 13:59:41,693 [main] INFO  server.BaseHttpServer (BaseHttpServer.java:updateConnectorAddress(213)) - HTTP server of HDDSDATANODE is listening at http://0.0.0.0:38470
2019-08-20 13:59:41,785 | INFO  | ObjectStoreRestHttpServer | Listening HDDS REST traffic on /0.0.0.0:38207 |  
2019-08-20 13:59:41,785 [main] INFO  ozone.HddsDatanodeService (HddsDatanodeService.java:startPlugins(395)) - Started plug-in org.apache.hadoop.ozone.web.OzoneHddsDatanodeService@71eb4ea4
2019-08-20 13:59:41,785 [main] INFO  impl.MetricsSystemImpl (MetricsSystemImpl.java:init(158)) - HddsDatanode metrics system started (again)
2019-08-20 13:59:41,787 [org.apache.hadoop.util.JvmPauseMonitor$Monitor@1baae54] INFO  util.JvmPauseMonitor (JvmPauseMonitor.java:run(188)) - Starting JVM pause monitor
2019-08-20 13:59:41,787 [main] INFO  ozone.HddsDatanodeService (HddsDatanodeService.java:start(184)) - HddsDatanodeService host:pr-hdds-1946lgncr-3764977478 ip:192.168.69.96
2019-08-20 13:59:41,788 [Datanode State Machine Thread - 0] INFO  datanode.InitDatanodeState (InitDatanodeState.java:persistContainerDatanodeDetails(140)) - DatanodeDetails is persisted to /workdir/hadoop-ozone/integration-test/target/test-dir/MiniOzoneClusterImpl-d4c3f63e-79eb-48dd-b907-15aeed9be1d5/datanode-0/meta/datanode.id
2019-08-20 13:59:41,794 [main] INFO  volume.HddsVolume (HddsVolume.java:<init>(176)) - Creating Volume: /workdir/hadoop-ozone/integration-test/target/test-dir/MiniOzoneClusterImpl-d4c3f63e-79eb-48dd-b907-15aeed9be1d5/datanode-1/data/containers/hdds of  storage type : DISK and capacity : 1482555576320
2019-08-20 13:59:41,794 [main] INFO  volume.VolumeSet (VolumeSet.java:initializeVolumeSet(170)) - Added Volume : /workdir/hadoop-ozone/integration-test/target/test-dir/MiniOzoneClusterImpl-d4c3f63e-79eb-48dd-b907-15aeed9be1d5/datanode-1/data/containers/hdds to VolumeSet
2019-08-20 13:59:41,794 [main] INFO  volume.ThrottledAsyncChecker (ThrottledAsyncChecker.java:schedule(140)) - Scheduling a check for org.apache.hadoop.ozone.container.common.volume.HddsVolume@448c4742
2019-08-20 13:59:41,795 [main] INFO  volume.HddsVolumeChecker (HddsVolumeChecker.java:checkAllVolumes(203)) - Scheduled health check for volume org.apache.hadoop.ozone.container.common.volume.HddsVolume@448c4742
2019-08-20 13:59:41,807 [main] INFO  impl.RaftServerProxy (ConfUtils.java:logGet(43)) - raft.rpc.type = GRPC (default)
2019-08-20 13:59:41,807 [main] INFO  grpc.GrpcFactory (GrpcFactory.java:checkPooledByteBufAllocatorUseCacheForAllThreads(45)) - PERFORMANCE WARNING: useCacheForAllThreads is true that may cause Netty to create a lot garbage objects and, as a result, trigger GC.
	It is recommended to disable useCacheForAllThreads by setting -Dorg.apache.ratis.thirdparty.io.netty.allocator.useCacheForAllThreads=false in command line.
2019-08-20 13:59:41,807 [main] INFO  grpc.GrpcConfigKeys$Server (ConfUtils.java:logGet(43)) - raft.grpc.server.port = 0 (default)
2019-08-20 13:59:41,807 [main] INFO  server.GrpcService (ConfUtils.java:logGet(43)) - raft.grpc.message.size.max = 33570816 (custom)
2019-08-20 13:59:41,808 [main] INFO  server.RaftServerConfigKeys (ConfUtils.java:logGet(43)) - raft.server.log.appender.buffer.byte-limit = 33554432 (custom)
2019-08-20 13:59:41,808 [main] INFO  server.GrpcService (ConfUtils.java:logGet(43)) - raft.grpc.flow.control.window = 1MB (=1048576) (default)
2019-08-20 13:59:41,808 [main] INFO  server.RaftServerConfigKeys (ConfUtils.java:logGet(43)) - raft.server.rpc.request.timeout = 3000ms (default)
2019-08-20 13:59:41,808 [main] INFO  server.RaftServerConfigKeys (ConfUtils.java:logGet(43)) - raft.server.storage.dir = [/workdir/hadoop-ozone/integration-test/target/test-dir/MiniOzoneClusterImpl-d4c3f63e-79eb-48dd-b907-15aeed9be1d5/datanode-1/data/ratis] (custom)
2019-08-20 13:59:41,809 [main] INFO  replication.SimpleContainerDownloader (SimpleContainerDownloader.java:<init>(72)) - Starting container downloader service to copy containers to replicate.
2019-08-20 13:59:41,809 [main] INFO  hdfs.DFSUtil (DFSUtil.java:httpServerTemplateForNNAndJN(1641)) - Starting Web-server for hddsDatanode at: http://0.0.0.0:0
2019-08-20 13:59:41,811 [main] INFO  server.AuthenticationFilter (AuthenticationFilter.java:constructSecretProvider(240)) - Unable to initialize FileSignerSecretProvider, falling back to use random secrets.
2019-08-20 13:59:41,811 [main] WARN  http.HttpRequestLog (HttpRequestLog.java:getRequestLog(97)) - Jetty request log can only be enabled using Log4j
2019-08-20 13:59:41,812 [main] INFO  http.HttpServer2 (HttpServer2.java:addGlobalFilter(975)) - Added global filter 'safety' (class=org.apache.hadoop.http.HttpServer2$QuotingInputFilter)
2019-08-20 13:59:41,812 [main] INFO  http.HttpServer2 (HttpServer2.java:addFilter(948)) - Added filter static_user_filter (class=org.apache.hadoop.http.lib.StaticUserWebFilter$StaticUserFilter) to context hddsDatanode
2019-08-20 13:59:41,812 [main] INFO  http.HttpServer2 (HttpServer2.java:addFilter(958)) - Added filter static_user_filter (class=org.apache.hadoop.http.lib.StaticUserWebFilter$StaticUserFilter) to context static
2019-08-20 13:59:41,813 [main] INFO  http.HttpServer2 (HttpServer2.java:addFilter(958)) - Added filter static_user_filter (class=org.apache.hadoop.http.lib.StaticUserWebFilter$StaticUserFilter) to context logs
2019-08-20 13:59:41,813 [main] INFO  http.HttpServer2 (HttpServer2.java:bindListener(1191)) - Jetty bound to port 44221
2019-08-20 13:59:41,813 [main] INFO  server.Server (Server.java:doStart(351)) - jetty-9.3.24.v20180605, build timestamp: 2018-06-05T17:11:56Z, git hash: 84205aa28f11a4f31f2a3b86d1bba2cc8ab69827
2019-08-20 13:59:41,814 [main] INFO  handler.ContextHandler (ContextHandler.java:doStart(781)) - Started o.e.j.s.ServletContextHandler@7320bccc{/logs,file:///workdir/hadoop-ozone/integration-test/target/log,AVAILABLE}
2019-08-20 13:59:41,815 [main] INFO  handler.ContextHandler (ContextHandler.java:doStart(781)) - Started o.e.j.s.ServletContextHandler@520e6089{/static,jar:file:/home/user/.m2/repository/org/apache/hadoop/hadoop-hdds-container-service/0.5.0-SNAPSHOT/hadoop-hdds-container-service-0.5.0-SNAPSHOT.jar!/webapps/static,AVAILABLE}
2019-08-20 13:59:41,841 [main] INFO  handler.ContextHandler (ContextHandler.java:doStart(781)) - Started o.e.j.w.WebAppContext@3f89d36c{/,file:///tmp/jetty-0.0.0.0-44221-hddsDatanode-_-any-4036441681668871803.dir/webapp/,AVAILABLE}{/hddsDatanode}
2019-08-20 13:59:41,842 [main] INFO  server.AbstractConnector (AbstractConnector.java:doStart(278)) - Started ServerConnector@520034a{HTTP/1.1,[http/1.1]}{0.0.0.0:44221}
2019-08-20 13:59:41,843 [main] INFO  server.Server (Server.java:doStart(419)) - Started @619334ms
2019-08-20 13:59:41,844 [main] INFO  server.BaseHttpServer (BaseHttpServer.java:updateConnectorAddress(213)) - HTTP server of HDDSDATANODE is listening at http://0.0.0.0:44221
2019-08-20 13:59:41,935 | INFO  | ObjectStoreRestHttpServer | Listening HDDS REST traffic on /0.0.0.0:35360 |  
2019-08-20 13:59:41,936 [main] INFO  ozone.HddsDatanodeService (HddsDatanodeService.java:startPlugins(395)) - Started plug-in org.apache.hadoop.ozone.web.OzoneHddsDatanodeService@3bbab2c9
2019-08-20 13:59:41,936 [main] INFO  impl.MetricsSystemImpl (MetricsSystemImpl.java:init(158)) - HddsDatanode metrics system started (again)
2019-08-20 13:59:41,939 [main] INFO  ozone.HddsDatanodeService (HddsDatanodeService.java:start(184)) - HddsDatanodeService host:pr-hdds-1946lgncr-3764977478 ip:192.168.69.96
2019-08-20 13:59:41,939 [org.apache.hadoop.util.JvmPauseMonitor$Monitor@1dccc392] INFO  util.JvmPauseMonitor (JvmPauseMonitor.java:run(188)) - Starting JVM pause monitor
2019-08-20 13:59:41,940 [Datanode State Machine Thread - 0] INFO  datanode.InitDatanodeState (InitDatanodeState.java:persistContainerDatanodeDetails(140)) - DatanodeDetails is persisted to /workdir/hadoop-ozone/integration-test/target/test-dir/MiniOzoneClusterImpl-d4c3f63e-79eb-48dd-b907-15aeed9be1d5/datanode-1/meta/datanode.id
2019-08-20 13:59:41,945 [main] INFO  volume.HddsVolume (HddsVolume.java:<init>(176)) - Creating Volume: /workdir/hadoop-ozone/integration-test/target/test-dir/MiniOzoneClusterImpl-d4c3f63e-79eb-48dd-b907-15aeed9be1d5/datanode-2/data/containers/hdds of  storage type : DISK and capacity : 1482555576320
2019-08-20 13:59:41,946 [main] INFO  volume.VolumeSet (VolumeSet.java:initializeVolumeSet(170)) - Added Volume : /workdir/hadoop-ozone/integration-test/target/test-dir/MiniOzoneClusterImpl-d4c3f63e-79eb-48dd-b907-15aeed9be1d5/datanode-2/data/containers/hdds to VolumeSet
2019-08-20 13:59:41,946 [main] INFO  volume.ThrottledAsyncChecker (ThrottledAsyncChecker.java:schedule(140)) - Scheduling a check for org.apache.hadoop.ozone.container.common.volume.HddsVolume@394c77e2
2019-08-20 13:59:41,946 [main] INFO  volume.HddsVolumeChecker (HddsVolumeChecker.java:checkAllVolumes(203)) - Scheduled health check for volume org.apache.hadoop.ozone.container.common.volume.HddsVolume@394c77e2
2019-08-20 13:59:41,958 [main] INFO  impl.RaftServerProxy (ConfUtils.java:logGet(43)) - raft.rpc.type = GRPC (default)
2019-08-20 13:59:41,958 [main] INFO  grpc.GrpcFactory (GrpcFactory.java:checkPooledByteBufAllocatorUseCacheForAllThreads(45)) - PERFORMANCE WARNING: useCacheForAllThreads is true that may cause Netty to create a lot garbage objects and, as a result, trigger GC.
	It is recommended to disable useCacheForAllThreads by setting -Dorg.apache.ratis.thirdparty.io.netty.allocator.useCacheForAllThreads=false in command line.
2019-08-20 13:59:41,958 [main] INFO  grpc.GrpcConfigKeys$Server (ConfUtils.java:logGet(43)) - raft.grpc.server.port = 0 (default)
2019-08-20 13:59:41,959 [main] INFO  server.GrpcService (ConfUtils.java:logGet(43)) - raft.grpc.message.size.max = 33570816 (custom)
2019-08-20 13:59:41,959 [main] INFO  server.RaftServerConfigKeys (ConfUtils.java:logGet(43)) - raft.server.log.appender.buffer.byte-limit = 33554432 (custom)
2019-08-20 13:59:41,959 [main] INFO  server.GrpcService (ConfUtils.java:logGet(43)) - raft.grpc.flow.control.window = 1MB (=1048576) (default)
2019-08-20 13:59:41,959 [main] INFO  server.RaftServerConfigKeys (ConfUtils.java:logGet(43)) - raft.server.rpc.request.timeout = 3000ms (default)
2019-08-20 13:59:41,959 [main] INFO  server.RaftServerConfigKeys (ConfUtils.java:logGet(43)) - raft.server.storage.dir = [/workdir/hadoop-ozone/integration-test/target/test-dir/MiniOzoneClusterImpl-d4c3f63e-79eb-48dd-b907-15aeed9be1d5/datanode-2/data/ratis] (custom)
2019-08-20 13:59:41,960 [main] INFO  replication.SimpleContainerDownloader (SimpleContainerDownloader.java:<init>(72)) - Starting container downloader service to copy containers to replicate.
2019-08-20 13:59:41,960 [main] INFO  hdfs.DFSUtil (DFSUtil.java:httpServerTemplateForNNAndJN(1641)) - Starting Web-server for hddsDatanode at: http://0.0.0.0:0
2019-08-20 13:59:41,961 [main] INFO  server.AuthenticationFilter (AuthenticationFilter.java:constructSecretProvider(240)) - Unable to initialize FileSignerSecretProvider, falling back to use random secrets.
2019-08-20 13:59:41,962 [main] WARN  http.HttpRequestLog (HttpRequestLog.java:getRequestLog(97)) - Jetty request log can only be enabled using Log4j
2019-08-20 13:59:41,963 [main] INFO  http.HttpServer2 (HttpServer2.java:addGlobalFilter(975)) - Added global filter 'safety' (class=org.apache.hadoop.http.HttpServer2$QuotingInputFilter)
2019-08-20 13:59:41,963 [main] INFO  http.HttpServer2 (HttpServer2.java:addFilter(948)) - Added filter static_user_filter (class=org.apache.hadoop.http.lib.StaticUserWebFilter$StaticUserFilter) to context hddsDatanode
2019-08-20 13:59:41,963 [main] INFO  http.HttpServer2 (HttpServer2.java:addFilter(958)) - Added filter static_user_filter (class=org.apache.hadoop.http.lib.StaticUserWebFilter$StaticUserFilter) to context logs
2019-08-20 13:59:41,963 [main] INFO  http.HttpServer2 (HttpServer2.java:addFilter(958)) - Added filter static_user_filter (class=org.apache.hadoop.http.lib.StaticUserWebFilter$StaticUserFilter) to context static
2019-08-20 13:59:41,964 [main] INFO  http.HttpServer2 (HttpServer2.java:bindListener(1191)) - Jetty bound to port 45219
2019-08-20 13:59:41,964 [main] INFO  server.Server (Server.java:doStart(351)) - jetty-9.3.24.v20180605, build timestamp: 2018-06-05T17:11:56Z, git hash: 84205aa28f11a4f31f2a3b86d1bba2cc8ab69827
2019-08-20 13:59:41,965 [main] INFO  handler.ContextHandler (ContextHandler.java:doStart(781)) - Started o.e.j.s.ServletContextHandler@5a438c0a{/logs,file:///workdir/hadoop-ozone/integration-test/target/log,AVAILABLE}
2019-08-20 13:59:41,966 [main] INFO  handler.ContextHandler (ContextHandler.java:doStart(781)) - Started o.e.j.s.ServletContextHandler@b42d1c8{/static,jar:file:/home/user/.m2/repository/org/apache/hadoop/hadoop-hdds-container-service/0.5.0-SNAPSHOT/hadoop-hdds-container-service-0.5.0-SNAPSHOT.jar!/webapps/static,AVAILABLE}
2019-08-20 13:59:41,991 [main] INFO  handler.ContextHandler (ContextHandler.java:doStart(781)) - Started o.e.j.w.WebAppContext@4f9191c1{/,file:///tmp/jetty-0.0.0.0-45219-hddsDatanode-_-any-7196824781228381882.dir/webapp/,AVAILABLE}{/hddsDatanode}
2019-08-20 13:59:41,991 [main] INFO  server.AbstractConnector (AbstractConnector.java:doStart(278)) - Started ServerConnector@5bbaaf17{HTTP/1.1,[http/1.1]}{0.0.0.0:45219}
2019-08-20 13:59:41,993 [main] INFO  server.Server (Server.java:doStart(419)) - Started @619483ms
2019-08-20 13:59:41,994 [main] INFO  server.BaseHttpServer (BaseHttpServer.java:updateConnectorAddress(213)) - HTTP server of HDDSDATANODE is listening at http://0.0.0.0:45219
2019-08-20 13:59:42,087 | INFO  | ObjectStoreRestHttpServer | Listening HDDS REST traffic on /0.0.0.0:40001 |  
2019-08-20 13:59:42,087 [main] INFO  ozone.HddsDatanodeService (HddsDatanodeService.java:startPlugins(395)) - Started plug-in org.apache.hadoop.ozone.web.OzoneHddsDatanodeService@db610c3
2019-08-20 13:59:42,087 [main] INFO  impl.MetricsSystemImpl (MetricsSystemImpl.java:init(158)) - HddsDatanode metrics system started (again)
2019-08-20 13:59:42,090 [org.apache.hadoop.util.JvmPauseMonitor$Monitor@5f0cd04d] INFO  util.JvmPauseMonitor (JvmPauseMonitor.java:run(188)) - Starting JVM pause monitor
2019-08-20 13:59:42,090 [main] INFO  ozone.HddsDatanodeService (HddsDatanodeService.java:start(184)) - HddsDatanodeService host:pr-hdds-1946lgncr-3764977478 ip:192.168.69.96
2019-08-20 13:59:42,090 [Datanode State Machine Thread - 0] INFO  datanode.InitDatanodeState (InitDatanodeState.java:persistContainerDatanodeDetails(140)) - DatanodeDetails is persisted to /workdir/hadoop-ozone/integration-test/target/test-dir/MiniOzoneClusterImpl-d4c3f63e-79eb-48dd-b907-15aeed9be1d5/datanode-2/meta/datanode.id
2019-08-20 13:59:42,097 [main] INFO  volume.HddsVolume (HddsVolume.java:<init>(176)) - Creating Volume: /workdir/hadoop-ozone/integration-test/target/test-dir/MiniOzoneClusterImpl-d4c3f63e-79eb-48dd-b907-15aeed9be1d5/datanode-3/data/containers/hdds of  storage type : DISK and capacity : 1482555576320
2019-08-20 13:59:42,097 [main] INFO  volume.VolumeSet (VolumeSet.java:initializeVolumeSet(170)) - Added Volume : /workdir/hadoop-ozone/integration-test/target/test-dir/MiniOzoneClusterImpl-d4c3f63e-79eb-48dd-b907-15aeed9be1d5/datanode-3/data/containers/hdds to VolumeSet
2019-08-20 13:59:42,097 [main] INFO  volume.ThrottledAsyncChecker (ThrottledAsyncChecker.java:schedule(140)) - Scheduling a check for org.apache.hadoop.ozone.container.common.volume.HddsVolume@3220ffb
2019-08-20 13:59:42,098 [main] INFO  volume.HddsVolumeChecker (HddsVolumeChecker.java:checkAllVolumes(203)) - Scheduled health check for volume org.apache.hadoop.ozone.container.common.volume.HddsVolume@3220ffb
2019-08-20 13:59:42,110 [main] INFO  impl.RaftServerProxy (ConfUtils.java:logGet(43)) - raft.rpc.type = GRPC (default)
2019-08-20 13:59:42,110 [main] INFO  grpc.GrpcFactory (GrpcFactory.java:checkPooledByteBufAllocatorUseCacheForAllThreads(45)) - PERFORMANCE WARNING: useCacheForAllThreads is true that may cause Netty to create a lot garbage objects and, as a result, trigger GC.
	It is recommended to disable useCacheForAllThreads by setting -Dorg.apache.ratis.thirdparty.io.netty.allocator.useCacheForAllThreads=false in command line.
2019-08-20 13:59:42,110 [main] INFO  grpc.GrpcConfigKeys$Server (ConfUtils.java:logGet(43)) - raft.grpc.server.port = 0 (default)
2019-08-20 13:59:42,110 [main] INFO  server.GrpcService (ConfUtils.java:logGet(43)) - raft.grpc.message.size.max = 33570816 (custom)
2019-08-20 13:59:42,110 [main] INFO  server.RaftServerConfigKeys (ConfUtils.java:logGet(43)) - raft.server.log.appender.buffer.byte-limit = 33554432 (custom)
2019-08-20 13:59:42,111 [main] INFO  server.GrpcService (ConfUtils.java:logGet(43)) - raft.grpc.flow.control.window = 1MB (=1048576) (default)
2019-08-20 13:59:42,111 [main] INFO  server.RaftServerConfigKeys (ConfUtils.java:logGet(43)) - raft.server.rpc.request.timeout = 3000ms (default)
2019-08-20 13:59:42,111 [main] INFO  server.RaftServerConfigKeys (ConfUtils.java:logGet(43)) - raft.server.storage.dir = [/workdir/hadoop-ozone/integration-test/target/test-dir/MiniOzoneClusterImpl-d4c3f63e-79eb-48dd-b907-15aeed9be1d5/datanode-3/data/ratis] (custom)
2019-08-20 13:59:42,111 [main] INFO  replication.SimpleContainerDownloader (SimpleContainerDownloader.java:<init>(72)) - Starting container downloader service to copy containers to replicate.
2019-08-20 13:59:42,112 [main] INFO  hdfs.DFSUtil (DFSUtil.java:httpServerTemplateForNNAndJN(1641)) - Starting Web-server for hddsDatanode at: http://0.0.0.0:0
2019-08-20 13:59:42,114 [main] INFO  server.AuthenticationFilter (AuthenticationFilter.java:constructSecretProvider(240)) - Unable to initialize FileSignerSecretProvider, falling back to use random secrets.
2019-08-20 13:59:42,115 [main] WARN  http.HttpRequestLog (HttpRequestLog.java:getRequestLog(97)) - Jetty request log can only be enabled using Log4j
2019-08-20 13:59:42,116 [main] INFO  http.HttpServer2 (HttpServer2.java:addGlobalFilter(975)) - Added global filter 'safety' (class=org.apache.hadoop.http.HttpServer2$QuotingInputFilter)
2019-08-20 13:59:42,117 [main] INFO  http.HttpServer2 (HttpServer2.java:addFilter(948)) - Added filter static_user_filter (class=org.apache.hadoop.http.lib.StaticUserWebFilter$StaticUserFilter) to context hddsDatanode
2019-08-20 13:59:42,117 [main] INFO  http.HttpServer2 (HttpServer2.java:addFilter(958)) - Added filter static_user_filter (class=org.apache.hadoop.http.lib.StaticUserWebFilter$StaticUserFilter) to context logs
2019-08-20 13:59:42,117 [main] INFO  http.HttpServer2 (HttpServer2.java:addFilter(958)) - Added filter static_user_filter (class=org.apache.hadoop.http.lib.StaticUserWebFilter$StaticUserFilter) to context static
2019-08-20 13:59:42,118 [main] INFO  http.HttpServer2 (HttpServer2.java:bindListener(1191)) - Jetty bound to port 33724
2019-08-20 13:59:42,118 [main] INFO  server.Server (Server.java:doStart(351)) - jetty-9.3.24.v20180605, build timestamp: 2018-06-05T17:11:56Z, git hash: 84205aa28f11a4f31f2a3b86d1bba2cc8ab69827
2019-08-20 13:59:42,119 [main] INFO  handler.ContextHandler (ContextHandler.java:doStart(781)) - Started o.e.j.s.ServletContextHandler@5f65a6d7{/logs,file:///workdir/hadoop-ozone/integration-test/target/log,AVAILABLE}
2019-08-20 13:59:42,120 [main] INFO  handler.ContextHandler (ContextHandler.java:doStart(781)) - Started o.e.j.s.ServletContextHandler@45c270f9{/static,jar:file:/home/user/.m2/repository/org/apache/hadoop/hadoop-hdds-container-service/0.5.0-SNAPSHOT/hadoop-hdds-container-service-0.5.0-SNAPSHOT.jar!/webapps/static,AVAILABLE}
2019-08-20 13:59:42,142 [main] INFO  handler.ContextHandler (ContextHandler.java:doStart(781)) - Started o.e.j.w.WebAppContext@dfe2875{/,file:///tmp/jetty-0.0.0.0-33724-hddsDatanode-_-any-2225140280922624822.dir/webapp/,AVAILABLE}{/hddsDatanode}
2019-08-20 13:59:42,143 [main] INFO  server.AbstractConnector (AbstractConnector.java:doStart(278)) - Started ServerConnector@402fcf14{HTTP/1.1,[http/1.1]}{0.0.0.0:33724}
2019-08-20 13:59:42,143 [main] INFO  server.Server (Server.java:doStart(419)) - Started @619633ms
2019-08-20 13:59:42,145 [main] INFO  server.BaseHttpServer (BaseHttpServer.java:updateConnectorAddress(213)) - HTTP server of HDDSDATANODE is listening at http://0.0.0.0:33724
2019-08-20 13:59:42,234 | INFO  | ObjectStoreRestHttpServer | Listening HDDS REST traffic on /0.0.0.0:38156 |  
2019-08-20 13:59:42,234 [main] INFO  ozone.HddsDatanodeService (HddsDatanodeService.java:startPlugins(395)) - Started plug-in org.apache.hadoop.ozone.web.OzoneHddsDatanodeService@33c5cc0
2019-08-20 13:59:42,234 [main] INFO  impl.MetricsSystemImpl (MetricsSystemImpl.java:init(158)) - HddsDatanode metrics system started (again)
2019-08-20 13:59:42,237 [org.apache.hadoop.util.JvmPauseMonitor$Monitor@12153b6b] INFO  util.JvmPauseMonitor (JvmPauseMonitor.java:run(188)) - Starting JVM pause monitor
2019-08-20 13:59:42,237 [main] INFO  ozone.HddsDatanodeService (HddsDatanodeService.java:start(184)) - HddsDatanodeService host:pr-hdds-1946lgncr-3764977478 ip:192.168.69.96
2019-08-20 13:59:42,237 [Datanode State Machine Thread - 0] INFO  datanode.InitDatanodeState (InitDatanodeState.java:persistContainerDatanodeDetails(140)) - DatanodeDetails is persisted to /workdir/hadoop-ozone/integration-test/target/test-dir/MiniOzoneClusterImpl-d4c3f63e-79eb-48dd-b907-15aeed9be1d5/datanode-3/meta/datanode.id
2019-08-20 13:59:42,244 [main] INFO  volume.HddsVolume (HddsVolume.java:<init>(176)) - Creating Volume: /workdir/hadoop-ozone/integration-test/target/test-dir/MiniOzoneClusterImpl-d4c3f63e-79eb-48dd-b907-15aeed9be1d5/datanode-4/data/containers/hdds of  storage type : DISK and capacity : 1482555576320
2019-08-20 13:59:42,245 [main] INFO  volume.VolumeSet (VolumeSet.java:initializeVolumeSet(170)) - Added Volume : /workdir/hadoop-ozone/integration-test/target/test-dir/MiniOzoneClusterImpl-d4c3f63e-79eb-48dd-b907-15aeed9be1d5/datanode-4/data/containers/hdds to VolumeSet
2019-08-20 13:59:42,245 [main] INFO  volume.ThrottledAsyncChecker (ThrottledAsyncChecker.java:schedule(140)) - Scheduling a check for org.apache.hadoop.ozone.container.common.volume.HddsVolume@5502f74c
2019-08-20 13:59:42,245 [main] INFO  volume.HddsVolumeChecker (HddsVolumeChecker.java:checkAllVolumes(203)) - Scheduled health check for volume org.apache.hadoop.ozone.container.common.volume.HddsVolume@5502f74c
2019-08-20 13:59:42,257 [main] INFO  impl.RaftServerProxy (ConfUtils.java:logGet(43)) - raft.rpc.type = GRPC (default)
2019-08-20 13:59:42,257 [main] INFO  grpc.GrpcFactory (GrpcFactory.java:checkPooledByteBufAllocatorUseCacheForAllThreads(45)) - PERFORMANCE WARNING: useCacheForAllThreads is true that may cause Netty to create a lot garbage objects and, as a result, trigger GC.
	It is recommended to disable useCacheForAllThreads by setting -Dorg.apache.ratis.thirdparty.io.netty.allocator.useCacheForAllThreads=false in command line.
2019-08-20 13:59:42,257 [main] INFO  grpc.GrpcConfigKeys$Server (ConfUtils.java:logGet(43)) - raft.grpc.server.port = 0 (default)
2019-08-20 13:59:42,257 [main] INFO  server.GrpcService (ConfUtils.java:logGet(43)) - raft.grpc.message.size.max = 33570816 (custom)
2019-08-20 13:59:42,257 [main] INFO  server.RaftServerConfigKeys (ConfUtils.java:logGet(43)) - raft.server.log.appender.buffer.byte-limit = 33554432 (custom)
2019-08-20 13:59:42,258 [main] INFO  server.GrpcService (ConfUtils.java:logGet(43)) - raft.grpc.flow.control.window = 1MB (=1048576) (default)
2019-08-20 13:59:42,258 [main] INFO  server.RaftServerConfigKeys (ConfUtils.java:logGet(43)) - raft.server.rpc.request.timeout = 3000ms (default)
2019-08-20 13:59:42,258 [main] INFO  server.RaftServerConfigKeys (ConfUtils.java:logGet(43)) - raft.server.storage.dir = [/workdir/hadoop-ozone/integration-test/target/test-dir/MiniOzoneClusterImpl-d4c3f63e-79eb-48dd-b907-15aeed9be1d5/datanode-4/data/ratis] (custom)
2019-08-20 13:59:42,259 [main] INFO  replication.SimpleContainerDownloader (SimpleContainerDownloader.java:<init>(72)) - Starting container downloader service to copy containers to replicate.
2019-08-20 13:59:42,259 [main] INFO  hdfs.DFSUtil (DFSUtil.java:httpServerTemplateForNNAndJN(1641)) - Starting Web-server for hddsDatanode at: http://0.0.0.0:0
2019-08-20 13:59:42,260 [main] INFO  server.AuthenticationFilter (AuthenticationFilter.java:constructSecretProvider(240)) - Unable to initialize FileSignerSecretProvider, falling back to use random secrets.
2019-08-20 13:59:42,261 [main] WARN  http.HttpRequestLog (HttpRequestLog.java:getRequestLog(97)) - Jetty request log can only be enabled using Log4j
2019-08-20 13:59:42,262 [main] INFO  http.HttpServer2 (HttpServer2.java:addGlobalFilter(975)) - Added global filter 'safety' (class=org.apache.hadoop.http.HttpServer2$QuotingInputFilter)
2019-08-20 13:59:42,262 [main] INFO  http.HttpServer2 (HttpServer2.java:addFilter(948)) - Added filter static_user_filter (class=org.apache.hadoop.http.lib.StaticUserWebFilter$StaticUserFilter) to context hddsDatanode
2019-08-20 13:59:42,262 [main] INFO  http.HttpServer2 (HttpServer2.java:addFilter(958)) - Added filter static_user_filter (class=org.apache.hadoop.http.lib.StaticUserWebFilter$StaticUserFilter) to context static
2019-08-20 13:59:42,262 [main] INFO  http.HttpServer2 (HttpServer2.java:addFilter(958)) - Added filter static_user_filter (class=org.apache.hadoop.http.lib.StaticUserWebFilter$StaticUserFilter) to context logs
2019-08-20 13:59:42,263 [main] INFO  http.HttpServer2 (HttpServer2.java:bindListener(1191)) - Jetty bound to port 35474
2019-08-20 13:59:42,263 [main] INFO  server.Server (Server.java:doStart(351)) - jetty-9.3.24.v20180605, build timestamp: 2018-06-05T17:11:56Z, git hash: 84205aa28f11a4f31f2a3b86d1bba2cc8ab69827
2019-08-20 13:59:42,264 [main] INFO  handler.ContextHandler (ContextHandler.java:doStart(781)) - Started o.e.j.s.ServletContextHandler@4ee9daf5{/logs,file:///workdir/hadoop-ozone/integration-test/target/log,AVAILABLE}
2019-08-20 13:59:42,264 [main] INFO  handler.ContextHandler (ContextHandler.java:doStart(781)) - Started o.e.j.s.ServletContextHandler@29ff84fa{/static,jar:file:/home/user/.m2/repository/org/apache/hadoop/hadoop-hdds-container-service/0.5.0-SNAPSHOT/hadoop-hdds-container-service-0.5.0-SNAPSHOT.jar!/webapps/static,AVAILABLE}
2019-08-20 13:59:42,288 [main] INFO  handler.ContextHandler (ContextHandler.java:doStart(781)) - Started o.e.j.w.WebAppContext@49de2cc4{/,file:///tmp/jetty-0.0.0.0-35474-hddsDatanode-_-any-6036108186885875279.dir/webapp/,AVAILABLE}{/hddsDatanode}
2019-08-20 13:59:42,289 [main] INFO  server.AbstractConnector (AbstractConnector.java:doStart(278)) - Started ServerConnector@10395bc4{HTTP/1.1,[http/1.1]}{0.0.0.0:35474}
2019-08-20 13:59:42,290 [main] INFO  server.Server (Server.java:doStart(419)) - Started @619781ms
2019-08-20 13:59:42,291 [main] INFO  server.BaseHttpServer (BaseHttpServer.java:updateConnectorAddress(213)) - HTTP server of HDDSDATANODE is listening at http://0.0.0.0:35474
2019-08-20 13:59:42,381 | INFO  | ObjectStoreRestHttpServer | Listening HDDS REST traffic on /0.0.0.0:33624 |  
2019-08-20 13:59:42,381 [main] INFO  ozone.HddsDatanodeService (HddsDatanodeService.java:startPlugins(395)) - Started plug-in org.apache.hadoop.ozone.web.OzoneHddsDatanodeService@1791670e
2019-08-20 13:59:42,381 [main] INFO  impl.MetricsSystemImpl (MetricsSystemImpl.java:init(158)) - HddsDatanode metrics system started (again)
2019-08-20 13:59:42,384 [org.apache.hadoop.util.JvmPauseMonitor$Monitor@35d688ed] INFO  util.JvmPauseMonitor (JvmPauseMonitor.java:run(188)) - Starting JVM pause monitor
2019-08-20 13:59:42,384 [main] INFO  ozone.HddsDatanodeService (HddsDatanodeService.java:start(184)) - HddsDatanodeService host:pr-hdds-1946lgncr-3764977478 ip:192.168.69.96
2019-08-20 13:59:42,385 [Datanode State Machine Thread - 0] INFO  datanode.InitDatanodeState (InitDatanodeState.java:persistContainerDatanodeDetails(140)) - DatanodeDetails is persisted to /workdir/hadoop-ozone/integration-test/target/test-dir/MiniOzoneClusterImpl-d4c3f63e-79eb-48dd-b907-15aeed9be1d5/datanode-4/meta/datanode.id
2019-08-20 13:59:42,392 [main] INFO  volume.HddsVolume (HddsVolume.java:<init>(176)) - Creating Volume: /workdir/hadoop-ozone/integration-test/target/test-dir/MiniOzoneClusterImpl-d4c3f63e-79eb-48dd-b907-15aeed9be1d5/datanode-5/data/containers/hdds of  storage type : DISK and capacity : 1482555576320
2019-08-20 13:59:42,392 [main] INFO  volume.VolumeSet (VolumeSet.java:initializeVolumeSet(170)) - Added Volume : /workdir/hadoop-ozone/integration-test/target/test-dir/MiniOzoneClusterImpl-d4c3f63e-79eb-48dd-b907-15aeed9be1d5/datanode-5/data/containers/hdds to VolumeSet
2019-08-20 13:59:42,392 [main] INFO  volume.ThrottledAsyncChecker (ThrottledAsyncChecker.java:schedule(140)) - Scheduling a check for org.apache.hadoop.ozone.container.common.volume.HddsVolume@29509774
2019-08-20 13:59:42,393 [main] INFO  volume.HddsVolumeChecker (HddsVolumeChecker.java:checkAllVolumes(203)) - Scheduled health check for volume org.apache.hadoop.ozone.container.common.volume.HddsVolume@29509774
2019-08-20 13:59:42,406 [main] INFO  impl.RaftServerProxy (ConfUtils.java:logGet(43)) - raft.rpc.type = GRPC (default)
2019-08-20 13:59:42,406 [main] INFO  grpc.GrpcFactory (GrpcFactory.java:checkPooledByteBufAllocatorUseCacheForAllThreads(45)) - PERFORMANCE WARNING: useCacheForAllThreads is true that may cause Netty to create a lot garbage objects and, as a result, trigger GC.
	It is recommended to disable useCacheForAllThreads by setting -Dorg.apache.ratis.thirdparty.io.netty.allocator.useCacheForAllThreads=false in command line.
2019-08-20 13:59:42,406 [main] INFO  grpc.GrpcConfigKeys$Server (ConfUtils.java:logGet(43)) - raft.grpc.server.port = 0 (default)
2019-08-20 13:59:42,406 [main] INFO  server.GrpcService (ConfUtils.java:logGet(43)) - raft.grpc.message.size.max = 33570816 (custom)
2019-08-20 13:59:42,406 [main] INFO  server.RaftServerConfigKeys (ConfUtils.java:logGet(43)) - raft.server.log.appender.buffer.byte-limit = 33554432 (custom)
2019-08-20 13:59:42,406 [main] INFO  server.GrpcService (ConfUtils.java:logGet(43)) - raft.grpc.flow.control.window = 1MB (=1048576) (default)
2019-08-20 13:59:42,407 [main] INFO  server.RaftServerConfigKeys (ConfUtils.java:logGet(43)) - raft.server.rpc.request.timeout = 3000ms (default)
2019-08-20 13:59:42,407 [main] INFO  server.RaftServerConfigKeys (ConfUtils.java:logGet(43)) - raft.server.storage.dir = [/workdir/hadoop-ozone/integration-test/target/test-dir/MiniOzoneClusterImpl-d4c3f63e-79eb-48dd-b907-15aeed9be1d5/datanode-5/data/ratis] (custom)
2019-08-20 13:59:42,407 [main] INFO  replication.SimpleContainerDownloader (SimpleContainerDownloader.java:<init>(72)) - Starting container downloader service to copy containers to replicate.
2019-08-20 13:59:42,408 [main] INFO  hdfs.DFSUtil (DFSUtil.java:httpServerTemplateForNNAndJN(1641)) - Starting Web-server for hddsDatanode at: http://0.0.0.0:0
2019-08-20 13:59:42,409 [main] INFO  server.AuthenticationFilter (AuthenticationFilter.java:constructSecretProvider(240)) - Unable to initialize FileSignerSecretProvider, falling back to use random secrets.
2019-08-20 13:59:42,410 [main] WARN  http.HttpRequestLog (HttpRequestLog.java:getRequestLog(97)) - Jetty request log can only be enabled using Log4j
2019-08-20 13:59:42,411 [main] INFO  http.HttpServer2 (HttpServer2.java:addGlobalFilter(975)) - Added global filter 'safety' (class=org.apache.hadoop.http.HttpServer2$QuotingInputFilter)
2019-08-20 13:59:42,411 [main] INFO  http.HttpServer2 (HttpServer2.java:addFilter(948)) - Added filter static_user_filter (class=org.apache.hadoop.http.lib.StaticUserWebFilter$StaticUserFilter) to context hddsDatanode
2019-08-20 13:59:42,411 [main] INFO  http.HttpServer2 (HttpServer2.java:addFilter(958)) - Added filter static_user_filter (class=org.apache.hadoop.http.lib.StaticUserWebFilter$StaticUserFilter) to context logs
2019-08-20 13:59:42,411 [main] INFO  http.HttpServer2 (HttpServer2.java:addFilter(958)) - Added filter static_user_filter (class=org.apache.hadoop.http.lib.StaticUserWebFilter$StaticUserFilter) to context static
2019-08-20 13:59:42,412 [main] INFO  http.HttpServer2 (HttpServer2.java:bindListener(1191)) - Jetty bound to port 36768
2019-08-20 13:59:42,412 [main] INFO  server.Server (Server.java:doStart(351)) - jetty-9.3.24.v20180605, build timestamp: 2018-06-05T17:11:56Z, git hash: 84205aa28f11a4f31f2a3b86d1bba2cc8ab69827
2019-08-20 13:59:42,413 [main] INFO  handler.ContextHandler (ContextHandler.java:doStart(781)) - Started o.e.j.s.ServletContextHandler@17179a7e{/logs,file:///workdir/hadoop-ozone/integration-test/target/log,AVAILABLE}
2019-08-20 13:59:42,413 [main] INFO  handler.ContextHandler (ContextHandler.java:doStart(781)) - Started o.e.j.s.ServletContextHandler@5ce593bc{/static,jar:file:/home/user/.m2/repository/org/apache/hadoop/hadoop-hdds-container-service/0.5.0-SNAPSHOT/hadoop-hdds-container-service-0.5.0-SNAPSHOT.jar!/webapps/static,AVAILABLE}
2019-08-20 13:59:42,438 [main] INFO  handler.ContextHandler (ContextHandler.java:doStart(781)) - Started o.e.j.w.WebAppContext@347074a9{/,file:///tmp/jetty-0.0.0.0-36768-hddsDatanode-_-any-5543376109543299687.dir/webapp/,AVAILABLE}{/hddsDatanode}
2019-08-20 13:59:42,439 [main] INFO  server.AbstractConnector (AbstractConnector.java:doStart(278)) - Started ServerConnector@136d1d58{HTTP/1.1,[http/1.1]}{0.0.0.0:36768}
2019-08-20 13:59:42,440 [main] INFO  server.Server (Server.java:doStart(419)) - Started @619931ms
2019-08-20 13:59:42,441 [main] INFO  server.BaseHttpServer (BaseHttpServer.java:updateConnectorAddress(213)) - HTTP server of HDDSDATANODE is listening at http://0.0.0.0:36768
2019-08-20 13:59:42,531 | INFO  | ObjectStoreRestHttpServer | Listening HDDS REST traffic on /0.0.0.0:44381 |  
2019-08-20 13:59:42,531 [main] INFO  ozone.HddsDatanodeService (HddsDatanodeService.java:startPlugins(395)) - Started plug-in org.apache.hadoop.ozone.web.OzoneHddsDatanodeService@4248608d
2019-08-20 13:59:42,531 [main] INFO  impl.MetricsSystemImpl (MetricsSystemImpl.java:init(158)) - HddsDatanode metrics system started (again)
2019-08-20 13:59:42,534 [org.apache.hadoop.util.JvmPauseMonitor$Monitor@26dc7b30] INFO  util.JvmPauseMonitor (JvmPauseMonitor.java:run(188)) - Starting JVM pause monitor
2019-08-20 13:59:42,534 [main] INFO  ozone.HddsDatanodeService (HddsDatanodeService.java:start(184)) - HddsDatanodeService host:pr-hdds-1946lgncr-3764977478 ip:192.168.69.96
2019-08-20 13:59:42,535 [Datanode State Machine Thread - 0] INFO  datanode.InitDatanodeState (InitDatanodeState.java:persistContainerDatanodeDetails(140)) - DatanodeDetails is persisted to /workdir/hadoop-ozone/integration-test/target/test-dir/MiniOzoneClusterImpl-d4c3f63e-79eb-48dd-b907-15aeed9be1d5/datanode-5/meta/datanode.id
2019-08-20 13:59:42,543 [main] INFO  volume.HddsVolume (HddsVolume.java:<init>(176)) - Creating Volume: /workdir/hadoop-ozone/integration-test/target/test-dir/MiniOzoneClusterImpl-d4c3f63e-79eb-48dd-b907-15aeed9be1d5/datanode-6/data/containers/hdds of  storage type : DISK and capacity : 1482555576320
2019-08-20 13:59:42,543 [main] INFO  volume.VolumeSet (VolumeSet.java:initializeVolumeSet(170)) - Added Volume : /workdir/hadoop-ozone/integration-test/target/test-dir/MiniOzoneClusterImpl-d4c3f63e-79eb-48dd-b907-15aeed9be1d5/datanode-6/data/containers/hdds to VolumeSet
2019-08-20 13:59:42,543 [main] INFO  volume.ThrottledAsyncChecker (ThrottledAsyncChecker.java:schedule(140)) - Scheduling a check for org.apache.hadoop.ozone.container.common.volume.HddsVolume@72117fc0
2019-08-20 13:59:42,544 [main] INFO  volume.HddsVolumeChecker (HddsVolumeChecker.java:checkAllVolumes(203)) - Scheduled health check for volume org.apache.hadoop.ozone.container.common.volume.HddsVolume@72117fc0
2019-08-20 13:59:42,557 [main] INFO  impl.RaftServerProxy (ConfUtils.java:logGet(43)) - raft.rpc.type = GRPC (default)
2019-08-20 13:59:42,557 [main] INFO  grpc.GrpcFactory (GrpcFactory.java:checkPooledByteBufAllocatorUseCacheForAllThreads(45)) - PERFORMANCE WARNING: useCacheForAllThreads is true that may cause Netty to create a lot garbage objects and, as a result, trigger GC.
	It is recommended to disable useCacheForAllThreads by setting -Dorg.apache.ratis.thirdparty.io.netty.allocator.useCacheForAllThreads=false in command line.
2019-08-20 13:59:42,557 [main] INFO  grpc.GrpcConfigKeys$Server (ConfUtils.java:logGet(43)) - raft.grpc.server.port = 0 (default)
2019-08-20 13:59:42,558 [main] INFO  server.GrpcService (ConfUtils.java:logGet(43)) - raft.grpc.message.size.max = 33570816 (custom)
2019-08-20 13:59:42,558 [main] INFO  server.RaftServerConfigKeys (ConfUtils.java:logGet(43)) - raft.server.log.appender.buffer.byte-limit = 33554432 (custom)
2019-08-20 13:59:42,559 [main] INFO  server.GrpcService (ConfUtils.java:logGet(43)) - raft.grpc.flow.control.window = 1MB (=1048576) (default)
2019-08-20 13:59:42,559 [main] INFO  server.RaftServerConfigKeys (ConfUtils.java:logGet(43)) - raft.server.rpc.request.timeout = 3000ms (default)
2019-08-20 13:59:42,559 [main] INFO  server.RaftServerConfigKeys (ConfUtils.java:logGet(43)) - raft.server.storage.dir = [/workdir/hadoop-ozone/integration-test/target/test-dir/MiniOzoneClusterImpl-d4c3f63e-79eb-48dd-b907-15aeed9be1d5/datanode-6/data/ratis] (custom)
2019-08-20 13:59:42,559 [main] INFO  replication.SimpleContainerDownloader (SimpleContainerDownloader.java:<init>(72)) - Starting container downloader service to copy containers to replicate.
2019-08-20 13:59:42,560 [main] INFO  hdfs.DFSUtil (DFSUtil.java:httpServerTemplateForNNAndJN(1641)) - Starting Web-server for hddsDatanode at: http://0.0.0.0:0
2019-08-20 13:59:42,561 [main] INFO  server.AuthenticationFilter (AuthenticationFilter.java:constructSecretProvider(240)) - Unable to initialize FileSignerSecretProvider, falling back to use random secrets.
2019-08-20 13:59:42,562 [main] WARN  http.HttpRequestLog (HttpRequestLog.java:getRequestLog(97)) - Jetty request log can only be enabled using Log4j
2019-08-20 13:59:42,563 [main] INFO  http.HttpServer2 (HttpServer2.java:addGlobalFilter(975)) - Added global filter 'safety' (class=org.apache.hadoop.http.HttpServer2$QuotingInputFilter)
2019-08-20 13:59:42,564 [main] INFO  http.HttpServer2 (HttpServer2.java:addFilter(948)) - Added filter static_user_filter (class=org.apache.hadoop.http.lib.StaticUserWebFilter$StaticUserFilter) to context hddsDatanode
2019-08-20 13:59:42,564 [main] INFO  http.HttpServer2 (HttpServer2.java:addFilter(958)) - Added filter static_user_filter (class=org.apache.hadoop.http.lib.StaticUserWebFilter$StaticUserFilter) to context logs
2019-08-20 13:59:42,564 [main] INFO  http.HttpServer2 (HttpServer2.java:addFilter(958)) - Added filter static_user_filter (class=org.apache.hadoop.http.lib.StaticUserWebFilter$StaticUserFilter) to context static
2019-08-20 13:59:42,565 [main] INFO  http.HttpServer2 (HttpServer2.java:bindListener(1191)) - Jetty bound to port 38201
2019-08-20 13:59:42,565 [main] INFO  server.Server (Server.java:doStart(351)) - jetty-9.3.24.v20180605, build timestamp: 2018-06-05T17:11:56Z, git hash: 84205aa28f11a4f31f2a3b86d1bba2cc8ab69827
2019-08-20 13:59:42,566 [main] INFO  handler.ContextHandler (ContextHandler.java:doStart(781)) - Started o.e.j.s.ServletContextHandler@5cdd5ff9{/logs,file:///workdir/hadoop-ozone/integration-test/target/log,AVAILABLE}
2019-08-20 13:59:42,566 [main] INFO  handler.ContextHandler (ContextHandler.java:doStart(781)) - Started o.e.j.s.ServletContextHandler@1c5c0d2a{/static,jar:file:/home/user/.m2/repository/org/apache/hadoop/hadoop-hdds-container-service/0.5.0-SNAPSHOT/hadoop-hdds-container-service-0.5.0-SNAPSHOT.jar!/webapps/static,AVAILABLE}
2019-08-20 13:59:42,592 [main] INFO  handler.ContextHandler (ContextHandler.java:doStart(781)) - Started o.e.j.w.WebAppContext@333afc53{/,file:///tmp/jetty-0.0.0.0-38201-hddsDatanode-_-any-2655883239547835596.dir/webapp/,AVAILABLE}{/hddsDatanode}
2019-08-20 13:59:42,592 [main] INFO  server.AbstractConnector (AbstractConnector.java:doStart(278)) - Started ServerConnector@5ea9f2f3{HTTP/1.1,[http/1.1]}{0.0.0.0:38201}
2019-08-20 13:59:42,596 [main] INFO  server.Server (Server.java:doStart(419)) - Started @620087ms
2019-08-20 13:59:42,597 [main] INFO  server.BaseHttpServer (BaseHttpServer.java:updateConnectorAddress(213)) - HTTP server of HDDSDATANODE is listening at http://0.0.0.0:38201
2019-08-20 13:59:42,688 | INFO  | ObjectStoreRestHttpServer | Listening HDDS REST traffic on /0.0.0.0:40531 |  
2019-08-20 13:59:42,688 [main] INFO  ozone.HddsDatanodeService (HddsDatanodeService.java:startPlugins(395)) - Started plug-in org.apache.hadoop.ozone.web.OzoneHddsDatanodeService@59bdd277
2019-08-20 13:59:42,689 [main] INFO  ozone.MiniOzoneClusterImpl (MiniOzoneClusterImpl.java:lambda$waitForClusterToBeReady$0(142)) - Waiting for cluster to be ready. Got 0 of 7 DN Heartbeats.
2019-08-20 13:59:42,690 [org.apache.hadoop.util.JvmPauseMonitor$Monitor@64a11ba2] INFO  util.JvmPauseMonitor (JvmPauseMonitor.java:run(188)) - Starting JVM pause monitor
2019-08-20 13:59:42,691 [Datanode State Machine Thread - 0] INFO  datanode.InitDatanodeState (InitDatanodeState.java:persistContainerDatanodeDetails(140)) - DatanodeDetails is persisted to /workdir/hadoop-ozone/integration-test/target/test-dir/MiniOzoneClusterImpl-d4c3f63e-79eb-48dd-b907-15aeed9be1d5/datanode-6/meta/datanode.id
2019-08-20 13:59:43,689 [main] INFO  ozone.MiniOzoneClusterImpl (MiniOzoneClusterImpl.java:lambda$waitForClusterToBeReady$0(142)) - Waiting for cluster to be ready. Got 0 of 7 DN Heartbeats.
2019-08-20 13:59:43,791 | INFO  | SCMAudit | user=jenkins1000 | ip=192.168.69.96 | op=GET_VERSION null | ret=SUCCESS |  
2019-08-20 13:59:43,806 [Datanode State Machine Thread - 0] INFO  ozoneimpl.OzoneContainer (OzoneContainer.java:start(186)) - Attempting to start container services.
2019-08-20 13:59:43,806 [Datanode State Machine Thread - 0] INFO  ozoneimpl.OzoneContainer (OzoneContainer.java:startContainerScrub(160)) - Background container scrubber has been disabled by hdds.containerscrub.enabled
2019-08-20 13:59:43,806 [Datanode State Machine Thread - 0] INFO  ratis.XceiverServerRatis (XceiverServerRatis.java:start(404)) - Starting XceiverServerRatis 895a69ca-0d52-44fe-bfc6-07a3d9e96002 at port 0
2019-08-20 13:59:43,810 [Datanode State Machine Thread - 0] INFO  impl.RaftServerProxy (RaftServerProxy.java:lambda$start$3(299)) - 895a69ca-0d52-44fe-bfc6-07a3d9e96002: start RPC server
2019-08-20 13:59:43,811 [Datanode State Machine Thread - 0] INFO  server.GrpcService (GrpcService.java:startImpl(149)) - 895a69ca-0d52-44fe-bfc6-07a3d9e96002: GrpcService started, listening on 0.0.0.0/0.0.0.0:41972
2019-08-20 13:59:43,811 [Datanode State Machine Thread - 0] INFO  ratis.XceiverServerRatis (XceiverServerRatis.java:start(414)) - XceiverServerRatis 895a69ca-0d52-44fe-bfc6-07a3d9e96002 is started using port 41972
2019-08-20 13:59:43,812 [Datanode State Machine Thread - 0] INFO  server.XceiverServerGrpc (XceiverServerGrpc.java:start(161)) - XceiverServerGrpc 895a69ca-0d52-44fe-bfc6-07a3d9e96002 is started using port 38042
2019-08-20 13:59:43,940 | INFO  | SCMAudit | user=jenkins1000 | ip=192.168.69.96 | op=GET_VERSION null | ret=SUCCESS |  
2019-08-20 13:59:43,955 [Datanode State Machine Thread - 0] INFO  ozoneimpl.OzoneContainer (OzoneContainer.java:start(186)) - Attempting to start container services.
2019-08-20 13:59:43,956 [Datanode State Machine Thread - 0] INFO  ozoneimpl.OzoneContainer (OzoneContainer.java:startContainerScrub(160)) - Background container scrubber has been disabled by hdds.containerscrub.enabled
2019-08-20 13:59:43,956 [Datanode State Machine Thread - 0] INFO  ratis.XceiverServerRatis (XceiverServerRatis.java:start(404)) - Starting XceiverServerRatis 029e4ca0-8cda-46b0-9d42-cc14ecee78cf at port 0
2019-08-20 13:59:43,961 [Datanode State Machine Thread - 0] INFO  impl.RaftServerProxy (RaftServerProxy.java:lambda$start$3(299)) - 029e4ca0-8cda-46b0-9d42-cc14ecee78cf: start RPC server
2019-08-20 13:59:43,961 [Datanode State Machine Thread - 0] INFO  server.GrpcService (GrpcService.java:startImpl(149)) - 029e4ca0-8cda-46b0-9d42-cc14ecee78cf: GrpcService started, listening on 0.0.0.0/0.0.0.0:45863
2019-08-20 13:59:43,962 [Datanode State Machine Thread - 0] INFO  ratis.XceiverServerRatis (XceiverServerRatis.java:start(414)) - XceiverServerRatis 029e4ca0-8cda-46b0-9d42-cc14ecee78cf is started using port 45863
2019-08-20 13:59:43,962 [Datanode State Machine Thread - 0] INFO  server.XceiverServerGrpc (XceiverServerGrpc.java:start(161)) - XceiverServerGrpc 029e4ca0-8cda-46b0-9d42-cc14ecee78cf is started using port 39522
2019-08-20 13:59:44,090 | INFO  | SCMAudit | user=jenkins1000 | ip=192.168.69.96 | op=GET_VERSION null | ret=SUCCESS |  
2019-08-20 13:59:44,121 [Datanode State Machine Thread - 0] INFO  ozoneimpl.OzoneContainer (OzoneContainer.java:start(186)) - Attempting to start container services.
2019-08-20 13:59:44,121 [Datanode State Machine Thread - 0] INFO  ozoneimpl.OzoneContainer (OzoneContainer.java:startContainerScrub(160)) - Background container scrubber has been disabled by hdds.containerscrub.enabled
2019-08-20 13:59:44,121 [Datanode State Machine Thread - 0] INFO  ratis.XceiverServerRatis (XceiverServerRatis.java:start(404)) - Starting XceiverServerRatis 864d677d-0c2a-4713-be84-66338b63a444 at port 0
2019-08-20 13:59:44,127 [Datanode State Machine Thread - 0] INFO  impl.RaftServerProxy (RaftServerProxy.java:lambda$start$3(299)) - 864d677d-0c2a-4713-be84-66338b63a444: start RPC server
2019-08-20 13:59:44,127 [Datanode State Machine Thread - 0] INFO  server.GrpcService (GrpcService.java:startImpl(149)) - 864d677d-0c2a-4713-be84-66338b63a444: GrpcService started, listening on 0.0.0.0/0.0.0.0:39258
2019-08-20 13:59:44,127 [Datanode State Machine Thread - 0] INFO  ratis.XceiverServerRatis (XceiverServerRatis.java:start(414)) - XceiverServerRatis 864d677d-0c2a-4713-be84-66338b63a444 is started using port 39258
2019-08-20 13:59:44,128 [Datanode State Machine Thread - 0] INFO  server.XceiverServerGrpc (XceiverServerGrpc.java:start(161)) - XceiverServerGrpc 864d677d-0c2a-4713-be84-66338b63a444 is started using port 37390
2019-08-20 13:59:44,237 | INFO  | SCMAudit | user=jenkins1000 | ip=192.168.69.96 | op=GET_VERSION null | ret=SUCCESS |  
2019-08-20 13:59:44,259 [Datanode State Machine Thread - 0] INFO  ozoneimpl.OzoneContainer (OzoneContainer.java:start(186)) - Attempting to start container services.
2019-08-20 13:59:44,259 [Datanode State Machine Thread - 0] INFO  ozoneimpl.OzoneContainer (OzoneContainer.java:startContainerScrub(160)) - Background container scrubber has been disabled by hdds.containerscrub.enabled
2019-08-20 13:59:44,259 [Datanode State Machine Thread - 0] INFO  ratis.XceiverServerRatis (XceiverServerRatis.java:start(404)) - Starting XceiverServerRatis d0905ab9-d1e1-4c01-8e50-39a321b68c5a at port 0
2019-08-20 13:59:44,265 [Datanode State Machine Thread - 0] INFO  impl.RaftServerProxy (RaftServerProxy.java:lambda$start$3(299)) - d0905ab9-d1e1-4c01-8e50-39a321b68c5a: start RPC server
2019-08-20 13:59:44,266 [Datanode State Machine Thread - 0] INFO  server.GrpcService (GrpcService.java:startImpl(149)) - d0905ab9-d1e1-4c01-8e50-39a321b68c5a: GrpcService started, listening on 0.0.0.0/0.0.0.0:45647
2019-08-20 13:59:44,266 [Datanode State Machine Thread - 0] INFO  ratis.XceiverServerRatis (XceiverServerRatis.java:start(414)) - XceiverServerRatis d0905ab9-d1e1-4c01-8e50-39a321b68c5a is started using port 45647
2019-08-20 13:59:44,266 [Datanode State Machine Thread - 0] INFO  server.XceiverServerGrpc (XceiverServerGrpc.java:start(161)) - XceiverServerGrpc d0905ab9-d1e1-4c01-8e50-39a321b68c5a is started using port 43221
2019-08-20 13:59:44,385 | INFO  | SCMAudit | user=jenkins1000 | ip=192.168.69.96 | op=GET_VERSION null | ret=SUCCESS |  
2019-08-20 13:59:44,417 [Datanode State Machine Thread - 0] INFO  ozoneimpl.OzoneContainer (OzoneContainer.java:start(186)) - Attempting to start container services.
2019-08-20 13:59:44,418 [Datanode State Machine Thread - 0] INFO  ozoneimpl.OzoneContainer (OzoneContainer.java:startContainerScrub(160)) - Background container scrubber has been disabled by hdds.containerscrub.enabled
2019-08-20 13:59:44,418 [Datanode State Machine Thread - 0] INFO  ratis.XceiverServerRatis (XceiverServerRatis.java:start(404)) - Starting XceiverServerRatis 268dc375-fa5b-4fbf-aa95-3805ce267cde at port 0
2019-08-20 13:59:44,426 [Datanode State Machine Thread - 0] INFO  impl.RaftServerProxy (RaftServerProxy.java:lambda$start$3(299)) - 268dc375-fa5b-4fbf-aa95-3805ce267cde: start RPC server
2019-08-20 13:59:44,429 [Datanode State Machine Thread - 0] INFO  server.GrpcService (GrpcService.java:startImpl(149)) - 268dc375-fa5b-4fbf-aa95-3805ce267cde: GrpcService started, listening on 0.0.0.0/0.0.0.0:36401
2019-08-20 13:59:44,430 [Datanode State Machine Thread - 0] INFO  ratis.XceiverServerRatis (XceiverServerRatis.java:start(414)) - XceiverServerRatis 268dc375-fa5b-4fbf-aa95-3805ce267cde is started using port 36401
2019-08-20 13:59:44,430 [Datanode State Machine Thread - 0] INFO  server.XceiverServerGrpc (XceiverServerGrpc.java:start(161)) - XceiverServerGrpc 268dc375-fa5b-4fbf-aa95-3805ce267cde is started using port 43670
2019-08-20 13:59:44,535 | INFO  | SCMAudit | user=jenkins1000 | ip=192.168.69.96 | op=GET_VERSION null | ret=SUCCESS |  
2019-08-20 13:59:44,548 [Datanode State Machine Thread - 0] INFO  ozoneimpl.OzoneContainer (OzoneContainer.java:start(186)) - Attempting to start container services.
2019-08-20 13:59:44,549 [Datanode State Machine Thread - 0] INFO  ozoneimpl.OzoneContainer (OzoneContainer.java:startContainerScrub(160)) - Background container scrubber has been disabled by hdds.containerscrub.enabled
2019-08-20 13:59:44,549 [Datanode State Machine Thread - 0] INFO  ratis.XceiverServerRatis (XceiverServerRatis.java:start(404)) - Starting XceiverServerRatis ee5c976b-fc81-41d2-a9c3-a7b83a5ca1a4 at port 0
2019-08-20 13:59:44,556 [Datanode State Machine Thread - 0] INFO  impl.RaftServerProxy (RaftServerProxy.java:lambda$start$3(299)) - ee5c976b-fc81-41d2-a9c3-a7b83a5ca1a4: start RPC server
2019-08-20 13:59:44,560 [Datanode State Machine Thread - 0] INFO  server.GrpcService (GrpcService.java:startImpl(149)) - ee5c976b-fc81-41d2-a9c3-a7b83a5ca1a4: GrpcService started, listening on 0.0.0.0/0.0.0.0:38471
2019-08-20 13:59:44,560 [Datanode State Machine Thread - 0] INFO  ratis.XceiverServerRatis (XceiverServerRatis.java:start(414)) - XceiverServerRatis ee5c976b-fc81-41d2-a9c3-a7b83a5ca1a4 is started using port 38471
2019-08-20 13:59:44,561 [Datanode State Machine Thread - 0] INFO  server.XceiverServerGrpc (XceiverServerGrpc.java:start(161)) - XceiverServerGrpc ee5c976b-fc81-41d2-a9c3-a7b83a5ca1a4 is started using port 45888
2019-08-20 13:59:44,690 [main] INFO  ozone.MiniOzoneClusterImpl (MiniOzoneClusterImpl.java:lambda$waitForClusterToBeReady$0(142)) - Waiting for cluster to be ready. Got 0 of 7 DN Heartbeats.
2019-08-20 13:59:44,690 | INFO  | SCMAudit | user=jenkins1000 | ip=192.168.69.96 | op=GET_VERSION null | ret=SUCCESS |  
2019-08-20 13:59:44,708 [Datanode State Machine Thread - 0] INFO  ozoneimpl.OzoneContainer (OzoneContainer.java:start(186)) - Attempting to start container services.
2019-08-20 13:59:44,708 [Datanode State Machine Thread - 0] INFO  ozoneimpl.OzoneContainer (OzoneContainer.java:startContainerScrub(160)) - Background container scrubber has been disabled by hdds.containerscrub.enabled
2019-08-20 13:59:44,708 [Datanode State Machine Thread - 0] INFO  ratis.XceiverServerRatis (XceiverServerRatis.java:start(404)) - Starting XceiverServerRatis 062a344a-b078-4744-8294-3305232dae72 at port 0
2019-08-20 13:59:44,716 [Datanode State Machine Thread - 0] INFO  impl.RaftServerProxy (RaftServerProxy.java:lambda$start$3(299)) - 062a344a-b078-4744-8294-3305232dae72: start RPC server
2019-08-20 13:59:44,717 [Datanode State Machine Thread - 0] INFO  server.GrpcService (GrpcService.java:startImpl(149)) - 062a344a-b078-4744-8294-3305232dae72: GrpcService started, listening on 0.0.0.0/0.0.0.0:42904
2019-08-20 13:59:44,717 [Datanode State Machine Thread - 0] INFO  ratis.XceiverServerRatis (XceiverServerRatis.java:start(414)) - XceiverServerRatis 062a344a-b078-4744-8294-3305232dae72 is started using port 42904
2019-08-20 13:59:44,717 [Datanode State Machine Thread - 0] INFO  server.XceiverServerGrpc (XceiverServerGrpc.java:start(161)) - XceiverServerGrpc 062a344a-b078-4744-8294-3305232dae72 is started using port 40710
2019-08-20 13:59:45,690 [main] INFO  ozone.MiniOzoneClusterImpl (MiniOzoneClusterImpl.java:lambda$waitForClusterToBeReady$0(142)) - Waiting for cluster to be ready. Got 0 of 7 DN Heartbeats.
2019-08-20 13:59:45,792 [IPC Server handler 6 on 39056] INFO  net.NetworkTopology (NetworkTopologyImpl.java:add(110)) - Added a new node: /default-rack/895a69ca-0d52-44fe-bfc6-07a3d9e96002
2019-08-20 13:59:45,795 [IPC Server handler 6 on 39056] INFO  node.SCMNodeManager (SCMNodeManager.java:register(273)) - Registered Data node : 895a69ca-0d52-44fe-bfc6-07a3d9e96002{ip: 192.168.69.96, host: pr-hdds-1946lgncr-3764977478, networkLocation: /default-rack, certSerialId: null}
2019-08-20 13:59:45,795 | INFO  | SCMAudit | user=jenkins1000 | ip=192.168.69.96 | op=REGISTER {datanodeDetails=895a69ca-0d52-44fe-bfc6-07a3d9e96002{ip: 192.168.69.96, host: pr-hdds-1946lgncr-3764977478, networkLocation: /default-rack, certSerialId: null}} | ret=SUCCESS |  
2019-08-20 13:59:45,795 [EventQueue-NodeRegistrationContainerReportForDataNodeSafeModeRule] INFO  safemode.SCMSafeModeManager (DataNodeSafeModeRule.java:process(71)) - SCM in safe mode. 1 DataNodes registered, 1 required.
2019-08-20 13:59:45,797 [EventQueue-NodeRegistrationContainerReportForDataNodeSafeModeRule] INFO  safemode.SCMSafeModeManager (SCMSafeModeManager.java:validateSafeModeExitRules(177)) - ScmSafeModeManager, all rules are successfully validated
2019-08-20 13:59:45,798 [EventQueue-NodeRegistrationContainerReportForDataNodeSafeModeRule] INFO  safemode.SCMSafeModeManager (SCMSafeModeManager.java:exitSafeMode(193)) - SCM exiting safe mode.
2019-08-20 13:59:45,823 [grpc-default-executor-12] INFO  impl.RaftServerProxy (RaftServerProxy.java:addNew(89)) - 895a69ca-0d52-44fe-bfc6-07a3d9e96002: addNew group-3F11B31D4B20:[895a69ca-0d52-44fe-bfc6-07a3d9e96002:192.168.69.96:41972] returns group-3F11B31D4B20:java.util.concurrent.CompletableFuture@2ee0e9a2[Not completed]
2019-08-20 13:59:45,824 [pool-439-thread-1] INFO  impl.RaftServerImpl (RaftServerImpl.java:<init>(93)) - 895a69ca-0d52-44fe-bfc6-07a3d9e96002: new RaftServerImpl for group-3F11B31D4B20:[895a69ca-0d52-44fe-bfc6-07a3d9e96002:192.168.69.96:41972] with ContainerStateMachine:uninitialized
2019-08-20 13:59:45,824 [pool-439-thread-1] INFO  server.RaftServerConfigKeys (ConfUtils.java:logGet(43)) - raft.server.rpc.timeout.min = 5s (custom)
2019-08-20 13:59:45,824 [pool-439-thread-1] INFO  server.RaftServerConfigKeys (ConfUtils.java:logGet(43)) - raft.server.rpc.timeout.max = 5200ms (custom)
2019-08-20 13:59:45,824 [pool-439-thread-1] INFO  server.RaftServerConfigKeys (ConfUtils.java:logGet(43)) - raft.server.rpcslowness.timeout = 120s (custom)
2019-08-20 13:59:45,824 [pool-439-thread-1] INFO  server.RaftServerConfigKeys (ConfUtils.java:logGet(43)) - raft.server.sleep.deviation.threshold = 300 (default)
2019-08-20 13:59:45,825 [pool-439-thread-1] INFO  server.RaftServerConfigKeys (ConfUtils.java:logGet(43)) - raft.server.log.appender.install.snapshot.enabled = false (custom)
2019-08-20 13:59:45,825 [pool-439-thread-1] INFO  impl.RaftServerImpl (ServerState.java:<init>(105)) - 895a69ca-0d52-44fe-bfc6-07a3d9e96002:group-3F11B31D4B20 ConfigurationManager, init=-1: [895a69ca-0d52-44fe-bfc6-07a3d9e96002:192.168.69.96:41972], old=null, confs=<EMPTY_MAP>
2019-08-20 13:59:45,825 [pool-439-thread-1] INFO  server.RaftServerConfigKeys (ConfUtils.java:logGet(43)) - raft.server.storage.dir = [/workdir/hadoop-ozone/integration-test/target/test-dir/MiniOzoneClusterImpl-d4c3f63e-79eb-48dd-b907-15aeed9be1d5/datanode-0/data/ratis] (custom)
2019-08-20 13:59:45,825 [pool-439-thread-1] INFO  storage.RaftStorageDirectory (RaftStorageDirectory.java:analyzeStorage(246)) - The storage directory /workdir/hadoop-ozone/integration-test/target/test-dir/MiniOzoneClusterImpl-d4c3f63e-79eb-48dd-b907-15aeed9be1d5/datanode-0/data/ratis/54f8b00c-6ec1-48ee-8dfe-3f11b31d4b20 does not exist. Creating ...
2019-08-20 13:59:45,835 [pool-439-thread-1] INFO  storage.RaftStorageDirectory (RaftStorageDirectory.java:tryLock(328)) - Lock on /workdir/hadoop-ozone/integration-test/target/test-dir/MiniOzoneClusterImpl-d4c3f63e-79eb-48dd-b907-15aeed9be1d5/datanode-0/data/ratis/54f8b00c-6ec1-48ee-8dfe-3f11b31d4b20/in_use.lock acquired by nodename 17341@pr-hdds-1946lgncr-3764977478
2019-08-20 13:59:45,848 [pool-439-thread-1] INFO  storage.RaftStorage (RaftStorage.java:format(72)) - Storage directory /workdir/hadoop-ozone/integration-test/target/test-dir/MiniOzoneClusterImpl-d4c3f63e-79eb-48dd-b907-15aeed9be1d5/datanode-0/data/ratis/54f8b00c-6ec1-48ee-8dfe-3f11b31d4b20 has been successfully formatted.
2019-08-20 13:59:45,849 [pool-439-thread-1] INFO  ratis.ContainerStateMachine (ContainerStateMachine.java:loadSnapshot(222)) - group-3F11B31D4B20: The snapshot info is null. Setting the last applied indexto:(t:0, i:~)
2019-08-20 13:59:45,849 [pool-439-thread-1] INFO  server.RaftServerConfigKeys (ConfUtils.java:logGet(43)) - raft.server.leader.election.timeout = 120s (custom)
2019-08-20 13:59:45,849 [pool-439-thread-1] INFO  server.RaftServerConfigKeys (ConfUtils.java:logGet(43)) - raft.server.log.use.memory = false (default)
2019-08-20 13:59:45,849 [pool-439-thread-1] INFO  server.RaftServerConfigKeys (ConfUtils.java:logGet(43)) - raft.server.log.purge.gap = 1000000 (custom)
2019-08-20 13:59:45,849 [pool-439-thread-1] INFO  server.RaftServerConfigKeys (ConfUtils.java:logGet(43)) - raft.server.log.appender.buffer.byte-limit = 33554432 (custom)
2019-08-20 13:59:45,849 [pool-439-thread-1] INFO  server.RaftServerConfigKeys (ConfUtils.java:logGet(43)) - raft.server.log.segment.size.max = 1048576 (custom)
2019-08-20 13:59:45,849 [pool-439-thread-1] INFO  server.RaftServerConfigKeys (ConfUtils.java:logGet(43)) - raft.server.log.segment.cache.num.max = 2 (custom)
2019-08-20 13:59:45,849 [pool-439-thread-1] INFO  segmented.SegmentedRaftLogWorker (SegmentedRaftLogWorker.java:<init>(172)) - new 895a69ca-0d52-44fe-bfc6-07a3d9e96002-SegmentedRaftLogWorker:Storage Directory /workdir/hadoop-ozone/integration-test/target/test-dir/MiniOzoneClusterImpl-d4c3f63e-79eb-48dd-b907-15aeed9be1d5/datanode-0/data/ratis/54f8b00c-6ec1-48ee-8dfe-3f11b31d4b20 for RaftStorage:Storage Directory /workdir/hadoop-ozone/integration-test/target/test-dir/MiniOzoneClusterImpl-d4c3f63e-79eb-48dd-b907-15aeed9be1d5/datanode-0/data/ratis/54f8b00c-6ec1-48ee-8dfe-3f11b31d4b20
2019-08-20 13:59:45,850 [pool-439-thread-1] INFO  server.RaftServerConfigKeys (ConfUtils.java:logGet(43)) - raft.server.log.queue.byte-limit = 2147483647 (custom)
2019-08-20 13:59:45,850 [pool-439-thread-1] INFO  server.RaftServerConfigKeys (ConfUtils.java:logGet(43)) - raft.server.log.queue.element-limit = 1024 (custom)
2019-08-20 13:59:45,850 [pool-439-thread-1] INFO  server.RaftServerConfigKeys (ConfUtils.java:logGet(43)) - raft.server.log.segment.size.max = 1048576 (custom)
2019-08-20 13:59:45,850 [pool-439-thread-1] INFO  server.RaftServerConfigKeys (ConfUtils.java:logGet(43)) - raft.server.log.preallocated.size = 16384 (custom)
2019-08-20 13:59:45,850 [pool-439-thread-1] INFO  server.RaftServerConfigKeys (ConfUtils.java:logGet(43)) - raft.server.log.write.buffer.size = 33554432 (custom)
2019-08-20 13:59:45,850 [pool-439-thread-1] INFO  server.RaftServerConfigKeys (ConfUtils.java:logGet(43)) - raft.server.log.force.sync.num = 128 (default)
2019-08-20 13:59:45,850 [pool-439-thread-1] INFO  server.RaftServerConfigKeys (ConfUtils.java:logGet(43)) - raft.server.log.statemachine.data.sync = true (default)
2019-08-20 13:59:45,850 [pool-439-thread-1] INFO  server.RaftServerConfigKeys (ConfUtils.java:logGet(43)) - raft.server.log.statemachine.data.sync.timeout = 10s (default)
2019-08-20 13:59:45,851 [pool-439-thread-1] INFO  server.RaftServerConfigKeys (ConfUtils.java:logGet(43)) - raft.server.log.statemachine.data.sync.timeout.retry = -1 (default)
2019-08-20 13:59:45,851 [pool-439-thread-1] INFO  server.RaftServerConfigKeys (ConfUtils.java:logGet(43)) - raft.server.log.statemachine.data.caching.enabled = true (custom)
2019-08-20 13:59:45,851 [pool-439-thread-1] INFO  segmented.SegmentedRaftLogWorker (SegmentedRaftLogWorker.java:lambda$new$0(132)) - 895a69ca-0d52-44fe-bfc6-07a3d9e96002-SegmentedRaftLogWorker:Storage Directory /workdir/hadoop-ozone/integration-test/target/test-dir/MiniOzoneClusterImpl-d4c3f63e-79eb-48dd-b907-15aeed9be1d5/datanode-0/data/ratis/54f8b00c-6ec1-48ee-8dfe-3f11b31d4b20: flushIndex: setUnconditionally 0 -> -1
2019-08-20 13:59:45,851 [pool-439-thread-1] INFO  server.RaftServerConfigKeys (ConfUtils.java:logGet(43)) - raft.server.snapshot.auto.trigger.enabled = true (custom)
2019-08-20 13:59:45,852 [pool-439-thread-1] INFO  server.RaftServerConfigKeys (ConfUtils.java:logGet(43)) - raft.server.snapshot.auto.trigger.threshold = 10000 (custom)
2019-08-20 13:59:45,852 [pool-439-thread-1] INFO  server.RaftServerConfigKeys (ConfUtils.java:logGet(43)) - raft.server.retrycache.expirytime = 600000ms (custom)
2019-08-20 13:59:45,852 [pool-439-thread-1] INFO  impl.RaftServerImpl (RaftServerImpl.java:start(180)) - 895a69ca-0d52-44fe-bfc6-07a3d9e96002: start group-3F11B31D4B20
2019-08-20 13:59:45,852 [pool-439-thread-1] INFO  impl.RaftServerImpl (RaftServerImpl.java:setRole(171)) - 895a69ca-0d52-44fe-bfc6-07a3d9e96002:group-3F11B31D4B20 changes role from null to FOLLOWER at term 0 for startAsFollower
2019-08-20 13:59:45,852 [pool-439-thread-1] INFO  impl.RoleInfo (RoleInfo.java:updateAndGet(143)) - 895a69ca-0d52-44fe-bfc6-07a3d9e96002: start FollowerState
2019-08-20 13:59:45,853 [pool-439-thread-1] INFO  util.JmxRegister (JmxRegister.java:tryRegister(44)) - Successfully registered JMX Bean with object name Ratis:service=RaftServer,group=group-3F11B31D4B20,id=895a69ca-0d52-44fe-bfc6-07a3d9e96002
2019-08-20 13:59:45,856 [RatisPipelineUtilsThread] INFO  pipeline.PipelineStateManager (PipelineStateManager.java:addPipeline(56)) - Created pipeline Pipeline[ Id: 54f8b00c-6ec1-48ee-8dfe-3f11b31d4b20, Nodes: 895a69ca-0d52-44fe-bfc6-07a3d9e96002{ip: 192.168.69.96, host: pr-hdds-1946lgncr-3764977478, networkLocation: /default-rack, certSerialId: null}, Type:RATIS, Factor:ONE, State:OPEN]
2019-08-20 13:59:45,941 [IPC Server handler 7 on 39056] INFO  net.NetworkTopology (NetworkTopologyImpl.java:add(110)) - Added a new node: /default-rack/029e4ca0-8cda-46b0-9d42-cc14ecee78cf
2019-08-20 13:59:45,941 [IPC Server handler 7 on 39056] INFO  node.SCMNodeManager (SCMNodeManager.java:register(273)) - Registered Data node : 029e4ca0-8cda-46b0-9d42-cc14ecee78cf{ip: 192.168.69.96, host: pr-hdds-1946lgncr-3764977478, networkLocation: /default-rack, certSerialId: null}
2019-08-20 13:59:45,941 | INFO  | SCMAudit | user=jenkins1000 | ip=192.168.69.96 | op=REGISTER {datanodeDetails=029e4ca0-8cda-46b0-9d42-cc14ecee78cf{ip: 192.168.69.96, host: pr-hdds-1946lgncr-3764977478, networkLocation: /default-rack, certSerialId: null}} | ret=SUCCESS |  
2019-08-20 13:59:45,949 [grpc-default-executor-12] INFO  impl.RaftServerProxy (RaftServerProxy.java:addNew(89)) - 029e4ca0-8cda-46b0-9d42-cc14ecee78cf: addNew group-D116B73939FA:[029e4ca0-8cda-46b0-9d42-cc14ecee78cf:192.168.69.96:45863] returns group-D116B73939FA:java.util.concurrent.CompletableFuture@688a39d7[Not completed]
2019-08-20 13:59:45,950 [pool-450-thread-1] INFO  impl.RaftServerImpl (RaftServerImpl.java:<init>(93)) - 029e4ca0-8cda-46b0-9d42-cc14ecee78cf: new RaftServerImpl for group-D116B73939FA:[029e4ca0-8cda-46b0-9d42-cc14ecee78cf:192.168.69.96:45863] with ContainerStateMachine:uninitialized
2019-08-20 13:59:45,950 [pool-450-thread-1] INFO  server.RaftServerConfigKeys (ConfUtils.java:logGet(43)) - raft.server.rpc.timeout.min = 5s (custom)
2019-08-20 13:59:45,950 [pool-450-thread-1] INFO  server.RaftServerConfigKeys (ConfUtils.java:logGet(43)) - raft.server.rpc.timeout.max = 5200ms (custom)
2019-08-20 13:59:45,951 [pool-450-thread-1] INFO  server.RaftServerConfigKeys (ConfUtils.java:logGet(43)) - raft.server.rpcslowness.timeout = 120s (custom)
2019-08-20 13:59:45,951 [pool-450-thread-1] INFO  server.RaftServerConfigKeys (ConfUtils.java:logGet(43)) - raft.server.sleep.deviation.threshold = 300 (default)
2019-08-20 13:59:45,951 [pool-450-thread-1] INFO  server.RaftServerConfigKeys (ConfUtils.java:logGet(43)) - raft.server.log.appender.install.snapshot.enabled = false (custom)
2019-08-20 13:59:45,951 [pool-450-thread-1] INFO  impl.RaftServerImpl (ServerState.java:<init>(105)) - 029e4ca0-8cda-46b0-9d42-cc14ecee78cf:group-D116B73939FA ConfigurationManager, init=-1: [029e4ca0-8cda-46b0-9d42-cc14ecee78cf:192.168.69.96:45863], old=null, confs=<EMPTY_MAP>
2019-08-20 13:59:45,951 [pool-450-thread-1] INFO  server.RaftServerConfigKeys (ConfUtils.java:logGet(43)) - raft.server.storage.dir = [/workdir/hadoop-ozone/integration-test/target/test-dir/MiniOzoneClusterImpl-d4c3f63e-79eb-48dd-b907-15aeed9be1d5/datanode-1/data/ratis] (custom)
2019-08-20 13:59:45,952 [pool-450-thread-1] INFO  storage.RaftStorageDirectory (RaftStorageDirectory.java:analyzeStorage(246)) - The storage directory /workdir/hadoop-ozone/integration-test/target/test-dir/MiniOzoneClusterImpl-d4c3f63e-79eb-48dd-b907-15aeed9be1d5/datanode-1/data/ratis/a4b3ef46-9108-44dd-8bf0-d116b73939fa does not exist. Creating ...
2019-08-20 13:59:45,965 [pool-450-thread-1] INFO  storage.RaftStorageDirectory (RaftStorageDirectory.java:tryLock(328)) - Lock on /workdir/hadoop-ozone/integration-test/target/test-dir/MiniOzoneClusterImpl-d4c3f63e-79eb-48dd-b907-15aeed9be1d5/datanode-1/data/ratis/a4b3ef46-9108-44dd-8bf0-d116b73939fa/in_use.lock acquired by nodename 17341@pr-hdds-1946lgncr-3764977478
2019-08-20 13:59:45,980 [pool-450-thread-1] INFO  storage.RaftStorage (RaftStorage.java:format(72)) - Storage directory /workdir/hadoop-ozone/integration-test/target/test-dir/MiniOzoneClusterImpl-d4c3f63e-79eb-48dd-b907-15aeed9be1d5/datanode-1/data/ratis/a4b3ef46-9108-44dd-8bf0-d116b73939fa has been successfully formatted.
2019-08-20 13:59:45,980 [pool-450-thread-1] INFO  ratis.ContainerStateMachine (ContainerStateMachine.java:loadSnapshot(222)) - group-D116B73939FA: The snapshot info is null. Setting the last applied indexto:(t:0, i:~)
2019-08-20 13:59:45,980 [pool-450-thread-1] INFO  server.RaftServerConfigKeys (ConfUtils.java:logGet(43)) - raft.server.leader.election.timeout = 120s (custom)
2019-08-20 13:59:45,980 [pool-450-thread-1] INFO  server.RaftServerConfigKeys (ConfUtils.java:logGet(43)) - raft.server.log.use.memory = false (default)
2019-08-20 13:59:45,980 [pool-450-thread-1] INFO  server.RaftServerConfigKeys (ConfUtils.java:logGet(43)) - raft.server.log.purge.gap = 1000000 (custom)
2019-08-20 13:59:45,981 [pool-450-thread-1] INFO  server.RaftServerConfigKeys (ConfUtils.java:logGet(43)) - raft.server.log.appender.buffer.byte-limit = 33554432 (custom)
2019-08-20 13:59:45,981 [pool-450-thread-1] INFO  server.RaftServerConfigKeys (ConfUtils.java:logGet(43)) - raft.server.log.segment.size.max = 1048576 (custom)
2019-08-20 13:59:45,981 [pool-450-thread-1] INFO  server.RaftServerConfigKeys (ConfUtils.java:logGet(43)) - raft.server.log.segment.cache.num.max = 2 (custom)
2019-08-20 13:59:45,981 [pool-450-thread-1] INFO  segmented.SegmentedRaftLogWorker (SegmentedRaftLogWorker.java:<init>(172)) - new 029e4ca0-8cda-46b0-9d42-cc14ecee78cf-SegmentedRaftLogWorker:Storage Directory /workdir/hadoop-ozone/integration-test/target/test-dir/MiniOzoneClusterImpl-d4c3f63e-79eb-48dd-b907-15aeed9be1d5/datanode-1/data/ratis/a4b3ef46-9108-44dd-8bf0-d116b73939fa for RaftStorage:Storage Directory /workdir/hadoop-ozone/integration-test/target/test-dir/MiniOzoneClusterImpl-d4c3f63e-79eb-48dd-b907-15aeed9be1d5/datanode-1/data/ratis/a4b3ef46-9108-44dd-8bf0-d116b73939fa
2019-08-20 13:59:45,981 [pool-450-thread-1] INFO  server.RaftServerConfigKeys (ConfUtils.java:logGet(43)) - raft.server.log.queue.byte-limit = 2147483647 (custom)
2019-08-20 13:59:45,981 [pool-450-thread-1] INFO  server.RaftServerConfigKeys (ConfUtils.java:logGet(43)) - raft.server.log.queue.element-limit = 1024 (custom)
2019-08-20 13:59:45,982 [pool-450-thread-1] INFO  server.RaftServerConfigKeys (ConfUtils.java:logGet(43)) - raft.server.log.segment.size.max = 1048576 (custom)
2019-08-20 13:59:45,982 [pool-450-thread-1] INFO  server.RaftServerConfigKeys (ConfUtils.java:logGet(43)) - raft.server.log.preallocated.size = 16384 (custom)
2019-08-20 13:59:45,982 [pool-450-thread-1] INFO  server.RaftServerConfigKeys (ConfUtils.java:logGet(43)) - raft.server.log.write.buffer.size = 33554432 (custom)
2019-08-20 13:59:45,982 [pool-450-thread-1] INFO  server.RaftServerConfigKeys (ConfUtils.java:logGet(43)) - raft.server.log.force.sync.num = 128 (default)
2019-08-20 13:59:45,982 [pool-450-thread-1] INFO  server.RaftServerConfigKeys (ConfUtils.java:logGet(43)) - raft.server.log.statemachine.data.sync = true (default)
2019-08-20 13:59:45,982 [pool-450-thread-1] INFO  server.RaftServerConfigKeys (ConfUtils.java:logGet(43)) - raft.server.log.statemachine.data.sync.timeout = 10s (default)
2019-08-20 13:59:45,983 [pool-450-thread-1] INFO  server.RaftServerConfigKeys (ConfUtils.java:logGet(43)) - raft.server.log.statemachine.data.sync.timeout.retry = -1 (default)
2019-08-20 13:59:45,983 [pool-450-thread-1] INFO  server.RaftServerConfigKeys (ConfUtils.java:logGet(43)) - raft.server.log.statemachine.data.caching.enabled = true (custom)
2019-08-20 13:59:45,984 [pool-450-thread-1] INFO  segmented.SegmentedRaftLogWorker (SegmentedRaftLogWorker.java:lambda$new$0(132)) - 029e4ca0-8cda-46b0-9d42-cc14ecee78cf-SegmentedRaftLogWorker:Storage Directory /workdir/hadoop-ozone/integration-test/target/test-dir/MiniOzoneClusterImpl-d4c3f63e-79eb-48dd-b907-15aeed9be1d5/datanode-1/data/ratis/a4b3ef46-9108-44dd-8bf0-d116b73939fa: flushIndex: setUnconditionally 0 -> -1
2019-08-20 13:59:45,984 [pool-450-thread-1] INFO  server.RaftServerConfigKeys (ConfUtils.java:logGet(43)) - raft.server.snapshot.auto.trigger.enabled = true (custom)
2019-08-20 13:59:45,985 [pool-450-thread-1] INFO  server.RaftServerConfigKeys (ConfUtils.java:logGet(43)) - raft.server.snapshot.auto.trigger.threshold = 10000 (custom)
2019-08-20 13:59:45,985 [pool-450-thread-1] INFO  server.RaftServerConfigKeys (ConfUtils.java:logGet(43)) - raft.server.retrycache.expirytime = 600000ms (custom)
2019-08-20 13:59:45,985 [pool-450-thread-1] INFO  impl.RaftServerImpl (RaftServerImpl.java:start(180)) - 029e4ca0-8cda-46b0-9d42-cc14ecee78cf: start group-D116B73939FA
2019-08-20 13:59:45,985 [pool-450-thread-1] INFO  impl.RaftServerImpl (RaftServerImpl.java:setRole(171)) - 029e4ca0-8cda-46b0-9d42-cc14ecee78cf:group-D116B73939FA changes role from null to FOLLOWER at term 0 for startAsFollower
2019-08-20 13:59:45,985 [pool-450-thread-1] INFO  impl.RoleInfo (RoleInfo.java:updateAndGet(143)) - 029e4ca0-8cda-46b0-9d42-cc14ecee78cf: start FollowerState
2019-08-20 13:59:45,986 [pool-450-thread-1] INFO  util.JmxRegister (JmxRegister.java:tryRegister(44)) - Successfully registered JMX Bean with object name Ratis:service=RaftServer,group=group-D116B73939FA,id=029e4ca0-8cda-46b0-9d42-cc14ecee78cf
2019-08-20 13:59:45,988 [RatisPipelineUtilsThread] INFO  pipeline.PipelineStateManager (PipelineStateManager.java:addPipeline(56)) - Created pipeline Pipeline[ Id: a4b3ef46-9108-44dd-8bf0-d116b73939fa, Nodes: 029e4ca0-8cda-46b0-9d42-cc14ecee78cf{ip: 192.168.69.96, host: pr-hdds-1946lgncr-3764977478, networkLocation: /default-rack, certSerialId: null}, Type:RATIS, Factor:ONE, State:OPEN]
2019-08-20 13:59:46,090 [IPC Server handler 0 on 39056] INFO  net.NetworkTopology (NetworkTopologyImpl.java:add(110)) - Added a new node: /default-rack/864d677d-0c2a-4713-be84-66338b63a444
2019-08-20 13:59:46,091 [IPC Server handler 0 on 39056] INFO  node.SCMNodeManager (SCMNodeManager.java:register(273)) - Registered Data node : 864d677d-0c2a-4713-be84-66338b63a444{ip: 192.168.69.96, host: pr-hdds-1946lgncr-3764977478, networkLocation: /default-rack, certSerialId: null}
2019-08-20 13:59:46,095 | INFO  | SCMAudit | user=jenkins1000 | ip=192.168.69.96 | op=REGISTER {datanodeDetails=864d677d-0c2a-4713-be84-66338b63a444{ip: 192.168.69.96, host: pr-hdds-1946lgncr-3764977478, networkLocation: /default-rack, certSerialId: null}} | ret=SUCCESS |  
2019-08-20 13:59:46,101 [grpc-default-executor-12] INFO  impl.RaftServerProxy (RaftServerProxy.java:addNew(89)) - 864d677d-0c2a-4713-be84-66338b63a444: addNew group-3BF84C36FAFC:[864d677d-0c2a-4713-be84-66338b63a444:192.168.69.96:39258] returns group-3BF84C36FAFC:java.util.concurrent.CompletableFuture@7ea27e64[Not completed]
2019-08-20 13:59:46,102 [pool-461-thread-1] INFO  impl.RaftServerImpl (RaftServerImpl.java:<init>(93)) - 864d677d-0c2a-4713-be84-66338b63a444: new RaftServerImpl for group-3BF84C36FAFC:[864d677d-0c2a-4713-be84-66338b63a444:192.168.69.96:39258] with ContainerStateMachine:uninitialized
2019-08-20 13:59:46,103 [pool-461-thread-1] INFO  server.RaftServerConfigKeys (ConfUtils.java:logGet(43)) - raft.server.rpc.timeout.min = 5s (custom)
2019-08-20 13:59:46,103 [pool-461-thread-1] INFO  server.RaftServerConfigKeys (ConfUtils.java:logGet(43)) - raft.server.rpc.timeout.max = 5200ms (custom)
2019-08-20 13:59:46,103 [pool-461-thread-1] INFO  server.RaftServerConfigKeys (ConfUtils.java:logGet(43)) - raft.server.rpcslowness.timeout = 120s (custom)
2019-08-20 13:59:46,103 [pool-461-thread-1] INFO  server.RaftServerConfigKeys (ConfUtils.java:logGet(43)) - raft.server.sleep.deviation.threshold = 300 (default)
2019-08-20 13:59:46,103 [pool-461-thread-1] INFO  server.RaftServerConfigKeys (ConfUtils.java:logGet(43)) - raft.server.log.appender.install.snapshot.enabled = false (custom)
2019-08-20 13:59:46,103 [pool-461-thread-1] INFO  impl.RaftServerImpl (ServerState.java:<init>(105)) - 864d677d-0c2a-4713-be84-66338b63a444:group-3BF84C36FAFC ConfigurationManager, init=-1: [864d677d-0c2a-4713-be84-66338b63a444:192.168.69.96:39258], old=null, confs=<EMPTY_MAP>
2019-08-20 13:59:46,103 [pool-461-thread-1] INFO  server.RaftServerConfigKeys (ConfUtils.java:logGet(43)) - raft.server.storage.dir = [/workdir/hadoop-ozone/integration-test/target/test-dir/MiniOzoneClusterImpl-d4c3f63e-79eb-48dd-b907-15aeed9be1d5/datanode-2/data/ratis] (custom)
2019-08-20 13:59:46,104 [pool-461-thread-1] INFO  storage.RaftStorageDirectory (RaftStorageDirectory.java:analyzeStorage(246)) - The storage directory /workdir/hadoop-ozone/integration-test/target/test-dir/MiniOzoneClusterImpl-d4c3f63e-79eb-48dd-b907-15aeed9be1d5/datanode-2/data/ratis/c0d68807-426f-4b5d-8896-3bf84c36fafc does not exist. Creating ...
2019-08-20 13:59:46,118 [pool-461-thread-1] INFO  storage.RaftStorageDirectory (RaftStorageDirectory.java:tryLock(328)) - Lock on /workdir/hadoop-ozone/integration-test/target/test-dir/MiniOzoneClusterImpl-d4c3f63e-79eb-48dd-b907-15aeed9be1d5/datanode-2/data/ratis/c0d68807-426f-4b5d-8896-3bf84c36fafc/in_use.lock acquired by nodename 17341@pr-hdds-1946lgncr-3764977478
2019-08-20 13:59:46,132 [pool-461-thread-1] INFO  storage.RaftStorage (RaftStorage.java:format(72)) - Storage directory /workdir/hadoop-ozone/integration-test/target/test-dir/MiniOzoneClusterImpl-d4c3f63e-79eb-48dd-b907-15aeed9be1d5/datanode-2/data/ratis/c0d68807-426f-4b5d-8896-3bf84c36fafc has been successfully formatted.
2019-08-20 13:59:46,133 [pool-461-thread-1] INFO  ratis.ContainerStateMachine (ContainerStateMachine.java:loadSnapshot(222)) - group-3BF84C36FAFC: The snapshot info is null. Setting the last applied indexto:(t:0, i:~)
2019-08-20 13:59:46,133 [pool-461-thread-1] INFO  server.RaftServerConfigKeys (ConfUtils.java:logGet(43)) - raft.server.leader.election.timeout = 120s (custom)
2019-08-20 13:59:46,133 [pool-461-thread-1] INFO  server.RaftServerConfigKeys (ConfUtils.java:logGet(43)) - raft.server.log.use.memory = false (default)
2019-08-20 13:59:46,133 [pool-461-thread-1] INFO  server.RaftServerConfigKeys (ConfUtils.java:logGet(43)) - raft.server.log.purge.gap = 1000000 (custom)
2019-08-20 13:59:46,133 [pool-461-thread-1] INFO  server.RaftServerConfigKeys (ConfUtils.java:logGet(43)) - raft.server.log.appender.buffer.byte-limit = 33554432 (custom)
2019-08-20 13:59:46,133 [pool-461-thread-1] INFO  server.RaftServerConfigKeys (ConfUtils.java:logGet(43)) - raft.server.log.segment.size.max = 1048576 (custom)
2019-08-20 13:59:46,133 [pool-461-thread-1] INFO  server.RaftServerConfigKeys (ConfUtils.java:logGet(43)) - raft.server.log.segment.cache.num.max = 2 (custom)
2019-08-20 13:59:46,133 [pool-461-thread-1] INFO  segmented.SegmentedRaftLogWorker (SegmentedRaftLogWorker.java:<init>(172)) - new 864d677d-0c2a-4713-be84-66338b63a444-SegmentedRaftLogWorker:Storage Directory /workdir/hadoop-ozone/integration-test/target/test-dir/MiniOzoneClusterImpl-d4c3f63e-79eb-48dd-b907-15aeed9be1d5/datanode-2/data/ratis/c0d68807-426f-4b5d-8896-3bf84c36fafc for RaftStorage:Storage Directory /workdir/hadoop-ozone/integration-test/target/test-dir/MiniOzoneClusterImpl-d4c3f63e-79eb-48dd-b907-15aeed9be1d5/datanode-2/data/ratis/c0d68807-426f-4b5d-8896-3bf84c36fafc
2019-08-20 13:59:46,134 [pool-461-thread-1] INFO  server.RaftServerConfigKeys (ConfUtils.java:logGet(43)) - raft.server.log.queue.byte-limit = 2147483647 (custom)
2019-08-20 13:59:46,134 [pool-461-thread-1] INFO  server.RaftServerConfigKeys (ConfUtils.java:logGet(43)) - raft.server.log.queue.element-limit = 1024 (custom)
2019-08-20 13:59:46,134 [pool-461-thread-1] INFO  server.RaftServerConfigKeys (ConfUtils.java:logGet(43)) - raft.server.log.segment.size.max = 1048576 (custom)
2019-08-20 13:59:46,134 [pool-461-thread-1] INFO  server.RaftServerConfigKeys (ConfUtils.java:logGet(43)) - raft.server.log.preallocated.size = 16384 (custom)
2019-08-20 13:59:46,134 [pool-461-thread-1] INFO  server.RaftServerConfigKeys (ConfUtils.java:logGet(43)) - raft.server.log.write.buffer.size = 33554432 (custom)
2019-08-20 13:59:46,134 [pool-461-thread-1] INFO  server.RaftServerConfigKeys (ConfUtils.java:logGet(43)) - raft.server.log.force.sync.num = 128 (default)
2019-08-20 13:59:46,134 [pool-461-thread-1] INFO  server.RaftServerConfigKeys (ConfUtils.java:logGet(43)) - raft.server.log.statemachine.data.sync = true (default)
2019-08-20 13:59:46,134 [pool-461-thread-1] INFO  server.RaftServerConfigKeys (ConfUtils.java:logGet(43)) - raft.server.log.statemachine.data.sync.timeout = 10s (default)
2019-08-20 13:59:46,135 [pool-461-thread-1] INFO  server.RaftServerConfigKeys (ConfUtils.java:logGet(43)) - raft.server.log.statemachine.data.sync.timeout.retry = -1 (default)
2019-08-20 13:59:46,135 [pool-461-thread-1] INFO  server.RaftServerConfigKeys (ConfUtils.java:logGet(43)) - raft.server.log.statemachine.data.caching.enabled = true (custom)
2019-08-20 13:59:46,135 [pool-461-thread-1] INFO  segmented.SegmentedRaftLogWorker (SegmentedRaftLogWorker.java:lambda$new$0(132)) - 864d677d-0c2a-4713-be84-66338b63a444-SegmentedRaftLogWorker:Storage Directory /workdir/hadoop-ozone/integration-test/target/test-dir/MiniOzoneClusterImpl-d4c3f63e-79eb-48dd-b907-15aeed9be1d5/datanode-2/data/ratis/c0d68807-426f-4b5d-8896-3bf84c36fafc: flushIndex: setUnconditionally 0 -> -1
2019-08-20 13:59:46,135 [pool-461-thread-1] INFO  server.RaftServerConfigKeys (ConfUtils.java:logGet(43)) - raft.server.snapshot.auto.trigger.enabled = true (custom)
2019-08-20 13:59:46,135 [pool-461-thread-1] INFO  server.RaftServerConfigKeys (ConfUtils.java:logGet(43)) - raft.server.snapshot.auto.trigger.threshold = 10000 (custom)
2019-08-20 13:59:46,136 [pool-461-thread-1] INFO  server.RaftServerConfigKeys (ConfUtils.java:logGet(43)) - raft.server.retrycache.expirytime = 600000ms (custom)
2019-08-20 13:59:46,136 [pool-461-thread-1] INFO  impl.RaftServerImpl (RaftServerImpl.java:start(180)) - 864d677d-0c2a-4713-be84-66338b63a444: start group-3BF84C36FAFC
2019-08-20 13:59:46,136 [pool-461-thread-1] INFO  impl.RaftServerImpl (RaftServerImpl.java:setRole(171)) - 864d677d-0c2a-4713-be84-66338b63a444:group-3BF84C36FAFC changes role from null to FOLLOWER at term 0 for startAsFollower
2019-08-20 13:59:46,136 [pool-461-thread-1] INFO  impl.RoleInfo (RoleInfo.java:updateAndGet(143)) - 864d677d-0c2a-4713-be84-66338b63a444: start FollowerState
2019-08-20 13:59:46,136 [pool-461-thread-1] INFO  util.JmxRegister (JmxRegister.java:tryRegister(44)) - Successfully registered JMX Bean with object name Ratis:service=RaftServer,group=group-3BF84C36FAFC,id=864d677d-0c2a-4713-be84-66338b63a444
2019-08-20 13:59:46,138 [RatisPipelineUtilsThread] INFO  pipeline.PipelineStateManager (PipelineStateManager.java:addPipeline(56)) - Created pipeline Pipeline[ Id: c0d68807-426f-4b5d-8896-3bf84c36fafc, Nodes: 864d677d-0c2a-4713-be84-66338b63a444{ip: 192.168.69.96, host: pr-hdds-1946lgncr-3764977478, networkLocation: /default-rack, certSerialId: null}, Type:RATIS, Factor:ONE, State:OPEN]
2019-08-20 13:59:46,154 [grpc-default-executor-7] INFO  impl.RaftServerProxy (RaftServerProxy.java:addNew(89)) - 895a69ca-0d52-44fe-bfc6-07a3d9e96002: addNew group-CF335F4F03B1:[864d677d-0c2a-4713-be84-66338b63a444:192.168.69.96:39258, 029e4ca0-8cda-46b0-9d42-cc14ecee78cf:192.168.69.96:45863, 895a69ca-0d52-44fe-bfc6-07a3d9e96002:192.168.69.96:41972] returns group-CF335F4F03B1:java.util.concurrent.CompletableFuture@582e8481[Not completed]
2019-08-20 13:59:46,154 [grpc-default-executor-12] INFO  impl.RaftServerProxy (RaftServerProxy.java:addNew(89)) - 029e4ca0-8cda-46b0-9d42-cc14ecee78cf: addNew group-CF335F4F03B1:[864d677d-0c2a-4713-be84-66338b63a444:192.168.69.96:39258, 029e4ca0-8cda-46b0-9d42-cc14ecee78cf:192.168.69.96:45863, 895a69ca-0d52-44fe-bfc6-07a3d9e96002:192.168.69.96:41972] returns group-CF335F4F03B1:java.util.concurrent.CompletableFuture@75e7be08[Not completed]
2019-08-20 13:59:46,154 [grpc-default-executor-6] INFO  impl.RaftServerProxy (RaftServerProxy.java:addNew(89)) - 864d677d-0c2a-4713-be84-66338b63a444: addNew group-CF335F4F03B1:[864d677d-0c2a-4713-be84-66338b63a444:192.168.69.96:39258, 029e4ca0-8cda-46b0-9d42-cc14ecee78cf:192.168.69.96:45863, 895a69ca-0d52-44fe-bfc6-07a3d9e96002:192.168.69.96:41972] returns group-CF335F4F03B1:java.util.concurrent.CompletableFuture@1034b642[Not completed]
2019-08-20 13:59:46,155 [pool-461-thread-1] INFO  impl.RaftServerImpl (RaftServerImpl.java:<init>(93)) - 864d677d-0c2a-4713-be84-66338b63a444: new RaftServerImpl for group-CF335F4F03B1:[864d677d-0c2a-4713-be84-66338b63a444:192.168.69.96:39258, 029e4ca0-8cda-46b0-9d42-cc14ecee78cf:192.168.69.96:45863, 895a69ca-0d52-44fe-bfc6-07a3d9e96002:192.168.69.96:41972] with ContainerStateMachine:uninitialized
2019-08-20 13:59:46,155 [pool-461-thread-1] INFO  server.RaftServerConfigKeys (ConfUtils.java:logGet(43)) - raft.server.rpc.timeout.min = 5s (custom)
2019-08-20 13:59:46,156 [pool-461-thread-1] INFO  server.RaftServerConfigKeys (ConfUtils.java:logGet(43)) - raft.server.rpc.timeout.max = 5200ms (custom)
2019-08-20 13:59:46,156 [pool-461-thread-1] INFO  server.RaftServerConfigKeys (ConfUtils.java:logGet(43)) - raft.server.rpcslowness.timeout = 120s (custom)
2019-08-20 13:59:46,156 [pool-461-thread-1] INFO  server.RaftServerConfigKeys (ConfUtils.java:logGet(43)) - raft.server.sleep.deviation.threshold = 300 (default)
2019-08-20 13:59:46,156 [pool-461-thread-1] INFO  server.RaftServerConfigKeys (ConfUtils.java:logGet(43)) - raft.server.log.appender.install.snapshot.enabled = false (custom)
2019-08-20 13:59:46,156 [pool-461-thread-1] INFO  impl.RaftServerImpl (ServerState.java:<init>(105)) - 864d677d-0c2a-4713-be84-66338b63a444:group-CF335F4F03B1 ConfigurationManager, init=-1: [864d677d-0c2a-4713-be84-66338b63a444:192.168.69.96:39258, 029e4ca0-8cda-46b0-9d42-cc14ecee78cf:192.168.69.96:45863, 895a69ca-0d52-44fe-bfc6-07a3d9e96002:192.168.69.96:41972], old=null, confs=<EMPTY_MAP>
2019-08-20 13:59:46,156 [pool-461-thread-1] INFO  server.RaftServerConfigKeys (ConfUtils.java:logGet(43)) - raft.server.storage.dir = [/workdir/hadoop-ozone/integration-test/target/test-dir/MiniOzoneClusterImpl-d4c3f63e-79eb-48dd-b907-15aeed9be1d5/datanode-2/data/ratis] (custom)
2019-08-20 13:59:46,156 [pool-450-thread-1] INFO  impl.RaftServerImpl (RaftServerImpl.java:<init>(93)) - 029e4ca0-8cda-46b0-9d42-cc14ecee78cf: new RaftServerImpl for group-CF335F4F03B1:[864d677d-0c2a-4713-be84-66338b63a444:192.168.69.96:39258, 029e4ca0-8cda-46b0-9d42-cc14ecee78cf:192.168.69.96:45863, 895a69ca-0d52-44fe-bfc6-07a3d9e96002:192.168.69.96:41972] with ContainerStateMachine:uninitialized
2019-08-20 13:59:46,156 [pool-450-thread-1] INFO  server.RaftServerConfigKeys (ConfUtils.java:logGet(43)) - raft.server.rpc.timeout.min = 5s (custom)
2019-08-20 13:59:46,156 [pool-450-thread-1] INFO  server.RaftServerConfigKeys (ConfUtils.java:logGet(43)) - raft.server.rpc.timeout.max = 5200ms (custom)
2019-08-20 13:59:46,156 [pool-461-thread-1] INFO  storage.RaftStorageDirectory (RaftStorageDirectory.java:analyzeStorage(246)) - The storage directory /workdir/hadoop-ozone/integration-test/target/test-dir/MiniOzoneClusterImpl-d4c3f63e-79eb-48dd-b907-15aeed9be1d5/datanode-2/data/ratis/32056dbf-1fab-4dd8-b0fb-cf335f4f03b1 does not exist. Creating ...
2019-08-20 13:59:46,156 [pool-439-thread-1] INFO  impl.RaftServerImpl (RaftServerImpl.java:<init>(93)) - 895a69ca-0d52-44fe-bfc6-07a3d9e96002: new RaftServerImpl for group-CF335F4F03B1:[864d677d-0c2a-4713-be84-66338b63a444:192.168.69.96:39258, 029e4ca0-8cda-46b0-9d42-cc14ecee78cf:192.168.69.96:45863, 895a69ca-0d52-44fe-bfc6-07a3d9e96002:192.168.69.96:41972] with ContainerStateMachine:uninitialized
2019-08-20 13:59:46,156 [pool-450-thread-1] INFO  server.RaftServerConfigKeys (ConfUtils.java:logGet(43)) - raft.server.rpcslowness.timeout = 120s (custom)
2019-08-20 13:59:46,157 [pool-439-thread-1] INFO  server.RaftServerConfigKeys (ConfUtils.java:logGet(43)) - raft.server.rpc.timeout.min = 5s (custom)
2019-08-20 13:59:46,157 [pool-450-thread-1] INFO  server.RaftServerConfigKeys (ConfUtils.java:logGet(43)) - raft.server.sleep.deviation.threshold = 300 (default)
2019-08-20 13:59:46,157 [pool-439-thread-1] INFO  server.RaftServerConfigKeys (ConfUtils.java:logGet(43)) - raft.server.rpc.timeout.max = 5200ms (custom)
2019-08-20 13:59:46,157 [pool-450-thread-1] INFO  server.RaftServerConfigKeys (ConfUtils.java:logGet(43)) - raft.server.log.appender.install.snapshot.enabled = false (custom)
2019-08-20 13:59:46,157 [pool-439-thread-1] INFO  server.RaftServerConfigKeys (ConfUtils.java:logGet(43)) - raft.server.rpcslowness.timeout = 120s (custom)
2019-08-20 13:59:46,157 [pool-450-thread-1] INFO  impl.RaftServerImpl (ServerState.java:<init>(105)) - 029e4ca0-8cda-46b0-9d42-cc14ecee78cf:group-CF335F4F03B1 ConfigurationManager, init=-1: [864d677d-0c2a-4713-be84-66338b63a444:192.168.69.96:39258, 029e4ca0-8cda-46b0-9d42-cc14ecee78cf:192.168.69.96:45863, 895a69ca-0d52-44fe-bfc6-07a3d9e96002:192.168.69.96:41972], old=null, confs=<EMPTY_MAP>
2019-08-20 13:59:46,157 [pool-439-thread-1] INFO  server.RaftServerConfigKeys (ConfUtils.java:logGet(43)) - raft.server.sleep.deviation.threshold = 300 (default)
2019-08-20 13:59:46,158 [pool-450-thread-1] INFO  server.RaftServerConfigKeys (ConfUtils.java:logGet(43)) - raft.server.storage.dir = [/workdir/hadoop-ozone/integration-test/target/test-dir/MiniOzoneClusterImpl-d4c3f63e-79eb-48dd-b907-15aeed9be1d5/datanode-1/data/ratis] (custom)
2019-08-20 13:59:46,158 [pool-439-thread-1] INFO  server.RaftServerConfigKeys (ConfUtils.java:logGet(43)) - raft.server.log.appender.install.snapshot.enabled = false (custom)
2019-08-20 13:59:46,158 [pool-450-thread-1] INFO  storage.RaftStorageDirectory (RaftStorageDirectory.java:analyzeStorage(246)) - The storage directory /workdir/hadoop-ozone/integration-test/target/test-dir/MiniOzoneClusterImpl-d4c3f63e-79eb-48dd-b907-15aeed9be1d5/datanode-1/data/ratis/32056dbf-1fab-4dd8-b0fb-cf335f4f03b1 does not exist. Creating ...
2019-08-20 13:59:46,158 [pool-439-thread-1] INFO  impl.RaftServerImpl (ServerState.java:<init>(105)) - 895a69ca-0d52-44fe-bfc6-07a3d9e96002:group-CF335F4F03B1 ConfigurationManager, init=-1: [864d677d-0c2a-4713-be84-66338b63a444:192.168.69.96:39258, 029e4ca0-8cda-46b0-9d42-cc14ecee78cf:192.168.69.96:45863, 895a69ca-0d52-44fe-bfc6-07a3d9e96002:192.168.69.96:41972], old=null, confs=<EMPTY_MAP>
2019-08-20 13:59:46,158 [pool-439-thread-1] INFO  server.RaftServerConfigKeys (ConfUtils.java:logGet(43)) - raft.server.storage.dir = [/workdir/hadoop-ozone/integration-test/target/test-dir/MiniOzoneClusterImpl-d4c3f63e-79eb-48dd-b907-15aeed9be1d5/datanode-0/data/ratis] (custom)
2019-08-20 13:59:46,159 [pool-439-thread-1] INFO  storage.RaftStorageDirectory (RaftStorageDirectory.java:analyzeStorage(246)) - The storage directory /workdir/hadoop-ozone/integration-test/target/test-dir/MiniOzoneClusterImpl-d4c3f63e-79eb-48dd-b907-15aeed9be1d5/datanode-0/data/ratis/32056dbf-1fab-4dd8-b0fb-cf335f4f03b1 does not exist. Creating ...
2019-08-20 13:59:46,171 [pool-461-thread-1] INFO  storage.RaftStorageDirectory (RaftStorageDirectory.java:tryLock(328)) - Lock on /workdir/hadoop-ozone/integration-test/target/test-dir/MiniOzoneClusterImpl-d4c3f63e-79eb-48dd-b907-15aeed9be1d5/datanode-2/data/ratis/32056dbf-1fab-4dd8-b0fb-cf335f4f03b1/in_use.lock acquired by nodename 17341@pr-hdds-1946lgncr-3764977478
2019-08-20 13:59:46,171 [pool-439-thread-1] INFO  storage.RaftStorageDirectory (RaftStorageDirectory.java:tryLock(328)) - Lock on /workdir/hadoop-ozone/integration-test/target/test-dir/MiniOzoneClusterImpl-d4c3f63e-79eb-48dd-b907-15aeed9be1d5/datanode-0/data/ratis/32056dbf-1fab-4dd8-b0fb-cf335f4f03b1/in_use.lock acquired by nodename 17341@pr-hdds-1946lgncr-3764977478
2019-08-20 13:59:46,172 [pool-450-thread-1] INFO  storage.RaftStorageDirectory (RaftStorageDirectory.java:tryLock(328)) - Lock on /workdir/hadoop-ozone/integration-test/target/test-dir/MiniOzoneClusterImpl-d4c3f63e-79eb-48dd-b907-15aeed9be1d5/datanode-1/data/ratis/32056dbf-1fab-4dd8-b0fb-cf335f4f03b1/in_use.lock acquired by nodename 17341@pr-hdds-1946lgncr-3764977478
2019-08-20 13:59:46,186 [pool-450-thread-1] INFO  storage.RaftStorage (RaftStorage.java:format(72)) - Storage directory /workdir/hadoop-ozone/integration-test/target/test-dir/MiniOzoneClusterImpl-d4c3f63e-79eb-48dd-b907-15aeed9be1d5/datanode-1/data/ratis/32056dbf-1fab-4dd8-b0fb-cf335f4f03b1 has been successfully formatted.
2019-08-20 13:59:46,186 [pool-461-thread-1] INFO  storage.RaftStorage (RaftStorage.java:format(72)) - Storage directory /workdir/hadoop-ozone/integration-test/target/test-dir/MiniOzoneClusterImpl-d4c3f63e-79eb-48dd-b907-15aeed9be1d5/datanode-2/data/ratis/32056dbf-1fab-4dd8-b0fb-cf335f4f03b1 has been successfully formatted.
2019-08-20 13:59:46,186 [pool-439-thread-1] INFO  storage.RaftStorage (RaftStorage.java:format(72)) - Storage directory /workdir/hadoop-ozone/integration-test/target/test-dir/MiniOzoneClusterImpl-d4c3f63e-79eb-48dd-b907-15aeed9be1d5/datanode-0/data/ratis/32056dbf-1fab-4dd8-b0fb-cf335f4f03b1 has been successfully formatted.
2019-08-20 13:59:46,186 [pool-450-thread-1] INFO  ratis.ContainerStateMachine (ContainerStateMachine.java:loadSnapshot(222)) - group-CF335F4F03B1: The snapshot info is null. Setting the last applied indexto:(t:0, i:~)
2019-08-20 13:59:46,186 [pool-439-thread-1] INFO  ratis.ContainerStateMachine (ContainerStateMachine.java:loadSnapshot(222)) - group-CF335F4F03B1: The snapshot info is null. Setting the last applied indexto:(t:0, i:~)
2019-08-20 13:59:46,186 [pool-450-thread-1] INFO  server.RaftServerConfigKeys (ConfUtils.java:logGet(43)) - raft.server.leader.election.timeout = 120s (custom)
2019-08-20 13:59:46,186 [pool-461-thread-1] INFO  ratis.ContainerStateMachine (ContainerStateMachine.java:loadSnapshot(222)) - group-CF335F4F03B1: The snapshot info is null. Setting the last applied indexto:(t:0, i:~)
2019-08-20 13:59:46,187 [pool-450-thread-1] INFO  server.RaftServerConfigKeys (ConfUtils.java:logGet(43)) - raft.server.log.use.memory = false (default)
2019-08-20 13:59:46,186 [pool-439-thread-1] INFO  server.RaftServerConfigKeys (ConfUtils.java:logGet(43)) - raft.server.leader.election.timeout = 120s (custom)
2019-08-20 13:59:46,187 [pool-450-thread-1] INFO  server.RaftServerConfigKeys (ConfUtils.java:logGet(43)) - raft.server.log.purge.gap = 1000000 (custom)
2019-08-20 13:59:46,187 [pool-461-thread-1] INFO  server.RaftServerConfigKeys (ConfUtils.java:logGet(43)) - raft.server.leader.election.timeout = 120s (custom)
2019-08-20 13:59:46,187 [pool-450-thread-1] INFO  server.RaftServerConfigKeys (ConfUtils.java:logGet(43)) - raft.server.log.appender.buffer.byte-limit = 33554432 (custom)
2019-08-20 13:59:46,187 [pool-439-thread-1] INFO  server.RaftServerConfigKeys (ConfUtils.java:logGet(43)) - raft.server.log.use.memory = false (default)
2019-08-20 13:59:46,187 [pool-450-thread-1] INFO  server.RaftServerConfigKeys (ConfUtils.java:logGet(43)) - raft.server.log.segment.size.max = 1048576 (custom)
2019-08-20 13:59:46,187 [pool-461-thread-1] INFO  server.RaftServerConfigKeys (ConfUtils.java:logGet(43)) - raft.server.log.use.memory = false (default)
2019-08-20 13:59:46,187 [pool-450-thread-1] INFO  server.RaftServerConfigKeys (ConfUtils.java:logGet(43)) - raft.server.log.segment.cache.num.max = 2 (custom)
2019-08-20 13:59:46,187 [pool-439-thread-1] INFO  server.RaftServerConfigKeys (ConfUtils.java:logGet(43)) - raft.server.log.purge.gap = 1000000 (custom)
2019-08-20 13:59:46,187 [pool-450-thread-1] INFO  segmented.SegmentedRaftLogWorker (SegmentedRaftLogWorker.java:<init>(172)) - new 029e4ca0-8cda-46b0-9d42-cc14ecee78cf-SegmentedRaftLogWorker:Storage Directory /workdir/hadoop-ozone/integration-test/target/test-dir/MiniOzoneClusterImpl-d4c3f63e-79eb-48dd-b907-15aeed9be1d5/datanode-1/data/ratis/32056dbf-1fab-4dd8-b0fb-cf335f4f03b1 for RaftStorage:Storage Directory /workdir/hadoop-ozone/integration-test/target/test-dir/MiniOzoneClusterImpl-d4c3f63e-79eb-48dd-b907-15aeed9be1d5/datanode-1/data/ratis/32056dbf-1fab-4dd8-b0fb-cf335f4f03b1
2019-08-20 13:59:46,187 [pool-461-thread-1] INFO  server.RaftServerConfigKeys (ConfUtils.java:logGet(43)) - raft.server.log.purge.gap = 1000000 (custom)
2019-08-20 13:59:46,188 [pool-450-thread-1] INFO  server.RaftServerConfigKeys (ConfUtils.java:logGet(43)) - raft.server.log.queue.byte-limit = 2147483647 (custom)
2019-08-20 13:59:46,188 [pool-439-thread-1] INFO  server.RaftServerConfigKeys (ConfUtils.java:logGet(43)) - raft.server.log.appender.buffer.byte-limit = 33554432 (custom)
2019-08-20 13:59:46,188 [pool-450-thread-1] INFO  server.RaftServerConfigKeys (ConfUtils.java:logGet(43)) - raft.server.log.queue.element-limit = 1024 (custom)
2019-08-20 13:59:46,188 [pool-461-thread-1] INFO  server.RaftServerConfigKeys (ConfUtils.java:logGet(43)) - raft.server.log.appender.buffer.byte-limit = 33554432 (custom)
2019-08-20 13:59:46,188 [pool-450-thread-1] INFO  server.RaftServerConfigKeys (ConfUtils.java:logGet(43)) - raft.server.log.segment.size.max = 1048576 (custom)
2019-08-20 13:59:46,188 [pool-439-thread-1] INFO  server.RaftServerConfigKeys (ConfUtils.java:logGet(43)) - raft.server.log.segment.size.max = 1048576 (custom)
2019-08-20 13:59:46,188 [pool-450-thread-1] INFO  server.RaftServerConfigKeys (ConfUtils.java:logGet(43)) - raft.server.log.preallocated.size = 16384 (custom)
2019-08-20 13:59:46,188 [pool-461-thread-1] INFO  server.RaftServerConfigKeys (ConfUtils.java:logGet(43)) - raft.server.log.segment.size.max = 1048576 (custom)
2019-08-20 13:59:46,188 [pool-450-thread-1] INFO  server.RaftServerConfigKeys (ConfUtils.java:logGet(43)) - raft.server.log.write.buffer.size = 33554432 (custom)
2019-08-20 13:59:46,188 [pool-439-thread-1] INFO  server.RaftServerConfigKeys (ConfUtils.java:logGet(43)) - raft.server.log.segment.cache.num.max = 2 (custom)
2019-08-20 13:59:46,188 [pool-450-thread-1] INFO  server.RaftServerConfigKeys (ConfUtils.java:logGet(43)) - raft.server.log.force.sync.num = 128 (default)
2019-08-20 13:59:46,188 [pool-461-thread-1] INFO  server.RaftServerConfigKeys (ConfUtils.java:logGet(43)) - raft.server.log.segment.cache.num.max = 2 (custom)
2019-08-20 13:59:46,189 [pool-450-thread-1] INFO  server.RaftServerConfigKeys (ConfUtils.java:logGet(43)) - raft.server.log.statemachine.data.sync = true (default)
2019-08-20 13:59:46,189 [pool-439-thread-1] INFO  segmented.SegmentedRaftLogWorker (SegmentedRaftLogWorker.java:<init>(172)) - new 895a69ca-0d52-44fe-bfc6-07a3d9e96002-SegmentedRaftLogWorker:Storage Directory /workdir/hadoop-ozone/integration-test/target/test-dir/MiniOzoneClusterImpl-d4c3f63e-79eb-48dd-b907-15aeed9be1d5/datanode-0/data/ratis/32056dbf-1fab-4dd8-b0fb-cf335f4f03b1 for RaftStorage:Storage Directory /workdir/hadoop-ozone/integration-test/target/test-dir/MiniOzoneClusterImpl-d4c3f63e-79eb-48dd-b907-15aeed9be1d5/datanode-0/data/ratis/32056dbf-1fab-4dd8-b0fb-cf335f4f03b1
2019-08-20 13:59:46,189 [pool-450-thread-1] INFO  server.RaftServerConfigKeys (ConfUtils.java:logGet(43)) - raft.server.log.statemachine.data.sync.timeout = 10s (default)
2019-08-20 13:59:46,189 [pool-461-thread-1] INFO  segmented.SegmentedRaftLogWorker (SegmentedRaftLogWorker.java:<init>(172)) - new 864d677d-0c2a-4713-be84-66338b63a444-SegmentedRaftLogWorker:Storage Directory /workdir/hadoop-ozone/integration-test/target/test-dir/MiniOzoneClusterImpl-d4c3f63e-79eb-48dd-b907-15aeed9be1d5/datanode-2/data/ratis/32056dbf-1fab-4dd8-b0fb-cf335f4f03b1 for RaftStorage:Storage Directory /workdir/hadoop-ozone/integration-test/target/test-dir/MiniOzoneClusterImpl-d4c3f63e-79eb-48dd-b907-15aeed9be1d5/datanode-2/data/ratis/32056dbf-1fab-4dd8-b0fb-cf335f4f03b1
2019-08-20 13:59:46,189 [pool-450-thread-1] INFO  server.RaftServerConfigKeys (ConfUtils.java:logGet(43)) - raft.server.log.statemachine.data.sync.timeout.retry = -1 (default)
2019-08-20 13:59:46,189 [pool-439-thread-1] INFO  server.RaftServerConfigKeys (ConfUtils.java:logGet(43)) - raft.server.log.queue.byte-limit = 2147483647 (custom)
2019-08-20 13:59:46,189 [pool-461-thread-1] INFO  server.RaftServerConfigKeys (ConfUtils.java:logGet(43)) - raft.server.log.queue.byte-limit = 2147483647 (custom)
2019-08-20 13:59:46,189 [pool-450-thread-1] INFO  server.RaftServerConfigKeys (ConfUtils.java:logGet(43)) - raft.server.log.statemachine.data.caching.enabled = true (custom)
2019-08-20 13:59:46,189 [pool-439-thread-1] INFO  server.RaftServerConfigKeys (ConfUtils.java:logGet(43)) - raft.server.log.queue.element-limit = 1024 (custom)
2019-08-20 13:59:46,189 [pool-461-thread-1] INFO  server.RaftServerConfigKeys (ConfUtils.java:logGet(43)) - raft.server.log.queue.element-limit = 1024 (custom)
2019-08-20 13:59:46,190 [pool-439-thread-1] INFO  server.RaftServerConfigKeys (ConfUtils.java:logGet(43)) - raft.server.log.segment.size.max = 1048576 (custom)
2019-08-20 13:59:46,190 [pool-450-thread-1] INFO  segmented.SegmentedRaftLogWorker (SegmentedRaftLogWorker.java:lambda$new$0(132)) - 029e4ca0-8cda-46b0-9d42-cc14ecee78cf-SegmentedRaftLogWorker:Storage Directory /workdir/hadoop-ozone/integration-test/target/test-dir/MiniOzoneClusterImpl-d4c3f63e-79eb-48dd-b907-15aeed9be1d5/datanode-1/data/ratis/32056dbf-1fab-4dd8-b0fb-cf335f4f03b1: flushIndex: setUnconditionally 0 -> -1
2019-08-20 13:59:46,190 [pool-461-thread-1] INFO  server.RaftServerConfigKeys (ConfUtils.java:logGet(43)) - raft.server.log.segment.size.max = 1048576 (custom)
2019-08-20 13:59:46,190 [pool-461-thread-1] INFO  server.RaftServerConfigKeys (ConfUtils.java:logGet(43)) - raft.server.log.preallocated.size = 16384 (custom)
2019-08-20 13:59:46,190 [pool-461-thread-1] INFO  server.RaftServerConfigKeys (ConfUtils.java:logGet(43)) - raft.server.log.write.buffer.size = 33554432 (custom)
2019-08-20 13:59:46,190 [pool-439-thread-1] INFO  server.RaftServerConfigKeys (ConfUtils.java:logGet(43)) - raft.server.log.preallocated.size = 16384 (custom)
2019-08-20 13:59:46,190 [pool-461-thread-1] INFO  server.RaftServerConfigKeys (ConfUtils.java:logGet(43)) - raft.server.log.force.sync.num = 128 (default)
2019-08-20 13:59:46,190 [pool-450-thread-1] INFO  server.RaftServerConfigKeys (ConfUtils.java:logGet(43)) - raft.server.snapshot.auto.trigger.enabled = true (custom)
2019-08-20 13:59:46,190 [pool-461-thread-1] INFO  server.RaftServerConfigKeys (ConfUtils.java:logGet(43)) - raft.server.log.statemachine.data.sync = true (default)
2019-08-20 13:59:46,190 [pool-439-thread-1] INFO  server.RaftServerConfigKeys (ConfUtils.java:logGet(43)) - raft.server.log.write.buffer.size = 33554432 (custom)
2019-08-20 13:59:46,191 [pool-461-thread-1] INFO  server.RaftServerConfigKeys (ConfUtils.java:logGet(43)) - raft.server.log.statemachine.data.sync.timeout = 10s (default)
2019-08-20 13:59:46,191 [pool-450-thread-1] INFO  server.RaftServerConfigKeys (ConfUtils.java:logGet(43)) - raft.server.snapshot.auto.trigger.threshold = 10000 (custom)
2019-08-20 13:59:46,191 [pool-461-thread-1] INFO  server.RaftServerConfigKeys (ConfUtils.java:logGet(43)) - raft.server.log.statemachine.data.sync.timeout.retry = -1 (default)
2019-08-20 13:59:46,191 [pool-461-thread-1] INFO  server.RaftServerConfigKeys (ConfUtils.java:logGet(43)) - raft.server.log.statemachine.data.caching.enabled = true (custom)
2019-08-20 13:59:46,191 [pool-439-thread-1] INFO  server.RaftServerConfigKeys (ConfUtils.java:logGet(43)) - raft.server.log.force.sync.num = 128 (default)
2019-08-20 13:59:46,191 [pool-450-thread-1] INFO  server.RaftServerConfigKeys (ConfUtils.java:logGet(43)) - raft.server.retrycache.expirytime = 600000ms (custom)
2019-08-20 13:59:46,192 [pool-461-thread-1] INFO  segmented.SegmentedRaftLogWorker (SegmentedRaftLogWorker.java:lambda$new$0(132)) - 864d677d-0c2a-4713-be84-66338b63a444-SegmentedRaftLogWorker:Storage Directory /workdir/hadoop-ozone/integration-test/target/test-dir/MiniOzoneClusterImpl-d4c3f63e-79eb-48dd-b907-15aeed9be1d5/datanode-2/data/ratis/32056dbf-1fab-4dd8-b0fb-cf335f4f03b1: flushIndex: setUnconditionally 0 -> -1
2019-08-20 13:59:46,192 [pool-450-thread-1] INFO  impl.RaftServerImpl (RaftServerImpl.java:start(180)) - 029e4ca0-8cda-46b0-9d42-cc14ecee78cf: start group-CF335F4F03B1
2019-08-20 13:59:46,191 [pool-439-thread-1] INFO  server.RaftServerConfigKeys (ConfUtils.java:logGet(43)) - raft.server.log.statemachine.data.sync = true (default)
2019-08-20 13:59:46,192 [pool-461-thread-1] INFO  server.RaftServerConfigKeys (ConfUtils.java:logGet(43)) - raft.server.snapshot.auto.trigger.enabled = true (custom)
2019-08-20 13:59:46,192 [pool-450-thread-1] INFO  impl.RaftServerImpl (RaftServerImpl.java:setRole(171)) - 029e4ca0-8cda-46b0-9d42-cc14ecee78cf:group-CF335F4F03B1 changes role from null to FOLLOWER at term 0 for startAsFollower
2019-08-20 13:59:46,192 [pool-461-thread-1] INFO  server.RaftServerConfigKeys (ConfUtils.java:logGet(43)) - raft.server.snapshot.auto.trigger.threshold = 10000 (custom)
2019-08-20 13:59:46,192 [pool-439-thread-1] INFO  server.RaftServerConfigKeys (ConfUtils.java:logGet(43)) - raft.server.log.statemachine.data.sync.timeout = 10s (default)
2019-08-20 13:59:46,192 [pool-461-thread-1] INFO  server.RaftServerConfigKeys (ConfUtils.java:logGet(43)) - raft.server.retrycache.expirytime = 600000ms (custom)
2019-08-20 13:59:46,192 [pool-450-thread-1] INFO  impl.RoleInfo (RoleInfo.java:updateAndGet(143)) - 029e4ca0-8cda-46b0-9d42-cc14ecee78cf: start FollowerState
2019-08-20 13:59:46,193 [pool-461-thread-1] INFO  impl.RaftServerImpl (RaftServerImpl.java:start(180)) - 864d677d-0c2a-4713-be84-66338b63a444: start group-CF335F4F03B1
2019-08-20 13:59:46,192 [pool-439-thread-1] INFO  server.RaftServerConfigKeys (ConfUtils.java:logGet(43)) - raft.server.log.statemachine.data.sync.timeout.retry = -1 (default)
2019-08-20 13:59:46,193 [pool-461-thread-1] INFO  impl.RaftServerImpl (RaftServerImpl.java:setRole(171)) - 864d677d-0c2a-4713-be84-66338b63a444:group-CF335F4F03B1 changes role from null to FOLLOWER at term 0 for startAsFollower
2019-08-20 13:59:46,193 [pool-439-thread-1] INFO  server.RaftServerConfigKeys (ConfUtils.java:logGet(43)) - raft.server.log.statemachine.data.caching.enabled = true (custom)
2019-08-20 13:59:46,203 [pool-461-thread-1] INFO  impl.RoleInfo (RoleInfo.java:updateAndGet(143)) - 864d677d-0c2a-4713-be84-66338b63a444: start FollowerState
2019-08-20 13:59:46,203 [pool-450-thread-1] INFO  util.JmxRegister (JmxRegister.java:tryRegister(44)) - Successfully registered JMX Bean with object name Ratis:service=RaftServer,group=group-CF335F4F03B1,id=029e4ca0-8cda-46b0-9d42-cc14ecee78cf
2019-08-20 13:59:46,204 [pool-461-thread-1] INFO  util.JmxRegister (JmxRegister.java:tryRegister(44)) - Successfully registered JMX Bean with object name Ratis:service=RaftServer,group=group-CF335F4F03B1,id=864d677d-0c2a-4713-be84-66338b63a444
2019-08-20 13:59:46,210 [pool-439-thread-1] INFO  segmented.SegmentedRaftLogWorker (SegmentedRaftLogWorker.java:lambda$new$0(132)) - 895a69ca-0d52-44fe-bfc6-07a3d9e96002-SegmentedRaftLogWorker:Storage Directory /workdir/hadoop-ozone/integration-test/target/test-dir/MiniOzoneClusterImpl-d4c3f63e-79eb-48dd-b907-15aeed9be1d5/datanode-0/data/ratis/32056dbf-1fab-4dd8-b0fb-cf335f4f03b1: flushIndex: setUnconditionally 0 -> -1
2019-08-20 13:59:46,210 [pool-439-thread-1] INFO  server.RaftServerConfigKeys (ConfUtils.java:logGet(43)) - raft.server.snapshot.auto.trigger.enabled = true (custom)
2019-08-20 13:59:46,210 [pool-439-thread-1] INFO  server.RaftServerConfigKeys (ConfUtils.java:logGet(43)) - raft.server.snapshot.auto.trigger.threshold = 10000 (custom)
2019-08-20 13:59:46,210 [pool-439-thread-1] INFO  server.RaftServerConfigKeys (ConfUtils.java:logGet(43)) - raft.server.retrycache.expirytime = 600000ms (custom)
2019-08-20 13:59:46,210 [pool-439-thread-1] INFO  impl.RaftServerImpl (RaftServerImpl.java:start(180)) - 895a69ca-0d52-44fe-bfc6-07a3d9e96002: start group-CF335F4F03B1
2019-08-20 13:59:46,210 [pool-439-thread-1] INFO  impl.RaftServerImpl (RaftServerImpl.java:setRole(171)) - 895a69ca-0d52-44fe-bfc6-07a3d9e96002:group-CF335F4F03B1 changes role from null to FOLLOWER at term 0 for startAsFollower
2019-08-20 13:59:46,211 [pool-439-thread-1] INFO  impl.RoleInfo (RoleInfo.java:updateAndGet(143)) - 895a69ca-0d52-44fe-bfc6-07a3d9e96002: start FollowerState
2019-08-20 13:59:46,211 [pool-439-thread-1] INFO  util.JmxRegister (JmxRegister.java:tryRegister(44)) - Successfully registered JMX Bean with object name Ratis:service=RaftServer,group=group-CF335F4F03B1,id=895a69ca-0d52-44fe-bfc6-07a3d9e96002
2019-08-20 13:59:46,212 [RatisPipelineUtilsThread] INFO  pipeline.PipelineStateManager (PipelineStateManager.java:addPipeline(56)) - Created pipeline Pipeline[ Id: 32056dbf-1fab-4dd8-b0fb-cf335f4f03b1, Nodes: 895a69ca-0d52-44fe-bfc6-07a3d9e96002{ip: 192.168.69.96, host: pr-hdds-1946lgncr-3764977478, networkLocation: /default-rack, certSerialId: null}029e4ca0-8cda-46b0-9d42-cc14ecee78cf{ip: 192.168.69.96, host: pr-hdds-1946lgncr-3764977478, networkLocation: /default-rack, certSerialId: null}864d677d-0c2a-4713-be84-66338b63a444{ip: 192.168.69.96, host: pr-hdds-1946lgncr-3764977478, networkLocation: /default-rack, certSerialId: null}, Type:RATIS, Factor:THREE, State:OPEN]
2019-08-20 13:59:46,241 [IPC Server handler 2 on 39056] INFO  net.NetworkTopology (NetworkTopologyImpl.java:add(110)) - Added a new node: /default-rack/d0905ab9-d1e1-4c01-8e50-39a321b68c5a
2019-08-20 13:59:46,242 [IPC Server handler 2 on 39056] INFO  node.SCMNodeManager (SCMNodeManager.java:register(273)) - Registered Data node : d0905ab9-d1e1-4c01-8e50-39a321b68c5a{ip: 192.168.69.96, host: pr-hdds-1946lgncr-3764977478, networkLocation: /default-rack, certSerialId: null}
2019-08-20 13:59:46,244 | INFO  | SCMAudit | user=jenkins1000 | ip=192.168.69.96 | op=REGISTER {datanodeDetails=d0905ab9-d1e1-4c01-8e50-39a321b68c5a{ip: 192.168.69.96, host: pr-hdds-1946lgncr-3764977478, networkLocation: /default-rack, certSerialId: null}} | ret=SUCCESS |  
2019-08-20 13:59:46,249 [grpc-default-executor-6] INFO  impl.RaftServerProxy (RaftServerProxy.java:addNew(89)) - d0905ab9-d1e1-4c01-8e50-39a321b68c5a: addNew group-51A30178F2BA:[d0905ab9-d1e1-4c01-8e50-39a321b68c5a:192.168.69.96:45647] returns group-51A30178F2BA:java.util.concurrent.CompletableFuture@5cb8125e[Not completed]
2019-08-20 13:59:46,250 [pool-472-thread-1] INFO  impl.RaftServerImpl (RaftServerImpl.java:<init>(93)) - d0905ab9-d1e1-4c01-8e50-39a321b68c5a: new RaftServerImpl for group-51A30178F2BA:[d0905ab9-d1e1-4c01-8e50-39a321b68c5a:192.168.69.96:45647] with ContainerStateMachine:uninitialized
2019-08-20 13:59:46,250 [pool-472-thread-1] INFO  server.RaftServerConfigKeys (ConfUtils.java:logGet(43)) - raft.server.rpc.timeout.min = 5s (custom)
2019-08-20 13:59:46,250 [pool-472-thread-1] INFO  server.RaftServerConfigKeys (ConfUtils.java:logGet(43)) - raft.server.rpc.timeout.max = 5200ms (custom)
2019-08-20 13:59:46,250 [pool-472-thread-1] INFO  server.RaftServerConfigKeys (ConfUtils.java:logGet(43)) - raft.server.rpcslowness.timeout = 120s (custom)
2019-08-20 13:59:46,250 [pool-472-thread-1] INFO  server.RaftServerConfigKeys (ConfUtils.java:logGet(43)) - raft.server.sleep.deviation.threshold = 300 (default)
2019-08-20 13:59:46,250 [pool-472-thread-1] INFO  server.RaftServerConfigKeys (ConfUtils.java:logGet(43)) - raft.server.log.appender.install.snapshot.enabled = false (custom)
2019-08-20 13:59:46,250 [pool-472-thread-1] INFO  impl.RaftServerImpl (ServerState.java:<init>(105)) - d0905ab9-d1e1-4c01-8e50-39a321b68c5a:group-51A30178F2BA ConfigurationManager, init=-1: [d0905ab9-d1e1-4c01-8e50-39a321b68c5a:192.168.69.96:45647], old=null, confs=<EMPTY_MAP>
2019-08-20 13:59:46,250 [pool-472-thread-1] INFO  server.RaftServerConfigKeys (ConfUtils.java:logGet(43)) - raft.server.storage.dir = [/workdir/hadoop-ozone/integration-test/target/test-dir/MiniOzoneClusterImpl-d4c3f63e-79eb-48dd-b907-15aeed9be1d5/datanode-3/data/ratis] (custom)
2019-08-20 13:59:46,251 [pool-472-thread-1] INFO  storage.RaftStorageDirectory (RaftStorageDirectory.java:analyzeStorage(246)) - The storage directory /workdir/hadoop-ozone/integration-test/target/test-dir/MiniOzoneClusterImpl-d4c3f63e-79eb-48dd-b907-15aeed9be1d5/datanode-3/data/ratis/f368073d-90f2-4bc4-a8ac-51a30178f2ba does not exist. Creating ...
2019-08-20 13:59:46,264 [pool-472-thread-1] INFO  storage.RaftStorageDirectory (RaftStorageDirectory.java:tryLock(328)) - Lock on /workdir/hadoop-ozone/integration-test/target/test-dir/MiniOzoneClusterImpl-d4c3f63e-79eb-48dd-b907-15aeed9be1d5/datanode-3/data/ratis/f368073d-90f2-4bc4-a8ac-51a30178f2ba/in_use.lock acquired by nodename 17341@pr-hdds-1946lgncr-3764977478
2019-08-20 13:59:46,278 [pool-472-thread-1] INFO  storage.RaftStorage (RaftStorage.java:format(72)) - Storage directory /workdir/hadoop-ozone/integration-test/target/test-dir/MiniOzoneClusterImpl-d4c3f63e-79eb-48dd-b907-15aeed9be1d5/datanode-3/data/ratis/f368073d-90f2-4bc4-a8ac-51a30178f2ba has been successfully formatted.
2019-08-20 13:59:46,278 [pool-472-thread-1] INFO  ratis.ContainerStateMachine (ContainerStateMachine.java:loadSnapshot(222)) - group-51A30178F2BA: The snapshot info is null. Setting the last applied indexto:(t:0, i:~)
2019-08-20 13:59:46,278 [pool-472-thread-1] INFO  server.RaftServerConfigKeys (ConfUtils.java:logGet(43)) - raft.server.leader.election.timeout = 120s (custom)
2019-08-20 13:59:46,278 [pool-472-thread-1] INFO  server.RaftServerConfigKeys (ConfUtils.java:logGet(43)) - raft.server.log.use.memory = false (default)
2019-08-20 13:59:46,278 [pool-472-thread-1] INFO  server.RaftServerConfigKeys (ConfUtils.java:logGet(43)) - raft.server.log.purge.gap = 1000000 (custom)
2019-08-20 13:59:46,278 [pool-472-thread-1] INFO  server.RaftServerConfigKeys (ConfUtils.java:logGet(43)) - raft.server.log.appender.buffer.byte-limit = 33554432 (custom)
2019-08-20 13:59:46,278 [pool-472-thread-1] INFO  server.RaftServerConfigKeys (ConfUtils.java:logGet(43)) - raft.server.log.segment.size.max = 1048576 (custom)
2019-08-20 13:59:46,278 [pool-472-thread-1] INFO  server.RaftServerConfigKeys (ConfUtils.java:logGet(43)) - raft.server.log.segment.cache.num.max = 2 (custom)
2019-08-20 13:59:46,279 [pool-472-thread-1] INFO  segmented.SegmentedRaftLogWorker (SegmentedRaftLogWorker.java:<init>(172)) - new d0905ab9-d1e1-4c01-8e50-39a321b68c5a-SegmentedRaftLogWorker:Storage Directory /workdir/hadoop-ozone/integration-test/target/test-dir/MiniOzoneClusterImpl-d4c3f63e-79eb-48dd-b907-15aeed9be1d5/datanode-3/data/ratis/f368073d-90f2-4bc4-a8ac-51a30178f2ba for RaftStorage:Storage Directory /workdir/hadoop-ozone/integration-test/target/test-dir/MiniOzoneClusterImpl-d4c3f63e-79eb-48dd-b907-15aeed9be1d5/datanode-3/data/ratis/f368073d-90f2-4bc4-a8ac-51a30178f2ba
2019-08-20 13:59:46,279 [pool-472-thread-1] INFO  server.RaftServerConfigKeys (ConfUtils.java:logGet(43)) - raft.server.log.queue.byte-limit = 2147483647 (custom)
2019-08-20 13:59:46,279 [pool-472-thread-1] INFO  server.RaftServerConfigKeys (ConfUtils.java:logGet(43)) - raft.server.log.queue.element-limit = 1024 (custom)
2019-08-20 13:59:46,279 [pool-472-thread-1] INFO  server.RaftServerConfigKeys (ConfUtils.java:logGet(43)) - raft.server.log.segment.size.max = 1048576 (custom)
2019-08-20 13:59:46,279 [pool-472-thread-1] INFO  server.RaftServerConfigKeys (ConfUtils.java:logGet(43)) - raft.server.log.preallocated.size = 16384 (custom)
2019-08-20 13:59:46,279 [pool-472-thread-1] INFO  server.RaftServerConfigKeys (ConfUtils.java:logGet(43)) - raft.server.log.write.buffer.size = 33554432 (custom)
2019-08-20 13:59:46,279 [pool-472-thread-1] INFO  server.RaftServerConfigKeys (ConfUtils.java:logGet(43)) - raft.server.log.force.sync.num = 128 (default)
2019-08-20 13:59:46,279 [pool-472-thread-1] INFO  server.RaftServerConfigKeys (ConfUtils.java:logGet(43)) - raft.server.log.statemachine.data.sync = true (default)
2019-08-20 13:59:46,279 [pool-472-thread-1] INFO  server.RaftServerConfigKeys (ConfUtils.java:logGet(43)) - raft.server.log.statemachine.data.sync.timeout = 10s (default)
2019-08-20 13:59:46,280 [pool-472-thread-1] INFO  server.RaftServerConfigKeys (ConfUtils.java:logGet(43)) - raft.server.log.statemachine.data.sync.timeout.retry = -1 (default)
2019-08-20 13:59:46,280 [pool-472-thread-1] INFO  server.RaftServerConfigKeys (ConfUtils.java:logGet(43)) - raft.server.log.statemachine.data.caching.enabled = true (custom)
2019-08-20 13:59:46,280 [pool-472-thread-1] INFO  segmented.SegmentedRaftLogWorker (SegmentedRaftLogWorker.java:lambda$new$0(132)) - d0905ab9-d1e1-4c01-8e50-39a321b68c5a-SegmentedRaftLogWorker:Storage Directory /workdir/hadoop-ozone/integration-test/target/test-dir/MiniOzoneClusterImpl-d4c3f63e-79eb-48dd-b907-15aeed9be1d5/datanode-3/data/ratis/f368073d-90f2-4bc4-a8ac-51a30178f2ba: flushIndex: setUnconditionally 0 -> -1
2019-08-20 13:59:46,280 [pool-472-thread-1] INFO  server.RaftServerConfigKeys (ConfUtils.java:logGet(43)) - raft.server.snapshot.auto.trigger.enabled = true (custom)
2019-08-20 13:59:46,280 [pool-472-thread-1] INFO  server.RaftServerConfigKeys (ConfUtils.java:logGet(43)) - raft.server.snapshot.auto.trigger.threshold = 10000 (custom)
2019-08-20 13:59:46,280 [pool-472-thread-1] INFO  server.RaftServerConfigKeys (ConfUtils.java:logGet(43)) - raft.server.retrycache.expirytime = 600000ms (custom)
2019-08-20 13:59:46,281 [pool-472-thread-1] INFO  impl.RaftServerImpl (RaftServerImpl.java:start(180)) - d0905ab9-d1e1-4c01-8e50-39a321b68c5a: start group-51A30178F2BA
2019-08-20 13:59:46,281 [pool-472-thread-1] INFO  impl.RaftServerImpl (RaftServerImpl.java:setRole(171)) - d0905ab9-d1e1-4c01-8e50-39a321b68c5a:group-51A30178F2BA changes role from null to FOLLOWER at term 0 for startAsFollower
2019-08-20 13:59:46,281 [pool-472-thread-1] INFO  impl.RoleInfo (RoleInfo.java:updateAndGet(143)) - d0905ab9-d1e1-4c01-8e50-39a321b68c5a: start FollowerState
2019-08-20 13:59:46,281 [pool-472-thread-1] INFO  util.JmxRegister (JmxRegister.java:tryRegister(44)) - Successfully registered JMX Bean with object name Ratis:service=RaftServer,group=group-51A30178F2BA,id=d0905ab9-d1e1-4c01-8e50-39a321b68c5a
2019-08-20 13:59:46,283 [RatisPipelineUtilsThread] INFO  pipeline.PipelineStateManager (PipelineStateManager.java:addPipeline(56)) - Created pipeline Pipeline[ Id: f368073d-90f2-4bc4-a8ac-51a30178f2ba, Nodes: d0905ab9-d1e1-4c01-8e50-39a321b68c5a{ip: 192.168.69.96, host: pr-hdds-1946lgncr-3764977478, networkLocation: /default-rack, certSerialId: null}, Type:RATIS, Factor:ONE, State:OPEN]
2019-08-20 13:59:46,385 [IPC Server handler 3 on 39056] INFO  net.NetworkTopology (NetworkTopologyImpl.java:add(110)) - Added a new node: /default-rack/268dc375-fa5b-4fbf-aa95-3805ce267cde
2019-08-20 13:59:46,385 [IPC Server handler 3 on 39056] INFO  node.SCMNodeManager (SCMNodeManager.java:register(273)) - Registered Data node : 268dc375-fa5b-4fbf-aa95-3805ce267cde{ip: 192.168.69.96, host: pr-hdds-1946lgncr-3764977478, networkLocation: /default-rack, certSerialId: null}
2019-08-20 13:59:46,385 | INFO  | SCMAudit | user=jenkins1000 | ip=192.168.69.96 | op=REGISTER {datanodeDetails=268dc375-fa5b-4fbf-aa95-3805ce267cde{ip: 192.168.69.96, host: pr-hdds-1946lgncr-3764977478, networkLocation: /default-rack, certSerialId: null}} | ret=SUCCESS |  
2019-08-20 13:59:46,395 [grpc-default-executor-6] INFO  impl.RaftServerProxy (RaftServerProxy.java:addNew(89)) - 268dc375-fa5b-4fbf-aa95-3805ce267cde: addNew group-BD54B685B965:[268dc375-fa5b-4fbf-aa95-3805ce267cde:192.168.69.96:36401] returns group-BD54B685B965:java.util.concurrent.CompletableFuture@4701d880[Not completed]
2019-08-20 13:59:46,396 [pool-483-thread-1] INFO  impl.RaftServerImpl (RaftServerImpl.java:<init>(93)) - 268dc375-fa5b-4fbf-aa95-3805ce267cde: new RaftServerImpl for group-BD54B685B965:[268dc375-fa5b-4fbf-aa95-3805ce267cde:192.168.69.96:36401] with ContainerStateMachine:uninitialized
2019-08-20 13:59:46,397 [pool-483-thread-1] INFO  server.RaftServerConfigKeys (ConfUtils.java:logGet(43)) - raft.server.rpc.timeout.min = 5s (custom)
2019-08-20 13:59:46,397 [pool-483-thread-1] INFO  server.RaftServerConfigKeys (ConfUtils.java:logGet(43)) - raft.server.rpc.timeout.max = 5200ms (custom)
2019-08-20 13:59:46,397 [pool-483-thread-1] INFO  server.RaftServerConfigKeys (ConfUtils.java:logGet(43)) - raft.server.rpcslowness.timeout = 120s (custom)
2019-08-20 13:59:46,397 [pool-483-thread-1] INFO  server.RaftServerConfigKeys (ConfUtils.java:logGet(43)) - raft.server.sleep.deviation.threshold = 300 (default)
2019-08-20 13:59:46,397 [pool-483-thread-1] INFO  server.RaftServerConfigKeys (ConfUtils.java:logGet(43)) - raft.server.log.appender.install.snapshot.enabled = false (custom)
2019-08-20 13:59:46,397 [pool-483-thread-1] INFO  impl.RaftServerImpl (ServerState.java:<init>(105)) - 268dc375-fa5b-4fbf-aa95-3805ce267cde:group-BD54B685B965 ConfigurationManager, init=-1: [268dc375-fa5b-4fbf-aa95-3805ce267cde:192.168.69.96:36401], old=null, confs=<EMPTY_MAP>
2019-08-20 13:59:46,397 [pool-483-thread-1] INFO  server.RaftServerConfigKeys (ConfUtils.java:logGet(43)) - raft.server.storage.dir = [/workdir/hadoop-ozone/integration-test/target/test-dir/MiniOzoneClusterImpl-d4c3f63e-79eb-48dd-b907-15aeed9be1d5/datanode-4/data/ratis] (custom)
2019-08-20 13:59:46,398 [pool-483-thread-1] INFO  storage.RaftStorageDirectory (RaftStorageDirectory.java:analyzeStorage(246)) - The storage directory /workdir/hadoop-ozone/integration-test/target/test-dir/MiniOzoneClusterImpl-d4c3f63e-79eb-48dd-b907-15aeed9be1d5/datanode-4/data/ratis/bdb882ca-a1fb-42ad-b62d-bd54b685b965 does not exist. Creating ...
2019-08-20 13:59:46,405 [pool-483-thread-1] INFO  storage.RaftStorageDirectory (RaftStorageDirectory.java:tryLock(328)) - Lock on /workdir/hadoop-ozone/integration-test/target/test-dir/MiniOzoneClusterImpl-d4c3f63e-79eb-48dd-b907-15aeed9be1d5/datanode-4/data/ratis/bdb882ca-a1fb-42ad-b62d-bd54b685b965/in_use.lock acquired by nodename 17341@pr-hdds-1946lgncr-3764977478
2019-08-20 13:59:46,419 [pool-483-thread-1] INFO  storage.RaftStorage (RaftStorage.java:format(72)) - Storage directory /workdir/hadoop-ozone/integration-test/target/test-dir/MiniOzoneClusterImpl-d4c3f63e-79eb-48dd-b907-15aeed9be1d5/datanode-4/data/ratis/bdb882ca-a1fb-42ad-b62d-bd54b685b965 has been successfully formatted.
2019-08-20 13:59:46,419 [pool-483-thread-1] INFO  ratis.ContainerStateMachine (ContainerStateMachine.java:loadSnapshot(222)) - group-BD54B685B965: The snapshot info is null. Setting the last applied indexto:(t:0, i:~)
2019-08-20 13:59:46,419 [pool-483-thread-1] INFO  server.RaftServerConfigKeys (ConfUtils.java:logGet(43)) - raft.server.leader.election.timeout = 120s (custom)
2019-08-20 13:59:46,419 [pool-483-thread-1] INFO  server.RaftServerConfigKeys (ConfUtils.java:logGet(43)) - raft.server.log.use.memory = false (default)
2019-08-20 13:59:46,420 [pool-483-thread-1] INFO  server.RaftServerConfigKeys (ConfUtils.java:logGet(43)) - raft.server.log.purge.gap = 1000000 (custom)
2019-08-20 13:59:46,420 [pool-483-thread-1] INFO  server.RaftServerConfigKeys (ConfUtils.java:logGet(43)) - raft.server.log.appender.buffer.byte-limit = 33554432 (custom)
2019-08-20 13:59:46,420 [pool-483-thread-1] INFO  server.RaftServerConfigKeys (ConfUtils.java:logGet(43)) - raft.server.log.segment.size.max = 1048576 (custom)
2019-08-20 13:59:46,420 [pool-483-thread-1] INFO  server.RaftServerConfigKeys (ConfUtils.java:logGet(43)) - raft.server.log.segment.cache.num.max = 2 (custom)
2019-08-20 13:59:46,420 [pool-483-thread-1] INFO  segmented.SegmentedRaftLogWorker (SegmentedRaftLogWorker.java:<init>(172)) - new 268dc375-fa5b-4fbf-aa95-3805ce267cde-SegmentedRaftLogWorker:Storage Directory /workdir/hadoop-ozone/integration-test/target/test-dir/MiniOzoneClusterImpl-d4c3f63e-79eb-48dd-b907-15aeed9be1d5/datanode-4/data/ratis/bdb882ca-a1fb-42ad-b62d-bd54b685b965 for RaftStorage:Storage Directory /workdir/hadoop-ozone/integration-test/target/test-dir/MiniOzoneClusterImpl-d4c3f63e-79eb-48dd-b907-15aeed9be1d5/datanode-4/data/ratis/bdb882ca-a1fb-42ad-b62d-bd54b685b965
2019-08-20 13:59:46,420 [pool-483-thread-1] INFO  server.RaftServerConfigKeys (ConfUtils.java:logGet(43)) - raft.server.log.queue.byte-limit = 2147483647 (custom)
2019-08-20 13:59:46,421 [pool-483-thread-1] INFO  server.RaftServerConfigKeys (ConfUtils.java:logGet(43)) - raft.server.log.queue.element-limit = 1024 (custom)
2019-08-20 13:59:46,421 [pool-483-thread-1] INFO  server.RaftServerConfigKeys (ConfUtils.java:logGet(43)) - raft.server.log.segment.size.max = 1048576 (custom)
2019-08-20 13:59:46,421 [pool-483-thread-1] INFO  server.RaftServerConfigKeys (ConfUtils.java:logGet(43)) - raft.server.log.preallocated.size = 16384 (custom)
2019-08-20 13:59:46,421 [pool-483-thread-1] INFO  server.RaftServerConfigKeys (ConfUtils.java:logGet(43)) - raft.server.log.write.buffer.size = 33554432 (custom)
2019-08-20 13:59:46,421 [pool-483-thread-1] INFO  server.RaftServerConfigKeys (ConfUtils.java:logGet(43)) - raft.server.log.force.sync.num = 128 (default)
2019-08-20 13:59:46,422 [pool-483-thread-1] INFO  server.RaftServerConfigKeys (ConfUtils.java:logGet(43)) - raft.server.log.statemachine.data.sync = true (default)
2019-08-20 13:59:46,422 [pool-483-thread-1] INFO  server.RaftServerConfigKeys (ConfUtils.java:logGet(43)) - raft.server.log.statemachine.data.sync.timeout = 10s (default)
2019-08-20 13:59:46,422 [pool-483-thread-1] INFO  server.RaftServerConfigKeys (ConfUtils.java:logGet(43)) - raft.server.log.statemachine.data.sync.timeout.retry = -1 (default)
2019-08-20 13:59:46,422 [pool-483-thread-1] INFO  server.RaftServerConfigKeys (ConfUtils.java:logGet(43)) - raft.server.log.statemachine.data.caching.enabled = true (custom)
2019-08-20 13:59:46,423 [pool-483-thread-1] INFO  segmented.SegmentedRaftLogWorker (SegmentedRaftLogWorker.java:lambda$new$0(132)) - 268dc375-fa5b-4fbf-aa95-3805ce267cde-SegmentedRaftLogWorker:Storage Directory /workdir/hadoop-ozone/integration-test/target/test-dir/MiniOzoneClusterImpl-d4c3f63e-79eb-48dd-b907-15aeed9be1d5/datanode-4/data/ratis/bdb882ca-a1fb-42ad-b62d-bd54b685b965: flushIndex: setUnconditionally 0 -> -1
2019-08-20 13:59:46,423 [pool-483-thread-1] INFO  server.RaftServerConfigKeys (ConfUtils.java:logGet(43)) - raft.server.snapshot.auto.trigger.enabled = true (custom)
2019-08-20 13:59:46,423 [pool-483-thread-1] INFO  server.RaftServerConfigKeys (ConfUtils.java:logGet(43)) - raft.server.snapshot.auto.trigger.threshold = 10000 (custom)
2019-08-20 13:59:46,423 [pool-483-thread-1] INFO  server.RaftServerConfigKeys (ConfUtils.java:logGet(43)) - raft.server.retrycache.expirytime = 600000ms (custom)
2019-08-20 13:59:46,424 [pool-483-thread-1] INFO  impl.RaftServerImpl (RaftServerImpl.java:start(180)) - 268dc375-fa5b-4fbf-aa95-3805ce267cde: start group-BD54B685B965
2019-08-20 13:59:46,424 [pool-483-thread-1] INFO  impl.RaftServerImpl (RaftServerImpl.java:setRole(171)) - 268dc375-fa5b-4fbf-aa95-3805ce267cde:group-BD54B685B965 changes role from null to FOLLOWER at term 0 for startAsFollower
2019-08-20 13:59:46,424 [pool-483-thread-1] INFO  impl.RoleInfo (RoleInfo.java:updateAndGet(143)) - 268dc375-fa5b-4fbf-aa95-3805ce267cde: start FollowerState
2019-08-20 13:59:46,424 [pool-483-thread-1] INFO  util.JmxRegister (JmxRegister.java:tryRegister(44)) - Successfully registered JMX Bean with object name Ratis:service=RaftServer,group=group-BD54B685B965,id=268dc375-fa5b-4fbf-aa95-3805ce267cde
2019-08-20 13:59:46,426 [RatisPipelineUtilsThread] INFO  pipeline.PipelineStateManager (PipelineStateManager.java:addPipeline(56)) - Created pipeline Pipeline[ Id: bdb882ca-a1fb-42ad-b62d-bd54b685b965, Nodes: 268dc375-fa5b-4fbf-aa95-3805ce267cde{ip: 192.168.69.96, host: pr-hdds-1946lgncr-3764977478, networkLocation: /default-rack, certSerialId: null}, Type:RATIS, Factor:ONE, State:OPEN]
2019-08-20 13:59:46,536 [IPC Server handler 4 on 39056] INFO  net.NetworkTopology (NetworkTopologyImpl.java:add(110)) - Added a new node: /default-rack/ee5c976b-fc81-41d2-a9c3-a7b83a5ca1a4
2019-08-20 13:59:46,536 [IPC Server handler 4 on 39056] INFO  node.SCMNodeManager (SCMNodeManager.java:register(273)) - Registered Data node : ee5c976b-fc81-41d2-a9c3-a7b83a5ca1a4{ip: 192.168.69.96, host: pr-hdds-1946lgncr-3764977478, networkLocation: /default-rack, certSerialId: null}
2019-08-20 13:59:46,548 | INFO  | SCMAudit | user=jenkins1000 | ip=192.168.69.96 | op=REGISTER {datanodeDetails=ee5c976b-fc81-41d2-a9c3-a7b83a5ca1a4{ip: 192.168.69.96, host: pr-hdds-1946lgncr-3764977478, networkLocation: /default-rack, certSerialId: null}} | ret=SUCCESS |  
2019-08-20 13:59:46,555 [grpc-default-executor-6] INFO  impl.RaftServerProxy (RaftServerProxy.java:addNew(89)) - ee5c976b-fc81-41d2-a9c3-a7b83a5ca1a4: addNew group-D1F0CF6B313F:[ee5c976b-fc81-41d2-a9c3-a7b83a5ca1a4:192.168.69.96:38471] returns group-D1F0CF6B313F:java.util.concurrent.CompletableFuture@496bc757[Not completed]
2019-08-20 13:59:46,556 [pool-494-thread-1] INFO  impl.RaftServerImpl (RaftServerImpl.java:<init>(93)) - ee5c976b-fc81-41d2-a9c3-a7b83a5ca1a4: new RaftServerImpl for group-D1F0CF6B313F:[ee5c976b-fc81-41d2-a9c3-a7b83a5ca1a4:192.168.69.96:38471] with ContainerStateMachine:uninitialized
2019-08-20 13:59:46,556 [pool-494-thread-1] INFO  server.RaftServerConfigKeys (ConfUtils.java:logGet(43)) - raft.server.rpc.timeout.min = 5s (custom)
2019-08-20 13:59:46,556 [pool-494-thread-1] INFO  server.RaftServerConfigKeys (ConfUtils.java:logGet(43)) - raft.server.rpc.timeout.max = 5200ms (custom)
2019-08-20 13:59:46,556 [pool-494-thread-1] INFO  server.RaftServerConfigKeys (ConfUtils.java:logGet(43)) - raft.server.rpcslowness.timeout = 120s (custom)
2019-08-20 13:59:46,556 [pool-494-thread-1] INFO  server.RaftServerConfigKeys (ConfUtils.java:logGet(43)) - raft.server.sleep.deviation.threshold = 300 (default)
2019-08-20 13:59:46,556 [pool-494-thread-1] INFO  server.RaftServerConfigKeys (ConfUtils.java:logGet(43)) - raft.server.log.appender.install.snapshot.enabled = false (custom)
2019-08-20 13:59:46,557 [pool-494-thread-1] INFO  impl.RaftServerImpl (ServerState.java:<init>(105)) - ee5c976b-fc81-41d2-a9c3-a7b83a5ca1a4:group-D1F0CF6B313F ConfigurationManager, init=-1: [ee5c976b-fc81-41d2-a9c3-a7b83a5ca1a4:192.168.69.96:38471], old=null, confs=<EMPTY_MAP>
2019-08-20 13:59:46,557 [pool-494-thread-1] INFO  server.RaftServerConfigKeys (ConfUtils.java:logGet(43)) - raft.server.storage.dir = [/workdir/hadoop-ozone/integration-test/target/test-dir/MiniOzoneClusterImpl-d4c3f63e-79eb-48dd-b907-15aeed9be1d5/datanode-5/data/ratis] (custom)
2019-08-20 13:59:46,557 [pool-494-thread-1] INFO  storage.RaftStorageDirectory (RaftStorageDirectory.java:analyzeStorage(246)) - The storage directory /workdir/hadoop-ozone/integration-test/target/test-dir/MiniOzoneClusterImpl-d4c3f63e-79eb-48dd-b907-15aeed9be1d5/datanode-5/data/ratis/313c7473-1e20-499b-87cd-d1f0cf6b313f does not exist. Creating ...
2019-08-20 13:59:46,570 [pool-494-thread-1] INFO  storage.RaftStorageDirectory (RaftStorageDirectory.java:tryLock(328)) - Lock on /workdir/hadoop-ozone/integration-test/target/test-dir/MiniOzoneClusterImpl-d4c3f63e-79eb-48dd-b907-15aeed9be1d5/datanode-5/data/ratis/313c7473-1e20-499b-87cd-d1f0cf6b313f/in_use.lock acquired by nodename 17341@pr-hdds-1946lgncr-3764977478
2019-08-20 13:59:46,573 [pool-494-thread-1] INFO  storage.RaftStorage (RaftStorage.java:format(72)) - Storage directory /workdir/hadoop-ozone/integration-test/target/test-dir/MiniOzoneClusterImpl-d4c3f63e-79eb-48dd-b907-15aeed9be1d5/datanode-5/data/ratis/313c7473-1e20-499b-87cd-d1f0cf6b313f has been successfully formatted.
2019-08-20 13:59:46,573 [pool-494-thread-1] INFO  ratis.ContainerStateMachine (ContainerStateMachine.java:loadSnapshot(222)) - group-D1F0CF6B313F: The snapshot info is null. Setting the last applied indexto:(t:0, i:~)
2019-08-20 13:59:46,573 [pool-494-thread-1] INFO  server.RaftServerConfigKeys (ConfUtils.java:logGet(43)) - raft.server.leader.election.timeout = 120s (custom)
2019-08-20 13:59:46,573 [pool-494-thread-1] INFO  server.RaftServerConfigKeys (ConfUtils.java:logGet(43)) - raft.server.log.use.memory = false (default)
2019-08-20 13:59:46,574 [pool-494-thread-1] INFO  server.RaftServerConfigKeys (ConfUtils.java:logGet(43)) - raft.server.log.purge.gap = 1000000 (custom)
2019-08-20 13:59:46,574 [pool-494-thread-1] INFO  server.RaftServerConfigKeys (ConfUtils.java:logGet(43)) - raft.server.log.appender.buffer.byte-limit = 33554432 (custom)
2019-08-20 13:59:46,574 [pool-494-thread-1] INFO  server.RaftServerConfigKeys (ConfUtils.java:logGet(43)) - raft.server.log.segment.size.max = 1048576 (custom)
2019-08-20 13:59:46,574 [pool-494-thread-1] INFO  server.RaftServerConfigKeys (ConfUtils.java:logGet(43)) - raft.server.log.segment.cache.num.max = 2 (custom)
2019-08-20 13:59:46,574 [pool-494-thread-1] INFO  segmented.SegmentedRaftLogWorker (SegmentedRaftLogWorker.java:<init>(172)) - new ee5c976b-fc81-41d2-a9c3-a7b83a5ca1a4-SegmentedRaftLogWorker:Storage Directory /workdir/hadoop-ozone/integration-test/target/test-dir/MiniOzoneClusterImpl-d4c3f63e-79eb-48dd-b907-15aeed9be1d5/datanode-5/data/ratis/313c7473-1e20-499b-87cd-d1f0cf6b313f for RaftStorage:Storage Directory /workdir/hadoop-ozone/integration-test/target/test-dir/MiniOzoneClusterImpl-d4c3f63e-79eb-48dd-b907-15aeed9be1d5/datanode-5/data/ratis/313c7473-1e20-499b-87cd-d1f0cf6b313f
2019-08-20 13:59:46,574 [pool-494-thread-1] INFO  server.RaftServerConfigKeys (ConfUtils.java:logGet(43)) - raft.server.log.queue.byte-limit = 2147483647 (custom)
2019-08-20 13:59:46,575 [pool-494-thread-1] INFO  server.RaftServerConfigKeys (ConfUtils.java:logGet(43)) - raft.server.log.queue.element-limit = 1024 (custom)
2019-08-20 13:59:46,575 [pool-494-thread-1] INFO  server.RaftServerConfigKeys (ConfUtils.java:logGet(43)) - raft.server.log.segment.size.max = 1048576 (custom)
2019-08-20 13:59:46,575 [pool-494-thread-1] INFO  server.RaftServerConfigKeys (ConfUtils.java:logGet(43)) - raft.server.log.preallocated.size = 16384 (custom)
2019-08-20 13:59:46,575 [pool-494-thread-1] INFO  server.RaftServerConfigKeys (ConfUtils.java:logGet(43)) - raft.server.log.write.buffer.size = 33554432 (custom)
2019-08-20 13:59:46,575 [pool-494-thread-1] INFO  server.RaftServerConfigKeys (ConfUtils.java:logGet(43)) - raft.server.log.force.sync.num = 128 (default)
2019-08-20 13:59:46,575 [pool-494-thread-1] INFO  server.RaftServerConfigKeys (ConfUtils.java:logGet(43)) - raft.server.log.statemachine.data.sync = true (default)
2019-08-20 13:59:46,576 [pool-494-thread-1] INFO  server.RaftServerConfigKeys (ConfUtils.java:logGet(43)) - raft.server.log.statemachine.data.sync.timeout = 10s (default)
2019-08-20 13:59:46,576 [pool-494-thread-1] INFO  server.RaftServerConfigKeys (ConfUtils.java:logGet(43)) - raft.server.log.statemachine.data.sync.timeout.retry = -1 (default)
2019-08-20 13:59:46,576 [pool-494-thread-1] INFO  server.RaftServerConfigKeys (ConfUtils.java:logGet(43)) - raft.server.log.statemachine.data.caching.enabled = true (custom)
2019-08-20 13:59:46,576 [pool-494-thread-1] INFO  segmented.SegmentedRaftLogWorker (SegmentedRaftLogWorker.java:lambda$new$0(132)) - ee5c976b-fc81-41d2-a9c3-a7b83a5ca1a4-SegmentedRaftLogWorker:Storage Directory /workdir/hadoop-ozone/integration-test/target/test-dir/MiniOzoneClusterImpl-d4c3f63e-79eb-48dd-b907-15aeed9be1d5/datanode-5/data/ratis/313c7473-1e20-499b-87cd-d1f0cf6b313f: flushIndex: setUnconditionally 0 -> -1
2019-08-20 13:59:46,577 [pool-494-thread-1] INFO  server.RaftServerConfigKeys (ConfUtils.java:logGet(43)) - raft.server.snapshot.auto.trigger.enabled = true (custom)
2019-08-20 13:59:46,577 [pool-494-thread-1] INFO  server.RaftServerConfigKeys (ConfUtils.java:logGet(43)) - raft.server.snapshot.auto.trigger.threshold = 10000 (custom)
2019-08-20 13:59:46,577 [pool-494-thread-1] INFO  server.RaftServerConfigKeys (ConfUtils.java:logGet(43)) - raft.server.retrycache.expirytime = 600000ms (custom)
2019-08-20 13:59:46,577 [pool-494-thread-1] INFO  impl.RaftServerImpl (RaftServerImpl.java:start(180)) - ee5c976b-fc81-41d2-a9c3-a7b83a5ca1a4: start group-D1F0CF6B313F
2019-08-20 13:59:46,577 [pool-494-thread-1] INFO  impl.RaftServerImpl (RaftServerImpl.java:setRole(171)) - ee5c976b-fc81-41d2-a9c3-a7b83a5ca1a4:group-D1F0CF6B313F changes role from null to FOLLOWER at term 0 for startAsFollower
2019-08-20 13:59:46,577 [pool-494-thread-1] INFO  impl.RoleInfo (RoleInfo.java:updateAndGet(143)) - ee5c976b-fc81-41d2-a9c3-a7b83a5ca1a4: start FollowerState
2019-08-20 13:59:46,578 [pool-494-thread-1] INFO  util.JmxRegister (JmxRegister.java:tryRegister(44)) - Successfully registered JMX Bean with object name Ratis:service=RaftServer,group=group-D1F0CF6B313F,id=ee5c976b-fc81-41d2-a9c3-a7b83a5ca1a4
2019-08-20 13:59:46,580 [RatisPipelineUtilsThread] INFO  pipeline.PipelineStateManager (PipelineStateManager.java:addPipeline(56)) - Created pipeline Pipeline[ Id: 313c7473-1e20-499b-87cd-d1f0cf6b313f, Nodes: ee5c976b-fc81-41d2-a9c3-a7b83a5ca1a4{ip: 192.168.69.96, host: pr-hdds-1946lgncr-3764977478, networkLocation: /default-rack, certSerialId: null}, Type:RATIS, Factor:ONE, State:OPEN]
2019-08-20 13:59:46,595 [grpc-default-executor-6] INFO  impl.RaftServerProxy (RaftServerProxy.java:addNew(89)) - ee5c976b-fc81-41d2-a9c3-a7b83a5ca1a4: addNew group-19B1C4C6B25A:[ee5c976b-fc81-41d2-a9c3-a7b83a5ca1a4:192.168.69.96:38471, 268dc375-fa5b-4fbf-aa95-3805ce267cde:192.168.69.96:36401, d0905ab9-d1e1-4c01-8e50-39a321b68c5a:192.168.69.96:45647] returns group-19B1C4C6B25A:java.util.concurrent.CompletableFuture@63f55a1a[Not completed]
2019-08-20 13:59:46,595 [grpc-default-executor-12] INFO  impl.RaftServerProxy (RaftServerProxy.java:addNew(89)) - 268dc375-fa5b-4fbf-aa95-3805ce267cde: addNew group-19B1C4C6B25A:[ee5c976b-fc81-41d2-a9c3-a7b83a5ca1a4:192.168.69.96:38471, 268dc375-fa5b-4fbf-aa95-3805ce267cde:192.168.69.96:36401, d0905ab9-d1e1-4c01-8e50-39a321b68c5a:192.168.69.96:45647] returns group-19B1C4C6B25A:java.util.concurrent.CompletableFuture@27872825[Not completed]
2019-08-20 13:59:46,595 [grpc-default-executor-7] INFO  impl.RaftServerProxy (RaftServerProxy.java:addNew(89)) - d0905ab9-d1e1-4c01-8e50-39a321b68c5a: addNew group-19B1C4C6B25A:[ee5c976b-fc81-41d2-a9c3-a7b83a5ca1a4:192.168.69.96:38471, 268dc375-fa5b-4fbf-aa95-3805ce267cde:192.168.69.96:36401, d0905ab9-d1e1-4c01-8e50-39a321b68c5a:192.168.69.96:45647] returns group-19B1C4C6B25A:java.util.concurrent.CompletableFuture@746c61b7[Not completed]
2019-08-20 13:59:46,596 [pool-494-thread-1] INFO  impl.RaftServerImpl (RaftServerImpl.java:<init>(93)) - ee5c976b-fc81-41d2-a9c3-a7b83a5ca1a4: new RaftServerImpl for group-19B1C4C6B25A:[ee5c976b-fc81-41d2-a9c3-a7b83a5ca1a4:192.168.69.96:38471, 268dc375-fa5b-4fbf-aa95-3805ce267cde:192.168.69.96:36401, d0905ab9-d1e1-4c01-8e50-39a321b68c5a:192.168.69.96:45647] with ContainerStateMachine:uninitialized
2019-08-20 13:59:46,596 [pool-494-thread-1] INFO  server.RaftServerConfigKeys (ConfUtils.java:logGet(43)) - raft.server.rpc.timeout.min = 5s (custom)
2019-08-20 13:59:46,596 [pool-494-thread-1] INFO  server.RaftServerConfigKeys (ConfUtils.java:logGet(43)) - raft.server.rpc.timeout.max = 5200ms (custom)
2019-08-20 13:59:46,596 [pool-483-thread-1] INFO  impl.RaftServerImpl (RaftServerImpl.java:<init>(93)) - 268dc375-fa5b-4fbf-aa95-3805ce267cde: new RaftServerImpl for group-19B1C4C6B25A:[ee5c976b-fc81-41d2-a9c3-a7b83a5ca1a4:192.168.69.96:38471, 268dc375-fa5b-4fbf-aa95-3805ce267cde:192.168.69.96:36401, d0905ab9-d1e1-4c01-8e50-39a321b68c5a:192.168.69.96:45647] with ContainerStateMachine:uninitialized
2019-08-20 13:59:46,596 [pool-494-thread-1] INFO  server.RaftServerConfigKeys (ConfUtils.java:logGet(43)) - raft.server.rpcslowness.timeout = 120s (custom)
2019-08-20 13:59:46,597 [pool-483-thread-1] INFO  server.RaftServerConfigKeys (ConfUtils.java:logGet(43)) - raft.server.rpc.timeout.min = 5s (custom)
2019-08-20 13:59:46,597 [pool-472-thread-1] INFO  impl.RaftServerImpl (RaftServerImpl.java:<init>(93)) - d0905ab9-d1e1-4c01-8e50-39a321b68c5a: new RaftServerImpl for group-19B1C4C6B25A:[ee5c976b-fc81-41d2-a9c3-a7b83a5ca1a4:192.168.69.96:38471, 268dc375-fa5b-4fbf-aa95-3805ce267cde:192.168.69.96:36401, d0905ab9-d1e1-4c01-8e50-39a321b68c5a:192.168.69.96:45647] with ContainerStateMachine:uninitialized
2019-08-20 13:59:46,597 [pool-494-thread-1] INFO  server.RaftServerConfigKeys (ConfUtils.java:logGet(43)) - raft.server.sleep.deviation.threshold = 300 (default)
2019-08-20 13:59:46,597 [pool-472-thread-1] INFO  server.RaftServerConfigKeys (ConfUtils.java:logGet(43)) - raft.server.rpc.timeout.min = 5s (custom)
2019-08-20 13:59:46,597 [pool-472-thread-1] INFO  server.RaftServerConfigKeys (ConfUtils.java:logGet(43)) - raft.server.rpc.timeout.max = 5200ms (custom)
2019-08-20 13:59:46,597 [pool-483-thread-1] INFO  server.RaftServerConfigKeys (ConfUtils.java:logGet(43)) - raft.server.rpc.timeout.max = 5200ms (custom)
2019-08-20 13:59:46,597 [pool-472-thread-1] INFO  server.RaftServerConfigKeys (ConfUtils.java:logGet(43)) - raft.server.rpcslowness.timeout = 120s (custom)
2019-08-20 13:59:46,597 [pool-472-thread-1] INFO  server.RaftServerConfigKeys (ConfUtils.java:logGet(43)) - raft.server.sleep.deviation.threshold = 300 (default)
2019-08-20 13:59:46,597 [pool-494-thread-1] INFO  server.RaftServerConfigKeys (ConfUtils.java:logGet(43)) - raft.server.log.appender.install.snapshot.enabled = false (custom)
2019-08-20 13:59:46,597 [pool-472-thread-1] INFO  server.RaftServerConfigKeys (ConfUtils.java:logGet(43)) - raft.server.log.appender.install.snapshot.enabled = false (custom)
2019-08-20 13:59:46,597 [pool-483-thread-1] INFO  server.RaftServerConfigKeys (ConfUtils.java:logGet(43)) - raft.server.rpcslowness.timeout = 120s (custom)
2019-08-20 13:59:46,598 [pool-472-thread-1] INFO  impl.RaftServerImpl (ServerState.java:<init>(105)) - d0905ab9-d1e1-4c01-8e50-39a321b68c5a:group-19B1C4C6B25A ConfigurationManager, init=-1: [ee5c976b-fc81-41d2-a9c3-a7b83a5ca1a4:192.168.69.96:38471, 268dc375-fa5b-4fbf-aa95-3805ce267cde:192.168.69.96:36401, d0905ab9-d1e1-4c01-8e50-39a321b68c5a:192.168.69.96:45647], old=null, confs=<EMPTY_MAP>
2019-08-20 13:59:46,598 [pool-494-thread-1] INFO  impl.RaftServerImpl (ServerState.java:<init>(105)) - ee5c976b-fc81-41d2-a9c3-a7b83a5ca1a4:group-19B1C4C6B25A ConfigurationManager, init=-1: [ee5c976b-fc81-41d2-a9c3-a7b83a5ca1a4:192.168.69.96:38471, 268dc375-fa5b-4fbf-aa95-3805ce267cde:192.168.69.96:36401, d0905ab9-d1e1-4c01-8e50-39a321b68c5a:192.168.69.96:45647], old=null, confs=<EMPTY_MAP>
2019-08-20 13:59:46,598 [pool-472-thread-1] INFO  server.RaftServerConfigKeys (ConfUtils.java:logGet(43)) - raft.server.storage.dir = [/workdir/hadoop-ozone/integration-test/target/test-dir/MiniOzoneClusterImpl-d4c3f63e-79eb-48dd-b907-15aeed9be1d5/datanode-3/data/ratis] (custom)
2019-08-20 13:59:46,598 [pool-483-thread-1] INFO  server.RaftServerConfigKeys (ConfUtils.java:logGet(43)) - raft.server.sleep.deviation.threshold = 300 (default)
2019-08-20 13:59:46,598 [pool-494-thread-1] INFO  server.RaftServerConfigKeys (ConfUtils.java:logGet(43)) - raft.server.storage.dir = [/workdir/hadoop-ozone/integration-test/target/test-dir/MiniOzoneClusterImpl-d4c3f63e-79eb-48dd-b907-15aeed9be1d5/datanode-5/data/ratis] (custom)
2019-08-20 13:59:46,598 [pool-483-thread-1] INFO  server.RaftServerConfigKeys (ConfUtils.java:logGet(43)) - raft.server.log.appender.install.snapshot.enabled = false (custom)
2019-08-20 13:59:46,598 [pool-472-thread-1] INFO  storage.RaftStorageDirectory (RaftStorageDirectory.java:analyzeStorage(246)) - The storage directory /workdir/hadoop-ozone/integration-test/target/test-dir/MiniOzoneClusterImpl-d4c3f63e-79eb-48dd-b907-15aeed9be1d5/datanode-3/data/ratis/bd0ac4fe-37ba-4f4e-b746-19b1c4c6b25a does not exist. Creating ...
2019-08-20 13:59:46,599 [pool-494-thread-1] INFO  storage.RaftStorageDirectory (RaftStorageDirectory.java:analyzeStorage(246)) - The storage directory /workdir/hadoop-ozone/integration-test/target/test-dir/MiniOzoneClusterImpl-d4c3f63e-79eb-48dd-b907-15aeed9be1d5/datanode-5/data/ratis/bd0ac4fe-37ba-4f4e-b746-19b1c4c6b25a does not exist. Creating ...
2019-08-20 13:59:46,599 [pool-483-thread-1] INFO  impl.RaftServerImpl (ServerState.java:<init>(105)) - 268dc375-fa5b-4fbf-aa95-3805ce267cde:group-19B1C4C6B25A ConfigurationManager, init=-1: [ee5c976b-fc81-41d2-a9c3-a7b83a5ca1a4:192.168.69.96:38471, 268dc375-fa5b-4fbf-aa95-3805ce267cde:192.168.69.96:36401, d0905ab9-d1e1-4c01-8e50-39a321b68c5a:192.168.69.96:45647], old=null, confs=<EMPTY_MAP>
2019-08-20 13:59:46,599 [pool-483-thread-1] INFO  server.RaftServerConfigKeys (ConfUtils.java:logGet(43)) - raft.server.storage.dir = [/workdir/hadoop-ozone/integration-test/target/test-dir/MiniOzoneClusterImpl-d4c3f63e-79eb-48dd-b907-15aeed9be1d5/datanode-4/data/ratis] (custom)
2019-08-20 13:59:46,599 [pool-483-thread-1] INFO  storage.RaftStorageDirectory (RaftStorageDirectory.java:analyzeStorage(246)) - The storage directory /workdir/hadoop-ozone/integration-test/target/test-dir/MiniOzoneClusterImpl-d4c3f63e-79eb-48dd-b907-15aeed9be1d5/datanode-4/data/ratis/bd0ac4fe-37ba-4f4e-b746-19b1c4c6b25a does not exist. Creating ...
2019-08-20 13:59:46,613 [pool-472-thread-1] INFO  storage.RaftStorageDirectory (RaftStorageDirectory.java:tryLock(328)) - Lock on /workdir/hadoop-ozone/integration-test/target/test-dir/MiniOzoneClusterImpl-d4c3f63e-79eb-48dd-b907-15aeed9be1d5/datanode-3/data/ratis/bd0ac4fe-37ba-4f4e-b746-19b1c4c6b25a/in_use.lock acquired by nodename 17341@pr-hdds-1946lgncr-3764977478
2019-08-20 13:59:46,613 [pool-494-thread-1] INFO  storage.RaftStorageDirectory (RaftStorageDirectory.java:tryLock(328)) - Lock on /workdir/hadoop-ozone/integration-test/target/test-dir/MiniOzoneClusterImpl-d4c3f63e-79eb-48dd-b907-15aeed9be1d5/datanode-5/data/ratis/bd0ac4fe-37ba-4f4e-b746-19b1c4c6b25a/in_use.lock acquired by nodename 17341@pr-hdds-1946lgncr-3764977478
2019-08-20 13:59:46,613 [pool-483-thread-1] INFO  storage.RaftStorageDirectory (RaftStorageDirectory.java:tryLock(328)) - Lock on /workdir/hadoop-ozone/integration-test/target/test-dir/MiniOzoneClusterImpl-d4c3f63e-79eb-48dd-b907-15aeed9be1d5/datanode-4/data/ratis/bd0ac4fe-37ba-4f4e-b746-19b1c4c6b25a/in_use.lock acquired by nodename 17341@pr-hdds-1946lgncr-3764977478
2019-08-20 13:59:46,617 [pool-472-thread-1] INFO  storage.RaftStorage (RaftStorage.java:format(72)) - Storage directory /workdir/hadoop-ozone/integration-test/target/test-dir/MiniOzoneClusterImpl-d4c3f63e-79eb-48dd-b907-15aeed9be1d5/datanode-3/data/ratis/bd0ac4fe-37ba-4f4e-b746-19b1c4c6b25a has been successfully formatted.
2019-08-20 13:59:46,617 [pool-494-thread-1] INFO  storage.RaftStorage (RaftStorage.java:format(72)) - Storage directory /workdir/hadoop-ozone/integration-test/target/test-dir/MiniOzoneClusterImpl-d4c3f63e-79eb-48dd-b907-15aeed9be1d5/datanode-5/data/ratis/bd0ac4fe-37ba-4f4e-b746-19b1c4c6b25a has been successfully formatted.
2019-08-20 13:59:46,617 [pool-472-thread-1] INFO  ratis.ContainerStateMachine (ContainerStateMachine.java:loadSnapshot(222)) - group-19B1C4C6B25A: The snapshot info is null. Setting the last applied indexto:(t:0, i:~)
2019-08-20 13:59:46,617 [pool-494-thread-1] INFO  ratis.ContainerStateMachine (ContainerStateMachine.java:loadSnapshot(222)) - group-19B1C4C6B25A: The snapshot info is null. Setting the last applied indexto:(t:0, i:~)
2019-08-20 13:59:46,617 [pool-472-thread-1] INFO  server.RaftServerConfigKeys (ConfUtils.java:logGet(43)) - raft.server.leader.election.timeout = 120s (custom)
2019-08-20 13:59:46,617 [pool-494-thread-1] INFO  server.RaftServerConfigKeys (ConfUtils.java:logGet(43)) - raft.server.leader.election.timeout = 120s (custom)
2019-08-20 13:59:46,617 [pool-472-thread-1] INFO  server.RaftServerConfigKeys (ConfUtils.java:logGet(43)) - raft.server.log.use.memory = false (default)
2019-08-20 13:59:46,617 [pool-494-thread-1] INFO  server.RaftServerConfigKeys (ConfUtils.java:logGet(43)) - raft.server.log.use.memory = false (default)
2019-08-20 13:59:46,618 [pool-472-thread-1] INFO  server.RaftServerConfigKeys (ConfUtils.java:logGet(43)) - raft.server.log.purge.gap = 1000000 (custom)
2019-08-20 13:59:46,618 [pool-494-thread-1] INFO  server.RaftServerConfigKeys (ConfUtils.java:logGet(43)) - raft.server.log.purge.gap = 1000000 (custom)
2019-08-20 13:59:46,618 [pool-472-thread-1] INFO  server.RaftServerConfigKeys (ConfUtils.java:logGet(43)) - raft.server.log.appender.buffer.byte-limit = 33554432 (custom)
2019-08-20 13:59:46,618 [pool-494-thread-1] INFO  server.RaftServerConfigKeys (ConfUtils.java:logGet(43)) - raft.server.log.appender.buffer.byte-limit = 33554432 (custom)
2019-08-20 13:59:46,618 [pool-472-thread-1] INFO  server.RaftServerConfigKeys (ConfUtils.java:logGet(43)) - raft.server.log.segment.size.max = 1048576 (custom)
2019-08-20 13:59:46,618 [pool-494-thread-1] INFO  server.RaftServerConfigKeys (ConfUtils.java:logGet(43)) - raft.server.log.segment.size.max = 1048576 (custom)
2019-08-20 13:59:46,618 [pool-472-thread-1] INFO  server.RaftServerConfigKeys (ConfUtils.java:logGet(43)) - raft.server.log.segment.cache.num.max = 2 (custom)
2019-08-20 13:59:46,619 [pool-494-thread-1] INFO  server.RaftServerConfigKeys (ConfUtils.java:logGet(43)) - raft.server.log.segment.cache.num.max = 2 (custom)
2019-08-20 13:59:46,619 [pool-472-thread-1] INFO  segmented.SegmentedRaftLogWorker (SegmentedRaftLogWorker.java:<init>(172)) - new d0905ab9-d1e1-4c01-8e50-39a321b68c5a-SegmentedRaftLogWorker:Storage Directory /workdir/hadoop-ozone/integration-test/target/test-dir/MiniOzoneClusterImpl-d4c3f63e-79eb-48dd-b907-15aeed9be1d5/datanode-3/data/ratis/bd0ac4fe-37ba-4f4e-b746-19b1c4c6b25a for RaftStorage:Storage Directory /workdir/hadoop-ozone/integration-test/target/test-dir/MiniOzoneClusterImpl-d4c3f63e-79eb-48dd-b907-15aeed9be1d5/datanode-3/data/ratis/bd0ac4fe-37ba-4f4e-b746-19b1c4c6b25a
2019-08-20 13:59:46,619 [pool-494-thread-1] INFO  segmented.SegmentedRaftLogWorker (SegmentedRaftLogWorker.java:<init>(172)) - new ee5c976b-fc81-41d2-a9c3-a7b83a5ca1a4-SegmentedRaftLogWorker:Storage Directory /workdir/hadoop-ozone/integration-test/target/test-dir/MiniOzoneClusterImpl-d4c3f63e-79eb-48dd-b907-15aeed9be1d5/datanode-5/data/ratis/bd0ac4fe-37ba-4f4e-b746-19b1c4c6b25a for RaftStorage:Storage Directory /workdir/hadoop-ozone/integration-test/target/test-dir/MiniOzoneClusterImpl-d4c3f63e-79eb-48dd-b907-15aeed9be1d5/datanode-5/data/ratis/bd0ac4fe-37ba-4f4e-b746-19b1c4c6b25a
2019-08-20 13:59:46,619 [pool-472-thread-1] INFO  server.RaftServerConfigKeys (ConfUtils.java:logGet(43)) - raft.server.log.queue.byte-limit = 2147483647 (custom)
2019-08-20 13:59:46,619 [pool-494-thread-1] INFO  server.RaftServerConfigKeys (ConfUtils.java:logGet(43)) - raft.server.log.queue.byte-limit = 2147483647 (custom)
2019-08-20 13:59:46,619 [pool-472-thread-1] INFO  server.RaftServerConfigKeys (ConfUtils.java:logGet(43)) - raft.server.log.queue.element-limit = 1024 (custom)
2019-08-20 13:59:46,619 [pool-494-thread-1] INFO  server.RaftServerConfigKeys (ConfUtils.java:logGet(43)) - raft.server.log.queue.element-limit = 1024 (custom)
2019-08-20 13:59:46,619 [pool-472-thread-1] INFO  server.RaftServerConfigKeys (ConfUtils.java:logGet(43)) - raft.server.log.segment.size.max = 1048576 (custom)
2019-08-20 13:59:46,620 [pool-494-thread-1] INFO  server.RaftServerConfigKeys (ConfUtils.java:logGet(43)) - raft.server.log.segment.size.max = 1048576 (custom)
2019-08-20 13:59:46,620 [pool-472-thread-1] INFO  server.RaftServerConfigKeys (ConfUtils.java:logGet(43)) - raft.server.log.preallocated.size = 16384 (custom)
2019-08-20 13:59:46,620 [pool-494-thread-1] INFO  server.RaftServerConfigKeys (ConfUtils.java:logGet(43)) - raft.server.log.preallocated.size = 16384 (custom)
2019-08-20 13:59:46,620 [pool-472-thread-1] INFO  server.RaftServerConfigKeys (ConfUtils.java:logGet(43)) - raft.server.log.write.buffer.size = 33554432 (custom)
2019-08-20 13:59:46,620 [pool-494-thread-1] INFO  server.RaftServerConfigKeys (ConfUtils.java:logGet(43)) - raft.server.log.write.buffer.size = 33554432 (custom)
2019-08-20 13:59:46,620 [pool-472-thread-1] INFO  server.RaftServerConfigKeys (ConfUtils.java:logGet(43)) - raft.server.log.force.sync.num = 128 (default)
2019-08-20 13:59:46,620 [pool-494-thread-1] INFO  server.RaftServerConfigKeys (ConfUtils.java:logGet(43)) - raft.server.log.force.sync.num = 128 (default)
2019-08-20 13:59:46,620 [pool-472-thread-1] INFO  server.RaftServerConfigKeys (ConfUtils.java:logGet(43)) - raft.server.log.statemachine.data.sync = true (default)
2019-08-20 13:59:46,621 [pool-494-thread-1] INFO  server.RaftServerConfigKeys (ConfUtils.java:logGet(43)) - raft.server.log.statemachine.data.sync = true (default)
2019-08-20 13:59:46,621 [pool-472-thread-1] INFO  server.RaftServerConfigKeys (ConfUtils.java:logGet(43)) - raft.server.log.statemachine.data.sync.timeout = 10s (default)
2019-08-20 13:59:46,621 [pool-494-thread-1] INFO  server.RaftServerConfigKeys (ConfUtils.java:logGet(43)) - raft.server.log.statemachine.data.sync.timeout = 10s (default)
2019-08-20 13:59:46,621 [pool-472-thread-1] INFO  server.RaftServerConfigKeys (ConfUtils.java:logGet(43)) - raft.server.log.statemachine.data.sync.timeout.retry = -1 (default)
2019-08-20 13:59:46,621 [pool-494-thread-1] INFO  server.RaftServerConfigKeys (ConfUtils.java:logGet(43)) - raft.server.log.statemachine.data.sync.timeout.retry = -1 (default)
2019-08-20 13:59:46,621 [pool-472-thread-1] INFO  server.RaftServerConfigKeys (ConfUtils.java:logGet(43)) - raft.server.log.statemachine.data.caching.enabled = true (custom)
2019-08-20 13:59:46,621 [pool-494-thread-1] INFO  server.RaftServerConfigKeys (ConfUtils.java:logGet(43)) - raft.server.log.statemachine.data.caching.enabled = true (custom)
2019-08-20 13:59:46,622 [pool-472-thread-1] INFO  segmented.SegmentedRaftLogWorker (SegmentedRaftLogWorker.java:lambda$new$0(132)) - d0905ab9-d1e1-4c01-8e50-39a321b68c5a-SegmentedRaftLogWorker:Storage Directory /workdir/hadoop-ozone/integration-test/target/test-dir/MiniOzoneClusterImpl-d4c3f63e-79eb-48dd-b907-15aeed9be1d5/datanode-3/data/ratis/bd0ac4fe-37ba-4f4e-b746-19b1c4c6b25a: flushIndex: setUnconditionally 0 -> -1
2019-08-20 13:59:46,622 [pool-494-thread-1] INFO  segmented.SegmentedRaftLogWorker (SegmentedRaftLogWorker.java:lambda$new$0(132)) - ee5c976b-fc81-41d2-a9c3-a7b83a5ca1a4-SegmentedRaftLogWorker:Storage Directory /workdir/hadoop-ozone/integration-test/target/test-dir/MiniOzoneClusterImpl-d4c3f63e-79eb-48dd-b907-15aeed9be1d5/datanode-5/data/ratis/bd0ac4fe-37ba-4f4e-b746-19b1c4c6b25a: flushIndex: setUnconditionally 0 -> -1
2019-08-20 13:59:46,622 [pool-472-thread-1] INFO  server.RaftServerConfigKeys (ConfUtils.java:logGet(43)) - raft.server.snapshot.auto.trigger.enabled = true (custom)
2019-08-20 13:59:46,622 [pool-472-thread-1] INFO  server.RaftServerConfigKeys (ConfUtils.java:logGet(43)) - raft.server.snapshot.auto.trigger.threshold = 10000 (custom)
2019-08-20 13:59:46,622 [pool-494-thread-1] INFO  server.RaftServerConfigKeys (ConfUtils.java:logGet(43)) - raft.server.snapshot.auto.trigger.enabled = true (custom)
2019-08-20 13:59:46,622 [pool-472-thread-1] INFO  server.RaftServerConfigKeys (ConfUtils.java:logGet(43)) - raft.server.retrycache.expirytime = 600000ms (custom)
2019-08-20 13:59:46,622 [pool-494-thread-1] INFO  server.RaftServerConfigKeys (ConfUtils.java:logGet(43)) - raft.server.snapshot.auto.trigger.threshold = 10000 (custom)
2019-08-20 13:59:46,622 [pool-472-thread-1] INFO  impl.RaftServerImpl (RaftServerImpl.java:start(180)) - d0905ab9-d1e1-4c01-8e50-39a321b68c5a: start group-19B1C4C6B25A
2019-08-20 13:59:46,623 [pool-472-thread-1] INFO  impl.RaftServerImpl (RaftServerImpl.java:setRole(171)) - d0905ab9-d1e1-4c01-8e50-39a321b68c5a:group-19B1C4C6B25A changes role from null to FOLLOWER at term 0 for startAsFollower
2019-08-20 13:59:46,623 [pool-494-thread-1] INFO  server.RaftServerConfigKeys (ConfUtils.java:logGet(43)) - raft.server.retrycache.expirytime = 600000ms (custom)
2019-08-20 13:59:46,623 [pool-472-thread-1] INFO  impl.RoleInfo (RoleInfo.java:updateAndGet(143)) - d0905ab9-d1e1-4c01-8e50-39a321b68c5a: start FollowerState
2019-08-20 13:59:46,623 [pool-494-thread-1] INFO  impl.RaftServerImpl (RaftServerImpl.java:start(180)) - ee5c976b-fc81-41d2-a9c3-a7b83a5ca1a4: start group-19B1C4C6B25A
2019-08-20 13:59:46,623 [pool-494-thread-1] INFO  impl.RaftServerImpl (RaftServerImpl.java:setRole(171)) - ee5c976b-fc81-41d2-a9c3-a7b83a5ca1a4:group-19B1C4C6B25A changes role from null to FOLLOWER at term 0 for startAsFollower
2019-08-20 13:59:46,623 [pool-472-thread-1] INFO  util.JmxRegister (JmxRegister.java:tryRegister(44)) - Successfully registered JMX Bean with object name Ratis:service=RaftServer,group=group-19B1C4C6B25A,id=d0905ab9-d1e1-4c01-8e50-39a321b68c5a
2019-08-20 13:59:46,623 [pool-494-thread-1] INFO  impl.RoleInfo (RoleInfo.java:updateAndGet(143)) - ee5c976b-fc81-41d2-a9c3-a7b83a5ca1a4: start FollowerState
2019-08-20 13:59:46,624 [pool-494-thread-1] INFO  util.JmxRegister (JmxRegister.java:tryRegister(44)) - Successfully registered JMX Bean with object name Ratis:service=RaftServer,group=group-19B1C4C6B25A,id=ee5c976b-fc81-41d2-a9c3-a7b83a5ca1a4
2019-08-20 13:59:46,629 [pool-483-thread-1] INFO  storage.RaftStorage (RaftStorage.java:format(72)) - Storage directory /workdir/hadoop-ozone/integration-test/target/test-dir/MiniOzoneClusterImpl-d4c3f63e-79eb-48dd-b907-15aeed9be1d5/datanode-4/data/ratis/bd0ac4fe-37ba-4f4e-b746-19b1c4c6b25a has been successfully formatted.
2019-08-20 13:59:46,629 [pool-483-thread-1] INFO  ratis.ContainerStateMachine (ContainerStateMachine.java:loadSnapshot(222)) - group-19B1C4C6B25A: The snapshot info is null. Setting the last applied indexto:(t:0, i:~)
2019-08-20 13:59:46,629 [pool-483-thread-1] INFO  server.RaftServerConfigKeys (ConfUtils.java:logGet(43)) - raft.server.leader.election.timeout = 120s (custom)
2019-08-20 13:59:46,629 [pool-483-thread-1] INFO  server.RaftServerConfigKeys (ConfUtils.java:logGet(43)) - raft.server.log.use.memory = false (default)
2019-08-20 13:59:46,630 [pool-483-thread-1] INFO  server.RaftServerConfigKeys (ConfUtils.java:logGet(43)) - raft.server.log.purge.gap = 1000000 (custom)
2019-08-20 13:59:46,630 [pool-483-thread-1] INFO  server.RaftServerConfigKeys (ConfUtils.java:logGet(43)) - raft.server.log.appender.buffer.byte-limit = 33554432 (custom)
2019-08-20 13:59:46,630 [pool-483-thread-1] INFO  server.RaftServerConfigKeys (ConfUtils.java:logGet(43)) - raft.server.log.segment.size.max = 1048576 (custom)
2019-08-20 13:59:46,630 [pool-483-thread-1] INFO  server.RaftServerConfigKeys (ConfUtils.java:logGet(43)) - raft.server.log.segment.cache.num.max = 2 (custom)
2019-08-20 13:59:46,630 [pool-483-thread-1] INFO  segmented.SegmentedRaftLogWorker (SegmentedRaftLogWorker.java:<init>(172)) - new 268dc375-fa5b-4fbf-aa95-3805ce267cde-SegmentedRaftLogWorker:Storage Directory /workdir/hadoop-ozone/integration-test/target/test-dir/MiniOzoneClusterImpl-d4c3f63e-79eb-48dd-b907-15aeed9be1d5/datanode-4/data/ratis/bd0ac4fe-37ba-4f4e-b746-19b1c4c6b25a for RaftStorage:Storage Directory /workdir/hadoop-ozone/integration-test/target/test-dir/MiniOzoneClusterImpl-d4c3f63e-79eb-48dd-b907-15aeed9be1d5/datanode-4/data/ratis/bd0ac4fe-37ba-4f4e-b746-19b1c4c6b25a
2019-08-20 13:59:46,630 [pool-483-thread-1] INFO  server.RaftServerConfigKeys (ConfUtils.java:logGet(43)) - raft.server.log.queue.byte-limit = 2147483647 (custom)
2019-08-20 13:59:46,630 [pool-483-thread-1] INFO  server.RaftServerConfigKeys (ConfUtils.java:logGet(43)) - raft.server.log.queue.element-limit = 1024 (custom)
2019-08-20 13:59:46,631 [pool-483-thread-1] INFO  server.RaftServerConfigKeys (ConfUtils.java:logGet(43)) - raft.server.log.segment.size.max = 1048576 (custom)
2019-08-20 13:59:46,631 [pool-483-thread-1] INFO  server.RaftServerConfigKeys (ConfUtils.java:logGet(43)) - raft.server.log.preallocated.size = 16384 (custom)
2019-08-20 13:59:46,631 [pool-483-thread-1] INFO  server.RaftServerConfigKeys (ConfUtils.java:logGet(43)) - raft.server.log.write.buffer.size = 33554432 (custom)
2019-08-20 13:59:46,631 [pool-483-thread-1] INFO  server.RaftServerConfigKeys (ConfUtils.java:logGet(43)) - raft.server.log.force.sync.num = 128 (default)
2019-08-20 13:59:46,631 [pool-483-thread-1] INFO  server.RaftServerConfigKeys (ConfUtils.java:logGet(43)) - raft.server.log.statemachine.data.sync = true (default)
2019-08-20 13:59:46,631 [pool-483-thread-1] INFO  server.RaftServerConfigKeys (ConfUtils.java:logGet(43)) - raft.server.log.statemachine.data.sync.timeout = 10s (default)
2019-08-20 13:59:46,631 [pool-483-thread-1] INFO  server.RaftServerConfigKeys (ConfUtils.java:logGet(43)) - raft.server.log.statemachine.data.sync.timeout.retry = -1 (default)
2019-08-20 13:59:46,632 [pool-483-thread-1] INFO  server.RaftServerConfigKeys (ConfUtils.java:logGet(43)) - raft.server.log.statemachine.data.caching.enabled = true (custom)
2019-08-20 13:59:46,632 [pool-483-thread-1] INFO  segmented.SegmentedRaftLogWorker (SegmentedRaftLogWorker.java:lambda$new$0(132)) - 268dc375-fa5b-4fbf-aa95-3805ce267cde-SegmentedRaftLogWorker:Storage Directory /workdir/hadoop-ozone/integration-test/target/test-dir/MiniOzoneClusterImpl-d4c3f63e-79eb-48dd-b907-15aeed9be1d5/datanode-4/data/ratis/bd0ac4fe-37ba-4f4e-b746-19b1c4c6b25a: flushIndex: setUnconditionally 0 -> -1
2019-08-20 13:59:46,632 [pool-483-thread-1] INFO  server.RaftServerConfigKeys (ConfUtils.java:logGet(43)) - raft.server.snapshot.auto.trigger.enabled = true (custom)
2019-08-20 13:59:46,632 [pool-483-thread-1] INFO  server.RaftServerConfigKeys (ConfUtils.java:logGet(43)) - raft.server.snapshot.auto.trigger.threshold = 10000 (custom)
2019-08-20 13:59:46,632 [pool-483-thread-1] INFO  server.RaftServerConfigKeys (ConfUtils.java:logGet(43)) - raft.server.retrycache.expirytime = 600000ms (custom)
2019-08-20 13:59:46,633 [pool-483-thread-1] INFO  impl.RaftServerImpl (RaftServerImpl.java:start(180)) - 268dc375-fa5b-4fbf-aa95-3805ce267cde: start group-19B1C4C6B25A
2019-08-20 13:59:46,633 [pool-483-thread-1] INFO  impl.RaftServerImpl (RaftServerImpl.java:setRole(171)) - 268dc375-fa5b-4fbf-aa95-3805ce267cde:group-19B1C4C6B25A changes role from null to FOLLOWER at term 0 for startAsFollower
2019-08-20 13:59:46,633 [pool-483-thread-1] INFO  impl.RoleInfo (RoleInfo.java:updateAndGet(143)) - 268dc375-fa5b-4fbf-aa95-3805ce267cde: start FollowerState
2019-08-20 13:59:46,633 [pool-483-thread-1] INFO  util.JmxRegister (JmxRegister.java:tryRegister(44)) - Successfully registered JMX Bean with object name Ratis:service=RaftServer,group=group-19B1C4C6B25A,id=268dc375-fa5b-4fbf-aa95-3805ce267cde
2019-08-20 13:59:46,635 [RatisPipelineUtilsThread] INFO  pipeline.PipelineStateManager (PipelineStateManager.java:addPipeline(56)) - Created pipeline Pipeline[ Id: bd0ac4fe-37ba-4f4e-b746-19b1c4c6b25a, Nodes: 268dc375-fa5b-4fbf-aa95-3805ce267cde{ip: 192.168.69.96, host: pr-hdds-1946lgncr-3764977478, networkLocation: /default-rack, certSerialId: null}d0905ab9-d1e1-4c01-8e50-39a321b68c5a{ip: 192.168.69.96, host: pr-hdds-1946lgncr-3764977478, networkLocation: /default-rack, certSerialId: null}ee5c976b-fc81-41d2-a9c3-a7b83a5ca1a4{ip: 192.168.69.96, host: pr-hdds-1946lgncr-3764977478, networkLocation: /default-rack, certSerialId: null}, Type:RATIS, Factor:THREE, State:OPEN]
2019-08-20 13:59:46,691 [IPC Server handler 6 on 39056] INFO  net.NetworkTopology (NetworkTopologyImpl.java:add(110)) - Added a new node: /default-rack/062a344a-b078-4744-8294-3305232dae72
2019-08-20 13:59:46,691 [main] INFO  ozone.MiniOzoneClusterImpl (MiniOzoneClusterImpl.java:lambda$waitForClusterToBeReady$0(142)) - Cluster is ready. Got 7 of 7 DN Heartbeats.
2019-08-20 13:59:46,691 [IPC Server handler 6 on 39056] INFO  node.SCMNodeManager (SCMNodeManager.java:register(273)) - Registered Data node : 062a344a-b078-4744-8294-3305232dae72{ip: 192.168.69.96, host: pr-hdds-1946lgncr-3764977478, networkLocation: /default-rack, certSerialId: null}
2019-08-20 13:59:46,695 | INFO  | SCMAudit | user=jenkins1000 | ip=192.168.69.96 | op=REGISTER {datanodeDetails=062a344a-b078-4744-8294-3305232dae72{ip: 192.168.69.96, host: pr-hdds-1946lgncr-3764977478, networkLocation: /default-rack, certSerialId: null}} | ret=SUCCESS |  
2019-08-20 13:59:46,705 [grpc-default-executor-7] INFO  impl.RaftServerProxy (RaftServerProxy.java:addNew(89)) - 062a344a-b078-4744-8294-3305232dae72: addNew group-7E9BF105D01A:[062a344a-b078-4744-8294-3305232dae72:192.168.69.96:42904] returns group-7E9BF105D01A:java.util.concurrent.CompletableFuture@c11c90f[Not completed]
2019-08-20 13:59:46,711 [pool-505-thread-1] INFO  impl.RaftServerImpl (RaftServerImpl.java:<init>(93)) - 062a344a-b078-4744-8294-3305232dae72: new RaftServerImpl for group-7E9BF105D01A:[062a344a-b078-4744-8294-3305232dae72:192.168.69.96:42904] with ContainerStateMachine:uninitialized
2019-08-20 13:59:46,721 [pool-505-thread-1] INFO  server.RaftServerConfigKeys (ConfUtils.java:logGet(43)) - raft.server.rpc.timeout.min = 5s (custom)
2019-08-20 13:59:46,722 [pool-505-thread-1] INFO  server.RaftServerConfigKeys (ConfUtils.java:logGet(43)) - raft.server.rpc.timeout.max = 5200ms (custom)
2019-08-20 13:59:46,722 [pool-505-thread-1] INFO  server.RaftServerConfigKeys (ConfUtils.java:logGet(43)) - raft.server.rpcslowness.timeout = 120s (custom)
2019-08-20 13:59:46,722 [pool-505-thread-1] INFO  server.RaftServerConfigKeys (ConfUtils.java:logGet(43)) - raft.server.sleep.deviation.threshold = 300 (default)
2019-08-20 13:59:46,722 [pool-505-thread-1] INFO  server.RaftServerConfigKeys (ConfUtils.java:logGet(43)) - raft.server.log.appender.install.snapshot.enabled = false (custom)
2019-08-20 13:59:46,722 [pool-505-thread-1] INFO  impl.RaftServerImpl (ServerState.java:<init>(105)) - 062a344a-b078-4744-8294-3305232dae72:group-7E9BF105D01A ConfigurationManager, init=-1: [062a344a-b078-4744-8294-3305232dae72:192.168.69.96:42904], old=null, confs=<EMPTY_MAP>
2019-08-20 13:59:46,722 [pool-505-thread-1] INFO  server.RaftServerConfigKeys (ConfUtils.java:logGet(43)) - raft.server.storage.dir = [/workdir/hadoop-ozone/integration-test/target/test-dir/MiniOzoneClusterImpl-d4c3f63e-79eb-48dd-b907-15aeed9be1d5/datanode-6/data/ratis] (custom)
2019-08-20 13:59:46,723 [pool-505-thread-1] INFO  storage.RaftStorageDirectory (RaftStorageDirectory.java:analyzeStorage(246)) - The storage directory /workdir/hadoop-ozone/integration-test/target/test-dir/MiniOzoneClusterImpl-d4c3f63e-79eb-48dd-b907-15aeed9be1d5/datanode-6/data/ratis/174a0b4e-9d92-4094-836e-7e9bf105d01a does not exist. Creating ...
2019-08-20 13:59:46,724 [main] INFO  rpc.RpcClient (RpcClient.java:createVolume(292)) - Creating Volume: testblockoutputstream, with jenkins1000 as owner.
2019-08-20 13:59:46,726 | INFO  | OMAudit | user=jenkins1000 | ip=127.0.0.1 | op=CREATE_VOLUME {admin=jenkins1000, owner=jenkins1000, volume=testblockoutputstream, creationTime=1566309586725, quotaInBytes=1152921504606846976} | ret=SUCCESS |  
2019-08-20 13:59:46,734 [pool-505-thread-1] INFO  storage.RaftStorageDirectory (RaftStorageDirectory.java:tryLock(328)) - Lock on /workdir/hadoop-ozone/integration-test/target/test-dir/MiniOzoneClusterImpl-d4c3f63e-79eb-48dd-b907-15aeed9be1d5/datanode-6/data/ratis/174a0b4e-9d92-4094-836e-7e9bf105d01a/in_use.lock acquired by nodename 17341@pr-hdds-1946lgncr-3764977478
2019-08-20 13:59:46,736 | INFO  | OMAudit | user=jenkins1000 | ip=127.0.0.1 | op=READ_VOLUME {volume=testblockoutputstream} | ret=SUCCESS |  
2019-08-20 13:59:46,737 [main] INFO  rpc.RpcClient (RpcClient.java:createBucket(431)) - Creating Bucket: testblockoutputstream/testblockoutputstream, with Versioning false and Storage Type set to DISK and Encryption set to false 
2019-08-20 13:59:46,740 | INFO  | OMAudit | user=jenkins1000 | ip=127.0.0.1 | op=CREATE_BUCKET {volume=testblockoutputstream, bucket=testblockoutputstream, acls=[user:jenkins1000:a[ACCESS], group:default:a[ACCESS]], isVersionEnabled=false, storageType=DISK, creationTime=0} | ret=SUCCESS |  
2019-08-20 13:59:46,742 | INFO  | OMAudit | user=jenkins1000 | ip=127.0.0.1 | op=READ_VOLUME {volume=testblockoutputstream} | ret=SUCCESS |  
2019-08-20 13:59:46,743 | INFO  | OMAudit | user=jenkins1000 | ip=127.0.0.1 | op=READ_BUCKET {volume=testblockoutputstream, bucket=testblockoutputstream} | ret=SUCCESS |  
2019-08-20 13:59:46,749 [pool-505-thread-1] INFO  storage.RaftStorage (RaftStorage.java:format(72)) - Storage directory /workdir/hadoop-ozone/integration-test/target/test-dir/MiniOzoneClusterImpl-d4c3f63e-79eb-48dd-b907-15aeed9be1d5/datanode-6/data/ratis/174a0b4e-9d92-4094-836e-7e9bf105d01a has been successfully formatted.
2019-08-20 13:59:46,749 [pool-505-thread-1] INFO  ratis.ContainerStateMachine (ContainerStateMachine.java:loadSnapshot(222)) - group-7E9BF105D01A: The snapshot info is null. Setting the last applied indexto:(t:0, i:~)
2019-08-20 13:59:46,749 [pool-505-thread-1] INFO  server.RaftServerConfigKeys (ConfUtils.java:logGet(43)) - raft.server.leader.election.timeout = 120s (custom)
2019-08-20 13:59:46,750 [pool-505-thread-1] INFO  server.RaftServerConfigKeys (ConfUtils.java:logGet(43)) - raft.server.log.use.memory = false (default)
2019-08-20 13:59:46,750 [pool-505-thread-1] INFO  server.RaftServerConfigKeys (ConfUtils.java:logGet(43)) - raft.server.log.purge.gap = 1000000 (custom)
2019-08-20 13:59:46,750 [pool-505-thread-1] INFO  server.RaftServerConfigKeys (ConfUtils.java:logGet(43)) - raft.server.log.appender.buffer.byte-limit = 33554432 (custom)
2019-08-20 13:59:46,750 [pool-505-thread-1] INFO  server.RaftServerConfigKeys (ConfUtils.java:logGet(43)) - raft.server.log.segment.size.max = 1048576 (custom)
2019-08-20 13:59:46,750 [pool-505-thread-1] INFO  server.RaftServerConfigKeys (ConfUtils.java:logGet(43)) - raft.server.log.segment.cache.num.max = 2 (custom)
2019-08-20 13:59:46,750 [pool-505-thread-1] INFO  segmented.SegmentedRaftLogWorker (SegmentedRaftLogWorker.java:<init>(172)) - new 062a344a-b078-4744-8294-3305232dae72-SegmentedRaftLogWorker:Storage Directory /workdir/hadoop-ozone/integration-test/target/test-dir/MiniOzoneClusterImpl-d4c3f63e-79eb-48dd-b907-15aeed9be1d5/datanode-6/data/ratis/174a0b4e-9d92-4094-836e-7e9bf105d01a for RaftStorage:Storage Directory /workdir/hadoop-ozone/integration-test/target/test-dir/MiniOzoneClusterImpl-d4c3f63e-79eb-48dd-b907-15aeed9be1d5/datanode-6/data/ratis/174a0b4e-9d92-4094-836e-7e9bf105d01a
2019-08-20 13:59:46,750 [pool-505-thread-1] INFO  server.RaftServerConfigKeys (ConfUtils.java:logGet(43)) - raft.server.log.queue.byte-limit = 2147483647 (custom)
2019-08-20 13:59:46,750 [pool-505-thread-1] INFO  server.RaftServerConfigKeys (ConfUtils.java:logGet(43)) - raft.server.log.queue.element-limit = 1024 (custom)
2019-08-20 13:59:46,751 [pool-505-thread-1] INFO  server.RaftServerConfigKeys (ConfUtils.java:logGet(43)) - raft.server.log.segment.size.max = 1048576 (custom)
2019-08-20 13:59:46,751 [pool-505-thread-1] INFO  server.RaftServerConfigKeys (ConfUtils.java:logGet(43)) - raft.server.log.preallocated.size = 16384 (custom)
2019-08-20 13:59:46,751 [pool-505-thread-1] INFO  server.RaftServerConfigKeys (ConfUtils.java:logGet(43)) - raft.server.log.write.buffer.size = 33554432 (custom)
2019-08-20 13:59:46,751 [pool-505-thread-1] INFO  server.RaftServerConfigKeys (ConfUtils.java:logGet(43)) - raft.server.log.force.sync.num = 128 (default)
2019-08-20 13:59:46,751 [pool-505-thread-1] INFO  server.RaftServerConfigKeys (ConfUtils.java:logGet(43)) - raft.server.log.statemachine.data.sync = true (default)
2019-08-20 13:59:46,751 [pool-505-thread-1] INFO  server.RaftServerConfigKeys (ConfUtils.java:logGet(43)) - raft.server.log.statemachine.data.sync.timeout = 10s (default)
2019-08-20 13:59:46,751 [pool-505-thread-1] INFO  server.RaftServerConfigKeys (ConfUtils.java:logGet(43)) - raft.server.log.statemachine.data.sync.timeout.retry = -1 (default)
2019-08-20 13:59:46,751 [pool-505-thread-1] INFO  server.RaftServerConfigKeys (ConfUtils.java:logGet(43)) - raft.server.log.statemachine.data.caching.enabled = true (custom)
2019-08-20 13:59:46,752 [pool-505-thread-1] INFO  segmented.SegmentedRaftLogWorker (SegmentedRaftLogWorker.java:lambda$new$0(132)) - 062a344a-b078-4744-8294-3305232dae72-SegmentedRaftLogWorker:Storage Directory /workdir/hadoop-ozone/integration-test/target/test-dir/MiniOzoneClusterImpl-d4c3f63e-79eb-48dd-b907-15aeed9be1d5/datanode-6/data/ratis/174a0b4e-9d92-4094-836e-7e9bf105d01a: flushIndex: setUnconditionally 0 -> -1
2019-08-20 13:59:46,752 [pool-505-thread-1] INFO  server.RaftServerConfigKeys (ConfUtils.java:logGet(43)) - raft.server.snapshot.auto.trigger.enabled = true (custom)
2019-08-20 13:59:46,752 [pool-505-thread-1] INFO  server.RaftServerConfigKeys (ConfUtils.java:logGet(43)) - raft.server.snapshot.auto.trigger.threshold = 10000 (custom)
2019-08-20 13:59:46,752 [pool-505-thread-1] INFO  server.RaftServerConfigKeys (ConfUtils.java:logGet(43)) - raft.server.retrycache.expirytime = 600000ms (custom)
2019-08-20 13:59:46,752 [pool-505-thread-1] INFO  impl.RaftServerImpl (RaftServerImpl.java:start(180)) - 062a344a-b078-4744-8294-3305232dae72: start group-7E9BF105D01A
2019-08-20 13:59:46,752 [pool-505-thread-1] INFO  impl.RaftServerImpl (RaftServerImpl.java:setRole(171)) - 062a344a-b078-4744-8294-3305232dae72:group-7E9BF105D01A changes role from null to FOLLOWER at term 0 for startAsFollower
2019-08-20 13:59:46,752 [pool-505-thread-1] INFO  impl.RoleInfo (RoleInfo.java:updateAndGet(143)) - 062a344a-b078-4744-8294-3305232dae72: start FollowerState
2019-08-20 13:59:46,753 [pool-505-thread-1] INFO  util.JmxRegister (JmxRegister.java:tryRegister(44)) - Successfully registered JMX Bean with object name Ratis:service=RaftServer,group=group-7E9BF105D01A,id=062a344a-b078-4744-8294-3305232dae72
2019-08-20 13:59:46,755 [RatisPipelineUtilsThread] INFO  pipeline.PipelineStateManager (PipelineStateManager.java:addPipeline(56)) - Created pipeline Pipeline[ Id: 174a0b4e-9d92-4094-836e-7e9bf105d01a, Nodes: 062a344a-b078-4744-8294-3305232dae72{ip: 192.168.69.96, host: pr-hdds-1946lgncr-3764977478, networkLocation: /default-rack, certSerialId: null}, Type:RATIS, Factor:ONE, State:OPEN]
2019-08-20 13:59:46,760 | INFO  | SCMAudit | user=jenkins1000 | ip=192.168.69.96 | op=ALLOCATE_BLOCK {owner=db2b8ee8-911f-4eb4-b124-7c9ebfabc5e8, size=800, type=RATIS, factor=THREE} | ret=SUCCESS |  
2019-08-20 13:59:46,762 | INFO  | OMAudit | user=jenkins1000 | ip=127.0.0.1 | op=ALLOCATE_KEY {volume=testblockoutputstream, bucket=testblockoutputstream, key=ecf9e13a-a545-4b67-98eb-247531fee333, dataSize=0, replicationType=RATIS, replicationFactor=THREE, keyLocationInfo=null} | ret=SUCCESS |  
2019-08-20 13:59:46,774 [grpc-default-executor-7] INFO  client.GrpcClientProtocolClient (GrpcClientProtocolClient.java:onNext(255)) - client-090919B7861C->268dc375-fa5b-4fbf-aa95-3805ce267cde: receive RaftClientReply:client-090919B7861C->268dc375-fa5b-4fbf-aa95-3805ce267cde@group-19B1C4C6B25A, cid=184, FAILED org.apache.ratis.protocol.NotLeaderException: Server 268dc375-fa5b-4fbf-aa95-3805ce267cde is not the leader (null). Request must be sent to leader., logIndex=0, commits[268dc375-fa5b-4fbf-aa95-3805ce267cde:c-1]
2019-08-20 13:59:47,788 [grpc-default-executor-7] INFO  client.GrpcClientProtocolClient (GrpcClientProtocolClient.java:onNext(255)) - client-090919B7861C->d0905ab9-d1e1-4c01-8e50-39a321b68c5a: receive RaftClientReply:client-090919B7861C->d0905ab9-d1e1-4c01-8e50-39a321b68c5a@group-19B1C4C6B25A, cid=184, FAILED org.apache.ratis.protocol.NotLeaderException: Server d0905ab9-d1e1-4c01-8e50-39a321b68c5a is not the leader (null). Request must be sent to leader., logIndex=0, commits[d0905ab9-d1e1-4c01-8e50-39a321b68c5a:c-1]
2019-08-20 13:59:47,789 | INFO  | SCMAudit | user=jenkins1000 | ip=192.168.69.96 | op=SEND_HEARTBEAT {datanodeUUID=895a69ca-0d52-44fe-bfc6-07a3d9e96002, command=[]} | ret=SUCCESS |  
2019-08-20 13:59:47,941 | INFO  | SCMAudit | user=jenkins1000 | ip=192.168.69.96 | op=SEND_HEARTBEAT {datanodeUUID=029e4ca0-8cda-46b0-9d42-cc14ecee78cf, command=[]} | ret=SUCCESS |  
2019-08-20 13:59:48,090 | INFO  | SCMAudit | user=jenkins1000 | ip=192.168.69.96 | op=SEND_HEARTBEAT {datanodeUUID=864d677d-0c2a-4713-be84-66338b63a444, command=[]} | ret=SUCCESS |  
2019-08-20 13:59:48,238 | INFO  | SCMAudit | user=jenkins1000 | ip=192.168.69.96 | op=SEND_HEARTBEAT {datanodeUUID=d0905ab9-d1e1-4c01-8e50-39a321b68c5a, command=[]} | ret=SUCCESS |  
2019-08-20 13:59:48,384 | INFO  | SCMAudit | user=jenkins1000 | ip=192.168.69.96 | op=SEND_HEARTBEAT {datanodeUUID=268dc375-fa5b-4fbf-aa95-3805ce267cde, command=[]} | ret=SUCCESS |  
2019-08-20 13:59:48,535 | INFO  | SCMAudit | user=jenkins1000 | ip=192.168.69.96 | op=SEND_HEARTBEAT {datanodeUUID=ee5c976b-fc81-41d2-a9c3-a7b83a5ca1a4, command=[]} | ret=SUCCESS |  
2019-08-20 13:59:48,690 | INFO  | SCMAudit | user=jenkins1000 | ip=192.168.69.96 | op=SEND_HEARTBEAT {datanodeUUID=062a344a-b078-4744-8294-3305232dae72, command=[]} | ret=SUCCESS |  
2019-08-20 13:59:48,789 | INFO  | SCMAudit | user=jenkins1000 | ip=192.168.69.96 | op=SEND_HEARTBEAT {datanodeUUID=895a69ca-0d52-44fe-bfc6-07a3d9e96002, command=[]} | ret=SUCCESS |  
2019-08-20 13:59:48,796 [grpc-default-executor-7] INFO  client.GrpcClientProtocolClient (GrpcClientProtocolClient.java:onNext(255)) - client-090919B7861C->268dc375-fa5b-4fbf-aa95-3805ce267cde: receive RaftClientReply:client-090919B7861C->268dc375-fa5b-4fbf-aa95-3805ce267cde@group-19B1C4C6B25A, cid=184, FAILED org.apache.ratis.protocol.NotLeaderException: Server 268dc375-fa5b-4fbf-aa95-3805ce267cde is not the leader (null). Request must be sent to leader., logIndex=0, commits[268dc375-fa5b-4fbf-aa95-3805ce267cde:c-1]
2019-08-20 13:59:48,798 [Thread-3614] INFO  container.ReplicationManager (ReplicationManager.java:start(152)) - Starting Replication Monitor Thread.
2019-08-20 13:59:48,802 [ReplicationMonitor] INFO  container.ReplicationManager (ReplicationManager.java:run(215)) - Replication Monitor Thread took 0 milliseconds for processing 1 containers.
2019-08-20 13:59:48,941 | INFO  | SCMAudit | user=jenkins1000 | ip=192.168.69.96 | op=SEND_HEARTBEAT {datanodeUUID=029e4ca0-8cda-46b0-9d42-cc14ecee78cf, command=[]} | ret=SUCCESS |  
2019-08-20 13:59:49,091 | INFO  | SCMAudit | user=jenkins1000 | ip=192.168.69.96 | op=SEND_HEARTBEAT {datanodeUUID=864d677d-0c2a-4713-be84-66338b63a444, command=[]} | ret=SUCCESS |  
2019-08-20 13:59:49,237 | INFO  | SCMAudit | user=jenkins1000 | ip=192.168.69.96 | op=SEND_HEARTBEAT {datanodeUUID=d0905ab9-d1e1-4c01-8e50-39a321b68c5a, command=[]} | ret=SUCCESS |  
2019-08-20 13:59:49,384 | INFO  | SCMAudit | user=jenkins1000 | ip=192.168.69.96 | op=SEND_HEARTBEAT {datanodeUUID=268dc375-fa5b-4fbf-aa95-3805ce267cde, command=[]} | ret=SUCCESS |  
2019-08-20 13:59:49,536 | INFO  | SCMAudit | user=jenkins1000 | ip=192.168.69.96 | op=SEND_HEARTBEAT {datanodeUUID=ee5c976b-fc81-41d2-a9c3-a7b83a5ca1a4, command=[]} | ret=SUCCESS |  
2019-08-20 13:59:49,690 | INFO  | SCMAudit | user=jenkins1000 | ip=192.168.69.96 | op=SEND_HEARTBEAT {datanodeUUID=062a344a-b078-4744-8294-3305232dae72, command=[]} | ret=SUCCESS |  
2019-08-20 13:59:49,789 | INFO  | SCMAudit | user=jenkins1000 | ip=192.168.69.96 | op=SEND_HEARTBEAT {datanodeUUID=895a69ca-0d52-44fe-bfc6-07a3d9e96002, command=[]} | ret=SUCCESS |  
2019-08-20 13:59:49,803 [grpc-default-executor-7] INFO  client.GrpcClientProtocolClient (GrpcClientProtocolClient.java:onNext(255)) - client-090919B7861C->d0905ab9-d1e1-4c01-8e50-39a321b68c5a: receive RaftClientReply:client-090919B7861C->d0905ab9-d1e1-4c01-8e50-39a321b68c5a@group-19B1C4C6B25A, cid=184, FAILED org.apache.ratis.protocol.NotLeaderException: Server d0905ab9-d1e1-4c01-8e50-39a321b68c5a is not the leader (null). Request must be sent to leader., logIndex=0, commits[d0905ab9-d1e1-4c01-8e50-39a321b68c5a:c-1]
2019-08-20 13:59:49,941 | INFO  | SCMAudit | user=jenkins1000 | ip=192.168.69.96 | op=SEND_HEARTBEAT {datanodeUUID=029e4ca0-8cda-46b0-9d42-cc14ecee78cf, command=[]} | ret=SUCCESS |  
2019-08-20 13:59:50,091 | INFO  | SCMAudit | user=jenkins1000 | ip=192.168.69.96 | op=SEND_HEARTBEAT {datanodeUUID=864d677d-0c2a-4713-be84-66338b63a444, command=[]} | ret=SUCCESS |  
2019-08-20 13:59:50,237 | INFO  | SCMAudit | user=jenkins1000 | ip=192.168.69.96 | op=SEND_HEARTBEAT {datanodeUUID=d0905ab9-d1e1-4c01-8e50-39a321b68c5a, command=[]} | ret=SUCCESS |  
2019-08-20 13:59:50,384 | INFO  | SCMAudit | user=jenkins1000 | ip=192.168.69.96 | op=SEND_HEARTBEAT {datanodeUUID=268dc375-fa5b-4fbf-aa95-3805ce267cde, command=[]} | ret=SUCCESS |  
2019-08-20 13:59:50,536 | INFO  | SCMAudit | user=jenkins1000 | ip=192.168.69.96 | op=SEND_HEARTBEAT {datanodeUUID=ee5c976b-fc81-41d2-a9c3-a7b83a5ca1a4, command=[]} | ret=SUCCESS |  
2019-08-20 13:59:50,691 | INFO  | SCMAudit | user=jenkins1000 | ip=192.168.69.96 | op=SEND_HEARTBEAT {datanodeUUID=062a344a-b078-4744-8294-3305232dae72, command=[]} | ret=SUCCESS |  
2019-08-20 13:59:50,789 | INFO  | SCMAudit | user=jenkins1000 | ip=192.168.69.96 | op=SEND_HEARTBEAT {datanodeUUID=895a69ca-0d52-44fe-bfc6-07a3d9e96002, command=[]} | ret=SUCCESS |  
2019-08-20 13:59:50,814 [grpc-default-executor-12] INFO  client.GrpcClientProtocolClient (GrpcClientProtocolClient.java:onNext(255)) - client-090919B7861C->268dc375-fa5b-4fbf-aa95-3805ce267cde: receive RaftClientReply:client-090919B7861C->268dc375-fa5b-4fbf-aa95-3805ce267cde@group-19B1C4C6B25A, cid=184, FAILED org.apache.ratis.protocol.NotLeaderException: Server 268dc375-fa5b-4fbf-aa95-3805ce267cde is not the leader (null). Request must be sent to leader., logIndex=0, commits[268dc375-fa5b-4fbf-aa95-3805ce267cde:c-1]
2019-08-20 13:59:50,900 [Thread-3616] INFO  impl.FollowerState (FollowerState.java:run(106)) - 895a69ca-0d52-44fe-bfc6-07a3d9e96002:group-3F11B31D4B20 changes to CANDIDATE, lastRpcTime:5047, electionTimeout:5047ms
2019-08-20 13:59:50,900 [Thread-3616] INFO  impl.RoleInfo (RoleInfo.java:shutdownFollowerState(121)) - 895a69ca-0d52-44fe-bfc6-07a3d9e96002: shutdown FollowerState
2019-08-20 13:59:50,900 [Thread-3616] INFO  impl.RaftServerImpl (RaftServerImpl.java:setRole(171)) - 895a69ca-0d52-44fe-bfc6-07a3d9e96002:group-3F11B31D4B20 changes role from FOLLOWER to CANDIDATE at term 0 for changeToCandidate
2019-08-20 13:59:50,900 [Thread-3616] INFO  impl.RoleInfo (RoleInfo.java:updateAndGet(143)) - 895a69ca-0d52-44fe-bfc6-07a3d9e96002: start LeaderElection
2019-08-20 13:59:50,941 | INFO  | SCMAudit | user=jenkins1000 | ip=192.168.69.96 | op=SEND_HEARTBEAT {datanodeUUID=029e4ca0-8cda-46b0-9d42-cc14ecee78cf, command=[]} | ret=SUCCESS |  
2019-08-20 13:59:50,943 [895a69ca-0d52-44fe-bfc6-07a3d9e96002:group-3F11B31D4B20:LeaderElection74] INFO  impl.LeaderElection (LeaderElection.java:askForVotes(181)) - 895a69ca-0d52-44fe-bfc6-07a3d9e96002:group-3F11B31D4B20:LeaderElection74: begin an election at term 1 for -1: [895a69ca-0d52-44fe-bfc6-07a3d9e96002:192.168.69.96:41972], old=null
2019-08-20 13:59:50,943 [895a69ca-0d52-44fe-bfc6-07a3d9e96002:group-3F11B31D4B20:LeaderElection74] INFO  impl.RoleInfo (RoleInfo.java:shutdownLeaderElection(134)) - 895a69ca-0d52-44fe-bfc6-07a3d9e96002: shutdown LeaderElection
2019-08-20 13:59:50,943 [895a69ca-0d52-44fe-bfc6-07a3d9e96002:group-3F11B31D4B20:LeaderElection74] INFO  impl.RaftServerImpl (RaftServerImpl.java:setRole(171)) - 895a69ca-0d52-44fe-bfc6-07a3d9e96002:group-3F11B31D4B20 changes role from CANDIDATE to LEADER at term 1 for changeToLeader
2019-08-20 13:59:50,943 [895a69ca-0d52-44fe-bfc6-07a3d9e96002:group-3F11B31D4B20:LeaderElection74] INFO  impl.RaftServerImpl (ServerState.java:setLeader(263)) - 895a69ca-0d52-44fe-bfc6-07a3d9e96002:group-3F11B31D4B20 change Leader from null to 895a69ca-0d52-44fe-bfc6-07a3d9e96002 at term 1 for becomeLeader, leader elected after 5094ms
2019-08-20 13:59:50,943 [895a69ca-0d52-44fe-bfc6-07a3d9e96002:group-3F11B31D4B20:LeaderElection74] INFO  server.RaftServerConfigKeys (ConfUtils.java:logGet(43)) - raft.server.staging.catchup.gap = 1000 (default)
2019-08-20 13:59:50,943 [895a69ca-0d52-44fe-bfc6-07a3d9e96002:group-3F11B31D4B20:LeaderElection74] INFO  server.RaftServerConfigKeys (ConfUtils.java:logGet(43)) - raft.server.rpc.sleep.time = 25ms (default)
2019-08-20 13:59:50,944 [895a69ca-0d52-44fe-bfc6-07a3d9e96002:group-3F11B31D4B20:LeaderElection74] INFO  server.RaftServerConfigKeys (ConfUtils.java:logGet(43)) - raft.server.write.element-limit = 4096 (default)
2019-08-20 13:59:50,944 [895a69ca-0d52-44fe-bfc6-07a3d9e96002:group-3F11B31D4B20:LeaderElection74] INFO  server.RaftServerConfigKeys (ConfUtils.java:logGet(43)) - raft.server.watch.timeout = 10s (default)
2019-08-20 13:59:50,944 [895a69ca-0d52-44fe-bfc6-07a3d9e96002:group-3F11B31D4B20:LeaderElection74] INFO  server.RaftServerConfigKeys (ConfUtils.java:logGet(43)) - raft.server.watch.timeout.denomination = 1s (default)
2019-08-20 13:59:50,944 [895a69ca-0d52-44fe-bfc6-07a3d9e96002:group-3F11B31D4B20:LeaderElection74] INFO  server.RaftServerConfigKeys (ConfUtils.java:logGet(43)) - raft.server.watch.element-limit = 65536 (default)
2019-08-20 13:59:50,944 [895a69ca-0d52-44fe-bfc6-07a3d9e96002:group-3F11B31D4B20:LeaderElection74] INFO  impl.RoleInfo (RoleInfo.java:updateAndGet(143)) - 895a69ca-0d52-44fe-bfc6-07a3d9e96002: start LeaderState
2019-08-20 13:59:50,945 [895a69ca-0d52-44fe-bfc6-07a3d9e96002:group-3F11B31D4B20:LeaderElection74] INFO  segmented.SegmentedRaftLogWorker (SegmentedRaftLogWorker.java:startLogSegment(380)) - 895a69ca-0d52-44fe-bfc6-07a3d9e96002-SegmentedRaftLogWorker:Storage Directory /workdir/hadoop-ozone/integration-test/target/test-dir/MiniOzoneClusterImpl-d4c3f63e-79eb-48dd-b907-15aeed9be1d5/datanode-0/data/ratis/54f8b00c-6ec1-48ee-8dfe-3f11b31d4b20: Starting segment from index:0
2019-08-20 13:59:50,945 [895a69ca-0d52-44fe-bfc6-07a3d9e96002:group-3F11B31D4B20:LeaderElection74] INFO  impl.RaftServerImpl (ServerState.java:setRaftConf(361)) - 895a69ca-0d52-44fe-bfc6-07a3d9e96002:group-3F11B31D4B20 set configuration 0: [895a69ca-0d52-44fe-bfc6-07a3d9e96002:192.168.69.96:41972], old=null at 0
2019-08-20 13:59:50,965 [895a69ca-0d52-44fe-bfc6-07a3d9e96002-SegmentedRaftLogWorker:Storage Directory /workdir/hadoop-ozone/integration-test/target/test-dir/MiniOzoneClusterImpl-d4c3f63e-79eb-48dd-b907-15aeed9be1d5/datanode-0/data/ratis/54f8b00c-6ec1-48ee-8dfe-3f11b31d4b20] INFO  segmented.SegmentedRaftLogWorker (SegmentedRaftLogWorker.java:execute(569)) - 895a69ca-0d52-44fe-bfc6-07a3d9e96002-SegmentedRaftLogWorker:Storage Directory /workdir/hadoop-ozone/integration-test/target/test-dir/MiniOzoneClusterImpl-d4c3f63e-79eb-48dd-b907-15aeed9be1d5/datanode-0/data/ratis/54f8b00c-6ec1-48ee-8dfe-3f11b31d4b20: created new log segment /workdir/hadoop-ozone/integration-test/target/test-dir/MiniOzoneClusterImpl-d4c3f63e-79eb-48dd-b907-15aeed9be1d5/datanode-0/data/ratis/54f8b00c-6ec1-48ee-8dfe-3f11b31d4b20/current/log_inprogress_0
2019-08-20 13:59:51,092 | INFO  | SCMAudit | user=jenkins1000 | ip=192.168.69.96 | op=SEND_HEARTBEAT {datanodeUUID=864d677d-0c2a-4713-be84-66338b63a444, command=[]} | ret=SUCCESS |  
2019-08-20 13:59:51,150 [Thread-3619] INFO  impl.FollowerState (FollowerState.java:run(106)) - 029e4ca0-8cda-46b0-9d42-cc14ecee78cf:group-D116B73939FA changes to CANDIDATE, lastRpcTime:5164, electionTimeout:5164ms
2019-08-20 13:59:51,150 [Thread-3619] INFO  impl.RoleInfo (RoleInfo.java:shutdownFollowerState(121)) - 029e4ca0-8cda-46b0-9d42-cc14ecee78cf: shutdown FollowerState
2019-08-20 13:59:51,150 [Thread-3619] INFO  impl.RaftServerImpl (RaftServerImpl.java:setRole(171)) - 029e4ca0-8cda-46b0-9d42-cc14ecee78cf:group-D116B73939FA changes role from FOLLOWER to CANDIDATE at term 0 for changeToCandidate
2019-08-20 13:59:51,150 [Thread-3619] INFO  impl.RoleInfo (RoleInfo.java:updateAndGet(143)) - 029e4ca0-8cda-46b0-9d42-cc14ecee78cf: start LeaderElection
2019-08-20 13:59:51,181 [029e4ca0-8cda-46b0-9d42-cc14ecee78cf:group-D116B73939FA:LeaderElection75] INFO  impl.LeaderElection (LeaderElection.java:askForVotes(181)) - 029e4ca0-8cda-46b0-9d42-cc14ecee78cf:group-D116B73939FA:LeaderElection75: begin an election at term 1 for -1: [029e4ca0-8cda-46b0-9d42-cc14ecee78cf:192.168.69.96:45863], old=null
2019-08-20 13:59:51,181 [029e4ca0-8cda-46b0-9d42-cc14ecee78cf:group-D116B73939FA:LeaderElection75] INFO  impl.RoleInfo (RoleInfo.java:shutdownLeaderElection(134)) - 029e4ca0-8cda-46b0-9d42-cc14ecee78cf: shutdown LeaderElection
2019-08-20 13:59:51,182 [029e4ca0-8cda-46b0-9d42-cc14ecee78cf:group-D116B73939FA:LeaderElection75] INFO  impl.RaftServerImpl (RaftServerImpl.java:setRole(171)) - 029e4ca0-8cda-46b0-9d42-cc14ecee78cf:group-D116B73939FA changes role from CANDIDATE to LEADER at term 1 for changeToLeader
2019-08-20 13:59:51,182 [029e4ca0-8cda-46b0-9d42-cc14ecee78cf:group-D116B73939FA:LeaderElection75] INFO  impl.RaftServerImpl (ServerState.java:setLeader(263)) - 029e4ca0-8cda-46b0-9d42-cc14ecee78cf:group-D116B73939FA change Leader from null to 029e4ca0-8cda-46b0-9d42-cc14ecee78cf at term 1 for becomeLeader, leader elected after 5201ms
2019-08-20 13:59:51,182 [029e4ca0-8cda-46b0-9d42-cc14ecee78cf:group-D116B73939FA:LeaderElection75] INFO  server.RaftServerConfigKeys (ConfUtils.java:logGet(43)) - raft.server.staging.catchup.gap = 1000 (default)
2019-08-20 13:59:51,182 [029e4ca0-8cda-46b0-9d42-cc14ecee78cf:group-D116B73939FA:LeaderElection75] INFO  server.RaftServerConfigKeys (ConfUtils.java:logGet(43)) - raft.server.rpc.sleep.time = 25ms (default)
2019-08-20 13:59:51,182 [029e4ca0-8cda-46b0-9d42-cc14ecee78cf:group-D116B73939FA:LeaderElection75] INFO  server.RaftServerConfigKeys (ConfUtils.java:logGet(43)) - raft.server.write.element-limit = 4096 (default)
2019-08-20 13:59:51,182 [029e4ca0-8cda-46b0-9d42-cc14ecee78cf:group-D116B73939FA:LeaderElection75] INFO  server.RaftServerConfigKeys (ConfUtils.java:logGet(43)) - raft.server.watch.timeout = 10s (default)
2019-08-20 13:59:51,182 [029e4ca0-8cda-46b0-9d42-cc14ecee78cf:group-D116B73939FA:LeaderElection75] INFO  server.RaftServerConfigKeys (ConfUtils.java:logGet(43)) - raft.server.watch.timeout.denomination = 1s (default)
2019-08-20 13:59:51,183 [029e4ca0-8cda-46b0-9d42-cc14ecee78cf:group-D116B73939FA:LeaderElection75] INFO  server.RaftServerConfigKeys (ConfUtils.java:logGet(43)) - raft.server.watch.element-limit = 65536 (default)
2019-08-20 13:59:51,183 [029e4ca0-8cda-46b0-9d42-cc14ecee78cf:group-D116B73939FA:LeaderElection75] INFO  impl.RoleInfo (RoleInfo.java:updateAndGet(143)) - 029e4ca0-8cda-46b0-9d42-cc14ecee78cf: start LeaderState
2019-08-20 13:59:51,183 [029e4ca0-8cda-46b0-9d42-cc14ecee78cf:group-D116B73939FA:LeaderElection75] INFO  segmented.SegmentedRaftLogWorker (SegmentedRaftLogWorker.java:startLogSegment(380)) - 029e4ca0-8cda-46b0-9d42-cc14ecee78cf-SegmentedRaftLogWorker:Storage Directory /workdir/hadoop-ozone/integration-test/target/test-dir/MiniOzoneClusterImpl-d4c3f63e-79eb-48dd-b907-15aeed9be1d5/datanode-1/data/ratis/a4b3ef46-9108-44dd-8bf0-d116b73939fa: Starting segment from index:0
2019-08-20 13:59:51,183 [029e4ca0-8cda-46b0-9d42-cc14ecee78cf:group-D116B73939FA:LeaderElection75] INFO  impl.RaftServerImpl (ServerState.java:setRaftConf(361)) - 029e4ca0-8cda-46b0-9d42-cc14ecee78cf:group-D116B73939FA set configuration 0: [029e4ca0-8cda-46b0-9d42-cc14ecee78cf:192.168.69.96:45863], old=null at 0
2019-08-20 13:59:51,210 [029e4ca0-8cda-46b0-9d42-cc14ecee78cf-SegmentedRaftLogWorker:Storage Directory /workdir/hadoop-ozone/integration-test/target/test-dir/MiniOzoneClusterImpl-d4c3f63e-79eb-48dd-b907-15aeed9be1d5/datanode-1/data/ratis/a4b3ef46-9108-44dd-8bf0-d116b73939fa] INFO  segmented.SegmentedRaftLogWorker (SegmentedRaftLogWorker.java:execute(569)) - 029e4ca0-8cda-46b0-9d42-cc14ecee78cf-SegmentedRaftLogWorker:Storage Directory /workdir/hadoop-ozone/integration-test/target/test-dir/MiniOzoneClusterImpl-d4c3f63e-79eb-48dd-b907-15aeed9be1d5/datanode-1/data/ratis/a4b3ef46-9108-44dd-8bf0-d116b73939fa: created new log segment /workdir/hadoop-ozone/integration-test/target/test-dir/MiniOzoneClusterImpl-d4c3f63e-79eb-48dd-b907-15aeed9be1d5/datanode-1/data/ratis/a4b3ef46-9108-44dd-8bf0-d116b73939fa/current/log_inprogress_0
2019-08-20 13:59:51,227 [Thread-3631] INFO  impl.FollowerState (FollowerState.java:run(106)) - 895a69ca-0d52-44fe-bfc6-07a3d9e96002:group-CF335F4F03B1 changes to CANDIDATE, lastRpcTime:5016, electionTimeout:5016ms
2019-08-20 13:59:51,227 [Thread-3631] INFO  impl.RoleInfo (RoleInfo.java:shutdownFollowerState(121)) - 895a69ca-0d52-44fe-bfc6-07a3d9e96002: shutdown FollowerState
2019-08-20 13:59:51,227 [Thread-3631] INFO  impl.RaftServerImpl (RaftServerImpl.java:setRole(171)) - 895a69ca-0d52-44fe-bfc6-07a3d9e96002:group-CF335F4F03B1 changes role from FOLLOWER to CANDIDATE at term 0 for changeToCandidate
2019-08-20 13:59:51,227 [Thread-3631] INFO  impl.RoleInfo (RoleInfo.java:updateAndGet(143)) - 895a69ca-0d52-44fe-bfc6-07a3d9e96002: start LeaderElection
2019-08-20 13:59:51,237 | INFO  | SCMAudit | user=jenkins1000 | ip=192.168.69.96 | op=SEND_HEARTBEAT {datanodeUUID=d0905ab9-d1e1-4c01-8e50-39a321b68c5a, command=[]} | ret=SUCCESS |  
2019-08-20 13:59:51,238 [895a69ca-0d52-44fe-bfc6-07a3d9e96002:group-CF335F4F03B1:LeaderElection76] INFO  impl.LeaderElection (LeaderElection.java:askForVotes(181)) - 895a69ca-0d52-44fe-bfc6-07a3d9e96002:group-CF335F4F03B1:LeaderElection76: begin an election at term 1 for -1: [864d677d-0c2a-4713-be84-66338b63a444:192.168.69.96:39258, 029e4ca0-8cda-46b0-9d42-cc14ecee78cf:192.168.69.96:45863, 895a69ca-0d52-44fe-bfc6-07a3d9e96002:192.168.69.96:41972], old=null
2019-08-20 13:59:51,251 [grpc-default-executor-7] INFO  impl.RaftServerImpl (RaftServerImpl.java:setRole(171)) - 864d677d-0c2a-4713-be84-66338b63a444:group-CF335F4F03B1 changes role from FOLLOWER to FOLLOWER at term 1 for recognizeCandidate:895a69ca-0d52-44fe-bfc6-07a3d9e96002
2019-08-20 13:59:51,251 [grpc-default-executor-12] INFO  impl.RaftServerImpl (RaftServerImpl.java:setRole(171)) - 029e4ca0-8cda-46b0-9d42-cc14ecee78cf:group-CF335F4F03B1 changes role from FOLLOWER to FOLLOWER at term 1 for recognizeCandidate:895a69ca-0d52-44fe-bfc6-07a3d9e96002
2019-08-20 13:59:51,251 [grpc-default-executor-7] INFO  impl.RoleInfo (RoleInfo.java:shutdownFollowerState(121)) - 864d677d-0c2a-4713-be84-66338b63a444: shutdown FollowerState
2019-08-20 13:59:51,251 [grpc-default-executor-12] INFO  impl.RoleInfo (RoleInfo.java:shutdownFollowerState(121)) - 029e4ca0-8cda-46b0-9d42-cc14ecee78cf: shutdown FollowerState
2019-08-20 13:59:51,251 [grpc-default-executor-7] INFO  impl.RoleInfo (RoleInfo.java:updateAndGet(143)) - 864d677d-0c2a-4713-be84-66338b63a444: start FollowerState
2019-08-20 13:59:51,251 [grpc-default-executor-12] INFO  impl.RoleInfo (RoleInfo.java:updateAndGet(143)) - 029e4ca0-8cda-46b0-9d42-cc14ecee78cf: start FollowerState
2019-08-20 13:59:51,251 [Thread-3627] INFO  impl.FollowerState (FollowerState.java:run(114)) - 864d677d-0c2a-4713-be84-66338b63a444: FollowerState was interrupted: java.lang.InterruptedException: sleep interrupted
2019-08-20 13:59:51,251 [Thread-3625] INFO  impl.FollowerState (FollowerState.java:run(114)) - 029e4ca0-8cda-46b0-9d42-cc14ecee78cf: FollowerState was interrupted: java.lang.InterruptedException: sleep interrupted
2019-08-20 13:59:51,260 [895a69ca-0d52-44fe-bfc6-07a3d9e96002:group-CF335F4F03B1:LeaderElection76] INFO  impl.LeaderElection (LeaderElection.java:logAndReturn(56)) - 895a69ca-0d52-44fe-bfc6-07a3d9e96002:group-CF335F4F03B1:LeaderElection76: Election PASSED; received 1 response(s) [895a69ca-0d52-44fe-bfc6-07a3d9e96002<-864d677d-0c2a-4713-be84-66338b63a444#0:OK-t1] and 0 exception(s); 895a69ca-0d52-44fe-bfc6-07a3d9e96002:t1, leader=null, voted=895a69ca-0d52-44fe-bfc6-07a3d9e96002, raftlog=895a69ca-0d52-44fe-bfc6-07a3d9e96002-SegmentedRaftLog:OPENED:c-1,f-1,i0, conf=-1: [864d677d-0c2a-4713-be84-66338b63a444:192.168.69.96:39258, 029e4ca0-8cda-46b0-9d42-cc14ecee78cf:192.168.69.96:45863, 895a69ca-0d52-44fe-bfc6-07a3d9e96002:192.168.69.96:41972], old=null
2019-08-20 13:59:51,261 [895a69ca-0d52-44fe-bfc6-07a3d9e96002:group-CF335F4F03B1:LeaderElection76] INFO  impl.RoleInfo (RoleInfo.java:shutdownLeaderElection(134)) - 895a69ca-0d52-44fe-bfc6-07a3d9e96002: shutdown LeaderElection
2019-08-20 13:59:51,261 [895a69ca-0d52-44fe-bfc6-07a3d9e96002:group-CF335F4F03B1:LeaderElection76] INFO  impl.RaftServerImpl (RaftServerImpl.java:setRole(171)) - 895a69ca-0d52-44fe-bfc6-07a3d9e96002:group-CF335F4F03B1 changes role from CANDIDATE to LEADER at term 1 for changeToLeader
2019-08-20 13:59:51,261 [895a69ca-0d52-44fe-bfc6-07a3d9e96002:group-CF335F4F03B1:LeaderElection76] INFO  impl.RaftServerImpl (ServerState.java:setLeader(263)) - 895a69ca-0d52-44fe-bfc6-07a3d9e96002:group-CF335F4F03B1 change Leader from null to 895a69ca-0d52-44fe-bfc6-07a3d9e96002 at term 1 for becomeLeader, leader elected after 5074ms
2019-08-20 13:59:51,261 [895a69ca-0d52-44fe-bfc6-07a3d9e96002:group-CF335F4F03B1:LeaderElection76] INFO  server.RaftServerConfigKeys (ConfUtils.java:logGet(43)) - raft.server.staging.catchup.gap = 1000 (default)
2019-08-20 13:59:51,261 [895a69ca-0d52-44fe-bfc6-07a3d9e96002:group-CF335F4F03B1:LeaderElection76] INFO  server.RaftServerConfigKeys (ConfUtils.java:logGet(43)) - raft.server.rpc.sleep.time = 25ms (default)
2019-08-20 13:59:51,261 [895a69ca-0d52-44fe-bfc6-07a3d9e96002:group-CF335F4F03B1:LeaderElection76] INFO  server.RaftServerConfigKeys (ConfUtils.java:logGet(43)) - raft.server.write.element-limit = 4096 (default)
2019-08-20 13:59:51,261 [895a69ca-0d52-44fe-bfc6-07a3d9e96002:group-CF335F4F03B1:LeaderElection76] INFO  server.RaftServerConfigKeys (ConfUtils.java:logGet(43)) - raft.server.watch.timeout = 10s (default)
2019-08-20 13:59:51,261 [895a69ca-0d52-44fe-bfc6-07a3d9e96002:group-CF335F4F03B1:LeaderElection76] INFO  server.RaftServerConfigKeys (ConfUtils.java:logGet(43)) - raft.server.watch.timeout.denomination = 1s (default)
2019-08-20 13:59:51,261 [895a69ca-0d52-44fe-bfc6-07a3d9e96002:group-CF335F4F03B1:LeaderElection76] INFO  server.RaftServerConfigKeys (ConfUtils.java:logGet(43)) - raft.server.watch.element-limit = 65536 (default)
2019-08-20 13:59:51,261 [895a69ca-0d52-44fe-bfc6-07a3d9e96002:group-CF335F4F03B1:LeaderElection76] INFO  server.RaftServerConfigKeys (ConfUtils.java:logGet(43)) - raft.server.log.appender.snapshot.chunk.size.max = 16MB (=16777216) (default)
2019-08-20 13:59:51,262 [895a69ca-0d52-44fe-bfc6-07a3d9e96002:group-CF335F4F03B1:LeaderElection76] INFO  server.RaftServerConfigKeys (ConfUtils.java:logGet(43)) - raft.server.log.appender.buffer.byte-limit = 33554432 (custom)
2019-08-20 13:59:51,262 [895a69ca-0d52-44fe-bfc6-07a3d9e96002:group-CF335F4F03B1:LeaderElection76] INFO  server.RaftServerConfigKeys (ConfUtils.java:logGet(43)) - raft.server.log.appender.buffer.element-limit = 1 (custom)
2019-08-20 13:59:51,262 [895a69ca-0d52-44fe-bfc6-07a3d9e96002:group-CF335F4F03B1:LeaderElection76] INFO  grpc.GrpcConfigKeys$Server (ConfUtils.java:logGet(43)) - raft.grpc.server.leader.outstanding.appends.max = 128 (default)
2019-08-20 13:59:51,262 [895a69ca-0d52-44fe-bfc6-07a3d9e96002:group-CF335F4F03B1:LeaderElection76] INFO  server.RaftServerConfigKeys (ConfUtils.java:logGet(43)) - raft.server.rpc.request.timeout = 3000ms (default)
2019-08-20 13:59:51,262 [895a69ca-0d52-44fe-bfc6-07a3d9e96002:group-CF335F4F03B1:LeaderElection76] INFO  server.RaftServerConfigKeys (ConfUtils.java:logGet(43)) - raft.server.log.appender.install.snapshot.enabled = false (custom)
2019-08-20 13:59:51,262 [895a69ca-0d52-44fe-bfc6-07a3d9e96002:group-CF335F4F03B1:LeaderElection76] INFO  server.RaftServerConfigKeys (ConfUtils.java:logGet(43)) - raft.server.log.appender.snapshot.chunk.size.max = 16MB (=16777216) (default)
2019-08-20 13:59:51,262 [895a69ca-0d52-44fe-bfc6-07a3d9e96002:group-CF335F4F03B1:LeaderElection76] INFO  server.RaftServerConfigKeys (ConfUtils.java:logGet(43)) - raft.server.log.appender.buffer.byte-limit = 33554432 (custom)
2019-08-20 13:59:51,262 [895a69ca-0d52-44fe-bfc6-07a3d9e96002:group-CF335F4F03B1:LeaderElection76] INFO  server.RaftServerConfigKeys (ConfUtils.java:logGet(43)) - raft.server.log.appender.buffer.element-limit = 1 (custom)
2019-08-20 13:59:51,262 [895a69ca-0d52-44fe-bfc6-07a3d9e96002:group-CF335F4F03B1:LeaderElection76] INFO  grpc.GrpcConfigKeys$Server (ConfUtils.java:logGet(43)) - raft.grpc.server.leader.outstanding.appends.max = 128 (default)
2019-08-20 13:59:51,262 [895a69ca-0d52-44fe-bfc6-07a3d9e96002:group-CF335F4F03B1:LeaderElection76] INFO  server.RaftServerConfigKeys (ConfUtils.java:logGet(43)) - raft.server.rpc.request.timeout = 3000ms (default)
2019-08-20 13:59:51,263 [895a69ca-0d52-44fe-bfc6-07a3d9e96002:group-CF335F4F03B1:LeaderElection76] INFO  server.RaftServerConfigKeys (ConfUtils.java:logGet(43)) - raft.server.log.appender.install.snapshot.enabled = false (custom)
2019-08-20 13:59:51,263 [895a69ca-0d52-44fe-bfc6-07a3d9e96002:group-CF335F4F03B1:LeaderElection76] INFO  impl.RoleInfo (RoleInfo.java:updateAndGet(143)) - 895a69ca-0d52-44fe-bfc6-07a3d9e96002: start LeaderState
2019-08-20 13:59:51,263 [895a69ca-0d52-44fe-bfc6-07a3d9e96002:group-CF335F4F03B1:LeaderElection76] INFO  segmented.SegmentedRaftLogWorker (SegmentedRaftLogWorker.java:startLogSegment(380)) - 895a69ca-0d52-44fe-bfc6-07a3d9e96002-SegmentedRaftLogWorker:Storage Directory /workdir/hadoop-ozone/integration-test/target/test-dir/MiniOzoneClusterImpl-d4c3f63e-79eb-48dd-b907-15aeed9be1d5/datanode-0/data/ratis/32056dbf-1fab-4dd8-b0fb-cf335f4f03b1: Starting segment from index:0
2019-08-20 13:59:51,263 [895a69ca-0d52-44fe-bfc6-07a3d9e96002:group-CF335F4F03B1:LeaderElection76] INFO  impl.RaftServerImpl (ServerState.java:setRaftConf(361)) - 895a69ca-0d52-44fe-bfc6-07a3d9e96002:group-CF335F4F03B1 set configuration 0: [864d677d-0c2a-4713-be84-66338b63a444:192.168.69.96:39258, 029e4ca0-8cda-46b0-9d42-cc14ecee78cf:192.168.69.96:45863, 895a69ca-0d52-44fe-bfc6-07a3d9e96002:192.168.69.96:41972], old=null at 0
2019-08-20 13:59:51,279 [grpc-default-executor-7] INFO  impl.RaftServerImpl (ServerState.java:setLeader(263)) - 864d677d-0c2a-4713-be84-66338b63a444:group-CF335F4F03B1 change Leader from null to 895a69ca-0d52-44fe-bfc6-07a3d9e96002 at term 1 for appendEntries, leader elected after 5092ms
2019-08-20 13:59:51,279 [grpc-default-executor-12] INFO  impl.RaftServerImpl (ServerState.java:setLeader(263)) - 029e4ca0-8cda-46b0-9d42-cc14ecee78cf:group-CF335F4F03B1 change Leader from null to 895a69ca-0d52-44fe-bfc6-07a3d9e96002 at term 1 for appendEntries, leader elected after 5092ms
2019-08-20 13:59:51,282 [895a69ca-0d52-44fe-bfc6-07a3d9e96002-SegmentedRaftLogWorker:Storage Directory /workdir/hadoop-ozone/integration-test/target/test-dir/MiniOzoneClusterImpl-d4c3f63e-79eb-48dd-b907-15aeed9be1d5/datanode-0/data/ratis/32056dbf-1fab-4dd8-b0fb-cf335f4f03b1] INFO  segmented.SegmentedRaftLogWorker (SegmentedRaftLogWorker.java:execute(569)) - 895a69ca-0d52-44fe-bfc6-07a3d9e96002-SegmentedRaftLogWorker:Storage Directory /workdir/hadoop-ozone/integration-test/target/test-dir/MiniOzoneClusterImpl-d4c3f63e-79eb-48dd-b907-15aeed9be1d5/datanode-0/data/ratis/32056dbf-1fab-4dd8-b0fb-cf335f4f03b1: created new log segment /workdir/hadoop-ozone/integration-test/target/test-dir/MiniOzoneClusterImpl-d4c3f63e-79eb-48dd-b907-15aeed9be1d5/datanode-0/data/ratis/32056dbf-1fab-4dd8-b0fb-cf335f4f03b1/current/log_inprogress_0
2019-08-20 13:59:51,284 [Thread-3622] INFO  impl.FollowerState (FollowerState.java:run(106)) - 864d677d-0c2a-4713-be84-66338b63a444:group-3BF84C36FAFC changes to CANDIDATE, lastRpcTime:5147, electionTimeout:5147ms
2019-08-20 13:59:51,284 [Thread-3622] INFO  impl.RoleInfo (RoleInfo.java:shutdownFollowerState(121)) - 864d677d-0c2a-4713-be84-66338b63a444: shutdown FollowerState
2019-08-20 13:59:51,284 [Thread-3622] INFO  impl.RaftServerImpl (RaftServerImpl.java:setRole(171)) - 864d677d-0c2a-4713-be84-66338b63a444:group-3BF84C36FAFC changes role from FOLLOWER to CANDIDATE at term 0 for changeToCandidate
2019-08-20 13:59:51,284 [Thread-3622] INFO  impl.RoleInfo (RoleInfo.java:updateAndGet(143)) - 864d677d-0c2a-4713-be84-66338b63a444: start LeaderElection
2019-08-20 13:59:51,296 [grpc-default-executor-12] INFO  impl.RaftServerImpl (ServerState.java:setRaftConf(361)) - 029e4ca0-8cda-46b0-9d42-cc14ecee78cf:group-CF335F4F03B1 set configuration 0: [864d677d-0c2a-4713-be84-66338b63a444:192.168.69.96:39258, 029e4ca0-8cda-46b0-9d42-cc14ecee78cf:192.168.69.96:45863, 895a69ca-0d52-44fe-bfc6-07a3d9e96002:192.168.69.96:41972], old=null at 0
2019-08-20 13:59:51,296 [grpc-default-executor-7] INFO  impl.RaftServerImpl (ServerState.java:setRaftConf(361)) - 864d677d-0c2a-4713-be84-66338b63a444:group-CF335F4F03B1 set configuration 0: [864d677d-0c2a-4713-be84-66338b63a444:192.168.69.96:39258, 029e4ca0-8cda-46b0-9d42-cc14ecee78cf:192.168.69.96:45863, 895a69ca-0d52-44fe-bfc6-07a3d9e96002:192.168.69.96:41972], old=null at 0
2019-08-20 13:59:51,297 [grpc-default-executor-12] INFO  segmented.SegmentedRaftLogWorker (SegmentedRaftLogWorker.java:startLogSegment(380)) - 029e4ca0-8cda-46b0-9d42-cc14ecee78cf-SegmentedRaftLogWorker:Storage Directory /workdir/hadoop-ozone/integration-test/target/test-dir/MiniOzoneClusterImpl-d4c3f63e-79eb-48dd-b907-15aeed9be1d5/datanode-1/data/ratis/32056dbf-1fab-4dd8-b0fb-cf335f4f03b1: Starting segment from index:0
2019-08-20 13:59:51,297 [grpc-default-executor-7] INFO  segmented.SegmentedRaftLogWorker (SegmentedRaftLogWorker.java:startLogSegment(380)) - 864d677d-0c2a-4713-be84-66338b63a444-SegmentedRaftLogWorker:Storage Directory /workdir/hadoop-ozone/integration-test/target/test-dir/MiniOzoneClusterImpl-d4c3f63e-79eb-48dd-b907-15aeed9be1d5/datanode-2/data/ratis/32056dbf-1fab-4dd8-b0fb-cf335f4f03b1: Starting segment from index:0
2019-08-20 13:59:51,301 [864d677d-0c2a-4713-be84-66338b63a444:group-3BF84C36FAFC:LeaderElection77] INFO  impl.LeaderElection (LeaderElection.java:askForVotes(181)) - 864d677d-0c2a-4713-be84-66338b63a444:group-3BF84C36FAFC:LeaderElection77: begin an election at term 1 for -1: [864d677d-0c2a-4713-be84-66338b63a444:192.168.69.96:39258], old=null
2019-08-20 13:59:51,301 [864d677d-0c2a-4713-be84-66338b63a444:group-3BF84C36FAFC:LeaderElection77] INFO  impl.RoleInfo (RoleInfo.java:shutdownLeaderElection(134)) - 864d677d-0c2a-4713-be84-66338b63a444: shutdown LeaderElection
2019-08-20 13:59:51,301 [864d677d-0c2a-4713-be84-66338b63a444:group-3BF84C36FAFC:LeaderElection77] INFO  impl.RaftServerImpl (RaftServerImpl.java:setRole(171)) - 864d677d-0c2a-4713-be84-66338b63a444:group-3BF84C36FAFC changes role from CANDIDATE to LEADER at term 1 for changeToLeader
2019-08-20 13:59:51,301 [864d677d-0c2a-4713-be84-66338b63a444:group-3BF84C36FAFC:LeaderElection77] INFO  impl.RaftServerImpl (ServerState.java:setLeader(263)) - 864d677d-0c2a-4713-be84-66338b63a444:group-3BF84C36FAFC change Leader from null to 864d677d-0c2a-4713-be84-66338b63a444 at term 1 for becomeLeader, leader elected after 5168ms
2019-08-20 13:59:51,301 [864d677d-0c2a-4713-be84-66338b63a444:group-3BF84C36FAFC:LeaderElection77] INFO  server.RaftServerConfigKeys (ConfUtils.java:logGet(43)) - raft.server.staging.catchup.gap = 1000 (default)
2019-08-20 13:59:51,301 [864d677d-0c2a-4713-be84-66338b63a444:group-3BF84C36FAFC:LeaderElection77] INFO  server.RaftServerConfigKeys (ConfUtils.java:logGet(43)) - raft.server.rpc.sleep.time = 25ms (default)
2019-08-20 13:59:51,302 [864d677d-0c2a-4713-be84-66338b63a444:group-3BF84C36FAFC:LeaderElection77] INFO  server.RaftServerConfigKeys (ConfUtils.java:logGet(43)) - raft.server.write.element-limit = 4096 (default)
2019-08-20 13:59:51,302 [864d677d-0c2a-4713-be84-66338b63a444:group-3BF84C36FAFC:LeaderElection77] INFO  server.RaftServerConfigKeys (ConfUtils.java:logGet(43)) - raft.server.watch.timeout = 10s (default)
2019-08-20 13:59:51,302 [864d677d-0c2a-4713-be84-66338b63a444:group-3BF84C36FAFC:LeaderElection77] INFO  server.RaftServerConfigKeys (ConfUtils.java:logGet(43)) - raft.server.watch.timeout.denomination = 1s (default)
2019-08-20 13:59:51,302 [864d677d-0c2a-4713-be84-66338b63a444:group-3BF84C36FAFC:LeaderElection77] INFO  server.RaftServerConfigKeys (ConfUtils.java:logGet(43)) - raft.server.watch.element-limit = 65536 (default)
2019-08-20 13:59:51,302 [864d677d-0c2a-4713-be84-66338b63a444:group-3BF84C36FAFC:LeaderElection77] INFO  impl.RoleInfo (RoleInfo.java:updateAndGet(143)) - 864d677d-0c2a-4713-be84-66338b63a444: start LeaderState
2019-08-20 13:59:51,302 [864d677d-0c2a-4713-be84-66338b63a444:group-3BF84C36FAFC:LeaderElection77] INFO  segmented.SegmentedRaftLogWorker (SegmentedRaftLogWorker.java:startLogSegment(380)) - 864d677d-0c2a-4713-be84-66338b63a444-SegmentedRaftLogWorker:Storage Directory /workdir/hadoop-ozone/integration-test/target/test-dir/MiniOzoneClusterImpl-d4c3f63e-79eb-48dd-b907-15aeed9be1d5/datanode-2/data/ratis/c0d68807-426f-4b5d-8896-3bf84c36fafc: Starting segment from index:0
2019-08-20 13:59:51,303 [864d677d-0c2a-4713-be84-66338b63a444:group-3BF84C36FAFC:LeaderElection77] INFO  impl.RaftServerImpl (ServerState.java:setRaftConf(361)) - 864d677d-0c2a-4713-be84-66338b63a444:group-3BF84C36FAFC set configuration 0: [864d677d-0c2a-4713-be84-66338b63a444:192.168.69.96:39258], old=null at 0
2019-08-20 13:59:51,355 [029e4ca0-8cda-46b0-9d42-cc14ecee78cf-SegmentedRaftLogWorker:Storage Directory /workdir/hadoop-ozone/integration-test/target/test-dir/MiniOzoneClusterImpl-d4c3f63e-79eb-48dd-b907-15aeed9be1d5/datanode-1/data/ratis/32056dbf-1fab-4dd8-b0fb-cf335f4f03b1] INFO  segmented.SegmentedRaftLogWorker (SegmentedRaftLogWorker.java:execute(569)) - 029e4ca0-8cda-46b0-9d42-cc14ecee78cf-SegmentedRaftLogWorker:Storage Directory /workdir/hadoop-ozone/integration-test/target/test-dir/MiniOzoneClusterImpl-d4c3f63e-79eb-48dd-b907-15aeed9be1d5/datanode-1/data/ratis/32056dbf-1fab-4dd8-b0fb-cf335f4f03b1: created new log segment /workdir/hadoop-ozone/integration-test/target/test-dir/MiniOzoneClusterImpl-d4c3f63e-79eb-48dd-b907-15aeed9be1d5/datanode-1/data/ratis/32056dbf-1fab-4dd8-b0fb-cf335f4f03b1/current/log_inprogress_0
2019-08-20 13:59:51,355 [864d677d-0c2a-4713-be84-66338b63a444-SegmentedRaftLogWorker:Storage Directory /workdir/hadoop-ozone/integration-test/target/test-dir/MiniOzoneClusterImpl-d4c3f63e-79eb-48dd-b907-15aeed9be1d5/datanode-2/data/ratis/c0d68807-426f-4b5d-8896-3bf84c36fafc] INFO  segmented.SegmentedRaftLogWorker (SegmentedRaftLogWorker.java:execute(569)) - 864d677d-0c2a-4713-be84-66338b63a444-SegmentedRaftLogWorker:Storage Directory /workdir/hadoop-ozone/integration-test/target/test-dir/MiniOzoneClusterImpl-d4c3f63e-79eb-48dd-b907-15aeed9be1d5/datanode-2/data/ratis/c0d68807-426f-4b5d-8896-3bf84c36fafc: created new log segment /workdir/hadoop-ozone/integration-test/target/test-dir/MiniOzoneClusterImpl-d4c3f63e-79eb-48dd-b907-15aeed9be1d5/datanode-2/data/ratis/c0d68807-426f-4b5d-8896-3bf84c36fafc/current/log_inprogress_0
2019-08-20 13:59:51,355 [864d677d-0c2a-4713-be84-66338b63a444-SegmentedRaftLogWorker:Storage Directory /workdir/hadoop-ozone/integration-test/target/test-dir/MiniOzoneClusterImpl-d4c3f63e-79eb-48dd-b907-15aeed9be1d5/datanode-2/data/ratis/32056dbf-1fab-4dd8-b0fb-cf335f4f03b1] INFO  segmented.SegmentedRaftLogWorker (SegmentedRaftLogWorker.java:execute(569)) - 864d677d-0c2a-4713-be84-66338b63a444-SegmentedRaftLogWorker:Storage Directory /workdir/hadoop-ozone/integration-test/target/test-dir/MiniOzoneClusterImpl-d4c3f63e-79eb-48dd-b907-15aeed9be1d5/datanode-2/data/ratis/32056dbf-1fab-4dd8-b0fb-cf335f4f03b1: created new log segment /workdir/hadoop-ozone/integration-test/target/test-dir/MiniOzoneClusterImpl-d4c3f63e-79eb-48dd-b907-15aeed9be1d5/datanode-2/data/ratis/32056dbf-1fab-4dd8-b0fb-cf335f4f03b1/current/log_inprogress_0
2019-08-20 13:59:51,385 | INFO  | SCMAudit | user=jenkins1000 | ip=192.168.69.96 | op=SEND_HEARTBEAT {datanodeUUID=268dc375-fa5b-4fbf-aa95-3805ce267cde, command=[]} | ret=SUCCESS |  
2019-08-20 13:59:51,480 [Thread-3634] INFO  impl.FollowerState (FollowerState.java:run(106)) - d0905ab9-d1e1-4c01-8e50-39a321b68c5a:group-51A30178F2BA changes to CANDIDATE, lastRpcTime:5199, electionTimeout:5199ms
2019-08-20 13:59:51,480 [Thread-3634] INFO  impl.RoleInfo (RoleInfo.java:shutdownFollowerState(121)) - d0905ab9-d1e1-4c01-8e50-39a321b68c5a: shutdown FollowerState
2019-08-20 13:59:51,480 [Thread-3634] INFO  impl.RaftServerImpl (RaftServerImpl.java:setRole(171)) - d0905ab9-d1e1-4c01-8e50-39a321b68c5a:group-51A30178F2BA changes role from FOLLOWER to CANDIDATE at term 0 for changeToCandidate
2019-08-20 13:59:51,481 [Thread-3634] INFO  impl.RoleInfo (RoleInfo.java:updateAndGet(143)) - d0905ab9-d1e1-4c01-8e50-39a321b68c5a: start LeaderElection
2019-08-20 13:59:51,490 [d0905ab9-d1e1-4c01-8e50-39a321b68c5a:group-51A30178F2BA:LeaderElection78] INFO  impl.LeaderElection (LeaderElection.java:askForVotes(181)) - d0905ab9-d1e1-4c01-8e50-39a321b68c5a:group-51A30178F2BA:LeaderElection78: begin an election at term 1 for -1: [d0905ab9-d1e1-4c01-8e50-39a321b68c5a:192.168.69.96:45647], old=null
2019-08-20 13:59:51,490 [d0905ab9-d1e1-4c01-8e50-39a321b68c5a:group-51A30178F2BA:LeaderElection78] INFO  impl.RoleInfo (RoleInfo.java:shutdownLeaderElection(134)) - d0905ab9-d1e1-4c01-8e50-39a321b68c5a: shutdown LeaderElection
2019-08-20 13:59:51,490 [d0905ab9-d1e1-4c01-8e50-39a321b68c5a:group-51A30178F2BA:LeaderElection78] INFO  impl.RaftServerImpl (RaftServerImpl.java:setRole(171)) - d0905ab9-d1e1-4c01-8e50-39a321b68c5a:group-51A30178F2BA changes role from CANDIDATE to LEADER at term 1 for changeToLeader
2019-08-20 13:59:51,490 [d0905ab9-d1e1-4c01-8e50-39a321b68c5a:group-51A30178F2BA:LeaderElection78] INFO  impl.RaftServerImpl (ServerState.java:setLeader(263)) - d0905ab9-d1e1-4c01-8e50-39a321b68c5a:group-51A30178F2BA change Leader from null to d0905ab9-d1e1-4c01-8e50-39a321b68c5a at term 1 for becomeLeader, leader elected after 5212ms
2019-08-20 13:59:51,490 [d0905ab9-d1e1-4c01-8e50-39a321b68c5a:group-51A30178F2BA:LeaderElection78] INFO  server.RaftServerConfigKeys (ConfUtils.java:logGet(43)) - raft.server.staging.catchup.gap = 1000 (default)
2019-08-20 13:59:51,490 [d0905ab9-d1e1-4c01-8e50-39a321b68c5a:group-51A30178F2BA:LeaderElection78] INFO  server.RaftServerConfigKeys (ConfUtils.java:logGet(43)) - raft.server.rpc.sleep.time = 25ms (default)
2019-08-20 13:59:51,491 [d0905ab9-d1e1-4c01-8e50-39a321b68c5a:group-51A30178F2BA:LeaderElection78] INFO  server.RaftServerConfigKeys (ConfUtils.java:logGet(43)) - raft.server.write.element-limit = 4096 (default)
2019-08-20 13:59:51,491 [d0905ab9-d1e1-4c01-8e50-39a321b68c5a:group-51A30178F2BA:LeaderElection78] INFO  server.RaftServerConfigKeys (ConfUtils.java:logGet(43)) - raft.server.watch.timeout = 10s (default)
2019-08-20 13:59:51,491 [d0905ab9-d1e1-4c01-8e50-39a321b68c5a:group-51A30178F2BA:LeaderElection78] INFO  server.RaftServerConfigKeys (ConfUtils.java:logGet(43)) - raft.server.watch.timeout.denomination = 1s (default)
2019-08-20 13:59:51,491 [d0905ab9-d1e1-4c01-8e50-39a321b68c5a:group-51A30178F2BA:LeaderElection78] INFO  server.RaftServerConfigKeys (ConfUtils.java:logGet(43)) - raft.server.watch.element-limit = 65536 (default)
2019-08-20 13:59:51,491 [d0905ab9-d1e1-4c01-8e50-39a321b68c5a:group-51A30178F2BA:LeaderElection78] INFO  impl.RoleInfo (RoleInfo.java:updateAndGet(143)) - d0905ab9-d1e1-4c01-8e50-39a321b68c5a: start LeaderState
2019-08-20 13:59:51,491 [d0905ab9-d1e1-4c01-8e50-39a321b68c5a:group-51A30178F2BA:LeaderElection78] INFO  segmented.SegmentedRaftLogWorker (SegmentedRaftLogWorker.java:startLogSegment(380)) - d0905ab9-d1e1-4c01-8e50-39a321b68c5a-SegmentedRaftLogWorker:Storage Directory /workdir/hadoop-ozone/integration-test/target/test-dir/MiniOzoneClusterImpl-d4c3f63e-79eb-48dd-b907-15aeed9be1d5/datanode-3/data/ratis/f368073d-90f2-4bc4-a8ac-51a30178f2ba: Starting segment from index:0
2019-08-20 13:59:51,492 [d0905ab9-d1e1-4c01-8e50-39a321b68c5a:group-51A30178F2BA:LeaderElection78] INFO  impl.RaftServerImpl (ServerState.java:setRaftConf(361)) - d0905ab9-d1e1-4c01-8e50-39a321b68c5a:group-51A30178F2BA set configuration 0: [d0905ab9-d1e1-4c01-8e50-39a321b68c5a:192.168.69.96:45647], old=null at 0
2019-08-20 13:59:51,511 [d0905ab9-d1e1-4c01-8e50-39a321b68c5a-SegmentedRaftLogWorker:Storage Directory /workdir/hadoop-ozone/integration-test/target/test-dir/MiniOzoneClusterImpl-d4c3f63e-79eb-48dd-b907-15aeed9be1d5/datanode-3/data/ratis/f368073d-90f2-4bc4-a8ac-51a30178f2ba] INFO  segmented.SegmentedRaftLogWorker (SegmentedRaftLogWorker.java:execute(569)) - d0905ab9-d1e1-4c01-8e50-39a321b68c5a-SegmentedRaftLogWorker:Storage Directory /workdir/hadoop-ozone/integration-test/target/test-dir/MiniOzoneClusterImpl-d4c3f63e-79eb-48dd-b907-15aeed9be1d5/datanode-3/data/ratis/f368073d-90f2-4bc4-a8ac-51a30178f2ba: created new log segment /workdir/hadoop-ozone/integration-test/target/test-dir/MiniOzoneClusterImpl-d4c3f63e-79eb-48dd-b907-15aeed9be1d5/datanode-3/data/ratis/f368073d-90f2-4bc4-a8ac-51a30178f2ba/current/log_inprogress_0
2019-08-20 13:59:51,536 | INFO  | SCMAudit | user=jenkins1000 | ip=192.168.69.96 | op=SEND_HEARTBEAT {datanodeUUID=ee5c976b-fc81-41d2-a9c3-a7b83a5ca1a4, command=[]} | ret=SUCCESS |  
2019-08-20 13:59:51,573 [Thread-3637] INFO  impl.FollowerState (FollowerState.java:run(106)) - 268dc375-fa5b-4fbf-aa95-3805ce267cde:group-BD54B685B965 changes to CANDIDATE, lastRpcTime:5149, electionTimeout:5149ms
2019-08-20 13:59:51,573 [Thread-3637] INFO  impl.RoleInfo (RoleInfo.java:shutdownFollowerState(121)) - 268dc375-fa5b-4fbf-aa95-3805ce267cde: shutdown FollowerState
2019-08-20 13:59:51,574 [Thread-3637] INFO  impl.RaftServerImpl (RaftServerImpl.java:setRole(171)) - 268dc375-fa5b-4fbf-aa95-3805ce267cde:group-BD54B685B965 changes role from FOLLOWER to CANDIDATE at term 0 for changeToCandidate
2019-08-20 13:59:51,574 [Thread-3637] INFO  impl.RoleInfo (RoleInfo.java:updateAndGet(143)) - 268dc375-fa5b-4fbf-aa95-3805ce267cde: start LeaderElection
2019-08-20 13:59:51,590 [268dc375-fa5b-4fbf-aa95-3805ce267cde:group-BD54B685B965:LeaderElection79] INFO  impl.LeaderElection (LeaderElection.java:askForVotes(181)) - 268dc375-fa5b-4fbf-aa95-3805ce267cde:group-BD54B685B965:LeaderElection79: begin an election at term 1 for -1: [268dc375-fa5b-4fbf-aa95-3805ce267cde:192.168.69.96:36401], old=null
2019-08-20 13:59:51,590 [268dc375-fa5b-4fbf-aa95-3805ce267cde:group-BD54B685B965:LeaderElection79] INFO  impl.RoleInfo (RoleInfo.java:shutdownLeaderElection(134)) - 268dc375-fa5b-4fbf-aa95-3805ce267cde: shutdown LeaderElection
2019-08-20 13:59:51,590 [268dc375-fa5b-4fbf-aa95-3805ce267cde:group-BD54B685B965:LeaderElection79] INFO  impl.RaftServerImpl (RaftServerImpl.java:setRole(171)) - 268dc375-fa5b-4fbf-aa95-3805ce267cde:group-BD54B685B965 changes role from CANDIDATE to LEADER at term 1 for changeToLeader
2019-08-20 13:59:51,590 [268dc375-fa5b-4fbf-aa95-3805ce267cde:group-BD54B685B965:LeaderElection79] INFO  impl.RaftServerImpl (ServerState.java:setLeader(263)) - 268dc375-fa5b-4fbf-aa95-3805ce267cde:group-BD54B685B965 change Leader from null to 268dc375-fa5b-4fbf-aa95-3805ce267cde at term 1 for becomeLeader, leader elected after 5170ms
2019-08-20 13:59:51,590 [268dc375-fa5b-4fbf-aa95-3805ce267cde:group-BD54B685B965:LeaderElection79] INFO  server.RaftServerConfigKeys (ConfUtils.java:logGet(43)) - raft.server.staging.catchup.gap = 1000 (default)
2019-08-20 13:59:51,590 [268dc375-fa5b-4fbf-aa95-3805ce267cde:group-BD54B685B965:LeaderElection79] INFO  server.RaftServerConfigKeys (ConfUtils.java:logGet(43)) - raft.server.rpc.sleep.time = 25ms (default)
2019-08-20 13:59:51,590 [268dc375-fa5b-4fbf-aa95-3805ce267cde:group-BD54B685B965:LeaderElection79] INFO  server.RaftServerConfigKeys (ConfUtils.java:logGet(43)) - raft.server.write.element-limit = 4096 (default)
2019-08-20 13:59:51,590 [268dc375-fa5b-4fbf-aa95-3805ce267cde:group-BD54B685B965:LeaderElection79] INFO  server.RaftServerConfigKeys (ConfUtils.java:logGet(43)) - raft.server.watch.timeout = 10s (default)
2019-08-20 13:59:51,591 [268dc375-fa5b-4fbf-aa95-3805ce267cde:group-BD54B685B965:LeaderElection79] INFO  server.RaftServerConfigKeys (ConfUtils.java:logGet(43)) - raft.server.watch.timeout.denomination = 1s (default)
2019-08-20 13:59:51,591 [268dc375-fa5b-4fbf-aa95-3805ce267cde:group-BD54B685B965:LeaderElection79] INFO  server.RaftServerConfigKeys (ConfUtils.java:logGet(43)) - raft.server.watch.element-limit = 65536 (default)
2019-08-20 13:59:51,591 [268dc375-fa5b-4fbf-aa95-3805ce267cde:group-BD54B685B965:LeaderElection79] INFO  impl.RoleInfo (RoleInfo.java:updateAndGet(143)) - 268dc375-fa5b-4fbf-aa95-3805ce267cde: start LeaderState
2019-08-20 13:59:51,591 [268dc375-fa5b-4fbf-aa95-3805ce267cde:group-BD54B685B965:LeaderElection79] INFO  segmented.SegmentedRaftLogWorker (SegmentedRaftLogWorker.java:startLogSegment(380)) - 268dc375-fa5b-4fbf-aa95-3805ce267cde-SegmentedRaftLogWorker:Storage Directory /workdir/hadoop-ozone/integration-test/target/test-dir/MiniOzoneClusterImpl-d4c3f63e-79eb-48dd-b907-15aeed9be1d5/datanode-4/data/ratis/bdb882ca-a1fb-42ad-b62d-bd54b685b965: Starting segment from index:0
2019-08-20 13:59:51,591 [268dc375-fa5b-4fbf-aa95-3805ce267cde:group-BD54B685B965:LeaderElection79] INFO  impl.RaftServerImpl (ServerState.java:setRaftConf(361)) - 268dc375-fa5b-4fbf-aa95-3805ce267cde:group-BD54B685B965 set configuration 0: [268dc375-fa5b-4fbf-aa95-3805ce267cde:192.168.69.96:36401], old=null at 0
2019-08-20 13:59:51,611 [268dc375-fa5b-4fbf-aa95-3805ce267cde-SegmentedRaftLogWorker:Storage Directory /workdir/hadoop-ozone/integration-test/target/test-dir/MiniOzoneClusterImpl-d4c3f63e-79eb-48dd-b907-15aeed9be1d5/datanode-4/data/ratis/bdb882ca-a1fb-42ad-b62d-bd54b685b965] INFO  segmented.SegmentedRaftLogWorker (SegmentedRaftLogWorker.java:execute(569)) - 268dc375-fa5b-4fbf-aa95-3805ce267cde-SegmentedRaftLogWorker:Storage Directory /workdir/hadoop-ozone/integration-test/target/test-dir/MiniOzoneClusterImpl-d4c3f63e-79eb-48dd-b907-15aeed9be1d5/datanode-4/data/ratis/bdb882ca-a1fb-42ad-b62d-bd54b685b965: created new log segment /workdir/hadoop-ozone/integration-test/target/test-dir/MiniOzoneClusterImpl-d4c3f63e-79eb-48dd-b907-15aeed9be1d5/datanode-4/data/ratis/bdb882ca-a1fb-42ad-b62d-bd54b685b965/current/log_inprogress_0
2019-08-20 13:59:51,611 [Thread-3640] INFO  impl.FollowerState (FollowerState.java:run(106)) - ee5c976b-fc81-41d2-a9c3-a7b83a5ca1a4:group-D1F0CF6B313F changes to CANDIDATE, lastRpcTime:5033, electionTimeout:5033ms
2019-08-20 13:59:51,611 [Thread-3640] INFO  impl.RoleInfo (RoleInfo.java:shutdownFollowerState(121)) - ee5c976b-fc81-41d2-a9c3-a7b83a5ca1a4: shutdown FollowerState
2019-08-20 13:59:51,611 [Thread-3640] INFO  impl.RaftServerImpl (RaftServerImpl.java:setRole(171)) - ee5c976b-fc81-41d2-a9c3-a7b83a5ca1a4:group-D1F0CF6B313F changes role from FOLLOWER to CANDIDATE at term 0 for changeToCandidate
2019-08-20 13:59:51,611 [Thread-3640] INFO  impl.RoleInfo (RoleInfo.java:updateAndGet(143)) - ee5c976b-fc81-41d2-a9c3-a7b83a5ca1a4: start LeaderElection
2019-08-20 13:59:51,619 [ee5c976b-fc81-41d2-a9c3-a7b83a5ca1a4:group-D1F0CF6B313F:LeaderElection80] INFO  impl.LeaderElection (LeaderElection.java:askForVotes(181)) - ee5c976b-fc81-41d2-a9c3-a7b83a5ca1a4:group-D1F0CF6B313F:LeaderElection80: begin an election at term 1 for -1: [ee5c976b-fc81-41d2-a9c3-a7b83a5ca1a4:192.168.69.96:38471], old=null
2019-08-20 13:59:51,619 [ee5c976b-fc81-41d2-a9c3-a7b83a5ca1a4:group-D1F0CF6B313F:LeaderElection80] INFO  impl.RoleInfo (RoleInfo.java:shutdownLeaderElection(134)) - ee5c976b-fc81-41d2-a9c3-a7b83a5ca1a4: shutdown LeaderElection
2019-08-20 13:59:51,619 [ee5c976b-fc81-41d2-a9c3-a7b83a5ca1a4:group-D1F0CF6B313F:LeaderElection80] INFO  impl.RaftServerImpl (RaftServerImpl.java:setRole(171)) - ee5c976b-fc81-41d2-a9c3-a7b83a5ca1a4:group-D1F0CF6B313F changes role from CANDIDATE to LEADER at term 1 for changeToLeader
2019-08-20 13:59:51,620 [ee5c976b-fc81-41d2-a9c3-a7b83a5ca1a4:group-D1F0CF6B313F:LeaderElection80] INFO  impl.RaftServerImpl (ServerState.java:setLeader(263)) - ee5c976b-fc81-41d2-a9c3-a7b83a5ca1a4:group-D1F0CF6B313F change Leader from null to ee5c976b-fc81-41d2-a9c3-a7b83a5ca1a4 at term 1 for becomeLeader, leader elected after 5046ms
2019-08-20 13:59:51,620 [ee5c976b-fc81-41d2-a9c3-a7b83a5ca1a4:group-D1F0CF6B313F:LeaderElection80] INFO  server.RaftServerConfigKeys (ConfUtils.java:logGet(43)) - raft.server.staging.catchup.gap = 1000 (default)
2019-08-20 13:59:51,620 [ee5c976b-fc81-41d2-a9c3-a7b83a5ca1a4:group-D1F0CF6B313F:LeaderElection80] INFO  server.RaftServerConfigKeys (ConfUtils.java:logGet(43)) - raft.server.rpc.sleep.time = 25ms (default)
2019-08-20 13:59:51,620 [ee5c976b-fc81-41d2-a9c3-a7b83a5ca1a4:group-D1F0CF6B313F:LeaderElection80] INFO  server.RaftServerConfigKeys (ConfUtils.java:logGet(43)) - raft.server.write.element-limit = 4096 (default)
2019-08-20 13:59:51,620 [ee5c976b-fc81-41d2-a9c3-a7b83a5ca1a4:group-D1F0CF6B313F:LeaderElection80] INFO  server.RaftServerConfigKeys (ConfUtils.java:logGet(43)) - raft.server.watch.timeout = 10s (default)
2019-08-20 13:59:51,620 [ee5c976b-fc81-41d2-a9c3-a7b83a5ca1a4:group-D1F0CF6B313F:LeaderElection80] INFO  server.RaftServerConfigKeys (ConfUtils.java:logGet(43)) - raft.server.watch.timeout.denomination = 1s (default)
2019-08-20 13:59:51,620 [ee5c976b-fc81-41d2-a9c3-a7b83a5ca1a4:group-D1F0CF6B313F:LeaderElection80] INFO  server.RaftServerConfigKeys (ConfUtils.java:logGet(43)) - raft.server.watch.element-limit = 65536 (default)
2019-08-20 13:59:51,620 [ee5c976b-fc81-41d2-a9c3-a7b83a5ca1a4:group-D1F0CF6B313F:LeaderElection80] INFO  impl.RoleInfo (RoleInfo.java:updateAndGet(143)) - ee5c976b-fc81-41d2-a9c3-a7b83a5ca1a4: start LeaderState
2019-08-20 13:59:51,620 [ee5c976b-fc81-41d2-a9c3-a7b83a5ca1a4:group-D1F0CF6B313F:LeaderElection80] INFO  segmented.SegmentedRaftLogWorker (SegmentedRaftLogWorker.java:startLogSegment(380)) - ee5c976b-fc81-41d2-a9c3-a7b83a5ca1a4-SegmentedRaftLogWorker:Storage Directory /workdir/hadoop-ozone/integration-test/target/test-dir/MiniOzoneClusterImpl-d4c3f63e-79eb-48dd-b907-15aeed9be1d5/datanode-5/data/ratis/313c7473-1e20-499b-87cd-d1f0cf6b313f: Starting segment from index:0
2019-08-20 13:59:51,621 [ee5c976b-fc81-41d2-a9c3-a7b83a5ca1a4:group-D1F0CF6B313F:LeaderElection80] INFO  impl.RaftServerImpl (ServerState.java:setRaftConf(361)) - ee5c976b-fc81-41d2-a9c3-a7b83a5ca1a4:group-D1F0CF6B313F set configuration 0: [ee5c976b-fc81-41d2-a9c3-a7b83a5ca1a4:192.168.69.96:38471], old=null at 0
2019-08-20 13:59:51,657 [ee5c976b-fc81-41d2-a9c3-a7b83a5ca1a4-SegmentedRaftLogWorker:Storage Directory /workdir/hadoop-ozone/integration-test/target/test-dir/MiniOzoneClusterImpl-d4c3f63e-79eb-48dd-b907-15aeed9be1d5/datanode-5/data/ratis/313c7473-1e20-499b-87cd-d1f0cf6b313f] INFO  segmented.SegmentedRaftLogWorker (SegmentedRaftLogWorker.java:execute(569)) - ee5c976b-fc81-41d2-a9c3-a7b83a5ca1a4-SegmentedRaftLogWorker:Storage Directory /workdir/hadoop-ozone/integration-test/target/test-dir/MiniOzoneClusterImpl-d4c3f63e-79eb-48dd-b907-15aeed9be1d5/datanode-5/data/ratis/313c7473-1e20-499b-87cd-d1f0cf6b313f: created new log segment /workdir/hadoop-ozone/integration-test/target/test-dir/MiniOzoneClusterImpl-d4c3f63e-79eb-48dd-b907-15aeed9be1d5/datanode-5/data/ratis/313c7473-1e20-499b-87cd-d1f0cf6b313f/current/log_inprogress_0
2019-08-20 13:59:51,691 | INFO  | SCMAudit | user=jenkins1000 | ip=192.168.69.96 | op=SEND_HEARTBEAT {datanodeUUID=062a344a-b078-4744-8294-3305232dae72, command=[]} | ret=SUCCESS |  
2019-08-20 13:59:51,718 [Thread-3649] INFO  impl.FollowerState (FollowerState.java:run(106)) - 268dc375-fa5b-4fbf-aa95-3805ce267cde:group-19B1C4C6B25A changes to CANDIDATE, lastRpcTime:5084, electionTimeout:5084ms
2019-08-20 13:59:51,718 [Thread-3649] INFO  impl.RoleInfo (RoleInfo.java:shutdownFollowerState(121)) - 268dc375-fa5b-4fbf-aa95-3805ce267cde: shutdown FollowerState
2019-08-20 13:59:51,718 [Thread-3649] INFO  impl.RaftServerImpl (RaftServerImpl.java:setRole(171)) - 268dc375-fa5b-4fbf-aa95-3805ce267cde:group-19B1C4C6B25A changes role from FOLLOWER to CANDIDATE at term 0 for changeToCandidate
2019-08-20 13:59:51,718 [Thread-3649] INFO  impl.RoleInfo (RoleInfo.java:updateAndGet(143)) - 268dc375-fa5b-4fbf-aa95-3805ce267cde: start LeaderElection
2019-08-20 13:59:51,727 [Thread-3645] INFO  impl.FollowerState (FollowerState.java:run(106)) - ee5c976b-fc81-41d2-a9c3-a7b83a5ca1a4:group-19B1C4C6B25A changes to CANDIDATE, lastRpcTime:5103, electionTimeout:5103ms
2019-08-20 13:59:51,727 [Thread-3645] INFO  impl.RoleInfo (RoleInfo.java:shutdownFollowerState(121)) - ee5c976b-fc81-41d2-a9c3-a7b83a5ca1a4: shutdown FollowerState
2019-08-20 13:59:51,727 [Thread-3645] INFO  impl.RaftServerImpl (RaftServerImpl.java:setRole(171)) - ee5c976b-fc81-41d2-a9c3-a7b83a5ca1a4:group-19B1C4C6B25A changes role from FOLLOWER to CANDIDATE at term 0 for changeToCandidate
2019-08-20 13:59:51,727 [Thread-3645] INFO  impl.RoleInfo (RoleInfo.java:updateAndGet(143)) - ee5c976b-fc81-41d2-a9c3-a7b83a5ca1a4: start LeaderElection
2019-08-20 13:59:51,736 [ee5c976b-fc81-41d2-a9c3-a7b83a5ca1a4:group-19B1C4C6B25A:LeaderElection82] INFO  impl.LeaderElection (LeaderElection.java:askForVotes(181)) - ee5c976b-fc81-41d2-a9c3-a7b83a5ca1a4:group-19B1C4C6B25A:LeaderElection82: begin an election at term 1 for -1: [ee5c976b-fc81-41d2-a9c3-a7b83a5ca1a4:192.168.69.96:38471, 268dc375-fa5b-4fbf-aa95-3805ce267cde:192.168.69.96:36401, d0905ab9-d1e1-4c01-8e50-39a321b68c5a:192.168.69.96:45647], old=null
2019-08-20 13:59:51,736 [268dc375-fa5b-4fbf-aa95-3805ce267cde:group-19B1C4C6B25A:LeaderElection81] INFO  impl.LeaderElection (LeaderElection.java:askForVotes(181)) - 268dc375-fa5b-4fbf-aa95-3805ce267cde:group-19B1C4C6B25A:LeaderElection81: begin an election at term 1 for -1: [ee5c976b-fc81-41d2-a9c3-a7b83a5ca1a4:192.168.69.96:38471, 268dc375-fa5b-4fbf-aa95-3805ce267cde:192.168.69.96:36401, d0905ab9-d1e1-4c01-8e50-39a321b68c5a:192.168.69.96:45647], old=null
2019-08-20 13:59:51,741 [grpc-default-executor-6] INFO  impl.RaftServerImpl (RaftServerImpl.java:setRole(171)) - d0905ab9-d1e1-4c01-8e50-39a321b68c5a:group-19B1C4C6B25A changes role from FOLLOWER to FOLLOWER at term 1 for recognizeCandidate:268dc375-fa5b-4fbf-aa95-3805ce267cde
2019-08-20 13:59:51,743 [grpc-default-executor-6] INFO  impl.RoleInfo (RoleInfo.java:shutdownFollowerState(121)) - d0905ab9-d1e1-4c01-8e50-39a321b68c5a: shutdown FollowerState
2019-08-20 13:59:51,743 [grpc-default-executor-6] INFO  impl.RoleInfo (RoleInfo.java:updateAndGet(143)) - d0905ab9-d1e1-4c01-8e50-39a321b68c5a: start FollowerState
2019-08-20 13:59:51,743 [Thread-3644] INFO  impl.FollowerState (FollowerState.java:run(114)) - d0905ab9-d1e1-4c01-8e50-39a321b68c5a: FollowerState was interrupted: java.lang.InterruptedException: sleep interrupted
2019-08-20 13:59:51,751 [ee5c976b-fc81-41d2-a9c3-a7b83a5ca1a4:group-19B1C4C6B25A:LeaderElection82] INFO  impl.LeaderElection (LeaderElection.java:logAndReturn(56)) - ee5c976b-fc81-41d2-a9c3-a7b83a5ca1a4:group-19B1C4C6B25A:LeaderElection82: Election REJECTED; received 2 response(s) [ee5c976b-fc81-41d2-a9c3-a7b83a5ca1a4<-268dc375-fa5b-4fbf-aa95-3805ce267cde#0:FAIL-t1, ee5c976b-fc81-41d2-a9c3-a7b83a5ca1a4<-d0905ab9-d1e1-4c01-8e50-39a321b68c5a#0:FAIL-t1] and 0 exception(s); ee5c976b-fc81-41d2-a9c3-a7b83a5ca1a4:t1, leader=null, voted=ee5c976b-fc81-41d2-a9c3-a7b83a5ca1a4, raftlog=ee5c976b-fc81-41d2-a9c3-a7b83a5ca1a4-SegmentedRaftLog:OPENED:c-1,f-1,i0, conf=-1: [ee5c976b-fc81-41d2-a9c3-a7b83a5ca1a4:192.168.69.96:38471, 268dc375-fa5b-4fbf-aa95-3805ce267cde:192.168.69.96:36401, d0905ab9-d1e1-4c01-8e50-39a321b68c5a:192.168.69.96:45647], old=null
2019-08-20 13:59:51,751 [268dc375-fa5b-4fbf-aa95-3805ce267cde:group-19B1C4C6B25A:LeaderElection81] INFO  impl.LeaderElection (LeaderElection.java:logAndReturn(56)) - 268dc375-fa5b-4fbf-aa95-3805ce267cde:group-19B1C4C6B25A:LeaderElection81: Election PASSED; received 2 response(s) [268dc375-fa5b-4fbf-aa95-3805ce267cde<-ee5c976b-fc81-41d2-a9c3-a7b83a5ca1a4#0:FAIL-t1, 268dc375-fa5b-4fbf-aa95-3805ce267cde<-d0905ab9-d1e1-4c01-8e50-39a321b68c5a#0:OK-t1] and 0 exception(s); 268dc375-fa5b-4fbf-aa95-3805ce267cde:t1, leader=null, voted=268dc375-fa5b-4fbf-aa95-3805ce267cde, raftlog=268dc375-fa5b-4fbf-aa95-3805ce267cde-SegmentedRaftLog:OPENED:c-1,f-1,i0, conf=-1: [ee5c976b-fc81-41d2-a9c3-a7b83a5ca1a4:192.168.69.96:38471, 268dc375-fa5b-4fbf-aa95-3805ce267cde:192.168.69.96:36401, d0905ab9-d1e1-4c01-8e50-39a321b68c5a:192.168.69.96:45647], old=null
2019-08-20 13:59:51,752 [ee5c976b-fc81-41d2-a9c3-a7b83a5ca1a4:group-19B1C4C6B25A:LeaderElection82] INFO  impl.RaftServerImpl (RaftServerImpl.java:setRole(171)) - ee5c976b-fc81-41d2-a9c3-a7b83a5ca1a4:group-19B1C4C6B25A changes role from CANDIDATE to FOLLOWER at term 1 for DISCOVERED_A_NEW_TERM
2019-08-20 13:59:51,752 [268dc375-fa5b-4fbf-aa95-3805ce267cde:group-19B1C4C6B25A:LeaderElection81] INFO  impl.RoleInfo (RoleInfo.java:shutdownLeaderElection(134)) - 268dc375-fa5b-4fbf-aa95-3805ce267cde: shutdown LeaderElection
2019-08-20 13:59:51,752 [ee5c976b-fc81-41d2-a9c3-a7b83a5ca1a4:group-19B1C4C6B25A:LeaderElection82] INFO  impl.RoleInfo (RoleInfo.java:shutdownLeaderElection(134)) - ee5c976b-fc81-41d2-a9c3-a7b83a5ca1a4: shutdown LeaderElection
2019-08-20 13:59:51,752 [268dc375-fa5b-4fbf-aa95-3805ce267cde:group-19B1C4C6B25A:LeaderElection81] INFO  impl.RaftServerImpl (RaftServerImpl.java:setRole(171)) - 268dc375-fa5b-4fbf-aa95-3805ce267cde:group-19B1C4C6B25A changes role from CANDIDATE to LEADER at term 1 for changeToLeader
2019-08-20 13:59:51,752 [ee5c976b-fc81-41d2-a9c3-a7b83a5ca1a4:group-19B1C4C6B25A:LeaderElection82] INFO  impl.RoleInfo (RoleInfo.java:updateAndGet(143)) - ee5c976b-fc81-41d2-a9c3-a7b83a5ca1a4: start FollowerState
2019-08-20 13:59:51,752 [268dc375-fa5b-4fbf-aa95-3805ce267cde:group-19B1C4C6B25A:LeaderElection81] INFO  impl.RaftServerImpl (ServerState.java:setLeader(263)) - 268dc375-fa5b-4fbf-aa95-3805ce267cde:group-19B1C4C6B25A change Leader from null to 268dc375-fa5b-4fbf-aa95-3805ce267cde at term 1 for becomeLeader, leader elected after 5122ms
2019-08-20 13:59:51,752 [268dc375-fa5b-4fbf-aa95-3805ce267cde:group-19B1C4C6B25A:LeaderElection81] INFO  server.RaftServerConfigKeys (ConfUtils.java:logGet(43)) - raft.server.staging.catchup.gap = 1000 (default)
2019-08-20 13:59:51,752 [268dc375-fa5b-4fbf-aa95-3805ce267cde:group-19B1C4C6B25A:LeaderElection81] INFO  server.RaftServerConfigKeys (ConfUtils.java:logGet(43)) - raft.server.rpc.sleep.time = 25ms (default)
2019-08-20 13:59:51,752 [268dc375-fa5b-4fbf-aa95-3805ce267cde:group-19B1C4C6B25A:LeaderElection81] INFO  server.RaftServerConfigKeys (ConfUtils.java:logGet(43)) - raft.server.write.element-limit = 4096 (default)
2019-08-20 13:59:51,752 [268dc375-fa5b-4fbf-aa95-3805ce267cde:group-19B1C4C6B25A:LeaderElection81] INFO  server.RaftServerConfigKeys (ConfUtils.java:logGet(43)) - raft.server.watch.timeout = 10s (default)
2019-08-20 13:59:51,753 [268dc375-fa5b-4fbf-aa95-3805ce267cde:group-19B1C4C6B25A:LeaderElection81] INFO  server.RaftServerConfigKeys (ConfUtils.java:logGet(43)) - raft.server.watch.timeout.denomination = 1s (default)
2019-08-20 13:59:51,753 [268dc375-fa5b-4fbf-aa95-3805ce267cde:group-19B1C4C6B25A:LeaderElection81] INFO  server.RaftServerConfigKeys (ConfUtils.java:logGet(43)) - raft.server.watch.element-limit = 65536 (default)
2019-08-20 13:59:51,753 [268dc375-fa5b-4fbf-aa95-3805ce267cde:group-19B1C4C6B25A:LeaderElection81] INFO  server.RaftServerConfigKeys (ConfUtils.java:logGet(43)) - raft.server.log.appender.snapshot.chunk.size.max = 16MB (=16777216) (default)
2019-08-20 13:59:51,753 [268dc375-fa5b-4fbf-aa95-3805ce267cde:group-19B1C4C6B25A:LeaderElection81] INFO  server.RaftServerConfigKeys (ConfUtils.java:logGet(43)) - raft.server.log.appender.buffer.byte-limit = 33554432 (custom)
2019-08-20 13:59:51,753 [268dc375-fa5b-4fbf-aa95-3805ce267cde:group-19B1C4C6B25A:LeaderElection81] INFO  server.RaftServerConfigKeys (ConfUtils.java:logGet(43)) - raft.server.log.appender.buffer.element-limit = 1 (custom)
2019-08-20 13:59:51,753 [268dc375-fa5b-4fbf-aa95-3805ce267cde:group-19B1C4C6B25A:LeaderElection81] INFO  grpc.GrpcConfigKeys$Server (ConfUtils.java:logGet(43)) - raft.grpc.server.leader.outstanding.appends.max = 128 (default)
2019-08-20 13:59:51,753 [268dc375-fa5b-4fbf-aa95-3805ce267cde:group-19B1C4C6B25A:LeaderElection81] INFO  server.RaftServerConfigKeys (ConfUtils.java:logGet(43)) - raft.server.rpc.request.timeout = 3000ms (default)
2019-08-20 13:59:51,754 [268dc375-fa5b-4fbf-aa95-3805ce267cde:group-19B1C4C6B25A:LeaderElection81] INFO  server.RaftServerConfigKeys (ConfUtils.java:logGet(43)) - raft.server.log.appender.install.snapshot.enabled = false (custom)
2019-08-20 13:59:51,754 [268dc375-fa5b-4fbf-aa95-3805ce267cde:group-19B1C4C6B25A:LeaderElection81] INFO  server.RaftServerConfigKeys (ConfUtils.java:logGet(43)) - raft.server.log.appender.snapshot.chunk.size.max = 16MB (=16777216) (default)
2019-08-20 13:59:51,754 [268dc375-fa5b-4fbf-aa95-3805ce267cde:group-19B1C4C6B25A:LeaderElection81] INFO  server.RaftServerConfigKeys (ConfUtils.java:logGet(43)) - raft.server.log.appender.buffer.byte-limit = 33554432 (custom)
2019-08-20 13:59:51,754 [268dc375-fa5b-4fbf-aa95-3805ce267cde:group-19B1C4C6B25A:LeaderElection81] INFO  server.RaftServerConfigKeys (ConfUtils.java:logGet(43)) - raft.server.log.appender.buffer.element-limit = 1 (custom)
2019-08-20 13:59:51,754 [268dc375-fa5b-4fbf-aa95-3805ce267cde:group-19B1C4C6B25A:LeaderElection81] INFO  grpc.GrpcConfigKeys$Server (ConfUtils.java:logGet(43)) - raft.grpc.server.leader.outstanding.appends.max = 128 (default)
2019-08-20 13:59:51,754 [268dc375-fa5b-4fbf-aa95-3805ce267cde:group-19B1C4C6B25A:LeaderElection81] INFO  server.RaftServerConfigKeys (ConfUtils.java:logGet(43)) - raft.server.rpc.request.timeout = 3000ms (default)
2019-08-20 13:59:51,754 [268dc375-fa5b-4fbf-aa95-3805ce267cde:group-19B1C4C6B25A:LeaderElection81] INFO  server.RaftServerConfigKeys (ConfUtils.java:logGet(43)) - raft.server.log.appender.install.snapshot.enabled = false (custom)
2019-08-20 13:59:51,754 [268dc375-fa5b-4fbf-aa95-3805ce267cde:group-19B1C4C6B25A:LeaderElection81] INFO  impl.RoleInfo (RoleInfo.java:updateAndGet(143)) - 268dc375-fa5b-4fbf-aa95-3805ce267cde: start LeaderState
2019-08-20 13:59:51,754 [268dc375-fa5b-4fbf-aa95-3805ce267cde:group-19B1C4C6B25A:LeaderElection81] INFO  segmented.SegmentedRaftLogWorker (SegmentedRaftLogWorker.java:startLogSegment(380)) - 268dc375-fa5b-4fbf-aa95-3805ce267cde-SegmentedRaftLogWorker:Storage Directory /workdir/hadoop-ozone/integration-test/target/test-dir/MiniOzoneClusterImpl-d4c3f63e-79eb-48dd-b907-15aeed9be1d5/datanode-4/data/ratis/bd0ac4fe-37ba-4f4e-b746-19b1c4c6b25a: Starting segment from index:0
2019-08-20 13:59:51,755 [268dc375-fa5b-4fbf-aa95-3805ce267cde:group-19B1C4C6B25A:LeaderElection81] INFO  impl.RaftServerImpl (ServerState.java:setRaftConf(361)) - 268dc375-fa5b-4fbf-aa95-3805ce267cde:group-19B1C4C6B25A set configuration 0: [ee5c976b-fc81-41d2-a9c3-a7b83a5ca1a4:192.168.69.96:38471, 268dc375-fa5b-4fbf-aa95-3805ce267cde:192.168.69.96:36401, d0905ab9-d1e1-4c01-8e50-39a321b68c5a:192.168.69.96:45647], old=null at 0
2019-08-20 13:59:51,775 [grpc-default-executor-12] INFO  impl.RaftServerImpl (ServerState.java:setLeader(263)) - ee5c976b-fc81-41d2-a9c3-a7b83a5ca1a4:group-19B1C4C6B25A change Leader from null to 268dc375-fa5b-4fbf-aa95-3805ce267cde at term 1 for appendEntries, leader elected after 5158ms
2019-08-20 13:59:51,775 [grpc-default-executor-6] INFO  impl.RaftServerImpl (ServerState.java:setLeader(263)) - d0905ab9-d1e1-4c01-8e50-39a321b68c5a:group-19B1C4C6B25A change Leader from null to 268dc375-fa5b-4fbf-aa95-3805ce267cde at term 1 for appendEntries, leader elected after 5158ms
2019-08-20 13:59:51,777 [grpc-default-executor-12] INFO  impl.RaftServerImpl (ServerState.java:setRaftConf(361)) - d0905ab9-d1e1-4c01-8e50-39a321b68c5a:group-19B1C4C6B25A set configuration 0: [ee5c976b-fc81-41d2-a9c3-a7b83a5ca1a4:192.168.69.96:38471, 268dc375-fa5b-4fbf-aa95-3805ce267cde:192.168.69.96:36401, d0905ab9-d1e1-4c01-8e50-39a321b68c5a:192.168.69.96:45647], old=null at 0
2019-08-20 13:59:51,777 [grpc-default-executor-6] INFO  impl.RaftServerImpl (ServerState.java:setRaftConf(361)) - ee5c976b-fc81-41d2-a9c3-a7b83a5ca1a4:group-19B1C4C6B25A set configuration 0: [ee5c976b-fc81-41d2-a9c3-a7b83a5ca1a4:192.168.69.96:38471, 268dc375-fa5b-4fbf-aa95-3805ce267cde:192.168.69.96:36401, d0905ab9-d1e1-4c01-8e50-39a321b68c5a:192.168.69.96:45647], old=null at 0
2019-08-20 13:59:51,777 [grpc-default-executor-12] INFO  segmented.SegmentedRaftLogWorker (SegmentedRaftLogWorker.java:startLogSegment(380)) - d0905ab9-d1e1-4c01-8e50-39a321b68c5a-SegmentedRaftLogWorker:Storage Directory /workdir/hadoop-ozone/integration-test/target/test-dir/MiniOzoneClusterImpl-d4c3f63e-79eb-48dd-b907-15aeed9be1d5/datanode-3/data/ratis/bd0ac4fe-37ba-4f4e-b746-19b1c4c6b25a: Starting segment from index:0
2019-08-20 13:59:51,777 [grpc-default-executor-6] INFO  segmented.SegmentedRaftLogWorker (SegmentedRaftLogWorker.java:startLogSegment(380)) - ee5c976b-fc81-41d2-a9c3-a7b83a5ca1a4-SegmentedRaftLogWorker:Storage Directory /workdir/hadoop-ozone/integration-test/target/test-dir/MiniOzoneClusterImpl-d4c3f63e-79eb-48dd-b907-15aeed9be1d5/datanode-5/data/ratis/bd0ac4fe-37ba-4f4e-b746-19b1c4c6b25a: Starting segment from index:0
2019-08-20 13:59:51,778 [268dc375-fa5b-4fbf-aa95-3805ce267cde-SegmentedRaftLogWorker:Storage Directory /workdir/hadoop-ozone/integration-test/target/test-dir/MiniOzoneClusterImpl-d4c3f63e-79eb-48dd-b907-15aeed9be1d5/datanode-4/data/ratis/bd0ac4fe-37ba-4f4e-b746-19b1c4c6b25a] INFO  segmented.SegmentedRaftLogWorker (SegmentedRaftLogWorker.java:execute(569)) - 268dc375-fa5b-4fbf-aa95-3805ce267cde-SegmentedRaftLogWorker:Storage Directory /workdir/hadoop-ozone/integration-test/target/test-dir/MiniOzoneClusterImpl-d4c3f63e-79eb-48dd-b907-15aeed9be1d5/datanode-4/data/ratis/bd0ac4fe-37ba-4f4e-b746-19b1c4c6b25a: created new log segment /workdir/hadoop-ozone/integration-test/target/test-dir/MiniOzoneClusterImpl-d4c3f63e-79eb-48dd-b907-15aeed9be1d5/datanode-4/data/ratis/bd0ac4fe-37ba-4f4e-b746-19b1c4c6b25a/current/log_inprogress_0
2019-08-20 13:59:51,789 | INFO  | SCMAudit | user=jenkins1000 | ip=192.168.69.96 | op=SEND_HEARTBEAT {datanodeUUID=895a69ca-0d52-44fe-bfc6-07a3d9e96002, command=[]} | ret=SUCCESS |  
2019-08-20 13:59:51,794 [Thread-3654] INFO  impl.FollowerState (FollowerState.java:run(106)) - 062a344a-b078-4744-8294-3305232dae72:group-7E9BF105D01A changes to CANDIDATE, lastRpcTime:5041, electionTimeout:5041ms
2019-08-20 13:59:51,794 [Thread-3654] INFO  impl.RoleInfo (RoleInfo.java:shutdownFollowerState(121)) - 062a344a-b078-4744-8294-3305232dae72: shutdown FollowerState
2019-08-20 13:59:51,794 [Thread-3654] INFO  impl.RaftServerImpl (RaftServerImpl.java:setRole(171)) - 062a344a-b078-4744-8294-3305232dae72:group-7E9BF105D01A changes role from FOLLOWER to CANDIDATE at term 0 for changeToCandidate
2019-08-20 13:59:51,794 [Thread-3654] INFO  impl.RoleInfo (RoleInfo.java:updateAndGet(143)) - 062a344a-b078-4744-8294-3305232dae72: start LeaderElection
2019-08-20 13:59:51,800 [ee5c976b-fc81-41d2-a9c3-a7b83a5ca1a4-SegmentedRaftLogWorker:Storage Directory /workdir/hadoop-ozone/integration-test/target/test-dir/MiniOzoneClusterImpl-d4c3f63e-79eb-48dd-b907-15aeed9be1d5/datanode-5/data/ratis/bd0ac4fe-37ba-4f4e-b746-19b1c4c6b25a] INFO  segmented.SegmentedRaftLogWorker (SegmentedRaftLogWorker.java:execute(569)) - ee5c976b-fc81-41d2-a9c3-a7b83a5ca1a4-SegmentedRaftLogWorker:Storage Directory /workdir/hadoop-ozone/integration-test/target/test-dir/MiniOzoneClusterImpl-d4c3f63e-79eb-48dd-b907-15aeed9be1d5/datanode-5/data/ratis/bd0ac4fe-37ba-4f4e-b746-19b1c4c6b25a: created new log segment /workdir/hadoop-ozone/integration-test/target/test-dir/MiniOzoneClusterImpl-d4c3f63e-79eb-48dd-b907-15aeed9be1d5/datanode-5/data/ratis/bd0ac4fe-37ba-4f4e-b746-19b1c4c6b25a/current/log_inprogress_0
2019-08-20 13:59:51,800 [d0905ab9-d1e1-4c01-8e50-39a321b68c5a-SegmentedRaftLogWorker:Storage Directory /workdir/hadoop-ozone/integration-test/target/test-dir/MiniOzoneClusterImpl-d4c3f63e-79eb-48dd-b907-15aeed9be1d5/datanode-3/data/ratis/bd0ac4fe-37ba-4f4e-b746-19b1c4c6b25a] INFO  segmented.SegmentedRaftLogWorker (SegmentedRaftLogWorker.java:execute(569)) - d0905ab9-d1e1-4c01-8e50-39a321b68c5a-SegmentedRaftLogWorker:Storage Directory /workdir/hadoop-ozone/integration-test/target/test-dir/MiniOzoneClusterImpl-d4c3f63e-79eb-48dd-b907-15aeed9be1d5/datanode-3/data/ratis/bd0ac4fe-37ba-4f4e-b746-19b1c4c6b25a: created new log segment /workdir/hadoop-ozone/integration-test/target/test-dir/MiniOzoneClusterImpl-d4c3f63e-79eb-48dd-b907-15aeed9be1d5/datanode-3/data/ratis/bd0ac4fe-37ba-4f4e-b746-19b1c4c6b25a/current/log_inprogress_0
2019-08-20 13:59:51,805 [062a344a-b078-4744-8294-3305232dae72:group-7E9BF105D01A:LeaderElection83] INFO  impl.LeaderElection (LeaderElection.java:askForVotes(181)) - 062a344a-b078-4744-8294-3305232dae72:group-7E9BF105D01A:LeaderElection83: begin an election at term 1 for -1: [062a344a-b078-4744-8294-3305232dae72:192.168.69.96:42904], old=null
2019-08-20 13:59:51,805 [062a344a-b078-4744-8294-3305232dae72:group-7E9BF105D01A:LeaderElection83] INFO  impl.RoleInfo (RoleInfo.java:shutdownLeaderElection(134)) - 062a344a-b078-4744-8294-3305232dae72: shutdown LeaderElection
2019-08-20 13:59:51,805 [062a344a-b078-4744-8294-3305232dae72:group-7E9BF105D01A:LeaderElection83] INFO  impl.RaftServerImpl (RaftServerImpl.java:setRole(171)) - 062a344a-b078-4744-8294-3305232dae72:group-7E9BF105D01A changes role from CANDIDATE to LEADER at term 1 for changeToLeader
2019-08-20 13:59:51,805 [062a344a-b078-4744-8294-3305232dae72:group-7E9BF105D01A:LeaderElection83] INFO  impl.RaftServerImpl (ServerState.java:setLeader(263)) - 062a344a-b078-4744-8294-3305232dae72:group-7E9BF105D01A change Leader from null to 062a344a-b078-4744-8294-3305232dae72 at term 1 for becomeLeader, leader elected after 5055ms
2019-08-20 13:59:51,805 [062a344a-b078-4744-8294-3305232dae72:group-7E9BF105D01A:LeaderElection83] INFO  server.RaftServerConfigKeys (ConfUtils.java:logGet(43)) - raft.server.staging.catchup.gap = 1000 (default)
2019-08-20 13:59:51,806 [062a344a-b078-4744-8294-3305232dae72:group-7E9BF105D01A:LeaderElection83] INFO  server.RaftServerConfigKeys (ConfUtils.java:logGet(43)) - raft.server.rpc.sleep.time = 25ms (default)
2019-08-20 13:59:51,806 [062a344a-b078-4744-8294-3305232dae72:group-7E9BF105D01A:LeaderElection83] INFO  server.RaftServerConfigKeys (ConfUtils.java:logGet(43)) - raft.server.write.element-limit = 4096 (default)
2019-08-20 13:59:51,806 [062a344a-b078-4744-8294-3305232dae72:group-7E9BF105D01A:LeaderElection83] INFO  server.RaftServerConfigKeys (ConfUtils.java:logGet(43)) - raft.server.watch.timeout = 10s (default)
2019-08-20 13:59:51,806 [062a344a-b078-4744-8294-3305232dae72:group-7E9BF105D01A:LeaderElection83] INFO  server.RaftServerConfigKeys (ConfUtils.java:logGet(43)) - raft.server.watch.timeout.denomination = 1s (default)
2019-08-20 13:59:51,806 [062a344a-b078-4744-8294-3305232dae72:group-7E9BF105D01A:LeaderElection83] INFO  server.RaftServerConfigKeys (ConfUtils.java:logGet(43)) - raft.server.watch.element-limit = 65536 (default)
2019-08-20 13:59:51,807 [062a344a-b078-4744-8294-3305232dae72:group-7E9BF105D01A:LeaderElection83] INFO  impl.RoleInfo (RoleInfo.java:updateAndGet(143)) - 062a344a-b078-4744-8294-3305232dae72: start LeaderState
2019-08-20 13:59:51,807 [062a344a-b078-4744-8294-3305232dae72:group-7E9BF105D01A:LeaderElection83] INFO  segmented.SegmentedRaftLogWorker (SegmentedRaftLogWorker.java:startLogSegment(380)) - 062a344a-b078-4744-8294-3305232dae72-SegmentedRaftLogWorker:Storage Directory /workdir/hadoop-ozone/integration-test/target/test-dir/MiniOzoneClusterImpl-d4c3f63e-79eb-48dd-b907-15aeed9be1d5/datanode-6/data/ratis/174a0b4e-9d92-4094-836e-7e9bf105d01a: Starting segment from index:0
2019-08-20 13:59:51,807 [062a344a-b078-4744-8294-3305232dae72:group-7E9BF105D01A:LeaderElection83] INFO  impl.RaftServerImpl (ServerState.java:setRaftConf(361)) - 062a344a-b078-4744-8294-3305232dae72:group-7E9BF105D01A set configuration 0: [062a344a-b078-4744-8294-3305232dae72:192.168.69.96:42904], old=null at 0
2019-08-20 13:59:51,825 [062a344a-b078-4744-8294-3305232dae72-SegmentedRaftLogWorker:Storage Directory /workdir/hadoop-ozone/integration-test/target/test-dir/MiniOzoneClusterImpl-d4c3f63e-79eb-48dd-b907-15aeed9be1d5/datanode-6/data/ratis/174a0b4e-9d92-4094-836e-7e9bf105d01a] INFO  segmented.SegmentedRaftLogWorker (SegmentedRaftLogWorker.java:execute(569)) - 062a344a-b078-4744-8294-3305232dae72-SegmentedRaftLogWorker:Storage Directory /workdir/hadoop-ozone/integration-test/target/test-dir/MiniOzoneClusterImpl-d4c3f63e-79eb-48dd-b907-15aeed9be1d5/datanode-6/data/ratis/174a0b4e-9d92-4094-836e-7e9bf105d01a: created new log segment /workdir/hadoop-ozone/integration-test/target/test-dir/MiniOzoneClusterImpl-d4c3f63e-79eb-48dd-b907-15aeed9be1d5/datanode-6/data/ratis/174a0b4e-9d92-4094-836e-7e9bf105d01a/current/log_inprogress_0
2019-08-20 13:59:51,826 [grpc-default-executor-6] INFO  client.GrpcClientProtocolClient (GrpcClientProtocolClient.java:onNext(255)) - client-090919B7861C->d0905ab9-d1e1-4c01-8e50-39a321b68c5a: receive RaftClientReply:client-090919B7861C->d0905ab9-d1e1-4c01-8e50-39a321b68c5a@group-19B1C4C6B25A, cid=184, FAILED org.apache.ratis.protocol.NotLeaderException: Server d0905ab9-d1e1-4c01-8e50-39a321b68c5a is not the leader (268dc375-fa5b-4fbf-aa95-3805ce267cde:192.168.69.96:36401). Request must be sent to leader., logIndex=0, commits[d0905ab9-d1e1-4c01-8e50-39a321b68c5a:c-1, ee5c976b-fc81-41d2-a9c3-a7b83a5ca1a4:c-1, 268dc375-fa5b-4fbf-aa95-3805ce267cde:c-1]
2019-08-20 13:59:51,886 | INFO  | DNAudit | user=null | ip=null | op=WRITE_CHUNK {blockData=conID: 1 locID: 102649665077903374 bcsId: 0} | ret=SUCCESS |  
2019-08-20 13:59:51,886 | INFO  | DNAudit | user=null | ip=null | op=WRITE_CHUNK {blockData=conID: 1 locID: 102649665077903374 bcsId: 0} | ret=SUCCESS |  
2019-08-20 13:59:51,886 | INFO  | DNAudit | user=null | ip=null | op=WRITE_CHUNK {blockData=conID: 1 locID: 102649665077903374 bcsId: 0} | ret=SUCCESS |  
2019-08-20 13:59:51,886 | INFO  | SCMAudit | user=jenkins1000 | ip=192.168.69.96 | op=SEND_HEARTBEAT {datanodeUUID=d0905ab9-d1e1-4c01-8e50-39a321b68c5a, command=[]} | ret=SUCCESS |  
2019-08-20 13:59:51,886 | INFO  | SCMAudit | user=jenkins1000 | ip=192.168.69.96 | op=SEND_HEARTBEAT {datanodeUUID=268dc375-fa5b-4fbf-aa95-3805ce267cde, command=[]} | ret=SUCCESS |  
2019-08-20 13:59:51,886 | INFO  | SCMAudit | user=jenkins1000 | ip=192.168.69.96 | op=SEND_HEARTBEAT {datanodeUUID=ee5c976b-fc81-41d2-a9c3-a7b83a5ca1a4, command=[]} | ret=SUCCESS |  
2019-08-20 13:59:51,890 | INFO  | DNAudit | user=null | ip=null | op=WRITE_CHUNK {blockData=conID: 1 locID: 102649665077903374 bcsId: 0} | ret=SUCCESS |  
2019-08-20 13:59:51,893 | INFO  | DNAudit | user=null | ip=null | op=WRITE_CHUNK {blockData=conID: 1 locID: 102649665077903374 bcsId: 0} | ret=SUCCESS |  
2019-08-20 13:59:51,893 [grpc-default-executor-6] INFO  client.GrpcClientProtocolClient (GrpcClientProtocolClient.java:onNext(255)) - client-090919B7861C->268dc375-fa5b-4fbf-aa95-3805ce267cde: receive RaftClientReply:client-090919B7861C->268dc375-fa5b-4fbf-aa95-3805ce267cde@group-19B1C4C6B25A, cid=184, SUCCESS, logIndex=1, commits[268dc375-fa5b-4fbf-aa95-3805ce267cde:c1, ee5c976b-fc81-41d2-a9c3-a7b83a5ca1a4:c0, d0905ab9-d1e1-4c01-8e50-39a321b68c5a:c0]
2019-08-20 13:59:51,894 | INFO  | DNAudit | user=null | ip=null | op=WRITE_CHUNK {blockData=conID: 1 locID: 102649665077903374 bcsId: 0} | ret=SUCCESS |  
2019-08-20 13:59:51,895 | INFO  | DNAudit | user=null | ip=null | op=WRITE_CHUNK {blockData=conID: 1 locID: 102649665077903374 bcsId: 0} | ret=SUCCESS |  
2019-08-20 13:59:51,896 | INFO  | DNAudit | user=null | ip=null | op=WRITE_CHUNK {blockData=conID: 1 locID: 102649665077903374 bcsId: 0} | ret=SUCCESS |  
2019-08-20 13:59:51,896 | INFO  | DNAudit | user=null | ip=null | op=WRITE_CHUNK {blockData=conID: 1 locID: 102649665077903374 bcsId: 0} | ret=SUCCESS |  
2019-08-20 13:59:51,897 | INFO  | DNAudit | user=null | ip=null | op=WRITE_CHUNK {blockData=conID: 1 locID: 102649665077903374 bcsId: 0} | ret=SUCCESS |  
2019-08-20 13:59:51,900 | INFO  | DNAudit | user=null | ip=null | op=WRITE_CHUNK {blockData=conID: 1 locID: 102649665077903374 bcsId: 0} | ret=SUCCESS |  
2019-08-20 13:59:51,900 | INFO  | DNAudit | user=null | ip=null | op=WRITE_CHUNK {blockData=conID: 1 locID: 102649665077903374 bcsId: 0} | ret=SUCCESS |  
2019-08-20 13:59:51,900 | INFO  | DNAudit | user=null | ip=null | op=WRITE_CHUNK {blockData=conID: 1 locID: 102649665077903374 bcsId: 0} | ret=SUCCESS |  
2019-08-20 13:59:51,903 | INFO  | DNAudit | user=null | ip=null | op=WRITE_CHUNK {blockData=conID: 1 locID: 102649665077903374 bcsId: 0} | ret=SUCCESS |  
2019-08-20 13:59:51,904 | INFO  | DNAudit | user=null | ip=null | op=WRITE_CHUNK {blockData=conID: 1 locID: 102649665077903374 bcsId: 0} | ret=SUCCESS |  
2019-08-20 13:59:51,904 | INFO  | DNAudit | user=null | ip=null | op=WRITE_CHUNK {blockData=conID: 1 locID: 102649665077903374 bcsId: 0} | ret=SUCCESS |  
2019-08-20 13:59:51,907 [grpc-default-executor-7] INFO  client.GrpcClientProtocolClient (GrpcClientProtocolClient.java:onNext(255)) - client-090919B7861C->268dc375-fa5b-4fbf-aa95-3805ce267cde: receive RaftClientReply:client-090919B7861C->268dc375-fa5b-4fbf-aa95-3805ce267cde@group-19B1C4C6B25A, cid=185, SUCCESS, logIndex=3, commits[268dc375-fa5b-4fbf-aa95-3805ce267cde:c4, ee5c976b-fc81-41d2-a9c3-a7b83a5ca1a4:c2, d0905ab9-d1e1-4c01-8e50-39a321b68c5a:c2]
2019-08-20 13:59:51,910 | INFO  | DNAudit | user=null | ip=null | op=WRITE_CHUNK {blockData=conID: 1 locID: 102649665077903374 bcsId: 0} | ret=SUCCESS |  
2019-08-20 13:59:51,911 | INFO  | DNAudit | user=null | ip=null | op=WRITE_CHUNK {blockData=conID: 1 locID: 102649665077903374 bcsId: 0} | ret=SUCCESS |  
2019-08-20 13:59:51,929 | INFO  | DNAudit | user=null | ip=null | op=PUT_BLOCK {blockData=[blockId=conID: 1 locID: 102649665077903374 bcsId: 0,size=200]} | ret=SUCCESS |  
2019-08-20 13:59:51,930 | INFO  | DNAudit | user=null | ip=null | op=WRITE_CHUNK {blockData=conID: 1 locID: 102649665077903374 bcsId: 0} | ret=SUCCESS |  
2019-08-20 13:59:51,930 | INFO  | DNAudit | user=null | ip=null | op=WRITE_CHUNK {blockData=conID: 1 locID: 102649665077903374 bcsId: 0} | ret=SUCCESS |  
2019-08-20 13:59:51,930 [grpc-default-executor-12] INFO  client.GrpcClientProtocolClient (GrpcClientProtocolClient.java:onNext(255)) - client-090919B7861C->268dc375-fa5b-4fbf-aa95-3805ce267cde: receive RaftClientReply:client-090919B7861C->268dc375-fa5b-4fbf-aa95-3805ce267cde@group-19B1C4C6B25A, cid=186, SUCCESS, logIndex=4, commits[268dc375-fa5b-4fbf-aa95-3805ce267cde:c11, ee5c976b-fc81-41d2-a9c3-a7b83a5ca1a4:c8, d0905ab9-d1e1-4c01-8e50-39a321b68c5a:c8]
2019-08-20 13:59:51,931 [grpc-default-executor-12] INFO  client.GrpcClientProtocolClient (GrpcClientProtocolClient.java:onNext(255)) - client-090919B7861C->268dc375-fa5b-4fbf-aa95-3805ce267cde: receive RaftClientReply:client-090919B7861C->268dc375-fa5b-4fbf-aa95-3805ce267cde@group-19B1C4C6B25A, cid=187, SUCCESS, logIndex=5, commits[268dc375-fa5b-4fbf-aa95-3805ce267cde:c11, ee5c976b-fc81-41d2-a9c3-a7b83a5ca1a4:c8, d0905ab9-d1e1-4c01-8e50-39a321b68c5a:c8]
2019-08-20 13:59:51,931 [grpc-default-executor-12] INFO  client.GrpcClientProtocolClient (GrpcClientProtocolClient.java:onNext(255)) - client-090919B7861C->268dc375-fa5b-4fbf-aa95-3805ce267cde: receive RaftClientReply:client-090919B7861C->268dc375-fa5b-4fbf-aa95-3805ce267cde@group-19B1C4C6B25A, cid=188, SUCCESS, logIndex=6, commits[268dc375-fa5b-4fbf-aa95-3805ce267cde:c11, ee5c976b-fc81-41d2-a9c3-a7b83a5ca1a4:c8, d0905ab9-d1e1-4c01-8e50-39a321b68c5a:c8]
2019-08-20 13:59:51,941 | INFO  | SCMAudit | user=jenkins1000 | ip=192.168.69.96 | op=SEND_HEARTBEAT {datanodeUUID=029e4ca0-8cda-46b0-9d42-cc14ecee78cf, command=[]} | ret=SUCCESS |  
2019-08-20 13:59:51,956 | INFO  | DNAudit | user=null | ip=null | op=PUT_BLOCK {blockData=[blockId=conID: 1 locID: 102649665077903374 bcsId: 0,size=200]} | ret=SUCCESS |  
2019-08-20 13:59:51,957 | INFO  | DNAudit | user=null | ip=null | op=WRITE_CHUNK {blockData=conID: 1 locID: 102649665077903374 bcsId: 0} | ret=SUCCESS |  
2019-08-20 13:59:51,957 | INFO  | DNAudit | user=null | ip=null | op=WRITE_CHUNK {blockData=conID: 1 locID: 102649665077903374 bcsId: 0} | ret=SUCCESS |  
2019-08-20 13:59:51,977 | INFO  | DNAudit | user=null | ip=null | op=PUT_BLOCK {blockData=[blockId=conID: 1 locID: 102649665077903374 bcsId: 0,size=400]} | ret=SUCCESS |  
2019-08-20 13:59:51,977 | INFO  | DNAudit | user=null | ip=null | op=PUT_BLOCK {blockData=[blockId=conID: 1 locID: 102649665077903374 bcsId: 0,size=400]} | ret=SUCCESS |  
2019-08-20 13:59:51,977 | INFO  | DNAudit | user=null | ip=null | op=PUT_BLOCK {blockData=[blockId=conID: 1 locID: 102649665077903374 bcsId: 0,size=200]} | ret=SUCCESS |  
2019-08-20 13:59:51,978 | INFO  | DNAudit | user=null | ip=null | op=WRITE_CHUNK {blockData=conID: 1 locID: 102649665077903374 bcsId: 0} | ret=SUCCESS |  
2019-08-20 13:59:51,978 [grpc-default-executor-12] INFO  client.GrpcClientProtocolClient (GrpcClientProtocolClient.java:onNext(255)) - client-090919B7861C->268dc375-fa5b-4fbf-aa95-3805ce267cde: receive RaftClientReply:client-090919B7861C->268dc375-fa5b-4fbf-aa95-3805ce267cde@group-19B1C4C6B25A, cid=189, SUCCESS, logIndex=7, commits[268dc375-fa5b-4fbf-aa95-3805ce267cde:c11, ee5c976b-fc81-41d2-a9c3-a7b83a5ca1a4:c8, d0905ab9-d1e1-4c01-8e50-39a321b68c5a:c8]
2019-08-20 13:59:51,979 | INFO  | DNAudit | user=null | ip=null | op=WRITE_CHUNK {blockData=conID: 1 locID: 102649665077903374 bcsId: 0} | ret=SUCCESS |  
2019-08-20 13:59:51,984 | INFO  | DNAudit | user=null | ip=null | op=PUT_BLOCK {blockData=[blockId=conID: 1 locID: 102649665077903374 bcsId: 0,size=400]} | ret=SUCCESS |  
2019-08-20 13:59:51,986 | INFO  | DNAudit | user=null | ip=null | op=WRITE_CHUNK {blockData=conID: 1 locID: 102649665077903374 bcsId: 7} | ret=SUCCESS |  
2019-08-20 13:59:51,989 | INFO  | DNAudit | user=null | ip=null | op=WRITE_CHUNK {blockData=conID: 1 locID: 102649665077903374 bcsId: 7} | ret=SUCCESS |  
2019-08-20 13:59:51,989 | INFO  | DNAudit | user=null | ip=null | op=WRITE_CHUNK {blockData=conID: 1 locID: 102649665077903374 bcsId: 7} | ret=SUCCESS |  
2019-08-20 13:59:52,001 | INFO  | DNAudit | user=null | ip=null | op=WRITE_CHUNK {blockData=conID: 1 locID: 102649665077903374 bcsId: 7} | ret=SUCCESS |  
2019-08-20 13:59:52,004 [grpc-default-executor-12] INFO  client.GrpcClientProtocolClient (GrpcClientProtocolClient.java:onNext(255)) - client-090919B7861C->268dc375-fa5b-4fbf-aa95-3805ce267cde: receive RaftClientReply:client-090919B7861C->268dc375-fa5b-4fbf-aa95-3805ce267cde@group-19B1C4C6B25A, cid=190, SUCCESS, logIndex=12, commits[268dc375-fa5b-4fbf-aa95-3805ce267cde:c13, ee5c976b-fc81-41d2-a9c3-a7b83a5ca1a4:c11, d0905ab9-d1e1-4c01-8e50-39a321b68c5a:c11]
2019-08-20 13:59:52,004 | INFO  | DNAudit | user=null | ip=null | op=PUT_BLOCK {blockData=[blockId=conID: 1 locID: 102649665077903374 bcsId: 0,size=450]} | ret=SUCCESS |  
2019-08-20 13:59:52,004 | INFO  | DNAudit | user=null | ip=null | op=WRITE_CHUNK {blockData=conID: 1 locID: 102649665077903374 bcsId: 7} | ret=SUCCESS |  
2019-08-20 13:59:52,005 | INFO  | DNAudit | user=null | ip=null | op=WRITE_CHUNK {blockData=conID: 1 locID: 102649665077903374 bcsId: 7} | ret=SUCCESS |  
2019-08-20 13:59:52,017 [grpc-default-executor-7] INFO  client.GrpcClientProtocolClient (GrpcClientProtocolClient.java:onNext(255)) - client-090919B7861C->268dc375-fa5b-4fbf-aa95-3805ce267cde: receive RaftClientReply:client-090919B7861C->268dc375-fa5b-4fbf-aa95-3805ce267cde@group-19B1C4C6B25A, cid=191, SUCCESS, logIndex=13, commits[268dc375-fa5b-4fbf-aa95-3805ce267cde:c13, ee5c976b-fc81-41d2-a9c3-a7b83a5ca1a4:c11, d0905ab9-d1e1-4c01-8e50-39a321b68c5a:c11]
2019-08-20 13:59:52,018 | INFO  | DNAudit | user=null | ip=null | op=PUT_BLOCK {blockData=[blockId=conID: 1 locID: 102649665077903374 bcsId: 0,size=450]} | ret=SUCCESS |  
2019-08-20 13:59:52,018 | INFO  | DNAudit | user=null | ip=null | op=PUT_BLOCK {blockData=[blockId=conID: 1 locID: 102649665077903374 bcsId: 0,size=450]} | ret=SUCCESS |  
2019-08-20 13:59:52,022 [grpc-default-executor-12] INFO  client.GrpcClientProtocolClient (GrpcClientProtocolClient.java:onNext(255)) - client-090919B7861C->268dc375-fa5b-4fbf-aa95-3805ce267cde: receive RaftClientReply:client-090919B7861C->268dc375-fa5b-4fbf-aa95-3805ce267cde@group-19B1C4C6B25A, cid=192, SUCCESS, logIndex=0, commits[268dc375-fa5b-4fbf-aa95-3805ce267cde:c15, ee5c976b-fc81-41d2-a9c3-a7b83a5ca1a4:c13, d0905ab9-d1e1-4c01-8e50-39a321b68c5a:c13]
2019-08-20 13:59:52,022 [main] INFO  datanode.ObjectStoreHandler (ObjectStoreHandler.java:close(155)) - Closing ObjectStoreHandler.
2019-08-20 13:59:52,023 [main] INFO  ozone.HddsDatanodeService (HddsDatanodeService.java:stop(451)) - Stopped plug-in org.apache.hadoop.ozone.web.OzoneHddsDatanodeService@1791670e
2019-08-20 13:59:52,091 | INFO  | SCMAudit | user=jenkins1000 | ip=192.168.69.96 | op=SEND_HEARTBEAT {datanodeUUID=864d677d-0c2a-4713-be84-66338b63a444, command=[]} | ret=SUCCESS |  
2019-08-20 13:59:52,691 | INFO  | SCMAudit | user=jenkins1000 | ip=192.168.69.96 | op=SEND_HEARTBEAT {datanodeUUID=062a344a-b078-4744-8294-3305232dae72, command=[]} | ret=SUCCESS |  
2019-08-20 13:59:52,789 | INFO  | SCMAudit | user=jenkins1000 | ip=192.168.69.96 | op=SEND_HEARTBEAT {datanodeUUID=895a69ca-0d52-44fe-bfc6-07a3d9e96002, command=[]} | ret=SUCCESS |  
2019-08-20 13:59:52,885 [Datanode State Machine Thread - 0] INFO  statemachine.DatanodeStateMachine (DatanodeStateMachine.java:lambda$startDaemon$0(350)) - Ozone container server started.
2019-08-20 13:59:52,886 | INFO  | SCMAudit | user=jenkins1000 | ip=192.168.69.96 | op=SEND_HEARTBEAT {datanodeUUID=ee5c976b-fc81-41d2-a9c3-a7b83a5ca1a4, command=[]} | ret=SUCCESS |  
2019-08-20 13:59:52,886 | INFO  | SCMAudit | user=jenkins1000 | ip=192.168.69.96 | op=SEND_HEARTBEAT {datanodeUUID=d0905ab9-d1e1-4c01-8e50-39a321b68c5a, command=[]} | ret=SUCCESS |  
2019-08-20 13:59:52,941 | INFO  | SCMAudit | user=jenkins1000 | ip=192.168.69.96 | op=SEND_HEARTBEAT {datanodeUUID=029e4ca0-8cda-46b0-9d42-cc14ecee78cf, command=[]} | ret=SUCCESS |  
2019-08-20 13:59:53,091 | INFO  | SCMAudit | user=jenkins1000 | ip=192.168.69.96 | op=SEND_HEARTBEAT {datanodeUUID=864d677d-0c2a-4713-be84-66338b63a444, command=[]} | ret=SUCCESS |  
2019-08-20 13:59:53,692 | INFO  | SCMAudit | user=jenkins1000 | ip=192.168.69.96 | op=SEND_HEARTBEAT {datanodeUUID=062a344a-b078-4744-8294-3305232dae72, command=[]} | ret=SUCCESS |  
2019-08-20 13:59:53,789 | INFO  | SCMAudit | user=jenkins1000 | ip=192.168.69.96 | op=SEND_HEARTBEAT {datanodeUUID=895a69ca-0d52-44fe-bfc6-07a3d9e96002, command=[]} | ret=SUCCESS |  
2019-08-20 13:59:53,886 | INFO  | SCMAudit | user=jenkins1000 | ip=192.168.69.96 | op=SEND_HEARTBEAT {datanodeUUID=d0905ab9-d1e1-4c01-8e50-39a321b68c5a, command=[]} | ret=SUCCESS |  
2019-08-20 13:59:53,886 | INFO  | SCMAudit | user=jenkins1000 | ip=192.168.69.96 | op=SEND_HEARTBEAT {datanodeUUID=ee5c976b-fc81-41d2-a9c3-a7b83a5ca1a4, command=[]} | ret=SUCCESS |  
2019-08-20 13:59:53,941 | INFO  | SCMAudit | user=jenkins1000 | ip=192.168.69.96 | op=SEND_HEARTBEAT {datanodeUUID=029e4ca0-8cda-46b0-9d42-cc14ecee78cf, command=[]} | ret=SUCCESS |  
2019-08-20 13:59:54,091 | INFO  | SCMAudit | user=jenkins1000 | ip=192.168.69.96 | op=SEND_HEARTBEAT {datanodeUUID=864d677d-0c2a-4713-be84-66338b63a444, command=[]} | ret=SUCCESS |  
2019-08-20 13:59:54,691 | INFO  | SCMAudit | user=jenkins1000 | ip=192.168.69.96 | op=SEND_HEARTBEAT {datanodeUUID=062a344a-b078-4744-8294-3305232dae72, command=[]} | ret=SUCCESS |  
2019-08-20 13:59:54,790 | INFO  | SCMAudit | user=jenkins1000 | ip=192.168.69.96 | op=SEND_HEARTBEAT {datanodeUUID=895a69ca-0d52-44fe-bfc6-07a3d9e96002, command=[]} | ret=SUCCESS |  
2019-08-20 13:59:54,887 | INFO  | SCMAudit | user=jenkins1000 | ip=192.168.69.96 | op=SEND_HEARTBEAT {datanodeUUID=d0905ab9-d1e1-4c01-8e50-39a321b68c5a, command=[]} | ret=SUCCESS |  
2019-08-20 13:59:54,887 | INFO  | SCMAudit | user=jenkins1000 | ip=192.168.69.96 | op=SEND_HEARTBEAT {datanodeUUID=ee5c976b-fc81-41d2-a9c3-a7b83a5ca1a4, command=[]} | ret=SUCCESS |  
2019-08-20 13:59:54,941 | INFO  | SCMAudit | user=jenkins1000 | ip=192.168.69.96 | op=SEND_HEARTBEAT {datanodeUUID=029e4ca0-8cda-46b0-9d42-cc14ecee78cf, command=[]} | ret=SUCCESS |  
2019-08-20 13:59:55,091 | INFO  | SCMAudit | user=jenkins1000 | ip=192.168.69.96 | op=SEND_HEARTBEAT {datanodeUUID=864d677d-0c2a-4713-be84-66338b63a444, command=[]} | ret=SUCCESS |  
2019-08-20 13:59:55,691 | INFO  | SCMAudit | user=jenkins1000 | ip=192.168.69.96 | op=SEND_HEARTBEAT {datanodeUUID=062a344a-b078-4744-8294-3305232dae72, command=[]} | ret=SUCCESS |  
2019-08-20 13:59:55,789 | INFO  | SCMAudit | user=jenkins1000 | ip=192.168.69.96 | op=SEND_HEARTBEAT {datanodeUUID=895a69ca-0d52-44fe-bfc6-07a3d9e96002, command=[]} | ret=SUCCESS |  
2019-08-20 13:59:55,887 | INFO  | SCMAudit | user=jenkins1000 | ip=192.168.69.96 | op=SEND_HEARTBEAT {datanodeUUID=d0905ab9-d1e1-4c01-8e50-39a321b68c5a, command=[]} | ret=SUCCESS |  
2019-08-20 13:59:55,888 | INFO  | SCMAudit | user=jenkins1000 | ip=192.168.69.96 | op=SEND_HEARTBEAT {datanodeUUID=ee5c976b-fc81-41d2-a9c3-a7b83a5ca1a4, command=[]} | ret=SUCCESS |  
2019-08-20 13:59:55,941 | INFO  | SCMAudit | user=jenkins1000 | ip=192.168.69.96 | op=SEND_HEARTBEAT {datanodeUUID=029e4ca0-8cda-46b0-9d42-cc14ecee78cf, command=[]} | ret=SUCCESS |  
2019-08-20 13:59:56,092 | INFO  | SCMAudit | user=jenkins1000 | ip=192.168.69.96 | op=SEND_HEARTBEAT {datanodeUUID=864d677d-0c2a-4713-be84-66338b63a444, command=[]} | ret=SUCCESS |  
2019-08-20 13:59:56,692 | INFO  | SCMAudit | user=jenkins1000 | ip=192.168.69.96 | op=SEND_HEARTBEAT {datanodeUUID=062a344a-b078-4744-8294-3305232dae72, command=[]} | ret=SUCCESS |  
2019-08-20 13:59:56,789 | INFO  | SCMAudit | user=jenkins1000 | ip=192.168.69.96 | op=SEND_HEARTBEAT {datanodeUUID=895a69ca-0d52-44fe-bfc6-07a3d9e96002, command=[]} | ret=SUCCESS |  
2019-08-20 13:59:56,887 | INFO  | SCMAudit | user=jenkins1000 | ip=192.168.69.96 | op=SEND_HEARTBEAT {datanodeUUID=d0905ab9-d1e1-4c01-8e50-39a321b68c5a, command=[]} | ret=SUCCESS |  
2019-08-20 13:59:56,889 | INFO  | SCMAudit | user=jenkins1000 | ip=192.168.69.96 | op=SEND_HEARTBEAT {datanodeUUID=ee5c976b-fc81-41d2-a9c3-a7b83a5ca1a4, command=[]} | ret=SUCCESS |  
2019-08-20 13:59:56,941 | INFO  | SCMAudit | user=jenkins1000 | ip=192.168.69.96 | op=SEND_HEARTBEAT {datanodeUUID=029e4ca0-8cda-46b0-9d42-cc14ecee78cf, command=[]} | ret=SUCCESS |  
2019-08-20 13:59:56,981 [EventQueue-StaleNodeForStaleNodeHandler] INFO  node.StaleNodeHandler (StaleNodeHandler.java:onMessage(58)) - Datanode 268dc375-fa5b-4fbf-aa95-3805ce267cde{ip: 192.168.69.96, host: pr-hdds-1946lgncr-3764977478, networkLocation: /default-rack, certSerialId: null} moved to stale state. Finalizing its pipelines [PipelineID=bd0ac4fe-37ba-4f4e-b746-19b1c4c6b25a, PipelineID=bdb882ca-a1fb-42ad-b62d-bd54b685b965]
2019-08-20 13:59:56,982 [EventQueue-StaleNodeForStaleNodeHandler] INFO  pipeline.SCMPipelineManager (SCMPipelineManager.java:finalizeAndDestroyPipeline(309)) - destroying pipeline:Pipeline[ Id: bd0ac4fe-37ba-4f4e-b746-19b1c4c6b25a, Nodes: 268dc375-fa5b-4fbf-aa95-3805ce267cde{ip: 192.168.69.96, host: pr-hdds-1946lgncr-3764977478, networkLocation: /default-rack, certSerialId: null}d0905ab9-d1e1-4c01-8e50-39a321b68c5a{ip: 192.168.69.96, host: pr-hdds-1946lgncr-3764977478, networkLocation: /default-rack, certSerialId: null}ee5c976b-fc81-41d2-a9c3-a7b83a5ca1a4{ip: 192.168.69.96, host: pr-hdds-1946lgncr-3764977478, networkLocation: /default-rack, certSerialId: null}, Type:RATIS, Factor:THREE, State:OPEN]
2019-08-20 13:59:56,982 [EventQueue-StaleNodeForStaleNodeHandler] INFO  pipeline.PipelineStateManager (PipelineStateManager.java:finalizePipeline(123)) - Pipeline Pipeline[ Id: bd0ac4fe-37ba-4f4e-b746-19b1c4c6b25a, Nodes: 268dc375-fa5b-4fbf-aa95-3805ce267cde{ip: 192.168.69.96, host: pr-hdds-1946lgncr-3764977478, networkLocation: /default-rack, certSerialId: null}d0905ab9-d1e1-4c01-8e50-39a321b68c5a{ip: 192.168.69.96, host: pr-hdds-1946lgncr-3764977478, networkLocation: /default-rack, certSerialId: null}ee5c976b-fc81-41d2-a9c3-a7b83a5ca1a4{ip: 192.168.69.96, host: pr-hdds-1946lgncr-3764977478, networkLocation: /default-rack, certSerialId: null}, Type:RATIS, Factor:THREE, State:CLOSED] moved to CLOSED state
2019-08-20 13:59:56,983 [EventQueue-CloseContainerForCloseContainerEventHandler] INFO  container.CloseContainerEventHandler (CloseContainerEventHandler.java:onMessage(61)) - Close container Event triggered for container : #1
2019-08-20 13:59:56,983 [EventQueue-StaleNodeForStaleNodeHandler] INFO  pipeline.SCMPipelineManager (SCMPipelineManager.java:finalizeAndDestroyPipeline(309)) - destroying pipeline:Pipeline[ Id: bdb882ca-a1fb-42ad-b62d-bd54b685b965, Nodes: 268dc375-fa5b-4fbf-aa95-3805ce267cde{ip: 192.168.69.96, host: pr-hdds-1946lgncr-3764977478, networkLocation: /default-rack, certSerialId: null}, Type:RATIS, Factor:ONE, State:OPEN]
2019-08-20 13:59:56,983 [EventQueue-StaleNodeForStaleNodeHandler] INFO  pipeline.PipelineStateManager (PipelineStateManager.java:finalizePipeline(123)) - Pipeline Pipeline[ Id: bdb882ca-a1fb-42ad-b62d-bd54b685b965, Nodes: 268dc375-fa5b-4fbf-aa95-3805ce267cde{ip: 192.168.69.96, host: pr-hdds-1946lgncr-3764977478, networkLocation: /default-rack, certSerialId: null}, Type:RATIS, Factor:ONE, State:CLOSED] moved to CLOSED state
2019-08-20 13:59:57,026 [main] INFO  ozoneimpl.OzoneContainer (OzoneContainer.java:stop(199)) - Attempting to stop container services.
2019-08-20 13:59:57,026 [main] INFO  impl.RaftServerProxy (RaftServerProxy.java:lambda$close$4(314)) - 268dc375-fa5b-4fbf-aa95-3805ce267cde: close
2019-08-20 13:59:57,027 [main] INFO  impl.RaftServerImpl (RaftServerImpl.java:lambda$shutdown$3(245)) - 268dc375-fa5b-4fbf-aa95-3805ce267cde: shutdown group-19B1C4C6B25A
2019-08-20 13:59:57,027 [main] INFO  util.JmxRegister (JmxRegister.java:unregister(73)) - Successfully un-registered JMX Bean with object name Ratis:service=RaftServer,group=group-19B1C4C6B25A,id=268dc375-fa5b-4fbf-aa95-3805ce267cde
2019-08-20 13:59:57,028 [main] INFO  impl.RoleInfo (RoleInfo.java:shutdownLeaderState(104)) - 268dc375-fa5b-4fbf-aa95-3805ce267cde: shutdown LeaderState
2019-08-20 13:59:57,031 [org.apache.ratis.server.impl.LogAppender$AppenderDaemon$$Lambda$619/281366267@3044ffca] WARN  server.GrpcLogAppender (GrpcLogAppender.java:mayWait(143)) - GrpcLogAppender(268dc375-fa5b-4fbf-aa95-3805ce267cde->d0905ab9-d1e1-4c01-8e50-39a321b68c5a): Wait interrupted by java.lang.InterruptedException
2019-08-20 13:59:57,032 [main] INFO  impl.PendingRequests (PendingRequests.java:sendNotLeaderResponses(202)) - 268dc375-fa5b-4fbf-aa95-3805ce267cde-PendingRequests: sendNotLeaderResponses
2019-08-20 13:59:57,032 [org.apache.ratis.server.impl.LogAppender$AppenderDaemon$$Lambda$619/281366267@75467f06] WARN  server.GrpcLogAppender (GrpcLogAppender.java:mayWait(143)) - GrpcLogAppender(268dc375-fa5b-4fbf-aa95-3805ce267cde->ee5c976b-fc81-41d2-a9c3-a7b83a5ca1a4): Wait interrupted by java.lang.InterruptedException
2019-08-20 13:59:57,034 [grpc-default-executor-7] INFO  server.GrpcServerProtocolService (GrpcServerProtocolService.java:onCompleted(104)) - d0905ab9-d1e1-4c01-8e50-39a321b68c5a: appendEntries completed
2019-08-20 13:59:57,046 [main] INFO  impl.StateMachineUpdater (StateMachineUpdater.java:stopAndJoin(115)) - StateMachineUpdater:268dc375-fa5b-4fbf-aa95-3805ce267cde:group-19B1C4C6B25A: set stopIndex = 15
2019-08-20 13:59:57,047 [grpc-default-executor-12] INFO  server.GrpcServerProtocolService (GrpcServerProtocolService.java:onCompleted(104)) - ee5c976b-fc81-41d2-a9c3-a7b83a5ca1a4: appendEntries completed
2019-08-20 13:59:57,047 [StateMachineUpdater:268dc375-fa5b-4fbf-aa95-3805ce267cde:group-19B1C4C6B25A] INFO  ratis.ContainerStateMachine (ContainerStateMachine.java:takeSnapshot(271)) - group-19B1C4C6B25A: Taking a snapshot at:(t:1, i:13) file /workdir/hadoop-ozone/integration-test/target/test-dir/MiniOzoneClusterImpl-d4c3f63e-79eb-48dd-b907-15aeed9be1d5/datanode-4/data/ratis/bd0ac4fe-37ba-4f4e-b746-19b1c4c6b25a/sm/snapshot.1_13
2019-08-20 13:59:57,047 [grpc-default-executor-7] INFO  server.GrpcLogAppender (GrpcLogAppender.java:onCompleted(292)) - 268dc375-fa5b-4fbf-aa95-3805ce267cde->d0905ab9-d1e1-4c01-8e50-39a321b68c5a: follower responses appendEntries COMPLETED
2019-08-20 13:59:57,047 [grpc-default-executor-12] INFO  server.GrpcLogAppender (GrpcLogAppender.java:onCompleted(292)) - 268dc375-fa5b-4fbf-aa95-3805ce267cde->ee5c976b-fc81-41d2-a9c3-a7b83a5ca1a4: follower responses appendEntries COMPLETED
2019-08-20 13:59:57,048 [grpc-default-executor-7] INFO  impl.FollowerInfo (FollowerInfo.java:lambda$new$0(50)) - 268dc375-fa5b-4fbf-aa95-3805ce267cde->d0905ab9-d1e1-4c01-8e50-39a321b68c5a: nextIndex: updateUnconditionally 16 -> 15
2019-08-20 13:59:57,048 [grpc-default-executor-12] INFO  impl.FollowerInfo (FollowerInfo.java:lambda$new$0(50)) - 268dc375-fa5b-4fbf-aa95-3805ce267cde->ee5c976b-fc81-41d2-a9c3-a7b83a5ca1a4: nextIndex: updateUnconditionally 16 -> 15
2019-08-20 13:59:57,062 [StateMachineUpdater:268dc375-fa5b-4fbf-aa95-3805ce267cde:group-19B1C4C6B25A] INFO  ratis.ContainerStateMachine (ContainerStateMachine.java:takeSnapshot(282)) - group-19B1C4C6B25A: Finished taking a snapshot at:(t:1, i:13) file:/workdir/hadoop-ozone/integration-test/target/test-dir/MiniOzoneClusterImpl-d4c3f63e-79eb-48dd-b907-15aeed9be1d5/datanode-4/data/ratis/bd0ac4fe-37ba-4f4e-b746-19b1c4c6b25a/sm/snapshot.1_13 time:16
2019-08-20 13:59:57,062 [StateMachineUpdater:268dc375-fa5b-4fbf-aa95-3805ce267cde:group-19B1C4C6B25A] INFO  impl.StateMachineUpdater (StateMachineUpdater.java:takeSnapshot(242)) - StateMachineUpdater:268dc375-fa5b-4fbf-aa95-3805ce267cde:group-19B1C4C6B25A: Took a snapshot at index 13
2019-08-20 13:59:57,062 [StateMachineUpdater:268dc375-fa5b-4fbf-aa95-3805ce267cde:group-19B1C4C6B25A] INFO  impl.StateMachineUpdater (StateMachineUpdater.java:lambda$new$0(80)) - StateMachineUpdater:268dc375-fa5b-4fbf-aa95-3805ce267cde:group-19B1C4C6B25A: snapshotIndex: updateIncreasingly -1 -> 13
2019-08-20 13:59:57,063 [main] INFO  impl.RaftServerImpl (ServerState.java:close(394)) - 268dc375-fa5b-4fbf-aa95-3805ce267cde:group-19B1C4C6B25A closes. The last applied log index is 15
2019-08-20 13:59:57,063 [268dc375-fa5b-4fbf-aa95-3805ce267cde-SegmentedRaftLogWorker:Storage Directory /workdir/hadoop-ozone/integration-test/target/test-dir/MiniOzoneClusterImpl-d4c3f63e-79eb-48dd-b907-15aeed9be1d5/datanode-4/data/ratis/bd0ac4fe-37ba-4f4e-b746-19b1c4c6b25a] INFO  segmented.SegmentedRaftLogWorker (SegmentedRaftLogWorker.java:run(313)) - 268dc375-fa5b-4fbf-aa95-3805ce267cde-SegmentedRaftLogWorker:Storage Directory /workdir/hadoop-ozone/integration-test/target/test-dir/MiniOzoneClusterImpl-d4c3f63e-79eb-48dd-b907-15aeed9be1d5/datanode-4/data/ratis/bd0ac4fe-37ba-4f4e-b746-19b1c4c6b25a was interrupted, exiting. There are 0 tasks remaining in the queue.
2019-08-20 13:59:57,067 [main] INFO  segmented.SegmentedRaftLogWorker (SegmentedRaftLogWorker.java:close(228)) - 268dc375-fa5b-4fbf-aa95-3805ce267cde-SegmentedRaftLogWorker:Storage Directory /workdir/hadoop-ozone/integration-test/target/test-dir/MiniOzoneClusterImpl-d4c3f63e-79eb-48dd-b907-15aeed9be1d5/datanode-4/data/ratis/bd0ac4fe-37ba-4f4e-b746-19b1c4c6b25a close()
2019-08-20 13:59:57,070 [main] INFO  impl.RaftServerImpl (RaftServerImpl.java:lambda$shutdown$3(245)) - 268dc375-fa5b-4fbf-aa95-3805ce267cde: shutdown group-BD54B685B965
2019-08-20 13:59:57,070 [main] INFO  util.JmxRegister (JmxRegister.java:unregister(73)) - Successfully un-registered JMX Bean with object name Ratis:service=RaftServer,group=group-BD54B685B965,id=268dc375-fa5b-4fbf-aa95-3805ce267cde
2019-08-20 13:59:57,070 [main] INFO  impl.RoleInfo (RoleInfo.java:shutdownLeaderState(104)) - 268dc375-fa5b-4fbf-aa95-3805ce267cde: shutdown LeaderState
2019-08-20 13:59:57,071 [main] INFO  impl.PendingRequests (PendingRequests.java:sendNotLeaderResponses(202)) - 268dc375-fa5b-4fbf-aa95-3805ce267cde-PendingRequests: sendNotLeaderResponses
2019-08-20 13:59:57,071 [main] INFO  impl.StateMachineUpdater (StateMachineUpdater.java:stopAndJoin(115)) - StateMachineUpdater:268dc375-fa5b-4fbf-aa95-3805ce267cde:group-BD54B685B965: set stopIndex = 0
2019-08-20 13:59:57,072 [main] INFO  impl.RaftServerImpl (ServerState.java:close(394)) - 268dc375-fa5b-4fbf-aa95-3805ce267cde:group-BD54B685B965 closes. The last applied log index is 0
2019-08-20 13:59:57,072 [268dc375-fa5b-4fbf-aa95-3805ce267cde-SegmentedRaftLogWorker:Storage Directory /workdir/hadoop-ozone/integration-test/target/test-dir/MiniOzoneClusterImpl-d4c3f63e-79eb-48dd-b907-15aeed9be1d5/datanode-4/data/ratis/bdb882ca-a1fb-42ad-b62d-bd54b685b965] INFO  segmented.SegmentedRaftLogWorker (SegmentedRaftLogWorker.java:run(313)) - 268dc375-fa5b-4fbf-aa95-3805ce267cde-SegmentedRaftLogWorker:Storage Directory /workdir/hadoop-ozone/integration-test/target/test-dir/MiniOzoneClusterImpl-d4c3f63e-79eb-48dd-b907-15aeed9be1d5/datanode-4/data/ratis/bdb882ca-a1fb-42ad-b62d-bd54b685b965 was interrupted, exiting. There are 0 tasks remaining in the queue.
2019-08-20 13:59:57,074 [main] INFO  segmented.SegmentedRaftLogWorker (SegmentedRaftLogWorker.java:close(228)) - 268dc375-fa5b-4fbf-aa95-3805ce267cde-SegmentedRaftLogWorker:Storage Directory /workdir/hadoop-ozone/integration-test/target/test-dir/MiniOzoneClusterImpl-d4c3f63e-79eb-48dd-b907-15aeed9be1d5/datanode-4/data/ratis/bdb882ca-a1fb-42ad-b62d-bd54b685b965 close()
2019-08-20 13:59:57,076 [main] INFO  server.GrpcService (GrpcService.java:closeImpl(155)) - 268dc375-fa5b-4fbf-aa95-3805ce267cde: shutdown server with port 36401 now
2019-08-20 13:59:57,077 [grpc-default-executor-7] WARN  client.GrpcClientProtocolService (LogUtils.java:warn(134)) - 4-UnorderedRequestStreamObserver4: onError: org.apache.ratis.thirdparty.io.grpc.StatusRuntimeException: CANCELLED: cancelled before receiving half close
2019-08-20 13:59:57,077 [main] INFO  server.GrpcService (GrpcService.java:closeImpl(163)) - 268dc375-fa5b-4fbf-aa95-3805ce267cde: shutdown server with port 36401 successfully
2019-08-20 13:59:57,079 [main] INFO  utils.BackgroundService (BackgroundService.java:shutdown(148)) - Shutting down service BlockDeletingService
2019-08-20 13:59:57,080 [refreshUsed-/workdir/hadoop-ozone/integration-test/target/test-dir/MiniOzoneClusterImpl-d4c3f63e-79eb-48dd-b907-15aeed9be1d5/datanode-4/data/containers] WARN  fs.CachingGetSpaceUsed (CachingGetSpaceUsed.java:run(183)) - Thread Interrupted waiting to refresh disk information: sleep interrupted
2019-08-20 13:59:57,092 | INFO  | SCMAudit | user=jenkins1000 | ip=192.168.69.96 | op=SEND_HEARTBEAT {datanodeUUID=864d677d-0c2a-4713-be84-66338b63a444, command=[]} | ret=SUCCESS |  
2019-08-20 13:59:57,101 [main] INFO  statemachine.DatanodeStateMachine (DatanodeStateMachine.java:stopDaemon(395)) - Ozone container server stopped.
2019-08-20 13:59:57,103 [main] INFO  handler.ContextHandler (ContextHandler.java:doStop(910)) - Stopped o.e.j.w.WebAppContext@49de2cc4{/,null,UNAVAILABLE}{/hddsDatanode}
2019-08-20 13:59:57,104 [main] INFO  server.AbstractConnector (AbstractConnector.java:doStop(318)) - Stopped ServerConnector@10395bc4{HTTP/1.1,[http/1.1]}{0.0.0.0:0}
2019-08-20 13:59:57,104 [main] INFO  handler.ContextHandler (ContextHandler.java:doStop(910)) - Stopped o.e.j.s.ServletContextHandler@29ff84fa{/static,jar:file:/home/user/.m2/repository/org/apache/hadoop/hadoop-hdds-container-service/0.5.0-SNAPSHOT/hadoop-hdds-container-service-0.5.0-SNAPSHOT.jar!/webapps/static,UNAVAILABLE}
2019-08-20 13:59:57,104 [main] INFO  handler.ContextHandler (ContextHandler.java:doStop(910)) - Stopped o.e.j.s.ServletContextHandler@4ee9daf5{/logs,file:///workdir/hadoop-ozone/integration-test/target/log,UNAVAILABLE}
2019-08-20 13:59:57,691 | INFO  | SCMAudit | user=jenkins1000 | ip=192.168.69.96 | op=SEND_HEARTBEAT {datanodeUUID=062a344a-b078-4744-8294-3305232dae72, command=[]} | ret=SUCCESS |  
2019-08-20 13:59:57,789 | INFO  | SCMAudit | user=jenkins1000 | ip=192.168.69.96 | op=SEND_HEARTBEAT {datanodeUUID=895a69ca-0d52-44fe-bfc6-07a3d9e96002, command=[]} | ret=SUCCESS |  
2019-08-20 13:59:57,888 | INFO  | SCMAudit | user=jenkins1000 | ip=192.168.69.96 | op=SEND_HEARTBEAT {datanodeUUID=d0905ab9-d1e1-4c01-8e50-39a321b68c5a, command=[commandType: closeContainerCommand closeContainerCommandProto { containerID: 1 pipelineID { id: "bd0ac4fe-37ba-4f4e-b746-19b1c4c6b25a" } cmdId: 1 force: false } ]} | ret=SUCCESS |  
2019-08-20 13:59:57,890 | INFO  | SCMAudit | user=jenkins1000 | ip=192.168.69.96 | op=SEND_HEARTBEAT {datanodeUUID=ee5c976b-fc81-41d2-a9c3-a7b83a5ca1a4, command=[commandType: closeContainerCommand closeContainerCommandProto { containerID: 1 pipelineID { id: "bd0ac4fe-37ba-4f4e-b746-19b1c4c6b25a" } cmdId: 1 force: false } ]} | ret=SUCCESS |  
2019-08-20 13:59:57,941 | INFO  | SCMAudit | user=jenkins1000 | ip=192.168.69.96 | op=SEND_HEARTBEAT {datanodeUUID=029e4ca0-8cda-46b0-9d42-cc14ecee78cf, command=[]} | ret=SUCCESS |  
2019-08-20 13:59:58,092 | INFO  | SCMAudit | user=jenkins1000 | ip=192.168.69.96 | op=SEND_HEARTBEAT {datanodeUUID=864d677d-0c2a-4713-be84-66338b63a444, command=[]} | ret=SUCCESS |  
2019-08-20 13:59:58,691 | INFO  | SCMAudit | user=jenkins1000 | ip=192.168.69.96 | op=SEND_HEARTBEAT {datanodeUUID=062a344a-b078-4744-8294-3305232dae72, command=[]} | ret=SUCCESS |  
2019-08-20 13:59:58,789 | INFO  | SCMAudit | user=jenkins1000 | ip=192.168.69.96 | op=SEND_HEARTBEAT {datanodeUUID=895a69ca-0d52-44fe-bfc6-07a3d9e96002, command=[]} | ret=SUCCESS |  
2019-08-20 13:59:58,887 | INFO  | SCMAudit | user=jenkins1000 | ip=192.168.69.96 | op=SEND_HEARTBEAT {datanodeUUID=d0905ab9-d1e1-4c01-8e50-39a321b68c5a, command=[]} | ret=SUCCESS |  
2019-08-20 13:59:58,889 | INFO  | SCMAudit | user=jenkins1000 | ip=192.168.69.96 | op=SEND_HEARTBEAT {datanodeUUID=ee5c976b-fc81-41d2-a9c3-a7b83a5ca1a4, command=[]} | ret=SUCCESS |  
2019-08-20 13:59:58,904 | INFO  | SCMAudit | user=jenkins1000 | ip=192.168.69.96 | op=SEND_HEARTBEAT {datanodeUUID=d0905ab9-d1e1-4c01-8e50-39a321b68c5a, command=[]} | ret=SUCCESS |  
2019-08-20 13:59:58,941 | INFO  | SCMAudit | user=jenkins1000 | ip=192.168.69.96 | op=SEND_HEARTBEAT {datanodeUUID=029e4ca0-8cda-46b0-9d42-cc14ecee78cf, command=[]} | ret=SUCCESS |  
2019-08-20 13:59:59,092 | INFO  | SCMAudit | user=jenkins1000 | ip=192.168.69.96 | op=SEND_HEARTBEAT {datanodeUUID=864d677d-0c2a-4713-be84-66338b63a444, command=[]} | ret=SUCCESS |  
2019-08-20 13:59:59,116 [grpc-default-executor-6] INFO  client.GrpcClientProtocolClient (GrpcClientProtocolClient.java:onNext(255)) - client-090919B7861C->d0905ab9-d1e1-4c01-8e50-39a321b68c5a: receive RaftClientReply:client-090919B7861C->d0905ab9-d1e1-4c01-8e50-39a321b68c5a@group-19B1C4C6B25A, cid=193, FAILED org.apache.ratis.protocol.NotLeaderException: Server d0905ab9-d1e1-4c01-8e50-39a321b68c5a is not the leader (268dc375-fa5b-4fbf-aa95-3805ce267cde:192.168.69.96:36401). Request must be sent to leader., logIndex=0, commits[d0905ab9-d1e1-4c01-8e50-39a321b68c5a:c15, ee5c976b-fc81-41d2-a9c3-a7b83a5ca1a4:c15, 268dc375-fa5b-4fbf-aa95-3805ce267cde:c15]
2019-08-20 13:59:59,691 | INFO  | SCMAudit | user=jenkins1000 | ip=192.168.69.96 | op=SEND_HEARTBEAT {datanodeUUID=062a344a-b078-4744-8294-3305232dae72, command=[]} | ret=SUCCESS |  
2019-08-20 13:59:59,790 | INFO  | SCMAudit | user=jenkins1000 | ip=192.168.69.96 | op=SEND_HEARTBEAT {datanodeUUID=895a69ca-0d52-44fe-bfc6-07a3d9e96002, command=[]} | ret=SUCCESS |  
2019-08-20 13:59:59,890 | INFO  | SCMAudit | user=jenkins1000 | ip=192.168.69.96 | op=SEND_HEARTBEAT {datanodeUUID=ee5c976b-fc81-41d2-a9c3-a7b83a5ca1a4, command=[]} | ret=SUCCESS |  
2019-08-20 13:59:59,903 | INFO  | SCMAudit | user=jenkins1000 | ip=192.168.69.96 | op=SEND_HEARTBEAT {datanodeUUID=d0905ab9-d1e1-4c01-8e50-39a321b68c5a, command=[]} | ret=SUCCESS |  
2019-08-20 13:59:59,907 | INFO  | SCMAudit | user=jenkins1000 | ip=192.168.69.96 | op=SEND_HEARTBEAT {datanodeUUID=ee5c976b-fc81-41d2-a9c3-a7b83a5ca1a4, command=[]} | ret=SUCCESS |  
2019-08-20 13:59:59,941 | INFO  | SCMAudit | user=jenkins1000 | ip=192.168.69.96 | op=SEND_HEARTBEAT {datanodeUUID=029e4ca0-8cda-46b0-9d42-cc14ecee78cf, command=[]} | ret=SUCCESS |  
2019-08-20 14:00:00,092 | INFO  | SCMAudit | user=jenkins1000 | ip=192.168.69.96 | op=SEND_HEARTBEAT {datanodeUUID=864d677d-0c2a-4713-be84-66338b63a444, command=[]} | ret=SUCCESS |  
2019-08-20 14:00:00,132 [grpc-default-executor-7] INFO  client.GrpcClientProtocolClient (GrpcClientProtocolClient.java:onNext(255)) - client-090919B7861C->ee5c976b-fc81-41d2-a9c3-a7b83a5ca1a4: receive RaftClientReply:client-090919B7861C->ee5c976b-fc81-41d2-a9c3-a7b83a5ca1a4@group-19B1C4C6B25A, cid=193, FAILED org.apache.ratis.protocol.NotLeaderException: Server ee5c976b-fc81-41d2-a9c3-a7b83a5ca1a4 is not the leader (268dc375-fa5b-4fbf-aa95-3805ce267cde:192.168.69.96:36401). Request must be sent to leader., logIndex=0, commits[ee5c976b-fc81-41d2-a9c3-a7b83a5ca1a4:c15, 268dc375-fa5b-4fbf-aa95-3805ce267cde:c15, d0905ab9-d1e1-4c01-8e50-39a321b68c5a:c15]
2019-08-20 14:00:00,692 | INFO  | SCMAudit | user=jenkins1000 | ip=192.168.69.96 | op=SEND_HEARTBEAT {datanodeUUID=062a344a-b078-4744-8294-3305232dae72, command=[]} | ret=SUCCESS |  
2019-08-20 14:00:00,790 | INFO  | SCMAudit | user=jenkins1000 | ip=192.168.69.96 | op=SEND_HEARTBEAT {datanodeUUID=895a69ca-0d52-44fe-bfc6-07a3d9e96002, command=[]} | ret=SUCCESS |  
2019-08-20 14:00:00,903 | INFO  | SCMAudit | user=jenkins1000 | ip=192.168.69.96 | op=SEND_HEARTBEAT {datanodeUUID=d0905ab9-d1e1-4c01-8e50-39a321b68c5a, command=[]} | ret=SUCCESS |  
2019-08-20 14:00:00,907 | INFO  | SCMAudit | user=jenkins1000 | ip=192.168.69.96 | op=SEND_HEARTBEAT {datanodeUUID=ee5c976b-fc81-41d2-a9c3-a7b83a5ca1a4, command=[]} | ret=SUCCESS |  
2019-08-20 14:00:00,941 | INFO  | SCMAudit | user=jenkins1000 | ip=192.168.69.96 | op=SEND_HEARTBEAT {datanodeUUID=029e4ca0-8cda-46b0-9d42-cc14ecee78cf, command=[]} | ret=SUCCESS |  
2019-08-20 14:00:01,093 | INFO  | SCMAudit | user=jenkins1000 | ip=192.168.69.96 | op=SEND_HEARTBEAT {datanodeUUID=864d677d-0c2a-4713-be84-66338b63a444, command=[]} | ret=SUCCESS |  
2019-08-20 14:00:01,142 [grpc-default-executor-12] INFO  client.GrpcClientProtocolClient (GrpcClientProtocolClient.java:onNext(255)) - client-090919B7861C->d0905ab9-d1e1-4c01-8e50-39a321b68c5a: receive RaftClientReply:client-090919B7861C->d0905ab9-d1e1-4c01-8e50-39a321b68c5a@group-19B1C4C6B25A, cid=193, FAILED org.apache.ratis.protocol.NotLeaderException: Server d0905ab9-d1e1-4c01-8e50-39a321b68c5a is not the leader (268dc375-fa5b-4fbf-aa95-3805ce267cde:192.168.69.96:36401). Request must be sent to leader., logIndex=0, commits[d0905ab9-d1e1-4c01-8e50-39a321b68c5a:c15, ee5c976b-fc81-41d2-a9c3-a7b83a5ca1a4:c15, 268dc375-fa5b-4fbf-aa95-3805ce267cde:c15]
2019-08-20 14:00:01,691 | INFO  | SCMAudit | user=jenkins1000 | ip=192.168.69.96 | op=SEND_HEARTBEAT {datanodeUUID=062a344a-b078-4744-8294-3305232dae72, command=[]} | ret=SUCCESS |  
2019-08-20 14:00:01,790 | INFO  | SCMAudit | user=jenkins1000 | ip=192.168.69.96 | op=SEND_HEARTBEAT {datanodeUUID=895a69ca-0d52-44fe-bfc6-07a3d9e96002, command=[]} | ret=SUCCESS |  
2019-08-20 14:00:01,904 | INFO  | SCMAudit | user=jenkins1000 | ip=192.168.69.96 | op=SEND_HEARTBEAT {datanodeUUID=d0905ab9-d1e1-4c01-8e50-39a321b68c5a, command=[]} | ret=SUCCESS |  
2019-08-20 14:00:01,908 | INFO  | SCMAudit | user=jenkins1000 | ip=192.168.69.96 | op=SEND_HEARTBEAT {datanodeUUID=ee5c976b-fc81-41d2-a9c3-a7b83a5ca1a4, command=[]} | ret=SUCCESS |  
2019-08-20 14:00:01,941 | INFO  | SCMAudit | user=jenkins1000 | ip=192.168.69.96 | op=SEND_HEARTBEAT {datanodeUUID=029e4ca0-8cda-46b0-9d42-cc14ecee78cf, command=[]} | ret=SUCCESS |  
2019-08-20 14:00:02,092 | INFO  | SCMAudit | user=jenkins1000 | ip=192.168.69.96 | op=SEND_HEARTBEAT {datanodeUUID=864d677d-0c2a-4713-be84-66338b63a444, command=[]} | ret=SUCCESS |  
2019-08-20 14:00:02,163 [grpc-default-executor-12] INFO  client.GrpcClientProtocolClient (GrpcClientProtocolClient.java:onNext(255)) - client-090919B7861C->ee5c976b-fc81-41d2-a9c3-a7b83a5ca1a4: receive RaftClientReply:client-090919B7861C->ee5c976b-fc81-41d2-a9c3-a7b83a5ca1a4@group-19B1C4C6B25A, cid=193, FAILED org.apache.ratis.protocol.NotLeaderException: Server ee5c976b-fc81-41d2-a9c3-a7b83a5ca1a4 is not the leader (268dc375-fa5b-4fbf-aa95-3805ce267cde:192.168.69.96:36401). Request must be sent to leader., logIndex=0, commits[ee5c976b-fc81-41d2-a9c3-a7b83a5ca1a4:c15, 268dc375-fa5b-4fbf-aa95-3805ce267cde:c15, d0905ab9-d1e1-4c01-8e50-39a321b68c5a:c15]
2019-08-20 14:00:02,692 | INFO  | SCMAudit | user=jenkins1000 | ip=192.168.69.96 | op=SEND_HEARTBEAT {datanodeUUID=062a344a-b078-4744-8294-3305232dae72, command=[]} | ret=SUCCESS |  
2019-08-20 14:00:02,790 | INFO  | SCMAudit | user=jenkins1000 | ip=192.168.69.96 | op=SEND_HEARTBEAT {datanodeUUID=895a69ca-0d52-44fe-bfc6-07a3d9e96002, command=[]} | ret=SUCCESS |  
2019-08-20 14:00:02,903 | INFO  | SCMAudit | user=jenkins1000 | ip=192.168.69.96 | op=SEND_HEARTBEAT {datanodeUUID=d0905ab9-d1e1-4c01-8e50-39a321b68c5a, command=[]} | ret=SUCCESS |  
2019-08-20 14:00:02,908 | INFO  | SCMAudit | user=jenkins1000 | ip=192.168.69.96 | op=SEND_HEARTBEAT {datanodeUUID=ee5c976b-fc81-41d2-a9c3-a7b83a5ca1a4, command=[]} | ret=SUCCESS |  
2019-08-20 14:00:02,941 | INFO  | SCMAudit | user=jenkins1000 | ip=192.168.69.96 | op=SEND_HEARTBEAT {datanodeUUID=029e4ca0-8cda-46b0-9d42-cc14ecee78cf, command=[]} | ret=SUCCESS |  
2019-08-20 14:00:03,092 | INFO  | SCMAudit | user=jenkins1000 | ip=192.168.69.96 | op=SEND_HEARTBEAT {datanodeUUID=864d677d-0c2a-4713-be84-66338b63a444, command=[]} | ret=SUCCESS |  
2019-08-20 14:00:03,180 [grpc-default-executor-12] INFO  client.GrpcClientProtocolClient (GrpcClientProtocolClient.java:onNext(255)) - client-090919B7861C->ee5c976b-fc81-41d2-a9c3-a7b83a5ca1a4: receive RaftClientReply:client-090919B7861C->ee5c976b-fc81-41d2-a9c3-a7b83a5ca1a4@group-19B1C4C6B25A, cid=193, FAILED org.apache.ratis.protocol.NotLeaderException: Server ee5c976b-fc81-41d2-a9c3-a7b83a5ca1a4 is not the leader (268dc375-fa5b-4fbf-aa95-3805ce267cde:192.168.69.96:36401). Request must be sent to leader., logIndex=0, commits[ee5c976b-fc81-41d2-a9c3-a7b83a5ca1a4:c15, 268dc375-fa5b-4fbf-aa95-3805ce267cde:c15, d0905ab9-d1e1-4c01-8e50-39a321b68c5a:c15]
2019-08-20 14:00:03,692 | INFO  | SCMAudit | user=jenkins1000 | ip=192.168.69.96 | op=SEND_HEARTBEAT {datanodeUUID=062a344a-b078-4744-8294-3305232dae72, command=[]} | ret=SUCCESS |  
2019-08-20 14:00:03,790 | INFO  | SCMAudit | user=jenkins1000 | ip=192.168.69.96 | op=SEND_HEARTBEAT {datanodeUUID=895a69ca-0d52-44fe-bfc6-07a3d9e96002, command=[]} | ret=SUCCESS |  
2019-08-20 14:00:03,903 | INFO  | SCMAudit | user=jenkins1000 | ip=192.168.69.96 | op=SEND_HEARTBEAT {datanodeUUID=d0905ab9-d1e1-4c01-8e50-39a321b68c5a, command=[]} | ret=SUCCESS |  
2019-08-20 14:00:03,909 | INFO  | SCMAudit | user=jenkins1000 | ip=192.168.69.96 | op=SEND_HEARTBEAT {datanodeUUID=ee5c976b-fc81-41d2-a9c3-a7b83a5ca1a4, command=[]} | ret=SUCCESS |  
2019-08-20 14:00:03,941 | INFO  | SCMAudit | user=jenkins1000 | ip=192.168.69.96 | op=SEND_HEARTBEAT {datanodeUUID=029e4ca0-8cda-46b0-9d42-cc14ecee78cf, command=[]} | ret=SUCCESS |  
2019-08-20 14:00:04,092 | INFO  | SCMAudit | user=jenkins1000 | ip=192.168.69.96 | op=SEND_HEARTBEAT {datanodeUUID=864d677d-0c2a-4713-be84-66338b63a444, command=[]} | ret=SUCCESS |  
2019-08-20 14:00:04,194 [grpc-default-executor-6] INFO  client.GrpcClientProtocolClient (GrpcClientProtocolClient.java:onNext(255)) - client-090919B7861C->d0905ab9-d1e1-4c01-8e50-39a321b68c5a: receive RaftClientReply:client-090919B7861C->d0905ab9-d1e1-4c01-8e50-39a321b68c5a@group-19B1C4C6B25A, cid=193, FAILED org.apache.ratis.protocol.NotLeaderException: Server d0905ab9-d1e1-4c01-8e50-39a321b68c5a is not the leader (268dc375-fa5b-4fbf-aa95-3805ce267cde:192.168.69.96:36401). Request must be sent to leader., logIndex=0, commits[d0905ab9-d1e1-4c01-8e50-39a321b68c5a:c15, ee5c976b-fc81-41d2-a9c3-a7b83a5ca1a4:c15, 268dc375-fa5b-4fbf-aa95-3805ce267cde:c15]
2019-08-20 14:00:04,692 | INFO  | SCMAudit | user=jenkins1000 | ip=192.168.69.96 | op=SEND_HEARTBEAT {datanodeUUID=062a344a-b078-4744-8294-3305232dae72, command=[]} | ret=SUCCESS |  
2019-08-20 14:00:04,790 | INFO  | SCMAudit | user=jenkins1000 | ip=192.168.69.96 | op=SEND_HEARTBEAT {datanodeUUID=895a69ca-0d52-44fe-bfc6-07a3d9e96002, command=[]} | ret=SUCCESS |  
2019-08-20 14:00:04,903 | INFO  | SCMAudit | user=jenkins1000 | ip=192.168.69.96 | op=SEND_HEARTBEAT {datanodeUUID=d0905ab9-d1e1-4c01-8e50-39a321b68c5a, command=[]} | ret=SUCCESS |  
2019-08-20 14:00:04,910 | INFO  | SCMAudit | user=jenkins1000 | ip=192.168.69.96 | op=SEND_HEARTBEAT {datanodeUUID=ee5c976b-fc81-41d2-a9c3-a7b83a5ca1a4, command=[]} | ret=SUCCESS |  
2019-08-20 14:00:04,941 | INFO  | SCMAudit | user=jenkins1000 | ip=192.168.69.96 | op=SEND_HEARTBEAT {datanodeUUID=029e4ca0-8cda-46b0-9d42-cc14ecee78cf, command=[]} | ret=SUCCESS |  
2019-08-20 14:00:05,093 | INFO  | SCMAudit | user=jenkins1000 | ip=192.168.69.96 | op=SEND_HEARTBEAT {datanodeUUID=864d677d-0c2a-4713-be84-66338b63a444, command=[]} | ret=SUCCESS |  
2019-08-20 14:00:05,208 [grpc-default-executor-7] INFO  client.GrpcClientProtocolClient (GrpcClientProtocolClient.java:onNext(255)) - client-090919B7861C->d0905ab9-d1e1-4c01-8e50-39a321b68c5a: receive RaftClientReply:client-090919B7861C->d0905ab9-d1e1-4c01-8e50-39a321b68c5a@group-19B1C4C6B25A, cid=193, FAILED org.apache.ratis.protocol.NotLeaderException: Server d0905ab9-d1e1-4c01-8e50-39a321b68c5a is not the leader (268dc375-fa5b-4fbf-aa95-3805ce267cde:192.168.69.96:36401). Request must be sent to leader., logIndex=0, commits[d0905ab9-d1e1-4c01-8e50-39a321b68c5a:c15, ee5c976b-fc81-41d2-a9c3-a7b83a5ca1a4:c15, 268dc375-fa5b-4fbf-aa95-3805ce267cde:c15]
2019-08-20 14:00:05,692 | INFO  | SCMAudit | user=jenkins1000 | ip=192.168.69.96 | op=SEND_HEARTBEAT {datanodeUUID=062a344a-b078-4744-8294-3305232dae72, command=[]} | ret=SUCCESS |  
2019-08-20 14:00:05,790 | INFO  | SCMAudit | user=jenkins1000 | ip=192.168.69.96 | op=SEND_HEARTBEAT {datanodeUUID=895a69ca-0d52-44fe-bfc6-07a3d9e96002, command=[]} | ret=SUCCESS |  
2019-08-20 14:00:05,903 | INFO  | SCMAudit | user=jenkins1000 | ip=192.168.69.96 | op=SEND_HEARTBEAT {datanodeUUID=d0905ab9-d1e1-4c01-8e50-39a321b68c5a, command=[]} | ret=SUCCESS |  
2019-08-20 14:00:05,910 | INFO  | SCMAudit | user=jenkins1000 | ip=192.168.69.96 | op=SEND_HEARTBEAT {datanodeUUID=ee5c976b-fc81-41d2-a9c3-a7b83a5ca1a4, command=[]} | ret=SUCCESS |  
2019-08-20 14:00:05,942 | INFO  | SCMAudit | user=jenkins1000 | ip=192.168.69.96 | op=SEND_HEARTBEAT {datanodeUUID=029e4ca0-8cda-46b0-9d42-cc14ecee78cf, command=[]} | ret=SUCCESS |  
2019-08-20 14:00:06,092 | INFO  | SCMAudit | user=jenkins1000 | ip=192.168.69.96 | op=SEND_HEARTBEAT {datanodeUUID=864d677d-0c2a-4713-be84-66338b63a444, command=[]} | ret=SUCCESS |  
2019-08-20 14:00:06,217 [grpc-default-executor-7] INFO  client.GrpcClientProtocolClient (GrpcClientProtocolClient.java:onNext(255)) - client-090919B7861C->ee5c976b-fc81-41d2-a9c3-a7b83a5ca1a4: receive RaftClientReply:client-090919B7861C->ee5c976b-fc81-41d2-a9c3-a7b83a5ca1a4@group-19B1C4C6B25A, cid=193, FAILED org.apache.ratis.protocol.NotLeaderException: Server ee5c976b-fc81-41d2-a9c3-a7b83a5ca1a4 is not the leader (268dc375-fa5b-4fbf-aa95-3805ce267cde:192.168.69.96:36401). Request must be sent to leader., logIndex=0, commits[ee5c976b-fc81-41d2-a9c3-a7b83a5ca1a4:c15, 268dc375-fa5b-4fbf-aa95-3805ce267cde:c15, d0905ab9-d1e1-4c01-8e50-39a321b68c5a:c15]
2019-08-20 14:00:06,691 | INFO  | SCMAudit | user=jenkins1000 | ip=192.168.69.96 | op=SEND_HEARTBEAT {datanodeUUID=062a344a-b078-4744-8294-3305232dae72, command=[]} | ret=SUCCESS |  
2019-08-20 14:00:06,791 | INFO  | SCMAudit | user=jenkins1000 | ip=192.168.69.96 | op=SEND_HEARTBEAT {datanodeUUID=895a69ca-0d52-44fe-bfc6-07a3d9e96002, command=[]} | ret=SUCCESS |  
2019-08-20 14:00:06,903 | INFO  | SCMAudit | user=jenkins1000 | ip=192.168.69.96 | op=SEND_HEARTBEAT {datanodeUUID=d0905ab9-d1e1-4c01-8e50-39a321b68c5a, command=[]} | ret=SUCCESS |  
2019-08-20 14:00:06,910 | INFO  | SCMAudit | user=jenkins1000 | ip=192.168.69.96 | op=SEND_HEARTBEAT {datanodeUUID=ee5c976b-fc81-41d2-a9c3-a7b83a5ca1a4, command=[]} | ret=SUCCESS |  
2019-08-20 14:00:06,942 | INFO  | SCMAudit | user=jenkins1000 | ip=192.168.69.96 | op=SEND_HEARTBEAT {datanodeUUID=029e4ca0-8cda-46b0-9d42-cc14ecee78cf, command=[]} | ret=SUCCESS |  
2019-08-20 14:00:07,027 [Thread-3704] INFO  impl.FollowerState (FollowerState.java:run(106)) - d0905ab9-d1e1-4c01-8e50-39a321b68c5a:group-19B1C4C6B25A changes to CANDIDATE, lastRpcTime:10005, electionTimeout:5047ms
2019-08-20 14:00:07,027 [Thread-3704] INFO  impl.RoleInfo (RoleInfo.java:shutdownFollowerState(121)) - d0905ab9-d1e1-4c01-8e50-39a321b68c5a: shutdown FollowerState
2019-08-20 14:00:07,027 [Thread-3704] INFO  impl.RaftServerImpl (RaftServerImpl.java:setRole(171)) - d0905ab9-d1e1-4c01-8e50-39a321b68c5a:group-19B1C4C6B25A changes role from FOLLOWER to CANDIDATE at term 1 for changeToCandidate
2019-08-20 14:00:07,027 [Thread-3704] INFO  impl.RoleInfo (RoleInfo.java:updateAndGet(143)) - d0905ab9-d1e1-4c01-8e50-39a321b68c5a: start LeaderElection
2019-08-20 14:00:07,031 [d0905ab9-d1e1-4c01-8e50-39a321b68c5a:group-19B1C4C6B25A:LeaderElection84] INFO  impl.RaftServerImpl (ServerState.java:setLeader(263)) - d0905ab9-d1e1-4c01-8e50-39a321b68c5a:group-19B1C4C6B25A change Leader from 268dc375-fa5b-4fbf-aa95-3805ce267cde to null at term 1 for initElection
2019-08-20 14:00:07,045 [d0905ab9-d1e1-4c01-8e50-39a321b68c5a:group-19B1C4C6B25A:LeaderElection84] INFO  impl.LeaderElection (LeaderElection.java:askForVotes(181)) - d0905ab9-d1e1-4c01-8e50-39a321b68c5a:group-19B1C4C6B25A:LeaderElection84: begin an election at term 2 for 0: [ee5c976b-fc81-41d2-a9c3-a7b83a5ca1a4:192.168.69.96:38471, 268dc375-fa5b-4fbf-aa95-3805ce267cde:192.168.69.96:36401, d0905ab9-d1e1-4c01-8e50-39a321b68c5a:192.168.69.96:45647], old=null
2019-08-20 14:00:07,047 [d0905ab9-d1e1-4c01-8e50-39a321b68c5a:group-19B1C4C6B25A:LeaderElection84] INFO  impl.LeaderElection (LogUtils.java:infoOrTrace(149)) - d0905ab9-d1e1-4c01-8e50-39a321b68c5a:group-19B1C4C6B25A:LeaderElection84 got exception when requesting votes: {}
java.util.concurrent.ExecutionException: org.apache.ratis.thirdparty.io.grpc.StatusRuntimeException: UNAVAILABLE: io exception
	at java.util.concurrent.FutureTask.report(FutureTask.java:122)
	at java.util.concurrent.FutureTask.get(FutureTask.java:192)
	at org.apache.ratis.server.impl.LeaderElection.waitForResults(LeaderElection.java:262)
	at org.apache.ratis.server.impl.LeaderElection.askForVotes(LeaderElection.java:200)
	at org.apache.ratis.server.impl.LeaderElection.run(LeaderElection.java:130)
	at java.lang.Thread.run(Thread.java:748)
Caused by: org.apache.ratis.thirdparty.io.grpc.StatusRuntimeException: UNAVAILABLE: io exception
	at org.apache.ratis.thirdparty.io.grpc.stub.ClientCalls.toStatusRuntimeException(ClientCalls.java:233)
	at org.apache.ratis.thirdparty.io.grpc.stub.ClientCalls.getUnchecked(ClientCalls.java:214)
	at org.apache.ratis.thirdparty.io.grpc.stub.ClientCalls.blockingUnaryCall(ClientCalls.java:139)
	at org.apache.ratis.proto.grpc.RaftServerProtocolServiceGrpc$RaftServerProtocolServiceBlockingStub.requestVote(RaftServerProtocolServiceGrpc.java:265)
	at org.apache.ratis.grpc.server.GrpcServerProtocolClient.requestVote(GrpcServerProtocolClient.java:83)
	at org.apache.ratis.grpc.server.GrpcService.requestVote(GrpcService.java:195)
	at org.apache.ratis.server.impl.LeaderElection.lambda$submitRequests$1(LeaderElection.java:237)
	at java.util.concurrent.FutureTask.run(FutureTask.java:266)
	at java.util.concurrent.Executors$RunnableAdapter.call(Executors.java:511)
	at java.util.concurrent.FutureTask.run(FutureTask.java:266)
	at java.util.concurrent.ThreadPoolExecutor.runWorker(ThreadPoolExecutor.java:1149)
	at java.util.concurrent.ThreadPoolExecutor$Worker.run(ThreadPoolExecutor.java:624)
	... 1 more
Caused by: org.apache.ratis.thirdparty.io.netty.channel.AbstractChannel$AnnotatedConnectException: Connection refused: /192.168.69.96:36401
	at sun.nio.ch.SocketChannelImpl.checkConnect(Native Method)
	at sun.nio.ch.SocketChannelImpl.finishConnect(SocketChannelImpl.java:717)
	at org.apache.ratis.thirdparty.io.netty.channel.socket.nio.NioSocketChannel.doFinishConnect(NioSocketChannel.java:327)
	at org.apache.ratis.thirdparty.io.netty.channel.nio.AbstractNioChannel$AbstractNioUnsafe.finishConnect(AbstractNioChannel.java:340)
	at org.apache.ratis.thirdparty.io.netty.channel.nio.NioEventLoop.processSelectedKey(NioEventLoop.java:632)
	at org.apache.ratis.thirdparty.io.netty.channel.nio.NioEventLoop.processSelectedKeysOptimized(NioEventLoop.java:579)
	at org.apache.ratis.thirdparty.io.netty.channel.nio.NioEventLoop.processSelectedKeys(NioEventLoop.java:496)
	at org.apache.ratis.thirdparty.io.netty.channel.nio.NioEventLoop.run(NioEventLoop.java:458)
	at org.apache.ratis.thirdparty.io.netty.util.concurrent.SingleThreadEventExecutor$5.run(SingleThreadEventExecutor.java:897)
	at org.apache.ratis.thirdparty.io.netty.util.concurrent.FastThreadLocalRunnable.run(FastThreadLocalRunnable.java:30)
	... 1 more
Caused by: java.net.ConnectException: Connection refused
	... 11 more
2019-08-20 14:00:07,051 [grpc-default-executor-12] INFO  impl.RaftServerImpl (ServerState.java:setLeader(263)) - ee5c976b-fc81-41d2-a9c3-a7b83a5ca1a4:group-19B1C4C6B25A change Leader from 268dc375-fa5b-4fbf-aa95-3805ce267cde to null at term 2 for updateCurrentTerm
2019-08-20 14:00:07,051 [grpc-default-executor-12] INFO  impl.RaftServerImpl (RaftServerImpl.java:setRole(171)) - ee5c976b-fc81-41d2-a9c3-a7b83a5ca1a4:group-19B1C4C6B25A changes role from FOLLOWER to FOLLOWER at term 2 for recognizeCandidate:d0905ab9-d1e1-4c01-8e50-39a321b68c5a
2019-08-20 14:00:07,051 [grpc-default-executor-12] INFO  impl.RoleInfo (RoleInfo.java:shutdownFollowerState(121)) - ee5c976b-fc81-41d2-a9c3-a7b83a5ca1a4: shutdown FollowerState
2019-08-20 14:00:07,051 [grpc-default-executor-12] INFO  impl.RoleInfo (RoleInfo.java:updateAndGet(143)) - ee5c976b-fc81-41d2-a9c3-a7b83a5ca1a4: start FollowerState
2019-08-20 14:00:07,051 [Thread-3705] INFO  impl.FollowerState (FollowerState.java:run(114)) - ee5c976b-fc81-41d2-a9c3-a7b83a5ca1a4: FollowerState was interrupted: java.lang.InterruptedException: sleep interrupted
2019-08-20 14:00:07,067 [d0905ab9-d1e1-4c01-8e50-39a321b68c5a:group-19B1C4C6B25A:LeaderElection84] INFO  impl.LeaderElection (LeaderElection.java:logAndReturn(56)) - d0905ab9-d1e1-4c01-8e50-39a321b68c5a:group-19B1C4C6B25A:LeaderElection84: Election PASSED; received 1 response(s) [d0905ab9-d1e1-4c01-8e50-39a321b68c5a<-ee5c976b-fc81-41d2-a9c3-a7b83a5ca1a4#0:OK-t2] and 1 exception(s); d0905ab9-d1e1-4c01-8e50-39a321b68c5a:t2, leader=null, voted=d0905ab9-d1e1-4c01-8e50-39a321b68c5a, raftlog=d0905ab9-d1e1-4c01-8e50-39a321b68c5a-SegmentedRaftLog:OPENED:c15,f15,i15, conf=0: [ee5c976b-fc81-41d2-a9c3-a7b83a5ca1a4:192.168.69.96:38471, 268dc375-fa5b-4fbf-aa95-3805ce267cde:192.168.69.96:36401, d0905ab9-d1e1-4c01-8e50-39a321b68c5a:192.168.69.96:45647], old=null
2019-08-20 14:00:07,067 [d0905ab9-d1e1-4c01-8e50-39a321b68c5a:group-19B1C4C6B25A:LeaderElection84] INFO  impl.LeaderElection (LogUtils.java:infoOrTrace(149)) -   Exception 0: {}
java.util.concurrent.ExecutionException: org.apache.ratis.thirdparty.io.grpc.StatusRuntimeException: UNAVAILABLE: io exception
	at java.util.concurrent.FutureTask.report(FutureTask.java:122)
	at java.util.concurrent.FutureTask.get(FutureTask.java:192)
	at org.apache.ratis.server.impl.LeaderElection.waitForResults(LeaderElection.java:262)
	at org.apache.ratis.server.impl.LeaderElection.askForVotes(LeaderElection.java:200)
	at org.apache.ratis.server.impl.LeaderElection.run(LeaderElection.java:130)
	at java.lang.Thread.run(Thread.java:748)
Caused by: org.apache.ratis.thirdparty.io.grpc.StatusRuntimeException: UNAVAILABLE: io exception
	at org.apache.ratis.thirdparty.io.grpc.stub.ClientCalls.toStatusRuntimeException(ClientCalls.java:233)
	at org.apache.ratis.thirdparty.io.grpc.stub.ClientCalls.getUnchecked(ClientCalls.java:214)
	at org.apache.ratis.thirdparty.io.grpc.stub.ClientCalls.blockingUnaryCall(ClientCalls.java:139)
	at org.apache.ratis.proto.grpc.RaftServerProtocolServiceGrpc$RaftServerProtocolServiceBlockingStub.requestVote(RaftServerProtocolServiceGrpc.java:265)
	at org.apache.ratis.grpc.server.GrpcServerProtocolClient.requestVote(GrpcServerProtocolClient.java:83)
	at org.apache.ratis.grpc.server.GrpcService.requestVote(GrpcService.java:195)
	at org.apache.ratis.server.impl.LeaderElection.lambda$submitRequests$1(LeaderElection.java:237)
	at java.util.concurrent.FutureTask.run(FutureTask.java:266)
	at java.util.concurrent.Executors$RunnableAdapter.call(Executors.java:511)
	at java.util.concurrent.FutureTask.run(FutureTask.java:266)
	at java.util.concurrent.ThreadPoolExecutor.runWorker(ThreadPoolExecutor.java:1149)
	at java.util.concurrent.ThreadPoolExecutor$Worker.run(ThreadPoolExecutor.java:624)
	... 1 more
Caused by: org.apache.ratis.thirdparty.io.netty.channel.AbstractChannel$AnnotatedConnectException: Connection refused: /192.168.69.96:36401
	at sun.nio.ch.SocketChannelImpl.checkConnect(Native Method)
	at sun.nio.ch.SocketChannelImpl.finishConnect(SocketChannelImpl.java:717)
	at org.apache.ratis.thirdparty.io.netty.channel.socket.nio.NioSocketChannel.doFinishConnect(NioSocketChannel.java:327)
	at org.apache.ratis.thirdparty.io.netty.channel.nio.AbstractNioChannel$AbstractNioUnsafe.finishConnect(AbstractNioChannel.java:340)
	at org.apache.ratis.thirdparty.io.netty.channel.nio.NioEventLoop.processSelectedKey(NioEventLoop.java:632)
	at org.apache.ratis.thirdparty.io.netty.channel.nio.NioEventLoop.processSelectedKeysOptimized(NioEventLoop.java:579)
	at org.apache.ratis.thirdparty.io.netty.channel.nio.NioEventLoop.processSelectedKeys(NioEventLoop.java:496)
	at org.apache.ratis.thirdparty.io.netty.channel.nio.NioEventLoop.run(NioEventLoop.java:458)
	at org.apache.ratis.thirdparty.io.netty.util.concurrent.SingleThreadEventExecutor$5.run(SingleThreadEventExecutor.java:897)
	at org.apache.ratis.thirdparty.io.netty.util.concurrent.FastThreadLocalRunnable.run(FastThreadLocalRunnable.java:30)
	... 1 more
Caused by: java.net.ConnectException: Connection refused
	... 11 more
2019-08-20 14:00:07,068 [d0905ab9-d1e1-4c01-8e50-39a321b68c5a:group-19B1C4C6B25A:LeaderElection84] INFO  impl.RoleInfo (RoleInfo.java:shutdownLeaderElection(134)) - d0905ab9-d1e1-4c01-8e50-39a321b68c5a: shutdown LeaderElection
2019-08-20 14:00:07,068 [d0905ab9-d1e1-4c01-8e50-39a321b68c5a:group-19B1C4C6B25A:LeaderElection84] INFO  impl.RaftServerImpl (RaftServerImpl.java:setRole(171)) - d0905ab9-d1e1-4c01-8e50-39a321b68c5a:group-19B1C4C6B25A changes role from CANDIDATE to LEADER at term 2 for changeToLeader
2019-08-20 14:00:07,068 [d0905ab9-d1e1-4c01-8e50-39a321b68c5a:group-19B1C4C6B25A:LeaderElection84] INFO  impl.RaftServerImpl (ServerState.java:setLeader(263)) - d0905ab9-d1e1-4c01-8e50-39a321b68c5a:group-19B1C4C6B25A change Leader from null to d0905ab9-d1e1-4c01-8e50-39a321b68c5a at term 2 for becomeLeader, leader elected after 37ms
2019-08-20 14:00:07,068 [d0905ab9-d1e1-4c01-8e50-39a321b68c5a:group-19B1C4C6B25A:LeaderElection84] INFO  server.RaftServerConfigKeys (ConfUtils.java:logGet(43)) - raft.server.staging.catchup.gap = 1000 (default)
2019-08-20 14:00:07,068 [d0905ab9-d1e1-4c01-8e50-39a321b68c5a:group-19B1C4C6B25A:LeaderElection84] INFO  server.RaftServerConfigKeys (ConfUtils.java:logGet(43)) - raft.server.rpc.sleep.time = 25ms (default)
2019-08-20 14:00:07,068 [d0905ab9-d1e1-4c01-8e50-39a321b68c5a:group-19B1C4C6B25A:LeaderElection84] INFO  server.RaftServerConfigKeys (ConfUtils.java:logGet(43)) - raft.server.write.element-limit = 4096 (default)
2019-08-20 14:00:07,068 [d0905ab9-d1e1-4c01-8e50-39a321b68c5a:group-19B1C4C6B25A:LeaderElection84] INFO  server.RaftServerConfigKeys (ConfUtils.java:logGet(43)) - raft.server.watch.timeout = 10s (default)
2019-08-20 14:00:07,068 [d0905ab9-d1e1-4c01-8e50-39a321b68c5a:group-19B1C4C6B25A:LeaderElection84] INFO  server.RaftServerConfigKeys (ConfUtils.java:logGet(43)) - raft.server.watch.timeout.denomination = 1s (default)
2019-08-20 14:00:07,069 [d0905ab9-d1e1-4c01-8e50-39a321b68c5a:group-19B1C4C6B25A:LeaderElection84] INFO  server.RaftServerConfigKeys (ConfUtils.java:logGet(43)) - raft.server.watch.element-limit = 65536 (default)
2019-08-20 14:00:07,069 [d0905ab9-d1e1-4c01-8e50-39a321b68c5a:group-19B1C4C6B25A:LeaderElection84] INFO  server.RaftServerConfigKeys (ConfUtils.java:logGet(43)) - raft.server.log.appender.snapshot.chunk.size.max = 16MB (=16777216) (default)
2019-08-20 14:00:07,069 [d0905ab9-d1e1-4c01-8e50-39a321b68c5a:group-19B1C4C6B25A:LeaderElection84] INFO  server.RaftServerConfigKeys (ConfUtils.java:logGet(43)) - raft.server.log.appender.buffer.byte-limit = 33554432 (custom)
2019-08-20 14:00:07,069 [d0905ab9-d1e1-4c01-8e50-39a321b68c5a:group-19B1C4C6B25A:LeaderElection84] INFO  server.RaftServerConfigKeys (ConfUtils.java:logGet(43)) - raft.server.log.appender.buffer.element-limit = 1 (custom)
2019-08-20 14:00:07,069 [d0905ab9-d1e1-4c01-8e50-39a321b68c5a:group-19B1C4C6B25A:LeaderElection84] INFO  grpc.GrpcConfigKeys$Server (ConfUtils.java:logGet(43)) - raft.grpc.server.leader.outstanding.appends.max = 128 (default)
2019-08-20 14:00:07,070 [d0905ab9-d1e1-4c01-8e50-39a321b68c5a:group-19B1C4C6B25A:LeaderElection84] INFO  server.RaftServerConfigKeys (ConfUtils.java:logGet(43)) - raft.server.rpc.request.timeout = 3000ms (default)
2019-08-20 14:00:07,070 [d0905ab9-d1e1-4c01-8e50-39a321b68c5a:group-19B1C4C6B25A:LeaderElection84] INFO  server.RaftServerConfigKeys (ConfUtils.java:logGet(43)) - raft.server.log.appender.install.snapshot.enabled = false (custom)
2019-08-20 14:00:07,070 [d0905ab9-d1e1-4c01-8e50-39a321b68c5a:group-19B1C4C6B25A:LeaderElection84] INFO  server.RaftServerConfigKeys (ConfUtils.java:logGet(43)) - raft.server.log.appender.snapshot.chunk.size.max = 16MB (=16777216) (default)
2019-08-20 14:00:07,070 [d0905ab9-d1e1-4c01-8e50-39a321b68c5a:group-19B1C4C6B25A:LeaderElection84] INFO  server.RaftServerConfigKeys (ConfUtils.java:logGet(43)) - raft.server.log.appender.buffer.byte-limit = 33554432 (custom)
2019-08-20 14:00:07,070 [d0905ab9-d1e1-4c01-8e50-39a321b68c5a:group-19B1C4C6B25A:LeaderElection84] INFO  server.RaftServerConfigKeys (ConfUtils.java:logGet(43)) - raft.server.log.appender.buffer.element-limit = 1 (custom)
2019-08-20 14:00:07,070 [d0905ab9-d1e1-4c01-8e50-39a321b68c5a:group-19B1C4C6B25A:LeaderElection84] INFO  grpc.GrpcConfigKeys$Server (ConfUtils.java:logGet(43)) - raft.grpc.server.leader.outstanding.appends.max = 128 (default)
2019-08-20 14:00:07,070 [d0905ab9-d1e1-4c01-8e50-39a321b68c5a:group-19B1C4C6B25A:LeaderElection84] INFO  server.RaftServerConfigKeys (ConfUtils.java:logGet(43)) - raft.server.rpc.request.timeout = 3000ms (default)
2019-08-20 14:00:07,071 [d0905ab9-d1e1-4c01-8e50-39a321b68c5a:group-19B1C4C6B25A:LeaderElection84] INFO  server.RaftServerConfigKeys (ConfUtils.java:logGet(43)) - raft.server.log.appender.install.snapshot.enabled = false (custom)
2019-08-20 14:00:07,071 [d0905ab9-d1e1-4c01-8e50-39a321b68c5a:group-19B1C4C6B25A:LeaderElection84] INFO  impl.RoleInfo (RoleInfo.java:updateAndGet(143)) - d0905ab9-d1e1-4c01-8e50-39a321b68c5a: start LeaderState
2019-08-20 14:00:07,071 [d0905ab9-d1e1-4c01-8e50-39a321b68c5a:group-19B1C4C6B25A:LeaderElection84] INFO  segmented.SegmentedRaftLogWorker (SegmentedRaftLogWorker.java:rollLogSegment(385)) - d0905ab9-d1e1-4c01-8e50-39a321b68c5a-SegmentedRaftLogWorker:Storage Directory /workdir/hadoop-ozone/integration-test/target/test-dir/MiniOzoneClusterImpl-d4c3f63e-79eb-48dd-b907-15aeed9be1d5/datanode-3/data/ratis/bd0ac4fe-37ba-4f4e-b746-19b1c4c6b25a: Rolling segment log-0_15 to index:15
2019-08-20 14:00:07,072 [d0905ab9-d1e1-4c01-8e50-39a321b68c5a-SegmentedRaftLogWorker:Storage Directory /workdir/hadoop-ozone/integration-test/target/test-dir/MiniOzoneClusterImpl-d4c3f63e-79eb-48dd-b907-15aeed9be1d5/datanode-3/data/ratis/bd0ac4fe-37ba-4f4e-b746-19b1c4c6b25a] INFO  segmented.SegmentedRaftLogWorker (SegmentedRaftLogWorker.java:execute(526)) - d0905ab9-d1e1-4c01-8e50-39a321b68c5a-SegmentedRaftLogWorker:Storage Directory /workdir/hadoop-ozone/integration-test/target/test-dir/MiniOzoneClusterImpl-d4c3f63e-79eb-48dd-b907-15aeed9be1d5/datanode-3/data/ratis/bd0ac4fe-37ba-4f4e-b746-19b1c4c6b25a: Rolled log segment from /workdir/hadoop-ozone/integration-test/target/test-dir/MiniOzoneClusterImpl-d4c3f63e-79eb-48dd-b907-15aeed9be1d5/datanode-3/data/ratis/bd0ac4fe-37ba-4f4e-b746-19b1c4c6b25a/current/log_inprogress_0 to /workdir/hadoop-ozone/integration-test/target/test-dir/MiniOzoneClusterImpl-d4c3f63e-79eb-48dd-b907-15aeed9be1d5/datanode-3/data/ratis/bd0ac4fe-37ba-4f4e-b746-19b1c4c6b25a/current/log_0-15
2019-08-20 14:00:07,072 [d0905ab9-d1e1-4c01-8e50-39a321b68c5a:group-19B1C4C6B25A:LeaderElection84] INFO  impl.RaftServerImpl (ServerState.java:setRaftConf(361)) - d0905ab9-d1e1-4c01-8e50-39a321b68c5a:group-19B1C4C6B25A set configuration 16: [ee5c976b-fc81-41d2-a9c3-a7b83a5ca1a4:192.168.69.96:38471, 268dc375-fa5b-4fbf-aa95-3805ce267cde:192.168.69.96:36401, d0905ab9-d1e1-4c01-8e50-39a321b68c5a:192.168.69.96:45647], old=null at 16
2019-08-20 14:00:07,072 [grpc-default-executor-12] WARN  server.GrpcLogAppender (LogUtils.java:warn(134)) - d0905ab9-d1e1-4c01-8e50-39a321b68c5a->268dc375-fa5b-4fbf-aa95-3805ce267cde: Failed appendEntries: org.apache.ratis.thirdparty.io.grpc.StatusRuntimeException: UNAVAILABLE: io exception
2019-08-20 14:00:07,073 [grpc-default-executor-12] INFO  impl.FollowerInfo (FollowerInfo.java:lambda$new$0(50)) - d0905ab9-d1e1-4c01-8e50-39a321b68c5a->268dc375-fa5b-4fbf-aa95-3805ce267cde: nextIndex: updateUnconditionally 16 -> 1
2019-08-20 14:00:07,073 [grpc-default-executor-7] INFO  impl.RaftServerImpl (ServerState.java:setLeader(263)) - ee5c976b-fc81-41d2-a9c3-a7b83a5ca1a4:group-19B1C4C6B25A change Leader from null to d0905ab9-d1e1-4c01-8e50-39a321b68c5a at term 2 for appendEntries, leader elected after 22ms
2019-08-20 14:00:07,076 [grpc-default-executor-7] INFO  impl.RaftServerImpl (ServerState.java:setRaftConf(361)) - ee5c976b-fc81-41d2-a9c3-a7b83a5ca1a4:group-19B1C4C6B25A set configuration 16: [ee5c976b-fc81-41d2-a9c3-a7b83a5ca1a4:192.168.69.96:38471, 268dc375-fa5b-4fbf-aa95-3805ce267cde:192.168.69.96:36401, d0905ab9-d1e1-4c01-8e50-39a321b68c5a:192.168.69.96:45647], old=null at 16
2019-08-20 14:00:07,076 [grpc-default-executor-7] INFO  segmented.SegmentedRaftLogWorker (SegmentedRaftLogWorker.java:rollLogSegment(385)) - ee5c976b-fc81-41d2-a9c3-a7b83a5ca1a4-SegmentedRaftLogWorker:Storage Directory /workdir/hadoop-ozone/integration-test/target/test-dir/MiniOzoneClusterImpl-d4c3f63e-79eb-48dd-b907-15aeed9be1d5/datanode-5/data/ratis/bd0ac4fe-37ba-4f4e-b746-19b1c4c6b25a: Rolling segment log-0_15 to index:15
2019-08-20 14:00:07,077 [ee5c976b-fc81-41d2-a9c3-a7b83a5ca1a4-SegmentedRaftLogWorker:Storage Directory /workdir/hadoop-ozone/integration-test/target/test-dir/MiniOzoneClusterImpl-d4c3f63e-79eb-48dd-b907-15aeed9be1d5/datanode-5/data/ratis/bd0ac4fe-37ba-4f4e-b746-19b1c4c6b25a] INFO  segmented.SegmentedRaftLogWorker (SegmentedRaftLogWorker.java:execute(526)) - ee5c976b-fc81-41d2-a9c3-a7b83a5ca1a4-SegmentedRaftLogWorker:Storage Directory /workdir/hadoop-ozone/integration-test/target/test-dir/MiniOzoneClusterImpl-d4c3f63e-79eb-48dd-b907-15aeed9be1d5/datanode-5/data/ratis/bd0ac4fe-37ba-4f4e-b746-19b1c4c6b25a: Rolled log segment from /workdir/hadoop-ozone/integration-test/target/test-dir/MiniOzoneClusterImpl-d4c3f63e-79eb-48dd-b907-15aeed9be1d5/datanode-5/data/ratis/bd0ac4fe-37ba-4f4e-b746-19b1c4c6b25a/current/log_inprogress_0 to /workdir/hadoop-ozone/integration-test/target/test-dir/MiniOzoneClusterImpl-d4c3f63e-79eb-48dd-b907-15aeed9be1d5/datanode-5/data/ratis/bd0ac4fe-37ba-4f4e-b746-19b1c4c6b25a/current/log_0-15
2019-08-20 14:00:07,092 | INFO  | SCMAudit | user=jenkins1000 | ip=192.168.69.96 | op=SEND_HEARTBEAT {datanodeUUID=864d677d-0c2a-4713-be84-66338b63a444, command=[]} | ret=SUCCESS |  
2019-08-20 14:00:07,107 [d0905ab9-d1e1-4c01-8e50-39a321b68c5a-SegmentedRaftLogWorker:Storage Directory /workdir/hadoop-ozone/integration-test/target/test-dir/MiniOzoneClusterImpl-d4c3f63e-79eb-48dd-b907-15aeed9be1d5/datanode-3/data/ratis/bd0ac4fe-37ba-4f4e-b746-19b1c4c6b25a] INFO  segmented.SegmentedRaftLogWorker (SegmentedRaftLogWorker.java:execute(569)) - d0905ab9-d1e1-4c01-8e50-39a321b68c5a-SegmentedRaftLogWorker:Storage Directory /workdir/hadoop-ozone/integration-test/target/test-dir/MiniOzoneClusterImpl-d4c3f63e-79eb-48dd-b907-15aeed9be1d5/datanode-3/data/ratis/bd0ac4fe-37ba-4f4e-b746-19b1c4c6b25a: created new log segment /workdir/hadoop-ozone/integration-test/target/test-dir/MiniOzoneClusterImpl-d4c3f63e-79eb-48dd-b907-15aeed9be1d5/datanode-3/data/ratis/bd0ac4fe-37ba-4f4e-b746-19b1c4c6b25a/current/log_inprogress_16
2019-08-20 14:00:07,123 [ee5c976b-fc81-41d2-a9c3-a7b83a5ca1a4-SegmentedRaftLogWorker:Storage Directory /workdir/hadoop-ozone/integration-test/target/test-dir/MiniOzoneClusterImpl-d4c3f63e-79eb-48dd-b907-15aeed9be1d5/datanode-5/data/ratis/bd0ac4fe-37ba-4f4e-b746-19b1c4c6b25a] INFO  segmented.SegmentedRaftLogWorker (SegmentedRaftLogWorker.java:execute(569)) - ee5c976b-fc81-41d2-a9c3-a7b83a5ca1a4-SegmentedRaftLogWorker:Storage Directory /workdir/hadoop-ozone/integration-test/target/test-dir/MiniOzoneClusterImpl-d4c3f63e-79eb-48dd-b907-15aeed9be1d5/datanode-5/data/ratis/bd0ac4fe-37ba-4f4e-b746-19b1c4c6b25a: created new log segment /workdir/hadoop-ozone/integration-test/target/test-dir/MiniOzoneClusterImpl-d4c3f63e-79eb-48dd-b907-15aeed9be1d5/datanode-5/data/ratis/bd0ac4fe-37ba-4f4e-b746-19b1c4c6b25a/current/log_inprogress_16
2019-08-20 14:00:07,135 | INFO  | DNAudit | user=null | ip=null | op=READ_CHUNK {blockData=conID: 1 locID: 102649665077903374 bcsId: 0} | ret=SUCCESS |  
2019-08-20 14:00:07,137 [grpc-default-executor-6] WARN  server.GrpcLogAppender (LogUtils.java:warn(134)) - d0905ab9-d1e1-4c01-8e50-39a321b68c5a->268dc375-fa5b-4fbf-aa95-3805ce267cde: Failed appendEntries: org.apache.ratis.thirdparty.io.grpc.StatusRuntimeException: UNAVAILABLE: io exception
2019-08-20 14:00:07,137 [grpc-default-executor-6] INFO  impl.FollowerInfo (FollowerInfo.java:lambda$new$0(50)) - d0905ab9-d1e1-4c01-8e50-39a321b68c5a->268dc375-fa5b-4fbf-aa95-3805ce267cde: nextIndex: updateUnconditionally 2 -> 1
2019-08-20 14:00:07,143 [grpc-default-executor-12] WARN  server.GrpcLogAppender (LogUtils.java:warn(134)) - d0905ab9-d1e1-4c01-8e50-39a321b68c5a->268dc375-fa5b-4fbf-aa95-3805ce267cde: Failed appendEntries: org.apache.ratis.thirdparty.io.grpc.StatusRuntimeException: UNAVAILABLE: io exception
2019-08-20 14:00:07,143 [grpc-default-executor-12] INFO  impl.FollowerInfo (FollowerInfo.java:lambda$new$0(50)) - d0905ab9-d1e1-4c01-8e50-39a321b68c5a->268dc375-fa5b-4fbf-aa95-3805ce267cde: nextIndex: updateUnconditionally 2 -> 1
2019-08-20 14:00:07,230 | ERROR | DNAudit | user=null | ip=null | op=WRITE_CHUNK {blockData=conID: 1 locID: 102649665077903374 bcsId: 13} | ret=FAILURE | org.apache.hadoop.hdds.scm.container.common.helpers.ContainerNotOpenException: Container 1 in CLOSING state
	at org.apache.hadoop.ozone.container.common.impl.HddsDispatcher.validateContainerCommand(HddsDispatcher.java:408)
	at org.apache.hadoop.ozone.container.common.transport.server.ratis.ContainerStateMachine.startTransaction(ContainerStateMachine.java:297) 
2019-08-20 14:00:07,241 [grpc-default-executor-12] INFO  client.GrpcClientProtocolClient (GrpcClientProtocolClient.java:onNext(255)) - client-090919B7861C->d0905ab9-d1e1-4c01-8e50-39a321b68c5a: receive RaftClientReply:client-090919B7861C->d0905ab9-d1e1-4c01-8e50-39a321b68c5a@group-19B1C4C6B25A, cid=193, FAILED org.apache.ratis.protocol.StateMachineException: org.apache.hadoop.hdds.scm.container.common.helpers.ContainerNotOpenException from Server d0905ab9-d1e1-4c01-8e50-39a321b68c5a: Container 1 in CLOSING state, logIndex=0, commits[d0905ab9-d1e1-4c01-8e50-39a321b68c5a:c17, ee5c976b-fc81-41d2-a9c3-a7b83a5ca1a4:c16, 268dc375-fa5b-4fbf-aa95-3805ce267cde:c15]
2019-08-20 14:00:07,243 | ERROR | DNAudit | user=null | ip=null | op=WRITE_CHUNK {blockData=conID: 1 locID: 102649665077903374 bcsId: 13} | ret=FAILURE | org.apache.hadoop.hdds.scm.container.common.helpers.ContainerNotOpenException: Container 1 in CLOSING state
	at org.apache.hadoop.ozone.container.common.impl.HddsDispatcher.validateContainerCommand(HddsDispatcher.java:408)
	at org.apache.hadoop.ozone.container.common.transport.server.ratis.ContainerStateMachine.startTransaction(ContainerStateMachine.java:297) 
2019-08-20 14:00:07,250 [grpc-default-executor-12] INFO  client.GrpcClientProtocolClient (GrpcClientProtocolClient.java:onNext(255)) - client-090919B7861C->d0905ab9-d1e1-4c01-8e50-39a321b68c5a: receive RaftClientReply:client-090919B7861C->d0905ab9-d1e1-4c01-8e50-39a321b68c5a@group-19B1C4C6B25A, cid=194, FAILED org.apache.ratis.protocol.StateMachineException: org.apache.hadoop.hdds.scm.container.common.helpers.ContainerNotOpenException from Server d0905ab9-d1e1-4c01-8e50-39a321b68c5a: Container 1 in CLOSING state, logIndex=0, commits[d0905ab9-d1e1-4c01-8e50-39a321b68c5a:c17, ee5c976b-fc81-41d2-a9c3-a7b83a5ca1a4:c16, 268dc375-fa5b-4fbf-aa95-3805ce267cde:c15]
2019-08-20 14:00:07,250 | ERROR | DNAudit | user=null | ip=null | op=PUT_BLOCK {blockData=[blockId=conID: 1 locID: 102649665077903374 bcsId: 0,size=650]} | ret=FAILURE | org.apache.hadoop.hdds.scm.container.common.helpers.ContainerNotOpenException: Container 1 in CLOSING state
	at org.apache.hadoop.ozone.container.common.impl.HddsDispatcher.validateContainerCommand(HddsDispatcher.java:408)
	at org.apache.hadoop.ozone.container.common.transport.server.ratis.ContainerStateMachine.startTransaction(ContainerStateMachine.java:297) 
2019-08-20 14:00:07,251 | ERROR | DNAudit | user=null | ip=null | op=WRITE_CHUNK {blockData=conID: 1 locID: 102649665077903374 bcsId: 13} | ret=FAILURE | org.apache.hadoop.hdds.scm.container.common.helpers.ContainerNotOpenException: Container 1 in CLOSING state
	at org.apache.hadoop.ozone.container.common.impl.HddsDispatcher.validateContainerCommand(HddsDispatcher.java:408)
	at org.apache.hadoop.ozone.container.common.transport.server.ratis.ContainerStateMachine.startTransaction(ContainerStateMachine.java:297) 
2019-08-20 14:00:07,257 [grpc-default-executor-12] INFO  client.GrpcClientProtocolClient (GrpcClientProtocolClient.java:onNext(255)) - client-090919B7861C->d0905ab9-d1e1-4c01-8e50-39a321b68c5a: receive RaftClientReply:client-090919B7861C->d0905ab9-d1e1-4c01-8e50-39a321b68c5a@group-19B1C4C6B25A, cid=195, FAILED org.apache.ratis.protocol.StateMachineException: org.apache.hadoop.hdds.scm.container.common.helpers.ContainerNotOpenException from Server d0905ab9-d1e1-4c01-8e50-39a321b68c5a: Container 1 in CLOSING state, logIndex=0, commits[d0905ab9-d1e1-4c01-8e50-39a321b68c5a:c17, ee5c976b-fc81-41d2-a9c3-a7b83a5ca1a4:c16, 268dc375-fa5b-4fbf-aa95-3805ce267cde:c15]
2019-08-20 14:00:07,257 | ERROR | DNAudit | user=null | ip=null | op=WRITE_CHUNK {blockData=conID: 1 locID: 102649665077903374 bcsId: 13} | ret=FAILURE | org.apache.hadoop.hdds.scm.container.common.helpers.ContainerNotOpenException: Container 1 in CLOSING state
	at org.apache.hadoop.ozone.container.common.impl.HddsDispatcher.validateContainerCommand(HddsDispatcher.java:408)
	at org.apache.hadoop.ozone.container.common.transport.server.ratis.ContainerStateMachine.startTransaction(ContainerStateMachine.java:297) 
2019-08-20 14:00:07,261 [grpc-default-executor-12] INFO  client.GrpcClientProtocolClient (GrpcClientProtocolClient.java:onNext(255)) - client-090919B7861C->d0905ab9-d1e1-4c01-8e50-39a321b68c5a: receive RaftClientReply:client-090919B7861C->d0905ab9-d1e1-4c01-8e50-39a321b68c5a@group-19B1C4C6B25A, cid=196, FAILED org.apache.ratis.protocol.StateMachineException: org.apache.hadoop.hdds.scm.container.common.helpers.ContainerNotOpenException from Server d0905ab9-d1e1-4c01-8e50-39a321b68c5a: Container 1 in CLOSING state, logIndex=0, commits[d0905ab9-d1e1-4c01-8e50-39a321b68c5a:c17, ee5c976b-fc81-41d2-a9c3-a7b83a5ca1a4:c16, 268dc375-fa5b-4fbf-aa95-3805ce267cde:c15]
2019-08-20 14:00:07,265 | ERROR | DNAudit | user=null | ip=null | op=PUT_BLOCK {blockData=[blockId=conID: 1 locID: 102649665077903374 bcsId: 0,size=800]} | ret=FAILURE | org.apache.hadoop.hdds.scm.container.common.helpers.ContainerNotOpenException: Container 1 in CLOSING state
	at org.apache.hadoop.ozone.container.common.impl.HddsDispatcher.validateContainerCommand(HddsDispatcher.java:408)
	at org.apache.hadoop.ozone.container.common.transport.server.ratis.ContainerStateMachine.startTransaction(ContainerStateMachine.java:297) 
2019-08-20 14:00:07,266 [grpc-default-executor-12] INFO  client.GrpcClientProtocolClient (GrpcClientProtocolClient.java:onNext(255)) - client-090919B7861C->d0905ab9-d1e1-4c01-8e50-39a321b68c5a: receive RaftClientReply:client-090919B7861C->d0905ab9-d1e1-4c01-8e50-39a321b68c5a@group-19B1C4C6B25A, cid=197, FAILED org.apache.ratis.protocol.StateMachineException: org.apache.hadoop.hdds.scm.container.common.helpers.ContainerNotOpenException from Server d0905ab9-d1e1-4c01-8e50-39a321b68c5a: Container 1 in CLOSING state, logIndex=0, commits[d0905ab9-d1e1-4c01-8e50-39a321b68c5a:c17, ee5c976b-fc81-41d2-a9c3-a7b83a5ca1a4:c16, 268dc375-fa5b-4fbf-aa95-3805ce267cde:c15]
2019-08-20 14:00:07,271 [grpc-default-executor-12] INFO  client.GrpcClientProtocolClient (GrpcClientProtocolClient.java:onNext(255)) - client-090919B7861C->d0905ab9-d1e1-4c01-8e50-39a321b68c5a: receive RaftClientReply:client-090919B7861C->d0905ab9-d1e1-4c01-8e50-39a321b68c5a@group-19B1C4C6B25A, cid=198, FAILED org.apache.ratis.protocol.StateMachineException: org.apache.hadoop.hdds.scm.container.common.helpers.ContainerNotOpenException from Server d0905ab9-d1e1-4c01-8e50-39a321b68c5a: Container 1 in CLOSING state, logIndex=0, commits[d0905ab9-d1e1-4c01-8e50-39a321b68c5a:c17, ee5c976b-fc81-41d2-a9c3-a7b83a5ca1a4:c16, 268dc375-fa5b-4fbf-aa95-3805ce267cde:c15]
2019-08-20 14:00:07,298 | INFO  | SCMAudit | user=jenkins1000 | ip=192.168.69.96 | op=ALLOCATE_BLOCK {owner=db2b8ee8-911f-4eb4-b124-7c9ebfabc5e8, size=800, type=RATIS, factor=THREE} | ret=SUCCESS |  
2019-08-20 14:00:07,299 | INFO  | OMAudit | user=jenkins1000 | ip=127.0.0.1 | op=ALLOCATE_BLOCK {volume=testblockoutputstream, bucket=testblockoutputstream, key=ecf9e13a-a545-4b67-98eb-247531fee333, dataSize=0, replicationType=null, replicationFactor=null, keyLocationInfo=null, clientID=102649665076920333} | ret=SUCCESS |  
2019-08-20 14:00:07,404 | INFO  | DNAudit | user=null | ip=null | op=WRITE_CHUNK {blockData=conID: 2 locID: 102649666423881743 bcsId: 0} | ret=SUCCESS |  
2019-08-20 14:00:07,404 | INFO  | DNAudit | user=null | ip=null | op=WRITE_CHUNK {blockData=conID: 2 locID: 102649666423881743 bcsId: 0} | ret=SUCCESS |  
2019-08-20 14:00:07,404 | INFO  | DNAudit | user=null | ip=null | op=WRITE_CHUNK {blockData=conID: 2 locID: 102649666423881743 bcsId: 0} | ret=SUCCESS |  
2019-08-20 14:00:07,404 | INFO  | SCMAudit | user=jenkins1000 | ip=192.168.69.96 | op=SEND_HEARTBEAT {datanodeUUID=895a69ca-0d52-44fe-bfc6-07a3d9e96002, command=[]} | ret=SUCCESS |  
2019-08-20 14:00:07,404 | INFO  | SCMAudit | user=jenkins1000 | ip=192.168.69.96 | op=SEND_HEARTBEAT {datanodeUUID=029e4ca0-8cda-46b0-9d42-cc14ecee78cf, command=[]} | ret=SUCCESS |  
2019-08-20 14:00:07,404 | INFO  | SCMAudit | user=jenkins1000 | ip=192.168.69.96 | op=SEND_HEARTBEAT {datanodeUUID=864d677d-0c2a-4713-be84-66338b63a444, command=[]} | ret=SUCCESS |  
2019-08-20 14:00:07,417 | INFO  | DNAudit | user=null | ip=null | op=WRITE_CHUNK {blockData=conID: 2 locID: 102649666423881743 bcsId: 0} | ret=SUCCESS |  
2019-08-20 14:00:07,420 [grpc-default-executor-12] INFO  client.GrpcClientProtocolClient (GrpcClientProtocolClient.java:onNext(255)) - client-14F10F690D0F->895a69ca-0d52-44fe-bfc6-07a3d9e96002: receive RaftClientReply:client-14F10F690D0F->895a69ca-0d52-44fe-bfc6-07a3d9e96002@group-CF335F4F03B1, cid=199, SUCCESS, logIndex=1, commits[895a69ca-0d52-44fe-bfc6-07a3d9e96002:c1, 864d677d-0c2a-4713-be84-66338b63a444:c0, 029e4ca0-8cda-46b0-9d42-cc14ecee78cf:c0]
2019-08-20 14:00:07,425 | INFO  | DNAudit | user=null | ip=null | op=WRITE_CHUNK {blockData=conID: 2 locID: 102649666423881743 bcsId: 0} | ret=SUCCESS |  
2019-08-20 14:00:07,426 | INFO  | DNAudit | user=null | ip=null | op=WRITE_CHUNK {blockData=conID: 2 locID: 102649666423881743 bcsId: 0} | ret=SUCCESS |  
2019-08-20 14:00:07,426 | INFO  | DNAudit | user=null | ip=null | op=WRITE_CHUNK {blockData=conID: 2 locID: 102649666423881743 bcsId: 0} | ret=SUCCESS |  
2019-08-20 14:00:07,426 | INFO  | DNAudit | user=null | ip=null | op=WRITE_CHUNK {blockData=conID: 2 locID: 102649666423881743 bcsId: 0} | ret=SUCCESS |  
2019-08-20 14:00:07,426 | INFO  | DNAudit | user=null | ip=null | op=WRITE_CHUNK {blockData=conID: 2 locID: 102649666423881743 bcsId: 0} | ret=SUCCESS |  
2019-08-20 14:00:07,428 | INFO  | DNAudit | user=null | ip=null | op=WRITE_CHUNK {blockData=conID: 2 locID: 102649666423881743 bcsId: 0} | ret=SUCCESS |  
2019-08-20 14:00:07,428 | INFO  | DNAudit | user=null | ip=null | op=WRITE_CHUNK {blockData=conID: 2 locID: 102649666423881743 bcsId: 0} | ret=SUCCESS |  
2019-08-20 14:00:07,429 | INFO  | DNAudit | user=null | ip=null | op=WRITE_CHUNK {blockData=conID: 2 locID: 102649666423881743 bcsId: 0} | ret=SUCCESS |  
2019-08-20 14:00:07,429 | INFO  | DNAudit | user=null | ip=null | op=WRITE_CHUNK {blockData=conID: 2 locID: 102649666423881743 bcsId: 0} | ret=SUCCESS |  
2019-08-20 14:00:07,429 | INFO  | DNAudit | user=null | ip=null | op=WRITE_CHUNK {blockData=conID: 2 locID: 102649666423881743 bcsId: 0} | ret=SUCCESS |  
2019-08-20 14:00:07,429 | INFO  | DNAudit | user=null | ip=null | op=WRITE_CHUNK {blockData=conID: 2 locID: 102649666423881743 bcsId: 0} | ret=SUCCESS |  
2019-08-20 14:00:07,430 | INFO  | DNAudit | user=null | ip=null | op=WRITE_CHUNK {blockData=conID: 2 locID: 102649666423881743 bcsId: 0} | ret=SUCCESS |  
2019-08-20 14:00:07,436 | INFO  | DNAudit | user=null | ip=null | op=WRITE_CHUNK {blockData=conID: 2 locID: 102649666423881743 bcsId: 0} | ret=SUCCESS |  
2019-08-20 14:00:07,436 [grpc-default-executor-13] INFO  client.GrpcClientProtocolClient (GrpcClientProtocolClient.java:onNext(255)) - client-14F10F690D0F->895a69ca-0d52-44fe-bfc6-07a3d9e96002: receive RaftClientReply:client-14F10F690D0F->895a69ca-0d52-44fe-bfc6-07a3d9e96002@group-CF335F4F03B1, cid=200, SUCCESS, logIndex=3, commits[895a69ca-0d52-44fe-bfc6-07a3d9e96002:c3, 864d677d-0c2a-4713-be84-66338b63a444:c1, 029e4ca0-8cda-46b0-9d42-cc14ecee78cf:c1]
2019-08-20 14:00:07,449 | INFO  | DNAudit | user=null | ip=null | op=WRITE_CHUNK {blockData=conID: 2 locID: 102649666423881743 bcsId: 0} | ret=SUCCESS |  
2019-08-20 14:00:07,471 | INFO  | DNAudit | user=null | ip=null | op=PUT_BLOCK {blockData=[blockId=conID: 2 locID: 102649666423881743 bcsId: 0,size=200]} | ret=SUCCESS |  
2019-08-20 14:00:07,471 | INFO  | DNAudit | user=null | ip=null | op=WRITE_CHUNK {blockData=conID: 2 locID: 102649666423881743 bcsId: 0} | ret=SUCCESS |  
2019-08-20 14:00:07,472 | INFO  | DNAudit | user=null | ip=null | op=WRITE_CHUNK {blockData=conID: 2 locID: 102649666423881743 bcsId: 0} | ret=SUCCESS |  
2019-08-20 14:00:07,472 [grpc-default-executor-13] INFO  client.GrpcClientProtocolClient (GrpcClientProtocolClient.java:onNext(255)) - client-14F10F690D0F->895a69ca-0d52-44fe-bfc6-07a3d9e96002: receive RaftClientReply:client-14F10F690D0F->895a69ca-0d52-44fe-bfc6-07a3d9e96002@group-CF335F4F03B1, cid=201, SUCCESS, logIndex=4, commits[895a69ca-0d52-44fe-bfc6-07a3d9e96002:c12, 864d677d-0c2a-4713-be84-66338b63a444:c7, 029e4ca0-8cda-46b0-9d42-cc14ecee78cf:c8]
2019-08-20 14:00:07,472 [grpc-default-executor-13] INFO  client.GrpcClientProtocolClient (GrpcClientProtocolClient.java:onNext(255)) - client-14F10F690D0F->895a69ca-0d52-44fe-bfc6-07a3d9e96002: receive RaftClientReply:client-14F10F690D0F->895a69ca-0d52-44fe-bfc6-07a3d9e96002@group-CF335F4F03B1, cid=202, SUCCESS, logIndex=5, commits[895a69ca-0d52-44fe-bfc6-07a3d9e96002:c12, 864d677d-0c2a-4713-be84-66338b63a444:c7, 029e4ca0-8cda-46b0-9d42-cc14ecee78cf:c8]
2019-08-20 14:00:07,475 [grpc-default-executor-13] INFO  client.GrpcClientProtocolClient (GrpcClientProtocolClient.java:onNext(255)) - client-14F10F690D0F->895a69ca-0d52-44fe-bfc6-07a3d9e96002: receive RaftClientReply:client-14F10F690D0F->895a69ca-0d52-44fe-bfc6-07a3d9e96002@group-CF335F4F03B1, cid=203, SUCCESS, logIndex=6, commits[895a69ca-0d52-44fe-bfc6-07a3d9e96002:c12, 864d677d-0c2a-4713-be84-66338b63a444:c7, 029e4ca0-8cda-46b0-9d42-cc14ecee78cf:c8]
2019-08-20 14:00:07,516 | INFO  | DNAudit | user=null | ip=null | op=PUT_BLOCK {blockData=[blockId=conID: 2 locID: 102649666423881743 bcsId: 0,size=200]} | ret=SUCCESS |  
2019-08-20 14:00:07,516 | INFO  | DNAudit | user=null | ip=null | op=WRITE_CHUNK {blockData=conID: 2 locID: 102649666423881743 bcsId: 0} | ret=SUCCESS |  
2019-08-20 14:00:07,517 | INFO  | DNAudit | user=null | ip=null | op=WRITE_CHUNK {blockData=conID: 2 locID: 102649666423881743 bcsId: 0} | ret=SUCCESS |  
2019-08-20 14:00:07,550 | INFO  | DNAudit | user=null | ip=null | op=PUT_BLOCK {blockData=[blockId=conID: 2 locID: 102649666423881743 bcsId: 0,size=400]} | ret=SUCCESS |  
2019-08-20 14:00:07,550 | INFO  | DNAudit | user=null | ip=null | op=PUT_BLOCK {blockData=[blockId=conID: 2 locID: 102649666423881743 bcsId: 0,size=200]} | ret=SUCCESS |  
2019-08-20 14:00:07,551 | INFO  | DNAudit | user=null | ip=null | op=PUT_BLOCK {blockData=[blockId=conID: 2 locID: 102649666423881743 bcsId: 0,size=400]} | ret=SUCCESS |  
2019-08-20 14:00:07,551 | INFO  | DNAudit | user=null | ip=null | op=WRITE_CHUNK {blockData=conID: 2 locID: 102649666423881743 bcsId: 0} | ret=SUCCESS |  
2019-08-20 14:00:07,551 | INFO  | DNAudit | user=null | ip=null | op=WRITE_CHUNK {blockData=conID: 2 locID: 102649666423881743 bcsId: 0} | ret=SUCCESS |  
2019-08-20 14:00:07,552 | INFO  | DNAudit | user=null | ip=null | op=PUT_BLOCK {blockData=[blockId=conID: 2 locID: 102649666423881743 bcsId: 0,size=400]} | ret=SUCCESS |  
2019-08-20 14:00:07,552 [grpc-default-executor-13] INFO  client.GrpcClientProtocolClient (GrpcClientProtocolClient.java:onNext(255)) - client-14F10F690D0F->895a69ca-0d52-44fe-bfc6-07a3d9e96002: receive RaftClientReply:client-14F10F690D0F->895a69ca-0d52-44fe-bfc6-07a3d9e96002@group-CF335F4F03B1, cid=204, SUCCESS, logIndex=7, commits[895a69ca-0d52-44fe-bfc6-07a3d9e96002:c12, 864d677d-0c2a-4713-be84-66338b63a444:c7, 029e4ca0-8cda-46b0-9d42-cc14ecee78cf:c8]
2019-08-20 14:00:07,554 | INFO  | DNAudit | user=null | ip=null | op=WRITE_CHUNK {blockData=conID: 2 locID: 102649666423881743 bcsId: 7} | ret=SUCCESS |  
2019-08-20 14:00:07,555 | INFO  | DNAudit | user=null | ip=null | op=WRITE_CHUNK {blockData=conID: 2 locID: 102649666423881743 bcsId: 7} | ret=SUCCESS |  
2019-08-20 14:00:07,555 | INFO  | DNAudit | user=null | ip=null | op=WRITE_CHUNK {blockData=conID: 2 locID: 102649666423881743 bcsId: 7} | ret=SUCCESS |  
2019-08-20 14:00:07,567 | INFO  | DNAudit | user=null | ip=null | op=WRITE_CHUNK {blockData=conID: 2 locID: 102649666423881743 bcsId: 7} | ret=SUCCESS |  
2019-08-20 14:00:07,571 [grpc-default-executor-13] INFO  client.GrpcClientProtocolClient (GrpcClientProtocolClient.java:onNext(255)) - client-14F10F690D0F->895a69ca-0d52-44fe-bfc6-07a3d9e96002: receive RaftClientReply:client-14F10F690D0F->895a69ca-0d52-44fe-bfc6-07a3d9e96002@group-CF335F4F03B1, cid=205, SUCCESS, logIndex=13, commits[895a69ca-0d52-44fe-bfc6-07a3d9e96002:c14, 864d677d-0c2a-4713-be84-66338b63a444:c12, 029e4ca0-8cda-46b0-9d42-cc14ecee78cf:c12]
2019-08-20 14:00:07,572 | INFO  | DNAudit | user=null | ip=null | op=PUT_BLOCK {blockData=[blockId=conID: 2 locID: 102649666423881743 bcsId: 0,size=450]} | ret=SUCCESS |  
2019-08-20 14:00:07,572 | INFO  | DNAudit | user=null | ip=null | op=WRITE_CHUNK {blockData=conID: 2 locID: 102649666423881743 bcsId: 7} | ret=SUCCESS |  
2019-08-20 14:00:07,572 | INFO  | DNAudit | user=null | ip=null | op=WRITE_CHUNK {blockData=conID: 2 locID: 102649666423881743 bcsId: 7} | ret=SUCCESS |  
2019-08-20 14:00:07,575 | INFO  | DNAudit | user=null | ip=null | op=PUT_BLOCK {blockData=[blockId=conID: 2 locID: 102649666423881743 bcsId: 0,size=450]} | ret=SUCCESS |  
2019-08-20 14:00:07,575 | INFO  | DNAudit | user=null | ip=null | op=PUT_BLOCK {blockData=[blockId=conID: 2 locID: 102649666423881743 bcsId: 0,size=450]} | ret=SUCCESS |  
2019-08-20 14:00:07,575 [grpc-default-executor-13] INFO  client.GrpcClientProtocolClient (GrpcClientProtocolClient.java:onNext(255)) - client-14F10F690D0F->895a69ca-0d52-44fe-bfc6-07a3d9e96002: receive RaftClientReply:client-14F10F690D0F->895a69ca-0d52-44fe-bfc6-07a3d9e96002@group-CF335F4F03B1, cid=206, SUCCESS, logIndex=14, commits[895a69ca-0d52-44fe-bfc6-07a3d9e96002:c15, 864d677d-0c2a-4713-be84-66338b63a444:c14, 029e4ca0-8cda-46b0-9d42-cc14ecee78cf:c12]
2019-08-20 14:00:07,579 [grpc-default-executor-13] INFO  client.GrpcClientProtocolClient (GrpcClientProtocolClient.java:onNext(255)) - client-14F10F690D0F->895a69ca-0d52-44fe-bfc6-07a3d9e96002: receive RaftClientReply:client-14F10F690D0F->895a69ca-0d52-44fe-bfc6-07a3d9e96002@group-CF335F4F03B1, cid=207, SUCCESS, logIndex=0, commits[895a69ca-0d52-44fe-bfc6-07a3d9e96002:c15, 864d677d-0c2a-4713-be84-66338b63a444:c14, 029e4ca0-8cda-46b0-9d42-cc14ecee78cf:c14]
2019-08-20 14:00:07,580 [main] INFO  ozone.MiniOzoneClusterImpl (MiniOzoneClusterImpl.java:shutdown(321)) - Shutting down the Mini Ozone Cluster
2019-08-20 14:00:07,580 | INFO  | SCMAudit | user=null | ip=null | op=GET_SCM_INFO null | ret=SUCCESS |  
2019-08-20 14:00:07,580 [main] INFO  ozone.MiniOzoneClusterImpl (MiniOzoneClusterImpl.java:stop(336)) - Stopping the Mini Ozone Cluster
2019-08-20 14:00:07,580 [main] INFO  ozone.MiniOzoneClusterImpl (MiniOzoneClusterImpl.java:stop(338)) - Stopping the OzoneManager
2019-08-20 14:00:07,580 [main] INFO  ipc.Server (Server.java:stop(3082)) - Stopping server on 44522
2019-08-20 14:00:07,597 [IPC Server listener on 44522] INFO  ipc.Server (Server.java:run(1185)) - Stopping IPC Server listener on 44522
2019-08-20 14:00:07,597 [main] INFO  ratis.OzoneManagerDoubleBuffer (OzoneManagerDoubleBuffer.java:stop(248)) - Stopping OMDoubleBuffer flush thread
2019-08-20 14:00:07,597 [IPC Server Responder] INFO  ipc.Server (Server.java:run(1319)) - Stopping IPC Server Responder
2019-08-20 14:00:07,599 [OMDoubleBufferFlushThread] INFO  ratis.OzoneManagerDoubleBuffer (OzoneManagerDoubleBuffer.java:flushTransactions(191)) - OMDoubleBuffer flush thread OMDoubleBufferFlushThread is interrupted and will exit. OMDoubleBufferFlushThread
2019-08-20 14:00:07,599 [main] INFO  utils.BackgroundService (BackgroundService.java:shutdown(148)) - Shutting down service KeyDeletingService
2019-08-20 14:00:07,601 [main] INFO  handler.ContextHandler (ContextHandler.java:doStop(910)) - Stopped o.e.j.w.WebAppContext@1a557a52{/,null,UNAVAILABLE}{/ozoneManager}
2019-08-20 14:00:07,602 [main] INFO  server.AbstractConnector (AbstractConnector.java:doStop(318)) - Stopped ServerConnector@4ab959e8{HTTP/1.1,[http/1.1]}{0.0.0.0:0}
2019-08-20 14:00:07,602 [main] INFO  handler.ContextHandler (ContextHandler.java:doStop(910)) - Stopped o.e.j.s.ServletContextHandler@2be83e7e{/static,file:///workdir/hadoop-ozone/integration-test/target/test-classes/webapps/static,UNAVAILABLE}
2019-08-20 14:00:07,602 [main] INFO  handler.ContextHandler (ContextHandler.java:doStop(910)) - Stopped o.e.j.s.ServletContextHandler@5d729af6{/logs,file:///workdir/hadoop-ozone/integration-test/target/log,UNAVAILABLE}
2019-08-20 14:00:07,605 [main] INFO  ozone.MiniOzoneClusterImpl (MiniOzoneClusterImpl.java:stop(344)) - Shutting the HddsDatanodes
2019-08-20 14:00:07,605 [main] INFO  datanode.ObjectStoreHandler (ObjectStoreHandler.java:close(155)) - Closing ObjectStoreHandler.
2019-08-20 14:00:07,605 [ForkJoinPool.commonPool-worker-1] INFO  datanode.ObjectStoreHandler (ObjectStoreHandler.java:close(155)) - Closing ObjectStoreHandler.
2019-08-20 14:00:07,606 [main] INFO  ozone.HddsDatanodeService (HddsDatanodeService.java:stop(451)) - Stopped plug-in org.apache.hadoop.ozone.web.OzoneHddsDatanodeService@33c5cc0
2019-08-20 14:00:07,606 [ForkJoinPool.commonPool-worker-1] INFO  ozone.HddsDatanodeService (HddsDatanodeService.java:stop(451)) - Stopped plug-in org.apache.hadoop.ozone.web.OzoneHddsDatanodeService@3bbab2c9
2019-08-20 14:00:07,692 | INFO  | SCMAudit | user=jenkins1000 | ip=192.168.69.96 | op=SEND_HEARTBEAT {datanodeUUID=062a344a-b078-4744-8294-3305232dae72, command=[]} | ret=SUCCESS |  
2019-08-20 14:00:07,903 [Datanode State Machine Thread - 0] INFO  statemachine.DatanodeStateMachine (DatanodeStateMachine.java:lambda$startDaemon$0(350)) - Ozone container server started.
2019-08-20 14:00:07,910 | INFO  | SCMAudit | user=jenkins1000 | ip=192.168.69.96 | op=SEND_HEARTBEAT {datanodeUUID=ee5c976b-fc81-41d2-a9c3-a7b83a5ca1a4, command=[]} | ret=SUCCESS |  
2019-08-20 14:00:08,403 [Datanode State Machine Thread - 0] INFO  statemachine.DatanodeStateMachine (DatanodeStateMachine.java:lambda$startDaemon$0(350)) - Ozone container server started.
2019-08-20 14:00:08,404 | INFO  | SCMAudit | user=jenkins1000 | ip=192.168.69.96 | op=SEND_HEARTBEAT {datanodeUUID=864d677d-0c2a-4713-be84-66338b63a444, command=[]} | ret=SUCCESS |  
2019-08-20 14:00:08,404 | INFO  | SCMAudit | user=jenkins1000 | ip=192.168.69.96 | op=SEND_HEARTBEAT {datanodeUUID=895a69ca-0d52-44fe-bfc6-07a3d9e96002, command=[]} | ret=SUCCESS |  
2019-08-20 14:00:08,692 | INFO  | SCMAudit | user=jenkins1000 | ip=192.168.69.96 | op=SEND_HEARTBEAT {datanodeUUID=062a344a-b078-4744-8294-3305232dae72, command=[]} | ret=SUCCESS |  
2019-08-20 14:00:08,910 | INFO  | SCMAudit | user=jenkins1000 | ip=192.168.69.96 | op=SEND_HEARTBEAT {datanodeUUID=ee5c976b-fc81-41d2-a9c3-a7b83a5ca1a4, command=[]} | ret=SUCCESS |  
2019-08-20 14:00:09,404 | INFO  | SCMAudit | user=jenkins1000 | ip=192.168.69.96 | op=SEND_HEARTBEAT {datanodeUUID=895a69ca-0d52-44fe-bfc6-07a3d9e96002, command=[]} | ret=SUCCESS |  
2019-08-20 14:00:09,404 | INFO  | SCMAudit | user=jenkins1000 | ip=192.168.69.96 | op=SEND_HEARTBEAT {datanodeUUID=864d677d-0c2a-4713-be84-66338b63a444, command=[]} | ret=SUCCESS |  
2019-08-20 14:00:09,644 [grpc-default-executor-7] WARN  server.GrpcLogAppender (LogUtils.java:warn(134)) - d0905ab9-d1e1-4c01-8e50-39a321b68c5a->268dc375-fa5b-4fbf-aa95-3805ce267cde: Failed appendEntries: org.apache.ratis.thirdparty.io.grpc.StatusRuntimeException: UNAVAILABLE: io exception
2019-08-20 14:00:09,644 [grpc-default-executor-7] INFO  impl.FollowerInfo (FollowerInfo.java:lambda$new$0(50)) - d0905ab9-d1e1-4c01-8e50-39a321b68c5a->268dc375-fa5b-4fbf-aa95-3805ce267cde: nextIndex: updateUnconditionally 1 -> 0
2019-08-20 14:00:09,692 | INFO  | SCMAudit | user=jenkins1000 | ip=192.168.69.96 | op=SEND_HEARTBEAT {datanodeUUID=062a344a-b078-4744-8294-3305232dae72, command=[]} | ret=SUCCESS |  
2019-08-20 14:00:09,910 | INFO  | SCMAudit | user=jenkins1000 | ip=192.168.69.96 | op=SEND_HEARTBEAT {datanodeUUID=ee5c976b-fc81-41d2-a9c3-a7b83a5ca1a4, command=[]} | ret=SUCCESS |  
2019-08-20 14:00:10,404 | INFO  | SCMAudit | user=jenkins1000 | ip=192.168.69.96 | op=SEND_HEARTBEAT {datanodeUUID=895a69ca-0d52-44fe-bfc6-07a3d9e96002, command=[]} | ret=SUCCESS |  
2019-08-20 14:00:10,404 | INFO  | SCMAudit | user=jenkins1000 | ip=192.168.69.96 | op=SEND_HEARTBEAT {datanodeUUID=864d677d-0c2a-4713-be84-66338b63a444, command=[]} | ret=SUCCESS |  
2019-08-20 14:00:10,692 | INFO  | SCMAudit | user=jenkins1000 | ip=192.168.69.96 | op=SEND_HEARTBEAT {datanodeUUID=062a344a-b078-4744-8294-3305232dae72, command=[]} | ret=SUCCESS |  
2019-08-20 14:00:10,911 | INFO  | SCMAudit | user=jenkins1000 | ip=192.168.69.96 | op=SEND_HEARTBEAT {datanodeUUID=ee5c976b-fc81-41d2-a9c3-a7b83a5ca1a4, command=[]} | ret=SUCCESS |  
2019-08-20 14:00:11,404 | INFO  | SCMAudit | user=jenkins1000 | ip=192.168.69.96 | op=SEND_HEARTBEAT {datanodeUUID=864d677d-0c2a-4713-be84-66338b63a444, command=[]} | ret=SUCCESS |  
2019-08-20 14:00:11,404 | INFO  | SCMAudit | user=jenkins1000 | ip=192.168.69.96 | op=SEND_HEARTBEAT {datanodeUUID=895a69ca-0d52-44fe-bfc6-07a3d9e96002, command=[]} | ret=SUCCESS |  
2019-08-20 14:00:11,692 | INFO  | SCMAudit | user=jenkins1000 | ip=192.168.69.96 | op=SEND_HEARTBEAT {datanodeUUID=062a344a-b078-4744-8294-3305232dae72, command=[]} | ret=SUCCESS |  
2019-08-20 14:00:11,911 | INFO  | SCMAudit | user=jenkins1000 | ip=192.168.69.96 | op=SEND_HEARTBEAT {datanodeUUID=ee5c976b-fc81-41d2-a9c3-a7b83a5ca1a4, command=[]} | ret=SUCCESS |  
2019-08-20 14:00:12,002 [EventQueue-StaleNodeForStaleNodeHandler] INFO  node.StaleNodeHandler (StaleNodeHandler.java:onMessage(58)) - Datanode d0905ab9-d1e1-4c01-8e50-39a321b68c5a{ip: 192.168.69.96, host: pr-hdds-1946lgncr-3764977478, networkLocation: /default-rack, certSerialId: null} moved to stale state. Finalizing its pipelines [PipelineID=bd0ac4fe-37ba-4f4e-b746-19b1c4c6b25a, PipelineID=f368073d-90f2-4bc4-a8ac-51a30178f2ba]
2019-08-20 14:00:12,002 [EventQueue-StaleNodeForStaleNodeHandler] INFO  pipeline.SCMPipelineManager (SCMPipelineManager.java:finalizeAndDestroyPipeline(309)) - destroying pipeline:Pipeline[ Id: bd0ac4fe-37ba-4f4e-b746-19b1c4c6b25a, Nodes: 268dc375-fa5b-4fbf-aa95-3805ce267cde{ip: 192.168.69.96, host: pr-hdds-1946lgncr-3764977478, networkLocation: /default-rack, certSerialId: null}d0905ab9-d1e1-4c01-8e50-39a321b68c5a{ip: 192.168.69.96, host: pr-hdds-1946lgncr-3764977478, networkLocation: /default-rack, certSerialId: null}ee5c976b-fc81-41d2-a9c3-a7b83a5ca1a4{ip: 192.168.69.96, host: pr-hdds-1946lgncr-3764977478, networkLocation: /default-rack, certSerialId: null}, Type:RATIS, Factor:THREE, State:CLOSED]
2019-08-20 14:00:12,002 [EventQueue-StaleNodeForStaleNodeHandler] INFO  pipeline.SCMPipelineManager (SCMPipelineManager.java:finalizeAndDestroyPipeline(309)) - destroying pipeline:Pipeline[ Id: f368073d-90f2-4bc4-a8ac-51a30178f2ba, Nodes: d0905ab9-d1e1-4c01-8e50-39a321b68c5a{ip: 192.168.69.96, host: pr-hdds-1946lgncr-3764977478, networkLocation: /default-rack, certSerialId: null}, Type:RATIS, Factor:ONE, State:OPEN]
2019-08-20 14:00:12,003 [EventQueue-StaleNodeForStaleNodeHandler] INFO  pipeline.PipelineStateManager (PipelineStateManager.java:finalizePipeline(123)) - Pipeline Pipeline[ Id: f368073d-90f2-4bc4-a8ac-51a30178f2ba, Nodes: d0905ab9-d1e1-4c01-8e50-39a321b68c5a{ip: 192.168.69.96, host: pr-hdds-1946lgncr-3764977478, networkLocation: /default-rack, certSerialId: null}, Type:RATIS, Factor:ONE, State:CLOSED] moved to CLOSED state
2019-08-20 14:00:12,144 [grpc-default-executor-7] WARN  server.GrpcLogAppender (LogUtils.java:warn(134)) - d0905ab9-d1e1-4c01-8e50-39a321b68c5a->268dc375-fa5b-4fbf-aa95-3805ce267cde: Failed appendEntries: org.apache.ratis.thirdparty.io.grpc.StatusRuntimeException: UNAVAILABLE: io exception
2019-08-20 14:00:12,144 [grpc-default-executor-7] INFO  impl.FollowerInfo (FollowerInfo.java:lambda$new$0(50)) - d0905ab9-d1e1-4c01-8e50-39a321b68c5a->268dc375-fa5b-4fbf-aa95-3805ce267cde: nextIndex: updateUnconditionally 0 -> 0
2019-08-20 14:00:12,404 | INFO  | SCMAudit | user=jenkins1000 | ip=192.168.69.96 | op=SEND_HEARTBEAT {datanodeUUID=864d677d-0c2a-4713-be84-66338b63a444, command=[]} | ret=SUCCESS |  
2019-08-20 14:00:12,404 | INFO  | SCMAudit | user=jenkins1000 | ip=192.168.69.96 | op=SEND_HEARTBEAT {datanodeUUID=895a69ca-0d52-44fe-bfc6-07a3d9e96002, command=[]} | ret=SUCCESS |  
2019-08-20 14:00:12,502 [EventQueue-StaleNodeForStaleNodeHandler] INFO  node.StaleNodeHandler (StaleNodeHandler.java:onMessage(58)) - Datanode 029e4ca0-8cda-46b0-9d42-cc14ecee78cf{ip: 192.168.69.96, host: pr-hdds-1946lgncr-3764977478, networkLocation: /default-rack, certSerialId: null} moved to stale state. Finalizing its pipelines [PipelineID=a4b3ef46-9108-44dd-8bf0-d116b73939fa, PipelineID=32056dbf-1fab-4dd8-b0fb-cf335f4f03b1]
2019-08-20 14:00:12,503 [EventQueue-StaleNodeForStaleNodeHandler] INFO  pipeline.SCMPipelineManager (SCMPipelineManager.java:finalizeAndDestroyPipeline(309)) - destroying pipeline:Pipeline[ Id: a4b3ef46-9108-44dd-8bf0-d116b73939fa, Nodes: 029e4ca0-8cda-46b0-9d42-cc14ecee78cf{ip: 192.168.69.96, host: pr-hdds-1946lgncr-3764977478, networkLocation: /default-rack, certSerialId: null}, Type:RATIS, Factor:ONE, State:OPEN]
2019-08-20 14:00:12,503 [EventQueue-StaleNodeForStaleNodeHandler] INFO  pipeline.PipelineStateManager (PipelineStateManager.java:finalizePipeline(123)) - Pipeline Pipeline[ Id: a4b3ef46-9108-44dd-8bf0-d116b73939fa, Nodes: 029e4ca0-8cda-46b0-9d42-cc14ecee78cf{ip: 192.168.69.96, host: pr-hdds-1946lgncr-3764977478, networkLocation: /default-rack, certSerialId: null}, Type:RATIS, Factor:ONE, State:CLOSED] moved to CLOSED state
2019-08-20 14:00:12,503 [EventQueue-StaleNodeForStaleNodeHandler] INFO  pipeline.SCMPipelineManager (SCMPipelineManager.java:finalizeAndDestroyPipeline(309)) - destroying pipeline:Pipeline[ Id: 32056dbf-1fab-4dd8-b0fb-cf335f4f03b1, Nodes: 895a69ca-0d52-44fe-bfc6-07a3d9e96002{ip: 192.168.69.96, host: pr-hdds-1946lgncr-3764977478, networkLocation: /default-rack, certSerialId: null}029e4ca0-8cda-46b0-9d42-cc14ecee78cf{ip: 192.168.69.96, host: pr-hdds-1946lgncr-3764977478, networkLocation: /default-rack, certSerialId: null}864d677d-0c2a-4713-be84-66338b63a444{ip: 192.168.69.96, host: pr-hdds-1946lgncr-3764977478, networkLocation: /default-rack, certSerialId: null}, Type:RATIS, Factor:THREE, State:OPEN]
2019-08-20 14:00:12,503 [EventQueue-StaleNodeForStaleNodeHandler] INFO  pipeline.PipelineStateManager (PipelineStateManager.java:finalizePipeline(123)) - Pipeline Pipeline[ Id: 32056dbf-1fab-4dd8-b0fb-cf335f4f03b1, Nodes: 895a69ca-0d52-44fe-bfc6-07a3d9e96002{ip: 192.168.69.96, host: pr-hdds-1946lgncr-3764977478, networkLocation: /default-rack, certSerialId: null}029e4ca0-8cda-46b0-9d42-cc14ecee78cf{ip: 192.168.69.96, host: pr-hdds-1946lgncr-3764977478, networkLocation: /default-rack, certSerialId: null}864d677d-0c2a-4713-be84-66338b63a444{ip: 192.168.69.96, host: pr-hdds-1946lgncr-3764977478, networkLocation: /default-rack, certSerialId: null}, Type:RATIS, Factor:THREE, State:CLOSED] moved to CLOSED state
2019-08-20 14:00:12,503 [EventQueue-CloseContainerForCloseContainerEventHandler] INFO  container.CloseContainerEventHandler (CloseContainerEventHandler.java:onMessage(61)) - Close container Event triggered for container : #2
2019-08-20 14:00:12,606 [main] INFO  ozoneimpl.OzoneContainer (OzoneContainer.java:stop(199)) - Attempting to stop container services.
2019-08-20 14:00:12,607 [ForkJoinPool.commonPool-worker-1] INFO  ozoneimpl.OzoneContainer (OzoneContainer.java:stop(199)) - Attempting to stop container services.
2019-08-20 14:00:12,607 [main] INFO  impl.RaftServerProxy (RaftServerProxy.java:lambda$close$4(314)) - d0905ab9-d1e1-4c01-8e50-39a321b68c5a: close
2019-08-20 14:00:12,607 [ForkJoinPool.commonPool-worker-1] INFO  impl.RaftServerProxy (RaftServerProxy.java:lambda$close$4(314)) - 029e4ca0-8cda-46b0-9d42-cc14ecee78cf: close
2019-08-20 14:00:12,607 [main] INFO  impl.RaftServerImpl (RaftServerImpl.java:lambda$shutdown$3(245)) - d0905ab9-d1e1-4c01-8e50-39a321b68c5a: shutdown group-19B1C4C6B25A
2019-08-20 14:00:12,607 [ForkJoinPool.commonPool-worker-1] INFO  impl.RaftServerImpl (RaftServerImpl.java:lambda$shutdown$3(245)) - 029e4ca0-8cda-46b0-9d42-cc14ecee78cf: shutdown group-D116B73939FA
2019-08-20 14:00:12,608 [main] INFO  util.JmxRegister (JmxRegister.java:unregister(73)) - Successfully un-registered JMX Bean with object name Ratis:service=RaftServer,group=group-19B1C4C6B25A,id=d0905ab9-d1e1-4c01-8e50-39a321b68c5a
2019-08-20 14:00:12,608 [ForkJoinPool.commonPool-worker-1] INFO  util.JmxRegister (JmxRegister.java:unregister(73)) - Successfully un-registered JMX Bean with object name Ratis:service=RaftServer,group=group-D116B73939FA,id=029e4ca0-8cda-46b0-9d42-cc14ecee78cf
2019-08-20 14:00:12,608 [main] INFO  impl.RoleInfo (RoleInfo.java:shutdownLeaderState(104)) - d0905ab9-d1e1-4c01-8e50-39a321b68c5a: shutdown LeaderState
2019-08-20 14:00:12,608 [ForkJoinPool.commonPool-worker-1] INFO  impl.RoleInfo (RoleInfo.java:shutdownLeaderState(104)) - 029e4ca0-8cda-46b0-9d42-cc14ecee78cf: shutdown LeaderState
2019-08-20 14:00:12,612 [main] INFO  impl.PendingRequests (PendingRequests.java:sendNotLeaderResponses(202)) - d0905ab9-d1e1-4c01-8e50-39a321b68c5a-PendingRequests: sendNotLeaderResponses
2019-08-20 14:00:12,612 [ForkJoinPool.commonPool-worker-1] INFO  impl.PendingRequests (PendingRequests.java:sendNotLeaderResponses(202)) - 029e4ca0-8cda-46b0-9d42-cc14ecee78cf-PendingRequests: sendNotLeaderResponses
2019-08-20 14:00:12,612 [org.apache.ratis.server.impl.LogAppender$AppenderDaemon$$Lambda$619/281366267@68193796] WARN  server.GrpcLogAppender (GrpcLogAppender.java:mayWait(143)) - GrpcLogAppender(d0905ab9-d1e1-4c01-8e50-39a321b68c5a->268dc375-fa5b-4fbf-aa95-3805ce267cde): Wait interrupted by java.lang.InterruptedException
2019-08-20 14:00:12,612 [org.apache.ratis.server.impl.LogAppender$AppenderDaemon$$Lambda$619/281366267@48877149] WARN  server.GrpcLogAppender (GrpcLogAppender.java:mayWait(143)) - GrpcLogAppender(d0905ab9-d1e1-4c01-8e50-39a321b68c5a->ee5c976b-fc81-41d2-a9c3-a7b83a5ca1a4): Wait interrupted by java.lang.InterruptedException
2019-08-20 14:00:12,612 [ForkJoinPool.commonPool-worker-1] INFO  impl.StateMachineUpdater (StateMachineUpdater.java:stopAndJoin(115)) - StateMachineUpdater:029e4ca0-8cda-46b0-9d42-cc14ecee78cf:group-D116B73939FA: set stopIndex = 0
2019-08-20 14:00:12,612 [StateMachineUpdater:d0905ab9-d1e1-4c01-8e50-39a321b68c5a:group-19B1C4C6B25A] INFO  ratis.ContainerStateMachine (ContainerStateMachine.java:takeSnapshot(271)) - group-19B1C4C6B25A: Taking a snapshot at:(t:1, i:13) file /workdir/hadoop-ozone/integration-test/target/test-dir/MiniOzoneClusterImpl-d4c3f63e-79eb-48dd-b907-15aeed9be1d5/datanode-3/data/ratis/bd0ac4fe-37ba-4f4e-b746-19b1c4c6b25a/sm/snapshot.1_13
2019-08-20 14:00:12,612 [main] INFO  impl.StateMachineUpdater (StateMachineUpdater.java:stopAndJoin(115)) - StateMachineUpdater:d0905ab9-d1e1-4c01-8e50-39a321b68c5a:group-19B1C4C6B25A: set stopIndex = 17
2019-08-20 14:00:12,612 [ForkJoinPool.commonPool-worker-1] INFO  impl.RaftServerImpl (ServerState.java:close(394)) - 029e4ca0-8cda-46b0-9d42-cc14ecee78cf:group-D116B73939FA closes. The last applied log index is 0
2019-08-20 14:00:12,612 [grpc-default-executor-6] INFO  server.GrpcServerProtocolService (GrpcServerProtocolService.java:onCompleted(104)) - ee5c976b-fc81-41d2-a9c3-a7b83a5ca1a4: appendEntries completed
2019-08-20 14:00:12,613 [029e4ca0-8cda-46b0-9d42-cc14ecee78cf-SegmentedRaftLogWorker:Storage Directory /workdir/hadoop-ozone/integration-test/target/test-dir/MiniOzoneClusterImpl-d4c3f63e-79eb-48dd-b907-15aeed9be1d5/datanode-1/data/ratis/a4b3ef46-9108-44dd-8bf0-d116b73939fa] INFO  segmented.SegmentedRaftLogWorker (SegmentedRaftLogWorker.java:run(313)) - 029e4ca0-8cda-46b0-9d42-cc14ecee78cf-SegmentedRaftLogWorker:Storage Directory /workdir/hadoop-ozone/integration-test/target/test-dir/MiniOzoneClusterImpl-d4c3f63e-79eb-48dd-b907-15aeed9be1d5/datanode-1/data/ratis/a4b3ef46-9108-44dd-8bf0-d116b73939fa was interrupted, exiting. There are 0 tasks remaining in the queue.
2019-08-20 14:00:12,613 [grpc-default-executor-6] INFO  server.GrpcLogAppender (GrpcLogAppender.java:onCompleted(292)) - d0905ab9-d1e1-4c01-8e50-39a321b68c5a->ee5c976b-fc81-41d2-a9c3-a7b83a5ca1a4: follower responses appendEntries COMPLETED
2019-08-20 14:00:12,615 [ForkJoinPool.commonPool-worker-1] INFO  segmented.SegmentedRaftLogWorker (SegmentedRaftLogWorker.java:close(228)) - 029e4ca0-8cda-46b0-9d42-cc14ecee78cf-SegmentedRaftLogWorker:Storage Directory /workdir/hadoop-ozone/integration-test/target/test-dir/MiniOzoneClusterImpl-d4c3f63e-79eb-48dd-b907-15aeed9be1d5/datanode-1/data/ratis/a4b3ef46-9108-44dd-8bf0-d116b73939fa close()
2019-08-20 14:00:12,615 [grpc-default-executor-6] INFO  impl.FollowerInfo (FollowerInfo.java:lambda$new$0(50)) - d0905ab9-d1e1-4c01-8e50-39a321b68c5a->ee5c976b-fc81-41d2-a9c3-a7b83a5ca1a4: nextIndex: updateUnconditionally 18 -> 17
2019-08-20 14:00:12,617 [ForkJoinPool.commonPool-worker-1] INFO  impl.RaftServerImpl (RaftServerImpl.java:lambda$shutdown$3(245)) - 029e4ca0-8cda-46b0-9d42-cc14ecee78cf: shutdown group-CF335F4F03B1
2019-08-20 14:00:12,617 [ForkJoinPool.commonPool-worker-1] INFO  util.JmxRegister (JmxRegister.java:unregister(73)) - Successfully un-registered JMX Bean with object name Ratis:service=RaftServer,group=group-CF335F4F03B1,id=029e4ca0-8cda-46b0-9d42-cc14ecee78cf
2019-08-20 14:00:12,617 [ForkJoinPool.commonPool-worker-1] INFO  impl.RoleInfo (RoleInfo.java:shutdownFollowerState(121)) - 029e4ca0-8cda-46b0-9d42-cc14ecee78cf: shutdown FollowerState
2019-08-20 14:00:12,618 [ForkJoinPool.commonPool-worker-1] INFO  impl.StateMachineUpdater (StateMachineUpdater.java:stopAndJoin(115)) - StateMachineUpdater:029e4ca0-8cda-46b0-9d42-cc14ecee78cf:group-CF335F4F03B1: set stopIndex = 16
2019-08-20 14:00:12,618 [StateMachineUpdater:029e4ca0-8cda-46b0-9d42-cc14ecee78cf:group-CF335F4F03B1] INFO  ratis.ContainerStateMachine (ContainerStateMachine.java:takeSnapshot(271)) - group-CF335F4F03B1: Taking a snapshot at:(t:1, i:14) file /workdir/hadoop-ozone/integration-test/target/test-dir/MiniOzoneClusterImpl-d4c3f63e-79eb-48dd-b907-15aeed9be1d5/datanode-1/data/ratis/32056dbf-1fab-4dd8-b0fb-cf335f4f03b1/sm/snapshot.1_14
2019-08-20 14:00:12,618 [Thread-3680] INFO  impl.FollowerState (FollowerState.java:run(114)) - 029e4ca0-8cda-46b0-9d42-cc14ecee78cf: FollowerState was interrupted: java.lang.InterruptedException: sleep interrupted
2019-08-20 14:00:12,625 [StateMachineUpdater:d0905ab9-d1e1-4c01-8e50-39a321b68c5a:group-19B1C4C6B25A] INFO  ratis.ContainerStateMachine (ContainerStateMachine.java:takeSnapshot(282)) - group-19B1C4C6B25A: Finished taking a snapshot at:(t:1, i:13) file:/workdir/hadoop-ozone/integration-test/target/test-dir/MiniOzoneClusterImpl-d4c3f63e-79eb-48dd-b907-15aeed9be1d5/datanode-3/data/ratis/bd0ac4fe-37ba-4f4e-b746-19b1c4c6b25a/sm/snapshot.1_13 time:13
2019-08-20 14:00:12,625 [StateMachineUpdater:029e4ca0-8cda-46b0-9d42-cc14ecee78cf:group-CF335F4F03B1] INFO  ratis.ContainerStateMachine (ContainerStateMachine.java:takeSnapshot(282)) - group-CF335F4F03B1: Finished taking a snapshot at:(t:1, i:14) file:/workdir/hadoop-ozone/integration-test/target/test-dir/MiniOzoneClusterImpl-d4c3f63e-79eb-48dd-b907-15aeed9be1d5/datanode-1/data/ratis/32056dbf-1fab-4dd8-b0fb-cf335f4f03b1/sm/snapshot.1_14 time:8
2019-08-20 14:00:12,625 [StateMachineUpdater:d0905ab9-d1e1-4c01-8e50-39a321b68c5a:group-19B1C4C6B25A] INFO  impl.StateMachineUpdater (StateMachineUpdater.java:takeSnapshot(242)) - StateMachineUpdater:d0905ab9-d1e1-4c01-8e50-39a321b68c5a:group-19B1C4C6B25A: Took a snapshot at index 13
2019-08-20 14:00:12,625 [StateMachineUpdater:029e4ca0-8cda-46b0-9d42-cc14ecee78cf:group-CF335F4F03B1] INFO  impl.StateMachineUpdater (StateMachineUpdater.java:takeSnapshot(242)) - StateMachineUpdater:029e4ca0-8cda-46b0-9d42-cc14ecee78cf:group-CF335F4F03B1: Took a snapshot at index 14
2019-08-20 14:00:12,626 [StateMachineUpdater:d0905ab9-d1e1-4c01-8e50-39a321b68c5a:group-19B1C4C6B25A] INFO  impl.StateMachineUpdater (StateMachineUpdater.java:lambda$new$0(80)) - StateMachineUpdater:d0905ab9-d1e1-4c01-8e50-39a321b68c5a:group-19B1C4C6B25A: snapshotIndex: updateIncreasingly -1 -> 13
2019-08-20 14:00:12,626 [StateMachineUpdater:029e4ca0-8cda-46b0-9d42-cc14ecee78cf:group-CF335F4F03B1] INFO  impl.StateMachineUpdater (StateMachineUpdater.java:lambda$new$0(80)) - StateMachineUpdater:029e4ca0-8cda-46b0-9d42-cc14ecee78cf:group-CF335F4F03B1: snapshotIndex: updateIncreasingly -1 -> 14
2019-08-20 14:00:12,626 [main] INFO  impl.RaftServerImpl (ServerState.java:close(394)) - d0905ab9-d1e1-4c01-8e50-39a321b68c5a:group-19B1C4C6B25A closes. The last applied log index is 17
2019-08-20 14:00:12,626 [ForkJoinPool.commonPool-worker-1] INFO  impl.RaftServerImpl (ServerState.java:close(394)) - 029e4ca0-8cda-46b0-9d42-cc14ecee78cf:group-CF335F4F03B1 closes. The last applied log index is 16
2019-08-20 14:00:12,626 [d0905ab9-d1e1-4c01-8e50-39a321b68c5a-SegmentedRaftLogWorker:Storage Directory /workdir/hadoop-ozone/integration-test/target/test-dir/MiniOzoneClusterImpl-d4c3f63e-79eb-48dd-b907-15aeed9be1d5/datanode-3/data/ratis/bd0ac4fe-37ba-4f4e-b746-19b1c4c6b25a] INFO  segmented.SegmentedRaftLogWorker (SegmentedRaftLogWorker.java:run(313)) - d0905ab9-d1e1-4c01-8e50-39a321b68c5a-SegmentedRaftLogWorker:Storage Directory /workdir/hadoop-ozone/integration-test/target/test-dir/MiniOzoneClusterImpl-d4c3f63e-79eb-48dd-b907-15aeed9be1d5/datanode-3/data/ratis/bd0ac4fe-37ba-4f4e-b746-19b1c4c6b25a was interrupted, exiting. There are 0 tasks remaining in the queue.
2019-08-20 14:00:12,627 [029e4ca0-8cda-46b0-9d42-cc14ecee78cf-SegmentedRaftLogWorker:Storage Directory /workdir/hadoop-ozone/integration-test/target/test-dir/MiniOzoneClusterImpl-d4c3f63e-79eb-48dd-b907-15aeed9be1d5/datanode-1/data/ratis/32056dbf-1fab-4dd8-b0fb-cf335f4f03b1] INFO  segmented.SegmentedRaftLogWorker (SegmentedRaftLogWorker.java:run(313)) - 029e4ca0-8cda-46b0-9d42-cc14ecee78cf-SegmentedRaftLogWorker:Storage Directory /workdir/hadoop-ozone/integration-test/target/test-dir/MiniOzoneClusterImpl-d4c3f63e-79eb-48dd-b907-15aeed9be1d5/datanode-1/data/ratis/32056dbf-1fab-4dd8-b0fb-cf335f4f03b1 was interrupted, exiting. There are 0 tasks remaining in the queue.
2019-08-20 14:00:12,628 [main] INFO  segmented.SegmentedRaftLogWorker (SegmentedRaftLogWorker.java:close(228)) - d0905ab9-d1e1-4c01-8e50-39a321b68c5a-SegmentedRaftLogWorker:Storage Directory /workdir/hadoop-ozone/integration-test/target/test-dir/MiniOzoneClusterImpl-d4c3f63e-79eb-48dd-b907-15aeed9be1d5/datanode-3/data/ratis/bd0ac4fe-37ba-4f4e-b746-19b1c4c6b25a close()
2019-08-20 14:00:12,629 [ForkJoinPool.commonPool-worker-1] INFO  segmented.SegmentedRaftLogWorker (SegmentedRaftLogWorker.java:close(228)) - 029e4ca0-8cda-46b0-9d42-cc14ecee78cf-SegmentedRaftLogWorker:Storage Directory /workdir/hadoop-ozone/integration-test/target/test-dir/MiniOzoneClusterImpl-d4c3f63e-79eb-48dd-b907-15aeed9be1d5/datanode-1/data/ratis/32056dbf-1fab-4dd8-b0fb-cf335f4f03b1 close()
2019-08-20 14:00:12,631 [main] INFO  impl.RaftServerImpl (RaftServerImpl.java:lambda$shutdown$3(245)) - d0905ab9-d1e1-4c01-8e50-39a321b68c5a: shutdown group-51A30178F2BA
2019-08-20 14:00:12,633 [ForkJoinPool.commonPool-worker-1] INFO  server.GrpcService (GrpcService.java:closeImpl(155)) - 029e4ca0-8cda-46b0-9d42-cc14ecee78cf: shutdown server with port 45863 now
2019-08-20 14:00:12,633 [main] INFO  util.JmxRegister (JmxRegister.java:unregister(73)) - Successfully un-registered JMX Bean with object name Ratis:service=RaftServer,group=group-51A30178F2BA,id=d0905ab9-d1e1-4c01-8e50-39a321b68c5a
2019-08-20 14:00:12,633 [main] INFO  impl.RoleInfo (RoleInfo.java:shutdownLeaderState(104)) - d0905ab9-d1e1-4c01-8e50-39a321b68c5a: shutdown LeaderState
2019-08-20 14:00:12,633 [grpc-default-executor-13] WARN  server.GrpcLogAppender (LogUtils.java:warn(134)) - 895a69ca-0d52-44fe-bfc6-07a3d9e96002->029e4ca0-8cda-46b0-9d42-cc14ecee78cf: Failed appendEntries: org.apache.ratis.thirdparty.io.grpc.StatusRuntimeException: CANCELLED: HTTP/2 error code: CANCEL
Received Rst Stream
2019-08-20 14:00:12,633 [ForkJoinPool.commonPool-worker-1] INFO  server.GrpcService (GrpcService.java:closeImpl(163)) - 029e4ca0-8cda-46b0-9d42-cc14ecee78cf: shutdown server with port 45863 successfully
2019-08-20 14:00:12,633 [grpc-default-executor-7] WARN  server.GrpcServerProtocolService (LogUtils.java:warn(134)) - 029e4ca0-8cda-46b0-9d42-cc14ecee78cf: appendEntries onError: org.apache.ratis.thirdparty.io.grpc.StatusRuntimeException: CANCELLED: cancelled before receiving half close
2019-08-20 14:00:12,634 [grpc-default-executor-13] INFO  impl.FollowerInfo (FollowerInfo.java:lambda$new$0(50)) - 895a69ca-0d52-44fe-bfc6-07a3d9e96002->029e4ca0-8cda-46b0-9d42-cc14ecee78cf: nextIndex: updateUnconditionally 17 -> 16
2019-08-20 14:00:12,633 [main] INFO  impl.PendingRequests (PendingRequests.java:sendNotLeaderResponses(202)) - d0905ab9-d1e1-4c01-8e50-39a321b68c5a-PendingRequests: sendNotLeaderResponses
2019-08-20 14:00:12,634 [main] INFO  impl.StateMachineUpdater (StateMachineUpdater.java:stopAndJoin(115)) - StateMachineUpdater:d0905ab9-d1e1-4c01-8e50-39a321b68c5a:group-51A30178F2BA: set stopIndex = 0
2019-08-20 14:00:12,635 [main] INFO  impl.RaftServerImpl (ServerState.java:close(394)) - d0905ab9-d1e1-4c01-8e50-39a321b68c5a:group-51A30178F2BA closes. The last applied log index is 0
2019-08-20 14:00:12,635 [d0905ab9-d1e1-4c01-8e50-39a321b68c5a-SegmentedRaftLogWorker:Storage Directory /workdir/hadoop-ozone/integration-test/target/test-dir/MiniOzoneClusterImpl-d4c3f63e-79eb-48dd-b907-15aeed9be1d5/datanode-3/data/ratis/f368073d-90f2-4bc4-a8ac-51a30178f2ba] INFO  segmented.SegmentedRaftLogWorker (SegmentedRaftLogWorker.java:run(313)) - d0905ab9-d1e1-4c01-8e50-39a321b68c5a-SegmentedRaftLogWorker:Storage Directory /workdir/hadoop-ozone/integration-test/target/test-dir/MiniOzoneClusterImpl-d4c3f63e-79eb-48dd-b907-15aeed9be1d5/datanode-3/data/ratis/f368073d-90f2-4bc4-a8ac-51a30178f2ba was interrupted, exiting. There are 0 tasks remaining in the queue.
2019-08-20 14:00:12,635 [ForkJoinPool.commonPool-worker-1] INFO  utils.BackgroundService (BackgroundService.java:shutdown(148)) - Shutting down service BlockDeletingService
2019-08-20 14:00:12,636 [main] INFO  segmented.SegmentedRaftLogWorker (SegmentedRaftLogWorker.java:close(228)) - d0905ab9-d1e1-4c01-8e50-39a321b68c5a-SegmentedRaftLogWorker:Storage Directory /workdir/hadoop-ozone/integration-test/target/test-dir/MiniOzoneClusterImpl-d4c3f63e-79eb-48dd-b907-15aeed9be1d5/datanode-3/data/ratis/f368073d-90f2-4bc4-a8ac-51a30178f2ba close()
2019-08-20 14:00:12,639 [main] INFO  server.GrpcService (GrpcService.java:closeImpl(155)) - d0905ab9-d1e1-4c01-8e50-39a321b68c5a: shutdown server with port 45647 now
2019-08-20 14:00:12,639 [main] INFO  server.GrpcService (GrpcService.java:closeImpl(163)) - d0905ab9-d1e1-4c01-8e50-39a321b68c5a: shutdown server with port 45647 successfully
2019-08-20 14:00:12,639 [refreshUsed-/workdir/hadoop-ozone/integration-test/target/test-dir/MiniOzoneClusterImpl-d4c3f63e-79eb-48dd-b907-15aeed9be1d5/datanode-1/data/containers] WARN  fs.CachingGetSpaceUsed (CachingGetSpaceUsed.java:run(183)) - Thread Interrupted waiting to refresh disk information: sleep interrupted
2019-08-20 14:00:12,641 [main] INFO  utils.BackgroundService (BackgroundService.java:shutdown(148)) - Shutting down service BlockDeletingService
2019-08-20 14:00:12,644 [refreshUsed-/workdir/hadoop-ozone/integration-test/target/test-dir/MiniOzoneClusterImpl-d4c3f63e-79eb-48dd-b907-15aeed9be1d5/datanode-3/data/containers] WARN  fs.CachingGetSpaceUsed (CachingGetSpaceUsed.java:run(183)) - Thread Interrupted waiting to refresh disk information: sleep interrupted
2019-08-20 14:00:12,654 [main] INFO  statemachine.DatanodeStateMachine (DatanodeStateMachine.java:stopDaemon(395)) - Ozone container server stopped.
2019-08-20 14:00:12,657 [ForkJoinPool.commonPool-worker-1] INFO  statemachine.DatanodeStateMachine (DatanodeStateMachine.java:stopDaemon(395)) - Ozone container server stopped.
2019-08-20 14:00:12,657 [main] INFO  handler.ContextHandler (ContextHandler.java:doStop(910)) - Stopped o.e.j.w.WebAppContext@dfe2875{/,null,UNAVAILABLE}{/hddsDatanode}
2019-08-20 14:00:12,660 [ForkJoinPool.commonPool-worker-1] INFO  handler.ContextHandler (ContextHandler.java:doStop(910)) - Stopped o.e.j.w.WebAppContext@3f89d36c{/,null,UNAVAILABLE}{/hddsDatanode}
2019-08-20 14:00:12,660 [main] INFO  server.AbstractConnector (AbstractConnector.java:doStop(318)) - Stopped ServerConnector@402fcf14{HTTP/1.1,[http/1.1]}{0.0.0.0:0}
2019-08-20 14:00:12,661 [ForkJoinPool.commonPool-worker-1] INFO  server.AbstractConnector (AbstractConnector.java:doStop(318)) - Stopped ServerConnector@520034a{HTTP/1.1,[http/1.1]}{0.0.0.0:0}
2019-08-20 14:00:12,661 [main] INFO  handler.ContextHandler (ContextHandler.java:doStop(910)) - Stopped o.e.j.s.ServletContextHandler@45c270f9{/static,jar:file:/home/user/.m2/repository/org/apache/hadoop/hadoop-hdds-container-service/0.5.0-SNAPSHOT/hadoop-hdds-container-service-0.5.0-SNAPSHOT.jar!/webapps/static,UNAVAILABLE}
2019-08-20 14:00:12,662 [ForkJoinPool.commonPool-worker-1] INFO  handler.ContextHandler (ContextHandler.java:doStop(910)) - Stopped o.e.j.s.ServletContextHandler@520e6089{/static,jar:file:/home/user/.m2/repository/org/apache/hadoop/hadoop-hdds-container-service/0.5.0-SNAPSHOT/hadoop-hdds-container-service-0.5.0-SNAPSHOT.jar!/webapps/static,UNAVAILABLE}
2019-08-20 14:00:12,662 [main] INFO  handler.ContextHandler (ContextHandler.java:doStop(910)) - Stopped o.e.j.s.ServletContextHandler@5f65a6d7{/logs,file:///workdir/hadoop-ozone/integration-test/target/log,UNAVAILABLE}
2019-08-20 14:00:12,663 [ForkJoinPool.commonPool-worker-1] INFO  handler.ContextHandler (ContextHandler.java:doStop(910)) - Stopped o.e.j.s.ServletContextHandler@7320bccc{/logs,file:///workdir/hadoop-ozone/integration-test/target/log,UNAVAILABLE}
2019-08-20 14:00:12,664 [ForkJoinPool.commonPool-worker-1] INFO  datanode.ObjectStoreHandler (ObjectStoreHandler.java:close(155)) - Closing ObjectStoreHandler.
2019-08-20 14:00:12,664 [main] INFO  datanode.ObjectStoreHandler (ObjectStoreHandler.java:close(155)) - Closing ObjectStoreHandler.
2019-08-20 14:00:12,664 [ForkJoinPool.commonPool-worker-1] INFO  ozone.HddsDatanodeService (HddsDatanodeService.java:stop(451)) - Stopped plug-in org.apache.hadoop.ozone.web.OzoneHddsDatanodeService@db610c3
2019-08-20 14:00:12,664 [main] INFO  ozone.HddsDatanodeService (HddsDatanodeService.java:stop(451)) - Stopped plug-in org.apache.hadoop.ozone.web.OzoneHddsDatanodeService@59bdd277
2019-08-20 14:00:12,691 [Datanode State Machine Thread - 0] INFO  statemachine.DatanodeStateMachine (DatanodeStateMachine.java:lambda$startDaemon$0(350)) - Ozone container server started.
2019-08-20 14:00:12,911 | INFO  | SCMAudit | user=jenkins1000 | ip=192.168.69.96 | op=SEND_HEARTBEAT {datanodeUUID=ee5c976b-fc81-41d2-a9c3-a7b83a5ca1a4, command=[]} | ret=SUCCESS |  
2019-08-20 14:00:13,405 [Datanode State Machine Thread - 0] INFO  statemachine.DatanodeStateMachine (DatanodeStateMachine.java:lambda$startDaemon$0(350)) - Ozone container server started.
2019-08-20 14:00:13,406 | INFO  | SCMAudit | user=jenkins1000 | ip=192.168.69.96 | op=SEND_HEARTBEAT {datanodeUUID=895a69ca-0d52-44fe-bfc6-07a3d9e96002, command=[commandType: closeContainerCommand closeContainerCommandProto { containerID: 2 pipelineID { id: "32056dbf-1fab-4dd8-b0fb-cf335f4f03b1" } cmdId: 2 force: false } ]} | ret=SUCCESS |  
2019-08-20 14:00:13,911 | INFO  | SCMAudit | user=jenkins1000 | ip=192.168.69.96 | op=SEND_HEARTBEAT {datanodeUUID=ee5c976b-fc81-41d2-a9c3-a7b83a5ca1a4, command=[]} | ret=SUCCESS |  
2019-08-20 14:00:14,405 | INFO  | SCMAudit | user=jenkins1000 | ip=192.168.69.96 | op=SEND_HEARTBEAT {datanodeUUID=895a69ca-0d52-44fe-bfc6-07a3d9e96002, command=[]} | ret=SUCCESS |  
2019-08-20 14:00:14,413 | INFO  | SCMAudit | user=jenkins1000 | ip=192.168.69.96 | op=SEND_HEARTBEAT {datanodeUUID=895a69ca-0d52-44fe-bfc6-07a3d9e96002, command=[]} | ret=SUCCESS |  
2019-08-20 14:00:14,415 [grpc-default-executor-6] WARN  server.GrpcLogAppender (LogUtils.java:warn(134)) - 895a69ca-0d52-44fe-bfc6-07a3d9e96002->029e4ca0-8cda-46b0-9d42-cc14ecee78cf: Failed appendEntries: org.apache.ratis.thirdparty.io.grpc.StatusRuntimeException: UNAVAILABLE: io exception
2019-08-20 14:00:14,415 [grpc-default-executor-6] INFO  impl.FollowerInfo (FollowerInfo.java:lambda$new$0(50)) - 895a69ca-0d52-44fe-bfc6-07a3d9e96002->029e4ca0-8cda-46b0-9d42-cc14ecee78cf: nextIndex: updateUnconditionally 17 -> 16
2019-08-20 14:00:14,427 [grpc-default-executor-13] WARN  server.GrpcLogAppender (LogUtils.java:warn(134)) - 895a69ca-0d52-44fe-bfc6-07a3d9e96002->029e4ca0-8cda-46b0-9d42-cc14ecee78cf: Failed appendEntries: org.apache.ratis.thirdparty.io.grpc.StatusRuntimeException: UNAVAILABLE: io exception
2019-08-20 14:00:14,428 [grpc-default-executor-13] INFO  impl.FollowerInfo (FollowerInfo.java:lambda$new$0(50)) - 895a69ca-0d52-44fe-bfc6-07a3d9e96002->029e4ca0-8cda-46b0-9d42-cc14ecee78cf: nextIndex: updateUnconditionally 17 -> 16
2019-08-20 14:00:14,440 [grpc-default-executor-13] WARN  server.GrpcLogAppender (LogUtils.java:warn(134)) - 895a69ca-0d52-44fe-bfc6-07a3d9e96002->029e4ca0-8cda-46b0-9d42-cc14ecee78cf: Failed appendEntries: org.apache.ratis.thirdparty.io.grpc.StatusRuntimeException: UNAVAILABLE: io exception
2019-08-20 14:00:14,441 [grpc-default-executor-13] INFO  impl.FollowerInfo (FollowerInfo.java:lambda$new$0(50)) - 895a69ca-0d52-44fe-bfc6-07a3d9e96002->029e4ca0-8cda-46b0-9d42-cc14ecee78cf: nextIndex: updateUnconditionally 17 -> 16
2019-08-20 14:00:14,462 [RatisApplyTransactionExecutor 2] INFO  interfaces.Container (KeyValueContainer.java:compactDB(356)) - Container 2 is closed with bcsId 14.
2019-08-20 14:00:14,462 | INFO  | DNAudit | user=null | ip=null | op=CLOSE_CONTAINER {containerID=2} | ret=SUCCESS |  
2019-08-20 14:00:14,463 | INFO  | SCMAudit | user=jenkins1000 | ip=192.168.69.96 | op=SEND_HEARTBEAT {datanodeUUID=895a69ca-0d52-44fe-bfc6-07a3d9e96002, command=[]} | ret=SUCCESS |  
2019-08-20 14:00:14,463 [EventQueue-IncrementalContainerReportForIncrementalContainerReportHandler] INFO  container.IncrementalContainerReportHandler (AbstractContainerReportHandler.java:updateContainerState(176)) - Moving container #2 to CLOSED state, datanode 895a69ca-0d52-44fe-bfc6-07a3d9e96002{ip: 192.168.69.96, host: pr-hdds-1946lgncr-3764977478, networkLocation: /default-rack, certSerialId: null} reported CLOSED replica.
2019-08-20 14:00:14,489 [RatisApplyTransactionExecutor 2] INFO  interfaces.Container (KeyValueContainer.java:compactDB(356)) - Container 2 is closed with bcsId 14.
2019-08-20 14:00:14,490 | INFO  | DNAudit | user=null | ip=null | op=CLOSE_CONTAINER {containerID=2} | ret=SUCCESS |  
2019-08-20 14:00:14,910 | INFO  | SCMAudit | user=jenkins1000 | ip=192.168.69.96 | op=SEND_HEARTBEAT {datanodeUUID=ee5c976b-fc81-41d2-a9c3-a7b83a5ca1a4, command=[]} | ret=SUCCESS |  
2019-08-20 14:00:15,464 | INFO  | SCMAudit | user=jenkins1000 | ip=192.168.69.96 | op=SEND_HEARTBEAT {datanodeUUID=895a69ca-0d52-44fe-bfc6-07a3d9e96002, command=[]} | ret=SUCCESS |  
2019-08-20 14:00:15,911 | INFO  | SCMAudit | user=jenkins1000 | ip=192.168.69.96 | op=SEND_HEARTBEAT {datanodeUUID=ee5c976b-fc81-41d2-a9c3-a7b83a5ca1a4, command=[]} | ret=SUCCESS |  
2019-08-20 14:00:16,464 | INFO  | SCMAudit | user=jenkins1000 | ip=192.168.69.96 | op=SEND_HEARTBEAT {datanodeUUID=895a69ca-0d52-44fe-bfc6-07a3d9e96002, command=[]} | ret=SUCCESS |  
2019-08-20 14:00:16,707 [EventQueue-StaleNodeForStaleNodeHandler] INFO  node.StaleNodeHandler (StaleNodeHandler.java:onMessage(58)) - Datanode 062a344a-b078-4744-8294-3305232dae72{ip: 192.168.69.96, host: pr-hdds-1946lgncr-3764977478, networkLocation: /default-rack, certSerialId: null} moved to stale state. Finalizing its pipelines [PipelineID=174a0b4e-9d92-4094-836e-7e9bf105d01a]
2019-08-20 14:00:16,707 [EventQueue-StaleNodeForStaleNodeHandler] INFO  pipeline.SCMPipelineManager (SCMPipelineManager.java:finalizeAndDestroyPipeline(309)) - destroying pipeline:Pipeline[ Id: 174a0b4e-9d92-4094-836e-7e9bf105d01a, Nodes: 062a344a-b078-4744-8294-3305232dae72{ip: 192.168.69.96, host: pr-hdds-1946lgncr-3764977478, networkLocation: /default-rack, certSerialId: null}, Type:RATIS, Factor:ONE, State:OPEN]
2019-08-20 14:00:16,708 [EventQueue-StaleNodeForStaleNodeHandler] INFO  pipeline.PipelineStateManager (PipelineStateManager.java:finalizePipeline(123)) - Pipeline Pipeline[ Id: 174a0b4e-9d92-4094-836e-7e9bf105d01a, Nodes: 062a344a-b078-4744-8294-3305232dae72{ip: 192.168.69.96, host: pr-hdds-1946lgncr-3764977478, networkLocation: /default-rack, certSerialId: null}, Type:RATIS, Factor:ONE, State:CLOSED] moved to CLOSED state
2019-08-20 14:00:16,911 | INFO  | SCMAudit | user=jenkins1000 | ip=192.168.69.96 | op=SEND_HEARTBEAT {datanodeUUID=ee5c976b-fc81-41d2-a9c3-a7b83a5ca1a4, command=[]} | ret=SUCCESS |  
2019-08-20 14:00:16,941 [grpc-default-executor-7] WARN  server.GrpcLogAppender (LogUtils.java:warn(134)) - 895a69ca-0d52-44fe-bfc6-07a3d9e96002->029e4ca0-8cda-46b0-9d42-cc14ecee78cf: Failed appendEntries: org.apache.ratis.thirdparty.io.grpc.StatusRuntimeException: UNAVAILABLE: io exception
2019-08-20 14:00:16,941 [grpc-default-executor-7] INFO  impl.FollowerInfo (FollowerInfo.java:lambda$new$0(50)) - 895a69ca-0d52-44fe-bfc6-07a3d9e96002->029e4ca0-8cda-46b0-9d42-cc14ecee78cf: nextIndex: updateUnconditionally 16 -> 15
2019-08-20 14:00:17,408 [EventQueue-StaleNodeForStaleNodeHandler] INFO  node.StaleNodeHandler (StaleNodeHandler.java:onMessage(58)) - Datanode 864d677d-0c2a-4713-be84-66338b63a444{ip: 192.168.69.96, host: pr-hdds-1946lgncr-3764977478, networkLocation: /default-rack, certSerialId: null} moved to stale state. Finalizing its pipelines [PipelineID=c0d68807-426f-4b5d-8896-3bf84c36fafc, PipelineID=32056dbf-1fab-4dd8-b0fb-cf335f4f03b1]
2019-08-20 14:00:17,408 [EventQueue-StaleNodeForStaleNodeHandler] INFO  pipeline.SCMPipelineManager (SCMPipelineManager.java:finalizeAndDestroyPipeline(309)) - destroying pipeline:Pipeline[ Id: c0d68807-426f-4b5d-8896-3bf84c36fafc, Nodes: 864d677d-0c2a-4713-be84-66338b63a444{ip: 192.168.69.96, host: pr-hdds-1946lgncr-3764977478, networkLocation: /default-rack, certSerialId: null}, Type:RATIS, Factor:ONE, State:OPEN]
2019-08-20 14:00:17,408 [EventQueue-StaleNodeForStaleNodeHandler] INFO  pipeline.PipelineStateManager (PipelineStateManager.java:finalizePipeline(123)) - Pipeline Pipeline[ Id: c0d68807-426f-4b5d-8896-3bf84c36fafc, Nodes: 864d677d-0c2a-4713-be84-66338b63a444{ip: 192.168.69.96, host: pr-hdds-1946lgncr-3764977478, networkLocation: /default-rack, certSerialId: null}, Type:RATIS, Factor:ONE, State:CLOSED] moved to CLOSED state
2019-08-20 14:00:17,409 [EventQueue-StaleNodeForStaleNodeHandler] INFO  pipeline.SCMPipelineManager (SCMPipelineManager.java:finalizeAndDestroyPipeline(309)) - destroying pipeline:Pipeline[ Id: 32056dbf-1fab-4dd8-b0fb-cf335f4f03b1, Nodes: 895a69ca-0d52-44fe-bfc6-07a3d9e96002{ip: 192.168.69.96, host: pr-hdds-1946lgncr-3764977478, networkLocation: /default-rack, certSerialId: null}029e4ca0-8cda-46b0-9d42-cc14ecee78cf{ip: 192.168.69.96, host: pr-hdds-1946lgncr-3764977478, networkLocation: /default-rack, certSerialId: null}864d677d-0c2a-4713-be84-66338b63a444{ip: 192.168.69.96, host: pr-hdds-1946lgncr-3764977478, networkLocation: /default-rack, certSerialId: null}, Type:RATIS, Factor:THREE, State:CLOSED]
2019-08-20 14:00:17,464 | INFO  | SCMAudit | user=jenkins1000 | ip=192.168.69.96 | op=SEND_HEARTBEAT {datanodeUUID=895a69ca-0d52-44fe-bfc6-07a3d9e96002, command=[]} | ret=SUCCESS |  
2019-08-20 14:00:17,664 [ForkJoinPool.commonPool-worker-1] INFO  ozoneimpl.OzoneContainer (OzoneContainer.java:stop(199)) - Attempting to stop container services.
2019-08-20 14:00:17,665 [main] INFO  ozoneimpl.OzoneContainer (OzoneContainer.java:stop(199)) - Attempting to stop container services.
2019-08-20 14:00:17,665 [ForkJoinPool.commonPool-worker-1] INFO  impl.RaftServerProxy (RaftServerProxy.java:lambda$close$4(314)) - 864d677d-0c2a-4713-be84-66338b63a444: close
2019-08-20 14:00:17,665 [main] INFO  impl.RaftServerProxy (RaftServerProxy.java:lambda$close$4(314)) - 062a344a-b078-4744-8294-3305232dae72: close
2019-08-20 14:00:17,666 [ForkJoinPool.commonPool-worker-1] INFO  impl.RaftServerImpl (RaftServerImpl.java:lambda$shutdown$3(245)) - 864d677d-0c2a-4713-be84-66338b63a444: shutdown group-3BF84C36FAFC
2019-08-20 14:00:17,666 [main] INFO  impl.RaftServerImpl (RaftServerImpl.java:lambda$shutdown$3(245)) - 062a344a-b078-4744-8294-3305232dae72: shutdown group-7E9BF105D01A
2019-08-20 14:00:17,666 [ForkJoinPool.commonPool-worker-1] INFO  util.JmxRegister (JmxRegister.java:unregister(73)) - Successfully un-registered JMX Bean with object name Ratis:service=RaftServer,group=group-3BF84C36FAFC,id=864d677d-0c2a-4713-be84-66338b63a444
2019-08-20 14:00:17,667 [main] INFO  util.JmxRegister (JmxRegister.java:unregister(73)) - Successfully un-registered JMX Bean with object name Ratis:service=RaftServer,group=group-7E9BF105D01A,id=062a344a-b078-4744-8294-3305232dae72
2019-08-20 14:00:17,667 [ForkJoinPool.commonPool-worker-1] INFO  impl.RoleInfo (RoleInfo.java:shutdownLeaderState(104)) - 864d677d-0c2a-4713-be84-66338b63a444: shutdown LeaderState
2019-08-20 14:00:17,667 [main] INFO  impl.RoleInfo (RoleInfo.java:shutdownLeaderState(104)) - 062a344a-b078-4744-8294-3305232dae72: shutdown LeaderState
2019-08-20 14:00:17,668 [ForkJoinPool.commonPool-worker-1] INFO  impl.PendingRequests (PendingRequests.java:sendNotLeaderResponses(202)) - 864d677d-0c2a-4713-be84-66338b63a444-PendingRequests: sendNotLeaderResponses
2019-08-20 14:00:17,668 [main] INFO  impl.PendingRequests (PendingRequests.java:sendNotLeaderResponses(202)) - 062a344a-b078-4744-8294-3305232dae72-PendingRequests: sendNotLeaderResponses
2019-08-20 14:00:17,668 [ForkJoinPool.commonPool-worker-1] INFO  impl.StateMachineUpdater (StateMachineUpdater.java:stopAndJoin(115)) - StateMachineUpdater:864d677d-0c2a-4713-be84-66338b63a444:group-3BF84C36FAFC: set stopIndex = 0
2019-08-20 14:00:17,669 [main] INFO  impl.StateMachineUpdater (StateMachineUpdater.java:stopAndJoin(115)) - StateMachineUpdater:062a344a-b078-4744-8294-3305232dae72:group-7E9BF105D01A: set stopIndex = 0
2019-08-20 14:00:17,669 [ForkJoinPool.commonPool-worker-1] INFO  impl.RaftServerImpl (ServerState.java:close(394)) - 864d677d-0c2a-4713-be84-66338b63a444:group-3BF84C36FAFC closes. The last applied log index is 0
2019-08-20 14:00:17,669 [main] INFO  impl.RaftServerImpl (ServerState.java:close(394)) - 062a344a-b078-4744-8294-3305232dae72:group-7E9BF105D01A closes. The last applied log index is 0
2019-08-20 14:00:17,670 [864d677d-0c2a-4713-be84-66338b63a444-SegmentedRaftLogWorker:Storage Directory /workdir/hadoop-ozone/integration-test/target/test-dir/MiniOzoneClusterImpl-d4c3f63e-79eb-48dd-b907-15aeed9be1d5/datanode-2/data/ratis/c0d68807-426f-4b5d-8896-3bf84c36fafc] INFO  segmented.SegmentedRaftLogWorker (SegmentedRaftLogWorker.java:run(313)) - 864d677d-0c2a-4713-be84-66338b63a444-SegmentedRaftLogWorker:Storage Directory /workdir/hadoop-ozone/integration-test/target/test-dir/MiniOzoneClusterImpl-d4c3f63e-79eb-48dd-b907-15aeed9be1d5/datanode-2/data/ratis/c0d68807-426f-4b5d-8896-3bf84c36fafc was interrupted, exiting. There are 0 tasks remaining in the queue.
2019-08-20 14:00:17,670 [062a344a-b078-4744-8294-3305232dae72-SegmentedRaftLogWorker:Storage Directory /workdir/hadoop-ozone/integration-test/target/test-dir/MiniOzoneClusterImpl-d4c3f63e-79eb-48dd-b907-15aeed9be1d5/datanode-6/data/ratis/174a0b4e-9d92-4094-836e-7e9bf105d01a] INFO  segmented.SegmentedRaftLogWorker (SegmentedRaftLogWorker.java:run(313)) - 062a344a-b078-4744-8294-3305232dae72-SegmentedRaftLogWorker:Storage Directory /workdir/hadoop-ozone/integration-test/target/test-dir/MiniOzoneClusterImpl-d4c3f63e-79eb-48dd-b907-15aeed9be1d5/datanode-6/data/ratis/174a0b4e-9d92-4094-836e-7e9bf105d01a was interrupted, exiting. There are 0 tasks remaining in the queue.
2019-08-20 14:00:17,674 [ForkJoinPool.commonPool-worker-1] INFO  segmented.SegmentedRaftLogWorker (SegmentedRaftLogWorker.java:close(228)) - 864d677d-0c2a-4713-be84-66338b63a444-SegmentedRaftLogWorker:Storage Directory /workdir/hadoop-ozone/integration-test/target/test-dir/MiniOzoneClusterImpl-d4c3f63e-79eb-48dd-b907-15aeed9be1d5/datanode-2/data/ratis/c0d68807-426f-4b5d-8896-3bf84c36fafc close()
2019-08-20 14:00:17,676 [main] INFO  segmented.SegmentedRaftLogWorker (SegmentedRaftLogWorker.java:close(228)) - 062a344a-b078-4744-8294-3305232dae72-SegmentedRaftLogWorker:Storage Directory /workdir/hadoop-ozone/integration-test/target/test-dir/MiniOzoneClusterImpl-d4c3f63e-79eb-48dd-b907-15aeed9be1d5/datanode-6/data/ratis/174a0b4e-9d92-4094-836e-7e9bf105d01a close()
2019-08-20 14:00:17,681 [ForkJoinPool.commonPool-worker-1] INFO  impl.RaftServerImpl (RaftServerImpl.java:lambda$shutdown$3(245)) - 864d677d-0c2a-4713-be84-66338b63a444: shutdown group-CF335F4F03B1
2019-08-20 14:00:17,686 [main] INFO  server.GrpcService (GrpcService.java:closeImpl(155)) - 062a344a-b078-4744-8294-3305232dae72: shutdown server with port 42904 now
2019-08-20 14:00:17,686 [ForkJoinPool.commonPool-worker-1] INFO  util.JmxRegister (JmxRegister.java:unregister(73)) - Successfully un-registered JMX Bean with object name Ratis:service=RaftServer,group=group-CF335F4F03B1,id=864d677d-0c2a-4713-be84-66338b63a444
2019-08-20 14:00:17,686 [main] INFO  server.GrpcService (GrpcService.java:closeImpl(163)) - 062a344a-b078-4744-8294-3305232dae72: shutdown server with port 42904 successfully
2019-08-20 14:00:17,686 [ForkJoinPool.commonPool-worker-1] INFO  impl.RoleInfo (RoleInfo.java:shutdownFollowerState(121)) - 864d677d-0c2a-4713-be84-66338b63a444: shutdown FollowerState
2019-08-20 14:00:17,688 [ForkJoinPool.commonPool-worker-1] INFO  impl.StateMachineUpdater (StateMachineUpdater.java:stopAndJoin(115)) - StateMachineUpdater:864d677d-0c2a-4713-be84-66338b63a444:group-CF335F4F03B1: set stopIndex = 18
2019-08-20 14:00:17,688 [Thread-3679] INFO  impl.FollowerState (FollowerState.java:run(114)) - 864d677d-0c2a-4713-be84-66338b63a444: FollowerState was interrupted: java.lang.InterruptedException: sleep interrupted
2019-08-20 14:00:17,688 [StateMachineUpdater:864d677d-0c2a-4713-be84-66338b63a444:group-CF335F4F03B1] INFO  ratis.ContainerStateMachine (ContainerStateMachine.java:takeSnapshot(271)) - group-CF335F4F03B1: Taking a snapshot at:(t:1, i:17) file /workdir/hadoop-ozone/integration-test/target/test-dir/MiniOzoneClusterImpl-d4c3f63e-79eb-48dd-b907-15aeed9be1d5/datanode-2/data/ratis/32056dbf-1fab-4dd8-b0fb-cf335f4f03b1/sm/snapshot.1_17
2019-08-20 14:00:17,688 [main] INFO  utils.BackgroundService (BackgroundService.java:shutdown(148)) - Shutting down service BlockDeletingService
2019-08-20 14:00:17,692 [refreshUsed-/workdir/hadoop-ozone/integration-test/target/test-dir/MiniOzoneClusterImpl-d4c3f63e-79eb-48dd-b907-15aeed9be1d5/datanode-6/data/containers] WARN  fs.CachingGetSpaceUsed (CachingGetSpaceUsed.java:run(183)) - Thread Interrupted waiting to refresh disk information: sleep interrupted
2019-08-20 14:00:17,705 [StateMachineUpdater:864d677d-0c2a-4713-be84-66338b63a444:group-CF335F4F03B1] INFO  ratis.ContainerStateMachine (ContainerStateMachine.java:takeSnapshot(282)) - group-CF335F4F03B1: Finished taking a snapshot at:(t:1, i:17) file:/workdir/hadoop-ozone/integration-test/target/test-dir/MiniOzoneClusterImpl-d4c3f63e-79eb-48dd-b907-15aeed9be1d5/datanode-2/data/ratis/32056dbf-1fab-4dd8-b0fb-cf335f4f03b1/sm/snapshot.1_17 time:17
2019-08-20 14:00:17,707 [StateMachineUpdater:864d677d-0c2a-4713-be84-66338b63a444:group-CF335F4F03B1] INFO  impl.StateMachineUpdater (StateMachineUpdater.java:takeSnapshot(242)) - StateMachineUpdater:864d677d-0c2a-4713-be84-66338b63a444:group-CF335F4F03B1: Took a snapshot at index 17
2019-08-20 14:00:17,707 [main] INFO  statemachine.DatanodeStateMachine (DatanodeStateMachine.java:stopDaemon(395)) - Ozone container server stopped.
2019-08-20 14:00:17,707 [StateMachineUpdater:864d677d-0c2a-4713-be84-66338b63a444:group-CF335F4F03B1] INFO  impl.StateMachineUpdater (StateMachineUpdater.java:lambda$new$0(80)) - StateMachineUpdater:864d677d-0c2a-4713-be84-66338b63a444:group-CF335F4F03B1: snapshotIndex: updateIncreasingly -1 -> 17
2019-08-20 14:00:17,707 [ForkJoinPool.commonPool-worker-1] INFO  impl.RaftServerImpl (ServerState.java:close(394)) - 864d677d-0c2a-4713-be84-66338b63a444:group-CF335F4F03B1 closes. The last applied log index is 18
2019-08-20 14:00:17,708 [main] INFO  handler.ContextHandler (ContextHandler.java:doStop(910)) - Stopped o.e.j.w.WebAppContext@333afc53{/,null,UNAVAILABLE}{/hddsDatanode}
2019-08-20 14:00:17,708 [864d677d-0c2a-4713-be84-66338b63a444-SegmentedRaftLogWorker:Storage Directory /workdir/hadoop-ozone/integration-test/target/test-dir/MiniOzoneClusterImpl-d4c3f63e-79eb-48dd-b907-15aeed9be1d5/datanode-2/data/ratis/32056dbf-1fab-4dd8-b0fb-cf335f4f03b1] INFO  segmented.SegmentedRaftLogWorker (SegmentedRaftLogWorker.java:run(313)) - 864d677d-0c2a-4713-be84-66338b63a444-SegmentedRaftLogWorker:Storage Directory /workdir/hadoop-ozone/integration-test/target/test-dir/MiniOzoneClusterImpl-d4c3f63e-79eb-48dd-b907-15aeed9be1d5/datanode-2/data/ratis/32056dbf-1fab-4dd8-b0fb-cf335f4f03b1 was interrupted, exiting. There are 0 tasks remaining in the queue.
2019-08-20 14:00:17,709 [ForkJoinPool.commonPool-worker-1] INFO  segmented.SegmentedRaftLogWorker (SegmentedRaftLogWorker.java:close(228)) - 864d677d-0c2a-4713-be84-66338b63a444-SegmentedRaftLogWorker:Storage Directory /workdir/hadoop-ozone/integration-test/target/test-dir/MiniOzoneClusterImpl-d4c3f63e-79eb-48dd-b907-15aeed9be1d5/datanode-2/data/ratis/32056dbf-1fab-4dd8-b0fb-cf335f4f03b1 close()
2019-08-20 14:00:17,712 [main] INFO  server.AbstractConnector (AbstractConnector.java:doStop(318)) - Stopped ServerConnector@5ea9f2f3{HTTP/1.1,[http/1.1]}{0.0.0.0:0}
2019-08-20 14:00:17,713 [ForkJoinPool.commonPool-worker-1] INFO  server.GrpcService (GrpcService.java:closeImpl(155)) - 864d677d-0c2a-4713-be84-66338b63a444: shutdown server with port 39258 now
2019-08-20 14:00:17,713 [main] INFO  handler.ContextHandler (ContextHandler.java:doStop(910)) - Stopped o.e.j.s.ServletContextHandler@1c5c0d2a{/static,jar:file:/home/user/.m2/repository/org/apache/hadoop/hadoop-hdds-container-service/0.5.0-SNAPSHOT/hadoop-hdds-container-service-0.5.0-SNAPSHOT.jar!/webapps/static,UNAVAILABLE}
2019-08-20 14:00:17,715 [main] INFO  handler.ContextHandler (ContextHandler.java:doStop(910)) - Stopped o.e.j.s.ServletContextHandler@5cdd5ff9{/logs,file:///workdir/hadoop-ozone/integration-test/target/log,UNAVAILABLE}
2019-08-20 14:00:17,715 [grpc-default-executor-7] WARN  server.GrpcLogAppender (LogUtils.java:warn(134)) - 895a69ca-0d52-44fe-bfc6-07a3d9e96002->864d677d-0c2a-4713-be84-66338b63a444: Failed appendEntries: org.apache.ratis.thirdparty.io.grpc.StatusRuntimeException: CANCELLED: HTTP/2 error code: CANCEL
Received Rst Stream
2019-08-20 14:00:17,715 [ForkJoinPool.commonPool-worker-1] INFO  server.GrpcService (GrpcService.java:closeImpl(163)) - 864d677d-0c2a-4713-be84-66338b63a444: shutdown server with port 39258 successfully
2019-08-20 14:00:17,715 [grpc-default-executor-6] WARN  server.GrpcServerProtocolService (LogUtils.java:warn(134)) - 864d677d-0c2a-4713-be84-66338b63a444: appendEntries onError: org.apache.ratis.thirdparty.io.grpc.StatusRuntimeException: CANCELLED: cancelled before receiving half close
2019-08-20 14:00:17,716 [grpc-default-executor-7] INFO  impl.FollowerInfo (FollowerInfo.java:lambda$new$0(50)) - 895a69ca-0d52-44fe-bfc6-07a3d9e96002->864d677d-0c2a-4713-be84-66338b63a444: nextIndex: updateUnconditionally 19 -> 18
2019-08-20 14:00:17,716 [main] INFO  datanode.ObjectStoreHandler (ObjectStoreHandler.java:close(155)) - Closing ObjectStoreHandler.
2019-08-20 14:00:17,717 [main] INFO  ozone.HddsDatanodeService (HddsDatanodeService.java:stop(451)) - Stopped plug-in org.apache.hadoop.ozone.web.OzoneHddsDatanodeService@4248608d
2019-08-20 14:00:17,717 [ForkJoinPool.commonPool-worker-1] INFO  utils.BackgroundService (BackgroundService.java:shutdown(148)) - Shutting down service BlockDeletingService
2019-08-20 14:00:17,721 [refreshUsed-/workdir/hadoop-ozone/integration-test/target/test-dir/MiniOzoneClusterImpl-d4c3f63e-79eb-48dd-b907-15aeed9be1d5/datanode-2/data/containers] WARN  fs.CachingGetSpaceUsed (CachingGetSpaceUsed.java:run(183)) - Thread Interrupted waiting to refresh disk information: sleep interrupted
2019-08-20 14:00:17,731 [ForkJoinPool.commonPool-worker-1] INFO  statemachine.DatanodeStateMachine (DatanodeStateMachine.java:stopDaemon(395)) - Ozone container server stopped.
2019-08-20 14:00:17,735 [ForkJoinPool.commonPool-worker-1] INFO  handler.ContextHandler (ContextHandler.java:doStop(910)) - Stopped o.e.j.w.WebAppContext@4f9191c1{/,null,UNAVAILABLE}{/hddsDatanode}
2019-08-20 14:00:17,735 [ForkJoinPool.commonPool-worker-1] INFO  server.AbstractConnector (AbstractConnector.java:doStop(318)) - Stopped ServerConnector@5bbaaf17{HTTP/1.1,[http/1.1]}{0.0.0.0:0}
2019-08-20 14:00:17,737 [ForkJoinPool.commonPool-worker-1] INFO  handler.ContextHandler (ContextHandler.java:doStop(910)) - Stopped o.e.j.s.ServletContextHandler@b42d1c8{/static,jar:file:/home/user/.m2/repository/org/apache/hadoop/hadoop-hdds-container-service/0.5.0-SNAPSHOT/hadoop-hdds-container-service-0.5.0-SNAPSHOT.jar!/webapps/static,UNAVAILABLE}
2019-08-20 14:00:17,738 [ForkJoinPool.commonPool-worker-1] INFO  handler.ContextHandler (ContextHandler.java:doStop(910)) - Stopped o.e.j.s.ServletContextHandler@5a438c0a{/logs,file:///workdir/hadoop-ozone/integration-test/target/log,UNAVAILABLE}
2019-08-20 14:00:17,739 [ForkJoinPool.commonPool-worker-1] INFO  datanode.ObjectStoreHandler (ObjectStoreHandler.java:close(155)) - Closing ObjectStoreHandler.
2019-08-20 14:00:17,739 [ForkJoinPool.commonPool-worker-1] INFO  ozone.HddsDatanodeService (HddsDatanodeService.java:stop(451)) - Stopped plug-in org.apache.hadoop.ozone.web.OzoneHddsDatanodeService@71eb4ea4
2019-08-20 14:00:17,912 [Datanode State Machine Thread - 0] INFO  statemachine.DatanodeStateMachine (DatanodeStateMachine.java:lambda$startDaemon$0(350)) - Ozone container server started.
2019-08-20 14:00:18,463 [Datanode State Machine Thread - 0] INFO  statemachine.DatanodeStateMachine (DatanodeStateMachine.java:lambda$startDaemon$0(350)) - Ozone container server started.
2019-08-20 14:00:19,441 [grpc-default-executor-7] WARN  server.GrpcLogAppender (LogUtils.java:warn(134)) - 895a69ca-0d52-44fe-bfc6-07a3d9e96002->029e4ca0-8cda-46b0-9d42-cc14ecee78cf: Failed appendEntries: org.apache.ratis.thirdparty.io.grpc.StatusRuntimeException: UNAVAILABLE: io exception
2019-08-20 14:00:19,442 [grpc-default-executor-7] INFO  impl.FollowerInfo (FollowerInfo.java:lambda$new$0(50)) - 895a69ca-0d52-44fe-bfc6-07a3d9e96002->029e4ca0-8cda-46b0-9d42-cc14ecee78cf: nextIndex: updateUnconditionally 15 -> 14
2019-08-20 14:00:19,443 [grpc-default-executor-13] WARN  server.GrpcLogAppender (LogUtils.java:warn(134)) - 895a69ca-0d52-44fe-bfc6-07a3d9e96002->864d677d-0c2a-4713-be84-66338b63a444: Failed appendEntries: org.apache.ratis.thirdparty.io.grpc.StatusRuntimeException: UNAVAILABLE: io exception
2019-08-20 14:00:19,443 [grpc-default-executor-13] INFO  impl.FollowerInfo (FollowerInfo.java:lambda$new$0(50)) - 895a69ca-0d52-44fe-bfc6-07a3d9e96002->864d677d-0c2a-4713-be84-66338b63a444: nextIndex: updateUnconditionally 18 -> 17
2019-08-20 14:00:21,914 [EventQueue-StaleNodeForStaleNodeHandler] INFO  node.StaleNodeHandler (StaleNodeHandler.java:onMessage(58)) - Datanode ee5c976b-fc81-41d2-a9c3-a7b83a5ca1a4{ip: 192.168.69.96, host: pr-hdds-1946lgncr-3764977478, networkLocation: /default-rack, certSerialId: null} moved to stale state. Finalizing its pipelines [PipelineID=bd0ac4fe-37ba-4f4e-b746-19b1c4c6b25a, PipelineID=313c7473-1e20-499b-87cd-d1f0cf6b313f]
2019-08-20 14:00:21,915 [EventQueue-StaleNodeForStaleNodeHandler] INFO  pipeline.SCMPipelineManager (SCMPipelineManager.java:finalizeAndDestroyPipeline(309)) - destroying pipeline:Pipeline[ Id: bd0ac4fe-37ba-4f4e-b746-19b1c4c6b25a, Nodes: 268dc375-fa5b-4fbf-aa95-3805ce267cde{ip: 192.168.69.96, host: pr-hdds-1946lgncr-3764977478, networkLocation: /default-rack, certSerialId: null}d0905ab9-d1e1-4c01-8e50-39a321b68c5a{ip: 192.168.69.96, host: pr-hdds-1946lgncr-3764977478, networkLocation: /default-rack, certSerialId: null}ee5c976b-fc81-41d2-a9c3-a7b83a5ca1a4{ip: 192.168.69.96, host: pr-hdds-1946lgncr-3764977478, networkLocation: /default-rack, certSerialId: null}, Type:RATIS, Factor:THREE, State:CLOSED]
2019-08-20 14:00:21,915 [EventQueue-StaleNodeForStaleNodeHandler] INFO  pipeline.SCMPipelineManager (SCMPipelineManager.java:finalizeAndDestroyPipeline(309)) - destroying pipeline:Pipeline[ Id: 313c7473-1e20-499b-87cd-d1f0cf6b313f, Nodes: ee5c976b-fc81-41d2-a9c3-a7b83a5ca1a4{ip: 192.168.69.96, host: pr-hdds-1946lgncr-3764977478, networkLocation: /default-rack, certSerialId: null}, Type:RATIS, Factor:ONE, State:OPEN]
2019-08-20 14:00:21,915 [EventQueue-StaleNodeForStaleNodeHandler] INFO  pipeline.PipelineStateManager (PipelineStateManager.java:finalizePipeline(123)) - Pipeline Pipeline[ Id: 313c7473-1e20-499b-87cd-d1f0cf6b313f, Nodes: ee5c976b-fc81-41d2-a9c3-a7b83a5ca1a4{ip: 192.168.69.96, host: pr-hdds-1946lgncr-3764977478, networkLocation: /default-rack, certSerialId: null}, Type:RATIS, Factor:ONE, State:CLOSED] moved to CLOSED state
2019-08-20 14:00:21,942 [grpc-default-executor-13] WARN  server.GrpcLogAppender (LogUtils.java:warn(134)) - 895a69ca-0d52-44fe-bfc6-07a3d9e96002->029e4ca0-8cda-46b0-9d42-cc14ecee78cf: Failed appendEntries: org.apache.ratis.thirdparty.io.grpc.StatusRuntimeException: UNAVAILABLE: io exception
2019-08-20 14:00:21,942 [grpc-default-executor-13] INFO  impl.FollowerInfo (FollowerInfo.java:lambda$new$0(50)) - 895a69ca-0d52-44fe-bfc6-07a3d9e96002->029e4ca0-8cda-46b0-9d42-cc14ecee78cf: nextIndex: updateUnconditionally 14 -> 13
2019-08-20 14:00:21,943 [grpc-default-executor-7] WARN  server.GrpcLogAppender (LogUtils.java:warn(134)) - 895a69ca-0d52-44fe-bfc6-07a3d9e96002->864d677d-0c2a-4713-be84-66338b63a444: Failed appendEntries: org.apache.ratis.thirdparty.io.grpc.StatusRuntimeException: UNAVAILABLE: io exception
2019-08-20 14:00:21,944 [grpc-default-executor-7] INFO  impl.FollowerInfo (FollowerInfo.java:lambda$new$0(50)) - 895a69ca-0d52-44fe-bfc6-07a3d9e96002->864d677d-0c2a-4713-be84-66338b63a444: nextIndex: updateUnconditionally 17 -> 16
2019-08-20 14:00:22,241 [Thread-3828] INFO  impl.FollowerState (FollowerState.java:run(106)) - ee5c976b-fc81-41d2-a9c3-a7b83a5ca1a4:group-19B1C4C6B25A changes to CANDIDATE, lastRpcTime:10098, electionTimeout:5026ms
2019-08-20 14:00:22,242 [Thread-3828] INFO  impl.RoleInfo (RoleInfo.java:shutdownFollowerState(121)) - ee5c976b-fc81-41d2-a9c3-a7b83a5ca1a4: shutdown FollowerState
2019-08-20 14:00:22,242 [Thread-3828] INFO  impl.RaftServerImpl (RaftServerImpl.java:setRole(171)) - ee5c976b-fc81-41d2-a9c3-a7b83a5ca1a4:group-19B1C4C6B25A changes role from FOLLOWER to CANDIDATE at term 2 for changeToCandidate
2019-08-20 14:00:22,242 [Thread-3828] INFO  impl.RoleInfo (RoleInfo.java:updateAndGet(143)) - ee5c976b-fc81-41d2-a9c3-a7b83a5ca1a4: start LeaderElection
2019-08-20 14:00:22,244 [ee5c976b-fc81-41d2-a9c3-a7b83a5ca1a4:group-19B1C4C6B25A:LeaderElection85] INFO  impl.RaftServerImpl (ServerState.java:setLeader(263)) - ee5c976b-fc81-41d2-a9c3-a7b83a5ca1a4:group-19B1C4C6B25A change Leader from d0905ab9-d1e1-4c01-8e50-39a321b68c5a to null at term 2 for initElection
2019-08-20 14:00:22,247 [ee5c976b-fc81-41d2-a9c3-a7b83a5ca1a4:group-19B1C4C6B25A:LeaderElection85] INFO  impl.LeaderElection (LeaderElection.java:askForVotes(181)) - ee5c976b-fc81-41d2-a9c3-a7b83a5ca1a4:group-19B1C4C6B25A:LeaderElection85: begin an election at term 3 for 16: [ee5c976b-fc81-41d2-a9c3-a7b83a5ca1a4:192.168.69.96:38471, 268dc375-fa5b-4fbf-aa95-3805ce267cde:192.168.69.96:36401, d0905ab9-d1e1-4c01-8e50-39a321b68c5a:192.168.69.96:45647], old=null
2019-08-20 14:00:22,249 [ee5c976b-fc81-41d2-a9c3-a7b83a5ca1a4:group-19B1C4C6B25A:LeaderElection85] INFO  impl.LeaderElection (LogUtils.java:infoOrTrace(149)) - ee5c976b-fc81-41d2-a9c3-a7b83a5ca1a4:group-19B1C4C6B25A:LeaderElection85 got exception when requesting votes: {}
java.util.concurrent.ExecutionException: org.apache.ratis.thirdparty.io.grpc.StatusRuntimeException: UNAVAILABLE: io exception
	at java.util.concurrent.FutureTask.report(FutureTask.java:122)
	at java.util.concurrent.FutureTask.get(FutureTask.java:192)
	at org.apache.ratis.server.impl.LeaderElection.waitForResults(LeaderElection.java:262)
	at org.apache.ratis.server.impl.LeaderElection.askForVotes(LeaderElection.java:200)
	at org.apache.ratis.server.impl.LeaderElection.run(LeaderElection.java:130)
	at java.lang.Thread.run(Thread.java:748)
Caused by: org.apache.ratis.thirdparty.io.grpc.StatusRuntimeException: UNAVAILABLE: io exception
	at org.apache.ratis.thirdparty.io.grpc.stub.ClientCalls.toStatusRuntimeException(ClientCalls.java:233)
	at org.apache.ratis.thirdparty.io.grpc.stub.ClientCalls.getUnchecked(ClientCalls.java:214)
	at org.apache.ratis.thirdparty.io.grpc.stub.ClientCalls.blockingUnaryCall(ClientCalls.java:139)
	at org.apache.ratis.proto.grpc.RaftServerProtocolServiceGrpc$RaftServerProtocolServiceBlockingStub.requestVote(RaftServerProtocolServiceGrpc.java:265)
	at org.apache.ratis.grpc.server.GrpcServerProtocolClient.requestVote(GrpcServerProtocolClient.java:83)
	at org.apache.ratis.grpc.server.GrpcService.requestVote(GrpcService.java:195)
	at org.apache.ratis.server.impl.LeaderElection.lambda$submitRequests$1(LeaderElection.java:237)
	at java.util.concurrent.FutureTask.run(FutureTask.java:266)
	at java.util.concurrent.Executors$RunnableAdapter.call(Executors.java:511)
	at java.util.concurrent.FutureTask.run(FutureTask.java:266)
	at java.util.concurrent.ThreadPoolExecutor.runWorker(ThreadPoolExecutor.java:1149)
	at java.util.concurrent.ThreadPoolExecutor$Worker.run(ThreadPoolExecutor.java:624)
	... 1 more
Caused by: org.apache.ratis.thirdparty.io.netty.channel.AbstractChannel$AnnotatedConnectException: Connection refused: /192.168.69.96:36401
	at sun.nio.ch.SocketChannelImpl.checkConnect(Native Method)
	at sun.nio.ch.SocketChannelImpl.finishConnect(SocketChannelImpl.java:717)
	at org.apache.ratis.thirdparty.io.netty.channel.socket.nio.NioSocketChannel.doFinishConnect(NioSocketChannel.java:327)
	at org.apache.ratis.thirdparty.io.netty.channel.nio.AbstractNioChannel$AbstractNioUnsafe.finishConnect(AbstractNioChannel.java:340)
	at org.apache.ratis.thirdparty.io.netty.channel.nio.NioEventLoop.processSelectedKey(NioEventLoop.java:632)
	at org.apache.ratis.thirdparty.io.netty.channel.nio.NioEventLoop.processSelectedKeysOptimized(NioEventLoop.java:579)
	at org.apache.ratis.thirdparty.io.netty.channel.nio.NioEventLoop.processSelectedKeys(NioEventLoop.java:496)
	at org.apache.ratis.thirdparty.io.netty.channel.nio.NioEventLoop.run(NioEventLoop.java:458)
	at org.apache.ratis.thirdparty.io.netty.util.concurrent.SingleThreadEventExecutor$5.run(SingleThreadEventExecutor.java:897)
	at org.apache.ratis.thirdparty.io.netty.util.concurrent.FastThreadLocalRunnable.run(FastThreadLocalRunnable.java:30)
	... 1 more
Caused by: java.net.ConnectException: Connection refused
	... 11 more
2019-08-20 14:00:22,251 [ee5c976b-fc81-41d2-a9c3-a7b83a5ca1a4:group-19B1C4C6B25A:LeaderElection85] INFO  impl.LeaderElection (LogUtils.java:infoOrTrace(149)) - ee5c976b-fc81-41d2-a9c3-a7b83a5ca1a4:group-19B1C4C6B25A:LeaderElection85 got exception when requesting votes: {}
java.util.concurrent.ExecutionException: org.apache.ratis.thirdparty.io.grpc.StatusRuntimeException: UNAVAILABLE: io exception
	at java.util.concurrent.FutureTask.report(FutureTask.java:122)
	at java.util.concurrent.FutureTask.get(FutureTask.java:192)
	at org.apache.ratis.server.impl.LeaderElection.waitForResults(LeaderElection.java:262)
	at org.apache.ratis.server.impl.LeaderElection.askForVotes(LeaderElection.java:200)
	at org.apache.ratis.server.impl.LeaderElection.run(LeaderElection.java:130)
	at java.lang.Thread.run(Thread.java:748)
Caused by: org.apache.ratis.thirdparty.io.grpc.StatusRuntimeException: UNAVAILABLE: io exception
	at org.apache.ratis.thirdparty.io.grpc.stub.ClientCalls.toStatusRuntimeException(ClientCalls.java:233)
	at org.apache.ratis.thirdparty.io.grpc.stub.ClientCalls.getUnchecked(ClientCalls.java:214)
	at org.apache.ratis.thirdparty.io.grpc.stub.ClientCalls.blockingUnaryCall(ClientCalls.java:139)
	at org.apache.ratis.proto.grpc.RaftServerProtocolServiceGrpc$RaftServerProtocolServiceBlockingStub.requestVote(RaftServerProtocolServiceGrpc.java:265)
	at org.apache.ratis.grpc.server.GrpcServerProtocolClient.requestVote(GrpcServerProtocolClient.java:83)
	at org.apache.ratis.grpc.server.GrpcService.requestVote(GrpcService.java:195)
	at org.apache.ratis.server.impl.LeaderElection.lambda$submitRequests$1(LeaderElection.java:237)
	at java.util.concurrent.FutureTask.run(FutureTask.java:266)
	at java.util.concurrent.Executors$RunnableAdapter.call(Executors.java:511)
	at java.util.concurrent.FutureTask.run(FutureTask.java:266)
	at java.util.concurrent.ThreadPoolExecutor.runWorker(ThreadPoolExecutor.java:1149)
	at java.util.concurrent.ThreadPoolExecutor$Worker.run(ThreadPoolExecutor.java:624)
	... 1 more
Caused by: org.apache.ratis.thirdparty.io.netty.channel.AbstractChannel$AnnotatedConnectException: Connection refused: /192.168.69.96:45647
	at sun.nio.ch.SocketChannelImpl.checkConnect(Native Method)
	at sun.nio.ch.SocketChannelImpl.finishConnect(SocketChannelImpl.java:717)
	at org.apache.ratis.thirdparty.io.netty.channel.socket.nio.NioSocketChannel.doFinishConnect(NioSocketChannel.java:327)
	at org.apache.ratis.thirdparty.io.netty.channel.nio.AbstractNioChannel$AbstractNioUnsafe.finishConnect(AbstractNioChannel.java:340)
	at org.apache.ratis.thirdparty.io.netty.channel.nio.NioEventLoop.processSelectedKey(NioEventLoop.java:632)
	at org.apache.ratis.thirdparty.io.netty.channel.nio.NioEventLoop.processSelectedKeysOptimized(NioEventLoop.java:579)
	at org.apache.ratis.thirdparty.io.netty.channel.nio.NioEventLoop.processSelectedKeys(NioEventLoop.java:496)
	at org.apache.ratis.thirdparty.io.netty.channel.nio.NioEventLoop.run(NioEventLoop.java:458)
	at org.apache.ratis.thirdparty.io.netty.util.concurrent.SingleThreadEventExecutor$5.run(SingleThreadEventExecutor.java:897)
	at org.apache.ratis.thirdparty.io.netty.util.concurrent.FastThreadLocalRunnable.run(FastThreadLocalRunnable.java:30)
	... 1 more
Caused by: java.net.ConnectException: Connection refused
	... 11 more
2019-08-20 14:00:22,252 [ee5c976b-fc81-41d2-a9c3-a7b83a5ca1a4:group-19B1C4C6B25A:LeaderElection85] INFO  impl.LeaderElection (LeaderElection.java:logAndReturn(56)) - ee5c976b-fc81-41d2-a9c3-a7b83a5ca1a4:group-19B1C4C6B25A:LeaderElection85: Election REJECTED; received 0 response(s) [] and 2 exception(s); ee5c976b-fc81-41d2-a9c3-a7b83a5ca1a4:t3, leader=null, voted=ee5c976b-fc81-41d2-a9c3-a7b83a5ca1a4, raftlog=ee5c976b-fc81-41d2-a9c3-a7b83a5ca1a4-SegmentedRaftLog:OPENED:c17,f17,i17, conf=16: [ee5c976b-fc81-41d2-a9c3-a7b83a5ca1a4:192.168.69.96:38471, 268dc375-fa5b-4fbf-aa95-3805ce267cde:192.168.69.96:36401, d0905ab9-d1e1-4c01-8e50-39a321b68c5a:192.168.69.96:45647], old=null
2019-08-20 14:00:22,252 [ee5c976b-fc81-41d2-a9c3-a7b83a5ca1a4:group-19B1C4C6B25A:LeaderElection85] INFO  impl.LeaderElection (LogUtils.java:infoOrTrace(149)) -   Exception 0: {}
java.util.concurrent.ExecutionException: org.apache.ratis.thirdparty.io.grpc.StatusRuntimeException: UNAVAILABLE: io exception
	at java.util.concurrent.FutureTask.report(FutureTask.java:122)
	at java.util.concurrent.FutureTask.get(FutureTask.java:192)
	at org.apache.ratis.server.impl.LeaderElection.waitForResults(LeaderElection.java:262)
	at org.apache.ratis.server.impl.LeaderElection.askForVotes(LeaderElection.java:200)
	at org.apache.ratis.server.impl.LeaderElection.run(LeaderElection.java:130)
	at java.lang.Thread.run(Thread.java:748)
Caused by: org.apache.ratis.thirdparty.io.grpc.StatusRuntimeException: UNAVAILABLE: io exception
	at org.apache.ratis.thirdparty.io.grpc.stub.ClientCalls.toStatusRuntimeException(ClientCalls.java:233)
	at org.apache.ratis.thirdparty.io.grpc.stub.ClientCalls.getUnchecked(ClientCalls.java:214)
	at org.apache.ratis.thirdparty.io.grpc.stub.ClientCalls.blockingUnaryCall(ClientCalls.java:139)
	at org.apache.ratis.proto.grpc.RaftServerProtocolServiceGrpc$RaftServerProtocolServiceBlockingStub.requestVote(RaftServerProtocolServiceGrpc.java:265)
	at org.apache.ratis.grpc.server.GrpcServerProtocolClient.requestVote(GrpcServerProtocolClient.java:83)
	at org.apache.ratis.grpc.server.GrpcService.requestVote(GrpcService.java:195)
	at org.apache.ratis.server.impl.LeaderElection.lambda$submitRequests$1(LeaderElection.java:237)
	at java.util.concurrent.FutureTask.run(FutureTask.java:266)
	at java.util.concurrent.Executors$RunnableAdapter.call(Executors.java:511)
	at java.util.concurrent.FutureTask.run(FutureTask.java:266)
	at java.util.concurrent.ThreadPoolExecutor.runWorker(ThreadPoolExecutor.java:1149)
	at java.util.concurrent.ThreadPoolExecutor$Worker.run(ThreadPoolExecutor.java:624)
	... 1 more
Caused by: org.apache.ratis.thirdparty.io.netty.channel.AbstractChannel$AnnotatedConnectException: Connection refused: /192.168.69.96:36401
	at sun.nio.ch.SocketChannelImpl.checkConnect(Native Method)
	at sun.nio.ch.SocketChannelImpl.finishConnect(SocketChannelImpl.java:717)
	at org.apache.ratis.thirdparty.io.netty.channel.socket.nio.NioSocketChannel.doFinishConnect(NioSocketChannel.java:327)
	at org.apache.ratis.thirdparty.io.netty.channel.nio.AbstractNioChannel$AbstractNioUnsafe.finishConnect(AbstractNioChannel.java:340)
	at org.apache.ratis.thirdparty.io.netty.channel.nio.NioEventLoop.processSelectedKey(NioEventLoop.java:632)
	at org.apache.ratis.thirdparty.io.netty.channel.nio.NioEventLoop.processSelectedKeysOptimized(NioEventLoop.java:579)
	at org.apache.ratis.thirdparty.io.netty.channel.nio.NioEventLoop.processSelectedKeys(NioEventLoop.java:496)
	at org.apache.ratis.thirdparty.io.netty.channel.nio.NioEventLoop.run(NioEventLoop.java:458)
	at org.apache.ratis.thirdparty.io.netty.util.concurrent.SingleThreadEventExecutor$5.run(SingleThreadEventExecutor.java:897)
	at org.apache.ratis.thirdparty.io.netty.util.concurrent.FastThreadLocalRunnable.run(FastThreadLocalRunnable.java:30)
	... 1 more
Caused by: java.net.ConnectException: Connection refused
	... 11 more
2019-08-20 14:00:22,252 [ee5c976b-fc81-41d2-a9c3-a7b83a5ca1a4:group-19B1C4C6B25A:LeaderElection85] INFO  impl.LeaderElection (LogUtils.java:infoOrTrace(149)) -   Exception 1: {}
java.util.concurrent.ExecutionException: org.apache.ratis.thirdparty.io.grpc.StatusRuntimeException: UNAVAILABLE: io exception
	at java.util.concurrent.FutureTask.report(FutureTask.java:122)
	at java.util.concurrent.FutureTask.get(FutureTask.java:192)
	at org.apache.ratis.server.impl.LeaderElection.waitForResults(LeaderElection.java:262)
	at org.apache.ratis.server.impl.LeaderElection.askForVotes(LeaderElection.java:200)
	at org.apache.ratis.server.impl.LeaderElection.run(LeaderElection.java:130)
	at java.lang.Thread.run(Thread.java:748)
Caused by: org.apache.ratis.thirdparty.io.grpc.StatusRuntimeException: UNAVAILABLE: io exception
	at org.apache.ratis.thirdparty.io.grpc.stub.ClientCalls.toStatusRuntimeException(ClientCalls.java:233)
	at org.apache.ratis.thirdparty.io.grpc.stub.ClientCalls.getUnchecked(ClientCalls.java:214)
	at org.apache.ratis.thirdparty.io.grpc.stub.ClientCalls.blockingUnaryCall(ClientCalls.java:139)
	at org.apache.ratis.proto.grpc.RaftServerProtocolServiceGrpc$RaftServerProtocolServiceBlockingStub.requestVote(RaftServerProtocolServiceGrpc.java:265)
	at org.apache.ratis.grpc.server.GrpcServerProtocolClient.requestVote(GrpcServerProtocolClient.java:83)
	at org.apache.ratis.grpc.server.GrpcService.requestVote(GrpcService.java:195)
	at org.apache.ratis.server.impl.LeaderElection.lambda$submitRequests$1(LeaderElection.java:237)
	at java.util.concurrent.FutureTask.run(FutureTask.java:266)
	at java.util.concurrent.Executors$RunnableAdapter.call(Executors.java:511)
	at java.util.concurrent.FutureTask.run(FutureTask.java:266)
	at java.util.concurrent.ThreadPoolExecutor.runWorker(ThreadPoolExecutor.java:1149)
	at java.util.concurrent.ThreadPoolExecutor$Worker.run(ThreadPoolExecutor.java:624)
	... 1 more
Caused by: org.apache.ratis.thirdparty.io.netty.channel.AbstractChannel$AnnotatedConnectException: Connection refused: /192.168.69.96:45647
	at sun.nio.ch.SocketChannelImpl.checkConnect(Native Method)
	at sun.nio.ch.SocketChannelImpl.finishConnect(SocketChannelImpl.java:717)
	at org.apache.ratis.thirdparty.io.netty.channel.socket.nio.NioSocketChannel.doFinishConnect(NioSocketChannel.java:327)
	at org.apache.ratis.thirdparty.io.netty.channel.nio.AbstractNioChannel$AbstractNioUnsafe.finishConnect(AbstractNioChannel.java:340)
	at org.apache.ratis.thirdparty.io.netty.channel.nio.NioEventLoop.processSelectedKey(NioEventLoop.java:632)
	at org.apache.ratis.thirdparty.io.netty.channel.nio.NioEventLoop.processSelectedKeysOptimized(NioEventLoop.java:579)
	at org.apache.ratis.thirdparty.io.netty.channel.nio.NioEventLoop.processSelectedKeys(NioEventLoop.java:496)
	at org.apache.ratis.thirdparty.io.netty.channel.nio.NioEventLoop.run(NioEventLoop.java:458)
	at org.apache.ratis.thirdparty.io.netty.util.concurrent.SingleThreadEventExecutor$5.run(SingleThreadEventExecutor.java:897)
	at org.apache.ratis.thirdparty.io.netty.util.concurrent.FastThreadLocalRunnable.run(FastThreadLocalRunnable.java:30)
	... 1 more
Caused by: java.net.ConnectException: Connection refused
	... 11 more
2019-08-20 14:00:22,253 [ee5c976b-fc81-41d2-a9c3-a7b83a5ca1a4:group-19B1C4C6B25A:LeaderElection85] INFO  impl.RaftServerImpl (RaftServerImpl.java:setRole(171)) - ee5c976b-fc81-41d2-a9c3-a7b83a5ca1a4:group-19B1C4C6B25A changes role from CANDIDATE to FOLLOWER at term 3 for DISCOVERED_A_NEW_TERM
2019-08-20 14:00:22,253 [ee5c976b-fc81-41d2-a9c3-a7b83a5ca1a4:group-19B1C4C6B25A:LeaderElection85] INFO  impl.RoleInfo (RoleInfo.java:shutdownLeaderElection(134)) - ee5c976b-fc81-41d2-a9c3-a7b83a5ca1a4: shutdown LeaderElection
2019-08-20 14:00:22,253 [ee5c976b-fc81-41d2-a9c3-a7b83a5ca1a4:group-19B1C4C6B25A:LeaderElection85] INFO  impl.RoleInfo (RoleInfo.java:updateAndGet(143)) - ee5c976b-fc81-41d2-a9c3-a7b83a5ca1a4: start FollowerState
2019-08-20 14:00:22,515 [EventQueue-StaleNodeForStaleNodeHandler] INFO  node.StaleNodeHandler (StaleNodeHandler.java:onMessage(58)) - Datanode 895a69ca-0d52-44fe-bfc6-07a3d9e96002{ip: 192.168.69.96, host: pr-hdds-1946lgncr-3764977478, networkLocation: /default-rack, certSerialId: null} moved to stale state. Finalizing its pipelines [PipelineID=54f8b00c-6ec1-48ee-8dfe-3f11b31d4b20, PipelineID=32056dbf-1fab-4dd8-b0fb-cf335f4f03b1]
2019-08-20 14:00:22,515 [EventQueue-StaleNodeForStaleNodeHandler] INFO  pipeline.SCMPipelineManager (SCMPipelineManager.java:finalizeAndDestroyPipeline(309)) - destroying pipeline:Pipeline[ Id: 54f8b00c-6ec1-48ee-8dfe-3f11b31d4b20, Nodes: 895a69ca-0d52-44fe-bfc6-07a3d9e96002{ip: 192.168.69.96, host: pr-hdds-1946lgncr-3764977478, networkLocation: /default-rack, certSerialId: null}, Type:RATIS, Factor:ONE, State:OPEN]
2019-08-20 14:00:22,516 [EventQueue-StaleNodeForStaleNodeHandler] INFO  pipeline.PipelineStateManager (PipelineStateManager.java:finalizePipeline(123)) - Pipeline Pipeline[ Id: 54f8b00c-6ec1-48ee-8dfe-3f11b31d4b20, Nodes: 895a69ca-0d52-44fe-bfc6-07a3d9e96002{ip: 192.168.69.96, host: pr-hdds-1946lgncr-3764977478, networkLocation: /default-rack, certSerialId: null}, Type:RATIS, Factor:ONE, State:CLOSED] moved to CLOSED state
2019-08-20 14:00:22,516 [EventQueue-StaleNodeForStaleNodeHandler] INFO  pipeline.SCMPipelineManager (SCMPipelineManager.java:finalizeAndDestroyPipeline(309)) - destroying pipeline:Pipeline[ Id: 32056dbf-1fab-4dd8-b0fb-cf335f4f03b1, Nodes: 895a69ca-0d52-44fe-bfc6-07a3d9e96002{ip: 192.168.69.96, host: pr-hdds-1946lgncr-3764977478, networkLocation: /default-rack, certSerialId: null}029e4ca0-8cda-46b0-9d42-cc14ecee78cf{ip: 192.168.69.96, host: pr-hdds-1946lgncr-3764977478, networkLocation: /default-rack, certSerialId: null}864d677d-0c2a-4713-be84-66338b63a444{ip: 192.168.69.96, host: pr-hdds-1946lgncr-3764977478, networkLocation: /default-rack, certSerialId: null}, Type:RATIS, Factor:THREE, State:CLOSED]
2019-08-20 14:00:22,718 [main] INFO  ozoneimpl.OzoneContainer (OzoneContainer.java:stop(199)) - Attempting to stop container services.
2019-08-20 14:00:22,718 [main] INFO  impl.RaftServerProxy (RaftServerProxy.java:lambda$close$4(314)) - ee5c976b-fc81-41d2-a9c3-a7b83a5ca1a4: close
2019-08-20 14:00:22,719 [main] INFO  impl.RaftServerImpl (RaftServerImpl.java:lambda$shutdown$3(245)) - ee5c976b-fc81-41d2-a9c3-a7b83a5ca1a4: shutdown group-19B1C4C6B25A
2019-08-20 14:00:22,719 [main] INFO  util.JmxRegister (JmxRegister.java:unregister(73)) - Successfully un-registered JMX Bean with object name Ratis:service=RaftServer,group=group-19B1C4C6B25A,id=ee5c976b-fc81-41d2-a9c3-a7b83a5ca1a4
2019-08-20 14:00:22,719 [main] INFO  impl.RoleInfo (RoleInfo.java:shutdownFollowerState(121)) - ee5c976b-fc81-41d2-a9c3-a7b83a5ca1a4: shutdown FollowerState
2019-08-20 14:00:22,719 [main] INFO  impl.StateMachineUpdater (StateMachineUpdater.java:stopAndJoin(115)) - StateMachineUpdater:ee5c976b-fc81-41d2-a9c3-a7b83a5ca1a4:group-19B1C4C6B25A: set stopIndex = 17
2019-08-20 14:00:22,719 [StateMachineUpdater:ee5c976b-fc81-41d2-a9c3-a7b83a5ca1a4:group-19B1C4C6B25A] INFO  ratis.ContainerStateMachine (ContainerStateMachine.java:takeSnapshot(271)) - group-19B1C4C6B25A: Taking a snapshot at:(t:1, i:13) file /workdir/hadoop-ozone/integration-test/target/test-dir/MiniOzoneClusterImpl-d4c3f63e-79eb-48dd-b907-15aeed9be1d5/datanode-5/data/ratis/bd0ac4fe-37ba-4f4e-b746-19b1c4c6b25a/sm/snapshot.1_13
2019-08-20 14:00:22,719 [Thread-3914] INFO  impl.FollowerState (FollowerState.java:run(114)) - ee5c976b-fc81-41d2-a9c3-a7b83a5ca1a4: FollowerState was interrupted: java.lang.InterruptedException: sleep interrupted
2019-08-20 14:00:22,730 [StateMachineUpdater:ee5c976b-fc81-41d2-a9c3-a7b83a5ca1a4:group-19B1C4C6B25A] INFO  ratis.ContainerStateMachine (ContainerStateMachine.java:takeSnapshot(282)) - group-19B1C4C6B25A: Finished taking a snapshot at:(t:1, i:13) file:/workdir/hadoop-ozone/integration-test/target/test-dir/MiniOzoneClusterImpl-d4c3f63e-79eb-48dd-b907-15aeed9be1d5/datanode-5/data/ratis/bd0ac4fe-37ba-4f4e-b746-19b1c4c6b25a/sm/snapshot.1_13 time:11
2019-08-20 14:00:22,730 [StateMachineUpdater:ee5c976b-fc81-41d2-a9c3-a7b83a5ca1a4:group-19B1C4C6B25A] INFO  impl.StateMachineUpdater (StateMachineUpdater.java:takeSnapshot(242)) - StateMachineUpdater:ee5c976b-fc81-41d2-a9c3-a7b83a5ca1a4:group-19B1C4C6B25A: Took a snapshot at index 13
2019-08-20 14:00:22,730 [StateMachineUpdater:ee5c976b-fc81-41d2-a9c3-a7b83a5ca1a4:group-19B1C4C6B25A] INFO  impl.StateMachineUpdater (StateMachineUpdater.java:lambda$new$0(80)) - StateMachineUpdater:ee5c976b-fc81-41d2-a9c3-a7b83a5ca1a4:group-19B1C4C6B25A: snapshotIndex: updateIncreasingly -1 -> 13
2019-08-20 14:00:22,731 [main] INFO  impl.RaftServerImpl (ServerState.java:close(394)) - ee5c976b-fc81-41d2-a9c3-a7b83a5ca1a4:group-19B1C4C6B25A closes. The last applied log index is 17
2019-08-20 14:00:22,731 [ee5c976b-fc81-41d2-a9c3-a7b83a5ca1a4-SegmentedRaftLogWorker:Storage Directory /workdir/hadoop-ozone/integration-test/target/test-dir/MiniOzoneClusterImpl-d4c3f63e-79eb-48dd-b907-15aeed9be1d5/datanode-5/data/ratis/bd0ac4fe-37ba-4f4e-b746-19b1c4c6b25a] INFO  segmented.SegmentedRaftLogWorker (SegmentedRaftLogWorker.java:run(313)) - ee5c976b-fc81-41d2-a9c3-a7b83a5ca1a4-SegmentedRaftLogWorker:Storage Directory /workdir/hadoop-ozone/integration-test/target/test-dir/MiniOzoneClusterImpl-d4c3f63e-79eb-48dd-b907-15aeed9be1d5/datanode-5/data/ratis/bd0ac4fe-37ba-4f4e-b746-19b1c4c6b25a was interrupted, exiting. There are 0 tasks remaining in the queue.
2019-08-20 14:00:22,736 [main] INFO  segmented.SegmentedRaftLogWorker (SegmentedRaftLogWorker.java:close(228)) - ee5c976b-fc81-41d2-a9c3-a7b83a5ca1a4-SegmentedRaftLogWorker:Storage Directory /workdir/hadoop-ozone/integration-test/target/test-dir/MiniOzoneClusterImpl-d4c3f63e-79eb-48dd-b907-15aeed9be1d5/datanode-5/data/ratis/bd0ac4fe-37ba-4f4e-b746-19b1c4c6b25a close()
2019-08-20 14:00:22,737 [main] INFO  impl.RaftServerImpl (RaftServerImpl.java:lambda$shutdown$3(245)) - ee5c976b-fc81-41d2-a9c3-a7b83a5ca1a4: shutdown group-D1F0CF6B313F
2019-08-20 14:00:22,738 [main] INFO  util.JmxRegister (JmxRegister.java:unregister(73)) - Successfully un-registered JMX Bean with object name Ratis:service=RaftServer,group=group-D1F0CF6B313F,id=ee5c976b-fc81-41d2-a9c3-a7b83a5ca1a4
2019-08-20 14:00:22,738 [main] INFO  impl.RoleInfo (RoleInfo.java:shutdownLeaderState(104)) - ee5c976b-fc81-41d2-a9c3-a7b83a5ca1a4: shutdown LeaderState
2019-08-20 14:00:22,739 [main] INFO  impl.PendingRequests (PendingRequests.java:sendNotLeaderResponses(202)) - ee5c976b-fc81-41d2-a9c3-a7b83a5ca1a4-PendingRequests: sendNotLeaderResponses
2019-08-20 14:00:22,739 [main] INFO  impl.StateMachineUpdater (StateMachineUpdater.java:stopAndJoin(115)) - StateMachineUpdater:ee5c976b-fc81-41d2-a9c3-a7b83a5ca1a4:group-D1F0CF6B313F: set stopIndex = 0
2019-08-20 14:00:22,739 [main] INFO  impl.RaftServerImpl (ServerState.java:close(394)) - ee5c976b-fc81-41d2-a9c3-a7b83a5ca1a4:group-D1F0CF6B313F closes. The last applied log index is 0
2019-08-20 14:00:22,740 [ForkJoinPool.commonPool-worker-1] INFO  ozoneimpl.OzoneContainer (OzoneContainer.java:stop(199)) - Attempting to stop container services.
2019-08-20 14:00:22,740 [ee5c976b-fc81-41d2-a9c3-a7b83a5ca1a4-SegmentedRaftLogWorker:Storage Directory /workdir/hadoop-ozone/integration-test/target/test-dir/MiniOzoneClusterImpl-d4c3f63e-79eb-48dd-b907-15aeed9be1d5/datanode-5/data/ratis/313c7473-1e20-499b-87cd-d1f0cf6b313f] INFO  segmented.SegmentedRaftLogWorker (SegmentedRaftLogWorker.java:run(313)) - ee5c976b-fc81-41d2-a9c3-a7b83a5ca1a4-SegmentedRaftLogWorker:Storage Directory /workdir/hadoop-ozone/integration-test/target/test-dir/MiniOzoneClusterImpl-d4c3f63e-79eb-48dd-b907-15aeed9be1d5/datanode-5/data/ratis/313c7473-1e20-499b-87cd-d1f0cf6b313f was interrupted, exiting. There are 0 tasks remaining in the queue.
2019-08-20 14:00:22,740 [main] INFO  segmented.SegmentedRaftLogWorker (SegmentedRaftLogWorker.java:close(228)) - ee5c976b-fc81-41d2-a9c3-a7b83a5ca1a4-SegmentedRaftLogWorker:Storage Directory /workdir/hadoop-ozone/integration-test/target/test-dir/MiniOzoneClusterImpl-d4c3f63e-79eb-48dd-b907-15aeed9be1d5/datanode-5/data/ratis/313c7473-1e20-499b-87cd-d1f0cf6b313f close()
2019-08-20 14:00:22,745 [main] INFO  server.GrpcService (GrpcService.java:closeImpl(155)) - ee5c976b-fc81-41d2-a9c3-a7b83a5ca1a4: shutdown server with port 38471 now
2019-08-20 14:00:22,745 [ForkJoinPool.commonPool-worker-1] INFO  impl.RaftServerProxy (RaftServerProxy.java:lambda$close$4(314)) - 895a69ca-0d52-44fe-bfc6-07a3d9e96002: close
2019-08-20 14:00:22,745 [main] INFO  server.GrpcService (GrpcService.java:closeImpl(163)) - ee5c976b-fc81-41d2-a9c3-a7b83a5ca1a4: shutdown server with port 38471 successfully
2019-08-20 14:00:22,745 [ForkJoinPool.commonPool-worker-1] INFO  impl.RaftServerImpl (RaftServerImpl.java:lambda$shutdown$3(245)) - 895a69ca-0d52-44fe-bfc6-07a3d9e96002: shutdown group-3F11B31D4B20
2019-08-20 14:00:22,746 [ForkJoinPool.commonPool-worker-1] INFO  util.JmxRegister (JmxRegister.java:unregister(73)) - Successfully un-registered JMX Bean with object name Ratis:service=RaftServer,group=group-3F11B31D4B20,id=895a69ca-0d52-44fe-bfc6-07a3d9e96002
2019-08-20 14:00:22,746 [ForkJoinPool.commonPool-worker-1] INFO  impl.RoleInfo (RoleInfo.java:shutdownLeaderState(104)) - 895a69ca-0d52-44fe-bfc6-07a3d9e96002: shutdown LeaderState
2019-08-20 14:00:22,746 [ForkJoinPool.commonPool-worker-1] INFO  impl.PendingRequests (PendingRequests.java:sendNotLeaderResponses(202)) - 895a69ca-0d52-44fe-bfc6-07a3d9e96002-PendingRequests: sendNotLeaderResponses
2019-08-20 14:00:22,747 [ForkJoinPool.commonPool-worker-1] INFO  impl.StateMachineUpdater (StateMachineUpdater.java:stopAndJoin(115)) - StateMachineUpdater:895a69ca-0d52-44fe-bfc6-07a3d9e96002:group-3F11B31D4B20: set stopIndex = 0
2019-08-20 14:00:22,747 [ForkJoinPool.commonPool-worker-1] INFO  impl.RaftServerImpl (ServerState.java:close(394)) - 895a69ca-0d52-44fe-bfc6-07a3d9e96002:group-3F11B31D4B20 closes. The last applied log index is 0
2019-08-20 14:00:22,747 [main] INFO  utils.BackgroundService (BackgroundService.java:shutdown(148)) - Shutting down service BlockDeletingService
2019-08-20 14:00:22,747 [895a69ca-0d52-44fe-bfc6-07a3d9e96002-SegmentedRaftLogWorker:Storage Directory /workdir/hadoop-ozone/integration-test/target/test-dir/MiniOzoneClusterImpl-d4c3f63e-79eb-48dd-b907-15aeed9be1d5/datanode-0/data/ratis/54f8b00c-6ec1-48ee-8dfe-3f11b31d4b20] INFO  segmented.SegmentedRaftLogWorker (SegmentedRaftLogWorker.java:run(313)) - 895a69ca-0d52-44fe-bfc6-07a3d9e96002-SegmentedRaftLogWorker:Storage Directory /workdir/hadoop-ozone/integration-test/target/test-dir/MiniOzoneClusterImpl-d4c3f63e-79eb-48dd-b907-15aeed9be1d5/datanode-0/data/ratis/54f8b00c-6ec1-48ee-8dfe-3f11b31d4b20 was interrupted, exiting. There are 0 tasks remaining in the queue.
2019-08-20 14:00:22,748 [ForkJoinPool.commonPool-worker-1] INFO  segmented.SegmentedRaftLogWorker (SegmentedRaftLogWorker.java:close(228)) - 895a69ca-0d52-44fe-bfc6-07a3d9e96002-SegmentedRaftLogWorker:Storage Directory /workdir/hadoop-ozone/integration-test/target/test-dir/MiniOzoneClusterImpl-d4c3f63e-79eb-48dd-b907-15aeed9be1d5/datanode-0/data/ratis/54f8b00c-6ec1-48ee-8dfe-3f11b31d4b20 close()
2019-08-20 14:00:22,749 [ForkJoinPool.commonPool-worker-1] INFO  impl.RaftServerImpl (RaftServerImpl.java:lambda$shutdown$3(245)) - 895a69ca-0d52-44fe-bfc6-07a3d9e96002: shutdown group-CF335F4F03B1
2019-08-20 14:00:22,750 [ForkJoinPool.commonPool-worker-1] INFO  util.JmxRegister (JmxRegister.java:unregister(73)) - Successfully un-registered JMX Bean with object name Ratis:service=RaftServer,group=group-CF335F4F03B1,id=895a69ca-0d52-44fe-bfc6-07a3d9e96002
2019-08-20 14:00:22,750 [ForkJoinPool.commonPool-worker-1] INFO  impl.RoleInfo (RoleInfo.java:shutdownLeaderState(104)) - 895a69ca-0d52-44fe-bfc6-07a3d9e96002: shutdown LeaderState
2019-08-20 14:00:22,750 [refreshUsed-/workdir/hadoop-ozone/integration-test/target/test-dir/MiniOzoneClusterImpl-d4c3f63e-79eb-48dd-b907-15aeed9be1d5/datanode-5/data/containers] WARN  fs.CachingGetSpaceUsed (CachingGetSpaceUsed.java:run(183)) - Thread Interrupted waiting to refresh disk information: sleep interrupted
2019-08-20 14:00:22,752 [org.apache.ratis.server.impl.LogAppender$AppenderDaemon$$Lambda$619/281366267@23b77bf6] WARN  server.GrpcLogAppender (GrpcLogAppender.java:mayWait(143)) - GrpcLogAppender(895a69ca-0d52-44fe-bfc6-07a3d9e96002->029e4ca0-8cda-46b0-9d42-cc14ecee78cf): Wait interrupted by java.lang.InterruptedException
2019-08-20 14:00:22,752 [org.apache.ratis.server.impl.LogAppender$AppenderDaemon$$Lambda$619/281366267@66b5e944] WARN  server.GrpcLogAppender (GrpcLogAppender.java:mayWait(143)) - GrpcLogAppender(895a69ca-0d52-44fe-bfc6-07a3d9e96002->864d677d-0c2a-4713-be84-66338b63a444): Wait interrupted by java.lang.InterruptedException
2019-08-20 14:00:22,752 [ForkJoinPool.commonPool-worker-1] INFO  impl.PendingRequests (PendingRequests.java:sendNotLeaderResponses(202)) - 895a69ca-0d52-44fe-bfc6-07a3d9e96002-PendingRequests: sendNotLeaderResponses
2019-08-20 14:00:22,755 [ForkJoinPool.commonPool-worker-1] INFO  impl.StateMachineUpdater (StateMachineUpdater.java:stopAndJoin(115)) - StateMachineUpdater:895a69ca-0d52-44fe-bfc6-07a3d9e96002:group-CF335F4F03B1: set stopIndex = 18
2019-08-20 14:00:22,755 [StateMachineUpdater:895a69ca-0d52-44fe-bfc6-07a3d9e96002:group-CF335F4F03B1] INFO  ratis.ContainerStateMachine (ContainerStateMachine.java:takeSnapshot(271)) - group-CF335F4F03B1: Taking a snapshot at:(t:1, i:18) file /workdir/hadoop-ozone/integration-test/target/test-dir/MiniOzoneClusterImpl-d4c3f63e-79eb-48dd-b907-15aeed9be1d5/datanode-0/data/ratis/32056dbf-1fab-4dd8-b0fb-cf335f4f03b1/sm/snapshot.1_18
2019-08-20 14:00:22,758 [StateMachineUpdater:895a69ca-0d52-44fe-bfc6-07a3d9e96002:group-CF335F4F03B1] INFO  ratis.ContainerStateMachine (ContainerStateMachine.java:takeSnapshot(282)) - group-CF335F4F03B1: Finished taking a snapshot at:(t:1, i:18) file:/workdir/hadoop-ozone/integration-test/target/test-dir/MiniOzoneClusterImpl-d4c3f63e-79eb-48dd-b907-15aeed9be1d5/datanode-0/data/ratis/32056dbf-1fab-4dd8-b0fb-cf335f4f03b1/sm/snapshot.1_18 time:3
2019-08-20 14:00:22,758 [StateMachineUpdater:895a69ca-0d52-44fe-bfc6-07a3d9e96002:group-CF335F4F03B1] INFO  impl.StateMachineUpdater (StateMachineUpdater.java:takeSnapshot(242)) - StateMachineUpdater:895a69ca-0d52-44fe-bfc6-07a3d9e96002:group-CF335F4F03B1: Took a snapshot at index 18
2019-08-20 14:00:22,758 [StateMachineUpdater:895a69ca-0d52-44fe-bfc6-07a3d9e96002:group-CF335F4F03B1] INFO  impl.StateMachineUpdater (StateMachineUpdater.java:lambda$new$0(80)) - StateMachineUpdater:895a69ca-0d52-44fe-bfc6-07a3d9e96002:group-CF335F4F03B1: snapshotIndex: updateIncreasingly -1 -> 18
2019-08-20 14:00:22,758 [ForkJoinPool.commonPool-worker-1] INFO  impl.RaftServerImpl (ServerState.java:close(394)) - 895a69ca-0d52-44fe-bfc6-07a3d9e96002:group-CF335F4F03B1 closes. The last applied log index is 18
2019-08-20 14:00:22,759 [895a69ca-0d52-44fe-bfc6-07a3d9e96002-SegmentedRaftLogWorker:Storage Directory /workdir/hadoop-ozone/integration-test/target/test-dir/MiniOzoneClusterImpl-d4c3f63e-79eb-48dd-b907-15aeed9be1d5/datanode-0/data/ratis/32056dbf-1fab-4dd8-b0fb-cf335f4f03b1] INFO  segmented.SegmentedRaftLogWorker (SegmentedRaftLogWorker.java:run(313)) - 895a69ca-0d52-44fe-bfc6-07a3d9e96002-SegmentedRaftLogWorker:Storage Directory /workdir/hadoop-ozone/integration-test/target/test-dir/MiniOzoneClusterImpl-d4c3f63e-79eb-48dd-b907-15aeed9be1d5/datanode-0/data/ratis/32056dbf-1fab-4dd8-b0fb-cf335f4f03b1 was interrupted, exiting. There are 0 tasks remaining in the queue.
2019-08-20 14:00:22,759 [ForkJoinPool.commonPool-worker-1] INFO  segmented.SegmentedRaftLogWorker (SegmentedRaftLogWorker.java:close(228)) - 895a69ca-0d52-44fe-bfc6-07a3d9e96002-SegmentedRaftLogWorker:Storage Directory /workdir/hadoop-ozone/integration-test/target/test-dir/MiniOzoneClusterImpl-d4c3f63e-79eb-48dd-b907-15aeed9be1d5/datanode-0/data/ratis/32056dbf-1fab-4dd8-b0fb-cf335f4f03b1 close()
2019-08-20 14:00:22,760 [ForkJoinPool.commonPool-worker-1] INFO  server.GrpcService (GrpcService.java:closeImpl(155)) - 895a69ca-0d52-44fe-bfc6-07a3d9e96002: shutdown server with port 41972 now
2019-08-20 14:00:22,761 [grpc-default-executor-6] WARN  client.GrpcClientProtocolService (LogUtils.java:warn(134)) - 1-UnorderedRequestStreamObserver1: onError: org.apache.ratis.thirdparty.io.grpc.StatusRuntimeException: CANCELLED: cancelled before receiving half close
2019-08-20 14:00:22,761 [ForkJoinPool.commonPool-worker-1] INFO  server.GrpcService (GrpcService.java:closeImpl(163)) - 895a69ca-0d52-44fe-bfc6-07a3d9e96002: shutdown server with port 41972 successfully
2019-08-20 14:00:22,762 [ForkJoinPool.commonPool-worker-1] INFO  utils.BackgroundService (BackgroundService.java:shutdown(148)) - Shutting down service BlockDeletingService
2019-08-20 14:00:22,763 [refreshUsed-/workdir/hadoop-ozone/integration-test/target/test-dir/MiniOzoneClusterImpl-d4c3f63e-79eb-48dd-b907-15aeed9be1d5/datanode-0/data/containers] WARN  fs.CachingGetSpaceUsed (CachingGetSpaceUsed.java:run(183)) - Thread Interrupted waiting to refresh disk information: sleep interrupted
2019-08-20 14:00:22,770 [main] INFO  statemachine.DatanodeStateMachine (DatanodeStateMachine.java:stopDaemon(395)) - Ozone container server stopped.
2019-08-20 14:00:22,771 [main] INFO  handler.ContextHandler (ContextHandler.java:doStop(910)) - Stopped o.e.j.w.WebAppContext@347074a9{/,null,UNAVAILABLE}{/hddsDatanode}
2019-08-20 14:00:22,772 [main] INFO  server.AbstractConnector (AbstractConnector.java:doStop(318)) - Stopped ServerConnector@136d1d58{HTTP/1.1,[http/1.1]}{0.0.0.0:0}
2019-08-20 14:00:22,772 [main] INFO  handler.ContextHandler (ContextHandler.java:doStop(910)) - Stopped o.e.j.s.ServletContextHandler@5ce593bc{/static,jar:file:/home/user/.m2/repository/org/apache/hadoop/hadoop-hdds-container-service/0.5.0-SNAPSHOT/hadoop-hdds-container-service-0.5.0-SNAPSHOT.jar!/webapps/static,UNAVAILABLE}
2019-08-20 14:00:22,772 [main] INFO  handler.ContextHandler (ContextHandler.java:doStop(910)) - Stopped o.e.j.s.ServletContextHandler@17179a7e{/logs,file:///workdir/hadoop-ozone/integration-test/target/log,UNAVAILABLE}
2019-08-20 14:00:22,781 [ForkJoinPool.commonPool-worker-1] INFO  statemachine.DatanodeStateMachine (DatanodeStateMachine.java:stopDaemon(395)) - Ozone container server stopped.
2019-08-20 14:00:22,784 [ForkJoinPool.commonPool-worker-1] INFO  handler.ContextHandler (ContextHandler.java:doStop(910)) - Stopped o.e.j.w.WebAppContext@77732366{/,null,UNAVAILABLE}{/hddsDatanode}
2019-08-20 14:00:22,785 [ForkJoinPool.commonPool-worker-1] INFO  server.AbstractConnector (AbstractConnector.java:doStop(318)) - Stopped ServerConnector@7c046af{HTTP/1.1,[http/1.1]}{0.0.0.0:0}
2019-08-20 14:00:22,787 [ForkJoinPool.commonPool-worker-1] INFO  handler.ContextHandler (ContextHandler.java:doStop(910)) - Stopped o.e.j.s.ServletContextHandler@60f70c9e{/static,jar:file:/home/user/.m2/repository/org/apache/hadoop/hadoop-hdds-container-service/0.5.0-SNAPSHOT/hadoop-hdds-container-service-0.5.0-SNAPSHOT.jar!/webapps/static,UNAVAILABLE}
2019-08-20 14:00:22,788 [ForkJoinPool.commonPool-worker-1] INFO  handler.ContextHandler (ContextHandler.java:doStop(910)) - Stopped o.e.j.s.ServletContextHandler@4dd28982{/logs,file:///workdir/hadoop-ozone/integration-test/target/log,UNAVAILABLE}
2019-08-20 14:00:22,788 [main] INFO  ozone.MiniOzoneClusterImpl (MiniOzoneClusterImpl.java:stop(353)) - Stopping the StorageContainerManager
2019-08-20 14:00:22,788 [main] INFO  server.StorageContainerManager (StorageContainerManager.java:stop(797)) - Stopping Replication Manager Service.
2019-08-20 14:00:22,789 [main] INFO  container.ReplicationManager (ReplicationManager.java:stop(193)) - Stopping Replication Monitor Thread.
2019-08-20 14:00:22,789 [main] INFO  server.StorageContainerManager (StorageContainerManager.java:stop(804)) - Stopping Lease Manager of the command watchers
2019-08-20 14:00:22,789 [main] INFO  server.StorageContainerManager (StorageContainerManager.java:stop(811)) - Stopping datanode service RPC server
2019-08-20 14:00:22,789 [main] INFO  server.SCMDatanodeProtocolServer (SCMDatanodeProtocolServer.java:stop(367)) - Stopping the RPC server for DataNodes
2019-08-20 14:00:22,789 [main] INFO  ipc.Server (Server.java:stop(3082)) - Stopping server on 39056
2019-08-20 14:00:22,791 [IPC Server listener on 39056] INFO  ipc.Server (Server.java:run(1185)) - Stopping IPC Server listener on 39056
2019-08-20 14:00:22,791 [IPC Server Responder] INFO  ipc.Server (Server.java:run(1319)) - Stopping IPC Server Responder
2019-08-20 14:00:22,815 [SCM Heartbeat Processing Thread - 0] WARN  node.NodeStateManager (NodeStateManager.java:scheduleNextHealthCheck(646)) - Current Thread is interrupted, shutting down HB processing thread for Node Manager.
2019-08-20 14:00:22,816 [main] INFO  server.StorageContainerManager (StorageContainerManager.java:stop(819)) - Stopping block service RPC server
2019-08-20 14:00:22,816 [main] INFO  server.SCMBlockProtocolServer (SCMBlockProtocolServer.java:stop(148)) - Stopping the RPC server for Block Protocol
2019-08-20 14:00:22,816 [main] INFO  ipc.Server (Server.java:stop(3082)) - Stopping server on 41359
2019-08-20 14:00:22,818 [IPC Server listener on 41359] INFO  ipc.Server (Server.java:run(1185)) - Stopping IPC Server listener on 41359
2019-08-20 14:00:22,818 [main] INFO  server.StorageContainerManager (StorageContainerManager.java:stop(826)) - Stopping the StorageContainerLocationProtocol RPC server
2019-08-20 14:00:22,819 [main] INFO  server.SCMClientProtocolServer (SCMClientProtocolServer.java:stop(159)) - Stopping the RPC server for Client Protocol
2019-08-20 14:00:22,819 [IPC Server Responder] INFO  ipc.Server (Server.java:run(1319)) - Stopping IPC Server Responder
2019-08-20 14:00:22,819 [main] INFO  ipc.Server (Server.java:stop(3082)) - Stopping server on 34603
2019-08-20 14:00:22,821 [main] INFO  server.StorageContainerManager (StorageContainerManager.java:stop(833)) - Stopping Storage Container Manager HTTP server.
2019-08-20 14:00:22,821 [IPC Server listener on 34603] INFO  ipc.Server (Server.java:run(1185)) - Stopping IPC Server listener on 34603
2019-08-20 14:00:22,821 [IPC Server Responder] INFO  ipc.Server (Server.java:run(1319)) - Stopping IPC Server Responder
2019-08-20 14:00:22,823 [main] INFO  handler.ContextHandler (ContextHandler.java:doStop(910)) - Stopped o.e.j.w.WebAppContext@12dd3501{/,null,UNAVAILABLE}{/scm}
2019-08-20 14:00:22,823 [main] INFO  server.AbstractConnector (AbstractConnector.java:doStop(318)) - Stopped ServerConnector@4cb0e39e{HTTP/1.1,[http/1.1]}{0.0.0.0:0}
2019-08-20 14:00:22,824 [main] INFO  handler.ContextHandler (ContextHandler.java:doStop(910)) - Stopped o.e.j.s.ServletContextHandler@56c39949{/static,file:///workdir/hadoop-ozone/integration-test/target/test-classes/webapps/static,UNAVAILABLE}
2019-08-20 14:00:22,824 [main] INFO  handler.ContextHandler (ContextHandler.java:doStop(910)) - Stopped o.e.j.s.ServletContextHandler@7786c2e0{/logs,file:///workdir/hadoop-ozone/integration-test/target/log,UNAVAILABLE}
2019-08-20 14:00:22,825 [main] INFO  server.StorageContainerManager (StorageContainerManager.java:stop(844)) - Stopping Block Manager Service.
2019-08-20 14:00:22,825 [main] INFO  utils.BackgroundService (BackgroundService.java:shutdown(148)) - Shutting down service SCMBlockDeletingService
2019-08-20 14:00:22,825 [main] INFO  utils.BackgroundService (BackgroundService.java:shutdown(148)) - Shutting down service SCMBlockDeletingService
2019-08-20 14:00:22,825 [main] INFO  server.StorageContainerManager (StorageContainerManager.java:stop(866)) - Stopping SCM Event Queue.
2019-08-20 14:00:22,828 [main] INFO  impl.MetricsSystemImpl (MetricsSystemImpl.java:stop(210)) - Stopping HddsDatanode metrics system...
2019-08-20 14:00:22,835 [main] INFO  impl.MetricsSystemImpl (MetricsSystemImpl.java:stop(216)) - HddsDatanode metrics system stopped.
]]></system-out>
    <system-err><![CDATA[Aug 20, 2019 1:59:41 PM com.sun.jersey.server.impl.application.WebApplicationImpl _initiate
INFO: Initiating Jersey application, version 'Jersey: 1.19 02/11/2015 03:25 AM'
Aug 20, 2019 1:59:41 PM com.sun.jersey.server.impl.application.WebApplicationImpl _initiate
INFO: Initiating Jersey application, version 'Jersey: 1.19 02/11/2015 03:25 AM'
Aug 20, 2019 1:59:41 PM com.sun.jersey.server.impl.application.WebApplicationImpl _initiate
INFO: Initiating Jersey application, version 'Jersey: 1.19 02/11/2015 03:25 AM'
Aug 20, 2019 1:59:42 PM com.sun.jersey.server.impl.application.WebApplicationImpl _initiate
INFO: Initiating Jersey application, version 'Jersey: 1.19 02/11/2015 03:25 AM'
Aug 20, 2019 1:59:42 PM com.sun.jersey.server.impl.application.WebApplicationImpl _initiate
INFO: Initiating Jersey application, version 'Jersey: 1.19 02/11/2015 03:25 AM'
Aug 20, 2019 1:59:42 PM com.sun.jersey.server.impl.application.WebApplicationImpl _initiate
INFO: Initiating Jersey application, version 'Jersey: 1.19 02/11/2015 03:25 AM'
Aug 20, 2019 1:59:42 PM com.sun.jersey.server.impl.application.WebApplicationImpl _initiate
INFO: Initiating Jersey application, version 'Jersey: 1.19 02/11/2015 03:25 AM'
Aug 20, 2019 1:59:45 PM org.apache.ratis.thirdparty.io.grpc.internal.ManagedChannelOrphanWrapper$ManagedChannelReference cleanQueue
SEVERE: *~*~*~ Channel ManagedChannelImpl{logId=2818, target=192.168.69.96:33414} was not shutdown properly!!! ~*~*~*
    Make sure to call shutdown()/shutdownNow() and wait until awaitTermination() returns true.
java.lang.RuntimeException: ManagedChannel allocation site
	at org.apache.ratis.thirdparty.io.grpc.internal.ManagedChannelOrphanWrapper$ManagedChannelReference.<init>(ManagedChannelOrphanWrapper.java:103)
	at org.apache.ratis.thirdparty.io.grpc.internal.ManagedChannelOrphanWrapper.<init>(ManagedChannelOrphanWrapper.java:53)
	at org.apache.ratis.thirdparty.io.grpc.internal.ManagedChannelOrphanWrapper.<init>(ManagedChannelOrphanWrapper.java:44)
	at org.apache.ratis.thirdparty.io.grpc.internal.AbstractManagedChannelImplBuilder.build(AbstractManagedChannelImplBuilder.java:411)
	at org.apache.ratis.grpc.client.GrpcClientProtocolClient.<init>(GrpcClientProtocolClient.java:119)
	at org.apache.ratis.grpc.client.GrpcClientRpc.lambda$new$0(GrpcClientRpc.java:55)
	at org.apache.ratis.util.PeerProxyMap$PeerAndProxy.lambda$getProxy$0(PeerProxyMap.java:61)
	at org.apache.ratis.util.LifeCycle.startAndTransition(LifeCycle.java:202)
	at org.apache.ratis.util.PeerProxyMap$PeerAndProxy.getProxy(PeerProxyMap.java:60)
	at org.apache.ratis.util.PeerProxyMap.getProxy(PeerProxyMap.java:107)
	at org.apache.ratis.grpc.client.GrpcClientRpc.sendRequestAsync(GrpcClientRpc.java:66)
	at org.apache.ratis.client.impl.OrderedAsync.sendRequest(OrderedAsync.java:208)
	at org.apache.ratis.client.impl.OrderedAsync.sendRequestWithRetry(OrderedAsync.java:169)
	at org.apache.ratis.util.SlidingWindow$Client.sendOrDelayRequest(SlidingWindow.java:278)
	at org.apache.ratis.util.SlidingWindow$Client.submitNewRequest(SlidingWindow.java:257)
	at org.apache.ratis.client.impl.OrderedAsync.send(OrderedAsync.java:155)
	at org.apache.ratis.client.impl.RaftClientImpl.sendAsync(RaftClientImpl.java:145)
	at org.apache.ratis.client.impl.RaftClientImpl.sendAsync(RaftClientImpl.java:125)
	at org.apache.hadoop.hdds.scm.XceiverClientRatis.sendRequestAsync(XceiverClientRatis.java:224)
	at org.apache.hadoop.hdds.scm.XceiverClientRatis.sendCommandAsync(XceiverClientRatis.java:302)
	at org.apache.hadoop.hdds.scm.storage.ContainerProtocolCalls.writeChunkAsync(ContainerProtocolCalls.java:310)
	at org.apache.hadoop.hdds.scm.storage.BlockOutputStream.writeChunkToContainer(BlockOutputStream.java:601)
	at org.apache.hadoop.hdds.scm.storage.BlockOutputStream.writeChunk(BlockOutputStream.java:459)
	at org.apache.hadoop.hdds.scm.storage.BlockOutputStream.writeOnRetry(BlockOutputStream.java:285)
	at org.apache.hadoop.ozone.client.io.BlockOutputStreamEntry.writeOnRetry(BlockOutputStreamEntry.java:200)
	at org.apache.hadoop.ozone.client.io.KeyOutputStream.handleWrite(KeyOutputStream.java:209)
	at org.apache.hadoop.ozone.client.io.KeyOutputStream.handleRetry(KeyOutputStream.java:376)
	at org.apache.hadoop.ozone.client.io.KeyOutputStream.handleException(KeyOutputStream.java:325)
	at org.apache.hadoop.ozone.client.io.KeyOutputStream.handleFlushOrClose(KeyOutputStream.java:448)
	at org.apache.hadoop.ozone.client.io.KeyOutputStream.handleWrite(KeyOutputStream.java:235)
	at org.apache.hadoop.ozone.client.io.KeyOutputStream.write(KeyOutputStream.java:193)
	at org.apache.hadoop.ozone.client.io.OzoneOutputStream.write(OzoneOutputStream.java:49)
	at java.io.OutputStream.write(OutputStream.java:75)
	at org.apache.hadoop.ozone.client.rpc.TestBlockOutputStreamWithFailures.testDatanodeFailureWithSingleNodeRatis(TestBlockOutputStreamWithFailures.java:1021)
	at sun.reflect.NativeMethodAccessorImpl.invoke0(Native Method)
	at sun.reflect.NativeMethodAccessorImpl.invoke(NativeMethodAccessorImpl.java:62)
	at sun.reflect.DelegatingMethodAccessorImpl.invoke(DelegatingMethodAccessorImpl.java:43)
	at java.lang.reflect.Method.invoke(Method.java:498)
	at org.junit.runners.model.FrameworkMethod$1.runReflectiveCall(FrameworkMethod.java:47)
	at org.junit.internal.runners.model.ReflectiveCallable.run(ReflectiveCallable.java:12)
	at org.junit.runners.model.FrameworkMethod.invokeExplosively(FrameworkMethod.java:44)
	at org.junit.internal.runners.statements.InvokeMethod.evaluate(InvokeMethod.java:17)
	at org.junit.internal.runners.statements.RunBefores.evaluate(RunBefores.java:26)
	at org.junit.internal.runners.statements.RunAfters.evaluate(RunAfters.java:27)
	at org.junit.runners.ParentRunner.runLeaf(ParentRunner.java:271)
	at org.junit.runners.BlockJUnit4ClassRunner.runChild(BlockJUnit4ClassRunner.java:70)
	at org.junit.runners.BlockJUnit4ClassRunner.runChild(BlockJUnit4ClassRunner.java:50)
	at org.junit.runners.ParentRunner$3.run(ParentRunner.java:238)
	at org.junit.runners.ParentRunner$1.schedule(ParentRunner.java:63)
	at org.junit.runners.ParentRunner.runChildren(ParentRunner.java:236)
	at org.junit.runners.ParentRunner.access$000(ParentRunner.java:53)
	at org.junit.runners.ParentRunner$2.evaluate(ParentRunner.java:229)
	at org.junit.runners.ParentRunner.run(ParentRunner.java:309)
	at org.apache.maven.surefire.junit4.JUnit4Provider.execute(JUnit4Provider.java:365)
	at org.apache.maven.surefire.junit4.JUnit4Provider.executeWithRerun(JUnit4Provider.java:273)
	at org.apache.maven.surefire.junit4.JUnit4Provider.executeTestSet(JUnit4Provider.java:238)
	at org.apache.maven.surefire.junit4.JUnit4Provider.invoke(JUnit4Provider.java:159)
	at org.apache.maven.surefire.booter.ForkedBooter.invokeProviderInSameClassLoader(ForkedBooter.java:384)
	at org.apache.maven.surefire.booter.ForkedBooter.runSuitesInProcess(ForkedBooter.java:345)
	at org.apache.maven.surefire.booter.ForkedBooter.execute(ForkedBooter.java:126)
	at org.apache.maven.surefire.booter.ForkedBooter.main(ForkedBooter.java:418)

Aug 20, 2019 1:59:45 PM org.apache.ratis.thirdparty.io.grpc.internal.ManagedChannelOrphanWrapper$ManagedChannelReference cleanQueue
SEVERE: *~*~*~ Channel ManagedChannelImpl{logId=3041, target=192.168.69.96:35913} was not shutdown properly!!! ~*~*~*
    Make sure to call shutdown()/shutdownNow() and wait until awaitTermination() returns true.
java.lang.RuntimeException: ManagedChannel allocation site
	at org.apache.ratis.thirdparty.io.grpc.internal.ManagedChannelOrphanWrapper$ManagedChannelReference.<init>(ManagedChannelOrphanWrapper.java:103)
	at org.apache.ratis.thirdparty.io.grpc.internal.ManagedChannelOrphanWrapper.<init>(ManagedChannelOrphanWrapper.java:53)
	at org.apache.ratis.thirdparty.io.grpc.internal.ManagedChannelOrphanWrapper.<init>(ManagedChannelOrphanWrapper.java:44)
	at org.apache.ratis.thirdparty.io.grpc.internal.AbstractManagedChannelImplBuilder.build(AbstractManagedChannelImplBuilder.java:411)
	at org.apache.hadoop.hdds.scm.XceiverClientGrpc.connectToDatanode(XceiverClientGrpc.java:174)
	at org.apache.hadoop.hdds.scm.XceiverClientGrpc.reconnect(XceiverClientGrpc.java:422)
	at org.apache.hadoop.hdds.scm.XceiverClientGrpc.sendCommandAsync(XceiverClientGrpc.java:371)
	at org.apache.hadoop.hdds.scm.XceiverClientGrpc.sendCommandWithRetry(XceiverClientGrpc.java:284)
	at org.apache.hadoop.hdds.scm.XceiverClientGrpc.sendCommandWithTraceIDAndRetry(XceiverClientGrpc.java:250)
	at org.apache.hadoop.hdds.scm.XceiverClientGrpc.sendCommand(XceiverClientGrpc.java:233)
	at org.apache.hadoop.hdds.scm.storage.ContainerProtocolCalls.getBlock(ContainerProtocolCalls.java:118)
	at org.apache.hadoop.hdds.scm.storage.BlockInputStream.getChunkInfos(BlockInputStream.java:167)
	at org.apache.hadoop.hdds.scm.storage.BlockInputStream.initialize(BlockInputStream.java:118)
	at org.apache.hadoop.hdds.scm.storage.BlockInputStream.read(BlockInputStream.java:222)
	at org.apache.hadoop.ozone.client.io.KeyInputStream.read(KeyInputStream.java:171)
	at org.apache.hadoop.ozone.client.io.OzoneInputStream.read(OzoneInputStream.java:47)
	at java.io.InputStream.read(InputStream.java:101)
	at org.apache.hadoop.ozone.container.ContainerTestHelper.validateData(ContainerTestHelper.java:709)
	at org.apache.hadoop.ozone.client.rpc.TestBlockOutputStreamWithFailures.validateData(TestBlockOutputStreamWithFailures.java:1216)
	at org.apache.hadoop.ozone.client.rpc.TestBlockOutputStreamWithFailures.testWatchForCommitWithSingleNodeRatis(TestBlockOutputStreamWithFailures.java:918)
	at sun.reflect.NativeMethodAccessorImpl.invoke0(Native Method)
	at sun.reflect.NativeMethodAccessorImpl.invoke(NativeMethodAccessorImpl.java:62)
	at sun.reflect.DelegatingMethodAccessorImpl.invoke(DelegatingMethodAccessorImpl.java:43)
	at java.lang.reflect.Method.invoke(Method.java:498)
	at org.junit.runners.model.FrameworkMethod$1.runReflectiveCall(FrameworkMethod.java:47)
	at org.junit.internal.runners.model.ReflectiveCallable.run(ReflectiveCallable.java:12)
	at org.junit.runners.model.FrameworkMethod.invokeExplosively(FrameworkMethod.java:44)
	at org.junit.internal.runners.statements.InvokeMethod.evaluate(InvokeMethod.java:17)
	at org.junit.internal.runners.statements.RunBefores.evaluate(RunBefores.java:26)
	at org.junit.internal.runners.statements.RunAfters.evaluate(RunAfters.java:27)
	at org.junit.runners.ParentRunner.runLeaf(ParentRunner.java:271)
	at org.junit.runners.BlockJUnit4ClassRunner.runChild(BlockJUnit4ClassRunner.java:70)
	at org.junit.runners.BlockJUnit4ClassRunner.runChild(BlockJUnit4ClassRunner.java:50)
	at org.junit.runners.ParentRunner$3.run(ParentRunner.java:238)
	at org.junit.runners.ParentRunner$1.schedule(ParentRunner.java:63)
	at org.junit.runners.ParentRunner.runChildren(ParentRunner.java:236)
	at org.junit.runners.ParentRunner.access$000(ParentRunner.java:53)
	at org.junit.runners.ParentRunner$2.evaluate(ParentRunner.java:229)
	at org.junit.runners.ParentRunner.run(ParentRunner.java:309)
	at org.apache.maven.surefire.junit4.JUnit4Provider.execute(JUnit4Provider.java:365)
	at org.apache.maven.surefire.junit4.JUnit4Provider.executeWithRerun(JUnit4Provider.java:273)
	at org.apache.maven.surefire.junit4.JUnit4Provider.executeTestSet(JUnit4Provider.java:238)
	at org.apache.maven.surefire.junit4.JUnit4Provider.invoke(JUnit4Provider.java:159)
	at org.apache.maven.surefire.booter.ForkedBooter.invokeProviderInSameClassLoader(ForkedBooter.java:384)
	at org.apache.maven.surefire.booter.ForkedBooter.runSuitesInProcess(ForkedBooter.java:345)
	at org.apache.maven.surefire.booter.ForkedBooter.execute(ForkedBooter.java:126)
	at org.apache.maven.surefire.booter.ForkedBooter.main(ForkedBooter.java:418)

Aug 20, 2019 1:59:45 PM org.apache.ratis.thirdparty.io.grpc.internal.ManagedChannelOrphanWrapper$ManagedChannelReference cleanQueue
SEVERE: *~*~*~ Channel ManagedChannelImpl{logId=2849, target=192.168.69.96:37432} was not shutdown properly!!! ~*~*~*
    Make sure to call shutdown()/shutdownNow() and wait until awaitTermination() returns true.
java.lang.RuntimeException: ManagedChannel allocation site
	at org.apache.ratis.thirdparty.io.grpc.internal.ManagedChannelOrphanWrapper$ManagedChannelReference.<init>(ManagedChannelOrphanWrapper.java:103)
	at org.apache.ratis.thirdparty.io.grpc.internal.ManagedChannelOrphanWrapper.<init>(ManagedChannelOrphanWrapper.java:53)
	at org.apache.ratis.thirdparty.io.grpc.internal.ManagedChannelOrphanWrapper.<init>(ManagedChannelOrphanWrapper.java:44)
	at org.apache.ratis.thirdparty.io.grpc.internal.AbstractManagedChannelImplBuilder.build(AbstractManagedChannelImplBuilder.java:411)
	at org.apache.hadoop.hdds.scm.XceiverClientGrpc.connectToDatanode(XceiverClientGrpc.java:174)
	at org.apache.hadoop.hdds.scm.XceiverClientGrpc.reconnect(XceiverClientGrpc.java:422)
	at org.apache.hadoop.hdds.scm.XceiverClientGrpc.sendCommandAsync(XceiverClientGrpc.java:371)
	at org.apache.hadoop.hdds.scm.XceiverClientGrpc.sendCommandWithRetry(XceiverClientGrpc.java:284)
	at org.apache.hadoop.hdds.scm.XceiverClientGrpc.sendCommandWithTraceIDAndRetry(XceiverClientGrpc.java:250)
	at org.apache.hadoop.hdds.scm.XceiverClientGrpc.sendCommand(XceiverClientGrpc.java:233)
	at org.apache.hadoop.hdds.scm.storage.ContainerProtocolCalls.getBlock(ContainerProtocolCalls.java:118)
	at org.apache.hadoop.hdds.scm.storage.BlockInputStream.getChunkInfos(BlockInputStream.java:167)
	at org.apache.hadoop.hdds.scm.storage.BlockInputStream.initialize(BlockInputStream.java:118)
	at org.apache.hadoop.hdds.scm.storage.BlockInputStream.read(BlockInputStream.java:222)
	at org.apache.hadoop.ozone.client.io.KeyInputStream.read(KeyInputStream.java:171)
	at org.apache.hadoop.ozone.client.io.OzoneInputStream.read(OzoneInputStream.java:47)
	at java.io.InputStream.read(InputStream.java:101)
	at org.apache.hadoop.ozone.container.ContainerTestHelper.validateData(ContainerTestHelper.java:709)
	at org.apache.hadoop.ozone.client.rpc.TestBlockOutputStreamWithFailures.validateData(TestBlockOutputStreamWithFailures.java:1216)
	at org.apache.hadoop.ozone.client.rpc.TestBlockOutputStreamWithFailures.testDatanodeFailureWithSingleNodeRatis(TestBlockOutputStreamWithFailures.java:1058)
	at sun.reflect.NativeMethodAccessorImpl.invoke0(Native Method)
	at sun.reflect.NativeMethodAccessorImpl.invoke(NativeMethodAccessorImpl.java:62)
	at sun.reflect.DelegatingMethodAccessorImpl.invoke(DelegatingMethodAccessorImpl.java:43)
	at java.lang.reflect.Method.invoke(Method.java:498)
	at org.junit.runners.model.FrameworkMethod$1.runReflectiveCall(FrameworkMethod.java:47)
	at org.junit.internal.runners.model.ReflectiveCallable.run(ReflectiveCallable.java:12)
	at org.junit.runners.model.FrameworkMethod.invokeExplosively(FrameworkMethod.java:44)
	at org.junit.internal.runners.statements.InvokeMethod.evaluate(InvokeMethod.java:17)
	at org.junit.internal.runners.statements.RunBefores.evaluate(RunBefores.java:26)
	at org.junit.internal.runners.statements.RunAfters.evaluate(RunAfters.java:27)
	at org.junit.runners.ParentRunner.runLeaf(ParentRunner.java:271)
	at org.junit.runners.BlockJUnit4ClassRunner.runChild(BlockJUnit4ClassRunner.java:70)
	at org.junit.runners.BlockJUnit4ClassRunner.runChild(BlockJUnit4ClassRunner.java:50)
	at org.junit.runners.ParentRunner$3.run(ParentRunner.java:238)
	at org.junit.runners.ParentRunner$1.schedule(ParentRunner.java:63)
	at org.junit.runners.ParentRunner.runChildren(ParentRunner.java:236)
	at org.junit.runners.ParentRunner.access$000(ParentRunner.java:53)
	at org.junit.runners.ParentRunner$2.evaluate(ParentRunner.java:229)
	at org.junit.runners.ParentRunner.run(ParentRunner.java:309)
	at org.apache.maven.surefire.junit4.JUnit4Provider.execute(JUnit4Provider.java:365)
	at org.apache.maven.surefire.junit4.JUnit4Provider.executeWithRerun(JUnit4Provider.java:273)
	at org.apache.maven.surefire.junit4.JUnit4Provider.executeTestSet(JUnit4Provider.java:238)
	at org.apache.maven.surefire.junit4.JUnit4Provider.invoke(JUnit4Provider.java:159)
	at org.apache.maven.surefire.booter.ForkedBooter.invokeProviderInSameClassLoader(ForkedBooter.java:384)
	at org.apache.maven.surefire.booter.ForkedBooter.runSuitesInProcess(ForkedBooter.java:345)
	at org.apache.maven.surefire.booter.ForkedBooter.execute(ForkedBooter.java:126)
	at org.apache.maven.surefire.booter.ForkedBooter.main(ForkedBooter.java:418)

Aug 20, 2019 1:59:45 PM org.apache.ratis.thirdparty.io.grpc.internal.ManagedChannelOrphanWrapper$ManagedChannelReference cleanQueue
SEVERE: *~*~*~ Channel ManagedChannelImpl{logId=2844, target=192.168.69.96:37803} was not shutdown properly!!! ~*~*~*
    Make sure to call shutdown()/shutdownNow() and wait until awaitTermination() returns true.
java.lang.RuntimeException: ManagedChannel allocation site
	at org.apache.ratis.thirdparty.io.grpc.internal.ManagedChannelOrphanWrapper$ManagedChannelReference.<init>(ManagedChannelOrphanWrapper.java:103)
	at org.apache.ratis.thirdparty.io.grpc.internal.ManagedChannelOrphanWrapper.<init>(ManagedChannelOrphanWrapper.java:53)
	at org.apache.ratis.thirdparty.io.grpc.internal.ManagedChannelOrphanWrapper.<init>(ManagedChannelOrphanWrapper.java:44)
	at org.apache.ratis.thirdparty.io.grpc.internal.AbstractManagedChannelImplBuilder.build(AbstractManagedChannelImplBuilder.java:411)
	at org.apache.hadoop.hdds.scm.XceiverClientGrpc.connectToDatanode(XceiverClientGrpc.java:174)
	at org.apache.hadoop.hdds.scm.XceiverClientGrpc.reconnect(XceiverClientGrpc.java:422)
	at org.apache.hadoop.hdds.scm.XceiverClientGrpc.sendCommandAsync(XceiverClientGrpc.java:371)
	at org.apache.hadoop.hdds.scm.XceiverClientGrpc.sendCommandWithRetry(XceiverClientGrpc.java:284)
	at org.apache.hadoop.hdds.scm.XceiverClientGrpc.sendCommandWithTraceIDAndRetry(XceiverClientGrpc.java:250)
	at org.apache.hadoop.hdds.scm.XceiverClientGrpc.sendCommand(XceiverClientGrpc.java:233)
	at org.apache.hadoop.hdds.scm.storage.ContainerProtocolCalls.getBlock(ContainerProtocolCalls.java:118)
	at org.apache.hadoop.hdds.scm.storage.BlockInputStream.getChunkInfos(BlockInputStream.java:167)
	at org.apache.hadoop.hdds.scm.storage.BlockInputStream.initialize(BlockInputStream.java:118)
	at org.apache.hadoop.hdds.scm.storage.BlockInputStream.read(BlockInputStream.java:222)
	at org.apache.hadoop.ozone.client.io.KeyInputStream.read(KeyInputStream.java:171)
	at org.apache.hadoop.ozone.client.io.OzoneInputStream.read(OzoneInputStream.java:47)
	at java.io.InputStream.read(InputStream.java:101)
	at org.apache.hadoop.ozone.container.ContainerTestHelper.validateData(ContainerTestHelper.java:709)
	at org.apache.hadoop.ozone.client.rpc.TestBlockOutputStreamWithFailures.validateData(TestBlockOutputStreamWithFailures.java:1216)
	at org.apache.hadoop.ozone.client.rpc.TestBlockOutputStreamWithFailures.testDatanodeFailureWithSingleNodeRatis(TestBlockOutputStreamWithFailures.java:1058)
	at sun.reflect.NativeMethodAccessorImpl.invoke0(Native Method)
	at sun.reflect.NativeMethodAccessorImpl.invoke(NativeMethodAccessorImpl.java:62)
	at sun.reflect.DelegatingMethodAccessorImpl.invoke(DelegatingMethodAccessorImpl.java:43)
	at java.lang.reflect.Method.invoke(Method.java:498)
	at org.junit.runners.model.FrameworkMethod$1.runReflectiveCall(FrameworkMethod.java:47)
	at org.junit.internal.runners.model.ReflectiveCallable.run(ReflectiveCallable.java:12)
	at org.junit.runners.model.FrameworkMethod.invokeExplosively(FrameworkMethod.java:44)
	at org.junit.internal.runners.statements.InvokeMethod.evaluate(InvokeMethod.java:17)
	at org.junit.internal.runners.statements.RunBefores.evaluate(RunBefores.java:26)
	at org.junit.internal.runners.statements.RunAfters.evaluate(RunAfters.java:27)
	at org.junit.runners.ParentRunner.runLeaf(ParentRunner.java:271)
	at org.junit.runners.BlockJUnit4ClassRunner.runChild(BlockJUnit4ClassRunner.java:70)
	at org.junit.runners.BlockJUnit4ClassRunner.runChild(BlockJUnit4ClassRunner.java:50)
	at org.junit.runners.ParentRunner$3.run(ParentRunner.java:238)
	at org.junit.runners.ParentRunner$1.schedule(ParentRunner.java:63)
	at org.junit.runners.ParentRunner.runChildren(ParentRunner.java:236)
	at org.junit.runners.ParentRunner.access$000(ParentRunner.java:53)
	at org.junit.runners.ParentRunner$2.evaluate(ParentRunner.java:229)
	at org.junit.runners.ParentRunner.run(ParentRunner.java:309)
	at org.apache.maven.surefire.junit4.JUnit4Provider.execute(JUnit4Provider.java:365)
	at org.apache.maven.surefire.junit4.JUnit4Provider.executeWithRerun(JUnit4Provider.java:273)
	at org.apache.maven.surefire.junit4.JUnit4Provider.executeTestSet(JUnit4Provider.java:238)
	at org.apache.maven.surefire.junit4.JUnit4Provider.invoke(JUnit4Provider.java:159)
	at org.apache.maven.surefire.booter.ForkedBooter.invokeProviderInSameClassLoader(ForkedBooter.java:384)
	at org.apache.maven.surefire.booter.ForkedBooter.runSuitesInProcess(ForkedBooter.java:345)
	at org.apache.maven.surefire.booter.ForkedBooter.execute(ForkedBooter.java:126)
	at org.apache.maven.surefire.booter.ForkedBooter.main(ForkedBooter.java:418)

Aug 20, 2019 1:59:45 PM org.apache.ratis.thirdparty.io.grpc.internal.ManagedChannelOrphanWrapper$ManagedChannelReference cleanQueue
SEVERE: *~*~*~ Channel ManagedChannelImpl{logId=3036, target=192.168.69.96:40217} was not shutdown properly!!! ~*~*~*
    Make sure to call shutdown()/shutdownNow() and wait until awaitTermination() returns true.
java.lang.RuntimeException: ManagedChannel allocation site
	at org.apache.ratis.thirdparty.io.grpc.internal.ManagedChannelOrphanWrapper$ManagedChannelReference.<init>(ManagedChannelOrphanWrapper.java:103)
	at org.apache.ratis.thirdparty.io.grpc.internal.ManagedChannelOrphanWrapper.<init>(ManagedChannelOrphanWrapper.java:53)
	at org.apache.ratis.thirdparty.io.grpc.internal.ManagedChannelOrphanWrapper.<init>(ManagedChannelOrphanWrapper.java:44)
	at org.apache.ratis.thirdparty.io.grpc.internal.AbstractManagedChannelImplBuilder.build(AbstractManagedChannelImplBuilder.java:411)
	at org.apache.hadoop.hdds.scm.XceiverClientGrpc.connectToDatanode(XceiverClientGrpc.java:174)
	at org.apache.hadoop.hdds.scm.XceiverClientGrpc.reconnect(XceiverClientGrpc.java:422)
	at org.apache.hadoop.hdds.scm.XceiverClientGrpc.sendCommandAsync(XceiverClientGrpc.java:371)
	at org.apache.hadoop.hdds.scm.XceiverClientGrpc.sendCommandWithRetry(XceiverClientGrpc.java:284)
	at org.apache.hadoop.hdds.scm.XceiverClientGrpc.sendCommandWithTraceIDAndRetry(XceiverClientGrpc.java:250)
	at org.apache.hadoop.hdds.scm.XceiverClientGrpc.sendCommand(XceiverClientGrpc.java:233)
	at org.apache.hadoop.hdds.scm.storage.ContainerProtocolCalls.getBlock(ContainerProtocolCalls.java:118)
	at org.apache.hadoop.hdds.scm.storage.BlockInputStream.getChunkInfos(BlockInputStream.java:167)
	at org.apache.hadoop.hdds.scm.storage.BlockInputStream.initialize(BlockInputStream.java:118)
	at org.apache.hadoop.hdds.scm.storage.BlockInputStream.read(BlockInputStream.java:222)
	at org.apache.hadoop.ozone.client.io.KeyInputStream.read(KeyInputStream.java:171)
	at org.apache.hadoop.ozone.client.io.OzoneInputStream.read(OzoneInputStream.java:47)
	at java.io.InputStream.read(InputStream.java:101)
	at org.apache.hadoop.ozone.container.ContainerTestHelper.validateData(ContainerTestHelper.java:709)
	at org.apache.hadoop.ozone.client.rpc.TestBlockOutputStreamWithFailures.validateData(TestBlockOutputStreamWithFailures.java:1216)
	at org.apache.hadoop.ozone.client.rpc.TestBlockOutputStreamWithFailures.testWatchForCommitWithSingleNodeRatis(TestBlockOutputStreamWithFailures.java:918)
	at sun.reflect.NativeMethodAccessorImpl.invoke0(Native Method)
	at sun.reflect.NativeMethodAccessorImpl.invoke(NativeMethodAccessorImpl.java:62)
	at sun.reflect.DelegatingMethodAccessorImpl.invoke(DelegatingMethodAccessorImpl.java:43)
	at java.lang.reflect.Method.invoke(Method.java:498)
	at org.junit.runners.model.FrameworkMethod$1.runReflectiveCall(FrameworkMethod.java:47)
	at org.junit.internal.runners.model.ReflectiveCallable.run(ReflectiveCallable.java:12)
	at org.junit.runners.model.FrameworkMethod.invokeExplosively(FrameworkMethod.java:44)
	at org.junit.internal.runners.statements.InvokeMethod.evaluate(InvokeMethod.java:17)
	at org.junit.internal.runners.statements.RunBefores.evaluate(RunBefores.java:26)
	at org.junit.internal.runners.statements.RunAfters.evaluate(RunAfters.java:27)
	at org.junit.runners.ParentRunner.runLeaf(ParentRunner.java:271)
	at org.junit.runners.BlockJUnit4ClassRunner.runChild(BlockJUnit4ClassRunner.java:70)
	at org.junit.runners.BlockJUnit4ClassRunner.runChild(BlockJUnit4ClassRunner.java:50)
	at org.junit.runners.ParentRunner$3.run(ParentRunner.java:238)
	at org.junit.runners.ParentRunner$1.schedule(ParentRunner.java:63)
	at org.junit.runners.ParentRunner.runChildren(ParentRunner.java:236)
	at org.junit.runners.ParentRunner.access$000(ParentRunner.java:53)
	at org.junit.runners.ParentRunner$2.evaluate(ParentRunner.java:229)
	at org.junit.runners.ParentRunner.run(ParentRunner.java:309)
	at org.apache.maven.surefire.junit4.JUnit4Provider.execute(JUnit4Provider.java:365)
	at org.apache.maven.surefire.junit4.JUnit4Provider.executeWithRerun(JUnit4Provider.java:273)
	at org.apache.maven.surefire.junit4.JUnit4Provider.executeTestSet(JUnit4Provider.java:238)
	at org.apache.maven.surefire.junit4.JUnit4Provider.invoke(JUnit4Provider.java:159)
	at org.apache.maven.surefire.booter.ForkedBooter.invokeProviderInSameClassLoader(ForkedBooter.java:384)
	at org.apache.maven.surefire.booter.ForkedBooter.runSuitesInProcess(ForkedBooter.java:345)
	at org.apache.maven.surefire.booter.ForkedBooter.execute(ForkedBooter.java:126)
	at org.apache.maven.surefire.booter.ForkedBooter.main(ForkedBooter.java:418)

Aug 20, 2019 1:59:45 PM org.apache.ratis.thirdparty.io.grpc.internal.ManagedChannelOrphanWrapper$ManagedChannelReference cleanQueue
SEVERE: *~*~*~ Channel ManagedChannelImpl{logId=3026, target=192.168.69.96:42281} was not shutdown properly!!! ~*~*~*
    Make sure to call shutdown()/shutdownNow() and wait until awaitTermination() returns true.
java.lang.RuntimeException: ManagedChannel allocation site
	at org.apache.ratis.thirdparty.io.grpc.internal.ManagedChannelOrphanWrapper$ManagedChannelReference.<init>(ManagedChannelOrphanWrapper.java:103)
	at org.apache.ratis.thirdparty.io.grpc.internal.ManagedChannelOrphanWrapper.<init>(ManagedChannelOrphanWrapper.java:53)
	at org.apache.ratis.thirdparty.io.grpc.internal.ManagedChannelOrphanWrapper.<init>(ManagedChannelOrphanWrapper.java:44)
	at org.apache.ratis.thirdparty.io.grpc.internal.AbstractManagedChannelImplBuilder.build(AbstractManagedChannelImplBuilder.java:411)
	at org.apache.ratis.grpc.client.GrpcClientProtocolClient.<init>(GrpcClientProtocolClient.java:119)
	at org.apache.ratis.grpc.client.GrpcClientRpc.lambda$new$0(GrpcClientRpc.java:55)
	at org.apache.ratis.util.PeerProxyMap$PeerAndProxy.lambda$getProxy$0(PeerProxyMap.java:61)
	at org.apache.ratis.util.LifeCycle.startAndTransition(LifeCycle.java:202)
	at org.apache.ratis.util.PeerProxyMap$PeerAndProxy.getProxy(PeerProxyMap.java:60)
	at org.apache.ratis.util.PeerProxyMap.getProxy(PeerProxyMap.java:107)
	at org.apache.ratis.grpc.client.GrpcClientRpc.sendRequestAsync(GrpcClientRpc.java:66)
	at org.apache.ratis.client.impl.OrderedAsync.sendRequest(OrderedAsync.java:208)
	at org.apache.ratis.client.impl.OrderedAsync.sendRequestWithRetry(OrderedAsync.java:169)
	at org.apache.ratis.util.SlidingWindow$Client.sendOrDelayRequest(SlidingWindow.java:278)
	at org.apache.ratis.util.SlidingWindow$Client.retry(SlidingWindow.java:294)
	at org.apache.ratis.client.impl.OrderedAsync.lambda$scheduleWithTimeout$7(OrderedAsync.java:195)
	at org.apache.ratis.util.TimeoutScheduler.lambda$onTimeout$0(TimeoutScheduler.java:85)
	at org.apache.ratis.util.TimeoutScheduler.lambda$onTimeout$1(TimeoutScheduler.java:104)
	at org.apache.ratis.util.LogUtils.runAndLog(LogUtils.java:50)
	at org.apache.ratis.util.LogUtils$1.run(LogUtils.java:91)
	at java.util.concurrent.Executors$RunnableAdapter.call(Executors.java:511)
	at java.util.concurrent.FutureTask.run(FutureTask.java:266)
	at java.util.concurrent.ScheduledThreadPoolExecutor$ScheduledFutureTask.access$201(ScheduledThreadPoolExecutor.java:180)
	at java.util.concurrent.ScheduledThreadPoolExecutor$ScheduledFutureTask.run(ScheduledThreadPoolExecutor.java:293)
	at java.util.concurrent.ThreadPoolExecutor.runWorker(ThreadPoolExecutor.java:1149)
	at java.util.concurrent.ThreadPoolExecutor$Worker.run(ThreadPoolExecutor.java:624)
	at java.lang.Thread.run(Thread.java:748)

Aug 20, 2019 1:59:45 PM org.apache.ratis.thirdparty.io.grpc.internal.ManagedChannelOrphanWrapper$ManagedChannelReference cleanQueue
SEVERE: *~*~*~ Channel ManagedChannelImpl{logId=3031, target=192.168.69.96:35387} was not shutdown properly!!! ~*~*~*
    Make sure to call shutdown()/shutdownNow() and wait until awaitTermination() returns true.
java.lang.RuntimeException: ManagedChannel allocation site
	at org.apache.ratis.thirdparty.io.grpc.internal.ManagedChannelOrphanWrapper$ManagedChannelReference.<init>(ManagedChannelOrphanWrapper.java:103)
	at org.apache.ratis.thirdparty.io.grpc.internal.ManagedChannelOrphanWrapper.<init>(ManagedChannelOrphanWrapper.java:53)
	at org.apache.ratis.thirdparty.io.grpc.internal.ManagedChannelOrphanWrapper.<init>(ManagedChannelOrphanWrapper.java:44)
	at org.apache.ratis.thirdparty.io.grpc.internal.AbstractManagedChannelImplBuilder.build(AbstractManagedChannelImplBuilder.java:411)
	at org.apache.ratis.grpc.client.GrpcClientProtocolClient.<init>(GrpcClientProtocolClient.java:119)
	at org.apache.ratis.grpc.client.GrpcClientRpc.lambda$new$0(GrpcClientRpc.java:55)
	at org.apache.ratis.util.PeerProxyMap$PeerAndProxy.lambda$getProxy$0(PeerProxyMap.java:61)
	at org.apache.ratis.util.LifeCycle.startAndTransition(LifeCycle.java:202)
	at org.apache.ratis.util.PeerProxyMap$PeerAndProxy.getProxy(PeerProxyMap.java:60)
	at org.apache.ratis.util.PeerProxyMap.getProxy(PeerProxyMap.java:107)
	at org.apache.ratis.grpc.client.GrpcClientRpc.sendRequestAsync(GrpcClientRpc.java:66)
	at org.apache.ratis.client.impl.OrderedAsync.sendRequest(OrderedAsync.java:208)
	at org.apache.ratis.client.impl.OrderedAsync.sendRequestWithRetry(OrderedAsync.java:169)
	at org.apache.ratis.util.SlidingWindow$Client.sendOrDelayRequest(SlidingWindow.java:278)
	at org.apache.ratis.util.SlidingWindow$Client.submitNewRequest(SlidingWindow.java:257)
	at org.apache.ratis.client.impl.OrderedAsync.send(OrderedAsync.java:155)
	at org.apache.ratis.client.impl.RaftClientImpl.sendAsync(RaftClientImpl.java:145)
	at org.apache.ratis.client.impl.RaftClientImpl.sendAsync(RaftClientImpl.java:125)
	at org.apache.hadoop.hdds.scm.XceiverClientRatis.sendRequestAsync(XceiverClientRatis.java:224)
	at org.apache.hadoop.hdds.scm.XceiverClientRatis.sendCommandAsync(XceiverClientRatis.java:302)
	at org.apache.hadoop.hdds.scm.storage.ContainerProtocolCalls.writeChunkAsync(ContainerProtocolCalls.java:310)
	at org.apache.hadoop.hdds.scm.storage.BlockOutputStream.writeChunkToContainer(BlockOutputStream.java:601)
	at org.apache.hadoop.hdds.scm.storage.BlockOutputStream.writeChunk(BlockOutputStream.java:459)
	at org.apache.hadoop.hdds.scm.storage.BlockOutputStream.writeOnRetry(BlockOutputStream.java:285)
	at org.apache.hadoop.ozone.client.io.BlockOutputStreamEntry.writeOnRetry(BlockOutputStreamEntry.java:200)
	at org.apache.hadoop.ozone.client.io.KeyOutputStream.handleWrite(KeyOutputStream.java:209)
	at org.apache.hadoop.ozone.client.io.KeyOutputStream.handleRetry(KeyOutputStream.java:376)
	at org.apache.hadoop.ozone.client.io.KeyOutputStream.handleException(KeyOutputStream.java:325)
	at org.apache.hadoop.ozone.client.io.KeyOutputStream.handleFlushOrClose(KeyOutputStream.java:448)
	at org.apache.hadoop.ozone.client.io.KeyOutputStream.handleWrite(KeyOutputStream.java:235)
	at org.apache.hadoop.ozone.client.io.KeyOutputStream.write(KeyOutputStream.java:193)
	at org.apache.hadoop.ozone.client.io.OzoneOutputStream.write(OzoneOutputStream.java:49)
	at java.io.OutputStream.write(OutputStream.java:75)
	at org.apache.hadoop.ozone.client.rpc.TestBlockOutputStreamWithFailures.testWatchForCommitWithSingleNodeRatis(TestBlockOutputStreamWithFailures.java:885)
	at sun.reflect.NativeMethodAccessorImpl.invoke0(Native Method)
	at sun.reflect.NativeMethodAccessorImpl.invoke(NativeMethodAccessorImpl.java:62)
	at sun.reflect.DelegatingMethodAccessorImpl.invoke(DelegatingMethodAccessorImpl.java:43)
	at java.lang.reflect.Method.invoke(Method.java:498)
	at org.junit.runners.model.FrameworkMethod$1.runReflectiveCall(FrameworkMethod.java:47)
	at org.junit.internal.runners.model.ReflectiveCallable.run(ReflectiveCallable.java:12)
	at org.junit.runners.model.FrameworkMethod.invokeExplosively(FrameworkMethod.java:44)
	at org.junit.internal.runners.statements.InvokeMethod.evaluate(InvokeMethod.java:17)
	at org.junit.internal.runners.statements.RunBefores.evaluate(RunBefores.java:26)
	at org.junit.internal.runners.statements.RunAfters.evaluate(RunAfters.java:27)
	at org.junit.runners.ParentRunner.runLeaf(ParentRunner.java:271)
	at org.junit.runners.BlockJUnit4ClassRunner.runChild(BlockJUnit4ClassRunner.java:70)
	at org.junit.runners.BlockJUnit4ClassRunner.runChild(BlockJUnit4ClassRunner.java:50)
	at org.junit.runners.ParentRunner$3.run(ParentRunner.java:238)
	at org.junit.runners.ParentRunner$1.schedule(ParentRunner.java:63)
	at org.junit.runners.ParentRunner.runChildren(ParentRunner.java:236)
	at org.junit.runners.ParentRunner.access$000(ParentRunner.java:53)
	at org.junit.runners.ParentRunner$2.evaluate(ParentRunner.java:229)
	at org.junit.runners.ParentRunner.run(ParentRunner.java:309)
	at org.apache.maven.surefire.junit4.JUnit4Provider.execute(JUnit4Provider.java:365)
	at org.apache.maven.surefire.junit4.JUnit4Provider.executeWithRerun(JUnit4Provider.java:273)
	at org.apache.maven.surefire.junit4.JUnit4Provider.executeTestSet(JUnit4Provider.java:238)
	at org.apache.maven.surefire.junit4.JUnit4Provider.invoke(JUnit4Provider.java:159)
	at org.apache.maven.surefire.booter.ForkedBooter.invokeProviderInSameClassLoader(ForkedBooter.java:384)
	at org.apache.maven.surefire.booter.ForkedBooter.runSuitesInProcess(ForkedBooter.java:345)
	at org.apache.maven.surefire.booter.ForkedBooter.execute(ForkedBooter.java:126)
	at org.apache.maven.surefire.booter.ForkedBooter.main(ForkedBooter.java:418)

]]></system-err>
  </testcase>
  <testcase name="testFailureWithPrimeSizedData" classname="org.apache.hadoop.ozone.client.rpc.TestBlockOutputStreamWithFailures" time="34.539"/>
  <testcase name="testWatchForCommitWithCloseContainerException" classname="org.apache.hadoop.ozone.client.rpc.TestBlockOutputStreamWithFailures" time="34.523"/>
  <testcase name="testExceptionDuringClose" classname="org.apache.hadoop.ozone.client.rpc.TestBlockOutputStreamWithFailures" time="33.88"/>
</testsuite>