<?xml version="1.0" encoding="UTF-8"?>
<testsuite xmlns:xsi="http://www.w3.org/2001/XMLSchema-instance" xsi:noNamespaceSchemaLocation="https://maven.apache.org/surefire/maven-surefire-plugin/xsd/surefire-test-report.xsd" name="org.apache.hadoop.ozone.client.rpc.Test2WayCommitInRatis" time="31.883" tests="1" errors="1" skipped="0" failures="0">
  <properties>
    <property name="awt.toolkit" value="sun.awt.X11.XToolkit"/>
    <property name="file.encoding.pkg" value="sun.io"/>
    <property name="java.specification.version" value="1.8"/>
    <property name="sun.cpu.isalist" value=""/>
    <property name="sun.jnu.encoding" value="UTF-8"/>
    <property name="java.class.path" value="/workdir/hadoop-ozone/integration-test/target/test-classes:/workdir/hadoop-ozone/integration-test/target/classes:/home/user/.m2/repository/org/apache/hadoop/hadoop-ozone-common/0.5.0-SNAPSHOT/hadoop-ozone-common-0.5.0-SNAPSHOT.jar:/home/user/.m2/repository/org/apache/commons/commons-compress/1.4.1/commons-compress-1.4.1.jar:/home/user/.m2/repository/org/tukaani/xz/1.0/xz-1.0.jar:/home/user/.m2/repository/org/apache/hadoop/hadoop-common/3.2.0/hadoop-common-3.2.0.jar:/home/user/.m2/repository/org/apache/hadoop/hadoop-hdfs/3.2.0/hadoop-hdfs-3.2.0.jar:/home/user/.m2/repository/org/apache/hadoop/hadoop-hdfs-client/3.2.0/hadoop-hdfs-client-3.2.0.jar:/home/user/.m2/repository/com/fasterxml/jackson/core/jackson-annotations/2.9.5/jackson-annotations-2.9.5.jar:/home/user/.m2/repository/org/apache/hadoop/hadoop-hdds-common/0.5.0-SNAPSHOT/hadoop-hdds-common-0.5.0-SNAPSHOT.jar:/home/user/.m2/repository/javax/annotation/javax.annotation-api/1.2/javax.annotation-api-1.2.jar:/home/user/.m2/repository/org/apache/ratis/ratis-server/0.4.0-2337318-SNAPSHOT/ratis-server-0.4.0-2337318-SNAPSHOT.jar:/home/user/.m2/repository/org/apache/ratis/ratis-thirdparty-misc/0.2.0/ratis-thirdparty-misc-0.2.0.jar:/home/user/.m2/repository/org/apache/ratis/ratis-proto/0.4.0-2337318-SNAPSHOT/ratis-proto-0.4.0-2337318-SNAPSHOT.jar:/home/user/.m2/repository/org/apache/ratis/ratis-common/0.4.0-2337318-SNAPSHOT/ratis-common-0.4.0-2337318-SNAPSHOT.jar:/home/user/.m2/repository/org/apache/ratis/ratis-client/0.4.0-2337318-SNAPSHOT/ratis-client-0.4.0-2337318-SNAPSHOT.jar:/home/user/.m2/repository/org/apache/ratis/ratis-metrics/0.4.0-2337318-SNAPSHOT/ratis-metrics-0.4.0-2337318-SNAPSHOT.jar:/home/user/.m2/repository/org/apache/ratis/ratis-netty/0.4.0-2337318-SNAPSHOT/ratis-netty-0.4.0-2337318-SNAPSHOT.jar:/home/user/.m2/repository/org/apache/ratis/ratis-grpc/0.4.0-2337318-SNAPSHOT/ratis-grpc-0.4.0-2337318-SNAPSHOT.jar:/home/user/.m2/repository/org/rocksdb/rocksdbjni/6.0.1/rocksdbjni-6.0.1.jar:/home/user/.m2/repository/org/apache/logging/log4j/log4j-api/2.11.0/log4j-api-2.11.0.jar:/home/user/.m2/repository/org/apache/logging/log4j/log4j-core/2.11.0/log4j-core-2.11.0.jar:/home/user/.m2/repository/com/lmax/disruptor/3.4.2/disruptor-3.4.2.jar:/home/user/.m2/repository/org/apache/commons/commons-pool2/2.6.0/commons-pool2-2.6.0.jar:/home/user/.m2/repository/org/bouncycastle/bcpkix-jdk15on/1.60/bcpkix-jdk15on-1.60.jar:/home/user/.m2/repository/commons-validator/commons-validator/1.6/commons-validator-1.6.jar:/home/user/.m2/repository/commons-digester/commons-digester/1.8.1/commons-digester-1.8.1.jar:/home/user/.m2/repository/io/jaegertracing/jaeger-client/0.33.1/jaeger-client-0.33.1.jar:/home/user/.m2/repository/io/jaegertracing/jaeger-thrift/0.33.1/jaeger-thrift-0.33.1.jar:/home/user/.m2/repository/org/apache/thrift/libthrift/0.11.0/libthrift-0.11.0.jar:/home/user/.m2/repository/com/squareup/okhttp3/okhttp/3.9.0/okhttp-3.9.0.jar:/home/user/.m2/repository/com/squareup/okio/okio/1.13.0/okio-1.13.0.jar:/home/user/.m2/repository/io/jaegertracing/jaeger-core/0.33.1/jaeger-core-0.33.1.jar:/home/user/.m2/repository/io/jaegertracing/jaeger-tracerresolver/0.33.1/jaeger-tracerresolver-0.33.1.jar:/home/user/.m2/repository/io/opentracing/contrib/opentracing-tracerresolver/0.1.5/opentracing-tracerresolver-0.1.5.jar:/home/user/.m2/repository/io/opentracing/opentracing-util/0.31.0/opentracing-util-0.31.0.jar:/home/user/.m2/repository/io/opentracing/opentracing-api/0.31.0/opentracing-api-0.31.0.jar:/home/user/.m2/repository/io/opentracing/opentracing-noop/0.31.0/opentracing-noop-0.31.0.jar:/home/user/.m2/repository/org/apache/hadoop/hadoop-hdds-server-framework/0.5.0-SNAPSHOT/hadoop-hdds-server-framework-0.5.0-SNAPSHOT.jar:/home/user/.m2/repository/org/apache/hadoop/hadoop-hdds-container-service/0.5.0-SNAPSHOT/hadoop-hdds-container-service-0.5.0-SNAPSHOT.jar:/home/user/.m2/repository/org/apache/hadoop/hadoop-hdds-client/0.5.0-SNAPSHOT/hadoop-hdds-client-0.5.0-SNAPSHOT.jar:/home/user/.m2/repository/org/apache/hadoop/hadoop-hdds-tools/0.5.0-SNAPSHOT/hadoop-hdds-tools-0.5.0-SNAPSHOT.jar:/home/user/.m2/repository/org/apache/hadoop/hadoop-hdds-server-scm/0.5.0-SNAPSHOT/hadoop-hdds-server-scm-0.5.0-SNAPSHOT.jar:/home/user/.m2/repository/org/apache/hadoop/hadoop-hdds-docs/0.5.0-SNAPSHOT/hadoop-hdds-docs-0.5.0-SNAPSHOT.jar:/home/user/.m2/repository/io/dropwizard/metrics/metrics-core/3.2.4/metrics-core-3.2.4.jar:/home/user/.m2/repository/org/hamcrest/hamcrest-all/1.3/hamcrest-all-1.3.jar:/home/user/.m2/repository/org/bouncycastle/bcprov-jdk15on/1.60/bcprov-jdk15on-1.60.jar:/home/user/.m2/repository/info/picocli/picocli/3.9.6/picocli-3.9.6.jar:/home/user/.m2/repository/com/google/protobuf/protobuf-java/2.5.0/protobuf-java-2.5.0.jar:/home/user/.m2/repository/com/google/guava/guava/11.0.2/guava-11.0.2.jar:/home/user/.m2/repository/org/apache/hadoop/hadoop-ozone-ozone-manager/0.5.0-SNAPSHOT/hadoop-ozone-ozone-manager-0.5.0-SNAPSHOT.jar:/home/user/.m2/repository/org/apache/hadoop/hadoop-minikdc/3.2.0/hadoop-minikdc-3.2.0.jar:/home/user/.m2/repository/commons-io/commons-io/2.5/commons-io-2.5.jar:/home/user/.m2/repository/org/apache/kerby/kerb-simplekdc/1.0.1/kerb-simplekdc-1.0.1.jar:/home/user/.m2/repository/org/apache/kerby/kerb-client/1.0.1/kerb-client-1.0.1.jar:/home/user/.m2/repository/org/apache/kerby/kerby-config/1.0.1/kerby-config-1.0.1.jar:/home/user/.m2/repository/org/apache/kerby/kerb-core/1.0.1/kerb-core-1.0.1.jar:/home/user/.m2/repository/org/apache/kerby/kerby-pkix/1.0.1/kerby-pkix-1.0.1.jar:/home/user/.m2/repository/org/apache/kerby/kerby-asn1/1.0.1/kerby-asn1-1.0.1.jar:/home/user/.m2/repository/org/apache/kerby/kerby-util/1.0.1/kerby-util-1.0.1.jar:/home/user/.m2/repository/org/apache/kerby/kerb-common/1.0.1/kerb-common-1.0.1.jar:/home/user/.m2/repository/org/apache/kerby/kerb-crypto/1.0.1/kerb-crypto-1.0.1.jar:/home/user/.m2/repository/org/apache/kerby/kerb-util/1.0.1/kerb-util-1.0.1.jar:/home/user/.m2/repository/org/apache/kerby/token-provider/1.0.1/token-provider-1.0.1.jar:/home/user/.m2/repository/org/apache/kerby/kerb-admin/1.0.1/kerb-admin-1.0.1.jar:/home/user/.m2/repository/org/apache/kerby/kerb-server/1.0.1/kerb-server-1.0.1.jar:/home/user/.m2/repository/org/apache/kerby/kerb-identity/1.0.1/kerb-identity-1.0.1.jar:/home/user/.m2/repository/org/apache/kerby/kerby-xdr/1.0.1/kerby-xdr-1.0.1.jar:/home/user/.m2/repository/org/slf4j/slf4j-log4j12/1.7.25/slf4j-log4j12-1.7.25.jar:/home/user/.m2/repository/org/apache/hadoop/hadoop-ozone-objectstore-service/0.5.0-SNAPSHOT/hadoop-ozone-objectstore-service-0.5.0-SNAPSHOT.jar:/home/user/.m2/repository/org/apache/hadoop/hadoop-ozone-s3gateway/0.5.0-SNAPSHOT/hadoop-ozone-s3gateway-0.5.0-SNAPSHOT.jar:/home/user/.m2/repository/org/jboss/weld/servlet/weld-servlet/2.4.7.Final/weld-servlet-2.4.7.Final.jar:/home/user/.m2/repository/org/glassfish/jersey/containers/jersey-container-servlet-core/2.27/jersey-container-servlet-core-2.27.jar:/home/user/.m2/repository/org/glassfish/hk2/external/javax.inject/2.5.0-b42/javax.inject-2.5.0-b42.jar:/home/user/.m2/repository/org/glassfish/jersey/core/jersey-common/2.27/jersey-common-2.27.jar:/home/user/.m2/repository/org/glassfish/hk2/osgi-resource-locator/1.0.1/osgi-resource-locator-1.0.1.jar:/home/user/.m2/repository/javax/ws/rs/javax.ws.rs-api/2.1/javax.ws.rs-api-2.1.jar:/home/user/.m2/repository/org/glassfish/jersey/ext/cdi/jersey-cdi1x/2.27/jersey-cdi1x-2.27.jar:/home/user/.m2/repository/org/glassfish/jersey/inject/jersey-hk2/2.27/jersey-hk2-2.27.jar:/home/user/.m2/repository/org/glassfish/hk2/hk2-locator/2.5.0-b42/hk2-locator-2.5.0-b42.jar:/home/user/.m2/repository/org/javassist/javassist/3.22.0-CR2/javassist-3.22.0-CR2.jar:/home/user/.m2/repository/org/glassfish/hk2/hk2-api/2.5.0/hk2-api-2.5.0.jar:/home/user/.m2/repository/org/glassfish/hk2/external/jakarta.inject/2.5.0/jakarta.inject-2.5.0.jar:/home/user/.m2/repository/org/glassfish/hk2/hk2-utils/2.5.0/hk2-utils-2.5.0.jar:/home/user/.m2/repository/jakarta/annotation/jakarta.annotation-api/1.3.4/jakarta.annotation-api-1.3.4.jar:/home/user/.m2/repository/org/glassfish/hk2/external/aopalliance-repackaged/2.5.0/aopalliance-repackaged-2.5.0.jar:/home/user/.m2/repository/com/fasterxml/jackson/dataformat/jackson-dataformat-xml/2.9.0/jackson-dataformat-xml-2.9.0.jar:/home/user/.m2/repository/com/fasterxml/jackson/core/jackson-core/2.9.5/jackson-core-2.9.5.jar:/home/user/.m2/repository/com/fasterxml/jackson/module/jackson-module-jaxb-annotations/2.9.5/jackson-module-jaxb-annotations-2.9.5.jar:/home/user/.m2/repository/javax/enterprise/cdi-api/1.2/cdi-api-1.2.jar:/home/user/.m2/repository/javax/el/javax.el-api/3.0.0/javax.el-api-3.0.0.jar:/home/user/.m2/repository/javax/interceptor/javax.interceptor-api/1.2/javax.interceptor-api-1.2.jar:/home/user/.m2/repository/javax/inject/javax.inject/1/javax.inject-1.jar:/home/user/.m2/repository/com/sun/xml/bind/jaxb-impl/2.3.0.1/jaxb-impl-2.3.0.1.jar:/home/user/.m2/repository/com/sun/xml/bind/jaxb-core/2.3.0.1/jaxb-core-2.3.0.1.jar:/home/user/.m2/repository/javax/xml/bind/jaxb-api/2.3.0/jaxb-api-2.3.0.jar:/home/user/.m2/repository/javax/activation/activation/1.1.1/activation-1.1.1.jar:/home/user/.m2/repository/org/apache/hadoop/hadoop-ozone-csi/0.5.0-SNAPSHOT/hadoop-ozone-csi-0.5.0-SNAPSHOT.jar:/home/user/.m2/repository/com/google/protobuf/protobuf-java-util/3.5.1/protobuf-java-util-3.5.1.jar:/home/user/.m2/repository/org/apache/hadoop/hadoop-hdds-config/0.5.0-SNAPSHOT/hadoop-hdds-config-0.5.0-SNAPSHOT.jar:/home/user/.m2/repository/io/grpc/grpc-netty/1.17.1/grpc-netty-1.17.1.jar:/home/user/.m2/repository/io/grpc/grpc-core/1.17.1/grpc-core-1.17.1.jar:/home/user/.m2/repository/io/grpc/grpc-context/1.17.1/grpc-context-1.17.1.jar:/home/user/.m2/repository/com/google/errorprone/error_prone_annotations/2.2.0/error_prone_annotations-2.2.0.jar:/home/user/.m2/repository/org/codehaus/mojo/animal-sniffer-annotations/1.17/animal-sniffer-annotations-1.17.jar:/home/user/.m2/repository/io/opencensus/opencensus-api/0.17.0/opencensus-api-0.17.0.jar:/home/user/.m2/repository/io/opencensus/opencensus-contrib-grpc-metrics/0.17.0/opencensus-contrib-grpc-metrics-0.17.0.jar:/home/user/.m2/repository/io/netty/netty-codec-http2/4.1.30.Final/netty-codec-http2-4.1.30.Final.jar:/home/user/.m2/repository/io/netty/netty-codec-http/4.1.30.Final/netty-codec-http-4.1.30.Final.jar:/home/user/.m2/repository/io/netty/netty-codec/4.1.30.Final/netty-codec-4.1.30.Final.jar:/home/user/.m2/repository/io/netty/netty-handler/4.1.30.Final/netty-handler-4.1.30.Final.jar:/home/user/.m2/repository/io/netty/netty-handler-proxy/4.1.30.Final/netty-handler-proxy-4.1.30.Final.jar:/home/user/.m2/repository/io/netty/netty-codec-socks/4.1.30.Final/netty-codec-socks-4.1.30.Final.jar:/home/user/.m2/repository/io/netty/netty-transport-native-epoll/4.1.30.Final/netty-transport-native-epoll-4.1.30.Final.jar:/home/user/.m2/repository/io/netty/netty-common/4.1.30.Final/netty-common-4.1.30.Final.jar:/home/user/.m2/repository/io/netty/netty-buffer/4.1.30.Final/netty-buffer-4.1.30.Final.jar:/home/user/.m2/repository/io/netty/netty-transport/4.1.30.Final/netty-transport-4.1.30.Final.jar:/home/user/.m2/repository/io/netty/netty-resolver/4.1.30.Final/netty-resolver-4.1.30.Final.jar:/home/user/.m2/repository/io/netty/netty-transport-native-unix-common/4.1.30.Final/netty-transport-native-unix-common-4.1.30.Final.jar:/home/user/.m2/repository/io/grpc/grpc-protobuf/1.17.1/grpc-protobuf-1.17.1.jar:/home/user/.m2/repository/com/google/api/grpc/proto-google-common-protos/1.0.0/proto-google-common-protos-1.0.0.jar:/home/user/.m2/repository/io/grpc/grpc-protobuf-lite/1.17.1/grpc-protobuf-lite-1.17.1.jar:/home/user/.m2/repository/io/grpc/grpc-stub/1.17.1/grpc-stub-1.17.1.jar:/home/user/.m2/repository/org/apache/hadoop/hadoop-ozone-recon/0.5.0-SNAPSHOT/hadoop-ozone-recon-0.5.0-SNAPSHOT.jar:/home/user/.m2/repository/org/apache/hadoop/hadoop-ozone-reconcodegen/0.5.0-SNAPSHOT/hadoop-ozone-reconcodegen-0.5.0-SNAPSHOT.jar:/home/user/.m2/repository/com/google/inject/extensions/guice-multibindings/4.0/guice-multibindings-4.0.jar:/home/user/.m2/repository/com/google/inject/guice/4.0/guice-4.0.jar:/home/user/.m2/repository/aopalliance/aopalliance/1.0/aopalliance-1.0.jar:/home/user/.m2/repository/com/google/inject/extensions/guice-servlet/4.0/guice-servlet-4.0.jar:/home/user/.m2/repository/org/glassfish/jersey/containers/jersey-container-servlet/2.27/jersey-container-servlet-2.27.jar:/home/user/.m2/repository/org/glassfish/hk2/guice-bridge/2.5.0/guice-bridge-2.5.0.jar:/home/user/.m2/repository/org/glassfish/jersey/core/jersey-server/2.27/jersey-server-2.27.jar:/home/user/.m2/repository/org/glassfish/jersey/core/jersey-client/2.27/jersey-client-2.27.jar:/home/user/.m2/repository/org/glassfish/jersey/media/jersey-media-jaxb/2.27/jersey-media-jaxb-2.27.jar:/home/user/.m2/repository/javax/validation/validation-api/1.1.0.Final/validation-api-1.1.0.Final.jar:/home/user/.m2/repository/org/glassfish/jersey/media/jersey-media-json-jackson/2.27/jersey-media-json-jackson-2.27.jar:/home/user/.m2/repository/org/glassfish/jersey/ext/jersey-entity-filtering/2.27/jersey-entity-filtering-2.27.jar:/home/user/.m2/repository/com/google/inject/extensions/guice-assistedinject/4.0/guice-assistedinject-4.0.jar:/home/user/.m2/repository/org/jooq/jooq/3.11.10/jooq-3.11.10.jar:/home/user/.m2/repository/org/jooq/jooq-meta/3.11.10/jooq-meta-3.11.10.jar:/home/user/.m2/repository/org/jooq/jooq-codegen/3.11.10/jooq-codegen-3.11.10.jar:/home/user/.m2/repository/com/jolbox/bonecp/0.8.0.RELEASE/bonecp-0.8.0.RELEASE.jar:/home/user/.m2/repository/org/xerial/sqlite-jdbc/3.25.2/sqlite-jdbc-3.25.2.jar:/home/user/.m2/repository/org/springframework/spring-jdbc/5.1.3.RELEASE/spring-jdbc-5.1.3.RELEASE.jar:/home/user/.m2/repository/org/springframework/spring-beans/5.1.3.RELEASE/spring-beans-5.1.3.RELEASE.jar:/home/user/.m2/repository/org/springframework/spring-core/5.1.3.RELEASE/spring-core-5.1.3.RELEASE.jar:/home/user/.m2/repository/org/springframework/spring-jcl/5.1.3.RELEASE/spring-jcl-5.1.3.RELEASE.jar:/home/user/.m2/repository/org/springframework/spring-tx/5.1.3.RELEASE/spring-tx-5.1.3.RELEASE.jar:/home/user/.m2/repository/org/apache/hadoop/hadoop-ozone-client/0.5.0-SNAPSHOT/hadoop-ozone-client-0.5.0-SNAPSHOT.jar:/home/user/.m2/repository/commons-lang/commons-lang/2.6/commons-lang-2.6.jar:/home/user/.m2/repository/org/apache/hadoop/hadoop-ozone-ozone-manager/0.5.0-SNAPSHOT/hadoop-ozone-ozone-manager-0.5.0-SNAPSHOT-tests.jar:/home/user/.m2/repository/junit/junit/4.11/junit-4.11.jar:/home/user/.m2/repository/org/hamcrest/hamcrest-core/1.3/hamcrest-core-1.3.jar:/home/user/.m2/repository/org/openjdk/jmh/jmh-core/1.19/jmh-core-1.19.jar:/home/user/.m2/repository/net/sf/jopt-simple/jopt-simple/4.6/jopt-simple-4.6.jar:/home/user/.m2/repository/org/apache/commons/commons-math3/3.1.1/commons-math3-3.1.1.jar:/home/user/.m2/repository/org/openjdk/jmh/jmh-generator-annprocess/1.19/jmh-generator-annprocess-1.19.jar:/home/user/.m2/repository/org/mockito/mockito-all/1.8.5/mockito-all-1.8.5.jar:/home/user/.m2/repository/org/apache/hadoop/hadoop-kms/3.2.0/hadoop-kms-3.2.0.jar:/home/user/.m2/repository/org/apache/hadoop/hadoop-auth/3.2.0/hadoop-auth-3.2.0.jar:/home/user/.m2/repository/com/nimbusds/nimbus-jose-jwt/4.41.1/nimbus-jose-jwt-4.41.1.jar:/home/user/.m2/repository/com/github/stephenc/jcip/jcip-annotations/1.0-1/jcip-annotations-1.0-1.jar:/home/user/.m2/repository/net/minidev/json-smart/2.3/json-smart-2.3.jar:/home/user/.m2/repository/net/minidev/accessors-smart/1.2/accessors-smart-1.2.jar:/home/user/.m2/repository/org/ow2/asm/asm/5.0.4/asm-5.0.4.jar:/home/user/.m2/repository/org/apache/curator/curator-framework/2.12.0/curator-framework-2.12.0.jar:/home/user/.m2/repository/com/sun/jersey/jersey-core/1.19/jersey-core-1.19.jar:/home/user/.m2/repository/javax/ws/rs/jsr311-api/1.1.1/jsr311-api-1.1.1.jar:/home/user/.m2/repository/com/sun/jersey/jersey-server/1.19/jersey-server-1.19.jar:/home/user/.m2/repository/javax/servlet/javax.servlet-api/3.1.0/javax.servlet-api-3.1.0.jar:/home/user/.m2/repository/org/eclipse/jetty/jetty-server/9.3.24.v20180605/jetty-server-9.3.24.v20180605.jar:/home/user/.m2/repository/org/eclipse/jetty/jetty-http/9.3.24.v20180605/jetty-http-9.3.24.v20180605.jar:/home/user/.m2/repository/org/eclipse/jetty/jetty-io/9.3.24.v20180605/jetty-io-9.3.24.v20180605.jar:/home/user/.m2/repository/org/eclipse/jetty/jetty-webapp/9.3.24.v20180605/jetty-webapp-9.3.24.v20180605.jar:/home/user/.m2/repository/org/eclipse/jetty/jetty-xml/9.3.24.v20180605/jetty-xml-9.3.24.v20180605.jar:/home/user/.m2/repository/log4j/log4j/1.2.17/log4j-1.2.17.jar:/home/user/.m2/repository/org/slf4j/slf4j-api/1.7.25/slf4j-api-1.7.25.jar:/home/user/.m2/repository/org/slf4j/jul-to-slf4j/1.7.25/jul-to-slf4j-1.7.25.jar:/home/user/.m2/repository/org/eclipse/jetty/jetty-util/9.3.24.v20180605/jetty-util-9.3.24.v20180605.jar:/home/user/.m2/repository/com/fasterxml/jackson/core/jackson-databind/2.9.5/jackson-databind-2.9.5.jar:/home/user/.m2/repository/org/apache/hadoop/hadoop-kms/3.2.0/hadoop-kms-3.2.0-tests.jar:/home/user/.m2/repository/org/apache/hadoop/hadoop-hdds-server-scm/0.5.0-SNAPSHOT/hadoop-hdds-server-scm-0.5.0-SNAPSHOT-tests.jar:/home/user/.m2/repository/org/apache/hadoop/hadoop-hdds-container-service/0.5.0-SNAPSHOT/hadoop-hdds-container-service-0.5.0-SNAPSHOT-tests.jar:/home/user/.m2/repository/org/yaml/snakeyaml/1.16/snakeyaml-1.16.jar:/home/user/.m2/repository/org/apache/hadoop/hadoop-common/3.2.0/hadoop-common-3.2.0-tests.jar:/home/user/.m2/repository/org/apache/hadoop/hadoop-annotations/3.2.0/hadoop-annotations-3.2.0.jar:/usr/lib/jvm/java-1.8-openjdk/jre/../lib/tools.jar:/home/user/.m2/repository/commons-cli/commons-cli/1.2/commons-cli-1.2.jar:/home/user/.m2/repository/org/apache/httpcomponents/httpclient/4.5.2/httpclient-4.5.2.jar:/home/user/.m2/repository/org/apache/httpcomponents/httpcore/4.4.4/httpcore-4.4.4.jar:/home/user/.m2/repository/commons-codec/commons-codec/1.11/commons-codec-1.11.jar:/home/user/.m2/repository/commons-net/commons-net/3.6/commons-net-3.6.jar:/home/user/.m2/repository/commons-collections/commons-collections/3.2.2/commons-collections-3.2.2.jar:/home/user/.m2/repository/org/eclipse/jetty/jetty-servlet/9.3.24.v20180605/jetty-servlet-9.3.24.v20180605.jar:/home/user/.m2/repository/org/eclipse/jetty/jetty-security/9.3.24.v20180605/jetty-security-9.3.24.v20180605.jar:/home/user/.m2/repository/javax/servlet/jsp/jsp-api/2.1/jsp-api-2.1.jar:/home/user/.m2/repository/com/sun/jersey/jersey-servlet/1.19/jersey-servlet-1.19.jar:/home/user/.m2/repository/com/sun/jersey/jersey-json/1.19/jersey-json-1.19.jar:/home/user/.m2/repository/org/codehaus/jettison/jettison/1.1/jettison-1.1.jar:/home/user/.m2/repository/org/codehaus/jackson/jackson-core-asl/1.9.13/jackson-core-asl-1.9.13.jar:/home/user/.m2/repository/org/codehaus/jackson/jackson-mapper-asl/1.9.13/jackson-mapper-asl-1.9.13.jar:/home/user/.m2/repository/org/codehaus/jackson/jackson-jaxrs/1.9.13/jackson-jaxrs-1.9.13.jar:/home/user/.m2/repository/org/codehaus/jackson/jackson-xc/1.9.13/jackson-xc-1.9.13.jar:/home/user/.m2/repository/commons-logging/commons-logging/1.1.3/commons-logging-1.1.3.jar:/home/user/.m2/repository/commons-beanutils/commons-beanutils/1.9.3/commons-beanutils-1.9.3.jar:/home/user/.m2/repository/org/apache/commons/commons-configuration2/2.1.1/commons-configuration2-2.1.1.jar:/home/user/.m2/repository/org/apache/commons/commons-lang3/3.7/commons-lang3-3.7.jar:/home/user/.m2/repository/org/apache/commons/commons-text/1.4/commons-text-1.4.jar:/home/user/.m2/repository/org/apache/avro/avro/1.7.7/avro-1.7.7.jar:/home/user/.m2/repository/com/thoughtworks/paranamer/paranamer/2.3/paranamer-2.3.jar:/home/user/.m2/repository/org/xerial/snappy/snappy-java/1.0.5/snappy-java-1.0.5.jar:/home/user/.m2/repository/com/google/re2j/re2j/1.1/re2j-1.1.jar:/home/user/.m2/repository/com/google/code/gson/gson/2.2.4/gson-2.2.4.jar:/home/user/.m2/repository/com/jcraft/jsch/0.1.54/jsch-0.1.54.jar:/home/user/.m2/repository/org/apache/curator/curator-client/2.12.0/curator-client-2.12.0.jar:/home/user/.m2/repository/org/apache/curator/curator-recipes/2.12.0/curator-recipes-2.12.0.jar:/home/user/.m2/repository/com/google/code/findbugs/jsr305/3.0.0/jsr305-3.0.0.jar:/home/user/.m2/repository/org/apache/htrace/htrace-core4/4.1.0-incubating/htrace-core4-4.1.0-incubating.jar:/home/user/.m2/repository/org/apache/zookeeper/zookeeper/3.4.13/zookeeper-3.4.13.jar:/home/user/.m2/repository/org/apache/yetus/audience-annotations/0.5.0/audience-annotations-0.5.0.jar:/home/user/.m2/repository/org/codehaus/woodstox/stax2-api/3.1.4/stax2-api-3.1.4.jar:/home/user/.m2/repository/com/fasterxml/woodstox/woodstox-core/5.0.3/woodstox-core-5.0.3.jar:/home/user/.m2/repository/dnsjava/dnsjava/2.1.7/dnsjava-2.1.7.jar:/home/user/.m2/repository/org/apache/hadoop/hadoop-hdfs/3.2.0/hadoop-hdfs-3.2.0-tests.jar:/home/user/.m2/repository/org/eclipse/jetty/jetty-util-ajax/9.3.24.v20180605/jetty-util-ajax-9.3.24.v20180605.jar:/home/user/.m2/repository/commons-daemon/commons-daemon/1.0.13/commons-daemon-1.0.13.jar:/home/user/.m2/repository/io/netty/netty/3.10.5.Final/netty-3.10.5.Final.jar:/home/user/.m2/repository/io/netty/netty-all/4.0.52.Final/netty-all-4.0.52.Final.jar:/home/user/.m2/repository/org/fusesource/leveldbjni/leveldbjni-all/1.8/leveldbjni-all-1.8.jar:"/>
    <property name="java.vm.vendor" value="IcedTea"/>
    <property name="sun.arch.data.model" value="64"/>
    <property name="test.build.dir" value="/workdir/hadoop-ozone/integration-test/target/test-dir"/>
    <property name="test.cache.data" value=""/>
    <property name="java.vendor.url" value="https://icedtea.classpath.org"/>
    <property name="user.timezone" value=""/>
    <property name="java.vm.specification.version" value="1.8"/>
    <property name="os.name" value="Linux"/>
    <property name="test.build.data" value="/workdir/hadoop-ozone/integration-test/target/test-dir"/>
    <property name="user.country" value="US"/>
    <property name="sun.java.launcher" value="SUN_STANDARD"/>
    <property name="sun.boot.library.path" value="/usr/lib/jvm/java-1.8-openjdk/jre/lib/amd64"/>
    <property name="sun.java.command" value="/workdir/hadoop-ozone/integration-test/target/surefire/surefirebooter7972319546288024167.jar /workdir/hadoop-ozone/integration-test/target/surefire 2019-08-20T13-38-49_177-jvmRun1 surefire7312510100244745437tmp surefire_242685523058263085919tmp"/>
    <property name="test" value="!TestMiniChaosOzoneCluster"/>
    <property name="surefire.test.class.path" value="/workdir/hadoop-ozone/integration-test/target/test-classes:/workdir/hadoop-ozone/integration-test/target/classes:/home/user/.m2/repository/org/apache/hadoop/hadoop-ozone-common/0.5.0-SNAPSHOT/hadoop-ozone-common-0.5.0-SNAPSHOT.jar:/home/user/.m2/repository/org/apache/commons/commons-compress/1.4.1/commons-compress-1.4.1.jar:/home/user/.m2/repository/org/tukaani/xz/1.0/xz-1.0.jar:/home/user/.m2/repository/org/apache/hadoop/hadoop-common/3.2.0/hadoop-common-3.2.0.jar:/home/user/.m2/repository/org/apache/hadoop/hadoop-hdfs/3.2.0/hadoop-hdfs-3.2.0.jar:/home/user/.m2/repository/org/apache/hadoop/hadoop-hdfs-client/3.2.0/hadoop-hdfs-client-3.2.0.jar:/home/user/.m2/repository/com/fasterxml/jackson/core/jackson-annotations/2.9.5/jackson-annotations-2.9.5.jar:/home/user/.m2/repository/org/apache/hadoop/hadoop-hdds-common/0.5.0-SNAPSHOT/hadoop-hdds-common-0.5.0-SNAPSHOT.jar:/home/user/.m2/repository/javax/annotation/javax.annotation-api/1.2/javax.annotation-api-1.2.jar:/home/user/.m2/repository/org/apache/ratis/ratis-server/0.4.0-2337318-SNAPSHOT/ratis-server-0.4.0-2337318-SNAPSHOT.jar:/home/user/.m2/repository/org/apache/ratis/ratis-thirdparty-misc/0.2.0/ratis-thirdparty-misc-0.2.0.jar:/home/user/.m2/repository/org/apache/ratis/ratis-proto/0.4.0-2337318-SNAPSHOT/ratis-proto-0.4.0-2337318-SNAPSHOT.jar:/home/user/.m2/repository/org/apache/ratis/ratis-common/0.4.0-2337318-SNAPSHOT/ratis-common-0.4.0-2337318-SNAPSHOT.jar:/home/user/.m2/repository/org/apache/ratis/ratis-client/0.4.0-2337318-SNAPSHOT/ratis-client-0.4.0-2337318-SNAPSHOT.jar:/home/user/.m2/repository/org/apache/ratis/ratis-metrics/0.4.0-2337318-SNAPSHOT/ratis-metrics-0.4.0-2337318-SNAPSHOT.jar:/home/user/.m2/repository/org/apache/ratis/ratis-netty/0.4.0-2337318-SNAPSHOT/ratis-netty-0.4.0-2337318-SNAPSHOT.jar:/home/user/.m2/repository/org/apache/ratis/ratis-grpc/0.4.0-2337318-SNAPSHOT/ratis-grpc-0.4.0-2337318-SNAPSHOT.jar:/home/user/.m2/repository/org/rocksdb/rocksdbjni/6.0.1/rocksdbjni-6.0.1.jar:/home/user/.m2/repository/org/apache/logging/log4j/log4j-api/2.11.0/log4j-api-2.11.0.jar:/home/user/.m2/repository/org/apache/logging/log4j/log4j-core/2.11.0/log4j-core-2.11.0.jar:/home/user/.m2/repository/com/lmax/disruptor/3.4.2/disruptor-3.4.2.jar:/home/user/.m2/repository/org/apache/commons/commons-pool2/2.6.0/commons-pool2-2.6.0.jar:/home/user/.m2/repository/org/bouncycastle/bcpkix-jdk15on/1.60/bcpkix-jdk15on-1.60.jar:/home/user/.m2/repository/commons-validator/commons-validator/1.6/commons-validator-1.6.jar:/home/user/.m2/repository/commons-digester/commons-digester/1.8.1/commons-digester-1.8.1.jar:/home/user/.m2/repository/io/jaegertracing/jaeger-client/0.33.1/jaeger-client-0.33.1.jar:/home/user/.m2/repository/io/jaegertracing/jaeger-thrift/0.33.1/jaeger-thrift-0.33.1.jar:/home/user/.m2/repository/org/apache/thrift/libthrift/0.11.0/libthrift-0.11.0.jar:/home/user/.m2/repository/com/squareup/okhttp3/okhttp/3.9.0/okhttp-3.9.0.jar:/home/user/.m2/repository/com/squareup/okio/okio/1.13.0/okio-1.13.0.jar:/home/user/.m2/repository/io/jaegertracing/jaeger-core/0.33.1/jaeger-core-0.33.1.jar:/home/user/.m2/repository/io/jaegertracing/jaeger-tracerresolver/0.33.1/jaeger-tracerresolver-0.33.1.jar:/home/user/.m2/repository/io/opentracing/contrib/opentracing-tracerresolver/0.1.5/opentracing-tracerresolver-0.1.5.jar:/home/user/.m2/repository/io/opentracing/opentracing-util/0.31.0/opentracing-util-0.31.0.jar:/home/user/.m2/repository/io/opentracing/opentracing-api/0.31.0/opentracing-api-0.31.0.jar:/home/user/.m2/repository/io/opentracing/opentracing-noop/0.31.0/opentracing-noop-0.31.0.jar:/home/user/.m2/repository/org/apache/hadoop/hadoop-hdds-server-framework/0.5.0-SNAPSHOT/hadoop-hdds-server-framework-0.5.0-SNAPSHOT.jar:/home/user/.m2/repository/org/apache/hadoop/hadoop-hdds-container-service/0.5.0-SNAPSHOT/hadoop-hdds-container-service-0.5.0-SNAPSHOT.jar:/home/user/.m2/repository/org/apache/hadoop/hadoop-hdds-client/0.5.0-SNAPSHOT/hadoop-hdds-client-0.5.0-SNAPSHOT.jar:/home/user/.m2/repository/org/apache/hadoop/hadoop-hdds-tools/0.5.0-SNAPSHOT/hadoop-hdds-tools-0.5.0-SNAPSHOT.jar:/home/user/.m2/repository/org/apache/hadoop/hadoop-hdds-server-scm/0.5.0-SNAPSHOT/hadoop-hdds-server-scm-0.5.0-SNAPSHOT.jar:/home/user/.m2/repository/org/apache/hadoop/hadoop-hdds-docs/0.5.0-SNAPSHOT/hadoop-hdds-docs-0.5.0-SNAPSHOT.jar:/home/user/.m2/repository/io/dropwizard/metrics/metrics-core/3.2.4/metrics-core-3.2.4.jar:/home/user/.m2/repository/org/hamcrest/hamcrest-all/1.3/hamcrest-all-1.3.jar:/home/user/.m2/repository/org/bouncycastle/bcprov-jdk15on/1.60/bcprov-jdk15on-1.60.jar:/home/user/.m2/repository/info/picocli/picocli/3.9.6/picocli-3.9.6.jar:/home/user/.m2/repository/com/google/protobuf/protobuf-java/2.5.0/protobuf-java-2.5.0.jar:/home/user/.m2/repository/com/google/guava/guava/11.0.2/guava-11.0.2.jar:/home/user/.m2/repository/org/apache/hadoop/hadoop-ozone-ozone-manager/0.5.0-SNAPSHOT/hadoop-ozone-ozone-manager-0.5.0-SNAPSHOT.jar:/home/user/.m2/repository/org/apache/hadoop/hadoop-minikdc/3.2.0/hadoop-minikdc-3.2.0.jar:/home/user/.m2/repository/commons-io/commons-io/2.5/commons-io-2.5.jar:/home/user/.m2/repository/org/apache/kerby/kerb-simplekdc/1.0.1/kerb-simplekdc-1.0.1.jar:/home/user/.m2/repository/org/apache/kerby/kerb-client/1.0.1/kerb-client-1.0.1.jar:/home/user/.m2/repository/org/apache/kerby/kerby-config/1.0.1/kerby-config-1.0.1.jar:/home/user/.m2/repository/org/apache/kerby/kerb-core/1.0.1/kerb-core-1.0.1.jar:/home/user/.m2/repository/org/apache/kerby/kerby-pkix/1.0.1/kerby-pkix-1.0.1.jar:/home/user/.m2/repository/org/apache/kerby/kerby-asn1/1.0.1/kerby-asn1-1.0.1.jar:/home/user/.m2/repository/org/apache/kerby/kerby-util/1.0.1/kerby-util-1.0.1.jar:/home/user/.m2/repository/org/apache/kerby/kerb-common/1.0.1/kerb-common-1.0.1.jar:/home/user/.m2/repository/org/apache/kerby/kerb-crypto/1.0.1/kerb-crypto-1.0.1.jar:/home/user/.m2/repository/org/apache/kerby/kerb-util/1.0.1/kerb-util-1.0.1.jar:/home/user/.m2/repository/org/apache/kerby/token-provider/1.0.1/token-provider-1.0.1.jar:/home/user/.m2/repository/org/apache/kerby/kerb-admin/1.0.1/kerb-admin-1.0.1.jar:/home/user/.m2/repository/org/apache/kerby/kerb-server/1.0.1/kerb-server-1.0.1.jar:/home/user/.m2/repository/org/apache/kerby/kerb-identity/1.0.1/kerb-identity-1.0.1.jar:/home/user/.m2/repository/org/apache/kerby/kerby-xdr/1.0.1/kerby-xdr-1.0.1.jar:/home/user/.m2/repository/org/slf4j/slf4j-log4j12/1.7.25/slf4j-log4j12-1.7.25.jar:/home/user/.m2/repository/org/apache/hadoop/hadoop-ozone-objectstore-service/0.5.0-SNAPSHOT/hadoop-ozone-objectstore-service-0.5.0-SNAPSHOT.jar:/home/user/.m2/repository/org/apache/hadoop/hadoop-ozone-s3gateway/0.5.0-SNAPSHOT/hadoop-ozone-s3gateway-0.5.0-SNAPSHOT.jar:/home/user/.m2/repository/org/jboss/weld/servlet/weld-servlet/2.4.7.Final/weld-servlet-2.4.7.Final.jar:/home/user/.m2/repository/org/glassfish/jersey/containers/jersey-container-servlet-core/2.27/jersey-container-servlet-core-2.27.jar:/home/user/.m2/repository/org/glassfish/hk2/external/javax.inject/2.5.0-b42/javax.inject-2.5.0-b42.jar:/home/user/.m2/repository/org/glassfish/jersey/core/jersey-common/2.27/jersey-common-2.27.jar:/home/user/.m2/repository/org/glassfish/hk2/osgi-resource-locator/1.0.1/osgi-resource-locator-1.0.1.jar:/home/user/.m2/repository/javax/ws/rs/javax.ws.rs-api/2.1/javax.ws.rs-api-2.1.jar:/home/user/.m2/repository/org/glassfish/jersey/ext/cdi/jersey-cdi1x/2.27/jersey-cdi1x-2.27.jar:/home/user/.m2/repository/org/glassfish/jersey/inject/jersey-hk2/2.27/jersey-hk2-2.27.jar:/home/user/.m2/repository/org/glassfish/hk2/hk2-locator/2.5.0-b42/hk2-locator-2.5.0-b42.jar:/home/user/.m2/repository/org/javassist/javassist/3.22.0-CR2/javassist-3.22.0-CR2.jar:/home/user/.m2/repository/org/glassfish/hk2/hk2-api/2.5.0/hk2-api-2.5.0.jar:/home/user/.m2/repository/org/glassfish/hk2/external/jakarta.inject/2.5.0/jakarta.inject-2.5.0.jar:/home/user/.m2/repository/org/glassfish/hk2/hk2-utils/2.5.0/hk2-utils-2.5.0.jar:/home/user/.m2/repository/jakarta/annotation/jakarta.annotation-api/1.3.4/jakarta.annotation-api-1.3.4.jar:/home/user/.m2/repository/org/glassfish/hk2/external/aopalliance-repackaged/2.5.0/aopalliance-repackaged-2.5.0.jar:/home/user/.m2/repository/com/fasterxml/jackson/dataformat/jackson-dataformat-xml/2.9.0/jackson-dataformat-xml-2.9.0.jar:/home/user/.m2/repository/com/fasterxml/jackson/core/jackson-core/2.9.5/jackson-core-2.9.5.jar:/home/user/.m2/repository/com/fasterxml/jackson/module/jackson-module-jaxb-annotations/2.9.5/jackson-module-jaxb-annotations-2.9.5.jar:/home/user/.m2/repository/javax/enterprise/cdi-api/1.2/cdi-api-1.2.jar:/home/user/.m2/repository/javax/el/javax.el-api/3.0.0/javax.el-api-3.0.0.jar:/home/user/.m2/repository/javax/interceptor/javax.interceptor-api/1.2/javax.interceptor-api-1.2.jar:/home/user/.m2/repository/javax/inject/javax.inject/1/javax.inject-1.jar:/home/user/.m2/repository/com/sun/xml/bind/jaxb-impl/2.3.0.1/jaxb-impl-2.3.0.1.jar:/home/user/.m2/repository/com/sun/xml/bind/jaxb-core/2.3.0.1/jaxb-core-2.3.0.1.jar:/home/user/.m2/repository/javax/xml/bind/jaxb-api/2.3.0/jaxb-api-2.3.0.jar:/home/user/.m2/repository/javax/activation/activation/1.1.1/activation-1.1.1.jar:/home/user/.m2/repository/org/apache/hadoop/hadoop-ozone-csi/0.5.0-SNAPSHOT/hadoop-ozone-csi-0.5.0-SNAPSHOT.jar:/home/user/.m2/repository/com/google/protobuf/protobuf-java-util/3.5.1/protobuf-java-util-3.5.1.jar:/home/user/.m2/repository/org/apache/hadoop/hadoop-hdds-config/0.5.0-SNAPSHOT/hadoop-hdds-config-0.5.0-SNAPSHOT.jar:/home/user/.m2/repository/io/grpc/grpc-netty/1.17.1/grpc-netty-1.17.1.jar:/home/user/.m2/repository/io/grpc/grpc-core/1.17.1/grpc-core-1.17.1.jar:/home/user/.m2/repository/io/grpc/grpc-context/1.17.1/grpc-context-1.17.1.jar:/home/user/.m2/repository/com/google/errorprone/error_prone_annotations/2.2.0/error_prone_annotations-2.2.0.jar:/home/user/.m2/repository/org/codehaus/mojo/animal-sniffer-annotations/1.17/animal-sniffer-annotations-1.17.jar:/home/user/.m2/repository/io/opencensus/opencensus-api/0.17.0/opencensus-api-0.17.0.jar:/home/user/.m2/repository/io/opencensus/opencensus-contrib-grpc-metrics/0.17.0/opencensus-contrib-grpc-metrics-0.17.0.jar:/home/user/.m2/repository/io/netty/netty-codec-http2/4.1.30.Final/netty-codec-http2-4.1.30.Final.jar:/home/user/.m2/repository/io/netty/netty-codec-http/4.1.30.Final/netty-codec-http-4.1.30.Final.jar:/home/user/.m2/repository/io/netty/netty-codec/4.1.30.Final/netty-codec-4.1.30.Final.jar:/home/user/.m2/repository/io/netty/netty-handler/4.1.30.Final/netty-handler-4.1.30.Final.jar:/home/user/.m2/repository/io/netty/netty-handler-proxy/4.1.30.Final/netty-handler-proxy-4.1.30.Final.jar:/home/user/.m2/repository/io/netty/netty-codec-socks/4.1.30.Final/netty-codec-socks-4.1.30.Final.jar:/home/user/.m2/repository/io/netty/netty-transport-native-epoll/4.1.30.Final/netty-transport-native-epoll-4.1.30.Final.jar:/home/user/.m2/repository/io/netty/netty-common/4.1.30.Final/netty-common-4.1.30.Final.jar:/home/user/.m2/repository/io/netty/netty-buffer/4.1.30.Final/netty-buffer-4.1.30.Final.jar:/home/user/.m2/repository/io/netty/netty-transport/4.1.30.Final/netty-transport-4.1.30.Final.jar:/home/user/.m2/repository/io/netty/netty-resolver/4.1.30.Final/netty-resolver-4.1.30.Final.jar:/home/user/.m2/repository/io/netty/netty-transport-native-unix-common/4.1.30.Final/netty-transport-native-unix-common-4.1.30.Final.jar:/home/user/.m2/repository/io/grpc/grpc-protobuf/1.17.1/grpc-protobuf-1.17.1.jar:/home/user/.m2/repository/com/google/api/grpc/proto-google-common-protos/1.0.0/proto-google-common-protos-1.0.0.jar:/home/user/.m2/repository/io/grpc/grpc-protobuf-lite/1.17.1/grpc-protobuf-lite-1.17.1.jar:/home/user/.m2/repository/io/grpc/grpc-stub/1.17.1/grpc-stub-1.17.1.jar:/home/user/.m2/repository/org/apache/hadoop/hadoop-ozone-recon/0.5.0-SNAPSHOT/hadoop-ozone-recon-0.5.0-SNAPSHOT.jar:/home/user/.m2/repository/org/apache/hadoop/hadoop-ozone-reconcodegen/0.5.0-SNAPSHOT/hadoop-ozone-reconcodegen-0.5.0-SNAPSHOT.jar:/home/user/.m2/repository/com/google/inject/extensions/guice-multibindings/4.0/guice-multibindings-4.0.jar:/home/user/.m2/repository/com/google/inject/guice/4.0/guice-4.0.jar:/home/user/.m2/repository/aopalliance/aopalliance/1.0/aopalliance-1.0.jar:/home/user/.m2/repository/com/google/inject/extensions/guice-servlet/4.0/guice-servlet-4.0.jar:/home/user/.m2/repository/org/glassfish/jersey/containers/jersey-container-servlet/2.27/jersey-container-servlet-2.27.jar:/home/user/.m2/repository/org/glassfish/hk2/guice-bridge/2.5.0/guice-bridge-2.5.0.jar:/home/user/.m2/repository/org/glassfish/jersey/core/jersey-server/2.27/jersey-server-2.27.jar:/home/user/.m2/repository/org/glassfish/jersey/core/jersey-client/2.27/jersey-client-2.27.jar:/home/user/.m2/repository/org/glassfish/jersey/media/jersey-media-jaxb/2.27/jersey-media-jaxb-2.27.jar:/home/user/.m2/repository/javax/validation/validation-api/1.1.0.Final/validation-api-1.1.0.Final.jar:/home/user/.m2/repository/org/glassfish/jersey/media/jersey-media-json-jackson/2.27/jersey-media-json-jackson-2.27.jar:/home/user/.m2/repository/org/glassfish/jersey/ext/jersey-entity-filtering/2.27/jersey-entity-filtering-2.27.jar:/home/user/.m2/repository/com/google/inject/extensions/guice-assistedinject/4.0/guice-assistedinject-4.0.jar:/home/user/.m2/repository/org/jooq/jooq/3.11.10/jooq-3.11.10.jar:/home/user/.m2/repository/org/jooq/jooq-meta/3.11.10/jooq-meta-3.11.10.jar:/home/user/.m2/repository/org/jooq/jooq-codegen/3.11.10/jooq-codegen-3.11.10.jar:/home/user/.m2/repository/com/jolbox/bonecp/0.8.0.RELEASE/bonecp-0.8.0.RELEASE.jar:/home/user/.m2/repository/org/xerial/sqlite-jdbc/3.25.2/sqlite-jdbc-3.25.2.jar:/home/user/.m2/repository/org/springframework/spring-jdbc/5.1.3.RELEASE/spring-jdbc-5.1.3.RELEASE.jar:/home/user/.m2/repository/org/springframework/spring-beans/5.1.3.RELEASE/spring-beans-5.1.3.RELEASE.jar:/home/user/.m2/repository/org/springframework/spring-core/5.1.3.RELEASE/spring-core-5.1.3.RELEASE.jar:/home/user/.m2/repository/org/springframework/spring-jcl/5.1.3.RELEASE/spring-jcl-5.1.3.RELEASE.jar:/home/user/.m2/repository/org/springframework/spring-tx/5.1.3.RELEASE/spring-tx-5.1.3.RELEASE.jar:/home/user/.m2/repository/org/apache/hadoop/hadoop-ozone-client/0.5.0-SNAPSHOT/hadoop-ozone-client-0.5.0-SNAPSHOT.jar:/home/user/.m2/repository/commons-lang/commons-lang/2.6/commons-lang-2.6.jar:/home/user/.m2/repository/org/apache/hadoop/hadoop-ozone-ozone-manager/0.5.0-SNAPSHOT/hadoop-ozone-ozone-manager-0.5.0-SNAPSHOT-tests.jar:/home/user/.m2/repository/junit/junit/4.11/junit-4.11.jar:/home/user/.m2/repository/org/hamcrest/hamcrest-core/1.3/hamcrest-core-1.3.jar:/home/user/.m2/repository/org/openjdk/jmh/jmh-core/1.19/jmh-core-1.19.jar:/home/user/.m2/repository/net/sf/jopt-simple/jopt-simple/4.6/jopt-simple-4.6.jar:/home/user/.m2/repository/org/apache/commons/commons-math3/3.1.1/commons-math3-3.1.1.jar:/home/user/.m2/repository/org/openjdk/jmh/jmh-generator-annprocess/1.19/jmh-generator-annprocess-1.19.jar:/home/user/.m2/repository/org/mockito/mockito-all/1.8.5/mockito-all-1.8.5.jar:/home/user/.m2/repository/org/apache/hadoop/hadoop-kms/3.2.0/hadoop-kms-3.2.0.jar:/home/user/.m2/repository/org/apache/hadoop/hadoop-auth/3.2.0/hadoop-auth-3.2.0.jar:/home/user/.m2/repository/com/nimbusds/nimbus-jose-jwt/4.41.1/nimbus-jose-jwt-4.41.1.jar:/home/user/.m2/repository/com/github/stephenc/jcip/jcip-annotations/1.0-1/jcip-annotations-1.0-1.jar:/home/user/.m2/repository/net/minidev/json-smart/2.3/json-smart-2.3.jar:/home/user/.m2/repository/net/minidev/accessors-smart/1.2/accessors-smart-1.2.jar:/home/user/.m2/repository/org/ow2/asm/asm/5.0.4/asm-5.0.4.jar:/home/user/.m2/repository/org/apache/curator/curator-framework/2.12.0/curator-framework-2.12.0.jar:/home/user/.m2/repository/com/sun/jersey/jersey-core/1.19/jersey-core-1.19.jar:/home/user/.m2/repository/javax/ws/rs/jsr311-api/1.1.1/jsr311-api-1.1.1.jar:/home/user/.m2/repository/com/sun/jersey/jersey-server/1.19/jersey-server-1.19.jar:/home/user/.m2/repository/javax/servlet/javax.servlet-api/3.1.0/javax.servlet-api-3.1.0.jar:/home/user/.m2/repository/org/eclipse/jetty/jetty-server/9.3.24.v20180605/jetty-server-9.3.24.v20180605.jar:/home/user/.m2/repository/org/eclipse/jetty/jetty-http/9.3.24.v20180605/jetty-http-9.3.24.v20180605.jar:/home/user/.m2/repository/org/eclipse/jetty/jetty-io/9.3.24.v20180605/jetty-io-9.3.24.v20180605.jar:/home/user/.m2/repository/org/eclipse/jetty/jetty-webapp/9.3.24.v20180605/jetty-webapp-9.3.24.v20180605.jar:/home/user/.m2/repository/org/eclipse/jetty/jetty-xml/9.3.24.v20180605/jetty-xml-9.3.24.v20180605.jar:/home/user/.m2/repository/log4j/log4j/1.2.17/log4j-1.2.17.jar:/home/user/.m2/repository/org/slf4j/slf4j-api/1.7.25/slf4j-api-1.7.25.jar:/home/user/.m2/repository/org/slf4j/jul-to-slf4j/1.7.25/jul-to-slf4j-1.7.25.jar:/home/user/.m2/repository/org/eclipse/jetty/jetty-util/9.3.24.v20180605/jetty-util-9.3.24.v20180605.jar:/home/user/.m2/repository/com/fasterxml/jackson/core/jackson-databind/2.9.5/jackson-databind-2.9.5.jar:/home/user/.m2/repository/org/apache/hadoop/hadoop-kms/3.2.0/hadoop-kms-3.2.0-tests.jar:/home/user/.m2/repository/org/apache/hadoop/hadoop-hdds-server-scm/0.5.0-SNAPSHOT/hadoop-hdds-server-scm-0.5.0-SNAPSHOT-tests.jar:/home/user/.m2/repository/org/apache/hadoop/hadoop-hdds-container-service/0.5.0-SNAPSHOT/hadoop-hdds-container-service-0.5.0-SNAPSHOT-tests.jar:/home/user/.m2/repository/org/yaml/snakeyaml/1.16/snakeyaml-1.16.jar:/home/user/.m2/repository/org/apache/hadoop/hadoop-common/3.2.0/hadoop-common-3.2.0-tests.jar:/home/user/.m2/repository/org/apache/hadoop/hadoop-annotations/3.2.0/hadoop-annotations-3.2.0.jar:/usr/lib/jvm/java-1.8-openjdk/jre/../lib/tools.jar:/home/user/.m2/repository/commons-cli/commons-cli/1.2/commons-cli-1.2.jar:/home/user/.m2/repository/org/apache/httpcomponents/httpclient/4.5.2/httpclient-4.5.2.jar:/home/user/.m2/repository/org/apache/httpcomponents/httpcore/4.4.4/httpcore-4.4.4.jar:/home/user/.m2/repository/commons-codec/commons-codec/1.11/commons-codec-1.11.jar:/home/user/.m2/repository/commons-net/commons-net/3.6/commons-net-3.6.jar:/home/user/.m2/repository/commons-collections/commons-collections/3.2.2/commons-collections-3.2.2.jar:/home/user/.m2/repository/org/eclipse/jetty/jetty-servlet/9.3.24.v20180605/jetty-servlet-9.3.24.v20180605.jar:/home/user/.m2/repository/org/eclipse/jetty/jetty-security/9.3.24.v20180605/jetty-security-9.3.24.v20180605.jar:/home/user/.m2/repository/javax/servlet/jsp/jsp-api/2.1/jsp-api-2.1.jar:/home/user/.m2/repository/com/sun/jersey/jersey-servlet/1.19/jersey-servlet-1.19.jar:/home/user/.m2/repository/com/sun/jersey/jersey-json/1.19/jersey-json-1.19.jar:/home/user/.m2/repository/org/codehaus/jettison/jettison/1.1/jettison-1.1.jar:/home/user/.m2/repository/org/codehaus/jackson/jackson-core-asl/1.9.13/jackson-core-asl-1.9.13.jar:/home/user/.m2/repository/org/codehaus/jackson/jackson-mapper-asl/1.9.13/jackson-mapper-asl-1.9.13.jar:/home/user/.m2/repository/org/codehaus/jackson/jackson-jaxrs/1.9.13/jackson-jaxrs-1.9.13.jar:/home/user/.m2/repository/org/codehaus/jackson/jackson-xc/1.9.13/jackson-xc-1.9.13.jar:/home/user/.m2/repository/commons-logging/commons-logging/1.1.3/commons-logging-1.1.3.jar:/home/user/.m2/repository/commons-beanutils/commons-beanutils/1.9.3/commons-beanutils-1.9.3.jar:/home/user/.m2/repository/org/apache/commons/commons-configuration2/2.1.1/commons-configuration2-2.1.1.jar:/home/user/.m2/repository/org/apache/commons/commons-lang3/3.7/commons-lang3-3.7.jar:/home/user/.m2/repository/org/apache/commons/commons-text/1.4/commons-text-1.4.jar:/home/user/.m2/repository/org/apache/avro/avro/1.7.7/avro-1.7.7.jar:/home/user/.m2/repository/com/thoughtworks/paranamer/paranamer/2.3/paranamer-2.3.jar:/home/user/.m2/repository/org/xerial/snappy/snappy-java/1.0.5/snappy-java-1.0.5.jar:/home/user/.m2/repository/com/google/re2j/re2j/1.1/re2j-1.1.jar:/home/user/.m2/repository/com/google/code/gson/gson/2.2.4/gson-2.2.4.jar:/home/user/.m2/repository/com/jcraft/jsch/0.1.54/jsch-0.1.54.jar:/home/user/.m2/repository/org/apache/curator/curator-client/2.12.0/curator-client-2.12.0.jar:/home/user/.m2/repository/org/apache/curator/curator-recipes/2.12.0/curator-recipes-2.12.0.jar:/home/user/.m2/repository/com/google/code/findbugs/jsr305/3.0.0/jsr305-3.0.0.jar:/home/user/.m2/repository/org/apache/htrace/htrace-core4/4.1.0-incubating/htrace-core4-4.1.0-incubating.jar:/home/user/.m2/repository/org/apache/zookeeper/zookeeper/3.4.13/zookeeper-3.4.13.jar:/home/user/.m2/repository/org/apache/yetus/audience-annotations/0.5.0/audience-annotations-0.5.0.jar:/home/user/.m2/repository/org/codehaus/woodstox/stax2-api/3.1.4/stax2-api-3.1.4.jar:/home/user/.m2/repository/com/fasterxml/woodstox/woodstox-core/5.0.3/woodstox-core-5.0.3.jar:/home/user/.m2/repository/dnsjava/dnsjava/2.1.7/dnsjava-2.1.7.jar:/home/user/.m2/repository/org/apache/hadoop/hadoop-hdfs/3.2.0/hadoop-hdfs-3.2.0-tests.jar:/home/user/.m2/repository/org/eclipse/jetty/jetty-util-ajax/9.3.24.v20180605/jetty-util-ajax-9.3.24.v20180605.jar:/home/user/.m2/repository/commons-daemon/commons-daemon/1.0.13/commons-daemon-1.0.13.jar:/home/user/.m2/repository/io/netty/netty/3.10.5.Final/netty-3.10.5.Final.jar:/home/user/.m2/repository/io/netty/netty-all/4.0.52.Final/netty-all-4.0.52.Final.jar:/home/user/.m2/repository/org/fusesource/leveldbjni/leveldbjni-all/1.8/leveldbjni-all-1.8.jar:"/>
    <property name="sun.cpu.endian" value="little"/>
    <property name="user.home" value="/home/user"/>
    <property name="user.language" value="en"/>
    <property name="java.specification.vendor" value="Oracle Corporation"/>
    <property name="java.home" value="/usr/lib/jvm/java-1.8-openjdk/jre"/>
    <property name="java.security.krb5.conf" value="/workdir/hadoop-ozone/integration-test/target/test-classes/krb5.conf"/>
    <property name="basedir" value="/workdir/hadoop-ozone/integration-test"/>
    <property name="file.separator" value="/"/>
    <property name="line.separator" value="&#10;"/>
    <property name="java.vm.specification.vendor" value="Oracle Corporation"/>
    <property name="java.specification.name" value="Java Platform API Specification"/>
    <property name="java.awt.graphicsenv" value="sun.awt.X11GraphicsEnvironment"/>
    <property name="surefire.real.class.path" value="/workdir/hadoop-ozone/integration-test/target/surefire/surefirebooter7972319546288024167.jar"/>
    <property name="hadoop.log.dir" value="/workdir/hadoop-ozone/integration-test/target/log"/>
    <property name="sun.boot.class.path" value="/usr/lib/jvm/java-1.8-openjdk/jre/lib/resources.jar:/usr/lib/jvm/java-1.8-openjdk/jre/lib/rt.jar:/usr/lib/jvm/java-1.8-openjdk/jre/lib/sunrsasign.jar:/usr/lib/jvm/java-1.8-openjdk/jre/lib/jsse.jar:/usr/lib/jvm/java-1.8-openjdk/jre/lib/jce.jar:/usr/lib/jvm/java-1.8-openjdk/jre/lib/charsets.jar:/usr/lib/jvm/java-1.8-openjdk/jre/lib/jfr.jar:/usr/lib/jvm/java-1.8-openjdk/jre/classes"/>
    <property name="sun.management.compiler" value="HotSpot 64-Bit Tiered Compilers"/>
    <property name="java.runtime.version" value="1.8.0_212-b04"/>
    <property name="java.net.preferIPv4Stack" value="true"/>
    <property name="user.name" value="jenkins1000"/>
    <property name="path.separator" value=":"/>
    <property name="java.security.egd" value="file:///dev/urandom"/>
    <property name="os.version" value="3.10.0-957.12.2.el7.x86_64"/>
    <property name="java.endorsed.dirs" value="/usr/lib/jvm/java-1.8-openjdk/jre/lib/endorsed"/>
    <property name="java.runtime.name" value="OpenJDK Runtime Environment"/>
    <property name="file.encoding" value="UTF-8"/>
    <property name="java.vm.name" value="OpenJDK 64-Bit Server VM"/>
    <property name="test.build.webapps" value=""/>
    <property name="localRepository" value="/home/user/.m2/repository"/>
    <property name="java.vendor.url.bug" value="https://icedtea.classpath.org/bugzilla"/>
    <property name="java.io.tmpdir" value="/tmp"/>
    <property name="require.test.libhadoop" value=""/>
    <property name="java.version" value="1.8.0_212"/>
    <property name="user.dir" value="/workdir/hadoop-ozone/integration-test"/>
    <property name="os.arch" value="amd64"/>
    <property name="java.vm.specification.name" value="Java Virtual Machine Specification"/>
    <property name="test.build.classes" value="/workdir/hadoop-ozone/integration-test/target/test-classes"/>
    <property name="java.awt.printerjob" value="sun.print.PSPrinterJob"/>
    <property name="sun.os.patch.level" value="unknown"/>
    <property name="hadoop.tmp.dir" value="/workdir/hadoop-ozone/integration-test/target/tmp"/>
    <property name="java.library.path" value="/usr/lib/jvm/java-1.8-openjdk/jre/lib/amd64/server:/usr/lib/jvm/java-1.8-openjdk/jre/lib/amd64:/usr/lib/jvm/java-1.8-openjdk/jre/../lib/amd64:/workdir/hadoop-ozone/integration-test/target/native/target/usr/local/lib:/workdir/hadoop-ozone/integration-test/../../hadoop-common-project/hadoop-common/target/native/target/usr/local/lib:/usr/java/packages/lib/amd64:/usr/lib64:/lib64:/lib:/usr/lib"/>
    <property name="java.vm.info" value="mixed mode"/>
    <property name="java.vendor" value="IcedTea"/>
    <property name="java.vm.version" value="25.212-b04"/>
    <property name="java.ext.dirs" value="/usr/lib/jvm/java-1.8-openjdk/jre/lib/ext:/usr/java/packages/lib/ext"/>
    <property name="sun.io.unicode.encoding" value="UnicodeLittle"/>
    <property name="java.class.version" value="52.0"/>
  </properties>
  <testcase name="test2WayCommitForRetryfailure" classname="org.apache.hadoop.ozone.client.rpc.Test2WayCommitInRatis" time="31.829">
    <error message="org.apache.ratis.protocol.RaftRetryFailureException: Failed RaftClientRequest:client-11B67285F035-&gt;b25c2e9d-35ec-472d-960e-341eeb805113@group-8E2C9D6670E9, cid=13, seq=1*, RW, org.apache.hadoop.hdds.scm.XceiverClientRatis$$Lambda$297/1762522689@5139a709 for 20 attempts with RetryLimited(maxAttempts=20, sleepTime=1000ms)" type="java.util.concurrent.ExecutionException">java.util.concurrent.ExecutionException: org.apache.ratis.protocol.RaftRetryFailureException: Failed RaftClientRequest:client-11B67285F035->b25c2e9d-35ec-472d-960e-341eeb805113@group-8E2C9D6670E9, cid=13, seq=1*, RW, org.apache.hadoop.hdds.scm.XceiverClientRatis$$Lambda$297/1762522689@5139a709 for 20 attempts with RetryLimited(maxAttempts=20, sleepTime=1000ms)
	at java.util.concurrent.CompletableFuture.reportGet(CompletableFuture.java:357)
	at java.util.concurrent.CompletableFuture.get(CompletableFuture.java:1895)
	at org.apache.hadoop.ozone.client.rpc.Test2WayCommitInRatis.test2WayCommitForRetryfailure(Test2WayCommitInRatis.java:138)
	at sun.reflect.NativeMethodAccessorImpl.invoke0(Native Method)
	at sun.reflect.NativeMethodAccessorImpl.invoke(NativeMethodAccessorImpl.java:62)
	at sun.reflect.DelegatingMethodAccessorImpl.invoke(DelegatingMethodAccessorImpl.java:43)
	at java.lang.reflect.Method.invoke(Method.java:498)
	at org.junit.runners.model.FrameworkMethod$1.runReflectiveCall(FrameworkMethod.java:47)
	at org.junit.internal.runners.model.ReflectiveCallable.run(ReflectiveCallable.java:12)
	at org.junit.runners.model.FrameworkMethod.invokeExplosively(FrameworkMethod.java:44)
	at org.junit.internal.runners.statements.InvokeMethod.evaluate(InvokeMethod.java:17)
	at org.junit.runners.ParentRunner.runLeaf(ParentRunner.java:271)
	at org.junit.runners.BlockJUnit4ClassRunner.runChild(BlockJUnit4ClassRunner.java:70)
	at org.junit.runners.BlockJUnit4ClassRunner.runChild(BlockJUnit4ClassRunner.java:50)
	at org.junit.runners.ParentRunner$3.run(ParentRunner.java:238)
	at org.junit.runners.ParentRunner$1.schedule(ParentRunner.java:63)
	at org.junit.runners.ParentRunner.runChildren(ParentRunner.java:236)
	at org.junit.runners.ParentRunner.access$000(ParentRunner.java:53)
	at org.junit.runners.ParentRunner$2.evaluate(ParentRunner.java:229)
	at org.junit.runners.ParentRunner.run(ParentRunner.java:309)
	at org.apache.maven.surefire.junit4.JUnit4Provider.execute(JUnit4Provider.java:365)
	at org.apache.maven.surefire.junit4.JUnit4Provider.executeWithRerun(JUnit4Provider.java:273)
	at org.apache.maven.surefire.junit4.JUnit4Provider.executeTestSet(JUnit4Provider.java:238)
	at org.apache.maven.surefire.junit4.JUnit4Provider.invoke(JUnit4Provider.java:159)
	at org.apache.maven.surefire.booter.ForkedBooter.invokeProviderInSameClassLoader(ForkedBooter.java:384)
	at org.apache.maven.surefire.booter.ForkedBooter.runSuitesInProcess(ForkedBooter.java:345)
	at org.apache.maven.surefire.booter.ForkedBooter.execute(ForkedBooter.java:126)
	at org.apache.maven.surefire.booter.ForkedBooter.main(ForkedBooter.java:418)
Caused by: org.apache.ratis.protocol.RaftRetryFailureException: Failed RaftClientRequest:client-11B67285F035->b25c2e9d-35ec-472d-960e-341eeb805113@group-8E2C9D6670E9, cid=13, seq=1*, RW, org.apache.hadoop.hdds.scm.XceiverClientRatis$$Lambda$297/1762522689@5139a709 for 20 attempts with RetryLimited(maxAttempts=20, sleepTime=1000ms)
	at org.apache.ratis.client.impl.RaftClientImpl.noMoreRetries(RaftClientImpl.java:272)
	at org.apache.ratis.client.impl.OrderedAsync.handleAsyncRetryFailure(OrderedAsync.java:138)
	at org.apache.ratis.client.impl.OrderedAsync.lambda$sendRequest$10(OrderedAsync.java:230)
	at java.util.concurrent.CompletableFuture.uniExceptionally(CompletableFuture.java:870)
	at java.util.concurrent.CompletableFuture$UniExceptionally.tryFire(CompletableFuture.java:852)
	at java.util.concurrent.CompletableFuture.postComplete(CompletableFuture.java:474)
	at java.util.concurrent.CompletableFuture.completeExceptionally(CompletableFuture.java:1977)
	at org.apache.ratis.grpc.client.GrpcClientProtocolClient$AsyncStreamObservers.completeReplyExceptionally(GrpcClientProtocolClient.java:330)
	at org.apache.ratis.grpc.client.GrpcClientProtocolClient$AsyncStreamObservers.access$000(GrpcClientProtocolClient.java:246)
	at org.apache.ratis.grpc.client.GrpcClientProtocolClient$AsyncStreamObservers$1.onNext(GrpcClientProtocolClient.java:258)
	at org.apache.ratis.grpc.client.GrpcClientProtocolClient$AsyncStreamObservers$1.onNext(GrpcClientProtocolClient.java:249)
	at org.apache.ratis.thirdparty.io.grpc.stub.ClientCalls$StreamObserverToCallListenerAdapter.onMessage(ClientCalls.java:421)
	at org.apache.ratis.thirdparty.io.grpc.ForwardingClientCallListener.onMessage(ForwardingClientCallListener.java:33)
	at org.apache.ratis.thirdparty.io.grpc.ForwardingClientCallListener.onMessage(ForwardingClientCallListener.java:33)
	at org.apache.ratis.thirdparty.io.grpc.internal.ClientCallImpl$ClientStreamListenerImpl$1MessagesAvailable.runInContext(ClientCallImpl.java:519)
	at org.apache.ratis.thirdparty.io.grpc.internal.ContextRunnable.run(ContextRunnable.java:37)
	at org.apache.ratis.thirdparty.io.grpc.internal.SerializingExecutor.run(SerializingExecutor.java:123)
	at java.util.concurrent.ThreadPoolExecutor.runWorker(ThreadPoolExecutor.java:1149)
	at java.util.concurrent.ThreadPoolExecutor$Worker.run(ThreadPoolExecutor.java:624)
	at java.lang.Thread.run(Thread.java:748)
Caused by: org.apache.ratis.protocol.NotLeaderException: Server b25c2e9d-35ec-472d-960e-341eeb805113 is not the leader (null). Request must be sent to leader.
	at org.apache.ratis.client.impl.ClientProtoUtils.toRaftClientReply(ClientProtoUtils.java:242)
	at org.apache.ratis.grpc.client.GrpcClientProtocolClient$AsyncStreamObservers$1.onNext(GrpcClientProtocolClient.java:254)
	... 10 more
</error>
    <system-out><![CDATA[2019-08-20 14:08:38,149 [main] WARN  server.ServerUtils (ServerUtils.java:getScmDbDir(145)) - ozone.scm.db.dirs is not configured. We recommend adding this setting. Falling back to ozone.metadata.dirs instead.
2019-08-20 14:08:38,278 [main] WARN  server.ServerUtils (ServerUtils.java:getScmDbDir(145)) - ozone.scm.db.dirs is not configured. We recommend adding this setting. Falling back to ozone.metadata.dirs instead.
2019-08-20 14:08:38,282 [main] WARN  server.ServerUtils (ServerUtils.java:getScmDbDir(145)) - ozone.scm.db.dirs is not configured. We recommend adding this setting. Falling back to ozone.metadata.dirs instead.
2019-08-20 14:08:38,303 [main] INFO  util.log (Log.java:initialized(192)) - Logging initialized @816ms
2019-08-20 14:08:38,438 [main] INFO  db.DBStoreBuilder (DBStoreBuilder.java:addTable(110)) - using custom profile for table: deletedBlocks
2019-08-20 14:08:38,439 [main] INFO  db.DBStoreBuilder (DBStoreBuilder.java:processTables(161)) - Using default column profile:DBProfile.DISK for Table:deletedBlocks
2019-08-20 14:08:38,439 [main] INFO  db.DBStoreBuilder (DBStoreBuilder.java:addTable(110)) - using custom profile for table: validCerts
2019-08-20 14:08:38,440 [main] INFO  db.DBStoreBuilder (DBStoreBuilder.java:processTables(161)) - Using default column profile:DBProfile.DISK for Table:validCerts
2019-08-20 14:08:38,440 [main] INFO  db.DBStoreBuilder (DBStoreBuilder.java:addTable(110)) - using custom profile for table: revokedCerts
2019-08-20 14:08:38,440 [main] INFO  db.DBStoreBuilder (DBStoreBuilder.java:processTables(161)) - Using default column profile:DBProfile.DISK for Table:revokedCerts
2019-08-20 14:08:38,455 [main] INFO  db.DBStoreBuilder (DBStoreBuilder.java:addTable(110)) - using custom profile for table: default
2019-08-20 14:08:38,456 [main] INFO  db.DBStoreBuilder (DBStoreBuilder.java:processTables(167)) - Using default column profile:DBProfile.DISK for Table:default
2019-08-20 14:08:38,457 [main] INFO  db.DBStoreBuilder (DBStoreBuilder.java:getDbProfile(198)) - Using default options. DBProfile.DISK
2019-08-20 14:08:38,612 [main] INFO  net.NodeSchemaLoader (NodeSchemaLoader.java:loadSchemaFromFile(125)) - Loading file from sun.misc.CompoundEnumeration@6eda5c9
2019-08-20 14:08:38,613 [main] INFO  net.NodeSchemaLoader (NodeSchemaLoader.java:loadSchema(171)) - Loading network topology layer schema file
2019-08-20 14:08:38,697 [main] WARN  server.ServerUtils (ServerUtils.java:sanitizeUserArgs(70)) - ozone.scm.stale.node.interval value = 300000 is larger than max = 100000 based on the key value of ozone.scm.heartbeat.thread.interval, reset to the max value 100000.
2019-08-20 14:08:38,699 [main] WARN  server.ServerUtils (ServerUtils.java:sanitizeUserArgs(70)) - ozone.scm.stale.node.interval value = 300000 is larger than max = 100000 based on the key value of ozone.scm.heartbeat.thread.interval, reset to the max value 100000.
2019-08-20 14:08:38,701 [main] INFO  node.SCMNodeManager (SCMNodeManager.java:<init>(121)) - Entering startup safe mode.
2019-08-20 14:08:38,778 [main] INFO  algorithms.ContainerPlacementPolicyFactory (ContainerPlacementPolicyFactory.java:getPolicy(55)) - Create container placement policy of type org.apache.hadoop.hdds.scm.container.placement.algorithms.SCMContainerPlacementRandom
2019-08-20 14:08:38,795 [main] WARN  server.ServerUtils (ServerUtils.java:getScmDbDir(145)) - ozone.scm.db.dirs is not configured. We recommend adding this setting. Falling back to ozone.metadata.dirs instead.
2019-08-20 14:08:38,852 [main] INFO  pipeline.SCMPipelineManager (SCMPipelineManager.java:initializePipelineState(126)) - No pipeline exists in current db
2019-08-20 14:08:38,855 [main] WARN  server.ServerUtils (ServerUtils.java:getScmDbDir(145)) - ozone.scm.db.dirs is not configured. We recommend adding this setting. Falling back to ozone.metadata.dirs instead.
2019-08-20 14:08:38,940 [main] WARN  events.EventQueue (EventQueue.java:fireEvent(175)) - No event handler registered for event TypedEvent{payloadType=SafeModeStatus, name='SafeModeStatus'}
2019-08-20 14:08:39,507 [main] INFO  ipc.CallQueueManager (CallQueueManager.java:<init>(84)) - Using callQueue: class java.util.concurrent.LinkedBlockingQueue, queueCapacity: 2000, scheduler: class org.apache.hadoop.ipc.DefaultRpcScheduler, ipcBackoff: false.
2019-08-20 14:08:39,748 [Socket Reader #1 for port 33170] INFO  ipc.Server (Server.java:run(1074)) - Starting Socket Reader #1 for port 33170
2019-08-20 14:08:39,773 [main] INFO  ipc.CallQueueManager (CallQueueManager.java:<init>(84)) - Using callQueue: class java.util.concurrent.LinkedBlockingQueue, queueCapacity: 2000, scheduler: class org.apache.hadoop.ipc.DefaultRpcScheduler, ipcBackoff: false.
2019-08-20 14:08:39,774 [Socket Reader #1 for port 34266] INFO  ipc.Server (Server.java:run(1074)) - Starting Socket Reader #1 for port 34266
2019-08-20 14:08:39,782 [main] INFO  ipc.CallQueueManager (CallQueueManager.java:<init>(84)) - Using callQueue: class java.util.concurrent.LinkedBlockingQueue, queueCapacity: 2000, scheduler: class org.apache.hadoop.ipc.DefaultRpcScheduler, ipcBackoff: false.
2019-08-20 14:08:39,783 [Socket Reader #1 for port 46171] INFO  ipc.Server (Server.java:run(1074)) - Starting Socket Reader #1 for port 46171
2019-08-20 14:08:39,805 [main] INFO  hdfs.DFSUtil (DFSUtil.java:httpServerTemplateForNNAndJN(1641)) - Starting Web-server for scm at: http://0.0.0.0:0
2019-08-20 14:08:39,971 [main] INFO  server.AuthenticationFilter (AuthenticationFilter.java:constructSecretProvider(240)) - Unable to initialize FileSignerSecretProvider, falling back to use random secrets.
2019-08-20 14:08:39,979 [main] WARN  http.HttpRequestLog (HttpRequestLog.java:getRequestLog(97)) - Jetty request log can only be enabled using Log4j
2019-08-20 14:08:39,987 [main] INFO  http.HttpServer2 (HttpServer2.java:addGlobalFilter(975)) - Added global filter 'safety' (class=org.apache.hadoop.http.HttpServer2$QuotingInputFilter)
2019-08-20 14:08:39,990 [main] INFO  http.HttpServer2 (HttpServer2.java:addFilter(948)) - Added filter static_user_filter (class=org.apache.hadoop.http.lib.StaticUserWebFilter$StaticUserFilter) to context scm
2019-08-20 14:08:39,990 [main] INFO  http.HttpServer2 (HttpServer2.java:addFilter(958)) - Added filter static_user_filter (class=org.apache.hadoop.http.lib.StaticUserWebFilter$StaticUserFilter) to context logs
2019-08-20 14:08:39,990 [main] INFO  http.HttpServer2 (HttpServer2.java:addFilter(958)) - Added filter static_user_filter (class=org.apache.hadoop.http.lib.StaticUserWebFilter$StaticUserFilter) to context static
2019-08-20 14:08:40,017 [main] INFO  server.StorageContainerManager (StorageContainerManager.java:start(759)) - StorageContainerLocationProtocol RPC server is listening at /0.0.0.0:46171
2019-08-20 14:08:40,072 [main] WARN  impl.MetricsConfig (MetricsConfig.java:loadFirst(134)) - Cannot locate configuration: tried hadoop-metrics2-storagecontainermanager.properties,hadoop-metrics2.properties
2019-08-20 14:08:40,085 [main] INFO  impl.MetricsSystemImpl (MetricsSystemImpl.java:startTimer(374)) - Scheduled Metric snapshot period at 10 second(s).
2019-08-20 14:08:40,085 [main] INFO  impl.MetricsSystemImpl (MetricsSystemImpl.java:start(191)) - StorageContainerManager metrics system started
2019-08-20 14:08:40,317 [main] INFO  server.SCMClientProtocolServer (SCMClientProtocolServer.java:start(151)) - RPC server for Client  is listening at /0.0.0.0:46171
2019-08-20 14:08:40,317 [IPC Server listener on 46171] INFO  ipc.Server (Server.java:run(1153)) - IPC Server listener on 46171: starting
2019-08-20 14:08:40,318 [IPC Server Responder] INFO  ipc.Server (Server.java:run(1314)) - IPC Server Responder: starting
2019-08-20 14:08:40,320 [main] INFO  server.StorageContainerManager (StorageContainerManager.java:start(769)) - ScmBlockLocationProtocol RPC server is listening at /0.0.0.0:34266
2019-08-20 14:08:40,320 [main] INFO  server.SCMBlockProtocolServer (SCMBlockProtocolServer.java:start(140)) - RPC server for Block Protocol is listening at /0.0.0.0:34266
2019-08-20 14:08:40,321 [IPC Server listener on 34266] INFO  ipc.Server (Server.java:run(1153)) - IPC Server listener on 34266: starting
2019-08-20 14:08:40,321 [IPC Server Responder] INFO  ipc.Server (Server.java:run(1314)) - IPC Server Responder: starting
2019-08-20 14:08:40,329 [main] INFO  server.StorageContainerManager (StorageContainerManager.java:start(773)) - ScmDatanodeProtocl RPC server is listening at /0.0.0.0:33170
2019-08-20 14:08:40,329 [main] INFO  server.SCMDatanodeProtocolServer (SCMDatanodeProtocolServer.java:start(191)) - RPC server for DataNodes is listening at /0.0.0.0:33170
2019-08-20 14:08:40,331 [IPC Server Responder] INFO  ipc.Server (Server.java:run(1314)) - IPC Server Responder: starting
2019-08-20 14:08:40,331 [IPC Server listener on 33170] INFO  ipc.Server (Server.java:run(1153)) - IPC Server listener on 33170: starting
2019-08-20 14:08:40,342 [main] INFO  http.HttpServer2 (HttpServer2.java:bindListener(1191)) - Jetty bound to port 43739
2019-08-20 14:08:40,344 [main] INFO  server.Server (Server.java:doStart(351)) - jetty-9.3.24.v20180605, build timestamp: 2018-06-05T17:11:56Z, git hash: 84205aa28f11a4f31f2a3b86d1bba2cc8ab69827
2019-08-20 14:08:40,384 [main] INFO  handler.ContextHandler (ContextHandler.java:doStart(781)) - Started o.e.j.s.ServletContextHandler@47a5b70d{/logs,file:///workdir/hadoop-ozone/integration-test/target/log,AVAILABLE}
2019-08-20 14:08:40,385 [main] INFO  handler.ContextHandler (ContextHandler.java:doStart(781)) - Started o.e.j.s.ServletContextHandler@1a45193b{/static,file:///workdir/hadoop-ozone/integration-test/target/test-classes/webapps/static,AVAILABLE}
2019-08-20 14:08:40,419 [main] INFO  handler.ContextHandler (ContextHandler.java:doStart(781)) - Started o.e.j.w.WebAppContext@30b34287{/,file:///workdir/hadoop-ozone/integration-test/target/test-classes/webapps/scm/,AVAILABLE}{/scm}
2019-08-20 14:08:40,425 [main] INFO  server.AbstractConnector (AbstractConnector.java:doStart(278)) - Started ServerConnector@672f11c2{HTTP/1.1,[http/1.1]}{0.0.0.0:43739}
2019-08-20 14:08:40,426 [main] INFO  server.Server (Server.java:doStart(419)) - Started @2939ms
2019-08-20 14:08:40,427 [main] INFO  server.BaseHttpServer (BaseHttpServer.java:updateConnectorAddress(213)) - HTTP server of SCM is listening at http://0.0.0.0:43739
2019-08-20 14:08:40,434 [org.apache.hadoop.util.JvmPauseMonitor$Monitor@173b9122] INFO  util.JvmPauseMonitor (JvmPauseMonitor.java:run(188)) - Starting JVM pause monitor
2019-08-20 14:08:40,439 [main] WARN  server.ServerUtils (ServerUtils.java:getDBPath(222)) - ozone.om.db.dirs is not configured. We recommend adding this setting. Falling back to ozone.metadata.dirs instead.
2019-08-20 14:08:40,543 [main] WARN  server.ServerUtils (ServerUtils.java:getDBPath(222)) - ozone.om.db.dirs is not configured. We recommend adding this setting. Falling back to ozone.metadata.dirs instead.
2019-08-20 14:08:40,544 [main] WARN  server.ServerUtils (ServerUtils.java:getDBPath(222)) - ozone.om.db.dirs is not configured. We recommend adding this setting. Falling back to ozone.metadata.dirs instead.
2019-08-20 14:08:40,545 [main] INFO  om.OzoneManager (OzoneManager.java:setOMNodeDetails(648)) - OM Service ID is not set. Setting it to the default ID: omServiceIdDefault
2019-08-20 14:08:40,545 [main] INFO  om.OzoneManager (OzoneManager.java:setOMNodeDetails(654)) - OM Node ID is not set. Setting it to the OmStorage's OmID: 97b1e782-06ad-41ac-8fa3-1f6120f1468b
2019-08-20 14:08:40,546 [main] INFO  om.OzoneManager (OzoneManager.java:loadOMHAConfigs(605)) - Found matching OM address with OMServiceId: null, OMNodeId: null, RPC Address: localhost:0 and Ratis port: 9872
2019-08-20 14:08:40,794 | INFO  | SCMAudit | user=jenkins1000 | ip=192.168.69.96 | op=GET_SCM_INFO null | ret=SUCCESS |  
2019-08-20 14:08:41,275 [main] WARN  server.ServerUtils (ServerUtils.java:getDBPath(222)) - ozone.om.db.dirs is not configured. We recommend adding this setting. Falling back to ozone.metadata.dirs instead.
2019-08-20 14:08:41,282 [main] INFO  db.DBStoreBuilder (DBStoreBuilder.java:addTable(110)) - using custom profile for table: userTable
2019-08-20 14:08:41,282 [main] INFO  db.DBStoreBuilder (DBStoreBuilder.java:processTables(161)) - Using default column profile:DBProfile.DISK for Table:userTable
2019-08-20 14:08:41,282 [main] INFO  db.DBStoreBuilder (DBStoreBuilder.java:addTable(110)) - using custom profile for table: volumeTable
2019-08-20 14:08:41,282 [main] INFO  db.DBStoreBuilder (DBStoreBuilder.java:processTables(161)) - Using default column profile:DBProfile.DISK for Table:volumeTable
2019-08-20 14:08:41,283 [main] INFO  db.DBStoreBuilder (DBStoreBuilder.java:addTable(110)) - using custom profile for table: bucketTable
2019-08-20 14:08:41,283 [main] INFO  db.DBStoreBuilder (DBStoreBuilder.java:processTables(161)) - Using default column profile:DBProfile.DISK for Table:bucketTable
2019-08-20 14:08:41,283 [main] INFO  db.DBStoreBuilder (DBStoreBuilder.java:addTable(110)) - using custom profile for table: keyTable
2019-08-20 14:08:41,283 [main] INFO  db.DBStoreBuilder (DBStoreBuilder.java:processTables(161)) - Using default column profile:DBProfile.DISK for Table:keyTable
2019-08-20 14:08:41,284 [main] INFO  db.DBStoreBuilder (DBStoreBuilder.java:addTable(110)) - using custom profile for table: deletedTable
2019-08-20 14:08:41,284 [main] INFO  db.DBStoreBuilder (DBStoreBuilder.java:processTables(161)) - Using default column profile:DBProfile.DISK for Table:deletedTable
2019-08-20 14:08:41,284 [main] INFO  db.DBStoreBuilder (DBStoreBuilder.java:addTable(110)) - using custom profile for table: openKeyTable
2019-08-20 14:08:41,284 [main] INFO  db.DBStoreBuilder (DBStoreBuilder.java:processTables(161)) - Using default column profile:DBProfile.DISK for Table:openKeyTable
2019-08-20 14:08:41,284 [main] INFO  db.DBStoreBuilder (DBStoreBuilder.java:addTable(110)) - using custom profile for table: s3Table
2019-08-20 14:08:41,285 [main] INFO  db.DBStoreBuilder (DBStoreBuilder.java:processTables(161)) - Using default column profile:DBProfile.DISK for Table:s3Table
2019-08-20 14:08:41,285 [main] INFO  db.DBStoreBuilder (DBStoreBuilder.java:addTable(110)) - using custom profile for table: multipartInfoTable
2019-08-20 14:08:41,285 [main] INFO  db.DBStoreBuilder (DBStoreBuilder.java:processTables(161)) - Using default column profile:DBProfile.DISK for Table:multipartInfoTable
2019-08-20 14:08:41,285 [main] INFO  db.DBStoreBuilder (DBStoreBuilder.java:addTable(110)) - using custom profile for table: dTokenTable
2019-08-20 14:08:41,285 [main] INFO  db.DBStoreBuilder (DBStoreBuilder.java:processTables(161)) - Using default column profile:DBProfile.DISK for Table:dTokenTable
2019-08-20 14:08:41,286 [main] INFO  db.DBStoreBuilder (DBStoreBuilder.java:addTable(110)) - using custom profile for table: s3SecretTable
2019-08-20 14:08:41,286 [main] INFO  db.DBStoreBuilder (DBStoreBuilder.java:processTables(161)) - Using default column profile:DBProfile.DISK for Table:s3SecretTable
2019-08-20 14:08:41,286 [main] INFO  db.DBStoreBuilder (DBStoreBuilder.java:addTable(110)) - using custom profile for table: prefixTable
2019-08-20 14:08:41,286 [main] INFO  db.DBStoreBuilder (DBStoreBuilder.java:processTables(161)) - Using default column profile:DBProfile.DISK for Table:prefixTable
2019-08-20 14:08:41,286 [main] INFO  db.DBStoreBuilder (DBStoreBuilder.java:addTable(110)) - using custom profile for table: default
2019-08-20 14:08:41,287 [main] INFO  db.DBStoreBuilder (DBStoreBuilder.java:processTables(167)) - Using default column profile:DBProfile.DISK for Table:default
2019-08-20 14:08:41,287 [main] INFO  db.DBStoreBuilder (DBStoreBuilder.java:getDbProfile(198)) - Using default options. DBProfile.DISK
2019-08-20 14:08:41,841 [main] INFO  ipc.CallQueueManager (CallQueueManager.java:<init>(84)) - Using callQueue: class java.util.concurrent.LinkedBlockingQueue, queueCapacity: 2000, scheduler: class org.apache.hadoop.ipc.DefaultRpcScheduler, ipcBackoff: false.
2019-08-20 14:08:41,842 [Socket Reader #1 for port 34747] INFO  ipc.Server (Server.java:run(1074)) - Starting Socket Reader #1 for port 34747
2019-08-20 14:08:41,861 [main] INFO  om.OzoneManager (OzoneManager.java:start(1259)) - OzoneManager RPC server is listening at localhost/127.0.0.1:34747
2019-08-20 14:08:41,861 [main] INFO  impl.MetricsSystemImpl (MetricsSystemImpl.java:init(158)) - OzoneManager metrics system started (again)
2019-08-20 14:08:41,863 [IPC Server Responder] INFO  ipc.Server (Server.java:run(1314)) - IPC Server Responder: starting
2019-08-20 14:08:41,863 [IPC Server listener on 34747] INFO  ipc.Server (Server.java:run(1153)) - IPC Server listener on 34747: starting
2019-08-20 14:08:41,875 [main] INFO  hdfs.DFSUtil (DFSUtil.java:httpServerTemplateForNNAndJN(1641)) - Starting Web-server for ozoneManager at: http://0.0.0.0:0
2019-08-20 14:08:41,877 [main] INFO  server.AuthenticationFilter (AuthenticationFilter.java:constructSecretProvider(240)) - Unable to initialize FileSignerSecretProvider, falling back to use random secrets.
2019-08-20 14:08:41,878 [main] WARN  http.HttpRequestLog (HttpRequestLog.java:getRequestLog(97)) - Jetty request log can only be enabled using Log4j
2019-08-20 14:08:41,880 [main] INFO  http.HttpServer2 (HttpServer2.java:addGlobalFilter(975)) - Added global filter 'safety' (class=org.apache.hadoop.http.HttpServer2$QuotingInputFilter)
2019-08-20 14:08:41,881 [main] INFO  http.HttpServer2 (HttpServer2.java:addFilter(948)) - Added filter static_user_filter (class=org.apache.hadoop.http.lib.StaticUserWebFilter$StaticUserFilter) to context ozoneManager
2019-08-20 14:08:41,881 [main] INFO  http.HttpServer2 (HttpServer2.java:addFilter(958)) - Added filter static_user_filter (class=org.apache.hadoop.http.lib.StaticUserWebFilter$StaticUserFilter) to context static
2019-08-20 14:08:41,881 [main] INFO  http.HttpServer2 (HttpServer2.java:addFilter(958)) - Added filter static_user_filter (class=org.apache.hadoop.http.lib.StaticUserWebFilter$StaticUserFilter) to context logs
2019-08-20 14:08:42,043 [main] INFO  http.HttpServer2 (HttpServer2.java:bindListener(1191)) - Jetty bound to port 35982
2019-08-20 14:08:42,044 [main] INFO  server.Server (Server.java:doStart(351)) - jetty-9.3.24.v20180605, build timestamp: 2018-06-05T17:11:56Z, git hash: 84205aa28f11a4f31f2a3b86d1bba2cc8ab69827
2019-08-20 14:08:42,047 [main] INFO  handler.ContextHandler (ContextHandler.java:doStart(781)) - Started o.e.j.s.ServletContextHandler@2c16fadb{/logs,file:///workdir/hadoop-ozone/integration-test/target/log,AVAILABLE}
2019-08-20 14:08:42,051 [main] INFO  handler.ContextHandler (ContextHandler.java:doStart(781)) - Started o.e.j.s.ServletContextHandler@2227a6c1{/static,file:///workdir/hadoop-ozone/integration-test/target/test-classes/webapps/static,AVAILABLE}
2019-08-20 14:08:42,059 [main] INFO  handler.ContextHandler (ContextHandler.java:doStart(781)) - Started o.e.j.w.WebAppContext@49601f82{/,file:///workdir/hadoop-ozone/integration-test/target/test-classes/webapps/ozoneManager/,AVAILABLE}{/ozoneManager}
2019-08-20 14:08:42,060 [main] INFO  server.AbstractConnector (AbstractConnector.java:doStart(278)) - Started ServerConnector@23e44287{HTTP/1.1,[http/1.1]}{0.0.0.0:35982}
2019-08-20 14:08:42,061 [main] INFO  server.Server (Server.java:doStart(419)) - Started @4574ms
2019-08-20 14:08:42,062 [main] INFO  server.BaseHttpServer (BaseHttpServer.java:updateConnectorAddress(213)) - HTTP server of OZONEMANAGER is listening at http://0.0.0.0:35982
2019-08-20 14:08:42,240 [main] INFO  impl.MetricsSystemImpl (MetricsSystemImpl.java:init(158)) - HddsDatanode metrics system started (again)
2019-08-20 14:08:42,325 [main] INFO  ozone.HddsDatanodeService (HddsDatanodeService.java:start(184)) - HddsDatanodeService host:pr-hdds-1946lgncr-3764977478 ip:192.168.69.96
2019-08-20 14:08:42,356 [main] INFO  volume.HddsVolume (HddsVolume.java:<init>(176)) - Creating Volume: /workdir/hadoop-ozone/integration-test/target/test-dir/MiniOzoneClusterImpl-bff17f4a-0019-4841-b5a2-5fb699c84b2c/datanode-0/data/containers/hdds of  storage type : DISK and capacity : 1482555576320
2019-08-20 14:08:42,358 [main] INFO  volume.VolumeSet (VolumeSet.java:initializeVolumeSet(170)) - Added Volume : /workdir/hadoop-ozone/integration-test/target/test-dir/MiniOzoneClusterImpl-bff17f4a-0019-4841-b5a2-5fb699c84b2c/datanode-0/data/containers/hdds to VolumeSet
2019-08-20 14:08:42,360 [main] INFO  volume.ThrottledAsyncChecker (ThrottledAsyncChecker.java:schedule(140)) - Scheduling a check for org.apache.hadoop.ozone.container.common.volume.HddsVolume@468be356
2019-08-20 14:08:42,389 [main] INFO  volume.HddsVolumeChecker (HddsVolumeChecker.java:checkAllVolumes(203)) - Scheduled health check for volume org.apache.hadoop.ozone.container.common.volume.HddsVolume@468be356
2019-08-20 14:08:42,504 [main] INFO  impl.RaftServerProxy (ConfUtils.java:logGet(43)) - raft.rpc.type = GRPC (default)
2019-08-20 14:08:42,573 [main] INFO  grpc.GrpcFactory (GrpcFactory.java:checkPooledByteBufAllocatorUseCacheForAllThreads(45)) - PERFORMANCE WARNING: useCacheForAllThreads is true that may cause Netty to create a lot garbage objects and, as a result, trigger GC.
	It is recommended to disable useCacheForAllThreads by setting -Dorg.apache.ratis.thirdparty.io.netty.allocator.useCacheForAllThreads=false in command line.
2019-08-20 14:08:42,578 [main] INFO  grpc.GrpcConfigKeys$Server (ConfUtils.java:logGet(43)) - raft.grpc.server.port = 0 (default)
2019-08-20 14:08:42,580 [main] INFO  server.GrpcService (ConfUtils.java:logGet(43)) - raft.grpc.message.size.max = 33570816 (custom)
2019-08-20 14:08:42,582 [main] INFO  server.RaftServerConfigKeys (ConfUtils.java:logGet(43)) - raft.server.log.appender.buffer.byte-limit = 33554432 (custom)
2019-08-20 14:08:42,583 [main] INFO  server.GrpcService (ConfUtils.java:logGet(43)) - raft.grpc.flow.control.window = 1MB (=1048576) (default)
2019-08-20 14:08:42,584 [main] INFO  server.RaftServerConfigKeys (ConfUtils.java:logGet(43)) - raft.server.rpc.request.timeout = 3000ms (default)
2019-08-20 14:08:42,755 [main] INFO  server.RaftServerConfigKeys (ConfUtils.java:logGet(43)) - raft.server.storage.dir = [/workdir/hadoop-ozone/integration-test/target/test-dir/MiniOzoneClusterImpl-bff17f4a-0019-4841-b5a2-5fb699c84b2c/datanode-0/data/ratis] (custom)
2019-08-20 14:08:42,793 [main] INFO  replication.SimpleContainerDownloader (SimpleContainerDownloader.java:<init>(72)) - Starting container downloader service to copy containers to replicate.
2019-08-20 14:08:42,807 [main] INFO  hdfs.DFSUtil (DFSUtil.java:httpServerTemplateForNNAndJN(1641)) - Starting Web-server for hddsDatanode at: http://0.0.0.0:0
2019-08-20 14:08:42,810 [main] INFO  server.AuthenticationFilter (AuthenticationFilter.java:constructSecretProvider(240)) - Unable to initialize FileSignerSecretProvider, falling back to use random secrets.
2019-08-20 14:08:42,811 [main] WARN  http.HttpRequestLog (HttpRequestLog.java:getRequestLog(97)) - Jetty request log can only be enabled using Log4j
2019-08-20 14:08:42,814 [main] INFO  http.HttpServer2 (HttpServer2.java:addGlobalFilter(975)) - Added global filter 'safety' (class=org.apache.hadoop.http.HttpServer2$QuotingInputFilter)
2019-08-20 14:08:42,815 [main] INFO  http.HttpServer2 (HttpServer2.java:addFilter(948)) - Added filter static_user_filter (class=org.apache.hadoop.http.lib.StaticUserWebFilter$StaticUserFilter) to context hddsDatanode
2019-08-20 14:08:42,816 [main] INFO  http.HttpServer2 (HttpServer2.java:addFilter(958)) - Added filter static_user_filter (class=org.apache.hadoop.http.lib.StaticUserWebFilter$StaticUserFilter) to context static
2019-08-20 14:08:42,816 [main] INFO  http.HttpServer2 (HttpServer2.java:addFilter(958)) - Added filter static_user_filter (class=org.apache.hadoop.http.lib.StaticUserWebFilter$StaticUserFilter) to context logs
2019-08-20 14:08:42,818 [main] INFO  http.HttpServer2 (HttpServer2.java:bindListener(1191)) - Jetty bound to port 36674
2019-08-20 14:08:42,818 [main] INFO  server.Server (Server.java:doStart(351)) - jetty-9.3.24.v20180605, build timestamp: 2018-06-05T17:11:56Z, git hash: 84205aa28f11a4f31f2a3b86d1bba2cc8ab69827
2019-08-20 14:08:42,821 [main] INFO  handler.ContextHandler (ContextHandler.java:doStart(781)) - Started o.e.j.s.ServletContextHandler@22eaa86e{/logs,file:///workdir/hadoop-ozone/integration-test/target/log,AVAILABLE}
2019-08-20 14:08:42,822 [main] INFO  handler.ContextHandler (ContextHandler.java:doStart(781)) - Started o.e.j.s.ServletContextHandler@1cc680e{/static,jar:file:/home/user/.m2/repository/org/apache/hadoop/hadoop-hdds-container-service/0.5.0-SNAPSHOT/hadoop-hdds-container-service-0.5.0-SNAPSHOT.jar!/webapps/static,AVAILABLE}
2019-08-20 14:08:42,864 [main] INFO  handler.ContextHandler (ContextHandler.java:doStart(781)) - Started o.e.j.w.WebAppContext@a5272be{/,file:///tmp/jetty-0.0.0.0-36674-hddsDatanode-_-any-5866553605672032863.dir/webapp/,AVAILABLE}{/hddsDatanode}
2019-08-20 14:08:42,866 [main] INFO  server.AbstractConnector (AbstractConnector.java:doStart(278)) - Started ServerConnector@58ba5b30{HTTP/1.1,[http/1.1]}{0.0.0.0:36674}
2019-08-20 14:08:42,866 [main] INFO  server.Server (Server.java:doStart(419)) - Started @5380ms
2019-08-20 14:08:42,868 [main] INFO  server.BaseHttpServer (BaseHttpServer.java:updateConnectorAddress(213)) - HTTP server of HDDSDATANODE is listening at http://0.0.0.0:36674
2019-08-20 14:08:43,995 | INFO  | ObjectStoreRestHttpServer | Listening HDDS REST traffic on /0.0.0.0:35896 |  
2019-08-20 14:08:43,996 [main] INFO  ozone.HddsDatanodeService (HddsDatanodeService.java:startPlugins(395)) - Started plug-in org.apache.hadoop.ozone.web.OzoneHddsDatanodeService@7b351446
2019-08-20 14:08:43,998 [main] INFO  impl.MetricsSystemImpl (MetricsSystemImpl.java:init(158)) - HddsDatanode metrics system started (again)
2019-08-20 14:08:44,001 [main] INFO  ozone.HddsDatanodeService (HddsDatanodeService.java:start(184)) - HddsDatanodeService host:pr-hdds-1946lgncr-3764977478 ip:192.168.69.96
2019-08-20 14:08:44,007 [org.apache.hadoop.util.JvmPauseMonitor$Monitor@44bc7291] INFO  util.JvmPauseMonitor (JvmPauseMonitor.java:run(188)) - Starting JVM pause monitor
2019-08-20 14:08:44,012 [main] INFO  volume.HddsVolume (HddsVolume.java:<init>(176)) - Creating Volume: /workdir/hadoop-ozone/integration-test/target/test-dir/MiniOzoneClusterImpl-bff17f4a-0019-4841-b5a2-5fb699c84b2c/datanode-1/data/containers/hdds of  storage type : DISK and capacity : 1482555576320
2019-08-20 14:08:44,013 [main] INFO  volume.VolumeSet (VolumeSet.java:initializeVolumeSet(170)) - Added Volume : /workdir/hadoop-ozone/integration-test/target/test-dir/MiniOzoneClusterImpl-bff17f4a-0019-4841-b5a2-5fb699c84b2c/datanode-1/data/containers/hdds to VolumeSet
2019-08-20 14:08:44,014 [main] INFO  volume.ThrottledAsyncChecker (ThrottledAsyncChecker.java:schedule(140)) - Scheduling a check for org.apache.hadoop.ozone.container.common.volume.HddsVolume@55e1192
2019-08-20 14:08:44,016 [main] INFO  volume.HddsVolumeChecker (HddsVolumeChecker.java:checkAllVolumes(203)) - Scheduled health check for volume org.apache.hadoop.ozone.container.common.volume.HddsVolume@55e1192
2019-08-20 14:08:44,049 [main] INFO  impl.RaftServerProxy (ConfUtils.java:logGet(43)) - raft.rpc.type = GRPC (default)
2019-08-20 14:08:44,049 [main] INFO  grpc.GrpcFactory (GrpcFactory.java:checkPooledByteBufAllocatorUseCacheForAllThreads(45)) - PERFORMANCE WARNING: useCacheForAllThreads is true that may cause Netty to create a lot garbage objects and, as a result, trigger GC.
	It is recommended to disable useCacheForAllThreads by setting -Dorg.apache.ratis.thirdparty.io.netty.allocator.useCacheForAllThreads=false in command line.
2019-08-20 14:08:44,050 [main] INFO  grpc.GrpcConfigKeys$Server (ConfUtils.java:logGet(43)) - raft.grpc.server.port = 0 (default)
2019-08-20 14:08:44,050 [main] INFO  server.GrpcService (ConfUtils.java:logGet(43)) - raft.grpc.message.size.max = 33570816 (custom)
2019-08-20 14:08:44,051 [main] INFO  server.RaftServerConfigKeys (ConfUtils.java:logGet(43)) - raft.server.log.appender.buffer.byte-limit = 33554432 (custom)
2019-08-20 14:08:44,051 [main] INFO  server.GrpcService (ConfUtils.java:logGet(43)) - raft.grpc.flow.control.window = 1MB (=1048576) (default)
2019-08-20 14:08:44,052 [main] INFO  server.RaftServerConfigKeys (ConfUtils.java:logGet(43)) - raft.server.rpc.request.timeout = 3000ms (default)
2019-08-20 14:08:44,053 [main] INFO  server.RaftServerConfigKeys (ConfUtils.java:logGet(43)) - raft.server.storage.dir = [/workdir/hadoop-ozone/integration-test/target/test-dir/MiniOzoneClusterImpl-bff17f4a-0019-4841-b5a2-5fb699c84b2c/datanode-1/data/ratis] (custom)
2019-08-20 14:08:44,054 [main] INFO  replication.SimpleContainerDownloader (SimpleContainerDownloader.java:<init>(72)) - Starting container downloader service to copy containers to replicate.
2019-08-20 14:08:44,055 [main] INFO  hdfs.DFSUtil (DFSUtil.java:httpServerTemplateForNNAndJN(1641)) - Starting Web-server for hddsDatanode at: http://0.0.0.0:0
2019-08-20 14:08:44,057 [main] INFO  server.AuthenticationFilter (AuthenticationFilter.java:constructSecretProvider(240)) - Unable to initialize FileSignerSecretProvider, falling back to use random secrets.
2019-08-20 14:08:44,058 [main] WARN  http.HttpRequestLog (HttpRequestLog.java:getRequestLog(97)) - Jetty request log can only be enabled using Log4j
2019-08-20 14:08:44,060 [main] INFO  http.HttpServer2 (HttpServer2.java:addGlobalFilter(975)) - Added global filter 'safety' (class=org.apache.hadoop.http.HttpServer2$QuotingInputFilter)
2019-08-20 14:08:44,060 [main] INFO  http.HttpServer2 (HttpServer2.java:addFilter(948)) - Added filter static_user_filter (class=org.apache.hadoop.http.lib.StaticUserWebFilter$StaticUserFilter) to context hddsDatanode
2019-08-20 14:08:44,061 [main] INFO  http.HttpServer2 (HttpServer2.java:addFilter(958)) - Added filter static_user_filter (class=org.apache.hadoop.http.lib.StaticUserWebFilter$StaticUserFilter) to context logs
2019-08-20 14:08:44,061 [main] INFO  http.HttpServer2 (HttpServer2.java:addFilter(958)) - Added filter static_user_filter (class=org.apache.hadoop.http.lib.StaticUserWebFilter$StaticUserFilter) to context static
2019-08-20 14:08:44,062 [main] INFO  http.HttpServer2 (HttpServer2.java:bindListener(1191)) - Jetty bound to port 34229
2019-08-20 14:08:44,062 [main] INFO  server.Server (Server.java:doStart(351)) - jetty-9.3.24.v20180605, build timestamp: 2018-06-05T17:11:56Z, git hash: 84205aa28f11a4f31f2a3b86d1bba2cc8ab69827
2019-08-20 14:08:44,065 [main] INFO  handler.ContextHandler (ContextHandler.java:doStart(781)) - Started o.e.j.s.ServletContextHandler@6f6cc7da{/logs,file:///workdir/hadoop-ozone/integration-test/target/log,AVAILABLE}
2019-08-20 14:08:44,066 [main] INFO  handler.ContextHandler (ContextHandler.java:doStart(781)) - Started o.e.j.s.ServletContextHandler@29f3c438{/static,jar:file:/home/user/.m2/repository/org/apache/hadoop/hadoop-hdds-container-service/0.5.0-SNAPSHOT/hadoop-hdds-container-service-0.5.0-SNAPSHOT.jar!/webapps/static,AVAILABLE}
2019-08-20 14:08:44,101 [main] INFO  handler.ContextHandler (ContextHandler.java:doStart(781)) - Started o.e.j.w.WebAppContext@2f3928ac{/,file:///tmp/jetty-0.0.0.0-34229-hddsDatanode-_-any-3943563005600669896.dir/webapp/,AVAILABLE}{/hddsDatanode}
2019-08-20 14:08:44,102 [main] INFO  server.AbstractConnector (AbstractConnector.java:doStart(278)) - Started ServerConnector@4bf03fee{HTTP/1.1,[http/1.1]}{0.0.0.0:34229}
2019-08-20 14:08:44,103 [main] INFO  server.Server (Server.java:doStart(419)) - Started @6616ms
2019-08-20 14:08:44,105 [main] INFO  server.BaseHttpServer (BaseHttpServer.java:updateConnectorAddress(213)) - HTTP server of HDDSDATANODE is listening at http://0.0.0.0:34229
2019-08-20 14:08:44,117 [Datanode State Machine Thread - 0] INFO  datanode.InitDatanodeState (InitDatanodeState.java:persistContainerDatanodeDetails(140)) - DatanodeDetails is persisted to /workdir/hadoop-ozone/integration-test/target/test-dir/MiniOzoneClusterImpl-bff17f4a-0019-4841-b5a2-5fb699c84b2c/datanode-0/meta/datanode.id
2019-08-20 14:08:44,260 | INFO  | ObjectStoreRestHttpServer | Listening HDDS REST traffic on /0.0.0.0:44568 |  
2019-08-20 14:08:44,261 [main] INFO  ozone.HddsDatanodeService (HddsDatanodeService.java:startPlugins(395)) - Started plug-in org.apache.hadoop.ozone.web.OzoneHddsDatanodeService@679d0be8
2019-08-20 14:08:44,261 [main] INFO  impl.MetricsSystemImpl (MetricsSystemImpl.java:init(158)) - HddsDatanode metrics system started (again)
2019-08-20 14:08:44,264 [org.apache.hadoop.util.JvmPauseMonitor$Monitor@782a2e89] INFO  util.JvmPauseMonitor (JvmPauseMonitor.java:run(188)) - Starting JVM pause monitor
2019-08-20 14:08:44,265 [main] INFO  ozone.HddsDatanodeService (HddsDatanodeService.java:start(184)) - HddsDatanodeService host:pr-hdds-1946lgncr-3764977478 ip:192.168.69.96
2019-08-20 14:08:44,272 [Datanode State Machine Thread - 0] INFO  datanode.InitDatanodeState (InitDatanodeState.java:persistContainerDatanodeDetails(140)) - DatanodeDetails is persisted to /workdir/hadoop-ozone/integration-test/target/test-dir/MiniOzoneClusterImpl-bff17f4a-0019-4841-b5a2-5fb699c84b2c/datanode-1/meta/datanode.id
2019-08-20 14:08:44,277 [main] INFO  volume.HddsVolume (HddsVolume.java:<init>(176)) - Creating Volume: /workdir/hadoop-ozone/integration-test/target/test-dir/MiniOzoneClusterImpl-bff17f4a-0019-4841-b5a2-5fb699c84b2c/datanode-2/data/containers/hdds of  storage type : DISK and capacity : 1482555576320
2019-08-20 14:08:44,278 [main] INFO  volume.VolumeSet (VolumeSet.java:initializeVolumeSet(170)) - Added Volume : /workdir/hadoop-ozone/integration-test/target/test-dir/MiniOzoneClusterImpl-bff17f4a-0019-4841-b5a2-5fb699c84b2c/datanode-2/data/containers/hdds to VolumeSet
2019-08-20 14:08:44,278 [main] INFO  volume.ThrottledAsyncChecker (ThrottledAsyncChecker.java:schedule(140)) - Scheduling a check for org.apache.hadoop.ozone.container.common.volume.HddsVolume@551be9f6
2019-08-20 14:08:44,279 [main] INFO  volume.HddsVolumeChecker (HddsVolumeChecker.java:checkAllVolumes(203)) - Scheduled health check for volume org.apache.hadoop.ozone.container.common.volume.HddsVolume@551be9f6
2019-08-20 14:08:44,303 [main] INFO  impl.RaftServerProxy (ConfUtils.java:logGet(43)) - raft.rpc.type = GRPC (default)
2019-08-20 14:08:44,303 [main] INFO  grpc.GrpcFactory (GrpcFactory.java:checkPooledByteBufAllocatorUseCacheForAllThreads(45)) - PERFORMANCE WARNING: useCacheForAllThreads is true that may cause Netty to create a lot garbage objects and, as a result, trigger GC.
	It is recommended to disable useCacheForAllThreads by setting -Dorg.apache.ratis.thirdparty.io.netty.allocator.useCacheForAllThreads=false in command line.
2019-08-20 14:08:44,304 [main] INFO  grpc.GrpcConfigKeys$Server (ConfUtils.java:logGet(43)) - raft.grpc.server.port = 0 (default)
2019-08-20 14:08:44,304 [main] INFO  server.GrpcService (ConfUtils.java:logGet(43)) - raft.grpc.message.size.max = 33570816 (custom)
2019-08-20 14:08:44,305 [main] INFO  server.RaftServerConfigKeys (ConfUtils.java:logGet(43)) - raft.server.log.appender.buffer.byte-limit = 33554432 (custom)
2019-08-20 14:08:44,305 [main] INFO  server.GrpcService (ConfUtils.java:logGet(43)) - raft.grpc.flow.control.window = 1MB (=1048576) (default)
2019-08-20 14:08:44,306 [main] INFO  server.RaftServerConfigKeys (ConfUtils.java:logGet(43)) - raft.server.rpc.request.timeout = 3000ms (default)
2019-08-20 14:08:44,306 [main] INFO  server.RaftServerConfigKeys (ConfUtils.java:logGet(43)) - raft.server.storage.dir = [/workdir/hadoop-ozone/integration-test/target/test-dir/MiniOzoneClusterImpl-bff17f4a-0019-4841-b5a2-5fb699c84b2c/datanode-2/data/ratis] (custom)
2019-08-20 14:08:44,308 [main] INFO  replication.SimpleContainerDownloader (SimpleContainerDownloader.java:<init>(72)) - Starting container downloader service to copy containers to replicate.
2019-08-20 14:08:44,310 [main] INFO  hdfs.DFSUtil (DFSUtil.java:httpServerTemplateForNNAndJN(1641)) - Starting Web-server for hddsDatanode at: http://0.0.0.0:0
2019-08-20 14:08:44,312 [main] INFO  server.AuthenticationFilter (AuthenticationFilter.java:constructSecretProvider(240)) - Unable to initialize FileSignerSecretProvider, falling back to use random secrets.
2019-08-20 14:08:44,312 [main] WARN  http.HttpRequestLog (HttpRequestLog.java:getRequestLog(97)) - Jetty request log can only be enabled using Log4j
2019-08-20 14:08:44,315 [main] INFO  http.HttpServer2 (HttpServer2.java:addGlobalFilter(975)) - Added global filter 'safety' (class=org.apache.hadoop.http.HttpServer2$QuotingInputFilter)
2019-08-20 14:08:44,316 [main] INFO  http.HttpServer2 (HttpServer2.java:addFilter(948)) - Added filter static_user_filter (class=org.apache.hadoop.http.lib.StaticUserWebFilter$StaticUserFilter) to context hddsDatanode
2019-08-20 14:08:44,316 [main] INFO  http.HttpServer2 (HttpServer2.java:addFilter(958)) - Added filter static_user_filter (class=org.apache.hadoop.http.lib.StaticUserWebFilter$StaticUserFilter) to context logs
2019-08-20 14:08:44,316 [main] INFO  http.HttpServer2 (HttpServer2.java:addFilter(958)) - Added filter static_user_filter (class=org.apache.hadoop.http.lib.StaticUserWebFilter$StaticUserFilter) to context static
2019-08-20 14:08:44,317 [main] INFO  http.HttpServer2 (HttpServer2.java:bindListener(1191)) - Jetty bound to port 40768
2019-08-20 14:08:44,318 [main] INFO  server.Server (Server.java:doStart(351)) - jetty-9.3.24.v20180605, build timestamp: 2018-06-05T17:11:56Z, git hash: 84205aa28f11a4f31f2a3b86d1bba2cc8ab69827
2019-08-20 14:08:44,320 [main] INFO  handler.ContextHandler (ContextHandler.java:doStart(781)) - Started o.e.j.s.ServletContextHandler@5db3d57c{/logs,file:///workdir/hadoop-ozone/integration-test/target/log,AVAILABLE}
2019-08-20 14:08:44,321 [main] INFO  handler.ContextHandler (ContextHandler.java:doStart(781)) - Started o.e.j.s.ServletContextHandler@74ba6ff5{/static,jar:file:/home/user/.m2/repository/org/apache/hadoop/hadoop-hdds-container-service/0.5.0-SNAPSHOT/hadoop-hdds-container-service-0.5.0-SNAPSHOT.jar!/webapps/static,AVAILABLE}
2019-08-20 14:08:44,361 [main] INFO  handler.ContextHandler (ContextHandler.java:doStart(781)) - Started o.e.j.w.WebAppContext@5aa76ad2{/,file:///tmp/jetty-0.0.0.0-40768-hddsDatanode-_-any-5919322369282802025.dir/webapp/,AVAILABLE}{/hddsDatanode}
2019-08-20 14:08:44,362 [main] INFO  server.AbstractConnector (AbstractConnector.java:doStart(278)) - Started ServerConnector@590d6c76{HTTP/1.1,[http/1.1]}{0.0.0.0:40768}
2019-08-20 14:08:44,362 [main] INFO  server.Server (Server.java:doStart(419)) - Started @6876ms
2019-08-20 14:08:44,364 [main] INFO  server.BaseHttpServer (BaseHttpServer.java:updateConnectorAddress(213)) - HTTP server of HDDSDATANODE is listening at http://0.0.0.0:40768
2019-08-20 14:08:44,497 | INFO  | ObjectStoreRestHttpServer | Listening HDDS REST traffic on /0.0.0.0:34592 |  
2019-08-20 14:08:44,497 [main] INFO  ozone.HddsDatanodeService (HddsDatanodeService.java:startPlugins(395)) - Started plug-in org.apache.hadoop.ozone.web.OzoneHddsDatanodeService@3e6ec74
2019-08-20 14:08:44,498 [main] INFO  impl.MetricsSystemImpl (MetricsSystemImpl.java:init(158)) - HddsDatanode metrics system started (again)
2019-08-20 14:08:44,502 [main] INFO  ozone.HddsDatanodeService (HddsDatanodeService.java:start(184)) - HddsDatanodeService host:pr-hdds-1946lgncr-3764977478 ip:192.168.69.96
2019-08-20 14:08:44,502 [org.apache.hadoop.util.JvmPauseMonitor$Monitor@2ab822c2] INFO  util.JvmPauseMonitor (JvmPauseMonitor.java:run(188)) - Starting JVM pause monitor
2019-08-20 14:08:44,504 [Datanode State Machine Thread - 0] INFO  datanode.InitDatanodeState (InitDatanodeState.java:persistContainerDatanodeDetails(140)) - DatanodeDetails is persisted to /workdir/hadoop-ozone/integration-test/target/test-dir/MiniOzoneClusterImpl-bff17f4a-0019-4841-b5a2-5fb699c84b2c/datanode-2/meta/datanode.id
2019-08-20 14:08:44,510 [main] INFO  volume.HddsVolume (HddsVolume.java:<init>(176)) - Creating Volume: /workdir/hadoop-ozone/integration-test/target/test-dir/MiniOzoneClusterImpl-bff17f4a-0019-4841-b5a2-5fb699c84b2c/datanode-3/data/containers/hdds of  storage type : DISK and capacity : 1482555576320
2019-08-20 14:08:44,510 [main] INFO  volume.VolumeSet (VolumeSet.java:initializeVolumeSet(170)) - Added Volume : /workdir/hadoop-ozone/integration-test/target/test-dir/MiniOzoneClusterImpl-bff17f4a-0019-4841-b5a2-5fb699c84b2c/datanode-3/data/containers/hdds to VolumeSet
2019-08-20 14:08:44,510 [main] INFO  volume.ThrottledAsyncChecker (ThrottledAsyncChecker.java:schedule(140)) - Scheduling a check for org.apache.hadoop.ozone.container.common.volume.HddsVolume@2c9306d3
2019-08-20 14:08:44,511 [main] INFO  volume.HddsVolumeChecker (HddsVolumeChecker.java:checkAllVolumes(203)) - Scheduled health check for volume org.apache.hadoop.ozone.container.common.volume.HddsVolume@2c9306d3
2019-08-20 14:08:44,525 [main] INFO  impl.RaftServerProxy (ConfUtils.java:logGet(43)) - raft.rpc.type = GRPC (default)
2019-08-20 14:08:44,526 [main] INFO  grpc.GrpcFactory (GrpcFactory.java:checkPooledByteBufAllocatorUseCacheForAllThreads(45)) - PERFORMANCE WARNING: useCacheForAllThreads is true that may cause Netty to create a lot garbage objects and, as a result, trigger GC.
	It is recommended to disable useCacheForAllThreads by setting -Dorg.apache.ratis.thirdparty.io.netty.allocator.useCacheForAllThreads=false in command line.
2019-08-20 14:08:44,526 [main] INFO  grpc.GrpcConfigKeys$Server (ConfUtils.java:logGet(43)) - raft.grpc.server.port = 0 (default)
2019-08-20 14:08:44,526 [main] INFO  server.GrpcService (ConfUtils.java:logGet(43)) - raft.grpc.message.size.max = 33570816 (custom)
2019-08-20 14:08:44,526 [main] INFO  server.RaftServerConfigKeys (ConfUtils.java:logGet(43)) - raft.server.log.appender.buffer.byte-limit = 33554432 (custom)
2019-08-20 14:08:44,527 [main] INFO  server.GrpcService (ConfUtils.java:logGet(43)) - raft.grpc.flow.control.window = 1MB (=1048576) (default)
2019-08-20 14:08:44,527 [main] INFO  server.RaftServerConfigKeys (ConfUtils.java:logGet(43)) - raft.server.rpc.request.timeout = 3000ms (default)
2019-08-20 14:08:44,527 [main] INFO  server.RaftServerConfigKeys (ConfUtils.java:logGet(43)) - raft.server.storage.dir = [/workdir/hadoop-ozone/integration-test/target/test-dir/MiniOzoneClusterImpl-bff17f4a-0019-4841-b5a2-5fb699c84b2c/datanode-3/data/ratis] (custom)
2019-08-20 14:08:44,528 [main] INFO  replication.SimpleContainerDownloader (SimpleContainerDownloader.java:<init>(72)) - Starting container downloader service to copy containers to replicate.
2019-08-20 14:08:44,529 [main] INFO  hdfs.DFSUtil (DFSUtil.java:httpServerTemplateForNNAndJN(1641)) - Starting Web-server for hddsDatanode at: http://0.0.0.0:0
2019-08-20 14:08:44,531 [main] INFO  server.AuthenticationFilter (AuthenticationFilter.java:constructSecretProvider(240)) - Unable to initialize FileSignerSecretProvider, falling back to use random secrets.
2019-08-20 14:08:44,531 [main] WARN  http.HttpRequestLog (HttpRequestLog.java:getRequestLog(97)) - Jetty request log can only be enabled using Log4j
2019-08-20 14:08:44,533 [main] INFO  http.HttpServer2 (HttpServer2.java:addGlobalFilter(975)) - Added global filter 'safety' (class=org.apache.hadoop.http.HttpServer2$QuotingInputFilter)
2019-08-20 14:08:44,534 [main] INFO  http.HttpServer2 (HttpServer2.java:addFilter(948)) - Added filter static_user_filter (class=org.apache.hadoop.http.lib.StaticUserWebFilter$StaticUserFilter) to context hddsDatanode
2019-08-20 14:08:44,534 [main] INFO  http.HttpServer2 (HttpServer2.java:addFilter(958)) - Added filter static_user_filter (class=org.apache.hadoop.http.lib.StaticUserWebFilter$StaticUserFilter) to context static
2019-08-20 14:08:44,534 [main] INFO  http.HttpServer2 (HttpServer2.java:addFilter(958)) - Added filter static_user_filter (class=org.apache.hadoop.http.lib.StaticUserWebFilter$StaticUserFilter) to context logs
2019-08-20 14:08:44,535 [main] INFO  http.HttpServer2 (HttpServer2.java:bindListener(1191)) - Jetty bound to port 40284
2019-08-20 14:08:44,535 [main] INFO  server.Server (Server.java:doStart(351)) - jetty-9.3.24.v20180605, build timestamp: 2018-06-05T17:11:56Z, git hash: 84205aa28f11a4f31f2a3b86d1bba2cc8ab69827
2019-08-20 14:08:44,539 [main] INFO  handler.ContextHandler (ContextHandler.java:doStart(781)) - Started o.e.j.s.ServletContextHandler@5e905f2c{/logs,file:///workdir/hadoop-ozone/integration-test/target/log,AVAILABLE}
2019-08-20 14:08:44,540 [main] INFO  handler.ContextHandler (ContextHandler.java:doStart(781)) - Started o.e.j.s.ServletContextHandler@3f6cce7f{/static,jar:file:/home/user/.m2/repository/org/apache/hadoop/hadoop-hdds-container-service/0.5.0-SNAPSHOT/hadoop-hdds-container-service-0.5.0-SNAPSHOT.jar!/webapps/static,AVAILABLE}
2019-08-20 14:08:44,568 [main] INFO  handler.ContextHandler (ContextHandler.java:doStart(781)) - Started o.e.j.w.WebAppContext@6d4a82{/,file:///tmp/jetty-0.0.0.0-40284-hddsDatanode-_-any-4656215317548541703.dir/webapp/,AVAILABLE}{/hddsDatanode}
2019-08-20 14:08:44,569 [main] INFO  server.AbstractConnector (AbstractConnector.java:doStart(278)) - Started ServerConnector@14f060b8{HTTP/1.1,[http/1.1]}{0.0.0.0:40284}
2019-08-20 14:08:44,570 [main] INFO  server.Server (Server.java:doStart(419)) - Started @7083ms
2019-08-20 14:08:44,570 [main] INFO  server.BaseHttpServer (BaseHttpServer.java:updateConnectorAddress(213)) - HTTP server of HDDSDATANODE is listening at http://0.0.0.0:40284
2019-08-20 14:08:44,712 | INFO  | ObjectStoreRestHttpServer | Listening HDDS REST traffic on /0.0.0.0:35407 |  
2019-08-20 14:08:44,712 [main] INFO  ozone.HddsDatanodeService (HddsDatanodeService.java:startPlugins(395)) - Started plug-in org.apache.hadoop.ozone.web.OzoneHddsDatanodeService@11c581a0
2019-08-20 14:08:44,713 [main] INFO  impl.MetricsSystemImpl (MetricsSystemImpl.java:init(158)) - HddsDatanode metrics system started (again)
2019-08-20 14:08:44,716 [main] INFO  ozone.HddsDatanodeService (HddsDatanodeService.java:start(184)) - HddsDatanodeService host:pr-hdds-1946lgncr-3764977478 ip:192.168.69.96
2019-08-20 14:08:44,717 [org.apache.hadoop.util.JvmPauseMonitor$Monitor@7f5cd44a] INFO  util.JvmPauseMonitor (JvmPauseMonitor.java:run(188)) - Starting JVM pause monitor
2019-08-20 14:08:44,719 [Datanode State Machine Thread - 0] INFO  datanode.InitDatanodeState (InitDatanodeState.java:persistContainerDatanodeDetails(140)) - DatanodeDetails is persisted to /workdir/hadoop-ozone/integration-test/target/test-dir/MiniOzoneClusterImpl-bff17f4a-0019-4841-b5a2-5fb699c84b2c/datanode-3/meta/datanode.id
2019-08-20 14:08:44,725 [main] INFO  volume.HddsVolume (HddsVolume.java:<init>(176)) - Creating Volume: /workdir/hadoop-ozone/integration-test/target/test-dir/MiniOzoneClusterImpl-bff17f4a-0019-4841-b5a2-5fb699c84b2c/datanode-4/data/containers/hdds of  storage type : DISK and capacity : 1482555576320
2019-08-20 14:08:44,725 [main] INFO  volume.VolumeSet (VolumeSet.java:initializeVolumeSet(170)) - Added Volume : /workdir/hadoop-ozone/integration-test/target/test-dir/MiniOzoneClusterImpl-bff17f4a-0019-4841-b5a2-5fb699c84b2c/datanode-4/data/containers/hdds to VolumeSet
2019-08-20 14:08:44,726 [main] INFO  volume.ThrottledAsyncChecker (ThrottledAsyncChecker.java:schedule(140)) - Scheduling a check for org.apache.hadoop.ozone.container.common.volume.HddsVolume@1edfedf1
2019-08-20 14:08:44,726 [main] INFO  volume.HddsVolumeChecker (HddsVolumeChecker.java:checkAllVolumes(203)) - Scheduled health check for volume org.apache.hadoop.ozone.container.common.volume.HddsVolume@1edfedf1
2019-08-20 14:08:44,741 [main] INFO  impl.RaftServerProxy (ConfUtils.java:logGet(43)) - raft.rpc.type = GRPC (default)
2019-08-20 14:08:44,742 [main] INFO  grpc.GrpcFactory (GrpcFactory.java:checkPooledByteBufAllocatorUseCacheForAllThreads(45)) - PERFORMANCE WARNING: useCacheForAllThreads is true that may cause Netty to create a lot garbage objects and, as a result, trigger GC.
	It is recommended to disable useCacheForAllThreads by setting -Dorg.apache.ratis.thirdparty.io.netty.allocator.useCacheForAllThreads=false in command line.
2019-08-20 14:08:44,742 [main] INFO  grpc.GrpcConfigKeys$Server (ConfUtils.java:logGet(43)) - raft.grpc.server.port = 0 (default)
2019-08-20 14:08:44,742 [main] INFO  server.GrpcService (ConfUtils.java:logGet(43)) - raft.grpc.message.size.max = 33570816 (custom)
2019-08-20 14:08:44,742 [main] INFO  server.RaftServerConfigKeys (ConfUtils.java:logGet(43)) - raft.server.log.appender.buffer.byte-limit = 33554432 (custom)
2019-08-20 14:08:44,743 [main] INFO  server.GrpcService (ConfUtils.java:logGet(43)) - raft.grpc.flow.control.window = 1MB (=1048576) (default)
2019-08-20 14:08:44,743 [main] INFO  server.RaftServerConfigKeys (ConfUtils.java:logGet(43)) - raft.server.rpc.request.timeout = 3000ms (default)
2019-08-20 14:08:44,743 [main] INFO  server.RaftServerConfigKeys (ConfUtils.java:logGet(43)) - raft.server.storage.dir = [/workdir/hadoop-ozone/integration-test/target/test-dir/MiniOzoneClusterImpl-bff17f4a-0019-4841-b5a2-5fb699c84b2c/datanode-4/data/ratis] (custom)
2019-08-20 14:08:44,744 [main] INFO  replication.SimpleContainerDownloader (SimpleContainerDownloader.java:<init>(72)) - Starting container downloader service to copy containers to replicate.
2019-08-20 14:08:44,745 [main] INFO  hdfs.DFSUtil (DFSUtil.java:httpServerTemplateForNNAndJN(1641)) - Starting Web-server for hddsDatanode at: http://0.0.0.0:0
2019-08-20 14:08:44,746 [main] INFO  server.AuthenticationFilter (AuthenticationFilter.java:constructSecretProvider(240)) - Unable to initialize FileSignerSecretProvider, falling back to use random secrets.
2019-08-20 14:08:44,747 [main] WARN  http.HttpRequestLog (HttpRequestLog.java:getRequestLog(97)) - Jetty request log can only be enabled using Log4j
2019-08-20 14:08:44,748 [main] INFO  http.HttpServer2 (HttpServer2.java:addGlobalFilter(975)) - Added global filter 'safety' (class=org.apache.hadoop.http.HttpServer2$QuotingInputFilter)
2019-08-20 14:08:44,749 [main] INFO  http.HttpServer2 (HttpServer2.java:addFilter(948)) - Added filter static_user_filter (class=org.apache.hadoop.http.lib.StaticUserWebFilter$StaticUserFilter) to context hddsDatanode
2019-08-20 14:08:44,749 [main] INFO  http.HttpServer2 (HttpServer2.java:addFilter(958)) - Added filter static_user_filter (class=org.apache.hadoop.http.lib.StaticUserWebFilter$StaticUserFilter) to context static
2019-08-20 14:08:44,749 [main] INFO  http.HttpServer2 (HttpServer2.java:addFilter(958)) - Added filter static_user_filter (class=org.apache.hadoop.http.lib.StaticUserWebFilter$StaticUserFilter) to context logs
2019-08-20 14:08:44,750 [main] INFO  http.HttpServer2 (HttpServer2.java:bindListener(1191)) - Jetty bound to port 43113
2019-08-20 14:08:44,750 [main] INFO  server.Server (Server.java:doStart(351)) - jetty-9.3.24.v20180605, build timestamp: 2018-06-05T17:11:56Z, git hash: 84205aa28f11a4f31f2a3b86d1bba2cc8ab69827
2019-08-20 14:08:44,754 [main] INFO  handler.ContextHandler (ContextHandler.java:doStart(781)) - Started o.e.j.s.ServletContextHandler@72c4a3aa{/logs,file:///workdir/hadoop-ozone/integration-test/target/log,AVAILABLE}
2019-08-20 14:08:44,755 [main] INFO  handler.ContextHandler (ContextHandler.java:doStart(781)) - Started o.e.j.s.ServletContextHandler@3711c71c{/static,jar:file:/home/user/.m2/repository/org/apache/hadoop/hadoop-hdds-container-service/0.5.0-SNAPSHOT/hadoop-hdds-container-service-0.5.0-SNAPSHOT.jar!/webapps/static,AVAILABLE}
2019-08-20 14:08:44,798 [main] INFO  handler.ContextHandler (ContextHandler.java:doStart(781)) - Started o.e.j.w.WebAppContext@66713605{/,file:///tmp/jetty-0.0.0.0-43113-hddsDatanode-_-any-9051855842003268365.dir/webapp/,AVAILABLE}{/hddsDatanode}
2019-08-20 14:08:44,799 [main] INFO  server.AbstractConnector (AbstractConnector.java:doStart(278)) - Started ServerConnector@2ab09943{HTTP/1.1,[http/1.1]}{0.0.0.0:43113}
2019-08-20 14:08:44,800 [main] INFO  server.Server (Server.java:doStart(419)) - Started @7313ms
2019-08-20 14:08:44,800 [main] INFO  server.BaseHttpServer (BaseHttpServer.java:updateConnectorAddress(213)) - HTTP server of HDDSDATANODE is listening at http://0.0.0.0:43113
2019-08-20 14:08:45,004 | INFO  | ObjectStoreRestHttpServer | Listening HDDS REST traffic on /0.0.0.0:37794 |  
2019-08-20 14:08:45,004 [main] INFO  ozone.HddsDatanodeService (HddsDatanodeService.java:startPlugins(395)) - Started plug-in org.apache.hadoop.ozone.web.OzoneHddsDatanodeService@2dd0a0d0
2019-08-20 14:08:45,005 [main] INFO  impl.MetricsSystemImpl (MetricsSystemImpl.java:init(158)) - HddsDatanode metrics system started (again)
2019-08-20 14:08:45,008 [org.apache.hadoop.util.JvmPauseMonitor$Monitor@57084044] INFO  util.JvmPauseMonitor (JvmPauseMonitor.java:run(188)) - Starting JVM pause monitor
2019-08-20 14:08:45,008 [main] INFO  ozone.HddsDatanodeService (HddsDatanodeService.java:start(184)) - HddsDatanodeService host:pr-hdds-1946lgncr-3764977478 ip:192.168.69.96
2019-08-20 14:08:45,009 [Datanode State Machine Thread - 0] INFO  datanode.InitDatanodeState (InitDatanodeState.java:persistContainerDatanodeDetails(140)) - DatanodeDetails is persisted to /workdir/hadoop-ozone/integration-test/target/test-dir/MiniOzoneClusterImpl-bff17f4a-0019-4841-b5a2-5fb699c84b2c/datanode-4/meta/datanode.id
2019-08-20 14:08:45,015 [main] INFO  volume.HddsVolume (HddsVolume.java:<init>(176)) - Creating Volume: /workdir/hadoop-ozone/integration-test/target/test-dir/MiniOzoneClusterImpl-bff17f4a-0019-4841-b5a2-5fb699c84b2c/datanode-5/data/containers/hdds of  storage type : DISK and capacity : 1482555576320
2019-08-20 14:08:45,016 [main] INFO  volume.VolumeSet (VolumeSet.java:initializeVolumeSet(170)) - Added Volume : /workdir/hadoop-ozone/integration-test/target/test-dir/MiniOzoneClusterImpl-bff17f4a-0019-4841-b5a2-5fb699c84b2c/datanode-5/data/containers/hdds to VolumeSet
2019-08-20 14:08:45,016 [main] INFO  volume.ThrottledAsyncChecker (ThrottledAsyncChecker.java:schedule(140)) - Scheduling a check for org.apache.hadoop.ozone.container.common.volume.HddsVolume@23b1aa9
2019-08-20 14:08:45,017 [main] INFO  volume.HddsVolumeChecker (HddsVolumeChecker.java:checkAllVolumes(203)) - Scheduled health check for volume org.apache.hadoop.ozone.container.common.volume.HddsVolume@23b1aa9
2019-08-20 14:08:45,030 [main] INFO  impl.RaftServerProxy (ConfUtils.java:logGet(43)) - raft.rpc.type = GRPC (default)
2019-08-20 14:08:45,030 [main] INFO  grpc.GrpcFactory (GrpcFactory.java:checkPooledByteBufAllocatorUseCacheForAllThreads(45)) - PERFORMANCE WARNING: useCacheForAllThreads is true that may cause Netty to create a lot garbage objects and, as a result, trigger GC.
	It is recommended to disable useCacheForAllThreads by setting -Dorg.apache.ratis.thirdparty.io.netty.allocator.useCacheForAllThreads=false in command line.
2019-08-20 14:08:45,030 [main] INFO  grpc.GrpcConfigKeys$Server (ConfUtils.java:logGet(43)) - raft.grpc.server.port = 0 (default)
2019-08-20 14:08:45,030 [main] INFO  server.GrpcService (ConfUtils.java:logGet(43)) - raft.grpc.message.size.max = 33570816 (custom)
2019-08-20 14:08:45,031 [main] INFO  server.RaftServerConfigKeys (ConfUtils.java:logGet(43)) - raft.server.log.appender.buffer.byte-limit = 33554432 (custom)
2019-08-20 14:08:45,031 [main] INFO  server.GrpcService (ConfUtils.java:logGet(43)) - raft.grpc.flow.control.window = 1MB (=1048576) (default)
2019-08-20 14:08:45,031 [main] INFO  server.RaftServerConfigKeys (ConfUtils.java:logGet(43)) - raft.server.rpc.request.timeout = 3000ms (default)
2019-08-20 14:08:45,032 [main] INFO  server.RaftServerConfigKeys (ConfUtils.java:logGet(43)) - raft.server.storage.dir = [/workdir/hadoop-ozone/integration-test/target/test-dir/MiniOzoneClusterImpl-bff17f4a-0019-4841-b5a2-5fb699c84b2c/datanode-5/data/ratis] (custom)
2019-08-20 14:08:45,033 [main] INFO  replication.SimpleContainerDownloader (SimpleContainerDownloader.java:<init>(72)) - Starting container downloader service to copy containers to replicate.
2019-08-20 14:08:45,034 [main] INFO  hdfs.DFSUtil (DFSUtil.java:httpServerTemplateForNNAndJN(1641)) - Starting Web-server for hddsDatanode at: http://0.0.0.0:0
2019-08-20 14:08:45,035 [main] INFO  server.AuthenticationFilter (AuthenticationFilter.java:constructSecretProvider(240)) - Unable to initialize FileSignerSecretProvider, falling back to use random secrets.
2019-08-20 14:08:45,036 [main] WARN  http.HttpRequestLog (HttpRequestLog.java:getRequestLog(97)) - Jetty request log can only be enabled using Log4j
2019-08-20 14:08:45,037 [main] INFO  http.HttpServer2 (HttpServer2.java:addGlobalFilter(975)) - Added global filter 'safety' (class=org.apache.hadoop.http.HttpServer2$QuotingInputFilter)
2019-08-20 14:08:45,038 [main] INFO  http.HttpServer2 (HttpServer2.java:addFilter(948)) - Added filter static_user_filter (class=org.apache.hadoop.http.lib.StaticUserWebFilter$StaticUserFilter) to context hddsDatanode
2019-08-20 14:08:45,038 [main] INFO  http.HttpServer2 (HttpServer2.java:addFilter(958)) - Added filter static_user_filter (class=org.apache.hadoop.http.lib.StaticUserWebFilter$StaticUserFilter) to context logs
2019-08-20 14:08:45,038 [main] INFO  http.HttpServer2 (HttpServer2.java:addFilter(958)) - Added filter static_user_filter (class=org.apache.hadoop.http.lib.StaticUserWebFilter$StaticUserFilter) to context static
2019-08-20 14:08:45,039 [main] INFO  http.HttpServer2 (HttpServer2.java:bindListener(1191)) - Jetty bound to port 43272
2019-08-20 14:08:45,039 [main] INFO  server.Server (Server.java:doStart(351)) - jetty-9.3.24.v20180605, build timestamp: 2018-06-05T17:11:56Z, git hash: 84205aa28f11a4f31f2a3b86d1bba2cc8ab69827
2019-08-20 14:08:45,040 [main] INFO  handler.ContextHandler (ContextHandler.java:doStart(781)) - Started o.e.j.s.ServletContextHandler@1132baa3{/logs,file:///workdir/hadoop-ozone/integration-test/target/log,AVAILABLE}
2019-08-20 14:08:45,041 [main] INFO  handler.ContextHandler (ContextHandler.java:doStart(781)) - Started o.e.j.s.ServletContextHandler@3a2546d6{/static,jar:file:/home/user/.m2/repository/org/apache/hadoop/hadoop-hdds-container-service/0.5.0-SNAPSHOT/hadoop-hdds-container-service-0.5.0-SNAPSHOT.jar!/webapps/static,AVAILABLE}
2019-08-20 14:08:45,069 [main] INFO  handler.ContextHandler (ContextHandler.java:doStart(781)) - Started o.e.j.w.WebAppContext@6615237{/,file:///tmp/jetty-0.0.0.0-43272-hddsDatanode-_-any-1098489482857762199.dir/webapp/,AVAILABLE}{/hddsDatanode}
2019-08-20 14:08:45,070 [main] INFO  server.AbstractConnector (AbstractConnector.java:doStart(278)) - Started ServerConnector@eaf8427{HTTP/1.1,[http/1.1]}{0.0.0.0:43272}
2019-08-20 14:08:45,071 [main] INFO  server.Server (Server.java:doStart(419)) - Started @7584ms
2019-08-20 14:08:45,072 [main] INFO  server.BaseHttpServer (BaseHttpServer.java:updateConnectorAddress(213)) - HTTP server of HDDSDATANODE is listening at http://0.0.0.0:43272
2019-08-20 14:08:45,206 | INFO  | ObjectStoreRestHttpServer | Listening HDDS REST traffic on /0.0.0.0:34017 |  
2019-08-20 14:08:45,206 [main] INFO  ozone.HddsDatanodeService (HddsDatanodeService.java:startPlugins(395)) - Started plug-in org.apache.hadoop.ozone.web.OzoneHddsDatanodeService@10e56da9
2019-08-20 14:08:45,207 [main] INFO  impl.MetricsSystemImpl (MetricsSystemImpl.java:init(158)) - HddsDatanode metrics system started (again)
2019-08-20 14:08:45,211 [main] INFO  ozone.HddsDatanodeService (HddsDatanodeService.java:start(184)) - HddsDatanodeService host:pr-hdds-1946lgncr-3764977478 ip:192.168.69.96
2019-08-20 14:08:45,211 [org.apache.hadoop.util.JvmPauseMonitor$Monitor@272cfda] INFO  util.JvmPauseMonitor (JvmPauseMonitor.java:run(188)) - Starting JVM pause monitor
2019-08-20 14:08:45,214 [Datanode State Machine Thread - 0] INFO  datanode.InitDatanodeState (InitDatanodeState.java:persistContainerDatanodeDetails(140)) - DatanodeDetails is persisted to /workdir/hadoop-ozone/integration-test/target/test-dir/MiniOzoneClusterImpl-bff17f4a-0019-4841-b5a2-5fb699c84b2c/datanode-5/meta/datanode.id
2019-08-20 14:08:45,219 [main] INFO  volume.HddsVolume (HddsVolume.java:<init>(176)) - Creating Volume: /workdir/hadoop-ozone/integration-test/target/test-dir/MiniOzoneClusterImpl-bff17f4a-0019-4841-b5a2-5fb699c84b2c/datanode-6/data/containers/hdds of  storage type : DISK and capacity : 1482555576320
2019-08-20 14:08:45,219 [main] INFO  volume.VolumeSet (VolumeSet.java:initializeVolumeSet(170)) - Added Volume : /workdir/hadoop-ozone/integration-test/target/test-dir/MiniOzoneClusterImpl-bff17f4a-0019-4841-b5a2-5fb699c84b2c/datanode-6/data/containers/hdds to VolumeSet
2019-08-20 14:08:45,220 [main] INFO  volume.ThrottledAsyncChecker (ThrottledAsyncChecker.java:schedule(140)) - Scheduling a check for org.apache.hadoop.ozone.container.common.volume.HddsVolume@17134190
2019-08-20 14:08:45,220 [main] INFO  volume.HddsVolumeChecker (HddsVolumeChecker.java:checkAllVolumes(203)) - Scheduled health check for volume org.apache.hadoop.ozone.container.common.volume.HddsVolume@17134190
2019-08-20 14:08:45,234 [main] INFO  impl.RaftServerProxy (ConfUtils.java:logGet(43)) - raft.rpc.type = GRPC (default)
2019-08-20 14:08:45,235 [main] INFO  grpc.GrpcFactory (GrpcFactory.java:checkPooledByteBufAllocatorUseCacheForAllThreads(45)) - PERFORMANCE WARNING: useCacheForAllThreads is true that may cause Netty to create a lot garbage objects and, as a result, trigger GC.
	It is recommended to disable useCacheForAllThreads by setting -Dorg.apache.ratis.thirdparty.io.netty.allocator.useCacheForAllThreads=false in command line.
2019-08-20 14:08:45,235 [main] INFO  grpc.GrpcConfigKeys$Server (ConfUtils.java:logGet(43)) - raft.grpc.server.port = 0 (default)
2019-08-20 14:08:45,235 [main] INFO  server.GrpcService (ConfUtils.java:logGet(43)) - raft.grpc.message.size.max = 33570816 (custom)
2019-08-20 14:08:45,235 [main] INFO  server.RaftServerConfigKeys (ConfUtils.java:logGet(43)) - raft.server.log.appender.buffer.byte-limit = 33554432 (custom)
2019-08-20 14:08:45,235 [main] INFO  server.GrpcService (ConfUtils.java:logGet(43)) - raft.grpc.flow.control.window = 1MB (=1048576) (default)
2019-08-20 14:08:45,236 [main] INFO  server.RaftServerConfigKeys (ConfUtils.java:logGet(43)) - raft.server.rpc.request.timeout = 3000ms (default)
2019-08-20 14:08:45,236 [main] INFO  server.RaftServerConfigKeys (ConfUtils.java:logGet(43)) - raft.server.storage.dir = [/workdir/hadoop-ozone/integration-test/target/test-dir/MiniOzoneClusterImpl-bff17f4a-0019-4841-b5a2-5fb699c84b2c/datanode-6/data/ratis] (custom)
2019-08-20 14:08:45,237 [main] INFO  replication.SimpleContainerDownloader (SimpleContainerDownloader.java:<init>(72)) - Starting container downloader service to copy containers to replicate.
2019-08-20 14:08:45,238 [main] INFO  hdfs.DFSUtil (DFSUtil.java:httpServerTemplateForNNAndJN(1641)) - Starting Web-server for hddsDatanode at: http://0.0.0.0:0
2019-08-20 14:08:45,239 [main] INFO  server.AuthenticationFilter (AuthenticationFilter.java:constructSecretProvider(240)) - Unable to initialize FileSignerSecretProvider, falling back to use random secrets.
2019-08-20 14:08:45,240 [main] WARN  http.HttpRequestLog (HttpRequestLog.java:getRequestLog(97)) - Jetty request log can only be enabled using Log4j
2019-08-20 14:08:45,241 [main] INFO  http.HttpServer2 (HttpServer2.java:addGlobalFilter(975)) - Added global filter 'safety' (class=org.apache.hadoop.http.HttpServer2$QuotingInputFilter)
2019-08-20 14:08:45,242 [main] INFO  http.HttpServer2 (HttpServer2.java:addFilter(948)) - Added filter static_user_filter (class=org.apache.hadoop.http.lib.StaticUserWebFilter$StaticUserFilter) to context hddsDatanode
2019-08-20 14:08:45,242 [main] INFO  http.HttpServer2 (HttpServer2.java:addFilter(958)) - Added filter static_user_filter (class=org.apache.hadoop.http.lib.StaticUserWebFilter$StaticUserFilter) to context logs
2019-08-20 14:08:45,242 [main] INFO  http.HttpServer2 (HttpServer2.java:addFilter(958)) - Added filter static_user_filter (class=org.apache.hadoop.http.lib.StaticUserWebFilter$StaticUserFilter) to context static
2019-08-20 14:08:45,243 [main] INFO  http.HttpServer2 (HttpServer2.java:bindListener(1191)) - Jetty bound to port 45832
2019-08-20 14:08:45,243 [main] INFO  server.Server (Server.java:doStart(351)) - jetty-9.3.24.v20180605, build timestamp: 2018-06-05T17:11:56Z, git hash: 84205aa28f11a4f31f2a3b86d1bba2cc8ab69827
2019-08-20 14:08:45,244 [main] INFO  handler.ContextHandler (ContextHandler.java:doStart(781)) - Started o.e.j.s.ServletContextHandler@6b9697ae{/logs,file:///workdir/hadoop-ozone/integration-test/target/log,AVAILABLE}
2019-08-20 14:08:45,245 [main] INFO  handler.ContextHandler (ContextHandler.java:doStart(781)) - Started o.e.j.s.ServletContextHandler@40c76f5a{/static,jar:file:/home/user/.m2/repository/org/apache/hadoop/hadoop-hdds-container-service/0.5.0-SNAPSHOT/hadoop-hdds-container-service-0.5.0-SNAPSHOT.jar!/webapps/static,AVAILABLE}
2019-08-20 14:08:45,273 [main] INFO  handler.ContextHandler (ContextHandler.java:doStart(781)) - Started o.e.j.w.WebAppContext@790ac3e0{/,file:///tmp/jetty-0.0.0.0-45832-hddsDatanode-_-any-4581023383895333527.dir/webapp/,AVAILABLE}{/hddsDatanode}
2019-08-20 14:08:45,274 [main] INFO  server.AbstractConnector (AbstractConnector.java:doStart(278)) - Started ServerConnector@5bb2fb2b{HTTP/1.1,[http/1.1]}{0.0.0.0:45832}
2019-08-20 14:08:45,275 [main] INFO  server.Server (Server.java:doStart(419)) - Started @7788ms
2019-08-20 14:08:45,276 [main] INFO  server.BaseHttpServer (BaseHttpServer.java:updateConnectorAddress(213)) - HTTP server of HDDSDATANODE is listening at http://0.0.0.0:45832
2019-08-20 14:08:45,399 | INFO  | ObjectStoreRestHttpServer | Listening HDDS REST traffic on /0.0.0.0:45089 |  
2019-08-20 14:08:45,399 [main] INFO  ozone.HddsDatanodeService (HddsDatanodeService.java:startPlugins(395)) - Started plug-in org.apache.hadoop.ozone.web.OzoneHddsDatanodeService@2ef041bb
2019-08-20 14:08:45,402 [main] INFO  ozone.MiniOzoneClusterImpl (MiniOzoneClusterImpl.java:lambda$waitForClusterToBeReady$0(142)) - Waiting for cluster to be ready. Got 0 of 7 DN Heartbeats.
2019-08-20 14:08:45,403 [org.apache.hadoop.util.JvmPauseMonitor$Monitor@27d634bf] INFO  util.JvmPauseMonitor (JvmPauseMonitor.java:run(188)) - Starting JVM pause monitor
2019-08-20 14:08:45,404 [Datanode State Machine Thread - 0] INFO  datanode.InitDatanodeState (InitDatanodeState.java:persistContainerDatanodeDetails(140)) - DatanodeDetails is persisted to /workdir/hadoop-ozone/integration-test/target/test-dir/MiniOzoneClusterImpl-bff17f4a-0019-4841-b5a2-5fb699c84b2c/datanode-6/meta/datanode.id
2019-08-20 14:08:46,039 | INFO  | SCMAudit | user=jenkins1000 | ip=192.168.69.96 | op=GET_VERSION null | ret=SUCCESS |  
2019-08-20 14:08:46,064 [Datanode State Machine Thread - 0] INFO  ozoneimpl.OzoneContainer (OzoneContainer.java:start(186)) - Attempting to start container services.
2019-08-20 14:08:46,066 [Datanode State Machine Thread - 0] INFO  ozoneimpl.OzoneContainer (OzoneContainer.java:startContainerScrub(160)) - Background container scrubber has been disabled by hdds.containerscrub.enabled
2019-08-20 14:08:46,066 [Datanode State Machine Thread - 0] INFO  ratis.XceiverServerRatis (XceiverServerRatis.java:start(404)) - Starting XceiverServerRatis 87798376-b645-4034-b944-652a976dcc5e at port 0
2019-08-20 14:08:46,086 [Datanode State Machine Thread - 0] INFO  impl.RaftServerProxy (RaftServerProxy.java:lambda$start$3(299)) - 87798376-b645-4034-b944-652a976dcc5e: start RPC server
2019-08-20 14:08:46,214 [Datanode State Machine Thread - 0] INFO  server.GrpcService (GrpcService.java:startImpl(149)) - 87798376-b645-4034-b944-652a976dcc5e: GrpcService started, listening on 0.0.0.0/0.0.0.0:39383
2019-08-20 14:08:46,215 [Datanode State Machine Thread - 0] INFO  ratis.XceiverServerRatis (XceiverServerRatis.java:start(414)) - XceiverServerRatis 87798376-b645-4034-b944-652a976dcc5e is started using port 39383
2019-08-20 14:08:46,216 [Datanode State Machine Thread - 0] INFO  server.XceiverServerGrpc (XceiverServerGrpc.java:start(161)) - XceiverServerGrpc 87798376-b645-4034-b944-652a976dcc5e is started using port 42531
2019-08-20 14:08:46,267 | INFO  | SCMAudit | user=jenkins1000 | ip=192.168.69.96 | op=GET_VERSION null | ret=SUCCESS |  
2019-08-20 14:08:46,282 [Datanode State Machine Thread - 0] INFO  ozoneimpl.OzoneContainer (OzoneContainer.java:start(186)) - Attempting to start container services.
2019-08-20 14:08:46,285 [Datanode State Machine Thread - 0] INFO  ozoneimpl.OzoneContainer (OzoneContainer.java:startContainerScrub(160)) - Background container scrubber has been disabled by hdds.containerscrub.enabled
2019-08-20 14:08:46,285 [Datanode State Machine Thread - 0] INFO  ratis.XceiverServerRatis (XceiverServerRatis.java:start(404)) - Starting XceiverServerRatis 9d755d7f-9bab-4a76-accf-4a220332aad5 at port 0
2019-08-20 14:08:46,291 [Datanode State Machine Thread - 0] INFO  impl.RaftServerProxy (RaftServerProxy.java:lambda$start$3(299)) - 9d755d7f-9bab-4a76-accf-4a220332aad5: start RPC server
2019-08-20 14:08:46,294 [Datanode State Machine Thread - 0] INFO  server.GrpcService (GrpcService.java:startImpl(149)) - 9d755d7f-9bab-4a76-accf-4a220332aad5: GrpcService started, listening on 0.0.0.0/0.0.0.0:35587
2019-08-20 14:08:46,294 [Datanode State Machine Thread - 0] INFO  ratis.XceiverServerRatis (XceiverServerRatis.java:start(414)) - XceiverServerRatis 9d755d7f-9bab-4a76-accf-4a220332aad5 is started using port 35587
2019-08-20 14:08:46,296 [Datanode State Machine Thread - 0] INFO  server.XceiverServerGrpc (XceiverServerGrpc.java:start(161)) - XceiverServerGrpc 9d755d7f-9bab-4a76-accf-4a220332aad5 is started using port 36750
2019-08-20 14:08:46,402 [main] INFO  ozone.MiniOzoneClusterImpl (MiniOzoneClusterImpl.java:lambda$waitForClusterToBeReady$0(142)) - Waiting for cluster to be ready. Got 0 of 7 DN Heartbeats.
2019-08-20 14:08:46,506 | INFO  | SCMAudit | user=jenkins1000 | ip=192.168.69.96 | op=GET_VERSION null | ret=SUCCESS |  
2019-08-20 14:08:46,520 [Datanode State Machine Thread - 0] INFO  ozoneimpl.OzoneContainer (OzoneContainer.java:start(186)) - Attempting to start container services.
2019-08-20 14:08:46,525 [Datanode State Machine Thread - 0] INFO  ozoneimpl.OzoneContainer (OzoneContainer.java:startContainerScrub(160)) - Background container scrubber has been disabled by hdds.containerscrub.enabled
2019-08-20 14:08:46,525 [Datanode State Machine Thread - 0] INFO  ratis.XceiverServerRatis (XceiverServerRatis.java:start(404)) - Starting XceiverServerRatis b25c2e9d-35ec-472d-960e-341eeb805113 at port 0
2019-08-20 14:08:46,533 [Datanode State Machine Thread - 0] INFO  impl.RaftServerProxy (RaftServerProxy.java:lambda$start$3(299)) - b25c2e9d-35ec-472d-960e-341eeb805113: start RPC server
2019-08-20 14:08:46,536 [Datanode State Machine Thread - 0] INFO  server.GrpcService (GrpcService.java:startImpl(149)) - b25c2e9d-35ec-472d-960e-341eeb805113: GrpcService started, listening on 0.0.0.0/0.0.0.0:43902
2019-08-20 14:08:46,536 [Datanode State Machine Thread - 0] INFO  ratis.XceiverServerRatis (XceiverServerRatis.java:start(414)) - XceiverServerRatis b25c2e9d-35ec-472d-960e-341eeb805113 is started using port 43902
2019-08-20 14:08:46,539 [Datanode State Machine Thread - 0] INFO  server.XceiverServerGrpc (XceiverServerGrpc.java:start(161)) - XceiverServerGrpc b25c2e9d-35ec-472d-960e-341eeb805113 is started using port 42250
2019-08-20 14:08:46,720 | INFO  | SCMAudit | user=jenkins1000 | ip=192.168.69.96 | op=GET_VERSION null | ret=SUCCESS |  
2019-08-20 14:08:46,735 [Datanode State Machine Thread - 0] INFO  ozoneimpl.OzoneContainer (OzoneContainer.java:start(186)) - Attempting to start container services.
2019-08-20 14:08:46,735 [Datanode State Machine Thread - 0] INFO  ozoneimpl.OzoneContainer (OzoneContainer.java:startContainerScrub(160)) - Background container scrubber has been disabled by hdds.containerscrub.enabled
2019-08-20 14:08:46,735 [Datanode State Machine Thread - 0] INFO  ratis.XceiverServerRatis (XceiverServerRatis.java:start(404)) - Starting XceiverServerRatis e92e791c-0508-419c-91d8-ad543954689b at port 0
2019-08-20 14:08:46,741 [Datanode State Machine Thread - 0] INFO  impl.RaftServerProxy (RaftServerProxy.java:lambda$start$3(299)) - e92e791c-0508-419c-91d8-ad543954689b: start RPC server
2019-08-20 14:08:46,745 [Datanode State Machine Thread - 0] INFO  server.GrpcService (GrpcService.java:startImpl(149)) - e92e791c-0508-419c-91d8-ad543954689b: GrpcService started, listening on 0.0.0.0/0.0.0.0:46849
2019-08-20 14:08:46,746 [Datanode State Machine Thread - 0] INFO  ratis.XceiverServerRatis (XceiverServerRatis.java:start(414)) - XceiverServerRatis e92e791c-0508-419c-91d8-ad543954689b is started using port 46849
2019-08-20 14:08:46,748 [Datanode State Machine Thread - 0] INFO  server.XceiverServerGrpc (XceiverServerGrpc.java:start(161)) - XceiverServerGrpc e92e791c-0508-419c-91d8-ad543954689b is started using port 35383
2019-08-20 14:08:47,011 | INFO  | SCMAudit | user=jenkins1000 | ip=192.168.69.96 | op=GET_VERSION null | ret=SUCCESS |  
2019-08-20 14:08:47,026 [Datanode State Machine Thread - 0] INFO  ozoneimpl.OzoneContainer (OzoneContainer.java:start(186)) - Attempting to start container services.
2019-08-20 14:08:47,026 [Datanode State Machine Thread - 0] INFO  ozoneimpl.OzoneContainer (OzoneContainer.java:startContainerScrub(160)) - Background container scrubber has been disabled by hdds.containerscrub.enabled
2019-08-20 14:08:47,026 [Datanode State Machine Thread - 0] INFO  ratis.XceiverServerRatis (XceiverServerRatis.java:start(404)) - Starting XceiverServerRatis b178e53d-d2c8-4c73-be8a-80f95d3f059b at port 0
2019-08-20 14:08:47,033 [Datanode State Machine Thread - 0] INFO  impl.RaftServerProxy (RaftServerProxy.java:lambda$start$3(299)) - b178e53d-d2c8-4c73-be8a-80f95d3f059b: start RPC server
2019-08-20 14:08:47,038 [Datanode State Machine Thread - 0] INFO  server.GrpcService (GrpcService.java:startImpl(149)) - b178e53d-d2c8-4c73-be8a-80f95d3f059b: GrpcService started, listening on 0.0.0.0/0.0.0.0:33366
2019-08-20 14:08:47,038 [Datanode State Machine Thread - 0] INFO  ratis.XceiverServerRatis (XceiverServerRatis.java:start(414)) - XceiverServerRatis b178e53d-d2c8-4c73-be8a-80f95d3f059b is started using port 33366
2019-08-20 14:08:47,042 [Datanode State Machine Thread - 0] INFO  server.XceiverServerGrpc (XceiverServerGrpc.java:start(161)) - XceiverServerGrpc b178e53d-d2c8-4c73-be8a-80f95d3f059b is started using port 35402
2019-08-20 14:08:47,213 | INFO  | SCMAudit | user=jenkins1000 | ip=192.168.69.96 | op=GET_VERSION null | ret=SUCCESS |  
2019-08-20 14:08:47,227 [Datanode State Machine Thread - 0] INFO  ozoneimpl.OzoneContainer (OzoneContainer.java:start(186)) - Attempting to start container services.
2019-08-20 14:08:47,227 [Datanode State Machine Thread - 0] INFO  ozoneimpl.OzoneContainer (OzoneContainer.java:startContainerScrub(160)) - Background container scrubber has been disabled by hdds.containerscrub.enabled
2019-08-20 14:08:47,227 [Datanode State Machine Thread - 0] INFO  ratis.XceiverServerRatis (XceiverServerRatis.java:start(404)) - Starting XceiverServerRatis f595cb28-7ff0-48d9-878a-05f87961be3a at port 0
2019-08-20 14:08:47,232 [Datanode State Machine Thread - 0] INFO  impl.RaftServerProxy (RaftServerProxy.java:lambda$start$3(299)) - f595cb28-7ff0-48d9-878a-05f87961be3a: start RPC server
2019-08-20 14:08:47,237 [Datanode State Machine Thread - 0] INFO  server.GrpcService (GrpcService.java:startImpl(149)) - f595cb28-7ff0-48d9-878a-05f87961be3a: GrpcService started, listening on 0.0.0.0/0.0.0.0:44337
2019-08-20 14:08:47,237 [Datanode State Machine Thread - 0] INFO  ratis.XceiverServerRatis (XceiverServerRatis.java:start(414)) - XceiverServerRatis f595cb28-7ff0-48d9-878a-05f87961be3a is started using port 44337
2019-08-20 14:08:47,242 [Datanode State Machine Thread - 0] INFO  server.XceiverServerGrpc (XceiverServerGrpc.java:start(161)) - XceiverServerGrpc f595cb28-7ff0-48d9-878a-05f87961be3a is started using port 34679
2019-08-20 14:08:47,403 [main] INFO  ozone.MiniOzoneClusterImpl (MiniOzoneClusterImpl.java:lambda$waitForClusterToBeReady$0(142)) - Waiting for cluster to be ready. Got 0 of 7 DN Heartbeats.
2019-08-20 14:08:47,405 | INFO  | SCMAudit | user=jenkins1000 | ip=192.168.69.96 | op=GET_VERSION null | ret=SUCCESS |  
2019-08-20 14:08:47,423 [Datanode State Machine Thread - 0] INFO  ozoneimpl.OzoneContainer (OzoneContainer.java:start(186)) - Attempting to start container services.
2019-08-20 14:08:47,423 [Datanode State Machine Thread - 0] INFO  ozoneimpl.OzoneContainer (OzoneContainer.java:startContainerScrub(160)) - Background container scrubber has been disabled by hdds.containerscrub.enabled
2019-08-20 14:08:47,423 [Datanode State Machine Thread - 0] INFO  ratis.XceiverServerRatis (XceiverServerRatis.java:start(404)) - Starting XceiverServerRatis b55144da-9cba-4c3d-a1e9-fe24840a2a80 at port 0
2019-08-20 14:08:47,427 [Datanode State Machine Thread - 0] INFO  impl.RaftServerProxy (RaftServerProxy.java:lambda$start$3(299)) - b55144da-9cba-4c3d-a1e9-fe24840a2a80: start RPC server
2019-08-20 14:08:47,432 [Datanode State Machine Thread - 0] INFO  server.GrpcService (GrpcService.java:startImpl(149)) - b55144da-9cba-4c3d-a1e9-fe24840a2a80: GrpcService started, listening on 0.0.0.0/0.0.0.0:46175
2019-08-20 14:08:47,432 [Datanode State Machine Thread - 0] INFO  ratis.XceiverServerRatis (XceiverServerRatis.java:start(414)) - XceiverServerRatis b55144da-9cba-4c3d-a1e9-fe24840a2a80 is started using port 46175
2019-08-20 14:08:47,435 [Datanode State Machine Thread - 0] INFO  server.XceiverServerGrpc (XceiverServerGrpc.java:start(161)) - XceiverServerGrpc b55144da-9cba-4c3d-a1e9-fe24840a2a80 is started using port 44734
2019-08-20 14:08:48,038 [IPC Server handler 3 on 33170] INFO  net.NetworkTopology (NetworkTopologyImpl.java:add(110)) - Added a new node: /default-rack/87798376-b645-4034-b944-652a976dcc5e
2019-08-20 14:08:48,038 [IPC Server handler 3 on 33170] INFO  node.SCMNodeManager (SCMNodeManager.java:register(273)) - Registered Data node : 87798376-b645-4034-b944-652a976dcc5e{ip: 192.168.69.96, host: pr-hdds-1946lgncr-3764977478, networkLocation: /default-rack, certSerialId: null}
2019-08-20 14:08:48,043 [EventQueue-NodeRegistrationContainerReportForDataNodeSafeModeRule] INFO  safemode.SCMSafeModeManager (DataNodeSafeModeRule.java:process(71)) - SCM in safe mode. 1 DataNodes registered, 1 required.
2019-08-20 14:08:48,043 [EventQueue-NodeRegistrationContainerReportForDataNodeSafeModeRule] INFO  safemode.SCMSafeModeManager (SCMSafeModeManager.java:validateSafeModeExitRules(177)) - ScmSafeModeManager, all rules are successfully validated
2019-08-20 14:08:48,043 [EventQueue-NodeRegistrationContainerReportForDataNodeSafeModeRule] INFO  safemode.SCMSafeModeManager (SCMSafeModeManager.java:exitSafeMode(193)) - SCM exiting safe mode.
2019-08-20 14:08:48,049 | INFO  | SCMAudit | user=jenkins1000 | ip=192.168.69.96 | op=REGISTER {datanodeDetails=87798376-b645-4034-b944-652a976dcc5e{ip: 192.168.69.96, host: pr-hdds-1946lgncr-3764977478, networkLocation: /default-rack, certSerialId: null}} | ret=SUCCESS |  
2019-08-20 14:08:48,269 [IPC Server handler 4 on 33170] INFO  net.NetworkTopology (NetworkTopologyImpl.java:add(110)) - Added a new node: /default-rack/9d755d7f-9bab-4a76-accf-4a220332aad5
2019-08-20 14:08:48,269 [IPC Server handler 4 on 33170] INFO  node.SCMNodeManager (SCMNodeManager.java:register(273)) - Registered Data node : 9d755d7f-9bab-4a76-accf-4a220332aad5{ip: 192.168.69.96, host: pr-hdds-1946lgncr-3764977478, networkLocation: /default-rack, certSerialId: null}
2019-08-20 14:08:48,269 | INFO  | SCMAudit | user=jenkins1000 | ip=192.168.69.96 | op=REGISTER {datanodeDetails=9d755d7f-9bab-4a76-accf-4a220332aad5{ip: 192.168.69.96, host: pr-hdds-1946lgncr-3764977478, networkLocation: /default-rack, certSerialId: null}} | ret=SUCCESS |  
2019-08-20 14:08:48,734 [main] INFO  ozone.MiniOzoneClusterImpl (MiniOzoneClusterImpl.java:lambda$waitForClusterToBeReady$0(142)) - Waiting for cluster to be ready. Got 2 of 7 DN Heartbeats.
2019-08-20 14:08:48,742 [IPC Server handler 2 on 33170] INFO  net.NetworkTopology (NetworkTopologyImpl.java:add(110)) - Added a new node: /default-rack/b25c2e9d-35ec-472d-960e-341eeb805113
2019-08-20 14:08:48,742 [IPC Server handler 2 on 33170] INFO  node.SCMNodeManager (SCMNodeManager.java:register(273)) - Registered Data node : b25c2e9d-35ec-472d-960e-341eeb805113{ip: 192.168.69.96, host: pr-hdds-1946lgncr-3764977478, networkLocation: /default-rack, certSerialId: null}
2019-08-20 14:08:48,742 [IPC Server handler 3 on 33170] INFO  net.NetworkTopology (NetworkTopologyImpl.java:add(110)) - Added a new node: /default-rack/e92e791c-0508-419c-91d8-ad543954689b
2019-08-20 14:08:48,742 | INFO  | SCMAudit | user=jenkins1000 | ip=192.168.69.96 | op=REGISTER {datanodeDetails=b25c2e9d-35ec-472d-960e-341eeb805113{ip: 192.168.69.96, host: pr-hdds-1946lgncr-3764977478, networkLocation: /default-rack, certSerialId: null}} | ret=SUCCESS |  
2019-08-20 14:08:48,742 [IPC Server handler 3 on 33170] INFO  node.SCMNodeManager (SCMNodeManager.java:register(273)) - Registered Data node : e92e791c-0508-419c-91d8-ad543954689b{ip: 192.168.69.96, host: pr-hdds-1946lgncr-3764977478, networkLocation: /default-rack, certSerialId: null}
2019-08-20 14:08:48,743 | INFO  | SCMAudit | user=jenkins1000 | ip=192.168.69.96 | op=REGISTER {datanodeDetails=e92e791c-0508-419c-91d8-ad543954689b{ip: 192.168.69.96, host: pr-hdds-1946lgncr-3764977478, networkLocation: /default-rack, certSerialId: null}} | ret=SUCCESS |  
2019-08-20 14:08:48,965 [grpc-default-executor-0] INFO  impl.RaftServerProxy (RaftServerProxy.java:addNew(89)) - 87798376-b645-4034-b944-652a976dcc5e: addNew group-0A934A6ADD71:[87798376-b645-4034-b944-652a976dcc5e:192.168.69.96:39383] returns group-0A934A6ADD71:java.util.concurrent.CompletableFuture@66d94e88[Not completed]
2019-08-20 14:08:48,982 [pool-27-thread-1] INFO  impl.RaftServerImpl (RaftServerImpl.java:<init>(93)) - 87798376-b645-4034-b944-652a976dcc5e: new RaftServerImpl for group-0A934A6ADD71:[87798376-b645-4034-b944-652a976dcc5e:192.168.69.96:39383] with ContainerStateMachine:uninitialized
2019-08-20 14:08:48,983 [pool-27-thread-1] INFO  server.RaftServerConfigKeys (ConfUtils.java:logGet(43)) - raft.server.rpc.timeout.min = 5s (custom)
2019-08-20 14:08:48,986 [pool-27-thread-1] INFO  server.RaftServerConfigKeys (ConfUtils.java:logGet(43)) - raft.server.rpc.timeout.max = 5200ms (custom)
2019-08-20 14:08:48,986 [pool-27-thread-1] INFO  server.RaftServerConfigKeys (ConfUtils.java:logGet(43)) - raft.server.rpcslowness.timeout = 120s (custom)
2019-08-20 14:08:48,986 [pool-27-thread-1] INFO  server.RaftServerConfigKeys (ConfUtils.java:logGet(43)) - raft.server.sleep.deviation.threshold = 300 (default)
2019-08-20 14:08:48,987 [pool-27-thread-1] INFO  server.RaftServerConfigKeys (ConfUtils.java:logGet(43)) - raft.server.log.appender.install.snapshot.enabled = false (custom)
2019-08-20 14:08:48,994 [pool-27-thread-1] INFO  impl.RaftServerImpl (ServerState.java:<init>(105)) - 87798376-b645-4034-b944-652a976dcc5e:group-0A934A6ADD71 ConfigurationManager, init=-1: [87798376-b645-4034-b944-652a976dcc5e:192.168.69.96:39383], old=null, confs=<EMPTY_MAP>
2019-08-20 14:08:48,994 [pool-27-thread-1] INFO  server.RaftServerConfigKeys (ConfUtils.java:logGet(43)) - raft.server.storage.dir = [/workdir/hadoop-ozone/integration-test/target/test-dir/MiniOzoneClusterImpl-bff17f4a-0019-4841-b5a2-5fb699c84b2c/datanode-0/data/ratis] (custom)
2019-08-20 14:08:49,001 [pool-27-thread-1] INFO  storage.RaftStorageDirectory (RaftStorageDirectory.java:analyzeStorage(246)) - The storage directory /workdir/hadoop-ozone/integration-test/target/test-dir/MiniOzoneClusterImpl-bff17f4a-0019-4841-b5a2-5fb699c84b2c/datanode-0/data/ratis/4b249644-6e1a-4ca3-b369-0a934a6add71 does not exist. Creating ...
2019-08-20 14:08:49,012 [IPC Server handler 4 on 33170] INFO  net.NetworkTopology (NetworkTopologyImpl.java:add(110)) - Added a new node: /default-rack/b178e53d-d2c8-4c73-be8a-80f95d3f059b
2019-08-20 14:08:49,013 [IPC Server handler 4 on 33170] INFO  node.SCMNodeManager (SCMNodeManager.java:register(273)) - Registered Data node : b178e53d-d2c8-4c73-be8a-80f95d3f059b{ip: 192.168.69.96, host: pr-hdds-1946lgncr-3764977478, networkLocation: /default-rack, certSerialId: null}
2019-08-20 14:08:49,013 | INFO  | SCMAudit | user=jenkins1000 | ip=192.168.69.96 | op=REGISTER {datanodeDetails=b178e53d-d2c8-4c73-be8a-80f95d3f059b{ip: 192.168.69.96, host: pr-hdds-1946lgncr-3764977478, networkLocation: /default-rack, certSerialId: null}} | ret=SUCCESS |  
2019-08-20 14:08:49,035 [pool-27-thread-1] INFO  storage.RaftStorageDirectory (RaftStorageDirectory.java:tryLock(328)) - Lock on /workdir/hadoop-ozone/integration-test/target/test-dir/MiniOzoneClusterImpl-bff17f4a-0019-4841-b5a2-5fb699c84b2c/datanode-0/data/ratis/4b249644-6e1a-4ca3-b369-0a934a6add71/in_use.lock acquired by nodename 6033@pr-hdds-1946lgncr-3764977478
2019-08-20 14:08:49,051 [pool-27-thread-1] INFO  storage.RaftStorage (RaftStorage.java:format(72)) - Storage directory /workdir/hadoop-ozone/integration-test/target/test-dir/MiniOzoneClusterImpl-bff17f4a-0019-4841-b5a2-5fb699c84b2c/datanode-0/data/ratis/4b249644-6e1a-4ca3-b369-0a934a6add71 has been successfully formatted.
2019-08-20 14:08:49,052 [pool-27-thread-1] INFO  ratis.ContainerStateMachine (ContainerStateMachine.java:loadSnapshot(222)) - group-0A934A6ADD71: The snapshot info is null. Setting the last applied indexto:(t:0, i:~)
2019-08-20 14:08:49,053 [pool-27-thread-1] INFO  server.RaftServerConfigKeys (ConfUtils.java:logGet(43)) - raft.server.leader.election.timeout = 120s (custom)
2019-08-20 14:08:49,054 [pool-27-thread-1] INFO  server.RaftServerConfigKeys (ConfUtils.java:logGet(43)) - raft.server.log.use.memory = false (default)
2019-08-20 14:08:49,058 [pool-27-thread-1] INFO  server.RaftServerConfigKeys (ConfUtils.java:logGet(43)) - raft.server.log.purge.gap = 1000000 (custom)
2019-08-20 14:08:49,058 [pool-27-thread-1] INFO  server.RaftServerConfigKeys (ConfUtils.java:logGet(43)) - raft.server.log.appender.buffer.byte-limit = 33554432 (custom)
2019-08-20 14:08:49,059 [pool-27-thread-1] INFO  server.RaftServerConfigKeys (ConfUtils.java:logGet(43)) - raft.server.log.segment.size.max = 1048576 (custom)
2019-08-20 14:08:49,062 [pool-27-thread-1] INFO  server.RaftServerConfigKeys (ConfUtils.java:logGet(43)) - raft.server.log.segment.cache.num.max = 2 (custom)
2019-08-20 14:08:49,066 [pool-27-thread-1] INFO  segmented.SegmentedRaftLogWorker (SegmentedRaftLogWorker.java:<init>(172)) - new 87798376-b645-4034-b944-652a976dcc5e-SegmentedRaftLogWorker:Storage Directory /workdir/hadoop-ozone/integration-test/target/test-dir/MiniOzoneClusterImpl-bff17f4a-0019-4841-b5a2-5fb699c84b2c/datanode-0/data/ratis/4b249644-6e1a-4ca3-b369-0a934a6add71 for RaftStorage:Storage Directory /workdir/hadoop-ozone/integration-test/target/test-dir/MiniOzoneClusterImpl-bff17f4a-0019-4841-b5a2-5fb699c84b2c/datanode-0/data/ratis/4b249644-6e1a-4ca3-b369-0a934a6add71
2019-08-20 14:08:49,074 [pool-27-thread-1] INFO  server.RaftServerConfigKeys (ConfUtils.java:logGet(43)) - raft.server.log.queue.byte-limit = 2147483647 (custom)
2019-08-20 14:08:49,075 [pool-27-thread-1] INFO  server.RaftServerConfigKeys (ConfUtils.java:logGet(43)) - raft.server.log.queue.element-limit = 1024 (custom)
2019-08-20 14:08:49,078 [pool-27-thread-1] INFO  server.RaftServerConfigKeys (ConfUtils.java:logGet(43)) - raft.server.log.segment.size.max = 1048576 (custom)
2019-08-20 14:08:49,079 [pool-27-thread-1] INFO  server.RaftServerConfigKeys (ConfUtils.java:logGet(43)) - raft.server.log.preallocated.size = 16384 (custom)
2019-08-20 14:08:49,079 [pool-27-thread-1] INFO  server.RaftServerConfigKeys (ConfUtils.java:logGet(43)) - raft.server.log.write.buffer.size = 33554432 (custom)
2019-08-20 14:08:49,079 [pool-27-thread-1] INFO  server.RaftServerConfigKeys (ConfUtils.java:logGet(43)) - raft.server.log.force.sync.num = 128 (default)
2019-08-20 14:08:49,080 [pool-27-thread-1] INFO  server.RaftServerConfigKeys (ConfUtils.java:logGet(43)) - raft.server.log.statemachine.data.sync = true (default)
2019-08-20 14:08:49,080 [pool-27-thread-1] INFO  server.RaftServerConfigKeys (ConfUtils.java:logGet(43)) - raft.server.log.statemachine.data.sync.timeout = 10s (default)
2019-08-20 14:08:49,080 [pool-27-thread-1] INFO  server.RaftServerConfigKeys (ConfUtils.java:logGet(43)) - raft.server.log.statemachine.data.sync.timeout.retry = -1 (default)
2019-08-20 14:08:49,087 [pool-27-thread-1] INFO  server.RaftServerConfigKeys (ConfUtils.java:logGet(43)) - raft.server.log.statemachine.data.caching.enabled = true (custom)
2019-08-20 14:08:49,091 [pool-27-thread-1] INFO  segmented.SegmentedRaftLogWorker (SegmentedRaftLogWorker.java:lambda$new$0(132)) - 87798376-b645-4034-b944-652a976dcc5e-SegmentedRaftLogWorker:Storage Directory /workdir/hadoop-ozone/integration-test/target/test-dir/MiniOzoneClusterImpl-bff17f4a-0019-4841-b5a2-5fb699c84b2c/datanode-0/data/ratis/4b249644-6e1a-4ca3-b369-0a934a6add71: flushIndex: setUnconditionally 0 -> -1
2019-08-20 14:08:49,094 [pool-27-thread-1] INFO  server.RaftServerConfigKeys (ConfUtils.java:logGet(43)) - raft.server.snapshot.auto.trigger.enabled = true (custom)
2019-08-20 14:08:49,095 [pool-27-thread-1] INFO  server.RaftServerConfigKeys (ConfUtils.java:logGet(43)) - raft.server.snapshot.auto.trigger.threshold = 10000 (custom)
2019-08-20 14:08:49,095 [pool-27-thread-1] INFO  server.RaftServerConfigKeys (ConfUtils.java:logGet(43)) - raft.server.retrycache.expirytime = 600000ms (custom)
2019-08-20 14:08:49,111 [pool-27-thread-1] INFO  impl.RaftServerImpl (RaftServerImpl.java:start(180)) - 87798376-b645-4034-b944-652a976dcc5e: start group-0A934A6ADD71
2019-08-20 14:08:49,112 [pool-27-thread-1] INFO  impl.RaftServerImpl (RaftServerImpl.java:setRole(171)) - 87798376-b645-4034-b944-652a976dcc5e:group-0A934A6ADD71 changes role from null to FOLLOWER at term 0 for startAsFollower
2019-08-20 14:08:49,113 [pool-27-thread-1] INFO  impl.RoleInfo (RoleInfo.java:updateAndGet(143)) - 87798376-b645-4034-b944-652a976dcc5e: start FollowerState
2019-08-20 14:08:49,114 [pool-27-thread-1] INFO  util.JmxRegister (JmxRegister.java:tryRegister(44)) - Successfully registered JMX Bean with object name Ratis:service=RaftServer,group=group-0A934A6ADD71,id=87798376-b645-4034-b944-652a976dcc5e
2019-08-20 14:08:49,164 [RatisPipelineUtilsThread] INFO  pipeline.PipelineStateManager (PipelineStateManager.java:addPipeline(56)) - Created pipeline Pipeline[ Id: 4b249644-6e1a-4ca3-b369-0a934a6add71, Nodes: 87798376-b645-4034-b944-652a976dcc5e{ip: 192.168.69.96, host: pr-hdds-1946lgncr-3764977478, networkLocation: /default-rack, certSerialId: null}, Type:RATIS, Factor:ONE, State:OPEN]
2019-08-20 14:08:49,190 [grpc-default-executor-0] INFO  impl.RaftServerProxy (RaftServerProxy.java:addNew(89)) - b25c2e9d-35ec-472d-960e-341eeb805113: addNew group-EB048DD82801:[b25c2e9d-35ec-472d-960e-341eeb805113:192.168.69.96:43902] returns group-EB048DD82801:java.util.concurrent.CompletableFuture@36d0075d[Not completed]
2019-08-20 14:08:49,237 [pool-49-thread-1] INFO  impl.RaftServerImpl (RaftServerImpl.java:<init>(93)) - b25c2e9d-35ec-472d-960e-341eeb805113: new RaftServerImpl for group-EB048DD82801:[b25c2e9d-35ec-472d-960e-341eeb805113:192.168.69.96:43902] with ContainerStateMachine:uninitialized
2019-08-20 14:08:49,238 [pool-49-thread-1] INFO  server.RaftServerConfigKeys (ConfUtils.java:logGet(43)) - raft.server.rpc.timeout.min = 5s (custom)
2019-08-20 14:08:49,238 [pool-49-thread-1] INFO  server.RaftServerConfigKeys (ConfUtils.java:logGet(43)) - raft.server.rpc.timeout.max = 5200ms (custom)
2019-08-20 14:08:49,238 [pool-49-thread-1] INFO  server.RaftServerConfigKeys (ConfUtils.java:logGet(43)) - raft.server.rpcslowness.timeout = 120s (custom)
2019-08-20 14:08:49,238 [pool-49-thread-1] INFO  server.RaftServerConfigKeys (ConfUtils.java:logGet(43)) - raft.server.sleep.deviation.threshold = 300 (default)
2019-08-20 14:08:49,238 [IPC Server handler 5 on 33170] INFO  net.NetworkTopology (NetworkTopologyImpl.java:add(110)) - Added a new node: /default-rack/f595cb28-7ff0-48d9-878a-05f87961be3a
2019-08-20 14:08:49,238 [pool-49-thread-1] INFO  server.RaftServerConfigKeys (ConfUtils.java:logGet(43)) - raft.server.log.appender.install.snapshot.enabled = false (custom)
2019-08-20 14:08:49,239 [IPC Server handler 5 on 33170] INFO  node.SCMNodeManager (SCMNodeManager.java:register(273)) - Registered Data node : f595cb28-7ff0-48d9-878a-05f87961be3a{ip: 192.168.69.96, host: pr-hdds-1946lgncr-3764977478, networkLocation: /default-rack, certSerialId: null}
2019-08-20 14:08:49,239 [pool-49-thread-1] INFO  impl.RaftServerImpl (ServerState.java:<init>(105)) - b25c2e9d-35ec-472d-960e-341eeb805113:group-EB048DD82801 ConfigurationManager, init=-1: [b25c2e9d-35ec-472d-960e-341eeb805113:192.168.69.96:43902], old=null, confs=<EMPTY_MAP>
2019-08-20 14:08:49,239 [pool-49-thread-1] INFO  server.RaftServerConfigKeys (ConfUtils.java:logGet(43)) - raft.server.storage.dir = [/workdir/hadoop-ozone/integration-test/target/test-dir/MiniOzoneClusterImpl-bff17f4a-0019-4841-b5a2-5fb699c84b2c/datanode-2/data/ratis] (custom)
2019-08-20 14:08:49,239 | INFO  | SCMAudit | user=jenkins1000 | ip=192.168.69.96 | op=REGISTER {datanodeDetails=f595cb28-7ff0-48d9-878a-05f87961be3a{ip: 192.168.69.96, host: pr-hdds-1946lgncr-3764977478, networkLocation: /default-rack, certSerialId: null}} | ret=SUCCESS |  
2019-08-20 14:08:49,239 [pool-49-thread-1] INFO  storage.RaftStorageDirectory (RaftStorageDirectory.java:analyzeStorage(246)) - The storage directory /workdir/hadoop-ozone/integration-test/target/test-dir/MiniOzoneClusterImpl-bff17f4a-0019-4841-b5a2-5fb699c84b2c/datanode-2/data/ratis/60130cc5-1900-4b8c-b9a1-eb048dd82801 does not exist. Creating ...
2019-08-20 14:08:49,254 [pool-49-thread-1] INFO  storage.RaftStorageDirectory (RaftStorageDirectory.java:tryLock(328)) - Lock on /workdir/hadoop-ozone/integration-test/target/test-dir/MiniOzoneClusterImpl-bff17f4a-0019-4841-b5a2-5fb699c84b2c/datanode-2/data/ratis/60130cc5-1900-4b8c-b9a1-eb048dd82801/in_use.lock acquired by nodename 6033@pr-hdds-1946lgncr-3764977478
2019-08-20 14:08:49,275 [pool-49-thread-1] INFO  storage.RaftStorage (RaftStorage.java:format(72)) - Storage directory /workdir/hadoop-ozone/integration-test/target/test-dir/MiniOzoneClusterImpl-bff17f4a-0019-4841-b5a2-5fb699c84b2c/datanode-2/data/ratis/60130cc5-1900-4b8c-b9a1-eb048dd82801 has been successfully formatted.
2019-08-20 14:08:49,277 [pool-49-thread-1] INFO  ratis.ContainerStateMachine (ContainerStateMachine.java:loadSnapshot(222)) - group-EB048DD82801: The snapshot info is null. Setting the last applied indexto:(t:0, i:~)
2019-08-20 14:08:49,278 [pool-49-thread-1] INFO  server.RaftServerConfigKeys (ConfUtils.java:logGet(43)) - raft.server.leader.election.timeout = 120s (custom)
2019-08-20 14:08:49,278 [pool-49-thread-1] INFO  server.RaftServerConfigKeys (ConfUtils.java:logGet(43)) - raft.server.log.use.memory = false (default)
2019-08-20 14:08:49,278 [pool-49-thread-1] INFO  server.RaftServerConfigKeys (ConfUtils.java:logGet(43)) - raft.server.log.purge.gap = 1000000 (custom)
2019-08-20 14:08:49,279 [pool-49-thread-1] INFO  server.RaftServerConfigKeys (ConfUtils.java:logGet(43)) - raft.server.log.appender.buffer.byte-limit = 33554432 (custom)
2019-08-20 14:08:49,279 [pool-49-thread-1] INFO  server.RaftServerConfigKeys (ConfUtils.java:logGet(43)) - raft.server.log.segment.size.max = 1048576 (custom)
2019-08-20 14:08:49,279 [pool-49-thread-1] INFO  server.RaftServerConfigKeys (ConfUtils.java:logGet(43)) - raft.server.log.segment.cache.num.max = 2 (custom)
2019-08-20 14:08:49,279 [pool-49-thread-1] INFO  segmented.SegmentedRaftLogWorker (SegmentedRaftLogWorker.java:<init>(172)) - new b25c2e9d-35ec-472d-960e-341eeb805113-SegmentedRaftLogWorker:Storage Directory /workdir/hadoop-ozone/integration-test/target/test-dir/MiniOzoneClusterImpl-bff17f4a-0019-4841-b5a2-5fb699c84b2c/datanode-2/data/ratis/60130cc5-1900-4b8c-b9a1-eb048dd82801 for RaftStorage:Storage Directory /workdir/hadoop-ozone/integration-test/target/test-dir/MiniOzoneClusterImpl-bff17f4a-0019-4841-b5a2-5fb699c84b2c/datanode-2/data/ratis/60130cc5-1900-4b8c-b9a1-eb048dd82801
2019-08-20 14:08:49,280 [pool-49-thread-1] INFO  server.RaftServerConfigKeys (ConfUtils.java:logGet(43)) - raft.server.log.queue.byte-limit = 2147483647 (custom)
2019-08-20 14:08:49,281 [pool-49-thread-1] INFO  server.RaftServerConfigKeys (ConfUtils.java:logGet(43)) - raft.server.log.queue.element-limit = 1024 (custom)
2019-08-20 14:08:49,281 [pool-49-thread-1] INFO  server.RaftServerConfigKeys (ConfUtils.java:logGet(43)) - raft.server.log.segment.size.max = 1048576 (custom)
2019-08-20 14:08:49,281 [pool-49-thread-1] INFO  server.RaftServerConfigKeys (ConfUtils.java:logGet(43)) - raft.server.log.preallocated.size = 16384 (custom)
2019-08-20 14:08:49,281 [pool-49-thread-1] INFO  server.RaftServerConfigKeys (ConfUtils.java:logGet(43)) - raft.server.log.write.buffer.size = 33554432 (custom)
2019-08-20 14:08:49,282 [pool-49-thread-1] INFO  server.RaftServerConfigKeys (ConfUtils.java:logGet(43)) - raft.server.log.force.sync.num = 128 (default)
2019-08-20 14:08:49,282 [pool-49-thread-1] INFO  server.RaftServerConfigKeys (ConfUtils.java:logGet(43)) - raft.server.log.statemachine.data.sync = true (default)
2019-08-20 14:08:49,282 [pool-49-thread-1] INFO  server.RaftServerConfigKeys (ConfUtils.java:logGet(43)) - raft.server.log.statemachine.data.sync.timeout = 10s (default)
2019-08-20 14:08:49,282 [pool-49-thread-1] INFO  server.RaftServerConfigKeys (ConfUtils.java:logGet(43)) - raft.server.log.statemachine.data.sync.timeout.retry = -1 (default)
2019-08-20 14:08:49,283 [pool-49-thread-1] INFO  server.RaftServerConfigKeys (ConfUtils.java:logGet(43)) - raft.server.log.statemachine.data.caching.enabled = true (custom)
2019-08-20 14:08:49,283 [pool-49-thread-1] INFO  segmented.SegmentedRaftLogWorker (SegmentedRaftLogWorker.java:lambda$new$0(132)) - b25c2e9d-35ec-472d-960e-341eeb805113-SegmentedRaftLogWorker:Storage Directory /workdir/hadoop-ozone/integration-test/target/test-dir/MiniOzoneClusterImpl-bff17f4a-0019-4841-b5a2-5fb699c84b2c/datanode-2/data/ratis/60130cc5-1900-4b8c-b9a1-eb048dd82801: flushIndex: setUnconditionally 0 -> -1
2019-08-20 14:08:49,283 [pool-49-thread-1] INFO  server.RaftServerConfigKeys (ConfUtils.java:logGet(43)) - raft.server.snapshot.auto.trigger.enabled = true (custom)
2019-08-20 14:08:49,284 [pool-49-thread-1] INFO  server.RaftServerConfigKeys (ConfUtils.java:logGet(43)) - raft.server.snapshot.auto.trigger.threshold = 10000 (custom)
2019-08-20 14:08:49,284 [pool-49-thread-1] INFO  server.RaftServerConfigKeys (ConfUtils.java:logGet(43)) - raft.server.retrycache.expirytime = 600000ms (custom)
2019-08-20 14:08:49,284 [pool-49-thread-1] INFO  impl.RaftServerImpl (RaftServerImpl.java:start(180)) - b25c2e9d-35ec-472d-960e-341eeb805113: start group-EB048DD82801
2019-08-20 14:08:49,284 [pool-49-thread-1] INFO  impl.RaftServerImpl (RaftServerImpl.java:setRole(171)) - b25c2e9d-35ec-472d-960e-341eeb805113:group-EB048DD82801 changes role from null to FOLLOWER at term 0 for startAsFollower
2019-08-20 14:08:49,285 [pool-49-thread-1] INFO  impl.RoleInfo (RoleInfo.java:updateAndGet(143)) - b25c2e9d-35ec-472d-960e-341eeb805113: start FollowerState
2019-08-20 14:08:49,286 [pool-49-thread-1] INFO  util.JmxRegister (JmxRegister.java:tryRegister(44)) - Successfully registered JMX Bean with object name Ratis:service=RaftServer,group=group-EB048DD82801,id=b25c2e9d-35ec-472d-960e-341eeb805113
2019-08-20 14:08:49,298 [RatisPipelineUtilsThread] INFO  pipeline.PipelineStateManager (PipelineStateManager.java:addPipeline(56)) - Created pipeline Pipeline[ Id: 60130cc5-1900-4b8c-b9a1-eb048dd82801, Nodes: b25c2e9d-35ec-472d-960e-341eeb805113{ip: 192.168.69.96, host: pr-hdds-1946lgncr-3764977478, networkLocation: /default-rack, certSerialId: null}, Type:RATIS, Factor:ONE, State:OPEN]
2019-08-20 14:08:49,320 [grpc-default-executor-0] INFO  impl.RaftServerProxy (RaftServerProxy.java:addNew(89)) - e92e791c-0508-419c-91d8-ad543954689b: addNew group-ACCC62527169:[e92e791c-0508-419c-91d8-ad543954689b:192.168.69.96:46849] returns group-ACCC62527169:java.util.concurrent.CompletableFuture@42d6abc0[Not completed]
2019-08-20 14:08:49,331 [pool-60-thread-1] INFO  impl.RaftServerImpl (RaftServerImpl.java:<init>(93)) - e92e791c-0508-419c-91d8-ad543954689b: new RaftServerImpl for group-ACCC62527169:[e92e791c-0508-419c-91d8-ad543954689b:192.168.69.96:46849] with ContainerStateMachine:uninitialized
2019-08-20 14:08:49,331 [pool-60-thread-1] INFO  server.RaftServerConfigKeys (ConfUtils.java:logGet(43)) - raft.server.rpc.timeout.min = 5s (custom)
2019-08-20 14:08:49,331 [pool-60-thread-1] INFO  server.RaftServerConfigKeys (ConfUtils.java:logGet(43)) - raft.server.rpc.timeout.max = 5200ms (custom)
2019-08-20 14:08:49,331 [pool-60-thread-1] INFO  server.RaftServerConfigKeys (ConfUtils.java:logGet(43)) - raft.server.rpcslowness.timeout = 120s (custom)
2019-08-20 14:08:49,331 [pool-60-thread-1] INFO  server.RaftServerConfigKeys (ConfUtils.java:logGet(43)) - raft.server.sleep.deviation.threshold = 300 (default)
2019-08-20 14:08:49,331 [pool-60-thread-1] INFO  server.RaftServerConfigKeys (ConfUtils.java:logGet(43)) - raft.server.log.appender.install.snapshot.enabled = false (custom)
2019-08-20 14:08:49,332 [pool-60-thread-1] INFO  impl.RaftServerImpl (ServerState.java:<init>(105)) - e92e791c-0508-419c-91d8-ad543954689b:group-ACCC62527169 ConfigurationManager, init=-1: [e92e791c-0508-419c-91d8-ad543954689b:192.168.69.96:46849], old=null, confs=<EMPTY_MAP>
2019-08-20 14:08:49,332 [pool-60-thread-1] INFO  server.RaftServerConfigKeys (ConfUtils.java:logGet(43)) - raft.server.storage.dir = [/workdir/hadoop-ozone/integration-test/target/test-dir/MiniOzoneClusterImpl-bff17f4a-0019-4841-b5a2-5fb699c84b2c/datanode-3/data/ratis] (custom)
2019-08-20 14:08:49,332 [pool-60-thread-1] INFO  storage.RaftStorageDirectory (RaftStorageDirectory.java:analyzeStorage(246)) - The storage directory /workdir/hadoop-ozone/integration-test/target/test-dir/MiniOzoneClusterImpl-bff17f4a-0019-4841-b5a2-5fb699c84b2c/datanode-3/data/ratis/acf3e937-0290-4fd9-a099-accc62527169 does not exist. Creating ...
2019-08-20 14:08:49,345 [pool-60-thread-1] INFO  storage.RaftStorageDirectory (RaftStorageDirectory.java:tryLock(328)) - Lock on /workdir/hadoop-ozone/integration-test/target/test-dir/MiniOzoneClusterImpl-bff17f4a-0019-4841-b5a2-5fb699c84b2c/datanode-3/data/ratis/acf3e937-0290-4fd9-a099-accc62527169/in_use.lock acquired by nodename 6033@pr-hdds-1946lgncr-3764977478
2019-08-20 14:08:49,359 [pool-60-thread-1] INFO  storage.RaftStorage (RaftStorage.java:format(72)) - Storage directory /workdir/hadoop-ozone/integration-test/target/test-dir/MiniOzoneClusterImpl-bff17f4a-0019-4841-b5a2-5fb699c84b2c/datanode-3/data/ratis/acf3e937-0290-4fd9-a099-accc62527169 has been successfully formatted.
2019-08-20 14:08:49,360 [pool-60-thread-1] INFO  ratis.ContainerStateMachine (ContainerStateMachine.java:loadSnapshot(222)) - group-ACCC62527169: The snapshot info is null. Setting the last applied indexto:(t:0, i:~)
2019-08-20 14:08:49,360 [pool-60-thread-1] INFO  server.RaftServerConfigKeys (ConfUtils.java:logGet(43)) - raft.server.leader.election.timeout = 120s (custom)
2019-08-20 14:08:49,360 [pool-60-thread-1] INFO  server.RaftServerConfigKeys (ConfUtils.java:logGet(43)) - raft.server.log.use.memory = false (default)
2019-08-20 14:08:49,360 [pool-60-thread-1] INFO  server.RaftServerConfigKeys (ConfUtils.java:logGet(43)) - raft.server.log.purge.gap = 1000000 (custom)
2019-08-20 14:08:49,361 [pool-60-thread-1] INFO  server.RaftServerConfigKeys (ConfUtils.java:logGet(43)) - raft.server.log.appender.buffer.byte-limit = 33554432 (custom)
2019-08-20 14:08:49,361 [pool-60-thread-1] INFO  server.RaftServerConfigKeys (ConfUtils.java:logGet(43)) - raft.server.log.segment.size.max = 1048576 (custom)
2019-08-20 14:08:49,361 [pool-60-thread-1] INFO  server.RaftServerConfigKeys (ConfUtils.java:logGet(43)) - raft.server.log.segment.cache.num.max = 2 (custom)
2019-08-20 14:08:49,361 [pool-60-thread-1] INFO  segmented.SegmentedRaftLogWorker (SegmentedRaftLogWorker.java:<init>(172)) - new e92e791c-0508-419c-91d8-ad543954689b-SegmentedRaftLogWorker:Storage Directory /workdir/hadoop-ozone/integration-test/target/test-dir/MiniOzoneClusterImpl-bff17f4a-0019-4841-b5a2-5fb699c84b2c/datanode-3/data/ratis/acf3e937-0290-4fd9-a099-accc62527169 for RaftStorage:Storage Directory /workdir/hadoop-ozone/integration-test/target/test-dir/MiniOzoneClusterImpl-bff17f4a-0019-4841-b5a2-5fb699c84b2c/datanode-3/data/ratis/acf3e937-0290-4fd9-a099-accc62527169
2019-08-20 14:08:49,361 [pool-60-thread-1] INFO  server.RaftServerConfigKeys (ConfUtils.java:logGet(43)) - raft.server.log.queue.byte-limit = 2147483647 (custom)
2019-08-20 14:08:49,361 [pool-60-thread-1] INFO  server.RaftServerConfigKeys (ConfUtils.java:logGet(43)) - raft.server.log.queue.element-limit = 1024 (custom)
2019-08-20 14:08:49,362 [pool-60-thread-1] INFO  server.RaftServerConfigKeys (ConfUtils.java:logGet(43)) - raft.server.log.segment.size.max = 1048576 (custom)
2019-08-20 14:08:49,362 [pool-60-thread-1] INFO  server.RaftServerConfigKeys (ConfUtils.java:logGet(43)) - raft.server.log.preallocated.size = 16384 (custom)
2019-08-20 14:08:49,362 [pool-60-thread-1] INFO  server.RaftServerConfigKeys (ConfUtils.java:logGet(43)) - raft.server.log.write.buffer.size = 33554432 (custom)
2019-08-20 14:08:49,363 [pool-60-thread-1] INFO  server.RaftServerConfigKeys (ConfUtils.java:logGet(43)) - raft.server.log.force.sync.num = 128 (default)
2019-08-20 14:08:49,363 [pool-60-thread-1] INFO  server.RaftServerConfigKeys (ConfUtils.java:logGet(43)) - raft.server.log.statemachine.data.sync = true (default)
2019-08-20 14:08:49,363 [pool-60-thread-1] INFO  server.RaftServerConfigKeys (ConfUtils.java:logGet(43)) - raft.server.log.statemachine.data.sync.timeout = 10s (default)
2019-08-20 14:08:49,363 [pool-60-thread-1] INFO  server.RaftServerConfigKeys (ConfUtils.java:logGet(43)) - raft.server.log.statemachine.data.sync.timeout.retry = -1 (default)
2019-08-20 14:08:49,364 [pool-60-thread-1] INFO  server.RaftServerConfigKeys (ConfUtils.java:logGet(43)) - raft.server.log.statemachine.data.caching.enabled = true (custom)
2019-08-20 14:08:49,364 [pool-60-thread-1] INFO  segmented.SegmentedRaftLogWorker (SegmentedRaftLogWorker.java:lambda$new$0(132)) - e92e791c-0508-419c-91d8-ad543954689b-SegmentedRaftLogWorker:Storage Directory /workdir/hadoop-ozone/integration-test/target/test-dir/MiniOzoneClusterImpl-bff17f4a-0019-4841-b5a2-5fb699c84b2c/datanode-3/data/ratis/acf3e937-0290-4fd9-a099-accc62527169: flushIndex: setUnconditionally 0 -> -1
2019-08-20 14:08:49,365 [pool-60-thread-1] INFO  server.RaftServerConfigKeys (ConfUtils.java:logGet(43)) - raft.server.snapshot.auto.trigger.enabled = true (custom)
2019-08-20 14:08:49,365 [pool-60-thread-1] INFO  server.RaftServerConfigKeys (ConfUtils.java:logGet(43)) - raft.server.snapshot.auto.trigger.threshold = 10000 (custom)
2019-08-20 14:08:49,365 [pool-60-thread-1] INFO  server.RaftServerConfigKeys (ConfUtils.java:logGet(43)) - raft.server.retrycache.expirytime = 600000ms (custom)
2019-08-20 14:08:49,365 [pool-60-thread-1] INFO  impl.RaftServerImpl (RaftServerImpl.java:start(180)) - e92e791c-0508-419c-91d8-ad543954689b: start group-ACCC62527169
2019-08-20 14:08:49,365 [pool-60-thread-1] INFO  impl.RaftServerImpl (RaftServerImpl.java:setRole(171)) - e92e791c-0508-419c-91d8-ad543954689b:group-ACCC62527169 changes role from null to FOLLOWER at term 0 for startAsFollower
2019-08-20 14:08:49,366 [pool-60-thread-1] INFO  impl.RoleInfo (RoleInfo.java:updateAndGet(143)) - e92e791c-0508-419c-91d8-ad543954689b: start FollowerState
2019-08-20 14:08:49,366 [pool-60-thread-1] INFO  util.JmxRegister (JmxRegister.java:tryRegister(44)) - Successfully registered JMX Bean with object name Ratis:service=RaftServer,group=group-ACCC62527169,id=e92e791c-0508-419c-91d8-ad543954689b
2019-08-20 14:08:49,378 [RatisPipelineUtilsThread] INFO  pipeline.PipelineStateManager (PipelineStateManager.java:addPipeline(56)) - Created pipeline Pipeline[ Id: acf3e937-0290-4fd9-a099-accc62527169, Nodes: e92e791c-0508-419c-91d8-ad543954689b{ip: 192.168.69.96, host: pr-hdds-1946lgncr-3764977478, networkLocation: /default-rack, certSerialId: null}, Type:RATIS, Factor:ONE, State:OPEN]
2019-08-20 14:08:49,395 [grpc-default-executor-0] INFO  impl.RaftServerProxy (RaftServerProxy.java:addNew(89)) - b178e53d-d2c8-4c73-be8a-80f95d3f059b: addNew group-07D22EFC357D:[b178e53d-d2c8-4c73-be8a-80f95d3f059b:192.168.69.96:33366] returns group-07D22EFC357D:java.util.concurrent.CompletableFuture@3d871de2[Not completed]
2019-08-20 14:08:49,398 [pool-71-thread-1] INFO  impl.RaftServerImpl (RaftServerImpl.java:<init>(93)) - b178e53d-d2c8-4c73-be8a-80f95d3f059b: new RaftServerImpl for group-07D22EFC357D:[b178e53d-d2c8-4c73-be8a-80f95d3f059b:192.168.69.96:33366] with ContainerStateMachine:uninitialized
2019-08-20 14:08:49,399 [pool-71-thread-1] INFO  server.RaftServerConfigKeys (ConfUtils.java:logGet(43)) - raft.server.rpc.timeout.min = 5s (custom)
2019-08-20 14:08:49,399 [pool-71-thread-1] INFO  server.RaftServerConfigKeys (ConfUtils.java:logGet(43)) - raft.server.rpc.timeout.max = 5200ms (custom)
2019-08-20 14:08:49,399 [pool-71-thread-1] INFO  server.RaftServerConfigKeys (ConfUtils.java:logGet(43)) - raft.server.rpcslowness.timeout = 120s (custom)
2019-08-20 14:08:49,399 [pool-71-thread-1] INFO  server.RaftServerConfigKeys (ConfUtils.java:logGet(43)) - raft.server.sleep.deviation.threshold = 300 (default)
2019-08-20 14:08:49,399 [pool-71-thread-1] INFO  server.RaftServerConfigKeys (ConfUtils.java:logGet(43)) - raft.server.log.appender.install.snapshot.enabled = false (custom)
2019-08-20 14:08:49,399 [pool-71-thread-1] INFO  impl.RaftServerImpl (ServerState.java:<init>(105)) - b178e53d-d2c8-4c73-be8a-80f95d3f059b:group-07D22EFC357D ConfigurationManager, init=-1: [b178e53d-d2c8-4c73-be8a-80f95d3f059b:192.168.69.96:33366], old=null, confs=<EMPTY_MAP>
2019-08-20 14:08:49,399 [pool-71-thread-1] INFO  server.RaftServerConfigKeys (ConfUtils.java:logGet(43)) - raft.server.storage.dir = [/workdir/hadoop-ozone/integration-test/target/test-dir/MiniOzoneClusterImpl-bff17f4a-0019-4841-b5a2-5fb699c84b2c/datanode-4/data/ratis] (custom)
2019-08-20 14:08:49,400 [pool-71-thread-1] INFO  storage.RaftStorageDirectory (RaftStorageDirectory.java:analyzeStorage(246)) - The storage directory /workdir/hadoop-ozone/integration-test/target/test-dir/MiniOzoneClusterImpl-bff17f4a-0019-4841-b5a2-5fb699c84b2c/datanode-4/data/ratis/ea0f6e65-8b2f-40e9-9efa-07d22efc357d does not exist. Creating ...
2019-08-20 14:08:49,405 [IPC Server handler 1 on 33170] INFO  net.NetworkTopology (NetworkTopologyImpl.java:add(110)) - Added a new node: /default-rack/b55144da-9cba-4c3d-a1e9-fe24840a2a80
2019-08-20 14:08:49,405 [IPC Server handler 1 on 33170] INFO  node.SCMNodeManager (SCMNodeManager.java:register(273)) - Registered Data node : b55144da-9cba-4c3d-a1e9-fe24840a2a80{ip: 192.168.69.96, host: pr-hdds-1946lgncr-3764977478, networkLocation: /default-rack, certSerialId: null}
2019-08-20 14:08:49,406 | INFO  | SCMAudit | user=jenkins1000 | ip=192.168.69.96 | op=REGISTER {datanodeDetails=b55144da-9cba-4c3d-a1e9-fe24840a2a80{ip: 192.168.69.96, host: pr-hdds-1946lgncr-3764977478, networkLocation: /default-rack, certSerialId: null}} | ret=SUCCESS |  
2019-08-20 14:08:49,412 [pool-71-thread-1] INFO  storage.RaftStorageDirectory (RaftStorageDirectory.java:tryLock(328)) - Lock on /workdir/hadoop-ozone/integration-test/target/test-dir/MiniOzoneClusterImpl-bff17f4a-0019-4841-b5a2-5fb699c84b2c/datanode-4/data/ratis/ea0f6e65-8b2f-40e9-9efa-07d22efc357d/in_use.lock acquired by nodename 6033@pr-hdds-1946lgncr-3764977478
2019-08-20 14:08:49,416 [pool-71-thread-1] INFO  storage.RaftStorage (RaftStorage.java:format(72)) - Storage directory /workdir/hadoop-ozone/integration-test/target/test-dir/MiniOzoneClusterImpl-bff17f4a-0019-4841-b5a2-5fb699c84b2c/datanode-4/data/ratis/ea0f6e65-8b2f-40e9-9efa-07d22efc357d has been successfully formatted.
2019-08-20 14:08:49,416 [pool-71-thread-1] INFO  ratis.ContainerStateMachine (ContainerStateMachine.java:loadSnapshot(222)) - group-07D22EFC357D: The snapshot info is null. Setting the last applied indexto:(t:0, i:~)
2019-08-20 14:08:49,416 [pool-71-thread-1] INFO  server.RaftServerConfigKeys (ConfUtils.java:logGet(43)) - raft.server.leader.election.timeout = 120s (custom)
2019-08-20 14:08:49,416 [pool-71-thread-1] INFO  server.RaftServerConfigKeys (ConfUtils.java:logGet(43)) - raft.server.log.use.memory = false (default)
2019-08-20 14:08:49,416 [pool-71-thread-1] INFO  server.RaftServerConfigKeys (ConfUtils.java:logGet(43)) - raft.server.log.purge.gap = 1000000 (custom)
2019-08-20 14:08:49,416 [pool-71-thread-1] INFO  server.RaftServerConfigKeys (ConfUtils.java:logGet(43)) - raft.server.log.appender.buffer.byte-limit = 33554432 (custom)
2019-08-20 14:08:49,417 [pool-71-thread-1] INFO  server.RaftServerConfigKeys (ConfUtils.java:logGet(43)) - raft.server.log.segment.size.max = 1048576 (custom)
2019-08-20 14:08:49,417 [pool-71-thread-1] INFO  server.RaftServerConfigKeys (ConfUtils.java:logGet(43)) - raft.server.log.segment.cache.num.max = 2 (custom)
2019-08-20 14:08:49,417 [pool-71-thread-1] INFO  segmented.SegmentedRaftLogWorker (SegmentedRaftLogWorker.java:<init>(172)) - new b178e53d-d2c8-4c73-be8a-80f95d3f059b-SegmentedRaftLogWorker:Storage Directory /workdir/hadoop-ozone/integration-test/target/test-dir/MiniOzoneClusterImpl-bff17f4a-0019-4841-b5a2-5fb699c84b2c/datanode-4/data/ratis/ea0f6e65-8b2f-40e9-9efa-07d22efc357d for RaftStorage:Storage Directory /workdir/hadoop-ozone/integration-test/target/test-dir/MiniOzoneClusterImpl-bff17f4a-0019-4841-b5a2-5fb699c84b2c/datanode-4/data/ratis/ea0f6e65-8b2f-40e9-9efa-07d22efc357d
2019-08-20 14:08:49,417 [pool-71-thread-1] INFO  server.RaftServerConfigKeys (ConfUtils.java:logGet(43)) - raft.server.log.queue.byte-limit = 2147483647 (custom)
2019-08-20 14:08:49,417 [pool-71-thread-1] INFO  server.RaftServerConfigKeys (ConfUtils.java:logGet(43)) - raft.server.log.queue.element-limit = 1024 (custom)
2019-08-20 14:08:49,417 [pool-71-thread-1] INFO  server.RaftServerConfigKeys (ConfUtils.java:logGet(43)) - raft.server.log.segment.size.max = 1048576 (custom)
2019-08-20 14:08:49,417 [pool-71-thread-1] INFO  server.RaftServerConfigKeys (ConfUtils.java:logGet(43)) - raft.server.log.preallocated.size = 16384 (custom)
2019-08-20 14:08:49,417 [pool-71-thread-1] INFO  server.RaftServerConfigKeys (ConfUtils.java:logGet(43)) - raft.server.log.write.buffer.size = 33554432 (custom)
2019-08-20 14:08:49,418 [pool-71-thread-1] INFO  server.RaftServerConfigKeys (ConfUtils.java:logGet(43)) - raft.server.log.force.sync.num = 128 (default)
2019-08-20 14:08:49,418 [pool-71-thread-1] INFO  server.RaftServerConfigKeys (ConfUtils.java:logGet(43)) - raft.server.log.statemachine.data.sync = true (default)
2019-08-20 14:08:49,418 [pool-71-thread-1] INFO  server.RaftServerConfigKeys (ConfUtils.java:logGet(43)) - raft.server.log.statemachine.data.sync.timeout = 10s (default)
2019-08-20 14:08:49,418 [pool-71-thread-1] INFO  server.RaftServerConfigKeys (ConfUtils.java:logGet(43)) - raft.server.log.statemachine.data.sync.timeout.retry = -1 (default)
2019-08-20 14:08:49,418 [pool-71-thread-1] INFO  server.RaftServerConfigKeys (ConfUtils.java:logGet(43)) - raft.server.log.statemachine.data.caching.enabled = true (custom)
2019-08-20 14:08:49,418 [pool-71-thread-1] INFO  segmented.SegmentedRaftLogWorker (SegmentedRaftLogWorker.java:lambda$new$0(132)) - b178e53d-d2c8-4c73-be8a-80f95d3f059b-SegmentedRaftLogWorker:Storage Directory /workdir/hadoop-ozone/integration-test/target/test-dir/MiniOzoneClusterImpl-bff17f4a-0019-4841-b5a2-5fb699c84b2c/datanode-4/data/ratis/ea0f6e65-8b2f-40e9-9efa-07d22efc357d: flushIndex: setUnconditionally 0 -> -1
2019-08-20 14:08:49,419 [pool-71-thread-1] INFO  server.RaftServerConfigKeys (ConfUtils.java:logGet(43)) - raft.server.snapshot.auto.trigger.enabled = true (custom)
2019-08-20 14:08:49,419 [pool-71-thread-1] INFO  server.RaftServerConfigKeys (ConfUtils.java:logGet(43)) - raft.server.snapshot.auto.trigger.threshold = 10000 (custom)
2019-08-20 14:08:49,419 [pool-71-thread-1] INFO  server.RaftServerConfigKeys (ConfUtils.java:logGet(43)) - raft.server.retrycache.expirytime = 600000ms (custom)
2019-08-20 14:08:49,419 [pool-71-thread-1] INFO  impl.RaftServerImpl (RaftServerImpl.java:start(180)) - b178e53d-d2c8-4c73-be8a-80f95d3f059b: start group-07D22EFC357D
2019-08-20 14:08:49,419 [pool-71-thread-1] INFO  impl.RaftServerImpl (RaftServerImpl.java:setRole(171)) - b178e53d-d2c8-4c73-be8a-80f95d3f059b:group-07D22EFC357D changes role from null to FOLLOWER at term 0 for startAsFollower
2019-08-20 14:08:49,419 [pool-71-thread-1] INFO  impl.RoleInfo (RoleInfo.java:updateAndGet(143)) - b178e53d-d2c8-4c73-be8a-80f95d3f059b: start FollowerState
2019-08-20 14:08:49,420 [pool-71-thread-1] INFO  util.JmxRegister (JmxRegister.java:tryRegister(44)) - Successfully registered JMX Bean with object name Ratis:service=RaftServer,group=group-07D22EFC357D,id=b178e53d-d2c8-4c73-be8a-80f95d3f059b
2019-08-20 14:08:49,430 [RatisPipelineUtilsThread] INFO  pipeline.PipelineStateManager (PipelineStateManager.java:addPipeline(56)) - Created pipeline Pipeline[ Id: ea0f6e65-8b2f-40e9-9efa-07d22efc357d, Nodes: b178e53d-d2c8-4c73-be8a-80f95d3f059b{ip: 192.168.69.96, host: pr-hdds-1946lgncr-3764977478, networkLocation: /default-rack, certSerialId: null}, Type:RATIS, Factor:ONE, State:OPEN]
2019-08-20 14:08:49,447 [grpc-default-executor-0] INFO  impl.RaftServerProxy (RaftServerProxy.java:addNew(89)) - b55144da-9cba-4c3d-a1e9-fe24840a2a80: addNew group-DAB234F61A97:[b55144da-9cba-4c3d-a1e9-fe24840a2a80:192.168.69.96:46175] returns group-DAB234F61A97:java.util.concurrent.CompletableFuture@6d1e80eb[Not completed]
2019-08-20 14:08:49,451 [pool-93-thread-1] INFO  impl.RaftServerImpl (RaftServerImpl.java:<init>(93)) - b55144da-9cba-4c3d-a1e9-fe24840a2a80: new RaftServerImpl for group-DAB234F61A97:[b55144da-9cba-4c3d-a1e9-fe24840a2a80:192.168.69.96:46175] with ContainerStateMachine:uninitialized
2019-08-20 14:08:49,451 [pool-93-thread-1] INFO  server.RaftServerConfigKeys (ConfUtils.java:logGet(43)) - raft.server.rpc.timeout.min = 5s (custom)
2019-08-20 14:08:49,452 [pool-93-thread-1] INFO  server.RaftServerConfigKeys (ConfUtils.java:logGet(43)) - raft.server.rpc.timeout.max = 5200ms (custom)
2019-08-20 14:08:49,452 [pool-93-thread-1] INFO  server.RaftServerConfigKeys (ConfUtils.java:logGet(43)) - raft.server.rpcslowness.timeout = 120s (custom)
2019-08-20 14:08:49,452 [pool-93-thread-1] INFO  server.RaftServerConfigKeys (ConfUtils.java:logGet(43)) - raft.server.sleep.deviation.threshold = 300 (default)
2019-08-20 14:08:49,452 [pool-93-thread-1] INFO  server.RaftServerConfigKeys (ConfUtils.java:logGet(43)) - raft.server.log.appender.install.snapshot.enabled = false (custom)
2019-08-20 14:08:49,452 [pool-93-thread-1] INFO  impl.RaftServerImpl (ServerState.java:<init>(105)) - b55144da-9cba-4c3d-a1e9-fe24840a2a80:group-DAB234F61A97 ConfigurationManager, init=-1: [b55144da-9cba-4c3d-a1e9-fe24840a2a80:192.168.69.96:46175], old=null, confs=<EMPTY_MAP>
2019-08-20 14:08:49,452 [pool-93-thread-1] INFO  server.RaftServerConfigKeys (ConfUtils.java:logGet(43)) - raft.server.storage.dir = [/workdir/hadoop-ozone/integration-test/target/test-dir/MiniOzoneClusterImpl-bff17f4a-0019-4841-b5a2-5fb699c84b2c/datanode-6/data/ratis] (custom)
2019-08-20 14:08:49,453 [pool-93-thread-1] INFO  storage.RaftStorageDirectory (RaftStorageDirectory.java:analyzeStorage(246)) - The storage directory /workdir/hadoop-ozone/integration-test/target/test-dir/MiniOzoneClusterImpl-bff17f4a-0019-4841-b5a2-5fb699c84b2c/datanode-6/data/ratis/ec7c0caa-58db-41c2-982b-dab234f61a97 does not exist. Creating ...
2019-08-20 14:08:49,465 [pool-93-thread-1] INFO  storage.RaftStorageDirectory (RaftStorageDirectory.java:tryLock(328)) - Lock on /workdir/hadoop-ozone/integration-test/target/test-dir/MiniOzoneClusterImpl-bff17f4a-0019-4841-b5a2-5fb699c84b2c/datanode-6/data/ratis/ec7c0caa-58db-41c2-982b-dab234f61a97/in_use.lock acquired by nodename 6033@pr-hdds-1946lgncr-3764977478
2019-08-20 14:08:49,479 [pool-93-thread-1] INFO  storage.RaftStorage (RaftStorage.java:format(72)) - Storage directory /workdir/hadoop-ozone/integration-test/target/test-dir/MiniOzoneClusterImpl-bff17f4a-0019-4841-b5a2-5fb699c84b2c/datanode-6/data/ratis/ec7c0caa-58db-41c2-982b-dab234f61a97 has been successfully formatted.
2019-08-20 14:08:49,479 [pool-93-thread-1] INFO  ratis.ContainerStateMachine (ContainerStateMachine.java:loadSnapshot(222)) - group-DAB234F61A97: The snapshot info is null. Setting the last applied indexto:(t:0, i:~)
2019-08-20 14:08:49,479 [pool-93-thread-1] INFO  server.RaftServerConfigKeys (ConfUtils.java:logGet(43)) - raft.server.leader.election.timeout = 120s (custom)
2019-08-20 14:08:49,480 [pool-93-thread-1] INFO  server.RaftServerConfigKeys (ConfUtils.java:logGet(43)) - raft.server.log.use.memory = false (default)
2019-08-20 14:08:49,480 [pool-93-thread-1] INFO  server.RaftServerConfigKeys (ConfUtils.java:logGet(43)) - raft.server.log.purge.gap = 1000000 (custom)
2019-08-20 14:08:49,480 [pool-93-thread-1] INFO  server.RaftServerConfigKeys (ConfUtils.java:logGet(43)) - raft.server.log.appender.buffer.byte-limit = 33554432 (custom)
2019-08-20 14:08:49,480 [pool-93-thread-1] INFO  server.RaftServerConfigKeys (ConfUtils.java:logGet(43)) - raft.server.log.segment.size.max = 1048576 (custom)
2019-08-20 14:08:49,480 [pool-93-thread-1] INFO  server.RaftServerConfigKeys (ConfUtils.java:logGet(43)) - raft.server.log.segment.cache.num.max = 2 (custom)
2019-08-20 14:08:49,480 [pool-93-thread-1] INFO  segmented.SegmentedRaftLogWorker (SegmentedRaftLogWorker.java:<init>(172)) - new b55144da-9cba-4c3d-a1e9-fe24840a2a80-SegmentedRaftLogWorker:Storage Directory /workdir/hadoop-ozone/integration-test/target/test-dir/MiniOzoneClusterImpl-bff17f4a-0019-4841-b5a2-5fb699c84b2c/datanode-6/data/ratis/ec7c0caa-58db-41c2-982b-dab234f61a97 for RaftStorage:Storage Directory /workdir/hadoop-ozone/integration-test/target/test-dir/MiniOzoneClusterImpl-bff17f4a-0019-4841-b5a2-5fb699c84b2c/datanode-6/data/ratis/ec7c0caa-58db-41c2-982b-dab234f61a97
2019-08-20 14:08:49,480 [pool-93-thread-1] INFO  server.RaftServerConfigKeys (ConfUtils.java:logGet(43)) - raft.server.log.queue.byte-limit = 2147483647 (custom)
2019-08-20 14:08:49,480 [pool-93-thread-1] INFO  server.RaftServerConfigKeys (ConfUtils.java:logGet(43)) - raft.server.log.queue.element-limit = 1024 (custom)
2019-08-20 14:08:49,481 [pool-93-thread-1] INFO  server.RaftServerConfigKeys (ConfUtils.java:logGet(43)) - raft.server.log.segment.size.max = 1048576 (custom)
2019-08-20 14:08:49,481 [pool-93-thread-1] INFO  server.RaftServerConfigKeys (ConfUtils.java:logGet(43)) - raft.server.log.preallocated.size = 16384 (custom)
2019-08-20 14:08:49,481 [pool-93-thread-1] INFO  server.RaftServerConfigKeys (ConfUtils.java:logGet(43)) - raft.server.log.write.buffer.size = 33554432 (custom)
2019-08-20 14:08:49,481 [pool-93-thread-1] INFO  server.RaftServerConfigKeys (ConfUtils.java:logGet(43)) - raft.server.log.force.sync.num = 128 (default)
2019-08-20 14:08:49,481 [pool-93-thread-1] INFO  server.RaftServerConfigKeys (ConfUtils.java:logGet(43)) - raft.server.log.statemachine.data.sync = true (default)
2019-08-20 14:08:49,481 [pool-93-thread-1] INFO  server.RaftServerConfigKeys (ConfUtils.java:logGet(43)) - raft.server.log.statemachine.data.sync.timeout = 10s (default)
2019-08-20 14:08:49,481 [pool-93-thread-1] INFO  server.RaftServerConfigKeys (ConfUtils.java:logGet(43)) - raft.server.log.statemachine.data.sync.timeout.retry = -1 (default)
2019-08-20 14:08:49,481 [pool-93-thread-1] INFO  server.RaftServerConfigKeys (ConfUtils.java:logGet(43)) - raft.server.log.statemachine.data.caching.enabled = true (custom)
2019-08-20 14:08:49,482 [pool-93-thread-1] INFO  segmented.SegmentedRaftLogWorker (SegmentedRaftLogWorker.java:lambda$new$0(132)) - b55144da-9cba-4c3d-a1e9-fe24840a2a80-SegmentedRaftLogWorker:Storage Directory /workdir/hadoop-ozone/integration-test/target/test-dir/MiniOzoneClusterImpl-bff17f4a-0019-4841-b5a2-5fb699c84b2c/datanode-6/data/ratis/ec7c0caa-58db-41c2-982b-dab234f61a97: flushIndex: setUnconditionally 0 -> -1
2019-08-20 14:08:49,482 [pool-93-thread-1] INFO  server.RaftServerConfigKeys (ConfUtils.java:logGet(43)) - raft.server.snapshot.auto.trigger.enabled = true (custom)
2019-08-20 14:08:49,482 [pool-93-thread-1] INFO  server.RaftServerConfigKeys (ConfUtils.java:logGet(43)) - raft.server.snapshot.auto.trigger.threshold = 10000 (custom)
2019-08-20 14:08:49,482 [pool-93-thread-1] INFO  server.RaftServerConfigKeys (ConfUtils.java:logGet(43)) - raft.server.retrycache.expirytime = 600000ms (custom)
2019-08-20 14:08:49,482 [pool-93-thread-1] INFO  impl.RaftServerImpl (RaftServerImpl.java:start(180)) - b55144da-9cba-4c3d-a1e9-fe24840a2a80: start group-DAB234F61A97
2019-08-20 14:08:49,483 [pool-93-thread-1] INFO  impl.RaftServerImpl (RaftServerImpl.java:setRole(171)) - b55144da-9cba-4c3d-a1e9-fe24840a2a80:group-DAB234F61A97 changes role from null to FOLLOWER at term 0 for startAsFollower
2019-08-20 14:08:49,483 [pool-93-thread-1] INFO  impl.RoleInfo (RoleInfo.java:updateAndGet(143)) - b55144da-9cba-4c3d-a1e9-fe24840a2a80: start FollowerState
2019-08-20 14:08:49,483 [pool-93-thread-1] INFO  util.JmxRegister (JmxRegister.java:tryRegister(44)) - Successfully registered JMX Bean with object name Ratis:service=RaftServer,group=group-DAB234F61A97,id=b55144da-9cba-4c3d-a1e9-fe24840a2a80
2019-08-20 14:08:49,497 [RatisPipelineUtilsThread] INFO  pipeline.PipelineStateManager (PipelineStateManager.java:addPipeline(56)) - Created pipeline Pipeline[ Id: ec7c0caa-58db-41c2-982b-dab234f61a97, Nodes: b55144da-9cba-4c3d-a1e9-fe24840a2a80{ip: 192.168.69.96, host: pr-hdds-1946lgncr-3764977478, networkLocation: /default-rack, certSerialId: null}, Type:RATIS, Factor:ONE, State:OPEN]
2019-08-20 14:08:49,515 [grpc-default-executor-0] INFO  impl.RaftServerProxy (RaftServerProxy.java:addNew(89)) - 9d755d7f-9bab-4a76-accf-4a220332aad5: addNew group-C703AFD10C70:[9d755d7f-9bab-4a76-accf-4a220332aad5:192.168.69.96:35587] returns group-C703AFD10C70:java.util.concurrent.CompletableFuture@1fba8b1d[Not completed]
2019-08-20 14:08:49,518 [pool-38-thread-1] INFO  impl.RaftServerImpl (RaftServerImpl.java:<init>(93)) - 9d755d7f-9bab-4a76-accf-4a220332aad5: new RaftServerImpl for group-C703AFD10C70:[9d755d7f-9bab-4a76-accf-4a220332aad5:192.168.69.96:35587] with ContainerStateMachine:uninitialized
2019-08-20 14:08:49,518 [pool-38-thread-1] INFO  server.RaftServerConfigKeys (ConfUtils.java:logGet(43)) - raft.server.rpc.timeout.min = 5s (custom)
2019-08-20 14:08:49,518 [pool-38-thread-1] INFO  server.RaftServerConfigKeys (ConfUtils.java:logGet(43)) - raft.server.rpc.timeout.max = 5200ms (custom)
2019-08-20 14:08:49,518 [pool-38-thread-1] INFO  server.RaftServerConfigKeys (ConfUtils.java:logGet(43)) - raft.server.rpcslowness.timeout = 120s (custom)
2019-08-20 14:08:49,518 [pool-38-thread-1] INFO  server.RaftServerConfigKeys (ConfUtils.java:logGet(43)) - raft.server.sleep.deviation.threshold = 300 (default)
2019-08-20 14:08:49,518 [pool-38-thread-1] INFO  server.RaftServerConfigKeys (ConfUtils.java:logGet(43)) - raft.server.log.appender.install.snapshot.enabled = false (custom)
2019-08-20 14:08:49,518 [pool-38-thread-1] INFO  impl.RaftServerImpl (ServerState.java:<init>(105)) - 9d755d7f-9bab-4a76-accf-4a220332aad5:group-C703AFD10C70 ConfigurationManager, init=-1: [9d755d7f-9bab-4a76-accf-4a220332aad5:192.168.69.96:35587], old=null, confs=<EMPTY_MAP>
2019-08-20 14:08:49,519 [pool-38-thread-1] INFO  server.RaftServerConfigKeys (ConfUtils.java:logGet(43)) - raft.server.storage.dir = [/workdir/hadoop-ozone/integration-test/target/test-dir/MiniOzoneClusterImpl-bff17f4a-0019-4841-b5a2-5fb699c84b2c/datanode-1/data/ratis] (custom)
2019-08-20 14:08:49,519 [pool-38-thread-1] INFO  storage.RaftStorageDirectory (RaftStorageDirectory.java:analyzeStorage(246)) - The storage directory /workdir/hadoop-ozone/integration-test/target/test-dir/MiniOzoneClusterImpl-bff17f4a-0019-4841-b5a2-5fb699c84b2c/datanode-1/data/ratis/8e0e30f6-fa64-4682-9222-c703afd10c70 does not exist. Creating ...
2019-08-20 14:08:49,533 [pool-38-thread-1] INFO  storage.RaftStorageDirectory (RaftStorageDirectory.java:tryLock(328)) - Lock on /workdir/hadoop-ozone/integration-test/target/test-dir/MiniOzoneClusterImpl-bff17f4a-0019-4841-b5a2-5fb699c84b2c/datanode-1/data/ratis/8e0e30f6-fa64-4682-9222-c703afd10c70/in_use.lock acquired by nodename 6033@pr-hdds-1946lgncr-3764977478
2019-08-20 14:08:49,546 [pool-38-thread-1] INFO  storage.RaftStorage (RaftStorage.java:format(72)) - Storage directory /workdir/hadoop-ozone/integration-test/target/test-dir/MiniOzoneClusterImpl-bff17f4a-0019-4841-b5a2-5fb699c84b2c/datanode-1/data/ratis/8e0e30f6-fa64-4682-9222-c703afd10c70 has been successfully formatted.
2019-08-20 14:08:49,547 [pool-38-thread-1] INFO  ratis.ContainerStateMachine (ContainerStateMachine.java:loadSnapshot(222)) - group-C703AFD10C70: The snapshot info is null. Setting the last applied indexto:(t:0, i:~)
2019-08-20 14:08:49,547 [pool-38-thread-1] INFO  server.RaftServerConfigKeys (ConfUtils.java:logGet(43)) - raft.server.leader.election.timeout = 120s (custom)
2019-08-20 14:08:49,547 [pool-38-thread-1] INFO  server.RaftServerConfigKeys (ConfUtils.java:logGet(43)) - raft.server.log.use.memory = false (default)
2019-08-20 14:08:49,547 [pool-38-thread-1] INFO  server.RaftServerConfigKeys (ConfUtils.java:logGet(43)) - raft.server.log.purge.gap = 1000000 (custom)
2019-08-20 14:08:49,547 [pool-38-thread-1] INFO  server.RaftServerConfigKeys (ConfUtils.java:logGet(43)) - raft.server.log.appender.buffer.byte-limit = 33554432 (custom)
2019-08-20 14:08:49,547 [pool-38-thread-1] INFO  server.RaftServerConfigKeys (ConfUtils.java:logGet(43)) - raft.server.log.segment.size.max = 1048576 (custom)
2019-08-20 14:08:49,547 [pool-38-thread-1] INFO  server.RaftServerConfigKeys (ConfUtils.java:logGet(43)) - raft.server.log.segment.cache.num.max = 2 (custom)
2019-08-20 14:08:49,548 [pool-38-thread-1] INFO  segmented.SegmentedRaftLogWorker (SegmentedRaftLogWorker.java:<init>(172)) - new 9d755d7f-9bab-4a76-accf-4a220332aad5-SegmentedRaftLogWorker:Storage Directory /workdir/hadoop-ozone/integration-test/target/test-dir/MiniOzoneClusterImpl-bff17f4a-0019-4841-b5a2-5fb699c84b2c/datanode-1/data/ratis/8e0e30f6-fa64-4682-9222-c703afd10c70 for RaftStorage:Storage Directory /workdir/hadoop-ozone/integration-test/target/test-dir/MiniOzoneClusterImpl-bff17f4a-0019-4841-b5a2-5fb699c84b2c/datanode-1/data/ratis/8e0e30f6-fa64-4682-9222-c703afd10c70
2019-08-20 14:08:49,548 [pool-38-thread-1] INFO  server.RaftServerConfigKeys (ConfUtils.java:logGet(43)) - raft.server.log.queue.byte-limit = 2147483647 (custom)
2019-08-20 14:08:49,548 [pool-38-thread-1] INFO  server.RaftServerConfigKeys (ConfUtils.java:logGet(43)) - raft.server.log.queue.element-limit = 1024 (custom)
2019-08-20 14:08:49,548 [pool-38-thread-1] INFO  server.RaftServerConfigKeys (ConfUtils.java:logGet(43)) - raft.server.log.segment.size.max = 1048576 (custom)
2019-08-20 14:08:49,548 [pool-38-thread-1] INFO  server.RaftServerConfigKeys (ConfUtils.java:logGet(43)) - raft.server.log.preallocated.size = 16384 (custom)
2019-08-20 14:08:49,549 [pool-38-thread-1] INFO  server.RaftServerConfigKeys (ConfUtils.java:logGet(43)) - raft.server.log.write.buffer.size = 33554432 (custom)
2019-08-20 14:08:49,549 [pool-38-thread-1] INFO  server.RaftServerConfigKeys (ConfUtils.java:logGet(43)) - raft.server.log.force.sync.num = 128 (default)
2019-08-20 14:08:49,549 [pool-38-thread-1] INFO  server.RaftServerConfigKeys (ConfUtils.java:logGet(43)) - raft.server.log.statemachine.data.sync = true (default)
2019-08-20 14:08:49,549 [pool-38-thread-1] INFO  server.RaftServerConfigKeys (ConfUtils.java:logGet(43)) - raft.server.log.statemachine.data.sync.timeout = 10s (default)
2019-08-20 14:08:49,549 [pool-38-thread-1] INFO  server.RaftServerConfigKeys (ConfUtils.java:logGet(43)) - raft.server.log.statemachine.data.sync.timeout.retry = -1 (default)
2019-08-20 14:08:49,550 [pool-38-thread-1] INFO  server.RaftServerConfigKeys (ConfUtils.java:logGet(43)) - raft.server.log.statemachine.data.caching.enabled = true (custom)
2019-08-20 14:08:49,550 [pool-38-thread-1] INFO  segmented.SegmentedRaftLogWorker (SegmentedRaftLogWorker.java:lambda$new$0(132)) - 9d755d7f-9bab-4a76-accf-4a220332aad5-SegmentedRaftLogWorker:Storage Directory /workdir/hadoop-ozone/integration-test/target/test-dir/MiniOzoneClusterImpl-bff17f4a-0019-4841-b5a2-5fb699c84b2c/datanode-1/data/ratis/8e0e30f6-fa64-4682-9222-c703afd10c70: flushIndex: setUnconditionally 0 -> -1
2019-08-20 14:08:49,550 [pool-38-thread-1] INFO  server.RaftServerConfigKeys (ConfUtils.java:logGet(43)) - raft.server.snapshot.auto.trigger.enabled = true (custom)
2019-08-20 14:08:49,551 [pool-38-thread-1] INFO  server.RaftServerConfigKeys (ConfUtils.java:logGet(43)) - raft.server.snapshot.auto.trigger.threshold = 10000 (custom)
2019-08-20 14:08:49,551 [pool-38-thread-1] INFO  server.RaftServerConfigKeys (ConfUtils.java:logGet(43)) - raft.server.retrycache.expirytime = 600000ms (custom)
2019-08-20 14:08:49,551 [pool-38-thread-1] INFO  impl.RaftServerImpl (RaftServerImpl.java:start(180)) - 9d755d7f-9bab-4a76-accf-4a220332aad5: start group-C703AFD10C70
2019-08-20 14:08:49,551 [pool-38-thread-1] INFO  impl.RaftServerImpl (RaftServerImpl.java:setRole(171)) - 9d755d7f-9bab-4a76-accf-4a220332aad5:group-C703AFD10C70 changes role from null to FOLLOWER at term 0 for startAsFollower
2019-08-20 14:08:49,552 [pool-38-thread-1] INFO  impl.RoleInfo (RoleInfo.java:updateAndGet(143)) - 9d755d7f-9bab-4a76-accf-4a220332aad5: start FollowerState
2019-08-20 14:08:49,552 [pool-38-thread-1] INFO  util.JmxRegister (JmxRegister.java:tryRegister(44)) - Successfully registered JMX Bean with object name Ratis:service=RaftServer,group=group-C703AFD10C70,id=9d755d7f-9bab-4a76-accf-4a220332aad5
2019-08-20 14:08:49,563 [RatisPipelineUtilsThread] INFO  pipeline.PipelineStateManager (PipelineStateManager.java:addPipeline(56)) - Created pipeline Pipeline[ Id: 8e0e30f6-fa64-4682-9222-c703afd10c70, Nodes: 9d755d7f-9bab-4a76-accf-4a220332aad5{ip: 192.168.69.96, host: pr-hdds-1946lgncr-3764977478, networkLocation: /default-rack, certSerialId: null}, Type:RATIS, Factor:ONE, State:OPEN]
2019-08-20 14:08:49,580 [grpc-default-executor-0] INFO  impl.RaftServerProxy (RaftServerProxy.java:addNew(89)) - f595cb28-7ff0-48d9-878a-05f87961be3a: addNew group-37B257362A0F:[f595cb28-7ff0-48d9-878a-05f87961be3a:192.168.69.96:44337] returns group-37B257362A0F:java.util.concurrent.CompletableFuture@5bb37e0a[Not completed]
2019-08-20 14:08:49,587 [pool-82-thread-1] INFO  impl.RaftServerImpl (RaftServerImpl.java:<init>(93)) - f595cb28-7ff0-48d9-878a-05f87961be3a: new RaftServerImpl for group-37B257362A0F:[f595cb28-7ff0-48d9-878a-05f87961be3a:192.168.69.96:44337] with ContainerStateMachine:uninitialized
2019-08-20 14:08:49,587 [pool-82-thread-1] INFO  server.RaftServerConfigKeys (ConfUtils.java:logGet(43)) - raft.server.rpc.timeout.min = 5s (custom)
2019-08-20 14:08:49,587 [pool-82-thread-1] INFO  server.RaftServerConfigKeys (ConfUtils.java:logGet(43)) - raft.server.rpc.timeout.max = 5200ms (custom)
2019-08-20 14:08:49,587 [pool-82-thread-1] INFO  server.RaftServerConfigKeys (ConfUtils.java:logGet(43)) - raft.server.rpcslowness.timeout = 120s (custom)
2019-08-20 14:08:49,587 [pool-82-thread-1] INFO  server.RaftServerConfigKeys (ConfUtils.java:logGet(43)) - raft.server.sleep.deviation.threshold = 300 (default)
2019-08-20 14:08:49,587 [pool-82-thread-1] INFO  server.RaftServerConfigKeys (ConfUtils.java:logGet(43)) - raft.server.log.appender.install.snapshot.enabled = false (custom)
2019-08-20 14:08:49,587 [pool-82-thread-1] INFO  impl.RaftServerImpl (ServerState.java:<init>(105)) - f595cb28-7ff0-48d9-878a-05f87961be3a:group-37B257362A0F ConfigurationManager, init=-1: [f595cb28-7ff0-48d9-878a-05f87961be3a:192.168.69.96:44337], old=null, confs=<EMPTY_MAP>
2019-08-20 14:08:49,588 [pool-82-thread-1] INFO  server.RaftServerConfigKeys (ConfUtils.java:logGet(43)) - raft.server.storage.dir = [/workdir/hadoop-ozone/integration-test/target/test-dir/MiniOzoneClusterImpl-bff17f4a-0019-4841-b5a2-5fb699c84b2c/datanode-5/data/ratis] (custom)
2019-08-20 14:08:49,588 [pool-82-thread-1] INFO  storage.RaftStorageDirectory (RaftStorageDirectory.java:analyzeStorage(246)) - The storage directory /workdir/hadoop-ozone/integration-test/target/test-dir/MiniOzoneClusterImpl-bff17f4a-0019-4841-b5a2-5fb699c84b2c/datanode-5/data/ratis/93166034-61f1-4817-8362-37b257362a0f does not exist. Creating ...
2019-08-20 14:08:49,601 [pool-82-thread-1] INFO  storage.RaftStorageDirectory (RaftStorageDirectory.java:tryLock(328)) - Lock on /workdir/hadoop-ozone/integration-test/target/test-dir/MiniOzoneClusterImpl-bff17f4a-0019-4841-b5a2-5fb699c84b2c/datanode-5/data/ratis/93166034-61f1-4817-8362-37b257362a0f/in_use.lock acquired by nodename 6033@pr-hdds-1946lgncr-3764977478
2019-08-20 14:08:49,604 [pool-82-thread-1] INFO  storage.RaftStorage (RaftStorage.java:format(72)) - Storage directory /workdir/hadoop-ozone/integration-test/target/test-dir/MiniOzoneClusterImpl-bff17f4a-0019-4841-b5a2-5fb699c84b2c/datanode-5/data/ratis/93166034-61f1-4817-8362-37b257362a0f has been successfully formatted.
2019-08-20 14:08:49,605 [pool-82-thread-1] INFO  ratis.ContainerStateMachine (ContainerStateMachine.java:loadSnapshot(222)) - group-37B257362A0F: The snapshot info is null. Setting the last applied indexto:(t:0, i:~)
2019-08-20 14:08:49,605 [pool-82-thread-1] INFO  server.RaftServerConfigKeys (ConfUtils.java:logGet(43)) - raft.server.leader.election.timeout = 120s (custom)
2019-08-20 14:08:49,605 [pool-82-thread-1] INFO  server.RaftServerConfigKeys (ConfUtils.java:logGet(43)) - raft.server.log.use.memory = false (default)
2019-08-20 14:08:49,605 [pool-82-thread-1] INFO  server.RaftServerConfigKeys (ConfUtils.java:logGet(43)) - raft.server.log.purge.gap = 1000000 (custom)
2019-08-20 14:08:49,605 [pool-82-thread-1] INFO  server.RaftServerConfigKeys (ConfUtils.java:logGet(43)) - raft.server.log.appender.buffer.byte-limit = 33554432 (custom)
2019-08-20 14:08:49,605 [pool-82-thread-1] INFO  server.RaftServerConfigKeys (ConfUtils.java:logGet(43)) - raft.server.log.segment.size.max = 1048576 (custom)
2019-08-20 14:08:49,605 [pool-82-thread-1] INFO  server.RaftServerConfigKeys (ConfUtils.java:logGet(43)) - raft.server.log.segment.cache.num.max = 2 (custom)
2019-08-20 14:08:49,606 [pool-82-thread-1] INFO  segmented.SegmentedRaftLogWorker (SegmentedRaftLogWorker.java:<init>(172)) - new f595cb28-7ff0-48d9-878a-05f87961be3a-SegmentedRaftLogWorker:Storage Directory /workdir/hadoop-ozone/integration-test/target/test-dir/MiniOzoneClusterImpl-bff17f4a-0019-4841-b5a2-5fb699c84b2c/datanode-5/data/ratis/93166034-61f1-4817-8362-37b257362a0f for RaftStorage:Storage Directory /workdir/hadoop-ozone/integration-test/target/test-dir/MiniOzoneClusterImpl-bff17f4a-0019-4841-b5a2-5fb699c84b2c/datanode-5/data/ratis/93166034-61f1-4817-8362-37b257362a0f
2019-08-20 14:08:49,606 [pool-82-thread-1] INFO  server.RaftServerConfigKeys (ConfUtils.java:logGet(43)) - raft.server.log.queue.byte-limit = 2147483647 (custom)
2019-08-20 14:08:49,606 [pool-82-thread-1] INFO  server.RaftServerConfigKeys (ConfUtils.java:logGet(43)) - raft.server.log.queue.element-limit = 1024 (custom)
2019-08-20 14:08:49,606 [pool-82-thread-1] INFO  server.RaftServerConfigKeys (ConfUtils.java:logGet(43)) - raft.server.log.segment.size.max = 1048576 (custom)
2019-08-20 14:08:49,606 [pool-82-thread-1] INFO  server.RaftServerConfigKeys (ConfUtils.java:logGet(43)) - raft.server.log.preallocated.size = 16384 (custom)
2019-08-20 14:08:49,606 [pool-82-thread-1] INFO  server.RaftServerConfigKeys (ConfUtils.java:logGet(43)) - raft.server.log.write.buffer.size = 33554432 (custom)
2019-08-20 14:08:49,607 [pool-82-thread-1] INFO  server.RaftServerConfigKeys (ConfUtils.java:logGet(43)) - raft.server.log.force.sync.num = 128 (default)
2019-08-20 14:08:49,607 [pool-82-thread-1] INFO  server.RaftServerConfigKeys (ConfUtils.java:logGet(43)) - raft.server.log.statemachine.data.sync = true (default)
2019-08-20 14:08:49,607 [pool-82-thread-1] INFO  server.RaftServerConfigKeys (ConfUtils.java:logGet(43)) - raft.server.log.statemachine.data.sync.timeout = 10s (default)
2019-08-20 14:08:49,607 [pool-82-thread-1] INFO  server.RaftServerConfigKeys (ConfUtils.java:logGet(43)) - raft.server.log.statemachine.data.sync.timeout.retry = -1 (default)
2019-08-20 14:08:49,607 [pool-82-thread-1] INFO  server.RaftServerConfigKeys (ConfUtils.java:logGet(43)) - raft.server.log.statemachine.data.caching.enabled = true (custom)
2019-08-20 14:08:49,607 [pool-82-thread-1] INFO  segmented.SegmentedRaftLogWorker (SegmentedRaftLogWorker.java:lambda$new$0(132)) - f595cb28-7ff0-48d9-878a-05f87961be3a-SegmentedRaftLogWorker:Storage Directory /workdir/hadoop-ozone/integration-test/target/test-dir/MiniOzoneClusterImpl-bff17f4a-0019-4841-b5a2-5fb699c84b2c/datanode-5/data/ratis/93166034-61f1-4817-8362-37b257362a0f: flushIndex: setUnconditionally 0 -> -1
2019-08-20 14:08:49,608 [pool-82-thread-1] INFO  server.RaftServerConfigKeys (ConfUtils.java:logGet(43)) - raft.server.snapshot.auto.trigger.enabled = true (custom)
2019-08-20 14:08:49,608 [pool-82-thread-1] INFO  server.RaftServerConfigKeys (ConfUtils.java:logGet(43)) - raft.server.snapshot.auto.trigger.threshold = 10000 (custom)
2019-08-20 14:08:49,608 [pool-82-thread-1] INFO  server.RaftServerConfigKeys (ConfUtils.java:logGet(43)) - raft.server.retrycache.expirytime = 600000ms (custom)
2019-08-20 14:08:49,608 [pool-82-thread-1] INFO  impl.RaftServerImpl (RaftServerImpl.java:start(180)) - f595cb28-7ff0-48d9-878a-05f87961be3a: start group-37B257362A0F
2019-08-20 14:08:49,608 [pool-82-thread-1] INFO  impl.RaftServerImpl (RaftServerImpl.java:setRole(171)) - f595cb28-7ff0-48d9-878a-05f87961be3a:group-37B257362A0F changes role from null to FOLLOWER at term 0 for startAsFollower
2019-08-20 14:08:49,608 [pool-82-thread-1] INFO  impl.RoleInfo (RoleInfo.java:updateAndGet(143)) - f595cb28-7ff0-48d9-878a-05f87961be3a: start FollowerState
2019-08-20 14:08:49,609 [pool-82-thread-1] INFO  util.JmxRegister (JmxRegister.java:tryRegister(44)) - Successfully registered JMX Bean with object name Ratis:service=RaftServer,group=group-37B257362A0F,id=f595cb28-7ff0-48d9-878a-05f87961be3a
2019-08-20 14:08:49,627 [RatisPipelineUtilsThread] INFO  pipeline.PipelineStateManager (PipelineStateManager.java:addPipeline(56)) - Created pipeline Pipeline[ Id: 93166034-61f1-4817-8362-37b257362a0f, Nodes: f595cb28-7ff0-48d9-878a-05f87961be3a{ip: 192.168.69.96, host: pr-hdds-1946lgncr-3764977478, networkLocation: /default-rack, certSerialId: null}, Type:RATIS, Factor:ONE, State:OPEN]
2019-08-20 14:08:49,661 [grpc-default-executor-1] INFO  impl.RaftServerProxy (RaftServerProxy.java:addNew(89)) - 87798376-b645-4034-b944-652a976dcc5e: addNew group-8E2C9D6670E9:[e92e791c-0508-419c-91d8-ad543954689b:192.168.69.96:46849, 87798376-b645-4034-b944-652a976dcc5e:192.168.69.96:39383, b25c2e9d-35ec-472d-960e-341eeb805113:192.168.69.96:43902] returns group-8E2C9D6670E9:java.util.concurrent.CompletableFuture@4f76071b[Not completed]
2019-08-20 14:08:49,663 [grpc-default-executor-0] INFO  impl.RaftServerProxy (RaftServerProxy.java:addNew(89)) - e92e791c-0508-419c-91d8-ad543954689b: addNew group-8E2C9D6670E9:[e92e791c-0508-419c-91d8-ad543954689b:192.168.69.96:46849, 87798376-b645-4034-b944-652a976dcc5e:192.168.69.96:39383, b25c2e9d-35ec-472d-960e-341eeb805113:192.168.69.96:43902] returns group-8E2C9D6670E9:java.util.concurrent.CompletableFuture@2c911c76[Not completed]
2019-08-20 14:08:49,666 [pool-27-thread-1] INFO  impl.RaftServerImpl (RaftServerImpl.java:<init>(93)) - 87798376-b645-4034-b944-652a976dcc5e: new RaftServerImpl for group-8E2C9D6670E9:[e92e791c-0508-419c-91d8-ad543954689b:192.168.69.96:46849, 87798376-b645-4034-b944-652a976dcc5e:192.168.69.96:39383, b25c2e9d-35ec-472d-960e-341eeb805113:192.168.69.96:43902] with ContainerStateMachine:uninitialized
2019-08-20 14:08:49,666 [grpc-default-executor-1] INFO  impl.RaftServerProxy (RaftServerProxy.java:addNew(89)) - b25c2e9d-35ec-472d-960e-341eeb805113: addNew group-8E2C9D6670E9:[e92e791c-0508-419c-91d8-ad543954689b:192.168.69.96:46849, 87798376-b645-4034-b944-652a976dcc5e:192.168.69.96:39383, b25c2e9d-35ec-472d-960e-341eeb805113:192.168.69.96:43902] returns group-8E2C9D6670E9:java.util.concurrent.CompletableFuture@4b499a2d[Not completed]
2019-08-20 14:08:49,666 [pool-27-thread-1] INFO  server.RaftServerConfigKeys (ConfUtils.java:logGet(43)) - raft.server.rpc.timeout.min = 5s (custom)
2019-08-20 14:08:49,666 [pool-60-thread-1] INFO  impl.RaftServerImpl (RaftServerImpl.java:<init>(93)) - e92e791c-0508-419c-91d8-ad543954689b: new RaftServerImpl for group-8E2C9D6670E9:[e92e791c-0508-419c-91d8-ad543954689b:192.168.69.96:46849, 87798376-b645-4034-b944-652a976dcc5e:192.168.69.96:39383, b25c2e9d-35ec-472d-960e-341eeb805113:192.168.69.96:43902] with ContainerStateMachine:uninitialized
2019-08-20 14:08:49,666 [pool-27-thread-1] INFO  server.RaftServerConfigKeys (ConfUtils.java:logGet(43)) - raft.server.rpc.timeout.max = 5200ms (custom)
2019-08-20 14:08:49,666 [pool-60-thread-1] INFO  server.RaftServerConfigKeys (ConfUtils.java:logGet(43)) - raft.server.rpc.timeout.min = 5s (custom)
2019-08-20 14:08:49,666 [pool-27-thread-1] INFO  server.RaftServerConfigKeys (ConfUtils.java:logGet(43)) - raft.server.rpcslowness.timeout = 120s (custom)
2019-08-20 14:08:49,666 [pool-60-thread-1] INFO  server.RaftServerConfigKeys (ConfUtils.java:logGet(43)) - raft.server.rpc.timeout.max = 5200ms (custom)
2019-08-20 14:08:49,667 [pool-27-thread-1] INFO  server.RaftServerConfigKeys (ConfUtils.java:logGet(43)) - raft.server.sleep.deviation.threshold = 300 (default)
2019-08-20 14:08:49,667 [pool-60-thread-1] INFO  server.RaftServerConfigKeys (ConfUtils.java:logGet(43)) - raft.server.rpcslowness.timeout = 120s (custom)
2019-08-20 14:08:49,667 [pool-27-thread-1] INFO  server.RaftServerConfigKeys (ConfUtils.java:logGet(43)) - raft.server.log.appender.install.snapshot.enabled = false (custom)
2019-08-20 14:08:49,667 [pool-49-thread-1] INFO  impl.RaftServerImpl (RaftServerImpl.java:<init>(93)) - b25c2e9d-35ec-472d-960e-341eeb805113: new RaftServerImpl for group-8E2C9D6670E9:[e92e791c-0508-419c-91d8-ad543954689b:192.168.69.96:46849, 87798376-b645-4034-b944-652a976dcc5e:192.168.69.96:39383, b25c2e9d-35ec-472d-960e-341eeb805113:192.168.69.96:43902] with ContainerStateMachine:uninitialized
2019-08-20 14:08:49,667 [pool-27-thread-1] INFO  impl.RaftServerImpl (ServerState.java:<init>(105)) - 87798376-b645-4034-b944-652a976dcc5e:group-8E2C9D6670E9 ConfigurationManager, init=-1: [e92e791c-0508-419c-91d8-ad543954689b:192.168.69.96:46849, 87798376-b645-4034-b944-652a976dcc5e:192.168.69.96:39383, b25c2e9d-35ec-472d-960e-341eeb805113:192.168.69.96:43902], old=null, confs=<EMPTY_MAP>
2019-08-20 14:08:49,667 [pool-60-thread-1] INFO  server.RaftServerConfigKeys (ConfUtils.java:logGet(43)) - raft.server.sleep.deviation.threshold = 300 (default)
2019-08-20 14:08:49,668 [pool-27-thread-1] INFO  server.RaftServerConfigKeys (ConfUtils.java:logGet(43)) - raft.server.storage.dir = [/workdir/hadoop-ozone/integration-test/target/test-dir/MiniOzoneClusterImpl-bff17f4a-0019-4841-b5a2-5fb699c84b2c/datanode-0/data/ratis] (custom)
2019-08-20 14:08:49,667 [pool-49-thread-1] INFO  server.RaftServerConfigKeys (ConfUtils.java:logGet(43)) - raft.server.rpc.timeout.min = 5s (custom)
2019-08-20 14:08:49,668 [pool-60-thread-1] INFO  server.RaftServerConfigKeys (ConfUtils.java:logGet(43)) - raft.server.log.appender.install.snapshot.enabled = false (custom)
2019-08-20 14:08:49,668 [pool-49-thread-1] INFO  server.RaftServerConfigKeys (ConfUtils.java:logGet(43)) - raft.server.rpc.timeout.max = 5200ms (custom)
2019-08-20 14:08:49,668 [pool-60-thread-1] INFO  impl.RaftServerImpl (ServerState.java:<init>(105)) - e92e791c-0508-419c-91d8-ad543954689b:group-8E2C9D6670E9 ConfigurationManager, init=-1: [e92e791c-0508-419c-91d8-ad543954689b:192.168.69.96:46849, 87798376-b645-4034-b944-652a976dcc5e:192.168.69.96:39383, b25c2e9d-35ec-472d-960e-341eeb805113:192.168.69.96:43902], old=null, confs=<EMPTY_MAP>
2019-08-20 14:08:49,668 [pool-49-thread-1] INFO  server.RaftServerConfigKeys (ConfUtils.java:logGet(43)) - raft.server.rpcslowness.timeout = 120s (custom)
2019-08-20 14:08:49,668 [pool-60-thread-1] INFO  server.RaftServerConfigKeys (ConfUtils.java:logGet(43)) - raft.server.storage.dir = [/workdir/hadoop-ozone/integration-test/target/test-dir/MiniOzoneClusterImpl-bff17f4a-0019-4841-b5a2-5fb699c84b2c/datanode-3/data/ratis] (custom)
2019-08-20 14:08:49,668 [pool-27-thread-1] INFO  storage.RaftStorageDirectory (RaftStorageDirectory.java:analyzeStorage(246)) - The storage directory /workdir/hadoop-ozone/integration-test/target/test-dir/MiniOzoneClusterImpl-bff17f4a-0019-4841-b5a2-5fb699c84b2c/datanode-0/data/ratis/67d55ff9-3e67-4fe2-a09a-8e2c9d6670e9 does not exist. Creating ...
2019-08-20 14:08:49,668 [pool-49-thread-1] INFO  server.RaftServerConfigKeys (ConfUtils.java:logGet(43)) - raft.server.sleep.deviation.threshold = 300 (default)
2019-08-20 14:08:49,669 [pool-60-thread-1] INFO  storage.RaftStorageDirectory (RaftStorageDirectory.java:analyzeStorage(246)) - The storage directory /workdir/hadoop-ozone/integration-test/target/test-dir/MiniOzoneClusterImpl-bff17f4a-0019-4841-b5a2-5fb699c84b2c/datanode-3/data/ratis/67d55ff9-3e67-4fe2-a09a-8e2c9d6670e9 does not exist. Creating ...
2019-08-20 14:08:49,669 [pool-49-thread-1] INFO  server.RaftServerConfigKeys (ConfUtils.java:logGet(43)) - raft.server.log.appender.install.snapshot.enabled = false (custom)
2019-08-20 14:08:49,669 [pool-49-thread-1] INFO  impl.RaftServerImpl (ServerState.java:<init>(105)) - b25c2e9d-35ec-472d-960e-341eeb805113:group-8E2C9D6670E9 ConfigurationManager, init=-1: [e92e791c-0508-419c-91d8-ad543954689b:192.168.69.96:46849, 87798376-b645-4034-b944-652a976dcc5e:192.168.69.96:39383, b25c2e9d-35ec-472d-960e-341eeb805113:192.168.69.96:43902], old=null, confs=<EMPTY_MAP>
2019-08-20 14:08:49,669 [pool-49-thread-1] INFO  server.RaftServerConfigKeys (ConfUtils.java:logGet(43)) - raft.server.storage.dir = [/workdir/hadoop-ozone/integration-test/target/test-dir/MiniOzoneClusterImpl-bff17f4a-0019-4841-b5a2-5fb699c84b2c/datanode-2/data/ratis] (custom)
2019-08-20 14:08:49,669 [pool-49-thread-1] INFO  storage.RaftStorageDirectory (RaftStorageDirectory.java:analyzeStorage(246)) - The storage directory /workdir/hadoop-ozone/integration-test/target/test-dir/MiniOzoneClusterImpl-bff17f4a-0019-4841-b5a2-5fb699c84b2c/datanode-2/data/ratis/67d55ff9-3e67-4fe2-a09a-8e2c9d6670e9 does not exist. Creating ...
2019-08-20 14:08:49,676 [pool-27-thread-1] INFO  storage.RaftStorageDirectory (RaftStorageDirectory.java:tryLock(328)) - Lock on /workdir/hadoop-ozone/integration-test/target/test-dir/MiniOzoneClusterImpl-bff17f4a-0019-4841-b5a2-5fb699c84b2c/datanode-0/data/ratis/67d55ff9-3e67-4fe2-a09a-8e2c9d6670e9/in_use.lock acquired by nodename 6033@pr-hdds-1946lgncr-3764977478
2019-08-20 14:08:49,676 [pool-49-thread-1] INFO  storage.RaftStorageDirectory (RaftStorageDirectory.java:tryLock(328)) - Lock on /workdir/hadoop-ozone/integration-test/target/test-dir/MiniOzoneClusterImpl-bff17f4a-0019-4841-b5a2-5fb699c84b2c/datanode-2/data/ratis/67d55ff9-3e67-4fe2-a09a-8e2c9d6670e9/in_use.lock acquired by nodename 6033@pr-hdds-1946lgncr-3764977478
2019-08-20 14:08:49,676 [pool-60-thread-1] INFO  storage.RaftStorageDirectory (RaftStorageDirectory.java:tryLock(328)) - Lock on /workdir/hadoop-ozone/integration-test/target/test-dir/MiniOzoneClusterImpl-bff17f4a-0019-4841-b5a2-5fb699c84b2c/datanode-3/data/ratis/67d55ff9-3e67-4fe2-a09a-8e2c9d6670e9/in_use.lock acquired by nodename 6033@pr-hdds-1946lgncr-3764977478
2019-08-20 14:08:49,686 [pool-49-thread-1] INFO  storage.RaftStorage (RaftStorage.java:format(72)) - Storage directory /workdir/hadoop-ozone/integration-test/target/test-dir/MiniOzoneClusterImpl-bff17f4a-0019-4841-b5a2-5fb699c84b2c/datanode-2/data/ratis/67d55ff9-3e67-4fe2-a09a-8e2c9d6670e9 has been successfully formatted.
2019-08-20 14:08:49,686 [pool-27-thread-1] INFO  storage.RaftStorage (RaftStorage.java:format(72)) - Storage directory /workdir/hadoop-ozone/integration-test/target/test-dir/MiniOzoneClusterImpl-bff17f4a-0019-4841-b5a2-5fb699c84b2c/datanode-0/data/ratis/67d55ff9-3e67-4fe2-a09a-8e2c9d6670e9 has been successfully formatted.
2019-08-20 14:08:49,687 [pool-60-thread-1] INFO  storage.RaftStorage (RaftStorage.java:format(72)) - Storage directory /workdir/hadoop-ozone/integration-test/target/test-dir/MiniOzoneClusterImpl-bff17f4a-0019-4841-b5a2-5fb699c84b2c/datanode-3/data/ratis/67d55ff9-3e67-4fe2-a09a-8e2c9d6670e9 has been successfully formatted.
2019-08-20 14:08:49,687 [pool-27-thread-1] INFO  ratis.ContainerStateMachine (ContainerStateMachine.java:loadSnapshot(222)) - group-8E2C9D6670E9: The snapshot info is null. Setting the last applied indexto:(t:0, i:~)
2019-08-20 14:08:49,687 [pool-49-thread-1] INFO  ratis.ContainerStateMachine (ContainerStateMachine.java:loadSnapshot(222)) - group-8E2C9D6670E9: The snapshot info is null. Setting the last applied indexto:(t:0, i:~)
2019-08-20 14:08:49,687 [pool-27-thread-1] INFO  server.RaftServerConfigKeys (ConfUtils.java:logGet(43)) - raft.server.leader.election.timeout = 120s (custom)
2019-08-20 14:08:49,687 [pool-60-thread-1] INFO  ratis.ContainerStateMachine (ContainerStateMachine.java:loadSnapshot(222)) - group-8E2C9D6670E9: The snapshot info is null. Setting the last applied indexto:(t:0, i:~)
2019-08-20 14:08:49,687 [pool-27-thread-1] INFO  server.RaftServerConfigKeys (ConfUtils.java:logGet(43)) - raft.server.log.use.memory = false (default)
2019-08-20 14:08:49,687 [pool-49-thread-1] INFO  server.RaftServerConfigKeys (ConfUtils.java:logGet(43)) - raft.server.leader.election.timeout = 120s (custom)
2019-08-20 14:08:49,688 [pool-27-thread-1] INFO  server.RaftServerConfigKeys (ConfUtils.java:logGet(43)) - raft.server.log.purge.gap = 1000000 (custom)
2019-08-20 14:08:49,687 [pool-60-thread-1] INFO  server.RaftServerConfigKeys (ConfUtils.java:logGet(43)) - raft.server.leader.election.timeout = 120s (custom)
2019-08-20 14:08:49,688 [pool-27-thread-1] INFO  server.RaftServerConfigKeys (ConfUtils.java:logGet(43)) - raft.server.log.appender.buffer.byte-limit = 33554432 (custom)
2019-08-20 14:08:49,688 [pool-49-thread-1] INFO  server.RaftServerConfigKeys (ConfUtils.java:logGet(43)) - raft.server.log.use.memory = false (default)
2019-08-20 14:08:49,688 [pool-27-thread-1] INFO  server.RaftServerConfigKeys (ConfUtils.java:logGet(43)) - raft.server.log.segment.size.max = 1048576 (custom)
2019-08-20 14:08:49,688 [pool-60-thread-1] INFO  server.RaftServerConfigKeys (ConfUtils.java:logGet(43)) - raft.server.log.use.memory = false (default)
2019-08-20 14:08:49,688 [pool-27-thread-1] INFO  server.RaftServerConfigKeys (ConfUtils.java:logGet(43)) - raft.server.log.segment.cache.num.max = 2 (custom)
2019-08-20 14:08:49,688 [pool-49-thread-1] INFO  server.RaftServerConfigKeys (ConfUtils.java:logGet(43)) - raft.server.log.purge.gap = 1000000 (custom)
2019-08-20 14:08:49,688 [pool-27-thread-1] INFO  segmented.SegmentedRaftLogWorker (SegmentedRaftLogWorker.java:<init>(172)) - new 87798376-b645-4034-b944-652a976dcc5e-SegmentedRaftLogWorker:Storage Directory /workdir/hadoop-ozone/integration-test/target/test-dir/MiniOzoneClusterImpl-bff17f4a-0019-4841-b5a2-5fb699c84b2c/datanode-0/data/ratis/67d55ff9-3e67-4fe2-a09a-8e2c9d6670e9 for RaftStorage:Storage Directory /workdir/hadoop-ozone/integration-test/target/test-dir/MiniOzoneClusterImpl-bff17f4a-0019-4841-b5a2-5fb699c84b2c/datanode-0/data/ratis/67d55ff9-3e67-4fe2-a09a-8e2c9d6670e9
2019-08-20 14:08:49,688 [pool-60-thread-1] INFO  server.RaftServerConfigKeys (ConfUtils.java:logGet(43)) - raft.server.log.purge.gap = 1000000 (custom)
2019-08-20 14:08:49,689 [pool-27-thread-1] INFO  server.RaftServerConfigKeys (ConfUtils.java:logGet(43)) - raft.server.log.queue.byte-limit = 2147483647 (custom)
2019-08-20 14:08:49,689 [pool-49-thread-1] INFO  server.RaftServerConfigKeys (ConfUtils.java:logGet(43)) - raft.server.log.appender.buffer.byte-limit = 33554432 (custom)
2019-08-20 14:08:49,691 [pool-27-thread-1] INFO  server.RaftServerConfigKeys (ConfUtils.java:logGet(43)) - raft.server.log.queue.element-limit = 1024 (custom)
2019-08-20 14:08:49,689 [pool-60-thread-1] INFO  server.RaftServerConfigKeys (ConfUtils.java:logGet(43)) - raft.server.log.appender.buffer.byte-limit = 33554432 (custom)
2019-08-20 14:08:49,691 [pool-27-thread-1] INFO  server.RaftServerConfigKeys (ConfUtils.java:logGet(43)) - raft.server.log.segment.size.max = 1048576 (custom)
2019-08-20 14:08:49,691 [pool-49-thread-1] INFO  server.RaftServerConfigKeys (ConfUtils.java:logGet(43)) - raft.server.log.segment.size.max = 1048576 (custom)
2019-08-20 14:08:49,692 [pool-27-thread-1] INFO  server.RaftServerConfigKeys (ConfUtils.java:logGet(43)) - raft.server.log.preallocated.size = 16384 (custom)
2019-08-20 14:08:49,692 [pool-60-thread-1] INFO  server.RaftServerConfigKeys (ConfUtils.java:logGet(43)) - raft.server.log.segment.size.max = 1048576 (custom)
2019-08-20 14:08:49,692 [pool-27-thread-1] INFO  server.RaftServerConfigKeys (ConfUtils.java:logGet(43)) - raft.server.log.write.buffer.size = 33554432 (custom)
2019-08-20 14:08:49,692 [pool-49-thread-1] INFO  server.RaftServerConfigKeys (ConfUtils.java:logGet(43)) - raft.server.log.segment.cache.num.max = 2 (custom)
2019-08-20 14:08:49,692 [pool-27-thread-1] INFO  server.RaftServerConfigKeys (ConfUtils.java:logGet(43)) - raft.server.log.force.sync.num = 128 (default)
2019-08-20 14:08:49,692 [pool-60-thread-1] INFO  server.RaftServerConfigKeys (ConfUtils.java:logGet(43)) - raft.server.log.segment.cache.num.max = 2 (custom)
2019-08-20 14:08:49,692 [pool-27-thread-1] INFO  server.RaftServerConfigKeys (ConfUtils.java:logGet(43)) - raft.server.log.statemachine.data.sync = true (default)
2019-08-20 14:08:49,692 [pool-49-thread-1] INFO  segmented.SegmentedRaftLogWorker (SegmentedRaftLogWorker.java:<init>(172)) - new b25c2e9d-35ec-472d-960e-341eeb805113-SegmentedRaftLogWorker:Storage Directory /workdir/hadoop-ozone/integration-test/target/test-dir/MiniOzoneClusterImpl-bff17f4a-0019-4841-b5a2-5fb699c84b2c/datanode-2/data/ratis/67d55ff9-3e67-4fe2-a09a-8e2c9d6670e9 for RaftStorage:Storage Directory /workdir/hadoop-ozone/integration-test/target/test-dir/MiniOzoneClusterImpl-bff17f4a-0019-4841-b5a2-5fb699c84b2c/datanode-2/data/ratis/67d55ff9-3e67-4fe2-a09a-8e2c9d6670e9
2019-08-20 14:08:49,693 [pool-27-thread-1] INFO  server.RaftServerConfigKeys (ConfUtils.java:logGet(43)) - raft.server.log.statemachine.data.sync.timeout = 10s (default)
2019-08-20 14:08:49,692 [pool-60-thread-1] INFO  segmented.SegmentedRaftLogWorker (SegmentedRaftLogWorker.java:<init>(172)) - new e92e791c-0508-419c-91d8-ad543954689b-SegmentedRaftLogWorker:Storage Directory /workdir/hadoop-ozone/integration-test/target/test-dir/MiniOzoneClusterImpl-bff17f4a-0019-4841-b5a2-5fb699c84b2c/datanode-3/data/ratis/67d55ff9-3e67-4fe2-a09a-8e2c9d6670e9 for RaftStorage:Storage Directory /workdir/hadoop-ozone/integration-test/target/test-dir/MiniOzoneClusterImpl-bff17f4a-0019-4841-b5a2-5fb699c84b2c/datanode-3/data/ratis/67d55ff9-3e67-4fe2-a09a-8e2c9d6670e9
2019-08-20 14:08:49,693 [pool-27-thread-1] INFO  server.RaftServerConfigKeys (ConfUtils.java:logGet(43)) - raft.server.log.statemachine.data.sync.timeout.retry = -1 (default)
2019-08-20 14:08:49,693 [pool-49-thread-1] INFO  server.RaftServerConfigKeys (ConfUtils.java:logGet(43)) - raft.server.log.queue.byte-limit = 2147483647 (custom)
2019-08-20 14:08:49,696 [pool-27-thread-1] INFO  server.RaftServerConfigKeys (ConfUtils.java:logGet(43)) - raft.server.log.statemachine.data.caching.enabled = true (custom)
2019-08-20 14:08:49,694 [pool-60-thread-1] INFO  server.RaftServerConfigKeys (ConfUtils.java:logGet(43)) - raft.server.log.queue.byte-limit = 2147483647 (custom)
2019-08-20 14:08:49,696 [pool-27-thread-1] INFO  segmented.SegmentedRaftLogWorker (SegmentedRaftLogWorker.java:lambda$new$0(132)) - 87798376-b645-4034-b944-652a976dcc5e-SegmentedRaftLogWorker:Storage Directory /workdir/hadoop-ozone/integration-test/target/test-dir/MiniOzoneClusterImpl-bff17f4a-0019-4841-b5a2-5fb699c84b2c/datanode-0/data/ratis/67d55ff9-3e67-4fe2-a09a-8e2c9d6670e9: flushIndex: setUnconditionally 0 -> -1
2019-08-20 14:08:49,696 [pool-49-thread-1] INFO  server.RaftServerConfigKeys (ConfUtils.java:logGet(43)) - raft.server.log.queue.element-limit = 1024 (custom)
2019-08-20 14:08:49,696 [pool-60-thread-1] INFO  server.RaftServerConfigKeys (ConfUtils.java:logGet(43)) - raft.server.log.queue.element-limit = 1024 (custom)
2019-08-20 14:08:49,696 [pool-27-thread-1] INFO  server.RaftServerConfigKeys (ConfUtils.java:logGet(43)) - raft.server.snapshot.auto.trigger.enabled = true (custom)
2019-08-20 14:08:49,696 [pool-49-thread-1] INFO  server.RaftServerConfigKeys (ConfUtils.java:logGet(43)) - raft.server.log.segment.size.max = 1048576 (custom)
2019-08-20 14:08:49,696 [pool-27-thread-1] INFO  server.RaftServerConfigKeys (ConfUtils.java:logGet(43)) - raft.server.snapshot.auto.trigger.threshold = 10000 (custom)
2019-08-20 14:08:49,696 [pool-60-thread-1] INFO  server.RaftServerConfigKeys (ConfUtils.java:logGet(43)) - raft.server.log.segment.size.max = 1048576 (custom)
2019-08-20 14:08:49,697 [pool-27-thread-1] INFO  server.RaftServerConfigKeys (ConfUtils.java:logGet(43)) - raft.server.retrycache.expirytime = 600000ms (custom)
2019-08-20 14:08:49,697 [pool-49-thread-1] INFO  server.RaftServerConfigKeys (ConfUtils.java:logGet(43)) - raft.server.log.preallocated.size = 16384 (custom)
2019-08-20 14:08:49,697 [pool-60-thread-1] INFO  server.RaftServerConfigKeys (ConfUtils.java:logGet(43)) - raft.server.log.preallocated.size = 16384 (custom)
2019-08-20 14:08:49,697 [pool-27-thread-1] INFO  impl.RaftServerImpl (RaftServerImpl.java:start(180)) - 87798376-b645-4034-b944-652a976dcc5e: start group-8E2C9D6670E9
2019-08-20 14:08:49,697 [pool-49-thread-1] INFO  server.RaftServerConfigKeys (ConfUtils.java:logGet(43)) - raft.server.log.write.buffer.size = 33554432 (custom)
2019-08-20 14:08:49,697 [pool-27-thread-1] INFO  impl.RaftServerImpl (RaftServerImpl.java:setRole(171)) - 87798376-b645-4034-b944-652a976dcc5e:group-8E2C9D6670E9 changes role from null to FOLLOWER at term 0 for startAsFollower
2019-08-20 14:08:49,697 [pool-60-thread-1] INFO  server.RaftServerConfigKeys (ConfUtils.java:logGet(43)) - raft.server.log.write.buffer.size = 33554432 (custom)
2019-08-20 14:08:49,697 [pool-27-thread-1] INFO  impl.RoleInfo (RoleInfo.java:updateAndGet(143)) - 87798376-b645-4034-b944-652a976dcc5e: start FollowerState
2019-08-20 14:08:49,697 [pool-49-thread-1] INFO  server.RaftServerConfigKeys (ConfUtils.java:logGet(43)) - raft.server.log.force.sync.num = 128 (default)
2019-08-20 14:08:49,697 [pool-60-thread-1] INFO  server.RaftServerConfigKeys (ConfUtils.java:logGet(43)) - raft.server.log.force.sync.num = 128 (default)
2019-08-20 14:08:49,698 [pool-49-thread-1] INFO  server.RaftServerConfigKeys (ConfUtils.java:logGet(43)) - raft.server.log.statemachine.data.sync = true (default)
2019-08-20 14:08:49,698 [pool-27-thread-1] INFO  util.JmxRegister (JmxRegister.java:tryRegister(44)) - Successfully registered JMX Bean with object name Ratis:service=RaftServer,group=group-8E2C9D6670E9,id=87798376-b645-4034-b944-652a976dcc5e
2019-08-20 14:08:49,698 [pool-60-thread-1] INFO  server.RaftServerConfigKeys (ConfUtils.java:logGet(43)) - raft.server.log.statemachine.data.sync = true (default)
2019-08-20 14:08:49,698 [pool-49-thread-1] INFO  server.RaftServerConfigKeys (ConfUtils.java:logGet(43)) - raft.server.log.statemachine.data.sync.timeout = 10s (default)
2019-08-20 14:08:49,698 [pool-60-thread-1] INFO  server.RaftServerConfigKeys (ConfUtils.java:logGet(43)) - raft.server.log.statemachine.data.sync.timeout = 10s (default)
2019-08-20 14:08:49,698 [pool-49-thread-1] INFO  server.RaftServerConfigKeys (ConfUtils.java:logGet(43)) - raft.server.log.statemachine.data.sync.timeout.retry = -1 (default)
2019-08-20 14:08:49,698 [pool-60-thread-1] INFO  server.RaftServerConfigKeys (ConfUtils.java:logGet(43)) - raft.server.log.statemachine.data.sync.timeout.retry = -1 (default)
2019-08-20 14:08:49,698 [pool-49-thread-1] INFO  server.RaftServerConfigKeys (ConfUtils.java:logGet(43)) - raft.server.log.statemachine.data.caching.enabled = true (custom)
2019-08-20 14:08:49,698 [pool-60-thread-1] INFO  server.RaftServerConfigKeys (ConfUtils.java:logGet(43)) - raft.server.log.statemachine.data.caching.enabled = true (custom)
2019-08-20 14:08:49,699 [pool-60-thread-1] INFO  segmented.SegmentedRaftLogWorker (SegmentedRaftLogWorker.java:lambda$new$0(132)) - e92e791c-0508-419c-91d8-ad543954689b-SegmentedRaftLogWorker:Storage Directory /workdir/hadoop-ozone/integration-test/target/test-dir/MiniOzoneClusterImpl-bff17f4a-0019-4841-b5a2-5fb699c84b2c/datanode-3/data/ratis/67d55ff9-3e67-4fe2-a09a-8e2c9d6670e9: flushIndex: setUnconditionally 0 -> -1
2019-08-20 14:08:49,699 [pool-49-thread-1] INFO  segmented.SegmentedRaftLogWorker (SegmentedRaftLogWorker.java:lambda$new$0(132)) - b25c2e9d-35ec-472d-960e-341eeb805113-SegmentedRaftLogWorker:Storage Directory /workdir/hadoop-ozone/integration-test/target/test-dir/MiniOzoneClusterImpl-bff17f4a-0019-4841-b5a2-5fb699c84b2c/datanode-2/data/ratis/67d55ff9-3e67-4fe2-a09a-8e2c9d6670e9: flushIndex: setUnconditionally 0 -> -1
2019-08-20 14:08:49,699 [pool-60-thread-1] INFO  server.RaftServerConfigKeys (ConfUtils.java:logGet(43)) - raft.server.snapshot.auto.trigger.enabled = true (custom)
2019-08-20 14:08:49,699 [pool-60-thread-1] INFO  server.RaftServerConfigKeys (ConfUtils.java:logGet(43)) - raft.server.snapshot.auto.trigger.threshold = 10000 (custom)
2019-08-20 14:08:49,699 [pool-49-thread-1] INFO  server.RaftServerConfigKeys (ConfUtils.java:logGet(43)) - raft.server.snapshot.auto.trigger.enabled = true (custom)
2019-08-20 14:08:49,699 [pool-60-thread-1] INFO  server.RaftServerConfigKeys (ConfUtils.java:logGet(43)) - raft.server.retrycache.expirytime = 600000ms (custom)
2019-08-20 14:08:49,699 [pool-49-thread-1] INFO  server.RaftServerConfigKeys (ConfUtils.java:logGet(43)) - raft.server.snapshot.auto.trigger.threshold = 10000 (custom)
2019-08-20 14:08:49,699 [pool-60-thread-1] INFO  impl.RaftServerImpl (RaftServerImpl.java:start(180)) - e92e791c-0508-419c-91d8-ad543954689b: start group-8E2C9D6670E9
2019-08-20 14:08:49,700 [pool-60-thread-1] INFO  impl.RaftServerImpl (RaftServerImpl.java:setRole(171)) - e92e791c-0508-419c-91d8-ad543954689b:group-8E2C9D6670E9 changes role from null to FOLLOWER at term 0 for startAsFollower
2019-08-20 14:08:49,700 [pool-49-thread-1] INFO  server.RaftServerConfigKeys (ConfUtils.java:logGet(43)) - raft.server.retrycache.expirytime = 600000ms (custom)
2019-08-20 14:08:49,700 [pool-60-thread-1] INFO  impl.RoleInfo (RoleInfo.java:updateAndGet(143)) - e92e791c-0508-419c-91d8-ad543954689b: start FollowerState
2019-08-20 14:08:49,702 [pool-49-thread-1] INFO  impl.RaftServerImpl (RaftServerImpl.java:start(180)) - b25c2e9d-35ec-472d-960e-341eeb805113: start group-8E2C9D6670E9
2019-08-20 14:08:49,702 [pool-60-thread-1] INFO  util.JmxRegister (JmxRegister.java:tryRegister(44)) - Successfully registered JMX Bean with object name Ratis:service=RaftServer,group=group-8E2C9D6670E9,id=e92e791c-0508-419c-91d8-ad543954689b
2019-08-20 14:08:49,704 [pool-49-thread-1] INFO  impl.RaftServerImpl (RaftServerImpl.java:setRole(171)) - b25c2e9d-35ec-472d-960e-341eeb805113:group-8E2C9D6670E9 changes role from null to FOLLOWER at term 0 for startAsFollower
2019-08-20 14:08:49,705 [pool-49-thread-1] INFO  impl.RoleInfo (RoleInfo.java:updateAndGet(143)) - b25c2e9d-35ec-472d-960e-341eeb805113: start FollowerState
2019-08-20 14:08:49,709 [pool-49-thread-1] INFO  util.JmxRegister (JmxRegister.java:tryRegister(44)) - Successfully registered JMX Bean with object name Ratis:service=RaftServer,group=group-8E2C9D6670E9,id=b25c2e9d-35ec-472d-960e-341eeb805113
2019-08-20 14:08:49,724 [RatisPipelineUtilsThread] INFO  pipeline.PipelineStateManager (PipelineStateManager.java:addPipeline(56)) - Created pipeline Pipeline[ Id: 67d55ff9-3e67-4fe2-a09a-8e2c9d6670e9, Nodes: 87798376-b645-4034-b944-652a976dcc5e{ip: 192.168.69.96, host: pr-hdds-1946lgncr-3764977478, networkLocation: /default-rack, certSerialId: null}b25c2e9d-35ec-472d-960e-341eeb805113{ip: 192.168.69.96, host: pr-hdds-1946lgncr-3764977478, networkLocation: /default-rack, certSerialId: null}e92e791c-0508-419c-91d8-ad543954689b{ip: 192.168.69.96, host: pr-hdds-1946lgncr-3764977478, networkLocation: /default-rack, certSerialId: null}, Type:RATIS, Factor:THREE, State:OPEN]
2019-08-20 14:08:49,735 [main] INFO  ozone.MiniOzoneClusterImpl (MiniOzoneClusterImpl.java:lambda$waitForClusterToBeReady$0(142)) - Cluster is ready. Got 7 of 7 DN Heartbeats.
2019-08-20 14:08:49,762 [grpc-default-executor-2] INFO  impl.RaftServerProxy (RaftServerProxy.java:addNew(89)) - 9d755d7f-9bab-4a76-accf-4a220332aad5: addNew group-EB12C0F9EBFC:[b178e53d-d2c8-4c73-be8a-80f95d3f059b:192.168.69.96:33366, b55144da-9cba-4c3d-a1e9-fe24840a2a80:192.168.69.96:46175, 9d755d7f-9bab-4a76-accf-4a220332aad5:192.168.69.96:35587] returns group-EB12C0F9EBFC:java.util.concurrent.CompletableFuture@40d4dc34[Not completed]
2019-08-20 14:08:49,764 [grpc-default-executor-1] INFO  impl.RaftServerProxy (RaftServerProxy.java:addNew(89)) - b55144da-9cba-4c3d-a1e9-fe24840a2a80: addNew group-EB12C0F9EBFC:[b178e53d-d2c8-4c73-be8a-80f95d3f059b:192.168.69.96:33366, b55144da-9cba-4c3d-a1e9-fe24840a2a80:192.168.69.96:46175, 9d755d7f-9bab-4a76-accf-4a220332aad5:192.168.69.96:35587] returns group-EB12C0F9EBFC:java.util.concurrent.CompletableFuture@3f8fa77e[Not completed]
2019-08-20 14:08:49,762 [grpc-default-executor-0] INFO  impl.RaftServerProxy (RaftServerProxy.java:addNew(89)) - b178e53d-d2c8-4c73-be8a-80f95d3f059b: addNew group-EB12C0F9EBFC:[b178e53d-d2c8-4c73-be8a-80f95d3f059b:192.168.69.96:33366, b55144da-9cba-4c3d-a1e9-fe24840a2a80:192.168.69.96:46175, 9d755d7f-9bab-4a76-accf-4a220332aad5:192.168.69.96:35587] returns group-EB12C0F9EBFC:java.util.concurrent.CompletableFuture@457a63a[Not completed]
2019-08-20 14:08:49,765 [pool-38-thread-1] INFO  impl.RaftServerImpl (RaftServerImpl.java:<init>(93)) - 9d755d7f-9bab-4a76-accf-4a220332aad5: new RaftServerImpl for group-EB12C0F9EBFC:[b178e53d-d2c8-4c73-be8a-80f95d3f059b:192.168.69.96:33366, b55144da-9cba-4c3d-a1e9-fe24840a2a80:192.168.69.96:46175, 9d755d7f-9bab-4a76-accf-4a220332aad5:192.168.69.96:35587] with ContainerStateMachine:uninitialized
2019-08-20 14:08:49,765 [pool-38-thread-1] INFO  server.RaftServerConfigKeys (ConfUtils.java:logGet(43)) - raft.server.rpc.timeout.min = 5s (custom)
2019-08-20 14:08:49,765 [pool-38-thread-1] INFO  server.RaftServerConfigKeys (ConfUtils.java:logGet(43)) - raft.server.rpc.timeout.max = 5200ms (custom)
2019-08-20 14:08:49,765 [pool-38-thread-1] INFO  server.RaftServerConfigKeys (ConfUtils.java:logGet(43)) - raft.server.rpcslowness.timeout = 120s (custom)
2019-08-20 14:08:49,766 [pool-38-thread-1] INFO  server.RaftServerConfigKeys (ConfUtils.java:logGet(43)) - raft.server.sleep.deviation.threshold = 300 (default)
2019-08-20 14:08:49,766 [pool-38-thread-1] INFO  server.RaftServerConfigKeys (ConfUtils.java:logGet(43)) - raft.server.log.appender.install.snapshot.enabled = false (custom)
2019-08-20 14:08:49,766 [pool-93-thread-1] INFO  impl.RaftServerImpl (RaftServerImpl.java:<init>(93)) - b55144da-9cba-4c3d-a1e9-fe24840a2a80: new RaftServerImpl for group-EB12C0F9EBFC:[b178e53d-d2c8-4c73-be8a-80f95d3f059b:192.168.69.96:33366, b55144da-9cba-4c3d-a1e9-fe24840a2a80:192.168.69.96:46175, 9d755d7f-9bab-4a76-accf-4a220332aad5:192.168.69.96:35587] with ContainerStateMachine:uninitialized
2019-08-20 14:08:49,766 [pool-38-thread-1] INFO  impl.RaftServerImpl (ServerState.java:<init>(105)) - 9d755d7f-9bab-4a76-accf-4a220332aad5:group-EB12C0F9EBFC ConfigurationManager, init=-1: [b178e53d-d2c8-4c73-be8a-80f95d3f059b:192.168.69.96:33366, b55144da-9cba-4c3d-a1e9-fe24840a2a80:192.168.69.96:46175, 9d755d7f-9bab-4a76-accf-4a220332aad5:192.168.69.96:35587], old=null, confs=<EMPTY_MAP>
2019-08-20 14:08:49,766 [pool-93-thread-1] INFO  server.RaftServerConfigKeys (ConfUtils.java:logGet(43)) - raft.server.rpc.timeout.min = 5s (custom)
2019-08-20 14:08:49,766 [pool-38-thread-1] INFO  server.RaftServerConfigKeys (ConfUtils.java:logGet(43)) - raft.server.storage.dir = [/workdir/hadoop-ozone/integration-test/target/test-dir/MiniOzoneClusterImpl-bff17f4a-0019-4841-b5a2-5fb699c84b2c/datanode-1/data/ratis] (custom)
2019-08-20 14:08:49,766 [pool-93-thread-1] INFO  server.RaftServerConfigKeys (ConfUtils.java:logGet(43)) - raft.server.rpc.timeout.max = 5200ms (custom)
2019-08-20 14:08:49,766 [pool-93-thread-1] INFO  server.RaftServerConfigKeys (ConfUtils.java:logGet(43)) - raft.server.rpcslowness.timeout = 120s (custom)
2019-08-20 14:08:49,766 [pool-38-thread-1] INFO  storage.RaftStorageDirectory (RaftStorageDirectory.java:analyzeStorage(246)) - The storage directory /workdir/hadoop-ozone/integration-test/target/test-dir/MiniOzoneClusterImpl-bff17f4a-0019-4841-b5a2-5fb699c84b2c/datanode-1/data/ratis/1099d34d-6a2d-4ec5-a16b-eb12c0f9ebfc does not exist. Creating ...
2019-08-20 14:08:49,767 [pool-93-thread-1] INFO  server.RaftServerConfigKeys (ConfUtils.java:logGet(43)) - raft.server.sleep.deviation.threshold = 300 (default)
2019-08-20 14:08:49,767 [pool-71-thread-1] INFO  impl.RaftServerImpl (RaftServerImpl.java:<init>(93)) - b178e53d-d2c8-4c73-be8a-80f95d3f059b: new RaftServerImpl for group-EB12C0F9EBFC:[b178e53d-d2c8-4c73-be8a-80f95d3f059b:192.168.69.96:33366, b55144da-9cba-4c3d-a1e9-fe24840a2a80:192.168.69.96:46175, 9d755d7f-9bab-4a76-accf-4a220332aad5:192.168.69.96:35587] with ContainerStateMachine:uninitialized
2019-08-20 14:08:49,767 [pool-93-thread-1] INFO  server.RaftServerConfigKeys (ConfUtils.java:logGet(43)) - raft.server.log.appender.install.snapshot.enabled = false (custom)
2019-08-20 14:08:49,767 [pool-71-thread-1] INFO  server.RaftServerConfigKeys (ConfUtils.java:logGet(43)) - raft.server.rpc.timeout.min = 5s (custom)
2019-08-20 14:08:49,767 [pool-93-thread-1] INFO  impl.RaftServerImpl (ServerState.java:<init>(105)) - b55144da-9cba-4c3d-a1e9-fe24840a2a80:group-EB12C0F9EBFC ConfigurationManager, init=-1: [b178e53d-d2c8-4c73-be8a-80f95d3f059b:192.168.69.96:33366, b55144da-9cba-4c3d-a1e9-fe24840a2a80:192.168.69.96:46175, 9d755d7f-9bab-4a76-accf-4a220332aad5:192.168.69.96:35587], old=null, confs=<EMPTY_MAP>
2019-08-20 14:08:49,767 [pool-71-thread-1] INFO  server.RaftServerConfigKeys (ConfUtils.java:logGet(43)) - raft.server.rpc.timeout.max = 5200ms (custom)
2019-08-20 14:08:49,767 [pool-93-thread-1] INFO  server.RaftServerConfigKeys (ConfUtils.java:logGet(43)) - raft.server.storage.dir = [/workdir/hadoop-ozone/integration-test/target/test-dir/MiniOzoneClusterImpl-bff17f4a-0019-4841-b5a2-5fb699c84b2c/datanode-6/data/ratis] (custom)
2019-08-20 14:08:49,767 [pool-71-thread-1] INFO  server.RaftServerConfigKeys (ConfUtils.java:logGet(43)) - raft.server.rpcslowness.timeout = 120s (custom)
2019-08-20 14:08:49,767 [pool-71-thread-1] INFO  server.RaftServerConfigKeys (ConfUtils.java:logGet(43)) - raft.server.sleep.deviation.threshold = 300 (default)
2019-08-20 14:08:49,768 [pool-93-thread-1] INFO  storage.RaftStorageDirectory (RaftStorageDirectory.java:analyzeStorage(246)) - The storage directory /workdir/hadoop-ozone/integration-test/target/test-dir/MiniOzoneClusterImpl-bff17f4a-0019-4841-b5a2-5fb699c84b2c/datanode-6/data/ratis/1099d34d-6a2d-4ec5-a16b-eb12c0f9ebfc does not exist. Creating ...
2019-08-20 14:08:49,768 [pool-71-thread-1] INFO  server.RaftServerConfigKeys (ConfUtils.java:logGet(43)) - raft.server.log.appender.install.snapshot.enabled = false (custom)
2019-08-20 14:08:49,768 [pool-71-thread-1] INFO  impl.RaftServerImpl (ServerState.java:<init>(105)) - b178e53d-d2c8-4c73-be8a-80f95d3f059b:group-EB12C0F9EBFC ConfigurationManager, init=-1: [b178e53d-d2c8-4c73-be8a-80f95d3f059b:192.168.69.96:33366, b55144da-9cba-4c3d-a1e9-fe24840a2a80:192.168.69.96:46175, 9d755d7f-9bab-4a76-accf-4a220332aad5:192.168.69.96:35587], old=null, confs=<EMPTY_MAP>
2019-08-20 14:08:49,768 [pool-71-thread-1] INFO  server.RaftServerConfigKeys (ConfUtils.java:logGet(43)) - raft.server.storage.dir = [/workdir/hadoop-ozone/integration-test/target/test-dir/MiniOzoneClusterImpl-bff17f4a-0019-4841-b5a2-5fb699c84b2c/datanode-4/data/ratis] (custom)
2019-08-20 14:08:49,768 [pool-71-thread-1] INFO  storage.RaftStorageDirectory (RaftStorageDirectory.java:analyzeStorage(246)) - The storage directory /workdir/hadoop-ozone/integration-test/target/test-dir/MiniOzoneClusterImpl-bff17f4a-0019-4841-b5a2-5fb699c84b2c/datanode-4/data/ratis/1099d34d-6a2d-4ec5-a16b-eb12c0f9ebfc does not exist. Creating ...
2019-08-20 14:08:49,773 [pool-93-thread-1] INFO  storage.RaftStorageDirectory (RaftStorageDirectory.java:tryLock(328)) - Lock on /workdir/hadoop-ozone/integration-test/target/test-dir/MiniOzoneClusterImpl-bff17f4a-0019-4841-b5a2-5fb699c84b2c/datanode-6/data/ratis/1099d34d-6a2d-4ec5-a16b-eb12c0f9ebfc/in_use.lock acquired by nodename 6033@pr-hdds-1946lgncr-3764977478
2019-08-20 14:08:49,773 [pool-38-thread-1] INFO  storage.RaftStorageDirectory (RaftStorageDirectory.java:tryLock(328)) - Lock on /workdir/hadoop-ozone/integration-test/target/test-dir/MiniOzoneClusterImpl-bff17f4a-0019-4841-b5a2-5fb699c84b2c/datanode-1/data/ratis/1099d34d-6a2d-4ec5-a16b-eb12c0f9ebfc/in_use.lock acquired by nodename 6033@pr-hdds-1946lgncr-3764977478
2019-08-20 14:08:49,774 [pool-71-thread-1] INFO  storage.RaftStorageDirectory (RaftStorageDirectory.java:tryLock(328)) - Lock on /workdir/hadoop-ozone/integration-test/target/test-dir/MiniOzoneClusterImpl-bff17f4a-0019-4841-b5a2-5fb699c84b2c/datanode-4/data/ratis/1099d34d-6a2d-4ec5-a16b-eb12c0f9ebfc/in_use.lock acquired by nodename 6033@pr-hdds-1946lgncr-3764977478
2019-08-20 14:08:49,777 [pool-93-thread-1] INFO  storage.RaftStorage (RaftStorage.java:format(72)) - Storage directory /workdir/hadoop-ozone/integration-test/target/test-dir/MiniOzoneClusterImpl-bff17f4a-0019-4841-b5a2-5fb699c84b2c/datanode-6/data/ratis/1099d34d-6a2d-4ec5-a16b-eb12c0f9ebfc has been successfully formatted.
2019-08-20 14:08:49,777 [pool-38-thread-1] INFO  storage.RaftStorage (RaftStorage.java:format(72)) - Storage directory /workdir/hadoop-ozone/integration-test/target/test-dir/MiniOzoneClusterImpl-bff17f4a-0019-4841-b5a2-5fb699c84b2c/datanode-1/data/ratis/1099d34d-6a2d-4ec5-a16b-eb12c0f9ebfc has been successfully formatted.
2019-08-20 14:08:49,778 [pool-93-thread-1] INFO  ratis.ContainerStateMachine (ContainerStateMachine.java:loadSnapshot(222)) - group-EB12C0F9EBFC: The snapshot info is null. Setting the last applied indexto:(t:0, i:~)
2019-08-20 14:08:49,777 [pool-71-thread-1] INFO  storage.RaftStorage (RaftStorage.java:format(72)) - Storage directory /workdir/hadoop-ozone/integration-test/target/test-dir/MiniOzoneClusterImpl-bff17f4a-0019-4841-b5a2-5fb699c84b2c/datanode-4/data/ratis/1099d34d-6a2d-4ec5-a16b-eb12c0f9ebfc has been successfully formatted.
2019-08-20 14:08:49,778 [pool-93-thread-1] INFO  server.RaftServerConfigKeys (ConfUtils.java:logGet(43)) - raft.server.leader.election.timeout = 120s (custom)
2019-08-20 14:08:49,778 [pool-38-thread-1] INFO  ratis.ContainerStateMachine (ContainerStateMachine.java:loadSnapshot(222)) - group-EB12C0F9EBFC: The snapshot info is null. Setting the last applied indexto:(t:0, i:~)
2019-08-20 14:08:49,778 [pool-71-thread-1] INFO  ratis.ContainerStateMachine (ContainerStateMachine.java:loadSnapshot(222)) - group-EB12C0F9EBFC: The snapshot info is null. Setting the last applied indexto:(t:0, i:~)
2019-08-20 14:08:49,778 [pool-93-thread-1] INFO  server.RaftServerConfigKeys (ConfUtils.java:logGet(43)) - raft.server.log.use.memory = false (default)
2019-08-20 14:08:49,778 [pool-71-thread-1] INFO  server.RaftServerConfigKeys (ConfUtils.java:logGet(43)) - raft.server.leader.election.timeout = 120s (custom)
2019-08-20 14:08:49,778 [pool-38-thread-1] INFO  server.RaftServerConfigKeys (ConfUtils.java:logGet(43)) - raft.server.leader.election.timeout = 120s (custom)
2019-08-20 14:08:49,778 [pool-71-thread-1] INFO  server.RaftServerConfigKeys (ConfUtils.java:logGet(43)) - raft.server.log.use.memory = false (default)
2019-08-20 14:08:49,778 [pool-93-thread-1] INFO  server.RaftServerConfigKeys (ConfUtils.java:logGet(43)) - raft.server.log.purge.gap = 1000000 (custom)
2019-08-20 14:08:49,779 [pool-71-thread-1] INFO  server.RaftServerConfigKeys (ConfUtils.java:logGet(43)) - raft.server.log.purge.gap = 1000000 (custom)
2019-08-20 14:08:49,779 [pool-38-thread-1] INFO  server.RaftServerConfigKeys (ConfUtils.java:logGet(43)) - raft.server.log.use.memory = false (default)
2019-08-20 14:08:49,779 [pool-71-thread-1] INFO  server.RaftServerConfigKeys (ConfUtils.java:logGet(43)) - raft.server.log.appender.buffer.byte-limit = 33554432 (custom)
2019-08-20 14:08:49,779 [pool-93-thread-1] INFO  server.RaftServerConfigKeys (ConfUtils.java:logGet(43)) - raft.server.log.appender.buffer.byte-limit = 33554432 (custom)
2019-08-20 14:08:49,779 [pool-71-thread-1] INFO  server.RaftServerConfigKeys (ConfUtils.java:logGet(43)) - raft.server.log.segment.size.max = 1048576 (custom)
2019-08-20 14:08:49,779 [pool-38-thread-1] INFO  server.RaftServerConfigKeys (ConfUtils.java:logGet(43)) - raft.server.log.purge.gap = 1000000 (custom)
2019-08-20 14:08:49,779 [pool-71-thread-1] INFO  server.RaftServerConfigKeys (ConfUtils.java:logGet(43)) - raft.server.log.segment.cache.num.max = 2 (custom)
2019-08-20 14:08:49,779 [pool-93-thread-1] INFO  server.RaftServerConfigKeys (ConfUtils.java:logGet(43)) - raft.server.log.segment.size.max = 1048576 (custom)
2019-08-20 14:08:49,780 [pool-71-thread-1] INFO  segmented.SegmentedRaftLogWorker (SegmentedRaftLogWorker.java:<init>(172)) - new b178e53d-d2c8-4c73-be8a-80f95d3f059b-SegmentedRaftLogWorker:Storage Directory /workdir/hadoop-ozone/integration-test/target/test-dir/MiniOzoneClusterImpl-bff17f4a-0019-4841-b5a2-5fb699c84b2c/datanode-4/data/ratis/1099d34d-6a2d-4ec5-a16b-eb12c0f9ebfc for RaftStorage:Storage Directory /workdir/hadoop-ozone/integration-test/target/test-dir/MiniOzoneClusterImpl-bff17f4a-0019-4841-b5a2-5fb699c84b2c/datanode-4/data/ratis/1099d34d-6a2d-4ec5-a16b-eb12c0f9ebfc
2019-08-20 14:08:49,779 [pool-38-thread-1] INFO  server.RaftServerConfigKeys (ConfUtils.java:logGet(43)) - raft.server.log.appender.buffer.byte-limit = 33554432 (custom)
2019-08-20 14:08:49,780 [pool-71-thread-1] INFO  server.RaftServerConfigKeys (ConfUtils.java:logGet(43)) - raft.server.log.queue.byte-limit = 2147483647 (custom)
2019-08-20 14:08:49,780 [pool-93-thread-1] INFO  server.RaftServerConfigKeys (ConfUtils.java:logGet(43)) - raft.server.log.segment.cache.num.max = 2 (custom)
2019-08-20 14:08:49,782 [pool-71-thread-1] INFO  server.RaftServerConfigKeys (ConfUtils.java:logGet(43)) - raft.server.log.queue.element-limit = 1024 (custom)
2019-08-20 14:08:49,782 [pool-38-thread-1] INFO  server.RaftServerConfigKeys (ConfUtils.java:logGet(43)) - raft.server.log.segment.size.max = 1048576 (custom)
2019-08-20 14:08:49,783 [pool-71-thread-1] INFO  server.RaftServerConfigKeys (ConfUtils.java:logGet(43)) - raft.server.log.segment.size.max = 1048576 (custom)
2019-08-20 14:08:49,782 [pool-93-thread-1] INFO  segmented.SegmentedRaftLogWorker (SegmentedRaftLogWorker.java:<init>(172)) - new b55144da-9cba-4c3d-a1e9-fe24840a2a80-SegmentedRaftLogWorker:Storage Directory /workdir/hadoop-ozone/integration-test/target/test-dir/MiniOzoneClusterImpl-bff17f4a-0019-4841-b5a2-5fb699c84b2c/datanode-6/data/ratis/1099d34d-6a2d-4ec5-a16b-eb12c0f9ebfc for RaftStorage:Storage Directory /workdir/hadoop-ozone/integration-test/target/test-dir/MiniOzoneClusterImpl-bff17f4a-0019-4841-b5a2-5fb699c84b2c/datanode-6/data/ratis/1099d34d-6a2d-4ec5-a16b-eb12c0f9ebfc
2019-08-20 14:08:49,783 [pool-71-thread-1] INFO  server.RaftServerConfigKeys (ConfUtils.java:logGet(43)) - raft.server.log.preallocated.size = 16384 (custom)
2019-08-20 14:08:49,783 [pool-38-thread-1] INFO  server.RaftServerConfigKeys (ConfUtils.java:logGet(43)) - raft.server.log.segment.cache.num.max = 2 (custom)
2019-08-20 14:08:49,783 [pool-71-thread-1] INFO  server.RaftServerConfigKeys (ConfUtils.java:logGet(43)) - raft.server.log.write.buffer.size = 33554432 (custom)
2019-08-20 14:08:49,783 [pool-93-thread-1] INFO  server.RaftServerConfigKeys (ConfUtils.java:logGet(43)) - raft.server.log.queue.byte-limit = 2147483647 (custom)
2019-08-20 14:08:49,784 [pool-71-thread-1] INFO  server.RaftServerConfigKeys (ConfUtils.java:logGet(43)) - raft.server.log.force.sync.num = 128 (default)
2019-08-20 14:08:49,784 [pool-38-thread-1] INFO  segmented.SegmentedRaftLogWorker (SegmentedRaftLogWorker.java:<init>(172)) - new 9d755d7f-9bab-4a76-accf-4a220332aad5-SegmentedRaftLogWorker:Storage Directory /workdir/hadoop-ozone/integration-test/target/test-dir/MiniOzoneClusterImpl-bff17f4a-0019-4841-b5a2-5fb699c84b2c/datanode-1/data/ratis/1099d34d-6a2d-4ec5-a16b-eb12c0f9ebfc for RaftStorage:Storage Directory /workdir/hadoop-ozone/integration-test/target/test-dir/MiniOzoneClusterImpl-bff17f4a-0019-4841-b5a2-5fb699c84b2c/datanode-1/data/ratis/1099d34d-6a2d-4ec5-a16b-eb12c0f9ebfc
2019-08-20 14:08:49,785 [pool-71-thread-1] INFO  server.RaftServerConfigKeys (ConfUtils.java:logGet(43)) - raft.server.log.statemachine.data.sync = true (default)
2019-08-20 14:08:49,785 [pool-93-thread-1] INFO  server.RaftServerConfigKeys (ConfUtils.java:logGet(43)) - raft.server.log.queue.element-limit = 1024 (custom)
2019-08-20 14:08:49,786 [pool-71-thread-1] INFO  server.RaftServerConfigKeys (ConfUtils.java:logGet(43)) - raft.server.log.statemachine.data.sync.timeout = 10s (default)
2019-08-20 14:08:49,785 [pool-38-thread-1] INFO  server.RaftServerConfigKeys (ConfUtils.java:logGet(43)) - raft.server.log.queue.byte-limit = 2147483647 (custom)
2019-08-20 14:08:49,786 [pool-71-thread-1] INFO  server.RaftServerConfigKeys (ConfUtils.java:logGet(43)) - raft.server.log.statemachine.data.sync.timeout.retry = -1 (default)
2019-08-20 14:08:49,786 [pool-93-thread-1] INFO  server.RaftServerConfigKeys (ConfUtils.java:logGet(43)) - raft.server.log.segment.size.max = 1048576 (custom)
2019-08-20 14:08:49,787 [pool-71-thread-1] INFO  server.RaftServerConfigKeys (ConfUtils.java:logGet(43)) - raft.server.log.statemachine.data.caching.enabled = true (custom)
2019-08-20 14:08:49,787 [pool-93-thread-1] INFO  server.RaftServerConfigKeys (ConfUtils.java:logGet(43)) - raft.server.log.preallocated.size = 16384 (custom)
2019-08-20 14:08:49,786 [pool-38-thread-1] INFO  server.RaftServerConfigKeys (ConfUtils.java:logGet(43)) - raft.server.log.queue.element-limit = 1024 (custom)
2019-08-20 14:08:49,787 [pool-93-thread-1] INFO  server.RaftServerConfigKeys (ConfUtils.java:logGet(43)) - raft.server.log.write.buffer.size = 33554432 (custom)
2019-08-20 14:08:49,787 [pool-38-thread-1] INFO  server.RaftServerConfigKeys (ConfUtils.java:logGet(43)) - raft.server.log.segment.size.max = 1048576 (custom)
2019-08-20 14:08:49,787 [pool-71-thread-1] INFO  segmented.SegmentedRaftLogWorker (SegmentedRaftLogWorker.java:lambda$new$0(132)) - b178e53d-d2c8-4c73-be8a-80f95d3f059b-SegmentedRaftLogWorker:Storage Directory /workdir/hadoop-ozone/integration-test/target/test-dir/MiniOzoneClusterImpl-bff17f4a-0019-4841-b5a2-5fb699c84b2c/datanode-4/data/ratis/1099d34d-6a2d-4ec5-a16b-eb12c0f9ebfc: flushIndex: setUnconditionally 0 -> -1
2019-08-20 14:08:49,787 [pool-38-thread-1] INFO  server.RaftServerConfigKeys (ConfUtils.java:logGet(43)) - raft.server.log.preallocated.size = 16384 (custom)
2019-08-20 14:08:49,787 [pool-38-thread-1] INFO  server.RaftServerConfigKeys (ConfUtils.java:logGet(43)) - raft.server.log.write.buffer.size = 33554432 (custom)
2019-08-20 14:08:49,787 [pool-93-thread-1] INFO  server.RaftServerConfigKeys (ConfUtils.java:logGet(43)) - raft.server.log.force.sync.num = 128 (default)
2019-08-20 14:08:49,788 [pool-38-thread-1] INFO  server.RaftServerConfigKeys (ConfUtils.java:logGet(43)) - raft.server.log.force.sync.num = 128 (default)
2019-08-20 14:08:49,788 [pool-71-thread-1] INFO  server.RaftServerConfigKeys (ConfUtils.java:logGet(43)) - raft.server.snapshot.auto.trigger.enabled = true (custom)
2019-08-20 14:08:49,788 [pool-38-thread-1] INFO  server.RaftServerConfigKeys (ConfUtils.java:logGet(43)) - raft.server.log.statemachine.data.sync = true (default)
2019-08-20 14:08:49,788 [pool-93-thread-1] INFO  server.RaftServerConfigKeys (ConfUtils.java:logGet(43)) - raft.server.log.statemachine.data.sync = true (default)
2019-08-20 14:08:49,788 [pool-38-thread-1] INFO  server.RaftServerConfigKeys (ConfUtils.java:logGet(43)) - raft.server.log.statemachine.data.sync.timeout = 10s (default)
2019-08-20 14:08:49,788 [pool-71-thread-1] INFO  server.RaftServerConfigKeys (ConfUtils.java:logGet(43)) - raft.server.snapshot.auto.trigger.threshold = 10000 (custom)
2019-08-20 14:08:49,788 [pool-38-thread-1] INFO  server.RaftServerConfigKeys (ConfUtils.java:logGet(43)) - raft.server.log.statemachine.data.sync.timeout.retry = -1 (default)
2019-08-20 14:08:49,788 [pool-71-thread-1] INFO  server.RaftServerConfigKeys (ConfUtils.java:logGet(43)) - raft.server.retrycache.expirytime = 600000ms (custom)
2019-08-20 14:08:49,788 [pool-93-thread-1] INFO  server.RaftServerConfigKeys (ConfUtils.java:logGet(43)) - raft.server.log.statemachine.data.sync.timeout = 10s (default)
2019-08-20 14:08:49,788 [pool-38-thread-1] INFO  server.RaftServerConfigKeys (ConfUtils.java:logGet(43)) - raft.server.log.statemachine.data.caching.enabled = true (custom)
2019-08-20 14:08:49,789 [pool-93-thread-1] INFO  server.RaftServerConfigKeys (ConfUtils.java:logGet(43)) - raft.server.log.statemachine.data.sync.timeout.retry = -1 (default)
2019-08-20 14:08:49,789 [pool-71-thread-1] INFO  impl.RaftServerImpl (RaftServerImpl.java:start(180)) - b178e53d-d2c8-4c73-be8a-80f95d3f059b: start group-EB12C0F9EBFC
2019-08-20 14:08:49,789 [pool-93-thread-1] INFO  server.RaftServerConfigKeys (ConfUtils.java:logGet(43)) - raft.server.log.statemachine.data.caching.enabled = true (custom)
2019-08-20 14:08:49,789 [pool-38-thread-1] INFO  segmented.SegmentedRaftLogWorker (SegmentedRaftLogWorker.java:lambda$new$0(132)) - 9d755d7f-9bab-4a76-accf-4a220332aad5-SegmentedRaftLogWorker:Storage Directory /workdir/hadoop-ozone/integration-test/target/test-dir/MiniOzoneClusterImpl-bff17f4a-0019-4841-b5a2-5fb699c84b2c/datanode-1/data/ratis/1099d34d-6a2d-4ec5-a16b-eb12c0f9ebfc: flushIndex: setUnconditionally 0 -> -1
2019-08-20 14:08:49,789 [pool-71-thread-1] INFO  impl.RaftServerImpl (RaftServerImpl.java:setRole(171)) - b178e53d-d2c8-4c73-be8a-80f95d3f059b:group-EB12C0F9EBFC changes role from null to FOLLOWER at term 0 for startAsFollower
2019-08-20 14:08:49,789 [pool-93-thread-1] INFO  segmented.SegmentedRaftLogWorker (SegmentedRaftLogWorker.java:lambda$new$0(132)) - b55144da-9cba-4c3d-a1e9-fe24840a2a80-SegmentedRaftLogWorker:Storage Directory /workdir/hadoop-ozone/integration-test/target/test-dir/MiniOzoneClusterImpl-bff17f4a-0019-4841-b5a2-5fb699c84b2c/datanode-6/data/ratis/1099d34d-6a2d-4ec5-a16b-eb12c0f9ebfc: flushIndex: setUnconditionally 0 -> -1
2019-08-20 14:08:49,789 [pool-71-thread-1] INFO  impl.RoleInfo (RoleInfo.java:updateAndGet(143)) - b178e53d-d2c8-4c73-be8a-80f95d3f059b: start FollowerState
2019-08-20 14:08:49,789 [pool-93-thread-1] INFO  server.RaftServerConfigKeys (ConfUtils.java:logGet(43)) - raft.server.snapshot.auto.trigger.enabled = true (custom)
2019-08-20 14:08:49,789 [pool-38-thread-1] INFO  server.RaftServerConfigKeys (ConfUtils.java:logGet(43)) - raft.server.snapshot.auto.trigger.enabled = true (custom)
2019-08-20 14:08:49,790 [pool-93-thread-1] INFO  server.RaftServerConfigKeys (ConfUtils.java:logGet(43)) - raft.server.snapshot.auto.trigger.threshold = 10000 (custom)
2019-08-20 14:08:49,790 [pool-38-thread-1] INFO  server.RaftServerConfigKeys (ConfUtils.java:logGet(43)) - raft.server.snapshot.auto.trigger.threshold = 10000 (custom)
2019-08-20 14:08:49,790 [pool-93-thread-1] INFO  server.RaftServerConfigKeys (ConfUtils.java:logGet(43)) - raft.server.retrycache.expirytime = 600000ms (custom)
2019-08-20 14:08:49,790 [pool-71-thread-1] INFO  util.JmxRegister (JmxRegister.java:tryRegister(44)) - Successfully registered JMX Bean with object name Ratis:service=RaftServer,group=group-EB12C0F9EBFC,id=b178e53d-d2c8-4c73-be8a-80f95d3f059b
2019-08-20 14:08:49,790 [pool-38-thread-1] INFO  server.RaftServerConfigKeys (ConfUtils.java:logGet(43)) - raft.server.retrycache.expirytime = 600000ms (custom)
2019-08-20 14:08:49,790 [pool-93-thread-1] INFO  impl.RaftServerImpl (RaftServerImpl.java:start(180)) - b55144da-9cba-4c3d-a1e9-fe24840a2a80: start group-EB12C0F9EBFC
2019-08-20 14:08:49,790 [pool-38-thread-1] INFO  impl.RaftServerImpl (RaftServerImpl.java:start(180)) - 9d755d7f-9bab-4a76-accf-4a220332aad5: start group-EB12C0F9EBFC
2019-08-20 14:08:49,794 [pool-38-thread-1] INFO  impl.RaftServerImpl (RaftServerImpl.java:setRole(171)) - 9d755d7f-9bab-4a76-accf-4a220332aad5:group-EB12C0F9EBFC changes role from null to FOLLOWER at term 0 for startAsFollower
2019-08-20 14:08:49,794 [pool-38-thread-1] INFO  impl.RoleInfo (RoleInfo.java:updateAndGet(143)) - 9d755d7f-9bab-4a76-accf-4a220332aad5: start FollowerState
2019-08-20 14:08:49,795 [pool-38-thread-1] INFO  util.JmxRegister (JmxRegister.java:tryRegister(44)) - Successfully registered JMX Bean with object name Ratis:service=RaftServer,group=group-EB12C0F9EBFC,id=9d755d7f-9bab-4a76-accf-4a220332aad5
2019-08-20 14:08:49,794 [pool-93-thread-1] INFO  impl.RaftServerImpl (RaftServerImpl.java:setRole(171)) - b55144da-9cba-4c3d-a1e9-fe24840a2a80:group-EB12C0F9EBFC changes role from null to FOLLOWER at term 0 for startAsFollower
2019-08-20 14:08:49,795 [pool-93-thread-1] INFO  impl.RoleInfo (RoleInfo.java:updateAndGet(143)) - b55144da-9cba-4c3d-a1e9-fe24840a2a80: start FollowerState
2019-08-20 14:08:49,795 [pool-93-thread-1] INFO  util.JmxRegister (JmxRegister.java:tryRegister(44)) - Successfully registered JMX Bean with object name Ratis:service=RaftServer,group=group-EB12C0F9EBFC,id=b55144da-9cba-4c3d-a1e9-fe24840a2a80
2019-08-20 14:08:49,819 [RatisPipelineUtilsThread] INFO  pipeline.PipelineStateManager (PipelineStateManager.java:addPipeline(56)) - Created pipeline Pipeline[ Id: 1099d34d-6a2d-4ec5-a16b-eb12c0f9ebfc, Nodes: b178e53d-d2c8-4c73-be8a-80f95d3f059b{ip: 192.168.69.96, host: pr-hdds-1946lgncr-3764977478, networkLocation: /default-rack, certSerialId: null}b55144da-9cba-4c3d-a1e9-fe24840a2a80{ip: 192.168.69.96, host: pr-hdds-1946lgncr-3764977478, networkLocation: /default-rack, certSerialId: null}9d755d7f-9bab-4a76-accf-4a220332aad5{ip: 192.168.69.96, host: pr-hdds-1946lgncr-3764977478, networkLocation: /default-rack, certSerialId: null}, Type:RATIS, Factor:THREE, State:OPEN]
2019-08-20 14:08:50,031 | INFO  | SCMAudit | user=jenkins1000 | ip=192.168.69.96 | op=SEND_HEARTBEAT {datanodeUUID=87798376-b645-4034-b944-652a976dcc5e, command=[]} | ret=SUCCESS |  
2019-08-20 14:08:50,059 [main] INFO  rpc.RpcClient (RpcClient.java:createVolume(292)) - Creating Volume: watchforcommithandlingtest, with jenkins1000 as owner.
2019-08-20 14:08:50,078 | INFO  | OMAudit | user=jenkins1000 | ip=127.0.0.1 | op=CREATE_VOLUME {admin=jenkins1000, owner=jenkins1000, volume=watchforcommithandlingtest, creationTime=1566310130075, quotaInBytes=1152921504606846976} | ret=SUCCESS |  
2019-08-20 14:08:50,093 | INFO  | OMAudit | user=jenkins1000 | ip=127.0.0.1 | op=READ_VOLUME {volume=watchforcommithandlingtest} | ret=SUCCESS |  
2019-08-20 14:08:50,097 [main] INFO  rpc.RpcClient (RpcClient.java:createBucket(431)) - Creating Bucket: watchforcommithandlingtest/watchforcommithandlingtest, with Versioning false and Storage Type set to DISK and Encryption set to false 
2019-08-20 14:08:50,126 | INFO  | OMAudit | user=jenkins1000 | ip=127.0.0.1 | op=CREATE_BUCKET {volume=watchforcommithandlingtest, bucket=watchforcommithandlingtest, acls=[user:jenkins1000:a[ACCESS], group:default:a[ACCESS]], isVersionEnabled=false, storageType=DISK, creationTime=0} | ret=SUCCESS |  
2019-08-20 14:08:50,127 [main] INFO  ozone.MiniOzoneClusterImpl (MiniOzoneClusterImpl.java:getStorageContainerLocationClient(241)) - Creating StorageContainerLocationProtocol RPC client with address /0.0.0.0:46171
2019-08-20 14:08:50,164 [main] INFO  impl.MetricsSystemImpl (MetricsSystemImpl.java:init(158)) - XceiverClientMetrics metrics system started (again)
2019-08-20 14:08:50,236 [grpc-default-executor-0] INFO  client.GrpcClientProtocolClient (GrpcClientProtocolClient.java:onNext(255)) - client-11B67285F035->87798376-b645-4034-b944-652a976dcc5e: receive RaftClientReply:client-11B67285F035->87798376-b645-4034-b944-652a976dcc5e@group-8E2C9D6670E9, cid=13, FAILED org.apache.ratis.protocol.NotLeaderException: Server 87798376-b645-4034-b944-652a976dcc5e is not the leader (null). Request must be sent to leader., logIndex=0, commits[87798376-b645-4034-b944-652a976dcc5e:c-1]
2019-08-20 14:08:50,267 | INFO  | SCMAudit | user=jenkins1000 | ip=192.168.69.96 | op=SEND_HEARTBEAT {datanodeUUID=9d755d7f-9bab-4a76-accf-4a220332aad5, command=[]} | ret=SUCCESS |  
2019-08-20 14:08:50,738 | INFO  | SCMAudit | user=jenkins1000 | ip=192.168.69.96 | op=SEND_HEARTBEAT {datanodeUUID=e92e791c-0508-419c-91d8-ad543954689b, command=[]} | ret=SUCCESS |  
2019-08-20 14:08:50,738 | INFO  | SCMAudit | user=jenkins1000 | ip=192.168.69.96 | op=SEND_HEARTBEAT {datanodeUUID=b25c2e9d-35ec-472d-960e-341eeb805113, command=[]} | ret=SUCCESS |  
2019-08-20 14:08:51,014 | INFO  | SCMAudit | user=jenkins1000 | ip=192.168.69.96 | op=SEND_HEARTBEAT {datanodeUUID=87798376-b645-4034-b944-652a976dcc5e, command=[]} | ret=SUCCESS |  
2019-08-20 14:08:51,014 | INFO  | SCMAudit | user=jenkins1000 | ip=192.168.69.96 | op=SEND_HEARTBEAT {datanodeUUID=b178e53d-d2c8-4c73-be8a-80f95d3f059b, command=[]} | ret=SUCCESS |  
2019-08-20 14:08:51,044 [Thread-237] INFO  container.ReplicationManager (ReplicationManager.java:start(152)) - Starting Replication Monitor Thread.
2019-08-20 14:08:51,048 [ReplicationMonitor] INFO  container.ReplicationManager (ReplicationManager.java:run(215)) - Replication Monitor Thread took 2 milliseconds for processing 1 containers.
2019-08-20 14:08:51,216 | INFO  | SCMAudit | user=jenkins1000 | ip=192.168.69.96 | op=SEND_HEARTBEAT {datanodeUUID=f595cb28-7ff0-48d9-878a-05f87961be3a, command=[]} | ret=SUCCESS |  
2019-08-20 14:08:51,268 | INFO  | SCMAudit | user=jenkins1000 | ip=192.168.69.96 | op=SEND_HEARTBEAT {datanodeUUID=9d755d7f-9bab-4a76-accf-4a220332aad5, command=[]} | ret=SUCCESS |  
2019-08-20 14:08:51,276 [grpc-default-executor-1] INFO  client.GrpcClientProtocolClient (GrpcClientProtocolClient.java:onNext(255)) - client-11B67285F035->e92e791c-0508-419c-91d8-ad543954689b: receive RaftClientReply:client-11B67285F035->e92e791c-0508-419c-91d8-ad543954689b@group-8E2C9D6670E9, cid=13, FAILED org.apache.ratis.protocol.NotLeaderException: Server e92e791c-0508-419c-91d8-ad543954689b is not the leader (null). Request must be sent to leader., logIndex=0, commits[e92e791c-0508-419c-91d8-ad543954689b:c-1]
2019-08-20 14:08:51,406 | INFO  | SCMAudit | user=jenkins1000 | ip=192.168.69.96 | op=SEND_HEARTBEAT {datanodeUUID=b55144da-9cba-4c3d-a1e9-fe24840a2a80, command=[]} | ret=SUCCESS |  
2019-08-20 14:08:51,740 | INFO  | SCMAudit | user=jenkins1000 | ip=192.168.69.96 | op=SEND_HEARTBEAT {datanodeUUID=b25c2e9d-35ec-472d-960e-341eeb805113, command=[]} | ret=SUCCESS |  
2019-08-20 14:08:51,740 | INFO  | SCMAudit | user=jenkins1000 | ip=192.168.69.96 | op=SEND_HEARTBEAT {datanodeUUID=e92e791c-0508-419c-91d8-ad543954689b, command=[]} | ret=SUCCESS |  
2019-08-20 14:08:52,010 | INFO  | SCMAudit | user=jenkins1000 | ip=192.168.69.96 | op=SEND_HEARTBEAT {datanodeUUID=87798376-b645-4034-b944-652a976dcc5e, command=[]} | ret=SUCCESS |  
2019-08-20 14:08:52,013 | INFO  | SCMAudit | user=jenkins1000 | ip=192.168.69.96 | op=SEND_HEARTBEAT {datanodeUUID=b178e53d-d2c8-4c73-be8a-80f95d3f059b, command=[]} | ret=SUCCESS |  
2019-08-20 14:08:52,215 | INFO  | SCMAudit | user=jenkins1000 | ip=192.168.69.96 | op=SEND_HEARTBEAT {datanodeUUID=f595cb28-7ff0-48d9-878a-05f87961be3a, command=[]} | ret=SUCCESS |  
2019-08-20 14:08:52,270 | INFO  | SCMAudit | user=jenkins1000 | ip=192.168.69.96 | op=SEND_HEARTBEAT {datanodeUUID=9d755d7f-9bab-4a76-accf-4a220332aad5, command=[]} | ret=SUCCESS |  
2019-08-20 14:08:52,299 [grpc-default-executor-0] INFO  client.GrpcClientProtocolClient (GrpcClientProtocolClient.java:onNext(255)) - client-11B67285F035->b25c2e9d-35ec-472d-960e-341eeb805113: receive RaftClientReply:client-11B67285F035->b25c2e9d-35ec-472d-960e-341eeb805113@group-8E2C9D6670E9, cid=13, FAILED org.apache.ratis.protocol.NotLeaderException: Server b25c2e9d-35ec-472d-960e-341eeb805113 is not the leader (null). Request must be sent to leader., logIndex=0, commits[b25c2e9d-35ec-472d-960e-341eeb805113:c-1]
2019-08-20 14:08:52,405 | INFO  | SCMAudit | user=jenkins1000 | ip=192.168.69.96 | op=SEND_HEARTBEAT {datanodeUUID=b55144da-9cba-4c3d-a1e9-fe24840a2a80, command=[]} | ret=SUCCESS |  
2019-08-20 14:08:52,737 | INFO  | SCMAudit | user=jenkins1000 | ip=192.168.69.96 | op=SEND_HEARTBEAT {datanodeUUID=e92e791c-0508-419c-91d8-ad543954689b, command=[]} | ret=SUCCESS |  
2019-08-20 14:08:52,740 | INFO  | SCMAudit | user=jenkins1000 | ip=192.168.69.96 | op=SEND_HEARTBEAT {datanodeUUID=b25c2e9d-35ec-472d-960e-341eeb805113, command=[]} | ret=SUCCESS |  
2019-08-20 14:08:53,010 | INFO  | SCMAudit | user=jenkins1000 | ip=192.168.69.96 | op=SEND_HEARTBEAT {datanodeUUID=87798376-b645-4034-b944-652a976dcc5e, command=[]} | ret=SUCCESS |  
2019-08-20 14:08:53,025 | INFO  | SCMAudit | user=jenkins1000 | ip=192.168.69.96 | op=SEND_HEARTBEAT {datanodeUUID=b178e53d-d2c8-4c73-be8a-80f95d3f059b, command=[]} | ret=SUCCESS |  
2019-08-20 14:08:53,212 | INFO  | SCMAudit | user=jenkins1000 | ip=192.168.69.96 | op=SEND_HEARTBEAT {datanodeUUID=f595cb28-7ff0-48d9-878a-05f87961be3a, command=[]} | ret=SUCCESS |  
2019-08-20 14:08:53,267 | INFO  | SCMAudit | user=jenkins1000 | ip=192.168.69.96 | op=SEND_HEARTBEAT {datanodeUUID=9d755d7f-9bab-4a76-accf-4a220332aad5, command=[]} | ret=SUCCESS |  
2019-08-20 14:08:53,319 [grpc-default-executor-1] INFO  client.GrpcClientProtocolClient (GrpcClientProtocolClient.java:onNext(255)) - client-11B67285F035->e92e791c-0508-419c-91d8-ad543954689b: receive RaftClientReply:client-11B67285F035->e92e791c-0508-419c-91d8-ad543954689b@group-8E2C9D6670E9, cid=13, FAILED org.apache.ratis.protocol.NotLeaderException: Server e92e791c-0508-419c-91d8-ad543954689b is not the leader (null). Request must be sent to leader., logIndex=0, commits[e92e791c-0508-419c-91d8-ad543954689b:c-1]
2019-08-20 14:08:53,404 | INFO  | SCMAudit | user=jenkins1000 | ip=192.168.69.96 | op=SEND_HEARTBEAT {datanodeUUID=b55144da-9cba-4c3d-a1e9-fe24840a2a80, command=[]} | ret=SUCCESS |  
2019-08-20 14:08:53,734 | INFO  | SCMAudit | user=jenkins1000 | ip=192.168.69.96 | op=SEND_HEARTBEAT {datanodeUUID=e92e791c-0508-419c-91d8-ad543954689b, command=[]} | ret=SUCCESS |  
2019-08-20 14:08:53,739 | INFO  | SCMAudit | user=jenkins1000 | ip=192.168.69.96 | op=SEND_HEARTBEAT {datanodeUUID=b25c2e9d-35ec-472d-960e-341eeb805113, command=[]} | ret=SUCCESS |  
2019-08-20 14:08:54,008 | INFO  | SCMAudit | user=jenkins1000 | ip=192.168.69.96 | op=SEND_HEARTBEAT {datanodeUUID=87798376-b645-4034-b944-652a976dcc5e, command=[]} | ret=SUCCESS |  
2019-08-20 14:08:54,011 | INFO  | SCMAudit | user=jenkins1000 | ip=192.168.69.96 | op=SEND_HEARTBEAT {datanodeUUID=b178e53d-d2c8-4c73-be8a-80f95d3f059b, command=[]} | ret=SUCCESS |  
2019-08-20 14:08:54,213 | INFO  | SCMAudit | user=jenkins1000 | ip=192.168.69.96 | op=SEND_HEARTBEAT {datanodeUUID=f595cb28-7ff0-48d9-878a-05f87961be3a, command=[]} | ret=SUCCESS |  
2019-08-20 14:08:54,255 [Thread-239] INFO  impl.FollowerState (FollowerState.java:run(106)) - 87798376-b645-4034-b944-652a976dcc5e:group-0A934A6ADD71 changes to CANDIDATE, lastRpcTime:5142, electionTimeout:5142ms
2019-08-20 14:08:54,258 [Thread-239] INFO  impl.RoleInfo (RoleInfo.java:shutdownFollowerState(121)) - 87798376-b645-4034-b944-652a976dcc5e: shutdown FollowerState
2019-08-20 14:08:54,258 [Thread-239] INFO  impl.RaftServerImpl (RaftServerImpl.java:setRole(171)) - 87798376-b645-4034-b944-652a976dcc5e:group-0A934A6ADD71 changes role from FOLLOWER to CANDIDATE at term 0 for changeToCandidate
2019-08-20 14:08:54,263 [Thread-239] INFO  impl.RoleInfo (RoleInfo.java:updateAndGet(143)) - 87798376-b645-4034-b944-652a976dcc5e: start LeaderElection
2019-08-20 14:08:54,270 | INFO  | SCMAudit | user=jenkins1000 | ip=192.168.69.96 | op=SEND_HEARTBEAT {datanodeUUID=9d755d7f-9bab-4a76-accf-4a220332aad5, command=[]} | ret=SUCCESS |  
2019-08-20 14:08:54,304 [87798376-b645-4034-b944-652a976dcc5e:group-0A934A6ADD71:LeaderElection1] INFO  impl.LeaderElection (LeaderElection.java:askForVotes(181)) - 87798376-b645-4034-b944-652a976dcc5e:group-0A934A6ADD71:LeaderElection1: begin an election at term 1 for -1: [87798376-b645-4034-b944-652a976dcc5e:192.168.69.96:39383], old=null
2019-08-20 14:08:54,308 [87798376-b645-4034-b944-652a976dcc5e:group-0A934A6ADD71:LeaderElection1] INFO  impl.RoleInfo (RoleInfo.java:shutdownLeaderElection(134)) - 87798376-b645-4034-b944-652a976dcc5e: shutdown LeaderElection
2019-08-20 14:08:54,308 [87798376-b645-4034-b944-652a976dcc5e:group-0A934A6ADD71:LeaderElection1] INFO  impl.RaftServerImpl (RaftServerImpl.java:setRole(171)) - 87798376-b645-4034-b944-652a976dcc5e:group-0A934A6ADD71 changes role from CANDIDATE to LEADER at term 1 for changeToLeader
2019-08-20 14:08:54,309 [87798376-b645-4034-b944-652a976dcc5e:group-0A934A6ADD71:LeaderElection1] INFO  impl.RaftServerImpl (ServerState.java:setLeader(263)) - 87798376-b645-4034-b944-652a976dcc5e:group-0A934A6ADD71 change Leader from null to 87798376-b645-4034-b944-652a976dcc5e at term 1 for becomeLeader, leader elected after 5255ms
2019-08-20 14:08:54,316 [87798376-b645-4034-b944-652a976dcc5e:group-0A934A6ADD71:LeaderElection1] INFO  server.RaftServerConfigKeys (ConfUtils.java:logGet(43)) - raft.server.staging.catchup.gap = 1000 (default)
2019-08-20 14:08:54,316 [87798376-b645-4034-b944-652a976dcc5e:group-0A934A6ADD71:LeaderElection1] INFO  server.RaftServerConfigKeys (ConfUtils.java:logGet(43)) - raft.server.rpc.sleep.time = 25ms (default)
2019-08-20 14:08:54,318 [87798376-b645-4034-b944-652a976dcc5e:group-0A934A6ADD71:LeaderElection1] INFO  server.RaftServerConfigKeys (ConfUtils.java:logGet(43)) - raft.server.write.element-limit = 4096 (default)
2019-08-20 14:08:54,320 [87798376-b645-4034-b944-652a976dcc5e:group-0A934A6ADD71:LeaderElection1] INFO  server.RaftServerConfigKeys (ConfUtils.java:logGet(43)) - raft.server.watch.timeout = 10s (default)
2019-08-20 14:08:54,321 [87798376-b645-4034-b944-652a976dcc5e:group-0A934A6ADD71:LeaderElection1] INFO  server.RaftServerConfigKeys (ConfUtils.java:logGet(43)) - raft.server.watch.timeout.denomination = 1s (default)
2019-08-20 14:08:54,321 [87798376-b645-4034-b944-652a976dcc5e:group-0A934A6ADD71:LeaderElection1] INFO  server.RaftServerConfigKeys (ConfUtils.java:logGet(43)) - raft.server.watch.element-limit = 65536 (default)
2019-08-20 14:08:54,330 [87798376-b645-4034-b944-652a976dcc5e:group-0A934A6ADD71:LeaderElection1] INFO  impl.RoleInfo (RoleInfo.java:updateAndGet(143)) - 87798376-b645-4034-b944-652a976dcc5e: start LeaderState
2019-08-20 14:08:54,338 [grpc-default-executor-0] INFO  client.GrpcClientProtocolClient (GrpcClientProtocolClient.java:onNext(255)) - client-11B67285F035->87798376-b645-4034-b944-652a976dcc5e: receive RaftClientReply:client-11B67285F035->87798376-b645-4034-b944-652a976dcc5e@group-8E2C9D6670E9, cid=13, FAILED org.apache.ratis.protocol.NotLeaderException: Server 87798376-b645-4034-b944-652a976dcc5e is not the leader (null). Request must be sent to leader., logIndex=0, commits[87798376-b645-4034-b944-652a976dcc5e:c-1]
2019-08-20 14:08:54,357 [87798376-b645-4034-b944-652a976dcc5e:group-0A934A6ADD71:LeaderElection1] INFO  segmented.SegmentedRaftLogWorker (SegmentedRaftLogWorker.java:startLogSegment(380)) - 87798376-b645-4034-b944-652a976dcc5e-SegmentedRaftLogWorker:Storage Directory /workdir/hadoop-ozone/integration-test/target/test-dir/MiniOzoneClusterImpl-bff17f4a-0019-4841-b5a2-5fb699c84b2c/datanode-0/data/ratis/4b249644-6e1a-4ca3-b369-0a934a6add71: Starting segment from index:0
2019-08-20 14:08:54,366 [87798376-b645-4034-b944-652a976dcc5e:group-0A934A6ADD71:LeaderElection1] INFO  impl.RaftServerImpl (ServerState.java:setRaftConf(361)) - 87798376-b645-4034-b944-652a976dcc5e:group-0A934A6ADD71 set configuration 0: [87798376-b645-4034-b944-652a976dcc5e:192.168.69.96:39383], old=null at 0
2019-08-20 14:08:54,404 | INFO  | SCMAudit | user=jenkins1000 | ip=192.168.69.96 | op=SEND_HEARTBEAT {datanodeUUID=b55144da-9cba-4c3d-a1e9-fe24840a2a80, command=[]} | ret=SUCCESS |  
2019-08-20 14:08:54,428 [Thread-242] INFO  impl.FollowerState (FollowerState.java:run(106)) - b25c2e9d-35ec-472d-960e-341eeb805113:group-EB048DD82801 changes to CANDIDATE, lastRpcTime:5143, electionTimeout:5142ms
2019-08-20 14:08:54,437 [Thread-242] INFO  impl.RoleInfo (RoleInfo.java:shutdownFollowerState(121)) - b25c2e9d-35ec-472d-960e-341eeb805113: shutdown FollowerState
2019-08-20 14:08:54,437 [Thread-242] INFO  impl.RaftServerImpl (RaftServerImpl.java:setRole(171)) - b25c2e9d-35ec-472d-960e-341eeb805113:group-EB048DD82801 changes role from FOLLOWER to CANDIDATE at term 0 for changeToCandidate
2019-08-20 14:08:54,438 [Thread-242] INFO  impl.RoleInfo (RoleInfo.java:updateAndGet(143)) - b25c2e9d-35ec-472d-960e-341eeb805113: start LeaderElection
2019-08-20 14:08:54,455 [b25c2e9d-35ec-472d-960e-341eeb805113:group-EB048DD82801:LeaderElection2] INFO  impl.LeaderElection (LeaderElection.java:askForVotes(181)) - b25c2e9d-35ec-472d-960e-341eeb805113:group-EB048DD82801:LeaderElection2: begin an election at term 1 for -1: [b25c2e9d-35ec-472d-960e-341eeb805113:192.168.69.96:43902], old=null
2019-08-20 14:08:54,458 [b25c2e9d-35ec-472d-960e-341eeb805113:group-EB048DD82801:LeaderElection2] INFO  impl.RoleInfo (RoleInfo.java:shutdownLeaderElection(134)) - b25c2e9d-35ec-472d-960e-341eeb805113: shutdown LeaderElection
2019-08-20 14:08:54,459 [b25c2e9d-35ec-472d-960e-341eeb805113:group-EB048DD82801:LeaderElection2] INFO  impl.RaftServerImpl (RaftServerImpl.java:setRole(171)) - b25c2e9d-35ec-472d-960e-341eeb805113:group-EB048DD82801 changes role from CANDIDATE to LEADER at term 1 for changeToLeader
2019-08-20 14:08:54,459 [b25c2e9d-35ec-472d-960e-341eeb805113:group-EB048DD82801:LeaderElection2] INFO  impl.RaftServerImpl (ServerState.java:setLeader(263)) - b25c2e9d-35ec-472d-960e-341eeb805113:group-EB048DD82801 change Leader from null to b25c2e9d-35ec-472d-960e-341eeb805113 at term 1 for becomeLeader, leader elected after 5180ms
2019-08-20 14:08:54,460 [b25c2e9d-35ec-472d-960e-341eeb805113:group-EB048DD82801:LeaderElection2] INFO  server.RaftServerConfigKeys (ConfUtils.java:logGet(43)) - raft.server.staging.catchup.gap = 1000 (default)
2019-08-20 14:08:54,460 [b25c2e9d-35ec-472d-960e-341eeb805113:group-EB048DD82801:LeaderElection2] INFO  server.RaftServerConfigKeys (ConfUtils.java:logGet(43)) - raft.server.rpc.sleep.time = 25ms (default)
2019-08-20 14:08:54,460 [b25c2e9d-35ec-472d-960e-341eeb805113:group-EB048DD82801:LeaderElection2] INFO  server.RaftServerConfigKeys (ConfUtils.java:logGet(43)) - raft.server.write.element-limit = 4096 (default)
2019-08-20 14:08:54,460 [b25c2e9d-35ec-472d-960e-341eeb805113:group-EB048DD82801:LeaderElection2] INFO  server.RaftServerConfigKeys (ConfUtils.java:logGet(43)) - raft.server.watch.timeout = 10s (default)
2019-08-20 14:08:54,460 [b25c2e9d-35ec-472d-960e-341eeb805113:group-EB048DD82801:LeaderElection2] INFO  server.RaftServerConfigKeys (ConfUtils.java:logGet(43)) - raft.server.watch.timeout.denomination = 1s (default)
2019-08-20 14:08:54,461 [b25c2e9d-35ec-472d-960e-341eeb805113:group-EB048DD82801:LeaderElection2] INFO  server.RaftServerConfigKeys (ConfUtils.java:logGet(43)) - raft.server.watch.element-limit = 65536 (default)
2019-08-20 14:08:54,461 [b25c2e9d-35ec-472d-960e-341eeb805113:group-EB048DD82801:LeaderElection2] INFO  impl.RoleInfo (RoleInfo.java:updateAndGet(143)) - b25c2e9d-35ec-472d-960e-341eeb805113: start LeaderState
2019-08-20 14:08:54,461 [b25c2e9d-35ec-472d-960e-341eeb805113:group-EB048DD82801:LeaderElection2] INFO  segmented.SegmentedRaftLogWorker (SegmentedRaftLogWorker.java:startLogSegment(380)) - b25c2e9d-35ec-472d-960e-341eeb805113-SegmentedRaftLogWorker:Storage Directory /workdir/hadoop-ozone/integration-test/target/test-dir/MiniOzoneClusterImpl-bff17f4a-0019-4841-b5a2-5fb699c84b2c/datanode-2/data/ratis/60130cc5-1900-4b8c-b9a1-eb048dd82801: Starting segment from index:0
2019-08-20 14:08:54,462 [b25c2e9d-35ec-472d-960e-341eeb805113:group-EB048DD82801:LeaderElection2] INFO  impl.RaftServerImpl (ServerState.java:setRaftConf(361)) - b25c2e9d-35ec-472d-960e-341eeb805113:group-EB048DD82801 set configuration 0: [b25c2e9d-35ec-472d-960e-341eeb805113:192.168.69.96:43902], old=null at 0
2019-08-20 14:08:54,474 [Thread-245] INFO  impl.FollowerState (FollowerState.java:run(106)) - e92e791c-0508-419c-91d8-ad543954689b:group-ACCC62527169 changes to CANDIDATE, lastRpcTime:5108, electionTimeout:5108ms
2019-08-20 14:08:54,474 [Thread-245] INFO  impl.RoleInfo (RoleInfo.java:shutdownFollowerState(121)) - e92e791c-0508-419c-91d8-ad543954689b: shutdown FollowerState
2019-08-20 14:08:54,474 [Thread-245] INFO  impl.RaftServerImpl (RaftServerImpl.java:setRole(171)) - e92e791c-0508-419c-91d8-ad543954689b:group-ACCC62527169 changes role from FOLLOWER to CANDIDATE at term 0 for changeToCandidate
2019-08-20 14:08:54,475 [Thread-245] INFO  impl.RoleInfo (RoleInfo.java:updateAndGet(143)) - e92e791c-0508-419c-91d8-ad543954689b: start LeaderElection
2019-08-20 14:08:54,492 [e92e791c-0508-419c-91d8-ad543954689b:group-ACCC62527169:LeaderElection3] INFO  impl.LeaderElection (LeaderElection.java:askForVotes(181)) - e92e791c-0508-419c-91d8-ad543954689b:group-ACCC62527169:LeaderElection3: begin an election at term 1 for -1: [e92e791c-0508-419c-91d8-ad543954689b:192.168.69.96:46849], old=null
2019-08-20 14:08:54,492 [e92e791c-0508-419c-91d8-ad543954689b:group-ACCC62527169:LeaderElection3] INFO  impl.RoleInfo (RoleInfo.java:shutdownLeaderElection(134)) - e92e791c-0508-419c-91d8-ad543954689b: shutdown LeaderElection
2019-08-20 14:08:54,492 [e92e791c-0508-419c-91d8-ad543954689b:group-ACCC62527169:LeaderElection3] INFO  impl.RaftServerImpl (RaftServerImpl.java:setRole(171)) - e92e791c-0508-419c-91d8-ad543954689b:group-ACCC62527169 changes role from CANDIDATE to LEADER at term 1 for changeToLeader
2019-08-20 14:08:54,492 [e92e791c-0508-419c-91d8-ad543954689b:group-ACCC62527169:LeaderElection3] INFO  impl.RaftServerImpl (ServerState.java:setLeader(263)) - e92e791c-0508-419c-91d8-ad543954689b:group-ACCC62527169 change Leader from null to e92e791c-0508-419c-91d8-ad543954689b at term 1 for becomeLeader, leader elected after 5132ms
2019-08-20 14:08:54,494 [e92e791c-0508-419c-91d8-ad543954689b:group-ACCC62527169:LeaderElection3] INFO  server.RaftServerConfigKeys (ConfUtils.java:logGet(43)) - raft.server.staging.catchup.gap = 1000 (default)
2019-08-20 14:08:54,494 [e92e791c-0508-419c-91d8-ad543954689b:group-ACCC62527169:LeaderElection3] INFO  server.RaftServerConfigKeys (ConfUtils.java:logGet(43)) - raft.server.rpc.sleep.time = 25ms (default)
2019-08-20 14:08:54,494 [e92e791c-0508-419c-91d8-ad543954689b:group-ACCC62527169:LeaderElection3] INFO  server.RaftServerConfigKeys (ConfUtils.java:logGet(43)) - raft.server.write.element-limit = 4096 (default)
2019-08-20 14:08:54,494 [e92e791c-0508-419c-91d8-ad543954689b:group-ACCC62527169:LeaderElection3] INFO  server.RaftServerConfigKeys (ConfUtils.java:logGet(43)) - raft.server.watch.timeout = 10s (default)
2019-08-20 14:08:54,495 [e92e791c-0508-419c-91d8-ad543954689b:group-ACCC62527169:LeaderElection3] INFO  server.RaftServerConfigKeys (ConfUtils.java:logGet(43)) - raft.server.watch.timeout.denomination = 1s (default)
2019-08-20 14:08:54,495 [e92e791c-0508-419c-91d8-ad543954689b:group-ACCC62527169:LeaderElection3] INFO  server.RaftServerConfigKeys (ConfUtils.java:logGet(43)) - raft.server.watch.element-limit = 65536 (default)
2019-08-20 14:08:54,495 [e92e791c-0508-419c-91d8-ad543954689b:group-ACCC62527169:LeaderElection3] INFO  impl.RoleInfo (RoleInfo.java:updateAndGet(143)) - e92e791c-0508-419c-91d8-ad543954689b: start LeaderState
2019-08-20 14:08:54,495 [e92e791c-0508-419c-91d8-ad543954689b:group-ACCC62527169:LeaderElection3] INFO  segmented.SegmentedRaftLogWorker (SegmentedRaftLogWorker.java:startLogSegment(380)) - e92e791c-0508-419c-91d8-ad543954689b-SegmentedRaftLogWorker:Storage Directory /workdir/hadoop-ozone/integration-test/target/test-dir/MiniOzoneClusterImpl-bff17f4a-0019-4841-b5a2-5fb699c84b2c/datanode-3/data/ratis/acf3e937-0290-4fd9-a099-accc62527169: Starting segment from index:0
2019-08-20 14:08:54,496 [e92e791c-0508-419c-91d8-ad543954689b:group-ACCC62527169:LeaderElection3] INFO  impl.RaftServerImpl (ServerState.java:setRaftConf(361)) - e92e791c-0508-419c-91d8-ad543954689b:group-ACCC62527169 set configuration 0: [e92e791c-0508-419c-91d8-ad543954689b:192.168.69.96:46849], old=null at 0
2019-08-20 14:08:54,509 [Thread-251] INFO  impl.FollowerState (FollowerState.java:run(106)) - b55144da-9cba-4c3d-a1e9-fe24840a2a80:group-DAB234F61A97 changes to CANDIDATE, lastRpcTime:5026, electionTimeout:5026ms
2019-08-20 14:08:54,509 [Thread-251] INFO  impl.RoleInfo (RoleInfo.java:shutdownFollowerState(121)) - b55144da-9cba-4c3d-a1e9-fe24840a2a80: shutdown FollowerState
2019-08-20 14:08:54,509 [Thread-251] INFO  impl.RaftServerImpl (RaftServerImpl.java:setRole(171)) - b55144da-9cba-4c3d-a1e9-fe24840a2a80:group-DAB234F61A97 changes role from FOLLOWER to CANDIDATE at term 0 for changeToCandidate
2019-08-20 14:08:54,510 [Thread-251] INFO  impl.RoleInfo (RoleInfo.java:updateAndGet(143)) - b55144da-9cba-4c3d-a1e9-fe24840a2a80: start LeaderElection
2019-08-20 14:08:54,528 [b55144da-9cba-4c3d-a1e9-fe24840a2a80:group-DAB234F61A97:LeaderElection4] INFO  impl.LeaderElection (LeaderElection.java:askForVotes(181)) - b55144da-9cba-4c3d-a1e9-fe24840a2a80:group-DAB234F61A97:LeaderElection4: begin an election at term 1 for -1: [b55144da-9cba-4c3d-a1e9-fe24840a2a80:192.168.69.96:46175], old=null
2019-08-20 14:08:54,528 [b55144da-9cba-4c3d-a1e9-fe24840a2a80:group-DAB234F61A97:LeaderElection4] INFO  impl.RoleInfo (RoleInfo.java:shutdownLeaderElection(134)) - b55144da-9cba-4c3d-a1e9-fe24840a2a80: shutdown LeaderElection
2019-08-20 14:08:54,528 [b55144da-9cba-4c3d-a1e9-fe24840a2a80:group-DAB234F61A97:LeaderElection4] INFO  impl.RaftServerImpl (RaftServerImpl.java:setRole(171)) - b55144da-9cba-4c3d-a1e9-fe24840a2a80:group-DAB234F61A97 changes role from CANDIDATE to LEADER at term 1 for changeToLeader
2019-08-20 14:08:54,528 [b55144da-9cba-4c3d-a1e9-fe24840a2a80:group-DAB234F61A97:LeaderElection4] INFO  impl.RaftServerImpl (ServerState.java:setLeader(263)) - b55144da-9cba-4c3d-a1e9-fe24840a2a80:group-DAB234F61A97 change Leader from null to b55144da-9cba-4c3d-a1e9-fe24840a2a80 at term 1 for becomeLeader, leader elected after 5048ms
2019-08-20 14:08:54,531 [b55144da-9cba-4c3d-a1e9-fe24840a2a80:group-DAB234F61A97:LeaderElection4] INFO  server.RaftServerConfigKeys (ConfUtils.java:logGet(43)) - raft.server.staging.catchup.gap = 1000 (default)
2019-08-20 14:08:54,531 [b55144da-9cba-4c3d-a1e9-fe24840a2a80:group-DAB234F61A97:LeaderElection4] INFO  server.RaftServerConfigKeys (ConfUtils.java:logGet(43)) - raft.server.rpc.sleep.time = 25ms (default)
2019-08-20 14:08:54,531 [b55144da-9cba-4c3d-a1e9-fe24840a2a80:group-DAB234F61A97:LeaderElection4] INFO  server.RaftServerConfigKeys (ConfUtils.java:logGet(43)) - raft.server.write.element-limit = 4096 (default)
2019-08-20 14:08:54,531 [b55144da-9cba-4c3d-a1e9-fe24840a2a80:group-DAB234F61A97:LeaderElection4] INFO  server.RaftServerConfigKeys (ConfUtils.java:logGet(43)) - raft.server.watch.timeout = 10s (default)
2019-08-20 14:08:54,531 [b55144da-9cba-4c3d-a1e9-fe24840a2a80:group-DAB234F61A97:LeaderElection4] INFO  server.RaftServerConfigKeys (ConfUtils.java:logGet(43)) - raft.server.watch.timeout.denomination = 1s (default)
2019-08-20 14:08:54,532 [b55144da-9cba-4c3d-a1e9-fe24840a2a80:group-DAB234F61A97:LeaderElection4] INFO  server.RaftServerConfigKeys (ConfUtils.java:logGet(43)) - raft.server.watch.element-limit = 65536 (default)
2019-08-20 14:08:54,532 [b55144da-9cba-4c3d-a1e9-fe24840a2a80:group-DAB234F61A97:LeaderElection4] INFO  impl.RoleInfo (RoleInfo.java:updateAndGet(143)) - b55144da-9cba-4c3d-a1e9-fe24840a2a80: start LeaderState
2019-08-20 14:08:54,532 [b55144da-9cba-4c3d-a1e9-fe24840a2a80:group-DAB234F61A97:LeaderElection4] INFO  segmented.SegmentedRaftLogWorker (SegmentedRaftLogWorker.java:startLogSegment(380)) - b55144da-9cba-4c3d-a1e9-fe24840a2a80-SegmentedRaftLogWorker:Storage Directory /workdir/hadoop-ozone/integration-test/target/test-dir/MiniOzoneClusterImpl-bff17f4a-0019-4841-b5a2-5fb699c84b2c/datanode-6/data/ratis/ec7c0caa-58db-41c2-982b-dab234f61a97: Starting segment from index:0
2019-08-20 14:08:54,533 [b55144da-9cba-4c3d-a1e9-fe24840a2a80:group-DAB234F61A97:LeaderElection4] INFO  impl.RaftServerImpl (ServerState.java:setRaftConf(361)) - b55144da-9cba-4c3d-a1e9-fe24840a2a80:group-DAB234F61A97 set configuration 0: [b55144da-9cba-4c3d-a1e9-fe24840a2a80:192.168.69.96:46175], old=null at 0
2019-08-20 14:08:54,545 [e92e791c-0508-419c-91d8-ad543954689b-SegmentedRaftLogWorker:Storage Directory /workdir/hadoop-ozone/integration-test/target/test-dir/MiniOzoneClusterImpl-bff17f4a-0019-4841-b5a2-5fb699c84b2c/datanode-3/data/ratis/acf3e937-0290-4fd9-a099-accc62527169] INFO  segmented.SegmentedRaftLogWorker (SegmentedRaftLogWorker.java:execute(569)) - e92e791c-0508-419c-91d8-ad543954689b-SegmentedRaftLogWorker:Storage Directory /workdir/hadoop-ozone/integration-test/target/test-dir/MiniOzoneClusterImpl-bff17f4a-0019-4841-b5a2-5fb699c84b2c/datanode-3/data/ratis/acf3e937-0290-4fd9-a099-accc62527169: created new log segment /workdir/hadoop-ozone/integration-test/target/test-dir/MiniOzoneClusterImpl-bff17f4a-0019-4841-b5a2-5fb699c84b2c/datanode-3/data/ratis/acf3e937-0290-4fd9-a099-accc62527169/current/log_inprogress_0
2019-08-20 14:08:54,545 [Thread-248] INFO  impl.FollowerState (FollowerState.java:run(106)) - b178e53d-d2c8-4c73-be8a-80f95d3f059b:group-07D22EFC357D changes to CANDIDATE, lastRpcTime:5125, electionTimeout:5121ms
2019-08-20 14:08:54,545 [b25c2e9d-35ec-472d-960e-341eeb805113-SegmentedRaftLogWorker:Storage Directory /workdir/hadoop-ozone/integration-test/target/test-dir/MiniOzoneClusterImpl-bff17f4a-0019-4841-b5a2-5fb699c84b2c/datanode-2/data/ratis/60130cc5-1900-4b8c-b9a1-eb048dd82801] INFO  segmented.SegmentedRaftLogWorker (SegmentedRaftLogWorker.java:execute(569)) - b25c2e9d-35ec-472d-960e-341eeb805113-SegmentedRaftLogWorker:Storage Directory /workdir/hadoop-ozone/integration-test/target/test-dir/MiniOzoneClusterImpl-bff17f4a-0019-4841-b5a2-5fb699c84b2c/datanode-2/data/ratis/60130cc5-1900-4b8c-b9a1-eb048dd82801: created new log segment /workdir/hadoop-ozone/integration-test/target/test-dir/MiniOzoneClusterImpl-bff17f4a-0019-4841-b5a2-5fb699c84b2c/datanode-2/data/ratis/60130cc5-1900-4b8c-b9a1-eb048dd82801/current/log_inprogress_0
2019-08-20 14:08:54,545 [87798376-b645-4034-b944-652a976dcc5e-SegmentedRaftLogWorker:Storage Directory /workdir/hadoop-ozone/integration-test/target/test-dir/MiniOzoneClusterImpl-bff17f4a-0019-4841-b5a2-5fb699c84b2c/datanode-0/data/ratis/4b249644-6e1a-4ca3-b369-0a934a6add71] INFO  segmented.SegmentedRaftLogWorker (SegmentedRaftLogWorker.java:execute(569)) - 87798376-b645-4034-b944-652a976dcc5e-SegmentedRaftLogWorker:Storage Directory /workdir/hadoop-ozone/integration-test/target/test-dir/MiniOzoneClusterImpl-bff17f4a-0019-4841-b5a2-5fb699c84b2c/datanode-0/data/ratis/4b249644-6e1a-4ca3-b369-0a934a6add71: created new log segment /workdir/hadoop-ozone/integration-test/target/test-dir/MiniOzoneClusterImpl-bff17f4a-0019-4841-b5a2-5fb699c84b2c/datanode-0/data/ratis/4b249644-6e1a-4ca3-b369-0a934a6add71/current/log_inprogress_0
2019-08-20 14:08:54,545 [Thread-248] INFO  impl.RoleInfo (RoleInfo.java:shutdownFollowerState(121)) - b178e53d-d2c8-4c73-be8a-80f95d3f059b: shutdown FollowerState
2019-08-20 14:08:54,548 [Thread-248] INFO  impl.RaftServerImpl (RaftServerImpl.java:setRole(171)) - b178e53d-d2c8-4c73-be8a-80f95d3f059b:group-07D22EFC357D changes role from FOLLOWER to CANDIDATE at term 0 for changeToCandidate
2019-08-20 14:08:54,548 [Thread-248] INFO  impl.RoleInfo (RoleInfo.java:updateAndGet(143)) - b178e53d-d2c8-4c73-be8a-80f95d3f059b: start LeaderElection
2019-08-20 14:08:54,558 [b55144da-9cba-4c3d-a1e9-fe24840a2a80-SegmentedRaftLogWorker:Storage Directory /workdir/hadoop-ozone/integration-test/target/test-dir/MiniOzoneClusterImpl-bff17f4a-0019-4841-b5a2-5fb699c84b2c/datanode-6/data/ratis/ec7c0caa-58db-41c2-982b-dab234f61a97] INFO  segmented.SegmentedRaftLogWorker (SegmentedRaftLogWorker.java:execute(569)) - b55144da-9cba-4c3d-a1e9-fe24840a2a80-SegmentedRaftLogWorker:Storage Directory /workdir/hadoop-ozone/integration-test/target/test-dir/MiniOzoneClusterImpl-bff17f4a-0019-4841-b5a2-5fb699c84b2c/datanode-6/data/ratis/ec7c0caa-58db-41c2-982b-dab234f61a97: created new log segment /workdir/hadoop-ozone/integration-test/target/test-dir/MiniOzoneClusterImpl-bff17f4a-0019-4841-b5a2-5fb699c84b2c/datanode-6/data/ratis/ec7c0caa-58db-41c2-982b-dab234f61a97/current/log_inprogress_0
2019-08-20 14:08:54,560 [b178e53d-d2c8-4c73-be8a-80f95d3f059b:group-07D22EFC357D:LeaderElection5] INFO  impl.LeaderElection (LeaderElection.java:askForVotes(181)) - b178e53d-d2c8-4c73-be8a-80f95d3f059b:group-07D22EFC357D:LeaderElection5: begin an election at term 1 for -1: [b178e53d-d2c8-4c73-be8a-80f95d3f059b:192.168.69.96:33366], old=null
2019-08-20 14:08:54,560 [b178e53d-d2c8-4c73-be8a-80f95d3f059b:group-07D22EFC357D:LeaderElection5] INFO  impl.RoleInfo (RoleInfo.java:shutdownLeaderElection(134)) - b178e53d-d2c8-4c73-be8a-80f95d3f059b: shutdown LeaderElection
2019-08-20 14:08:54,560 [b178e53d-d2c8-4c73-be8a-80f95d3f059b:group-07D22EFC357D:LeaderElection5] INFO  impl.RaftServerImpl (RaftServerImpl.java:setRole(171)) - b178e53d-d2c8-4c73-be8a-80f95d3f059b:group-07D22EFC357D changes role from CANDIDATE to LEADER at term 1 for changeToLeader
2019-08-20 14:08:54,560 [b178e53d-d2c8-4c73-be8a-80f95d3f059b:group-07D22EFC357D:LeaderElection5] INFO  impl.RaftServerImpl (ServerState.java:setLeader(263)) - b178e53d-d2c8-4c73-be8a-80f95d3f059b:group-07D22EFC357D change Leader from null to b178e53d-d2c8-4c73-be8a-80f95d3f059b at term 1 for becomeLeader, leader elected after 5144ms
2019-08-20 14:08:54,561 [b178e53d-d2c8-4c73-be8a-80f95d3f059b:group-07D22EFC357D:LeaderElection5] INFO  server.RaftServerConfigKeys (ConfUtils.java:logGet(43)) - raft.server.staging.catchup.gap = 1000 (default)
2019-08-20 14:08:54,562 [b178e53d-d2c8-4c73-be8a-80f95d3f059b:group-07D22EFC357D:LeaderElection5] INFO  server.RaftServerConfigKeys (ConfUtils.java:logGet(43)) - raft.server.rpc.sleep.time = 25ms (default)
2019-08-20 14:08:54,562 [b178e53d-d2c8-4c73-be8a-80f95d3f059b:group-07D22EFC357D:LeaderElection5] INFO  server.RaftServerConfigKeys (ConfUtils.java:logGet(43)) - raft.server.write.element-limit = 4096 (default)
2019-08-20 14:08:54,562 [b178e53d-d2c8-4c73-be8a-80f95d3f059b:group-07D22EFC357D:LeaderElection5] INFO  server.RaftServerConfigKeys (ConfUtils.java:logGet(43)) - raft.server.watch.timeout = 10s (default)
2019-08-20 14:08:54,562 [b178e53d-d2c8-4c73-be8a-80f95d3f059b:group-07D22EFC357D:LeaderElection5] INFO  server.RaftServerConfigKeys (ConfUtils.java:logGet(43)) - raft.server.watch.timeout.denomination = 1s (default)
2019-08-20 14:08:54,562 [b178e53d-d2c8-4c73-be8a-80f95d3f059b:group-07D22EFC357D:LeaderElection5] INFO  server.RaftServerConfigKeys (ConfUtils.java:logGet(43)) - raft.server.watch.element-limit = 65536 (default)
2019-08-20 14:08:54,562 [b178e53d-d2c8-4c73-be8a-80f95d3f059b:group-07D22EFC357D:LeaderElection5] INFO  impl.RoleInfo (RoleInfo.java:updateAndGet(143)) - b178e53d-d2c8-4c73-be8a-80f95d3f059b: start LeaderState
2019-08-20 14:08:54,563 [b178e53d-d2c8-4c73-be8a-80f95d3f059b:group-07D22EFC357D:LeaderElection5] INFO  segmented.SegmentedRaftLogWorker (SegmentedRaftLogWorker.java:startLogSegment(380)) - b178e53d-d2c8-4c73-be8a-80f95d3f059b-SegmentedRaftLogWorker:Storage Directory /workdir/hadoop-ozone/integration-test/target/test-dir/MiniOzoneClusterImpl-bff17f4a-0019-4841-b5a2-5fb699c84b2c/datanode-4/data/ratis/ea0f6e65-8b2f-40e9-9efa-07d22efc357d: Starting segment from index:0
2019-08-20 14:08:54,563 [b178e53d-d2c8-4c73-be8a-80f95d3f059b:group-07D22EFC357D:LeaderElection5] INFO  impl.RaftServerImpl (ServerState.java:setRaftConf(361)) - b178e53d-d2c8-4c73-be8a-80f95d3f059b:group-07D22EFC357D set configuration 0: [b178e53d-d2c8-4c73-be8a-80f95d3f059b:192.168.69.96:33366], old=null at 0
2019-08-20 14:08:54,597 [b178e53d-d2c8-4c73-be8a-80f95d3f059b-SegmentedRaftLogWorker:Storage Directory /workdir/hadoop-ozone/integration-test/target/test-dir/MiniOzoneClusterImpl-bff17f4a-0019-4841-b5a2-5fb699c84b2c/datanode-4/data/ratis/ea0f6e65-8b2f-40e9-9efa-07d22efc357d] INFO  segmented.SegmentedRaftLogWorker (SegmentedRaftLogWorker.java:execute(569)) - b178e53d-d2c8-4c73-be8a-80f95d3f059b-SegmentedRaftLogWorker:Storage Directory /workdir/hadoop-ozone/integration-test/target/test-dir/MiniOzoneClusterImpl-bff17f4a-0019-4841-b5a2-5fb699c84b2c/datanode-4/data/ratis/ea0f6e65-8b2f-40e9-9efa-07d22efc357d: created new log segment /workdir/hadoop-ozone/integration-test/target/test-dir/MiniOzoneClusterImpl-bff17f4a-0019-4841-b5a2-5fb699c84b2c/datanode-4/data/ratis/ea0f6e65-8b2f-40e9-9efa-07d22efc357d/current/log_inprogress_0
2019-08-20 14:08:54,699 [Thread-257] INFO  impl.FollowerState (FollowerState.java:run(106)) - f595cb28-7ff0-48d9-878a-05f87961be3a:group-37B257362A0F changes to CANDIDATE, lastRpcTime:5090, electionTimeout:5090ms
2019-08-20 14:08:54,699 [Thread-257] INFO  impl.RoleInfo (RoleInfo.java:shutdownFollowerState(121)) - f595cb28-7ff0-48d9-878a-05f87961be3a: shutdown FollowerState
2019-08-20 14:08:54,699 [Thread-257] INFO  impl.RaftServerImpl (RaftServerImpl.java:setRole(171)) - f595cb28-7ff0-48d9-878a-05f87961be3a:group-37B257362A0F changes role from FOLLOWER to CANDIDATE at term 0 for changeToCandidate
2019-08-20 14:08:54,700 [Thread-257] INFO  impl.RoleInfo (RoleInfo.java:updateAndGet(143)) - f595cb28-7ff0-48d9-878a-05f87961be3a: start LeaderElection
2019-08-20 14:08:54,715 [Thread-260] INFO  impl.FollowerState (FollowerState.java:run(106)) - 87798376-b645-4034-b944-652a976dcc5e:group-8E2C9D6670E9 changes to CANDIDATE, lastRpcTime:5017, electionTimeout:5017ms
2019-08-20 14:08:54,717 [Thread-260] INFO  impl.RoleInfo (RoleInfo.java:shutdownFollowerState(121)) - 87798376-b645-4034-b944-652a976dcc5e: shutdown FollowerState
2019-08-20 14:08:54,717 [Thread-260] INFO  impl.RaftServerImpl (RaftServerImpl.java:setRole(171)) - 87798376-b645-4034-b944-652a976dcc5e:group-8E2C9D6670E9 changes role from FOLLOWER to CANDIDATE at term 0 for changeToCandidate
2019-08-20 14:08:54,717 [Thread-260] INFO  impl.RoleInfo (RoleInfo.java:updateAndGet(143)) - 87798376-b645-4034-b944-652a976dcc5e: start LeaderElection
2019-08-20 14:08:54,720 [f595cb28-7ff0-48d9-878a-05f87961be3a:group-37B257362A0F:LeaderElection6] INFO  impl.LeaderElection (LeaderElection.java:askForVotes(181)) - f595cb28-7ff0-48d9-878a-05f87961be3a:group-37B257362A0F:LeaderElection6: begin an election at term 1 for -1: [f595cb28-7ff0-48d9-878a-05f87961be3a:192.168.69.96:44337], old=null
2019-08-20 14:08:54,720 [f595cb28-7ff0-48d9-878a-05f87961be3a:group-37B257362A0F:LeaderElection6] INFO  impl.RoleInfo (RoleInfo.java:shutdownLeaderElection(134)) - f595cb28-7ff0-48d9-878a-05f87961be3a: shutdown LeaderElection
2019-08-20 14:08:54,720 [f595cb28-7ff0-48d9-878a-05f87961be3a:group-37B257362A0F:LeaderElection6] INFO  impl.RaftServerImpl (RaftServerImpl.java:setRole(171)) - f595cb28-7ff0-48d9-878a-05f87961be3a:group-37B257362A0F changes role from CANDIDATE to LEADER at term 1 for changeToLeader
2019-08-20 14:08:54,720 [f595cb28-7ff0-48d9-878a-05f87961be3a:group-37B257362A0F:LeaderElection6] INFO  impl.RaftServerImpl (ServerState.java:setLeader(263)) - f595cb28-7ff0-48d9-878a-05f87961be3a:group-37B257362A0F change Leader from null to f595cb28-7ff0-48d9-878a-05f87961be3a at term 1 for becomeLeader, leader elected after 5115ms
2019-08-20 14:08:54,722 [f595cb28-7ff0-48d9-878a-05f87961be3a:group-37B257362A0F:LeaderElection6] INFO  server.RaftServerConfigKeys (ConfUtils.java:logGet(43)) - raft.server.staging.catchup.gap = 1000 (default)
2019-08-20 14:08:54,722 [f595cb28-7ff0-48d9-878a-05f87961be3a:group-37B257362A0F:LeaderElection6] INFO  server.RaftServerConfigKeys (ConfUtils.java:logGet(43)) - raft.server.rpc.sleep.time = 25ms (default)
2019-08-20 14:08:54,722 [f595cb28-7ff0-48d9-878a-05f87961be3a:group-37B257362A0F:LeaderElection6] INFO  server.RaftServerConfigKeys (ConfUtils.java:logGet(43)) - raft.server.write.element-limit = 4096 (default)
2019-08-20 14:08:54,722 [f595cb28-7ff0-48d9-878a-05f87961be3a:group-37B257362A0F:LeaderElection6] INFO  server.RaftServerConfigKeys (ConfUtils.java:logGet(43)) - raft.server.watch.timeout = 10s (default)
2019-08-20 14:08:54,722 [f595cb28-7ff0-48d9-878a-05f87961be3a:group-37B257362A0F:LeaderElection6] INFO  server.RaftServerConfigKeys (ConfUtils.java:logGet(43)) - raft.server.watch.timeout.denomination = 1s (default)
2019-08-20 14:08:54,722 [f595cb28-7ff0-48d9-878a-05f87961be3a:group-37B257362A0F:LeaderElection6] INFO  server.RaftServerConfigKeys (ConfUtils.java:logGet(43)) - raft.server.watch.element-limit = 65536 (default)
2019-08-20 14:08:54,723 [f595cb28-7ff0-48d9-878a-05f87961be3a:group-37B257362A0F:LeaderElection6] INFO  impl.RoleInfo (RoleInfo.java:updateAndGet(143)) - f595cb28-7ff0-48d9-878a-05f87961be3a: start LeaderState
2019-08-20 14:08:54,723 [f595cb28-7ff0-48d9-878a-05f87961be3a:group-37B257362A0F:LeaderElection6] INFO  segmented.SegmentedRaftLogWorker (SegmentedRaftLogWorker.java:startLogSegment(380)) - f595cb28-7ff0-48d9-878a-05f87961be3a-SegmentedRaftLogWorker:Storage Directory /workdir/hadoop-ozone/integration-test/target/test-dir/MiniOzoneClusterImpl-bff17f4a-0019-4841-b5a2-5fb699c84b2c/datanode-5/data/ratis/93166034-61f1-4817-8362-37b257362a0f: Starting segment from index:0
2019-08-20 14:08:54,723 [f595cb28-7ff0-48d9-878a-05f87961be3a:group-37B257362A0F:LeaderElection6] INFO  impl.RaftServerImpl (ServerState.java:setRaftConf(361)) - f595cb28-7ff0-48d9-878a-05f87961be3a:group-37B257362A0F set configuration 0: [f595cb28-7ff0-48d9-878a-05f87961be3a:192.168.69.96:44337], old=null at 0
2019-08-20 14:08:54,736 [Thread-254] INFO  impl.FollowerState (FollowerState.java:run(106)) - 9d755d7f-9bab-4a76-accf-4a220332aad5:group-C703AFD10C70 changes to CANDIDATE, lastRpcTime:5184, electionTimeout:5184ms
2019-08-20 14:08:54,736 [Thread-254] INFO  impl.RoleInfo (RoleInfo.java:shutdownFollowerState(121)) - 9d755d7f-9bab-4a76-accf-4a220332aad5: shutdown FollowerState
2019-08-20 14:08:54,736 [Thread-254] INFO  impl.RaftServerImpl (RaftServerImpl.java:setRole(171)) - 9d755d7f-9bab-4a76-accf-4a220332aad5:group-C703AFD10C70 changes role from FOLLOWER to CANDIDATE at term 0 for changeToCandidate
2019-08-20 14:08:54,737 [Thread-254] INFO  impl.RoleInfo (RoleInfo.java:updateAndGet(143)) - 9d755d7f-9bab-4a76-accf-4a220332aad5: start LeaderElection
2019-08-20 14:08:54,737 | INFO  | SCMAudit | user=jenkins1000 | ip=192.168.69.96 | op=SEND_HEARTBEAT {datanodeUUID=e92e791c-0508-419c-91d8-ad543954689b, command=[]} | ret=SUCCESS |  
2019-08-20 14:08:54,741 | INFO  | SCMAudit | user=jenkins1000 | ip=192.168.69.96 | op=SEND_HEARTBEAT {datanodeUUID=b25c2e9d-35ec-472d-960e-341eeb805113, command=[]} | ret=SUCCESS |  
2019-08-20 14:08:54,803 [Thread-266] INFO  impl.FollowerState (FollowerState.java:run(106)) - b25c2e9d-35ec-472d-960e-341eeb805113:group-8E2C9D6670E9 changes to CANDIDATE, lastRpcTime:5098, electionTimeout:5096ms
2019-08-20 14:08:54,803 [Thread-266] INFO  impl.RoleInfo (RoleInfo.java:shutdownFollowerState(121)) - b25c2e9d-35ec-472d-960e-341eeb805113: shutdown FollowerState
2019-08-20 14:08:54,804 [Thread-266] INFO  impl.RaftServerImpl (RaftServerImpl.java:setRole(171)) - b25c2e9d-35ec-472d-960e-341eeb805113:group-8E2C9D6670E9 changes role from FOLLOWER to CANDIDATE at term 0 for changeToCandidate
2019-08-20 14:08:54,804 [Thread-266] INFO  impl.RoleInfo (RoleInfo.java:updateAndGet(143)) - b25c2e9d-35ec-472d-960e-341eeb805113: start LeaderElection
2019-08-20 14:08:54,808 [Thread-264] INFO  impl.FollowerState (FollowerState.java:run(106)) - e92e791c-0508-419c-91d8-ad543954689b:group-8E2C9D6670E9 changes to CANDIDATE, lastRpcTime:5107, electionTimeout:5105ms
2019-08-20 14:08:54,808 [Thread-264] INFO  impl.RoleInfo (RoleInfo.java:shutdownFollowerState(121)) - e92e791c-0508-419c-91d8-ad543954689b: shutdown FollowerState
2019-08-20 14:08:54,808 [Thread-264] INFO  impl.RaftServerImpl (RaftServerImpl.java:setRole(171)) - e92e791c-0508-419c-91d8-ad543954689b:group-8E2C9D6670E9 changes role from FOLLOWER to CANDIDATE at term 0 for changeToCandidate
2019-08-20 14:08:54,808 [Thread-264] INFO  impl.RoleInfo (RoleInfo.java:updateAndGet(143)) - e92e791c-0508-419c-91d8-ad543954689b: start LeaderElection
2019-08-20 14:08:54,821 [Thread-274] INFO  impl.FollowerState (FollowerState.java:run(106)) - 9d755d7f-9bab-4a76-accf-4a220332aad5:group-EB12C0F9EBFC changes to CANDIDATE, lastRpcTime:5026, electionTimeout:5026ms
2019-08-20 14:08:54,821 [Thread-274] INFO  impl.RoleInfo (RoleInfo.java:shutdownFollowerState(121)) - 9d755d7f-9bab-4a76-accf-4a220332aad5: shutdown FollowerState
2019-08-20 14:08:54,821 [Thread-274] INFO  impl.RaftServerImpl (RaftServerImpl.java:setRole(171)) - 9d755d7f-9bab-4a76-accf-4a220332aad5:group-EB12C0F9EBFC changes role from FOLLOWER to CANDIDATE at term 0 for changeToCandidate
2019-08-20 14:08:54,821 [Thread-274] INFO  impl.RoleInfo (RoleInfo.java:updateAndGet(143)) - 9d755d7f-9bab-4a76-accf-4a220332aad5: start LeaderElection
2019-08-20 14:08:54,828 [Thread-270] INFO  impl.FollowerState (FollowerState.java:run(106)) - b178e53d-d2c8-4c73-be8a-80f95d3f059b:group-EB12C0F9EBFC changes to CANDIDATE, lastRpcTime:5038, electionTimeout:5038ms
2019-08-20 14:08:54,828 [Thread-270] INFO  impl.RoleInfo (RoleInfo.java:shutdownFollowerState(121)) - b178e53d-d2c8-4c73-be8a-80f95d3f059b: shutdown FollowerState
2019-08-20 14:08:54,828 [Thread-270] INFO  impl.RaftServerImpl (RaftServerImpl.java:setRole(171)) - b178e53d-d2c8-4c73-be8a-80f95d3f059b:group-EB12C0F9EBFC changes role from FOLLOWER to CANDIDATE at term 0 for changeToCandidate
2019-08-20 14:08:54,828 [Thread-270] INFO  impl.RoleInfo (RoleInfo.java:updateAndGet(143)) - b178e53d-d2c8-4c73-be8a-80f95d3f059b: start LeaderElection
2019-08-20 14:08:54,877 [87798376-b645-4034-b944-652a976dcc5e:group-8E2C9D6670E9:LeaderElection7] INFO  impl.LeaderElection (LeaderElection.java:askForVotes(181)) - 87798376-b645-4034-b944-652a976dcc5e:group-8E2C9D6670E9:LeaderElection7: begin an election at term 1 for -1: [e92e791c-0508-419c-91d8-ad543954689b:192.168.69.96:46849, 87798376-b645-4034-b944-652a976dcc5e:192.168.69.96:39383, b25c2e9d-35ec-472d-960e-341eeb805113:192.168.69.96:43902], old=null
2019-08-20 14:08:54,902 [f595cb28-7ff0-48d9-878a-05f87961be3a-SegmentedRaftLogWorker:Storage Directory /workdir/hadoop-ozone/integration-test/target/test-dir/MiniOzoneClusterImpl-bff17f4a-0019-4841-b5a2-5fb699c84b2c/datanode-5/data/ratis/93166034-61f1-4817-8362-37b257362a0f] INFO  segmented.SegmentedRaftLogWorker (SegmentedRaftLogWorker.java:execute(569)) - f595cb28-7ff0-48d9-878a-05f87961be3a-SegmentedRaftLogWorker:Storage Directory /workdir/hadoop-ozone/integration-test/target/test-dir/MiniOzoneClusterImpl-bff17f4a-0019-4841-b5a2-5fb699c84b2c/datanode-5/data/ratis/93166034-61f1-4817-8362-37b257362a0f: created new log segment /workdir/hadoop-ozone/integration-test/target/test-dir/MiniOzoneClusterImpl-bff17f4a-0019-4841-b5a2-5fb699c84b2c/datanode-5/data/ratis/93166034-61f1-4817-8362-37b257362a0f/current/log_inprogress_0
2019-08-20 14:08:54,902 [9d755d7f-9bab-4a76-accf-4a220332aad5:group-C703AFD10C70:LeaderElection8] INFO  impl.LeaderElection (LeaderElection.java:askForVotes(181)) - 9d755d7f-9bab-4a76-accf-4a220332aad5:group-C703AFD10C70:LeaderElection8: begin an election at term 1 for -1: [9d755d7f-9bab-4a76-accf-4a220332aad5:192.168.69.96:35587], old=null
2019-08-20 14:08:54,902 [9d755d7f-9bab-4a76-accf-4a220332aad5:group-EB12C0F9EBFC:LeaderElection11] INFO  impl.LeaderElection (LeaderElection.java:askForVotes(181)) - 9d755d7f-9bab-4a76-accf-4a220332aad5:group-EB12C0F9EBFC:LeaderElection11: begin an election at term 1 for -1: [b178e53d-d2c8-4c73-be8a-80f95d3f059b:192.168.69.96:33366, b55144da-9cba-4c3d-a1e9-fe24840a2a80:192.168.69.96:46175, 9d755d7f-9bab-4a76-accf-4a220332aad5:192.168.69.96:35587], old=null
2019-08-20 14:08:54,902 [e92e791c-0508-419c-91d8-ad543954689b:group-8E2C9D6670E9:LeaderElection10] INFO  impl.LeaderElection (LeaderElection.java:askForVotes(181)) - e92e791c-0508-419c-91d8-ad543954689b:group-8E2C9D6670E9:LeaderElection10: begin an election at term 1 for -1: [e92e791c-0508-419c-91d8-ad543954689b:192.168.69.96:46849, 87798376-b645-4034-b944-652a976dcc5e:192.168.69.96:39383, b25c2e9d-35ec-472d-960e-341eeb805113:192.168.69.96:43902], old=null
2019-08-20 14:08:54,902 [b178e53d-d2c8-4c73-be8a-80f95d3f059b:group-EB12C0F9EBFC:LeaderElection12] INFO  impl.LeaderElection (LeaderElection.java:askForVotes(181)) - b178e53d-d2c8-4c73-be8a-80f95d3f059b:group-EB12C0F9EBFC:LeaderElection12: begin an election at term 1 for -1: [b178e53d-d2c8-4c73-be8a-80f95d3f059b:192.168.69.96:33366, b55144da-9cba-4c3d-a1e9-fe24840a2a80:192.168.69.96:46175, 9d755d7f-9bab-4a76-accf-4a220332aad5:192.168.69.96:35587], old=null
2019-08-20 14:08:54,902 [b25c2e9d-35ec-472d-960e-341eeb805113:group-8E2C9D6670E9:LeaderElection9] INFO  impl.LeaderElection (LeaderElection.java:askForVotes(181)) - b25c2e9d-35ec-472d-960e-341eeb805113:group-8E2C9D6670E9:LeaderElection9: begin an election at term 1 for -1: [e92e791c-0508-419c-91d8-ad543954689b:192.168.69.96:46849, 87798376-b645-4034-b944-652a976dcc5e:192.168.69.96:39383, b25c2e9d-35ec-472d-960e-341eeb805113:192.168.69.96:43902], old=null
2019-08-20 14:08:54,904 [9d755d7f-9bab-4a76-accf-4a220332aad5:group-C703AFD10C70:LeaderElection8] INFO  impl.RoleInfo (RoleInfo.java:shutdownLeaderElection(134)) - 9d755d7f-9bab-4a76-accf-4a220332aad5: shutdown LeaderElection
2019-08-20 14:08:54,910 [9d755d7f-9bab-4a76-accf-4a220332aad5:group-C703AFD10C70:LeaderElection8] INFO  impl.RaftServerImpl (RaftServerImpl.java:setRole(171)) - 9d755d7f-9bab-4a76-accf-4a220332aad5:group-C703AFD10C70 changes role from CANDIDATE to LEADER at term 1 for changeToLeader
2019-08-20 14:08:54,910 [9d755d7f-9bab-4a76-accf-4a220332aad5:group-C703AFD10C70:LeaderElection8] INFO  impl.RaftServerImpl (ServerState.java:setLeader(263)) - 9d755d7f-9bab-4a76-accf-4a220332aad5:group-C703AFD10C70 change Leader from null to 9d755d7f-9bab-4a76-accf-4a220332aad5 at term 1 for becomeLeader, leader elected after 5363ms
2019-08-20 14:08:54,912 [9d755d7f-9bab-4a76-accf-4a220332aad5:group-C703AFD10C70:LeaderElection8] INFO  server.RaftServerConfigKeys (ConfUtils.java:logGet(43)) - raft.server.staging.catchup.gap = 1000 (default)
2019-08-20 14:08:54,912 [9d755d7f-9bab-4a76-accf-4a220332aad5:group-C703AFD10C70:LeaderElection8] INFO  server.RaftServerConfigKeys (ConfUtils.java:logGet(43)) - raft.server.rpc.sleep.time = 25ms (default)
2019-08-20 14:08:54,912 [9d755d7f-9bab-4a76-accf-4a220332aad5:group-C703AFD10C70:LeaderElection8] INFO  server.RaftServerConfigKeys (ConfUtils.java:logGet(43)) - raft.server.write.element-limit = 4096 (default)
2019-08-20 14:08:54,912 [9d755d7f-9bab-4a76-accf-4a220332aad5:group-C703AFD10C70:LeaderElection8] INFO  server.RaftServerConfigKeys (ConfUtils.java:logGet(43)) - raft.server.watch.timeout = 10s (default)
2019-08-20 14:08:54,912 [9d755d7f-9bab-4a76-accf-4a220332aad5:group-C703AFD10C70:LeaderElection8] INFO  server.RaftServerConfigKeys (ConfUtils.java:logGet(43)) - raft.server.watch.timeout.denomination = 1s (default)
2019-08-20 14:08:54,913 [9d755d7f-9bab-4a76-accf-4a220332aad5:group-C703AFD10C70:LeaderElection8] INFO  server.RaftServerConfigKeys (ConfUtils.java:logGet(43)) - raft.server.watch.element-limit = 65536 (default)
2019-08-20 14:08:54,914 [9d755d7f-9bab-4a76-accf-4a220332aad5:group-C703AFD10C70:LeaderElection8] INFO  impl.RoleInfo (RoleInfo.java:updateAndGet(143)) - 9d755d7f-9bab-4a76-accf-4a220332aad5: start LeaderState
2019-08-20 14:08:54,915 [9d755d7f-9bab-4a76-accf-4a220332aad5:group-C703AFD10C70:LeaderElection8] INFO  segmented.SegmentedRaftLogWorker (SegmentedRaftLogWorker.java:startLogSegment(380)) - 9d755d7f-9bab-4a76-accf-4a220332aad5-SegmentedRaftLogWorker:Storage Directory /workdir/hadoop-ozone/integration-test/target/test-dir/MiniOzoneClusterImpl-bff17f4a-0019-4841-b5a2-5fb699c84b2c/datanode-1/data/ratis/8e0e30f6-fa64-4682-9222-c703afd10c70: Starting segment from index:0
2019-08-20 14:08:54,915 [9d755d7f-9bab-4a76-accf-4a220332aad5:group-C703AFD10C70:LeaderElection8] INFO  impl.RaftServerImpl (ServerState.java:setRaftConf(361)) - 9d755d7f-9bab-4a76-accf-4a220332aad5:group-C703AFD10C70 set configuration 0: [9d755d7f-9bab-4a76-accf-4a220332aad5:192.168.69.96:35587], old=null at 0
2019-08-20 14:08:54,944 [Thread-276] INFO  impl.FollowerState (FollowerState.java:run(106)) - b55144da-9cba-4c3d-a1e9-fe24840a2a80:group-EB12C0F9EBFC changes to CANDIDATE, lastRpcTime:5149, electionTimeout:5149ms
2019-08-20 14:08:54,945 [Thread-276] INFO  impl.RoleInfo (RoleInfo.java:shutdownFollowerState(121)) - b55144da-9cba-4c3d-a1e9-fe24840a2a80: shutdown FollowerState
2019-08-20 14:08:54,946 [Thread-276] INFO  impl.RaftServerImpl (RaftServerImpl.java:setRole(171)) - b55144da-9cba-4c3d-a1e9-fe24840a2a80:group-EB12C0F9EBFC changes role from FOLLOWER to CANDIDATE at term 0 for changeToCandidate
2019-08-20 14:08:54,948 [Thread-276] INFO  impl.RoleInfo (RoleInfo.java:updateAndGet(143)) - b55144da-9cba-4c3d-a1e9-fe24840a2a80: start LeaderElection
2019-08-20 14:08:54,952 [9d755d7f-9bab-4a76-accf-4a220332aad5-SegmentedRaftLogWorker:Storage Directory /workdir/hadoop-ozone/integration-test/target/test-dir/MiniOzoneClusterImpl-bff17f4a-0019-4841-b5a2-5fb699c84b2c/datanode-1/data/ratis/8e0e30f6-fa64-4682-9222-c703afd10c70] INFO  segmented.SegmentedRaftLogWorker (SegmentedRaftLogWorker.java:execute(569)) - 9d755d7f-9bab-4a76-accf-4a220332aad5-SegmentedRaftLogWorker:Storage Directory /workdir/hadoop-ozone/integration-test/target/test-dir/MiniOzoneClusterImpl-bff17f4a-0019-4841-b5a2-5fb699c84b2c/datanode-1/data/ratis/8e0e30f6-fa64-4682-9222-c703afd10c70: created new log segment /workdir/hadoop-ozone/integration-test/target/test-dir/MiniOzoneClusterImpl-bff17f4a-0019-4841-b5a2-5fb699c84b2c/datanode-1/data/ratis/8e0e30f6-fa64-4682-9222-c703afd10c70/current/log_inprogress_0
2019-08-20 14:08:54,956 [87798376-b645-4034-b944-652a976dcc5e:group-8E2C9D6670E9:LeaderElection7] INFO  impl.LeaderElection (LeaderElection.java:logAndReturn(56)) - 87798376-b645-4034-b944-652a976dcc5e:group-8E2C9D6670E9:LeaderElection7: Election REJECTED; received 2 response(s) [87798376-b645-4034-b944-652a976dcc5e<-e92e791c-0508-419c-91d8-ad543954689b#0:FAIL-t1, 87798376-b645-4034-b944-652a976dcc5e<-b25c2e9d-35ec-472d-960e-341eeb805113#0:FAIL-t1] and 0 exception(s); 87798376-b645-4034-b944-652a976dcc5e:t1, leader=null, voted=87798376-b645-4034-b944-652a976dcc5e, raftlog=87798376-b645-4034-b944-652a976dcc5e-SegmentedRaftLog:OPENED:c-1,f-1,i0, conf=-1: [e92e791c-0508-419c-91d8-ad543954689b:192.168.69.96:46849, 87798376-b645-4034-b944-652a976dcc5e:192.168.69.96:39383, b25c2e9d-35ec-472d-960e-341eeb805113:192.168.69.96:43902], old=null
2019-08-20 14:08:54,961 [87798376-b645-4034-b944-652a976dcc5e:group-8E2C9D6670E9:LeaderElection7] INFO  impl.RaftServerImpl (RaftServerImpl.java:setRole(171)) - 87798376-b645-4034-b944-652a976dcc5e:group-8E2C9D6670E9 changes role from CANDIDATE to FOLLOWER at term 1 for DISCOVERED_A_NEW_TERM
2019-08-20 14:08:54,965 [b55144da-9cba-4c3d-a1e9-fe24840a2a80:group-EB12C0F9EBFC:LeaderElection13] INFO  impl.LeaderElection (LeaderElection.java:askForVotes(181)) - b55144da-9cba-4c3d-a1e9-fe24840a2a80:group-EB12C0F9EBFC:LeaderElection13: begin an election at term 1 for -1: [b178e53d-d2c8-4c73-be8a-80f95d3f059b:192.168.69.96:33366, b55144da-9cba-4c3d-a1e9-fe24840a2a80:192.168.69.96:46175, 9d755d7f-9bab-4a76-accf-4a220332aad5:192.168.69.96:35587], old=null
2019-08-20 14:08:54,968 [87798376-b645-4034-b944-652a976dcc5e:group-8E2C9D6670E9:LeaderElection7] INFO  impl.RoleInfo (RoleInfo.java:shutdownLeaderElection(134)) - 87798376-b645-4034-b944-652a976dcc5e: shutdown LeaderElection
2019-08-20 14:08:54,969 [87798376-b645-4034-b944-652a976dcc5e:group-8E2C9D6670E9:LeaderElection7] INFO  impl.RoleInfo (RoleInfo.java:updateAndGet(143)) - 87798376-b645-4034-b944-652a976dcc5e: start FollowerState
2019-08-20 14:08:54,974 [e92e791c-0508-419c-91d8-ad543954689b:group-8E2C9D6670E9:LeaderElection10] INFO  impl.LeaderElection (LeaderElection.java:logAndReturn(56)) - e92e791c-0508-419c-91d8-ad543954689b:group-8E2C9D6670E9:LeaderElection10: Election REJECTED; received 2 response(s) [e92e791c-0508-419c-91d8-ad543954689b<-87798376-b645-4034-b944-652a976dcc5e#0:FAIL-t1, e92e791c-0508-419c-91d8-ad543954689b<-b25c2e9d-35ec-472d-960e-341eeb805113#0:FAIL-t1] and 0 exception(s); e92e791c-0508-419c-91d8-ad543954689b:t1, leader=null, voted=e92e791c-0508-419c-91d8-ad543954689b, raftlog=e92e791c-0508-419c-91d8-ad543954689b-SegmentedRaftLog:OPENED:c-1,f-1,i0, conf=-1: [e92e791c-0508-419c-91d8-ad543954689b:192.168.69.96:46849, 87798376-b645-4034-b944-652a976dcc5e:192.168.69.96:39383, b25c2e9d-35ec-472d-960e-341eeb805113:192.168.69.96:43902], old=null
2019-08-20 14:08:54,974 [e92e791c-0508-419c-91d8-ad543954689b:group-8E2C9D6670E9:LeaderElection10] INFO  impl.RaftServerImpl (RaftServerImpl.java:setRole(171)) - e92e791c-0508-419c-91d8-ad543954689b:group-8E2C9D6670E9 changes role from CANDIDATE to FOLLOWER at term 1 for DISCOVERED_A_NEW_TERM
2019-08-20 14:08:54,977 [e92e791c-0508-419c-91d8-ad543954689b:group-8E2C9D6670E9:LeaderElection10] INFO  impl.RoleInfo (RoleInfo.java:shutdownLeaderElection(134)) - e92e791c-0508-419c-91d8-ad543954689b: shutdown LeaderElection
2019-08-20 14:08:54,977 [e92e791c-0508-419c-91d8-ad543954689b:group-8E2C9D6670E9:LeaderElection10] INFO  impl.RoleInfo (RoleInfo.java:updateAndGet(143)) - e92e791c-0508-419c-91d8-ad543954689b: start FollowerState
2019-08-20 14:08:54,985 [b25c2e9d-35ec-472d-960e-341eeb805113:group-8E2C9D6670E9:LeaderElection9] INFO  impl.LeaderElection (LeaderElection.java:logAndReturn(56)) - b25c2e9d-35ec-472d-960e-341eeb805113:group-8E2C9D6670E9:LeaderElection9: Election REJECTED; received 2 response(s) [b25c2e9d-35ec-472d-960e-341eeb805113<-e92e791c-0508-419c-91d8-ad543954689b#0:FAIL-t1, b25c2e9d-35ec-472d-960e-341eeb805113<-87798376-b645-4034-b944-652a976dcc5e#0:FAIL-t1] and 0 exception(s); b25c2e9d-35ec-472d-960e-341eeb805113:t1, leader=null, voted=b25c2e9d-35ec-472d-960e-341eeb805113, raftlog=b25c2e9d-35ec-472d-960e-341eeb805113-SegmentedRaftLog:OPENED:c-1,f-1,i0, conf=-1: [e92e791c-0508-419c-91d8-ad543954689b:192.168.69.96:46849, 87798376-b645-4034-b944-652a976dcc5e:192.168.69.96:39383, b25c2e9d-35ec-472d-960e-341eeb805113:192.168.69.96:43902], old=null
2019-08-20 14:08:54,999 [9d755d7f-9bab-4a76-accf-4a220332aad5:group-EB12C0F9EBFC:LeaderElection11] INFO  impl.LeaderElection (LeaderElection.java:logAndReturn(56)) - 9d755d7f-9bab-4a76-accf-4a220332aad5:group-EB12C0F9EBFC:LeaderElection11: Election REJECTED; received 2 response(s) [9d755d7f-9bab-4a76-accf-4a220332aad5<-b178e53d-d2c8-4c73-be8a-80f95d3f059b#0:FAIL-t1, 9d755d7f-9bab-4a76-accf-4a220332aad5<-b55144da-9cba-4c3d-a1e9-fe24840a2a80#0:FAIL-t1] and 0 exception(s); 9d755d7f-9bab-4a76-accf-4a220332aad5:t1, leader=null, voted=9d755d7f-9bab-4a76-accf-4a220332aad5, raftlog=9d755d7f-9bab-4a76-accf-4a220332aad5-SegmentedRaftLog:OPENED:c-1,f-1,i0, conf=-1: [b178e53d-d2c8-4c73-be8a-80f95d3f059b:192.168.69.96:33366, b55144da-9cba-4c3d-a1e9-fe24840a2a80:192.168.69.96:46175, 9d755d7f-9bab-4a76-accf-4a220332aad5:192.168.69.96:35587], old=null
2019-08-20 14:08:55,001 [b25c2e9d-35ec-472d-960e-341eeb805113:group-8E2C9D6670E9:LeaderElection9] INFO  impl.RaftServerImpl (RaftServerImpl.java:setRole(171)) - b25c2e9d-35ec-472d-960e-341eeb805113:group-8E2C9D6670E9 changes role from CANDIDATE to FOLLOWER at term 1 for DISCOVERED_A_NEW_TERM
2019-08-20 14:08:55,004 [9d755d7f-9bab-4a76-accf-4a220332aad5:group-EB12C0F9EBFC:LeaderElection11] INFO  impl.RaftServerImpl (RaftServerImpl.java:setRole(171)) - 9d755d7f-9bab-4a76-accf-4a220332aad5:group-EB12C0F9EBFC changes role from CANDIDATE to FOLLOWER at term 1 for DISCOVERED_A_NEW_TERM
2019-08-20 14:08:55,007 [b25c2e9d-35ec-472d-960e-341eeb805113:group-8E2C9D6670E9:LeaderElection9] INFO  impl.RoleInfo (RoleInfo.java:shutdownLeaderElection(134)) - b25c2e9d-35ec-472d-960e-341eeb805113: shutdown LeaderElection
2019-08-20 14:08:55,008 [9d755d7f-9bab-4a76-accf-4a220332aad5:group-EB12C0F9EBFC:LeaderElection11] INFO  impl.RoleInfo (RoleInfo.java:shutdownLeaderElection(134)) - 9d755d7f-9bab-4a76-accf-4a220332aad5: shutdown LeaderElection
2019-08-20 14:08:55,008 [b25c2e9d-35ec-472d-960e-341eeb805113:group-8E2C9D6670E9:LeaderElection9] INFO  impl.RoleInfo (RoleInfo.java:updateAndGet(143)) - b25c2e9d-35ec-472d-960e-341eeb805113: start FollowerState
2019-08-20 14:08:55,009 [9d755d7f-9bab-4a76-accf-4a220332aad5:group-EB12C0F9EBFC:LeaderElection11] INFO  impl.RoleInfo (RoleInfo.java:updateAndGet(143)) - 9d755d7f-9bab-4a76-accf-4a220332aad5: start FollowerState
2019-08-20 14:08:55,012 [b178e53d-d2c8-4c73-be8a-80f95d3f059b:group-EB12C0F9EBFC:LeaderElection12] INFO  impl.LeaderElection (LeaderElection.java:logAndReturn(56)) - b178e53d-d2c8-4c73-be8a-80f95d3f059b:group-EB12C0F9EBFC:LeaderElection12: Election REJECTED; received 2 response(s) [b178e53d-d2c8-4c73-be8a-80f95d3f059b<-b55144da-9cba-4c3d-a1e9-fe24840a2a80#0:FAIL-t1, b178e53d-d2c8-4c73-be8a-80f95d3f059b<-9d755d7f-9bab-4a76-accf-4a220332aad5#0:FAIL-t1] and 0 exception(s); b178e53d-d2c8-4c73-be8a-80f95d3f059b:t1, leader=null, voted=b178e53d-d2c8-4c73-be8a-80f95d3f059b, raftlog=b178e53d-d2c8-4c73-be8a-80f95d3f059b-SegmentedRaftLog:OPENED:c-1,f-1,i0, conf=-1: [b178e53d-d2c8-4c73-be8a-80f95d3f059b:192.168.69.96:33366, b55144da-9cba-4c3d-a1e9-fe24840a2a80:192.168.69.96:46175, 9d755d7f-9bab-4a76-accf-4a220332aad5:192.168.69.96:35587], old=null
2019-08-20 14:08:55,012 [b178e53d-d2c8-4c73-be8a-80f95d3f059b:group-EB12C0F9EBFC:LeaderElection12] INFO  impl.RaftServerImpl (RaftServerImpl.java:setRole(171)) - b178e53d-d2c8-4c73-be8a-80f95d3f059b:group-EB12C0F9EBFC changes role from CANDIDATE to FOLLOWER at term 1 for DISCOVERED_A_NEW_TERM
2019-08-20 14:08:55,018 [b178e53d-d2c8-4c73-be8a-80f95d3f059b:group-EB12C0F9EBFC:LeaderElection12] INFO  impl.RoleInfo (RoleInfo.java:shutdownLeaderElection(134)) - b178e53d-d2c8-4c73-be8a-80f95d3f059b: shutdown LeaderElection
2019-08-20 14:08:55,018 [b178e53d-d2c8-4c73-be8a-80f95d3f059b:group-EB12C0F9EBFC:LeaderElection12] INFO  impl.RoleInfo (RoleInfo.java:updateAndGet(143)) - b178e53d-d2c8-4c73-be8a-80f95d3f059b: start FollowerState
2019-08-20 14:08:55,018 | INFO  | SCMAudit | user=jenkins1000 | ip=192.168.69.96 | op=SEND_HEARTBEAT {datanodeUUID=87798376-b645-4034-b944-652a976dcc5e, command=[]} | ret=SUCCESS |  
2019-08-20 14:08:55,018 | INFO  | SCMAudit | user=jenkins1000 | ip=192.168.69.96 | op=SEND_HEARTBEAT {datanodeUUID=b178e53d-d2c8-4c73-be8a-80f95d3f059b, command=[]} | ret=SUCCESS |  
2019-08-20 14:08:55,026 [b55144da-9cba-4c3d-a1e9-fe24840a2a80:group-EB12C0F9EBFC:LeaderElection13] INFO  impl.LeaderElection (LeaderElection.java:logAndReturn(56)) - b55144da-9cba-4c3d-a1e9-fe24840a2a80:group-EB12C0F9EBFC:LeaderElection13: Election REJECTED; received 2 response(s) [b55144da-9cba-4c3d-a1e9-fe24840a2a80<-b178e53d-d2c8-4c73-be8a-80f95d3f059b#0:FAIL-t1, b55144da-9cba-4c3d-a1e9-fe24840a2a80<-9d755d7f-9bab-4a76-accf-4a220332aad5#0:FAIL-t1] and 0 exception(s); b55144da-9cba-4c3d-a1e9-fe24840a2a80:t1, leader=null, voted=b55144da-9cba-4c3d-a1e9-fe24840a2a80, raftlog=b55144da-9cba-4c3d-a1e9-fe24840a2a80-SegmentedRaftLog:OPENED:c-1,f-1,i0, conf=-1: [b178e53d-d2c8-4c73-be8a-80f95d3f059b:192.168.69.96:33366, b55144da-9cba-4c3d-a1e9-fe24840a2a80:192.168.69.96:46175, 9d755d7f-9bab-4a76-accf-4a220332aad5:192.168.69.96:35587], old=null
2019-08-20 14:08:55,027 [b55144da-9cba-4c3d-a1e9-fe24840a2a80:group-EB12C0F9EBFC:LeaderElection13] INFO  impl.RaftServerImpl (RaftServerImpl.java:setRole(171)) - b55144da-9cba-4c3d-a1e9-fe24840a2a80:group-EB12C0F9EBFC changes role from CANDIDATE to FOLLOWER at term 1 for DISCOVERED_A_NEW_TERM
2019-08-20 14:08:55,027 [b55144da-9cba-4c3d-a1e9-fe24840a2a80:group-EB12C0F9EBFC:LeaderElection13] INFO  impl.RoleInfo (RoleInfo.java:shutdownLeaderElection(134)) - b55144da-9cba-4c3d-a1e9-fe24840a2a80: shutdown LeaderElection
2019-08-20 14:08:55,027 [b55144da-9cba-4c3d-a1e9-fe24840a2a80:group-EB12C0F9EBFC:LeaderElection13] INFO  impl.RoleInfo (RoleInfo.java:updateAndGet(143)) - b55144da-9cba-4c3d-a1e9-fe24840a2a80: start FollowerState
2019-08-20 14:08:55,213 | INFO  | SCMAudit | user=jenkins1000 | ip=192.168.69.96 | op=SEND_HEARTBEAT {datanodeUUID=f595cb28-7ff0-48d9-878a-05f87961be3a, command=[]} | ret=SUCCESS |  
2019-08-20 14:08:55,267 | INFO  | SCMAudit | user=jenkins1000 | ip=192.168.69.96 | op=SEND_HEARTBEAT {datanodeUUID=9d755d7f-9bab-4a76-accf-4a220332aad5, command=[]} | ret=SUCCESS |  
2019-08-20 14:08:55,359 [grpc-default-executor-5] INFO  client.GrpcClientProtocolClient (GrpcClientProtocolClient.java:onNext(255)) - client-11B67285F035->b25c2e9d-35ec-472d-960e-341eeb805113: receive RaftClientReply:client-11B67285F035->b25c2e9d-35ec-472d-960e-341eeb805113@group-8E2C9D6670E9, cid=13, FAILED org.apache.ratis.protocol.NotLeaderException: Server b25c2e9d-35ec-472d-960e-341eeb805113 is not the leader (null). Request must be sent to leader., logIndex=0, commits[b25c2e9d-35ec-472d-960e-341eeb805113:c-1]
2019-08-20 14:08:55,404 | INFO  | SCMAudit | user=jenkins1000 | ip=192.168.69.96 | op=SEND_HEARTBEAT {datanodeUUID=b55144da-9cba-4c3d-a1e9-fe24840a2a80, command=[]} | ret=SUCCESS |  
2019-08-20 14:08:55,737 | INFO  | SCMAudit | user=jenkins1000 | ip=192.168.69.96 | op=SEND_HEARTBEAT {datanodeUUID=e92e791c-0508-419c-91d8-ad543954689b, command=[]} | ret=SUCCESS |  
2019-08-20 14:08:55,739 | INFO  | SCMAudit | user=jenkins1000 | ip=192.168.69.96 | op=SEND_HEARTBEAT {datanodeUUID=b25c2e9d-35ec-472d-960e-341eeb805113, command=[]} | ret=SUCCESS |  
2019-08-20 14:08:56,012 | INFO  | SCMAudit | user=jenkins1000 | ip=192.168.69.96 | op=SEND_HEARTBEAT {datanodeUUID=87798376-b645-4034-b944-652a976dcc5e, command=[]} | ret=SUCCESS |  
2019-08-20 14:08:56,014 | INFO  | SCMAudit | user=jenkins1000 | ip=192.168.69.96 | op=SEND_HEARTBEAT {datanodeUUID=b178e53d-d2c8-4c73-be8a-80f95d3f059b, command=[]} | ret=SUCCESS |  
2019-08-20 14:08:56,213 | INFO  | SCMAudit | user=jenkins1000 | ip=192.168.69.96 | op=SEND_HEARTBEAT {datanodeUUID=f595cb28-7ff0-48d9-878a-05f87961be3a, command=[]} | ret=SUCCESS |  
2019-08-20 14:08:56,267 | INFO  | SCMAudit | user=jenkins1000 | ip=192.168.69.96 | op=SEND_HEARTBEAT {datanodeUUID=9d755d7f-9bab-4a76-accf-4a220332aad5, command=[]} | ret=SUCCESS |  
2019-08-20 14:08:56,381 [grpc-default-executor-0] INFO  client.GrpcClientProtocolClient (GrpcClientProtocolClient.java:onNext(255)) - client-11B67285F035->e92e791c-0508-419c-91d8-ad543954689b: receive RaftClientReply:client-11B67285F035->e92e791c-0508-419c-91d8-ad543954689b@group-8E2C9D6670E9, cid=13, FAILED org.apache.ratis.protocol.NotLeaderException: Server e92e791c-0508-419c-91d8-ad543954689b is not the leader (null). Request must be sent to leader., logIndex=0, commits[e92e791c-0508-419c-91d8-ad543954689b:c-1]
2019-08-20 14:08:56,403 | INFO  | SCMAudit | user=jenkins1000 | ip=192.168.69.96 | op=SEND_HEARTBEAT {datanodeUUID=b55144da-9cba-4c3d-a1e9-fe24840a2a80, command=[]} | ret=SUCCESS |  
2019-08-20 14:08:56,737 | INFO  | SCMAudit | user=jenkins1000 | ip=192.168.69.96 | op=SEND_HEARTBEAT {datanodeUUID=e92e791c-0508-419c-91d8-ad543954689b, command=[]} | ret=SUCCESS |  
2019-08-20 14:08:56,740 | INFO  | SCMAudit | user=jenkins1000 | ip=192.168.69.96 | op=SEND_HEARTBEAT {datanodeUUID=b25c2e9d-35ec-472d-960e-341eeb805113, command=[]} | ret=SUCCESS |  
2019-08-20 14:08:57,012 | INFO  | SCMAudit | user=jenkins1000 | ip=192.168.69.96 | op=SEND_HEARTBEAT {datanodeUUID=87798376-b645-4034-b944-652a976dcc5e, command=[]} | ret=SUCCESS |  
2019-08-20 14:08:57,014 | INFO  | SCMAudit | user=jenkins1000 | ip=192.168.69.96 | op=SEND_HEARTBEAT {datanodeUUID=b178e53d-d2c8-4c73-be8a-80f95d3f059b, command=[]} | ret=SUCCESS |  
2019-08-20 14:08:57,212 | INFO  | SCMAudit | user=jenkins1000 | ip=192.168.69.96 | op=SEND_HEARTBEAT {datanodeUUID=f595cb28-7ff0-48d9-878a-05f87961be3a, command=[]} | ret=SUCCESS |  
2019-08-20 14:08:57,268 | INFO  | SCMAudit | user=jenkins1000 | ip=192.168.69.96 | op=SEND_HEARTBEAT {datanodeUUID=9d755d7f-9bab-4a76-accf-4a220332aad5, command=[]} | ret=SUCCESS |  
2019-08-20 14:08:57,398 [grpc-default-executor-5] INFO  client.GrpcClientProtocolClient (GrpcClientProtocolClient.java:onNext(255)) - client-11B67285F035->b25c2e9d-35ec-472d-960e-341eeb805113: receive RaftClientReply:client-11B67285F035->b25c2e9d-35ec-472d-960e-341eeb805113@group-8E2C9D6670E9, cid=13, FAILED org.apache.ratis.protocol.NotLeaderException: Server b25c2e9d-35ec-472d-960e-341eeb805113 is not the leader (null). Request must be sent to leader., logIndex=0, commits[b25c2e9d-35ec-472d-960e-341eeb805113:c-1]
2019-08-20 14:08:57,406 | INFO  | SCMAudit | user=jenkins1000 | ip=192.168.69.96 | op=SEND_HEARTBEAT {datanodeUUID=b55144da-9cba-4c3d-a1e9-fe24840a2a80, command=[]} | ret=SUCCESS |  
2019-08-20 14:08:57,736 | INFO  | SCMAudit | user=jenkins1000 | ip=192.168.69.96 | op=SEND_HEARTBEAT {datanodeUUID=e92e791c-0508-419c-91d8-ad543954689b, command=[]} | ret=SUCCESS |  
2019-08-20 14:08:57,739 | INFO  | SCMAudit | user=jenkins1000 | ip=192.168.69.96 | op=SEND_HEARTBEAT {datanodeUUID=b25c2e9d-35ec-472d-960e-341eeb805113, command=[]} | ret=SUCCESS |  
2019-08-20 14:08:58,015 | INFO  | SCMAudit | user=jenkins1000 | ip=192.168.69.96 | op=SEND_HEARTBEAT {datanodeUUID=b178e53d-d2c8-4c73-be8a-80f95d3f059b, command=[]} | ret=SUCCESS |  
2019-08-20 14:08:58,015 | INFO  | SCMAudit | user=jenkins1000 | ip=192.168.69.96 | op=SEND_HEARTBEAT {datanodeUUID=87798376-b645-4034-b944-652a976dcc5e, command=[]} | ret=SUCCESS |  
2019-08-20 14:08:58,213 | INFO  | SCMAudit | user=jenkins1000 | ip=192.168.69.96 | op=SEND_HEARTBEAT {datanodeUUID=f595cb28-7ff0-48d9-878a-05f87961be3a, command=[]} | ret=SUCCESS |  
2019-08-20 14:08:58,269 | INFO  | SCMAudit | user=jenkins1000 | ip=192.168.69.96 | op=SEND_HEARTBEAT {datanodeUUID=9d755d7f-9bab-4a76-accf-4a220332aad5, command=[]} | ret=SUCCESS |  
2019-08-20 14:08:58,403 | INFO  | SCMAudit | user=jenkins1000 | ip=192.168.69.96 | op=SEND_HEARTBEAT {datanodeUUID=b55144da-9cba-4c3d-a1e9-fe24840a2a80, command=[]} | ret=SUCCESS |  
2019-08-20 14:08:58,415 [grpc-default-executor-0] INFO  client.GrpcClientProtocolClient (GrpcClientProtocolClient.java:onNext(255)) - client-11B67285F035->87798376-b645-4034-b944-652a976dcc5e: receive RaftClientReply:client-11B67285F035->87798376-b645-4034-b944-652a976dcc5e@group-8E2C9D6670E9, cid=13, FAILED org.apache.ratis.protocol.NotLeaderException: Server 87798376-b645-4034-b944-652a976dcc5e is not the leader (null). Request must be sent to leader., logIndex=0, commits[87798376-b645-4034-b944-652a976dcc5e:c-1]
2019-08-20 14:08:58,736 | INFO  | SCMAudit | user=jenkins1000 | ip=192.168.69.96 | op=SEND_HEARTBEAT {datanodeUUID=e92e791c-0508-419c-91d8-ad543954689b, command=[]} | ret=SUCCESS |  
2019-08-20 14:08:58,739 | INFO  | SCMAudit | user=jenkins1000 | ip=192.168.69.96 | op=SEND_HEARTBEAT {datanodeUUID=b25c2e9d-35ec-472d-960e-341eeb805113, command=[]} | ret=SUCCESS |  
2019-08-20 14:08:59,015 | INFO  | SCMAudit | user=jenkins1000 | ip=192.168.69.96 | op=SEND_HEARTBEAT {datanodeUUID=87798376-b645-4034-b944-652a976dcc5e, command=[]} | ret=SUCCESS |  
2019-08-20 14:08:59,015 | INFO  | SCMAudit | user=jenkins1000 | ip=192.168.69.96 | op=SEND_HEARTBEAT {datanodeUUID=b178e53d-d2c8-4c73-be8a-80f95d3f059b, command=[]} | ret=SUCCESS |  
2019-08-20 14:08:59,214 | INFO  | SCMAudit | user=jenkins1000 | ip=192.168.69.96 | op=SEND_HEARTBEAT {datanodeUUID=f595cb28-7ff0-48d9-878a-05f87961be3a, command=[]} | ret=SUCCESS |  
2019-08-20 14:08:59,269 | INFO  | SCMAudit | user=jenkins1000 | ip=192.168.69.96 | op=SEND_HEARTBEAT {datanodeUUID=9d755d7f-9bab-4a76-accf-4a220332aad5, command=[]} | ret=SUCCESS |  
2019-08-20 14:08:59,404 | INFO  | SCMAudit | user=jenkins1000 | ip=192.168.69.96 | op=SEND_HEARTBEAT {datanodeUUID=b55144da-9cba-4c3d-a1e9-fe24840a2a80, command=[]} | ret=SUCCESS |  
2019-08-20 14:08:59,431 [grpc-default-executor-5] INFO  client.GrpcClientProtocolClient (GrpcClientProtocolClient.java:onNext(255)) - client-11B67285F035->e92e791c-0508-419c-91d8-ad543954689b: receive RaftClientReply:client-11B67285F035->e92e791c-0508-419c-91d8-ad543954689b@group-8E2C9D6670E9, cid=13, FAILED org.apache.ratis.protocol.NotLeaderException: Server e92e791c-0508-419c-91d8-ad543954689b is not the leader (null). Request must be sent to leader., logIndex=0, commits[e92e791c-0508-419c-91d8-ad543954689b:c-1]
2019-08-20 14:08:59,737 | INFO  | SCMAudit | user=jenkins1000 | ip=192.168.69.96 | op=SEND_HEARTBEAT {datanodeUUID=e92e791c-0508-419c-91d8-ad543954689b, command=[]} | ret=SUCCESS |  
2019-08-20 14:08:59,739 | INFO  | SCMAudit | user=jenkins1000 | ip=192.168.69.96 | op=SEND_HEARTBEAT {datanodeUUID=b25c2e9d-35ec-472d-960e-341eeb805113, command=[]} | ret=SUCCESS |  
2019-08-20 14:09:00,014 | INFO  | SCMAudit | user=jenkins1000 | ip=192.168.69.96 | op=SEND_HEARTBEAT {datanodeUUID=87798376-b645-4034-b944-652a976dcc5e, command=[]} | ret=SUCCESS |  
2019-08-20 14:09:00,014 | INFO  | SCMAudit | user=jenkins1000 | ip=192.168.69.96 | op=SEND_HEARTBEAT {datanodeUUID=b178e53d-d2c8-4c73-be8a-80f95d3f059b, command=[]} | ret=SUCCESS |  
2019-08-20 14:09:00,017 [Thread-327] INFO  impl.FollowerState (FollowerState.java:run(106)) - 87798376-b645-4034-b944-652a976dcc5e:group-8E2C9D6670E9 changes to CANDIDATE, lastRpcTime:5047, electionTimeout:5046ms
2019-08-20 14:09:00,019 [Thread-327] INFO  impl.RoleInfo (RoleInfo.java:shutdownFollowerState(121)) - 87798376-b645-4034-b944-652a976dcc5e: shutdown FollowerState
2019-08-20 14:09:00,019 [Thread-327] INFO  impl.RaftServerImpl (RaftServerImpl.java:setRole(171)) - 87798376-b645-4034-b944-652a976dcc5e:group-8E2C9D6670E9 changes role from FOLLOWER to CANDIDATE at term 1 for changeToCandidate
2019-08-20 14:09:00,019 [Thread-327] INFO  impl.RoleInfo (RoleInfo.java:updateAndGet(143)) - 87798376-b645-4034-b944-652a976dcc5e: start LeaderElection
2019-08-20 14:09:00,037 [Thread-331] INFO  impl.FollowerState (FollowerState.java:run(106)) - 9d755d7f-9bab-4a76-accf-4a220332aad5:group-EB12C0F9EBFC changes to CANDIDATE, lastRpcTime:5027, electionTimeout:5025ms
2019-08-20 14:09:00,040 [Thread-331] INFO  impl.RoleInfo (RoleInfo.java:shutdownFollowerState(121)) - 9d755d7f-9bab-4a76-accf-4a220332aad5: shutdown FollowerState
2019-08-20 14:09:00,040 [Thread-331] INFO  impl.RaftServerImpl (RaftServerImpl.java:setRole(171)) - 9d755d7f-9bab-4a76-accf-4a220332aad5:group-EB12C0F9EBFC changes role from FOLLOWER to CANDIDATE at term 1 for changeToCandidate
2019-08-20 14:09:00,040 [Thread-331] INFO  impl.RoleInfo (RoleInfo.java:updateAndGet(143)) - 9d755d7f-9bab-4a76-accf-4a220332aad5: start LeaderElection
2019-08-20 14:09:00,063 [Thread-333] INFO  impl.FollowerState (FollowerState.java:run(106)) - b55144da-9cba-4c3d-a1e9-fe24840a2a80:group-EB12C0F9EBFC changes to CANDIDATE, lastRpcTime:5035, electionTimeout:5035ms
2019-08-20 14:09:00,063 [Thread-333] INFO  impl.RoleInfo (RoleInfo.java:shutdownFollowerState(121)) - b55144da-9cba-4c3d-a1e9-fe24840a2a80: shutdown FollowerState
2019-08-20 14:09:00,063 [Thread-333] INFO  impl.RaftServerImpl (RaftServerImpl.java:setRole(171)) - b55144da-9cba-4c3d-a1e9-fe24840a2a80:group-EB12C0F9EBFC changes role from FOLLOWER to CANDIDATE at term 1 for changeToCandidate
2019-08-20 14:09:00,063 [Thread-333] INFO  impl.RoleInfo (RoleInfo.java:updateAndGet(143)) - b55144da-9cba-4c3d-a1e9-fe24840a2a80: start LeaderElection
2019-08-20 14:09:00,131 [Thread-332] INFO  impl.FollowerState (FollowerState.java:run(106)) - b178e53d-d2c8-4c73-be8a-80f95d3f059b:group-EB12C0F9EBFC changes to CANDIDATE, lastRpcTime:5113, electionTimeout:5113ms
2019-08-20 14:09:00,131 [Thread-332] INFO  impl.RoleInfo (RoleInfo.java:shutdownFollowerState(121)) - b178e53d-d2c8-4c73-be8a-80f95d3f059b: shutdown FollowerState
2019-08-20 14:09:00,132 [Thread-332] INFO  impl.RaftServerImpl (RaftServerImpl.java:setRole(171)) - b178e53d-d2c8-4c73-be8a-80f95d3f059b:group-EB12C0F9EBFC changes role from FOLLOWER to CANDIDATE at term 1 for changeToCandidate
2019-08-20 14:09:00,132 [Thread-332] INFO  impl.RoleInfo (RoleInfo.java:updateAndGet(143)) - b178e53d-d2c8-4c73-be8a-80f95d3f059b: start LeaderElection
2019-08-20 14:09:00,157 [Thread-329] INFO  impl.FollowerState (FollowerState.java:run(106)) - e92e791c-0508-419c-91d8-ad543954689b:group-8E2C9D6670E9 changes to CANDIDATE, lastRpcTime:5179, electionTimeout:5178ms
2019-08-20 14:09:00,157 [Thread-329] INFO  impl.RoleInfo (RoleInfo.java:shutdownFollowerState(121)) - e92e791c-0508-419c-91d8-ad543954689b: shutdown FollowerState
2019-08-20 14:09:00,158 [Thread-329] INFO  impl.RaftServerImpl (RaftServerImpl.java:setRole(171)) - e92e791c-0508-419c-91d8-ad543954689b:group-8E2C9D6670E9 changes role from FOLLOWER to CANDIDATE at term 1 for changeToCandidate
2019-08-20 14:09:00,158 [Thread-329] INFO  impl.RoleInfo (RoleInfo.java:updateAndGet(143)) - e92e791c-0508-419c-91d8-ad543954689b: start LeaderElection
2019-08-20 14:09:00,200 [Thread-330] INFO  impl.FollowerState (FollowerState.java:run(106)) - b25c2e9d-35ec-472d-960e-341eeb805113:group-8E2C9D6670E9 changes to CANDIDATE, lastRpcTime:5191, electionTimeout:5189ms
2019-08-20 14:09:00,200 [Thread-330] INFO  impl.RoleInfo (RoleInfo.java:shutdownFollowerState(121)) - b25c2e9d-35ec-472d-960e-341eeb805113: shutdown FollowerState
2019-08-20 14:09:00,200 [Thread-330] INFO  impl.RaftServerImpl (RaftServerImpl.java:setRole(171)) - b25c2e9d-35ec-472d-960e-341eeb805113:group-8E2C9D6670E9 changes role from FOLLOWER to CANDIDATE at term 1 for changeToCandidate
2019-08-20 14:09:00,200 [Thread-330] INFO  impl.RoleInfo (RoleInfo.java:updateAndGet(143)) - b25c2e9d-35ec-472d-960e-341eeb805113: start LeaderElection
2019-08-20 14:09:00,215 | INFO  | SCMAudit | user=jenkins1000 | ip=192.168.69.96 | op=SEND_HEARTBEAT {datanodeUUID=f595cb28-7ff0-48d9-878a-05f87961be3a, command=[]} | ret=SUCCESS |  
2019-08-20 14:09:00,269 | INFO  | SCMAudit | user=jenkins1000 | ip=192.168.69.96 | op=SEND_HEARTBEAT {datanodeUUID=9d755d7f-9bab-4a76-accf-4a220332aad5, command=[]} | ret=SUCCESS |  
2019-08-20 14:09:00,403 | INFO  | SCMAudit | user=jenkins1000 | ip=192.168.69.96 | op=SEND_HEARTBEAT {datanodeUUID=b55144da-9cba-4c3d-a1e9-fe24840a2a80, command=[]} | ret=SUCCESS |  
2019-08-20 14:09:00,449 [grpc-default-executor-0] INFO  client.GrpcClientProtocolClient (GrpcClientProtocolClient.java:onNext(255)) - client-11B67285F035->b25c2e9d-35ec-472d-960e-341eeb805113: receive RaftClientReply:client-11B67285F035->b25c2e9d-35ec-472d-960e-341eeb805113@group-8E2C9D6670E9, cid=13, FAILED org.apache.ratis.protocol.NotLeaderException: Server b25c2e9d-35ec-472d-960e-341eeb805113 is not the leader (null). Request must be sent to leader., logIndex=0, commits[b25c2e9d-35ec-472d-960e-341eeb805113:c-1]
2019-08-20 14:09:00,665 [87798376-b645-4034-b944-652a976dcc5e:group-8E2C9D6670E9:LeaderElection14] INFO  impl.LeaderElection (LeaderElection.java:askForVotes(181)) - 87798376-b645-4034-b944-652a976dcc5e:group-8E2C9D6670E9:LeaderElection14: begin an election at term 2 for -1: [e92e791c-0508-419c-91d8-ad543954689b:192.168.69.96:46849, 87798376-b645-4034-b944-652a976dcc5e:192.168.69.96:39383, b25c2e9d-35ec-472d-960e-341eeb805113:192.168.69.96:43902], old=null
2019-08-20 14:09:00,665 [e92e791c-0508-419c-91d8-ad543954689b:group-8E2C9D6670E9:LeaderElection18] INFO  impl.LeaderElection (LeaderElection.java:askForVotes(181)) - e92e791c-0508-419c-91d8-ad543954689b:group-8E2C9D6670E9:LeaderElection18: begin an election at term 2 for -1: [e92e791c-0508-419c-91d8-ad543954689b:192.168.69.96:46849, 87798376-b645-4034-b944-652a976dcc5e:192.168.69.96:39383, b25c2e9d-35ec-472d-960e-341eeb805113:192.168.69.96:43902], old=null
2019-08-20 14:09:00,667 [b25c2e9d-35ec-472d-960e-341eeb805113:group-8E2C9D6670E9:LeaderElection19] INFO  impl.LeaderElection (LeaderElection.java:askForVotes(181)) - b25c2e9d-35ec-472d-960e-341eeb805113:group-8E2C9D6670E9:LeaderElection19: begin an election at term 2 for -1: [e92e791c-0508-419c-91d8-ad543954689b:192.168.69.96:46849, 87798376-b645-4034-b944-652a976dcc5e:192.168.69.96:39383, b25c2e9d-35ec-472d-960e-341eeb805113:192.168.69.96:43902], old=null
2019-08-20 14:09:00,665 [b55144da-9cba-4c3d-a1e9-fe24840a2a80:group-EB12C0F9EBFC:LeaderElection16] INFO  impl.LeaderElection (LeaderElection.java:askForVotes(181)) - b55144da-9cba-4c3d-a1e9-fe24840a2a80:group-EB12C0F9EBFC:LeaderElection16: begin an election at term 2 for -1: [b178e53d-d2c8-4c73-be8a-80f95d3f059b:192.168.69.96:33366, b55144da-9cba-4c3d-a1e9-fe24840a2a80:192.168.69.96:46175, 9d755d7f-9bab-4a76-accf-4a220332aad5:192.168.69.96:35587], old=null
2019-08-20 14:09:00,665 [b178e53d-d2c8-4c73-be8a-80f95d3f059b:group-EB12C0F9EBFC:LeaderElection17] INFO  impl.LeaderElection (LeaderElection.java:askForVotes(181)) - b178e53d-d2c8-4c73-be8a-80f95d3f059b:group-EB12C0F9EBFC:LeaderElection17: begin an election at term 2 for -1: [b178e53d-d2c8-4c73-be8a-80f95d3f059b:192.168.69.96:33366, b55144da-9cba-4c3d-a1e9-fe24840a2a80:192.168.69.96:46175, 9d755d7f-9bab-4a76-accf-4a220332aad5:192.168.69.96:35587], old=null
2019-08-20 14:09:00,665 [9d755d7f-9bab-4a76-accf-4a220332aad5:group-EB12C0F9EBFC:LeaderElection15] INFO  impl.LeaderElection (LeaderElection.java:askForVotes(181)) - 9d755d7f-9bab-4a76-accf-4a220332aad5:group-EB12C0F9EBFC:LeaderElection15: begin an election at term 2 for -1: [b178e53d-d2c8-4c73-be8a-80f95d3f059b:192.168.69.96:33366, b55144da-9cba-4c3d-a1e9-fe24840a2a80:192.168.69.96:46175, 9d755d7f-9bab-4a76-accf-4a220332aad5:192.168.69.96:35587], old=null
2019-08-20 14:09:00,691 [b178e53d-d2c8-4c73-be8a-80f95d3f059b:group-EB12C0F9EBFC:LeaderElection17] INFO  impl.LeaderElection (LeaderElection.java:logAndReturn(56)) - b178e53d-d2c8-4c73-be8a-80f95d3f059b:group-EB12C0F9EBFC:LeaderElection17: Election REJECTED; received 2 response(s) [b178e53d-d2c8-4c73-be8a-80f95d3f059b<-b55144da-9cba-4c3d-a1e9-fe24840a2a80#0:FAIL-t2, b178e53d-d2c8-4c73-be8a-80f95d3f059b<-9d755d7f-9bab-4a76-accf-4a220332aad5#0:FAIL-t2] and 0 exception(s); b178e53d-d2c8-4c73-be8a-80f95d3f059b:t2, leader=null, voted=b178e53d-d2c8-4c73-be8a-80f95d3f059b, raftlog=b178e53d-d2c8-4c73-be8a-80f95d3f059b-SegmentedRaftLog:OPENED:c-1,f-1,i0, conf=-1: [b178e53d-d2c8-4c73-be8a-80f95d3f059b:192.168.69.96:33366, b55144da-9cba-4c3d-a1e9-fe24840a2a80:192.168.69.96:46175, 9d755d7f-9bab-4a76-accf-4a220332aad5:192.168.69.96:35587], old=null
2019-08-20 14:09:00,691 [87798376-b645-4034-b944-652a976dcc5e:group-8E2C9D6670E9:LeaderElection14] INFO  impl.LeaderElection (LeaderElection.java:logAndReturn(56)) - 87798376-b645-4034-b944-652a976dcc5e:group-8E2C9D6670E9:LeaderElection14: Election REJECTED; received 2 response(s) [87798376-b645-4034-b944-652a976dcc5e<-e92e791c-0508-419c-91d8-ad543954689b#0:FAIL-t2, 87798376-b645-4034-b944-652a976dcc5e<-b25c2e9d-35ec-472d-960e-341eeb805113#0:FAIL-t2] and 0 exception(s); 87798376-b645-4034-b944-652a976dcc5e:t2, leader=null, voted=87798376-b645-4034-b944-652a976dcc5e, raftlog=87798376-b645-4034-b944-652a976dcc5e-SegmentedRaftLog:OPENED:c-1,f-1,i0, conf=-1: [e92e791c-0508-419c-91d8-ad543954689b:192.168.69.96:46849, 87798376-b645-4034-b944-652a976dcc5e:192.168.69.96:39383, b25c2e9d-35ec-472d-960e-341eeb805113:192.168.69.96:43902], old=null
2019-08-20 14:09:00,694 [b25c2e9d-35ec-472d-960e-341eeb805113:group-8E2C9D6670E9:LeaderElection19] INFO  impl.LeaderElection (LeaderElection.java:logAndReturn(56)) - b25c2e9d-35ec-472d-960e-341eeb805113:group-8E2C9D6670E9:LeaderElection19: Election REJECTED; received 2 response(s) [b25c2e9d-35ec-472d-960e-341eeb805113<-e92e791c-0508-419c-91d8-ad543954689b#0:FAIL-t2, b25c2e9d-35ec-472d-960e-341eeb805113<-87798376-b645-4034-b944-652a976dcc5e#0:FAIL-t2] and 0 exception(s); b25c2e9d-35ec-472d-960e-341eeb805113:t2, leader=null, voted=b25c2e9d-35ec-472d-960e-341eeb805113, raftlog=b25c2e9d-35ec-472d-960e-341eeb805113-SegmentedRaftLog:OPENED:c-1,f-1,i0, conf=-1: [e92e791c-0508-419c-91d8-ad543954689b:192.168.69.96:46849, 87798376-b645-4034-b944-652a976dcc5e:192.168.69.96:39383, b25c2e9d-35ec-472d-960e-341eeb805113:192.168.69.96:43902], old=null
2019-08-20 14:09:00,691 [b178e53d-d2c8-4c73-be8a-80f95d3f059b:group-EB12C0F9EBFC:LeaderElection17] INFO  impl.RaftServerImpl (RaftServerImpl.java:setRole(171)) - b178e53d-d2c8-4c73-be8a-80f95d3f059b:group-EB12C0F9EBFC changes role from CANDIDATE to FOLLOWER at term 2 for DISCOVERED_A_NEW_TERM
2019-08-20 14:09:00,700 [87798376-b645-4034-b944-652a976dcc5e:group-8E2C9D6670E9:LeaderElection14] INFO  impl.RaftServerImpl (RaftServerImpl.java:setRole(171)) - 87798376-b645-4034-b944-652a976dcc5e:group-8E2C9D6670E9 changes role from CANDIDATE to FOLLOWER at term 2 for DISCOVERED_A_NEW_TERM
2019-08-20 14:09:00,702 [b178e53d-d2c8-4c73-be8a-80f95d3f059b:group-EB12C0F9EBFC:LeaderElection17] INFO  impl.RoleInfo (RoleInfo.java:shutdownLeaderElection(134)) - b178e53d-d2c8-4c73-be8a-80f95d3f059b: shutdown LeaderElection
2019-08-20 14:09:00,702 [b25c2e9d-35ec-472d-960e-341eeb805113:group-8E2C9D6670E9:LeaderElection19] INFO  impl.RaftServerImpl (RaftServerImpl.java:setRole(171)) - b25c2e9d-35ec-472d-960e-341eeb805113:group-8E2C9D6670E9 changes role from CANDIDATE to FOLLOWER at term 2 for DISCOVERED_A_NEW_TERM
2019-08-20 14:09:00,704 [b178e53d-d2c8-4c73-be8a-80f95d3f059b:group-EB12C0F9EBFC:LeaderElection17] INFO  impl.RoleInfo (RoleInfo.java:updateAndGet(143)) - b178e53d-d2c8-4c73-be8a-80f95d3f059b: start FollowerState
2019-08-20 14:09:00,704 [87798376-b645-4034-b944-652a976dcc5e:group-8E2C9D6670E9:LeaderElection14] INFO  impl.RoleInfo (RoleInfo.java:shutdownLeaderElection(134)) - 87798376-b645-4034-b944-652a976dcc5e: shutdown LeaderElection
2019-08-20 14:09:00,704 [e92e791c-0508-419c-91d8-ad543954689b:group-8E2C9D6670E9:LeaderElection18] INFO  impl.LeaderElection (LeaderElection.java:logAndReturn(56)) - e92e791c-0508-419c-91d8-ad543954689b:group-8E2C9D6670E9:LeaderElection18: Election REJECTED; received 2 response(s) [e92e791c-0508-419c-91d8-ad543954689b<-87798376-b645-4034-b944-652a976dcc5e#0:FAIL-t2, e92e791c-0508-419c-91d8-ad543954689b<-b25c2e9d-35ec-472d-960e-341eeb805113#0:FAIL-t2] and 0 exception(s); e92e791c-0508-419c-91d8-ad543954689b:t2, leader=null, voted=e92e791c-0508-419c-91d8-ad543954689b, raftlog=e92e791c-0508-419c-91d8-ad543954689b-SegmentedRaftLog:OPENED:c-1,f-1,i0, conf=-1: [e92e791c-0508-419c-91d8-ad543954689b:192.168.69.96:46849, 87798376-b645-4034-b944-652a976dcc5e:192.168.69.96:39383, b25c2e9d-35ec-472d-960e-341eeb805113:192.168.69.96:43902], old=null
2019-08-20 14:09:00,704 [b25c2e9d-35ec-472d-960e-341eeb805113:group-8E2C9D6670E9:LeaderElection19] INFO  impl.RoleInfo (RoleInfo.java:shutdownLeaderElection(134)) - b25c2e9d-35ec-472d-960e-341eeb805113: shutdown LeaderElection
2019-08-20 14:09:00,706 [e92e791c-0508-419c-91d8-ad543954689b:group-8E2C9D6670E9:LeaderElection18] INFO  impl.RaftServerImpl (RaftServerImpl.java:setRole(171)) - e92e791c-0508-419c-91d8-ad543954689b:group-8E2C9D6670E9 changes role from CANDIDATE to FOLLOWER at term 2 for DISCOVERED_A_NEW_TERM
2019-08-20 14:09:00,706 [87798376-b645-4034-b944-652a976dcc5e:group-8E2C9D6670E9:LeaderElection14] INFO  impl.RoleInfo (RoleInfo.java:updateAndGet(143)) - 87798376-b645-4034-b944-652a976dcc5e: start FollowerState
2019-08-20 14:09:00,709 [e92e791c-0508-419c-91d8-ad543954689b:group-8E2C9D6670E9:LeaderElection18] INFO  impl.RoleInfo (RoleInfo.java:shutdownLeaderElection(134)) - e92e791c-0508-419c-91d8-ad543954689b: shutdown LeaderElection
2019-08-20 14:09:00,708 [b25c2e9d-35ec-472d-960e-341eeb805113:group-8E2C9D6670E9:LeaderElection19] INFO  impl.RoleInfo (RoleInfo.java:updateAndGet(143)) - b25c2e9d-35ec-472d-960e-341eeb805113: start FollowerState
2019-08-20 14:09:00,710 [e92e791c-0508-419c-91d8-ad543954689b:group-8E2C9D6670E9:LeaderElection18] INFO  impl.RoleInfo (RoleInfo.java:updateAndGet(143)) - e92e791c-0508-419c-91d8-ad543954689b: start FollowerState
2019-08-20 14:09:00,709 [9d755d7f-9bab-4a76-accf-4a220332aad5:group-EB12C0F9EBFC:LeaderElection15] INFO  impl.LeaderElection (LeaderElection.java:logAndReturn(56)) - 9d755d7f-9bab-4a76-accf-4a220332aad5:group-EB12C0F9EBFC:LeaderElection15: Election REJECTED; received 2 response(s) [9d755d7f-9bab-4a76-accf-4a220332aad5<-b178e53d-d2c8-4c73-be8a-80f95d3f059b#0:FAIL-t2, 9d755d7f-9bab-4a76-accf-4a220332aad5<-b55144da-9cba-4c3d-a1e9-fe24840a2a80#0:FAIL-t2] and 0 exception(s); 9d755d7f-9bab-4a76-accf-4a220332aad5:t2, leader=null, voted=9d755d7f-9bab-4a76-accf-4a220332aad5, raftlog=9d755d7f-9bab-4a76-accf-4a220332aad5-SegmentedRaftLog:OPENED:c-1,f-1,i0, conf=-1: [b178e53d-d2c8-4c73-be8a-80f95d3f059b:192.168.69.96:33366, b55144da-9cba-4c3d-a1e9-fe24840a2a80:192.168.69.96:46175, 9d755d7f-9bab-4a76-accf-4a220332aad5:192.168.69.96:35587], old=null
2019-08-20 14:09:00,709 [b55144da-9cba-4c3d-a1e9-fe24840a2a80:group-EB12C0F9EBFC:LeaderElection16] INFO  impl.LeaderElection (LeaderElection.java:logAndReturn(56)) - b55144da-9cba-4c3d-a1e9-fe24840a2a80:group-EB12C0F9EBFC:LeaderElection16: Election REJECTED; received 2 response(s) [b55144da-9cba-4c3d-a1e9-fe24840a2a80<-b178e53d-d2c8-4c73-be8a-80f95d3f059b#0:FAIL-t2, b55144da-9cba-4c3d-a1e9-fe24840a2a80<-9d755d7f-9bab-4a76-accf-4a220332aad5#0:FAIL-t2] and 0 exception(s); b55144da-9cba-4c3d-a1e9-fe24840a2a80:t2, leader=null, voted=b55144da-9cba-4c3d-a1e9-fe24840a2a80, raftlog=b55144da-9cba-4c3d-a1e9-fe24840a2a80-SegmentedRaftLog:OPENED:c-1,f-1,i0, conf=-1: [b178e53d-d2c8-4c73-be8a-80f95d3f059b:192.168.69.96:33366, b55144da-9cba-4c3d-a1e9-fe24840a2a80:192.168.69.96:46175, 9d755d7f-9bab-4a76-accf-4a220332aad5:192.168.69.96:35587], old=null
2019-08-20 14:09:00,713 [9d755d7f-9bab-4a76-accf-4a220332aad5:group-EB12C0F9EBFC:LeaderElection15] INFO  impl.RaftServerImpl (RaftServerImpl.java:setRole(171)) - 9d755d7f-9bab-4a76-accf-4a220332aad5:group-EB12C0F9EBFC changes role from CANDIDATE to FOLLOWER at term 2 for DISCOVERED_A_NEW_TERM
2019-08-20 14:09:00,714 [b55144da-9cba-4c3d-a1e9-fe24840a2a80:group-EB12C0F9EBFC:LeaderElection16] INFO  impl.RaftServerImpl (RaftServerImpl.java:setRole(171)) - b55144da-9cba-4c3d-a1e9-fe24840a2a80:group-EB12C0F9EBFC changes role from CANDIDATE to FOLLOWER at term 2 for DISCOVERED_A_NEW_TERM
2019-08-20 14:09:00,714 [9d755d7f-9bab-4a76-accf-4a220332aad5:group-EB12C0F9EBFC:LeaderElection15] INFO  impl.RoleInfo (RoleInfo.java:shutdownLeaderElection(134)) - 9d755d7f-9bab-4a76-accf-4a220332aad5: shutdown LeaderElection
2019-08-20 14:09:00,717 [b55144da-9cba-4c3d-a1e9-fe24840a2a80:group-EB12C0F9EBFC:LeaderElection16] INFO  impl.RoleInfo (RoleInfo.java:shutdownLeaderElection(134)) - b55144da-9cba-4c3d-a1e9-fe24840a2a80: shutdown LeaderElection
2019-08-20 14:09:00,717 [9d755d7f-9bab-4a76-accf-4a220332aad5:group-EB12C0F9EBFC:LeaderElection15] INFO  impl.RoleInfo (RoleInfo.java:updateAndGet(143)) - 9d755d7f-9bab-4a76-accf-4a220332aad5: start FollowerState
2019-08-20 14:09:00,717 [b55144da-9cba-4c3d-a1e9-fe24840a2a80:group-EB12C0F9EBFC:LeaderElection16] INFO  impl.RoleInfo (RoleInfo.java:updateAndGet(143)) - b55144da-9cba-4c3d-a1e9-fe24840a2a80: start FollowerState
2019-08-20 14:09:00,737 | INFO  | SCMAudit | user=jenkins1000 | ip=192.168.69.96 | op=SEND_HEARTBEAT {datanodeUUID=e92e791c-0508-419c-91d8-ad543954689b, command=[]} | ret=SUCCESS |  
2019-08-20 14:09:00,739 | INFO  | SCMAudit | user=jenkins1000 | ip=192.168.69.96 | op=SEND_HEARTBEAT {datanodeUUID=b25c2e9d-35ec-472d-960e-341eeb805113, command=[]} | ret=SUCCESS |  
2019-08-20 14:09:01,014 | INFO  | SCMAudit | user=jenkins1000 | ip=192.168.69.96 | op=SEND_HEARTBEAT {datanodeUUID=b178e53d-d2c8-4c73-be8a-80f95d3f059b, command=[]} | ret=SUCCESS |  
2019-08-20 14:09:01,014 | INFO  | SCMAudit | user=jenkins1000 | ip=192.168.69.96 | op=SEND_HEARTBEAT {datanodeUUID=87798376-b645-4034-b944-652a976dcc5e, command=[]} | ret=SUCCESS |  
2019-08-20 14:09:01,216 | INFO  | SCMAudit | user=jenkins1000 | ip=192.168.69.96 | op=SEND_HEARTBEAT {datanodeUUID=f595cb28-7ff0-48d9-878a-05f87961be3a, command=[]} | ret=SUCCESS |  
2019-08-20 14:09:01,268 | INFO  | SCMAudit | user=jenkins1000 | ip=192.168.69.96 | op=SEND_HEARTBEAT {datanodeUUID=9d755d7f-9bab-4a76-accf-4a220332aad5, command=[]} | ret=SUCCESS |  
2019-08-20 14:09:01,403 | INFO  | SCMAudit | user=jenkins1000 | ip=192.168.69.96 | op=SEND_HEARTBEAT {datanodeUUID=b55144da-9cba-4c3d-a1e9-fe24840a2a80, command=[]} | ret=SUCCESS |  
2019-08-20 14:09:01,469 [grpc-default-executor-4] INFO  client.GrpcClientProtocolClient (GrpcClientProtocolClient.java:onNext(255)) - client-11B67285F035->87798376-b645-4034-b944-652a976dcc5e: receive RaftClientReply:client-11B67285F035->87798376-b645-4034-b944-652a976dcc5e@group-8E2C9D6670E9, cid=13, FAILED org.apache.ratis.protocol.NotLeaderException: Server 87798376-b645-4034-b944-652a976dcc5e is not the leader (null). Request must be sent to leader., logIndex=0, commits[87798376-b645-4034-b944-652a976dcc5e:c-1]
2019-08-20 14:09:01,737 | INFO  | SCMAudit | user=jenkins1000 | ip=192.168.69.96 | op=SEND_HEARTBEAT {datanodeUUID=e92e791c-0508-419c-91d8-ad543954689b, command=[]} | ret=SUCCESS |  
2019-08-20 14:09:01,740 | INFO  | SCMAudit | user=jenkins1000 | ip=192.168.69.96 | op=SEND_HEARTBEAT {datanodeUUID=b25c2e9d-35ec-472d-960e-341eeb805113, command=[]} | ret=SUCCESS |  
2019-08-20 14:09:02,015 | INFO  | SCMAudit | user=jenkins1000 | ip=192.168.69.96 | op=SEND_HEARTBEAT {datanodeUUID=b178e53d-d2c8-4c73-be8a-80f95d3f059b, command=[]} | ret=SUCCESS |  
2019-08-20 14:09:02,015 | INFO  | SCMAudit | user=jenkins1000 | ip=192.168.69.96 | op=SEND_HEARTBEAT {datanodeUUID=87798376-b645-4034-b944-652a976dcc5e, command=[]} | ret=SUCCESS |  
2019-08-20 14:09:02,216 | INFO  | SCMAudit | user=jenkins1000 | ip=192.168.69.96 | op=SEND_HEARTBEAT {datanodeUUID=f595cb28-7ff0-48d9-878a-05f87961be3a, command=[]} | ret=SUCCESS |  
2019-08-20 14:09:02,268 | INFO  | SCMAudit | user=jenkins1000 | ip=192.168.69.96 | op=SEND_HEARTBEAT {datanodeUUID=9d755d7f-9bab-4a76-accf-4a220332aad5, command=[]} | ret=SUCCESS |  
2019-08-20 14:09:02,404 | INFO  | SCMAudit | user=jenkins1000 | ip=192.168.69.96 | op=SEND_HEARTBEAT {datanodeUUID=b55144da-9cba-4c3d-a1e9-fe24840a2a80, command=[]} | ret=SUCCESS |  
2019-08-20 14:09:02,486 [grpc-default-executor-4] INFO  client.GrpcClientProtocolClient (GrpcClientProtocolClient.java:onNext(255)) - client-11B67285F035->b25c2e9d-35ec-472d-960e-341eeb805113: receive RaftClientReply:client-11B67285F035->b25c2e9d-35ec-472d-960e-341eeb805113@group-8E2C9D6670E9, cid=13, FAILED org.apache.ratis.protocol.NotLeaderException: Server b25c2e9d-35ec-472d-960e-341eeb805113 is not the leader (null). Request must be sent to leader., logIndex=0, commits[b25c2e9d-35ec-472d-960e-341eeb805113:c-1]
2019-08-20 14:09:02,737 | INFO  | SCMAudit | user=jenkins1000 | ip=192.168.69.96 | op=SEND_HEARTBEAT {datanodeUUID=e92e791c-0508-419c-91d8-ad543954689b, command=[]} | ret=SUCCESS |  
2019-08-20 14:09:02,740 | INFO  | SCMAudit | user=jenkins1000 | ip=192.168.69.96 | op=SEND_HEARTBEAT {datanodeUUID=b25c2e9d-35ec-472d-960e-341eeb805113, command=[]} | ret=SUCCESS |  
2019-08-20 14:09:03,016 | INFO  | SCMAudit | user=jenkins1000 | ip=192.168.69.96 | op=SEND_HEARTBEAT {datanodeUUID=87798376-b645-4034-b944-652a976dcc5e, command=[]} | ret=SUCCESS |  
2019-08-20 14:09:03,016 | INFO  | SCMAudit | user=jenkins1000 | ip=192.168.69.96 | op=SEND_HEARTBEAT {datanodeUUID=b178e53d-d2c8-4c73-be8a-80f95d3f059b, command=[]} | ret=SUCCESS |  
2019-08-20 14:09:03,215 | INFO  | SCMAudit | user=jenkins1000 | ip=192.168.69.96 | op=SEND_HEARTBEAT {datanodeUUID=f595cb28-7ff0-48d9-878a-05f87961be3a, command=[]} | ret=SUCCESS |  
2019-08-20 14:09:03,268 | INFO  | SCMAudit | user=jenkins1000 | ip=192.168.69.96 | op=SEND_HEARTBEAT {datanodeUUID=9d755d7f-9bab-4a76-accf-4a220332aad5, command=[]} | ret=SUCCESS |  
2019-08-20 14:09:03,404 | INFO  | SCMAudit | user=jenkins1000 | ip=192.168.69.96 | op=SEND_HEARTBEAT {datanodeUUID=b55144da-9cba-4c3d-a1e9-fe24840a2a80, command=[]} | ret=SUCCESS |  
2019-08-20 14:09:03,504 [grpc-default-executor-4] INFO  client.GrpcClientProtocolClient (GrpcClientProtocolClient.java:onNext(255)) - client-11B67285F035->87798376-b645-4034-b944-652a976dcc5e: receive RaftClientReply:client-11B67285F035->87798376-b645-4034-b944-652a976dcc5e@group-8E2C9D6670E9, cid=13, FAILED org.apache.ratis.protocol.NotLeaderException: Server 87798376-b645-4034-b944-652a976dcc5e is not the leader (null). Request must be sent to leader., logIndex=0, commits[87798376-b645-4034-b944-652a976dcc5e:c-1]
2019-08-20 14:09:03,737 | INFO  | SCMAudit | user=jenkins1000 | ip=192.168.69.96 | op=SEND_HEARTBEAT {datanodeUUID=e92e791c-0508-419c-91d8-ad543954689b, command=[]} | ret=SUCCESS |  
2019-08-20 14:09:03,740 | INFO  | SCMAudit | user=jenkins1000 | ip=192.168.69.96 | op=SEND_HEARTBEAT {datanodeUUID=b25c2e9d-35ec-472d-960e-341eeb805113, command=[]} | ret=SUCCESS |  
2019-08-20 14:09:04,015 | INFO  | SCMAudit | user=jenkins1000 | ip=192.168.69.96 | op=SEND_HEARTBEAT {datanodeUUID=87798376-b645-4034-b944-652a976dcc5e, command=[]} | ret=SUCCESS |  
2019-08-20 14:09:04,015 | INFO  | SCMAudit | user=jenkins1000 | ip=192.168.69.96 | op=SEND_HEARTBEAT {datanodeUUID=b178e53d-d2c8-4c73-be8a-80f95d3f059b, command=[]} | ret=SUCCESS |  
2019-08-20 14:09:04,216 | INFO  | SCMAudit | user=jenkins1000 | ip=192.168.69.96 | op=SEND_HEARTBEAT {datanodeUUID=f595cb28-7ff0-48d9-878a-05f87961be3a, command=[]} | ret=SUCCESS |  
2019-08-20 14:09:04,269 | INFO  | SCMAudit | user=jenkins1000 | ip=192.168.69.96 | op=SEND_HEARTBEAT {datanodeUUID=9d755d7f-9bab-4a76-accf-4a220332aad5, command=[]} | ret=SUCCESS |  
2019-08-20 14:09:04,405 | INFO  | SCMAudit | user=jenkins1000 | ip=192.168.69.96 | op=SEND_HEARTBEAT {datanodeUUID=b55144da-9cba-4c3d-a1e9-fe24840a2a80, command=[]} | ret=SUCCESS |  
2019-08-20 14:09:04,532 [grpc-default-executor-0] INFO  client.GrpcClientProtocolClient (GrpcClientProtocolClient.java:onNext(255)) - client-11B67285F035->b25c2e9d-35ec-472d-960e-341eeb805113: receive RaftClientReply:client-11B67285F035->b25c2e9d-35ec-472d-960e-341eeb805113@group-8E2C9D6670E9, cid=13, FAILED org.apache.ratis.protocol.NotLeaderException: Server b25c2e9d-35ec-472d-960e-341eeb805113 is not the leader (null). Request must be sent to leader., logIndex=0, commits[b25c2e9d-35ec-472d-960e-341eeb805113:c-1]
2019-08-20 14:09:04,737 | INFO  | SCMAudit | user=jenkins1000 | ip=192.168.69.96 | op=SEND_HEARTBEAT {datanodeUUID=e92e791c-0508-419c-91d8-ad543954689b, command=[]} | ret=SUCCESS |  
2019-08-20 14:09:04,741 | INFO  | SCMAudit | user=jenkins1000 | ip=192.168.69.96 | op=SEND_HEARTBEAT {datanodeUUID=b25c2e9d-35ec-472d-960e-341eeb805113, command=[]} | ret=SUCCESS |  
2019-08-20 14:09:05,015 | INFO  | SCMAudit | user=jenkins1000 | ip=192.168.69.96 | op=SEND_HEARTBEAT {datanodeUUID=87798376-b645-4034-b944-652a976dcc5e, command=[]} | ret=SUCCESS |  
2019-08-20 14:09:05,015 | INFO  | SCMAudit | user=jenkins1000 | ip=192.168.69.96 | op=SEND_HEARTBEAT {datanodeUUID=b178e53d-d2c8-4c73-be8a-80f95d3f059b, command=[]} | ret=SUCCESS |  
2019-08-20 14:09:05,216 | INFO  | SCMAudit | user=jenkins1000 | ip=192.168.69.96 | op=SEND_HEARTBEAT {datanodeUUID=f595cb28-7ff0-48d9-878a-05f87961be3a, command=[]} | ret=SUCCESS |  
2019-08-20 14:09:05,269 | INFO  | SCMAudit | user=jenkins1000 | ip=192.168.69.96 | op=SEND_HEARTBEAT {datanodeUUID=9d755d7f-9bab-4a76-accf-4a220332aad5, command=[]} | ret=SUCCESS |  
2019-08-20 14:09:05,405 | INFO  | SCMAudit | user=jenkins1000 | ip=192.168.69.96 | op=SEND_HEARTBEAT {datanodeUUID=b55144da-9cba-4c3d-a1e9-fe24840a2a80, command=[]} | ret=SUCCESS |  
2019-08-20 14:09:05,545 [grpc-default-executor-0] INFO  client.GrpcClientProtocolClient (GrpcClientProtocolClient.java:onNext(255)) - client-11B67285F035->e92e791c-0508-419c-91d8-ad543954689b: receive RaftClientReply:client-11B67285F035->e92e791c-0508-419c-91d8-ad543954689b@group-8E2C9D6670E9, cid=13, FAILED org.apache.ratis.protocol.NotLeaderException: Server e92e791c-0508-419c-91d8-ad543954689b is not the leader (null). Request must be sent to leader., logIndex=0, commits[e92e791c-0508-419c-91d8-ad543954689b:c-1]
2019-08-20 14:09:05,726 [Thread-373] INFO  impl.FollowerState (FollowerState.java:run(106)) - e92e791c-0508-419c-91d8-ad543954689b:group-8E2C9D6670E9 changes to CANDIDATE, lastRpcTime:5016, electionTimeout:5012ms
2019-08-20 14:09:05,726 [Thread-373] INFO  impl.RoleInfo (RoleInfo.java:shutdownFollowerState(121)) - e92e791c-0508-419c-91d8-ad543954689b: shutdown FollowerState
2019-08-20 14:09:05,727 [Thread-373] INFO  impl.RaftServerImpl (RaftServerImpl.java:setRole(171)) - e92e791c-0508-419c-91d8-ad543954689b:group-8E2C9D6670E9 changes role from FOLLOWER to CANDIDATE at term 2 for changeToCandidate
2019-08-20 14:09:05,727 [Thread-373] INFO  impl.RoleInfo (RoleInfo.java:updateAndGet(143)) - e92e791c-0508-419c-91d8-ad543954689b: start LeaderElection
2019-08-20 14:09:05,736 | INFO  | SCMAudit | user=jenkins1000 | ip=192.168.69.96 | op=SEND_HEARTBEAT {datanodeUUID=e92e791c-0508-419c-91d8-ad543954689b, command=[]} | ret=SUCCESS |  
2019-08-20 14:09:05,742 | INFO  | SCMAudit | user=jenkins1000 | ip=192.168.69.96 | op=SEND_HEARTBEAT {datanodeUUID=b25c2e9d-35ec-472d-960e-341eeb805113, command=[]} | ret=SUCCESS |  
2019-08-20 14:09:05,755 [Thread-375] INFO  impl.FollowerState (FollowerState.java:run(106)) - b55144da-9cba-4c3d-a1e9-fe24840a2a80:group-EB12C0F9EBFC changes to CANDIDATE, lastRpcTime:5037, electionTimeout:5035ms
2019-08-20 14:09:05,755 [Thread-375] INFO  impl.RoleInfo (RoleInfo.java:shutdownFollowerState(121)) - b55144da-9cba-4c3d-a1e9-fe24840a2a80: shutdown FollowerState
2019-08-20 14:09:05,755 [Thread-375] INFO  impl.RaftServerImpl (RaftServerImpl.java:setRole(171)) - b55144da-9cba-4c3d-a1e9-fe24840a2a80:group-EB12C0F9EBFC changes role from FOLLOWER to CANDIDATE at term 2 for changeToCandidate
2019-08-20 14:09:05,755 [Thread-375] INFO  impl.RoleInfo (RoleInfo.java:updateAndGet(143)) - b55144da-9cba-4c3d-a1e9-fe24840a2a80: start LeaderElection
2019-08-20 14:09:05,774 [Thread-370] INFO  impl.FollowerState (FollowerState.java:run(106)) - b178e53d-d2c8-4c73-be8a-80f95d3f059b:group-EB12C0F9EBFC changes to CANDIDATE, lastRpcTime:5069, electionTimeout:5068ms
2019-08-20 14:09:05,774 [Thread-370] INFO  impl.RoleInfo (RoleInfo.java:shutdownFollowerState(121)) - b178e53d-d2c8-4c73-be8a-80f95d3f059b: shutdown FollowerState
2019-08-20 14:09:05,774 [Thread-370] INFO  impl.RaftServerImpl (RaftServerImpl.java:setRole(171)) - b178e53d-d2c8-4c73-be8a-80f95d3f059b:group-EB12C0F9EBFC changes role from FOLLOWER to CANDIDATE at term 2 for changeToCandidate
2019-08-20 14:09:05,775 [Thread-370] INFO  impl.RoleInfo (RoleInfo.java:updateAndGet(143)) - b178e53d-d2c8-4c73-be8a-80f95d3f059b: start LeaderElection
2019-08-20 14:09:05,827 [Thread-371] INFO  impl.FollowerState (FollowerState.java:run(106)) - 87798376-b645-4034-b944-652a976dcc5e:group-8E2C9D6670E9 changes to CANDIDATE, lastRpcTime:5121, electionTimeout:5117ms
2019-08-20 14:09:05,827 [Thread-371] INFO  impl.RoleInfo (RoleInfo.java:shutdownFollowerState(121)) - 87798376-b645-4034-b944-652a976dcc5e: shutdown FollowerState
2019-08-20 14:09:05,828 [Thread-371] INFO  impl.RaftServerImpl (RaftServerImpl.java:setRole(171)) - 87798376-b645-4034-b944-652a976dcc5e:group-8E2C9D6670E9 changes role from FOLLOWER to CANDIDATE at term 2 for changeToCandidate
2019-08-20 14:09:05,828 [Thread-371] INFO  impl.RoleInfo (RoleInfo.java:updateAndGet(143)) - 87798376-b645-4034-b944-652a976dcc5e: start LeaderElection
2019-08-20 14:09:05,839 [Thread-374] INFO  impl.FollowerState (FollowerState.java:run(106)) - 9d755d7f-9bab-4a76-accf-4a220332aad5:group-EB12C0F9EBFC changes to CANDIDATE, lastRpcTime:5121, electionTimeout:5119ms
2019-08-20 14:09:05,839 [Thread-374] INFO  impl.RoleInfo (RoleInfo.java:shutdownFollowerState(121)) - 9d755d7f-9bab-4a76-accf-4a220332aad5: shutdown FollowerState
2019-08-20 14:09:05,839 [Thread-374] INFO  impl.RaftServerImpl (RaftServerImpl.java:setRole(171)) - 9d755d7f-9bab-4a76-accf-4a220332aad5:group-EB12C0F9EBFC changes role from FOLLOWER to CANDIDATE at term 2 for changeToCandidate
2019-08-20 14:09:05,839 [Thread-374] INFO  impl.RoleInfo (RoleInfo.java:updateAndGet(143)) - 9d755d7f-9bab-4a76-accf-4a220332aad5: start LeaderElection
2019-08-20 14:09:05,882 [Thread-372] INFO  impl.FollowerState (FollowerState.java:run(106)) - b25c2e9d-35ec-472d-960e-341eeb805113:group-8E2C9D6670E9 changes to CANDIDATE, lastRpcTime:5173, electionTimeout:5169ms
2019-08-20 14:09:05,882 [Thread-372] INFO  impl.RoleInfo (RoleInfo.java:shutdownFollowerState(121)) - b25c2e9d-35ec-472d-960e-341eeb805113: shutdown FollowerState
2019-08-20 14:09:05,882 [Thread-372] INFO  impl.RaftServerImpl (RaftServerImpl.java:setRole(171)) - b25c2e9d-35ec-472d-960e-341eeb805113:group-8E2C9D6670E9 changes role from FOLLOWER to CANDIDATE at term 2 for changeToCandidate
2019-08-20 14:09:05,882 [Thread-372] INFO  impl.RoleInfo (RoleInfo.java:updateAndGet(143)) - b25c2e9d-35ec-472d-960e-341eeb805113: start LeaderElection
2019-08-20 14:09:06,016 | INFO  | SCMAudit | user=jenkins1000 | ip=192.168.69.96 | op=SEND_HEARTBEAT {datanodeUUID=87798376-b645-4034-b944-652a976dcc5e, command=[]} | ret=SUCCESS |  
2019-08-20 14:09:06,016 | INFO  | SCMAudit | user=jenkins1000 | ip=192.168.69.96 | op=SEND_HEARTBEAT {datanodeUUID=b178e53d-d2c8-4c73-be8a-80f95d3f059b, command=[]} | ret=SUCCESS |  
2019-08-20 14:09:06,186 [b55144da-9cba-4c3d-a1e9-fe24840a2a80:group-EB12C0F9EBFC:LeaderElection21] INFO  impl.LeaderElection (LeaderElection.java:askForVotes(181)) - b55144da-9cba-4c3d-a1e9-fe24840a2a80:group-EB12C0F9EBFC:LeaderElection21: begin an election at term 3 for -1: [b178e53d-d2c8-4c73-be8a-80f95d3f059b:192.168.69.96:33366, b55144da-9cba-4c3d-a1e9-fe24840a2a80:192.168.69.96:46175, 9d755d7f-9bab-4a76-accf-4a220332aad5:192.168.69.96:35587], old=null
2019-08-20 14:09:06,186 [b25c2e9d-35ec-472d-960e-341eeb805113:group-8E2C9D6670E9:LeaderElection25] INFO  impl.LeaderElection (LeaderElection.java:askForVotes(181)) - b25c2e9d-35ec-472d-960e-341eeb805113:group-8E2C9D6670E9:LeaderElection25: begin an election at term 3 for -1: [e92e791c-0508-419c-91d8-ad543954689b:192.168.69.96:46849, 87798376-b645-4034-b944-652a976dcc5e:192.168.69.96:39383, b25c2e9d-35ec-472d-960e-341eeb805113:192.168.69.96:43902], old=null
2019-08-20 14:09:06,186 [87798376-b645-4034-b944-652a976dcc5e:group-8E2C9D6670E9:LeaderElection23] INFO  impl.LeaderElection (LeaderElection.java:askForVotes(181)) - 87798376-b645-4034-b944-652a976dcc5e:group-8E2C9D6670E9:LeaderElection23: begin an election at term 3 for -1: [e92e791c-0508-419c-91d8-ad543954689b:192.168.69.96:46849, 87798376-b645-4034-b944-652a976dcc5e:192.168.69.96:39383, b25c2e9d-35ec-472d-960e-341eeb805113:192.168.69.96:43902], old=null
2019-08-20 14:09:06,186 [e92e791c-0508-419c-91d8-ad543954689b:group-8E2C9D6670E9:LeaderElection20] INFO  impl.LeaderElection (LeaderElection.java:askForVotes(181)) - e92e791c-0508-419c-91d8-ad543954689b:group-8E2C9D6670E9:LeaderElection20: begin an election at term 3 for -1: [e92e791c-0508-419c-91d8-ad543954689b:192.168.69.96:46849, 87798376-b645-4034-b944-652a976dcc5e:192.168.69.96:39383, b25c2e9d-35ec-472d-960e-341eeb805113:192.168.69.96:43902], old=null
2019-08-20 14:09:06,186 [b178e53d-d2c8-4c73-be8a-80f95d3f059b:group-EB12C0F9EBFC:LeaderElection22] INFO  impl.LeaderElection (LeaderElection.java:askForVotes(181)) - b178e53d-d2c8-4c73-be8a-80f95d3f059b:group-EB12C0F9EBFC:LeaderElection22: begin an election at term 3 for -1: [b178e53d-d2c8-4c73-be8a-80f95d3f059b:192.168.69.96:33366, b55144da-9cba-4c3d-a1e9-fe24840a2a80:192.168.69.96:46175, 9d755d7f-9bab-4a76-accf-4a220332aad5:192.168.69.96:35587], old=null
2019-08-20 14:09:06,186 [9d755d7f-9bab-4a76-accf-4a220332aad5:group-EB12C0F9EBFC:LeaderElection24] INFO  impl.LeaderElection (LeaderElection.java:askForVotes(181)) - 9d755d7f-9bab-4a76-accf-4a220332aad5:group-EB12C0F9EBFC:LeaderElection24: begin an election at term 3 for -1: [b178e53d-d2c8-4c73-be8a-80f95d3f059b:192.168.69.96:33366, b55144da-9cba-4c3d-a1e9-fe24840a2a80:192.168.69.96:46175, 9d755d7f-9bab-4a76-accf-4a220332aad5:192.168.69.96:35587], old=null
2019-08-20 14:09:06,195 [b55144da-9cba-4c3d-a1e9-fe24840a2a80:group-EB12C0F9EBFC:LeaderElection21] INFO  impl.LeaderElection (LeaderElection.java:logAndReturn(56)) - b55144da-9cba-4c3d-a1e9-fe24840a2a80:group-EB12C0F9EBFC:LeaderElection21: Election REJECTED; received 2 response(s) [b55144da-9cba-4c3d-a1e9-fe24840a2a80<-b178e53d-d2c8-4c73-be8a-80f95d3f059b#0:FAIL-t3, b55144da-9cba-4c3d-a1e9-fe24840a2a80<-9d755d7f-9bab-4a76-accf-4a220332aad5#0:FAIL-t3] and 0 exception(s); b55144da-9cba-4c3d-a1e9-fe24840a2a80:t3, leader=null, voted=b55144da-9cba-4c3d-a1e9-fe24840a2a80, raftlog=b55144da-9cba-4c3d-a1e9-fe24840a2a80-SegmentedRaftLog:OPENED:c-1,f-1,i0, conf=-1: [b178e53d-d2c8-4c73-be8a-80f95d3f059b:192.168.69.96:33366, b55144da-9cba-4c3d-a1e9-fe24840a2a80:192.168.69.96:46175, 9d755d7f-9bab-4a76-accf-4a220332aad5:192.168.69.96:35587], old=null
2019-08-20 14:09:06,195 [b55144da-9cba-4c3d-a1e9-fe24840a2a80:group-EB12C0F9EBFC:LeaderElection21] INFO  impl.RaftServerImpl (RaftServerImpl.java:setRole(171)) - b55144da-9cba-4c3d-a1e9-fe24840a2a80:group-EB12C0F9EBFC changes role from CANDIDATE to FOLLOWER at term 3 for DISCOVERED_A_NEW_TERM
2019-08-20 14:09:06,203 [b55144da-9cba-4c3d-a1e9-fe24840a2a80:group-EB12C0F9EBFC:LeaderElection21] INFO  impl.RoleInfo (RoleInfo.java:shutdownLeaderElection(134)) - b55144da-9cba-4c3d-a1e9-fe24840a2a80: shutdown LeaderElection
2019-08-20 14:09:06,203 [b55144da-9cba-4c3d-a1e9-fe24840a2a80:group-EB12C0F9EBFC:LeaderElection21] INFO  impl.RoleInfo (RoleInfo.java:updateAndGet(143)) - b55144da-9cba-4c3d-a1e9-fe24840a2a80: start FollowerState
2019-08-20 14:09:06,204 [9d755d7f-9bab-4a76-accf-4a220332aad5:group-EB12C0F9EBFC:LeaderElection24] INFO  impl.LeaderElection (LeaderElection.java:logAndReturn(56)) - 9d755d7f-9bab-4a76-accf-4a220332aad5:group-EB12C0F9EBFC:LeaderElection24: Election REJECTED; received 2 response(s) [9d755d7f-9bab-4a76-accf-4a220332aad5<-b178e53d-d2c8-4c73-be8a-80f95d3f059b#0:FAIL-t3, 9d755d7f-9bab-4a76-accf-4a220332aad5<-b55144da-9cba-4c3d-a1e9-fe24840a2a80#0:FAIL-t3] and 0 exception(s); 9d755d7f-9bab-4a76-accf-4a220332aad5:t3, leader=null, voted=9d755d7f-9bab-4a76-accf-4a220332aad5, raftlog=9d755d7f-9bab-4a76-accf-4a220332aad5-SegmentedRaftLog:OPENED:c-1,f-1,i0, conf=-1: [b178e53d-d2c8-4c73-be8a-80f95d3f059b:192.168.69.96:33366, b55144da-9cba-4c3d-a1e9-fe24840a2a80:192.168.69.96:46175, 9d755d7f-9bab-4a76-accf-4a220332aad5:192.168.69.96:35587], old=null
2019-08-20 14:09:06,204 [87798376-b645-4034-b944-652a976dcc5e:group-8E2C9D6670E9:LeaderElection23] INFO  impl.LeaderElection (LeaderElection.java:logAndReturn(56)) - 87798376-b645-4034-b944-652a976dcc5e:group-8E2C9D6670E9:LeaderElection23: Election REJECTED; received 2 response(s) [87798376-b645-4034-b944-652a976dcc5e<-e92e791c-0508-419c-91d8-ad543954689b#0:FAIL-t3, 87798376-b645-4034-b944-652a976dcc5e<-b25c2e9d-35ec-472d-960e-341eeb805113#0:FAIL-t3] and 0 exception(s); 87798376-b645-4034-b944-652a976dcc5e:t3, leader=null, voted=87798376-b645-4034-b944-652a976dcc5e, raftlog=87798376-b645-4034-b944-652a976dcc5e-SegmentedRaftLog:OPENED:c-1,f-1,i0, conf=-1: [e92e791c-0508-419c-91d8-ad543954689b:192.168.69.96:46849, 87798376-b645-4034-b944-652a976dcc5e:192.168.69.96:39383, b25c2e9d-35ec-472d-960e-341eeb805113:192.168.69.96:43902], old=null
2019-08-20 14:09:06,204 [9d755d7f-9bab-4a76-accf-4a220332aad5:group-EB12C0F9EBFC:LeaderElection24] INFO  impl.RaftServerImpl (RaftServerImpl.java:setRole(171)) - 9d755d7f-9bab-4a76-accf-4a220332aad5:group-EB12C0F9EBFC changes role from CANDIDATE to FOLLOWER at term 3 for DISCOVERED_A_NEW_TERM
2019-08-20 14:09:06,204 [87798376-b645-4034-b944-652a976dcc5e:group-8E2C9D6670E9:LeaderElection23] INFO  impl.RaftServerImpl (RaftServerImpl.java:setRole(171)) - 87798376-b645-4034-b944-652a976dcc5e:group-8E2C9D6670E9 changes role from CANDIDATE to FOLLOWER at term 3 for DISCOVERED_A_NEW_TERM
2019-08-20 14:09:06,204 [9d755d7f-9bab-4a76-accf-4a220332aad5:group-EB12C0F9EBFC:LeaderElection24] INFO  impl.RoleInfo (RoleInfo.java:shutdownLeaderElection(134)) - 9d755d7f-9bab-4a76-accf-4a220332aad5: shutdown LeaderElection
2019-08-20 14:09:06,205 [87798376-b645-4034-b944-652a976dcc5e:group-8E2C9D6670E9:LeaderElection23] INFO  impl.RoleInfo (RoleInfo.java:shutdownLeaderElection(134)) - 87798376-b645-4034-b944-652a976dcc5e: shutdown LeaderElection
2019-08-20 14:09:06,205 [e92e791c-0508-419c-91d8-ad543954689b:group-8E2C9D6670E9:LeaderElection20] INFO  impl.LeaderElection (LeaderElection.java:logAndReturn(56)) - e92e791c-0508-419c-91d8-ad543954689b:group-8E2C9D6670E9:LeaderElection20: Election REJECTED; received 2 response(s) [e92e791c-0508-419c-91d8-ad543954689b<-87798376-b645-4034-b944-652a976dcc5e#0:FAIL-t3, e92e791c-0508-419c-91d8-ad543954689b<-b25c2e9d-35ec-472d-960e-341eeb805113#0:FAIL-t3] and 0 exception(s); e92e791c-0508-419c-91d8-ad543954689b:t3, leader=null, voted=e92e791c-0508-419c-91d8-ad543954689b, raftlog=e92e791c-0508-419c-91d8-ad543954689b-SegmentedRaftLog:OPENED:c-1,f-1,i0, conf=-1: [e92e791c-0508-419c-91d8-ad543954689b:192.168.69.96:46849, 87798376-b645-4034-b944-652a976dcc5e:192.168.69.96:39383, b25c2e9d-35ec-472d-960e-341eeb805113:192.168.69.96:43902], old=null
2019-08-20 14:09:06,205 [87798376-b645-4034-b944-652a976dcc5e:group-8E2C9D6670E9:LeaderElection23] INFO  impl.RoleInfo (RoleInfo.java:updateAndGet(143)) - 87798376-b645-4034-b944-652a976dcc5e: start FollowerState
2019-08-20 14:09:06,205 [9d755d7f-9bab-4a76-accf-4a220332aad5:group-EB12C0F9EBFC:LeaderElection24] INFO  impl.RoleInfo (RoleInfo.java:updateAndGet(143)) - 9d755d7f-9bab-4a76-accf-4a220332aad5: start FollowerState
2019-08-20 14:09:06,205 [e92e791c-0508-419c-91d8-ad543954689b:group-8E2C9D6670E9:LeaderElection20] INFO  impl.RaftServerImpl (RaftServerImpl.java:setRole(171)) - e92e791c-0508-419c-91d8-ad543954689b:group-8E2C9D6670E9 changes role from CANDIDATE to FOLLOWER at term 3 for DISCOVERED_A_NEW_TERM
2019-08-20 14:09:06,205 [e92e791c-0508-419c-91d8-ad543954689b:group-8E2C9D6670E9:LeaderElection20] INFO  impl.RoleInfo (RoleInfo.java:shutdownLeaderElection(134)) - e92e791c-0508-419c-91d8-ad543954689b: shutdown LeaderElection
2019-08-20 14:09:06,205 [e92e791c-0508-419c-91d8-ad543954689b:group-8E2C9D6670E9:LeaderElection20] INFO  impl.RoleInfo (RoleInfo.java:updateAndGet(143)) - e92e791c-0508-419c-91d8-ad543954689b: start FollowerState
2019-08-20 14:09:06,205 [b25c2e9d-35ec-472d-960e-341eeb805113:group-8E2C9D6670E9:LeaderElection25] INFO  impl.LeaderElection (LeaderElection.java:logAndReturn(56)) - b25c2e9d-35ec-472d-960e-341eeb805113:group-8E2C9D6670E9:LeaderElection25: Election REJECTED; received 2 response(s) [b25c2e9d-35ec-472d-960e-341eeb805113<-e92e791c-0508-419c-91d8-ad543954689b#0:FAIL-t3, b25c2e9d-35ec-472d-960e-341eeb805113<-87798376-b645-4034-b944-652a976dcc5e#0:FAIL-t3] and 0 exception(s); b25c2e9d-35ec-472d-960e-341eeb805113:t3, leader=null, voted=b25c2e9d-35ec-472d-960e-341eeb805113, raftlog=b25c2e9d-35ec-472d-960e-341eeb805113-SegmentedRaftLog:OPENED:c-1,f-1,i0, conf=-1: [e92e791c-0508-419c-91d8-ad543954689b:192.168.69.96:46849, 87798376-b645-4034-b944-652a976dcc5e:192.168.69.96:39383, b25c2e9d-35ec-472d-960e-341eeb805113:192.168.69.96:43902], old=null
2019-08-20 14:09:06,206 [b25c2e9d-35ec-472d-960e-341eeb805113:group-8E2C9D6670E9:LeaderElection25] INFO  impl.RaftServerImpl (RaftServerImpl.java:setRole(171)) - b25c2e9d-35ec-472d-960e-341eeb805113:group-8E2C9D6670E9 changes role from CANDIDATE to FOLLOWER at term 3 for DISCOVERED_A_NEW_TERM
2019-08-20 14:09:06,206 [b25c2e9d-35ec-472d-960e-341eeb805113:group-8E2C9D6670E9:LeaderElection25] INFO  impl.RoleInfo (RoleInfo.java:shutdownLeaderElection(134)) - b25c2e9d-35ec-472d-960e-341eeb805113: shutdown LeaderElection
2019-08-20 14:09:06,206 [b25c2e9d-35ec-472d-960e-341eeb805113:group-8E2C9D6670E9:LeaderElection25] INFO  impl.RoleInfo (RoleInfo.java:updateAndGet(143)) - b25c2e9d-35ec-472d-960e-341eeb805113: start FollowerState
2019-08-20 14:09:06,206 [b178e53d-d2c8-4c73-be8a-80f95d3f059b:group-EB12C0F9EBFC:LeaderElection22] INFO  impl.LeaderElection (LeaderElection.java:logAndReturn(56)) - b178e53d-d2c8-4c73-be8a-80f95d3f059b:group-EB12C0F9EBFC:LeaderElection22: Election REJECTED; received 2 response(s) [b178e53d-d2c8-4c73-be8a-80f95d3f059b<-b55144da-9cba-4c3d-a1e9-fe24840a2a80#0:FAIL-t3, b178e53d-d2c8-4c73-be8a-80f95d3f059b<-9d755d7f-9bab-4a76-accf-4a220332aad5#0:FAIL-t3] and 0 exception(s); b178e53d-d2c8-4c73-be8a-80f95d3f059b:t3, leader=null, voted=b178e53d-d2c8-4c73-be8a-80f95d3f059b, raftlog=b178e53d-d2c8-4c73-be8a-80f95d3f059b-SegmentedRaftLog:OPENED:c-1,f-1,i0, conf=-1: [b178e53d-d2c8-4c73-be8a-80f95d3f059b:192.168.69.96:33366, b55144da-9cba-4c3d-a1e9-fe24840a2a80:192.168.69.96:46175, 9d755d7f-9bab-4a76-accf-4a220332aad5:192.168.69.96:35587], old=null
2019-08-20 14:09:06,206 [b178e53d-d2c8-4c73-be8a-80f95d3f059b:group-EB12C0F9EBFC:LeaderElection22] INFO  impl.RaftServerImpl (RaftServerImpl.java:setRole(171)) - b178e53d-d2c8-4c73-be8a-80f95d3f059b:group-EB12C0F9EBFC changes role from CANDIDATE to FOLLOWER at term 3 for DISCOVERED_A_NEW_TERM
2019-08-20 14:09:06,206 [b178e53d-d2c8-4c73-be8a-80f95d3f059b:group-EB12C0F9EBFC:LeaderElection22] INFO  impl.RoleInfo (RoleInfo.java:shutdownLeaderElection(134)) - b178e53d-d2c8-4c73-be8a-80f95d3f059b: shutdown LeaderElection
2019-08-20 14:09:06,206 [b178e53d-d2c8-4c73-be8a-80f95d3f059b:group-EB12C0F9EBFC:LeaderElection22] INFO  impl.RoleInfo (RoleInfo.java:updateAndGet(143)) - b178e53d-d2c8-4c73-be8a-80f95d3f059b: start FollowerState
2019-08-20 14:09:06,217 | INFO  | SCMAudit | user=jenkins1000 | ip=192.168.69.96 | op=SEND_HEARTBEAT {datanodeUUID=f595cb28-7ff0-48d9-878a-05f87961be3a, command=[]} | ret=SUCCESS |  
2019-08-20 14:09:06,270 | INFO  | SCMAudit | user=jenkins1000 | ip=192.168.69.96 | op=SEND_HEARTBEAT {datanodeUUID=9d755d7f-9bab-4a76-accf-4a220332aad5, command=[]} | ret=SUCCESS |  
2019-08-20 14:09:06,405 | INFO  | SCMAudit | user=jenkins1000 | ip=192.168.69.96 | op=SEND_HEARTBEAT {datanodeUUID=b55144da-9cba-4c3d-a1e9-fe24840a2a80, command=[]} | ret=SUCCESS |  
2019-08-20 14:09:06,559 [grpc-default-executor-1] INFO  client.GrpcClientProtocolClient (GrpcClientProtocolClient.java:onNext(255)) - client-11B67285F035->b25c2e9d-35ec-472d-960e-341eeb805113: receive RaftClientReply:client-11B67285F035->b25c2e9d-35ec-472d-960e-341eeb805113@group-8E2C9D6670E9, cid=13, FAILED org.apache.ratis.protocol.NotLeaderException: Server b25c2e9d-35ec-472d-960e-341eeb805113 is not the leader (null). Request must be sent to leader., logIndex=0, commits[b25c2e9d-35ec-472d-960e-341eeb805113:c-1]
2019-08-20 14:09:06,736 | INFO  | SCMAudit | user=jenkins1000 | ip=192.168.69.96 | op=SEND_HEARTBEAT {datanodeUUID=e92e791c-0508-419c-91d8-ad543954689b, command=[]} | ret=SUCCESS |  
2019-08-20 14:09:06,741 | INFO  | SCMAudit | user=jenkins1000 | ip=192.168.69.96 | op=SEND_HEARTBEAT {datanodeUUID=b25c2e9d-35ec-472d-960e-341eeb805113, command=[]} | ret=SUCCESS |  
2019-08-20 14:09:07,016 | INFO  | SCMAudit | user=jenkins1000 | ip=192.168.69.96 | op=SEND_HEARTBEAT {datanodeUUID=b178e53d-d2c8-4c73-be8a-80f95d3f059b, command=[]} | ret=SUCCESS |  
2019-08-20 14:09:07,016 | INFO  | SCMAudit | user=jenkins1000 | ip=192.168.69.96 | op=SEND_HEARTBEAT {datanodeUUID=87798376-b645-4034-b944-652a976dcc5e, command=[]} | ret=SUCCESS |  
2019-08-20 14:09:07,217 | INFO  | SCMAudit | user=jenkins1000 | ip=192.168.69.96 | op=SEND_HEARTBEAT {datanodeUUID=f595cb28-7ff0-48d9-878a-05f87961be3a, command=[]} | ret=SUCCESS |  
2019-08-20 14:09:07,270 | INFO  | SCMAudit | user=jenkins1000 | ip=192.168.69.96 | op=SEND_HEARTBEAT {datanodeUUID=9d755d7f-9bab-4a76-accf-4a220332aad5, command=[]} | ret=SUCCESS |  
2019-08-20 14:09:07,405 | INFO  | SCMAudit | user=jenkins1000 | ip=192.168.69.96 | op=SEND_HEARTBEAT {datanodeUUID=b55144da-9cba-4c3d-a1e9-fe24840a2a80, command=[]} | ret=SUCCESS |  
2019-08-20 14:09:07,576 [grpc-default-executor-1] INFO  client.GrpcClientProtocolClient (GrpcClientProtocolClient.java:onNext(255)) - client-11B67285F035->87798376-b645-4034-b944-652a976dcc5e: receive RaftClientReply:client-11B67285F035->87798376-b645-4034-b944-652a976dcc5e@group-8E2C9D6670E9, cid=13, FAILED org.apache.ratis.protocol.NotLeaderException: Server 87798376-b645-4034-b944-652a976dcc5e is not the leader (null). Request must be sent to leader., logIndex=0, commits[87798376-b645-4034-b944-652a976dcc5e:c-1]
2019-08-20 14:09:07,737 | INFO  | SCMAudit | user=jenkins1000 | ip=192.168.69.96 | op=SEND_HEARTBEAT {datanodeUUID=e92e791c-0508-419c-91d8-ad543954689b, command=[]} | ret=SUCCESS |  
2019-08-20 14:09:07,742 | INFO  | SCMAudit | user=jenkins1000 | ip=192.168.69.96 | op=SEND_HEARTBEAT {datanodeUUID=b25c2e9d-35ec-472d-960e-341eeb805113, command=[]} | ret=SUCCESS |  
2019-08-20 14:09:08,016 | INFO  | SCMAudit | user=jenkins1000 | ip=192.168.69.96 | op=SEND_HEARTBEAT {datanodeUUID=b178e53d-d2c8-4c73-be8a-80f95d3f059b, command=[]} | ret=SUCCESS |  
2019-08-20 14:09:08,016 | INFO  | SCMAudit | user=jenkins1000 | ip=192.168.69.96 | op=SEND_HEARTBEAT {datanodeUUID=87798376-b645-4034-b944-652a976dcc5e, command=[]} | ret=SUCCESS |  
2019-08-20 14:09:08,216 | INFO  | SCMAudit | user=jenkins1000 | ip=192.168.69.96 | op=SEND_HEARTBEAT {datanodeUUID=f595cb28-7ff0-48d9-878a-05f87961be3a, command=[]} | ret=SUCCESS |  
2019-08-20 14:09:08,269 | INFO  | SCMAudit | user=jenkins1000 | ip=192.168.69.96 | op=SEND_HEARTBEAT {datanodeUUID=9d755d7f-9bab-4a76-accf-4a220332aad5, command=[]} | ret=SUCCESS |  
2019-08-20 14:09:08,404 | INFO  | SCMAudit | user=jenkins1000 | ip=192.168.69.96 | op=SEND_HEARTBEAT {datanodeUUID=b55144da-9cba-4c3d-a1e9-fe24840a2a80, command=[]} | ret=SUCCESS |  
2019-08-20 14:09:08,592 [grpc-default-executor-5] INFO  client.GrpcClientProtocolClient (GrpcClientProtocolClient.java:onNext(255)) - client-11B67285F035->e92e791c-0508-419c-91d8-ad543954689b: receive RaftClientReply:client-11B67285F035->e92e791c-0508-419c-91d8-ad543954689b@group-8E2C9D6670E9, cid=13, FAILED org.apache.ratis.protocol.NotLeaderException: Server e92e791c-0508-419c-91d8-ad543954689b is not the leader (null). Request must be sent to leader., logIndex=0, commits[e92e791c-0508-419c-91d8-ad543954689b:c-1]
2019-08-20 14:09:08,736 | INFO  | SCMAudit | user=jenkins1000 | ip=192.168.69.96 | op=SEND_HEARTBEAT {datanodeUUID=e92e791c-0508-419c-91d8-ad543954689b, command=[]} | ret=SUCCESS |  
2019-08-20 14:09:08,741 | INFO  | SCMAudit | user=jenkins1000 | ip=192.168.69.96 | op=SEND_HEARTBEAT {datanodeUUID=b25c2e9d-35ec-472d-960e-341eeb805113, command=[]} | ret=SUCCESS |  
2019-08-20 14:09:09,016 | INFO  | SCMAudit | user=jenkins1000 | ip=192.168.69.96 | op=SEND_HEARTBEAT {datanodeUUID=87798376-b645-4034-b944-652a976dcc5e, command=[]} | ret=SUCCESS |  
2019-08-20 14:09:09,016 | INFO  | SCMAudit | user=jenkins1000 | ip=192.168.69.96 | op=SEND_HEARTBEAT {datanodeUUID=b178e53d-d2c8-4c73-be8a-80f95d3f059b, command=[]} | ret=SUCCESS |  
2019-08-20 14:09:09,216 | INFO  | SCMAudit | user=jenkins1000 | ip=192.168.69.96 | op=SEND_HEARTBEAT {datanodeUUID=f595cb28-7ff0-48d9-878a-05f87961be3a, command=[]} | ret=SUCCESS |  
2019-08-20 14:09:09,270 | INFO  | SCMAudit | user=jenkins1000 | ip=192.168.69.96 | op=SEND_HEARTBEAT {datanodeUUID=9d755d7f-9bab-4a76-accf-4a220332aad5, command=[]} | ret=SUCCESS |  
2019-08-20 14:09:09,404 | INFO  | SCMAudit | user=jenkins1000 | ip=192.168.69.96 | op=SEND_HEARTBEAT {datanodeUUID=b55144da-9cba-4c3d-a1e9-fe24840a2a80, command=[]} | ret=SUCCESS |  
2019-08-20 14:09:09,621 [grpc-default-executor-1] INFO  client.GrpcClientProtocolClient (GrpcClientProtocolClient.java:onNext(255)) - client-11B67285F035->b25c2e9d-35ec-472d-960e-341eeb805113: receive RaftClientReply:client-11B67285F035->b25c2e9d-35ec-472d-960e-341eeb805113@group-8E2C9D6670E9, cid=13, FAILED org.apache.ratis.protocol.NotLeaderException: Server b25c2e9d-35ec-472d-960e-341eeb805113 is not the leader (null). Request must be sent to leader., logIndex=0, commits[b25c2e9d-35ec-472d-960e-341eeb805113:c-1]
]]></system-out>
    <system-err><![CDATA[Aug 20, 2019 2:08:43 PM com.sun.jersey.server.impl.application.WebApplicationImpl _initiate
INFO: Initiating Jersey application, version 'Jersey: 1.19 02/11/2015 03:25 AM'
Aug 20, 2019 2:08:44 PM com.sun.jersey.server.impl.application.WebApplicationImpl _initiate
INFO: Initiating Jersey application, version 'Jersey: 1.19 02/11/2015 03:25 AM'
Aug 20, 2019 2:08:44 PM com.sun.jersey.server.impl.application.WebApplicationImpl _initiate
INFO: Initiating Jersey application, version 'Jersey: 1.19 02/11/2015 03:25 AM'
Aug 20, 2019 2:08:44 PM com.sun.jersey.server.impl.application.WebApplicationImpl _initiate
INFO: Initiating Jersey application, version 'Jersey: 1.19 02/11/2015 03:25 AM'
Aug 20, 2019 2:08:44 PM com.sun.jersey.server.impl.application.WebApplicationImpl _initiate
INFO: Initiating Jersey application, version 'Jersey: 1.19 02/11/2015 03:25 AM'
Aug 20, 2019 2:08:45 PM com.sun.jersey.server.impl.application.WebApplicationImpl _initiate
INFO: Initiating Jersey application, version 'Jersey: 1.19 02/11/2015 03:25 AM'
Aug 20, 2019 2:08:45 PM com.sun.jersey.server.impl.application.WebApplicationImpl _initiate
INFO: Initiating Jersey application, version 'Jersey: 1.19 02/11/2015 03:25 AM'
]]></system-err>
  </testcase>
</testsuite>