<?xml version="1.0" encoding="UTF-8"?>
<testsuite xmlns:xsi="http://www.w3.org/2001/XMLSchema-instance" xsi:noNamespaceSchemaLocation="https://maven.apache.org/surefire/maven-surefire-plugin/xsd/surefire-test-report.xsd" name="org.apache.hadoop.ozone.client.rpc.TestMultiBlockWritesWithDnFailures" time="122.261" tests="2" errors="1" skipped="0" failures="0">
  <properties>
    <property name="awt.toolkit" value="sun.awt.X11.XToolkit"/>
    <property name="file.encoding.pkg" value="sun.io"/>
    <property name="java.specification.version" value="1.8"/>
    <property name="sun.cpu.isalist" value=""/>
    <property name="sun.jnu.encoding" value="UTF-8"/>
    <property name="java.class.path" value="/workdir/hadoop-ozone/integration-test/target/test-classes:/workdir/hadoop-ozone/integration-test/target/classes:/home/user/.m2/repository/org/apache/hadoop/hadoop-ozone-common/0.5.0-SNAPSHOT/hadoop-ozone-common-0.5.0-SNAPSHOT.jar:/home/user/.m2/repository/org/apache/commons/commons-compress/1.4.1/commons-compress-1.4.1.jar:/home/user/.m2/repository/org/tukaani/xz/1.0/xz-1.0.jar:/home/user/.m2/repository/org/apache/hadoop/hadoop-common/3.2.0/hadoop-common-3.2.0.jar:/home/user/.m2/repository/org/apache/hadoop/hadoop-hdfs/3.2.0/hadoop-hdfs-3.2.0.jar:/home/user/.m2/repository/org/apache/hadoop/hadoop-hdfs-client/3.2.0/hadoop-hdfs-client-3.2.0.jar:/home/user/.m2/repository/com/fasterxml/jackson/core/jackson-annotations/2.9.5/jackson-annotations-2.9.5.jar:/home/user/.m2/repository/org/apache/hadoop/hadoop-hdds-common/0.5.0-SNAPSHOT/hadoop-hdds-common-0.5.0-SNAPSHOT.jar:/home/user/.m2/repository/javax/annotation/javax.annotation-api/1.2/javax.annotation-api-1.2.jar:/home/user/.m2/repository/org/apache/ratis/ratis-server/0.4.0-2337318-SNAPSHOT/ratis-server-0.4.0-2337318-SNAPSHOT.jar:/home/user/.m2/repository/org/apache/ratis/ratis-thirdparty-misc/0.2.0/ratis-thirdparty-misc-0.2.0.jar:/home/user/.m2/repository/org/apache/ratis/ratis-proto/0.4.0-2337318-SNAPSHOT/ratis-proto-0.4.0-2337318-SNAPSHOT.jar:/home/user/.m2/repository/org/apache/ratis/ratis-common/0.4.0-2337318-SNAPSHOT/ratis-common-0.4.0-2337318-SNAPSHOT.jar:/home/user/.m2/repository/org/apache/ratis/ratis-client/0.4.0-2337318-SNAPSHOT/ratis-client-0.4.0-2337318-SNAPSHOT.jar:/home/user/.m2/repository/org/apache/ratis/ratis-metrics/0.4.0-2337318-SNAPSHOT/ratis-metrics-0.4.0-2337318-SNAPSHOT.jar:/home/user/.m2/repository/org/apache/ratis/ratis-netty/0.4.0-2337318-SNAPSHOT/ratis-netty-0.4.0-2337318-SNAPSHOT.jar:/home/user/.m2/repository/org/apache/ratis/ratis-grpc/0.4.0-2337318-SNAPSHOT/ratis-grpc-0.4.0-2337318-SNAPSHOT.jar:/home/user/.m2/repository/org/rocksdb/rocksdbjni/6.0.1/rocksdbjni-6.0.1.jar:/home/user/.m2/repository/org/apache/logging/log4j/log4j-api/2.11.0/log4j-api-2.11.0.jar:/home/user/.m2/repository/org/apache/logging/log4j/log4j-core/2.11.0/log4j-core-2.11.0.jar:/home/user/.m2/repository/com/lmax/disruptor/3.4.2/disruptor-3.4.2.jar:/home/user/.m2/repository/org/apache/commons/commons-pool2/2.6.0/commons-pool2-2.6.0.jar:/home/user/.m2/repository/org/bouncycastle/bcpkix-jdk15on/1.60/bcpkix-jdk15on-1.60.jar:/home/user/.m2/repository/commons-validator/commons-validator/1.6/commons-validator-1.6.jar:/home/user/.m2/repository/commons-digester/commons-digester/1.8.1/commons-digester-1.8.1.jar:/home/user/.m2/repository/io/jaegertracing/jaeger-client/0.33.1/jaeger-client-0.33.1.jar:/home/user/.m2/repository/io/jaegertracing/jaeger-thrift/0.33.1/jaeger-thrift-0.33.1.jar:/home/user/.m2/repository/org/apache/thrift/libthrift/0.11.0/libthrift-0.11.0.jar:/home/user/.m2/repository/com/squareup/okhttp3/okhttp/3.9.0/okhttp-3.9.0.jar:/home/user/.m2/repository/com/squareup/okio/okio/1.13.0/okio-1.13.0.jar:/home/user/.m2/repository/io/jaegertracing/jaeger-core/0.33.1/jaeger-core-0.33.1.jar:/home/user/.m2/repository/io/jaegertracing/jaeger-tracerresolver/0.33.1/jaeger-tracerresolver-0.33.1.jar:/home/user/.m2/repository/io/opentracing/contrib/opentracing-tracerresolver/0.1.5/opentracing-tracerresolver-0.1.5.jar:/home/user/.m2/repository/io/opentracing/opentracing-util/0.31.0/opentracing-util-0.31.0.jar:/home/user/.m2/repository/io/opentracing/opentracing-api/0.31.0/opentracing-api-0.31.0.jar:/home/user/.m2/repository/io/opentracing/opentracing-noop/0.31.0/opentracing-noop-0.31.0.jar:/home/user/.m2/repository/org/apache/hadoop/hadoop-hdds-server-framework/0.5.0-SNAPSHOT/hadoop-hdds-server-framework-0.5.0-SNAPSHOT.jar:/home/user/.m2/repository/org/apache/hadoop/hadoop-hdds-container-service/0.5.0-SNAPSHOT/hadoop-hdds-container-service-0.5.0-SNAPSHOT.jar:/home/user/.m2/repository/org/apache/hadoop/hadoop-hdds-client/0.5.0-SNAPSHOT/hadoop-hdds-client-0.5.0-SNAPSHOT.jar:/home/user/.m2/repository/org/apache/hadoop/hadoop-hdds-tools/0.5.0-SNAPSHOT/hadoop-hdds-tools-0.5.0-SNAPSHOT.jar:/home/user/.m2/repository/org/apache/hadoop/hadoop-hdds-server-scm/0.5.0-SNAPSHOT/hadoop-hdds-server-scm-0.5.0-SNAPSHOT.jar:/home/user/.m2/repository/org/apache/hadoop/hadoop-hdds-docs/0.5.0-SNAPSHOT/hadoop-hdds-docs-0.5.0-SNAPSHOT.jar:/home/user/.m2/repository/io/dropwizard/metrics/metrics-core/3.2.4/metrics-core-3.2.4.jar:/home/user/.m2/repository/org/hamcrest/hamcrest-all/1.3/hamcrest-all-1.3.jar:/home/user/.m2/repository/org/bouncycastle/bcprov-jdk15on/1.60/bcprov-jdk15on-1.60.jar:/home/user/.m2/repository/info/picocli/picocli/3.9.6/picocli-3.9.6.jar:/home/user/.m2/repository/com/google/protobuf/protobuf-java/2.5.0/protobuf-java-2.5.0.jar:/home/user/.m2/repository/com/google/guava/guava/11.0.2/guava-11.0.2.jar:/home/user/.m2/repository/org/apache/hadoop/hadoop-ozone-ozone-manager/0.5.0-SNAPSHOT/hadoop-ozone-ozone-manager-0.5.0-SNAPSHOT.jar:/home/user/.m2/repository/org/apache/hadoop/hadoop-minikdc/3.2.0/hadoop-minikdc-3.2.0.jar:/home/user/.m2/repository/commons-io/commons-io/2.5/commons-io-2.5.jar:/home/user/.m2/repository/org/apache/kerby/kerb-simplekdc/1.0.1/kerb-simplekdc-1.0.1.jar:/home/user/.m2/repository/org/apache/kerby/kerb-client/1.0.1/kerb-client-1.0.1.jar:/home/user/.m2/repository/org/apache/kerby/kerby-config/1.0.1/kerby-config-1.0.1.jar:/home/user/.m2/repository/org/apache/kerby/kerb-core/1.0.1/kerb-core-1.0.1.jar:/home/user/.m2/repository/org/apache/kerby/kerby-pkix/1.0.1/kerby-pkix-1.0.1.jar:/home/user/.m2/repository/org/apache/kerby/kerby-asn1/1.0.1/kerby-asn1-1.0.1.jar:/home/user/.m2/repository/org/apache/kerby/kerby-util/1.0.1/kerby-util-1.0.1.jar:/home/user/.m2/repository/org/apache/kerby/kerb-common/1.0.1/kerb-common-1.0.1.jar:/home/user/.m2/repository/org/apache/kerby/kerb-crypto/1.0.1/kerb-crypto-1.0.1.jar:/home/user/.m2/repository/org/apache/kerby/kerb-util/1.0.1/kerb-util-1.0.1.jar:/home/user/.m2/repository/org/apache/kerby/token-provider/1.0.1/token-provider-1.0.1.jar:/home/user/.m2/repository/org/apache/kerby/kerb-admin/1.0.1/kerb-admin-1.0.1.jar:/home/user/.m2/repository/org/apache/kerby/kerb-server/1.0.1/kerb-server-1.0.1.jar:/home/user/.m2/repository/org/apache/kerby/kerb-identity/1.0.1/kerb-identity-1.0.1.jar:/home/user/.m2/repository/org/apache/kerby/kerby-xdr/1.0.1/kerby-xdr-1.0.1.jar:/home/user/.m2/repository/org/slf4j/slf4j-log4j12/1.7.25/slf4j-log4j12-1.7.25.jar:/home/user/.m2/repository/org/apache/hadoop/hadoop-ozone-objectstore-service/0.5.0-SNAPSHOT/hadoop-ozone-objectstore-service-0.5.0-SNAPSHOT.jar:/home/user/.m2/repository/org/apache/hadoop/hadoop-ozone-s3gateway/0.5.0-SNAPSHOT/hadoop-ozone-s3gateway-0.5.0-SNAPSHOT.jar:/home/user/.m2/repository/org/jboss/weld/servlet/weld-servlet/2.4.7.Final/weld-servlet-2.4.7.Final.jar:/home/user/.m2/repository/org/glassfish/jersey/containers/jersey-container-servlet-core/2.27/jersey-container-servlet-core-2.27.jar:/home/user/.m2/repository/org/glassfish/hk2/external/javax.inject/2.5.0-b42/javax.inject-2.5.0-b42.jar:/home/user/.m2/repository/org/glassfish/jersey/core/jersey-common/2.27/jersey-common-2.27.jar:/home/user/.m2/repository/org/glassfish/hk2/osgi-resource-locator/1.0.1/osgi-resource-locator-1.0.1.jar:/home/user/.m2/repository/javax/ws/rs/javax.ws.rs-api/2.1/javax.ws.rs-api-2.1.jar:/home/user/.m2/repository/org/glassfish/jersey/ext/cdi/jersey-cdi1x/2.27/jersey-cdi1x-2.27.jar:/home/user/.m2/repository/org/glassfish/jersey/inject/jersey-hk2/2.27/jersey-hk2-2.27.jar:/home/user/.m2/repository/org/glassfish/hk2/hk2-locator/2.5.0-b42/hk2-locator-2.5.0-b42.jar:/home/user/.m2/repository/org/javassist/javassist/3.22.0-CR2/javassist-3.22.0-CR2.jar:/home/user/.m2/repository/org/glassfish/hk2/hk2-api/2.5.0/hk2-api-2.5.0.jar:/home/user/.m2/repository/org/glassfish/hk2/external/jakarta.inject/2.5.0/jakarta.inject-2.5.0.jar:/home/user/.m2/repository/org/glassfish/hk2/hk2-utils/2.5.0/hk2-utils-2.5.0.jar:/home/user/.m2/repository/jakarta/annotation/jakarta.annotation-api/1.3.4/jakarta.annotation-api-1.3.4.jar:/home/user/.m2/repository/org/glassfish/hk2/external/aopalliance-repackaged/2.5.0/aopalliance-repackaged-2.5.0.jar:/home/user/.m2/repository/com/fasterxml/jackson/dataformat/jackson-dataformat-xml/2.9.0/jackson-dataformat-xml-2.9.0.jar:/home/user/.m2/repository/com/fasterxml/jackson/core/jackson-core/2.9.5/jackson-core-2.9.5.jar:/home/user/.m2/repository/com/fasterxml/jackson/module/jackson-module-jaxb-annotations/2.9.5/jackson-module-jaxb-annotations-2.9.5.jar:/home/user/.m2/repository/javax/enterprise/cdi-api/1.2/cdi-api-1.2.jar:/home/user/.m2/repository/javax/el/javax.el-api/3.0.0/javax.el-api-3.0.0.jar:/home/user/.m2/repository/javax/interceptor/javax.interceptor-api/1.2/javax.interceptor-api-1.2.jar:/home/user/.m2/repository/javax/inject/javax.inject/1/javax.inject-1.jar:/home/user/.m2/repository/com/sun/xml/bind/jaxb-impl/2.3.0.1/jaxb-impl-2.3.0.1.jar:/home/user/.m2/repository/com/sun/xml/bind/jaxb-core/2.3.0.1/jaxb-core-2.3.0.1.jar:/home/user/.m2/repository/javax/xml/bind/jaxb-api/2.3.0/jaxb-api-2.3.0.jar:/home/user/.m2/repository/javax/activation/activation/1.1.1/activation-1.1.1.jar:/home/user/.m2/repository/org/apache/hadoop/hadoop-ozone-csi/0.5.0-SNAPSHOT/hadoop-ozone-csi-0.5.0-SNAPSHOT.jar:/home/user/.m2/repository/com/google/protobuf/protobuf-java-util/3.5.1/protobuf-java-util-3.5.1.jar:/home/user/.m2/repository/org/apache/hadoop/hadoop-hdds-config/0.5.0-SNAPSHOT/hadoop-hdds-config-0.5.0-SNAPSHOT.jar:/home/user/.m2/repository/io/grpc/grpc-netty/1.17.1/grpc-netty-1.17.1.jar:/home/user/.m2/repository/io/grpc/grpc-core/1.17.1/grpc-core-1.17.1.jar:/home/user/.m2/repository/io/grpc/grpc-context/1.17.1/grpc-context-1.17.1.jar:/home/user/.m2/repository/com/google/errorprone/error_prone_annotations/2.2.0/error_prone_annotations-2.2.0.jar:/home/user/.m2/repository/org/codehaus/mojo/animal-sniffer-annotations/1.17/animal-sniffer-annotations-1.17.jar:/home/user/.m2/repository/io/opencensus/opencensus-api/0.17.0/opencensus-api-0.17.0.jar:/home/user/.m2/repository/io/opencensus/opencensus-contrib-grpc-metrics/0.17.0/opencensus-contrib-grpc-metrics-0.17.0.jar:/home/user/.m2/repository/io/netty/netty-codec-http2/4.1.30.Final/netty-codec-http2-4.1.30.Final.jar:/home/user/.m2/repository/io/netty/netty-codec-http/4.1.30.Final/netty-codec-http-4.1.30.Final.jar:/home/user/.m2/repository/io/netty/netty-codec/4.1.30.Final/netty-codec-4.1.30.Final.jar:/home/user/.m2/repository/io/netty/netty-handler/4.1.30.Final/netty-handler-4.1.30.Final.jar:/home/user/.m2/repository/io/netty/netty-handler-proxy/4.1.30.Final/netty-handler-proxy-4.1.30.Final.jar:/home/user/.m2/repository/io/netty/netty-codec-socks/4.1.30.Final/netty-codec-socks-4.1.30.Final.jar:/home/user/.m2/repository/io/netty/netty-transport-native-epoll/4.1.30.Final/netty-transport-native-epoll-4.1.30.Final.jar:/home/user/.m2/repository/io/netty/netty-common/4.1.30.Final/netty-common-4.1.30.Final.jar:/home/user/.m2/repository/io/netty/netty-buffer/4.1.30.Final/netty-buffer-4.1.30.Final.jar:/home/user/.m2/repository/io/netty/netty-transport/4.1.30.Final/netty-transport-4.1.30.Final.jar:/home/user/.m2/repository/io/netty/netty-resolver/4.1.30.Final/netty-resolver-4.1.30.Final.jar:/home/user/.m2/repository/io/netty/netty-transport-native-unix-common/4.1.30.Final/netty-transport-native-unix-common-4.1.30.Final.jar:/home/user/.m2/repository/io/grpc/grpc-protobuf/1.17.1/grpc-protobuf-1.17.1.jar:/home/user/.m2/repository/com/google/api/grpc/proto-google-common-protos/1.0.0/proto-google-common-protos-1.0.0.jar:/home/user/.m2/repository/io/grpc/grpc-protobuf-lite/1.17.1/grpc-protobuf-lite-1.17.1.jar:/home/user/.m2/repository/io/grpc/grpc-stub/1.17.1/grpc-stub-1.17.1.jar:/home/user/.m2/repository/org/apache/hadoop/hadoop-ozone-recon/0.5.0-SNAPSHOT/hadoop-ozone-recon-0.5.0-SNAPSHOT.jar:/home/user/.m2/repository/org/apache/hadoop/hadoop-ozone-reconcodegen/0.5.0-SNAPSHOT/hadoop-ozone-reconcodegen-0.5.0-SNAPSHOT.jar:/home/user/.m2/repository/com/google/inject/extensions/guice-multibindings/4.0/guice-multibindings-4.0.jar:/home/user/.m2/repository/com/google/inject/guice/4.0/guice-4.0.jar:/home/user/.m2/repository/aopalliance/aopalliance/1.0/aopalliance-1.0.jar:/home/user/.m2/repository/com/google/inject/extensions/guice-servlet/4.0/guice-servlet-4.0.jar:/home/user/.m2/repository/org/glassfish/jersey/containers/jersey-container-servlet/2.27/jersey-container-servlet-2.27.jar:/home/user/.m2/repository/org/glassfish/hk2/guice-bridge/2.5.0/guice-bridge-2.5.0.jar:/home/user/.m2/repository/org/glassfish/jersey/core/jersey-server/2.27/jersey-server-2.27.jar:/home/user/.m2/repository/org/glassfish/jersey/core/jersey-client/2.27/jersey-client-2.27.jar:/home/user/.m2/repository/org/glassfish/jersey/media/jersey-media-jaxb/2.27/jersey-media-jaxb-2.27.jar:/home/user/.m2/repository/javax/validation/validation-api/1.1.0.Final/validation-api-1.1.0.Final.jar:/home/user/.m2/repository/org/glassfish/jersey/media/jersey-media-json-jackson/2.27/jersey-media-json-jackson-2.27.jar:/home/user/.m2/repository/org/glassfish/jersey/ext/jersey-entity-filtering/2.27/jersey-entity-filtering-2.27.jar:/home/user/.m2/repository/com/google/inject/extensions/guice-assistedinject/4.0/guice-assistedinject-4.0.jar:/home/user/.m2/repository/org/jooq/jooq/3.11.10/jooq-3.11.10.jar:/home/user/.m2/repository/org/jooq/jooq-meta/3.11.10/jooq-meta-3.11.10.jar:/home/user/.m2/repository/org/jooq/jooq-codegen/3.11.10/jooq-codegen-3.11.10.jar:/home/user/.m2/repository/com/jolbox/bonecp/0.8.0.RELEASE/bonecp-0.8.0.RELEASE.jar:/home/user/.m2/repository/org/xerial/sqlite-jdbc/3.25.2/sqlite-jdbc-3.25.2.jar:/home/user/.m2/repository/org/springframework/spring-jdbc/5.1.3.RELEASE/spring-jdbc-5.1.3.RELEASE.jar:/home/user/.m2/repository/org/springframework/spring-beans/5.1.3.RELEASE/spring-beans-5.1.3.RELEASE.jar:/home/user/.m2/repository/org/springframework/spring-core/5.1.3.RELEASE/spring-core-5.1.3.RELEASE.jar:/home/user/.m2/repository/org/springframework/spring-jcl/5.1.3.RELEASE/spring-jcl-5.1.3.RELEASE.jar:/home/user/.m2/repository/org/springframework/spring-tx/5.1.3.RELEASE/spring-tx-5.1.3.RELEASE.jar:/home/user/.m2/repository/org/apache/hadoop/hadoop-ozone-client/0.5.0-SNAPSHOT/hadoop-ozone-client-0.5.0-SNAPSHOT.jar:/home/user/.m2/repository/commons-lang/commons-lang/2.6/commons-lang-2.6.jar:/home/user/.m2/repository/org/apache/hadoop/hadoop-ozone-ozone-manager/0.5.0-SNAPSHOT/hadoop-ozone-ozone-manager-0.5.0-SNAPSHOT-tests.jar:/home/user/.m2/repository/junit/junit/4.11/junit-4.11.jar:/home/user/.m2/repository/org/hamcrest/hamcrest-core/1.3/hamcrest-core-1.3.jar:/home/user/.m2/repository/org/openjdk/jmh/jmh-core/1.19/jmh-core-1.19.jar:/home/user/.m2/repository/net/sf/jopt-simple/jopt-simple/4.6/jopt-simple-4.6.jar:/home/user/.m2/repository/org/apache/commons/commons-math3/3.1.1/commons-math3-3.1.1.jar:/home/user/.m2/repository/org/openjdk/jmh/jmh-generator-annprocess/1.19/jmh-generator-annprocess-1.19.jar:/home/user/.m2/repository/org/mockito/mockito-all/1.8.5/mockito-all-1.8.5.jar:/home/user/.m2/repository/org/apache/hadoop/hadoop-kms/3.2.0/hadoop-kms-3.2.0.jar:/home/user/.m2/repository/org/apache/hadoop/hadoop-auth/3.2.0/hadoop-auth-3.2.0.jar:/home/user/.m2/repository/com/nimbusds/nimbus-jose-jwt/4.41.1/nimbus-jose-jwt-4.41.1.jar:/home/user/.m2/repository/com/github/stephenc/jcip/jcip-annotations/1.0-1/jcip-annotations-1.0-1.jar:/home/user/.m2/repository/net/minidev/json-smart/2.3/json-smart-2.3.jar:/home/user/.m2/repository/net/minidev/accessors-smart/1.2/accessors-smart-1.2.jar:/home/user/.m2/repository/org/ow2/asm/asm/5.0.4/asm-5.0.4.jar:/home/user/.m2/repository/org/apache/curator/curator-framework/2.12.0/curator-framework-2.12.0.jar:/home/user/.m2/repository/com/sun/jersey/jersey-core/1.19/jersey-core-1.19.jar:/home/user/.m2/repository/javax/ws/rs/jsr311-api/1.1.1/jsr311-api-1.1.1.jar:/home/user/.m2/repository/com/sun/jersey/jersey-server/1.19/jersey-server-1.19.jar:/home/user/.m2/repository/javax/servlet/javax.servlet-api/3.1.0/javax.servlet-api-3.1.0.jar:/home/user/.m2/repository/org/eclipse/jetty/jetty-server/9.3.24.v20180605/jetty-server-9.3.24.v20180605.jar:/home/user/.m2/repository/org/eclipse/jetty/jetty-http/9.3.24.v20180605/jetty-http-9.3.24.v20180605.jar:/home/user/.m2/repository/org/eclipse/jetty/jetty-io/9.3.24.v20180605/jetty-io-9.3.24.v20180605.jar:/home/user/.m2/repository/org/eclipse/jetty/jetty-webapp/9.3.24.v20180605/jetty-webapp-9.3.24.v20180605.jar:/home/user/.m2/repository/org/eclipse/jetty/jetty-xml/9.3.24.v20180605/jetty-xml-9.3.24.v20180605.jar:/home/user/.m2/repository/log4j/log4j/1.2.17/log4j-1.2.17.jar:/home/user/.m2/repository/org/slf4j/slf4j-api/1.7.25/slf4j-api-1.7.25.jar:/home/user/.m2/repository/org/slf4j/jul-to-slf4j/1.7.25/jul-to-slf4j-1.7.25.jar:/home/user/.m2/repository/org/eclipse/jetty/jetty-util/9.3.24.v20180605/jetty-util-9.3.24.v20180605.jar:/home/user/.m2/repository/com/fasterxml/jackson/core/jackson-databind/2.9.5/jackson-databind-2.9.5.jar:/home/user/.m2/repository/org/apache/hadoop/hadoop-kms/3.2.0/hadoop-kms-3.2.0-tests.jar:/home/user/.m2/repository/org/apache/hadoop/hadoop-hdds-server-scm/0.5.0-SNAPSHOT/hadoop-hdds-server-scm-0.5.0-SNAPSHOT-tests.jar:/home/user/.m2/repository/org/apache/hadoop/hadoop-hdds-container-service/0.5.0-SNAPSHOT/hadoop-hdds-container-service-0.5.0-SNAPSHOT-tests.jar:/home/user/.m2/repository/org/yaml/snakeyaml/1.16/snakeyaml-1.16.jar:/home/user/.m2/repository/org/apache/hadoop/hadoop-common/3.2.0/hadoop-common-3.2.0-tests.jar:/home/user/.m2/repository/org/apache/hadoop/hadoop-annotations/3.2.0/hadoop-annotations-3.2.0.jar:/usr/lib/jvm/java-1.8-openjdk/jre/../lib/tools.jar:/home/user/.m2/repository/commons-cli/commons-cli/1.2/commons-cli-1.2.jar:/home/user/.m2/repository/org/apache/httpcomponents/httpclient/4.5.2/httpclient-4.5.2.jar:/home/user/.m2/repository/org/apache/httpcomponents/httpcore/4.4.4/httpcore-4.4.4.jar:/home/user/.m2/repository/commons-codec/commons-codec/1.11/commons-codec-1.11.jar:/home/user/.m2/repository/commons-net/commons-net/3.6/commons-net-3.6.jar:/home/user/.m2/repository/commons-collections/commons-collections/3.2.2/commons-collections-3.2.2.jar:/home/user/.m2/repository/org/eclipse/jetty/jetty-servlet/9.3.24.v20180605/jetty-servlet-9.3.24.v20180605.jar:/home/user/.m2/repository/org/eclipse/jetty/jetty-security/9.3.24.v20180605/jetty-security-9.3.24.v20180605.jar:/home/user/.m2/repository/javax/servlet/jsp/jsp-api/2.1/jsp-api-2.1.jar:/home/user/.m2/repository/com/sun/jersey/jersey-servlet/1.19/jersey-servlet-1.19.jar:/home/user/.m2/repository/com/sun/jersey/jersey-json/1.19/jersey-json-1.19.jar:/home/user/.m2/repository/org/codehaus/jettison/jettison/1.1/jettison-1.1.jar:/home/user/.m2/repository/org/codehaus/jackson/jackson-core-asl/1.9.13/jackson-core-asl-1.9.13.jar:/home/user/.m2/repository/org/codehaus/jackson/jackson-mapper-asl/1.9.13/jackson-mapper-asl-1.9.13.jar:/home/user/.m2/repository/org/codehaus/jackson/jackson-jaxrs/1.9.13/jackson-jaxrs-1.9.13.jar:/home/user/.m2/repository/org/codehaus/jackson/jackson-xc/1.9.13/jackson-xc-1.9.13.jar:/home/user/.m2/repository/commons-logging/commons-logging/1.1.3/commons-logging-1.1.3.jar:/home/user/.m2/repository/commons-beanutils/commons-beanutils/1.9.3/commons-beanutils-1.9.3.jar:/home/user/.m2/repository/org/apache/commons/commons-configuration2/2.1.1/commons-configuration2-2.1.1.jar:/home/user/.m2/repository/org/apache/commons/commons-lang3/3.7/commons-lang3-3.7.jar:/home/user/.m2/repository/org/apache/commons/commons-text/1.4/commons-text-1.4.jar:/home/user/.m2/repository/org/apache/avro/avro/1.7.7/avro-1.7.7.jar:/home/user/.m2/repository/com/thoughtworks/paranamer/paranamer/2.3/paranamer-2.3.jar:/home/user/.m2/repository/org/xerial/snappy/snappy-java/1.0.5/snappy-java-1.0.5.jar:/home/user/.m2/repository/com/google/re2j/re2j/1.1/re2j-1.1.jar:/home/user/.m2/repository/com/google/code/gson/gson/2.2.4/gson-2.2.4.jar:/home/user/.m2/repository/com/jcraft/jsch/0.1.54/jsch-0.1.54.jar:/home/user/.m2/repository/org/apache/curator/curator-client/2.12.0/curator-client-2.12.0.jar:/home/user/.m2/repository/org/apache/curator/curator-recipes/2.12.0/curator-recipes-2.12.0.jar:/home/user/.m2/repository/com/google/code/findbugs/jsr305/3.0.0/jsr305-3.0.0.jar:/home/user/.m2/repository/org/apache/htrace/htrace-core4/4.1.0-incubating/htrace-core4-4.1.0-incubating.jar:/home/user/.m2/repository/org/apache/zookeeper/zookeeper/3.4.13/zookeeper-3.4.13.jar:/home/user/.m2/repository/org/apache/yetus/audience-annotations/0.5.0/audience-annotations-0.5.0.jar:/home/user/.m2/repository/org/codehaus/woodstox/stax2-api/3.1.4/stax2-api-3.1.4.jar:/home/user/.m2/repository/com/fasterxml/woodstox/woodstox-core/5.0.3/woodstox-core-5.0.3.jar:/home/user/.m2/repository/dnsjava/dnsjava/2.1.7/dnsjava-2.1.7.jar:/home/user/.m2/repository/org/apache/hadoop/hadoop-hdfs/3.2.0/hadoop-hdfs-3.2.0-tests.jar:/home/user/.m2/repository/org/eclipse/jetty/jetty-util-ajax/9.3.24.v20180605/jetty-util-ajax-9.3.24.v20180605.jar:/home/user/.m2/repository/commons-daemon/commons-daemon/1.0.13/commons-daemon-1.0.13.jar:/home/user/.m2/repository/io/netty/netty/3.10.5.Final/netty-3.10.5.Final.jar:/home/user/.m2/repository/io/netty/netty-all/4.0.52.Final/netty-all-4.0.52.Final.jar:/home/user/.m2/repository/org/fusesource/leveldbjni/leveldbjni-all/1.8/leveldbjni-all-1.8.jar:"/>
    <property name="java.vm.vendor" value="IcedTea"/>
    <property name="sun.arch.data.model" value="64"/>
    <property name="test.build.dir" value="/workdir/hadoop-ozone/integration-test/target/test-dir"/>
    <property name="test.cache.data" value=""/>
    <property name="java.vendor.url" value="https://icedtea.classpath.org"/>
    <property name="user.timezone" value=""/>
    <property name="java.vm.specification.version" value="1.8"/>
    <property name="os.name" value="Linux"/>
    <property name="test.build.data" value="/workdir/hadoop-ozone/integration-test/target/test-dir"/>
    <property name="user.country" value="US"/>
    <property name="sun.java.launcher" value="SUN_STANDARD"/>
    <property name="sun.boot.library.path" value="/usr/lib/jvm/java-1.8-openjdk/jre/lib/amd64"/>
    <property name="sun.java.command" value="/workdir/hadoop-ozone/integration-test/target/surefire/surefirebooter2871565040105516472.jar /workdir/hadoop-ozone/integration-test/target/surefire 2019-08-20T13-38-49_177-jvmRun1 surefire5890650431863323450tmp surefire_263090036180574223926tmp"/>
    <property name="test" value="!TestMiniChaosOzoneCluster"/>
    <property name="surefire.test.class.path" value="/workdir/hadoop-ozone/integration-test/target/test-classes:/workdir/hadoop-ozone/integration-test/target/classes:/home/user/.m2/repository/org/apache/hadoop/hadoop-ozone-common/0.5.0-SNAPSHOT/hadoop-ozone-common-0.5.0-SNAPSHOT.jar:/home/user/.m2/repository/org/apache/commons/commons-compress/1.4.1/commons-compress-1.4.1.jar:/home/user/.m2/repository/org/tukaani/xz/1.0/xz-1.0.jar:/home/user/.m2/repository/org/apache/hadoop/hadoop-common/3.2.0/hadoop-common-3.2.0.jar:/home/user/.m2/repository/org/apache/hadoop/hadoop-hdfs/3.2.0/hadoop-hdfs-3.2.0.jar:/home/user/.m2/repository/org/apache/hadoop/hadoop-hdfs-client/3.2.0/hadoop-hdfs-client-3.2.0.jar:/home/user/.m2/repository/com/fasterxml/jackson/core/jackson-annotations/2.9.5/jackson-annotations-2.9.5.jar:/home/user/.m2/repository/org/apache/hadoop/hadoop-hdds-common/0.5.0-SNAPSHOT/hadoop-hdds-common-0.5.0-SNAPSHOT.jar:/home/user/.m2/repository/javax/annotation/javax.annotation-api/1.2/javax.annotation-api-1.2.jar:/home/user/.m2/repository/org/apache/ratis/ratis-server/0.4.0-2337318-SNAPSHOT/ratis-server-0.4.0-2337318-SNAPSHOT.jar:/home/user/.m2/repository/org/apache/ratis/ratis-thirdparty-misc/0.2.0/ratis-thirdparty-misc-0.2.0.jar:/home/user/.m2/repository/org/apache/ratis/ratis-proto/0.4.0-2337318-SNAPSHOT/ratis-proto-0.4.0-2337318-SNAPSHOT.jar:/home/user/.m2/repository/org/apache/ratis/ratis-common/0.4.0-2337318-SNAPSHOT/ratis-common-0.4.0-2337318-SNAPSHOT.jar:/home/user/.m2/repository/org/apache/ratis/ratis-client/0.4.0-2337318-SNAPSHOT/ratis-client-0.4.0-2337318-SNAPSHOT.jar:/home/user/.m2/repository/org/apache/ratis/ratis-metrics/0.4.0-2337318-SNAPSHOT/ratis-metrics-0.4.0-2337318-SNAPSHOT.jar:/home/user/.m2/repository/org/apache/ratis/ratis-netty/0.4.0-2337318-SNAPSHOT/ratis-netty-0.4.0-2337318-SNAPSHOT.jar:/home/user/.m2/repository/org/apache/ratis/ratis-grpc/0.4.0-2337318-SNAPSHOT/ratis-grpc-0.4.0-2337318-SNAPSHOT.jar:/home/user/.m2/repository/org/rocksdb/rocksdbjni/6.0.1/rocksdbjni-6.0.1.jar:/home/user/.m2/repository/org/apache/logging/log4j/log4j-api/2.11.0/log4j-api-2.11.0.jar:/home/user/.m2/repository/org/apache/logging/log4j/log4j-core/2.11.0/log4j-core-2.11.0.jar:/home/user/.m2/repository/com/lmax/disruptor/3.4.2/disruptor-3.4.2.jar:/home/user/.m2/repository/org/apache/commons/commons-pool2/2.6.0/commons-pool2-2.6.0.jar:/home/user/.m2/repository/org/bouncycastle/bcpkix-jdk15on/1.60/bcpkix-jdk15on-1.60.jar:/home/user/.m2/repository/commons-validator/commons-validator/1.6/commons-validator-1.6.jar:/home/user/.m2/repository/commons-digester/commons-digester/1.8.1/commons-digester-1.8.1.jar:/home/user/.m2/repository/io/jaegertracing/jaeger-client/0.33.1/jaeger-client-0.33.1.jar:/home/user/.m2/repository/io/jaegertracing/jaeger-thrift/0.33.1/jaeger-thrift-0.33.1.jar:/home/user/.m2/repository/org/apache/thrift/libthrift/0.11.0/libthrift-0.11.0.jar:/home/user/.m2/repository/com/squareup/okhttp3/okhttp/3.9.0/okhttp-3.9.0.jar:/home/user/.m2/repository/com/squareup/okio/okio/1.13.0/okio-1.13.0.jar:/home/user/.m2/repository/io/jaegertracing/jaeger-core/0.33.1/jaeger-core-0.33.1.jar:/home/user/.m2/repository/io/jaegertracing/jaeger-tracerresolver/0.33.1/jaeger-tracerresolver-0.33.1.jar:/home/user/.m2/repository/io/opentracing/contrib/opentracing-tracerresolver/0.1.5/opentracing-tracerresolver-0.1.5.jar:/home/user/.m2/repository/io/opentracing/opentracing-util/0.31.0/opentracing-util-0.31.0.jar:/home/user/.m2/repository/io/opentracing/opentracing-api/0.31.0/opentracing-api-0.31.0.jar:/home/user/.m2/repository/io/opentracing/opentracing-noop/0.31.0/opentracing-noop-0.31.0.jar:/home/user/.m2/repository/org/apache/hadoop/hadoop-hdds-server-framework/0.5.0-SNAPSHOT/hadoop-hdds-server-framework-0.5.0-SNAPSHOT.jar:/home/user/.m2/repository/org/apache/hadoop/hadoop-hdds-container-service/0.5.0-SNAPSHOT/hadoop-hdds-container-service-0.5.0-SNAPSHOT.jar:/home/user/.m2/repository/org/apache/hadoop/hadoop-hdds-client/0.5.0-SNAPSHOT/hadoop-hdds-client-0.5.0-SNAPSHOT.jar:/home/user/.m2/repository/org/apache/hadoop/hadoop-hdds-tools/0.5.0-SNAPSHOT/hadoop-hdds-tools-0.5.0-SNAPSHOT.jar:/home/user/.m2/repository/org/apache/hadoop/hadoop-hdds-server-scm/0.5.0-SNAPSHOT/hadoop-hdds-server-scm-0.5.0-SNAPSHOT.jar:/home/user/.m2/repository/org/apache/hadoop/hadoop-hdds-docs/0.5.0-SNAPSHOT/hadoop-hdds-docs-0.5.0-SNAPSHOT.jar:/home/user/.m2/repository/io/dropwizard/metrics/metrics-core/3.2.4/metrics-core-3.2.4.jar:/home/user/.m2/repository/org/hamcrest/hamcrest-all/1.3/hamcrest-all-1.3.jar:/home/user/.m2/repository/org/bouncycastle/bcprov-jdk15on/1.60/bcprov-jdk15on-1.60.jar:/home/user/.m2/repository/info/picocli/picocli/3.9.6/picocli-3.9.6.jar:/home/user/.m2/repository/com/google/protobuf/protobuf-java/2.5.0/protobuf-java-2.5.0.jar:/home/user/.m2/repository/com/google/guava/guava/11.0.2/guava-11.0.2.jar:/home/user/.m2/repository/org/apache/hadoop/hadoop-ozone-ozone-manager/0.5.0-SNAPSHOT/hadoop-ozone-ozone-manager-0.5.0-SNAPSHOT.jar:/home/user/.m2/repository/org/apache/hadoop/hadoop-minikdc/3.2.0/hadoop-minikdc-3.2.0.jar:/home/user/.m2/repository/commons-io/commons-io/2.5/commons-io-2.5.jar:/home/user/.m2/repository/org/apache/kerby/kerb-simplekdc/1.0.1/kerb-simplekdc-1.0.1.jar:/home/user/.m2/repository/org/apache/kerby/kerb-client/1.0.1/kerb-client-1.0.1.jar:/home/user/.m2/repository/org/apache/kerby/kerby-config/1.0.1/kerby-config-1.0.1.jar:/home/user/.m2/repository/org/apache/kerby/kerb-core/1.0.1/kerb-core-1.0.1.jar:/home/user/.m2/repository/org/apache/kerby/kerby-pkix/1.0.1/kerby-pkix-1.0.1.jar:/home/user/.m2/repository/org/apache/kerby/kerby-asn1/1.0.1/kerby-asn1-1.0.1.jar:/home/user/.m2/repository/org/apache/kerby/kerby-util/1.0.1/kerby-util-1.0.1.jar:/home/user/.m2/repository/org/apache/kerby/kerb-common/1.0.1/kerb-common-1.0.1.jar:/home/user/.m2/repository/org/apache/kerby/kerb-crypto/1.0.1/kerb-crypto-1.0.1.jar:/home/user/.m2/repository/org/apache/kerby/kerb-util/1.0.1/kerb-util-1.0.1.jar:/home/user/.m2/repository/org/apache/kerby/token-provider/1.0.1/token-provider-1.0.1.jar:/home/user/.m2/repository/org/apache/kerby/kerb-admin/1.0.1/kerb-admin-1.0.1.jar:/home/user/.m2/repository/org/apache/kerby/kerb-server/1.0.1/kerb-server-1.0.1.jar:/home/user/.m2/repository/org/apache/kerby/kerb-identity/1.0.1/kerb-identity-1.0.1.jar:/home/user/.m2/repository/org/apache/kerby/kerby-xdr/1.0.1/kerby-xdr-1.0.1.jar:/home/user/.m2/repository/org/slf4j/slf4j-log4j12/1.7.25/slf4j-log4j12-1.7.25.jar:/home/user/.m2/repository/org/apache/hadoop/hadoop-ozone-objectstore-service/0.5.0-SNAPSHOT/hadoop-ozone-objectstore-service-0.5.0-SNAPSHOT.jar:/home/user/.m2/repository/org/apache/hadoop/hadoop-ozone-s3gateway/0.5.0-SNAPSHOT/hadoop-ozone-s3gateway-0.5.0-SNAPSHOT.jar:/home/user/.m2/repository/org/jboss/weld/servlet/weld-servlet/2.4.7.Final/weld-servlet-2.4.7.Final.jar:/home/user/.m2/repository/org/glassfish/jersey/containers/jersey-container-servlet-core/2.27/jersey-container-servlet-core-2.27.jar:/home/user/.m2/repository/org/glassfish/hk2/external/javax.inject/2.5.0-b42/javax.inject-2.5.0-b42.jar:/home/user/.m2/repository/org/glassfish/jersey/core/jersey-common/2.27/jersey-common-2.27.jar:/home/user/.m2/repository/org/glassfish/hk2/osgi-resource-locator/1.0.1/osgi-resource-locator-1.0.1.jar:/home/user/.m2/repository/javax/ws/rs/javax.ws.rs-api/2.1/javax.ws.rs-api-2.1.jar:/home/user/.m2/repository/org/glassfish/jersey/ext/cdi/jersey-cdi1x/2.27/jersey-cdi1x-2.27.jar:/home/user/.m2/repository/org/glassfish/jersey/inject/jersey-hk2/2.27/jersey-hk2-2.27.jar:/home/user/.m2/repository/org/glassfish/hk2/hk2-locator/2.5.0-b42/hk2-locator-2.5.0-b42.jar:/home/user/.m2/repository/org/javassist/javassist/3.22.0-CR2/javassist-3.22.0-CR2.jar:/home/user/.m2/repository/org/glassfish/hk2/hk2-api/2.5.0/hk2-api-2.5.0.jar:/home/user/.m2/repository/org/glassfish/hk2/external/jakarta.inject/2.5.0/jakarta.inject-2.5.0.jar:/home/user/.m2/repository/org/glassfish/hk2/hk2-utils/2.5.0/hk2-utils-2.5.0.jar:/home/user/.m2/repository/jakarta/annotation/jakarta.annotation-api/1.3.4/jakarta.annotation-api-1.3.4.jar:/home/user/.m2/repository/org/glassfish/hk2/external/aopalliance-repackaged/2.5.0/aopalliance-repackaged-2.5.0.jar:/home/user/.m2/repository/com/fasterxml/jackson/dataformat/jackson-dataformat-xml/2.9.0/jackson-dataformat-xml-2.9.0.jar:/home/user/.m2/repository/com/fasterxml/jackson/core/jackson-core/2.9.5/jackson-core-2.9.5.jar:/home/user/.m2/repository/com/fasterxml/jackson/module/jackson-module-jaxb-annotations/2.9.5/jackson-module-jaxb-annotations-2.9.5.jar:/home/user/.m2/repository/javax/enterprise/cdi-api/1.2/cdi-api-1.2.jar:/home/user/.m2/repository/javax/el/javax.el-api/3.0.0/javax.el-api-3.0.0.jar:/home/user/.m2/repository/javax/interceptor/javax.interceptor-api/1.2/javax.interceptor-api-1.2.jar:/home/user/.m2/repository/javax/inject/javax.inject/1/javax.inject-1.jar:/home/user/.m2/repository/com/sun/xml/bind/jaxb-impl/2.3.0.1/jaxb-impl-2.3.0.1.jar:/home/user/.m2/repository/com/sun/xml/bind/jaxb-core/2.3.0.1/jaxb-core-2.3.0.1.jar:/home/user/.m2/repository/javax/xml/bind/jaxb-api/2.3.0/jaxb-api-2.3.0.jar:/home/user/.m2/repository/javax/activation/activation/1.1.1/activation-1.1.1.jar:/home/user/.m2/repository/org/apache/hadoop/hadoop-ozone-csi/0.5.0-SNAPSHOT/hadoop-ozone-csi-0.5.0-SNAPSHOT.jar:/home/user/.m2/repository/com/google/protobuf/protobuf-java-util/3.5.1/protobuf-java-util-3.5.1.jar:/home/user/.m2/repository/org/apache/hadoop/hadoop-hdds-config/0.5.0-SNAPSHOT/hadoop-hdds-config-0.5.0-SNAPSHOT.jar:/home/user/.m2/repository/io/grpc/grpc-netty/1.17.1/grpc-netty-1.17.1.jar:/home/user/.m2/repository/io/grpc/grpc-core/1.17.1/grpc-core-1.17.1.jar:/home/user/.m2/repository/io/grpc/grpc-context/1.17.1/grpc-context-1.17.1.jar:/home/user/.m2/repository/com/google/errorprone/error_prone_annotations/2.2.0/error_prone_annotations-2.2.0.jar:/home/user/.m2/repository/org/codehaus/mojo/animal-sniffer-annotations/1.17/animal-sniffer-annotations-1.17.jar:/home/user/.m2/repository/io/opencensus/opencensus-api/0.17.0/opencensus-api-0.17.0.jar:/home/user/.m2/repository/io/opencensus/opencensus-contrib-grpc-metrics/0.17.0/opencensus-contrib-grpc-metrics-0.17.0.jar:/home/user/.m2/repository/io/netty/netty-codec-http2/4.1.30.Final/netty-codec-http2-4.1.30.Final.jar:/home/user/.m2/repository/io/netty/netty-codec-http/4.1.30.Final/netty-codec-http-4.1.30.Final.jar:/home/user/.m2/repository/io/netty/netty-codec/4.1.30.Final/netty-codec-4.1.30.Final.jar:/home/user/.m2/repository/io/netty/netty-handler/4.1.30.Final/netty-handler-4.1.30.Final.jar:/home/user/.m2/repository/io/netty/netty-handler-proxy/4.1.30.Final/netty-handler-proxy-4.1.30.Final.jar:/home/user/.m2/repository/io/netty/netty-codec-socks/4.1.30.Final/netty-codec-socks-4.1.30.Final.jar:/home/user/.m2/repository/io/netty/netty-transport-native-epoll/4.1.30.Final/netty-transport-native-epoll-4.1.30.Final.jar:/home/user/.m2/repository/io/netty/netty-common/4.1.30.Final/netty-common-4.1.30.Final.jar:/home/user/.m2/repository/io/netty/netty-buffer/4.1.30.Final/netty-buffer-4.1.30.Final.jar:/home/user/.m2/repository/io/netty/netty-transport/4.1.30.Final/netty-transport-4.1.30.Final.jar:/home/user/.m2/repository/io/netty/netty-resolver/4.1.30.Final/netty-resolver-4.1.30.Final.jar:/home/user/.m2/repository/io/netty/netty-transport-native-unix-common/4.1.30.Final/netty-transport-native-unix-common-4.1.30.Final.jar:/home/user/.m2/repository/io/grpc/grpc-protobuf/1.17.1/grpc-protobuf-1.17.1.jar:/home/user/.m2/repository/com/google/api/grpc/proto-google-common-protos/1.0.0/proto-google-common-protos-1.0.0.jar:/home/user/.m2/repository/io/grpc/grpc-protobuf-lite/1.17.1/grpc-protobuf-lite-1.17.1.jar:/home/user/.m2/repository/io/grpc/grpc-stub/1.17.1/grpc-stub-1.17.1.jar:/home/user/.m2/repository/org/apache/hadoop/hadoop-ozone-recon/0.5.0-SNAPSHOT/hadoop-ozone-recon-0.5.0-SNAPSHOT.jar:/home/user/.m2/repository/org/apache/hadoop/hadoop-ozone-reconcodegen/0.5.0-SNAPSHOT/hadoop-ozone-reconcodegen-0.5.0-SNAPSHOT.jar:/home/user/.m2/repository/com/google/inject/extensions/guice-multibindings/4.0/guice-multibindings-4.0.jar:/home/user/.m2/repository/com/google/inject/guice/4.0/guice-4.0.jar:/home/user/.m2/repository/aopalliance/aopalliance/1.0/aopalliance-1.0.jar:/home/user/.m2/repository/com/google/inject/extensions/guice-servlet/4.0/guice-servlet-4.0.jar:/home/user/.m2/repository/org/glassfish/jersey/containers/jersey-container-servlet/2.27/jersey-container-servlet-2.27.jar:/home/user/.m2/repository/org/glassfish/hk2/guice-bridge/2.5.0/guice-bridge-2.5.0.jar:/home/user/.m2/repository/org/glassfish/jersey/core/jersey-server/2.27/jersey-server-2.27.jar:/home/user/.m2/repository/org/glassfish/jersey/core/jersey-client/2.27/jersey-client-2.27.jar:/home/user/.m2/repository/org/glassfish/jersey/media/jersey-media-jaxb/2.27/jersey-media-jaxb-2.27.jar:/home/user/.m2/repository/javax/validation/validation-api/1.1.0.Final/validation-api-1.1.0.Final.jar:/home/user/.m2/repository/org/glassfish/jersey/media/jersey-media-json-jackson/2.27/jersey-media-json-jackson-2.27.jar:/home/user/.m2/repository/org/glassfish/jersey/ext/jersey-entity-filtering/2.27/jersey-entity-filtering-2.27.jar:/home/user/.m2/repository/com/google/inject/extensions/guice-assistedinject/4.0/guice-assistedinject-4.0.jar:/home/user/.m2/repository/org/jooq/jooq/3.11.10/jooq-3.11.10.jar:/home/user/.m2/repository/org/jooq/jooq-meta/3.11.10/jooq-meta-3.11.10.jar:/home/user/.m2/repository/org/jooq/jooq-codegen/3.11.10/jooq-codegen-3.11.10.jar:/home/user/.m2/repository/com/jolbox/bonecp/0.8.0.RELEASE/bonecp-0.8.0.RELEASE.jar:/home/user/.m2/repository/org/xerial/sqlite-jdbc/3.25.2/sqlite-jdbc-3.25.2.jar:/home/user/.m2/repository/org/springframework/spring-jdbc/5.1.3.RELEASE/spring-jdbc-5.1.3.RELEASE.jar:/home/user/.m2/repository/org/springframework/spring-beans/5.1.3.RELEASE/spring-beans-5.1.3.RELEASE.jar:/home/user/.m2/repository/org/springframework/spring-core/5.1.3.RELEASE/spring-core-5.1.3.RELEASE.jar:/home/user/.m2/repository/org/springframework/spring-jcl/5.1.3.RELEASE/spring-jcl-5.1.3.RELEASE.jar:/home/user/.m2/repository/org/springframework/spring-tx/5.1.3.RELEASE/spring-tx-5.1.3.RELEASE.jar:/home/user/.m2/repository/org/apache/hadoop/hadoop-ozone-client/0.5.0-SNAPSHOT/hadoop-ozone-client-0.5.0-SNAPSHOT.jar:/home/user/.m2/repository/commons-lang/commons-lang/2.6/commons-lang-2.6.jar:/home/user/.m2/repository/org/apache/hadoop/hadoop-ozone-ozone-manager/0.5.0-SNAPSHOT/hadoop-ozone-ozone-manager-0.5.0-SNAPSHOT-tests.jar:/home/user/.m2/repository/junit/junit/4.11/junit-4.11.jar:/home/user/.m2/repository/org/hamcrest/hamcrest-core/1.3/hamcrest-core-1.3.jar:/home/user/.m2/repository/org/openjdk/jmh/jmh-core/1.19/jmh-core-1.19.jar:/home/user/.m2/repository/net/sf/jopt-simple/jopt-simple/4.6/jopt-simple-4.6.jar:/home/user/.m2/repository/org/apache/commons/commons-math3/3.1.1/commons-math3-3.1.1.jar:/home/user/.m2/repository/org/openjdk/jmh/jmh-generator-annprocess/1.19/jmh-generator-annprocess-1.19.jar:/home/user/.m2/repository/org/mockito/mockito-all/1.8.5/mockito-all-1.8.5.jar:/home/user/.m2/repository/org/apache/hadoop/hadoop-kms/3.2.0/hadoop-kms-3.2.0.jar:/home/user/.m2/repository/org/apache/hadoop/hadoop-auth/3.2.0/hadoop-auth-3.2.0.jar:/home/user/.m2/repository/com/nimbusds/nimbus-jose-jwt/4.41.1/nimbus-jose-jwt-4.41.1.jar:/home/user/.m2/repository/com/github/stephenc/jcip/jcip-annotations/1.0-1/jcip-annotations-1.0-1.jar:/home/user/.m2/repository/net/minidev/json-smart/2.3/json-smart-2.3.jar:/home/user/.m2/repository/net/minidev/accessors-smart/1.2/accessors-smart-1.2.jar:/home/user/.m2/repository/org/ow2/asm/asm/5.0.4/asm-5.0.4.jar:/home/user/.m2/repository/org/apache/curator/curator-framework/2.12.0/curator-framework-2.12.0.jar:/home/user/.m2/repository/com/sun/jersey/jersey-core/1.19/jersey-core-1.19.jar:/home/user/.m2/repository/javax/ws/rs/jsr311-api/1.1.1/jsr311-api-1.1.1.jar:/home/user/.m2/repository/com/sun/jersey/jersey-server/1.19/jersey-server-1.19.jar:/home/user/.m2/repository/javax/servlet/javax.servlet-api/3.1.0/javax.servlet-api-3.1.0.jar:/home/user/.m2/repository/org/eclipse/jetty/jetty-server/9.3.24.v20180605/jetty-server-9.3.24.v20180605.jar:/home/user/.m2/repository/org/eclipse/jetty/jetty-http/9.3.24.v20180605/jetty-http-9.3.24.v20180605.jar:/home/user/.m2/repository/org/eclipse/jetty/jetty-io/9.3.24.v20180605/jetty-io-9.3.24.v20180605.jar:/home/user/.m2/repository/org/eclipse/jetty/jetty-webapp/9.3.24.v20180605/jetty-webapp-9.3.24.v20180605.jar:/home/user/.m2/repository/org/eclipse/jetty/jetty-xml/9.3.24.v20180605/jetty-xml-9.3.24.v20180605.jar:/home/user/.m2/repository/log4j/log4j/1.2.17/log4j-1.2.17.jar:/home/user/.m2/repository/org/slf4j/slf4j-api/1.7.25/slf4j-api-1.7.25.jar:/home/user/.m2/repository/org/slf4j/jul-to-slf4j/1.7.25/jul-to-slf4j-1.7.25.jar:/home/user/.m2/repository/org/eclipse/jetty/jetty-util/9.3.24.v20180605/jetty-util-9.3.24.v20180605.jar:/home/user/.m2/repository/com/fasterxml/jackson/core/jackson-databind/2.9.5/jackson-databind-2.9.5.jar:/home/user/.m2/repository/org/apache/hadoop/hadoop-kms/3.2.0/hadoop-kms-3.2.0-tests.jar:/home/user/.m2/repository/org/apache/hadoop/hadoop-hdds-server-scm/0.5.0-SNAPSHOT/hadoop-hdds-server-scm-0.5.0-SNAPSHOT-tests.jar:/home/user/.m2/repository/org/apache/hadoop/hadoop-hdds-container-service/0.5.0-SNAPSHOT/hadoop-hdds-container-service-0.5.0-SNAPSHOT-tests.jar:/home/user/.m2/repository/org/yaml/snakeyaml/1.16/snakeyaml-1.16.jar:/home/user/.m2/repository/org/apache/hadoop/hadoop-common/3.2.0/hadoop-common-3.2.0-tests.jar:/home/user/.m2/repository/org/apache/hadoop/hadoop-annotations/3.2.0/hadoop-annotations-3.2.0.jar:/usr/lib/jvm/java-1.8-openjdk/jre/../lib/tools.jar:/home/user/.m2/repository/commons-cli/commons-cli/1.2/commons-cli-1.2.jar:/home/user/.m2/repository/org/apache/httpcomponents/httpclient/4.5.2/httpclient-4.5.2.jar:/home/user/.m2/repository/org/apache/httpcomponents/httpcore/4.4.4/httpcore-4.4.4.jar:/home/user/.m2/repository/commons-codec/commons-codec/1.11/commons-codec-1.11.jar:/home/user/.m2/repository/commons-net/commons-net/3.6/commons-net-3.6.jar:/home/user/.m2/repository/commons-collections/commons-collections/3.2.2/commons-collections-3.2.2.jar:/home/user/.m2/repository/org/eclipse/jetty/jetty-servlet/9.3.24.v20180605/jetty-servlet-9.3.24.v20180605.jar:/home/user/.m2/repository/org/eclipse/jetty/jetty-security/9.3.24.v20180605/jetty-security-9.3.24.v20180605.jar:/home/user/.m2/repository/javax/servlet/jsp/jsp-api/2.1/jsp-api-2.1.jar:/home/user/.m2/repository/com/sun/jersey/jersey-servlet/1.19/jersey-servlet-1.19.jar:/home/user/.m2/repository/com/sun/jersey/jersey-json/1.19/jersey-json-1.19.jar:/home/user/.m2/repository/org/codehaus/jettison/jettison/1.1/jettison-1.1.jar:/home/user/.m2/repository/org/codehaus/jackson/jackson-core-asl/1.9.13/jackson-core-asl-1.9.13.jar:/home/user/.m2/repository/org/codehaus/jackson/jackson-mapper-asl/1.9.13/jackson-mapper-asl-1.9.13.jar:/home/user/.m2/repository/org/codehaus/jackson/jackson-jaxrs/1.9.13/jackson-jaxrs-1.9.13.jar:/home/user/.m2/repository/org/codehaus/jackson/jackson-xc/1.9.13/jackson-xc-1.9.13.jar:/home/user/.m2/repository/commons-logging/commons-logging/1.1.3/commons-logging-1.1.3.jar:/home/user/.m2/repository/commons-beanutils/commons-beanutils/1.9.3/commons-beanutils-1.9.3.jar:/home/user/.m2/repository/org/apache/commons/commons-configuration2/2.1.1/commons-configuration2-2.1.1.jar:/home/user/.m2/repository/org/apache/commons/commons-lang3/3.7/commons-lang3-3.7.jar:/home/user/.m2/repository/org/apache/commons/commons-text/1.4/commons-text-1.4.jar:/home/user/.m2/repository/org/apache/avro/avro/1.7.7/avro-1.7.7.jar:/home/user/.m2/repository/com/thoughtworks/paranamer/paranamer/2.3/paranamer-2.3.jar:/home/user/.m2/repository/org/xerial/snappy/snappy-java/1.0.5/snappy-java-1.0.5.jar:/home/user/.m2/repository/com/google/re2j/re2j/1.1/re2j-1.1.jar:/home/user/.m2/repository/com/google/code/gson/gson/2.2.4/gson-2.2.4.jar:/home/user/.m2/repository/com/jcraft/jsch/0.1.54/jsch-0.1.54.jar:/home/user/.m2/repository/org/apache/curator/curator-client/2.12.0/curator-client-2.12.0.jar:/home/user/.m2/repository/org/apache/curator/curator-recipes/2.12.0/curator-recipes-2.12.0.jar:/home/user/.m2/repository/com/google/code/findbugs/jsr305/3.0.0/jsr305-3.0.0.jar:/home/user/.m2/repository/org/apache/htrace/htrace-core4/4.1.0-incubating/htrace-core4-4.1.0-incubating.jar:/home/user/.m2/repository/org/apache/zookeeper/zookeeper/3.4.13/zookeeper-3.4.13.jar:/home/user/.m2/repository/org/apache/yetus/audience-annotations/0.5.0/audience-annotations-0.5.0.jar:/home/user/.m2/repository/org/codehaus/woodstox/stax2-api/3.1.4/stax2-api-3.1.4.jar:/home/user/.m2/repository/com/fasterxml/woodstox/woodstox-core/5.0.3/woodstox-core-5.0.3.jar:/home/user/.m2/repository/dnsjava/dnsjava/2.1.7/dnsjava-2.1.7.jar:/home/user/.m2/repository/org/apache/hadoop/hadoop-hdfs/3.2.0/hadoop-hdfs-3.2.0-tests.jar:/home/user/.m2/repository/org/eclipse/jetty/jetty-util-ajax/9.3.24.v20180605/jetty-util-ajax-9.3.24.v20180605.jar:/home/user/.m2/repository/commons-daemon/commons-daemon/1.0.13/commons-daemon-1.0.13.jar:/home/user/.m2/repository/io/netty/netty/3.10.5.Final/netty-3.10.5.Final.jar:/home/user/.m2/repository/io/netty/netty-all/4.0.52.Final/netty-all-4.0.52.Final.jar:/home/user/.m2/repository/org/fusesource/leveldbjni/leveldbjni-all/1.8/leveldbjni-all-1.8.jar:"/>
    <property name="sun.cpu.endian" value="little"/>
    <property name="user.home" value="/home/user"/>
    <property name="user.language" value="en"/>
    <property name="java.specification.vendor" value="Oracle Corporation"/>
    <property name="java.home" value="/usr/lib/jvm/java-1.8-openjdk/jre"/>
    <property name="java.security.krb5.conf" value="/workdir/hadoop-ozone/integration-test/target/test-classes/krb5.conf"/>
    <property name="basedir" value="/workdir/hadoop-ozone/integration-test"/>
    <property name="file.separator" value="/"/>
    <property name="line.separator" value="&#10;"/>
    <property name="java.vm.specification.vendor" value="Oracle Corporation"/>
    <property name="java.specification.name" value="Java Platform API Specification"/>
    <property name="java.awt.graphicsenv" value="sun.awt.X11GraphicsEnvironment"/>
    <property name="surefire.real.class.path" value="/workdir/hadoop-ozone/integration-test/target/surefire/surefirebooter2871565040105516472.jar"/>
    <property name="hadoop.log.dir" value="/workdir/hadoop-ozone/integration-test/target/log"/>
    <property name="sun.boot.class.path" value="/usr/lib/jvm/java-1.8-openjdk/jre/lib/resources.jar:/usr/lib/jvm/java-1.8-openjdk/jre/lib/rt.jar:/usr/lib/jvm/java-1.8-openjdk/jre/lib/sunrsasign.jar:/usr/lib/jvm/java-1.8-openjdk/jre/lib/jsse.jar:/usr/lib/jvm/java-1.8-openjdk/jre/lib/jce.jar:/usr/lib/jvm/java-1.8-openjdk/jre/lib/charsets.jar:/usr/lib/jvm/java-1.8-openjdk/jre/lib/jfr.jar:/usr/lib/jvm/java-1.8-openjdk/jre/classes"/>
    <property name="sun.management.compiler" value="HotSpot 64-Bit Tiered Compilers"/>
    <property name="java.runtime.version" value="1.8.0_212-b04"/>
    <property name="java.net.preferIPv4Stack" value="true"/>
    <property name="user.name" value="jenkins1000"/>
    <property name="path.separator" value=":"/>
    <property name="java.security.egd" value="file:///dev/urandom"/>
    <property name="os.version" value="3.10.0-957.12.2.el7.x86_64"/>
    <property name="java.endorsed.dirs" value="/usr/lib/jvm/java-1.8-openjdk/jre/lib/endorsed"/>
    <property name="java.runtime.name" value="OpenJDK Runtime Environment"/>
    <property name="file.encoding" value="UTF-8"/>
    <property name="java.vm.name" value="OpenJDK 64-Bit Server VM"/>
    <property name="test.build.webapps" value=""/>
    <property name="localRepository" value="/home/user/.m2/repository"/>
    <property name="java.vendor.url.bug" value="https://icedtea.classpath.org/bugzilla"/>
    <property name="java.io.tmpdir" value="/tmp"/>
    <property name="require.test.libhadoop" value=""/>
    <property name="java.version" value="1.8.0_212"/>
    <property name="user.dir" value="/workdir/hadoop-ozone/integration-test"/>
    <property name="os.arch" value="amd64"/>
    <property name="java.vm.specification.name" value="Java Virtual Machine Specification"/>
    <property name="test.build.classes" value="/workdir/hadoop-ozone/integration-test/target/test-classes"/>
    <property name="java.awt.printerjob" value="sun.print.PSPrinterJob"/>
    <property name="sun.os.patch.level" value="unknown"/>
    <property name="hadoop.tmp.dir" value="/workdir/hadoop-ozone/integration-test/target/tmp"/>
    <property name="java.library.path" value="/usr/lib/jvm/java-1.8-openjdk/jre/lib/amd64/server:/usr/lib/jvm/java-1.8-openjdk/jre/lib/amd64:/usr/lib/jvm/java-1.8-openjdk/jre/../lib/amd64:/workdir/hadoop-ozone/integration-test/target/native/target/usr/local/lib:/workdir/hadoop-ozone/integration-test/../../hadoop-common-project/hadoop-common/target/native/target/usr/local/lib:/usr/java/packages/lib/amd64:/usr/lib64:/lib64:/lib:/usr/lib"/>
    <property name="java.vm.info" value="mixed mode"/>
    <property name="java.vendor" value="IcedTea"/>
    <property name="java.vm.version" value="25.212-b04"/>
    <property name="java.ext.dirs" value="/usr/lib/jvm/java-1.8-openjdk/jre/lib/ext:/usr/java/packages/lib/ext"/>
    <property name="sun.io.unicode.encoding" value="UnicodeLittle"/>
    <property name="java.class.version" value="52.0"/>
  </properties>
  <testcase name="testMultiBlockWritesWithIntermittentDnFailures" classname="org.apache.hadoop.ozone.client.rpc.TestMultiBlockWritesWithDnFailures" time="66.644"/>
  <testcase name="testMultiBlockWritesWithDnFailures" classname="org.apache.hadoop.ozone.client.rpc.TestMultiBlockWritesWithDnFailures" time="55.549">
    <error message="Allocated 0 blocks. Requested 1 blocks" type="INTERNAL_ERROR org.apache.hadoop.ozone.om.exceptions.OMException">INTERNAL_ERROR org.apache.hadoop.ozone.om.exceptions.OMException: Allocated 0 blocks. Requested 1 blocks
	at org.apache.hadoop.ozone.om.protocolPB.OzoneManagerProtocolClientSideTranslatorPB.handleError(OzoneManagerProtocolClientSideTranslatorPB.java:720)
	at org.apache.hadoop.ozone.om.protocolPB.OzoneManagerProtocolClientSideTranslatorPB.openKey(OzoneManagerProtocolClientSideTranslatorPB.java:711)
	at org.apache.hadoop.ozone.client.rpc.RpcClient.createKey(RpcClient.java:614)
	at org.apache.hadoop.ozone.client.OzoneBucket.createKey(OzoneBucket.java:323)
	at org.apache.hadoop.ozone.container.ContainerTestHelper.createKey(ContainerTestHelper.java:690)
	at org.apache.hadoop.ozone.client.rpc.TestMultiBlockWritesWithDnFailures.createKey(TestMultiBlockWritesWithDnFailures.java:212)
	at org.apache.hadoop.ozone.client.rpc.TestMultiBlockWritesWithDnFailures.testMultiBlockWritesWithDnFailures(TestMultiBlockWritesWithDnFailures.java:119)
	at sun.reflect.NativeMethodAccessorImpl.invoke0(Native Method)
	at sun.reflect.NativeMethodAccessorImpl.invoke(NativeMethodAccessorImpl.java:62)
	at sun.reflect.DelegatingMethodAccessorImpl.invoke(DelegatingMethodAccessorImpl.java:43)
	at java.lang.reflect.Method.invoke(Method.java:498)
	at org.junit.runners.model.FrameworkMethod$1.runReflectiveCall(FrameworkMethod.java:47)
	at org.junit.internal.runners.model.ReflectiveCallable.run(ReflectiveCallable.java:12)
	at org.junit.runners.model.FrameworkMethod.invokeExplosively(FrameworkMethod.java:44)
	at org.junit.internal.runners.statements.InvokeMethod.evaluate(InvokeMethod.java:17)
	at org.junit.internal.runners.statements.RunAfters.evaluate(RunAfters.java:27)
	at org.junit.runners.ParentRunner.runLeaf(ParentRunner.java:271)
	at org.junit.runners.BlockJUnit4ClassRunner.runChild(BlockJUnit4ClassRunner.java:70)
	at org.junit.runners.BlockJUnit4ClassRunner.runChild(BlockJUnit4ClassRunner.java:50)
	at org.junit.runners.ParentRunner$3.run(ParentRunner.java:238)
	at org.junit.runners.ParentRunner$1.schedule(ParentRunner.java:63)
	at org.junit.runners.ParentRunner.runChildren(ParentRunner.java:236)
	at org.junit.runners.ParentRunner.access$000(ParentRunner.java:53)
	at org.junit.runners.ParentRunner$2.evaluate(ParentRunner.java:229)
	at org.junit.runners.ParentRunner.run(ParentRunner.java:309)
	at org.apache.maven.surefire.junit4.JUnit4Provider.execute(JUnit4Provider.java:365)
	at org.apache.maven.surefire.junit4.JUnit4Provider.executeWithRerun(JUnit4Provider.java:273)
	at org.apache.maven.surefire.junit4.JUnit4Provider.executeTestSet(JUnit4Provider.java:238)
	at org.apache.maven.surefire.junit4.JUnit4Provider.invoke(JUnit4Provider.java:159)
	at org.apache.maven.surefire.booter.ForkedBooter.invokeProviderInSameClassLoader(ForkedBooter.java:384)
	at org.apache.maven.surefire.booter.ForkedBooter.runSuitesInProcess(ForkedBooter.java:345)
	at org.apache.maven.surefire.booter.ForkedBooter.execute(ForkedBooter.java:126)
	at org.apache.maven.surefire.booter.ForkedBooter.main(ForkedBooter.java:418)
</error>
    <system-out><![CDATA[2019-08-20 14:11:34,473 [main] WARN  server.ServerUtils (ServerUtils.java:getScmDbDir(145)) - ozone.scm.db.dirs is not configured. We recommend adding this setting. Falling back to ozone.metadata.dirs instead.
2019-08-20 14:11:34,490 [main] WARN  server.ServerUtils (ServerUtils.java:getScmDbDir(145)) - ozone.scm.db.dirs is not configured. We recommend adding this setting. Falling back to ozone.metadata.dirs instead.
2019-08-20 14:11:34,490 [main] WARN  server.ServerUtils (ServerUtils.java:getScmDbDir(145)) - ozone.scm.db.dirs is not configured. We recommend adding this setting. Falling back to ozone.metadata.dirs instead.
2019-08-20 14:11:34,490 [main] INFO  db.DBStoreBuilder (DBStoreBuilder.java:addTable(110)) - using custom profile for table: deletedBlocks
2019-08-20 14:11:34,490 [main] INFO  db.DBStoreBuilder (DBStoreBuilder.java:processTables(161)) - Using default column profile:DBProfile.DISK for Table:deletedBlocks
2019-08-20 14:11:34,491 [main] INFO  db.DBStoreBuilder (DBStoreBuilder.java:addTable(110)) - using custom profile for table: validCerts
2019-08-20 14:11:34,491 [main] INFO  db.DBStoreBuilder (DBStoreBuilder.java:processTables(161)) - Using default column profile:DBProfile.DISK for Table:validCerts
2019-08-20 14:11:34,491 [main] INFO  db.DBStoreBuilder (DBStoreBuilder.java:addTable(110)) - using custom profile for table: revokedCerts
2019-08-20 14:11:34,491 [main] INFO  db.DBStoreBuilder (DBStoreBuilder.java:processTables(161)) - Using default column profile:DBProfile.DISK for Table:revokedCerts
2019-08-20 14:11:34,491 [main] INFO  db.DBStoreBuilder (DBStoreBuilder.java:addTable(110)) - using custom profile for table: default
2019-08-20 14:11:34,492 [main] INFO  db.DBStoreBuilder (DBStoreBuilder.java:processTables(167)) - Using default column profile:DBProfile.DISK for Table:default
2019-08-20 14:11:34,492 [main] INFO  db.DBStoreBuilder (DBStoreBuilder.java:getDbProfile(198)) - Using default options. DBProfile.DISK
2019-08-20 14:11:34,618 [main] INFO  net.NodeSchemaLoader (NodeSchemaLoader.java:loadSchemaFromFile(125)) - Loading file from sun.misc.CompoundEnumeration@37c87fcc
2019-08-20 14:11:34,619 [main] INFO  net.NodeSchemaLoader (NodeSchemaLoader.java:loadSchema(171)) - Loading network topology layer schema file
2019-08-20 14:11:34,623 [main] INFO  node.SCMNodeManager (SCMNodeManager.java:<init>(121)) - Entering startup safe mode.
2019-08-20 14:11:34,624 [main] INFO  algorithms.ContainerPlacementPolicyFactory (ContainerPlacementPolicyFactory.java:getPolicy(55)) - Create container placement policy of type org.apache.hadoop.hdds.scm.container.placement.algorithms.SCMContainerPlacementRandom
2019-08-20 14:11:34,624 [main] WARN  server.ServerUtils (ServerUtils.java:getScmDbDir(145)) - ozone.scm.db.dirs is not configured. We recommend adding this setting. Falling back to ozone.metadata.dirs instead.
2019-08-20 14:11:34,653 [main] INFO  pipeline.SCMPipelineManager (SCMPipelineManager.java:initializePipelineState(126)) - No pipeline exists in current db
2019-08-20 14:11:34,654 [main] WARN  server.ServerUtils (ServerUtils.java:getScmDbDir(145)) - ozone.scm.db.dirs is not configured. We recommend adding this setting. Falling back to ozone.metadata.dirs instead.
2019-08-20 14:11:34,686 [main] WARN  events.EventQueue (EventQueue.java:fireEvent(175)) - No event handler registered for event TypedEvent{payloadType=SafeModeStatus, name='SafeModeStatus'}
2019-08-20 14:11:34,687 [main] INFO  ipc.CallQueueManager (CallQueueManager.java:<init>(84)) - Using callQueue: class java.util.concurrent.LinkedBlockingQueue, queueCapacity: 2000, scheduler: class org.apache.hadoop.ipc.DefaultRpcScheduler, ipcBackoff: false.
2019-08-20 14:11:34,688 [Socket Reader #1 for port 36285] INFO  ipc.Server (Server.java:run(1074)) - Starting Socket Reader #1 for port 36285
2019-08-20 14:11:34,689 [main] INFO  ipc.CallQueueManager (CallQueueManager.java:<init>(84)) - Using callQueue: class java.util.concurrent.LinkedBlockingQueue, queueCapacity: 2000, scheduler: class org.apache.hadoop.ipc.DefaultRpcScheduler, ipcBackoff: false.
2019-08-20 14:11:34,690 [Socket Reader #1 for port 46680] INFO  ipc.Server (Server.java:run(1074)) - Starting Socket Reader #1 for port 46680
2019-08-20 14:11:34,691 [main] INFO  ipc.CallQueueManager (CallQueueManager.java:<init>(84)) - Using callQueue: class java.util.concurrent.LinkedBlockingQueue, queueCapacity: 2000, scheduler: class org.apache.hadoop.ipc.DefaultRpcScheduler, ipcBackoff: false.
2019-08-20 14:11:34,691 [Socket Reader #1 for port 41902] INFO  ipc.Server (Server.java:run(1074)) - Starting Socket Reader #1 for port 41902
2019-08-20 14:11:34,693 [main] INFO  hdfs.DFSUtil (DFSUtil.java:httpServerTemplateForNNAndJN(1641)) - Starting Web-server for scm at: http://0.0.0.0:0
2019-08-20 14:11:34,695 [main] INFO  server.AuthenticationFilter (AuthenticationFilter.java:constructSecretProvider(240)) - Unable to initialize FileSignerSecretProvider, falling back to use random secrets.
2019-08-20 14:11:34,695 [main] WARN  http.HttpRequestLog (HttpRequestLog.java:getRequestLog(97)) - Jetty request log can only be enabled using Log4j
2019-08-20 14:11:34,697 [main] INFO  http.HttpServer2 (HttpServer2.java:addGlobalFilter(975)) - Added global filter 'safety' (class=org.apache.hadoop.http.HttpServer2$QuotingInputFilter)
2019-08-20 14:11:34,697 [main] INFO  http.HttpServer2 (HttpServer2.java:addFilter(948)) - Added filter static_user_filter (class=org.apache.hadoop.http.lib.StaticUserWebFilter$StaticUserFilter) to context scm
2019-08-20 14:11:34,698 [main] INFO  http.HttpServer2 (HttpServer2.java:addFilter(958)) - Added filter static_user_filter (class=org.apache.hadoop.http.lib.StaticUserWebFilter$StaticUserFilter) to context static
2019-08-20 14:11:34,698 [main] INFO  http.HttpServer2 (HttpServer2.java:addFilter(958)) - Added filter static_user_filter (class=org.apache.hadoop.http.lib.StaticUserWebFilter$StaticUserFilter) to context logs
2019-08-20 14:11:34,700 [main] INFO  server.StorageContainerManager (StorageContainerManager.java:start(759)) - StorageContainerLocationProtocol RPC server is listening at /0.0.0.0:41902
2019-08-20 14:11:34,701 [main] WARN  impl.MetricsConfig (MetricsConfig.java:loadFirst(134)) - Cannot locate configuration: tried hadoop-metrics2-storagecontainermanager.properties,hadoop-metrics2.properties
2019-08-20 14:11:34,703 [main] INFO  impl.MetricsSystemImpl (MetricsSystemImpl.java:startTimer(374)) - Scheduled Metric snapshot period at 10 second(s).
2019-08-20 14:11:34,703 [main] INFO  impl.MetricsSystemImpl (MetricsSystemImpl.java:start(191)) - StorageContainerManager metrics system started
2019-08-20 14:11:34,744 [main] INFO  server.SCMClientProtocolServer (SCMClientProtocolServer.java:start(151)) - RPC server for Client  is listening at /0.0.0.0:41902
2019-08-20 14:11:34,744 [IPC Server Responder] INFO  ipc.Server (Server.java:run(1314)) - IPC Server Responder: starting
2019-08-20 14:11:34,744 [IPC Server listener on 41902] INFO  ipc.Server (Server.java:run(1153)) - IPC Server listener on 41902: starting
2019-08-20 14:11:34,747 [main] INFO  server.StorageContainerManager (StorageContainerManager.java:start(769)) - ScmBlockLocationProtocol RPC server is listening at /0.0.0.0:46680
2019-08-20 14:11:34,747 [main] INFO  server.SCMBlockProtocolServer (SCMBlockProtocolServer.java:start(140)) - RPC server for Block Protocol is listening at /0.0.0.0:46680
2019-08-20 14:11:34,748 [IPC Server Responder] INFO  ipc.Server (Server.java:run(1314)) - IPC Server Responder: starting
2019-08-20 14:11:34,748 [IPC Server listener on 46680] INFO  ipc.Server (Server.java:run(1153)) - IPC Server listener on 46680: starting
2019-08-20 14:11:34,751 [main] INFO  server.StorageContainerManager (StorageContainerManager.java:start(773)) - ScmDatanodeProtocl RPC server is listening at /0.0.0.0:36285
2019-08-20 14:11:34,751 [main] INFO  server.SCMDatanodeProtocolServer (SCMDatanodeProtocolServer.java:start(191)) - RPC server for DataNodes is listening at /0.0.0.0:36285
2019-08-20 14:11:34,752 [IPC Server Responder] INFO  ipc.Server (Server.java:run(1314)) - IPC Server Responder: starting
2019-08-20 14:11:34,752 [IPC Server listener on 36285] INFO  ipc.Server (Server.java:run(1153)) - IPC Server listener on 36285: starting
2019-08-20 14:11:34,755 [main] INFO  http.HttpServer2 (HttpServer2.java:bindListener(1191)) - Jetty bound to port 38439
2019-08-20 14:11:34,755 [main] INFO  server.Server (Server.java:doStart(351)) - jetty-9.3.24.v20180605, build timestamp: 2018-06-05T17:11:56Z, git hash: 84205aa28f11a4f31f2a3b86d1bba2cc8ab69827
2019-08-20 14:11:34,757 [main] INFO  handler.ContextHandler (ContextHandler.java:doStart(781)) - Started o.e.j.s.ServletContextHandler@32328dc4{/logs,file:///workdir/hadoop-ozone/integration-test/target/log,AVAILABLE}
2019-08-20 14:11:34,757 [main] INFO  handler.ContextHandler (ContextHandler.java:doStart(781)) - Started o.e.j.s.ServletContextHandler@21540255{/static,file:///workdir/hadoop-ozone/integration-test/target/test-classes/webapps/static,AVAILABLE}
2019-08-20 14:11:34,761 [main] INFO  handler.ContextHandler (ContextHandler.java:doStart(781)) - Started o.e.j.w.WebAppContext@13f4048e{/,file:///workdir/hadoop-ozone/integration-test/target/test-classes/webapps/scm/,AVAILABLE}{/scm}
2019-08-20 14:11:34,762 [main] INFO  server.AbstractConnector (AbstractConnector.java:doStart(278)) - Started ServerConnector@62005672{HTTP/1.1,[http/1.1]}{0.0.0.0:38439}
2019-08-20 14:11:34,762 [main] INFO  server.Server (Server.java:doStart(419)) - Started @67307ms
2019-08-20 14:11:34,763 [main] INFO  server.BaseHttpServer (BaseHttpServer.java:updateConnectorAddress(213)) - HTTP server of SCM is listening at http://0.0.0.0:38439
2019-08-20 14:11:34,764 [main] WARN  server.ServerUtils (ServerUtils.java:getDBPath(222)) - ozone.om.db.dirs is not configured. We recommend adding this setting. Falling back to ozone.metadata.dirs instead.
2019-08-20 14:11:34,764 [org.apache.hadoop.util.JvmPauseMonitor$Monitor@6dc9a56e] INFO  util.JvmPauseMonitor (JvmPauseMonitor.java:run(188)) - Starting JVM pause monitor
2019-08-20 14:11:34,770 [main] WARN  server.ServerUtils (ServerUtils.java:getDBPath(222)) - ozone.om.db.dirs is not configured. We recommend adding this setting. Falling back to ozone.metadata.dirs instead.
2019-08-20 14:11:34,771 [main] WARN  server.ServerUtils (ServerUtils.java:getDBPath(222)) - ozone.om.db.dirs is not configured. We recommend adding this setting. Falling back to ozone.metadata.dirs instead.
2019-08-20 14:11:34,771 [main] INFO  om.OzoneManager (OzoneManager.java:setOMNodeDetails(648)) - OM Service ID is not set. Setting it to the default ID: omServiceIdDefault
2019-08-20 14:11:34,771 [main] INFO  om.OzoneManager (OzoneManager.java:setOMNodeDetails(654)) - OM Node ID is not set. Setting it to the OmStorage's OmID: 4f859260-fcd8-4bc1-aa00-d0f69e7937cc
2019-08-20 14:11:34,771 [main] INFO  om.OzoneManager (OzoneManager.java:loadOMHAConfigs(605)) - Found matching OM address with OMServiceId: null, OMNodeId: null, RPC Address: localhost:0 and Ratis port: 9872
2019-08-20 14:11:34,775 | INFO  | SCMAudit | user=jenkins1000 | ip=192.168.69.96 | op=GET_SCM_INFO null | ret=SUCCESS |  
2019-08-20 14:11:34,778 [main] WARN  server.ServerUtils (ServerUtils.java:getDBPath(222)) - ozone.om.db.dirs is not configured. We recommend adding this setting. Falling back to ozone.metadata.dirs instead.
2019-08-20 14:11:34,778 [main] INFO  db.DBStoreBuilder (DBStoreBuilder.java:addTable(110)) - using custom profile for table: userTable
2019-08-20 14:11:34,778 [main] INFO  db.DBStoreBuilder (DBStoreBuilder.java:processTables(161)) - Using default column profile:DBProfile.DISK for Table:userTable
2019-08-20 14:11:34,778 [main] INFO  db.DBStoreBuilder (DBStoreBuilder.java:addTable(110)) - using custom profile for table: volumeTable
2019-08-20 14:11:34,779 [main] INFO  db.DBStoreBuilder (DBStoreBuilder.java:processTables(161)) - Using default column profile:DBProfile.DISK for Table:volumeTable
2019-08-20 14:11:34,779 [main] INFO  db.DBStoreBuilder (DBStoreBuilder.java:addTable(110)) - using custom profile for table: bucketTable
2019-08-20 14:11:34,779 [main] INFO  db.DBStoreBuilder (DBStoreBuilder.java:processTables(161)) - Using default column profile:DBProfile.DISK for Table:bucketTable
2019-08-20 14:11:34,779 [main] INFO  db.DBStoreBuilder (DBStoreBuilder.java:addTable(110)) - using custom profile for table: keyTable
2019-08-20 14:11:34,779 [main] INFO  db.DBStoreBuilder (DBStoreBuilder.java:processTables(161)) - Using default column profile:DBProfile.DISK for Table:keyTable
2019-08-20 14:11:34,780 [main] INFO  db.DBStoreBuilder (DBStoreBuilder.java:addTable(110)) - using custom profile for table: deletedTable
2019-08-20 14:11:34,780 [main] INFO  db.DBStoreBuilder (DBStoreBuilder.java:processTables(161)) - Using default column profile:DBProfile.DISK for Table:deletedTable
2019-08-20 14:11:34,780 [main] INFO  db.DBStoreBuilder (DBStoreBuilder.java:addTable(110)) - using custom profile for table: openKeyTable
2019-08-20 14:11:34,780 [main] INFO  db.DBStoreBuilder (DBStoreBuilder.java:processTables(161)) - Using default column profile:DBProfile.DISK for Table:openKeyTable
2019-08-20 14:11:34,780 [main] INFO  db.DBStoreBuilder (DBStoreBuilder.java:addTable(110)) - using custom profile for table: s3Table
2019-08-20 14:11:34,780 [main] INFO  db.DBStoreBuilder (DBStoreBuilder.java:processTables(161)) - Using default column profile:DBProfile.DISK for Table:s3Table
2019-08-20 14:11:34,781 [main] INFO  db.DBStoreBuilder (DBStoreBuilder.java:addTable(110)) - using custom profile for table: multipartInfoTable
2019-08-20 14:11:34,781 [main] INFO  db.DBStoreBuilder (DBStoreBuilder.java:processTables(161)) - Using default column profile:DBProfile.DISK for Table:multipartInfoTable
2019-08-20 14:11:34,781 [main] INFO  db.DBStoreBuilder (DBStoreBuilder.java:addTable(110)) - using custom profile for table: dTokenTable
2019-08-20 14:11:34,781 [main] INFO  db.DBStoreBuilder (DBStoreBuilder.java:processTables(161)) - Using default column profile:DBProfile.DISK for Table:dTokenTable
2019-08-20 14:11:34,782 [main] INFO  db.DBStoreBuilder (DBStoreBuilder.java:addTable(110)) - using custom profile for table: s3SecretTable
2019-08-20 14:11:34,782 [main] INFO  db.DBStoreBuilder (DBStoreBuilder.java:processTables(161)) - Using default column profile:DBProfile.DISK for Table:s3SecretTable
2019-08-20 14:11:34,783 [main] INFO  db.DBStoreBuilder (DBStoreBuilder.java:addTable(110)) - using custom profile for table: prefixTable
2019-08-20 14:11:34,783 [main] INFO  db.DBStoreBuilder (DBStoreBuilder.java:processTables(161)) - Using default column profile:DBProfile.DISK for Table:prefixTable
2019-08-20 14:11:34,783 [main] INFO  db.DBStoreBuilder (DBStoreBuilder.java:addTable(110)) - using custom profile for table: default
2019-08-20 14:11:34,783 [main] INFO  db.DBStoreBuilder (DBStoreBuilder.java:processTables(167)) - Using default column profile:DBProfile.DISK for Table:default
2019-08-20 14:11:34,783 [main] INFO  db.DBStoreBuilder (DBStoreBuilder.java:getDbProfile(198)) - Using default options. DBProfile.DISK
2019-08-20 14:11:35,184 [main] INFO  ipc.CallQueueManager (CallQueueManager.java:<init>(84)) - Using callQueue: class java.util.concurrent.LinkedBlockingQueue, queueCapacity: 2000, scheduler: class org.apache.hadoop.ipc.DefaultRpcScheduler, ipcBackoff: false.
2019-08-20 14:11:35,185 [Socket Reader #1 for port 35231] INFO  ipc.Server (Server.java:run(1074)) - Starting Socket Reader #1 for port 35231
2019-08-20 14:11:35,196 [main] INFO  om.OzoneManager (OzoneManager.java:start(1259)) - OzoneManager RPC server is listening at localhost/127.0.0.1:35231
2019-08-20 14:11:35,196 [main] INFO  impl.MetricsSystemImpl (MetricsSystemImpl.java:init(158)) - OzoneManager metrics system started (again)
2019-08-20 14:11:35,197 [IPC Server Responder] INFO  ipc.Server (Server.java:run(1314)) - IPC Server Responder: starting
2019-08-20 14:11:35,197 [IPC Server listener on 35231] INFO  ipc.Server (Server.java:run(1153)) - IPC Server listener on 35231: starting
2019-08-20 14:11:35,202 [main] INFO  hdfs.DFSUtil (DFSUtil.java:httpServerTemplateForNNAndJN(1641)) - Starting Web-server for ozoneManager at: http://0.0.0.0:0
2019-08-20 14:11:35,204 [main] INFO  server.AuthenticationFilter (AuthenticationFilter.java:constructSecretProvider(240)) - Unable to initialize FileSignerSecretProvider, falling back to use random secrets.
2019-08-20 14:11:35,205 [main] WARN  http.HttpRequestLog (HttpRequestLog.java:getRequestLog(97)) - Jetty request log can only be enabled using Log4j
2019-08-20 14:11:35,207 [main] INFO  http.HttpServer2 (HttpServer2.java:addGlobalFilter(975)) - Added global filter 'safety' (class=org.apache.hadoop.http.HttpServer2$QuotingInputFilter)
2019-08-20 14:11:35,208 [main] INFO  http.HttpServer2 (HttpServer2.java:addFilter(948)) - Added filter static_user_filter (class=org.apache.hadoop.http.lib.StaticUserWebFilter$StaticUserFilter) to context ozoneManager
2019-08-20 14:11:35,208 [main] INFO  http.HttpServer2 (HttpServer2.java:addFilter(958)) - Added filter static_user_filter (class=org.apache.hadoop.http.lib.StaticUserWebFilter$StaticUserFilter) to context logs
2019-08-20 14:11:35,208 [main] INFO  http.HttpServer2 (HttpServer2.java:addFilter(958)) - Added filter static_user_filter (class=org.apache.hadoop.http.lib.StaticUserWebFilter$StaticUserFilter) to context static
2019-08-20 14:11:35,209 [main] INFO  http.HttpServer2 (HttpServer2.java:bindListener(1191)) - Jetty bound to port 45597
2019-08-20 14:11:35,209 [main] INFO  server.Server (Server.java:doStart(351)) - jetty-9.3.24.v20180605, build timestamp: 2018-06-05T17:11:56Z, git hash: 84205aa28f11a4f31f2a3b86d1bba2cc8ab69827
2019-08-20 14:11:35,211 [main] INFO  handler.ContextHandler (ContextHandler.java:doStart(781)) - Started o.e.j.s.ServletContextHandler@31880efa{/logs,file:///workdir/hadoop-ozone/integration-test/target/log,AVAILABLE}
2019-08-20 14:11:35,212 [main] INFO  handler.ContextHandler (ContextHandler.java:doStart(781)) - Started o.e.j.s.ServletContextHandler@2cadcff6{/static,file:///workdir/hadoop-ozone/integration-test/target/test-classes/webapps/static,AVAILABLE}
2019-08-20 14:11:35,215 [main] INFO  handler.ContextHandler (ContextHandler.java:doStart(781)) - Started o.e.j.w.WebAppContext@7d1cdeb1{/,file:///workdir/hadoop-ozone/integration-test/target/test-classes/webapps/ozoneManager/,AVAILABLE}{/ozoneManager}
2019-08-20 14:11:35,216 [main] INFO  server.AbstractConnector (AbstractConnector.java:doStart(278)) - Started ServerConnector@c4551c6{HTTP/1.1,[http/1.1]}{0.0.0.0:45597}
2019-08-20 14:11:35,217 [main] INFO  server.Server (Server.java:doStart(419)) - Started @67761ms
2019-08-20 14:11:35,217 [main] INFO  server.BaseHttpServer (BaseHttpServer.java:updateConnectorAddress(213)) - HTTP server of OZONEMANAGER is listening at http://0.0.0.0:45597
2019-08-20 14:11:35,231 [main] INFO  impl.MetricsSystemImpl (MetricsSystemImpl.java:init(158)) - HddsDatanode metrics system started (again)
2019-08-20 14:11:35,233 [main] INFO  ozone.HddsDatanodeService (HddsDatanodeService.java:start(184)) - HddsDatanodeService host:pr-hdds-1946lgncr-3764977478 ip:192.168.69.96
2019-08-20 14:11:35,239 [main] INFO  volume.HddsVolume (HddsVolume.java:<init>(176)) - Creating Volume: /workdir/hadoop-ozone/integration-test/target/test-dir/MiniOzoneClusterImpl-d741eabc-a61f-4873-a8b1-78c66134a397/datanode-0/data/containers/hdds of  storage type : DISK and capacity : 1482555576320
2019-08-20 14:11:35,239 [main] INFO  volume.VolumeSet (VolumeSet.java:initializeVolumeSet(170)) - Added Volume : /workdir/hadoop-ozone/integration-test/target/test-dir/MiniOzoneClusterImpl-d741eabc-a61f-4873-a8b1-78c66134a397/datanode-0/data/containers/hdds to VolumeSet
2019-08-20 14:11:35,239 [main] INFO  volume.ThrottledAsyncChecker (ThrottledAsyncChecker.java:schedule(140)) - Scheduling a check for org.apache.hadoop.ozone.container.common.volume.HddsVolume@4e5364a3
2019-08-20 14:11:35,240 [main] INFO  volume.HddsVolumeChecker (HddsVolumeChecker.java:checkAllVolumes(203)) - Scheduled health check for volume org.apache.hadoop.ozone.container.common.volume.HddsVolume@4e5364a3
2019-08-20 14:11:35,256 [main] INFO  impl.RaftServerProxy (ConfUtils.java:logGet(43)) - raft.rpc.type = GRPC (default)
2019-08-20 14:11:35,258 [main] INFO  grpc.GrpcFactory (GrpcFactory.java:checkPooledByteBufAllocatorUseCacheForAllThreads(45)) - PERFORMANCE WARNING: useCacheForAllThreads is true that may cause Netty to create a lot garbage objects and, as a result, trigger GC.
	It is recommended to disable useCacheForAllThreads by setting -Dorg.apache.ratis.thirdparty.io.netty.allocator.useCacheForAllThreads=false in command line.
2019-08-20 14:11:35,258 [main] INFO  grpc.GrpcConfigKeys$Server (ConfUtils.java:logGet(43)) - raft.grpc.server.port = 0 (default)
2019-08-20 14:11:35,259 [main] INFO  server.GrpcService (ConfUtils.java:logGet(43)) - raft.grpc.message.size.max = 33570816 (custom)
2019-08-20 14:11:35,259 [main] INFO  server.RaftServerConfigKeys (ConfUtils.java:logGet(43)) - raft.server.log.appender.buffer.byte-limit = 33554432 (custom)
2019-08-20 14:11:35,259 [main] INFO  server.GrpcService (ConfUtils.java:logGet(43)) - raft.grpc.flow.control.window = 1MB (=1048576) (default)
2019-08-20 14:11:35,260 [main] INFO  server.RaftServerConfigKeys (ConfUtils.java:logGet(43)) - raft.server.rpc.request.timeout = 3000ms (default)
2019-08-20 14:11:35,260 [main] INFO  server.RaftServerConfigKeys (ConfUtils.java:logGet(43)) - raft.server.storage.dir = [/workdir/hadoop-ozone/integration-test/target/test-dir/MiniOzoneClusterImpl-d741eabc-a61f-4873-a8b1-78c66134a397/datanode-0/data/ratis] (custom)
2019-08-20 14:11:35,261 [main] INFO  replication.SimpleContainerDownloader (SimpleContainerDownloader.java:<init>(72)) - Starting container downloader service to copy containers to replicate.
2019-08-20 14:11:35,262 [main] INFO  hdfs.DFSUtil (DFSUtil.java:httpServerTemplateForNNAndJN(1641)) - Starting Web-server for hddsDatanode at: http://0.0.0.0:0
2019-08-20 14:11:35,264 [main] INFO  server.AuthenticationFilter (AuthenticationFilter.java:constructSecretProvider(240)) - Unable to initialize FileSignerSecretProvider, falling back to use random secrets.
2019-08-20 14:11:35,265 [main] WARN  http.HttpRequestLog (HttpRequestLog.java:getRequestLog(97)) - Jetty request log can only be enabled using Log4j
2019-08-20 14:11:35,268 [main] INFO  http.HttpServer2 (HttpServer2.java:addGlobalFilter(975)) - Added global filter 'safety' (class=org.apache.hadoop.http.HttpServer2$QuotingInputFilter)
2019-08-20 14:11:35,268 [main] INFO  http.HttpServer2 (HttpServer2.java:addFilter(948)) - Added filter static_user_filter (class=org.apache.hadoop.http.lib.StaticUserWebFilter$StaticUserFilter) to context hddsDatanode
2019-08-20 14:11:35,269 [main] INFO  http.HttpServer2 (HttpServer2.java:addFilter(958)) - Added filter static_user_filter (class=org.apache.hadoop.http.lib.StaticUserWebFilter$StaticUserFilter) to context logs
2019-08-20 14:11:35,269 [main] INFO  http.HttpServer2 (HttpServer2.java:addFilter(958)) - Added filter static_user_filter (class=org.apache.hadoop.http.lib.StaticUserWebFilter$StaticUserFilter) to context static
2019-08-20 14:11:35,269 [main] INFO  http.HttpServer2 (HttpServer2.java:bindListener(1191)) - Jetty bound to port 35546
2019-08-20 14:11:35,269 [main] INFO  server.Server (Server.java:doStart(351)) - jetty-9.3.24.v20180605, build timestamp: 2018-06-05T17:11:56Z, git hash: 84205aa28f11a4f31f2a3b86d1bba2cc8ab69827
2019-08-20 14:11:35,271 [main] INFO  handler.ContextHandler (ContextHandler.java:doStart(781)) - Started o.e.j.s.ServletContextHandler@2e0516a3{/logs,file:///workdir/hadoop-ozone/integration-test/target/log,AVAILABLE}
2019-08-20 14:11:35,271 [main] INFO  handler.ContextHandler (ContextHandler.java:doStart(781)) - Started o.e.j.s.ServletContextHandler@347b370c{/static,jar:file:/home/user/.m2/repository/org/apache/hadoop/hadoop-hdds-container-service/0.5.0-SNAPSHOT/hadoop-hdds-container-service-0.5.0-SNAPSHOT.jar!/webapps/static,AVAILABLE}
2019-08-20 14:11:35,316 [main] INFO  handler.ContextHandler (ContextHandler.java:doStart(781)) - Started o.e.j.w.WebAppContext@5d297d4d{/,file:///tmp/jetty-0.0.0.0-35546-hddsDatanode-_-any-6921590220100815652.dir/webapp/,AVAILABLE}{/hddsDatanode}
2019-08-20 14:11:35,317 [main] INFO  server.AbstractConnector (AbstractConnector.java:doStart(278)) - Started ServerConnector@1dd44289{HTTP/1.1,[http/1.1]}{0.0.0.0:35546}
2019-08-20 14:11:35,317 [main] INFO  server.Server (Server.java:doStart(419)) - Started @67861ms
2019-08-20 14:11:35,318 [main] INFO  server.BaseHttpServer (BaseHttpServer.java:updateConnectorAddress(213)) - HTTP server of HDDSDATANODE is listening at http://0.0.0.0:35546
2019-08-20 14:11:35,456 | INFO  | ObjectStoreRestHttpServer | Listening HDDS REST traffic on /0.0.0.0:34872 |  
2019-08-20 14:11:35,456 [main] INFO  ozone.HddsDatanodeService (HddsDatanodeService.java:startPlugins(395)) - Started plug-in org.apache.hadoop.ozone.web.OzoneHddsDatanodeService@54286339
2019-08-20 14:11:35,456 [main] INFO  impl.MetricsSystemImpl (MetricsSystemImpl.java:init(158)) - HddsDatanode metrics system started (again)
2019-08-20 14:11:35,458 [org.apache.hadoop.util.JvmPauseMonitor$Monitor@2c2be859] INFO  util.JvmPauseMonitor (JvmPauseMonitor.java:run(188)) - Starting JVM pause monitor
2019-08-20 14:11:35,459 [main] INFO  ozone.HddsDatanodeService (HddsDatanodeService.java:start(184)) - HddsDatanodeService host:pr-hdds-1946lgncr-3764977478 ip:192.168.69.96
2019-08-20 14:11:35,460 [Datanode State Machine Thread - 0] INFO  datanode.InitDatanodeState (InitDatanodeState.java:persistContainerDatanodeDetails(140)) - DatanodeDetails is persisted to /workdir/hadoop-ozone/integration-test/target/test-dir/MiniOzoneClusterImpl-d741eabc-a61f-4873-a8b1-78c66134a397/datanode-0/meta/datanode.id
2019-08-20 14:11:35,464 [main] INFO  volume.HddsVolume (HddsVolume.java:<init>(176)) - Creating Volume: /workdir/hadoop-ozone/integration-test/target/test-dir/MiniOzoneClusterImpl-d741eabc-a61f-4873-a8b1-78c66134a397/datanode-1/data/containers/hdds of  storage type : DISK and capacity : 1482555576320
2019-08-20 14:11:35,464 [main] INFO  volume.VolumeSet (VolumeSet.java:initializeVolumeSet(170)) - Added Volume : /workdir/hadoop-ozone/integration-test/target/test-dir/MiniOzoneClusterImpl-d741eabc-a61f-4873-a8b1-78c66134a397/datanode-1/data/containers/hdds to VolumeSet
2019-08-20 14:11:35,465 [main] INFO  volume.ThrottledAsyncChecker (ThrottledAsyncChecker.java:schedule(140)) - Scheduling a check for org.apache.hadoop.ozone.container.common.volume.HddsVolume@4ae958b0
2019-08-20 14:11:35,465 [main] INFO  volume.HddsVolumeChecker (HddsVolumeChecker.java:checkAllVolumes(203)) - Scheduled health check for volume org.apache.hadoop.ozone.container.common.volume.HddsVolume@4ae958b0
2019-08-20 14:11:35,478 [main] INFO  impl.RaftServerProxy (ConfUtils.java:logGet(43)) - raft.rpc.type = GRPC (default)
2019-08-20 14:11:35,478 [main] INFO  grpc.GrpcFactory (GrpcFactory.java:checkPooledByteBufAllocatorUseCacheForAllThreads(45)) - PERFORMANCE WARNING: useCacheForAllThreads is true that may cause Netty to create a lot garbage objects and, as a result, trigger GC.
	It is recommended to disable useCacheForAllThreads by setting -Dorg.apache.ratis.thirdparty.io.netty.allocator.useCacheForAllThreads=false in command line.
2019-08-20 14:11:35,478 [main] INFO  grpc.GrpcConfigKeys$Server (ConfUtils.java:logGet(43)) - raft.grpc.server.port = 0 (default)
2019-08-20 14:11:35,478 [main] INFO  server.GrpcService (ConfUtils.java:logGet(43)) - raft.grpc.message.size.max = 33570816 (custom)
2019-08-20 14:11:35,479 [main] INFO  server.RaftServerConfigKeys (ConfUtils.java:logGet(43)) - raft.server.log.appender.buffer.byte-limit = 33554432 (custom)
2019-08-20 14:11:35,479 [main] INFO  server.GrpcService (ConfUtils.java:logGet(43)) - raft.grpc.flow.control.window = 1MB (=1048576) (default)
2019-08-20 14:11:35,479 [main] INFO  server.RaftServerConfigKeys (ConfUtils.java:logGet(43)) - raft.server.rpc.request.timeout = 3000ms (default)
2019-08-20 14:11:35,480 [main] INFO  server.RaftServerConfigKeys (ConfUtils.java:logGet(43)) - raft.server.storage.dir = [/workdir/hadoop-ozone/integration-test/target/test-dir/MiniOzoneClusterImpl-d741eabc-a61f-4873-a8b1-78c66134a397/datanode-1/data/ratis] (custom)
2019-08-20 14:11:35,480 [main] INFO  replication.SimpleContainerDownloader (SimpleContainerDownloader.java:<init>(72)) - Starting container downloader service to copy containers to replicate.
2019-08-20 14:11:35,481 [main] INFO  hdfs.DFSUtil (DFSUtil.java:httpServerTemplateForNNAndJN(1641)) - Starting Web-server for hddsDatanode at: http://0.0.0.0:0
2019-08-20 14:11:35,484 [main] INFO  server.AuthenticationFilter (AuthenticationFilter.java:constructSecretProvider(240)) - Unable to initialize FileSignerSecretProvider, falling back to use random secrets.
2019-08-20 14:11:35,484 [main] WARN  http.HttpRequestLog (HttpRequestLog.java:getRequestLog(97)) - Jetty request log can only be enabled using Log4j
2019-08-20 14:11:35,486 [main] INFO  http.HttpServer2 (HttpServer2.java:addGlobalFilter(975)) - Added global filter 'safety' (class=org.apache.hadoop.http.HttpServer2$QuotingInputFilter)
2019-08-20 14:11:35,487 [main] INFO  http.HttpServer2 (HttpServer2.java:addFilter(948)) - Added filter static_user_filter (class=org.apache.hadoop.http.lib.StaticUserWebFilter$StaticUserFilter) to context hddsDatanode
2019-08-20 14:11:35,487 [main] INFO  http.HttpServer2 (HttpServer2.java:addFilter(958)) - Added filter static_user_filter (class=org.apache.hadoop.http.lib.StaticUserWebFilter$StaticUserFilter) to context logs
2019-08-20 14:11:35,487 [main] INFO  http.HttpServer2 (HttpServer2.java:addFilter(958)) - Added filter static_user_filter (class=org.apache.hadoop.http.lib.StaticUserWebFilter$StaticUserFilter) to context static
2019-08-20 14:11:35,488 [main] INFO  http.HttpServer2 (HttpServer2.java:bindListener(1191)) - Jetty bound to port 42525
2019-08-20 14:11:35,488 [main] INFO  server.Server (Server.java:doStart(351)) - jetty-9.3.24.v20180605, build timestamp: 2018-06-05T17:11:56Z, git hash: 84205aa28f11a4f31f2a3b86d1bba2cc8ab69827
2019-08-20 14:11:35,492 [main] INFO  handler.ContextHandler (ContextHandler.java:doStart(781)) - Started o.e.j.s.ServletContextHandler@4182a651{/logs,file:///workdir/hadoop-ozone/integration-test/target/log,AVAILABLE}
2019-08-20 14:11:35,492 [main] INFO  handler.ContextHandler (ContextHandler.java:doStart(781)) - Started o.e.j.s.ServletContextHandler@46de118b{/static,jar:file:/home/user/.m2/repository/org/apache/hadoop/hadoop-hdds-container-service/0.5.0-SNAPSHOT/hadoop-hdds-container-service-0.5.0-SNAPSHOT.jar!/webapps/static,AVAILABLE}
2019-08-20 14:11:35,525 [main] INFO  handler.ContextHandler (ContextHandler.java:doStart(781)) - Started o.e.j.w.WebAppContext@1dd64243{/,file:///tmp/jetty-0.0.0.0-42525-hddsDatanode-_-any-5904183086778455559.dir/webapp/,AVAILABLE}{/hddsDatanode}
2019-08-20 14:11:35,526 [main] INFO  server.AbstractConnector (AbstractConnector.java:doStart(278)) - Started ServerConnector@2ef913a4{HTTP/1.1,[http/1.1]}{0.0.0.0:42525}
2019-08-20 14:11:35,527 [main] INFO  server.Server (Server.java:doStart(419)) - Started @68071ms
2019-08-20 14:11:35,528 [main] INFO  server.BaseHttpServer (BaseHttpServer.java:updateConnectorAddress(213)) - HTTP server of HDDSDATANODE is listening at http://0.0.0.0:42525
2019-08-20 14:11:35,659 | INFO  | ObjectStoreRestHttpServer | Listening HDDS REST traffic on /0.0.0.0:44645 |  
2019-08-20 14:11:35,659 [main] INFO  ozone.HddsDatanodeService (HddsDatanodeService.java:startPlugins(395)) - Started plug-in org.apache.hadoop.ozone.web.OzoneHddsDatanodeService@620572db
2019-08-20 14:11:35,660 [main] INFO  impl.MetricsSystemImpl (MetricsSystemImpl.java:init(158)) - HddsDatanode metrics system started (again)
2019-08-20 14:11:35,661 [org.apache.hadoop.util.JvmPauseMonitor$Monitor@344007d4] INFO  util.JvmPauseMonitor (JvmPauseMonitor.java:run(188)) - Starting JVM pause monitor
2019-08-20 14:11:35,662 [Datanode State Machine Thread - 0] INFO  datanode.InitDatanodeState (InitDatanodeState.java:persistContainerDatanodeDetails(140)) - DatanodeDetails is persisted to /workdir/hadoop-ozone/integration-test/target/test-dir/MiniOzoneClusterImpl-d741eabc-a61f-4873-a8b1-78c66134a397/datanode-1/meta/datanode.id
2019-08-20 14:11:35,663 [main] INFO  ozone.HddsDatanodeService (HddsDatanodeService.java:start(184)) - HddsDatanodeService host:pr-hdds-1946lgncr-3764977478 ip:192.168.69.96
2019-08-20 14:11:35,669 [main] INFO  volume.HddsVolume (HddsVolume.java:<init>(176)) - Creating Volume: /workdir/hadoop-ozone/integration-test/target/test-dir/MiniOzoneClusterImpl-d741eabc-a61f-4873-a8b1-78c66134a397/datanode-2/data/containers/hdds of  storage type : DISK and capacity : 1482555576320
2019-08-20 14:11:35,669 [main] INFO  volume.VolumeSet (VolumeSet.java:initializeVolumeSet(170)) - Added Volume : /workdir/hadoop-ozone/integration-test/target/test-dir/MiniOzoneClusterImpl-d741eabc-a61f-4873-a8b1-78c66134a397/datanode-2/data/containers/hdds to VolumeSet
2019-08-20 14:11:35,670 [main] INFO  volume.ThrottledAsyncChecker (ThrottledAsyncChecker.java:schedule(140)) - Scheduling a check for org.apache.hadoop.ozone.container.common.volume.HddsVolume@35cbeb54
2019-08-20 14:11:35,670 [main] INFO  volume.HddsVolumeChecker (HddsVolumeChecker.java:checkAllVolumes(203)) - Scheduled health check for volume org.apache.hadoop.ozone.container.common.volume.HddsVolume@35cbeb54
2019-08-20 14:11:35,684 [main] INFO  impl.RaftServerProxy (ConfUtils.java:logGet(43)) - raft.rpc.type = GRPC (default)
2019-08-20 14:11:35,684 [main] INFO  grpc.GrpcFactory (GrpcFactory.java:checkPooledByteBufAllocatorUseCacheForAllThreads(45)) - PERFORMANCE WARNING: useCacheForAllThreads is true that may cause Netty to create a lot garbage objects and, as a result, trigger GC.
	It is recommended to disable useCacheForAllThreads by setting -Dorg.apache.ratis.thirdparty.io.netty.allocator.useCacheForAllThreads=false in command line.
2019-08-20 14:11:35,684 [main] INFO  grpc.GrpcConfigKeys$Server (ConfUtils.java:logGet(43)) - raft.grpc.server.port = 0 (default)
2019-08-20 14:11:35,684 [main] INFO  server.GrpcService (ConfUtils.java:logGet(43)) - raft.grpc.message.size.max = 33570816 (custom)
2019-08-20 14:11:35,684 [main] INFO  server.RaftServerConfigKeys (ConfUtils.java:logGet(43)) - raft.server.log.appender.buffer.byte-limit = 33554432 (custom)
2019-08-20 14:11:35,685 [main] INFO  server.GrpcService (ConfUtils.java:logGet(43)) - raft.grpc.flow.control.window = 1MB (=1048576) (default)
2019-08-20 14:11:35,685 [main] INFO  server.RaftServerConfigKeys (ConfUtils.java:logGet(43)) - raft.server.rpc.request.timeout = 3000ms (default)
2019-08-20 14:11:35,685 [main] INFO  server.RaftServerConfigKeys (ConfUtils.java:logGet(43)) - raft.server.storage.dir = [/workdir/hadoop-ozone/integration-test/target/test-dir/MiniOzoneClusterImpl-d741eabc-a61f-4873-a8b1-78c66134a397/datanode-2/data/ratis] (custom)
2019-08-20 14:11:35,686 [main] INFO  replication.SimpleContainerDownloader (SimpleContainerDownloader.java:<init>(72)) - Starting container downloader service to copy containers to replicate.
2019-08-20 14:11:35,687 [main] INFO  hdfs.DFSUtil (DFSUtil.java:httpServerTemplateForNNAndJN(1641)) - Starting Web-server for hddsDatanode at: http://0.0.0.0:0
2019-08-20 14:11:35,688 [main] INFO  server.AuthenticationFilter (AuthenticationFilter.java:constructSecretProvider(240)) - Unable to initialize FileSignerSecretProvider, falling back to use random secrets.
2019-08-20 14:11:35,688 [main] WARN  http.HttpRequestLog (HttpRequestLog.java:getRequestLog(97)) - Jetty request log can only be enabled using Log4j
2019-08-20 14:11:35,689 [main] INFO  http.HttpServer2 (HttpServer2.java:addGlobalFilter(975)) - Added global filter 'safety' (class=org.apache.hadoop.http.HttpServer2$QuotingInputFilter)
2019-08-20 14:11:35,690 [main] INFO  http.HttpServer2 (HttpServer2.java:addFilter(948)) - Added filter static_user_filter (class=org.apache.hadoop.http.lib.StaticUserWebFilter$StaticUserFilter) to context hddsDatanode
2019-08-20 14:11:35,690 [main] INFO  http.HttpServer2 (HttpServer2.java:addFilter(958)) - Added filter static_user_filter (class=org.apache.hadoop.http.lib.StaticUserWebFilter$StaticUserFilter) to context logs
2019-08-20 14:11:35,690 [main] INFO  http.HttpServer2 (HttpServer2.java:addFilter(958)) - Added filter static_user_filter (class=org.apache.hadoop.http.lib.StaticUserWebFilter$StaticUserFilter) to context static
2019-08-20 14:11:35,690 [main] INFO  http.HttpServer2 (HttpServer2.java:bindListener(1191)) - Jetty bound to port 35283
2019-08-20 14:11:35,691 [main] INFO  server.Server (Server.java:doStart(351)) - jetty-9.3.24.v20180605, build timestamp: 2018-06-05T17:11:56Z, git hash: 84205aa28f11a4f31f2a3b86d1bba2cc8ab69827
2019-08-20 14:11:35,692 [main] INFO  handler.ContextHandler (ContextHandler.java:doStart(781)) - Started o.e.j.s.ServletContextHandler@32d1d6c5{/logs,file:///workdir/hadoop-ozone/integration-test/target/log,AVAILABLE}
2019-08-20 14:11:35,693 [main] INFO  handler.ContextHandler (ContextHandler.java:doStart(781)) - Started o.e.j.s.ServletContextHandler@58583a2d{/static,jar:file:/home/user/.m2/repository/org/apache/hadoop/hadoop-hdds-container-service/0.5.0-SNAPSHOT/hadoop-hdds-container-service-0.5.0-SNAPSHOT.jar!/webapps/static,AVAILABLE}
2019-08-20 14:11:35,722 [main] INFO  handler.ContextHandler (ContextHandler.java:doStart(781)) - Started o.e.j.w.WebAppContext@20914835{/,file:///tmp/jetty-0.0.0.0-35283-hddsDatanode-_-any-1992225120218391695.dir/webapp/,AVAILABLE}{/hddsDatanode}
2019-08-20 14:11:35,723 [main] INFO  server.AbstractConnector (AbstractConnector.java:doStart(278)) - Started ServerConnector@615c4ea4{HTTP/1.1,[http/1.1]}{0.0.0.0:35283}
2019-08-20 14:11:35,725 [main] INFO  server.Server (Server.java:doStart(419)) - Started @68269ms
2019-08-20 14:11:35,726 [main] INFO  server.BaseHttpServer (BaseHttpServer.java:updateConnectorAddress(213)) - HTTP server of HDDSDATANODE is listening at http://0.0.0.0:35283
2019-08-20 14:11:35,865 | INFO  | ObjectStoreRestHttpServer | Listening HDDS REST traffic on /0.0.0.0:37468 |  
2019-08-20 14:11:35,865 [main] INFO  ozone.HddsDatanodeService (HddsDatanodeService.java:startPlugins(395)) - Started plug-in org.apache.hadoop.ozone.web.OzoneHddsDatanodeService@4910afdf
2019-08-20 14:11:35,865 [main] INFO  impl.MetricsSystemImpl (MetricsSystemImpl.java:init(158)) - HddsDatanode metrics system started (again)
2019-08-20 14:11:35,866 [org.apache.hadoop.util.JvmPauseMonitor$Monitor@5b094c5c] INFO  util.JvmPauseMonitor (JvmPauseMonitor.java:run(188)) - Starting JVM pause monitor
2019-08-20 14:11:35,869 [Datanode State Machine Thread - 0] INFO  datanode.InitDatanodeState (InitDatanodeState.java:persistContainerDatanodeDetails(140)) - DatanodeDetails is persisted to /workdir/hadoop-ozone/integration-test/target/test-dir/MiniOzoneClusterImpl-d741eabc-a61f-4873-a8b1-78c66134a397/datanode-2/meta/datanode.id
2019-08-20 14:11:35,869 [main] INFO  ozone.HddsDatanodeService (HddsDatanodeService.java:start(184)) - HddsDatanodeService host:pr-hdds-1946lgncr-3764977478 ip:192.168.69.96
2019-08-20 14:11:35,875 [main] INFO  volume.HddsVolume (HddsVolume.java:<init>(176)) - Creating Volume: /workdir/hadoop-ozone/integration-test/target/test-dir/MiniOzoneClusterImpl-d741eabc-a61f-4873-a8b1-78c66134a397/datanode-3/data/containers/hdds of  storage type : DISK and capacity : 1482555576320
2019-08-20 14:11:35,876 [main] INFO  volume.VolumeSet (VolumeSet.java:initializeVolumeSet(170)) - Added Volume : /workdir/hadoop-ozone/integration-test/target/test-dir/MiniOzoneClusterImpl-d741eabc-a61f-4873-a8b1-78c66134a397/datanode-3/data/containers/hdds to VolumeSet
2019-08-20 14:11:35,876 [main] INFO  volume.ThrottledAsyncChecker (ThrottledAsyncChecker.java:schedule(140)) - Scheduling a check for org.apache.hadoop.ozone.container.common.volume.HddsVolume@69ab2d6a
2019-08-20 14:11:35,876 [main] INFO  volume.HddsVolumeChecker (HddsVolumeChecker.java:checkAllVolumes(203)) - Scheduled health check for volume org.apache.hadoop.ozone.container.common.volume.HddsVolume@69ab2d6a
2019-08-20 14:11:35,888 [main] INFO  impl.RaftServerProxy (ConfUtils.java:logGet(43)) - raft.rpc.type = GRPC (default)
2019-08-20 14:11:35,890 [main] INFO  grpc.GrpcFactory (GrpcFactory.java:checkPooledByteBufAllocatorUseCacheForAllThreads(45)) - PERFORMANCE WARNING: useCacheForAllThreads is true that may cause Netty to create a lot garbage objects and, as a result, trigger GC.
	It is recommended to disable useCacheForAllThreads by setting -Dorg.apache.ratis.thirdparty.io.netty.allocator.useCacheForAllThreads=false in command line.
2019-08-20 14:11:35,890 [main] INFO  grpc.GrpcConfigKeys$Server (ConfUtils.java:logGet(43)) - raft.grpc.server.port = 0 (default)
2019-08-20 14:11:35,890 [main] INFO  server.GrpcService (ConfUtils.java:logGet(43)) - raft.grpc.message.size.max = 33570816 (custom)
2019-08-20 14:11:35,890 [main] INFO  server.RaftServerConfigKeys (ConfUtils.java:logGet(43)) - raft.server.log.appender.buffer.byte-limit = 33554432 (custom)
2019-08-20 14:11:35,890 [main] INFO  server.GrpcService (ConfUtils.java:logGet(43)) - raft.grpc.flow.control.window = 1MB (=1048576) (default)
2019-08-20 14:11:35,891 [main] INFO  server.RaftServerConfigKeys (ConfUtils.java:logGet(43)) - raft.server.rpc.request.timeout = 3000ms (default)
2019-08-20 14:11:35,891 [main] INFO  server.RaftServerConfigKeys (ConfUtils.java:logGet(43)) - raft.server.storage.dir = [/workdir/hadoop-ozone/integration-test/target/test-dir/MiniOzoneClusterImpl-d741eabc-a61f-4873-a8b1-78c66134a397/datanode-3/data/ratis] (custom)
2019-08-20 14:11:35,891 [main] INFO  replication.SimpleContainerDownloader (SimpleContainerDownloader.java:<init>(72)) - Starting container downloader service to copy containers to replicate.
2019-08-20 14:11:35,893 [main] INFO  hdfs.DFSUtil (DFSUtil.java:httpServerTemplateForNNAndJN(1641)) - Starting Web-server for hddsDatanode at: http://0.0.0.0:0
2019-08-20 14:11:35,894 [main] INFO  server.AuthenticationFilter (AuthenticationFilter.java:constructSecretProvider(240)) - Unable to initialize FileSignerSecretProvider, falling back to use random secrets.
2019-08-20 14:11:35,894 [main] WARN  http.HttpRequestLog (HttpRequestLog.java:getRequestLog(97)) - Jetty request log can only be enabled using Log4j
2019-08-20 14:11:35,895 [main] INFO  http.HttpServer2 (HttpServer2.java:addGlobalFilter(975)) - Added global filter 'safety' (class=org.apache.hadoop.http.HttpServer2$QuotingInputFilter)
2019-08-20 14:11:35,896 [main] INFO  http.HttpServer2 (HttpServer2.java:addFilter(948)) - Added filter static_user_filter (class=org.apache.hadoop.http.lib.StaticUserWebFilter$StaticUserFilter) to context hddsDatanode
2019-08-20 14:11:35,896 [main] INFO  http.HttpServer2 (HttpServer2.java:addFilter(958)) - Added filter static_user_filter (class=org.apache.hadoop.http.lib.StaticUserWebFilter$StaticUserFilter) to context static
2019-08-20 14:11:35,896 [main] INFO  http.HttpServer2 (HttpServer2.java:addFilter(958)) - Added filter static_user_filter (class=org.apache.hadoop.http.lib.StaticUserWebFilter$StaticUserFilter) to context logs
2019-08-20 14:11:35,897 [main] INFO  http.HttpServer2 (HttpServer2.java:bindListener(1191)) - Jetty bound to port 40016
2019-08-20 14:11:35,897 [main] INFO  server.Server (Server.java:doStart(351)) - jetty-9.3.24.v20180605, build timestamp: 2018-06-05T17:11:56Z, git hash: 84205aa28f11a4f31f2a3b86d1bba2cc8ab69827
2019-08-20 14:11:35,899 [main] INFO  handler.ContextHandler (ContextHandler.java:doStart(781)) - Started o.e.j.s.ServletContextHandler@5d5cd210{/logs,file:///workdir/hadoop-ozone/integration-test/target/log,AVAILABLE}
2019-08-20 14:11:35,899 [main] INFO  handler.ContextHandler (ContextHandler.java:doStart(781)) - Started o.e.j.s.ServletContextHandler@6edb1e9c{/static,jar:file:/home/user/.m2/repository/org/apache/hadoop/hadoop-hdds-container-service/0.5.0-SNAPSHOT/hadoop-hdds-container-service-0.5.0-SNAPSHOT.jar!/webapps/static,AVAILABLE}
2019-08-20 14:11:35,928 [main] INFO  handler.ContextHandler (ContextHandler.java:doStart(781)) - Started o.e.j.w.WebAppContext@2d2af12e{/,file:///tmp/jetty-0.0.0.0-40016-hddsDatanode-_-any-8893990488241845787.dir/webapp/,AVAILABLE}{/hddsDatanode}
2019-08-20 14:11:35,928 [main] INFO  server.AbstractConnector (AbstractConnector.java:doStart(278)) - Started ServerConnector@611587f7{HTTP/1.1,[http/1.1]}{0.0.0.0:40016}
2019-08-20 14:11:35,930 [main] INFO  server.Server (Server.java:doStart(419)) - Started @68474ms
2019-08-20 14:11:35,930 [main] INFO  server.BaseHttpServer (BaseHttpServer.java:updateConnectorAddress(213)) - HTTP server of HDDSDATANODE is listening at http://0.0.0.0:40016
2019-08-20 14:11:36,045 | INFO  | ObjectStoreRestHttpServer | Listening HDDS REST traffic on /0.0.0.0:44820 |  
2019-08-20 14:11:36,045 [main] INFO  ozone.HddsDatanodeService (HddsDatanodeService.java:startPlugins(395)) - Started plug-in org.apache.hadoop.ozone.web.OzoneHddsDatanodeService@66716959
2019-08-20 14:11:36,046 [main] INFO  impl.MetricsSystemImpl (MetricsSystemImpl.java:init(158)) - HddsDatanode metrics system started (again)
2019-08-20 14:11:36,047 [org.apache.hadoop.util.JvmPauseMonitor$Monitor@47dc48e8] INFO  util.JvmPauseMonitor (JvmPauseMonitor.java:run(188)) - Starting JVM pause monitor
2019-08-20 14:11:36,048 [Datanode State Machine Thread - 0] INFO  datanode.InitDatanodeState (InitDatanodeState.java:persistContainerDatanodeDetails(140)) - DatanodeDetails is persisted to /workdir/hadoop-ozone/integration-test/target/test-dir/MiniOzoneClusterImpl-d741eabc-a61f-4873-a8b1-78c66134a397/datanode-3/meta/datanode.id
2019-08-20 14:11:36,049 [main] INFO  ozone.HddsDatanodeService (HddsDatanodeService.java:start(184)) - HddsDatanodeService host:pr-hdds-1946lgncr-3764977478 ip:192.168.69.96
2019-08-20 14:11:36,056 [main] INFO  volume.HddsVolume (HddsVolume.java:<init>(176)) - Creating Volume: /workdir/hadoop-ozone/integration-test/target/test-dir/MiniOzoneClusterImpl-d741eabc-a61f-4873-a8b1-78c66134a397/datanode-4/data/containers/hdds of  storage type : DISK and capacity : 1482555576320
2019-08-20 14:11:36,056 [main] INFO  volume.VolumeSet (VolumeSet.java:initializeVolumeSet(170)) - Added Volume : /workdir/hadoop-ozone/integration-test/target/test-dir/MiniOzoneClusterImpl-d741eabc-a61f-4873-a8b1-78c66134a397/datanode-4/data/containers/hdds to VolumeSet
2019-08-20 14:11:36,056 [main] INFO  volume.ThrottledAsyncChecker (ThrottledAsyncChecker.java:schedule(140)) - Scheduling a check for org.apache.hadoop.ozone.container.common.volume.HddsVolume@175bf9c9
2019-08-20 14:11:36,057 [main] INFO  volume.HddsVolumeChecker (HddsVolumeChecker.java:checkAllVolumes(203)) - Scheduled health check for volume org.apache.hadoop.ozone.container.common.volume.HddsVolume@175bf9c9
2019-08-20 14:11:36,070 [main] INFO  impl.RaftServerProxy (ConfUtils.java:logGet(43)) - raft.rpc.type = GRPC (default)
2019-08-20 14:11:36,071 [main] INFO  grpc.GrpcFactory (GrpcFactory.java:checkPooledByteBufAllocatorUseCacheForAllThreads(45)) - PERFORMANCE WARNING: useCacheForAllThreads is true that may cause Netty to create a lot garbage objects and, as a result, trigger GC.
	It is recommended to disable useCacheForAllThreads by setting -Dorg.apache.ratis.thirdparty.io.netty.allocator.useCacheForAllThreads=false in command line.
2019-08-20 14:11:36,072 [main] INFO  grpc.GrpcConfigKeys$Server (ConfUtils.java:logGet(43)) - raft.grpc.server.port = 0 (default)
2019-08-20 14:11:36,072 [main] INFO  server.GrpcService (ConfUtils.java:logGet(43)) - raft.grpc.message.size.max = 33570816 (custom)
2019-08-20 14:11:36,072 [main] INFO  server.RaftServerConfigKeys (ConfUtils.java:logGet(43)) - raft.server.log.appender.buffer.byte-limit = 33554432 (custom)
2019-08-20 14:11:36,073 [main] INFO  server.GrpcService (ConfUtils.java:logGet(43)) - raft.grpc.flow.control.window = 1MB (=1048576) (default)
2019-08-20 14:11:36,073 [main] INFO  server.RaftServerConfigKeys (ConfUtils.java:logGet(43)) - raft.server.rpc.request.timeout = 3000ms (default)
2019-08-20 14:11:36,073 [main] INFO  server.RaftServerConfigKeys (ConfUtils.java:logGet(43)) - raft.server.storage.dir = [/workdir/hadoop-ozone/integration-test/target/test-dir/MiniOzoneClusterImpl-d741eabc-a61f-4873-a8b1-78c66134a397/datanode-4/data/ratis] (custom)
2019-08-20 14:11:36,074 [main] INFO  replication.SimpleContainerDownloader (SimpleContainerDownloader.java:<init>(72)) - Starting container downloader service to copy containers to replicate.
2019-08-20 14:11:36,076 [main] INFO  hdfs.DFSUtil (DFSUtil.java:httpServerTemplateForNNAndJN(1641)) - Starting Web-server for hddsDatanode at: http://0.0.0.0:0
2019-08-20 14:11:36,077 [main] INFO  server.AuthenticationFilter (AuthenticationFilter.java:constructSecretProvider(240)) - Unable to initialize FileSignerSecretProvider, falling back to use random secrets.
2019-08-20 14:11:36,078 [main] WARN  http.HttpRequestLog (HttpRequestLog.java:getRequestLog(97)) - Jetty request log can only be enabled using Log4j
2019-08-20 14:11:36,080 [main] INFO  http.HttpServer2 (HttpServer2.java:addGlobalFilter(975)) - Added global filter 'safety' (class=org.apache.hadoop.http.HttpServer2$QuotingInputFilter)
2019-08-20 14:11:36,081 [main] INFO  http.HttpServer2 (HttpServer2.java:addFilter(948)) - Added filter static_user_filter (class=org.apache.hadoop.http.lib.StaticUserWebFilter$StaticUserFilter) to context hddsDatanode
2019-08-20 14:11:36,081 [main] INFO  http.HttpServer2 (HttpServer2.java:addFilter(958)) - Added filter static_user_filter (class=org.apache.hadoop.http.lib.StaticUserWebFilter$StaticUserFilter) to context logs
2019-08-20 14:11:36,081 [main] INFO  http.HttpServer2 (HttpServer2.java:addFilter(958)) - Added filter static_user_filter (class=org.apache.hadoop.http.lib.StaticUserWebFilter$StaticUserFilter) to context static
2019-08-20 14:11:36,082 [main] INFO  http.HttpServer2 (HttpServer2.java:bindListener(1191)) - Jetty bound to port 39665
2019-08-20 14:11:36,082 [main] INFO  server.Server (Server.java:doStart(351)) - jetty-9.3.24.v20180605, build timestamp: 2018-06-05T17:11:56Z, git hash: 84205aa28f11a4f31f2a3b86d1bba2cc8ab69827
2019-08-20 14:11:36,084 [main] INFO  handler.ContextHandler (ContextHandler.java:doStart(781)) - Started o.e.j.s.ServletContextHandler@2b464384{/logs,file:///workdir/hadoop-ozone/integration-test/target/log,AVAILABLE}
2019-08-20 14:11:36,085 [main] INFO  handler.ContextHandler (ContextHandler.java:doStart(781)) - Started o.e.j.s.ServletContextHandler@77f7352a{/static,jar:file:/home/user/.m2/repository/org/apache/hadoop/hadoop-hdds-container-service/0.5.0-SNAPSHOT/hadoop-hdds-container-service-0.5.0-SNAPSHOT.jar!/webapps/static,AVAILABLE}
2019-08-20 14:11:36,128 [main] INFO  handler.ContextHandler (ContextHandler.java:doStart(781)) - Started o.e.j.w.WebAppContext@16c0be3b{/,file:///tmp/jetty-0.0.0.0-39665-hddsDatanode-_-any-7270710559534995715.dir/webapp/,AVAILABLE}{/hddsDatanode}
2019-08-20 14:11:36,129 [main] INFO  server.AbstractConnector (AbstractConnector.java:doStart(278)) - Started ServerConnector@219edc05{HTTP/1.1,[http/1.1]}{0.0.0.0:39665}
2019-08-20 14:11:36,129 [main] INFO  server.Server (Server.java:doStart(419)) - Started @68674ms
2019-08-20 14:11:36,131 [main] INFO  server.BaseHttpServer (BaseHttpServer.java:updateConnectorAddress(213)) - HTTP server of HDDSDATANODE is listening at http://0.0.0.0:39665
2019-08-20 14:11:36,270 | INFO  | ObjectStoreRestHttpServer | Listening HDDS REST traffic on /0.0.0.0:34804 |  
2019-08-20 14:11:36,270 [main] INFO  ozone.HddsDatanodeService (HddsDatanodeService.java:startPlugins(395)) - Started plug-in org.apache.hadoop.ozone.web.OzoneHddsDatanodeService@21ce3b22
2019-08-20 14:11:36,271 [main] INFO  impl.MetricsSystemImpl (MetricsSystemImpl.java:init(158)) - HddsDatanode metrics system started (again)
2019-08-20 14:11:36,272 [org.apache.hadoop.util.JvmPauseMonitor$Monitor@44acd9e6] INFO  util.JvmPauseMonitor (JvmPauseMonitor.java:run(188)) - Starting JVM pause monitor
2019-08-20 14:11:36,273 [Datanode State Machine Thread - 0] INFO  datanode.InitDatanodeState (InitDatanodeState.java:persistContainerDatanodeDetails(140)) - DatanodeDetails is persisted to /workdir/hadoop-ozone/integration-test/target/test-dir/MiniOzoneClusterImpl-d741eabc-a61f-4873-a8b1-78c66134a397/datanode-4/meta/datanode.id
2019-08-20 14:11:36,275 [main] INFO  ozone.HddsDatanodeService (HddsDatanodeService.java:start(184)) - HddsDatanodeService host:pr-hdds-1946lgncr-3764977478 ip:192.168.69.96
2019-08-20 14:11:36,282 [main] INFO  volume.HddsVolume (HddsVolume.java:<init>(176)) - Creating Volume: /workdir/hadoop-ozone/integration-test/target/test-dir/MiniOzoneClusterImpl-d741eabc-a61f-4873-a8b1-78c66134a397/datanode-5/data/containers/hdds of  storage type : DISK and capacity : 1482555576320
2019-08-20 14:11:36,282 [main] INFO  volume.VolumeSet (VolumeSet.java:initializeVolumeSet(170)) - Added Volume : /workdir/hadoop-ozone/integration-test/target/test-dir/MiniOzoneClusterImpl-d741eabc-a61f-4873-a8b1-78c66134a397/datanode-5/data/containers/hdds to VolumeSet
2019-08-20 14:11:36,282 [main] INFO  volume.ThrottledAsyncChecker (ThrottledAsyncChecker.java:schedule(140)) - Scheduling a check for org.apache.hadoop.ozone.container.common.volume.HddsVolume@3387ab0
2019-08-20 14:11:36,283 [main] INFO  volume.HddsVolumeChecker (HddsVolumeChecker.java:checkAllVolumes(203)) - Scheduled health check for volume org.apache.hadoop.ozone.container.common.volume.HddsVolume@3387ab0
2019-08-20 14:11:36,301 [main] INFO  impl.RaftServerProxy (ConfUtils.java:logGet(43)) - raft.rpc.type = GRPC (default)
2019-08-20 14:11:36,302 [main] INFO  grpc.GrpcFactory (GrpcFactory.java:checkPooledByteBufAllocatorUseCacheForAllThreads(45)) - PERFORMANCE WARNING: useCacheForAllThreads is true that may cause Netty to create a lot garbage objects and, as a result, trigger GC.
	It is recommended to disable useCacheForAllThreads by setting -Dorg.apache.ratis.thirdparty.io.netty.allocator.useCacheForAllThreads=false in command line.
2019-08-20 14:11:36,302 [main] INFO  grpc.GrpcConfigKeys$Server (ConfUtils.java:logGet(43)) - raft.grpc.server.port = 0 (default)
2019-08-20 14:11:36,302 [main] INFO  server.GrpcService (ConfUtils.java:logGet(43)) - raft.grpc.message.size.max = 33570816 (custom)
2019-08-20 14:11:36,303 [main] INFO  server.RaftServerConfigKeys (ConfUtils.java:logGet(43)) - raft.server.log.appender.buffer.byte-limit = 33554432 (custom)
2019-08-20 14:11:36,303 [main] INFO  server.GrpcService (ConfUtils.java:logGet(43)) - raft.grpc.flow.control.window = 1MB (=1048576) (default)
2019-08-20 14:11:36,303 [main] INFO  server.RaftServerConfigKeys (ConfUtils.java:logGet(43)) - raft.server.rpc.request.timeout = 3000ms (default)
2019-08-20 14:11:36,304 [main] INFO  server.RaftServerConfigKeys (ConfUtils.java:logGet(43)) - raft.server.storage.dir = [/workdir/hadoop-ozone/integration-test/target/test-dir/MiniOzoneClusterImpl-d741eabc-a61f-4873-a8b1-78c66134a397/datanode-5/data/ratis] (custom)
2019-08-20 14:11:36,304 [main] INFO  replication.SimpleContainerDownloader (SimpleContainerDownloader.java:<init>(72)) - Starting container downloader service to copy containers to replicate.
2019-08-20 14:11:36,306 [main] INFO  hdfs.DFSUtil (DFSUtil.java:httpServerTemplateForNNAndJN(1641)) - Starting Web-server for hddsDatanode at: http://0.0.0.0:0
2019-08-20 14:11:36,308 [main] INFO  server.AuthenticationFilter (AuthenticationFilter.java:constructSecretProvider(240)) - Unable to initialize FileSignerSecretProvider, falling back to use random secrets.
2019-08-20 14:11:36,309 [main] WARN  http.HttpRequestLog (HttpRequestLog.java:getRequestLog(97)) - Jetty request log can only be enabled using Log4j
2019-08-20 14:11:36,310 [main] INFO  http.HttpServer2 (HttpServer2.java:addGlobalFilter(975)) - Added global filter 'safety' (class=org.apache.hadoop.http.HttpServer2$QuotingInputFilter)
2019-08-20 14:11:36,311 [main] INFO  http.HttpServer2 (HttpServer2.java:addFilter(948)) - Added filter static_user_filter (class=org.apache.hadoop.http.lib.StaticUserWebFilter$StaticUserFilter) to context hddsDatanode
2019-08-20 14:11:36,311 [main] INFO  http.HttpServer2 (HttpServer2.java:addFilter(958)) - Added filter static_user_filter (class=org.apache.hadoop.http.lib.StaticUserWebFilter$StaticUserFilter) to context logs
2019-08-20 14:11:36,312 [main] INFO  http.HttpServer2 (HttpServer2.java:addFilter(958)) - Added filter static_user_filter (class=org.apache.hadoop.http.lib.StaticUserWebFilter$StaticUserFilter) to context static
2019-08-20 14:11:36,312 [main] INFO  http.HttpServer2 (HttpServer2.java:bindListener(1191)) - Jetty bound to port 36608
2019-08-20 14:11:36,313 [main] INFO  server.Server (Server.java:doStart(351)) - jetty-9.3.24.v20180605, build timestamp: 2018-06-05T17:11:56Z, git hash: 84205aa28f11a4f31f2a3b86d1bba2cc8ab69827
2019-08-20 14:11:36,315 [main] INFO  handler.ContextHandler (ContextHandler.java:doStart(781)) - Started o.e.j.s.ServletContextHandler@2d3111a1{/logs,file:///workdir/hadoop-ozone/integration-test/target/log,AVAILABLE}
2019-08-20 14:11:36,315 [main] INFO  handler.ContextHandler (ContextHandler.java:doStart(781)) - Started o.e.j.s.ServletContextHandler@50ef2906{/static,jar:file:/home/user/.m2/repository/org/apache/hadoop/hadoop-hdds-container-service/0.5.0-SNAPSHOT/hadoop-hdds-container-service-0.5.0-SNAPSHOT.jar!/webapps/static,AVAILABLE}
2019-08-20 14:11:36,352 [main] INFO  handler.ContextHandler (ContextHandler.java:doStart(781)) - Started o.e.j.w.WebAppContext@288b73c1{/,file:///tmp/jetty-0.0.0.0-36608-hddsDatanode-_-any-1708898131032305237.dir/webapp/,AVAILABLE}{/hddsDatanode}
2019-08-20 14:11:36,353 [main] INFO  server.AbstractConnector (AbstractConnector.java:doStart(278)) - Started ServerConnector@104cfb24{HTTP/1.1,[http/1.1]}{0.0.0.0:36608}
2019-08-20 14:11:36,354 [main] INFO  server.Server (Server.java:doStart(419)) - Started @68899ms
2019-08-20 14:11:36,355 [main] INFO  server.BaseHttpServer (BaseHttpServer.java:updateConnectorAddress(213)) - HTTP server of HDDSDATANODE is listening at http://0.0.0.0:36608
2019-08-20 14:11:36,535 | INFO  | ObjectStoreRestHttpServer | Listening HDDS REST traffic on /0.0.0.0:38830 |  
2019-08-20 14:11:36,536 [main] INFO  ozone.HddsDatanodeService (HddsDatanodeService.java:startPlugins(395)) - Started plug-in org.apache.hadoop.ozone.web.OzoneHddsDatanodeService@3d7caf9c
2019-08-20 14:11:36,537 [main] INFO  ozone.MiniOzoneClusterImpl (MiniOzoneClusterImpl.java:lambda$waitForClusterToBeReady$0(142)) - Waiting for cluster to be ready. Got 0 of 6 DN Heartbeats.
2019-08-20 14:11:36,538 [org.apache.hadoop.util.JvmPauseMonitor$Monitor@2cb0f7af] INFO  util.JvmPauseMonitor (JvmPauseMonitor.java:run(188)) - Starting JVM pause monitor
2019-08-20 14:11:36,855 [Datanode State Machine Thread - 0] INFO  datanode.InitDatanodeState (InitDatanodeState.java:persistContainerDatanodeDetails(140)) - DatanodeDetails is persisted to /workdir/hadoop-ozone/integration-test/target/test-dir/MiniOzoneClusterImpl-d741eabc-a61f-4873-a8b1-78c66134a397/datanode-5/meta/datanode.id
2019-08-20 14:11:37,463 | INFO  | SCMAudit | user=jenkins1000 | ip=192.168.69.96 | op=GET_VERSION null | ret=SUCCESS |  
2019-08-20 14:11:37,537 [main] INFO  ozone.MiniOzoneClusterImpl (MiniOzoneClusterImpl.java:lambda$waitForClusterToBeReady$0(142)) - Waiting for cluster to be ready. Got 0 of 6 DN Heartbeats.
2019-08-20 14:11:37,665 | INFO  | SCMAudit | user=jenkins1000 | ip=192.168.69.96 | op=GET_VERSION null | ret=SUCCESS |  
2019-08-20 14:11:37,868 | INFO  | SCMAudit | user=jenkins1000 | ip=192.168.69.96 | op=GET_VERSION null | ret=SUCCESS |  
2019-08-20 14:11:38,047 | INFO  | SCMAudit | user=jenkins1000 | ip=192.168.69.96 | op=GET_VERSION null | ret=SUCCESS |  
2019-08-20 14:11:38,273 | INFO  | SCMAudit | user=jenkins1000 | ip=192.168.69.96 | op=GET_VERSION null | ret=SUCCESS |  
2019-08-20 14:11:38,537 [main] INFO  ozone.MiniOzoneClusterImpl (MiniOzoneClusterImpl.java:lambda$waitForClusterToBeReady$0(142)) - Waiting for cluster to be ready. Got 0 of 6 DN Heartbeats.
2019-08-20 14:11:38,538 | INFO  | SCMAudit | user=jenkins1000 | ip=192.168.69.96 | op=GET_VERSION null | ret=SUCCESS |  
2019-08-20 14:11:39,538 [main] INFO  ozone.MiniOzoneClusterImpl (MiniOzoneClusterImpl.java:lambda$waitForClusterToBeReady$0(142)) - Waiting for cluster to be ready. Got 0 of 6 DN Heartbeats.
2019-08-20 14:11:40,538 [main] INFO  ozone.MiniOzoneClusterImpl (MiniOzoneClusterImpl.java:lambda$waitForClusterToBeReady$0(142)) - Waiting for cluster to be ready. Got 0 of 6 DN Heartbeats.
2019-08-20 14:11:41,538 [main] INFO  ozone.MiniOzoneClusterImpl (MiniOzoneClusterImpl.java:lambda$waitForClusterToBeReady$0(142)) - Waiting for cluster to be ready. Got 0 of 6 DN Heartbeats.
2019-08-20 14:11:42,539 [main] INFO  ozone.MiniOzoneClusterImpl (MiniOzoneClusterImpl.java:lambda$waitForClusterToBeReady$0(142)) - Waiting for cluster to be ready. Got 0 of 6 DN Heartbeats.
2019-08-20 14:11:43,539 [main] INFO  ozone.MiniOzoneClusterImpl (MiniOzoneClusterImpl.java:lambda$waitForClusterToBeReady$0(142)) - Waiting for cluster to be ready. Got 0 of 6 DN Heartbeats.
2019-08-20 14:11:44,540 [main] INFO  ozone.MiniOzoneClusterImpl (MiniOzoneClusterImpl.java:lambda$waitForClusterToBeReady$0(142)) - Waiting for cluster to be ready. Got 0 of 6 DN Heartbeats.
2019-08-20 14:11:45,541 [main] INFO  ozone.MiniOzoneClusterImpl (MiniOzoneClusterImpl.java:lambda$waitForClusterToBeReady$0(142)) - Waiting for cluster to be ready. Got 0 of 6 DN Heartbeats.
2019-08-20 14:11:46,541 [main] INFO  ozone.MiniOzoneClusterImpl (MiniOzoneClusterImpl.java:lambda$waitForClusterToBeReady$0(142)) - Waiting for cluster to be ready. Got 0 of 6 DN Heartbeats.
2019-08-20 14:11:47,542 [main] INFO  ozone.MiniOzoneClusterImpl (MiniOzoneClusterImpl.java:lambda$waitForClusterToBeReady$0(142)) - Waiting for cluster to be ready. Got 0 of 6 DN Heartbeats.
2019-08-20 14:11:48,543 [main] INFO  ozone.MiniOzoneClusterImpl (MiniOzoneClusterImpl.java:lambda$waitForClusterToBeReady$0(142)) - Waiting for cluster to be ready. Got 0 of 6 DN Heartbeats.
2019-08-20 14:11:49,543 [main] INFO  ozone.MiniOzoneClusterImpl (MiniOzoneClusterImpl.java:lambda$waitForClusterToBeReady$0(142)) - Waiting for cluster to be ready. Got 0 of 6 DN Heartbeats.
2019-08-20 14:11:50,544 [main] INFO  ozone.MiniOzoneClusterImpl (MiniOzoneClusterImpl.java:lambda$waitForClusterToBeReady$0(142)) - Waiting for cluster to be ready. Got 0 of 6 DN Heartbeats.
2019-08-20 14:11:51,544 [main] INFO  ozone.MiniOzoneClusterImpl (MiniOzoneClusterImpl.java:lambda$waitForClusterToBeReady$0(142)) - Waiting for cluster to be ready. Got 0 of 6 DN Heartbeats.
2019-08-20 14:11:52,545 [main] INFO  ozone.MiniOzoneClusterImpl (MiniOzoneClusterImpl.java:lambda$waitForClusterToBeReady$0(142)) - Waiting for cluster to be ready. Got 0 of 6 DN Heartbeats.
2019-08-20 14:11:53,545 [main] INFO  ozone.MiniOzoneClusterImpl (MiniOzoneClusterImpl.java:lambda$waitForClusterToBeReady$0(142)) - Waiting for cluster to be ready. Got 0 of 6 DN Heartbeats.
2019-08-20 14:11:54,546 [main] INFO  ozone.MiniOzoneClusterImpl (MiniOzoneClusterImpl.java:lambda$waitForClusterToBeReady$0(142)) - Waiting for cluster to be ready. Got 0 of 6 DN Heartbeats.
2019-08-20 14:11:55,547 [main] INFO  ozone.MiniOzoneClusterImpl (MiniOzoneClusterImpl.java:lambda$waitForClusterToBeReady$0(142)) - Waiting for cluster to be ready. Got 0 of 6 DN Heartbeats.
2019-08-20 14:11:56,547 [main] INFO  ozone.MiniOzoneClusterImpl (MiniOzoneClusterImpl.java:lambda$waitForClusterToBeReady$0(142)) - Waiting for cluster to be ready. Got 0 of 6 DN Heartbeats.
2019-08-20 14:11:57,548 [main] INFO  ozone.MiniOzoneClusterImpl (MiniOzoneClusterImpl.java:lambda$waitForClusterToBeReady$0(142)) - Waiting for cluster to be ready. Got 0 of 6 DN Heartbeats.
2019-08-20 14:11:58,549 [main] INFO  ozone.MiniOzoneClusterImpl (MiniOzoneClusterImpl.java:lambda$waitForClusterToBeReady$0(142)) - Waiting for cluster to be ready. Got 0 of 6 DN Heartbeats.
2019-08-20 14:11:59,341 [Datanode State Machine Thread - 0] INFO  ozoneimpl.OzoneContainer (OzoneContainer.java:start(186)) - Attempting to start container services.
2019-08-20 14:11:59,341 [Datanode State Machine Thread - 0] INFO  ozoneimpl.OzoneContainer (OzoneContainer.java:start(186)) - Attempting to start container services.
2019-08-20 14:11:59,341 [Datanode State Machine Thread - 0] INFO  ozoneimpl.OzoneContainer (OzoneContainer.java:startContainerScrub(160)) - Background container scrubber has been disabled by hdds.containerscrub.enabled
2019-08-20 14:11:59,341 [Datanode State Machine Thread - 0] INFO  ozoneimpl.OzoneContainer (OzoneContainer.java:start(186)) - Attempting to start container services.
2019-08-20 14:11:59,341 [Datanode State Machine Thread - 0] INFO  ozoneimpl.OzoneContainer (OzoneContainer.java:start(186)) - Attempting to start container services.
2019-08-20 14:11:59,341 [Datanode State Machine Thread - 0] INFO  ozoneimpl.OzoneContainer (OzoneContainer.java:start(186)) - Attempting to start container services.
2019-08-20 14:11:59,341 [Datanode State Machine Thread - 0] INFO  ozoneimpl.OzoneContainer (OzoneContainer.java:start(186)) - Attempting to start container services.
2019-08-20 14:11:59,342 [Datanode State Machine Thread - 0] INFO  ozoneimpl.OzoneContainer (OzoneContainer.java:startContainerScrub(160)) - Background container scrubber has been disabled by hdds.containerscrub.enabled
2019-08-20 14:11:59,342 [Datanode State Machine Thread - 0] INFO  ozoneimpl.OzoneContainer (OzoneContainer.java:startContainerScrub(160)) - Background container scrubber has been disabled by hdds.containerscrub.enabled
2019-08-20 14:11:59,342 [Datanode State Machine Thread - 0] INFO  ozoneimpl.OzoneContainer (OzoneContainer.java:startContainerScrub(160)) - Background container scrubber has been disabled by hdds.containerscrub.enabled
2019-08-20 14:11:59,343 [Datanode State Machine Thread - 0] INFO  ratis.XceiverServerRatis (XceiverServerRatis.java:start(404)) - Starting XceiverServerRatis f54a9d9a-91ad-45d4-b513-3f5ec3046002 at port 0
2019-08-20 14:11:59,342 [Datanode State Machine Thread - 0] INFO  ratis.XceiverServerRatis (XceiverServerRatis.java:start(404)) - Starting XceiverServerRatis 7508574d-b4c6-466d-85cb-c3f6c8793b7e at port 0
2019-08-20 14:11:59,342 [Datanode State Machine Thread - 0] INFO  ozoneimpl.OzoneContainer (OzoneContainer.java:startContainerScrub(160)) - Background container scrubber has been disabled by hdds.containerscrub.enabled
2019-08-20 14:11:59,343 [Datanode State Machine Thread - 0] INFO  ratis.XceiverServerRatis (XceiverServerRatis.java:start(404)) - Starting XceiverServerRatis 85238e17-2af5-4085-b5cc-473b32345742 at port 0
2019-08-20 14:11:59,343 [Datanode State Machine Thread - 0] INFO  ratis.XceiverServerRatis (XceiverServerRatis.java:start(404)) - Starting XceiverServerRatis ecede196-1368-4cbb-9d0e-c1e9efcb994c at port 0
2019-08-20 14:11:59,342 [Datanode State Machine Thread - 0] INFO  ratis.XceiverServerRatis (XceiverServerRatis.java:start(404)) - Starting XceiverServerRatis 385763eb-e39a-4704-9617-4fe83a8f4873 at port 0
2019-08-20 14:11:59,342 [Datanode State Machine Thread - 0] INFO  ozoneimpl.OzoneContainer (OzoneContainer.java:startContainerScrub(160)) - Background container scrubber has been disabled by hdds.containerscrub.enabled
2019-08-20 14:11:59,344 [Datanode State Machine Thread - 0] INFO  ratis.XceiverServerRatis (XceiverServerRatis.java:start(404)) - Starting XceiverServerRatis 8432d649-ea52-4ea8-a512-06e8559690c2 at port 0
2019-08-20 14:11:59,381 [Datanode State Machine Thread - 0] INFO  impl.RaftServerProxy (RaftServerProxy.java:lambda$start$3(299)) - 8432d649-ea52-4ea8-a512-06e8559690c2: start RPC server
2019-08-20 14:11:59,381 [Datanode State Machine Thread - 0] INFO  impl.RaftServerProxy (RaftServerProxy.java:lambda$start$3(299)) - 7508574d-b4c6-466d-85cb-c3f6c8793b7e: start RPC server
2019-08-20 14:11:59,382 [Datanode State Machine Thread - 0] INFO  impl.RaftServerProxy (RaftServerProxy.java:lambda$start$3(299)) - f54a9d9a-91ad-45d4-b513-3f5ec3046002: start RPC server
2019-08-20 14:11:59,384 [Datanode State Machine Thread - 0] INFO  server.GrpcService (GrpcService.java:startImpl(149)) - 7508574d-b4c6-466d-85cb-c3f6c8793b7e: GrpcService started, listening on 0.0.0.0/0.0.0.0:35557
2019-08-20 14:11:59,384 [Datanode State Machine Thread - 0] INFO  server.GrpcService (GrpcService.java:startImpl(149)) - 8432d649-ea52-4ea8-a512-06e8559690c2: GrpcService started, listening on 0.0.0.0/0.0.0.0:40233
2019-08-20 14:11:59,384 [Datanode State Machine Thread - 0] INFO  server.GrpcService (GrpcService.java:startImpl(149)) - f54a9d9a-91ad-45d4-b513-3f5ec3046002: GrpcService started, listening on 0.0.0.0/0.0.0.0:37332
2019-08-20 14:11:59,384 [Datanode State Machine Thread - 0] INFO  ratis.XceiverServerRatis (XceiverServerRatis.java:start(414)) - XceiverServerRatis 8432d649-ea52-4ea8-a512-06e8559690c2 is started using port 40233
2019-08-20 14:11:59,384 [Datanode State Machine Thread - 0] INFO  ratis.XceiverServerRatis (XceiverServerRatis.java:start(414)) - XceiverServerRatis 7508574d-b4c6-466d-85cb-c3f6c8793b7e is started using port 35557
2019-08-20 14:11:59,385 [Datanode State Machine Thread - 0] INFO  impl.RaftServerProxy (RaftServerProxy.java:lambda$start$3(299)) - ecede196-1368-4cbb-9d0e-c1e9efcb994c: start RPC server
2019-08-20 14:11:59,385 [Datanode State Machine Thread - 0] INFO  ratis.XceiverServerRatis (XceiverServerRatis.java:start(414)) - XceiverServerRatis f54a9d9a-91ad-45d4-b513-3f5ec3046002 is started using port 37332
2019-08-20 14:11:59,388 [Datanode State Machine Thread - 0] INFO  server.XceiverServerGrpc (XceiverServerGrpc.java:start(161)) - XceiverServerGrpc 7508574d-b4c6-466d-85cb-c3f6c8793b7e is started using port 43968
2019-08-20 14:11:59,385 [Datanode State Machine Thread - 0] INFO  server.XceiverServerGrpc (XceiverServerGrpc.java:start(161)) - XceiverServerGrpc 8432d649-ea52-4ea8-a512-06e8559690c2 is started using port 36523
2019-08-20 14:11:59,388 [Datanode State Machine Thread - 0] INFO  server.GrpcService (GrpcService.java:startImpl(149)) - ecede196-1368-4cbb-9d0e-c1e9efcb994c: GrpcService started, listening on 0.0.0.0/0.0.0.0:42074
2019-08-20 14:11:59,388 [Datanode State Machine Thread - 0] INFO  ratis.XceiverServerRatis (XceiverServerRatis.java:start(414)) - XceiverServerRatis ecede196-1368-4cbb-9d0e-c1e9efcb994c is started using port 42074
2019-08-20 14:11:59,388 [Datanode State Machine Thread - 0] INFO  server.XceiverServerGrpc (XceiverServerGrpc.java:start(161)) - XceiverServerGrpc f54a9d9a-91ad-45d4-b513-3f5ec3046002 is started using port 34002
2019-08-20 14:11:59,389 [Datanode State Machine Thread - 0] INFO  server.XceiverServerGrpc (XceiverServerGrpc.java:start(161)) - XceiverServerGrpc ecede196-1368-4cbb-9d0e-c1e9efcb994c is started using port 42614
2019-08-20 14:11:59,389 [Datanode State Machine Thread - 0] INFO  impl.RaftServerProxy (RaftServerProxy.java:lambda$start$3(299)) - 85238e17-2af5-4085-b5cc-473b32345742: start RPC server
2019-08-20 14:11:59,392 [Datanode State Machine Thread - 0] INFO  server.GrpcService (GrpcService.java:startImpl(149)) - 85238e17-2af5-4085-b5cc-473b32345742: GrpcService started, listening on 0.0.0.0/0.0.0.0:34936
2019-08-20 14:11:59,392 [Datanode State Machine Thread - 0] INFO  impl.RaftServerProxy (RaftServerProxy.java:lambda$start$3(299)) - 385763eb-e39a-4704-9617-4fe83a8f4873: start RPC server
2019-08-20 14:11:59,392 [Datanode State Machine Thread - 0] INFO  ratis.XceiverServerRatis (XceiverServerRatis.java:start(414)) - XceiverServerRatis 85238e17-2af5-4085-b5cc-473b32345742 is started using port 34936
2019-08-20 14:11:59,392 [Datanode State Machine Thread - 0] INFO  server.GrpcService (GrpcService.java:startImpl(149)) - 385763eb-e39a-4704-9617-4fe83a8f4873: GrpcService started, listening on 0.0.0.0/0.0.0.0:38476
2019-08-20 14:11:59,394 [Datanode State Machine Thread - 0] INFO  server.XceiverServerGrpc (XceiverServerGrpc.java:start(161)) - XceiverServerGrpc 85238e17-2af5-4085-b5cc-473b32345742 is started using port 41012
2019-08-20 14:11:59,394 [Datanode State Machine Thread - 0] INFO  ratis.XceiverServerRatis (XceiverServerRatis.java:start(414)) - XceiverServerRatis 385763eb-e39a-4704-9617-4fe83a8f4873 is started using port 38476
2019-08-20 14:11:59,396 [Datanode State Machine Thread - 0] INFO  server.XceiverServerGrpc (XceiverServerGrpc.java:start(161)) - XceiverServerGrpc 385763eb-e39a-4704-9617-4fe83a8f4873 is started using port 43239
2019-08-20 14:11:59,473 [IPC Server handler 3 on 36285] INFO  net.NetworkTopology (NetworkTopologyImpl.java:add(110)) - Added a new node: /default-rack/85238e17-2af5-4085-b5cc-473b32345742
2019-08-20 14:11:59,473 [IPC Server handler 3 on 36285] INFO  node.SCMNodeManager (SCMNodeManager.java:register(273)) - Registered Data node : 85238e17-2af5-4085-b5cc-473b32345742{ip: 192.168.69.96, host: pr-hdds-1946lgncr-3764977478, networkLocation: /default-rack, certSerialId: null}
2019-08-20 14:11:59,475 [EventQueue-NodeRegistrationContainerReportForDataNodeSafeModeRule] INFO  safemode.SCMSafeModeManager (DataNodeSafeModeRule.java:process(71)) - SCM in safe mode. 1 DataNodes registered, 1 required.
2019-08-20 14:11:59,477 [EventQueue-NodeRegistrationContainerReportForDataNodeSafeModeRule] INFO  safemode.SCMSafeModeManager (SCMSafeModeManager.java:validateSafeModeExitRules(177)) - ScmSafeModeManager, all rules are successfully validated
2019-08-20 14:11:59,477 | INFO  | SCMAudit | user=jenkins1000 | ip=192.168.69.96 | op=REGISTER {datanodeDetails=85238e17-2af5-4085-b5cc-473b32345742{ip: 192.168.69.96, host: pr-hdds-1946lgncr-3764977478, networkLocation: /default-rack, certSerialId: null}} | ret=SUCCESS |  
2019-08-20 14:11:59,477 [EventQueue-NodeRegistrationContainerReportForDataNodeSafeModeRule] INFO  safemode.SCMSafeModeManager (SCMSafeModeManager.java:exitSafeMode(193)) - SCM exiting safe mode.
2019-08-20 14:11:59,493 [grpc-default-executor-4] INFO  impl.RaftServerProxy (RaftServerProxy.java:addNew(89)) - 85238e17-2af5-4085-b5cc-473b32345742: addNew group-A69BAEEB6025:[85238e17-2af5-4085-b5cc-473b32345742:192.168.69.96:34936] returns group-A69BAEEB6025:java.util.concurrent.CompletableFuture@645b27da[Not completed]
2019-08-20 14:11:59,495 [pool-162-thread-1] INFO  impl.RaftServerImpl (RaftServerImpl.java:<init>(93)) - 85238e17-2af5-4085-b5cc-473b32345742: new RaftServerImpl for group-A69BAEEB6025:[85238e17-2af5-4085-b5cc-473b32345742:192.168.69.96:34936] with ContainerStateMachine:uninitialized
2019-08-20 14:11:59,495 [pool-162-thread-1] INFO  server.RaftServerConfigKeys (ConfUtils.java:logGet(43)) - raft.server.rpc.timeout.min = 1s (custom)
2019-08-20 14:11:59,495 [pool-162-thread-1] INFO  server.RaftServerConfigKeys (ConfUtils.java:logGet(43)) - raft.server.rpc.timeout.max = 1200ms (custom)
2019-08-20 14:11:59,495 [pool-162-thread-1] INFO  server.RaftServerConfigKeys (ConfUtils.java:logGet(43)) - raft.server.rpcslowness.timeout = 120s (custom)
2019-08-20 14:11:59,495 [pool-162-thread-1] INFO  server.RaftServerConfigKeys (ConfUtils.java:logGet(43)) - raft.server.sleep.deviation.threshold = 300 (default)
2019-08-20 14:11:59,496 [pool-162-thread-1] INFO  server.RaftServerConfigKeys (ConfUtils.java:logGet(43)) - raft.server.log.appender.install.snapshot.enabled = false (custom)
2019-08-20 14:11:59,496 [pool-162-thread-1] INFO  impl.RaftServerImpl (ServerState.java:<init>(105)) - 85238e17-2af5-4085-b5cc-473b32345742:group-A69BAEEB6025 ConfigurationManager, init=-1: [85238e17-2af5-4085-b5cc-473b32345742:192.168.69.96:34936], old=null, confs=<EMPTY_MAP>
2019-08-20 14:11:59,496 [pool-162-thread-1] INFO  server.RaftServerConfigKeys (ConfUtils.java:logGet(43)) - raft.server.storage.dir = [/workdir/hadoop-ozone/integration-test/target/test-dir/MiniOzoneClusterImpl-d741eabc-a61f-4873-a8b1-78c66134a397/datanode-0/data/ratis] (custom)
2019-08-20 14:11:59,496 [pool-162-thread-1] INFO  storage.RaftStorageDirectory (RaftStorageDirectory.java:analyzeStorage(246)) - The storage directory /workdir/hadoop-ozone/integration-test/target/test-dir/MiniOzoneClusterImpl-d741eabc-a61f-4873-a8b1-78c66134a397/datanode-0/data/ratis/15f81f15-65de-4b91-9689-a69baeeb6025 does not exist. Creating ...
2019-08-20 14:11:59,549 [main] INFO  ozone.MiniOzoneClusterImpl (MiniOzoneClusterImpl.java:lambda$waitForClusterToBeReady$0(142)) - Waiting for cluster to be ready. Got 1 of 6 DN Heartbeats.
2019-08-20 14:11:59,670 [IPC Server handler 6 on 36285] INFO  net.NetworkTopology (NetworkTopologyImpl.java:add(110)) - Added a new node: /default-rack/ecede196-1368-4cbb-9d0e-c1e9efcb994c
2019-08-20 14:11:59,670 [IPC Server handler 6 on 36285] INFO  node.SCMNodeManager (SCMNodeManager.java:register(273)) - Registered Data node : ecede196-1368-4cbb-9d0e-c1e9efcb994c{ip: 192.168.69.96, host: pr-hdds-1946lgncr-3764977478, networkLocation: /default-rack, certSerialId: null}
2019-08-20 14:11:59,671 | INFO  | SCMAudit | user=jenkins1000 | ip=192.168.69.96 | op=REGISTER {datanodeDetails=ecede196-1368-4cbb-9d0e-c1e9efcb994c{ip: 192.168.69.96, host: pr-hdds-1946lgncr-3764977478, networkLocation: /default-rack, certSerialId: null}} | ret=SUCCESS |  
2019-08-20 14:11:59,876 [IPC Server handler 1 on 36285] INFO  net.NetworkTopology (NetworkTopologyImpl.java:add(110)) - Added a new node: /default-rack/7508574d-b4c6-466d-85cb-c3f6c8793b7e
2019-08-20 14:11:59,876 [IPC Server handler 1 on 36285] INFO  node.SCMNodeManager (SCMNodeManager.java:register(273)) - Registered Data node : 7508574d-b4c6-466d-85cb-c3f6c8793b7e{ip: 192.168.69.96, host: pr-hdds-1946lgncr-3764977478, networkLocation: /default-rack, certSerialId: null}
2019-08-20 14:11:59,876 | INFO  | SCMAudit | user=jenkins1000 | ip=192.168.69.96 | op=REGISTER {datanodeDetails=7508574d-b4c6-466d-85cb-c3f6c8793b7e{ip: 192.168.69.96, host: pr-hdds-1946lgncr-3764977478, networkLocation: /default-rack, certSerialId: null}} | ret=SUCCESS |  
2019-08-20 14:12:00,055 [IPC Server handler 2 on 36285] INFO  net.NetworkTopology (NetworkTopologyImpl.java:add(110)) - Added a new node: /default-rack/8432d649-ea52-4ea8-a512-06e8559690c2
2019-08-20 14:12:00,055 [IPC Server handler 2 on 36285] INFO  node.SCMNodeManager (SCMNodeManager.java:register(273)) - Registered Data node : 8432d649-ea52-4ea8-a512-06e8559690c2{ip: 192.168.69.96, host: pr-hdds-1946lgncr-3764977478, networkLocation: /default-rack, certSerialId: null}
2019-08-20 14:12:00,055 | INFO  | SCMAudit | user=jenkins1000 | ip=192.168.69.96 | op=REGISTER {datanodeDetails=8432d649-ea52-4ea8-a512-06e8559690c2{ip: 192.168.69.96, host: pr-hdds-1946lgncr-3764977478, networkLocation: /default-rack, certSerialId: null}} | ret=SUCCESS |  
2019-08-20 14:12:00,281 [IPC Server handler 3 on 36285] INFO  net.NetworkTopology (NetworkTopologyImpl.java:add(110)) - Added a new node: /default-rack/385763eb-e39a-4704-9617-4fe83a8f4873
2019-08-20 14:12:00,282 [IPC Server handler 3 on 36285] INFO  node.SCMNodeManager (SCMNodeManager.java:register(273)) - Registered Data node : 385763eb-e39a-4704-9617-4fe83a8f4873{ip: 192.168.69.96, host: pr-hdds-1946lgncr-3764977478, networkLocation: /default-rack, certSerialId: null}
2019-08-20 14:12:00,282 | INFO  | SCMAudit | user=jenkins1000 | ip=192.168.69.96 | op=REGISTER {datanodeDetails=385763eb-e39a-4704-9617-4fe83a8f4873{ip: 192.168.69.96, host: pr-hdds-1946lgncr-3764977478, networkLocation: /default-rack, certSerialId: null}} | ret=SUCCESS |  
2019-08-20 14:12:00,547 [IPC Server handler 6 on 36285] INFO  net.NetworkTopology (NetworkTopologyImpl.java:add(110)) - Added a new node: /default-rack/f54a9d9a-91ad-45d4-b513-3f5ec3046002
2019-08-20 14:12:00,547 [IPC Server handler 6 on 36285] INFO  node.SCMNodeManager (SCMNodeManager.java:register(273)) - Registered Data node : f54a9d9a-91ad-45d4-b513-3f5ec3046002{ip: 192.168.69.96, host: pr-hdds-1946lgncr-3764977478, networkLocation: /default-rack, certSerialId: null}
2019-08-20 14:12:00,548 | INFO  | SCMAudit | user=jenkins1000 | ip=192.168.69.96 | op=REGISTER {datanodeDetails=f54a9d9a-91ad-45d4-b513-3f5ec3046002{ip: 192.168.69.96, host: pr-hdds-1946lgncr-3764977478, networkLocation: /default-rack, certSerialId: null}} | ret=SUCCESS |  
2019-08-20 14:12:00,550 [main] INFO  ozone.MiniOzoneClusterImpl (MiniOzoneClusterImpl.java:lambda$waitForClusterToBeReady$0(142)) - Cluster is ready. Got 6 of 6 DN Heartbeats.
2019-08-20 14:12:00,590 [main] INFO  rpc.RpcClient (RpcClient.java:createVolume(292)) - Creating Volume: datanodefailurehandlingtest, with jenkins1000 as owner.
2019-08-20 14:12:00,593 | INFO  | OMAudit | user=jenkins1000 | ip=127.0.0.1 | op=CREATE_VOLUME {admin=jenkins1000, owner=jenkins1000, volume=datanodefailurehandlingtest, creationTime=1566310320592, quotaInBytes=1152921504606846976} | ret=SUCCESS |  
2019-08-20 14:12:00,606 | INFO  | OMAudit | user=jenkins1000 | ip=127.0.0.1 | op=READ_VOLUME {volume=datanodefailurehandlingtest} | ret=SUCCESS |  
2019-08-20 14:12:00,607 [main] INFO  rpc.RpcClient (RpcClient.java:createBucket(431)) - Creating Bucket: datanodefailurehandlingtest/datanodefailurehandlingtest, with Versioning false and Storage Type set to DISK and Encryption set to false 
2019-08-20 14:12:00,612 | INFO  | OMAudit | user=jenkins1000 | ip=127.0.0.1 | op=CREATE_BUCKET {volume=datanodefailurehandlingtest, bucket=datanodefailurehandlingtest, acls=[user:jenkins1000:a[ACCESS], group:default:a[ACCESS]], isVersionEnabled=false, storageType=DISK, creationTime=0} | ret=SUCCESS |  
2019-08-20 14:12:00,615 | INFO  | OMAudit | user=jenkins1000 | ip=127.0.0.1 | op=READ_VOLUME {volume=datanodefailurehandlingtest} | ret=SUCCESS |  
2019-08-20 14:12:00,617 | INFO  | OMAudit | user=jenkins1000 | ip=127.0.0.1 | op=READ_BUCKET {volume=datanodefailurehandlingtest, bucket=datanodefailurehandlingtest} | ret=SUCCESS |  
2019-08-20 14:12:01,465 | INFO  | SCMAudit | user=jenkins1000 | ip=192.168.69.96 | op=SEND_HEARTBEAT {datanodeUUID=85238e17-2af5-4085-b5cc-473b32345742, command=[]} | ret=SUCCESS |  
2019-08-20 14:12:01,666 | INFO  | SCMAudit | user=jenkins1000 | ip=192.168.69.96 | op=SEND_HEARTBEAT {datanodeUUID=ecede196-1368-4cbb-9d0e-c1e9efcb994c, command=[]} | ret=SUCCESS |  
2019-08-20 14:12:01,872 | INFO  | SCMAudit | user=jenkins1000 | ip=192.168.69.96 | op=SEND_HEARTBEAT {datanodeUUID=7508574d-b4c6-466d-85cb-c3f6c8793b7e, command=[]} | ret=SUCCESS |  
2019-08-20 14:12:02,052 | INFO  | SCMAudit | user=jenkins1000 | ip=192.168.69.96 | op=SEND_HEARTBEAT {datanodeUUID=8432d649-ea52-4ea8-a512-06e8559690c2, command=[]} | ret=SUCCESS |  
2019-08-20 14:12:02,278 | INFO  | SCMAudit | user=jenkins1000 | ip=192.168.69.96 | op=SEND_HEARTBEAT {datanodeUUID=385763eb-e39a-4704-9617-4fe83a8f4873, command=[]} | ret=SUCCESS |  
2019-08-20 14:12:02,465 | INFO  | SCMAudit | user=jenkins1000 | ip=192.168.69.96 | op=SEND_HEARTBEAT {datanodeUUID=85238e17-2af5-4085-b5cc-473b32345742, command=[]} | ret=SUCCESS |  
2019-08-20 14:12:02,478 [Thread-1238] INFO  container.ReplicationManager (ReplicationManager.java:start(152)) - Starting Replication Monitor Thread.
2019-08-20 14:12:02,481 [ReplicationMonitor] INFO  container.ReplicationManager (ReplicationManager.java:run(215)) - Replication Monitor Thread took 0 milliseconds for processing 0 containers.
2019-08-20 14:12:02,493 [RATISCREATEPIPELINE1] ERROR pipeline.RatisPipelineProvider (RatisPipelineProvider.java:lambda$null$5(235)) - Failed invoke Ratis rpc org.apache.hadoop.hdds.scm.pipeline.RatisPipelineProvider$$Lambda$171/981438106@33da94e4 for 85238e17-2af5-4085-b5cc-473b32345742
org.apache.ratis.protocol.TimeoutIOException
	at org.apache.ratis.grpc.GrpcUtil.tryUnwrapException(GrpcUtil.java:82)
	at org.apache.ratis.grpc.GrpcUtil.unwrapException(GrpcUtil.java:75)
	at org.apache.ratis.grpc.client.GrpcClientProtocolClient.blockingCall(GrpcClientProtocolClient.java:169)
	at org.apache.ratis.grpc.client.GrpcClientProtocolClient.groupAdd(GrpcClientProtocolClient.java:138)
	at org.apache.ratis.grpc.client.GrpcClientRpc.sendRequest(GrpcClientRpc.java:94)
	at org.apache.ratis.client.impl.RaftClientImpl.sendRequest(RaftClientImpl.java:279)
	at org.apache.ratis.client.impl.RaftClientImpl.groupAdd(RaftClientImpl.java:206)
	at org.apache.hadoop.hdds.scm.pipeline.RatisPipelineProvider.lambda$initializePipeline$4(RatisPipelineProvider.java:194)
	at org.apache.hadoop.hdds.scm.pipeline.RatisPipelineProvider.lambda$null$5(RatisPipelineProvider.java:231)
	at java.util.stream.ForEachOps$ForEachOp$OfRef.accept(ForEachOps.java:184)
	at java.util.ArrayList$ArrayListSpliterator.forEachRemaining(ArrayList.java:1382)
	at java.util.stream.AbstractPipeline.copyInto(AbstractPipeline.java:482)
	at java.util.stream.ForEachOps$ForEachTask.compute(ForEachOps.java:291)
	at java.util.concurrent.CountedCompleter.exec(CountedCompleter.java:731)
	at java.util.concurrent.ForkJoinTask.doExec(ForkJoinTask.java:289)
	at java.util.concurrent.ForkJoinTask.doInvoke(ForkJoinTask.java:401)
	at java.util.concurrent.ForkJoinTask.invoke(ForkJoinTask.java:734)
	at java.util.stream.ForEachOps$ForEachOp.evaluateParallel(ForEachOps.java:160)
	at java.util.stream.ForEachOps$ForEachOp$OfRef.evaluateParallel(ForEachOps.java:174)
	at java.util.stream.AbstractPipeline.evaluate(AbstractPipeline.java:233)
	at java.util.stream.ReferencePipeline.forEach(ReferencePipeline.java:418)
	at java.util.stream.ReferencePipeline$Head.forEach(ReferencePipeline.java:583)
	at org.apache.hadoop.hdds.scm.pipeline.RatisPipelineProvider.lambda$callRatisRpc$6(RatisPipelineProvider.java:225)
	at java.util.concurrent.ForkJoinTask$AdaptedRunnableAction.exec(ForkJoinTask.java:1386)
	at java.util.concurrent.ForkJoinTask.doExec(ForkJoinTask.java:289)
	at java.util.concurrent.ForkJoinPool$WorkQueue.runTask(ForkJoinPool.java:1056)
	at java.util.concurrent.ForkJoinPool.runWorker(ForkJoinPool.java:1692)
	at java.util.concurrent.ForkJoinWorkerThread.run(ForkJoinWorkerThread.java:157)
Caused by: org.apache.ratis.thirdparty.io.grpc.StatusRuntimeException: DEADLINE_EXCEEDED
	at org.apache.ratis.thirdparty.io.grpc.stub.ClientCalls.toStatusRuntimeException(ClientCalls.java:233)
	at org.apache.ratis.thirdparty.io.grpc.stub.ClientCalls.getUnchecked(ClientCalls.java:214)
	at org.apache.ratis.thirdparty.io.grpc.stub.ClientCalls.blockingUnaryCall(ClientCalls.java:139)
	at org.apache.ratis.proto.grpc.AdminProtocolServiceGrpc$AdminProtocolServiceBlockingStub.groupManagement(AdminProtocolServiceGrpc.java:274)
	at org.apache.ratis.grpc.client.GrpcClientProtocolClient.lambda$groupAdd$3(GrpcClientProtocolClient.java:140)
	at org.apache.ratis.grpc.client.GrpcClientProtocolClient.blockingCall(GrpcClientProtocolClient.java:167)
	... 25 more
2019-08-20 14:12:02,513 [grpc-default-executor-4] INFO  impl.RaftServerProxy (RaftServerProxy.java:addNew(89)) - f54a9d9a-91ad-45d4-b513-3f5ec3046002: addNew group-63A02D806C08:[385763eb-e39a-4704-9617-4fe83a8f4873:192.168.69.96:38476, f54a9d9a-91ad-45d4-b513-3f5ec3046002:192.168.69.96:37332, 7508574d-b4c6-466d-85cb-c3f6c8793b7e:192.168.69.96:35557] returns group-63A02D806C08:java.util.concurrent.CompletableFuture@5e311fdb[Not completed]
2019-08-20 14:12:02,514 [grpc-default-executor-1] INFO  impl.RaftServerProxy (RaftServerProxy.java:addNew(89)) - 385763eb-e39a-4704-9617-4fe83a8f4873: addNew group-63A02D806C08:[385763eb-e39a-4704-9617-4fe83a8f4873:192.168.69.96:38476, f54a9d9a-91ad-45d4-b513-3f5ec3046002:192.168.69.96:37332, 7508574d-b4c6-466d-85cb-c3f6c8793b7e:192.168.69.96:35557] returns group-63A02D806C08:java.util.concurrent.CompletableFuture@7e0eb870[Not completed]
2019-08-20 14:12:02,514 [grpc-default-executor-0] INFO  impl.RaftServerProxy (RaftServerProxy.java:addNew(89)) - 7508574d-b4c6-466d-85cb-c3f6c8793b7e: addNew group-63A02D806C08:[385763eb-e39a-4704-9617-4fe83a8f4873:192.168.69.96:38476, f54a9d9a-91ad-45d4-b513-3f5ec3046002:192.168.69.96:37332, 7508574d-b4c6-466d-85cb-c3f6c8793b7e:192.168.69.96:35557] returns group-63A02D806C08:java.util.concurrent.CompletableFuture@7dd8822c[Not completed]
2019-08-20 14:12:02,515 [pool-206-thread-1] INFO  impl.RaftServerImpl (RaftServerImpl.java:<init>(93)) - 385763eb-e39a-4704-9617-4fe83a8f4873: new RaftServerImpl for group-63A02D806C08:[385763eb-e39a-4704-9617-4fe83a8f4873:192.168.69.96:38476, f54a9d9a-91ad-45d4-b513-3f5ec3046002:192.168.69.96:37332, 7508574d-b4c6-466d-85cb-c3f6c8793b7e:192.168.69.96:35557] with ContainerStateMachine:uninitialized
2019-08-20 14:12:02,515 [pool-206-thread-1] INFO  server.RaftServerConfigKeys (ConfUtils.java:logGet(43)) - raft.server.rpc.timeout.min = 1s (custom)
2019-08-20 14:12:02,516 [pool-206-thread-1] INFO  server.RaftServerConfigKeys (ConfUtils.java:logGet(43)) - raft.server.rpc.timeout.max = 1200ms (custom)
2019-08-20 14:12:02,516 [pool-206-thread-1] INFO  server.RaftServerConfigKeys (ConfUtils.java:logGet(43)) - raft.server.rpcslowness.timeout = 120s (custom)
2019-08-20 14:12:02,516 [pool-206-thread-1] INFO  server.RaftServerConfigKeys (ConfUtils.java:logGet(43)) - raft.server.sleep.deviation.threshold = 300 (default)
2019-08-20 14:12:02,516 [pool-206-thread-1] INFO  server.RaftServerConfigKeys (ConfUtils.java:logGet(43)) - raft.server.log.appender.install.snapshot.enabled = false (custom)
2019-08-20 14:12:02,516 [pool-206-thread-1] INFO  impl.RaftServerImpl (ServerState.java:<init>(105)) - 385763eb-e39a-4704-9617-4fe83a8f4873:group-63A02D806C08 ConfigurationManager, init=-1: [385763eb-e39a-4704-9617-4fe83a8f4873:192.168.69.96:38476, f54a9d9a-91ad-45d4-b513-3f5ec3046002:192.168.69.96:37332, 7508574d-b4c6-466d-85cb-c3f6c8793b7e:192.168.69.96:35557], old=null, confs=<EMPTY_MAP>
2019-08-20 14:12:02,516 [pool-217-thread-1] INFO  impl.RaftServerImpl (RaftServerImpl.java:<init>(93)) - f54a9d9a-91ad-45d4-b513-3f5ec3046002: new RaftServerImpl for group-63A02D806C08:[385763eb-e39a-4704-9617-4fe83a8f4873:192.168.69.96:38476, f54a9d9a-91ad-45d4-b513-3f5ec3046002:192.168.69.96:37332, 7508574d-b4c6-466d-85cb-c3f6c8793b7e:192.168.69.96:35557] with ContainerStateMachine:uninitialized
2019-08-20 14:12:02,516 [pool-206-thread-1] INFO  server.RaftServerConfigKeys (ConfUtils.java:logGet(43)) - raft.server.storage.dir = [/workdir/hadoop-ozone/integration-test/target/test-dir/MiniOzoneClusterImpl-d741eabc-a61f-4873-a8b1-78c66134a397/datanode-4/data/ratis] (custom)
2019-08-20 14:12:02,516 [pool-217-thread-1] INFO  server.RaftServerConfigKeys (ConfUtils.java:logGet(43)) - raft.server.rpc.timeout.min = 1s (custom)
2019-08-20 14:12:02,516 [pool-184-thread-1] INFO  impl.RaftServerImpl (RaftServerImpl.java:<init>(93)) - 7508574d-b4c6-466d-85cb-c3f6c8793b7e: new RaftServerImpl for group-63A02D806C08:[385763eb-e39a-4704-9617-4fe83a8f4873:192.168.69.96:38476, f54a9d9a-91ad-45d4-b513-3f5ec3046002:192.168.69.96:37332, 7508574d-b4c6-466d-85cb-c3f6c8793b7e:192.168.69.96:35557] with ContainerStateMachine:uninitialized
2019-08-20 14:12:02,517 [pool-206-thread-1] INFO  storage.RaftStorageDirectory (RaftStorageDirectory.java:analyzeStorage(246)) - The storage directory /workdir/hadoop-ozone/integration-test/target/test-dir/MiniOzoneClusterImpl-d741eabc-a61f-4873-a8b1-78c66134a397/datanode-4/data/ratis/2dc76856-84cb-46da-8830-63a02d806c08 does not exist. Creating ...
2019-08-20 14:12:02,517 [pool-184-thread-1] INFO  server.RaftServerConfigKeys (ConfUtils.java:logGet(43)) - raft.server.rpc.timeout.min = 1s (custom)
2019-08-20 14:12:02,517 [pool-217-thread-1] INFO  server.RaftServerConfigKeys (ConfUtils.java:logGet(43)) - raft.server.rpc.timeout.max = 1200ms (custom)
2019-08-20 14:12:02,517 [pool-184-thread-1] INFO  server.RaftServerConfigKeys (ConfUtils.java:logGet(43)) - raft.server.rpc.timeout.max = 1200ms (custom)
2019-08-20 14:12:02,517 [pool-217-thread-1] INFO  server.RaftServerConfigKeys (ConfUtils.java:logGet(43)) - raft.server.rpcslowness.timeout = 120s (custom)
2019-08-20 14:12:02,517 [pool-184-thread-1] INFO  server.RaftServerConfigKeys (ConfUtils.java:logGet(43)) - raft.server.rpcslowness.timeout = 120s (custom)
2019-08-20 14:12:02,517 [pool-217-thread-1] INFO  server.RaftServerConfigKeys (ConfUtils.java:logGet(43)) - raft.server.sleep.deviation.threshold = 300 (default)
2019-08-20 14:12:02,517 [pool-184-thread-1] INFO  server.RaftServerConfigKeys (ConfUtils.java:logGet(43)) - raft.server.sleep.deviation.threshold = 300 (default)
2019-08-20 14:12:02,517 [pool-217-thread-1] INFO  server.RaftServerConfigKeys (ConfUtils.java:logGet(43)) - raft.server.log.appender.install.snapshot.enabled = false (custom)
2019-08-20 14:12:02,518 [pool-184-thread-1] INFO  server.RaftServerConfigKeys (ConfUtils.java:logGet(43)) - raft.server.log.appender.install.snapshot.enabled = false (custom)
2019-08-20 14:12:02,518 [pool-217-thread-1] INFO  impl.RaftServerImpl (ServerState.java:<init>(105)) - f54a9d9a-91ad-45d4-b513-3f5ec3046002:group-63A02D806C08 ConfigurationManager, init=-1: [385763eb-e39a-4704-9617-4fe83a8f4873:192.168.69.96:38476, f54a9d9a-91ad-45d4-b513-3f5ec3046002:192.168.69.96:37332, 7508574d-b4c6-466d-85cb-c3f6c8793b7e:192.168.69.96:35557], old=null, confs=<EMPTY_MAP>
2019-08-20 14:12:02,518 [pool-184-thread-1] INFO  impl.RaftServerImpl (ServerState.java:<init>(105)) - 7508574d-b4c6-466d-85cb-c3f6c8793b7e:group-63A02D806C08 ConfigurationManager, init=-1: [385763eb-e39a-4704-9617-4fe83a8f4873:192.168.69.96:38476, f54a9d9a-91ad-45d4-b513-3f5ec3046002:192.168.69.96:37332, 7508574d-b4c6-466d-85cb-c3f6c8793b7e:192.168.69.96:35557], old=null, confs=<EMPTY_MAP>
2019-08-20 14:12:02,518 [pool-217-thread-1] INFO  server.RaftServerConfigKeys (ConfUtils.java:logGet(43)) - raft.server.storage.dir = [/workdir/hadoop-ozone/integration-test/target/test-dir/MiniOzoneClusterImpl-d741eabc-a61f-4873-a8b1-78c66134a397/datanode-5/data/ratis] (custom)
2019-08-20 14:12:02,518 [pool-184-thread-1] INFO  server.RaftServerConfigKeys (ConfUtils.java:logGet(43)) - raft.server.storage.dir = [/workdir/hadoop-ozone/integration-test/target/test-dir/MiniOzoneClusterImpl-d741eabc-a61f-4873-a8b1-78c66134a397/datanode-2/data/ratis] (custom)
2019-08-20 14:12:02,518 [pool-184-thread-1] INFO  storage.RaftStorageDirectory (RaftStorageDirectory.java:analyzeStorage(246)) - The storage directory /workdir/hadoop-ozone/integration-test/target/test-dir/MiniOzoneClusterImpl-d741eabc-a61f-4873-a8b1-78c66134a397/datanode-2/data/ratis/2dc76856-84cb-46da-8830-63a02d806c08 does not exist. Creating ...
2019-08-20 14:12:02,518 [pool-217-thread-1] INFO  storage.RaftStorageDirectory (RaftStorageDirectory.java:analyzeStorage(246)) - The storage directory /workdir/hadoop-ozone/integration-test/target/test-dir/MiniOzoneClusterImpl-d741eabc-a61f-4873-a8b1-78c66134a397/datanode-5/data/ratis/2dc76856-84cb-46da-8830-63a02d806c08 does not exist. Creating ...
2019-08-20 14:12:02,544 | INFO  | SCMAudit | user=jenkins1000 | ip=192.168.69.96 | op=SEND_HEARTBEAT {datanodeUUID=f54a9d9a-91ad-45d4-b513-3f5ec3046002, command=[]} | ret=SUCCESS |  
2019-08-20 14:12:02,665 | INFO  | SCMAudit | user=jenkins1000 | ip=192.168.69.96 | op=SEND_HEARTBEAT {datanodeUUID=ecede196-1368-4cbb-9d0e-c1e9efcb994c, command=[]} | ret=SUCCESS |  
2019-08-20 14:12:02,872 | INFO  | SCMAudit | user=jenkins1000 | ip=192.168.69.96 | op=SEND_HEARTBEAT {datanodeUUID=7508574d-b4c6-466d-85cb-c3f6c8793b7e, command=[]} | ret=SUCCESS |  
2019-08-20 14:12:03,051 | INFO  | SCMAudit | user=jenkins1000 | ip=192.168.69.96 | op=SEND_HEARTBEAT {datanodeUUID=8432d649-ea52-4ea8-a512-06e8559690c2, command=[]} | ret=SUCCESS |  
2019-08-20 14:12:03,277 | INFO  | SCMAudit | user=jenkins1000 | ip=192.168.69.96 | op=SEND_HEARTBEAT {datanodeUUID=385763eb-e39a-4704-9617-4fe83a8f4873, command=[]} | ret=SUCCESS |  
2019-08-20 14:12:03,464 | INFO  | SCMAudit | user=jenkins1000 | ip=192.168.69.96 | op=SEND_HEARTBEAT {datanodeUUID=85238e17-2af5-4085-b5cc-473b32345742, command=[]} | ret=SUCCESS |  
2019-08-20 14:12:03,544 | INFO  | SCMAudit | user=jenkins1000 | ip=192.168.69.96 | op=SEND_HEARTBEAT {datanodeUUID=f54a9d9a-91ad-45d4-b513-3f5ec3046002, command=[]} | ret=SUCCESS |  
2019-08-20 14:12:03,642 [pool-162-thread-1] INFO  storage.RaftStorageDirectory (RaftStorageDirectory.java:tryLock(328)) - Lock on /workdir/hadoop-ozone/integration-test/target/test-dir/MiniOzoneClusterImpl-d741eabc-a61f-4873-a8b1-78c66134a397/datanode-0/data/ratis/15f81f15-65de-4b91-9689-a69baeeb6025/in_use.lock acquired by nodename 11068@pr-hdds-1946lgncr-3764977478
2019-08-20 14:12:03,666 | INFO  | SCMAudit | user=jenkins1000 | ip=192.168.69.96 | op=SEND_HEARTBEAT {datanodeUUID=ecede196-1368-4cbb-9d0e-c1e9efcb994c, command=[]} | ret=SUCCESS |  
2019-08-20 14:12:03,873 | INFO  | SCMAudit | user=jenkins1000 | ip=192.168.69.96 | op=SEND_HEARTBEAT {datanodeUUID=7508574d-b4c6-466d-85cb-c3f6c8793b7e, command=[]} | ret=SUCCESS |  
2019-08-20 14:12:04,051 | INFO  | SCMAudit | user=jenkins1000 | ip=192.168.69.96 | op=SEND_HEARTBEAT {datanodeUUID=8432d649-ea52-4ea8-a512-06e8559690c2, command=[]} | ret=SUCCESS |  
2019-08-20 14:12:04,278 | INFO  | SCMAudit | user=jenkins1000 | ip=192.168.69.96 | op=SEND_HEARTBEAT {datanodeUUID=385763eb-e39a-4704-9617-4fe83a8f4873, command=[]} | ret=SUCCESS |  
2019-08-20 14:12:04,465 | INFO  | SCMAudit | user=jenkins1000 | ip=192.168.69.96 | op=SEND_HEARTBEAT {datanodeUUID=85238e17-2af5-4085-b5cc-473b32345742, command=[]} | ret=SUCCESS |  
2019-08-20 14:12:04,543 | INFO  | SCMAudit | user=jenkins1000 | ip=192.168.69.96 | op=SEND_HEARTBEAT {datanodeUUID=f54a9d9a-91ad-45d4-b513-3f5ec3046002, command=[]} | ret=SUCCESS |  
2019-08-20 14:12:04,665 | INFO  | SCMAudit | user=jenkins1000 | ip=192.168.69.96 | op=SEND_HEARTBEAT {datanodeUUID=ecede196-1368-4cbb-9d0e-c1e9efcb994c, command=[]} | ret=SUCCESS |  
2019-08-20 14:12:04,874 | INFO  | SCMAudit | user=jenkins1000 | ip=192.168.69.96 | op=SEND_HEARTBEAT {datanodeUUID=7508574d-b4c6-466d-85cb-c3f6c8793b7e, command=[]} | ret=SUCCESS |  
2019-08-20 14:12:05,051 | INFO  | SCMAudit | user=jenkins1000 | ip=192.168.69.96 | op=SEND_HEARTBEAT {datanodeUUID=8432d649-ea52-4ea8-a512-06e8559690c2, command=[]} | ret=SUCCESS |  
2019-08-20 14:12:05,278 | INFO  | SCMAudit | user=jenkins1000 | ip=192.168.69.96 | op=SEND_HEARTBEAT {datanodeUUID=385763eb-e39a-4704-9617-4fe83a8f4873, command=[]} | ret=SUCCESS |  
2019-08-20 14:12:05,464 | INFO  | SCMAudit | user=jenkins1000 | ip=192.168.69.96 | op=SEND_HEARTBEAT {datanodeUUID=85238e17-2af5-4085-b5cc-473b32345742, command=[]} | ret=SUCCESS |  
2019-08-20 14:12:05,507 [RATISCREATEPIPELINE3] ERROR pipeline.RatisPipelineProvider (RatisPipelineProvider.java:lambda$null$5(235)) - Failed invoke Ratis rpc org.apache.hadoop.hdds.scm.pipeline.RatisPipelineProvider$$Lambda$171/981438106@582b7e82 for 7508574d-b4c6-466d-85cb-c3f6c8793b7e
org.apache.ratis.protocol.TimeoutIOException: deadline exceeded after 2999811826ns
	at org.apache.ratis.grpc.GrpcUtil.tryUnwrapException(GrpcUtil.java:82)
	at org.apache.ratis.grpc.GrpcUtil.unwrapException(GrpcUtil.java:75)
	at org.apache.ratis.grpc.client.GrpcClientProtocolClient.blockingCall(GrpcClientProtocolClient.java:169)
	at org.apache.ratis.grpc.client.GrpcClientProtocolClient.groupAdd(GrpcClientProtocolClient.java:138)
	at org.apache.ratis.grpc.client.GrpcClientRpc.sendRequest(GrpcClientRpc.java:94)
	at org.apache.ratis.client.impl.RaftClientImpl.sendRequest(RaftClientImpl.java:279)
	at org.apache.ratis.client.impl.RaftClientImpl.groupAdd(RaftClientImpl.java:206)
	at org.apache.hadoop.hdds.scm.pipeline.RatisPipelineProvider.lambda$initializePipeline$4(RatisPipelineProvider.java:194)
	at org.apache.hadoop.hdds.scm.pipeline.RatisPipelineProvider.lambda$null$5(RatisPipelineProvider.java:231)
	at java.util.stream.ForEachOps$ForEachOp$OfRef.accept(ForEachOps.java:184)
	at java.util.ArrayList$ArrayListSpliterator.forEachRemaining(ArrayList.java:1382)
	at java.util.stream.AbstractPipeline.copyInto(AbstractPipeline.java:482)
	at java.util.stream.ForEachOps$ForEachTask.compute(ForEachOps.java:291)
	at java.util.concurrent.CountedCompleter.exec(CountedCompleter.java:731)
	at java.util.concurrent.ForkJoinTask.doExec(ForkJoinTask.java:289)
	at java.util.concurrent.ForkJoinPool$WorkQueue.runTask(ForkJoinPool.java:1056)
	at java.util.concurrent.ForkJoinPool.runWorker(ForkJoinPool.java:1692)
	at java.util.concurrent.ForkJoinWorkerThread.run(ForkJoinWorkerThread.java:157)
Caused by: org.apache.ratis.thirdparty.io.grpc.StatusRuntimeException: DEADLINE_EXCEEDED: deadline exceeded after 2999811826ns
	at org.apache.ratis.thirdparty.io.grpc.stub.ClientCalls.toStatusRuntimeException(ClientCalls.java:233)
	at org.apache.ratis.thirdparty.io.grpc.stub.ClientCalls.getUnchecked(ClientCalls.java:214)
	at org.apache.ratis.thirdparty.io.grpc.stub.ClientCalls.blockingUnaryCall(ClientCalls.java:139)
	at org.apache.ratis.proto.grpc.AdminProtocolServiceGrpc$AdminProtocolServiceBlockingStub.groupManagement(AdminProtocolServiceGrpc.java:274)
	at org.apache.ratis.grpc.client.GrpcClientProtocolClient.lambda$groupAdd$3(GrpcClientProtocolClient.java:140)
	at org.apache.ratis.grpc.client.GrpcClientProtocolClient.blockingCall(GrpcClientProtocolClient.java:167)
	... 15 more
2019-08-20 14:12:05,507 [RATISCREATEPIPELINE1] ERROR pipeline.RatisPipelineProvider (RatisPipelineProvider.java:lambda$null$5(235)) - Failed invoke Ratis rpc org.apache.hadoop.hdds.scm.pipeline.RatisPipelineProvider$$Lambda$171/981438106@582b7e82 for f54a9d9a-91ad-45d4-b513-3f5ec3046002
org.apache.ratis.protocol.TimeoutIOException: deadline exceeded after 2999811882ns
	at org.apache.ratis.grpc.GrpcUtil.tryUnwrapException(GrpcUtil.java:82)
	at org.apache.ratis.grpc.GrpcUtil.unwrapException(GrpcUtil.java:75)
	at org.apache.ratis.grpc.client.GrpcClientProtocolClient.blockingCall(GrpcClientProtocolClient.java:169)
	at org.apache.ratis.grpc.client.GrpcClientProtocolClient.groupAdd(GrpcClientProtocolClient.java:138)
	at org.apache.ratis.grpc.client.GrpcClientRpc.sendRequest(GrpcClientRpc.java:94)
	at org.apache.ratis.client.impl.RaftClientImpl.sendRequest(RaftClientImpl.java:279)
	at org.apache.ratis.client.impl.RaftClientImpl.groupAdd(RaftClientImpl.java:206)
	at org.apache.hadoop.hdds.scm.pipeline.RatisPipelineProvider.lambda$initializePipeline$4(RatisPipelineProvider.java:194)
	at org.apache.hadoop.hdds.scm.pipeline.RatisPipelineProvider.lambda$null$5(RatisPipelineProvider.java:231)
	at java.util.stream.ForEachOps$ForEachOp$OfRef.accept(ForEachOps.java:184)
	at java.util.ArrayList$ArrayListSpliterator.forEachRemaining(ArrayList.java:1382)
	at java.util.stream.AbstractPipeline.copyInto(AbstractPipeline.java:482)
	at java.util.stream.ForEachOps$ForEachTask.compute(ForEachOps.java:291)
	at java.util.concurrent.CountedCompleter.exec(CountedCompleter.java:731)
	at java.util.concurrent.ForkJoinTask.doExec(ForkJoinTask.java:289)
	at java.util.concurrent.ForkJoinTask.doInvoke(ForkJoinTask.java:401)
	at java.util.concurrent.ForkJoinTask.invoke(ForkJoinTask.java:734)
	at java.util.stream.ForEachOps$ForEachOp.evaluateParallel(ForEachOps.java:160)
	at java.util.stream.ForEachOps$ForEachOp$OfRef.evaluateParallel(ForEachOps.java:174)
	at java.util.stream.AbstractPipeline.evaluate(AbstractPipeline.java:233)
	at java.util.stream.ReferencePipeline.forEach(ReferencePipeline.java:418)
	at java.util.stream.ReferencePipeline$Head.forEach(ReferencePipeline.java:583)
	at org.apache.hadoop.hdds.scm.pipeline.RatisPipelineProvider.lambda$callRatisRpc$6(RatisPipelineProvider.java:225)
	at java.util.concurrent.ForkJoinTask$AdaptedRunnableAction.exec(ForkJoinTask.java:1386)
	at java.util.concurrent.ForkJoinTask.doExec(ForkJoinTask.java:289)
	at java.util.concurrent.ForkJoinPool$WorkQueue.runTask(ForkJoinPool.java:1056)
	at java.util.concurrent.ForkJoinPool.runWorker(ForkJoinPool.java:1692)
	at java.util.concurrent.ForkJoinWorkerThread.run(ForkJoinWorkerThread.java:157)
Caused by: org.apache.ratis.thirdparty.io.grpc.StatusRuntimeException: DEADLINE_EXCEEDED: deadline exceeded after 2999811882ns
	at org.apache.ratis.thirdparty.io.grpc.stub.ClientCalls.toStatusRuntimeException(ClientCalls.java:233)
	at org.apache.ratis.thirdparty.io.grpc.stub.ClientCalls.getUnchecked(ClientCalls.java:214)
	at org.apache.ratis.thirdparty.io.grpc.stub.ClientCalls.blockingUnaryCall(ClientCalls.java:139)
	at org.apache.ratis.proto.grpc.AdminProtocolServiceGrpc$AdminProtocolServiceBlockingStub.groupManagement(AdminProtocolServiceGrpc.java:274)
	at org.apache.ratis.grpc.client.GrpcClientProtocolClient.lambda$groupAdd$3(GrpcClientProtocolClient.java:140)
	at org.apache.ratis.grpc.client.GrpcClientProtocolClient.blockingCall(GrpcClientProtocolClient.java:167)
	... 25 more
2019-08-20 14:12:05,507 [RATISCREATEPIPELINE2] ERROR pipeline.RatisPipelineProvider (RatisPipelineProvider.java:lambda$null$5(235)) - Failed invoke Ratis rpc org.apache.hadoop.hdds.scm.pipeline.RatisPipelineProvider$$Lambda$171/981438106@582b7e82 for 385763eb-e39a-4704-9617-4fe83a8f4873
org.apache.ratis.protocol.TimeoutIOException: deadline exceeded after 2999793414ns
	at org.apache.ratis.grpc.GrpcUtil.tryUnwrapException(GrpcUtil.java:82)
	at org.apache.ratis.grpc.GrpcUtil.unwrapException(GrpcUtil.java:75)
	at org.apache.ratis.grpc.client.GrpcClientProtocolClient.blockingCall(GrpcClientProtocolClient.java:169)
	at org.apache.ratis.grpc.client.GrpcClientProtocolClient.groupAdd(GrpcClientProtocolClient.java:138)
	at org.apache.ratis.grpc.client.GrpcClientRpc.sendRequest(GrpcClientRpc.java:94)
	at org.apache.ratis.client.impl.RaftClientImpl.sendRequest(RaftClientImpl.java:279)
	at org.apache.ratis.client.impl.RaftClientImpl.groupAdd(RaftClientImpl.java:206)
	at org.apache.hadoop.hdds.scm.pipeline.RatisPipelineProvider.lambda$initializePipeline$4(RatisPipelineProvider.java:194)
	at org.apache.hadoop.hdds.scm.pipeline.RatisPipelineProvider.lambda$null$5(RatisPipelineProvider.java:231)
	at java.util.stream.ForEachOps$ForEachOp$OfRef.accept(ForEachOps.java:184)
	at java.util.ArrayList$ArrayListSpliterator.forEachRemaining(ArrayList.java:1382)
	at java.util.stream.AbstractPipeline.copyInto(AbstractPipeline.java:482)
	at java.util.stream.ForEachOps$ForEachTask.compute(ForEachOps.java:291)
	at java.util.concurrent.CountedCompleter.exec(CountedCompleter.java:731)
	at java.util.concurrent.ForkJoinTask.doExec(ForkJoinTask.java:289)
	at java.util.concurrent.ForkJoinPool$WorkQueue.runTask(ForkJoinPool.java:1056)
	at java.util.concurrent.ForkJoinPool.runWorker(ForkJoinPool.java:1692)
	at java.util.concurrent.ForkJoinWorkerThread.run(ForkJoinWorkerThread.java:157)
Caused by: org.apache.ratis.thirdparty.io.grpc.StatusRuntimeException: DEADLINE_EXCEEDED: deadline exceeded after 2999793414ns
	at org.apache.ratis.thirdparty.io.grpc.stub.ClientCalls.toStatusRuntimeException(ClientCalls.java:233)
	at org.apache.ratis.thirdparty.io.grpc.stub.ClientCalls.getUnchecked(ClientCalls.java:214)
	at org.apache.ratis.thirdparty.io.grpc.stub.ClientCalls.blockingUnaryCall(ClientCalls.java:139)
	at org.apache.ratis.proto.grpc.AdminProtocolServiceGrpc$AdminProtocolServiceBlockingStub.groupManagement(AdminProtocolServiceGrpc.java:274)
	at org.apache.ratis.grpc.client.GrpcClientProtocolClient.lambda$groupAdd$3(GrpcClientProtocolClient.java:140)
	at org.apache.ratis.grpc.client.GrpcClientProtocolClient.blockingCall(GrpcClientProtocolClient.java:167)
	... 15 more
2019-08-20 14:12:05,520 [grpc-default-executor-4] INFO  impl.RaftServerProxy (RaftServerProxy.java:addNew(89)) - 385763eb-e39a-4704-9617-4fe83a8f4873: addNew group-1529C64FC94B:[385763eb-e39a-4704-9617-4fe83a8f4873:192.168.69.96:38476] returns group-1529C64FC94B:java.util.concurrent.CompletableFuture@16b27e4a[Not completed]
2019-08-20 14:12:05,543 | INFO  | SCMAudit | user=jenkins1000 | ip=192.168.69.96 | op=SEND_HEARTBEAT {datanodeUUID=f54a9d9a-91ad-45d4-b513-3f5ec3046002, command=[]} | ret=SUCCESS |  
2019-08-20 14:12:05,665 | INFO  | SCMAudit | user=jenkins1000 | ip=192.168.69.96 | op=SEND_HEARTBEAT {datanodeUUID=ecede196-1368-4cbb-9d0e-c1e9efcb994c, command=[]} | ret=SUCCESS |  
2019-08-20 14:12:05,873 | INFO  | SCMAudit | user=jenkins1000 | ip=192.168.69.96 | op=SEND_HEARTBEAT {datanodeUUID=7508574d-b4c6-466d-85cb-c3f6c8793b7e, command=[]} | ret=SUCCESS |  
2019-08-20 14:12:06,051 | INFO  | SCMAudit | user=jenkins1000 | ip=192.168.69.96 | op=SEND_HEARTBEAT {datanodeUUID=8432d649-ea52-4ea8-a512-06e8559690c2, command=[]} | ret=SUCCESS |  
2019-08-20 14:12:06,279 | INFO  | SCMAudit | user=jenkins1000 | ip=192.168.69.96 | op=SEND_HEARTBEAT {datanodeUUID=385763eb-e39a-4704-9617-4fe83a8f4873, command=[]} | ret=SUCCESS |  
2019-08-20 14:12:06,465 | INFO  | SCMAudit | user=jenkins1000 | ip=192.168.69.96 | op=SEND_HEARTBEAT {datanodeUUID=85238e17-2af5-4085-b5cc-473b32345742, command=[]} | ret=SUCCESS |  
2019-08-20 14:12:06,544 | INFO  | SCMAudit | user=jenkins1000 | ip=192.168.69.96 | op=SEND_HEARTBEAT {datanodeUUID=f54a9d9a-91ad-45d4-b513-3f5ec3046002, command=[]} | ret=SUCCESS |  
2019-08-20 14:12:06,665 | INFO  | SCMAudit | user=jenkins1000 | ip=192.168.69.96 | op=SEND_HEARTBEAT {datanodeUUID=ecede196-1368-4cbb-9d0e-c1e9efcb994c, command=[]} | ret=SUCCESS |  
2019-08-20 14:12:06,822 [pool-184-thread-1] INFO  storage.RaftStorageDirectory (RaftStorageDirectory.java:tryLock(328)) - Lock on /workdir/hadoop-ozone/integration-test/target/test-dir/MiniOzoneClusterImpl-d741eabc-a61f-4873-a8b1-78c66134a397/datanode-2/data/ratis/2dc76856-84cb-46da-8830-63a02d806c08/in_use.lock acquired by nodename 11068@pr-hdds-1946lgncr-3764977478
2019-08-20 14:12:06,822 [pool-206-thread-1] INFO  storage.RaftStorageDirectory (RaftStorageDirectory.java:tryLock(328)) - Lock on /workdir/hadoop-ozone/integration-test/target/test-dir/MiniOzoneClusterImpl-d741eabc-a61f-4873-a8b1-78c66134a397/datanode-4/data/ratis/2dc76856-84cb-46da-8830-63a02d806c08/in_use.lock acquired by nodename 11068@pr-hdds-1946lgncr-3764977478
2019-08-20 14:12:06,822 [pool-217-thread-1] INFO  storage.RaftStorageDirectory (RaftStorageDirectory.java:tryLock(328)) - Lock on /workdir/hadoop-ozone/integration-test/target/test-dir/MiniOzoneClusterImpl-d741eabc-a61f-4873-a8b1-78c66134a397/datanode-5/data/ratis/2dc76856-84cb-46da-8830-63a02d806c08/in_use.lock acquired by nodename 11068@pr-hdds-1946lgncr-3764977478
2019-08-20 14:12:06,873 | INFO  | SCMAudit | user=jenkins1000 | ip=192.168.69.96 | op=SEND_HEARTBEAT {datanodeUUID=7508574d-b4c6-466d-85cb-c3f6c8793b7e, command=[]} | ret=SUCCESS |  
2019-08-20 14:12:07,052 | INFO  | SCMAudit | user=jenkins1000 | ip=192.168.69.96 | op=SEND_HEARTBEAT {datanodeUUID=8432d649-ea52-4ea8-a512-06e8559690c2, command=[]} | ret=SUCCESS |  
2019-08-20 14:12:07,279 | INFO  | SCMAudit | user=jenkins1000 | ip=192.168.69.96 | op=SEND_HEARTBEAT {datanodeUUID=385763eb-e39a-4704-9617-4fe83a8f4873, command=[]} | ret=SUCCESS |  
2019-08-20 14:12:07,466 | INFO  | SCMAudit | user=jenkins1000 | ip=192.168.69.96 | op=SEND_HEARTBEAT {datanodeUUID=85238e17-2af5-4085-b5cc-473b32345742, command=[]} | ret=SUCCESS |  
2019-08-20 14:12:07,543 | INFO  | SCMAudit | user=jenkins1000 | ip=192.168.69.96 | op=SEND_HEARTBEAT {datanodeUUID=f54a9d9a-91ad-45d4-b513-3f5ec3046002, command=[]} | ret=SUCCESS |  
2019-08-20 14:12:07,666 | INFO  | SCMAudit | user=jenkins1000 | ip=192.168.69.96 | op=SEND_HEARTBEAT {datanodeUUID=ecede196-1368-4cbb-9d0e-c1e9efcb994c, command=[]} | ret=SUCCESS |  
2019-08-20 14:12:07,873 | INFO  | SCMAudit | user=jenkins1000 | ip=192.168.69.96 | op=SEND_HEARTBEAT {datanodeUUID=7508574d-b4c6-466d-85cb-c3f6c8793b7e, command=[]} | ret=SUCCESS |  
2019-08-20 14:12:08,044 [pool-162-thread-1] INFO  storage.RaftStorage (RaftStorage.java:format(72)) - Storage directory /workdir/hadoop-ozone/integration-test/target/test-dir/MiniOzoneClusterImpl-d741eabc-a61f-4873-a8b1-78c66134a397/datanode-0/data/ratis/15f81f15-65de-4b91-9689-a69baeeb6025 has been successfully formatted.
2019-08-20 14:12:08,045 [pool-162-thread-1] INFO  ratis.ContainerStateMachine (ContainerStateMachine.java:loadSnapshot(222)) - group-A69BAEEB6025: The snapshot info is null. Setting the last applied indexto:(t:0, i:~)
2019-08-20 14:12:08,045 [pool-162-thread-1] INFO  server.RaftServerConfigKeys (ConfUtils.java:logGet(43)) - raft.server.leader.election.timeout = 120s (custom)
2019-08-20 14:12:08,045 [pool-162-thread-1] INFO  server.RaftServerConfigKeys (ConfUtils.java:logGet(43)) - raft.server.log.use.memory = false (default)
2019-08-20 14:12:08,046 [pool-162-thread-1] INFO  server.RaftServerConfigKeys (ConfUtils.java:logGet(43)) - raft.server.log.purge.gap = 1000000 (custom)
2019-08-20 14:12:08,046 [pool-162-thread-1] INFO  server.RaftServerConfigKeys (ConfUtils.java:logGet(43)) - raft.server.log.appender.buffer.byte-limit = 33554432 (custom)
2019-08-20 14:12:08,046 [pool-162-thread-1] INFO  server.RaftServerConfigKeys (ConfUtils.java:logGet(43)) - raft.server.log.segment.size.max = 1048576 (custom)
2019-08-20 14:12:08,047 [pool-162-thread-1] INFO  server.RaftServerConfigKeys (ConfUtils.java:logGet(43)) - raft.server.log.segment.cache.num.max = 2 (custom)
2019-08-20 14:12:08,047 [pool-162-thread-1] INFO  segmented.SegmentedRaftLogWorker (SegmentedRaftLogWorker.java:<init>(172)) - new 85238e17-2af5-4085-b5cc-473b32345742-SegmentedRaftLogWorker:Storage Directory /workdir/hadoop-ozone/integration-test/target/test-dir/MiniOzoneClusterImpl-d741eabc-a61f-4873-a8b1-78c66134a397/datanode-0/data/ratis/15f81f15-65de-4b91-9689-a69baeeb6025 for RaftStorage:Storage Directory /workdir/hadoop-ozone/integration-test/target/test-dir/MiniOzoneClusterImpl-d741eabc-a61f-4873-a8b1-78c66134a397/datanode-0/data/ratis/15f81f15-65de-4b91-9689-a69baeeb6025
2019-08-20 14:12:08,047 [pool-162-thread-1] INFO  server.RaftServerConfigKeys (ConfUtils.java:logGet(43)) - raft.server.log.queue.byte-limit = 2147483647 (custom)
2019-08-20 14:12:08,048 [pool-162-thread-1] INFO  server.RaftServerConfigKeys (ConfUtils.java:logGet(43)) - raft.server.log.queue.element-limit = 1024 (custom)
2019-08-20 14:12:08,048 [pool-162-thread-1] INFO  server.RaftServerConfigKeys (ConfUtils.java:logGet(43)) - raft.server.log.segment.size.max = 1048576 (custom)
2019-08-20 14:12:08,048 [pool-162-thread-1] INFO  server.RaftServerConfigKeys (ConfUtils.java:logGet(43)) - raft.server.log.preallocated.size = 16384 (custom)
2019-08-20 14:12:08,049 [pool-162-thread-1] INFO  server.RaftServerConfigKeys (ConfUtils.java:logGet(43)) - raft.server.log.write.buffer.size = 33554432 (custom)
2019-08-20 14:12:08,049 [pool-162-thread-1] INFO  server.RaftServerConfigKeys (ConfUtils.java:logGet(43)) - raft.server.log.force.sync.num = 128 (default)
2019-08-20 14:12:08,049 [pool-162-thread-1] INFO  server.RaftServerConfigKeys (ConfUtils.java:logGet(43)) - raft.server.log.statemachine.data.sync = true (default)
2019-08-20 14:12:08,049 [pool-162-thread-1] INFO  server.RaftServerConfigKeys (ConfUtils.java:logGet(43)) - raft.server.log.statemachine.data.sync.timeout = 10s (default)
2019-08-20 14:12:08,049 [pool-162-thread-1] INFO  server.RaftServerConfigKeys (ConfUtils.java:logGet(43)) - raft.server.log.statemachine.data.sync.timeout.retry = -1 (default)
2019-08-20 14:12:08,050 [pool-162-thread-1] INFO  server.RaftServerConfigKeys (ConfUtils.java:logGet(43)) - raft.server.log.statemachine.data.caching.enabled = true (custom)
2019-08-20 14:12:08,050 [pool-162-thread-1] INFO  segmented.SegmentedRaftLogWorker (SegmentedRaftLogWorker.java:lambda$new$0(132)) - 85238e17-2af5-4085-b5cc-473b32345742-SegmentedRaftLogWorker:Storage Directory /workdir/hadoop-ozone/integration-test/target/test-dir/MiniOzoneClusterImpl-d741eabc-a61f-4873-a8b1-78c66134a397/datanode-0/data/ratis/15f81f15-65de-4b91-9689-a69baeeb6025: flushIndex: setUnconditionally 0 -> -1
2019-08-20 14:12:08,051 [pool-162-thread-1] INFO  server.RaftServerConfigKeys (ConfUtils.java:logGet(43)) - raft.server.snapshot.auto.trigger.enabled = true (custom)
2019-08-20 14:12:08,051 [pool-162-thread-1] INFO  server.RaftServerConfigKeys (ConfUtils.java:logGet(43)) - raft.server.snapshot.auto.trigger.threshold = 10000 (custom)
2019-08-20 14:12:08,051 [pool-162-thread-1] INFO  server.RaftServerConfigKeys (ConfUtils.java:logGet(43)) - raft.server.retrycache.expirytime = 600000ms (custom)
2019-08-20 14:12:08,052 | INFO  | SCMAudit | user=jenkins1000 | ip=192.168.69.96 | op=SEND_HEARTBEAT {datanodeUUID=8432d649-ea52-4ea8-a512-06e8559690c2, command=[]} | ret=SUCCESS |  
2019-08-20 14:12:08,052 [pool-162-thread-1] INFO  impl.RaftServerImpl (RaftServerImpl.java:start(180)) - 85238e17-2af5-4085-b5cc-473b32345742: start group-A69BAEEB6025
2019-08-20 14:12:08,052 [pool-162-thread-1] INFO  impl.RaftServerImpl (RaftServerImpl.java:setRole(171)) - 85238e17-2af5-4085-b5cc-473b32345742:group-A69BAEEB6025 changes role from null to FOLLOWER at term 0 for startAsFollower
2019-08-20 14:12:08,052 [pool-162-thread-1] INFO  impl.RoleInfo (RoleInfo.java:updateAndGet(143)) - 85238e17-2af5-4085-b5cc-473b32345742: start FollowerState
2019-08-20 14:12:08,065 [pool-162-thread-1] INFO  util.JmxRegister (JmxRegister.java:tryRegister(44)) - Successfully registered JMX Bean with object name Ratis:service=RaftServer,group=group-A69BAEEB6025,id=85238e17-2af5-4085-b5cc-473b32345742
2019-08-20 14:12:08,279 | INFO  | SCMAudit | user=jenkins1000 | ip=192.168.69.96 | op=SEND_HEARTBEAT {datanodeUUID=385763eb-e39a-4704-9617-4fe83a8f4873, command=[]} | ret=SUCCESS |  
2019-08-20 14:12:08,411 [pool-184-thread-1] INFO  storage.RaftStorage (RaftStorage.java:format(72)) - Storage directory /workdir/hadoop-ozone/integration-test/target/test-dir/MiniOzoneClusterImpl-d741eabc-a61f-4873-a8b1-78c66134a397/datanode-2/data/ratis/2dc76856-84cb-46da-8830-63a02d806c08 has been successfully formatted.
2019-08-20 14:12:08,411 [pool-217-thread-1] INFO  storage.RaftStorage (RaftStorage.java:format(72)) - Storage directory /workdir/hadoop-ozone/integration-test/target/test-dir/MiniOzoneClusterImpl-d741eabc-a61f-4873-a8b1-78c66134a397/datanode-5/data/ratis/2dc76856-84cb-46da-8830-63a02d806c08 has been successfully formatted.
2019-08-20 14:12:08,411 [pool-206-thread-1] INFO  storage.RaftStorage (RaftStorage.java:format(72)) - Storage directory /workdir/hadoop-ozone/integration-test/target/test-dir/MiniOzoneClusterImpl-d741eabc-a61f-4873-a8b1-78c66134a397/datanode-4/data/ratis/2dc76856-84cb-46da-8830-63a02d806c08 has been successfully formatted.
2019-08-20 14:12:08,412 [pool-217-thread-1] INFO  ratis.ContainerStateMachine (ContainerStateMachine.java:loadSnapshot(222)) - group-63A02D806C08: The snapshot info is null. Setting the last applied indexto:(t:0, i:~)
2019-08-20 14:12:08,412 [pool-206-thread-1] INFO  ratis.ContainerStateMachine (ContainerStateMachine.java:loadSnapshot(222)) - group-63A02D806C08: The snapshot info is null. Setting the last applied indexto:(t:0, i:~)
2019-08-20 14:12:08,412 [pool-184-thread-1] INFO  ratis.ContainerStateMachine (ContainerStateMachine.java:loadSnapshot(222)) - group-63A02D806C08: The snapshot info is null. Setting the last applied indexto:(t:0, i:~)
2019-08-20 14:12:08,412 [pool-206-thread-1] INFO  server.RaftServerConfigKeys (ConfUtils.java:logGet(43)) - raft.server.leader.election.timeout = 120s (custom)
2019-08-20 14:12:08,412 [pool-217-thread-1] INFO  server.RaftServerConfigKeys (ConfUtils.java:logGet(43)) - raft.server.leader.election.timeout = 120s (custom)
2019-08-20 14:12:08,413 [pool-206-thread-1] INFO  server.RaftServerConfigKeys (ConfUtils.java:logGet(43)) - raft.server.log.use.memory = false (default)
2019-08-20 14:12:08,413 [pool-184-thread-1] INFO  server.RaftServerConfigKeys (ConfUtils.java:logGet(43)) - raft.server.leader.election.timeout = 120s (custom)
2019-08-20 14:12:08,413 [pool-206-thread-1] INFO  server.RaftServerConfigKeys (ConfUtils.java:logGet(43)) - raft.server.log.purge.gap = 1000000 (custom)
2019-08-20 14:12:08,413 [pool-217-thread-1] INFO  server.RaftServerConfigKeys (ConfUtils.java:logGet(43)) - raft.server.log.use.memory = false (default)
2019-08-20 14:12:08,413 [pool-206-thread-1] INFO  server.RaftServerConfigKeys (ConfUtils.java:logGet(43)) - raft.server.log.appender.buffer.byte-limit = 33554432 (custom)
2019-08-20 14:12:08,413 [pool-184-thread-1] INFO  server.RaftServerConfigKeys (ConfUtils.java:logGet(43)) - raft.server.log.use.memory = false (default)
2019-08-20 14:12:08,414 [pool-206-thread-1] INFO  server.RaftServerConfigKeys (ConfUtils.java:logGet(43)) - raft.server.log.segment.size.max = 1048576 (custom)
2019-08-20 14:12:08,414 [pool-217-thread-1] INFO  server.RaftServerConfigKeys (ConfUtils.java:logGet(43)) - raft.server.log.purge.gap = 1000000 (custom)
2019-08-20 14:12:08,414 [pool-206-thread-1] INFO  server.RaftServerConfigKeys (ConfUtils.java:logGet(43)) - raft.server.log.segment.cache.num.max = 2 (custom)
2019-08-20 14:12:08,414 [pool-184-thread-1] INFO  server.RaftServerConfigKeys (ConfUtils.java:logGet(43)) - raft.server.log.purge.gap = 1000000 (custom)
2019-08-20 14:12:08,415 [pool-206-thread-1] INFO  segmented.SegmentedRaftLogWorker (SegmentedRaftLogWorker.java:<init>(172)) - new 385763eb-e39a-4704-9617-4fe83a8f4873-SegmentedRaftLogWorker:Storage Directory /workdir/hadoop-ozone/integration-test/target/test-dir/MiniOzoneClusterImpl-d741eabc-a61f-4873-a8b1-78c66134a397/datanode-4/data/ratis/2dc76856-84cb-46da-8830-63a02d806c08 for RaftStorage:Storage Directory /workdir/hadoop-ozone/integration-test/target/test-dir/MiniOzoneClusterImpl-d741eabc-a61f-4873-a8b1-78c66134a397/datanode-4/data/ratis/2dc76856-84cb-46da-8830-63a02d806c08
2019-08-20 14:12:08,414 [pool-217-thread-1] INFO  server.RaftServerConfigKeys (ConfUtils.java:logGet(43)) - raft.server.log.appender.buffer.byte-limit = 33554432 (custom)
2019-08-20 14:12:08,415 [pool-206-thread-1] INFO  server.RaftServerConfigKeys (ConfUtils.java:logGet(43)) - raft.server.log.queue.byte-limit = 2147483647 (custom)
2019-08-20 14:12:08,415 [pool-184-thread-1] INFO  server.RaftServerConfigKeys (ConfUtils.java:logGet(43)) - raft.server.log.appender.buffer.byte-limit = 33554432 (custom)
2019-08-20 14:12:08,415 [pool-206-thread-1] INFO  server.RaftServerConfigKeys (ConfUtils.java:logGet(43)) - raft.server.log.queue.element-limit = 1024 (custom)
2019-08-20 14:12:08,415 [pool-217-thread-1] INFO  server.RaftServerConfigKeys (ConfUtils.java:logGet(43)) - raft.server.log.segment.size.max = 1048576 (custom)
2019-08-20 14:12:08,415 [pool-184-thread-1] INFO  server.RaftServerConfigKeys (ConfUtils.java:logGet(43)) - raft.server.log.segment.size.max = 1048576 (custom)
2019-08-20 14:12:08,416 [pool-206-thread-1] INFO  server.RaftServerConfigKeys (ConfUtils.java:logGet(43)) - raft.server.log.segment.size.max = 1048576 (custom)
2019-08-20 14:12:08,416 [pool-217-thread-1] INFO  server.RaftServerConfigKeys (ConfUtils.java:logGet(43)) - raft.server.log.segment.cache.num.max = 2 (custom)
2019-08-20 14:12:08,416 [pool-206-thread-1] INFO  server.RaftServerConfigKeys (ConfUtils.java:logGet(43)) - raft.server.log.preallocated.size = 16384 (custom)
2019-08-20 14:12:08,416 [pool-184-thread-1] INFO  server.RaftServerConfigKeys (ConfUtils.java:logGet(43)) - raft.server.log.segment.cache.num.max = 2 (custom)
2019-08-20 14:12:08,416 [pool-206-thread-1] INFO  server.RaftServerConfigKeys (ConfUtils.java:logGet(43)) - raft.server.log.write.buffer.size = 33554432 (custom)
2019-08-20 14:12:08,416 [pool-217-thread-1] INFO  segmented.SegmentedRaftLogWorker (SegmentedRaftLogWorker.java:<init>(172)) - new f54a9d9a-91ad-45d4-b513-3f5ec3046002-SegmentedRaftLogWorker:Storage Directory /workdir/hadoop-ozone/integration-test/target/test-dir/MiniOzoneClusterImpl-d741eabc-a61f-4873-a8b1-78c66134a397/datanode-5/data/ratis/2dc76856-84cb-46da-8830-63a02d806c08 for RaftStorage:Storage Directory /workdir/hadoop-ozone/integration-test/target/test-dir/MiniOzoneClusterImpl-d741eabc-a61f-4873-a8b1-78c66134a397/datanode-5/data/ratis/2dc76856-84cb-46da-8830-63a02d806c08
2019-08-20 14:12:08,417 [pool-206-thread-1] INFO  server.RaftServerConfigKeys (ConfUtils.java:logGet(43)) - raft.server.log.force.sync.num = 128 (default)
2019-08-20 14:12:08,417 [pool-184-thread-1] INFO  segmented.SegmentedRaftLogWorker (SegmentedRaftLogWorker.java:<init>(172)) - new 7508574d-b4c6-466d-85cb-c3f6c8793b7e-SegmentedRaftLogWorker:Storage Directory /workdir/hadoop-ozone/integration-test/target/test-dir/MiniOzoneClusterImpl-d741eabc-a61f-4873-a8b1-78c66134a397/datanode-2/data/ratis/2dc76856-84cb-46da-8830-63a02d806c08 for RaftStorage:Storage Directory /workdir/hadoop-ozone/integration-test/target/test-dir/MiniOzoneClusterImpl-d741eabc-a61f-4873-a8b1-78c66134a397/datanode-2/data/ratis/2dc76856-84cb-46da-8830-63a02d806c08
2019-08-20 14:12:08,417 [pool-206-thread-1] INFO  server.RaftServerConfigKeys (ConfUtils.java:logGet(43)) - raft.server.log.statemachine.data.sync = true (default)
2019-08-20 14:12:08,417 [pool-217-thread-1] INFO  server.RaftServerConfigKeys (ConfUtils.java:logGet(43)) - raft.server.log.queue.byte-limit = 2147483647 (custom)
2019-08-20 14:12:08,418 [pool-206-thread-1] INFO  server.RaftServerConfigKeys (ConfUtils.java:logGet(43)) - raft.server.log.statemachine.data.sync.timeout = 10s (default)
2019-08-20 14:12:08,417 [pool-184-thread-1] INFO  server.RaftServerConfigKeys (ConfUtils.java:logGet(43)) - raft.server.log.queue.byte-limit = 2147483647 (custom)
2019-08-20 14:12:08,418 [pool-206-thread-1] INFO  server.RaftServerConfigKeys (ConfUtils.java:logGet(43)) - raft.server.log.statemachine.data.sync.timeout.retry = -1 (default)
2019-08-20 14:12:08,418 [pool-217-thread-1] INFO  server.RaftServerConfigKeys (ConfUtils.java:logGet(43)) - raft.server.log.queue.element-limit = 1024 (custom)
2019-08-20 14:12:08,418 [pool-184-thread-1] INFO  server.RaftServerConfigKeys (ConfUtils.java:logGet(43)) - raft.server.log.queue.element-limit = 1024 (custom)
2019-08-20 14:12:08,418 [pool-206-thread-1] INFO  server.RaftServerConfigKeys (ConfUtils.java:logGet(43)) - raft.server.log.statemachine.data.caching.enabled = true (custom)
2019-08-20 14:12:08,419 [pool-184-thread-1] INFO  server.RaftServerConfigKeys (ConfUtils.java:logGet(43)) - raft.server.log.segment.size.max = 1048576 (custom)
2019-08-20 14:12:08,419 [pool-217-thread-1] INFO  server.RaftServerConfigKeys (ConfUtils.java:logGet(43)) - raft.server.log.segment.size.max = 1048576 (custom)
2019-08-20 14:12:08,419 [pool-206-thread-1] INFO  segmented.SegmentedRaftLogWorker (SegmentedRaftLogWorker.java:lambda$new$0(132)) - 385763eb-e39a-4704-9617-4fe83a8f4873-SegmentedRaftLogWorker:Storage Directory /workdir/hadoop-ozone/integration-test/target/test-dir/MiniOzoneClusterImpl-d741eabc-a61f-4873-a8b1-78c66134a397/datanode-4/data/ratis/2dc76856-84cb-46da-8830-63a02d806c08: flushIndex: setUnconditionally 0 -> -1
2019-08-20 14:12:08,419 [pool-184-thread-1] INFO  server.RaftServerConfigKeys (ConfUtils.java:logGet(43)) - raft.server.log.preallocated.size = 16384 (custom)
2019-08-20 14:12:08,419 [pool-217-thread-1] INFO  server.RaftServerConfigKeys (ConfUtils.java:logGet(43)) - raft.server.log.preallocated.size = 16384 (custom)
2019-08-20 14:12:08,420 [pool-206-thread-1] INFO  server.RaftServerConfigKeys (ConfUtils.java:logGet(43)) - raft.server.snapshot.auto.trigger.enabled = true (custom)
2019-08-20 14:12:08,420 [pool-184-thread-1] INFO  server.RaftServerConfigKeys (ConfUtils.java:logGet(43)) - raft.server.log.write.buffer.size = 33554432 (custom)
2019-08-20 14:12:08,420 [pool-206-thread-1] INFO  server.RaftServerConfigKeys (ConfUtils.java:logGet(43)) - raft.server.snapshot.auto.trigger.threshold = 10000 (custom)
2019-08-20 14:12:08,420 [pool-217-thread-1] INFO  server.RaftServerConfigKeys (ConfUtils.java:logGet(43)) - raft.server.log.write.buffer.size = 33554432 (custom)
2019-08-20 14:12:08,420 [pool-206-thread-1] INFO  server.RaftServerConfigKeys (ConfUtils.java:logGet(43)) - raft.server.retrycache.expirytime = 600000ms (custom)
2019-08-20 14:12:08,420 [pool-184-thread-1] INFO  server.RaftServerConfigKeys (ConfUtils.java:logGet(43)) - raft.server.log.force.sync.num = 128 (default)
2019-08-20 14:12:08,420 [pool-217-thread-1] INFO  server.RaftServerConfigKeys (ConfUtils.java:logGet(43)) - raft.server.log.force.sync.num = 128 (default)
2019-08-20 14:12:08,421 [pool-184-thread-1] INFO  server.RaftServerConfigKeys (ConfUtils.java:logGet(43)) - raft.server.log.statemachine.data.sync = true (default)
2019-08-20 14:12:08,421 [pool-217-thread-1] INFO  server.RaftServerConfigKeys (ConfUtils.java:logGet(43)) - raft.server.log.statemachine.data.sync = true (default)
2019-08-20 14:12:08,421 [pool-184-thread-1] INFO  server.RaftServerConfigKeys (ConfUtils.java:logGet(43)) - raft.server.log.statemachine.data.sync.timeout = 10s (default)
2019-08-20 14:12:08,421 [pool-217-thread-1] INFO  server.RaftServerConfigKeys (ConfUtils.java:logGet(43)) - raft.server.log.statemachine.data.sync.timeout = 10s (default)
2019-08-20 14:12:08,421 [pool-184-thread-1] INFO  server.RaftServerConfigKeys (ConfUtils.java:logGet(43)) - raft.server.log.statemachine.data.sync.timeout.retry = -1 (default)
2019-08-20 14:12:08,422 [pool-217-thread-1] INFO  server.RaftServerConfigKeys (ConfUtils.java:logGet(43)) - raft.server.log.statemachine.data.sync.timeout.retry = -1 (default)
2019-08-20 14:12:08,422 [pool-184-thread-1] INFO  server.RaftServerConfigKeys (ConfUtils.java:logGet(43)) - raft.server.log.statemachine.data.caching.enabled = true (custom)
2019-08-20 14:12:08,422 [pool-217-thread-1] INFO  server.RaftServerConfigKeys (ConfUtils.java:logGet(43)) - raft.server.log.statemachine.data.caching.enabled = true (custom)
2019-08-20 14:12:08,422 [pool-184-thread-1] INFO  segmented.SegmentedRaftLogWorker (SegmentedRaftLogWorker.java:lambda$new$0(132)) - 7508574d-b4c6-466d-85cb-c3f6c8793b7e-SegmentedRaftLogWorker:Storage Directory /workdir/hadoop-ozone/integration-test/target/test-dir/MiniOzoneClusterImpl-d741eabc-a61f-4873-a8b1-78c66134a397/datanode-2/data/ratis/2dc76856-84cb-46da-8830-63a02d806c08: flushIndex: setUnconditionally 0 -> -1
2019-08-20 14:12:08,422 [pool-206-thread-1] INFO  impl.RaftServerImpl (RaftServerImpl.java:<init>(93)) - 385763eb-e39a-4704-9617-4fe83a8f4873: new RaftServerImpl for group-1529C64FC94B:[385763eb-e39a-4704-9617-4fe83a8f4873:192.168.69.96:38476] with ContainerStateMachine:uninitialized
2019-08-20 14:12:08,422 [pool-217-thread-1] INFO  segmented.SegmentedRaftLogWorker (SegmentedRaftLogWorker.java:lambda$new$0(132)) - f54a9d9a-91ad-45d4-b513-3f5ec3046002-SegmentedRaftLogWorker:Storage Directory /workdir/hadoop-ozone/integration-test/target/test-dir/MiniOzoneClusterImpl-d741eabc-a61f-4873-a8b1-78c66134a397/datanode-5/data/ratis/2dc76856-84cb-46da-8830-63a02d806c08: flushIndex: setUnconditionally 0 -> -1
2019-08-20 14:12:08,423 [pool-184-thread-1] INFO  server.RaftServerConfigKeys (ConfUtils.java:logGet(43)) - raft.server.snapshot.auto.trigger.enabled = true (custom)
2019-08-20 14:12:08,423 [pool-206-thread-1] INFO  server.RaftServerConfigKeys (ConfUtils.java:logGet(43)) - raft.server.rpc.timeout.min = 1s (custom)
2019-08-20 14:12:08,423 [pool-184-thread-1] INFO  server.RaftServerConfigKeys (ConfUtils.java:logGet(43)) - raft.server.snapshot.auto.trigger.threshold = 10000 (custom)
2019-08-20 14:12:08,423 [pool-217-thread-1] INFO  server.RaftServerConfigKeys (ConfUtils.java:logGet(43)) - raft.server.snapshot.auto.trigger.enabled = true (custom)
2019-08-20 14:12:08,423 [pool-184-thread-1] INFO  server.RaftServerConfigKeys (ConfUtils.java:logGet(43)) - raft.server.retrycache.expirytime = 600000ms (custom)
2019-08-20 14:12:08,423 [pool-206-thread-1] INFO  server.RaftServerConfigKeys (ConfUtils.java:logGet(43)) - raft.server.rpc.timeout.max = 1200ms (custom)
2019-08-20 14:12:08,424 [pool-184-thread-1] INFO  impl.RaftServerImpl (RaftServerImpl.java:start(180)) - 7508574d-b4c6-466d-85cb-c3f6c8793b7e: start group-63A02D806C08
2019-08-20 14:12:08,423 [pool-217-thread-1] INFO  server.RaftServerConfigKeys (ConfUtils.java:logGet(43)) - raft.server.snapshot.auto.trigger.threshold = 10000 (custom)
2019-08-20 14:12:08,424 [pool-184-thread-1] INFO  impl.RaftServerImpl (RaftServerImpl.java:setRole(171)) - 7508574d-b4c6-466d-85cb-c3f6c8793b7e:group-63A02D806C08 changes role from null to FOLLOWER at term 0 for startAsFollower
2019-08-20 14:12:08,424 [pool-206-thread-1] INFO  server.RaftServerConfigKeys (ConfUtils.java:logGet(43)) - raft.server.rpcslowness.timeout = 120s (custom)
2019-08-20 14:12:08,424 [pool-184-thread-1] INFO  impl.RoleInfo (RoleInfo.java:updateAndGet(143)) - 7508574d-b4c6-466d-85cb-c3f6c8793b7e: start FollowerState
2019-08-20 14:12:08,424 [pool-217-thread-1] INFO  server.RaftServerConfigKeys (ConfUtils.java:logGet(43)) - raft.server.retrycache.expirytime = 600000ms (custom)
2019-08-20 14:12:08,424 [pool-206-thread-1] INFO  server.RaftServerConfigKeys (ConfUtils.java:logGet(43)) - raft.server.sleep.deviation.threshold = 300 (default)
2019-08-20 14:12:08,425 [pool-217-thread-1] INFO  impl.RaftServerImpl (RaftServerImpl.java:start(180)) - f54a9d9a-91ad-45d4-b513-3f5ec3046002: start group-63A02D806C08
2019-08-20 14:12:08,425 [pool-184-thread-1] INFO  util.JmxRegister (JmxRegister.java:tryRegister(44)) - Successfully registered JMX Bean with object name Ratis:service=RaftServer,group=group-63A02D806C08,id=7508574d-b4c6-466d-85cb-c3f6c8793b7e
2019-08-20 14:12:08,425 [pool-206-thread-1] INFO  server.RaftServerConfigKeys (ConfUtils.java:logGet(43)) - raft.server.log.appender.install.snapshot.enabled = false (custom)
2019-08-20 14:12:08,425 [pool-217-thread-1] INFO  impl.RaftServerImpl (RaftServerImpl.java:setRole(171)) - f54a9d9a-91ad-45d4-b513-3f5ec3046002:group-63A02D806C08 changes role from null to FOLLOWER at term 0 for startAsFollower
2019-08-20 14:12:08,425 [pool-206-thread-1] INFO  impl.RaftServerImpl (ServerState.java:<init>(105)) - 385763eb-e39a-4704-9617-4fe83a8f4873:group-1529C64FC94B ConfigurationManager, init=-1: [385763eb-e39a-4704-9617-4fe83a8f4873:192.168.69.96:38476], old=null, confs=<EMPTY_MAP>
2019-08-20 14:12:08,426 [pool-217-thread-1] INFO  impl.RoleInfo (RoleInfo.java:updateAndGet(143)) - f54a9d9a-91ad-45d4-b513-3f5ec3046002: start FollowerState
2019-08-20 14:12:08,426 [pool-206-thread-1] INFO  server.RaftServerConfigKeys (ConfUtils.java:logGet(43)) - raft.server.storage.dir = [/workdir/hadoop-ozone/integration-test/target/test-dir/MiniOzoneClusterImpl-d741eabc-a61f-4873-a8b1-78c66134a397/datanode-4/data/ratis] (custom)
2019-08-20 14:12:08,426 [pool-217-thread-1] INFO  util.JmxRegister (JmxRegister.java:tryRegister(44)) - Successfully registered JMX Bean with object name Ratis:service=RaftServer,group=group-63A02D806C08,id=f54a9d9a-91ad-45d4-b513-3f5ec3046002
2019-08-20 14:12:08,426 [pool-206-thread-1] INFO  storage.RaftStorageDirectory (RaftStorageDirectory.java:analyzeStorage(246)) - The storage directory /workdir/hadoop-ozone/integration-test/target/test-dir/MiniOzoneClusterImpl-d741eabc-a61f-4873-a8b1-78c66134a397/datanode-4/data/ratis/fd2f7ba6-d8a5-4e05-ad18-1529c64fc94b does not exist. Creating ...
2019-08-20 14:12:08,466 | INFO  | SCMAudit | user=jenkins1000 | ip=192.168.69.96 | op=SEND_HEARTBEAT {datanodeUUID=85238e17-2af5-4085-b5cc-473b32345742, command=[]} | ret=SUCCESS |  
2019-08-20 14:12:08,518 [RATISCREATEPIPELINE1] ERROR pipeline.RatisPipelineProvider (RatisPipelineProvider.java:lambda$null$5(235)) - Failed invoke Ratis rpc org.apache.hadoop.hdds.scm.pipeline.RatisPipelineProvider$$Lambda$171/981438106@471b8ccc for 385763eb-e39a-4704-9617-4fe83a8f4873
org.apache.ratis.protocol.TimeoutIOException: deadline exceeded after 2999779062ns
	at org.apache.ratis.grpc.GrpcUtil.tryUnwrapException(GrpcUtil.java:82)
	at org.apache.ratis.grpc.GrpcUtil.unwrapException(GrpcUtil.java:75)
	at org.apache.ratis.grpc.client.GrpcClientProtocolClient.blockingCall(GrpcClientProtocolClient.java:169)
	at org.apache.ratis.grpc.client.GrpcClientProtocolClient.groupAdd(GrpcClientProtocolClient.java:138)
	at org.apache.ratis.grpc.client.GrpcClientRpc.sendRequest(GrpcClientRpc.java:94)
	at org.apache.ratis.client.impl.RaftClientImpl.sendRequest(RaftClientImpl.java:279)
	at org.apache.ratis.client.impl.RaftClientImpl.groupAdd(RaftClientImpl.java:206)
	at org.apache.hadoop.hdds.scm.pipeline.RatisPipelineProvider.lambda$initializePipeline$4(RatisPipelineProvider.java:194)
	at org.apache.hadoop.hdds.scm.pipeline.RatisPipelineProvider.lambda$null$5(RatisPipelineProvider.java:231)
	at java.util.stream.ForEachOps$ForEachOp$OfRef.accept(ForEachOps.java:184)
	at java.util.ArrayList$ArrayListSpliterator.forEachRemaining(ArrayList.java:1382)
	at java.util.stream.AbstractPipeline.copyInto(AbstractPipeline.java:482)
	at java.util.stream.ForEachOps$ForEachTask.compute(ForEachOps.java:291)
	at java.util.concurrent.CountedCompleter.exec(CountedCompleter.java:731)
	at java.util.concurrent.ForkJoinTask.doExec(ForkJoinTask.java:289)
	at java.util.concurrent.ForkJoinTask.doInvoke(ForkJoinTask.java:401)
	at java.util.concurrent.ForkJoinTask.invoke(ForkJoinTask.java:734)
	at java.util.stream.ForEachOps$ForEachOp.evaluateParallel(ForEachOps.java:160)
	at java.util.stream.ForEachOps$ForEachOp$OfRef.evaluateParallel(ForEachOps.java:174)
	at java.util.stream.AbstractPipeline.evaluate(AbstractPipeline.java:233)
	at java.util.stream.ReferencePipeline.forEach(ReferencePipeline.java:418)
	at java.util.stream.ReferencePipeline$Head.forEach(ReferencePipeline.java:583)
	at org.apache.hadoop.hdds.scm.pipeline.RatisPipelineProvider.lambda$callRatisRpc$6(RatisPipelineProvider.java:225)
	at java.util.concurrent.ForkJoinTask$AdaptedRunnableAction.exec(ForkJoinTask.java:1386)
	at java.util.concurrent.ForkJoinTask.doExec(ForkJoinTask.java:289)
	at java.util.concurrent.ForkJoinPool$WorkQueue.runTask(ForkJoinPool.java:1056)
	at java.util.concurrent.ForkJoinPool.runWorker(ForkJoinPool.java:1692)
	at java.util.concurrent.ForkJoinWorkerThread.run(ForkJoinWorkerThread.java:157)
Caused by: org.apache.ratis.thirdparty.io.grpc.StatusRuntimeException: DEADLINE_EXCEEDED: deadline exceeded after 2999779062ns
	at org.apache.ratis.thirdparty.io.grpc.stub.ClientCalls.toStatusRuntimeException(ClientCalls.java:233)
	at org.apache.ratis.thirdparty.io.grpc.stub.ClientCalls.getUnchecked(ClientCalls.java:214)
	at org.apache.ratis.thirdparty.io.grpc.stub.ClientCalls.blockingUnaryCall(ClientCalls.java:139)
	at org.apache.ratis.proto.grpc.AdminProtocolServiceGrpc$AdminProtocolServiceBlockingStub.groupManagement(AdminProtocolServiceGrpc.java:274)
	at org.apache.ratis.grpc.client.GrpcClientProtocolClient.lambda$groupAdd$3(GrpcClientProtocolClient.java:140)
	at org.apache.ratis.grpc.client.GrpcClientProtocolClient.blockingCall(GrpcClientProtocolClient.java:167)
	... 25 more
2019-08-20 14:12:08,538 [grpc-default-executor-4] INFO  impl.RaftServerProxy (RaftServerProxy.java:addNew(89)) - 7508574d-b4c6-466d-85cb-c3f6c8793b7e: addNew group-1FE4ACDC190E:[385763eb-e39a-4704-9617-4fe83a8f4873:192.168.69.96:38476, f54a9d9a-91ad-45d4-b513-3f5ec3046002:192.168.69.96:37332, 7508574d-b4c6-466d-85cb-c3f6c8793b7e:192.168.69.96:35557] returns group-1FE4ACDC190E:java.util.concurrent.CompletableFuture@10344edd[Not completed]
2019-08-20 14:12:08,538 [grpc-default-executor-1] INFO  impl.RaftServerProxy (RaftServerProxy.java:addNew(89)) - f54a9d9a-91ad-45d4-b513-3f5ec3046002: addNew group-1FE4ACDC190E:[385763eb-e39a-4704-9617-4fe83a8f4873:192.168.69.96:38476, f54a9d9a-91ad-45d4-b513-3f5ec3046002:192.168.69.96:37332, 7508574d-b4c6-466d-85cb-c3f6c8793b7e:192.168.69.96:35557] returns group-1FE4ACDC190E:java.util.concurrent.CompletableFuture@7e421a6e[Not completed]
2019-08-20 14:12:08,538 [grpc-default-executor-0] INFO  impl.RaftServerProxy (RaftServerProxy.java:addNew(89)) - 385763eb-e39a-4704-9617-4fe83a8f4873: addNew group-1FE4ACDC190E:[385763eb-e39a-4704-9617-4fe83a8f4873:192.168.69.96:38476, f54a9d9a-91ad-45d4-b513-3f5ec3046002:192.168.69.96:37332, 7508574d-b4c6-466d-85cb-c3f6c8793b7e:192.168.69.96:35557] returns group-1FE4ACDC190E:java.util.concurrent.CompletableFuture@6668ba4c[Not completed]
2019-08-20 14:12:08,539 [pool-217-thread-1] INFO  impl.RaftServerImpl (RaftServerImpl.java:<init>(93)) - f54a9d9a-91ad-45d4-b513-3f5ec3046002: new RaftServerImpl for group-1FE4ACDC190E:[385763eb-e39a-4704-9617-4fe83a8f4873:192.168.69.96:38476, f54a9d9a-91ad-45d4-b513-3f5ec3046002:192.168.69.96:37332, 7508574d-b4c6-466d-85cb-c3f6c8793b7e:192.168.69.96:35557] with ContainerStateMachine:uninitialized
2019-08-20 14:12:08,540 [pool-217-thread-1] INFO  server.RaftServerConfigKeys (ConfUtils.java:logGet(43)) - raft.server.rpc.timeout.min = 1s (custom)
2019-08-20 14:12:08,540 [pool-217-thread-1] INFO  server.RaftServerConfigKeys (ConfUtils.java:logGet(43)) - raft.server.rpc.timeout.max = 1200ms (custom)
2019-08-20 14:12:08,540 [pool-184-thread-1] INFO  impl.RaftServerImpl (RaftServerImpl.java:<init>(93)) - 7508574d-b4c6-466d-85cb-c3f6c8793b7e: new RaftServerImpl for group-1FE4ACDC190E:[385763eb-e39a-4704-9617-4fe83a8f4873:192.168.69.96:38476, f54a9d9a-91ad-45d4-b513-3f5ec3046002:192.168.69.96:37332, 7508574d-b4c6-466d-85cb-c3f6c8793b7e:192.168.69.96:35557] with ContainerStateMachine:uninitialized
2019-08-20 14:12:08,540 [pool-217-thread-1] INFO  server.RaftServerConfigKeys (ConfUtils.java:logGet(43)) - raft.server.rpcslowness.timeout = 120s (custom)
2019-08-20 14:12:08,540 [pool-184-thread-1] INFO  server.RaftServerConfigKeys (ConfUtils.java:logGet(43)) - raft.server.rpc.timeout.min = 1s (custom)
2019-08-20 14:12:08,540 [pool-217-thread-1] INFO  server.RaftServerConfigKeys (ConfUtils.java:logGet(43)) - raft.server.sleep.deviation.threshold = 300 (default)
2019-08-20 14:12:08,540 [pool-184-thread-1] INFO  server.RaftServerConfigKeys (ConfUtils.java:logGet(43)) - raft.server.rpc.timeout.max = 1200ms (custom)
2019-08-20 14:12:08,541 [pool-217-thread-1] INFO  server.RaftServerConfigKeys (ConfUtils.java:logGet(43)) - raft.server.log.appender.install.snapshot.enabled = false (custom)
2019-08-20 14:12:08,541 [pool-184-thread-1] INFO  server.RaftServerConfigKeys (ConfUtils.java:logGet(43)) - raft.server.rpcslowness.timeout = 120s (custom)
2019-08-20 14:12:08,541 [pool-217-thread-1] INFO  impl.RaftServerImpl (ServerState.java:<init>(105)) - f54a9d9a-91ad-45d4-b513-3f5ec3046002:group-1FE4ACDC190E ConfigurationManager, init=-1: [385763eb-e39a-4704-9617-4fe83a8f4873:192.168.69.96:38476, f54a9d9a-91ad-45d4-b513-3f5ec3046002:192.168.69.96:37332, 7508574d-b4c6-466d-85cb-c3f6c8793b7e:192.168.69.96:35557], old=null, confs=<EMPTY_MAP>
2019-08-20 14:12:08,541 [pool-184-thread-1] INFO  server.RaftServerConfigKeys (ConfUtils.java:logGet(43)) - raft.server.sleep.deviation.threshold = 300 (default)
2019-08-20 14:12:08,541 [pool-184-thread-1] INFO  server.RaftServerConfigKeys (ConfUtils.java:logGet(43)) - raft.server.log.appender.install.snapshot.enabled = false (custom)
2019-08-20 14:12:08,541 [pool-217-thread-1] INFO  server.RaftServerConfigKeys (ConfUtils.java:logGet(43)) - raft.server.storage.dir = [/workdir/hadoop-ozone/integration-test/target/test-dir/MiniOzoneClusterImpl-d741eabc-a61f-4873-a8b1-78c66134a397/datanode-5/data/ratis] (custom)
2019-08-20 14:12:08,541 [pool-184-thread-1] INFO  impl.RaftServerImpl (ServerState.java:<init>(105)) - 7508574d-b4c6-466d-85cb-c3f6c8793b7e:group-1FE4ACDC190E ConfigurationManager, init=-1: [385763eb-e39a-4704-9617-4fe83a8f4873:192.168.69.96:38476, f54a9d9a-91ad-45d4-b513-3f5ec3046002:192.168.69.96:37332, 7508574d-b4c6-466d-85cb-c3f6c8793b7e:192.168.69.96:35557], old=null, confs=<EMPTY_MAP>
2019-08-20 14:12:08,541 [pool-184-thread-1] INFO  server.RaftServerConfigKeys (ConfUtils.java:logGet(43)) - raft.server.storage.dir = [/workdir/hadoop-ozone/integration-test/target/test-dir/MiniOzoneClusterImpl-d741eabc-a61f-4873-a8b1-78c66134a397/datanode-2/data/ratis] (custom)
2019-08-20 14:12:08,542 [pool-217-thread-1] INFO  storage.RaftStorageDirectory (RaftStorageDirectory.java:analyzeStorage(246)) - The storage directory /workdir/hadoop-ozone/integration-test/target/test-dir/MiniOzoneClusterImpl-d741eabc-a61f-4873-a8b1-78c66134a397/datanode-5/data/ratis/c615db67-3f06-441c-b49e-1fe4acdc190e does not exist. Creating ...
2019-08-20 14:12:08,542 [pool-184-thread-1] INFO  storage.RaftStorageDirectory (RaftStorageDirectory.java:analyzeStorage(246)) - The storage directory /workdir/hadoop-ozone/integration-test/target/test-dir/MiniOzoneClusterImpl-d741eabc-a61f-4873-a8b1-78c66134a397/datanode-2/data/ratis/c615db67-3f06-441c-b49e-1fe4acdc190e does not exist. Creating ...
2019-08-20 14:12:08,544 | INFO  | SCMAudit | user=jenkins1000 | ip=192.168.69.96 | op=SEND_HEARTBEAT {datanodeUUID=f54a9d9a-91ad-45d4-b513-3f5ec3046002, command=[]} | ret=SUCCESS |  
2019-08-20 14:12:08,666 | INFO  | SCMAudit | user=jenkins1000 | ip=192.168.69.96 | op=SEND_HEARTBEAT {datanodeUUID=ecede196-1368-4cbb-9d0e-c1e9efcb994c, command=[]} | ret=SUCCESS |  
2019-08-20 14:12:08,873 | INFO  | SCMAudit | user=jenkins1000 | ip=192.168.69.96 | op=SEND_HEARTBEAT {datanodeUUID=7508574d-b4c6-466d-85cb-c3f6c8793b7e, command=[]} | ret=SUCCESS |  
2019-08-20 14:12:09,052 | INFO  | SCMAudit | user=jenkins1000 | ip=192.168.69.96 | op=SEND_HEARTBEAT {datanodeUUID=8432d649-ea52-4ea8-a512-06e8559690c2, command=[]} | ret=SUCCESS |  
2019-08-20 14:12:09,215 [Thread-1244] INFO  impl.FollowerState (FollowerState.java:run(106)) - 85238e17-2af5-4085-b5cc-473b32345742:group-A69BAEEB6025 changes to CANDIDATE, lastRpcTime:1162, electionTimeout:1162ms
2019-08-20 14:12:09,215 [Thread-1244] INFO  impl.RoleInfo (RoleInfo.java:shutdownFollowerState(121)) - 85238e17-2af5-4085-b5cc-473b32345742: shutdown FollowerState
2019-08-20 14:12:09,215 [Thread-1244] INFO  impl.RaftServerImpl (RaftServerImpl.java:setRole(171)) - 85238e17-2af5-4085-b5cc-473b32345742:group-A69BAEEB6025 changes role from FOLLOWER to CANDIDATE at term 0 for changeToCandidate
2019-08-20 14:12:09,216 [Thread-1244] INFO  impl.RoleInfo (RoleInfo.java:updateAndGet(143)) - 85238e17-2af5-4085-b5cc-473b32345742: start LeaderElection
2019-08-20 14:12:09,278 | INFO  | SCMAudit | user=jenkins1000 | ip=192.168.69.96 | op=SEND_HEARTBEAT {datanodeUUID=385763eb-e39a-4704-9617-4fe83a8f4873, command=[]} | ret=SUCCESS |  
2019-08-20 14:12:09,467 | INFO  | SCMAudit | user=jenkins1000 | ip=192.168.69.96 | op=SEND_HEARTBEAT {datanodeUUID=85238e17-2af5-4085-b5cc-473b32345742, command=[]} | ret=SUCCESS |  
2019-08-20 14:12:09,538 [Thread-1251] INFO  impl.FollowerState (FollowerState.java:run(106)) - f54a9d9a-91ad-45d4-b513-3f5ec3046002:group-63A02D806C08 changes to CANDIDATE, lastRpcTime:1112, electionTimeout:1112ms
2019-08-20 14:12:09,538 [Thread-1251] INFO  impl.RoleInfo (RoleInfo.java:shutdownFollowerState(121)) - f54a9d9a-91ad-45d4-b513-3f5ec3046002: shutdown FollowerState
2019-08-20 14:12:09,538 [Thread-1251] INFO  impl.RaftServerImpl (RaftServerImpl.java:setRole(171)) - f54a9d9a-91ad-45d4-b513-3f5ec3046002:group-63A02D806C08 changes role from FOLLOWER to CANDIDATE at term 0 for changeToCandidate
2019-08-20 14:12:09,539 [Thread-1251] INFO  impl.RoleInfo (RoleInfo.java:updateAndGet(143)) - f54a9d9a-91ad-45d4-b513-3f5ec3046002: start LeaderElection
2019-08-20 14:12:09,546 | INFO  | SCMAudit | user=jenkins1000 | ip=192.168.69.96 | op=SEND_HEARTBEAT {datanodeUUID=f54a9d9a-91ad-45d4-b513-3f5ec3046002, command=[]} | ret=SUCCESS |  
2019-08-20 14:12:09,548 [Thread-1249] INFO  impl.FollowerState (FollowerState.java:run(106)) - 7508574d-b4c6-466d-85cb-c3f6c8793b7e:group-63A02D806C08 changes to CANDIDATE, lastRpcTime:1123, electionTimeout:1123ms
2019-08-20 14:12:09,548 [Thread-1249] INFO  impl.RoleInfo (RoleInfo.java:shutdownFollowerState(121)) - 7508574d-b4c6-466d-85cb-c3f6c8793b7e: shutdown FollowerState
2019-08-20 14:12:09,548 [Thread-1249] INFO  impl.RaftServerImpl (RaftServerImpl.java:setRole(171)) - 7508574d-b4c6-466d-85cb-c3f6c8793b7e:group-63A02D806C08 changes role from FOLLOWER to CANDIDATE at term 0 for changeToCandidate
2019-08-20 14:12:09,548 [Thread-1249] INFO  impl.RoleInfo (RoleInfo.java:updateAndGet(143)) - 7508574d-b4c6-466d-85cb-c3f6c8793b7e: start LeaderElection
2019-08-20 14:12:09,667 | INFO  | SCMAudit | user=jenkins1000 | ip=192.168.69.96 | op=SEND_HEARTBEAT {datanodeUUID=ecede196-1368-4cbb-9d0e-c1e9efcb994c, command=[]} | ret=SUCCESS |  
2019-08-20 14:12:09,874 | INFO  | SCMAudit | user=jenkins1000 | ip=192.168.69.96 | op=SEND_HEARTBEAT {datanodeUUID=7508574d-b4c6-466d-85cb-c3f6c8793b7e, command=[]} | ret=SUCCESS |  
2019-08-20 14:12:10,052 | INFO  | SCMAudit | user=jenkins1000 | ip=192.168.69.96 | op=SEND_HEARTBEAT {datanodeUUID=8432d649-ea52-4ea8-a512-06e8559690c2, command=[]} | ret=SUCCESS |  
2019-08-20 14:12:10,278 | INFO  | SCMAudit | user=jenkins1000 | ip=192.168.69.96 | op=SEND_HEARTBEAT {datanodeUUID=385763eb-e39a-4704-9617-4fe83a8f4873, command=[]} | ret=SUCCESS |  
2019-08-20 14:12:10,467 | INFO  | SCMAudit | user=jenkins1000 | ip=192.168.69.96 | op=SEND_HEARTBEAT {datanodeUUID=85238e17-2af5-4085-b5cc-473b32345742, command=[]} | ret=SUCCESS |  
2019-08-20 14:12:10,545 | INFO  | SCMAudit | user=jenkins1000 | ip=192.168.69.96 | op=SEND_HEARTBEAT {datanodeUUID=f54a9d9a-91ad-45d4-b513-3f5ec3046002, command=[]} | ret=SUCCESS |  
2019-08-20 14:12:10,668 | INFO  | SCMAudit | user=jenkins1000 | ip=192.168.69.96 | op=SEND_HEARTBEAT {datanodeUUID=ecede196-1368-4cbb-9d0e-c1e9efcb994c, command=[]} | ret=SUCCESS |  
2019-08-20 14:12:10,873 | INFO  | SCMAudit | user=jenkins1000 | ip=192.168.69.96 | op=SEND_HEARTBEAT {datanodeUUID=7508574d-b4c6-466d-85cb-c3f6c8793b7e, command=[]} | ret=SUCCESS |  
2019-08-20 14:12:11,051 | INFO  | SCMAudit | user=jenkins1000 | ip=192.168.69.96 | op=SEND_HEARTBEAT {datanodeUUID=8432d649-ea52-4ea8-a512-06e8559690c2, command=[]} | ret=SUCCESS |  
2019-08-20 14:12:11,278 | INFO  | SCMAudit | user=jenkins1000 | ip=192.168.69.96 | op=SEND_HEARTBEAT {datanodeUUID=385763eb-e39a-4704-9617-4fe83a8f4873, command=[]} | ret=SUCCESS |  
2019-08-20 14:12:11,467 | INFO  | SCMAudit | user=jenkins1000 | ip=192.168.69.96 | op=SEND_HEARTBEAT {datanodeUUID=85238e17-2af5-4085-b5cc-473b32345742, command=[]} | ret=SUCCESS |  
2019-08-20 14:12:11,533 [RATISCREATEPIPELINE1] ERROR pipeline.RatisPipelineProvider (RatisPipelineProvider.java:lambda$null$5(235)) - Failed invoke Ratis rpc org.apache.hadoop.hdds.scm.pipeline.RatisPipelineProvider$$Lambda$171/981438106@41d3306b for f54a9d9a-91ad-45d4-b513-3f5ec3046002
org.apache.ratis.protocol.TimeoutIOException: deadline exceeded after 2999841389ns
	at org.apache.ratis.grpc.GrpcUtil.tryUnwrapException(GrpcUtil.java:82)
	at org.apache.ratis.grpc.GrpcUtil.unwrapException(GrpcUtil.java:75)
	at org.apache.ratis.grpc.client.GrpcClientProtocolClient.blockingCall(GrpcClientProtocolClient.java:169)
	at org.apache.ratis.grpc.client.GrpcClientProtocolClient.groupAdd(GrpcClientProtocolClient.java:138)
	at org.apache.ratis.grpc.client.GrpcClientRpc.sendRequest(GrpcClientRpc.java:94)
	at org.apache.ratis.client.impl.RaftClientImpl.sendRequest(RaftClientImpl.java:279)
	at org.apache.ratis.client.impl.RaftClientImpl.groupAdd(RaftClientImpl.java:206)
	at org.apache.hadoop.hdds.scm.pipeline.RatisPipelineProvider.lambda$initializePipeline$4(RatisPipelineProvider.java:194)
	at org.apache.hadoop.hdds.scm.pipeline.RatisPipelineProvider.lambda$null$5(RatisPipelineProvider.java:231)
	at java.util.stream.ForEachOps$ForEachOp$OfRef.accept(ForEachOps.java:184)
	at java.util.ArrayList$ArrayListSpliterator.forEachRemaining(ArrayList.java:1382)
	at java.util.stream.AbstractPipeline.copyInto(AbstractPipeline.java:482)
	at java.util.stream.ForEachOps$ForEachTask.compute(ForEachOps.java:291)
	at java.util.concurrent.CountedCompleter.exec(CountedCompleter.java:731)
	at java.util.concurrent.ForkJoinTask.doExec(ForkJoinTask.java:289)
	at java.util.concurrent.ForkJoinTask.doInvoke(ForkJoinTask.java:401)
	at java.util.concurrent.ForkJoinTask.invoke(ForkJoinTask.java:734)
	at java.util.stream.ForEachOps$ForEachOp.evaluateParallel(ForEachOps.java:160)
	at java.util.stream.ForEachOps$ForEachOp$OfRef.evaluateParallel(ForEachOps.java:174)
	at java.util.stream.AbstractPipeline.evaluate(AbstractPipeline.java:233)
	at java.util.stream.ReferencePipeline.forEach(ReferencePipeline.java:418)
	at java.util.stream.ReferencePipeline$Head.forEach(ReferencePipeline.java:583)
	at org.apache.hadoop.hdds.scm.pipeline.RatisPipelineProvider.lambda$callRatisRpc$6(RatisPipelineProvider.java:225)
	at java.util.concurrent.ForkJoinTask$AdaptedRunnableAction.exec(ForkJoinTask.java:1386)
	at java.util.concurrent.ForkJoinTask.doExec(ForkJoinTask.java:289)
	at java.util.concurrent.ForkJoinPool$WorkQueue.runTask(ForkJoinPool.java:1056)
	at java.util.concurrent.ForkJoinPool.runWorker(ForkJoinPool.java:1692)
	at java.util.concurrent.ForkJoinWorkerThread.run(ForkJoinWorkerThread.java:157)
Caused by: org.apache.ratis.thirdparty.io.grpc.StatusRuntimeException: DEADLINE_EXCEEDED: deadline exceeded after 2999841389ns
	at org.apache.ratis.thirdparty.io.grpc.stub.ClientCalls.toStatusRuntimeException(ClientCalls.java:233)
	at org.apache.ratis.thirdparty.io.grpc.stub.ClientCalls.getUnchecked(ClientCalls.java:214)
	at org.apache.ratis.thirdparty.io.grpc.stub.ClientCalls.blockingUnaryCall(ClientCalls.java:139)
	at org.apache.ratis.proto.grpc.AdminProtocolServiceGrpc$AdminProtocolServiceBlockingStub.groupManagement(AdminProtocolServiceGrpc.java:274)
	at org.apache.ratis.grpc.client.GrpcClientProtocolClient.lambda$groupAdd$3(GrpcClientProtocolClient.java:140)
	at org.apache.ratis.grpc.client.GrpcClientProtocolClient.blockingCall(GrpcClientProtocolClient.java:167)
	... 25 more
2019-08-20 14:12:11,534 [RATISCREATEPIPELINE2] ERROR pipeline.RatisPipelineProvider (RatisPipelineProvider.java:lambda$null$5(235)) - Failed invoke Ratis rpc org.apache.hadoop.hdds.scm.pipeline.RatisPipelineProvider$$Lambda$171/981438106@41d3306b for 385763eb-e39a-4704-9617-4fe83a8f4873
org.apache.ratis.protocol.TimeoutIOException: deadline exceeded after 2999901763ns
	at org.apache.ratis.grpc.GrpcUtil.tryUnwrapException(GrpcUtil.java:82)
	at org.apache.ratis.grpc.GrpcUtil.unwrapException(GrpcUtil.java:75)
	at org.apache.ratis.grpc.client.GrpcClientProtocolClient.blockingCall(GrpcClientProtocolClient.java:169)
	at org.apache.ratis.grpc.client.GrpcClientProtocolClient.groupAdd(GrpcClientProtocolClient.java:138)
	at org.apache.ratis.grpc.client.GrpcClientRpc.sendRequest(GrpcClientRpc.java:94)
	at org.apache.ratis.client.impl.RaftClientImpl.sendRequest(RaftClientImpl.java:279)
	at org.apache.ratis.client.impl.RaftClientImpl.groupAdd(RaftClientImpl.java:206)
	at org.apache.hadoop.hdds.scm.pipeline.RatisPipelineProvider.lambda$initializePipeline$4(RatisPipelineProvider.java:194)
	at org.apache.hadoop.hdds.scm.pipeline.RatisPipelineProvider.lambda$null$5(RatisPipelineProvider.java:231)
	at java.util.stream.ForEachOps$ForEachOp$OfRef.accept(ForEachOps.java:184)
	at java.util.ArrayList$ArrayListSpliterator.forEachRemaining(ArrayList.java:1382)
	at java.util.stream.AbstractPipeline.copyInto(AbstractPipeline.java:482)
	at java.util.stream.ForEachOps$ForEachTask.compute(ForEachOps.java:291)
	at java.util.concurrent.CountedCompleter.exec(CountedCompleter.java:731)
	at java.util.concurrent.ForkJoinTask.doExec(ForkJoinTask.java:289)
	at java.util.concurrent.ForkJoinPool$WorkQueue.runTask(ForkJoinPool.java:1056)
	at java.util.concurrent.ForkJoinPool.runWorker(ForkJoinPool.java:1692)
	at java.util.concurrent.ForkJoinWorkerThread.run(ForkJoinWorkerThread.java:157)
Caused by: org.apache.ratis.thirdparty.io.grpc.StatusRuntimeException: DEADLINE_EXCEEDED: deadline exceeded after 2999901763ns
	at org.apache.ratis.thirdparty.io.grpc.stub.ClientCalls.toStatusRuntimeException(ClientCalls.java:233)
	at org.apache.ratis.thirdparty.io.grpc.stub.ClientCalls.getUnchecked(ClientCalls.java:214)
	at org.apache.ratis.thirdparty.io.grpc.stub.ClientCalls.blockingUnaryCall(ClientCalls.java:139)
	at org.apache.ratis.proto.grpc.AdminProtocolServiceGrpc$AdminProtocolServiceBlockingStub.groupManagement(AdminProtocolServiceGrpc.java:274)
	at org.apache.ratis.grpc.client.GrpcClientProtocolClient.lambda$groupAdd$3(GrpcClientProtocolClient.java:140)
	at org.apache.ratis.grpc.client.GrpcClientProtocolClient.blockingCall(GrpcClientProtocolClient.java:167)
	... 15 more
2019-08-20 14:12:11,533 [RATISCREATEPIPELINE3] ERROR pipeline.RatisPipelineProvider (RatisPipelineProvider.java:lambda$null$5(235)) - Failed invoke Ratis rpc org.apache.hadoop.hdds.scm.pipeline.RatisPipelineProvider$$Lambda$171/981438106@41d3306b for 7508574d-b4c6-466d-85cb-c3f6c8793b7e
org.apache.ratis.protocol.TimeoutIOException: deadline exceeded after 2999878202ns
	at org.apache.ratis.grpc.GrpcUtil.tryUnwrapException(GrpcUtil.java:82)
	at org.apache.ratis.grpc.GrpcUtil.unwrapException(GrpcUtil.java:75)
	at org.apache.ratis.grpc.client.GrpcClientProtocolClient.blockingCall(GrpcClientProtocolClient.java:169)
	at org.apache.ratis.grpc.client.GrpcClientProtocolClient.groupAdd(GrpcClientProtocolClient.java:138)
	at org.apache.ratis.grpc.client.GrpcClientRpc.sendRequest(GrpcClientRpc.java:94)
	at org.apache.ratis.client.impl.RaftClientImpl.sendRequest(RaftClientImpl.java:279)
	at org.apache.ratis.client.impl.RaftClientImpl.groupAdd(RaftClientImpl.java:206)
	at org.apache.hadoop.hdds.scm.pipeline.RatisPipelineProvider.lambda$initializePipeline$4(RatisPipelineProvider.java:194)
	at org.apache.hadoop.hdds.scm.pipeline.RatisPipelineProvider.lambda$null$5(RatisPipelineProvider.java:231)
	at java.util.stream.ForEachOps$ForEachOp$OfRef.accept(ForEachOps.java:184)
	at java.util.ArrayList$ArrayListSpliterator.forEachRemaining(ArrayList.java:1382)
	at java.util.stream.AbstractPipeline.copyInto(AbstractPipeline.java:482)
	at java.util.stream.ForEachOps$ForEachTask.compute(ForEachOps.java:291)
	at java.util.concurrent.CountedCompleter.exec(CountedCompleter.java:731)
	at java.util.concurrent.ForkJoinTask.doExec(ForkJoinTask.java:289)
	at java.util.concurrent.ForkJoinPool$WorkQueue.runTask(ForkJoinPool.java:1056)
	at java.util.concurrent.ForkJoinPool.runWorker(ForkJoinPool.java:1692)
	at java.util.concurrent.ForkJoinWorkerThread.run(ForkJoinWorkerThread.java:157)
Caused by: org.apache.ratis.thirdparty.io.grpc.StatusRuntimeException: DEADLINE_EXCEEDED: deadline exceeded after 2999878202ns
	at org.apache.ratis.thirdparty.io.grpc.stub.ClientCalls.toStatusRuntimeException(ClientCalls.java:233)
	at org.apache.ratis.thirdparty.io.grpc.stub.ClientCalls.getUnchecked(ClientCalls.java:214)
	at org.apache.ratis.thirdparty.io.grpc.stub.ClientCalls.blockingUnaryCall(ClientCalls.java:139)
	at org.apache.ratis.proto.grpc.AdminProtocolServiceGrpc$AdminProtocolServiceBlockingStub.groupManagement(AdminProtocolServiceGrpc.java:274)
	at org.apache.ratis.grpc.client.GrpcClientProtocolClient.lambda$groupAdd$3(GrpcClientProtocolClient.java:140)
	at org.apache.ratis.grpc.client.GrpcClientProtocolClient.blockingCall(GrpcClientProtocolClient.java:167)
	... 15 more
2019-08-20 14:12:11,546 | INFO  | SCMAudit | user=jenkins1000 | ip=192.168.69.96 | op=SEND_HEARTBEAT {datanodeUUID=f54a9d9a-91ad-45d4-b513-3f5ec3046002, command=[]} | ret=SUCCESS |  
2019-08-20 14:12:11,550 [grpc-default-executor-4] INFO  impl.RaftServerProxy (RaftServerProxy.java:addNew(89)) - 385763eb-e39a-4704-9617-4fe83a8f4873: addNew group-B028FE683DE0:[385763eb-e39a-4704-9617-4fe83a8f4873:192.168.69.96:38476, f54a9d9a-91ad-45d4-b513-3f5ec3046002:192.168.69.96:37332, 7508574d-b4c6-466d-85cb-c3f6c8793b7e:192.168.69.96:35557] returns group-B028FE683DE0:java.util.concurrent.CompletableFuture@3a066b71[Not completed]
2019-08-20 14:12:11,550 [grpc-default-executor-1] INFO  impl.RaftServerProxy (RaftServerProxy.java:addNew(89)) - 7508574d-b4c6-466d-85cb-c3f6c8793b7e: addNew group-B028FE683DE0:[385763eb-e39a-4704-9617-4fe83a8f4873:192.168.69.96:38476, f54a9d9a-91ad-45d4-b513-3f5ec3046002:192.168.69.96:37332, 7508574d-b4c6-466d-85cb-c3f6c8793b7e:192.168.69.96:35557] returns group-B028FE683DE0:java.util.concurrent.CompletableFuture@4163d7e3[Not completed]
2019-08-20 14:12:11,550 [grpc-default-executor-0] INFO  impl.RaftServerProxy (RaftServerProxy.java:addNew(89)) - f54a9d9a-91ad-45d4-b513-3f5ec3046002: addNew group-B028FE683DE0:[385763eb-e39a-4704-9617-4fe83a8f4873:192.168.69.96:38476, f54a9d9a-91ad-45d4-b513-3f5ec3046002:192.168.69.96:37332, 7508574d-b4c6-466d-85cb-c3f6c8793b7e:192.168.69.96:35557] returns group-B028FE683DE0:java.util.concurrent.CompletableFuture@7171271a[Not completed]
2019-08-20 14:12:11,667 | INFO  | SCMAudit | user=jenkins1000 | ip=192.168.69.96 | op=SEND_HEARTBEAT {datanodeUUID=ecede196-1368-4cbb-9d0e-c1e9efcb994c, command=[]} | ret=SUCCESS |  
2019-08-20 14:12:11,873 | INFO  | SCMAudit | user=jenkins1000 | ip=192.168.69.96 | op=SEND_HEARTBEAT {datanodeUUID=7508574d-b4c6-466d-85cb-c3f6c8793b7e, command=[]} | ret=SUCCESS |  
2019-08-20 14:12:11,978 [pool-206-thread-1] INFO  storage.RaftStorageDirectory (RaftStorageDirectory.java:tryLock(328)) - Lock on /workdir/hadoop-ozone/integration-test/target/test-dir/MiniOzoneClusterImpl-d741eabc-a61f-4873-a8b1-78c66134a397/datanode-4/data/ratis/fd2f7ba6-d8a5-4e05-ad18-1529c64fc94b/in_use.lock acquired by nodename 11068@pr-hdds-1946lgncr-3764977478
2019-08-20 14:12:11,978 [pool-184-thread-1] INFO  storage.RaftStorageDirectory (RaftStorageDirectory.java:tryLock(328)) - Lock on /workdir/hadoop-ozone/integration-test/target/test-dir/MiniOzoneClusterImpl-d741eabc-a61f-4873-a8b1-78c66134a397/datanode-2/data/ratis/c615db67-3f06-441c-b49e-1fe4acdc190e/in_use.lock acquired by nodename 11068@pr-hdds-1946lgncr-3764977478
2019-08-20 14:12:11,978 [pool-217-thread-1] INFO  storage.RaftStorageDirectory (RaftStorageDirectory.java:tryLock(328)) - Lock on /workdir/hadoop-ozone/integration-test/target/test-dir/MiniOzoneClusterImpl-d741eabc-a61f-4873-a8b1-78c66134a397/datanode-5/data/ratis/c615db67-3f06-441c-b49e-1fe4acdc190e/in_use.lock acquired by nodename 11068@pr-hdds-1946lgncr-3764977478
2019-08-20 14:12:12,052 | INFO  | SCMAudit | user=jenkins1000 | ip=192.168.69.96 | op=SEND_HEARTBEAT {datanodeUUID=8432d649-ea52-4ea8-a512-06e8559690c2, command=[]} | ret=SUCCESS |  
2019-08-20 14:12:12,279 | INFO  | SCMAudit | user=jenkins1000 | ip=192.168.69.96 | op=SEND_HEARTBEAT {datanodeUUID=385763eb-e39a-4704-9617-4fe83a8f4873, command=[]} | ret=SUCCESS |  
2019-08-20 14:12:12,466 | INFO  | SCMAudit | user=jenkins1000 | ip=192.168.69.96 | op=SEND_HEARTBEAT {datanodeUUID=85238e17-2af5-4085-b5cc-473b32345742, command=[]} | ret=SUCCESS |  
2019-08-20 14:12:12,511 [85238e17-2af5-4085-b5cc-473b32345742:group-A69BAEEB6025:LeaderElection21] INFO  impl.LeaderElection (LeaderElection.java:askForVotes(181)) - 85238e17-2af5-4085-b5cc-473b32345742:group-A69BAEEB6025:LeaderElection21: begin an election at term 1 for -1: [85238e17-2af5-4085-b5cc-473b32345742:192.168.69.96:34936], old=null
2019-08-20 14:12:12,511 [f54a9d9a-91ad-45d4-b513-3f5ec3046002:group-63A02D806C08:LeaderElection22] INFO  impl.LeaderElection (LeaderElection.java:askForVotes(181)) - f54a9d9a-91ad-45d4-b513-3f5ec3046002:group-63A02D806C08:LeaderElection22: begin an election at term 1 for -1: [385763eb-e39a-4704-9617-4fe83a8f4873:192.168.69.96:38476, f54a9d9a-91ad-45d4-b513-3f5ec3046002:192.168.69.96:37332, 7508574d-b4c6-466d-85cb-c3f6c8793b7e:192.168.69.96:35557], old=null
2019-08-20 14:12:12,511 [7508574d-b4c6-466d-85cb-c3f6c8793b7e:group-63A02D806C08:LeaderElection23] INFO  impl.LeaderElection (LeaderElection.java:askForVotes(181)) - 7508574d-b4c6-466d-85cb-c3f6c8793b7e:group-63A02D806C08:LeaderElection23: begin an election at term 1 for -1: [385763eb-e39a-4704-9617-4fe83a8f4873:192.168.69.96:38476, f54a9d9a-91ad-45d4-b513-3f5ec3046002:192.168.69.96:37332, 7508574d-b4c6-466d-85cb-c3f6c8793b7e:192.168.69.96:35557], old=null
2019-08-20 14:12:12,511 [85238e17-2af5-4085-b5cc-473b32345742:group-A69BAEEB6025:LeaderElection21] INFO  impl.RoleInfo (RoleInfo.java:shutdownLeaderElection(134)) - 85238e17-2af5-4085-b5cc-473b32345742: shutdown LeaderElection
2019-08-20 14:12:12,512 [85238e17-2af5-4085-b5cc-473b32345742:group-A69BAEEB6025:LeaderElection21] INFO  impl.RaftServerImpl (RaftServerImpl.java:setRole(171)) - 85238e17-2af5-4085-b5cc-473b32345742:group-A69BAEEB6025 changes role from CANDIDATE to LEADER at term 1 for changeToLeader
2019-08-20 14:12:12,512 [85238e17-2af5-4085-b5cc-473b32345742:group-A69BAEEB6025:LeaderElection21] INFO  impl.RaftServerImpl (ServerState.java:setLeader(263)) - 85238e17-2af5-4085-b5cc-473b32345742:group-A69BAEEB6025 change Leader from null to 85238e17-2af5-4085-b5cc-473b32345742 at term 1 for becomeLeader, leader elected after 4466ms
2019-08-20 14:12:12,512 [85238e17-2af5-4085-b5cc-473b32345742:group-A69BAEEB6025:LeaderElection21] INFO  server.RaftServerConfigKeys (ConfUtils.java:logGet(43)) - raft.server.staging.catchup.gap = 1000 (default)
2019-08-20 14:12:12,512 [85238e17-2af5-4085-b5cc-473b32345742:group-A69BAEEB6025:LeaderElection21] INFO  server.RaftServerConfigKeys (ConfUtils.java:logGet(43)) - raft.server.rpc.sleep.time = 25ms (default)
2019-08-20 14:12:12,513 [85238e17-2af5-4085-b5cc-473b32345742:group-A69BAEEB6025:LeaderElection21] INFO  server.RaftServerConfigKeys (ConfUtils.java:logGet(43)) - raft.server.write.element-limit = 4096 (default)
2019-08-20 14:12:12,513 [85238e17-2af5-4085-b5cc-473b32345742:group-A69BAEEB6025:LeaderElection21] INFO  server.RaftServerConfigKeys (ConfUtils.java:logGet(43)) - raft.server.watch.timeout = 10s (default)
2019-08-20 14:12:12,513 [85238e17-2af5-4085-b5cc-473b32345742:group-A69BAEEB6025:LeaderElection21] INFO  server.RaftServerConfigKeys (ConfUtils.java:logGet(43)) - raft.server.watch.timeout.denomination = 1s (default)
2019-08-20 14:12:12,513 [85238e17-2af5-4085-b5cc-473b32345742:group-A69BAEEB6025:LeaderElection21] INFO  server.RaftServerConfigKeys (ConfUtils.java:logGet(43)) - raft.server.watch.element-limit = 65536 (default)
2019-08-20 14:12:12,513 [85238e17-2af5-4085-b5cc-473b32345742:group-A69BAEEB6025:LeaderElection21] INFO  impl.RoleInfo (RoleInfo.java:updateAndGet(143)) - 85238e17-2af5-4085-b5cc-473b32345742: start LeaderState
2019-08-20 14:12:12,514 [85238e17-2af5-4085-b5cc-473b32345742:group-A69BAEEB6025:LeaderElection21] INFO  segmented.SegmentedRaftLogWorker (SegmentedRaftLogWorker.java:startLogSegment(380)) - 85238e17-2af5-4085-b5cc-473b32345742-SegmentedRaftLogWorker:Storage Directory /workdir/hadoop-ozone/integration-test/target/test-dir/MiniOzoneClusterImpl-d741eabc-a61f-4873-a8b1-78c66134a397/datanode-0/data/ratis/15f81f15-65de-4b91-9689-a69baeeb6025: Starting segment from index:0
2019-08-20 14:12:12,515 [85238e17-2af5-4085-b5cc-473b32345742:group-A69BAEEB6025:LeaderElection21] INFO  impl.RaftServerImpl (ServerState.java:setRaftConf(361)) - 85238e17-2af5-4085-b5cc-473b32345742:group-A69BAEEB6025 set configuration 0: [85238e17-2af5-4085-b5cc-473b32345742:192.168.69.96:34936], old=null at 0
2019-08-20 14:12:12,551 | INFO  | SCMAudit | user=jenkins1000 | ip=192.168.69.96 | op=SEND_HEARTBEAT {datanodeUUID=f54a9d9a-91ad-45d4-b513-3f5ec3046002, command=[]} | ret=SUCCESS |  
2019-08-20 14:12:12,563 [grpc-default-executor-3] WARN  server.GrpcServerProtocolService (LogUtils.java:warn(134)) - 385763eb-e39a-4704-9617-4fe83a8f4873: Failed requestVote f54a9d9a-91ad-45d4-b513-3f5ec3046002->385763eb-e39a-4704-9617-4fe83a8f4873#0: org.apache.ratis.protocol.ServerNotReadyException: Server 385763eb-e39a-4704-9617-4fe83a8f4873 is not [RUNNING]: current state is NEW
2019-08-20 14:12:12,563 [grpc-default-executor-0] WARN  server.GrpcServerProtocolService (LogUtils.java:warn(134)) - 385763eb-e39a-4704-9617-4fe83a8f4873: Failed requestVote 7508574d-b4c6-466d-85cb-c3f6c8793b7e->385763eb-e39a-4704-9617-4fe83a8f4873#0: org.apache.ratis.protocol.ServerNotReadyException: Server 385763eb-e39a-4704-9617-4fe83a8f4873 is not [RUNNING]: current state is NEW
2019-08-20 14:12:12,590 [7508574d-b4c6-466d-85cb-c3f6c8793b7e:group-63A02D806C08:LeaderElection23] INFO  impl.LeaderElection (LogUtils.java:infoOrTrace(149)) - 7508574d-b4c6-466d-85cb-c3f6c8793b7e:group-63A02D806C08:LeaderElection23 got exception when requesting votes: {}
java.util.concurrent.ExecutionException: org.apache.ratis.thirdparty.io.grpc.StatusRuntimeException: INTERNAL: Server 385763eb-e39a-4704-9617-4fe83a8f4873 is not [RUNNING]: current state is NEW
	at java.util.concurrent.FutureTask.report(FutureTask.java:122)
	at java.util.concurrent.FutureTask.get(FutureTask.java:192)
	at org.apache.ratis.server.impl.LeaderElection.waitForResults(LeaderElection.java:262)
	at org.apache.ratis.server.impl.LeaderElection.askForVotes(LeaderElection.java:200)
	at org.apache.ratis.server.impl.LeaderElection.run(LeaderElection.java:130)
	at java.lang.Thread.run(Thread.java:748)
Caused by: org.apache.ratis.thirdparty.io.grpc.StatusRuntimeException: INTERNAL: Server 385763eb-e39a-4704-9617-4fe83a8f4873 is not [RUNNING]: current state is NEW
	at org.apache.ratis.thirdparty.io.grpc.stub.ClientCalls.toStatusRuntimeException(ClientCalls.java:233)
	at org.apache.ratis.thirdparty.io.grpc.stub.ClientCalls.getUnchecked(ClientCalls.java:214)
	at org.apache.ratis.thirdparty.io.grpc.stub.ClientCalls.blockingUnaryCall(ClientCalls.java:139)
	at org.apache.ratis.proto.grpc.RaftServerProtocolServiceGrpc$RaftServerProtocolServiceBlockingStub.requestVote(RaftServerProtocolServiceGrpc.java:265)
	at org.apache.ratis.grpc.server.GrpcServerProtocolClient.requestVote(GrpcServerProtocolClient.java:83)
	at org.apache.ratis.grpc.server.GrpcService.requestVote(GrpcService.java:195)
	at org.apache.ratis.server.impl.LeaderElection.lambda$submitRequests$1(LeaderElection.java:237)
	at java.util.concurrent.FutureTask.run(FutureTask.java:266)
	at java.util.concurrent.Executors$RunnableAdapter.call(Executors.java:511)
	at java.util.concurrent.FutureTask.run(FutureTask.java:266)
	at java.util.concurrent.ThreadPoolExecutor.runWorker(ThreadPoolExecutor.java:1149)
	at java.util.concurrent.ThreadPoolExecutor$Worker.run(ThreadPoolExecutor.java:624)
	... 1 more
2019-08-20 14:12:12,590 [f54a9d9a-91ad-45d4-b513-3f5ec3046002:group-63A02D806C08:LeaderElection22] INFO  impl.LeaderElection (LogUtils.java:infoOrTrace(149)) - f54a9d9a-91ad-45d4-b513-3f5ec3046002:group-63A02D806C08:LeaderElection22 got exception when requesting votes: {}
java.util.concurrent.ExecutionException: org.apache.ratis.thirdparty.io.grpc.StatusRuntimeException: INTERNAL: Server 385763eb-e39a-4704-9617-4fe83a8f4873 is not [RUNNING]: current state is NEW
	at java.util.concurrent.FutureTask.report(FutureTask.java:122)
	at java.util.concurrent.FutureTask.get(FutureTask.java:192)
	at org.apache.ratis.server.impl.LeaderElection.waitForResults(LeaderElection.java:262)
	at org.apache.ratis.server.impl.LeaderElection.askForVotes(LeaderElection.java:200)
	at org.apache.ratis.server.impl.LeaderElection.run(LeaderElection.java:130)
	at java.lang.Thread.run(Thread.java:748)
Caused by: org.apache.ratis.thirdparty.io.grpc.StatusRuntimeException: INTERNAL: Server 385763eb-e39a-4704-9617-4fe83a8f4873 is not [RUNNING]: current state is NEW
	at org.apache.ratis.thirdparty.io.grpc.stub.ClientCalls.toStatusRuntimeException(ClientCalls.java:233)
	at org.apache.ratis.thirdparty.io.grpc.stub.ClientCalls.getUnchecked(ClientCalls.java:214)
	at org.apache.ratis.thirdparty.io.grpc.stub.ClientCalls.blockingUnaryCall(ClientCalls.java:139)
	at org.apache.ratis.proto.grpc.RaftServerProtocolServiceGrpc$RaftServerProtocolServiceBlockingStub.requestVote(RaftServerProtocolServiceGrpc.java:265)
	at org.apache.ratis.grpc.server.GrpcServerProtocolClient.requestVote(GrpcServerProtocolClient.java:83)
	at org.apache.ratis.grpc.server.GrpcService.requestVote(GrpcService.java:195)
	at org.apache.ratis.server.impl.LeaderElection.lambda$submitRequests$1(LeaderElection.java:237)
	at java.util.concurrent.FutureTask.run(FutureTask.java:266)
	at java.util.concurrent.Executors$RunnableAdapter.call(Executors.java:511)
	at java.util.concurrent.FutureTask.run(FutureTask.java:266)
	at java.util.concurrent.ThreadPoolExecutor.runWorker(ThreadPoolExecutor.java:1149)
	at java.util.concurrent.ThreadPoolExecutor$Worker.run(ThreadPoolExecutor.java:624)
	... 1 more
2019-08-20 14:12:12,592 [7508574d-b4c6-466d-85cb-c3f6c8793b7e:group-63A02D806C08:LeaderElection23] INFO  impl.LeaderElection (LeaderElection.java:logAndReturn(56)) - 7508574d-b4c6-466d-85cb-c3f6c8793b7e:group-63A02D806C08:LeaderElection23: Election REJECTED; received 1 response(s) [7508574d-b4c6-466d-85cb-c3f6c8793b7e<-f54a9d9a-91ad-45d4-b513-3f5ec3046002#0:FAIL-t1] and 1 exception(s); 7508574d-b4c6-466d-85cb-c3f6c8793b7e:t1, leader=null, voted=7508574d-b4c6-466d-85cb-c3f6c8793b7e, raftlog=7508574d-b4c6-466d-85cb-c3f6c8793b7e-SegmentedRaftLog:OPENED:c-1,f-1,i0, conf=-1: [385763eb-e39a-4704-9617-4fe83a8f4873:192.168.69.96:38476, f54a9d9a-91ad-45d4-b513-3f5ec3046002:192.168.69.96:37332, 7508574d-b4c6-466d-85cb-c3f6c8793b7e:192.168.69.96:35557], old=null
2019-08-20 14:12:12,594 [f54a9d9a-91ad-45d4-b513-3f5ec3046002:group-63A02D806C08:LeaderElection22] INFO  impl.LeaderElection (LeaderElection.java:logAndReturn(56)) - f54a9d9a-91ad-45d4-b513-3f5ec3046002:group-63A02D806C08:LeaderElection22: Election REJECTED; received 1 response(s) [f54a9d9a-91ad-45d4-b513-3f5ec3046002<-7508574d-b4c6-466d-85cb-c3f6c8793b7e#0:FAIL-t1] and 1 exception(s); f54a9d9a-91ad-45d4-b513-3f5ec3046002:t1, leader=null, voted=f54a9d9a-91ad-45d4-b513-3f5ec3046002, raftlog=f54a9d9a-91ad-45d4-b513-3f5ec3046002-SegmentedRaftLog:OPENED:c-1,f-1,i0, conf=-1: [385763eb-e39a-4704-9617-4fe83a8f4873:192.168.69.96:38476, f54a9d9a-91ad-45d4-b513-3f5ec3046002:192.168.69.96:37332, 7508574d-b4c6-466d-85cb-c3f6c8793b7e:192.168.69.96:35557], old=null
2019-08-20 14:12:12,594 [7508574d-b4c6-466d-85cb-c3f6c8793b7e:group-63A02D806C08:LeaderElection23] INFO  impl.LeaderElection (LogUtils.java:infoOrTrace(149)) -   Exception 0: {}
java.util.concurrent.ExecutionException: org.apache.ratis.thirdparty.io.grpc.StatusRuntimeException: INTERNAL: Server 385763eb-e39a-4704-9617-4fe83a8f4873 is not [RUNNING]: current state is NEW
	at java.util.concurrent.FutureTask.report(FutureTask.java:122)
	at java.util.concurrent.FutureTask.get(FutureTask.java:192)
	at org.apache.ratis.server.impl.LeaderElection.waitForResults(LeaderElection.java:262)
	at org.apache.ratis.server.impl.LeaderElection.askForVotes(LeaderElection.java:200)
	at org.apache.ratis.server.impl.LeaderElection.run(LeaderElection.java:130)
	at java.lang.Thread.run(Thread.java:748)
Caused by: org.apache.ratis.thirdparty.io.grpc.StatusRuntimeException: INTERNAL: Server 385763eb-e39a-4704-9617-4fe83a8f4873 is not [RUNNING]: current state is NEW
	at org.apache.ratis.thirdparty.io.grpc.stub.ClientCalls.toStatusRuntimeException(ClientCalls.java:233)
	at org.apache.ratis.thirdparty.io.grpc.stub.ClientCalls.getUnchecked(ClientCalls.java:214)
	at org.apache.ratis.thirdparty.io.grpc.stub.ClientCalls.blockingUnaryCall(ClientCalls.java:139)
	at org.apache.ratis.proto.grpc.RaftServerProtocolServiceGrpc$RaftServerProtocolServiceBlockingStub.requestVote(RaftServerProtocolServiceGrpc.java:265)
	at org.apache.ratis.grpc.server.GrpcServerProtocolClient.requestVote(GrpcServerProtocolClient.java:83)
	at org.apache.ratis.grpc.server.GrpcService.requestVote(GrpcService.java:195)
	at org.apache.ratis.server.impl.LeaderElection.lambda$submitRequests$1(LeaderElection.java:237)
	at java.util.concurrent.FutureTask.run(FutureTask.java:266)
	at java.util.concurrent.Executors$RunnableAdapter.call(Executors.java:511)
	at java.util.concurrent.FutureTask.run(FutureTask.java:266)
	at java.util.concurrent.ThreadPoolExecutor.runWorker(ThreadPoolExecutor.java:1149)
	at java.util.concurrent.ThreadPoolExecutor$Worker.run(ThreadPoolExecutor.java:624)
	... 1 more
2019-08-20 14:12:12,594 [f54a9d9a-91ad-45d4-b513-3f5ec3046002:group-63A02D806C08:LeaderElection22] INFO  impl.LeaderElection (LogUtils.java:infoOrTrace(149)) -   Exception 0: {}
java.util.concurrent.ExecutionException: org.apache.ratis.thirdparty.io.grpc.StatusRuntimeException: INTERNAL: Server 385763eb-e39a-4704-9617-4fe83a8f4873 is not [RUNNING]: current state is NEW
	at java.util.concurrent.FutureTask.report(FutureTask.java:122)
	at java.util.concurrent.FutureTask.get(FutureTask.java:192)
	at org.apache.ratis.server.impl.LeaderElection.waitForResults(LeaderElection.java:262)
	at org.apache.ratis.server.impl.LeaderElection.askForVotes(LeaderElection.java:200)
	at org.apache.ratis.server.impl.LeaderElection.run(LeaderElection.java:130)
	at java.lang.Thread.run(Thread.java:748)
Caused by: org.apache.ratis.thirdparty.io.grpc.StatusRuntimeException: INTERNAL: Server 385763eb-e39a-4704-9617-4fe83a8f4873 is not [RUNNING]: current state is NEW
	at org.apache.ratis.thirdparty.io.grpc.stub.ClientCalls.toStatusRuntimeException(ClientCalls.java:233)
	at org.apache.ratis.thirdparty.io.grpc.stub.ClientCalls.getUnchecked(ClientCalls.java:214)
	at org.apache.ratis.thirdparty.io.grpc.stub.ClientCalls.blockingUnaryCall(ClientCalls.java:139)
	at org.apache.ratis.proto.grpc.RaftServerProtocolServiceGrpc$RaftServerProtocolServiceBlockingStub.requestVote(RaftServerProtocolServiceGrpc.java:265)
	at org.apache.ratis.grpc.server.GrpcServerProtocolClient.requestVote(GrpcServerProtocolClient.java:83)
	at org.apache.ratis.grpc.server.GrpcService.requestVote(GrpcService.java:195)
	at org.apache.ratis.server.impl.LeaderElection.lambda$submitRequests$1(LeaderElection.java:237)
	at java.util.concurrent.FutureTask.run(FutureTask.java:266)
	at java.util.concurrent.Executors$RunnableAdapter.call(Executors.java:511)
	at java.util.concurrent.FutureTask.run(FutureTask.java:266)
	at java.util.concurrent.ThreadPoolExecutor.runWorker(ThreadPoolExecutor.java:1149)
	at java.util.concurrent.ThreadPoolExecutor$Worker.run(ThreadPoolExecutor.java:624)
	... 1 more
2019-08-20 14:12:12,594 [7508574d-b4c6-466d-85cb-c3f6c8793b7e:group-63A02D806C08:LeaderElection23] INFO  impl.RaftServerImpl (RaftServerImpl.java:setRole(171)) - 7508574d-b4c6-466d-85cb-c3f6c8793b7e:group-63A02D806C08 changes role from CANDIDATE to FOLLOWER at term 1 for DISCOVERED_A_NEW_TERM
2019-08-20 14:12:12,596 [f54a9d9a-91ad-45d4-b513-3f5ec3046002:group-63A02D806C08:LeaderElection22] INFO  impl.RaftServerImpl (RaftServerImpl.java:setRole(171)) - f54a9d9a-91ad-45d4-b513-3f5ec3046002:group-63A02D806C08 changes role from CANDIDATE to FOLLOWER at term 1 for DISCOVERED_A_NEW_TERM
2019-08-20 14:12:12,597 [7508574d-b4c6-466d-85cb-c3f6c8793b7e:group-63A02D806C08:LeaderElection23] INFO  impl.RoleInfo (RoleInfo.java:shutdownLeaderElection(134)) - 7508574d-b4c6-466d-85cb-c3f6c8793b7e: shutdown LeaderElection
2019-08-20 14:12:12,598 [f54a9d9a-91ad-45d4-b513-3f5ec3046002:group-63A02D806C08:LeaderElection22] INFO  impl.RoleInfo (RoleInfo.java:shutdownLeaderElection(134)) - f54a9d9a-91ad-45d4-b513-3f5ec3046002: shutdown LeaderElection
2019-08-20 14:12:12,598 [7508574d-b4c6-466d-85cb-c3f6c8793b7e:group-63A02D806C08:LeaderElection23] INFO  impl.RoleInfo (RoleInfo.java:updateAndGet(143)) - 7508574d-b4c6-466d-85cb-c3f6c8793b7e: start FollowerState
2019-08-20 14:12:12,598 [f54a9d9a-91ad-45d4-b513-3f5ec3046002:group-63A02D806C08:LeaderElection22] INFO  impl.RoleInfo (RoleInfo.java:updateAndGet(143)) - f54a9d9a-91ad-45d4-b513-3f5ec3046002: start FollowerState
2019-08-20 14:12:12,660 [pool-206-thread-1] INFO  storage.RaftStorage (RaftStorage.java:format(72)) - Storage directory /workdir/hadoop-ozone/integration-test/target/test-dir/MiniOzoneClusterImpl-d741eabc-a61f-4873-a8b1-78c66134a397/datanode-4/data/ratis/fd2f7ba6-d8a5-4e05-ad18-1529c64fc94b has been successfully formatted.
2019-08-20 14:12:12,661 [pool-206-thread-1] INFO  ratis.ContainerStateMachine (ContainerStateMachine.java:loadSnapshot(222)) - group-1529C64FC94B: The snapshot info is null. Setting the last applied indexto:(t:0, i:~)
2019-08-20 14:12:12,661 [pool-206-thread-1] INFO  server.RaftServerConfigKeys (ConfUtils.java:logGet(43)) - raft.server.leader.election.timeout = 120s (custom)
2019-08-20 14:12:12,660 [pool-217-thread-1] INFO  storage.RaftStorage (RaftStorage.java:format(72)) - Storage directory /workdir/hadoop-ozone/integration-test/target/test-dir/MiniOzoneClusterImpl-d741eabc-a61f-4873-a8b1-78c66134a397/datanode-5/data/ratis/c615db67-3f06-441c-b49e-1fe4acdc190e has been successfully formatted.
2019-08-20 14:12:12,661 [pool-206-thread-1] INFO  server.RaftServerConfigKeys (ConfUtils.java:logGet(43)) - raft.server.log.use.memory = false (default)
2019-08-20 14:12:12,662 [pool-206-thread-1] INFO  server.RaftServerConfigKeys (ConfUtils.java:logGet(43)) - raft.server.log.purge.gap = 1000000 (custom)
2019-08-20 14:12:12,661 [pool-184-thread-1] INFO  storage.RaftStorage (RaftStorage.java:format(72)) - Storage directory /workdir/hadoop-ozone/integration-test/target/test-dir/MiniOzoneClusterImpl-d741eabc-a61f-4873-a8b1-78c66134a397/datanode-2/data/ratis/c615db67-3f06-441c-b49e-1fe4acdc190e has been successfully formatted.
2019-08-20 14:12:12,662 [pool-206-thread-1] INFO  server.RaftServerConfigKeys (ConfUtils.java:logGet(43)) - raft.server.log.appender.buffer.byte-limit = 33554432 (custom)
2019-08-20 14:12:12,662 [pool-206-thread-1] INFO  server.RaftServerConfigKeys (ConfUtils.java:logGet(43)) - raft.server.log.segment.size.max = 1048576 (custom)
2019-08-20 14:12:12,662 [pool-217-thread-1] INFO  ratis.ContainerStateMachine (ContainerStateMachine.java:loadSnapshot(222)) - group-1FE4ACDC190E: The snapshot info is null. Setting the last applied indexto:(t:0, i:~)
2019-08-20 14:12:12,662 [pool-206-thread-1] INFO  server.RaftServerConfigKeys (ConfUtils.java:logGet(43)) - raft.server.log.segment.cache.num.max = 2 (custom)
2019-08-20 14:12:12,662 [pool-184-thread-1] INFO  ratis.ContainerStateMachine (ContainerStateMachine.java:loadSnapshot(222)) - group-1FE4ACDC190E: The snapshot info is null. Setting the last applied indexto:(t:0, i:~)
2019-08-20 14:12:12,663 [pool-206-thread-1] INFO  segmented.SegmentedRaftLogWorker (SegmentedRaftLogWorker.java:<init>(172)) - new 385763eb-e39a-4704-9617-4fe83a8f4873-SegmentedRaftLogWorker:Storage Directory /workdir/hadoop-ozone/integration-test/target/test-dir/MiniOzoneClusterImpl-d741eabc-a61f-4873-a8b1-78c66134a397/datanode-4/data/ratis/fd2f7ba6-d8a5-4e05-ad18-1529c64fc94b for RaftStorage:Storage Directory /workdir/hadoop-ozone/integration-test/target/test-dir/MiniOzoneClusterImpl-d741eabc-a61f-4873-a8b1-78c66134a397/datanode-4/data/ratis/fd2f7ba6-d8a5-4e05-ad18-1529c64fc94b
2019-08-20 14:12:12,663 [pool-206-thread-1] INFO  server.RaftServerConfigKeys (ConfUtils.java:logGet(43)) - raft.server.log.queue.byte-limit = 2147483647 (custom)
2019-08-20 14:12:12,663 [pool-206-thread-1] INFO  server.RaftServerConfigKeys (ConfUtils.java:logGet(43)) - raft.server.log.queue.element-limit = 1024 (custom)
2019-08-20 14:12:12,663 [pool-206-thread-1] INFO  server.RaftServerConfigKeys (ConfUtils.java:logGet(43)) - raft.server.log.segment.size.max = 1048576 (custom)
2019-08-20 14:12:12,663 [pool-206-thread-1] INFO  server.RaftServerConfigKeys (ConfUtils.java:logGet(43)) - raft.server.log.preallocated.size = 16384 (custom)
2019-08-20 14:12:12,662 [pool-217-thread-1] INFO  server.RaftServerConfigKeys (ConfUtils.java:logGet(43)) - raft.server.leader.election.timeout = 120s (custom)
2019-08-20 14:12:12,663 [pool-206-thread-1] INFO  server.RaftServerConfigKeys (ConfUtils.java:logGet(43)) - raft.server.log.write.buffer.size = 33554432 (custom)
2019-08-20 14:12:12,663 [pool-184-thread-1] INFO  server.RaftServerConfigKeys (ConfUtils.java:logGet(43)) - raft.server.leader.election.timeout = 120s (custom)
2019-08-20 14:12:12,664 [pool-206-thread-1] INFO  server.RaftServerConfigKeys (ConfUtils.java:logGet(43)) - raft.server.log.force.sync.num = 128 (default)
2019-08-20 14:12:12,664 [pool-206-thread-1] INFO  server.RaftServerConfigKeys (ConfUtils.java:logGet(43)) - raft.server.log.statemachine.data.sync = true (default)
2019-08-20 14:12:12,664 [pool-206-thread-1] INFO  server.RaftServerConfigKeys (ConfUtils.java:logGet(43)) - raft.server.log.statemachine.data.sync.timeout = 10s (default)
2019-08-20 14:12:12,664 [pool-206-thread-1] INFO  server.RaftServerConfigKeys (ConfUtils.java:logGet(43)) - raft.server.log.statemachine.data.sync.timeout.retry = -1 (default)
2019-08-20 14:12:12,664 [pool-217-thread-1] INFO  server.RaftServerConfigKeys (ConfUtils.java:logGet(43)) - raft.server.log.use.memory = false (default)
2019-08-20 14:12:12,665 [pool-206-thread-1] INFO  server.RaftServerConfigKeys (ConfUtils.java:logGet(43)) - raft.server.log.statemachine.data.caching.enabled = true (custom)
2019-08-20 14:12:12,664 [pool-184-thread-1] INFO  server.RaftServerConfigKeys (ConfUtils.java:logGet(43)) - raft.server.log.use.memory = false (default)
2019-08-20 14:12:12,665 [pool-206-thread-1] INFO  segmented.SegmentedRaftLogWorker (SegmentedRaftLogWorker.java:lambda$new$0(132)) - 385763eb-e39a-4704-9617-4fe83a8f4873-SegmentedRaftLogWorker:Storage Directory /workdir/hadoop-ozone/integration-test/target/test-dir/MiniOzoneClusterImpl-d741eabc-a61f-4873-a8b1-78c66134a397/datanode-4/data/ratis/fd2f7ba6-d8a5-4e05-ad18-1529c64fc94b: flushIndex: setUnconditionally 0 -> -1
2019-08-20 14:12:12,665 [pool-217-thread-1] INFO  server.RaftServerConfigKeys (ConfUtils.java:logGet(43)) - raft.server.log.purge.gap = 1000000 (custom)
2019-08-20 14:12:12,665 [pool-206-thread-1] INFO  server.RaftServerConfigKeys (ConfUtils.java:logGet(43)) - raft.server.snapshot.auto.trigger.enabled = true (custom)
2019-08-20 14:12:12,665 [pool-184-thread-1] INFO  server.RaftServerConfigKeys (ConfUtils.java:logGet(43)) - raft.server.log.purge.gap = 1000000 (custom)
2019-08-20 14:12:12,665 [pool-206-thread-1] INFO  server.RaftServerConfigKeys (ConfUtils.java:logGet(43)) - raft.server.snapshot.auto.trigger.threshold = 10000 (custom)
2019-08-20 14:12:12,665 [pool-217-thread-1] INFO  server.RaftServerConfigKeys (ConfUtils.java:logGet(43)) - raft.server.log.appender.buffer.byte-limit = 33554432 (custom)
2019-08-20 14:12:12,666 [pool-206-thread-1] INFO  server.RaftServerConfigKeys (ConfUtils.java:logGet(43)) - raft.server.retrycache.expirytime = 600000ms (custom)
2019-08-20 14:12:12,666 [pool-184-thread-1] INFO  server.RaftServerConfigKeys (ConfUtils.java:logGet(43)) - raft.server.log.appender.buffer.byte-limit = 33554432 (custom)
2019-08-20 14:12:12,666 [pool-206-thread-1] INFO  impl.RaftServerImpl (RaftServerImpl.java:start(180)) - 385763eb-e39a-4704-9617-4fe83a8f4873: start group-63A02D806C08
2019-08-20 14:12:12,666 [pool-217-thread-1] INFO  server.RaftServerConfigKeys (ConfUtils.java:logGet(43)) - raft.server.log.segment.size.max = 1048576 (custom)
2019-08-20 14:12:12,666 [pool-206-thread-1] INFO  impl.RaftServerImpl (RaftServerImpl.java:setRole(171)) - 385763eb-e39a-4704-9617-4fe83a8f4873:group-63A02D806C08 changes role from null to FOLLOWER at term 0 for startAsFollower
2019-08-20 14:12:12,666 [pool-184-thread-1] INFO  server.RaftServerConfigKeys (ConfUtils.java:logGet(43)) - raft.server.log.segment.size.max = 1048576 (custom)
2019-08-20 14:12:12,667 [pool-206-thread-1] INFO  impl.RoleInfo (RoleInfo.java:updateAndGet(143)) - 385763eb-e39a-4704-9617-4fe83a8f4873: start FollowerState
2019-08-20 14:12:12,667 [pool-217-thread-1] INFO  server.RaftServerConfigKeys (ConfUtils.java:logGet(43)) - raft.server.log.segment.cache.num.max = 2 (custom)
2019-08-20 14:12:12,667 [pool-184-thread-1] INFO  server.RaftServerConfigKeys (ConfUtils.java:logGet(43)) - raft.server.log.segment.cache.num.max = 2 (custom)
2019-08-20 14:12:12,667 [pool-206-thread-1] INFO  util.JmxRegister (JmxRegister.java:tryRegister(44)) - Successfully registered JMX Bean with object name Ratis:service=RaftServer,group=group-63A02D806C08,id=385763eb-e39a-4704-9617-4fe83a8f4873
2019-08-20 14:12:12,667 [pool-217-thread-1] INFO  segmented.SegmentedRaftLogWorker (SegmentedRaftLogWorker.java:<init>(172)) - new f54a9d9a-91ad-45d4-b513-3f5ec3046002-SegmentedRaftLogWorker:Storage Directory /workdir/hadoop-ozone/integration-test/target/test-dir/MiniOzoneClusterImpl-d741eabc-a61f-4873-a8b1-78c66134a397/datanode-5/data/ratis/c615db67-3f06-441c-b49e-1fe4acdc190e for RaftStorage:Storage Directory /workdir/hadoop-ozone/integration-test/target/test-dir/MiniOzoneClusterImpl-d741eabc-a61f-4873-a8b1-78c66134a397/datanode-5/data/ratis/c615db67-3f06-441c-b49e-1fe4acdc190e
2019-08-20 14:12:12,667 [pool-184-thread-1] INFO  segmented.SegmentedRaftLogWorker (SegmentedRaftLogWorker.java:<init>(172)) - new 7508574d-b4c6-466d-85cb-c3f6c8793b7e-SegmentedRaftLogWorker:Storage Directory /workdir/hadoop-ozone/integration-test/target/test-dir/MiniOzoneClusterImpl-d741eabc-a61f-4873-a8b1-78c66134a397/datanode-2/data/ratis/c615db67-3f06-441c-b49e-1fe4acdc190e for RaftStorage:Storage Directory /workdir/hadoop-ozone/integration-test/target/test-dir/MiniOzoneClusterImpl-d741eabc-a61f-4873-a8b1-78c66134a397/datanode-2/data/ratis/c615db67-3f06-441c-b49e-1fe4acdc190e
2019-08-20 14:12:12,668 | INFO  | SCMAudit | user=jenkins1000 | ip=192.168.69.96 | op=SEND_HEARTBEAT {datanodeUUID=ecede196-1368-4cbb-9d0e-c1e9efcb994c, command=[]} | ret=SUCCESS |  
2019-08-20 14:12:12,668 [pool-217-thread-1] INFO  server.RaftServerConfigKeys (ConfUtils.java:logGet(43)) - raft.server.log.queue.byte-limit = 2147483647 (custom)
2019-08-20 14:12:12,668 [pool-184-thread-1] INFO  server.RaftServerConfigKeys (ConfUtils.java:logGet(43)) - raft.server.log.queue.byte-limit = 2147483647 (custom)
2019-08-20 14:12:12,668 [pool-217-thread-1] INFO  server.RaftServerConfigKeys (ConfUtils.java:logGet(43)) - raft.server.log.queue.element-limit = 1024 (custom)
2019-08-20 14:12:12,668 [pool-184-thread-1] INFO  server.RaftServerConfigKeys (ConfUtils.java:logGet(43)) - raft.server.log.queue.element-limit = 1024 (custom)
2019-08-20 14:12:12,669 [pool-217-thread-1] INFO  server.RaftServerConfigKeys (ConfUtils.java:logGet(43)) - raft.server.log.segment.size.max = 1048576 (custom)
2019-08-20 14:12:12,669 [pool-184-thread-1] INFO  server.RaftServerConfigKeys (ConfUtils.java:logGet(43)) - raft.server.log.segment.size.max = 1048576 (custom)
2019-08-20 14:12:12,669 [pool-217-thread-1] INFO  server.RaftServerConfigKeys (ConfUtils.java:logGet(43)) - raft.server.log.preallocated.size = 16384 (custom)
2019-08-20 14:12:12,669 [pool-184-thread-1] INFO  server.RaftServerConfigKeys (ConfUtils.java:logGet(43)) - raft.server.log.preallocated.size = 16384 (custom)
2019-08-20 14:12:12,669 [pool-217-thread-1] INFO  server.RaftServerConfigKeys (ConfUtils.java:logGet(43)) - raft.server.log.write.buffer.size = 33554432 (custom)
2019-08-20 14:12:12,669 [pool-184-thread-1] INFO  server.RaftServerConfigKeys (ConfUtils.java:logGet(43)) - raft.server.log.write.buffer.size = 33554432 (custom)
2019-08-20 14:12:12,670 [pool-206-thread-1] INFO  impl.RaftServerImpl (RaftServerImpl.java:<init>(93)) - 385763eb-e39a-4704-9617-4fe83a8f4873: new RaftServerImpl for group-1FE4ACDC190E:[385763eb-e39a-4704-9617-4fe83a8f4873:192.168.69.96:38476, f54a9d9a-91ad-45d4-b513-3f5ec3046002:192.168.69.96:37332, 7508574d-b4c6-466d-85cb-c3f6c8793b7e:192.168.69.96:35557] with ContainerStateMachine:uninitialized
2019-08-20 14:12:12,670 [pool-217-thread-1] INFO  server.RaftServerConfigKeys (ConfUtils.java:logGet(43)) - raft.server.log.force.sync.num = 128 (default)
2019-08-20 14:12:12,670 [pool-184-thread-1] INFO  server.RaftServerConfigKeys (ConfUtils.java:logGet(43)) - raft.server.log.force.sync.num = 128 (default)
2019-08-20 14:12:12,670 [pool-217-thread-1] INFO  server.RaftServerConfigKeys (ConfUtils.java:logGet(43)) - raft.server.log.statemachine.data.sync = true (default)
2019-08-20 14:12:12,670 [pool-206-thread-1] INFO  server.RaftServerConfigKeys (ConfUtils.java:logGet(43)) - raft.server.rpc.timeout.min = 1s (custom)
2019-08-20 14:12:12,671 [pool-217-thread-1] INFO  server.RaftServerConfigKeys (ConfUtils.java:logGet(43)) - raft.server.log.statemachine.data.sync.timeout = 10s (default)
2019-08-20 14:12:12,670 [pool-184-thread-1] INFO  server.RaftServerConfigKeys (ConfUtils.java:logGet(43)) - raft.server.log.statemachine.data.sync = true (default)
2019-08-20 14:12:12,671 [pool-217-thread-1] INFO  server.RaftServerConfigKeys (ConfUtils.java:logGet(43)) - raft.server.log.statemachine.data.sync.timeout.retry = -1 (default)
2019-08-20 14:12:12,671 [pool-206-thread-1] INFO  server.RaftServerConfigKeys (ConfUtils.java:logGet(43)) - raft.server.rpc.timeout.max = 1200ms (custom)
2019-08-20 14:12:12,671 [pool-217-thread-1] INFO  server.RaftServerConfigKeys (ConfUtils.java:logGet(43)) - raft.server.log.statemachine.data.caching.enabled = true (custom)
2019-08-20 14:12:12,671 [pool-184-thread-1] INFO  server.RaftServerConfigKeys (ConfUtils.java:logGet(43)) - raft.server.log.statemachine.data.sync.timeout = 10s (default)
2019-08-20 14:12:12,671 [pool-206-thread-1] INFO  server.RaftServerConfigKeys (ConfUtils.java:logGet(43)) - raft.server.rpcslowness.timeout = 120s (custom)
2019-08-20 14:12:12,672 [pool-184-thread-1] INFO  server.RaftServerConfigKeys (ConfUtils.java:logGet(43)) - raft.server.log.statemachine.data.sync.timeout.retry = -1 (default)
2019-08-20 14:12:12,672 [pool-217-thread-1] INFO  segmented.SegmentedRaftLogWorker (SegmentedRaftLogWorker.java:lambda$new$0(132)) - f54a9d9a-91ad-45d4-b513-3f5ec3046002-SegmentedRaftLogWorker:Storage Directory /workdir/hadoop-ozone/integration-test/target/test-dir/MiniOzoneClusterImpl-d741eabc-a61f-4873-a8b1-78c66134a397/datanode-5/data/ratis/c615db67-3f06-441c-b49e-1fe4acdc190e: flushIndex: setUnconditionally 0 -> -1
2019-08-20 14:12:12,672 [pool-184-thread-1] INFO  server.RaftServerConfigKeys (ConfUtils.java:logGet(43)) - raft.server.log.statemachine.data.caching.enabled = true (custom)
2019-08-20 14:12:12,672 [pool-206-thread-1] INFO  server.RaftServerConfigKeys (ConfUtils.java:logGet(43)) - raft.server.sleep.deviation.threshold = 300 (default)
2019-08-20 14:12:12,672 [pool-217-thread-1] INFO  server.RaftServerConfigKeys (ConfUtils.java:logGet(43)) - raft.server.snapshot.auto.trigger.enabled = true (custom)
2019-08-20 14:12:12,672 [pool-184-thread-1] INFO  segmented.SegmentedRaftLogWorker (SegmentedRaftLogWorker.java:lambda$new$0(132)) - 7508574d-b4c6-466d-85cb-c3f6c8793b7e-SegmentedRaftLogWorker:Storage Directory /workdir/hadoop-ozone/integration-test/target/test-dir/MiniOzoneClusterImpl-d741eabc-a61f-4873-a8b1-78c66134a397/datanode-2/data/ratis/c615db67-3f06-441c-b49e-1fe4acdc190e: flushIndex: setUnconditionally 0 -> -1
2019-08-20 14:12:12,672 [pool-206-thread-1] INFO  server.RaftServerConfigKeys (ConfUtils.java:logGet(43)) - raft.server.log.appender.install.snapshot.enabled = false (custom)
2019-08-20 14:12:12,672 [pool-217-thread-1] INFO  server.RaftServerConfigKeys (ConfUtils.java:logGet(43)) - raft.server.snapshot.auto.trigger.threshold = 10000 (custom)
2019-08-20 14:12:12,673 [pool-206-thread-1] INFO  impl.RaftServerImpl (ServerState.java:<init>(105)) - 385763eb-e39a-4704-9617-4fe83a8f4873:group-1FE4ACDC190E ConfigurationManager, init=-1: [385763eb-e39a-4704-9617-4fe83a8f4873:192.168.69.96:38476, f54a9d9a-91ad-45d4-b513-3f5ec3046002:192.168.69.96:37332, 7508574d-b4c6-466d-85cb-c3f6c8793b7e:192.168.69.96:35557], old=null, confs=<EMPTY_MAP>
2019-08-20 14:12:12,673 [pool-184-thread-1] INFO  server.RaftServerConfigKeys (ConfUtils.java:logGet(43)) - raft.server.snapshot.auto.trigger.enabled = true (custom)
2019-08-20 14:12:12,673 [pool-206-thread-1] INFO  server.RaftServerConfigKeys (ConfUtils.java:logGet(43)) - raft.server.storage.dir = [/workdir/hadoop-ozone/integration-test/target/test-dir/MiniOzoneClusterImpl-d741eabc-a61f-4873-a8b1-78c66134a397/datanode-4/data/ratis] (custom)
2019-08-20 14:12:12,673 [pool-217-thread-1] INFO  server.RaftServerConfigKeys (ConfUtils.java:logGet(43)) - raft.server.retrycache.expirytime = 600000ms (custom)
2019-08-20 14:12:12,673 [pool-184-thread-1] INFO  server.RaftServerConfigKeys (ConfUtils.java:logGet(43)) - raft.server.snapshot.auto.trigger.threshold = 10000 (custom)
2019-08-20 14:12:12,673 [pool-206-thread-1] INFO  storage.RaftStorageDirectory (RaftStorageDirectory.java:analyzeStorage(246)) - The storage directory /workdir/hadoop-ozone/integration-test/target/test-dir/MiniOzoneClusterImpl-d741eabc-a61f-4873-a8b1-78c66134a397/datanode-4/data/ratis/c615db67-3f06-441c-b49e-1fe4acdc190e does not exist. Creating ...
2019-08-20 14:12:12,674 [pool-184-thread-1] INFO  server.RaftServerConfigKeys (ConfUtils.java:logGet(43)) - raft.server.retrycache.expirytime = 600000ms (custom)
2019-08-20 14:12:12,675 [pool-217-thread-1] INFO  impl.RaftServerImpl (RaftServerImpl.java:<init>(93)) - f54a9d9a-91ad-45d4-b513-3f5ec3046002: new RaftServerImpl for group-B028FE683DE0:[385763eb-e39a-4704-9617-4fe83a8f4873:192.168.69.96:38476, f54a9d9a-91ad-45d4-b513-3f5ec3046002:192.168.69.96:37332, 7508574d-b4c6-466d-85cb-c3f6c8793b7e:192.168.69.96:35557] with ContainerStateMachine:uninitialized
2019-08-20 14:12:12,675 [pool-217-thread-1] INFO  server.RaftServerConfigKeys (ConfUtils.java:logGet(43)) - raft.server.rpc.timeout.min = 1s (custom)
2019-08-20 14:12:12,675 [pool-217-thread-1] INFO  server.RaftServerConfigKeys (ConfUtils.java:logGet(43)) - raft.server.rpc.timeout.max = 1200ms (custom)
2019-08-20 14:12:12,675 [pool-217-thread-1] INFO  server.RaftServerConfigKeys (ConfUtils.java:logGet(43)) - raft.server.rpcslowness.timeout = 120s (custom)
2019-08-20 14:12:12,675 [pool-184-thread-1] INFO  impl.RaftServerImpl (RaftServerImpl.java:<init>(93)) - 7508574d-b4c6-466d-85cb-c3f6c8793b7e: new RaftServerImpl for group-B028FE683DE0:[385763eb-e39a-4704-9617-4fe83a8f4873:192.168.69.96:38476, f54a9d9a-91ad-45d4-b513-3f5ec3046002:192.168.69.96:37332, 7508574d-b4c6-466d-85cb-c3f6c8793b7e:192.168.69.96:35557] with ContainerStateMachine:uninitialized
2019-08-20 14:12:12,675 [pool-217-thread-1] INFO  server.RaftServerConfigKeys (ConfUtils.java:logGet(43)) - raft.server.sleep.deviation.threshold = 300 (default)
2019-08-20 14:12:12,675 [pool-184-thread-1] INFO  server.RaftServerConfigKeys (ConfUtils.java:logGet(43)) - raft.server.rpc.timeout.min = 1s (custom)
2019-08-20 14:12:12,676 [pool-217-thread-1] INFO  server.RaftServerConfigKeys (ConfUtils.java:logGet(43)) - raft.server.log.appender.install.snapshot.enabled = false (custom)
2019-08-20 14:12:12,676 [pool-184-thread-1] INFO  server.RaftServerConfigKeys (ConfUtils.java:logGet(43)) - raft.server.rpc.timeout.max = 1200ms (custom)
2019-08-20 14:12:12,676 [pool-217-thread-1] INFO  impl.RaftServerImpl (ServerState.java:<init>(105)) - f54a9d9a-91ad-45d4-b513-3f5ec3046002:group-B028FE683DE0 ConfigurationManager, init=-1: [385763eb-e39a-4704-9617-4fe83a8f4873:192.168.69.96:38476, f54a9d9a-91ad-45d4-b513-3f5ec3046002:192.168.69.96:37332, 7508574d-b4c6-466d-85cb-c3f6c8793b7e:192.168.69.96:35557], old=null, confs=<EMPTY_MAP>
2019-08-20 14:12:12,676 [pool-184-thread-1] INFO  server.RaftServerConfigKeys (ConfUtils.java:logGet(43)) - raft.server.rpcslowness.timeout = 120s (custom)
2019-08-20 14:12:12,676 [pool-217-thread-1] INFO  server.RaftServerConfigKeys (ConfUtils.java:logGet(43)) - raft.server.storage.dir = [/workdir/hadoop-ozone/integration-test/target/test-dir/MiniOzoneClusterImpl-d741eabc-a61f-4873-a8b1-78c66134a397/datanode-5/data/ratis] (custom)
2019-08-20 14:12:12,676 [pool-184-thread-1] INFO  server.RaftServerConfigKeys (ConfUtils.java:logGet(43)) - raft.server.sleep.deviation.threshold = 300 (default)
2019-08-20 14:12:12,676 [pool-184-thread-1] INFO  server.RaftServerConfigKeys (ConfUtils.java:logGet(43)) - raft.server.log.appender.install.snapshot.enabled = false (custom)
2019-08-20 14:12:12,676 [pool-217-thread-1] INFO  storage.RaftStorageDirectory (RaftStorageDirectory.java:analyzeStorage(246)) - The storage directory /workdir/hadoop-ozone/integration-test/target/test-dir/MiniOzoneClusterImpl-d741eabc-a61f-4873-a8b1-78c66134a397/datanode-5/data/ratis/1a05956d-fd15-4648-80cb-b028fe683de0 does not exist. Creating ...
2019-08-20 14:12:12,676 [pool-184-thread-1] INFO  impl.RaftServerImpl (ServerState.java:<init>(105)) - 7508574d-b4c6-466d-85cb-c3f6c8793b7e:group-B028FE683DE0 ConfigurationManager, init=-1: [385763eb-e39a-4704-9617-4fe83a8f4873:192.168.69.96:38476, f54a9d9a-91ad-45d4-b513-3f5ec3046002:192.168.69.96:37332, 7508574d-b4c6-466d-85cb-c3f6c8793b7e:192.168.69.96:35557], old=null, confs=<EMPTY_MAP>
2019-08-20 14:12:12,677 [pool-184-thread-1] INFO  server.RaftServerConfigKeys (ConfUtils.java:logGet(43)) - raft.server.storage.dir = [/workdir/hadoop-ozone/integration-test/target/test-dir/MiniOzoneClusterImpl-d741eabc-a61f-4873-a8b1-78c66134a397/datanode-2/data/ratis] (custom)
2019-08-20 14:12:12,677 [pool-184-thread-1] INFO  storage.RaftStorageDirectory (RaftStorageDirectory.java:analyzeStorage(246)) - The storage directory /workdir/hadoop-ozone/integration-test/target/test-dir/MiniOzoneClusterImpl-d741eabc-a61f-4873-a8b1-78c66134a397/datanode-2/data/ratis/1a05956d-fd15-4648-80cb-b028fe683de0 does not exist. Creating ...
2019-08-20 14:12:12,873 | INFO  | SCMAudit | user=jenkins1000 | ip=192.168.69.96 | op=SEND_HEARTBEAT {datanodeUUID=7508574d-b4c6-466d-85cb-c3f6c8793b7e, command=[]} | ret=SUCCESS |  
2019-08-20 14:12:13,052 | INFO  | SCMAudit | user=jenkins1000 | ip=192.168.69.96 | op=SEND_HEARTBEAT {datanodeUUID=8432d649-ea52-4ea8-a512-06e8559690c2, command=[]} | ret=SUCCESS |  
2019-08-20 14:12:13,267 [pool-217-thread-1] INFO  storage.RaftStorageDirectory (RaftStorageDirectory.java:tryLock(328)) - Lock on /workdir/hadoop-ozone/integration-test/target/test-dir/MiniOzoneClusterImpl-d741eabc-a61f-4873-a8b1-78c66134a397/datanode-5/data/ratis/1a05956d-fd15-4648-80cb-b028fe683de0/in_use.lock acquired by nodename 11068@pr-hdds-1946lgncr-3764977478
2019-08-20 14:12:13,267 [85238e17-2af5-4085-b5cc-473b32345742-SegmentedRaftLogWorker:Storage Directory /workdir/hadoop-ozone/integration-test/target/test-dir/MiniOzoneClusterImpl-d741eabc-a61f-4873-a8b1-78c66134a397/datanode-0/data/ratis/15f81f15-65de-4b91-9689-a69baeeb6025] INFO  segmented.SegmentedRaftLogWorker (SegmentedRaftLogWorker.java:execute(569)) - 85238e17-2af5-4085-b5cc-473b32345742-SegmentedRaftLogWorker:Storage Directory /workdir/hadoop-ozone/integration-test/target/test-dir/MiniOzoneClusterImpl-d741eabc-a61f-4873-a8b1-78c66134a397/datanode-0/data/ratis/15f81f15-65de-4b91-9689-a69baeeb6025: created new log segment /workdir/hadoop-ozone/integration-test/target/test-dir/MiniOzoneClusterImpl-d741eabc-a61f-4873-a8b1-78c66134a397/datanode-0/data/ratis/15f81f15-65de-4b91-9689-a69baeeb6025/current/log_inprogress_0
2019-08-20 14:12:13,267 [pool-184-thread-1] INFO  storage.RaftStorageDirectory (RaftStorageDirectory.java:tryLock(328)) - Lock on /workdir/hadoop-ozone/integration-test/target/test-dir/MiniOzoneClusterImpl-d741eabc-a61f-4873-a8b1-78c66134a397/datanode-2/data/ratis/1a05956d-fd15-4648-80cb-b028fe683de0/in_use.lock acquired by nodename 11068@pr-hdds-1946lgncr-3764977478
2019-08-20 14:12:13,267 [pool-206-thread-1] INFO  storage.RaftStorageDirectory (RaftStorageDirectory.java:tryLock(328)) - Lock on /workdir/hadoop-ozone/integration-test/target/test-dir/MiniOzoneClusterImpl-d741eabc-a61f-4873-a8b1-78c66134a397/datanode-4/data/ratis/c615db67-3f06-441c-b49e-1fe4acdc190e/in_use.lock acquired by nodename 11068@pr-hdds-1946lgncr-3764977478
2019-08-20 14:12:13,279 | INFO  | SCMAudit | user=jenkins1000 | ip=192.168.69.96 | op=SEND_HEARTBEAT {datanodeUUID=385763eb-e39a-4704-9617-4fe83a8f4873, command=[]} | ret=SUCCESS |  
2019-08-20 14:12:13,467 | INFO  | SCMAudit | user=jenkins1000 | ip=192.168.69.96 | op=SEND_HEARTBEAT {datanodeUUID=85238e17-2af5-4085-b5cc-473b32345742, command=[]} | ret=SUCCESS |  
2019-08-20 14:12:13,550 | INFO  | SCMAudit | user=jenkins1000 | ip=192.168.69.96 | op=SEND_HEARTBEAT {datanodeUUID=f54a9d9a-91ad-45d4-b513-3f5ec3046002, command=[]} | ret=SUCCESS |  
2019-08-20 14:12:13,638 [Thread-1261] INFO  impl.FollowerState (FollowerState.java:run(106)) - 7508574d-b4c6-466d-85cb-c3f6c8793b7e:group-63A02D806C08 changes to CANDIDATE, lastRpcTime:1040, electionTimeout:1037ms
2019-08-20 14:12:13,638 [Thread-1261] INFO  impl.RoleInfo (RoleInfo.java:shutdownFollowerState(121)) - 7508574d-b4c6-466d-85cb-c3f6c8793b7e: shutdown FollowerState
2019-08-20 14:12:13,638 [Thread-1261] INFO  impl.RaftServerImpl (RaftServerImpl.java:setRole(171)) - 7508574d-b4c6-466d-85cb-c3f6c8793b7e:group-63A02D806C08 changes role from FOLLOWER to CANDIDATE at term 1 for changeToCandidate
2019-08-20 14:12:13,639 [Thread-1261] INFO  impl.RoleInfo (RoleInfo.java:updateAndGet(143)) - 7508574d-b4c6-466d-85cb-c3f6c8793b7e: start LeaderElection
2019-08-20 14:12:13,645 [Thread-1262] INFO  impl.FollowerState (FollowerState.java:run(106)) - f54a9d9a-91ad-45d4-b513-3f5ec3046002:group-63A02D806C08 changes to CANDIDATE, lastRpcTime:1047, electionTimeout:1044ms
2019-08-20 14:12:13,645 [Thread-1262] INFO  impl.RoleInfo (RoleInfo.java:shutdownFollowerState(121)) - f54a9d9a-91ad-45d4-b513-3f5ec3046002: shutdown FollowerState
2019-08-20 14:12:13,645 [Thread-1262] INFO  impl.RaftServerImpl (RaftServerImpl.java:setRole(171)) - f54a9d9a-91ad-45d4-b513-3f5ec3046002:group-63A02D806C08 changes role from FOLLOWER to CANDIDATE at term 1 for changeToCandidate
2019-08-20 14:12:13,646 [Thread-1262] INFO  impl.RoleInfo (RoleInfo.java:updateAndGet(143)) - f54a9d9a-91ad-45d4-b513-3f5ec3046002: start LeaderElection
2019-08-20 14:12:13,668 | INFO  | SCMAudit | user=jenkins1000 | ip=192.168.69.96 | op=SEND_HEARTBEAT {datanodeUUID=ecede196-1368-4cbb-9d0e-c1e9efcb994c, command=[]} | ret=SUCCESS |  
2019-08-20 14:12:13,807 [Thread-1264] INFO  impl.FollowerState (FollowerState.java:run(106)) - 385763eb-e39a-4704-9617-4fe83a8f4873:group-63A02D806C08 changes to CANDIDATE, lastRpcTime:1140, electionTimeout:1140ms
2019-08-20 14:12:13,808 [Thread-1264] INFO  impl.RoleInfo (RoleInfo.java:shutdownFollowerState(121)) - 385763eb-e39a-4704-9617-4fe83a8f4873: shutdown FollowerState
2019-08-20 14:12:13,808 [Thread-1264] INFO  impl.RaftServerImpl (RaftServerImpl.java:setRole(171)) - 385763eb-e39a-4704-9617-4fe83a8f4873:group-63A02D806C08 changes role from FOLLOWER to CANDIDATE at term 0 for changeToCandidate
2019-08-20 14:12:13,808 [Thread-1264] INFO  impl.RoleInfo (RoleInfo.java:updateAndGet(143)) - 385763eb-e39a-4704-9617-4fe83a8f4873: start LeaderElection
2019-08-20 14:12:13,874 | INFO  | SCMAudit | user=jenkins1000 | ip=192.168.69.96 | op=SEND_HEARTBEAT {datanodeUUID=7508574d-b4c6-466d-85cb-c3f6c8793b7e, command=[]} | ret=SUCCESS |  
2019-08-20 14:12:14,053 | INFO  | SCMAudit | user=jenkins1000 | ip=192.168.69.96 | op=SEND_HEARTBEAT {datanodeUUID=8432d649-ea52-4ea8-a512-06e8559690c2, command=[]} | ret=SUCCESS |  
2019-08-20 14:12:14,280 | INFO  | SCMAudit | user=jenkins1000 | ip=192.168.69.96 | op=SEND_HEARTBEAT {datanodeUUID=385763eb-e39a-4704-9617-4fe83a8f4873, command=[]} | ret=SUCCESS |  
2019-08-20 14:12:14,467 | INFO  | SCMAudit | user=jenkins1000 | ip=192.168.69.96 | op=SEND_HEARTBEAT {datanodeUUID=85238e17-2af5-4085-b5cc-473b32345742, command=[]} | ret=SUCCESS |  
2019-08-20 14:12:14,562 | INFO  | SCMAudit | user=jenkins1000 | ip=192.168.69.96 | op=SEND_HEARTBEAT {datanodeUUID=f54a9d9a-91ad-45d4-b513-3f5ec3046002, command=[]} | ret=SUCCESS |  
2019-08-20 14:12:14,561 [RATISCREATEPIPELINE3] ERROR pipeline.RatisPipelineProvider (RatisPipelineProvider.java:lambda$null$5(235)) - Failed invoke Ratis rpc org.apache.hadoop.hdds.scm.pipeline.RatisPipelineProvider$$Lambda$171/981438106@341dd732 for 7508574d-b4c6-466d-85cb-c3f6c8793b7e
org.apache.ratis.protocol.TimeoutIOException: deadline exceeded after 2999843615ns
	at org.apache.ratis.grpc.GrpcUtil.tryUnwrapException(GrpcUtil.java:82)
	at org.apache.ratis.grpc.GrpcUtil.unwrapException(GrpcUtil.java:75)
	at org.apache.ratis.grpc.client.GrpcClientProtocolClient.blockingCall(GrpcClientProtocolClient.java:169)
	at org.apache.ratis.grpc.client.GrpcClientProtocolClient.groupAdd(GrpcClientProtocolClient.java:138)
	at org.apache.ratis.grpc.client.GrpcClientRpc.sendRequest(GrpcClientRpc.java:94)
	at org.apache.ratis.client.impl.RaftClientImpl.sendRequest(RaftClientImpl.java:279)
	at org.apache.ratis.client.impl.RaftClientImpl.groupAdd(RaftClientImpl.java:206)
	at org.apache.hadoop.hdds.scm.pipeline.RatisPipelineProvider.lambda$initializePipeline$4(RatisPipelineProvider.java:194)
	at org.apache.hadoop.hdds.scm.pipeline.RatisPipelineProvider.lambda$null$5(RatisPipelineProvider.java:231)
	at java.util.stream.ForEachOps$ForEachOp$OfRef.accept(ForEachOps.java:184)
	at java.util.ArrayList$ArrayListSpliterator.forEachRemaining(ArrayList.java:1382)
	at java.util.stream.AbstractPipeline.copyInto(AbstractPipeline.java:482)
	at java.util.stream.ForEachOps$ForEachTask.compute(ForEachOps.java:291)
	at java.util.concurrent.CountedCompleter.exec(CountedCompleter.java:731)
	at java.util.concurrent.ForkJoinTask.doExec(ForkJoinTask.java:289)
	at java.util.concurrent.ForkJoinPool$WorkQueue.runTask(ForkJoinPool.java:1056)
	at java.util.concurrent.ForkJoinPool.runWorker(ForkJoinPool.java:1692)
	at java.util.concurrent.ForkJoinWorkerThread.run(ForkJoinWorkerThread.java:157)
Caused by: org.apache.ratis.thirdparty.io.grpc.StatusRuntimeException: DEADLINE_EXCEEDED: deadline exceeded after 2999843615ns
	at org.apache.ratis.thirdparty.io.grpc.stub.ClientCalls.toStatusRuntimeException(ClientCalls.java:233)
	at org.apache.ratis.thirdparty.io.grpc.stub.ClientCalls.getUnchecked(ClientCalls.java:214)
	at org.apache.ratis.thirdparty.io.grpc.stub.ClientCalls.blockingUnaryCall(ClientCalls.java:139)
	at org.apache.ratis.proto.grpc.AdminProtocolServiceGrpc$AdminProtocolServiceBlockingStub.groupManagement(AdminProtocolServiceGrpc.java:274)
	at org.apache.ratis.grpc.client.GrpcClientProtocolClient.lambda$groupAdd$3(GrpcClientProtocolClient.java:140)
	at org.apache.ratis.grpc.client.GrpcClientProtocolClient.blockingCall(GrpcClientProtocolClient.java:167)
	... 15 more
2019-08-20 14:12:14,561 [RATISCREATEPIPELINE1] ERROR pipeline.RatisPipelineProvider (RatisPipelineProvider.java:lambda$null$5(235)) - Failed invoke Ratis rpc org.apache.hadoop.hdds.scm.pipeline.RatisPipelineProvider$$Lambda$171/981438106@341dd732 for f54a9d9a-91ad-45d4-b513-3f5ec3046002
org.apache.ratis.protocol.TimeoutIOException: deadline exceeded after 2999826495ns
	at org.apache.ratis.grpc.GrpcUtil.tryUnwrapException(GrpcUtil.java:82)
	at org.apache.ratis.grpc.GrpcUtil.unwrapException(GrpcUtil.java:75)
	at org.apache.ratis.grpc.client.GrpcClientProtocolClient.blockingCall(GrpcClientProtocolClient.java:169)
	at org.apache.ratis.grpc.client.GrpcClientProtocolClient.groupAdd(GrpcClientProtocolClient.java:138)
	at org.apache.ratis.grpc.client.GrpcClientRpc.sendRequest(GrpcClientRpc.java:94)
	at org.apache.ratis.client.impl.RaftClientImpl.sendRequest(RaftClientImpl.java:279)
	at org.apache.ratis.client.impl.RaftClientImpl.groupAdd(RaftClientImpl.java:206)
	at org.apache.hadoop.hdds.scm.pipeline.RatisPipelineProvider.lambda$initializePipeline$4(RatisPipelineProvider.java:194)
	at org.apache.hadoop.hdds.scm.pipeline.RatisPipelineProvider.lambda$null$5(RatisPipelineProvider.java:231)
	at java.util.stream.ForEachOps$ForEachOp$OfRef.accept(ForEachOps.java:184)
	at java.util.ArrayList$ArrayListSpliterator.forEachRemaining(ArrayList.java:1382)
	at java.util.stream.AbstractPipeline.copyInto(AbstractPipeline.java:482)
	at java.util.stream.ForEachOps$ForEachTask.compute(ForEachOps.java:291)
	at java.util.concurrent.CountedCompleter.exec(CountedCompleter.java:731)
	at java.util.concurrent.ForkJoinTask.doExec(ForkJoinTask.java:289)
	at java.util.concurrent.ForkJoinTask.doInvoke(ForkJoinTask.java:401)
	at java.util.concurrent.ForkJoinTask.invoke(ForkJoinTask.java:734)
	at java.util.stream.ForEachOps$ForEachOp.evaluateParallel(ForEachOps.java:160)
	at java.util.stream.ForEachOps$ForEachOp$OfRef.evaluateParallel(ForEachOps.java:174)
	at java.util.stream.AbstractPipeline.evaluate(AbstractPipeline.java:233)
	at java.util.stream.ReferencePipeline.forEach(ReferencePipeline.java:418)
	at java.util.stream.ReferencePipeline$Head.forEach(ReferencePipeline.java:583)
	at org.apache.hadoop.hdds.scm.pipeline.RatisPipelineProvider.lambda$callRatisRpc$6(RatisPipelineProvider.java:225)
	at java.util.concurrent.ForkJoinTask$AdaptedRunnableAction.exec(ForkJoinTask.java:1386)
	at java.util.concurrent.ForkJoinTask.doExec(ForkJoinTask.java:289)
	at java.util.concurrent.ForkJoinPool$WorkQueue.runTask(ForkJoinPool.java:1056)
	at java.util.concurrent.ForkJoinPool.runWorker(ForkJoinPool.java:1692)
	at java.util.concurrent.ForkJoinWorkerThread.run(ForkJoinWorkerThread.java:157)
Caused by: org.apache.ratis.thirdparty.io.grpc.StatusRuntimeException: DEADLINE_EXCEEDED: deadline exceeded after 2999826495ns
	at org.apache.ratis.thirdparty.io.grpc.stub.ClientCalls.toStatusRuntimeException(ClientCalls.java:233)
	at org.apache.ratis.thirdparty.io.grpc.stub.ClientCalls.getUnchecked(ClientCalls.java:214)
	at org.apache.ratis.thirdparty.io.grpc.stub.ClientCalls.blockingUnaryCall(ClientCalls.java:139)
	at org.apache.ratis.proto.grpc.AdminProtocolServiceGrpc$AdminProtocolServiceBlockingStub.groupManagement(AdminProtocolServiceGrpc.java:274)
	at org.apache.ratis.grpc.client.GrpcClientProtocolClient.lambda$groupAdd$3(GrpcClientProtocolClient.java:140)
	at org.apache.ratis.grpc.client.GrpcClientProtocolClient.blockingCall(GrpcClientProtocolClient.java:167)
	... 25 more
2019-08-20 14:12:14,561 [RATISCREATEPIPELINE2] ERROR pipeline.RatisPipelineProvider (RatisPipelineProvider.java:lambda$null$5(235)) - Failed invoke Ratis rpc org.apache.hadoop.hdds.scm.pipeline.RatisPipelineProvider$$Lambda$171/981438106@341dd732 for 385763eb-e39a-4704-9617-4fe83a8f4873
org.apache.ratis.protocol.TimeoutIOException: deadline exceeded after 2999834282ns
	at org.apache.ratis.grpc.GrpcUtil.tryUnwrapException(GrpcUtil.java:82)
	at org.apache.ratis.grpc.GrpcUtil.unwrapException(GrpcUtil.java:75)
	at org.apache.ratis.grpc.client.GrpcClientProtocolClient.blockingCall(GrpcClientProtocolClient.java:169)
	at org.apache.ratis.grpc.client.GrpcClientProtocolClient.groupAdd(GrpcClientProtocolClient.java:138)
	at org.apache.ratis.grpc.client.GrpcClientRpc.sendRequest(GrpcClientRpc.java:94)
	at org.apache.ratis.client.impl.RaftClientImpl.sendRequest(RaftClientImpl.java:279)
	at org.apache.ratis.client.impl.RaftClientImpl.groupAdd(RaftClientImpl.java:206)
	at org.apache.hadoop.hdds.scm.pipeline.RatisPipelineProvider.lambda$initializePipeline$4(RatisPipelineProvider.java:194)
	at org.apache.hadoop.hdds.scm.pipeline.RatisPipelineProvider.lambda$null$5(RatisPipelineProvider.java:231)
	at java.util.stream.ForEachOps$ForEachOp$OfRef.accept(ForEachOps.java:184)
	at java.util.ArrayList$ArrayListSpliterator.forEachRemaining(ArrayList.java:1382)
	at java.util.stream.AbstractPipeline.copyInto(AbstractPipeline.java:482)
	at java.util.stream.ForEachOps$ForEachTask.compute(ForEachOps.java:291)
	at java.util.concurrent.CountedCompleter.exec(CountedCompleter.java:731)
	at java.util.concurrent.ForkJoinTask.doExec(ForkJoinTask.java:289)
	at java.util.concurrent.ForkJoinPool$WorkQueue.runTask(ForkJoinPool.java:1056)
	at java.util.concurrent.ForkJoinPool.runWorker(ForkJoinPool.java:1692)
	at java.util.concurrent.ForkJoinWorkerThread.run(ForkJoinWorkerThread.java:157)
Caused by: org.apache.ratis.thirdparty.io.grpc.StatusRuntimeException: DEADLINE_EXCEEDED: deadline exceeded after 2999834282ns
	at org.apache.ratis.thirdparty.io.grpc.stub.ClientCalls.toStatusRuntimeException(ClientCalls.java:233)
	at org.apache.ratis.thirdparty.io.grpc.stub.ClientCalls.getUnchecked(ClientCalls.java:214)
	at org.apache.ratis.thirdparty.io.grpc.stub.ClientCalls.blockingUnaryCall(ClientCalls.java:139)
	at org.apache.ratis.proto.grpc.AdminProtocolServiceGrpc$AdminProtocolServiceBlockingStub.groupManagement(AdminProtocolServiceGrpc.java:274)
	at org.apache.ratis.grpc.client.GrpcClientProtocolClient.lambda$groupAdd$3(GrpcClientProtocolClient.java:140)
	at org.apache.ratis.grpc.client.GrpcClientProtocolClient.blockingCall(GrpcClientProtocolClient.java:167)
	... 15 more
2019-08-20 14:12:14,566 [IPC Server handler 3 on 46680] WARN  block.BlockManagerImpl (BlockManagerImpl.java:allocateBlock(192)) - Pipeline creation failed for type:RATIS factor:THREE. Retrying get pipelines call once.
org.apache.hadoop.io.MultipleIOException: 3 exceptions [java.io.IOException: Failed invoke Ratis rpc org.apache.hadoop.hdds.scm.pipeline.RatisPipelineProvider$$Lambda$171/981438106@341dd732 for 7508574d-b4c6-466d-85cb-c3f6c8793b7e, java.io.IOException: Failed invoke Ratis rpc org.apache.hadoop.hdds.scm.pipeline.RatisPipelineProvider$$Lambda$171/981438106@341dd732 for f54a9d9a-91ad-45d4-b513-3f5ec3046002, java.io.IOException: Failed invoke Ratis rpc org.apache.hadoop.hdds.scm.pipeline.RatisPipelineProvider$$Lambda$171/981438106@341dd732 for 385763eb-e39a-4704-9617-4fe83a8f4873]
	at org.apache.hadoop.io.MultipleIOException.createIOException(MultipleIOException.java:53)
	at org.apache.hadoop.hdds.scm.pipeline.RatisPipelineProvider.callRatisRpc(RatisPipelineProvider.java:251)
	at org.apache.hadoop.hdds.scm.pipeline.RatisPipelineProvider.initializePipeline(RatisPipelineProvider.java:192)
	at org.apache.hadoop.hdds.scm.pipeline.RatisPipelineProvider.create(RatisPipelineProvider.java:161)
	at org.apache.hadoop.hdds.scm.pipeline.PipelineFactory.create(PipelineFactory.java:57)
	at org.apache.hadoop.hdds.scm.pipeline.SCMPipelineManager.createPipeline(SCMPipelineManager.java:149)
	at org.apache.hadoop.hdds.scm.block.BlockManagerImpl.allocateBlock(BlockManagerImpl.java:190)
	at org.apache.hadoop.hdds.scm.server.SCMBlockProtocolServer.allocateBlock(SCMBlockProtocolServer.java:175)
	at org.apache.hadoop.ozone.protocolPB.ScmBlockLocationProtocolServerSideTranslatorPB.allocateScmBlock(ScmBlockLocationProtocolServerSideTranslatorPB.java:153)
	at org.apache.hadoop.ozone.protocolPB.ScmBlockLocationProtocolServerSideTranslatorPB.send(ScmBlockLocationProtocolServerSideTranslatorPB.java:112)
	at org.apache.hadoop.hdds.protocol.proto.ScmBlockLocationProtocolProtos$ScmBlockLocationProtocolService$2.callBlockingMethod(ScmBlockLocationProtocolProtos.java:13157)
	at org.apache.hadoop.ipc.ProtobufRpcEngine$Server$ProtoBufRpcInvoker.call(ProtobufRpcEngine.java:524)
	at org.apache.hadoop.ipc.RPC$Server.call(RPC.java:1025)
	at org.apache.hadoop.ipc.Server$RpcCall.run(Server.java:876)
	at org.apache.hadoop.ipc.Server$RpcCall.run(Server.java:822)
	at java.security.AccessController.doPrivileged(Native Method)
	at javax.security.auth.Subject.doAs(Subject.java:422)
	at org.apache.hadoop.security.UserGroupInformation.doAs(UserGroupInformation.java:1730)
	at org.apache.hadoop.ipc.Server$Handler.run(Server.java:2682)
2019-08-20 14:12:14,566 [IPC Server handler 3 on 46680] INFO  block.BlockManagerImpl (BlockManagerImpl.java:allocateBlock(198)) - Could not find available pipeline of type:RATIS and factor:THREE even after retrying
2019-08-20 14:12:14,567 [IPC Server handler 3 on 46680] ERROR block.BlockManagerImpl (BlockManagerImpl.java:allocateBlock(222)) - Unable to allocate a block for the size: 4194304, type: RATIS, factor: THREE
2019-08-20 14:12:14,567 | INFO  | SCMAudit | user=jenkins1000 | ip=192.168.69.96 | op=ALLOCATE_BLOCK {owner=4f859260-fcd8-4bc1-aa00-d0f69e7937cc, size=4194304, type=RATIS, factor=THREE} | ret=SUCCESS |  
2019-08-20 14:12:14,573 [pool-217-thread-1] INFO  storage.RaftStorage (RaftStorage.java:format(72)) - Storage directory /workdir/hadoop-ozone/integration-test/target/test-dir/MiniOzoneClusterImpl-d741eabc-a61f-4873-a8b1-78c66134a397/datanode-5/data/ratis/1a05956d-fd15-4648-80cb-b028fe683de0 has been successfully formatted.
2019-08-20 14:12:14,570 | ERROR | OMAudit | user=jenkins1000 | ip=127.0.0.1 | op=ALLOCATE_KEY {volume=datanodefailurehandlingtest, bucket=datanodefailurehandlingtest, key=ratis3, dataSize=0, replicationType=RATIS, replicationFactor=THREE, keyLocationInfo=null} | ret=FAILURE | org.apache.hadoop.hdds.scm.exceptions.SCMException: Allocated 0 blocks. Requested 1 blocks
	at org.apache.hadoop.hdds.scm.protocolPB.ScmBlockLocationProtocolClientSideTranslatorPB.handleError(ScmBlockLocationProtocolClientSideTranslatorPB.java:118)
	at org.apache.hadoop.hdds.scm.protocolPB.ScmBlockLocationProtocolClientSideTranslatorPB.allocateBlock(ScmBlockLocationProtocolClientSideTranslatorPB.java:156) 
2019-08-20 14:12:14,573 [pool-206-thread-1] INFO  storage.RaftStorage (RaftStorage.java:format(72)) - Storage directory /workdir/hadoop-ozone/integration-test/target/test-dir/MiniOzoneClusterImpl-d741eabc-a61f-4873-a8b1-78c66134a397/datanode-4/data/ratis/c615db67-3f06-441c-b49e-1fe4acdc190e has been successfully formatted.
2019-08-20 14:12:14,574 [pool-217-thread-1] INFO  ratis.ContainerStateMachine (ContainerStateMachine.java:loadSnapshot(222)) - group-B028FE683DE0: The snapshot info is null. Setting the last applied indexto:(t:0, i:~)
2019-08-20 14:12:14,573 [pool-184-thread-1] INFO  storage.RaftStorage (RaftStorage.java:format(72)) - Storage directory /workdir/hadoop-ozone/integration-test/target/test-dir/MiniOzoneClusterImpl-d741eabc-a61f-4873-a8b1-78c66134a397/datanode-2/data/ratis/1a05956d-fd15-4648-80cb-b028fe683de0 has been successfully formatted.
2019-08-20 14:12:14,574 [pool-217-thread-1] INFO  server.RaftServerConfigKeys (ConfUtils.java:logGet(43)) - raft.server.leader.election.timeout = 120s (custom)
2019-08-20 14:12:14,574 [pool-206-thread-1] INFO  ratis.ContainerStateMachine (ContainerStateMachine.java:loadSnapshot(222)) - group-1FE4ACDC190E: The snapshot info is null. Setting the last applied indexto:(t:0, i:~)
2019-08-20 14:12:14,574 [pool-217-thread-1] INFO  server.RaftServerConfigKeys (ConfUtils.java:logGet(43)) - raft.server.log.use.memory = false (default)
2019-08-20 14:12:14,574 [pool-184-thread-1] INFO  ratis.ContainerStateMachine (ContainerStateMachine.java:loadSnapshot(222)) - group-B028FE683DE0: The snapshot info is null. Setting the last applied indexto:(t:0, i:~)
2019-08-20 14:12:14,575 [pool-217-thread-1] INFO  server.RaftServerConfigKeys (ConfUtils.java:logGet(43)) - raft.server.log.purge.gap = 1000000 (custom)
2019-08-20 14:12:14,575 [pool-206-thread-1] INFO  server.RaftServerConfigKeys (ConfUtils.java:logGet(43)) - raft.server.leader.election.timeout = 120s (custom)
2019-08-20 14:12:14,575 [pool-217-thread-1] INFO  server.RaftServerConfigKeys (ConfUtils.java:logGet(43)) - raft.server.log.appender.buffer.byte-limit = 33554432 (custom)
2019-08-20 14:12:14,575 [pool-184-thread-1] INFO  server.RaftServerConfigKeys (ConfUtils.java:logGet(43)) - raft.server.leader.election.timeout = 120s (custom)
2019-08-20 14:12:14,575 [pool-217-thread-1] INFO  server.RaftServerConfigKeys (ConfUtils.java:logGet(43)) - raft.server.log.segment.size.max = 1048576 (custom)
2019-08-20 14:12:14,575 [pool-206-thread-1] INFO  server.RaftServerConfigKeys (ConfUtils.java:logGet(43)) - raft.server.log.use.memory = false (default)
2019-08-20 14:12:14,576 [pool-217-thread-1] INFO  server.RaftServerConfigKeys (ConfUtils.java:logGet(43)) - raft.server.log.segment.cache.num.max = 2 (custom)
2019-08-20 14:12:14,575 [main] INFO  ozone.MiniOzoneClusterImpl (MiniOzoneClusterImpl.java:shutdown(321)) - Shutting down the Mini Ozone Cluster
2019-08-20 14:12:14,576 | INFO  | SCMAudit | user=null | ip=null | op=GET_SCM_INFO null | ret=SUCCESS |  
2019-08-20 14:12:14,575 [pool-184-thread-1] INFO  server.RaftServerConfigKeys (ConfUtils.java:logGet(43)) - raft.server.log.use.memory = false (default)
2019-08-20 14:12:14,576 [main] INFO  ozone.MiniOzoneClusterImpl (MiniOzoneClusterImpl.java:stop(336)) - Stopping the Mini Ozone Cluster
2019-08-20 14:12:14,577 [main] INFO  ozone.MiniOzoneClusterImpl (MiniOzoneClusterImpl.java:stop(338)) - Stopping the OzoneManager
2019-08-20 14:12:14,576 [pool-217-thread-1] INFO  segmented.SegmentedRaftLogWorker (SegmentedRaftLogWorker.java:<init>(172)) - new f54a9d9a-91ad-45d4-b513-3f5ec3046002-SegmentedRaftLogWorker:Storage Directory /workdir/hadoop-ozone/integration-test/target/test-dir/MiniOzoneClusterImpl-d741eabc-a61f-4873-a8b1-78c66134a397/datanode-5/data/ratis/1a05956d-fd15-4648-80cb-b028fe683de0 for RaftStorage:Storage Directory /workdir/hadoop-ozone/integration-test/target/test-dir/MiniOzoneClusterImpl-d741eabc-a61f-4873-a8b1-78c66134a397/datanode-5/data/ratis/1a05956d-fd15-4648-80cb-b028fe683de0
2019-08-20 14:12:14,576 [pool-206-thread-1] INFO  server.RaftServerConfigKeys (ConfUtils.java:logGet(43)) - raft.server.log.purge.gap = 1000000 (custom)
2019-08-20 14:12:14,579 [pool-217-thread-1] INFO  server.RaftServerConfigKeys (ConfUtils.java:logGet(43)) - raft.server.log.queue.byte-limit = 2147483647 (custom)
2019-08-20 14:12:14,577 [main] INFO  ipc.Server (Server.java:stop(3082)) - Stopping server on 35231
2019-08-20 14:12:14,576 [pool-184-thread-1] INFO  server.RaftServerConfigKeys (ConfUtils.java:logGet(43)) - raft.server.log.purge.gap = 1000000 (custom)
2019-08-20 14:12:14,580 [pool-217-thread-1] INFO  server.RaftServerConfigKeys (ConfUtils.java:logGet(43)) - raft.server.log.queue.element-limit = 1024 (custom)
2019-08-20 14:12:14,580 [pool-206-thread-1] INFO  server.RaftServerConfigKeys (ConfUtils.java:logGet(43)) - raft.server.log.appender.buffer.byte-limit = 33554432 (custom)
2019-08-20 14:12:14,604 [pool-217-thread-1] INFO  server.RaftServerConfigKeys (ConfUtils.java:logGet(43)) - raft.server.log.segment.size.max = 1048576 (custom)
2019-08-20 14:12:14,595 [pool-184-thread-1] INFO  server.RaftServerConfigKeys (ConfUtils.java:logGet(43)) - raft.server.log.appender.buffer.byte-limit = 33554432 (custom)
2019-08-20 14:12:14,595 [main] INFO  ratis.OzoneManagerDoubleBuffer (OzoneManagerDoubleBuffer.java:stop(248)) - Stopping OMDoubleBuffer flush thread
2019-08-20 14:12:14,595 [IPC Server Responder] INFO  ipc.Server (Server.java:run(1319)) - Stopping IPC Server Responder
2019-08-20 14:12:14,595 [IPC Server listener on 35231] INFO  ipc.Server (Server.java:run(1185)) - Stopping IPC Server listener on 35231
2019-08-20 14:12:14,605 [OMDoubleBufferFlushThread] INFO  ratis.OzoneManagerDoubleBuffer (OzoneManagerDoubleBuffer.java:flushTransactions(191)) - OMDoubleBuffer flush thread OMDoubleBufferFlushThread is interrupted and will exit. OMDoubleBufferFlushThread
2019-08-20 14:12:14,604 [pool-184-thread-1] INFO  server.RaftServerConfigKeys (ConfUtils.java:logGet(43)) - raft.server.log.segment.size.max = 1048576 (custom)
2019-08-20 14:12:14,604 [pool-217-thread-1] INFO  server.RaftServerConfigKeys (ConfUtils.java:logGet(43)) - raft.server.log.preallocated.size = 16384 (custom)
2019-08-20 14:12:14,604 [pool-206-thread-1] INFO  server.RaftServerConfigKeys (ConfUtils.java:logGet(43)) - raft.server.log.segment.size.max = 1048576 (custom)
2019-08-20 14:12:14,607 [pool-217-thread-1] INFO  server.RaftServerConfigKeys (ConfUtils.java:logGet(43)) - raft.server.log.write.buffer.size = 33554432 (custom)
2019-08-20 14:12:14,607 [pool-184-thread-1] INFO  server.RaftServerConfigKeys (ConfUtils.java:logGet(43)) - raft.server.log.segment.cache.num.max = 2 (custom)
2019-08-20 14:12:14,607 [main] INFO  utils.BackgroundService (BackgroundService.java:shutdown(148)) - Shutting down service KeyDeletingService
2019-08-20 14:12:14,608 [pool-184-thread-1] INFO  segmented.SegmentedRaftLogWorker (SegmentedRaftLogWorker.java:<init>(172)) - new 7508574d-b4c6-466d-85cb-c3f6c8793b7e-SegmentedRaftLogWorker:Storage Directory /workdir/hadoop-ozone/integration-test/target/test-dir/MiniOzoneClusterImpl-d741eabc-a61f-4873-a8b1-78c66134a397/datanode-2/data/ratis/1a05956d-fd15-4648-80cb-b028fe683de0 for RaftStorage:Storage Directory /workdir/hadoop-ozone/integration-test/target/test-dir/MiniOzoneClusterImpl-d741eabc-a61f-4873-a8b1-78c66134a397/datanode-2/data/ratis/1a05956d-fd15-4648-80cb-b028fe683de0
2019-08-20 14:12:14,608 [pool-217-thread-1] INFO  server.RaftServerConfigKeys (ConfUtils.java:logGet(43)) - raft.server.log.force.sync.num = 128 (default)
2019-08-20 14:12:14,608 [pool-206-thread-1] INFO  server.RaftServerConfigKeys (ConfUtils.java:logGet(43)) - raft.server.log.segment.cache.num.max = 2 (custom)
2019-08-20 14:12:14,608 [pool-217-thread-1] INFO  server.RaftServerConfigKeys (ConfUtils.java:logGet(43)) - raft.server.log.statemachine.data.sync = true (default)
2019-08-20 14:12:14,608 [pool-184-thread-1] INFO  server.RaftServerConfigKeys (ConfUtils.java:logGet(43)) - raft.server.log.queue.byte-limit = 2147483647 (custom)
2019-08-20 14:12:14,609 [pool-217-thread-1] INFO  server.RaftServerConfigKeys (ConfUtils.java:logGet(43)) - raft.server.log.statemachine.data.sync.timeout = 10s (default)
2019-08-20 14:12:14,609 [pool-217-thread-1] INFO  server.RaftServerConfigKeys (ConfUtils.java:logGet(43)) - raft.server.log.statemachine.data.sync.timeout.retry = -1 (default)
2019-08-20 14:12:14,609 [pool-206-thread-1] INFO  segmented.SegmentedRaftLogWorker (SegmentedRaftLogWorker.java:<init>(172)) - new 385763eb-e39a-4704-9617-4fe83a8f4873-SegmentedRaftLogWorker:Storage Directory /workdir/hadoop-ozone/integration-test/target/test-dir/MiniOzoneClusterImpl-d741eabc-a61f-4873-a8b1-78c66134a397/datanode-4/data/ratis/c615db67-3f06-441c-b49e-1fe4acdc190e for RaftStorage:Storage Directory /workdir/hadoop-ozone/integration-test/target/test-dir/MiniOzoneClusterImpl-d741eabc-a61f-4873-a8b1-78c66134a397/datanode-4/data/ratis/c615db67-3f06-441c-b49e-1fe4acdc190e
2019-08-20 14:12:14,609 [pool-217-thread-1] INFO  server.RaftServerConfigKeys (ConfUtils.java:logGet(43)) - raft.server.log.statemachine.data.caching.enabled = true (custom)
2019-08-20 14:12:14,609 [pool-184-thread-1] INFO  server.RaftServerConfigKeys (ConfUtils.java:logGet(43)) - raft.server.log.queue.element-limit = 1024 (custom)
2019-08-20 14:12:14,609 [pool-206-thread-1] INFO  server.RaftServerConfigKeys (ConfUtils.java:logGet(43)) - raft.server.log.queue.byte-limit = 2147483647 (custom)
2019-08-20 14:12:14,610 [pool-184-thread-1] INFO  server.RaftServerConfigKeys (ConfUtils.java:logGet(43)) - raft.server.log.segment.size.max = 1048576 (custom)
2019-08-20 14:12:14,610 [pool-206-thread-1] INFO  server.RaftServerConfigKeys (ConfUtils.java:logGet(43)) - raft.server.log.queue.element-limit = 1024 (custom)
2019-08-20 14:12:14,610 [pool-184-thread-1] INFO  server.RaftServerConfigKeys (ConfUtils.java:logGet(43)) - raft.server.log.preallocated.size = 16384 (custom)
2019-08-20 14:12:14,610 [main] INFO  handler.ContextHandler (ContextHandler.java:doStop(910)) - Stopped o.e.j.w.WebAppContext@7d1cdeb1{/,null,UNAVAILABLE}{/ozoneManager}
2019-08-20 14:12:14,610 [pool-184-thread-1] INFO  server.RaftServerConfigKeys (ConfUtils.java:logGet(43)) - raft.server.log.write.buffer.size = 33554432 (custom)
2019-08-20 14:12:14,611 [pool-184-thread-1] INFO  server.RaftServerConfigKeys (ConfUtils.java:logGet(43)) - raft.server.log.force.sync.num = 128 (default)
2019-08-20 14:12:14,610 [pool-206-thread-1] INFO  server.RaftServerConfigKeys (ConfUtils.java:logGet(43)) - raft.server.log.segment.size.max = 1048576 (custom)
2019-08-20 14:12:14,611 [pool-184-thread-1] INFO  server.RaftServerConfigKeys (ConfUtils.java:logGet(43)) - raft.server.log.statemachine.data.sync = true (default)
2019-08-20 14:12:14,611 [pool-206-thread-1] INFO  server.RaftServerConfigKeys (ConfUtils.java:logGet(43)) - raft.server.log.preallocated.size = 16384 (custom)
2019-08-20 14:12:14,611 [pool-184-thread-1] INFO  server.RaftServerConfigKeys (ConfUtils.java:logGet(43)) - raft.server.log.statemachine.data.sync.timeout = 10s (default)
2019-08-20 14:12:14,611 [pool-206-thread-1] INFO  server.RaftServerConfigKeys (ConfUtils.java:logGet(43)) - raft.server.log.write.buffer.size = 33554432 (custom)
2019-08-20 14:12:14,611 [main] INFO  server.AbstractConnector (AbstractConnector.java:doStop(318)) - Stopped ServerConnector@c4551c6{HTTP/1.1,[http/1.1]}{0.0.0.0:0}
2019-08-20 14:12:14,611 [pool-206-thread-1] INFO  server.RaftServerConfigKeys (ConfUtils.java:logGet(43)) - raft.server.log.force.sync.num = 128 (default)
2019-08-20 14:12:14,611 [pool-184-thread-1] INFO  server.RaftServerConfigKeys (ConfUtils.java:logGet(43)) - raft.server.log.statemachine.data.sync.timeout.retry = -1 (default)
2019-08-20 14:12:14,612 [pool-206-thread-1] INFO  server.RaftServerConfigKeys (ConfUtils.java:logGet(43)) - raft.server.log.statemachine.data.sync = true (default)
2019-08-20 14:12:14,612 [main] INFO  handler.ContextHandler (ContextHandler.java:doStop(910)) - Stopped o.e.j.s.ServletContextHandler@2cadcff6{/static,file:///workdir/hadoop-ozone/integration-test/target/test-classes/webapps/static,UNAVAILABLE}
2019-08-20 14:12:14,612 [pool-184-thread-1] INFO  server.RaftServerConfigKeys (ConfUtils.java:logGet(43)) - raft.server.log.statemachine.data.caching.enabled = true (custom)
2019-08-20 14:12:14,612 [pool-206-thread-1] INFO  server.RaftServerConfigKeys (ConfUtils.java:logGet(43)) - raft.server.log.statemachine.data.sync.timeout = 10s (default)
2019-08-20 14:12:14,612 [main] INFO  handler.ContextHandler (ContextHandler.java:doStop(910)) - Stopped o.e.j.s.ServletContextHandler@31880efa{/logs,file:///workdir/hadoop-ozone/integration-test/target/log,UNAVAILABLE}
2019-08-20 14:12:14,612 [pool-206-thread-1] INFO  server.RaftServerConfigKeys (ConfUtils.java:logGet(43)) - raft.server.log.statemachine.data.sync.timeout.retry = -1 (default)
2019-08-20 14:12:14,613 [pool-206-thread-1] INFO  server.RaftServerConfigKeys (ConfUtils.java:logGet(43)) - raft.server.log.statemachine.data.caching.enabled = true (custom)
2019-08-20 14:12:14,669 | INFO  | SCMAudit | user=jenkins1000 | ip=192.168.69.96 | op=SEND_HEARTBEAT {datanodeUUID=ecede196-1368-4cbb-9d0e-c1e9efcb994c, command=[]} | ret=SUCCESS |  
2019-08-20 14:12:14,680 [pool-217-thread-1] INFO  segmented.SegmentedRaftLogWorker (SegmentedRaftLogWorker.java:lambda$new$0(132)) - f54a9d9a-91ad-45d4-b513-3f5ec3046002-SegmentedRaftLogWorker:Storage Directory /workdir/hadoop-ozone/integration-test/target/test-dir/MiniOzoneClusterImpl-d741eabc-a61f-4873-a8b1-78c66134a397/datanode-5/data/ratis/1a05956d-fd15-4648-80cb-b028fe683de0: flushIndex: setUnconditionally 0 -> -1
2019-08-20 14:12:14,680 [f54a9d9a-91ad-45d4-b513-3f5ec3046002:group-63A02D806C08:LeaderElection25] INFO  impl.LeaderElection (LeaderElection.java:askForVotes(181)) - f54a9d9a-91ad-45d4-b513-3f5ec3046002:group-63A02D806C08:LeaderElection25: begin an election at term 2 for -1: [385763eb-e39a-4704-9617-4fe83a8f4873:192.168.69.96:38476, f54a9d9a-91ad-45d4-b513-3f5ec3046002:192.168.69.96:37332, 7508574d-b4c6-466d-85cb-c3f6c8793b7e:192.168.69.96:35557], old=null
2019-08-20 14:12:14,680 [pool-206-thread-1] INFO  segmented.SegmentedRaftLogWorker (SegmentedRaftLogWorker.java:lambda$new$0(132)) - 385763eb-e39a-4704-9617-4fe83a8f4873-SegmentedRaftLogWorker:Storage Directory /workdir/hadoop-ozone/integration-test/target/test-dir/MiniOzoneClusterImpl-d741eabc-a61f-4873-a8b1-78c66134a397/datanode-4/data/ratis/c615db67-3f06-441c-b49e-1fe4acdc190e: flushIndex: setUnconditionally 0 -> -1
2019-08-20 14:12:14,680 [7508574d-b4c6-466d-85cb-c3f6c8793b7e:group-63A02D806C08:LeaderElection24] INFO  impl.LeaderElection (LeaderElection.java:askForVotes(181)) - 7508574d-b4c6-466d-85cb-c3f6c8793b7e:group-63A02D806C08:LeaderElection24: begin an election at term 2 for -1: [385763eb-e39a-4704-9617-4fe83a8f4873:192.168.69.96:38476, f54a9d9a-91ad-45d4-b513-3f5ec3046002:192.168.69.96:37332, 7508574d-b4c6-466d-85cb-c3f6c8793b7e:192.168.69.96:35557], old=null
2019-08-20 14:12:14,680 [385763eb-e39a-4704-9617-4fe83a8f4873:group-63A02D806C08:LeaderElection26] INFO  impl.LeaderElection (LeaderElection.java:askForVotes(181)) - 385763eb-e39a-4704-9617-4fe83a8f4873:group-63A02D806C08:LeaderElection26: begin an election at term 1 for -1: [385763eb-e39a-4704-9617-4fe83a8f4873:192.168.69.96:38476, f54a9d9a-91ad-45d4-b513-3f5ec3046002:192.168.69.96:37332, 7508574d-b4c6-466d-85cb-c3f6c8793b7e:192.168.69.96:35557], old=null
2019-08-20 14:12:14,681 [pool-206-thread-1] INFO  server.RaftServerConfigKeys (ConfUtils.java:logGet(43)) - raft.server.snapshot.auto.trigger.enabled = true (custom)
2019-08-20 14:12:14,680 [pool-184-thread-1] INFO  segmented.SegmentedRaftLogWorker (SegmentedRaftLogWorker.java:lambda$new$0(132)) - 7508574d-b4c6-466d-85cb-c3f6c8793b7e-SegmentedRaftLogWorker:Storage Directory /workdir/hadoop-ozone/integration-test/target/test-dir/MiniOzoneClusterImpl-d741eabc-a61f-4873-a8b1-78c66134a397/datanode-2/data/ratis/1a05956d-fd15-4648-80cb-b028fe683de0: flushIndex: setUnconditionally 0 -> -1
2019-08-20 14:12:14,681 [pool-206-thread-1] INFO  server.RaftServerConfigKeys (ConfUtils.java:logGet(43)) - raft.server.snapshot.auto.trigger.threshold = 10000 (custom)
2019-08-20 14:12:14,681 [main] INFO  ozone.MiniOzoneClusterImpl (MiniOzoneClusterImpl.java:stop(344)) - Shutting the HddsDatanodes
2019-08-20 14:12:14,682 [main] INFO  datanode.ObjectStoreHandler (ObjectStoreHandler.java:close(155)) - Closing ObjectStoreHandler.
2019-08-20 14:12:14,680 [pool-217-thread-1] INFO  server.RaftServerConfigKeys (ConfUtils.java:logGet(43)) - raft.server.snapshot.auto.trigger.enabled = true (custom)
2019-08-20 14:12:14,682 [ForkJoinPool.commonPool-worker-0] INFO  datanode.ObjectStoreHandler (ObjectStoreHandler.java:close(155)) - Closing ObjectStoreHandler.
2019-08-20 14:12:14,682 [pool-206-thread-1] INFO  server.RaftServerConfigKeys (ConfUtils.java:logGet(43)) - raft.server.retrycache.expirytime = 600000ms (custom)
2019-08-20 14:12:14,681 [pool-184-thread-1] INFO  server.RaftServerConfigKeys (ConfUtils.java:logGet(43)) - raft.server.snapshot.auto.trigger.enabled = true (custom)
2019-08-20 14:12:14,682 [main] INFO  ozone.HddsDatanodeService (HddsDatanodeService.java:stop(451)) - Stopped plug-in org.apache.hadoop.ozone.web.OzoneHddsDatanodeService@66716959
2019-08-20 14:12:14,682 [pool-217-thread-1] INFO  server.RaftServerConfigKeys (ConfUtils.java:logGet(43)) - raft.server.snapshot.auto.trigger.threshold = 10000 (custom)
2019-08-20 14:12:14,683 [ForkJoinPool.commonPool-worker-0] INFO  ozone.HddsDatanodeService (HddsDatanodeService.java:stop(451)) - Stopped plug-in org.apache.hadoop.ozone.web.OzoneHddsDatanodeService@620572db
2019-08-20 14:12:14,683 [pool-184-thread-1] INFO  server.RaftServerConfigKeys (ConfUtils.java:logGet(43)) - raft.server.snapshot.auto.trigger.threshold = 10000 (custom)
2019-08-20 14:12:14,685 [pool-217-thread-1] INFO  server.RaftServerConfigKeys (ConfUtils.java:logGet(43)) - raft.server.retrycache.expirytime = 600000ms (custom)
2019-08-20 14:12:14,687 [pool-184-thread-1] INFO  server.RaftServerConfigKeys (ConfUtils.java:logGet(43)) - raft.server.retrycache.expirytime = 600000ms (custom)
2019-08-20 14:12:14,687 [pool-217-thread-1] INFO  impl.RaftServerImpl (RaftServerImpl.java:start(180)) - f54a9d9a-91ad-45d4-b513-3f5ec3046002: start group-1FE4ACDC190E
2019-08-20 14:12:14,687 [grpc-default-executor-3] INFO  impl.RaftServerImpl (RaftServerImpl.java:setRole(171)) - 385763eb-e39a-4704-9617-4fe83a8f4873:group-63A02D806C08 changes role from CANDIDATE to FOLLOWER at term 2 for recognizeCandidate:7508574d-b4c6-466d-85cb-c3f6c8793b7e
2019-08-20 14:12:14,687 [pool-217-thread-1] INFO  impl.RaftServerImpl (RaftServerImpl.java:setRole(171)) - f54a9d9a-91ad-45d4-b513-3f5ec3046002:group-1FE4ACDC190E changes role from null to FOLLOWER at term 0 for startAsFollower
2019-08-20 14:12:14,687 [pool-184-thread-1] INFO  impl.RaftServerImpl (RaftServerImpl.java:start(180)) - 7508574d-b4c6-466d-85cb-c3f6c8793b7e: start group-1FE4ACDC190E
2019-08-20 14:12:14,689 [pool-217-thread-1] INFO  impl.RoleInfo (RoleInfo.java:updateAndGet(143)) - f54a9d9a-91ad-45d4-b513-3f5ec3046002: start FollowerState
2019-08-20 14:12:14,689 [pool-206-thread-1] INFO  impl.RaftServerImpl (RaftServerImpl.java:<init>(93)) - 385763eb-e39a-4704-9617-4fe83a8f4873: new RaftServerImpl for group-B028FE683DE0:[385763eb-e39a-4704-9617-4fe83a8f4873:192.168.69.96:38476, f54a9d9a-91ad-45d4-b513-3f5ec3046002:192.168.69.96:37332, 7508574d-b4c6-466d-85cb-c3f6c8793b7e:192.168.69.96:35557] with ContainerStateMachine:uninitialized
2019-08-20 14:12:14,689 [grpc-default-executor-3] INFO  impl.RoleInfo (RoleInfo.java:shutdownLeaderElection(134)) - 385763eb-e39a-4704-9617-4fe83a8f4873: shutdown LeaderElection
2019-08-20 14:12:14,690 [pool-206-thread-1] INFO  server.RaftServerConfigKeys (ConfUtils.java:logGet(43)) - raft.server.rpc.timeout.min = 1s (custom)
2019-08-20 14:12:14,689 [pool-184-thread-1] INFO  impl.RaftServerImpl (RaftServerImpl.java:setRole(171)) - 7508574d-b4c6-466d-85cb-c3f6c8793b7e:group-1FE4ACDC190E changes role from null to FOLLOWER at term 0 for startAsFollower
2019-08-20 14:12:14,691 [pool-206-thread-1] INFO  server.RaftServerConfigKeys (ConfUtils.java:logGet(43)) - raft.server.rpc.timeout.max = 1200ms (custom)
2019-08-20 14:12:14,691 [pool-217-thread-1] INFO  util.JmxRegister (JmxRegister.java:tryRegister(44)) - Successfully registered JMX Bean with object name Ratis:service=RaftServer,group=group-1FE4ACDC190E,id=f54a9d9a-91ad-45d4-b513-3f5ec3046002
2019-08-20 14:12:14,691 [grpc-default-executor-3] INFO  impl.RoleInfo (RoleInfo.java:updateAndGet(143)) - 385763eb-e39a-4704-9617-4fe83a8f4873: start FollowerState
2019-08-20 14:12:14,691 [pool-206-thread-1] INFO  server.RaftServerConfigKeys (ConfUtils.java:logGet(43)) - raft.server.rpcslowness.timeout = 120s (custom)
2019-08-20 14:12:14,693 [pool-206-thread-1] INFO  server.RaftServerConfigKeys (ConfUtils.java:logGet(43)) - raft.server.sleep.deviation.threshold = 300 (default)
2019-08-20 14:12:14,691 [pool-184-thread-1] INFO  impl.RoleInfo (RoleInfo.java:updateAndGet(143)) - 7508574d-b4c6-466d-85cb-c3f6c8793b7e: start FollowerState
2019-08-20 14:12:14,693 [pool-217-thread-1] INFO  impl.RaftServerImpl (RaftServerImpl.java:start(180)) - f54a9d9a-91ad-45d4-b513-3f5ec3046002: start group-B028FE683DE0
2019-08-20 14:12:14,693 [pool-206-thread-1] INFO  server.RaftServerConfigKeys (ConfUtils.java:logGet(43)) - raft.server.log.appender.install.snapshot.enabled = false (custom)
2019-08-20 14:12:14,695 [pool-184-thread-1] INFO  util.JmxRegister (JmxRegister.java:tryRegister(44)) - Successfully registered JMX Bean with object name Ratis:service=RaftServer,group=group-1FE4ACDC190E,id=7508574d-b4c6-466d-85cb-c3f6c8793b7e
2019-08-20 14:12:14,694 [pool-217-thread-1] INFO  impl.RaftServerImpl (RaftServerImpl.java:setRole(171)) - f54a9d9a-91ad-45d4-b513-3f5ec3046002:group-B028FE683DE0 changes role from null to FOLLOWER at term 0 for startAsFollower
2019-08-20 14:12:14,695 [385763eb-e39a-4704-9617-4fe83a8f4873:group-63A02D806C08:LeaderElection26] INFO  impl.LeaderElection (LeaderElection.java:logAndReturn(56)) - 385763eb-e39a-4704-9617-4fe83a8f4873:group-63A02D806C08:LeaderElection26: Election DISCOVERED_A_NEW_TERM; received 1 response(s) [385763eb-e39a-4704-9617-4fe83a8f4873<-7508574d-b4c6-466d-85cb-c3f6c8793b7e#0:FAIL-t2] and 0 exception(s); 385763eb-e39a-4704-9617-4fe83a8f4873:t2, leader=null, voted=null, raftlog=385763eb-e39a-4704-9617-4fe83a8f4873-SegmentedRaftLog:OPENED:c-1,f-1,i0, conf=-1: [385763eb-e39a-4704-9617-4fe83a8f4873:192.168.69.96:38476, f54a9d9a-91ad-45d4-b513-3f5ec3046002:192.168.69.96:37332, 7508574d-b4c6-466d-85cb-c3f6c8793b7e:192.168.69.96:35557], old=null
2019-08-20 14:12:14,695 [pool-206-thread-1] INFO  impl.RaftServerImpl (ServerState.java:<init>(105)) - 385763eb-e39a-4704-9617-4fe83a8f4873:group-B028FE683DE0 ConfigurationManager, init=-1: [385763eb-e39a-4704-9617-4fe83a8f4873:192.168.69.96:38476, f54a9d9a-91ad-45d4-b513-3f5ec3046002:192.168.69.96:37332, 7508574d-b4c6-466d-85cb-c3f6c8793b7e:192.168.69.96:35557], old=null, confs=<EMPTY_MAP>
2019-08-20 14:12:14,697 [pool-184-thread-1] INFO  impl.RaftServerImpl (RaftServerImpl.java:start(180)) - 7508574d-b4c6-466d-85cb-c3f6c8793b7e: start group-B028FE683DE0
2019-08-20 14:12:14,697 [pool-217-thread-1] INFO  impl.RoleInfo (RoleInfo.java:updateAndGet(143)) - f54a9d9a-91ad-45d4-b513-3f5ec3046002: start FollowerState
2019-08-20 14:12:14,698 [pool-184-thread-1] INFO  impl.RaftServerImpl (RaftServerImpl.java:setRole(171)) - 7508574d-b4c6-466d-85cb-c3f6c8793b7e:group-B028FE683DE0 changes role from null to FOLLOWER at term 0 for startAsFollower
2019-08-20 14:12:14,698 [pool-206-thread-1] INFO  server.RaftServerConfigKeys (ConfUtils.java:logGet(43)) - raft.server.storage.dir = [/workdir/hadoop-ozone/integration-test/target/test-dir/MiniOzoneClusterImpl-d741eabc-a61f-4873-a8b1-78c66134a397/datanode-4/data/ratis] (custom)
2019-08-20 14:12:14,700 [pool-184-thread-1] INFO  impl.RoleInfo (RoleInfo.java:updateAndGet(143)) - 7508574d-b4c6-466d-85cb-c3f6c8793b7e: start FollowerState
2019-08-20 14:12:14,700 [pool-217-thread-1] INFO  util.JmxRegister (JmxRegister.java:tryRegister(44)) - Successfully registered JMX Bean with object name Ratis:service=RaftServer,group=group-B028FE683DE0,id=f54a9d9a-91ad-45d4-b513-3f5ec3046002
2019-08-20 14:12:14,701 [pool-184-thread-1] INFO  util.JmxRegister (JmxRegister.java:tryRegister(44)) - Successfully registered JMX Bean with object name Ratis:service=RaftServer,group=group-B028FE683DE0,id=7508574d-b4c6-466d-85cb-c3f6c8793b7e
2019-08-20 14:12:14,700 [pool-206-thread-1] INFO  storage.RaftStorageDirectory (RaftStorageDirectory.java:analyzeStorage(246)) - The storage directory /workdir/hadoop-ozone/integration-test/target/test-dir/MiniOzoneClusterImpl-d741eabc-a61f-4873-a8b1-78c66134a397/datanode-4/data/ratis/1a05956d-fd15-4648-80cb-b028fe683de0 does not exist. Creating ...
2019-08-20 14:12:14,875 | INFO  | SCMAudit | user=jenkins1000 | ip=192.168.69.96 | op=SEND_HEARTBEAT {datanodeUUID=7508574d-b4c6-466d-85cb-c3f6c8793b7e, command=[]} | ret=SUCCESS |  
2019-08-20 14:12:15,051 [Datanode State Machine Thread - 0] INFO  statemachine.DatanodeStateMachine (DatanodeStateMachine.java:lambda$startDaemon$0(350)) - Ozone container server started.
2019-08-20 14:12:15,279 | INFO  | SCMAudit | user=jenkins1000 | ip=192.168.69.96 | op=SEND_HEARTBEAT {datanodeUUID=385763eb-e39a-4704-9617-4fe83a8f4873, command=[]} | ret=SUCCESS |  
2019-08-20 14:12:15,466 | INFO  | SCMAudit | user=jenkins1000 | ip=192.168.69.96 | op=SEND_HEARTBEAT {datanodeUUID=85238e17-2af5-4085-b5cc-473b32345742, command=[]} | ret=SUCCESS |  
2019-08-20 14:12:15,561 | INFO  | SCMAudit | user=jenkins1000 | ip=192.168.69.96 | op=SEND_HEARTBEAT {datanodeUUID=f54a9d9a-91ad-45d4-b513-3f5ec3046002, command=[]} | ret=SUCCESS |  
2019-08-20 14:12:15,667 [Datanode State Machine Thread - 0] INFO  statemachine.DatanodeStateMachine (DatanodeStateMachine.java:lambda$startDaemon$0(350)) - Ozone container server started.
2019-08-20 14:12:15,696 [7508574d-b4c6-466d-85cb-c3f6c8793b7e:group-63A02D806C08:LeaderElection24] INFO  impl.LeaderElection (LeaderElection.java:logAndReturn(56)) - 7508574d-b4c6-466d-85cb-c3f6c8793b7e:group-63A02D806C08:LeaderElection24: Election TIMEOUT; received 1 response(s) [7508574d-b4c6-466d-85cb-c3f6c8793b7e<-f54a9d9a-91ad-45d4-b513-3f5ec3046002#0:FAIL-t2] and 0 exception(s); 7508574d-b4c6-466d-85cb-c3f6c8793b7e:t2, leader=null, voted=7508574d-b4c6-466d-85cb-c3f6c8793b7e, raftlog=7508574d-b4c6-466d-85cb-c3f6c8793b7e-SegmentedRaftLog:OPENED:c-1,f-1,i0, conf=-1: [385763eb-e39a-4704-9617-4fe83a8f4873:192.168.69.96:38476, f54a9d9a-91ad-45d4-b513-3f5ec3046002:192.168.69.96:37332, 7508574d-b4c6-466d-85cb-c3f6c8793b7e:192.168.69.96:35557], old=null
2019-08-20 14:12:15,755 [Thread-1284] INFO  impl.FollowerState (FollowerState.java:run(106)) - f54a9d9a-91ad-45d4-b513-3f5ec3046002:group-B028FE683DE0 changes to CANDIDATE, lastRpcTime:1058, electionTimeout:1055ms
2019-08-20 14:12:15,755 [Thread-1284] INFO  impl.RoleInfo (RoleInfo.java:shutdownFollowerState(121)) - f54a9d9a-91ad-45d4-b513-3f5ec3046002: shutdown FollowerState
2019-08-20 14:12:15,755 [Thread-1284] INFO  impl.RaftServerImpl (RaftServerImpl.java:setRole(171)) - f54a9d9a-91ad-45d4-b513-3f5ec3046002:group-B028FE683DE0 changes role from FOLLOWER to CANDIDATE at term 0 for changeToCandidate
2019-08-20 14:12:15,756 [Thread-1284] INFO  impl.RoleInfo (RoleInfo.java:updateAndGet(143)) - f54a9d9a-91ad-45d4-b513-3f5ec3046002: start LeaderElection
2019-08-20 14:12:15,762 [f54a9d9a-91ad-45d4-b513-3f5ec3046002:group-63A02D806C08:LeaderElection25] INFO  impl.LeaderElection (LeaderElection.java:logAndReturn(56)) - f54a9d9a-91ad-45d4-b513-3f5ec3046002:group-63A02D806C08:LeaderElection25: Election TIMEOUT; received 1 response(s) [f54a9d9a-91ad-45d4-b513-3f5ec3046002<-7508574d-b4c6-466d-85cb-c3f6c8793b7e#0:FAIL-t2] and 0 exception(s); f54a9d9a-91ad-45d4-b513-3f5ec3046002:t2, leader=null, voted=f54a9d9a-91ad-45d4-b513-3f5ec3046002, raftlog=f54a9d9a-91ad-45d4-b513-3f5ec3046002-SegmentedRaftLog:OPENED:c-1,f-1,i0, conf=-1: [385763eb-e39a-4704-9617-4fe83a8f4873:192.168.69.96:38476, f54a9d9a-91ad-45d4-b513-3f5ec3046002:192.168.69.96:37332, 7508574d-b4c6-466d-85cb-c3f6c8793b7e:192.168.69.96:35557], old=null
2019-08-20 14:12:15,789 [Thread-1282] INFO  impl.FollowerState (FollowerState.java:run(106)) - 7508574d-b4c6-466d-85cb-c3f6c8793b7e:group-1FE4ACDC190E changes to CANDIDATE, lastRpcTime:1097, electionTimeout:1094ms
2019-08-20 14:12:15,789 [Thread-1282] INFO  impl.RoleInfo (RoleInfo.java:shutdownFollowerState(121)) - 7508574d-b4c6-466d-85cb-c3f6c8793b7e: shutdown FollowerState
2019-08-20 14:12:15,789 [Thread-1282] INFO  impl.RaftServerImpl (RaftServerImpl.java:setRole(171)) - 7508574d-b4c6-466d-85cb-c3f6c8793b7e:group-1FE4ACDC190E changes role from FOLLOWER to CANDIDATE at term 0 for changeToCandidate
2019-08-20 14:12:15,790 [Thread-1282] INFO  impl.RoleInfo (RoleInfo.java:updateAndGet(143)) - 7508574d-b4c6-466d-85cb-c3f6c8793b7e: start LeaderElection
2019-08-20 14:12:15,793 [Thread-1280] INFO  impl.FollowerState (FollowerState.java:run(106)) - f54a9d9a-91ad-45d4-b513-3f5ec3046002:group-1FE4ACDC190E changes to CANDIDATE, lastRpcTime:1103, electionTimeout:1101ms
2019-08-20 14:12:15,793 [Thread-1280] INFO  impl.RoleInfo (RoleInfo.java:shutdownFollowerState(121)) - f54a9d9a-91ad-45d4-b513-3f5ec3046002: shutdown FollowerState
2019-08-20 14:12:15,798 [Thread-1280] INFO  impl.RaftServerImpl (RaftServerImpl.java:setRole(171)) - f54a9d9a-91ad-45d4-b513-3f5ec3046002:group-1FE4ACDC190E changes role from FOLLOWER to CANDIDATE at term 0 for changeToCandidate
2019-08-20 14:12:15,798 [Thread-1280] INFO  impl.RoleInfo (RoleInfo.java:updateAndGet(143)) - f54a9d9a-91ad-45d4-b513-3f5ec3046002: start LeaderElection
2019-08-20 14:12:15,835 [Thread-1286] INFO  impl.FollowerState (FollowerState.java:run(106)) - 7508574d-b4c6-466d-85cb-c3f6c8793b7e:group-B028FE683DE0 changes to CANDIDATE, lastRpcTime:1135, electionTimeout:1133ms
2019-08-20 14:12:15,835 [Thread-1286] INFO  impl.RoleInfo (RoleInfo.java:shutdownFollowerState(121)) - 7508574d-b4c6-466d-85cb-c3f6c8793b7e: shutdown FollowerState
2019-08-20 14:12:15,835 [Thread-1286] INFO  impl.RaftServerImpl (RaftServerImpl.java:setRole(171)) - 7508574d-b4c6-466d-85cb-c3f6c8793b7e:group-B028FE683DE0 changes role from FOLLOWER to CANDIDATE at term 0 for changeToCandidate
2019-08-20 14:12:15,835 [Thread-1286] INFO  impl.RoleInfo (RoleInfo.java:updateAndGet(143)) - 7508574d-b4c6-466d-85cb-c3f6c8793b7e: start LeaderElection
2019-08-20 14:12:15,874 | INFO  | SCMAudit | user=jenkins1000 | ip=192.168.69.96 | op=SEND_HEARTBEAT {datanodeUUID=7508574d-b4c6-466d-85cb-c3f6c8793b7e, command=[]} | ret=SUCCESS |  
2019-08-20 14:12:16,279 | INFO  | SCMAudit | user=jenkins1000 | ip=192.168.69.96 | op=SEND_HEARTBEAT {datanodeUUID=385763eb-e39a-4704-9617-4fe83a8f4873, command=[]} | ret=SUCCESS |  
2019-08-20 14:12:16,466 | INFO  | SCMAudit | user=jenkins1000 | ip=192.168.69.96 | op=SEND_HEARTBEAT {datanodeUUID=85238e17-2af5-4085-b5cc-473b32345742, command=[]} | ret=SUCCESS |  
2019-08-20 14:12:16,562 | INFO  | SCMAudit | user=jenkins1000 | ip=192.168.69.96 | op=SEND_HEARTBEAT {datanodeUUID=f54a9d9a-91ad-45d4-b513-3f5ec3046002, command=[]} | ret=SUCCESS |  
2019-08-20 14:12:16,875 | INFO  | SCMAudit | user=jenkins1000 | ip=192.168.69.96 | op=SEND_HEARTBEAT {datanodeUUID=7508574d-b4c6-466d-85cb-c3f6c8793b7e, command=[]} | ret=SUCCESS |  
2019-08-20 14:12:16,975 [pool-206-thread-1] INFO  storage.RaftStorageDirectory (RaftStorageDirectory.java:tryLock(328)) - Lock on /workdir/hadoop-ozone/integration-test/target/test-dir/MiniOzoneClusterImpl-d741eabc-a61f-4873-a8b1-78c66134a397/datanode-4/data/ratis/1a05956d-fd15-4648-80cb-b028fe683de0/in_use.lock acquired by nodename 11068@pr-hdds-1946lgncr-3764977478
2019-08-20 14:12:17,135 [Thread-1281] INFO  impl.FollowerState (FollowerState.java:run(106)) - 385763eb-e39a-4704-9617-4fe83a8f4873:group-63A02D806C08 changes to CANDIDATE, lastRpcTime:2444, electionTimeout:1097ms
2019-08-20 14:12:17,136 [Thread-1281] INFO  impl.RoleInfo (RoleInfo.java:shutdownFollowerState(121)) - 385763eb-e39a-4704-9617-4fe83a8f4873: shutdown FollowerState
2019-08-20 14:12:17,136 [Thread-1281] INFO  impl.RaftServerImpl (RaftServerImpl.java:setRole(171)) - 385763eb-e39a-4704-9617-4fe83a8f4873:group-63A02D806C08 changes role from FOLLOWER to CANDIDATE at term 2 for changeToCandidate
2019-08-20 14:12:17,136 [Thread-1281] INFO  impl.RoleInfo (RoleInfo.java:updateAndGet(143)) - 385763eb-e39a-4704-9617-4fe83a8f4873: start LeaderElection
2019-08-20 14:12:17,141 [grpc-default-executor-0] INFO  impl.RaftServerImpl (RaftServerImpl.java:setRole(171)) - 385763eb-e39a-4704-9617-4fe83a8f4873:group-63A02D806C08 changes role from CANDIDATE to FOLLOWER at term 2 for recognizeCandidate:f54a9d9a-91ad-45d4-b513-3f5ec3046002
2019-08-20 14:12:17,141 [grpc-default-executor-0] INFO  impl.RoleInfo (RoleInfo.java:shutdownLeaderElection(134)) - 385763eb-e39a-4704-9617-4fe83a8f4873: shutdown LeaderElection
2019-08-20 14:12:17,141 [grpc-default-executor-0] INFO  impl.RoleInfo (RoleInfo.java:updateAndGet(143)) - 385763eb-e39a-4704-9617-4fe83a8f4873: start FollowerState
2019-08-20 14:12:17,280 | INFO  | SCMAudit | user=jenkins1000 | ip=192.168.69.96 | op=SEND_HEARTBEAT {datanodeUUID=385763eb-e39a-4704-9617-4fe83a8f4873, command=[]} | ret=SUCCESS |  
2019-08-20 14:12:17,446 [7508574d-b4c6-466d-85cb-c3f6c8793b7e:group-B028FE683DE0:LeaderElection30] INFO  impl.LeaderElection (LeaderElection.java:askForVotes(181)) - 7508574d-b4c6-466d-85cb-c3f6c8793b7e:group-B028FE683DE0:LeaderElection30: begin an election at term 1 for -1: [385763eb-e39a-4704-9617-4fe83a8f4873:192.168.69.96:38476, f54a9d9a-91ad-45d4-b513-3f5ec3046002:192.168.69.96:37332, 7508574d-b4c6-466d-85cb-c3f6c8793b7e:192.168.69.96:35557], old=null
2019-08-20 14:12:17,446 [f54a9d9a-91ad-45d4-b513-3f5ec3046002:group-B028FE683DE0:LeaderElection27] INFO  impl.LeaderElection (LeaderElection.java:askForVotes(181)) - f54a9d9a-91ad-45d4-b513-3f5ec3046002:group-B028FE683DE0:LeaderElection27: begin an election at term 1 for -1: [385763eb-e39a-4704-9617-4fe83a8f4873:192.168.69.96:38476, f54a9d9a-91ad-45d4-b513-3f5ec3046002:192.168.69.96:37332, 7508574d-b4c6-466d-85cb-c3f6c8793b7e:192.168.69.96:35557], old=null
2019-08-20 14:12:17,446 [pool-206-thread-1] INFO  storage.RaftStorage (RaftStorage.java:format(72)) - Storage directory /workdir/hadoop-ozone/integration-test/target/test-dir/MiniOzoneClusterImpl-d741eabc-a61f-4873-a8b1-78c66134a397/datanode-4/data/ratis/1a05956d-fd15-4648-80cb-b028fe683de0 has been successfully formatted.
2019-08-20 14:12:17,447 [7508574d-b4c6-466d-85cb-c3f6c8793b7e:group-63A02D806C08:LeaderElection24] INFO  impl.LeaderElection (LeaderElection.java:askForVotes(181)) - 7508574d-b4c6-466d-85cb-c3f6c8793b7e:group-63A02D806C08:LeaderElection24: begin an election at term 3 for -1: [385763eb-e39a-4704-9617-4fe83a8f4873:192.168.69.96:38476, f54a9d9a-91ad-45d4-b513-3f5ec3046002:192.168.69.96:37332, 7508574d-b4c6-466d-85cb-c3f6c8793b7e:192.168.69.96:35557], old=null
2019-08-20 14:12:17,446 [f54a9d9a-91ad-45d4-b513-3f5ec3046002:group-63A02D806C08:LeaderElection25] INFO  impl.LeaderElection (LeaderElection.java:askForVotes(181)) - f54a9d9a-91ad-45d4-b513-3f5ec3046002:group-63A02D806C08:LeaderElection25: begin an election at term 3 for -1: [385763eb-e39a-4704-9617-4fe83a8f4873:192.168.69.96:38476, f54a9d9a-91ad-45d4-b513-3f5ec3046002:192.168.69.96:37332, 7508574d-b4c6-466d-85cb-c3f6c8793b7e:192.168.69.96:35557], old=null
2019-08-20 14:12:17,447 [pool-206-thread-1] INFO  ratis.ContainerStateMachine (ContainerStateMachine.java:loadSnapshot(222)) - group-B028FE683DE0: The snapshot info is null. Setting the last applied indexto:(t:0, i:~)
2019-08-20 14:12:17,447 [7508574d-b4c6-466d-85cb-c3f6c8793b7e:group-1FE4ACDC190E:LeaderElection28] INFO  impl.LeaderElection (LeaderElection.java:askForVotes(181)) - 7508574d-b4c6-466d-85cb-c3f6c8793b7e:group-1FE4ACDC190E:LeaderElection28: begin an election at term 1 for -1: [385763eb-e39a-4704-9617-4fe83a8f4873:192.168.69.96:38476, f54a9d9a-91ad-45d4-b513-3f5ec3046002:192.168.69.96:37332, 7508574d-b4c6-466d-85cb-c3f6c8793b7e:192.168.69.96:35557], old=null
2019-08-20 14:12:17,446 [385763eb-e39a-4704-9617-4fe83a8f4873:group-63A02D806C08:LeaderElection31] INFO  impl.LeaderElection (LeaderElection.java:askForVotes(181)) - 385763eb-e39a-4704-9617-4fe83a8f4873:group-63A02D806C08:LeaderElection31: begin an election at term 3 for -1: [385763eb-e39a-4704-9617-4fe83a8f4873:192.168.69.96:38476, f54a9d9a-91ad-45d4-b513-3f5ec3046002:192.168.69.96:37332, 7508574d-b4c6-466d-85cb-c3f6c8793b7e:192.168.69.96:35557], old=null
2019-08-20 14:12:17,446 [f54a9d9a-91ad-45d4-b513-3f5ec3046002:group-1FE4ACDC190E:LeaderElection29] INFO  impl.LeaderElection (LeaderElection.java:askForVotes(181)) - f54a9d9a-91ad-45d4-b513-3f5ec3046002:group-1FE4ACDC190E:LeaderElection29: begin an election at term 1 for -1: [385763eb-e39a-4704-9617-4fe83a8f4873:192.168.69.96:38476, f54a9d9a-91ad-45d4-b513-3f5ec3046002:192.168.69.96:37332, 7508574d-b4c6-466d-85cb-c3f6c8793b7e:192.168.69.96:35557], old=null
2019-08-20 14:12:17,447 [pool-206-thread-1] INFO  server.RaftServerConfigKeys (ConfUtils.java:logGet(43)) - raft.server.leader.election.timeout = 120s (custom)
2019-08-20 14:12:17,448 [pool-206-thread-1] INFO  server.RaftServerConfigKeys (ConfUtils.java:logGet(43)) - raft.server.log.use.memory = false (default)
2019-08-20 14:12:17,448 [pool-206-thread-1] INFO  server.RaftServerConfigKeys (ConfUtils.java:logGet(43)) - raft.server.log.purge.gap = 1000000 (custom)
2019-08-20 14:12:17,448 [pool-206-thread-1] INFO  server.RaftServerConfigKeys (ConfUtils.java:logGet(43)) - raft.server.log.appender.buffer.byte-limit = 33554432 (custom)
2019-08-20 14:12:17,448 [385763eb-e39a-4704-9617-4fe83a8f4873:group-63A02D806C08:LeaderElection31] INFO  impl.LeaderElection (LeaderElection.java:logAndReturn(56)) - 385763eb-e39a-4704-9617-4fe83a8f4873:group-63A02D806C08:LeaderElection31: Election REJECTED; received 0 response(s) [] and 0 exception(s); 385763eb-e39a-4704-9617-4fe83a8f4873:t3, leader=null, voted=385763eb-e39a-4704-9617-4fe83a8f4873, raftlog=385763eb-e39a-4704-9617-4fe83a8f4873-SegmentedRaftLog:OPENED:c-1,f-1,i0, conf=-1: [385763eb-e39a-4704-9617-4fe83a8f4873:192.168.69.96:38476, f54a9d9a-91ad-45d4-b513-3f5ec3046002:192.168.69.96:37332, 7508574d-b4c6-466d-85cb-c3f6c8793b7e:192.168.69.96:35557], old=null
2019-08-20 14:12:17,448 [pool-206-thread-1] INFO  server.RaftServerConfigKeys (ConfUtils.java:logGet(43)) - raft.server.log.segment.size.max = 1048576 (custom)
2019-08-20 14:12:17,451 [pool-206-thread-1] INFO  server.RaftServerConfigKeys (ConfUtils.java:logGet(43)) - raft.server.log.segment.cache.num.max = 2 (custom)
2019-08-20 14:12:17,451 [pool-206-thread-1] INFO  segmented.SegmentedRaftLogWorker (SegmentedRaftLogWorker.java:<init>(172)) - new 385763eb-e39a-4704-9617-4fe83a8f4873-SegmentedRaftLogWorker:Storage Directory /workdir/hadoop-ozone/integration-test/target/test-dir/MiniOzoneClusterImpl-d741eabc-a61f-4873-a8b1-78c66134a397/datanode-4/data/ratis/1a05956d-fd15-4648-80cb-b028fe683de0 for RaftStorage:Storage Directory /workdir/hadoop-ozone/integration-test/target/test-dir/MiniOzoneClusterImpl-d741eabc-a61f-4873-a8b1-78c66134a397/datanode-4/data/ratis/1a05956d-fd15-4648-80cb-b028fe683de0
2019-08-20 14:12:17,451 [pool-206-thread-1] INFO  server.RaftServerConfigKeys (ConfUtils.java:logGet(43)) - raft.server.log.queue.byte-limit = 2147483647 (custom)
2019-08-20 14:12:17,451 [pool-206-thread-1] INFO  server.RaftServerConfigKeys (ConfUtils.java:logGet(43)) - raft.server.log.queue.element-limit = 1024 (custom)
2019-08-20 14:12:17,451 [pool-206-thread-1] INFO  server.RaftServerConfigKeys (ConfUtils.java:logGet(43)) - raft.server.log.segment.size.max = 1048576 (custom)
2019-08-20 14:12:17,452 [pool-206-thread-1] INFO  server.RaftServerConfigKeys (ConfUtils.java:logGet(43)) - raft.server.log.preallocated.size = 16384 (custom)
2019-08-20 14:12:17,452 [pool-206-thread-1] INFO  server.RaftServerConfigKeys (ConfUtils.java:logGet(43)) - raft.server.log.write.buffer.size = 33554432 (custom)
2019-08-20 14:12:17,452 [pool-206-thread-1] INFO  server.RaftServerConfigKeys (ConfUtils.java:logGet(43)) - raft.server.log.force.sync.num = 128 (default)
2019-08-20 14:12:17,452 [pool-206-thread-1] INFO  server.RaftServerConfigKeys (ConfUtils.java:logGet(43)) - raft.server.log.statemachine.data.sync = true (default)
2019-08-20 14:12:17,452 [pool-206-thread-1] INFO  server.RaftServerConfigKeys (ConfUtils.java:logGet(43)) - raft.server.log.statemachine.data.sync.timeout = 10s (default)
2019-08-20 14:12:17,452 [pool-206-thread-1] INFO  server.RaftServerConfigKeys (ConfUtils.java:logGet(43)) - raft.server.log.statemachine.data.sync.timeout.retry = -1 (default)
2019-08-20 14:12:17,459 [pool-206-thread-1] INFO  server.RaftServerConfigKeys (ConfUtils.java:logGet(43)) - raft.server.log.statemachine.data.caching.enabled = true (custom)
2019-08-20 14:12:17,459 [pool-206-thread-1] INFO  segmented.SegmentedRaftLogWorker (SegmentedRaftLogWorker.java:lambda$new$0(132)) - 385763eb-e39a-4704-9617-4fe83a8f4873-SegmentedRaftLogWorker:Storage Directory /workdir/hadoop-ozone/integration-test/target/test-dir/MiniOzoneClusterImpl-d741eabc-a61f-4873-a8b1-78c66134a397/datanode-4/data/ratis/1a05956d-fd15-4648-80cb-b028fe683de0: flushIndex: setUnconditionally 0 -> -1
2019-08-20 14:12:17,460 [pool-206-thread-1] INFO  server.RaftServerConfigKeys (ConfUtils.java:logGet(43)) - raft.server.snapshot.auto.trigger.enabled = true (custom)
2019-08-20 14:12:17,460 [pool-206-thread-1] INFO  server.RaftServerConfigKeys (ConfUtils.java:logGet(43)) - raft.server.snapshot.auto.trigger.threshold = 10000 (custom)
2019-08-20 14:12:17,460 [grpc-default-executor-3] WARN  server.GrpcServerProtocolService (LogUtils.java:warn(134)) - 385763eb-e39a-4704-9617-4fe83a8f4873: Failed requestVote f54a9d9a-91ad-45d4-b513-3f5ec3046002->385763eb-e39a-4704-9617-4fe83a8f4873#0: org.apache.ratis.protocol.ServerNotReadyException: Server 385763eb-e39a-4704-9617-4fe83a8f4873 is not [RUNNING]: current state is NEW
2019-08-20 14:12:17,465 [pool-206-thread-1] INFO  server.RaftServerConfigKeys (ConfUtils.java:logGet(43)) - raft.server.retrycache.expirytime = 600000ms (custom)
2019-08-20 14:12:17,467 [pool-206-thread-1] INFO  impl.RaftServerImpl (RaftServerImpl.java:start(180)) - 385763eb-e39a-4704-9617-4fe83a8f4873: start group-1529C64FC94B
2019-08-20 14:12:17,467 [grpc-default-executor-1] WARN  server.GrpcServerProtocolService (LogUtils.java:warn(134)) - 385763eb-e39a-4704-9617-4fe83a8f4873: Failed requestVote f54a9d9a-91ad-45d4-b513-3f5ec3046002->385763eb-e39a-4704-9617-4fe83a8f4873#0: org.apache.ratis.protocol.ServerNotReadyException: Server 385763eb-e39a-4704-9617-4fe83a8f4873 is not [RUNNING]: current state is NEW
2019-08-20 14:12:17,467 [pool-206-thread-1] INFO  impl.RaftServerImpl (RaftServerImpl.java:setRole(171)) - 385763eb-e39a-4704-9617-4fe83a8f4873:group-1529C64FC94B changes role from null to FOLLOWER at term 0 for startAsFollower
2019-08-20 14:12:17,477 | INFO  | SCMAudit | user=jenkins1000 | ip=192.168.69.96 | op=SEND_HEARTBEAT {datanodeUUID=85238e17-2af5-4085-b5cc-473b32345742, command=[]} | ret=SUCCESS |  
2019-08-20 14:12:17,468 [pool-206-thread-1] INFO  impl.RoleInfo (RoleInfo.java:updateAndGet(143)) - 385763eb-e39a-4704-9617-4fe83a8f4873: start FollowerState
2019-08-20 14:12:17,489 [pool-206-thread-1] INFO  util.JmxRegister (JmxRegister.java:tryRegister(44)) - Successfully registered JMX Bean with object name Ratis:service=RaftServer,group=group-1529C64FC94B,id=385763eb-e39a-4704-9617-4fe83a8f4873
2019-08-20 14:12:17,490 [pool-206-thread-1] INFO  impl.RaftServerImpl (RaftServerImpl.java:start(180)) - 385763eb-e39a-4704-9617-4fe83a8f4873: start group-1FE4ACDC190E
2019-08-20 14:12:17,490 [pool-206-thread-1] INFO  impl.RaftServerImpl (RaftServerImpl.java:setRole(171)) - 385763eb-e39a-4704-9617-4fe83a8f4873:group-1FE4ACDC190E changes role from null to FOLLOWER at term 0 for startAsFollower
2019-08-20 14:12:17,491 [f54a9d9a-91ad-45d4-b513-3f5ec3046002:group-63A02D806C08:LeaderElection25] INFO  impl.LeaderElection (LeaderElection.java:logAndReturn(56)) - f54a9d9a-91ad-45d4-b513-3f5ec3046002:group-63A02D806C08:LeaderElection25: Election REJECTED; received 2 response(s) [f54a9d9a-91ad-45d4-b513-3f5ec3046002<-385763eb-e39a-4704-9617-4fe83a8f4873#0:FAIL-t3, f54a9d9a-91ad-45d4-b513-3f5ec3046002<-7508574d-b4c6-466d-85cb-c3f6c8793b7e#0:FAIL-t3] and 0 exception(s); f54a9d9a-91ad-45d4-b513-3f5ec3046002:t3, leader=null, voted=f54a9d9a-91ad-45d4-b513-3f5ec3046002, raftlog=f54a9d9a-91ad-45d4-b513-3f5ec3046002-SegmentedRaftLog:OPENED:c-1,f-1,i0, conf=-1: [385763eb-e39a-4704-9617-4fe83a8f4873:192.168.69.96:38476, f54a9d9a-91ad-45d4-b513-3f5ec3046002:192.168.69.96:37332, 7508574d-b4c6-466d-85cb-c3f6c8793b7e:192.168.69.96:35557], old=null
2019-08-20 14:12:17,491 [f54a9d9a-91ad-45d4-b513-3f5ec3046002:group-63A02D806C08:LeaderElection25] INFO  impl.RaftServerImpl (RaftServerImpl.java:setRole(171)) - f54a9d9a-91ad-45d4-b513-3f5ec3046002:group-63A02D806C08 changes role from CANDIDATE to FOLLOWER at term 3 for DISCOVERED_A_NEW_TERM
2019-08-20 14:12:17,491 [f54a9d9a-91ad-45d4-b513-3f5ec3046002:group-63A02D806C08:LeaderElection25] INFO  impl.RoleInfo (RoleInfo.java:shutdownLeaderElection(134)) - f54a9d9a-91ad-45d4-b513-3f5ec3046002: shutdown LeaderElection
2019-08-20 14:12:17,491 [f54a9d9a-91ad-45d4-b513-3f5ec3046002:group-63A02D806C08:LeaderElection25] INFO  impl.RoleInfo (RoleInfo.java:updateAndGet(143)) - f54a9d9a-91ad-45d4-b513-3f5ec3046002: start FollowerState
2019-08-20 14:12:17,491 [pool-206-thread-1] INFO  impl.RoleInfo (RoleInfo.java:updateAndGet(143)) - 385763eb-e39a-4704-9617-4fe83a8f4873: start FollowerState
2019-08-20 14:12:17,493 [f54a9d9a-91ad-45d4-b513-3f5ec3046002:group-B028FE683DE0:LeaderElection27] INFO  impl.LeaderElection (LogUtils.java:infoOrTrace(149)) - f54a9d9a-91ad-45d4-b513-3f5ec3046002:group-B028FE683DE0:LeaderElection27 got exception when requesting votes: {}
java.util.concurrent.ExecutionException: org.apache.ratis.thirdparty.io.grpc.StatusRuntimeException: INTERNAL: Server 385763eb-e39a-4704-9617-4fe83a8f4873 is not [RUNNING]: current state is NEW
	at java.util.concurrent.FutureTask.report(FutureTask.java:122)
	at java.util.concurrent.FutureTask.get(FutureTask.java:192)
	at org.apache.ratis.server.impl.LeaderElection.waitForResults(LeaderElection.java:262)
	at org.apache.ratis.server.impl.LeaderElection.askForVotes(LeaderElection.java:200)
	at org.apache.ratis.server.impl.LeaderElection.run(LeaderElection.java:130)
	at java.lang.Thread.run(Thread.java:748)
Caused by: org.apache.ratis.thirdparty.io.grpc.StatusRuntimeException: INTERNAL: Server 385763eb-e39a-4704-9617-4fe83a8f4873 is not [RUNNING]: current state is NEW
	at org.apache.ratis.thirdparty.io.grpc.stub.ClientCalls.toStatusRuntimeException(ClientCalls.java:233)
	at org.apache.ratis.thirdparty.io.grpc.stub.ClientCalls.getUnchecked(ClientCalls.java:214)
	at org.apache.ratis.thirdparty.io.grpc.stub.ClientCalls.blockingUnaryCall(ClientCalls.java:139)
	at org.apache.ratis.proto.grpc.RaftServerProtocolServiceGrpc$RaftServerProtocolServiceBlockingStub.requestVote(RaftServerProtocolServiceGrpc.java:265)
	at org.apache.ratis.grpc.server.GrpcServerProtocolClient.requestVote(GrpcServerProtocolClient.java:83)
	at org.apache.ratis.grpc.server.GrpcService.requestVote(GrpcService.java:195)
	at org.apache.ratis.server.impl.LeaderElection.lambda$submitRequests$1(LeaderElection.java:237)
	at java.util.concurrent.FutureTask.run(FutureTask.java:266)
	at java.util.concurrent.Executors$RunnableAdapter.call(Executors.java:511)
	at java.util.concurrent.FutureTask.run(FutureTask.java:266)
	at java.util.concurrent.ThreadPoolExecutor.runWorker(ThreadPoolExecutor.java:1149)
	at java.util.concurrent.ThreadPoolExecutor$Worker.run(ThreadPoolExecutor.java:624)
	... 1 more
2019-08-20 14:12:17,502 [7508574d-b4c6-466d-85cb-c3f6c8793b7e:group-63A02D806C08:LeaderElection24] INFO  impl.LeaderElection (LeaderElection.java:logAndReturn(56)) - 7508574d-b4c6-466d-85cb-c3f6c8793b7e:group-63A02D806C08:LeaderElection24: Election REJECTED; received 2 response(s) [7508574d-b4c6-466d-85cb-c3f6c8793b7e<-385763eb-e39a-4704-9617-4fe83a8f4873#0:FAIL-t3, 7508574d-b4c6-466d-85cb-c3f6c8793b7e<-f54a9d9a-91ad-45d4-b513-3f5ec3046002#0:FAIL-t3] and 0 exception(s); 7508574d-b4c6-466d-85cb-c3f6c8793b7e:t3, leader=null, voted=7508574d-b4c6-466d-85cb-c3f6c8793b7e, raftlog=7508574d-b4c6-466d-85cb-c3f6c8793b7e-SegmentedRaftLog:OPENED:c-1,f-1,i0, conf=-1: [385763eb-e39a-4704-9617-4fe83a8f4873:192.168.69.96:38476, f54a9d9a-91ad-45d4-b513-3f5ec3046002:192.168.69.96:37332, 7508574d-b4c6-466d-85cb-c3f6c8793b7e:192.168.69.96:35557], old=null
2019-08-20 14:12:17,501 [grpc-default-executor-9] INFO  impl.RaftServerImpl (RaftServerImpl.java:setRole(171)) - 385763eb-e39a-4704-9617-4fe83a8f4873:group-1FE4ACDC190E changes role from FOLLOWER to FOLLOWER at term 1 for recognizeCandidate:7508574d-b4c6-466d-85cb-c3f6c8793b7e
2019-08-20 14:12:17,501 [f54a9d9a-91ad-45d4-b513-3f5ec3046002:group-1FE4ACDC190E:LeaderElection29] INFO  impl.LeaderElection (LogUtils.java:infoOrTrace(149)) - f54a9d9a-91ad-45d4-b513-3f5ec3046002:group-1FE4ACDC190E:LeaderElection29 got exception when requesting votes: {}
java.util.concurrent.ExecutionException: org.apache.ratis.thirdparty.io.grpc.StatusRuntimeException: INTERNAL: Server 385763eb-e39a-4704-9617-4fe83a8f4873 is not [RUNNING]: current state is NEW
	at java.util.concurrent.FutureTask.report(FutureTask.java:122)
	at java.util.concurrent.FutureTask.get(FutureTask.java:192)
	at org.apache.ratis.server.impl.LeaderElection.waitForResults(LeaderElection.java:262)
	at org.apache.ratis.server.impl.LeaderElection.askForVotes(LeaderElection.java:200)
	at org.apache.ratis.server.impl.LeaderElection.run(LeaderElection.java:130)
	at java.lang.Thread.run(Thread.java:748)
Caused by: org.apache.ratis.thirdparty.io.grpc.StatusRuntimeException: INTERNAL: Server 385763eb-e39a-4704-9617-4fe83a8f4873 is not [RUNNING]: current state is NEW
	at org.apache.ratis.thirdparty.io.grpc.stub.ClientCalls.toStatusRuntimeException(ClientCalls.java:233)
	at org.apache.ratis.thirdparty.io.grpc.stub.ClientCalls.getUnchecked(ClientCalls.java:214)
	at org.apache.ratis.thirdparty.io.grpc.stub.ClientCalls.blockingUnaryCall(ClientCalls.java:139)
	at org.apache.ratis.proto.grpc.RaftServerProtocolServiceGrpc$RaftServerProtocolServiceBlockingStub.requestVote(RaftServerProtocolServiceGrpc.java:265)
	at org.apache.ratis.grpc.server.GrpcServerProtocolClient.requestVote(GrpcServerProtocolClient.java:83)
	at org.apache.ratis.grpc.server.GrpcService.requestVote(GrpcService.java:195)
	at org.apache.ratis.server.impl.LeaderElection.lambda$submitRequests$1(LeaderElection.java:237)
	at java.util.concurrent.FutureTask.run(FutureTask.java:266)
	at java.util.concurrent.Executors$RunnableAdapter.call(Executors.java:511)
	at java.util.concurrent.FutureTask.run(FutureTask.java:266)
	at java.util.concurrent.ThreadPoolExecutor.runWorker(ThreadPoolExecutor.java:1149)
	at java.util.concurrent.ThreadPoolExecutor$Worker.run(ThreadPoolExecutor.java:624)
	... 1 more
2019-08-20 14:12:17,493 [grpc-default-executor-6] WARN  server.GrpcServerProtocolService (LogUtils.java:warn(134)) - 385763eb-e39a-4704-9617-4fe83a8f4873: Failed requestVote 7508574d-b4c6-466d-85cb-c3f6c8793b7e->385763eb-e39a-4704-9617-4fe83a8f4873#0: org.apache.ratis.protocol.ServerNotReadyException: Server 385763eb-e39a-4704-9617-4fe83a8f4873 is not [RUNNING]: current state is NEW
2019-08-20 14:12:17,493 [pool-206-thread-1] INFO  util.JmxRegister (JmxRegister.java:tryRegister(44)) - Successfully registered JMX Bean with object name Ratis:service=RaftServer,group=group-1FE4ACDC190E,id=385763eb-e39a-4704-9617-4fe83a8f4873
2019-08-20 14:12:17,512 [f54a9d9a-91ad-45d4-b513-3f5ec3046002:group-1FE4ACDC190E:LeaderElection29] INFO  impl.LeaderElection (LeaderElection.java:logAndReturn(56)) - f54a9d9a-91ad-45d4-b513-3f5ec3046002:group-1FE4ACDC190E:LeaderElection29: Election REJECTED; received 1 response(s) [f54a9d9a-91ad-45d4-b513-3f5ec3046002<-7508574d-b4c6-466d-85cb-c3f6c8793b7e#0:FAIL-t1] and 1 exception(s); f54a9d9a-91ad-45d4-b513-3f5ec3046002:t1, leader=null, voted=f54a9d9a-91ad-45d4-b513-3f5ec3046002, raftlog=f54a9d9a-91ad-45d4-b513-3f5ec3046002-SegmentedRaftLog:OPENED:c-1,f-1,i0, conf=-1: [385763eb-e39a-4704-9617-4fe83a8f4873:192.168.69.96:38476, f54a9d9a-91ad-45d4-b513-3f5ec3046002:192.168.69.96:37332, 7508574d-b4c6-466d-85cb-c3f6c8793b7e:192.168.69.96:35557], old=null
2019-08-20 14:12:17,510 [grpc-default-executor-9] INFO  impl.RoleInfo (RoleInfo.java:shutdownFollowerState(121)) - 385763eb-e39a-4704-9617-4fe83a8f4873: shutdown FollowerState
2019-08-20 14:12:17,509 [7508574d-b4c6-466d-85cb-c3f6c8793b7e:group-63A02D806C08:LeaderElection24] INFO  impl.RaftServerImpl (RaftServerImpl.java:setRole(171)) - 7508574d-b4c6-466d-85cb-c3f6c8793b7e:group-63A02D806C08 changes role from CANDIDATE to FOLLOWER at term 3 for DISCOVERED_A_NEW_TERM
2019-08-20 14:12:17,512 [7508574d-b4c6-466d-85cb-c3f6c8793b7e:group-63A02D806C08:LeaderElection24] INFO  impl.RoleInfo (RoleInfo.java:shutdownLeaderElection(134)) - 7508574d-b4c6-466d-85cb-c3f6c8793b7e: shutdown LeaderElection
2019-08-20 14:12:17,513 [Thread-1312] INFO  impl.FollowerState (FollowerState.java:run(114)) - 385763eb-e39a-4704-9617-4fe83a8f4873: FollowerState was interrupted: java.lang.InterruptedException: sleep interrupted
2019-08-20 14:12:17,509 [f54a9d9a-91ad-45d4-b513-3f5ec3046002:group-B028FE683DE0:LeaderElection27] INFO  impl.LeaderElection (LeaderElection.java:logAndReturn(56)) - f54a9d9a-91ad-45d4-b513-3f5ec3046002:group-B028FE683DE0:LeaderElection27: Election REJECTED; received 1 response(s) [f54a9d9a-91ad-45d4-b513-3f5ec3046002<-7508574d-b4c6-466d-85cb-c3f6c8793b7e#0:FAIL-t1] and 1 exception(s); f54a9d9a-91ad-45d4-b513-3f5ec3046002:t1, leader=null, voted=f54a9d9a-91ad-45d4-b513-3f5ec3046002, raftlog=f54a9d9a-91ad-45d4-b513-3f5ec3046002-SegmentedRaftLog:OPENED:c-1,f-1,i0, conf=-1: [385763eb-e39a-4704-9617-4fe83a8f4873:192.168.69.96:38476, f54a9d9a-91ad-45d4-b513-3f5ec3046002:192.168.69.96:37332, 7508574d-b4c6-466d-85cb-c3f6c8793b7e:192.168.69.96:35557], old=null
2019-08-20 14:12:17,513 [7508574d-b4c6-466d-85cb-c3f6c8793b7e:group-63A02D806C08:LeaderElection24] INFO  impl.RoleInfo (RoleInfo.java:updateAndGet(143)) - 7508574d-b4c6-466d-85cb-c3f6c8793b7e: start FollowerState
2019-08-20 14:12:17,512 [pool-206-thread-1] INFO  impl.RaftServerImpl (RaftServerImpl.java:start(180)) - 385763eb-e39a-4704-9617-4fe83a8f4873: start group-B028FE683DE0
2019-08-20 14:12:17,515 [pool-206-thread-1] INFO  impl.RaftServerImpl (RaftServerImpl.java:setRole(171)) - 385763eb-e39a-4704-9617-4fe83a8f4873:group-B028FE683DE0 changes role from null to FOLLOWER at term 0 for startAsFollower
2019-08-20 14:12:17,515 [pool-206-thread-1] INFO  impl.RoleInfo (RoleInfo.java:updateAndGet(143)) - 385763eb-e39a-4704-9617-4fe83a8f4873: start FollowerState
2019-08-20 14:12:17,512 [grpc-default-executor-9] INFO  impl.RoleInfo (RoleInfo.java:updateAndGet(143)) - 385763eb-e39a-4704-9617-4fe83a8f4873: start FollowerState
2019-08-20 14:12:17,512 [f54a9d9a-91ad-45d4-b513-3f5ec3046002:group-1FE4ACDC190E:LeaderElection29] INFO  impl.LeaderElection (LogUtils.java:infoOrTrace(149)) -   Exception 0: {}
java.util.concurrent.ExecutionException: org.apache.ratis.thirdparty.io.grpc.StatusRuntimeException: INTERNAL: Server 385763eb-e39a-4704-9617-4fe83a8f4873 is not [RUNNING]: current state is NEW
	at java.util.concurrent.FutureTask.report(FutureTask.java:122)
	at java.util.concurrent.FutureTask.get(FutureTask.java:192)
	at org.apache.ratis.server.impl.LeaderElection.waitForResults(LeaderElection.java:262)
	at org.apache.ratis.server.impl.LeaderElection.askForVotes(LeaderElection.java:200)
	at org.apache.ratis.server.impl.LeaderElection.run(LeaderElection.java:130)
	at java.lang.Thread.run(Thread.java:748)
Caused by: org.apache.ratis.thirdparty.io.grpc.StatusRuntimeException: INTERNAL: Server 385763eb-e39a-4704-9617-4fe83a8f4873 is not [RUNNING]: current state is NEW
	at org.apache.ratis.thirdparty.io.grpc.stub.ClientCalls.toStatusRuntimeException(ClientCalls.java:233)
	at org.apache.ratis.thirdparty.io.grpc.stub.ClientCalls.getUnchecked(ClientCalls.java:214)
	at org.apache.ratis.thirdparty.io.grpc.stub.ClientCalls.blockingUnaryCall(ClientCalls.java:139)
	at org.apache.ratis.proto.grpc.RaftServerProtocolServiceGrpc$RaftServerProtocolServiceBlockingStub.requestVote(RaftServerProtocolServiceGrpc.java:265)
	at org.apache.ratis.grpc.server.GrpcServerProtocolClient.requestVote(GrpcServerProtocolClient.java:83)
	at org.apache.ratis.grpc.server.GrpcService.requestVote(GrpcService.java:195)
	at org.apache.ratis.server.impl.LeaderElection.lambda$submitRequests$1(LeaderElection.java:237)
	at java.util.concurrent.FutureTask.run(FutureTask.java:266)
	at java.util.concurrent.Executors$RunnableAdapter.call(Executors.java:511)
	at java.util.concurrent.FutureTask.run(FutureTask.java:266)
	at java.util.concurrent.ThreadPoolExecutor.runWorker(ThreadPoolExecutor.java:1149)
	at java.util.concurrent.ThreadPoolExecutor$Worker.run(ThreadPoolExecutor.java:624)
	... 1 more
2019-08-20 14:12:17,516 [pool-206-thread-1] INFO  util.JmxRegister (JmxRegister.java:tryRegister(44)) - Successfully registered JMX Bean with object name Ratis:service=RaftServer,group=group-B028FE683DE0,id=385763eb-e39a-4704-9617-4fe83a8f4873
2019-08-20 14:12:17,515 [f54a9d9a-91ad-45d4-b513-3f5ec3046002:group-B028FE683DE0:LeaderElection27] INFO  impl.LeaderElection (LogUtils.java:infoOrTrace(149)) -   Exception 0: {}
java.util.concurrent.ExecutionException: org.apache.ratis.thirdparty.io.grpc.StatusRuntimeException: INTERNAL: Server 385763eb-e39a-4704-9617-4fe83a8f4873 is not [RUNNING]: current state is NEW
	at java.util.concurrent.FutureTask.report(FutureTask.java:122)
	at java.util.concurrent.FutureTask.get(FutureTask.java:192)
	at org.apache.ratis.server.impl.LeaderElection.waitForResults(LeaderElection.java:262)
	at org.apache.ratis.server.impl.LeaderElection.askForVotes(LeaderElection.java:200)
	at org.apache.ratis.server.impl.LeaderElection.run(LeaderElection.java:130)
	at java.lang.Thread.run(Thread.java:748)
Caused by: org.apache.ratis.thirdparty.io.grpc.StatusRuntimeException: INTERNAL: Server 385763eb-e39a-4704-9617-4fe83a8f4873 is not [RUNNING]: current state is NEW
	at org.apache.ratis.thirdparty.io.grpc.stub.ClientCalls.toStatusRuntimeException(ClientCalls.java:233)
	at org.apache.ratis.thirdparty.io.grpc.stub.ClientCalls.getUnchecked(ClientCalls.java:214)
	at org.apache.ratis.thirdparty.io.grpc.stub.ClientCalls.blockingUnaryCall(ClientCalls.java:139)
	at org.apache.ratis.proto.grpc.RaftServerProtocolServiceGrpc$RaftServerProtocolServiceBlockingStub.requestVote(RaftServerProtocolServiceGrpc.java:265)
	at org.apache.ratis.grpc.server.GrpcServerProtocolClient.requestVote(GrpcServerProtocolClient.java:83)
	at org.apache.ratis.grpc.server.GrpcService.requestVote(GrpcService.java:195)
	at org.apache.ratis.server.impl.LeaderElection.lambda$submitRequests$1(LeaderElection.java:237)
	at java.util.concurrent.FutureTask.run(FutureTask.java:266)
	at java.util.concurrent.Executors$RunnableAdapter.call(Executors.java:511)
	at java.util.concurrent.FutureTask.run(FutureTask.java:266)
	at java.util.concurrent.ThreadPoolExecutor.runWorker(ThreadPoolExecutor.java:1149)
	at java.util.concurrent.ThreadPoolExecutor$Worker.run(ThreadPoolExecutor.java:624)
	... 1 more
2019-08-20 14:12:17,516 [f54a9d9a-91ad-45d4-b513-3f5ec3046002:group-1FE4ACDC190E:LeaderElection29] INFO  impl.RaftServerImpl (RaftServerImpl.java:setRole(171)) - f54a9d9a-91ad-45d4-b513-3f5ec3046002:group-1FE4ACDC190E changes role from CANDIDATE to FOLLOWER at term 1 for DISCOVERED_A_NEW_TERM
2019-08-20 14:12:17,517 [f54a9d9a-91ad-45d4-b513-3f5ec3046002:group-B028FE683DE0:LeaderElection27] INFO  impl.RaftServerImpl (RaftServerImpl.java:setRole(171)) - f54a9d9a-91ad-45d4-b513-3f5ec3046002:group-B028FE683DE0 changes role from CANDIDATE to FOLLOWER at term 1 for DISCOVERED_A_NEW_TERM
2019-08-20 14:12:17,517 [f54a9d9a-91ad-45d4-b513-3f5ec3046002:group-1FE4ACDC190E:LeaderElection29] INFO  impl.RoleInfo (RoleInfo.java:shutdownLeaderElection(134)) - f54a9d9a-91ad-45d4-b513-3f5ec3046002: shutdown LeaderElection
2019-08-20 14:12:17,517 [7508574d-b4c6-466d-85cb-c3f6c8793b7e:group-B028FE683DE0:LeaderElection30] INFO  impl.LeaderElection (LogUtils.java:infoOrTrace(149)) - 7508574d-b4c6-466d-85cb-c3f6c8793b7e:group-B028FE683DE0:LeaderElection30 got exception when requesting votes: {}
java.util.concurrent.ExecutionException: org.apache.ratis.thirdparty.io.grpc.StatusRuntimeException: INTERNAL: Server 385763eb-e39a-4704-9617-4fe83a8f4873 is not [RUNNING]: current state is NEW
	at java.util.concurrent.FutureTask.report(FutureTask.java:122)
	at java.util.concurrent.FutureTask.get(FutureTask.java:192)
	at org.apache.ratis.server.impl.LeaderElection.waitForResults(LeaderElection.java:262)
	at org.apache.ratis.server.impl.LeaderElection.askForVotes(LeaderElection.java:200)
	at org.apache.ratis.server.impl.LeaderElection.run(LeaderElection.java:130)
	at java.lang.Thread.run(Thread.java:748)
Caused by: org.apache.ratis.thirdparty.io.grpc.StatusRuntimeException: INTERNAL: Server 385763eb-e39a-4704-9617-4fe83a8f4873 is not [RUNNING]: current state is NEW
	at org.apache.ratis.thirdparty.io.grpc.stub.ClientCalls.toStatusRuntimeException(ClientCalls.java:233)
	at org.apache.ratis.thirdparty.io.grpc.stub.ClientCalls.getUnchecked(ClientCalls.java:214)
	at org.apache.ratis.thirdparty.io.grpc.stub.ClientCalls.blockingUnaryCall(ClientCalls.java:139)
	at org.apache.ratis.proto.grpc.RaftServerProtocolServiceGrpc$RaftServerProtocolServiceBlockingStub.requestVote(RaftServerProtocolServiceGrpc.java:265)
	at org.apache.ratis.grpc.server.GrpcServerProtocolClient.requestVote(GrpcServerProtocolClient.java:83)
	at org.apache.ratis.grpc.server.GrpcService.requestVote(GrpcService.java:195)
	at org.apache.ratis.server.impl.LeaderElection.lambda$submitRequests$1(LeaderElection.java:237)
	at java.util.concurrent.FutureTask.run(FutureTask.java:266)
	at java.util.concurrent.Executors$RunnableAdapter.call(Executors.java:511)
	at java.util.concurrent.FutureTask.run(FutureTask.java:266)
	at java.util.concurrent.ThreadPoolExecutor.runWorker(ThreadPoolExecutor.java:1149)
	at java.util.concurrent.ThreadPoolExecutor$Worker.run(ThreadPoolExecutor.java:624)
	... 1 more
2019-08-20 14:12:17,517 [f54a9d9a-91ad-45d4-b513-3f5ec3046002:group-B028FE683DE0:LeaderElection27] INFO  impl.RoleInfo (RoleInfo.java:shutdownLeaderElection(134)) - f54a9d9a-91ad-45d4-b513-3f5ec3046002: shutdown LeaderElection
2019-08-20 14:12:17,517 [f54a9d9a-91ad-45d4-b513-3f5ec3046002:group-1FE4ACDC190E:LeaderElection29] INFO  impl.RoleInfo (RoleInfo.java:updateAndGet(143)) - f54a9d9a-91ad-45d4-b513-3f5ec3046002: start FollowerState
2019-08-20 14:12:17,520 [f54a9d9a-91ad-45d4-b513-3f5ec3046002:group-B028FE683DE0:LeaderElection27] INFO  impl.RoleInfo (RoleInfo.java:updateAndGet(143)) - f54a9d9a-91ad-45d4-b513-3f5ec3046002: start FollowerState
2019-08-20 14:12:17,520 [7508574d-b4c6-466d-85cb-c3f6c8793b7e:group-B028FE683DE0:LeaderElection30] INFO  impl.LeaderElection (LeaderElection.java:logAndReturn(56)) - 7508574d-b4c6-466d-85cb-c3f6c8793b7e:group-B028FE683DE0:LeaderElection30: Election REJECTED; received 1 response(s) [7508574d-b4c6-466d-85cb-c3f6c8793b7e<-f54a9d9a-91ad-45d4-b513-3f5ec3046002#0:FAIL-t1] and 1 exception(s); 7508574d-b4c6-466d-85cb-c3f6c8793b7e:t1, leader=null, voted=7508574d-b4c6-466d-85cb-c3f6c8793b7e, raftlog=7508574d-b4c6-466d-85cb-c3f6c8793b7e-SegmentedRaftLog:OPENED:c-1,f-1,i0, conf=-1: [385763eb-e39a-4704-9617-4fe83a8f4873:192.168.69.96:38476, f54a9d9a-91ad-45d4-b513-3f5ec3046002:192.168.69.96:37332, 7508574d-b4c6-466d-85cb-c3f6c8793b7e:192.168.69.96:35557], old=null
2019-08-20 14:12:17,521 [7508574d-b4c6-466d-85cb-c3f6c8793b7e:group-B028FE683DE0:LeaderElection30] INFO  impl.LeaderElection (LogUtils.java:infoOrTrace(149)) -   Exception 0: {}
java.util.concurrent.ExecutionException: org.apache.ratis.thirdparty.io.grpc.StatusRuntimeException: INTERNAL: Server 385763eb-e39a-4704-9617-4fe83a8f4873 is not [RUNNING]: current state is NEW
	at java.util.concurrent.FutureTask.report(FutureTask.java:122)
	at java.util.concurrent.FutureTask.get(FutureTask.java:192)
	at org.apache.ratis.server.impl.LeaderElection.waitForResults(LeaderElection.java:262)
	at org.apache.ratis.server.impl.LeaderElection.askForVotes(LeaderElection.java:200)
	at org.apache.ratis.server.impl.LeaderElection.run(LeaderElection.java:130)
	at java.lang.Thread.run(Thread.java:748)
Caused by: org.apache.ratis.thirdparty.io.grpc.StatusRuntimeException: INTERNAL: Server 385763eb-e39a-4704-9617-4fe83a8f4873 is not [RUNNING]: current state is NEW
	at org.apache.ratis.thirdparty.io.grpc.stub.ClientCalls.toStatusRuntimeException(ClientCalls.java:233)
	at org.apache.ratis.thirdparty.io.grpc.stub.ClientCalls.getUnchecked(ClientCalls.java:214)
	at org.apache.ratis.thirdparty.io.grpc.stub.ClientCalls.blockingUnaryCall(ClientCalls.java:139)
	at org.apache.ratis.proto.grpc.RaftServerProtocolServiceGrpc$RaftServerProtocolServiceBlockingStub.requestVote(RaftServerProtocolServiceGrpc.java:265)
	at org.apache.ratis.grpc.server.GrpcServerProtocolClient.requestVote(GrpcServerProtocolClient.java:83)
	at org.apache.ratis.grpc.server.GrpcService.requestVote(GrpcService.java:195)
	at org.apache.ratis.server.impl.LeaderElection.lambda$submitRequests$1(LeaderElection.java:237)
	at java.util.concurrent.FutureTask.run(FutureTask.java:266)
	at java.util.concurrent.Executors$RunnableAdapter.call(Executors.java:511)
	at java.util.concurrent.FutureTask.run(FutureTask.java:266)
	at java.util.concurrent.ThreadPoolExecutor.runWorker(ThreadPoolExecutor.java:1149)
	at java.util.concurrent.ThreadPoolExecutor$Worker.run(ThreadPoolExecutor.java:624)
	... 1 more
2019-08-20 14:12:17,521 [7508574d-b4c6-466d-85cb-c3f6c8793b7e:group-B028FE683DE0:LeaderElection30] INFO  impl.RaftServerImpl (RaftServerImpl.java:setRole(171)) - 7508574d-b4c6-466d-85cb-c3f6c8793b7e:group-B028FE683DE0 changes role from CANDIDATE to FOLLOWER at term 1 for DISCOVERED_A_NEW_TERM
2019-08-20 14:12:17,521 [7508574d-b4c6-466d-85cb-c3f6c8793b7e:group-B028FE683DE0:LeaderElection30] INFO  impl.RoleInfo (RoleInfo.java:shutdownLeaderElection(134)) - 7508574d-b4c6-466d-85cb-c3f6c8793b7e: shutdown LeaderElection
2019-08-20 14:12:17,521 [7508574d-b4c6-466d-85cb-c3f6c8793b7e:group-B028FE683DE0:LeaderElection30] INFO  impl.RoleInfo (RoleInfo.java:updateAndGet(143)) - 7508574d-b4c6-466d-85cb-c3f6c8793b7e: start FollowerState
2019-08-20 14:12:17,561 | INFO  | SCMAudit | user=jenkins1000 | ip=192.168.69.96 | op=SEND_HEARTBEAT {datanodeUUID=f54a9d9a-91ad-45d4-b513-3f5ec3046002, command=[]} | ret=SUCCESS |  
2019-08-20 14:12:17,874 | INFO  | SCMAudit | user=jenkins1000 | ip=192.168.69.96 | op=SEND_HEARTBEAT {datanodeUUID=7508574d-b4c6-466d-85cb-c3f6c8793b7e, command=[]} | ret=SUCCESS |  
2019-08-20 14:12:18,162 [Thread-1294] INFO  impl.FollowerState (FollowerState.java:run(106)) - 385763eb-e39a-4704-9617-4fe83a8f4873:group-63A02D806C08 changes to CANDIDATE, lastRpcTime:1020, electionTimeout:1019ms
2019-08-20 14:12:18,162 [Thread-1294] INFO  impl.RoleInfo (RoleInfo.java:shutdownFollowerState(121)) - 385763eb-e39a-4704-9617-4fe83a8f4873: shutdown FollowerState
2019-08-20 14:12:18,163 [Thread-1294] INFO  impl.RaftServerImpl (RaftServerImpl.java:setRole(171)) - 385763eb-e39a-4704-9617-4fe83a8f4873:group-63A02D806C08 changes role from FOLLOWER to CANDIDATE at term 3 for changeToCandidate
2019-08-20 14:12:18,163 [Thread-1294] INFO  impl.RoleInfo (RoleInfo.java:updateAndGet(143)) - 385763eb-e39a-4704-9617-4fe83a8f4873: start LeaderElection
2019-08-20 14:12:18,280 | INFO  | SCMAudit | user=jenkins1000 | ip=192.168.69.96 | op=SEND_HEARTBEAT {datanodeUUID=385763eb-e39a-4704-9617-4fe83a8f4873, command=[]} | ret=SUCCESS |  
2019-08-20 14:12:18,459 [7508574d-b4c6-466d-85cb-c3f6c8793b7e:group-1FE4ACDC190E:LeaderElection28] INFO  impl.LeaderElection (LeaderElection.java:logAndReturn(56)) - 7508574d-b4c6-466d-85cb-c3f6c8793b7e:group-1FE4ACDC190E:LeaderElection28: Election TIMEOUT; received 1 response(s) [7508574d-b4c6-466d-85cb-c3f6c8793b7e<-f54a9d9a-91ad-45d4-b513-3f5ec3046002#0:FAIL-t1] and 0 exception(s); 7508574d-b4c6-466d-85cb-c3f6c8793b7e:t1, leader=null, voted=7508574d-b4c6-466d-85cb-c3f6c8793b7e, raftlog=7508574d-b4c6-466d-85cb-c3f6c8793b7e-SegmentedRaftLog:OPENED:c-1,f-1,i0, conf=-1: [385763eb-e39a-4704-9617-4fe83a8f4873:192.168.69.96:38476, f54a9d9a-91ad-45d4-b513-3f5ec3046002:192.168.69.96:37332, 7508574d-b4c6-466d-85cb-c3f6c8793b7e:192.168.69.96:35557], old=null
2019-08-20 14:12:18,467 | INFO  | SCMAudit | user=jenkins1000 | ip=192.168.69.96 | op=SEND_HEARTBEAT {datanodeUUID=85238e17-2af5-4085-b5cc-473b32345742, command=[]} | ret=SUCCESS |  
2019-08-20 14:12:18,561 | INFO  | SCMAudit | user=jenkins1000 | ip=192.168.69.96 | op=SEND_HEARTBEAT {datanodeUUID=f54a9d9a-91ad-45d4-b513-3f5ec3046002, command=[]} | ret=SUCCESS |  
2019-08-20 14:12:18,583 [Thread-1321] INFO  impl.FollowerState (FollowerState.java:run(106)) - 7508574d-b4c6-466d-85cb-c3f6c8793b7e:group-B028FE683DE0 changes to CANDIDATE, lastRpcTime:1062, electionTimeout:1062ms
2019-08-20 14:12:18,583 [Thread-1316] INFO  impl.FollowerState (FollowerState.java:run(106)) - 7508574d-b4c6-466d-85cb-c3f6c8793b7e:group-63A02D806C08 changes to CANDIDATE, lastRpcTime:1070, electionTimeout:1068ms
2019-08-20 14:12:18,584 [Thread-1321] INFO  impl.RoleInfo (RoleInfo.java:shutdownFollowerState(121)) - 7508574d-b4c6-466d-85cb-c3f6c8793b7e: shutdown FollowerState
2019-08-20 14:12:18,584 [Thread-1316] INFO  impl.RoleInfo (RoleInfo.java:shutdownFollowerState(121)) - 7508574d-b4c6-466d-85cb-c3f6c8793b7e: shutdown FollowerState
2019-08-20 14:12:18,584 [Thread-1321] INFO  impl.RaftServerImpl (RaftServerImpl.java:setRole(171)) - 7508574d-b4c6-466d-85cb-c3f6c8793b7e:group-B028FE683DE0 changes role from FOLLOWER to CANDIDATE at term 1 for changeToCandidate
2019-08-20 14:12:18,584 [Thread-1316] INFO  impl.RaftServerImpl (RaftServerImpl.java:setRole(171)) - 7508574d-b4c6-466d-85cb-c3f6c8793b7e:group-63A02D806C08 changes role from FOLLOWER to CANDIDATE at term 3 for changeToCandidate
2019-08-20 14:12:18,584 [Thread-1321] INFO  impl.RoleInfo (RoleInfo.java:updateAndGet(143)) - 7508574d-b4c6-466d-85cb-c3f6c8793b7e: start LeaderElection
2019-08-20 14:12:18,584 [Thread-1316] INFO  impl.RoleInfo (RoleInfo.java:updateAndGet(143)) - 7508574d-b4c6-466d-85cb-c3f6c8793b7e: start LeaderElection
2019-08-20 14:12:18,616 [Thread-1317] INFO  impl.FollowerState (FollowerState.java:run(106)) - 385763eb-e39a-4704-9617-4fe83a8f4873:group-B028FE683DE0 changes to CANDIDATE, lastRpcTime:1100, electionTimeout:1100ms
2019-08-20 14:12:18,616 [Thread-1317] INFO  impl.RoleInfo (RoleInfo.java:shutdownFollowerState(121)) - 385763eb-e39a-4704-9617-4fe83a8f4873: shutdown FollowerState
2019-08-20 14:12:18,616 [Thread-1317] INFO  impl.RaftServerImpl (RaftServerImpl.java:setRole(171)) - 385763eb-e39a-4704-9617-4fe83a8f4873:group-B028FE683DE0 changes role from FOLLOWER to CANDIDATE at term 0 for changeToCandidate
2019-08-20 14:12:18,616 [Thread-1317] INFO  impl.RoleInfo (RoleInfo.java:updateAndGet(143)) - 385763eb-e39a-4704-9617-4fe83a8f4873: start LeaderElection
2019-08-20 14:12:18,636 [Thread-1319] INFO  impl.FollowerState (FollowerState.java:run(106)) - f54a9d9a-91ad-45d4-b513-3f5ec3046002:group-1FE4ACDC190E changes to CANDIDATE, lastRpcTime:1118, electionTimeout:1115ms
2019-08-20 14:12:18,636 [Thread-1319] INFO  impl.RoleInfo (RoleInfo.java:shutdownFollowerState(121)) - f54a9d9a-91ad-45d4-b513-3f5ec3046002: shutdown FollowerState
2019-08-20 14:12:18,636 [Thread-1319] INFO  impl.RaftServerImpl (RaftServerImpl.java:setRole(171)) - f54a9d9a-91ad-45d4-b513-3f5ec3046002:group-1FE4ACDC190E changes role from FOLLOWER to CANDIDATE at term 1 for changeToCandidate
2019-08-20 14:12:18,636 [Thread-1319] INFO  impl.RoleInfo (RoleInfo.java:updateAndGet(143)) - f54a9d9a-91ad-45d4-b513-3f5ec3046002: start LeaderElection
2019-08-20 14:12:18,662 [Thread-1310] INFO  impl.FollowerState (FollowerState.java:run(106)) - 385763eb-e39a-4704-9617-4fe83a8f4873:group-1529C64FC94B changes to CANDIDATE, lastRpcTime:1193, electionTimeout:1161ms
2019-08-20 14:12:18,662 [Thread-1310] INFO  impl.RoleInfo (RoleInfo.java:shutdownFollowerState(121)) - 385763eb-e39a-4704-9617-4fe83a8f4873: shutdown FollowerState
2019-08-20 14:12:18,662 [Thread-1320] INFO  impl.FollowerState (FollowerState.java:run(106)) - f54a9d9a-91ad-45d4-b513-3f5ec3046002:group-B028FE683DE0 changes to CANDIDATE, lastRpcTime:1141, electionTimeout:1141ms
2019-08-20 14:12:18,662 [Thread-1310] INFO  impl.RaftServerImpl (RaftServerImpl.java:setRole(171)) - 385763eb-e39a-4704-9617-4fe83a8f4873:group-1529C64FC94B changes role from FOLLOWER to CANDIDATE at term 0 for changeToCandidate
2019-08-20 14:12:18,662 [Thread-1320] INFO  impl.RoleInfo (RoleInfo.java:shutdownFollowerState(121)) - f54a9d9a-91ad-45d4-b513-3f5ec3046002: shutdown FollowerState
2019-08-20 14:12:18,662 [Thread-1320] INFO  impl.RaftServerImpl (RaftServerImpl.java:setRole(171)) - f54a9d9a-91ad-45d4-b513-3f5ec3046002:group-B028FE683DE0 changes role from FOLLOWER to CANDIDATE at term 1 for changeToCandidate
2019-08-20 14:12:18,662 [Thread-1310] INFO  impl.RoleInfo (RoleInfo.java:updateAndGet(143)) - 385763eb-e39a-4704-9617-4fe83a8f4873: start LeaderElection
2019-08-20 14:12:18,662 [Thread-1320] INFO  impl.RoleInfo (RoleInfo.java:updateAndGet(143)) - f54a9d9a-91ad-45d4-b513-3f5ec3046002: start LeaderElection
2019-08-20 14:12:18,683 [Thread-1313] INFO  impl.FollowerState (FollowerState.java:run(106)) - f54a9d9a-91ad-45d4-b513-3f5ec3046002:group-63A02D806C08 changes to CANDIDATE, lastRpcTime:1192, electionTimeout:1190ms
2019-08-20 14:12:18,683 [Thread-1313] INFO  impl.RoleInfo (RoleInfo.java:shutdownFollowerState(121)) - f54a9d9a-91ad-45d4-b513-3f5ec3046002: shutdown FollowerState
2019-08-20 14:12:18,684 [Thread-1313] INFO  impl.RaftServerImpl (RaftServerImpl.java:setRole(171)) - f54a9d9a-91ad-45d4-b513-3f5ec3046002:group-63A02D806C08 changes role from FOLLOWER to CANDIDATE at term 3 for changeToCandidate
2019-08-20 14:12:18,684 [Thread-1313] INFO  impl.RoleInfo (RoleInfo.java:updateAndGet(143)) - f54a9d9a-91ad-45d4-b513-3f5ec3046002: start LeaderElection
2019-08-20 14:12:18,874 | INFO  | SCMAudit | user=jenkins1000 | ip=192.168.69.96 | op=SEND_HEARTBEAT {datanodeUUID=7508574d-b4c6-466d-85cb-c3f6c8793b7e, command=[]} | ret=SUCCESS |  
2019-08-20 14:12:19,225 [Thread-1314] INFO  impl.FollowerState (FollowerState.java:run(106)) - 385763eb-e39a-4704-9617-4fe83a8f4873:group-1FE4ACDC190E changes to CANDIDATE, lastRpcTime:1712, electionTimeout:1194ms
2019-08-20 14:12:19,225 [Thread-1314] INFO  impl.RoleInfo (RoleInfo.java:shutdownFollowerState(121)) - 385763eb-e39a-4704-9617-4fe83a8f4873: shutdown FollowerState
2019-08-20 14:12:19,226 [Thread-1314] INFO  impl.RaftServerImpl (RaftServerImpl.java:setRole(171)) - 385763eb-e39a-4704-9617-4fe83a8f4873:group-1FE4ACDC190E changes role from FOLLOWER to CANDIDATE at term 1 for changeToCandidate
2019-08-20 14:12:19,226 [Thread-1314] INFO  impl.RoleInfo (RoleInfo.java:updateAndGet(143)) - 385763eb-e39a-4704-9617-4fe83a8f4873: start LeaderElection
2019-08-20 14:12:19,280 | INFO  | SCMAudit | user=jenkins1000 | ip=192.168.69.96 | op=SEND_HEARTBEAT {datanodeUUID=385763eb-e39a-4704-9617-4fe83a8f4873, command=[]} | ret=SUCCESS |  
2019-08-20 14:12:19,468 | INFO  | SCMAudit | user=jenkins1000 | ip=192.168.69.96 | op=SEND_HEARTBEAT {datanodeUUID=85238e17-2af5-4085-b5cc-473b32345742, command=[]} | ret=SUCCESS |  
2019-08-20 14:12:19,562 | INFO  | SCMAudit | user=jenkins1000 | ip=192.168.69.96 | op=SEND_HEARTBEAT {datanodeUUID=f54a9d9a-91ad-45d4-b513-3f5ec3046002, command=[]} | ret=SUCCESS |  
2019-08-20 14:12:19,688 [main] INFO  ozoneimpl.OzoneContainer (OzoneContainer.java:stop(199)) - Attempting to stop container services.
2019-08-20 14:12:19,689 [ForkJoinPool.commonPool-worker-0] INFO  ozoneimpl.OzoneContainer (OzoneContainer.java:stop(199)) - Attempting to stop container services.
2019-08-20 14:12:19,691 [main] INFO  impl.RaftServerProxy (RaftServerProxy.java:lambda$close$4(314)) - 8432d649-ea52-4ea8-a512-06e8559690c2: close
2019-08-20 14:12:19,691 [ForkJoinPool.commonPool-worker-0] INFO  impl.RaftServerProxy (RaftServerProxy.java:lambda$close$4(314)) - ecede196-1368-4cbb-9d0e-c1e9efcb994c: close
2019-08-20 14:12:19,691 [main] INFO  server.GrpcService (GrpcService.java:closeImpl(155)) - 8432d649-ea52-4ea8-a512-06e8559690c2: shutdown server with port 40233 now
2019-08-20 14:12:19,691 [ForkJoinPool.commonPool-worker-0] INFO  server.GrpcService (GrpcService.java:closeImpl(155)) - ecede196-1368-4cbb-9d0e-c1e9efcb994c: shutdown server with port 42074 now
2019-08-20 14:12:19,692 [main] INFO  server.GrpcService (GrpcService.java:closeImpl(163)) - 8432d649-ea52-4ea8-a512-06e8559690c2: shutdown server with port 40233 successfully
2019-08-20 14:12:19,692 [ForkJoinPool.commonPool-worker-0] INFO  server.GrpcService (GrpcService.java:closeImpl(163)) - ecede196-1368-4cbb-9d0e-c1e9efcb994c: shutdown server with port 42074 successfully
2019-08-20 14:12:19,693 [ForkJoinPool.commonPool-worker-0] INFO  utils.BackgroundService (BackgroundService.java:shutdown(148)) - Shutting down service BlockDeletingService
2019-08-20 14:12:19,693 [main] INFO  utils.BackgroundService (BackgroundService.java:shutdown(148)) - Shutting down service BlockDeletingService
2019-08-20 14:12:19,694 [refreshUsed-/workdir/hadoop-ozone/integration-test/target/test-dir/MiniOzoneClusterImpl-d741eabc-a61f-4873-a8b1-78c66134a397/datanode-1/data/containers] WARN  fs.CachingGetSpaceUsed (CachingGetSpaceUsed.java:run(183)) - Thread Interrupted waiting to refresh disk information: sleep interrupted
2019-08-20 14:12:19,694 [refreshUsed-/workdir/hadoop-ozone/integration-test/target/test-dir/MiniOzoneClusterImpl-d741eabc-a61f-4873-a8b1-78c66134a397/datanode-3/data/containers] WARN  fs.CachingGetSpaceUsed (CachingGetSpaceUsed.java:run(183)) - Thread Interrupted waiting to refresh disk information: sleep interrupted
2019-08-20 14:12:19,713 [main] INFO  statemachine.DatanodeStateMachine (DatanodeStateMachine.java:stopDaemon(395)) - Ozone container server stopped.
2019-08-20 14:12:19,721 [ForkJoinPool.commonPool-worker-0] INFO  statemachine.DatanodeStateMachine (DatanodeStateMachine.java:stopDaemon(395)) - Ozone container server stopped.
2019-08-20 14:12:19,721 [main] INFO  handler.ContextHandler (ContextHandler.java:doStop(910)) - Stopped o.e.j.w.WebAppContext@2d2af12e{/,null,UNAVAILABLE}{/hddsDatanode}
2019-08-20 14:12:19,726 [ForkJoinPool.commonPool-worker-0] INFO  handler.ContextHandler (ContextHandler.java:doStop(910)) - Stopped o.e.j.w.WebAppContext@1dd64243{/,null,UNAVAILABLE}{/hddsDatanode}
2019-08-20 14:12:19,726 [main] INFO  server.AbstractConnector (AbstractConnector.java:doStop(318)) - Stopped ServerConnector@611587f7{HTTP/1.1,[http/1.1]}{0.0.0.0:0}
2019-08-20 14:12:19,727 [ForkJoinPool.commonPool-worker-0] INFO  server.AbstractConnector (AbstractConnector.java:doStop(318)) - Stopped ServerConnector@2ef913a4{HTTP/1.1,[http/1.1]}{0.0.0.0:0}
2019-08-20 14:12:19,727 [main] INFO  handler.ContextHandler (ContextHandler.java:doStop(910)) - Stopped o.e.j.s.ServletContextHandler@6edb1e9c{/static,jar:file:/home/user/.m2/repository/org/apache/hadoop/hadoop-hdds-container-service/0.5.0-SNAPSHOT/hadoop-hdds-container-service-0.5.0-SNAPSHOT.jar!/webapps/static,UNAVAILABLE}
2019-08-20 14:12:19,728 [ForkJoinPool.commonPool-worker-0] INFO  handler.ContextHandler (ContextHandler.java:doStop(910)) - Stopped o.e.j.s.ServletContextHandler@46de118b{/static,jar:file:/home/user/.m2/repository/org/apache/hadoop/hadoop-hdds-container-service/0.5.0-SNAPSHOT/hadoop-hdds-container-service-0.5.0-SNAPSHOT.jar!/webapps/static,UNAVAILABLE}
2019-08-20 14:12:19,728 [main] INFO  handler.ContextHandler (ContextHandler.java:doStop(910)) - Stopped o.e.j.s.ServletContextHandler@5d5cd210{/logs,file:///workdir/hadoop-ozone/integration-test/target/log,UNAVAILABLE}
2019-08-20 14:12:19,730 [ForkJoinPool.commonPool-worker-0] INFO  handler.ContextHandler (ContextHandler.java:doStop(910)) - Stopped o.e.j.s.ServletContextHandler@4182a651{/logs,file:///workdir/hadoop-ozone/integration-test/target/log,UNAVAILABLE}
2019-08-20 14:12:19,730 [main] INFO  datanode.ObjectStoreHandler (ObjectStoreHandler.java:close(155)) - Closing ObjectStoreHandler.
2019-08-20 14:12:19,730 [ForkJoinPool.commonPool-worker-0] INFO  datanode.ObjectStoreHandler (ObjectStoreHandler.java:close(155)) - Closing ObjectStoreHandler.
2019-08-20 14:12:19,731 [main] INFO  ozone.HddsDatanodeService (HddsDatanodeService.java:stop(451)) - Stopped plug-in org.apache.hadoop.ozone.web.OzoneHddsDatanodeService@3d7caf9c
2019-08-20 14:12:19,731 [ForkJoinPool.commonPool-worker-0] INFO  ozone.HddsDatanodeService (HddsDatanodeService.java:stop(451)) - Stopped plug-in org.apache.hadoop.ozone.web.OzoneHddsDatanodeService@4910afdf
2019-08-20 14:12:19,874 [Datanode State Machine Thread - 0] INFO  statemachine.DatanodeStateMachine (DatanodeStateMachine.java:lambda$startDaemon$0(350)) - Ozone container server started.
2019-08-20 14:12:20,027 [7508574d-b4c6-466d-85cb-c3f6c8793b7e:group-B028FE683DE0:LeaderElection33] INFO  impl.LeaderElection (LeaderElection.java:askForVotes(181)) - 7508574d-b4c6-466d-85cb-c3f6c8793b7e:group-B028FE683DE0:LeaderElection33: begin an election at term 2 for -1: [385763eb-e39a-4704-9617-4fe83a8f4873:192.168.69.96:38476, f54a9d9a-91ad-45d4-b513-3f5ec3046002:192.168.69.96:37332, 7508574d-b4c6-466d-85cb-c3f6c8793b7e:192.168.69.96:35557], old=null
2019-08-20 14:12:20,027 [f54a9d9a-91ad-45d4-b513-3f5ec3046002:group-63A02D806C08:LeaderElection39] INFO  impl.LeaderElection (LeaderElection.java:askForVotes(181)) - f54a9d9a-91ad-45d4-b513-3f5ec3046002:group-63A02D806C08:LeaderElection39: begin an election at term 4 for -1: [385763eb-e39a-4704-9617-4fe83a8f4873:192.168.69.96:38476, f54a9d9a-91ad-45d4-b513-3f5ec3046002:192.168.69.96:37332, 7508574d-b4c6-466d-85cb-c3f6c8793b7e:192.168.69.96:35557], old=null
2019-08-20 14:12:20,027 [385763eb-e39a-4704-9617-4fe83a8f4873:group-1FE4ACDC190E:LeaderElection40] INFO  impl.LeaderElection (LeaderElection.java:askForVotes(181)) - 385763eb-e39a-4704-9617-4fe83a8f4873:group-1FE4ACDC190E:LeaderElection40: begin an election at term 2 for -1: [385763eb-e39a-4704-9617-4fe83a8f4873:192.168.69.96:38476, f54a9d9a-91ad-45d4-b513-3f5ec3046002:192.168.69.96:37332, 7508574d-b4c6-466d-85cb-c3f6c8793b7e:192.168.69.96:35557], old=null
2019-08-20 14:12:20,027 [f54a9d9a-91ad-45d4-b513-3f5ec3046002:group-1FE4ACDC190E:LeaderElection36] INFO  impl.LeaderElection (LeaderElection.java:askForVotes(181)) - f54a9d9a-91ad-45d4-b513-3f5ec3046002:group-1FE4ACDC190E:LeaderElection36: begin an election at term 2 for -1: [385763eb-e39a-4704-9617-4fe83a8f4873:192.168.69.96:38476, f54a9d9a-91ad-45d4-b513-3f5ec3046002:192.168.69.96:37332, 7508574d-b4c6-466d-85cb-c3f6c8793b7e:192.168.69.96:35557], old=null
2019-08-20 14:12:20,027 [385763eb-e39a-4704-9617-4fe83a8f4873:group-63A02D806C08:LeaderElection32] INFO  impl.LeaderElection (LeaderElection.java:askForVotes(181)) - 385763eb-e39a-4704-9617-4fe83a8f4873:group-63A02D806C08:LeaderElection32: begin an election at term 4 for -1: [385763eb-e39a-4704-9617-4fe83a8f4873:192.168.69.96:38476, f54a9d9a-91ad-45d4-b513-3f5ec3046002:192.168.69.96:37332, 7508574d-b4c6-466d-85cb-c3f6c8793b7e:192.168.69.96:35557], old=null
2019-08-20 14:12:20,027 [7508574d-b4c6-466d-85cb-c3f6c8793b7e:group-63A02D806C08:LeaderElection34] INFO  impl.LeaderElection (LeaderElection.java:askForVotes(181)) - 7508574d-b4c6-466d-85cb-c3f6c8793b7e:group-63A02D806C08:LeaderElection34: begin an election at term 4 for -1: [385763eb-e39a-4704-9617-4fe83a8f4873:192.168.69.96:38476, f54a9d9a-91ad-45d4-b513-3f5ec3046002:192.168.69.96:37332, 7508574d-b4c6-466d-85cb-c3f6c8793b7e:192.168.69.96:35557], old=null
2019-08-20 14:12:20,027 [f54a9d9a-91ad-45d4-b513-3f5ec3046002:group-B028FE683DE0:LeaderElection38] INFO  impl.LeaderElection (LeaderElection.java:askForVotes(181)) - f54a9d9a-91ad-45d4-b513-3f5ec3046002:group-B028FE683DE0:LeaderElection38: begin an election at term 2 for -1: [385763eb-e39a-4704-9617-4fe83a8f4873:192.168.69.96:38476, f54a9d9a-91ad-45d4-b513-3f5ec3046002:192.168.69.96:37332, 7508574d-b4c6-466d-85cb-c3f6c8793b7e:192.168.69.96:35557], old=null
2019-08-20 14:12:20,027 [385763eb-e39a-4704-9617-4fe83a8f4873:group-B028FE683DE0:LeaderElection35] INFO  impl.LeaderElection (LeaderElection.java:askForVotes(181)) - 385763eb-e39a-4704-9617-4fe83a8f4873:group-B028FE683DE0:LeaderElection35: begin an election at term 1 for -1: [385763eb-e39a-4704-9617-4fe83a8f4873:192.168.69.96:38476, f54a9d9a-91ad-45d4-b513-3f5ec3046002:192.168.69.96:37332, 7508574d-b4c6-466d-85cb-c3f6c8793b7e:192.168.69.96:35557], old=null
2019-08-20 14:12:20,027 [7508574d-b4c6-466d-85cb-c3f6c8793b7e:group-1FE4ACDC190E:LeaderElection28] INFO  impl.LeaderElection (LeaderElection.java:askForVotes(181)) - 7508574d-b4c6-466d-85cb-c3f6c8793b7e:group-1FE4ACDC190E:LeaderElection28: begin an election at term 2 for -1: [385763eb-e39a-4704-9617-4fe83a8f4873:192.168.69.96:38476, f54a9d9a-91ad-45d4-b513-3f5ec3046002:192.168.69.96:37332, 7508574d-b4c6-466d-85cb-c3f6c8793b7e:192.168.69.96:35557], old=null
2019-08-20 14:12:20,028 [385763eb-e39a-4704-9617-4fe83a8f4873:group-1529C64FC94B:LeaderElection37] INFO  impl.LeaderElection (LeaderElection.java:askForVotes(181)) - 385763eb-e39a-4704-9617-4fe83a8f4873:group-1529C64FC94B:LeaderElection37: begin an election at term 1 for -1: [385763eb-e39a-4704-9617-4fe83a8f4873:192.168.69.96:38476], old=null
2019-08-20 14:12:20,028 [385763eb-e39a-4704-9617-4fe83a8f4873:group-1529C64FC94B:LeaderElection37] INFO  impl.RoleInfo (RoleInfo.java:shutdownLeaderElection(134)) - 385763eb-e39a-4704-9617-4fe83a8f4873: shutdown LeaderElection
2019-08-20 14:12:20,028 [385763eb-e39a-4704-9617-4fe83a8f4873:group-1529C64FC94B:LeaderElection37] INFO  impl.RaftServerImpl (RaftServerImpl.java:setRole(171)) - 385763eb-e39a-4704-9617-4fe83a8f4873:group-1529C64FC94B changes role from CANDIDATE to LEADER at term 1 for changeToLeader
2019-08-20 14:12:20,028 [385763eb-e39a-4704-9617-4fe83a8f4873:group-1529C64FC94B:LeaderElection37] INFO  impl.RaftServerImpl (ServerState.java:setLeader(263)) - 385763eb-e39a-4704-9617-4fe83a8f4873:group-1529C64FC94B change Leader from null to 385763eb-e39a-4704-9617-4fe83a8f4873 at term 1 for becomeLeader, leader elected after 7367ms
2019-08-20 14:12:20,029 [385763eb-e39a-4704-9617-4fe83a8f4873:group-1529C64FC94B:LeaderElection37] INFO  server.RaftServerConfigKeys (ConfUtils.java:logGet(43)) - raft.server.staging.catchup.gap = 1000 (default)
2019-08-20 14:12:20,029 [385763eb-e39a-4704-9617-4fe83a8f4873:group-1529C64FC94B:LeaderElection37] INFO  server.RaftServerConfigKeys (ConfUtils.java:logGet(43)) - raft.server.rpc.sleep.time = 25ms (default)
2019-08-20 14:12:20,029 [385763eb-e39a-4704-9617-4fe83a8f4873:group-1529C64FC94B:LeaderElection37] INFO  server.RaftServerConfigKeys (ConfUtils.java:logGet(43)) - raft.server.write.element-limit = 4096 (default)
2019-08-20 14:12:20,029 [385763eb-e39a-4704-9617-4fe83a8f4873:group-1529C64FC94B:LeaderElection37] INFO  server.RaftServerConfigKeys (ConfUtils.java:logGet(43)) - raft.server.watch.timeout = 10s (default)
2019-08-20 14:12:20,029 [385763eb-e39a-4704-9617-4fe83a8f4873:group-1529C64FC94B:LeaderElection37] INFO  server.RaftServerConfigKeys (ConfUtils.java:logGet(43)) - raft.server.watch.timeout.denomination = 1s (default)
2019-08-20 14:12:20,029 [385763eb-e39a-4704-9617-4fe83a8f4873:group-1529C64FC94B:LeaderElection37] INFO  server.RaftServerConfigKeys (ConfUtils.java:logGet(43)) - raft.server.watch.element-limit = 65536 (default)
2019-08-20 14:12:20,029 [385763eb-e39a-4704-9617-4fe83a8f4873:group-1529C64FC94B:LeaderElection37] INFO  impl.RoleInfo (RoleInfo.java:updateAndGet(143)) - 385763eb-e39a-4704-9617-4fe83a8f4873: start LeaderState
2019-08-20 14:12:20,030 [385763eb-e39a-4704-9617-4fe83a8f4873:group-1529C64FC94B:LeaderElection37] INFO  segmented.SegmentedRaftLogWorker (SegmentedRaftLogWorker.java:startLogSegment(380)) - 385763eb-e39a-4704-9617-4fe83a8f4873-SegmentedRaftLogWorker:Storage Directory /workdir/hadoop-ozone/integration-test/target/test-dir/MiniOzoneClusterImpl-d741eabc-a61f-4873-a8b1-78c66134a397/datanode-4/data/ratis/fd2f7ba6-d8a5-4e05-ad18-1529c64fc94b: Starting segment from index:0
2019-08-20 14:12:20,032 [grpc-default-executor-9] INFO  impl.RaftServerImpl (RaftServerImpl.java:setRole(171)) - 385763eb-e39a-4704-9617-4fe83a8f4873:group-B028FE683DE0 changes role from CANDIDATE to FOLLOWER at term 2 for recognizeCandidate:7508574d-b4c6-466d-85cb-c3f6c8793b7e
2019-08-20 14:12:20,033 [grpc-default-executor-9] INFO  impl.RoleInfo (RoleInfo.java:shutdownLeaderElection(134)) - 385763eb-e39a-4704-9617-4fe83a8f4873: shutdown LeaderElection
2019-08-20 14:12:20,033 [grpc-default-executor-9] INFO  impl.RoleInfo (RoleInfo.java:updateAndGet(143)) - 385763eb-e39a-4704-9617-4fe83a8f4873: start FollowerState
2019-08-20 14:12:20,039 [385763eb-e39a-4704-9617-4fe83a8f4873:group-1529C64FC94B:LeaderElection37] INFO  impl.RaftServerImpl (ServerState.java:setRaftConf(361)) - 385763eb-e39a-4704-9617-4fe83a8f4873:group-1529C64FC94B set configuration 0: [385763eb-e39a-4704-9617-4fe83a8f4873:192.168.69.96:38476], old=null at 0
2019-08-20 14:12:20,079 [7508574d-b4c6-466d-85cb-c3f6c8793b7e:group-63A02D806C08:LeaderElection34] INFO  impl.LeaderElection (LeaderElection.java:logAndReturn(56)) - 7508574d-b4c6-466d-85cb-c3f6c8793b7e:group-63A02D806C08:LeaderElection34: Election REJECTED; received 2 response(s) [7508574d-b4c6-466d-85cb-c3f6c8793b7e<-385763eb-e39a-4704-9617-4fe83a8f4873#0:FAIL-t4, 7508574d-b4c6-466d-85cb-c3f6c8793b7e<-f54a9d9a-91ad-45d4-b513-3f5ec3046002#0:FAIL-t4] and 0 exception(s); 7508574d-b4c6-466d-85cb-c3f6c8793b7e:t4, leader=null, voted=7508574d-b4c6-466d-85cb-c3f6c8793b7e, raftlog=7508574d-b4c6-466d-85cb-c3f6c8793b7e-SegmentedRaftLog:OPENED:c-1,f-1,i0, conf=-1: [385763eb-e39a-4704-9617-4fe83a8f4873:192.168.69.96:38476, f54a9d9a-91ad-45d4-b513-3f5ec3046002:192.168.69.96:37332, 7508574d-b4c6-466d-85cb-c3f6c8793b7e:192.168.69.96:35557], old=null
2019-08-20 14:12:20,080 [7508574d-b4c6-466d-85cb-c3f6c8793b7e:group-63A02D806C08:LeaderElection34] INFO  impl.RaftServerImpl (RaftServerImpl.java:setRole(171)) - 7508574d-b4c6-466d-85cb-c3f6c8793b7e:group-63A02D806C08 changes role from CANDIDATE to FOLLOWER at term 4 for DISCOVERED_A_NEW_TERM
2019-08-20 14:12:20,082 [7508574d-b4c6-466d-85cb-c3f6c8793b7e:group-63A02D806C08:LeaderElection34] INFO  impl.RoleInfo (RoleInfo.java:shutdownLeaderElection(134)) - 7508574d-b4c6-466d-85cb-c3f6c8793b7e: shutdown LeaderElection
2019-08-20 14:12:20,082 [7508574d-b4c6-466d-85cb-c3f6c8793b7e:group-1FE4ACDC190E:LeaderElection28] INFO  impl.LeaderElection (LeaderElection.java:logAndReturn(56)) - 7508574d-b4c6-466d-85cb-c3f6c8793b7e:group-1FE4ACDC190E:LeaderElection28: Election REJECTED; received 2 response(s) [7508574d-b4c6-466d-85cb-c3f6c8793b7e<-385763eb-e39a-4704-9617-4fe83a8f4873#0:FAIL-t2, 7508574d-b4c6-466d-85cb-c3f6c8793b7e<-f54a9d9a-91ad-45d4-b513-3f5ec3046002#0:FAIL-t2] and 0 exception(s); 7508574d-b4c6-466d-85cb-c3f6c8793b7e:t2, leader=null, voted=7508574d-b4c6-466d-85cb-c3f6c8793b7e, raftlog=7508574d-b4c6-466d-85cb-c3f6c8793b7e-SegmentedRaftLog:OPENED:c-1,f-1,i0, conf=-1: [385763eb-e39a-4704-9617-4fe83a8f4873:192.168.69.96:38476, f54a9d9a-91ad-45d4-b513-3f5ec3046002:192.168.69.96:37332, 7508574d-b4c6-466d-85cb-c3f6c8793b7e:192.168.69.96:35557], old=null
2019-08-20 14:12:20,082 [7508574d-b4c6-466d-85cb-c3f6c8793b7e:group-1FE4ACDC190E:LeaderElection28] INFO  impl.RaftServerImpl (RaftServerImpl.java:setRole(171)) - 7508574d-b4c6-466d-85cb-c3f6c8793b7e:group-1FE4ACDC190E changes role from CANDIDATE to FOLLOWER at term 2 for DISCOVERED_A_NEW_TERM
2019-08-20 14:12:20,082 [7508574d-b4c6-466d-85cb-c3f6c8793b7e:group-1FE4ACDC190E:LeaderElection28] INFO  impl.RoleInfo (RoleInfo.java:shutdownLeaderElection(134)) - 7508574d-b4c6-466d-85cb-c3f6c8793b7e: shutdown LeaderElection
2019-08-20 14:12:20,082 [7508574d-b4c6-466d-85cb-c3f6c8793b7e:group-63A02D806C08:LeaderElection34] INFO  impl.RoleInfo (RoleInfo.java:updateAndGet(143)) - 7508574d-b4c6-466d-85cb-c3f6c8793b7e: start FollowerState
2019-08-20 14:12:20,084 [f54a9d9a-91ad-45d4-b513-3f5ec3046002:group-1FE4ACDC190E:LeaderElection36] INFO  impl.LeaderElection (LeaderElection.java:logAndReturn(56)) - f54a9d9a-91ad-45d4-b513-3f5ec3046002:group-1FE4ACDC190E:LeaderElection36: Election REJECTED; received 2 response(s) [f54a9d9a-91ad-45d4-b513-3f5ec3046002<-385763eb-e39a-4704-9617-4fe83a8f4873#0:FAIL-t2, f54a9d9a-91ad-45d4-b513-3f5ec3046002<-7508574d-b4c6-466d-85cb-c3f6c8793b7e#0:FAIL-t2] and 0 exception(s); f54a9d9a-91ad-45d4-b513-3f5ec3046002:t2, leader=null, voted=f54a9d9a-91ad-45d4-b513-3f5ec3046002, raftlog=f54a9d9a-91ad-45d4-b513-3f5ec3046002-SegmentedRaftLog:OPENED:c-1,f-1,i0, conf=-1: [385763eb-e39a-4704-9617-4fe83a8f4873:192.168.69.96:38476, f54a9d9a-91ad-45d4-b513-3f5ec3046002:192.168.69.96:37332, 7508574d-b4c6-466d-85cb-c3f6c8793b7e:192.168.69.96:35557], old=null
2019-08-20 14:12:20,082 [f54a9d9a-91ad-45d4-b513-3f5ec3046002:group-63A02D806C08:LeaderElection39] INFO  impl.LeaderElection (LeaderElection.java:logAndReturn(56)) - f54a9d9a-91ad-45d4-b513-3f5ec3046002:group-63A02D806C08:LeaderElection39: Election REJECTED; received 2 response(s) [f54a9d9a-91ad-45d4-b513-3f5ec3046002<-385763eb-e39a-4704-9617-4fe83a8f4873#0:FAIL-t4, f54a9d9a-91ad-45d4-b513-3f5ec3046002<-7508574d-b4c6-466d-85cb-c3f6c8793b7e#0:FAIL-t4] and 0 exception(s); f54a9d9a-91ad-45d4-b513-3f5ec3046002:t4, leader=null, voted=f54a9d9a-91ad-45d4-b513-3f5ec3046002, raftlog=f54a9d9a-91ad-45d4-b513-3f5ec3046002-SegmentedRaftLog:OPENED:c-1,f-1,i0, conf=-1: [385763eb-e39a-4704-9617-4fe83a8f4873:192.168.69.96:38476, f54a9d9a-91ad-45d4-b513-3f5ec3046002:192.168.69.96:37332, 7508574d-b4c6-466d-85cb-c3f6c8793b7e:192.168.69.96:35557], old=null
2019-08-20 14:12:20,089 [f54a9d9a-91ad-45d4-b513-3f5ec3046002:group-1FE4ACDC190E:LeaderElection36] INFO  impl.RaftServerImpl (RaftServerImpl.java:setRole(171)) - f54a9d9a-91ad-45d4-b513-3f5ec3046002:group-1FE4ACDC190E changes role from CANDIDATE to FOLLOWER at term 2 for DISCOVERED_A_NEW_TERM
2019-08-20 14:12:20,087 [7508574d-b4c6-466d-85cb-c3f6c8793b7e:group-1FE4ACDC190E:LeaderElection28] INFO  impl.RoleInfo (RoleInfo.java:updateAndGet(143)) - 7508574d-b4c6-466d-85cb-c3f6c8793b7e: start FollowerState
2019-08-20 14:12:20,091 [f54a9d9a-91ad-45d4-b513-3f5ec3046002:group-1FE4ACDC190E:LeaderElection36] INFO  impl.RoleInfo (RoleInfo.java:shutdownLeaderElection(134)) - f54a9d9a-91ad-45d4-b513-3f5ec3046002: shutdown LeaderElection
2019-08-20 14:12:20,091 [f54a9d9a-91ad-45d4-b513-3f5ec3046002:group-63A02D806C08:LeaderElection39] INFO  impl.RaftServerImpl (RaftServerImpl.java:setRole(171)) - f54a9d9a-91ad-45d4-b513-3f5ec3046002:group-63A02D806C08 changes role from CANDIDATE to FOLLOWER at term 4 for DISCOVERED_A_NEW_TERM
2019-08-20 14:12:20,093 [385763eb-e39a-4704-9617-4fe83a8f4873:group-1FE4ACDC190E:LeaderElection40] INFO  impl.LeaderElection (LeaderElection.java:logAndReturn(56)) - 385763eb-e39a-4704-9617-4fe83a8f4873:group-1FE4ACDC190E:LeaderElection40: Election REJECTED; received 2 response(s) [385763eb-e39a-4704-9617-4fe83a8f4873<-f54a9d9a-91ad-45d4-b513-3f5ec3046002#0:FAIL-t2, 385763eb-e39a-4704-9617-4fe83a8f4873<-7508574d-b4c6-466d-85cb-c3f6c8793b7e#0:FAIL-t2] and 0 exception(s); 385763eb-e39a-4704-9617-4fe83a8f4873:t2, leader=null, voted=385763eb-e39a-4704-9617-4fe83a8f4873, raftlog=385763eb-e39a-4704-9617-4fe83a8f4873-SegmentedRaftLog:OPENED:c-1,f-1,i0, conf=-1: [385763eb-e39a-4704-9617-4fe83a8f4873:192.168.69.96:38476, f54a9d9a-91ad-45d4-b513-3f5ec3046002:192.168.69.96:37332, 7508574d-b4c6-466d-85cb-c3f6c8793b7e:192.168.69.96:35557], old=null
2019-08-20 14:12:20,093 [f54a9d9a-91ad-45d4-b513-3f5ec3046002:group-1FE4ACDC190E:LeaderElection36] INFO  impl.RoleInfo (RoleInfo.java:updateAndGet(143)) - f54a9d9a-91ad-45d4-b513-3f5ec3046002: start FollowerState
2019-08-20 14:12:20,093 [385763eb-e39a-4704-9617-4fe83a8f4873:group-1FE4ACDC190E:LeaderElection40] INFO  impl.RaftServerImpl (RaftServerImpl.java:setRole(171)) - 385763eb-e39a-4704-9617-4fe83a8f4873:group-1FE4ACDC190E changes role from CANDIDATE to FOLLOWER at term 2 for DISCOVERED_A_NEW_TERM
2019-08-20 14:12:20,093 [f54a9d9a-91ad-45d4-b513-3f5ec3046002:group-63A02D806C08:LeaderElection39] INFO  impl.RoleInfo (RoleInfo.java:shutdownLeaderElection(134)) - f54a9d9a-91ad-45d4-b513-3f5ec3046002: shutdown LeaderElection
2019-08-20 14:12:20,096 [f54a9d9a-91ad-45d4-b513-3f5ec3046002:group-63A02D806C08:LeaderElection39] INFO  impl.RoleInfo (RoleInfo.java:updateAndGet(143)) - f54a9d9a-91ad-45d4-b513-3f5ec3046002: start FollowerState
2019-08-20 14:12:20,096 [385763eb-e39a-4704-9617-4fe83a8f4873:group-1FE4ACDC190E:LeaderElection40] INFO  impl.RoleInfo (RoleInfo.java:shutdownLeaderElection(134)) - 385763eb-e39a-4704-9617-4fe83a8f4873: shutdown LeaderElection
2019-08-20 14:12:20,094 [385763eb-e39a-4704-9617-4fe83a8f4873:group-63A02D806C08:LeaderElection32] INFO  impl.LeaderElection (LeaderElection.java:logAndReturn(56)) - 385763eb-e39a-4704-9617-4fe83a8f4873:group-63A02D806C08:LeaderElection32: Election REJECTED; received 2 response(s) [385763eb-e39a-4704-9617-4fe83a8f4873<-f54a9d9a-91ad-45d4-b513-3f5ec3046002#0:FAIL-t4, 385763eb-e39a-4704-9617-4fe83a8f4873<-7508574d-b4c6-466d-85cb-c3f6c8793b7e#0:FAIL-t4] and 0 exception(s); 385763eb-e39a-4704-9617-4fe83a8f4873:t4, leader=null, voted=385763eb-e39a-4704-9617-4fe83a8f4873, raftlog=385763eb-e39a-4704-9617-4fe83a8f4873-SegmentedRaftLog:OPENED:c-1,f-1,i0, conf=-1: [385763eb-e39a-4704-9617-4fe83a8f4873:192.168.69.96:38476, f54a9d9a-91ad-45d4-b513-3f5ec3046002:192.168.69.96:37332, 7508574d-b4c6-466d-85cb-c3f6c8793b7e:192.168.69.96:35557], old=null
2019-08-20 14:12:20,098 [385763eb-e39a-4704-9617-4fe83a8f4873:group-1FE4ACDC190E:LeaderElection40] INFO  impl.RoleInfo (RoleInfo.java:updateAndGet(143)) - 385763eb-e39a-4704-9617-4fe83a8f4873: start FollowerState
2019-08-20 14:12:20,098 [385763eb-e39a-4704-9617-4fe83a8f4873:group-63A02D806C08:LeaderElection32] INFO  impl.RaftServerImpl (RaftServerImpl.java:setRole(171)) - 385763eb-e39a-4704-9617-4fe83a8f4873:group-63A02D806C08 changes role from CANDIDATE to FOLLOWER at term 4 for DISCOVERED_A_NEW_TERM
2019-08-20 14:12:20,100 [385763eb-e39a-4704-9617-4fe83a8f4873:group-63A02D806C08:LeaderElection32] INFO  impl.RoleInfo (RoleInfo.java:shutdownLeaderElection(134)) - 385763eb-e39a-4704-9617-4fe83a8f4873: shutdown LeaderElection
2019-08-20 14:12:20,101 [385763eb-e39a-4704-9617-4fe83a8f4873:group-63A02D806C08:LeaderElection32] INFO  impl.RoleInfo (RoleInfo.java:updateAndGet(143)) - 385763eb-e39a-4704-9617-4fe83a8f4873: start FollowerState
2019-08-20 14:12:20,280 | INFO  | SCMAudit | user=jenkins1000 | ip=192.168.69.96 | op=SEND_HEARTBEAT {datanodeUUID=385763eb-e39a-4704-9617-4fe83a8f4873, command=[]} | ret=SUCCESS |  
2019-08-20 14:12:20,468 | INFO  | SCMAudit | user=jenkins1000 | ip=192.168.69.96 | op=SEND_HEARTBEAT {datanodeUUID=85238e17-2af5-4085-b5cc-473b32345742, command=[]} | ret=SUCCESS |  
2019-08-20 14:12:20,561 [Datanode State Machine Thread - 0] INFO  statemachine.DatanodeStateMachine (DatanodeStateMachine.java:lambda$startDaemon$0(350)) - Ozone container server started.
2019-08-20 14:12:21,046 [7508574d-b4c6-466d-85cb-c3f6c8793b7e:group-B028FE683DE0:LeaderElection33] INFO  impl.LeaderElection (LeaderElection.java:logAndReturn(56)) - 7508574d-b4c6-466d-85cb-c3f6c8793b7e:group-B028FE683DE0:LeaderElection33: Election TIMEOUT; received 1 response(s) [7508574d-b4c6-466d-85cb-c3f6c8793b7e<-f54a9d9a-91ad-45d4-b513-3f5ec3046002#0:FAIL-t2] and 0 exception(s); 7508574d-b4c6-466d-85cb-c3f6c8793b7e:t2, leader=null, voted=7508574d-b4c6-466d-85cb-c3f6c8793b7e, raftlog=7508574d-b4c6-466d-85cb-c3f6c8793b7e-SegmentedRaftLog:OPENED:c-1,f-1,i0, conf=-1: [385763eb-e39a-4704-9617-4fe83a8f4873:192.168.69.96:38476, f54a9d9a-91ad-45d4-b513-3f5ec3046002:192.168.69.96:37332, 7508574d-b4c6-466d-85cb-c3f6c8793b7e:192.168.69.96:35557], old=null
2019-08-20 14:12:21,093 [Thread-1351] INFO  impl.FollowerState (FollowerState.java:run(106)) - 7508574d-b4c6-466d-85cb-c3f6c8793b7e:group-1FE4ACDC190E changes to CANDIDATE, lastRpcTime:1005, electionTimeout:1000ms
2019-08-20 14:12:21,093 [Thread-1351] INFO  impl.RoleInfo (RoleInfo.java:shutdownFollowerState(121)) - 7508574d-b4c6-466d-85cb-c3f6c8793b7e: shutdown FollowerState
2019-08-20 14:12:21,093 [Thread-1351] INFO  impl.RaftServerImpl (RaftServerImpl.java:setRole(171)) - 7508574d-b4c6-466d-85cb-c3f6c8793b7e:group-1FE4ACDC190E changes role from FOLLOWER to CANDIDATE at term 2 for changeToCandidate
2019-08-20 14:12:21,093 [Thread-1351] INFO  impl.RoleInfo (RoleInfo.java:updateAndGet(143)) - 7508574d-b4c6-466d-85cb-c3f6c8793b7e: start LeaderElection
2019-08-20 14:12:21,115 [Thread-1354] INFO  impl.FollowerState (FollowerState.java:run(106)) - 385763eb-e39a-4704-9617-4fe83a8f4873:group-1FE4ACDC190E changes to CANDIDATE, lastRpcTime:1018, electionTimeout:1014ms
2019-08-20 14:12:21,115 [Thread-1354] INFO  impl.RoleInfo (RoleInfo.java:shutdownFollowerState(121)) - 385763eb-e39a-4704-9617-4fe83a8f4873: shutdown FollowerState
2019-08-20 14:12:21,115 [Thread-1354] INFO  impl.RaftServerImpl (RaftServerImpl.java:setRole(171)) - 385763eb-e39a-4704-9617-4fe83a8f4873:group-1FE4ACDC190E changes role from FOLLOWER to CANDIDATE at term 2 for changeToCandidate
2019-08-20 14:12:21,115 [Thread-1354] INFO  impl.RoleInfo (RoleInfo.java:updateAndGet(143)) - 385763eb-e39a-4704-9617-4fe83a8f4873: start LeaderElection
2019-08-20 14:12:21,142 [Thread-1352] INFO  impl.FollowerState (FollowerState.java:run(106)) - f54a9d9a-91ad-45d4-b513-3f5ec3046002:group-1FE4ACDC190E changes to CANDIDATE, lastRpcTime:1049, electionTimeout:1047ms
2019-08-20 14:12:21,142 [Thread-1352] INFO  impl.RoleInfo (RoleInfo.java:shutdownFollowerState(121)) - f54a9d9a-91ad-45d4-b513-3f5ec3046002: shutdown FollowerState
2019-08-20 14:12:21,142 [Thread-1352] INFO  impl.RaftServerImpl (RaftServerImpl.java:setRole(171)) - f54a9d9a-91ad-45d4-b513-3f5ec3046002:group-1FE4ACDC190E changes role from FOLLOWER to CANDIDATE at term 2 for changeToCandidate
2019-08-20 14:12:21,142 [Thread-1352] INFO  impl.RoleInfo (RoleInfo.java:updateAndGet(143)) - f54a9d9a-91ad-45d4-b513-3f5ec3046002: start LeaderElection
2019-08-20 14:12:21,193 [f54a9d9a-91ad-45d4-b513-3f5ec3046002:group-B028FE683DE0:LeaderElection38] INFO  impl.LeaderElection (LeaderElection.java:logAndReturn(56)) - f54a9d9a-91ad-45d4-b513-3f5ec3046002:group-B028FE683DE0:LeaderElection38: Election TIMEOUT; received 1 response(s) [f54a9d9a-91ad-45d4-b513-3f5ec3046002<-7508574d-b4c6-466d-85cb-c3f6c8793b7e#0:FAIL-t2] and 0 exception(s); f54a9d9a-91ad-45d4-b513-3f5ec3046002:t2, leader=null, voted=f54a9d9a-91ad-45d4-b513-3f5ec3046002, raftlog=f54a9d9a-91ad-45d4-b513-3f5ec3046002-SegmentedRaftLog:OPENED:c-1,f-1,i0, conf=-1: [385763eb-e39a-4704-9617-4fe83a8f4873:192.168.69.96:38476, f54a9d9a-91ad-45d4-b513-3f5ec3046002:192.168.69.96:37332, 7508574d-b4c6-466d-85cb-c3f6c8793b7e:192.168.69.96:35557], old=null
2019-08-20 14:12:21,202 [Thread-1350] INFO  impl.FollowerState (FollowerState.java:run(106)) - 7508574d-b4c6-466d-85cb-c3f6c8793b7e:group-63A02D806C08 changes to CANDIDATE, lastRpcTime:1120, electionTimeout:1113ms
2019-08-20 14:12:21,202 [Thread-1350] INFO  impl.RoleInfo (RoleInfo.java:shutdownFollowerState(121)) - 7508574d-b4c6-466d-85cb-c3f6c8793b7e: shutdown FollowerState
2019-08-20 14:12:21,203 [Thread-1350] INFO  impl.RaftServerImpl (RaftServerImpl.java:setRole(171)) - 7508574d-b4c6-466d-85cb-c3f6c8793b7e:group-63A02D806C08 changes role from FOLLOWER to CANDIDATE at term 4 for changeToCandidate
2019-08-20 14:12:21,203 [Thread-1350] INFO  impl.RoleInfo (RoleInfo.java:updateAndGet(143)) - 7508574d-b4c6-466d-85cb-c3f6c8793b7e: start LeaderElection
2019-08-20 14:12:21,216 [Thread-1355] INFO  impl.FollowerState (FollowerState.java:run(106)) - 385763eb-e39a-4704-9617-4fe83a8f4873:group-63A02D806C08 changes to CANDIDATE, lastRpcTime:1115, electionTimeout:1113ms
2019-08-20 14:12:21,216 [Thread-1355] INFO  impl.RoleInfo (RoleInfo.java:shutdownFollowerState(121)) - 385763eb-e39a-4704-9617-4fe83a8f4873: shutdown FollowerState
2019-08-20 14:12:21,216 [Thread-1355] INFO  impl.RaftServerImpl (RaftServerImpl.java:setRole(171)) - 385763eb-e39a-4704-9617-4fe83a8f4873:group-63A02D806C08 changes role from FOLLOWER to CANDIDATE at term 4 for changeToCandidate
2019-08-20 14:12:21,217 [Thread-1355] INFO  impl.RoleInfo (RoleInfo.java:updateAndGet(143)) - 385763eb-e39a-4704-9617-4fe83a8f4873: start LeaderElection
2019-08-20 14:12:21,281 | INFO  | SCMAudit | user=jenkins1000 | ip=192.168.69.96 | op=SEND_HEARTBEAT {datanodeUUID=385763eb-e39a-4704-9617-4fe83a8f4873, command=[]} | ret=SUCCESS |  
2019-08-20 14:12:21,283 [Thread-1353] INFO  impl.FollowerState (FollowerState.java:run(106)) - f54a9d9a-91ad-45d4-b513-3f5ec3046002:group-63A02D806C08 changes to CANDIDATE, lastRpcTime:1186, electionTimeout:1183ms
2019-08-20 14:12:21,283 [Thread-1353] INFO  impl.RoleInfo (RoleInfo.java:shutdownFollowerState(121)) - f54a9d9a-91ad-45d4-b513-3f5ec3046002: shutdown FollowerState
2019-08-20 14:12:21,283 [Thread-1353] INFO  impl.RaftServerImpl (RaftServerImpl.java:setRole(171)) - f54a9d9a-91ad-45d4-b513-3f5ec3046002:group-63A02D806C08 changes role from FOLLOWER to CANDIDATE at term 4 for changeToCandidate
2019-08-20 14:12:21,283 [Thread-1353] INFO  impl.RoleInfo (RoleInfo.java:updateAndGet(143)) - f54a9d9a-91ad-45d4-b513-3f5ec3046002: start LeaderElection
2019-08-20 14:12:21,394 [385763eb-e39a-4704-9617-4fe83a8f4873-SegmentedRaftLogWorker:Storage Directory /workdir/hadoop-ozone/integration-test/target/test-dir/MiniOzoneClusterImpl-d741eabc-a61f-4873-a8b1-78c66134a397/datanode-4/data/ratis/fd2f7ba6-d8a5-4e05-ad18-1529c64fc94b] INFO  segmented.SegmentedRaftLogWorker (SegmentedRaftLogWorker.java:execute(569)) - 385763eb-e39a-4704-9617-4fe83a8f4873-SegmentedRaftLogWorker:Storage Directory /workdir/hadoop-ozone/integration-test/target/test-dir/MiniOzoneClusterImpl-d741eabc-a61f-4873-a8b1-78c66134a397/datanode-4/data/ratis/fd2f7ba6-d8a5-4e05-ad18-1529c64fc94b: created new log segment /workdir/hadoop-ozone/integration-test/target/test-dir/MiniOzoneClusterImpl-d741eabc-a61f-4873-a8b1-78c66134a397/datanode-4/data/ratis/fd2f7ba6-d8a5-4e05-ad18-1529c64fc94b/current/log_inprogress_0
2019-08-20 14:12:21,468 | INFO  | SCMAudit | user=jenkins1000 | ip=192.168.69.96 | op=SEND_HEARTBEAT {datanodeUUID=85238e17-2af5-4085-b5cc-473b32345742, command=[]} | ret=SUCCESS |  
2019-08-20 14:12:22,252 [Thread-1349] INFO  impl.FollowerState (FollowerState.java:run(106)) - 385763eb-e39a-4704-9617-4fe83a8f4873:group-B028FE683DE0 changes to CANDIDATE, lastRpcTime:2218, electionTimeout:1189ms
2019-08-20 14:12:22,252 [Thread-1349] INFO  impl.RoleInfo (RoleInfo.java:shutdownFollowerState(121)) - 385763eb-e39a-4704-9617-4fe83a8f4873: shutdown FollowerState
2019-08-20 14:12:22,252 [Thread-1349] INFO  impl.RaftServerImpl (RaftServerImpl.java:setRole(171)) - 385763eb-e39a-4704-9617-4fe83a8f4873:group-B028FE683DE0 changes role from FOLLOWER to CANDIDATE at term 2 for changeToCandidate
2019-08-20 14:12:22,253 [Thread-1349] INFO  impl.RoleInfo (RoleInfo.java:updateAndGet(143)) - 385763eb-e39a-4704-9617-4fe83a8f4873: start LeaderElection
2019-08-20 14:12:22,367 [grpc-default-executor-0] INFO  impl.RaftServerImpl (RaftServerImpl.java:setRole(171)) - 385763eb-e39a-4704-9617-4fe83a8f4873:group-B028FE683DE0 changes role from CANDIDATE to FOLLOWER at term 2 for recognizeCandidate:f54a9d9a-91ad-45d4-b513-3f5ec3046002
2019-08-20 14:12:22,367 [grpc-default-executor-0] INFO  impl.RoleInfo (RoleInfo.java:shutdownLeaderElection(134)) - 385763eb-e39a-4704-9617-4fe83a8f4873: shutdown LeaderElection
2019-08-20 14:12:22,368 [grpc-default-executor-0] INFO  impl.RoleInfo (RoleInfo.java:updateAndGet(143)) - 385763eb-e39a-4704-9617-4fe83a8f4873: start FollowerState
2019-08-20 14:12:22,368 | INFO  | SCMAudit | user=jenkins1000 | ip=192.168.69.96 | op=SEND_HEARTBEAT {datanodeUUID=385763eb-e39a-4704-9617-4fe83a8f4873, command=[]} | ret=SUCCESS |  
2019-08-20 14:12:22,368 [385763eb-e39a-4704-9617-4fe83a8f4873:group-B028FE683DE0:LeaderElection35] INFO  impl.LeaderElection (LeaderElection.java:logAndReturn(56)) - 385763eb-e39a-4704-9617-4fe83a8f4873:group-B028FE683DE0:LeaderElection35: Election REJECTED; received 0 response(s) [] and 0 exception(s); 385763eb-e39a-4704-9617-4fe83a8f4873:t3, leader=null, voted=385763eb-e39a-4704-9617-4fe83a8f4873, raftlog=385763eb-e39a-4704-9617-4fe83a8f4873-SegmentedRaftLog:OPENED:c-1,f-1,i0, conf=-1: [385763eb-e39a-4704-9617-4fe83a8f4873:192.168.69.96:38476, f54a9d9a-91ad-45d4-b513-3f5ec3046002:192.168.69.96:37332, 7508574d-b4c6-466d-85cb-c3f6c8793b7e:192.168.69.96:35557], old=null
2019-08-20 14:12:22,469 | INFO  | SCMAudit | user=jenkins1000 | ip=192.168.69.96 | op=SEND_HEARTBEAT {datanodeUUID=85238e17-2af5-4085-b5cc-473b32345742, command=[]} | ret=SUCCESS |  
2019-08-20 14:12:23,370 | INFO  | SCMAudit | user=jenkins1000 | ip=192.168.69.96 | op=SEND_HEARTBEAT {datanodeUUID=385763eb-e39a-4704-9617-4fe83a8f4873, command=[]} | ret=SUCCESS |  
2019-08-20 14:12:23,468 | INFO  | SCMAudit | user=jenkins1000 | ip=192.168.69.96 | op=SEND_HEARTBEAT {datanodeUUID=85238e17-2af5-4085-b5cc-473b32345742, command=[]} | ret=SUCCESS |  
2019-08-20 14:12:24,370 | INFO  | SCMAudit | user=jenkins1000 | ip=192.168.69.96 | op=SEND_HEARTBEAT {datanodeUUID=385763eb-e39a-4704-9617-4fe83a8f4873, command=[]} | ret=SUCCESS |  
2019-08-20 14:12:24,468 | INFO  | SCMAudit | user=jenkins1000 | ip=192.168.69.96 | op=SEND_HEARTBEAT {datanodeUUID=85238e17-2af5-4085-b5cc-473b32345742, command=[]} | ret=SUCCESS |  
2019-08-20 14:12:24,732 [main] INFO  ozoneimpl.OzoneContainer (OzoneContainer.java:stop(199)) - Attempting to stop container services.
2019-08-20 14:12:24,733 [ForkJoinPool.commonPool-worker-0] INFO  ozoneimpl.OzoneContainer (OzoneContainer.java:stop(199)) - Attempting to stop container services.
2019-08-20 14:12:24,734 [main] INFO  impl.RaftServerProxy (RaftServerProxy.java:lambda$close$4(314)) - f54a9d9a-91ad-45d4-b513-3f5ec3046002: close
2019-08-20 14:12:24,734 [ForkJoinPool.commonPool-worker-0] INFO  impl.RaftServerProxy (RaftServerProxy.java:lambda$close$4(314)) - 7508574d-b4c6-466d-85cb-c3f6c8793b7e: close
2019-08-20 14:12:24,734 [main] INFO  impl.RaftServerImpl (RaftServerImpl.java:lambda$shutdown$3(245)) - f54a9d9a-91ad-45d4-b513-3f5ec3046002: shutdown group-1FE4ACDC190E
2019-08-20 14:12:24,734 [ForkJoinPool.commonPool-worker-0] INFO  impl.RaftServerImpl (RaftServerImpl.java:lambda$shutdown$3(245)) - 7508574d-b4c6-466d-85cb-c3f6c8793b7e: shutdown group-1FE4ACDC190E
2019-08-20 14:12:24,735 [main] INFO  util.JmxRegister (JmxRegister.java:unregister(73)) - Successfully un-registered JMX Bean with object name Ratis:service=RaftServer,group=group-1FE4ACDC190E,id=f54a9d9a-91ad-45d4-b513-3f5ec3046002
2019-08-20 14:12:24,735 [ForkJoinPool.commonPool-worker-0] INFO  util.JmxRegister (JmxRegister.java:unregister(73)) - Successfully un-registered JMX Bean with object name Ratis:service=RaftServer,group=group-1FE4ACDC190E,id=7508574d-b4c6-466d-85cb-c3f6c8793b7e
2019-08-20 14:12:24,736 [main] INFO  impl.RoleInfo (RoleInfo.java:shutdownLeaderElection(134)) - f54a9d9a-91ad-45d4-b513-3f5ec3046002: shutdown LeaderElection
2019-08-20 14:12:24,736 [ForkJoinPool.commonPool-worker-0] INFO  impl.RoleInfo (RoleInfo.java:shutdownLeaderElection(134)) - 7508574d-b4c6-466d-85cb-c3f6c8793b7e: shutdown LeaderElection
2019-08-20 14:12:24,736 [main] INFO  impl.StateMachineUpdater (StateMachineUpdater.java:stopAndJoin(115)) - StateMachineUpdater:f54a9d9a-91ad-45d4-b513-3f5ec3046002:group-1FE4ACDC190E: set stopIndex = -1
2019-08-20 14:12:24,737 [ForkJoinPool.commonPool-worker-0] INFO  impl.StateMachineUpdater (StateMachineUpdater.java:stopAndJoin(115)) - StateMachineUpdater:7508574d-b4c6-466d-85cb-c3f6c8793b7e:group-1FE4ACDC190E: set stopIndex = -1
2019-08-20 14:12:24,737 [main] INFO  impl.RaftServerImpl (ServerState.java:close(394)) - f54a9d9a-91ad-45d4-b513-3f5ec3046002:group-1FE4ACDC190E closes. The last applied log index is -1
2019-08-20 14:12:24,737 [ForkJoinPool.commonPool-worker-0] INFO  impl.RaftServerImpl (ServerState.java:close(394)) - 7508574d-b4c6-466d-85cb-c3f6c8793b7e:group-1FE4ACDC190E closes. The last applied log index is -1
2019-08-20 14:12:24,738 [f54a9d9a-91ad-45d4-b513-3f5ec3046002-SegmentedRaftLogWorker:Storage Directory /workdir/hadoop-ozone/integration-test/target/test-dir/MiniOzoneClusterImpl-d741eabc-a61f-4873-a8b1-78c66134a397/datanode-5/data/ratis/c615db67-3f06-441c-b49e-1fe4acdc190e] INFO  segmented.SegmentedRaftLogWorker (SegmentedRaftLogWorker.java:run(313)) - f54a9d9a-91ad-45d4-b513-3f5ec3046002-SegmentedRaftLogWorker:Storage Directory /workdir/hadoop-ozone/integration-test/target/test-dir/MiniOzoneClusterImpl-d741eabc-a61f-4873-a8b1-78c66134a397/datanode-5/data/ratis/c615db67-3f06-441c-b49e-1fe4acdc190e was interrupted, exiting. There are 0 tasks remaining in the queue.
2019-08-20 14:12:24,738 [main] INFO  segmented.SegmentedRaftLogWorker (SegmentedRaftLogWorker.java:close(228)) - f54a9d9a-91ad-45d4-b513-3f5ec3046002-SegmentedRaftLogWorker:Storage Directory /workdir/hadoop-ozone/integration-test/target/test-dir/MiniOzoneClusterImpl-d741eabc-a61f-4873-a8b1-78c66134a397/datanode-5/data/ratis/c615db67-3f06-441c-b49e-1fe4acdc190e close()
2019-08-20 14:12:24,738 [7508574d-b4c6-466d-85cb-c3f6c8793b7e-SegmentedRaftLogWorker:Storage Directory /workdir/hadoop-ozone/integration-test/target/test-dir/MiniOzoneClusterImpl-d741eabc-a61f-4873-a8b1-78c66134a397/datanode-2/data/ratis/c615db67-3f06-441c-b49e-1fe4acdc190e] INFO  segmented.SegmentedRaftLogWorker (SegmentedRaftLogWorker.java:run(313)) - 7508574d-b4c6-466d-85cb-c3f6c8793b7e-SegmentedRaftLogWorker:Storage Directory /workdir/hadoop-ozone/integration-test/target/test-dir/MiniOzoneClusterImpl-d741eabc-a61f-4873-a8b1-78c66134a397/datanode-2/data/ratis/c615db67-3f06-441c-b49e-1fe4acdc190e was interrupted, exiting. There are 0 tasks remaining in the queue.
2019-08-20 14:12:24,743 [main] INFO  impl.RaftServerImpl (RaftServerImpl.java:lambda$shutdown$3(245)) - f54a9d9a-91ad-45d4-b513-3f5ec3046002: shutdown group-63A02D806C08
2019-08-20 14:12:24,743 [ForkJoinPool.commonPool-worker-0] INFO  segmented.SegmentedRaftLogWorker (SegmentedRaftLogWorker.java:close(228)) - 7508574d-b4c6-466d-85cb-c3f6c8793b7e-SegmentedRaftLogWorker:Storage Directory /workdir/hadoop-ozone/integration-test/target/test-dir/MiniOzoneClusterImpl-d741eabc-a61f-4873-a8b1-78c66134a397/datanode-2/data/ratis/c615db67-3f06-441c-b49e-1fe4acdc190e close()
2019-08-20 14:12:24,743 [main] INFO  util.JmxRegister (JmxRegister.java:unregister(73)) - Successfully un-registered JMX Bean with object name Ratis:service=RaftServer,group=group-63A02D806C08,id=f54a9d9a-91ad-45d4-b513-3f5ec3046002
2019-08-20 14:12:24,751 [ForkJoinPool.commonPool-worker-0] INFO  impl.RaftServerImpl (RaftServerImpl.java:lambda$shutdown$3(245)) - 7508574d-b4c6-466d-85cb-c3f6c8793b7e: shutdown group-63A02D806C08
2019-08-20 14:12:24,752 [main] INFO  impl.RoleInfo (RoleInfo.java:shutdownLeaderElection(134)) - f54a9d9a-91ad-45d4-b513-3f5ec3046002: shutdown LeaderElection
2019-08-20 14:12:24,752 [ForkJoinPool.commonPool-worker-0] INFO  util.JmxRegister (JmxRegister.java:unregister(73)) - Successfully un-registered JMX Bean with object name Ratis:service=RaftServer,group=group-63A02D806C08,id=7508574d-b4c6-466d-85cb-c3f6c8793b7e
2019-08-20 14:12:24,753 [main] INFO  impl.StateMachineUpdater (StateMachineUpdater.java:stopAndJoin(115)) - StateMachineUpdater:f54a9d9a-91ad-45d4-b513-3f5ec3046002:group-63A02D806C08: set stopIndex = -1
2019-08-20 14:12:24,753 [main] INFO  impl.RaftServerImpl (ServerState.java:close(394)) - f54a9d9a-91ad-45d4-b513-3f5ec3046002:group-63A02D806C08 closes. The last applied log index is -1
2019-08-20 14:12:24,753 [ForkJoinPool.commonPool-worker-0] INFO  impl.RoleInfo (RoleInfo.java:shutdownLeaderElection(134)) - 7508574d-b4c6-466d-85cb-c3f6c8793b7e: shutdown LeaderElection
2019-08-20 14:12:24,754 [f54a9d9a-91ad-45d4-b513-3f5ec3046002-SegmentedRaftLogWorker:Storage Directory /workdir/hadoop-ozone/integration-test/target/test-dir/MiniOzoneClusterImpl-d741eabc-a61f-4873-a8b1-78c66134a397/datanode-5/data/ratis/2dc76856-84cb-46da-8830-63a02d806c08] INFO  segmented.SegmentedRaftLogWorker (SegmentedRaftLogWorker.java:run(313)) - f54a9d9a-91ad-45d4-b513-3f5ec3046002-SegmentedRaftLogWorker:Storage Directory /workdir/hadoop-ozone/integration-test/target/test-dir/MiniOzoneClusterImpl-d741eabc-a61f-4873-a8b1-78c66134a397/datanode-5/data/ratis/2dc76856-84cb-46da-8830-63a02d806c08 was interrupted, exiting. There are 0 tasks remaining in the queue.
2019-08-20 14:12:24,754 [ForkJoinPool.commonPool-worker-0] INFO  impl.StateMachineUpdater (StateMachineUpdater.java:stopAndJoin(115)) - StateMachineUpdater:7508574d-b4c6-466d-85cb-c3f6c8793b7e:group-63A02D806C08: set stopIndex = -1
2019-08-20 14:12:24,754 [main] INFO  segmented.SegmentedRaftLogWorker (SegmentedRaftLogWorker.java:close(228)) - f54a9d9a-91ad-45d4-b513-3f5ec3046002-SegmentedRaftLogWorker:Storage Directory /workdir/hadoop-ozone/integration-test/target/test-dir/MiniOzoneClusterImpl-d741eabc-a61f-4873-a8b1-78c66134a397/datanode-5/data/ratis/2dc76856-84cb-46da-8830-63a02d806c08 close()
2019-08-20 14:12:24,754 [ForkJoinPool.commonPool-worker-0] INFO  impl.RaftServerImpl (ServerState.java:close(394)) - 7508574d-b4c6-466d-85cb-c3f6c8793b7e:group-63A02D806C08 closes. The last applied log index is -1
2019-08-20 14:12:24,757 [main] INFO  impl.RaftServerImpl (RaftServerImpl.java:lambda$shutdown$3(245)) - f54a9d9a-91ad-45d4-b513-3f5ec3046002: shutdown group-B028FE683DE0
2019-08-20 14:12:24,757 [7508574d-b4c6-466d-85cb-c3f6c8793b7e-SegmentedRaftLogWorker:Storage Directory /workdir/hadoop-ozone/integration-test/target/test-dir/MiniOzoneClusterImpl-d741eabc-a61f-4873-a8b1-78c66134a397/datanode-2/data/ratis/2dc76856-84cb-46da-8830-63a02d806c08] INFO  segmented.SegmentedRaftLogWorker (SegmentedRaftLogWorker.java:run(313)) - 7508574d-b4c6-466d-85cb-c3f6c8793b7e-SegmentedRaftLogWorker:Storage Directory /workdir/hadoop-ozone/integration-test/target/test-dir/MiniOzoneClusterImpl-d741eabc-a61f-4873-a8b1-78c66134a397/datanode-2/data/ratis/2dc76856-84cb-46da-8830-63a02d806c08 was interrupted, exiting. There are 0 tasks remaining in the queue.
2019-08-20 14:12:24,758 [main] INFO  util.JmxRegister (JmxRegister.java:unregister(73)) - Successfully un-registered JMX Bean with object name Ratis:service=RaftServer,group=group-B028FE683DE0,id=f54a9d9a-91ad-45d4-b513-3f5ec3046002
2019-08-20 14:12:24,758 [ForkJoinPool.commonPool-worker-0] INFO  segmented.SegmentedRaftLogWorker (SegmentedRaftLogWorker.java:close(228)) - 7508574d-b4c6-466d-85cb-c3f6c8793b7e-SegmentedRaftLogWorker:Storage Directory /workdir/hadoop-ozone/integration-test/target/test-dir/MiniOzoneClusterImpl-d741eabc-a61f-4873-a8b1-78c66134a397/datanode-2/data/ratis/2dc76856-84cb-46da-8830-63a02d806c08 close()
2019-08-20 14:12:24,758 [main] INFO  impl.RoleInfo (RoleInfo.java:shutdownLeaderElection(134)) - f54a9d9a-91ad-45d4-b513-3f5ec3046002: shutdown LeaderElection
2019-08-20 14:12:24,760 [ForkJoinPool.commonPool-worker-0] INFO  impl.RaftServerImpl (RaftServerImpl.java:lambda$shutdown$3(245)) - 7508574d-b4c6-466d-85cb-c3f6c8793b7e: shutdown group-B028FE683DE0
2019-08-20 14:12:24,760 [main] INFO  impl.StateMachineUpdater (StateMachineUpdater.java:stopAndJoin(115)) - StateMachineUpdater:f54a9d9a-91ad-45d4-b513-3f5ec3046002:group-B028FE683DE0: set stopIndex = -1
2019-08-20 14:12:24,761 [ForkJoinPool.commonPool-worker-0] INFO  util.JmxRegister (JmxRegister.java:unregister(73)) - Successfully un-registered JMX Bean with object name Ratis:service=RaftServer,group=group-B028FE683DE0,id=7508574d-b4c6-466d-85cb-c3f6c8793b7e
2019-08-20 14:12:24,761 [main] INFO  impl.RaftServerImpl (ServerState.java:close(394)) - f54a9d9a-91ad-45d4-b513-3f5ec3046002:group-B028FE683DE0 closes. The last applied log index is -1
2019-08-20 14:12:24,761 [ForkJoinPool.commonPool-worker-0] INFO  impl.RoleInfo (RoleInfo.java:shutdownLeaderElection(134)) - 7508574d-b4c6-466d-85cb-c3f6c8793b7e: shutdown LeaderElection
2019-08-20 14:12:24,762 [f54a9d9a-91ad-45d4-b513-3f5ec3046002-SegmentedRaftLogWorker:Storage Directory /workdir/hadoop-ozone/integration-test/target/test-dir/MiniOzoneClusterImpl-d741eabc-a61f-4873-a8b1-78c66134a397/datanode-5/data/ratis/1a05956d-fd15-4648-80cb-b028fe683de0] INFO  segmented.SegmentedRaftLogWorker (SegmentedRaftLogWorker.java:run(313)) - f54a9d9a-91ad-45d4-b513-3f5ec3046002-SegmentedRaftLogWorker:Storage Directory /workdir/hadoop-ozone/integration-test/target/test-dir/MiniOzoneClusterImpl-d741eabc-a61f-4873-a8b1-78c66134a397/datanode-5/data/ratis/1a05956d-fd15-4648-80cb-b028fe683de0 was interrupted, exiting. There are 0 tasks remaining in the queue.
2019-08-20 14:12:24,762 [ForkJoinPool.commonPool-worker-0] INFO  impl.StateMachineUpdater (StateMachineUpdater.java:stopAndJoin(115)) - StateMachineUpdater:7508574d-b4c6-466d-85cb-c3f6c8793b7e:group-B028FE683DE0: set stopIndex = -1
2019-08-20 14:12:24,762 [main] INFO  segmented.SegmentedRaftLogWorker (SegmentedRaftLogWorker.java:close(228)) - f54a9d9a-91ad-45d4-b513-3f5ec3046002-SegmentedRaftLogWorker:Storage Directory /workdir/hadoop-ozone/integration-test/target/test-dir/MiniOzoneClusterImpl-d741eabc-a61f-4873-a8b1-78c66134a397/datanode-5/data/ratis/1a05956d-fd15-4648-80cb-b028fe683de0 close()
2019-08-20 14:12:24,762 [ForkJoinPool.commonPool-worker-0] INFO  impl.RaftServerImpl (ServerState.java:close(394)) - 7508574d-b4c6-466d-85cb-c3f6c8793b7e:group-B028FE683DE0 closes. The last applied log index is -1
2019-08-20 14:12:24,764 [main] INFO  server.GrpcService (GrpcService.java:closeImpl(155)) - f54a9d9a-91ad-45d4-b513-3f5ec3046002: shutdown server with port 37332 now
2019-08-20 14:12:24,764 [7508574d-b4c6-466d-85cb-c3f6c8793b7e-SegmentedRaftLogWorker:Storage Directory /workdir/hadoop-ozone/integration-test/target/test-dir/MiniOzoneClusterImpl-d741eabc-a61f-4873-a8b1-78c66134a397/datanode-2/data/ratis/1a05956d-fd15-4648-80cb-b028fe683de0] INFO  segmented.SegmentedRaftLogWorker (SegmentedRaftLogWorker.java:run(313)) - 7508574d-b4c6-466d-85cb-c3f6c8793b7e-SegmentedRaftLogWorker:Storage Directory /workdir/hadoop-ozone/integration-test/target/test-dir/MiniOzoneClusterImpl-d741eabc-a61f-4873-a8b1-78c66134a397/datanode-2/data/ratis/1a05956d-fd15-4648-80cb-b028fe683de0 was interrupted, exiting. There are 0 tasks remaining in the queue.
2019-08-20 14:12:24,765 [ForkJoinPool.commonPool-worker-0] INFO  segmented.SegmentedRaftLogWorker (SegmentedRaftLogWorker.java:close(228)) - 7508574d-b4c6-466d-85cb-c3f6c8793b7e-SegmentedRaftLogWorker:Storage Directory /workdir/hadoop-ozone/integration-test/target/test-dir/MiniOzoneClusterImpl-d741eabc-a61f-4873-a8b1-78c66134a397/datanode-2/data/ratis/1a05956d-fd15-4648-80cb-b028fe683de0 close()
2019-08-20 14:12:24,766 [ForkJoinPool.commonPool-worker-0] INFO  server.GrpcService (GrpcService.java:closeImpl(155)) - 7508574d-b4c6-466d-85cb-c3f6c8793b7e: shutdown server with port 35557 now
2019-08-20 14:12:24,767 [main] INFO  server.GrpcService (GrpcService.java:closeImpl(163)) - f54a9d9a-91ad-45d4-b513-3f5ec3046002: shutdown server with port 37332 successfully
2019-08-20 14:12:24,767 [ForkJoinPool.commonPool-worker-0] INFO  server.GrpcService (GrpcService.java:closeImpl(163)) - 7508574d-b4c6-466d-85cb-c3f6c8793b7e: shutdown server with port 35557 successfully
2019-08-20 14:12:24,770 [ForkJoinPool.commonPool-worker-0] INFO  utils.BackgroundService (BackgroundService.java:shutdown(148)) - Shutting down service BlockDeletingService
2019-08-20 14:12:24,772 [main] INFO  utils.BackgroundService (BackgroundService.java:shutdown(148)) - Shutting down service BlockDeletingService
2019-08-20 14:12:24,817 [f54a9d9a-91ad-45d4-b513-3f5ec3046002:group-B028FE683DE0:LeaderElection38] INFO  impl.LeaderElection (LeaderElection.java:askForVotes(181)) - f54a9d9a-91ad-45d4-b513-3f5ec3046002:group-B028FE683DE0:LeaderElection38: begin an election at term 3 for -1: [385763eb-e39a-4704-9617-4fe83a8f4873:192.168.69.96:38476, f54a9d9a-91ad-45d4-b513-3f5ec3046002:192.168.69.96:37332, 7508574d-b4c6-466d-85cb-c3f6c8793b7e:192.168.69.96:35557], old=null
2019-08-20 14:12:24,817 [7508574d-b4c6-466d-85cb-c3f6c8793b7e:group-1FE4ACDC190E:LeaderElection41] INFO  impl.LeaderElection (LeaderElection.java:askForVotes(181)) - 7508574d-b4c6-466d-85cb-c3f6c8793b7e:group-1FE4ACDC190E:LeaderElection41: begin an election at term 3 for -1: [385763eb-e39a-4704-9617-4fe83a8f4873:192.168.69.96:38476, f54a9d9a-91ad-45d4-b513-3f5ec3046002:192.168.69.96:37332, 7508574d-b4c6-466d-85cb-c3f6c8793b7e:192.168.69.96:35557], old=null
2019-08-20 14:12:24,817 [385763eb-e39a-4704-9617-4fe83a8f4873:group-1FE4ACDC190E:LeaderElection42] INFO  impl.LeaderElection (LeaderElection.java:askForVotes(181)) - 385763eb-e39a-4704-9617-4fe83a8f4873:group-1FE4ACDC190E:LeaderElection42: begin an election at term 3 for -1: [385763eb-e39a-4704-9617-4fe83a8f4873:192.168.69.96:38476, f54a9d9a-91ad-45d4-b513-3f5ec3046002:192.168.69.96:37332, 7508574d-b4c6-466d-85cb-c3f6c8793b7e:192.168.69.96:35557], old=null
2019-08-20 14:12:24,817 [refreshUsed-/workdir/hadoop-ozone/integration-test/target/test-dir/MiniOzoneClusterImpl-d741eabc-a61f-4873-a8b1-78c66134a397/datanode-2/data/containers] WARN  fs.CachingGetSpaceUsed (CachingGetSpaceUsed.java:run(183)) - Thread Interrupted waiting to refresh disk information: sleep interrupted
2019-08-20 14:12:24,817 [refreshUsed-/workdir/hadoop-ozone/integration-test/target/test-dir/MiniOzoneClusterImpl-d741eabc-a61f-4873-a8b1-78c66134a397/datanode-5/data/containers] WARN  fs.CachingGetSpaceUsed (CachingGetSpaceUsed.java:run(183)) - Thread Interrupted waiting to refresh disk information: sleep interrupted
2019-08-20 14:12:24,817 [385763eb-e39a-4704-9617-4fe83a8f4873:group-63A02D806C08:LeaderElection45] INFO  impl.LeaderElection (LeaderElection.java:askForVotes(181)) - 385763eb-e39a-4704-9617-4fe83a8f4873:group-63A02D806C08:LeaderElection45: begin an election at term 5 for -1: [385763eb-e39a-4704-9617-4fe83a8f4873:192.168.69.96:38476, f54a9d9a-91ad-45d4-b513-3f5ec3046002:192.168.69.96:37332, 7508574d-b4c6-466d-85cb-c3f6c8793b7e:192.168.69.96:35557], old=null
2019-08-20 14:12:24,817 [f54a9d9a-91ad-45d4-b513-3f5ec3046002:group-63A02D806C08:LeaderElection46] INFO  impl.LeaderElection (LeaderElection.java:askForVotes(181)) - f54a9d9a-91ad-45d4-b513-3f5ec3046002:group-63A02D806C08:LeaderElection46: begin an election at term 5 for -1: [385763eb-e39a-4704-9617-4fe83a8f4873:192.168.69.96:38476, f54a9d9a-91ad-45d4-b513-3f5ec3046002:192.168.69.96:37332, 7508574d-b4c6-466d-85cb-c3f6c8793b7e:192.168.69.96:35557], old=null
2019-08-20 14:12:24,817 [f54a9d9a-91ad-45d4-b513-3f5ec3046002:group-1FE4ACDC190E:LeaderElection43] INFO  impl.LeaderElection (LeaderElection.java:askForVotes(181)) - f54a9d9a-91ad-45d4-b513-3f5ec3046002:group-1FE4ACDC190E:LeaderElection43: begin an election at term 3 for -1: [385763eb-e39a-4704-9617-4fe83a8f4873:192.168.69.96:38476, f54a9d9a-91ad-45d4-b513-3f5ec3046002:192.168.69.96:37332, 7508574d-b4c6-466d-85cb-c3f6c8793b7e:192.168.69.96:35557], old=null
2019-08-20 14:12:24,817 [7508574d-b4c6-466d-85cb-c3f6c8793b7e:group-63A02D806C08:LeaderElection44] INFO  impl.LeaderElection (LeaderElection.java:askForVotes(181)) - 7508574d-b4c6-466d-85cb-c3f6c8793b7e:group-63A02D806C08:LeaderElection44: begin an election at term 5 for -1: [385763eb-e39a-4704-9617-4fe83a8f4873:192.168.69.96:38476, f54a9d9a-91ad-45d4-b513-3f5ec3046002:192.168.69.96:37332, 7508574d-b4c6-466d-85cb-c3f6c8793b7e:192.168.69.96:35557], old=null
2019-08-20 14:12:24,817 [7508574d-b4c6-466d-85cb-c3f6c8793b7e:group-B028FE683DE0:LeaderElection33] INFO  impl.LeaderElection (LeaderElection.java:askForVotes(181)) - 7508574d-b4c6-466d-85cb-c3f6c8793b7e:group-B028FE683DE0:LeaderElection33: begin an election at term 3 for -1: [385763eb-e39a-4704-9617-4fe83a8f4873:192.168.69.96:38476, f54a9d9a-91ad-45d4-b513-3f5ec3046002:192.168.69.96:37332, 7508574d-b4c6-466d-85cb-c3f6c8793b7e:192.168.69.96:35557], old=null
2019-08-20 14:12:24,818 [7508574d-b4c6-466d-85cb-c3f6c8793b7e:group-63A02D806C08:LeaderElection44] INFO  impl.LeaderElection (LogUtils.java:infoOrTrace(149)) - Failed 7508574d-b4c6-466d-85cb-c3f6c8793b7e:group-63A02D806C08:LeaderElection44, state=CLOSING: {}
java.lang.IllegalArgumentException: 7508574d-b4c6-466d-85cb-c3f6c8793b7e-SegmentedRaftLog is expected to be opened but it is CLOSED
	at org.apache.ratis.util.OpenCloseState.assertOpen(OpenCloseState.java:63)
	at org.apache.ratis.server.raftlog.RaftLog.checkLogState(RaftLog.java:101)
	at org.apache.ratis.server.raftlog.segmented.SegmentedRaftLog.getLastEntryTermIndex(SegmentedRaftLog.java:263)
	at org.apache.ratis.server.impl.LeaderElection.askForVotes(LeaderElection.java:183)
	at org.apache.ratis.server.impl.LeaderElection.run(LeaderElection.java:130)
	at java.lang.Thread.run(Thread.java:748)
Caused by: org.apache.ratis.util.OpenCloseState$CloseTrace: Close 7508574d-b4c6-466d-85cb-c3f6c8793b7e-SegmentedRaftLog
	at org.apache.ratis.util.OpenCloseState.lambda$close$1(OpenCloseState.java:109)
	at java.util.concurrent.atomic.AtomicReference.getAndUpdate(AtomicReference.java:160)
	at org.apache.ratis.util.OpenCloseState.close(OpenCloseState.java:109)
	at org.apache.ratis.server.raftlog.RaftLog.close(RaftLog.java:437)
	at org.apache.ratis.server.raftlog.segmented.SegmentedRaftLog.close(SegmentedRaftLog.java:428)
	at org.apache.ratis.server.impl.ServerState.close(ServerState.java:397)
	at org.apache.ratis.server.impl.RaftServerImpl.lambda$shutdown$3(RaftServerImpl.java:267)
	at org.apache.ratis.util.LifeCycle.lambda$checkStateAndClose$2(LifeCycle.java:231)
	at org.apache.ratis.util.LifeCycle.checkStateAndClose(LifeCycle.java:251)
	at org.apache.ratis.util.LifeCycle.checkStateAndClose(LifeCycle.java:229)
	at org.apache.ratis.server.impl.RaftServerImpl.shutdown(RaftServerImpl.java:244)
	at org.apache.ratis.server.impl.RaftServerProxy$ImplMap.lambda$close$0(RaftServerProxy.java:107)
	at java.util.stream.ForEachOps$ForEachOp$OfRef.accept(ForEachOps.java:184)
	at java.util.stream.ReferencePipeline$3$1.accept(ReferencePipeline.java:193)
	at java.util.concurrent.ConcurrentHashMap$ValueSpliterator.forEachRemaining(ConcurrentHashMap.java:3566)
	at java.util.stream.AbstractPipeline.copyInto(AbstractPipeline.java:482)
	at java.util.stream.ForEachOps$ForEachTask.compute(ForEachOps.java:291)
	at java.util.concurrent.CountedCompleter.exec(CountedCompleter.java:731)
	at java.util.concurrent.ForkJoinTask.doExec(ForkJoinTask.java:289)
	at java.util.concurrent.ForkJoinPool.helpComplete(ForkJoinPool.java:1870)
	at java.util.concurrent.ForkJoinPool.awaitJoin(ForkJoinPool.java:2045)
	at java.util.concurrent.ForkJoinTask.doInvoke(ForkJoinTask.java:404)
	at java.util.concurrent.ForkJoinTask.invoke(ForkJoinTask.java:734)
	at java.util.stream.ForEachOps$ForEachOp.evaluateParallel(ForEachOps.java:160)
	at java.util.stream.ForEachOps$ForEachOp$OfRef.evaluateParallel(ForEachOps.java:174)
	at java.util.stream.AbstractPipeline.evaluate(AbstractPipeline.java:233)
	at java.util.stream.ReferencePipeline.forEach(ReferencePipeline.java:418)
	at org.apache.ratis.server.impl.RaftServerProxy$ImplMap.close(RaftServerProxy.java:107)
	at org.apache.ratis.server.impl.RaftServerProxy.lambda$close$4(RaftServerProxy.java:315)
	at org.apache.ratis.util.LifeCycle.lambda$checkStateAndClose$2(LifeCycle.java:231)
	at org.apache.ratis.util.LifeCycle.checkStateAndClose(LifeCycle.java:251)
	at org.apache.ratis.util.LifeCycle.checkStateAndClose(LifeCycle.java:229)
	at org.apache.ratis.server.impl.RaftServerProxy.close(RaftServerProxy.java:313)
	at org.apache.hadoop.ozone.container.common.transport.server.ratis.XceiverServerRatis.stop(XceiverServerRatis.java:434)
	at org.apache.hadoop.ozone.container.ozoneimpl.OzoneContainer.stop(OzoneContainer.java:201)
	at org.apache.hadoop.ozone.container.common.statemachine.DatanodeStateMachine.close(DatanodeStateMachine.java:270)
	at org.apache.hadoop.ozone.container.common.statemachine.DatanodeStateMachine.stopDaemon(DatanodeStateMachine.java:394)
	at org.apache.hadoop.ozone.HddsDatanodeService.stop(HddsDatanodeService.java:458)
	at org.apache.hadoop.ozone.MiniOzoneClusterImpl.lambda$stop$2(MiniOzoneClusterImpl.java:347)
	at java.util.stream.ForEachOps$ForEachOp$OfRef.accept(ForEachOps.java:184)
	at java.util.ArrayList$ArrayListSpliterator.forEachRemaining(ArrayList.java:1382)
	at java.util.stream.AbstractPipeline.copyInto(AbstractPipeline.java:482)
	at java.util.stream.ForEachOps$ForEachTask.compute(ForEachOps.java:291)
	at java.util.concurrent.CountedCompleter.exec(CountedCompleter.java:731)
	at java.util.concurrent.ForkJoinTask.doExec(ForkJoinTask.java:289)
	at java.util.concurrent.ForkJoinPool$WorkQueue.execLocalTasks(ForkJoinPool.java:1040)
	at java.util.concurrent.ForkJoinPool$WorkQueue.runTask(ForkJoinPool.java:1058)
	at java.util.concurrent.ForkJoinPool.runWorker(ForkJoinPool.java:1692)
	at java.util.concurrent.ForkJoinWorkerThread.run(ForkJoinWorkerThread.java:157)
2019-08-20 14:12:24,818 [f54a9d9a-91ad-45d4-b513-3f5ec3046002:group-1FE4ACDC190E:LeaderElection43] INFO  impl.LeaderElection (LogUtils.java:infoOrTrace(149)) - Failed f54a9d9a-91ad-45d4-b513-3f5ec3046002:group-1FE4ACDC190E:LeaderElection43, state=CLOSING: {}
java.lang.IllegalArgumentException: f54a9d9a-91ad-45d4-b513-3f5ec3046002-SegmentedRaftLog is expected to be opened but it is CLOSED
	at org.apache.ratis.util.OpenCloseState.assertOpen(OpenCloseState.java:63)
	at org.apache.ratis.server.raftlog.RaftLog.checkLogState(RaftLog.java:101)
	at org.apache.ratis.server.raftlog.segmented.SegmentedRaftLog.getLastEntryTermIndex(SegmentedRaftLog.java:263)
	at org.apache.ratis.server.impl.LeaderElection.askForVotes(LeaderElection.java:183)
	at org.apache.ratis.server.impl.LeaderElection.run(LeaderElection.java:130)
	at java.lang.Thread.run(Thread.java:748)
Caused by: org.apache.ratis.util.OpenCloseState$CloseTrace: Close f54a9d9a-91ad-45d4-b513-3f5ec3046002-SegmentedRaftLog
	at org.apache.ratis.util.OpenCloseState.lambda$close$1(OpenCloseState.java:109)
	at java.util.concurrent.atomic.AtomicReference.getAndUpdate(AtomicReference.java:160)
	at org.apache.ratis.util.OpenCloseState.close(OpenCloseState.java:109)
	at org.apache.ratis.server.raftlog.RaftLog.close(RaftLog.java:437)
	at org.apache.ratis.server.raftlog.segmented.SegmentedRaftLog.close(SegmentedRaftLog.java:428)
	at org.apache.ratis.server.impl.ServerState.close(ServerState.java:397)
	at org.apache.ratis.server.impl.RaftServerImpl.lambda$shutdown$3(RaftServerImpl.java:267)
	at org.apache.ratis.util.LifeCycle.lambda$checkStateAndClose$2(LifeCycle.java:231)
	at org.apache.ratis.util.LifeCycle.checkStateAndClose(LifeCycle.java:251)
	at org.apache.ratis.util.LifeCycle.checkStateAndClose(LifeCycle.java:229)
	at org.apache.ratis.server.impl.RaftServerImpl.shutdown(RaftServerImpl.java:244)
	at org.apache.ratis.server.impl.RaftServerProxy$ImplMap.lambda$close$0(RaftServerProxy.java:107)
	at java.util.stream.ForEachOps$ForEachOp$OfRef.accept(ForEachOps.java:184)
	at java.util.stream.ReferencePipeline$3$1.accept(ReferencePipeline.java:193)
	at java.util.concurrent.ConcurrentHashMap$ValueSpliterator.forEachRemaining(ConcurrentHashMap.java:3566)
	at java.util.stream.AbstractPipeline.copyInto(AbstractPipeline.java:482)
	at java.util.stream.ForEachOps$ForEachTask.compute(ForEachOps.java:291)
	at java.util.concurrent.CountedCompleter.exec(CountedCompleter.java:731)
	at java.util.concurrent.ForkJoinTask.doExec(ForkJoinTask.java:289)
	at java.util.concurrent.ForkJoinTask.doInvoke(ForkJoinTask.java:401)
	at java.util.concurrent.ForkJoinTask.invoke(ForkJoinTask.java:734)
	at java.util.stream.ForEachOps$ForEachOp.evaluateParallel(ForEachOps.java:160)
	at java.util.stream.ForEachOps$ForEachOp$OfRef.evaluateParallel(ForEachOps.java:174)
	at java.util.stream.AbstractPipeline.evaluate(AbstractPipeline.java:233)
	at java.util.stream.ReferencePipeline.forEach(ReferencePipeline.java:418)
	at org.apache.ratis.server.impl.RaftServerProxy$ImplMap.close(RaftServerProxy.java:107)
	at org.apache.ratis.server.impl.RaftServerProxy.lambda$close$4(RaftServerProxy.java:315)
	at org.apache.ratis.util.LifeCycle.lambda$checkStateAndClose$2(LifeCycle.java:231)
	at org.apache.ratis.util.LifeCycle.checkStateAndClose(LifeCycle.java:251)
	at org.apache.ratis.util.LifeCycle.checkStateAndClose(LifeCycle.java:229)
	at org.apache.ratis.server.impl.RaftServerProxy.close(RaftServerProxy.java:313)
	at org.apache.hadoop.ozone.container.common.transport.server.ratis.XceiverServerRatis.stop(XceiverServerRatis.java:434)
	at org.apache.hadoop.ozone.container.ozoneimpl.OzoneContainer.stop(OzoneContainer.java:201)
	at org.apache.hadoop.ozone.container.common.statemachine.DatanodeStateMachine.close(DatanodeStateMachine.java:270)
	at org.apache.hadoop.ozone.container.common.statemachine.DatanodeStateMachine.stopDaemon(DatanodeStateMachine.java:394)
	at org.apache.hadoop.ozone.HddsDatanodeService.stop(HddsDatanodeService.java:458)
	at org.apache.hadoop.ozone.MiniOzoneClusterImpl.lambda$stop$2(MiniOzoneClusterImpl.java:347)
	at java.util.stream.ForEachOps$ForEachOp$OfRef.accept(ForEachOps.java:184)
	at java.util.ArrayList$ArrayListSpliterator.forEachRemaining(ArrayList.java:1382)
	at java.util.stream.AbstractPipeline.copyInto(AbstractPipeline.java:482)
	at java.util.stream.ForEachOps$ForEachTask.compute(ForEachOps.java:291)
	at java.util.concurrent.CountedCompleter.exec(CountedCompleter.java:731)
	at java.util.concurrent.ForkJoinTask.doExec(ForkJoinTask.java:289)
	at java.util.concurrent.ForkJoinPool.helpComplete(ForkJoinPool.java:1870)
	at java.util.concurrent.ForkJoinPool.externalHelpComplete(ForkJoinPool.java:2467)
	at java.util.concurrent.ForkJoinTask.externalAwaitDone(ForkJoinTask.java:324)
	at java.util.concurrent.ForkJoinTask.doInvoke(ForkJoinTask.java:405)
	at java.util.concurrent.ForkJoinTask.invoke(ForkJoinTask.java:734)
	at java.util.stream.ForEachOps$ForEachOp.evaluateParallel(ForEachOps.java:160)
	at java.util.stream.ForEachOps$ForEachOp$OfRef.evaluateParallel(ForEachOps.java:174)
	at java.util.stream.AbstractPipeline.evaluate(AbstractPipeline.java:233)
	at java.util.stream.ReferencePipeline.forEach(ReferencePipeline.java:418)
	at java.util.stream.ReferencePipeline$Head.forEach(ReferencePipeline.java:583)
	at org.apache.hadoop.ozone.MiniOzoneClusterImpl.stop(MiniOzoneClusterImpl.java:346)
	at org.apache.hadoop.ozone.MiniOzoneClusterImpl.shutdown(MiniOzoneClusterImpl.java:326)
	at org.apache.hadoop.ozone.client.rpc.TestMultiBlockWritesWithDnFailures.shutdown(TestMultiBlockWritesWithDnFailures.java:111)
	at sun.reflect.NativeMethodAccessorImpl.invoke0(Native Method)
	at sun.reflect.NativeMethodAccessorImpl.invoke(NativeMethodAccessorImpl.java:62)
	at sun.reflect.DelegatingMethodAccessorImpl.invoke(DelegatingMethodAccessorImpl.java:43)
	at java.lang.reflect.Method.invoke(Method.java:498)
	at org.junit.runners.model.FrameworkMethod$1.runReflectiveCall(FrameworkMethod.java:47)
	at org.junit.internal.runners.model.ReflectiveCallable.run(ReflectiveCallable.java:12)
	at org.junit.runners.model.FrameworkMethod.invokeExplosively(FrameworkMethod.java:44)
	at org.junit.internal.runners.statements.RunAfters.evaluate(RunAfters.java:33)
	at org.junit.runners.ParentRunner.runLeaf(ParentRunner.java:271)
	at org.junit.runners.BlockJUnit4ClassRunner.runChild(BlockJUnit4ClassRunner.java:70)
	at org.junit.runners.BlockJUnit4ClassRunner.runChild(BlockJUnit4ClassRunner.java:50)
	at org.junit.runners.ParentRunner$3.run(ParentRunner.java:238)
	at org.junit.runners.ParentRunner$1.schedule(ParentRunner.java:63)
	at org.junit.runners.ParentRunner.runChildren(ParentRunner.java:236)
	at org.junit.runners.ParentRunner.access$000(ParentRunner.java:53)
	at org.junit.runners.ParentRunner$2.evaluate(ParentRunner.java:229)
	at org.junit.runners.ParentRunner.run(ParentRunner.java:309)
	at org.apache.maven.surefire.junit4.JUnit4Provider.execute(JUnit4Provider.java:365)
	at org.apache.maven.surefire.junit4.JUnit4Provider.executeWithRerun(JUnit4Provider.java:273)
	at org.apache.maven.surefire.junit4.JUnit4Provider.executeTestSet(JUnit4Provider.java:238)
	at org.apache.maven.surefire.junit4.JUnit4Provider.invoke(JUnit4Provider.java:159)
	at org.apache.maven.surefire.booter.ForkedBooter.invokeProviderInSameClassLoader(ForkedBooter.java:384)
	at org.apache.maven.surefire.booter.ForkedBooter.runSuitesInProcess(ForkedBooter.java:345)
	at org.apache.maven.surefire.booter.ForkedBooter.execute(ForkedBooter.java:126)
	at org.apache.maven.surefire.booter.ForkedBooter.main(ForkedBooter.java:418)
2019-08-20 14:12:24,818 [f54a9d9a-91ad-45d4-b513-3f5ec3046002:group-63A02D806C08:LeaderElection46] INFO  impl.LeaderElection (LogUtils.java:infoOrTrace(149)) - Failed f54a9d9a-91ad-45d4-b513-3f5ec3046002:group-63A02D806C08:LeaderElection46, state=CLOSING: {}
java.lang.IllegalArgumentException: f54a9d9a-91ad-45d4-b513-3f5ec3046002-SegmentedRaftLog is expected to be opened but it is CLOSED
	at org.apache.ratis.util.OpenCloseState.assertOpen(OpenCloseState.java:63)
	at org.apache.ratis.server.raftlog.RaftLog.checkLogState(RaftLog.java:101)
	at org.apache.ratis.server.raftlog.segmented.SegmentedRaftLog.getLastEntryTermIndex(SegmentedRaftLog.java:263)
	at org.apache.ratis.server.impl.LeaderElection.askForVotes(LeaderElection.java:183)
	at org.apache.ratis.server.impl.LeaderElection.run(LeaderElection.java:130)
	at java.lang.Thread.run(Thread.java:748)
Caused by: org.apache.ratis.util.OpenCloseState$CloseTrace: Close f54a9d9a-91ad-45d4-b513-3f5ec3046002-SegmentedRaftLog
	at org.apache.ratis.util.OpenCloseState.lambda$close$1(OpenCloseState.java:109)
	at java.util.concurrent.atomic.AtomicReference.getAndUpdate(AtomicReference.java:160)
	at org.apache.ratis.util.OpenCloseState.close(OpenCloseState.java:109)
	at org.apache.ratis.server.raftlog.RaftLog.close(RaftLog.java:437)
	at org.apache.ratis.server.raftlog.segmented.SegmentedRaftLog.close(SegmentedRaftLog.java:428)
	at org.apache.ratis.server.impl.ServerState.close(ServerState.java:397)
	at org.apache.ratis.server.impl.RaftServerImpl.lambda$shutdown$3(RaftServerImpl.java:267)
	at org.apache.ratis.util.LifeCycle.lambda$checkStateAndClose$2(LifeCycle.java:231)
	at org.apache.ratis.util.LifeCycle.checkStateAndClose(LifeCycle.java:251)
	at org.apache.ratis.util.LifeCycle.checkStateAndClose(LifeCycle.java:229)
	at org.apache.ratis.server.impl.RaftServerImpl.shutdown(RaftServerImpl.java:244)
	at org.apache.ratis.server.impl.RaftServerProxy$ImplMap.lambda$close$0(RaftServerProxy.java:107)
	at java.util.stream.ForEachOps$ForEachOp$OfRef.accept(ForEachOps.java:184)
	at java.util.stream.ReferencePipeline$3$1.accept(ReferencePipeline.java:193)
	at java.util.concurrent.ConcurrentHashMap$ValueSpliterator.forEachRemaining(ConcurrentHashMap.java:3566)
	at java.util.stream.AbstractPipeline.copyInto(AbstractPipeline.java:482)
	at java.util.stream.ForEachOps$ForEachTask.compute(ForEachOps.java:291)
	at java.util.concurrent.CountedCompleter.exec(CountedCompleter.java:731)
	at java.util.concurrent.ForkJoinTask.doExec(ForkJoinTask.java:289)
	at java.util.concurrent.ForkJoinPool.helpComplete(ForkJoinPool.java:1870)
	at java.util.concurrent.ForkJoinPool.externalHelpComplete(ForkJoinPool.java:2467)
	at java.util.concurrent.ForkJoinTask.externalAwaitDone(ForkJoinTask.java:324)
	at java.util.concurrent.ForkJoinTask.doInvoke(ForkJoinTask.java:405)
	at java.util.concurrent.ForkJoinTask.invoke(ForkJoinTask.java:734)
	at java.util.stream.ForEachOps$ForEachOp.evaluateParallel(ForEachOps.java:160)
	at java.util.stream.ForEachOps$ForEachOp$OfRef.evaluateParallel(ForEachOps.java:174)
	at java.util.stream.AbstractPipeline.evaluate(AbstractPipeline.java:233)
	at java.util.stream.ReferencePipeline.forEach(ReferencePipeline.java:418)
	at org.apache.ratis.server.impl.RaftServerProxy$ImplMap.close(RaftServerProxy.java:107)
	at org.apache.ratis.server.impl.RaftServerProxy.lambda$close$4(RaftServerProxy.java:315)
	at org.apache.ratis.util.LifeCycle.lambda$checkStateAndClose$2(LifeCycle.java:231)
	at org.apache.ratis.util.LifeCycle.checkStateAndClose(LifeCycle.java:251)
	at org.apache.ratis.util.LifeCycle.checkStateAndClose(LifeCycle.java:229)
	at org.apache.ratis.server.impl.RaftServerProxy.close(RaftServerProxy.java:313)
	at org.apache.hadoop.ozone.container.common.transport.server.ratis.XceiverServerRatis.stop(XceiverServerRatis.java:434)
	at org.apache.hadoop.ozone.container.ozoneimpl.OzoneContainer.stop(OzoneContainer.java:201)
	at org.apache.hadoop.ozone.container.common.statemachine.DatanodeStateMachine.close(DatanodeStateMachine.java:270)
	at org.apache.hadoop.ozone.container.common.statemachine.DatanodeStateMachine.stopDaemon(DatanodeStateMachine.java:394)
	at org.apache.hadoop.ozone.HddsDatanodeService.stop(HddsDatanodeService.java:458)
	at org.apache.hadoop.ozone.MiniOzoneClusterImpl.lambda$stop$2(MiniOzoneClusterImpl.java:347)
	at java.util.stream.ForEachOps$ForEachOp$OfRef.accept(ForEachOps.java:184)
	at java.util.ArrayList$ArrayListSpliterator.forEachRemaining(ArrayList.java:1382)
	at java.util.stream.AbstractPipeline.copyInto(AbstractPipeline.java:482)
	at java.util.stream.ForEachOps$ForEachTask.compute(ForEachOps.java:291)
	at java.util.concurrent.CountedCompleter.exec(CountedCompleter.java:731)
	at java.util.concurrent.ForkJoinTask.doExec(ForkJoinTask.java:289)
	at java.util.concurrent.ForkJoinPool.helpComplete(ForkJoinPool.java:1870)
	at java.util.concurrent.ForkJoinPool.externalHelpComplete(ForkJoinPool.java:2467)
	at java.util.concurrent.ForkJoinTask.externalAwaitDone(ForkJoinTask.java:324)
	at java.util.concurrent.ForkJoinTask.doInvoke(ForkJoinTask.java:405)
	at java.util.concurrent.ForkJoinTask.invoke(ForkJoinTask.java:734)
	at java.util.stream.ForEachOps$ForEachOp.evaluateParallel(ForEachOps.java:160)
	at java.util.stream.ForEachOps$ForEachOp$OfRef.evaluateParallel(ForEachOps.java:174)
	at java.util.stream.AbstractPipeline.evaluate(AbstractPipeline.java:233)
	at java.util.stream.ReferencePipeline.forEach(ReferencePipeline.java:418)
	at java.util.stream.ReferencePipeline$Head.forEach(ReferencePipeline.java:583)
	at org.apache.hadoop.ozone.MiniOzoneClusterImpl.stop(MiniOzoneClusterImpl.java:346)
	at org.apache.hadoop.ozone.MiniOzoneClusterImpl.shutdown(MiniOzoneClusterImpl.java:326)
	at org.apache.hadoop.ozone.client.rpc.TestMultiBlockWritesWithDnFailures.shutdown(TestMultiBlockWritesWithDnFailures.java:111)
	at sun.reflect.NativeMethodAccessorImpl.invoke0(Native Method)
	at sun.reflect.NativeMethodAccessorImpl.invoke(NativeMethodAccessorImpl.java:62)
	at sun.reflect.DelegatingMethodAccessorImpl.invoke(DelegatingMethodAccessorImpl.java:43)
	at java.lang.reflect.Method.invoke(Method.java:498)
	at org.junit.runners.model.FrameworkMethod$1.runReflectiveCall(FrameworkMethod.java:47)
	at org.junit.internal.runners.model.ReflectiveCallable.run(ReflectiveCallable.java:12)
	at org.junit.runners.model.FrameworkMethod.invokeExplosively(FrameworkMethod.java:44)
	at org.junit.internal.runners.statements.RunAfters.evaluate(RunAfters.java:33)
	at org.junit.runners.ParentRunner.runLeaf(ParentRunner.java:271)
	at org.junit.runners.BlockJUnit4ClassRunner.runChild(BlockJUnit4ClassRunner.java:70)
	at org.junit.runners.BlockJUnit4ClassRunner.runChild(BlockJUnit4ClassRunner.java:50)
	at org.junit.runners.ParentRunner$3.run(ParentRunner.java:238)
	at org.junit.runners.ParentRunner$1.schedule(ParentRunner.java:63)
	at org.junit.runners.ParentRunner.runChildren(ParentRunner.java:236)
	at org.junit.runners.ParentRunner.access$000(ParentRunner.java:53)
	at org.junit.runners.ParentRunner$2.evaluate(ParentRunner.java:229)
	at org.junit.runners.ParentRunner.run(ParentRunner.java:309)
	at org.apache.maven.surefire.junit4.JUnit4Provider.execute(JUnit4Provider.java:365)
	at org.apache.maven.surefire.junit4.JUnit4Provider.executeWithRerun(JUnit4Provider.java:273)
	at org.apache.maven.surefire.junit4.JUnit4Provider.executeTestSet(JUnit4Provider.java:238)
	at org.apache.maven.surefire.junit4.JUnit4Provider.invoke(JUnit4Provider.java:159)
	at org.apache.maven.surefire.booter.ForkedBooter.invokeProviderInSameClassLoader(ForkedBooter.java:384)
	at org.apache.maven.surefire.booter.ForkedBooter.runSuitesInProcess(ForkedBooter.java:345)
	at org.apache.maven.surefire.booter.ForkedBooter.execute(ForkedBooter.java:126)
	at org.apache.maven.surefire.booter.ForkedBooter.main(ForkedBooter.java:418)
2019-08-20 14:12:24,824 [f54a9d9a-91ad-45d4-b513-3f5ec3046002:group-63A02D806C08:LeaderElection46] INFO  impl.LeaderElection (LeaderElection.java:run(141)) - f54a9d9a-91ad-45d4-b513-3f5ec3046002:group-63A02D806C08:LeaderElection46: IllegalArgumentException is safely ignored since this is already CLOSING
2019-08-20 14:12:24,818 [7508574d-b4c6-466d-85cb-c3f6c8793b7e:group-1FE4ACDC190E:LeaderElection41] INFO  impl.LeaderElection (LogUtils.java:infoOrTrace(149)) - Failed 7508574d-b4c6-466d-85cb-c3f6c8793b7e:group-1FE4ACDC190E:LeaderElection41, state=CLOSING: {}
java.lang.IllegalArgumentException: 7508574d-b4c6-466d-85cb-c3f6c8793b7e-SegmentedRaftLog is expected to be opened but it is CLOSED
	at org.apache.ratis.util.OpenCloseState.assertOpen(OpenCloseState.java:63)
	at org.apache.ratis.server.raftlog.RaftLog.checkLogState(RaftLog.java:101)
	at org.apache.ratis.server.raftlog.segmented.SegmentedRaftLog.getLastEntryTermIndex(SegmentedRaftLog.java:263)
	at org.apache.ratis.server.impl.LeaderElection.askForVotes(LeaderElection.java:183)
	at org.apache.ratis.server.impl.LeaderElection.run(LeaderElection.java:130)
	at java.lang.Thread.run(Thread.java:748)
Caused by: org.apache.ratis.util.OpenCloseState$CloseTrace: Close 7508574d-b4c6-466d-85cb-c3f6c8793b7e-SegmentedRaftLog
	at org.apache.ratis.util.OpenCloseState.lambda$close$1(OpenCloseState.java:109)
	at java.util.concurrent.atomic.AtomicReference.getAndUpdate(AtomicReference.java:160)
	at org.apache.ratis.util.OpenCloseState.close(OpenCloseState.java:109)
	at org.apache.ratis.server.raftlog.RaftLog.close(RaftLog.java:437)
	at org.apache.ratis.server.raftlog.segmented.SegmentedRaftLog.close(SegmentedRaftLog.java:428)
	at org.apache.ratis.server.impl.ServerState.close(ServerState.java:397)
	at org.apache.ratis.server.impl.RaftServerImpl.lambda$shutdown$3(RaftServerImpl.java:267)
	at org.apache.ratis.util.LifeCycle.lambda$checkStateAndClose$2(LifeCycle.java:231)
	at org.apache.ratis.util.LifeCycle.checkStateAndClose(LifeCycle.java:251)
	at org.apache.ratis.util.LifeCycle.checkStateAndClose(LifeCycle.java:229)
	at org.apache.ratis.server.impl.RaftServerImpl.shutdown(RaftServerImpl.java:244)
	at org.apache.ratis.server.impl.RaftServerProxy$ImplMap.lambda$close$0(RaftServerProxy.java:107)
	at java.util.stream.ForEachOps$ForEachOp$OfRef.accept(ForEachOps.java:184)
	at java.util.stream.ReferencePipeline$3$1.accept(ReferencePipeline.java:193)
	at java.util.concurrent.ConcurrentHashMap$ValueSpliterator.forEachRemaining(ConcurrentHashMap.java:3566)
	at java.util.stream.AbstractPipeline.copyInto(AbstractPipeline.java:482)
	at java.util.stream.ForEachOps$ForEachTask.compute(ForEachOps.java:291)
	at java.util.concurrent.CountedCompleter.exec(CountedCompleter.java:731)
	at java.util.concurrent.ForkJoinTask.doExec(ForkJoinTask.java:289)
	at java.util.concurrent.ForkJoinTask.doInvoke(ForkJoinTask.java:401)
	at java.util.concurrent.ForkJoinTask.invoke(ForkJoinTask.java:734)
	at java.util.stream.ForEachOps$ForEachOp.evaluateParallel(ForEachOps.java:160)
	at java.util.stream.ForEachOps$ForEachOp$OfRef.evaluateParallel(ForEachOps.java:174)
	at java.util.stream.AbstractPipeline.evaluate(AbstractPipeline.java:233)
	at java.util.stream.ReferencePipeline.forEach(ReferencePipeline.java:418)
	at org.apache.ratis.server.impl.RaftServerProxy$ImplMap.close(RaftServerProxy.java:107)
	at org.apache.ratis.server.impl.RaftServerProxy.lambda$close$4(RaftServerProxy.java:315)
	at org.apache.ratis.util.LifeCycle.lambda$checkStateAndClose$2(LifeCycle.java:231)
	at org.apache.ratis.util.LifeCycle.checkStateAndClose(LifeCycle.java:251)
	at org.apache.ratis.util.LifeCycle.checkStateAndClose(LifeCycle.java:229)
	at org.apache.ratis.server.impl.RaftServerProxy.close(RaftServerProxy.java:313)
	at org.apache.hadoop.ozone.container.common.transport.server.ratis.XceiverServerRatis.stop(XceiverServerRatis.java:434)
	at org.apache.hadoop.ozone.container.ozoneimpl.OzoneContainer.stop(OzoneContainer.java:201)
	at org.apache.hadoop.ozone.container.common.statemachine.DatanodeStateMachine.close(DatanodeStateMachine.java:270)
	at org.apache.hadoop.ozone.container.common.statemachine.DatanodeStateMachine.stopDaemon(DatanodeStateMachine.java:394)
	at org.apache.hadoop.ozone.HddsDatanodeService.stop(HddsDatanodeService.java:458)
	at org.apache.hadoop.ozone.MiniOzoneClusterImpl.lambda$stop$2(MiniOzoneClusterImpl.java:347)
	at java.util.stream.ForEachOps$ForEachOp$OfRef.accept(ForEachOps.java:184)
	at java.util.ArrayList$ArrayListSpliterator.forEachRemaining(ArrayList.java:1382)
	at java.util.stream.AbstractPipeline.copyInto(AbstractPipeline.java:482)
	at java.util.stream.ForEachOps$ForEachTask.compute(ForEachOps.java:291)
	at java.util.concurrent.CountedCompleter.exec(CountedCompleter.java:731)
	at java.util.concurrent.ForkJoinTask.doExec(ForkJoinTask.java:289)
	at java.util.concurrent.ForkJoinPool$WorkQueue.execLocalTasks(ForkJoinPool.java:1040)
	at java.util.concurrent.ForkJoinPool$WorkQueue.runTask(ForkJoinPool.java:1058)
	at java.util.concurrent.ForkJoinPool.runWorker(ForkJoinPool.java:1692)
	at java.util.concurrent.ForkJoinWorkerThread.run(ForkJoinWorkerThread.java:157)
2019-08-20 14:12:24,818 [f54a9d9a-91ad-45d4-b513-3f5ec3046002:group-B028FE683DE0:LeaderElection38] INFO  impl.LeaderElection (LogUtils.java:infoOrTrace(149)) - Failed f54a9d9a-91ad-45d4-b513-3f5ec3046002:group-B028FE683DE0:LeaderElection38, state=CLOSING: {}
java.lang.IllegalArgumentException: f54a9d9a-91ad-45d4-b513-3f5ec3046002-SegmentedRaftLog is expected to be opened but it is CLOSED
	at org.apache.ratis.util.OpenCloseState.assertOpen(OpenCloseState.java:63)
	at org.apache.ratis.server.raftlog.RaftLog.checkLogState(RaftLog.java:101)
	at org.apache.ratis.server.raftlog.segmented.SegmentedRaftLog.getLastEntryTermIndex(SegmentedRaftLog.java:263)
	at org.apache.ratis.server.impl.LeaderElection.askForVotes(LeaderElection.java:183)
	at org.apache.ratis.server.impl.LeaderElection.run(LeaderElection.java:130)
	at java.lang.Thread.run(Thread.java:748)
Caused by: org.apache.ratis.util.OpenCloseState$CloseTrace: Close f54a9d9a-91ad-45d4-b513-3f5ec3046002-SegmentedRaftLog
	at org.apache.ratis.util.OpenCloseState.lambda$close$1(OpenCloseState.java:109)
	at java.util.concurrent.atomic.AtomicReference.getAndUpdate(AtomicReference.java:160)
	at org.apache.ratis.util.OpenCloseState.close(OpenCloseState.java:109)
	at org.apache.ratis.server.raftlog.RaftLog.close(RaftLog.java:437)
	at org.apache.ratis.server.raftlog.segmented.SegmentedRaftLog.close(SegmentedRaftLog.java:428)
	at org.apache.ratis.server.impl.ServerState.close(ServerState.java:397)
	at org.apache.ratis.server.impl.RaftServerImpl.lambda$shutdown$3(RaftServerImpl.java:267)
	at org.apache.ratis.util.LifeCycle.lambda$checkStateAndClose$2(LifeCycle.java:231)
	at org.apache.ratis.util.LifeCycle.checkStateAndClose(LifeCycle.java:251)
	at org.apache.ratis.util.LifeCycle.checkStateAndClose(LifeCycle.java:229)
	at org.apache.ratis.server.impl.RaftServerImpl.shutdown(RaftServerImpl.java:244)
	at org.apache.ratis.server.impl.RaftServerProxy$ImplMap.lambda$close$0(RaftServerProxy.java:107)
	at java.util.stream.ForEachOps$ForEachOp$OfRef.accept(ForEachOps.java:184)
	at java.util.stream.ReferencePipeline$3$1.accept(ReferencePipeline.java:193)
	at java.util.concurrent.ConcurrentHashMap$ValueSpliterator.forEachRemaining(ConcurrentHashMap.java:3566)
	at java.util.stream.AbstractPipeline.copyInto(AbstractPipeline.java:482)
	at java.util.stream.ForEachOps$ForEachTask.compute(ForEachOps.java:291)
	at java.util.concurrent.CountedCompleter.exec(CountedCompleter.java:731)
	at java.util.concurrent.ForkJoinTask.doExec(ForkJoinTask.java:289)
	at java.util.concurrent.ForkJoinPool.helpComplete(ForkJoinPool.java:1870)
	at java.util.concurrent.ForkJoinPool.externalHelpComplete(ForkJoinPool.java:2467)
	at java.util.concurrent.ForkJoinTask.externalAwaitDone(ForkJoinTask.java:324)
	at java.util.concurrent.ForkJoinTask.doInvoke(ForkJoinTask.java:405)
	at java.util.concurrent.ForkJoinTask.invoke(ForkJoinTask.java:734)
	at java.util.stream.ForEachOps$ForEachOp.evaluateParallel(ForEachOps.java:160)
	at java.util.stream.ForEachOps$ForEachOp$OfRef.evaluateParallel(ForEachOps.java:174)
	at java.util.stream.AbstractPipeline.evaluate(AbstractPipeline.java:233)
	at java.util.stream.ReferencePipeline.forEach(ReferencePipeline.java:418)
	at org.apache.ratis.server.impl.RaftServerProxy$ImplMap.close(RaftServerProxy.java:107)
	at org.apache.ratis.server.impl.RaftServerProxy.lambda$close$4(RaftServerProxy.java:315)
	at org.apache.ratis.util.LifeCycle.lambda$checkStateAndClose$2(LifeCycle.java:231)
	at org.apache.ratis.util.LifeCycle.checkStateAndClose(LifeCycle.java:251)
	at org.apache.ratis.util.LifeCycle.checkStateAndClose(LifeCycle.java:229)
	at org.apache.ratis.server.impl.RaftServerProxy.close(RaftServerProxy.java:313)
	at org.apache.hadoop.ozone.container.common.transport.server.ratis.XceiverServerRatis.stop(XceiverServerRatis.java:434)
	at org.apache.hadoop.ozone.container.ozoneimpl.OzoneContainer.stop(OzoneContainer.java:201)
	at org.apache.hadoop.ozone.container.common.statemachine.DatanodeStateMachine.close(DatanodeStateMachine.java:270)
	at org.apache.hadoop.ozone.container.common.statemachine.DatanodeStateMachine.stopDaemon(DatanodeStateMachine.java:394)
	at org.apache.hadoop.ozone.HddsDatanodeService.stop(HddsDatanodeService.java:458)
	at org.apache.hadoop.ozone.MiniOzoneClusterImpl.lambda$stop$2(MiniOzoneClusterImpl.java:347)
	at java.util.stream.ForEachOps$ForEachOp$OfRef.accept(ForEachOps.java:184)
	at java.util.ArrayList$ArrayListSpliterator.forEachRemaining(ArrayList.java:1382)
	at java.util.stream.AbstractPipeline.copyInto(AbstractPipeline.java:482)
	at java.util.stream.ForEachOps$ForEachTask.compute(ForEachOps.java:291)
	at java.util.concurrent.CountedCompleter.exec(CountedCompleter.java:731)
	at java.util.concurrent.ForkJoinTask.doExec(ForkJoinTask.java:289)
	at java.util.concurrent.ForkJoinPool.helpComplete(ForkJoinPool.java:1870)
	at java.util.concurrent.ForkJoinPool.externalHelpComplete(ForkJoinPool.java:2467)
	at java.util.concurrent.ForkJoinTask.externalAwaitDone(ForkJoinTask.java:324)
	at java.util.concurrent.ForkJoinTask.doInvoke(ForkJoinTask.java:405)
	at java.util.concurrent.ForkJoinTask.invoke(ForkJoinTask.java:734)
	at java.util.stream.ForEachOps$ForEachOp.evaluateParallel(ForEachOps.java:160)
	at java.util.stream.ForEachOps$ForEachOp$OfRef.evaluateParallel(ForEachOps.java:174)
	at java.util.stream.AbstractPipeline.evaluate(AbstractPipeline.java:233)
	at java.util.stream.ReferencePipeline.forEach(ReferencePipeline.java:418)
	at java.util.stream.ReferencePipeline$Head.forEach(ReferencePipeline.java:583)
	at org.apache.hadoop.ozone.MiniOzoneClusterImpl.stop(MiniOzoneClusterImpl.java:346)
	at org.apache.hadoop.ozone.MiniOzoneClusterImpl.shutdown(MiniOzoneClusterImpl.java:326)
	at org.apache.hadoop.ozone.client.rpc.TestMultiBlockWritesWithDnFailures.shutdown(TestMultiBlockWritesWithDnFailures.java:111)
	at sun.reflect.NativeMethodAccessorImpl.invoke0(Native Method)
	at sun.reflect.NativeMethodAccessorImpl.invoke(NativeMethodAccessorImpl.java:62)
	at sun.reflect.DelegatingMethodAccessorImpl.invoke(DelegatingMethodAccessorImpl.java:43)
	at java.lang.reflect.Method.invoke(Method.java:498)
	at org.junit.runners.model.FrameworkMethod$1.runReflectiveCall(FrameworkMethod.java:47)
	at org.junit.internal.runners.model.ReflectiveCallable.run(ReflectiveCallable.java:12)
	at org.junit.runners.model.FrameworkMethod.invokeExplosively(FrameworkMethod.java:44)
	at org.junit.internal.runners.statements.RunAfters.evaluate(RunAfters.java:33)
	at org.junit.runners.ParentRunner.runLeaf(ParentRunner.java:271)
	at org.junit.runners.BlockJUnit4ClassRunner.runChild(BlockJUnit4ClassRunner.java:70)
	at org.junit.runners.BlockJUnit4ClassRunner.runChild(BlockJUnit4ClassRunner.java:50)
	at org.junit.runners.ParentRunner$3.run(ParentRunner.java:238)
	at org.junit.runners.ParentRunner$1.schedule(ParentRunner.java:63)
	at org.junit.runners.ParentRunner.runChildren(ParentRunner.java:236)
	at org.junit.runners.ParentRunner.access$000(ParentRunner.java:53)
	at org.junit.runners.ParentRunner$2.evaluate(ParentRunner.java:229)
	at org.junit.runners.ParentRunner.run(ParentRunner.java:309)
	at org.apache.maven.surefire.junit4.JUnit4Provider.execute(JUnit4Provider.java:365)
	at org.apache.maven.surefire.junit4.JUnit4Provider.executeWithRerun(JUnit4Provider.java:273)
	at org.apache.maven.surefire.junit4.JUnit4Provider.executeTestSet(JUnit4Provider.java:238)
	at org.apache.maven.surefire.junit4.JUnit4Provider.invoke(JUnit4Provider.java:159)
	at org.apache.maven.surefire.booter.ForkedBooter.invokeProviderInSameClassLoader(ForkedBooter.java:384)
	at org.apache.maven.surefire.booter.ForkedBooter.runSuitesInProcess(ForkedBooter.java:345)
	at org.apache.maven.surefire.booter.ForkedBooter.execute(ForkedBooter.java:126)
	at org.apache.maven.surefire.booter.ForkedBooter.main(ForkedBooter.java:418)
2019-08-20 14:12:24,826 [7508574d-b4c6-466d-85cb-c3f6c8793b7e:group-1FE4ACDC190E:LeaderElection41] INFO  impl.LeaderElection (LeaderElection.java:run(141)) - 7508574d-b4c6-466d-85cb-c3f6c8793b7e:group-1FE4ACDC190E:LeaderElection41: IllegalArgumentException is safely ignored since this is already CLOSING
2019-08-20 14:12:24,823 [385763eb-e39a-4704-9617-4fe83a8f4873:group-63A02D806C08:LeaderElection45] INFO  impl.LeaderElection (LogUtils.java:infoOrTrace(149)) - 385763eb-e39a-4704-9617-4fe83a8f4873:group-63A02D806C08:LeaderElection45 got exception when requesting votes: {}
java.util.concurrent.ExecutionException: org.apache.ratis.thirdparty.io.grpc.StatusRuntimeException: UNAVAILABLE: io exception
	at java.util.concurrent.FutureTask.report(FutureTask.java:122)
	at java.util.concurrent.FutureTask.get(FutureTask.java:192)
	at org.apache.ratis.server.impl.LeaderElection.waitForResults(LeaderElection.java:262)
	at org.apache.ratis.server.impl.LeaderElection.askForVotes(LeaderElection.java:200)
	at org.apache.ratis.server.impl.LeaderElection.run(LeaderElection.java:130)
	at java.lang.Thread.run(Thread.java:748)
Caused by: org.apache.ratis.thirdparty.io.grpc.StatusRuntimeException: UNAVAILABLE: io exception
	at org.apache.ratis.thirdparty.io.grpc.stub.ClientCalls.toStatusRuntimeException(ClientCalls.java:233)
	at org.apache.ratis.thirdparty.io.grpc.stub.ClientCalls.getUnchecked(ClientCalls.java:214)
	at org.apache.ratis.thirdparty.io.grpc.stub.ClientCalls.blockingUnaryCall(ClientCalls.java:139)
	at org.apache.ratis.proto.grpc.RaftServerProtocolServiceGrpc$RaftServerProtocolServiceBlockingStub.requestVote(RaftServerProtocolServiceGrpc.java:265)
	at org.apache.ratis.grpc.server.GrpcServerProtocolClient.requestVote(GrpcServerProtocolClient.java:83)
	at org.apache.ratis.grpc.server.GrpcService.requestVote(GrpcService.java:195)
	at org.apache.ratis.server.impl.LeaderElection.lambda$submitRequests$1(LeaderElection.java:237)
	at java.util.concurrent.FutureTask.run(FutureTask.java:266)
	at java.util.concurrent.Executors$RunnableAdapter.call(Executors.java:511)
	at java.util.concurrent.FutureTask.run(FutureTask.java:266)
	at java.util.concurrent.ThreadPoolExecutor.runWorker(ThreadPoolExecutor.java:1149)
	at java.util.concurrent.ThreadPoolExecutor$Worker.run(ThreadPoolExecutor.java:624)
	... 1 more
Caused by: org.apache.ratis.thirdparty.io.netty.channel.AbstractChannel$AnnotatedConnectException: Connection refused: /192.168.69.96:37332
	at sun.nio.ch.SocketChannelImpl.checkConnect(Native Method)
	at sun.nio.ch.SocketChannelImpl.finishConnect(SocketChannelImpl.java:717)
	at org.apache.ratis.thirdparty.io.netty.channel.socket.nio.NioSocketChannel.doFinishConnect(NioSocketChannel.java:327)
	at org.apache.ratis.thirdparty.io.netty.channel.nio.AbstractNioChannel$AbstractNioUnsafe.finishConnect(AbstractNioChannel.java:340)
	at org.apache.ratis.thirdparty.io.netty.channel.nio.NioEventLoop.processSelectedKey(NioEventLoop.java:632)
	at org.apache.ratis.thirdparty.io.netty.channel.nio.NioEventLoop.processSelectedKeysOptimized(NioEventLoop.java:579)
	at org.apache.ratis.thirdparty.io.netty.channel.nio.NioEventLoop.processSelectedKeys(NioEventLoop.java:496)
	at org.apache.ratis.thirdparty.io.netty.channel.nio.NioEventLoop.run(NioEventLoop.java:458)
	at org.apache.ratis.thirdparty.io.netty.util.concurrent.SingleThreadEventExecutor$5.run(SingleThreadEventExecutor.java:897)
	at org.apache.ratis.thirdparty.io.netty.util.concurrent.FastThreadLocalRunnable.run(FastThreadLocalRunnable.java:30)
	... 1 more
Caused by: java.net.ConnectException: Connection refused
	... 11 more
2019-08-20 14:12:24,823 [385763eb-e39a-4704-9617-4fe83a8f4873:group-1FE4ACDC190E:LeaderElection42] INFO  impl.LeaderElection (LogUtils.java:infoOrTrace(149)) - 385763eb-e39a-4704-9617-4fe83a8f4873:group-1FE4ACDC190E:LeaderElection42 got exception when requesting votes: {}
java.util.concurrent.ExecutionException: org.apache.ratis.thirdparty.io.grpc.StatusRuntimeException: UNAVAILABLE: io exception
	at java.util.concurrent.FutureTask.report(FutureTask.java:122)
	at java.util.concurrent.FutureTask.get(FutureTask.java:192)
	at org.apache.ratis.server.impl.LeaderElection.waitForResults(LeaderElection.java:262)
	at org.apache.ratis.server.impl.LeaderElection.askForVotes(LeaderElection.java:200)
	at org.apache.ratis.server.impl.LeaderElection.run(LeaderElection.java:130)
	at java.lang.Thread.run(Thread.java:748)
Caused by: org.apache.ratis.thirdparty.io.grpc.StatusRuntimeException: UNAVAILABLE: io exception
	at org.apache.ratis.thirdparty.io.grpc.stub.ClientCalls.toStatusRuntimeException(ClientCalls.java:233)
	at org.apache.ratis.thirdparty.io.grpc.stub.ClientCalls.getUnchecked(ClientCalls.java:214)
	at org.apache.ratis.thirdparty.io.grpc.stub.ClientCalls.blockingUnaryCall(ClientCalls.java:139)
	at org.apache.ratis.proto.grpc.RaftServerProtocolServiceGrpc$RaftServerProtocolServiceBlockingStub.requestVote(RaftServerProtocolServiceGrpc.java:265)
	at org.apache.ratis.grpc.server.GrpcServerProtocolClient.requestVote(GrpcServerProtocolClient.java:83)
	at org.apache.ratis.grpc.server.GrpcService.requestVote(GrpcService.java:195)
	at org.apache.ratis.server.impl.LeaderElection.lambda$submitRequests$1(LeaderElection.java:237)
	at java.util.concurrent.FutureTask.run(FutureTask.java:266)
	at java.util.concurrent.Executors$RunnableAdapter.call(Executors.java:511)
	at java.util.concurrent.FutureTask.run(FutureTask.java:266)
	at java.util.concurrent.ThreadPoolExecutor.runWorker(ThreadPoolExecutor.java:1149)
	at java.util.concurrent.ThreadPoolExecutor$Worker.run(ThreadPoolExecutor.java:624)
	... 1 more
Caused by: org.apache.ratis.thirdparty.io.netty.channel.AbstractChannel$AnnotatedConnectException: Connection refused: /192.168.69.96:37332
	at sun.nio.ch.SocketChannelImpl.checkConnect(Native Method)
	at sun.nio.ch.SocketChannelImpl.finishConnect(SocketChannelImpl.java:717)
	at org.apache.ratis.thirdparty.io.netty.channel.socket.nio.NioSocketChannel.doFinishConnect(NioSocketChannel.java:327)
	at org.apache.ratis.thirdparty.io.netty.channel.nio.AbstractNioChannel$AbstractNioUnsafe.finishConnect(AbstractNioChannel.java:340)
	at org.apache.ratis.thirdparty.io.netty.channel.nio.NioEventLoop.processSelectedKey(NioEventLoop.java:632)
	at org.apache.ratis.thirdparty.io.netty.channel.nio.NioEventLoop.processSelectedKeysOptimized(NioEventLoop.java:579)
	at org.apache.ratis.thirdparty.io.netty.channel.nio.NioEventLoop.processSelectedKeys(NioEventLoop.java:496)
	at org.apache.ratis.thirdparty.io.netty.channel.nio.NioEventLoop.run(NioEventLoop.java:458)
	at org.apache.ratis.thirdparty.io.netty.util.concurrent.SingleThreadEventExecutor$5.run(SingleThreadEventExecutor.java:897)
	at org.apache.ratis.thirdparty.io.netty.util.concurrent.FastThreadLocalRunnable.run(FastThreadLocalRunnable.java:30)
	... 1 more
Caused by: java.net.ConnectException: Connection refused
	... 11 more
2019-08-20 14:12:24,822 [f54a9d9a-91ad-45d4-b513-3f5ec3046002:group-1FE4ACDC190E:LeaderElection43] INFO  impl.LeaderElection (LeaderElection.java:run(141)) - f54a9d9a-91ad-45d4-b513-3f5ec3046002:group-1FE4ACDC190E:LeaderElection43: IllegalArgumentException is safely ignored since this is already CLOSING
2019-08-20 14:12:24,821 [7508574d-b4c6-466d-85cb-c3f6c8793b7e:group-63A02D806C08:LeaderElection44] INFO  impl.LeaderElection (LeaderElection.java:run(141)) - 7508574d-b4c6-466d-85cb-c3f6c8793b7e:group-63A02D806C08:LeaderElection44: IllegalArgumentException is safely ignored since this is already CLOSING
2019-08-20 14:12:24,819 [7508574d-b4c6-466d-85cb-c3f6c8793b7e:group-B028FE683DE0:LeaderElection33] INFO  impl.LeaderElection (LogUtils.java:infoOrTrace(149)) - Failed 7508574d-b4c6-466d-85cb-c3f6c8793b7e:group-B028FE683DE0:LeaderElection33, state=CLOSING: {}
java.lang.IllegalArgumentException: 7508574d-b4c6-466d-85cb-c3f6c8793b7e-SegmentedRaftLog is expected to be opened but it is CLOSED
	at org.apache.ratis.util.OpenCloseState.assertOpen(OpenCloseState.java:63)
	at org.apache.ratis.server.raftlog.RaftLog.checkLogState(RaftLog.java:101)
	at org.apache.ratis.server.raftlog.segmented.SegmentedRaftLog.getLastEntryTermIndex(SegmentedRaftLog.java:263)
	at org.apache.ratis.server.impl.LeaderElection.askForVotes(LeaderElection.java:183)
	at org.apache.ratis.server.impl.LeaderElection.run(LeaderElection.java:130)
	at java.lang.Thread.run(Thread.java:748)
Caused by: org.apache.ratis.util.OpenCloseState$CloseTrace: Close 7508574d-b4c6-466d-85cb-c3f6c8793b7e-SegmentedRaftLog
	at org.apache.ratis.util.OpenCloseState.lambda$close$1(OpenCloseState.java:109)
	at java.util.concurrent.atomic.AtomicReference.getAndUpdate(AtomicReference.java:160)
	at org.apache.ratis.util.OpenCloseState.close(OpenCloseState.java:109)
	at org.apache.ratis.server.raftlog.RaftLog.close(RaftLog.java:437)
	at org.apache.ratis.server.raftlog.segmented.SegmentedRaftLog.close(SegmentedRaftLog.java:428)
	at org.apache.ratis.server.impl.ServerState.close(ServerState.java:397)
	at org.apache.ratis.server.impl.RaftServerImpl.lambda$shutdown$3(RaftServerImpl.java:267)
	at org.apache.ratis.util.LifeCycle.lambda$checkStateAndClose$2(LifeCycle.java:231)
	at org.apache.ratis.util.LifeCycle.checkStateAndClose(LifeCycle.java:251)
	at org.apache.ratis.util.LifeCycle.checkStateAndClose(LifeCycle.java:229)
	at org.apache.ratis.server.impl.RaftServerImpl.shutdown(RaftServerImpl.java:244)
	at org.apache.ratis.server.impl.RaftServerProxy$ImplMap.lambda$close$0(RaftServerProxy.java:107)
	at java.util.stream.ForEachOps$ForEachOp$OfRef.accept(ForEachOps.java:184)
	at java.util.stream.ReferencePipeline$3$1.accept(ReferencePipeline.java:193)
	at java.util.concurrent.ConcurrentHashMap$ValueSpliterator.forEachRemaining(ConcurrentHashMap.java:3566)
	at java.util.stream.AbstractPipeline.copyInto(AbstractPipeline.java:482)
	at java.util.stream.ForEachOps$ForEachTask.compute(ForEachOps.java:291)
	at java.util.concurrent.CountedCompleter.exec(CountedCompleter.java:731)
	at java.util.concurrent.ForkJoinTask.doExec(ForkJoinTask.java:289)
	at java.util.concurrent.ForkJoinPool.helpComplete(ForkJoinPool.java:1870)
	at java.util.concurrent.ForkJoinPool.awaitJoin(ForkJoinPool.java:2045)
	at java.util.concurrent.ForkJoinTask.doInvoke(ForkJoinTask.java:404)
	at java.util.concurrent.ForkJoinTask.invoke(ForkJoinTask.java:734)
	at java.util.stream.ForEachOps$ForEachOp.evaluateParallel(ForEachOps.java:160)
	at java.util.stream.ForEachOps$ForEachOp$OfRef.evaluateParallel(ForEachOps.java:174)
	at java.util.stream.AbstractPipeline.evaluate(AbstractPipeline.java:233)
	at java.util.stream.ReferencePipeline.forEach(ReferencePipeline.java:418)
	at org.apache.ratis.server.impl.RaftServerProxy$ImplMap.close(RaftServerProxy.java:107)
	at org.apache.ratis.server.impl.RaftServerProxy.lambda$close$4(RaftServerProxy.java:315)
	at org.apache.ratis.util.LifeCycle.lambda$checkStateAndClose$2(LifeCycle.java:231)
	at org.apache.ratis.util.LifeCycle.checkStateAndClose(LifeCycle.java:251)
	at org.apache.ratis.util.LifeCycle.checkStateAndClose(LifeCycle.java:229)
	at org.apache.ratis.server.impl.RaftServerProxy.close(RaftServerProxy.java:313)
	at org.apache.hadoop.ozone.container.common.transport.server.ratis.XceiverServerRatis.stop(XceiverServerRatis.java:434)
	at org.apache.hadoop.ozone.container.ozoneimpl.OzoneContainer.stop(OzoneContainer.java:201)
	at org.apache.hadoop.ozone.container.common.statemachine.DatanodeStateMachine.close(DatanodeStateMachine.java:270)
	at org.apache.hadoop.ozone.container.common.statemachine.DatanodeStateMachine.stopDaemon(DatanodeStateMachine.java:394)
	at org.apache.hadoop.ozone.HddsDatanodeService.stop(HddsDatanodeService.java:458)
	at org.apache.hadoop.ozone.MiniOzoneClusterImpl.lambda$stop$2(MiniOzoneClusterImpl.java:347)
	at java.util.stream.ForEachOps$ForEachOp$OfRef.accept(ForEachOps.java:184)
	at java.util.ArrayList$ArrayListSpliterator.forEachRemaining(ArrayList.java:1382)
	at java.util.stream.AbstractPipeline.copyInto(AbstractPipeline.java:482)
	at java.util.stream.ForEachOps$ForEachTask.compute(ForEachOps.java:291)
	at java.util.concurrent.CountedCompleter.exec(CountedCompleter.java:731)
	at java.util.concurrent.ForkJoinTask.doExec(ForkJoinTask.java:289)
	at java.util.concurrent.ForkJoinPool$WorkQueue.execLocalTasks(ForkJoinPool.java:1040)
	at java.util.concurrent.ForkJoinPool$WorkQueue.runTask(ForkJoinPool.java:1058)
	at java.util.concurrent.ForkJoinPool.runWorker(ForkJoinPool.java:1692)
	at java.util.concurrent.ForkJoinWorkerThread.run(ForkJoinWorkerThread.java:157)
2019-08-20 14:12:24,830 [385763eb-e39a-4704-9617-4fe83a8f4873:group-1FE4ACDC190E:LeaderElection42] INFO  impl.LeaderElection (LogUtils.java:infoOrTrace(149)) - 385763eb-e39a-4704-9617-4fe83a8f4873:group-1FE4ACDC190E:LeaderElection42 got exception when requesting votes: {}
java.util.concurrent.ExecutionException: org.apache.ratis.thirdparty.io.grpc.StatusRuntimeException: UNAVAILABLE: io exception
	at java.util.concurrent.FutureTask.report(FutureTask.java:122)
	at java.util.concurrent.FutureTask.get(FutureTask.java:192)
	at org.apache.ratis.server.impl.LeaderElection.waitForResults(LeaderElection.java:262)
	at org.apache.ratis.server.impl.LeaderElection.askForVotes(LeaderElection.java:200)
	at org.apache.ratis.server.impl.LeaderElection.run(LeaderElection.java:130)
	at java.lang.Thread.run(Thread.java:748)
Caused by: org.apache.ratis.thirdparty.io.grpc.StatusRuntimeException: UNAVAILABLE: io exception
	at org.apache.ratis.thirdparty.io.grpc.stub.ClientCalls.toStatusRuntimeException(ClientCalls.java:233)
	at org.apache.ratis.thirdparty.io.grpc.stub.ClientCalls.getUnchecked(ClientCalls.java:214)
	at org.apache.ratis.thirdparty.io.grpc.stub.ClientCalls.blockingUnaryCall(ClientCalls.java:139)
	at org.apache.ratis.proto.grpc.RaftServerProtocolServiceGrpc$RaftServerProtocolServiceBlockingStub.requestVote(RaftServerProtocolServiceGrpc.java:265)
	at org.apache.ratis.grpc.server.GrpcServerProtocolClient.requestVote(GrpcServerProtocolClient.java:83)
	at org.apache.ratis.grpc.server.GrpcService.requestVote(GrpcService.java:195)
	at org.apache.ratis.server.impl.LeaderElection.lambda$submitRequests$1(LeaderElection.java:237)
	at java.util.concurrent.FutureTask.run(FutureTask.java:266)
	at java.util.concurrent.Executors$RunnableAdapter.call(Executors.java:511)
	at java.util.concurrent.FutureTask.run(FutureTask.java:266)
	at java.util.concurrent.ThreadPoolExecutor.runWorker(ThreadPoolExecutor.java:1149)
	at java.util.concurrent.ThreadPoolExecutor$Worker.run(ThreadPoolExecutor.java:624)
	... 1 more
Caused by: org.apache.ratis.thirdparty.io.netty.channel.AbstractChannel$AnnotatedConnectException: Connection refused: /192.168.69.96:35557
	at sun.nio.ch.SocketChannelImpl.checkConnect(Native Method)
	at sun.nio.ch.SocketChannelImpl.finishConnect(SocketChannelImpl.java:717)
	at org.apache.ratis.thirdparty.io.netty.channel.socket.nio.NioSocketChannel.doFinishConnect(NioSocketChannel.java:327)
	at org.apache.ratis.thirdparty.io.netty.channel.nio.AbstractNioChannel$AbstractNioUnsafe.finishConnect(AbstractNioChannel.java:340)
	at org.apache.ratis.thirdparty.io.netty.channel.nio.NioEventLoop.processSelectedKey(NioEventLoop.java:632)
	at org.apache.ratis.thirdparty.io.netty.channel.nio.NioEventLoop.processSelectedKeysOptimized(NioEventLoop.java:579)
	at org.apache.ratis.thirdparty.io.netty.channel.nio.NioEventLoop.processSelectedKeys(NioEventLoop.java:496)
	at org.apache.ratis.thirdparty.io.netty.channel.nio.NioEventLoop.run(NioEventLoop.java:458)
	at org.apache.ratis.thirdparty.io.netty.util.concurrent.SingleThreadEventExecutor$5.run(SingleThreadEventExecutor.java:897)
	at org.apache.ratis.thirdparty.io.netty.util.concurrent.FastThreadLocalRunnable.run(FastThreadLocalRunnable.java:30)
	... 1 more
Caused by: java.net.ConnectException: Connection refused
	... 11 more
2019-08-20 14:12:24,829 [385763eb-e39a-4704-9617-4fe83a8f4873:group-63A02D806C08:LeaderElection45] INFO  impl.LeaderElection (LogUtils.java:infoOrTrace(149)) - 385763eb-e39a-4704-9617-4fe83a8f4873:group-63A02D806C08:LeaderElection45 got exception when requesting votes: {}
java.util.concurrent.ExecutionException: org.apache.ratis.thirdparty.io.grpc.StatusRuntimeException: UNAVAILABLE: io exception
	at java.util.concurrent.FutureTask.report(FutureTask.java:122)
	at java.util.concurrent.FutureTask.get(FutureTask.java:192)
	at org.apache.ratis.server.impl.LeaderElection.waitForResults(LeaderElection.java:262)
	at org.apache.ratis.server.impl.LeaderElection.askForVotes(LeaderElection.java:200)
	at org.apache.ratis.server.impl.LeaderElection.run(LeaderElection.java:130)
	at java.lang.Thread.run(Thread.java:748)
Caused by: org.apache.ratis.thirdparty.io.grpc.StatusRuntimeException: UNAVAILABLE: io exception
	at org.apache.ratis.thirdparty.io.grpc.stub.ClientCalls.toStatusRuntimeException(ClientCalls.java:233)
	at org.apache.ratis.thirdparty.io.grpc.stub.ClientCalls.getUnchecked(ClientCalls.java:214)
	at org.apache.ratis.thirdparty.io.grpc.stub.ClientCalls.blockingUnaryCall(ClientCalls.java:139)
	at org.apache.ratis.proto.grpc.RaftServerProtocolServiceGrpc$RaftServerProtocolServiceBlockingStub.requestVote(RaftServerProtocolServiceGrpc.java:265)
	at org.apache.ratis.grpc.server.GrpcServerProtocolClient.requestVote(GrpcServerProtocolClient.java:83)
	at org.apache.ratis.grpc.server.GrpcService.requestVote(GrpcService.java:195)
	at org.apache.ratis.server.impl.LeaderElection.lambda$submitRequests$1(LeaderElection.java:237)
	at java.util.concurrent.FutureTask.run(FutureTask.java:266)
	at java.util.concurrent.Executors$RunnableAdapter.call(Executors.java:511)
	at java.util.concurrent.FutureTask.run(FutureTask.java:266)
	at java.util.concurrent.ThreadPoolExecutor.runWorker(ThreadPoolExecutor.java:1149)
	at java.util.concurrent.ThreadPoolExecutor$Worker.run(ThreadPoolExecutor.java:624)
	... 1 more
Caused by: org.apache.ratis.thirdparty.io.netty.channel.AbstractChannel$AnnotatedConnectException: Connection refused: /192.168.69.96:35557
	at sun.nio.ch.SocketChannelImpl.checkConnect(Native Method)
	at sun.nio.ch.SocketChannelImpl.finishConnect(SocketChannelImpl.java:717)
	at org.apache.ratis.thirdparty.io.netty.channel.socket.nio.NioSocketChannel.doFinishConnect(NioSocketChannel.java:327)
	at org.apache.ratis.thirdparty.io.netty.channel.nio.AbstractNioChannel$AbstractNioUnsafe.finishConnect(AbstractNioChannel.java:340)
	at org.apache.ratis.thirdparty.io.netty.channel.nio.NioEventLoop.processSelectedKey(NioEventLoop.java:632)
	at org.apache.ratis.thirdparty.io.netty.channel.nio.NioEventLoop.processSelectedKeysOptimized(NioEventLoop.java:579)
	at org.apache.ratis.thirdparty.io.netty.channel.nio.NioEventLoop.processSelectedKeys(NioEventLoop.java:496)
	at org.apache.ratis.thirdparty.io.netty.channel.nio.NioEventLoop.run(NioEventLoop.java:458)
	at org.apache.ratis.thirdparty.io.netty.util.concurrent.SingleThreadEventExecutor$5.run(SingleThreadEventExecutor.java:897)
	at org.apache.ratis.thirdparty.io.netty.util.concurrent.FastThreadLocalRunnable.run(FastThreadLocalRunnable.java:30)
	... 1 more
Caused by: java.net.ConnectException: Connection refused
	... 11 more
2019-08-20 14:12:24,828 [f54a9d9a-91ad-45d4-b513-3f5ec3046002:group-B028FE683DE0:LeaderElection38] INFO  impl.LeaderElection (LeaderElection.java:run(141)) - f54a9d9a-91ad-45d4-b513-3f5ec3046002:group-B028FE683DE0:LeaderElection38: IllegalArgumentException is safely ignored since this is already CLOSING
2019-08-20 14:12:24,837 [385763eb-e39a-4704-9617-4fe83a8f4873:group-63A02D806C08:LeaderElection45] INFO  impl.LeaderElection (LeaderElection.java:logAndReturn(56)) - 385763eb-e39a-4704-9617-4fe83a8f4873:group-63A02D806C08:LeaderElection45: Election REJECTED; received 0 response(s) [] and 2 exception(s); 385763eb-e39a-4704-9617-4fe83a8f4873:t5, leader=null, voted=385763eb-e39a-4704-9617-4fe83a8f4873, raftlog=385763eb-e39a-4704-9617-4fe83a8f4873-SegmentedRaftLog:OPENED:c-1,f-1,i0, conf=-1: [385763eb-e39a-4704-9617-4fe83a8f4873:192.168.69.96:38476, f54a9d9a-91ad-45d4-b513-3f5ec3046002:192.168.69.96:37332, 7508574d-b4c6-466d-85cb-c3f6c8793b7e:192.168.69.96:35557], old=null
2019-08-20 14:12:24,837 [385763eb-e39a-4704-9617-4fe83a8f4873:group-63A02D806C08:LeaderElection45] INFO  impl.LeaderElection (LogUtils.java:infoOrTrace(149)) -   Exception 0: {}
java.util.concurrent.ExecutionException: org.apache.ratis.thirdparty.io.grpc.StatusRuntimeException: UNAVAILABLE: io exception
	at java.util.concurrent.FutureTask.report(FutureTask.java:122)
	at java.util.concurrent.FutureTask.get(FutureTask.java:192)
	at org.apache.ratis.server.impl.LeaderElection.waitForResults(LeaderElection.java:262)
	at org.apache.ratis.server.impl.LeaderElection.askForVotes(LeaderElection.java:200)
	at org.apache.ratis.server.impl.LeaderElection.run(LeaderElection.java:130)
	at java.lang.Thread.run(Thread.java:748)
Caused by: org.apache.ratis.thirdparty.io.grpc.StatusRuntimeException: UNAVAILABLE: io exception
	at org.apache.ratis.thirdparty.io.grpc.stub.ClientCalls.toStatusRuntimeException(ClientCalls.java:233)
	at org.apache.ratis.thirdparty.io.grpc.stub.ClientCalls.getUnchecked(ClientCalls.java:214)
	at org.apache.ratis.thirdparty.io.grpc.stub.ClientCalls.blockingUnaryCall(ClientCalls.java:139)
	at org.apache.ratis.proto.grpc.RaftServerProtocolServiceGrpc$RaftServerProtocolServiceBlockingStub.requestVote(RaftServerProtocolServiceGrpc.java:265)
	at org.apache.ratis.grpc.server.GrpcServerProtocolClient.requestVote(GrpcServerProtocolClient.java:83)
	at org.apache.ratis.grpc.server.GrpcService.requestVote(GrpcService.java:195)
	at org.apache.ratis.server.impl.LeaderElection.lambda$submitRequests$1(LeaderElection.java:237)
	at java.util.concurrent.FutureTask.run(FutureTask.java:266)
	at java.util.concurrent.Executors$RunnableAdapter.call(Executors.java:511)
	at java.util.concurrent.FutureTask.run(FutureTask.java:266)
	at java.util.concurrent.ThreadPoolExecutor.runWorker(ThreadPoolExecutor.java:1149)
	at java.util.concurrent.ThreadPoolExecutor$Worker.run(ThreadPoolExecutor.java:624)
	... 1 more
Caused by: org.apache.ratis.thirdparty.io.netty.channel.AbstractChannel$AnnotatedConnectException: Connection refused: /192.168.69.96:37332
	at sun.nio.ch.SocketChannelImpl.checkConnect(Native Method)
	at sun.nio.ch.SocketChannelImpl.finishConnect(SocketChannelImpl.java:717)
	at org.apache.ratis.thirdparty.io.netty.channel.socket.nio.NioSocketChannel.doFinishConnect(NioSocketChannel.java:327)
	at org.apache.ratis.thirdparty.io.netty.channel.nio.AbstractNioChannel$AbstractNioUnsafe.finishConnect(AbstractNioChannel.java:340)
	at org.apache.ratis.thirdparty.io.netty.channel.nio.NioEventLoop.processSelectedKey(NioEventLoop.java:632)
	at org.apache.ratis.thirdparty.io.netty.channel.nio.NioEventLoop.processSelectedKeysOptimized(NioEventLoop.java:579)
	at org.apache.ratis.thirdparty.io.netty.channel.nio.NioEventLoop.processSelectedKeys(NioEventLoop.java:496)
	at org.apache.ratis.thirdparty.io.netty.channel.nio.NioEventLoop.run(NioEventLoop.java:458)
	at org.apache.ratis.thirdparty.io.netty.util.concurrent.SingleThreadEventExecutor$5.run(SingleThreadEventExecutor.java:897)
	at org.apache.ratis.thirdparty.io.netty.util.concurrent.FastThreadLocalRunnable.run(FastThreadLocalRunnable.java:30)
	... 1 more
Caused by: java.net.ConnectException: Connection refused
	... 11 more
2019-08-20 14:12:24,837 [385763eb-e39a-4704-9617-4fe83a8f4873:group-63A02D806C08:LeaderElection45] INFO  impl.LeaderElection (LogUtils.java:infoOrTrace(149)) -   Exception 1: {}
java.util.concurrent.ExecutionException: org.apache.ratis.thirdparty.io.grpc.StatusRuntimeException: UNAVAILABLE: io exception
	at java.util.concurrent.FutureTask.report(FutureTask.java:122)
	at java.util.concurrent.FutureTask.get(FutureTask.java:192)
	at org.apache.ratis.server.impl.LeaderElection.waitForResults(LeaderElection.java:262)
	at org.apache.ratis.server.impl.LeaderElection.askForVotes(LeaderElection.java:200)
	at org.apache.ratis.server.impl.LeaderElection.run(LeaderElection.java:130)
	at java.lang.Thread.run(Thread.java:748)
Caused by: org.apache.ratis.thirdparty.io.grpc.StatusRuntimeException: UNAVAILABLE: io exception
	at org.apache.ratis.thirdparty.io.grpc.stub.ClientCalls.toStatusRuntimeException(ClientCalls.java:233)
	at org.apache.ratis.thirdparty.io.grpc.stub.ClientCalls.getUnchecked(ClientCalls.java:214)
	at org.apache.ratis.thirdparty.io.grpc.stub.ClientCalls.blockingUnaryCall(ClientCalls.java:139)
	at org.apache.ratis.proto.grpc.RaftServerProtocolServiceGrpc$RaftServerProtocolServiceBlockingStub.requestVote(RaftServerProtocolServiceGrpc.java:265)
	at org.apache.ratis.grpc.server.GrpcServerProtocolClient.requestVote(GrpcServerProtocolClient.java:83)
	at org.apache.ratis.grpc.server.GrpcService.requestVote(GrpcService.java:195)
	at org.apache.ratis.server.impl.LeaderElection.lambda$submitRequests$1(LeaderElection.java:237)
	at java.util.concurrent.FutureTask.run(FutureTask.java:266)
	at java.util.concurrent.Executors$RunnableAdapter.call(Executors.java:511)
	at java.util.concurrent.FutureTask.run(FutureTask.java:266)
	at java.util.concurrent.ThreadPoolExecutor.runWorker(ThreadPoolExecutor.java:1149)
	at java.util.concurrent.ThreadPoolExecutor$Worker.run(ThreadPoolExecutor.java:624)
	... 1 more
Caused by: org.apache.ratis.thirdparty.io.netty.channel.AbstractChannel$AnnotatedConnectException: Connection refused: /192.168.69.96:35557
	at sun.nio.ch.SocketChannelImpl.checkConnect(Native Method)
	at sun.nio.ch.SocketChannelImpl.finishConnect(SocketChannelImpl.java:717)
	at org.apache.ratis.thirdparty.io.netty.channel.socket.nio.NioSocketChannel.doFinishConnect(NioSocketChannel.java:327)
	at org.apache.ratis.thirdparty.io.netty.channel.nio.AbstractNioChannel$AbstractNioUnsafe.finishConnect(AbstractNioChannel.java:340)
	at org.apache.ratis.thirdparty.io.netty.channel.nio.NioEventLoop.processSelectedKey(NioEventLoop.java:632)
	at org.apache.ratis.thirdparty.io.netty.channel.nio.NioEventLoop.processSelectedKeysOptimized(NioEventLoop.java:579)
	at org.apache.ratis.thirdparty.io.netty.channel.nio.NioEventLoop.processSelectedKeys(NioEventLoop.java:496)
	at org.apache.ratis.thirdparty.io.netty.channel.nio.NioEventLoop.run(NioEventLoop.java:458)
	at org.apache.ratis.thirdparty.io.netty.util.concurrent.SingleThreadEventExecutor$5.run(SingleThreadEventExecutor.java:897)
	at org.apache.ratis.thirdparty.io.netty.util.concurrent.FastThreadLocalRunnable.run(FastThreadLocalRunnable.java:30)
	... 1 more
Caused by: java.net.ConnectException: Connection refused
	... 11 more
2019-08-20 14:12:24,833 [385763eb-e39a-4704-9617-4fe83a8f4873:group-1FE4ACDC190E:LeaderElection42] INFO  impl.LeaderElection (LeaderElection.java:logAndReturn(56)) - 385763eb-e39a-4704-9617-4fe83a8f4873:group-1FE4ACDC190E:LeaderElection42: Election REJECTED; received 0 response(s) [] and 2 exception(s); 385763eb-e39a-4704-9617-4fe83a8f4873:t3, leader=null, voted=385763eb-e39a-4704-9617-4fe83a8f4873, raftlog=385763eb-e39a-4704-9617-4fe83a8f4873-SegmentedRaftLog:OPENED:c-1,f-1,i0, conf=-1: [385763eb-e39a-4704-9617-4fe83a8f4873:192.168.69.96:38476, f54a9d9a-91ad-45d4-b513-3f5ec3046002:192.168.69.96:37332, 7508574d-b4c6-466d-85cb-c3f6c8793b7e:192.168.69.96:35557], old=null
2019-08-20 14:12:24,832 [7508574d-b4c6-466d-85cb-c3f6c8793b7e:group-B028FE683DE0:LeaderElection33] INFO  impl.LeaderElection (LeaderElection.java:run(141)) - 7508574d-b4c6-466d-85cb-c3f6c8793b7e:group-B028FE683DE0:LeaderElection33: IllegalArgumentException is safely ignored since this is already CLOSING
2019-08-20 14:12:24,838 [385763eb-e39a-4704-9617-4fe83a8f4873:group-1FE4ACDC190E:LeaderElection42] INFO  impl.LeaderElection (LogUtils.java:infoOrTrace(149)) -   Exception 0: {}
java.util.concurrent.ExecutionException: org.apache.ratis.thirdparty.io.grpc.StatusRuntimeException: UNAVAILABLE: io exception
	at java.util.concurrent.FutureTask.report(FutureTask.java:122)
	at java.util.concurrent.FutureTask.get(FutureTask.java:192)
	at org.apache.ratis.server.impl.LeaderElection.waitForResults(LeaderElection.java:262)
	at org.apache.ratis.server.impl.LeaderElection.askForVotes(LeaderElection.java:200)
	at org.apache.ratis.server.impl.LeaderElection.run(LeaderElection.java:130)
	at java.lang.Thread.run(Thread.java:748)
Caused by: org.apache.ratis.thirdparty.io.grpc.StatusRuntimeException: UNAVAILABLE: io exception
	at org.apache.ratis.thirdparty.io.grpc.stub.ClientCalls.toStatusRuntimeException(ClientCalls.java:233)
	at org.apache.ratis.thirdparty.io.grpc.stub.ClientCalls.getUnchecked(ClientCalls.java:214)
	at org.apache.ratis.thirdparty.io.grpc.stub.ClientCalls.blockingUnaryCall(ClientCalls.java:139)
	at org.apache.ratis.proto.grpc.RaftServerProtocolServiceGrpc$RaftServerProtocolServiceBlockingStub.requestVote(RaftServerProtocolServiceGrpc.java:265)
	at org.apache.ratis.grpc.server.GrpcServerProtocolClient.requestVote(GrpcServerProtocolClient.java:83)
	at org.apache.ratis.grpc.server.GrpcService.requestVote(GrpcService.java:195)
	at org.apache.ratis.server.impl.LeaderElection.lambda$submitRequests$1(LeaderElection.java:237)
	at java.util.concurrent.FutureTask.run(FutureTask.java:266)
	at java.util.concurrent.Executors$RunnableAdapter.call(Executors.java:511)
	at java.util.concurrent.FutureTask.run(FutureTask.java:266)
	at java.util.concurrent.ThreadPoolExecutor.runWorker(ThreadPoolExecutor.java:1149)
	at java.util.concurrent.ThreadPoolExecutor$Worker.run(ThreadPoolExecutor.java:624)
	... 1 more
Caused by: org.apache.ratis.thirdparty.io.netty.channel.AbstractChannel$AnnotatedConnectException: Connection refused: /192.168.69.96:37332
	at sun.nio.ch.SocketChannelImpl.checkConnect(Native Method)
	at sun.nio.ch.SocketChannelImpl.finishConnect(SocketChannelImpl.java:717)
	at org.apache.ratis.thirdparty.io.netty.channel.socket.nio.NioSocketChannel.doFinishConnect(NioSocketChannel.java:327)
	at org.apache.ratis.thirdparty.io.netty.channel.nio.AbstractNioChannel$AbstractNioUnsafe.finishConnect(AbstractNioChannel.java:340)
	at org.apache.ratis.thirdparty.io.netty.channel.nio.NioEventLoop.processSelectedKey(NioEventLoop.java:632)
	at org.apache.ratis.thirdparty.io.netty.channel.nio.NioEventLoop.processSelectedKeysOptimized(NioEventLoop.java:579)
	at org.apache.ratis.thirdparty.io.netty.channel.nio.NioEventLoop.processSelectedKeys(NioEventLoop.java:496)
	at org.apache.ratis.thirdparty.io.netty.channel.nio.NioEventLoop.run(NioEventLoop.java:458)
	at org.apache.ratis.thirdparty.io.netty.util.concurrent.SingleThreadEventExecutor$5.run(SingleThreadEventExecutor.java:897)
	at org.apache.ratis.thirdparty.io.netty.util.concurrent.FastThreadLocalRunnable.run(FastThreadLocalRunnable.java:30)
	... 1 more
Caused by: java.net.ConnectException: Connection refused
	... 11 more
2019-08-20 14:12:24,838 [385763eb-e39a-4704-9617-4fe83a8f4873:group-1FE4ACDC190E:LeaderElection42] INFO  impl.LeaderElection (LogUtils.java:infoOrTrace(149)) -   Exception 1: {}
java.util.concurrent.ExecutionException: org.apache.ratis.thirdparty.io.grpc.StatusRuntimeException: UNAVAILABLE: io exception
	at java.util.concurrent.FutureTask.report(FutureTask.java:122)
	at java.util.concurrent.FutureTask.get(FutureTask.java:192)
	at org.apache.ratis.server.impl.LeaderElection.waitForResults(LeaderElection.java:262)
	at org.apache.ratis.server.impl.LeaderElection.askForVotes(LeaderElection.java:200)
	at org.apache.ratis.server.impl.LeaderElection.run(LeaderElection.java:130)
	at java.lang.Thread.run(Thread.java:748)
Caused by: org.apache.ratis.thirdparty.io.grpc.StatusRuntimeException: UNAVAILABLE: io exception
	at org.apache.ratis.thirdparty.io.grpc.stub.ClientCalls.toStatusRuntimeException(ClientCalls.java:233)
	at org.apache.ratis.thirdparty.io.grpc.stub.ClientCalls.getUnchecked(ClientCalls.java:214)
	at org.apache.ratis.thirdparty.io.grpc.stub.ClientCalls.blockingUnaryCall(ClientCalls.java:139)
	at org.apache.ratis.proto.grpc.RaftServerProtocolServiceGrpc$RaftServerProtocolServiceBlockingStub.requestVote(RaftServerProtocolServiceGrpc.java:265)
	at org.apache.ratis.grpc.server.GrpcServerProtocolClient.requestVote(GrpcServerProtocolClient.java:83)
	at org.apache.ratis.grpc.server.GrpcService.requestVote(GrpcService.java:195)
	at org.apache.ratis.server.impl.LeaderElection.lambda$submitRequests$1(LeaderElection.java:237)
	at java.util.concurrent.FutureTask.run(FutureTask.java:266)
	at java.util.concurrent.Executors$RunnableAdapter.call(Executors.java:511)
	at java.util.concurrent.FutureTask.run(FutureTask.java:266)
	at java.util.concurrent.ThreadPoolExecutor.runWorker(ThreadPoolExecutor.java:1149)
	at java.util.concurrent.ThreadPoolExecutor$Worker.run(ThreadPoolExecutor.java:624)
	... 1 more
Caused by: org.apache.ratis.thirdparty.io.netty.channel.AbstractChannel$AnnotatedConnectException: Connection refused: /192.168.69.96:35557
	at sun.nio.ch.SocketChannelImpl.checkConnect(Native Method)
	at sun.nio.ch.SocketChannelImpl.finishConnect(SocketChannelImpl.java:717)
	at org.apache.ratis.thirdparty.io.netty.channel.socket.nio.NioSocketChannel.doFinishConnect(NioSocketChannel.java:327)
	at org.apache.ratis.thirdparty.io.netty.channel.nio.AbstractNioChannel$AbstractNioUnsafe.finishConnect(AbstractNioChannel.java:340)
	at org.apache.ratis.thirdparty.io.netty.channel.nio.NioEventLoop.processSelectedKey(NioEventLoop.java:632)
	at org.apache.ratis.thirdparty.io.netty.channel.nio.NioEventLoop.processSelectedKeysOptimized(NioEventLoop.java:579)
	at org.apache.ratis.thirdparty.io.netty.channel.nio.NioEventLoop.processSelectedKeys(NioEventLoop.java:496)
	at org.apache.ratis.thirdparty.io.netty.channel.nio.NioEventLoop.run(NioEventLoop.java:458)
	at org.apache.ratis.thirdparty.io.netty.util.concurrent.SingleThreadEventExecutor$5.run(SingleThreadEventExecutor.java:897)
	at org.apache.ratis.thirdparty.io.netty.util.concurrent.FastThreadLocalRunnable.run(FastThreadLocalRunnable.java:30)
	... 1 more
Caused by: java.net.ConnectException: Connection refused
	... 11 more
2019-08-20 14:12:24,838 [385763eb-e39a-4704-9617-4fe83a8f4873:group-63A02D806C08:LeaderElection45] INFO  impl.RaftServerImpl (RaftServerImpl.java:setRole(171)) - 385763eb-e39a-4704-9617-4fe83a8f4873:group-63A02D806C08 changes role from CANDIDATE to FOLLOWER at term 5 for DISCOVERED_A_NEW_TERM
2019-08-20 14:12:24,838 [385763eb-e39a-4704-9617-4fe83a8f4873:group-1FE4ACDC190E:LeaderElection42] INFO  impl.RaftServerImpl (RaftServerImpl.java:setRole(171)) - 385763eb-e39a-4704-9617-4fe83a8f4873:group-1FE4ACDC190E changes role from CANDIDATE to FOLLOWER at term 3 for DISCOVERED_A_NEW_TERM
2019-08-20 14:12:24,838 [385763eb-e39a-4704-9617-4fe83a8f4873:group-63A02D806C08:LeaderElection45] INFO  impl.RoleInfo (RoleInfo.java:shutdownLeaderElection(134)) - 385763eb-e39a-4704-9617-4fe83a8f4873: shutdown LeaderElection
2019-08-20 14:12:24,839 [385763eb-e39a-4704-9617-4fe83a8f4873:group-1FE4ACDC190E:LeaderElection42] INFO  impl.RoleInfo (RoleInfo.java:shutdownLeaderElection(134)) - 385763eb-e39a-4704-9617-4fe83a8f4873: shutdown LeaderElection
2019-08-20 14:12:24,839 [385763eb-e39a-4704-9617-4fe83a8f4873:group-63A02D806C08:LeaderElection45] INFO  impl.RoleInfo (RoleInfo.java:updateAndGet(143)) - 385763eb-e39a-4704-9617-4fe83a8f4873: start FollowerState
2019-08-20 14:12:24,839 [385763eb-e39a-4704-9617-4fe83a8f4873:group-1FE4ACDC190E:LeaderElection42] INFO  impl.RoleInfo (RoleInfo.java:updateAndGet(143)) - 385763eb-e39a-4704-9617-4fe83a8f4873: start FollowerState
2019-08-20 14:12:24,842 [ForkJoinPool.commonPool-worker-0] INFO  statemachine.DatanodeStateMachine (DatanodeStateMachine.java:stopDaemon(395)) - Ozone container server stopped.
2019-08-20 14:12:24,844 [main] INFO  statemachine.DatanodeStateMachine (DatanodeStateMachine.java:stopDaemon(395)) - Ozone container server stopped.
2019-08-20 14:12:24,846 [ForkJoinPool.commonPool-worker-0] INFO  handler.ContextHandler (ContextHandler.java:doStop(910)) - Stopped o.e.j.w.WebAppContext@20914835{/,null,UNAVAILABLE}{/hddsDatanode}
2019-08-20 14:12:24,846 [main] INFO  handler.ContextHandler (ContextHandler.java:doStop(910)) - Stopped o.e.j.w.WebAppContext@288b73c1{/,null,UNAVAILABLE}{/hddsDatanode}
2019-08-20 14:12:24,847 [ForkJoinPool.commonPool-worker-0] INFO  server.AbstractConnector (AbstractConnector.java:doStop(318)) - Stopped ServerConnector@615c4ea4{HTTP/1.1,[http/1.1]}{0.0.0.0:0}
2019-08-20 14:12:24,847 [main] INFO  server.AbstractConnector (AbstractConnector.java:doStop(318)) - Stopped ServerConnector@104cfb24{HTTP/1.1,[http/1.1]}{0.0.0.0:0}
2019-08-20 14:12:24,848 [ForkJoinPool.commonPool-worker-0] INFO  handler.ContextHandler (ContextHandler.java:doStop(910)) - Stopped o.e.j.s.ServletContextHandler@58583a2d{/static,jar:file:/home/user/.m2/repository/org/apache/hadoop/hadoop-hdds-container-service/0.5.0-SNAPSHOT/hadoop-hdds-container-service-0.5.0-SNAPSHOT.jar!/webapps/static,UNAVAILABLE}
2019-08-20 14:12:24,848 [main] INFO  handler.ContextHandler (ContextHandler.java:doStop(910)) - Stopped o.e.j.s.ServletContextHandler@50ef2906{/static,jar:file:/home/user/.m2/repository/org/apache/hadoop/hadoop-hdds-container-service/0.5.0-SNAPSHOT/hadoop-hdds-container-service-0.5.0-SNAPSHOT.jar!/webapps/static,UNAVAILABLE}
2019-08-20 14:12:24,849 [ForkJoinPool.commonPool-worker-0] INFO  handler.ContextHandler (ContextHandler.java:doStop(910)) - Stopped o.e.j.s.ServletContextHandler@32d1d6c5{/logs,file:///workdir/hadoop-ozone/integration-test/target/log,UNAVAILABLE}
2019-08-20 14:12:24,849 [main] INFO  handler.ContextHandler (ContextHandler.java:doStop(910)) - Stopped o.e.j.s.ServletContextHandler@2d3111a1{/logs,file:///workdir/hadoop-ozone/integration-test/target/log,UNAVAILABLE}
2019-08-20 14:12:24,849 [main] INFO  datanode.ObjectStoreHandler (ObjectStoreHandler.java:close(155)) - Closing ObjectStoreHandler.
2019-08-20 14:12:24,850 [ForkJoinPool.commonPool-worker-0] INFO  datanode.ObjectStoreHandler (ObjectStoreHandler.java:close(155)) - Closing ObjectStoreHandler.
2019-08-20 14:12:24,850 [main] INFO  ozone.HddsDatanodeService (HddsDatanodeService.java:stop(451)) - Stopped plug-in org.apache.hadoop.ozone.web.OzoneHddsDatanodeService@21ce3b22
2019-08-20 14:12:24,850 [ForkJoinPool.commonPool-worker-0] INFO  ozone.HddsDatanodeService (HddsDatanodeService.java:stop(451)) - Stopped plug-in org.apache.hadoop.ozone.web.OzoneHddsDatanodeService@54286339
2019-08-20 14:12:25,369 [Datanode State Machine Thread - 0] INFO  statemachine.DatanodeStateMachine (DatanodeStateMachine.java:lambda$startDaemon$0(350)) - Ozone container server started.
2019-08-20 14:12:25,467 [Datanode State Machine Thread - 0] INFO  statemachine.DatanodeStateMachine (DatanodeStateMachine.java:lambda$startDaemon$0(350)) - Ozone container server started.
2019-08-20 14:12:25,999 [Thread-1369] INFO  impl.FollowerState (FollowerState.java:run(106)) - 385763eb-e39a-4704-9617-4fe83a8f4873:group-63A02D806C08 changes to CANDIDATE, lastRpcTime:1160, electionTimeout:1160ms
2019-08-20 14:12:25,999 [Thread-1369] INFO  impl.RoleInfo (RoleInfo.java:shutdownFollowerState(121)) - 385763eb-e39a-4704-9617-4fe83a8f4873: shutdown FollowerState
2019-08-20 14:12:25,999 [Thread-1369] INFO  impl.RaftServerImpl (RaftServerImpl.java:setRole(171)) - 385763eb-e39a-4704-9617-4fe83a8f4873:group-63A02D806C08 changes role from FOLLOWER to CANDIDATE at term 5 for changeToCandidate
2019-08-20 14:12:26,000 [Thread-1369] INFO  impl.RoleInfo (RoleInfo.java:updateAndGet(143)) - 385763eb-e39a-4704-9617-4fe83a8f4873: start LeaderElection
2019-08-20 14:12:26,019 [Thread-1370] INFO  impl.FollowerState (FollowerState.java:run(106)) - 385763eb-e39a-4704-9617-4fe83a8f4873:group-1FE4ACDC190E changes to CANDIDATE, lastRpcTime:1180, electionTimeout:1180ms
2019-08-20 14:12:26,019 [Thread-1370] INFO  impl.RoleInfo (RoleInfo.java:shutdownFollowerState(121)) - 385763eb-e39a-4704-9617-4fe83a8f4873: shutdown FollowerState
2019-08-20 14:12:26,019 [Thread-1370] INFO  impl.RaftServerImpl (RaftServerImpl.java:setRole(171)) - 385763eb-e39a-4704-9617-4fe83a8f4873:group-1FE4ACDC190E changes role from FOLLOWER to CANDIDATE at term 3 for changeToCandidate
2019-08-20 14:12:26,020 [Thread-1370] INFO  impl.RoleInfo (RoleInfo.java:updateAndGet(143)) - 385763eb-e39a-4704-9617-4fe83a8f4873: start LeaderElection
2019-08-20 14:12:29,460 [Thread-1363] INFO  impl.FollowerState (FollowerState.java:run(106)) - 385763eb-e39a-4704-9617-4fe83a8f4873:group-B028FE683DE0 changes to CANDIDATE, lastRpcTime:7092, electionTimeout:1167ms
2019-08-20 14:12:29,460 [385763eb-e39a-4704-9617-4fe83a8f4873:group-B028FE683DE0:LeaderElection47] INFO  impl.LeaderElection (LeaderElection.java:askForVotes(181)) - 385763eb-e39a-4704-9617-4fe83a8f4873:group-B028FE683DE0:LeaderElection47: begin an election at term 3 for -1: [385763eb-e39a-4704-9617-4fe83a8f4873:192.168.69.96:38476, f54a9d9a-91ad-45d4-b513-3f5ec3046002:192.168.69.96:37332, 7508574d-b4c6-466d-85cb-c3f6c8793b7e:192.168.69.96:35557], old=null
2019-08-20 14:12:29,460 [Thread-1363] INFO  impl.RoleInfo (RoleInfo.java:shutdownFollowerState(121)) - 385763eb-e39a-4704-9617-4fe83a8f4873: shutdown FollowerState
2019-08-20 14:12:29,461 [Thread-1363] INFO  impl.RaftServerImpl (RaftServerImpl.java:setRole(171)) - 385763eb-e39a-4704-9617-4fe83a8f4873:group-B028FE683DE0 changes role from FOLLOWER to CANDIDATE at term 3 for changeToCandidate
2019-08-20 14:12:29,461 [Thread-1363] INFO  impl.RoleInfo (RoleInfo.java:updateAndGet(143)) - 385763eb-e39a-4704-9617-4fe83a8f4873: start LeaderElection
2019-08-20 14:12:29,851 [main] INFO  ozoneimpl.OzoneContainer (OzoneContainer.java:stop(199)) - Attempting to stop container services.
2019-08-20 14:12:29,852 [main] INFO  impl.RaftServerProxy (RaftServerProxy.java:lambda$close$4(314)) - 385763eb-e39a-4704-9617-4fe83a8f4873: close
2019-08-20 14:12:29,852 [ForkJoinPool.commonPool-worker-0] INFO  ozoneimpl.OzoneContainer (OzoneContainer.java:stop(199)) - Attempting to stop container services.
2019-08-20 14:12:29,852 [main] INFO  impl.RaftServerImpl (RaftServerImpl.java:lambda$shutdown$3(245)) - 385763eb-e39a-4704-9617-4fe83a8f4873: shutdown group-1FE4ACDC190E
2019-08-20 14:12:29,852 [ForkJoinPool.commonPool-worker-0] INFO  impl.RaftServerProxy (RaftServerProxy.java:lambda$close$4(314)) - 85238e17-2af5-4085-b5cc-473b32345742: close
2019-08-20 14:12:29,852 [main] INFO  util.JmxRegister (JmxRegister.java:unregister(73)) - Successfully un-registered JMX Bean with object name Ratis:service=RaftServer,group=group-1FE4ACDC190E,id=385763eb-e39a-4704-9617-4fe83a8f4873
2019-08-20 14:12:29,853 [ForkJoinPool.commonPool-worker-0] INFO  impl.RaftServerImpl (RaftServerImpl.java:lambda$shutdown$3(245)) - 85238e17-2af5-4085-b5cc-473b32345742: shutdown group-A69BAEEB6025
2019-08-20 14:12:29,853 [main] INFO  impl.RoleInfo (RoleInfo.java:shutdownLeaderElection(134)) - 385763eb-e39a-4704-9617-4fe83a8f4873: shutdown LeaderElection
2019-08-20 14:12:29,853 [ForkJoinPool.commonPool-worker-0] INFO  util.JmxRegister (JmxRegister.java:unregister(73)) - Successfully un-registered JMX Bean with object name Ratis:service=RaftServer,group=group-A69BAEEB6025,id=85238e17-2af5-4085-b5cc-473b32345742
2019-08-20 14:12:29,854 [main] INFO  impl.StateMachineUpdater (StateMachineUpdater.java:stopAndJoin(115)) - StateMachineUpdater:385763eb-e39a-4704-9617-4fe83a8f4873:group-1FE4ACDC190E: set stopIndex = -1
2019-08-20 14:12:29,854 [ForkJoinPool.commonPool-worker-0] INFO  impl.RoleInfo (RoleInfo.java:shutdownLeaderState(104)) - 85238e17-2af5-4085-b5cc-473b32345742: shutdown LeaderState
2019-08-20 14:12:29,854 [main] INFO  impl.RaftServerImpl (ServerState.java:close(394)) - 385763eb-e39a-4704-9617-4fe83a8f4873:group-1FE4ACDC190E closes. The last applied log index is -1
2019-08-20 14:12:29,854 [ForkJoinPool.commonPool-worker-0] INFO  impl.PendingRequests (PendingRequests.java:sendNotLeaderResponses(202)) - 85238e17-2af5-4085-b5cc-473b32345742-PendingRequests: sendNotLeaderResponses
2019-08-20 14:12:29,855 [385763eb-e39a-4704-9617-4fe83a8f4873-SegmentedRaftLogWorker:Storage Directory /workdir/hadoop-ozone/integration-test/target/test-dir/MiniOzoneClusterImpl-d741eabc-a61f-4873-a8b1-78c66134a397/datanode-4/data/ratis/c615db67-3f06-441c-b49e-1fe4acdc190e] INFO  segmented.SegmentedRaftLogWorker (SegmentedRaftLogWorker.java:run(313)) - 385763eb-e39a-4704-9617-4fe83a8f4873-SegmentedRaftLogWorker:Storage Directory /workdir/hadoop-ozone/integration-test/target/test-dir/MiniOzoneClusterImpl-d741eabc-a61f-4873-a8b1-78c66134a397/datanode-4/data/ratis/c615db67-3f06-441c-b49e-1fe4acdc190e was interrupted, exiting. There are 0 tasks remaining in the queue.
2019-08-20 14:12:29,855 [main] INFO  segmented.SegmentedRaftLogWorker (SegmentedRaftLogWorker.java:close(228)) - 385763eb-e39a-4704-9617-4fe83a8f4873-SegmentedRaftLogWorker:Storage Directory /workdir/hadoop-ozone/integration-test/target/test-dir/MiniOzoneClusterImpl-d741eabc-a61f-4873-a8b1-78c66134a397/datanode-4/data/ratis/c615db67-3f06-441c-b49e-1fe4acdc190e close()
2019-08-20 14:12:29,855 [ForkJoinPool.commonPool-worker-0] INFO  impl.StateMachineUpdater (StateMachineUpdater.java:stopAndJoin(115)) - StateMachineUpdater:85238e17-2af5-4085-b5cc-473b32345742:group-A69BAEEB6025: set stopIndex = 0
2019-08-20 14:12:29,857 [main] INFO  impl.RaftServerImpl (RaftServerImpl.java:lambda$shutdown$3(245)) - 385763eb-e39a-4704-9617-4fe83a8f4873: shutdown group-63A02D806C08
2019-08-20 14:12:29,857 [ForkJoinPool.commonPool-worker-0] INFO  impl.RaftServerImpl (ServerState.java:close(394)) - 85238e17-2af5-4085-b5cc-473b32345742:group-A69BAEEB6025 closes. The last applied log index is 0
2019-08-20 14:12:29,858 [main] INFO  util.JmxRegister (JmxRegister.java:unregister(73)) - Successfully un-registered JMX Bean with object name Ratis:service=RaftServer,group=group-63A02D806C08,id=385763eb-e39a-4704-9617-4fe83a8f4873
2019-08-20 14:12:29,858 [85238e17-2af5-4085-b5cc-473b32345742-SegmentedRaftLogWorker:Storage Directory /workdir/hadoop-ozone/integration-test/target/test-dir/MiniOzoneClusterImpl-d741eabc-a61f-4873-a8b1-78c66134a397/datanode-0/data/ratis/15f81f15-65de-4b91-9689-a69baeeb6025] INFO  segmented.SegmentedRaftLogWorker (SegmentedRaftLogWorker.java:run(313)) - 85238e17-2af5-4085-b5cc-473b32345742-SegmentedRaftLogWorker:Storage Directory /workdir/hadoop-ozone/integration-test/target/test-dir/MiniOzoneClusterImpl-d741eabc-a61f-4873-a8b1-78c66134a397/datanode-0/data/ratis/15f81f15-65de-4b91-9689-a69baeeb6025 was interrupted, exiting. There are 0 tasks remaining in the queue.
2019-08-20 14:12:29,859 [main] INFO  impl.RoleInfo (RoleInfo.java:shutdownLeaderElection(134)) - 385763eb-e39a-4704-9617-4fe83a8f4873: shutdown LeaderElection
2019-08-20 14:12:29,859 [ForkJoinPool.commonPool-worker-0] INFO  segmented.SegmentedRaftLogWorker (SegmentedRaftLogWorker.java:close(228)) - 85238e17-2af5-4085-b5cc-473b32345742-SegmentedRaftLogWorker:Storage Directory /workdir/hadoop-ozone/integration-test/target/test-dir/MiniOzoneClusterImpl-d741eabc-a61f-4873-a8b1-78c66134a397/datanode-0/data/ratis/15f81f15-65de-4b91-9689-a69baeeb6025 close()
2019-08-20 14:12:29,860 [main] INFO  impl.StateMachineUpdater (StateMachineUpdater.java:stopAndJoin(115)) - StateMachineUpdater:385763eb-e39a-4704-9617-4fe83a8f4873:group-63A02D806C08: set stopIndex = -1
2019-08-20 14:12:29,861 [ForkJoinPool.commonPool-worker-0] INFO  server.GrpcService (GrpcService.java:closeImpl(155)) - 85238e17-2af5-4085-b5cc-473b32345742: shutdown server with port 34936 now
2019-08-20 14:12:29,861 [main] INFO  impl.RaftServerImpl (ServerState.java:close(394)) - 385763eb-e39a-4704-9617-4fe83a8f4873:group-63A02D806C08 closes. The last applied log index is -1
2019-08-20 14:12:29,862 [ForkJoinPool.commonPool-worker-0] INFO  server.GrpcService (GrpcService.java:closeImpl(163)) - 85238e17-2af5-4085-b5cc-473b32345742: shutdown server with port 34936 successfully
2019-08-20 14:12:29,862 [385763eb-e39a-4704-9617-4fe83a8f4873-SegmentedRaftLogWorker:Storage Directory /workdir/hadoop-ozone/integration-test/target/test-dir/MiniOzoneClusterImpl-d741eabc-a61f-4873-a8b1-78c66134a397/datanode-4/data/ratis/2dc76856-84cb-46da-8830-63a02d806c08] INFO  segmented.SegmentedRaftLogWorker (SegmentedRaftLogWorker.java:run(313)) - 385763eb-e39a-4704-9617-4fe83a8f4873-SegmentedRaftLogWorker:Storage Directory /workdir/hadoop-ozone/integration-test/target/test-dir/MiniOzoneClusterImpl-d741eabc-a61f-4873-a8b1-78c66134a397/datanode-4/data/ratis/2dc76856-84cb-46da-8830-63a02d806c08 was interrupted, exiting. There are 0 tasks remaining in the queue.
2019-08-20 14:12:29,862 [main] INFO  segmented.SegmentedRaftLogWorker (SegmentedRaftLogWorker.java:close(228)) - 385763eb-e39a-4704-9617-4fe83a8f4873-SegmentedRaftLogWorker:Storage Directory /workdir/hadoop-ozone/integration-test/target/test-dir/MiniOzoneClusterImpl-d741eabc-a61f-4873-a8b1-78c66134a397/datanode-4/data/ratis/2dc76856-84cb-46da-8830-63a02d806c08 close()
2019-08-20 14:12:29,864 [main] INFO  impl.RaftServerImpl (RaftServerImpl.java:lambda$shutdown$3(245)) - 385763eb-e39a-4704-9617-4fe83a8f4873: shutdown group-1529C64FC94B
2019-08-20 14:12:29,864 [main] INFO  util.JmxRegister (JmxRegister.java:unregister(73)) - Successfully un-registered JMX Bean with object name Ratis:service=RaftServer,group=group-1529C64FC94B,id=385763eb-e39a-4704-9617-4fe83a8f4873
2019-08-20 14:12:29,865 [main] INFO  impl.RoleInfo (RoleInfo.java:shutdownLeaderState(104)) - 385763eb-e39a-4704-9617-4fe83a8f4873: shutdown LeaderState
2019-08-20 14:12:29,865 [main] INFO  impl.PendingRequests (PendingRequests.java:sendNotLeaderResponses(202)) - 385763eb-e39a-4704-9617-4fe83a8f4873-PendingRequests: sendNotLeaderResponses
2019-08-20 14:12:29,865 [ForkJoinPool.commonPool-worker-0] INFO  utils.BackgroundService (BackgroundService.java:shutdown(148)) - Shutting down service BlockDeletingService
2019-08-20 14:12:29,866 [main] INFO  impl.StateMachineUpdater (StateMachineUpdater.java:stopAndJoin(115)) - StateMachineUpdater:385763eb-e39a-4704-9617-4fe83a8f4873:group-1529C64FC94B: set stopIndex = 0
2019-08-20 14:12:29,867 [main] INFO  impl.RaftServerImpl (ServerState.java:close(394)) - 385763eb-e39a-4704-9617-4fe83a8f4873:group-1529C64FC94B closes. The last applied log index is 0
2019-08-20 14:12:29,867 [refreshUsed-/workdir/hadoop-ozone/integration-test/target/test-dir/MiniOzoneClusterImpl-d741eabc-a61f-4873-a8b1-78c66134a397/datanode-0/data/containers] WARN  fs.CachingGetSpaceUsed (CachingGetSpaceUsed.java:run(183)) - Thread Interrupted waiting to refresh disk information: sleep interrupted
2019-08-20 14:12:29,867 [385763eb-e39a-4704-9617-4fe83a8f4873-SegmentedRaftLogWorker:Storage Directory /workdir/hadoop-ozone/integration-test/target/test-dir/MiniOzoneClusterImpl-d741eabc-a61f-4873-a8b1-78c66134a397/datanode-4/data/ratis/fd2f7ba6-d8a5-4e05-ad18-1529c64fc94b] INFO  segmented.SegmentedRaftLogWorker (SegmentedRaftLogWorker.java:run(313)) - 385763eb-e39a-4704-9617-4fe83a8f4873-SegmentedRaftLogWorker:Storage Directory /workdir/hadoop-ozone/integration-test/target/test-dir/MiniOzoneClusterImpl-d741eabc-a61f-4873-a8b1-78c66134a397/datanode-4/data/ratis/fd2f7ba6-d8a5-4e05-ad18-1529c64fc94b was interrupted, exiting. There are 0 tasks remaining in the queue.
2019-08-20 14:12:29,868 [main] INFO  segmented.SegmentedRaftLogWorker (SegmentedRaftLogWorker.java:close(228)) - 385763eb-e39a-4704-9617-4fe83a8f4873-SegmentedRaftLogWorker:Storage Directory /workdir/hadoop-ozone/integration-test/target/test-dir/MiniOzoneClusterImpl-d741eabc-a61f-4873-a8b1-78c66134a397/datanode-4/data/ratis/fd2f7ba6-d8a5-4e05-ad18-1529c64fc94b close()
2019-08-20 14:12:29,869 [main] INFO  impl.RaftServerImpl (RaftServerImpl.java:lambda$shutdown$3(245)) - 385763eb-e39a-4704-9617-4fe83a8f4873: shutdown group-B028FE683DE0
2019-08-20 14:12:29,870 [main] INFO  util.JmxRegister (JmxRegister.java:unregister(73)) - Successfully un-registered JMX Bean with object name Ratis:service=RaftServer,group=group-B028FE683DE0,id=385763eb-e39a-4704-9617-4fe83a8f4873
2019-08-20 14:12:29,870 [main] INFO  impl.RoleInfo (RoleInfo.java:shutdownLeaderElection(134)) - 385763eb-e39a-4704-9617-4fe83a8f4873: shutdown LeaderElection
2019-08-20 14:12:29,870 [main] INFO  impl.StateMachineUpdater (StateMachineUpdater.java:stopAndJoin(115)) - StateMachineUpdater:385763eb-e39a-4704-9617-4fe83a8f4873:group-B028FE683DE0: set stopIndex = -1
2019-08-20 14:12:29,871 [main] INFO  impl.RaftServerImpl (ServerState.java:close(394)) - 385763eb-e39a-4704-9617-4fe83a8f4873:group-B028FE683DE0 closes. The last applied log index is -1
2019-08-20 14:12:29,871 [385763eb-e39a-4704-9617-4fe83a8f4873-SegmentedRaftLogWorker:Storage Directory /workdir/hadoop-ozone/integration-test/target/test-dir/MiniOzoneClusterImpl-d741eabc-a61f-4873-a8b1-78c66134a397/datanode-4/data/ratis/1a05956d-fd15-4648-80cb-b028fe683de0] INFO  segmented.SegmentedRaftLogWorker (SegmentedRaftLogWorker.java:run(313)) - 385763eb-e39a-4704-9617-4fe83a8f4873-SegmentedRaftLogWorker:Storage Directory /workdir/hadoop-ozone/integration-test/target/test-dir/MiniOzoneClusterImpl-d741eabc-a61f-4873-a8b1-78c66134a397/datanode-4/data/ratis/1a05956d-fd15-4648-80cb-b028fe683de0 was interrupted, exiting. There are 0 tasks remaining in the queue.
2019-08-20 14:12:29,871 [main] INFO  segmented.SegmentedRaftLogWorker (SegmentedRaftLogWorker.java:close(228)) - 385763eb-e39a-4704-9617-4fe83a8f4873-SegmentedRaftLogWorker:Storage Directory /workdir/hadoop-ozone/integration-test/target/test-dir/MiniOzoneClusterImpl-d741eabc-a61f-4873-a8b1-78c66134a397/datanode-4/data/ratis/1a05956d-fd15-4648-80cb-b028fe683de0 close()
2019-08-20 14:12:29,873 [main] INFO  server.GrpcService (GrpcService.java:closeImpl(155)) - 385763eb-e39a-4704-9617-4fe83a8f4873: shutdown server with port 38476 now
2019-08-20 14:12:29,873 [main] INFO  server.GrpcService (GrpcService.java:closeImpl(163)) - 385763eb-e39a-4704-9617-4fe83a8f4873: shutdown server with port 38476 successfully
2019-08-20 14:12:29,874 [main] INFO  utils.BackgroundService (BackgroundService.java:shutdown(148)) - Shutting down service BlockDeletingService
2019-08-20 14:12:29,875 [refreshUsed-/workdir/hadoop-ozone/integration-test/target/test-dir/MiniOzoneClusterImpl-d741eabc-a61f-4873-a8b1-78c66134a397/datanode-4/data/containers] WARN  fs.CachingGetSpaceUsed (CachingGetSpaceUsed.java:run(183)) - Thread Interrupted waiting to refresh disk information: sleep interrupted
2019-08-20 14:12:29,885 [ForkJoinPool.commonPool-worker-0] INFO  statemachine.DatanodeStateMachine (DatanodeStateMachine.java:stopDaemon(395)) - Ozone container server stopped.
2019-08-20 14:12:29,888 [ForkJoinPool.commonPool-worker-0] INFO  handler.ContextHandler (ContextHandler.java:doStop(910)) - Stopped o.e.j.w.WebAppContext@5d297d4d{/,null,UNAVAILABLE}{/hddsDatanode}
2019-08-20 14:12:29,889 [ForkJoinPool.commonPool-worker-0] INFO  server.AbstractConnector (AbstractConnector.java:doStop(318)) - Stopped ServerConnector@1dd44289{HTTP/1.1,[http/1.1]}{0.0.0.0:0}
2019-08-20 14:12:29,889 [ForkJoinPool.commonPool-worker-0] INFO  handler.ContextHandler (ContextHandler.java:doStop(910)) - Stopped o.e.j.s.ServletContextHandler@347b370c{/static,jar:file:/home/user/.m2/repository/org/apache/hadoop/hadoop-hdds-container-service/0.5.0-SNAPSHOT/hadoop-hdds-container-service-0.5.0-SNAPSHOT.jar!/webapps/static,UNAVAILABLE}
2019-08-20 14:12:29,890 [ForkJoinPool.commonPool-worker-0] INFO  handler.ContextHandler (ContextHandler.java:doStop(910)) - Stopped o.e.j.s.ServletContextHandler@2e0516a3{/logs,file:///workdir/hadoop-ozone/integration-test/target/log,UNAVAILABLE}
2019-08-20 14:12:29,894 [main] INFO  statemachine.DatanodeStateMachine (DatanodeStateMachine.java:stopDaemon(395)) - Ozone container server stopped.
2019-08-20 14:12:29,895 [main] INFO  handler.ContextHandler (ContextHandler.java:doStop(910)) - Stopped o.e.j.w.WebAppContext@16c0be3b{/,null,UNAVAILABLE}{/hddsDatanode}
2019-08-20 14:12:29,896 [main] INFO  server.AbstractConnector (AbstractConnector.java:doStop(318)) - Stopped ServerConnector@219edc05{HTTP/1.1,[http/1.1]}{0.0.0.0:0}
2019-08-20 14:12:29,896 [main] INFO  handler.ContextHandler (ContextHandler.java:doStop(910)) - Stopped o.e.j.s.ServletContextHandler@77f7352a{/static,jar:file:/home/user/.m2/repository/org/apache/hadoop/hadoop-hdds-container-service/0.5.0-SNAPSHOT/hadoop-hdds-container-service-0.5.0-SNAPSHOT.jar!/webapps/static,UNAVAILABLE}
2019-08-20 14:12:29,897 [main] INFO  handler.ContextHandler (ContextHandler.java:doStop(910)) - Stopped o.e.j.s.ServletContextHandler@2b464384{/logs,file:///workdir/hadoop-ozone/integration-test/target/log,UNAVAILABLE}
2019-08-20 14:12:29,897 [main] INFO  ozone.MiniOzoneClusterImpl (MiniOzoneClusterImpl.java:stop(353)) - Stopping the StorageContainerManager
2019-08-20 14:12:29,897 [main] INFO  server.StorageContainerManager (StorageContainerManager.java:stop(797)) - Stopping Replication Manager Service.
2019-08-20 14:12:29,898 [main] INFO  container.ReplicationManager (ReplicationManager.java:stop(193)) - Stopping Replication Monitor Thread.
2019-08-20 14:12:29,898 [main] INFO  server.StorageContainerManager (StorageContainerManager.java:stop(804)) - Stopping Lease Manager of the command watchers
2019-08-20 14:12:29,898 [main] INFO  server.StorageContainerManager (StorageContainerManager.java:stop(811)) - Stopping datanode service RPC server
2019-08-20 14:12:29,898 [main] INFO  server.SCMDatanodeProtocolServer (SCMDatanodeProtocolServer.java:stop(367)) - Stopping the RPC server for DataNodes
2019-08-20 14:12:29,898 [main] INFO  ipc.Server (Server.java:stop(3082)) - Stopping server on 36285
2019-08-20 14:12:29,899 [IPC Server listener on 36285] INFO  ipc.Server (Server.java:run(1185)) - Stopping IPC Server listener on 36285
2019-08-20 14:12:29,899 [IPC Server Responder] INFO  ipc.Server (Server.java:run(1319)) - Stopping IPC Server Responder
2019-08-20 14:12:29,978 [SCM Heartbeat Processing Thread - 0] WARN  node.NodeStateManager (NodeStateManager.java:scheduleNextHealthCheck(646)) - Current Thread is interrupted, shutting down HB processing thread for Node Manager.
2019-08-20 14:12:29,978 [main] INFO  server.StorageContainerManager (StorageContainerManager.java:stop(819)) - Stopping block service RPC server
2019-08-20 14:12:29,979 [main] INFO  server.SCMBlockProtocolServer (SCMBlockProtocolServer.java:stop(148)) - Stopping the RPC server for Block Protocol
2019-08-20 14:12:29,979 [main] INFO  ipc.Server (Server.java:stop(3082)) - Stopping server on 46680
2019-08-20 14:12:29,980 [IPC Server listener on 46680] INFO  ipc.Server (Server.java:run(1185)) - Stopping IPC Server listener on 46680
2019-08-20 14:12:29,980 [main] INFO  server.StorageContainerManager (StorageContainerManager.java:stop(826)) - Stopping the StorageContainerLocationProtocol RPC server
2019-08-20 14:12:29,981 [main] INFO  server.SCMClientProtocolServer (SCMClientProtocolServer.java:stop(159)) - Stopping the RPC server for Client Protocol
2019-08-20 14:12:29,981 [main] INFO  ipc.Server (Server.java:stop(3082)) - Stopping server on 41902
2019-08-20 14:12:29,981 [IPC Server Responder] INFO  ipc.Server (Server.java:run(1319)) - Stopping IPC Server Responder
2019-08-20 14:12:29,983 [main] INFO  server.StorageContainerManager (StorageContainerManager.java:stop(833)) - Stopping Storage Container Manager HTTP server.
2019-08-20 14:12:29,983 [IPC Server listener on 41902] INFO  ipc.Server (Server.java:run(1185)) - Stopping IPC Server listener on 41902
2019-08-20 14:12:29,983 [IPC Server Responder] INFO  ipc.Server (Server.java:run(1319)) - Stopping IPC Server Responder
2019-08-20 14:12:29,984 [main] INFO  handler.ContextHandler (ContextHandler.java:doStop(910)) - Stopped o.e.j.w.WebAppContext@13f4048e{/,null,UNAVAILABLE}{/scm}
2019-08-20 14:12:29,984 [main] INFO  server.AbstractConnector (AbstractConnector.java:doStop(318)) - Stopped ServerConnector@62005672{HTTP/1.1,[http/1.1]}{0.0.0.0:0}
2019-08-20 14:12:29,984 [main] INFO  handler.ContextHandler (ContextHandler.java:doStop(910)) - Stopped o.e.j.s.ServletContextHandler@21540255{/static,file:///workdir/hadoop-ozone/integration-test/target/test-classes/webapps/static,UNAVAILABLE}
2019-08-20 14:12:29,985 [main] INFO  handler.ContextHandler (ContextHandler.java:doStop(910)) - Stopped o.e.j.s.ServletContextHandler@32328dc4{/logs,file:///workdir/hadoop-ozone/integration-test/target/log,UNAVAILABLE}
2019-08-20 14:12:29,985 [main] INFO  server.StorageContainerManager (StorageContainerManager.java:stop(844)) - Stopping Block Manager Service.
2019-08-20 14:12:29,986 [main] INFO  utils.BackgroundService (BackgroundService.java:shutdown(148)) - Shutting down service SCMBlockDeletingService
2019-08-20 14:12:29,986 [main] INFO  utils.BackgroundService (BackgroundService.java:shutdown(148)) - Shutting down service SCMBlockDeletingService
2019-08-20 14:12:29,986 [main] INFO  server.StorageContainerManager (StorageContainerManager.java:stop(866)) - Stopping SCM Event Queue.
2019-08-20 14:12:29,989 [main] INFO  impl.MetricsSystemImpl (MetricsSystemImpl.java:stop(210)) - Stopping HddsDatanode metrics system...
2019-08-20 14:12:29,992 [main] INFO  impl.MetricsSystemImpl (MetricsSystemImpl.java:stop(216)) - HddsDatanode metrics system stopped.
]]></system-out>
    <system-err><![CDATA[Aug 20, 2019 2:11:35 PM com.sun.jersey.server.impl.application.WebApplicationImpl _initiate
INFO: Initiating Jersey application, version 'Jersey: 1.19 02/11/2015 03:25 AM'
Aug 20, 2019 2:11:35 PM com.sun.jersey.server.impl.application.WebApplicationImpl _initiate
INFO: Initiating Jersey application, version 'Jersey: 1.19 02/11/2015 03:25 AM'
Aug 20, 2019 2:11:35 PM com.sun.jersey.server.impl.application.WebApplicationImpl _initiate
INFO: Initiating Jersey application, version 'Jersey: 1.19 02/11/2015 03:25 AM'
Aug 20, 2019 2:11:35 PM com.sun.jersey.server.impl.application.WebApplicationImpl _initiate
INFO: Initiating Jersey application, version 'Jersey: 1.19 02/11/2015 03:25 AM'
Aug 20, 2019 2:11:36 PM com.sun.jersey.server.impl.application.WebApplicationImpl _initiate
INFO: Initiating Jersey application, version 'Jersey: 1.19 02/11/2015 03:25 AM'
Aug 20, 2019 2:11:36 PM com.sun.jersey.server.impl.application.WebApplicationImpl _initiate
INFO: Initiating Jersey application, version 'Jersey: 1.19 02/11/2015 03:25 AM'
Aug 20, 2019 2:11:59 PM org.apache.ratis.thirdparty.io.grpc.internal.ManagedChannelOrphanWrapper$ManagedChannelReference cleanQueue
SEVERE: *~*~*~ Channel ManagedChannelImpl{logId=321, target=192.168.69.96:39955} was not shutdown properly!!! ~*~*~*
    Make sure to call shutdown()/shutdownNow() and wait until awaitTermination() returns true.
java.lang.RuntimeException: ManagedChannel allocation site
	at org.apache.ratis.thirdparty.io.grpc.internal.ManagedChannelOrphanWrapper$ManagedChannelReference.<init>(ManagedChannelOrphanWrapper.java:103)
	at org.apache.ratis.thirdparty.io.grpc.internal.ManagedChannelOrphanWrapper.<init>(ManagedChannelOrphanWrapper.java:53)
	at org.apache.ratis.thirdparty.io.grpc.internal.ManagedChannelOrphanWrapper.<init>(ManagedChannelOrphanWrapper.java:44)
	at org.apache.ratis.thirdparty.io.grpc.internal.AbstractManagedChannelImplBuilder.build(AbstractManagedChannelImplBuilder.java:411)
	at org.apache.ratis.grpc.client.GrpcClientProtocolClient.<init>(GrpcClientProtocolClient.java:119)
	at org.apache.ratis.grpc.client.GrpcClientRpc.lambda$new$0(GrpcClientRpc.java:55)
	at org.apache.ratis.util.PeerProxyMap$PeerAndProxy.lambda$getProxy$0(PeerProxyMap.java:61)
	at org.apache.ratis.util.LifeCycle.startAndTransition(LifeCycle.java:202)
	at org.apache.ratis.util.PeerProxyMap$PeerAndProxy.getProxy(PeerProxyMap.java:60)
	at org.apache.ratis.util.PeerProxyMap.getProxy(PeerProxyMap.java:107)
	at org.apache.ratis.grpc.client.GrpcClientRpc.sendRequestAsyncUnordered(GrpcClientRpc.java:78)
	at org.apache.ratis.client.impl.UnorderedAsync.sendRequestWithRetry(UnorderedAsync.java:75)
	at org.apache.ratis.client.impl.UnorderedAsync.lambda$null$2(UnorderedAsync.java:120)
	at org.apache.ratis.util.TimeoutScheduler.lambda$onTimeout$0(TimeoutScheduler.java:85)
	at org.apache.ratis.util.TimeoutScheduler.lambda$onTimeout$1(TimeoutScheduler.java:104)
	at org.apache.ratis.util.LogUtils.runAndLog(LogUtils.java:50)
	at org.apache.ratis.util.LogUtils$1.run(LogUtils.java:91)
	at java.util.concurrent.Executors$RunnableAdapter.call(Executors.java:511)
	at java.util.concurrent.FutureTask.run(FutureTask.java:266)
	at java.util.concurrent.ScheduledThreadPoolExecutor$ScheduledFutureTask.access$201(ScheduledThreadPoolExecutor.java:180)
	at java.util.concurrent.ScheduledThreadPoolExecutor$ScheduledFutureTask.run(ScheduledThreadPoolExecutor.java:293)
	at java.util.concurrent.ThreadPoolExecutor.runWorker(ThreadPoolExecutor.java:1149)
	at java.util.concurrent.ThreadPoolExecutor$Worker.run(ThreadPoolExecutor.java:624)
	at java.lang.Thread.run(Thread.java:748)

]]></system-err>
  </testcase>
</testsuite>