<?xml version="1.0" encoding="UTF-8"?>
<testsuite xmlns:xsi="http://www.w3.org/2001/XMLSchema-instance" xsi:noNamespaceSchemaLocation="https://maven.apache.org/surefire/maven-surefire-plugin/xsd/surefire-test-report.xsd" name="org.apache.hadoop.ozone.freon.TestDataValidateWithUnsafeByteOperations" time="58.426" tests="3" errors="3" skipped="0" failures="0">
  <properties>
    <property name="awt.toolkit" value="sun.awt.X11.XToolkit"/>
    <property name="file.encoding.pkg" value="sun.io"/>
    <property name="java.specification.version" value="1.8"/>
    <property name="sun.cpu.isalist" value=""/>
    <property name="sun.jnu.encoding" value="UTF-8"/>
    <property name="java.class.path" value="/workdir/hadoop-ozone/tools/target/test-classes:/workdir/hadoop-ozone/tools/target/classes:/home/user/.m2/repository/org/apache/hadoop/hadoop-ozone-ozone-manager/0.5.0-SNAPSHOT/hadoop-ozone-ozone-manager-0.5.0-SNAPSHOT.jar:/home/user/.m2/repository/org/apache/hadoop/hadoop-hdds-docs/0.5.0-SNAPSHOT/hadoop-hdds-docs-0.5.0-SNAPSHOT.jar:/home/user/.m2/repository/org/bouncycastle/bcprov-jdk15on/1.60/bcprov-jdk15on-1.60.jar:/home/user/.m2/repository/org/apache/hadoop/hadoop-ozone-common/0.5.0-SNAPSHOT/hadoop-ozone-common-0.5.0-SNAPSHOT.jar:/home/user/.m2/repository/org/apache/commons/commons-compress/1.4.1/commons-compress-1.4.1.jar:/home/user/.m2/repository/org/tukaani/xz/1.0/xz-1.0.jar:/home/user/.m2/repository/org/apache/hadoop/hadoop-hdfs-client/3.2.0/hadoop-hdfs-client-3.2.0.jar:/home/user/.m2/repository/com/fasterxml/jackson/core/jackson-annotations/2.9.5/jackson-annotations-2.9.5.jar:/home/user/.m2/repository/org/apache/hadoop/hadoop-hdds-common/0.5.0-SNAPSHOT/hadoop-hdds-common-0.5.0-SNAPSHOT.jar:/home/user/.m2/repository/org/apache/hadoop/hadoop-hdds-config/0.5.0-SNAPSHOT/hadoop-hdds-config-0.5.0-SNAPSHOT.jar:/home/user/.m2/repository/javax/annotation/javax.annotation-api/1.2/javax.annotation-api-1.2.jar:/home/user/.m2/repository/org/apache/ratis/ratis-server/0.4.0-2337318-SNAPSHOT/ratis-server-0.4.0-2337318-SNAPSHOT.jar:/home/user/.m2/repository/org/apache/ratis/ratis-thirdparty-misc/0.2.0/ratis-thirdparty-misc-0.2.0.jar:/home/user/.m2/repository/org/apache/ratis/ratis-proto/0.4.0-2337318-SNAPSHOT/ratis-proto-0.4.0-2337318-SNAPSHOT.jar:/home/user/.m2/repository/org/apache/ratis/ratis-common/0.4.0-2337318-SNAPSHOT/ratis-common-0.4.0-2337318-SNAPSHOT.jar:/home/user/.m2/repository/org/apache/ratis/ratis-client/0.4.0-2337318-SNAPSHOT/ratis-client-0.4.0-2337318-SNAPSHOT.jar:/home/user/.m2/repository/org/apache/ratis/ratis-metrics/0.4.0-2337318-SNAPSHOT/ratis-metrics-0.4.0-2337318-SNAPSHOT.jar:/home/user/.m2/repository/org/apache/ratis/ratis-netty/0.4.0-2337318-SNAPSHOT/ratis-netty-0.4.0-2337318-SNAPSHOT.jar:/home/user/.m2/repository/org/apache/ratis/ratis-grpc/0.4.0-2337318-SNAPSHOT/ratis-grpc-0.4.0-2337318-SNAPSHOT.jar:/home/user/.m2/repository/org/rocksdb/rocksdbjni/6.0.1/rocksdbjni-6.0.1.jar:/home/user/.m2/repository/org/apache/logging/log4j/log4j-api/2.11.0/log4j-api-2.11.0.jar:/home/user/.m2/repository/org/apache/logging/log4j/log4j-core/2.11.0/log4j-core-2.11.0.jar:/home/user/.m2/repository/com/lmax/disruptor/3.4.2/disruptor-3.4.2.jar:/home/user/.m2/repository/org/apache/commons/commons-pool2/2.6.0/commons-pool2-2.6.0.jar:/home/user/.m2/repository/org/bouncycastle/bcpkix-jdk15on/1.60/bcpkix-jdk15on-1.60.jar:/home/user/.m2/repository/commons-validator/commons-validator/1.6/commons-validator-1.6.jar:/home/user/.m2/repository/commons-digester/commons-digester/1.8.1/commons-digester-1.8.1.jar:/home/user/.m2/repository/io/jaegertracing/jaeger-client/0.33.1/jaeger-client-0.33.1.jar:/home/user/.m2/repository/io/jaegertracing/jaeger-thrift/0.33.1/jaeger-thrift-0.33.1.jar:/home/user/.m2/repository/org/apache/thrift/libthrift/0.11.0/libthrift-0.11.0.jar:/home/user/.m2/repository/com/squareup/okhttp3/okhttp/3.9.0/okhttp-3.9.0.jar:/home/user/.m2/repository/com/squareup/okio/okio/1.13.0/okio-1.13.0.jar:/home/user/.m2/repository/io/jaegertracing/jaeger-core/0.33.1/jaeger-core-0.33.1.jar:/home/user/.m2/repository/io/jaegertracing/jaeger-tracerresolver/0.33.1/jaeger-tracerresolver-0.33.1.jar:/home/user/.m2/repository/io/opentracing/contrib/opentracing-tracerresolver/0.1.5/opentracing-tracerresolver-0.1.5.jar:/home/user/.m2/repository/io/opentracing/opentracing-util/0.31.0/opentracing-util-0.31.0.jar:/home/user/.m2/repository/io/opentracing/opentracing-api/0.31.0/opentracing-api-0.31.0.jar:/home/user/.m2/repository/io/opentracing/opentracing-noop/0.31.0/opentracing-noop-0.31.0.jar:/home/user/.m2/repository/org/yaml/snakeyaml/1.16/snakeyaml-1.16.jar:/home/user/.m2/repository/org/apache/hadoop/hadoop-hdds-container-service/0.5.0-SNAPSHOT/hadoop-hdds-container-service-0.5.0-SNAPSHOT.jar:/home/user/.m2/repository/org/apache/hadoop/hadoop-hdds-client/0.5.0-SNAPSHOT/hadoop-hdds-client-0.5.0-SNAPSHOT.jar:/home/user/.m2/repository/org/apache/hadoop/hadoop-hdds-tools/0.5.0-SNAPSHOT/hadoop-hdds-tools-0.5.0-SNAPSHOT.jar:/home/user/.m2/repository/org/xerial/sqlite-jdbc/3.25.2/sqlite-jdbc-3.25.2.jar:/home/user/.m2/repository/org/apache/hadoop/hadoop-hdds-server-scm/0.5.0-SNAPSHOT/hadoop-hdds-server-scm-0.5.0-SNAPSHOT.jar:/home/user/.m2/repository/org/hamcrest/hamcrest-all/1.3/hamcrest-all-1.3.jar:/home/user/.m2/repository/info/picocli/picocli/3.9.6/picocli-3.9.6.jar:/home/user/.m2/repository/com/google/protobuf/protobuf-java/2.5.0/protobuf-java-2.5.0.jar:/home/user/.m2/repository/com/google/guava/guava/11.0.2/guava-11.0.2.jar:/home/user/.m2/repository/org/apache/hadoop/hadoop-ozone-client/0.5.0-SNAPSHOT/hadoop-ozone-client-0.5.0-SNAPSHOT.jar:/workdir/hadoop-ozone/ozonefs/target/classes:/home/user/.m2/repository/org/apache/hadoop/hadoop-hdds-server-framework/0.5.0-SNAPSHOT/hadoop-hdds-server-framework-0.5.0-SNAPSHOT.jar:/home/user/.m2/repository/org/apache/hadoop/hadoop-common/3.2.0/hadoop-common-3.2.0.jar:/home/user/.m2/repository/org/apache/hadoop/hadoop-annotations/3.2.0/hadoop-annotations-3.2.0.jar:/usr/lib/jvm/java-1.8-openjdk/jre/../lib/tools.jar:/home/user/.m2/repository/commons-cli/commons-cli/1.2/commons-cli-1.2.jar:/home/user/.m2/repository/org/apache/commons/commons-math3/3.1.1/commons-math3-3.1.1.jar:/home/user/.m2/repository/org/apache/httpcomponents/httpclient/4.5.2/httpclient-4.5.2.jar:/home/user/.m2/repository/org/apache/httpcomponents/httpcore/4.4.4/httpcore-4.4.4.jar:/home/user/.m2/repository/commons-codec/commons-codec/1.11/commons-codec-1.11.jar:/home/user/.m2/repository/commons-io/commons-io/2.5/commons-io-2.5.jar:/home/user/.m2/repository/commons-net/commons-net/3.6/commons-net-3.6.jar:/home/user/.m2/repository/commons-collections/commons-collections/3.2.2/commons-collections-3.2.2.jar:/home/user/.m2/repository/javax/servlet/javax.servlet-api/3.1.0/javax.servlet-api-3.1.0.jar:/home/user/.m2/repository/org/eclipse/jetty/jetty-server/9.3.24.v20180605/jetty-server-9.3.24.v20180605.jar:/home/user/.m2/repository/org/eclipse/jetty/jetty-http/9.3.24.v20180605/jetty-http-9.3.24.v20180605.jar:/home/user/.m2/repository/org/eclipse/jetty/jetty-io/9.3.24.v20180605/jetty-io-9.3.24.v20180605.jar:/home/user/.m2/repository/org/eclipse/jetty/jetty-util/9.3.24.v20180605/jetty-util-9.3.24.v20180605.jar:/home/user/.m2/repository/org/eclipse/jetty/jetty-servlet/9.3.24.v20180605/jetty-servlet-9.3.24.v20180605.jar:/home/user/.m2/repository/org/eclipse/jetty/jetty-security/9.3.24.v20180605/jetty-security-9.3.24.v20180605.jar:/home/user/.m2/repository/org/eclipse/jetty/jetty-webapp/9.3.24.v20180605/jetty-webapp-9.3.24.v20180605.jar:/home/user/.m2/repository/org/eclipse/jetty/jetty-xml/9.3.24.v20180605/jetty-xml-9.3.24.v20180605.jar:/home/user/.m2/repository/javax/servlet/jsp/jsp-api/2.1/jsp-api-2.1.jar:/home/user/.m2/repository/com/sun/jersey/jersey-core/1.19/jersey-core-1.19.jar:/home/user/.m2/repository/javax/ws/rs/jsr311-api/1.1.1/jsr311-api-1.1.1.jar:/home/user/.m2/repository/com/sun/jersey/jersey-servlet/1.19/jersey-servlet-1.19.jar:/home/user/.m2/repository/com/sun/jersey/jersey-json/1.19/jersey-json-1.19.jar:/home/user/.m2/repository/org/codehaus/jettison/jettison/1.1/jettison-1.1.jar:/home/user/.m2/repository/com/sun/xml/bind/jaxb-impl/2.3.0.1/jaxb-impl-2.3.0.1.jar:/home/user/.m2/repository/org/codehaus/jackson/jackson-core-asl/1.9.13/jackson-core-asl-1.9.13.jar:/home/user/.m2/repository/org/codehaus/jackson/jackson-mapper-asl/1.9.13/jackson-mapper-asl-1.9.13.jar:/home/user/.m2/repository/org/codehaus/jackson/jackson-jaxrs/1.9.13/jackson-jaxrs-1.9.13.jar:/home/user/.m2/repository/org/codehaus/jackson/jackson-xc/1.9.13/jackson-xc-1.9.13.jar:/home/user/.m2/repository/com/sun/jersey/jersey-server/1.19/jersey-server-1.19.jar:/home/user/.m2/repository/commons-logging/commons-logging/1.1.3/commons-logging-1.1.3.jar:/home/user/.m2/repository/log4j/log4j/1.2.17/log4j-1.2.17.jar:/home/user/.m2/repository/commons-beanutils/commons-beanutils/1.9.3/commons-beanutils-1.9.3.jar:/home/user/.m2/repository/org/apache/commons/commons-configuration2/2.1.1/commons-configuration2-2.1.1.jar:/home/user/.m2/repository/org/apache/commons/commons-lang3/3.7/commons-lang3-3.7.jar:/home/user/.m2/repository/org/apache/commons/commons-text/1.4/commons-text-1.4.jar:/home/user/.m2/repository/org/slf4j/slf4j-api/1.7.25/slf4j-api-1.7.25.jar:/home/user/.m2/repository/org/slf4j/slf4j-log4j12/1.7.25/slf4j-log4j12-1.7.25.jar:/home/user/.m2/repository/org/apache/avro/avro/1.7.7/avro-1.7.7.jar:/home/user/.m2/repository/com/thoughtworks/paranamer/paranamer/2.3/paranamer-2.3.jar:/home/user/.m2/repository/org/xerial/snappy/snappy-java/1.0.5/snappy-java-1.0.5.jar:/home/user/.m2/repository/com/google/re2j/re2j/1.1/re2j-1.1.jar:/home/user/.m2/repository/com/google/code/gson/gson/2.2.4/gson-2.2.4.jar:/home/user/.m2/repository/org/apache/hadoop/hadoop-auth/3.2.0/hadoop-auth-3.2.0.jar:/home/user/.m2/repository/com/nimbusds/nimbus-jose-jwt/4.41.1/nimbus-jose-jwt-4.41.1.jar:/home/user/.m2/repository/com/github/stephenc/jcip/jcip-annotations/1.0-1/jcip-annotations-1.0-1.jar:/home/user/.m2/repository/net/minidev/json-smart/2.3/json-smart-2.3.jar:/home/user/.m2/repository/net/minidev/accessors-smart/1.2/accessors-smart-1.2.jar:/home/user/.m2/repository/org/apache/curator/curator-framework/2.12.0/curator-framework-2.12.0.jar:/home/user/.m2/repository/com/jcraft/jsch/0.1.54/jsch-0.1.54.jar:/home/user/.m2/repository/org/apache/curator/curator-client/2.12.0/curator-client-2.12.0.jar:/home/user/.m2/repository/org/apache/curator/curator-recipes/2.12.0/curator-recipes-2.12.0.jar:/home/user/.m2/repository/com/google/code/findbugs/jsr305/3.0.0/jsr305-3.0.0.jar:/home/user/.m2/repository/org/apache/htrace/htrace-core4/4.1.0-incubating/htrace-core4-4.1.0-incubating.jar:/home/user/.m2/repository/org/apache/zookeeper/zookeeper/3.4.13/zookeeper-3.4.13.jar:/home/user/.m2/repository/org/apache/yetus/audience-annotations/0.5.0/audience-annotations-0.5.0.jar:/home/user/.m2/repository/org/apache/kerby/kerb-simplekdc/1.0.1/kerb-simplekdc-1.0.1.jar:/home/user/.m2/repository/org/apache/kerby/kerb-client/1.0.1/kerb-client-1.0.1.jar:/home/user/.m2/repository/org/apache/kerby/kerby-config/1.0.1/kerby-config-1.0.1.jar:/home/user/.m2/repository/org/apache/kerby/kerb-core/1.0.1/kerb-core-1.0.1.jar:/home/user/.m2/repository/org/apache/kerby/kerby-pkix/1.0.1/kerby-pkix-1.0.1.jar:/home/user/.m2/repository/org/apache/kerby/kerby-asn1/1.0.1/kerby-asn1-1.0.1.jar:/home/user/.m2/repository/org/apache/kerby/kerby-util/1.0.1/kerby-util-1.0.1.jar:/home/user/.m2/repository/org/apache/kerby/kerb-common/1.0.1/kerb-common-1.0.1.jar:/home/user/.m2/repository/org/apache/kerby/kerb-crypto/1.0.1/kerb-crypto-1.0.1.jar:/home/user/.m2/repository/org/apache/kerby/kerb-util/1.0.1/kerb-util-1.0.1.jar:/home/user/.m2/repository/org/apache/kerby/token-provider/1.0.1/token-provider-1.0.1.jar:/home/user/.m2/repository/org/apache/kerby/kerb-admin/1.0.1/kerb-admin-1.0.1.jar:/home/user/.m2/repository/org/apache/kerby/kerb-server/1.0.1/kerb-server-1.0.1.jar:/home/user/.m2/repository/org/apache/kerby/kerb-identity/1.0.1/kerb-identity-1.0.1.jar:/home/user/.m2/repository/org/apache/kerby/kerby-xdr/1.0.1/kerby-xdr-1.0.1.jar:/home/user/.m2/repository/com/fasterxml/jackson/core/jackson-databind/2.9.5/jackson-databind-2.9.5.jar:/home/user/.m2/repository/com/fasterxml/jackson/core/jackson-core/2.9.5/jackson-core-2.9.5.jar:/home/user/.m2/repository/org/codehaus/woodstox/stax2-api/3.1.4/stax2-api-3.1.4.jar:/home/user/.m2/repository/com/fasterxml/woodstox/woodstox-core/5.0.3/woodstox-core-5.0.3.jar:/home/user/.m2/repository/dnsjava/dnsjava/2.1.7/dnsjava-2.1.7.jar:/home/user/.m2/repository/org/apache/hadoop/hadoop-hdfs/3.2.0/hadoop-hdfs-3.2.0.jar:/home/user/.m2/repository/org/eclipse/jetty/jetty-util-ajax/9.3.24.v20180605/jetty-util-ajax-9.3.24.v20180605.jar:/home/user/.m2/repository/commons-daemon/commons-daemon/1.0.13/commons-daemon-1.0.13.jar:/home/user/.m2/repository/io/netty/netty/3.10.5.Final/netty-3.10.5.Final.jar:/home/user/.m2/repository/io/netty/netty-all/4.0.52.Final/netty-all-4.0.52.Final.jar:/home/user/.m2/repository/org/fusesource/leveldbjni/leveldbjni-all/1.8/leveldbjni-all-1.8.jar:/home/user/.m2/repository/com/sun/xml/bind/jaxb-core/2.3.0.1/jaxb-core-2.3.0.1.jar:/home/user/.m2/repository/javax/xml/bind/jaxb-api/2.3.0/jaxb-api-2.3.0.jar:/home/user/.m2/repository/javax/activation/activation/1.1.1/activation-1.1.1.jar:/home/user/.m2/repository/io/dropwizard/metrics/metrics-core/3.2.4/metrics-core-3.2.4.jar:/home/user/.m2/repository/org/openjdk/jmh/jmh-core/1.19/jmh-core-1.19.jar:/home/user/.m2/repository/net/sf/jopt-simple/jopt-simple/4.6/jopt-simple-4.6.jar:/home/user/.m2/repository/org/openjdk/jmh/jmh-generator-annprocess/1.19/jmh-generator-annprocess-1.19.jar:/home/user/.m2/repository/com/google/code/findbugs/findbugs/3.0.1/findbugs-3.0.1.jar:/home/user/.m2/repository/net/jcip/jcip-annotations/1.0/jcip-annotations-1.0.jar:/home/user/.m2/repository/com/google/code/findbugs/bcel-findbugs/6.0/bcel-findbugs-6.0.jar:/home/user/.m2/repository/com/google/code/findbugs/jFormatString/2.0.1/jFormatString-2.0.1.jar:/home/user/.m2/repository/dom4j/dom4j/1.6.1/dom4j-1.6.1.jar:/home/user/.m2/repository/xml-apis/xml-apis/1.0.b2/xml-apis-1.0.b2.jar:/home/user/.m2/repository/org/ow2/asm/asm-debug-all/5.0.2/asm-debug-all-5.0.2.jar:/home/user/.m2/repository/org/ow2/asm/asm-commons/5.0.2/asm-commons-5.0.2.jar:/home/user/.m2/repository/org/ow2/asm/asm-tree/5.0.2/asm-tree-5.0.2.jar:/home/user/.m2/repository/org/ow2/asm/asm/5.0.4/asm-5.0.4.jar:/home/user/.m2/repository/commons-lang/commons-lang/2.6/commons-lang-2.6.jar:/home/user/.m2/repository/com/apple/AppleJavaExtensions/1.4/AppleJavaExtensions-1.4.jar:/home/user/.m2/repository/jaxen/jaxen/1.1.6/jaxen-1.1.6.jar:/home/user/.m2/repository/junit/junit/4.11/junit-4.11.jar:/home/user/.m2/repository/org/hamcrest/hamcrest-core/1.3/hamcrest-core-1.3.jar:/home/user/.m2/repository/org/apache/hadoop/hadoop-common/3.2.0/hadoop-common-3.2.0-tests.jar:/workdir/hadoop-ozone/integration-test/target/test-classes:/home/user/.m2/repository/org/apache/hadoop/hadoop-ozone-objectstore-service/0.5.0-SNAPSHOT/hadoop-ozone-objectstore-service-0.5.0-SNAPSHOT.jar:/home/user/.m2/repository/org/apache/hadoop/hadoop-ozone-s3gateway/0.5.0-SNAPSHOT/hadoop-ozone-s3gateway-0.5.0-SNAPSHOT.jar:/home/user/.m2/repository/org/jboss/weld/servlet/weld-servlet/2.4.7.Final/weld-servlet-2.4.7.Final.jar:/home/user/.m2/repository/org/glassfish/jersey/containers/jersey-container-servlet-core/2.27/jersey-container-servlet-core-2.27.jar:/home/user/.m2/repository/org/glassfish/hk2/external/javax.inject/2.5.0-b42/javax.inject-2.5.0-b42.jar:/home/user/.m2/repository/org/glassfish/jersey/core/jersey-common/2.27/jersey-common-2.27.jar:/home/user/.m2/repository/org/glassfish/hk2/osgi-resource-locator/1.0.1/osgi-resource-locator-1.0.1.jar:/home/user/.m2/repository/javax/ws/rs/javax.ws.rs-api/2.1/javax.ws.rs-api-2.1.jar:/home/user/.m2/repository/org/glassfish/jersey/ext/cdi/jersey-cdi1x/2.27/jersey-cdi1x-2.27.jar:/home/user/.m2/repository/org/glassfish/jersey/inject/jersey-hk2/2.27/jersey-hk2-2.27.jar:/home/user/.m2/repository/org/glassfish/hk2/hk2-locator/2.5.0-b42/hk2-locator-2.5.0-b42.jar:/home/user/.m2/repository/org/javassist/javassist/3.22.0-CR2/javassist-3.22.0-CR2.jar:/home/user/.m2/repository/org/glassfish/hk2/hk2-api/2.5.0/hk2-api-2.5.0.jar:/home/user/.m2/repository/org/glassfish/hk2/external/jakarta.inject/2.5.0/jakarta.inject-2.5.0.jar:/home/user/.m2/repository/org/glassfish/hk2/hk2-utils/2.5.0/hk2-utils-2.5.0.jar:/home/user/.m2/repository/jakarta/annotation/jakarta.annotation-api/1.3.4/jakarta.annotation-api-1.3.4.jar:/home/user/.m2/repository/org/glassfish/hk2/external/aopalliance-repackaged/2.5.0/aopalliance-repackaged-2.5.0.jar:/home/user/.m2/repository/com/fasterxml/jackson/dataformat/jackson-dataformat-xml/2.9.0/jackson-dataformat-xml-2.9.0.jar:/home/user/.m2/repository/com/fasterxml/jackson/module/jackson-module-jaxb-annotations/2.9.5/jackson-module-jaxb-annotations-2.9.5.jar:/home/user/.m2/repository/javax/enterprise/cdi-api/1.2/cdi-api-1.2.jar:/home/user/.m2/repository/javax/el/javax.el-api/3.0.0/javax.el-api-3.0.0.jar:/home/user/.m2/repository/javax/interceptor/javax.interceptor-api/1.2/javax.interceptor-api-1.2.jar:/home/user/.m2/repository/javax/inject/javax.inject/1/javax.inject-1.jar:/home/user/.m2/repository/org/apache/hadoop/hadoop-ozone-csi/0.5.0-SNAPSHOT/hadoop-ozone-csi-0.5.0-SNAPSHOT.jar:/home/user/.m2/repository/com/google/protobuf/protobuf-java-util/3.5.1/protobuf-java-util-3.5.1.jar:/home/user/.m2/repository/io/grpc/grpc-netty/1.17.1/grpc-netty-1.17.1.jar:/home/user/.m2/repository/io/grpc/grpc-core/1.17.1/grpc-core-1.17.1.jar:/home/user/.m2/repository/io/grpc/grpc-context/1.17.1/grpc-context-1.17.1.jar:/home/user/.m2/repository/com/google/errorprone/error_prone_annotations/2.2.0/error_prone_annotations-2.2.0.jar:/home/user/.m2/repository/org/codehaus/mojo/animal-sniffer-annotations/1.17/animal-sniffer-annotations-1.17.jar:/home/user/.m2/repository/io/opencensus/opencensus-api/0.17.0/opencensus-api-0.17.0.jar:/home/user/.m2/repository/io/opencensus/opencensus-contrib-grpc-metrics/0.17.0/opencensus-contrib-grpc-metrics-0.17.0.jar:/home/user/.m2/repository/io/netty/netty-codec-http2/4.1.30.Final/netty-codec-http2-4.1.30.Final.jar:/home/user/.m2/repository/io/netty/netty-codec-http/4.1.30.Final/netty-codec-http-4.1.30.Final.jar:/home/user/.m2/repository/io/netty/netty-codec/4.1.30.Final/netty-codec-4.1.30.Final.jar:/home/user/.m2/repository/io/netty/netty-handler/4.1.30.Final/netty-handler-4.1.30.Final.jar:/home/user/.m2/repository/io/netty/netty-handler-proxy/4.1.30.Final/netty-handler-proxy-4.1.30.Final.jar:/home/user/.m2/repository/io/netty/netty-codec-socks/4.1.30.Final/netty-codec-socks-4.1.30.Final.jar:/home/user/.m2/repository/io/netty/netty-transport-native-epoll/4.1.30.Final/netty-transport-native-epoll-4.1.30.Final.jar:/home/user/.m2/repository/io/netty/netty-common/4.1.30.Final/netty-common-4.1.30.Final.jar:/home/user/.m2/repository/io/netty/netty-buffer/4.1.30.Final/netty-buffer-4.1.30.Final.jar:/home/user/.m2/repository/io/netty/netty-transport/4.1.30.Final/netty-transport-4.1.30.Final.jar:/home/user/.m2/repository/io/netty/netty-resolver/4.1.30.Final/netty-resolver-4.1.30.Final.jar:/home/user/.m2/repository/io/netty/netty-transport-native-unix-common/4.1.30.Final/netty-transport-native-unix-common-4.1.30.Final.jar:/home/user/.m2/repository/io/grpc/grpc-protobuf/1.17.1/grpc-protobuf-1.17.1.jar:/home/user/.m2/repository/com/google/api/grpc/proto-google-common-protos/1.0.0/proto-google-common-protos-1.0.0.jar:/home/user/.m2/repository/io/grpc/grpc-protobuf-lite/1.17.1/grpc-protobuf-lite-1.17.1.jar:/home/user/.m2/repository/io/grpc/grpc-stub/1.17.1/grpc-stub-1.17.1.jar:/home/user/.m2/repository/org/apache/hadoop/hadoop-ozone-recon/0.5.0-SNAPSHOT/hadoop-ozone-recon-0.5.0-SNAPSHOT.jar:/home/user/.m2/repository/org/apache/hadoop/hadoop-ozone-reconcodegen/0.5.0-SNAPSHOT/hadoop-ozone-reconcodegen-0.5.0-SNAPSHOT.jar:/home/user/.m2/repository/com/google/inject/extensions/guice-multibindings/4.0/guice-multibindings-4.0.jar:/home/user/.m2/repository/com/google/inject/guice/4.0/guice-4.0.jar:/home/user/.m2/repository/aopalliance/aopalliance/1.0/aopalliance-1.0.jar:/home/user/.m2/repository/com/google/inject/extensions/guice-servlet/4.0/guice-servlet-4.0.jar:/home/user/.m2/repository/org/glassfish/jersey/containers/jersey-container-servlet/2.27/jersey-container-servlet-2.27.jar:/home/user/.m2/repository/org/glassfish/hk2/guice-bridge/2.5.0/guice-bridge-2.5.0.jar:/home/user/.m2/repository/org/glassfish/jersey/core/jersey-server/2.27/jersey-server-2.27.jar:/home/user/.m2/repository/org/glassfish/jersey/core/jersey-client/2.27/jersey-client-2.27.jar:/home/user/.m2/repository/org/glassfish/jersey/media/jersey-media-jaxb/2.27/jersey-media-jaxb-2.27.jar:/home/user/.m2/repository/javax/validation/validation-api/1.1.0.Final/validation-api-1.1.0.Final.jar:/home/user/.m2/repository/org/glassfish/jersey/media/jersey-media-json-jackson/2.27/jersey-media-json-jackson-2.27.jar:/home/user/.m2/repository/org/glassfish/jersey/ext/jersey-entity-filtering/2.27/jersey-entity-filtering-2.27.jar:/home/user/.m2/repository/com/google/inject/extensions/guice-assistedinject/4.0/guice-assistedinject-4.0.jar:/home/user/.m2/repository/org/jooq/jooq/3.11.10/jooq-3.11.10.jar:/home/user/.m2/repository/org/jooq/jooq-meta/3.11.10/jooq-meta-3.11.10.jar:/home/user/.m2/repository/org/jooq/jooq-codegen/3.11.10/jooq-codegen-3.11.10.jar:/home/user/.m2/repository/com/jolbox/bonecp/0.8.0.RELEASE/bonecp-0.8.0.RELEASE.jar:/home/user/.m2/repository/org/springframework/spring-jdbc/5.1.3.RELEASE/spring-jdbc-5.1.3.RELEASE.jar:/home/user/.m2/repository/org/springframework/spring-beans/5.1.3.RELEASE/spring-beans-5.1.3.RELEASE.jar:/home/user/.m2/repository/org/springframework/spring-core/5.1.3.RELEASE/spring-core-5.1.3.RELEASE.jar:/home/user/.m2/repository/org/springframework/spring-jcl/5.1.3.RELEASE/spring-jcl-5.1.3.RELEASE.jar:/home/user/.m2/repository/org/springframework/spring-tx/5.1.3.RELEASE/spring-tx-5.1.3.RELEASE.jar:/home/user/.m2/repository/org/mockito/mockito-core/2.15.0/mockito-core-2.15.0.jar:/home/user/.m2/repository/net/bytebuddy/byte-buddy/1.7.9/byte-buddy-1.7.9.jar:/home/user/.m2/repository/net/bytebuddy/byte-buddy-agent/1.7.9/byte-buddy-agent-1.7.9.jar:/home/user/.m2/repository/org/objenesis/objenesis/1.0/objenesis-1.0.jar:"/>
    <property name="java.vm.vendor" value="IcedTea"/>
    <property name="sun.arch.data.model" value="64"/>
    <property name="test.build.dir" value="/workdir/hadoop-ozone/tools/target/test-dir"/>
    <property name="test.cache.data" value=""/>
    <property name="java.vendor.url" value="https://icedtea.classpath.org"/>
    <property name="user.timezone" value=""/>
    <property name="java.vm.specification.version" value="1.8"/>
    <property name="os.name" value="Linux"/>
    <property name="test.build.data" value="/workdir/hadoop-ozone/tools/target/test-dir"/>
    <property name="user.country" value="US"/>
    <property name="sun.java.launcher" value="SUN_STANDARD"/>
    <property name="sun.boot.library.path" value="/usr/lib/jvm/java-1.8-openjdk/jre/lib/amd64"/>
    <property name="sun.java.command" value="/workdir/hadoop-ozone/tools/target/surefire/surefirebooter1869652177429155184.jar /workdir/hadoop-ozone/tools/target/surefire 2019-09-19T09-27-26_393-jvmRun1 surefire132652980730713261tmp surefire_1236352038189715796028tmp"/>
    <property name="test" value="!TestMiniChaosOzoneCluster"/>
    <property name="surefire.test.class.path" value="/workdir/hadoop-ozone/tools/target/test-classes:/workdir/hadoop-ozone/tools/target/classes:/home/user/.m2/repository/org/apache/hadoop/hadoop-ozone-ozone-manager/0.5.0-SNAPSHOT/hadoop-ozone-ozone-manager-0.5.0-SNAPSHOT.jar:/home/user/.m2/repository/org/apache/hadoop/hadoop-hdds-docs/0.5.0-SNAPSHOT/hadoop-hdds-docs-0.5.0-SNAPSHOT.jar:/home/user/.m2/repository/org/bouncycastle/bcprov-jdk15on/1.60/bcprov-jdk15on-1.60.jar:/home/user/.m2/repository/org/apache/hadoop/hadoop-ozone-common/0.5.0-SNAPSHOT/hadoop-ozone-common-0.5.0-SNAPSHOT.jar:/home/user/.m2/repository/org/apache/commons/commons-compress/1.4.1/commons-compress-1.4.1.jar:/home/user/.m2/repository/org/tukaani/xz/1.0/xz-1.0.jar:/home/user/.m2/repository/org/apache/hadoop/hadoop-hdfs-client/3.2.0/hadoop-hdfs-client-3.2.0.jar:/home/user/.m2/repository/com/fasterxml/jackson/core/jackson-annotations/2.9.5/jackson-annotations-2.9.5.jar:/home/user/.m2/repository/org/apache/hadoop/hadoop-hdds-common/0.5.0-SNAPSHOT/hadoop-hdds-common-0.5.0-SNAPSHOT.jar:/home/user/.m2/repository/org/apache/hadoop/hadoop-hdds-config/0.5.0-SNAPSHOT/hadoop-hdds-config-0.5.0-SNAPSHOT.jar:/home/user/.m2/repository/javax/annotation/javax.annotation-api/1.2/javax.annotation-api-1.2.jar:/home/user/.m2/repository/org/apache/ratis/ratis-server/0.4.0-2337318-SNAPSHOT/ratis-server-0.4.0-2337318-SNAPSHOT.jar:/home/user/.m2/repository/org/apache/ratis/ratis-thirdparty-misc/0.2.0/ratis-thirdparty-misc-0.2.0.jar:/home/user/.m2/repository/org/apache/ratis/ratis-proto/0.4.0-2337318-SNAPSHOT/ratis-proto-0.4.0-2337318-SNAPSHOT.jar:/home/user/.m2/repository/org/apache/ratis/ratis-common/0.4.0-2337318-SNAPSHOT/ratis-common-0.4.0-2337318-SNAPSHOT.jar:/home/user/.m2/repository/org/apache/ratis/ratis-client/0.4.0-2337318-SNAPSHOT/ratis-client-0.4.0-2337318-SNAPSHOT.jar:/home/user/.m2/repository/org/apache/ratis/ratis-metrics/0.4.0-2337318-SNAPSHOT/ratis-metrics-0.4.0-2337318-SNAPSHOT.jar:/home/user/.m2/repository/org/apache/ratis/ratis-netty/0.4.0-2337318-SNAPSHOT/ratis-netty-0.4.0-2337318-SNAPSHOT.jar:/home/user/.m2/repository/org/apache/ratis/ratis-grpc/0.4.0-2337318-SNAPSHOT/ratis-grpc-0.4.0-2337318-SNAPSHOT.jar:/home/user/.m2/repository/org/rocksdb/rocksdbjni/6.0.1/rocksdbjni-6.0.1.jar:/home/user/.m2/repository/org/apache/logging/log4j/log4j-api/2.11.0/log4j-api-2.11.0.jar:/home/user/.m2/repository/org/apache/logging/log4j/log4j-core/2.11.0/log4j-core-2.11.0.jar:/home/user/.m2/repository/com/lmax/disruptor/3.4.2/disruptor-3.4.2.jar:/home/user/.m2/repository/org/apache/commons/commons-pool2/2.6.0/commons-pool2-2.6.0.jar:/home/user/.m2/repository/org/bouncycastle/bcpkix-jdk15on/1.60/bcpkix-jdk15on-1.60.jar:/home/user/.m2/repository/commons-validator/commons-validator/1.6/commons-validator-1.6.jar:/home/user/.m2/repository/commons-digester/commons-digester/1.8.1/commons-digester-1.8.1.jar:/home/user/.m2/repository/io/jaegertracing/jaeger-client/0.33.1/jaeger-client-0.33.1.jar:/home/user/.m2/repository/io/jaegertracing/jaeger-thrift/0.33.1/jaeger-thrift-0.33.1.jar:/home/user/.m2/repository/org/apache/thrift/libthrift/0.11.0/libthrift-0.11.0.jar:/home/user/.m2/repository/com/squareup/okhttp3/okhttp/3.9.0/okhttp-3.9.0.jar:/home/user/.m2/repository/com/squareup/okio/okio/1.13.0/okio-1.13.0.jar:/home/user/.m2/repository/io/jaegertracing/jaeger-core/0.33.1/jaeger-core-0.33.1.jar:/home/user/.m2/repository/io/jaegertracing/jaeger-tracerresolver/0.33.1/jaeger-tracerresolver-0.33.1.jar:/home/user/.m2/repository/io/opentracing/contrib/opentracing-tracerresolver/0.1.5/opentracing-tracerresolver-0.1.5.jar:/home/user/.m2/repository/io/opentracing/opentracing-util/0.31.0/opentracing-util-0.31.0.jar:/home/user/.m2/repository/io/opentracing/opentracing-api/0.31.0/opentracing-api-0.31.0.jar:/home/user/.m2/repository/io/opentracing/opentracing-noop/0.31.0/opentracing-noop-0.31.0.jar:/home/user/.m2/repository/org/yaml/snakeyaml/1.16/snakeyaml-1.16.jar:/home/user/.m2/repository/org/apache/hadoop/hadoop-hdds-container-service/0.5.0-SNAPSHOT/hadoop-hdds-container-service-0.5.0-SNAPSHOT.jar:/home/user/.m2/repository/org/apache/hadoop/hadoop-hdds-client/0.5.0-SNAPSHOT/hadoop-hdds-client-0.5.0-SNAPSHOT.jar:/home/user/.m2/repository/org/apache/hadoop/hadoop-hdds-tools/0.5.0-SNAPSHOT/hadoop-hdds-tools-0.5.0-SNAPSHOT.jar:/home/user/.m2/repository/org/xerial/sqlite-jdbc/3.25.2/sqlite-jdbc-3.25.2.jar:/home/user/.m2/repository/org/apache/hadoop/hadoop-hdds-server-scm/0.5.0-SNAPSHOT/hadoop-hdds-server-scm-0.5.0-SNAPSHOT.jar:/home/user/.m2/repository/org/hamcrest/hamcrest-all/1.3/hamcrest-all-1.3.jar:/home/user/.m2/repository/info/picocli/picocli/3.9.6/picocli-3.9.6.jar:/home/user/.m2/repository/com/google/protobuf/protobuf-java/2.5.0/protobuf-java-2.5.0.jar:/home/user/.m2/repository/com/google/guava/guava/11.0.2/guava-11.0.2.jar:/home/user/.m2/repository/org/apache/hadoop/hadoop-ozone-client/0.5.0-SNAPSHOT/hadoop-ozone-client-0.5.0-SNAPSHOT.jar:/workdir/hadoop-ozone/ozonefs/target/classes:/home/user/.m2/repository/org/apache/hadoop/hadoop-hdds-server-framework/0.5.0-SNAPSHOT/hadoop-hdds-server-framework-0.5.0-SNAPSHOT.jar:/home/user/.m2/repository/org/apache/hadoop/hadoop-common/3.2.0/hadoop-common-3.2.0.jar:/home/user/.m2/repository/org/apache/hadoop/hadoop-annotations/3.2.0/hadoop-annotations-3.2.0.jar:/usr/lib/jvm/java-1.8-openjdk/jre/../lib/tools.jar:/home/user/.m2/repository/commons-cli/commons-cli/1.2/commons-cli-1.2.jar:/home/user/.m2/repository/org/apache/commons/commons-math3/3.1.1/commons-math3-3.1.1.jar:/home/user/.m2/repository/org/apache/httpcomponents/httpclient/4.5.2/httpclient-4.5.2.jar:/home/user/.m2/repository/org/apache/httpcomponents/httpcore/4.4.4/httpcore-4.4.4.jar:/home/user/.m2/repository/commons-codec/commons-codec/1.11/commons-codec-1.11.jar:/home/user/.m2/repository/commons-io/commons-io/2.5/commons-io-2.5.jar:/home/user/.m2/repository/commons-net/commons-net/3.6/commons-net-3.6.jar:/home/user/.m2/repository/commons-collections/commons-collections/3.2.2/commons-collections-3.2.2.jar:/home/user/.m2/repository/javax/servlet/javax.servlet-api/3.1.0/javax.servlet-api-3.1.0.jar:/home/user/.m2/repository/org/eclipse/jetty/jetty-server/9.3.24.v20180605/jetty-server-9.3.24.v20180605.jar:/home/user/.m2/repository/org/eclipse/jetty/jetty-http/9.3.24.v20180605/jetty-http-9.3.24.v20180605.jar:/home/user/.m2/repository/org/eclipse/jetty/jetty-io/9.3.24.v20180605/jetty-io-9.3.24.v20180605.jar:/home/user/.m2/repository/org/eclipse/jetty/jetty-util/9.3.24.v20180605/jetty-util-9.3.24.v20180605.jar:/home/user/.m2/repository/org/eclipse/jetty/jetty-servlet/9.3.24.v20180605/jetty-servlet-9.3.24.v20180605.jar:/home/user/.m2/repository/org/eclipse/jetty/jetty-security/9.3.24.v20180605/jetty-security-9.3.24.v20180605.jar:/home/user/.m2/repository/org/eclipse/jetty/jetty-webapp/9.3.24.v20180605/jetty-webapp-9.3.24.v20180605.jar:/home/user/.m2/repository/org/eclipse/jetty/jetty-xml/9.3.24.v20180605/jetty-xml-9.3.24.v20180605.jar:/home/user/.m2/repository/javax/servlet/jsp/jsp-api/2.1/jsp-api-2.1.jar:/home/user/.m2/repository/com/sun/jersey/jersey-core/1.19/jersey-core-1.19.jar:/home/user/.m2/repository/javax/ws/rs/jsr311-api/1.1.1/jsr311-api-1.1.1.jar:/home/user/.m2/repository/com/sun/jersey/jersey-servlet/1.19/jersey-servlet-1.19.jar:/home/user/.m2/repository/com/sun/jersey/jersey-json/1.19/jersey-json-1.19.jar:/home/user/.m2/repository/org/codehaus/jettison/jettison/1.1/jettison-1.1.jar:/home/user/.m2/repository/com/sun/xml/bind/jaxb-impl/2.3.0.1/jaxb-impl-2.3.0.1.jar:/home/user/.m2/repository/org/codehaus/jackson/jackson-core-asl/1.9.13/jackson-core-asl-1.9.13.jar:/home/user/.m2/repository/org/codehaus/jackson/jackson-mapper-asl/1.9.13/jackson-mapper-asl-1.9.13.jar:/home/user/.m2/repository/org/codehaus/jackson/jackson-jaxrs/1.9.13/jackson-jaxrs-1.9.13.jar:/home/user/.m2/repository/org/codehaus/jackson/jackson-xc/1.9.13/jackson-xc-1.9.13.jar:/home/user/.m2/repository/com/sun/jersey/jersey-server/1.19/jersey-server-1.19.jar:/home/user/.m2/repository/commons-logging/commons-logging/1.1.3/commons-logging-1.1.3.jar:/home/user/.m2/repository/log4j/log4j/1.2.17/log4j-1.2.17.jar:/home/user/.m2/repository/commons-beanutils/commons-beanutils/1.9.3/commons-beanutils-1.9.3.jar:/home/user/.m2/repository/org/apache/commons/commons-configuration2/2.1.1/commons-configuration2-2.1.1.jar:/home/user/.m2/repository/org/apache/commons/commons-lang3/3.7/commons-lang3-3.7.jar:/home/user/.m2/repository/org/apache/commons/commons-text/1.4/commons-text-1.4.jar:/home/user/.m2/repository/org/slf4j/slf4j-api/1.7.25/slf4j-api-1.7.25.jar:/home/user/.m2/repository/org/slf4j/slf4j-log4j12/1.7.25/slf4j-log4j12-1.7.25.jar:/home/user/.m2/repository/org/apache/avro/avro/1.7.7/avro-1.7.7.jar:/home/user/.m2/repository/com/thoughtworks/paranamer/paranamer/2.3/paranamer-2.3.jar:/home/user/.m2/repository/org/xerial/snappy/snappy-java/1.0.5/snappy-java-1.0.5.jar:/home/user/.m2/repository/com/google/re2j/re2j/1.1/re2j-1.1.jar:/home/user/.m2/repository/com/google/code/gson/gson/2.2.4/gson-2.2.4.jar:/home/user/.m2/repository/org/apache/hadoop/hadoop-auth/3.2.0/hadoop-auth-3.2.0.jar:/home/user/.m2/repository/com/nimbusds/nimbus-jose-jwt/4.41.1/nimbus-jose-jwt-4.41.1.jar:/home/user/.m2/repository/com/github/stephenc/jcip/jcip-annotations/1.0-1/jcip-annotations-1.0-1.jar:/home/user/.m2/repository/net/minidev/json-smart/2.3/json-smart-2.3.jar:/home/user/.m2/repository/net/minidev/accessors-smart/1.2/accessors-smart-1.2.jar:/home/user/.m2/repository/org/apache/curator/curator-framework/2.12.0/curator-framework-2.12.0.jar:/home/user/.m2/repository/com/jcraft/jsch/0.1.54/jsch-0.1.54.jar:/home/user/.m2/repository/org/apache/curator/curator-client/2.12.0/curator-client-2.12.0.jar:/home/user/.m2/repository/org/apache/curator/curator-recipes/2.12.0/curator-recipes-2.12.0.jar:/home/user/.m2/repository/com/google/code/findbugs/jsr305/3.0.0/jsr305-3.0.0.jar:/home/user/.m2/repository/org/apache/htrace/htrace-core4/4.1.0-incubating/htrace-core4-4.1.0-incubating.jar:/home/user/.m2/repository/org/apache/zookeeper/zookeeper/3.4.13/zookeeper-3.4.13.jar:/home/user/.m2/repository/org/apache/yetus/audience-annotations/0.5.0/audience-annotations-0.5.0.jar:/home/user/.m2/repository/org/apache/kerby/kerb-simplekdc/1.0.1/kerb-simplekdc-1.0.1.jar:/home/user/.m2/repository/org/apache/kerby/kerb-client/1.0.1/kerb-client-1.0.1.jar:/home/user/.m2/repository/org/apache/kerby/kerby-config/1.0.1/kerby-config-1.0.1.jar:/home/user/.m2/repository/org/apache/kerby/kerb-core/1.0.1/kerb-core-1.0.1.jar:/home/user/.m2/repository/org/apache/kerby/kerby-pkix/1.0.1/kerby-pkix-1.0.1.jar:/home/user/.m2/repository/org/apache/kerby/kerby-asn1/1.0.1/kerby-asn1-1.0.1.jar:/home/user/.m2/repository/org/apache/kerby/kerby-util/1.0.1/kerby-util-1.0.1.jar:/home/user/.m2/repository/org/apache/kerby/kerb-common/1.0.1/kerb-common-1.0.1.jar:/home/user/.m2/repository/org/apache/kerby/kerb-crypto/1.0.1/kerb-crypto-1.0.1.jar:/home/user/.m2/repository/org/apache/kerby/kerb-util/1.0.1/kerb-util-1.0.1.jar:/home/user/.m2/repository/org/apache/kerby/token-provider/1.0.1/token-provider-1.0.1.jar:/home/user/.m2/repository/org/apache/kerby/kerb-admin/1.0.1/kerb-admin-1.0.1.jar:/home/user/.m2/repository/org/apache/kerby/kerb-server/1.0.1/kerb-server-1.0.1.jar:/home/user/.m2/repository/org/apache/kerby/kerb-identity/1.0.1/kerb-identity-1.0.1.jar:/home/user/.m2/repository/org/apache/kerby/kerby-xdr/1.0.1/kerby-xdr-1.0.1.jar:/home/user/.m2/repository/com/fasterxml/jackson/core/jackson-databind/2.9.5/jackson-databind-2.9.5.jar:/home/user/.m2/repository/com/fasterxml/jackson/core/jackson-core/2.9.5/jackson-core-2.9.5.jar:/home/user/.m2/repository/org/codehaus/woodstox/stax2-api/3.1.4/stax2-api-3.1.4.jar:/home/user/.m2/repository/com/fasterxml/woodstox/woodstox-core/5.0.3/woodstox-core-5.0.3.jar:/home/user/.m2/repository/dnsjava/dnsjava/2.1.7/dnsjava-2.1.7.jar:/home/user/.m2/repository/org/apache/hadoop/hadoop-hdfs/3.2.0/hadoop-hdfs-3.2.0.jar:/home/user/.m2/repository/org/eclipse/jetty/jetty-util-ajax/9.3.24.v20180605/jetty-util-ajax-9.3.24.v20180605.jar:/home/user/.m2/repository/commons-daemon/commons-daemon/1.0.13/commons-daemon-1.0.13.jar:/home/user/.m2/repository/io/netty/netty/3.10.5.Final/netty-3.10.5.Final.jar:/home/user/.m2/repository/io/netty/netty-all/4.0.52.Final/netty-all-4.0.52.Final.jar:/home/user/.m2/repository/org/fusesource/leveldbjni/leveldbjni-all/1.8/leveldbjni-all-1.8.jar:/home/user/.m2/repository/com/sun/xml/bind/jaxb-core/2.3.0.1/jaxb-core-2.3.0.1.jar:/home/user/.m2/repository/javax/xml/bind/jaxb-api/2.3.0/jaxb-api-2.3.0.jar:/home/user/.m2/repository/javax/activation/activation/1.1.1/activation-1.1.1.jar:/home/user/.m2/repository/io/dropwizard/metrics/metrics-core/3.2.4/metrics-core-3.2.4.jar:/home/user/.m2/repository/org/openjdk/jmh/jmh-core/1.19/jmh-core-1.19.jar:/home/user/.m2/repository/net/sf/jopt-simple/jopt-simple/4.6/jopt-simple-4.6.jar:/home/user/.m2/repository/org/openjdk/jmh/jmh-generator-annprocess/1.19/jmh-generator-annprocess-1.19.jar:/home/user/.m2/repository/com/google/code/findbugs/findbugs/3.0.1/findbugs-3.0.1.jar:/home/user/.m2/repository/net/jcip/jcip-annotations/1.0/jcip-annotations-1.0.jar:/home/user/.m2/repository/com/google/code/findbugs/bcel-findbugs/6.0/bcel-findbugs-6.0.jar:/home/user/.m2/repository/com/google/code/findbugs/jFormatString/2.0.1/jFormatString-2.0.1.jar:/home/user/.m2/repository/dom4j/dom4j/1.6.1/dom4j-1.6.1.jar:/home/user/.m2/repository/xml-apis/xml-apis/1.0.b2/xml-apis-1.0.b2.jar:/home/user/.m2/repository/org/ow2/asm/asm-debug-all/5.0.2/asm-debug-all-5.0.2.jar:/home/user/.m2/repository/org/ow2/asm/asm-commons/5.0.2/asm-commons-5.0.2.jar:/home/user/.m2/repository/org/ow2/asm/asm-tree/5.0.2/asm-tree-5.0.2.jar:/home/user/.m2/repository/org/ow2/asm/asm/5.0.4/asm-5.0.4.jar:/home/user/.m2/repository/commons-lang/commons-lang/2.6/commons-lang-2.6.jar:/home/user/.m2/repository/com/apple/AppleJavaExtensions/1.4/AppleJavaExtensions-1.4.jar:/home/user/.m2/repository/jaxen/jaxen/1.1.6/jaxen-1.1.6.jar:/home/user/.m2/repository/junit/junit/4.11/junit-4.11.jar:/home/user/.m2/repository/org/hamcrest/hamcrest-core/1.3/hamcrest-core-1.3.jar:/home/user/.m2/repository/org/apache/hadoop/hadoop-common/3.2.0/hadoop-common-3.2.0-tests.jar:/workdir/hadoop-ozone/integration-test/target/test-classes:/home/user/.m2/repository/org/apache/hadoop/hadoop-ozone-objectstore-service/0.5.0-SNAPSHOT/hadoop-ozone-objectstore-service-0.5.0-SNAPSHOT.jar:/home/user/.m2/repository/org/apache/hadoop/hadoop-ozone-s3gateway/0.5.0-SNAPSHOT/hadoop-ozone-s3gateway-0.5.0-SNAPSHOT.jar:/home/user/.m2/repository/org/jboss/weld/servlet/weld-servlet/2.4.7.Final/weld-servlet-2.4.7.Final.jar:/home/user/.m2/repository/org/glassfish/jersey/containers/jersey-container-servlet-core/2.27/jersey-container-servlet-core-2.27.jar:/home/user/.m2/repository/org/glassfish/hk2/external/javax.inject/2.5.0-b42/javax.inject-2.5.0-b42.jar:/home/user/.m2/repository/org/glassfish/jersey/core/jersey-common/2.27/jersey-common-2.27.jar:/home/user/.m2/repository/org/glassfish/hk2/osgi-resource-locator/1.0.1/osgi-resource-locator-1.0.1.jar:/home/user/.m2/repository/javax/ws/rs/javax.ws.rs-api/2.1/javax.ws.rs-api-2.1.jar:/home/user/.m2/repository/org/glassfish/jersey/ext/cdi/jersey-cdi1x/2.27/jersey-cdi1x-2.27.jar:/home/user/.m2/repository/org/glassfish/jersey/inject/jersey-hk2/2.27/jersey-hk2-2.27.jar:/home/user/.m2/repository/org/glassfish/hk2/hk2-locator/2.5.0-b42/hk2-locator-2.5.0-b42.jar:/home/user/.m2/repository/org/javassist/javassist/3.22.0-CR2/javassist-3.22.0-CR2.jar:/home/user/.m2/repository/org/glassfish/hk2/hk2-api/2.5.0/hk2-api-2.5.0.jar:/home/user/.m2/repository/org/glassfish/hk2/external/jakarta.inject/2.5.0/jakarta.inject-2.5.0.jar:/home/user/.m2/repository/org/glassfish/hk2/hk2-utils/2.5.0/hk2-utils-2.5.0.jar:/home/user/.m2/repository/jakarta/annotation/jakarta.annotation-api/1.3.4/jakarta.annotation-api-1.3.4.jar:/home/user/.m2/repository/org/glassfish/hk2/external/aopalliance-repackaged/2.5.0/aopalliance-repackaged-2.5.0.jar:/home/user/.m2/repository/com/fasterxml/jackson/dataformat/jackson-dataformat-xml/2.9.0/jackson-dataformat-xml-2.9.0.jar:/home/user/.m2/repository/com/fasterxml/jackson/module/jackson-module-jaxb-annotations/2.9.5/jackson-module-jaxb-annotations-2.9.5.jar:/home/user/.m2/repository/javax/enterprise/cdi-api/1.2/cdi-api-1.2.jar:/home/user/.m2/repository/javax/el/javax.el-api/3.0.0/javax.el-api-3.0.0.jar:/home/user/.m2/repository/javax/interceptor/javax.interceptor-api/1.2/javax.interceptor-api-1.2.jar:/home/user/.m2/repository/javax/inject/javax.inject/1/javax.inject-1.jar:/home/user/.m2/repository/org/apache/hadoop/hadoop-ozone-csi/0.5.0-SNAPSHOT/hadoop-ozone-csi-0.5.0-SNAPSHOT.jar:/home/user/.m2/repository/com/google/protobuf/protobuf-java-util/3.5.1/protobuf-java-util-3.5.1.jar:/home/user/.m2/repository/io/grpc/grpc-netty/1.17.1/grpc-netty-1.17.1.jar:/home/user/.m2/repository/io/grpc/grpc-core/1.17.1/grpc-core-1.17.1.jar:/home/user/.m2/repository/io/grpc/grpc-context/1.17.1/grpc-context-1.17.1.jar:/home/user/.m2/repository/com/google/errorprone/error_prone_annotations/2.2.0/error_prone_annotations-2.2.0.jar:/home/user/.m2/repository/org/codehaus/mojo/animal-sniffer-annotations/1.17/animal-sniffer-annotations-1.17.jar:/home/user/.m2/repository/io/opencensus/opencensus-api/0.17.0/opencensus-api-0.17.0.jar:/home/user/.m2/repository/io/opencensus/opencensus-contrib-grpc-metrics/0.17.0/opencensus-contrib-grpc-metrics-0.17.0.jar:/home/user/.m2/repository/io/netty/netty-codec-http2/4.1.30.Final/netty-codec-http2-4.1.30.Final.jar:/home/user/.m2/repository/io/netty/netty-codec-http/4.1.30.Final/netty-codec-http-4.1.30.Final.jar:/home/user/.m2/repository/io/netty/netty-codec/4.1.30.Final/netty-codec-4.1.30.Final.jar:/home/user/.m2/repository/io/netty/netty-handler/4.1.30.Final/netty-handler-4.1.30.Final.jar:/home/user/.m2/repository/io/netty/netty-handler-proxy/4.1.30.Final/netty-handler-proxy-4.1.30.Final.jar:/home/user/.m2/repository/io/netty/netty-codec-socks/4.1.30.Final/netty-codec-socks-4.1.30.Final.jar:/home/user/.m2/repository/io/netty/netty-transport-native-epoll/4.1.30.Final/netty-transport-native-epoll-4.1.30.Final.jar:/home/user/.m2/repository/io/netty/netty-common/4.1.30.Final/netty-common-4.1.30.Final.jar:/home/user/.m2/repository/io/netty/netty-buffer/4.1.30.Final/netty-buffer-4.1.30.Final.jar:/home/user/.m2/repository/io/netty/netty-transport/4.1.30.Final/netty-transport-4.1.30.Final.jar:/home/user/.m2/repository/io/netty/netty-resolver/4.1.30.Final/netty-resolver-4.1.30.Final.jar:/home/user/.m2/repository/io/netty/netty-transport-native-unix-common/4.1.30.Final/netty-transport-native-unix-common-4.1.30.Final.jar:/home/user/.m2/repository/io/grpc/grpc-protobuf/1.17.1/grpc-protobuf-1.17.1.jar:/home/user/.m2/repository/com/google/api/grpc/proto-google-common-protos/1.0.0/proto-google-common-protos-1.0.0.jar:/home/user/.m2/repository/io/grpc/grpc-protobuf-lite/1.17.1/grpc-protobuf-lite-1.17.1.jar:/home/user/.m2/repository/io/grpc/grpc-stub/1.17.1/grpc-stub-1.17.1.jar:/home/user/.m2/repository/org/apache/hadoop/hadoop-ozone-recon/0.5.0-SNAPSHOT/hadoop-ozone-recon-0.5.0-SNAPSHOT.jar:/home/user/.m2/repository/org/apache/hadoop/hadoop-ozone-reconcodegen/0.5.0-SNAPSHOT/hadoop-ozone-reconcodegen-0.5.0-SNAPSHOT.jar:/home/user/.m2/repository/com/google/inject/extensions/guice-multibindings/4.0/guice-multibindings-4.0.jar:/home/user/.m2/repository/com/google/inject/guice/4.0/guice-4.0.jar:/home/user/.m2/repository/aopalliance/aopalliance/1.0/aopalliance-1.0.jar:/home/user/.m2/repository/com/google/inject/extensions/guice-servlet/4.0/guice-servlet-4.0.jar:/home/user/.m2/repository/org/glassfish/jersey/containers/jersey-container-servlet/2.27/jersey-container-servlet-2.27.jar:/home/user/.m2/repository/org/glassfish/hk2/guice-bridge/2.5.0/guice-bridge-2.5.0.jar:/home/user/.m2/repository/org/glassfish/jersey/core/jersey-server/2.27/jersey-server-2.27.jar:/home/user/.m2/repository/org/glassfish/jersey/core/jersey-client/2.27/jersey-client-2.27.jar:/home/user/.m2/repository/org/glassfish/jersey/media/jersey-media-jaxb/2.27/jersey-media-jaxb-2.27.jar:/home/user/.m2/repository/javax/validation/validation-api/1.1.0.Final/validation-api-1.1.0.Final.jar:/home/user/.m2/repository/org/glassfish/jersey/media/jersey-media-json-jackson/2.27/jersey-media-json-jackson-2.27.jar:/home/user/.m2/repository/org/glassfish/jersey/ext/jersey-entity-filtering/2.27/jersey-entity-filtering-2.27.jar:/home/user/.m2/repository/com/google/inject/extensions/guice-assistedinject/4.0/guice-assistedinject-4.0.jar:/home/user/.m2/repository/org/jooq/jooq/3.11.10/jooq-3.11.10.jar:/home/user/.m2/repository/org/jooq/jooq-meta/3.11.10/jooq-meta-3.11.10.jar:/home/user/.m2/repository/org/jooq/jooq-codegen/3.11.10/jooq-codegen-3.11.10.jar:/home/user/.m2/repository/com/jolbox/bonecp/0.8.0.RELEASE/bonecp-0.8.0.RELEASE.jar:/home/user/.m2/repository/org/springframework/spring-jdbc/5.1.3.RELEASE/spring-jdbc-5.1.3.RELEASE.jar:/home/user/.m2/repository/org/springframework/spring-beans/5.1.3.RELEASE/spring-beans-5.1.3.RELEASE.jar:/home/user/.m2/repository/org/springframework/spring-core/5.1.3.RELEASE/spring-core-5.1.3.RELEASE.jar:/home/user/.m2/repository/org/springframework/spring-jcl/5.1.3.RELEASE/spring-jcl-5.1.3.RELEASE.jar:/home/user/.m2/repository/org/springframework/spring-tx/5.1.3.RELEASE/spring-tx-5.1.3.RELEASE.jar:/home/user/.m2/repository/org/mockito/mockito-core/2.15.0/mockito-core-2.15.0.jar:/home/user/.m2/repository/net/bytebuddy/byte-buddy/1.7.9/byte-buddy-1.7.9.jar:/home/user/.m2/repository/net/bytebuddy/byte-buddy-agent/1.7.9/byte-buddy-agent-1.7.9.jar:/home/user/.m2/repository/org/objenesis/objenesis/1.0/objenesis-1.0.jar:"/>
    <property name="sun.cpu.endian" value="little"/>
    <property name="user.home" value="/home/user"/>
    <property name="user.language" value="en"/>
    <property name="java.specification.vendor" value="Oracle Corporation"/>
    <property name="java.home" value="/usr/lib/jvm/java-1.8-openjdk/jre"/>
    <property name="java.security.krb5.conf" value="/workdir/hadoop-ozone/tools/target/test-classes/krb5.conf"/>
    <property name="basedir" value="/workdir/hadoop-ozone/tools"/>
    <property name="file.separator" value="/"/>
    <property name="line.separator" value="&#10;"/>
    <property name="java.vm.specification.vendor" value="Oracle Corporation"/>
    <property name="java.specification.name" value="Java Platform API Specification"/>
    <property name="java.awt.graphicsenv" value="sun.awt.X11GraphicsEnvironment"/>
    <property name="surefire.real.class.path" value="/workdir/hadoop-ozone/tools/target/surefire/surefirebooter1869652177429155184.jar"/>
    <property name="hadoop.log.dir" value="/workdir/hadoop-ozone/tools/target/log"/>
    <property name="sun.boot.class.path" value="/usr/lib/jvm/java-1.8-openjdk/jre/lib/resources.jar:/usr/lib/jvm/java-1.8-openjdk/jre/lib/rt.jar:/usr/lib/jvm/java-1.8-openjdk/jre/lib/sunrsasign.jar:/usr/lib/jvm/java-1.8-openjdk/jre/lib/jsse.jar:/usr/lib/jvm/java-1.8-openjdk/jre/lib/jce.jar:/usr/lib/jvm/java-1.8-openjdk/jre/lib/charsets.jar:/usr/lib/jvm/java-1.8-openjdk/jre/lib/jfr.jar:/usr/lib/jvm/java-1.8-openjdk/jre/classes"/>
    <property name="sun.management.compiler" value="HotSpot 64-Bit Tiered Compilers"/>
    <property name="java.runtime.version" value="1.8.0_212-b04"/>
    <property name="java.net.preferIPv4Stack" value="true"/>
    <property name="user.name" value="jenkins1000"/>
    <property name="path.separator" value=":"/>
    <property name="java.security.egd" value="file:///dev/urandom"/>
    <property name="os.version" value="3.10.0-957.12.2.el7.x86_64"/>
    <property name="java.endorsed.dirs" value="/usr/lib/jvm/java-1.8-openjdk/jre/lib/endorsed"/>
    <property name="java.runtime.name" value="OpenJDK Runtime Environment"/>
    <property name="file.encoding" value="UTF-8"/>
    <property name="java.vm.name" value="OpenJDK 64-Bit Server VM"/>
    <property name="test.build.webapps" value=""/>
    <property name="localRepository" value="/home/user/.m2/repository"/>
    <property name="java.vendor.url.bug" value="https://icedtea.classpath.org/bugzilla"/>
    <property name="java.io.tmpdir" value="/tmp"/>
    <property name="require.test.libhadoop" value=""/>
    <property name="java.version" value="1.8.0_212"/>
    <property name="user.dir" value="/workdir/hadoop-ozone/tools"/>
    <property name="os.arch" value="amd64"/>
    <property name="java.vm.specification.name" value="Java Virtual Machine Specification"/>
    <property name="test.build.classes" value="/workdir/hadoop-ozone/tools/target/test-classes"/>
    <property name="java.awt.printerjob" value="sun.print.PSPrinterJob"/>
    <property name="sun.os.patch.level" value="unknown"/>
    <property name="hadoop.tmp.dir" value="/workdir/hadoop-ozone/tools/target/tmp"/>
    <property name="java.library.path" value="/usr/lib/jvm/java-1.8-openjdk/jre/lib/amd64/server:/usr/lib/jvm/java-1.8-openjdk/jre/lib/amd64:/usr/lib/jvm/java-1.8-openjdk/jre/../lib/amd64:/workdir/hadoop-ozone/tools/target/native/target/usr/local/lib:/workdir/hadoop-ozone/tools/../../hadoop-common-project/hadoop-common/target/native/target/usr/local/lib:/usr/java/packages/lib/amd64:/usr/lib64:/lib64:/lib:/usr/lib"/>
    <property name="java.vm.info" value="mixed mode"/>
    <property name="java.vendor" value="IcedTea"/>
    <property name="java.vm.version" value="25.212-b04"/>
    <property name="java.ext.dirs" value="/usr/lib/jvm/java-1.8-openjdk/jre/lib/ext:/usr/java/packages/lib/ext"/>
    <property name="sun.io.unicode.encoding" value="UnicodeLittle"/>
    <property name="java.class.version" value="52.0"/>
  </properties>
  <testcase name="ratisTestLargeKey" classname="org.apache.hadoop.ozone.freon.TestDataValidateWithUnsafeByteOperations" time="10.569">
    <error message="Allocated 0 blocks. Requested 5 blocks" type="INTERNAL_ERROR org.apache.hadoop.ozone.om.exceptions.OMException">INTERNAL_ERROR org.apache.hadoop.ozone.om.exceptions.OMException: Allocated 0 blocks. Requested 5 blocks
	at org.apache.hadoop.ozone.om.protocolPB.OzoneManagerProtocolClientSideTranslatorPB.handleError(OzoneManagerProtocolClientSideTranslatorPB.java:725)
	at org.apache.hadoop.ozone.om.protocolPB.OzoneManagerProtocolClientSideTranslatorPB.openKey(OzoneManagerProtocolClientSideTranslatorPB.java:716)
	at org.apache.hadoop.ozone.client.rpc.RpcClient.createKey(RpcClient.java:615)
	at org.apache.hadoop.ozone.client.OzoneBucket.createKey(OzoneBucket.java:323)
	at org.apache.hadoop.ozone.freon.RandomKeyGenerator.createKey(RandomKeyGenerator.java:686)
	at org.apache.hadoop.ozone.freon.RandomKeyGenerator.access$1100(RandomKeyGenerator.java:87)
	at org.apache.hadoop.ozone.freon.RandomKeyGenerator$ObjectCreator.run(RandomKeyGenerator.java:606)
	at java.util.concurrent.Executors$RunnableAdapter.call(Executors.java:511)
	at java.util.concurrent.FutureTask.run(FutureTask.java:266)
	at java.util.concurrent.ThreadPoolExecutor.runWorker(ThreadPoolExecutor.java:1149)
	at java.util.concurrent.ThreadPoolExecutor$Worker.run(ThreadPoolExecutor.java:624)
	at java.lang.Thread.run(Thread.java:748)
</error>
    <system-out><![CDATA[2019-09-19 14:43:52,542 [main] WARN  server.ServerUtils (ServerUtils.java:getScmDbDir(145)) - ozone.scm.db.dirs is not configured. We recommend adding this setting. Falling back to ozone.metadata.dirs instead.
2019-09-19 14:43:52,656 [main] WARN  server.ServerUtils (ServerUtils.java:getScmDbDir(145)) - ozone.scm.db.dirs is not configured. We recommend adding this setting. Falling back to ozone.metadata.dirs instead.
2019-09-19 14:43:52,659 [main] WARN  server.ServerUtils (ServerUtils.java:getScmDbDir(145)) - ozone.scm.db.dirs is not configured. We recommend adding this setting. Falling back to ozone.metadata.dirs instead.
2019-09-19 14:43:52,677 [main] INFO  util.log (Log.java:initialized(192)) - Logging initialized @915ms
2019-09-19 14:43:52,777 [main] INFO  db.DBStoreBuilder (DBStoreBuilder.java:addTable(110)) - using custom profile for table: deletedBlocks
2019-09-19 14:43:52,777 [main] INFO  db.DBStoreBuilder (DBStoreBuilder.java:processTables(161)) - Using default column profile:DBProfile.DISK for Table:deletedBlocks
2019-09-19 14:43:52,778 [main] INFO  db.DBStoreBuilder (DBStoreBuilder.java:addTable(110)) - using custom profile for table: validCerts
2019-09-19 14:43:52,778 [main] INFO  db.DBStoreBuilder (DBStoreBuilder.java:processTables(161)) - Using default column profile:DBProfile.DISK for Table:validCerts
2019-09-19 14:43:52,778 [main] INFO  db.DBStoreBuilder (DBStoreBuilder.java:addTable(110)) - using custom profile for table: revokedCerts
2019-09-19 14:43:52,779 [main] INFO  db.DBStoreBuilder (DBStoreBuilder.java:processTables(161)) - Using default column profile:DBProfile.DISK for Table:revokedCerts
2019-09-19 14:43:52,801 [main] INFO  db.DBStoreBuilder (DBStoreBuilder.java:addTable(110)) - using custom profile for table: default
2019-09-19 14:43:52,802 [main] INFO  db.DBStoreBuilder (DBStoreBuilder.java:processTables(167)) - Using default column profile:DBProfile.DISK for Table:default
2019-09-19 14:43:52,806 [main] INFO  db.DBStoreBuilder (DBStoreBuilder.java:getDbProfile(198)) - Using default options. DBProfile.DISK
2019-09-19 14:43:53,222 [main] INFO  net.NodeSchemaLoader (NodeSchemaLoader.java:loadSchemaFromFile(125)) - Loading file from sun.misc.CompoundEnumeration@3835c46
2019-09-19 14:43:53,224 [main] INFO  net.NodeSchemaLoader (NodeSchemaLoader.java:loadSchema(171)) - Loading network topology layer schema file
2019-09-19 14:43:53,311 [main] WARN  server.ServerUtils (ServerUtils.java:sanitizeUserArgs(70)) - ozone.scm.stale.node.interval value = 300000 is larger than max = 100000 based on the key value of ozone.scm.heartbeat.thread.interval, reset to the max value 100000.
2019-09-19 14:43:53,313 [main] WARN  server.ServerUtils (ServerUtils.java:sanitizeUserArgs(70)) - ozone.scm.stale.node.interval value = 300000 is larger than max = 100000 based on the key value of ozone.scm.heartbeat.thread.interval, reset to the max value 100000.
2019-09-19 14:43:53,316 [main] INFO  node.SCMNodeManager (SCMNodeManager.java:<init>(121)) - Entering startup safe mode.
2019-09-19 14:43:53,386 [main] INFO  algorithms.ContainerPlacementPolicyFactory (ContainerPlacementPolicyFactory.java:getPolicy(56)) - Create container placement policy of type org.apache.hadoop.hdds.scm.container.placement.algorithms.SCMContainerPlacementRandom
2019-09-19 14:43:53,402 [main] WARN  server.ServerUtils (ServerUtils.java:getScmDbDir(145)) - ozone.scm.db.dirs is not configured. We recommend adding this setting. Falling back to ozone.metadata.dirs instead.
2019-09-19 14:43:53,552 [main] INFO  pipeline.SCMPipelineManager (SCMPipelineManager.java:initializePipelineState(126)) - No pipeline exists in current db
2019-09-19 14:43:53,555 [main] WARN  server.ServerUtils (ServerUtils.java:getScmDbDir(145)) - ozone.scm.db.dirs is not configured. We recommend adding this setting. Falling back to ozone.metadata.dirs instead.
2019-09-19 14:43:53,814 [main] WARN  events.EventQueue (EventQueue.java:fireEvent(175)) - No event handler registered for event TypedEvent{payloadType=SafeModeStatus, name='SafeModeStatus'}
2019-09-19 14:43:54,315 [main] INFO  ipc.CallQueueManager (CallQueueManager.java:<init>(84)) - Using callQueue: class java.util.concurrent.LinkedBlockingQueue, queueCapacity: 2000, scheduler: class org.apache.hadoop.ipc.DefaultRpcScheduler, ipcBackoff: false.
2019-09-19 14:43:54,618 [Socket Reader #1 for port 41629] INFO  ipc.Server (Server.java:run(1074)) - Starting Socket Reader #1 for port 41629
2019-09-19 14:43:54,645 [main] INFO  ipc.CallQueueManager (CallQueueManager.java:<init>(84)) - Using callQueue: class java.util.concurrent.LinkedBlockingQueue, queueCapacity: 2000, scheduler: class org.apache.hadoop.ipc.DefaultRpcScheduler, ipcBackoff: false.
2019-09-19 14:43:54,646 [Socket Reader #1 for port 39445] INFO  ipc.Server (Server.java:run(1074)) - Starting Socket Reader #1 for port 39445
2019-09-19 14:43:54,654 [main] INFO  ipc.CallQueueManager (CallQueueManager.java:<init>(84)) - Using callQueue: class java.util.concurrent.LinkedBlockingQueue, queueCapacity: 2000, scheduler: class org.apache.hadoop.ipc.DefaultRpcScheduler, ipcBackoff: false.
2019-09-19 14:43:54,654 [Socket Reader #1 for port 37417] INFO  ipc.Server (Server.java:run(1074)) - Starting Socket Reader #1 for port 37417
2019-09-19 14:43:54,677 [main] INFO  hdfs.DFSUtil (DFSUtil.java:httpServerTemplateForNNAndJN(1641)) - Starting Web-server for scm at: http://0.0.0.0:0
2019-09-19 14:43:54,823 [main] INFO  server.AuthenticationFilter (AuthenticationFilter.java:constructSecretProvider(240)) - Unable to initialize FileSignerSecretProvider, falling back to use random secrets.
2019-09-19 14:43:54,843 [main] WARN  http.HttpRequestLog (HttpRequestLog.java:getRequestLog(97)) - Jetty request log can only be enabled using Log4j
2019-09-19 14:43:54,857 [main] INFO  http.HttpServer2 (HttpServer2.java:addGlobalFilter(975)) - Added global filter 'safety' (class=org.apache.hadoop.http.HttpServer2$QuotingInputFilter)
2019-09-19 14:43:54,860 [main] INFO  http.HttpServer2 (HttpServer2.java:addFilter(948)) - Added filter static_user_filter (class=org.apache.hadoop.http.lib.StaticUserWebFilter$StaticUserFilter) to context scm
2019-09-19 14:43:54,860 [main] INFO  http.HttpServer2 (HttpServer2.java:addFilter(958)) - Added filter static_user_filter (class=org.apache.hadoop.http.lib.StaticUserWebFilter$StaticUserFilter) to context logs
2019-09-19 14:43:54,861 [main] INFO  http.HttpServer2 (HttpServer2.java:addFilter(958)) - Added filter static_user_filter (class=org.apache.hadoop.http.lib.StaticUserWebFilter$StaticUserFilter) to context static
2019-09-19 14:43:54,887 [main] INFO  server.StorageContainerManager (StorageContainerManager.java:start(759)) - StorageContainerLocationProtocol RPC server is listening at /0.0.0.0:37417
2019-09-19 14:43:54,943 [main] WARN  impl.MetricsConfig (MetricsConfig.java:loadFirst(134)) - Cannot locate configuration: tried hadoop-metrics2-storagecontainermanager.properties,hadoop-metrics2.properties
2019-09-19 14:43:54,956 [main] INFO  impl.MetricsSystemImpl (MetricsSystemImpl.java:startTimer(374)) - Scheduled Metric snapshot period at 10 second(s).
2019-09-19 14:43:54,956 [main] INFO  impl.MetricsSystemImpl (MetricsSystemImpl.java:start(191)) - StorageContainerManager metrics system started
2019-09-19 14:43:55,198 [main] INFO  server.SCMClientProtocolServer (SCMClientProtocolServer.java:start(151)) - RPC server for Client  is listening at /0.0.0.0:37417
2019-09-19 14:43:55,198 [IPC Server Responder] INFO  ipc.Server (Server.java:run(1314)) - IPC Server Responder: starting
2019-09-19 14:43:55,199 [IPC Server listener on 37417] INFO  ipc.Server (Server.java:run(1153)) - IPC Server listener on 37417: starting
2019-09-19 14:43:55,201 [main] INFO  server.StorageContainerManager (StorageContainerManager.java:start(769)) - ScmBlockLocationProtocol RPC server is listening at /0.0.0.0:39445
2019-09-19 14:43:55,201 [main] INFO  server.SCMBlockProtocolServer (SCMBlockProtocolServer.java:start(140)) - RPC server for Block Protocol is listening at /0.0.0.0:39445
2019-09-19 14:43:55,202 [IPC Server Responder] INFO  ipc.Server (Server.java:run(1314)) - IPC Server Responder: starting
2019-09-19 14:43:55,202 [IPC Server listener on 39445] INFO  ipc.Server (Server.java:run(1153)) - IPC Server listener on 39445: starting
2019-09-19 14:43:55,204 [main] INFO  server.StorageContainerManager (StorageContainerManager.java:start(773)) - ScmDatanodeProtocl RPC server is listening at /0.0.0.0:41629
2019-09-19 14:43:55,204 [main] INFO  server.SCMDatanodeProtocolServer (SCMDatanodeProtocolServer.java:start(191)) - RPC server for DataNodes is listening at /0.0.0.0:41629
2019-09-19 14:43:55,205 [IPC Server Responder] INFO  ipc.Server (Server.java:run(1314)) - IPC Server Responder: starting
2019-09-19 14:43:55,205 [IPC Server listener on 41629] INFO  ipc.Server (Server.java:run(1153)) - IPC Server listener on 41629: starting
2019-09-19 14:43:55,208 [main] INFO  http.HttpServer2 (HttpServer2.java:bindListener(1191)) - Jetty bound to port 42414
2019-09-19 14:43:55,210 [main] INFO  server.Server (Server.java:doStart(351)) - jetty-9.3.24.v20180605, build timestamp: 2018-06-05T17:11:56Z, git hash: 84205aa28f11a4f31f2a3b86d1bba2cc8ab69827
2019-09-19 14:43:55,246 [main] INFO  handler.ContextHandler (ContextHandler.java:doStart(781)) - Started o.e.j.s.ServletContextHandler@4e70a728{/logs,file:///workdir/hadoop-ozone/tools/target/log,AVAILABLE}
2019-09-19 14:43:55,247 [main] INFO  handler.ContextHandler (ContextHandler.java:doStart(781)) - Started o.e.j.s.ServletContextHandler@1c3146bc{/static,jar:file:/home/user/.m2/repository/org/apache/hadoop/hadoop-hdds-server-scm/0.5.0-SNAPSHOT/hadoop-hdds-server-scm-0.5.0-SNAPSHOT.jar!/webapps/static,AVAILABLE}
2019-09-19 14:43:55,312 [main] INFO  handler.ContextHandler (ContextHandler.java:doStart(781)) - Started o.e.j.w.WebAppContext@50305a{/,file:///tmp/jetty-0.0.0.0-42414-scm-_-any-8679898258796218893.dir/webapp/,AVAILABLE}{/scm}
2019-09-19 14:43:55,317 [main] INFO  server.AbstractConnector (AbstractConnector.java:doStart(278)) - Started ServerConnector@120f38e6{HTTP/1.1,[http/1.1]}{0.0.0.0:42414}
2019-09-19 14:43:55,317 [main] INFO  server.Server (Server.java:doStart(419)) - Started @3556ms
2019-09-19 14:43:55,318 [main] INFO  server.BaseHttpServer (BaseHttpServer.java:updateConnectorAddress(213)) - HTTP server of SCM is listening at http://0.0.0.0:42414
2019-09-19 14:43:55,326 [org.apache.hadoop.util.JvmPauseMonitor$Monitor@29ad44e3] INFO  util.JvmPauseMonitor (JvmPauseMonitor.java:run(188)) - Starting JVM pause monitor
2019-09-19 14:43:55,331 [main] WARN  server.ServerUtils (ServerUtils.java:getDBPath(222)) - ozone.om.db.dirs is not configured. We recommend adding this setting. Falling back to ozone.metadata.dirs instead.
2019-09-19 14:43:55,451 [main] WARN  server.ServerUtils (ServerUtils.java:getDBPath(222)) - ozone.om.db.dirs is not configured. We recommend adding this setting. Falling back to ozone.metadata.dirs instead.
2019-09-19 14:43:55,452 [main] WARN  server.ServerUtils (ServerUtils.java:getDBPath(222)) - ozone.om.db.dirs is not configured. We recommend adding this setting. Falling back to ozone.metadata.dirs instead.
2019-09-19 14:43:55,453 [main] INFO  om.OzoneManager (OzoneManager.java:setOMNodeDetails(645)) - OM Service ID is not set. Setting it to the default ID: omServiceIdDefault
2019-09-19 14:43:55,453 [main] INFO  om.OzoneManager (OzoneManager.java:setOMNodeDetails(651)) - OM Node ID is not set. Setting it to the OmStorage's OmID: 0a705d9c-cbcd-4067-a246-e5e02757e38f
2019-09-19 14:43:55,454 [main] INFO  om.OzoneManager (OzoneManager.java:loadOMHAConfigs(602)) - Found matching OM address with OMServiceId: null, OMNodeId: null, RPC Address: localhost:0 and Ratis port: 9872
2019-09-19 14:43:55,716 | INFO  | SCMAudit | user=jenkins1000 | ip=192.168.5.132 | op=GET_SCM_INFO null | ret=SUCCESS |  
2019-09-19 14:43:56,180 [main] WARN  server.ServerUtils (ServerUtils.java:getDBPath(222)) - ozone.om.db.dirs is not configured. We recommend adding this setting. Falling back to ozone.metadata.dirs instead.
2019-09-19 14:43:56,188 [main] INFO  db.DBStoreBuilder (DBStoreBuilder.java:addTable(110)) - using custom profile for table: userTable
2019-09-19 14:43:56,188 [main] INFO  db.DBStoreBuilder (DBStoreBuilder.java:processTables(161)) - Using default column profile:DBProfile.DISK for Table:userTable
2019-09-19 14:43:56,188 [main] INFO  db.DBStoreBuilder (DBStoreBuilder.java:addTable(110)) - using custom profile for table: volumeTable
2019-09-19 14:43:56,189 [main] INFO  db.DBStoreBuilder (DBStoreBuilder.java:processTables(161)) - Using default column profile:DBProfile.DISK for Table:volumeTable
2019-09-19 14:43:56,189 [main] INFO  db.DBStoreBuilder (DBStoreBuilder.java:addTable(110)) - using custom profile for table: bucketTable
2019-09-19 14:43:56,189 [main] INFO  db.DBStoreBuilder (DBStoreBuilder.java:processTables(161)) - Using default column profile:DBProfile.DISK for Table:bucketTable
2019-09-19 14:43:56,189 [main] INFO  db.DBStoreBuilder (DBStoreBuilder.java:addTable(110)) - using custom profile for table: keyTable
2019-09-19 14:43:56,190 [main] INFO  db.DBStoreBuilder (DBStoreBuilder.java:processTables(161)) - Using default column profile:DBProfile.DISK for Table:keyTable
2019-09-19 14:43:56,190 [main] INFO  db.DBStoreBuilder (DBStoreBuilder.java:addTable(110)) - using custom profile for table: deletedTable
2019-09-19 14:43:56,190 [main] INFO  db.DBStoreBuilder (DBStoreBuilder.java:processTables(161)) - Using default column profile:DBProfile.DISK for Table:deletedTable
2019-09-19 14:43:56,190 [main] INFO  db.DBStoreBuilder (DBStoreBuilder.java:addTable(110)) - using custom profile for table: openKeyTable
2019-09-19 14:43:56,190 [main] INFO  db.DBStoreBuilder (DBStoreBuilder.java:processTables(161)) - Using default column profile:DBProfile.DISK for Table:openKeyTable
2019-09-19 14:43:56,191 [main] INFO  db.DBStoreBuilder (DBStoreBuilder.java:addTable(110)) - using custom profile for table: s3Table
2019-09-19 14:43:56,191 [main] INFO  db.DBStoreBuilder (DBStoreBuilder.java:processTables(161)) - Using default column profile:DBProfile.DISK for Table:s3Table
2019-09-19 14:43:56,191 [main] INFO  db.DBStoreBuilder (DBStoreBuilder.java:addTable(110)) - using custom profile for table: multipartInfoTable
2019-09-19 14:43:56,191 [main] INFO  db.DBStoreBuilder (DBStoreBuilder.java:processTables(161)) - Using default column profile:DBProfile.DISK for Table:multipartInfoTable
2019-09-19 14:43:56,192 [main] INFO  db.DBStoreBuilder (DBStoreBuilder.java:addTable(110)) - using custom profile for table: dTokenTable
2019-09-19 14:43:56,192 [main] INFO  db.DBStoreBuilder (DBStoreBuilder.java:processTables(161)) - Using default column profile:DBProfile.DISK for Table:dTokenTable
2019-09-19 14:43:56,192 [main] INFO  db.DBStoreBuilder (DBStoreBuilder.java:addTable(110)) - using custom profile for table: s3SecretTable
2019-09-19 14:43:56,192 [main] INFO  db.DBStoreBuilder (DBStoreBuilder.java:processTables(161)) - Using default column profile:DBProfile.DISK for Table:s3SecretTable
2019-09-19 14:43:56,193 [main] INFO  db.DBStoreBuilder (DBStoreBuilder.java:addTable(110)) - using custom profile for table: prefixTable
2019-09-19 14:43:56,193 [main] INFO  db.DBStoreBuilder (DBStoreBuilder.java:processTables(161)) - Using default column profile:DBProfile.DISK for Table:prefixTable
2019-09-19 14:43:56,193 [main] INFO  db.DBStoreBuilder (DBStoreBuilder.java:addTable(110)) - using custom profile for table: default
2019-09-19 14:43:56,193 [main] INFO  db.DBStoreBuilder (DBStoreBuilder.java:processTables(167)) - Using default column profile:DBProfile.DISK for Table:default
2019-09-19 14:43:56,194 [main] INFO  db.DBStoreBuilder (DBStoreBuilder.java:getDbProfile(198)) - Using default options. DBProfile.DISK
2019-09-19 14:43:57,173 [main] INFO  ipc.CallQueueManager (CallQueueManager.java:<init>(84)) - Using callQueue: class java.util.concurrent.LinkedBlockingQueue, queueCapacity: 2000, scheduler: class org.apache.hadoop.ipc.DefaultRpcScheduler, ipcBackoff: false.
2019-09-19 14:43:57,174 [Socket Reader #1 for port 42521] INFO  ipc.Server (Server.java:run(1074)) - Starting Socket Reader #1 for port 42521
2019-09-19 14:43:57,196 [main] INFO  om.OzoneManager (OzoneManager.java:start(1256)) - OzoneManager RPC server is listening at localhost/127.0.0.1:42521
2019-09-19 14:43:57,196 [main] INFO  impl.MetricsSystemImpl (MetricsSystemImpl.java:init(158)) - OzoneManager metrics system started (again)
2019-09-19 14:43:57,198 [IPC Server Responder] INFO  ipc.Server (Server.java:run(1314)) - IPC Server Responder: starting
2019-09-19 14:43:57,198 [IPC Server listener on 42521] INFO  ipc.Server (Server.java:run(1153)) - IPC Server listener on 42521: starting
2019-09-19 14:43:57,387 [main] INFO  hdfs.DFSUtil (DFSUtil.java:httpServerTemplateForNNAndJN(1641)) - Starting Web-server for ozoneManager at: http://0.0.0.0:0
2019-09-19 14:43:57,391 [main] INFO  server.AuthenticationFilter (AuthenticationFilter.java:constructSecretProvider(240)) - Unable to initialize FileSignerSecretProvider, falling back to use random secrets.
2019-09-19 14:43:57,392 [main] WARN  http.HttpRequestLog (HttpRequestLog.java:getRequestLog(97)) - Jetty request log can only be enabled using Log4j
2019-09-19 14:43:57,393 [main] INFO  http.HttpServer2 (HttpServer2.java:addGlobalFilter(975)) - Added global filter 'safety' (class=org.apache.hadoop.http.HttpServer2$QuotingInputFilter)
2019-09-19 14:43:57,397 [main] INFO  http.HttpServer2 (HttpServer2.java:addFilter(948)) - Added filter static_user_filter (class=org.apache.hadoop.http.lib.StaticUserWebFilter$StaticUserFilter) to context ozoneManager
2019-09-19 14:43:57,397 [main] INFO  http.HttpServer2 (HttpServer2.java:addFilter(958)) - Added filter static_user_filter (class=org.apache.hadoop.http.lib.StaticUserWebFilter$StaticUserFilter) to context static
2019-09-19 14:43:57,397 [main] INFO  http.HttpServer2 (HttpServer2.java:addFilter(958)) - Added filter static_user_filter (class=org.apache.hadoop.http.lib.StaticUserWebFilter$StaticUserFilter) to context logs
2019-09-19 14:43:57,399 [main] INFO  http.HttpServer2 (HttpServer2.java:bindListener(1191)) - Jetty bound to port 43453
2019-09-19 14:43:57,399 [main] INFO  server.Server (Server.java:doStart(351)) - jetty-9.3.24.v20180605, build timestamp: 2018-06-05T17:11:56Z, git hash: 84205aa28f11a4f31f2a3b86d1bba2cc8ab69827
2019-09-19 14:43:57,401 [main] INFO  handler.ContextHandler (ContextHandler.java:doStart(781)) - Started o.e.j.s.ServletContextHandler@28d79cba{/logs,file:///workdir/hadoop-ozone/tools/target/log,AVAILABLE}
2019-09-19 14:43:57,402 [main] INFO  handler.ContextHandler (ContextHandler.java:doStart(781)) - Started o.e.j.s.ServletContextHandler@29f0c4f2{/static,jar:file:/home/user/.m2/repository/org/apache/hadoop/hadoop-ozone-ozone-manager/0.5.0-SNAPSHOT/hadoop-ozone-ozone-manager-0.5.0-SNAPSHOT.jar!/webapps/static,AVAILABLE}
2019-09-19 14:43:57,451 [main] INFO  handler.ContextHandler (ContextHandler.java:doStart(781)) - Started o.e.j.w.WebAppContext@35d3ab60{/,file:///tmp/jetty-0.0.0.0-43453-ozoneManager-_-any-797370193878743204.dir/webapp/,AVAILABLE}{/ozoneManager}
2019-09-19 14:43:57,452 [main] INFO  server.AbstractConnector (AbstractConnector.java:doStart(278)) - Started ServerConnector@10876a6{HTTP/1.1,[http/1.1]}{0.0.0.0:43453}
2019-09-19 14:43:57,453 [main] INFO  server.Server (Server.java:doStart(419)) - Started @5692ms
2019-09-19 14:43:57,453 [main] INFO  server.BaseHttpServer (BaseHttpServer.java:updateConnectorAddress(213)) - HTTP server of OZONEMANAGER is listening at http://0.0.0.0:43453
2019-09-19 14:43:57,609 [main] INFO  impl.MetricsSystemImpl (MetricsSystemImpl.java:init(158)) - HddsDatanode metrics system started (again)
2019-09-19 14:43:57,690 [main] INFO  ozone.HddsDatanodeService (HddsDatanodeService.java:start(184)) - HddsDatanodeService host:pr-hdds-1569-rzdr8-3403194166 ip:192.168.5.132
2019-09-19 14:43:57,724 [main] INFO  volume.HddsVolume (HddsVolume.java:<init>(176)) - Creating Volume: /workdir/hadoop-ozone/tools/target/test-dir/MiniOzoneClusterImpl-c4d6e72d-f941-4a97-88b8-a79e0d5dc19a/datanode-0/data/containers/hdds of  storage type : DISK and capacity : 1482555576320
2019-09-19 14:43:57,726 [main] INFO  volume.VolumeSet (VolumeSet.java:initializeVolumeSet(170)) - Added Volume : /workdir/hadoop-ozone/tools/target/test-dir/MiniOzoneClusterImpl-c4d6e72d-f941-4a97-88b8-a79e0d5dc19a/datanode-0/data/containers/hdds to VolumeSet
2019-09-19 14:43:57,729 [main] INFO  volume.ThrottledAsyncChecker (ThrottledAsyncChecker.java:schedule(140)) - Scheduling a check for org.apache.hadoop.ozone.container.common.volume.HddsVolume@4ad3d266
2019-09-19 14:43:57,746 [main] INFO  volume.HddsVolumeChecker (HddsVolumeChecker.java:checkAllVolumes(203)) - Scheduled health check for volume org.apache.hadoop.ozone.container.common.volume.HddsVolume@4ad3d266
2019-09-19 14:43:57,879 [main] INFO  impl.RaftServerProxy (ConfUtils.java:logGet(43)) - raft.rpc.type = GRPC (default)
2019-09-19 14:43:57,944 [main] INFO  grpc.GrpcFactory (GrpcFactory.java:checkPooledByteBufAllocatorUseCacheForAllThreads(45)) - PERFORMANCE WARNING: useCacheForAllThreads is true that may cause Netty to create a lot garbage objects and, as a result, trigger GC.
	It is recommended to disable useCacheForAllThreads by setting -Dorg.apache.ratis.thirdparty.io.netty.allocator.useCacheForAllThreads=false in command line.
2019-09-19 14:43:57,949 [main] INFO  grpc.GrpcConfigKeys$Server (ConfUtils.java:logGet(43)) - raft.grpc.server.port = 0 (default)
2019-09-19 14:43:57,949 [main] INFO  server.GrpcService (ConfUtils.java:logGet(43)) - raft.grpc.message.size.max = 33570816 (custom)
2019-09-19 14:43:57,951 [main] INFO  server.RaftServerConfigKeys (ConfUtils.java:logGet(43)) - raft.server.log.appender.buffer.byte-limit = 33554432 (custom)
2019-09-19 14:43:57,952 [main] INFO  server.GrpcService (ConfUtils.java:logGet(43)) - raft.grpc.flow.control.window = 1MB (=1048576) (default)
2019-09-19 14:43:57,952 [main] INFO  server.RaftServerConfigKeys (ConfUtils.java:logGet(43)) - raft.server.rpc.request.timeout = 3000ms (default)
2019-09-19 14:43:58,108 [main] INFO  server.RaftServerConfigKeys (ConfUtils.java:logGet(43)) - raft.server.storage.dir = [/workdir/hadoop-ozone/tools/target/test-dir/MiniOzoneClusterImpl-c4d6e72d-f941-4a97-88b8-a79e0d5dc19a/datanode-0/data/ratis] (custom)
2019-09-19 14:43:58,145 [main] INFO  replication.SimpleContainerDownloader (SimpleContainerDownloader.java:<init>(72)) - Starting container downloader service to copy containers to replicate.
2019-09-19 14:43:58,158 [main] INFO  hdfs.DFSUtil (DFSUtil.java:httpServerTemplateForNNAndJN(1641)) - Starting Web-server for hddsDatanode at: http://0.0.0.0:0
2019-09-19 14:43:58,161 [main] INFO  server.AuthenticationFilter (AuthenticationFilter.java:constructSecretProvider(240)) - Unable to initialize FileSignerSecretProvider, falling back to use random secrets.
2019-09-19 14:43:58,162 [main] WARN  http.HttpRequestLog (HttpRequestLog.java:getRequestLog(97)) - Jetty request log can only be enabled using Log4j
2019-09-19 14:43:58,165 [main] INFO  http.HttpServer2 (HttpServer2.java:addGlobalFilter(975)) - Added global filter 'safety' (class=org.apache.hadoop.http.HttpServer2$QuotingInputFilter)
2019-09-19 14:43:58,166 [main] INFO  http.HttpServer2 (HttpServer2.java:addFilter(948)) - Added filter static_user_filter (class=org.apache.hadoop.http.lib.StaticUserWebFilter$StaticUserFilter) to context hddsDatanode
2019-09-19 14:43:58,167 [main] INFO  http.HttpServer2 (HttpServer2.java:addFilter(958)) - Added filter static_user_filter (class=org.apache.hadoop.http.lib.StaticUserWebFilter$StaticUserFilter) to context static
2019-09-19 14:43:58,167 [main] INFO  http.HttpServer2 (HttpServer2.java:addFilter(958)) - Added filter static_user_filter (class=org.apache.hadoop.http.lib.StaticUserWebFilter$StaticUserFilter) to context logs
2019-09-19 14:43:58,169 [main] INFO  http.HttpServer2 (HttpServer2.java:bindListener(1191)) - Jetty bound to port 44097
2019-09-19 14:43:58,169 [main] INFO  server.Server (Server.java:doStart(351)) - jetty-9.3.24.v20180605, build timestamp: 2018-06-05T17:11:56Z, git hash: 84205aa28f11a4f31f2a3b86d1bba2cc8ab69827
2019-09-19 14:43:58,172 [main] INFO  handler.ContextHandler (ContextHandler.java:doStart(781)) - Started o.e.j.s.ServletContextHandler@4f89331f{/logs,file:///workdir/hadoop-ozone/tools/target/log,AVAILABLE}
2019-09-19 14:43:58,173 [main] INFO  handler.ContextHandler (ContextHandler.java:doStart(781)) - Started o.e.j.s.ServletContextHandler@16727bf0{/static,jar:file:/home/user/.m2/repository/org/apache/hadoop/hadoop-hdds-container-service/0.5.0-SNAPSHOT/hadoop-hdds-container-service-0.5.0-SNAPSHOT.jar!/webapps/static,AVAILABLE}
2019-09-19 14:43:58,218 [main] INFO  handler.ContextHandler (ContextHandler.java:doStart(781)) - Started o.e.j.w.WebAppContext@6f911326{/,file:///tmp/jetty-0.0.0.0-44097-hddsDatanode-_-any-2718357498010899741.dir/webapp/,AVAILABLE}{/hddsDatanode}
2019-09-19 14:43:58,220 [main] INFO  server.AbstractConnector (AbstractConnector.java:doStart(278)) - Started ServerConnector@f1d0004{HTTP/1.1,[http/1.1]}{0.0.0.0:44097}
2019-09-19 14:43:58,221 [main] INFO  server.Server (Server.java:doStart(419)) - Started @6459ms
2019-09-19 14:43:58,222 [main] INFO  server.BaseHttpServer (BaseHttpServer.java:updateConnectorAddress(213)) - HTTP server of HDDSDATANODE is listening at http://0.0.0.0:44097
2019-09-19 14:43:59,338 | INFO  | ObjectStoreRestHttpServer | Listening HDDS REST traffic on /0.0.0.0:38458 |  
2019-09-19 14:43:59,339 [main] INFO  ozone.HddsDatanodeService (HddsDatanodeService.java:startPlugins(395)) - Started plug-in org.apache.hadoop.ozone.web.OzoneHddsDatanodeService@2443135
2019-09-19 14:43:59,340 [main] INFO  impl.MetricsSystemImpl (MetricsSystemImpl.java:init(158)) - HddsDatanode metrics system started (again)
2019-09-19 14:43:59,343 [main] INFO  ozone.HddsDatanodeService (HddsDatanodeService.java:start(184)) - HddsDatanodeService host:pr-hdds-1569-rzdr8-3403194166 ip:192.168.5.132
2019-09-19 14:43:59,348 [org.apache.hadoop.util.JvmPauseMonitor$Monitor@7d86371] INFO  util.JvmPauseMonitor (JvmPauseMonitor.java:run(188)) - Starting JVM pause monitor
2019-09-19 14:43:59,353 [main] INFO  volume.HddsVolume (HddsVolume.java:<init>(176)) - Creating Volume: /workdir/hadoop-ozone/tools/target/test-dir/MiniOzoneClusterImpl-c4d6e72d-f941-4a97-88b8-a79e0d5dc19a/datanode-1/data/containers/hdds of  storage type : DISK and capacity : 1482555576320
2019-09-19 14:43:59,354 [main] INFO  volume.VolumeSet (VolumeSet.java:initializeVolumeSet(170)) - Added Volume : /workdir/hadoop-ozone/tools/target/test-dir/MiniOzoneClusterImpl-c4d6e72d-f941-4a97-88b8-a79e0d5dc19a/datanode-1/data/containers/hdds to VolumeSet
2019-09-19 14:43:59,354 [main] INFO  volume.ThrottledAsyncChecker (ThrottledAsyncChecker.java:schedule(140)) - Scheduling a check for org.apache.hadoop.ozone.container.common.volume.HddsVolume@b5b9333
2019-09-19 14:43:59,356 [main] INFO  volume.HddsVolumeChecker (HddsVolumeChecker.java:checkAllVolumes(203)) - Scheduled health check for volume org.apache.hadoop.ozone.container.common.volume.HddsVolume@b5b9333
2019-09-19 14:43:59,377 [main] INFO  impl.RaftServerProxy (ConfUtils.java:logGet(43)) - raft.rpc.type = GRPC (default)
2019-09-19 14:43:59,377 [main] INFO  grpc.GrpcFactory (GrpcFactory.java:checkPooledByteBufAllocatorUseCacheForAllThreads(45)) - PERFORMANCE WARNING: useCacheForAllThreads is true that may cause Netty to create a lot garbage objects and, as a result, trigger GC.
	It is recommended to disable useCacheForAllThreads by setting -Dorg.apache.ratis.thirdparty.io.netty.allocator.useCacheForAllThreads=false in command line.
2019-09-19 14:43:59,378 [main] INFO  grpc.GrpcConfigKeys$Server (ConfUtils.java:logGet(43)) - raft.grpc.server.port = 0 (default)
2019-09-19 14:43:59,379 [main] INFO  server.GrpcService (ConfUtils.java:logGet(43)) - raft.grpc.message.size.max = 33570816 (custom)
2019-09-19 14:43:59,379 [main] INFO  server.RaftServerConfigKeys (ConfUtils.java:logGet(43)) - raft.server.log.appender.buffer.byte-limit = 33554432 (custom)
2019-09-19 14:43:59,379 [main] INFO  server.GrpcService (ConfUtils.java:logGet(43)) - raft.grpc.flow.control.window = 1MB (=1048576) (default)
2019-09-19 14:43:59,379 [main] INFO  server.RaftServerConfigKeys (ConfUtils.java:logGet(43)) - raft.server.rpc.request.timeout = 3000ms (default)
2019-09-19 14:43:59,380 [main] INFO  server.RaftServerConfigKeys (ConfUtils.java:logGet(43)) - raft.server.storage.dir = [/workdir/hadoop-ozone/tools/target/test-dir/MiniOzoneClusterImpl-c4d6e72d-f941-4a97-88b8-a79e0d5dc19a/datanode-1/data/ratis] (custom)
2019-09-19 14:43:59,380 [main] INFO  replication.SimpleContainerDownloader (SimpleContainerDownloader.java:<init>(72)) - Starting container downloader service to copy containers to replicate.
2019-09-19 14:43:59,382 [main] INFO  hdfs.DFSUtil (DFSUtil.java:httpServerTemplateForNNAndJN(1641)) - Starting Web-server for hddsDatanode at: http://0.0.0.0:0
2019-09-19 14:43:59,384 [main] INFO  server.AuthenticationFilter (AuthenticationFilter.java:constructSecretProvider(240)) - Unable to initialize FileSignerSecretProvider, falling back to use random secrets.
2019-09-19 14:43:59,386 [main] WARN  http.HttpRequestLog (HttpRequestLog.java:getRequestLog(97)) - Jetty request log can only be enabled using Log4j
2019-09-19 14:43:59,388 [main] INFO  http.HttpServer2 (HttpServer2.java:addGlobalFilter(975)) - Added global filter 'safety' (class=org.apache.hadoop.http.HttpServer2$QuotingInputFilter)
2019-09-19 14:43:59,389 [main] INFO  http.HttpServer2 (HttpServer2.java:addFilter(948)) - Added filter static_user_filter (class=org.apache.hadoop.http.lib.StaticUserWebFilter$StaticUserFilter) to context hddsDatanode
2019-09-19 14:43:59,389 [main] INFO  http.HttpServer2 (HttpServer2.java:addFilter(958)) - Added filter static_user_filter (class=org.apache.hadoop.http.lib.StaticUserWebFilter$StaticUserFilter) to context static
2019-09-19 14:43:59,389 [main] INFO  http.HttpServer2 (HttpServer2.java:addFilter(958)) - Added filter static_user_filter (class=org.apache.hadoop.http.lib.StaticUserWebFilter$StaticUserFilter) to context logs
2019-09-19 14:43:59,391 [main] INFO  http.HttpServer2 (HttpServer2.java:bindListener(1191)) - Jetty bound to port 36407
2019-09-19 14:43:59,391 [main] INFO  server.Server (Server.java:doStart(351)) - jetty-9.3.24.v20180605, build timestamp: 2018-06-05T17:11:56Z, git hash: 84205aa28f11a4f31f2a3b86d1bba2cc8ab69827
2019-09-19 14:43:59,396 [main] INFO  handler.ContextHandler (ContextHandler.java:doStart(781)) - Started o.e.j.s.ServletContextHandler@59096b66{/logs,file:///workdir/hadoop-ozone/tools/target/log,AVAILABLE}
2019-09-19 14:43:59,397 [main] INFO  handler.ContextHandler (ContextHandler.java:doStart(781)) - Started o.e.j.s.ServletContextHandler@65be88ae{/static,jar:file:/home/user/.m2/repository/org/apache/hadoop/hadoop-hdds-container-service/0.5.0-SNAPSHOT/hadoop-hdds-container-service-0.5.0-SNAPSHOT.jar!/webapps/static,AVAILABLE}
2019-09-19 14:43:59,444 [main] INFO  handler.ContextHandler (ContextHandler.java:doStart(781)) - Started o.e.j.w.WebAppContext@7c46c9c3{/,file:///tmp/jetty-0.0.0.0-36407-hddsDatanode-_-any-8382106295893187263.dir/webapp/,AVAILABLE}{/hddsDatanode}
2019-09-19 14:43:59,445 [main] INFO  server.AbstractConnector (AbstractConnector.java:doStart(278)) - Started ServerConnector@7197b07f{HTTP/1.1,[http/1.1]}{0.0.0.0:36407}
2019-09-19 14:43:59,447 [main] INFO  server.Server (Server.java:doStart(419)) - Started @7685ms
2019-09-19 14:43:59,448 [main] INFO  server.BaseHttpServer (BaseHttpServer.java:updateConnectorAddress(213)) - HTTP server of HDDSDATANODE is listening at http://0.0.0.0:36407
2019-09-19 14:43:59,460 [Datanode State Machine Thread - 0] INFO  datanode.InitDatanodeState (InitDatanodeState.java:persistContainerDatanodeDetails(140)) - DatanodeDetails is persisted to /workdir/hadoop-ozone/tools/target/test-dir/MiniOzoneClusterImpl-c4d6e72d-f941-4a97-88b8-a79e0d5dc19a/datanode-0/meta/datanode.id
2019-09-19 14:43:59,648 | INFO  | ObjectStoreRestHttpServer | Listening HDDS REST traffic on /0.0.0.0:38803 |  
2019-09-19 14:43:59,648 [main] INFO  ozone.HddsDatanodeService (HddsDatanodeService.java:startPlugins(395)) - Started plug-in org.apache.hadoop.ozone.web.OzoneHddsDatanodeService@57bd6a8f
2019-09-19 14:43:59,648 [main] INFO  impl.MetricsSystemImpl (MetricsSystemImpl.java:init(158)) - HddsDatanode metrics system started (again)
2019-09-19 14:43:59,651 [main] INFO  ozone.HddsDatanodeService (HddsDatanodeService.java:start(184)) - HddsDatanodeService host:pr-hdds-1569-rzdr8-3403194166 ip:192.168.5.132
2019-09-19 14:43:59,651 [org.apache.hadoop.util.JvmPauseMonitor$Monitor@2ff078] INFO  util.JvmPauseMonitor (JvmPauseMonitor.java:run(188)) - Starting JVM pause monitor
2019-09-19 14:43:59,658 [Datanode State Machine Thread - 0] INFO  datanode.InitDatanodeState (InitDatanodeState.java:persistContainerDatanodeDetails(140)) - DatanodeDetails is persisted to /workdir/hadoop-ozone/tools/target/test-dir/MiniOzoneClusterImpl-c4d6e72d-f941-4a97-88b8-a79e0d5dc19a/datanode-1/meta/datanode.id
2019-09-19 14:43:59,663 [main] INFO  volume.HddsVolume (HddsVolume.java:<init>(176)) - Creating Volume: /workdir/hadoop-ozone/tools/target/test-dir/MiniOzoneClusterImpl-c4d6e72d-f941-4a97-88b8-a79e0d5dc19a/datanode-2/data/containers/hdds of  storage type : DISK and capacity : 1482555576320
2019-09-19 14:43:59,663 [main] INFO  volume.VolumeSet (VolumeSet.java:initializeVolumeSet(170)) - Added Volume : /workdir/hadoop-ozone/tools/target/test-dir/MiniOzoneClusterImpl-c4d6e72d-f941-4a97-88b8-a79e0d5dc19a/datanode-2/data/containers/hdds to VolumeSet
2019-09-19 14:43:59,663 [main] INFO  volume.ThrottledAsyncChecker (ThrottledAsyncChecker.java:schedule(140)) - Scheduling a check for org.apache.hadoop.ozone.container.common.volume.HddsVolume@740a0d5e
2019-09-19 14:43:59,664 [main] INFO  volume.HddsVolumeChecker (HddsVolumeChecker.java:checkAllVolumes(203)) - Scheduled health check for volume org.apache.hadoop.ozone.container.common.volume.HddsVolume@740a0d5e
2019-09-19 14:43:59,689 [main] INFO  impl.RaftServerProxy (ConfUtils.java:logGet(43)) - raft.rpc.type = GRPC (default)
2019-09-19 14:43:59,690 [main] INFO  grpc.GrpcFactory (GrpcFactory.java:checkPooledByteBufAllocatorUseCacheForAllThreads(45)) - PERFORMANCE WARNING: useCacheForAllThreads is true that may cause Netty to create a lot garbage objects and, as a result, trigger GC.
	It is recommended to disable useCacheForAllThreads by setting -Dorg.apache.ratis.thirdparty.io.netty.allocator.useCacheForAllThreads=false in command line.
2019-09-19 14:43:59,690 [main] INFO  grpc.GrpcConfigKeys$Server (ConfUtils.java:logGet(43)) - raft.grpc.server.port = 0 (default)
2019-09-19 14:43:59,691 [main] INFO  server.GrpcService (ConfUtils.java:logGet(43)) - raft.grpc.message.size.max = 33570816 (custom)
2019-09-19 14:43:59,691 [main] INFO  server.RaftServerConfigKeys (ConfUtils.java:logGet(43)) - raft.server.log.appender.buffer.byte-limit = 33554432 (custom)
2019-09-19 14:43:59,691 [main] INFO  server.GrpcService (ConfUtils.java:logGet(43)) - raft.grpc.flow.control.window = 1MB (=1048576) (default)
2019-09-19 14:43:59,692 [main] INFO  server.RaftServerConfigKeys (ConfUtils.java:logGet(43)) - raft.server.rpc.request.timeout = 3000ms (default)
2019-09-19 14:43:59,692 [main] INFO  server.RaftServerConfigKeys (ConfUtils.java:logGet(43)) - raft.server.storage.dir = [/workdir/hadoop-ozone/tools/target/test-dir/MiniOzoneClusterImpl-c4d6e72d-f941-4a97-88b8-a79e0d5dc19a/datanode-2/data/ratis] (custom)
2019-09-19 14:43:59,694 [main] INFO  replication.SimpleContainerDownloader (SimpleContainerDownloader.java:<init>(72)) - Starting container downloader service to copy containers to replicate.
2019-09-19 14:43:59,696 [main] INFO  hdfs.DFSUtil (DFSUtil.java:httpServerTemplateForNNAndJN(1641)) - Starting Web-server for hddsDatanode at: http://0.0.0.0:0
2019-09-19 14:43:59,698 [main] INFO  server.AuthenticationFilter (AuthenticationFilter.java:constructSecretProvider(240)) - Unable to initialize FileSignerSecretProvider, falling back to use random secrets.
2019-09-19 14:43:59,698 [main] WARN  http.HttpRequestLog (HttpRequestLog.java:getRequestLog(97)) - Jetty request log can only be enabled using Log4j
2019-09-19 14:43:59,700 [main] INFO  http.HttpServer2 (HttpServer2.java:addGlobalFilter(975)) - Added global filter 'safety' (class=org.apache.hadoop.http.HttpServer2$QuotingInputFilter)
2019-09-19 14:43:59,701 [main] INFO  http.HttpServer2 (HttpServer2.java:addFilter(948)) - Added filter static_user_filter (class=org.apache.hadoop.http.lib.StaticUserWebFilter$StaticUserFilter) to context hddsDatanode
2019-09-19 14:43:59,701 [main] INFO  http.HttpServer2 (HttpServer2.java:addFilter(958)) - Added filter static_user_filter (class=org.apache.hadoop.http.lib.StaticUserWebFilter$StaticUserFilter) to context static
2019-09-19 14:43:59,701 [main] INFO  http.HttpServer2 (HttpServer2.java:addFilter(958)) - Added filter static_user_filter (class=org.apache.hadoop.http.lib.StaticUserWebFilter$StaticUserFilter) to context logs
2019-09-19 14:43:59,702 [main] INFO  http.HttpServer2 (HttpServer2.java:bindListener(1191)) - Jetty bound to port 40104
2019-09-19 14:43:59,702 [main] INFO  server.Server (Server.java:doStart(351)) - jetty-9.3.24.v20180605, build timestamp: 2018-06-05T17:11:56Z, git hash: 84205aa28f11a4f31f2a3b86d1bba2cc8ab69827
2019-09-19 14:43:59,704 [main] INFO  handler.ContextHandler (ContextHandler.java:doStart(781)) - Started o.e.j.s.ServletContextHandler@296edc75{/logs,file:///workdir/hadoop-ozone/tools/target/log,AVAILABLE}
2019-09-19 14:43:59,705 [main] INFO  handler.ContextHandler (ContextHandler.java:doStart(781)) - Started o.e.j.s.ServletContextHandler@7aea704c{/static,jar:file:/home/user/.m2/repository/org/apache/hadoop/hadoop-hdds-container-service/0.5.0-SNAPSHOT/hadoop-hdds-container-service-0.5.0-SNAPSHOT.jar!/webapps/static,AVAILABLE}
2019-09-19 14:43:59,733 [main] INFO  handler.ContextHandler (ContextHandler.java:doStart(781)) - Started o.e.j.w.WebAppContext@49580ca8{/,file:///tmp/jetty-0.0.0.0-40104-hddsDatanode-_-any-4194687668511778925.dir/webapp/,AVAILABLE}{/hddsDatanode}
2019-09-19 14:43:59,734 [main] INFO  server.AbstractConnector (AbstractConnector.java:doStart(278)) - Started ServerConnector@525647f3{HTTP/1.1,[http/1.1]}{0.0.0.0:40104}
2019-09-19 14:43:59,734 [main] INFO  server.Server (Server.java:doStart(419)) - Started @7973ms
2019-09-19 14:43:59,735 [main] INFO  server.BaseHttpServer (BaseHttpServer.java:updateConnectorAddress(213)) - HTTP server of HDDSDATANODE is listening at http://0.0.0.0:40104
2019-09-19 14:43:59,897 | INFO  | ObjectStoreRestHttpServer | Listening HDDS REST traffic on /0.0.0.0:35951 |  
2019-09-19 14:43:59,897 [main] INFO  ozone.HddsDatanodeService (HddsDatanodeService.java:startPlugins(395)) - Started plug-in org.apache.hadoop.ozone.web.OzoneHddsDatanodeService@51ac12ac
2019-09-19 14:43:59,897 [main] INFO  impl.MetricsSystemImpl (MetricsSystemImpl.java:init(158)) - HddsDatanode metrics system started (again)
2019-09-19 14:43:59,901 [org.apache.hadoop.util.JvmPauseMonitor$Monitor@6392c20a] INFO  util.JvmPauseMonitor (JvmPauseMonitor.java:run(188)) - Starting JVM pause monitor
2019-09-19 14:43:59,901 [main] INFO  ozone.HddsDatanodeService (HddsDatanodeService.java:start(184)) - HddsDatanodeService host:pr-hdds-1569-rzdr8-3403194166 ip:192.168.5.132
2019-09-19 14:43:59,904 [Datanode State Machine Thread - 0] INFO  datanode.InitDatanodeState (InitDatanodeState.java:persistContainerDatanodeDetails(140)) - DatanodeDetails is persisted to /workdir/hadoop-ozone/tools/target/test-dir/MiniOzoneClusterImpl-c4d6e72d-f941-4a97-88b8-a79e0d5dc19a/datanode-2/meta/datanode.id
2019-09-19 14:43:59,909 [main] INFO  volume.HddsVolume (HddsVolume.java:<init>(176)) - Creating Volume: /workdir/hadoop-ozone/tools/target/test-dir/MiniOzoneClusterImpl-c4d6e72d-f941-4a97-88b8-a79e0d5dc19a/datanode-3/data/containers/hdds of  storage type : DISK and capacity : 1482555576320
2019-09-19 14:43:59,909 [main] INFO  volume.VolumeSet (VolumeSet.java:initializeVolumeSet(170)) - Added Volume : /workdir/hadoop-ozone/tools/target/test-dir/MiniOzoneClusterImpl-c4d6e72d-f941-4a97-88b8-a79e0d5dc19a/datanode-3/data/containers/hdds to VolumeSet
2019-09-19 14:43:59,909 [main] INFO  volume.ThrottledAsyncChecker (ThrottledAsyncChecker.java:schedule(140)) - Scheduling a check for org.apache.hadoop.ozone.container.common.volume.HddsVolume@5fef0c19
2019-09-19 14:43:59,910 [main] INFO  volume.HddsVolumeChecker (HddsVolumeChecker.java:checkAllVolumes(203)) - Scheduled health check for volume org.apache.hadoop.ozone.container.common.volume.HddsVolume@5fef0c19
2019-09-19 14:43:59,942 [main] INFO  impl.RaftServerProxy (ConfUtils.java:logGet(43)) - raft.rpc.type = GRPC (default)
2019-09-19 14:43:59,943 [main] INFO  grpc.GrpcFactory (GrpcFactory.java:checkPooledByteBufAllocatorUseCacheForAllThreads(45)) - PERFORMANCE WARNING: useCacheForAllThreads is true that may cause Netty to create a lot garbage objects and, as a result, trigger GC.
	It is recommended to disable useCacheForAllThreads by setting -Dorg.apache.ratis.thirdparty.io.netty.allocator.useCacheForAllThreads=false in command line.
2019-09-19 14:43:59,943 [main] INFO  grpc.GrpcConfigKeys$Server (ConfUtils.java:logGet(43)) - raft.grpc.server.port = 0 (default)
2019-09-19 14:43:59,943 [main] INFO  server.GrpcService (ConfUtils.java:logGet(43)) - raft.grpc.message.size.max = 33570816 (custom)
2019-09-19 14:43:59,944 [main] INFO  server.RaftServerConfigKeys (ConfUtils.java:logGet(43)) - raft.server.log.appender.buffer.byte-limit = 33554432 (custom)
2019-09-19 14:43:59,944 [main] INFO  server.GrpcService (ConfUtils.java:logGet(43)) - raft.grpc.flow.control.window = 1MB (=1048576) (default)
2019-09-19 14:43:59,944 [main] INFO  server.RaftServerConfigKeys (ConfUtils.java:logGet(43)) - raft.server.rpc.request.timeout = 3000ms (default)
2019-09-19 14:43:59,946 [main] INFO  server.RaftServerConfigKeys (ConfUtils.java:logGet(43)) - raft.server.storage.dir = [/workdir/hadoop-ozone/tools/target/test-dir/MiniOzoneClusterImpl-c4d6e72d-f941-4a97-88b8-a79e0d5dc19a/datanode-3/data/ratis] (custom)
2019-09-19 14:43:59,946 [main] INFO  replication.SimpleContainerDownloader (SimpleContainerDownloader.java:<init>(72)) - Starting container downloader service to copy containers to replicate.
2019-09-19 14:43:59,948 [main] INFO  hdfs.DFSUtil (DFSUtil.java:httpServerTemplateForNNAndJN(1641)) - Starting Web-server for hddsDatanode at: http://0.0.0.0:0
2019-09-19 14:43:59,950 [main] INFO  server.AuthenticationFilter (AuthenticationFilter.java:constructSecretProvider(240)) - Unable to initialize FileSignerSecretProvider, falling back to use random secrets.
2019-09-19 14:43:59,951 [main] WARN  http.HttpRequestLog (HttpRequestLog.java:getRequestLog(97)) - Jetty request log can only be enabled using Log4j
2019-09-19 14:43:59,953 [main] INFO  http.HttpServer2 (HttpServer2.java:addGlobalFilter(975)) - Added global filter 'safety' (class=org.apache.hadoop.http.HttpServer2$QuotingInputFilter)
2019-09-19 14:43:59,954 [main] INFO  http.HttpServer2 (HttpServer2.java:addFilter(948)) - Added filter static_user_filter (class=org.apache.hadoop.http.lib.StaticUserWebFilter$StaticUserFilter) to context hddsDatanode
2019-09-19 14:43:59,954 [main] INFO  http.HttpServer2 (HttpServer2.java:addFilter(958)) - Added filter static_user_filter (class=org.apache.hadoop.http.lib.StaticUserWebFilter$StaticUserFilter) to context logs
2019-09-19 14:43:59,954 [main] INFO  http.HttpServer2 (HttpServer2.java:addFilter(958)) - Added filter static_user_filter (class=org.apache.hadoop.http.lib.StaticUserWebFilter$StaticUserFilter) to context static
2019-09-19 14:43:59,955 [main] INFO  http.HttpServer2 (HttpServer2.java:bindListener(1191)) - Jetty bound to port 33365
2019-09-19 14:43:59,955 [main] INFO  server.Server (Server.java:doStart(351)) - jetty-9.3.24.v20180605, build timestamp: 2018-06-05T17:11:56Z, git hash: 84205aa28f11a4f31f2a3b86d1bba2cc8ab69827
2019-09-19 14:43:59,960 [main] INFO  handler.ContextHandler (ContextHandler.java:doStart(781)) - Started o.e.j.s.ServletContextHandler@5cfed0ba{/logs,file:///workdir/hadoop-ozone/tools/target/log,AVAILABLE}
2019-09-19 14:43:59,961 [main] INFO  handler.ContextHandler (ContextHandler.java:doStart(781)) - Started o.e.j.s.ServletContextHandler@6a567f7b{/static,jar:file:/home/user/.m2/repository/org/apache/hadoop/hadoop-hdds-container-service/0.5.0-SNAPSHOT/hadoop-hdds-container-service-0.5.0-SNAPSHOT.jar!/webapps/static,AVAILABLE}
2019-09-19 14:43:59,995 [main] INFO  handler.ContextHandler (ContextHandler.java:doStart(781)) - Started o.e.j.w.WebAppContext@71936a92{/,file:///tmp/jetty-0.0.0.0-33365-hddsDatanode-_-any-1150543730087507170.dir/webapp/,AVAILABLE}{/hddsDatanode}
2019-09-19 14:43:59,996 [main] INFO  server.AbstractConnector (AbstractConnector.java:doStart(278)) - Started ServerConnector@61359e87{HTTP/1.1,[http/1.1]}{0.0.0.0:33365}
2019-09-19 14:43:59,997 [main] INFO  server.Server (Server.java:doStart(419)) - Started @8236ms
2019-09-19 14:43:59,998 [main] INFO  server.BaseHttpServer (BaseHttpServer.java:updateConnectorAddress(213)) - HTTP server of HDDSDATANODE is listening at http://0.0.0.0:33365
2019-09-19 14:44:00,179 | INFO  | ObjectStoreRestHttpServer | Listening HDDS REST traffic on /0.0.0.0:33307 |  
2019-09-19 14:44:00,179 [main] INFO  ozone.HddsDatanodeService (HddsDatanodeService.java:startPlugins(395)) - Started plug-in org.apache.hadoop.ozone.web.OzoneHddsDatanodeService@124eb83d
2019-09-19 14:44:00,180 [main] INFO  impl.MetricsSystemImpl (MetricsSystemImpl.java:init(158)) - HddsDatanode metrics system started (again)
2019-09-19 14:44:00,184 [main] INFO  ozone.HddsDatanodeService (HddsDatanodeService.java:start(184)) - HddsDatanodeService host:pr-hdds-1569-rzdr8-3403194166 ip:192.168.5.132
2019-09-19 14:44:00,184 [org.apache.hadoop.util.JvmPauseMonitor$Monitor@7c662054] INFO  util.JvmPauseMonitor (JvmPauseMonitor.java:run(188)) - Starting JVM pause monitor
2019-09-19 14:44:00,188 [Datanode State Machine Thread - 0] INFO  datanode.InitDatanodeState (InitDatanodeState.java:persistContainerDatanodeDetails(140)) - DatanodeDetails is persisted to /workdir/hadoop-ozone/tools/target/test-dir/MiniOzoneClusterImpl-c4d6e72d-f941-4a97-88b8-a79e0d5dc19a/datanode-3/meta/datanode.id
2019-09-19 14:44:00,194 [main] INFO  volume.HddsVolume (HddsVolume.java:<init>(176)) - Creating Volume: /workdir/hadoop-ozone/tools/target/test-dir/MiniOzoneClusterImpl-c4d6e72d-f941-4a97-88b8-a79e0d5dc19a/datanode-4/data/containers/hdds of  storage type : DISK and capacity : 1482555576320
2019-09-19 14:44:00,194 [main] INFO  volume.VolumeSet (VolumeSet.java:initializeVolumeSet(170)) - Added Volume : /workdir/hadoop-ozone/tools/target/test-dir/MiniOzoneClusterImpl-c4d6e72d-f941-4a97-88b8-a79e0d5dc19a/datanode-4/data/containers/hdds to VolumeSet
2019-09-19 14:44:00,195 [main] INFO  volume.ThrottledAsyncChecker (ThrottledAsyncChecker.java:schedule(140)) - Scheduling a check for org.apache.hadoop.ozone.container.common.volume.HddsVolume@284990de
2019-09-19 14:44:00,195 [main] INFO  volume.HddsVolumeChecker (HddsVolumeChecker.java:checkAllVolumes(203)) - Scheduled health check for volume org.apache.hadoop.ozone.container.common.volume.HddsVolume@284990de
2019-09-19 14:44:00,210 [main] INFO  impl.RaftServerProxy (ConfUtils.java:logGet(43)) - raft.rpc.type = GRPC (default)
2019-09-19 14:44:00,210 [main] INFO  grpc.GrpcFactory (GrpcFactory.java:checkPooledByteBufAllocatorUseCacheForAllThreads(45)) - PERFORMANCE WARNING: useCacheForAllThreads is true that may cause Netty to create a lot garbage objects and, as a result, trigger GC.
	It is recommended to disable useCacheForAllThreads by setting -Dorg.apache.ratis.thirdparty.io.netty.allocator.useCacheForAllThreads=false in command line.
2019-09-19 14:44:00,210 [main] INFO  grpc.GrpcConfigKeys$Server (ConfUtils.java:logGet(43)) - raft.grpc.server.port = 0 (default)
2019-09-19 14:44:00,210 [main] INFO  server.GrpcService (ConfUtils.java:logGet(43)) - raft.grpc.message.size.max = 33570816 (custom)
2019-09-19 14:44:00,211 [main] INFO  server.RaftServerConfigKeys (ConfUtils.java:logGet(43)) - raft.server.log.appender.buffer.byte-limit = 33554432 (custom)
2019-09-19 14:44:00,211 [main] INFO  server.GrpcService (ConfUtils.java:logGet(43)) - raft.grpc.flow.control.window = 1MB (=1048576) (default)
2019-09-19 14:44:00,211 [main] INFO  server.RaftServerConfigKeys (ConfUtils.java:logGet(43)) - raft.server.rpc.request.timeout = 3000ms (default)
2019-09-19 14:44:00,211 [main] INFO  server.RaftServerConfigKeys (ConfUtils.java:logGet(43)) - raft.server.storage.dir = [/workdir/hadoop-ozone/tools/target/test-dir/MiniOzoneClusterImpl-c4d6e72d-f941-4a97-88b8-a79e0d5dc19a/datanode-4/data/ratis] (custom)
2019-09-19 14:44:00,212 [main] INFO  replication.SimpleContainerDownloader (SimpleContainerDownloader.java:<init>(72)) - Starting container downloader service to copy containers to replicate.
2019-09-19 14:44:00,213 [main] INFO  hdfs.DFSUtil (DFSUtil.java:httpServerTemplateForNNAndJN(1641)) - Starting Web-server for hddsDatanode at: http://0.0.0.0:0
2019-09-19 14:44:00,215 [main] INFO  server.AuthenticationFilter (AuthenticationFilter.java:constructSecretProvider(240)) - Unable to initialize FileSignerSecretProvider, falling back to use random secrets.
2019-09-19 14:44:00,215 [main] WARN  http.HttpRequestLog (HttpRequestLog.java:getRequestLog(97)) - Jetty request log can only be enabled using Log4j
2019-09-19 14:44:00,216 [main] INFO  http.HttpServer2 (HttpServer2.java:addGlobalFilter(975)) - Added global filter 'safety' (class=org.apache.hadoop.http.HttpServer2$QuotingInputFilter)
2019-09-19 14:44:00,217 [main] INFO  http.HttpServer2 (HttpServer2.java:addFilter(948)) - Added filter static_user_filter (class=org.apache.hadoop.http.lib.StaticUserWebFilter$StaticUserFilter) to context hddsDatanode
2019-09-19 14:44:00,217 [main] INFO  http.HttpServer2 (HttpServer2.java:addFilter(958)) - Added filter static_user_filter (class=org.apache.hadoop.http.lib.StaticUserWebFilter$StaticUserFilter) to context static
2019-09-19 14:44:00,217 [main] INFO  http.HttpServer2 (HttpServer2.java:addFilter(958)) - Added filter static_user_filter (class=org.apache.hadoop.http.lib.StaticUserWebFilter$StaticUserFilter) to context logs
2019-09-19 14:44:00,218 [main] INFO  http.HttpServer2 (HttpServer2.java:bindListener(1191)) - Jetty bound to port 35577
2019-09-19 14:44:00,218 [main] INFO  server.Server (Server.java:doStart(351)) - jetty-9.3.24.v20180605, build timestamp: 2018-06-05T17:11:56Z, git hash: 84205aa28f11a4f31f2a3b86d1bba2cc8ab69827
2019-09-19 14:44:00,220 [main] INFO  handler.ContextHandler (ContextHandler.java:doStart(781)) - Started o.e.j.s.ServletContextHandler@723742b2{/logs,file:///workdir/hadoop-ozone/tools/target/log,AVAILABLE}
2019-09-19 14:44:00,221 [main] INFO  handler.ContextHandler (ContextHandler.java:doStart(781)) - Started o.e.j.s.ServletContextHandler@34c76167{/static,jar:file:/home/user/.m2/repository/org/apache/hadoop/hadoop-hdds-container-service/0.5.0-SNAPSHOT/hadoop-hdds-container-service-0.5.0-SNAPSHOT.jar!/webapps/static,AVAILABLE}
2019-09-19 14:44:00,245 [main] INFO  handler.ContextHandler (ContextHandler.java:doStart(781)) - Started o.e.j.w.WebAppContext@4bc9ca97{/,file:///tmp/jetty-0.0.0.0-35577-hddsDatanode-_-any-1331574829987947911.dir/webapp/,AVAILABLE}{/hddsDatanode}
2019-09-19 14:44:00,246 [main] INFO  server.AbstractConnector (AbstractConnector.java:doStart(278)) - Started ServerConnector@3e43f049{HTTP/1.1,[http/1.1]}{0.0.0.0:35577}
2019-09-19 14:44:00,247 [main] INFO  server.Server (Server.java:doStart(419)) - Started @8486ms
2019-09-19 14:44:00,248 [main] INFO  server.BaseHttpServer (BaseHttpServer.java:updateConnectorAddress(213)) - HTTP server of HDDSDATANODE is listening at http://0.0.0.0:35577
2019-09-19 14:44:00,399 | INFO  | ObjectStoreRestHttpServer | Listening HDDS REST traffic on /0.0.0.0:44347 |  
2019-09-19 14:44:00,400 [main] INFO  ozone.HddsDatanodeService (HddsDatanodeService.java:startPlugins(395)) - Started plug-in org.apache.hadoop.ozone.web.OzoneHddsDatanodeService@7db5b890
2019-09-19 14:44:00,403 [main] INFO  ozone.MiniOzoneClusterImpl (MiniOzoneClusterImpl.java:lambda$waitForClusterToBeReady$0(142)) - Waiting for cluster to be ready. Got 0 of 5 DN Heartbeats.
2019-09-19 14:44:00,403 [org.apache.hadoop.util.JvmPauseMonitor$Monitor@23cd4919] INFO  util.JvmPauseMonitor (JvmPauseMonitor.java:run(188)) - Starting JVM pause monitor
2019-09-19 14:44:00,406 [Datanode State Machine Thread - 0] INFO  datanode.InitDatanodeState (InitDatanodeState.java:persistContainerDatanodeDetails(140)) - DatanodeDetails is persisted to /workdir/hadoop-ozone/tools/target/test-dir/MiniOzoneClusterImpl-c4d6e72d-f941-4a97-88b8-a79e0d5dc19a/datanode-4/meta/datanode.id
2019-09-19 14:44:01,390 | INFO  | SCMAudit | user=jenkins1000 | ip=192.168.5.132 | op=GET_VERSION null | ret=SUCCESS |  
2019-09-19 14:44:01,403 [main] INFO  ozone.MiniOzoneClusterImpl (MiniOzoneClusterImpl.java:lambda$waitForClusterToBeReady$0(142)) - Waiting for cluster to be ready. Got 0 of 5 DN Heartbeats.
2019-09-19 14:44:01,439 [Datanode State Machine Thread - 0] INFO  ozoneimpl.OzoneContainer (OzoneContainer.java:start(186)) - Attempting to start container services.
2019-09-19 14:44:01,441 [Datanode State Machine Thread - 0] INFO  ozoneimpl.OzoneContainer (OzoneContainer.java:startContainerScrub(160)) - Background container scrubber has been disabled by hdds.containerscrub.enabled
2019-09-19 14:44:01,441 [Datanode State Machine Thread - 0] INFO  ratis.XceiverServerRatis (XceiverServerRatis.java:start(404)) - Starting XceiverServerRatis 94ffd37a-7fba-4e2b-aec6-167a5be5db83 at port 0
2019-09-19 14:44:01,464 [Datanode State Machine Thread - 0] INFO  impl.RaftServerProxy (RaftServerProxy.java:lambda$start$3(299)) - 94ffd37a-7fba-4e2b-aec6-167a5be5db83: start RPC server
2019-09-19 14:44:01,586 [Datanode State Machine Thread - 0] INFO  server.GrpcService (GrpcService.java:startImpl(149)) - 94ffd37a-7fba-4e2b-aec6-167a5be5db83: GrpcService started, listening on 0.0.0.0/0.0.0.0:38290
2019-09-19 14:44:01,587 [Datanode State Machine Thread - 0] INFO  ratis.XceiverServerRatis (XceiverServerRatis.java:start(414)) - XceiverServerRatis 94ffd37a-7fba-4e2b-aec6-167a5be5db83 is started using port 38290
2019-09-19 14:44:01,589 [Datanode State Machine Thread - 0] INFO  server.XceiverServerGrpc (XceiverServerGrpc.java:start(163)) - XceiverServerGrpc 94ffd37a-7fba-4e2b-aec6-167a5be5db83 is started using port 41775
2019-09-19 14:44:01,654 | INFO  | SCMAudit | user=jenkins1000 | ip=192.168.5.132 | op=GET_VERSION null | ret=SUCCESS |  
2019-09-19 14:44:01,689 [Datanode State Machine Thread - 0] INFO  ozoneimpl.OzoneContainer (OzoneContainer.java:start(186)) - Attempting to start container services.
2019-09-19 14:44:01,692 [Datanode State Machine Thread - 0] INFO  ozoneimpl.OzoneContainer (OzoneContainer.java:startContainerScrub(160)) - Background container scrubber has been disabled by hdds.containerscrub.enabled
2019-09-19 14:44:01,692 [Datanode State Machine Thread - 0] INFO  ratis.XceiverServerRatis (XceiverServerRatis.java:start(404)) - Starting XceiverServerRatis a4e26ddf-7cab-415d-8560-150ea8262212 at port 0
2019-09-19 14:44:01,798 [Datanode State Machine Thread - 0] INFO  impl.RaftServerProxy (RaftServerProxy.java:lambda$start$3(299)) - a4e26ddf-7cab-415d-8560-150ea8262212: start RPC server
2019-09-19 14:44:01,821 [Datanode State Machine Thread - 0] INFO  server.GrpcService (GrpcService.java:startImpl(149)) - a4e26ddf-7cab-415d-8560-150ea8262212: GrpcService started, listening on 0.0.0.0/0.0.0.0:41799
2019-09-19 14:44:01,821 [Datanode State Machine Thread - 0] INFO  ratis.XceiverServerRatis (XceiverServerRatis.java:start(414)) - XceiverServerRatis a4e26ddf-7cab-415d-8560-150ea8262212 is started using port 41799
2019-09-19 14:44:01,824 [Datanode State Machine Thread - 0] INFO  server.XceiverServerGrpc (XceiverServerGrpc.java:start(163)) - XceiverServerGrpc a4e26ddf-7cab-415d-8560-150ea8262212 is started using port 32790
2019-09-19 14:44:01,903 | INFO  | SCMAudit | user=jenkins1000 | ip=192.168.5.132 | op=GET_VERSION null | ret=SUCCESS |  
2019-09-19 14:44:01,939 [Datanode State Machine Thread - 0] INFO  ozoneimpl.OzoneContainer (OzoneContainer.java:start(186)) - Attempting to start container services.
2019-09-19 14:44:01,942 [Datanode State Machine Thread - 0] INFO  ozoneimpl.OzoneContainer (OzoneContainer.java:startContainerScrub(160)) - Background container scrubber has been disabled by hdds.containerscrub.enabled
2019-09-19 14:44:01,942 [Datanode State Machine Thread - 0] INFO  ratis.XceiverServerRatis (XceiverServerRatis.java:start(404)) - Starting XceiverServerRatis 550ad0a3-b6ae-44bc-a70a-b51f5a4003f3 at port 0
2019-09-19 14:44:01,950 [Datanode State Machine Thread - 0] INFO  impl.RaftServerProxy (RaftServerProxy.java:lambda$start$3(299)) - 550ad0a3-b6ae-44bc-a70a-b51f5a4003f3: start RPC server
2019-09-19 14:44:01,953 [Datanode State Machine Thread - 0] INFO  server.GrpcService (GrpcService.java:startImpl(149)) - 550ad0a3-b6ae-44bc-a70a-b51f5a4003f3: GrpcService started, listening on 0.0.0.0/0.0.0.0:46067
2019-09-19 14:44:01,953 [Datanode State Machine Thread - 0] INFO  ratis.XceiverServerRatis (XceiverServerRatis.java:start(414)) - XceiverServerRatis 550ad0a3-b6ae-44bc-a70a-b51f5a4003f3 is started using port 46067
2019-09-19 14:44:01,956 [Datanode State Machine Thread - 0] INFO  server.XceiverServerGrpc (XceiverServerGrpc.java:start(163)) - XceiverServerGrpc 550ad0a3-b6ae-44bc-a70a-b51f5a4003f3 is started using port 44704
2019-09-19 14:44:02,187 | INFO  | SCMAudit | user=jenkins1000 | ip=192.168.5.132 | op=GET_VERSION null | ret=SUCCESS |  
2019-09-19 14:44:02,215 [Datanode State Machine Thread - 0] INFO  ozoneimpl.OzoneContainer (OzoneContainer.java:start(186)) - Attempting to start container services.
2019-09-19 14:44:02,217 [Datanode State Machine Thread - 0] INFO  ozoneimpl.OzoneContainer (OzoneContainer.java:startContainerScrub(160)) - Background container scrubber has been disabled by hdds.containerscrub.enabled
2019-09-19 14:44:02,217 [Datanode State Machine Thread - 0] INFO  ratis.XceiverServerRatis (XceiverServerRatis.java:start(404)) - Starting XceiverServerRatis 04a15483-b111-42a3-8ff7-e193b3ee6246 at port 0
2019-09-19 14:44:02,225 [Datanode State Machine Thread - 0] INFO  impl.RaftServerProxy (RaftServerProxy.java:lambda$start$3(299)) - 04a15483-b111-42a3-8ff7-e193b3ee6246: start RPC server
2019-09-19 14:44:02,228 [Datanode State Machine Thread - 0] INFO  server.GrpcService (GrpcService.java:startImpl(149)) - 04a15483-b111-42a3-8ff7-e193b3ee6246: GrpcService started, listening on 0.0.0.0/0.0.0.0:43624
2019-09-19 14:44:02,228 [Datanode State Machine Thread - 0] INFO  ratis.XceiverServerRatis (XceiverServerRatis.java:start(414)) - XceiverServerRatis 04a15483-b111-42a3-8ff7-e193b3ee6246 is started using port 43624
2019-09-19 14:44:02,230 [Datanode State Machine Thread - 0] INFO  server.XceiverServerGrpc (XceiverServerGrpc.java:start(163)) - XceiverServerGrpc 04a15483-b111-42a3-8ff7-e193b3ee6246 is started using port 44382
2019-09-19 14:44:02,406 [main] INFO  ozone.MiniOzoneClusterImpl (MiniOzoneClusterImpl.java:lambda$waitForClusterToBeReady$0(142)) - Waiting for cluster to be ready. Got 0 of 5 DN Heartbeats.
2019-09-19 14:44:02,407 | INFO  | SCMAudit | user=jenkins1000 | ip=192.168.5.132 | op=GET_VERSION null | ret=SUCCESS |  
2019-09-19 14:44:02,431 [Datanode State Machine Thread - 0] INFO  ozoneimpl.OzoneContainer (OzoneContainer.java:start(186)) - Attempting to start container services.
2019-09-19 14:44:02,440 [Datanode State Machine Thread - 0] INFO  ozoneimpl.OzoneContainer (OzoneContainer.java:startContainerScrub(160)) - Background container scrubber has been disabled by hdds.containerscrub.enabled
2019-09-19 14:44:02,440 [Datanode State Machine Thread - 0] INFO  ratis.XceiverServerRatis (XceiverServerRatis.java:start(404)) - Starting XceiverServerRatis 5f94aeea-aba2-49fa-a1fa-8df10a3eed4d at port 0
2019-09-19 14:44:02,450 [Datanode State Machine Thread - 0] INFO  impl.RaftServerProxy (RaftServerProxy.java:lambda$start$3(299)) - 5f94aeea-aba2-49fa-a1fa-8df10a3eed4d: start RPC server
2019-09-19 14:44:02,454 [Datanode State Machine Thread - 0] INFO  server.GrpcService (GrpcService.java:startImpl(149)) - 5f94aeea-aba2-49fa-a1fa-8df10a3eed4d: GrpcService started, listening on 0.0.0.0/0.0.0.0:37651
2019-09-19 14:44:02,454 [Datanode State Machine Thread - 0] INFO  ratis.XceiverServerRatis (XceiverServerRatis.java:start(414)) - XceiverServerRatis 5f94aeea-aba2-49fa-a1fa-8df10a3eed4d is started using port 37651
2019-09-19 14:44:02,457 [Datanode State Machine Thread - 0] INFO  server.XceiverServerGrpc (XceiverServerGrpc.java:start(163)) - XceiverServerGrpc 5f94aeea-aba2-49fa-a1fa-8df10a3eed4d is started using port 43236
2019-09-19 14:44:03,395 [IPC Server handler 15 on 41629] INFO  net.NetworkTopology (NetworkTopologyImpl.java:add(110)) - Added a new node: /default-rack/94ffd37a-7fba-4e2b-aec6-167a5be5db83
2019-09-19 14:44:03,395 [IPC Server handler 15 on 41629] INFO  node.SCMNodeManager (SCMNodeManager.java:register(273)) - Registered Data node : 94ffd37a-7fba-4e2b-aec6-167a5be5db83{ip: 192.168.5.132, host: pr-hdds-1569-rzdr8-3403194166, networkLocation: /default-rack, certSerialId: null}
2019-09-19 14:44:03,401 [EventQueue-NodeRegistrationContainerReportForDataNodeSafeModeRule] INFO  safemode.SCMSafeModeManager (DataNodeSafeModeRule.java:process(71)) - SCM in safe mode. 1 DataNodes registered, 1 required.
2019-09-19 14:44:03,402 [EventQueue-NodeRegistrationContainerReportForDataNodeSafeModeRule] INFO  safemode.SCMSafeModeManager (SCMSafeModeManager.java:validateSafeModeExitRules(177)) - ScmSafeModeManager, all rules are successfully validated
2019-09-19 14:44:03,402 [EventQueue-NodeRegistrationContainerReportForDataNodeSafeModeRule] INFO  safemode.SCMSafeModeManager (SCMSafeModeManager.java:exitSafeMode(193)) - SCM exiting safe mode.
2019-09-19 14:44:03,406 [main] INFO  ozone.MiniOzoneClusterImpl (MiniOzoneClusterImpl.java:lambda$waitForClusterToBeReady$0(142)) - Waiting for cluster to be ready. Got 1 of 5 DN Heartbeats.
2019-09-19 14:44:03,414 | INFO  | SCMAudit | user=jenkins1000 | ip=192.168.5.132 | op=REGISTER {datanodeDetails=94ffd37a-7fba-4e2b-aec6-167a5be5db83{ip: 192.168.5.132, host: pr-hdds-1569-rzdr8-3403194166, networkLocation: /default-rack, certSerialId: null}} | ret=SUCCESS |  
2019-09-19 14:44:03,654 [IPC Server handler 16 on 41629] INFO  net.NetworkTopology (NetworkTopologyImpl.java:add(110)) - Added a new node: /default-rack/a4e26ddf-7cab-415d-8560-150ea8262212
2019-09-19 14:44:03,655 [IPC Server handler 16 on 41629] INFO  node.SCMNodeManager (SCMNodeManager.java:register(273)) - Registered Data node : a4e26ddf-7cab-415d-8560-150ea8262212{ip: 192.168.5.132, host: pr-hdds-1569-rzdr8-3403194166, networkLocation: /default-rack, certSerialId: null}
2019-09-19 14:44:03,655 | INFO  | SCMAudit | user=jenkins1000 | ip=192.168.5.132 | op=REGISTER {datanodeDetails=a4e26ddf-7cab-415d-8560-150ea8262212{ip: 192.168.5.132, host: pr-hdds-1569-rzdr8-3403194166, networkLocation: /default-rack, certSerialId: null}} | ret=SUCCESS |  
2019-09-19 14:44:03,904 [IPC Server handler 13 on 41629] INFO  net.NetworkTopology (NetworkTopologyImpl.java:add(110)) - Added a new node: /default-rack/550ad0a3-b6ae-44bc-a70a-b51f5a4003f3
2019-09-19 14:44:03,905 [IPC Server handler 13 on 41629] INFO  node.SCMNodeManager (SCMNodeManager.java:register(273)) - Registered Data node : 550ad0a3-b6ae-44bc-a70a-b51f5a4003f3{ip: 192.168.5.132, host: pr-hdds-1569-rzdr8-3403194166, networkLocation: /default-rack, certSerialId: null}
2019-09-19 14:44:03,906 | INFO  | SCMAudit | user=jenkins1000 | ip=192.168.5.132 | op=REGISTER {datanodeDetails=550ad0a3-b6ae-44bc-a70a-b51f5a4003f3{ip: 192.168.5.132, host: pr-hdds-1569-rzdr8-3403194166, networkLocation: /default-rack, certSerialId: null}} | ret=SUCCESS |  
2019-09-19 14:44:04,291 [IPC Server handler 11 on 41629] INFO  net.NetworkTopology (NetworkTopologyImpl.java:add(110)) - Added a new node: /default-rack/04a15483-b111-42a3-8ff7-e193b3ee6246
2019-09-19 14:44:04,292 [IPC Server handler 11 on 41629] INFO  node.SCMNodeManager (SCMNodeManager.java:register(273)) - Registered Data node : 04a15483-b111-42a3-8ff7-e193b3ee6246{ip: 192.168.5.132, host: pr-hdds-1569-rzdr8-3403194166, networkLocation: /default-rack, certSerialId: null}
2019-09-19 14:44:04,292 | INFO  | SCMAudit | user=jenkins1000 | ip=192.168.5.132 | op=REGISTER {datanodeDetails=04a15483-b111-42a3-8ff7-e193b3ee6246{ip: 192.168.5.132, host: pr-hdds-1569-rzdr8-3403194166, networkLocation: /default-rack, certSerialId: null}} | ret=SUCCESS |  
2019-09-19 14:44:04,359 [grpc-default-executor-0] INFO  impl.RaftServerProxy (RaftServerProxy.java:addNew(89)) - 94ffd37a-7fba-4e2b-aec6-167a5be5db83: addNew group-9B76359D613D:[94ffd37a-7fba-4e2b-aec6-167a5be5db83:192.168.5.132:38290] returns group-9B76359D613D:java.util.concurrent.CompletableFuture@28b1bbfa[Not completed]
2019-09-19 14:44:04,373 [pool-27-thread-1] INFO  impl.RaftServerImpl (RaftServerImpl.java:<init>(93)) - 94ffd37a-7fba-4e2b-aec6-167a5be5db83: new RaftServerImpl for group-9B76359D613D:[94ffd37a-7fba-4e2b-aec6-167a5be5db83:192.168.5.132:38290] with ContainerStateMachine:uninitialized
2019-09-19 14:44:04,375 [pool-27-thread-1] INFO  server.RaftServerConfigKeys (ConfUtils.java:logGet(43)) - raft.server.rpc.timeout.min = 5s (custom)
2019-09-19 14:44:04,376 [pool-27-thread-1] INFO  server.RaftServerConfigKeys (ConfUtils.java:logGet(43)) - raft.server.rpc.timeout.max = 5200ms (custom)
2019-09-19 14:44:04,376 [pool-27-thread-1] INFO  server.RaftServerConfigKeys (ConfUtils.java:logGet(43)) - raft.server.rpcslowness.timeout = 120s (custom)
2019-09-19 14:44:04,377 [pool-27-thread-1] INFO  server.RaftServerConfigKeys (ConfUtils.java:logGet(43)) - raft.server.sleep.deviation.threshold = 300 (default)
2019-09-19 14:44:04,377 [pool-27-thread-1] INFO  server.RaftServerConfigKeys (ConfUtils.java:logGet(43)) - raft.server.log.appender.install.snapshot.enabled = false (custom)
2019-09-19 14:44:04,385 [pool-27-thread-1] INFO  impl.RaftServerImpl (ServerState.java:<init>(105)) - 94ffd37a-7fba-4e2b-aec6-167a5be5db83:group-9B76359D613D ConfigurationManager, init=-1: [94ffd37a-7fba-4e2b-aec6-167a5be5db83:192.168.5.132:38290], old=null, confs=<EMPTY_MAP>
2019-09-19 14:44:04,385 [pool-27-thread-1] INFO  server.RaftServerConfigKeys (ConfUtils.java:logGet(43)) - raft.server.storage.dir = [/workdir/hadoop-ozone/tools/target/test-dir/MiniOzoneClusterImpl-c4d6e72d-f941-4a97-88b8-a79e0d5dc19a/datanode-0/data/ratis] (custom)
2019-09-19 14:44:04,393 [pool-27-thread-1] INFO  storage.RaftStorageDirectory (RaftStorageDirectory.java:analyzeStorage(246)) - The storage directory /workdir/hadoop-ozone/tools/target/test-dir/MiniOzoneClusterImpl-c4d6e72d-f941-4a97-88b8-a79e0d5dc19a/datanode-0/data/ratis/053d301a-83b5-41f8-9744-9b76359d613d does not exist. Creating ...
2019-09-19 14:44:04,406 [IPC Server handler 17 on 41629] INFO  net.NetworkTopology (NetworkTopologyImpl.java:add(110)) - Added a new node: /default-rack/5f94aeea-aba2-49fa-a1fa-8df10a3eed4d
2019-09-19 14:44:04,406 [IPC Server handler 17 on 41629] INFO  node.SCMNodeManager (SCMNodeManager.java:register(273)) - Registered Data node : 5f94aeea-aba2-49fa-a1fa-8df10a3eed4d{ip: 192.168.5.132, host: pr-hdds-1569-rzdr8-3403194166, networkLocation: /default-rack, certSerialId: null}
2019-09-19 14:44:04,407 | INFO  | SCMAudit | user=jenkins1000 | ip=192.168.5.132 | op=REGISTER {datanodeDetails=5f94aeea-aba2-49fa-a1fa-8df10a3eed4d{ip: 192.168.5.132, host: pr-hdds-1569-rzdr8-3403194166, networkLocation: /default-rack, certSerialId: null}} | ret=SUCCESS |  
2019-09-19 14:44:04,407 [main] INFO  ozone.MiniOzoneClusterImpl (MiniOzoneClusterImpl.java:lambda$waitForClusterToBeReady$0(142)) - Cluster is ready. Got 5 of 5 DN Heartbeats.
2019-09-19 14:44:04,420 [pool-27-thread-1] INFO  storage.RaftStorageDirectory (RaftStorageDirectory.java:tryLock(328)) - Lock on /workdir/hadoop-ozone/tools/target/test-dir/MiniOzoneClusterImpl-c4d6e72d-f941-4a97-88b8-a79e0d5dc19a/datanode-0/data/ratis/053d301a-83b5-41f8-9744-9b76359d613d/in_use.lock acquired by nodename 2755@pr-hdds-1569-rzdr8-3403194166
2019-09-19 14:44:04,445 [pool-27-thread-1] INFO  storage.RaftStorage (RaftStorage.java:format(72)) - Storage directory /workdir/hadoop-ozone/tools/target/test-dir/MiniOzoneClusterImpl-c4d6e72d-f941-4a97-88b8-a79e0d5dc19a/datanode-0/data/ratis/053d301a-83b5-41f8-9744-9b76359d613d has been successfully formatted.
2019-09-19 14:44:04,448 [pool-27-thread-1] INFO  ratis.ContainerStateMachine (ContainerStateMachine.java:loadSnapshot(226)) - group-9B76359D613D: The snapshot info is null. Setting the last applied indexto:(t:0, i:~)
2019-09-19 14:44:04,449 [pool-27-thread-1] INFO  server.RaftServerConfigKeys (ConfUtils.java:logGet(43)) - raft.server.leader.election.timeout = 120s (custom)
2019-09-19 14:44:04,451 [pool-27-thread-1] INFO  server.RaftServerConfigKeys (ConfUtils.java:logGet(43)) - raft.server.log.use.memory = false (default)
2019-09-19 14:44:04,456 [pool-27-thread-1] INFO  server.RaftServerConfigKeys (ConfUtils.java:logGet(43)) - raft.server.log.purge.gap = 1000000 (custom)
2019-09-19 14:44:04,456 [pool-27-thread-1] INFO  server.RaftServerConfigKeys (ConfUtils.java:logGet(43)) - raft.server.log.appender.buffer.byte-limit = 33554432 (custom)
2019-09-19 14:44:04,458 [pool-27-thread-1] INFO  server.RaftServerConfigKeys (ConfUtils.java:logGet(43)) - raft.server.log.segment.size.max = 1048576 (custom)
2019-09-19 14:44:04,470 [pool-27-thread-1] INFO  server.RaftServerConfigKeys (ConfUtils.java:logGet(43)) - raft.server.log.segment.cache.num.max = 2 (custom)
2019-09-19 14:44:04,479 [pool-27-thread-1] INFO  segmented.SegmentedRaftLogWorker (SegmentedRaftLogWorker.java:<init>(172)) - new 94ffd37a-7fba-4e2b-aec6-167a5be5db83-SegmentedRaftLogWorker:Storage Directory /workdir/hadoop-ozone/tools/target/test-dir/MiniOzoneClusterImpl-c4d6e72d-f941-4a97-88b8-a79e0d5dc19a/datanode-0/data/ratis/053d301a-83b5-41f8-9744-9b76359d613d for RaftStorage:Storage Directory /workdir/hadoop-ozone/tools/target/test-dir/MiniOzoneClusterImpl-c4d6e72d-f941-4a97-88b8-a79e0d5dc19a/datanode-0/data/ratis/053d301a-83b5-41f8-9744-9b76359d613d
2019-09-19 14:44:04,492 [pool-27-thread-1] INFO  server.RaftServerConfigKeys (ConfUtils.java:logGet(43)) - raft.server.log.queue.byte-limit = 2147483647 (custom)
2019-09-19 14:44:04,493 [pool-27-thread-1] INFO  server.RaftServerConfigKeys (ConfUtils.java:logGet(43)) - raft.server.log.queue.element-limit = 1024 (custom)
2019-09-19 14:44:04,499 [pool-27-thread-1] INFO  server.RaftServerConfigKeys (ConfUtils.java:logGet(43)) - raft.server.log.segment.size.max = 1048576 (custom)
2019-09-19 14:44:04,499 [pool-27-thread-1] INFO  server.RaftServerConfigKeys (ConfUtils.java:logGet(43)) - raft.server.log.preallocated.size = 16384 (custom)
2019-09-19 14:44:04,499 [pool-27-thread-1] INFO  server.RaftServerConfigKeys (ConfUtils.java:logGet(43)) - raft.server.log.write.buffer.size = 33554432 (custom)
2019-09-19 14:44:04,500 [pool-27-thread-1] INFO  server.RaftServerConfigKeys (ConfUtils.java:logGet(43)) - raft.server.log.force.sync.num = 128 (default)
2019-09-19 14:44:04,501 [pool-27-thread-1] INFO  server.RaftServerConfigKeys (ConfUtils.java:logGet(43)) - raft.server.log.statemachine.data.sync = true (default)
2019-09-19 14:44:04,501 [pool-27-thread-1] INFO  server.RaftServerConfigKeys (ConfUtils.java:logGet(43)) - raft.server.log.statemachine.data.sync.timeout = 10s (default)
2019-09-19 14:44:04,501 [pool-27-thread-1] INFO  server.RaftServerConfigKeys (ConfUtils.java:logGet(43)) - raft.server.log.statemachine.data.sync.timeout.retry = -1 (default)
2019-09-19 14:44:04,515 [pool-27-thread-1] INFO  server.RaftServerConfigKeys (ConfUtils.java:logGet(43)) - raft.server.log.statemachine.data.caching.enabled = true (custom)
2019-09-19 14:44:04,519 [pool-27-thread-1] INFO  segmented.SegmentedRaftLogWorker (SegmentedRaftLogWorker.java:lambda$new$0(132)) - 94ffd37a-7fba-4e2b-aec6-167a5be5db83-SegmentedRaftLogWorker:Storage Directory /workdir/hadoop-ozone/tools/target/test-dir/MiniOzoneClusterImpl-c4d6e72d-f941-4a97-88b8-a79e0d5dc19a/datanode-0/data/ratis/053d301a-83b5-41f8-9744-9b76359d613d: flushIndex: setUnconditionally 0 -> -1
2019-09-19 14:44:04,524 [pool-27-thread-1] INFO  server.RaftServerConfigKeys (ConfUtils.java:logGet(43)) - raft.server.snapshot.auto.trigger.enabled = true (custom)
2019-09-19 14:44:04,525 [pool-27-thread-1] INFO  server.RaftServerConfigKeys (ConfUtils.java:logGet(43)) - raft.server.snapshot.auto.trigger.threshold = 10000 (custom)
2019-09-19 14:44:04,525 [pool-27-thread-1] INFO  server.RaftServerConfigKeys (ConfUtils.java:logGet(43)) - raft.server.retrycache.expirytime = 600000ms (custom)
2019-09-19 14:44:04,545 [pool-27-thread-1] INFO  impl.RaftServerImpl (RaftServerImpl.java:start(180)) - 94ffd37a-7fba-4e2b-aec6-167a5be5db83: start group-9B76359D613D
2019-09-19 14:44:04,546 [pool-27-thread-1] INFO  impl.RaftServerImpl (RaftServerImpl.java:setRole(171)) - 94ffd37a-7fba-4e2b-aec6-167a5be5db83:group-9B76359D613D changes role from null to FOLLOWER at term 0 for startAsFollower
2019-09-19 14:44:04,547 [pool-27-thread-1] INFO  impl.RoleInfo (RoleInfo.java:updateAndGet(143)) - 94ffd37a-7fba-4e2b-aec6-167a5be5db83: start FollowerState
2019-09-19 14:44:04,549 [pool-27-thread-1] INFO  util.JmxRegister (JmxRegister.java:tryRegister(44)) - Successfully registered JMX Bean with object name Ratis:service=RaftServer,group=group-9B76359D613D,id=94ffd37a-7fba-4e2b-aec6-167a5be5db83
2019-09-19 14:44:04,611 [RatisPipelineUtilsThread] INFO  pipeline.PipelineStateManager (PipelineStateManager.java:addPipeline(56)) - Created pipeline Pipeline[ Id: 053d301a-83b5-41f8-9744-9b76359d613d, Nodes: 94ffd37a-7fba-4e2b-aec6-167a5be5db83{ip: 192.168.5.132, host: pr-hdds-1569-rzdr8-3403194166, networkLocation: /default-rack, certSerialId: null}, Type:RATIS, Factor:ONE, State:OPEN]
2019-09-19 14:44:04,634 [grpc-default-executor-0] INFO  impl.RaftServerProxy (RaftServerProxy.java:addNew(89)) - 94ffd37a-7fba-4e2b-aec6-167a5be5db83: addNew group-25F75F86CF8B:[94ffd37a-7fba-4e2b-aec6-167a5be5db83:192.168.5.132:38290] returns group-25F75F86CF8B:java.util.concurrent.CompletableFuture@2bfde397[Not completed]
2019-09-19 14:44:04,637 [pool-27-thread-1] INFO  impl.RaftServerImpl (RaftServerImpl.java:<init>(93)) - 94ffd37a-7fba-4e2b-aec6-167a5be5db83: new RaftServerImpl for group-25F75F86CF8B:[94ffd37a-7fba-4e2b-aec6-167a5be5db83:192.168.5.132:38290] with ContainerStateMachine:uninitialized
2019-09-19 14:44:04,637 [pool-27-thread-1] INFO  server.RaftServerConfigKeys (ConfUtils.java:logGet(43)) - raft.server.rpc.timeout.min = 5s (custom)
2019-09-19 14:44:04,638 [pool-27-thread-1] INFO  server.RaftServerConfigKeys (ConfUtils.java:logGet(43)) - raft.server.rpc.timeout.max = 5200ms (custom)
2019-09-19 14:44:04,638 [pool-27-thread-1] INFO  server.RaftServerConfigKeys (ConfUtils.java:logGet(43)) - raft.server.rpcslowness.timeout = 120s (custom)
2019-09-19 14:44:04,638 [pool-27-thread-1] INFO  server.RaftServerConfigKeys (ConfUtils.java:logGet(43)) - raft.server.sleep.deviation.threshold = 300 (default)
2019-09-19 14:44:04,638 [pool-27-thread-1] INFO  server.RaftServerConfigKeys (ConfUtils.java:logGet(43)) - raft.server.log.appender.install.snapshot.enabled = false (custom)
2019-09-19 14:44:04,638 [pool-27-thread-1] INFO  impl.RaftServerImpl (ServerState.java:<init>(105)) - 94ffd37a-7fba-4e2b-aec6-167a5be5db83:group-25F75F86CF8B ConfigurationManager, init=-1: [94ffd37a-7fba-4e2b-aec6-167a5be5db83:192.168.5.132:38290], old=null, confs=<EMPTY_MAP>
2019-09-19 14:44:04,639 [pool-27-thread-1] INFO  server.RaftServerConfigKeys (ConfUtils.java:logGet(43)) - raft.server.storage.dir = [/workdir/hadoop-ozone/tools/target/test-dir/MiniOzoneClusterImpl-c4d6e72d-f941-4a97-88b8-a79e0d5dc19a/datanode-0/data/ratis] (custom)
2019-09-19 14:44:04,639 [pool-27-thread-1] INFO  storage.RaftStorageDirectory (RaftStorageDirectory.java:analyzeStorage(246)) - The storage directory /workdir/hadoop-ozone/tools/target/test-dir/MiniOzoneClusterImpl-c4d6e72d-f941-4a97-88b8-a79e0d5dc19a/datanode-0/data/ratis/40e31a89-338f-4e81-872c-25f75f86cf8b does not exist. Creating ...
2019-09-19 14:44:04,662 [pool-27-thread-1] INFO  storage.RaftStorageDirectory (RaftStorageDirectory.java:tryLock(328)) - Lock on /workdir/hadoop-ozone/tools/target/test-dir/MiniOzoneClusterImpl-c4d6e72d-f941-4a97-88b8-a79e0d5dc19a/datanode-0/data/ratis/40e31a89-338f-4e81-872c-25f75f86cf8b/in_use.lock acquired by nodename 2755@pr-hdds-1569-rzdr8-3403194166
2019-09-19 14:44:04,688 [pool-27-thread-1] INFO  storage.RaftStorage (RaftStorage.java:format(72)) - Storage directory /workdir/hadoop-ozone/tools/target/test-dir/MiniOzoneClusterImpl-c4d6e72d-f941-4a97-88b8-a79e0d5dc19a/datanode-0/data/ratis/40e31a89-338f-4e81-872c-25f75f86cf8b has been successfully formatted.
2019-09-19 14:44:04,688 [pool-27-thread-1] INFO  ratis.ContainerStateMachine (ContainerStateMachine.java:loadSnapshot(226)) - group-25F75F86CF8B: The snapshot info is null. Setting the last applied indexto:(t:0, i:~)
2019-09-19 14:44:04,689 [pool-27-thread-1] INFO  server.RaftServerConfigKeys (ConfUtils.java:logGet(43)) - raft.server.leader.election.timeout = 120s (custom)
2019-09-19 14:44:04,689 [pool-27-thread-1] INFO  server.RaftServerConfigKeys (ConfUtils.java:logGet(43)) - raft.server.log.use.memory = false (default)
2019-09-19 14:44:04,689 [pool-27-thread-1] INFO  server.RaftServerConfigKeys (ConfUtils.java:logGet(43)) - raft.server.log.purge.gap = 1000000 (custom)
2019-09-19 14:44:04,689 [pool-27-thread-1] INFO  server.RaftServerConfigKeys (ConfUtils.java:logGet(43)) - raft.server.log.appender.buffer.byte-limit = 33554432 (custom)
2019-09-19 14:44:04,689 [pool-27-thread-1] INFO  server.RaftServerConfigKeys (ConfUtils.java:logGet(43)) - raft.server.log.segment.size.max = 1048576 (custom)
2019-09-19 14:44:04,690 [pool-27-thread-1] INFO  server.RaftServerConfigKeys (ConfUtils.java:logGet(43)) - raft.server.log.segment.cache.num.max = 2 (custom)
2019-09-19 14:44:04,690 [pool-27-thread-1] INFO  segmented.SegmentedRaftLogWorker (SegmentedRaftLogWorker.java:<init>(172)) - new 94ffd37a-7fba-4e2b-aec6-167a5be5db83-SegmentedRaftLogWorker:Storage Directory /workdir/hadoop-ozone/tools/target/test-dir/MiniOzoneClusterImpl-c4d6e72d-f941-4a97-88b8-a79e0d5dc19a/datanode-0/data/ratis/40e31a89-338f-4e81-872c-25f75f86cf8b for RaftStorage:Storage Directory /workdir/hadoop-ozone/tools/target/test-dir/MiniOzoneClusterImpl-c4d6e72d-f941-4a97-88b8-a79e0d5dc19a/datanode-0/data/ratis/40e31a89-338f-4e81-872c-25f75f86cf8b
2019-09-19 14:44:04,690 [pool-27-thread-1] INFO  server.RaftServerConfigKeys (ConfUtils.java:logGet(43)) - raft.server.log.queue.byte-limit = 2147483647 (custom)
2019-09-19 14:44:04,690 [pool-27-thread-1] INFO  server.RaftServerConfigKeys (ConfUtils.java:logGet(43)) - raft.server.log.queue.element-limit = 1024 (custom)
2019-09-19 14:44:04,690 [pool-27-thread-1] INFO  server.RaftServerConfigKeys (ConfUtils.java:logGet(43)) - raft.server.log.segment.size.max = 1048576 (custom)
2019-09-19 14:44:04,691 [pool-27-thread-1] INFO  server.RaftServerConfigKeys (ConfUtils.java:logGet(43)) - raft.server.log.preallocated.size = 16384 (custom)
2019-09-19 14:44:04,691 [pool-27-thread-1] INFO  server.RaftServerConfigKeys (ConfUtils.java:logGet(43)) - raft.server.log.write.buffer.size = 33554432 (custom)
2019-09-19 14:44:04,691 [pool-27-thread-1] INFO  server.RaftServerConfigKeys (ConfUtils.java:logGet(43)) - raft.server.log.force.sync.num = 128 (default)
2019-09-19 14:44:04,691 [pool-27-thread-1] INFO  server.RaftServerConfigKeys (ConfUtils.java:logGet(43)) - raft.server.log.statemachine.data.sync = true (default)
2019-09-19 14:44:04,691 [pool-27-thread-1] INFO  server.RaftServerConfigKeys (ConfUtils.java:logGet(43)) - raft.server.log.statemachine.data.sync.timeout = 10s (default)
2019-09-19 14:44:04,692 [pool-27-thread-1] INFO  server.RaftServerConfigKeys (ConfUtils.java:logGet(43)) - raft.server.log.statemachine.data.sync.timeout.retry = -1 (default)
2019-09-19 14:44:04,692 [pool-27-thread-1] INFO  server.RaftServerConfigKeys (ConfUtils.java:logGet(43)) - raft.server.log.statemachine.data.caching.enabled = true (custom)
2019-09-19 14:44:04,692 [pool-27-thread-1] INFO  segmented.SegmentedRaftLogWorker (SegmentedRaftLogWorker.java:lambda$new$0(132)) - 94ffd37a-7fba-4e2b-aec6-167a5be5db83-SegmentedRaftLogWorker:Storage Directory /workdir/hadoop-ozone/tools/target/test-dir/MiniOzoneClusterImpl-c4d6e72d-f941-4a97-88b8-a79e0d5dc19a/datanode-0/data/ratis/40e31a89-338f-4e81-872c-25f75f86cf8b: flushIndex: setUnconditionally 0 -> -1
2019-09-19 14:44:04,693 [pool-27-thread-1] INFO  server.RaftServerConfigKeys (ConfUtils.java:logGet(43)) - raft.server.snapshot.auto.trigger.enabled = true (custom)
2019-09-19 14:44:04,693 [pool-27-thread-1] INFO  server.RaftServerConfigKeys (ConfUtils.java:logGet(43)) - raft.server.snapshot.auto.trigger.threshold = 10000 (custom)
2019-09-19 14:44:04,693 [pool-27-thread-1] INFO  server.RaftServerConfigKeys (ConfUtils.java:logGet(43)) - raft.server.retrycache.expirytime = 600000ms (custom)
2019-09-19 14:44:04,694 [pool-27-thread-1] INFO  impl.RaftServerImpl (RaftServerImpl.java:start(180)) - 94ffd37a-7fba-4e2b-aec6-167a5be5db83: start group-25F75F86CF8B
2019-09-19 14:44:04,694 [pool-27-thread-1] INFO  impl.RaftServerImpl (RaftServerImpl.java:setRole(171)) - 94ffd37a-7fba-4e2b-aec6-167a5be5db83:group-25F75F86CF8B changes role from null to FOLLOWER at term 0 for startAsFollower
2019-09-19 14:44:04,694 [pool-27-thread-1] INFO  impl.RoleInfo (RoleInfo.java:updateAndGet(143)) - 94ffd37a-7fba-4e2b-aec6-167a5be5db83: start FollowerState
2019-09-19 14:44:04,694 [pool-27-thread-1] INFO  util.JmxRegister (JmxRegister.java:tryRegister(44)) - Successfully registered JMX Bean with object name Ratis:service=RaftServer,group=group-25F75F86CF8B,id=94ffd37a-7fba-4e2b-aec6-167a5be5db83
2019-09-19 14:44:04,720 [RatisPipelineUtilsThread] INFO  pipeline.PipelineStateManager (PipelineStateManager.java:addPipeline(56)) - Created pipeline Pipeline[ Id: 40e31a89-338f-4e81-872c-25f75f86cf8b, Nodes: 94ffd37a-7fba-4e2b-aec6-167a5be5db83{ip: 192.168.5.132, host: pr-hdds-1569-rzdr8-3403194166, networkLocation: /default-rack, certSerialId: null}, Type:RATIS, Factor:ONE, State:OPEN]
2019-09-19 14:44:04,743 [grpc-default-executor-0] INFO  impl.RaftServerProxy (RaftServerProxy.java:addNew(89)) - 04a15483-b111-42a3-8ff7-e193b3ee6246: addNew group-07459261BA7E:[04a15483-b111-42a3-8ff7-e193b3ee6246:192.168.5.132:43624] returns group-07459261BA7E:java.util.concurrent.CompletableFuture@6576521d[Not completed]
2019-09-19 14:44:04,775 [pool-60-thread-1] INFO  impl.RaftServerImpl (RaftServerImpl.java:<init>(93)) - 04a15483-b111-42a3-8ff7-e193b3ee6246: new RaftServerImpl for group-07459261BA7E:[04a15483-b111-42a3-8ff7-e193b3ee6246:192.168.5.132:43624] with ContainerStateMachine:uninitialized
2019-09-19 14:44:04,778 [pool-60-thread-1] INFO  server.RaftServerConfigKeys (ConfUtils.java:logGet(43)) - raft.server.rpc.timeout.min = 5s (custom)
2019-09-19 14:44:04,778 [pool-60-thread-1] INFO  server.RaftServerConfigKeys (ConfUtils.java:logGet(43)) - raft.server.rpc.timeout.max = 5200ms (custom)
2019-09-19 14:44:04,778 [pool-60-thread-1] INFO  server.RaftServerConfigKeys (ConfUtils.java:logGet(43)) - raft.server.rpcslowness.timeout = 120s (custom)
2019-09-19 14:44:04,778 [pool-60-thread-1] INFO  server.RaftServerConfigKeys (ConfUtils.java:logGet(43)) - raft.server.sleep.deviation.threshold = 300 (default)
2019-09-19 14:44:04,778 [pool-60-thread-1] INFO  server.RaftServerConfigKeys (ConfUtils.java:logGet(43)) - raft.server.log.appender.install.snapshot.enabled = false (custom)
2019-09-19 14:44:04,779 [pool-60-thread-1] INFO  impl.RaftServerImpl (ServerState.java:<init>(105)) - 04a15483-b111-42a3-8ff7-e193b3ee6246:group-07459261BA7E ConfigurationManager, init=-1: [04a15483-b111-42a3-8ff7-e193b3ee6246:192.168.5.132:43624], old=null, confs=<EMPTY_MAP>
2019-09-19 14:44:04,779 [pool-60-thread-1] INFO  server.RaftServerConfigKeys (ConfUtils.java:logGet(43)) - raft.server.storage.dir = [/workdir/hadoop-ozone/tools/target/test-dir/MiniOzoneClusterImpl-c4d6e72d-f941-4a97-88b8-a79e0d5dc19a/datanode-3/data/ratis] (custom)
2019-09-19 14:44:04,779 [pool-60-thread-1] INFO  storage.RaftStorageDirectory (RaftStorageDirectory.java:analyzeStorage(246)) - The storage directory /workdir/hadoop-ozone/tools/target/test-dir/MiniOzoneClusterImpl-c4d6e72d-f941-4a97-88b8-a79e0d5dc19a/datanode-3/data/ratis/21f86c78-2c03-44d6-85b1-07459261ba7e does not exist. Creating ...
2019-09-19 14:44:04,804 [pool-60-thread-1] INFO  storage.RaftStorageDirectory (RaftStorageDirectory.java:tryLock(328)) - Lock on /workdir/hadoop-ozone/tools/target/test-dir/MiniOzoneClusterImpl-c4d6e72d-f941-4a97-88b8-a79e0d5dc19a/datanode-3/data/ratis/21f86c78-2c03-44d6-85b1-07459261ba7e/in_use.lock acquired by nodename 2755@pr-hdds-1569-rzdr8-3403194166
2019-09-19 14:44:04,829 [pool-60-thread-1] INFO  storage.RaftStorage (RaftStorage.java:format(72)) - Storage directory /workdir/hadoop-ozone/tools/target/test-dir/MiniOzoneClusterImpl-c4d6e72d-f941-4a97-88b8-a79e0d5dc19a/datanode-3/data/ratis/21f86c78-2c03-44d6-85b1-07459261ba7e has been successfully formatted.
2019-09-19 14:44:04,831 [pool-60-thread-1] INFO  ratis.ContainerStateMachine (ContainerStateMachine.java:loadSnapshot(226)) - group-07459261BA7E: The snapshot info is null. Setting the last applied indexto:(t:0, i:~)
2019-09-19 14:44:04,832 [pool-60-thread-1] INFO  server.RaftServerConfigKeys (ConfUtils.java:logGet(43)) - raft.server.leader.election.timeout = 120s (custom)
2019-09-19 14:44:04,832 [pool-60-thread-1] INFO  server.RaftServerConfigKeys (ConfUtils.java:logGet(43)) - raft.server.log.use.memory = false (default)
2019-09-19 14:44:04,832 [pool-60-thread-1] INFO  server.RaftServerConfigKeys (ConfUtils.java:logGet(43)) - raft.server.log.purge.gap = 1000000 (custom)
2019-09-19 14:44:04,832 [pool-60-thread-1] INFO  server.RaftServerConfigKeys (ConfUtils.java:logGet(43)) - raft.server.log.appender.buffer.byte-limit = 33554432 (custom)
2019-09-19 14:44:04,833 [pool-60-thread-1] INFO  server.RaftServerConfigKeys (ConfUtils.java:logGet(43)) - raft.server.log.segment.size.max = 1048576 (custom)
2019-09-19 14:44:04,833 [pool-60-thread-1] INFO  server.RaftServerConfigKeys (ConfUtils.java:logGet(43)) - raft.server.log.segment.cache.num.max = 2 (custom)
2019-09-19 14:44:04,833 [pool-60-thread-1] INFO  segmented.SegmentedRaftLogWorker (SegmentedRaftLogWorker.java:<init>(172)) - new 04a15483-b111-42a3-8ff7-e193b3ee6246-SegmentedRaftLogWorker:Storage Directory /workdir/hadoop-ozone/tools/target/test-dir/MiniOzoneClusterImpl-c4d6e72d-f941-4a97-88b8-a79e0d5dc19a/datanode-3/data/ratis/21f86c78-2c03-44d6-85b1-07459261ba7e for RaftStorage:Storage Directory /workdir/hadoop-ozone/tools/target/test-dir/MiniOzoneClusterImpl-c4d6e72d-f941-4a97-88b8-a79e0d5dc19a/datanode-3/data/ratis/21f86c78-2c03-44d6-85b1-07459261ba7e
2019-09-19 14:44:04,834 [pool-60-thread-1] INFO  server.RaftServerConfigKeys (ConfUtils.java:logGet(43)) - raft.server.log.queue.byte-limit = 2147483647 (custom)
2019-09-19 14:44:04,834 [pool-60-thread-1] INFO  server.RaftServerConfigKeys (ConfUtils.java:logGet(43)) - raft.server.log.queue.element-limit = 1024 (custom)
2019-09-19 14:44:04,834 [pool-60-thread-1] INFO  server.RaftServerConfigKeys (ConfUtils.java:logGet(43)) - raft.server.log.segment.size.max = 1048576 (custom)
2019-09-19 14:44:04,835 [pool-60-thread-1] INFO  server.RaftServerConfigKeys (ConfUtils.java:logGet(43)) - raft.server.log.preallocated.size = 16384 (custom)
2019-09-19 14:44:04,835 [pool-60-thread-1] INFO  server.RaftServerConfigKeys (ConfUtils.java:logGet(43)) - raft.server.log.write.buffer.size = 33554432 (custom)
2019-09-19 14:44:04,835 [pool-60-thread-1] INFO  server.RaftServerConfigKeys (ConfUtils.java:logGet(43)) - raft.server.log.force.sync.num = 128 (default)
2019-09-19 14:44:04,835 [pool-60-thread-1] INFO  server.RaftServerConfigKeys (ConfUtils.java:logGet(43)) - raft.server.log.statemachine.data.sync = true (default)
2019-09-19 14:44:04,835 [pool-60-thread-1] INFO  server.RaftServerConfigKeys (ConfUtils.java:logGet(43)) - raft.server.log.statemachine.data.sync.timeout = 10s (default)
2019-09-19 14:44:04,835 [pool-60-thread-1] INFO  server.RaftServerConfigKeys (ConfUtils.java:logGet(43)) - raft.server.log.statemachine.data.sync.timeout.retry = -1 (default)
2019-09-19 14:44:04,835 [pool-60-thread-1] INFO  server.RaftServerConfigKeys (ConfUtils.java:logGet(43)) - raft.server.log.statemachine.data.caching.enabled = true (custom)
2019-09-19 14:44:04,836 [pool-60-thread-1] INFO  segmented.SegmentedRaftLogWorker (SegmentedRaftLogWorker.java:lambda$new$0(132)) - 04a15483-b111-42a3-8ff7-e193b3ee6246-SegmentedRaftLogWorker:Storage Directory /workdir/hadoop-ozone/tools/target/test-dir/MiniOzoneClusterImpl-c4d6e72d-f941-4a97-88b8-a79e0d5dc19a/datanode-3/data/ratis/21f86c78-2c03-44d6-85b1-07459261ba7e: flushIndex: setUnconditionally 0 -> -1
2019-09-19 14:44:04,836 [pool-60-thread-1] INFO  server.RaftServerConfigKeys (ConfUtils.java:logGet(43)) - raft.server.snapshot.auto.trigger.enabled = true (custom)
2019-09-19 14:44:04,836 [pool-60-thread-1] INFO  server.RaftServerConfigKeys (ConfUtils.java:logGet(43)) - raft.server.snapshot.auto.trigger.threshold = 10000 (custom)
2019-09-19 14:44:04,836 [pool-60-thread-1] INFO  server.RaftServerConfigKeys (ConfUtils.java:logGet(43)) - raft.server.retrycache.expirytime = 600000ms (custom)
2019-09-19 14:44:04,837 [pool-60-thread-1] INFO  impl.RaftServerImpl (RaftServerImpl.java:start(180)) - 04a15483-b111-42a3-8ff7-e193b3ee6246: start group-07459261BA7E
2019-09-19 14:44:04,837 [pool-60-thread-1] INFO  impl.RaftServerImpl (RaftServerImpl.java:setRole(171)) - 04a15483-b111-42a3-8ff7-e193b3ee6246:group-07459261BA7E changes role from null to FOLLOWER at term 0 for startAsFollower
2019-09-19 14:44:04,837 [pool-60-thread-1] INFO  impl.RoleInfo (RoleInfo.java:updateAndGet(143)) - 04a15483-b111-42a3-8ff7-e193b3ee6246: start FollowerState
2019-09-19 14:44:04,838 [pool-60-thread-1] INFO  util.JmxRegister (JmxRegister.java:tryRegister(44)) - Successfully registered JMX Bean with object name Ratis:service=RaftServer,group=group-07459261BA7E,id=04a15483-b111-42a3-8ff7-e193b3ee6246
2019-09-19 14:44:04,849 [RatisPipelineUtilsThread] INFO  pipeline.PipelineStateManager (PipelineStateManager.java:addPipeline(56)) - Created pipeline Pipeline[ Id: 21f86c78-2c03-44d6-85b1-07459261ba7e, Nodes: 04a15483-b111-42a3-8ff7-e193b3ee6246{ip: 192.168.5.132, host: pr-hdds-1569-rzdr8-3403194166, networkLocation: /default-rack, certSerialId: null}, Type:RATIS, Factor:ONE, State:OPEN]
2019-09-19 14:44:04,871 [grpc-default-executor-0] INFO  impl.RaftServerProxy (RaftServerProxy.java:addNew(89)) - 550ad0a3-b6ae-44bc-a70a-b51f5a4003f3: addNew group-EE791E5F3A8C:[550ad0a3-b6ae-44bc-a70a-b51f5a4003f3:192.168.5.132:46067] returns group-EE791E5F3A8C:java.util.concurrent.CompletableFuture@49d09d5e[Not completed]
2019-09-19 14:44:04,882 [pool-49-thread-1] INFO  impl.RaftServerImpl (RaftServerImpl.java:<init>(93)) - 550ad0a3-b6ae-44bc-a70a-b51f5a4003f3: new RaftServerImpl for group-EE791E5F3A8C:[550ad0a3-b6ae-44bc-a70a-b51f5a4003f3:192.168.5.132:46067] with ContainerStateMachine:uninitialized
2019-09-19 14:44:04,883 [pool-49-thread-1] INFO  server.RaftServerConfigKeys (ConfUtils.java:logGet(43)) - raft.server.rpc.timeout.min = 5s (custom)
2019-09-19 14:44:04,883 [pool-49-thread-1] INFO  server.RaftServerConfigKeys (ConfUtils.java:logGet(43)) - raft.server.rpc.timeout.max = 5200ms (custom)
2019-09-19 14:44:04,883 [pool-49-thread-1] INFO  server.RaftServerConfigKeys (ConfUtils.java:logGet(43)) - raft.server.rpcslowness.timeout = 120s (custom)
2019-09-19 14:44:04,883 [pool-49-thread-1] INFO  server.RaftServerConfigKeys (ConfUtils.java:logGet(43)) - raft.server.sleep.deviation.threshold = 300 (default)
2019-09-19 14:44:04,883 [pool-49-thread-1] INFO  server.RaftServerConfigKeys (ConfUtils.java:logGet(43)) - raft.server.log.appender.install.snapshot.enabled = false (custom)
2019-09-19 14:44:04,883 [pool-49-thread-1] INFO  impl.RaftServerImpl (ServerState.java:<init>(105)) - 550ad0a3-b6ae-44bc-a70a-b51f5a4003f3:group-EE791E5F3A8C ConfigurationManager, init=-1: [550ad0a3-b6ae-44bc-a70a-b51f5a4003f3:192.168.5.132:46067], old=null, confs=<EMPTY_MAP>
2019-09-19 14:44:04,883 [pool-49-thread-1] INFO  server.RaftServerConfigKeys (ConfUtils.java:logGet(43)) - raft.server.storage.dir = [/workdir/hadoop-ozone/tools/target/test-dir/MiniOzoneClusterImpl-c4d6e72d-f941-4a97-88b8-a79e0d5dc19a/datanode-2/data/ratis] (custom)
2019-09-19 14:44:04,884 [pool-49-thread-1] INFO  storage.RaftStorageDirectory (RaftStorageDirectory.java:analyzeStorage(246)) - The storage directory /workdir/hadoop-ozone/tools/target/test-dir/MiniOzoneClusterImpl-c4d6e72d-f941-4a97-88b8-a79e0d5dc19a/datanode-2/data/ratis/f98dd60e-4a8f-44c2-8fe2-ee791e5f3a8c does not exist. Creating ...
2019-09-19 14:44:04,944 [pool-49-thread-1] INFO  storage.RaftStorageDirectory (RaftStorageDirectory.java:tryLock(328)) - Lock on /workdir/hadoop-ozone/tools/target/test-dir/MiniOzoneClusterImpl-c4d6e72d-f941-4a97-88b8-a79e0d5dc19a/datanode-2/data/ratis/f98dd60e-4a8f-44c2-8fe2-ee791e5f3a8c/in_use.lock acquired by nodename 2755@pr-hdds-1569-rzdr8-3403194166
2019-09-19 14:44:04,958 [main] INFO  freon.RandomKeyGenerator (RandomKeyGenerator.java:call(275)) - Number of Threads: 10
2019-09-19 14:44:04,959 [main] INFO  freon.RandomKeyGenerator (RandomKeyGenerator.java:call(280)) - Number of Volumes: 1.
2019-09-19 14:44:04,959 [main] INFO  freon.RandomKeyGenerator (RandomKeyGenerator.java:call(281)) - Number of Buckets per Volume: 1.
2019-09-19 14:44:04,959 [main] INFO  freon.RandomKeyGenerator (RandomKeyGenerator.java:call(282)) - Number of Keys per Bucket: 1.
2019-09-19 14:44:04,959 [main] INFO  freon.RandomKeyGenerator (RandomKeyGenerator.java:call(283)) - Key size: 20971520 bytes
2019-09-19 14:44:04,959 [main] INFO  freon.RandomKeyGenerator (RandomKeyGenerator.java:call(284)) - Buffer size: 4096 bytes
2019-09-19 14:44:04,964 [main] INFO  freon.RandomKeyGenerator (RandomKeyGenerator.java:call(298)) - Data validation is enabled.
2019-09-19 14:44:04,965 [main] INFO  freon.RandomKeyGenerator (RandomKeyGenerator.java:call(304)) - Starting progress bar Thread.

 0.00% |█                                                                                                    |  0/1 Time: 0:00:002019-09-19 14:44:04,969 [pool-49-thread-1] INFO  storage.RaftStorage (RaftStorage.java:format(72)) - Storage directory /workdir/hadoop-ozone/tools/target/test-dir/MiniOzoneClusterImpl-c4d6e72d-f941-4a97-88b8-a79e0d5dc19a/datanode-2/data/ratis/f98dd60e-4a8f-44c2-8fe2-ee791e5f3a8c has been successfully formatted.
2019-09-19 14:44:04,970 [pool-49-thread-1] INFO  ratis.ContainerStateMachine (ContainerStateMachine.java:loadSnapshot(226)) - group-EE791E5F3A8C: The snapshot info is null. Setting the last applied indexto:(t:0, i:~)
2019-09-19 14:44:04,970 [pool-49-thread-1] INFO  server.RaftServerConfigKeys (ConfUtils.java:logGet(43)) - raft.server.leader.election.timeout = 120s (custom)
2019-09-19 14:44:04,970 [pool-49-thread-1] INFO  server.RaftServerConfigKeys (ConfUtils.java:logGet(43)) - raft.server.log.use.memory = false (default)
2019-09-19 14:44:04,970 [pool-49-thread-1] INFO  server.RaftServerConfigKeys (ConfUtils.java:logGet(43)) - raft.server.log.purge.gap = 1000000 (custom)
2019-09-19 14:44:04,970 [pool-49-thread-1] INFO  server.RaftServerConfigKeys (ConfUtils.java:logGet(43)) - raft.server.log.appender.buffer.byte-limit = 33554432 (custom)
2019-09-19 14:44:04,970 [pool-49-thread-1] INFO  server.RaftServerConfigKeys (ConfUtils.java:logGet(43)) - raft.server.log.segment.size.max = 1048576 (custom)
2019-09-19 14:44:04,970 [pool-49-thread-1] INFO  server.RaftServerConfigKeys (ConfUtils.java:logGet(43)) - raft.server.log.segment.cache.num.max = 2 (custom)
2019-09-19 14:44:04,971 [pool-49-thread-1] INFO  segmented.SegmentedRaftLogWorker (SegmentedRaftLogWorker.java:<init>(172)) - new 550ad0a3-b6ae-44bc-a70a-b51f5a4003f3-SegmentedRaftLogWorker:Storage Directory /workdir/hadoop-ozone/tools/target/test-dir/MiniOzoneClusterImpl-c4d6e72d-f941-4a97-88b8-a79e0d5dc19a/datanode-2/data/ratis/f98dd60e-4a8f-44c2-8fe2-ee791e5f3a8c for RaftStorage:Storage Directory /workdir/hadoop-ozone/tools/target/test-dir/MiniOzoneClusterImpl-c4d6e72d-f941-4a97-88b8-a79e0d5dc19a/datanode-2/data/ratis/f98dd60e-4a8f-44c2-8fe2-ee791e5f3a8c
2019-09-19 14:44:04,971 [pool-49-thread-1] INFO  server.RaftServerConfigKeys (ConfUtils.java:logGet(43)) - raft.server.log.queue.byte-limit = 2147483647 (custom)
2019-09-19 14:44:04,971 [pool-49-thread-1] INFO  server.RaftServerConfigKeys (ConfUtils.java:logGet(43)) - raft.server.log.queue.element-limit = 1024 (custom)
2019-09-19 14:44:04,971 [pool-49-thread-1] INFO  server.RaftServerConfigKeys (ConfUtils.java:logGet(43)) - raft.server.log.segment.size.max = 1048576 (custom)
2019-09-19 14:44:04,971 [pool-49-thread-1] INFO  server.RaftServerConfigKeys (ConfUtils.java:logGet(43)) - raft.server.log.preallocated.size = 16384 (custom)
2019-09-19 14:44:04,971 [pool-49-thread-1] INFO  server.RaftServerConfigKeys (ConfUtils.java:logGet(43)) - raft.server.log.write.buffer.size = 33554432 (custom)
2019-09-19 14:44:04,971 [pool-49-thread-1] INFO  server.RaftServerConfigKeys (ConfUtils.java:logGet(43)) - raft.server.log.force.sync.num = 128 (default)
2019-09-19 14:44:04,972 [pool-49-thread-1] INFO  server.RaftServerConfigKeys (ConfUtils.java:logGet(43)) - raft.server.log.statemachine.data.sync = true (default)
2019-09-19 14:44:04,972 [pool-49-thread-1] INFO  server.RaftServerConfigKeys (ConfUtils.java:logGet(43)) - raft.server.log.statemachine.data.sync.timeout = 10s (default)
2019-09-19 14:44:04,972 [pool-49-thread-1] INFO  server.RaftServerConfigKeys (ConfUtils.java:logGet(43)) - raft.server.log.statemachine.data.sync.timeout.retry = -1 (default)
2019-09-19 14:44:04,972 [pool-49-thread-1] INFO  server.RaftServerConfigKeys (ConfUtils.java:logGet(43)) - raft.server.log.statemachine.data.caching.enabled = true (custom)
2019-09-19 14:44:04,972 [pool-49-thread-1] INFO  segmented.SegmentedRaftLogWorker (SegmentedRaftLogWorker.java:lambda$new$0(132)) - 550ad0a3-b6ae-44bc-a70a-b51f5a4003f3-SegmentedRaftLogWorker:Storage Directory /workdir/hadoop-ozone/tools/target/test-dir/MiniOzoneClusterImpl-c4d6e72d-f941-4a97-88b8-a79e0d5dc19a/datanode-2/data/ratis/f98dd60e-4a8f-44c2-8fe2-ee791e5f3a8c: flushIndex: setUnconditionally 0 -> -1
2019-09-19 14:44:04,973 [pool-49-thread-1] INFO  server.RaftServerConfigKeys (ConfUtils.java:logGet(43)) - raft.server.snapshot.auto.trigger.enabled = true (custom)
2019-09-19 14:44:04,973 [pool-49-thread-1] INFO  server.RaftServerConfigKeys (ConfUtils.java:logGet(43)) - raft.server.snapshot.auto.trigger.threshold = 10000 (custom)
2019-09-19 14:44:04,973 [pool-49-thread-1] INFO  server.RaftServerConfigKeys (ConfUtils.java:logGet(43)) - raft.server.retrycache.expirytime = 600000ms (custom)
2019-09-19 14:44:04,973 [pool-49-thread-1] INFO  impl.RaftServerImpl (RaftServerImpl.java:start(180)) - 550ad0a3-b6ae-44bc-a70a-b51f5a4003f3: start group-EE791E5F3A8C
2019-09-19 14:44:04,973 [pool-49-thread-1] INFO  impl.RaftServerImpl (RaftServerImpl.java:setRole(171)) - 550ad0a3-b6ae-44bc-a70a-b51f5a4003f3:group-EE791E5F3A8C changes role from null to FOLLOWER at term 0 for startAsFollower
2019-09-19 14:44:04,973 [pool-49-thread-1] INFO  impl.RoleInfo (RoleInfo.java:updateAndGet(143)) - 550ad0a3-b6ae-44bc-a70a-b51f5a4003f3: start FollowerState
2019-09-19 14:44:04,974 [pool-49-thread-1] INFO  util.JmxRegister (JmxRegister.java:tryRegister(44)) - Successfully registered JMX Bean with object name Ratis:service=RaftServer,group=group-EE791E5F3A8C,id=550ad0a3-b6ae-44bc-a70a-b51f5a4003f3
2019-09-19 14:44:05,001 [RatisPipelineUtilsThread] INFO  pipeline.PipelineStateManager (PipelineStateManager.java:addPipeline(56)) - Created pipeline Pipeline[ Id: f98dd60e-4a8f-44c2-8fe2-ee791e5f3a8c, Nodes: 550ad0a3-b6ae-44bc-a70a-b51f5a4003f3{ip: 192.168.5.132, host: pr-hdds-1569-rzdr8-3403194166, networkLocation: /default-rack, certSerialId: null}, Type:RATIS, Factor:ONE, State:OPEN]
2019-09-19 14:44:05,004 [pool-78-thread-1] INFO  rpc.RpcClient (RpcClient.java:createVolume(293)) - Creating Volume: vol-0-47100, with jenkins1000 as owner.
2019-09-19 14:44:05,027 [grpc-default-executor-0] INFO  impl.RaftServerProxy (RaftServerProxy.java:addNew(89)) - 04a15483-b111-42a3-8ff7-e193b3ee6246: addNew group-FE2035E1FB89:[04a15483-b111-42a3-8ff7-e193b3ee6246:192.168.5.132:43624] returns group-FE2035E1FB89:java.util.concurrent.CompletableFuture@202fb77c[Not completed]
2019-09-19 14:44:05,029 [pool-60-thread-1] INFO  impl.RaftServerImpl (RaftServerImpl.java:<init>(93)) - 04a15483-b111-42a3-8ff7-e193b3ee6246: new RaftServerImpl for group-FE2035E1FB89:[04a15483-b111-42a3-8ff7-e193b3ee6246:192.168.5.132:43624] with ContainerStateMachine:uninitialized
2019-09-19 14:44:05,029 [pool-60-thread-1] INFO  server.RaftServerConfigKeys (ConfUtils.java:logGet(43)) - raft.server.rpc.timeout.min = 5s (custom)
2019-09-19 14:44:05,030 [pool-60-thread-1] INFO  server.RaftServerConfigKeys (ConfUtils.java:logGet(43)) - raft.server.rpc.timeout.max = 5200ms (custom)
2019-09-19 14:44:05,030 [pool-60-thread-1] INFO  server.RaftServerConfigKeys (ConfUtils.java:logGet(43)) - raft.server.rpcslowness.timeout = 120s (custom)
2019-09-19 14:44:05,030 [pool-60-thread-1] INFO  server.RaftServerConfigKeys (ConfUtils.java:logGet(43)) - raft.server.sleep.deviation.threshold = 300 (default)
2019-09-19 14:44:05,030 [pool-60-thread-1] INFO  server.RaftServerConfigKeys (ConfUtils.java:logGet(43)) - raft.server.log.appender.install.snapshot.enabled = false (custom)
2019-09-19 14:44:05,030 [pool-60-thread-1] INFO  impl.RaftServerImpl (ServerState.java:<init>(105)) - 04a15483-b111-42a3-8ff7-e193b3ee6246:group-FE2035E1FB89 ConfigurationManager, init=-1: [04a15483-b111-42a3-8ff7-e193b3ee6246:192.168.5.132:43624], old=null, confs=<EMPTY_MAP>
2019-09-19 14:44:05,031 [pool-60-thread-1] INFO  server.RaftServerConfigKeys (ConfUtils.java:logGet(43)) - raft.server.storage.dir = [/workdir/hadoop-ozone/tools/target/test-dir/MiniOzoneClusterImpl-c4d6e72d-f941-4a97-88b8-a79e0d5dc19a/datanode-3/data/ratis] (custom)
2019-09-19 14:44:05,031 [pool-60-thread-1] INFO  storage.RaftStorageDirectory (RaftStorageDirectory.java:analyzeStorage(246)) - The storage directory /workdir/hadoop-ozone/tools/target/test-dir/MiniOzoneClusterImpl-c4d6e72d-f941-4a97-88b8-a79e0d5dc19a/datanode-3/data/ratis/196d6233-b889-4944-8ec9-fe2035e1fb89 does not exist. Creating ...
2019-09-19 14:44:05,042 | INFO  | OMAudit | user=jenkins1000 | ip=127.0.0.1 | op=CREATE_VOLUME {admin=jenkins1000, owner=jenkins1000, volume=vol-0-47100, creationTime=1568904245036, quotaInBytes=1152921504606846976} | ret=SUCCESS |  
2019-09-19 14:44:05,057 [pool-60-thread-1] INFO  storage.RaftStorageDirectory (RaftStorageDirectory.java:tryLock(328)) - Lock on /workdir/hadoop-ozone/tools/target/test-dir/MiniOzoneClusterImpl-c4d6e72d-f941-4a97-88b8-a79e0d5dc19a/datanode-3/data/ratis/196d6233-b889-4944-8ec9-fe2035e1fb89/in_use.lock acquired by nodename 2755@pr-hdds-1569-rzdr8-3403194166
2019-09-19 14:44:05,058 | INFO  | OMAudit | user=jenkins1000 | ip=127.0.0.1 | op=READ_VOLUME {volume=vol-0-47100} | ret=SUCCESS |  
2019-09-19 14:44:05,072 [pool-78-thread-2] INFO  rpc.RpcClient (RpcClient.java:createBucket(432)) - Creating Bucket: vol-0-47100/bucket-0-81491, with Versioning false and Storage Type set to DISK and Encryption set to false 
2019-09-19 14:44:05,087 [pool-60-thread-1] INFO  storage.RaftStorage (RaftStorage.java:format(72)) - Storage directory /workdir/hadoop-ozone/tools/target/test-dir/MiniOzoneClusterImpl-c4d6e72d-f941-4a97-88b8-a79e0d5dc19a/datanode-3/data/ratis/196d6233-b889-4944-8ec9-fe2035e1fb89 has been successfully formatted.
2019-09-19 14:44:05,088 [pool-60-thread-1] INFO  ratis.ContainerStateMachine (ContainerStateMachine.java:loadSnapshot(226)) - group-FE2035E1FB89: The snapshot info is null. Setting the last applied indexto:(t:0, i:~)
2019-09-19 14:44:05,088 [pool-60-thread-1] INFO  server.RaftServerConfigKeys (ConfUtils.java:logGet(43)) - raft.server.leader.election.timeout = 120s (custom)
2019-09-19 14:44:05,088 [pool-60-thread-1] INFO  server.RaftServerConfigKeys (ConfUtils.java:logGet(43)) - raft.server.log.use.memory = false (default)
2019-09-19 14:44:05,089 [pool-60-thread-1] INFO  server.RaftServerConfigKeys (ConfUtils.java:logGet(43)) - raft.server.log.purge.gap = 1000000 (custom)
2019-09-19 14:44:05,089 [pool-60-thread-1] INFO  server.RaftServerConfigKeys (ConfUtils.java:logGet(43)) - raft.server.log.appender.buffer.byte-limit = 33554432 (custom)
2019-09-19 14:44:05,089 [pool-60-thread-1] INFO  server.RaftServerConfigKeys (ConfUtils.java:logGet(43)) - raft.server.log.segment.size.max = 1048576 (custom)
2019-09-19 14:44:05,089 [pool-60-thread-1] INFO  server.RaftServerConfigKeys (ConfUtils.java:logGet(43)) - raft.server.log.segment.cache.num.max = 2 (custom)
2019-09-19 14:44:05,089 [pool-60-thread-1] INFO  segmented.SegmentedRaftLogWorker (SegmentedRaftLogWorker.java:<init>(172)) - new 04a15483-b111-42a3-8ff7-e193b3ee6246-SegmentedRaftLogWorker:Storage Directory /workdir/hadoop-ozone/tools/target/test-dir/MiniOzoneClusterImpl-c4d6e72d-f941-4a97-88b8-a79e0d5dc19a/datanode-3/data/ratis/196d6233-b889-4944-8ec9-fe2035e1fb89 for RaftStorage:Storage Directory /workdir/hadoop-ozone/tools/target/test-dir/MiniOzoneClusterImpl-c4d6e72d-f941-4a97-88b8-a79e0d5dc19a/datanode-3/data/ratis/196d6233-b889-4944-8ec9-fe2035e1fb89
2019-09-19 14:44:05,090 [pool-60-thread-1] INFO  server.RaftServerConfigKeys (ConfUtils.java:logGet(43)) - raft.server.log.queue.byte-limit = 2147483647 (custom)
2019-09-19 14:44:05,090 [pool-60-thread-1] INFO  server.RaftServerConfigKeys (ConfUtils.java:logGet(43)) - raft.server.log.queue.element-limit = 1024 (custom)
2019-09-19 14:44:05,090 [pool-60-thread-1] INFO  server.RaftServerConfigKeys (ConfUtils.java:logGet(43)) - raft.server.log.segment.size.max = 1048576 (custom)
2019-09-19 14:44:05,090 [pool-60-thread-1] INFO  server.RaftServerConfigKeys (ConfUtils.java:logGet(43)) - raft.server.log.preallocated.size = 16384 (custom)
2019-09-19 14:44:05,090 [pool-60-thread-1] INFO  server.RaftServerConfigKeys (ConfUtils.java:logGet(43)) - raft.server.log.write.buffer.size = 33554432 (custom)
2019-09-19 14:44:05,091 [pool-60-thread-1] INFO  server.RaftServerConfigKeys (ConfUtils.java:logGet(43)) - raft.server.log.force.sync.num = 128 (default)
2019-09-19 14:44:05,091 [pool-60-thread-1] INFO  server.RaftServerConfigKeys (ConfUtils.java:logGet(43)) - raft.server.log.statemachine.data.sync = true (default)
2019-09-19 14:44:05,091 [pool-60-thread-1] INFO  server.RaftServerConfigKeys (ConfUtils.java:logGet(43)) - raft.server.log.statemachine.data.sync.timeout = 10s (default)
2019-09-19 14:44:05,091 [pool-60-thread-1] INFO  server.RaftServerConfigKeys (ConfUtils.java:logGet(43)) - raft.server.log.statemachine.data.sync.timeout.retry = -1 (default)
2019-09-19 14:44:05,091 [pool-60-thread-1] INFO  server.RaftServerConfigKeys (ConfUtils.java:logGet(43)) - raft.server.log.statemachine.data.caching.enabled = true (custom)
2019-09-19 14:44:05,092 [pool-60-thread-1] INFO  segmented.SegmentedRaftLogWorker (SegmentedRaftLogWorker.java:lambda$new$0(132)) - 04a15483-b111-42a3-8ff7-e193b3ee6246-SegmentedRaftLogWorker:Storage Directory /workdir/hadoop-ozone/tools/target/test-dir/MiniOzoneClusterImpl-c4d6e72d-f941-4a97-88b8-a79e0d5dc19a/datanode-3/data/ratis/196d6233-b889-4944-8ec9-fe2035e1fb89: flushIndex: setUnconditionally 0 -> -1
2019-09-19 14:44:05,092 [pool-60-thread-1] INFO  server.RaftServerConfigKeys (ConfUtils.java:logGet(43)) - raft.server.snapshot.auto.trigger.enabled = true (custom)
2019-09-19 14:44:05,092 [pool-60-thread-1] INFO  server.RaftServerConfigKeys (ConfUtils.java:logGet(43)) - raft.server.snapshot.auto.trigger.threshold = 10000 (custom)
2019-09-19 14:44:05,093 [pool-60-thread-1] INFO  server.RaftServerConfigKeys (ConfUtils.java:logGet(43)) - raft.server.retrycache.expirytime = 600000ms (custom)
2019-09-19 14:44:05,093 [pool-60-thread-1] INFO  impl.RaftServerImpl (RaftServerImpl.java:start(180)) - 04a15483-b111-42a3-8ff7-e193b3ee6246: start group-FE2035E1FB89
2019-09-19 14:44:05,093 [pool-60-thread-1] INFO  impl.RaftServerImpl (RaftServerImpl.java:setRole(171)) - 04a15483-b111-42a3-8ff7-e193b3ee6246:group-FE2035E1FB89 changes role from null to FOLLOWER at term 0 for startAsFollower
2019-09-19 14:44:05,093 [pool-60-thread-1] INFO  impl.RoleInfo (RoleInfo.java:updateAndGet(143)) - 04a15483-b111-42a3-8ff7-e193b3ee6246: start FollowerState
2019-09-19 14:44:05,094 | INFO  | OMAudit | user=jenkins1000 | ip=127.0.0.1 | op=CREATE_BUCKET {volume=vol-0-47100, bucket=bucket-0-81491, acls=[user:jenkins1000:a[ACCESS], group:default:a[ACCESS]], isVersionEnabled=false, storageType=DISK, creationTime=0} | ret=SUCCESS |  
2019-09-19 14:44:05,094 [pool-60-thread-1] INFO  util.JmxRegister (JmxRegister.java:tryRegister(44)) - Successfully registered JMX Bean with object name Ratis:service=RaftServer,group=group-FE2035E1FB89,id=04a15483-b111-42a3-8ff7-e193b3ee6246
2019-09-19 14:44:05,109 [RatisPipelineUtilsThread] INFO  pipeline.PipelineStateManager (PipelineStateManager.java:addPipeline(56)) - Created pipeline Pipeline[ Id: 196d6233-b889-4944-8ec9-fe2035e1fb89, Nodes: 04a15483-b111-42a3-8ff7-e193b3ee6246{ip: 192.168.5.132, host: pr-hdds-1569-rzdr8-3403194166, networkLocation: /default-rack, certSerialId: null}, Type:RATIS, Factor:ONE, State:OPEN]
2019-09-19 14:44:05,111 | INFO  | OMAudit | user=jenkins1000 | ip=127.0.0.1 | op=READ_BUCKET {volume=vol-0-47100, bucket=bucket-0-81491} | ret=SUCCESS |  
2019-09-19 14:44:05,130 [grpc-default-executor-0] INFO  impl.RaftServerProxy (RaftServerProxy.java:addNew(89)) - 94ffd37a-7fba-4e2b-aec6-167a5be5db83: addNew group-D37A68B485E4:[94ffd37a-7fba-4e2b-aec6-167a5be5db83:192.168.5.132:38290] returns group-D37A68B485E4:java.util.concurrent.CompletableFuture@44db5e96[Not completed]
2019-09-19 14:44:05,132 [pool-27-thread-1] INFO  impl.RaftServerImpl (RaftServerImpl.java:<init>(93)) - 94ffd37a-7fba-4e2b-aec6-167a5be5db83: new RaftServerImpl for group-D37A68B485E4:[94ffd37a-7fba-4e2b-aec6-167a5be5db83:192.168.5.132:38290] with ContainerStateMachine:uninitialized
2019-09-19 14:44:05,132 [pool-27-thread-1] INFO  server.RaftServerConfigKeys (ConfUtils.java:logGet(43)) - raft.server.rpc.timeout.min = 5s (custom)
2019-09-19 14:44:05,132 [pool-27-thread-1] INFO  server.RaftServerConfigKeys (ConfUtils.java:logGet(43)) - raft.server.rpc.timeout.max = 5200ms (custom)
2019-09-19 14:44:05,133 [pool-27-thread-1] INFO  server.RaftServerConfigKeys (ConfUtils.java:logGet(43)) - raft.server.rpcslowness.timeout = 120s (custom)
2019-09-19 14:44:05,133 [pool-27-thread-1] INFO  server.RaftServerConfigKeys (ConfUtils.java:logGet(43)) - raft.server.sleep.deviation.threshold = 300 (default)
2019-09-19 14:44:05,133 [pool-27-thread-1] INFO  server.RaftServerConfigKeys (ConfUtils.java:logGet(43)) - raft.server.log.appender.install.snapshot.enabled = false (custom)
2019-09-19 14:44:05,133 [pool-27-thread-1] INFO  impl.RaftServerImpl (ServerState.java:<init>(105)) - 94ffd37a-7fba-4e2b-aec6-167a5be5db83:group-D37A68B485E4 ConfigurationManager, init=-1: [94ffd37a-7fba-4e2b-aec6-167a5be5db83:192.168.5.132:38290], old=null, confs=<EMPTY_MAP>
2019-09-19 14:44:05,133 [pool-27-thread-1] INFO  server.RaftServerConfigKeys (ConfUtils.java:logGet(43)) - raft.server.storage.dir = [/workdir/hadoop-ozone/tools/target/test-dir/MiniOzoneClusterImpl-c4d6e72d-f941-4a97-88b8-a79e0d5dc19a/datanode-0/data/ratis] (custom)
2019-09-19 14:44:05,134 [pool-27-thread-1] INFO  storage.RaftStorageDirectory (RaftStorageDirectory.java:analyzeStorage(246)) - The storage directory /workdir/hadoop-ozone/tools/target/test-dir/MiniOzoneClusterImpl-c4d6e72d-f941-4a97-88b8-a79e0d5dc19a/datanode-0/data/ratis/12bc3cca-3b75-44ef-81c2-d37a68b485e4 does not exist. Creating ...
2019-09-19 14:44:05,162 [pool-27-thread-1] INFO  storage.RaftStorageDirectory (RaftStorageDirectory.java:tryLock(328)) - Lock on /workdir/hadoop-ozone/tools/target/test-dir/MiniOzoneClusterImpl-c4d6e72d-f941-4a97-88b8-a79e0d5dc19a/datanode-0/data/ratis/12bc3cca-3b75-44ef-81c2-d37a68b485e4/in_use.lock acquired by nodename 2755@pr-hdds-1569-rzdr8-3403194166
2019-09-19 14:44:05,188 [pool-27-thread-1] INFO  storage.RaftStorage (RaftStorage.java:format(72)) - Storage directory /workdir/hadoop-ozone/tools/target/test-dir/MiniOzoneClusterImpl-c4d6e72d-f941-4a97-88b8-a79e0d5dc19a/datanode-0/data/ratis/12bc3cca-3b75-44ef-81c2-d37a68b485e4 has been successfully formatted.
2019-09-19 14:44:05,188 [pool-27-thread-1] INFO  ratis.ContainerStateMachine (ContainerStateMachine.java:loadSnapshot(226)) - group-D37A68B485E4: The snapshot info is null. Setting the last applied indexto:(t:0, i:~)
2019-09-19 14:44:05,189 [pool-27-thread-1] INFO  server.RaftServerConfigKeys (ConfUtils.java:logGet(43)) - raft.server.leader.election.timeout = 120s (custom)
2019-09-19 14:44:05,189 [pool-27-thread-1] INFO  server.RaftServerConfigKeys (ConfUtils.java:logGet(43)) - raft.server.log.use.memory = false (default)
2019-09-19 14:44:05,189 [pool-27-thread-1] INFO  server.RaftServerConfigKeys (ConfUtils.java:logGet(43)) - raft.server.log.purge.gap = 1000000 (custom)
2019-09-19 14:44:05,189 [pool-27-thread-1] INFO  server.RaftServerConfigKeys (ConfUtils.java:logGet(43)) - raft.server.log.appender.buffer.byte-limit = 33554432 (custom)
2019-09-19 14:44:05,189 [pool-27-thread-1] INFO  server.RaftServerConfigKeys (ConfUtils.java:logGet(43)) - raft.server.log.segment.size.max = 1048576 (custom)
2019-09-19 14:44:05,190 [pool-27-thread-1] INFO  server.RaftServerConfigKeys (ConfUtils.java:logGet(43)) - raft.server.log.segment.cache.num.max = 2 (custom)
2019-09-19 14:44:05,190 [pool-27-thread-1] INFO  segmented.SegmentedRaftLogWorker (SegmentedRaftLogWorker.java:<init>(172)) - new 94ffd37a-7fba-4e2b-aec6-167a5be5db83-SegmentedRaftLogWorker:Storage Directory /workdir/hadoop-ozone/tools/target/test-dir/MiniOzoneClusterImpl-c4d6e72d-f941-4a97-88b8-a79e0d5dc19a/datanode-0/data/ratis/12bc3cca-3b75-44ef-81c2-d37a68b485e4 for RaftStorage:Storage Directory /workdir/hadoop-ozone/tools/target/test-dir/MiniOzoneClusterImpl-c4d6e72d-f941-4a97-88b8-a79e0d5dc19a/datanode-0/data/ratis/12bc3cca-3b75-44ef-81c2-d37a68b485e4
2019-09-19 14:44:05,190 [pool-27-thread-1] INFO  server.RaftServerConfigKeys (ConfUtils.java:logGet(43)) - raft.server.log.queue.byte-limit = 2147483647 (custom)
2019-09-19 14:44:05,190 [pool-27-thread-1] INFO  server.RaftServerConfigKeys (ConfUtils.java:logGet(43)) - raft.server.log.queue.element-limit = 1024 (custom)
2019-09-19 14:44:05,190 [pool-27-thread-1] INFO  server.RaftServerConfigKeys (ConfUtils.java:logGet(43)) - raft.server.log.segment.size.max = 1048576 (custom)
2019-09-19 14:44:05,190 [pool-27-thread-1] INFO  server.RaftServerConfigKeys (ConfUtils.java:logGet(43)) - raft.server.log.preallocated.size = 16384 (custom)
2019-09-19 14:44:05,190 [pool-27-thread-1] INFO  server.RaftServerConfigKeys (ConfUtils.java:logGet(43)) - raft.server.log.write.buffer.size = 33554432 (custom)
2019-09-19 14:44:05,191 [pool-27-thread-1] INFO  server.RaftServerConfigKeys (ConfUtils.java:logGet(43)) - raft.server.log.force.sync.num = 128 (default)
2019-09-19 14:44:05,191 [pool-27-thread-1] INFO  server.RaftServerConfigKeys (ConfUtils.java:logGet(43)) - raft.server.log.statemachine.data.sync = true (default)
2019-09-19 14:44:05,191 [pool-27-thread-1] INFO  server.RaftServerConfigKeys (ConfUtils.java:logGet(43)) - raft.server.log.statemachine.data.sync.timeout = 10s (default)
2019-09-19 14:44:05,191 [pool-27-thread-1] INFO  server.RaftServerConfigKeys (ConfUtils.java:logGet(43)) - raft.server.log.statemachine.data.sync.timeout.retry = -1 (default)
2019-09-19 14:44:05,191 [pool-27-thread-1] INFO  server.RaftServerConfigKeys (ConfUtils.java:logGet(43)) - raft.server.log.statemachine.data.caching.enabled = true (custom)
2019-09-19 14:44:05,192 [pool-27-thread-1] INFO  segmented.SegmentedRaftLogWorker (SegmentedRaftLogWorker.java:lambda$new$0(132)) - 94ffd37a-7fba-4e2b-aec6-167a5be5db83-SegmentedRaftLogWorker:Storage Directory /workdir/hadoop-ozone/tools/target/test-dir/MiniOzoneClusterImpl-c4d6e72d-f941-4a97-88b8-a79e0d5dc19a/datanode-0/data/ratis/12bc3cca-3b75-44ef-81c2-d37a68b485e4: flushIndex: setUnconditionally 0 -> -1
2019-09-19 14:44:05,192 [pool-27-thread-1] INFO  server.RaftServerConfigKeys (ConfUtils.java:logGet(43)) - raft.server.snapshot.auto.trigger.enabled = true (custom)
2019-09-19 14:44:05,192 [pool-27-thread-1] INFO  server.RaftServerConfigKeys (ConfUtils.java:logGet(43)) - raft.server.snapshot.auto.trigger.threshold = 10000 (custom)
2019-09-19 14:44:05,193 [pool-27-thread-1] INFO  server.RaftServerConfigKeys (ConfUtils.java:logGet(43)) - raft.server.retrycache.expirytime = 600000ms (custom)
2019-09-19 14:44:05,193 [pool-27-thread-1] INFO  impl.RaftServerImpl (RaftServerImpl.java:start(180)) - 94ffd37a-7fba-4e2b-aec6-167a5be5db83: start group-D37A68B485E4
2019-09-19 14:44:05,193 [pool-27-thread-1] INFO  impl.RaftServerImpl (RaftServerImpl.java:setRole(171)) - 94ffd37a-7fba-4e2b-aec6-167a5be5db83:group-D37A68B485E4 changes role from null to FOLLOWER at term 0 for startAsFollower
2019-09-19 14:44:05,193 [pool-27-thread-1] INFO  impl.RoleInfo (RoleInfo.java:updateAndGet(143)) - 94ffd37a-7fba-4e2b-aec6-167a5be5db83: start FollowerState
2019-09-19 14:44:05,193 [pool-27-thread-1] INFO  util.JmxRegister (JmxRegister.java:tryRegister(44)) - Successfully registered JMX Bean with object name Ratis:service=RaftServer,group=group-D37A68B485E4,id=94ffd37a-7fba-4e2b-aec6-167a5be5db83
2019-09-19 14:44:05,215 [RatisPipelineUtilsThread] INFO  pipeline.PipelineStateManager (PipelineStateManager.java:addPipeline(56)) - Created pipeline Pipeline[ Id: 12bc3cca-3b75-44ef-81c2-d37a68b485e4, Nodes: 94ffd37a-7fba-4e2b-aec6-167a5be5db83{ip: 192.168.5.132, host: pr-hdds-1569-rzdr8-3403194166, networkLocation: /default-rack, certSerialId: null}, Type:RATIS, Factor:ONE, State:OPEN]
2019-09-19 14:44:05,230 [grpc-default-executor-1] INFO  impl.RaftServerProxy (RaftServerProxy.java:addNew(89)) - 550ad0a3-b6ae-44bc-a70a-b51f5a4003f3: addNew group-BC729D5EB1F2:[550ad0a3-b6ae-44bc-a70a-b51f5a4003f3:192.168.5.132:46067] returns group-BC729D5EB1F2:java.util.concurrent.CompletableFuture@2505ca1f[Not completed]
2019-09-19 14:44:05,231 [pool-49-thread-1] INFO  impl.RaftServerImpl (RaftServerImpl.java:<init>(93)) - 550ad0a3-b6ae-44bc-a70a-b51f5a4003f3: new RaftServerImpl for group-BC729D5EB1F2:[550ad0a3-b6ae-44bc-a70a-b51f5a4003f3:192.168.5.132:46067] with ContainerStateMachine:uninitialized
2019-09-19 14:44:05,232 [pool-49-thread-1] INFO  server.RaftServerConfigKeys (ConfUtils.java:logGet(43)) - raft.server.rpc.timeout.min = 5s (custom)
2019-09-19 14:44:05,232 [pool-49-thread-1] INFO  server.RaftServerConfigKeys (ConfUtils.java:logGet(43)) - raft.server.rpc.timeout.max = 5200ms (custom)
2019-09-19 14:44:05,232 [pool-49-thread-1] INFO  server.RaftServerConfigKeys (ConfUtils.java:logGet(43)) - raft.server.rpcslowness.timeout = 120s (custom)
2019-09-19 14:44:05,232 [pool-49-thread-1] INFO  server.RaftServerConfigKeys (ConfUtils.java:logGet(43)) - raft.server.sleep.deviation.threshold = 300 (default)
2019-09-19 14:44:05,232 [pool-49-thread-1] INFO  server.RaftServerConfigKeys (ConfUtils.java:logGet(43)) - raft.server.log.appender.install.snapshot.enabled = false (custom)
2019-09-19 14:44:05,233 [pool-49-thread-1] INFO  impl.RaftServerImpl (ServerState.java:<init>(105)) - 550ad0a3-b6ae-44bc-a70a-b51f5a4003f3:group-BC729D5EB1F2 ConfigurationManager, init=-1: [550ad0a3-b6ae-44bc-a70a-b51f5a4003f3:192.168.5.132:46067], old=null, confs=<EMPTY_MAP>
2019-09-19 14:44:05,233 [pool-49-thread-1] INFO  server.RaftServerConfigKeys (ConfUtils.java:logGet(43)) - raft.server.storage.dir = [/workdir/hadoop-ozone/tools/target/test-dir/MiniOzoneClusterImpl-c4d6e72d-f941-4a97-88b8-a79e0d5dc19a/datanode-2/data/ratis] (custom)
2019-09-19 14:44:05,233 [pool-49-thread-1] INFO  storage.RaftStorageDirectory (RaftStorageDirectory.java:analyzeStorage(246)) - The storage directory /workdir/hadoop-ozone/tools/target/test-dir/MiniOzoneClusterImpl-c4d6e72d-f941-4a97-88b8-a79e0d5dc19a/datanode-2/data/ratis/76c82dc7-6478-43ce-bbfc-bc729d5eb1f2 does not exist. Creating ...
2019-09-19 14:44:05,255 [pool-49-thread-1] INFO  storage.RaftStorageDirectory (RaftStorageDirectory.java:tryLock(328)) - Lock on /workdir/hadoop-ozone/tools/target/test-dir/MiniOzoneClusterImpl-c4d6e72d-f941-4a97-88b8-a79e0d5dc19a/datanode-2/data/ratis/76c82dc7-6478-43ce-bbfc-bc729d5eb1f2/in_use.lock acquired by nodename 2755@pr-hdds-1569-rzdr8-3403194166
2019-09-19 14:44:05,280 [pool-49-thread-1] INFO  storage.RaftStorage (RaftStorage.java:format(72)) - Storage directory /workdir/hadoop-ozone/tools/target/test-dir/MiniOzoneClusterImpl-c4d6e72d-f941-4a97-88b8-a79e0d5dc19a/datanode-2/data/ratis/76c82dc7-6478-43ce-bbfc-bc729d5eb1f2 has been successfully formatted.
2019-09-19 14:44:05,281 [pool-49-thread-1] INFO  ratis.ContainerStateMachine (ContainerStateMachine.java:loadSnapshot(226)) - group-BC729D5EB1F2: The snapshot info is null. Setting the last applied indexto:(t:0, i:~)
2019-09-19 14:44:05,281 [pool-49-thread-1] INFO  server.RaftServerConfigKeys (ConfUtils.java:logGet(43)) - raft.server.leader.election.timeout = 120s (custom)
2019-09-19 14:44:05,281 [pool-49-thread-1] INFO  server.RaftServerConfigKeys (ConfUtils.java:logGet(43)) - raft.server.log.use.memory = false (default)
2019-09-19 14:44:05,281 [pool-49-thread-1] INFO  server.RaftServerConfigKeys (ConfUtils.java:logGet(43)) - raft.server.log.purge.gap = 1000000 (custom)
2019-09-19 14:44:05,281 [pool-49-thread-1] INFO  server.RaftServerConfigKeys (ConfUtils.java:logGet(43)) - raft.server.log.appender.buffer.byte-limit = 33554432 (custom)
2019-09-19 14:44:05,281 [pool-49-thread-1] INFO  server.RaftServerConfigKeys (ConfUtils.java:logGet(43)) - raft.server.log.segment.size.max = 1048576 (custom)
2019-09-19 14:44:05,282 [pool-49-thread-1] INFO  server.RaftServerConfigKeys (ConfUtils.java:logGet(43)) - raft.server.log.segment.cache.num.max = 2 (custom)
2019-09-19 14:44:05,282 [pool-49-thread-1] INFO  segmented.SegmentedRaftLogWorker (SegmentedRaftLogWorker.java:<init>(172)) - new 550ad0a3-b6ae-44bc-a70a-b51f5a4003f3-SegmentedRaftLogWorker:Storage Directory /workdir/hadoop-ozone/tools/target/test-dir/MiniOzoneClusterImpl-c4d6e72d-f941-4a97-88b8-a79e0d5dc19a/datanode-2/data/ratis/76c82dc7-6478-43ce-bbfc-bc729d5eb1f2 for RaftStorage:Storage Directory /workdir/hadoop-ozone/tools/target/test-dir/MiniOzoneClusterImpl-c4d6e72d-f941-4a97-88b8-a79e0d5dc19a/datanode-2/data/ratis/76c82dc7-6478-43ce-bbfc-bc729d5eb1f2
2019-09-19 14:44:05,282 [pool-49-thread-1] INFO  server.RaftServerConfigKeys (ConfUtils.java:logGet(43)) - raft.server.log.queue.byte-limit = 2147483647 (custom)
2019-09-19 14:44:05,282 [pool-49-thread-1] INFO  server.RaftServerConfigKeys (ConfUtils.java:logGet(43)) - raft.server.log.queue.element-limit = 1024 (custom)
2019-09-19 14:44:05,282 [pool-49-thread-1] INFO  server.RaftServerConfigKeys (ConfUtils.java:logGet(43)) - raft.server.log.segment.size.max = 1048576 (custom)
2019-09-19 14:44:05,282 [pool-49-thread-1] INFO  server.RaftServerConfigKeys (ConfUtils.java:logGet(43)) - raft.server.log.preallocated.size = 16384 (custom)
2019-09-19 14:44:05,283 [pool-49-thread-1] INFO  server.RaftServerConfigKeys (ConfUtils.java:logGet(43)) - raft.server.log.write.buffer.size = 33554432 (custom)
2019-09-19 14:44:05,283 [pool-49-thread-1] INFO  server.RaftServerConfigKeys (ConfUtils.java:logGet(43)) - raft.server.log.force.sync.num = 128 (default)
2019-09-19 14:44:05,283 [pool-49-thread-1] INFO  server.RaftServerConfigKeys (ConfUtils.java:logGet(43)) - raft.server.log.statemachine.data.sync = true (default)
2019-09-19 14:44:05,283 [pool-49-thread-1] INFO  server.RaftServerConfigKeys (ConfUtils.java:logGet(43)) - raft.server.log.statemachine.data.sync.timeout = 10s (default)
2019-09-19 14:44:05,283 [pool-49-thread-1] INFO  server.RaftServerConfigKeys (ConfUtils.java:logGet(43)) - raft.server.log.statemachine.data.sync.timeout.retry = -1 (default)
2019-09-19 14:44:05,283 [pool-49-thread-1] INFO  server.RaftServerConfigKeys (ConfUtils.java:logGet(43)) - raft.server.log.statemachine.data.caching.enabled = true (custom)
2019-09-19 14:44:05,284 [pool-49-thread-1] INFO  segmented.SegmentedRaftLogWorker (SegmentedRaftLogWorker.java:lambda$new$0(132)) - 550ad0a3-b6ae-44bc-a70a-b51f5a4003f3-SegmentedRaftLogWorker:Storage Directory /workdir/hadoop-ozone/tools/target/test-dir/MiniOzoneClusterImpl-c4d6e72d-f941-4a97-88b8-a79e0d5dc19a/datanode-2/data/ratis/76c82dc7-6478-43ce-bbfc-bc729d5eb1f2: flushIndex: setUnconditionally 0 -> -1
2019-09-19 14:44:05,284 [pool-49-thread-1] INFO  server.RaftServerConfigKeys (ConfUtils.java:logGet(43)) - raft.server.snapshot.auto.trigger.enabled = true (custom)
2019-09-19 14:44:05,284 [pool-49-thread-1] INFO  server.RaftServerConfigKeys (ConfUtils.java:logGet(43)) - raft.server.snapshot.auto.trigger.threshold = 10000 (custom)
2019-09-19 14:44:05,285 [pool-49-thread-1] INFO  server.RaftServerConfigKeys (ConfUtils.java:logGet(43)) - raft.server.retrycache.expirytime = 600000ms (custom)
2019-09-19 14:44:05,285 [pool-49-thread-1] INFO  impl.RaftServerImpl (RaftServerImpl.java:start(180)) - 550ad0a3-b6ae-44bc-a70a-b51f5a4003f3: start group-BC729D5EB1F2
2019-09-19 14:44:05,285 [pool-49-thread-1] INFO  impl.RaftServerImpl (RaftServerImpl.java:setRole(171)) - 550ad0a3-b6ae-44bc-a70a-b51f5a4003f3:group-BC729D5EB1F2 changes role from null to FOLLOWER at term 0 for startAsFollower
2019-09-19 14:44:05,285 [pool-49-thread-1] INFO  impl.RoleInfo (RoleInfo.java:updateAndGet(143)) - 550ad0a3-b6ae-44bc-a70a-b51f5a4003f3: start FollowerState
2019-09-19 14:44:05,286 [pool-49-thread-1] INFO  util.JmxRegister (JmxRegister.java:tryRegister(44)) - Successfully registered JMX Bean with object name Ratis:service=RaftServer,group=group-BC729D5EB1F2,id=550ad0a3-b6ae-44bc-a70a-b51f5a4003f3
2019-09-19 14:44:05,300 [RatisPipelineUtilsThread] INFO  pipeline.PipelineStateManager (PipelineStateManager.java:addPipeline(56)) - Created pipeline Pipeline[ Id: 76c82dc7-6478-43ce-bbfc-bc729d5eb1f2, Nodes: 550ad0a3-b6ae-44bc-a70a-b51f5a4003f3{ip: 192.168.5.132, host: pr-hdds-1569-rzdr8-3403194166, networkLocation: /default-rack, certSerialId: null}, Type:RATIS, Factor:ONE, State:OPEN]
2019-09-19 14:44:05,316 [grpc-default-executor-1] INFO  impl.RaftServerProxy (RaftServerProxy.java:addNew(89)) - 550ad0a3-b6ae-44bc-a70a-b51f5a4003f3: addNew group-3D2FA0010F85:[550ad0a3-b6ae-44bc-a70a-b51f5a4003f3:192.168.5.132:46067] returns group-3D2FA0010F85:java.util.concurrent.CompletableFuture@2ffda16f[Not completed]
2019-09-19 14:44:05,318 [pool-49-thread-1] INFO  impl.RaftServerImpl (RaftServerImpl.java:<init>(93)) - 550ad0a3-b6ae-44bc-a70a-b51f5a4003f3: new RaftServerImpl for group-3D2FA0010F85:[550ad0a3-b6ae-44bc-a70a-b51f5a4003f3:192.168.5.132:46067] with ContainerStateMachine:uninitialized
2019-09-19 14:44:05,319 [pool-49-thread-1] INFO  server.RaftServerConfigKeys (ConfUtils.java:logGet(43)) - raft.server.rpc.timeout.min = 5s (custom)
2019-09-19 14:44:05,319 [pool-49-thread-1] INFO  server.RaftServerConfigKeys (ConfUtils.java:logGet(43)) - raft.server.rpc.timeout.max = 5200ms (custom)
2019-09-19 14:44:05,319 [pool-49-thread-1] INFO  server.RaftServerConfigKeys (ConfUtils.java:logGet(43)) - raft.server.rpcslowness.timeout = 120s (custom)
2019-09-19 14:44:05,319 [pool-49-thread-1] INFO  server.RaftServerConfigKeys (ConfUtils.java:logGet(43)) - raft.server.sleep.deviation.threshold = 300 (default)
2019-09-19 14:44:05,319 [pool-49-thread-1] INFO  server.RaftServerConfigKeys (ConfUtils.java:logGet(43)) - raft.server.log.appender.install.snapshot.enabled = false (custom)
2019-09-19 14:44:05,319 [pool-49-thread-1] INFO  impl.RaftServerImpl (ServerState.java:<init>(105)) - 550ad0a3-b6ae-44bc-a70a-b51f5a4003f3:group-3D2FA0010F85 ConfigurationManager, init=-1: [550ad0a3-b6ae-44bc-a70a-b51f5a4003f3:192.168.5.132:46067], old=null, confs=<EMPTY_MAP>
2019-09-19 14:44:05,320 [pool-49-thread-1] INFO  server.RaftServerConfigKeys (ConfUtils.java:logGet(43)) - raft.server.storage.dir = [/workdir/hadoop-ozone/tools/target/test-dir/MiniOzoneClusterImpl-c4d6e72d-f941-4a97-88b8-a79e0d5dc19a/datanode-2/data/ratis] (custom)
2019-09-19 14:44:05,320 [pool-49-thread-1] INFO  storage.RaftStorageDirectory (RaftStorageDirectory.java:analyzeStorage(246)) - The storage directory /workdir/hadoop-ozone/tools/target/test-dir/MiniOzoneClusterImpl-c4d6e72d-f941-4a97-88b8-a79e0d5dc19a/datanode-2/data/ratis/fc0867b3-4e47-4908-8afb-3d2fa0010f85 does not exist. Creating ...
2019-09-19 14:44:05,347 [pool-49-thread-1] INFO  storage.RaftStorageDirectory (RaftStorageDirectory.java:tryLock(328)) - Lock on /workdir/hadoop-ozone/tools/target/test-dir/MiniOzoneClusterImpl-c4d6e72d-f941-4a97-88b8-a79e0d5dc19a/datanode-2/data/ratis/fc0867b3-4e47-4908-8afb-3d2fa0010f85/in_use.lock acquired by nodename 2755@pr-hdds-1569-rzdr8-3403194166
2019-09-19 14:44:05,368 | INFO  | SCMAudit | user=jenkins1000 | ip=192.168.5.132 | op=SEND_HEARTBEAT {datanodeUUID=94ffd37a-7fba-4e2b-aec6-167a5be5db83, command=[]} | ret=SUCCESS |  
2019-09-19 14:44:05,423 [pool-49-thread-1] INFO  storage.RaftStorage (RaftStorage.java:format(72)) - Storage directory /workdir/hadoop-ozone/tools/target/test-dir/MiniOzoneClusterImpl-c4d6e72d-f941-4a97-88b8-a79e0d5dc19a/datanode-2/data/ratis/fc0867b3-4e47-4908-8afb-3d2fa0010f85 has been successfully formatted.
2019-09-19 14:44:05,423 [pool-49-thread-1] INFO  ratis.ContainerStateMachine (ContainerStateMachine.java:loadSnapshot(226)) - group-3D2FA0010F85: The snapshot info is null. Setting the last applied indexto:(t:0, i:~)
2019-09-19 14:44:05,424 [pool-49-thread-1] INFO  server.RaftServerConfigKeys (ConfUtils.java:logGet(43)) - raft.server.leader.election.timeout = 120s (custom)
2019-09-19 14:44:05,424 [pool-49-thread-1] INFO  server.RaftServerConfigKeys (ConfUtils.java:logGet(43)) - raft.server.log.use.memory = false (default)
2019-09-19 14:44:05,424 [pool-49-thread-1] INFO  server.RaftServerConfigKeys (ConfUtils.java:logGet(43)) - raft.server.log.purge.gap = 1000000 (custom)
2019-09-19 14:44:05,424 [pool-49-thread-1] INFO  server.RaftServerConfigKeys (ConfUtils.java:logGet(43)) - raft.server.log.appender.buffer.byte-limit = 33554432 (custom)
2019-09-19 14:44:05,425 [pool-49-thread-1] INFO  server.RaftServerConfigKeys (ConfUtils.java:logGet(43)) - raft.server.log.segment.size.max = 1048576 (custom)
2019-09-19 14:44:05,425 [pool-49-thread-1] INFO  server.RaftServerConfigKeys (ConfUtils.java:logGet(43)) - raft.server.log.segment.cache.num.max = 2 (custom)
2019-09-19 14:44:05,425 [pool-49-thread-1] INFO  segmented.SegmentedRaftLogWorker (SegmentedRaftLogWorker.java:<init>(172)) - new 550ad0a3-b6ae-44bc-a70a-b51f5a4003f3-SegmentedRaftLogWorker:Storage Directory /workdir/hadoop-ozone/tools/target/test-dir/MiniOzoneClusterImpl-c4d6e72d-f941-4a97-88b8-a79e0d5dc19a/datanode-2/data/ratis/fc0867b3-4e47-4908-8afb-3d2fa0010f85 for RaftStorage:Storage Directory /workdir/hadoop-ozone/tools/target/test-dir/MiniOzoneClusterImpl-c4d6e72d-f941-4a97-88b8-a79e0d5dc19a/datanode-2/data/ratis/fc0867b3-4e47-4908-8afb-3d2fa0010f85
2019-09-19 14:44:05,425 [pool-49-thread-1] INFO  server.RaftServerConfigKeys (ConfUtils.java:logGet(43)) - raft.server.log.queue.byte-limit = 2147483647 (custom)
2019-09-19 14:44:05,425 [pool-49-thread-1] INFO  server.RaftServerConfigKeys (ConfUtils.java:logGet(43)) - raft.server.log.queue.element-limit = 1024 (custom)
2019-09-19 14:44:05,426 [pool-49-thread-1] INFO  server.RaftServerConfigKeys (ConfUtils.java:logGet(43)) - raft.server.log.segment.size.max = 1048576 (custom)
2019-09-19 14:44:05,426 [pool-49-thread-1] INFO  server.RaftServerConfigKeys (ConfUtils.java:logGet(43)) - raft.server.log.preallocated.size = 16384 (custom)
2019-09-19 14:44:05,426 [pool-49-thread-1] INFO  server.RaftServerConfigKeys (ConfUtils.java:logGet(43)) - raft.server.log.write.buffer.size = 33554432 (custom)
2019-09-19 14:44:05,426 [pool-49-thread-1] INFO  server.RaftServerConfigKeys (ConfUtils.java:logGet(43)) - raft.server.log.force.sync.num = 128 (default)
2019-09-19 14:44:05,426 [pool-49-thread-1] INFO  server.RaftServerConfigKeys (ConfUtils.java:logGet(43)) - raft.server.log.statemachine.data.sync = true (default)
2019-09-19 14:44:05,427 [pool-49-thread-1] INFO  server.RaftServerConfigKeys (ConfUtils.java:logGet(43)) - raft.server.log.statemachine.data.sync.timeout = 10s (default)
2019-09-19 14:44:05,427 [pool-49-thread-1] INFO  server.RaftServerConfigKeys (ConfUtils.java:logGet(43)) - raft.server.log.statemachine.data.sync.timeout.retry = -1 (default)
2019-09-19 14:44:05,427 [pool-49-thread-1] INFO  server.RaftServerConfigKeys (ConfUtils.java:logGet(43)) - raft.server.log.statemachine.data.caching.enabled = true (custom)
2019-09-19 14:44:05,427 [pool-49-thread-1] INFO  segmented.SegmentedRaftLogWorker (SegmentedRaftLogWorker.java:lambda$new$0(132)) - 550ad0a3-b6ae-44bc-a70a-b51f5a4003f3-SegmentedRaftLogWorker:Storage Directory /workdir/hadoop-ozone/tools/target/test-dir/MiniOzoneClusterImpl-c4d6e72d-f941-4a97-88b8-a79e0d5dc19a/datanode-2/data/ratis/fc0867b3-4e47-4908-8afb-3d2fa0010f85: flushIndex: setUnconditionally 0 -> -1
2019-09-19 14:44:05,428 [pool-49-thread-1] INFO  server.RaftServerConfigKeys (ConfUtils.java:logGet(43)) - raft.server.snapshot.auto.trigger.enabled = true (custom)
2019-09-19 14:44:05,428 [pool-49-thread-1] INFO  server.RaftServerConfigKeys (ConfUtils.java:logGet(43)) - raft.server.snapshot.auto.trigger.threshold = 10000 (custom)
2019-09-19 14:44:05,428 [pool-49-thread-1] INFO  server.RaftServerConfigKeys (ConfUtils.java:logGet(43)) - raft.server.retrycache.expirytime = 600000ms (custom)
2019-09-19 14:44:05,429 [pool-49-thread-1] INFO  impl.RaftServerImpl (RaftServerImpl.java:start(180)) - 550ad0a3-b6ae-44bc-a70a-b51f5a4003f3: start group-3D2FA0010F85
2019-09-19 14:44:05,429 [pool-49-thread-1] INFO  impl.RaftServerImpl (RaftServerImpl.java:setRole(171)) - 550ad0a3-b6ae-44bc-a70a-b51f5a4003f3:group-3D2FA0010F85 changes role from null to FOLLOWER at term 0 for startAsFollower
2019-09-19 14:44:05,429 [pool-49-thread-1] INFO  impl.RoleInfo (RoleInfo.java:updateAndGet(143)) - 550ad0a3-b6ae-44bc-a70a-b51f5a4003f3: start FollowerState
2019-09-19 14:44:05,430 [pool-49-thread-1] INFO  util.JmxRegister (JmxRegister.java:tryRegister(44)) - Successfully registered JMX Bean with object name Ratis:service=RaftServer,group=group-3D2FA0010F85,id=550ad0a3-b6ae-44bc-a70a-b51f5a4003f3
2019-09-19 14:44:05,442 [RatisPipelineUtilsThread] INFO  pipeline.PipelineStateManager (PipelineStateManager.java:addPipeline(56)) - Created pipeline Pipeline[ Id: fc0867b3-4e47-4908-8afb-3d2fa0010f85, Nodes: 550ad0a3-b6ae-44bc-a70a-b51f5a4003f3{ip: 192.168.5.132, host: pr-hdds-1569-rzdr8-3403194166, networkLocation: /default-rack, certSerialId: null}, Type:RATIS, Factor:ONE, State:OPEN]
2019-09-19 14:44:05,456 [grpc-default-executor-1] INFO  impl.RaftServerProxy (RaftServerProxy.java:addNew(89)) - 94ffd37a-7fba-4e2b-aec6-167a5be5db83: addNew group-5D6ECFDDE5AC:[94ffd37a-7fba-4e2b-aec6-167a5be5db83:192.168.5.132:38290] returns group-5D6ECFDDE5AC:java.util.concurrent.CompletableFuture@61a14086[Not completed]
2019-09-19 14:44:05,458 [pool-27-thread-1] INFO  impl.RaftServerImpl (RaftServerImpl.java:<init>(93)) - 94ffd37a-7fba-4e2b-aec6-167a5be5db83: new RaftServerImpl for group-5D6ECFDDE5AC:[94ffd37a-7fba-4e2b-aec6-167a5be5db83:192.168.5.132:38290] with ContainerStateMachine:uninitialized
2019-09-19 14:44:05,458 [pool-27-thread-1] INFO  server.RaftServerConfigKeys (ConfUtils.java:logGet(43)) - raft.server.rpc.timeout.min = 5s (custom)
2019-09-19 14:44:05,458 [pool-27-thread-1] INFO  server.RaftServerConfigKeys (ConfUtils.java:logGet(43)) - raft.server.rpc.timeout.max = 5200ms (custom)
2019-09-19 14:44:05,458 [pool-27-thread-1] INFO  server.RaftServerConfigKeys (ConfUtils.java:logGet(43)) - raft.server.rpcslowness.timeout = 120s (custom)
2019-09-19 14:44:05,458 [pool-27-thread-1] INFO  server.RaftServerConfigKeys (ConfUtils.java:logGet(43)) - raft.server.sleep.deviation.threshold = 300 (default)
2019-09-19 14:44:05,459 [pool-27-thread-1] INFO  server.RaftServerConfigKeys (ConfUtils.java:logGet(43)) - raft.server.log.appender.install.snapshot.enabled = false (custom)
2019-09-19 14:44:05,459 [pool-27-thread-1] INFO  impl.RaftServerImpl (ServerState.java:<init>(105)) - 94ffd37a-7fba-4e2b-aec6-167a5be5db83:group-5D6ECFDDE5AC ConfigurationManager, init=-1: [94ffd37a-7fba-4e2b-aec6-167a5be5db83:192.168.5.132:38290], old=null, confs=<EMPTY_MAP>
2019-09-19 14:44:05,459 [pool-27-thread-1] INFO  server.RaftServerConfigKeys (ConfUtils.java:logGet(43)) - raft.server.storage.dir = [/workdir/hadoop-ozone/tools/target/test-dir/MiniOzoneClusterImpl-c4d6e72d-f941-4a97-88b8-a79e0d5dc19a/datanode-0/data/ratis] (custom)
2019-09-19 14:44:05,459 [pool-27-thread-1] INFO  storage.RaftStorageDirectory (RaftStorageDirectory.java:analyzeStorage(246)) - The storage directory /workdir/hadoop-ozone/tools/target/test-dir/MiniOzoneClusterImpl-c4d6e72d-f941-4a97-88b8-a79e0d5dc19a/datanode-0/data/ratis/6de3edb8-e33d-4190-9766-5d6ecfdde5ac does not exist. Creating ...
2019-09-19 14:44:05,481 [pool-27-thread-1] INFO  storage.RaftStorageDirectory (RaftStorageDirectory.java:tryLock(328)) - Lock on /workdir/hadoop-ozone/tools/target/test-dir/MiniOzoneClusterImpl-c4d6e72d-f941-4a97-88b8-a79e0d5dc19a/datanode-0/data/ratis/6de3edb8-e33d-4190-9766-5d6ecfdde5ac/in_use.lock acquired by nodename 2755@pr-hdds-1569-rzdr8-3403194166
2019-09-19 14:44:05,507 [pool-27-thread-1] INFO  storage.RaftStorage (RaftStorage.java:format(72)) - Storage directory /workdir/hadoop-ozone/tools/target/test-dir/MiniOzoneClusterImpl-c4d6e72d-f941-4a97-88b8-a79e0d5dc19a/datanode-0/data/ratis/6de3edb8-e33d-4190-9766-5d6ecfdde5ac has been successfully formatted.
2019-09-19 14:44:05,507 [pool-27-thread-1] INFO  ratis.ContainerStateMachine (ContainerStateMachine.java:loadSnapshot(226)) - group-5D6ECFDDE5AC: The snapshot info is null. Setting the last applied indexto:(t:0, i:~)
2019-09-19 14:44:05,507 [pool-27-thread-1] INFO  server.RaftServerConfigKeys (ConfUtils.java:logGet(43)) - raft.server.leader.election.timeout = 120s (custom)
2019-09-19 14:44:05,507 [pool-27-thread-1] INFO  server.RaftServerConfigKeys (ConfUtils.java:logGet(43)) - raft.server.log.use.memory = false (default)
2019-09-19 14:44:05,507 [pool-27-thread-1] INFO  server.RaftServerConfigKeys (ConfUtils.java:logGet(43)) - raft.server.log.purge.gap = 1000000 (custom)
2019-09-19 14:44:05,508 [pool-27-thread-1] INFO  server.RaftServerConfigKeys (ConfUtils.java:logGet(43)) - raft.server.log.appender.buffer.byte-limit = 33554432 (custom)
2019-09-19 14:44:05,508 [pool-27-thread-1] INFO  server.RaftServerConfigKeys (ConfUtils.java:logGet(43)) - raft.server.log.segment.size.max = 1048576 (custom)
2019-09-19 14:44:05,508 [pool-27-thread-1] INFO  server.RaftServerConfigKeys (ConfUtils.java:logGet(43)) - raft.server.log.segment.cache.num.max = 2 (custom)
2019-09-19 14:44:05,508 [pool-27-thread-1] INFO  segmented.SegmentedRaftLogWorker (SegmentedRaftLogWorker.java:<init>(172)) - new 94ffd37a-7fba-4e2b-aec6-167a5be5db83-SegmentedRaftLogWorker:Storage Directory /workdir/hadoop-ozone/tools/target/test-dir/MiniOzoneClusterImpl-c4d6e72d-f941-4a97-88b8-a79e0d5dc19a/datanode-0/data/ratis/6de3edb8-e33d-4190-9766-5d6ecfdde5ac for RaftStorage:Storage Directory /workdir/hadoop-ozone/tools/target/test-dir/MiniOzoneClusterImpl-c4d6e72d-f941-4a97-88b8-a79e0d5dc19a/datanode-0/data/ratis/6de3edb8-e33d-4190-9766-5d6ecfdde5ac
2019-09-19 14:44:05,508 [pool-27-thread-1] INFO  server.RaftServerConfigKeys (ConfUtils.java:logGet(43)) - raft.server.log.queue.byte-limit = 2147483647 (custom)
2019-09-19 14:44:05,508 [pool-27-thread-1] INFO  server.RaftServerConfigKeys (ConfUtils.java:logGet(43)) - raft.server.log.queue.element-limit = 1024 (custom)
2019-09-19 14:44:05,509 [pool-27-thread-1] INFO  server.RaftServerConfigKeys (ConfUtils.java:logGet(43)) - raft.server.log.segment.size.max = 1048576 (custom)
2019-09-19 14:44:05,509 [pool-27-thread-1] INFO  server.RaftServerConfigKeys (ConfUtils.java:logGet(43)) - raft.server.log.preallocated.size = 16384 (custom)
2019-09-19 14:44:05,509 [pool-27-thread-1] INFO  server.RaftServerConfigKeys (ConfUtils.java:logGet(43)) - raft.server.log.write.buffer.size = 33554432 (custom)
2019-09-19 14:44:05,509 [pool-27-thread-1] INFO  server.RaftServerConfigKeys (ConfUtils.java:logGet(43)) - raft.server.log.force.sync.num = 128 (default)
2019-09-19 14:44:05,509 [pool-27-thread-1] INFO  server.RaftServerConfigKeys (ConfUtils.java:logGet(43)) - raft.server.log.statemachine.data.sync = true (default)
2019-09-19 14:44:05,509 [pool-27-thread-1] INFO  server.RaftServerConfigKeys (ConfUtils.java:logGet(43)) - raft.server.log.statemachine.data.sync.timeout = 10s (default)
2019-09-19 14:44:05,509 [pool-27-thread-1] INFO  server.RaftServerConfigKeys (ConfUtils.java:logGet(43)) - raft.server.log.statemachine.data.sync.timeout.retry = -1 (default)
2019-09-19 14:44:05,510 [pool-27-thread-1] INFO  server.RaftServerConfigKeys (ConfUtils.java:logGet(43)) - raft.server.log.statemachine.data.caching.enabled = true (custom)
2019-09-19 14:44:05,510 [pool-27-thread-1] INFO  segmented.SegmentedRaftLogWorker (SegmentedRaftLogWorker.java:lambda$new$0(132)) - 94ffd37a-7fba-4e2b-aec6-167a5be5db83-SegmentedRaftLogWorker:Storage Directory /workdir/hadoop-ozone/tools/target/test-dir/MiniOzoneClusterImpl-c4d6e72d-f941-4a97-88b8-a79e0d5dc19a/datanode-0/data/ratis/6de3edb8-e33d-4190-9766-5d6ecfdde5ac: flushIndex: setUnconditionally 0 -> -1
2019-09-19 14:44:05,510 [pool-27-thread-1] INFO  server.RaftServerConfigKeys (ConfUtils.java:logGet(43)) - raft.server.snapshot.auto.trigger.enabled = true (custom)
2019-09-19 14:44:05,510 [pool-27-thread-1] INFO  server.RaftServerConfigKeys (ConfUtils.java:logGet(43)) - raft.server.snapshot.auto.trigger.threshold = 10000 (custom)
2019-09-19 14:44:05,511 [pool-27-thread-1] INFO  server.RaftServerConfigKeys (ConfUtils.java:logGet(43)) - raft.server.retrycache.expirytime = 600000ms (custom)
2019-09-19 14:44:05,511 [pool-27-thread-1] INFO  impl.RaftServerImpl (RaftServerImpl.java:start(180)) - 94ffd37a-7fba-4e2b-aec6-167a5be5db83: start group-5D6ECFDDE5AC
2019-09-19 14:44:05,511 [pool-27-thread-1] INFO  impl.RaftServerImpl (RaftServerImpl.java:setRole(171)) - 94ffd37a-7fba-4e2b-aec6-167a5be5db83:group-5D6ECFDDE5AC changes role from null to FOLLOWER at term 0 for startAsFollower
2019-09-19 14:44:05,511 [pool-27-thread-1] INFO  impl.RoleInfo (RoleInfo.java:updateAndGet(143)) - 94ffd37a-7fba-4e2b-aec6-167a5be5db83: start FollowerState
2019-09-19 14:44:05,511 [pool-27-thread-1] INFO  util.JmxRegister (JmxRegister.java:tryRegister(44)) - Successfully registered JMX Bean with object name Ratis:service=RaftServer,group=group-5D6ECFDDE5AC,id=94ffd37a-7fba-4e2b-aec6-167a5be5db83
2019-09-19 14:44:05,522 [RatisPipelineUtilsThread] INFO  pipeline.PipelineStateManager (PipelineStateManager.java:addPipeline(56)) - Created pipeline Pipeline[ Id: 6de3edb8-e33d-4190-9766-5d6ecfdde5ac, Nodes: 94ffd37a-7fba-4e2b-aec6-167a5be5db83{ip: 192.168.5.132, host: pr-hdds-1569-rzdr8-3403194166, networkLocation: /default-rack, certSerialId: null}, Type:RATIS, Factor:ONE, State:OPEN]
2019-09-19 14:44:05,540 [grpc-default-executor-1] INFO  impl.RaftServerProxy (RaftServerProxy.java:addNew(89)) - a4e26ddf-7cab-415d-8560-150ea8262212: addNew group-B1FF34DA208C:[a4e26ddf-7cab-415d-8560-150ea8262212:192.168.5.132:41799] returns group-B1FF34DA208C:java.util.concurrent.CompletableFuture@ad0c5bb[Not completed]
2019-09-19 14:44:05,541 [pool-38-thread-1] INFO  impl.RaftServerImpl (RaftServerImpl.java:<init>(93)) - a4e26ddf-7cab-415d-8560-150ea8262212: new RaftServerImpl for group-B1FF34DA208C:[a4e26ddf-7cab-415d-8560-150ea8262212:192.168.5.132:41799] with ContainerStateMachine:uninitialized
2019-09-19 14:44:05,541 [pool-38-thread-1] INFO  server.RaftServerConfigKeys (ConfUtils.java:logGet(43)) - raft.server.rpc.timeout.min = 5s (custom)
2019-09-19 14:44:05,542 [pool-38-thread-1] INFO  server.RaftServerConfigKeys (ConfUtils.java:logGet(43)) - raft.server.rpc.timeout.max = 5200ms (custom)
2019-09-19 14:44:05,542 [pool-38-thread-1] INFO  server.RaftServerConfigKeys (ConfUtils.java:logGet(43)) - raft.server.rpcslowness.timeout = 120s (custom)
2019-09-19 14:44:05,542 [pool-38-thread-1] INFO  server.RaftServerConfigKeys (ConfUtils.java:logGet(43)) - raft.server.sleep.deviation.threshold = 300 (default)
2019-09-19 14:44:05,542 [pool-38-thread-1] INFO  server.RaftServerConfigKeys (ConfUtils.java:logGet(43)) - raft.server.log.appender.install.snapshot.enabled = false (custom)
2019-09-19 14:44:05,542 [pool-38-thread-1] INFO  impl.RaftServerImpl (ServerState.java:<init>(105)) - a4e26ddf-7cab-415d-8560-150ea8262212:group-B1FF34DA208C ConfigurationManager, init=-1: [a4e26ddf-7cab-415d-8560-150ea8262212:192.168.5.132:41799], old=null, confs=<EMPTY_MAP>
2019-09-19 14:44:05,542 [pool-38-thread-1] INFO  server.RaftServerConfigKeys (ConfUtils.java:logGet(43)) - raft.server.storage.dir = [/workdir/hadoop-ozone/tools/target/test-dir/MiniOzoneClusterImpl-c4d6e72d-f941-4a97-88b8-a79e0d5dc19a/datanode-1/data/ratis] (custom)
2019-09-19 14:44:05,543 [pool-38-thread-1] INFO  storage.RaftStorageDirectory (RaftStorageDirectory.java:analyzeStorage(246)) - The storage directory /workdir/hadoop-ozone/tools/target/test-dir/MiniOzoneClusterImpl-c4d6e72d-f941-4a97-88b8-a79e0d5dc19a/datanode-1/data/ratis/81c85973-5d1e-4621-9f5d-b1ff34da208c does not exist. Creating ...
2019-09-19 14:44:05,565 [pool-38-thread-1] INFO  storage.RaftStorageDirectory (RaftStorageDirectory.java:tryLock(328)) - Lock on /workdir/hadoop-ozone/tools/target/test-dir/MiniOzoneClusterImpl-c4d6e72d-f941-4a97-88b8-a79e0d5dc19a/datanode-1/data/ratis/81c85973-5d1e-4621-9f5d-b1ff34da208c/in_use.lock acquired by nodename 2755@pr-hdds-1569-rzdr8-3403194166
2019-09-19 14:44:05,591 [pool-38-thread-1] INFO  storage.RaftStorage (RaftStorage.java:format(72)) - Storage directory /workdir/hadoop-ozone/tools/target/test-dir/MiniOzoneClusterImpl-c4d6e72d-f941-4a97-88b8-a79e0d5dc19a/datanode-1/data/ratis/81c85973-5d1e-4621-9f5d-b1ff34da208c has been successfully formatted.
2019-09-19 14:44:05,591 [pool-38-thread-1] INFO  ratis.ContainerStateMachine (ContainerStateMachine.java:loadSnapshot(226)) - group-B1FF34DA208C: The snapshot info is null. Setting the last applied indexto:(t:0, i:~)
2019-09-19 14:44:05,591 [pool-38-thread-1] INFO  server.RaftServerConfigKeys (ConfUtils.java:logGet(43)) - raft.server.leader.election.timeout = 120s (custom)
2019-09-19 14:44:05,591 [pool-38-thread-1] INFO  server.RaftServerConfigKeys (ConfUtils.java:logGet(43)) - raft.server.log.use.memory = false (default)
2019-09-19 14:44:05,592 [pool-38-thread-1] INFO  server.RaftServerConfigKeys (ConfUtils.java:logGet(43)) - raft.server.log.purge.gap = 1000000 (custom)
2019-09-19 14:44:05,592 [pool-38-thread-1] INFO  server.RaftServerConfigKeys (ConfUtils.java:logGet(43)) - raft.server.log.appender.buffer.byte-limit = 33554432 (custom)
2019-09-19 14:44:05,592 [pool-38-thread-1] INFO  server.RaftServerConfigKeys (ConfUtils.java:logGet(43)) - raft.server.log.segment.size.max = 1048576 (custom)
2019-09-19 14:44:05,592 [pool-38-thread-1] INFO  server.RaftServerConfigKeys (ConfUtils.java:logGet(43)) - raft.server.log.segment.cache.num.max = 2 (custom)
2019-09-19 14:44:05,592 [pool-38-thread-1] INFO  segmented.SegmentedRaftLogWorker (SegmentedRaftLogWorker.java:<init>(172)) - new a4e26ddf-7cab-415d-8560-150ea8262212-SegmentedRaftLogWorker:Storage Directory /workdir/hadoop-ozone/tools/target/test-dir/MiniOzoneClusterImpl-c4d6e72d-f941-4a97-88b8-a79e0d5dc19a/datanode-1/data/ratis/81c85973-5d1e-4621-9f5d-b1ff34da208c for RaftStorage:Storage Directory /workdir/hadoop-ozone/tools/target/test-dir/MiniOzoneClusterImpl-c4d6e72d-f941-4a97-88b8-a79e0d5dc19a/datanode-1/data/ratis/81c85973-5d1e-4621-9f5d-b1ff34da208c
2019-09-19 14:44:05,592 [pool-38-thread-1] INFO  server.RaftServerConfigKeys (ConfUtils.java:logGet(43)) - raft.server.log.queue.byte-limit = 2147483647 (custom)
2019-09-19 14:44:05,593 [pool-38-thread-1] INFO  server.RaftServerConfigKeys (ConfUtils.java:logGet(43)) - raft.server.log.queue.element-limit = 1024 (custom)
2019-09-19 14:44:05,593 [pool-38-thread-1] INFO  server.RaftServerConfigKeys (ConfUtils.java:logGet(43)) - raft.server.log.segment.size.max = 1048576 (custom)
2019-09-19 14:44:05,593 [pool-38-thread-1] INFO  server.RaftServerConfigKeys (ConfUtils.java:logGet(43)) - raft.server.log.preallocated.size = 16384 (custom)
2019-09-19 14:44:05,593 [pool-38-thread-1] INFO  server.RaftServerConfigKeys (ConfUtils.java:logGet(43)) - raft.server.log.write.buffer.size = 33554432 (custom)
2019-09-19 14:44:05,593 [pool-38-thread-1] INFO  server.RaftServerConfigKeys (ConfUtils.java:logGet(43)) - raft.server.log.force.sync.num = 128 (default)
2019-09-19 14:44:05,593 [pool-38-thread-1] INFO  server.RaftServerConfigKeys (ConfUtils.java:logGet(43)) - raft.server.log.statemachine.data.sync = true (default)
2019-09-19 14:44:05,594 [pool-38-thread-1] INFO  server.RaftServerConfigKeys (ConfUtils.java:logGet(43)) - raft.server.log.statemachine.data.sync.timeout = 10s (default)
2019-09-19 14:44:05,594 [pool-38-thread-1] INFO  server.RaftServerConfigKeys (ConfUtils.java:logGet(43)) - raft.server.log.statemachine.data.sync.timeout.retry = -1 (default)
2019-09-19 14:44:05,594 [pool-38-thread-1] INFO  server.RaftServerConfigKeys (ConfUtils.java:logGet(43)) - raft.server.log.statemachine.data.caching.enabled = true (custom)
2019-09-19 14:44:05,594 [pool-38-thread-1] INFO  segmented.SegmentedRaftLogWorker (SegmentedRaftLogWorker.java:lambda$new$0(132)) - a4e26ddf-7cab-415d-8560-150ea8262212-SegmentedRaftLogWorker:Storage Directory /workdir/hadoop-ozone/tools/target/test-dir/MiniOzoneClusterImpl-c4d6e72d-f941-4a97-88b8-a79e0d5dc19a/datanode-1/data/ratis/81c85973-5d1e-4621-9f5d-b1ff34da208c: flushIndex: setUnconditionally 0 -> -1
2019-09-19 14:44:05,595 [pool-38-thread-1] INFO  server.RaftServerConfigKeys (ConfUtils.java:logGet(43)) - raft.server.snapshot.auto.trigger.enabled = true (custom)
2019-09-19 14:44:05,595 [pool-38-thread-1] INFO  server.RaftServerConfigKeys (ConfUtils.java:logGet(43)) - raft.server.snapshot.auto.trigger.threshold = 10000 (custom)
2019-09-19 14:44:05,595 [pool-38-thread-1] INFO  server.RaftServerConfigKeys (ConfUtils.java:logGet(43)) - raft.server.retrycache.expirytime = 600000ms (custom)
2019-09-19 14:44:05,595 [pool-38-thread-1] INFO  impl.RaftServerImpl (RaftServerImpl.java:start(180)) - a4e26ddf-7cab-415d-8560-150ea8262212: start group-B1FF34DA208C
2019-09-19 14:44:05,595 [pool-38-thread-1] INFO  impl.RaftServerImpl (RaftServerImpl.java:setRole(171)) - a4e26ddf-7cab-415d-8560-150ea8262212:group-B1FF34DA208C changes role from null to FOLLOWER at term 0 for startAsFollower
2019-09-19 14:44:05,596 [pool-38-thread-1] INFO  impl.RoleInfo (RoleInfo.java:updateAndGet(143)) - a4e26ddf-7cab-415d-8560-150ea8262212: start FollowerState
2019-09-19 14:44:05,596 [pool-38-thread-1] INFO  util.JmxRegister (JmxRegister.java:tryRegister(44)) - Successfully registered JMX Bean with object name Ratis:service=RaftServer,group=group-B1FF34DA208C,id=a4e26ddf-7cab-415d-8560-150ea8262212
2019-09-19 14:44:05,607 [RatisPipelineUtilsThread] INFO  pipeline.PipelineStateManager (PipelineStateManager.java:addPipeline(56)) - Created pipeline Pipeline[ Id: 81c85973-5d1e-4621-9f5d-b1ff34da208c, Nodes: a4e26ddf-7cab-415d-8560-150ea8262212{ip: 192.168.5.132, host: pr-hdds-1569-rzdr8-3403194166, networkLocation: /default-rack, certSerialId: null}, Type:RATIS, Factor:ONE, State:OPEN]
2019-09-19 14:44:05,623 [grpc-default-executor-1] INFO  impl.RaftServerProxy (RaftServerProxy.java:addNew(89)) - 04a15483-b111-42a3-8ff7-e193b3ee6246: addNew group-AE95E663C01E:[04a15483-b111-42a3-8ff7-e193b3ee6246:192.168.5.132:43624] returns group-AE95E663C01E:java.util.concurrent.CompletableFuture@40e12be9[Not completed]
2019-09-19 14:44:05,625 [pool-60-thread-1] INFO  impl.RaftServerImpl (RaftServerImpl.java:<init>(93)) - 04a15483-b111-42a3-8ff7-e193b3ee6246: new RaftServerImpl for group-AE95E663C01E:[04a15483-b111-42a3-8ff7-e193b3ee6246:192.168.5.132:43624] with ContainerStateMachine:uninitialized
2019-09-19 14:44:05,625 [pool-60-thread-1] INFO  server.RaftServerConfigKeys (ConfUtils.java:logGet(43)) - raft.server.rpc.timeout.min = 5s (custom)
2019-09-19 14:44:05,625 [pool-60-thread-1] INFO  server.RaftServerConfigKeys (ConfUtils.java:logGet(43)) - raft.server.rpc.timeout.max = 5200ms (custom)
2019-09-19 14:44:05,626 [pool-60-thread-1] INFO  server.RaftServerConfigKeys (ConfUtils.java:logGet(43)) - raft.server.rpcslowness.timeout = 120s (custom)
2019-09-19 14:44:05,626 [pool-60-thread-1] INFO  server.RaftServerConfigKeys (ConfUtils.java:logGet(43)) - raft.server.sleep.deviation.threshold = 300 (default)
2019-09-19 14:44:05,626 [pool-60-thread-1] INFO  server.RaftServerConfigKeys (ConfUtils.java:logGet(43)) - raft.server.log.appender.install.snapshot.enabled = false (custom)
2019-09-19 14:44:05,626 [pool-60-thread-1] INFO  impl.RaftServerImpl (ServerState.java:<init>(105)) - 04a15483-b111-42a3-8ff7-e193b3ee6246:group-AE95E663C01E ConfigurationManager, init=-1: [04a15483-b111-42a3-8ff7-e193b3ee6246:192.168.5.132:43624], old=null, confs=<EMPTY_MAP>
2019-09-19 14:44:05,626 [pool-60-thread-1] INFO  server.RaftServerConfigKeys (ConfUtils.java:logGet(43)) - raft.server.storage.dir = [/workdir/hadoop-ozone/tools/target/test-dir/MiniOzoneClusterImpl-c4d6e72d-f941-4a97-88b8-a79e0d5dc19a/datanode-3/data/ratis] (custom)
2019-09-19 14:44:05,627 [pool-60-thread-1] INFO  storage.RaftStorageDirectory (RaftStorageDirectory.java:analyzeStorage(246)) - The storage directory /workdir/hadoop-ozone/tools/target/test-dir/MiniOzoneClusterImpl-c4d6e72d-f941-4a97-88b8-a79e0d5dc19a/datanode-3/data/ratis/962f26ae-8ebb-44a0-b7bb-ae95e663c01e does not exist. Creating ...
2019-09-19 14:44:05,649 [pool-60-thread-1] INFO  storage.RaftStorageDirectory (RaftStorageDirectory.java:tryLock(328)) - Lock on /workdir/hadoop-ozone/tools/target/test-dir/MiniOzoneClusterImpl-c4d6e72d-f941-4a97-88b8-a79e0d5dc19a/datanode-3/data/ratis/962f26ae-8ebb-44a0-b7bb-ae95e663c01e/in_use.lock acquired by nodename 2755@pr-hdds-1569-rzdr8-3403194166
2019-09-19 14:44:05,663 | INFO  | SCMAudit | user=jenkins1000 | ip=192.168.5.132 | op=SEND_HEARTBEAT {datanodeUUID=a4e26ddf-7cab-415d-8560-150ea8262212, command=[]} | ret=SUCCESS |  
2019-09-19 14:44:05,675 [pool-60-thread-1] INFO  storage.RaftStorage (RaftStorage.java:format(72)) - Storage directory /workdir/hadoop-ozone/tools/target/test-dir/MiniOzoneClusterImpl-c4d6e72d-f941-4a97-88b8-a79e0d5dc19a/datanode-3/data/ratis/962f26ae-8ebb-44a0-b7bb-ae95e663c01e has been successfully formatted.
2019-09-19 14:44:05,675 [pool-60-thread-1] INFO  ratis.ContainerStateMachine (ContainerStateMachine.java:loadSnapshot(226)) - group-AE95E663C01E: The snapshot info is null. Setting the last applied indexto:(t:0, i:~)
2019-09-19 14:44:05,676 [pool-60-thread-1] INFO  server.RaftServerConfigKeys (ConfUtils.java:logGet(43)) - raft.server.leader.election.timeout = 120s (custom)
2019-09-19 14:44:05,676 [pool-60-thread-1] INFO  server.RaftServerConfigKeys (ConfUtils.java:logGet(43)) - raft.server.log.use.memory = false (default)
2019-09-19 14:44:05,676 [pool-60-thread-1] INFO  server.RaftServerConfigKeys (ConfUtils.java:logGet(43)) - raft.server.log.purge.gap = 1000000 (custom)
2019-09-19 14:44:05,676 [pool-60-thread-1] INFO  server.RaftServerConfigKeys (ConfUtils.java:logGet(43)) - raft.server.log.appender.buffer.byte-limit = 33554432 (custom)
2019-09-19 14:44:05,676 [pool-60-thread-1] INFO  server.RaftServerConfigKeys (ConfUtils.java:logGet(43)) - raft.server.log.segment.size.max = 1048576 (custom)
2019-09-19 14:44:05,677 [pool-60-thread-1] INFO  server.RaftServerConfigKeys (ConfUtils.java:logGet(43)) - raft.server.log.segment.cache.num.max = 2 (custom)
2019-09-19 14:44:05,677 [pool-60-thread-1] INFO  segmented.SegmentedRaftLogWorker (SegmentedRaftLogWorker.java:<init>(172)) - new 04a15483-b111-42a3-8ff7-e193b3ee6246-SegmentedRaftLogWorker:Storage Directory /workdir/hadoop-ozone/tools/target/test-dir/MiniOzoneClusterImpl-c4d6e72d-f941-4a97-88b8-a79e0d5dc19a/datanode-3/data/ratis/962f26ae-8ebb-44a0-b7bb-ae95e663c01e for RaftStorage:Storage Directory /workdir/hadoop-ozone/tools/target/test-dir/MiniOzoneClusterImpl-c4d6e72d-f941-4a97-88b8-a79e0d5dc19a/datanode-3/data/ratis/962f26ae-8ebb-44a0-b7bb-ae95e663c01e
2019-09-19 14:44:05,677 [pool-60-thread-1] INFO  server.RaftServerConfigKeys (ConfUtils.java:logGet(43)) - raft.server.log.queue.byte-limit = 2147483647 (custom)
2019-09-19 14:44:05,677 [pool-60-thread-1] INFO  server.RaftServerConfigKeys (ConfUtils.java:logGet(43)) - raft.server.log.queue.element-limit = 1024 (custom)
2019-09-19 14:44:05,677 [pool-60-thread-1] INFO  server.RaftServerConfigKeys (ConfUtils.java:logGet(43)) - raft.server.log.segment.size.max = 1048576 (custom)
2019-09-19 14:44:05,678 [pool-60-thread-1] INFO  server.RaftServerConfigKeys (ConfUtils.java:logGet(43)) - raft.server.log.preallocated.size = 16384 (custom)
2019-09-19 14:44:05,678 [pool-60-thread-1] INFO  server.RaftServerConfigKeys (ConfUtils.java:logGet(43)) - raft.server.log.write.buffer.size = 33554432 (custom)
2019-09-19 14:44:05,678 [pool-60-thread-1] INFO  server.RaftServerConfigKeys (ConfUtils.java:logGet(43)) - raft.server.log.force.sync.num = 128 (default)
2019-09-19 14:44:05,678 [pool-60-thread-1] INFO  server.RaftServerConfigKeys (ConfUtils.java:logGet(43)) - raft.server.log.statemachine.data.sync = true (default)
2019-09-19 14:44:05,678 [pool-60-thread-1] INFO  server.RaftServerConfigKeys (ConfUtils.java:logGet(43)) - raft.server.log.statemachine.data.sync.timeout = 10s (default)
2019-09-19 14:44:05,678 [pool-60-thread-1] INFO  server.RaftServerConfigKeys (ConfUtils.java:logGet(43)) - raft.server.log.statemachine.data.sync.timeout.retry = -1 (default)
2019-09-19 14:44:05,679 [pool-60-thread-1] INFO  server.RaftServerConfigKeys (ConfUtils.java:logGet(43)) - raft.server.log.statemachine.data.caching.enabled = true (custom)
2019-09-19 14:44:05,679 [pool-60-thread-1] INFO  segmented.SegmentedRaftLogWorker (SegmentedRaftLogWorker.java:lambda$new$0(132)) - 04a15483-b111-42a3-8ff7-e193b3ee6246-SegmentedRaftLogWorker:Storage Directory /workdir/hadoop-ozone/tools/target/test-dir/MiniOzoneClusterImpl-c4d6e72d-f941-4a97-88b8-a79e0d5dc19a/datanode-3/data/ratis/962f26ae-8ebb-44a0-b7bb-ae95e663c01e: flushIndex: setUnconditionally 0 -> -1
2019-09-19 14:44:05,679 [pool-60-thread-1] INFO  server.RaftServerConfigKeys (ConfUtils.java:logGet(43)) - raft.server.snapshot.auto.trigger.enabled = true (custom)
2019-09-19 14:44:05,680 [pool-60-thread-1] INFO  server.RaftServerConfigKeys (ConfUtils.java:logGet(43)) - raft.server.snapshot.auto.trigger.threshold = 10000 (custom)
2019-09-19 14:44:05,680 [pool-60-thread-1] INFO  server.RaftServerConfigKeys (ConfUtils.java:logGet(43)) - raft.server.retrycache.expirytime = 600000ms (custom)
2019-09-19 14:44:05,680 [pool-60-thread-1] INFO  impl.RaftServerImpl (RaftServerImpl.java:start(180)) - 04a15483-b111-42a3-8ff7-e193b3ee6246: start group-AE95E663C01E
2019-09-19 14:44:05,680 [pool-60-thread-1] INFO  impl.RaftServerImpl (RaftServerImpl.java:setRole(171)) - 04a15483-b111-42a3-8ff7-e193b3ee6246:group-AE95E663C01E changes role from null to FOLLOWER at term 0 for startAsFollower
2019-09-19 14:44:05,680 [pool-60-thread-1] INFO  impl.RoleInfo (RoleInfo.java:updateAndGet(143)) - 04a15483-b111-42a3-8ff7-e193b3ee6246: start FollowerState
2019-09-19 14:44:05,681 [pool-60-thread-1] INFO  util.JmxRegister (JmxRegister.java:tryRegister(44)) - Successfully registered JMX Bean with object name Ratis:service=RaftServer,group=group-AE95E663C01E,id=04a15483-b111-42a3-8ff7-e193b3ee6246
2019-09-19 14:44:05,691 [RatisPipelineUtilsThread] INFO  pipeline.PipelineStateManager (PipelineStateManager.java:addPipeline(56)) - Created pipeline Pipeline[ Id: 962f26ae-8ebb-44a0-b7bb-ae95e663c01e, Nodes: 04a15483-b111-42a3-8ff7-e193b3ee6246{ip: 192.168.5.132, host: pr-hdds-1569-rzdr8-3403194166, networkLocation: /default-rack, certSerialId: null}, Type:RATIS, Factor:ONE, State:OPEN]
2019-09-19 14:44:05,705 [grpc-default-executor-1] INFO  impl.RaftServerProxy (RaftServerProxy.java:addNew(89)) - 04a15483-b111-42a3-8ff7-e193b3ee6246: addNew group-D71DD9AA4C92:[04a15483-b111-42a3-8ff7-e193b3ee6246:192.168.5.132:43624] returns group-D71DD9AA4C92:java.util.concurrent.CompletableFuture@e9ebbd2[Not completed]
2019-09-19 14:44:05,707 [pool-60-thread-1] INFO  impl.RaftServerImpl (RaftServerImpl.java:<init>(93)) - 04a15483-b111-42a3-8ff7-e193b3ee6246: new RaftServerImpl for group-D71DD9AA4C92:[04a15483-b111-42a3-8ff7-e193b3ee6246:192.168.5.132:43624] with ContainerStateMachine:uninitialized
2019-09-19 14:44:05,707 [pool-60-thread-1] INFO  server.RaftServerConfigKeys (ConfUtils.java:logGet(43)) - raft.server.rpc.timeout.min = 5s (custom)
2019-09-19 14:44:05,708 [pool-60-thread-1] INFO  server.RaftServerConfigKeys (ConfUtils.java:logGet(43)) - raft.server.rpc.timeout.max = 5200ms (custom)
2019-09-19 14:44:05,708 [pool-60-thread-1] INFO  server.RaftServerConfigKeys (ConfUtils.java:logGet(43)) - raft.server.rpcslowness.timeout = 120s (custom)
2019-09-19 14:44:05,708 [pool-60-thread-1] INFO  server.RaftServerConfigKeys (ConfUtils.java:logGet(43)) - raft.server.sleep.deviation.threshold = 300 (default)
2019-09-19 14:44:05,708 [pool-60-thread-1] INFO  server.RaftServerConfigKeys (ConfUtils.java:logGet(43)) - raft.server.log.appender.install.snapshot.enabled = false (custom)
2019-09-19 14:44:05,708 [pool-60-thread-1] INFO  impl.RaftServerImpl (ServerState.java:<init>(105)) - 04a15483-b111-42a3-8ff7-e193b3ee6246:group-D71DD9AA4C92 ConfigurationManager, init=-1: [04a15483-b111-42a3-8ff7-e193b3ee6246:192.168.5.132:43624], old=null, confs=<EMPTY_MAP>
2019-09-19 14:44:05,708 [pool-60-thread-1] INFO  server.RaftServerConfigKeys (ConfUtils.java:logGet(43)) - raft.server.storage.dir = [/workdir/hadoop-ozone/tools/target/test-dir/MiniOzoneClusterImpl-c4d6e72d-f941-4a97-88b8-a79e0d5dc19a/datanode-3/data/ratis] (custom)
2019-09-19 14:44:05,709 [pool-60-thread-1] INFO  storage.RaftStorageDirectory (RaftStorageDirectory.java:analyzeStorage(246)) - The storage directory /workdir/hadoop-ozone/tools/target/test-dir/MiniOzoneClusterImpl-c4d6e72d-f941-4a97-88b8-a79e0d5dc19a/datanode-3/data/ratis/1b7c57d3-16d7-4308-a6fb-d71dd9aa4c92 does not exist. Creating ...
2019-09-19 14:44:05,734 [pool-60-thread-1] INFO  storage.RaftStorageDirectory (RaftStorageDirectory.java:tryLock(328)) - Lock on /workdir/hadoop-ozone/tools/target/test-dir/MiniOzoneClusterImpl-c4d6e72d-f941-4a97-88b8-a79e0d5dc19a/datanode-3/data/ratis/1b7c57d3-16d7-4308-a6fb-d71dd9aa4c92/in_use.lock acquired by nodename 2755@pr-hdds-1569-rzdr8-3403194166
2019-09-19 14:44:05,759 [pool-60-thread-1] INFO  storage.RaftStorage (RaftStorage.java:format(72)) - Storage directory /workdir/hadoop-ozone/tools/target/test-dir/MiniOzoneClusterImpl-c4d6e72d-f941-4a97-88b8-a79e0d5dc19a/datanode-3/data/ratis/1b7c57d3-16d7-4308-a6fb-d71dd9aa4c92 has been successfully formatted.
2019-09-19 14:44:05,759 [pool-60-thread-1] INFO  ratis.ContainerStateMachine (ContainerStateMachine.java:loadSnapshot(226)) - group-D71DD9AA4C92: The snapshot info is null. Setting the last applied indexto:(t:0, i:~)
2019-09-19 14:44:05,759 [pool-60-thread-1] INFO  server.RaftServerConfigKeys (ConfUtils.java:logGet(43)) - raft.server.leader.election.timeout = 120s (custom)
2019-09-19 14:44:05,760 [pool-60-thread-1] INFO  server.RaftServerConfigKeys (ConfUtils.java:logGet(43)) - raft.server.log.use.memory = false (default)
2019-09-19 14:44:05,760 [pool-60-thread-1] INFO  server.RaftServerConfigKeys (ConfUtils.java:logGet(43)) - raft.server.log.purge.gap = 1000000 (custom)
2019-09-19 14:44:05,760 [pool-60-thread-1] INFO  server.RaftServerConfigKeys (ConfUtils.java:logGet(43)) - raft.server.log.appender.buffer.byte-limit = 33554432 (custom)
2019-09-19 14:44:05,760 [pool-60-thread-1] INFO  server.RaftServerConfigKeys (ConfUtils.java:logGet(43)) - raft.server.log.segment.size.max = 1048576 (custom)
2019-09-19 14:44:05,760 [pool-60-thread-1] INFO  server.RaftServerConfigKeys (ConfUtils.java:logGet(43)) - raft.server.log.segment.cache.num.max = 2 (custom)
2019-09-19 14:44:05,760 [pool-60-thread-1] INFO  segmented.SegmentedRaftLogWorker (SegmentedRaftLogWorker.java:<init>(172)) - new 04a15483-b111-42a3-8ff7-e193b3ee6246-SegmentedRaftLogWorker:Storage Directory /workdir/hadoop-ozone/tools/target/test-dir/MiniOzoneClusterImpl-c4d6e72d-f941-4a97-88b8-a79e0d5dc19a/datanode-3/data/ratis/1b7c57d3-16d7-4308-a6fb-d71dd9aa4c92 for RaftStorage:Storage Directory /workdir/hadoop-ozone/tools/target/test-dir/MiniOzoneClusterImpl-c4d6e72d-f941-4a97-88b8-a79e0d5dc19a/datanode-3/data/ratis/1b7c57d3-16d7-4308-a6fb-d71dd9aa4c92
2019-09-19 14:44:05,761 [pool-60-thread-1] INFO  server.RaftServerConfigKeys (ConfUtils.java:logGet(43)) - raft.server.log.queue.byte-limit = 2147483647 (custom)
2019-09-19 14:44:05,761 [pool-60-thread-1] INFO  server.RaftServerConfigKeys (ConfUtils.java:logGet(43)) - raft.server.log.queue.element-limit = 1024 (custom)
2019-09-19 14:44:05,761 [pool-60-thread-1] INFO  server.RaftServerConfigKeys (ConfUtils.java:logGet(43)) - raft.server.log.segment.size.max = 1048576 (custom)
2019-09-19 14:44:05,761 [pool-60-thread-1] INFO  server.RaftServerConfigKeys (ConfUtils.java:logGet(43)) - raft.server.log.preallocated.size = 16384 (custom)
2019-09-19 14:44:05,761 [pool-60-thread-1] INFO  server.RaftServerConfigKeys (ConfUtils.java:logGet(43)) - raft.server.log.write.buffer.size = 33554432 (custom)
2019-09-19 14:44:05,761 [pool-60-thread-1] INFO  server.RaftServerConfigKeys (ConfUtils.java:logGet(43)) - raft.server.log.force.sync.num = 128 (default)
2019-09-19 14:44:05,761 [pool-60-thread-1] INFO  server.RaftServerConfigKeys (ConfUtils.java:logGet(43)) - raft.server.log.statemachine.data.sync = true (default)
2019-09-19 14:44:05,762 [pool-60-thread-1] INFO  server.RaftServerConfigKeys (ConfUtils.java:logGet(43)) - raft.server.log.statemachine.data.sync.timeout = 10s (default)
2019-09-19 14:44:05,762 [pool-60-thread-1] INFO  server.RaftServerConfigKeys (ConfUtils.java:logGet(43)) - raft.server.log.statemachine.data.sync.timeout.retry = -1 (default)
2019-09-19 14:44:05,762 [pool-60-thread-1] INFO  server.RaftServerConfigKeys (ConfUtils.java:logGet(43)) - raft.server.log.statemachine.data.caching.enabled = true (custom)
2019-09-19 14:44:05,762 [pool-60-thread-1] INFO  segmented.SegmentedRaftLogWorker (SegmentedRaftLogWorker.java:lambda$new$0(132)) - 04a15483-b111-42a3-8ff7-e193b3ee6246-SegmentedRaftLogWorker:Storage Directory /workdir/hadoop-ozone/tools/target/test-dir/MiniOzoneClusterImpl-c4d6e72d-f941-4a97-88b8-a79e0d5dc19a/datanode-3/data/ratis/1b7c57d3-16d7-4308-a6fb-d71dd9aa4c92: flushIndex: setUnconditionally 0 -> -1
2019-09-19 14:44:05,762 [pool-60-thread-1] INFO  server.RaftServerConfigKeys (ConfUtils.java:logGet(43)) - raft.server.snapshot.auto.trigger.enabled = true (custom)
2019-09-19 14:44:05,763 [pool-60-thread-1] INFO  server.RaftServerConfigKeys (ConfUtils.java:logGet(43)) - raft.server.snapshot.auto.trigger.threshold = 10000 (custom)
2019-09-19 14:44:05,763 [pool-60-thread-1] INFO  server.RaftServerConfigKeys (ConfUtils.java:logGet(43)) - raft.server.retrycache.expirytime = 600000ms (custom)
2019-09-19 14:44:05,763 [pool-60-thread-1] INFO  impl.RaftServerImpl (RaftServerImpl.java:start(180)) - 04a15483-b111-42a3-8ff7-e193b3ee6246: start group-D71DD9AA4C92
2019-09-19 14:44:05,763 [pool-60-thread-1] INFO  impl.RaftServerImpl (RaftServerImpl.java:setRole(171)) - 04a15483-b111-42a3-8ff7-e193b3ee6246:group-D71DD9AA4C92 changes role from null to FOLLOWER at term 0 for startAsFollower
2019-09-19 14:44:05,763 [pool-60-thread-1] INFO  impl.RoleInfo (RoleInfo.java:updateAndGet(143)) - 04a15483-b111-42a3-8ff7-e193b3ee6246: start FollowerState
2019-09-19 14:44:05,764 [pool-60-thread-1] INFO  util.JmxRegister (JmxRegister.java:tryRegister(44)) - Successfully registered JMX Bean with object name Ratis:service=RaftServer,group=group-D71DD9AA4C92,id=04a15483-b111-42a3-8ff7-e193b3ee6246
2019-09-19 14:44:05,774 [RatisPipelineUtilsThread] INFO  pipeline.PipelineStateManager (PipelineStateManager.java:addPipeline(56)) - Created pipeline Pipeline[ Id: 1b7c57d3-16d7-4308-a6fb-d71dd9aa4c92, Nodes: 04a15483-b111-42a3-8ff7-e193b3ee6246{ip: 192.168.5.132, host: pr-hdds-1569-rzdr8-3403194166, networkLocation: /default-rack, certSerialId: null}, Type:RATIS, Factor:ONE, State:OPEN]
2019-09-19 14:44:05,793 [grpc-default-executor-1] INFO  impl.RaftServerProxy (RaftServerProxy.java:addNew(89)) - 04a15483-b111-42a3-8ff7-e193b3ee6246: addNew group-686242D4ABDE:[04a15483-b111-42a3-8ff7-e193b3ee6246:192.168.5.132:43624] returns group-686242D4ABDE:java.util.concurrent.CompletableFuture@566edbc6[Not completed]
2019-09-19 14:44:05,794 [pool-60-thread-1] INFO  impl.RaftServerImpl (RaftServerImpl.java:<init>(93)) - 04a15483-b111-42a3-8ff7-e193b3ee6246: new RaftServerImpl for group-686242D4ABDE:[04a15483-b111-42a3-8ff7-e193b3ee6246:192.168.5.132:43624] with ContainerStateMachine:uninitialized
2019-09-19 14:44:05,794 [pool-60-thread-1] INFO  server.RaftServerConfigKeys (ConfUtils.java:logGet(43)) - raft.server.rpc.timeout.min = 5s (custom)
2019-09-19 14:44:05,794 [pool-60-thread-1] INFO  server.RaftServerConfigKeys (ConfUtils.java:logGet(43)) - raft.server.rpc.timeout.max = 5200ms (custom)
2019-09-19 14:44:05,794 [pool-60-thread-1] INFO  server.RaftServerConfigKeys (ConfUtils.java:logGet(43)) - raft.server.rpcslowness.timeout = 120s (custom)
2019-09-19 14:44:05,794 [pool-60-thread-1] INFO  server.RaftServerConfigKeys (ConfUtils.java:logGet(43)) - raft.server.sleep.deviation.threshold = 300 (default)
2019-09-19 14:44:05,794 [pool-60-thread-1] INFO  server.RaftServerConfigKeys (ConfUtils.java:logGet(43)) - raft.server.log.appender.install.snapshot.enabled = false (custom)
2019-09-19 14:44:05,795 [pool-60-thread-1] INFO  impl.RaftServerImpl (ServerState.java:<init>(105)) - 04a15483-b111-42a3-8ff7-e193b3ee6246:group-686242D4ABDE ConfigurationManager, init=-1: [04a15483-b111-42a3-8ff7-e193b3ee6246:192.168.5.132:43624], old=null, confs=<EMPTY_MAP>
2019-09-19 14:44:05,795 [pool-60-thread-1] INFO  server.RaftServerConfigKeys (ConfUtils.java:logGet(43)) - raft.server.storage.dir = [/workdir/hadoop-ozone/tools/target/test-dir/MiniOzoneClusterImpl-c4d6e72d-f941-4a97-88b8-a79e0d5dc19a/datanode-3/data/ratis] (custom)
2019-09-19 14:44:05,795 [pool-60-thread-1] INFO  storage.RaftStorageDirectory (RaftStorageDirectory.java:analyzeStorage(246)) - The storage directory /workdir/hadoop-ozone/tools/target/test-dir/MiniOzoneClusterImpl-c4d6e72d-f941-4a97-88b8-a79e0d5dc19a/datanode-3/data/ratis/6073bb98-578c-4396-95ce-686242d4abde does not exist. Creating ...
2019-09-19 14:44:05,836 [pool-60-thread-1] INFO  storage.RaftStorageDirectory (RaftStorageDirectory.java:tryLock(328)) - Lock on /workdir/hadoop-ozone/tools/target/test-dir/MiniOzoneClusterImpl-c4d6e72d-f941-4a97-88b8-a79e0d5dc19a/datanode-3/data/ratis/6073bb98-578c-4396-95ce-686242d4abde/in_use.lock acquired by nodename 2755@pr-hdds-1569-rzdr8-3403194166
2019-09-19 14:44:05,853 [pool-60-thread-1] INFO  storage.RaftStorage (RaftStorage.java:format(72)) - Storage directory /workdir/hadoop-ozone/tools/target/test-dir/MiniOzoneClusterImpl-c4d6e72d-f941-4a97-88b8-a79e0d5dc19a/datanode-3/data/ratis/6073bb98-578c-4396-95ce-686242d4abde has been successfully formatted.
2019-09-19 14:44:05,853 [pool-60-thread-1] INFO  ratis.ContainerStateMachine (ContainerStateMachine.java:loadSnapshot(226)) - group-686242D4ABDE: The snapshot info is null. Setting the last applied indexto:(t:0, i:~)
2019-09-19 14:44:05,853 [pool-60-thread-1] INFO  server.RaftServerConfigKeys (ConfUtils.java:logGet(43)) - raft.server.leader.election.timeout = 120s (custom)
2019-09-19 14:44:05,853 [pool-60-thread-1] INFO  server.RaftServerConfigKeys (ConfUtils.java:logGet(43)) - raft.server.log.use.memory = false (default)
2019-09-19 14:44:05,854 [pool-60-thread-1] INFO  server.RaftServerConfigKeys (ConfUtils.java:logGet(43)) - raft.server.log.purge.gap = 1000000 (custom)
2019-09-19 14:44:05,854 [pool-60-thread-1] INFO  server.RaftServerConfigKeys (ConfUtils.java:logGet(43)) - raft.server.log.appender.buffer.byte-limit = 33554432 (custom)
2019-09-19 14:44:05,854 [pool-60-thread-1] INFO  server.RaftServerConfigKeys (ConfUtils.java:logGet(43)) - raft.server.log.segment.size.max = 1048576 (custom)
2019-09-19 14:44:05,854 [pool-60-thread-1] INFO  server.RaftServerConfigKeys (ConfUtils.java:logGet(43)) - raft.server.log.segment.cache.num.max = 2 (custom)
2019-09-19 14:44:05,854 [pool-60-thread-1] INFO  segmented.SegmentedRaftLogWorker (SegmentedRaftLogWorker.java:<init>(172)) - new 04a15483-b111-42a3-8ff7-e193b3ee6246-SegmentedRaftLogWorker:Storage Directory /workdir/hadoop-ozone/tools/target/test-dir/MiniOzoneClusterImpl-c4d6e72d-f941-4a97-88b8-a79e0d5dc19a/datanode-3/data/ratis/6073bb98-578c-4396-95ce-686242d4abde for RaftStorage:Storage Directory /workdir/hadoop-ozone/tools/target/test-dir/MiniOzoneClusterImpl-c4d6e72d-f941-4a97-88b8-a79e0d5dc19a/datanode-3/data/ratis/6073bb98-578c-4396-95ce-686242d4abde
2019-09-19 14:44:05,854 [pool-60-thread-1] INFO  server.RaftServerConfigKeys (ConfUtils.java:logGet(43)) - raft.server.log.queue.byte-limit = 2147483647 (custom)
2019-09-19 14:44:05,855 [pool-60-thread-1] INFO  server.RaftServerConfigKeys (ConfUtils.java:logGet(43)) - raft.server.log.queue.element-limit = 1024 (custom)
2019-09-19 14:44:05,855 [pool-60-thread-1] INFO  server.RaftServerConfigKeys (ConfUtils.java:logGet(43)) - raft.server.log.segment.size.max = 1048576 (custom)
2019-09-19 14:44:05,855 [pool-60-thread-1] INFO  server.RaftServerConfigKeys (ConfUtils.java:logGet(43)) - raft.server.log.preallocated.size = 16384 (custom)
2019-09-19 14:44:05,855 [pool-60-thread-1] INFO  server.RaftServerConfigKeys (ConfUtils.java:logGet(43)) - raft.server.log.write.buffer.size = 33554432 (custom)
2019-09-19 14:44:05,855 [pool-60-thread-1] INFO  server.RaftServerConfigKeys (ConfUtils.java:logGet(43)) - raft.server.log.force.sync.num = 128 (default)
2019-09-19 14:44:05,855 [pool-60-thread-1] INFO  server.RaftServerConfigKeys (ConfUtils.java:logGet(43)) - raft.server.log.statemachine.data.sync = true (default)
2019-09-19 14:44:05,856 [pool-60-thread-1] INFO  server.RaftServerConfigKeys (ConfUtils.java:logGet(43)) - raft.server.log.statemachine.data.sync.timeout = 10s (default)
2019-09-19 14:44:05,856 [pool-60-thread-1] INFO  server.RaftServerConfigKeys (ConfUtils.java:logGet(43)) - raft.server.log.statemachine.data.sync.timeout.retry = -1 (default)
2019-09-19 14:44:05,856 [pool-60-thread-1] INFO  server.RaftServerConfigKeys (ConfUtils.java:logGet(43)) - raft.server.log.statemachine.data.caching.enabled = true (custom)
2019-09-19 14:44:05,856 [pool-60-thread-1] INFO  segmented.SegmentedRaftLogWorker (SegmentedRaftLogWorker.java:lambda$new$0(132)) - 04a15483-b111-42a3-8ff7-e193b3ee6246-SegmentedRaftLogWorker:Storage Directory /workdir/hadoop-ozone/tools/target/test-dir/MiniOzoneClusterImpl-c4d6e72d-f941-4a97-88b8-a79e0d5dc19a/datanode-3/data/ratis/6073bb98-578c-4396-95ce-686242d4abde: flushIndex: setUnconditionally 0 -> -1
2019-09-19 14:44:05,857 [pool-60-thread-1] INFO  server.RaftServerConfigKeys (ConfUtils.java:logGet(43)) - raft.server.snapshot.auto.trigger.enabled = true (custom)
2019-09-19 14:44:05,857 [pool-60-thread-1] INFO  server.RaftServerConfigKeys (ConfUtils.java:logGet(43)) - raft.server.snapshot.auto.trigger.threshold = 10000 (custom)
2019-09-19 14:44:05,857 [pool-60-thread-1] INFO  server.RaftServerConfigKeys (ConfUtils.java:logGet(43)) - raft.server.retrycache.expirytime = 600000ms (custom)
2019-09-19 14:44:05,857 [pool-60-thread-1] INFO  impl.RaftServerImpl (RaftServerImpl.java:start(180)) - 04a15483-b111-42a3-8ff7-e193b3ee6246: start group-686242D4ABDE
2019-09-19 14:44:05,858 [pool-60-thread-1] INFO  impl.RaftServerImpl (RaftServerImpl.java:setRole(171)) - 04a15483-b111-42a3-8ff7-e193b3ee6246:group-686242D4ABDE changes role from null to FOLLOWER at term 0 for startAsFollower
2019-09-19 14:44:05,858 [pool-60-thread-1] INFO  impl.RoleInfo (RoleInfo.java:updateAndGet(143)) - 04a15483-b111-42a3-8ff7-e193b3ee6246: start FollowerState
2019-09-19 14:44:05,858 [pool-60-thread-1] INFO  util.JmxRegister (JmxRegister.java:tryRegister(44)) - Successfully registered JMX Bean with object name Ratis:service=RaftServer,group=group-686242D4ABDE,id=04a15483-b111-42a3-8ff7-e193b3ee6246
2019-09-19 14:44:05,870 [RatisPipelineUtilsThread] INFO  pipeline.PipelineStateManager (PipelineStateManager.java:addPipeline(56)) - Created pipeline Pipeline[ Id: 6073bb98-578c-4396-95ce-686242d4abde, Nodes: 04a15483-b111-42a3-8ff7-e193b3ee6246{ip: 192.168.5.132, host: pr-hdds-1569-rzdr8-3403194166, networkLocation: /default-rack, certSerialId: null}, Type:RATIS, Factor:ONE, State:OPEN]
2019-09-19 14:44:05,885 [grpc-default-executor-1] INFO  impl.RaftServerProxy (RaftServerProxy.java:addNew(89)) - 04a15483-b111-42a3-8ff7-e193b3ee6246: addNew group-18E64D50CF69:[04a15483-b111-42a3-8ff7-e193b3ee6246:192.168.5.132:43624] returns group-18E64D50CF69:java.util.concurrent.CompletableFuture@551b9a0c[Not completed]
2019-09-19 14:44:05,886 [pool-60-thread-1] INFO  impl.RaftServerImpl (RaftServerImpl.java:<init>(93)) - 04a15483-b111-42a3-8ff7-e193b3ee6246: new RaftServerImpl for group-18E64D50CF69:[04a15483-b111-42a3-8ff7-e193b3ee6246:192.168.5.132:43624] with ContainerStateMachine:uninitialized
2019-09-19 14:44:05,886 [pool-60-thread-1] INFO  server.RaftServerConfigKeys (ConfUtils.java:logGet(43)) - raft.server.rpc.timeout.min = 5s (custom)
2019-09-19 14:44:05,886 [pool-60-thread-1] INFO  server.RaftServerConfigKeys (ConfUtils.java:logGet(43)) - raft.server.rpc.timeout.max = 5200ms (custom)
2019-09-19 14:44:05,886 [pool-60-thread-1] INFO  server.RaftServerConfigKeys (ConfUtils.java:logGet(43)) - raft.server.rpcslowness.timeout = 120s (custom)
2019-09-19 14:44:05,887 [pool-60-thread-1] INFO  server.RaftServerConfigKeys (ConfUtils.java:logGet(43)) - raft.server.sleep.deviation.threshold = 300 (default)
2019-09-19 14:44:05,887 [pool-60-thread-1] INFO  server.RaftServerConfigKeys (ConfUtils.java:logGet(43)) - raft.server.log.appender.install.snapshot.enabled = false (custom)
2019-09-19 14:44:05,887 [pool-60-thread-1] INFO  impl.RaftServerImpl (ServerState.java:<init>(105)) - 04a15483-b111-42a3-8ff7-e193b3ee6246:group-18E64D50CF69 ConfigurationManager, init=-1: [04a15483-b111-42a3-8ff7-e193b3ee6246:192.168.5.132:43624], old=null, confs=<EMPTY_MAP>
2019-09-19 14:44:05,887 [pool-60-thread-1] INFO  server.RaftServerConfigKeys (ConfUtils.java:logGet(43)) - raft.server.storage.dir = [/workdir/hadoop-ozone/tools/target/test-dir/MiniOzoneClusterImpl-c4d6e72d-f941-4a97-88b8-a79e0d5dc19a/datanode-3/data/ratis] (custom)
2019-09-19 14:44:05,887 [pool-60-thread-1] INFO  storage.RaftStorageDirectory (RaftStorageDirectory.java:analyzeStorage(246)) - The storage directory /workdir/hadoop-ozone/tools/target/test-dir/MiniOzoneClusterImpl-c4d6e72d-f941-4a97-88b8-a79e0d5dc19a/datanode-3/data/ratis/616acc81-2f70-4498-a779-18e64d50cf69 does not exist. Creating ...
2019-09-19 14:44:05,904 | INFO  | SCMAudit | user=jenkins1000 | ip=192.168.5.132 | op=SEND_HEARTBEAT {datanodeUUID=550ad0a3-b6ae-44bc-a70a-b51f5a4003f3, command=[]} | ret=SUCCESS |  
2019-09-19 14:44:05,928 [pool-60-thread-1] INFO  storage.RaftStorageDirectory (RaftStorageDirectory.java:tryLock(328)) - Lock on /workdir/hadoop-ozone/tools/target/test-dir/MiniOzoneClusterImpl-c4d6e72d-f941-4a97-88b8-a79e0d5dc19a/datanode-3/data/ratis/616acc81-2f70-4498-a779-18e64d50cf69/in_use.lock acquired by nodename 2755@pr-hdds-1569-rzdr8-3403194166
2019-09-19 14:44:05,953 [pool-60-thread-1] INFO  storage.RaftStorage (RaftStorage.java:format(72)) - Storage directory /workdir/hadoop-ozone/tools/target/test-dir/MiniOzoneClusterImpl-c4d6e72d-f941-4a97-88b8-a79e0d5dc19a/datanode-3/data/ratis/616acc81-2f70-4498-a779-18e64d50cf69 has been successfully formatted.
2019-09-19 14:44:05,954 [pool-60-thread-1] INFO  ratis.ContainerStateMachine (ContainerStateMachine.java:loadSnapshot(226)) - group-18E64D50CF69: The snapshot info is null. Setting the last applied indexto:(t:0, i:~)
2019-09-19 14:44:05,954 [pool-60-thread-1] INFO  server.RaftServerConfigKeys (ConfUtils.java:logGet(43)) - raft.server.leader.election.timeout = 120s (custom)
2019-09-19 14:44:05,954 [pool-60-thread-1] INFO  server.RaftServerConfigKeys (ConfUtils.java:logGet(43)) - raft.server.log.use.memory = false (default)
2019-09-19 14:44:05,954 [pool-60-thread-1] INFO  server.RaftServerConfigKeys (ConfUtils.java:logGet(43)) - raft.server.log.purge.gap = 1000000 (custom)
2019-09-19 14:44:05,954 [pool-60-thread-1] INFO  server.RaftServerConfigKeys (ConfUtils.java:logGet(43)) - raft.server.log.appender.buffer.byte-limit = 33554432 (custom)
2019-09-19 14:44:05,954 [pool-60-thread-1] INFO  server.RaftServerConfigKeys (ConfUtils.java:logGet(43)) - raft.server.log.segment.size.max = 1048576 (custom)
2019-09-19 14:44:05,954 [pool-60-thread-1] INFO  server.RaftServerConfigKeys (ConfUtils.java:logGet(43)) - raft.server.log.segment.cache.num.max = 2 (custom)
2019-09-19 14:44:05,955 [pool-60-thread-1] INFO  segmented.SegmentedRaftLogWorker (SegmentedRaftLogWorker.java:<init>(172)) - new 04a15483-b111-42a3-8ff7-e193b3ee6246-SegmentedRaftLogWorker:Storage Directory /workdir/hadoop-ozone/tools/target/test-dir/MiniOzoneClusterImpl-c4d6e72d-f941-4a97-88b8-a79e0d5dc19a/datanode-3/data/ratis/616acc81-2f70-4498-a779-18e64d50cf69 for RaftStorage:Storage Directory /workdir/hadoop-ozone/tools/target/test-dir/MiniOzoneClusterImpl-c4d6e72d-f941-4a97-88b8-a79e0d5dc19a/datanode-3/data/ratis/616acc81-2f70-4498-a779-18e64d50cf69
2019-09-19 14:44:05,955 [pool-60-thread-1] INFO  server.RaftServerConfigKeys (ConfUtils.java:logGet(43)) - raft.server.log.queue.byte-limit = 2147483647 (custom)
2019-09-19 14:44:05,955 [pool-60-thread-1] INFO  server.RaftServerConfigKeys (ConfUtils.java:logGet(43)) - raft.server.log.queue.element-limit = 1024 (custom)
2019-09-19 14:44:05,955 [pool-60-thread-1] INFO  server.RaftServerConfigKeys (ConfUtils.java:logGet(43)) - raft.server.log.segment.size.max = 1048576 (custom)
2019-09-19 14:44:05,955 [pool-60-thread-1] INFO  server.RaftServerConfigKeys (ConfUtils.java:logGet(43)) - raft.server.log.preallocated.size = 16384 (custom)
2019-09-19 14:44:05,955 [pool-60-thread-1] INFO  server.RaftServerConfigKeys (ConfUtils.java:logGet(43)) - raft.server.log.write.buffer.size = 33554432 (custom)
2019-09-19 14:44:05,955 [pool-60-thread-1] INFO  server.RaftServerConfigKeys (ConfUtils.java:logGet(43)) - raft.server.log.force.sync.num = 128 (default)
2019-09-19 14:44:05,955 [pool-60-thread-1] INFO  server.RaftServerConfigKeys (ConfUtils.java:logGet(43)) - raft.server.log.statemachine.data.sync = true (default)
2019-09-19 14:44:05,956 [pool-60-thread-1] INFO  server.RaftServerConfigKeys (ConfUtils.java:logGet(43)) - raft.server.log.statemachine.data.sync.timeout = 10s (default)
2019-09-19 14:44:05,956 [pool-60-thread-1] INFO  server.RaftServerConfigKeys (ConfUtils.java:logGet(43)) - raft.server.log.statemachine.data.sync.timeout.retry = -1 (default)
2019-09-19 14:44:05,956 [pool-60-thread-1] INFO  server.RaftServerConfigKeys (ConfUtils.java:logGet(43)) - raft.server.log.statemachine.data.caching.enabled = true (custom)
2019-09-19 14:44:05,956 [pool-60-thread-1] INFO  segmented.SegmentedRaftLogWorker (SegmentedRaftLogWorker.java:lambda$new$0(132)) - 04a15483-b111-42a3-8ff7-e193b3ee6246-SegmentedRaftLogWorker:Storage Directory /workdir/hadoop-ozone/tools/target/test-dir/MiniOzoneClusterImpl-c4d6e72d-f941-4a97-88b8-a79e0d5dc19a/datanode-3/data/ratis/616acc81-2f70-4498-a779-18e64d50cf69: flushIndex: setUnconditionally 0 -> -1
2019-09-19 14:44:05,956 [pool-60-thread-1] INFO  server.RaftServerConfigKeys (ConfUtils.java:logGet(43)) - raft.server.snapshot.auto.trigger.enabled = true (custom)
2019-09-19 14:44:05,957 [pool-60-thread-1] INFO  server.RaftServerConfigKeys (ConfUtils.java:logGet(43)) - raft.server.snapshot.auto.trigger.threshold = 10000 (custom)
2019-09-19 14:44:05,957 [pool-60-thread-1] INFO  server.RaftServerConfigKeys (ConfUtils.java:logGet(43)) - raft.server.retrycache.expirytime = 600000ms (custom)
2019-09-19 14:44:05,957 [pool-60-thread-1] INFO  impl.RaftServerImpl (RaftServerImpl.java:start(180)) - 04a15483-b111-42a3-8ff7-e193b3ee6246: start group-18E64D50CF69
2019-09-19 14:44:05,957 [pool-60-thread-1] INFO  impl.RaftServerImpl (RaftServerImpl.java:setRole(171)) - 04a15483-b111-42a3-8ff7-e193b3ee6246:group-18E64D50CF69 changes role from null to FOLLOWER at term 0 for startAsFollower
2019-09-19 14:44:05,957 [pool-60-thread-1] INFO  impl.RoleInfo (RoleInfo.java:updateAndGet(143)) - 04a15483-b111-42a3-8ff7-e193b3ee6246: start FollowerState
2019-09-19 14:44:05,958 [pool-60-thread-1] INFO  util.JmxRegister (JmxRegister.java:tryRegister(44)) - Successfully registered JMX Bean with object name Ratis:service=RaftServer,group=group-18E64D50CF69,id=04a15483-b111-42a3-8ff7-e193b3ee6246
 0.00% |█                                                                                                    |  0/1 Time: 0:00:012019-09-19 14:44:05,969 [RatisPipelineUtilsThread] INFO  pipeline.PipelineStateManager (PipelineStateManager.java:addPipeline(56)) - Created pipeline Pipeline[ Id: 616acc81-2f70-4498-a779-18e64d50cf69, Nodes: 04a15483-b111-42a3-8ff7-e193b3ee6246{ip: 192.168.5.132, host: pr-hdds-1569-rzdr8-3403194166, networkLocation: /default-rack, certSerialId: null}, Type:RATIS, Factor:ONE, State:OPEN]
2019-09-19 14:44:05,971 [RatisPipelineUtilsThread] ERROR pipeline.PipelinePlacementPolicy (PipelinePlacementPolicy.java:meetCriteria(91)) - Pipeline Placement: Doesn't meet the criteria to be viable node. Heaviness: 6
2019-09-19 14:44:05,988 [grpc-default-executor-1] INFO  impl.RaftServerProxy (RaftServerProxy.java:addNew(89)) - a4e26ddf-7cab-415d-8560-150ea8262212: addNew group-DE079187B12C:[a4e26ddf-7cab-415d-8560-150ea8262212:192.168.5.132:41799] returns group-DE079187B12C:java.util.concurrent.CompletableFuture@2268129f[Not completed]
2019-09-19 14:44:05,990 [pool-38-thread-1] INFO  impl.RaftServerImpl (RaftServerImpl.java:<init>(93)) - a4e26ddf-7cab-415d-8560-150ea8262212: new RaftServerImpl for group-DE079187B12C:[a4e26ddf-7cab-415d-8560-150ea8262212:192.168.5.132:41799] with ContainerStateMachine:uninitialized
2019-09-19 14:44:05,990 [pool-38-thread-1] INFO  server.RaftServerConfigKeys (ConfUtils.java:logGet(43)) - raft.server.rpc.timeout.min = 5s (custom)
2019-09-19 14:44:05,990 [pool-38-thread-1] INFO  server.RaftServerConfigKeys (ConfUtils.java:logGet(43)) - raft.server.rpc.timeout.max = 5200ms (custom)
2019-09-19 14:44:05,990 [pool-38-thread-1] INFO  server.RaftServerConfigKeys (ConfUtils.java:logGet(43)) - raft.server.rpcslowness.timeout = 120s (custom)
2019-09-19 14:44:05,991 [pool-38-thread-1] INFO  server.RaftServerConfigKeys (ConfUtils.java:logGet(43)) - raft.server.sleep.deviation.threshold = 300 (default)
2019-09-19 14:44:05,991 [pool-38-thread-1] INFO  server.RaftServerConfigKeys (ConfUtils.java:logGet(43)) - raft.server.log.appender.install.snapshot.enabled = false (custom)
2019-09-19 14:44:05,991 [pool-38-thread-1] INFO  impl.RaftServerImpl (ServerState.java:<init>(105)) - a4e26ddf-7cab-415d-8560-150ea8262212:group-DE079187B12C ConfigurationManager, init=-1: [a4e26ddf-7cab-415d-8560-150ea8262212:192.168.5.132:41799], old=null, confs=<EMPTY_MAP>
2019-09-19 14:44:05,991 [pool-38-thread-1] INFO  server.RaftServerConfigKeys (ConfUtils.java:logGet(43)) - raft.server.storage.dir = [/workdir/hadoop-ozone/tools/target/test-dir/MiniOzoneClusterImpl-c4d6e72d-f941-4a97-88b8-a79e0d5dc19a/datanode-1/data/ratis] (custom)
2019-09-19 14:44:05,992 [pool-38-thread-1] INFO  storage.RaftStorageDirectory (RaftStorageDirectory.java:analyzeStorage(246)) - The storage directory /workdir/hadoop-ozone/tools/target/test-dir/MiniOzoneClusterImpl-c4d6e72d-f941-4a97-88b8-a79e0d5dc19a/datanode-1/data/ratis/41edb1ca-3ff1-41f3-b9e0-de079187b12c does not exist. Creating ...
2019-09-19 14:44:06,020 [pool-38-thread-1] INFO  storage.RaftStorageDirectory (RaftStorageDirectory.java:tryLock(328)) - Lock on /workdir/hadoop-ozone/tools/target/test-dir/MiniOzoneClusterImpl-c4d6e72d-f941-4a97-88b8-a79e0d5dc19a/datanode-1/data/ratis/41edb1ca-3ff1-41f3-b9e0-de079187b12c/in_use.lock acquired by nodename 2755@pr-hdds-1569-rzdr8-3403194166
2019-09-19 14:44:06,046 [pool-38-thread-1] INFO  storage.RaftStorage (RaftStorage.java:format(72)) - Storage directory /workdir/hadoop-ozone/tools/target/test-dir/MiniOzoneClusterImpl-c4d6e72d-f941-4a97-88b8-a79e0d5dc19a/datanode-1/data/ratis/41edb1ca-3ff1-41f3-b9e0-de079187b12c has been successfully formatted.
2019-09-19 14:44:06,046 [pool-38-thread-1] INFO  ratis.ContainerStateMachine (ContainerStateMachine.java:loadSnapshot(226)) - group-DE079187B12C: The snapshot info is null. Setting the last applied indexto:(t:0, i:~)
2019-09-19 14:44:06,046 [pool-38-thread-1] INFO  server.RaftServerConfigKeys (ConfUtils.java:logGet(43)) - raft.server.leader.election.timeout = 120s (custom)
2019-09-19 14:44:06,046 [pool-38-thread-1] INFO  server.RaftServerConfigKeys (ConfUtils.java:logGet(43)) - raft.server.log.use.memory = false (default)
2019-09-19 14:44:06,047 [pool-38-thread-1] INFO  server.RaftServerConfigKeys (ConfUtils.java:logGet(43)) - raft.server.log.purge.gap = 1000000 (custom)
2019-09-19 14:44:06,047 [pool-38-thread-1] INFO  server.RaftServerConfigKeys (ConfUtils.java:logGet(43)) - raft.server.log.appender.buffer.byte-limit = 33554432 (custom)
2019-09-19 14:44:06,047 [pool-38-thread-1] INFO  server.RaftServerConfigKeys (ConfUtils.java:logGet(43)) - raft.server.log.segment.size.max = 1048576 (custom)
2019-09-19 14:44:06,047 [pool-38-thread-1] INFO  server.RaftServerConfigKeys (ConfUtils.java:logGet(43)) - raft.server.log.segment.cache.num.max = 2 (custom)
2019-09-19 14:44:06,047 [pool-38-thread-1] INFO  segmented.SegmentedRaftLogWorker (SegmentedRaftLogWorker.java:<init>(172)) - new a4e26ddf-7cab-415d-8560-150ea8262212-SegmentedRaftLogWorker:Storage Directory /workdir/hadoop-ozone/tools/target/test-dir/MiniOzoneClusterImpl-c4d6e72d-f941-4a97-88b8-a79e0d5dc19a/datanode-1/data/ratis/41edb1ca-3ff1-41f3-b9e0-de079187b12c for RaftStorage:Storage Directory /workdir/hadoop-ozone/tools/target/test-dir/MiniOzoneClusterImpl-c4d6e72d-f941-4a97-88b8-a79e0d5dc19a/datanode-1/data/ratis/41edb1ca-3ff1-41f3-b9e0-de079187b12c
2019-09-19 14:44:06,047 [pool-38-thread-1] INFO  server.RaftServerConfigKeys (ConfUtils.java:logGet(43)) - raft.server.log.queue.byte-limit = 2147483647 (custom)
2019-09-19 14:44:06,047 [pool-38-thread-1] INFO  server.RaftServerConfigKeys (ConfUtils.java:logGet(43)) - raft.server.log.queue.element-limit = 1024 (custom)
2019-09-19 14:44:06,048 [pool-38-thread-1] INFO  server.RaftServerConfigKeys (ConfUtils.java:logGet(43)) - raft.server.log.segment.size.max = 1048576 (custom)
2019-09-19 14:44:06,048 [pool-38-thread-1] INFO  server.RaftServerConfigKeys (ConfUtils.java:logGet(43)) - raft.server.log.preallocated.size = 16384 (custom)
2019-09-19 14:44:06,048 [pool-38-thread-1] INFO  server.RaftServerConfigKeys (ConfUtils.java:logGet(43)) - raft.server.log.write.buffer.size = 33554432 (custom)
2019-09-19 14:44:06,048 [pool-38-thread-1] INFO  server.RaftServerConfigKeys (ConfUtils.java:logGet(43)) - raft.server.log.force.sync.num = 128 (default)
2019-09-19 14:44:06,048 [pool-38-thread-1] INFO  server.RaftServerConfigKeys (ConfUtils.java:logGet(43)) - raft.server.log.statemachine.data.sync = true (default)
2019-09-19 14:44:06,048 [pool-38-thread-1] INFO  server.RaftServerConfigKeys (ConfUtils.java:logGet(43)) - raft.server.log.statemachine.data.sync.timeout = 10s (default)
2019-09-19 14:44:06,049 [pool-38-thread-1] INFO  server.RaftServerConfigKeys (ConfUtils.java:logGet(43)) - raft.server.log.statemachine.data.sync.timeout.retry = -1 (default)
2019-09-19 14:44:06,049 [pool-38-thread-1] INFO  server.RaftServerConfigKeys (ConfUtils.java:logGet(43)) - raft.server.log.statemachine.data.caching.enabled = true (custom)
2019-09-19 14:44:06,049 [pool-38-thread-1] INFO  segmented.SegmentedRaftLogWorker (SegmentedRaftLogWorker.java:lambda$new$0(132)) - a4e26ddf-7cab-415d-8560-150ea8262212-SegmentedRaftLogWorker:Storage Directory /workdir/hadoop-ozone/tools/target/test-dir/MiniOzoneClusterImpl-c4d6e72d-f941-4a97-88b8-a79e0d5dc19a/datanode-1/data/ratis/41edb1ca-3ff1-41f3-b9e0-de079187b12c: flushIndex: setUnconditionally 0 -> -1
2019-09-19 14:44:06,049 [pool-38-thread-1] INFO  server.RaftServerConfigKeys (ConfUtils.java:logGet(43)) - raft.server.snapshot.auto.trigger.enabled = true (custom)
2019-09-19 14:44:06,049 [pool-38-thread-1] INFO  server.RaftServerConfigKeys (ConfUtils.java:logGet(43)) - raft.server.snapshot.auto.trigger.threshold = 10000 (custom)
2019-09-19 14:44:06,050 [pool-38-thread-1] INFO  server.RaftServerConfigKeys (ConfUtils.java:logGet(43)) - raft.server.retrycache.expirytime = 600000ms (custom)
2019-09-19 14:44:06,050 [pool-38-thread-1] INFO  impl.RaftServerImpl (RaftServerImpl.java:start(180)) - a4e26ddf-7cab-415d-8560-150ea8262212: start group-DE079187B12C
2019-09-19 14:44:06,050 [pool-38-thread-1] INFO  impl.RaftServerImpl (RaftServerImpl.java:setRole(171)) - a4e26ddf-7cab-415d-8560-150ea8262212:group-DE079187B12C changes role from null to FOLLOWER at term 0 for startAsFollower
2019-09-19 14:44:06,050 [pool-38-thread-1] INFO  impl.RoleInfo (RoleInfo.java:updateAndGet(143)) - a4e26ddf-7cab-415d-8560-150ea8262212: start FollowerState
2019-09-19 14:44:06,050 [pool-38-thread-1] INFO  util.JmxRegister (JmxRegister.java:tryRegister(44)) - Successfully registered JMX Bean with object name Ratis:service=RaftServer,group=group-DE079187B12C,id=a4e26ddf-7cab-415d-8560-150ea8262212
2019-09-19 14:44:06,056 [RatisPipelineUtilsThread] INFO  pipeline.PipelineStateManager (PipelineStateManager.java:addPipeline(56)) - Created pipeline Pipeline[ Id: 41edb1ca-3ff1-41f3-b9e0-de079187b12c, Nodes: a4e26ddf-7cab-415d-8560-150ea8262212{ip: 192.168.5.132, host: pr-hdds-1569-rzdr8-3403194166, networkLocation: /default-rack, certSerialId: null}, Type:RATIS, Factor:ONE, State:OPEN]
2019-09-19 14:44:06,058 [RatisPipelineUtilsThread] ERROR pipeline.PipelinePlacementPolicy (PipelinePlacementPolicy.java:meetCriteria(91)) - Pipeline Placement: Doesn't meet the criteria to be viable node. Heaviness: 6
2019-09-19 14:44:06,070 [grpc-default-executor-1] INFO  impl.RaftServerProxy (RaftServerProxy.java:addNew(89)) - 94ffd37a-7fba-4e2b-aec6-167a5be5db83: addNew group-C9372E322541:[94ffd37a-7fba-4e2b-aec6-167a5be5db83:192.168.5.132:38290] returns group-C9372E322541:java.util.concurrent.CompletableFuture@206b4326[Not completed]
2019-09-19 14:44:06,071 [pool-27-thread-1] INFO  impl.RaftServerImpl (RaftServerImpl.java:<init>(93)) - 94ffd37a-7fba-4e2b-aec6-167a5be5db83: new RaftServerImpl for group-C9372E322541:[94ffd37a-7fba-4e2b-aec6-167a5be5db83:192.168.5.132:38290] with ContainerStateMachine:uninitialized
2019-09-19 14:44:06,071 [pool-27-thread-1] INFO  server.RaftServerConfigKeys (ConfUtils.java:logGet(43)) - raft.server.rpc.timeout.min = 5s (custom)
2019-09-19 14:44:06,071 [pool-27-thread-1] INFO  server.RaftServerConfigKeys (ConfUtils.java:logGet(43)) - raft.server.rpc.timeout.max = 5200ms (custom)
2019-09-19 14:44:06,072 [pool-27-thread-1] INFO  server.RaftServerConfigKeys (ConfUtils.java:logGet(43)) - raft.server.rpcslowness.timeout = 120s (custom)
2019-09-19 14:44:06,072 [pool-27-thread-1] INFO  server.RaftServerConfigKeys (ConfUtils.java:logGet(43)) - raft.server.sleep.deviation.threshold = 300 (default)
2019-09-19 14:44:06,072 [pool-27-thread-1] INFO  server.RaftServerConfigKeys (ConfUtils.java:logGet(43)) - raft.server.log.appender.install.snapshot.enabled = false (custom)
2019-09-19 14:44:06,072 [pool-27-thread-1] INFO  impl.RaftServerImpl (ServerState.java:<init>(105)) - 94ffd37a-7fba-4e2b-aec6-167a5be5db83:group-C9372E322541 ConfigurationManager, init=-1: [94ffd37a-7fba-4e2b-aec6-167a5be5db83:192.168.5.132:38290], old=null, confs=<EMPTY_MAP>
2019-09-19 14:44:06,072 [pool-27-thread-1] INFO  server.RaftServerConfigKeys (ConfUtils.java:logGet(43)) - raft.server.storage.dir = [/workdir/hadoop-ozone/tools/target/test-dir/MiniOzoneClusterImpl-c4d6e72d-f941-4a97-88b8-a79e0d5dc19a/datanode-0/data/ratis] (custom)
2019-09-19 14:44:06,072 [pool-27-thread-1] INFO  storage.RaftStorageDirectory (RaftStorageDirectory.java:analyzeStorage(246)) - The storage directory /workdir/hadoop-ozone/tools/target/test-dir/MiniOzoneClusterImpl-c4d6e72d-f941-4a97-88b8-a79e0d5dc19a/datanode-0/data/ratis/66267939-7395-46ce-a7c9-c9372e322541 does not exist. Creating ...
2019-09-19 14:44:06,096 [pool-27-thread-1] INFO  storage.RaftStorageDirectory (RaftStorageDirectory.java:tryLock(328)) - Lock on /workdir/hadoop-ozone/tools/target/test-dir/MiniOzoneClusterImpl-c4d6e72d-f941-4a97-88b8-a79e0d5dc19a/datanode-0/data/ratis/66267939-7395-46ce-a7c9-c9372e322541/in_use.lock acquired by nodename 2755@pr-hdds-1569-rzdr8-3403194166
2019-09-19 14:44:06,122 [pool-27-thread-1] INFO  storage.RaftStorage (RaftStorage.java:format(72)) - Storage directory /workdir/hadoop-ozone/tools/target/test-dir/MiniOzoneClusterImpl-c4d6e72d-f941-4a97-88b8-a79e0d5dc19a/datanode-0/data/ratis/66267939-7395-46ce-a7c9-c9372e322541 has been successfully formatted.
2019-09-19 14:44:06,122 [pool-27-thread-1] INFO  ratis.ContainerStateMachine (ContainerStateMachine.java:loadSnapshot(226)) - group-C9372E322541: The snapshot info is null. Setting the last applied indexto:(t:0, i:~)
2019-09-19 14:44:06,122 [pool-27-thread-1] INFO  server.RaftServerConfigKeys (ConfUtils.java:logGet(43)) - raft.server.leader.election.timeout = 120s (custom)
2019-09-19 14:44:06,122 [pool-27-thread-1] INFO  server.RaftServerConfigKeys (ConfUtils.java:logGet(43)) - raft.server.log.use.memory = false (default)
2019-09-19 14:44:06,122 [pool-27-thread-1] INFO  server.RaftServerConfigKeys (ConfUtils.java:logGet(43)) - raft.server.log.purge.gap = 1000000 (custom)
2019-09-19 14:44:06,122 [pool-27-thread-1] INFO  server.RaftServerConfigKeys (ConfUtils.java:logGet(43)) - raft.server.log.appender.buffer.byte-limit = 33554432 (custom)
2019-09-19 14:44:06,123 [pool-27-thread-1] INFO  server.RaftServerConfigKeys (ConfUtils.java:logGet(43)) - raft.server.log.segment.size.max = 1048576 (custom)
2019-09-19 14:44:06,123 [pool-27-thread-1] INFO  server.RaftServerConfigKeys (ConfUtils.java:logGet(43)) - raft.server.log.segment.cache.num.max = 2 (custom)
2019-09-19 14:44:06,123 [pool-27-thread-1] INFO  segmented.SegmentedRaftLogWorker (SegmentedRaftLogWorker.java:<init>(172)) - new 94ffd37a-7fba-4e2b-aec6-167a5be5db83-SegmentedRaftLogWorker:Storage Directory /workdir/hadoop-ozone/tools/target/test-dir/MiniOzoneClusterImpl-c4d6e72d-f941-4a97-88b8-a79e0d5dc19a/datanode-0/data/ratis/66267939-7395-46ce-a7c9-c9372e322541 for RaftStorage:Storage Directory /workdir/hadoop-ozone/tools/target/test-dir/MiniOzoneClusterImpl-c4d6e72d-f941-4a97-88b8-a79e0d5dc19a/datanode-0/data/ratis/66267939-7395-46ce-a7c9-c9372e322541
2019-09-19 14:44:06,123 [pool-27-thread-1] INFO  server.RaftServerConfigKeys (ConfUtils.java:logGet(43)) - raft.server.log.queue.byte-limit = 2147483647 (custom)
2019-09-19 14:44:06,123 [pool-27-thread-1] INFO  server.RaftServerConfigKeys (ConfUtils.java:logGet(43)) - raft.server.log.queue.element-limit = 1024 (custom)
2019-09-19 14:44:06,123 [pool-27-thread-1] INFO  server.RaftServerConfigKeys (ConfUtils.java:logGet(43)) - raft.server.log.segment.size.max = 1048576 (custom)
2019-09-19 14:44:06,123 [pool-27-thread-1] INFO  server.RaftServerConfigKeys (ConfUtils.java:logGet(43)) - raft.server.log.preallocated.size = 16384 (custom)
2019-09-19 14:44:06,123 [pool-27-thread-1] INFO  server.RaftServerConfigKeys (ConfUtils.java:logGet(43)) - raft.server.log.write.buffer.size = 33554432 (custom)
2019-09-19 14:44:06,123 [pool-27-thread-1] INFO  server.RaftServerConfigKeys (ConfUtils.java:logGet(43)) - raft.server.log.force.sync.num = 128 (default)
2019-09-19 14:44:06,124 [pool-27-thread-1] INFO  server.RaftServerConfigKeys (ConfUtils.java:logGet(43)) - raft.server.log.statemachine.data.sync = true (default)
2019-09-19 14:44:06,124 [pool-27-thread-1] INFO  server.RaftServerConfigKeys (ConfUtils.java:logGet(43)) - raft.server.log.statemachine.data.sync.timeout = 10s (default)
2019-09-19 14:44:06,124 [pool-27-thread-1] INFO  server.RaftServerConfigKeys (ConfUtils.java:logGet(43)) - raft.server.log.statemachine.data.sync.timeout.retry = -1 (default)
2019-09-19 14:44:06,124 [pool-27-thread-1] INFO  server.RaftServerConfigKeys (ConfUtils.java:logGet(43)) - raft.server.log.statemachine.data.caching.enabled = true (custom)
2019-09-19 14:44:06,124 [pool-27-thread-1] INFO  segmented.SegmentedRaftLogWorker (SegmentedRaftLogWorker.java:lambda$new$0(132)) - 94ffd37a-7fba-4e2b-aec6-167a5be5db83-SegmentedRaftLogWorker:Storage Directory /workdir/hadoop-ozone/tools/target/test-dir/MiniOzoneClusterImpl-c4d6e72d-f941-4a97-88b8-a79e0d5dc19a/datanode-0/data/ratis/66267939-7395-46ce-a7c9-c9372e322541: flushIndex: setUnconditionally 0 -> -1
2019-09-19 14:44:06,124 [pool-27-thread-1] INFO  server.RaftServerConfigKeys (ConfUtils.java:logGet(43)) - raft.server.snapshot.auto.trigger.enabled = true (custom)
2019-09-19 14:44:06,125 [pool-27-thread-1] INFO  server.RaftServerConfigKeys (ConfUtils.java:logGet(43)) - raft.server.snapshot.auto.trigger.threshold = 10000 (custom)
2019-09-19 14:44:06,125 [pool-27-thread-1] INFO  server.RaftServerConfigKeys (ConfUtils.java:logGet(43)) - raft.server.retrycache.expirytime = 600000ms (custom)
2019-09-19 14:44:06,125 [pool-27-thread-1] INFO  impl.RaftServerImpl (RaftServerImpl.java:start(180)) - 94ffd37a-7fba-4e2b-aec6-167a5be5db83: start group-C9372E322541
2019-09-19 14:44:06,125 [pool-27-thread-1] INFO  impl.RaftServerImpl (RaftServerImpl.java:setRole(171)) - 94ffd37a-7fba-4e2b-aec6-167a5be5db83:group-C9372E322541 changes role from null to FOLLOWER at term 0 for startAsFollower
2019-09-19 14:44:06,125 [pool-27-thread-1] INFO  impl.RoleInfo (RoleInfo.java:updateAndGet(143)) - 94ffd37a-7fba-4e2b-aec6-167a5be5db83: start FollowerState
2019-09-19 14:44:06,125 [pool-27-thread-1] INFO  util.JmxRegister (JmxRegister.java:tryRegister(44)) - Successfully registered JMX Bean with object name Ratis:service=RaftServer,group=group-C9372E322541,id=94ffd37a-7fba-4e2b-aec6-167a5be5db83
2019-09-19 14:44:06,131 [RatisPipelineUtilsThread] INFO  pipeline.PipelineStateManager (PipelineStateManager.java:addPipeline(56)) - Created pipeline Pipeline[ Id: 66267939-7395-46ce-a7c9-c9372e322541, Nodes: 94ffd37a-7fba-4e2b-aec6-167a5be5db83{ip: 192.168.5.132, host: pr-hdds-1569-rzdr8-3403194166, networkLocation: /default-rack, certSerialId: null}, Type:RATIS, Factor:ONE, State:OPEN]
2019-09-19 14:44:06,133 [RatisPipelineUtilsThread] ERROR pipeline.PipelinePlacementPolicy (PipelinePlacementPolicy.java:meetCriteria(91)) - Pipeline Placement: Doesn't meet the criteria to be viable node. Heaviness: 6
2019-09-19 14:44:06,144 [grpc-default-executor-1] INFO  impl.RaftServerProxy (RaftServerProxy.java:addNew(89)) - 550ad0a3-b6ae-44bc-a70a-b51f5a4003f3: addNew group-9D3C3CC26DC2:[550ad0a3-b6ae-44bc-a70a-b51f5a4003f3:192.168.5.132:46067] returns group-9D3C3CC26DC2:java.util.concurrent.CompletableFuture@38b5c4ea[Not completed]
2019-09-19 14:44:06,145 [pool-49-thread-1] INFO  impl.RaftServerImpl (RaftServerImpl.java:<init>(93)) - 550ad0a3-b6ae-44bc-a70a-b51f5a4003f3: new RaftServerImpl for group-9D3C3CC26DC2:[550ad0a3-b6ae-44bc-a70a-b51f5a4003f3:192.168.5.132:46067] with ContainerStateMachine:uninitialized
2019-09-19 14:44:06,146 [pool-49-thread-1] INFO  server.RaftServerConfigKeys (ConfUtils.java:logGet(43)) - raft.server.rpc.timeout.min = 5s (custom)
2019-09-19 14:44:06,146 [pool-49-thread-1] INFO  server.RaftServerConfigKeys (ConfUtils.java:logGet(43)) - raft.server.rpc.timeout.max = 5200ms (custom)
2019-09-19 14:44:06,146 [pool-49-thread-1] INFO  server.RaftServerConfigKeys (ConfUtils.java:logGet(43)) - raft.server.rpcslowness.timeout = 120s (custom)
2019-09-19 14:44:06,146 [pool-49-thread-1] INFO  server.RaftServerConfigKeys (ConfUtils.java:logGet(43)) - raft.server.sleep.deviation.threshold = 300 (default)
2019-09-19 14:44:06,146 [pool-49-thread-1] INFO  server.RaftServerConfigKeys (ConfUtils.java:logGet(43)) - raft.server.log.appender.install.snapshot.enabled = false (custom)
2019-09-19 14:44:06,146 [pool-49-thread-1] INFO  impl.RaftServerImpl (ServerState.java:<init>(105)) - 550ad0a3-b6ae-44bc-a70a-b51f5a4003f3:group-9D3C3CC26DC2 ConfigurationManager, init=-1: [550ad0a3-b6ae-44bc-a70a-b51f5a4003f3:192.168.5.132:46067], old=null, confs=<EMPTY_MAP>
2019-09-19 14:44:06,147 [pool-49-thread-1] INFO  server.RaftServerConfigKeys (ConfUtils.java:logGet(43)) - raft.server.storage.dir = [/workdir/hadoop-ozone/tools/target/test-dir/MiniOzoneClusterImpl-c4d6e72d-f941-4a97-88b8-a79e0d5dc19a/datanode-2/data/ratis] (custom)
2019-09-19 14:44:06,147 [pool-49-thread-1] INFO  storage.RaftStorageDirectory (RaftStorageDirectory.java:analyzeStorage(246)) - The storage directory /workdir/hadoop-ozone/tools/target/test-dir/MiniOzoneClusterImpl-c4d6e72d-f941-4a97-88b8-a79e0d5dc19a/datanode-2/data/ratis/c6711923-225a-4131-963c-9d3c3cc26dc2 does not exist. Creating ...
2019-09-19 14:44:06,172 [pool-49-thread-1] INFO  storage.RaftStorageDirectory (RaftStorageDirectory.java:tryLock(328)) - Lock on /workdir/hadoop-ozone/tools/target/test-dir/MiniOzoneClusterImpl-c4d6e72d-f941-4a97-88b8-a79e0d5dc19a/datanode-2/data/ratis/c6711923-225a-4131-963c-9d3c3cc26dc2/in_use.lock acquired by nodename 2755@pr-hdds-1569-rzdr8-3403194166
2019-09-19 14:44:06,197 [pool-49-thread-1] INFO  storage.RaftStorage (RaftStorage.java:format(72)) - Storage directory /workdir/hadoop-ozone/tools/target/test-dir/MiniOzoneClusterImpl-c4d6e72d-f941-4a97-88b8-a79e0d5dc19a/datanode-2/data/ratis/c6711923-225a-4131-963c-9d3c3cc26dc2 has been successfully formatted.
2019-09-19 14:44:06,198 [pool-49-thread-1] INFO  ratis.ContainerStateMachine (ContainerStateMachine.java:loadSnapshot(226)) - group-9D3C3CC26DC2: The snapshot info is null. Setting the last applied indexto:(t:0, i:~)
2019-09-19 14:44:06,198 [pool-49-thread-1] INFO  server.RaftServerConfigKeys (ConfUtils.java:logGet(43)) - raft.server.leader.election.timeout = 120s (custom)
2019-09-19 14:44:06,199 [pool-49-thread-1] INFO  server.RaftServerConfigKeys (ConfUtils.java:logGet(43)) - raft.server.log.use.memory = false (default)
2019-09-19 14:44:06,199 [pool-49-thread-1] INFO  server.RaftServerConfigKeys (ConfUtils.java:logGet(43)) - raft.server.log.purge.gap = 1000000 (custom)
2019-09-19 14:44:06,199 [pool-49-thread-1] INFO  server.RaftServerConfigKeys (ConfUtils.java:logGet(43)) - raft.server.log.appender.buffer.byte-limit = 33554432 (custom)
2019-09-19 14:44:06,199 [pool-49-thread-1] INFO  server.RaftServerConfigKeys (ConfUtils.java:logGet(43)) - raft.server.log.segment.size.max = 1048576 (custom)
2019-09-19 14:44:06,199 [pool-49-thread-1] INFO  server.RaftServerConfigKeys (ConfUtils.java:logGet(43)) - raft.server.log.segment.cache.num.max = 2 (custom)
2019-09-19 14:44:06,199 [pool-49-thread-1] INFO  segmented.SegmentedRaftLogWorker (SegmentedRaftLogWorker.java:<init>(172)) - new 550ad0a3-b6ae-44bc-a70a-b51f5a4003f3-SegmentedRaftLogWorker:Storage Directory /workdir/hadoop-ozone/tools/target/test-dir/MiniOzoneClusterImpl-c4d6e72d-f941-4a97-88b8-a79e0d5dc19a/datanode-2/data/ratis/c6711923-225a-4131-963c-9d3c3cc26dc2 for RaftStorage:Storage Directory /workdir/hadoop-ozone/tools/target/test-dir/MiniOzoneClusterImpl-c4d6e72d-f941-4a97-88b8-a79e0d5dc19a/datanode-2/data/ratis/c6711923-225a-4131-963c-9d3c3cc26dc2
2019-09-19 14:44:06,200 [pool-49-thread-1] INFO  server.RaftServerConfigKeys (ConfUtils.java:logGet(43)) - raft.server.log.queue.byte-limit = 2147483647 (custom)
2019-09-19 14:44:06,200 [pool-49-thread-1] INFO  server.RaftServerConfigKeys (ConfUtils.java:logGet(43)) - raft.server.log.queue.element-limit = 1024 (custom)
2019-09-19 14:44:06,200 [pool-49-thread-1] INFO  server.RaftServerConfigKeys (ConfUtils.java:logGet(43)) - raft.server.log.segment.size.max = 1048576 (custom)
2019-09-19 14:44:06,200 [pool-49-thread-1] INFO  server.RaftServerConfigKeys (ConfUtils.java:logGet(43)) - raft.server.log.preallocated.size = 16384 (custom)
2019-09-19 14:44:06,200 [pool-49-thread-1] INFO  server.RaftServerConfigKeys (ConfUtils.java:logGet(43)) - raft.server.log.write.buffer.size = 33554432 (custom)
2019-09-19 14:44:06,201 [pool-49-thread-1] INFO  server.RaftServerConfigKeys (ConfUtils.java:logGet(43)) - raft.server.log.force.sync.num = 128 (default)
2019-09-19 14:44:06,201 [pool-49-thread-1] INFO  server.RaftServerConfigKeys (ConfUtils.java:logGet(43)) - raft.server.log.statemachine.data.sync = true (default)
2019-09-19 14:44:06,201 [pool-49-thread-1] INFO  server.RaftServerConfigKeys (ConfUtils.java:logGet(43)) - raft.server.log.statemachine.data.sync.timeout = 10s (default)
2019-09-19 14:44:06,201 [pool-49-thread-1] INFO  server.RaftServerConfigKeys (ConfUtils.java:logGet(43)) - raft.server.log.statemachine.data.sync.timeout.retry = -1 (default)
2019-09-19 14:44:06,201 [pool-49-thread-1] INFO  server.RaftServerConfigKeys (ConfUtils.java:logGet(43)) - raft.server.log.statemachine.data.caching.enabled = true (custom)
2019-09-19 14:44:06,202 [pool-49-thread-1] INFO  segmented.SegmentedRaftLogWorker (SegmentedRaftLogWorker.java:lambda$new$0(132)) - 550ad0a3-b6ae-44bc-a70a-b51f5a4003f3-SegmentedRaftLogWorker:Storage Directory /workdir/hadoop-ozone/tools/target/test-dir/MiniOzoneClusterImpl-c4d6e72d-f941-4a97-88b8-a79e0d5dc19a/datanode-2/data/ratis/c6711923-225a-4131-963c-9d3c3cc26dc2: flushIndex: setUnconditionally 0 -> -1
2019-09-19 14:44:06,202 [pool-49-thread-1] INFO  server.RaftServerConfigKeys (ConfUtils.java:logGet(43)) - raft.server.snapshot.auto.trigger.enabled = true (custom)
2019-09-19 14:44:06,202 [pool-49-thread-1] INFO  server.RaftServerConfigKeys (ConfUtils.java:logGet(43)) - raft.server.snapshot.auto.trigger.threshold = 10000 (custom)
2019-09-19 14:44:06,203 [pool-49-thread-1] INFO  server.RaftServerConfigKeys (ConfUtils.java:logGet(43)) - raft.server.retrycache.expirytime = 600000ms (custom)
2019-09-19 14:44:06,203 [pool-49-thread-1] INFO  impl.RaftServerImpl (RaftServerImpl.java:start(180)) - 550ad0a3-b6ae-44bc-a70a-b51f5a4003f3: start group-9D3C3CC26DC2
2019-09-19 14:44:06,203 [pool-49-thread-1] INFO  impl.RaftServerImpl (RaftServerImpl.java:setRole(171)) - 550ad0a3-b6ae-44bc-a70a-b51f5a4003f3:group-9D3C3CC26DC2 changes role from null to FOLLOWER at term 0 for startAsFollower
2019-09-19 14:44:06,203 [pool-49-thread-1] INFO  impl.RoleInfo (RoleInfo.java:updateAndGet(143)) - 550ad0a3-b6ae-44bc-a70a-b51f5a4003f3: start FollowerState
2019-09-19 14:44:06,204 [pool-49-thread-1] INFO  util.JmxRegister (JmxRegister.java:tryRegister(44)) - Successfully registered JMX Bean with object name Ratis:service=RaftServer,group=group-9D3C3CC26DC2,id=550ad0a3-b6ae-44bc-a70a-b51f5a4003f3
2019-09-19 14:44:06,210 [RatisPipelineUtilsThread] INFO  pipeline.PipelineStateManager (PipelineStateManager.java:addPipeline(56)) - Created pipeline Pipeline[ Id: c6711923-225a-4131-963c-9d3c3cc26dc2, Nodes: 550ad0a3-b6ae-44bc-a70a-b51f5a4003f3{ip: 192.168.5.132, host: pr-hdds-1569-rzdr8-3403194166, networkLocation: /default-rack, certSerialId: null}, Type:RATIS, Factor:ONE, State:OPEN]
2019-09-19 14:44:06,212 [RatisPipelineUtilsThread] ERROR pipeline.PipelinePlacementPolicy (PipelinePlacementPolicy.java:meetCriteria(91)) - Pipeline Placement: Doesn't meet the criteria to be viable node. Heaviness: 6
2019-09-19 14:44:06,222 [grpc-default-executor-1] INFO  impl.RaftServerProxy (RaftServerProxy.java:addNew(89)) - 94ffd37a-7fba-4e2b-aec6-167a5be5db83: addNew group-2072FC044273:[94ffd37a-7fba-4e2b-aec6-167a5be5db83:192.168.5.132:38290] returns group-2072FC044273:java.util.concurrent.CompletableFuture@2ac87089[Not completed]
2019-09-19 14:44:06,223 [pool-27-thread-1] INFO  impl.RaftServerImpl (RaftServerImpl.java:<init>(93)) - 94ffd37a-7fba-4e2b-aec6-167a5be5db83: new RaftServerImpl for group-2072FC044273:[94ffd37a-7fba-4e2b-aec6-167a5be5db83:192.168.5.132:38290] with ContainerStateMachine:uninitialized
2019-09-19 14:44:06,223 [pool-27-thread-1] INFO  server.RaftServerConfigKeys (ConfUtils.java:logGet(43)) - raft.server.rpc.timeout.min = 5s (custom)
2019-09-19 14:44:06,223 [pool-27-thread-1] INFO  server.RaftServerConfigKeys (ConfUtils.java:logGet(43)) - raft.server.rpc.timeout.max = 5200ms (custom)
2019-09-19 14:44:06,224 [pool-27-thread-1] INFO  server.RaftServerConfigKeys (ConfUtils.java:logGet(43)) - raft.server.rpcslowness.timeout = 120s (custom)
2019-09-19 14:44:06,224 [pool-27-thread-1] INFO  server.RaftServerConfigKeys (ConfUtils.java:logGet(43)) - raft.server.sleep.deviation.threshold = 300 (default)
2019-09-19 14:44:06,224 [pool-27-thread-1] INFO  server.RaftServerConfigKeys (ConfUtils.java:logGet(43)) - raft.server.log.appender.install.snapshot.enabled = false (custom)
2019-09-19 14:44:06,224 [pool-27-thread-1] INFO  impl.RaftServerImpl (ServerState.java:<init>(105)) - 94ffd37a-7fba-4e2b-aec6-167a5be5db83:group-2072FC044273 ConfigurationManager, init=-1: [94ffd37a-7fba-4e2b-aec6-167a5be5db83:192.168.5.132:38290], old=null, confs=<EMPTY_MAP>
2019-09-19 14:44:06,224 [pool-27-thread-1] INFO  server.RaftServerConfigKeys (ConfUtils.java:logGet(43)) - raft.server.storage.dir = [/workdir/hadoop-ozone/tools/target/test-dir/MiniOzoneClusterImpl-c4d6e72d-f941-4a97-88b8-a79e0d5dc19a/datanode-0/data/ratis] (custom)
2019-09-19 14:44:06,224 [pool-27-thread-1] INFO  storage.RaftStorageDirectory (RaftStorageDirectory.java:analyzeStorage(246)) - The storage directory /workdir/hadoop-ozone/tools/target/test-dir/MiniOzoneClusterImpl-c4d6e72d-f941-4a97-88b8-a79e0d5dc19a/datanode-0/data/ratis/e437fe08-e235-44f5-88b6-2072fc044273 does not exist. Creating ...
2019-09-19 14:44:06,248 [pool-27-thread-1] INFO  storage.RaftStorageDirectory (RaftStorageDirectory.java:tryLock(328)) - Lock on /workdir/hadoop-ozone/tools/target/test-dir/MiniOzoneClusterImpl-c4d6e72d-f941-4a97-88b8-a79e0d5dc19a/datanode-0/data/ratis/e437fe08-e235-44f5-88b6-2072fc044273/in_use.lock acquired by nodename 2755@pr-hdds-1569-rzdr8-3403194166
2019-09-19 14:44:06,274 [pool-27-thread-1] INFO  storage.RaftStorage (RaftStorage.java:format(72)) - Storage directory /workdir/hadoop-ozone/tools/target/test-dir/MiniOzoneClusterImpl-c4d6e72d-f941-4a97-88b8-a79e0d5dc19a/datanode-0/data/ratis/e437fe08-e235-44f5-88b6-2072fc044273 has been successfully formatted.
2019-09-19 14:44:06,275 [pool-27-thread-1] INFO  ratis.ContainerStateMachine (ContainerStateMachine.java:loadSnapshot(226)) - group-2072FC044273: The snapshot info is null. Setting the last applied indexto:(t:0, i:~)
2019-09-19 14:44:06,275 [pool-27-thread-1] INFO  server.RaftServerConfigKeys (ConfUtils.java:logGet(43)) - raft.server.leader.election.timeout = 120s (custom)
2019-09-19 14:44:06,275 [pool-27-thread-1] INFO  server.RaftServerConfigKeys (ConfUtils.java:logGet(43)) - raft.server.log.use.memory = false (default)
2019-09-19 14:44:06,275 [pool-27-thread-1] INFO  server.RaftServerConfigKeys (ConfUtils.java:logGet(43)) - raft.server.log.purge.gap = 1000000 (custom)
2019-09-19 14:44:06,275 [pool-27-thread-1] INFO  server.RaftServerConfigKeys (ConfUtils.java:logGet(43)) - raft.server.log.appender.buffer.byte-limit = 33554432 (custom)
2019-09-19 14:44:06,276 [pool-27-thread-1] INFO  server.RaftServerConfigKeys (ConfUtils.java:logGet(43)) - raft.server.log.segment.size.max = 1048576 (custom)
2019-09-19 14:44:06,276 [pool-27-thread-1] INFO  server.RaftServerConfigKeys (ConfUtils.java:logGet(43)) - raft.server.log.segment.cache.num.max = 2 (custom)
2019-09-19 14:44:06,276 [pool-27-thread-1] INFO  segmented.SegmentedRaftLogWorker (SegmentedRaftLogWorker.java:<init>(172)) - new 94ffd37a-7fba-4e2b-aec6-167a5be5db83-SegmentedRaftLogWorker:Storage Directory /workdir/hadoop-ozone/tools/target/test-dir/MiniOzoneClusterImpl-c4d6e72d-f941-4a97-88b8-a79e0d5dc19a/datanode-0/data/ratis/e437fe08-e235-44f5-88b6-2072fc044273 for RaftStorage:Storage Directory /workdir/hadoop-ozone/tools/target/test-dir/MiniOzoneClusterImpl-c4d6e72d-f941-4a97-88b8-a79e0d5dc19a/datanode-0/data/ratis/e437fe08-e235-44f5-88b6-2072fc044273
2019-09-19 14:44:06,276 [pool-27-thread-1] INFO  server.RaftServerConfigKeys (ConfUtils.java:logGet(43)) - raft.server.log.queue.byte-limit = 2147483647 (custom)
2019-09-19 14:44:06,276 [pool-27-thread-1] INFO  server.RaftServerConfigKeys (ConfUtils.java:logGet(43)) - raft.server.log.queue.element-limit = 1024 (custom)
2019-09-19 14:44:06,276 [pool-27-thread-1] INFO  server.RaftServerConfigKeys (ConfUtils.java:logGet(43)) - raft.server.log.segment.size.max = 1048576 (custom)
2019-09-19 14:44:06,277 [pool-27-thread-1] INFO  server.RaftServerConfigKeys (ConfUtils.java:logGet(43)) - raft.server.log.preallocated.size = 16384 (custom)
2019-09-19 14:44:06,277 [pool-27-thread-1] INFO  server.RaftServerConfigKeys (ConfUtils.java:logGet(43)) - raft.server.log.write.buffer.size = 33554432 (custom)
2019-09-19 14:44:06,277 [pool-27-thread-1] INFO  server.RaftServerConfigKeys (ConfUtils.java:logGet(43)) - raft.server.log.force.sync.num = 128 (default)
2019-09-19 14:44:06,277 [pool-27-thread-1] INFO  server.RaftServerConfigKeys (ConfUtils.java:logGet(43)) - raft.server.log.statemachine.data.sync = true (default)
2019-09-19 14:44:06,277 [pool-27-thread-1] INFO  server.RaftServerConfigKeys (ConfUtils.java:logGet(43)) - raft.server.log.statemachine.data.sync.timeout = 10s (default)
2019-09-19 14:44:06,277 [pool-27-thread-1] INFO  server.RaftServerConfigKeys (ConfUtils.java:logGet(43)) - raft.server.log.statemachine.data.sync.timeout.retry = -1 (default)
2019-09-19 14:44:06,278 [pool-27-thread-1] INFO  server.RaftServerConfigKeys (ConfUtils.java:logGet(43)) - raft.server.log.statemachine.data.caching.enabled = true (custom)
2019-09-19 14:44:06,278 [pool-27-thread-1] INFO  segmented.SegmentedRaftLogWorker (SegmentedRaftLogWorker.java:lambda$new$0(132)) - 94ffd37a-7fba-4e2b-aec6-167a5be5db83-SegmentedRaftLogWorker:Storage Directory /workdir/hadoop-ozone/tools/target/test-dir/MiniOzoneClusterImpl-c4d6e72d-f941-4a97-88b8-a79e0d5dc19a/datanode-0/data/ratis/e437fe08-e235-44f5-88b6-2072fc044273: flushIndex: setUnconditionally 0 -> -1
2019-09-19 14:44:06,278 [pool-27-thread-1] INFO  server.RaftServerConfigKeys (ConfUtils.java:logGet(43)) - raft.server.snapshot.auto.trigger.enabled = true (custom)
2019-09-19 14:44:06,279 [pool-27-thread-1] INFO  server.RaftServerConfigKeys (ConfUtils.java:logGet(43)) - raft.server.snapshot.auto.trigger.threshold = 10000 (custom)
2019-09-19 14:44:06,279 [pool-27-thread-1] INFO  server.RaftServerConfigKeys (ConfUtils.java:logGet(43)) - raft.server.retrycache.expirytime = 600000ms (custom)
2019-09-19 14:44:06,279 [pool-27-thread-1] INFO  impl.RaftServerImpl (RaftServerImpl.java:start(180)) - 94ffd37a-7fba-4e2b-aec6-167a5be5db83: start group-2072FC044273
2019-09-19 14:44:06,279 [pool-27-thread-1] INFO  impl.RaftServerImpl (RaftServerImpl.java:setRole(171)) - 94ffd37a-7fba-4e2b-aec6-167a5be5db83:group-2072FC044273 changes role from null to FOLLOWER at term 0 for startAsFollower
2019-09-19 14:44:06,279 [pool-27-thread-1] INFO  impl.RoleInfo (RoleInfo.java:updateAndGet(143)) - 94ffd37a-7fba-4e2b-aec6-167a5be5db83: start FollowerState
2019-09-19 14:44:06,280 [pool-27-thread-1] INFO  util.JmxRegister (JmxRegister.java:tryRegister(44)) - Successfully registered JMX Bean with object name Ratis:service=RaftServer,group=group-2072FC044273,id=94ffd37a-7fba-4e2b-aec6-167a5be5db83
2019-09-19 14:44:06,288 [RatisPipelineUtilsThread] INFO  pipeline.PipelineStateManager (PipelineStateManager.java:addPipeline(56)) - Created pipeline Pipeline[ Id: e437fe08-e235-44f5-88b6-2072fc044273, Nodes: 94ffd37a-7fba-4e2b-aec6-167a5be5db83{ip: 192.168.5.132, host: pr-hdds-1569-rzdr8-3403194166, networkLocation: /default-rack, certSerialId: null}, Type:RATIS, Factor:ONE, State:OPEN]
2019-09-19 14:44:06,290 [RatisPipelineUtilsThread] ERROR pipeline.PipelinePlacementPolicy (PipelinePlacementPolicy.java:meetCriteria(91)) - Pipeline Placement: Doesn't meet the criteria to be viable node. Heaviness: 6
2019-09-19 14:44:06,290 [RatisPipelineUtilsThread] ERROR pipeline.PipelinePlacementPolicy (PipelinePlacementPolicy.java:meetCriteria(91)) - Pipeline Placement: Doesn't meet the criteria to be viable node. Heaviness: 6
2019-09-19 14:44:06,292 | INFO  | SCMAudit | user=jenkins1000 | ip=192.168.5.132 | op=SEND_HEARTBEAT {datanodeUUID=04a15483-b111-42a3-8ff7-e193b3ee6246, command=[]} | ret=SUCCESS |  
2019-09-19 14:44:06,300 [grpc-default-executor-1] INFO  impl.RaftServerProxy (RaftServerProxy.java:addNew(89)) - a4e26ddf-7cab-415d-8560-150ea8262212: addNew group-DD3A4AF41B0C:[a4e26ddf-7cab-415d-8560-150ea8262212:192.168.5.132:41799] returns group-DD3A4AF41B0C:java.util.concurrent.CompletableFuture@6e24a66d[Not completed]
2019-09-19 14:44:06,302 [pool-38-thread-1] INFO  impl.RaftServerImpl (RaftServerImpl.java:<init>(93)) - a4e26ddf-7cab-415d-8560-150ea8262212: new RaftServerImpl for group-DD3A4AF41B0C:[a4e26ddf-7cab-415d-8560-150ea8262212:192.168.5.132:41799] with ContainerStateMachine:uninitialized
2019-09-19 14:44:06,302 [pool-38-thread-1] INFO  server.RaftServerConfigKeys (ConfUtils.java:logGet(43)) - raft.server.rpc.timeout.min = 5s (custom)
2019-09-19 14:44:06,303 [pool-38-thread-1] INFO  server.RaftServerConfigKeys (ConfUtils.java:logGet(43)) - raft.server.rpc.timeout.max = 5200ms (custom)
2019-09-19 14:44:06,303 [pool-38-thread-1] INFO  server.RaftServerConfigKeys (ConfUtils.java:logGet(43)) - raft.server.rpcslowness.timeout = 120s (custom)
2019-09-19 14:44:06,303 [pool-38-thread-1] INFO  server.RaftServerConfigKeys (ConfUtils.java:logGet(43)) - raft.server.sleep.deviation.threshold = 300 (default)
2019-09-19 14:44:06,303 [pool-38-thread-1] INFO  server.RaftServerConfigKeys (ConfUtils.java:logGet(43)) - raft.server.log.appender.install.snapshot.enabled = false (custom)
2019-09-19 14:44:06,303 [pool-38-thread-1] INFO  impl.RaftServerImpl (ServerState.java:<init>(105)) - a4e26ddf-7cab-415d-8560-150ea8262212:group-DD3A4AF41B0C ConfigurationManager, init=-1: [a4e26ddf-7cab-415d-8560-150ea8262212:192.168.5.132:41799], old=null, confs=<EMPTY_MAP>
2019-09-19 14:44:06,303 [pool-38-thread-1] INFO  server.RaftServerConfigKeys (ConfUtils.java:logGet(43)) - raft.server.storage.dir = [/workdir/hadoop-ozone/tools/target/test-dir/MiniOzoneClusterImpl-c4d6e72d-f941-4a97-88b8-a79e0d5dc19a/datanode-1/data/ratis] (custom)
2019-09-19 14:44:06,304 [pool-38-thread-1] INFO  storage.RaftStorageDirectory (RaftStorageDirectory.java:analyzeStorage(246)) - The storage directory /workdir/hadoop-ozone/tools/target/test-dir/MiniOzoneClusterImpl-c4d6e72d-f941-4a97-88b8-a79e0d5dc19a/datanode-1/data/ratis/80b7a7bf-5330-4b33-8bff-dd3a4af41b0c does not exist. Creating ...
2019-09-19 14:44:06,333 [pool-38-thread-1] INFO  storage.RaftStorageDirectory (RaftStorageDirectory.java:tryLock(328)) - Lock on /workdir/hadoop-ozone/tools/target/test-dir/MiniOzoneClusterImpl-c4d6e72d-f941-4a97-88b8-a79e0d5dc19a/datanode-1/data/ratis/80b7a7bf-5330-4b33-8bff-dd3a4af41b0c/in_use.lock acquired by nodename 2755@pr-hdds-1569-rzdr8-3403194166
2019-09-19 14:44:06,350 | INFO  | SCMAudit | user=jenkins1000 | ip=192.168.5.132 | op=SEND_HEARTBEAT {datanodeUUID=94ffd37a-7fba-4e2b-aec6-167a5be5db83, command=[]} | ret=SUCCESS |  
2019-09-19 14:44:06,358 [pool-38-thread-1] INFO  storage.RaftStorage (RaftStorage.java:format(72)) - Storage directory /workdir/hadoop-ozone/tools/target/test-dir/MiniOzoneClusterImpl-c4d6e72d-f941-4a97-88b8-a79e0d5dc19a/datanode-1/data/ratis/80b7a7bf-5330-4b33-8bff-dd3a4af41b0c has been successfully formatted.
2019-09-19 14:44:06,359 [pool-38-thread-1] INFO  ratis.ContainerStateMachine (ContainerStateMachine.java:loadSnapshot(226)) - group-DD3A4AF41B0C: The snapshot info is null. Setting the last applied indexto:(t:0, i:~)
2019-09-19 14:44:06,359 [pool-38-thread-1] INFO  server.RaftServerConfigKeys (ConfUtils.java:logGet(43)) - raft.server.leader.election.timeout = 120s (custom)
2019-09-19 14:44:06,359 [pool-38-thread-1] INFO  server.RaftServerConfigKeys (ConfUtils.java:logGet(43)) - raft.server.log.use.memory = false (default)
2019-09-19 14:44:06,360 [pool-38-thread-1] INFO  server.RaftServerConfigKeys (ConfUtils.java:logGet(43)) - raft.server.log.purge.gap = 1000000 (custom)
2019-09-19 14:44:06,360 [pool-38-thread-1] INFO  server.RaftServerConfigKeys (ConfUtils.java:logGet(43)) - raft.server.log.appender.buffer.byte-limit = 33554432 (custom)
2019-09-19 14:44:06,360 [pool-38-thread-1] INFO  server.RaftServerConfigKeys (ConfUtils.java:logGet(43)) - raft.server.log.segment.size.max = 1048576 (custom)
2019-09-19 14:44:06,360 [pool-38-thread-1] INFO  server.RaftServerConfigKeys (ConfUtils.java:logGet(43)) - raft.server.log.segment.cache.num.max = 2 (custom)
2019-09-19 14:44:06,360 [pool-38-thread-1] INFO  segmented.SegmentedRaftLogWorker (SegmentedRaftLogWorker.java:<init>(172)) - new a4e26ddf-7cab-415d-8560-150ea8262212-SegmentedRaftLogWorker:Storage Directory /workdir/hadoop-ozone/tools/target/test-dir/MiniOzoneClusterImpl-c4d6e72d-f941-4a97-88b8-a79e0d5dc19a/datanode-1/data/ratis/80b7a7bf-5330-4b33-8bff-dd3a4af41b0c for RaftStorage:Storage Directory /workdir/hadoop-ozone/tools/target/test-dir/MiniOzoneClusterImpl-c4d6e72d-f941-4a97-88b8-a79e0d5dc19a/datanode-1/data/ratis/80b7a7bf-5330-4b33-8bff-dd3a4af41b0c
2019-09-19 14:44:06,361 [pool-38-thread-1] INFO  server.RaftServerConfigKeys (ConfUtils.java:logGet(43)) - raft.server.log.queue.byte-limit = 2147483647 (custom)
2019-09-19 14:44:06,361 [pool-38-thread-1] INFO  server.RaftServerConfigKeys (ConfUtils.java:logGet(43)) - raft.server.log.queue.element-limit = 1024 (custom)
2019-09-19 14:44:06,361 [pool-38-thread-1] INFO  server.RaftServerConfigKeys (ConfUtils.java:logGet(43)) - raft.server.log.segment.size.max = 1048576 (custom)
2019-09-19 14:44:06,361 [pool-38-thread-1] INFO  server.RaftServerConfigKeys (ConfUtils.java:logGet(43)) - raft.server.log.preallocated.size = 16384 (custom)
2019-09-19 14:44:06,361 [pool-38-thread-1] INFO  server.RaftServerConfigKeys (ConfUtils.java:logGet(43)) - raft.server.log.write.buffer.size = 33554432 (custom)
2019-09-19 14:44:06,362 [pool-38-thread-1] INFO  server.RaftServerConfigKeys (ConfUtils.java:logGet(43)) - raft.server.log.force.sync.num = 128 (default)
2019-09-19 14:44:06,362 [pool-38-thread-1] INFO  server.RaftServerConfigKeys (ConfUtils.java:logGet(43)) - raft.server.log.statemachine.data.sync = true (default)
2019-09-19 14:44:06,362 [pool-38-thread-1] INFO  server.RaftServerConfigKeys (ConfUtils.java:logGet(43)) - raft.server.log.statemachine.data.sync.timeout = 10s (default)
2019-09-19 14:44:06,362 [pool-38-thread-1] INFO  server.RaftServerConfigKeys (ConfUtils.java:logGet(43)) - raft.server.log.statemachine.data.sync.timeout.retry = -1 (default)
2019-09-19 14:44:06,362 [pool-38-thread-1] INFO  server.RaftServerConfigKeys (ConfUtils.java:logGet(43)) - raft.server.log.statemachine.data.caching.enabled = true (custom)
2019-09-19 14:44:06,363 [pool-38-thread-1] INFO  segmented.SegmentedRaftLogWorker (SegmentedRaftLogWorker.java:lambda$new$0(132)) - a4e26ddf-7cab-415d-8560-150ea8262212-SegmentedRaftLogWorker:Storage Directory /workdir/hadoop-ozone/tools/target/test-dir/MiniOzoneClusterImpl-c4d6e72d-f941-4a97-88b8-a79e0d5dc19a/datanode-1/data/ratis/80b7a7bf-5330-4b33-8bff-dd3a4af41b0c: flushIndex: setUnconditionally 0 -> -1
2019-09-19 14:44:06,363 [pool-38-thread-1] INFO  server.RaftServerConfigKeys (ConfUtils.java:logGet(43)) - raft.server.snapshot.auto.trigger.enabled = true (custom)
2019-09-19 14:44:06,363 [pool-38-thread-1] INFO  server.RaftServerConfigKeys (ConfUtils.java:logGet(43)) - raft.server.snapshot.auto.trigger.threshold = 10000 (custom)
2019-09-19 14:44:06,363 [pool-38-thread-1] INFO  server.RaftServerConfigKeys (ConfUtils.java:logGet(43)) - raft.server.retrycache.expirytime = 600000ms (custom)
2019-09-19 14:44:06,364 [pool-38-thread-1] INFO  impl.RaftServerImpl (RaftServerImpl.java:start(180)) - a4e26ddf-7cab-415d-8560-150ea8262212: start group-DD3A4AF41B0C
2019-09-19 14:44:06,364 [pool-38-thread-1] INFO  impl.RaftServerImpl (RaftServerImpl.java:setRole(171)) - a4e26ddf-7cab-415d-8560-150ea8262212:group-DD3A4AF41B0C changes role from null to FOLLOWER at term 0 for startAsFollower
2019-09-19 14:44:06,364 [pool-38-thread-1] INFO  impl.RoleInfo (RoleInfo.java:updateAndGet(143)) - a4e26ddf-7cab-415d-8560-150ea8262212: start FollowerState
2019-09-19 14:44:06,365 [pool-38-thread-1] INFO  util.JmxRegister (JmxRegister.java:tryRegister(44)) - Successfully registered JMX Bean with object name Ratis:service=RaftServer,group=group-DD3A4AF41B0C,id=a4e26ddf-7cab-415d-8560-150ea8262212
2019-09-19 14:44:06,371 [RatisPipelineUtilsThread] INFO  pipeline.PipelineStateManager (PipelineStateManager.java:addPipeline(56)) - Created pipeline Pipeline[ Id: 80b7a7bf-5330-4b33-8bff-dd3a4af41b0c, Nodes: a4e26ddf-7cab-415d-8560-150ea8262212{ip: 192.168.5.132, host: pr-hdds-1569-rzdr8-3403194166, networkLocation: /default-rack, certSerialId: null}, Type:RATIS, Factor:ONE, State:OPEN]
2019-09-19 14:44:06,373 [RatisPipelineUtilsThread] ERROR pipeline.PipelinePlacementPolicy (PipelinePlacementPolicy.java:meetCriteria(91)) - Pipeline Placement: Doesn't meet the criteria to be viable node. Heaviness: 6
2019-09-19 14:44:06,373 [RatisPipelineUtilsThread] ERROR pipeline.PipelinePlacementPolicy (PipelinePlacementPolicy.java:meetCriteria(91)) - Pipeline Placement: Doesn't meet the criteria to be viable node. Heaviness: 6
2019-09-19 14:44:06,396 [grpc-default-executor-1] INFO  impl.RaftServerProxy (RaftServerProxy.java:addNew(89)) - 550ad0a3-b6ae-44bc-a70a-b51f5a4003f3: addNew group-D2C2109C9C4E:[550ad0a3-b6ae-44bc-a70a-b51f5a4003f3:192.168.5.132:46067] returns group-D2C2109C9C4E:java.util.concurrent.CompletableFuture@54cc1dba[Not completed]
2019-09-19 14:44:06,398 [pool-49-thread-1] INFO  impl.RaftServerImpl (RaftServerImpl.java:<init>(93)) - 550ad0a3-b6ae-44bc-a70a-b51f5a4003f3: new RaftServerImpl for group-D2C2109C9C4E:[550ad0a3-b6ae-44bc-a70a-b51f5a4003f3:192.168.5.132:46067] with ContainerStateMachine:uninitialized
2019-09-19 14:44:06,398 [pool-49-thread-1] INFO  server.RaftServerConfigKeys (ConfUtils.java:logGet(43)) - raft.server.rpc.timeout.min = 5s (custom)
2019-09-19 14:44:06,398 [pool-49-thread-1] INFO  server.RaftServerConfigKeys (ConfUtils.java:logGet(43)) - raft.server.rpc.timeout.max = 5200ms (custom)
2019-09-19 14:44:06,399 [pool-49-thread-1] INFO  server.RaftServerConfigKeys (ConfUtils.java:logGet(43)) - raft.server.rpcslowness.timeout = 120s (custom)
2019-09-19 14:44:06,399 [pool-49-thread-1] INFO  server.RaftServerConfigKeys (ConfUtils.java:logGet(43)) - raft.server.sleep.deviation.threshold = 300 (default)
2019-09-19 14:44:06,399 [pool-49-thread-1] INFO  server.RaftServerConfigKeys (ConfUtils.java:logGet(43)) - raft.server.log.appender.install.snapshot.enabled = false (custom)
2019-09-19 14:44:06,399 [pool-49-thread-1] INFO  impl.RaftServerImpl (ServerState.java:<init>(105)) - 550ad0a3-b6ae-44bc-a70a-b51f5a4003f3:group-D2C2109C9C4E ConfigurationManager, init=-1: [550ad0a3-b6ae-44bc-a70a-b51f5a4003f3:192.168.5.132:46067], old=null, confs=<EMPTY_MAP>
2019-09-19 14:44:06,399 [pool-49-thread-1] INFO  server.RaftServerConfigKeys (ConfUtils.java:logGet(43)) - raft.server.storage.dir = [/workdir/hadoop-ozone/tools/target/test-dir/MiniOzoneClusterImpl-c4d6e72d-f941-4a97-88b8-a79e0d5dc19a/datanode-2/data/ratis] (custom)
2019-09-19 14:44:06,399 [pool-49-thread-1] INFO  storage.RaftStorageDirectory (RaftStorageDirectory.java:analyzeStorage(246)) - The storage directory /workdir/hadoop-ozone/tools/target/test-dir/MiniOzoneClusterImpl-c4d6e72d-f941-4a97-88b8-a79e0d5dc19a/datanode-2/data/ratis/364d42ec-adb7-440d-94d9-d2c2109c9c4e does not exist. Creating ...
2019-09-19 14:44:06,406 [Thread-207] INFO  container.ReplicationManager (ReplicationManager.java:start(151)) - Starting Replication Monitor Thread.
2019-09-19 14:44:06,407 | INFO  | SCMAudit | user=jenkins1000 | ip=192.168.5.132 | op=SEND_HEARTBEAT {datanodeUUID=5f94aeea-aba2-49fa-a1fa-8df10a3eed4d, command=[]} | ret=SUCCESS |  
2019-09-19 14:44:06,408 [ReplicationMonitor] INFO  container.ReplicationManager (ReplicationManager.java:run(214)) - Replication Monitor Thread took 1 milliseconds for processing 0 containers.
2019-09-19 14:44:06,426 [pool-49-thread-1] INFO  storage.RaftStorageDirectory (RaftStorageDirectory.java:tryLock(328)) - Lock on /workdir/hadoop-ozone/tools/target/test-dir/MiniOzoneClusterImpl-c4d6e72d-f941-4a97-88b8-a79e0d5dc19a/datanode-2/data/ratis/364d42ec-adb7-440d-94d9-d2c2109c9c4e/in_use.lock acquired by nodename 2755@pr-hdds-1569-rzdr8-3403194166
2019-09-19 14:44:06,443 [pool-49-thread-1] INFO  storage.RaftStorage (RaftStorage.java:format(72)) - Storage directory /workdir/hadoop-ozone/tools/target/test-dir/MiniOzoneClusterImpl-c4d6e72d-f941-4a97-88b8-a79e0d5dc19a/datanode-2/data/ratis/364d42ec-adb7-440d-94d9-d2c2109c9c4e has been successfully formatted.
2019-09-19 14:44:06,443 [pool-49-thread-1] INFO  ratis.ContainerStateMachine (ContainerStateMachine.java:loadSnapshot(226)) - group-D2C2109C9C4E: The snapshot info is null. Setting the last applied indexto:(t:0, i:~)
2019-09-19 14:44:06,443 [pool-49-thread-1] INFO  server.RaftServerConfigKeys (ConfUtils.java:logGet(43)) - raft.server.leader.election.timeout = 120s (custom)
2019-09-19 14:44:06,444 [pool-49-thread-1] INFO  server.RaftServerConfigKeys (ConfUtils.java:logGet(43)) - raft.server.log.use.memory = false (default)
2019-09-19 14:44:06,444 [pool-49-thread-1] INFO  server.RaftServerConfigKeys (ConfUtils.java:logGet(43)) - raft.server.log.purge.gap = 1000000 (custom)
2019-09-19 14:44:06,444 [pool-49-thread-1] INFO  server.RaftServerConfigKeys (ConfUtils.java:logGet(43)) - raft.server.log.appender.buffer.byte-limit = 33554432 (custom)
2019-09-19 14:44:06,444 [pool-49-thread-1] INFO  server.RaftServerConfigKeys (ConfUtils.java:logGet(43)) - raft.server.log.segment.size.max = 1048576 (custom)
2019-09-19 14:44:06,444 [pool-49-thread-1] INFO  server.RaftServerConfigKeys (ConfUtils.java:logGet(43)) - raft.server.log.segment.cache.num.max = 2 (custom)
2019-09-19 14:44:06,444 [pool-49-thread-1] INFO  segmented.SegmentedRaftLogWorker (SegmentedRaftLogWorker.java:<init>(172)) - new 550ad0a3-b6ae-44bc-a70a-b51f5a4003f3-SegmentedRaftLogWorker:Storage Directory /workdir/hadoop-ozone/tools/target/test-dir/MiniOzoneClusterImpl-c4d6e72d-f941-4a97-88b8-a79e0d5dc19a/datanode-2/data/ratis/364d42ec-adb7-440d-94d9-d2c2109c9c4e for RaftStorage:Storage Directory /workdir/hadoop-ozone/tools/target/test-dir/MiniOzoneClusterImpl-c4d6e72d-f941-4a97-88b8-a79e0d5dc19a/datanode-2/data/ratis/364d42ec-adb7-440d-94d9-d2c2109c9c4e
2019-09-19 14:44:06,444 [pool-49-thread-1] INFO  server.RaftServerConfigKeys (ConfUtils.java:logGet(43)) - raft.server.log.queue.byte-limit = 2147483647 (custom)
2019-09-19 14:44:06,445 [pool-49-thread-1] INFO  server.RaftServerConfigKeys (ConfUtils.java:logGet(43)) - raft.server.log.queue.element-limit = 1024 (custom)
2019-09-19 14:44:06,445 [pool-49-thread-1] INFO  server.RaftServerConfigKeys (ConfUtils.java:logGet(43)) - raft.server.log.segment.size.max = 1048576 (custom)
2019-09-19 14:44:06,445 [pool-49-thread-1] INFO  server.RaftServerConfigKeys (ConfUtils.java:logGet(43)) - raft.server.log.preallocated.size = 16384 (custom)
2019-09-19 14:44:06,445 [pool-49-thread-1] INFO  server.RaftServerConfigKeys (ConfUtils.java:logGet(43)) - raft.server.log.write.buffer.size = 33554432 (custom)
2019-09-19 14:44:06,445 [pool-49-thread-1] INFO  server.RaftServerConfigKeys (ConfUtils.java:logGet(43)) - raft.server.log.force.sync.num = 128 (default)
2019-09-19 14:44:06,445 [pool-49-thread-1] INFO  server.RaftServerConfigKeys (ConfUtils.java:logGet(43)) - raft.server.log.statemachine.data.sync = true (default)
2019-09-19 14:44:06,445 [pool-49-thread-1] INFO  server.RaftServerConfigKeys (ConfUtils.java:logGet(43)) - raft.server.log.statemachine.data.sync.timeout = 10s (default)
2019-09-19 14:44:06,445 [pool-49-thread-1] INFO  server.RaftServerConfigKeys (ConfUtils.java:logGet(43)) - raft.server.log.statemachine.data.sync.timeout.retry = -1 (default)
2019-09-19 14:44:06,446 [pool-49-thread-1] INFO  server.RaftServerConfigKeys (ConfUtils.java:logGet(43)) - raft.server.log.statemachine.data.caching.enabled = true (custom)
2019-09-19 14:44:06,446 [pool-49-thread-1] INFO  segmented.SegmentedRaftLogWorker (SegmentedRaftLogWorker.java:lambda$new$0(132)) - 550ad0a3-b6ae-44bc-a70a-b51f5a4003f3-SegmentedRaftLogWorker:Storage Directory /workdir/hadoop-ozone/tools/target/test-dir/MiniOzoneClusterImpl-c4d6e72d-f941-4a97-88b8-a79e0d5dc19a/datanode-2/data/ratis/364d42ec-adb7-440d-94d9-d2c2109c9c4e: flushIndex: setUnconditionally 0 -> -1
2019-09-19 14:44:06,446 [pool-49-thread-1] INFO  server.RaftServerConfigKeys (ConfUtils.java:logGet(43)) - raft.server.snapshot.auto.trigger.enabled = true (custom)
2019-09-19 14:44:06,446 [pool-49-thread-1] INFO  server.RaftServerConfigKeys (ConfUtils.java:logGet(43)) - raft.server.snapshot.auto.trigger.threshold = 10000 (custom)
2019-09-19 14:44:06,447 [pool-49-thread-1] INFO  server.RaftServerConfigKeys (ConfUtils.java:logGet(43)) - raft.server.retrycache.expirytime = 600000ms (custom)
2019-09-19 14:44:06,447 [pool-49-thread-1] INFO  impl.RaftServerImpl (RaftServerImpl.java:start(180)) - 550ad0a3-b6ae-44bc-a70a-b51f5a4003f3: start group-D2C2109C9C4E
2019-09-19 14:44:06,447 [pool-49-thread-1] INFO  impl.RaftServerImpl (RaftServerImpl.java:setRole(171)) - 550ad0a3-b6ae-44bc-a70a-b51f5a4003f3:group-D2C2109C9C4E changes role from null to FOLLOWER at term 0 for startAsFollower
2019-09-19 14:44:06,447 [pool-49-thread-1] INFO  impl.RoleInfo (RoleInfo.java:updateAndGet(143)) - 550ad0a3-b6ae-44bc-a70a-b51f5a4003f3: start FollowerState
2019-09-19 14:44:06,455 [pool-49-thread-1] INFO  util.JmxRegister (JmxRegister.java:tryRegister(44)) - Successfully registered JMX Bean with object name Ratis:service=RaftServer,group=group-D2C2109C9C4E,id=550ad0a3-b6ae-44bc-a70a-b51f5a4003f3
2019-09-19 14:44:06,471 [RatisPipelineUtilsThread] INFO  pipeline.PipelineStateManager (PipelineStateManager.java:addPipeline(56)) - Created pipeline Pipeline[ Id: 364d42ec-adb7-440d-94d9-d2c2109c9c4e, Nodes: 550ad0a3-b6ae-44bc-a70a-b51f5a4003f3{ip: 192.168.5.132, host: pr-hdds-1569-rzdr8-3403194166, networkLocation: /default-rack, certSerialId: null}, Type:RATIS, Factor:ONE, State:OPEN]
2019-09-19 14:44:06,482 [RatisPipelineUtilsThread] ERROR pipeline.PipelinePlacementPolicy (PipelinePlacementPolicy.java:meetCriteria(91)) - Pipeline Placement: Doesn't meet the criteria to be viable node. Heaviness: 6
2019-09-19 14:44:06,483 [RatisPipelineUtilsThread] ERROR pipeline.PipelinePlacementPolicy (PipelinePlacementPolicy.java:meetCriteria(91)) - Pipeline Placement: Doesn't meet the criteria to be viable node. Heaviness: 6
2019-09-19 14:44:06,492 [grpc-default-executor-1] INFO  impl.RaftServerProxy (RaftServerProxy.java:addNew(89)) - a4e26ddf-7cab-415d-8560-150ea8262212: addNew group-F9BE31A2F2AE:[a4e26ddf-7cab-415d-8560-150ea8262212:192.168.5.132:41799] returns group-F9BE31A2F2AE:java.util.concurrent.CompletableFuture@62b5042d[Not completed]
2019-09-19 14:44:06,495 [pool-38-thread-1] INFO  impl.RaftServerImpl (RaftServerImpl.java:<init>(93)) - a4e26ddf-7cab-415d-8560-150ea8262212: new RaftServerImpl for group-F9BE31A2F2AE:[a4e26ddf-7cab-415d-8560-150ea8262212:192.168.5.132:41799] with ContainerStateMachine:uninitialized
2019-09-19 14:44:06,495 [pool-38-thread-1] INFO  server.RaftServerConfigKeys (ConfUtils.java:logGet(43)) - raft.server.rpc.timeout.min = 5s (custom)
2019-09-19 14:44:06,495 [pool-38-thread-1] INFO  server.RaftServerConfigKeys (ConfUtils.java:logGet(43)) - raft.server.rpc.timeout.max = 5200ms (custom)
2019-09-19 14:44:06,496 [pool-38-thread-1] INFO  server.RaftServerConfigKeys (ConfUtils.java:logGet(43)) - raft.server.rpcslowness.timeout = 120s (custom)
2019-09-19 14:44:06,496 [pool-38-thread-1] INFO  server.RaftServerConfigKeys (ConfUtils.java:logGet(43)) - raft.server.sleep.deviation.threshold = 300 (default)
2019-09-19 14:44:06,496 [pool-38-thread-1] INFO  server.RaftServerConfigKeys (ConfUtils.java:logGet(43)) - raft.server.log.appender.install.snapshot.enabled = false (custom)
2019-09-19 14:44:06,496 [pool-38-thread-1] INFO  impl.RaftServerImpl (ServerState.java:<init>(105)) - a4e26ddf-7cab-415d-8560-150ea8262212:group-F9BE31A2F2AE ConfigurationManager, init=-1: [a4e26ddf-7cab-415d-8560-150ea8262212:192.168.5.132:41799], old=null, confs=<EMPTY_MAP>
2019-09-19 14:44:06,496 [pool-38-thread-1] INFO  server.RaftServerConfigKeys (ConfUtils.java:logGet(43)) - raft.server.storage.dir = [/workdir/hadoop-ozone/tools/target/test-dir/MiniOzoneClusterImpl-c4d6e72d-f941-4a97-88b8-a79e0d5dc19a/datanode-1/data/ratis] (custom)
2019-09-19 14:44:06,497 [pool-38-thread-1] INFO  storage.RaftStorageDirectory (RaftStorageDirectory.java:analyzeStorage(246)) - The storage directory /workdir/hadoop-ozone/tools/target/test-dir/MiniOzoneClusterImpl-c4d6e72d-f941-4a97-88b8-a79e0d5dc19a/datanode-1/data/ratis/ab744aac-0fa2-42d1-8aa3-f9be31a2f2ae does not exist. Creating ...
2019-09-19 14:44:06,518 [pool-38-thread-1] INFO  storage.RaftStorageDirectory (RaftStorageDirectory.java:tryLock(328)) - Lock on /workdir/hadoop-ozone/tools/target/test-dir/MiniOzoneClusterImpl-c4d6e72d-f941-4a97-88b8-a79e0d5dc19a/datanode-1/data/ratis/ab744aac-0fa2-42d1-8aa3-f9be31a2f2ae/in_use.lock acquired by nodename 2755@pr-hdds-1569-rzdr8-3403194166
2019-09-19 14:44:06,537 [pool-38-thread-1] INFO  storage.RaftStorage (RaftStorage.java:format(72)) - Storage directory /workdir/hadoop-ozone/tools/target/test-dir/MiniOzoneClusterImpl-c4d6e72d-f941-4a97-88b8-a79e0d5dc19a/datanode-1/data/ratis/ab744aac-0fa2-42d1-8aa3-f9be31a2f2ae has been successfully formatted.
2019-09-19 14:44:06,537 [pool-38-thread-1] INFO  ratis.ContainerStateMachine (ContainerStateMachine.java:loadSnapshot(226)) - group-F9BE31A2F2AE: The snapshot info is null. Setting the last applied indexto:(t:0, i:~)
2019-09-19 14:44:06,537 [pool-38-thread-1] INFO  server.RaftServerConfigKeys (ConfUtils.java:logGet(43)) - raft.server.leader.election.timeout = 120s (custom)
2019-09-19 14:44:06,537 [pool-38-thread-1] INFO  server.RaftServerConfigKeys (ConfUtils.java:logGet(43)) - raft.server.log.use.memory = false (default)
2019-09-19 14:44:06,538 [pool-38-thread-1] INFO  server.RaftServerConfigKeys (ConfUtils.java:logGet(43)) - raft.server.log.purge.gap = 1000000 (custom)
2019-09-19 14:44:06,538 [pool-38-thread-1] INFO  server.RaftServerConfigKeys (ConfUtils.java:logGet(43)) - raft.server.log.appender.buffer.byte-limit = 33554432 (custom)
2019-09-19 14:44:06,538 [pool-38-thread-1] INFO  server.RaftServerConfigKeys (ConfUtils.java:logGet(43)) - raft.server.log.segment.size.max = 1048576 (custom)
2019-09-19 14:44:06,538 [pool-38-thread-1] INFO  server.RaftServerConfigKeys (ConfUtils.java:logGet(43)) - raft.server.log.segment.cache.num.max = 2 (custom)
2019-09-19 14:44:06,538 [pool-38-thread-1] INFO  segmented.SegmentedRaftLogWorker (SegmentedRaftLogWorker.java:<init>(172)) - new a4e26ddf-7cab-415d-8560-150ea8262212-SegmentedRaftLogWorker:Storage Directory /workdir/hadoop-ozone/tools/target/test-dir/MiniOzoneClusterImpl-c4d6e72d-f941-4a97-88b8-a79e0d5dc19a/datanode-1/data/ratis/ab744aac-0fa2-42d1-8aa3-f9be31a2f2ae for RaftStorage:Storage Directory /workdir/hadoop-ozone/tools/target/test-dir/MiniOzoneClusterImpl-c4d6e72d-f941-4a97-88b8-a79e0d5dc19a/datanode-1/data/ratis/ab744aac-0fa2-42d1-8aa3-f9be31a2f2ae
2019-09-19 14:44:06,538 [pool-38-thread-1] INFO  server.RaftServerConfigKeys (ConfUtils.java:logGet(43)) - raft.server.log.queue.byte-limit = 2147483647 (custom)
2019-09-19 14:44:06,538 [pool-38-thread-1] INFO  server.RaftServerConfigKeys (ConfUtils.java:logGet(43)) - raft.server.log.queue.element-limit = 1024 (custom)
2019-09-19 14:44:06,538 [pool-38-thread-1] INFO  server.RaftServerConfigKeys (ConfUtils.java:logGet(43)) - raft.server.log.segment.size.max = 1048576 (custom)
2019-09-19 14:44:06,539 [pool-38-thread-1] INFO  server.RaftServerConfigKeys (ConfUtils.java:logGet(43)) - raft.server.log.preallocated.size = 16384 (custom)
2019-09-19 14:44:06,539 [pool-38-thread-1] INFO  server.RaftServerConfigKeys (ConfUtils.java:logGet(43)) - raft.server.log.write.buffer.size = 33554432 (custom)
2019-09-19 14:44:06,539 [pool-38-thread-1] INFO  server.RaftServerConfigKeys (ConfUtils.java:logGet(43)) - raft.server.log.force.sync.num = 128 (default)
2019-09-19 14:44:06,539 [pool-38-thread-1] INFO  server.RaftServerConfigKeys (ConfUtils.java:logGet(43)) - raft.server.log.statemachine.data.sync = true (default)
2019-09-19 14:44:06,539 [pool-38-thread-1] INFO  server.RaftServerConfigKeys (ConfUtils.java:logGet(43)) - raft.server.log.statemachine.data.sync.timeout = 10s (default)
2019-09-19 14:44:06,539 [pool-38-thread-1] INFO  server.RaftServerConfigKeys (ConfUtils.java:logGet(43)) - raft.server.log.statemachine.data.sync.timeout.retry = -1 (default)
2019-09-19 14:44:06,539 [pool-38-thread-1] INFO  server.RaftServerConfigKeys (ConfUtils.java:logGet(43)) - raft.server.log.statemachine.data.caching.enabled = true (custom)
2019-09-19 14:44:06,540 [pool-38-thread-1] INFO  segmented.SegmentedRaftLogWorker (SegmentedRaftLogWorker.java:lambda$new$0(132)) - a4e26ddf-7cab-415d-8560-150ea8262212-SegmentedRaftLogWorker:Storage Directory /workdir/hadoop-ozone/tools/target/test-dir/MiniOzoneClusterImpl-c4d6e72d-f941-4a97-88b8-a79e0d5dc19a/datanode-1/data/ratis/ab744aac-0fa2-42d1-8aa3-f9be31a2f2ae: flushIndex: setUnconditionally 0 -> -1
2019-09-19 14:44:06,540 [pool-38-thread-1] INFO  server.RaftServerConfigKeys (ConfUtils.java:logGet(43)) - raft.server.snapshot.auto.trigger.enabled = true (custom)
2019-09-19 14:44:06,540 [pool-38-thread-1] INFO  server.RaftServerConfigKeys (ConfUtils.java:logGet(43)) - raft.server.snapshot.auto.trigger.threshold = 10000 (custom)
2019-09-19 14:44:06,540 [pool-38-thread-1] INFO  server.RaftServerConfigKeys (ConfUtils.java:logGet(43)) - raft.server.retrycache.expirytime = 600000ms (custom)
2019-09-19 14:44:06,540 [pool-38-thread-1] INFO  impl.RaftServerImpl (RaftServerImpl.java:start(180)) - a4e26ddf-7cab-415d-8560-150ea8262212: start group-F9BE31A2F2AE
2019-09-19 14:44:06,540 [pool-38-thread-1] INFO  impl.RaftServerImpl (RaftServerImpl.java:setRole(171)) - a4e26ddf-7cab-415d-8560-150ea8262212:group-F9BE31A2F2AE changes role from null to FOLLOWER at term 0 for startAsFollower
2019-09-19 14:44:06,541 [pool-38-thread-1] INFO  impl.RoleInfo (RoleInfo.java:updateAndGet(143)) - a4e26ddf-7cab-415d-8560-150ea8262212: start FollowerState
2019-09-19 14:44:06,541 [pool-38-thread-1] INFO  util.JmxRegister (JmxRegister.java:tryRegister(44)) - Successfully registered JMX Bean with object name Ratis:service=RaftServer,group=group-F9BE31A2F2AE,id=a4e26ddf-7cab-415d-8560-150ea8262212
2019-09-19 14:44:06,547 [RatisPipelineUtilsThread] INFO  pipeline.PipelineStateManager (PipelineStateManager.java:addPipeline(56)) - Created pipeline Pipeline[ Id: ab744aac-0fa2-42d1-8aa3-f9be31a2f2ae, Nodes: a4e26ddf-7cab-415d-8560-150ea8262212{ip: 192.168.5.132, host: pr-hdds-1569-rzdr8-3403194166, networkLocation: /default-rack, certSerialId: null}, Type:RATIS, Factor:ONE, State:OPEN]
2019-09-19 14:44:06,549 [RatisPipelineUtilsThread] ERROR pipeline.PipelinePlacementPolicy (PipelinePlacementPolicy.java:meetCriteria(91)) - Pipeline Placement: Doesn't meet the criteria to be viable node. Heaviness: 6
2019-09-19 14:44:06,549 [RatisPipelineUtilsThread] ERROR pipeline.PipelinePlacementPolicy (PipelinePlacementPolicy.java:meetCriteria(91)) - Pipeline Placement: Doesn't meet the criteria to be viable node. Heaviness: 6
2019-09-19 14:44:06,558 [grpc-default-executor-1] INFO  impl.RaftServerProxy (RaftServerProxy.java:addNew(89)) - a4e26ddf-7cab-415d-8560-150ea8262212: addNew group-5587ECB725A7:[a4e26ddf-7cab-415d-8560-150ea8262212:192.168.5.132:41799] returns group-5587ECB725A7:java.util.concurrent.CompletableFuture@204aa4ef[Not completed]
2019-09-19 14:44:06,560 [pool-38-thread-1] INFO  impl.RaftServerImpl (RaftServerImpl.java:<init>(93)) - a4e26ddf-7cab-415d-8560-150ea8262212: new RaftServerImpl for group-5587ECB725A7:[a4e26ddf-7cab-415d-8560-150ea8262212:192.168.5.132:41799] with ContainerStateMachine:uninitialized
2019-09-19 14:44:06,561 [pool-38-thread-1] INFO  server.RaftServerConfigKeys (ConfUtils.java:logGet(43)) - raft.server.rpc.timeout.min = 5s (custom)
2019-09-19 14:44:06,561 [pool-38-thread-1] INFO  server.RaftServerConfigKeys (ConfUtils.java:logGet(43)) - raft.server.rpc.timeout.max = 5200ms (custom)
2019-09-19 14:44:06,561 [pool-38-thread-1] INFO  server.RaftServerConfigKeys (ConfUtils.java:logGet(43)) - raft.server.rpcslowness.timeout = 120s (custom)
2019-09-19 14:44:06,561 [pool-38-thread-1] INFO  server.RaftServerConfigKeys (ConfUtils.java:logGet(43)) - raft.server.sleep.deviation.threshold = 300 (default)
2019-09-19 14:44:06,561 [pool-38-thread-1] INFO  server.RaftServerConfigKeys (ConfUtils.java:logGet(43)) - raft.server.log.appender.install.snapshot.enabled = false (custom)
2019-09-19 14:44:06,561 [pool-38-thread-1] INFO  impl.RaftServerImpl (ServerState.java:<init>(105)) - a4e26ddf-7cab-415d-8560-150ea8262212:group-5587ECB725A7 ConfigurationManager, init=-1: [a4e26ddf-7cab-415d-8560-150ea8262212:192.168.5.132:41799], old=null, confs=<EMPTY_MAP>
2019-09-19 14:44:06,561 [pool-38-thread-1] INFO  server.RaftServerConfigKeys (ConfUtils.java:logGet(43)) - raft.server.storage.dir = [/workdir/hadoop-ozone/tools/target/test-dir/MiniOzoneClusterImpl-c4d6e72d-f941-4a97-88b8-a79e0d5dc19a/datanode-1/data/ratis] (custom)
2019-09-19 14:44:06,562 [pool-38-thread-1] INFO  storage.RaftStorageDirectory (RaftStorageDirectory.java:analyzeStorage(246)) - The storage directory /workdir/hadoop-ozone/tools/target/test-dir/MiniOzoneClusterImpl-c4d6e72d-f941-4a97-88b8-a79e0d5dc19a/datanode-1/data/ratis/ba362a60-094d-49c4-aa4f-5587ecb725a7 does not exist. Creating ...
2019-09-19 14:44:06,587 [pool-38-thread-1] INFO  storage.RaftStorageDirectory (RaftStorageDirectory.java:tryLock(328)) - Lock on /workdir/hadoop-ozone/tools/target/test-dir/MiniOzoneClusterImpl-c4d6e72d-f941-4a97-88b8-a79e0d5dc19a/datanode-1/data/ratis/ba362a60-094d-49c4-aa4f-5587ecb725a7/in_use.lock acquired by nodename 2755@pr-hdds-1569-rzdr8-3403194166
2019-09-19 14:44:06,612 [pool-38-thread-1] INFO  storage.RaftStorage (RaftStorage.java:format(72)) - Storage directory /workdir/hadoop-ozone/tools/target/test-dir/MiniOzoneClusterImpl-c4d6e72d-f941-4a97-88b8-a79e0d5dc19a/datanode-1/data/ratis/ba362a60-094d-49c4-aa4f-5587ecb725a7 has been successfully formatted.
2019-09-19 14:44:06,613 [pool-38-thread-1] INFO  ratis.ContainerStateMachine (ContainerStateMachine.java:loadSnapshot(226)) - group-5587ECB725A7: The snapshot info is null. Setting the last applied indexto:(t:0, i:~)
2019-09-19 14:44:06,613 [pool-38-thread-1] INFO  server.RaftServerConfigKeys (ConfUtils.java:logGet(43)) - raft.server.leader.election.timeout = 120s (custom)
2019-09-19 14:44:06,613 [pool-38-thread-1] INFO  server.RaftServerConfigKeys (ConfUtils.java:logGet(43)) - raft.server.log.use.memory = false (default)
2019-09-19 14:44:06,613 [pool-38-thread-1] INFO  server.RaftServerConfigKeys (ConfUtils.java:logGet(43)) - raft.server.log.purge.gap = 1000000 (custom)
2019-09-19 14:44:06,613 [pool-38-thread-1] INFO  server.RaftServerConfigKeys (ConfUtils.java:logGet(43)) - raft.server.log.appender.buffer.byte-limit = 33554432 (custom)
2019-09-19 14:44:06,613 [pool-38-thread-1] INFO  server.RaftServerConfigKeys (ConfUtils.java:logGet(43)) - raft.server.log.segment.size.max = 1048576 (custom)
2019-09-19 14:44:06,614 [pool-38-thread-1] INFO  server.RaftServerConfigKeys (ConfUtils.java:logGet(43)) - raft.server.log.segment.cache.num.max = 2 (custom)
2019-09-19 14:44:06,614 [pool-38-thread-1] INFO  segmented.SegmentedRaftLogWorker (SegmentedRaftLogWorker.java:<init>(172)) - new a4e26ddf-7cab-415d-8560-150ea8262212-SegmentedRaftLogWorker:Storage Directory /workdir/hadoop-ozone/tools/target/test-dir/MiniOzoneClusterImpl-c4d6e72d-f941-4a97-88b8-a79e0d5dc19a/datanode-1/data/ratis/ba362a60-094d-49c4-aa4f-5587ecb725a7 for RaftStorage:Storage Directory /workdir/hadoop-ozone/tools/target/test-dir/MiniOzoneClusterImpl-c4d6e72d-f941-4a97-88b8-a79e0d5dc19a/datanode-1/data/ratis/ba362a60-094d-49c4-aa4f-5587ecb725a7
2019-09-19 14:44:06,614 [pool-38-thread-1] INFO  server.RaftServerConfigKeys (ConfUtils.java:logGet(43)) - raft.server.log.queue.byte-limit = 2147483647 (custom)
2019-09-19 14:44:06,614 [pool-38-thread-1] INFO  server.RaftServerConfigKeys (ConfUtils.java:logGet(43)) - raft.server.log.queue.element-limit = 1024 (custom)
2019-09-19 14:44:06,614 [pool-38-thread-1] INFO  server.RaftServerConfigKeys (ConfUtils.java:logGet(43)) - raft.server.log.segment.size.max = 1048576 (custom)
2019-09-19 14:44:06,614 [pool-38-thread-1] INFO  server.RaftServerConfigKeys (ConfUtils.java:logGet(43)) - raft.server.log.preallocated.size = 16384 (custom)
2019-09-19 14:44:06,615 [pool-38-thread-1] INFO  server.RaftServerConfigKeys (ConfUtils.java:logGet(43)) - raft.server.log.write.buffer.size = 33554432 (custom)
2019-09-19 14:44:06,615 [pool-38-thread-1] INFO  server.RaftServerConfigKeys (ConfUtils.java:logGet(43)) - raft.server.log.force.sync.num = 128 (default)
2019-09-19 14:44:06,615 [pool-38-thread-1] INFO  server.RaftServerConfigKeys (ConfUtils.java:logGet(43)) - raft.server.log.statemachine.data.sync = true (default)
2019-09-19 14:44:06,615 [pool-38-thread-1] INFO  server.RaftServerConfigKeys (ConfUtils.java:logGet(43)) - raft.server.log.statemachine.data.sync.timeout = 10s (default)
2019-09-19 14:44:06,615 [pool-38-thread-1] INFO  server.RaftServerConfigKeys (ConfUtils.java:logGet(43)) - raft.server.log.statemachine.data.sync.timeout.retry = -1 (default)
2019-09-19 14:44:06,615 [pool-38-thread-1] INFO  server.RaftServerConfigKeys (ConfUtils.java:logGet(43)) - raft.server.log.statemachine.data.caching.enabled = true (custom)
2019-09-19 14:44:06,615 [pool-38-thread-1] INFO  segmented.SegmentedRaftLogWorker (SegmentedRaftLogWorker.java:lambda$new$0(132)) - a4e26ddf-7cab-415d-8560-150ea8262212-SegmentedRaftLogWorker:Storage Directory /workdir/hadoop-ozone/tools/target/test-dir/MiniOzoneClusterImpl-c4d6e72d-f941-4a97-88b8-a79e0d5dc19a/datanode-1/data/ratis/ba362a60-094d-49c4-aa4f-5587ecb725a7: flushIndex: setUnconditionally 0 -> -1
2019-09-19 14:44:06,616 [pool-38-thread-1] INFO  server.RaftServerConfigKeys (ConfUtils.java:logGet(43)) - raft.server.snapshot.auto.trigger.enabled = true (custom)
2019-09-19 14:44:06,616 [pool-38-thread-1] INFO  server.RaftServerConfigKeys (ConfUtils.java:logGet(43)) - raft.server.snapshot.auto.trigger.threshold = 10000 (custom)
2019-09-19 14:44:06,616 [pool-38-thread-1] INFO  server.RaftServerConfigKeys (ConfUtils.java:logGet(43)) - raft.server.retrycache.expirytime = 600000ms (custom)
2019-09-19 14:44:06,616 [pool-38-thread-1] INFO  impl.RaftServerImpl (RaftServerImpl.java:start(180)) - a4e26ddf-7cab-415d-8560-150ea8262212: start group-5587ECB725A7
2019-09-19 14:44:06,616 [pool-38-thread-1] INFO  impl.RaftServerImpl (RaftServerImpl.java:setRole(171)) - a4e26ddf-7cab-415d-8560-150ea8262212:group-5587ECB725A7 changes role from null to FOLLOWER at term 0 for startAsFollower
2019-09-19 14:44:06,616 [pool-38-thread-1] INFO  impl.RoleInfo (RoleInfo.java:updateAndGet(143)) - a4e26ddf-7cab-415d-8560-150ea8262212: start FollowerState
2019-09-19 14:44:06,617 [pool-38-thread-1] INFO  util.JmxRegister (JmxRegister.java:tryRegister(44)) - Successfully registered JMX Bean with object name Ratis:service=RaftServer,group=group-5587ECB725A7,id=a4e26ddf-7cab-415d-8560-150ea8262212
2019-09-19 14:44:06,623 [RatisPipelineUtilsThread] INFO  pipeline.PipelineStateManager (PipelineStateManager.java:addPipeline(56)) - Created pipeline Pipeline[ Id: ba362a60-094d-49c4-aa4f-5587ecb725a7, Nodes: a4e26ddf-7cab-415d-8560-150ea8262212{ip: 192.168.5.132, host: pr-hdds-1569-rzdr8-3403194166, networkLocation: /default-rack, certSerialId: null}, Type:RATIS, Factor:ONE, State:OPEN]
2019-09-19 14:44:06,625 [RatisPipelineUtilsThread] ERROR pipeline.PipelinePlacementPolicy (PipelinePlacementPolicy.java:meetCriteria(91)) - Pipeline Placement: Doesn't meet the criteria to be viable node. Heaviness: 6
2019-09-19 14:44:06,625 [RatisPipelineUtilsThread] ERROR pipeline.PipelinePlacementPolicy (PipelinePlacementPolicy.java:meetCriteria(91)) - Pipeline Placement: Doesn't meet the criteria to be viable node. Heaviness: 6
2019-09-19 14:44:06,634 [grpc-default-executor-1] INFO  impl.RaftServerProxy (RaftServerProxy.java:addNew(89)) - a4e26ddf-7cab-415d-8560-150ea8262212: addNew group-9423B9A297F4:[a4e26ddf-7cab-415d-8560-150ea8262212:192.168.5.132:41799] returns group-9423B9A297F4:java.util.concurrent.CompletableFuture@ddfbc24[Not completed]
2019-09-19 14:44:06,636 [pool-38-thread-1] INFO  impl.RaftServerImpl (RaftServerImpl.java:<init>(93)) - a4e26ddf-7cab-415d-8560-150ea8262212: new RaftServerImpl for group-9423B9A297F4:[a4e26ddf-7cab-415d-8560-150ea8262212:192.168.5.132:41799] with ContainerStateMachine:uninitialized
2019-09-19 14:44:06,636 [pool-38-thread-1] INFO  server.RaftServerConfigKeys (ConfUtils.java:logGet(43)) - raft.server.rpc.timeout.min = 5s (custom)
2019-09-19 14:44:06,636 [pool-38-thread-1] INFO  server.RaftServerConfigKeys (ConfUtils.java:logGet(43)) - raft.server.rpc.timeout.max = 5200ms (custom)
2019-09-19 14:44:06,636 [pool-38-thread-1] INFO  server.RaftServerConfigKeys (ConfUtils.java:logGet(43)) - raft.server.rpcslowness.timeout = 120s (custom)
2019-09-19 14:44:06,636 [pool-38-thread-1] INFO  server.RaftServerConfigKeys (ConfUtils.java:logGet(43)) - raft.server.sleep.deviation.threshold = 300 (default)
2019-09-19 14:44:06,636 [pool-38-thread-1] INFO  server.RaftServerConfigKeys (ConfUtils.java:logGet(43)) - raft.server.log.appender.install.snapshot.enabled = false (custom)
2019-09-19 14:44:06,637 [pool-38-thread-1] INFO  impl.RaftServerImpl (ServerState.java:<init>(105)) - a4e26ddf-7cab-415d-8560-150ea8262212:group-9423B9A297F4 ConfigurationManager, init=-1: [a4e26ddf-7cab-415d-8560-150ea8262212:192.168.5.132:41799], old=null, confs=<EMPTY_MAP>
2019-09-19 14:44:06,637 [pool-38-thread-1] INFO  server.RaftServerConfigKeys (ConfUtils.java:logGet(43)) - raft.server.storage.dir = [/workdir/hadoop-ozone/tools/target/test-dir/MiniOzoneClusterImpl-c4d6e72d-f941-4a97-88b8-a79e0d5dc19a/datanode-1/data/ratis] (custom)
2019-09-19 14:44:06,637 [pool-38-thread-1] INFO  storage.RaftStorageDirectory (RaftStorageDirectory.java:analyzeStorage(246)) - The storage directory /workdir/hadoop-ozone/tools/target/test-dir/MiniOzoneClusterImpl-c4d6e72d-f941-4a97-88b8-a79e0d5dc19a/datanode-1/data/ratis/a28beb96-5285-4c1f-9873-9423b9a297f4 does not exist. Creating ...
2019-09-19 14:44:06,654 | INFO  | SCMAudit | user=jenkins1000 | ip=192.168.5.132 | op=SEND_HEARTBEAT {datanodeUUID=a4e26ddf-7cab-415d-8560-150ea8262212, command=[]} | ret=SUCCESS |  
2019-09-19 14:44:06,688 [pool-38-thread-1] INFO  storage.RaftStorageDirectory (RaftStorageDirectory.java:tryLock(328)) - Lock on /workdir/hadoop-ozone/tools/target/test-dir/MiniOzoneClusterImpl-c4d6e72d-f941-4a97-88b8-a79e0d5dc19a/datanode-1/data/ratis/a28beb96-5285-4c1f-9873-9423b9a297f4/in_use.lock acquired by nodename 2755@pr-hdds-1569-rzdr8-3403194166
2019-09-19 14:44:06,713 [pool-38-thread-1] INFO  storage.RaftStorage (RaftStorage.java:format(72)) - Storage directory /workdir/hadoop-ozone/tools/target/test-dir/MiniOzoneClusterImpl-c4d6e72d-f941-4a97-88b8-a79e0d5dc19a/datanode-1/data/ratis/a28beb96-5285-4c1f-9873-9423b9a297f4 has been successfully formatted.
2019-09-19 14:44:06,714 [pool-38-thread-1] INFO  ratis.ContainerStateMachine (ContainerStateMachine.java:loadSnapshot(226)) - group-9423B9A297F4: The snapshot info is null. Setting the last applied indexto:(t:0, i:~)
2019-09-19 14:44:06,714 [pool-38-thread-1] INFO  server.RaftServerConfigKeys (ConfUtils.java:logGet(43)) - raft.server.leader.election.timeout = 120s (custom)
2019-09-19 14:44:06,714 [pool-38-thread-1] INFO  server.RaftServerConfigKeys (ConfUtils.java:logGet(43)) - raft.server.log.use.memory = false (default)
2019-09-19 14:44:06,714 [pool-38-thread-1] INFO  server.RaftServerConfigKeys (ConfUtils.java:logGet(43)) - raft.server.log.purge.gap = 1000000 (custom)
2019-09-19 14:44:06,714 [pool-38-thread-1] INFO  server.RaftServerConfigKeys (ConfUtils.java:logGet(43)) - raft.server.log.appender.buffer.byte-limit = 33554432 (custom)
2019-09-19 14:44:06,714 [pool-38-thread-1] INFO  server.RaftServerConfigKeys (ConfUtils.java:logGet(43)) - raft.server.log.segment.size.max = 1048576 (custom)
2019-09-19 14:44:06,714 [pool-38-thread-1] INFO  server.RaftServerConfigKeys (ConfUtils.java:logGet(43)) - raft.server.log.segment.cache.num.max = 2 (custom)
2019-09-19 14:44:06,715 [pool-38-thread-1] INFO  segmented.SegmentedRaftLogWorker (SegmentedRaftLogWorker.java:<init>(172)) - new a4e26ddf-7cab-415d-8560-150ea8262212-SegmentedRaftLogWorker:Storage Directory /workdir/hadoop-ozone/tools/target/test-dir/MiniOzoneClusterImpl-c4d6e72d-f941-4a97-88b8-a79e0d5dc19a/datanode-1/data/ratis/a28beb96-5285-4c1f-9873-9423b9a297f4 for RaftStorage:Storage Directory /workdir/hadoop-ozone/tools/target/test-dir/MiniOzoneClusterImpl-c4d6e72d-f941-4a97-88b8-a79e0d5dc19a/datanode-1/data/ratis/a28beb96-5285-4c1f-9873-9423b9a297f4
2019-09-19 14:44:06,715 [pool-38-thread-1] INFO  server.RaftServerConfigKeys (ConfUtils.java:logGet(43)) - raft.server.log.queue.byte-limit = 2147483647 (custom)
2019-09-19 14:44:06,715 [pool-38-thread-1] INFO  server.RaftServerConfigKeys (ConfUtils.java:logGet(43)) - raft.server.log.queue.element-limit = 1024 (custom)
2019-09-19 14:44:06,715 [pool-38-thread-1] INFO  server.RaftServerConfigKeys (ConfUtils.java:logGet(43)) - raft.server.log.segment.size.max = 1048576 (custom)
2019-09-19 14:44:06,715 [pool-38-thread-1] INFO  server.RaftServerConfigKeys (ConfUtils.java:logGet(43)) - raft.server.log.preallocated.size = 16384 (custom)
2019-09-19 14:44:06,715 [pool-38-thread-1] INFO  server.RaftServerConfigKeys (ConfUtils.java:logGet(43)) - raft.server.log.write.buffer.size = 33554432 (custom)
2019-09-19 14:44:06,715 [pool-38-thread-1] INFO  server.RaftServerConfigKeys (ConfUtils.java:logGet(43)) - raft.server.log.force.sync.num = 128 (default)
2019-09-19 14:44:06,715 [pool-38-thread-1] INFO  server.RaftServerConfigKeys (ConfUtils.java:logGet(43)) - raft.server.log.statemachine.data.sync = true (default)
2019-09-19 14:44:06,716 [pool-38-thread-1] INFO  server.RaftServerConfigKeys (ConfUtils.java:logGet(43)) - raft.server.log.statemachine.data.sync.timeout = 10s (default)
2019-09-19 14:44:06,716 [pool-38-thread-1] INFO  server.RaftServerConfigKeys (ConfUtils.java:logGet(43)) - raft.server.log.statemachine.data.sync.timeout.retry = -1 (default)
2019-09-19 14:44:06,716 [pool-38-thread-1] INFO  server.RaftServerConfigKeys (ConfUtils.java:logGet(43)) - raft.server.log.statemachine.data.caching.enabled = true (custom)
2019-09-19 14:44:06,716 [pool-38-thread-1] INFO  segmented.SegmentedRaftLogWorker (SegmentedRaftLogWorker.java:lambda$new$0(132)) - a4e26ddf-7cab-415d-8560-150ea8262212-SegmentedRaftLogWorker:Storage Directory /workdir/hadoop-ozone/tools/target/test-dir/MiniOzoneClusterImpl-c4d6e72d-f941-4a97-88b8-a79e0d5dc19a/datanode-1/data/ratis/a28beb96-5285-4c1f-9873-9423b9a297f4: flushIndex: setUnconditionally 0 -> -1
2019-09-19 14:44:06,716 [pool-38-thread-1] INFO  server.RaftServerConfigKeys (ConfUtils.java:logGet(43)) - raft.server.snapshot.auto.trigger.enabled = true (custom)
2019-09-19 14:44:06,717 [pool-38-thread-1] INFO  server.RaftServerConfigKeys (ConfUtils.java:logGet(43)) - raft.server.snapshot.auto.trigger.threshold = 10000 (custom)
2019-09-19 14:44:06,717 [pool-38-thread-1] INFO  server.RaftServerConfigKeys (ConfUtils.java:logGet(43)) - raft.server.retrycache.expirytime = 600000ms (custom)
2019-09-19 14:44:06,717 [pool-38-thread-1] INFO  impl.RaftServerImpl (RaftServerImpl.java:start(180)) - a4e26ddf-7cab-415d-8560-150ea8262212: start group-9423B9A297F4
2019-09-19 14:44:06,717 [pool-38-thread-1] INFO  impl.RaftServerImpl (RaftServerImpl.java:setRole(171)) - a4e26ddf-7cab-415d-8560-150ea8262212:group-9423B9A297F4 changes role from null to FOLLOWER at term 0 for startAsFollower
2019-09-19 14:44:06,717 [pool-38-thread-1] INFO  impl.RoleInfo (RoleInfo.java:updateAndGet(143)) - a4e26ddf-7cab-415d-8560-150ea8262212: start FollowerState
2019-09-19 14:44:06,718 [pool-38-thread-1] INFO  util.JmxRegister (JmxRegister.java:tryRegister(44)) - Successfully registered JMX Bean with object name Ratis:service=RaftServer,group=group-9423B9A297F4,id=a4e26ddf-7cab-415d-8560-150ea8262212
2019-09-19 14:44:06,725 [RatisPipelineUtilsThread] INFO  pipeline.PipelineStateManager (PipelineStateManager.java:addPipeline(56)) - Created pipeline Pipeline[ Id: a28beb96-5285-4c1f-9873-9423b9a297f4, Nodes: a4e26ddf-7cab-415d-8560-150ea8262212{ip: 192.168.5.132, host: pr-hdds-1569-rzdr8-3403194166, networkLocation: /default-rack, certSerialId: null}, Type:RATIS, Factor:ONE, State:OPEN]
2019-09-19 14:44:06,728 [RatisPipelineUtilsThread] ERROR pipeline.PipelinePlacementPolicy (PipelinePlacementPolicy.java:meetCriteria(91)) - Pipeline Placement: Doesn't meet the criteria to be viable node. Heaviness: 6
2019-09-19 14:44:06,728 [RatisPipelineUtilsThread] ERROR pipeline.PipelinePlacementPolicy (PipelinePlacementPolicy.java:meetCriteria(91)) - Pipeline Placement: Doesn't meet the criteria to be viable node. Heaviness: 6
2019-09-19 14:44:06,728 [RatisPipelineUtilsThread] ERROR pipeline.PipelinePlacementPolicy (PipelinePlacementPolicy.java:meetCriteria(91)) - Pipeline Placement: Doesn't meet the criteria to be viable node. Heaviness: 6
2019-09-19 14:44:06,739 [grpc-default-executor-1] INFO  impl.RaftServerProxy (RaftServerProxy.java:addNew(89)) - 550ad0a3-b6ae-44bc-a70a-b51f5a4003f3: addNew group-E782C0D9BB7A:[550ad0a3-b6ae-44bc-a70a-b51f5a4003f3:192.168.5.132:46067] returns group-E782C0D9BB7A:java.util.concurrent.CompletableFuture@1626cd0a[Not completed]
2019-09-19 14:44:06,742 [pool-49-thread-1] INFO  impl.RaftServerImpl (RaftServerImpl.java:<init>(93)) - 550ad0a3-b6ae-44bc-a70a-b51f5a4003f3: new RaftServerImpl for group-E782C0D9BB7A:[550ad0a3-b6ae-44bc-a70a-b51f5a4003f3:192.168.5.132:46067] with ContainerStateMachine:uninitialized
2019-09-19 14:44:06,743 [pool-49-thread-1] INFO  server.RaftServerConfigKeys (ConfUtils.java:logGet(43)) - raft.server.rpc.timeout.min = 5s (custom)
2019-09-19 14:44:06,743 [pool-49-thread-1] INFO  server.RaftServerConfigKeys (ConfUtils.java:logGet(43)) - raft.server.rpc.timeout.max = 5200ms (custom)
2019-09-19 14:44:06,743 [pool-49-thread-1] INFO  server.RaftServerConfigKeys (ConfUtils.java:logGet(43)) - raft.server.rpcslowness.timeout = 120s (custom)
2019-09-19 14:44:06,743 [pool-49-thread-1] INFO  server.RaftServerConfigKeys (ConfUtils.java:logGet(43)) - raft.server.sleep.deviation.threshold = 300 (default)
2019-09-19 14:44:06,743 [pool-49-thread-1] INFO  server.RaftServerConfigKeys (ConfUtils.java:logGet(43)) - raft.server.log.appender.install.snapshot.enabled = false (custom)
2019-09-19 14:44:06,744 [pool-49-thread-1] INFO  impl.RaftServerImpl (ServerState.java:<init>(105)) - 550ad0a3-b6ae-44bc-a70a-b51f5a4003f3:group-E782C0D9BB7A ConfigurationManager, init=-1: [550ad0a3-b6ae-44bc-a70a-b51f5a4003f3:192.168.5.132:46067], old=null, confs=<EMPTY_MAP>
2019-09-19 14:44:06,744 [pool-49-thread-1] INFO  server.RaftServerConfigKeys (ConfUtils.java:logGet(43)) - raft.server.storage.dir = [/workdir/hadoop-ozone/tools/target/test-dir/MiniOzoneClusterImpl-c4d6e72d-f941-4a97-88b8-a79e0d5dc19a/datanode-2/data/ratis] (custom)
2019-09-19 14:44:06,744 [pool-49-thread-1] INFO  storage.RaftStorageDirectory (RaftStorageDirectory.java:analyzeStorage(246)) - The storage directory /workdir/hadoop-ozone/tools/target/test-dir/MiniOzoneClusterImpl-c4d6e72d-f941-4a97-88b8-a79e0d5dc19a/datanode-2/data/ratis/12a70a2b-1d71-4393-9142-e782c0d9bb7a does not exist. Creating ...
2019-09-19 14:44:06,772 [pool-49-thread-1] INFO  storage.RaftStorageDirectory (RaftStorageDirectory.java:tryLock(328)) - Lock on /workdir/hadoop-ozone/tools/target/test-dir/MiniOzoneClusterImpl-c4d6e72d-f941-4a97-88b8-a79e0d5dc19a/datanode-2/data/ratis/12a70a2b-1d71-4393-9142-e782c0d9bb7a/in_use.lock acquired by nodename 2755@pr-hdds-1569-rzdr8-3403194166
2019-09-19 14:44:06,789 [pool-49-thread-1] INFO  storage.RaftStorage (RaftStorage.java:format(72)) - Storage directory /workdir/hadoop-ozone/tools/target/test-dir/MiniOzoneClusterImpl-c4d6e72d-f941-4a97-88b8-a79e0d5dc19a/datanode-2/data/ratis/12a70a2b-1d71-4393-9142-e782c0d9bb7a has been successfully formatted.
2019-09-19 14:44:06,789 [pool-49-thread-1] INFO  ratis.ContainerStateMachine (ContainerStateMachine.java:loadSnapshot(226)) - group-E782C0D9BB7A: The snapshot info is null. Setting the last applied indexto:(t:0, i:~)
2019-09-19 14:44:06,790 [pool-49-thread-1] INFO  server.RaftServerConfigKeys (ConfUtils.java:logGet(43)) - raft.server.leader.election.timeout = 120s (custom)
2019-09-19 14:44:06,790 [pool-49-thread-1] INFO  server.RaftServerConfigKeys (ConfUtils.java:logGet(43)) - raft.server.log.use.memory = false (default)
2019-09-19 14:44:06,790 [pool-49-thread-1] INFO  server.RaftServerConfigKeys (ConfUtils.java:logGet(43)) - raft.server.log.purge.gap = 1000000 (custom)
2019-09-19 14:44:06,790 [pool-49-thread-1] INFO  server.RaftServerConfigKeys (ConfUtils.java:logGet(43)) - raft.server.log.appender.buffer.byte-limit = 33554432 (custom)
2019-09-19 14:44:06,790 [pool-49-thread-1] INFO  server.RaftServerConfigKeys (ConfUtils.java:logGet(43)) - raft.server.log.segment.size.max = 1048576 (custom)
2019-09-19 14:44:06,791 [pool-49-thread-1] INFO  server.RaftServerConfigKeys (ConfUtils.java:logGet(43)) - raft.server.log.segment.cache.num.max = 2 (custom)
2019-09-19 14:44:06,791 [pool-49-thread-1] INFO  segmented.SegmentedRaftLogWorker (SegmentedRaftLogWorker.java:<init>(172)) - new 550ad0a3-b6ae-44bc-a70a-b51f5a4003f3-SegmentedRaftLogWorker:Storage Directory /workdir/hadoop-ozone/tools/target/test-dir/MiniOzoneClusterImpl-c4d6e72d-f941-4a97-88b8-a79e0d5dc19a/datanode-2/data/ratis/12a70a2b-1d71-4393-9142-e782c0d9bb7a for RaftStorage:Storage Directory /workdir/hadoop-ozone/tools/target/test-dir/MiniOzoneClusterImpl-c4d6e72d-f941-4a97-88b8-a79e0d5dc19a/datanode-2/data/ratis/12a70a2b-1d71-4393-9142-e782c0d9bb7a
2019-09-19 14:44:06,791 [pool-49-thread-1] INFO  server.RaftServerConfigKeys (ConfUtils.java:logGet(43)) - raft.server.log.queue.byte-limit = 2147483647 (custom)
2019-09-19 14:44:06,791 [pool-49-thread-1] INFO  server.RaftServerConfigKeys (ConfUtils.java:logGet(43)) - raft.server.log.queue.element-limit = 1024 (custom)
2019-09-19 14:44:06,791 [pool-49-thread-1] INFO  server.RaftServerConfigKeys (ConfUtils.java:logGet(43)) - raft.server.log.segment.size.max = 1048576 (custom)
2019-09-19 14:44:06,792 [pool-49-thread-1] INFO  server.RaftServerConfigKeys (ConfUtils.java:logGet(43)) - raft.server.log.preallocated.size = 16384 (custom)
2019-09-19 14:44:06,792 [pool-49-thread-1] INFO  server.RaftServerConfigKeys (ConfUtils.java:logGet(43)) - raft.server.log.write.buffer.size = 33554432 (custom)
2019-09-19 14:44:06,792 [pool-49-thread-1] INFO  server.RaftServerConfigKeys (ConfUtils.java:logGet(43)) - raft.server.log.force.sync.num = 128 (default)
2019-09-19 14:44:06,792 [pool-49-thread-1] INFO  server.RaftServerConfigKeys (ConfUtils.java:logGet(43)) - raft.server.log.statemachine.data.sync = true (default)
2019-09-19 14:44:06,792 [pool-49-thread-1] INFO  server.RaftServerConfigKeys (ConfUtils.java:logGet(43)) - raft.server.log.statemachine.data.sync.timeout = 10s (default)
2019-09-19 14:44:06,792 [pool-49-thread-1] INFO  server.RaftServerConfigKeys (ConfUtils.java:logGet(43)) - raft.server.log.statemachine.data.sync.timeout.retry = -1 (default)
2019-09-19 14:44:06,793 [pool-49-thread-1] INFO  server.RaftServerConfigKeys (ConfUtils.java:logGet(43)) - raft.server.log.statemachine.data.caching.enabled = true (custom)
2019-09-19 14:44:06,793 [pool-49-thread-1] INFO  segmented.SegmentedRaftLogWorker (SegmentedRaftLogWorker.java:lambda$new$0(132)) - 550ad0a3-b6ae-44bc-a70a-b51f5a4003f3-SegmentedRaftLogWorker:Storage Directory /workdir/hadoop-ozone/tools/target/test-dir/MiniOzoneClusterImpl-c4d6e72d-f941-4a97-88b8-a79e0d5dc19a/datanode-2/data/ratis/12a70a2b-1d71-4393-9142-e782c0d9bb7a: flushIndex: setUnconditionally 0 -> -1
2019-09-19 14:44:06,794 [pool-49-thread-1] INFO  server.RaftServerConfigKeys (ConfUtils.java:logGet(43)) - raft.server.snapshot.auto.trigger.enabled = true (custom)
2019-09-19 14:44:06,794 [pool-49-thread-1] INFO  server.RaftServerConfigKeys (ConfUtils.java:logGet(43)) - raft.server.snapshot.auto.trigger.threshold = 10000 (custom)
2019-09-19 14:44:06,794 [pool-49-thread-1] INFO  server.RaftServerConfigKeys (ConfUtils.java:logGet(43)) - raft.server.retrycache.expirytime = 600000ms (custom)
2019-09-19 14:44:06,794 [pool-49-thread-1] INFO  impl.RaftServerImpl (RaftServerImpl.java:start(180)) - 550ad0a3-b6ae-44bc-a70a-b51f5a4003f3: start group-E782C0D9BB7A
2019-09-19 14:44:06,795 [pool-49-thread-1] INFO  impl.RaftServerImpl (RaftServerImpl.java:setRole(171)) - 550ad0a3-b6ae-44bc-a70a-b51f5a4003f3:group-E782C0D9BB7A changes role from null to FOLLOWER at term 0 for startAsFollower
2019-09-19 14:44:06,795 [pool-49-thread-1] INFO  impl.RoleInfo (RoleInfo.java:updateAndGet(143)) - 550ad0a3-b6ae-44bc-a70a-b51f5a4003f3: start FollowerState
2019-09-19 14:44:06,795 [pool-49-thread-1] INFO  util.JmxRegister (JmxRegister.java:tryRegister(44)) - Successfully registered JMX Bean with object name Ratis:service=RaftServer,group=group-E782C0D9BB7A,id=550ad0a3-b6ae-44bc-a70a-b51f5a4003f3
2019-09-19 14:44:06,800 [RatisPipelineUtilsThread] INFO  pipeline.PipelineStateManager (PipelineStateManager.java:addPipeline(56)) - Created pipeline Pipeline[ Id: 12a70a2b-1d71-4393-9142-e782c0d9bb7a, Nodes: 550ad0a3-b6ae-44bc-a70a-b51f5a4003f3{ip: 192.168.5.132, host: pr-hdds-1569-rzdr8-3403194166, networkLocation: /default-rack, certSerialId: null}, Type:RATIS, Factor:ONE, State:OPEN]
2019-09-19 14:44:06,802 [RatisPipelineUtilsThread] ERROR pipeline.PipelinePlacementPolicy (PipelinePlacementPolicy.java:meetCriteria(91)) - Pipeline Placement: Doesn't meet the criteria to be viable node. Heaviness: 6
2019-09-19 14:44:06,802 [RatisPipelineUtilsThread] ERROR pipeline.PipelinePlacementPolicy (PipelinePlacementPolicy.java:meetCriteria(91)) - Pipeline Placement: Doesn't meet the criteria to be viable node. Heaviness: 6
2019-09-19 14:44:06,802 [RatisPipelineUtilsThread] ERROR pipeline.PipelinePlacementPolicy (PipelinePlacementPolicy.java:meetCriteria(91)) - Pipeline Placement: Doesn't meet the criteria to be viable node. Heaviness: 6
2019-09-19 14:44:06,803 [RatisPipelineUtilsThread] ERROR pipeline.PipelinePlacementPolicy (PipelinePlacementPolicy.java:meetCriteria(91)) - Pipeline Placement: Doesn't meet the criteria to be viable node. Heaviness: 6
2019-09-19 14:44:06,815 [grpc-default-executor-1] INFO  impl.RaftServerProxy (RaftServerProxy.java:addNew(89)) - 5f94aeea-aba2-49fa-a1fa-8df10a3eed4d: addNew group-8215F5CC08E1:[5f94aeea-aba2-49fa-a1fa-8df10a3eed4d:192.168.5.132:37651] returns group-8215F5CC08E1:java.util.concurrent.CompletableFuture@3b6c5ec0[Not completed]
2019-09-19 14:44:06,820 [pool-71-thread-1] INFO  impl.RaftServerImpl (RaftServerImpl.java:<init>(93)) - 5f94aeea-aba2-49fa-a1fa-8df10a3eed4d: new RaftServerImpl for group-8215F5CC08E1:[5f94aeea-aba2-49fa-a1fa-8df10a3eed4d:192.168.5.132:37651] with ContainerStateMachine:uninitialized
2019-09-19 14:44:06,820 [pool-71-thread-1] INFO  server.RaftServerConfigKeys (ConfUtils.java:logGet(43)) - raft.server.rpc.timeout.min = 5s (custom)
2019-09-19 14:44:06,821 [pool-71-thread-1] INFO  server.RaftServerConfigKeys (ConfUtils.java:logGet(43)) - raft.server.rpc.timeout.max = 5200ms (custom)
2019-09-19 14:44:06,821 [pool-71-thread-1] INFO  server.RaftServerConfigKeys (ConfUtils.java:logGet(43)) - raft.server.rpcslowness.timeout = 120s (custom)
2019-09-19 14:44:06,821 [pool-71-thread-1] INFO  server.RaftServerConfigKeys (ConfUtils.java:logGet(43)) - raft.server.sleep.deviation.threshold = 300 (default)
2019-09-19 14:44:06,821 [pool-71-thread-1] INFO  server.RaftServerConfigKeys (ConfUtils.java:logGet(43)) - raft.server.log.appender.install.snapshot.enabled = false (custom)
2019-09-19 14:44:06,821 [pool-71-thread-1] INFO  impl.RaftServerImpl (ServerState.java:<init>(105)) - 5f94aeea-aba2-49fa-a1fa-8df10a3eed4d:group-8215F5CC08E1 ConfigurationManager, init=-1: [5f94aeea-aba2-49fa-a1fa-8df10a3eed4d:192.168.5.132:37651], old=null, confs=<EMPTY_MAP>
2019-09-19 14:44:06,822 [pool-71-thread-1] INFO  server.RaftServerConfigKeys (ConfUtils.java:logGet(43)) - raft.server.storage.dir = [/workdir/hadoop-ozone/tools/target/test-dir/MiniOzoneClusterImpl-c4d6e72d-f941-4a97-88b8-a79e0d5dc19a/datanode-4/data/ratis] (custom)
2019-09-19 14:44:06,822 [pool-71-thread-1] INFO  storage.RaftStorageDirectory (RaftStorageDirectory.java:analyzeStorage(246)) - The storage directory /workdir/hadoop-ozone/tools/target/test-dir/MiniOzoneClusterImpl-c4d6e72d-f941-4a97-88b8-a79e0d5dc19a/datanode-4/data/ratis/a294c066-0fc2-462b-a96c-8215f5cc08e1 does not exist. Creating ...
2019-09-19 14:44:06,848 [pool-71-thread-1] INFO  storage.RaftStorageDirectory (RaftStorageDirectory.java:tryLock(328)) - Lock on /workdir/hadoop-ozone/tools/target/test-dir/MiniOzoneClusterImpl-c4d6e72d-f941-4a97-88b8-a79e0d5dc19a/datanode-4/data/ratis/a294c066-0fc2-462b-a96c-8215f5cc08e1/in_use.lock acquired by nodename 2755@pr-hdds-1569-rzdr8-3403194166
2019-09-19 14:44:06,873 [pool-71-thread-1] INFO  storage.RaftStorage (RaftStorage.java:format(72)) - Storage directory /workdir/hadoop-ozone/tools/target/test-dir/MiniOzoneClusterImpl-c4d6e72d-f941-4a97-88b8-a79e0d5dc19a/datanode-4/data/ratis/a294c066-0fc2-462b-a96c-8215f5cc08e1 has been successfully formatted.
2019-09-19 14:44:06,874 [pool-71-thread-1] INFO  ratis.ContainerStateMachine (ContainerStateMachine.java:loadSnapshot(226)) - group-8215F5CC08E1: The snapshot info is null. Setting the last applied indexto:(t:0, i:~)
2019-09-19 14:44:06,874 [pool-71-thread-1] INFO  server.RaftServerConfigKeys (ConfUtils.java:logGet(43)) - raft.server.leader.election.timeout = 120s (custom)
2019-09-19 14:44:06,874 [pool-71-thread-1] INFO  server.RaftServerConfigKeys (ConfUtils.java:logGet(43)) - raft.server.log.use.memory = false (default)
2019-09-19 14:44:06,874 [pool-71-thread-1] INFO  server.RaftServerConfigKeys (ConfUtils.java:logGet(43)) - raft.server.log.purge.gap = 1000000 (custom)
2019-09-19 14:44:06,874 [pool-71-thread-1] INFO  server.RaftServerConfigKeys (ConfUtils.java:logGet(43)) - raft.server.log.appender.buffer.byte-limit = 33554432 (custom)
2019-09-19 14:44:06,874 [pool-71-thread-1] INFO  server.RaftServerConfigKeys (ConfUtils.java:logGet(43)) - raft.server.log.segment.size.max = 1048576 (custom)
2019-09-19 14:44:06,875 [pool-71-thread-1] INFO  server.RaftServerConfigKeys (ConfUtils.java:logGet(43)) - raft.server.log.segment.cache.num.max = 2 (custom)
2019-09-19 14:44:06,875 [pool-71-thread-1] INFO  segmented.SegmentedRaftLogWorker (SegmentedRaftLogWorker.java:<init>(172)) - new 5f94aeea-aba2-49fa-a1fa-8df10a3eed4d-SegmentedRaftLogWorker:Storage Directory /workdir/hadoop-ozone/tools/target/test-dir/MiniOzoneClusterImpl-c4d6e72d-f941-4a97-88b8-a79e0d5dc19a/datanode-4/data/ratis/a294c066-0fc2-462b-a96c-8215f5cc08e1 for RaftStorage:Storage Directory /workdir/hadoop-ozone/tools/target/test-dir/MiniOzoneClusterImpl-c4d6e72d-f941-4a97-88b8-a79e0d5dc19a/datanode-4/data/ratis/a294c066-0fc2-462b-a96c-8215f5cc08e1
2019-09-19 14:44:06,875 [pool-71-thread-1] INFO  server.RaftServerConfigKeys (ConfUtils.java:logGet(43)) - raft.server.log.queue.byte-limit = 2147483647 (custom)
2019-09-19 14:44:06,875 [pool-71-thread-1] INFO  server.RaftServerConfigKeys (ConfUtils.java:logGet(43)) - raft.server.log.queue.element-limit = 1024 (custom)
2019-09-19 14:44:06,876 [pool-71-thread-1] INFO  server.RaftServerConfigKeys (ConfUtils.java:logGet(43)) - raft.server.log.segment.size.max = 1048576 (custom)
2019-09-19 14:44:06,876 [pool-71-thread-1] INFO  server.RaftServerConfigKeys (ConfUtils.java:logGet(43)) - raft.server.log.preallocated.size = 16384 (custom)
2019-09-19 14:44:06,876 [pool-71-thread-1] INFO  server.RaftServerConfigKeys (ConfUtils.java:logGet(43)) - raft.server.log.write.buffer.size = 33554432 (custom)
2019-09-19 14:44:06,876 [pool-71-thread-1] INFO  server.RaftServerConfigKeys (ConfUtils.java:logGet(43)) - raft.server.log.force.sync.num = 128 (default)
2019-09-19 14:44:06,876 [pool-71-thread-1] INFO  server.RaftServerConfigKeys (ConfUtils.java:logGet(43)) - raft.server.log.statemachine.data.sync = true (default)
2019-09-19 14:44:06,876 [pool-71-thread-1] INFO  server.RaftServerConfigKeys (ConfUtils.java:logGet(43)) - raft.server.log.statemachine.data.sync.timeout = 10s (default)
2019-09-19 14:44:06,877 [pool-71-thread-1] INFO  server.RaftServerConfigKeys (ConfUtils.java:logGet(43)) - raft.server.log.statemachine.data.sync.timeout.retry = -1 (default)
2019-09-19 14:44:06,877 [pool-71-thread-1] INFO  server.RaftServerConfigKeys (ConfUtils.java:logGet(43)) - raft.server.log.statemachine.data.caching.enabled = true (custom)
2019-09-19 14:44:06,877 [pool-71-thread-1] INFO  segmented.SegmentedRaftLogWorker (SegmentedRaftLogWorker.java:lambda$new$0(132)) - 5f94aeea-aba2-49fa-a1fa-8df10a3eed4d-SegmentedRaftLogWorker:Storage Directory /workdir/hadoop-ozone/tools/target/test-dir/MiniOzoneClusterImpl-c4d6e72d-f941-4a97-88b8-a79e0d5dc19a/datanode-4/data/ratis/a294c066-0fc2-462b-a96c-8215f5cc08e1: flushIndex: setUnconditionally 0 -> -1
2019-09-19 14:44:06,878 [pool-71-thread-1] INFO  server.RaftServerConfigKeys (ConfUtils.java:logGet(43)) - raft.server.snapshot.auto.trigger.enabled = true (custom)
2019-09-19 14:44:06,878 [pool-71-thread-1] INFO  server.RaftServerConfigKeys (ConfUtils.java:logGet(43)) - raft.server.snapshot.auto.trigger.threshold = 10000 (custom)
2019-09-19 14:44:06,878 [pool-71-thread-1] INFO  server.RaftServerConfigKeys (ConfUtils.java:logGet(43)) - raft.server.retrycache.expirytime = 600000ms (custom)
2019-09-19 14:44:06,878 [pool-71-thread-1] INFO  impl.RaftServerImpl (RaftServerImpl.java:start(180)) - 5f94aeea-aba2-49fa-a1fa-8df10a3eed4d: start group-8215F5CC08E1
2019-09-19 14:44:06,878 [pool-71-thread-1] INFO  impl.RaftServerImpl (RaftServerImpl.java:setRole(171)) - 5f94aeea-aba2-49fa-a1fa-8df10a3eed4d:group-8215F5CC08E1 changes role from null to FOLLOWER at term 0 for startAsFollower
2019-09-19 14:44:06,879 [pool-71-thread-1] INFO  impl.RoleInfo (RoleInfo.java:updateAndGet(143)) - 5f94aeea-aba2-49fa-a1fa-8df10a3eed4d: start FollowerState
2019-09-19 14:44:06,879 [pool-71-thread-1] INFO  util.JmxRegister (JmxRegister.java:tryRegister(44)) - Successfully registered JMX Bean with object name Ratis:service=RaftServer,group=group-8215F5CC08E1,id=5f94aeea-aba2-49fa-a1fa-8df10a3eed4d
2019-09-19 14:44:06,885 [RatisPipelineUtilsThread] INFO  pipeline.PipelineStateManager (PipelineStateManager.java:addPipeline(56)) - Created pipeline Pipeline[ Id: a294c066-0fc2-462b-a96c-8215f5cc08e1, Nodes: 5f94aeea-aba2-49fa-a1fa-8df10a3eed4d{ip: 192.168.5.132, host: pr-hdds-1569-rzdr8-3403194166, networkLocation: /default-rack, certSerialId: null}, Type:RATIS, Factor:ONE, State:OPEN]
2019-09-19 14:44:06,887 [RatisPipelineUtilsThread] ERROR pipeline.PipelinePlacementPolicy (PipelinePlacementPolicy.java:meetCriteria(91)) - Pipeline Placement: Doesn't meet the criteria to be viable node. Heaviness: 6
2019-09-19 14:44:06,887 [RatisPipelineUtilsThread] ERROR pipeline.PipelinePlacementPolicy (PipelinePlacementPolicy.java:meetCriteria(91)) - Pipeline Placement: Doesn't meet the criteria to be viable node. Heaviness: 6
2019-09-19 14:44:06,887 [RatisPipelineUtilsThread] ERROR pipeline.PipelinePlacementPolicy (PipelinePlacementPolicy.java:meetCriteria(91)) - Pipeline Placement: Doesn't meet the criteria to be viable node. Heaviness: 6
2019-09-19 14:44:06,887 [RatisPipelineUtilsThread] ERROR pipeline.PipelinePlacementPolicy (PipelinePlacementPolicy.java:meetCriteria(91)) - Pipeline Placement: Doesn't meet the criteria to be viable node. Heaviness: 6
2019-09-19 14:44:06,898 [grpc-default-executor-1] INFO  impl.RaftServerProxy (RaftServerProxy.java:addNew(89)) - 5f94aeea-aba2-49fa-a1fa-8df10a3eed4d: addNew group-B07903325896:[5f94aeea-aba2-49fa-a1fa-8df10a3eed4d:192.168.5.132:37651] returns group-B07903325896:java.util.concurrent.CompletableFuture@325054d3[Not completed]
2019-09-19 14:44:06,901 [pool-71-thread-1] INFO  impl.RaftServerImpl (RaftServerImpl.java:<init>(93)) - 5f94aeea-aba2-49fa-a1fa-8df10a3eed4d: new RaftServerImpl for group-B07903325896:[5f94aeea-aba2-49fa-a1fa-8df10a3eed4d:192.168.5.132:37651] with ContainerStateMachine:uninitialized
2019-09-19 14:44:06,901 [pool-71-thread-1] INFO  server.RaftServerConfigKeys (ConfUtils.java:logGet(43)) - raft.server.rpc.timeout.min = 5s (custom)
2019-09-19 14:44:06,903 [pool-71-thread-1] INFO  server.RaftServerConfigKeys (ConfUtils.java:logGet(43)) - raft.server.rpc.timeout.max = 5200ms (custom)
2019-09-19 14:44:06,903 [pool-71-thread-1] INFO  server.RaftServerConfigKeys (ConfUtils.java:logGet(43)) - raft.server.rpcslowness.timeout = 120s (custom)
2019-09-19 14:44:06,903 [pool-71-thread-1] INFO  server.RaftServerConfigKeys (ConfUtils.java:logGet(43)) - raft.server.sleep.deviation.threshold = 300 (default)
2019-09-19 14:44:06,903 [pool-71-thread-1] INFO  server.RaftServerConfigKeys (ConfUtils.java:logGet(43)) - raft.server.log.appender.install.snapshot.enabled = false (custom)
2019-09-19 14:44:06,903 [pool-71-thread-1] INFO  impl.RaftServerImpl (ServerState.java:<init>(105)) - 5f94aeea-aba2-49fa-a1fa-8df10a3eed4d:group-B07903325896 ConfigurationManager, init=-1: [5f94aeea-aba2-49fa-a1fa-8df10a3eed4d:192.168.5.132:37651], old=null, confs=<EMPTY_MAP>
2019-09-19 14:44:06,904 [pool-71-thread-1] INFO  server.RaftServerConfigKeys (ConfUtils.java:logGet(43)) - raft.server.storage.dir = [/workdir/hadoop-ozone/tools/target/test-dir/MiniOzoneClusterImpl-c4d6e72d-f941-4a97-88b8-a79e0d5dc19a/datanode-4/data/ratis] (custom)
2019-09-19 14:44:06,904 | INFO  | SCMAudit | user=jenkins1000 | ip=192.168.5.132 | op=SEND_HEARTBEAT {datanodeUUID=550ad0a3-b6ae-44bc-a70a-b51f5a4003f3, command=[]} | ret=SUCCESS |  
2019-09-19 14:44:06,904 [pool-71-thread-1] INFO  storage.RaftStorageDirectory (RaftStorageDirectory.java:analyzeStorage(246)) - The storage directory /workdir/hadoop-ozone/tools/target/test-dir/MiniOzoneClusterImpl-c4d6e72d-f941-4a97-88b8-a79e0d5dc19a/datanode-4/data/ratis/82fb26cd-a967-41c7-afcb-b07903325896 does not exist. Creating ...
2019-09-19 14:44:06,932 [pool-71-thread-1] INFO  storage.RaftStorageDirectory (RaftStorageDirectory.java:tryLock(328)) - Lock on /workdir/hadoop-ozone/tools/target/test-dir/MiniOzoneClusterImpl-c4d6e72d-f941-4a97-88b8-a79e0d5dc19a/datanode-4/data/ratis/82fb26cd-a967-41c7-afcb-b07903325896/in_use.lock acquired by nodename 2755@pr-hdds-1569-rzdr8-3403194166
2019-09-19 14:44:06,957 [pool-71-thread-1] INFO  storage.RaftStorage (RaftStorage.java:format(72)) - Storage directory /workdir/hadoop-ozone/tools/target/test-dir/MiniOzoneClusterImpl-c4d6e72d-f941-4a97-88b8-a79e0d5dc19a/datanode-4/data/ratis/82fb26cd-a967-41c7-afcb-b07903325896 has been successfully formatted.
2019-09-19 14:44:06,958 [pool-71-thread-1] INFO  ratis.ContainerStateMachine (ContainerStateMachine.java:loadSnapshot(226)) - group-B07903325896: The snapshot info is null. Setting the last applied indexto:(t:0, i:~)
2019-09-19 14:44:06,958 [pool-71-thread-1] INFO  server.RaftServerConfigKeys (ConfUtils.java:logGet(43)) - raft.server.leader.election.timeout = 120s (custom)
2019-09-19 14:44:06,959 [pool-71-thread-1] INFO  server.RaftServerConfigKeys (ConfUtils.java:logGet(43)) - raft.server.log.use.memory = false (default)
2019-09-19 14:44:06,959 [pool-71-thread-1] INFO  server.RaftServerConfigKeys (ConfUtils.java:logGet(43)) - raft.server.log.purge.gap = 1000000 (custom)
2019-09-19 14:44:06,959 [pool-71-thread-1] INFO  server.RaftServerConfigKeys (ConfUtils.java:logGet(43)) - raft.server.log.appender.buffer.byte-limit = 33554432 (custom)
2019-09-19 14:44:06,959 [pool-71-thread-1] INFO  server.RaftServerConfigKeys (ConfUtils.java:logGet(43)) - raft.server.log.segment.size.max = 1048576 (custom)
2019-09-19 14:44:06,959 [pool-71-thread-1] INFO  server.RaftServerConfigKeys (ConfUtils.java:logGet(43)) - raft.server.log.segment.cache.num.max = 2 (custom)
2019-09-19 14:44:06,960 [pool-71-thread-1] INFO  segmented.SegmentedRaftLogWorker (SegmentedRaftLogWorker.java:<init>(172)) - new 5f94aeea-aba2-49fa-a1fa-8df10a3eed4d-SegmentedRaftLogWorker:Storage Directory /workdir/hadoop-ozone/tools/target/test-dir/MiniOzoneClusterImpl-c4d6e72d-f941-4a97-88b8-a79e0d5dc19a/datanode-4/data/ratis/82fb26cd-a967-41c7-afcb-b07903325896 for RaftStorage:Storage Directory /workdir/hadoop-ozone/tools/target/test-dir/MiniOzoneClusterImpl-c4d6e72d-f941-4a97-88b8-a79e0d5dc19a/datanode-4/data/ratis/82fb26cd-a967-41c7-afcb-b07903325896
2019-09-19 14:44:06,960 [pool-71-thread-1] INFO  server.RaftServerConfigKeys (ConfUtils.java:logGet(43)) - raft.server.log.queue.byte-limit = 2147483647 (custom)
2019-09-19 14:44:06,960 [pool-71-thread-1] INFO  server.RaftServerConfigKeys (ConfUtils.java:logGet(43)) - raft.server.log.queue.element-limit = 1024 (custom)
2019-09-19 14:44:06,960 [pool-71-thread-1] INFO  server.RaftServerConfigKeys (ConfUtils.java:logGet(43)) - raft.server.log.segment.size.max = 1048576 (custom)
2019-09-19 14:44:06,960 [pool-71-thread-1] INFO  server.RaftServerConfigKeys (ConfUtils.java:logGet(43)) - raft.server.log.preallocated.size = 16384 (custom)
2019-09-19 14:44:06,960 [pool-71-thread-1] INFO  server.RaftServerConfigKeys (ConfUtils.java:logGet(43)) - raft.server.log.write.buffer.size = 33554432 (custom)
2019-09-19 14:44:06,961 [pool-71-thread-1] INFO  server.RaftServerConfigKeys (ConfUtils.java:logGet(43)) - raft.server.log.force.sync.num = 128 (default)
2019-09-19 14:44:06,961 [pool-71-thread-1] INFO  server.RaftServerConfigKeys (ConfUtils.java:logGet(43)) - raft.server.log.statemachine.data.sync = true (default)
2019-09-19 14:44:06,961 [pool-71-thread-1] INFO  server.RaftServerConfigKeys (ConfUtils.java:logGet(43)) - raft.server.log.statemachine.data.sync.timeout = 10s (default)
2019-09-19 14:44:06,961 [pool-71-thread-1] INFO  server.RaftServerConfigKeys (ConfUtils.java:logGet(43)) - raft.server.log.statemachine.data.sync.timeout.retry = -1 (default)
2019-09-19 14:44:06,961 [pool-71-thread-1] INFO  server.RaftServerConfigKeys (ConfUtils.java:logGet(43)) - raft.server.log.statemachine.data.caching.enabled = true (custom)
2019-09-19 14:44:06,962 [pool-71-thread-1] INFO  segmented.SegmentedRaftLogWorker (SegmentedRaftLogWorker.java:lambda$new$0(132)) - 5f94aeea-aba2-49fa-a1fa-8df10a3eed4d-SegmentedRaftLogWorker:Storage Directory /workdir/hadoop-ozone/tools/target/test-dir/MiniOzoneClusterImpl-c4d6e72d-f941-4a97-88b8-a79e0d5dc19a/datanode-4/data/ratis/82fb26cd-a967-41c7-afcb-b07903325896: flushIndex: setUnconditionally 0 -> -1
2019-09-19 14:44:06,962 [pool-71-thread-1] INFO  server.RaftServerConfigKeys (ConfUtils.java:logGet(43)) - raft.server.snapshot.auto.trigger.enabled = true (custom)
2019-09-19 14:44:06,962 [pool-71-thread-1] INFO  server.RaftServerConfigKeys (ConfUtils.java:logGet(43)) - raft.server.snapshot.auto.trigger.threshold = 10000 (custom)
2019-09-19 14:44:06,963 [pool-71-thread-1] INFO  server.RaftServerConfigKeys (ConfUtils.java:logGet(43)) - raft.server.retrycache.expirytime = 600000ms (custom)
2019-09-19 14:44:06,963 [pool-71-thread-1] INFO  impl.RaftServerImpl (RaftServerImpl.java:start(180)) - 5f94aeea-aba2-49fa-a1fa-8df10a3eed4d: start group-B07903325896
2019-09-19 14:44:06,963 [pool-71-thread-1] INFO  impl.RaftServerImpl (RaftServerImpl.java:setRole(171)) - 5f94aeea-aba2-49fa-a1fa-8df10a3eed4d:group-B07903325896 changes role from null to FOLLOWER at term 0 for startAsFollower
2019-09-19 14:44:06,963 [pool-71-thread-1] INFO  impl.RoleInfo (RoleInfo.java:updateAndGet(143)) - 5f94aeea-aba2-49fa-a1fa-8df10a3eed4d: start FollowerState
2019-09-19 14:44:06,964 [pool-71-thread-1] INFO  util.JmxRegister (JmxRegister.java:tryRegister(44)) - Successfully registered JMX Bean with object name Ratis:service=RaftServer,group=group-B07903325896,id=5f94aeea-aba2-49fa-a1fa-8df10a3eed4d
 0.00% |█                                                                                                    |  0/1 Time: 0:00:022019-09-19 14:44:06,971 [RatisPipelineUtilsThread] INFO  pipeline.PipelineStateManager (PipelineStateManager.java:addPipeline(56)) - Created pipeline Pipeline[ Id: 82fb26cd-a967-41c7-afcb-b07903325896, Nodes: 5f94aeea-aba2-49fa-a1fa-8df10a3eed4d{ip: 192.168.5.132, host: pr-hdds-1569-rzdr8-3403194166, networkLocation: /default-rack, certSerialId: null}, Type:RATIS, Factor:ONE, State:OPEN]
2019-09-19 14:44:06,972 [RatisPipelineUtilsThread] ERROR pipeline.PipelinePlacementPolicy (PipelinePlacementPolicy.java:meetCriteria(91)) - Pipeline Placement: Doesn't meet the criteria to be viable node. Heaviness: 6
2019-09-19 14:44:06,973 [RatisPipelineUtilsThread] ERROR pipeline.PipelinePlacementPolicy (PipelinePlacementPolicy.java:meetCriteria(91)) - Pipeline Placement: Doesn't meet the criteria to be viable node. Heaviness: 6
2019-09-19 14:44:06,973 [RatisPipelineUtilsThread] ERROR pipeline.PipelinePlacementPolicy (PipelinePlacementPolicy.java:meetCriteria(91)) - Pipeline Placement: Doesn't meet the criteria to be viable node. Heaviness: 6
2019-09-19 14:44:06,973 [RatisPipelineUtilsThread] ERROR pipeline.PipelinePlacementPolicy (PipelinePlacementPolicy.java:meetCriteria(91)) - Pipeline Placement: Doesn't meet the criteria to be viable node. Heaviness: 6
2019-09-19 14:44:06,982 [grpc-default-executor-1] INFO  impl.RaftServerProxy (RaftServerProxy.java:addNew(89)) - 5f94aeea-aba2-49fa-a1fa-8df10a3eed4d: addNew group-266585D6981A:[5f94aeea-aba2-49fa-a1fa-8df10a3eed4d:192.168.5.132:37651] returns group-266585D6981A:java.util.concurrent.CompletableFuture@47c42966[Not completed]
2019-09-19 14:44:06,984 [pool-71-thread-1] INFO  impl.RaftServerImpl (RaftServerImpl.java:<init>(93)) - 5f94aeea-aba2-49fa-a1fa-8df10a3eed4d: new RaftServerImpl for group-266585D6981A:[5f94aeea-aba2-49fa-a1fa-8df10a3eed4d:192.168.5.132:37651] with ContainerStateMachine:uninitialized
2019-09-19 14:44:06,984 [pool-71-thread-1] INFO  server.RaftServerConfigKeys (ConfUtils.java:logGet(43)) - raft.server.rpc.timeout.min = 5s (custom)
2019-09-19 14:44:06,984 [pool-71-thread-1] INFO  server.RaftServerConfigKeys (ConfUtils.java:logGet(43)) - raft.server.rpc.timeout.max = 5200ms (custom)
2019-09-19 14:44:06,984 [pool-71-thread-1] INFO  server.RaftServerConfigKeys (ConfUtils.java:logGet(43)) - raft.server.rpcslowness.timeout = 120s (custom)
2019-09-19 14:44:06,984 [pool-71-thread-1] INFO  server.RaftServerConfigKeys (ConfUtils.java:logGet(43)) - raft.server.sleep.deviation.threshold = 300 (default)
2019-09-19 14:44:06,984 [pool-71-thread-1] INFO  server.RaftServerConfigKeys (ConfUtils.java:logGet(43)) - raft.server.log.appender.install.snapshot.enabled = false (custom)
2019-09-19 14:44:06,985 [pool-71-thread-1] INFO  impl.RaftServerImpl (ServerState.java:<init>(105)) - 5f94aeea-aba2-49fa-a1fa-8df10a3eed4d:group-266585D6981A ConfigurationManager, init=-1: [5f94aeea-aba2-49fa-a1fa-8df10a3eed4d:192.168.5.132:37651], old=null, confs=<EMPTY_MAP>
2019-09-19 14:44:06,985 [pool-71-thread-1] INFO  server.RaftServerConfigKeys (ConfUtils.java:logGet(43)) - raft.server.storage.dir = [/workdir/hadoop-ozone/tools/target/test-dir/MiniOzoneClusterImpl-c4d6e72d-f941-4a97-88b8-a79e0d5dc19a/datanode-4/data/ratis] (custom)
2019-09-19 14:44:06,985 [pool-71-thread-1] INFO  storage.RaftStorageDirectory (RaftStorageDirectory.java:analyzeStorage(246)) - The storage directory /workdir/hadoop-ozone/tools/target/test-dir/MiniOzoneClusterImpl-c4d6e72d-f941-4a97-88b8-a79e0d5dc19a/datanode-4/data/ratis/6b3bca20-7e37-4ffc-b7b2-266585d6981a does not exist. Creating ...
2019-09-19 14:44:07,007 [pool-71-thread-1] INFO  storage.RaftStorageDirectory (RaftStorageDirectory.java:tryLock(328)) - Lock on /workdir/hadoop-ozone/tools/target/test-dir/MiniOzoneClusterImpl-c4d6e72d-f941-4a97-88b8-a79e0d5dc19a/datanode-4/data/ratis/6b3bca20-7e37-4ffc-b7b2-266585d6981a/in_use.lock acquired by nodename 2755@pr-hdds-1569-rzdr8-3403194166
2019-09-19 14:44:07,033 [pool-71-thread-1] INFO  storage.RaftStorage (RaftStorage.java:format(72)) - Storage directory /workdir/hadoop-ozone/tools/target/test-dir/MiniOzoneClusterImpl-c4d6e72d-f941-4a97-88b8-a79e0d5dc19a/datanode-4/data/ratis/6b3bca20-7e37-4ffc-b7b2-266585d6981a has been successfully formatted.
2019-09-19 14:44:07,033 [pool-71-thread-1] INFO  ratis.ContainerStateMachine (ContainerStateMachine.java:loadSnapshot(226)) - group-266585D6981A: The snapshot info is null. Setting the last applied indexto:(t:0, i:~)
2019-09-19 14:44:07,034 [pool-71-thread-1] INFO  server.RaftServerConfigKeys (ConfUtils.java:logGet(43)) - raft.server.leader.election.timeout = 120s (custom)
2019-09-19 14:44:07,034 [pool-71-thread-1] INFO  server.RaftServerConfigKeys (ConfUtils.java:logGet(43)) - raft.server.log.use.memory = false (default)
2019-09-19 14:44:07,034 [pool-71-thread-1] INFO  server.RaftServerConfigKeys (ConfUtils.java:logGet(43)) - raft.server.log.purge.gap = 1000000 (custom)
2019-09-19 14:44:07,034 [pool-71-thread-1] INFO  server.RaftServerConfigKeys (ConfUtils.java:logGet(43)) - raft.server.log.appender.buffer.byte-limit = 33554432 (custom)
2019-09-19 14:44:07,035 [pool-71-thread-1] INFO  server.RaftServerConfigKeys (ConfUtils.java:logGet(43)) - raft.server.log.segment.size.max = 1048576 (custom)
2019-09-19 14:44:07,035 [pool-71-thread-1] INFO  server.RaftServerConfigKeys (ConfUtils.java:logGet(43)) - raft.server.log.segment.cache.num.max = 2 (custom)
2019-09-19 14:44:07,035 [pool-71-thread-1] INFO  segmented.SegmentedRaftLogWorker (SegmentedRaftLogWorker.java:<init>(172)) - new 5f94aeea-aba2-49fa-a1fa-8df10a3eed4d-SegmentedRaftLogWorker:Storage Directory /workdir/hadoop-ozone/tools/target/test-dir/MiniOzoneClusterImpl-c4d6e72d-f941-4a97-88b8-a79e0d5dc19a/datanode-4/data/ratis/6b3bca20-7e37-4ffc-b7b2-266585d6981a for RaftStorage:Storage Directory /workdir/hadoop-ozone/tools/target/test-dir/MiniOzoneClusterImpl-c4d6e72d-f941-4a97-88b8-a79e0d5dc19a/datanode-4/data/ratis/6b3bca20-7e37-4ffc-b7b2-266585d6981a
2019-09-19 14:44:07,035 [pool-71-thread-1] INFO  server.RaftServerConfigKeys (ConfUtils.java:logGet(43)) - raft.server.log.queue.byte-limit = 2147483647 (custom)
2019-09-19 14:44:07,036 [pool-71-thread-1] INFO  server.RaftServerConfigKeys (ConfUtils.java:logGet(43)) - raft.server.log.queue.element-limit = 1024 (custom)
2019-09-19 14:44:07,036 [pool-71-thread-1] INFO  server.RaftServerConfigKeys (ConfUtils.java:logGet(43)) - raft.server.log.segment.size.max = 1048576 (custom)
2019-09-19 14:44:07,036 [pool-71-thread-1] INFO  server.RaftServerConfigKeys (ConfUtils.java:logGet(43)) - raft.server.log.preallocated.size = 16384 (custom)
2019-09-19 14:44:07,036 [pool-71-thread-1] INFO  server.RaftServerConfigKeys (ConfUtils.java:logGet(43)) - raft.server.log.write.buffer.size = 33554432 (custom)
2019-09-19 14:44:07,036 [pool-71-thread-1] INFO  server.RaftServerConfigKeys (ConfUtils.java:logGet(43)) - raft.server.log.force.sync.num = 128 (default)
2019-09-19 14:44:07,037 [pool-71-thread-1] INFO  server.RaftServerConfigKeys (ConfUtils.java:logGet(43)) - raft.server.log.statemachine.data.sync = true (default)
2019-09-19 14:44:07,037 [pool-71-thread-1] INFO  server.RaftServerConfigKeys (ConfUtils.java:logGet(43)) - raft.server.log.statemachine.data.sync.timeout = 10s (default)
2019-09-19 14:44:07,037 [pool-71-thread-1] INFO  server.RaftServerConfigKeys (ConfUtils.java:logGet(43)) - raft.server.log.statemachine.data.sync.timeout.retry = -1 (default)
2019-09-19 14:44:07,037 [pool-71-thread-1] INFO  server.RaftServerConfigKeys (ConfUtils.java:logGet(43)) - raft.server.log.statemachine.data.caching.enabled = true (custom)
2019-09-19 14:44:07,038 [pool-71-thread-1] INFO  segmented.SegmentedRaftLogWorker (SegmentedRaftLogWorker.java:lambda$new$0(132)) - 5f94aeea-aba2-49fa-a1fa-8df10a3eed4d-SegmentedRaftLogWorker:Storage Directory /workdir/hadoop-ozone/tools/target/test-dir/MiniOzoneClusterImpl-c4d6e72d-f941-4a97-88b8-a79e0d5dc19a/datanode-4/data/ratis/6b3bca20-7e37-4ffc-b7b2-266585d6981a: flushIndex: setUnconditionally 0 -> -1
2019-09-19 14:44:07,038 [pool-71-thread-1] INFO  server.RaftServerConfigKeys (ConfUtils.java:logGet(43)) - raft.server.snapshot.auto.trigger.enabled = true (custom)
2019-09-19 14:44:07,038 [pool-71-thread-1] INFO  server.RaftServerConfigKeys (ConfUtils.java:logGet(43)) - raft.server.snapshot.auto.trigger.threshold = 10000 (custom)
2019-09-19 14:44:07,039 [pool-71-thread-1] INFO  server.RaftServerConfigKeys (ConfUtils.java:logGet(43)) - raft.server.retrycache.expirytime = 600000ms (custom)
2019-09-19 14:44:07,039 [pool-71-thread-1] INFO  impl.RaftServerImpl (RaftServerImpl.java:start(180)) - 5f94aeea-aba2-49fa-a1fa-8df10a3eed4d: start group-266585D6981A
2019-09-19 14:44:07,039 [pool-71-thread-1] INFO  impl.RaftServerImpl (RaftServerImpl.java:setRole(171)) - 5f94aeea-aba2-49fa-a1fa-8df10a3eed4d:group-266585D6981A changes role from null to FOLLOWER at term 0 for startAsFollower
2019-09-19 14:44:07,039 [pool-71-thread-1] INFO  impl.RoleInfo (RoleInfo.java:updateAndGet(143)) - 5f94aeea-aba2-49fa-a1fa-8df10a3eed4d: start FollowerState
2019-09-19 14:44:07,040 [pool-71-thread-1] INFO  util.JmxRegister (JmxRegister.java:tryRegister(44)) - Successfully registered JMX Bean with object name Ratis:service=RaftServer,group=group-266585D6981A,id=5f94aeea-aba2-49fa-a1fa-8df10a3eed4d
2019-09-19 14:44:07,048 [RatisPipelineUtilsThread] INFO  pipeline.PipelineStateManager (PipelineStateManager.java:addPipeline(56)) - Created pipeline Pipeline[ Id: 6b3bca20-7e37-4ffc-b7b2-266585d6981a, Nodes: 5f94aeea-aba2-49fa-a1fa-8df10a3eed4d{ip: 192.168.5.132, host: pr-hdds-1569-rzdr8-3403194166, networkLocation: /default-rack, certSerialId: null}, Type:RATIS, Factor:ONE, State:OPEN]
2019-09-19 14:44:07,050 [RatisPipelineUtilsThread] ERROR pipeline.PipelinePlacementPolicy (PipelinePlacementPolicy.java:meetCriteria(91)) - Pipeline Placement: Doesn't meet the criteria to be viable node. Heaviness: 6
2019-09-19 14:44:07,051 [RatisPipelineUtilsThread] ERROR pipeline.PipelinePlacementPolicy (PipelinePlacementPolicy.java:meetCriteria(91)) - Pipeline Placement: Doesn't meet the criteria to be viable node. Heaviness: 6
2019-09-19 14:44:07,051 [RatisPipelineUtilsThread] ERROR pipeline.PipelinePlacementPolicy (PipelinePlacementPolicy.java:meetCriteria(91)) - Pipeline Placement: Doesn't meet the criteria to be viable node. Heaviness: 6
2019-09-19 14:44:07,051 [RatisPipelineUtilsThread] ERROR pipeline.PipelinePlacementPolicy (PipelinePlacementPolicy.java:meetCriteria(91)) - Pipeline Placement: Doesn't meet the criteria to be viable node. Heaviness: 6
2019-09-19 14:44:07,063 [grpc-default-executor-1] INFO  impl.RaftServerProxy (RaftServerProxy.java:addNew(89)) - 5f94aeea-aba2-49fa-a1fa-8df10a3eed4d: addNew group-B51E4CD5E917:[5f94aeea-aba2-49fa-a1fa-8df10a3eed4d:192.168.5.132:37651] returns group-B51E4CD5E917:java.util.concurrent.CompletableFuture@78de0be2[Not completed]
2019-09-19 14:44:07,065 [pool-71-thread-1] INFO  impl.RaftServerImpl (RaftServerImpl.java:<init>(93)) - 5f94aeea-aba2-49fa-a1fa-8df10a3eed4d: new RaftServerImpl for group-B51E4CD5E917:[5f94aeea-aba2-49fa-a1fa-8df10a3eed4d:192.168.5.132:37651] with ContainerStateMachine:uninitialized
2019-09-19 14:44:07,065 [pool-71-thread-1] INFO  server.RaftServerConfigKeys (ConfUtils.java:logGet(43)) - raft.server.rpc.timeout.min = 5s (custom)
2019-09-19 14:44:07,065 [pool-71-thread-1] INFO  server.RaftServerConfigKeys (ConfUtils.java:logGet(43)) - raft.server.rpc.timeout.max = 5200ms (custom)
2019-09-19 14:44:07,065 [pool-71-thread-1] INFO  server.RaftServerConfigKeys (ConfUtils.java:logGet(43)) - raft.server.rpcslowness.timeout = 120s (custom)
2019-09-19 14:44:07,065 [pool-71-thread-1] INFO  server.RaftServerConfigKeys (ConfUtils.java:logGet(43)) - raft.server.sleep.deviation.threshold = 300 (default)
2019-09-19 14:44:07,066 [pool-71-thread-1] INFO  server.RaftServerConfigKeys (ConfUtils.java:logGet(43)) - raft.server.log.appender.install.snapshot.enabled = false (custom)
2019-09-19 14:44:07,066 [pool-71-thread-1] INFO  impl.RaftServerImpl (ServerState.java:<init>(105)) - 5f94aeea-aba2-49fa-a1fa-8df10a3eed4d:group-B51E4CD5E917 ConfigurationManager, init=-1: [5f94aeea-aba2-49fa-a1fa-8df10a3eed4d:192.168.5.132:37651], old=null, confs=<EMPTY_MAP>
2019-09-19 14:44:07,066 [pool-71-thread-1] INFO  server.RaftServerConfigKeys (ConfUtils.java:logGet(43)) - raft.server.storage.dir = [/workdir/hadoop-ozone/tools/target/test-dir/MiniOzoneClusterImpl-c4d6e72d-f941-4a97-88b8-a79e0d5dc19a/datanode-4/data/ratis] (custom)
2019-09-19 14:44:07,066 [pool-71-thread-1] INFO  storage.RaftStorageDirectory (RaftStorageDirectory.java:analyzeStorage(246)) - The storage directory /workdir/hadoop-ozone/tools/target/test-dir/MiniOzoneClusterImpl-c4d6e72d-f941-4a97-88b8-a79e0d5dc19a/datanode-4/data/ratis/f2e50028-98e2-4a01-bff6-b51e4cd5e917 does not exist. Creating ...
2019-09-19 14:44:07,092 [pool-71-thread-1] INFO  storage.RaftStorageDirectory (RaftStorageDirectory.java:tryLock(328)) - Lock on /workdir/hadoop-ozone/tools/target/test-dir/MiniOzoneClusterImpl-c4d6e72d-f941-4a97-88b8-a79e0d5dc19a/datanode-4/data/ratis/f2e50028-98e2-4a01-bff6-b51e4cd5e917/in_use.lock acquired by nodename 2755@pr-hdds-1569-rzdr8-3403194166
2019-09-19 14:44:07,117 [pool-71-thread-1] INFO  storage.RaftStorage (RaftStorage.java:format(72)) - Storage directory /workdir/hadoop-ozone/tools/target/test-dir/MiniOzoneClusterImpl-c4d6e72d-f941-4a97-88b8-a79e0d5dc19a/datanode-4/data/ratis/f2e50028-98e2-4a01-bff6-b51e4cd5e917 has been successfully formatted.
2019-09-19 14:44:07,117 [pool-71-thread-1] INFO  ratis.ContainerStateMachine (ContainerStateMachine.java:loadSnapshot(226)) - group-B51E4CD5E917: The snapshot info is null. Setting the last applied indexto:(t:0, i:~)
2019-09-19 14:44:07,118 [pool-71-thread-1] INFO  server.RaftServerConfigKeys (ConfUtils.java:logGet(43)) - raft.server.leader.election.timeout = 120s (custom)
2019-09-19 14:44:07,118 [pool-71-thread-1] INFO  server.RaftServerConfigKeys (ConfUtils.java:logGet(43)) - raft.server.log.use.memory = false (default)
2019-09-19 14:44:07,118 [pool-71-thread-1] INFO  server.RaftServerConfigKeys (ConfUtils.java:logGet(43)) - raft.server.log.purge.gap = 1000000 (custom)
2019-09-19 14:44:07,118 [pool-71-thread-1] INFO  server.RaftServerConfigKeys (ConfUtils.java:logGet(43)) - raft.server.log.appender.buffer.byte-limit = 33554432 (custom)
2019-09-19 14:44:07,118 [pool-71-thread-1] INFO  server.RaftServerConfigKeys (ConfUtils.java:logGet(43)) - raft.server.log.segment.size.max = 1048576 (custom)
2019-09-19 14:44:07,118 [pool-71-thread-1] INFO  server.RaftServerConfigKeys (ConfUtils.java:logGet(43)) - raft.server.log.segment.cache.num.max = 2 (custom)
2019-09-19 14:44:07,119 [pool-71-thread-1] INFO  segmented.SegmentedRaftLogWorker (SegmentedRaftLogWorker.java:<init>(172)) - new 5f94aeea-aba2-49fa-a1fa-8df10a3eed4d-SegmentedRaftLogWorker:Storage Directory /workdir/hadoop-ozone/tools/target/test-dir/MiniOzoneClusterImpl-c4d6e72d-f941-4a97-88b8-a79e0d5dc19a/datanode-4/data/ratis/f2e50028-98e2-4a01-bff6-b51e4cd5e917 for RaftStorage:Storage Directory /workdir/hadoop-ozone/tools/target/test-dir/MiniOzoneClusterImpl-c4d6e72d-f941-4a97-88b8-a79e0d5dc19a/datanode-4/data/ratis/f2e50028-98e2-4a01-bff6-b51e4cd5e917
2019-09-19 14:44:07,119 [pool-71-thread-1] INFO  server.RaftServerConfigKeys (ConfUtils.java:logGet(43)) - raft.server.log.queue.byte-limit = 2147483647 (custom)
2019-09-19 14:44:07,119 [pool-71-thread-1] INFO  server.RaftServerConfigKeys (ConfUtils.java:logGet(43)) - raft.server.log.queue.element-limit = 1024 (custom)
2019-09-19 14:44:07,119 [pool-71-thread-1] INFO  server.RaftServerConfigKeys (ConfUtils.java:logGet(43)) - raft.server.log.segment.size.max = 1048576 (custom)
2019-09-19 14:44:07,119 [pool-71-thread-1] INFO  server.RaftServerConfigKeys (ConfUtils.java:logGet(43)) - raft.server.log.preallocated.size = 16384 (custom)
2019-09-19 14:44:07,119 [pool-71-thread-1] INFO  server.RaftServerConfigKeys (ConfUtils.java:logGet(43)) - raft.server.log.write.buffer.size = 33554432 (custom)
2019-09-19 14:44:07,120 [pool-71-thread-1] INFO  server.RaftServerConfigKeys (ConfUtils.java:logGet(43)) - raft.server.log.force.sync.num = 128 (default)
2019-09-19 14:44:07,120 [pool-71-thread-1] INFO  server.RaftServerConfigKeys (ConfUtils.java:logGet(43)) - raft.server.log.statemachine.data.sync = true (default)
2019-09-19 14:44:07,120 [pool-71-thread-1] INFO  server.RaftServerConfigKeys (ConfUtils.java:logGet(43)) - raft.server.log.statemachine.data.sync.timeout = 10s (default)
2019-09-19 14:44:07,120 [pool-71-thread-1] INFO  server.RaftServerConfigKeys (ConfUtils.java:logGet(43)) - raft.server.log.statemachine.data.sync.timeout.retry = -1 (default)
2019-09-19 14:44:07,120 [pool-71-thread-1] INFO  server.RaftServerConfigKeys (ConfUtils.java:logGet(43)) - raft.server.log.statemachine.data.caching.enabled = true (custom)
2019-09-19 14:44:07,120 [pool-71-thread-1] INFO  segmented.SegmentedRaftLogWorker (SegmentedRaftLogWorker.java:lambda$new$0(132)) - 5f94aeea-aba2-49fa-a1fa-8df10a3eed4d-SegmentedRaftLogWorker:Storage Directory /workdir/hadoop-ozone/tools/target/test-dir/MiniOzoneClusterImpl-c4d6e72d-f941-4a97-88b8-a79e0d5dc19a/datanode-4/data/ratis/f2e50028-98e2-4a01-bff6-b51e4cd5e917: flushIndex: setUnconditionally 0 -> -1
2019-09-19 14:44:07,121 [pool-71-thread-1] INFO  server.RaftServerConfigKeys (ConfUtils.java:logGet(43)) - raft.server.snapshot.auto.trigger.enabled = true (custom)
2019-09-19 14:44:07,121 [pool-71-thread-1] INFO  server.RaftServerConfigKeys (ConfUtils.java:logGet(43)) - raft.server.snapshot.auto.trigger.threshold = 10000 (custom)
2019-09-19 14:44:07,121 [pool-71-thread-1] INFO  server.RaftServerConfigKeys (ConfUtils.java:logGet(43)) - raft.server.retrycache.expirytime = 600000ms (custom)
2019-09-19 14:44:07,121 [pool-71-thread-1] INFO  impl.RaftServerImpl (RaftServerImpl.java:start(180)) - 5f94aeea-aba2-49fa-a1fa-8df10a3eed4d: start group-B51E4CD5E917
2019-09-19 14:44:07,121 [pool-71-thread-1] INFO  impl.RaftServerImpl (RaftServerImpl.java:setRole(171)) - 5f94aeea-aba2-49fa-a1fa-8df10a3eed4d:group-B51E4CD5E917 changes role from null to FOLLOWER at term 0 for startAsFollower
2019-09-19 14:44:07,121 [pool-71-thread-1] INFO  impl.RoleInfo (RoleInfo.java:updateAndGet(143)) - 5f94aeea-aba2-49fa-a1fa-8df10a3eed4d: start FollowerState
2019-09-19 14:44:07,122 [pool-71-thread-1] INFO  util.JmxRegister (JmxRegister.java:tryRegister(44)) - Successfully registered JMX Bean with object name Ratis:service=RaftServer,group=group-B51E4CD5E917,id=5f94aeea-aba2-49fa-a1fa-8df10a3eed4d
2019-09-19 14:44:07,127 [RatisPipelineUtilsThread] INFO  pipeline.PipelineStateManager (PipelineStateManager.java:addPipeline(56)) - Created pipeline Pipeline[ Id: f2e50028-98e2-4a01-bff6-b51e4cd5e917, Nodes: 5f94aeea-aba2-49fa-a1fa-8df10a3eed4d{ip: 192.168.5.132, host: pr-hdds-1569-rzdr8-3403194166, networkLocation: /default-rack, certSerialId: null}, Type:RATIS, Factor:ONE, State:OPEN]
2019-09-19 14:44:07,129 [RatisPipelineUtilsThread] ERROR pipeline.PipelinePlacementPolicy (PipelinePlacementPolicy.java:meetCriteria(91)) - Pipeline Placement: Doesn't meet the criteria to be viable node. Heaviness: 6
2019-09-19 14:44:07,129 [RatisPipelineUtilsThread] ERROR pipeline.PipelinePlacementPolicy (PipelinePlacementPolicy.java:meetCriteria(91)) - Pipeline Placement: Doesn't meet the criteria to be viable node. Heaviness: 6
2019-09-19 14:44:07,129 [RatisPipelineUtilsThread] ERROR pipeline.PipelinePlacementPolicy (PipelinePlacementPolicy.java:meetCriteria(91)) - Pipeline Placement: Doesn't meet the criteria to be viable node. Heaviness: 6
2019-09-19 14:44:07,129 [RatisPipelineUtilsThread] ERROR pipeline.PipelinePlacementPolicy (PipelinePlacementPolicy.java:meetCriteria(91)) - Pipeline Placement: Doesn't meet the criteria to be viable node. Heaviness: 6
2019-09-19 14:44:07,137 [grpc-default-executor-1] INFO  impl.RaftServerProxy (RaftServerProxy.java:addNew(89)) - 5f94aeea-aba2-49fa-a1fa-8df10a3eed4d: addNew group-8964D2835BEC:[5f94aeea-aba2-49fa-a1fa-8df10a3eed4d:192.168.5.132:37651] returns group-8964D2835BEC:java.util.concurrent.CompletableFuture@3fe04131[Not completed]
2019-09-19 14:44:07,139 [pool-71-thread-1] INFO  impl.RaftServerImpl (RaftServerImpl.java:<init>(93)) - 5f94aeea-aba2-49fa-a1fa-8df10a3eed4d: new RaftServerImpl for group-8964D2835BEC:[5f94aeea-aba2-49fa-a1fa-8df10a3eed4d:192.168.5.132:37651] with ContainerStateMachine:uninitialized
2019-09-19 14:44:07,139 [pool-71-thread-1] INFO  server.RaftServerConfigKeys (ConfUtils.java:logGet(43)) - raft.server.rpc.timeout.min = 5s (custom)
2019-09-19 14:44:07,139 [pool-71-thread-1] INFO  server.RaftServerConfigKeys (ConfUtils.java:logGet(43)) - raft.server.rpc.timeout.max = 5200ms (custom)
2019-09-19 14:44:07,139 [pool-71-thread-1] INFO  server.RaftServerConfigKeys (ConfUtils.java:logGet(43)) - raft.server.rpcslowness.timeout = 120s (custom)
2019-09-19 14:44:07,139 [pool-71-thread-1] INFO  server.RaftServerConfigKeys (ConfUtils.java:logGet(43)) - raft.server.sleep.deviation.threshold = 300 (default)
2019-09-19 14:44:07,139 [pool-71-thread-1] INFO  server.RaftServerConfigKeys (ConfUtils.java:logGet(43)) - raft.server.log.appender.install.snapshot.enabled = false (custom)
2019-09-19 14:44:07,139 [pool-71-thread-1] INFO  impl.RaftServerImpl (ServerState.java:<init>(105)) - 5f94aeea-aba2-49fa-a1fa-8df10a3eed4d:group-8964D2835BEC ConfigurationManager, init=-1: [5f94aeea-aba2-49fa-a1fa-8df10a3eed4d:192.168.5.132:37651], old=null, confs=<EMPTY_MAP>
2019-09-19 14:44:07,139 [pool-71-thread-1] INFO  server.RaftServerConfigKeys (ConfUtils.java:logGet(43)) - raft.server.storage.dir = [/workdir/hadoop-ozone/tools/target/test-dir/MiniOzoneClusterImpl-c4d6e72d-f941-4a97-88b8-a79e0d5dc19a/datanode-4/data/ratis] (custom)
2019-09-19 14:44:07,140 [pool-71-thread-1] INFO  storage.RaftStorageDirectory (RaftStorageDirectory.java:analyzeStorage(246)) - The storage directory /workdir/hadoop-ozone/tools/target/test-dir/MiniOzoneClusterImpl-c4d6e72d-f941-4a97-88b8-a79e0d5dc19a/datanode-4/data/ratis/e8b877eb-91ef-4b59-af53-8964d2835bec does not exist. Creating ...
2019-09-19 14:44:07,167 [pool-71-thread-1] INFO  storage.RaftStorageDirectory (RaftStorageDirectory.java:tryLock(328)) - Lock on /workdir/hadoop-ozone/tools/target/test-dir/MiniOzoneClusterImpl-c4d6e72d-f941-4a97-88b8-a79e0d5dc19a/datanode-4/data/ratis/e8b877eb-91ef-4b59-af53-8964d2835bec/in_use.lock acquired by nodename 2755@pr-hdds-1569-rzdr8-3403194166
2019-09-19 14:44:07,193 [pool-71-thread-1] INFO  storage.RaftStorage (RaftStorage.java:format(72)) - Storage directory /workdir/hadoop-ozone/tools/target/test-dir/MiniOzoneClusterImpl-c4d6e72d-f941-4a97-88b8-a79e0d5dc19a/datanode-4/data/ratis/e8b877eb-91ef-4b59-af53-8964d2835bec has been successfully formatted.
2019-09-19 14:44:07,193 [pool-71-thread-1] INFO  ratis.ContainerStateMachine (ContainerStateMachine.java:loadSnapshot(226)) - group-8964D2835BEC: The snapshot info is null. Setting the last applied indexto:(t:0, i:~)
2019-09-19 14:44:07,193 [pool-71-thread-1] INFO  server.RaftServerConfigKeys (ConfUtils.java:logGet(43)) - raft.server.leader.election.timeout = 120s (custom)
2019-09-19 14:44:07,193 [pool-71-thread-1] INFO  server.RaftServerConfigKeys (ConfUtils.java:logGet(43)) - raft.server.log.use.memory = false (default)
2019-09-19 14:44:07,194 [pool-71-thread-1] INFO  server.RaftServerConfigKeys (ConfUtils.java:logGet(43)) - raft.server.log.purge.gap = 1000000 (custom)
2019-09-19 14:44:07,194 [pool-71-thread-1] INFO  server.RaftServerConfigKeys (ConfUtils.java:logGet(43)) - raft.server.log.appender.buffer.byte-limit = 33554432 (custom)
2019-09-19 14:44:07,194 [pool-71-thread-1] INFO  server.RaftServerConfigKeys (ConfUtils.java:logGet(43)) - raft.server.log.segment.size.max = 1048576 (custom)
2019-09-19 14:44:07,194 [pool-71-thread-1] INFO  server.RaftServerConfigKeys (ConfUtils.java:logGet(43)) - raft.server.log.segment.cache.num.max = 2 (custom)
2019-09-19 14:44:07,194 [pool-71-thread-1] INFO  segmented.SegmentedRaftLogWorker (SegmentedRaftLogWorker.java:<init>(172)) - new 5f94aeea-aba2-49fa-a1fa-8df10a3eed4d-SegmentedRaftLogWorker:Storage Directory /workdir/hadoop-ozone/tools/target/test-dir/MiniOzoneClusterImpl-c4d6e72d-f941-4a97-88b8-a79e0d5dc19a/datanode-4/data/ratis/e8b877eb-91ef-4b59-af53-8964d2835bec for RaftStorage:Storage Directory /workdir/hadoop-ozone/tools/target/test-dir/MiniOzoneClusterImpl-c4d6e72d-f941-4a97-88b8-a79e0d5dc19a/datanode-4/data/ratis/e8b877eb-91ef-4b59-af53-8964d2835bec
2019-09-19 14:44:07,195 [pool-71-thread-1] INFO  server.RaftServerConfigKeys (ConfUtils.java:logGet(43)) - raft.server.log.queue.byte-limit = 2147483647 (custom)
2019-09-19 14:44:07,195 [pool-71-thread-1] INFO  server.RaftServerConfigKeys (ConfUtils.java:logGet(43)) - raft.server.log.queue.element-limit = 1024 (custom)
2019-09-19 14:44:07,195 [pool-71-thread-1] INFO  server.RaftServerConfigKeys (ConfUtils.java:logGet(43)) - raft.server.log.segment.size.max = 1048576 (custom)
2019-09-19 14:44:07,195 [pool-71-thread-1] INFO  server.RaftServerConfigKeys (ConfUtils.java:logGet(43)) - raft.server.log.preallocated.size = 16384 (custom)
2019-09-19 14:44:07,195 [pool-71-thread-1] INFO  server.RaftServerConfigKeys (ConfUtils.java:logGet(43)) - raft.server.log.write.buffer.size = 33554432 (custom)
2019-09-19 14:44:07,196 [pool-71-thread-1] INFO  server.RaftServerConfigKeys (ConfUtils.java:logGet(43)) - raft.server.log.force.sync.num = 128 (default)
2019-09-19 14:44:07,196 [pool-71-thread-1] INFO  server.RaftServerConfigKeys (ConfUtils.java:logGet(43)) - raft.server.log.statemachine.data.sync = true (default)
2019-09-19 14:44:07,196 [pool-71-thread-1] INFO  server.RaftServerConfigKeys (ConfUtils.java:logGet(43)) - raft.server.log.statemachine.data.sync.timeout = 10s (default)
2019-09-19 14:44:07,196 [pool-71-thread-1] INFO  server.RaftServerConfigKeys (ConfUtils.java:logGet(43)) - raft.server.log.statemachine.data.sync.timeout.retry = -1 (default)
2019-09-19 14:44:07,196 [pool-71-thread-1] INFO  server.RaftServerConfigKeys (ConfUtils.java:logGet(43)) - raft.server.log.statemachine.data.caching.enabled = true (custom)
2019-09-19 14:44:07,197 [pool-71-thread-1] INFO  segmented.SegmentedRaftLogWorker (SegmentedRaftLogWorker.java:lambda$new$0(132)) - 5f94aeea-aba2-49fa-a1fa-8df10a3eed4d-SegmentedRaftLogWorker:Storage Directory /workdir/hadoop-ozone/tools/target/test-dir/MiniOzoneClusterImpl-c4d6e72d-f941-4a97-88b8-a79e0d5dc19a/datanode-4/data/ratis/e8b877eb-91ef-4b59-af53-8964d2835bec: flushIndex: setUnconditionally 0 -> -1
2019-09-19 14:44:07,197 [pool-71-thread-1] INFO  server.RaftServerConfigKeys (ConfUtils.java:logGet(43)) - raft.server.snapshot.auto.trigger.enabled = true (custom)
2019-09-19 14:44:07,197 [pool-71-thread-1] INFO  server.RaftServerConfigKeys (ConfUtils.java:logGet(43)) - raft.server.snapshot.auto.trigger.threshold = 10000 (custom)
2019-09-19 14:44:07,198 [pool-71-thread-1] INFO  server.RaftServerConfigKeys (ConfUtils.java:logGet(43)) - raft.server.retrycache.expirytime = 600000ms (custom)
2019-09-19 14:44:07,198 [pool-71-thread-1] INFO  impl.RaftServerImpl (RaftServerImpl.java:start(180)) - 5f94aeea-aba2-49fa-a1fa-8df10a3eed4d: start group-8964D2835BEC
2019-09-19 14:44:07,198 [pool-71-thread-1] INFO  impl.RaftServerImpl (RaftServerImpl.java:setRole(171)) - 5f94aeea-aba2-49fa-a1fa-8df10a3eed4d:group-8964D2835BEC changes role from null to FOLLOWER at term 0 for startAsFollower
2019-09-19 14:44:07,198 [pool-71-thread-1] INFO  impl.RoleInfo (RoleInfo.java:updateAndGet(143)) - 5f94aeea-aba2-49fa-a1fa-8df10a3eed4d: start FollowerState
2019-09-19 14:44:07,199 [pool-71-thread-1] INFO  util.JmxRegister (JmxRegister.java:tryRegister(44)) - Successfully registered JMX Bean with object name Ratis:service=RaftServer,group=group-8964D2835BEC,id=5f94aeea-aba2-49fa-a1fa-8df10a3eed4d
2019-09-19 14:44:07,205 [RatisPipelineUtilsThread] INFO  pipeline.PipelineStateManager (PipelineStateManager.java:addPipeline(56)) - Created pipeline Pipeline[ Id: e8b877eb-91ef-4b59-af53-8964d2835bec, Nodes: 5f94aeea-aba2-49fa-a1fa-8df10a3eed4d{ip: 192.168.5.132, host: pr-hdds-1569-rzdr8-3403194166, networkLocation: /default-rack, certSerialId: null}, Type:RATIS, Factor:ONE, State:OPEN]
2019-09-19 14:44:07,207 [RatisPipelineUtilsThread] ERROR pipeline.PipelinePlacementPolicy (PipelinePlacementPolicy.java:meetCriteria(91)) - Pipeline Placement: Doesn't meet the criteria to be viable node. Heaviness: 6
2019-09-19 14:44:07,207 [RatisPipelineUtilsThread] ERROR pipeline.PipelinePlacementPolicy (PipelinePlacementPolicy.java:meetCriteria(91)) - Pipeline Placement: Doesn't meet the criteria to be viable node. Heaviness: 6
2019-09-19 14:44:07,207 [RatisPipelineUtilsThread] ERROR pipeline.PipelinePlacementPolicy (PipelinePlacementPolicy.java:meetCriteria(91)) - Pipeline Placement: Doesn't meet the criteria to be viable node. Heaviness: 6
2019-09-19 14:44:07,207 [RatisPipelineUtilsThread] ERROR pipeline.PipelinePlacementPolicy (PipelinePlacementPolicy.java:meetCriteria(91)) - Pipeline Placement: Doesn't meet the criteria to be viable node. Heaviness: 6
2019-09-19 14:44:07,218 [grpc-default-executor-1] INFO  impl.RaftServerProxy (RaftServerProxy.java:addNew(89)) - 5f94aeea-aba2-49fa-a1fa-8df10a3eed4d: addNew group-BC1BB13578BC:[5f94aeea-aba2-49fa-a1fa-8df10a3eed4d:192.168.5.132:37651] returns group-BC1BB13578BC:java.util.concurrent.CompletableFuture@3ebfdd54[Not completed]
2019-09-19 14:44:07,220 [pool-71-thread-1] INFO  impl.RaftServerImpl (RaftServerImpl.java:<init>(93)) - 5f94aeea-aba2-49fa-a1fa-8df10a3eed4d: new RaftServerImpl for group-BC1BB13578BC:[5f94aeea-aba2-49fa-a1fa-8df10a3eed4d:192.168.5.132:37651] with ContainerStateMachine:uninitialized
2019-09-19 14:44:07,220 [pool-71-thread-1] INFO  server.RaftServerConfigKeys (ConfUtils.java:logGet(43)) - raft.server.rpc.timeout.min = 5s (custom)
2019-09-19 14:44:07,220 [pool-71-thread-1] INFO  server.RaftServerConfigKeys (ConfUtils.java:logGet(43)) - raft.server.rpc.timeout.max = 5200ms (custom)
2019-09-19 14:44:07,220 [pool-71-thread-1] INFO  server.RaftServerConfigKeys (ConfUtils.java:logGet(43)) - raft.server.rpcslowness.timeout = 120s (custom)
2019-09-19 14:44:07,220 [pool-71-thread-1] INFO  server.RaftServerConfigKeys (ConfUtils.java:logGet(43)) - raft.server.sleep.deviation.threshold = 300 (default)
2019-09-19 14:44:07,220 [pool-71-thread-1] INFO  server.RaftServerConfigKeys (ConfUtils.java:logGet(43)) - raft.server.log.appender.install.snapshot.enabled = false (custom)
2019-09-19 14:44:07,221 [pool-71-thread-1] INFO  impl.RaftServerImpl (ServerState.java:<init>(105)) - 5f94aeea-aba2-49fa-a1fa-8df10a3eed4d:group-BC1BB13578BC ConfigurationManager, init=-1: [5f94aeea-aba2-49fa-a1fa-8df10a3eed4d:192.168.5.132:37651], old=null, confs=<EMPTY_MAP>
2019-09-19 14:44:07,221 [pool-71-thread-1] INFO  server.RaftServerConfigKeys (ConfUtils.java:logGet(43)) - raft.server.storage.dir = [/workdir/hadoop-ozone/tools/target/test-dir/MiniOzoneClusterImpl-c4d6e72d-f941-4a97-88b8-a79e0d5dc19a/datanode-4/data/ratis] (custom)
2019-09-19 14:44:07,221 [pool-71-thread-1] INFO  storage.RaftStorageDirectory (RaftStorageDirectory.java:analyzeStorage(246)) - The storage directory /workdir/hadoop-ozone/tools/target/test-dir/MiniOzoneClusterImpl-c4d6e72d-f941-4a97-88b8-a79e0d5dc19a/datanode-4/data/ratis/423468fd-653c-47cd-ac8f-bc1bb13578bc does not exist. Creating ...
2019-09-19 14:44:07,243 [pool-71-thread-1] INFO  storage.RaftStorageDirectory (RaftStorageDirectory.java:tryLock(328)) - Lock on /workdir/hadoop-ozone/tools/target/test-dir/MiniOzoneClusterImpl-c4d6e72d-f941-4a97-88b8-a79e0d5dc19a/datanode-4/data/ratis/423468fd-653c-47cd-ac8f-bc1bb13578bc/in_use.lock acquired by nodename 2755@pr-hdds-1569-rzdr8-3403194166
2019-09-19 14:44:07,269 [pool-71-thread-1] INFO  storage.RaftStorage (RaftStorage.java:format(72)) - Storage directory /workdir/hadoop-ozone/tools/target/test-dir/MiniOzoneClusterImpl-c4d6e72d-f941-4a97-88b8-a79e0d5dc19a/datanode-4/data/ratis/423468fd-653c-47cd-ac8f-bc1bb13578bc has been successfully formatted.
2019-09-19 14:44:07,269 [pool-71-thread-1] INFO  ratis.ContainerStateMachine (ContainerStateMachine.java:loadSnapshot(226)) - group-BC1BB13578BC: The snapshot info is null. Setting the last applied indexto:(t:0, i:~)
2019-09-19 14:44:07,269 [pool-71-thread-1] INFO  server.RaftServerConfigKeys (ConfUtils.java:logGet(43)) - raft.server.leader.election.timeout = 120s (custom)
2019-09-19 14:44:07,270 [pool-71-thread-1] INFO  server.RaftServerConfigKeys (ConfUtils.java:logGet(43)) - raft.server.log.use.memory = false (default)
2019-09-19 14:44:07,270 [pool-71-thread-1] INFO  server.RaftServerConfigKeys (ConfUtils.java:logGet(43)) - raft.server.log.purge.gap = 1000000 (custom)
2019-09-19 14:44:07,270 [pool-71-thread-1] INFO  server.RaftServerConfigKeys (ConfUtils.java:logGet(43)) - raft.server.log.appender.buffer.byte-limit = 33554432 (custom)
2019-09-19 14:44:07,270 [pool-71-thread-1] INFO  server.RaftServerConfigKeys (ConfUtils.java:logGet(43)) - raft.server.log.segment.size.max = 1048576 (custom)
2019-09-19 14:44:07,270 [pool-71-thread-1] INFO  server.RaftServerConfigKeys (ConfUtils.java:logGet(43)) - raft.server.log.segment.cache.num.max = 2 (custom)
2019-09-19 14:44:07,271 [pool-71-thread-1] INFO  segmented.SegmentedRaftLogWorker (SegmentedRaftLogWorker.java:<init>(172)) - new 5f94aeea-aba2-49fa-a1fa-8df10a3eed4d-SegmentedRaftLogWorker:Storage Directory /workdir/hadoop-ozone/tools/target/test-dir/MiniOzoneClusterImpl-c4d6e72d-f941-4a97-88b8-a79e0d5dc19a/datanode-4/data/ratis/423468fd-653c-47cd-ac8f-bc1bb13578bc for RaftStorage:Storage Directory /workdir/hadoop-ozone/tools/target/test-dir/MiniOzoneClusterImpl-c4d6e72d-f941-4a97-88b8-a79e0d5dc19a/datanode-4/data/ratis/423468fd-653c-47cd-ac8f-bc1bb13578bc
2019-09-19 14:44:07,271 [pool-71-thread-1] INFO  server.RaftServerConfigKeys (ConfUtils.java:logGet(43)) - raft.server.log.queue.byte-limit = 2147483647 (custom)
2019-09-19 14:44:07,271 [pool-71-thread-1] INFO  server.RaftServerConfigKeys (ConfUtils.java:logGet(43)) - raft.server.log.queue.element-limit = 1024 (custom)
2019-09-19 14:44:07,271 [pool-71-thread-1] INFO  server.RaftServerConfigKeys (ConfUtils.java:logGet(43)) - raft.server.log.segment.size.max = 1048576 (custom)
2019-09-19 14:44:07,272 [pool-71-thread-1] INFO  server.RaftServerConfigKeys (ConfUtils.java:logGet(43)) - raft.server.log.preallocated.size = 16384 (custom)
2019-09-19 14:44:07,272 [pool-71-thread-1] INFO  server.RaftServerConfigKeys (ConfUtils.java:logGet(43)) - raft.server.log.write.buffer.size = 33554432 (custom)
2019-09-19 14:44:07,272 [pool-71-thread-1] INFO  server.RaftServerConfigKeys (ConfUtils.java:logGet(43)) - raft.server.log.force.sync.num = 128 (default)
2019-09-19 14:44:07,272 [pool-71-thread-1] INFO  server.RaftServerConfigKeys (ConfUtils.java:logGet(43)) - raft.server.log.statemachine.data.sync = true (default)
2019-09-19 14:44:07,272 [pool-71-thread-1] INFO  server.RaftServerConfigKeys (ConfUtils.java:logGet(43)) - raft.server.log.statemachine.data.sync.timeout = 10s (default)
2019-09-19 14:44:07,273 [pool-71-thread-1] INFO  server.RaftServerConfigKeys (ConfUtils.java:logGet(43)) - raft.server.log.statemachine.data.sync.timeout.retry = -1 (default)
2019-09-19 14:44:07,273 [pool-71-thread-1] INFO  server.RaftServerConfigKeys (ConfUtils.java:logGet(43)) - raft.server.log.statemachine.data.caching.enabled = true (custom)
2019-09-19 14:44:07,273 [pool-71-thread-1] INFO  segmented.SegmentedRaftLogWorker (SegmentedRaftLogWorker.java:lambda$new$0(132)) - 5f94aeea-aba2-49fa-a1fa-8df10a3eed4d-SegmentedRaftLogWorker:Storage Directory /workdir/hadoop-ozone/tools/target/test-dir/MiniOzoneClusterImpl-c4d6e72d-f941-4a97-88b8-a79e0d5dc19a/datanode-4/data/ratis/423468fd-653c-47cd-ac8f-bc1bb13578bc: flushIndex: setUnconditionally 0 -> -1
2019-09-19 14:44:07,274 [pool-71-thread-1] INFO  server.RaftServerConfigKeys (ConfUtils.java:logGet(43)) - raft.server.snapshot.auto.trigger.enabled = true (custom)
2019-09-19 14:44:07,274 [pool-71-thread-1] INFO  server.RaftServerConfigKeys (ConfUtils.java:logGet(43)) - raft.server.snapshot.auto.trigger.threshold = 10000 (custom)
2019-09-19 14:44:07,275 [pool-71-thread-1] INFO  server.RaftServerConfigKeys (ConfUtils.java:logGet(43)) - raft.server.retrycache.expirytime = 600000ms (custom)
2019-09-19 14:44:07,275 [pool-71-thread-1] INFO  impl.RaftServerImpl (RaftServerImpl.java:start(180)) - 5f94aeea-aba2-49fa-a1fa-8df10a3eed4d: start group-BC1BB13578BC
2019-09-19 14:44:07,275 [pool-71-thread-1] INFO  impl.RaftServerImpl (RaftServerImpl.java:setRole(171)) - 5f94aeea-aba2-49fa-a1fa-8df10a3eed4d:group-BC1BB13578BC changes role from null to FOLLOWER at term 0 for startAsFollower
2019-09-19 14:44:07,276 [pool-71-thread-1] INFO  impl.RoleInfo (RoleInfo.java:updateAndGet(143)) - 5f94aeea-aba2-49fa-a1fa-8df10a3eed4d: start FollowerState
2019-09-19 14:44:07,276 [pool-71-thread-1] INFO  util.JmxRegister (JmxRegister.java:tryRegister(44)) - Successfully registered JMX Bean with object name Ratis:service=RaftServer,group=group-BC1BB13578BC,id=5f94aeea-aba2-49fa-a1fa-8df10a3eed4d
2019-09-19 14:44:07,283 [RatisPipelineUtilsThread] INFO  pipeline.PipelineStateManager (PipelineStateManager.java:addPipeline(56)) - Created pipeline Pipeline[ Id: 423468fd-653c-47cd-ac8f-bc1bb13578bc, Nodes: 5f94aeea-aba2-49fa-a1fa-8df10a3eed4d{ip: 192.168.5.132, host: pr-hdds-1569-rzdr8-3403194166, networkLocation: /default-rack, certSerialId: null}, Type:RATIS, Factor:ONE, State:OPEN]
2019-09-19 14:44:07,285 [RatisPipelineUtilsThread] ERROR pipeline.PipelinePlacementPolicy (PipelinePlacementPolicy.java:meetCriteria(91)) - Pipeline Placement: Doesn't meet the criteria to be viable node. Heaviness: 6
2019-09-19 14:44:07,285 [RatisPipelineUtilsThread] ERROR pipeline.PipelinePlacementPolicy (PipelinePlacementPolicy.java:meetCriteria(91)) - Pipeline Placement: Doesn't meet the criteria to be viable node. Heaviness: 6
2019-09-19 14:44:07,285 [RatisPipelineUtilsThread] ERROR pipeline.PipelinePlacementPolicy (PipelinePlacementPolicy.java:meetCriteria(91)) - Pipeline Placement: Doesn't meet the criteria to be viable node. Heaviness: 6
2019-09-19 14:44:07,286 [RatisPipelineUtilsThread] ERROR pipeline.PipelinePlacementPolicy (PipelinePlacementPolicy.java:meetCriteria(91)) - Pipeline Placement: Doesn't meet the criteria to be viable node. Heaviness: 6
2019-09-19 14:44:07,286 [RatisPipelineUtilsThread] ERROR pipeline.PipelinePlacementPolicy (PipelinePlacementPolicy.java:meetCriteria(91)) - Pipeline Placement: Doesn't meet the criteria to be viable node. Heaviness: 6
2019-09-19 14:44:07,286 [RatisPipelineUtilsThread] ERROR pipeline.PipelinePlacementPolicy (PipelinePlacementPolicy.java:filterViableNodes(146)) - Unable to find enough nodes that meet the criteria that cannot engage in more than 5 pipelines. Nodes required: 1 Found: 0, healthy nodes count inNodeManager: 5.
2019-09-19 14:44:07,288 [RatisPipelineUtilsThread] ERROR pipeline.SCMPipelineManager (SCMPipelineManager.java:createPipeline(161)) - Pipeline creation failed due to exception: Unable to find enough nodes that meet the criteria that cannot engage in more than 5 pipelines. Nodes required: 1 Found: 0, healthy nodes count inNodeManager: 5.
2019-09-19 14:44:07,289 [RatisPipelineUtilsThread] ERROR pipeline.PipelinePlacementPolicy (PipelinePlacementPolicy.java:meetCriteria(91)) - Pipeline Placement: Doesn't meet the criteria to be viable node. Heaviness: 6
2019-09-19 14:44:07,289 [RatisPipelineUtilsThread] ERROR pipeline.PipelinePlacementPolicy (PipelinePlacementPolicy.java:meetCriteria(91)) - Pipeline Placement: Doesn't meet the criteria to be viable node. Heaviness: 6
2019-09-19 14:44:07,289 [RatisPipelineUtilsThread] ERROR pipeline.PipelinePlacementPolicy (PipelinePlacementPolicy.java:meetCriteria(91)) - Pipeline Placement: Doesn't meet the criteria to be viable node. Heaviness: 6
2019-09-19 14:44:07,289 [RatisPipelineUtilsThread] ERROR pipeline.PipelinePlacementPolicy (PipelinePlacementPolicy.java:meetCriteria(91)) - Pipeline Placement: Doesn't meet the criteria to be viable node. Heaviness: 6
2019-09-19 14:44:07,290 [RatisPipelineUtilsThread] ERROR pipeline.PipelinePlacementPolicy (PipelinePlacementPolicy.java:meetCriteria(91)) - Pipeline Placement: Doesn't meet the criteria to be viable node. Heaviness: 6
2019-09-19 14:44:07,290 [RatisPipelineUtilsThread] ERROR pipeline.PipelinePlacementPolicy (PipelinePlacementPolicy.java:filterViableNodes(146)) - Unable to find enough nodes that meet the criteria that cannot engage in more than 5 pipelines. Nodes required: 3 Found: 0, healthy nodes count inNodeManager: 5.
2019-09-19 14:44:07,290 [RatisPipelineUtilsThread] ERROR pipeline.SCMPipelineManager (SCMPipelineManager.java:createPipeline(161)) - Pipeline creation failed due to exception: Unable to find enough nodes that meet the criteria that cannot engage in more than 5 pipelines. Nodes required: 3 Found: 0, healthy nodes count inNodeManager: 5.
2019-09-19 14:44:07,292 | INFO  | SCMAudit | user=jenkins1000 | ip=192.168.5.132 | op=SEND_HEARTBEAT {datanodeUUID=04a15483-b111-42a3-8ff7-e193b3ee6246, command=[]} | ret=SUCCESS |  
2019-09-19 14:44:07,294 [RatisPipelineUtilsThread] ERROR pipeline.PipelinePlacementPolicy (PipelinePlacementPolicy.java:meetCriteria(91)) - Pipeline Placement: Doesn't meet the criteria to be viable node. Heaviness: 6
2019-09-19 14:44:07,294 [RatisPipelineUtilsThread] ERROR pipeline.PipelinePlacementPolicy (PipelinePlacementPolicy.java:meetCriteria(91)) - Pipeline Placement: Doesn't meet the criteria to be viable node. Heaviness: 6
2019-09-19 14:44:07,294 [RatisPipelineUtilsThread] ERROR pipeline.PipelinePlacementPolicy (PipelinePlacementPolicy.java:meetCriteria(91)) - Pipeline Placement: Doesn't meet the criteria to be viable node. Heaviness: 6
2019-09-19 14:44:07,294 [RatisPipelineUtilsThread] ERROR pipeline.PipelinePlacementPolicy (PipelinePlacementPolicy.java:meetCriteria(91)) - Pipeline Placement: Doesn't meet the criteria to be viable node. Heaviness: 6
2019-09-19 14:44:07,295 [RatisPipelineUtilsThread] ERROR pipeline.PipelinePlacementPolicy (PipelinePlacementPolicy.java:meetCriteria(91)) - Pipeline Placement: Doesn't meet the criteria to be viable node. Heaviness: 6
2019-09-19 14:44:07,295 [RatisPipelineUtilsThread] ERROR pipeline.PipelinePlacementPolicy (PipelinePlacementPolicy.java:filterViableNodes(146)) - Unable to find enough nodes that meet the criteria that cannot engage in more than 5 pipelines. Nodes required: 1 Found: 0, healthy nodes count inNodeManager: 5.
2019-09-19 14:44:07,295 [RatisPipelineUtilsThread] ERROR pipeline.SCMPipelineManager (SCMPipelineManager.java:createPipeline(161)) - Pipeline creation failed due to exception: Unable to find enough nodes that meet the criteria that cannot engage in more than 5 pipelines. Nodes required: 1 Found: 0, healthy nodes count inNodeManager: 5.
2019-09-19 14:44:07,295 [RatisPipelineUtilsThread] ERROR pipeline.PipelinePlacementPolicy (PipelinePlacementPolicy.java:meetCriteria(91)) - Pipeline Placement: Doesn't meet the criteria to be viable node. Heaviness: 6
2019-09-19 14:44:07,296 [RatisPipelineUtilsThread] ERROR pipeline.PipelinePlacementPolicy (PipelinePlacementPolicy.java:meetCriteria(91)) - Pipeline Placement: Doesn't meet the criteria to be viable node. Heaviness: 6
2019-09-19 14:44:07,296 [RatisPipelineUtilsThread] ERROR pipeline.PipelinePlacementPolicy (PipelinePlacementPolicy.java:meetCriteria(91)) - Pipeline Placement: Doesn't meet the criteria to be viable node. Heaviness: 6
2019-09-19 14:44:07,296 [RatisPipelineUtilsThread] ERROR pipeline.PipelinePlacementPolicy (PipelinePlacementPolicy.java:meetCriteria(91)) - Pipeline Placement: Doesn't meet the criteria to be viable node. Heaviness: 6
2019-09-19 14:44:07,296 [RatisPipelineUtilsThread] ERROR pipeline.PipelinePlacementPolicy (PipelinePlacementPolicy.java:meetCriteria(91)) - Pipeline Placement: Doesn't meet the criteria to be viable node. Heaviness: 6
2019-09-19 14:44:07,297 [RatisPipelineUtilsThread] ERROR pipeline.PipelinePlacementPolicy (PipelinePlacementPolicy.java:filterViableNodes(146)) - Unable to find enough nodes that meet the criteria that cannot engage in more than 5 pipelines. Nodes required: 3 Found: 0, healthy nodes count inNodeManager: 5.
2019-09-19 14:44:07,297 [RatisPipelineUtilsThread] ERROR pipeline.SCMPipelineManager (SCMPipelineManager.java:createPipeline(161)) - Pipeline creation failed due to exception: Unable to find enough nodes that meet the criteria that cannot engage in more than 5 pipelines. Nodes required: 3 Found: 0, healthy nodes count inNodeManager: 5.
2019-09-19 14:44:07,297 [IPC Server handler 1 on 39445] ERROR pipeline.PipelinePlacementPolicy (PipelinePlacementPolicy.java:meetCriteria(91)) - Pipeline Placement: Doesn't meet the criteria to be viable node. Heaviness: 6
2019-09-19 14:44:07,297 [IPC Server handler 1 on 39445] ERROR pipeline.PipelinePlacementPolicy (PipelinePlacementPolicy.java:meetCriteria(91)) - Pipeline Placement: Doesn't meet the criteria to be viable node. Heaviness: 6
2019-09-19 14:44:07,298 [IPC Server handler 1 on 39445] ERROR pipeline.PipelinePlacementPolicy (PipelinePlacementPolicy.java:meetCriteria(91)) - Pipeline Placement: Doesn't meet the criteria to be viable node. Heaviness: 6
2019-09-19 14:44:07,298 [IPC Server handler 1 on 39445] ERROR pipeline.PipelinePlacementPolicy (PipelinePlacementPolicy.java:meetCriteria(91)) - Pipeline Placement: Doesn't meet the criteria to be viable node. Heaviness: 6
2019-09-19 14:44:07,298 [IPC Server handler 1 on 39445] ERROR pipeline.PipelinePlacementPolicy (PipelinePlacementPolicy.java:meetCriteria(91)) - Pipeline Placement: Doesn't meet the criteria to be viable node. Heaviness: 6
2019-09-19 14:44:07,298 [IPC Server handler 1 on 39445] ERROR pipeline.PipelinePlacementPolicy (PipelinePlacementPolicy.java:filterViableNodes(146)) - Unable to find enough nodes that meet the criteria that cannot engage in more than 5 pipelines. Nodes required: 3 Found: 0, healthy nodes count inNodeManager: 5.
2019-09-19 14:44:07,298 [IPC Server handler 1 on 39445] ERROR pipeline.SCMPipelineManager (SCMPipelineManager.java:createPipeline(161)) - Pipeline creation failed due to exception: Unable to find enough nodes that meet the criteria that cannot engage in more than 5 pipelines. Nodes required: 3 Found: 0, healthy nodes count inNodeManager: 5.
2019-09-19 14:44:07,300 [IPC Server handler 1 on 39445] WARN  block.BlockManagerImpl (BlockManagerImpl.java:allocateBlock(192)) - Pipeline creation failed for type:RATIS factor:THREE. Retrying get pipelines call once.
org.apache.hadoop.hdds.scm.exceptions.SCMException: Unable to find enough nodes that meet the criteria that cannot engage in more than 5 pipelines. Nodes required: 3 Found: 0, healthy nodes count inNodeManager: 5.
	at org.apache.hadoop.hdds.scm.pipeline.PipelinePlacementPolicy.filterViableNodes(PipelinePlacementPolicy.java:147)
	at org.apache.hadoop.hdds.scm.pipeline.PipelinePlacementPolicy.chooseDatanodes(PipelinePlacementPolicy.java:170)
	at org.apache.hadoop.hdds.scm.pipeline.RatisPipelineProvider.create(RatisPipelineProvider.java:92)
	at org.apache.hadoop.hdds.scm.pipeline.PipelineFactory.create(PipelineFactory.java:57)
	at org.apache.hadoop.hdds.scm.pipeline.SCMPipelineManager.createPipeline(SCMPipelineManager.java:149)
	at org.apache.hadoop.hdds.scm.block.BlockManagerImpl.allocateBlock(BlockManagerImpl.java:190)
	at org.apache.hadoop.hdds.scm.server.SCMBlockProtocolServer.allocateBlock(SCMBlockProtocolServer.java:175)
	at org.apache.hadoop.ozone.protocolPB.ScmBlockLocationProtocolServerSideTranslatorPB.allocateScmBlock(ScmBlockLocationProtocolServerSideTranslatorPB.java:153)
	at org.apache.hadoop.ozone.protocolPB.ScmBlockLocationProtocolServerSideTranslatorPB.send(ScmBlockLocationProtocolServerSideTranslatorPB.java:112)
	at org.apache.hadoop.hdds.protocol.proto.ScmBlockLocationProtocolProtos$ScmBlockLocationProtocolService$2.callBlockingMethod(ScmBlockLocationProtocolProtos.java:13157)
	at org.apache.hadoop.ipc.ProtobufRpcEngine$Server$ProtoBufRpcInvoker.call(ProtobufRpcEngine.java:524)
	at org.apache.hadoop.ipc.RPC$Server.call(RPC.java:1025)
	at org.apache.hadoop.ipc.Server$RpcCall.run(Server.java:876)
	at org.apache.hadoop.ipc.Server$RpcCall.run(Server.java:822)
	at java.security.AccessController.doPrivileged(Native Method)
	at javax.security.auth.Subject.doAs(Subject.java:422)
	at org.apache.hadoop.security.UserGroupInformation.doAs(UserGroupInformation.java:1730)
	at org.apache.hadoop.ipc.Server$Handler.run(Server.java:2682)
2019-09-19 14:44:07,302 [IPC Server handler 1 on 39445] INFO  block.BlockManagerImpl (BlockManagerImpl.java:allocateBlock(198)) - Could not find available pipeline of type:RATIS and factor:THREE even after retrying
2019-09-19 14:44:07,302 [IPC Server handler 1 on 39445] ERROR block.BlockManagerImpl (BlockManagerImpl.java:allocateBlock(222)) - Unable to allocate a block for the size: 4194304, type: RATIS, factor: THREE
2019-09-19 14:44:07,302 [IPC Server handler 1 on 39445] ERROR pipeline.PipelinePlacementPolicy (PipelinePlacementPolicy.java:meetCriteria(91)) - Pipeline Placement: Doesn't meet the criteria to be viable node. Heaviness: 6
2019-09-19 14:44:07,302 [IPC Server handler 1 on 39445] ERROR pipeline.PipelinePlacementPolicy (PipelinePlacementPolicy.java:meetCriteria(91)) - Pipeline Placement: Doesn't meet the criteria to be viable node. Heaviness: 6
2019-09-19 14:44:07,302 [IPC Server handler 1 on 39445] ERROR pipeline.PipelinePlacementPolicy (PipelinePlacementPolicy.java:meetCriteria(91)) - Pipeline Placement: Doesn't meet the criteria to be viable node. Heaviness: 6
2019-09-19 14:44:07,303 [IPC Server handler 1 on 39445] ERROR pipeline.PipelinePlacementPolicy (PipelinePlacementPolicy.java:meetCriteria(91)) - Pipeline Placement: Doesn't meet the criteria to be viable node. Heaviness: 6
2019-09-19 14:44:07,303 [IPC Server handler 1 on 39445] ERROR pipeline.PipelinePlacementPolicy (PipelinePlacementPolicy.java:meetCriteria(91)) - Pipeline Placement: Doesn't meet the criteria to be viable node. Heaviness: 6
2019-09-19 14:44:07,303 [IPC Server handler 1 on 39445] ERROR pipeline.PipelinePlacementPolicy (PipelinePlacementPolicy.java:filterViableNodes(146)) - Unable to find enough nodes that meet the criteria that cannot engage in more than 5 pipelines. Nodes required: 3 Found: 0, healthy nodes count inNodeManager: 5.
2019-09-19 14:44:07,303 [IPC Server handler 1 on 39445] ERROR pipeline.SCMPipelineManager (SCMPipelineManager.java:createPipeline(161)) - Pipeline creation failed due to exception: Unable to find enough nodes that meet the criteria that cannot engage in more than 5 pipelines. Nodes required: 3 Found: 0, healthy nodes count inNodeManager: 5.
2019-09-19 14:44:07,303 [IPC Server handler 1 on 39445] WARN  block.BlockManagerImpl (BlockManagerImpl.java:allocateBlock(192)) - Pipeline creation failed for type:RATIS factor:THREE. Retrying get pipelines call once.
org.apache.hadoop.hdds.scm.exceptions.SCMException: Unable to find enough nodes that meet the criteria that cannot engage in more than 5 pipelines. Nodes required: 3 Found: 0, healthy nodes count inNodeManager: 5.
	at org.apache.hadoop.hdds.scm.pipeline.PipelinePlacementPolicy.filterViableNodes(PipelinePlacementPolicy.java:147)
	at org.apache.hadoop.hdds.scm.pipeline.PipelinePlacementPolicy.chooseDatanodes(PipelinePlacementPolicy.java:170)
	at org.apache.hadoop.hdds.scm.pipeline.RatisPipelineProvider.create(RatisPipelineProvider.java:92)
	at org.apache.hadoop.hdds.scm.pipeline.PipelineFactory.create(PipelineFactory.java:57)
	at org.apache.hadoop.hdds.scm.pipeline.SCMPipelineManager.createPipeline(SCMPipelineManager.java:149)
	at org.apache.hadoop.hdds.scm.block.BlockManagerImpl.allocateBlock(BlockManagerImpl.java:190)
	at org.apache.hadoop.hdds.scm.server.SCMBlockProtocolServer.allocateBlock(SCMBlockProtocolServer.java:175)
	at org.apache.hadoop.ozone.protocolPB.ScmBlockLocationProtocolServerSideTranslatorPB.allocateScmBlock(ScmBlockLocationProtocolServerSideTranslatorPB.java:153)
	at org.apache.hadoop.ozone.protocolPB.ScmBlockLocationProtocolServerSideTranslatorPB.send(ScmBlockLocationProtocolServerSideTranslatorPB.java:112)
	at org.apache.hadoop.hdds.protocol.proto.ScmBlockLocationProtocolProtos$ScmBlockLocationProtocolService$2.callBlockingMethod(ScmBlockLocationProtocolProtos.java:13157)
	at org.apache.hadoop.ipc.ProtobufRpcEngine$Server$ProtoBufRpcInvoker.call(ProtobufRpcEngine.java:524)
	at org.apache.hadoop.ipc.RPC$Server.call(RPC.java:1025)
	at org.apache.hadoop.ipc.Server$RpcCall.run(Server.java:876)
	at org.apache.hadoop.ipc.Server$RpcCall.run(Server.java:822)
	at java.security.AccessController.doPrivileged(Native Method)
	at javax.security.auth.Subject.doAs(Subject.java:422)
	at org.apache.hadoop.security.UserGroupInformation.doAs(UserGroupInformation.java:1730)
	at org.apache.hadoop.ipc.Server$Handler.run(Server.java:2682)
2019-09-19 14:44:07,304 [IPC Server handler 1 on 39445] INFO  block.BlockManagerImpl (BlockManagerImpl.java:allocateBlock(198)) - Could not find available pipeline of type:RATIS and factor:THREE even after retrying
2019-09-19 14:44:07,304 [IPC Server handler 1 on 39445] ERROR block.BlockManagerImpl (BlockManagerImpl.java:allocateBlock(222)) - Unable to allocate a block for the size: 4194304, type: RATIS, factor: THREE
2019-09-19 14:44:07,304 [IPC Server handler 1 on 39445] ERROR pipeline.PipelinePlacementPolicy (PipelinePlacementPolicy.java:meetCriteria(91)) - Pipeline Placement: Doesn't meet the criteria to be viable node. Heaviness: 6
2019-09-19 14:44:07,305 [IPC Server handler 1 on 39445] ERROR pipeline.PipelinePlacementPolicy (PipelinePlacementPolicy.java:meetCriteria(91)) - Pipeline Placement: Doesn't meet the criteria to be viable node. Heaviness: 6
2019-09-19 14:44:07,305 [IPC Server handler 1 on 39445] ERROR pipeline.PipelinePlacementPolicy (PipelinePlacementPolicy.java:meetCriteria(91)) - Pipeline Placement: Doesn't meet the criteria to be viable node. Heaviness: 6
2019-09-19 14:44:07,305 [IPC Server handler 1 on 39445] ERROR pipeline.PipelinePlacementPolicy (PipelinePlacementPolicy.java:meetCriteria(91)) - Pipeline Placement: Doesn't meet the criteria to be viable node. Heaviness: 6
2019-09-19 14:44:07,305 [IPC Server handler 1 on 39445] ERROR pipeline.PipelinePlacementPolicy (PipelinePlacementPolicy.java:meetCriteria(91)) - Pipeline Placement: Doesn't meet the criteria to be viable node. Heaviness: 6
2019-09-19 14:44:07,305 [IPC Server handler 1 on 39445] ERROR pipeline.PipelinePlacementPolicy (PipelinePlacementPolicy.java:filterViableNodes(146)) - Unable to find enough nodes that meet the criteria that cannot engage in more than 5 pipelines. Nodes required: 3 Found: 0, healthy nodes count inNodeManager: 5.
2019-09-19 14:44:07,306 [IPC Server handler 1 on 39445] ERROR pipeline.SCMPipelineManager (SCMPipelineManager.java:createPipeline(161)) - Pipeline creation failed due to exception: Unable to find enough nodes that meet the criteria that cannot engage in more than 5 pipelines. Nodes required: 3 Found: 0, healthy nodes count inNodeManager: 5.
2019-09-19 14:44:07,306 [IPC Server handler 1 on 39445] WARN  block.BlockManagerImpl (BlockManagerImpl.java:allocateBlock(192)) - Pipeline creation failed for type:RATIS factor:THREE. Retrying get pipelines call once.
org.apache.hadoop.hdds.scm.exceptions.SCMException: Unable to find enough nodes that meet the criteria that cannot engage in more than 5 pipelines. Nodes required: 3 Found: 0, healthy nodes count inNodeManager: 5.
	at org.apache.hadoop.hdds.scm.pipeline.PipelinePlacementPolicy.filterViableNodes(PipelinePlacementPolicy.java:147)
	at org.apache.hadoop.hdds.scm.pipeline.PipelinePlacementPolicy.chooseDatanodes(PipelinePlacementPolicy.java:170)
	at org.apache.hadoop.hdds.scm.pipeline.RatisPipelineProvider.create(RatisPipelineProvider.java:92)
	at org.apache.hadoop.hdds.scm.pipeline.PipelineFactory.create(PipelineFactory.java:57)
	at org.apache.hadoop.hdds.scm.pipeline.SCMPipelineManager.createPipeline(SCMPipelineManager.java:149)
	at org.apache.hadoop.hdds.scm.block.BlockManagerImpl.allocateBlock(BlockManagerImpl.java:190)
	at org.apache.hadoop.hdds.scm.server.SCMBlockProtocolServer.allocateBlock(SCMBlockProtocolServer.java:175)
	at org.apache.hadoop.ozone.protocolPB.ScmBlockLocationProtocolServerSideTranslatorPB.allocateScmBlock(ScmBlockLocationProtocolServerSideTranslatorPB.java:153)
	at org.apache.hadoop.ozone.protocolPB.ScmBlockLocationProtocolServerSideTranslatorPB.send(ScmBlockLocationProtocolServerSideTranslatorPB.java:112)
	at org.apache.hadoop.hdds.protocol.proto.ScmBlockLocationProtocolProtos$ScmBlockLocationProtocolService$2.callBlockingMethod(ScmBlockLocationProtocolProtos.java:13157)
	at org.apache.hadoop.ipc.ProtobufRpcEngine$Server$ProtoBufRpcInvoker.call(ProtobufRpcEngine.java:524)
	at org.apache.hadoop.ipc.RPC$Server.call(RPC.java:1025)
	at org.apache.hadoop.ipc.Server$RpcCall.run(Server.java:876)
	at org.apache.hadoop.ipc.Server$RpcCall.run(Server.java:822)
	at java.security.AccessController.doPrivileged(Native Method)
	at javax.security.auth.Subject.doAs(Subject.java:422)
	at org.apache.hadoop.security.UserGroupInformation.doAs(UserGroupInformation.java:1730)
	at org.apache.hadoop.ipc.Server$Handler.run(Server.java:2682)
2019-09-19 14:44:07,306 [IPC Server handler 1 on 39445] INFO  block.BlockManagerImpl (BlockManagerImpl.java:allocateBlock(198)) - Could not find available pipeline of type:RATIS and factor:THREE even after retrying
2019-09-19 14:44:07,307 [IPC Server handler 1 on 39445] ERROR block.BlockManagerImpl (BlockManagerImpl.java:allocateBlock(222)) - Unable to allocate a block for the size: 4194304, type: RATIS, factor: THREE
2019-09-19 14:44:07,307 [IPC Server handler 1 on 39445] ERROR pipeline.PipelinePlacementPolicy (PipelinePlacementPolicy.java:meetCriteria(91)) - Pipeline Placement: Doesn't meet the criteria to be viable node. Heaviness: 6
2019-09-19 14:44:07,307 [IPC Server handler 1 on 39445] ERROR pipeline.PipelinePlacementPolicy (PipelinePlacementPolicy.java:meetCriteria(91)) - Pipeline Placement: Doesn't meet the criteria to be viable node. Heaviness: 6
2019-09-19 14:44:07,307 [IPC Server handler 1 on 39445] ERROR pipeline.PipelinePlacementPolicy (PipelinePlacementPolicy.java:meetCriteria(91)) - Pipeline Placement: Doesn't meet the criteria to be viable node. Heaviness: 6
2019-09-19 14:44:07,307 [IPC Server handler 1 on 39445] ERROR pipeline.PipelinePlacementPolicy (PipelinePlacementPolicy.java:meetCriteria(91)) - Pipeline Placement: Doesn't meet the criteria to be viable node. Heaviness: 6
2019-09-19 14:44:07,308 [IPC Server handler 1 on 39445] ERROR pipeline.PipelinePlacementPolicy (PipelinePlacementPolicy.java:meetCriteria(91)) - Pipeline Placement: Doesn't meet the criteria to be viable node. Heaviness: 6
2019-09-19 14:44:07,308 [IPC Server handler 1 on 39445] ERROR pipeline.PipelinePlacementPolicy (PipelinePlacementPolicy.java:filterViableNodes(146)) - Unable to find enough nodes that meet the criteria that cannot engage in more than 5 pipelines. Nodes required: 3 Found: 0, healthy nodes count inNodeManager: 5.
2019-09-19 14:44:07,308 [IPC Server handler 1 on 39445] ERROR pipeline.SCMPipelineManager (SCMPipelineManager.java:createPipeline(161)) - Pipeline creation failed due to exception: Unable to find enough nodes that meet the criteria that cannot engage in more than 5 pipelines. Nodes required: 3 Found: 0, healthy nodes count inNodeManager: 5.
2019-09-19 14:44:07,308 [IPC Server handler 1 on 39445] WARN  block.BlockManagerImpl (BlockManagerImpl.java:allocateBlock(192)) - Pipeline creation failed for type:RATIS factor:THREE. Retrying get pipelines call once.
org.apache.hadoop.hdds.scm.exceptions.SCMException: Unable to find enough nodes that meet the criteria that cannot engage in more than 5 pipelines. Nodes required: 3 Found: 0, healthy nodes count inNodeManager: 5.
	at org.apache.hadoop.hdds.scm.pipeline.PipelinePlacementPolicy.filterViableNodes(PipelinePlacementPolicy.java:147)
	at org.apache.hadoop.hdds.scm.pipeline.PipelinePlacementPolicy.chooseDatanodes(PipelinePlacementPolicy.java:170)
	at org.apache.hadoop.hdds.scm.pipeline.RatisPipelineProvider.create(RatisPipelineProvider.java:92)
	at org.apache.hadoop.hdds.scm.pipeline.PipelineFactory.create(PipelineFactory.java:57)
	at org.apache.hadoop.hdds.scm.pipeline.SCMPipelineManager.createPipeline(SCMPipelineManager.java:149)
	at org.apache.hadoop.hdds.scm.block.BlockManagerImpl.allocateBlock(BlockManagerImpl.java:190)
	at org.apache.hadoop.hdds.scm.server.SCMBlockProtocolServer.allocateBlock(SCMBlockProtocolServer.java:175)
	at org.apache.hadoop.ozone.protocolPB.ScmBlockLocationProtocolServerSideTranslatorPB.allocateScmBlock(ScmBlockLocationProtocolServerSideTranslatorPB.java:153)
	at org.apache.hadoop.ozone.protocolPB.ScmBlockLocationProtocolServerSideTranslatorPB.send(ScmBlockLocationProtocolServerSideTranslatorPB.java:112)
	at org.apache.hadoop.hdds.protocol.proto.ScmBlockLocationProtocolProtos$ScmBlockLocationProtocolService$2.callBlockingMethod(ScmBlockLocationProtocolProtos.java:13157)
	at org.apache.hadoop.ipc.ProtobufRpcEngine$Server$ProtoBufRpcInvoker.call(ProtobufRpcEngine.java:524)
	at org.apache.hadoop.ipc.RPC$Server.call(RPC.java:1025)
	at org.apache.hadoop.ipc.Server$RpcCall.run(Server.java:876)
	at org.apache.hadoop.ipc.Server$RpcCall.run(Server.java:822)
	at java.security.AccessController.doPrivileged(Native Method)
	at javax.security.auth.Subject.doAs(Subject.java:422)
	at org.apache.hadoop.security.UserGroupInformation.doAs(UserGroupInformation.java:1730)
	at org.apache.hadoop.ipc.Server$Handler.run(Server.java:2682)
2019-09-19 14:44:07,309 [IPC Server handler 1 on 39445] INFO  block.BlockManagerImpl (BlockManagerImpl.java:allocateBlock(198)) - Could not find available pipeline of type:RATIS and factor:THREE even after retrying
2019-09-19 14:44:07,309 [IPC Server handler 1 on 39445] ERROR block.BlockManagerImpl (BlockManagerImpl.java:allocateBlock(222)) - Unable to allocate a block for the size: 4194304, type: RATIS, factor: THREE
2019-09-19 14:44:07,309 [IPC Server handler 1 on 39445] ERROR pipeline.PipelinePlacementPolicy (PipelinePlacementPolicy.java:meetCriteria(91)) - Pipeline Placement: Doesn't meet the criteria to be viable node. Heaviness: 6
2019-09-19 14:44:07,309 [IPC Server handler 1 on 39445] ERROR pipeline.PipelinePlacementPolicy (PipelinePlacementPolicy.java:meetCriteria(91)) - Pipeline Placement: Doesn't meet the criteria to be viable node. Heaviness: 6
2019-09-19 14:44:07,310 [IPC Server handler 1 on 39445] ERROR pipeline.PipelinePlacementPolicy (PipelinePlacementPolicy.java:meetCriteria(91)) - Pipeline Placement: Doesn't meet the criteria to be viable node. Heaviness: 6
2019-09-19 14:44:07,310 [IPC Server handler 1 on 39445] ERROR pipeline.PipelinePlacementPolicy (PipelinePlacementPolicy.java:meetCriteria(91)) - Pipeline Placement: Doesn't meet the criteria to be viable node. Heaviness: 6
2019-09-19 14:44:07,310 [IPC Server handler 1 on 39445] ERROR pipeline.PipelinePlacementPolicy (PipelinePlacementPolicy.java:meetCriteria(91)) - Pipeline Placement: Doesn't meet the criteria to be viable node. Heaviness: 6
2019-09-19 14:44:07,310 [IPC Server handler 1 on 39445] ERROR pipeline.PipelinePlacementPolicy (PipelinePlacementPolicy.java:filterViableNodes(146)) - Unable to find enough nodes that meet the criteria that cannot engage in more than 5 pipelines. Nodes required: 3 Found: 0, healthy nodes count inNodeManager: 5.
2019-09-19 14:44:07,310 [IPC Server handler 1 on 39445] ERROR pipeline.SCMPipelineManager (SCMPipelineManager.java:createPipeline(161)) - Pipeline creation failed due to exception: Unable to find enough nodes that meet the criteria that cannot engage in more than 5 pipelines. Nodes required: 3 Found: 0, healthy nodes count inNodeManager: 5.
2019-09-19 14:44:07,310 [IPC Server handler 1 on 39445] WARN  block.BlockManagerImpl (BlockManagerImpl.java:allocateBlock(192)) - Pipeline creation failed for type:RATIS factor:THREE. Retrying get pipelines call once.
org.apache.hadoop.hdds.scm.exceptions.SCMException: Unable to find enough nodes that meet the criteria that cannot engage in more than 5 pipelines. Nodes required: 3 Found: 0, healthy nodes count inNodeManager: 5.
	at org.apache.hadoop.hdds.scm.pipeline.PipelinePlacementPolicy.filterViableNodes(PipelinePlacementPolicy.java:147)
	at org.apache.hadoop.hdds.scm.pipeline.PipelinePlacementPolicy.chooseDatanodes(PipelinePlacementPolicy.java:170)
	at org.apache.hadoop.hdds.scm.pipeline.RatisPipelineProvider.create(RatisPipelineProvider.java:92)
	at org.apache.hadoop.hdds.scm.pipeline.PipelineFactory.create(PipelineFactory.java:57)
	at org.apache.hadoop.hdds.scm.pipeline.SCMPipelineManager.createPipeline(SCMPipelineManager.java:149)
	at org.apache.hadoop.hdds.scm.block.BlockManagerImpl.allocateBlock(BlockManagerImpl.java:190)
	at org.apache.hadoop.hdds.scm.server.SCMBlockProtocolServer.allocateBlock(SCMBlockProtocolServer.java:175)
	at org.apache.hadoop.ozone.protocolPB.ScmBlockLocationProtocolServerSideTranslatorPB.allocateScmBlock(ScmBlockLocationProtocolServerSideTranslatorPB.java:153)
	at org.apache.hadoop.ozone.protocolPB.ScmBlockLocationProtocolServerSideTranslatorPB.send(ScmBlockLocationProtocolServerSideTranslatorPB.java:112)
	at org.apache.hadoop.hdds.protocol.proto.ScmBlockLocationProtocolProtos$ScmBlockLocationProtocolService$2.callBlockingMethod(ScmBlockLocationProtocolProtos.java:13157)
	at org.apache.hadoop.ipc.ProtobufRpcEngine$Server$ProtoBufRpcInvoker.call(ProtobufRpcEngine.java:524)
	at org.apache.hadoop.ipc.RPC$Server.call(RPC.java:1025)
	at org.apache.hadoop.ipc.Server$RpcCall.run(Server.java:876)
	at org.apache.hadoop.ipc.Server$RpcCall.run(Server.java:822)
	at java.security.AccessController.doPrivileged(Native Method)
	at javax.security.auth.Subject.doAs(Subject.java:422)
	at org.apache.hadoop.security.UserGroupInformation.doAs(UserGroupInformation.java:1730)
	at org.apache.hadoop.ipc.Server$Handler.run(Server.java:2682)
2019-09-19 14:44:07,311 [IPC Server handler 1 on 39445] INFO  block.BlockManagerImpl (BlockManagerImpl.java:allocateBlock(198)) - Could not find available pipeline of type:RATIS and factor:THREE even after retrying
2019-09-19 14:44:07,311 [IPC Server handler 1 on 39445] ERROR block.BlockManagerImpl (BlockManagerImpl.java:allocateBlock(222)) - Unable to allocate a block for the size: 4194304, type: RATIS, factor: THREE
2019-09-19 14:44:07,311 | INFO  | SCMAudit | user=jenkins1000 | ip=192.168.5.132 | op=ALLOCATE_BLOCK {owner=0a705d9c-cbcd-4067-a246-e5e02757e38f, size=4194304, type=RATIS, factor=THREE} | ret=SUCCESS |  
2019-09-19 14:44:07,317 | ERROR | OMAudit | user=jenkins1000 | ip=127.0.0.1 | op=ALLOCATE_KEY {volume=vol-0-47100, bucket=bucket-0-81491, key=key-0-26963, dataSize=20971520, replicationType=RATIS, replicationFactor=THREE, keyLocationInfo=null} | ret=FAILURE | org.apache.hadoop.hdds.scm.exceptions.SCMException: Allocated 0 blocks. Requested 5 blocks
	at org.apache.hadoop.hdds.scm.protocolPB.ScmBlockLocationProtocolClientSideTranslatorPB.handleError(ScmBlockLocationProtocolClientSideTranslatorPB.java:118)
	at org.apache.hadoop.hdds.scm.protocolPB.ScmBlockLocationProtocolClientSideTranslatorPB.allocateBlock(ScmBlockLocationProtocolClientSideTranslatorPB.java:156) 
2019-09-19 14:44:07,321 [pool-78-thread-3] ERROR freon.RandomKeyGenerator (RandomKeyGenerator.java:createKey(724)) - Exception while adding key: key-0-26963 in bucket: bucket-0-81491 of volume: vol-0-47100.
INTERNAL_ERROR org.apache.hadoop.ozone.om.exceptions.OMException: Allocated 0 blocks. Requested 5 blocks
	at org.apache.hadoop.ozone.om.protocolPB.OzoneManagerProtocolClientSideTranslatorPB.handleError(OzoneManagerProtocolClientSideTranslatorPB.java:725)
	at org.apache.hadoop.ozone.om.protocolPB.OzoneManagerProtocolClientSideTranslatorPB.openKey(OzoneManagerProtocolClientSideTranslatorPB.java:716)
	at org.apache.hadoop.ozone.client.rpc.RpcClient.createKey(RpcClient.java:615)
	at org.apache.hadoop.ozone.client.OzoneBucket.createKey(OzoneBucket.java:323)
	at org.apache.hadoop.ozone.freon.RandomKeyGenerator.createKey(RandomKeyGenerator.java:686)
	at org.apache.hadoop.ozone.freon.RandomKeyGenerator.access$1100(RandomKeyGenerator.java:87)
	at org.apache.hadoop.ozone.freon.RandomKeyGenerator$ObjectCreator.run(RandomKeyGenerator.java:606)
	at java.util.concurrent.Executors$RunnableAdapter.call(Executors.java:511)
	at java.util.concurrent.FutureTask.run(FutureTask.java:266)
	at java.util.concurrent.ThreadPoolExecutor.runWorker(ThreadPoolExecutor.java:1149)
	at java.util.concurrent.ThreadPoolExecutor$Worker.run(ThreadPoolExecutor.java:624)
	at java.lang.Thread.run(Thread.java:748)
2019-09-19 14:44:07,349 | INFO  | SCMAudit | user=jenkins1000 | ip=192.168.5.132 | op=SEND_HEARTBEAT {datanodeUUID=94ffd37a-7fba-4e2b-aec6-167a5be5db83, command=[]} | ret=SUCCESS |  
2019-09-19 14:44:07,407 | INFO  | SCMAudit | user=jenkins1000 | ip=192.168.5.132 | op=SEND_HEARTBEAT {datanodeUUID=5f94aeea-aba2-49fa-a1fa-8df10a3eed4d, command=[]} | ret=SUCCESS |  
2019-09-19 14:44:07,655 | INFO  | SCMAudit | user=jenkins1000 | ip=192.168.5.132 | op=SEND_HEARTBEAT {datanodeUUID=a4e26ddf-7cab-415d-8560-150ea8262212, command=[]} | ret=SUCCESS |  
2019-09-19 14:44:07,904 | INFO  | SCMAudit | user=jenkins1000 | ip=192.168.5.132 | op=SEND_HEARTBEAT {datanodeUUID=550ad0a3-b6ae-44bc-a70a-b51f5a4003f3, command=[]} | ret=SUCCESS |  
 0.00% |█                                                                                                    |  0/1 Time: 0:00:032019-09-19 14:44:08,293 | INFO  | SCMAudit | user=jenkins1000 | ip=192.168.5.132 | op=SEND_HEARTBEAT {datanodeUUID=04a15483-b111-42a3-8ff7-e193b3ee6246, command=[]} | ret=SUCCESS |  
2019-09-19 14:44:08,350 | INFO  | SCMAudit | user=jenkins1000 | ip=192.168.5.132 | op=SEND_HEARTBEAT {datanodeUUID=94ffd37a-7fba-4e2b-aec6-167a5be5db83, command=[]} | ret=SUCCESS |  
2019-09-19 14:44:08,407 | INFO  | SCMAudit | user=jenkins1000 | ip=192.168.5.132 | op=SEND_HEARTBEAT {datanodeUUID=5f94aeea-aba2-49fa-a1fa-8df10a3eed4d, command=[]} | ret=SUCCESS |  
2019-09-19 14:44:08,655 | INFO  | SCMAudit | user=jenkins1000 | ip=192.168.5.132 | op=SEND_HEARTBEAT {datanodeUUID=a4e26ddf-7cab-415d-8560-150ea8262212, command=[]} | ret=SUCCESS |  
2019-09-19 14:44:08,904 | INFO  | SCMAudit | user=jenkins1000 | ip=192.168.5.132 | op=SEND_HEARTBEAT {datanodeUUID=550ad0a3-b6ae-44bc-a70a-b51f5a4003f3, command=[]} | ret=SUCCESS |  
 0.00% |█                                                                                                    |  0/1 Time: 0:00:042019-09-19 14:44:09,293 | INFO  | SCMAudit | user=jenkins1000 | ip=192.168.5.132 | op=SEND_HEARTBEAT {datanodeUUID=04a15483-b111-42a3-8ff7-e193b3ee6246, command=[]} | ret=SUCCESS |  
2019-09-19 14:44:09,351 | INFO  | SCMAudit | user=jenkins1000 | ip=192.168.5.132 | op=SEND_HEARTBEAT {datanodeUUID=94ffd37a-7fba-4e2b-aec6-167a5be5db83, command=[]} | ret=SUCCESS |  
2019-09-19 14:44:09,408 | INFO  | SCMAudit | user=jenkins1000 | ip=192.168.5.132 | op=SEND_HEARTBEAT {datanodeUUID=5f94aeea-aba2-49fa-a1fa-8df10a3eed4d, command=[]} | ret=SUCCESS |  
2019-09-19 14:44:09,549 [Thread-210] INFO  impl.FollowerState (FollowerState.java:run(106)) - 94ffd37a-7fba-4e2b-aec6-167a5be5db83:group-9B76359D613D changes to CANDIDATE, lastRpcTime:5002, electionTimeout:5001ms
2019-09-19 14:44:09,550 [Thread-210] INFO  impl.RoleInfo (RoleInfo.java:shutdownFollowerState(121)) - 94ffd37a-7fba-4e2b-aec6-167a5be5db83: shutdown FollowerState
2019-09-19 14:44:09,550 [Thread-210] INFO  impl.RaftServerImpl (RaftServerImpl.java:setRole(171)) - 94ffd37a-7fba-4e2b-aec6-167a5be5db83:group-9B76359D613D changes role from FOLLOWER to CANDIDATE at term 0 for changeToCandidate
2019-09-19 14:44:09,555 [Thread-210] INFO  impl.RoleInfo (RoleInfo.java:updateAndGet(143)) - 94ffd37a-7fba-4e2b-aec6-167a5be5db83: start LeaderElection
2019-09-19 14:44:09,591 [94ffd37a-7fba-4e2b-aec6-167a5be5db83:group-9B76359D613D:LeaderElection1] INFO  impl.LeaderElection (LeaderElection.java:askForVotes(181)) - 94ffd37a-7fba-4e2b-aec6-167a5be5db83:group-9B76359D613D:LeaderElection1: begin an election at term 1 for -1: [94ffd37a-7fba-4e2b-aec6-167a5be5db83:192.168.5.132:38290], old=null
2019-09-19 14:44:09,593 [94ffd37a-7fba-4e2b-aec6-167a5be5db83:group-9B76359D613D:LeaderElection1] INFO  impl.RoleInfo (RoleInfo.java:shutdownLeaderElection(134)) - 94ffd37a-7fba-4e2b-aec6-167a5be5db83: shutdown LeaderElection
2019-09-19 14:44:09,593 [94ffd37a-7fba-4e2b-aec6-167a5be5db83:group-9B76359D613D:LeaderElection1] INFO  impl.RaftServerImpl (RaftServerImpl.java:setRole(171)) - 94ffd37a-7fba-4e2b-aec6-167a5be5db83:group-9B76359D613D changes role from CANDIDATE to LEADER at term 1 for changeToLeader
2019-09-19 14:44:09,593 [94ffd37a-7fba-4e2b-aec6-167a5be5db83:group-9B76359D613D:LeaderElection1] INFO  impl.RaftServerImpl (ServerState.java:setLeader(263)) - 94ffd37a-7fba-4e2b-aec6-167a5be5db83:group-9B76359D613D change Leader from null to 94ffd37a-7fba-4e2b-aec6-167a5be5db83 at term 1 for becomeLeader, leader elected after 5144ms
2019-09-19 14:44:09,600 [94ffd37a-7fba-4e2b-aec6-167a5be5db83:group-9B76359D613D:LeaderElection1] INFO  server.RaftServerConfigKeys (ConfUtils.java:logGet(43)) - raft.server.staging.catchup.gap = 1000 (default)
2019-09-19 14:44:09,600 [94ffd37a-7fba-4e2b-aec6-167a5be5db83:group-9B76359D613D:LeaderElection1] INFO  server.RaftServerConfigKeys (ConfUtils.java:logGet(43)) - raft.server.rpc.sleep.time = 25ms (default)
2019-09-19 14:44:09,603 [94ffd37a-7fba-4e2b-aec6-167a5be5db83:group-9B76359D613D:LeaderElection1] INFO  server.RaftServerConfigKeys (ConfUtils.java:logGet(43)) - raft.server.write.element-limit = 4096 (default)
2019-09-19 14:44:09,605 [94ffd37a-7fba-4e2b-aec6-167a5be5db83:group-9B76359D613D:LeaderElection1] INFO  server.RaftServerConfigKeys (ConfUtils.java:logGet(43)) - raft.server.watch.timeout = 10s (default)
2019-09-19 14:44:09,605 [94ffd37a-7fba-4e2b-aec6-167a5be5db83:group-9B76359D613D:LeaderElection1] INFO  server.RaftServerConfigKeys (ConfUtils.java:logGet(43)) - raft.server.watch.timeout.denomination = 1s (default)
2019-09-19 14:44:09,606 [94ffd37a-7fba-4e2b-aec6-167a5be5db83:group-9B76359D613D:LeaderElection1] INFO  server.RaftServerConfigKeys (ConfUtils.java:logGet(43)) - raft.server.watch.element-limit = 65536 (default)
2019-09-19 14:44:09,614 [94ffd37a-7fba-4e2b-aec6-167a5be5db83:group-9B76359D613D:LeaderElection1] INFO  impl.RoleInfo (RoleInfo.java:updateAndGet(143)) - 94ffd37a-7fba-4e2b-aec6-167a5be5db83: start LeaderState
2019-09-19 14:44:09,634 [94ffd37a-7fba-4e2b-aec6-167a5be5db83:group-9B76359D613D:LeaderElection1] INFO  segmented.SegmentedRaftLogWorker (SegmentedRaftLogWorker.java:startLogSegment(380)) - 94ffd37a-7fba-4e2b-aec6-167a5be5db83-SegmentedRaftLogWorker:Storage Directory /workdir/hadoop-ozone/tools/target/test-dir/MiniOzoneClusterImpl-c4d6e72d-f941-4a97-88b8-a79e0d5dc19a/datanode-0/data/ratis/053d301a-83b5-41f8-9744-9b76359d613d: Starting segment from index:0
2019-09-19 14:44:09,641 [94ffd37a-7fba-4e2b-aec6-167a5be5db83:group-9B76359D613D:LeaderElection1] INFO  impl.RaftServerImpl (ServerState.java:setRaftConf(361)) - 94ffd37a-7fba-4e2b-aec6-167a5be5db83:group-9B76359D613D set configuration 0: [94ffd37a-7fba-4e2b-aec6-167a5be5db83:192.168.5.132:38290], old=null at 0
2019-09-19 14:44:09,659 | INFO  | SCMAudit | user=jenkins1000 | ip=192.168.5.132 | op=SEND_HEARTBEAT {datanodeUUID=a4e26ddf-7cab-415d-8560-150ea8262212, command=[]} | ret=SUCCESS |  
2019-09-19 14:44:09,825 [94ffd37a-7fba-4e2b-aec6-167a5be5db83-SegmentedRaftLogWorker:Storage Directory /workdir/hadoop-ozone/tools/target/test-dir/MiniOzoneClusterImpl-c4d6e72d-f941-4a97-88b8-a79e0d5dc19a/datanode-0/data/ratis/053d301a-83b5-41f8-9744-9b76359d613d] INFO  segmented.SegmentedRaftLogWorker (SegmentedRaftLogWorker.java:execute(569)) - 94ffd37a-7fba-4e2b-aec6-167a5be5db83-SegmentedRaftLogWorker:Storage Directory /workdir/hadoop-ozone/tools/target/test-dir/MiniOzoneClusterImpl-c4d6e72d-f941-4a97-88b8-a79e0d5dc19a/datanode-0/data/ratis/053d301a-83b5-41f8-9744-9b76359d613d: created new log segment /workdir/hadoop-ozone/tools/target/test-dir/MiniOzoneClusterImpl-c4d6e72d-f941-4a97-88b8-a79e0d5dc19a/datanode-0/data/ratis/053d301a-83b5-41f8-9744-9b76359d613d/current/log_inprogress_0
2019-09-19 14:44:09,859 [Thread-213] INFO  impl.FollowerState (FollowerState.java:run(106)) - 94ffd37a-7fba-4e2b-aec6-167a5be5db83:group-25F75F86CF8B changes to CANDIDATE, lastRpcTime:5165, electionTimeout:5165ms
2019-09-19 14:44:09,862 [Thread-213] INFO  impl.RoleInfo (RoleInfo.java:shutdownFollowerState(121)) - 94ffd37a-7fba-4e2b-aec6-167a5be5db83: shutdown FollowerState
2019-09-19 14:44:09,862 [Thread-213] INFO  impl.RaftServerImpl (RaftServerImpl.java:setRole(171)) - 94ffd37a-7fba-4e2b-aec6-167a5be5db83:group-25F75F86CF8B changes role from FOLLOWER to CANDIDATE at term 0 for changeToCandidate
2019-09-19 14:44:09,862 [Thread-213] INFO  impl.RoleInfo (RoleInfo.java:updateAndGet(143)) - 94ffd37a-7fba-4e2b-aec6-167a5be5db83: start LeaderElection
2019-09-19 14:44:09,892 [94ffd37a-7fba-4e2b-aec6-167a5be5db83:group-25F75F86CF8B:LeaderElection2] INFO  impl.LeaderElection (LeaderElection.java:askForVotes(181)) - 94ffd37a-7fba-4e2b-aec6-167a5be5db83:group-25F75F86CF8B:LeaderElection2: begin an election at term 1 for -1: [94ffd37a-7fba-4e2b-aec6-167a5be5db83:192.168.5.132:38290], old=null
2019-09-19 14:44:09,895 [94ffd37a-7fba-4e2b-aec6-167a5be5db83:group-25F75F86CF8B:LeaderElection2] INFO  impl.RoleInfo (RoleInfo.java:shutdownLeaderElection(134)) - 94ffd37a-7fba-4e2b-aec6-167a5be5db83: shutdown LeaderElection
2019-09-19 14:44:09,895 [94ffd37a-7fba-4e2b-aec6-167a5be5db83:group-25F75F86CF8B:LeaderElection2] INFO  impl.RaftServerImpl (RaftServerImpl.java:setRole(171)) - 94ffd37a-7fba-4e2b-aec6-167a5be5db83:group-25F75F86CF8B changes role from CANDIDATE to LEADER at term 1 for changeToLeader
2019-09-19 14:44:09,895 [94ffd37a-7fba-4e2b-aec6-167a5be5db83:group-25F75F86CF8B:LeaderElection2] INFO  impl.RaftServerImpl (ServerState.java:setLeader(263)) - 94ffd37a-7fba-4e2b-aec6-167a5be5db83:group-25F75F86CF8B change Leader from null to 94ffd37a-7fba-4e2b-aec6-167a5be5db83 at term 1 for becomeLeader, leader elected after 5206ms
2019-09-19 14:44:09,895 [94ffd37a-7fba-4e2b-aec6-167a5be5db83:group-25F75F86CF8B:LeaderElection2] INFO  server.RaftServerConfigKeys (ConfUtils.java:logGet(43)) - raft.server.staging.catchup.gap = 1000 (default)
2019-09-19 14:44:09,895 [94ffd37a-7fba-4e2b-aec6-167a5be5db83:group-25F75F86CF8B:LeaderElection2] INFO  server.RaftServerConfigKeys (ConfUtils.java:logGet(43)) - raft.server.rpc.sleep.time = 25ms (default)
2019-09-19 14:44:09,895 [94ffd37a-7fba-4e2b-aec6-167a5be5db83:group-25F75F86CF8B:LeaderElection2] INFO  server.RaftServerConfigKeys (ConfUtils.java:logGet(43)) - raft.server.write.element-limit = 4096 (default)
2019-09-19 14:44:09,895 [94ffd37a-7fba-4e2b-aec6-167a5be5db83:group-25F75F86CF8B:LeaderElection2] INFO  server.RaftServerConfigKeys (ConfUtils.java:logGet(43)) - raft.server.watch.timeout = 10s (default)
2019-09-19 14:44:09,895 [94ffd37a-7fba-4e2b-aec6-167a5be5db83:group-25F75F86CF8B:LeaderElection2] INFO  server.RaftServerConfigKeys (ConfUtils.java:logGet(43)) - raft.server.watch.timeout.denomination = 1s (default)
2019-09-19 14:44:09,896 [94ffd37a-7fba-4e2b-aec6-167a5be5db83:group-25F75F86CF8B:LeaderElection2] INFO  server.RaftServerConfigKeys (ConfUtils.java:logGet(43)) - raft.server.watch.element-limit = 65536 (default)
2019-09-19 14:44:09,896 [94ffd37a-7fba-4e2b-aec6-167a5be5db83:group-25F75F86CF8B:LeaderElection2] INFO  impl.RoleInfo (RoleInfo.java:updateAndGet(143)) - 94ffd37a-7fba-4e2b-aec6-167a5be5db83: start LeaderState
2019-09-19 14:44:09,896 [94ffd37a-7fba-4e2b-aec6-167a5be5db83:group-25F75F86CF8B:LeaderElection2] INFO  segmented.SegmentedRaftLogWorker (SegmentedRaftLogWorker.java:startLogSegment(380)) - 94ffd37a-7fba-4e2b-aec6-167a5be5db83-SegmentedRaftLogWorker:Storage Directory /workdir/hadoop-ozone/tools/target/test-dir/MiniOzoneClusterImpl-c4d6e72d-f941-4a97-88b8-a79e0d5dc19a/datanode-0/data/ratis/40e31a89-338f-4e81-872c-25f75f86cf8b: Starting segment from index:0
2019-09-19 14:44:09,897 [94ffd37a-7fba-4e2b-aec6-167a5be5db83:group-25F75F86CF8B:LeaderElection2] INFO  impl.RaftServerImpl (ServerState.java:setRaftConf(361)) - 94ffd37a-7fba-4e2b-aec6-167a5be5db83:group-25F75F86CF8B set configuration 0: [94ffd37a-7fba-4e2b-aec6-167a5be5db83:192.168.5.132:38290], old=null at 0
2019-09-19 14:44:09,928 [Thread-217] INFO  impl.FollowerState (FollowerState.java:run(106)) - 04a15483-b111-42a3-8ff7-e193b3ee6246:group-07459261BA7E changes to CANDIDATE, lastRpcTime:5091, electionTimeout:5061ms
2019-09-19 14:44:09,928 [Thread-217] INFO  impl.RoleInfo (RoleInfo.java:shutdownFollowerState(121)) - 04a15483-b111-42a3-8ff7-e193b3ee6246: shutdown FollowerState
2019-09-19 14:44:09,929 [Thread-217] INFO  impl.RaftServerImpl (RaftServerImpl.java:setRole(171)) - 04a15483-b111-42a3-8ff7-e193b3ee6246:group-07459261BA7E changes role from FOLLOWER to CANDIDATE at term 0 for changeToCandidate
2019-09-19 14:44:09,929 [Thread-217] INFO  impl.RoleInfo (RoleInfo.java:updateAndGet(143)) - 04a15483-b111-42a3-8ff7-e193b3ee6246: start LeaderElection
2019-09-19 14:44:09,934 | INFO  | SCMAudit | user=jenkins1000 | ip=192.168.5.132 | op=SEND_HEARTBEAT {datanodeUUID=550ad0a3-b6ae-44bc-a70a-b51f5a4003f3, command=[]} | ret=SUCCESS |  
2019-09-19 14:44:09,967 [94ffd37a-7fba-4e2b-aec6-167a5be5db83-SegmentedRaftLogWorker:Storage Directory /workdir/hadoop-ozone/tools/target/test-dir/MiniOzoneClusterImpl-c4d6e72d-f941-4a97-88b8-a79e0d5dc19a/datanode-0/data/ratis/40e31a89-338f-4e81-872c-25f75f86cf8b] INFO  segmented.SegmentedRaftLogWorker (SegmentedRaftLogWorker.java:execute(569)) - 94ffd37a-7fba-4e2b-aec6-167a5be5db83-SegmentedRaftLogWorker:Storage Directory /workdir/hadoop-ozone/tools/target/test-dir/MiniOzoneClusterImpl-c4d6e72d-f941-4a97-88b8-a79e0d5dc19a/datanode-0/data/ratis/40e31a89-338f-4e81-872c-25f75f86cf8b: created new log segment /workdir/hadoop-ozone/tools/target/test-dir/MiniOzoneClusterImpl-c4d6e72d-f941-4a97-88b8-a79e0d5dc19a/datanode-0/data/ratis/40e31a89-338f-4e81-872c-25f75f86cf8b/current/log_inprogress_0
2019-09-19 14:44:09,967 [04a15483-b111-42a3-8ff7-e193b3ee6246:group-07459261BA7E:LeaderElection3] INFO  impl.LeaderElection (LeaderElection.java:askForVotes(181)) - 04a15483-b111-42a3-8ff7-e193b3ee6246:group-07459261BA7E:LeaderElection3: begin an election at term 1 for -1: [04a15483-b111-42a3-8ff7-e193b3ee6246:192.168.5.132:43624], old=null
2019-09-19 14:44:09,967 [04a15483-b111-42a3-8ff7-e193b3ee6246:group-07459261BA7E:LeaderElection3] INFO  impl.RoleInfo (RoleInfo.java:shutdownLeaderElection(134)) - 04a15483-b111-42a3-8ff7-e193b3ee6246: shutdown LeaderElection
2019-09-19 14:44:09,968 [04a15483-b111-42a3-8ff7-e193b3ee6246:group-07459261BA7E:LeaderElection3] INFO  impl.RaftServerImpl (RaftServerImpl.java:setRole(171)) - 04a15483-b111-42a3-8ff7-e193b3ee6246:group-07459261BA7E changes role from CANDIDATE to LEADER at term 1 for changeToLeader
2019-09-19 14:44:09,968 [04a15483-b111-42a3-8ff7-e193b3ee6246:group-07459261BA7E:LeaderElection3] INFO  impl.RaftServerImpl (ServerState.java:setLeader(263)) - 04a15483-b111-42a3-8ff7-e193b3ee6246:group-07459261BA7E change Leader from null to 04a15483-b111-42a3-8ff7-e193b3ee6246 at term 1 for becomeLeader, leader elected after 5135ms
2019-09-19 14:44:09,970 [04a15483-b111-42a3-8ff7-e193b3ee6246:group-07459261BA7E:LeaderElection3] INFO  server.RaftServerConfigKeys (ConfUtils.java:logGet(43)) - raft.server.staging.catchup.gap = 1000 (default)
 100.00% |█████████████████████████████████████████████████████████████████████████████████████████████████████|  1/1 Time: 0:00:05
2019-09-19 14:44:09,970 [04a15483-b111-42a3-8ff7-e193b3ee6246:group-07459261BA7E:LeaderElection3] INFO  server.RaftServerConfigKeys (ConfUtils.java:logGet(43)) - raft.server.rpc.sleep.time = 25ms (default)
2019-09-19 14:44:09,970 [04a15483-b111-42a3-8ff7-e193b3ee6246:group-07459261BA7E:LeaderElection3] INFO  server.RaftServerConfigKeys (ConfUtils.java:logGet(43)) - raft.server.write.element-limit = 4096 (default)
2019-09-19 14:44:09,971 [04a15483-b111-42a3-8ff7-e193b3ee6246:group-07459261BA7E:LeaderElection3] INFO  server.RaftServerConfigKeys (ConfUtils.java:logGet(43)) - raft.server.watch.timeout = 10s (default)
2019-09-19 14:44:09,971 [04a15483-b111-42a3-8ff7-e193b3ee6246:group-07459261BA7E:LeaderElection3] INFO  server.RaftServerConfigKeys (ConfUtils.java:logGet(43)) - raft.server.watch.timeout.denomination = 1s (default)
2019-09-19 14:44:09,971 [04a15483-b111-42a3-8ff7-e193b3ee6246:group-07459261BA7E:LeaderElection3] INFO  server.RaftServerConfigKeys (ConfUtils.java:logGet(43)) - raft.server.watch.element-limit = 65536 (default)
2019-09-19 14:44:09,971 [04a15483-b111-42a3-8ff7-e193b3ee6246:group-07459261BA7E:LeaderElection3] INFO  impl.RoleInfo (RoleInfo.java:updateAndGet(143)) - 04a15483-b111-42a3-8ff7-e193b3ee6246: start LeaderState
2019-09-19 14:44:09,972 [04a15483-b111-42a3-8ff7-e193b3ee6246:group-07459261BA7E:LeaderElection3] INFO  segmented.SegmentedRaftLogWorker (SegmentedRaftLogWorker.java:startLogSegment(380)) - 04a15483-b111-42a3-8ff7-e193b3ee6246-SegmentedRaftLogWorker:Storage Directory /workdir/hadoop-ozone/tools/target/test-dir/MiniOzoneClusterImpl-c4d6e72d-f941-4a97-88b8-a79e0d5dc19a/datanode-3/data/ratis/21f86c78-2c03-44d6-85b1-07459261ba7e: Starting segment from index:0
2019-09-19 14:44:09,972 [04a15483-b111-42a3-8ff7-e193b3ee6246:group-07459261BA7E:LeaderElection3] INFO  impl.RaftServerImpl (ServerState.java:setRaftConf(361)) - 04a15483-b111-42a3-8ff7-e193b3ee6246:group-07459261BA7E set configuration 0: [04a15483-b111-42a3-8ff7-e193b3ee6246:192.168.5.132:43624], old=null at 0
2019-09-19 14:44:10,034 [04a15483-b111-42a3-8ff7-e193b3ee6246-SegmentedRaftLogWorker:Storage Directory /workdir/hadoop-ozone/tools/target/test-dir/MiniOzoneClusterImpl-c4d6e72d-f941-4a97-88b8-a79e0d5dc19a/datanode-3/data/ratis/21f86c78-2c03-44d6-85b1-07459261ba7e] INFO  segmented.SegmentedRaftLogWorker (SegmentedRaftLogWorker.java:execute(569)) - 04a15483-b111-42a3-8ff7-e193b3ee6246-SegmentedRaftLogWorker:Storage Directory /workdir/hadoop-ozone/tools/target/test-dir/MiniOzoneClusterImpl-c4d6e72d-f941-4a97-88b8-a79e0d5dc19a/datanode-3/data/ratis/21f86c78-2c03-44d6-85b1-07459261ba7e: created new log segment /workdir/hadoop-ozone/tools/target/test-dir/MiniOzoneClusterImpl-c4d6e72d-f941-4a97-88b8-a79e0d5dc19a/datanode-3/data/ratis/21f86c78-2c03-44d6-85b1-07459261ba7e/current/log_inprogress_0
2019-09-19 14:44:10,131 [Thread-227] INFO  impl.FollowerState (FollowerState.java:run(106)) - 04a15483-b111-42a3-8ff7-e193b3ee6246:group-FE2035E1FB89 changes to CANDIDATE, lastRpcTime:5037, electionTimeout:5037ms
2019-09-19 14:44:10,131 [Thread-227] INFO  impl.RoleInfo (RoleInfo.java:shutdownFollowerState(121)) - 04a15483-b111-42a3-8ff7-e193b3ee6246: shutdown FollowerState
2019-09-19 14:44:10,131 [Thread-227] INFO  impl.RaftServerImpl (RaftServerImpl.java:setRole(171)) - 04a15483-b111-42a3-8ff7-e193b3ee6246:group-FE2035E1FB89 changes role from FOLLOWER to CANDIDATE at term 0 for changeToCandidate
2019-09-19 14:44:10,132 [Thread-227] INFO  impl.RoleInfo (RoleInfo.java:updateAndGet(143)) - 04a15483-b111-42a3-8ff7-e193b3ee6246: start LeaderElection
2019-09-19 14:44:10,165 [Thread-224] INFO  impl.FollowerState (FollowerState.java:run(106)) - 550ad0a3-b6ae-44bc-a70a-b51f5a4003f3:group-EE791E5F3A8C changes to CANDIDATE, lastRpcTime:5191, electionTimeout:5191ms
2019-09-19 14:44:10,167 [Thread-224] INFO  impl.RoleInfo (RoleInfo.java:shutdownFollowerState(121)) - 550ad0a3-b6ae-44bc-a70a-b51f5a4003f3: shutdown FollowerState
2019-09-19 14:44:10,167 [Thread-224] INFO  impl.RaftServerImpl (RaftServerImpl.java:setRole(171)) - 550ad0a3-b6ae-44bc-a70a-b51f5a4003f3:group-EE791E5F3A8C changes role from FOLLOWER to CANDIDATE at term 0 for changeToCandidate
2019-09-19 14:44:10,167 [Thread-224] INFO  impl.RoleInfo (RoleInfo.java:updateAndGet(143)) - 550ad0a3-b6ae-44bc-a70a-b51f5a4003f3: start LeaderElection
2019-09-19 14:44:10,173 [04a15483-b111-42a3-8ff7-e193b3ee6246:group-FE2035E1FB89:LeaderElection4] INFO  impl.LeaderElection (LeaderElection.java:askForVotes(181)) - 04a15483-b111-42a3-8ff7-e193b3ee6246:group-FE2035E1FB89:LeaderElection4: begin an election at term 1 for -1: [04a15483-b111-42a3-8ff7-e193b3ee6246:192.168.5.132:43624], old=null
2019-09-19 14:44:10,173 [04a15483-b111-42a3-8ff7-e193b3ee6246:group-FE2035E1FB89:LeaderElection4] INFO  impl.RoleInfo (RoleInfo.java:shutdownLeaderElection(134)) - 04a15483-b111-42a3-8ff7-e193b3ee6246: shutdown LeaderElection
2019-09-19 14:44:10,173 [04a15483-b111-42a3-8ff7-e193b3ee6246:group-FE2035E1FB89:LeaderElection4] INFO  impl.RaftServerImpl (RaftServerImpl.java:setRole(171)) - 04a15483-b111-42a3-8ff7-e193b3ee6246:group-FE2035E1FB89 changes role from CANDIDATE to LEADER at term 1 for changeToLeader
2019-09-19 14:44:10,174 [04a15483-b111-42a3-8ff7-e193b3ee6246:group-FE2035E1FB89:LeaderElection4] INFO  impl.RaftServerImpl (ServerState.java:setLeader(263)) - 04a15483-b111-42a3-8ff7-e193b3ee6246:group-FE2035E1FB89 change Leader from null to 04a15483-b111-42a3-8ff7-e193b3ee6246 at term 1 for becomeLeader, leader elected after 5085ms
2019-09-19 14:44:10,174 [04a15483-b111-42a3-8ff7-e193b3ee6246:group-FE2035E1FB89:LeaderElection4] INFO  server.RaftServerConfigKeys (ConfUtils.java:logGet(43)) - raft.server.staging.catchup.gap = 1000 (default)
2019-09-19 14:44:10,174 [04a15483-b111-42a3-8ff7-e193b3ee6246:group-FE2035E1FB89:LeaderElection4] INFO  server.RaftServerConfigKeys (ConfUtils.java:logGet(43)) - raft.server.rpc.sleep.time = 25ms (default)
2019-09-19 14:44:10,174 [04a15483-b111-42a3-8ff7-e193b3ee6246:group-FE2035E1FB89:LeaderElection4] INFO  server.RaftServerConfigKeys (ConfUtils.java:logGet(43)) - raft.server.write.element-limit = 4096 (default)
2019-09-19 14:44:10,175 [04a15483-b111-42a3-8ff7-e193b3ee6246:group-FE2035E1FB89:LeaderElection4] INFO  server.RaftServerConfigKeys (ConfUtils.java:logGet(43)) - raft.server.watch.timeout = 10s (default)
2019-09-19 14:44:10,175 [04a15483-b111-42a3-8ff7-e193b3ee6246:group-FE2035E1FB89:LeaderElection4] INFO  server.RaftServerConfigKeys (ConfUtils.java:logGet(43)) - raft.server.watch.timeout.denomination = 1s (default)
2019-09-19 14:44:10,175 [04a15483-b111-42a3-8ff7-e193b3ee6246:group-FE2035E1FB89:LeaderElection4] INFO  server.RaftServerConfigKeys (ConfUtils.java:logGet(43)) - raft.server.watch.element-limit = 65536 (default)
2019-09-19 14:44:10,176 [04a15483-b111-42a3-8ff7-e193b3ee6246:group-FE2035E1FB89:LeaderElection4] INFO  impl.RoleInfo (RoleInfo.java:updateAndGet(143)) - 04a15483-b111-42a3-8ff7-e193b3ee6246: start LeaderState
2019-09-19 14:44:10,176 [04a15483-b111-42a3-8ff7-e193b3ee6246:group-FE2035E1FB89:LeaderElection4] INFO  segmented.SegmentedRaftLogWorker (SegmentedRaftLogWorker.java:startLogSegment(380)) - 04a15483-b111-42a3-8ff7-e193b3ee6246-SegmentedRaftLogWorker:Storage Directory /workdir/hadoop-ozone/tools/target/test-dir/MiniOzoneClusterImpl-c4d6e72d-f941-4a97-88b8-a79e0d5dc19a/datanode-3/data/ratis/196d6233-b889-4944-8ec9-fe2035e1fb89: Starting segment from index:0
2019-09-19 14:44:10,177 [04a15483-b111-42a3-8ff7-e193b3ee6246:group-FE2035E1FB89:LeaderElection4] INFO  impl.RaftServerImpl (ServerState.java:setRaftConf(361)) - 04a15483-b111-42a3-8ff7-e193b3ee6246:group-FE2035E1FB89 set configuration 0: [04a15483-b111-42a3-8ff7-e193b3ee6246:192.168.5.132:43624], old=null at 0
2019-09-19 14:44:10,215 [550ad0a3-b6ae-44bc-a70a-b51f5a4003f3:group-EE791E5F3A8C:LeaderElection5] INFO  impl.LeaderElection (LeaderElection.java:askForVotes(181)) - 550ad0a3-b6ae-44bc-a70a-b51f5a4003f3:group-EE791E5F3A8C:LeaderElection5: begin an election at term 1 for -1: [550ad0a3-b6ae-44bc-a70a-b51f5a4003f3:192.168.5.132:46067], old=null
2019-09-19 14:44:10,215 [550ad0a3-b6ae-44bc-a70a-b51f5a4003f3:group-EE791E5F3A8C:LeaderElection5] INFO  impl.RoleInfo (RoleInfo.java:shutdownLeaderElection(134)) - 550ad0a3-b6ae-44bc-a70a-b51f5a4003f3: shutdown LeaderElection
2019-09-19 14:44:10,215 [550ad0a3-b6ae-44bc-a70a-b51f5a4003f3:group-EE791E5F3A8C:LeaderElection5] INFO  impl.RaftServerImpl (RaftServerImpl.java:setRole(171)) - 550ad0a3-b6ae-44bc-a70a-b51f5a4003f3:group-EE791E5F3A8C changes role from CANDIDATE to LEADER at term 1 for changeToLeader
2019-09-19 14:44:10,215 [550ad0a3-b6ae-44bc-a70a-b51f5a4003f3:group-EE791E5F3A8C:LeaderElection5] INFO  impl.RaftServerImpl (ServerState.java:setLeader(263)) - 550ad0a3-b6ae-44bc-a70a-b51f5a4003f3:group-EE791E5F3A8C change Leader from null to 550ad0a3-b6ae-44bc-a70a-b51f5a4003f3 at term 1 for becomeLeader, leader elected after 5245ms
2019-09-19 14:44:10,217 [550ad0a3-b6ae-44bc-a70a-b51f5a4003f3:group-EE791E5F3A8C:LeaderElection5] INFO  server.RaftServerConfigKeys (ConfUtils.java:logGet(43)) - raft.server.staging.catchup.gap = 1000 (default)
2019-09-19 14:44:10,217 [550ad0a3-b6ae-44bc-a70a-b51f5a4003f3:group-EE791E5F3A8C:LeaderElection5] INFO  server.RaftServerConfigKeys (ConfUtils.java:logGet(43)) - raft.server.rpc.sleep.time = 25ms (default)
2019-09-19 14:44:10,218 [550ad0a3-b6ae-44bc-a70a-b51f5a4003f3:group-EE791E5F3A8C:LeaderElection5] INFO  server.RaftServerConfigKeys (ConfUtils.java:logGet(43)) - raft.server.write.element-limit = 4096 (default)
2019-09-19 14:44:10,218 [550ad0a3-b6ae-44bc-a70a-b51f5a4003f3:group-EE791E5F3A8C:LeaderElection5] INFO  server.RaftServerConfigKeys (ConfUtils.java:logGet(43)) - raft.server.watch.timeout = 10s (default)
2019-09-19 14:44:10,218 [550ad0a3-b6ae-44bc-a70a-b51f5a4003f3:group-EE791E5F3A8C:LeaderElection5] INFO  server.RaftServerConfigKeys (ConfUtils.java:logGet(43)) - raft.server.watch.timeout.denomination = 1s (default)
2019-09-19 14:44:10,218 [550ad0a3-b6ae-44bc-a70a-b51f5a4003f3:group-EE791E5F3A8C:LeaderElection5] INFO  server.RaftServerConfigKeys (ConfUtils.java:logGet(43)) - raft.server.watch.element-limit = 65536 (default)
2019-09-19 14:44:10,219 [550ad0a3-b6ae-44bc-a70a-b51f5a4003f3:group-EE791E5F3A8C:LeaderElection5] INFO  impl.RoleInfo (RoleInfo.java:updateAndGet(143)) - 550ad0a3-b6ae-44bc-a70a-b51f5a4003f3: start LeaderState
2019-09-19 14:44:10,219 [550ad0a3-b6ae-44bc-a70a-b51f5a4003f3:group-EE791E5F3A8C:LeaderElection5] INFO  segmented.SegmentedRaftLogWorker (SegmentedRaftLogWorker.java:startLogSegment(380)) - 550ad0a3-b6ae-44bc-a70a-b51f5a4003f3-SegmentedRaftLogWorker:Storage Directory /workdir/hadoop-ozone/tools/target/test-dir/MiniOzoneClusterImpl-c4d6e72d-f941-4a97-88b8-a79e0d5dc19a/datanode-2/data/ratis/f98dd60e-4a8f-44c2-8fe2-ee791e5f3a8c: Starting segment from index:0
2019-09-19 14:44:10,220 [550ad0a3-b6ae-44bc-a70a-b51f5a4003f3:group-EE791E5F3A8C:LeaderElection5] INFO  impl.RaftServerImpl (ServerState.java:setRaftConf(361)) - 550ad0a3-b6ae-44bc-a70a-b51f5a4003f3:group-EE791E5F3A8C set configuration 0: [550ad0a3-b6ae-44bc-a70a-b51f5a4003f3:192.168.5.132:46067], old=null at 0
2019-09-19 14:44:10,251 [04a15483-b111-42a3-8ff7-e193b3ee6246-SegmentedRaftLogWorker:Storage Directory /workdir/hadoop-ozone/tools/target/test-dir/MiniOzoneClusterImpl-c4d6e72d-f941-4a97-88b8-a79e0d5dc19a/datanode-3/data/ratis/196d6233-b889-4944-8ec9-fe2035e1fb89] INFO  segmented.SegmentedRaftLogWorker (SegmentedRaftLogWorker.java:execute(569)) - 04a15483-b111-42a3-8ff7-e193b3ee6246-SegmentedRaftLogWorker:Storage Directory /workdir/hadoop-ozone/tools/target/test-dir/MiniOzoneClusterImpl-c4d6e72d-f941-4a97-88b8-a79e0d5dc19a/datanode-3/data/ratis/196d6233-b889-4944-8ec9-fe2035e1fb89: created new log segment /workdir/hadoop-ozone/tools/target/test-dir/MiniOzoneClusterImpl-c4d6e72d-f941-4a97-88b8-a79e0d5dc19a/datanode-3/data/ratis/196d6233-b889-4944-8ec9-fe2035e1fb89/current/log_inprogress_0
2019-09-19 14:44:10,275 [550ad0a3-b6ae-44bc-a70a-b51f5a4003f3-SegmentedRaftLogWorker:Storage Directory /workdir/hadoop-ozone/tools/target/test-dir/MiniOzoneClusterImpl-c4d6e72d-f941-4a97-88b8-a79e0d5dc19a/datanode-2/data/ratis/f98dd60e-4a8f-44c2-8fe2-ee791e5f3a8c] INFO  segmented.SegmentedRaftLogWorker (SegmentedRaftLogWorker.java:execute(569)) - 550ad0a3-b6ae-44bc-a70a-b51f5a4003f3-SegmentedRaftLogWorker:Storage Directory /workdir/hadoop-ozone/tools/target/test-dir/MiniOzoneClusterImpl-c4d6e72d-f941-4a97-88b8-a79e0d5dc19a/datanode-2/data/ratis/f98dd60e-4a8f-44c2-8fe2-ee791e5f3a8c: created new log segment /workdir/hadoop-ozone/tools/target/test-dir/MiniOzoneClusterImpl-c4d6e72d-f941-4a97-88b8-a79e0d5dc19a/datanode-2/data/ratis/f98dd60e-4a8f-44c2-8fe2-ee791e5f3a8c/current/log_inprogress_0
2019-09-19 14:44:10,291 | INFO  | SCMAudit | user=jenkins1000 | ip=192.168.5.132 | op=SEND_HEARTBEAT {datanodeUUID=04a15483-b111-42a3-8ff7-e193b3ee6246, command=[]} | ret=SUCCESS |  
2019-09-19 14:44:10,334 [Thread-230] INFO  impl.FollowerState (FollowerState.java:run(106)) - 94ffd37a-7fba-4e2b-aec6-167a5be5db83:group-D37A68B485E4 changes to CANDIDATE, lastRpcTime:5141, electionTimeout:5141ms
2019-09-19 14:44:10,337 [Thread-233] INFO  impl.FollowerState (FollowerState.java:run(106)) - 550ad0a3-b6ae-44bc-a70a-b51f5a4003f3:group-BC729D5EB1F2 changes to CANDIDATE, lastRpcTime:5051, electionTimeout:5049ms
2019-09-19 14:44:10,339 [Thread-233] INFO  impl.RoleInfo (RoleInfo.java:shutdownFollowerState(121)) - 550ad0a3-b6ae-44bc-a70a-b51f5a4003f3: shutdown FollowerState
2019-09-19 14:44:10,337 [Thread-230] INFO  impl.RoleInfo (RoleInfo.java:shutdownFollowerState(121)) - 94ffd37a-7fba-4e2b-aec6-167a5be5db83: shutdown FollowerState
2019-09-19 14:44:10,339 [Thread-233] INFO  impl.RaftServerImpl (RaftServerImpl.java:setRole(171)) - 550ad0a3-b6ae-44bc-a70a-b51f5a4003f3:group-BC729D5EB1F2 changes role from FOLLOWER to CANDIDATE at term 0 for changeToCandidate
2019-09-19 14:44:10,339 [Thread-230] INFO  impl.RaftServerImpl (RaftServerImpl.java:setRole(171)) - 94ffd37a-7fba-4e2b-aec6-167a5be5db83:group-D37A68B485E4 changes role from FOLLOWER to CANDIDATE at term 0 for changeToCandidate
2019-09-19 14:44:10,340 [Thread-233] INFO  impl.RoleInfo (RoleInfo.java:updateAndGet(143)) - 550ad0a3-b6ae-44bc-a70a-b51f5a4003f3: start LeaderElection
2019-09-19 14:44:10,340 [Thread-230] INFO  impl.RoleInfo (RoleInfo.java:updateAndGet(143)) - 94ffd37a-7fba-4e2b-aec6-167a5be5db83: start LeaderElection
2019-09-19 14:44:10,351 | INFO  | SCMAudit | user=jenkins1000 | ip=192.168.5.132 | op=SEND_HEARTBEAT {datanodeUUID=94ffd37a-7fba-4e2b-aec6-167a5be5db83, command=[]} | ret=SUCCESS |  
2019-09-19 14:44:10,375 [94ffd37a-7fba-4e2b-aec6-167a5be5db83:group-D37A68B485E4:LeaderElection7] INFO  impl.LeaderElection (LeaderElection.java:askForVotes(181)) - 94ffd37a-7fba-4e2b-aec6-167a5be5db83:group-D37A68B485E4:LeaderElection7: begin an election at term 1 for -1: [94ffd37a-7fba-4e2b-aec6-167a5be5db83:192.168.5.132:38290], old=null
2019-09-19 14:44:10,375 [550ad0a3-b6ae-44bc-a70a-b51f5a4003f3:group-BC729D5EB1F2:LeaderElection6] INFO  impl.LeaderElection (LeaderElection.java:askForVotes(181)) - 550ad0a3-b6ae-44bc-a70a-b51f5a4003f3:group-BC729D5EB1F2:LeaderElection6: begin an election at term 1 for -1: [550ad0a3-b6ae-44bc-a70a-b51f5a4003f3:192.168.5.132:46067], old=null
2019-09-19 14:44:10,375 [94ffd37a-7fba-4e2b-aec6-167a5be5db83:group-D37A68B485E4:LeaderElection7] INFO  impl.RoleInfo (RoleInfo.java:shutdownLeaderElection(134)) - 94ffd37a-7fba-4e2b-aec6-167a5be5db83: shutdown LeaderElection
2019-09-19 14:44:10,375 [550ad0a3-b6ae-44bc-a70a-b51f5a4003f3:group-BC729D5EB1F2:LeaderElection6] INFO  impl.RoleInfo (RoleInfo.java:shutdownLeaderElection(134)) - 550ad0a3-b6ae-44bc-a70a-b51f5a4003f3: shutdown LeaderElection
2019-09-19 14:44:10,375 [94ffd37a-7fba-4e2b-aec6-167a5be5db83:group-D37A68B485E4:LeaderElection7] INFO  impl.RaftServerImpl (RaftServerImpl.java:setRole(171)) - 94ffd37a-7fba-4e2b-aec6-167a5be5db83:group-D37A68B485E4 changes role from CANDIDATE to LEADER at term 1 for changeToLeader
2019-09-19 14:44:10,375 [550ad0a3-b6ae-44bc-a70a-b51f5a4003f3:group-BC729D5EB1F2:LeaderElection6] INFO  impl.RaftServerImpl (RaftServerImpl.java:setRole(171)) - 550ad0a3-b6ae-44bc-a70a-b51f5a4003f3:group-BC729D5EB1F2 changes role from CANDIDATE to LEADER at term 1 for changeToLeader
2019-09-19 14:44:10,375 [94ffd37a-7fba-4e2b-aec6-167a5be5db83:group-D37A68B485E4:LeaderElection7] INFO  impl.RaftServerImpl (ServerState.java:setLeader(263)) - 94ffd37a-7fba-4e2b-aec6-167a5be5db83:group-D37A68B485E4 change Leader from null to 94ffd37a-7fba-4e2b-aec6-167a5be5db83 at term 1 for becomeLeader, leader elected after 5186ms
2019-09-19 14:44:10,376 [550ad0a3-b6ae-44bc-a70a-b51f5a4003f3:group-BC729D5EB1F2:LeaderElection6] INFO  impl.RaftServerImpl (ServerState.java:setLeader(263)) - 550ad0a3-b6ae-44bc-a70a-b51f5a4003f3:group-BC729D5EB1F2 change Leader from null to 550ad0a3-b6ae-44bc-a70a-b51f5a4003f3 at term 1 for becomeLeader, leader elected after 5094ms
2019-09-19 14:44:10,376 [94ffd37a-7fba-4e2b-aec6-167a5be5db83:group-D37A68B485E4:LeaderElection7] INFO  server.RaftServerConfigKeys (ConfUtils.java:logGet(43)) - raft.server.staging.catchup.gap = 1000 (default)
2019-09-19 14:44:10,376 [550ad0a3-b6ae-44bc-a70a-b51f5a4003f3:group-BC729D5EB1F2:LeaderElection6] INFO  server.RaftServerConfigKeys (ConfUtils.java:logGet(43)) - raft.server.staging.catchup.gap = 1000 (default)
2019-09-19 14:44:10,376 [94ffd37a-7fba-4e2b-aec6-167a5be5db83:group-D37A68B485E4:LeaderElection7] INFO  server.RaftServerConfigKeys (ConfUtils.java:logGet(43)) - raft.server.rpc.sleep.time = 25ms (default)
2019-09-19 14:44:10,376 [550ad0a3-b6ae-44bc-a70a-b51f5a4003f3:group-BC729D5EB1F2:LeaderElection6] INFO  server.RaftServerConfigKeys (ConfUtils.java:logGet(43)) - raft.server.rpc.sleep.time = 25ms (default)
2019-09-19 14:44:10,377 [94ffd37a-7fba-4e2b-aec6-167a5be5db83:group-D37A68B485E4:LeaderElection7] INFO  server.RaftServerConfigKeys (ConfUtils.java:logGet(43)) - raft.server.write.element-limit = 4096 (default)
2019-09-19 14:44:10,377 [550ad0a3-b6ae-44bc-a70a-b51f5a4003f3:group-BC729D5EB1F2:LeaderElection6] INFO  server.RaftServerConfigKeys (ConfUtils.java:logGet(43)) - raft.server.write.element-limit = 4096 (default)
2019-09-19 14:44:10,377 [94ffd37a-7fba-4e2b-aec6-167a5be5db83:group-D37A68B485E4:LeaderElection7] INFO  server.RaftServerConfigKeys (ConfUtils.java:logGet(43)) - raft.server.watch.timeout = 10s (default)
2019-09-19 14:44:10,377 [550ad0a3-b6ae-44bc-a70a-b51f5a4003f3:group-BC729D5EB1F2:LeaderElection6] INFO  server.RaftServerConfigKeys (ConfUtils.java:logGet(43)) - raft.server.watch.timeout = 10s (default)
2019-09-19 14:44:10,377 [94ffd37a-7fba-4e2b-aec6-167a5be5db83:group-D37A68B485E4:LeaderElection7] INFO  server.RaftServerConfigKeys (ConfUtils.java:logGet(43)) - raft.server.watch.timeout.denomination = 1s (default)
2019-09-19 14:44:10,377 [550ad0a3-b6ae-44bc-a70a-b51f5a4003f3:group-BC729D5EB1F2:LeaderElection6] INFO  server.RaftServerConfigKeys (ConfUtils.java:logGet(43)) - raft.server.watch.timeout.denomination = 1s (default)
2019-09-19 14:44:10,377 [94ffd37a-7fba-4e2b-aec6-167a5be5db83:group-D37A68B485E4:LeaderElection7] INFO  server.RaftServerConfigKeys (ConfUtils.java:logGet(43)) - raft.server.watch.element-limit = 65536 (default)
2019-09-19 14:44:10,378 [550ad0a3-b6ae-44bc-a70a-b51f5a4003f3:group-BC729D5EB1F2:LeaderElection6] INFO  server.RaftServerConfigKeys (ConfUtils.java:logGet(43)) - raft.server.watch.element-limit = 65536 (default)
2019-09-19 14:44:10,378 [94ffd37a-7fba-4e2b-aec6-167a5be5db83:group-D37A68B485E4:LeaderElection7] INFO  impl.RoleInfo (RoleInfo.java:updateAndGet(143)) - 94ffd37a-7fba-4e2b-aec6-167a5be5db83: start LeaderState
2019-09-19 14:44:10,378 [550ad0a3-b6ae-44bc-a70a-b51f5a4003f3:group-BC729D5EB1F2:LeaderElection6] INFO  impl.RoleInfo (RoleInfo.java:updateAndGet(143)) - 550ad0a3-b6ae-44bc-a70a-b51f5a4003f3: start LeaderState
2019-09-19 14:44:10,378 [94ffd37a-7fba-4e2b-aec6-167a5be5db83:group-D37A68B485E4:LeaderElection7] INFO  segmented.SegmentedRaftLogWorker (SegmentedRaftLogWorker.java:startLogSegment(380)) - 94ffd37a-7fba-4e2b-aec6-167a5be5db83-SegmentedRaftLogWorker:Storage Directory /workdir/hadoop-ozone/tools/target/test-dir/MiniOzoneClusterImpl-c4d6e72d-f941-4a97-88b8-a79e0d5dc19a/datanode-0/data/ratis/12bc3cca-3b75-44ef-81c2-d37a68b485e4: Starting segment from index:0
2019-09-19 14:44:10,378 [550ad0a3-b6ae-44bc-a70a-b51f5a4003f3:group-BC729D5EB1F2:LeaderElection6] INFO  segmented.SegmentedRaftLogWorker (SegmentedRaftLogWorker.java:startLogSegment(380)) - 550ad0a3-b6ae-44bc-a70a-b51f5a4003f3-SegmentedRaftLogWorker:Storage Directory /workdir/hadoop-ozone/tools/target/test-dir/MiniOzoneClusterImpl-c4d6e72d-f941-4a97-88b8-a79e0d5dc19a/datanode-2/data/ratis/76c82dc7-6478-43ce-bbfc-bc729d5eb1f2: Starting segment from index:0
2019-09-19 14:44:10,379 [94ffd37a-7fba-4e2b-aec6-167a5be5db83:group-D37A68B485E4:LeaderElection7] INFO  impl.RaftServerImpl (ServerState.java:setRaftConf(361)) - 94ffd37a-7fba-4e2b-aec6-167a5be5db83:group-D37A68B485E4 set configuration 0: [94ffd37a-7fba-4e2b-aec6-167a5be5db83:192.168.5.132:38290], old=null at 0
2019-09-19 14:44:10,416 [550ad0a3-b6ae-44bc-a70a-b51f5a4003f3:group-BC729D5EB1F2:LeaderElection6] INFO  impl.RaftServerImpl (ServerState.java:setRaftConf(361)) - 550ad0a3-b6ae-44bc-a70a-b51f5a4003f3:group-BC729D5EB1F2 set configuration 0: [550ad0a3-b6ae-44bc-a70a-b51f5a4003f3:192.168.5.132:46067], old=null at 0
2019-09-19 14:44:10,417 | INFO  | SCMAudit | user=jenkins1000 | ip=192.168.5.132 | op=SEND_HEARTBEAT {datanodeUUID=5f94aeea-aba2-49fa-a1fa-8df10a3eed4d, command=[]} | ret=SUCCESS |  
2019-09-19 14:44:10,439 [550ad0a3-b6ae-44bc-a70a-b51f5a4003f3-SegmentedRaftLogWorker:Storage Directory /workdir/hadoop-ozone/tools/target/test-dir/MiniOzoneClusterImpl-c4d6e72d-f941-4a97-88b8-a79e0d5dc19a/datanode-2/data/ratis/76c82dc7-6478-43ce-bbfc-bc729d5eb1f2] INFO  segmented.SegmentedRaftLogWorker (SegmentedRaftLogWorker.java:execute(569)) - 550ad0a3-b6ae-44bc-a70a-b51f5a4003f3-SegmentedRaftLogWorker:Storage Directory /workdir/hadoop-ozone/tools/target/test-dir/MiniOzoneClusterImpl-c4d6e72d-f941-4a97-88b8-a79e0d5dc19a/datanode-2/data/ratis/76c82dc7-6478-43ce-bbfc-bc729d5eb1f2: created new log segment /workdir/hadoop-ozone/tools/target/test-dir/MiniOzoneClusterImpl-c4d6e72d-f941-4a97-88b8-a79e0d5dc19a/datanode-2/data/ratis/76c82dc7-6478-43ce-bbfc-bc729d5eb1f2/current/log_inprogress_0
2019-09-19 14:44:10,439 [94ffd37a-7fba-4e2b-aec6-167a5be5db83-SegmentedRaftLogWorker:Storage Directory /workdir/hadoop-ozone/tools/target/test-dir/MiniOzoneClusterImpl-c4d6e72d-f941-4a97-88b8-a79e0d5dc19a/datanode-0/data/ratis/12bc3cca-3b75-44ef-81c2-d37a68b485e4] INFO  segmented.SegmentedRaftLogWorker (SegmentedRaftLogWorker.java:execute(569)) - 94ffd37a-7fba-4e2b-aec6-167a5be5db83-SegmentedRaftLogWorker:Storage Directory /workdir/hadoop-ozone/tools/target/test-dir/MiniOzoneClusterImpl-c4d6e72d-f941-4a97-88b8-a79e0d5dc19a/datanode-0/data/ratis/12bc3cca-3b75-44ef-81c2-d37a68b485e4: created new log segment /workdir/hadoop-ozone/tools/target/test-dir/MiniOzoneClusterImpl-c4d6e72d-f941-4a97-88b8-a79e0d5dc19a/datanode-0/data/ratis/12bc3cca-3b75-44ef-81c2-d37a68b485e4/current/log_inprogress_0
2019-09-19 14:44:10,494 [Thread-236] INFO  impl.FollowerState (FollowerState.java:run(106)) - 550ad0a3-b6ae-44bc-a70a-b51f5a4003f3:group-3D2FA0010F85 changes to CANDIDATE, lastRpcTime:5064, electionTimeout:5064ms
2019-09-19 14:44:10,496 [Thread-236] INFO  impl.RoleInfo (RoleInfo.java:shutdownFollowerState(121)) - 550ad0a3-b6ae-44bc-a70a-b51f5a4003f3: shutdown FollowerState
2019-09-19 14:44:10,497 [Thread-236] INFO  impl.RaftServerImpl (RaftServerImpl.java:setRole(171)) - 550ad0a3-b6ae-44bc-a70a-b51f5a4003f3:group-3D2FA0010F85 changes role from FOLLOWER to CANDIDATE at term 0 for changeToCandidate
2019-09-19 14:44:10,497 [Thread-236] INFO  impl.RoleInfo (RoleInfo.java:updateAndGet(143)) - 550ad0a3-b6ae-44bc-a70a-b51f5a4003f3: start LeaderElection
2019-09-19 14:44:10,524 [550ad0a3-b6ae-44bc-a70a-b51f5a4003f3:group-3D2FA0010F85:LeaderElection8] INFO  impl.LeaderElection (LeaderElection.java:askForVotes(181)) - 550ad0a3-b6ae-44bc-a70a-b51f5a4003f3:group-3D2FA0010F85:LeaderElection8: begin an election at term 1 for -1: [550ad0a3-b6ae-44bc-a70a-b51f5a4003f3:192.168.5.132:46067], old=null
2019-09-19 14:44:10,526 [550ad0a3-b6ae-44bc-a70a-b51f5a4003f3:group-3D2FA0010F85:LeaderElection8] INFO  impl.RoleInfo (RoleInfo.java:shutdownLeaderElection(134)) - 550ad0a3-b6ae-44bc-a70a-b51f5a4003f3: shutdown LeaderElection
2019-09-19 14:44:10,526 [550ad0a3-b6ae-44bc-a70a-b51f5a4003f3:group-3D2FA0010F85:LeaderElection8] INFO  impl.RaftServerImpl (RaftServerImpl.java:setRole(171)) - 550ad0a3-b6ae-44bc-a70a-b51f5a4003f3:group-3D2FA0010F85 changes role from CANDIDATE to LEADER at term 1 for changeToLeader
2019-09-19 14:44:10,526 [550ad0a3-b6ae-44bc-a70a-b51f5a4003f3:group-3D2FA0010F85:LeaderElection8] INFO  impl.RaftServerImpl (ServerState.java:setLeader(263)) - 550ad0a3-b6ae-44bc-a70a-b51f5a4003f3:group-3D2FA0010F85 change Leader from null to 550ad0a3-b6ae-44bc-a70a-b51f5a4003f3 at term 1 for becomeLeader, leader elected after 5102ms
2019-09-19 14:44:10,527 [550ad0a3-b6ae-44bc-a70a-b51f5a4003f3:group-3D2FA0010F85:LeaderElection8] INFO  server.RaftServerConfigKeys (ConfUtils.java:logGet(43)) - raft.server.staging.catchup.gap = 1000 (default)
2019-09-19 14:44:10,527 [550ad0a3-b6ae-44bc-a70a-b51f5a4003f3:group-3D2FA0010F85:LeaderElection8] INFO  server.RaftServerConfigKeys (ConfUtils.java:logGet(43)) - raft.server.rpc.sleep.time = 25ms (default)
2019-09-19 14:44:10,528 [550ad0a3-b6ae-44bc-a70a-b51f5a4003f3:group-3D2FA0010F85:LeaderElection8] INFO  server.RaftServerConfigKeys (ConfUtils.java:logGet(43)) - raft.server.write.element-limit = 4096 (default)
2019-09-19 14:44:10,528 [550ad0a3-b6ae-44bc-a70a-b51f5a4003f3:group-3D2FA0010F85:LeaderElection8] INFO  server.RaftServerConfigKeys (ConfUtils.java:logGet(43)) - raft.server.watch.timeout = 10s (default)
2019-09-19 14:44:10,528 [550ad0a3-b6ae-44bc-a70a-b51f5a4003f3:group-3D2FA0010F85:LeaderElection8] INFO  server.RaftServerConfigKeys (ConfUtils.java:logGet(43)) - raft.server.watch.timeout.denomination = 1s (default)
2019-09-19 14:44:10,528 [550ad0a3-b6ae-44bc-a70a-b51f5a4003f3:group-3D2FA0010F85:LeaderElection8] INFO  server.RaftServerConfigKeys (ConfUtils.java:logGet(43)) - raft.server.watch.element-limit = 65536 (default)
2019-09-19 14:44:10,529 [550ad0a3-b6ae-44bc-a70a-b51f5a4003f3:group-3D2FA0010F85:LeaderElection8] INFO  impl.RoleInfo (RoleInfo.java:updateAndGet(143)) - 550ad0a3-b6ae-44bc-a70a-b51f5a4003f3: start LeaderState
2019-09-19 14:44:10,530 [550ad0a3-b6ae-44bc-a70a-b51f5a4003f3:group-3D2FA0010F85:LeaderElection8] INFO  segmented.SegmentedRaftLogWorker (SegmentedRaftLogWorker.java:startLogSegment(380)) - 550ad0a3-b6ae-44bc-a70a-b51f5a4003f3-SegmentedRaftLogWorker:Storage Directory /workdir/hadoop-ozone/tools/target/test-dir/MiniOzoneClusterImpl-c4d6e72d-f941-4a97-88b8-a79e0d5dc19a/datanode-2/data/ratis/fc0867b3-4e47-4908-8afb-3d2fa0010f85: Starting segment from index:0
2019-09-19 14:44:10,530 [550ad0a3-b6ae-44bc-a70a-b51f5a4003f3:group-3D2FA0010F85:LeaderElection8] INFO  impl.RaftServerImpl (ServerState.java:setRaftConf(361)) - 550ad0a3-b6ae-44bc-a70a-b51f5a4003f3:group-3D2FA0010F85 set configuration 0: [550ad0a3-b6ae-44bc-a70a-b51f5a4003f3:192.168.5.132:46067], old=null at 0
2019-09-19 14:44:10,590 [550ad0a3-b6ae-44bc-a70a-b51f5a4003f3-SegmentedRaftLogWorker:Storage Directory /workdir/hadoop-ozone/tools/target/test-dir/MiniOzoneClusterImpl-c4d6e72d-f941-4a97-88b8-a79e0d5dc19a/datanode-2/data/ratis/fc0867b3-4e47-4908-8afb-3d2fa0010f85] INFO  segmented.SegmentedRaftLogWorker (SegmentedRaftLogWorker.java:execute(569)) - 550ad0a3-b6ae-44bc-a70a-b51f5a4003f3-SegmentedRaftLogWorker:Storage Directory /workdir/hadoop-ozone/tools/target/test-dir/MiniOzoneClusterImpl-c4d6e72d-f941-4a97-88b8-a79e0d5dc19a/datanode-2/data/ratis/fc0867b3-4e47-4908-8afb-3d2fa0010f85: created new log segment /workdir/hadoop-ozone/tools/target/test-dir/MiniOzoneClusterImpl-c4d6e72d-f941-4a97-88b8-a79e0d5dc19a/datanode-2/data/ratis/fc0867b3-4e47-4908-8afb-3d2fa0010f85/current/log_inprogress_0
2019-09-19 14:44:10,621 [Thread-239] INFO  impl.FollowerState (FollowerState.java:run(106)) - 94ffd37a-7fba-4e2b-aec6-167a5be5db83:group-5D6ECFDDE5AC changes to CANDIDATE, lastRpcTime:5109, electionTimeout:5109ms
2019-09-19 14:44:10,621 [Thread-239] INFO  impl.RoleInfo (RoleInfo.java:shutdownFollowerState(121)) - 94ffd37a-7fba-4e2b-aec6-167a5be5db83: shutdown FollowerState
2019-09-19 14:44:10,621 [Thread-239] INFO  impl.RaftServerImpl (RaftServerImpl.java:setRole(171)) - 94ffd37a-7fba-4e2b-aec6-167a5be5db83:group-5D6ECFDDE5AC changes role from FOLLOWER to CANDIDATE at term 0 for changeToCandidate
2019-09-19 14:44:10,621 [Thread-239] INFO  impl.RoleInfo (RoleInfo.java:updateAndGet(143)) - 94ffd37a-7fba-4e2b-aec6-167a5be5db83: start LeaderElection
2019-09-19 14:44:10,650 [94ffd37a-7fba-4e2b-aec6-167a5be5db83:group-5D6ECFDDE5AC:LeaderElection9] INFO  impl.LeaderElection (LeaderElection.java:askForVotes(181)) - 94ffd37a-7fba-4e2b-aec6-167a5be5db83:group-5D6ECFDDE5AC:LeaderElection9: begin an election at term 1 for -1: [94ffd37a-7fba-4e2b-aec6-167a5be5db83:192.168.5.132:38290], old=null
2019-09-19 14:44:10,652 [94ffd37a-7fba-4e2b-aec6-167a5be5db83:group-5D6ECFDDE5AC:LeaderElection9] INFO  impl.RoleInfo (RoleInfo.java:shutdownLeaderElection(134)) - 94ffd37a-7fba-4e2b-aec6-167a5be5db83: shutdown LeaderElection
2019-09-19 14:44:10,652 [94ffd37a-7fba-4e2b-aec6-167a5be5db83:group-5D6ECFDDE5AC:LeaderElection9] INFO  impl.RaftServerImpl (RaftServerImpl.java:setRole(171)) - 94ffd37a-7fba-4e2b-aec6-167a5be5db83:group-5D6ECFDDE5AC changes role from CANDIDATE to LEADER at term 1 for changeToLeader
2019-09-19 14:44:10,652 [94ffd37a-7fba-4e2b-aec6-167a5be5db83:group-5D6ECFDDE5AC:LeaderElection9] INFO  impl.RaftServerImpl (ServerState.java:setLeader(263)) - 94ffd37a-7fba-4e2b-aec6-167a5be5db83:group-5D6ECFDDE5AC change Leader from null to 94ffd37a-7fba-4e2b-aec6-167a5be5db83 at term 1 for becomeLeader, leader elected after 5144ms
2019-09-19 14:44:10,652 [94ffd37a-7fba-4e2b-aec6-167a5be5db83:group-5D6ECFDDE5AC:LeaderElection9] INFO  server.RaftServerConfigKeys (ConfUtils.java:logGet(43)) - raft.server.staging.catchup.gap = 1000 (default)
2019-09-19 14:44:10,652 [94ffd37a-7fba-4e2b-aec6-167a5be5db83:group-5D6ECFDDE5AC:LeaderElection9] INFO  server.RaftServerConfigKeys (ConfUtils.java:logGet(43)) - raft.server.rpc.sleep.time = 25ms (default)
2019-09-19 14:44:10,653 [94ffd37a-7fba-4e2b-aec6-167a5be5db83:group-5D6ECFDDE5AC:LeaderElection9] INFO  server.RaftServerConfigKeys (ConfUtils.java:logGet(43)) - raft.server.write.element-limit = 4096 (default)
2019-09-19 14:44:10,653 [94ffd37a-7fba-4e2b-aec6-167a5be5db83:group-5D6ECFDDE5AC:LeaderElection9] INFO  server.RaftServerConfigKeys (ConfUtils.java:logGet(43)) - raft.server.watch.timeout = 10s (default)
2019-09-19 14:44:10,653 [94ffd37a-7fba-4e2b-aec6-167a5be5db83:group-5D6ECFDDE5AC:LeaderElection9] INFO  server.RaftServerConfigKeys (ConfUtils.java:logGet(43)) - raft.server.watch.timeout.denomination = 1s (default)
2019-09-19 14:44:10,653 | INFO  | SCMAudit | user=jenkins1000 | ip=192.168.5.132 | op=SEND_HEARTBEAT {datanodeUUID=a4e26ddf-7cab-415d-8560-150ea8262212, command=[]} | ret=SUCCESS |  
2019-09-19 14:44:10,653 [94ffd37a-7fba-4e2b-aec6-167a5be5db83:group-5D6ECFDDE5AC:LeaderElection9] INFO  server.RaftServerConfigKeys (ConfUtils.java:logGet(43)) - raft.server.watch.element-limit = 65536 (default)
2019-09-19 14:44:10,653 [94ffd37a-7fba-4e2b-aec6-167a5be5db83:group-5D6ECFDDE5AC:LeaderElection9] INFO  impl.RoleInfo (RoleInfo.java:updateAndGet(143)) - 94ffd37a-7fba-4e2b-aec6-167a5be5db83: start LeaderState
2019-09-19 14:44:10,654 [94ffd37a-7fba-4e2b-aec6-167a5be5db83:group-5D6ECFDDE5AC:LeaderElection9] INFO  segmented.SegmentedRaftLogWorker (SegmentedRaftLogWorker.java:startLogSegment(380)) - 94ffd37a-7fba-4e2b-aec6-167a5be5db83-SegmentedRaftLogWorker:Storage Directory /workdir/hadoop-ozone/tools/target/test-dir/MiniOzoneClusterImpl-c4d6e72d-f941-4a97-88b8-a79e0d5dc19a/datanode-0/data/ratis/6de3edb8-e33d-4190-9766-5d6ecfdde5ac: Starting segment from index:0
2019-09-19 14:44:10,654 [94ffd37a-7fba-4e2b-aec6-167a5be5db83:group-5D6ECFDDE5AC:LeaderElection9] INFO  impl.RaftServerImpl (ServerState.java:setRaftConf(361)) - 94ffd37a-7fba-4e2b-aec6-167a5be5db83:group-5D6ECFDDE5AC set configuration 0: [94ffd37a-7fba-4e2b-aec6-167a5be5db83:192.168.5.132:38290], old=null at 0
2019-09-19 14:44:10,694 [Thread-242] INFO  impl.FollowerState (FollowerState.java:run(106)) - a4e26ddf-7cab-415d-8560-150ea8262212:group-B1FF34DA208C changes to CANDIDATE, lastRpcTime:5098, electionTimeout:5098ms
2019-09-19 14:44:10,694 [Thread-242] INFO  impl.RoleInfo (RoleInfo.java:shutdownFollowerState(121)) - a4e26ddf-7cab-415d-8560-150ea8262212: shutdown FollowerState
2019-09-19 14:44:10,694 [Thread-242] INFO  impl.RaftServerImpl (RaftServerImpl.java:setRole(171)) - a4e26ddf-7cab-415d-8560-150ea8262212:group-B1FF34DA208C changes role from FOLLOWER to CANDIDATE at term 0 for changeToCandidate
2019-09-19 14:44:10,695 [Thread-242] INFO  impl.RoleInfo (RoleInfo.java:updateAndGet(143)) - a4e26ddf-7cab-415d-8560-150ea8262212: start LeaderElection
2019-09-19 14:44:10,711 [94ffd37a-7fba-4e2b-aec6-167a5be5db83-SegmentedRaftLogWorker:Storage Directory /workdir/hadoop-ozone/tools/target/test-dir/MiniOzoneClusterImpl-c4d6e72d-f941-4a97-88b8-a79e0d5dc19a/datanode-0/data/ratis/6de3edb8-e33d-4190-9766-5d6ecfdde5ac] INFO  segmented.SegmentedRaftLogWorker (SegmentedRaftLogWorker.java:execute(569)) - 94ffd37a-7fba-4e2b-aec6-167a5be5db83-SegmentedRaftLogWorker:Storage Directory /workdir/hadoop-ozone/tools/target/test-dir/MiniOzoneClusterImpl-c4d6e72d-f941-4a97-88b8-a79e0d5dc19a/datanode-0/data/ratis/6de3edb8-e33d-4190-9766-5d6ecfdde5ac: created new log segment /workdir/hadoop-ozone/tools/target/test-dir/MiniOzoneClusterImpl-c4d6e72d-f941-4a97-88b8-a79e0d5dc19a/datanode-0/data/ratis/6de3edb8-e33d-4190-9766-5d6ecfdde5ac/current/log_inprogress_0
2019-09-19 14:44:10,733 [a4e26ddf-7cab-415d-8560-150ea8262212:group-B1FF34DA208C:LeaderElection10] INFO  impl.LeaderElection (LeaderElection.java:askForVotes(181)) - a4e26ddf-7cab-415d-8560-150ea8262212:group-B1FF34DA208C:LeaderElection10: begin an election at term 1 for -1: [a4e26ddf-7cab-415d-8560-150ea8262212:192.168.5.132:41799], old=null
2019-09-19 14:44:10,733 [a4e26ddf-7cab-415d-8560-150ea8262212:group-B1FF34DA208C:LeaderElection10] INFO  impl.RoleInfo (RoleInfo.java:shutdownLeaderElection(134)) - a4e26ddf-7cab-415d-8560-150ea8262212: shutdown LeaderElection
2019-09-19 14:44:10,733 [a4e26ddf-7cab-415d-8560-150ea8262212:group-B1FF34DA208C:LeaderElection10] INFO  impl.RaftServerImpl (RaftServerImpl.java:setRole(171)) - a4e26ddf-7cab-415d-8560-150ea8262212:group-B1FF34DA208C changes role from CANDIDATE to LEADER at term 1 for changeToLeader
2019-09-19 14:44:10,733 [a4e26ddf-7cab-415d-8560-150ea8262212:group-B1FF34DA208C:LeaderElection10] INFO  impl.RaftServerImpl (ServerState.java:setLeader(263)) - a4e26ddf-7cab-415d-8560-150ea8262212:group-B1FF34DA208C change Leader from null to a4e26ddf-7cab-415d-8560-150ea8262212 at term 1 for becomeLeader, leader elected after 5142ms
2019-09-19 14:44:10,735 [a4e26ddf-7cab-415d-8560-150ea8262212:group-B1FF34DA208C:LeaderElection10] INFO  server.RaftServerConfigKeys (ConfUtils.java:logGet(43)) - raft.server.staging.catchup.gap = 1000 (default)
2019-09-19 14:44:10,735 [a4e26ddf-7cab-415d-8560-150ea8262212:group-B1FF34DA208C:LeaderElection10] INFO  server.RaftServerConfigKeys (ConfUtils.java:logGet(43)) - raft.server.rpc.sleep.time = 25ms (default)
2019-09-19 14:44:10,735 [a4e26ddf-7cab-415d-8560-150ea8262212:group-B1FF34DA208C:LeaderElection10] INFO  server.RaftServerConfigKeys (ConfUtils.java:logGet(43)) - raft.server.write.element-limit = 4096 (default)
2019-09-19 14:44:10,736 [a4e26ddf-7cab-415d-8560-150ea8262212:group-B1FF34DA208C:LeaderElection10] INFO  server.RaftServerConfigKeys (ConfUtils.java:logGet(43)) - raft.server.watch.timeout = 10s (default)
2019-09-19 14:44:10,736 [a4e26ddf-7cab-415d-8560-150ea8262212:group-B1FF34DA208C:LeaderElection10] INFO  server.RaftServerConfigKeys (ConfUtils.java:logGet(43)) - raft.server.watch.timeout.denomination = 1s (default)
2019-09-19 14:44:10,736 [a4e26ddf-7cab-415d-8560-150ea8262212:group-B1FF34DA208C:LeaderElection10] INFO  server.RaftServerConfigKeys (ConfUtils.java:logGet(43)) - raft.server.watch.element-limit = 65536 (default)
2019-09-19 14:44:10,736 [a4e26ddf-7cab-415d-8560-150ea8262212:group-B1FF34DA208C:LeaderElection10] INFO  impl.RoleInfo (RoleInfo.java:updateAndGet(143)) - a4e26ddf-7cab-415d-8560-150ea8262212: start LeaderState
2019-09-19 14:44:10,736 [a4e26ddf-7cab-415d-8560-150ea8262212:group-B1FF34DA208C:LeaderElection10] INFO  segmented.SegmentedRaftLogWorker (SegmentedRaftLogWorker.java:startLogSegment(380)) - a4e26ddf-7cab-415d-8560-150ea8262212-SegmentedRaftLogWorker:Storage Directory /workdir/hadoop-ozone/tools/target/test-dir/MiniOzoneClusterImpl-c4d6e72d-f941-4a97-88b8-a79e0d5dc19a/datanode-1/data/ratis/81c85973-5d1e-4621-9f5d-b1ff34da208c: Starting segment from index:0
2019-09-19 14:44:10,737 [a4e26ddf-7cab-415d-8560-150ea8262212:group-B1FF34DA208C:LeaderElection10] INFO  impl.RaftServerImpl (ServerState.java:setRaftConf(361)) - a4e26ddf-7cab-415d-8560-150ea8262212:group-B1FF34DA208C set configuration 0: [a4e26ddf-7cab-415d-8560-150ea8262212:192.168.5.132:41799], old=null at 0
2019-09-19 14:44:10,786 [a4e26ddf-7cab-415d-8560-150ea8262212-SegmentedRaftLogWorker:Storage Directory /workdir/hadoop-ozone/tools/target/test-dir/MiniOzoneClusterImpl-c4d6e72d-f941-4a97-88b8-a79e0d5dc19a/datanode-1/data/ratis/81c85973-5d1e-4621-9f5d-b1ff34da208c] INFO  segmented.SegmentedRaftLogWorker (SegmentedRaftLogWorker.java:execute(569)) - a4e26ddf-7cab-415d-8560-150ea8262212-SegmentedRaftLogWorker:Storage Directory /workdir/hadoop-ozone/tools/target/test-dir/MiniOzoneClusterImpl-c4d6e72d-f941-4a97-88b8-a79e0d5dc19a/datanode-1/data/ratis/81c85973-5d1e-4621-9f5d-b1ff34da208c: created new log segment /workdir/hadoop-ozone/tools/target/test-dir/MiniOzoneClusterImpl-c4d6e72d-f941-4a97-88b8-a79e0d5dc19a/datanode-1/data/ratis/81c85973-5d1e-4621-9f5d-b1ff34da208c/current/log_inprogress_0
2019-09-19 14:44:10,821 [Thread-248] INFO  impl.FollowerState (FollowerState.java:run(106)) - 04a15483-b111-42a3-8ff7-e193b3ee6246:group-D71DD9AA4C92 changes to CANDIDATE, lastRpcTime:5057, electionTimeout:5057ms
2019-09-19 14:44:10,821 [Thread-248] INFO  impl.RoleInfo (RoleInfo.java:shutdownFollowerState(121)) - 04a15483-b111-42a3-8ff7-e193b3ee6246: shutdown FollowerState
2019-09-19 14:44:10,821 [Thread-248] INFO  impl.RaftServerImpl (RaftServerImpl.java:setRole(171)) - 04a15483-b111-42a3-8ff7-e193b3ee6246:group-D71DD9AA4C92 changes role from FOLLOWER to CANDIDATE at term 0 for changeToCandidate
2019-09-19 14:44:10,822 [Thread-248] INFO  impl.RoleInfo (RoleInfo.java:updateAndGet(143)) - 04a15483-b111-42a3-8ff7-e193b3ee6246: start LeaderElection
2019-09-19 14:44:10,827 [Thread-245] INFO  impl.FollowerState (FollowerState.java:run(106)) - 04a15483-b111-42a3-8ff7-e193b3ee6246:group-AE95E663C01E changes to CANDIDATE, lastRpcTime:5146, electionTimeout:5144ms
2019-09-19 14:44:10,827 [Thread-245] INFO  impl.RoleInfo (RoleInfo.java:shutdownFollowerState(121)) - 04a15483-b111-42a3-8ff7-e193b3ee6246: shutdown FollowerState
2019-09-19 14:44:10,827 [Thread-245] INFO  impl.RaftServerImpl (RaftServerImpl.java:setRole(171)) - 04a15483-b111-42a3-8ff7-e193b3ee6246:group-AE95E663C01E changes role from FOLLOWER to CANDIDATE at term 0 for changeToCandidate
2019-09-19 14:44:10,827 [Thread-245] INFO  impl.RoleInfo (RoleInfo.java:updateAndGet(143)) - 04a15483-b111-42a3-8ff7-e193b3ee6246: start LeaderElection
2019-09-19 14:44:10,853 [04a15483-b111-42a3-8ff7-e193b3ee6246:group-AE95E663C01E:LeaderElection12] INFO  impl.LeaderElection (LeaderElection.java:askForVotes(181)) - 04a15483-b111-42a3-8ff7-e193b3ee6246:group-AE95E663C01E:LeaderElection12: begin an election at term 1 for -1: [04a15483-b111-42a3-8ff7-e193b3ee6246:192.168.5.132:43624], old=null
2019-09-19 14:44:10,853 [04a15483-b111-42a3-8ff7-e193b3ee6246:group-AE95E663C01E:LeaderElection12] INFO  impl.RoleInfo (RoleInfo.java:shutdownLeaderElection(134)) - 04a15483-b111-42a3-8ff7-e193b3ee6246: shutdown LeaderElection
2019-09-19 14:44:10,854 [04a15483-b111-42a3-8ff7-e193b3ee6246:group-AE95E663C01E:LeaderElection12] INFO  impl.RaftServerImpl (RaftServerImpl.java:setRole(171)) - 04a15483-b111-42a3-8ff7-e193b3ee6246:group-AE95E663C01E changes role from CANDIDATE to LEADER at term 1 for changeToLeader
2019-09-19 14:44:10,854 [04a15483-b111-42a3-8ff7-e193b3ee6246:group-AE95E663C01E:LeaderElection12] INFO  impl.RaftServerImpl (ServerState.java:setLeader(263)) - 04a15483-b111-42a3-8ff7-e193b3ee6246:group-AE95E663C01E change Leader from null to 04a15483-b111-42a3-8ff7-e193b3ee6246 at term 1 for becomeLeader, leader elected after 5178ms
2019-09-19 14:44:10,854 [04a15483-b111-42a3-8ff7-e193b3ee6246:group-AE95E663C01E:LeaderElection12] INFO  server.RaftServerConfigKeys (ConfUtils.java:logGet(43)) - raft.server.staging.catchup.gap = 1000 (default)
2019-09-19 14:44:10,854 [04a15483-b111-42a3-8ff7-e193b3ee6246:group-D71DD9AA4C92:LeaderElection11] INFO  impl.LeaderElection (LeaderElection.java:askForVotes(181)) - 04a15483-b111-42a3-8ff7-e193b3ee6246:group-D71DD9AA4C92:LeaderElection11: begin an election at term 1 for -1: [04a15483-b111-42a3-8ff7-e193b3ee6246:192.168.5.132:43624], old=null
2019-09-19 14:44:10,854 [04a15483-b111-42a3-8ff7-e193b3ee6246:group-AE95E663C01E:LeaderElection12] INFO  server.RaftServerConfigKeys (ConfUtils.java:logGet(43)) - raft.server.rpc.sleep.time = 25ms (default)
2019-09-19 14:44:10,855 [04a15483-b111-42a3-8ff7-e193b3ee6246:group-AE95E663C01E:LeaderElection12] INFO  server.RaftServerConfigKeys (ConfUtils.java:logGet(43)) - raft.server.write.element-limit = 4096 (default)
2019-09-19 14:44:10,855 [04a15483-b111-42a3-8ff7-e193b3ee6246:group-AE95E663C01E:LeaderElection12] INFO  server.RaftServerConfigKeys (ConfUtils.java:logGet(43)) - raft.server.watch.timeout = 10s (default)
2019-09-19 14:44:10,854 [04a15483-b111-42a3-8ff7-e193b3ee6246:group-D71DD9AA4C92:LeaderElection11] INFO  impl.RoleInfo (RoleInfo.java:shutdownLeaderElection(134)) - 04a15483-b111-42a3-8ff7-e193b3ee6246: shutdown LeaderElection
2019-09-19 14:44:10,855 [04a15483-b111-42a3-8ff7-e193b3ee6246:group-AE95E663C01E:LeaderElection12] INFO  server.RaftServerConfigKeys (ConfUtils.java:logGet(43)) - raft.server.watch.timeout.denomination = 1s (default)
2019-09-19 14:44:10,855 [04a15483-b111-42a3-8ff7-e193b3ee6246:group-D71DD9AA4C92:LeaderElection11] INFO  impl.RaftServerImpl (RaftServerImpl.java:setRole(171)) - 04a15483-b111-42a3-8ff7-e193b3ee6246:group-D71DD9AA4C92 changes role from CANDIDATE to LEADER at term 1 for changeToLeader
2019-09-19 14:44:10,855 [04a15483-b111-42a3-8ff7-e193b3ee6246:group-AE95E663C01E:LeaderElection12] INFO  server.RaftServerConfigKeys (ConfUtils.java:logGet(43)) - raft.server.watch.element-limit = 65536 (default)
2019-09-19 14:44:10,855 [04a15483-b111-42a3-8ff7-e193b3ee6246:group-D71DD9AA4C92:LeaderElection11] INFO  impl.RaftServerImpl (ServerState.java:setLeader(263)) - 04a15483-b111-42a3-8ff7-e193b3ee6246:group-D71DD9AA4C92 change Leader from null to 04a15483-b111-42a3-8ff7-e193b3ee6246 at term 1 for becomeLeader, leader elected after 5095ms
2019-09-19 14:44:10,855 [04a15483-b111-42a3-8ff7-e193b3ee6246:group-AE95E663C01E:LeaderElection12] INFO  impl.RoleInfo (RoleInfo.java:updateAndGet(143)) - 04a15483-b111-42a3-8ff7-e193b3ee6246: start LeaderState
2019-09-19 14:44:10,855 [04a15483-b111-42a3-8ff7-e193b3ee6246:group-D71DD9AA4C92:LeaderElection11] INFO  server.RaftServerConfigKeys (ConfUtils.java:logGet(43)) - raft.server.staging.catchup.gap = 1000 (default)
2019-09-19 14:44:10,856 [04a15483-b111-42a3-8ff7-e193b3ee6246:group-AE95E663C01E:LeaderElection12] INFO  segmented.SegmentedRaftLogWorker (SegmentedRaftLogWorker.java:startLogSegment(380)) - 04a15483-b111-42a3-8ff7-e193b3ee6246-SegmentedRaftLogWorker:Storage Directory /workdir/hadoop-ozone/tools/target/test-dir/MiniOzoneClusterImpl-c4d6e72d-f941-4a97-88b8-a79e0d5dc19a/datanode-3/data/ratis/962f26ae-8ebb-44a0-b7bb-ae95e663c01e: Starting segment from index:0
2019-09-19 14:44:10,856 [04a15483-b111-42a3-8ff7-e193b3ee6246:group-D71DD9AA4C92:LeaderElection11] INFO  server.RaftServerConfigKeys (ConfUtils.java:logGet(43)) - raft.server.rpc.sleep.time = 25ms (default)
2019-09-19 14:44:10,856 [04a15483-b111-42a3-8ff7-e193b3ee6246:group-D71DD9AA4C92:LeaderElection11] INFO  server.RaftServerConfigKeys (ConfUtils.java:logGet(43)) - raft.server.write.element-limit = 4096 (default)
2019-09-19 14:44:10,856 [04a15483-b111-42a3-8ff7-e193b3ee6246:group-AE95E663C01E:LeaderElection12] INFO  impl.RaftServerImpl (ServerState.java:setRaftConf(361)) - 04a15483-b111-42a3-8ff7-e193b3ee6246:group-AE95E663C01E set configuration 0: [04a15483-b111-42a3-8ff7-e193b3ee6246:192.168.5.132:43624], old=null at 0
2019-09-19 14:44:10,856 [04a15483-b111-42a3-8ff7-e193b3ee6246:group-D71DD9AA4C92:LeaderElection11] INFO  server.RaftServerConfigKeys (ConfUtils.java:logGet(43)) - raft.server.watch.timeout = 10s (default)
2019-09-19 14:44:10,890 [04a15483-b111-42a3-8ff7-e193b3ee6246:group-D71DD9AA4C92:LeaderElection11] INFO  server.RaftServerConfigKeys (ConfUtils.java:logGet(43)) - raft.server.watch.timeout.denomination = 1s (default)
2019-09-19 14:44:10,890 [04a15483-b111-42a3-8ff7-e193b3ee6246:group-D71DD9AA4C92:LeaderElection11] INFO  server.RaftServerConfigKeys (ConfUtils.java:logGet(43)) - raft.server.watch.element-limit = 65536 (default)
2019-09-19 14:44:10,890 [04a15483-b111-42a3-8ff7-e193b3ee6246:group-D71DD9AA4C92:LeaderElection11] INFO  impl.RoleInfo (RoleInfo.java:updateAndGet(143)) - 04a15483-b111-42a3-8ff7-e193b3ee6246: start LeaderState
2019-09-19 14:44:10,891 [04a15483-b111-42a3-8ff7-e193b3ee6246:group-D71DD9AA4C92:LeaderElection11] INFO  segmented.SegmentedRaftLogWorker (SegmentedRaftLogWorker.java:startLogSegment(380)) - 04a15483-b111-42a3-8ff7-e193b3ee6246-SegmentedRaftLogWorker:Storage Directory /workdir/hadoop-ozone/tools/target/test-dir/MiniOzoneClusterImpl-c4d6e72d-f941-4a97-88b8-a79e0d5dc19a/datanode-3/data/ratis/1b7c57d3-16d7-4308-a6fb-d71dd9aa4c92: Starting segment from index:0
2019-09-19 14:44:10,891 [04a15483-b111-42a3-8ff7-e193b3ee6246:group-D71DD9AA4C92:LeaderElection11] INFO  impl.RaftServerImpl (ServerState.java:setRaftConf(361)) - 04a15483-b111-42a3-8ff7-e193b3ee6246:group-D71DD9AA4C92 set configuration 0: [04a15483-b111-42a3-8ff7-e193b3ee6246:192.168.5.132:43624], old=null at 0
2019-09-19 14:44:10,929 | INFO  | SCMAudit | user=jenkins1000 | ip=192.168.5.132 | op=SEND_HEARTBEAT {datanodeUUID=550ad0a3-b6ae-44bc-a70a-b51f5a4003f3, command=[]} | ret=SUCCESS |  
2019-09-19 14:44:10,931 [04a15483-b111-42a3-8ff7-e193b3ee6246-SegmentedRaftLogWorker:Storage Directory /workdir/hadoop-ozone/tools/target/test-dir/MiniOzoneClusterImpl-c4d6e72d-f941-4a97-88b8-a79e0d5dc19a/datanode-3/data/ratis/962f26ae-8ebb-44a0-b7bb-ae95e663c01e] INFO  segmented.SegmentedRaftLogWorker (SegmentedRaftLogWorker.java:execute(569)) - 04a15483-b111-42a3-8ff7-e193b3ee6246-SegmentedRaftLogWorker:Storage Directory /workdir/hadoop-ozone/tools/target/test-dir/MiniOzoneClusterImpl-c4d6e72d-f941-4a97-88b8-a79e0d5dc19a/datanode-3/data/ratis/962f26ae-8ebb-44a0-b7bb-ae95e663c01e: created new log segment /workdir/hadoop-ozone/tools/target/test-dir/MiniOzoneClusterImpl-c4d6e72d-f941-4a97-88b8-a79e0d5dc19a/datanode-3/data/ratis/962f26ae-8ebb-44a0-b7bb-ae95e663c01e/current/log_inprogress_0
2019-09-19 14:44:10,947 [04a15483-b111-42a3-8ff7-e193b3ee6246-SegmentedRaftLogWorker:Storage Directory /workdir/hadoop-ozone/tools/target/test-dir/MiniOzoneClusterImpl-c4d6e72d-f941-4a97-88b8-a79e0d5dc19a/datanode-3/data/ratis/1b7c57d3-16d7-4308-a6fb-d71dd9aa4c92] INFO  segmented.SegmentedRaftLogWorker (SegmentedRaftLogWorker.java:execute(569)) - 04a15483-b111-42a3-8ff7-e193b3ee6246-SegmentedRaftLogWorker:Storage Directory /workdir/hadoop-ozone/tools/target/test-dir/MiniOzoneClusterImpl-c4d6e72d-f941-4a97-88b8-a79e0d5dc19a/datanode-3/data/ratis/1b7c57d3-16d7-4308-a6fb-d71dd9aa4c92: created new log segment /workdir/hadoop-ozone/tools/target/test-dir/MiniOzoneClusterImpl-c4d6e72d-f941-4a97-88b8-a79e0d5dc19a/datanode-3/data/ratis/1b7c57d3-16d7-4308-a6fb-d71dd9aa4c92/current/log_inprogress_0
2019-09-19 14:44:10,960 [Thread-251] INFO  impl.FollowerState (FollowerState.java:run(106)) - 04a15483-b111-42a3-8ff7-e193b3ee6246:group-686242D4ABDE changes to CANDIDATE, lastRpcTime:5102, electionTimeout:5102ms
2019-09-19 14:44:10,961 [Thread-251] INFO  impl.RoleInfo (RoleInfo.java:shutdownFollowerState(121)) - 04a15483-b111-42a3-8ff7-e193b3ee6246: shutdown FollowerState
2019-09-19 14:44:10,961 [Thread-251] INFO  impl.RaftServerImpl (RaftServerImpl.java:setRole(171)) - 04a15483-b111-42a3-8ff7-e193b3ee6246:group-686242D4ABDE changes role from FOLLOWER to CANDIDATE at term 0 for changeToCandidate
2019-09-19 14:44:10,961 [Thread-251] INFO  impl.RoleInfo (RoleInfo.java:updateAndGet(143)) - 04a15483-b111-42a3-8ff7-e193b3ee6246: start LeaderElection
2019-09-19 14:44:10,990 [04a15483-b111-42a3-8ff7-e193b3ee6246:group-686242D4ABDE:LeaderElection13] INFO  impl.LeaderElection (LeaderElection.java:askForVotes(181)) - 04a15483-b111-42a3-8ff7-e193b3ee6246:group-686242D4ABDE:LeaderElection13: begin an election at term 1 for -1: [04a15483-b111-42a3-8ff7-e193b3ee6246:192.168.5.132:43624], old=null
2019-09-19 14:44:10,990 [04a15483-b111-42a3-8ff7-e193b3ee6246:group-686242D4ABDE:LeaderElection13] INFO  impl.RoleInfo (RoleInfo.java:shutdownLeaderElection(134)) - 04a15483-b111-42a3-8ff7-e193b3ee6246: shutdown LeaderElection
2019-09-19 14:44:10,990 [04a15483-b111-42a3-8ff7-e193b3ee6246:group-686242D4ABDE:LeaderElection13] INFO  impl.RaftServerImpl (RaftServerImpl.java:setRole(171)) - 04a15483-b111-42a3-8ff7-e193b3ee6246:group-686242D4ABDE changes role from CANDIDATE to LEADER at term 1 for changeToLeader
2019-09-19 14:44:10,990 [04a15483-b111-42a3-8ff7-e193b3ee6246:group-686242D4ABDE:LeaderElection13] INFO  impl.RaftServerImpl (ServerState.java:setLeader(263)) - 04a15483-b111-42a3-8ff7-e193b3ee6246:group-686242D4ABDE change Leader from null to 04a15483-b111-42a3-8ff7-e193b3ee6246 at term 1 for becomeLeader, leader elected after 5137ms
2019-09-19 14:44:10,991 [04a15483-b111-42a3-8ff7-e193b3ee6246:group-686242D4ABDE:LeaderElection13] INFO  server.RaftServerConfigKeys (ConfUtils.java:logGet(43)) - raft.server.staging.catchup.gap = 1000 (default)
2019-09-19 14:44:10,991 [04a15483-b111-42a3-8ff7-e193b3ee6246:group-686242D4ABDE:LeaderElection13] INFO  server.RaftServerConfigKeys (ConfUtils.java:logGet(43)) - raft.server.rpc.sleep.time = 25ms (default)
2019-09-19 14:44:10,991 [04a15483-b111-42a3-8ff7-e193b3ee6246:group-686242D4ABDE:LeaderElection13] INFO  server.RaftServerConfigKeys (ConfUtils.java:logGet(43)) - raft.server.write.element-limit = 4096 (default)
2019-09-19 14:44:10,991 [04a15483-b111-42a3-8ff7-e193b3ee6246:group-686242D4ABDE:LeaderElection13] INFO  server.RaftServerConfigKeys (ConfUtils.java:logGet(43)) - raft.server.watch.timeout = 10s (default)
2019-09-19 14:44:10,991 [04a15483-b111-42a3-8ff7-e193b3ee6246:group-686242D4ABDE:LeaderElection13] INFO  server.RaftServerConfigKeys (ConfUtils.java:logGet(43)) - raft.server.watch.timeout.denomination = 1s (default)
2019-09-19 14:44:10,991 [04a15483-b111-42a3-8ff7-e193b3ee6246:group-686242D4ABDE:LeaderElection13] INFO  server.RaftServerConfigKeys (ConfUtils.java:logGet(43)) - raft.server.watch.element-limit = 65536 (default)
2019-09-19 14:44:10,992 [04a15483-b111-42a3-8ff7-e193b3ee6246:group-686242D4ABDE:LeaderElection13] INFO  impl.RoleInfo (RoleInfo.java:updateAndGet(143)) - 04a15483-b111-42a3-8ff7-e193b3ee6246: start LeaderState
2019-09-19 14:44:10,992 [04a15483-b111-42a3-8ff7-e193b3ee6246:group-686242D4ABDE:LeaderElection13] INFO  segmented.SegmentedRaftLogWorker (SegmentedRaftLogWorker.java:startLogSegment(380)) - 04a15483-b111-42a3-8ff7-e193b3ee6246-SegmentedRaftLogWorker:Storage Directory /workdir/hadoop-ozone/tools/target/test-dir/MiniOzoneClusterImpl-c4d6e72d-f941-4a97-88b8-a79e0d5dc19a/datanode-3/data/ratis/6073bb98-578c-4396-95ce-686242d4abde: Starting segment from index:0
2019-09-19 14:44:10,993 [04a15483-b111-42a3-8ff7-e193b3ee6246:group-686242D4ABDE:LeaderElection13] INFO  impl.RaftServerImpl (ServerState.java:setRaftConf(361)) - 04a15483-b111-42a3-8ff7-e193b3ee6246:group-686242D4ABDE set configuration 0: [04a15483-b111-42a3-8ff7-e193b3ee6246:192.168.5.132:43624], old=null at 0
2019-09-19 14:44:11,058 [04a15483-b111-42a3-8ff7-e193b3ee6246-SegmentedRaftLogWorker:Storage Directory /workdir/hadoop-ozone/tools/target/test-dir/MiniOzoneClusterImpl-c4d6e72d-f941-4a97-88b8-a79e0d5dc19a/datanode-3/data/ratis/6073bb98-578c-4396-95ce-686242d4abde] INFO  segmented.SegmentedRaftLogWorker (SegmentedRaftLogWorker.java:execute(569)) - 04a15483-b111-42a3-8ff7-e193b3ee6246-SegmentedRaftLogWorker:Storage Directory /workdir/hadoop-ozone/tools/target/test-dir/MiniOzoneClusterImpl-c4d6e72d-f941-4a97-88b8-a79e0d5dc19a/datanode-3/data/ratis/6073bb98-578c-4396-95ce-686242d4abde: created new log segment /workdir/hadoop-ozone/tools/target/test-dir/MiniOzoneClusterImpl-c4d6e72d-f941-4a97-88b8-a79e0d5dc19a/datanode-3/data/ratis/6073bb98-578c-4396-95ce-686242d4abde/current/log_inprogress_0
2019-09-19 14:44:11,097 [Thread-257] INFO  impl.FollowerState (FollowerState.java:run(106)) - a4e26ddf-7cab-415d-8560-150ea8262212:group-DE079187B12C changes to CANDIDATE, lastRpcTime:5046, electionTimeout:5046ms
2019-09-19 14:44:11,097 [Thread-257] INFO  impl.RoleInfo (RoleInfo.java:shutdownFollowerState(121)) - a4e26ddf-7cab-415d-8560-150ea8262212: shutdown FollowerState
2019-09-19 14:44:11,097 [Thread-257] INFO  impl.RaftServerImpl (RaftServerImpl.java:setRole(171)) - a4e26ddf-7cab-415d-8560-150ea8262212:group-DE079187B12C changes role from FOLLOWER to CANDIDATE at term 0 for changeToCandidate
2019-09-19 14:44:11,097 [Thread-257] INFO  impl.RoleInfo (RoleInfo.java:updateAndGet(143)) - a4e26ddf-7cab-415d-8560-150ea8262212: start LeaderElection
2019-09-19 14:44:11,125 [a4e26ddf-7cab-415d-8560-150ea8262212:group-DE079187B12C:LeaderElection14] INFO  impl.LeaderElection (LeaderElection.java:askForVotes(181)) - a4e26ddf-7cab-415d-8560-150ea8262212:group-DE079187B12C:LeaderElection14: begin an election at term 1 for -1: [a4e26ddf-7cab-415d-8560-150ea8262212:192.168.5.132:41799], old=null
2019-09-19 14:44:11,125 [a4e26ddf-7cab-415d-8560-150ea8262212:group-DE079187B12C:LeaderElection14] INFO  impl.RoleInfo (RoleInfo.java:shutdownLeaderElection(134)) - a4e26ddf-7cab-415d-8560-150ea8262212: shutdown LeaderElection
2019-09-19 14:44:11,125 [a4e26ddf-7cab-415d-8560-150ea8262212:group-DE079187B12C:LeaderElection14] INFO  impl.RaftServerImpl (RaftServerImpl.java:setRole(171)) - a4e26ddf-7cab-415d-8560-150ea8262212:group-DE079187B12C changes role from CANDIDATE to LEADER at term 1 for changeToLeader
2019-09-19 14:44:11,125 [a4e26ddf-7cab-415d-8560-150ea8262212:group-DE079187B12C:LeaderElection14] INFO  impl.RaftServerImpl (ServerState.java:setLeader(263)) - a4e26ddf-7cab-415d-8560-150ea8262212:group-DE079187B12C change Leader from null to a4e26ddf-7cab-415d-8560-150ea8262212 at term 1 for becomeLeader, leader elected after 5078ms
2019-09-19 14:44:11,125 [a4e26ddf-7cab-415d-8560-150ea8262212:group-DE079187B12C:LeaderElection14] INFO  server.RaftServerConfigKeys (ConfUtils.java:logGet(43)) - raft.server.staging.catchup.gap = 1000 (default)
2019-09-19 14:44:11,125 [a4e26ddf-7cab-415d-8560-150ea8262212:group-DE079187B12C:LeaderElection14] INFO  server.RaftServerConfigKeys (ConfUtils.java:logGet(43)) - raft.server.rpc.sleep.time = 25ms (default)
2019-09-19 14:44:11,125 [a4e26ddf-7cab-415d-8560-150ea8262212:group-DE079187B12C:LeaderElection14] INFO  server.RaftServerConfigKeys (ConfUtils.java:logGet(43)) - raft.server.write.element-limit = 4096 (default)
2019-09-19 14:44:11,126 [a4e26ddf-7cab-415d-8560-150ea8262212:group-DE079187B12C:LeaderElection14] INFO  server.RaftServerConfigKeys (ConfUtils.java:logGet(43)) - raft.server.watch.timeout = 10s (default)
2019-09-19 14:44:11,126 [a4e26ddf-7cab-415d-8560-150ea8262212:group-DE079187B12C:LeaderElection14] INFO  server.RaftServerConfigKeys (ConfUtils.java:logGet(43)) - raft.server.watch.timeout.denomination = 1s (default)
2019-09-19 14:44:11,126 [a4e26ddf-7cab-415d-8560-150ea8262212:group-DE079187B12C:LeaderElection14] INFO  server.RaftServerConfigKeys (ConfUtils.java:logGet(43)) - raft.server.watch.element-limit = 65536 (default)
2019-09-19 14:44:11,126 [a4e26ddf-7cab-415d-8560-150ea8262212:group-DE079187B12C:LeaderElection14] INFO  impl.RoleInfo (RoleInfo.java:updateAndGet(143)) - a4e26ddf-7cab-415d-8560-150ea8262212: start LeaderState
2019-09-19 14:44:11,126 [a4e26ddf-7cab-415d-8560-150ea8262212:group-DE079187B12C:LeaderElection14] INFO  segmented.SegmentedRaftLogWorker (SegmentedRaftLogWorker.java:startLogSegment(380)) - a4e26ddf-7cab-415d-8560-150ea8262212-SegmentedRaftLogWorker:Storage Directory /workdir/hadoop-ozone/tools/target/test-dir/MiniOzoneClusterImpl-c4d6e72d-f941-4a97-88b8-a79e0d5dc19a/datanode-1/data/ratis/41edb1ca-3ff1-41f3-b9e0-de079187b12c: Starting segment from index:0
2019-09-19 14:44:11,127 [a4e26ddf-7cab-415d-8560-150ea8262212:group-DE079187B12C:LeaderElection14] INFO  impl.RaftServerImpl (ServerState.java:setRaftConf(361)) - a4e26ddf-7cab-415d-8560-150ea8262212:group-DE079187B12C set configuration 0: [a4e26ddf-7cab-415d-8560-150ea8262212:192.168.5.132:41799], old=null at 0
2019-09-19 14:44:11,155 [Thread-254] INFO  impl.FollowerState (FollowerState.java:run(106)) - 04a15483-b111-42a3-8ff7-e193b3ee6246:group-18E64D50CF69 changes to CANDIDATE, lastRpcTime:5197, electionTimeout:5197ms
2019-09-19 14:44:11,155 [Thread-254] INFO  impl.RoleInfo (RoleInfo.java:shutdownFollowerState(121)) - 04a15483-b111-42a3-8ff7-e193b3ee6246: shutdown FollowerState
2019-09-19 14:44:11,155 [Thread-254] INFO  impl.RaftServerImpl (RaftServerImpl.java:setRole(171)) - 04a15483-b111-42a3-8ff7-e193b3ee6246:group-18E64D50CF69 changes role from FOLLOWER to CANDIDATE at term 0 for changeToCandidate
2019-09-19 14:44:11,155 [Thread-254] INFO  impl.RoleInfo (RoleInfo.java:updateAndGet(143)) - 04a15483-b111-42a3-8ff7-e193b3ee6246: start LeaderElection
2019-09-19 14:44:11,192 [a4e26ddf-7cab-415d-8560-150ea8262212-SegmentedRaftLogWorker:Storage Directory /workdir/hadoop-ozone/tools/target/test-dir/MiniOzoneClusterImpl-c4d6e72d-f941-4a97-88b8-a79e0d5dc19a/datanode-1/data/ratis/41edb1ca-3ff1-41f3-b9e0-de079187b12c] INFO  segmented.SegmentedRaftLogWorker (SegmentedRaftLogWorker.java:execute(569)) - a4e26ddf-7cab-415d-8560-150ea8262212-SegmentedRaftLogWorker:Storage Directory /workdir/hadoop-ozone/tools/target/test-dir/MiniOzoneClusterImpl-c4d6e72d-f941-4a97-88b8-a79e0d5dc19a/datanode-1/data/ratis/41edb1ca-3ff1-41f3-b9e0-de079187b12c: created new log segment /workdir/hadoop-ozone/tools/target/test-dir/MiniOzoneClusterImpl-c4d6e72d-f941-4a97-88b8-a79e0d5dc19a/datanode-1/data/ratis/41edb1ca-3ff1-41f3-b9e0-de079187b12c/current/log_inprogress_0
2019-09-19 14:44:11,192 [04a15483-b111-42a3-8ff7-e193b3ee6246:group-18E64D50CF69:LeaderElection15] INFO  impl.LeaderElection (LeaderElection.java:askForVotes(181)) - 04a15483-b111-42a3-8ff7-e193b3ee6246:group-18E64D50CF69:LeaderElection15: begin an election at term 1 for -1: [04a15483-b111-42a3-8ff7-e193b3ee6246:192.168.5.132:43624], old=null
2019-09-19 14:44:11,192 [04a15483-b111-42a3-8ff7-e193b3ee6246:group-18E64D50CF69:LeaderElection15] INFO  impl.RoleInfo (RoleInfo.java:shutdownLeaderElection(134)) - 04a15483-b111-42a3-8ff7-e193b3ee6246: shutdown LeaderElection
2019-09-19 14:44:11,192 [04a15483-b111-42a3-8ff7-e193b3ee6246:group-18E64D50CF69:LeaderElection15] INFO  impl.RaftServerImpl (RaftServerImpl.java:setRole(171)) - 04a15483-b111-42a3-8ff7-e193b3ee6246:group-18E64D50CF69 changes role from CANDIDATE to LEADER at term 1 for changeToLeader
2019-09-19 14:44:11,192 [04a15483-b111-42a3-8ff7-e193b3ee6246:group-18E64D50CF69:LeaderElection15] INFO  impl.RaftServerImpl (ServerState.java:setLeader(263)) - 04a15483-b111-42a3-8ff7-e193b3ee6246:group-18E64D50CF69 change Leader from null to 04a15483-b111-42a3-8ff7-e193b3ee6246 at term 1 for becomeLeader, leader elected after 5238ms
2019-09-19 14:44:11,193 [04a15483-b111-42a3-8ff7-e193b3ee6246:group-18E64D50CF69:LeaderElection15] INFO  server.RaftServerConfigKeys (ConfUtils.java:logGet(43)) - raft.server.staging.catchup.gap = 1000 (default)
2019-09-19 14:44:11,193 [04a15483-b111-42a3-8ff7-e193b3ee6246:group-18E64D50CF69:LeaderElection15] INFO  server.RaftServerConfigKeys (ConfUtils.java:logGet(43)) - raft.server.rpc.sleep.time = 25ms (default)
2019-09-19 14:44:11,193 [04a15483-b111-42a3-8ff7-e193b3ee6246:group-18E64D50CF69:LeaderElection15] INFO  server.RaftServerConfigKeys (ConfUtils.java:logGet(43)) - raft.server.write.element-limit = 4096 (default)
2019-09-19 14:44:11,193 [04a15483-b111-42a3-8ff7-e193b3ee6246:group-18E64D50CF69:LeaderElection15] INFO  server.RaftServerConfigKeys (ConfUtils.java:logGet(43)) - raft.server.watch.timeout = 10s (default)
2019-09-19 14:44:11,193 [04a15483-b111-42a3-8ff7-e193b3ee6246:group-18E64D50CF69:LeaderElection15] INFO  server.RaftServerConfigKeys (ConfUtils.java:logGet(43)) - raft.server.watch.timeout.denomination = 1s (default)
2019-09-19 14:44:11,194 [04a15483-b111-42a3-8ff7-e193b3ee6246:group-18E64D50CF69:LeaderElection15] INFO  server.RaftServerConfigKeys (ConfUtils.java:logGet(43)) - raft.server.watch.element-limit = 65536 (default)
2019-09-19 14:44:11,194 [04a15483-b111-42a3-8ff7-e193b3ee6246:group-18E64D50CF69:LeaderElection15] INFO  impl.RoleInfo (RoleInfo.java:updateAndGet(143)) - 04a15483-b111-42a3-8ff7-e193b3ee6246: start LeaderState
2019-09-19 14:44:11,194 [04a15483-b111-42a3-8ff7-e193b3ee6246:group-18E64D50CF69:LeaderElection15] INFO  segmented.SegmentedRaftLogWorker (SegmentedRaftLogWorker.java:startLogSegment(380)) - 04a15483-b111-42a3-8ff7-e193b3ee6246-SegmentedRaftLogWorker:Storage Directory /workdir/hadoop-ozone/tools/target/test-dir/MiniOzoneClusterImpl-c4d6e72d-f941-4a97-88b8-a79e0d5dc19a/datanode-3/data/ratis/616acc81-2f70-4498-a779-18e64d50cf69: Starting segment from index:0
2019-09-19 14:44:11,195 [04a15483-b111-42a3-8ff7-e193b3ee6246:group-18E64D50CF69:LeaderElection15] INFO  impl.RaftServerImpl (ServerState.java:setRaftConf(361)) - 04a15483-b111-42a3-8ff7-e193b3ee6246:group-18E64D50CF69 set configuration 0: [04a15483-b111-42a3-8ff7-e193b3ee6246:192.168.5.132:43624], old=null at 0
2019-09-19 14:44:11,242 [04a15483-b111-42a3-8ff7-e193b3ee6246-SegmentedRaftLogWorker:Storage Directory /workdir/hadoop-ozone/tools/target/test-dir/MiniOzoneClusterImpl-c4d6e72d-f941-4a97-88b8-a79e0d5dc19a/datanode-3/data/ratis/616acc81-2f70-4498-a779-18e64d50cf69] INFO  segmented.SegmentedRaftLogWorker (SegmentedRaftLogWorker.java:execute(569)) - 04a15483-b111-42a3-8ff7-e193b3ee6246-SegmentedRaftLogWorker:Storage Directory /workdir/hadoop-ozone/tools/target/test-dir/MiniOzoneClusterImpl-c4d6e72d-f941-4a97-88b8-a79e0d5dc19a/datanode-3/data/ratis/616acc81-2f70-4498-a779-18e64d50cf69: created new log segment /workdir/hadoop-ozone/tools/target/test-dir/MiniOzoneClusterImpl-c4d6e72d-f941-4a97-88b8-a79e0d5dc19a/datanode-3/data/ratis/616acc81-2f70-4498-a779-18e64d50cf69/current/log_inprogress_0
2019-09-19 14:44:11,291 | INFO  | SCMAudit | user=jenkins1000 | ip=192.168.5.132 | op=SEND_HEARTBEAT {datanodeUUID=04a15483-b111-42a3-8ff7-e193b3ee6246, command=[]} | ret=SUCCESS |  
2019-09-19 14:44:11,320 [Thread-260] INFO  impl.FollowerState (FollowerState.java:run(106)) - 94ffd37a-7fba-4e2b-aec6-167a5be5db83:group-C9372E322541 changes to CANDIDATE, lastRpcTime:5194, electionTimeout:5194ms
2019-09-19 14:44:11,320 [Thread-260] INFO  impl.RoleInfo (RoleInfo.java:shutdownFollowerState(121)) - 94ffd37a-7fba-4e2b-aec6-167a5be5db83: shutdown FollowerState
2019-09-19 14:44:11,320 [Thread-260] INFO  impl.RaftServerImpl (RaftServerImpl.java:setRole(171)) - 94ffd37a-7fba-4e2b-aec6-167a5be5db83:group-C9372E322541 changes role from FOLLOWER to CANDIDATE at term 0 for changeToCandidate
2019-09-19 14:44:11,320 [Thread-260] INFO  impl.RoleInfo (RoleInfo.java:updateAndGet(143)) - 94ffd37a-7fba-4e2b-aec6-167a5be5db83: start LeaderElection
2019-09-19 14:44:11,329 [Thread-263] INFO  impl.FollowerState (FollowerState.java:run(106)) - 550ad0a3-b6ae-44bc-a70a-b51f5a4003f3:group-9D3C3CC26DC2 changes to CANDIDATE, lastRpcTime:5125, electionTimeout:5125ms
2019-09-19 14:44:11,329 [Thread-263] INFO  impl.RoleInfo (RoleInfo.java:shutdownFollowerState(121)) - 550ad0a3-b6ae-44bc-a70a-b51f5a4003f3: shutdown FollowerState
2019-09-19 14:44:11,329 [Thread-263] INFO  impl.RaftServerImpl (RaftServerImpl.java:setRole(171)) - 550ad0a3-b6ae-44bc-a70a-b51f5a4003f3:group-9D3C3CC26DC2 changes role from FOLLOWER to CANDIDATE at term 0 for changeToCandidate
2019-09-19 14:44:11,329 [Thread-263] INFO  impl.RoleInfo (RoleInfo.java:updateAndGet(143)) - 550ad0a3-b6ae-44bc-a70a-b51f5a4003f3: start LeaderElection
2019-09-19 14:44:11,350 | INFO  | SCMAudit | user=jenkins1000 | ip=192.168.5.132 | op=SEND_HEARTBEAT {datanodeUUID=94ffd37a-7fba-4e2b-aec6-167a5be5db83, command=[]} | ret=SUCCESS |  
2019-09-19 14:44:11,351 [550ad0a3-b6ae-44bc-a70a-b51f5a4003f3:group-9D3C3CC26DC2:LeaderElection17] INFO  impl.LeaderElection (LeaderElection.java:askForVotes(181)) - 550ad0a3-b6ae-44bc-a70a-b51f5a4003f3:group-9D3C3CC26DC2:LeaderElection17: begin an election at term 1 for -1: [550ad0a3-b6ae-44bc-a70a-b51f5a4003f3:192.168.5.132:46067], old=null
2019-09-19 14:44:11,351 [94ffd37a-7fba-4e2b-aec6-167a5be5db83:group-C9372E322541:LeaderElection16] INFO  impl.LeaderElection (LeaderElection.java:askForVotes(181)) - 94ffd37a-7fba-4e2b-aec6-167a5be5db83:group-C9372E322541:LeaderElection16: begin an election at term 1 for -1: [94ffd37a-7fba-4e2b-aec6-167a5be5db83:192.168.5.132:38290], old=null
2019-09-19 14:44:11,351 [550ad0a3-b6ae-44bc-a70a-b51f5a4003f3:group-9D3C3CC26DC2:LeaderElection17] INFO  impl.RoleInfo (RoleInfo.java:shutdownLeaderElection(134)) - 550ad0a3-b6ae-44bc-a70a-b51f5a4003f3: shutdown LeaderElection
2019-09-19 14:44:11,351 [94ffd37a-7fba-4e2b-aec6-167a5be5db83:group-C9372E322541:LeaderElection16] INFO  impl.RoleInfo (RoleInfo.java:shutdownLeaderElection(134)) - 94ffd37a-7fba-4e2b-aec6-167a5be5db83: shutdown LeaderElection
2019-09-19 14:44:11,352 [550ad0a3-b6ae-44bc-a70a-b51f5a4003f3:group-9D3C3CC26DC2:LeaderElection17] INFO  impl.RaftServerImpl (RaftServerImpl.java:setRole(171)) - 550ad0a3-b6ae-44bc-a70a-b51f5a4003f3:group-9D3C3CC26DC2 changes role from CANDIDATE to LEADER at term 1 for changeToLeader
2019-09-19 14:44:11,352 [94ffd37a-7fba-4e2b-aec6-167a5be5db83:group-C9372E322541:LeaderElection16] INFO  impl.RaftServerImpl (RaftServerImpl.java:setRole(171)) - 94ffd37a-7fba-4e2b-aec6-167a5be5db83:group-C9372E322541 changes role from CANDIDATE to LEADER at term 1 for changeToLeader
2019-09-19 14:44:11,352 [550ad0a3-b6ae-44bc-a70a-b51f5a4003f3:group-9D3C3CC26DC2:LeaderElection17] INFO  impl.RaftServerImpl (ServerState.java:setLeader(263)) - 550ad0a3-b6ae-44bc-a70a-b51f5a4003f3:group-9D3C3CC26DC2 change Leader from null to 550ad0a3-b6ae-44bc-a70a-b51f5a4003f3 at term 1 for becomeLeader, leader elected after 5153ms
2019-09-19 14:44:11,352 [94ffd37a-7fba-4e2b-aec6-167a5be5db83:group-C9372E322541:LeaderElection16] INFO  impl.RaftServerImpl (ServerState.java:setLeader(263)) - 94ffd37a-7fba-4e2b-aec6-167a5be5db83:group-C9372E322541 change Leader from null to 94ffd37a-7fba-4e2b-aec6-167a5be5db83 at term 1 for becomeLeader, leader elected after 5230ms
2019-09-19 14:44:11,352 [550ad0a3-b6ae-44bc-a70a-b51f5a4003f3:group-9D3C3CC26DC2:LeaderElection17] INFO  server.RaftServerConfigKeys (ConfUtils.java:logGet(43)) - raft.server.staging.catchup.gap = 1000 (default)
2019-09-19 14:44:11,352 [94ffd37a-7fba-4e2b-aec6-167a5be5db83:group-C9372E322541:LeaderElection16] INFO  server.RaftServerConfigKeys (ConfUtils.java:logGet(43)) - raft.server.staging.catchup.gap = 1000 (default)
2019-09-19 14:44:11,352 [550ad0a3-b6ae-44bc-a70a-b51f5a4003f3:group-9D3C3CC26DC2:LeaderElection17] INFO  server.RaftServerConfigKeys (ConfUtils.java:logGet(43)) - raft.server.rpc.sleep.time = 25ms (default)
2019-09-19 14:44:11,353 [94ffd37a-7fba-4e2b-aec6-167a5be5db83:group-C9372E322541:LeaderElection16] INFO  server.RaftServerConfigKeys (ConfUtils.java:logGet(43)) - raft.server.rpc.sleep.time = 25ms (default)
2019-09-19 14:44:11,353 [550ad0a3-b6ae-44bc-a70a-b51f5a4003f3:group-9D3C3CC26DC2:LeaderElection17] INFO  server.RaftServerConfigKeys (ConfUtils.java:logGet(43)) - raft.server.write.element-limit = 4096 (default)
2019-09-19 14:44:11,353 [94ffd37a-7fba-4e2b-aec6-167a5be5db83:group-C9372E322541:LeaderElection16] INFO  server.RaftServerConfigKeys (ConfUtils.java:logGet(43)) - raft.server.write.element-limit = 4096 (default)
2019-09-19 14:44:11,353 [550ad0a3-b6ae-44bc-a70a-b51f5a4003f3:group-9D3C3CC26DC2:LeaderElection17] INFO  server.RaftServerConfigKeys (ConfUtils.java:logGet(43)) - raft.server.watch.timeout = 10s (default)
2019-09-19 14:44:11,353 [94ffd37a-7fba-4e2b-aec6-167a5be5db83:group-C9372E322541:LeaderElection16] INFO  server.RaftServerConfigKeys (ConfUtils.java:logGet(43)) - raft.server.watch.timeout = 10s (default)
2019-09-19 14:44:11,353 [550ad0a3-b6ae-44bc-a70a-b51f5a4003f3:group-9D3C3CC26DC2:LeaderElection17] INFO  server.RaftServerConfigKeys (ConfUtils.java:logGet(43)) - raft.server.watch.timeout.denomination = 1s (default)
2019-09-19 14:44:11,353 [94ffd37a-7fba-4e2b-aec6-167a5be5db83:group-C9372E322541:LeaderElection16] INFO  server.RaftServerConfigKeys (ConfUtils.java:logGet(43)) - raft.server.watch.timeout.denomination = 1s (default)
2019-09-19 14:44:11,353 [550ad0a3-b6ae-44bc-a70a-b51f5a4003f3:group-9D3C3CC26DC2:LeaderElection17] INFO  server.RaftServerConfigKeys (ConfUtils.java:logGet(43)) - raft.server.watch.element-limit = 65536 (default)
2019-09-19 14:44:11,354 [94ffd37a-7fba-4e2b-aec6-167a5be5db83:group-C9372E322541:LeaderElection16] INFO  server.RaftServerConfigKeys (ConfUtils.java:logGet(43)) - raft.server.watch.element-limit = 65536 (default)
2019-09-19 14:44:11,354 [550ad0a3-b6ae-44bc-a70a-b51f5a4003f3:group-9D3C3CC26DC2:LeaderElection17] INFO  impl.RoleInfo (RoleInfo.java:updateAndGet(143)) - 550ad0a3-b6ae-44bc-a70a-b51f5a4003f3: start LeaderState
2019-09-19 14:44:11,354 [Thread-266] INFO  impl.FollowerState (FollowerState.java:run(106)) - 94ffd37a-7fba-4e2b-aec6-167a5be5db83:group-2072FC044273 changes to CANDIDATE, lastRpcTime:5074, electionTimeout:5074ms
2019-09-19 14:44:11,354 [550ad0a3-b6ae-44bc-a70a-b51f5a4003f3:group-9D3C3CC26DC2:LeaderElection17] INFO  segmented.SegmentedRaftLogWorker (SegmentedRaftLogWorker.java:startLogSegment(380)) - 550ad0a3-b6ae-44bc-a70a-b51f5a4003f3-SegmentedRaftLogWorker:Storage Directory /workdir/hadoop-ozone/tools/target/test-dir/MiniOzoneClusterImpl-c4d6e72d-f941-4a97-88b8-a79e0d5dc19a/datanode-2/data/ratis/c6711923-225a-4131-963c-9d3c3cc26dc2: Starting segment from index:0
2019-09-19 14:44:11,354 [94ffd37a-7fba-4e2b-aec6-167a5be5db83:group-C9372E322541:LeaderElection16] INFO  impl.RoleInfo (RoleInfo.java:updateAndGet(143)) - 94ffd37a-7fba-4e2b-aec6-167a5be5db83: start LeaderState
2019-09-19 14:44:11,354 [Thread-266] INFO  impl.RoleInfo (RoleInfo.java:shutdownFollowerState(121)) - 94ffd37a-7fba-4e2b-aec6-167a5be5db83: shutdown FollowerState
2019-09-19 14:44:11,355 [Thread-266] INFO  impl.RaftServerImpl (RaftServerImpl.java:setRole(171)) - 94ffd37a-7fba-4e2b-aec6-167a5be5db83:group-2072FC044273 changes role from FOLLOWER to CANDIDATE at term 0 for changeToCandidate
2019-09-19 14:44:11,355 [94ffd37a-7fba-4e2b-aec6-167a5be5db83:group-C9372E322541:LeaderElection16] INFO  segmented.SegmentedRaftLogWorker (SegmentedRaftLogWorker.java:startLogSegment(380)) - 94ffd37a-7fba-4e2b-aec6-167a5be5db83-SegmentedRaftLogWorker:Storage Directory /workdir/hadoop-ozone/tools/target/test-dir/MiniOzoneClusterImpl-c4d6e72d-f941-4a97-88b8-a79e0d5dc19a/datanode-0/data/ratis/66267939-7395-46ce-a7c9-c9372e322541: Starting segment from index:0
2019-09-19 14:44:11,355 [Thread-266] INFO  impl.RoleInfo (RoleInfo.java:updateAndGet(143)) - 94ffd37a-7fba-4e2b-aec6-167a5be5db83: start LeaderElection
2019-09-19 14:44:11,355 [550ad0a3-b6ae-44bc-a70a-b51f5a4003f3:group-9D3C3CC26DC2:LeaderElection17] INFO  impl.RaftServerImpl (ServerState.java:setRaftConf(361)) - 550ad0a3-b6ae-44bc-a70a-b51f5a4003f3:group-9D3C3CC26DC2 set configuration 0: [550ad0a3-b6ae-44bc-a70a-b51f5a4003f3:192.168.5.132:46067], old=null at 0
2019-09-19 14:44:11,355 [94ffd37a-7fba-4e2b-aec6-167a5be5db83:group-C9372E322541:LeaderElection16] INFO  impl.RaftServerImpl (ServerState.java:setRaftConf(361)) - 94ffd37a-7fba-4e2b-aec6-167a5be5db83:group-C9372E322541 set configuration 0: [94ffd37a-7fba-4e2b-aec6-167a5be5db83:192.168.5.132:38290], old=null at 0
2019-09-19 14:44:11,400 [Thread-269] INFO  impl.FollowerState (FollowerState.java:run(106)) - a4e26ddf-7cab-415d-8560-150ea8262212:group-DD3A4AF41B0C changes to CANDIDATE, lastRpcTime:5035, electionTimeout:5035ms
2019-09-19 14:44:11,400 [Thread-269] INFO  impl.RoleInfo (RoleInfo.java:shutdownFollowerState(121)) - a4e26ddf-7cab-415d-8560-150ea8262212: shutdown FollowerState
2019-09-19 14:44:11,400 [Thread-269] INFO  impl.RaftServerImpl (RaftServerImpl.java:setRole(171)) - a4e26ddf-7cab-415d-8560-150ea8262212:group-DD3A4AF41B0C changes role from FOLLOWER to CANDIDATE at term 0 for changeToCandidate
2019-09-19 14:44:11,400 [Thread-269] INFO  impl.RoleInfo (RoleInfo.java:updateAndGet(143)) - a4e26ddf-7cab-415d-8560-150ea8262212: start LeaderElection
2019-09-19 14:44:11,417 | INFO  | SCMAudit | user=jenkins1000 | ip=192.168.5.132 | op=SEND_HEARTBEAT {datanodeUUID=5f94aeea-aba2-49fa-a1fa-8df10a3eed4d, command=[]} | ret=SUCCESS |  
2019-09-19 14:44:11,418 [550ad0a3-b6ae-44bc-a70a-b51f5a4003f3-SegmentedRaftLogWorker:Storage Directory /workdir/hadoop-ozone/tools/target/test-dir/MiniOzoneClusterImpl-c4d6e72d-f941-4a97-88b8-a79e0d5dc19a/datanode-2/data/ratis/c6711923-225a-4131-963c-9d3c3cc26dc2] INFO  segmented.SegmentedRaftLogWorker (SegmentedRaftLogWorker.java:execute(569)) - 550ad0a3-b6ae-44bc-a70a-b51f5a4003f3-SegmentedRaftLogWorker:Storage Directory /workdir/hadoop-ozone/tools/target/test-dir/MiniOzoneClusterImpl-c4d6e72d-f941-4a97-88b8-a79e0d5dc19a/datanode-2/data/ratis/c6711923-225a-4131-963c-9d3c3cc26dc2: created new log segment /workdir/hadoop-ozone/tools/target/test-dir/MiniOzoneClusterImpl-c4d6e72d-f941-4a97-88b8-a79e0d5dc19a/datanode-2/data/ratis/c6711923-225a-4131-963c-9d3c3cc26dc2/current/log_inprogress_0
2019-09-19 14:44:11,418 [94ffd37a-7fba-4e2b-aec6-167a5be5db83:group-2072FC044273:LeaderElection18] INFO  impl.LeaderElection (LeaderElection.java:askForVotes(181)) - 94ffd37a-7fba-4e2b-aec6-167a5be5db83:group-2072FC044273:LeaderElection18: begin an election at term 1 for -1: [94ffd37a-7fba-4e2b-aec6-167a5be5db83:192.168.5.132:38290], old=null
2019-09-19 14:44:11,418 [94ffd37a-7fba-4e2b-aec6-167a5be5db83-SegmentedRaftLogWorker:Storage Directory /workdir/hadoop-ozone/tools/target/test-dir/MiniOzoneClusterImpl-c4d6e72d-f941-4a97-88b8-a79e0d5dc19a/datanode-0/data/ratis/66267939-7395-46ce-a7c9-c9372e322541] INFO  segmented.SegmentedRaftLogWorker (SegmentedRaftLogWorker.java:execute(569)) - 94ffd37a-7fba-4e2b-aec6-167a5be5db83-SegmentedRaftLogWorker:Storage Directory /workdir/hadoop-ozone/tools/target/test-dir/MiniOzoneClusterImpl-c4d6e72d-f941-4a97-88b8-a79e0d5dc19a/datanode-0/data/ratis/66267939-7395-46ce-a7c9-c9372e322541: created new log segment /workdir/hadoop-ozone/tools/target/test-dir/MiniOzoneClusterImpl-c4d6e72d-f941-4a97-88b8-a79e0d5dc19a/datanode-0/data/ratis/66267939-7395-46ce-a7c9-c9372e322541/current/log_inprogress_0
2019-09-19 14:44:11,418 [94ffd37a-7fba-4e2b-aec6-167a5be5db83:group-2072FC044273:LeaderElection18] INFO  impl.RoleInfo (RoleInfo.java:shutdownLeaderElection(134)) - 94ffd37a-7fba-4e2b-aec6-167a5be5db83: shutdown LeaderElection
2019-09-19 14:44:11,419 [94ffd37a-7fba-4e2b-aec6-167a5be5db83:group-2072FC044273:LeaderElection18] INFO  impl.RaftServerImpl (RaftServerImpl.java:setRole(171)) - 94ffd37a-7fba-4e2b-aec6-167a5be5db83:group-2072FC044273 changes role from CANDIDATE to LEADER at term 1 for changeToLeader
2019-09-19 14:44:11,419 [94ffd37a-7fba-4e2b-aec6-167a5be5db83:group-2072FC044273:LeaderElection18] INFO  impl.RaftServerImpl (ServerState.java:setLeader(263)) - 94ffd37a-7fba-4e2b-aec6-167a5be5db83:group-2072FC044273 change Leader from null to 94ffd37a-7fba-4e2b-aec6-167a5be5db83 at term 1 for becomeLeader, leader elected after 5144ms
2019-09-19 14:44:11,419 [94ffd37a-7fba-4e2b-aec6-167a5be5db83:group-2072FC044273:LeaderElection18] INFO  server.RaftServerConfigKeys (ConfUtils.java:logGet(43)) - raft.server.staging.catchup.gap = 1000 (default)
2019-09-19 14:44:11,419 [94ffd37a-7fba-4e2b-aec6-167a5be5db83:group-2072FC044273:LeaderElection18] INFO  server.RaftServerConfigKeys (ConfUtils.java:logGet(43)) - raft.server.rpc.sleep.time = 25ms (default)
2019-09-19 14:44:11,419 [94ffd37a-7fba-4e2b-aec6-167a5be5db83:group-2072FC044273:LeaderElection18] INFO  server.RaftServerConfigKeys (ConfUtils.java:logGet(43)) - raft.server.write.element-limit = 4096 (default)
2019-09-19 14:44:11,420 [94ffd37a-7fba-4e2b-aec6-167a5be5db83:group-2072FC044273:LeaderElection18] INFO  server.RaftServerConfigKeys (ConfUtils.java:logGet(43)) - raft.server.watch.timeout = 10s (default)
2019-09-19 14:44:11,420 [94ffd37a-7fba-4e2b-aec6-167a5be5db83:group-2072FC044273:LeaderElection18] INFO  server.RaftServerConfigKeys (ConfUtils.java:logGet(43)) - raft.server.watch.timeout.denomination = 1s (default)
2019-09-19 14:44:11,420 [94ffd37a-7fba-4e2b-aec6-167a5be5db83:group-2072FC044273:LeaderElection18] INFO  server.RaftServerConfigKeys (ConfUtils.java:logGet(43)) - raft.server.watch.element-limit = 65536 (default)
2019-09-19 14:44:11,420 [94ffd37a-7fba-4e2b-aec6-167a5be5db83:group-2072FC044273:LeaderElection18] INFO  impl.RoleInfo (RoleInfo.java:updateAndGet(143)) - 94ffd37a-7fba-4e2b-aec6-167a5be5db83: start LeaderState
2019-09-19 14:44:11,421 [94ffd37a-7fba-4e2b-aec6-167a5be5db83:group-2072FC044273:LeaderElection18] INFO  segmented.SegmentedRaftLogWorker (SegmentedRaftLogWorker.java:startLogSegment(380)) - 94ffd37a-7fba-4e2b-aec6-167a5be5db83-SegmentedRaftLogWorker:Storage Directory /workdir/hadoop-ozone/tools/target/test-dir/MiniOzoneClusterImpl-c4d6e72d-f941-4a97-88b8-a79e0d5dc19a/datanode-0/data/ratis/e437fe08-e235-44f5-88b6-2072fc044273: Starting segment from index:0
2019-09-19 14:44:11,421 [94ffd37a-7fba-4e2b-aec6-167a5be5db83:group-2072FC044273:LeaderElection18] INFO  impl.RaftServerImpl (ServerState.java:setRaftConf(361)) - 94ffd37a-7fba-4e2b-aec6-167a5be5db83:group-2072FC044273 set configuration 0: [94ffd37a-7fba-4e2b-aec6-167a5be5db83:192.168.5.132:38290], old=null at 0
2019-09-19 14:44:11,435 [a4e26ddf-7cab-415d-8560-150ea8262212:group-DD3A4AF41B0C:LeaderElection19] INFO  impl.LeaderElection (LeaderElection.java:askForVotes(181)) - a4e26ddf-7cab-415d-8560-150ea8262212:group-DD3A4AF41B0C:LeaderElection19: begin an election at term 1 for -1: [a4e26ddf-7cab-415d-8560-150ea8262212:192.168.5.132:41799], old=null
2019-09-19 14:44:11,435 [a4e26ddf-7cab-415d-8560-150ea8262212:group-DD3A4AF41B0C:LeaderElection19] INFO  impl.RoleInfo (RoleInfo.java:shutdownLeaderElection(134)) - a4e26ddf-7cab-415d-8560-150ea8262212: shutdown LeaderElection
2019-09-19 14:44:11,436 [a4e26ddf-7cab-415d-8560-150ea8262212:group-DD3A4AF41B0C:LeaderElection19] INFO  impl.RaftServerImpl (RaftServerImpl.java:setRole(171)) - a4e26ddf-7cab-415d-8560-150ea8262212:group-DD3A4AF41B0C changes role from CANDIDATE to LEADER at term 1 for changeToLeader
2019-09-19 14:44:11,436 [a4e26ddf-7cab-415d-8560-150ea8262212:group-DD3A4AF41B0C:LeaderElection19] INFO  impl.RaftServerImpl (ServerState.java:setLeader(263)) - a4e26ddf-7cab-415d-8560-150ea8262212:group-DD3A4AF41B0C change Leader from null to a4e26ddf-7cab-415d-8560-150ea8262212 at term 1 for becomeLeader, leader elected after 5076ms
2019-09-19 14:44:11,436 [a4e26ddf-7cab-415d-8560-150ea8262212:group-DD3A4AF41B0C:LeaderElection19] INFO  server.RaftServerConfigKeys (ConfUtils.java:logGet(43)) - raft.server.staging.catchup.gap = 1000 (default)
2019-09-19 14:44:11,436 [a4e26ddf-7cab-415d-8560-150ea8262212:group-DD3A4AF41B0C:LeaderElection19] INFO  server.RaftServerConfigKeys (ConfUtils.java:logGet(43)) - raft.server.rpc.sleep.time = 25ms (default)
2019-09-19 14:44:11,436 [a4e26ddf-7cab-415d-8560-150ea8262212:group-DD3A4AF41B0C:LeaderElection19] INFO  server.RaftServerConfigKeys (ConfUtils.java:logGet(43)) - raft.server.write.element-limit = 4096 (default)
2019-09-19 14:44:11,436 [a4e26ddf-7cab-415d-8560-150ea8262212:group-DD3A4AF41B0C:LeaderElection19] INFO  server.RaftServerConfigKeys (ConfUtils.java:logGet(43)) - raft.server.watch.timeout = 10s (default)
2019-09-19 14:44:11,437 [a4e26ddf-7cab-415d-8560-150ea8262212:group-DD3A4AF41B0C:LeaderElection19] INFO  server.RaftServerConfigKeys (ConfUtils.java:logGet(43)) - raft.server.watch.timeout.denomination = 1s (default)
2019-09-19 14:44:11,437 [a4e26ddf-7cab-415d-8560-150ea8262212:group-DD3A4AF41B0C:LeaderElection19] INFO  server.RaftServerConfigKeys (ConfUtils.java:logGet(43)) - raft.server.watch.element-limit = 65536 (default)
2019-09-19 14:44:11,437 [a4e26ddf-7cab-415d-8560-150ea8262212:group-DD3A4AF41B0C:LeaderElection19] INFO  impl.RoleInfo (RoleInfo.java:updateAndGet(143)) - a4e26ddf-7cab-415d-8560-150ea8262212: start LeaderState
2019-09-19 14:44:11,437 [a4e26ddf-7cab-415d-8560-150ea8262212:group-DD3A4AF41B0C:LeaderElection19] INFO  segmented.SegmentedRaftLogWorker (SegmentedRaftLogWorker.java:startLogSegment(380)) - a4e26ddf-7cab-415d-8560-150ea8262212-SegmentedRaftLogWorker:Storage Directory /workdir/hadoop-ozone/tools/target/test-dir/MiniOzoneClusterImpl-c4d6e72d-f941-4a97-88b8-a79e0d5dc19a/datanode-1/data/ratis/80b7a7bf-5330-4b33-8bff-dd3a4af41b0c: Starting segment from index:0
2019-09-19 14:44:11,438 [a4e26ddf-7cab-415d-8560-150ea8262212:group-DD3A4AF41B0C:LeaderElection19] INFO  impl.RaftServerImpl (ServerState.java:setRaftConf(361)) - a4e26ddf-7cab-415d-8560-150ea8262212:group-DD3A4AF41B0C set configuration 0: [a4e26ddf-7cab-415d-8560-150ea8262212:192.168.5.132:41799], old=null at 0
2019-09-19 14:44:11,502 [94ffd37a-7fba-4e2b-aec6-167a5be5db83-SegmentedRaftLogWorker:Storage Directory /workdir/hadoop-ozone/tools/target/test-dir/MiniOzoneClusterImpl-c4d6e72d-f941-4a97-88b8-a79e0d5dc19a/datanode-0/data/ratis/e437fe08-e235-44f5-88b6-2072fc044273] INFO  segmented.SegmentedRaftLogWorker (SegmentedRaftLogWorker.java:execute(569)) - 94ffd37a-7fba-4e2b-aec6-167a5be5db83-SegmentedRaftLogWorker:Storage Directory /workdir/hadoop-ozone/tools/target/test-dir/MiniOzoneClusterImpl-c4d6e72d-f941-4a97-88b8-a79e0d5dc19a/datanode-0/data/ratis/e437fe08-e235-44f5-88b6-2072fc044273: created new log segment /workdir/hadoop-ozone/tools/target/test-dir/MiniOzoneClusterImpl-c4d6e72d-f941-4a97-88b8-a79e0d5dc19a/datanode-0/data/ratis/e437fe08-e235-44f5-88b6-2072fc044273/current/log_inprogress_0
2019-09-19 14:44:11,502 [a4e26ddf-7cab-415d-8560-150ea8262212-SegmentedRaftLogWorker:Storage Directory /workdir/hadoop-ozone/tools/target/test-dir/MiniOzoneClusterImpl-c4d6e72d-f941-4a97-88b8-a79e0d5dc19a/datanode-1/data/ratis/80b7a7bf-5330-4b33-8bff-dd3a4af41b0c] INFO  segmented.SegmentedRaftLogWorker (SegmentedRaftLogWorker.java:execute(569)) - a4e26ddf-7cab-415d-8560-150ea8262212-SegmentedRaftLogWorker:Storage Directory /workdir/hadoop-ozone/tools/target/test-dir/MiniOzoneClusterImpl-c4d6e72d-f941-4a97-88b8-a79e0d5dc19a/datanode-1/data/ratis/80b7a7bf-5330-4b33-8bff-dd3a4af41b0c: created new log segment /workdir/hadoop-ozone/tools/target/test-dir/MiniOzoneClusterImpl-c4d6e72d-f941-4a97-88b8-a79e0d5dc19a/datanode-1/data/ratis/80b7a7bf-5330-4b33-8bff-dd3a4af41b0c/current/log_inprogress_0
2019-09-19 14:44:11,571 [Thread-273] INFO  impl.FollowerState (FollowerState.java:run(106)) - 550ad0a3-b6ae-44bc-a70a-b51f5a4003f3:group-D2C2109C9C4E changes to CANDIDATE, lastRpcTime:5123, electionTimeout:5123ms
2019-09-19 14:44:11,571 [Thread-273] INFO  impl.RoleInfo (RoleInfo.java:shutdownFollowerState(121)) - 550ad0a3-b6ae-44bc-a70a-b51f5a4003f3: shutdown FollowerState
2019-09-19 14:44:11,571 [Thread-273] INFO  impl.RaftServerImpl (RaftServerImpl.java:setRole(171)) - 550ad0a3-b6ae-44bc-a70a-b51f5a4003f3:group-D2C2109C9C4E changes role from FOLLOWER to CANDIDATE at term 0 for changeToCandidate
2019-09-19 14:44:11,571 [Thread-273] INFO  impl.RoleInfo (RoleInfo.java:updateAndGet(143)) - 550ad0a3-b6ae-44bc-a70a-b51f5a4003f3: start LeaderElection
2019-09-19 14:44:11,611 [550ad0a3-b6ae-44bc-a70a-b51f5a4003f3:group-D2C2109C9C4E:LeaderElection20] INFO  impl.LeaderElection (LeaderElection.java:askForVotes(181)) - 550ad0a3-b6ae-44bc-a70a-b51f5a4003f3:group-D2C2109C9C4E:LeaderElection20: begin an election at term 1 for -1: [550ad0a3-b6ae-44bc-a70a-b51f5a4003f3:192.168.5.132:46067], old=null
2019-09-19 14:44:11,611 [550ad0a3-b6ae-44bc-a70a-b51f5a4003f3:group-D2C2109C9C4E:LeaderElection20] INFO  impl.RoleInfo (RoleInfo.java:shutdownLeaderElection(134)) - 550ad0a3-b6ae-44bc-a70a-b51f5a4003f3: shutdown LeaderElection
2019-09-19 14:44:11,612 [550ad0a3-b6ae-44bc-a70a-b51f5a4003f3:group-D2C2109C9C4E:LeaderElection20] INFO  impl.RaftServerImpl (RaftServerImpl.java:setRole(171)) - 550ad0a3-b6ae-44bc-a70a-b51f5a4003f3:group-D2C2109C9C4E changes role from CANDIDATE to LEADER at term 1 for changeToLeader
2019-09-19 14:44:11,612 [550ad0a3-b6ae-44bc-a70a-b51f5a4003f3:group-D2C2109C9C4E:LeaderElection20] INFO  impl.RaftServerImpl (ServerState.java:setLeader(263)) - 550ad0a3-b6ae-44bc-a70a-b51f5a4003f3:group-D2C2109C9C4E change Leader from null to 550ad0a3-b6ae-44bc-a70a-b51f5a4003f3 at term 1 for becomeLeader, leader elected after 5168ms
2019-09-19 14:44:11,612 [550ad0a3-b6ae-44bc-a70a-b51f5a4003f3:group-D2C2109C9C4E:LeaderElection20] INFO  server.RaftServerConfigKeys (ConfUtils.java:logGet(43)) - raft.server.staging.catchup.gap = 1000 (default)
2019-09-19 14:44:11,612 [550ad0a3-b6ae-44bc-a70a-b51f5a4003f3:group-D2C2109C9C4E:LeaderElection20] INFO  server.RaftServerConfigKeys (ConfUtils.java:logGet(43)) - raft.server.rpc.sleep.time = 25ms (default)
2019-09-19 14:44:11,612 [550ad0a3-b6ae-44bc-a70a-b51f5a4003f3:group-D2C2109C9C4E:LeaderElection20] INFO  server.RaftServerConfigKeys (ConfUtils.java:logGet(43)) - raft.server.write.element-limit = 4096 (default)
2019-09-19 14:44:11,612 [550ad0a3-b6ae-44bc-a70a-b51f5a4003f3:group-D2C2109C9C4E:LeaderElection20] INFO  server.RaftServerConfigKeys (ConfUtils.java:logGet(43)) - raft.server.watch.timeout = 10s (default)
2019-09-19 14:44:11,613 [550ad0a3-b6ae-44bc-a70a-b51f5a4003f3:group-D2C2109C9C4E:LeaderElection20] INFO  server.RaftServerConfigKeys (ConfUtils.java:logGet(43)) - raft.server.watch.timeout.denomination = 1s (default)
2019-09-19 14:44:11,613 [550ad0a3-b6ae-44bc-a70a-b51f5a4003f3:group-D2C2109C9C4E:LeaderElection20] INFO  server.RaftServerConfigKeys (ConfUtils.java:logGet(43)) - raft.server.watch.element-limit = 65536 (default)
2019-09-19 14:44:11,613 [550ad0a3-b6ae-44bc-a70a-b51f5a4003f3:group-D2C2109C9C4E:LeaderElection20] INFO  impl.RoleInfo (RoleInfo.java:updateAndGet(143)) - 550ad0a3-b6ae-44bc-a70a-b51f5a4003f3: start LeaderState
2019-09-19 14:44:11,613 [550ad0a3-b6ae-44bc-a70a-b51f5a4003f3:group-D2C2109C9C4E:LeaderElection20] INFO  segmented.SegmentedRaftLogWorker (SegmentedRaftLogWorker.java:startLogSegment(380)) - 550ad0a3-b6ae-44bc-a70a-b51f5a4003f3-SegmentedRaftLogWorker:Storage Directory /workdir/hadoop-ozone/tools/target/test-dir/MiniOzoneClusterImpl-c4d6e72d-f941-4a97-88b8-a79e0d5dc19a/datanode-2/data/ratis/364d42ec-adb7-440d-94d9-d2c2109c9c4e: Starting segment from index:0
2019-09-19 14:44:11,614 [550ad0a3-b6ae-44bc-a70a-b51f5a4003f3:group-D2C2109C9C4E:LeaderElection20] INFO  impl.RaftServerImpl (ServerState.java:setRaftConf(361)) - 550ad0a3-b6ae-44bc-a70a-b51f5a4003f3:group-D2C2109C9C4E set configuration 0: [550ad0a3-b6ae-44bc-a70a-b51f5a4003f3:192.168.5.132:46067], old=null at 0
2019-09-19 14:44:11,655 | INFO  | SCMAudit | user=jenkins1000 | ip=192.168.5.132 | op=SEND_HEARTBEAT {datanodeUUID=a4e26ddf-7cab-415d-8560-150ea8262212, command=[]} | ret=SUCCESS |  
2019-09-19 14:44:11,670 [550ad0a3-b6ae-44bc-a70a-b51f5a4003f3-SegmentedRaftLogWorker:Storage Directory /workdir/hadoop-ozone/tools/target/test-dir/MiniOzoneClusterImpl-c4d6e72d-f941-4a97-88b8-a79e0d5dc19a/datanode-2/data/ratis/364d42ec-adb7-440d-94d9-d2c2109c9c4e] INFO  segmented.SegmentedRaftLogWorker (SegmentedRaftLogWorker.java:execute(569)) - 550ad0a3-b6ae-44bc-a70a-b51f5a4003f3-SegmentedRaftLogWorker:Storage Directory /workdir/hadoop-ozone/tools/target/test-dir/MiniOzoneClusterImpl-c4d6e72d-f941-4a97-88b8-a79e0d5dc19a/datanode-2/data/ratis/364d42ec-adb7-440d-94d9-d2c2109c9c4e: created new log segment /workdir/hadoop-ozone/tools/target/test-dir/MiniOzoneClusterImpl-c4d6e72d-f941-4a97-88b8-a79e0d5dc19a/datanode-2/data/ratis/364d42ec-adb7-440d-94d9-d2c2109c9c4e/current/log_inprogress_0
2019-09-19 14:44:11,672 [Thread-276] INFO  impl.FollowerState (FollowerState.java:run(106)) - a4e26ddf-7cab-415d-8560-150ea8262212:group-F9BE31A2F2AE changes to CANDIDATE, lastRpcTime:5131, electionTimeout:5131ms
2019-09-19 14:44:11,672 [Thread-276] INFO  impl.RoleInfo (RoleInfo.java:shutdownFollowerState(121)) - a4e26ddf-7cab-415d-8560-150ea8262212: shutdown FollowerState
2019-09-19 14:44:11,672 [Thread-276] INFO  impl.RaftServerImpl (RaftServerImpl.java:setRole(171)) - a4e26ddf-7cab-415d-8560-150ea8262212:group-F9BE31A2F2AE changes role from FOLLOWER to CANDIDATE at term 0 for changeToCandidate
2019-09-19 14:44:11,672 [Thread-276] INFO  impl.RoleInfo (RoleInfo.java:updateAndGet(143)) - a4e26ddf-7cab-415d-8560-150ea8262212: start LeaderElection
2019-09-19 14:44:11,695 [a4e26ddf-7cab-415d-8560-150ea8262212:group-F9BE31A2F2AE:LeaderElection21] INFO  impl.LeaderElection (LeaderElection.java:askForVotes(181)) - a4e26ddf-7cab-415d-8560-150ea8262212:group-F9BE31A2F2AE:LeaderElection21: begin an election at term 1 for -1: [a4e26ddf-7cab-415d-8560-150ea8262212:192.168.5.132:41799], old=null
2019-09-19 14:44:11,695 [a4e26ddf-7cab-415d-8560-150ea8262212:group-F9BE31A2F2AE:LeaderElection21] INFO  impl.RoleInfo (RoleInfo.java:shutdownLeaderElection(134)) - a4e26ddf-7cab-415d-8560-150ea8262212: shutdown LeaderElection
2019-09-19 14:44:11,695 [a4e26ddf-7cab-415d-8560-150ea8262212:group-F9BE31A2F2AE:LeaderElection21] INFO  impl.RaftServerImpl (RaftServerImpl.java:setRole(171)) - a4e26ddf-7cab-415d-8560-150ea8262212:group-F9BE31A2F2AE changes role from CANDIDATE to LEADER at term 1 for changeToLeader
2019-09-19 14:44:11,695 [a4e26ddf-7cab-415d-8560-150ea8262212:group-F9BE31A2F2AE:LeaderElection21] INFO  impl.RaftServerImpl (ServerState.java:setLeader(263)) - a4e26ddf-7cab-415d-8560-150ea8262212:group-F9BE31A2F2AE change Leader from null to a4e26ddf-7cab-415d-8560-150ea8262212 at term 1 for becomeLeader, leader elected after 5158ms
2019-09-19 14:44:11,696 [a4e26ddf-7cab-415d-8560-150ea8262212:group-F9BE31A2F2AE:LeaderElection21] INFO  server.RaftServerConfigKeys (ConfUtils.java:logGet(43)) - raft.server.staging.catchup.gap = 1000 (default)
2019-09-19 14:44:11,696 [a4e26ddf-7cab-415d-8560-150ea8262212:group-F9BE31A2F2AE:LeaderElection21] INFO  server.RaftServerConfigKeys (ConfUtils.java:logGet(43)) - raft.server.rpc.sleep.time = 25ms (default)
2019-09-19 14:44:11,696 [a4e26ddf-7cab-415d-8560-150ea8262212:group-F9BE31A2F2AE:LeaderElection21] INFO  server.RaftServerConfigKeys (ConfUtils.java:logGet(43)) - raft.server.write.element-limit = 4096 (default)
2019-09-19 14:44:11,696 [a4e26ddf-7cab-415d-8560-150ea8262212:group-F9BE31A2F2AE:LeaderElection21] INFO  server.RaftServerConfigKeys (ConfUtils.java:logGet(43)) - raft.server.watch.timeout = 10s (default)
2019-09-19 14:44:11,696 [a4e26ddf-7cab-415d-8560-150ea8262212:group-F9BE31A2F2AE:LeaderElection21] INFO  server.RaftServerConfigKeys (ConfUtils.java:logGet(43)) - raft.server.watch.timeout.denomination = 1s (default)
2019-09-19 14:44:11,696 [a4e26ddf-7cab-415d-8560-150ea8262212:group-F9BE31A2F2AE:LeaderElection21] INFO  server.RaftServerConfigKeys (ConfUtils.java:logGet(43)) - raft.server.watch.element-limit = 65536 (default)
2019-09-19 14:44:11,697 [a4e26ddf-7cab-415d-8560-150ea8262212:group-F9BE31A2F2AE:LeaderElection21] INFO  impl.RoleInfo (RoleInfo.java:updateAndGet(143)) - a4e26ddf-7cab-415d-8560-150ea8262212: start LeaderState
2019-09-19 14:44:11,697 [a4e26ddf-7cab-415d-8560-150ea8262212:group-F9BE31A2F2AE:LeaderElection21] INFO  segmented.SegmentedRaftLogWorker (SegmentedRaftLogWorker.java:startLogSegment(380)) - a4e26ddf-7cab-415d-8560-150ea8262212-SegmentedRaftLogWorker:Storage Directory /workdir/hadoop-ozone/tools/target/test-dir/MiniOzoneClusterImpl-c4d6e72d-f941-4a97-88b8-a79e0d5dc19a/datanode-1/data/ratis/ab744aac-0fa2-42d1-8aa3-f9be31a2f2ae: Starting segment from index:0
2019-09-19 14:44:11,697 [a4e26ddf-7cab-415d-8560-150ea8262212:group-F9BE31A2F2AE:LeaderElection21] INFO  impl.RaftServerImpl (ServerState.java:setRaftConf(361)) - a4e26ddf-7cab-415d-8560-150ea8262212:group-F9BE31A2F2AE set configuration 0: [a4e26ddf-7cab-415d-8560-150ea8262212:192.168.5.132:41799], old=null at 0
2019-09-19 14:44:11,754 [a4e26ddf-7cab-415d-8560-150ea8262212-SegmentedRaftLogWorker:Storage Directory /workdir/hadoop-ozone/tools/target/test-dir/MiniOzoneClusterImpl-c4d6e72d-f941-4a97-88b8-a79e0d5dc19a/datanode-1/data/ratis/ab744aac-0fa2-42d1-8aa3-f9be31a2f2ae] INFO  segmented.SegmentedRaftLogWorker (SegmentedRaftLogWorker.java:execute(569)) - a4e26ddf-7cab-415d-8560-150ea8262212-SegmentedRaftLogWorker:Storage Directory /workdir/hadoop-ozone/tools/target/test-dir/MiniOzoneClusterImpl-c4d6e72d-f941-4a97-88b8-a79e0d5dc19a/datanode-1/data/ratis/ab744aac-0fa2-42d1-8aa3-f9be31a2f2ae: created new log segment /workdir/hadoop-ozone/tools/target/test-dir/MiniOzoneClusterImpl-c4d6e72d-f941-4a97-88b8-a79e0d5dc19a/datanode-1/data/ratis/ab744aac-0fa2-42d1-8aa3-f9be31a2f2ae/current/log_inprogress_0
2019-09-19 14:44:11,784 [Thread-279] INFO  impl.FollowerState (FollowerState.java:run(106)) - a4e26ddf-7cab-415d-8560-150ea8262212:group-5587ECB725A7 changes to CANDIDATE, lastRpcTime:5167, electionTimeout:5167ms
2019-09-19 14:44:11,784 [Thread-279] INFO  impl.RoleInfo (RoleInfo.java:shutdownFollowerState(121)) - a4e26ddf-7cab-415d-8560-150ea8262212: shutdown FollowerState
2019-09-19 14:44:11,784 [Thread-279] INFO  impl.RaftServerImpl (RaftServerImpl.java:setRole(171)) - a4e26ddf-7cab-415d-8560-150ea8262212:group-5587ECB725A7 changes role from FOLLOWER to CANDIDATE at term 0 for changeToCandidate
2019-09-19 14:44:11,784 [Thread-279] INFO  impl.RoleInfo (RoleInfo.java:updateAndGet(143)) - a4e26ddf-7cab-415d-8560-150ea8262212: start LeaderElection
2019-09-19 14:44:11,812 [a4e26ddf-7cab-415d-8560-150ea8262212:group-5587ECB725A7:LeaderElection22] INFO  impl.LeaderElection (LeaderElection.java:askForVotes(181)) - a4e26ddf-7cab-415d-8560-150ea8262212:group-5587ECB725A7:LeaderElection22: begin an election at term 1 for -1: [a4e26ddf-7cab-415d-8560-150ea8262212:192.168.5.132:41799], old=null
2019-09-19 14:44:11,813 [a4e26ddf-7cab-415d-8560-150ea8262212:group-5587ECB725A7:LeaderElection22] INFO  impl.RoleInfo (RoleInfo.java:shutdownLeaderElection(134)) - a4e26ddf-7cab-415d-8560-150ea8262212: shutdown LeaderElection
2019-09-19 14:44:11,813 [a4e26ddf-7cab-415d-8560-150ea8262212:group-5587ECB725A7:LeaderElection22] INFO  impl.RaftServerImpl (RaftServerImpl.java:setRole(171)) - a4e26ddf-7cab-415d-8560-150ea8262212:group-5587ECB725A7 changes role from CANDIDATE to LEADER at term 1 for changeToLeader
2019-09-19 14:44:11,813 [a4e26ddf-7cab-415d-8560-150ea8262212:group-5587ECB725A7:LeaderElection22] INFO  impl.RaftServerImpl (ServerState.java:setLeader(263)) - a4e26ddf-7cab-415d-8560-150ea8262212:group-5587ECB725A7 change Leader from null to a4e26ddf-7cab-415d-8560-150ea8262212 at term 1 for becomeLeader, leader elected after 5200ms
2019-09-19 14:44:11,813 [a4e26ddf-7cab-415d-8560-150ea8262212:group-5587ECB725A7:LeaderElection22] INFO  server.RaftServerConfigKeys (ConfUtils.java:logGet(43)) - raft.server.staging.catchup.gap = 1000 (default)
2019-09-19 14:44:11,813 [a4e26ddf-7cab-415d-8560-150ea8262212:group-5587ECB725A7:LeaderElection22] INFO  server.RaftServerConfigKeys (ConfUtils.java:logGet(43)) - raft.server.rpc.sleep.time = 25ms (default)
2019-09-19 14:44:11,813 [a4e26ddf-7cab-415d-8560-150ea8262212:group-5587ECB725A7:LeaderElection22] INFO  server.RaftServerConfigKeys (ConfUtils.java:logGet(43)) - raft.server.write.element-limit = 4096 (default)
2019-09-19 14:44:11,813 [a4e26ddf-7cab-415d-8560-150ea8262212:group-5587ECB725A7:LeaderElection22] INFO  server.RaftServerConfigKeys (ConfUtils.java:logGet(43)) - raft.server.watch.timeout = 10s (default)
2019-09-19 14:44:11,814 [a4e26ddf-7cab-415d-8560-150ea8262212:group-5587ECB725A7:LeaderElection22] INFO  server.RaftServerConfigKeys (ConfUtils.java:logGet(43)) - raft.server.watch.timeout.denomination = 1s (default)
2019-09-19 14:44:11,814 [a4e26ddf-7cab-415d-8560-150ea8262212:group-5587ECB725A7:LeaderElection22] INFO  server.RaftServerConfigKeys (ConfUtils.java:logGet(43)) - raft.server.watch.element-limit = 65536 (default)
2019-09-19 14:44:11,814 [a4e26ddf-7cab-415d-8560-150ea8262212:group-5587ECB725A7:LeaderElection22] INFO  impl.RoleInfo (RoleInfo.java:updateAndGet(143)) - a4e26ddf-7cab-415d-8560-150ea8262212: start LeaderState
2019-09-19 14:44:11,814 [a4e26ddf-7cab-415d-8560-150ea8262212:group-5587ECB725A7:LeaderElection22] INFO  segmented.SegmentedRaftLogWorker (SegmentedRaftLogWorker.java:startLogSegment(380)) - a4e26ddf-7cab-415d-8560-150ea8262212-SegmentedRaftLogWorker:Storage Directory /workdir/hadoop-ozone/tools/target/test-dir/MiniOzoneClusterImpl-c4d6e72d-f941-4a97-88b8-a79e0d5dc19a/datanode-1/data/ratis/ba362a60-094d-49c4-aa4f-5587ecb725a7: Starting segment from index:0
2019-09-19 14:44:11,814 [Thread-285] INFO  impl.FollowerState (FollowerState.java:run(106)) - 550ad0a3-b6ae-44bc-a70a-b51f5a4003f3:group-E782C0D9BB7A changes to CANDIDATE, lastRpcTime:5019, electionTimeout:5019ms
2019-09-19 14:44:11,814 [Thread-285] INFO  impl.RoleInfo (RoleInfo.java:shutdownFollowerState(121)) - 550ad0a3-b6ae-44bc-a70a-b51f5a4003f3: shutdown FollowerState
2019-09-19 14:44:11,815 [Thread-285] INFO  impl.RaftServerImpl (RaftServerImpl.java:setRole(171)) - 550ad0a3-b6ae-44bc-a70a-b51f5a4003f3:group-E782C0D9BB7A changes role from FOLLOWER to CANDIDATE at term 0 for changeToCandidate
2019-09-19 14:44:11,815 [a4e26ddf-7cab-415d-8560-150ea8262212:group-5587ECB725A7:LeaderElection22] INFO  impl.RaftServerImpl (ServerState.java:setRaftConf(361)) - a4e26ddf-7cab-415d-8560-150ea8262212:group-5587ECB725A7 set configuration 0: [a4e26ddf-7cab-415d-8560-150ea8262212:192.168.5.132:41799], old=null at 0
2019-09-19 14:44:11,815 [Thread-285] INFO  impl.RoleInfo (RoleInfo.java:updateAndGet(143)) - 550ad0a3-b6ae-44bc-a70a-b51f5a4003f3: start LeaderElection
2019-09-19 14:44:11,852 [Thread-282] INFO  impl.FollowerState (FollowerState.java:run(106)) - a4e26ddf-7cab-415d-8560-150ea8262212:group-9423B9A297F4 changes to CANDIDATE, lastRpcTime:5134, electionTimeout:5101ms
2019-09-19 14:44:11,852 [Thread-282] INFO  impl.RoleInfo (RoleInfo.java:shutdownFollowerState(121)) - a4e26ddf-7cab-415d-8560-150ea8262212: shutdown FollowerState
2019-09-19 14:44:11,852 [Thread-282] INFO  impl.RaftServerImpl (RaftServerImpl.java:setRole(171)) - a4e26ddf-7cab-415d-8560-150ea8262212:group-9423B9A297F4 changes role from FOLLOWER to CANDIDATE at term 0 for changeToCandidate
2019-09-19 14:44:11,854 [Thread-282] INFO  impl.RoleInfo (RoleInfo.java:updateAndGet(143)) - a4e26ddf-7cab-415d-8560-150ea8262212: start LeaderElection
2019-09-19 14:44:11,879 [a4e26ddf-7cab-415d-8560-150ea8262212-SegmentedRaftLogWorker:Storage Directory /workdir/hadoop-ozone/tools/target/test-dir/MiniOzoneClusterImpl-c4d6e72d-f941-4a97-88b8-a79e0d5dc19a/datanode-1/data/ratis/ba362a60-094d-49c4-aa4f-5587ecb725a7] INFO  segmented.SegmentedRaftLogWorker (SegmentedRaftLogWorker.java:execute(569)) - a4e26ddf-7cab-415d-8560-150ea8262212-SegmentedRaftLogWorker:Storage Directory /workdir/hadoop-ozone/tools/target/test-dir/MiniOzoneClusterImpl-c4d6e72d-f941-4a97-88b8-a79e0d5dc19a/datanode-1/data/ratis/ba362a60-094d-49c4-aa4f-5587ecb725a7: created new log segment /workdir/hadoop-ozone/tools/target/test-dir/MiniOzoneClusterImpl-c4d6e72d-f941-4a97-88b8-a79e0d5dc19a/datanode-1/data/ratis/ba362a60-094d-49c4-aa4f-5587ecb725a7/current/log_inprogress_0
2019-09-19 14:44:11,880 [a4e26ddf-7cab-415d-8560-150ea8262212:group-9423B9A297F4:LeaderElection24] INFO  impl.LeaderElection (LeaderElection.java:askForVotes(181)) - a4e26ddf-7cab-415d-8560-150ea8262212:group-9423B9A297F4:LeaderElection24: begin an election at term 1 for -1: [a4e26ddf-7cab-415d-8560-150ea8262212:192.168.5.132:41799], old=null
2019-09-19 14:44:11,880 [550ad0a3-b6ae-44bc-a70a-b51f5a4003f3:group-E782C0D9BB7A:LeaderElection23] INFO  impl.LeaderElection (LeaderElection.java:askForVotes(181)) - 550ad0a3-b6ae-44bc-a70a-b51f5a4003f3:group-E782C0D9BB7A:LeaderElection23: begin an election at term 1 for -1: [550ad0a3-b6ae-44bc-a70a-b51f5a4003f3:192.168.5.132:46067], old=null
2019-09-19 14:44:11,880 [a4e26ddf-7cab-415d-8560-150ea8262212:group-9423B9A297F4:LeaderElection24] INFO  impl.RoleInfo (RoleInfo.java:shutdownLeaderElection(134)) - a4e26ddf-7cab-415d-8560-150ea8262212: shutdown LeaderElection
2019-09-19 14:44:11,880 [550ad0a3-b6ae-44bc-a70a-b51f5a4003f3:group-E782C0D9BB7A:LeaderElection23] INFO  impl.RoleInfo (RoleInfo.java:shutdownLeaderElection(134)) - 550ad0a3-b6ae-44bc-a70a-b51f5a4003f3: shutdown LeaderElection
2019-09-19 14:44:11,880 [a4e26ddf-7cab-415d-8560-150ea8262212:group-9423B9A297F4:LeaderElection24] INFO  impl.RaftServerImpl (RaftServerImpl.java:setRole(171)) - a4e26ddf-7cab-415d-8560-150ea8262212:group-9423B9A297F4 changes role from CANDIDATE to LEADER at term 1 for changeToLeader
2019-09-19 14:44:11,880 [550ad0a3-b6ae-44bc-a70a-b51f5a4003f3:group-E782C0D9BB7A:LeaderElection23] INFO  impl.RaftServerImpl (RaftServerImpl.java:setRole(171)) - 550ad0a3-b6ae-44bc-a70a-b51f5a4003f3:group-E782C0D9BB7A changes role from CANDIDATE to LEADER at term 1 for changeToLeader
2019-09-19 14:44:11,880 [a4e26ddf-7cab-415d-8560-150ea8262212:group-9423B9A297F4:LeaderElection24] INFO  impl.RaftServerImpl (ServerState.java:setLeader(263)) - a4e26ddf-7cab-415d-8560-150ea8262212:group-9423B9A297F4 change Leader from null to a4e26ddf-7cab-415d-8560-150ea8262212 at term 1 for becomeLeader, leader elected after 5166ms
2019-09-19 14:44:11,881 [550ad0a3-b6ae-44bc-a70a-b51f5a4003f3:group-E782C0D9BB7A:LeaderElection23] INFO  impl.RaftServerImpl (ServerState.java:setLeader(263)) - 550ad0a3-b6ae-44bc-a70a-b51f5a4003f3:group-E782C0D9BB7A change Leader from null to 550ad0a3-b6ae-44bc-a70a-b51f5a4003f3 at term 1 for becomeLeader, leader elected after 5090ms
2019-09-19 14:44:11,881 [a4e26ddf-7cab-415d-8560-150ea8262212:group-9423B9A297F4:LeaderElection24] INFO  server.RaftServerConfigKeys (ConfUtils.java:logGet(43)) - raft.server.staging.catchup.gap = 1000 (default)
2019-09-19 14:44:11,881 [550ad0a3-b6ae-44bc-a70a-b51f5a4003f3:group-E782C0D9BB7A:LeaderElection23] INFO  server.RaftServerConfigKeys (ConfUtils.java:logGet(43)) - raft.server.staging.catchup.gap = 1000 (default)
2019-09-19 14:44:11,881 [a4e26ddf-7cab-415d-8560-150ea8262212:group-9423B9A297F4:LeaderElection24] INFO  server.RaftServerConfigKeys (ConfUtils.java:logGet(43)) - raft.server.rpc.sleep.time = 25ms (default)
2019-09-19 14:44:11,881 [550ad0a3-b6ae-44bc-a70a-b51f5a4003f3:group-E782C0D9BB7A:LeaderElection23] INFO  server.RaftServerConfigKeys (ConfUtils.java:logGet(43)) - raft.server.rpc.sleep.time = 25ms (default)
2019-09-19 14:44:11,881 [a4e26ddf-7cab-415d-8560-150ea8262212:group-9423B9A297F4:LeaderElection24] INFO  server.RaftServerConfigKeys (ConfUtils.java:logGet(43)) - raft.server.write.element-limit = 4096 (default)
2019-09-19 14:44:11,881 [550ad0a3-b6ae-44bc-a70a-b51f5a4003f3:group-E782C0D9BB7A:LeaderElection23] INFO  server.RaftServerConfigKeys (ConfUtils.java:logGet(43)) - raft.server.write.element-limit = 4096 (default)
2019-09-19 14:44:11,882 [a4e26ddf-7cab-415d-8560-150ea8262212:group-9423B9A297F4:LeaderElection24] INFO  server.RaftServerConfigKeys (ConfUtils.java:logGet(43)) - raft.server.watch.timeout = 10s (default)
2019-09-19 14:44:11,882 [550ad0a3-b6ae-44bc-a70a-b51f5a4003f3:group-E782C0D9BB7A:LeaderElection23] INFO  server.RaftServerConfigKeys (ConfUtils.java:logGet(43)) - raft.server.watch.timeout = 10s (default)
2019-09-19 14:44:11,882 [a4e26ddf-7cab-415d-8560-150ea8262212:group-9423B9A297F4:LeaderElection24] INFO  server.RaftServerConfigKeys (ConfUtils.java:logGet(43)) - raft.server.watch.timeout.denomination = 1s (default)
2019-09-19 14:44:11,882 [550ad0a3-b6ae-44bc-a70a-b51f5a4003f3:group-E782C0D9BB7A:LeaderElection23] INFO  server.RaftServerConfigKeys (ConfUtils.java:logGet(43)) - raft.server.watch.timeout.denomination = 1s (default)
2019-09-19 14:44:11,882 [a4e26ddf-7cab-415d-8560-150ea8262212:group-9423B9A297F4:LeaderElection24] INFO  server.RaftServerConfigKeys (ConfUtils.java:logGet(43)) - raft.server.watch.element-limit = 65536 (default)
2019-09-19 14:44:11,882 [550ad0a3-b6ae-44bc-a70a-b51f5a4003f3:group-E782C0D9BB7A:LeaderElection23] INFO  server.RaftServerConfigKeys (ConfUtils.java:logGet(43)) - raft.server.watch.element-limit = 65536 (default)
2019-09-19 14:44:11,883 [a4e26ddf-7cab-415d-8560-150ea8262212:group-9423B9A297F4:LeaderElection24] INFO  impl.RoleInfo (RoleInfo.java:updateAndGet(143)) - a4e26ddf-7cab-415d-8560-150ea8262212: start LeaderState
2019-09-19 14:44:11,883 [550ad0a3-b6ae-44bc-a70a-b51f5a4003f3:group-E782C0D9BB7A:LeaderElection23] INFO  impl.RoleInfo (RoleInfo.java:updateAndGet(143)) - 550ad0a3-b6ae-44bc-a70a-b51f5a4003f3: start LeaderState
2019-09-19 14:44:11,883 [a4e26ddf-7cab-415d-8560-150ea8262212:group-9423B9A297F4:LeaderElection24] INFO  segmented.SegmentedRaftLogWorker (SegmentedRaftLogWorker.java:startLogSegment(380)) - a4e26ddf-7cab-415d-8560-150ea8262212-SegmentedRaftLogWorker:Storage Directory /workdir/hadoop-ozone/tools/target/test-dir/MiniOzoneClusterImpl-c4d6e72d-f941-4a97-88b8-a79e0d5dc19a/datanode-1/data/ratis/a28beb96-5285-4c1f-9873-9423b9a297f4: Starting segment from index:0
2019-09-19 14:44:11,883 [550ad0a3-b6ae-44bc-a70a-b51f5a4003f3:group-E782C0D9BB7A:LeaderElection23] INFO  segmented.SegmentedRaftLogWorker (SegmentedRaftLogWorker.java:startLogSegment(380)) - 550ad0a3-b6ae-44bc-a70a-b51f5a4003f3-SegmentedRaftLogWorker:Storage Directory /workdir/hadoop-ozone/tools/target/test-dir/MiniOzoneClusterImpl-c4d6e72d-f941-4a97-88b8-a79e0d5dc19a/datanode-2/data/ratis/12a70a2b-1d71-4393-9142-e782c0d9bb7a: Starting segment from index:0
2019-09-19 14:44:11,883 [a4e26ddf-7cab-415d-8560-150ea8262212:group-9423B9A297F4:LeaderElection24] INFO  impl.RaftServerImpl (ServerState.java:setRaftConf(361)) - a4e26ddf-7cab-415d-8560-150ea8262212:group-9423B9A297F4 set configuration 0: [a4e26ddf-7cab-415d-8560-150ea8262212:192.168.5.132:41799], old=null at 0
2019-09-19 14:44:11,920 [550ad0a3-b6ae-44bc-a70a-b51f5a4003f3:group-E782C0D9BB7A:LeaderElection23] INFO  impl.RaftServerImpl (ServerState.java:setRaftConf(361)) - 550ad0a3-b6ae-44bc-a70a-b51f5a4003f3:group-E782C0D9BB7A set configuration 0: [550ad0a3-b6ae-44bc-a70a-b51f5a4003f3:192.168.5.132:46067], old=null at 0
2019-09-19 14:44:11,956 [a4e26ddf-7cab-415d-8560-150ea8262212-SegmentedRaftLogWorker:Storage Directory /workdir/hadoop-ozone/tools/target/test-dir/MiniOzoneClusterImpl-c4d6e72d-f941-4a97-88b8-a79e0d5dc19a/datanode-1/data/ratis/a28beb96-5285-4c1f-9873-9423b9a297f4] INFO  segmented.SegmentedRaftLogWorker (SegmentedRaftLogWorker.java:execute(569)) - a4e26ddf-7cab-415d-8560-150ea8262212-SegmentedRaftLogWorker:Storage Directory /workdir/hadoop-ozone/tools/target/test-dir/MiniOzoneClusterImpl-c4d6e72d-f941-4a97-88b8-a79e0d5dc19a/datanode-1/data/ratis/a28beb96-5285-4c1f-9873-9423b9a297f4: created new log segment /workdir/hadoop-ozone/tools/target/test-dir/MiniOzoneClusterImpl-c4d6e72d-f941-4a97-88b8-a79e0d5dc19a/datanode-1/data/ratis/a28beb96-5285-4c1f-9873-9423b9a297f4/current/log_inprogress_0
2019-09-19 14:44:11,957 | INFO  | SCMAudit | user=jenkins1000 | ip=192.168.5.132 | op=SEND_HEARTBEAT {datanodeUUID=550ad0a3-b6ae-44bc-a70a-b51f5a4003f3, command=[]} | ret=SUCCESS |  
2019-09-19 14:44:11,958 [Thread-288] INFO  impl.FollowerState (FollowerState.java:run(106)) - 5f94aeea-aba2-49fa-a1fa-8df10a3eed4d:group-8215F5CC08E1 changes to CANDIDATE, lastRpcTime:5079, electionTimeout:5079ms
2019-09-19 14:44:11,958 [Thread-288] INFO  impl.RoleInfo (RoleInfo.java:shutdownFollowerState(121)) - 5f94aeea-aba2-49fa-a1fa-8df10a3eed4d: shutdown FollowerState
2019-09-19 14:44:11,959 [Thread-288] INFO  impl.RaftServerImpl (RaftServerImpl.java:setRole(171)) - 5f94aeea-aba2-49fa-a1fa-8df10a3eed4d:group-8215F5CC08E1 changes role from FOLLOWER to CANDIDATE at term 0 for changeToCandidate
2019-09-19 14:44:11,959 [Thread-288] INFO  impl.RoleInfo (RoleInfo.java:updateAndGet(143)) - 5f94aeea-aba2-49fa-a1fa-8df10a3eed4d: start LeaderElection
2019-09-19 14:44:11,980 [550ad0a3-b6ae-44bc-a70a-b51f5a4003f3-SegmentedRaftLogWorker:Storage Directory /workdir/hadoop-ozone/tools/target/test-dir/MiniOzoneClusterImpl-c4d6e72d-f941-4a97-88b8-a79e0d5dc19a/datanode-2/data/ratis/12a70a2b-1d71-4393-9142-e782c0d9bb7a] INFO  segmented.SegmentedRaftLogWorker (SegmentedRaftLogWorker.java:execute(569)) - 550ad0a3-b6ae-44bc-a70a-b51f5a4003f3-SegmentedRaftLogWorker:Storage Directory /workdir/hadoop-ozone/tools/target/test-dir/MiniOzoneClusterImpl-c4d6e72d-f941-4a97-88b8-a79e0d5dc19a/datanode-2/data/ratis/12a70a2b-1d71-4393-9142-e782c0d9bb7a: created new log segment /workdir/hadoop-ozone/tools/target/test-dir/MiniOzoneClusterImpl-c4d6e72d-f941-4a97-88b8-a79e0d5dc19a/datanode-2/data/ratis/12a70a2b-1d71-4393-9142-e782c0d9bb7a/current/log_inprogress_0
2019-09-19 14:44:11,980 [5f94aeea-aba2-49fa-a1fa-8df10a3eed4d:group-8215F5CC08E1:LeaderElection25] INFO  impl.LeaderElection (LeaderElection.java:askForVotes(181)) - 5f94aeea-aba2-49fa-a1fa-8df10a3eed4d:group-8215F5CC08E1:LeaderElection25: begin an election at term 1 for -1: [5f94aeea-aba2-49fa-a1fa-8df10a3eed4d:192.168.5.132:37651], old=null
2019-09-19 14:44:11,981 [5f94aeea-aba2-49fa-a1fa-8df10a3eed4d:group-8215F5CC08E1:LeaderElection25] INFO  impl.RoleInfo (RoleInfo.java:shutdownLeaderElection(134)) - 5f94aeea-aba2-49fa-a1fa-8df10a3eed4d: shutdown LeaderElection
2019-09-19 14:44:11,981 [5f94aeea-aba2-49fa-a1fa-8df10a3eed4d:group-8215F5CC08E1:LeaderElection25] INFO  impl.RaftServerImpl (RaftServerImpl.java:setRole(171)) - 5f94aeea-aba2-49fa-a1fa-8df10a3eed4d:group-8215F5CC08E1 changes role from CANDIDATE to LEADER at term 1 for changeToLeader
2019-09-19 14:44:11,981 [5f94aeea-aba2-49fa-a1fa-8df10a3eed4d:group-8215F5CC08E1:LeaderElection25] INFO  impl.RaftServerImpl (ServerState.java:setLeader(263)) - 5f94aeea-aba2-49fa-a1fa-8df10a3eed4d:group-8215F5CC08E1 change Leader from null to 5f94aeea-aba2-49fa-a1fa-8df10a3eed4d at term 1 for becomeLeader, leader elected after 5107ms
2019-09-19 14:44:11,982 [5f94aeea-aba2-49fa-a1fa-8df10a3eed4d:group-8215F5CC08E1:LeaderElection25] INFO  server.RaftServerConfigKeys (ConfUtils.java:logGet(43)) - raft.server.staging.catchup.gap = 1000 (default)
2019-09-19 14:44:11,983 [5f94aeea-aba2-49fa-a1fa-8df10a3eed4d:group-8215F5CC08E1:LeaderElection25] INFO  server.RaftServerConfigKeys (ConfUtils.java:logGet(43)) - raft.server.rpc.sleep.time = 25ms (default)
2019-09-19 14:44:11,983 [5f94aeea-aba2-49fa-a1fa-8df10a3eed4d:group-8215F5CC08E1:LeaderElection25] INFO  server.RaftServerConfigKeys (ConfUtils.java:logGet(43)) - raft.server.write.element-limit = 4096 (default)
2019-09-19 14:44:11,983 [5f94aeea-aba2-49fa-a1fa-8df10a3eed4d:group-8215F5CC08E1:LeaderElection25] INFO  server.RaftServerConfigKeys (ConfUtils.java:logGet(43)) - raft.server.watch.timeout = 10s (default)
2019-09-19 14:44:11,983 [5f94aeea-aba2-49fa-a1fa-8df10a3eed4d:group-8215F5CC08E1:LeaderElection25] INFO  server.RaftServerConfigKeys (ConfUtils.java:logGet(43)) - raft.server.watch.timeout.denomination = 1s (default)
2019-09-19 14:44:11,983 [5f94aeea-aba2-49fa-a1fa-8df10a3eed4d:group-8215F5CC08E1:LeaderElection25] INFO  server.RaftServerConfigKeys (ConfUtils.java:logGet(43)) - raft.server.watch.element-limit = 65536 (default)
2019-09-19 14:44:11,984 [5f94aeea-aba2-49fa-a1fa-8df10a3eed4d:group-8215F5CC08E1:LeaderElection25] INFO  impl.RoleInfo (RoleInfo.java:updateAndGet(143)) - 5f94aeea-aba2-49fa-a1fa-8df10a3eed4d: start LeaderState
2019-09-19 14:44:11,984 [5f94aeea-aba2-49fa-a1fa-8df10a3eed4d:group-8215F5CC08E1:LeaderElection25] INFO  segmented.SegmentedRaftLogWorker (SegmentedRaftLogWorker.java:startLogSegment(380)) - 5f94aeea-aba2-49fa-a1fa-8df10a3eed4d-SegmentedRaftLogWorker:Storage Directory /workdir/hadoop-ozone/tools/target/test-dir/MiniOzoneClusterImpl-c4d6e72d-f941-4a97-88b8-a79e0d5dc19a/datanode-4/data/ratis/a294c066-0fc2-462b-a96c-8215f5cc08e1: Starting segment from index:0
2019-09-19 14:44:11,984 [5f94aeea-aba2-49fa-a1fa-8df10a3eed4d:group-8215F5CC08E1:LeaderElection25] INFO  impl.RaftServerImpl (ServerState.java:setRaftConf(361)) - 5f94aeea-aba2-49fa-a1fa-8df10a3eed4d:group-8215F5CC08E1 set configuration 0: [5f94aeea-aba2-49fa-a1fa-8df10a3eed4d:192.168.5.132:37651], old=null at 0
2019-09-19 14:44:12,021 [Thread-291] INFO  impl.FollowerState (FollowerState.java:run(106)) - 5f94aeea-aba2-49fa-a1fa-8df10a3eed4d:group-B07903325896 changes to CANDIDATE, lastRpcTime:5057, electionTimeout:5030ms
2019-09-19 14:44:12,021 [Thread-291] INFO  impl.RoleInfo (RoleInfo.java:shutdownFollowerState(121)) - 5f94aeea-aba2-49fa-a1fa-8df10a3eed4d: shutdown FollowerState
2019-09-19 14:44:12,021 [Thread-291] INFO  impl.RaftServerImpl (RaftServerImpl.java:setRole(171)) - 5f94aeea-aba2-49fa-a1fa-8df10a3eed4d:group-B07903325896 changes role from FOLLOWER to CANDIDATE at term 0 for changeToCandidate
2019-09-19 14:44:12,021 [Thread-291] INFO  impl.RoleInfo (RoleInfo.java:updateAndGet(143)) - 5f94aeea-aba2-49fa-a1fa-8df10a3eed4d: start LeaderElection
2019-09-19 14:44:12,048 [5f94aeea-aba2-49fa-a1fa-8df10a3eed4d-SegmentedRaftLogWorker:Storage Directory /workdir/hadoop-ozone/tools/target/test-dir/MiniOzoneClusterImpl-c4d6e72d-f941-4a97-88b8-a79e0d5dc19a/datanode-4/data/ratis/a294c066-0fc2-462b-a96c-8215f5cc08e1] INFO  segmented.SegmentedRaftLogWorker (SegmentedRaftLogWorker.java:execute(569)) - 5f94aeea-aba2-49fa-a1fa-8df10a3eed4d-SegmentedRaftLogWorker:Storage Directory /workdir/hadoop-ozone/tools/target/test-dir/MiniOzoneClusterImpl-c4d6e72d-f941-4a97-88b8-a79e0d5dc19a/datanode-4/data/ratis/a294c066-0fc2-462b-a96c-8215f5cc08e1: created new log segment /workdir/hadoop-ozone/tools/target/test-dir/MiniOzoneClusterImpl-c4d6e72d-f941-4a97-88b8-a79e0d5dc19a/datanode-4/data/ratis/a294c066-0fc2-462b-a96c-8215f5cc08e1/current/log_inprogress_0
2019-09-19 14:44:12,048 [5f94aeea-aba2-49fa-a1fa-8df10a3eed4d:group-B07903325896:LeaderElection26] INFO  impl.LeaderElection (LeaderElection.java:askForVotes(181)) - 5f94aeea-aba2-49fa-a1fa-8df10a3eed4d:group-B07903325896:LeaderElection26: begin an election at term 1 for -1: [5f94aeea-aba2-49fa-a1fa-8df10a3eed4d:192.168.5.132:37651], old=null
2019-09-19 14:44:12,048 [5f94aeea-aba2-49fa-a1fa-8df10a3eed4d:group-B07903325896:LeaderElection26] INFO  impl.RoleInfo (RoleInfo.java:shutdownLeaderElection(134)) - 5f94aeea-aba2-49fa-a1fa-8df10a3eed4d: shutdown LeaderElection
2019-09-19 14:44:12,048 [5f94aeea-aba2-49fa-a1fa-8df10a3eed4d:group-B07903325896:LeaderElection26] INFO  impl.RaftServerImpl (RaftServerImpl.java:setRole(171)) - 5f94aeea-aba2-49fa-a1fa-8df10a3eed4d:group-B07903325896 changes role from CANDIDATE to LEADER at term 1 for changeToLeader
2019-09-19 14:44:12,048 [5f94aeea-aba2-49fa-a1fa-8df10a3eed4d:group-B07903325896:LeaderElection26] INFO  impl.RaftServerImpl (ServerState.java:setLeader(263)) - 5f94aeea-aba2-49fa-a1fa-8df10a3eed4d:group-B07903325896 change Leader from null to 5f94aeea-aba2-49fa-a1fa-8df10a3eed4d at term 1 for becomeLeader, leader elected after 5089ms
2019-09-19 14:44:12,048 [5f94aeea-aba2-49fa-a1fa-8df10a3eed4d:group-B07903325896:LeaderElection26] INFO  server.RaftServerConfigKeys (ConfUtils.java:logGet(43)) - raft.server.staging.catchup.gap = 1000 (default)
2019-09-19 14:44:12,049 [5f94aeea-aba2-49fa-a1fa-8df10a3eed4d:group-B07903325896:LeaderElection26] INFO  server.RaftServerConfigKeys (ConfUtils.java:logGet(43)) - raft.server.rpc.sleep.time = 25ms (default)
2019-09-19 14:44:12,049 [5f94aeea-aba2-49fa-a1fa-8df10a3eed4d:group-B07903325896:LeaderElection26] INFO  server.RaftServerConfigKeys (ConfUtils.java:logGet(43)) - raft.server.write.element-limit = 4096 (default)
2019-09-19 14:44:12,049 [5f94aeea-aba2-49fa-a1fa-8df10a3eed4d:group-B07903325896:LeaderElection26] INFO  server.RaftServerConfigKeys (ConfUtils.java:logGet(43)) - raft.server.watch.timeout = 10s (default)
2019-09-19 14:44:12,049 [5f94aeea-aba2-49fa-a1fa-8df10a3eed4d:group-B07903325896:LeaderElection26] INFO  server.RaftServerConfigKeys (ConfUtils.java:logGet(43)) - raft.server.watch.timeout.denomination = 1s (default)
2019-09-19 14:44:12,049 [5f94aeea-aba2-49fa-a1fa-8df10a3eed4d:group-B07903325896:LeaderElection26] INFO  server.RaftServerConfigKeys (ConfUtils.java:logGet(43)) - raft.server.watch.element-limit = 65536 (default)
2019-09-19 14:44:12,049 [5f94aeea-aba2-49fa-a1fa-8df10a3eed4d:group-B07903325896:LeaderElection26] INFO  impl.RoleInfo (RoleInfo.java:updateAndGet(143)) - 5f94aeea-aba2-49fa-a1fa-8df10a3eed4d: start LeaderState
2019-09-19 14:44:12,050 [5f94aeea-aba2-49fa-a1fa-8df10a3eed4d:group-B07903325896:LeaderElection26] INFO  segmented.SegmentedRaftLogWorker (SegmentedRaftLogWorker.java:startLogSegment(380)) - 5f94aeea-aba2-49fa-a1fa-8df10a3eed4d-SegmentedRaftLogWorker:Storage Directory /workdir/hadoop-ozone/tools/target/test-dir/MiniOzoneClusterImpl-c4d6e72d-f941-4a97-88b8-a79e0d5dc19a/datanode-4/data/ratis/82fb26cd-a967-41c7-afcb-b07903325896: Starting segment from index:0
2019-09-19 14:44:12,050 [5f94aeea-aba2-49fa-a1fa-8df10a3eed4d:group-B07903325896:LeaderElection26] INFO  impl.RaftServerImpl (ServerState.java:setRaftConf(361)) - 5f94aeea-aba2-49fa-a1fa-8df10a3eed4d:group-B07903325896 set configuration 0: [5f94aeea-aba2-49fa-a1fa-8df10a3eed4d:192.168.5.132:37651], old=null at 0
2019-09-19 14:44:12,123 [Thread-297] INFO  impl.FollowerState (FollowerState.java:run(106)) - 5f94aeea-aba2-49fa-a1fa-8df10a3eed4d:group-B51E4CD5E917 changes to CANDIDATE, lastRpcTime:5001, electionTimeout:5001ms
2019-09-19 14:44:12,123 [Thread-297] INFO  impl.RoleInfo (RoleInfo.java:shutdownFollowerState(121)) - 5f94aeea-aba2-49fa-a1fa-8df10a3eed4d: shutdown FollowerState
2019-09-19 14:44:12,123 [Thread-297] INFO  impl.RaftServerImpl (RaftServerImpl.java:setRole(171)) - 5f94aeea-aba2-49fa-a1fa-8df10a3eed4d:group-B51E4CD5E917 changes role from FOLLOWER to CANDIDATE at term 0 for changeToCandidate
2019-09-19 14:44:12,123 [Thread-297] INFO  impl.RoleInfo (RoleInfo.java:updateAndGet(143)) - 5f94aeea-aba2-49fa-a1fa-8df10a3eed4d: start LeaderElection
2019-09-19 14:44:12,131 [5f94aeea-aba2-49fa-a1fa-8df10a3eed4d-SegmentedRaftLogWorker:Storage Directory /workdir/hadoop-ozone/tools/target/test-dir/MiniOzoneClusterImpl-c4d6e72d-f941-4a97-88b8-a79e0d5dc19a/datanode-4/data/ratis/82fb26cd-a967-41c7-afcb-b07903325896] INFO  segmented.SegmentedRaftLogWorker (SegmentedRaftLogWorker.java:execute(569)) - 5f94aeea-aba2-49fa-a1fa-8df10a3eed4d-SegmentedRaftLogWorker:Storage Directory /workdir/hadoop-ozone/tools/target/test-dir/MiniOzoneClusterImpl-c4d6e72d-f941-4a97-88b8-a79e0d5dc19a/datanode-4/data/ratis/82fb26cd-a967-41c7-afcb-b07903325896: created new log segment /workdir/hadoop-ozone/tools/target/test-dir/MiniOzoneClusterImpl-c4d6e72d-f941-4a97-88b8-a79e0d5dc19a/datanode-4/data/ratis/82fb26cd-a967-41c7-afcb-b07903325896/current/log_inprogress_0
2019-09-19 14:44:12,148 [5f94aeea-aba2-49fa-a1fa-8df10a3eed4d:group-B51E4CD5E917:LeaderElection27] INFO  impl.LeaderElection (LeaderElection.java:askForVotes(181)) - 5f94aeea-aba2-49fa-a1fa-8df10a3eed4d:group-B51E4CD5E917:LeaderElection27: begin an election at term 1 for -1: [5f94aeea-aba2-49fa-a1fa-8df10a3eed4d:192.168.5.132:37651], old=null
2019-09-19 14:44:12,148 [5f94aeea-aba2-49fa-a1fa-8df10a3eed4d:group-B51E4CD5E917:LeaderElection27] INFO  impl.RoleInfo (RoleInfo.java:shutdownLeaderElection(134)) - 5f94aeea-aba2-49fa-a1fa-8df10a3eed4d: shutdown LeaderElection
2019-09-19 14:44:12,148 [5f94aeea-aba2-49fa-a1fa-8df10a3eed4d:group-B51E4CD5E917:LeaderElection27] INFO  impl.RaftServerImpl (RaftServerImpl.java:setRole(171)) - 5f94aeea-aba2-49fa-a1fa-8df10a3eed4d:group-B51E4CD5E917 changes role from CANDIDATE to LEADER at term 1 for changeToLeader
2019-09-19 14:44:12,149 [5f94aeea-aba2-49fa-a1fa-8df10a3eed4d:group-B51E4CD5E917:LeaderElection27] INFO  impl.RaftServerImpl (ServerState.java:setLeader(263)) - 5f94aeea-aba2-49fa-a1fa-8df10a3eed4d:group-B51E4CD5E917 change Leader from null to 5f94aeea-aba2-49fa-a1fa-8df10a3eed4d at term 1 for becomeLeader, leader elected after 5031ms
2019-09-19 14:44:12,149 [5f94aeea-aba2-49fa-a1fa-8df10a3eed4d:group-B51E4CD5E917:LeaderElection27] INFO  server.RaftServerConfigKeys (ConfUtils.java:logGet(43)) - raft.server.staging.catchup.gap = 1000 (default)
2019-09-19 14:44:12,149 [5f94aeea-aba2-49fa-a1fa-8df10a3eed4d:group-B51E4CD5E917:LeaderElection27] INFO  server.RaftServerConfigKeys (ConfUtils.java:logGet(43)) - raft.server.rpc.sleep.time = 25ms (default)
2019-09-19 14:44:12,149 [5f94aeea-aba2-49fa-a1fa-8df10a3eed4d:group-B51E4CD5E917:LeaderElection27] INFO  server.RaftServerConfigKeys (ConfUtils.java:logGet(43)) - raft.server.write.element-limit = 4096 (default)
2019-09-19 14:44:12,149 [5f94aeea-aba2-49fa-a1fa-8df10a3eed4d:group-B51E4CD5E917:LeaderElection27] INFO  server.RaftServerConfigKeys (ConfUtils.java:logGet(43)) - raft.server.watch.timeout = 10s (default)
2019-09-19 14:44:12,149 [5f94aeea-aba2-49fa-a1fa-8df10a3eed4d:group-B51E4CD5E917:LeaderElection27] INFO  server.RaftServerConfigKeys (ConfUtils.java:logGet(43)) - raft.server.watch.timeout.denomination = 1s (default)
2019-09-19 14:44:12,149 [5f94aeea-aba2-49fa-a1fa-8df10a3eed4d:group-B51E4CD5E917:LeaderElection27] INFO  server.RaftServerConfigKeys (ConfUtils.java:logGet(43)) - raft.server.watch.element-limit = 65536 (default)
2019-09-19 14:44:12,150 [5f94aeea-aba2-49fa-a1fa-8df10a3eed4d:group-B51E4CD5E917:LeaderElection27] INFO  impl.RoleInfo (RoleInfo.java:updateAndGet(143)) - 5f94aeea-aba2-49fa-a1fa-8df10a3eed4d: start LeaderState
2019-09-19 14:44:12,150 [5f94aeea-aba2-49fa-a1fa-8df10a3eed4d:group-B51E4CD5E917:LeaderElection27] INFO  segmented.SegmentedRaftLogWorker (SegmentedRaftLogWorker.java:startLogSegment(380)) - 5f94aeea-aba2-49fa-a1fa-8df10a3eed4d-SegmentedRaftLogWorker:Storage Directory /workdir/hadoop-ozone/tools/target/test-dir/MiniOzoneClusterImpl-c4d6e72d-f941-4a97-88b8-a79e0d5dc19a/datanode-4/data/ratis/f2e50028-98e2-4a01-bff6-b51e4cd5e917: Starting segment from index:0
2019-09-19 14:44:12,150 [5f94aeea-aba2-49fa-a1fa-8df10a3eed4d:group-B51E4CD5E917:LeaderElection27] INFO  impl.RaftServerImpl (ServerState.java:setRaftConf(361)) - 5f94aeea-aba2-49fa-a1fa-8df10a3eed4d:group-B51E4CD5E917 set configuration 0: [5f94aeea-aba2-49fa-a1fa-8df10a3eed4d:192.168.5.132:37651], old=null at 0
2019-09-19 14:44:12,194 [Thread-294] INFO  impl.FollowerState (FollowerState.java:run(106)) - 5f94aeea-aba2-49fa-a1fa-8df10a3eed4d:group-266585D6981A changes to CANDIDATE, lastRpcTime:5154, electionTimeout:5154ms
2019-09-19 14:44:12,194 [Thread-294] INFO  impl.RoleInfo (RoleInfo.java:shutdownFollowerState(121)) - 5f94aeea-aba2-49fa-a1fa-8df10a3eed4d: shutdown FollowerState
2019-09-19 14:44:12,194 [Thread-294] INFO  impl.RaftServerImpl (RaftServerImpl.java:setRole(171)) - 5f94aeea-aba2-49fa-a1fa-8df10a3eed4d:group-266585D6981A changes role from FOLLOWER to CANDIDATE at term 0 for changeToCandidate
2019-09-19 14:44:12,194 [Thread-294] INFO  impl.RoleInfo (RoleInfo.java:updateAndGet(143)) - 5f94aeea-aba2-49fa-a1fa-8df10a3eed4d: start LeaderElection
2019-09-19 14:44:12,199 [5f94aeea-aba2-49fa-a1fa-8df10a3eed4d-SegmentedRaftLogWorker:Storage Directory /workdir/hadoop-ozone/tools/target/test-dir/MiniOzoneClusterImpl-c4d6e72d-f941-4a97-88b8-a79e0d5dc19a/datanode-4/data/ratis/f2e50028-98e2-4a01-bff6-b51e4cd5e917] INFO  segmented.SegmentedRaftLogWorker (SegmentedRaftLogWorker.java:execute(569)) - 5f94aeea-aba2-49fa-a1fa-8df10a3eed4d-SegmentedRaftLogWorker:Storage Directory /workdir/hadoop-ozone/tools/target/test-dir/MiniOzoneClusterImpl-c4d6e72d-f941-4a97-88b8-a79e0d5dc19a/datanode-4/data/ratis/f2e50028-98e2-4a01-bff6-b51e4cd5e917: created new log segment /workdir/hadoop-ozone/tools/target/test-dir/MiniOzoneClusterImpl-c4d6e72d-f941-4a97-88b8-a79e0d5dc19a/datanode-4/data/ratis/f2e50028-98e2-4a01-bff6-b51e4cd5e917/current/log_inprogress_0
2019-09-19 14:44:12,202 [Thread-300] INFO  impl.FollowerState (FollowerState.java:run(106)) - 5f94aeea-aba2-49fa-a1fa-8df10a3eed4d:group-8964D2835BEC changes to CANDIDATE, lastRpcTime:5003, electionTimeout:5003ms
2019-09-19 14:44:12,202 [Thread-300] INFO  impl.RoleInfo (RoleInfo.java:shutdownFollowerState(121)) - 5f94aeea-aba2-49fa-a1fa-8df10a3eed4d: shutdown FollowerState
2019-09-19 14:44:12,202 [Thread-300] INFO  impl.RaftServerImpl (RaftServerImpl.java:setRole(171)) - 5f94aeea-aba2-49fa-a1fa-8df10a3eed4d:group-8964D2835BEC changes role from FOLLOWER to CANDIDATE at term 0 for changeToCandidate
2019-09-19 14:44:12,202 [Thread-300] INFO  impl.RoleInfo (RoleInfo.java:updateAndGet(143)) - 5f94aeea-aba2-49fa-a1fa-8df10a3eed4d: start LeaderElection
2019-09-19 14:44:12,224 [5f94aeea-aba2-49fa-a1fa-8df10a3eed4d:group-266585D6981A:LeaderElection28] INFO  impl.LeaderElection (LeaderElection.java:askForVotes(181)) - 5f94aeea-aba2-49fa-a1fa-8df10a3eed4d:group-266585D6981A:LeaderElection28: begin an election at term 1 for -1: [5f94aeea-aba2-49fa-a1fa-8df10a3eed4d:192.168.5.132:37651], old=null
2019-09-19 14:44:12,224 [5f94aeea-aba2-49fa-a1fa-8df10a3eed4d:group-8964D2835BEC:LeaderElection29] INFO  impl.LeaderElection (LeaderElection.java:askForVotes(181)) - 5f94aeea-aba2-49fa-a1fa-8df10a3eed4d:group-8964D2835BEC:LeaderElection29: begin an election at term 1 for -1: [5f94aeea-aba2-49fa-a1fa-8df10a3eed4d:192.168.5.132:37651], old=null
2019-09-19 14:44:12,224 [5f94aeea-aba2-49fa-a1fa-8df10a3eed4d:group-266585D6981A:LeaderElection28] INFO  impl.RoleInfo (RoleInfo.java:shutdownLeaderElection(134)) - 5f94aeea-aba2-49fa-a1fa-8df10a3eed4d: shutdown LeaderElection
2019-09-19 14:44:12,224 [5f94aeea-aba2-49fa-a1fa-8df10a3eed4d:group-8964D2835BEC:LeaderElection29] INFO  impl.RoleInfo (RoleInfo.java:shutdownLeaderElection(134)) - 5f94aeea-aba2-49fa-a1fa-8df10a3eed4d: shutdown LeaderElection
2019-09-19 14:44:12,224 [5f94aeea-aba2-49fa-a1fa-8df10a3eed4d:group-266585D6981A:LeaderElection28] INFO  impl.RaftServerImpl (RaftServerImpl.java:setRole(171)) - 5f94aeea-aba2-49fa-a1fa-8df10a3eed4d:group-266585D6981A changes role from CANDIDATE to LEADER at term 1 for changeToLeader
2019-09-19 14:44:12,225 [5f94aeea-aba2-49fa-a1fa-8df10a3eed4d:group-8964D2835BEC:LeaderElection29] INFO  impl.RaftServerImpl (RaftServerImpl.java:setRole(171)) - 5f94aeea-aba2-49fa-a1fa-8df10a3eed4d:group-8964D2835BEC changes role from CANDIDATE to LEADER at term 1 for changeToLeader
2019-09-19 14:44:12,225 [5f94aeea-aba2-49fa-a1fa-8df10a3eed4d:group-266585D6981A:LeaderElection28] INFO  impl.RaftServerImpl (ServerState.java:setLeader(263)) - 5f94aeea-aba2-49fa-a1fa-8df10a3eed4d:group-266585D6981A change Leader from null to 5f94aeea-aba2-49fa-a1fa-8df10a3eed4d at term 1 for becomeLeader, leader elected after 5191ms
2019-09-19 14:44:12,225 [5f94aeea-aba2-49fa-a1fa-8df10a3eed4d:group-8964D2835BEC:LeaderElection29] INFO  impl.RaftServerImpl (ServerState.java:setLeader(263)) - 5f94aeea-aba2-49fa-a1fa-8df10a3eed4d:group-8964D2835BEC change Leader from null to 5f94aeea-aba2-49fa-a1fa-8df10a3eed4d at term 1 for becomeLeader, leader elected after 5031ms
2019-09-19 14:44:12,225 [5f94aeea-aba2-49fa-a1fa-8df10a3eed4d:group-266585D6981A:LeaderElection28] INFO  server.RaftServerConfigKeys (ConfUtils.java:logGet(43)) - raft.server.staging.catchup.gap = 1000 (default)
2019-09-19 14:44:12,225 [5f94aeea-aba2-49fa-a1fa-8df10a3eed4d:group-8964D2835BEC:LeaderElection29] INFO  server.RaftServerConfigKeys (ConfUtils.java:logGet(43)) - raft.server.staging.catchup.gap = 1000 (default)
2019-09-19 14:44:12,225 [5f94aeea-aba2-49fa-a1fa-8df10a3eed4d:group-266585D6981A:LeaderElection28] INFO  server.RaftServerConfigKeys (ConfUtils.java:logGet(43)) - raft.server.rpc.sleep.time = 25ms (default)
2019-09-19 14:44:12,225 [5f94aeea-aba2-49fa-a1fa-8df10a3eed4d:group-8964D2835BEC:LeaderElection29] INFO  server.RaftServerConfigKeys (ConfUtils.java:logGet(43)) - raft.server.rpc.sleep.time = 25ms (default)
2019-09-19 14:44:12,226 [5f94aeea-aba2-49fa-a1fa-8df10a3eed4d:group-266585D6981A:LeaderElection28] INFO  server.RaftServerConfigKeys (ConfUtils.java:logGet(43)) - raft.server.write.element-limit = 4096 (default)
2019-09-19 14:44:12,226 [5f94aeea-aba2-49fa-a1fa-8df10a3eed4d:group-8964D2835BEC:LeaderElection29] INFO  server.RaftServerConfigKeys (ConfUtils.java:logGet(43)) - raft.server.write.element-limit = 4096 (default)
2019-09-19 14:44:12,226 [5f94aeea-aba2-49fa-a1fa-8df10a3eed4d:group-266585D6981A:LeaderElection28] INFO  server.RaftServerConfigKeys (ConfUtils.java:logGet(43)) - raft.server.watch.timeout = 10s (default)
2019-09-19 14:44:12,226 [5f94aeea-aba2-49fa-a1fa-8df10a3eed4d:group-8964D2835BEC:LeaderElection29] INFO  server.RaftServerConfigKeys (ConfUtils.java:logGet(43)) - raft.server.watch.timeout = 10s (default)
2019-09-19 14:44:12,226 [5f94aeea-aba2-49fa-a1fa-8df10a3eed4d:group-266585D6981A:LeaderElection28] INFO  server.RaftServerConfigKeys (ConfUtils.java:logGet(43)) - raft.server.watch.timeout.denomination = 1s (default)
2019-09-19 14:44:12,226 [5f94aeea-aba2-49fa-a1fa-8df10a3eed4d:group-8964D2835BEC:LeaderElection29] INFO  server.RaftServerConfigKeys (ConfUtils.java:logGet(43)) - raft.server.watch.timeout.denomination = 1s (default)
2019-09-19 14:44:12,226 [5f94aeea-aba2-49fa-a1fa-8df10a3eed4d:group-266585D6981A:LeaderElection28] INFO  server.RaftServerConfigKeys (ConfUtils.java:logGet(43)) - raft.server.watch.element-limit = 65536 (default)
2019-09-19 14:44:12,226 [5f94aeea-aba2-49fa-a1fa-8df10a3eed4d:group-8964D2835BEC:LeaderElection29] INFO  server.RaftServerConfigKeys (ConfUtils.java:logGet(43)) - raft.server.watch.element-limit = 65536 (default)
2019-09-19 14:44:12,227 [5f94aeea-aba2-49fa-a1fa-8df10a3eed4d:group-266585D6981A:LeaderElection28] INFO  impl.RoleInfo (RoleInfo.java:updateAndGet(143)) - 5f94aeea-aba2-49fa-a1fa-8df10a3eed4d: start LeaderState
2019-09-19 14:44:12,227 [5f94aeea-aba2-49fa-a1fa-8df10a3eed4d:group-8964D2835BEC:LeaderElection29] INFO  impl.RoleInfo (RoleInfo.java:updateAndGet(143)) - 5f94aeea-aba2-49fa-a1fa-8df10a3eed4d: start LeaderState
2019-09-19 14:44:12,227 [5f94aeea-aba2-49fa-a1fa-8df10a3eed4d:group-266585D6981A:LeaderElection28] INFO  segmented.SegmentedRaftLogWorker (SegmentedRaftLogWorker.java:startLogSegment(380)) - 5f94aeea-aba2-49fa-a1fa-8df10a3eed4d-SegmentedRaftLogWorker:Storage Directory /workdir/hadoop-ozone/tools/target/test-dir/MiniOzoneClusterImpl-c4d6e72d-f941-4a97-88b8-a79e0d5dc19a/datanode-4/data/ratis/6b3bca20-7e37-4ffc-b7b2-266585d6981a: Starting segment from index:0
2019-09-19 14:44:12,227 [5f94aeea-aba2-49fa-a1fa-8df10a3eed4d:group-8964D2835BEC:LeaderElection29] INFO  segmented.SegmentedRaftLogWorker (SegmentedRaftLogWorker.java:startLogSegment(380)) - 5f94aeea-aba2-49fa-a1fa-8df10a3eed4d-SegmentedRaftLogWorker:Storage Directory /workdir/hadoop-ozone/tools/target/test-dir/MiniOzoneClusterImpl-c4d6e72d-f941-4a97-88b8-a79e0d5dc19a/datanode-4/data/ratis/e8b877eb-91ef-4b59-af53-8964d2835bec: Starting segment from index:0
2019-09-19 14:44:12,228 [5f94aeea-aba2-49fa-a1fa-8df10a3eed4d:group-266585D6981A:LeaderElection28] INFO  impl.RaftServerImpl (ServerState.java:setRaftConf(361)) - 5f94aeea-aba2-49fa-a1fa-8df10a3eed4d:group-266585D6981A set configuration 0: [5f94aeea-aba2-49fa-a1fa-8df10a3eed4d:192.168.5.132:37651], old=null at 0
2019-09-19 14:44:12,228 [5f94aeea-aba2-49fa-a1fa-8df10a3eed4d:group-8964D2835BEC:LeaderElection29] INFO  impl.RaftServerImpl (ServerState.java:setRaftConf(361)) - 5f94aeea-aba2-49fa-a1fa-8df10a3eed4d:group-8964D2835BEC set configuration 0: [5f94aeea-aba2-49fa-a1fa-8df10a3eed4d:192.168.5.132:37651], old=null at 0
2019-09-19 14:44:12,290 | INFO  | SCMAudit | user=jenkins1000 | ip=192.168.5.132 | op=SEND_HEARTBEAT {datanodeUUID=04a15483-b111-42a3-8ff7-e193b3ee6246, command=[]} | ret=SUCCESS |  
2019-09-19 14:44:12,292 [5f94aeea-aba2-49fa-a1fa-8df10a3eed4d-SegmentedRaftLogWorker:Storage Directory /workdir/hadoop-ozone/tools/target/test-dir/MiniOzoneClusterImpl-c4d6e72d-f941-4a97-88b8-a79e0d5dc19a/datanode-4/data/ratis/e8b877eb-91ef-4b59-af53-8964d2835bec] INFO  segmented.SegmentedRaftLogWorker (SegmentedRaftLogWorker.java:execute(569)) - 5f94aeea-aba2-49fa-a1fa-8df10a3eed4d-SegmentedRaftLogWorker:Storage Directory /workdir/hadoop-ozone/tools/target/test-dir/MiniOzoneClusterImpl-c4d6e72d-f941-4a97-88b8-a79e0d5dc19a/datanode-4/data/ratis/e8b877eb-91ef-4b59-af53-8964d2835bec: created new log segment /workdir/hadoop-ozone/tools/target/test-dir/MiniOzoneClusterImpl-c4d6e72d-f941-4a97-88b8-a79e0d5dc19a/datanode-4/data/ratis/e8b877eb-91ef-4b59-af53-8964d2835bec/current/log_inprogress_0
2019-09-19 14:44:12,292 [5f94aeea-aba2-49fa-a1fa-8df10a3eed4d-SegmentedRaftLogWorker:Storage Directory /workdir/hadoop-ozone/tools/target/test-dir/MiniOzoneClusterImpl-c4d6e72d-f941-4a97-88b8-a79e0d5dc19a/datanode-4/data/ratis/6b3bca20-7e37-4ffc-b7b2-266585d6981a] INFO  segmented.SegmentedRaftLogWorker (SegmentedRaftLogWorker.java:execute(569)) - 5f94aeea-aba2-49fa-a1fa-8df10a3eed4d-SegmentedRaftLogWorker:Storage Directory /workdir/hadoop-ozone/tools/target/test-dir/MiniOzoneClusterImpl-c4d6e72d-f941-4a97-88b8-a79e0d5dc19a/datanode-4/data/ratis/6b3bca20-7e37-4ffc-b7b2-266585d6981a: created new log segment /workdir/hadoop-ozone/tools/target/test-dir/MiniOzoneClusterImpl-c4d6e72d-f941-4a97-88b8-a79e0d5dc19a/datanode-4/data/ratis/6b3bca20-7e37-4ffc-b7b2-266585d6981a/current/log_inprogress_0
2019-09-19 14:44:12,335 [Thread-303] INFO  impl.FollowerState (FollowerState.java:run(106)) - 5f94aeea-aba2-49fa-a1fa-8df10a3eed4d:group-BC1BB13578BC changes to CANDIDATE, lastRpcTime:5059, electionTimeout:5059ms
2019-09-19 14:44:12,336 [Thread-303] INFO  impl.RoleInfo (RoleInfo.java:shutdownFollowerState(121)) - 5f94aeea-aba2-49fa-a1fa-8df10a3eed4d: shutdown FollowerState
2019-09-19 14:44:12,336 [Thread-303] INFO  impl.RaftServerImpl (RaftServerImpl.java:setRole(171)) - 5f94aeea-aba2-49fa-a1fa-8df10a3eed4d:group-BC1BB13578BC changes role from FOLLOWER to CANDIDATE at term 0 for changeToCandidate
2019-09-19 14:44:12,336 [Thread-303] INFO  impl.RoleInfo (RoleInfo.java:updateAndGet(143)) - 5f94aeea-aba2-49fa-a1fa-8df10a3eed4d: start LeaderElection
2019-09-19 14:44:12,351 | INFO  | SCMAudit | user=jenkins1000 | ip=192.168.5.132 | op=SEND_HEARTBEAT {datanodeUUID=94ffd37a-7fba-4e2b-aec6-167a5be5db83, command=[]} | ret=SUCCESS |  
2019-09-19 14:44:12,368 [5f94aeea-aba2-49fa-a1fa-8df10a3eed4d:group-BC1BB13578BC:LeaderElection30] INFO  impl.LeaderElection (LeaderElection.java:askForVotes(181)) - 5f94aeea-aba2-49fa-a1fa-8df10a3eed4d:group-BC1BB13578BC:LeaderElection30: begin an election at term 1 for -1: [5f94aeea-aba2-49fa-a1fa-8df10a3eed4d:192.168.5.132:37651], old=null
2019-09-19 14:44:12,368 [5f94aeea-aba2-49fa-a1fa-8df10a3eed4d:group-BC1BB13578BC:LeaderElection30] INFO  impl.RoleInfo (RoleInfo.java:shutdownLeaderElection(134)) - 5f94aeea-aba2-49fa-a1fa-8df10a3eed4d: shutdown LeaderElection
2019-09-19 14:44:12,368 [5f94aeea-aba2-49fa-a1fa-8df10a3eed4d:group-BC1BB13578BC:LeaderElection30] INFO  impl.RaftServerImpl (RaftServerImpl.java:setRole(171)) - 5f94aeea-aba2-49fa-a1fa-8df10a3eed4d:group-BC1BB13578BC changes role from CANDIDATE to LEADER at term 1 for changeToLeader
2019-09-19 14:44:12,368 [5f94aeea-aba2-49fa-a1fa-8df10a3eed4d:group-BC1BB13578BC:LeaderElection30] INFO  impl.RaftServerImpl (ServerState.java:setLeader(263)) - 5f94aeea-aba2-49fa-a1fa-8df10a3eed4d:group-BC1BB13578BC change Leader from null to 5f94aeea-aba2-49fa-a1fa-8df10a3eed4d at term 1 for becomeLeader, leader elected after 5098ms
2019-09-19 14:44:12,368 [5f94aeea-aba2-49fa-a1fa-8df10a3eed4d:group-BC1BB13578BC:LeaderElection30] INFO  server.RaftServerConfigKeys (ConfUtils.java:logGet(43)) - raft.server.staging.catchup.gap = 1000 (default)
2019-09-19 14:44:12,369 [5f94aeea-aba2-49fa-a1fa-8df10a3eed4d:group-BC1BB13578BC:LeaderElection30] INFO  server.RaftServerConfigKeys (ConfUtils.java:logGet(43)) - raft.server.rpc.sleep.time = 25ms (default)
2019-09-19 14:44:12,369 [5f94aeea-aba2-49fa-a1fa-8df10a3eed4d:group-BC1BB13578BC:LeaderElection30] INFO  server.RaftServerConfigKeys (ConfUtils.java:logGet(43)) - raft.server.write.element-limit = 4096 (default)
2019-09-19 14:44:12,369 [5f94aeea-aba2-49fa-a1fa-8df10a3eed4d:group-BC1BB13578BC:LeaderElection30] INFO  server.RaftServerConfigKeys (ConfUtils.java:logGet(43)) - raft.server.watch.timeout = 10s (default)
2019-09-19 14:44:12,369 [5f94aeea-aba2-49fa-a1fa-8df10a3eed4d:group-BC1BB13578BC:LeaderElection30] INFO  server.RaftServerConfigKeys (ConfUtils.java:logGet(43)) - raft.server.watch.timeout.denomination = 1s (default)
2019-09-19 14:44:12,369 [5f94aeea-aba2-49fa-a1fa-8df10a3eed4d:group-BC1BB13578BC:LeaderElection30] INFO  server.RaftServerConfigKeys (ConfUtils.java:logGet(43)) - raft.server.watch.element-limit = 65536 (default)
2019-09-19 14:44:12,370 [5f94aeea-aba2-49fa-a1fa-8df10a3eed4d:group-BC1BB13578BC:LeaderElection30] INFO  impl.RoleInfo (RoleInfo.java:updateAndGet(143)) - 5f94aeea-aba2-49fa-a1fa-8df10a3eed4d: start LeaderState
2019-09-19 14:44:12,370 [5f94aeea-aba2-49fa-a1fa-8df10a3eed4d:group-BC1BB13578BC:LeaderElection30] INFO  segmented.SegmentedRaftLogWorker (SegmentedRaftLogWorker.java:startLogSegment(380)) - 5f94aeea-aba2-49fa-a1fa-8df10a3eed4d-SegmentedRaftLogWorker:Storage Directory /workdir/hadoop-ozone/tools/target/test-dir/MiniOzoneClusterImpl-c4d6e72d-f941-4a97-88b8-a79e0d5dc19a/datanode-4/data/ratis/423468fd-653c-47cd-ac8f-bc1bb13578bc: Starting segment from index:0
2019-09-19 14:44:12,372 [5f94aeea-aba2-49fa-a1fa-8df10a3eed4d:group-BC1BB13578BC:LeaderElection30] INFO  impl.RaftServerImpl (ServerState.java:setRaftConf(361)) - 5f94aeea-aba2-49fa-a1fa-8df10a3eed4d:group-BC1BB13578BC set configuration 0: [5f94aeea-aba2-49fa-a1fa-8df10a3eed4d:192.168.5.132:37651], old=null at 0
2019-09-19 14:44:12,417 | INFO  | SCMAudit | user=jenkins1000 | ip=192.168.5.132 | op=SEND_HEARTBEAT {datanodeUUID=5f94aeea-aba2-49fa-a1fa-8df10a3eed4d, command=[]} | ret=SUCCESS |  
2019-09-19 14:44:12,435 [5f94aeea-aba2-49fa-a1fa-8df10a3eed4d-SegmentedRaftLogWorker:Storage Directory /workdir/hadoop-ozone/tools/target/test-dir/MiniOzoneClusterImpl-c4d6e72d-f941-4a97-88b8-a79e0d5dc19a/datanode-4/data/ratis/423468fd-653c-47cd-ac8f-bc1bb13578bc] INFO  segmented.SegmentedRaftLogWorker (SegmentedRaftLogWorker.java:execute(569)) - 5f94aeea-aba2-49fa-a1fa-8df10a3eed4d-SegmentedRaftLogWorker:Storage Directory /workdir/hadoop-ozone/tools/target/test-dir/MiniOzoneClusterImpl-c4d6e72d-f941-4a97-88b8-a79e0d5dc19a/datanode-4/data/ratis/423468fd-653c-47cd-ac8f-bc1bb13578bc: created new log segment /workdir/hadoop-ozone/tools/target/test-dir/MiniOzoneClusterImpl-c4d6e72d-f941-4a97-88b8-a79e0d5dc19a/datanode-4/data/ratis/423468fd-653c-47cd-ac8f-bc1bb13578bc/current/log_inprogress_0
2019-09-19 14:44:12,654 | INFO  | SCMAudit | user=jenkins1000 | ip=192.168.5.132 | op=SEND_HEARTBEAT {datanodeUUID=a4e26ddf-7cab-415d-8560-150ea8262212, command=[]} | ret=SUCCESS |  
2019-09-19 14:44:12,957 | INFO  | SCMAudit | user=jenkins1000 | ip=192.168.5.132 | op=SEND_HEARTBEAT {datanodeUUID=550ad0a3-b6ae-44bc-a70a-b51f5a4003f3, command=[]} | ret=SUCCESS |  
2019-09-19 14:44:13,291 | INFO  | SCMAudit | user=jenkins1000 | ip=192.168.5.132 | op=SEND_HEARTBEAT {datanodeUUID=04a15483-b111-42a3-8ff7-e193b3ee6246, command=[]} | ret=SUCCESS |  
2019-09-19 14:44:13,351 | INFO  | SCMAudit | user=jenkins1000 | ip=192.168.5.132 | op=SEND_HEARTBEAT {datanodeUUID=94ffd37a-7fba-4e2b-aec6-167a5be5db83, command=[]} | ret=SUCCESS |  
2019-09-19 14:44:13,417 | INFO  | SCMAudit | user=jenkins1000 | ip=192.168.5.132 | op=SEND_HEARTBEAT {datanodeUUID=5f94aeea-aba2-49fa-a1fa-8df10a3eed4d, command=[]} | ret=SUCCESS |  
2019-09-19 14:44:13,655 | INFO  | SCMAudit | user=jenkins1000 | ip=192.168.5.132 | op=SEND_HEARTBEAT {datanodeUUID=a4e26ddf-7cab-415d-8560-150ea8262212, command=[]} | ret=SUCCESS |  
2019-09-19 14:44:13,958 | INFO  | SCMAudit | user=jenkins1000 | ip=192.168.5.132 | op=SEND_HEARTBEAT {datanodeUUID=550ad0a3-b6ae-44bc-a70a-b51f5a4003f3, command=[]} | ret=SUCCESS |  
2019-09-19 14:44:14,290 | INFO  | SCMAudit | user=jenkins1000 | ip=192.168.5.132 | op=SEND_HEARTBEAT {datanodeUUID=04a15483-b111-42a3-8ff7-e193b3ee6246, command=[]} | ret=SUCCESS |  
2019-09-19 14:44:14,351 | INFO  | SCMAudit | user=jenkins1000 | ip=192.168.5.132 | op=SEND_HEARTBEAT {datanodeUUID=94ffd37a-7fba-4e2b-aec6-167a5be5db83, command=[]} | ret=SUCCESS |  
2019-09-19 14:44:14,417 | INFO  | SCMAudit | user=jenkins1000 | ip=192.168.5.132 | op=SEND_HEARTBEAT {datanodeUUID=5f94aeea-aba2-49fa-a1fa-8df10a3eed4d, command=[]} | ret=SUCCESS |  
2019-09-19 14:44:14,655 | INFO  | SCMAudit | user=jenkins1000 | ip=192.168.5.132 | op=SEND_HEARTBEAT {datanodeUUID=a4e26ddf-7cab-415d-8560-150ea8262212, command=[]} | ret=SUCCESS |  
2019-09-19 14:44:14,958 | INFO  | SCMAudit | user=jenkins1000 | ip=192.168.5.132 | op=SEND_HEARTBEAT {datanodeUUID=550ad0a3-b6ae-44bc-a70a-b51f5a4003f3, command=[]} | ret=SUCCESS |  
]]></system-out>
    <system-err><![CDATA[Sep 19, 2019 2:43:58 PM com.sun.jersey.server.impl.application.WebApplicationImpl _initiate
INFO: Initiating Jersey application, version 'Jersey: 1.19 02/11/2015 03:25 AM'
Sep 19, 2019 2:43:59 PM com.sun.jersey.server.impl.application.WebApplicationImpl _initiate
INFO: Initiating Jersey application, version 'Jersey: 1.19 02/11/2015 03:25 AM'
Sep 19, 2019 2:43:59 PM com.sun.jersey.server.impl.application.WebApplicationImpl _initiate
INFO: Initiating Jersey application, version 'Jersey: 1.19 02/11/2015 03:25 AM'
Sep 19, 2019 2:44:00 PM com.sun.jersey.server.impl.application.WebApplicationImpl _initiate
INFO: Initiating Jersey application, version 'Jersey: 1.19 02/11/2015 03:25 AM'
Sep 19, 2019 2:44:00 PM com.sun.jersey.server.impl.application.WebApplicationImpl _initiate
INFO: Initiating Jersey application, version 'Jersey: 1.19 02/11/2015 03:25 AM'
]]></system-err>
  </testcase>
  <testcase name="standaloneTestLargeKey" classname="org.apache.hadoop.ozone.freon.TestDataValidateWithUnsafeByteOperations" time="10.096">
    <error message="Allocated 0 blocks. Requested 5 blocks" type="INTERNAL_ERROR org.apache.hadoop.ozone.om.exceptions.OMException">INTERNAL_ERROR org.apache.hadoop.ozone.om.exceptions.OMException: Allocated 0 blocks. Requested 5 blocks
	at org.apache.hadoop.ozone.om.protocolPB.OzoneManagerProtocolClientSideTranslatorPB.handleError(OzoneManagerProtocolClientSideTranslatorPB.java:725)
	at org.apache.hadoop.ozone.om.protocolPB.OzoneManagerProtocolClientSideTranslatorPB.openKey(OzoneManagerProtocolClientSideTranslatorPB.java:716)
	at org.apache.hadoop.ozone.client.rpc.RpcClient.createKey(RpcClient.java:615)
	at org.apache.hadoop.ozone.client.OzoneBucket.createKey(OzoneBucket.java:323)
	at org.apache.hadoop.ozone.freon.RandomKeyGenerator.createKey(RandomKeyGenerator.java:686)
	at org.apache.hadoop.ozone.freon.RandomKeyGenerator.access$1100(RandomKeyGenerator.java:87)
	at org.apache.hadoop.ozone.freon.RandomKeyGenerator$ObjectCreator.run(RandomKeyGenerator.java:606)
	at java.util.concurrent.Executors$RunnableAdapter.call(Executors.java:511)
	at java.util.concurrent.FutureTask.run(FutureTask.java:266)
	at java.util.concurrent.ThreadPoolExecutor.runWorker(ThreadPoolExecutor.java:1149)
	at java.util.concurrent.ThreadPoolExecutor$Worker.run(ThreadPoolExecutor.java:624)
	at java.lang.Thread.run(Thread.java:748)
</error>
    <system-out><![CDATA[2019-09-19 14:44:15,071 [main] INFO  freon.RandomKeyGenerator (RandomKeyGenerator.java:call(275)) - Number of Threads: 10
2019-09-19 14:44:15,072 [main] INFO  freon.RandomKeyGenerator (RandomKeyGenerator.java:call(280)) - Number of Volumes: 1.
2019-09-19 14:44:15,072 [main] INFO  freon.RandomKeyGenerator (RandomKeyGenerator.java:call(281)) - Number of Buckets per Volume: 1.
2019-09-19 14:44:15,072 [main] INFO  freon.RandomKeyGenerator (RandomKeyGenerator.java:call(282)) - Number of Keys per Bucket: 1.
2019-09-19 14:44:15,072 [main] INFO  freon.RandomKeyGenerator (RandomKeyGenerator.java:call(283)) - Key size: 20971520 bytes
2019-09-19 14:44:15,072 [main] INFO  freon.RandomKeyGenerator (RandomKeyGenerator.java:call(284)) - Buffer size: 4096 bytes
2019-09-19 14:44:15,073 [pool-79-thread-1] INFO  rpc.RpcClient (RpcClient.java:createVolume(293)) - Creating Volume: vol-0-09095, with jenkins1000 as owner.
2019-09-19 14:44:15,074 [main] INFO  freon.RandomKeyGenerator (RandomKeyGenerator.java:call(298)) - Data validation is enabled.
2019-09-19 14:44:15,074 [main] INFO  freon.RandomKeyGenerator (RandomKeyGenerator.java:call(304)) - Starting progress bar Thread.

 0.00% |█                                                                                                    |  0/1 Time: 0:00:002019-09-19 14:44:15,078 | INFO  | OMAudit | user=jenkins1000 | ip=127.0.0.1 | op=CREATE_VOLUME {admin=jenkins1000, owner=jenkins1000, volume=vol-0-09095, creationTime=1568904255077, quotaInBytes=1152921504606846976} | ret=SUCCESS |  
2019-09-19 14:44:15,080 | INFO  | OMAudit | user=jenkins1000 | ip=127.0.0.1 | op=READ_VOLUME {volume=vol-0-09095} | ret=SUCCESS |  
2019-09-19 14:44:15,095 [pool-79-thread-2] INFO  rpc.RpcClient (RpcClient.java:createBucket(432)) - Creating Bucket: vol-0-09095/bucket-0-16116, with Versioning false and Storage Type set to DISK and Encryption set to false 
2019-09-19 14:44:15,097 | INFO  | OMAudit | user=jenkins1000 | ip=127.0.0.1 | op=CREATE_BUCKET {volume=vol-0-09095, bucket=bucket-0-16116, acls=[user:jenkins1000:a[ACCESS], group:default:a[ACCESS]], isVersionEnabled=false, storageType=DISK, creationTime=0} | ret=SUCCESS |  
2019-09-19 14:44:15,099 | INFO  | OMAudit | user=jenkins1000 | ip=127.0.0.1 | op=READ_BUCKET {volume=vol-0-09095, bucket=bucket-0-16116} | ret=SUCCESS |  
2019-09-19 14:44:15,110 [IPC Server handler 1 on 39445] ERROR pipeline.PipelinePlacementPolicy (PipelinePlacementPolicy.java:meetCriteria(91)) - Pipeline Placement: Doesn't meet the criteria to be viable node. Heaviness: 6
2019-09-19 14:44:15,110 [IPC Server handler 1 on 39445] ERROR pipeline.PipelinePlacementPolicy (PipelinePlacementPolicy.java:meetCriteria(91)) - Pipeline Placement: Doesn't meet the criteria to be viable node. Heaviness: 6
2019-09-19 14:44:15,110 [IPC Server handler 1 on 39445] ERROR pipeline.PipelinePlacementPolicy (PipelinePlacementPolicy.java:meetCriteria(91)) - Pipeline Placement: Doesn't meet the criteria to be viable node. Heaviness: 6
2019-09-19 14:44:15,110 [IPC Server handler 1 on 39445] ERROR pipeline.PipelinePlacementPolicy (PipelinePlacementPolicy.java:meetCriteria(91)) - Pipeline Placement: Doesn't meet the criteria to be viable node. Heaviness: 6
2019-09-19 14:44:15,111 [IPC Server handler 1 on 39445] ERROR pipeline.PipelinePlacementPolicy (PipelinePlacementPolicy.java:meetCriteria(91)) - Pipeline Placement: Doesn't meet the criteria to be viable node. Heaviness: 6
2019-09-19 14:44:15,111 [IPC Server handler 1 on 39445] ERROR pipeline.PipelinePlacementPolicy (PipelinePlacementPolicy.java:filterViableNodes(146)) - Unable to find enough nodes that meet the criteria that cannot engage in more than 5 pipelines. Nodes required: 3 Found: 0, healthy nodes count inNodeManager: 5.
2019-09-19 14:44:15,111 [IPC Server handler 1 on 39445] ERROR pipeline.SCMPipelineManager (SCMPipelineManager.java:createPipeline(161)) - Pipeline creation failed due to exception: Unable to find enough nodes that meet the criteria that cannot engage in more than 5 pipelines. Nodes required: 3 Found: 0, healthy nodes count inNodeManager: 5.
2019-09-19 14:44:15,111 [IPC Server handler 1 on 39445] WARN  block.BlockManagerImpl (BlockManagerImpl.java:allocateBlock(192)) - Pipeline creation failed for type:RATIS factor:THREE. Retrying get pipelines call once.
org.apache.hadoop.hdds.scm.exceptions.SCMException: Unable to find enough nodes that meet the criteria that cannot engage in more than 5 pipelines. Nodes required: 3 Found: 0, healthy nodes count inNodeManager: 5.
	at org.apache.hadoop.hdds.scm.pipeline.PipelinePlacementPolicy.filterViableNodes(PipelinePlacementPolicy.java:147)
	at org.apache.hadoop.hdds.scm.pipeline.PipelinePlacementPolicy.chooseDatanodes(PipelinePlacementPolicy.java:170)
	at org.apache.hadoop.hdds.scm.pipeline.RatisPipelineProvider.create(RatisPipelineProvider.java:92)
	at org.apache.hadoop.hdds.scm.pipeline.PipelineFactory.create(PipelineFactory.java:57)
	at org.apache.hadoop.hdds.scm.pipeline.SCMPipelineManager.createPipeline(SCMPipelineManager.java:149)
	at org.apache.hadoop.hdds.scm.block.BlockManagerImpl.allocateBlock(BlockManagerImpl.java:190)
	at org.apache.hadoop.hdds.scm.server.SCMBlockProtocolServer.allocateBlock(SCMBlockProtocolServer.java:175)
	at org.apache.hadoop.ozone.protocolPB.ScmBlockLocationProtocolServerSideTranslatorPB.allocateScmBlock(ScmBlockLocationProtocolServerSideTranslatorPB.java:153)
	at org.apache.hadoop.ozone.protocolPB.ScmBlockLocationProtocolServerSideTranslatorPB.send(ScmBlockLocationProtocolServerSideTranslatorPB.java:112)
	at org.apache.hadoop.hdds.protocol.proto.ScmBlockLocationProtocolProtos$ScmBlockLocationProtocolService$2.callBlockingMethod(ScmBlockLocationProtocolProtos.java:13157)
	at org.apache.hadoop.ipc.ProtobufRpcEngine$Server$ProtoBufRpcInvoker.call(ProtobufRpcEngine.java:524)
	at org.apache.hadoop.ipc.RPC$Server.call(RPC.java:1025)
	at org.apache.hadoop.ipc.Server$RpcCall.run(Server.java:876)
	at org.apache.hadoop.ipc.Server$RpcCall.run(Server.java:822)
	at java.security.AccessController.doPrivileged(Native Method)
	at javax.security.auth.Subject.doAs(Subject.java:422)
	at org.apache.hadoop.security.UserGroupInformation.doAs(UserGroupInformation.java:1730)
	at org.apache.hadoop.ipc.Server$Handler.run(Server.java:2682)
2019-09-19 14:44:15,112 [IPC Server handler 1 on 39445] INFO  block.BlockManagerImpl (BlockManagerImpl.java:allocateBlock(198)) - Could not find available pipeline of type:RATIS and factor:THREE even after retrying
2019-09-19 14:44:15,112 [IPC Server handler 1 on 39445] ERROR block.BlockManagerImpl (BlockManagerImpl.java:allocateBlock(222)) - Unable to allocate a block for the size: 4194304, type: RATIS, factor: THREE
2019-09-19 14:44:15,112 [IPC Server handler 1 on 39445] ERROR pipeline.PipelinePlacementPolicy (PipelinePlacementPolicy.java:meetCriteria(91)) - Pipeline Placement: Doesn't meet the criteria to be viable node. Heaviness: 6
2019-09-19 14:44:15,112 [IPC Server handler 1 on 39445] ERROR pipeline.PipelinePlacementPolicy (PipelinePlacementPolicy.java:meetCriteria(91)) - Pipeline Placement: Doesn't meet the criteria to be viable node. Heaviness: 6
2019-09-19 14:44:15,113 [IPC Server handler 1 on 39445] ERROR pipeline.PipelinePlacementPolicy (PipelinePlacementPolicy.java:meetCriteria(91)) - Pipeline Placement: Doesn't meet the criteria to be viable node. Heaviness: 6
2019-09-19 14:44:15,113 [IPC Server handler 1 on 39445] ERROR pipeline.PipelinePlacementPolicy (PipelinePlacementPolicy.java:meetCriteria(91)) - Pipeline Placement: Doesn't meet the criteria to be viable node. Heaviness: 6
2019-09-19 14:44:15,113 [IPC Server handler 1 on 39445] ERROR pipeline.PipelinePlacementPolicy (PipelinePlacementPolicy.java:meetCriteria(91)) - Pipeline Placement: Doesn't meet the criteria to be viable node. Heaviness: 6
2019-09-19 14:44:15,113 [IPC Server handler 1 on 39445] ERROR pipeline.PipelinePlacementPolicy (PipelinePlacementPolicy.java:filterViableNodes(146)) - Unable to find enough nodes that meet the criteria that cannot engage in more than 5 pipelines. Nodes required: 3 Found: 0, healthy nodes count inNodeManager: 5.
2019-09-19 14:44:15,113 [IPC Server handler 1 on 39445] ERROR pipeline.SCMPipelineManager (SCMPipelineManager.java:createPipeline(161)) - Pipeline creation failed due to exception: Unable to find enough nodes that meet the criteria that cannot engage in more than 5 pipelines. Nodes required: 3 Found: 0, healthy nodes count inNodeManager: 5.
2019-09-19 14:44:15,113 [IPC Server handler 1 on 39445] WARN  block.BlockManagerImpl (BlockManagerImpl.java:allocateBlock(192)) - Pipeline creation failed for type:RATIS factor:THREE. Retrying get pipelines call once.
org.apache.hadoop.hdds.scm.exceptions.SCMException: Unable to find enough nodes that meet the criteria that cannot engage in more than 5 pipelines. Nodes required: 3 Found: 0, healthy nodes count inNodeManager: 5.
	at org.apache.hadoop.hdds.scm.pipeline.PipelinePlacementPolicy.filterViableNodes(PipelinePlacementPolicy.java:147)
	at org.apache.hadoop.hdds.scm.pipeline.PipelinePlacementPolicy.chooseDatanodes(PipelinePlacementPolicy.java:170)
	at org.apache.hadoop.hdds.scm.pipeline.RatisPipelineProvider.create(RatisPipelineProvider.java:92)
	at org.apache.hadoop.hdds.scm.pipeline.PipelineFactory.create(PipelineFactory.java:57)
	at org.apache.hadoop.hdds.scm.pipeline.SCMPipelineManager.createPipeline(SCMPipelineManager.java:149)
	at org.apache.hadoop.hdds.scm.block.BlockManagerImpl.allocateBlock(BlockManagerImpl.java:190)
	at org.apache.hadoop.hdds.scm.server.SCMBlockProtocolServer.allocateBlock(SCMBlockProtocolServer.java:175)
	at org.apache.hadoop.ozone.protocolPB.ScmBlockLocationProtocolServerSideTranslatorPB.allocateScmBlock(ScmBlockLocationProtocolServerSideTranslatorPB.java:153)
	at org.apache.hadoop.ozone.protocolPB.ScmBlockLocationProtocolServerSideTranslatorPB.send(ScmBlockLocationProtocolServerSideTranslatorPB.java:112)
	at org.apache.hadoop.hdds.protocol.proto.ScmBlockLocationProtocolProtos$ScmBlockLocationProtocolService$2.callBlockingMethod(ScmBlockLocationProtocolProtos.java:13157)
	at org.apache.hadoop.ipc.ProtobufRpcEngine$Server$ProtoBufRpcInvoker.call(ProtobufRpcEngine.java:524)
	at org.apache.hadoop.ipc.RPC$Server.call(RPC.java:1025)
	at org.apache.hadoop.ipc.Server$RpcCall.run(Server.java:876)
	at org.apache.hadoop.ipc.Server$RpcCall.run(Server.java:822)
	at java.security.AccessController.doPrivileged(Native Method)
	at javax.security.auth.Subject.doAs(Subject.java:422)
	at org.apache.hadoop.security.UserGroupInformation.doAs(UserGroupInformation.java:1730)
	at org.apache.hadoop.ipc.Server$Handler.run(Server.java:2682)
2019-09-19 14:44:15,116 [IPC Server handler 1 on 39445] INFO  block.BlockManagerImpl (BlockManagerImpl.java:allocateBlock(198)) - Could not find available pipeline of type:RATIS and factor:THREE even after retrying
2019-09-19 14:44:15,117 [IPC Server handler 1 on 39445] ERROR block.BlockManagerImpl (BlockManagerImpl.java:allocateBlock(222)) - Unable to allocate a block for the size: 4194304, type: RATIS, factor: THREE
2019-09-19 14:44:15,117 [IPC Server handler 1 on 39445] ERROR pipeline.PipelinePlacementPolicy (PipelinePlacementPolicy.java:meetCriteria(91)) - Pipeline Placement: Doesn't meet the criteria to be viable node. Heaviness: 6
2019-09-19 14:44:15,117 [IPC Server handler 1 on 39445] ERROR pipeline.PipelinePlacementPolicy (PipelinePlacementPolicy.java:meetCriteria(91)) - Pipeline Placement: Doesn't meet the criteria to be viable node. Heaviness: 6
2019-09-19 14:44:15,117 [IPC Server handler 1 on 39445] ERROR pipeline.PipelinePlacementPolicy (PipelinePlacementPolicy.java:meetCriteria(91)) - Pipeline Placement: Doesn't meet the criteria to be viable node. Heaviness: 6
2019-09-19 14:44:15,117 [IPC Server handler 1 on 39445] ERROR pipeline.PipelinePlacementPolicy (PipelinePlacementPolicy.java:meetCriteria(91)) - Pipeline Placement: Doesn't meet the criteria to be viable node. Heaviness: 6
2019-09-19 14:44:15,117 [IPC Server handler 1 on 39445] ERROR pipeline.PipelinePlacementPolicy (PipelinePlacementPolicy.java:meetCriteria(91)) - Pipeline Placement: Doesn't meet the criteria to be viable node. Heaviness: 6
2019-09-19 14:44:15,118 [IPC Server handler 1 on 39445] ERROR pipeline.PipelinePlacementPolicy (PipelinePlacementPolicy.java:filterViableNodes(146)) - Unable to find enough nodes that meet the criteria that cannot engage in more than 5 pipelines. Nodes required: 3 Found: 0, healthy nodes count inNodeManager: 5.
2019-09-19 14:44:15,118 [IPC Server handler 1 on 39445] ERROR pipeline.SCMPipelineManager (SCMPipelineManager.java:createPipeline(161)) - Pipeline creation failed due to exception: Unable to find enough nodes that meet the criteria that cannot engage in more than 5 pipelines. Nodes required: 3 Found: 0, healthy nodes count inNodeManager: 5.
2019-09-19 14:44:15,118 [IPC Server handler 1 on 39445] WARN  block.BlockManagerImpl (BlockManagerImpl.java:allocateBlock(192)) - Pipeline creation failed for type:RATIS factor:THREE. Retrying get pipelines call once.
org.apache.hadoop.hdds.scm.exceptions.SCMException: Unable to find enough nodes that meet the criteria that cannot engage in more than 5 pipelines. Nodes required: 3 Found: 0, healthy nodes count inNodeManager: 5.
	at org.apache.hadoop.hdds.scm.pipeline.PipelinePlacementPolicy.filterViableNodes(PipelinePlacementPolicy.java:147)
	at org.apache.hadoop.hdds.scm.pipeline.PipelinePlacementPolicy.chooseDatanodes(PipelinePlacementPolicy.java:170)
	at org.apache.hadoop.hdds.scm.pipeline.RatisPipelineProvider.create(RatisPipelineProvider.java:92)
	at org.apache.hadoop.hdds.scm.pipeline.PipelineFactory.create(PipelineFactory.java:57)
	at org.apache.hadoop.hdds.scm.pipeline.SCMPipelineManager.createPipeline(SCMPipelineManager.java:149)
	at org.apache.hadoop.hdds.scm.block.BlockManagerImpl.allocateBlock(BlockManagerImpl.java:190)
	at org.apache.hadoop.hdds.scm.server.SCMBlockProtocolServer.allocateBlock(SCMBlockProtocolServer.java:175)
	at org.apache.hadoop.ozone.protocolPB.ScmBlockLocationProtocolServerSideTranslatorPB.allocateScmBlock(ScmBlockLocationProtocolServerSideTranslatorPB.java:153)
	at org.apache.hadoop.ozone.protocolPB.ScmBlockLocationProtocolServerSideTranslatorPB.send(ScmBlockLocationProtocolServerSideTranslatorPB.java:112)
	at org.apache.hadoop.hdds.protocol.proto.ScmBlockLocationProtocolProtos$ScmBlockLocationProtocolService$2.callBlockingMethod(ScmBlockLocationProtocolProtos.java:13157)
	at org.apache.hadoop.ipc.ProtobufRpcEngine$Server$ProtoBufRpcInvoker.call(ProtobufRpcEngine.java:524)
	at org.apache.hadoop.ipc.RPC$Server.call(RPC.java:1025)
	at org.apache.hadoop.ipc.Server$RpcCall.run(Server.java:876)
	at org.apache.hadoop.ipc.Server$RpcCall.run(Server.java:822)
	at java.security.AccessController.doPrivileged(Native Method)
	at javax.security.auth.Subject.doAs(Subject.java:422)
	at org.apache.hadoop.security.UserGroupInformation.doAs(UserGroupInformation.java:1730)
	at org.apache.hadoop.ipc.Server$Handler.run(Server.java:2682)
2019-09-19 14:44:15,118 [IPC Server handler 1 on 39445] INFO  block.BlockManagerImpl (BlockManagerImpl.java:allocateBlock(198)) - Could not find available pipeline of type:RATIS and factor:THREE even after retrying
2019-09-19 14:44:15,119 [IPC Server handler 1 on 39445] ERROR block.BlockManagerImpl (BlockManagerImpl.java:allocateBlock(222)) - Unable to allocate a block for the size: 4194304, type: RATIS, factor: THREE
2019-09-19 14:44:15,119 [IPC Server handler 1 on 39445] ERROR pipeline.PipelinePlacementPolicy (PipelinePlacementPolicy.java:meetCriteria(91)) - Pipeline Placement: Doesn't meet the criteria to be viable node. Heaviness: 6
2019-09-19 14:44:15,119 [IPC Server handler 1 on 39445] ERROR pipeline.PipelinePlacementPolicy (PipelinePlacementPolicy.java:meetCriteria(91)) - Pipeline Placement: Doesn't meet the criteria to be viable node. Heaviness: 6
2019-09-19 14:44:15,119 [IPC Server handler 1 on 39445] ERROR pipeline.PipelinePlacementPolicy (PipelinePlacementPolicy.java:meetCriteria(91)) - Pipeline Placement: Doesn't meet the criteria to be viable node. Heaviness: 6
2019-09-19 14:44:15,119 [IPC Server handler 1 on 39445] ERROR pipeline.PipelinePlacementPolicy (PipelinePlacementPolicy.java:meetCriteria(91)) - Pipeline Placement: Doesn't meet the criteria to be viable node. Heaviness: 6
2019-09-19 14:44:15,119 [IPC Server handler 1 on 39445] ERROR pipeline.PipelinePlacementPolicy (PipelinePlacementPolicy.java:meetCriteria(91)) - Pipeline Placement: Doesn't meet the criteria to be viable node. Heaviness: 6
2019-09-19 14:44:15,120 [IPC Server handler 1 on 39445] ERROR pipeline.PipelinePlacementPolicy (PipelinePlacementPolicy.java:filterViableNodes(146)) - Unable to find enough nodes that meet the criteria that cannot engage in more than 5 pipelines. Nodes required: 3 Found: 0, healthy nodes count inNodeManager: 5.
2019-09-19 14:44:15,120 [IPC Server handler 1 on 39445] ERROR pipeline.SCMPipelineManager (SCMPipelineManager.java:createPipeline(161)) - Pipeline creation failed due to exception: Unable to find enough nodes that meet the criteria that cannot engage in more than 5 pipelines. Nodes required: 3 Found: 0, healthy nodes count inNodeManager: 5.
2019-09-19 14:44:15,120 [IPC Server handler 1 on 39445] WARN  block.BlockManagerImpl (BlockManagerImpl.java:allocateBlock(192)) - Pipeline creation failed for type:RATIS factor:THREE. Retrying get pipelines call once.
org.apache.hadoop.hdds.scm.exceptions.SCMException: Unable to find enough nodes that meet the criteria that cannot engage in more than 5 pipelines. Nodes required: 3 Found: 0, healthy nodes count inNodeManager: 5.
	at org.apache.hadoop.hdds.scm.pipeline.PipelinePlacementPolicy.filterViableNodes(PipelinePlacementPolicy.java:147)
	at org.apache.hadoop.hdds.scm.pipeline.PipelinePlacementPolicy.chooseDatanodes(PipelinePlacementPolicy.java:170)
	at org.apache.hadoop.hdds.scm.pipeline.RatisPipelineProvider.create(RatisPipelineProvider.java:92)
	at org.apache.hadoop.hdds.scm.pipeline.PipelineFactory.create(PipelineFactory.java:57)
	at org.apache.hadoop.hdds.scm.pipeline.SCMPipelineManager.createPipeline(SCMPipelineManager.java:149)
	at org.apache.hadoop.hdds.scm.block.BlockManagerImpl.allocateBlock(BlockManagerImpl.java:190)
	at org.apache.hadoop.hdds.scm.server.SCMBlockProtocolServer.allocateBlock(SCMBlockProtocolServer.java:175)
	at org.apache.hadoop.ozone.protocolPB.ScmBlockLocationProtocolServerSideTranslatorPB.allocateScmBlock(ScmBlockLocationProtocolServerSideTranslatorPB.java:153)
	at org.apache.hadoop.ozone.protocolPB.ScmBlockLocationProtocolServerSideTranslatorPB.send(ScmBlockLocationProtocolServerSideTranslatorPB.java:112)
	at org.apache.hadoop.hdds.protocol.proto.ScmBlockLocationProtocolProtos$ScmBlockLocationProtocolService$2.callBlockingMethod(ScmBlockLocationProtocolProtos.java:13157)
	at org.apache.hadoop.ipc.ProtobufRpcEngine$Server$ProtoBufRpcInvoker.call(ProtobufRpcEngine.java:524)
	at org.apache.hadoop.ipc.RPC$Server.call(RPC.java:1025)
	at org.apache.hadoop.ipc.Server$RpcCall.run(Server.java:876)
	at org.apache.hadoop.ipc.Server$RpcCall.run(Server.java:822)
	at java.security.AccessController.doPrivileged(Native Method)
	at javax.security.auth.Subject.doAs(Subject.java:422)
	at org.apache.hadoop.security.UserGroupInformation.doAs(UserGroupInformation.java:1730)
	at org.apache.hadoop.ipc.Server$Handler.run(Server.java:2682)
2019-09-19 14:44:15,120 [IPC Server handler 1 on 39445] INFO  block.BlockManagerImpl (BlockManagerImpl.java:allocateBlock(198)) - Could not find available pipeline of type:RATIS and factor:THREE even after retrying
2019-09-19 14:44:15,121 [IPC Server handler 1 on 39445] ERROR block.BlockManagerImpl (BlockManagerImpl.java:allocateBlock(222)) - Unable to allocate a block for the size: 4194304, type: RATIS, factor: THREE
2019-09-19 14:44:15,121 [IPC Server handler 1 on 39445] ERROR pipeline.PipelinePlacementPolicy (PipelinePlacementPolicy.java:meetCriteria(91)) - Pipeline Placement: Doesn't meet the criteria to be viable node. Heaviness: 6
2019-09-19 14:44:15,121 [IPC Server handler 1 on 39445] ERROR pipeline.PipelinePlacementPolicy (PipelinePlacementPolicy.java:meetCriteria(91)) - Pipeline Placement: Doesn't meet the criteria to be viable node. Heaviness: 6
2019-09-19 14:44:15,121 [IPC Server handler 1 on 39445] ERROR pipeline.PipelinePlacementPolicy (PipelinePlacementPolicy.java:meetCriteria(91)) - Pipeline Placement: Doesn't meet the criteria to be viable node. Heaviness: 6
2019-09-19 14:44:15,121 [IPC Server handler 1 on 39445] ERROR pipeline.PipelinePlacementPolicy (PipelinePlacementPolicy.java:meetCriteria(91)) - Pipeline Placement: Doesn't meet the criteria to be viable node. Heaviness: 6
2019-09-19 14:44:15,121 [IPC Server handler 1 on 39445] ERROR pipeline.PipelinePlacementPolicy (PipelinePlacementPolicy.java:meetCriteria(91)) - Pipeline Placement: Doesn't meet the criteria to be viable node. Heaviness: 6
2019-09-19 14:44:15,122 [IPC Server handler 1 on 39445] ERROR pipeline.PipelinePlacementPolicy (PipelinePlacementPolicy.java:filterViableNodes(146)) - Unable to find enough nodes that meet the criteria that cannot engage in more than 5 pipelines. Nodes required: 3 Found: 0, healthy nodes count inNodeManager: 5.
2019-09-19 14:44:15,122 [IPC Server handler 1 on 39445] ERROR pipeline.SCMPipelineManager (SCMPipelineManager.java:createPipeline(161)) - Pipeline creation failed due to exception: Unable to find enough nodes that meet the criteria that cannot engage in more than 5 pipelines. Nodes required: 3 Found: 0, healthy nodes count inNodeManager: 5.
2019-09-19 14:44:15,122 [IPC Server handler 1 on 39445] WARN  block.BlockManagerImpl (BlockManagerImpl.java:allocateBlock(192)) - Pipeline creation failed for type:RATIS factor:THREE. Retrying get pipelines call once.
org.apache.hadoop.hdds.scm.exceptions.SCMException: Unable to find enough nodes that meet the criteria that cannot engage in more than 5 pipelines. Nodes required: 3 Found: 0, healthy nodes count inNodeManager: 5.
	at org.apache.hadoop.hdds.scm.pipeline.PipelinePlacementPolicy.filterViableNodes(PipelinePlacementPolicy.java:147)
	at org.apache.hadoop.hdds.scm.pipeline.PipelinePlacementPolicy.chooseDatanodes(PipelinePlacementPolicy.java:170)
	at org.apache.hadoop.hdds.scm.pipeline.RatisPipelineProvider.create(RatisPipelineProvider.java:92)
	at org.apache.hadoop.hdds.scm.pipeline.PipelineFactory.create(PipelineFactory.java:57)
	at org.apache.hadoop.hdds.scm.pipeline.SCMPipelineManager.createPipeline(SCMPipelineManager.java:149)
	at org.apache.hadoop.hdds.scm.block.BlockManagerImpl.allocateBlock(BlockManagerImpl.java:190)
	at org.apache.hadoop.hdds.scm.server.SCMBlockProtocolServer.allocateBlock(SCMBlockProtocolServer.java:175)
	at org.apache.hadoop.ozone.protocolPB.ScmBlockLocationProtocolServerSideTranslatorPB.allocateScmBlock(ScmBlockLocationProtocolServerSideTranslatorPB.java:153)
	at org.apache.hadoop.ozone.protocolPB.ScmBlockLocationProtocolServerSideTranslatorPB.send(ScmBlockLocationProtocolServerSideTranslatorPB.java:112)
	at org.apache.hadoop.hdds.protocol.proto.ScmBlockLocationProtocolProtos$ScmBlockLocationProtocolService$2.callBlockingMethod(ScmBlockLocationProtocolProtos.java:13157)
	at org.apache.hadoop.ipc.ProtobufRpcEngine$Server$ProtoBufRpcInvoker.call(ProtobufRpcEngine.java:524)
	at org.apache.hadoop.ipc.RPC$Server.call(RPC.java:1025)
	at org.apache.hadoop.ipc.Server$RpcCall.run(Server.java:876)
	at org.apache.hadoop.ipc.Server$RpcCall.run(Server.java:822)
	at java.security.AccessController.doPrivileged(Native Method)
	at javax.security.auth.Subject.doAs(Subject.java:422)
	at org.apache.hadoop.security.UserGroupInformation.doAs(UserGroupInformation.java:1730)
	at org.apache.hadoop.ipc.Server$Handler.run(Server.java:2682)
2019-09-19 14:44:15,122 [IPC Server handler 1 on 39445] INFO  block.BlockManagerImpl (BlockManagerImpl.java:allocateBlock(198)) - Could not find available pipeline of type:RATIS and factor:THREE even after retrying
2019-09-19 14:44:15,122 [IPC Server handler 1 on 39445] ERROR block.BlockManagerImpl (BlockManagerImpl.java:allocateBlock(222)) - Unable to allocate a block for the size: 4194304, type: RATIS, factor: THREE
2019-09-19 14:44:15,123 | INFO  | SCMAudit | user=jenkins1000 | ip=192.168.5.132 | op=ALLOCATE_BLOCK {owner=0a705d9c-cbcd-4067-a246-e5e02757e38f, size=4194304, type=RATIS, factor=THREE} | ret=SUCCESS |  
2019-09-19 14:44:15,124 | ERROR | OMAudit | user=jenkins1000 | ip=127.0.0.1 | op=ALLOCATE_KEY {volume=vol-0-09095, bucket=bucket-0-16116, key=key-0-77657, dataSize=20971520, replicationType=RATIS, replicationFactor=THREE, keyLocationInfo=null} | ret=FAILURE | org.apache.hadoop.hdds.scm.exceptions.SCMException: Allocated 0 blocks. Requested 5 blocks
	at org.apache.hadoop.hdds.scm.protocolPB.ScmBlockLocationProtocolClientSideTranslatorPB.handleError(ScmBlockLocationProtocolClientSideTranslatorPB.java:118)
	at org.apache.hadoop.hdds.scm.protocolPB.ScmBlockLocationProtocolClientSideTranslatorPB.allocateBlock(ScmBlockLocationProtocolClientSideTranslatorPB.java:156) 
2019-09-19 14:44:15,125 [pool-79-thread-4] ERROR freon.RandomKeyGenerator (RandomKeyGenerator.java:createKey(724)) - Exception while adding key: key-0-77657 in bucket: bucket-0-16116 of volume: vol-0-09095.
INTERNAL_ERROR org.apache.hadoop.ozone.om.exceptions.OMException: Allocated 0 blocks. Requested 5 blocks
	at org.apache.hadoop.ozone.om.protocolPB.OzoneManagerProtocolClientSideTranslatorPB.handleError(OzoneManagerProtocolClientSideTranslatorPB.java:725)
	at org.apache.hadoop.ozone.om.protocolPB.OzoneManagerProtocolClientSideTranslatorPB.openKey(OzoneManagerProtocolClientSideTranslatorPB.java:716)
	at org.apache.hadoop.ozone.client.rpc.RpcClient.createKey(RpcClient.java:615)
	at org.apache.hadoop.ozone.client.OzoneBucket.createKey(OzoneBucket.java:323)
	at org.apache.hadoop.ozone.freon.RandomKeyGenerator.createKey(RandomKeyGenerator.java:686)
	at org.apache.hadoop.ozone.freon.RandomKeyGenerator.access$1100(RandomKeyGenerator.java:87)
	at org.apache.hadoop.ozone.freon.RandomKeyGenerator$ObjectCreator.run(RandomKeyGenerator.java:606)
	at java.util.concurrent.Executors$RunnableAdapter.call(Executors.java:511)
	at java.util.concurrent.FutureTask.run(FutureTask.java:266)
	at java.util.concurrent.ThreadPoolExecutor.runWorker(ThreadPoolExecutor.java:1149)
	at java.util.concurrent.ThreadPoolExecutor$Worker.run(ThreadPoolExecutor.java:624)
	at java.lang.Thread.run(Thread.java:748)
2019-09-19 14:44:15,291 | INFO  | SCMAudit | user=jenkins1000 | ip=192.168.5.132 | op=SEND_HEARTBEAT {datanodeUUID=04a15483-b111-42a3-8ff7-e193b3ee6246, command=[]} | ret=SUCCESS |  
2019-09-19 14:44:15,351 | INFO  | SCMAudit | user=jenkins1000 | ip=192.168.5.132 | op=SEND_HEARTBEAT {datanodeUUID=94ffd37a-7fba-4e2b-aec6-167a5be5db83, command=[]} | ret=SUCCESS |  
2019-09-19 14:44:15,416 | INFO  | SCMAudit | user=jenkins1000 | ip=192.168.5.132 | op=SEND_HEARTBEAT {datanodeUUID=5f94aeea-aba2-49fa-a1fa-8df10a3eed4d, command=[]} | ret=SUCCESS |  
2019-09-19 14:44:15,655 | INFO  | SCMAudit | user=jenkins1000 | ip=192.168.5.132 | op=SEND_HEARTBEAT {datanodeUUID=a4e26ddf-7cab-415d-8560-150ea8262212, command=[]} | ret=SUCCESS |  
2019-09-19 14:44:15,958 | INFO  | SCMAudit | user=jenkins1000 | ip=192.168.5.132 | op=SEND_HEARTBEAT {datanodeUUID=550ad0a3-b6ae-44bc-a70a-b51f5a4003f3, command=[]} | ret=SUCCESS |  
 0.00% |█                                                                                                    |  0/1 Time: 0:00:012019-09-19 14:44:16,291 | INFO  | SCMAudit | user=jenkins1000 | ip=192.168.5.132 | op=SEND_HEARTBEAT {datanodeUUID=04a15483-b111-42a3-8ff7-e193b3ee6246, command=[]} | ret=SUCCESS |  
2019-09-19 14:44:16,351 | INFO  | SCMAudit | user=jenkins1000 | ip=192.168.5.132 | op=SEND_HEARTBEAT {datanodeUUID=94ffd37a-7fba-4e2b-aec6-167a5be5db83, command=[]} | ret=SUCCESS |  
2019-09-19 14:44:16,417 | INFO  | SCMAudit | user=jenkins1000 | ip=192.168.5.132 | op=SEND_HEARTBEAT {datanodeUUID=5f94aeea-aba2-49fa-a1fa-8df10a3eed4d, command=[]} | ret=SUCCESS |  
2019-09-19 14:44:16,671 | INFO  | SCMAudit | user=jenkins1000 | ip=192.168.5.132 | op=SEND_HEARTBEAT {datanodeUUID=a4e26ddf-7cab-415d-8560-150ea8262212, command=[]} | ret=SUCCESS |  
2019-09-19 14:44:16,958 | INFO  | SCMAudit | user=jenkins1000 | ip=192.168.5.132 | op=SEND_HEARTBEAT {datanodeUUID=550ad0a3-b6ae-44bc-a70a-b51f5a4003f3, command=[]} | ret=SUCCESS |  
 0.00% |█                                                                                                    |  0/1 Time: 0:00:022019-09-19 14:44:17,290 | INFO  | SCMAudit | user=jenkins1000 | ip=192.168.5.132 | op=SEND_HEARTBEAT {datanodeUUID=04a15483-b111-42a3-8ff7-e193b3ee6246, command=[]} | ret=SUCCESS |  
2019-09-19 14:44:17,351 | INFO  | SCMAudit | user=jenkins1000 | ip=192.168.5.132 | op=SEND_HEARTBEAT {datanodeUUID=94ffd37a-7fba-4e2b-aec6-167a5be5db83, command=[]} | ret=SUCCESS |  
2019-09-19 14:44:17,416 | INFO  | SCMAudit | user=jenkins1000 | ip=192.168.5.132 | op=SEND_HEARTBEAT {datanodeUUID=5f94aeea-aba2-49fa-a1fa-8df10a3eed4d, command=[]} | ret=SUCCESS |  
2019-09-19 14:44:17,655 | INFO  | SCMAudit | user=jenkins1000 | ip=192.168.5.132 | op=SEND_HEARTBEAT {datanodeUUID=a4e26ddf-7cab-415d-8560-150ea8262212, command=[]} | ret=SUCCESS |  
2019-09-19 14:44:17,958 | INFO  | SCMAudit | user=jenkins1000 | ip=192.168.5.132 | op=SEND_HEARTBEAT {datanodeUUID=550ad0a3-b6ae-44bc-a70a-b51f5a4003f3, command=[]} | ret=SUCCESS |  
 0.00% |█                                                                                                    |  0/1 Time: 0:00:032019-09-19 14:44:18,291 | INFO  | SCMAudit | user=jenkins1000 | ip=192.168.5.132 | op=SEND_HEARTBEAT {datanodeUUID=04a15483-b111-42a3-8ff7-e193b3ee6246, command=[]} | ret=SUCCESS |  
2019-09-19 14:44:18,352 | INFO  | SCMAudit | user=jenkins1000 | ip=192.168.5.132 | op=SEND_HEARTBEAT {datanodeUUID=94ffd37a-7fba-4e2b-aec6-167a5be5db83, command=[]} | ret=SUCCESS |  
2019-09-19 14:44:18,417 | INFO  | SCMAudit | user=jenkins1000 | ip=192.168.5.132 | op=SEND_HEARTBEAT {datanodeUUID=5f94aeea-aba2-49fa-a1fa-8df10a3eed4d, command=[]} | ret=SUCCESS |  
2019-09-19 14:44:18,655 | INFO  | SCMAudit | user=jenkins1000 | ip=192.168.5.132 | op=SEND_HEARTBEAT {datanodeUUID=a4e26ddf-7cab-415d-8560-150ea8262212, command=[]} | ret=SUCCESS |  
2019-09-19 14:44:18,958 | INFO  | SCMAudit | user=jenkins1000 | ip=192.168.5.132 | op=SEND_HEARTBEAT {datanodeUUID=550ad0a3-b6ae-44bc-a70a-b51f5a4003f3, command=[]} | ret=SUCCESS |  
 0.00% |█                                                                                                    |  0/1 Time: 0:00:042019-09-19 14:44:19,291 | INFO  | SCMAudit | user=jenkins1000 | ip=192.168.5.132 | op=SEND_HEARTBEAT {datanodeUUID=04a15483-b111-42a3-8ff7-e193b3ee6246, command=[]} | ret=SUCCESS |  
2019-09-19 14:44:19,352 | INFO  | SCMAudit | user=jenkins1000 | ip=192.168.5.132 | op=SEND_HEARTBEAT {datanodeUUID=94ffd37a-7fba-4e2b-aec6-167a5be5db83, command=[]} | ret=SUCCESS |  
2019-09-19 14:44:19,416 | INFO  | SCMAudit | user=jenkins1000 | ip=192.168.5.132 | op=SEND_HEARTBEAT {datanodeUUID=5f94aeea-aba2-49fa-a1fa-8df10a3eed4d, command=[]} | ret=SUCCESS |  
2019-09-19 14:44:19,654 | INFO  | SCMAudit | user=jenkins1000 | ip=192.168.5.132 | op=SEND_HEARTBEAT {datanodeUUID=a4e26ddf-7cab-415d-8560-150ea8262212, command=[]} | ret=SUCCESS |  
2019-09-19 14:44:19,959 | INFO  | SCMAudit | user=jenkins1000 | ip=192.168.5.132 | op=SEND_HEARTBEAT {datanodeUUID=550ad0a3-b6ae-44bc-a70a-b51f5a4003f3, command=[]} | ret=SUCCESS |  
 100.00% |█████████████████████████████████████████████████████████████████████████████████████████████████████|  1/1 Time: 0:00:05
2019-09-19 14:44:20,291 | INFO  | SCMAudit | user=jenkins1000 | ip=192.168.5.132 | op=SEND_HEARTBEAT {datanodeUUID=04a15483-b111-42a3-8ff7-e193b3ee6246, command=[]} | ret=SUCCESS |  
2019-09-19 14:44:20,352 | INFO  | SCMAudit | user=jenkins1000 | ip=192.168.5.132 | op=SEND_HEARTBEAT {datanodeUUID=94ffd37a-7fba-4e2b-aec6-167a5be5db83, command=[]} | ret=SUCCESS |  
2019-09-19 14:44:20,417 | INFO  | SCMAudit | user=jenkins1000 | ip=192.168.5.132 | op=SEND_HEARTBEAT {datanodeUUID=5f94aeea-aba2-49fa-a1fa-8df10a3eed4d, command=[]} | ret=SUCCESS |  
2019-09-19 14:44:20,655 | INFO  | SCMAudit | user=jenkins1000 | ip=192.168.5.132 | op=SEND_HEARTBEAT {datanodeUUID=a4e26ddf-7cab-415d-8560-150ea8262212, command=[]} | ret=SUCCESS |  
2019-09-19 14:44:20,959 | INFO  | SCMAudit | user=jenkins1000 | ip=192.168.5.132 | op=SEND_HEARTBEAT {datanodeUUID=550ad0a3-b6ae-44bc-a70a-b51f5a4003f3, command=[]} | ret=SUCCESS |  
2019-09-19 14:44:21,291 | INFO  | SCMAudit | user=jenkins1000 | ip=192.168.5.132 | op=SEND_HEARTBEAT {datanodeUUID=04a15483-b111-42a3-8ff7-e193b3ee6246, command=[]} | ret=SUCCESS |  
2019-09-19 14:44:21,351 | INFO  | SCMAudit | user=jenkins1000 | ip=192.168.5.132 | op=SEND_HEARTBEAT {datanodeUUID=94ffd37a-7fba-4e2b-aec6-167a5be5db83, command=[]} | ret=SUCCESS |  
2019-09-19 14:44:21,417 | INFO  | SCMAudit | user=jenkins1000 | ip=192.168.5.132 | op=SEND_HEARTBEAT {datanodeUUID=5f94aeea-aba2-49fa-a1fa-8df10a3eed4d, command=[]} | ret=SUCCESS |  
2019-09-19 14:44:21,655 | INFO  | SCMAudit | user=jenkins1000 | ip=192.168.5.132 | op=SEND_HEARTBEAT {datanodeUUID=a4e26ddf-7cab-415d-8560-150ea8262212, command=[]} | ret=SUCCESS |  
2019-09-19 14:44:21,958 | INFO  | SCMAudit | user=jenkins1000 | ip=192.168.5.132 | op=SEND_HEARTBEAT {datanodeUUID=550ad0a3-b6ae-44bc-a70a-b51f5a4003f3, command=[]} | ret=SUCCESS |  
2019-09-19 14:44:22,290 | INFO  | SCMAudit | user=jenkins1000 | ip=192.168.5.132 | op=SEND_HEARTBEAT {datanodeUUID=04a15483-b111-42a3-8ff7-e193b3ee6246, command=[]} | ret=SUCCESS |  
2019-09-19 14:44:22,351 | INFO  | SCMAudit | user=jenkins1000 | ip=192.168.5.132 | op=SEND_HEARTBEAT {datanodeUUID=94ffd37a-7fba-4e2b-aec6-167a5be5db83, command=[]} | ret=SUCCESS |  
2019-09-19 14:44:22,417 | INFO  | SCMAudit | user=jenkins1000 | ip=192.168.5.132 | op=SEND_HEARTBEAT {datanodeUUID=5f94aeea-aba2-49fa-a1fa-8df10a3eed4d, command=[]} | ret=SUCCESS |  
2019-09-19 14:44:22,655 | INFO  | SCMAudit | user=jenkins1000 | ip=192.168.5.132 | op=SEND_HEARTBEAT {datanodeUUID=a4e26ddf-7cab-415d-8560-150ea8262212, command=[]} | ret=SUCCESS |  
2019-09-19 14:44:22,959 | INFO  | SCMAudit | user=jenkins1000 | ip=192.168.5.132 | op=SEND_HEARTBEAT {datanodeUUID=550ad0a3-b6ae-44bc-a70a-b51f5a4003f3, command=[]} | ret=SUCCESS |  
2019-09-19 14:44:23,291 | INFO  | SCMAudit | user=jenkins1000 | ip=192.168.5.132 | op=SEND_HEARTBEAT {datanodeUUID=04a15483-b111-42a3-8ff7-e193b3ee6246, command=[]} | ret=SUCCESS |  
2019-09-19 14:44:23,352 | INFO  | SCMAudit | user=jenkins1000 | ip=192.168.5.132 | op=SEND_HEARTBEAT {datanodeUUID=94ffd37a-7fba-4e2b-aec6-167a5be5db83, command=[]} | ret=SUCCESS |  
2019-09-19 14:44:23,417 | INFO  | SCMAudit | user=jenkins1000 | ip=192.168.5.132 | op=SEND_HEARTBEAT {datanodeUUID=5f94aeea-aba2-49fa-a1fa-8df10a3eed4d, command=[]} | ret=SUCCESS |  
2019-09-19 14:44:23,656 | INFO  | SCMAudit | user=jenkins1000 | ip=192.168.5.132 | op=SEND_HEARTBEAT {datanodeUUID=a4e26ddf-7cab-415d-8560-150ea8262212, command=[]} | ret=SUCCESS |  
2019-09-19 14:44:23,959 | INFO  | SCMAudit | user=jenkins1000 | ip=192.168.5.132 | op=SEND_HEARTBEAT {datanodeUUID=550ad0a3-b6ae-44bc-a70a-b51f5a4003f3, command=[]} | ret=SUCCESS |  
2019-09-19 14:44:24,291 | INFO  | SCMAudit | user=jenkins1000 | ip=192.168.5.132 | op=SEND_HEARTBEAT {datanodeUUID=04a15483-b111-42a3-8ff7-e193b3ee6246, command=[]} | ret=SUCCESS |  
2019-09-19 14:44:24,351 | INFO  | SCMAudit | user=jenkins1000 | ip=192.168.5.132 | op=SEND_HEARTBEAT {datanodeUUID=94ffd37a-7fba-4e2b-aec6-167a5be5db83, command=[]} | ret=SUCCESS |  
2019-09-19 14:44:24,417 | INFO  | SCMAudit | user=jenkins1000 | ip=192.168.5.132 | op=SEND_HEARTBEAT {datanodeUUID=5f94aeea-aba2-49fa-a1fa-8df10a3eed4d, command=[]} | ret=SUCCESS |  
2019-09-19 14:44:24,656 | INFO  | SCMAudit | user=jenkins1000 | ip=192.168.5.132 | op=SEND_HEARTBEAT {datanodeUUID=a4e26ddf-7cab-415d-8560-150ea8262212, command=[]} | ret=SUCCESS |  
2019-09-19 14:44:24,959 | INFO  | SCMAudit | user=jenkins1000 | ip=192.168.5.132 | op=SEND_HEARTBEAT {datanodeUUID=550ad0a3-b6ae-44bc-a70a-b51f5a4003f3, command=[]} | ret=SUCCESS |  
]]></system-out>
  </testcase>
  <testcase name="validateWriteTest" classname="org.apache.hadoop.ozone.freon.TestDataValidateWithUnsafeByteOperations" time="10.024">
    <error message="Allocated 0 blocks. Requested 1 blocks" type="INTERNAL_ERROR org.apache.hadoop.ozone.om.exceptions.OMException">INTERNAL_ERROR org.apache.hadoop.ozone.om.exceptions.OMException: Allocated 0 blocks. Requested 1 blocks
	at org.apache.hadoop.ozone.om.protocolPB.OzoneManagerProtocolClientSideTranslatorPB.handleError(OzoneManagerProtocolClientSideTranslatorPB.java:725)
	at org.apache.hadoop.ozone.om.protocolPB.OzoneManagerProtocolClientSideTranslatorPB.openKey(OzoneManagerProtocolClientSideTranslatorPB.java:716)
	at org.apache.hadoop.ozone.client.rpc.RpcClient.createKey(RpcClient.java:615)
	at org.apache.hadoop.ozone.client.OzoneBucket.createKey(OzoneBucket.java:323)
	at org.apache.hadoop.ozone.freon.RandomKeyGenerator.createKey(RandomKeyGenerator.java:686)
	at org.apache.hadoop.ozone.freon.RandomKeyGenerator.access$1100(RandomKeyGenerator.java:87)
	at org.apache.hadoop.ozone.freon.RandomKeyGenerator$ObjectCreator.run(RandomKeyGenerator.java:606)
	at java.util.concurrent.Executors$RunnableAdapter.call(Executors.java:511)
	at java.util.concurrent.FutureTask.run(FutureTask.java:266)
	at java.util.concurrent.ThreadPoolExecutor.runWorker(ThreadPoolExecutor.java:1149)
	at java.util.concurrent.ThreadPoolExecutor$Worker.run(ThreadPoolExecutor.java:624)
	at java.lang.Thread.run(Thread.java:748)
</error>
    <system-out><![CDATA[2019-09-19 14:44:25,093 [main] INFO  freon.RandomKeyGenerator (RandomKeyGenerator.java:call(275)) - Number of Threads: 10
2019-09-19 14:44:25,093 [main] INFO  freon.RandomKeyGenerator (RandomKeyGenerator.java:call(280)) - Number of Volumes: 2.
2019-09-19 14:44:25,094 [main] INFO  freon.RandomKeyGenerator (RandomKeyGenerator.java:call(281)) - Number of Buckets per Volume: 5.
2019-09-19 14:44:25,094 [main] INFO  freon.RandomKeyGenerator (RandomKeyGenerator.java:call(282)) - Number of Keys per Bucket: 10.
2019-09-19 14:44:25,094 [main] INFO  freon.RandomKeyGenerator (RandomKeyGenerator.java:call(283)) - Key size: 10240 bytes
2019-09-19 14:44:25,094 [main] INFO  freon.RandomKeyGenerator (RandomKeyGenerator.java:call(284)) - Buffer size: 4096 bytes
2019-09-19 14:44:25,095 [pool-80-thread-1] INFO  rpc.RpcClient (RpcClient.java:createVolume(293)) - Creating Volume: vol-0-73501, with jenkins1000 as owner.
2019-09-19 14:44:25,096 [pool-80-thread-2] INFO  rpc.RpcClient (RpcClient.java:createVolume(293)) - Creating Volume: vol-1-78215, with jenkins1000 as owner.
2019-09-19 14:44:25,096 [main] INFO  freon.RandomKeyGenerator (RandomKeyGenerator.java:call(298)) - Data validation is enabled.
2019-09-19 14:44:25,099 [main] INFO  freon.RandomKeyGenerator (RandomKeyGenerator.java:call(304)) - Starting progress bar Thread.

 0.00% |█                                                                                                    |  0/100 Time: 0:00:002019-09-19 14:44:25,101 | INFO  | OMAudit | user=jenkins1000 | ip=127.0.0.1 | op=CREATE_VOLUME {admin=jenkins1000, owner=jenkins1000, volume=vol-1-78215, creationTime=1568904265100, quotaInBytes=1152921504606846976} | ret=SUCCESS |  
2019-09-19 14:44:25,101 | INFO  | OMAudit | user=jenkins1000 | ip=127.0.0.1 | op=CREATE_VOLUME {admin=jenkins1000, owner=jenkins1000, volume=vol-0-73501, creationTime=1568904265101, quotaInBytes=1152921504606846976} | ret=SUCCESS |  
2019-09-19 14:44:25,107 | INFO  | OMAudit | user=jenkins1000 | ip=127.0.0.1 | op=READ_VOLUME {volume=vol-1-78215} | ret=SUCCESS |  
2019-09-19 14:44:25,107 | INFO  | OMAudit | user=jenkins1000 | ip=127.0.0.1 | op=READ_VOLUME {volume=vol-0-73501} | ret=SUCCESS |  
2019-09-19 14:44:25,113 [pool-80-thread-1] INFO  rpc.RpcClient (RpcClient.java:createBucket(432)) - Creating Bucket: vol-0-73501/bucket-4-61129, with Versioning false and Storage Type set to DISK and Encryption set to false 
2019-09-19 14:44:25,113 [pool-80-thread-2] INFO  rpc.RpcClient (RpcClient.java:createBucket(432)) - Creating Bucket: vol-1-78215/bucket-4-77881, with Versioning false and Storage Type set to DISK and Encryption set to false 
2019-09-19 14:44:25,115 | INFO  | OMAudit | user=jenkins1000 | ip=127.0.0.1 | op=CREATE_BUCKET {volume=vol-0-73501, bucket=bucket-4-61129, acls=[user:jenkins1000:a[ACCESS], group:default:a[ACCESS]], isVersionEnabled=false, storageType=DISK, creationTime=0} | ret=SUCCESS |  
2019-09-19 14:44:25,115 | INFO  | OMAudit | user=jenkins1000 | ip=127.0.0.1 | op=CREATE_BUCKET {volume=vol-1-78215, bucket=bucket-4-77881, acls=[user:jenkins1000:a[ACCESS], group:default:a[ACCESS]], isVersionEnabled=false, storageType=DISK, creationTime=0} | ret=SUCCESS |  
2019-09-19 14:44:25,118 [pool-80-thread-3] INFO  rpc.RpcClient (RpcClient.java:createBucket(432)) - Creating Bucket: vol-0-73501/bucket-0-92093, with Versioning false and Storage Type set to DISK and Encryption set to false 
2019-09-19 14:44:25,118 [pool-80-thread-9] INFO  rpc.RpcClient (RpcClient.java:createBucket(432)) - Creating Bucket: vol-0-73501/bucket-3-40248, with Versioning false and Storage Type set to DISK and Encryption set to false 
2019-09-19 14:44:25,118 [pool-80-thread-6] INFO  rpc.RpcClient (RpcClient.java:createBucket(432)) - Creating Bucket: vol-1-78215/bucket-1-96713, with Versioning false and Storage Type set to DISK and Encryption set to false 
2019-09-19 14:44:25,119 | INFO  | OMAudit | user=jenkins1000 | ip=127.0.0.1 | op=READ_BUCKET {volume=vol-1-78215, bucket=bucket-4-77881} | ret=SUCCESS |  
2019-09-19 14:44:25,119 | INFO  | OMAudit | user=jenkins1000 | ip=127.0.0.1 | op=READ_BUCKET {volume=vol-0-73501, bucket=bucket-4-61129} | ret=SUCCESS |  
2019-09-19 14:44:25,118 [pool-80-thread-4] INFO  rpc.RpcClient (RpcClient.java:createBucket(432)) - Creating Bucket: vol-1-78215/bucket-0-65465, with Versioning false and Storage Type set to DISK and Encryption set to false 
2019-09-19 14:44:25,118 [pool-80-thread-8] INFO  rpc.RpcClient (RpcClient.java:createBucket(432)) - Creating Bucket: vol-1-78215/bucket-2-23406, with Versioning false and Storage Type set to DISK and Encryption set to false 
2019-09-19 14:44:25,118 [pool-80-thread-5] INFO  rpc.RpcClient (RpcClient.java:createBucket(432)) - Creating Bucket: vol-0-73501/bucket-1-24806, with Versioning false and Storage Type set to DISK and Encryption set to false 
2019-09-19 14:44:25,118 [pool-80-thread-7] INFO  rpc.RpcClient (RpcClient.java:createBucket(432)) - Creating Bucket: vol-0-73501/bucket-2-94566, with Versioning false and Storage Type set to DISK and Encryption set to false 
2019-09-19 14:44:25,119 [pool-80-thread-10] INFO  rpc.RpcClient (RpcClient.java:createBucket(432)) - Creating Bucket: vol-1-78215/bucket-3-80796, with Versioning false and Storage Type set to DISK and Encryption set to false 
2019-09-19 14:44:25,120 | INFO  | OMAudit | user=jenkins1000 | ip=127.0.0.1 | op=CREATE_BUCKET {volume=vol-0-73501, bucket=bucket-0-92093, acls=[user:jenkins1000:a[ACCESS], group:default:a[ACCESS]], isVersionEnabled=false, storageType=DISK, creationTime=0} | ret=SUCCESS |  
2019-09-19 14:44:25,120 | INFO  | OMAudit | user=jenkins1000 | ip=127.0.0.1 | op=CREATE_BUCKET {volume=vol-1-78215, bucket=bucket-1-96713, acls=[user:jenkins1000:a[ACCESS], group:default:a[ACCESS]], isVersionEnabled=false, storageType=DISK, creationTime=0} | ret=SUCCESS |  
2019-09-19 14:44:25,120 | INFO  | OMAudit | user=jenkins1000 | ip=127.0.0.1 | op=CREATE_BUCKET {volume=vol-0-73501, bucket=bucket-3-40248, acls=[user:jenkins1000:a[ACCESS], group:default:a[ACCESS]], isVersionEnabled=false, storageType=DISK, creationTime=0} | ret=SUCCESS |  
2019-09-19 14:44:25,121 | INFO  | OMAudit | user=jenkins1000 | ip=127.0.0.1 | op=CREATE_BUCKET {volume=vol-1-78215, bucket=bucket-0-65465, acls=[user:jenkins1000:a[ACCESS], group:default:a[ACCESS]], isVersionEnabled=false, storageType=DISK, creationTime=0} | ret=SUCCESS |  
2019-09-19 14:44:25,121 | INFO  | OMAudit | user=jenkins1000 | ip=127.0.0.1 | op=CREATE_BUCKET {volume=vol-1-78215, bucket=bucket-3-80796, acls=[user:jenkins1000:a[ACCESS], group:default:a[ACCESS]], isVersionEnabled=false, storageType=DISK, creationTime=0} | ret=SUCCESS |  
2019-09-19 14:44:25,121 | INFO  | OMAudit | user=jenkins1000 | ip=127.0.0.1 | op=CREATE_BUCKET {volume=vol-0-73501, bucket=bucket-1-24806, acls=[user:jenkins1000:a[ACCESS], group:default:a[ACCESS]], isVersionEnabled=false, storageType=DISK, creationTime=0} | ret=SUCCESS |  
2019-09-19 14:44:25,121 | INFO  | OMAudit | user=jenkins1000 | ip=127.0.0.1 | op=READ_BUCKET {volume=vol-0-73501, bucket=bucket-0-92093} | ret=SUCCESS |  
2019-09-19 14:44:25,122 | INFO  | OMAudit | user=jenkins1000 | ip=127.0.0.1 | op=READ_BUCKET {volume=vol-1-78215, bucket=bucket-1-96713} | ret=SUCCESS |  
2019-09-19 14:44:25,122 | INFO  | OMAudit | user=jenkins1000 | ip=127.0.0.1 | op=CREATE_BUCKET {volume=vol-1-78215, bucket=bucket-2-23406, acls=[user:jenkins1000:a[ACCESS], group:default:a[ACCESS]], isVersionEnabled=false, storageType=DISK, creationTime=0} | ret=SUCCESS |  
2019-09-19 14:44:25,122 | INFO  | OMAudit | user=jenkins1000 | ip=127.0.0.1 | op=CREATE_BUCKET {volume=vol-0-73501, bucket=bucket-2-94566, acls=[user:jenkins1000:a[ACCESS], group:default:a[ACCESS]], isVersionEnabled=false, storageType=DISK, creationTime=0} | ret=SUCCESS |  
2019-09-19 14:44:25,122 | INFO  | OMAudit | user=jenkins1000 | ip=127.0.0.1 | op=READ_BUCKET {volume=vol-0-73501, bucket=bucket-3-40248} | ret=SUCCESS |  
2019-09-19 14:44:25,125 | INFO  | OMAudit | user=jenkins1000 | ip=127.0.0.1 | op=READ_BUCKET {volume=vol-1-78215, bucket=bucket-3-80796} | ret=SUCCESS |  
2019-09-19 14:44:25,125 | INFO  | OMAudit | user=jenkins1000 | ip=127.0.0.1 | op=READ_BUCKET {volume=vol-0-73501, bucket=bucket-1-24806} | ret=SUCCESS |  
2019-09-19 14:44:25,125 | INFO  | OMAudit | user=jenkins1000 | ip=127.0.0.1 | op=READ_BUCKET {volume=vol-1-78215, bucket=bucket-2-23406} | ret=SUCCESS |  
2019-09-19 14:44:25,126 | INFO  | OMAudit | user=jenkins1000 | ip=127.0.0.1 | op=READ_BUCKET {volume=vol-1-78215, bucket=bucket-0-65465} | ret=SUCCESS |  
2019-09-19 14:44:25,126 | INFO  | OMAudit | user=jenkins1000 | ip=127.0.0.1 | op=READ_BUCKET {volume=vol-0-73501, bucket=bucket-2-94566} | ret=SUCCESS |  
2019-09-19 14:44:25,134 [IPC Server handler 3 on 39445] ERROR pipeline.PipelinePlacementPolicy (PipelinePlacementPolicy.java:meetCriteria(91)) - Pipeline Placement: Doesn't meet the criteria to be viable node. Heaviness: 6
2019-09-19 14:44:25,135 [IPC Server handler 3 on 39445] ERROR pipeline.PipelinePlacementPolicy (PipelinePlacementPolicy.java:meetCriteria(91)) - Pipeline Placement: Doesn't meet the criteria to be viable node. Heaviness: 6
2019-09-19 14:44:25,135 [IPC Server handler 3 on 39445] ERROR pipeline.PipelinePlacementPolicy (PipelinePlacementPolicy.java:meetCriteria(91)) - Pipeline Placement: Doesn't meet the criteria to be viable node. Heaviness: 6
2019-09-19 14:44:25,135 [IPC Server handler 3 on 39445] ERROR pipeline.PipelinePlacementPolicy (PipelinePlacementPolicy.java:meetCriteria(91)) - Pipeline Placement: Doesn't meet the criteria to be viable node. Heaviness: 6
2019-09-19 14:44:25,135 [IPC Server handler 3 on 39445] ERROR pipeline.PipelinePlacementPolicy (PipelinePlacementPolicy.java:meetCriteria(91)) - Pipeline Placement: Doesn't meet the criteria to be viable node. Heaviness: 6
2019-09-19 14:44:25,135 [IPC Server handler 3 on 39445] ERROR pipeline.PipelinePlacementPolicy (PipelinePlacementPolicy.java:filterViableNodes(146)) - Unable to find enough nodes that meet the criteria that cannot engage in more than 5 pipelines. Nodes required: 3 Found: 0, healthy nodes count inNodeManager: 5.
2019-09-19 14:44:25,135 [IPC Server handler 3 on 39445] ERROR pipeline.SCMPipelineManager (SCMPipelineManager.java:createPipeline(161)) - Pipeline creation failed due to exception: Unable to find enough nodes that meet the criteria that cannot engage in more than 5 pipelines. Nodes required: 3 Found: 0, healthy nodes count inNodeManager: 5.
2019-09-19 14:44:25,136 [IPC Server handler 3 on 39445] WARN  block.BlockManagerImpl (BlockManagerImpl.java:allocateBlock(192)) - Pipeline creation failed for type:RATIS factor:THREE. Retrying get pipelines call once.
org.apache.hadoop.hdds.scm.exceptions.SCMException: Unable to find enough nodes that meet the criteria that cannot engage in more than 5 pipelines. Nodes required: 3 Found: 0, healthy nodes count inNodeManager: 5.
	at org.apache.hadoop.hdds.scm.pipeline.PipelinePlacementPolicy.filterViableNodes(PipelinePlacementPolicy.java:147)
	at org.apache.hadoop.hdds.scm.pipeline.PipelinePlacementPolicy.chooseDatanodes(PipelinePlacementPolicy.java:170)
	at org.apache.hadoop.hdds.scm.pipeline.RatisPipelineProvider.create(RatisPipelineProvider.java:92)
	at org.apache.hadoop.hdds.scm.pipeline.PipelineFactory.create(PipelineFactory.java:57)
	at org.apache.hadoop.hdds.scm.pipeline.SCMPipelineManager.createPipeline(SCMPipelineManager.java:149)
	at org.apache.hadoop.hdds.scm.block.BlockManagerImpl.allocateBlock(BlockManagerImpl.java:190)
	at org.apache.hadoop.hdds.scm.server.SCMBlockProtocolServer.allocateBlock(SCMBlockProtocolServer.java:175)
	at org.apache.hadoop.ozone.protocolPB.ScmBlockLocationProtocolServerSideTranslatorPB.allocateScmBlock(ScmBlockLocationProtocolServerSideTranslatorPB.java:153)
	at org.apache.hadoop.ozone.protocolPB.ScmBlockLocationProtocolServerSideTranslatorPB.send(ScmBlockLocationProtocolServerSideTranslatorPB.java:112)
	at org.apache.hadoop.hdds.protocol.proto.ScmBlockLocationProtocolProtos$ScmBlockLocationProtocolService$2.callBlockingMethod(ScmBlockLocationProtocolProtos.java:13157)
	at org.apache.hadoop.ipc.ProtobufRpcEngine$Server$ProtoBufRpcInvoker.call(ProtobufRpcEngine.java:524)
	at org.apache.hadoop.ipc.RPC$Server.call(RPC.java:1025)
	at org.apache.hadoop.ipc.Server$RpcCall.run(Server.java:876)
	at org.apache.hadoop.ipc.Server$RpcCall.run(Server.java:822)
	at java.security.AccessController.doPrivileged(Native Method)
	at javax.security.auth.Subject.doAs(Subject.java:422)
	at org.apache.hadoop.security.UserGroupInformation.doAs(UserGroupInformation.java:1730)
	at org.apache.hadoop.ipc.Server$Handler.run(Server.java:2682)
2019-09-19 14:44:25,136 [IPC Server handler 5 on 39445] ERROR pipeline.PipelinePlacementPolicy (PipelinePlacementPolicy.java:meetCriteria(91)) - Pipeline Placement: Doesn't meet the criteria to be viable node. Heaviness: 6
2019-09-19 14:44:25,136 [IPC Server handler 5 on 39445] ERROR pipeline.PipelinePlacementPolicy (PipelinePlacementPolicy.java:meetCriteria(91)) - Pipeline Placement: Doesn't meet the criteria to be viable node. Heaviness: 6
2019-09-19 14:44:25,137 [IPC Server handler 5 on 39445] ERROR pipeline.PipelinePlacementPolicy (PipelinePlacementPolicy.java:meetCriteria(91)) - Pipeline Placement: Doesn't meet the criteria to be viable node. Heaviness: 6
2019-09-19 14:44:25,137 [IPC Server handler 5 on 39445] ERROR pipeline.PipelinePlacementPolicy (PipelinePlacementPolicy.java:meetCriteria(91)) - Pipeline Placement: Doesn't meet the criteria to be viable node. Heaviness: 6
2019-09-19 14:44:25,137 [IPC Server handler 5 on 39445] ERROR pipeline.PipelinePlacementPolicy (PipelinePlacementPolicy.java:meetCriteria(91)) - Pipeline Placement: Doesn't meet the criteria to be viable node. Heaviness: 6
2019-09-19 14:44:25,137 [IPC Server handler 5 on 39445] ERROR pipeline.PipelinePlacementPolicy (PipelinePlacementPolicy.java:filterViableNodes(146)) - Unable to find enough nodes that meet the criteria that cannot engage in more than 5 pipelines. Nodes required: 3 Found: 0, healthy nodes count inNodeManager: 5.
2019-09-19 14:44:25,137 [IPC Server handler 5 on 39445] ERROR pipeline.SCMPipelineManager (SCMPipelineManager.java:createPipeline(161)) - Pipeline creation failed due to exception: Unable to find enough nodes that meet the criteria that cannot engage in more than 5 pipelines. Nodes required: 3 Found: 0, healthy nodes count inNodeManager: 5.
2019-09-19 14:44:25,137 [IPC Server handler 5 on 39445] WARN  block.BlockManagerImpl (BlockManagerImpl.java:allocateBlock(192)) - Pipeline creation failed for type:RATIS factor:THREE. Retrying get pipelines call once.
org.apache.hadoop.hdds.scm.exceptions.SCMException: Unable to find enough nodes that meet the criteria that cannot engage in more than 5 pipelines. Nodes required: 3 Found: 0, healthy nodes count inNodeManager: 5.
	at org.apache.hadoop.hdds.scm.pipeline.PipelinePlacementPolicy.filterViableNodes(PipelinePlacementPolicy.java:147)
	at org.apache.hadoop.hdds.scm.pipeline.PipelinePlacementPolicy.chooseDatanodes(PipelinePlacementPolicy.java:170)
	at org.apache.hadoop.hdds.scm.pipeline.RatisPipelineProvider.create(RatisPipelineProvider.java:92)
	at org.apache.hadoop.hdds.scm.pipeline.PipelineFactory.create(PipelineFactory.java:57)
	at org.apache.hadoop.hdds.scm.pipeline.SCMPipelineManager.createPipeline(SCMPipelineManager.java:149)
	at org.apache.hadoop.hdds.scm.block.BlockManagerImpl.allocateBlock(BlockManagerImpl.java:190)
	at org.apache.hadoop.hdds.scm.server.SCMBlockProtocolServer.allocateBlock(SCMBlockProtocolServer.java:175)
	at org.apache.hadoop.ozone.protocolPB.ScmBlockLocationProtocolServerSideTranslatorPB.allocateScmBlock(ScmBlockLocationProtocolServerSideTranslatorPB.java:153)
	at org.apache.hadoop.ozone.protocolPB.ScmBlockLocationProtocolServerSideTranslatorPB.send(ScmBlockLocationProtocolServerSideTranslatorPB.java:112)
	at org.apache.hadoop.hdds.protocol.proto.ScmBlockLocationProtocolProtos$ScmBlockLocationProtocolService$2.callBlockingMethod(ScmBlockLocationProtocolProtos.java:13157)
	at org.apache.hadoop.ipc.ProtobufRpcEngine$Server$ProtoBufRpcInvoker.call(ProtobufRpcEngine.java:524)
	at org.apache.hadoop.ipc.RPC$Server.call(RPC.java:1025)
	at org.apache.hadoop.ipc.Server$RpcCall.run(Server.java:876)
	at org.apache.hadoop.ipc.Server$RpcCall.run(Server.java:822)
	at java.security.AccessController.doPrivileged(Native Method)
	at javax.security.auth.Subject.doAs(Subject.java:422)
	at org.apache.hadoop.security.UserGroupInformation.doAs(UserGroupInformation.java:1730)
	at org.apache.hadoop.ipc.Server$Handler.run(Server.java:2682)
2019-09-19 14:44:25,138 [IPC Server handler 4 on 39445] ERROR pipeline.PipelinePlacementPolicy (PipelinePlacementPolicy.java:meetCriteria(91)) - Pipeline Placement: Doesn't meet the criteria to be viable node. Heaviness: 6
2019-09-19 14:44:25,138 [IPC Server handler 3 on 39445] INFO  block.BlockManagerImpl (BlockManagerImpl.java:allocateBlock(198)) - Could not find available pipeline of type:RATIS and factor:THREE even after retrying
2019-09-19 14:44:25,138 [IPC Server handler 4 on 39445] ERROR pipeline.PipelinePlacementPolicy (PipelinePlacementPolicy.java:meetCriteria(91)) - Pipeline Placement: Doesn't meet the criteria to be viable node. Heaviness: 6
2019-09-19 14:44:25,138 [IPC Server handler 3 on 39445] ERROR block.BlockManagerImpl (BlockManagerImpl.java:allocateBlock(222)) - Unable to allocate a block for the size: 4194304, type: RATIS, factor: THREE
2019-09-19 14:44:25,139 [IPC Server handler 4 on 39445] ERROR pipeline.PipelinePlacementPolicy (PipelinePlacementPolicy.java:meetCriteria(91)) - Pipeline Placement: Doesn't meet the criteria to be viable node. Heaviness: 6
2019-09-19 14:44:25,139 | INFO  | SCMAudit | user=jenkins1000 | ip=192.168.5.132 | op=ALLOCATE_BLOCK {owner=0a705d9c-cbcd-4067-a246-e5e02757e38f, size=4194304, type=RATIS, factor=THREE} | ret=SUCCESS |  
2019-09-19 14:44:25,139 [IPC Server handler 4 on 39445] ERROR pipeline.PipelinePlacementPolicy (PipelinePlacementPolicy.java:meetCriteria(91)) - Pipeline Placement: Doesn't meet the criteria to be viable node. Heaviness: 6
2019-09-19 14:44:25,139 [IPC Server handler 4 on 39445] ERROR pipeline.PipelinePlacementPolicy (PipelinePlacementPolicy.java:meetCriteria(91)) - Pipeline Placement: Doesn't meet the criteria to be viable node. Heaviness: 6
2019-09-19 14:44:25,139 [IPC Server handler 4 on 39445] ERROR pipeline.PipelinePlacementPolicy (PipelinePlacementPolicy.java:filterViableNodes(146)) - Unable to find enough nodes that meet the criteria that cannot engage in more than 5 pipelines. Nodes required: 3 Found: 0, healthy nodes count inNodeManager: 5.
2019-09-19 14:44:25,140 [IPC Server handler 4 on 39445] ERROR pipeline.SCMPipelineManager (SCMPipelineManager.java:createPipeline(161)) - Pipeline creation failed due to exception: Unable to find enough nodes that meet the criteria that cannot engage in more than 5 pipelines. Nodes required: 3 Found: 0, healthy nodes count inNodeManager: 5.
2019-09-19 14:44:25,140 | ERROR | OMAudit | user=jenkins1000 | ip=127.0.0.1 | op=ALLOCATE_KEY {volume=vol-1-78215, bucket=bucket-3-80796, key=key-0-96357, dataSize=10240, replicationType=RATIS, replicationFactor=THREE, keyLocationInfo=null} | ret=FAILURE | org.apache.hadoop.hdds.scm.exceptions.SCMException: Allocated 0 blocks. Requested 1 blocks
	at org.apache.hadoop.hdds.scm.protocolPB.ScmBlockLocationProtocolClientSideTranslatorPB.handleError(ScmBlockLocationProtocolClientSideTranslatorPB.java:118)
	at org.apache.hadoop.hdds.scm.protocolPB.ScmBlockLocationProtocolClientSideTranslatorPB.allocateBlock(ScmBlockLocationProtocolClientSideTranslatorPB.java:156) 
2019-09-19 14:44:25,140 [IPC Server handler 4 on 39445] WARN  block.BlockManagerImpl (BlockManagerImpl.java:allocateBlock(192)) - Pipeline creation failed for type:RATIS factor:THREE. Retrying get pipelines call once.
org.apache.hadoop.hdds.scm.exceptions.SCMException: Unable to find enough nodes that meet the criteria that cannot engage in more than 5 pipelines. Nodes required: 3 Found: 0, healthy nodes count inNodeManager: 5.
	at org.apache.hadoop.hdds.scm.pipeline.PipelinePlacementPolicy.filterViableNodes(PipelinePlacementPolicy.java:147)
	at org.apache.hadoop.hdds.scm.pipeline.PipelinePlacementPolicy.chooseDatanodes(PipelinePlacementPolicy.java:170)
	at org.apache.hadoop.hdds.scm.pipeline.RatisPipelineProvider.create(RatisPipelineProvider.java:92)
	at org.apache.hadoop.hdds.scm.pipeline.PipelineFactory.create(PipelineFactory.java:57)
	at org.apache.hadoop.hdds.scm.pipeline.SCMPipelineManager.createPipeline(SCMPipelineManager.java:149)
	at org.apache.hadoop.hdds.scm.block.BlockManagerImpl.allocateBlock(BlockManagerImpl.java:190)
	at org.apache.hadoop.hdds.scm.server.SCMBlockProtocolServer.allocateBlock(SCMBlockProtocolServer.java:175)
	at org.apache.hadoop.ozone.protocolPB.ScmBlockLocationProtocolServerSideTranslatorPB.allocateScmBlock(ScmBlockLocationProtocolServerSideTranslatorPB.java:153)
	at org.apache.hadoop.ozone.protocolPB.ScmBlockLocationProtocolServerSideTranslatorPB.send(ScmBlockLocationProtocolServerSideTranslatorPB.java:112)
	at org.apache.hadoop.hdds.protocol.proto.ScmBlockLocationProtocolProtos$ScmBlockLocationProtocolService$2.callBlockingMethod(ScmBlockLocationProtocolProtos.java:13157)
	at org.apache.hadoop.ipc.ProtobufRpcEngine$Server$ProtoBufRpcInvoker.call(ProtobufRpcEngine.java:524)
	at org.apache.hadoop.ipc.RPC$Server.call(RPC.java:1025)
	at org.apache.hadoop.ipc.Server$RpcCall.run(Server.java:876)
	at org.apache.hadoop.ipc.Server$RpcCall.run(Server.java:822)
	at java.security.AccessController.doPrivileged(Native Method)
	at javax.security.auth.Subject.doAs(Subject.java:422)
	at org.apache.hadoop.security.UserGroupInformation.doAs(UserGroupInformation.java:1730)
	at org.apache.hadoop.ipc.Server$Handler.run(Server.java:2682)
2019-09-19 14:44:25,142 [IPC Server handler 9 on 39445] ERROR pipeline.PipelinePlacementPolicy (PipelinePlacementPolicy.java:meetCriteria(91)) - Pipeline Placement: Doesn't meet the criteria to be viable node. Heaviness: 6
2019-09-19 14:44:25,142 [IPC Server handler 9 on 39445] ERROR pipeline.PipelinePlacementPolicy (PipelinePlacementPolicy.java:meetCriteria(91)) - Pipeline Placement: Doesn't meet the criteria to be viable node. Heaviness: 6
2019-09-19 14:44:25,142 [IPC Server handler 9 on 39445] ERROR pipeline.PipelinePlacementPolicy (PipelinePlacementPolicy.java:meetCriteria(91)) - Pipeline Placement: Doesn't meet the criteria to be viable node. Heaviness: 6
2019-09-19 14:44:25,143 [IPC Server handler 9 on 39445] ERROR pipeline.PipelinePlacementPolicy (PipelinePlacementPolicy.java:meetCriteria(91)) - Pipeline Placement: Doesn't meet the criteria to be viable node. Heaviness: 6
2019-09-19 14:44:25,143 [IPC Server handler 9 on 39445] ERROR pipeline.PipelinePlacementPolicy (PipelinePlacementPolicy.java:meetCriteria(91)) - Pipeline Placement: Doesn't meet the criteria to be viable node. Heaviness: 6
2019-09-19 14:44:25,140 [IPC Server handler 5 on 39445] INFO  block.BlockManagerImpl (BlockManagerImpl.java:allocateBlock(198)) - Could not find available pipeline of type:RATIS and factor:THREE even after retrying
2019-09-19 14:44:25,144 [IPC Server handler 5 on 39445] ERROR block.BlockManagerImpl (BlockManagerImpl.java:allocateBlock(222)) - Unable to allocate a block for the size: 4194304, type: RATIS, factor: THREE
2019-09-19 14:44:25,144 | INFO  | SCMAudit | user=jenkins1000 | ip=192.168.5.132 | op=ALLOCATE_BLOCK {owner=0a705d9c-cbcd-4067-a246-e5e02757e38f, size=4194304, type=RATIS, factor=THREE} | ret=SUCCESS |  
2019-09-19 14:44:25,144 [IPC Server handler 9 on 39445] ERROR pipeline.PipelinePlacementPolicy (PipelinePlacementPolicy.java:filterViableNodes(146)) - Unable to find enough nodes that meet the criteria that cannot engage in more than 5 pipelines. Nodes required: 3 Found: 0, healthy nodes count inNodeManager: 5.
2019-09-19 14:44:25,142 [pool-80-thread-8] ERROR freon.RandomKeyGenerator (RandomKeyGenerator.java:createKey(724)) - Exception while adding key: key-0-96357 in bucket: bucket-3-80796 of volume: vol-1-78215.
INTERNAL_ERROR org.apache.hadoop.ozone.om.exceptions.OMException: Allocated 0 blocks. Requested 1 blocks
	at org.apache.hadoop.ozone.om.protocolPB.OzoneManagerProtocolClientSideTranslatorPB.handleError(OzoneManagerProtocolClientSideTranslatorPB.java:725)
	at org.apache.hadoop.ozone.om.protocolPB.OzoneManagerProtocolClientSideTranslatorPB.openKey(OzoneManagerProtocolClientSideTranslatorPB.java:716)
	at org.apache.hadoop.ozone.client.rpc.RpcClient.createKey(RpcClient.java:615)
	at org.apache.hadoop.ozone.client.OzoneBucket.createKey(OzoneBucket.java:323)
	at org.apache.hadoop.ozone.freon.RandomKeyGenerator.createKey(RandomKeyGenerator.java:686)
	at org.apache.hadoop.ozone.freon.RandomKeyGenerator.access$1100(RandomKeyGenerator.java:87)
	at org.apache.hadoop.ozone.freon.RandomKeyGenerator$ObjectCreator.run(RandomKeyGenerator.java:606)
	at java.util.concurrent.Executors$RunnableAdapter.call(Executors.java:511)
	at java.util.concurrent.FutureTask.run(FutureTask.java:266)
	at java.util.concurrent.ThreadPoolExecutor.runWorker(ThreadPoolExecutor.java:1149)
	at java.util.concurrent.ThreadPoolExecutor$Worker.run(ThreadPoolExecutor.java:624)
	at java.lang.Thread.run(Thread.java:748)
2019-09-19 14:44:25,144 [IPC Server handler 9 on 39445] ERROR pipeline.SCMPipelineManager (SCMPipelineManager.java:createPipeline(161)) - Pipeline creation failed due to exception: Unable to find enough nodes that meet the criteria that cannot engage in more than 5 pipelines. Nodes required: 3 Found: 0, healthy nodes count inNodeManager: 5.
2019-09-19 14:44:25,146 | ERROR | OMAudit | user=jenkins1000 | ip=127.0.0.1 | op=ALLOCATE_KEY {volume=vol-1-78215, bucket=bucket-1-96713, key=key-0-61194, dataSize=10240, replicationType=RATIS, replicationFactor=THREE, keyLocationInfo=null} | ret=FAILURE | org.apache.hadoop.hdds.scm.exceptions.SCMException: Allocated 0 blocks. Requested 1 blocks
	at org.apache.hadoop.hdds.scm.protocolPB.ScmBlockLocationProtocolClientSideTranslatorPB.handleError(ScmBlockLocationProtocolClientSideTranslatorPB.java:118)
	at org.apache.hadoop.hdds.scm.protocolPB.ScmBlockLocationProtocolClientSideTranslatorPB.allocateBlock(ScmBlockLocationProtocolClientSideTranslatorPB.java:156) 
2019-09-19 14:44:25,146 [IPC Server handler 9 on 39445] WARN  block.BlockManagerImpl (BlockManagerImpl.java:allocateBlock(192)) - Pipeline creation failed for type:RATIS factor:THREE. Retrying get pipelines call once.
org.apache.hadoop.hdds.scm.exceptions.SCMException: Unable to find enough nodes that meet the criteria that cannot engage in more than 5 pipelines. Nodes required: 3 Found: 0, healthy nodes count inNodeManager: 5.
	at org.apache.hadoop.hdds.scm.pipeline.PipelinePlacementPolicy.filterViableNodes(PipelinePlacementPolicy.java:147)
	at org.apache.hadoop.hdds.scm.pipeline.PipelinePlacementPolicy.chooseDatanodes(PipelinePlacementPolicy.java:170)
	at org.apache.hadoop.hdds.scm.pipeline.RatisPipelineProvider.create(RatisPipelineProvider.java:92)
	at org.apache.hadoop.hdds.scm.pipeline.PipelineFactory.create(PipelineFactory.java:57)
	at org.apache.hadoop.hdds.scm.pipeline.SCMPipelineManager.createPipeline(SCMPipelineManager.java:149)
	at org.apache.hadoop.hdds.scm.block.BlockManagerImpl.allocateBlock(BlockManagerImpl.java:190)
	at org.apache.hadoop.hdds.scm.server.SCMBlockProtocolServer.allocateBlock(SCMBlockProtocolServer.java:175)
	at org.apache.hadoop.ozone.protocolPB.ScmBlockLocationProtocolServerSideTranslatorPB.allocateScmBlock(ScmBlockLocationProtocolServerSideTranslatorPB.java:153)
	at org.apache.hadoop.ozone.protocolPB.ScmBlockLocationProtocolServerSideTranslatorPB.send(ScmBlockLocationProtocolServerSideTranslatorPB.java:112)
	at org.apache.hadoop.hdds.protocol.proto.ScmBlockLocationProtocolProtos$ScmBlockLocationProtocolService$2.callBlockingMethod(ScmBlockLocationProtocolProtos.java:13157)
	at org.apache.hadoop.ipc.ProtobufRpcEngine$Server$ProtoBufRpcInvoker.call(ProtobufRpcEngine.java:524)
	at org.apache.hadoop.ipc.RPC$Server.call(RPC.java:1025)
	at org.apache.hadoop.ipc.Server$RpcCall.run(Server.java:876)
	at org.apache.hadoop.ipc.Server$RpcCall.run(Server.java:822)
	at java.security.AccessController.doPrivileged(Native Method)
	at javax.security.auth.Subject.doAs(Subject.java:422)
	at org.apache.hadoop.security.UserGroupInformation.doAs(UserGroupInformation.java:1730)
	at org.apache.hadoop.ipc.Server$Handler.run(Server.java:2682)
2019-09-19 14:44:25,146 [IPC Server handler 18 on 39445] ERROR pipeline.PipelinePlacementPolicy (PipelinePlacementPolicy.java:meetCriteria(91)) - Pipeline Placement: Doesn't meet the criteria to be viable node. Heaviness: 6
2019-09-19 14:44:25,153 [IPC Server handler 18 on 39445] ERROR pipeline.PipelinePlacementPolicy (PipelinePlacementPolicy.java:meetCriteria(91)) - Pipeline Placement: Doesn't meet the criteria to be viable node. Heaviness: 6
2019-09-19 14:44:25,154 [IPC Server handler 18 on 39445] ERROR pipeline.PipelinePlacementPolicy (PipelinePlacementPolicy.java:meetCriteria(91)) - Pipeline Placement: Doesn't meet the criteria to be viable node. Heaviness: 6
2019-09-19 14:44:25,154 [IPC Server handler 18 on 39445] ERROR pipeline.PipelinePlacementPolicy (PipelinePlacementPolicy.java:meetCriteria(91)) - Pipeline Placement: Doesn't meet the criteria to be viable node. Heaviness: 6
2019-09-19 14:44:25,154 [IPC Server handler 18 on 39445] ERROR pipeline.PipelinePlacementPolicy (PipelinePlacementPolicy.java:meetCriteria(91)) - Pipeline Placement: Doesn't meet the criteria to be viable node. Heaviness: 6
2019-09-19 14:44:25,154 [pool-80-thread-6] ERROR freon.RandomKeyGenerator (RandomKeyGenerator.java:createKey(724)) - Exception while adding key: key-0-61194 in bucket: bucket-1-96713 of volume: vol-1-78215.
INTERNAL_ERROR org.apache.hadoop.ozone.om.exceptions.OMException: Allocated 0 blocks. Requested 1 blocks
	at org.apache.hadoop.ozone.om.protocolPB.OzoneManagerProtocolClientSideTranslatorPB.handleError(OzoneManagerProtocolClientSideTranslatorPB.java:725)
	at org.apache.hadoop.ozone.om.protocolPB.OzoneManagerProtocolClientSideTranslatorPB.openKey(OzoneManagerProtocolClientSideTranslatorPB.java:716)
	at org.apache.hadoop.ozone.client.rpc.RpcClient.createKey(RpcClient.java:615)
	at org.apache.hadoop.ozone.client.OzoneBucket.createKey(OzoneBucket.java:323)
	at org.apache.hadoop.ozone.freon.RandomKeyGenerator.createKey(RandomKeyGenerator.java:686)
	at org.apache.hadoop.ozone.freon.RandomKeyGenerator.access$1100(RandomKeyGenerator.java:87)
	at org.apache.hadoop.ozone.freon.RandomKeyGenerator$ObjectCreator.run(RandomKeyGenerator.java:606)
	at java.util.concurrent.Executors$RunnableAdapter.call(Executors.java:511)
	at java.util.concurrent.FutureTask.run(FutureTask.java:266)
	at java.util.concurrent.ThreadPoolExecutor.runWorker(ThreadPoolExecutor.java:1149)
	at java.util.concurrent.ThreadPoolExecutor$Worker.run(ThreadPoolExecutor.java:624)
	at java.lang.Thread.run(Thread.java:748)
2019-09-19 14:44:25,154 [IPC Server handler 18 on 39445] ERROR pipeline.PipelinePlacementPolicy (PipelinePlacementPolicy.java:filterViableNodes(146)) - Unable to find enough nodes that meet the criteria that cannot engage in more than 5 pipelines. Nodes required: 3 Found: 0, healthy nodes count inNodeManager: 5.
2019-09-19 14:44:25,155 [IPC Server handler 18 on 39445] ERROR pipeline.SCMPipelineManager (SCMPipelineManager.java:createPipeline(161)) - Pipeline creation failed due to exception: Unable to find enough nodes that meet the criteria that cannot engage in more than 5 pipelines. Nodes required: 3 Found: 0, healthy nodes count inNodeManager: 5.
2019-09-19 14:44:25,155 [IPC Server handler 18 on 39445] WARN  block.BlockManagerImpl (BlockManagerImpl.java:allocateBlock(192)) - Pipeline creation failed for type:RATIS factor:THREE. Retrying get pipelines call once.
org.apache.hadoop.hdds.scm.exceptions.SCMException: Unable to find enough nodes that meet the criteria that cannot engage in more than 5 pipelines. Nodes required: 3 Found: 0, healthy nodes count inNodeManager: 5.
	at org.apache.hadoop.hdds.scm.pipeline.PipelinePlacementPolicy.filterViableNodes(PipelinePlacementPolicy.java:147)
	at org.apache.hadoop.hdds.scm.pipeline.PipelinePlacementPolicy.chooseDatanodes(PipelinePlacementPolicy.java:170)
	at org.apache.hadoop.hdds.scm.pipeline.RatisPipelineProvider.create(RatisPipelineProvider.java:92)
	at org.apache.hadoop.hdds.scm.pipeline.PipelineFactory.create(PipelineFactory.java:57)
	at org.apache.hadoop.hdds.scm.pipeline.SCMPipelineManager.createPipeline(SCMPipelineManager.java:149)
	at org.apache.hadoop.hdds.scm.block.BlockManagerImpl.allocateBlock(BlockManagerImpl.java:190)
	at org.apache.hadoop.hdds.scm.server.SCMBlockProtocolServer.allocateBlock(SCMBlockProtocolServer.java:175)
	at org.apache.hadoop.ozone.protocolPB.ScmBlockLocationProtocolServerSideTranslatorPB.allocateScmBlock(ScmBlockLocationProtocolServerSideTranslatorPB.java:153)
	at org.apache.hadoop.ozone.protocolPB.ScmBlockLocationProtocolServerSideTranslatorPB.send(ScmBlockLocationProtocolServerSideTranslatorPB.java:112)
	at org.apache.hadoop.hdds.protocol.proto.ScmBlockLocationProtocolProtos$ScmBlockLocationProtocolService$2.callBlockingMethod(ScmBlockLocationProtocolProtos.java:13157)
	at org.apache.hadoop.ipc.ProtobufRpcEngine$Server$ProtoBufRpcInvoker.call(ProtobufRpcEngine.java:524)
	at org.apache.hadoop.ipc.RPC$Server.call(RPC.java:1025)
	at org.apache.hadoop.ipc.Server$RpcCall.run(Server.java:876)
	at org.apache.hadoop.ipc.Server$RpcCall.run(Server.java:822)
	at java.security.AccessController.doPrivileged(Native Method)
	at javax.security.auth.Subject.doAs(Subject.java:422)
	at org.apache.hadoop.security.UserGroupInformation.doAs(UserGroupInformation.java:1730)
	at org.apache.hadoop.ipc.Server$Handler.run(Server.java:2682)
2019-09-19 14:44:25,155 [IPC Server handler 2 on 39445] ERROR pipeline.PipelinePlacementPolicy (PipelinePlacementPolicy.java:meetCriteria(91)) - Pipeline Placement: Doesn't meet the criteria to be viable node. Heaviness: 6
2019-09-19 14:44:25,155 [IPC Server handler 2 on 39445] ERROR pipeline.PipelinePlacementPolicy (PipelinePlacementPolicy.java:meetCriteria(91)) - Pipeline Placement: Doesn't meet the criteria to be viable node. Heaviness: 6
2019-09-19 14:44:25,155 [IPC Server handler 2 on 39445] ERROR pipeline.PipelinePlacementPolicy (PipelinePlacementPolicy.java:meetCriteria(91)) - Pipeline Placement: Doesn't meet the criteria to be viable node. Heaviness: 6
2019-09-19 14:44:25,156 [IPC Server handler 2 on 39445] ERROR pipeline.PipelinePlacementPolicy (PipelinePlacementPolicy.java:meetCriteria(91)) - Pipeline Placement: Doesn't meet the criteria to be viable node. Heaviness: 6
2019-09-19 14:44:25,156 [IPC Server handler 2 on 39445] ERROR pipeline.PipelinePlacementPolicy (PipelinePlacementPolicy.java:meetCriteria(91)) - Pipeline Placement: Doesn't meet the criteria to be viable node. Heaviness: 6
2019-09-19 14:44:25,156 [IPC Server handler 2 on 39445] ERROR pipeline.PipelinePlacementPolicy (PipelinePlacementPolicy.java:filterViableNodes(146)) - Unable to find enough nodes that meet the criteria that cannot engage in more than 5 pipelines. Nodes required: 3 Found: 0, healthy nodes count inNodeManager: 5.
2019-09-19 14:44:25,156 [IPC Server handler 2 on 39445] ERROR pipeline.SCMPipelineManager (SCMPipelineManager.java:createPipeline(161)) - Pipeline creation failed due to exception: Unable to find enough nodes that meet the criteria that cannot engage in more than 5 pipelines. Nodes required: 3 Found: 0, healthy nodes count inNodeManager: 5.
2019-09-19 14:44:25,156 [IPC Server handler 2 on 39445] WARN  block.BlockManagerImpl (BlockManagerImpl.java:allocateBlock(192)) - Pipeline creation failed for type:RATIS factor:THREE. Retrying get pipelines call once.
org.apache.hadoop.hdds.scm.exceptions.SCMException: Unable to find enough nodes that meet the criteria that cannot engage in more than 5 pipelines. Nodes required: 3 Found: 0, healthy nodes count inNodeManager: 5.
	at org.apache.hadoop.hdds.scm.pipeline.PipelinePlacementPolicy.filterViableNodes(PipelinePlacementPolicy.java:147)
	at org.apache.hadoop.hdds.scm.pipeline.PipelinePlacementPolicy.chooseDatanodes(PipelinePlacementPolicy.java:170)
	at org.apache.hadoop.hdds.scm.pipeline.RatisPipelineProvider.create(RatisPipelineProvider.java:92)
	at org.apache.hadoop.hdds.scm.pipeline.PipelineFactory.create(PipelineFactory.java:57)
	at org.apache.hadoop.hdds.scm.pipeline.SCMPipelineManager.createPipeline(SCMPipelineManager.java:149)
	at org.apache.hadoop.hdds.scm.block.BlockManagerImpl.allocateBlock(BlockManagerImpl.java:190)
	at org.apache.hadoop.hdds.scm.server.SCMBlockProtocolServer.allocateBlock(SCMBlockProtocolServer.java:175)
	at org.apache.hadoop.ozone.protocolPB.ScmBlockLocationProtocolServerSideTranslatorPB.allocateScmBlock(ScmBlockLocationProtocolServerSideTranslatorPB.java:153)
	at org.apache.hadoop.ozone.protocolPB.ScmBlockLocationProtocolServerSideTranslatorPB.send(ScmBlockLocationProtocolServerSideTranslatorPB.java:112)
	at org.apache.hadoop.hdds.protocol.proto.ScmBlockLocationProtocolProtos$ScmBlockLocationProtocolService$2.callBlockingMethod(ScmBlockLocationProtocolProtos.java:13157)
	at org.apache.hadoop.ipc.ProtobufRpcEngine$Server$ProtoBufRpcInvoker.call(ProtobufRpcEngine.java:524)
	at org.apache.hadoop.ipc.RPC$Server.call(RPC.java:1025)
	at org.apache.hadoop.ipc.Server$RpcCall.run(Server.java:876)
	at org.apache.hadoop.ipc.Server$RpcCall.run(Server.java:822)
	at java.security.AccessController.doPrivileged(Native Method)
	at javax.security.auth.Subject.doAs(Subject.java:422)
	at org.apache.hadoop.security.UserGroupInformation.doAs(UserGroupInformation.java:1730)
	at org.apache.hadoop.ipc.Server$Handler.run(Server.java:2682)
2019-09-19 14:44:25,156 [IPC Server handler 18 on 39445] INFO  block.BlockManagerImpl (BlockManagerImpl.java:allocateBlock(198)) - Could not find available pipeline of type:RATIS and factor:THREE even after retrying
2019-09-19 14:44:25,156 [IPC Server handler 9 on 39445] INFO  block.BlockManagerImpl (BlockManagerImpl.java:allocateBlock(198)) - Could not find available pipeline of type:RATIS and factor:THREE even after retrying
2019-09-19 14:44:25,156 [IPC Server handler 4 on 39445] INFO  block.BlockManagerImpl (BlockManagerImpl.java:allocateBlock(198)) - Could not find available pipeline of type:RATIS and factor:THREE even after retrying
2019-09-19 14:44:25,157 [IPC Server handler 9 on 39445] ERROR block.BlockManagerImpl (BlockManagerImpl.java:allocateBlock(222)) - Unable to allocate a block for the size: 4194304, type: RATIS, factor: THREE
2019-09-19 14:44:25,156 [IPC Server handler 18 on 39445] ERROR block.BlockManagerImpl (BlockManagerImpl.java:allocateBlock(222)) - Unable to allocate a block for the size: 4194304, type: RATIS, factor: THREE
2019-09-19 14:44:25,157 | INFO  | SCMAudit | user=jenkins1000 | ip=192.168.5.132 | op=ALLOCATE_BLOCK {owner=0a705d9c-cbcd-4067-a246-e5e02757e38f, size=4194304, type=RATIS, factor=THREE} | ret=SUCCESS |  
2019-09-19 14:44:25,157 | INFO  | SCMAudit | user=jenkins1000 | ip=192.168.5.132 | op=ALLOCATE_BLOCK {owner=0a705d9c-cbcd-4067-a246-e5e02757e38f, size=4194304, type=RATIS, factor=THREE} | ret=SUCCESS |  
2019-09-19 14:44:25,156 [IPC Server handler 7 on 39445] ERROR pipeline.PipelinePlacementPolicy (PipelinePlacementPolicy.java:meetCriteria(91)) - Pipeline Placement: Doesn't meet the criteria to be viable node. Heaviness: 6
2019-09-19 14:44:25,157 [IPC Server handler 4 on 39445] ERROR block.BlockManagerImpl (BlockManagerImpl.java:allocateBlock(222)) - Unable to allocate a block for the size: 4194304, type: RATIS, factor: THREE
2019-09-19 14:44:25,158 | INFO  | SCMAudit | user=jenkins1000 | ip=192.168.5.132 | op=ALLOCATE_BLOCK {owner=0a705d9c-cbcd-4067-a246-e5e02757e38f, size=4194304, type=RATIS, factor=THREE} | ret=SUCCESS |  
2019-09-19 14:44:25,157 [IPC Server handler 7 on 39445] ERROR pipeline.PipelinePlacementPolicy (PipelinePlacementPolicy.java:meetCriteria(91)) - Pipeline Placement: Doesn't meet the criteria to be viable node. Heaviness: 6
2019-09-19 14:44:25,158 | ERROR | OMAudit | user=jenkins1000 | ip=127.0.0.1 | op=ALLOCATE_KEY {volume=vol-0-73501, bucket=bucket-1-24806, key=key-0-23322, dataSize=10240, replicationType=RATIS, replicationFactor=THREE, keyLocationInfo=null} | ret=FAILURE | org.apache.hadoop.hdds.scm.exceptions.SCMException: Allocated 0 blocks. Requested 1 blocks
	at org.apache.hadoop.hdds.scm.protocolPB.ScmBlockLocationProtocolClientSideTranslatorPB.handleError(ScmBlockLocationProtocolClientSideTranslatorPB.java:118)
	at org.apache.hadoop.hdds.scm.protocolPB.ScmBlockLocationProtocolClientSideTranslatorPB.allocateBlock(ScmBlockLocationProtocolClientSideTranslatorPB.java:156) 
2019-09-19 14:44:25,158 | ERROR | OMAudit | user=jenkins1000 | ip=127.0.0.1 | op=ALLOCATE_KEY {volume=vol-1-78215, bucket=bucket-0-65465, key=key-0-91553, dataSize=10240, replicationType=RATIS, replicationFactor=THREE, keyLocationInfo=null} | ret=FAILURE | org.apache.hadoop.hdds.scm.exceptions.SCMException: Allocated 0 blocks. Requested 1 blocks
	at org.apache.hadoop.hdds.scm.protocolPB.ScmBlockLocationProtocolClientSideTranslatorPB.handleError(ScmBlockLocationProtocolClientSideTranslatorPB.java:118)
	at org.apache.hadoop.hdds.scm.protocolPB.ScmBlockLocationProtocolClientSideTranslatorPB.allocateBlock(ScmBlockLocationProtocolClientSideTranslatorPB.java:156) 
2019-09-19 14:44:25,160 [IPC Server handler 7 on 39445] ERROR pipeline.PipelinePlacementPolicy (PipelinePlacementPolicy.java:meetCriteria(91)) - Pipeline Placement: Doesn't meet the criteria to be viable node. Heaviness: 6
2019-09-19 14:44:25,160 [IPC Server handler 7 on 39445] ERROR pipeline.PipelinePlacementPolicy (PipelinePlacementPolicy.java:meetCriteria(91)) - Pipeline Placement: Doesn't meet the criteria to be viable node. Heaviness: 6
2019-09-19 14:44:25,160 | ERROR | OMAudit | user=jenkins1000 | ip=127.0.0.1 | op=ALLOCATE_KEY {volume=vol-0-73501, bucket=bucket-4-61129, key=key-0-35484, dataSize=10240, replicationType=RATIS, replicationFactor=THREE, keyLocationInfo=null} | ret=FAILURE | org.apache.hadoop.hdds.scm.exceptions.SCMException: Allocated 0 blocks. Requested 1 blocks
	at org.apache.hadoop.hdds.scm.protocolPB.ScmBlockLocationProtocolClientSideTranslatorPB.handleError(ScmBlockLocationProtocolClientSideTranslatorPB.java:118)
	at org.apache.hadoop.hdds.scm.protocolPB.ScmBlockLocationProtocolClientSideTranslatorPB.allocateBlock(ScmBlockLocationProtocolClientSideTranslatorPB.java:156) 
2019-09-19 14:44:25,160 [IPC Server handler 7 on 39445] ERROR pipeline.PipelinePlacementPolicy (PipelinePlacementPolicy.java:meetCriteria(91)) - Pipeline Placement: Doesn't meet the criteria to be viable node. Heaviness: 6
2019-09-19 14:44:25,162 [pool-80-thread-1] ERROR freon.RandomKeyGenerator (RandomKeyGenerator.java:createKey(724)) - Exception while adding key: key-0-91553 in bucket: bucket-0-65465 of volume: vol-1-78215.
INTERNAL_ERROR org.apache.hadoop.ozone.om.exceptions.OMException: Allocated 0 blocks. Requested 1 blocks
	at org.apache.hadoop.ozone.om.protocolPB.OzoneManagerProtocolClientSideTranslatorPB.handleError(OzoneManagerProtocolClientSideTranslatorPB.java:725)
	at org.apache.hadoop.ozone.om.protocolPB.OzoneManagerProtocolClientSideTranslatorPB.openKey(OzoneManagerProtocolClientSideTranslatorPB.java:716)
	at org.apache.hadoop.ozone.client.rpc.RpcClient.createKey(RpcClient.java:615)
	at org.apache.hadoop.ozone.client.OzoneBucket.createKey(OzoneBucket.java:323)
	at org.apache.hadoop.ozone.freon.RandomKeyGenerator.createKey(RandomKeyGenerator.java:686)
	at org.apache.hadoop.ozone.freon.RandomKeyGenerator.access$1100(RandomKeyGenerator.java:87)
	at org.apache.hadoop.ozone.freon.RandomKeyGenerator$ObjectCreator.run(RandomKeyGenerator.java:606)
	at java.util.concurrent.Executors$RunnableAdapter.call(Executors.java:511)
	at java.util.concurrent.FutureTask.run(FutureTask.java:266)
	at java.util.concurrent.ThreadPoolExecutor.runWorker(ThreadPoolExecutor.java:1149)
	at java.util.concurrent.ThreadPoolExecutor$Worker.run(ThreadPoolExecutor.java:624)
	at java.lang.Thread.run(Thread.java:748)
2019-09-19 14:44:25,162 [pool-80-thread-3] ERROR freon.RandomKeyGenerator (RandomKeyGenerator.java:createKey(724)) - Exception while adding key: key-0-23322 in bucket: bucket-1-24806 of volume: vol-0-73501.
INTERNAL_ERROR org.apache.hadoop.ozone.om.exceptions.OMException: Allocated 0 blocks. Requested 1 blocks
	at org.apache.hadoop.ozone.om.protocolPB.OzoneManagerProtocolClientSideTranslatorPB.handleError(OzoneManagerProtocolClientSideTranslatorPB.java:725)
	at org.apache.hadoop.ozone.om.protocolPB.OzoneManagerProtocolClientSideTranslatorPB.openKey(OzoneManagerProtocolClientSideTranslatorPB.java:716)
	at org.apache.hadoop.ozone.client.rpc.RpcClient.createKey(RpcClient.java:615)
	at org.apache.hadoop.ozone.client.OzoneBucket.createKey(OzoneBucket.java:323)
	at org.apache.hadoop.ozone.freon.RandomKeyGenerator.createKey(RandomKeyGenerator.java:686)
	at org.apache.hadoop.ozone.freon.RandomKeyGenerator.access$1100(RandomKeyGenerator.java:87)
	at org.apache.hadoop.ozone.freon.RandomKeyGenerator$ObjectCreator.run(RandomKeyGenerator.java:606)
	at java.util.concurrent.Executors$RunnableAdapter.call(Executors.java:511)
	at java.util.concurrent.FutureTask.run(FutureTask.java:266)
	at java.util.concurrent.ThreadPoolExecutor.runWorker(ThreadPoolExecutor.java:1149)
	at java.util.concurrent.ThreadPoolExecutor$Worker.run(ThreadPoolExecutor.java:624)
	at java.lang.Thread.run(Thread.java:748)
2019-09-19 14:44:25,162 [pool-80-thread-4] ERROR freon.RandomKeyGenerator (RandomKeyGenerator.java:createKey(724)) - Exception while adding key: key-0-35484 in bucket: bucket-4-61129 of volume: vol-0-73501.
INTERNAL_ERROR org.apache.hadoop.ozone.om.exceptions.OMException: Allocated 0 blocks. Requested 1 blocks
	at org.apache.hadoop.ozone.om.protocolPB.OzoneManagerProtocolClientSideTranslatorPB.handleError(OzoneManagerProtocolClientSideTranslatorPB.java:725)
	at org.apache.hadoop.ozone.om.protocolPB.OzoneManagerProtocolClientSideTranslatorPB.openKey(OzoneManagerProtocolClientSideTranslatorPB.java:716)
	at org.apache.hadoop.ozone.client.rpc.RpcClient.createKey(RpcClient.java:615)
	at org.apache.hadoop.ozone.client.OzoneBucket.createKey(OzoneBucket.java:323)
	at org.apache.hadoop.ozone.freon.RandomKeyGenerator.createKey(RandomKeyGenerator.java:686)
	at org.apache.hadoop.ozone.freon.RandomKeyGenerator.access$1100(RandomKeyGenerator.java:87)
	at org.apache.hadoop.ozone.freon.RandomKeyGenerator$ObjectCreator.run(RandomKeyGenerator.java:606)
	at java.util.concurrent.Executors$RunnableAdapter.call(Executors.java:511)
	at java.util.concurrent.FutureTask.run(FutureTask.java:266)
	at java.util.concurrent.ThreadPoolExecutor.runWorker(ThreadPoolExecutor.java:1149)
	at java.util.concurrent.ThreadPoolExecutor$Worker.run(ThreadPoolExecutor.java:624)
	at java.lang.Thread.run(Thread.java:748)
2019-09-19 14:44:25,162 [IPC Server handler 7 on 39445] ERROR pipeline.PipelinePlacementPolicy (PipelinePlacementPolicy.java:filterViableNodes(146)) - Unable to find enough nodes that meet the criteria that cannot engage in more than 5 pipelines. Nodes required: 3 Found: 0, healthy nodes count inNodeManager: 5.
2019-09-19 14:44:25,163 [IPC Server handler 7 on 39445] ERROR pipeline.SCMPipelineManager (SCMPipelineManager.java:createPipeline(161)) - Pipeline creation failed due to exception: Unable to find enough nodes that meet the criteria that cannot engage in more than 5 pipelines. Nodes required: 3 Found: 0, healthy nodes count inNodeManager: 5.
2019-09-19 14:44:25,163 [IPC Server handler 7 on 39445] WARN  block.BlockManagerImpl (BlockManagerImpl.java:allocateBlock(192)) - Pipeline creation failed for type:RATIS factor:THREE. Retrying get pipelines call once.
org.apache.hadoop.hdds.scm.exceptions.SCMException: Unable to find enough nodes that meet the criteria that cannot engage in more than 5 pipelines. Nodes required: 3 Found: 0, healthy nodes count inNodeManager: 5.
	at org.apache.hadoop.hdds.scm.pipeline.PipelinePlacementPolicy.filterViableNodes(PipelinePlacementPolicy.java:147)
	at org.apache.hadoop.hdds.scm.pipeline.PipelinePlacementPolicy.chooseDatanodes(PipelinePlacementPolicy.java:170)
	at org.apache.hadoop.hdds.scm.pipeline.RatisPipelineProvider.create(RatisPipelineProvider.java:92)
	at org.apache.hadoop.hdds.scm.pipeline.PipelineFactory.create(PipelineFactory.java:57)
	at org.apache.hadoop.hdds.scm.pipeline.SCMPipelineManager.createPipeline(SCMPipelineManager.java:149)
	at org.apache.hadoop.hdds.scm.block.BlockManagerImpl.allocateBlock(BlockManagerImpl.java:190)
	at org.apache.hadoop.hdds.scm.server.SCMBlockProtocolServer.allocateBlock(SCMBlockProtocolServer.java:175)
	at org.apache.hadoop.ozone.protocolPB.ScmBlockLocationProtocolServerSideTranslatorPB.allocateScmBlock(ScmBlockLocationProtocolServerSideTranslatorPB.java:153)
	at org.apache.hadoop.ozone.protocolPB.ScmBlockLocationProtocolServerSideTranslatorPB.send(ScmBlockLocationProtocolServerSideTranslatorPB.java:112)
	at org.apache.hadoop.hdds.protocol.proto.ScmBlockLocationProtocolProtos$ScmBlockLocationProtocolService$2.callBlockingMethod(ScmBlockLocationProtocolProtos.java:13157)
	at org.apache.hadoop.ipc.ProtobufRpcEngine$Server$ProtoBufRpcInvoker.call(ProtobufRpcEngine.java:524)
	at org.apache.hadoop.ipc.RPC$Server.call(RPC.java:1025)
	at org.apache.hadoop.ipc.Server$RpcCall.run(Server.java:876)
	at org.apache.hadoop.ipc.Server$RpcCall.run(Server.java:822)
	at java.security.AccessController.doPrivileged(Native Method)
	at javax.security.auth.Subject.doAs(Subject.java:422)
	at org.apache.hadoop.security.UserGroupInformation.doAs(UserGroupInformation.java:1730)
	at org.apache.hadoop.ipc.Server$Handler.run(Server.java:2682)
2019-09-19 14:44:25,164 [IPC Server handler 10 on 39445] ERROR pipeline.PipelinePlacementPolicy (PipelinePlacementPolicy.java:meetCriteria(91)) - Pipeline Placement: Doesn't meet the criteria to be viable node. Heaviness: 6
2019-09-19 14:44:25,165 [IPC Server handler 10 on 39445] ERROR pipeline.PipelinePlacementPolicy (PipelinePlacementPolicy.java:meetCriteria(91)) - Pipeline Placement: Doesn't meet the criteria to be viable node. Heaviness: 6
2019-09-19 14:44:25,164 [IPC Server handler 2 on 39445] INFO  block.BlockManagerImpl (BlockManagerImpl.java:allocateBlock(198)) - Could not find available pipeline of type:RATIS and factor:THREE even after retrying
2019-09-19 14:44:25,165 [IPC Server handler 10 on 39445] ERROR pipeline.PipelinePlacementPolicy (PipelinePlacementPolicy.java:meetCriteria(91)) - Pipeline Placement: Doesn't meet the criteria to be viable node. Heaviness: 6
2019-09-19 14:44:25,165 [IPC Server handler 10 on 39445] ERROR pipeline.PipelinePlacementPolicy (PipelinePlacementPolicy.java:meetCriteria(91)) - Pipeline Placement: Doesn't meet the criteria to be viable node. Heaviness: 6
2019-09-19 14:44:25,165 [IPC Server handler 2 on 39445] ERROR block.BlockManagerImpl (BlockManagerImpl.java:allocateBlock(222)) - Unable to allocate a block for the size: 4194304, type: RATIS, factor: THREE
2019-09-19 14:44:25,165 | INFO  | SCMAudit | user=jenkins1000 | ip=192.168.5.132 | op=ALLOCATE_BLOCK {owner=0a705d9c-cbcd-4067-a246-e5e02757e38f, size=4194304, type=RATIS, factor=THREE} | ret=SUCCESS |  
2019-09-19 14:44:25,165 [IPC Server handler 10 on 39445] ERROR pipeline.PipelinePlacementPolicy (PipelinePlacementPolicy.java:meetCriteria(91)) - Pipeline Placement: Doesn't meet the criteria to be viable node. Heaviness: 6
2019-09-19 14:44:25,166 [IPC Server handler 10 on 39445] ERROR pipeline.PipelinePlacementPolicy (PipelinePlacementPolicy.java:filterViableNodes(146)) - Unable to find enough nodes that meet the criteria that cannot engage in more than 5 pipelines. Nodes required: 3 Found: 0, healthy nodes count inNodeManager: 5.
2019-09-19 14:44:25,166 [IPC Server handler 10 on 39445] ERROR pipeline.SCMPipelineManager (SCMPipelineManager.java:createPipeline(161)) - Pipeline creation failed due to exception: Unable to find enough nodes that meet the criteria that cannot engage in more than 5 pipelines. Nodes required: 3 Found: 0, healthy nodes count inNodeManager: 5.
2019-09-19 14:44:25,166 | ERROR | OMAudit | user=jenkins1000 | ip=127.0.0.1 | op=ALLOCATE_KEY {volume=vol-0-73501, bucket=bucket-0-92093, key=key-0-58483, dataSize=10240, replicationType=RATIS, replicationFactor=THREE, keyLocationInfo=null} | ret=FAILURE | org.apache.hadoop.hdds.scm.exceptions.SCMException: Allocated 0 blocks. Requested 1 blocks
	at org.apache.hadoop.hdds.scm.protocolPB.ScmBlockLocationProtocolClientSideTranslatorPB.handleError(ScmBlockLocationProtocolClientSideTranslatorPB.java:118)
	at org.apache.hadoop.hdds.scm.protocolPB.ScmBlockLocationProtocolClientSideTranslatorPB.allocateBlock(ScmBlockLocationProtocolClientSideTranslatorPB.java:156) 
2019-09-19 14:44:25,166 [IPC Server handler 10 on 39445] WARN  block.BlockManagerImpl (BlockManagerImpl.java:allocateBlock(192)) - Pipeline creation failed for type:RATIS factor:THREE. Retrying get pipelines call once.
org.apache.hadoop.hdds.scm.exceptions.SCMException: Unable to find enough nodes that meet the criteria that cannot engage in more than 5 pipelines. Nodes required: 3 Found: 0, healthy nodes count inNodeManager: 5.
	at org.apache.hadoop.hdds.scm.pipeline.PipelinePlacementPolicy.filterViableNodes(PipelinePlacementPolicy.java:147)
	at org.apache.hadoop.hdds.scm.pipeline.PipelinePlacementPolicy.chooseDatanodes(PipelinePlacementPolicy.java:170)
	at org.apache.hadoop.hdds.scm.pipeline.RatisPipelineProvider.create(RatisPipelineProvider.java:92)
	at org.apache.hadoop.hdds.scm.pipeline.PipelineFactory.create(PipelineFactory.java:57)
	at org.apache.hadoop.hdds.scm.pipeline.SCMPipelineManager.createPipeline(SCMPipelineManager.java:149)
	at org.apache.hadoop.hdds.scm.block.BlockManagerImpl.allocateBlock(BlockManagerImpl.java:190)
	at org.apache.hadoop.hdds.scm.server.SCMBlockProtocolServer.allocateBlock(SCMBlockProtocolServer.java:175)
	at org.apache.hadoop.ozone.protocolPB.ScmBlockLocationProtocolServerSideTranslatorPB.allocateScmBlock(ScmBlockLocationProtocolServerSideTranslatorPB.java:153)
	at org.apache.hadoop.ozone.protocolPB.ScmBlockLocationProtocolServerSideTranslatorPB.send(ScmBlockLocationProtocolServerSideTranslatorPB.java:112)
	at org.apache.hadoop.hdds.protocol.proto.ScmBlockLocationProtocolProtos$ScmBlockLocationProtocolService$2.callBlockingMethod(ScmBlockLocationProtocolProtos.java:13157)
	at org.apache.hadoop.ipc.ProtobufRpcEngine$Server$ProtoBufRpcInvoker.call(ProtobufRpcEngine.java:524)
	at org.apache.hadoop.ipc.RPC$Server.call(RPC.java:1025)
	at org.apache.hadoop.ipc.Server$RpcCall.run(Server.java:876)
	at org.apache.hadoop.ipc.Server$RpcCall.run(Server.java:822)
	at java.security.AccessController.doPrivileged(Native Method)
	at javax.security.auth.Subject.doAs(Subject.java:422)
	at org.apache.hadoop.security.UserGroupInformation.doAs(UserGroupInformation.java:1730)
	at org.apache.hadoop.ipc.Server$Handler.run(Server.java:2682)
2019-09-19 14:44:25,166 [IPC Server handler 15 on 39445] ERROR pipeline.PipelinePlacementPolicy (PipelinePlacementPolicy.java:meetCriteria(91)) - Pipeline Placement: Doesn't meet the criteria to be viable node. Heaviness: 6
2019-09-19 14:44:25,166 [IPC Server handler 15 on 39445] ERROR pipeline.PipelinePlacementPolicy (PipelinePlacementPolicy.java:meetCriteria(91)) - Pipeline Placement: Doesn't meet the criteria to be viable node. Heaviness: 6
2019-09-19 14:44:25,166 [IPC Server handler 7 on 39445] INFO  block.BlockManagerImpl (BlockManagerImpl.java:allocateBlock(198)) - Could not find available pipeline of type:RATIS and factor:THREE even after retrying
2019-09-19 14:44:25,167 [pool-80-thread-2] ERROR freon.RandomKeyGenerator (RandomKeyGenerator.java:createKey(724)) - Exception while adding key: key-0-58483 in bucket: bucket-0-92093 of volume: vol-0-73501.
INTERNAL_ERROR org.apache.hadoop.ozone.om.exceptions.OMException: Allocated 0 blocks. Requested 1 blocks
	at org.apache.hadoop.ozone.om.protocolPB.OzoneManagerProtocolClientSideTranslatorPB.handleError(OzoneManagerProtocolClientSideTranslatorPB.java:725)
	at org.apache.hadoop.ozone.om.protocolPB.OzoneManagerProtocolClientSideTranslatorPB.openKey(OzoneManagerProtocolClientSideTranslatorPB.java:716)
	at org.apache.hadoop.ozone.client.rpc.RpcClient.createKey(RpcClient.java:615)
	at org.apache.hadoop.ozone.client.OzoneBucket.createKey(OzoneBucket.java:323)
	at org.apache.hadoop.ozone.freon.RandomKeyGenerator.createKey(RandomKeyGenerator.java:686)
	at org.apache.hadoop.ozone.freon.RandomKeyGenerator.access$1100(RandomKeyGenerator.java:87)
	at org.apache.hadoop.ozone.freon.RandomKeyGenerator$ObjectCreator.run(RandomKeyGenerator.java:606)
	at java.util.concurrent.Executors$RunnableAdapter.call(Executors.java:511)
	at java.util.concurrent.FutureTask.run(FutureTask.java:266)
	at java.util.concurrent.ThreadPoolExecutor.runWorker(ThreadPoolExecutor.java:1149)
	at java.util.concurrent.ThreadPoolExecutor$Worker.run(ThreadPoolExecutor.java:624)
	at java.lang.Thread.run(Thread.java:748)
2019-09-19 14:44:25,167 [IPC Server handler 15 on 39445] ERROR pipeline.PipelinePlacementPolicy (PipelinePlacementPolicy.java:meetCriteria(91)) - Pipeline Placement: Doesn't meet the criteria to be viable node. Heaviness: 6
2019-09-19 14:44:25,167 [IPC Server handler 15 on 39445] ERROR pipeline.PipelinePlacementPolicy (PipelinePlacementPolicy.java:meetCriteria(91)) - Pipeline Placement: Doesn't meet the criteria to be viable node. Heaviness: 6
2019-09-19 14:44:25,167 [IPC Server handler 7 on 39445] ERROR block.BlockManagerImpl (BlockManagerImpl.java:allocateBlock(222)) - Unable to allocate a block for the size: 4194304, type: RATIS, factor: THREE
2019-09-19 14:44:25,168 [IPC Server handler 15 on 39445] ERROR pipeline.PipelinePlacementPolicy (PipelinePlacementPolicy.java:meetCriteria(91)) - Pipeline Placement: Doesn't meet the criteria to be viable node. Heaviness: 6
2019-09-19 14:44:25,168 | INFO  | SCMAudit | user=jenkins1000 | ip=192.168.5.132 | op=ALLOCATE_BLOCK {owner=0a705d9c-cbcd-4067-a246-e5e02757e38f, size=4194304, type=RATIS, factor=THREE} | ret=SUCCESS |  
2019-09-19 14:44:25,168 [IPC Server handler 15 on 39445] ERROR pipeline.PipelinePlacementPolicy (PipelinePlacementPolicy.java:filterViableNodes(146)) - Unable to find enough nodes that meet the criteria that cannot engage in more than 5 pipelines. Nodes required: 3 Found: 0, healthy nodes count inNodeManager: 5.
2019-09-19 14:44:25,168 [IPC Server handler 15 on 39445] ERROR pipeline.SCMPipelineManager (SCMPipelineManager.java:createPipeline(161)) - Pipeline creation failed due to exception: Unable to find enough nodes that meet the criteria that cannot engage in more than 5 pipelines. Nodes required: 3 Found: 0, healthy nodes count inNodeManager: 5.
2019-09-19 14:44:25,168 [IPC Server handler 15 on 39445] WARN  block.BlockManagerImpl (BlockManagerImpl.java:allocateBlock(192)) - Pipeline creation failed for type:RATIS factor:THREE. Retrying get pipelines call once.
org.apache.hadoop.hdds.scm.exceptions.SCMException: Unable to find enough nodes that meet the criteria that cannot engage in more than 5 pipelines. Nodes required: 3 Found: 0, healthy nodes count inNodeManager: 5.
	at org.apache.hadoop.hdds.scm.pipeline.PipelinePlacementPolicy.filterViableNodes(PipelinePlacementPolicy.java:147)
	at org.apache.hadoop.hdds.scm.pipeline.PipelinePlacementPolicy.chooseDatanodes(PipelinePlacementPolicy.java:170)
	at org.apache.hadoop.hdds.scm.pipeline.RatisPipelineProvider.create(RatisPipelineProvider.java:92)
	at org.apache.hadoop.hdds.scm.pipeline.PipelineFactory.create(PipelineFactory.java:57)
	at org.apache.hadoop.hdds.scm.pipeline.SCMPipelineManager.createPipeline(SCMPipelineManager.java:149)
	at org.apache.hadoop.hdds.scm.block.BlockManagerImpl.allocateBlock(BlockManagerImpl.java:190)
	at org.apache.hadoop.hdds.scm.server.SCMBlockProtocolServer.allocateBlock(SCMBlockProtocolServer.java:175)
	at org.apache.hadoop.ozone.protocolPB.ScmBlockLocationProtocolServerSideTranslatorPB.allocateScmBlock(ScmBlockLocationProtocolServerSideTranslatorPB.java:153)
	at org.apache.hadoop.ozone.protocolPB.ScmBlockLocationProtocolServerSideTranslatorPB.send(ScmBlockLocationProtocolServerSideTranslatorPB.java:112)
	at org.apache.hadoop.hdds.protocol.proto.ScmBlockLocationProtocolProtos$ScmBlockLocationProtocolService$2.callBlockingMethod(ScmBlockLocationProtocolProtos.java:13157)
	at org.apache.hadoop.ipc.ProtobufRpcEngine$Server$ProtoBufRpcInvoker.call(ProtobufRpcEngine.java:524)
	at org.apache.hadoop.ipc.RPC$Server.call(RPC.java:1025)
	at org.apache.hadoop.ipc.Server$RpcCall.run(Server.java:876)
	at org.apache.hadoop.ipc.Server$RpcCall.run(Server.java:822)
	at java.security.AccessController.doPrivileged(Native Method)
	at javax.security.auth.Subject.doAs(Subject.java:422)
	at org.apache.hadoop.security.UserGroupInformation.doAs(UserGroupInformation.java:1730)
	at org.apache.hadoop.ipc.Server$Handler.run(Server.java:2682)
2019-09-19 14:44:25,168 [IPC Server handler 11 on 39445] ERROR pipeline.PipelinePlacementPolicy (PipelinePlacementPolicy.java:meetCriteria(91)) - Pipeline Placement: Doesn't meet the criteria to be viable node. Heaviness: 6
2019-09-19 14:44:25,169 | ERROR | OMAudit | user=jenkins1000 | ip=127.0.0.1 | op=ALLOCATE_KEY {volume=vol-0-73501, bucket=bucket-3-40248, key=key-0-78868, dataSize=10240, replicationType=RATIS, replicationFactor=THREE, keyLocationInfo=null} | ret=FAILURE | org.apache.hadoop.hdds.scm.exceptions.SCMException: Allocated 0 blocks. Requested 1 blocks
	at org.apache.hadoop.hdds.scm.protocolPB.ScmBlockLocationProtocolClientSideTranslatorPB.handleError(ScmBlockLocationProtocolClientSideTranslatorPB.java:118)
	at org.apache.hadoop.hdds.scm.protocolPB.ScmBlockLocationProtocolClientSideTranslatorPB.allocateBlock(ScmBlockLocationProtocolClientSideTranslatorPB.java:156) 
2019-09-19 14:44:25,168 [IPC Server handler 10 on 39445] INFO  block.BlockManagerImpl (BlockManagerImpl.java:allocateBlock(198)) - Could not find available pipeline of type:RATIS and factor:THREE even after retrying
2019-09-19 14:44:25,171 [IPC Server handler 11 on 39445] ERROR pipeline.PipelinePlacementPolicy (PipelinePlacementPolicy.java:meetCriteria(91)) - Pipeline Placement: Doesn't meet the criteria to be viable node. Heaviness: 6
2019-09-19 14:44:25,171 [IPC Server handler 10 on 39445] ERROR block.BlockManagerImpl (BlockManagerImpl.java:allocateBlock(222)) - Unable to allocate a block for the size: 4194304, type: RATIS, factor: THREE
2019-09-19 14:44:25,171 | INFO  | SCMAudit | user=jenkins1000 | ip=192.168.5.132 | op=ALLOCATE_BLOCK {owner=0a705d9c-cbcd-4067-a246-e5e02757e38f, size=4194304, type=RATIS, factor=THREE} | ret=SUCCESS |  
2019-09-19 14:44:25,171 [pool-80-thread-5] ERROR freon.RandomKeyGenerator (RandomKeyGenerator.java:createKey(724)) - Exception while adding key: key-0-78868 in bucket: bucket-3-40248 of volume: vol-0-73501.
INTERNAL_ERROR org.apache.hadoop.ozone.om.exceptions.OMException: Allocated 0 blocks. Requested 1 blocks
	at org.apache.hadoop.ozone.om.protocolPB.OzoneManagerProtocolClientSideTranslatorPB.handleError(OzoneManagerProtocolClientSideTranslatorPB.java:725)
	at org.apache.hadoop.ozone.om.protocolPB.OzoneManagerProtocolClientSideTranslatorPB.openKey(OzoneManagerProtocolClientSideTranslatorPB.java:716)
	at org.apache.hadoop.ozone.client.rpc.RpcClient.createKey(RpcClient.java:615)
	at org.apache.hadoop.ozone.client.OzoneBucket.createKey(OzoneBucket.java:323)
	at org.apache.hadoop.ozone.freon.RandomKeyGenerator.createKey(RandomKeyGenerator.java:686)
	at org.apache.hadoop.ozone.freon.RandomKeyGenerator.access$1100(RandomKeyGenerator.java:87)
	at org.apache.hadoop.ozone.freon.RandomKeyGenerator$ObjectCreator.run(RandomKeyGenerator.java:606)
	at java.util.concurrent.Executors$RunnableAdapter.call(Executors.java:511)
	at java.util.concurrent.FutureTask.run(FutureTask.java:266)
	at java.util.concurrent.ThreadPoolExecutor.runWorker(ThreadPoolExecutor.java:1149)
	at java.util.concurrent.ThreadPoolExecutor$Worker.run(ThreadPoolExecutor.java:624)
	at java.lang.Thread.run(Thread.java:748)
2019-09-19 14:44:25,171 [IPC Server handler 11 on 39445] ERROR pipeline.PipelinePlacementPolicy (PipelinePlacementPolicy.java:meetCriteria(91)) - Pipeline Placement: Doesn't meet the criteria to be viable node. Heaviness: 6
2019-09-19 14:44:25,172 [IPC Server handler 11 on 39445] ERROR pipeline.PipelinePlacementPolicy (PipelinePlacementPolicy.java:meetCriteria(91)) - Pipeline Placement: Doesn't meet the criteria to be viable node. Heaviness: 6
2019-09-19 14:44:25,172 [IPC Server handler 11 on 39445] ERROR pipeline.PipelinePlacementPolicy (PipelinePlacementPolicy.java:meetCriteria(91)) - Pipeline Placement: Doesn't meet the criteria to be viable node. Heaviness: 6
2019-09-19 14:44:25,173 [IPC Server handler 11 on 39445] ERROR pipeline.PipelinePlacementPolicy (PipelinePlacementPolicy.java:filterViableNodes(146)) - Unable to find enough nodes that meet the criteria that cannot engage in more than 5 pipelines. Nodes required: 3 Found: 0, healthy nodes count inNodeManager: 5.
2019-09-19 14:44:25,172 | ERROR | OMAudit | user=jenkins1000 | ip=127.0.0.1 | op=ALLOCATE_KEY {volume=vol-1-78215, bucket=bucket-4-77881, key=key-0-50745, dataSize=10240, replicationType=RATIS, replicationFactor=THREE, keyLocationInfo=null} | ret=FAILURE | org.apache.hadoop.hdds.scm.exceptions.SCMException: Allocated 0 blocks. Requested 1 blocks
	at org.apache.hadoop.hdds.scm.protocolPB.ScmBlockLocationProtocolClientSideTranslatorPB.handleError(ScmBlockLocationProtocolClientSideTranslatorPB.java:118)
	at org.apache.hadoop.hdds.scm.protocolPB.ScmBlockLocationProtocolClientSideTranslatorPB.allocateBlock(ScmBlockLocationProtocolClientSideTranslatorPB.java:156) 
2019-09-19 14:44:25,173 [IPC Server handler 11 on 39445] ERROR pipeline.SCMPipelineManager (SCMPipelineManager.java:createPipeline(161)) - Pipeline creation failed due to exception: Unable to find enough nodes that meet the criteria that cannot engage in more than 5 pipelines. Nodes required: 3 Found: 0, healthy nodes count inNodeManager: 5.
2019-09-19 14:44:25,173 [IPC Server handler 11 on 39445] WARN  block.BlockManagerImpl (BlockManagerImpl.java:allocateBlock(192)) - Pipeline creation failed for type:RATIS factor:THREE. Retrying get pipelines call once.
org.apache.hadoop.hdds.scm.exceptions.SCMException: Unable to find enough nodes that meet the criteria that cannot engage in more than 5 pipelines. Nodes required: 3 Found: 0, healthy nodes count inNodeManager: 5.
	at org.apache.hadoop.hdds.scm.pipeline.PipelinePlacementPolicy.filterViableNodes(PipelinePlacementPolicy.java:147)
	at org.apache.hadoop.hdds.scm.pipeline.PipelinePlacementPolicy.chooseDatanodes(PipelinePlacementPolicy.java:170)
	at org.apache.hadoop.hdds.scm.pipeline.RatisPipelineProvider.create(RatisPipelineProvider.java:92)
	at org.apache.hadoop.hdds.scm.pipeline.PipelineFactory.create(PipelineFactory.java:57)
	at org.apache.hadoop.hdds.scm.pipeline.SCMPipelineManager.createPipeline(SCMPipelineManager.java:149)
	at org.apache.hadoop.hdds.scm.block.BlockManagerImpl.allocateBlock(BlockManagerImpl.java:190)
	at org.apache.hadoop.hdds.scm.server.SCMBlockProtocolServer.allocateBlock(SCMBlockProtocolServer.java:175)
	at org.apache.hadoop.ozone.protocolPB.ScmBlockLocationProtocolServerSideTranslatorPB.allocateScmBlock(ScmBlockLocationProtocolServerSideTranslatorPB.java:153)
	at org.apache.hadoop.ozone.protocolPB.ScmBlockLocationProtocolServerSideTranslatorPB.send(ScmBlockLocationProtocolServerSideTranslatorPB.java:112)
	at org.apache.hadoop.hdds.protocol.proto.ScmBlockLocationProtocolProtos$ScmBlockLocationProtocolService$2.callBlockingMethod(ScmBlockLocationProtocolProtos.java:13157)
	at org.apache.hadoop.ipc.ProtobufRpcEngine$Server$ProtoBufRpcInvoker.call(ProtobufRpcEngine.java:524)
	at org.apache.hadoop.ipc.RPC$Server.call(RPC.java:1025)
	at org.apache.hadoop.ipc.Server$RpcCall.run(Server.java:876)
	at org.apache.hadoop.ipc.Server$RpcCall.run(Server.java:822)
	at java.security.AccessController.doPrivileged(Native Method)
	at javax.security.auth.Subject.doAs(Subject.java:422)
	at org.apache.hadoop.security.UserGroupInformation.doAs(UserGroupInformation.java:1730)
	at org.apache.hadoop.ipc.Server$Handler.run(Server.java:2682)
2019-09-19 14:44:25,174 [IPC Server handler 15 on 39445] INFO  block.BlockManagerImpl (BlockManagerImpl.java:allocateBlock(198)) - Could not find available pipeline of type:RATIS and factor:THREE even after retrying
2019-09-19 14:44:25,174 [pool-80-thread-7] ERROR freon.RandomKeyGenerator (RandomKeyGenerator.java:createKey(724)) - Exception while adding key: key-0-50745 in bucket: bucket-4-77881 of volume: vol-1-78215.
INTERNAL_ERROR org.apache.hadoop.ozone.om.exceptions.OMException: Allocated 0 blocks. Requested 1 blocks
	at org.apache.hadoop.ozone.om.protocolPB.OzoneManagerProtocolClientSideTranslatorPB.handleError(OzoneManagerProtocolClientSideTranslatorPB.java:725)
	at org.apache.hadoop.ozone.om.protocolPB.OzoneManagerProtocolClientSideTranslatorPB.openKey(OzoneManagerProtocolClientSideTranslatorPB.java:716)
	at org.apache.hadoop.ozone.client.rpc.RpcClient.createKey(RpcClient.java:615)
	at org.apache.hadoop.ozone.client.OzoneBucket.createKey(OzoneBucket.java:323)
	at org.apache.hadoop.ozone.freon.RandomKeyGenerator.createKey(RandomKeyGenerator.java:686)
	at org.apache.hadoop.ozone.freon.RandomKeyGenerator.access$1100(RandomKeyGenerator.java:87)
	at org.apache.hadoop.ozone.freon.RandomKeyGenerator$ObjectCreator.run(RandomKeyGenerator.java:606)
	at java.util.concurrent.Executors$RunnableAdapter.call(Executors.java:511)
	at java.util.concurrent.FutureTask.run(FutureTask.java:266)
	at java.util.concurrent.ThreadPoolExecutor.runWorker(ThreadPoolExecutor.java:1149)
	at java.util.concurrent.ThreadPoolExecutor$Worker.run(ThreadPoolExecutor.java:624)
	at java.lang.Thread.run(Thread.java:748)
2019-09-19 14:44:25,174 [IPC Server handler 11 on 39445] INFO  block.BlockManagerImpl (BlockManagerImpl.java:allocateBlock(198)) - Could not find available pipeline of type:RATIS and factor:THREE even after retrying
2019-09-19 14:44:25,174 [IPC Server handler 15 on 39445] ERROR block.BlockManagerImpl (BlockManagerImpl.java:allocateBlock(222)) - Unable to allocate a block for the size: 4194304, type: RATIS, factor: THREE
2019-09-19 14:44:25,174 [IPC Server handler 11 on 39445] ERROR block.BlockManagerImpl (BlockManagerImpl.java:allocateBlock(222)) - Unable to allocate a block for the size: 4194304, type: RATIS, factor: THREE
2019-09-19 14:44:25,175 | INFO  | SCMAudit | user=jenkins1000 | ip=192.168.5.132 | op=ALLOCATE_BLOCK {owner=0a705d9c-cbcd-4067-a246-e5e02757e38f, size=4194304, type=RATIS, factor=THREE} | ret=SUCCESS |  
2019-09-19 14:44:25,175 | INFO  | SCMAudit | user=jenkins1000 | ip=192.168.5.132 | op=ALLOCATE_BLOCK {owner=0a705d9c-cbcd-4067-a246-e5e02757e38f, size=4194304, type=RATIS, factor=THREE} | ret=SUCCESS |  
2019-09-19 14:44:25,175 | ERROR | OMAudit | user=jenkins1000 | ip=127.0.0.1 | op=ALLOCATE_KEY {volume=vol-1-78215, bucket=bucket-2-23406, key=key-0-14453, dataSize=10240, replicationType=RATIS, replicationFactor=THREE, keyLocationInfo=null} | ret=FAILURE | org.apache.hadoop.hdds.scm.exceptions.SCMException: Allocated 0 blocks. Requested 1 blocks
	at org.apache.hadoop.hdds.scm.protocolPB.ScmBlockLocationProtocolClientSideTranslatorPB.handleError(ScmBlockLocationProtocolClientSideTranslatorPB.java:118)
	at org.apache.hadoop.hdds.scm.protocolPB.ScmBlockLocationProtocolClientSideTranslatorPB.allocateBlock(ScmBlockLocationProtocolClientSideTranslatorPB.java:156) 
2019-09-19 14:44:25,175 | ERROR | OMAudit | user=jenkins1000 | ip=127.0.0.1 | op=ALLOCATE_KEY {volume=vol-0-73501, bucket=bucket-2-94566, key=key-0-48903, dataSize=10240, replicationType=RATIS, replicationFactor=THREE, keyLocationInfo=null} | ret=FAILURE | org.apache.hadoop.hdds.scm.exceptions.SCMException: Allocated 0 blocks. Requested 1 blocks
	at org.apache.hadoop.hdds.scm.protocolPB.ScmBlockLocationProtocolClientSideTranslatorPB.handleError(ScmBlockLocationProtocolClientSideTranslatorPB.java:118)
	at org.apache.hadoop.hdds.scm.protocolPB.ScmBlockLocationProtocolClientSideTranslatorPB.allocateBlock(ScmBlockLocationProtocolClientSideTranslatorPB.java:156) 
2019-09-19 14:44:25,177 [pool-80-thread-10] ERROR freon.RandomKeyGenerator (RandomKeyGenerator.java:createKey(724)) - Exception while adding key: key-0-14453 in bucket: bucket-2-23406 of volume: vol-1-78215.
INTERNAL_ERROR org.apache.hadoop.ozone.om.exceptions.OMException: Allocated 0 blocks. Requested 1 blocks
	at org.apache.hadoop.ozone.om.protocolPB.OzoneManagerProtocolClientSideTranslatorPB.handleError(OzoneManagerProtocolClientSideTranslatorPB.java:725)
	at org.apache.hadoop.ozone.om.protocolPB.OzoneManagerProtocolClientSideTranslatorPB.openKey(OzoneManagerProtocolClientSideTranslatorPB.java:716)
	at org.apache.hadoop.ozone.client.rpc.RpcClient.createKey(RpcClient.java:615)
	at org.apache.hadoop.ozone.client.OzoneBucket.createKey(OzoneBucket.java:323)
	at org.apache.hadoop.ozone.freon.RandomKeyGenerator.createKey(RandomKeyGenerator.java:686)
	at org.apache.hadoop.ozone.freon.RandomKeyGenerator.access$1100(RandomKeyGenerator.java:87)
	at org.apache.hadoop.ozone.freon.RandomKeyGenerator$ObjectCreator.run(RandomKeyGenerator.java:606)
	at java.util.concurrent.Executors$RunnableAdapter.call(Executors.java:511)
	at java.util.concurrent.FutureTask.run(FutureTask.java:266)
	at java.util.concurrent.ThreadPoolExecutor.runWorker(ThreadPoolExecutor.java:1149)
	at java.util.concurrent.ThreadPoolExecutor$Worker.run(ThreadPoolExecutor.java:624)
	at java.lang.Thread.run(Thread.java:748)
2019-09-19 14:44:25,178 [pool-80-thread-9] ERROR freon.RandomKeyGenerator (RandomKeyGenerator.java:createKey(724)) - Exception while adding key: key-0-48903 in bucket: bucket-2-94566 of volume: vol-0-73501.
INTERNAL_ERROR org.apache.hadoop.ozone.om.exceptions.OMException: Allocated 0 blocks. Requested 1 blocks
	at org.apache.hadoop.ozone.om.protocolPB.OzoneManagerProtocolClientSideTranslatorPB.handleError(OzoneManagerProtocolClientSideTranslatorPB.java:725)
	at org.apache.hadoop.ozone.om.protocolPB.OzoneManagerProtocolClientSideTranslatorPB.openKey(OzoneManagerProtocolClientSideTranslatorPB.java:716)
	at org.apache.hadoop.ozone.client.rpc.RpcClient.createKey(RpcClient.java:615)
	at org.apache.hadoop.ozone.client.OzoneBucket.createKey(OzoneBucket.java:323)
	at org.apache.hadoop.ozone.freon.RandomKeyGenerator.createKey(RandomKeyGenerator.java:686)
	at org.apache.hadoop.ozone.freon.RandomKeyGenerator.access$1100(RandomKeyGenerator.java:87)
	at org.apache.hadoop.ozone.freon.RandomKeyGenerator$ObjectCreator.run(RandomKeyGenerator.java:606)
	at java.util.concurrent.Executors$RunnableAdapter.call(Executors.java:511)
	at java.util.concurrent.FutureTask.run(FutureTask.java:266)
	at java.util.concurrent.ThreadPoolExecutor.runWorker(ThreadPoolExecutor.java:1149)
	at java.util.concurrent.ThreadPoolExecutor$Worker.run(ThreadPoolExecutor.java:624)
	at java.lang.Thread.run(Thread.java:748)
2019-09-19 14:44:25,291 | INFO  | SCMAudit | user=jenkins1000 | ip=192.168.5.132 | op=SEND_HEARTBEAT {datanodeUUID=04a15483-b111-42a3-8ff7-e193b3ee6246, command=[]} | ret=SUCCESS |  
2019-09-19 14:44:25,352 | INFO  | SCMAudit | user=jenkins1000 | ip=192.168.5.132 | op=SEND_HEARTBEAT {datanodeUUID=94ffd37a-7fba-4e2b-aec6-167a5be5db83, command=[]} | ret=SUCCESS |  
2019-09-19 14:44:25,417 | INFO  | SCMAudit | user=jenkins1000 | ip=192.168.5.132 | op=SEND_HEARTBEAT {datanodeUUID=5f94aeea-aba2-49fa-a1fa-8df10a3eed4d, command=[]} | ret=SUCCESS |  
2019-09-19 14:44:25,656 | INFO  | SCMAudit | user=jenkins1000 | ip=192.168.5.132 | op=SEND_HEARTBEAT {datanodeUUID=a4e26ddf-7cab-415d-8560-150ea8262212, command=[]} | ret=SUCCESS |  
2019-09-19 14:44:25,959 | INFO  | SCMAudit | user=jenkins1000 | ip=192.168.5.132 | op=SEND_HEARTBEAT {datanodeUUID=550ad0a3-b6ae-44bc-a70a-b51f5a4003f3, command=[]} | ret=SUCCESS |  
 0.00% |█                                                                                                    |  0/100 Time: 0:00:012019-09-19 14:44:26,290 | INFO  | SCMAudit | user=jenkins1000 | ip=192.168.5.132 | op=SEND_HEARTBEAT {datanodeUUID=04a15483-b111-42a3-8ff7-e193b3ee6246, command=[]} | ret=SUCCESS |  
2019-09-19 14:44:26,351 | INFO  | SCMAudit | user=jenkins1000 | ip=192.168.5.132 | op=SEND_HEARTBEAT {datanodeUUID=94ffd37a-7fba-4e2b-aec6-167a5be5db83, command=[]} | ret=SUCCESS |  
2019-09-19 14:44:26,418 | INFO  | SCMAudit | user=jenkins1000 | ip=192.168.5.132 | op=SEND_HEARTBEAT {datanodeUUID=5f94aeea-aba2-49fa-a1fa-8df10a3eed4d, command=[]} | ret=SUCCESS |  
2019-09-19 14:44:26,657 | INFO  | SCMAudit | user=jenkins1000 | ip=192.168.5.132 | op=SEND_HEARTBEAT {datanodeUUID=a4e26ddf-7cab-415d-8560-150ea8262212, command=[]} | ret=SUCCESS |  
2019-09-19 14:44:26,959 | INFO  | SCMAudit | user=jenkins1000 | ip=192.168.5.132 | op=SEND_HEARTBEAT {datanodeUUID=550ad0a3-b6ae-44bc-a70a-b51f5a4003f3, command=[]} | ret=SUCCESS |  
 0.00% |█                                                                                                    |  0/100 Time: 0:00:022019-09-19 14:44:27,291 | INFO  | SCMAudit | user=jenkins1000 | ip=192.168.5.132 | op=SEND_HEARTBEAT {datanodeUUID=04a15483-b111-42a3-8ff7-e193b3ee6246, command=[]} | ret=SUCCESS |  
2019-09-19 14:44:27,352 | INFO  | SCMAudit | user=jenkins1000 | ip=192.168.5.132 | op=SEND_HEARTBEAT {datanodeUUID=94ffd37a-7fba-4e2b-aec6-167a5be5db83, command=[]} | ret=SUCCESS |  
2019-09-19 14:44:27,418 | INFO  | SCMAudit | user=jenkins1000 | ip=192.168.5.132 | op=SEND_HEARTBEAT {datanodeUUID=5f94aeea-aba2-49fa-a1fa-8df10a3eed4d, command=[]} | ret=SUCCESS |  
2019-09-19 14:44:27,657 | INFO  | SCMAudit | user=jenkins1000 | ip=192.168.5.132 | op=SEND_HEARTBEAT {datanodeUUID=a4e26ddf-7cab-415d-8560-150ea8262212, command=[]} | ret=SUCCESS |  
2019-09-19 14:44:27,959 | INFO  | SCMAudit | user=jenkins1000 | ip=192.168.5.132 | op=SEND_HEARTBEAT {datanodeUUID=550ad0a3-b6ae-44bc-a70a-b51f5a4003f3, command=[]} | ret=SUCCESS |  
 0.00% |█                                                                                                    |  0/100 Time: 0:00:032019-09-19 14:44:28,291 | INFO  | SCMAudit | user=jenkins1000 | ip=192.168.5.132 | op=SEND_HEARTBEAT {datanodeUUID=04a15483-b111-42a3-8ff7-e193b3ee6246, command=[]} | ret=SUCCESS |  
2019-09-19 14:44:28,352 | INFO  | SCMAudit | user=jenkins1000 | ip=192.168.5.132 | op=SEND_HEARTBEAT {datanodeUUID=94ffd37a-7fba-4e2b-aec6-167a5be5db83, command=[]} | ret=SUCCESS |  
2019-09-19 14:44:28,418 | INFO  | SCMAudit | user=jenkins1000 | ip=192.168.5.132 | op=SEND_HEARTBEAT {datanodeUUID=5f94aeea-aba2-49fa-a1fa-8df10a3eed4d, command=[]} | ret=SUCCESS |  
2019-09-19 14:44:28,658 | INFO  | SCMAudit | user=jenkins1000 | ip=192.168.5.132 | op=SEND_HEARTBEAT {datanodeUUID=a4e26ddf-7cab-415d-8560-150ea8262212, command=[]} | ret=SUCCESS |  
2019-09-19 14:44:28,960 | INFO  | SCMAudit | user=jenkins1000 | ip=192.168.5.132 | op=SEND_HEARTBEAT {datanodeUUID=550ad0a3-b6ae-44bc-a70a-b51f5a4003f3, command=[]} | ret=SUCCESS |  
 0.00% |█                                                                                                    |  0/100 Time: 0:00:042019-09-19 14:44:29,291 | INFO  | SCMAudit | user=jenkins1000 | ip=192.168.5.132 | op=SEND_HEARTBEAT {datanodeUUID=04a15483-b111-42a3-8ff7-e193b3ee6246, command=[]} | ret=SUCCESS |  
2019-09-19 14:44:29,352 | INFO  | SCMAudit | user=jenkins1000 | ip=192.168.5.132 | op=SEND_HEARTBEAT {datanodeUUID=94ffd37a-7fba-4e2b-aec6-167a5be5db83, command=[]} | ret=SUCCESS |  
2019-09-19 14:44:29,418 | INFO  | SCMAudit | user=jenkins1000 | ip=192.168.5.132 | op=SEND_HEARTBEAT {datanodeUUID=5f94aeea-aba2-49fa-a1fa-8df10a3eed4d, command=[]} | ret=SUCCESS |  
2019-09-19 14:44:29,658 | INFO  | SCMAudit | user=jenkins1000 | ip=192.168.5.132 | op=SEND_HEARTBEAT {datanodeUUID=a4e26ddf-7cab-415d-8560-150ea8262212, command=[]} | ret=SUCCESS |  
2019-09-19 14:44:29,960 | INFO  | SCMAudit | user=jenkins1000 | ip=192.168.5.132 | op=SEND_HEARTBEAT {datanodeUUID=550ad0a3-b6ae-44bc-a70a-b51f5a4003f3, command=[]} | ret=SUCCESS |  
 100.00% |█████████████████████████████████████████████████████████████████████████████████████████████████████|  100/100 Time: 0:00:05
2019-09-19 14:44:30,291 | INFO  | SCMAudit | user=jenkins1000 | ip=192.168.5.132 | op=SEND_HEARTBEAT {datanodeUUID=04a15483-b111-42a3-8ff7-e193b3ee6246, command=[]} | ret=SUCCESS |  
2019-09-19 14:44:30,353 | INFO  | SCMAudit | user=jenkins1000 | ip=192.168.5.132 | op=SEND_HEARTBEAT {datanodeUUID=94ffd37a-7fba-4e2b-aec6-167a5be5db83, command=[]} | ret=SUCCESS |  
2019-09-19 14:44:30,419 | INFO  | SCMAudit | user=jenkins1000 | ip=192.168.5.132 | op=SEND_HEARTBEAT {datanodeUUID=5f94aeea-aba2-49fa-a1fa-8df10a3eed4d, command=[]} | ret=SUCCESS |  
2019-09-19 14:44:30,658 | INFO  | SCMAudit | user=jenkins1000 | ip=192.168.5.132 | op=SEND_HEARTBEAT {datanodeUUID=a4e26ddf-7cab-415d-8560-150ea8262212, command=[]} | ret=SUCCESS |  
2019-09-19 14:44:30,959 | INFO  | SCMAudit | user=jenkins1000 | ip=192.168.5.132 | op=SEND_HEARTBEAT {datanodeUUID=550ad0a3-b6ae-44bc-a70a-b51f5a4003f3, command=[]} | ret=SUCCESS |  
2019-09-19 14:44:31,292 | INFO  | SCMAudit | user=jenkins1000 | ip=192.168.5.132 | op=SEND_HEARTBEAT {datanodeUUID=04a15483-b111-42a3-8ff7-e193b3ee6246, command=[]} | ret=SUCCESS |  
2019-09-19 14:44:31,353 | INFO  | SCMAudit | user=jenkins1000 | ip=192.168.5.132 | op=SEND_HEARTBEAT {datanodeUUID=94ffd37a-7fba-4e2b-aec6-167a5be5db83, command=[]} | ret=SUCCESS |  
2019-09-19 14:44:31,419 | INFO  | SCMAudit | user=jenkins1000 | ip=192.168.5.132 | op=SEND_HEARTBEAT {datanodeUUID=5f94aeea-aba2-49fa-a1fa-8df10a3eed4d, command=[]} | ret=SUCCESS |  
2019-09-19 14:44:31,658 | INFO  | SCMAudit | user=jenkins1000 | ip=192.168.5.132 | op=SEND_HEARTBEAT {datanodeUUID=a4e26ddf-7cab-415d-8560-150ea8262212, command=[]} | ret=SUCCESS |  
2019-09-19 14:44:31,960 | INFO  | SCMAudit | user=jenkins1000 | ip=192.168.5.132 | op=SEND_HEARTBEAT {datanodeUUID=550ad0a3-b6ae-44bc-a70a-b51f5a4003f3, command=[]} | ret=SUCCESS |  
2019-09-19 14:44:32,292 | INFO  | SCMAudit | user=jenkins1000 | ip=192.168.5.132 | op=SEND_HEARTBEAT {datanodeUUID=04a15483-b111-42a3-8ff7-e193b3ee6246, command=[]} | ret=SUCCESS |  
2019-09-19 14:44:32,352 | INFO  | SCMAudit | user=jenkins1000 | ip=192.168.5.132 | op=SEND_HEARTBEAT {datanodeUUID=94ffd37a-7fba-4e2b-aec6-167a5be5db83, command=[]} | ret=SUCCESS |  
2019-09-19 14:44:32,419 | INFO  | SCMAudit | user=jenkins1000 | ip=192.168.5.132 | op=SEND_HEARTBEAT {datanodeUUID=5f94aeea-aba2-49fa-a1fa-8df10a3eed4d, command=[]} | ret=SUCCESS |  
2019-09-19 14:44:32,658 | INFO  | SCMAudit | user=jenkins1000 | ip=192.168.5.132 | op=SEND_HEARTBEAT {datanodeUUID=a4e26ddf-7cab-415d-8560-150ea8262212, command=[]} | ret=SUCCESS |  
2019-09-19 14:44:32,960 | INFO  | SCMAudit | user=jenkins1000 | ip=192.168.5.132 | op=SEND_HEARTBEAT {datanodeUUID=550ad0a3-b6ae-44bc-a70a-b51f5a4003f3, command=[]} | ret=SUCCESS |  
2019-09-19 14:44:33,292 | INFO  | SCMAudit | user=jenkins1000 | ip=192.168.5.132 | op=SEND_HEARTBEAT {datanodeUUID=04a15483-b111-42a3-8ff7-e193b3ee6246, command=[]} | ret=SUCCESS |  
2019-09-19 14:44:33,352 | INFO  | SCMAudit | user=jenkins1000 | ip=192.168.5.132 | op=SEND_HEARTBEAT {datanodeUUID=94ffd37a-7fba-4e2b-aec6-167a5be5db83, command=[]} | ret=SUCCESS |  
2019-09-19 14:44:33,419 | INFO  | SCMAudit | user=jenkins1000 | ip=192.168.5.132 | op=SEND_HEARTBEAT {datanodeUUID=5f94aeea-aba2-49fa-a1fa-8df10a3eed4d, command=[]} | ret=SUCCESS |  
2019-09-19 14:44:33,659 | INFO  | SCMAudit | user=jenkins1000 | ip=192.168.5.132 | op=SEND_HEARTBEAT {datanodeUUID=a4e26ddf-7cab-415d-8560-150ea8262212, command=[]} | ret=SUCCESS |  
2019-09-19 14:44:33,960 | INFO  | SCMAudit | user=jenkins1000 | ip=192.168.5.132 | op=SEND_HEARTBEAT {datanodeUUID=550ad0a3-b6ae-44bc-a70a-b51f5a4003f3, command=[]} | ret=SUCCESS |  
2019-09-19 14:44:34,293 | INFO  | SCMAudit | user=jenkins1000 | ip=192.168.5.132 | op=SEND_HEARTBEAT {datanodeUUID=04a15483-b111-42a3-8ff7-e193b3ee6246, command=[]} | ret=SUCCESS |  
2019-09-19 14:44:34,353 | INFO  | SCMAudit | user=jenkins1000 | ip=192.168.5.132 | op=SEND_HEARTBEAT {datanodeUUID=94ffd37a-7fba-4e2b-aec6-167a5be5db83, command=[]} | ret=SUCCESS |  
2019-09-19 14:44:34,418 | INFO  | SCMAudit | user=jenkins1000 | ip=192.168.5.132 | op=SEND_HEARTBEAT {datanodeUUID=5f94aeea-aba2-49fa-a1fa-8df10a3eed4d, command=[]} | ret=SUCCESS |  
2019-09-19 14:44:34,659 | INFO  | SCMAudit | user=jenkins1000 | ip=192.168.5.132 | op=SEND_HEARTBEAT {datanodeUUID=a4e26ddf-7cab-415d-8560-150ea8262212, command=[]} | ret=SUCCESS |  
2019-09-19 14:44:34,961 | INFO  | SCMAudit | user=jenkins1000 | ip=192.168.5.132 | op=SEND_HEARTBEAT {datanodeUUID=550ad0a3-b6ae-44bc-a70a-b51f5a4003f3, command=[]} | ret=SUCCESS |  
]]></system-out>
  </testcase>
</testsuite>