<?xml version="1.0" encoding="UTF-8"?>
<testsuite xmlns:xsi="http://www.w3.org/2001/XMLSchema-instance" xsi:noNamespaceSchemaLocation="https://maven.apache.org/surefire/maven-surefire-plugin/xsd/surefire-test-report.xsd" name="org.apache.hadoop.ozone.freon.TestFreonWithPipelineDestroy" time="34.225" tests="1" errors="1" skipped="0" failures="0">
  <properties>
    <property name="awt.toolkit" value="sun.awt.X11.XToolkit"/>
    <property name="file.encoding.pkg" value="sun.io"/>
    <property name="java.specification.version" value="1.8"/>
    <property name="sun.cpu.isalist" value=""/>
    <property name="sun.jnu.encoding" value="UTF-8"/>
    <property name="java.class.path" value="/workdir/hadoop-ozone/tools/target/test-classes:/workdir/hadoop-ozone/tools/target/classes:/home/user/.m2/repository/org/apache/hadoop/hadoop-ozone-ozone-manager/0.5.0-SNAPSHOT/hadoop-ozone-ozone-manager-0.5.0-SNAPSHOT.jar:/home/user/.m2/repository/org/apache/hadoop/hadoop-hdds-docs/0.5.0-SNAPSHOT/hadoop-hdds-docs-0.5.0-SNAPSHOT.jar:/home/user/.m2/repository/org/bouncycastle/bcprov-jdk15on/1.60/bcprov-jdk15on-1.60.jar:/home/user/.m2/repository/org/apache/hadoop/hadoop-ozone-common/0.5.0-SNAPSHOT/hadoop-ozone-common-0.5.0-SNAPSHOT.jar:/home/user/.m2/repository/org/apache/commons/commons-compress/1.4.1/commons-compress-1.4.1.jar:/home/user/.m2/repository/org/tukaani/xz/1.0/xz-1.0.jar:/home/user/.m2/repository/org/apache/hadoop/hadoop-hdfs-client/3.2.0/hadoop-hdfs-client-3.2.0.jar:/home/user/.m2/repository/com/fasterxml/jackson/core/jackson-annotations/2.9.5/jackson-annotations-2.9.5.jar:/home/user/.m2/repository/org/apache/hadoop/hadoop-hdds-common/0.5.0-SNAPSHOT/hadoop-hdds-common-0.5.0-SNAPSHOT.jar:/home/user/.m2/repository/org/apache/hadoop/hadoop-hdds-config/0.5.0-SNAPSHOT/hadoop-hdds-config-0.5.0-SNAPSHOT.jar:/home/user/.m2/repository/javax/annotation/javax.annotation-api/1.2/javax.annotation-api-1.2.jar:/home/user/.m2/repository/org/apache/ratis/ratis-server/0.4.0-2337318-SNAPSHOT/ratis-server-0.4.0-2337318-SNAPSHOT.jar:/home/user/.m2/repository/org/apache/ratis/ratis-thirdparty-misc/0.2.0/ratis-thirdparty-misc-0.2.0.jar:/home/user/.m2/repository/org/apache/ratis/ratis-proto/0.4.0-2337318-SNAPSHOT/ratis-proto-0.4.0-2337318-SNAPSHOT.jar:/home/user/.m2/repository/org/apache/ratis/ratis-common/0.4.0-2337318-SNAPSHOT/ratis-common-0.4.0-2337318-SNAPSHOT.jar:/home/user/.m2/repository/org/apache/ratis/ratis-client/0.4.0-2337318-SNAPSHOT/ratis-client-0.4.0-2337318-SNAPSHOT.jar:/home/user/.m2/repository/org/apache/ratis/ratis-metrics/0.4.0-2337318-SNAPSHOT/ratis-metrics-0.4.0-2337318-SNAPSHOT.jar:/home/user/.m2/repository/org/apache/ratis/ratis-netty/0.4.0-2337318-SNAPSHOT/ratis-netty-0.4.0-2337318-SNAPSHOT.jar:/home/user/.m2/repository/org/apache/ratis/ratis-grpc/0.4.0-2337318-SNAPSHOT/ratis-grpc-0.4.0-2337318-SNAPSHOT.jar:/home/user/.m2/repository/org/rocksdb/rocksdbjni/6.0.1/rocksdbjni-6.0.1.jar:/home/user/.m2/repository/org/apache/logging/log4j/log4j-api/2.11.0/log4j-api-2.11.0.jar:/home/user/.m2/repository/org/apache/logging/log4j/log4j-core/2.11.0/log4j-core-2.11.0.jar:/home/user/.m2/repository/com/lmax/disruptor/3.4.2/disruptor-3.4.2.jar:/home/user/.m2/repository/org/apache/commons/commons-pool2/2.6.0/commons-pool2-2.6.0.jar:/home/user/.m2/repository/org/bouncycastle/bcpkix-jdk15on/1.60/bcpkix-jdk15on-1.60.jar:/home/user/.m2/repository/commons-validator/commons-validator/1.6/commons-validator-1.6.jar:/home/user/.m2/repository/commons-digester/commons-digester/1.8.1/commons-digester-1.8.1.jar:/home/user/.m2/repository/io/jaegertracing/jaeger-client/0.33.1/jaeger-client-0.33.1.jar:/home/user/.m2/repository/io/jaegertracing/jaeger-thrift/0.33.1/jaeger-thrift-0.33.1.jar:/home/user/.m2/repository/org/apache/thrift/libthrift/0.11.0/libthrift-0.11.0.jar:/home/user/.m2/repository/com/squareup/okhttp3/okhttp/3.9.0/okhttp-3.9.0.jar:/home/user/.m2/repository/com/squareup/okio/okio/1.13.0/okio-1.13.0.jar:/home/user/.m2/repository/io/jaegertracing/jaeger-core/0.33.1/jaeger-core-0.33.1.jar:/home/user/.m2/repository/io/jaegertracing/jaeger-tracerresolver/0.33.1/jaeger-tracerresolver-0.33.1.jar:/home/user/.m2/repository/io/opentracing/contrib/opentracing-tracerresolver/0.1.5/opentracing-tracerresolver-0.1.5.jar:/home/user/.m2/repository/io/opentracing/opentracing-util/0.31.0/opentracing-util-0.31.0.jar:/home/user/.m2/repository/io/opentracing/opentracing-api/0.31.0/opentracing-api-0.31.0.jar:/home/user/.m2/repository/io/opentracing/opentracing-noop/0.31.0/opentracing-noop-0.31.0.jar:/home/user/.m2/repository/org/yaml/snakeyaml/1.16/snakeyaml-1.16.jar:/home/user/.m2/repository/org/apache/hadoop/hadoop-hdds-container-service/0.5.0-SNAPSHOT/hadoop-hdds-container-service-0.5.0-SNAPSHOT.jar:/home/user/.m2/repository/org/apache/hadoop/hadoop-hdds-client/0.5.0-SNAPSHOT/hadoop-hdds-client-0.5.0-SNAPSHOT.jar:/home/user/.m2/repository/org/apache/hadoop/hadoop-hdds-tools/0.5.0-SNAPSHOT/hadoop-hdds-tools-0.5.0-SNAPSHOT.jar:/home/user/.m2/repository/org/xerial/sqlite-jdbc/3.25.2/sqlite-jdbc-3.25.2.jar:/home/user/.m2/repository/org/apache/hadoop/hadoop-hdds-server-scm/0.5.0-SNAPSHOT/hadoop-hdds-server-scm-0.5.0-SNAPSHOT.jar:/home/user/.m2/repository/org/hamcrest/hamcrest-all/1.3/hamcrest-all-1.3.jar:/home/user/.m2/repository/info/picocli/picocli/3.9.6/picocli-3.9.6.jar:/home/user/.m2/repository/com/google/protobuf/protobuf-java/2.5.0/protobuf-java-2.5.0.jar:/home/user/.m2/repository/com/google/guava/guava/11.0.2/guava-11.0.2.jar:/home/user/.m2/repository/org/apache/hadoop/hadoop-ozone-client/0.5.0-SNAPSHOT/hadoop-ozone-client-0.5.0-SNAPSHOT.jar:/workdir/hadoop-ozone/ozonefs/target/classes:/home/user/.m2/repository/org/apache/hadoop/hadoop-hdds-server-framework/0.5.0-SNAPSHOT/hadoop-hdds-server-framework-0.5.0-SNAPSHOT.jar:/home/user/.m2/repository/org/apache/hadoop/hadoop-common/3.2.0/hadoop-common-3.2.0.jar:/home/user/.m2/repository/org/apache/hadoop/hadoop-annotations/3.2.0/hadoop-annotations-3.2.0.jar:/usr/lib/jvm/java-1.8-openjdk/jre/../lib/tools.jar:/home/user/.m2/repository/commons-cli/commons-cli/1.2/commons-cli-1.2.jar:/home/user/.m2/repository/org/apache/commons/commons-math3/3.1.1/commons-math3-3.1.1.jar:/home/user/.m2/repository/org/apache/httpcomponents/httpclient/4.5.2/httpclient-4.5.2.jar:/home/user/.m2/repository/org/apache/httpcomponents/httpcore/4.4.4/httpcore-4.4.4.jar:/home/user/.m2/repository/commons-codec/commons-codec/1.11/commons-codec-1.11.jar:/home/user/.m2/repository/commons-io/commons-io/2.5/commons-io-2.5.jar:/home/user/.m2/repository/commons-net/commons-net/3.6/commons-net-3.6.jar:/home/user/.m2/repository/commons-collections/commons-collections/3.2.2/commons-collections-3.2.2.jar:/home/user/.m2/repository/javax/servlet/javax.servlet-api/3.1.0/javax.servlet-api-3.1.0.jar:/home/user/.m2/repository/org/eclipse/jetty/jetty-server/9.3.24.v20180605/jetty-server-9.3.24.v20180605.jar:/home/user/.m2/repository/org/eclipse/jetty/jetty-http/9.3.24.v20180605/jetty-http-9.3.24.v20180605.jar:/home/user/.m2/repository/org/eclipse/jetty/jetty-io/9.3.24.v20180605/jetty-io-9.3.24.v20180605.jar:/home/user/.m2/repository/org/eclipse/jetty/jetty-util/9.3.24.v20180605/jetty-util-9.3.24.v20180605.jar:/home/user/.m2/repository/org/eclipse/jetty/jetty-servlet/9.3.24.v20180605/jetty-servlet-9.3.24.v20180605.jar:/home/user/.m2/repository/org/eclipse/jetty/jetty-security/9.3.24.v20180605/jetty-security-9.3.24.v20180605.jar:/home/user/.m2/repository/org/eclipse/jetty/jetty-webapp/9.3.24.v20180605/jetty-webapp-9.3.24.v20180605.jar:/home/user/.m2/repository/org/eclipse/jetty/jetty-xml/9.3.24.v20180605/jetty-xml-9.3.24.v20180605.jar:/home/user/.m2/repository/javax/servlet/jsp/jsp-api/2.1/jsp-api-2.1.jar:/home/user/.m2/repository/com/sun/jersey/jersey-core/1.19/jersey-core-1.19.jar:/home/user/.m2/repository/javax/ws/rs/jsr311-api/1.1.1/jsr311-api-1.1.1.jar:/home/user/.m2/repository/com/sun/jersey/jersey-servlet/1.19/jersey-servlet-1.19.jar:/home/user/.m2/repository/com/sun/jersey/jersey-json/1.19/jersey-json-1.19.jar:/home/user/.m2/repository/org/codehaus/jettison/jettison/1.1/jettison-1.1.jar:/home/user/.m2/repository/com/sun/xml/bind/jaxb-impl/2.3.0.1/jaxb-impl-2.3.0.1.jar:/home/user/.m2/repository/org/codehaus/jackson/jackson-core-asl/1.9.13/jackson-core-asl-1.9.13.jar:/home/user/.m2/repository/org/codehaus/jackson/jackson-mapper-asl/1.9.13/jackson-mapper-asl-1.9.13.jar:/home/user/.m2/repository/org/codehaus/jackson/jackson-jaxrs/1.9.13/jackson-jaxrs-1.9.13.jar:/home/user/.m2/repository/org/codehaus/jackson/jackson-xc/1.9.13/jackson-xc-1.9.13.jar:/home/user/.m2/repository/com/sun/jersey/jersey-server/1.19/jersey-server-1.19.jar:/home/user/.m2/repository/commons-logging/commons-logging/1.1.3/commons-logging-1.1.3.jar:/home/user/.m2/repository/log4j/log4j/1.2.17/log4j-1.2.17.jar:/home/user/.m2/repository/commons-beanutils/commons-beanutils/1.9.3/commons-beanutils-1.9.3.jar:/home/user/.m2/repository/org/apache/commons/commons-configuration2/2.1.1/commons-configuration2-2.1.1.jar:/home/user/.m2/repository/org/apache/commons/commons-lang3/3.7/commons-lang3-3.7.jar:/home/user/.m2/repository/org/apache/commons/commons-text/1.4/commons-text-1.4.jar:/home/user/.m2/repository/org/slf4j/slf4j-api/1.7.25/slf4j-api-1.7.25.jar:/home/user/.m2/repository/org/slf4j/slf4j-log4j12/1.7.25/slf4j-log4j12-1.7.25.jar:/home/user/.m2/repository/org/apache/avro/avro/1.7.7/avro-1.7.7.jar:/home/user/.m2/repository/com/thoughtworks/paranamer/paranamer/2.3/paranamer-2.3.jar:/home/user/.m2/repository/org/xerial/snappy/snappy-java/1.0.5/snappy-java-1.0.5.jar:/home/user/.m2/repository/com/google/re2j/re2j/1.1/re2j-1.1.jar:/home/user/.m2/repository/com/google/code/gson/gson/2.2.4/gson-2.2.4.jar:/home/user/.m2/repository/org/apache/hadoop/hadoop-auth/3.2.0/hadoop-auth-3.2.0.jar:/home/user/.m2/repository/com/nimbusds/nimbus-jose-jwt/4.41.1/nimbus-jose-jwt-4.41.1.jar:/home/user/.m2/repository/com/github/stephenc/jcip/jcip-annotations/1.0-1/jcip-annotations-1.0-1.jar:/home/user/.m2/repository/net/minidev/json-smart/2.3/json-smart-2.3.jar:/home/user/.m2/repository/net/minidev/accessors-smart/1.2/accessors-smart-1.2.jar:/home/user/.m2/repository/org/apache/curator/curator-framework/2.12.0/curator-framework-2.12.0.jar:/home/user/.m2/repository/com/jcraft/jsch/0.1.54/jsch-0.1.54.jar:/home/user/.m2/repository/org/apache/curator/curator-client/2.12.0/curator-client-2.12.0.jar:/home/user/.m2/repository/org/apache/curator/curator-recipes/2.12.0/curator-recipes-2.12.0.jar:/home/user/.m2/repository/com/google/code/findbugs/jsr305/3.0.0/jsr305-3.0.0.jar:/home/user/.m2/repository/org/apache/htrace/htrace-core4/4.1.0-incubating/htrace-core4-4.1.0-incubating.jar:/home/user/.m2/repository/org/apache/zookeeper/zookeeper/3.4.13/zookeeper-3.4.13.jar:/home/user/.m2/repository/org/apache/yetus/audience-annotations/0.5.0/audience-annotations-0.5.0.jar:/home/user/.m2/repository/org/apache/kerby/kerb-simplekdc/1.0.1/kerb-simplekdc-1.0.1.jar:/home/user/.m2/repository/org/apache/kerby/kerb-client/1.0.1/kerb-client-1.0.1.jar:/home/user/.m2/repository/org/apache/kerby/kerby-config/1.0.1/kerby-config-1.0.1.jar:/home/user/.m2/repository/org/apache/kerby/kerb-core/1.0.1/kerb-core-1.0.1.jar:/home/user/.m2/repository/org/apache/kerby/kerby-pkix/1.0.1/kerby-pkix-1.0.1.jar:/home/user/.m2/repository/org/apache/kerby/kerby-asn1/1.0.1/kerby-asn1-1.0.1.jar:/home/user/.m2/repository/org/apache/kerby/kerby-util/1.0.1/kerby-util-1.0.1.jar:/home/user/.m2/repository/org/apache/kerby/kerb-common/1.0.1/kerb-common-1.0.1.jar:/home/user/.m2/repository/org/apache/kerby/kerb-crypto/1.0.1/kerb-crypto-1.0.1.jar:/home/user/.m2/repository/org/apache/kerby/kerb-util/1.0.1/kerb-util-1.0.1.jar:/home/user/.m2/repository/org/apache/kerby/token-provider/1.0.1/token-provider-1.0.1.jar:/home/user/.m2/repository/org/apache/kerby/kerb-admin/1.0.1/kerb-admin-1.0.1.jar:/home/user/.m2/repository/org/apache/kerby/kerb-server/1.0.1/kerb-server-1.0.1.jar:/home/user/.m2/repository/org/apache/kerby/kerb-identity/1.0.1/kerb-identity-1.0.1.jar:/home/user/.m2/repository/org/apache/kerby/kerby-xdr/1.0.1/kerby-xdr-1.0.1.jar:/home/user/.m2/repository/com/fasterxml/jackson/core/jackson-databind/2.9.5/jackson-databind-2.9.5.jar:/home/user/.m2/repository/com/fasterxml/jackson/core/jackson-core/2.9.5/jackson-core-2.9.5.jar:/home/user/.m2/repository/org/codehaus/woodstox/stax2-api/3.1.4/stax2-api-3.1.4.jar:/home/user/.m2/repository/com/fasterxml/woodstox/woodstox-core/5.0.3/woodstox-core-5.0.3.jar:/home/user/.m2/repository/dnsjava/dnsjava/2.1.7/dnsjava-2.1.7.jar:/home/user/.m2/repository/org/apache/hadoop/hadoop-hdfs/3.2.0/hadoop-hdfs-3.2.0.jar:/home/user/.m2/repository/org/eclipse/jetty/jetty-util-ajax/9.3.24.v20180605/jetty-util-ajax-9.3.24.v20180605.jar:/home/user/.m2/repository/commons-daemon/commons-daemon/1.0.13/commons-daemon-1.0.13.jar:/home/user/.m2/repository/io/netty/netty/3.10.5.Final/netty-3.10.5.Final.jar:/home/user/.m2/repository/io/netty/netty-all/4.0.52.Final/netty-all-4.0.52.Final.jar:/home/user/.m2/repository/org/fusesource/leveldbjni/leveldbjni-all/1.8/leveldbjni-all-1.8.jar:/home/user/.m2/repository/com/sun/xml/bind/jaxb-core/2.3.0.1/jaxb-core-2.3.0.1.jar:/home/user/.m2/repository/javax/xml/bind/jaxb-api/2.3.0/jaxb-api-2.3.0.jar:/home/user/.m2/repository/javax/activation/activation/1.1.1/activation-1.1.1.jar:/home/user/.m2/repository/io/dropwizard/metrics/metrics-core/3.2.4/metrics-core-3.2.4.jar:/home/user/.m2/repository/org/openjdk/jmh/jmh-core/1.19/jmh-core-1.19.jar:/home/user/.m2/repository/net/sf/jopt-simple/jopt-simple/4.6/jopt-simple-4.6.jar:/home/user/.m2/repository/org/openjdk/jmh/jmh-generator-annprocess/1.19/jmh-generator-annprocess-1.19.jar:/home/user/.m2/repository/com/google/code/findbugs/findbugs/3.0.1/findbugs-3.0.1.jar:/home/user/.m2/repository/net/jcip/jcip-annotations/1.0/jcip-annotations-1.0.jar:/home/user/.m2/repository/com/google/code/findbugs/bcel-findbugs/6.0/bcel-findbugs-6.0.jar:/home/user/.m2/repository/com/google/code/findbugs/jFormatString/2.0.1/jFormatString-2.0.1.jar:/home/user/.m2/repository/dom4j/dom4j/1.6.1/dom4j-1.6.1.jar:/home/user/.m2/repository/xml-apis/xml-apis/1.0.b2/xml-apis-1.0.b2.jar:/home/user/.m2/repository/org/ow2/asm/asm-debug-all/5.0.2/asm-debug-all-5.0.2.jar:/home/user/.m2/repository/org/ow2/asm/asm-commons/5.0.2/asm-commons-5.0.2.jar:/home/user/.m2/repository/org/ow2/asm/asm-tree/5.0.2/asm-tree-5.0.2.jar:/home/user/.m2/repository/org/ow2/asm/asm/5.0.4/asm-5.0.4.jar:/home/user/.m2/repository/commons-lang/commons-lang/2.6/commons-lang-2.6.jar:/home/user/.m2/repository/com/apple/AppleJavaExtensions/1.4/AppleJavaExtensions-1.4.jar:/home/user/.m2/repository/jaxen/jaxen/1.1.6/jaxen-1.1.6.jar:/home/user/.m2/repository/junit/junit/4.11/junit-4.11.jar:/home/user/.m2/repository/org/hamcrest/hamcrest-core/1.3/hamcrest-core-1.3.jar:/home/user/.m2/repository/org/apache/hadoop/hadoop-common/3.2.0/hadoop-common-3.2.0-tests.jar:/workdir/hadoop-ozone/integration-test/target/test-classes:/home/user/.m2/repository/org/apache/hadoop/hadoop-ozone-objectstore-service/0.5.0-SNAPSHOT/hadoop-ozone-objectstore-service-0.5.0-SNAPSHOT.jar:/home/user/.m2/repository/org/apache/hadoop/hadoop-ozone-s3gateway/0.5.0-SNAPSHOT/hadoop-ozone-s3gateway-0.5.0-SNAPSHOT.jar:/home/user/.m2/repository/org/jboss/weld/servlet/weld-servlet/2.4.7.Final/weld-servlet-2.4.7.Final.jar:/home/user/.m2/repository/org/glassfish/jersey/containers/jersey-container-servlet-core/2.27/jersey-container-servlet-core-2.27.jar:/home/user/.m2/repository/org/glassfish/hk2/external/javax.inject/2.5.0-b42/javax.inject-2.5.0-b42.jar:/home/user/.m2/repository/org/glassfish/jersey/core/jersey-common/2.27/jersey-common-2.27.jar:/home/user/.m2/repository/org/glassfish/hk2/osgi-resource-locator/1.0.1/osgi-resource-locator-1.0.1.jar:/home/user/.m2/repository/javax/ws/rs/javax.ws.rs-api/2.1/javax.ws.rs-api-2.1.jar:/home/user/.m2/repository/org/glassfish/jersey/ext/cdi/jersey-cdi1x/2.27/jersey-cdi1x-2.27.jar:/home/user/.m2/repository/org/glassfish/jersey/inject/jersey-hk2/2.27/jersey-hk2-2.27.jar:/home/user/.m2/repository/org/glassfish/hk2/hk2-locator/2.5.0-b42/hk2-locator-2.5.0-b42.jar:/home/user/.m2/repository/org/javassist/javassist/3.22.0-CR2/javassist-3.22.0-CR2.jar:/home/user/.m2/repository/org/glassfish/hk2/hk2-api/2.5.0/hk2-api-2.5.0.jar:/home/user/.m2/repository/org/glassfish/hk2/external/jakarta.inject/2.5.0/jakarta.inject-2.5.0.jar:/home/user/.m2/repository/org/glassfish/hk2/hk2-utils/2.5.0/hk2-utils-2.5.0.jar:/home/user/.m2/repository/jakarta/annotation/jakarta.annotation-api/1.3.4/jakarta.annotation-api-1.3.4.jar:/home/user/.m2/repository/org/glassfish/hk2/external/aopalliance-repackaged/2.5.0/aopalliance-repackaged-2.5.0.jar:/home/user/.m2/repository/com/fasterxml/jackson/dataformat/jackson-dataformat-xml/2.9.0/jackson-dataformat-xml-2.9.0.jar:/home/user/.m2/repository/com/fasterxml/jackson/module/jackson-module-jaxb-annotations/2.9.5/jackson-module-jaxb-annotations-2.9.5.jar:/home/user/.m2/repository/javax/enterprise/cdi-api/1.2/cdi-api-1.2.jar:/home/user/.m2/repository/javax/el/javax.el-api/3.0.0/javax.el-api-3.0.0.jar:/home/user/.m2/repository/javax/interceptor/javax.interceptor-api/1.2/javax.interceptor-api-1.2.jar:/home/user/.m2/repository/javax/inject/javax.inject/1/javax.inject-1.jar:/home/user/.m2/repository/org/apache/hadoop/hadoop-ozone-csi/0.5.0-SNAPSHOT/hadoop-ozone-csi-0.5.0-SNAPSHOT.jar:/home/user/.m2/repository/com/google/protobuf/protobuf-java-util/3.5.1/protobuf-java-util-3.5.1.jar:/home/user/.m2/repository/io/grpc/grpc-netty/1.17.1/grpc-netty-1.17.1.jar:/home/user/.m2/repository/io/grpc/grpc-core/1.17.1/grpc-core-1.17.1.jar:/home/user/.m2/repository/io/grpc/grpc-context/1.17.1/grpc-context-1.17.1.jar:/home/user/.m2/repository/com/google/errorprone/error_prone_annotations/2.2.0/error_prone_annotations-2.2.0.jar:/home/user/.m2/repository/org/codehaus/mojo/animal-sniffer-annotations/1.17/animal-sniffer-annotations-1.17.jar:/home/user/.m2/repository/io/opencensus/opencensus-api/0.17.0/opencensus-api-0.17.0.jar:/home/user/.m2/repository/io/opencensus/opencensus-contrib-grpc-metrics/0.17.0/opencensus-contrib-grpc-metrics-0.17.0.jar:/home/user/.m2/repository/io/netty/netty-codec-http2/4.1.30.Final/netty-codec-http2-4.1.30.Final.jar:/home/user/.m2/repository/io/netty/netty-codec-http/4.1.30.Final/netty-codec-http-4.1.30.Final.jar:/home/user/.m2/repository/io/netty/netty-codec/4.1.30.Final/netty-codec-4.1.30.Final.jar:/home/user/.m2/repository/io/netty/netty-handler/4.1.30.Final/netty-handler-4.1.30.Final.jar:/home/user/.m2/repository/io/netty/netty-handler-proxy/4.1.30.Final/netty-handler-proxy-4.1.30.Final.jar:/home/user/.m2/repository/io/netty/netty-codec-socks/4.1.30.Final/netty-codec-socks-4.1.30.Final.jar:/home/user/.m2/repository/io/netty/netty-transport-native-epoll/4.1.30.Final/netty-transport-native-epoll-4.1.30.Final.jar:/home/user/.m2/repository/io/netty/netty-common/4.1.30.Final/netty-common-4.1.30.Final.jar:/home/user/.m2/repository/io/netty/netty-buffer/4.1.30.Final/netty-buffer-4.1.30.Final.jar:/home/user/.m2/repository/io/netty/netty-transport/4.1.30.Final/netty-transport-4.1.30.Final.jar:/home/user/.m2/repository/io/netty/netty-resolver/4.1.30.Final/netty-resolver-4.1.30.Final.jar:/home/user/.m2/repository/io/netty/netty-transport-native-unix-common/4.1.30.Final/netty-transport-native-unix-common-4.1.30.Final.jar:/home/user/.m2/repository/io/grpc/grpc-protobuf/1.17.1/grpc-protobuf-1.17.1.jar:/home/user/.m2/repository/com/google/api/grpc/proto-google-common-protos/1.0.0/proto-google-common-protos-1.0.0.jar:/home/user/.m2/repository/io/grpc/grpc-protobuf-lite/1.17.1/grpc-protobuf-lite-1.17.1.jar:/home/user/.m2/repository/io/grpc/grpc-stub/1.17.1/grpc-stub-1.17.1.jar:/home/user/.m2/repository/org/apache/hadoop/hadoop-ozone-recon/0.5.0-SNAPSHOT/hadoop-ozone-recon-0.5.0-SNAPSHOT.jar:/home/user/.m2/repository/org/apache/hadoop/hadoop-ozone-reconcodegen/0.5.0-SNAPSHOT/hadoop-ozone-reconcodegen-0.5.0-SNAPSHOT.jar:/home/user/.m2/repository/com/google/inject/extensions/guice-multibindings/4.0/guice-multibindings-4.0.jar:/home/user/.m2/repository/com/google/inject/guice/4.0/guice-4.0.jar:/home/user/.m2/repository/aopalliance/aopalliance/1.0/aopalliance-1.0.jar:/home/user/.m2/repository/com/google/inject/extensions/guice-servlet/4.0/guice-servlet-4.0.jar:/home/user/.m2/repository/org/glassfish/jersey/containers/jersey-container-servlet/2.27/jersey-container-servlet-2.27.jar:/home/user/.m2/repository/org/glassfish/hk2/guice-bridge/2.5.0/guice-bridge-2.5.0.jar:/home/user/.m2/repository/org/glassfish/jersey/core/jersey-server/2.27/jersey-server-2.27.jar:/home/user/.m2/repository/org/glassfish/jersey/core/jersey-client/2.27/jersey-client-2.27.jar:/home/user/.m2/repository/org/glassfish/jersey/media/jersey-media-jaxb/2.27/jersey-media-jaxb-2.27.jar:/home/user/.m2/repository/javax/validation/validation-api/1.1.0.Final/validation-api-1.1.0.Final.jar:/home/user/.m2/repository/org/glassfish/jersey/media/jersey-media-json-jackson/2.27/jersey-media-json-jackson-2.27.jar:/home/user/.m2/repository/org/glassfish/jersey/ext/jersey-entity-filtering/2.27/jersey-entity-filtering-2.27.jar:/home/user/.m2/repository/com/google/inject/extensions/guice-assistedinject/4.0/guice-assistedinject-4.0.jar:/home/user/.m2/repository/org/jooq/jooq/3.11.10/jooq-3.11.10.jar:/home/user/.m2/repository/org/jooq/jooq-meta/3.11.10/jooq-meta-3.11.10.jar:/home/user/.m2/repository/org/jooq/jooq-codegen/3.11.10/jooq-codegen-3.11.10.jar:/home/user/.m2/repository/com/jolbox/bonecp/0.8.0.RELEASE/bonecp-0.8.0.RELEASE.jar:/home/user/.m2/repository/org/springframework/spring-jdbc/5.1.3.RELEASE/spring-jdbc-5.1.3.RELEASE.jar:/home/user/.m2/repository/org/springframework/spring-beans/5.1.3.RELEASE/spring-beans-5.1.3.RELEASE.jar:/home/user/.m2/repository/org/springframework/spring-core/5.1.3.RELEASE/spring-core-5.1.3.RELEASE.jar:/home/user/.m2/repository/org/springframework/spring-jcl/5.1.3.RELEASE/spring-jcl-5.1.3.RELEASE.jar:/home/user/.m2/repository/org/springframework/spring-tx/5.1.3.RELEASE/spring-tx-5.1.3.RELEASE.jar:/home/user/.m2/repository/org/mockito/mockito-core/2.15.0/mockito-core-2.15.0.jar:/home/user/.m2/repository/net/bytebuddy/byte-buddy/1.7.9/byte-buddy-1.7.9.jar:/home/user/.m2/repository/net/bytebuddy/byte-buddy-agent/1.7.9/byte-buddy-agent-1.7.9.jar:/home/user/.m2/repository/org/objenesis/objenesis/1.0/objenesis-1.0.jar:"/>
    <property name="java.vm.vendor" value="IcedTea"/>
    <property name="sun.arch.data.model" value="64"/>
    <property name="test.build.dir" value="/workdir/hadoop-ozone/tools/target/test-dir"/>
    <property name="test.cache.data" value=""/>
    <property name="java.vendor.url" value="https://icedtea.classpath.org"/>
    <property name="user.timezone" value=""/>
    <property name="java.vm.specification.version" value="1.8"/>
    <property name="os.name" value="Linux"/>
    <property name="test.build.data" value="/workdir/hadoop-ozone/tools/target/test-dir"/>
    <property name="user.country" value="US"/>
    <property name="sun.java.launcher" value="SUN_STANDARD"/>
    <property name="sun.boot.library.path" value="/usr/lib/jvm/java-1.8-openjdk/jre/lib/amd64"/>
    <property name="sun.java.command" value="/workdir/hadoop-ozone/tools/target/surefire/surefirebooter4142412886194515201.jar /workdir/hadoop-ozone/tools/target/surefire 2019-09-19T09-27-26_393-jvmRun1 surefire1174171341268451137tmp surefire_1195405306943693917217tmp"/>
    <property name="test" value="!TestMiniChaosOzoneCluster"/>
    <property name="surefire.test.class.path" value="/workdir/hadoop-ozone/tools/target/test-classes:/workdir/hadoop-ozone/tools/target/classes:/home/user/.m2/repository/org/apache/hadoop/hadoop-ozone-ozone-manager/0.5.0-SNAPSHOT/hadoop-ozone-ozone-manager-0.5.0-SNAPSHOT.jar:/home/user/.m2/repository/org/apache/hadoop/hadoop-hdds-docs/0.5.0-SNAPSHOT/hadoop-hdds-docs-0.5.0-SNAPSHOT.jar:/home/user/.m2/repository/org/bouncycastle/bcprov-jdk15on/1.60/bcprov-jdk15on-1.60.jar:/home/user/.m2/repository/org/apache/hadoop/hadoop-ozone-common/0.5.0-SNAPSHOT/hadoop-ozone-common-0.5.0-SNAPSHOT.jar:/home/user/.m2/repository/org/apache/commons/commons-compress/1.4.1/commons-compress-1.4.1.jar:/home/user/.m2/repository/org/tukaani/xz/1.0/xz-1.0.jar:/home/user/.m2/repository/org/apache/hadoop/hadoop-hdfs-client/3.2.0/hadoop-hdfs-client-3.2.0.jar:/home/user/.m2/repository/com/fasterxml/jackson/core/jackson-annotations/2.9.5/jackson-annotations-2.9.5.jar:/home/user/.m2/repository/org/apache/hadoop/hadoop-hdds-common/0.5.0-SNAPSHOT/hadoop-hdds-common-0.5.0-SNAPSHOT.jar:/home/user/.m2/repository/org/apache/hadoop/hadoop-hdds-config/0.5.0-SNAPSHOT/hadoop-hdds-config-0.5.0-SNAPSHOT.jar:/home/user/.m2/repository/javax/annotation/javax.annotation-api/1.2/javax.annotation-api-1.2.jar:/home/user/.m2/repository/org/apache/ratis/ratis-server/0.4.0-2337318-SNAPSHOT/ratis-server-0.4.0-2337318-SNAPSHOT.jar:/home/user/.m2/repository/org/apache/ratis/ratis-thirdparty-misc/0.2.0/ratis-thirdparty-misc-0.2.0.jar:/home/user/.m2/repository/org/apache/ratis/ratis-proto/0.4.0-2337318-SNAPSHOT/ratis-proto-0.4.0-2337318-SNAPSHOT.jar:/home/user/.m2/repository/org/apache/ratis/ratis-common/0.4.0-2337318-SNAPSHOT/ratis-common-0.4.0-2337318-SNAPSHOT.jar:/home/user/.m2/repository/org/apache/ratis/ratis-client/0.4.0-2337318-SNAPSHOT/ratis-client-0.4.0-2337318-SNAPSHOT.jar:/home/user/.m2/repository/org/apache/ratis/ratis-metrics/0.4.0-2337318-SNAPSHOT/ratis-metrics-0.4.0-2337318-SNAPSHOT.jar:/home/user/.m2/repository/org/apache/ratis/ratis-netty/0.4.0-2337318-SNAPSHOT/ratis-netty-0.4.0-2337318-SNAPSHOT.jar:/home/user/.m2/repository/org/apache/ratis/ratis-grpc/0.4.0-2337318-SNAPSHOT/ratis-grpc-0.4.0-2337318-SNAPSHOT.jar:/home/user/.m2/repository/org/rocksdb/rocksdbjni/6.0.1/rocksdbjni-6.0.1.jar:/home/user/.m2/repository/org/apache/logging/log4j/log4j-api/2.11.0/log4j-api-2.11.0.jar:/home/user/.m2/repository/org/apache/logging/log4j/log4j-core/2.11.0/log4j-core-2.11.0.jar:/home/user/.m2/repository/com/lmax/disruptor/3.4.2/disruptor-3.4.2.jar:/home/user/.m2/repository/org/apache/commons/commons-pool2/2.6.0/commons-pool2-2.6.0.jar:/home/user/.m2/repository/org/bouncycastle/bcpkix-jdk15on/1.60/bcpkix-jdk15on-1.60.jar:/home/user/.m2/repository/commons-validator/commons-validator/1.6/commons-validator-1.6.jar:/home/user/.m2/repository/commons-digester/commons-digester/1.8.1/commons-digester-1.8.1.jar:/home/user/.m2/repository/io/jaegertracing/jaeger-client/0.33.1/jaeger-client-0.33.1.jar:/home/user/.m2/repository/io/jaegertracing/jaeger-thrift/0.33.1/jaeger-thrift-0.33.1.jar:/home/user/.m2/repository/org/apache/thrift/libthrift/0.11.0/libthrift-0.11.0.jar:/home/user/.m2/repository/com/squareup/okhttp3/okhttp/3.9.0/okhttp-3.9.0.jar:/home/user/.m2/repository/com/squareup/okio/okio/1.13.0/okio-1.13.0.jar:/home/user/.m2/repository/io/jaegertracing/jaeger-core/0.33.1/jaeger-core-0.33.1.jar:/home/user/.m2/repository/io/jaegertracing/jaeger-tracerresolver/0.33.1/jaeger-tracerresolver-0.33.1.jar:/home/user/.m2/repository/io/opentracing/contrib/opentracing-tracerresolver/0.1.5/opentracing-tracerresolver-0.1.5.jar:/home/user/.m2/repository/io/opentracing/opentracing-util/0.31.0/opentracing-util-0.31.0.jar:/home/user/.m2/repository/io/opentracing/opentracing-api/0.31.0/opentracing-api-0.31.0.jar:/home/user/.m2/repository/io/opentracing/opentracing-noop/0.31.0/opentracing-noop-0.31.0.jar:/home/user/.m2/repository/org/yaml/snakeyaml/1.16/snakeyaml-1.16.jar:/home/user/.m2/repository/org/apache/hadoop/hadoop-hdds-container-service/0.5.0-SNAPSHOT/hadoop-hdds-container-service-0.5.0-SNAPSHOT.jar:/home/user/.m2/repository/org/apache/hadoop/hadoop-hdds-client/0.5.0-SNAPSHOT/hadoop-hdds-client-0.5.0-SNAPSHOT.jar:/home/user/.m2/repository/org/apache/hadoop/hadoop-hdds-tools/0.5.0-SNAPSHOT/hadoop-hdds-tools-0.5.0-SNAPSHOT.jar:/home/user/.m2/repository/org/xerial/sqlite-jdbc/3.25.2/sqlite-jdbc-3.25.2.jar:/home/user/.m2/repository/org/apache/hadoop/hadoop-hdds-server-scm/0.5.0-SNAPSHOT/hadoop-hdds-server-scm-0.5.0-SNAPSHOT.jar:/home/user/.m2/repository/org/hamcrest/hamcrest-all/1.3/hamcrest-all-1.3.jar:/home/user/.m2/repository/info/picocli/picocli/3.9.6/picocli-3.9.6.jar:/home/user/.m2/repository/com/google/protobuf/protobuf-java/2.5.0/protobuf-java-2.5.0.jar:/home/user/.m2/repository/com/google/guava/guava/11.0.2/guava-11.0.2.jar:/home/user/.m2/repository/org/apache/hadoop/hadoop-ozone-client/0.5.0-SNAPSHOT/hadoop-ozone-client-0.5.0-SNAPSHOT.jar:/workdir/hadoop-ozone/ozonefs/target/classes:/home/user/.m2/repository/org/apache/hadoop/hadoop-hdds-server-framework/0.5.0-SNAPSHOT/hadoop-hdds-server-framework-0.5.0-SNAPSHOT.jar:/home/user/.m2/repository/org/apache/hadoop/hadoop-common/3.2.0/hadoop-common-3.2.0.jar:/home/user/.m2/repository/org/apache/hadoop/hadoop-annotations/3.2.0/hadoop-annotations-3.2.0.jar:/usr/lib/jvm/java-1.8-openjdk/jre/../lib/tools.jar:/home/user/.m2/repository/commons-cli/commons-cli/1.2/commons-cli-1.2.jar:/home/user/.m2/repository/org/apache/commons/commons-math3/3.1.1/commons-math3-3.1.1.jar:/home/user/.m2/repository/org/apache/httpcomponents/httpclient/4.5.2/httpclient-4.5.2.jar:/home/user/.m2/repository/org/apache/httpcomponents/httpcore/4.4.4/httpcore-4.4.4.jar:/home/user/.m2/repository/commons-codec/commons-codec/1.11/commons-codec-1.11.jar:/home/user/.m2/repository/commons-io/commons-io/2.5/commons-io-2.5.jar:/home/user/.m2/repository/commons-net/commons-net/3.6/commons-net-3.6.jar:/home/user/.m2/repository/commons-collections/commons-collections/3.2.2/commons-collections-3.2.2.jar:/home/user/.m2/repository/javax/servlet/javax.servlet-api/3.1.0/javax.servlet-api-3.1.0.jar:/home/user/.m2/repository/org/eclipse/jetty/jetty-server/9.3.24.v20180605/jetty-server-9.3.24.v20180605.jar:/home/user/.m2/repository/org/eclipse/jetty/jetty-http/9.3.24.v20180605/jetty-http-9.3.24.v20180605.jar:/home/user/.m2/repository/org/eclipse/jetty/jetty-io/9.3.24.v20180605/jetty-io-9.3.24.v20180605.jar:/home/user/.m2/repository/org/eclipse/jetty/jetty-util/9.3.24.v20180605/jetty-util-9.3.24.v20180605.jar:/home/user/.m2/repository/org/eclipse/jetty/jetty-servlet/9.3.24.v20180605/jetty-servlet-9.3.24.v20180605.jar:/home/user/.m2/repository/org/eclipse/jetty/jetty-security/9.3.24.v20180605/jetty-security-9.3.24.v20180605.jar:/home/user/.m2/repository/org/eclipse/jetty/jetty-webapp/9.3.24.v20180605/jetty-webapp-9.3.24.v20180605.jar:/home/user/.m2/repository/org/eclipse/jetty/jetty-xml/9.3.24.v20180605/jetty-xml-9.3.24.v20180605.jar:/home/user/.m2/repository/javax/servlet/jsp/jsp-api/2.1/jsp-api-2.1.jar:/home/user/.m2/repository/com/sun/jersey/jersey-core/1.19/jersey-core-1.19.jar:/home/user/.m2/repository/javax/ws/rs/jsr311-api/1.1.1/jsr311-api-1.1.1.jar:/home/user/.m2/repository/com/sun/jersey/jersey-servlet/1.19/jersey-servlet-1.19.jar:/home/user/.m2/repository/com/sun/jersey/jersey-json/1.19/jersey-json-1.19.jar:/home/user/.m2/repository/org/codehaus/jettison/jettison/1.1/jettison-1.1.jar:/home/user/.m2/repository/com/sun/xml/bind/jaxb-impl/2.3.0.1/jaxb-impl-2.3.0.1.jar:/home/user/.m2/repository/org/codehaus/jackson/jackson-core-asl/1.9.13/jackson-core-asl-1.9.13.jar:/home/user/.m2/repository/org/codehaus/jackson/jackson-mapper-asl/1.9.13/jackson-mapper-asl-1.9.13.jar:/home/user/.m2/repository/org/codehaus/jackson/jackson-jaxrs/1.9.13/jackson-jaxrs-1.9.13.jar:/home/user/.m2/repository/org/codehaus/jackson/jackson-xc/1.9.13/jackson-xc-1.9.13.jar:/home/user/.m2/repository/com/sun/jersey/jersey-server/1.19/jersey-server-1.19.jar:/home/user/.m2/repository/commons-logging/commons-logging/1.1.3/commons-logging-1.1.3.jar:/home/user/.m2/repository/log4j/log4j/1.2.17/log4j-1.2.17.jar:/home/user/.m2/repository/commons-beanutils/commons-beanutils/1.9.3/commons-beanutils-1.9.3.jar:/home/user/.m2/repository/org/apache/commons/commons-configuration2/2.1.1/commons-configuration2-2.1.1.jar:/home/user/.m2/repository/org/apache/commons/commons-lang3/3.7/commons-lang3-3.7.jar:/home/user/.m2/repository/org/apache/commons/commons-text/1.4/commons-text-1.4.jar:/home/user/.m2/repository/org/slf4j/slf4j-api/1.7.25/slf4j-api-1.7.25.jar:/home/user/.m2/repository/org/slf4j/slf4j-log4j12/1.7.25/slf4j-log4j12-1.7.25.jar:/home/user/.m2/repository/org/apache/avro/avro/1.7.7/avro-1.7.7.jar:/home/user/.m2/repository/com/thoughtworks/paranamer/paranamer/2.3/paranamer-2.3.jar:/home/user/.m2/repository/org/xerial/snappy/snappy-java/1.0.5/snappy-java-1.0.5.jar:/home/user/.m2/repository/com/google/re2j/re2j/1.1/re2j-1.1.jar:/home/user/.m2/repository/com/google/code/gson/gson/2.2.4/gson-2.2.4.jar:/home/user/.m2/repository/org/apache/hadoop/hadoop-auth/3.2.0/hadoop-auth-3.2.0.jar:/home/user/.m2/repository/com/nimbusds/nimbus-jose-jwt/4.41.1/nimbus-jose-jwt-4.41.1.jar:/home/user/.m2/repository/com/github/stephenc/jcip/jcip-annotations/1.0-1/jcip-annotations-1.0-1.jar:/home/user/.m2/repository/net/minidev/json-smart/2.3/json-smart-2.3.jar:/home/user/.m2/repository/net/minidev/accessors-smart/1.2/accessors-smart-1.2.jar:/home/user/.m2/repository/org/apache/curator/curator-framework/2.12.0/curator-framework-2.12.0.jar:/home/user/.m2/repository/com/jcraft/jsch/0.1.54/jsch-0.1.54.jar:/home/user/.m2/repository/org/apache/curator/curator-client/2.12.0/curator-client-2.12.0.jar:/home/user/.m2/repository/org/apache/curator/curator-recipes/2.12.0/curator-recipes-2.12.0.jar:/home/user/.m2/repository/com/google/code/findbugs/jsr305/3.0.0/jsr305-3.0.0.jar:/home/user/.m2/repository/org/apache/htrace/htrace-core4/4.1.0-incubating/htrace-core4-4.1.0-incubating.jar:/home/user/.m2/repository/org/apache/zookeeper/zookeeper/3.4.13/zookeeper-3.4.13.jar:/home/user/.m2/repository/org/apache/yetus/audience-annotations/0.5.0/audience-annotations-0.5.0.jar:/home/user/.m2/repository/org/apache/kerby/kerb-simplekdc/1.0.1/kerb-simplekdc-1.0.1.jar:/home/user/.m2/repository/org/apache/kerby/kerb-client/1.0.1/kerb-client-1.0.1.jar:/home/user/.m2/repository/org/apache/kerby/kerby-config/1.0.1/kerby-config-1.0.1.jar:/home/user/.m2/repository/org/apache/kerby/kerb-core/1.0.1/kerb-core-1.0.1.jar:/home/user/.m2/repository/org/apache/kerby/kerby-pkix/1.0.1/kerby-pkix-1.0.1.jar:/home/user/.m2/repository/org/apache/kerby/kerby-asn1/1.0.1/kerby-asn1-1.0.1.jar:/home/user/.m2/repository/org/apache/kerby/kerby-util/1.0.1/kerby-util-1.0.1.jar:/home/user/.m2/repository/org/apache/kerby/kerb-common/1.0.1/kerb-common-1.0.1.jar:/home/user/.m2/repository/org/apache/kerby/kerb-crypto/1.0.1/kerb-crypto-1.0.1.jar:/home/user/.m2/repository/org/apache/kerby/kerb-util/1.0.1/kerb-util-1.0.1.jar:/home/user/.m2/repository/org/apache/kerby/token-provider/1.0.1/token-provider-1.0.1.jar:/home/user/.m2/repository/org/apache/kerby/kerb-admin/1.0.1/kerb-admin-1.0.1.jar:/home/user/.m2/repository/org/apache/kerby/kerb-server/1.0.1/kerb-server-1.0.1.jar:/home/user/.m2/repository/org/apache/kerby/kerb-identity/1.0.1/kerb-identity-1.0.1.jar:/home/user/.m2/repository/org/apache/kerby/kerby-xdr/1.0.1/kerby-xdr-1.0.1.jar:/home/user/.m2/repository/com/fasterxml/jackson/core/jackson-databind/2.9.5/jackson-databind-2.9.5.jar:/home/user/.m2/repository/com/fasterxml/jackson/core/jackson-core/2.9.5/jackson-core-2.9.5.jar:/home/user/.m2/repository/org/codehaus/woodstox/stax2-api/3.1.4/stax2-api-3.1.4.jar:/home/user/.m2/repository/com/fasterxml/woodstox/woodstox-core/5.0.3/woodstox-core-5.0.3.jar:/home/user/.m2/repository/dnsjava/dnsjava/2.1.7/dnsjava-2.1.7.jar:/home/user/.m2/repository/org/apache/hadoop/hadoop-hdfs/3.2.0/hadoop-hdfs-3.2.0.jar:/home/user/.m2/repository/org/eclipse/jetty/jetty-util-ajax/9.3.24.v20180605/jetty-util-ajax-9.3.24.v20180605.jar:/home/user/.m2/repository/commons-daemon/commons-daemon/1.0.13/commons-daemon-1.0.13.jar:/home/user/.m2/repository/io/netty/netty/3.10.5.Final/netty-3.10.5.Final.jar:/home/user/.m2/repository/io/netty/netty-all/4.0.52.Final/netty-all-4.0.52.Final.jar:/home/user/.m2/repository/org/fusesource/leveldbjni/leveldbjni-all/1.8/leveldbjni-all-1.8.jar:/home/user/.m2/repository/com/sun/xml/bind/jaxb-core/2.3.0.1/jaxb-core-2.3.0.1.jar:/home/user/.m2/repository/javax/xml/bind/jaxb-api/2.3.0/jaxb-api-2.3.0.jar:/home/user/.m2/repository/javax/activation/activation/1.1.1/activation-1.1.1.jar:/home/user/.m2/repository/io/dropwizard/metrics/metrics-core/3.2.4/metrics-core-3.2.4.jar:/home/user/.m2/repository/org/openjdk/jmh/jmh-core/1.19/jmh-core-1.19.jar:/home/user/.m2/repository/net/sf/jopt-simple/jopt-simple/4.6/jopt-simple-4.6.jar:/home/user/.m2/repository/org/openjdk/jmh/jmh-generator-annprocess/1.19/jmh-generator-annprocess-1.19.jar:/home/user/.m2/repository/com/google/code/findbugs/findbugs/3.0.1/findbugs-3.0.1.jar:/home/user/.m2/repository/net/jcip/jcip-annotations/1.0/jcip-annotations-1.0.jar:/home/user/.m2/repository/com/google/code/findbugs/bcel-findbugs/6.0/bcel-findbugs-6.0.jar:/home/user/.m2/repository/com/google/code/findbugs/jFormatString/2.0.1/jFormatString-2.0.1.jar:/home/user/.m2/repository/dom4j/dom4j/1.6.1/dom4j-1.6.1.jar:/home/user/.m2/repository/xml-apis/xml-apis/1.0.b2/xml-apis-1.0.b2.jar:/home/user/.m2/repository/org/ow2/asm/asm-debug-all/5.0.2/asm-debug-all-5.0.2.jar:/home/user/.m2/repository/org/ow2/asm/asm-commons/5.0.2/asm-commons-5.0.2.jar:/home/user/.m2/repository/org/ow2/asm/asm-tree/5.0.2/asm-tree-5.0.2.jar:/home/user/.m2/repository/org/ow2/asm/asm/5.0.4/asm-5.0.4.jar:/home/user/.m2/repository/commons-lang/commons-lang/2.6/commons-lang-2.6.jar:/home/user/.m2/repository/com/apple/AppleJavaExtensions/1.4/AppleJavaExtensions-1.4.jar:/home/user/.m2/repository/jaxen/jaxen/1.1.6/jaxen-1.1.6.jar:/home/user/.m2/repository/junit/junit/4.11/junit-4.11.jar:/home/user/.m2/repository/org/hamcrest/hamcrest-core/1.3/hamcrest-core-1.3.jar:/home/user/.m2/repository/org/apache/hadoop/hadoop-common/3.2.0/hadoop-common-3.2.0-tests.jar:/workdir/hadoop-ozone/integration-test/target/test-classes:/home/user/.m2/repository/org/apache/hadoop/hadoop-ozone-objectstore-service/0.5.0-SNAPSHOT/hadoop-ozone-objectstore-service-0.5.0-SNAPSHOT.jar:/home/user/.m2/repository/org/apache/hadoop/hadoop-ozone-s3gateway/0.5.0-SNAPSHOT/hadoop-ozone-s3gateway-0.5.0-SNAPSHOT.jar:/home/user/.m2/repository/org/jboss/weld/servlet/weld-servlet/2.4.7.Final/weld-servlet-2.4.7.Final.jar:/home/user/.m2/repository/org/glassfish/jersey/containers/jersey-container-servlet-core/2.27/jersey-container-servlet-core-2.27.jar:/home/user/.m2/repository/org/glassfish/hk2/external/javax.inject/2.5.0-b42/javax.inject-2.5.0-b42.jar:/home/user/.m2/repository/org/glassfish/jersey/core/jersey-common/2.27/jersey-common-2.27.jar:/home/user/.m2/repository/org/glassfish/hk2/osgi-resource-locator/1.0.1/osgi-resource-locator-1.0.1.jar:/home/user/.m2/repository/javax/ws/rs/javax.ws.rs-api/2.1/javax.ws.rs-api-2.1.jar:/home/user/.m2/repository/org/glassfish/jersey/ext/cdi/jersey-cdi1x/2.27/jersey-cdi1x-2.27.jar:/home/user/.m2/repository/org/glassfish/jersey/inject/jersey-hk2/2.27/jersey-hk2-2.27.jar:/home/user/.m2/repository/org/glassfish/hk2/hk2-locator/2.5.0-b42/hk2-locator-2.5.0-b42.jar:/home/user/.m2/repository/org/javassist/javassist/3.22.0-CR2/javassist-3.22.0-CR2.jar:/home/user/.m2/repository/org/glassfish/hk2/hk2-api/2.5.0/hk2-api-2.5.0.jar:/home/user/.m2/repository/org/glassfish/hk2/external/jakarta.inject/2.5.0/jakarta.inject-2.5.0.jar:/home/user/.m2/repository/org/glassfish/hk2/hk2-utils/2.5.0/hk2-utils-2.5.0.jar:/home/user/.m2/repository/jakarta/annotation/jakarta.annotation-api/1.3.4/jakarta.annotation-api-1.3.4.jar:/home/user/.m2/repository/org/glassfish/hk2/external/aopalliance-repackaged/2.5.0/aopalliance-repackaged-2.5.0.jar:/home/user/.m2/repository/com/fasterxml/jackson/dataformat/jackson-dataformat-xml/2.9.0/jackson-dataformat-xml-2.9.0.jar:/home/user/.m2/repository/com/fasterxml/jackson/module/jackson-module-jaxb-annotations/2.9.5/jackson-module-jaxb-annotations-2.9.5.jar:/home/user/.m2/repository/javax/enterprise/cdi-api/1.2/cdi-api-1.2.jar:/home/user/.m2/repository/javax/el/javax.el-api/3.0.0/javax.el-api-3.0.0.jar:/home/user/.m2/repository/javax/interceptor/javax.interceptor-api/1.2/javax.interceptor-api-1.2.jar:/home/user/.m2/repository/javax/inject/javax.inject/1/javax.inject-1.jar:/home/user/.m2/repository/org/apache/hadoop/hadoop-ozone-csi/0.5.0-SNAPSHOT/hadoop-ozone-csi-0.5.0-SNAPSHOT.jar:/home/user/.m2/repository/com/google/protobuf/protobuf-java-util/3.5.1/protobuf-java-util-3.5.1.jar:/home/user/.m2/repository/io/grpc/grpc-netty/1.17.1/grpc-netty-1.17.1.jar:/home/user/.m2/repository/io/grpc/grpc-core/1.17.1/grpc-core-1.17.1.jar:/home/user/.m2/repository/io/grpc/grpc-context/1.17.1/grpc-context-1.17.1.jar:/home/user/.m2/repository/com/google/errorprone/error_prone_annotations/2.2.0/error_prone_annotations-2.2.0.jar:/home/user/.m2/repository/org/codehaus/mojo/animal-sniffer-annotations/1.17/animal-sniffer-annotations-1.17.jar:/home/user/.m2/repository/io/opencensus/opencensus-api/0.17.0/opencensus-api-0.17.0.jar:/home/user/.m2/repository/io/opencensus/opencensus-contrib-grpc-metrics/0.17.0/opencensus-contrib-grpc-metrics-0.17.0.jar:/home/user/.m2/repository/io/netty/netty-codec-http2/4.1.30.Final/netty-codec-http2-4.1.30.Final.jar:/home/user/.m2/repository/io/netty/netty-codec-http/4.1.30.Final/netty-codec-http-4.1.30.Final.jar:/home/user/.m2/repository/io/netty/netty-codec/4.1.30.Final/netty-codec-4.1.30.Final.jar:/home/user/.m2/repository/io/netty/netty-handler/4.1.30.Final/netty-handler-4.1.30.Final.jar:/home/user/.m2/repository/io/netty/netty-handler-proxy/4.1.30.Final/netty-handler-proxy-4.1.30.Final.jar:/home/user/.m2/repository/io/netty/netty-codec-socks/4.1.30.Final/netty-codec-socks-4.1.30.Final.jar:/home/user/.m2/repository/io/netty/netty-transport-native-epoll/4.1.30.Final/netty-transport-native-epoll-4.1.30.Final.jar:/home/user/.m2/repository/io/netty/netty-common/4.1.30.Final/netty-common-4.1.30.Final.jar:/home/user/.m2/repository/io/netty/netty-buffer/4.1.30.Final/netty-buffer-4.1.30.Final.jar:/home/user/.m2/repository/io/netty/netty-transport/4.1.30.Final/netty-transport-4.1.30.Final.jar:/home/user/.m2/repository/io/netty/netty-resolver/4.1.30.Final/netty-resolver-4.1.30.Final.jar:/home/user/.m2/repository/io/netty/netty-transport-native-unix-common/4.1.30.Final/netty-transport-native-unix-common-4.1.30.Final.jar:/home/user/.m2/repository/io/grpc/grpc-protobuf/1.17.1/grpc-protobuf-1.17.1.jar:/home/user/.m2/repository/com/google/api/grpc/proto-google-common-protos/1.0.0/proto-google-common-protos-1.0.0.jar:/home/user/.m2/repository/io/grpc/grpc-protobuf-lite/1.17.1/grpc-protobuf-lite-1.17.1.jar:/home/user/.m2/repository/io/grpc/grpc-stub/1.17.1/grpc-stub-1.17.1.jar:/home/user/.m2/repository/org/apache/hadoop/hadoop-ozone-recon/0.5.0-SNAPSHOT/hadoop-ozone-recon-0.5.0-SNAPSHOT.jar:/home/user/.m2/repository/org/apache/hadoop/hadoop-ozone-reconcodegen/0.5.0-SNAPSHOT/hadoop-ozone-reconcodegen-0.5.0-SNAPSHOT.jar:/home/user/.m2/repository/com/google/inject/extensions/guice-multibindings/4.0/guice-multibindings-4.0.jar:/home/user/.m2/repository/com/google/inject/guice/4.0/guice-4.0.jar:/home/user/.m2/repository/aopalliance/aopalliance/1.0/aopalliance-1.0.jar:/home/user/.m2/repository/com/google/inject/extensions/guice-servlet/4.0/guice-servlet-4.0.jar:/home/user/.m2/repository/org/glassfish/jersey/containers/jersey-container-servlet/2.27/jersey-container-servlet-2.27.jar:/home/user/.m2/repository/org/glassfish/hk2/guice-bridge/2.5.0/guice-bridge-2.5.0.jar:/home/user/.m2/repository/org/glassfish/jersey/core/jersey-server/2.27/jersey-server-2.27.jar:/home/user/.m2/repository/org/glassfish/jersey/core/jersey-client/2.27/jersey-client-2.27.jar:/home/user/.m2/repository/org/glassfish/jersey/media/jersey-media-jaxb/2.27/jersey-media-jaxb-2.27.jar:/home/user/.m2/repository/javax/validation/validation-api/1.1.0.Final/validation-api-1.1.0.Final.jar:/home/user/.m2/repository/org/glassfish/jersey/media/jersey-media-json-jackson/2.27/jersey-media-json-jackson-2.27.jar:/home/user/.m2/repository/org/glassfish/jersey/ext/jersey-entity-filtering/2.27/jersey-entity-filtering-2.27.jar:/home/user/.m2/repository/com/google/inject/extensions/guice-assistedinject/4.0/guice-assistedinject-4.0.jar:/home/user/.m2/repository/org/jooq/jooq/3.11.10/jooq-3.11.10.jar:/home/user/.m2/repository/org/jooq/jooq-meta/3.11.10/jooq-meta-3.11.10.jar:/home/user/.m2/repository/org/jooq/jooq-codegen/3.11.10/jooq-codegen-3.11.10.jar:/home/user/.m2/repository/com/jolbox/bonecp/0.8.0.RELEASE/bonecp-0.8.0.RELEASE.jar:/home/user/.m2/repository/org/springframework/spring-jdbc/5.1.3.RELEASE/spring-jdbc-5.1.3.RELEASE.jar:/home/user/.m2/repository/org/springframework/spring-beans/5.1.3.RELEASE/spring-beans-5.1.3.RELEASE.jar:/home/user/.m2/repository/org/springframework/spring-core/5.1.3.RELEASE/spring-core-5.1.3.RELEASE.jar:/home/user/.m2/repository/org/springframework/spring-jcl/5.1.3.RELEASE/spring-jcl-5.1.3.RELEASE.jar:/home/user/.m2/repository/org/springframework/spring-tx/5.1.3.RELEASE/spring-tx-5.1.3.RELEASE.jar:/home/user/.m2/repository/org/mockito/mockito-core/2.15.0/mockito-core-2.15.0.jar:/home/user/.m2/repository/net/bytebuddy/byte-buddy/1.7.9/byte-buddy-1.7.9.jar:/home/user/.m2/repository/net/bytebuddy/byte-buddy-agent/1.7.9/byte-buddy-agent-1.7.9.jar:/home/user/.m2/repository/org/objenesis/objenesis/1.0/objenesis-1.0.jar:"/>
    <property name="sun.cpu.endian" value="little"/>
    <property name="user.home" value="/home/user"/>
    <property name="user.language" value="en"/>
    <property name="java.specification.vendor" value="Oracle Corporation"/>
    <property name="java.home" value="/usr/lib/jvm/java-1.8-openjdk/jre"/>
    <property name="java.security.krb5.conf" value="/workdir/hadoop-ozone/tools/target/test-classes/krb5.conf"/>
    <property name="basedir" value="/workdir/hadoop-ozone/tools"/>
    <property name="file.separator" value="/"/>
    <property name="line.separator" value="&#10;"/>
    <property name="java.vm.specification.vendor" value="Oracle Corporation"/>
    <property name="java.specification.name" value="Java Platform API Specification"/>
    <property name="java.awt.graphicsenv" value="sun.awt.X11GraphicsEnvironment"/>
    <property name="surefire.real.class.path" value="/workdir/hadoop-ozone/tools/target/surefire/surefirebooter4142412886194515201.jar"/>
    <property name="hadoop.log.dir" value="/workdir/hadoop-ozone/tools/target/log"/>
    <property name="sun.boot.class.path" value="/usr/lib/jvm/java-1.8-openjdk/jre/lib/resources.jar:/usr/lib/jvm/java-1.8-openjdk/jre/lib/rt.jar:/usr/lib/jvm/java-1.8-openjdk/jre/lib/sunrsasign.jar:/usr/lib/jvm/java-1.8-openjdk/jre/lib/jsse.jar:/usr/lib/jvm/java-1.8-openjdk/jre/lib/jce.jar:/usr/lib/jvm/java-1.8-openjdk/jre/lib/charsets.jar:/usr/lib/jvm/java-1.8-openjdk/jre/lib/jfr.jar:/usr/lib/jvm/java-1.8-openjdk/jre/classes"/>
    <property name="sun.management.compiler" value="HotSpot 64-Bit Tiered Compilers"/>
    <property name="java.runtime.version" value="1.8.0_212-b04"/>
    <property name="java.net.preferIPv4Stack" value="true"/>
    <property name="user.name" value="jenkins1000"/>
    <property name="path.separator" value=":"/>
    <property name="java.security.egd" value="file:///dev/urandom"/>
    <property name="os.version" value="3.10.0-957.12.2.el7.x86_64"/>
    <property name="java.endorsed.dirs" value="/usr/lib/jvm/java-1.8-openjdk/jre/lib/endorsed"/>
    <property name="java.runtime.name" value="OpenJDK Runtime Environment"/>
    <property name="file.encoding" value="UTF-8"/>
    <property name="java.vm.name" value="OpenJDK 64-Bit Server VM"/>
    <property name="test.build.webapps" value=""/>
    <property name="localRepository" value="/home/user/.m2/repository"/>
    <property name="java.vendor.url.bug" value="https://icedtea.classpath.org/bugzilla"/>
    <property name="java.io.tmpdir" value="/tmp"/>
    <property name="require.test.libhadoop" value=""/>
    <property name="java.version" value="1.8.0_212"/>
    <property name="user.dir" value="/workdir/hadoop-ozone/tools"/>
    <property name="os.arch" value="amd64"/>
    <property name="java.vm.specification.name" value="Java Virtual Machine Specification"/>
    <property name="test.build.classes" value="/workdir/hadoop-ozone/tools/target/test-classes"/>
    <property name="java.awt.printerjob" value="sun.print.PSPrinterJob"/>
    <property name="sun.os.patch.level" value="unknown"/>
    <property name="hadoop.tmp.dir" value="/workdir/hadoop-ozone/tools/target/tmp"/>
    <property name="java.library.path" value="/usr/lib/jvm/java-1.8-openjdk/jre/lib/amd64/server:/usr/lib/jvm/java-1.8-openjdk/jre/lib/amd64:/usr/lib/jvm/java-1.8-openjdk/jre/../lib/amd64:/workdir/hadoop-ozone/tools/target/native/target/usr/local/lib:/workdir/hadoop-ozone/tools/../../hadoop-common-project/hadoop-common/target/native/target/usr/local/lib:/usr/java/packages/lib/amd64:/usr/lib64:/lib64:/lib:/usr/lib"/>
    <property name="java.vm.info" value="mixed mode"/>
    <property name="java.vendor" value="IcedTea"/>
    <property name="java.vm.version" value="25.212-b04"/>
    <property name="java.ext.dirs" value="/usr/lib/jvm/java-1.8-openjdk/jre/lib/ext:/usr/java/packages/lib/ext"/>
    <property name="sun.io.unicode.encoding" value="UnicodeLittle"/>
    <property name="java.class.version" value="52.0"/>
  </properties>
  <testcase name="testRestart" classname="org.apache.hadoop.ozone.freon.TestFreonWithPipelineDestroy" time="10.482">
    <error message="Allocated 0 blocks. Requested 5 blocks" type="INTERNAL_ERROR org.apache.hadoop.ozone.om.exceptions.OMException">INTERNAL_ERROR org.apache.hadoop.ozone.om.exceptions.OMException: Allocated 0 blocks. Requested 5 blocks
	at org.apache.hadoop.ozone.om.protocolPB.OzoneManagerProtocolClientSideTranslatorPB.handleError(OzoneManagerProtocolClientSideTranslatorPB.java:725)
	at org.apache.hadoop.ozone.om.protocolPB.OzoneManagerProtocolClientSideTranslatorPB.openKey(OzoneManagerProtocolClientSideTranslatorPB.java:716)
	at org.apache.hadoop.ozone.client.rpc.RpcClient.createKey(RpcClient.java:615)
	at org.apache.hadoop.ozone.client.OzoneBucket.createKey(OzoneBucket.java:323)
	at org.apache.hadoop.ozone.freon.RandomKeyGenerator.createKey(RandomKeyGenerator.java:686)
	at org.apache.hadoop.ozone.freon.RandomKeyGenerator.access$1100(RandomKeyGenerator.java:87)
	at org.apache.hadoop.ozone.freon.RandomKeyGenerator$ObjectCreator.run(RandomKeyGenerator.java:606)
	at java.util.concurrent.Executors$RunnableAdapter.call(Executors.java:511)
	at java.util.concurrent.FutureTask.run(FutureTask.java:266)
	at java.util.concurrent.ThreadPoolExecutor.runWorker(ThreadPoolExecutor.java:1149)
	at java.util.concurrent.ThreadPoolExecutor$Worker.run(ThreadPoolExecutor.java:624)
	at java.lang.Thread.run(Thread.java:748)
</error>
    <system-out><![CDATA[2019-09-19 14:41:11,412 [main] WARN  server.ServerUtils (ServerUtils.java:getScmDbDir(145)) - ozone.scm.db.dirs is not configured. We recommend adding this setting. Falling back to ozone.metadata.dirs instead.
2019-09-19 14:41:11,537 [main] WARN  server.ServerUtils (ServerUtils.java:getScmDbDir(145)) - ozone.scm.db.dirs is not configured. We recommend adding this setting. Falling back to ozone.metadata.dirs instead.
2019-09-19 14:41:11,540 [main] WARN  server.ServerUtils (ServerUtils.java:getScmDbDir(145)) - ozone.scm.db.dirs is not configured. We recommend adding this setting. Falling back to ozone.metadata.dirs instead.
2019-09-19 14:41:11,562 [main] INFO  util.log (Log.java:initialized(192)) - Logging initialized @984ms
2019-09-19 14:41:11,703 [main] INFO  db.DBStoreBuilder (DBStoreBuilder.java:addTable(110)) - using custom profile for table: deletedBlocks
2019-09-19 14:41:11,704 [main] INFO  db.DBStoreBuilder (DBStoreBuilder.java:processTables(161)) - Using default column profile:DBProfile.DISK for Table:deletedBlocks
2019-09-19 14:41:11,704 [main] INFO  db.DBStoreBuilder (DBStoreBuilder.java:addTable(110)) - using custom profile for table: validCerts
2019-09-19 14:41:11,705 [main] INFO  db.DBStoreBuilder (DBStoreBuilder.java:processTables(161)) - Using default column profile:DBProfile.DISK for Table:validCerts
2019-09-19 14:41:11,705 [main] INFO  db.DBStoreBuilder (DBStoreBuilder.java:addTable(110)) - using custom profile for table: revokedCerts
2019-09-19 14:41:11,705 [main] INFO  db.DBStoreBuilder (DBStoreBuilder.java:processTables(161)) - Using default column profile:DBProfile.DISK for Table:revokedCerts
2019-09-19 14:41:11,718 [main] INFO  db.DBStoreBuilder (DBStoreBuilder.java:addTable(110)) - using custom profile for table: default
2019-09-19 14:41:11,718 [main] INFO  db.DBStoreBuilder (DBStoreBuilder.java:processTables(167)) - Using default column profile:DBProfile.DISK for Table:default
2019-09-19 14:41:11,719 [main] INFO  db.DBStoreBuilder (DBStoreBuilder.java:getDbProfile(198)) - Using default options. DBProfile.DISK
2019-09-19 14:41:12,022 [main] INFO  net.NodeSchemaLoader (NodeSchemaLoader.java:loadSchemaFromFile(125)) - Loading file from sun.misc.CompoundEnumeration@20deea7f
2019-09-19 14:41:12,024 [main] INFO  net.NodeSchemaLoader (NodeSchemaLoader.java:loadSchema(171)) - Loading network topology layer schema file
2019-09-19 14:41:12,122 [main] INFO  node.SCMNodeManager (SCMNodeManager.java:<init>(121)) - Entering startup safe mode.
2019-09-19 14:41:12,199 [main] INFO  algorithms.ContainerPlacementPolicyFactory (ContainerPlacementPolicyFactory.java:getPolicy(56)) - Create container placement policy of type org.apache.hadoop.hdds.scm.container.placement.algorithms.SCMContainerPlacementRandom
2019-09-19 14:41:12,215 [main] WARN  server.ServerUtils (ServerUtils.java:getScmDbDir(145)) - ozone.scm.db.dirs is not configured. We recommend adding this setting. Falling back to ozone.metadata.dirs instead.
2019-09-19 14:41:12,333 [main] INFO  pipeline.SCMPipelineManager (SCMPipelineManager.java:initializePipelineState(126)) - No pipeline exists in current db
2019-09-19 14:41:12,336 [main] WARN  server.ServerUtils (ServerUtils.java:getScmDbDir(145)) - ozone.scm.db.dirs is not configured. We recommend adding this setting. Falling back to ozone.metadata.dirs instead.
2019-09-19 14:41:12,537 [main] WARN  events.EventQueue (EventQueue.java:fireEvent(175)) - No event handler registered for event TypedEvent{payloadType=SafeModeStatus, name='SafeModeStatus'}
2019-09-19 14:41:13,133 [main] INFO  ipc.CallQueueManager (CallQueueManager.java:<init>(84)) - Using callQueue: class java.util.concurrent.LinkedBlockingQueue, queueCapacity: 2000, scheduler: class org.apache.hadoop.ipc.DefaultRpcScheduler, ipcBackoff: false.
2019-09-19 14:41:13,434 [Socket Reader #1 for port 37510] INFO  ipc.Server (Server.java:run(1074)) - Starting Socket Reader #1 for port 37510
2019-09-19 14:41:13,467 [main] INFO  ipc.CallQueueManager (CallQueueManager.java:<init>(84)) - Using callQueue: class java.util.concurrent.LinkedBlockingQueue, queueCapacity: 2000, scheduler: class org.apache.hadoop.ipc.DefaultRpcScheduler, ipcBackoff: false.
2019-09-19 14:41:13,468 [Socket Reader #1 for port 35392] INFO  ipc.Server (Server.java:run(1074)) - Starting Socket Reader #1 for port 35392
2019-09-19 14:41:13,475 [main] INFO  ipc.CallQueueManager (CallQueueManager.java:<init>(84)) - Using callQueue: class java.util.concurrent.LinkedBlockingQueue, queueCapacity: 2000, scheduler: class org.apache.hadoop.ipc.DefaultRpcScheduler, ipcBackoff: false.
2019-09-19 14:41:13,476 [Socket Reader #1 for port 46297] INFO  ipc.Server (Server.java:run(1074)) - Starting Socket Reader #1 for port 46297
2019-09-19 14:41:13,498 [main] INFO  hdfs.DFSUtil (DFSUtil.java:httpServerTemplateForNNAndJN(1641)) - Starting Web-server for scm at: http://0.0.0.0:0
2019-09-19 14:41:13,646 [main] INFO  server.AuthenticationFilter (AuthenticationFilter.java:constructSecretProvider(240)) - Unable to initialize FileSignerSecretProvider, falling back to use random secrets.
2019-09-19 14:41:13,662 [main] WARN  http.HttpRequestLog (HttpRequestLog.java:getRequestLog(97)) - Jetty request log can only be enabled using Log4j
2019-09-19 14:41:13,672 [main] INFO  http.HttpServer2 (HttpServer2.java:addGlobalFilter(975)) - Added global filter 'safety' (class=org.apache.hadoop.http.HttpServer2$QuotingInputFilter)
2019-09-19 14:41:13,675 [main] INFO  http.HttpServer2 (HttpServer2.java:addFilter(948)) - Added filter static_user_filter (class=org.apache.hadoop.http.lib.StaticUserWebFilter$StaticUserFilter) to context scm
2019-09-19 14:41:13,675 [main] INFO  http.HttpServer2 (HttpServer2.java:addFilter(958)) - Added filter static_user_filter (class=org.apache.hadoop.http.lib.StaticUserWebFilter$StaticUserFilter) to context logs
2019-09-19 14:41:13,675 [main] INFO  http.HttpServer2 (HttpServer2.java:addFilter(958)) - Added filter static_user_filter (class=org.apache.hadoop.http.lib.StaticUserWebFilter$StaticUserFilter) to context static
2019-09-19 14:41:13,702 [main] INFO  server.StorageContainerManager (StorageContainerManager.java:start(759)) - StorageContainerLocationProtocol RPC server is listening at /0.0.0.0:46297
2019-09-19 14:41:13,767 [main] WARN  impl.MetricsConfig (MetricsConfig.java:loadFirst(134)) - Cannot locate configuration: tried hadoop-metrics2-storagecontainermanager.properties,hadoop-metrics2.properties
2019-09-19 14:41:13,782 [main] INFO  impl.MetricsSystemImpl (MetricsSystemImpl.java:startTimer(374)) - Scheduled Metric snapshot period at 10 second(s).
2019-09-19 14:41:13,782 [main] INFO  impl.MetricsSystemImpl (MetricsSystemImpl.java:start(191)) - StorageContainerManager metrics system started
2019-09-19 14:41:14,024 [main] INFO  server.SCMClientProtocolServer (SCMClientProtocolServer.java:start(151)) - RPC server for Client  is listening at /0.0.0.0:46297
2019-09-19 14:41:14,025 [IPC Server Responder] INFO  ipc.Server (Server.java:run(1314)) - IPC Server Responder: starting
2019-09-19 14:41:14,025 [IPC Server listener on 46297] INFO  ipc.Server (Server.java:run(1153)) - IPC Server listener on 46297: starting
2019-09-19 14:41:14,028 [main] INFO  server.StorageContainerManager (StorageContainerManager.java:start(769)) - ScmBlockLocationProtocol RPC server is listening at /0.0.0.0:35392
2019-09-19 14:41:14,029 [main] INFO  server.SCMBlockProtocolServer (SCMBlockProtocolServer.java:start(140)) - RPC server for Block Protocol is listening at /0.0.0.0:35392
2019-09-19 14:41:14,029 [IPC Server Responder] INFO  ipc.Server (Server.java:run(1314)) - IPC Server Responder: starting
2019-09-19 14:41:14,029 [IPC Server listener on 35392] INFO  ipc.Server (Server.java:run(1153)) - IPC Server listener on 35392: starting
2019-09-19 14:41:14,032 [main] INFO  server.StorageContainerManager (StorageContainerManager.java:start(773)) - ScmDatanodeProtocl RPC server is listening at /0.0.0.0:37510
2019-09-19 14:41:14,032 [main] INFO  server.SCMDatanodeProtocolServer (SCMDatanodeProtocolServer.java:start(191)) - RPC server for DataNodes is listening at /0.0.0.0:37510
2019-09-19 14:41:14,032 [IPC Server Responder] INFO  ipc.Server (Server.java:run(1314)) - IPC Server Responder: starting
2019-09-19 14:41:14,032 [IPC Server listener on 37510] INFO  ipc.Server (Server.java:run(1153)) - IPC Server listener on 37510: starting
2019-09-19 14:41:14,037 [main] INFO  http.HttpServer2 (HttpServer2.java:bindListener(1191)) - Jetty bound to port 36736
2019-09-19 14:41:14,038 [main] INFO  server.Server (Server.java:doStart(351)) - jetty-9.3.24.v20180605, build timestamp: 2018-06-05T17:11:56Z, git hash: 84205aa28f11a4f31f2a3b86d1bba2cc8ab69827
2019-09-19 14:41:14,076 [main] INFO  handler.ContextHandler (ContextHandler.java:doStart(781)) - Started o.e.j.s.ServletContextHandler@4e70a728{/logs,file:///workdir/hadoop-ozone/tools/target/log,AVAILABLE}
2019-09-19 14:41:14,077 [main] INFO  handler.ContextHandler (ContextHandler.java:doStart(781)) - Started o.e.j.s.ServletContextHandler@1c3146bc{/static,jar:file:/home/user/.m2/repository/org/apache/hadoop/hadoop-hdds-server-scm/0.5.0-SNAPSHOT/hadoop-hdds-server-scm-0.5.0-SNAPSHOT.jar!/webapps/static,AVAILABLE}
2019-09-19 14:41:14,153 [main] INFO  handler.ContextHandler (ContextHandler.java:doStart(781)) - Started o.e.j.w.WebAppContext@72efb5c1{/,file:///tmp/jetty-0.0.0.0-36736-scm-_-any-668175374474218823.dir/webapp/,AVAILABLE}{/scm}
2019-09-19 14:41:14,159 [main] INFO  server.AbstractConnector (AbstractConnector.java:doStart(278)) - Started ServerConnector@7a0e1b5e{HTTP/1.1,[http/1.1]}{0.0.0.0:36736}
2019-09-19 14:41:14,159 [main] INFO  server.Server (Server.java:doStart(419)) - Started @3581ms
2019-09-19 14:41:14,160 [main] INFO  server.BaseHttpServer (BaseHttpServer.java:updateConnectorAddress(213)) - HTTP server of SCM is listening at http://0.0.0.0:36736
2019-09-19 14:41:14,167 [org.apache.hadoop.util.JvmPauseMonitor$Monitor@15bcf458] INFO  util.JvmPauseMonitor (JvmPauseMonitor.java:run(188)) - Starting JVM pause monitor
2019-09-19 14:41:14,171 [main] WARN  server.ServerUtils (ServerUtils.java:getDBPath(222)) - ozone.om.db.dirs is not configured. We recommend adding this setting. Falling back to ozone.metadata.dirs instead.
2019-09-19 14:41:14,284 [main] WARN  server.ServerUtils (ServerUtils.java:getDBPath(222)) - ozone.om.db.dirs is not configured. We recommend adding this setting. Falling back to ozone.metadata.dirs instead.
2019-09-19 14:41:14,284 [main] WARN  server.ServerUtils (ServerUtils.java:getDBPath(222)) - ozone.om.db.dirs is not configured. We recommend adding this setting. Falling back to ozone.metadata.dirs instead.
2019-09-19 14:41:14,285 [main] INFO  om.OzoneManager (OzoneManager.java:setOMNodeDetails(645)) - OM Service ID is not set. Setting it to the default ID: omServiceIdDefault
2019-09-19 14:41:14,286 [main] INFO  om.OzoneManager (OzoneManager.java:setOMNodeDetails(651)) - OM Node ID is not set. Setting it to the OmStorage's OmID: 975a56d6-8fdc-44cb-9b3a-03460b853b02
2019-09-19 14:41:14,287 [main] INFO  om.OzoneManager (OzoneManager.java:loadOMHAConfigs(602)) - Found matching OM address with OMServiceId: null, OMNodeId: null, RPC Address: localhost:0 and Ratis port: 9872
2019-09-19 14:41:14,552 | INFO  | SCMAudit | user=jenkins1000 | ip=192.168.5.132 | op=GET_SCM_INFO null | ret=SUCCESS |  
2019-09-19 14:41:15,008 [main] WARN  server.ServerUtils (ServerUtils.java:getDBPath(222)) - ozone.om.db.dirs is not configured. We recommend adding this setting. Falling back to ozone.metadata.dirs instead.
2019-09-19 14:41:15,015 [main] INFO  db.DBStoreBuilder (DBStoreBuilder.java:addTable(110)) - using custom profile for table: userTable
2019-09-19 14:41:15,015 [main] INFO  db.DBStoreBuilder (DBStoreBuilder.java:processTables(161)) - Using default column profile:DBProfile.DISK for Table:userTable
2019-09-19 14:41:15,016 [main] INFO  db.DBStoreBuilder (DBStoreBuilder.java:addTable(110)) - using custom profile for table: volumeTable
2019-09-19 14:41:15,016 [main] INFO  db.DBStoreBuilder (DBStoreBuilder.java:processTables(161)) - Using default column profile:DBProfile.DISK for Table:volumeTable
2019-09-19 14:41:15,016 [main] INFO  db.DBStoreBuilder (DBStoreBuilder.java:addTable(110)) - using custom profile for table: bucketTable
2019-09-19 14:41:15,016 [main] INFO  db.DBStoreBuilder (DBStoreBuilder.java:processTables(161)) - Using default column profile:DBProfile.DISK for Table:bucketTable
2019-09-19 14:41:15,016 [main] INFO  db.DBStoreBuilder (DBStoreBuilder.java:addTable(110)) - using custom profile for table: keyTable
2019-09-19 14:41:15,017 [main] INFO  db.DBStoreBuilder (DBStoreBuilder.java:processTables(161)) - Using default column profile:DBProfile.DISK for Table:keyTable
2019-09-19 14:41:15,017 [main] INFO  db.DBStoreBuilder (DBStoreBuilder.java:addTable(110)) - using custom profile for table: deletedTable
2019-09-19 14:41:15,017 [main] INFO  db.DBStoreBuilder (DBStoreBuilder.java:processTables(161)) - Using default column profile:DBProfile.DISK for Table:deletedTable
2019-09-19 14:41:15,017 [main] INFO  db.DBStoreBuilder (DBStoreBuilder.java:addTable(110)) - using custom profile for table: openKeyTable
2019-09-19 14:41:15,017 [main] INFO  db.DBStoreBuilder (DBStoreBuilder.java:processTables(161)) - Using default column profile:DBProfile.DISK for Table:openKeyTable
2019-09-19 14:41:15,018 [main] INFO  db.DBStoreBuilder (DBStoreBuilder.java:addTable(110)) - using custom profile for table: s3Table
2019-09-19 14:41:15,018 [main] INFO  db.DBStoreBuilder (DBStoreBuilder.java:processTables(161)) - Using default column profile:DBProfile.DISK for Table:s3Table
2019-09-19 14:41:15,018 [main] INFO  db.DBStoreBuilder (DBStoreBuilder.java:addTable(110)) - using custom profile for table: multipartInfoTable
2019-09-19 14:41:15,018 [main] INFO  db.DBStoreBuilder (DBStoreBuilder.java:processTables(161)) - Using default column profile:DBProfile.DISK for Table:multipartInfoTable
2019-09-19 14:41:15,019 [main] INFO  db.DBStoreBuilder (DBStoreBuilder.java:addTable(110)) - using custom profile for table: dTokenTable
2019-09-19 14:41:15,019 [main] INFO  db.DBStoreBuilder (DBStoreBuilder.java:processTables(161)) - Using default column profile:DBProfile.DISK for Table:dTokenTable
2019-09-19 14:41:15,019 [main] INFO  db.DBStoreBuilder (DBStoreBuilder.java:addTable(110)) - using custom profile for table: s3SecretTable
2019-09-19 14:41:15,019 [main] INFO  db.DBStoreBuilder (DBStoreBuilder.java:processTables(161)) - Using default column profile:DBProfile.DISK for Table:s3SecretTable
2019-09-19 14:41:15,019 [main] INFO  db.DBStoreBuilder (DBStoreBuilder.java:addTable(110)) - using custom profile for table: prefixTable
2019-09-19 14:41:15,020 [main] INFO  db.DBStoreBuilder (DBStoreBuilder.java:processTables(161)) - Using default column profile:DBProfile.DISK for Table:prefixTable
2019-09-19 14:41:15,020 [main] INFO  db.DBStoreBuilder (DBStoreBuilder.java:addTable(110)) - using custom profile for table: default
2019-09-19 14:41:15,020 [main] INFO  db.DBStoreBuilder (DBStoreBuilder.java:processTables(167)) - Using default column profile:DBProfile.DISK for Table:default
2019-09-19 14:41:15,020 [main] INFO  db.DBStoreBuilder (DBStoreBuilder.java:getDbProfile(198)) - Using default options. DBProfile.DISK
2019-09-19 14:41:15,899 [main] INFO  ipc.CallQueueManager (CallQueueManager.java:<init>(84)) - Using callQueue: class java.util.concurrent.LinkedBlockingQueue, queueCapacity: 2000, scheduler: class org.apache.hadoop.ipc.DefaultRpcScheduler, ipcBackoff: false.
2019-09-19 14:41:15,900 [Socket Reader #1 for port 37288] INFO  ipc.Server (Server.java:run(1074)) - Starting Socket Reader #1 for port 37288
2019-09-19 14:41:15,927 [main] INFO  om.OzoneManager (OzoneManager.java:start(1256)) - OzoneManager RPC server is listening at localhost/127.0.0.1:37288
2019-09-19 14:41:15,927 [main] INFO  impl.MetricsSystemImpl (MetricsSystemImpl.java:init(158)) - OzoneManager metrics system started (again)
2019-09-19 14:41:15,929 [IPC Server Responder] INFO  ipc.Server (Server.java:run(1314)) - IPC Server Responder: starting
2019-09-19 14:41:15,929 [IPC Server listener on 37288] INFO  ipc.Server (Server.java:run(1153)) - IPC Server listener on 37288: starting
2019-09-19 14:41:15,935 [main] INFO  hdfs.DFSUtil (DFSUtil.java:httpServerTemplateForNNAndJN(1641)) - Starting Web-server for ozoneManager at: http://0.0.0.0:0
2019-09-19 14:41:15,937 [main] INFO  server.AuthenticationFilter (AuthenticationFilter.java:constructSecretProvider(240)) - Unable to initialize FileSignerSecretProvider, falling back to use random secrets.
2019-09-19 14:41:15,939 [main] WARN  http.HttpRequestLog (HttpRequestLog.java:getRequestLog(97)) - Jetty request log can only be enabled using Log4j
2019-09-19 14:41:15,943 [main] INFO  http.HttpServer2 (HttpServer2.java:addGlobalFilter(975)) - Added global filter 'safety' (class=org.apache.hadoop.http.HttpServer2$QuotingInputFilter)
2019-09-19 14:41:15,944 [main] INFO  http.HttpServer2 (HttpServer2.java:addFilter(948)) - Added filter static_user_filter (class=org.apache.hadoop.http.lib.StaticUserWebFilter$StaticUserFilter) to context ozoneManager
2019-09-19 14:41:15,945 [main] INFO  http.HttpServer2 (HttpServer2.java:addFilter(958)) - Added filter static_user_filter (class=org.apache.hadoop.http.lib.StaticUserWebFilter$StaticUserFilter) to context logs
2019-09-19 14:41:15,945 [main] INFO  http.HttpServer2 (HttpServer2.java:addFilter(958)) - Added filter static_user_filter (class=org.apache.hadoop.http.lib.StaticUserWebFilter$StaticUserFilter) to context static
2019-09-19 14:41:16,147 [main] INFO  http.HttpServer2 (HttpServer2.java:bindListener(1191)) - Jetty bound to port 42331
2019-09-19 14:41:16,147 [main] INFO  server.Server (Server.java:doStart(351)) - jetty-9.3.24.v20180605, build timestamp: 2018-06-05T17:11:56Z, git hash: 84205aa28f11a4f31f2a3b86d1bba2cc8ab69827
2019-09-19 14:41:16,150 [main] INFO  handler.ContextHandler (ContextHandler.java:doStart(781)) - Started o.e.j.s.ServletContextHandler@782168b7{/logs,file:///workdir/hadoop-ozone/tools/target/log,AVAILABLE}
2019-09-19 14:41:16,153 [main] INFO  handler.ContextHandler (ContextHandler.java:doStart(781)) - Started o.e.j.s.ServletContextHandler@7435a578{/static,jar:file:/home/user/.m2/repository/org/apache/hadoop/hadoop-ozone-ozone-manager/0.5.0-SNAPSHOT/hadoop-ozone-ozone-manager-0.5.0-SNAPSHOT.jar!/webapps/static,AVAILABLE}
2019-09-19 14:41:16,214 [main] INFO  handler.ContextHandler (ContextHandler.java:doStart(781)) - Started o.e.j.w.WebAppContext@10876a6{/,file:///tmp/jetty-0.0.0.0-42331-ozoneManager-_-any-7352749525305111590.dir/webapp/,AVAILABLE}{/ozoneManager}
2019-09-19 14:41:16,214 [main] INFO  server.AbstractConnector (AbstractConnector.java:doStart(278)) - Started ServerConnector@71870da7{HTTP/1.1,[http/1.1]}{0.0.0.0:42331}
2019-09-19 14:41:16,215 [main] INFO  server.Server (Server.java:doStart(419)) - Started @5637ms
2019-09-19 14:41:16,216 [main] INFO  server.BaseHttpServer (BaseHttpServer.java:updateConnectorAddress(213)) - HTTP server of OZONEMANAGER is listening at http://0.0.0.0:42331
2019-09-19 14:41:16,353 [main] INFO  impl.MetricsSystemImpl (MetricsSystemImpl.java:init(158)) - HddsDatanode metrics system started (again)
2019-09-19 14:41:16,436 [main] INFO  ozone.HddsDatanodeService (HddsDatanodeService.java:start(184)) - HddsDatanodeService host:pr-hdds-1569-rzdr8-3403194166 ip:192.168.5.132
2019-09-19 14:41:16,471 [main] INFO  volume.HddsVolume (HddsVolume.java:<init>(176)) - Creating Volume: /workdir/hadoop-ozone/tools/target/test-dir/MiniOzoneClusterImpl-e6d9f474-e5f5-4f7a-a570-913b705bd7a5/datanode-0/data/containers/hdds of  storage type : DISK and capacity : 1482555576320
2019-09-19 14:41:16,473 [main] INFO  volume.VolumeSet (VolumeSet.java:initializeVolumeSet(170)) - Added Volume : /workdir/hadoop-ozone/tools/target/test-dir/MiniOzoneClusterImpl-e6d9f474-e5f5-4f7a-a570-913b705bd7a5/datanode-0/data/containers/hdds to VolumeSet
2019-09-19 14:41:16,476 [main] INFO  volume.ThrottledAsyncChecker (ThrottledAsyncChecker.java:schedule(140)) - Scheduling a check for org.apache.hadoop.ozone.container.common.volume.HddsVolume@4b869331
2019-09-19 14:41:16,496 [main] INFO  volume.HddsVolumeChecker (HddsVolumeChecker.java:checkAllVolumes(203)) - Scheduled health check for volume org.apache.hadoop.ozone.container.common.volume.HddsVolume@4b869331
2019-09-19 14:41:16,603 [main] INFO  impl.RaftServerProxy (ConfUtils.java:logGet(43)) - raft.rpc.type = GRPC (default)
2019-09-19 14:41:16,685 [main] INFO  grpc.GrpcFactory (GrpcFactory.java:checkPooledByteBufAllocatorUseCacheForAllThreads(45)) - PERFORMANCE WARNING: useCacheForAllThreads is true that may cause Netty to create a lot garbage objects and, as a result, trigger GC.
	It is recommended to disable useCacheForAllThreads by setting -Dorg.apache.ratis.thirdparty.io.netty.allocator.useCacheForAllThreads=false in command line.
2019-09-19 14:41:16,692 [main] INFO  grpc.GrpcConfigKeys$Server (ConfUtils.java:logGet(43)) - raft.grpc.server.port = 0 (default)
2019-09-19 14:41:16,694 [main] INFO  server.GrpcService (ConfUtils.java:logGet(43)) - raft.grpc.message.size.max = 33570816 (custom)
2019-09-19 14:41:16,696 [main] INFO  server.RaftServerConfigKeys (ConfUtils.java:logGet(43)) - raft.server.log.appender.buffer.byte-limit = 33554432 (custom)
2019-09-19 14:41:16,697 [main] INFO  server.GrpcService (ConfUtils.java:logGet(43)) - raft.grpc.flow.control.window = 1MB (=1048576) (default)
2019-09-19 14:41:16,699 [main] INFO  server.RaftServerConfigKeys (ConfUtils.java:logGet(43)) - raft.server.rpc.request.timeout = 3000ms (default)
2019-09-19 14:41:16,902 [main] INFO  server.RaftServerConfigKeys (ConfUtils.java:logGet(43)) - raft.server.storage.dir = [/workdir/hadoop-ozone/tools/target/test-dir/MiniOzoneClusterImpl-e6d9f474-e5f5-4f7a-a570-913b705bd7a5/datanode-0/data/ratis] (custom)
2019-09-19 14:41:16,942 [main] INFO  replication.SimpleContainerDownloader (SimpleContainerDownloader.java:<init>(72)) - Starting container downloader service to copy containers to replicate.
2019-09-19 14:41:16,955 [main] INFO  hdfs.DFSUtil (DFSUtil.java:httpServerTemplateForNNAndJN(1641)) - Starting Web-server for hddsDatanode at: http://0.0.0.0:0
2019-09-19 14:41:16,957 [main] INFO  server.AuthenticationFilter (AuthenticationFilter.java:constructSecretProvider(240)) - Unable to initialize FileSignerSecretProvider, falling back to use random secrets.
2019-09-19 14:41:16,958 [main] WARN  http.HttpRequestLog (HttpRequestLog.java:getRequestLog(97)) - Jetty request log can only be enabled using Log4j
2019-09-19 14:41:16,960 [main] INFO  http.HttpServer2 (HttpServer2.java:addGlobalFilter(975)) - Added global filter 'safety' (class=org.apache.hadoop.http.HttpServer2$QuotingInputFilter)
2019-09-19 14:41:16,961 [main] INFO  http.HttpServer2 (HttpServer2.java:addFilter(948)) - Added filter static_user_filter (class=org.apache.hadoop.http.lib.StaticUserWebFilter$StaticUserFilter) to context hddsDatanode
2019-09-19 14:41:16,961 [main] INFO  http.HttpServer2 (HttpServer2.java:addFilter(958)) - Added filter static_user_filter (class=org.apache.hadoop.http.lib.StaticUserWebFilter$StaticUserFilter) to context logs
2019-09-19 14:41:16,961 [main] INFO  http.HttpServer2 (HttpServer2.java:addFilter(958)) - Added filter static_user_filter (class=org.apache.hadoop.http.lib.StaticUserWebFilter$StaticUserFilter) to context static
2019-09-19 14:41:16,962 [main] INFO  http.HttpServer2 (HttpServer2.java:bindListener(1191)) - Jetty bound to port 41928
2019-09-19 14:41:16,962 [main] INFO  server.Server (Server.java:doStart(351)) - jetty-9.3.24.v20180605, build timestamp: 2018-06-05T17:11:56Z, git hash: 84205aa28f11a4f31f2a3b86d1bba2cc8ab69827
2019-09-19 14:41:16,964 [main] INFO  handler.ContextHandler (ContextHandler.java:doStart(781)) - Started o.e.j.s.ServletContextHandler@3bd2af5b{/logs,file:///workdir/hadoop-ozone/tools/target/log,AVAILABLE}
2019-09-19 14:41:16,965 [main] INFO  handler.ContextHandler (ContextHandler.java:doStart(781)) - Started o.e.j.s.ServletContextHandler@75d982d3{/static,jar:file:/home/user/.m2/repository/org/apache/hadoop/hadoop-hdds-container-service/0.5.0-SNAPSHOT/hadoop-hdds-container-service-0.5.0-SNAPSHOT.jar!/webapps/static,AVAILABLE}
2019-09-19 14:41:16,994 [main] INFO  handler.ContextHandler (ContextHandler.java:doStart(781)) - Started o.e.j.w.WebAppContext@2b7962a2{/,file:///tmp/jetty-0.0.0.0-41928-hddsDatanode-_-any-5753090664091693643.dir/webapp/,AVAILABLE}{/hddsDatanode}
2019-09-19 14:41:16,994 [main] INFO  server.AbstractConnector (AbstractConnector.java:doStart(278)) - Started ServerConnector@6ad16c5d{HTTP/1.1,[http/1.1]}{0.0.0.0:41928}
2019-09-19 14:41:16,995 [main] INFO  server.Server (Server.java:doStart(419)) - Started @6417ms
2019-09-19 14:41:16,997 [main] INFO  server.BaseHttpServer (BaseHttpServer.java:updateConnectorAddress(213)) - HTTP server of HDDSDATANODE is listening at http://0.0.0.0:41928
2019-09-19 14:41:18,099 | INFO  | ObjectStoreRestHttpServer | Listening HDDS REST traffic on /0.0.0.0:44059 |  
2019-09-19 14:41:18,100 [main] INFO  ozone.HddsDatanodeService (HddsDatanodeService.java:startPlugins(395)) - Started plug-in org.apache.hadoop.ozone.web.OzoneHddsDatanodeService@2bb62414
2019-09-19 14:41:18,101 [main] INFO  impl.MetricsSystemImpl (MetricsSystemImpl.java:init(158)) - HddsDatanode metrics system started (again)
2019-09-19 14:41:18,105 [main] INFO  ozone.HddsDatanodeService (HddsDatanodeService.java:start(184)) - HddsDatanodeService host:pr-hdds-1569-rzdr8-3403194166 ip:192.168.5.132
2019-09-19 14:41:18,110 [org.apache.hadoop.util.JvmPauseMonitor$Monitor@38535b46] INFO  util.JvmPauseMonitor (JvmPauseMonitor.java:run(188)) - Starting JVM pause monitor
2019-09-19 14:41:18,120 [main] INFO  volume.HddsVolume (HddsVolume.java:<init>(176)) - Creating Volume: /workdir/hadoop-ozone/tools/target/test-dir/MiniOzoneClusterImpl-e6d9f474-e5f5-4f7a-a570-913b705bd7a5/datanode-1/data/containers/hdds of  storage type : DISK and capacity : 1482555576320
2019-09-19 14:41:18,121 [main] INFO  volume.VolumeSet (VolumeSet.java:initializeVolumeSet(170)) - Added Volume : /workdir/hadoop-ozone/tools/target/test-dir/MiniOzoneClusterImpl-e6d9f474-e5f5-4f7a-a570-913b705bd7a5/datanode-1/data/containers/hdds to VolumeSet
2019-09-19 14:41:18,122 [main] INFO  volume.ThrottledAsyncChecker (ThrottledAsyncChecker.java:schedule(140)) - Scheduling a check for org.apache.hadoop.ozone.container.common.volume.HddsVolume@64518270
2019-09-19 14:41:18,127 [main] INFO  volume.HddsVolumeChecker (HddsVolumeChecker.java:checkAllVolumes(203)) - Scheduled health check for volume org.apache.hadoop.ozone.container.common.volume.HddsVolume@64518270
2019-09-19 14:41:18,165 [main] INFO  impl.RaftServerProxy (ConfUtils.java:logGet(43)) - raft.rpc.type = GRPC (default)
2019-09-19 14:41:18,166 [main] INFO  grpc.GrpcFactory (GrpcFactory.java:checkPooledByteBufAllocatorUseCacheForAllThreads(45)) - PERFORMANCE WARNING: useCacheForAllThreads is true that may cause Netty to create a lot garbage objects and, as a result, trigger GC.
	It is recommended to disable useCacheForAllThreads by setting -Dorg.apache.ratis.thirdparty.io.netty.allocator.useCacheForAllThreads=false in command line.
2019-09-19 14:41:18,166 [main] INFO  grpc.GrpcConfigKeys$Server (ConfUtils.java:logGet(43)) - raft.grpc.server.port = 0 (default)
2019-09-19 14:41:18,167 [main] INFO  server.GrpcService (ConfUtils.java:logGet(43)) - raft.grpc.message.size.max = 33570816 (custom)
2019-09-19 14:41:18,170 [main] INFO  server.RaftServerConfigKeys (ConfUtils.java:logGet(43)) - raft.server.log.appender.buffer.byte-limit = 33554432 (custom)
2019-09-19 14:41:18,170 [main] INFO  server.GrpcService (ConfUtils.java:logGet(43)) - raft.grpc.flow.control.window = 1MB (=1048576) (default)
2019-09-19 14:41:18,171 [main] INFO  server.RaftServerConfigKeys (ConfUtils.java:logGet(43)) - raft.server.rpc.request.timeout = 3000ms (default)
2019-09-19 14:41:18,172 [main] INFO  server.RaftServerConfigKeys (ConfUtils.java:logGet(43)) - raft.server.storage.dir = [/workdir/hadoop-ozone/tools/target/test-dir/MiniOzoneClusterImpl-e6d9f474-e5f5-4f7a-a570-913b705bd7a5/datanode-1/data/ratis] (custom)
2019-09-19 14:41:18,173 [main] INFO  replication.SimpleContainerDownloader (SimpleContainerDownloader.java:<init>(72)) - Starting container downloader service to copy containers to replicate.
2019-09-19 14:41:18,175 [main] INFO  hdfs.DFSUtil (DFSUtil.java:httpServerTemplateForNNAndJN(1641)) - Starting Web-server for hddsDatanode at: http://0.0.0.0:0
2019-09-19 14:41:18,177 [main] INFO  server.AuthenticationFilter (AuthenticationFilter.java:constructSecretProvider(240)) - Unable to initialize FileSignerSecretProvider, falling back to use random secrets.
2019-09-19 14:41:18,178 [main] WARN  http.HttpRequestLog (HttpRequestLog.java:getRequestLog(97)) - Jetty request log can only be enabled using Log4j
2019-09-19 14:41:18,182 [main] INFO  http.HttpServer2 (HttpServer2.java:addGlobalFilter(975)) - Added global filter 'safety' (class=org.apache.hadoop.http.HttpServer2$QuotingInputFilter)
2019-09-19 14:41:18,183 [main] INFO  http.HttpServer2 (HttpServer2.java:addFilter(948)) - Added filter static_user_filter (class=org.apache.hadoop.http.lib.StaticUserWebFilter$StaticUserFilter) to context hddsDatanode
2019-09-19 14:41:18,183 [main] INFO  http.HttpServer2 (HttpServer2.java:addFilter(958)) - Added filter static_user_filter (class=org.apache.hadoop.http.lib.StaticUserWebFilter$StaticUserFilter) to context logs
2019-09-19 14:41:18,184 [main] INFO  http.HttpServer2 (HttpServer2.java:addFilter(958)) - Added filter static_user_filter (class=org.apache.hadoop.http.lib.StaticUserWebFilter$StaticUserFilter) to context static
2019-09-19 14:41:18,185 [main] INFO  http.HttpServer2 (HttpServer2.java:bindListener(1191)) - Jetty bound to port 36087
2019-09-19 14:41:18,185 [main] INFO  server.Server (Server.java:doStart(351)) - jetty-9.3.24.v20180605, build timestamp: 2018-06-05T17:11:56Z, git hash: 84205aa28f11a4f31f2a3b86d1bba2cc8ab69827
2019-09-19 14:41:18,190 [main] INFO  handler.ContextHandler (ContextHandler.java:doStart(781)) - Started o.e.j.s.ServletContextHandler@38fb50f8{/logs,file:///workdir/hadoop-ozone/tools/target/log,AVAILABLE}
2019-09-19 14:41:18,191 [main] INFO  handler.ContextHandler (ContextHandler.java:doStart(781)) - Started o.e.j.s.ServletContextHandler@608cd501{/static,jar:file:/home/user/.m2/repository/org/apache/hadoop/hadoop-hdds-container-service/0.5.0-SNAPSHOT/hadoop-hdds-container-service-0.5.0-SNAPSHOT.jar!/webapps/static,AVAILABLE}
2019-09-19 14:41:18,213 [Datanode State Machine Thread - 0] INFO  datanode.InitDatanodeState (InitDatanodeState.java:persistContainerDatanodeDetails(140)) - DatanodeDetails is persisted to /workdir/hadoop-ozone/tools/target/test-dir/MiniOzoneClusterImpl-e6d9f474-e5f5-4f7a-a570-913b705bd7a5/datanode-0/meta/datanode.id
2019-09-19 14:41:18,238 [main] INFO  handler.ContextHandler (ContextHandler.java:doStart(781)) - Started o.e.j.w.WebAppContext@437bd805{/,file:///tmp/jetty-0.0.0.0-36087-hddsDatanode-_-any-6733680303633542740.dir/webapp/,AVAILABLE}{/hddsDatanode}
2019-09-19 14:41:18,239 [main] INFO  server.AbstractConnector (AbstractConnector.java:doStart(278)) - Started ServerConnector@4b88ca8e{HTTP/1.1,[http/1.1]}{0.0.0.0:36087}
2019-09-19 14:41:18,244 [main] INFO  server.Server (Server.java:doStart(419)) - Started @7666ms
2019-09-19 14:41:18,246 [main] INFO  server.BaseHttpServer (BaseHttpServer.java:updateConnectorAddress(213)) - HTTP server of HDDSDATANODE is listening at http://0.0.0.0:36087
2019-09-19 14:41:18,430 | INFO  | ObjectStoreRestHttpServer | Listening HDDS REST traffic on /0.0.0.0:45016 |  
2019-09-19 14:41:18,430 [main] INFO  ozone.HddsDatanodeService (HddsDatanodeService.java:startPlugins(395)) - Started plug-in org.apache.hadoop.ozone.web.OzoneHddsDatanodeService@7436364d
2019-09-19 14:41:18,430 [main] INFO  impl.MetricsSystemImpl (MetricsSystemImpl.java:init(158)) - HddsDatanode metrics system started (again)
2019-09-19 14:41:18,434 [main] INFO  ozone.HddsDatanodeService (HddsDatanodeService.java:start(184)) - HddsDatanodeService host:pr-hdds-1569-rzdr8-3403194166 ip:192.168.5.132
2019-09-19 14:41:18,435 [org.apache.hadoop.util.JvmPauseMonitor$Monitor@4d296594] INFO  util.JvmPauseMonitor (JvmPauseMonitor.java:run(188)) - Starting JVM pause monitor
2019-09-19 14:41:18,446 [main] INFO  volume.HddsVolume (HddsVolume.java:<init>(176)) - Creating Volume: /workdir/hadoop-ozone/tools/target/test-dir/MiniOzoneClusterImpl-e6d9f474-e5f5-4f7a-a570-913b705bd7a5/datanode-2/data/containers/hdds of  storage type : DISK and capacity : 1482555576320
2019-09-19 14:41:18,446 [main] INFO  volume.VolumeSet (VolumeSet.java:initializeVolumeSet(170)) - Added Volume : /workdir/hadoop-ozone/tools/target/test-dir/MiniOzoneClusterImpl-e6d9f474-e5f5-4f7a-a570-913b705bd7a5/datanode-2/data/containers/hdds to VolumeSet
2019-09-19 14:41:18,446 [main] INFO  volume.ThrottledAsyncChecker (ThrottledAsyncChecker.java:schedule(140)) - Scheduling a check for org.apache.hadoop.ozone.container.common.volume.HddsVolume@1f884bd6
2019-09-19 14:41:18,446 [Datanode State Machine Thread - 0] INFO  datanode.InitDatanodeState (InitDatanodeState.java:persistContainerDatanodeDetails(140)) - DatanodeDetails is persisted to /workdir/hadoop-ozone/tools/target/test-dir/MiniOzoneClusterImpl-e6d9f474-e5f5-4f7a-a570-913b705bd7a5/datanode-1/meta/datanode.id
2019-09-19 14:41:18,447 [main] INFO  volume.HddsVolumeChecker (HddsVolumeChecker.java:checkAllVolumes(203)) - Scheduled health check for volume org.apache.hadoop.ozone.container.common.volume.HddsVolume@1f884bd6
2019-09-19 14:41:18,465 [main] INFO  impl.RaftServerProxy (ConfUtils.java:logGet(43)) - raft.rpc.type = GRPC (default)
2019-09-19 14:41:18,465 [main] INFO  grpc.GrpcFactory (GrpcFactory.java:checkPooledByteBufAllocatorUseCacheForAllThreads(45)) - PERFORMANCE WARNING: useCacheForAllThreads is true that may cause Netty to create a lot garbage objects and, as a result, trigger GC.
	It is recommended to disable useCacheForAllThreads by setting -Dorg.apache.ratis.thirdparty.io.netty.allocator.useCacheForAllThreads=false in command line.
2019-09-19 14:41:18,465 [main] INFO  grpc.GrpcConfigKeys$Server (ConfUtils.java:logGet(43)) - raft.grpc.server.port = 0 (default)
2019-09-19 14:41:18,466 [main] INFO  server.GrpcService (ConfUtils.java:logGet(43)) - raft.grpc.message.size.max = 33570816 (custom)
2019-09-19 14:41:18,466 [main] INFO  server.RaftServerConfigKeys (ConfUtils.java:logGet(43)) - raft.server.log.appender.buffer.byte-limit = 33554432 (custom)
2019-09-19 14:41:18,466 [main] INFO  server.GrpcService (ConfUtils.java:logGet(43)) - raft.grpc.flow.control.window = 1MB (=1048576) (default)
2019-09-19 14:41:18,466 [main] INFO  server.RaftServerConfigKeys (ConfUtils.java:logGet(43)) - raft.server.rpc.request.timeout = 3000ms (default)
2019-09-19 14:41:18,468 [main] INFO  server.RaftServerConfigKeys (ConfUtils.java:logGet(43)) - raft.server.storage.dir = [/workdir/hadoop-ozone/tools/target/test-dir/MiniOzoneClusterImpl-e6d9f474-e5f5-4f7a-a570-913b705bd7a5/datanode-2/data/ratis] (custom)
2019-09-19 14:41:18,473 [main] INFO  replication.SimpleContainerDownloader (SimpleContainerDownloader.java:<init>(72)) - Starting container downloader service to copy containers to replicate.
2019-09-19 14:41:18,474 [main] INFO  hdfs.DFSUtil (DFSUtil.java:httpServerTemplateForNNAndJN(1641)) - Starting Web-server for hddsDatanode at: http://0.0.0.0:0
2019-09-19 14:41:18,475 [main] INFO  server.AuthenticationFilter (AuthenticationFilter.java:constructSecretProvider(240)) - Unable to initialize FileSignerSecretProvider, falling back to use random secrets.
2019-09-19 14:41:18,476 [main] WARN  http.HttpRequestLog (HttpRequestLog.java:getRequestLog(97)) - Jetty request log can only be enabled using Log4j
2019-09-19 14:41:18,477 [main] INFO  http.HttpServer2 (HttpServer2.java:addGlobalFilter(975)) - Added global filter 'safety' (class=org.apache.hadoop.http.HttpServer2$QuotingInputFilter)
2019-09-19 14:41:18,478 [main] INFO  http.HttpServer2 (HttpServer2.java:addFilter(948)) - Added filter static_user_filter (class=org.apache.hadoop.http.lib.StaticUserWebFilter$StaticUserFilter) to context hddsDatanode
2019-09-19 14:41:18,478 [main] INFO  http.HttpServer2 (HttpServer2.java:addFilter(958)) - Added filter static_user_filter (class=org.apache.hadoop.http.lib.StaticUserWebFilter$StaticUserFilter) to context static
2019-09-19 14:41:18,478 [main] INFO  http.HttpServer2 (HttpServer2.java:addFilter(958)) - Added filter static_user_filter (class=org.apache.hadoop.http.lib.StaticUserWebFilter$StaticUserFilter) to context logs
2019-09-19 14:41:18,479 [main] INFO  http.HttpServer2 (HttpServer2.java:bindListener(1191)) - Jetty bound to port 43326
2019-09-19 14:41:18,479 [main] INFO  server.Server (Server.java:doStart(351)) - jetty-9.3.24.v20180605, build timestamp: 2018-06-05T17:11:56Z, git hash: 84205aa28f11a4f31f2a3b86d1bba2cc8ab69827
2019-09-19 14:41:18,482 [main] INFO  handler.ContextHandler (ContextHandler.java:doStart(781)) - Started o.e.j.s.ServletContextHandler@7d2c345d{/logs,file:///workdir/hadoop-ozone/tools/target/log,AVAILABLE}
2019-09-19 14:41:18,482 [main] INFO  handler.ContextHandler (ContextHandler.java:doStart(781)) - Started o.e.j.s.ServletContextHandler@5db948c9{/static,jar:file:/home/user/.m2/repository/org/apache/hadoop/hadoop-hdds-container-service/0.5.0-SNAPSHOT/hadoop-hdds-container-service-0.5.0-SNAPSHOT.jar!/webapps/static,AVAILABLE}
2019-09-19 14:41:18,510 [main] INFO  handler.ContextHandler (ContextHandler.java:doStart(781)) - Started o.e.j.w.WebAppContext@58687fb7{/,file:///tmp/jetty-0.0.0.0-43326-hddsDatanode-_-any-8552382133066062054.dir/webapp/,AVAILABLE}{/hddsDatanode}
2019-09-19 14:41:18,510 [main] INFO  server.AbstractConnector (AbstractConnector.java:doStart(278)) - Started ServerConnector@3554bdc0{HTTP/1.1,[http/1.1]}{0.0.0.0:43326}
2019-09-19 14:41:18,511 [main] INFO  server.Server (Server.java:doStart(419)) - Started @7933ms
2019-09-19 14:41:18,511 [main] INFO  server.BaseHttpServer (BaseHttpServer.java:updateConnectorAddress(213)) - HTTP server of HDDSDATANODE is listening at http://0.0.0.0:43326
2019-09-19 14:41:18,660 | INFO  | ObjectStoreRestHttpServer | Listening HDDS REST traffic on /0.0.0.0:43168 |  
2019-09-19 14:41:18,660 [main] INFO  ozone.HddsDatanodeService (HddsDatanodeService.java:startPlugins(395)) - Started plug-in org.apache.hadoop.ozone.web.OzoneHddsDatanodeService@5d194314
2019-09-19 14:41:18,662 [main] INFO  ozone.MiniOzoneClusterImpl (MiniOzoneClusterImpl.java:lambda$waitForClusterToBeReady$0(142)) - Waiting for cluster to be ready. Got 0 of 3 DN Heartbeats.
2019-09-19 14:41:18,663 [org.apache.hadoop.util.JvmPauseMonitor$Monitor@6d31f772] INFO  util.JvmPauseMonitor (JvmPauseMonitor.java:run(188)) - Starting JVM pause monitor
2019-09-19 14:41:18,674 [Datanode State Machine Thread - 0] INFO  datanode.InitDatanodeState (InitDatanodeState.java:persistContainerDatanodeDetails(140)) - DatanodeDetails is persisted to /workdir/hadoop-ozone/tools/target/test-dir/MiniOzoneClusterImpl-e6d9f474-e5f5-4f7a-a570-913b705bd7a5/datanode-2/meta/datanode.id
2019-09-19 14:41:19,663 [main] INFO  ozone.MiniOzoneClusterImpl (MiniOzoneClusterImpl.java:lambda$waitForClusterToBeReady$0(142)) - Waiting for cluster to be ready. Got 0 of 3 DN Heartbeats.
2019-09-19 14:41:20,154 | INFO  | SCMAudit | user=jenkins1000 | ip=192.168.5.132 | op=GET_VERSION null | ret=SUCCESS |  
2019-09-19 14:41:20,174 [Datanode State Machine Thread - 0] INFO  ozoneimpl.OzoneContainer (OzoneContainer.java:start(186)) - Attempting to start container services.
2019-09-19 14:41:20,176 [Datanode State Machine Thread - 0] INFO  ozoneimpl.OzoneContainer (OzoneContainer.java:startContainerScrub(160)) - Background container scrubber has been disabled by hdds.containerscrub.enabled
2019-09-19 14:41:20,176 [Datanode State Machine Thread - 0] INFO  ratis.XceiverServerRatis (XceiverServerRatis.java:start(404)) - Starting XceiverServerRatis d033faf8-504f-4a64-afa7-ddf7ce9deedd at port 0
2019-09-19 14:41:20,203 [Datanode State Machine Thread - 0] INFO  impl.RaftServerProxy (RaftServerProxy.java:lambda$start$3(299)) - d033faf8-504f-4a64-afa7-ddf7ce9deedd: start RPC server
2019-09-19 14:41:20,357 [Datanode State Machine Thread - 0] INFO  server.GrpcService (GrpcService.java:startImpl(149)) - d033faf8-504f-4a64-afa7-ddf7ce9deedd: GrpcService started, listening on 0.0.0.0/0.0.0.0:44341
2019-09-19 14:41:20,358 [Datanode State Machine Thread - 0] INFO  ratis.XceiverServerRatis (XceiverServerRatis.java:start(414)) - XceiverServerRatis d033faf8-504f-4a64-afa7-ddf7ce9deedd is started using port 44341
2019-09-19 14:41:20,360 [Datanode State Machine Thread - 0] INFO  server.XceiverServerGrpc (XceiverServerGrpc.java:start(163)) - XceiverServerGrpc d033faf8-504f-4a64-afa7-ddf7ce9deedd is started using port 46080
2019-09-19 14:41:20,437 | INFO  | SCMAudit | user=jenkins1000 | ip=192.168.5.132 | op=GET_VERSION null | ret=SUCCESS |  
2019-09-19 14:41:20,468 [Datanode State Machine Thread - 0] INFO  ozoneimpl.OzoneContainer (OzoneContainer.java:start(186)) - Attempting to start container services.
2019-09-19 14:41:20,471 [Datanode State Machine Thread - 0] INFO  ozoneimpl.OzoneContainer (OzoneContainer.java:startContainerScrub(160)) - Background container scrubber has been disabled by hdds.containerscrub.enabled
2019-09-19 14:41:20,471 [Datanode State Machine Thread - 0] INFO  ratis.XceiverServerRatis (XceiverServerRatis.java:start(404)) - Starting XceiverServerRatis 3ce8bbe8-7e3d-4ed9-84a6-47ae1608dbd8 at port 0
2019-09-19 14:41:20,478 [Datanode State Machine Thread - 0] INFO  impl.RaftServerProxy (RaftServerProxy.java:lambda$start$3(299)) - 3ce8bbe8-7e3d-4ed9-84a6-47ae1608dbd8: start RPC server
2019-09-19 14:41:20,482 [Datanode State Machine Thread - 0] INFO  server.GrpcService (GrpcService.java:startImpl(149)) - 3ce8bbe8-7e3d-4ed9-84a6-47ae1608dbd8: GrpcService started, listening on 0.0.0.0/0.0.0.0:37911
2019-09-19 14:41:20,482 [Datanode State Machine Thread - 0] INFO  ratis.XceiverServerRatis (XceiverServerRatis.java:start(414)) - XceiverServerRatis 3ce8bbe8-7e3d-4ed9-84a6-47ae1608dbd8 is started using port 37911
2019-09-19 14:41:20,485 [Datanode State Machine Thread - 0] INFO  server.XceiverServerGrpc (XceiverServerGrpc.java:start(163)) - XceiverServerGrpc 3ce8bbe8-7e3d-4ed9-84a6-47ae1608dbd8 is started using port 40558
2019-09-19 14:41:20,664 [main] INFO  ozone.MiniOzoneClusterImpl (MiniOzoneClusterImpl.java:lambda$waitForClusterToBeReady$0(142)) - Waiting for cluster to be ready. Got 0 of 3 DN Heartbeats.
2019-09-19 14:41:20,665 | INFO  | SCMAudit | user=jenkins1000 | ip=192.168.5.132 | op=GET_VERSION null | ret=SUCCESS |  
2019-09-19 14:41:20,694 [Datanode State Machine Thread - 0] INFO  ozoneimpl.OzoneContainer (OzoneContainer.java:start(186)) - Attempting to start container services.
2019-09-19 14:41:20,696 [Datanode State Machine Thread - 0] INFO  ozoneimpl.OzoneContainer (OzoneContainer.java:startContainerScrub(160)) - Background container scrubber has been disabled by hdds.containerscrub.enabled
2019-09-19 14:41:20,697 [Datanode State Machine Thread - 0] INFO  ratis.XceiverServerRatis (XceiverServerRatis.java:start(404)) - Starting XceiverServerRatis b886c3c4-1cd6-4bed-9a98-4245f87de067 at port 0
2019-09-19 14:41:20,706 [Datanode State Machine Thread - 0] INFO  impl.RaftServerProxy (RaftServerProxy.java:lambda$start$3(299)) - b886c3c4-1cd6-4bed-9a98-4245f87de067: start RPC server
2019-09-19 14:41:20,709 [Datanode State Machine Thread - 0] INFO  server.GrpcService (GrpcService.java:startImpl(149)) - b886c3c4-1cd6-4bed-9a98-4245f87de067: GrpcService started, listening on 0.0.0.0/0.0.0.0:36960
2019-09-19 14:41:20,710 [Datanode State Machine Thread - 0] INFO  ratis.XceiverServerRatis (XceiverServerRatis.java:start(414)) - XceiverServerRatis b886c3c4-1cd6-4bed-9a98-4245f87de067 is started using port 36960
2019-09-19 14:41:20,712 [Datanode State Machine Thread - 0] INFO  server.XceiverServerGrpc (XceiverServerGrpc.java:start(163)) - XceiverServerGrpc b886c3c4-1cd6-4bed-9a98-4245f87de067 is started using port 46452
2019-09-19 14:41:21,665 [main] INFO  ozone.MiniOzoneClusterImpl (MiniOzoneClusterImpl.java:lambda$waitForClusterToBeReady$0(142)) - Waiting for cluster to be ready. Got 0 of 3 DN Heartbeats.
2019-09-19 14:41:22,159 [IPC Server handler 18 on 37510] INFO  net.NetworkTopology (NetworkTopologyImpl.java:add(110)) - Added a new node: /default-rack/d033faf8-504f-4a64-afa7-ddf7ce9deedd
2019-09-19 14:41:22,160 [IPC Server handler 18 on 37510] INFO  node.SCMNodeManager (SCMNodeManager.java:register(273)) - Registered Data node : d033faf8-504f-4a64-afa7-ddf7ce9deedd{ip: 192.168.5.132, host: pr-hdds-1569-rzdr8-3403194166, networkLocation: /default-rack, certSerialId: null}
2019-09-19 14:41:22,165 [EventQueue-NodeRegistrationContainerReportForDataNodeSafeModeRule] INFO  safemode.SCMSafeModeManager (DataNodeSafeModeRule.java:process(71)) - SCM in safe mode. 1 DataNodes registered, 1 required.
2019-09-19 14:41:22,166 [EventQueue-NodeRegistrationContainerReportForDataNodeSafeModeRule] INFO  safemode.SCMSafeModeManager (SCMSafeModeManager.java:validateSafeModeExitRules(177)) - ScmSafeModeManager, all rules are successfully validated
2019-09-19 14:41:22,166 [EventQueue-NodeRegistrationContainerReportForDataNodeSafeModeRule] INFO  safemode.SCMSafeModeManager (SCMSafeModeManager.java:exitSafeMode(193)) - SCM exiting safe mode.
2019-09-19 14:41:22,176 | INFO  | SCMAudit | user=jenkins1000 | ip=192.168.5.132 | op=REGISTER {datanodeDetails=d033faf8-504f-4a64-afa7-ddf7ce9deedd{ip: 192.168.5.132, host: pr-hdds-1569-rzdr8-3403194166, networkLocation: /default-rack, certSerialId: null}} | ret=SUCCESS |  
2019-09-19 14:41:22,438 [IPC Server handler 19 on 37510] INFO  net.NetworkTopology (NetworkTopologyImpl.java:add(110)) - Added a new node: /default-rack/3ce8bbe8-7e3d-4ed9-84a6-47ae1608dbd8
2019-09-19 14:41:22,439 [IPC Server handler 19 on 37510] INFO  node.SCMNodeManager (SCMNodeManager.java:register(273)) - Registered Data node : 3ce8bbe8-7e3d-4ed9-84a6-47ae1608dbd8{ip: 192.168.5.132, host: pr-hdds-1569-rzdr8-3403194166, networkLocation: /default-rack, certSerialId: null}
2019-09-19 14:41:22,439 | INFO  | SCMAudit | user=jenkins1000 | ip=192.168.5.132 | op=REGISTER {datanodeDetails=3ce8bbe8-7e3d-4ed9-84a6-47ae1608dbd8{ip: 192.168.5.132, host: pr-hdds-1569-rzdr8-3403194166, networkLocation: /default-rack, certSerialId: null}} | ret=SUCCESS |  
2019-09-19 14:41:22,667 [main] INFO  ozone.MiniOzoneClusterImpl (MiniOzoneClusterImpl.java:lambda$waitForClusterToBeReady$0(142)) - Waiting for cluster to be ready. Got 2 of 3 DN Heartbeats.
2019-09-19 14:41:22,668 [IPC Server handler 17 on 37510] INFO  net.NetworkTopology (NetworkTopologyImpl.java:add(110)) - Added a new node: /default-rack/b886c3c4-1cd6-4bed-9a98-4245f87de067
2019-09-19 14:41:22,668 [IPC Server handler 17 on 37510] INFO  node.SCMNodeManager (SCMNodeManager.java:register(273)) - Registered Data node : b886c3c4-1cd6-4bed-9a98-4245f87de067{ip: 192.168.5.132, host: pr-hdds-1569-rzdr8-3403194166, networkLocation: /default-rack, certSerialId: null}
2019-09-19 14:41:22,669 | INFO  | SCMAudit | user=jenkins1000 | ip=192.168.5.132 | op=REGISTER {datanodeDetails=b886c3c4-1cd6-4bed-9a98-4245f87de067{ip: 192.168.5.132, host: pr-hdds-1569-rzdr8-3403194166, networkLocation: /default-rack, certSerialId: null}} | ret=SUCCESS |  
2019-09-19 14:41:23,120 [grpc-default-executor-0] INFO  impl.RaftServerProxy (RaftServerProxy.java:addNew(89)) - d033faf8-504f-4a64-afa7-ddf7ce9deedd: addNew group-C6C40799F84F:[d033faf8-504f-4a64-afa7-ddf7ce9deedd:192.168.5.132:44341] returns group-C6C40799F84F:java.util.concurrent.CompletableFuture@746c0a65[Not completed]
2019-09-19 14:41:23,132 [pool-27-thread-1] INFO  impl.RaftServerImpl (RaftServerImpl.java:<init>(93)) - d033faf8-504f-4a64-afa7-ddf7ce9deedd: new RaftServerImpl for group-C6C40799F84F:[d033faf8-504f-4a64-afa7-ddf7ce9deedd:192.168.5.132:44341] with ContainerStateMachine:uninitialized
2019-09-19 14:41:23,134 [pool-27-thread-1] INFO  server.RaftServerConfigKeys (ConfUtils.java:logGet(43)) - raft.server.rpc.timeout.min = 5s (custom)
2019-09-19 14:41:23,135 [pool-27-thread-1] INFO  server.RaftServerConfigKeys (ConfUtils.java:logGet(43)) - raft.server.rpc.timeout.max = 5200ms (custom)
2019-09-19 14:41:23,135 [pool-27-thread-1] INFO  server.RaftServerConfigKeys (ConfUtils.java:logGet(43)) - raft.server.rpcslowness.timeout = 120s (custom)
2019-09-19 14:41:23,136 [pool-27-thread-1] INFO  server.RaftServerConfigKeys (ConfUtils.java:logGet(43)) - raft.server.sleep.deviation.threshold = 300 (default)
2019-09-19 14:41:23,136 [pool-27-thread-1] INFO  server.RaftServerConfigKeys (ConfUtils.java:logGet(43)) - raft.server.log.appender.install.snapshot.enabled = false (custom)
2019-09-19 14:41:23,143 [pool-27-thread-1] INFO  impl.RaftServerImpl (ServerState.java:<init>(105)) - d033faf8-504f-4a64-afa7-ddf7ce9deedd:group-C6C40799F84F ConfigurationManager, init=-1: [d033faf8-504f-4a64-afa7-ddf7ce9deedd:192.168.5.132:44341], old=null, confs=<EMPTY_MAP>
2019-09-19 14:41:23,143 [pool-27-thread-1] INFO  server.RaftServerConfigKeys (ConfUtils.java:logGet(43)) - raft.server.storage.dir = [/workdir/hadoop-ozone/tools/target/test-dir/MiniOzoneClusterImpl-e6d9f474-e5f5-4f7a-a570-913b705bd7a5/datanode-0/data/ratis] (custom)
2019-09-19 14:41:23,151 [pool-27-thread-1] INFO  storage.RaftStorageDirectory (RaftStorageDirectory.java:analyzeStorage(246)) - The storage directory /workdir/hadoop-ozone/tools/target/test-dir/MiniOzoneClusterImpl-e6d9f474-e5f5-4f7a-a570-913b705bd7a5/datanode-0/data/ratis/13085bde-ff27-4032-a266-c6c40799f84f does not exist. Creating ...
2019-09-19 14:41:23,168 [pool-27-thread-1] INFO  storage.RaftStorageDirectory (RaftStorageDirectory.java:tryLock(328)) - Lock on /workdir/hadoop-ozone/tools/target/test-dir/MiniOzoneClusterImpl-e6d9f474-e5f5-4f7a-a570-913b705bd7a5/datanode-0/data/ratis/13085bde-ff27-4032-a266-c6c40799f84f/in_use.lock acquired by nodename 32150@pr-hdds-1569-rzdr8-3403194166
2019-09-19 14:41:23,191 [pool-27-thread-1] INFO  storage.RaftStorage (RaftStorage.java:format(72)) - Storage directory /workdir/hadoop-ozone/tools/target/test-dir/MiniOzoneClusterImpl-e6d9f474-e5f5-4f7a-a570-913b705bd7a5/datanode-0/data/ratis/13085bde-ff27-4032-a266-c6c40799f84f has been successfully formatted.
2019-09-19 14:41:23,193 [pool-27-thread-1] INFO  ratis.ContainerStateMachine (ContainerStateMachine.java:loadSnapshot(226)) - group-C6C40799F84F: The snapshot info is null. Setting the last applied indexto:(t:0, i:~)
2019-09-19 14:41:23,193 [pool-27-thread-1] INFO  server.RaftServerConfigKeys (ConfUtils.java:logGet(43)) - raft.server.leader.election.timeout = 120s (custom)
2019-09-19 14:41:23,195 [pool-27-thread-1] INFO  server.RaftServerConfigKeys (ConfUtils.java:logGet(43)) - raft.server.log.use.memory = false (default)
2019-09-19 14:41:23,200 [pool-27-thread-1] INFO  server.RaftServerConfigKeys (ConfUtils.java:logGet(43)) - raft.server.log.purge.gap = 1000000 (custom)
2019-09-19 14:41:23,200 [pool-27-thread-1] INFO  server.RaftServerConfigKeys (ConfUtils.java:logGet(43)) - raft.server.log.appender.buffer.byte-limit = 33554432 (custom)
2019-09-19 14:41:23,202 [pool-27-thread-1] INFO  server.RaftServerConfigKeys (ConfUtils.java:logGet(43)) - raft.server.log.segment.size.max = 1048576 (custom)
2019-09-19 14:41:23,207 [pool-27-thread-1] INFO  server.RaftServerConfigKeys (ConfUtils.java:logGet(43)) - raft.server.log.segment.cache.num.max = 2 (custom)
2019-09-19 14:41:23,212 [pool-27-thread-1] INFO  segmented.SegmentedRaftLogWorker (SegmentedRaftLogWorker.java:<init>(172)) - new d033faf8-504f-4a64-afa7-ddf7ce9deedd-SegmentedRaftLogWorker:Storage Directory /workdir/hadoop-ozone/tools/target/test-dir/MiniOzoneClusterImpl-e6d9f474-e5f5-4f7a-a570-913b705bd7a5/datanode-0/data/ratis/13085bde-ff27-4032-a266-c6c40799f84f for RaftStorage:Storage Directory /workdir/hadoop-ozone/tools/target/test-dir/MiniOzoneClusterImpl-e6d9f474-e5f5-4f7a-a570-913b705bd7a5/datanode-0/data/ratis/13085bde-ff27-4032-a266-c6c40799f84f
2019-09-19 14:41:23,228 [pool-27-thread-1] INFO  server.RaftServerConfigKeys (ConfUtils.java:logGet(43)) - raft.server.log.queue.byte-limit = 2147483647 (custom)
2019-09-19 14:41:23,228 [pool-27-thread-1] INFO  server.RaftServerConfigKeys (ConfUtils.java:logGet(43)) - raft.server.log.queue.element-limit = 1024 (custom)
2019-09-19 14:41:23,233 [pool-27-thread-1] INFO  server.RaftServerConfigKeys (ConfUtils.java:logGet(43)) - raft.server.log.segment.size.max = 1048576 (custom)
2019-09-19 14:41:23,234 [pool-27-thread-1] INFO  server.RaftServerConfigKeys (ConfUtils.java:logGet(43)) - raft.server.log.preallocated.size = 16384 (custom)
2019-09-19 14:41:23,234 [pool-27-thread-1] INFO  server.RaftServerConfigKeys (ConfUtils.java:logGet(43)) - raft.server.log.write.buffer.size = 33554432 (custom)
2019-09-19 14:41:23,235 [pool-27-thread-1] INFO  server.RaftServerConfigKeys (ConfUtils.java:logGet(43)) - raft.server.log.force.sync.num = 128 (default)
2019-09-19 14:41:23,236 [pool-27-thread-1] INFO  server.RaftServerConfigKeys (ConfUtils.java:logGet(43)) - raft.server.log.statemachine.data.sync = true (default)
2019-09-19 14:41:23,236 [pool-27-thread-1] INFO  server.RaftServerConfigKeys (ConfUtils.java:logGet(43)) - raft.server.log.statemachine.data.sync.timeout = 10s (default)
2019-09-19 14:41:23,236 [pool-27-thread-1] INFO  server.RaftServerConfigKeys (ConfUtils.java:logGet(43)) - raft.server.log.statemachine.data.sync.timeout.retry = -1 (default)
2019-09-19 14:41:23,245 [pool-27-thread-1] INFO  server.RaftServerConfigKeys (ConfUtils.java:logGet(43)) - raft.server.log.statemachine.data.caching.enabled = true (custom)
2019-09-19 14:41:23,249 [pool-27-thread-1] INFO  segmented.SegmentedRaftLogWorker (SegmentedRaftLogWorker.java:lambda$new$0(132)) - d033faf8-504f-4a64-afa7-ddf7ce9deedd-SegmentedRaftLogWorker:Storage Directory /workdir/hadoop-ozone/tools/target/test-dir/MiniOzoneClusterImpl-e6d9f474-e5f5-4f7a-a570-913b705bd7a5/datanode-0/data/ratis/13085bde-ff27-4032-a266-c6c40799f84f: flushIndex: setUnconditionally 0 -> -1
2019-09-19 14:41:23,252 [pool-27-thread-1] INFO  server.RaftServerConfigKeys (ConfUtils.java:logGet(43)) - raft.server.snapshot.auto.trigger.enabled = true (custom)
2019-09-19 14:41:23,253 [pool-27-thread-1] INFO  server.RaftServerConfigKeys (ConfUtils.java:logGet(43)) - raft.server.snapshot.auto.trigger.threshold = 10000 (custom)
2019-09-19 14:41:23,253 [pool-27-thread-1] INFO  server.RaftServerConfigKeys (ConfUtils.java:logGet(43)) - raft.server.retrycache.expirytime = 600000ms (custom)
2019-09-19 14:41:23,275 [pool-27-thread-1] INFO  impl.RaftServerImpl (RaftServerImpl.java:start(180)) - d033faf8-504f-4a64-afa7-ddf7ce9deedd: start group-C6C40799F84F
2019-09-19 14:41:23,276 [pool-27-thread-1] INFO  impl.RaftServerImpl (RaftServerImpl.java:setRole(171)) - d033faf8-504f-4a64-afa7-ddf7ce9deedd:group-C6C40799F84F changes role from null to FOLLOWER at term 0 for startAsFollower
2019-09-19 14:41:23,278 [pool-27-thread-1] INFO  impl.RoleInfo (RoleInfo.java:updateAndGet(143)) - d033faf8-504f-4a64-afa7-ddf7ce9deedd: start FollowerState
2019-09-19 14:41:23,281 [pool-27-thread-1] INFO  util.JmxRegister (JmxRegister.java:tryRegister(44)) - Successfully registered JMX Bean with object name Ratis:service=RaftServer,group=group-C6C40799F84F,id=d033faf8-504f-4a64-afa7-ddf7ce9deedd
2019-09-19 14:41:23,342 [RatisPipelineUtilsThread] INFO  pipeline.PipelineStateManager (PipelineStateManager.java:addPipeline(56)) - Created pipeline Pipeline[ Id: 13085bde-ff27-4032-a266-c6c40799f84f, Nodes: d033faf8-504f-4a64-afa7-ddf7ce9deedd{ip: 192.168.5.132, host: pr-hdds-1569-rzdr8-3403194166, networkLocation: /default-rack, certSerialId: null}, Type:RATIS, Factor:ONE, State:OPEN]
2019-09-19 14:41:23,361 [grpc-default-executor-0] INFO  impl.RaftServerProxy (RaftServerProxy.java:addNew(89)) - 3ce8bbe8-7e3d-4ed9-84a6-47ae1608dbd8: addNew group-E94B55984FDE:[3ce8bbe8-7e3d-4ed9-84a6-47ae1608dbd8:192.168.5.132:37911] returns group-E94B55984FDE:java.util.concurrent.CompletableFuture@754f1913[Not completed]
2019-09-19 14:41:23,388 [pool-38-thread-1] INFO  impl.RaftServerImpl (RaftServerImpl.java:<init>(93)) - 3ce8bbe8-7e3d-4ed9-84a6-47ae1608dbd8: new RaftServerImpl for group-E94B55984FDE:[3ce8bbe8-7e3d-4ed9-84a6-47ae1608dbd8:192.168.5.132:37911] with ContainerStateMachine:uninitialized
2019-09-19 14:41:23,389 [pool-38-thread-1] INFO  server.RaftServerConfigKeys (ConfUtils.java:logGet(43)) - raft.server.rpc.timeout.min = 5s (custom)
2019-09-19 14:41:23,389 [pool-38-thread-1] INFO  server.RaftServerConfigKeys (ConfUtils.java:logGet(43)) - raft.server.rpc.timeout.max = 5200ms (custom)
2019-09-19 14:41:23,389 [pool-38-thread-1] INFO  server.RaftServerConfigKeys (ConfUtils.java:logGet(43)) - raft.server.rpcslowness.timeout = 120s (custom)
2019-09-19 14:41:23,390 [pool-38-thread-1] INFO  server.RaftServerConfigKeys (ConfUtils.java:logGet(43)) - raft.server.sleep.deviation.threshold = 300 (default)
2019-09-19 14:41:23,390 [pool-38-thread-1] INFO  server.RaftServerConfigKeys (ConfUtils.java:logGet(43)) - raft.server.log.appender.install.snapshot.enabled = false (custom)
2019-09-19 14:41:23,390 [pool-38-thread-1] INFO  impl.RaftServerImpl (ServerState.java:<init>(105)) - 3ce8bbe8-7e3d-4ed9-84a6-47ae1608dbd8:group-E94B55984FDE ConfigurationManager, init=-1: [3ce8bbe8-7e3d-4ed9-84a6-47ae1608dbd8:192.168.5.132:37911], old=null, confs=<EMPTY_MAP>
2019-09-19 14:41:23,390 [pool-38-thread-1] INFO  server.RaftServerConfigKeys (ConfUtils.java:logGet(43)) - raft.server.storage.dir = [/workdir/hadoop-ozone/tools/target/test-dir/MiniOzoneClusterImpl-e6d9f474-e5f5-4f7a-a570-913b705bd7a5/datanode-1/data/ratis] (custom)
2019-09-19 14:41:23,390 [pool-38-thread-1] INFO  storage.RaftStorageDirectory (RaftStorageDirectory.java:analyzeStorage(246)) - The storage directory /workdir/hadoop-ozone/tools/target/test-dir/MiniOzoneClusterImpl-e6d9f474-e5f5-4f7a-a570-913b705bd7a5/datanode-1/data/ratis/95db5e7d-c05e-44ef-bdc1-e94b55984fde does not exist. Creating ...
2019-09-19 14:41:23,403 [pool-38-thread-1] INFO  storage.RaftStorageDirectory (RaftStorageDirectory.java:tryLock(328)) - Lock on /workdir/hadoop-ozone/tools/target/test-dir/MiniOzoneClusterImpl-e6d9f474-e5f5-4f7a-a570-913b705bd7a5/datanode-1/data/ratis/95db5e7d-c05e-44ef-bdc1-e94b55984fde/in_use.lock acquired by nodename 32150@pr-hdds-1569-rzdr8-3403194166
2019-09-19 14:41:23,427 [pool-38-thread-1] INFO  storage.RaftStorage (RaftStorage.java:format(72)) - Storage directory /workdir/hadoop-ozone/tools/target/test-dir/MiniOzoneClusterImpl-e6d9f474-e5f5-4f7a-a570-913b705bd7a5/datanode-1/data/ratis/95db5e7d-c05e-44ef-bdc1-e94b55984fde has been successfully formatted.
2019-09-19 14:41:23,428 [pool-38-thread-1] INFO  ratis.ContainerStateMachine (ContainerStateMachine.java:loadSnapshot(226)) - group-E94B55984FDE: The snapshot info is null. Setting the last applied indexto:(t:0, i:~)
2019-09-19 14:41:23,429 [pool-38-thread-1] INFO  server.RaftServerConfigKeys (ConfUtils.java:logGet(43)) - raft.server.leader.election.timeout = 120s (custom)
2019-09-19 14:41:23,429 [pool-38-thread-1] INFO  server.RaftServerConfigKeys (ConfUtils.java:logGet(43)) - raft.server.log.use.memory = false (default)
2019-09-19 14:41:23,429 [pool-38-thread-1] INFO  server.RaftServerConfigKeys (ConfUtils.java:logGet(43)) - raft.server.log.purge.gap = 1000000 (custom)
2019-09-19 14:41:23,430 [pool-38-thread-1] INFO  server.RaftServerConfigKeys (ConfUtils.java:logGet(43)) - raft.server.log.appender.buffer.byte-limit = 33554432 (custom)
2019-09-19 14:41:23,430 [pool-38-thread-1] INFO  server.RaftServerConfigKeys (ConfUtils.java:logGet(43)) - raft.server.log.segment.size.max = 1048576 (custom)
2019-09-19 14:41:23,430 [pool-38-thread-1] INFO  server.RaftServerConfigKeys (ConfUtils.java:logGet(43)) - raft.server.log.segment.cache.num.max = 2 (custom)
2019-09-19 14:41:23,430 [pool-38-thread-1] INFO  segmented.SegmentedRaftLogWorker (SegmentedRaftLogWorker.java:<init>(172)) - new 3ce8bbe8-7e3d-4ed9-84a6-47ae1608dbd8-SegmentedRaftLogWorker:Storage Directory /workdir/hadoop-ozone/tools/target/test-dir/MiniOzoneClusterImpl-e6d9f474-e5f5-4f7a-a570-913b705bd7a5/datanode-1/data/ratis/95db5e7d-c05e-44ef-bdc1-e94b55984fde for RaftStorage:Storage Directory /workdir/hadoop-ozone/tools/target/test-dir/MiniOzoneClusterImpl-e6d9f474-e5f5-4f7a-a570-913b705bd7a5/datanode-1/data/ratis/95db5e7d-c05e-44ef-bdc1-e94b55984fde
2019-09-19 14:41:23,431 [pool-38-thread-1] INFO  server.RaftServerConfigKeys (ConfUtils.java:logGet(43)) - raft.server.log.queue.byte-limit = 2147483647 (custom)
2019-09-19 14:41:23,431 [pool-38-thread-1] INFO  server.RaftServerConfigKeys (ConfUtils.java:logGet(43)) - raft.server.log.queue.element-limit = 1024 (custom)
2019-09-19 14:41:23,432 [pool-38-thread-1] INFO  server.RaftServerConfigKeys (ConfUtils.java:logGet(43)) - raft.server.log.segment.size.max = 1048576 (custom)
2019-09-19 14:41:23,432 [pool-38-thread-1] INFO  server.RaftServerConfigKeys (ConfUtils.java:logGet(43)) - raft.server.log.preallocated.size = 16384 (custom)
2019-09-19 14:41:23,432 [pool-38-thread-1] INFO  server.RaftServerConfigKeys (ConfUtils.java:logGet(43)) - raft.server.log.write.buffer.size = 33554432 (custom)
2019-09-19 14:41:23,432 [pool-38-thread-1] INFO  server.RaftServerConfigKeys (ConfUtils.java:logGet(43)) - raft.server.log.force.sync.num = 128 (default)
2019-09-19 14:41:23,432 [pool-38-thread-1] INFO  server.RaftServerConfigKeys (ConfUtils.java:logGet(43)) - raft.server.log.statemachine.data.sync = true (default)
2019-09-19 14:41:23,432 [pool-38-thread-1] INFO  server.RaftServerConfigKeys (ConfUtils.java:logGet(43)) - raft.server.log.statemachine.data.sync.timeout = 10s (default)
2019-09-19 14:41:23,433 [pool-38-thread-1] INFO  server.RaftServerConfigKeys (ConfUtils.java:logGet(43)) - raft.server.log.statemachine.data.sync.timeout.retry = -1 (default)
2019-09-19 14:41:23,433 [pool-38-thread-1] INFO  server.RaftServerConfigKeys (ConfUtils.java:logGet(43)) - raft.server.log.statemachine.data.caching.enabled = true (custom)
2019-09-19 14:41:23,433 [pool-38-thread-1] INFO  segmented.SegmentedRaftLogWorker (SegmentedRaftLogWorker.java:lambda$new$0(132)) - 3ce8bbe8-7e3d-4ed9-84a6-47ae1608dbd8-SegmentedRaftLogWorker:Storage Directory /workdir/hadoop-ozone/tools/target/test-dir/MiniOzoneClusterImpl-e6d9f474-e5f5-4f7a-a570-913b705bd7a5/datanode-1/data/ratis/95db5e7d-c05e-44ef-bdc1-e94b55984fde: flushIndex: setUnconditionally 0 -> -1
2019-09-19 14:41:23,434 [pool-38-thread-1] INFO  server.RaftServerConfigKeys (ConfUtils.java:logGet(43)) - raft.server.snapshot.auto.trigger.enabled = true (custom)
2019-09-19 14:41:23,434 [pool-38-thread-1] INFO  server.RaftServerConfigKeys (ConfUtils.java:logGet(43)) - raft.server.snapshot.auto.trigger.threshold = 10000 (custom)
2019-09-19 14:41:23,434 [pool-38-thread-1] INFO  server.RaftServerConfigKeys (ConfUtils.java:logGet(43)) - raft.server.retrycache.expirytime = 600000ms (custom)
2019-09-19 14:41:23,434 [pool-38-thread-1] INFO  impl.RaftServerImpl (RaftServerImpl.java:start(180)) - 3ce8bbe8-7e3d-4ed9-84a6-47ae1608dbd8: start group-E94B55984FDE
2019-09-19 14:41:23,435 [pool-38-thread-1] INFO  impl.RaftServerImpl (RaftServerImpl.java:setRole(171)) - 3ce8bbe8-7e3d-4ed9-84a6-47ae1608dbd8:group-E94B55984FDE changes role from null to FOLLOWER at term 0 for startAsFollower
2019-09-19 14:41:23,435 [pool-38-thread-1] INFO  impl.RoleInfo (RoleInfo.java:updateAndGet(143)) - 3ce8bbe8-7e3d-4ed9-84a6-47ae1608dbd8: start FollowerState
2019-09-19 14:41:23,436 [pool-38-thread-1] INFO  util.JmxRegister (JmxRegister.java:tryRegister(44)) - Successfully registered JMX Bean with object name Ratis:service=RaftServer,group=group-E94B55984FDE,id=3ce8bbe8-7e3d-4ed9-84a6-47ae1608dbd8
2019-09-19 14:41:23,448 [RatisPipelineUtilsThread] INFO  pipeline.PipelineStateManager (PipelineStateManager.java:addPipeline(56)) - Created pipeline Pipeline[ Id: 95db5e7d-c05e-44ef-bdc1-e94b55984fde, Nodes: 3ce8bbe8-7e3d-4ed9-84a6-47ae1608dbd8{ip: 192.168.5.132, host: pr-hdds-1569-rzdr8-3403194166, networkLocation: /default-rack, certSerialId: null}, Type:RATIS, Factor:ONE, State:OPEN]
2019-09-19 14:41:23,466 [grpc-default-executor-0] INFO  impl.RaftServerProxy (RaftServerProxy.java:addNew(89)) - b886c3c4-1cd6-4bed-9a98-4245f87de067: addNew group-C30BD1A231F8:[b886c3c4-1cd6-4bed-9a98-4245f87de067:192.168.5.132:36960] returns group-C30BD1A231F8:java.util.concurrent.CompletableFuture@44b9cb8[Not completed]
2019-09-19 14:41:23,474 [pool-49-thread-1] INFO  impl.RaftServerImpl (RaftServerImpl.java:<init>(93)) - b886c3c4-1cd6-4bed-9a98-4245f87de067: new RaftServerImpl for group-C30BD1A231F8:[b886c3c4-1cd6-4bed-9a98-4245f87de067:192.168.5.132:36960] with ContainerStateMachine:uninitialized
2019-09-19 14:41:23,475 [pool-49-thread-1] INFO  server.RaftServerConfigKeys (ConfUtils.java:logGet(43)) - raft.server.rpc.timeout.min = 5s (custom)
2019-09-19 14:41:23,475 [pool-49-thread-1] INFO  server.RaftServerConfigKeys (ConfUtils.java:logGet(43)) - raft.server.rpc.timeout.max = 5200ms (custom)
2019-09-19 14:41:23,475 [pool-49-thread-1] INFO  server.RaftServerConfigKeys (ConfUtils.java:logGet(43)) - raft.server.rpcslowness.timeout = 120s (custom)
2019-09-19 14:41:23,475 [pool-49-thread-1] INFO  server.RaftServerConfigKeys (ConfUtils.java:logGet(43)) - raft.server.sleep.deviation.threshold = 300 (default)
2019-09-19 14:41:23,476 [pool-49-thread-1] INFO  server.RaftServerConfigKeys (ConfUtils.java:logGet(43)) - raft.server.log.appender.install.snapshot.enabled = false (custom)
2019-09-19 14:41:23,476 [pool-49-thread-1] INFO  impl.RaftServerImpl (ServerState.java:<init>(105)) - b886c3c4-1cd6-4bed-9a98-4245f87de067:group-C30BD1A231F8 ConfigurationManager, init=-1: [b886c3c4-1cd6-4bed-9a98-4245f87de067:192.168.5.132:36960], old=null, confs=<EMPTY_MAP>
2019-09-19 14:41:23,476 [pool-49-thread-1] INFO  server.RaftServerConfigKeys (ConfUtils.java:logGet(43)) - raft.server.storage.dir = [/workdir/hadoop-ozone/tools/target/test-dir/MiniOzoneClusterImpl-e6d9f474-e5f5-4f7a-a570-913b705bd7a5/datanode-2/data/ratis] (custom)
2019-09-19 14:41:23,477 [pool-49-thread-1] INFO  storage.RaftStorageDirectory (RaftStorageDirectory.java:analyzeStorage(246)) - The storage directory /workdir/hadoop-ozone/tools/target/test-dir/MiniOzoneClusterImpl-e6d9f474-e5f5-4f7a-a570-913b705bd7a5/datanode-2/data/ratis/d11ce1ad-59a4-49a0-9ec7-c30bd1a231f8 does not exist. Creating ...
2019-09-19 14:41:23,490 [pool-49-thread-1] INFO  storage.RaftStorageDirectory (RaftStorageDirectory.java:tryLock(328)) - Lock on /workdir/hadoop-ozone/tools/target/test-dir/MiniOzoneClusterImpl-e6d9f474-e5f5-4f7a-a570-913b705bd7a5/datanode-2/data/ratis/d11ce1ad-59a4-49a0-9ec7-c30bd1a231f8/in_use.lock acquired by nodename 32150@pr-hdds-1569-rzdr8-3403194166
2019-09-19 14:41:23,503 [pool-49-thread-1] INFO  storage.RaftStorage (RaftStorage.java:format(72)) - Storage directory /workdir/hadoop-ozone/tools/target/test-dir/MiniOzoneClusterImpl-e6d9f474-e5f5-4f7a-a570-913b705bd7a5/datanode-2/data/ratis/d11ce1ad-59a4-49a0-9ec7-c30bd1a231f8 has been successfully formatted.
2019-09-19 14:41:23,503 [pool-49-thread-1] INFO  ratis.ContainerStateMachine (ContainerStateMachine.java:loadSnapshot(226)) - group-C30BD1A231F8: The snapshot info is null. Setting the last applied indexto:(t:0, i:~)
2019-09-19 14:41:23,503 [pool-49-thread-1] INFO  server.RaftServerConfigKeys (ConfUtils.java:logGet(43)) - raft.server.leader.election.timeout = 120s (custom)
2019-09-19 14:41:23,503 [pool-49-thread-1] INFO  server.RaftServerConfigKeys (ConfUtils.java:logGet(43)) - raft.server.log.use.memory = false (default)
2019-09-19 14:41:23,504 [pool-49-thread-1] INFO  server.RaftServerConfigKeys (ConfUtils.java:logGet(43)) - raft.server.log.purge.gap = 1000000 (custom)
2019-09-19 14:41:23,504 [pool-49-thread-1] INFO  server.RaftServerConfigKeys (ConfUtils.java:logGet(43)) - raft.server.log.appender.buffer.byte-limit = 33554432 (custom)
2019-09-19 14:41:23,504 [pool-49-thread-1] INFO  server.RaftServerConfigKeys (ConfUtils.java:logGet(43)) - raft.server.log.segment.size.max = 1048576 (custom)
2019-09-19 14:41:23,504 [pool-49-thread-1] INFO  server.RaftServerConfigKeys (ConfUtils.java:logGet(43)) - raft.server.log.segment.cache.num.max = 2 (custom)
2019-09-19 14:41:23,505 [pool-49-thread-1] INFO  segmented.SegmentedRaftLogWorker (SegmentedRaftLogWorker.java:<init>(172)) - new b886c3c4-1cd6-4bed-9a98-4245f87de067-SegmentedRaftLogWorker:Storage Directory /workdir/hadoop-ozone/tools/target/test-dir/MiniOzoneClusterImpl-e6d9f474-e5f5-4f7a-a570-913b705bd7a5/datanode-2/data/ratis/d11ce1ad-59a4-49a0-9ec7-c30bd1a231f8 for RaftStorage:Storage Directory /workdir/hadoop-ozone/tools/target/test-dir/MiniOzoneClusterImpl-e6d9f474-e5f5-4f7a-a570-913b705bd7a5/datanode-2/data/ratis/d11ce1ad-59a4-49a0-9ec7-c30bd1a231f8
2019-09-19 14:41:23,505 [pool-49-thread-1] INFO  server.RaftServerConfigKeys (ConfUtils.java:logGet(43)) - raft.server.log.queue.byte-limit = 2147483647 (custom)
2019-09-19 14:41:23,505 [pool-49-thread-1] INFO  server.RaftServerConfigKeys (ConfUtils.java:logGet(43)) - raft.server.log.queue.element-limit = 1024 (custom)
2019-09-19 14:41:23,505 [pool-49-thread-1] INFO  server.RaftServerConfigKeys (ConfUtils.java:logGet(43)) - raft.server.log.segment.size.max = 1048576 (custom)
2019-09-19 14:41:23,506 [pool-49-thread-1] INFO  server.RaftServerConfigKeys (ConfUtils.java:logGet(43)) - raft.server.log.preallocated.size = 16384 (custom)
2019-09-19 14:41:23,506 [pool-49-thread-1] INFO  server.RaftServerConfigKeys (ConfUtils.java:logGet(43)) - raft.server.log.write.buffer.size = 33554432 (custom)
2019-09-19 14:41:23,506 [pool-49-thread-1] INFO  server.RaftServerConfigKeys (ConfUtils.java:logGet(43)) - raft.server.log.force.sync.num = 128 (default)
2019-09-19 14:41:23,506 [pool-49-thread-1] INFO  server.RaftServerConfigKeys (ConfUtils.java:logGet(43)) - raft.server.log.statemachine.data.sync = true (default)
2019-09-19 14:41:23,507 [pool-49-thread-1] INFO  server.RaftServerConfigKeys (ConfUtils.java:logGet(43)) - raft.server.log.statemachine.data.sync.timeout = 10s (default)
2019-09-19 14:41:23,507 [pool-49-thread-1] INFO  server.RaftServerConfigKeys (ConfUtils.java:logGet(43)) - raft.server.log.statemachine.data.sync.timeout.retry = -1 (default)
2019-09-19 14:41:23,507 [pool-49-thread-1] INFO  server.RaftServerConfigKeys (ConfUtils.java:logGet(43)) - raft.server.log.statemachine.data.caching.enabled = true (custom)
2019-09-19 14:41:23,508 [pool-49-thread-1] INFO  segmented.SegmentedRaftLogWorker (SegmentedRaftLogWorker.java:lambda$new$0(132)) - b886c3c4-1cd6-4bed-9a98-4245f87de067-SegmentedRaftLogWorker:Storage Directory /workdir/hadoop-ozone/tools/target/test-dir/MiniOzoneClusterImpl-e6d9f474-e5f5-4f7a-a570-913b705bd7a5/datanode-2/data/ratis/d11ce1ad-59a4-49a0-9ec7-c30bd1a231f8: flushIndex: setUnconditionally 0 -> -1
2019-09-19 14:41:23,508 [pool-49-thread-1] INFO  server.RaftServerConfigKeys (ConfUtils.java:logGet(43)) - raft.server.snapshot.auto.trigger.enabled = true (custom)
2019-09-19 14:41:23,509 [pool-49-thread-1] INFO  server.RaftServerConfigKeys (ConfUtils.java:logGet(43)) - raft.server.snapshot.auto.trigger.threshold = 10000 (custom)
2019-09-19 14:41:23,509 [pool-49-thread-1] INFO  server.RaftServerConfigKeys (ConfUtils.java:logGet(43)) - raft.server.retrycache.expirytime = 600000ms (custom)
2019-09-19 14:41:23,509 [pool-49-thread-1] INFO  impl.RaftServerImpl (RaftServerImpl.java:start(180)) - b886c3c4-1cd6-4bed-9a98-4245f87de067: start group-C30BD1A231F8
2019-09-19 14:41:23,509 [pool-49-thread-1] INFO  impl.RaftServerImpl (RaftServerImpl.java:setRole(171)) - b886c3c4-1cd6-4bed-9a98-4245f87de067:group-C30BD1A231F8 changes role from null to FOLLOWER at term 0 for startAsFollower
2019-09-19 14:41:23,509 [pool-49-thread-1] INFO  impl.RoleInfo (RoleInfo.java:updateAndGet(143)) - b886c3c4-1cd6-4bed-9a98-4245f87de067: start FollowerState
2019-09-19 14:41:23,510 [pool-49-thread-1] INFO  util.JmxRegister (JmxRegister.java:tryRegister(44)) - Successfully registered JMX Bean with object name Ratis:service=RaftServer,group=group-C30BD1A231F8,id=b886c3c4-1cd6-4bed-9a98-4245f87de067
2019-09-19 14:41:23,522 [RatisPipelineUtilsThread] INFO  pipeline.PipelineStateManager (PipelineStateManager.java:addPipeline(56)) - Created pipeline Pipeline[ Id: d11ce1ad-59a4-49a0-9ec7-c30bd1a231f8, Nodes: b886c3c4-1cd6-4bed-9a98-4245f87de067{ip: 192.168.5.132, host: pr-hdds-1569-rzdr8-3403194166, networkLocation: /default-rack, certSerialId: null}, Type:RATIS, Factor:ONE, State:OPEN]
2019-09-19 14:41:23,540 [grpc-default-executor-0] INFO  impl.RaftServerProxy (RaftServerProxy.java:addNew(89)) - d033faf8-504f-4a64-afa7-ddf7ce9deedd: addNew group-40C6CD18FEAA:[d033faf8-504f-4a64-afa7-ddf7ce9deedd:192.168.5.132:44341] returns group-40C6CD18FEAA:java.util.concurrent.CompletableFuture@18ee6afb[Not completed]
2019-09-19 14:41:23,542 [pool-27-thread-1] INFO  impl.RaftServerImpl (RaftServerImpl.java:<init>(93)) - d033faf8-504f-4a64-afa7-ddf7ce9deedd: new RaftServerImpl for group-40C6CD18FEAA:[d033faf8-504f-4a64-afa7-ddf7ce9deedd:192.168.5.132:44341] with ContainerStateMachine:uninitialized
2019-09-19 14:41:23,542 [pool-27-thread-1] INFO  server.RaftServerConfigKeys (ConfUtils.java:logGet(43)) - raft.server.rpc.timeout.min = 5s (custom)
2019-09-19 14:41:23,543 [pool-27-thread-1] INFO  server.RaftServerConfigKeys (ConfUtils.java:logGet(43)) - raft.server.rpc.timeout.max = 5200ms (custom)
2019-09-19 14:41:23,543 [pool-27-thread-1] INFO  server.RaftServerConfigKeys (ConfUtils.java:logGet(43)) - raft.server.rpcslowness.timeout = 120s (custom)
2019-09-19 14:41:23,543 [pool-27-thread-1] INFO  server.RaftServerConfigKeys (ConfUtils.java:logGet(43)) - raft.server.sleep.deviation.threshold = 300 (default)
2019-09-19 14:41:23,543 [pool-27-thread-1] INFO  server.RaftServerConfigKeys (ConfUtils.java:logGet(43)) - raft.server.log.appender.install.snapshot.enabled = false (custom)
2019-09-19 14:41:23,543 [pool-27-thread-1] INFO  impl.RaftServerImpl (ServerState.java:<init>(105)) - d033faf8-504f-4a64-afa7-ddf7ce9deedd:group-40C6CD18FEAA ConfigurationManager, init=-1: [d033faf8-504f-4a64-afa7-ddf7ce9deedd:192.168.5.132:44341], old=null, confs=<EMPTY_MAP>
2019-09-19 14:41:23,543 [pool-27-thread-1] INFO  server.RaftServerConfigKeys (ConfUtils.java:logGet(43)) - raft.server.storage.dir = [/workdir/hadoop-ozone/tools/target/test-dir/MiniOzoneClusterImpl-e6d9f474-e5f5-4f7a-a570-913b705bd7a5/datanode-0/data/ratis] (custom)
2019-09-19 14:41:23,544 [pool-27-thread-1] INFO  storage.RaftStorageDirectory (RaftStorageDirectory.java:analyzeStorage(246)) - The storage directory /workdir/hadoop-ozone/tools/target/test-dir/MiniOzoneClusterImpl-e6d9f474-e5f5-4f7a-a570-913b705bd7a5/datanode-0/data/ratis/bf3a0bad-9bec-49d2-9cf2-40c6cd18feaa does not exist. Creating ...
2019-09-19 14:41:23,559 [pool-27-thread-1] INFO  storage.RaftStorageDirectory (RaftStorageDirectory.java:tryLock(328)) - Lock on /workdir/hadoop-ozone/tools/target/test-dir/MiniOzoneClusterImpl-e6d9f474-e5f5-4f7a-a570-913b705bd7a5/datanode-0/data/ratis/bf3a0bad-9bec-49d2-9cf2-40c6cd18feaa/in_use.lock acquired by nodename 32150@pr-hdds-1569-rzdr8-3403194166
2019-09-19 14:41:23,572 [pool-27-thread-1] INFO  storage.RaftStorage (RaftStorage.java:format(72)) - Storage directory /workdir/hadoop-ozone/tools/target/test-dir/MiniOzoneClusterImpl-e6d9f474-e5f5-4f7a-a570-913b705bd7a5/datanode-0/data/ratis/bf3a0bad-9bec-49d2-9cf2-40c6cd18feaa has been successfully formatted.
2019-09-19 14:41:23,572 [pool-27-thread-1] INFO  ratis.ContainerStateMachine (ContainerStateMachine.java:loadSnapshot(226)) - group-40C6CD18FEAA: The snapshot info is null. Setting the last applied indexto:(t:0, i:~)
2019-09-19 14:41:23,573 [pool-27-thread-1] INFO  server.RaftServerConfigKeys (ConfUtils.java:logGet(43)) - raft.server.leader.election.timeout = 120s (custom)
2019-09-19 14:41:23,573 [pool-27-thread-1] INFO  server.RaftServerConfigKeys (ConfUtils.java:logGet(43)) - raft.server.log.use.memory = false (default)
2019-09-19 14:41:23,573 [pool-27-thread-1] INFO  server.RaftServerConfigKeys (ConfUtils.java:logGet(43)) - raft.server.log.purge.gap = 1000000 (custom)
2019-09-19 14:41:23,573 [pool-27-thread-1] INFO  server.RaftServerConfigKeys (ConfUtils.java:logGet(43)) - raft.server.log.appender.buffer.byte-limit = 33554432 (custom)
2019-09-19 14:41:23,573 [pool-27-thread-1] INFO  server.RaftServerConfigKeys (ConfUtils.java:logGet(43)) - raft.server.log.segment.size.max = 1048576 (custom)
2019-09-19 14:41:23,574 [pool-27-thread-1] INFO  server.RaftServerConfigKeys (ConfUtils.java:logGet(43)) - raft.server.log.segment.cache.num.max = 2 (custom)
2019-09-19 14:41:23,574 [pool-27-thread-1] INFO  segmented.SegmentedRaftLogWorker (SegmentedRaftLogWorker.java:<init>(172)) - new d033faf8-504f-4a64-afa7-ddf7ce9deedd-SegmentedRaftLogWorker:Storage Directory /workdir/hadoop-ozone/tools/target/test-dir/MiniOzoneClusterImpl-e6d9f474-e5f5-4f7a-a570-913b705bd7a5/datanode-0/data/ratis/bf3a0bad-9bec-49d2-9cf2-40c6cd18feaa for RaftStorage:Storage Directory /workdir/hadoop-ozone/tools/target/test-dir/MiniOzoneClusterImpl-e6d9f474-e5f5-4f7a-a570-913b705bd7a5/datanode-0/data/ratis/bf3a0bad-9bec-49d2-9cf2-40c6cd18feaa
2019-09-19 14:41:23,574 [pool-27-thread-1] INFO  server.RaftServerConfigKeys (ConfUtils.java:logGet(43)) - raft.server.log.queue.byte-limit = 2147483647 (custom)
2019-09-19 14:41:23,574 [pool-27-thread-1] INFO  server.RaftServerConfigKeys (ConfUtils.java:logGet(43)) - raft.server.log.queue.element-limit = 1024 (custom)
2019-09-19 14:41:23,574 [pool-27-thread-1] INFO  server.RaftServerConfigKeys (ConfUtils.java:logGet(43)) - raft.server.log.segment.size.max = 1048576 (custom)
2019-09-19 14:41:23,575 [pool-27-thread-1] INFO  server.RaftServerConfigKeys (ConfUtils.java:logGet(43)) - raft.server.log.preallocated.size = 16384 (custom)
2019-09-19 14:41:23,575 [pool-27-thread-1] INFO  server.RaftServerConfigKeys (ConfUtils.java:logGet(43)) - raft.server.log.write.buffer.size = 33554432 (custom)
2019-09-19 14:41:23,575 [pool-27-thread-1] INFO  server.RaftServerConfigKeys (ConfUtils.java:logGet(43)) - raft.server.log.force.sync.num = 128 (default)
2019-09-19 14:41:23,575 [pool-27-thread-1] INFO  server.RaftServerConfigKeys (ConfUtils.java:logGet(43)) - raft.server.log.statemachine.data.sync = true (default)
2019-09-19 14:41:23,575 [pool-27-thread-1] INFO  server.RaftServerConfigKeys (ConfUtils.java:logGet(43)) - raft.server.log.statemachine.data.sync.timeout = 10s (default)
2019-09-19 14:41:23,575 [pool-27-thread-1] INFO  server.RaftServerConfigKeys (ConfUtils.java:logGet(43)) - raft.server.log.statemachine.data.sync.timeout.retry = -1 (default)
2019-09-19 14:41:23,576 [pool-27-thread-1] INFO  server.RaftServerConfigKeys (ConfUtils.java:logGet(43)) - raft.server.log.statemachine.data.caching.enabled = true (custom)
2019-09-19 14:41:23,576 [pool-27-thread-1] INFO  segmented.SegmentedRaftLogWorker (SegmentedRaftLogWorker.java:lambda$new$0(132)) - d033faf8-504f-4a64-afa7-ddf7ce9deedd-SegmentedRaftLogWorker:Storage Directory /workdir/hadoop-ozone/tools/target/test-dir/MiniOzoneClusterImpl-e6d9f474-e5f5-4f7a-a570-913b705bd7a5/datanode-0/data/ratis/bf3a0bad-9bec-49d2-9cf2-40c6cd18feaa: flushIndex: setUnconditionally 0 -> -1
2019-09-19 14:41:23,577 [pool-27-thread-1] INFO  server.RaftServerConfigKeys (ConfUtils.java:logGet(43)) - raft.server.snapshot.auto.trigger.enabled = true (custom)
2019-09-19 14:41:23,577 [pool-27-thread-1] INFO  server.RaftServerConfigKeys (ConfUtils.java:logGet(43)) - raft.server.snapshot.auto.trigger.threshold = 10000 (custom)
2019-09-19 14:41:23,577 [pool-27-thread-1] INFO  server.RaftServerConfigKeys (ConfUtils.java:logGet(43)) - raft.server.retrycache.expirytime = 600000ms (custom)
2019-09-19 14:41:23,577 [pool-27-thread-1] INFO  impl.RaftServerImpl (RaftServerImpl.java:start(180)) - d033faf8-504f-4a64-afa7-ddf7ce9deedd: start group-40C6CD18FEAA
2019-09-19 14:41:23,577 [pool-27-thread-1] INFO  impl.RaftServerImpl (RaftServerImpl.java:setRole(171)) - d033faf8-504f-4a64-afa7-ddf7ce9deedd:group-40C6CD18FEAA changes role from null to FOLLOWER at term 0 for startAsFollower
2019-09-19 14:41:23,578 [pool-27-thread-1] INFO  impl.RoleInfo (RoleInfo.java:updateAndGet(143)) - d033faf8-504f-4a64-afa7-ddf7ce9deedd: start FollowerState
2019-09-19 14:41:23,578 [pool-27-thread-1] INFO  util.JmxRegister (JmxRegister.java:tryRegister(44)) - Successfully registered JMX Bean with object name Ratis:service=RaftServer,group=group-40C6CD18FEAA,id=d033faf8-504f-4a64-afa7-ddf7ce9deedd
2019-09-19 14:41:23,590 [RatisPipelineUtilsThread] INFO  pipeline.PipelineStateManager (PipelineStateManager.java:addPipeline(56)) - Created pipeline Pipeline[ Id: bf3a0bad-9bec-49d2-9cf2-40c6cd18feaa, Nodes: d033faf8-504f-4a64-afa7-ddf7ce9deedd{ip: 192.168.5.132, host: pr-hdds-1569-rzdr8-3403194166, networkLocation: /default-rack, certSerialId: null}, Type:RATIS, Factor:ONE, State:OPEN]
2019-09-19 14:41:23,604 [grpc-default-executor-0] INFO  impl.RaftServerProxy (RaftServerProxy.java:addNew(89)) - d033faf8-504f-4a64-afa7-ddf7ce9deedd: addNew group-70D442B0E2E7:[d033faf8-504f-4a64-afa7-ddf7ce9deedd:192.168.5.132:44341] returns group-70D442B0E2E7:java.util.concurrent.CompletableFuture@490e29a8[Not completed]
2019-09-19 14:41:23,606 [pool-27-thread-1] INFO  impl.RaftServerImpl (RaftServerImpl.java:<init>(93)) - d033faf8-504f-4a64-afa7-ddf7ce9deedd: new RaftServerImpl for group-70D442B0E2E7:[d033faf8-504f-4a64-afa7-ddf7ce9deedd:192.168.5.132:44341] with ContainerStateMachine:uninitialized
2019-09-19 14:41:23,606 [pool-27-thread-1] INFO  server.RaftServerConfigKeys (ConfUtils.java:logGet(43)) - raft.server.rpc.timeout.min = 5s (custom)
2019-09-19 14:41:23,606 [pool-27-thread-1] INFO  server.RaftServerConfigKeys (ConfUtils.java:logGet(43)) - raft.server.rpc.timeout.max = 5200ms (custom)
2019-09-19 14:41:23,606 [pool-27-thread-1] INFO  server.RaftServerConfigKeys (ConfUtils.java:logGet(43)) - raft.server.rpcslowness.timeout = 120s (custom)
2019-09-19 14:41:23,606 [pool-27-thread-1] INFO  server.RaftServerConfigKeys (ConfUtils.java:logGet(43)) - raft.server.sleep.deviation.threshold = 300 (default)
2019-09-19 14:41:23,606 [pool-27-thread-1] INFO  server.RaftServerConfigKeys (ConfUtils.java:logGet(43)) - raft.server.log.appender.install.snapshot.enabled = false (custom)
2019-09-19 14:41:23,606 [pool-27-thread-1] INFO  impl.RaftServerImpl (ServerState.java:<init>(105)) - d033faf8-504f-4a64-afa7-ddf7ce9deedd:group-70D442B0E2E7 ConfigurationManager, init=-1: [d033faf8-504f-4a64-afa7-ddf7ce9deedd:192.168.5.132:44341], old=null, confs=<EMPTY_MAP>
2019-09-19 14:41:23,606 [pool-27-thread-1] INFO  server.RaftServerConfigKeys (ConfUtils.java:logGet(43)) - raft.server.storage.dir = [/workdir/hadoop-ozone/tools/target/test-dir/MiniOzoneClusterImpl-e6d9f474-e5f5-4f7a-a570-913b705bd7a5/datanode-0/data/ratis] (custom)
2019-09-19 14:41:23,607 [pool-27-thread-1] INFO  storage.RaftStorageDirectory (RaftStorageDirectory.java:analyzeStorage(246)) - The storage directory /workdir/hadoop-ozone/tools/target/test-dir/MiniOzoneClusterImpl-e6d9f474-e5f5-4f7a-a570-913b705bd7a5/datanode-0/data/ratis/0013adff-99a0-4b83-b1df-70d442b0e2e7 does not exist. Creating ...
2019-09-19 14:41:23,619 [pool-27-thread-1] INFO  storage.RaftStorageDirectory (RaftStorageDirectory.java:tryLock(328)) - Lock on /workdir/hadoop-ozone/tools/target/test-dir/MiniOzoneClusterImpl-e6d9f474-e5f5-4f7a-a570-913b705bd7a5/datanode-0/data/ratis/0013adff-99a0-4b83-b1df-70d442b0e2e7/in_use.lock acquired by nodename 32150@pr-hdds-1569-rzdr8-3403194166
2019-09-19 14:41:23,632 [pool-27-thread-1] INFO  storage.RaftStorage (RaftStorage.java:format(72)) - Storage directory /workdir/hadoop-ozone/tools/target/test-dir/MiniOzoneClusterImpl-e6d9f474-e5f5-4f7a-a570-913b705bd7a5/datanode-0/data/ratis/0013adff-99a0-4b83-b1df-70d442b0e2e7 has been successfully formatted.
2019-09-19 14:41:23,632 [pool-27-thread-1] INFO  ratis.ContainerStateMachine (ContainerStateMachine.java:loadSnapshot(226)) - group-70D442B0E2E7: The snapshot info is null. Setting the last applied indexto:(t:0, i:~)
2019-09-19 14:41:23,632 [pool-27-thread-1] INFO  server.RaftServerConfigKeys (ConfUtils.java:logGet(43)) - raft.server.leader.election.timeout = 120s (custom)
2019-09-19 14:41:23,632 [pool-27-thread-1] INFO  server.RaftServerConfigKeys (ConfUtils.java:logGet(43)) - raft.server.log.use.memory = false (default)
2019-09-19 14:41:23,632 [pool-27-thread-1] INFO  server.RaftServerConfigKeys (ConfUtils.java:logGet(43)) - raft.server.log.purge.gap = 1000000 (custom)
2019-09-19 14:41:23,633 [pool-27-thread-1] INFO  server.RaftServerConfigKeys (ConfUtils.java:logGet(43)) - raft.server.log.appender.buffer.byte-limit = 33554432 (custom)
2019-09-19 14:41:23,633 [pool-27-thread-1] INFO  server.RaftServerConfigKeys (ConfUtils.java:logGet(43)) - raft.server.log.segment.size.max = 1048576 (custom)
2019-09-19 14:41:23,633 [pool-27-thread-1] INFO  server.RaftServerConfigKeys (ConfUtils.java:logGet(43)) - raft.server.log.segment.cache.num.max = 2 (custom)
2019-09-19 14:41:23,633 [pool-27-thread-1] INFO  segmented.SegmentedRaftLogWorker (SegmentedRaftLogWorker.java:<init>(172)) - new d033faf8-504f-4a64-afa7-ddf7ce9deedd-SegmentedRaftLogWorker:Storage Directory /workdir/hadoop-ozone/tools/target/test-dir/MiniOzoneClusterImpl-e6d9f474-e5f5-4f7a-a570-913b705bd7a5/datanode-0/data/ratis/0013adff-99a0-4b83-b1df-70d442b0e2e7 for RaftStorage:Storage Directory /workdir/hadoop-ozone/tools/target/test-dir/MiniOzoneClusterImpl-e6d9f474-e5f5-4f7a-a570-913b705bd7a5/datanode-0/data/ratis/0013adff-99a0-4b83-b1df-70d442b0e2e7
2019-09-19 14:41:23,633 [pool-27-thread-1] INFO  server.RaftServerConfigKeys (ConfUtils.java:logGet(43)) - raft.server.log.queue.byte-limit = 2147483647 (custom)
2019-09-19 14:41:23,633 [pool-27-thread-1] INFO  server.RaftServerConfigKeys (ConfUtils.java:logGet(43)) - raft.server.log.queue.element-limit = 1024 (custom)
2019-09-19 14:41:23,633 [pool-27-thread-1] INFO  server.RaftServerConfigKeys (ConfUtils.java:logGet(43)) - raft.server.log.segment.size.max = 1048576 (custom)
2019-09-19 14:41:23,633 [pool-27-thread-1] INFO  server.RaftServerConfigKeys (ConfUtils.java:logGet(43)) - raft.server.log.preallocated.size = 16384 (custom)
2019-09-19 14:41:23,634 [pool-27-thread-1] INFO  server.RaftServerConfigKeys (ConfUtils.java:logGet(43)) - raft.server.log.write.buffer.size = 33554432 (custom)
2019-09-19 14:41:23,634 [pool-27-thread-1] INFO  server.RaftServerConfigKeys (ConfUtils.java:logGet(43)) - raft.server.log.force.sync.num = 128 (default)
2019-09-19 14:41:23,634 [pool-27-thread-1] INFO  server.RaftServerConfigKeys (ConfUtils.java:logGet(43)) - raft.server.log.statemachine.data.sync = true (default)
2019-09-19 14:41:23,634 [pool-27-thread-1] INFO  server.RaftServerConfigKeys (ConfUtils.java:logGet(43)) - raft.server.log.statemachine.data.sync.timeout = 10s (default)
2019-09-19 14:41:23,634 [pool-27-thread-1] INFO  server.RaftServerConfigKeys (ConfUtils.java:logGet(43)) - raft.server.log.statemachine.data.sync.timeout.retry = -1 (default)
2019-09-19 14:41:23,634 [pool-27-thread-1] INFO  server.RaftServerConfigKeys (ConfUtils.java:logGet(43)) - raft.server.log.statemachine.data.caching.enabled = true (custom)
2019-09-19 14:41:23,635 [pool-27-thread-1] INFO  segmented.SegmentedRaftLogWorker (SegmentedRaftLogWorker.java:lambda$new$0(132)) - d033faf8-504f-4a64-afa7-ddf7ce9deedd-SegmentedRaftLogWorker:Storage Directory /workdir/hadoop-ozone/tools/target/test-dir/MiniOzoneClusterImpl-e6d9f474-e5f5-4f7a-a570-913b705bd7a5/datanode-0/data/ratis/0013adff-99a0-4b83-b1df-70d442b0e2e7: flushIndex: setUnconditionally 0 -> -1
2019-09-19 14:41:23,635 [pool-27-thread-1] INFO  server.RaftServerConfigKeys (ConfUtils.java:logGet(43)) - raft.server.snapshot.auto.trigger.enabled = true (custom)
2019-09-19 14:41:23,635 [pool-27-thread-1] INFO  server.RaftServerConfigKeys (ConfUtils.java:logGet(43)) - raft.server.snapshot.auto.trigger.threshold = 10000 (custom)
2019-09-19 14:41:23,635 [pool-27-thread-1] INFO  server.RaftServerConfigKeys (ConfUtils.java:logGet(43)) - raft.server.retrycache.expirytime = 600000ms (custom)
2019-09-19 14:41:23,635 [pool-27-thread-1] INFO  impl.RaftServerImpl (RaftServerImpl.java:start(180)) - d033faf8-504f-4a64-afa7-ddf7ce9deedd: start group-70D442B0E2E7
2019-09-19 14:41:23,635 [pool-27-thread-1] INFO  impl.RaftServerImpl (RaftServerImpl.java:setRole(171)) - d033faf8-504f-4a64-afa7-ddf7ce9deedd:group-70D442B0E2E7 changes role from null to FOLLOWER at term 0 for startAsFollower
2019-09-19 14:41:23,635 [pool-27-thread-1] INFO  impl.RoleInfo (RoleInfo.java:updateAndGet(143)) - d033faf8-504f-4a64-afa7-ddf7ce9deedd: start FollowerState
2019-09-19 14:41:23,636 [pool-27-thread-1] INFO  util.JmxRegister (JmxRegister.java:tryRegister(44)) - Successfully registered JMX Bean with object name Ratis:service=RaftServer,group=group-70D442B0E2E7,id=d033faf8-504f-4a64-afa7-ddf7ce9deedd
2019-09-19 14:41:23,648 [RatisPipelineUtilsThread] INFO  pipeline.PipelineStateManager (PipelineStateManager.java:addPipeline(56)) - Created pipeline Pipeline[ Id: 0013adff-99a0-4b83-b1df-70d442b0e2e7, Nodes: d033faf8-504f-4a64-afa7-ddf7ce9deedd{ip: 192.168.5.132, host: pr-hdds-1569-rzdr8-3403194166, networkLocation: /default-rack, certSerialId: null}, Type:RATIS, Factor:ONE, State:OPEN]
2019-09-19 14:41:23,664 [grpc-default-executor-0] INFO  impl.RaftServerProxy (RaftServerProxy.java:addNew(89)) - 3ce8bbe8-7e3d-4ed9-84a6-47ae1608dbd8: addNew group-5259EFED94A0:[3ce8bbe8-7e3d-4ed9-84a6-47ae1608dbd8:192.168.5.132:37911] returns group-5259EFED94A0:java.util.concurrent.CompletableFuture@274db462[Not completed]
2019-09-19 14:41:23,665 [pool-38-thread-1] INFO  impl.RaftServerImpl (RaftServerImpl.java:<init>(93)) - 3ce8bbe8-7e3d-4ed9-84a6-47ae1608dbd8: new RaftServerImpl for group-5259EFED94A0:[3ce8bbe8-7e3d-4ed9-84a6-47ae1608dbd8:192.168.5.132:37911] with ContainerStateMachine:uninitialized
2019-09-19 14:41:23,665 [pool-38-thread-1] INFO  server.RaftServerConfigKeys (ConfUtils.java:logGet(43)) - raft.server.rpc.timeout.min = 5s (custom)
2019-09-19 14:41:23,666 [pool-38-thread-1] INFO  server.RaftServerConfigKeys (ConfUtils.java:logGet(43)) - raft.server.rpc.timeout.max = 5200ms (custom)
2019-09-19 14:41:23,666 [pool-38-thread-1] INFO  server.RaftServerConfigKeys (ConfUtils.java:logGet(43)) - raft.server.rpcslowness.timeout = 120s (custom)
2019-09-19 14:41:23,666 [pool-38-thread-1] INFO  server.RaftServerConfigKeys (ConfUtils.java:logGet(43)) - raft.server.sleep.deviation.threshold = 300 (default)
2019-09-19 14:41:23,666 [pool-38-thread-1] INFO  server.RaftServerConfigKeys (ConfUtils.java:logGet(43)) - raft.server.log.appender.install.snapshot.enabled = false (custom)
2019-09-19 14:41:23,666 [pool-38-thread-1] INFO  impl.RaftServerImpl (ServerState.java:<init>(105)) - 3ce8bbe8-7e3d-4ed9-84a6-47ae1608dbd8:group-5259EFED94A0 ConfigurationManager, init=-1: [3ce8bbe8-7e3d-4ed9-84a6-47ae1608dbd8:192.168.5.132:37911], old=null, confs=<EMPTY_MAP>
2019-09-19 14:41:23,666 [pool-38-thread-1] INFO  server.RaftServerConfigKeys (ConfUtils.java:logGet(43)) - raft.server.storage.dir = [/workdir/hadoop-ozone/tools/target/test-dir/MiniOzoneClusterImpl-e6d9f474-e5f5-4f7a-a570-913b705bd7a5/datanode-1/data/ratis] (custom)
2019-09-19 14:41:23,667 [pool-38-thread-1] INFO  storage.RaftStorageDirectory (RaftStorageDirectory.java:analyzeStorage(246)) - The storage directory /workdir/hadoop-ozone/tools/target/test-dir/MiniOzoneClusterImpl-e6d9f474-e5f5-4f7a-a570-913b705bd7a5/datanode-1/data/ratis/6ae9ad8b-81b2-418d-b0b5-5259efed94a0 does not exist. Creating ...
2019-09-19 14:41:23,667 [main] INFO  ozone.MiniOzoneClusterImpl (MiniOzoneClusterImpl.java:lambda$waitForClusterToBeReady$0(142)) - Cluster is ready. Got 3 of 3 DN Heartbeats.
2019-09-19 14:41:23,680 [pool-38-thread-1] INFO  storage.RaftStorageDirectory (RaftStorageDirectory.java:tryLock(328)) - Lock on /workdir/hadoop-ozone/tools/target/test-dir/MiniOzoneClusterImpl-e6d9f474-e5f5-4f7a-a570-913b705bd7a5/datanode-1/data/ratis/6ae9ad8b-81b2-418d-b0b5-5259efed94a0/in_use.lock acquired by nodename 32150@pr-hdds-1569-rzdr8-3403194166
2019-09-19 14:41:23,703 [pool-38-thread-1] INFO  storage.RaftStorage (RaftStorage.java:format(72)) - Storage directory /workdir/hadoop-ozone/tools/target/test-dir/MiniOzoneClusterImpl-e6d9f474-e5f5-4f7a-a570-913b705bd7a5/datanode-1/data/ratis/6ae9ad8b-81b2-418d-b0b5-5259efed94a0 has been successfully formatted.
2019-09-19 14:41:23,703 [pool-38-thread-1] INFO  ratis.ContainerStateMachine (ContainerStateMachine.java:loadSnapshot(226)) - group-5259EFED94A0: The snapshot info is null. Setting the last applied indexto:(t:0, i:~)
2019-09-19 14:41:23,703 [pool-38-thread-1] INFO  server.RaftServerConfigKeys (ConfUtils.java:logGet(43)) - raft.server.leader.election.timeout = 120s (custom)
2019-09-19 14:41:23,704 [pool-38-thread-1] INFO  server.RaftServerConfigKeys (ConfUtils.java:logGet(43)) - raft.server.log.use.memory = false (default)
2019-09-19 14:41:23,704 [pool-38-thread-1] INFO  server.RaftServerConfigKeys (ConfUtils.java:logGet(43)) - raft.server.log.purge.gap = 1000000 (custom)
2019-09-19 14:41:23,704 [pool-38-thread-1] INFO  server.RaftServerConfigKeys (ConfUtils.java:logGet(43)) - raft.server.log.appender.buffer.byte-limit = 33554432 (custom)
2019-09-19 14:41:23,704 [pool-38-thread-1] INFO  server.RaftServerConfigKeys (ConfUtils.java:logGet(43)) - raft.server.log.segment.size.max = 1048576 (custom)
2019-09-19 14:41:23,705 [pool-38-thread-1] INFO  server.RaftServerConfigKeys (ConfUtils.java:logGet(43)) - raft.server.log.segment.cache.num.max = 2 (custom)
2019-09-19 14:41:23,705 [pool-38-thread-1] INFO  segmented.SegmentedRaftLogWorker (SegmentedRaftLogWorker.java:<init>(172)) - new 3ce8bbe8-7e3d-4ed9-84a6-47ae1608dbd8-SegmentedRaftLogWorker:Storage Directory /workdir/hadoop-ozone/tools/target/test-dir/MiniOzoneClusterImpl-e6d9f474-e5f5-4f7a-a570-913b705bd7a5/datanode-1/data/ratis/6ae9ad8b-81b2-418d-b0b5-5259efed94a0 for RaftStorage:Storage Directory /workdir/hadoop-ozone/tools/target/test-dir/MiniOzoneClusterImpl-e6d9f474-e5f5-4f7a-a570-913b705bd7a5/datanode-1/data/ratis/6ae9ad8b-81b2-418d-b0b5-5259efed94a0
2019-09-19 14:41:23,705 [pool-38-thread-1] INFO  server.RaftServerConfigKeys (ConfUtils.java:logGet(43)) - raft.server.log.queue.byte-limit = 2147483647 (custom)
2019-09-19 14:41:23,705 [pool-38-thread-1] INFO  server.RaftServerConfigKeys (ConfUtils.java:logGet(43)) - raft.server.log.queue.element-limit = 1024 (custom)
2019-09-19 14:41:23,705 [pool-38-thread-1] INFO  server.RaftServerConfigKeys (ConfUtils.java:logGet(43)) - raft.server.log.segment.size.max = 1048576 (custom)
2019-09-19 14:41:23,706 [pool-38-thread-1] INFO  server.RaftServerConfigKeys (ConfUtils.java:logGet(43)) - raft.server.log.preallocated.size = 16384 (custom)
2019-09-19 14:41:23,706 [pool-38-thread-1] INFO  server.RaftServerConfigKeys (ConfUtils.java:logGet(43)) - raft.server.log.write.buffer.size = 33554432 (custom)
2019-09-19 14:41:23,706 [pool-38-thread-1] INFO  server.RaftServerConfigKeys (ConfUtils.java:logGet(43)) - raft.server.log.force.sync.num = 128 (default)
2019-09-19 14:41:23,706 [pool-38-thread-1] INFO  server.RaftServerConfigKeys (ConfUtils.java:logGet(43)) - raft.server.log.statemachine.data.sync = true (default)
2019-09-19 14:41:23,707 [pool-38-thread-1] INFO  server.RaftServerConfigKeys (ConfUtils.java:logGet(43)) - raft.server.log.statemachine.data.sync.timeout = 10s (default)
2019-09-19 14:41:23,707 [pool-38-thread-1] INFO  server.RaftServerConfigKeys (ConfUtils.java:logGet(43)) - raft.server.log.statemachine.data.sync.timeout.retry = -1 (default)
2019-09-19 14:41:23,707 [pool-38-thread-1] INFO  server.RaftServerConfigKeys (ConfUtils.java:logGet(43)) - raft.server.log.statemachine.data.caching.enabled = true (custom)
2019-09-19 14:41:23,708 [pool-38-thread-1] INFO  segmented.SegmentedRaftLogWorker (SegmentedRaftLogWorker.java:lambda$new$0(132)) - 3ce8bbe8-7e3d-4ed9-84a6-47ae1608dbd8-SegmentedRaftLogWorker:Storage Directory /workdir/hadoop-ozone/tools/target/test-dir/MiniOzoneClusterImpl-e6d9f474-e5f5-4f7a-a570-913b705bd7a5/datanode-1/data/ratis/6ae9ad8b-81b2-418d-b0b5-5259efed94a0: flushIndex: setUnconditionally 0 -> -1
2019-09-19 14:41:23,708 [pool-38-thread-1] INFO  server.RaftServerConfigKeys (ConfUtils.java:logGet(43)) - raft.server.snapshot.auto.trigger.enabled = true (custom)
2019-09-19 14:41:23,708 [pool-38-thread-1] INFO  server.RaftServerConfigKeys (ConfUtils.java:logGet(43)) - raft.server.snapshot.auto.trigger.threshold = 10000 (custom)
2019-09-19 14:41:23,709 [pool-38-thread-1] INFO  server.RaftServerConfigKeys (ConfUtils.java:logGet(43)) - raft.server.retrycache.expirytime = 600000ms (custom)
2019-09-19 14:41:23,709 [pool-38-thread-1] INFO  impl.RaftServerImpl (RaftServerImpl.java:start(180)) - 3ce8bbe8-7e3d-4ed9-84a6-47ae1608dbd8: start group-5259EFED94A0
2019-09-19 14:41:23,709 [pool-38-thread-1] INFO  impl.RaftServerImpl (RaftServerImpl.java:setRole(171)) - 3ce8bbe8-7e3d-4ed9-84a6-47ae1608dbd8:group-5259EFED94A0 changes role from null to FOLLOWER at term 0 for startAsFollower
2019-09-19 14:41:23,709 [pool-38-thread-1] INFO  impl.RoleInfo (RoleInfo.java:updateAndGet(143)) - 3ce8bbe8-7e3d-4ed9-84a6-47ae1608dbd8: start FollowerState
2019-09-19 14:41:23,710 [pool-38-thread-1] INFO  util.JmxRegister (JmxRegister.java:tryRegister(44)) - Successfully registered JMX Bean with object name Ratis:service=RaftServer,group=group-5259EFED94A0,id=3ce8bbe8-7e3d-4ed9-84a6-47ae1608dbd8
2019-09-19 14:41:23,726 [RatisPipelineUtilsThread] INFO  pipeline.PipelineStateManager (PipelineStateManager.java:addPipeline(56)) - Created pipeline Pipeline[ Id: 6ae9ad8b-81b2-418d-b0b5-5259efed94a0, Nodes: 3ce8bbe8-7e3d-4ed9-84a6-47ae1608dbd8{ip: 192.168.5.132, host: pr-hdds-1569-rzdr8-3403194166, networkLocation: /default-rack, certSerialId: null}, Type:RATIS, Factor:ONE, State:OPEN]
2019-09-19 14:41:23,751 [grpc-default-executor-0] INFO  impl.RaftServerProxy (RaftServerProxy.java:addNew(89)) - 3ce8bbe8-7e3d-4ed9-84a6-47ae1608dbd8: addNew group-CEA302C304ED:[3ce8bbe8-7e3d-4ed9-84a6-47ae1608dbd8:192.168.5.132:37911] returns group-CEA302C304ED:java.util.concurrent.CompletableFuture@48d2f66d[Not completed]
2019-09-19 14:41:23,754 [pool-38-thread-1] INFO  impl.RaftServerImpl (RaftServerImpl.java:<init>(93)) - 3ce8bbe8-7e3d-4ed9-84a6-47ae1608dbd8: new RaftServerImpl for group-CEA302C304ED:[3ce8bbe8-7e3d-4ed9-84a6-47ae1608dbd8:192.168.5.132:37911] with ContainerStateMachine:uninitialized
2019-09-19 14:41:23,754 [pool-38-thread-1] INFO  server.RaftServerConfigKeys (ConfUtils.java:logGet(43)) - raft.server.rpc.timeout.min = 5s (custom)
2019-09-19 14:41:23,754 [pool-38-thread-1] INFO  server.RaftServerConfigKeys (ConfUtils.java:logGet(43)) - raft.server.rpc.timeout.max = 5200ms (custom)
2019-09-19 14:41:23,754 [pool-38-thread-1] INFO  server.RaftServerConfigKeys (ConfUtils.java:logGet(43)) - raft.server.rpcslowness.timeout = 120s (custom)
2019-09-19 14:41:23,755 [pool-38-thread-1] INFO  server.RaftServerConfigKeys (ConfUtils.java:logGet(43)) - raft.server.sleep.deviation.threshold = 300 (default)
2019-09-19 14:41:23,755 [pool-38-thread-1] INFO  server.RaftServerConfigKeys (ConfUtils.java:logGet(43)) - raft.server.log.appender.install.snapshot.enabled = false (custom)
2019-09-19 14:41:23,755 [pool-38-thread-1] INFO  impl.RaftServerImpl (ServerState.java:<init>(105)) - 3ce8bbe8-7e3d-4ed9-84a6-47ae1608dbd8:group-CEA302C304ED ConfigurationManager, init=-1: [3ce8bbe8-7e3d-4ed9-84a6-47ae1608dbd8:192.168.5.132:37911], old=null, confs=<EMPTY_MAP>
2019-09-19 14:41:23,755 [pool-38-thread-1] INFO  server.RaftServerConfigKeys (ConfUtils.java:logGet(43)) - raft.server.storage.dir = [/workdir/hadoop-ozone/tools/target/test-dir/MiniOzoneClusterImpl-e6d9f474-e5f5-4f7a-a570-913b705bd7a5/datanode-1/data/ratis] (custom)
2019-09-19 14:41:23,756 [pool-38-thread-1] INFO  storage.RaftStorageDirectory (RaftStorageDirectory.java:analyzeStorage(246)) - The storage directory /workdir/hadoop-ozone/tools/target/test-dir/MiniOzoneClusterImpl-e6d9f474-e5f5-4f7a-a570-913b705bd7a5/datanode-1/data/ratis/181cb982-8075-4d1c-a950-cea302c304ed does not exist. Creating ...
2019-09-19 14:41:23,804 [pool-38-thread-1] INFO  storage.RaftStorageDirectory (RaftStorageDirectory.java:tryLock(328)) - Lock on /workdir/hadoop-ozone/tools/target/test-dir/MiniOzoneClusterImpl-e6d9f474-e5f5-4f7a-a570-913b705bd7a5/datanode-1/data/ratis/181cb982-8075-4d1c-a950-cea302c304ed/in_use.lock acquired by nodename 32150@pr-hdds-1569-rzdr8-3403194166
2019-09-19 14:41:23,829 [pool-38-thread-1] INFO  storage.RaftStorage (RaftStorage.java:format(72)) - Storage directory /workdir/hadoop-ozone/tools/target/test-dir/MiniOzoneClusterImpl-e6d9f474-e5f5-4f7a-a570-913b705bd7a5/datanode-1/data/ratis/181cb982-8075-4d1c-a950-cea302c304ed has been successfully formatted.
2019-09-19 14:41:23,829 [pool-38-thread-1] INFO  ratis.ContainerStateMachine (ContainerStateMachine.java:loadSnapshot(226)) - group-CEA302C304ED: The snapshot info is null. Setting the last applied indexto:(t:0, i:~)
2019-09-19 14:41:23,830 [pool-38-thread-1] INFO  server.RaftServerConfigKeys (ConfUtils.java:logGet(43)) - raft.server.leader.election.timeout = 120s (custom)
2019-09-19 14:41:23,830 [pool-38-thread-1] INFO  server.RaftServerConfigKeys (ConfUtils.java:logGet(43)) - raft.server.log.use.memory = false (default)
2019-09-19 14:41:23,830 [pool-38-thread-1] INFO  server.RaftServerConfigKeys (ConfUtils.java:logGet(43)) - raft.server.log.purge.gap = 1000000 (custom)
2019-09-19 14:41:23,830 [pool-38-thread-1] INFO  server.RaftServerConfigKeys (ConfUtils.java:logGet(43)) - raft.server.log.appender.buffer.byte-limit = 33554432 (custom)
2019-09-19 14:41:23,831 [pool-38-thread-1] INFO  server.RaftServerConfigKeys (ConfUtils.java:logGet(43)) - raft.server.log.segment.size.max = 1048576 (custom)
2019-09-19 14:41:23,831 [pool-38-thread-1] INFO  server.RaftServerConfigKeys (ConfUtils.java:logGet(43)) - raft.server.log.segment.cache.num.max = 2 (custom)
2019-09-19 14:41:23,831 [pool-38-thread-1] INFO  segmented.SegmentedRaftLogWorker (SegmentedRaftLogWorker.java:<init>(172)) - new 3ce8bbe8-7e3d-4ed9-84a6-47ae1608dbd8-SegmentedRaftLogWorker:Storage Directory /workdir/hadoop-ozone/tools/target/test-dir/MiniOzoneClusterImpl-e6d9f474-e5f5-4f7a-a570-913b705bd7a5/datanode-1/data/ratis/181cb982-8075-4d1c-a950-cea302c304ed for RaftStorage:Storage Directory /workdir/hadoop-ozone/tools/target/test-dir/MiniOzoneClusterImpl-e6d9f474-e5f5-4f7a-a570-913b705bd7a5/datanode-1/data/ratis/181cb982-8075-4d1c-a950-cea302c304ed
2019-09-19 14:41:23,831 [pool-38-thread-1] INFO  server.RaftServerConfigKeys (ConfUtils.java:logGet(43)) - raft.server.log.queue.byte-limit = 2147483647 (custom)
2019-09-19 14:41:23,832 [pool-38-thread-1] INFO  server.RaftServerConfigKeys (ConfUtils.java:logGet(43)) - raft.server.log.queue.element-limit = 1024 (custom)
2019-09-19 14:41:23,832 [pool-38-thread-1] INFO  server.RaftServerConfigKeys (ConfUtils.java:logGet(43)) - raft.server.log.segment.size.max = 1048576 (custom)
2019-09-19 14:41:23,832 [pool-38-thread-1] INFO  server.RaftServerConfigKeys (ConfUtils.java:logGet(43)) - raft.server.log.preallocated.size = 16384 (custom)
2019-09-19 14:41:23,832 [pool-38-thread-1] INFO  server.RaftServerConfigKeys (ConfUtils.java:logGet(43)) - raft.server.log.write.buffer.size = 33554432 (custom)
2019-09-19 14:41:23,832 [pool-38-thread-1] INFO  server.RaftServerConfigKeys (ConfUtils.java:logGet(43)) - raft.server.log.force.sync.num = 128 (default)
2019-09-19 14:41:23,833 [pool-38-thread-1] INFO  server.RaftServerConfigKeys (ConfUtils.java:logGet(43)) - raft.server.log.statemachine.data.sync = true (default)
2019-09-19 14:41:23,833 [pool-38-thread-1] INFO  server.RaftServerConfigKeys (ConfUtils.java:logGet(43)) - raft.server.log.statemachine.data.sync.timeout = 10s (default)
2019-09-19 14:41:23,833 [pool-38-thread-1] INFO  server.RaftServerConfigKeys (ConfUtils.java:logGet(43)) - raft.server.log.statemachine.data.sync.timeout.retry = -1 (default)
2019-09-19 14:41:23,833 [pool-38-thread-1] INFO  server.RaftServerConfigKeys (ConfUtils.java:logGet(43)) - raft.server.log.statemachine.data.caching.enabled = true (custom)
2019-09-19 14:41:23,834 [pool-38-thread-1] INFO  segmented.SegmentedRaftLogWorker (SegmentedRaftLogWorker.java:lambda$new$0(132)) - 3ce8bbe8-7e3d-4ed9-84a6-47ae1608dbd8-SegmentedRaftLogWorker:Storage Directory /workdir/hadoop-ozone/tools/target/test-dir/MiniOzoneClusterImpl-e6d9f474-e5f5-4f7a-a570-913b705bd7a5/datanode-1/data/ratis/181cb982-8075-4d1c-a950-cea302c304ed: flushIndex: setUnconditionally 0 -> -1
2019-09-19 14:41:23,834 [pool-38-thread-1] INFO  server.RaftServerConfigKeys (ConfUtils.java:logGet(43)) - raft.server.snapshot.auto.trigger.enabled = true (custom)
2019-09-19 14:41:23,834 [pool-38-thread-1] INFO  server.RaftServerConfigKeys (ConfUtils.java:logGet(43)) - raft.server.snapshot.auto.trigger.threshold = 10000 (custom)
2019-09-19 14:41:23,835 [pool-38-thread-1] INFO  server.RaftServerConfigKeys (ConfUtils.java:logGet(43)) - raft.server.retrycache.expirytime = 600000ms (custom)
2019-09-19 14:41:23,835 [pool-38-thread-1] INFO  impl.RaftServerImpl (RaftServerImpl.java:start(180)) - 3ce8bbe8-7e3d-4ed9-84a6-47ae1608dbd8: start group-CEA302C304ED
2019-09-19 14:41:23,835 [pool-38-thread-1] INFO  impl.RaftServerImpl (RaftServerImpl.java:setRole(171)) - 3ce8bbe8-7e3d-4ed9-84a6-47ae1608dbd8:group-CEA302C304ED changes role from null to FOLLOWER at term 0 for startAsFollower
2019-09-19 14:41:23,836 [pool-38-thread-1] INFO  impl.RoleInfo (RoleInfo.java:updateAndGet(143)) - 3ce8bbe8-7e3d-4ed9-84a6-47ae1608dbd8: start FollowerState
2019-09-19 14:41:23,836 [pool-38-thread-1] INFO  util.JmxRegister (JmxRegister.java:tryRegister(44)) - Successfully registered JMX Bean with object name Ratis:service=RaftServer,group=group-CEA302C304ED,id=3ce8bbe8-7e3d-4ed9-84a6-47ae1608dbd8
2019-09-19 14:41:23,849 [RatisPipelineUtilsThread] INFO  pipeline.PipelineStateManager (PipelineStateManager.java:addPipeline(56)) - Created pipeline Pipeline[ Id: 181cb982-8075-4d1c-a950-cea302c304ed, Nodes: 3ce8bbe8-7e3d-4ed9-84a6-47ae1608dbd8{ip: 192.168.5.132, host: pr-hdds-1569-rzdr8-3403194166, networkLocation: /default-rack, certSerialId: null}, Type:RATIS, Factor:ONE, State:OPEN]
2019-09-19 14:41:23,865 [grpc-default-executor-1] INFO  impl.RaftServerProxy (RaftServerProxy.java:addNew(89)) - d033faf8-504f-4a64-afa7-ddf7ce9deedd: addNew group-4A6F0F4E9900:[d033faf8-504f-4a64-afa7-ddf7ce9deedd:192.168.5.132:44341] returns group-4A6F0F4E9900:java.util.concurrent.CompletableFuture@782aeb3e[Not completed]
2019-09-19 14:41:23,868 [pool-27-thread-1] INFO  impl.RaftServerImpl (RaftServerImpl.java:<init>(93)) - d033faf8-504f-4a64-afa7-ddf7ce9deedd: new RaftServerImpl for group-4A6F0F4E9900:[d033faf8-504f-4a64-afa7-ddf7ce9deedd:192.168.5.132:44341] with ContainerStateMachine:uninitialized
2019-09-19 14:41:23,868 [pool-27-thread-1] INFO  server.RaftServerConfigKeys (ConfUtils.java:logGet(43)) - raft.server.rpc.timeout.min = 5s (custom)
2019-09-19 14:41:23,868 [pool-27-thread-1] INFO  server.RaftServerConfigKeys (ConfUtils.java:logGet(43)) - raft.server.rpc.timeout.max = 5200ms (custom)
2019-09-19 14:41:23,868 [pool-27-thread-1] INFO  server.RaftServerConfigKeys (ConfUtils.java:logGet(43)) - raft.server.rpcslowness.timeout = 120s (custom)
2019-09-19 14:41:23,868 [pool-27-thread-1] INFO  server.RaftServerConfigKeys (ConfUtils.java:logGet(43)) - raft.server.sleep.deviation.threshold = 300 (default)
2019-09-19 14:41:23,869 [pool-27-thread-1] INFO  server.RaftServerConfigKeys (ConfUtils.java:logGet(43)) - raft.server.log.appender.install.snapshot.enabled = false (custom)
2019-09-19 14:41:23,869 [pool-27-thread-1] INFO  impl.RaftServerImpl (ServerState.java:<init>(105)) - d033faf8-504f-4a64-afa7-ddf7ce9deedd:group-4A6F0F4E9900 ConfigurationManager, init=-1: [d033faf8-504f-4a64-afa7-ddf7ce9deedd:192.168.5.132:44341], old=null, confs=<EMPTY_MAP>
2019-09-19 14:41:23,869 [pool-27-thread-1] INFO  server.RaftServerConfigKeys (ConfUtils.java:logGet(43)) - raft.server.storage.dir = [/workdir/hadoop-ozone/tools/target/test-dir/MiniOzoneClusterImpl-e6d9f474-e5f5-4f7a-a570-913b705bd7a5/datanode-0/data/ratis] (custom)
2019-09-19 14:41:23,870 [pool-27-thread-1] INFO  storage.RaftStorageDirectory (RaftStorageDirectory.java:analyzeStorage(246)) - The storage directory /workdir/hadoop-ozone/tools/target/test-dir/MiniOzoneClusterImpl-e6d9f474-e5f5-4f7a-a570-913b705bd7a5/datanode-0/data/ratis/10781ebe-a6be-47a4-9885-4a6f0f4e9900 does not exist. Creating ...
2019-09-19 14:41:23,892 [pool-27-thread-1] INFO  storage.RaftStorageDirectory (RaftStorageDirectory.java:tryLock(328)) - Lock on /workdir/hadoop-ozone/tools/target/test-dir/MiniOzoneClusterImpl-e6d9f474-e5f5-4f7a-a570-913b705bd7a5/datanode-0/data/ratis/10781ebe-a6be-47a4-9885-4a6f0f4e9900/in_use.lock acquired by nodename 32150@pr-hdds-1569-rzdr8-3403194166
2019-09-19 14:41:23,917 [pool-27-thread-1] INFO  storage.RaftStorage (RaftStorage.java:format(72)) - Storage directory /workdir/hadoop-ozone/tools/target/test-dir/MiniOzoneClusterImpl-e6d9f474-e5f5-4f7a-a570-913b705bd7a5/datanode-0/data/ratis/10781ebe-a6be-47a4-9885-4a6f0f4e9900 has been successfully formatted.
2019-09-19 14:41:23,918 [pool-27-thread-1] INFO  ratis.ContainerStateMachine (ContainerStateMachine.java:loadSnapshot(226)) - group-4A6F0F4E9900: The snapshot info is null. Setting the last applied indexto:(t:0, i:~)
2019-09-19 14:41:23,918 [pool-27-thread-1] INFO  server.RaftServerConfigKeys (ConfUtils.java:logGet(43)) - raft.server.leader.election.timeout = 120s (custom)
2019-09-19 14:41:23,918 [pool-27-thread-1] INFO  server.RaftServerConfigKeys (ConfUtils.java:logGet(43)) - raft.server.log.use.memory = false (default)
2019-09-19 14:41:23,918 [pool-27-thread-1] INFO  server.RaftServerConfigKeys (ConfUtils.java:logGet(43)) - raft.server.log.purge.gap = 1000000 (custom)
2019-09-19 14:41:23,919 [pool-27-thread-1] INFO  server.RaftServerConfigKeys (ConfUtils.java:logGet(43)) - raft.server.log.appender.buffer.byte-limit = 33554432 (custom)
2019-09-19 14:41:23,919 [pool-27-thread-1] INFO  server.RaftServerConfigKeys (ConfUtils.java:logGet(43)) - raft.server.log.segment.size.max = 1048576 (custom)
2019-09-19 14:41:23,919 [pool-27-thread-1] INFO  server.RaftServerConfigKeys (ConfUtils.java:logGet(43)) - raft.server.log.segment.cache.num.max = 2 (custom)
2019-09-19 14:41:23,919 [pool-27-thread-1] INFO  segmented.SegmentedRaftLogWorker (SegmentedRaftLogWorker.java:<init>(172)) - new d033faf8-504f-4a64-afa7-ddf7ce9deedd-SegmentedRaftLogWorker:Storage Directory /workdir/hadoop-ozone/tools/target/test-dir/MiniOzoneClusterImpl-e6d9f474-e5f5-4f7a-a570-913b705bd7a5/datanode-0/data/ratis/10781ebe-a6be-47a4-9885-4a6f0f4e9900 for RaftStorage:Storage Directory /workdir/hadoop-ozone/tools/target/test-dir/MiniOzoneClusterImpl-e6d9f474-e5f5-4f7a-a570-913b705bd7a5/datanode-0/data/ratis/10781ebe-a6be-47a4-9885-4a6f0f4e9900
2019-09-19 14:41:23,919 [pool-27-thread-1] INFO  server.RaftServerConfigKeys (ConfUtils.java:logGet(43)) - raft.server.log.queue.byte-limit = 2147483647 (custom)
2019-09-19 14:41:23,919 [pool-27-thread-1] INFO  server.RaftServerConfigKeys (ConfUtils.java:logGet(43)) - raft.server.log.queue.element-limit = 1024 (custom)
2019-09-19 14:41:23,920 [pool-27-thread-1] INFO  server.RaftServerConfigKeys (ConfUtils.java:logGet(43)) - raft.server.log.segment.size.max = 1048576 (custom)
2019-09-19 14:41:23,920 [pool-27-thread-1] INFO  server.RaftServerConfigKeys (ConfUtils.java:logGet(43)) - raft.server.log.preallocated.size = 16384 (custom)
2019-09-19 14:41:23,920 [pool-27-thread-1] INFO  server.RaftServerConfigKeys (ConfUtils.java:logGet(43)) - raft.server.log.write.buffer.size = 33554432 (custom)
2019-09-19 14:41:23,920 [pool-27-thread-1] INFO  server.RaftServerConfigKeys (ConfUtils.java:logGet(43)) - raft.server.log.force.sync.num = 128 (default)
2019-09-19 14:41:23,920 [pool-27-thread-1] INFO  server.RaftServerConfigKeys (ConfUtils.java:logGet(43)) - raft.server.log.statemachine.data.sync = true (default)
2019-09-19 14:41:23,920 [pool-27-thread-1] INFO  server.RaftServerConfigKeys (ConfUtils.java:logGet(43)) - raft.server.log.statemachine.data.sync.timeout = 10s (default)
2019-09-19 14:41:23,921 [pool-27-thread-1] INFO  server.RaftServerConfigKeys (ConfUtils.java:logGet(43)) - raft.server.log.statemachine.data.sync.timeout.retry = -1 (default)
2019-09-19 14:41:23,921 [pool-27-thread-1] INFO  server.RaftServerConfigKeys (ConfUtils.java:logGet(43)) - raft.server.log.statemachine.data.caching.enabled = true (custom)
2019-09-19 14:41:23,921 [pool-27-thread-1] INFO  segmented.SegmentedRaftLogWorker (SegmentedRaftLogWorker.java:lambda$new$0(132)) - d033faf8-504f-4a64-afa7-ddf7ce9deedd-SegmentedRaftLogWorker:Storage Directory /workdir/hadoop-ozone/tools/target/test-dir/MiniOzoneClusterImpl-e6d9f474-e5f5-4f7a-a570-913b705bd7a5/datanode-0/data/ratis/10781ebe-a6be-47a4-9885-4a6f0f4e9900: flushIndex: setUnconditionally 0 -> -1
2019-09-19 14:41:23,922 [pool-27-thread-1] INFO  server.RaftServerConfigKeys (ConfUtils.java:logGet(43)) - raft.server.snapshot.auto.trigger.enabled = true (custom)
2019-09-19 14:41:23,922 [pool-27-thread-1] INFO  server.RaftServerConfigKeys (ConfUtils.java:logGet(43)) - raft.server.snapshot.auto.trigger.threshold = 10000 (custom)
2019-09-19 14:41:23,922 [pool-27-thread-1] INFO  server.RaftServerConfigKeys (ConfUtils.java:logGet(43)) - raft.server.retrycache.expirytime = 600000ms (custom)
2019-09-19 14:41:23,922 [pool-27-thread-1] INFO  impl.RaftServerImpl (RaftServerImpl.java:start(180)) - d033faf8-504f-4a64-afa7-ddf7ce9deedd: start group-4A6F0F4E9900
2019-09-19 14:41:23,923 [pool-27-thread-1] INFO  impl.RaftServerImpl (RaftServerImpl.java:setRole(171)) - d033faf8-504f-4a64-afa7-ddf7ce9deedd:group-4A6F0F4E9900 changes role from null to FOLLOWER at term 0 for startAsFollower
2019-09-19 14:41:23,923 [pool-27-thread-1] INFO  impl.RoleInfo (RoleInfo.java:updateAndGet(143)) - d033faf8-504f-4a64-afa7-ddf7ce9deedd: start FollowerState
2019-09-19 14:41:23,923 [pool-27-thread-1] INFO  util.JmxRegister (JmxRegister.java:tryRegister(44)) - Successfully registered JMX Bean with object name Ratis:service=RaftServer,group=group-4A6F0F4E9900,id=d033faf8-504f-4a64-afa7-ddf7ce9deedd
2019-09-19 14:41:23,934 [RatisPipelineUtilsThread] INFO  pipeline.PipelineStateManager (PipelineStateManager.java:addPipeline(56)) - Created pipeline Pipeline[ Id: 10781ebe-a6be-47a4-9885-4a6f0f4e9900, Nodes: d033faf8-504f-4a64-afa7-ddf7ce9deedd{ip: 192.168.5.132, host: pr-hdds-1569-rzdr8-3403194166, networkLocation: /default-rack, certSerialId: null}, Type:RATIS, Factor:ONE, State:OPEN]
2019-09-19 14:41:23,947 [grpc-default-executor-1] INFO  impl.RaftServerProxy (RaftServerProxy.java:addNew(89)) - b886c3c4-1cd6-4bed-9a98-4245f87de067: addNew group-5E976CF58E74:[b886c3c4-1cd6-4bed-9a98-4245f87de067:192.168.5.132:36960] returns group-5E976CF58E74:java.util.concurrent.CompletableFuture@72d2804e[Not completed]
2019-09-19 14:41:23,949 [pool-49-thread-1] INFO  impl.RaftServerImpl (RaftServerImpl.java:<init>(93)) - b886c3c4-1cd6-4bed-9a98-4245f87de067: new RaftServerImpl for group-5E976CF58E74:[b886c3c4-1cd6-4bed-9a98-4245f87de067:192.168.5.132:36960] with ContainerStateMachine:uninitialized
2019-09-19 14:41:23,949 [pool-49-thread-1] INFO  server.RaftServerConfigKeys (ConfUtils.java:logGet(43)) - raft.server.rpc.timeout.min = 5s (custom)
2019-09-19 14:41:23,950 [pool-49-thread-1] INFO  server.RaftServerConfigKeys (ConfUtils.java:logGet(43)) - raft.server.rpc.timeout.max = 5200ms (custom)
2019-09-19 14:41:23,950 [pool-49-thread-1] INFO  server.RaftServerConfigKeys (ConfUtils.java:logGet(43)) - raft.server.rpcslowness.timeout = 120s (custom)
2019-09-19 14:41:23,950 [pool-49-thread-1] INFO  server.RaftServerConfigKeys (ConfUtils.java:logGet(43)) - raft.server.sleep.deviation.threshold = 300 (default)
2019-09-19 14:41:23,950 [pool-49-thread-1] INFO  server.RaftServerConfigKeys (ConfUtils.java:logGet(43)) - raft.server.log.appender.install.snapshot.enabled = false (custom)
2019-09-19 14:41:23,950 [pool-49-thread-1] INFO  impl.RaftServerImpl (ServerState.java:<init>(105)) - b886c3c4-1cd6-4bed-9a98-4245f87de067:group-5E976CF58E74 ConfigurationManager, init=-1: [b886c3c4-1cd6-4bed-9a98-4245f87de067:192.168.5.132:36960], old=null, confs=<EMPTY_MAP>
2019-09-19 14:41:23,950 [pool-49-thread-1] INFO  server.RaftServerConfigKeys (ConfUtils.java:logGet(43)) - raft.server.storage.dir = [/workdir/hadoop-ozone/tools/target/test-dir/MiniOzoneClusterImpl-e6d9f474-e5f5-4f7a-a570-913b705bd7a5/datanode-2/data/ratis] (custom)
2019-09-19 14:41:23,951 [pool-49-thread-1] INFO  storage.RaftStorageDirectory (RaftStorageDirectory.java:analyzeStorage(246)) - The storage directory /workdir/hadoop-ozone/tools/target/test-dir/MiniOzoneClusterImpl-e6d9f474-e5f5-4f7a-a570-913b705bd7a5/datanode-2/data/ratis/74c58c04-e343-4932-96d9-5e976cf58e74 does not exist. Creating ...
2019-09-19 14:41:23,974 [pool-49-thread-1] INFO  storage.RaftStorageDirectory (RaftStorageDirectory.java:tryLock(328)) - Lock on /workdir/hadoop-ozone/tools/target/test-dir/MiniOzoneClusterImpl-e6d9f474-e5f5-4f7a-a570-913b705bd7a5/datanode-2/data/ratis/74c58c04-e343-4932-96d9-5e976cf58e74/in_use.lock acquired by nodename 32150@pr-hdds-1569-rzdr8-3403194166
2019-09-19 14:41:24,004 [pool-49-thread-1] INFO  storage.RaftStorage (RaftStorage.java:format(72)) - Storage directory /workdir/hadoop-ozone/tools/target/test-dir/MiniOzoneClusterImpl-e6d9f474-e5f5-4f7a-a570-913b705bd7a5/datanode-2/data/ratis/74c58c04-e343-4932-96d9-5e976cf58e74 has been successfully formatted.
2019-09-19 14:41:24,004 [pool-49-thread-1] INFO  ratis.ContainerStateMachine (ContainerStateMachine.java:loadSnapshot(226)) - group-5E976CF58E74: The snapshot info is null. Setting the last applied indexto:(t:0, i:~)
2019-09-19 14:41:24,005 [pool-49-thread-1] INFO  server.RaftServerConfigKeys (ConfUtils.java:logGet(43)) - raft.server.leader.election.timeout = 120s (custom)
2019-09-19 14:41:24,005 [pool-49-thread-1] INFO  server.RaftServerConfigKeys (ConfUtils.java:logGet(43)) - raft.server.log.use.memory = false (default)
2019-09-19 14:41:24,005 [pool-49-thread-1] INFO  server.RaftServerConfigKeys (ConfUtils.java:logGet(43)) - raft.server.log.purge.gap = 1000000 (custom)
2019-09-19 14:41:24,005 [pool-49-thread-1] INFO  server.RaftServerConfigKeys (ConfUtils.java:logGet(43)) - raft.server.log.appender.buffer.byte-limit = 33554432 (custom)
2019-09-19 14:41:24,005 [pool-49-thread-1] INFO  server.RaftServerConfigKeys (ConfUtils.java:logGet(43)) - raft.server.log.segment.size.max = 1048576 (custom)
2019-09-19 14:41:24,005 [pool-49-thread-1] INFO  server.RaftServerConfigKeys (ConfUtils.java:logGet(43)) - raft.server.log.segment.cache.num.max = 2 (custom)
2019-09-19 14:41:24,005 [pool-49-thread-1] INFO  segmented.SegmentedRaftLogWorker (SegmentedRaftLogWorker.java:<init>(172)) - new b886c3c4-1cd6-4bed-9a98-4245f87de067-SegmentedRaftLogWorker:Storage Directory /workdir/hadoop-ozone/tools/target/test-dir/MiniOzoneClusterImpl-e6d9f474-e5f5-4f7a-a570-913b705bd7a5/datanode-2/data/ratis/74c58c04-e343-4932-96d9-5e976cf58e74 for RaftStorage:Storage Directory /workdir/hadoop-ozone/tools/target/test-dir/MiniOzoneClusterImpl-e6d9f474-e5f5-4f7a-a570-913b705bd7a5/datanode-2/data/ratis/74c58c04-e343-4932-96d9-5e976cf58e74
2019-09-19 14:41:24,006 [pool-49-thread-1] INFO  server.RaftServerConfigKeys (ConfUtils.java:logGet(43)) - raft.server.log.queue.byte-limit = 2147483647 (custom)
2019-09-19 14:41:24,006 [pool-49-thread-1] INFO  server.RaftServerConfigKeys (ConfUtils.java:logGet(43)) - raft.server.log.queue.element-limit = 1024 (custom)
2019-09-19 14:41:24,006 [pool-49-thread-1] INFO  server.RaftServerConfigKeys (ConfUtils.java:logGet(43)) - raft.server.log.segment.size.max = 1048576 (custom)
2019-09-19 14:41:24,006 [pool-49-thread-1] INFO  server.RaftServerConfigKeys (ConfUtils.java:logGet(43)) - raft.server.log.preallocated.size = 16384 (custom)
2019-09-19 14:41:24,006 [pool-49-thread-1] INFO  server.RaftServerConfigKeys (ConfUtils.java:logGet(43)) - raft.server.log.write.buffer.size = 33554432 (custom)
2019-09-19 14:41:24,006 [pool-49-thread-1] INFO  server.RaftServerConfigKeys (ConfUtils.java:logGet(43)) - raft.server.log.force.sync.num = 128 (default)
2019-09-19 14:41:24,006 [pool-49-thread-1] INFO  server.RaftServerConfigKeys (ConfUtils.java:logGet(43)) - raft.server.log.statemachine.data.sync = true (default)
2019-09-19 14:41:24,007 [pool-49-thread-1] INFO  server.RaftServerConfigKeys (ConfUtils.java:logGet(43)) - raft.server.log.statemachine.data.sync.timeout = 10s (default)
2019-09-19 14:41:24,007 [pool-49-thread-1] INFO  server.RaftServerConfigKeys (ConfUtils.java:logGet(43)) - raft.server.log.statemachine.data.sync.timeout.retry = -1 (default)
2019-09-19 14:41:24,007 [pool-49-thread-1] INFO  server.RaftServerConfigKeys (ConfUtils.java:logGet(43)) - raft.server.log.statemachine.data.caching.enabled = true (custom)
2019-09-19 14:41:24,007 [pool-49-thread-1] INFO  segmented.SegmentedRaftLogWorker (SegmentedRaftLogWorker.java:lambda$new$0(132)) - b886c3c4-1cd6-4bed-9a98-4245f87de067-SegmentedRaftLogWorker:Storage Directory /workdir/hadoop-ozone/tools/target/test-dir/MiniOzoneClusterImpl-e6d9f474-e5f5-4f7a-a570-913b705bd7a5/datanode-2/data/ratis/74c58c04-e343-4932-96d9-5e976cf58e74: flushIndex: setUnconditionally 0 -> -1
2019-09-19 14:41:24,008 [pool-49-thread-1] INFO  server.RaftServerConfigKeys (ConfUtils.java:logGet(43)) - raft.server.snapshot.auto.trigger.enabled = true (custom)
2019-09-19 14:41:24,008 [pool-49-thread-1] INFO  server.RaftServerConfigKeys (ConfUtils.java:logGet(43)) - raft.server.snapshot.auto.trigger.threshold = 10000 (custom)
2019-09-19 14:41:24,008 [pool-49-thread-1] INFO  server.RaftServerConfigKeys (ConfUtils.java:logGet(43)) - raft.server.retrycache.expirytime = 600000ms (custom)
2019-09-19 14:41:24,008 [pool-49-thread-1] INFO  impl.RaftServerImpl (RaftServerImpl.java:start(180)) - b886c3c4-1cd6-4bed-9a98-4245f87de067: start group-5E976CF58E74
2019-09-19 14:41:24,008 [pool-49-thread-1] INFO  impl.RaftServerImpl (RaftServerImpl.java:setRole(171)) - b886c3c4-1cd6-4bed-9a98-4245f87de067:group-5E976CF58E74 changes role from null to FOLLOWER at term 0 for startAsFollower
2019-09-19 14:41:24,009 [pool-49-thread-1] INFO  impl.RoleInfo (RoleInfo.java:updateAndGet(143)) - b886c3c4-1cd6-4bed-9a98-4245f87de067: start FollowerState
2019-09-19 14:41:24,009 [pool-49-thread-1] INFO  util.JmxRegister (JmxRegister.java:tryRegister(44)) - Successfully registered JMX Bean with object name Ratis:service=RaftServer,group=group-5E976CF58E74,id=b886c3c4-1cd6-4bed-9a98-4245f87de067
2019-09-19 14:41:24,023 [RatisPipelineUtilsThread] INFO  pipeline.PipelineStateManager (PipelineStateManager.java:addPipeline(56)) - Created pipeline Pipeline[ Id: 74c58c04-e343-4932-96d9-5e976cf58e74, Nodes: b886c3c4-1cd6-4bed-9a98-4245f87de067{ip: 192.168.5.132, host: pr-hdds-1569-rzdr8-3403194166, networkLocation: /default-rack, certSerialId: null}, Type:RATIS, Factor:ONE, State:OPEN]
2019-09-19 14:41:24,036 [grpc-default-executor-1] INFO  impl.RaftServerProxy (RaftServerProxy.java:addNew(89)) - 3ce8bbe8-7e3d-4ed9-84a6-47ae1608dbd8: addNew group-888ADF9361FF:[3ce8bbe8-7e3d-4ed9-84a6-47ae1608dbd8:192.168.5.132:37911] returns group-888ADF9361FF:java.util.concurrent.CompletableFuture@188c6eaf[Not completed]
2019-09-19 14:41:24,038 [pool-38-thread-1] INFO  impl.RaftServerImpl (RaftServerImpl.java:<init>(93)) - 3ce8bbe8-7e3d-4ed9-84a6-47ae1608dbd8: new RaftServerImpl for group-888ADF9361FF:[3ce8bbe8-7e3d-4ed9-84a6-47ae1608dbd8:192.168.5.132:37911] with ContainerStateMachine:uninitialized
2019-09-19 14:41:24,038 [pool-38-thread-1] INFO  server.RaftServerConfigKeys (ConfUtils.java:logGet(43)) - raft.server.rpc.timeout.min = 5s (custom)
2019-09-19 14:41:24,038 [pool-38-thread-1] INFO  server.RaftServerConfigKeys (ConfUtils.java:logGet(43)) - raft.server.rpc.timeout.max = 5200ms (custom)
2019-09-19 14:41:24,039 [pool-38-thread-1] INFO  server.RaftServerConfigKeys (ConfUtils.java:logGet(43)) - raft.server.rpcslowness.timeout = 120s (custom)
2019-09-19 14:41:24,039 [pool-38-thread-1] INFO  server.RaftServerConfigKeys (ConfUtils.java:logGet(43)) - raft.server.sleep.deviation.threshold = 300 (default)
2019-09-19 14:41:24,039 [pool-38-thread-1] INFO  server.RaftServerConfigKeys (ConfUtils.java:logGet(43)) - raft.server.log.appender.install.snapshot.enabled = false (custom)
2019-09-19 14:41:24,039 [pool-38-thread-1] INFO  impl.RaftServerImpl (ServerState.java:<init>(105)) - 3ce8bbe8-7e3d-4ed9-84a6-47ae1608dbd8:group-888ADF9361FF ConfigurationManager, init=-1: [3ce8bbe8-7e3d-4ed9-84a6-47ae1608dbd8:192.168.5.132:37911], old=null, confs=<EMPTY_MAP>
2019-09-19 14:41:24,039 [pool-38-thread-1] INFO  server.RaftServerConfigKeys (ConfUtils.java:logGet(43)) - raft.server.storage.dir = [/workdir/hadoop-ozone/tools/target/test-dir/MiniOzoneClusterImpl-e6d9f474-e5f5-4f7a-a570-913b705bd7a5/datanode-1/data/ratis] (custom)
2019-09-19 14:41:24,040 [pool-38-thread-1] INFO  storage.RaftStorageDirectory (RaftStorageDirectory.java:analyzeStorage(246)) - The storage directory /workdir/hadoop-ozone/tools/target/test-dir/MiniOzoneClusterImpl-e6d9f474-e5f5-4f7a-a570-913b705bd7a5/datanode-1/data/ratis/0496b446-b810-4a3d-8cc9-888adf9361ff does not exist. Creating ...
2019-09-19 14:41:24,063 [pool-38-thread-1] INFO  storage.RaftStorageDirectory (RaftStorageDirectory.java:tryLock(328)) - Lock on /workdir/hadoop-ozone/tools/target/test-dir/MiniOzoneClusterImpl-e6d9f474-e5f5-4f7a-a570-913b705bd7a5/datanode-1/data/ratis/0496b446-b810-4a3d-8cc9-888adf9361ff/in_use.lock acquired by nodename 32150@pr-hdds-1569-rzdr8-3403194166
2019-09-19 14:41:24,089 [pool-38-thread-1] INFO  storage.RaftStorage (RaftStorage.java:format(72)) - Storage directory /workdir/hadoop-ozone/tools/target/test-dir/MiniOzoneClusterImpl-e6d9f474-e5f5-4f7a-a570-913b705bd7a5/datanode-1/data/ratis/0496b446-b810-4a3d-8cc9-888adf9361ff has been successfully formatted.
2019-09-19 14:41:24,089 [pool-38-thread-1] INFO  ratis.ContainerStateMachine (ContainerStateMachine.java:loadSnapshot(226)) - group-888ADF9361FF: The snapshot info is null. Setting the last applied indexto:(t:0, i:~)
2019-09-19 14:41:24,089 [pool-38-thread-1] INFO  server.RaftServerConfigKeys (ConfUtils.java:logGet(43)) - raft.server.leader.election.timeout = 120s (custom)
2019-09-19 14:41:24,090 [pool-38-thread-1] INFO  server.RaftServerConfigKeys (ConfUtils.java:logGet(43)) - raft.server.log.use.memory = false (default)
2019-09-19 14:41:24,090 [pool-38-thread-1] INFO  server.RaftServerConfigKeys (ConfUtils.java:logGet(43)) - raft.server.log.purge.gap = 1000000 (custom)
2019-09-19 14:41:24,090 [pool-38-thread-1] INFO  server.RaftServerConfigKeys (ConfUtils.java:logGet(43)) - raft.server.log.appender.buffer.byte-limit = 33554432 (custom)
2019-09-19 14:41:24,090 [pool-38-thread-1] INFO  server.RaftServerConfigKeys (ConfUtils.java:logGet(43)) - raft.server.log.segment.size.max = 1048576 (custom)
2019-09-19 14:41:24,091 [pool-38-thread-1] INFO  server.RaftServerConfigKeys (ConfUtils.java:logGet(43)) - raft.server.log.segment.cache.num.max = 2 (custom)
2019-09-19 14:41:24,091 [pool-38-thread-1] INFO  segmented.SegmentedRaftLogWorker (SegmentedRaftLogWorker.java:<init>(172)) - new 3ce8bbe8-7e3d-4ed9-84a6-47ae1608dbd8-SegmentedRaftLogWorker:Storage Directory /workdir/hadoop-ozone/tools/target/test-dir/MiniOzoneClusterImpl-e6d9f474-e5f5-4f7a-a570-913b705bd7a5/datanode-1/data/ratis/0496b446-b810-4a3d-8cc9-888adf9361ff for RaftStorage:Storage Directory /workdir/hadoop-ozone/tools/target/test-dir/MiniOzoneClusterImpl-e6d9f474-e5f5-4f7a-a570-913b705bd7a5/datanode-1/data/ratis/0496b446-b810-4a3d-8cc9-888adf9361ff
2019-09-19 14:41:24,091 [pool-38-thread-1] INFO  server.RaftServerConfigKeys (ConfUtils.java:logGet(43)) - raft.server.log.queue.byte-limit = 2147483647 (custom)
2019-09-19 14:41:24,091 [pool-38-thread-1] INFO  server.RaftServerConfigKeys (ConfUtils.java:logGet(43)) - raft.server.log.queue.element-limit = 1024 (custom)
2019-09-19 14:41:24,091 [pool-38-thread-1] INFO  server.RaftServerConfigKeys (ConfUtils.java:logGet(43)) - raft.server.log.segment.size.max = 1048576 (custom)
2019-09-19 14:41:24,092 [pool-38-thread-1] INFO  server.RaftServerConfigKeys (ConfUtils.java:logGet(43)) - raft.server.log.preallocated.size = 16384 (custom)
2019-09-19 14:41:24,092 [pool-38-thread-1] INFO  server.RaftServerConfigKeys (ConfUtils.java:logGet(43)) - raft.server.log.write.buffer.size = 33554432 (custom)
2019-09-19 14:41:24,092 [pool-38-thread-1] INFO  server.RaftServerConfigKeys (ConfUtils.java:logGet(43)) - raft.server.log.force.sync.num = 128 (default)
2019-09-19 14:41:24,092 [pool-38-thread-1] INFO  server.RaftServerConfigKeys (ConfUtils.java:logGet(43)) - raft.server.log.statemachine.data.sync = true (default)
2019-09-19 14:41:24,092 [pool-38-thread-1] INFO  server.RaftServerConfigKeys (ConfUtils.java:logGet(43)) - raft.server.log.statemachine.data.sync.timeout = 10s (default)
2019-09-19 14:41:24,093 [pool-38-thread-1] INFO  server.RaftServerConfigKeys (ConfUtils.java:logGet(43)) - raft.server.log.statemachine.data.sync.timeout.retry = -1 (default)
2019-09-19 14:41:24,093 [pool-38-thread-1] INFO  server.RaftServerConfigKeys (ConfUtils.java:logGet(43)) - raft.server.log.statemachine.data.caching.enabled = true (custom)
2019-09-19 14:41:24,093 [pool-38-thread-1] INFO  segmented.SegmentedRaftLogWorker (SegmentedRaftLogWorker.java:lambda$new$0(132)) - 3ce8bbe8-7e3d-4ed9-84a6-47ae1608dbd8-SegmentedRaftLogWorker:Storage Directory /workdir/hadoop-ozone/tools/target/test-dir/MiniOzoneClusterImpl-e6d9f474-e5f5-4f7a-a570-913b705bd7a5/datanode-1/data/ratis/0496b446-b810-4a3d-8cc9-888adf9361ff: flushIndex: setUnconditionally 0 -> -1
2019-09-19 14:41:24,094 [pool-38-thread-1] INFO  server.RaftServerConfigKeys (ConfUtils.java:logGet(43)) - raft.server.snapshot.auto.trigger.enabled = true (custom)
2019-09-19 14:41:24,094 [pool-38-thread-1] INFO  server.RaftServerConfigKeys (ConfUtils.java:logGet(43)) - raft.server.snapshot.auto.trigger.threshold = 10000 (custom)
2019-09-19 14:41:24,094 [pool-38-thread-1] INFO  server.RaftServerConfigKeys (ConfUtils.java:logGet(43)) - raft.server.retrycache.expirytime = 600000ms (custom)
2019-09-19 14:41:24,094 [pool-38-thread-1] INFO  impl.RaftServerImpl (RaftServerImpl.java:start(180)) - 3ce8bbe8-7e3d-4ed9-84a6-47ae1608dbd8: start group-888ADF9361FF
2019-09-19 14:41:24,095 [pool-38-thread-1] INFO  impl.RaftServerImpl (RaftServerImpl.java:setRole(171)) - 3ce8bbe8-7e3d-4ed9-84a6-47ae1608dbd8:group-888ADF9361FF changes role from null to FOLLOWER at term 0 for startAsFollower
2019-09-19 14:41:24,095 [pool-38-thread-1] INFO  impl.RoleInfo (RoleInfo.java:updateAndGet(143)) - 3ce8bbe8-7e3d-4ed9-84a6-47ae1608dbd8: start FollowerState
2019-09-19 14:41:24,096 [pool-38-thread-1] INFO  util.JmxRegister (JmxRegister.java:tryRegister(44)) - Successfully registered JMX Bean with object name Ratis:service=RaftServer,group=group-888ADF9361FF,id=3ce8bbe8-7e3d-4ed9-84a6-47ae1608dbd8
2019-09-19 14:41:24,103 [RatisPipelineUtilsThread] INFO  pipeline.PipelineStateManager (PipelineStateManager.java:addPipeline(56)) - Created pipeline Pipeline[ Id: 0496b446-b810-4a3d-8cc9-888adf9361ff, Nodes: 3ce8bbe8-7e3d-4ed9-84a6-47ae1608dbd8{ip: 192.168.5.132, host: pr-hdds-1569-rzdr8-3403194166, networkLocation: /default-rack, certSerialId: null}, Type:RATIS, Factor:ONE, State:OPEN]
2019-09-19 14:41:24,114 [grpc-default-executor-1] INFO  impl.RaftServerProxy (RaftServerProxy.java:addNew(89)) - 3ce8bbe8-7e3d-4ed9-84a6-47ae1608dbd8: addNew group-90BE10E6CA08:[3ce8bbe8-7e3d-4ed9-84a6-47ae1608dbd8:192.168.5.132:37911] returns group-90BE10E6CA08:java.util.concurrent.CompletableFuture@609b20cc[Not completed]
2019-09-19 14:41:24,116 [pool-38-thread-1] INFO  impl.RaftServerImpl (RaftServerImpl.java:<init>(93)) - 3ce8bbe8-7e3d-4ed9-84a6-47ae1608dbd8: new RaftServerImpl for group-90BE10E6CA08:[3ce8bbe8-7e3d-4ed9-84a6-47ae1608dbd8:192.168.5.132:37911] with ContainerStateMachine:uninitialized
2019-09-19 14:41:24,116 [pool-38-thread-1] INFO  server.RaftServerConfigKeys (ConfUtils.java:logGet(43)) - raft.server.rpc.timeout.min = 5s (custom)
2019-09-19 14:41:24,116 [pool-38-thread-1] INFO  server.RaftServerConfigKeys (ConfUtils.java:logGet(43)) - raft.server.rpc.timeout.max = 5200ms (custom)
2019-09-19 14:41:24,116 [pool-38-thread-1] INFO  server.RaftServerConfigKeys (ConfUtils.java:logGet(43)) - raft.server.rpcslowness.timeout = 120s (custom)
2019-09-19 14:41:24,116 [pool-38-thread-1] INFO  server.RaftServerConfigKeys (ConfUtils.java:logGet(43)) - raft.server.sleep.deviation.threshold = 300 (default)
2019-09-19 14:41:24,117 [pool-38-thread-1] INFO  server.RaftServerConfigKeys (ConfUtils.java:logGet(43)) - raft.server.log.appender.install.snapshot.enabled = false (custom)
2019-09-19 14:41:24,117 [pool-38-thread-1] INFO  impl.RaftServerImpl (ServerState.java:<init>(105)) - 3ce8bbe8-7e3d-4ed9-84a6-47ae1608dbd8:group-90BE10E6CA08 ConfigurationManager, init=-1: [3ce8bbe8-7e3d-4ed9-84a6-47ae1608dbd8:192.168.5.132:37911], old=null, confs=<EMPTY_MAP>
2019-09-19 14:41:24,117 [pool-38-thread-1] INFO  server.RaftServerConfigKeys (ConfUtils.java:logGet(43)) - raft.server.storage.dir = [/workdir/hadoop-ozone/tools/target/test-dir/MiniOzoneClusterImpl-e6d9f474-e5f5-4f7a-a570-913b705bd7a5/datanode-1/data/ratis] (custom)
2019-09-19 14:41:24,117 [pool-38-thread-1] INFO  storage.RaftStorageDirectory (RaftStorageDirectory.java:analyzeStorage(246)) - The storage directory /workdir/hadoop-ozone/tools/target/test-dir/MiniOzoneClusterImpl-e6d9f474-e5f5-4f7a-a570-913b705bd7a5/datanode-1/data/ratis/49581b3f-77d7-4675-9115-90be10e6ca08 does not exist. Creating ...
2019-09-19 14:41:24,126 | INFO  | SCMAudit | user=jenkins1000 | ip=192.168.5.132 | op=SEND_HEARTBEAT {datanodeUUID=d033faf8-504f-4a64-afa7-ddf7ce9deedd, command=[]} | ret=SUCCESS |  
2019-09-19 14:41:24,136 [main] INFO  freon.RandomKeyGenerator (RandomKeyGenerator.java:call(275)) - Number of Threads: 10
2019-09-19 14:41:24,137 [main] INFO  freon.RandomKeyGenerator (RandomKeyGenerator.java:call(280)) - Number of Volumes: 1.
2019-09-19 14:41:24,137 [main] INFO  freon.RandomKeyGenerator (RandomKeyGenerator.java:call(281)) - Number of Buckets per Volume: 1.
2019-09-19 14:41:24,137 [main] INFO  freon.RandomKeyGenerator (RandomKeyGenerator.java:call(282)) - Number of Keys per Bucket: 1.
2019-09-19 14:41:24,138 [main] INFO  freon.RandomKeyGenerator (RandomKeyGenerator.java:call(283)) - Key size: 20971520 bytes
2019-09-19 14:41:24,138 [main] INFO  freon.RandomKeyGenerator (RandomKeyGenerator.java:call(284)) - Buffer size: 4096 bytes
2019-09-19 14:41:24,139 [pool-38-thread-1] INFO  storage.RaftStorageDirectory (RaftStorageDirectory.java:tryLock(328)) - Lock on /workdir/hadoop-ozone/tools/target/test-dir/MiniOzoneClusterImpl-e6d9f474-e5f5-4f7a-a570-913b705bd7a5/datanode-1/data/ratis/49581b3f-77d7-4675-9115-90be10e6ca08/in_use.lock acquired by nodename 32150@pr-hdds-1569-rzdr8-3403194166
2019-09-19 14:41:24,141 [main] INFO  freon.RandomKeyGenerator (RandomKeyGenerator.java:call(298)) - Data validation is enabled.
2019-09-19 14:41:24,143 [main] INFO  freon.RandomKeyGenerator (RandomKeyGenerator.java:call(304)) - Starting progress bar Thread.

 0.00% |█                                                                                                    |  0/1 Time: 0:00:002019-09-19 14:41:24,164 [pool-38-thread-1] INFO  storage.RaftStorage (RaftStorage.java:format(72)) - Storage directory /workdir/hadoop-ozone/tools/target/test-dir/MiniOzoneClusterImpl-e6d9f474-e5f5-4f7a-a570-913b705bd7a5/datanode-1/data/ratis/49581b3f-77d7-4675-9115-90be10e6ca08 has been successfully formatted.
2019-09-19 14:41:24,165 [pool-38-thread-1] INFO  ratis.ContainerStateMachine (ContainerStateMachine.java:loadSnapshot(226)) - group-90BE10E6CA08: The snapshot info is null. Setting the last applied indexto:(t:0, i:~)
2019-09-19 14:41:24,165 [pool-56-thread-1] INFO  rpc.RpcClient (RpcClient.java:createVolume(293)) - Creating Volume: vol-0-87938, with jenkins1000 as owner.
2019-09-19 14:41:24,165 [pool-38-thread-1] INFO  server.RaftServerConfigKeys (ConfUtils.java:logGet(43)) - raft.server.leader.election.timeout = 120s (custom)
2019-09-19 14:41:24,165 [pool-38-thread-1] INFO  server.RaftServerConfigKeys (ConfUtils.java:logGet(43)) - raft.server.log.use.memory = false (default)
2019-09-19 14:41:24,165 [pool-38-thread-1] INFO  server.RaftServerConfigKeys (ConfUtils.java:logGet(43)) - raft.server.log.purge.gap = 1000000 (custom)
2019-09-19 14:41:24,166 [pool-38-thread-1] INFO  server.RaftServerConfigKeys (ConfUtils.java:logGet(43)) - raft.server.log.appender.buffer.byte-limit = 33554432 (custom)
2019-09-19 14:41:24,166 [pool-38-thread-1] INFO  server.RaftServerConfigKeys (ConfUtils.java:logGet(43)) - raft.server.log.segment.size.max = 1048576 (custom)
2019-09-19 14:41:24,166 [pool-38-thread-1] INFO  server.RaftServerConfigKeys (ConfUtils.java:logGet(43)) - raft.server.log.segment.cache.num.max = 2 (custom)
2019-09-19 14:41:24,166 [pool-38-thread-1] INFO  segmented.SegmentedRaftLogWorker (SegmentedRaftLogWorker.java:<init>(172)) - new 3ce8bbe8-7e3d-4ed9-84a6-47ae1608dbd8-SegmentedRaftLogWorker:Storage Directory /workdir/hadoop-ozone/tools/target/test-dir/MiniOzoneClusterImpl-e6d9f474-e5f5-4f7a-a570-913b705bd7a5/datanode-1/data/ratis/49581b3f-77d7-4675-9115-90be10e6ca08 for RaftStorage:Storage Directory /workdir/hadoop-ozone/tools/target/test-dir/MiniOzoneClusterImpl-e6d9f474-e5f5-4f7a-a570-913b705bd7a5/datanode-1/data/ratis/49581b3f-77d7-4675-9115-90be10e6ca08
2019-09-19 14:41:24,166 [pool-38-thread-1] INFO  server.RaftServerConfigKeys (ConfUtils.java:logGet(43)) - raft.server.log.queue.byte-limit = 2147483647 (custom)
2019-09-19 14:41:24,166 [pool-38-thread-1] INFO  server.RaftServerConfigKeys (ConfUtils.java:logGet(43)) - raft.server.log.queue.element-limit = 1024 (custom)
2019-09-19 14:41:24,166 [pool-38-thread-1] INFO  server.RaftServerConfigKeys (ConfUtils.java:logGet(43)) - raft.server.log.segment.size.max = 1048576 (custom)
2019-09-19 14:41:24,166 [pool-38-thread-1] INFO  server.RaftServerConfigKeys (ConfUtils.java:logGet(43)) - raft.server.log.preallocated.size = 16384 (custom)
2019-09-19 14:41:24,167 [pool-38-thread-1] INFO  server.RaftServerConfigKeys (ConfUtils.java:logGet(43)) - raft.server.log.write.buffer.size = 33554432 (custom)
2019-09-19 14:41:24,167 [pool-38-thread-1] INFO  server.RaftServerConfigKeys (ConfUtils.java:logGet(43)) - raft.server.log.force.sync.num = 128 (default)
2019-09-19 14:41:24,167 [pool-38-thread-1] INFO  server.RaftServerConfigKeys (ConfUtils.java:logGet(43)) - raft.server.log.statemachine.data.sync = true (default)
2019-09-19 14:41:24,167 [pool-38-thread-1] INFO  server.RaftServerConfigKeys (ConfUtils.java:logGet(43)) - raft.server.log.statemachine.data.sync.timeout = 10s (default)
2019-09-19 14:41:24,167 [pool-38-thread-1] INFO  server.RaftServerConfigKeys (ConfUtils.java:logGet(43)) - raft.server.log.statemachine.data.sync.timeout.retry = -1 (default)
2019-09-19 14:41:24,167 [pool-38-thread-1] INFO  server.RaftServerConfigKeys (ConfUtils.java:logGet(43)) - raft.server.log.statemachine.data.caching.enabled = true (custom)
2019-09-19 14:41:24,168 [pool-38-thread-1] INFO  segmented.SegmentedRaftLogWorker (SegmentedRaftLogWorker.java:lambda$new$0(132)) - 3ce8bbe8-7e3d-4ed9-84a6-47ae1608dbd8-SegmentedRaftLogWorker:Storage Directory /workdir/hadoop-ozone/tools/target/test-dir/MiniOzoneClusterImpl-e6d9f474-e5f5-4f7a-a570-913b705bd7a5/datanode-1/data/ratis/49581b3f-77d7-4675-9115-90be10e6ca08: flushIndex: setUnconditionally 0 -> -1
2019-09-19 14:41:24,168 [pool-38-thread-1] INFO  server.RaftServerConfigKeys (ConfUtils.java:logGet(43)) - raft.server.snapshot.auto.trigger.enabled = true (custom)
2019-09-19 14:41:24,168 [pool-38-thread-1] INFO  server.RaftServerConfigKeys (ConfUtils.java:logGet(43)) - raft.server.snapshot.auto.trigger.threshold = 10000 (custom)
2019-09-19 14:41:24,168 [pool-38-thread-1] INFO  server.RaftServerConfigKeys (ConfUtils.java:logGet(43)) - raft.server.retrycache.expirytime = 600000ms (custom)
2019-09-19 14:41:24,168 [pool-38-thread-1] INFO  impl.RaftServerImpl (RaftServerImpl.java:start(180)) - 3ce8bbe8-7e3d-4ed9-84a6-47ae1608dbd8: start group-90BE10E6CA08
2019-09-19 14:41:24,169 [pool-38-thread-1] INFO  impl.RaftServerImpl (RaftServerImpl.java:setRole(171)) - 3ce8bbe8-7e3d-4ed9-84a6-47ae1608dbd8:group-90BE10E6CA08 changes role from null to FOLLOWER at term 0 for startAsFollower
2019-09-19 14:41:24,169 [pool-38-thread-1] INFO  impl.RoleInfo (RoleInfo.java:updateAndGet(143)) - 3ce8bbe8-7e3d-4ed9-84a6-47ae1608dbd8: start FollowerState
2019-09-19 14:41:24,169 [pool-38-thread-1] INFO  util.JmxRegister (JmxRegister.java:tryRegister(44)) - Successfully registered JMX Bean with object name Ratis:service=RaftServer,group=group-90BE10E6CA08,id=3ce8bbe8-7e3d-4ed9-84a6-47ae1608dbd8
2019-09-19 14:41:24,177 [RatisPipelineUtilsThread] INFO  pipeline.PipelineStateManager (PipelineStateManager.java:addPipeline(56)) - Created pipeline Pipeline[ Id: 49581b3f-77d7-4675-9115-90be10e6ca08, Nodes: 3ce8bbe8-7e3d-4ed9-84a6-47ae1608dbd8{ip: 192.168.5.132, host: pr-hdds-1569-rzdr8-3403194166, networkLocation: /default-rack, certSerialId: null}, Type:RATIS, Factor:ONE, State:OPEN]
2019-09-19 14:41:24,189 [grpc-default-executor-1] INFO  impl.RaftServerProxy (RaftServerProxy.java:addNew(89)) - 3ce8bbe8-7e3d-4ed9-84a6-47ae1608dbd8: addNew group-5A3726734CEF:[3ce8bbe8-7e3d-4ed9-84a6-47ae1608dbd8:192.168.5.132:37911] returns group-5A3726734CEF:java.util.concurrent.CompletableFuture@2cfd0a79[Not completed]
2019-09-19 14:41:24,190 [pool-38-thread-1] INFO  impl.RaftServerImpl (RaftServerImpl.java:<init>(93)) - 3ce8bbe8-7e3d-4ed9-84a6-47ae1608dbd8: new RaftServerImpl for group-5A3726734CEF:[3ce8bbe8-7e3d-4ed9-84a6-47ae1608dbd8:192.168.5.132:37911] with ContainerStateMachine:uninitialized
2019-09-19 14:41:24,190 [pool-38-thread-1] INFO  server.RaftServerConfigKeys (ConfUtils.java:logGet(43)) - raft.server.rpc.timeout.min = 5s (custom)
2019-09-19 14:41:24,190 [pool-38-thread-1] INFO  server.RaftServerConfigKeys (ConfUtils.java:logGet(43)) - raft.server.rpc.timeout.max = 5200ms (custom)
2019-09-19 14:41:24,191 [pool-38-thread-1] INFO  server.RaftServerConfigKeys (ConfUtils.java:logGet(43)) - raft.server.rpcslowness.timeout = 120s (custom)
2019-09-19 14:41:24,191 [pool-38-thread-1] INFO  server.RaftServerConfigKeys (ConfUtils.java:logGet(43)) - raft.server.sleep.deviation.threshold = 300 (default)
2019-09-19 14:41:24,191 [pool-38-thread-1] INFO  server.RaftServerConfigKeys (ConfUtils.java:logGet(43)) - raft.server.log.appender.install.snapshot.enabled = false (custom)
2019-09-19 14:41:24,191 [pool-38-thread-1] INFO  impl.RaftServerImpl (ServerState.java:<init>(105)) - 3ce8bbe8-7e3d-4ed9-84a6-47ae1608dbd8:group-5A3726734CEF ConfigurationManager, init=-1: [3ce8bbe8-7e3d-4ed9-84a6-47ae1608dbd8:192.168.5.132:37911], old=null, confs=<EMPTY_MAP>
2019-09-19 14:41:24,191 [pool-38-thread-1] INFO  server.RaftServerConfigKeys (ConfUtils.java:logGet(43)) - raft.server.storage.dir = [/workdir/hadoop-ozone/tools/target/test-dir/MiniOzoneClusterImpl-e6d9f474-e5f5-4f7a-a570-913b705bd7a5/datanode-1/data/ratis] (custom)
2019-09-19 14:41:24,191 [pool-38-thread-1] INFO  storage.RaftStorageDirectory (RaftStorageDirectory.java:analyzeStorage(246)) - The storage directory /workdir/hadoop-ozone/tools/target/test-dir/MiniOzoneClusterImpl-e6d9f474-e5f5-4f7a-a570-913b705bd7a5/datanode-1/data/ratis/fd9d914d-f58a-4509-a776-5a3726734cef does not exist. Creating ...
2019-09-19 14:41:24,198 | INFO  | OMAudit | user=jenkins1000 | ip=127.0.0.1 | op=CREATE_VOLUME {admin=jenkins1000, owner=jenkins1000, volume=vol-0-87938, creationTime=1568904084192, quotaInBytes=1152921504606846976} | ret=SUCCESS |  
2019-09-19 14:41:24,209 | INFO  | OMAudit | user=jenkins1000 | ip=127.0.0.1 | op=READ_VOLUME {volume=vol-0-87938} | ret=SUCCESS |  
2019-09-19 14:41:24,215 [pool-38-thread-1] INFO  storage.RaftStorageDirectory (RaftStorageDirectory.java:tryLock(328)) - Lock on /workdir/hadoop-ozone/tools/target/test-dir/MiniOzoneClusterImpl-e6d9f474-e5f5-4f7a-a570-913b705bd7a5/datanode-1/data/ratis/fd9d914d-f58a-4509-a776-5a3726734cef/in_use.lock acquired by nodename 32150@pr-hdds-1569-rzdr8-3403194166
2019-09-19 14:41:24,222 [pool-56-thread-2] INFO  rpc.RpcClient (RpcClient.java:createBucket(432)) - Creating Bucket: vol-0-87938/bucket-0-04105, with Versioning false and Storage Type set to DISK and Encryption set to false 
2019-09-19 14:41:24,239 | INFO  | OMAudit | user=jenkins1000 | ip=127.0.0.1 | op=CREATE_BUCKET {volume=vol-0-87938, bucket=bucket-0-04105, acls=[user:jenkins1000:a[ACCESS], group:default:a[ACCESS]], isVersionEnabled=false, storageType=DISK, creationTime=0} | ret=SUCCESS |  
2019-09-19 14:41:24,240 [pool-38-thread-1] INFO  storage.RaftStorage (RaftStorage.java:format(72)) - Storage directory /workdir/hadoop-ozone/tools/target/test-dir/MiniOzoneClusterImpl-e6d9f474-e5f5-4f7a-a570-913b705bd7a5/datanode-1/data/ratis/fd9d914d-f58a-4509-a776-5a3726734cef has been successfully formatted.
2019-09-19 14:41:24,241 [pool-38-thread-1] INFO  ratis.ContainerStateMachine (ContainerStateMachine.java:loadSnapshot(226)) - group-5A3726734CEF: The snapshot info is null. Setting the last applied indexto:(t:0, i:~)
2019-09-19 14:41:24,241 [pool-38-thread-1] INFO  server.RaftServerConfigKeys (ConfUtils.java:logGet(43)) - raft.server.leader.election.timeout = 120s (custom)
2019-09-19 14:41:24,241 [pool-38-thread-1] INFO  server.RaftServerConfigKeys (ConfUtils.java:logGet(43)) - raft.server.log.use.memory = false (default)
2019-09-19 14:41:24,241 [pool-38-thread-1] INFO  server.RaftServerConfigKeys (ConfUtils.java:logGet(43)) - raft.server.log.purge.gap = 1000000 (custom)
2019-09-19 14:41:24,241 [pool-38-thread-1] INFO  server.RaftServerConfigKeys (ConfUtils.java:logGet(43)) - raft.server.log.appender.buffer.byte-limit = 33554432 (custom)
2019-09-19 14:41:24,241 [pool-38-thread-1] INFO  server.RaftServerConfigKeys (ConfUtils.java:logGet(43)) - raft.server.log.segment.size.max = 1048576 (custom)
2019-09-19 14:41:24,242 [pool-38-thread-1] INFO  server.RaftServerConfigKeys (ConfUtils.java:logGet(43)) - raft.server.log.segment.cache.num.max = 2 (custom)
2019-09-19 14:41:24,242 [pool-38-thread-1] INFO  segmented.SegmentedRaftLogWorker (SegmentedRaftLogWorker.java:<init>(172)) - new 3ce8bbe8-7e3d-4ed9-84a6-47ae1608dbd8-SegmentedRaftLogWorker:Storage Directory /workdir/hadoop-ozone/tools/target/test-dir/MiniOzoneClusterImpl-e6d9f474-e5f5-4f7a-a570-913b705bd7a5/datanode-1/data/ratis/fd9d914d-f58a-4509-a776-5a3726734cef for RaftStorage:Storage Directory /workdir/hadoop-ozone/tools/target/test-dir/MiniOzoneClusterImpl-e6d9f474-e5f5-4f7a-a570-913b705bd7a5/datanode-1/data/ratis/fd9d914d-f58a-4509-a776-5a3726734cef
2019-09-19 14:41:24,243 [pool-38-thread-1] INFO  server.RaftServerConfigKeys (ConfUtils.java:logGet(43)) - raft.server.log.queue.byte-limit = 2147483647 (custom)
2019-09-19 14:41:24,243 [pool-38-thread-1] INFO  server.RaftServerConfigKeys (ConfUtils.java:logGet(43)) - raft.server.log.queue.element-limit = 1024 (custom)
2019-09-19 14:41:24,243 [pool-38-thread-1] INFO  server.RaftServerConfigKeys (ConfUtils.java:logGet(43)) - raft.server.log.segment.size.max = 1048576 (custom)
2019-09-19 14:41:24,243 [pool-38-thread-1] INFO  server.RaftServerConfigKeys (ConfUtils.java:logGet(43)) - raft.server.log.preallocated.size = 16384 (custom)
2019-09-19 14:41:24,243 [pool-38-thread-1] INFO  server.RaftServerConfigKeys (ConfUtils.java:logGet(43)) - raft.server.log.write.buffer.size = 33554432 (custom)
2019-09-19 14:41:24,243 [pool-38-thread-1] INFO  server.RaftServerConfigKeys (ConfUtils.java:logGet(43)) - raft.server.log.force.sync.num = 128 (default)
2019-09-19 14:41:24,243 [pool-38-thread-1] INFO  server.RaftServerConfigKeys (ConfUtils.java:logGet(43)) - raft.server.log.statemachine.data.sync = true (default)
2019-09-19 14:41:24,244 [pool-38-thread-1] INFO  server.RaftServerConfigKeys (ConfUtils.java:logGet(43)) - raft.server.log.statemachine.data.sync.timeout = 10s (default)
2019-09-19 14:41:24,244 [pool-38-thread-1] INFO  server.RaftServerConfigKeys (ConfUtils.java:logGet(43)) - raft.server.log.statemachine.data.sync.timeout.retry = -1 (default)
2019-09-19 14:41:24,244 [pool-38-thread-1] INFO  server.RaftServerConfigKeys (ConfUtils.java:logGet(43)) - raft.server.log.statemachine.data.caching.enabled = true (custom)
2019-09-19 14:41:24,244 [pool-38-thread-1] INFO  segmented.SegmentedRaftLogWorker (SegmentedRaftLogWorker.java:lambda$new$0(132)) - 3ce8bbe8-7e3d-4ed9-84a6-47ae1608dbd8-SegmentedRaftLogWorker:Storage Directory /workdir/hadoop-ozone/tools/target/test-dir/MiniOzoneClusterImpl-e6d9f474-e5f5-4f7a-a570-913b705bd7a5/datanode-1/data/ratis/fd9d914d-f58a-4509-a776-5a3726734cef: flushIndex: setUnconditionally 0 -> -1
2019-09-19 14:41:24,245 [pool-38-thread-1] INFO  server.RaftServerConfigKeys (ConfUtils.java:logGet(43)) - raft.server.snapshot.auto.trigger.enabled = true (custom)
2019-09-19 14:41:24,245 [pool-38-thread-1] INFO  server.RaftServerConfigKeys (ConfUtils.java:logGet(43)) - raft.server.snapshot.auto.trigger.threshold = 10000 (custom)
2019-09-19 14:41:24,245 | INFO  | OMAudit | user=jenkins1000 | ip=127.0.0.1 | op=READ_BUCKET {volume=vol-0-87938, bucket=bucket-0-04105} | ret=SUCCESS |  
2019-09-19 14:41:24,245 [pool-38-thread-1] INFO  server.RaftServerConfigKeys (ConfUtils.java:logGet(43)) - raft.server.retrycache.expirytime = 600000ms (custom)
2019-09-19 14:41:24,245 [pool-38-thread-1] INFO  impl.RaftServerImpl (RaftServerImpl.java:start(180)) - 3ce8bbe8-7e3d-4ed9-84a6-47ae1608dbd8: start group-5A3726734CEF
2019-09-19 14:41:24,245 [pool-38-thread-1] INFO  impl.RaftServerImpl (RaftServerImpl.java:setRole(171)) - 3ce8bbe8-7e3d-4ed9-84a6-47ae1608dbd8:group-5A3726734CEF changes role from null to FOLLOWER at term 0 for startAsFollower
2019-09-19 14:41:24,245 [pool-38-thread-1] INFO  impl.RoleInfo (RoleInfo.java:updateAndGet(143)) - 3ce8bbe8-7e3d-4ed9-84a6-47ae1608dbd8: start FollowerState
2019-09-19 14:41:24,246 [pool-38-thread-1] INFO  util.JmxRegister (JmxRegister.java:tryRegister(44)) - Successfully registered JMX Bean with object name Ratis:service=RaftServer,group=group-5A3726734CEF,id=3ce8bbe8-7e3d-4ed9-84a6-47ae1608dbd8
2019-09-19 14:41:24,253 [RatisPipelineUtilsThread] INFO  pipeline.PipelineStateManager (PipelineStateManager.java:addPipeline(56)) - Created pipeline Pipeline[ Id: fd9d914d-f58a-4509-a776-5a3726734cef, Nodes: 3ce8bbe8-7e3d-4ed9-84a6-47ae1608dbd8{ip: 192.168.5.132, host: pr-hdds-1569-rzdr8-3403194166, networkLocation: /default-rack, certSerialId: null}, Type:RATIS, Factor:ONE, State:OPEN]
2019-09-19 14:41:24,254 [RatisPipelineUtilsThread] ERROR pipeline.PipelinePlacementPolicy (PipelinePlacementPolicy.java:meetCriteria(91)) - Pipeline Placement: Doesn't meet the criteria to be viable node. Heaviness: 6
2019-09-19 14:41:24,269 [grpc-default-executor-1] INFO  impl.RaftServerProxy (RaftServerProxy.java:addNew(89)) - b886c3c4-1cd6-4bed-9a98-4245f87de067: addNew group-91158ACD1A96:[b886c3c4-1cd6-4bed-9a98-4245f87de067:192.168.5.132:36960] returns group-91158ACD1A96:java.util.concurrent.CompletableFuture@7b9f4a32[Not completed]
2019-09-19 14:41:24,272 [pool-49-thread-1] INFO  impl.RaftServerImpl (RaftServerImpl.java:<init>(93)) - b886c3c4-1cd6-4bed-9a98-4245f87de067: new RaftServerImpl for group-91158ACD1A96:[b886c3c4-1cd6-4bed-9a98-4245f87de067:192.168.5.132:36960] with ContainerStateMachine:uninitialized
2019-09-19 14:41:24,272 [pool-49-thread-1] INFO  server.RaftServerConfigKeys (ConfUtils.java:logGet(43)) - raft.server.rpc.timeout.min = 5s (custom)
2019-09-19 14:41:24,272 [pool-49-thread-1] INFO  server.RaftServerConfigKeys (ConfUtils.java:logGet(43)) - raft.server.rpc.timeout.max = 5200ms (custom)
2019-09-19 14:41:24,272 [pool-49-thread-1] INFO  server.RaftServerConfigKeys (ConfUtils.java:logGet(43)) - raft.server.rpcslowness.timeout = 120s (custom)
2019-09-19 14:41:24,272 [pool-49-thread-1] INFO  server.RaftServerConfigKeys (ConfUtils.java:logGet(43)) - raft.server.sleep.deviation.threshold = 300 (default)
2019-09-19 14:41:24,272 [pool-49-thread-1] INFO  server.RaftServerConfigKeys (ConfUtils.java:logGet(43)) - raft.server.log.appender.install.snapshot.enabled = false (custom)
2019-09-19 14:41:24,273 [pool-49-thread-1] INFO  impl.RaftServerImpl (ServerState.java:<init>(105)) - b886c3c4-1cd6-4bed-9a98-4245f87de067:group-91158ACD1A96 ConfigurationManager, init=-1: [b886c3c4-1cd6-4bed-9a98-4245f87de067:192.168.5.132:36960], old=null, confs=<EMPTY_MAP>
2019-09-19 14:41:24,273 [pool-49-thread-1] INFO  server.RaftServerConfigKeys (ConfUtils.java:logGet(43)) - raft.server.storage.dir = [/workdir/hadoop-ozone/tools/target/test-dir/MiniOzoneClusterImpl-e6d9f474-e5f5-4f7a-a570-913b705bd7a5/datanode-2/data/ratis] (custom)
2019-09-19 14:41:24,273 [pool-49-thread-1] INFO  storage.RaftStorageDirectory (RaftStorageDirectory.java:analyzeStorage(246)) - The storage directory /workdir/hadoop-ozone/tools/target/test-dir/MiniOzoneClusterImpl-e6d9f474-e5f5-4f7a-a570-913b705bd7a5/datanode-2/data/ratis/ae0af961-0dc0-47c8-b9c6-91158acd1a96 does not exist. Creating ...
2019-09-19 14:41:24,299 [pool-49-thread-1] INFO  storage.RaftStorageDirectory (RaftStorageDirectory.java:tryLock(328)) - Lock on /workdir/hadoop-ozone/tools/target/test-dir/MiniOzoneClusterImpl-e6d9f474-e5f5-4f7a-a570-913b705bd7a5/datanode-2/data/ratis/ae0af961-0dc0-47c8-b9c6-91158acd1a96/in_use.lock acquired by nodename 32150@pr-hdds-1569-rzdr8-3403194166
2019-09-19 14:41:24,325 [pool-49-thread-1] INFO  storage.RaftStorage (RaftStorage.java:format(72)) - Storage directory /workdir/hadoop-ozone/tools/target/test-dir/MiniOzoneClusterImpl-e6d9f474-e5f5-4f7a-a570-913b705bd7a5/datanode-2/data/ratis/ae0af961-0dc0-47c8-b9c6-91158acd1a96 has been successfully formatted.
2019-09-19 14:41:24,325 [pool-49-thread-1] INFO  ratis.ContainerStateMachine (ContainerStateMachine.java:loadSnapshot(226)) - group-91158ACD1A96: The snapshot info is null. Setting the last applied indexto:(t:0, i:~)
2019-09-19 14:41:24,325 [pool-49-thread-1] INFO  server.RaftServerConfigKeys (ConfUtils.java:logGet(43)) - raft.server.leader.election.timeout = 120s (custom)
2019-09-19 14:41:24,325 [pool-49-thread-1] INFO  server.RaftServerConfigKeys (ConfUtils.java:logGet(43)) - raft.server.log.use.memory = false (default)
2019-09-19 14:41:24,325 [pool-49-thread-1] INFO  server.RaftServerConfigKeys (ConfUtils.java:logGet(43)) - raft.server.log.purge.gap = 1000000 (custom)
2019-09-19 14:41:24,326 [pool-49-thread-1] INFO  server.RaftServerConfigKeys (ConfUtils.java:logGet(43)) - raft.server.log.appender.buffer.byte-limit = 33554432 (custom)
2019-09-19 14:41:24,326 [pool-49-thread-1] INFO  server.RaftServerConfigKeys (ConfUtils.java:logGet(43)) - raft.server.log.segment.size.max = 1048576 (custom)
2019-09-19 14:41:24,326 [pool-49-thread-1] INFO  server.RaftServerConfigKeys (ConfUtils.java:logGet(43)) - raft.server.log.segment.cache.num.max = 2 (custom)
2019-09-19 14:41:24,326 [pool-49-thread-1] INFO  segmented.SegmentedRaftLogWorker (SegmentedRaftLogWorker.java:<init>(172)) - new b886c3c4-1cd6-4bed-9a98-4245f87de067-SegmentedRaftLogWorker:Storage Directory /workdir/hadoop-ozone/tools/target/test-dir/MiniOzoneClusterImpl-e6d9f474-e5f5-4f7a-a570-913b705bd7a5/datanode-2/data/ratis/ae0af961-0dc0-47c8-b9c6-91158acd1a96 for RaftStorage:Storage Directory /workdir/hadoop-ozone/tools/target/test-dir/MiniOzoneClusterImpl-e6d9f474-e5f5-4f7a-a570-913b705bd7a5/datanode-2/data/ratis/ae0af961-0dc0-47c8-b9c6-91158acd1a96
2019-09-19 14:41:24,326 [pool-49-thread-1] INFO  server.RaftServerConfigKeys (ConfUtils.java:logGet(43)) - raft.server.log.queue.byte-limit = 2147483647 (custom)
2019-09-19 14:41:24,326 [pool-49-thread-1] INFO  server.RaftServerConfigKeys (ConfUtils.java:logGet(43)) - raft.server.log.queue.element-limit = 1024 (custom)
2019-09-19 14:41:24,327 [pool-49-thread-1] INFO  server.RaftServerConfigKeys (ConfUtils.java:logGet(43)) - raft.server.log.segment.size.max = 1048576 (custom)
2019-09-19 14:41:24,327 [pool-49-thread-1] INFO  server.RaftServerConfigKeys (ConfUtils.java:logGet(43)) - raft.server.log.preallocated.size = 16384 (custom)
2019-09-19 14:41:24,327 [pool-49-thread-1] INFO  server.RaftServerConfigKeys (ConfUtils.java:logGet(43)) - raft.server.log.write.buffer.size = 33554432 (custom)
2019-09-19 14:41:24,327 [pool-49-thread-1] INFO  server.RaftServerConfigKeys (ConfUtils.java:logGet(43)) - raft.server.log.force.sync.num = 128 (default)
2019-09-19 14:41:24,327 [pool-49-thread-1] INFO  server.RaftServerConfigKeys (ConfUtils.java:logGet(43)) - raft.server.log.statemachine.data.sync = true (default)
2019-09-19 14:41:24,327 [pool-49-thread-1] INFO  server.RaftServerConfigKeys (ConfUtils.java:logGet(43)) - raft.server.log.statemachine.data.sync.timeout = 10s (default)
2019-09-19 14:41:24,327 [pool-49-thread-1] INFO  server.RaftServerConfigKeys (ConfUtils.java:logGet(43)) - raft.server.log.statemachine.data.sync.timeout.retry = -1 (default)
2019-09-19 14:41:24,328 [pool-49-thread-1] INFO  server.RaftServerConfigKeys (ConfUtils.java:logGet(43)) - raft.server.log.statemachine.data.caching.enabled = true (custom)
2019-09-19 14:41:24,328 [pool-49-thread-1] INFO  segmented.SegmentedRaftLogWorker (SegmentedRaftLogWorker.java:lambda$new$0(132)) - b886c3c4-1cd6-4bed-9a98-4245f87de067-SegmentedRaftLogWorker:Storage Directory /workdir/hadoop-ozone/tools/target/test-dir/MiniOzoneClusterImpl-e6d9f474-e5f5-4f7a-a570-913b705bd7a5/datanode-2/data/ratis/ae0af961-0dc0-47c8-b9c6-91158acd1a96: flushIndex: setUnconditionally 0 -> -1
2019-09-19 14:41:24,328 [pool-49-thread-1] INFO  server.RaftServerConfigKeys (ConfUtils.java:logGet(43)) - raft.server.snapshot.auto.trigger.enabled = true (custom)
2019-09-19 14:41:24,328 [pool-49-thread-1] INFO  server.RaftServerConfigKeys (ConfUtils.java:logGet(43)) - raft.server.snapshot.auto.trigger.threshold = 10000 (custom)
2019-09-19 14:41:24,329 [pool-49-thread-1] INFO  server.RaftServerConfigKeys (ConfUtils.java:logGet(43)) - raft.server.retrycache.expirytime = 600000ms (custom)
2019-09-19 14:41:24,329 [pool-49-thread-1] INFO  impl.RaftServerImpl (RaftServerImpl.java:start(180)) - b886c3c4-1cd6-4bed-9a98-4245f87de067: start group-91158ACD1A96
2019-09-19 14:41:24,329 [pool-49-thread-1] INFO  impl.RaftServerImpl (RaftServerImpl.java:setRole(171)) - b886c3c4-1cd6-4bed-9a98-4245f87de067:group-91158ACD1A96 changes role from null to FOLLOWER at term 0 for startAsFollower
2019-09-19 14:41:24,329 [pool-49-thread-1] INFO  impl.RoleInfo (RoleInfo.java:updateAndGet(143)) - b886c3c4-1cd6-4bed-9a98-4245f87de067: start FollowerState
2019-09-19 14:41:24,330 [pool-49-thread-1] INFO  util.JmxRegister (JmxRegister.java:tryRegister(44)) - Successfully registered JMX Bean with object name Ratis:service=RaftServer,group=group-91158ACD1A96,id=b886c3c4-1cd6-4bed-9a98-4245f87de067
2019-09-19 14:41:24,338 [RatisPipelineUtilsThread] INFO  pipeline.PipelineStateManager (PipelineStateManager.java:addPipeline(56)) - Created pipeline Pipeline[ Id: ae0af961-0dc0-47c8-b9c6-91158acd1a96, Nodes: b886c3c4-1cd6-4bed-9a98-4245f87de067{ip: 192.168.5.132, host: pr-hdds-1569-rzdr8-3403194166, networkLocation: /default-rack, certSerialId: null}, Type:RATIS, Factor:ONE, State:OPEN]
2019-09-19 14:41:24,340 [RatisPipelineUtilsThread] ERROR pipeline.PipelinePlacementPolicy (PipelinePlacementPolicy.java:meetCriteria(91)) - Pipeline Placement: Doesn't meet the criteria to be viable node. Heaviness: 6
2019-09-19 14:41:24,351 [grpc-default-executor-1] INFO  impl.RaftServerProxy (RaftServerProxy.java:addNew(89)) - d033faf8-504f-4a64-afa7-ddf7ce9deedd: addNew group-D43A83811482:[d033faf8-504f-4a64-afa7-ddf7ce9deedd:192.168.5.132:44341] returns group-D43A83811482:java.util.concurrent.CompletableFuture@175ba2a4[Not completed]
2019-09-19 14:41:24,353 [pool-27-thread-1] INFO  impl.RaftServerImpl (RaftServerImpl.java:<init>(93)) - d033faf8-504f-4a64-afa7-ddf7ce9deedd: new RaftServerImpl for group-D43A83811482:[d033faf8-504f-4a64-afa7-ddf7ce9deedd:192.168.5.132:44341] with ContainerStateMachine:uninitialized
2019-09-19 14:41:24,353 [pool-27-thread-1] INFO  server.RaftServerConfigKeys (ConfUtils.java:logGet(43)) - raft.server.rpc.timeout.min = 5s (custom)
2019-09-19 14:41:24,353 [pool-27-thread-1] INFO  server.RaftServerConfigKeys (ConfUtils.java:logGet(43)) - raft.server.rpc.timeout.max = 5200ms (custom)
2019-09-19 14:41:24,353 [pool-27-thread-1] INFO  server.RaftServerConfigKeys (ConfUtils.java:logGet(43)) - raft.server.rpcslowness.timeout = 120s (custom)
2019-09-19 14:41:24,353 [pool-27-thread-1] INFO  server.RaftServerConfigKeys (ConfUtils.java:logGet(43)) - raft.server.sleep.deviation.threshold = 300 (default)
2019-09-19 14:41:24,353 [pool-27-thread-1] INFO  server.RaftServerConfigKeys (ConfUtils.java:logGet(43)) - raft.server.log.appender.install.snapshot.enabled = false (custom)
2019-09-19 14:41:24,354 [pool-27-thread-1] INFO  impl.RaftServerImpl (ServerState.java:<init>(105)) - d033faf8-504f-4a64-afa7-ddf7ce9deedd:group-D43A83811482 ConfigurationManager, init=-1: [d033faf8-504f-4a64-afa7-ddf7ce9deedd:192.168.5.132:44341], old=null, confs=<EMPTY_MAP>
2019-09-19 14:41:24,354 [pool-27-thread-1] INFO  server.RaftServerConfigKeys (ConfUtils.java:logGet(43)) - raft.server.storage.dir = [/workdir/hadoop-ozone/tools/target/test-dir/MiniOzoneClusterImpl-e6d9f474-e5f5-4f7a-a570-913b705bd7a5/datanode-0/data/ratis] (custom)
2019-09-19 14:41:24,354 [pool-27-thread-1] INFO  storage.RaftStorageDirectory (RaftStorageDirectory.java:analyzeStorage(246)) - The storage directory /workdir/hadoop-ozone/tools/target/test-dir/MiniOzoneClusterImpl-e6d9f474-e5f5-4f7a-a570-913b705bd7a5/datanode-0/data/ratis/9f1cfab1-e34e-4b22-9a2b-d43a83811482 does not exist. Creating ...
2019-09-19 14:41:24,383 [pool-27-thread-1] INFO  storage.RaftStorageDirectory (RaftStorageDirectory.java:tryLock(328)) - Lock on /workdir/hadoop-ozone/tools/target/test-dir/MiniOzoneClusterImpl-e6d9f474-e5f5-4f7a-a570-913b705bd7a5/datanode-0/data/ratis/9f1cfab1-e34e-4b22-9a2b-d43a83811482/in_use.lock acquired by nodename 32150@pr-hdds-1569-rzdr8-3403194166
2019-09-19 14:41:24,409 [pool-27-thread-1] INFO  storage.RaftStorage (RaftStorage.java:format(72)) - Storage directory /workdir/hadoop-ozone/tools/target/test-dir/MiniOzoneClusterImpl-e6d9f474-e5f5-4f7a-a570-913b705bd7a5/datanode-0/data/ratis/9f1cfab1-e34e-4b22-9a2b-d43a83811482 has been successfully formatted.
2019-09-19 14:41:24,409 [pool-27-thread-1] INFO  ratis.ContainerStateMachine (ContainerStateMachine.java:loadSnapshot(226)) - group-D43A83811482: The snapshot info is null. Setting the last applied indexto:(t:0, i:~)
2019-09-19 14:41:24,409 [pool-27-thread-1] INFO  server.RaftServerConfigKeys (ConfUtils.java:logGet(43)) - raft.server.leader.election.timeout = 120s (custom)
2019-09-19 14:41:24,410 [pool-27-thread-1] INFO  server.RaftServerConfigKeys (ConfUtils.java:logGet(43)) - raft.server.log.use.memory = false (default)
2019-09-19 14:41:24,410 [pool-27-thread-1] INFO  server.RaftServerConfigKeys (ConfUtils.java:logGet(43)) - raft.server.log.purge.gap = 1000000 (custom)
2019-09-19 14:41:24,410 [pool-27-thread-1] INFO  server.RaftServerConfigKeys (ConfUtils.java:logGet(43)) - raft.server.log.appender.buffer.byte-limit = 33554432 (custom)
2019-09-19 14:41:24,410 [pool-27-thread-1] INFO  server.RaftServerConfigKeys (ConfUtils.java:logGet(43)) - raft.server.log.segment.size.max = 1048576 (custom)
2019-09-19 14:41:24,410 [pool-27-thread-1] INFO  server.RaftServerConfigKeys (ConfUtils.java:logGet(43)) - raft.server.log.segment.cache.num.max = 2 (custom)
2019-09-19 14:41:24,411 [pool-27-thread-1] INFO  segmented.SegmentedRaftLogWorker (SegmentedRaftLogWorker.java:<init>(172)) - new d033faf8-504f-4a64-afa7-ddf7ce9deedd-SegmentedRaftLogWorker:Storage Directory /workdir/hadoop-ozone/tools/target/test-dir/MiniOzoneClusterImpl-e6d9f474-e5f5-4f7a-a570-913b705bd7a5/datanode-0/data/ratis/9f1cfab1-e34e-4b22-9a2b-d43a83811482 for RaftStorage:Storage Directory /workdir/hadoop-ozone/tools/target/test-dir/MiniOzoneClusterImpl-e6d9f474-e5f5-4f7a-a570-913b705bd7a5/datanode-0/data/ratis/9f1cfab1-e34e-4b22-9a2b-d43a83811482
2019-09-19 14:41:24,411 [pool-27-thread-1] INFO  server.RaftServerConfigKeys (ConfUtils.java:logGet(43)) - raft.server.log.queue.byte-limit = 2147483647 (custom)
2019-09-19 14:41:24,411 [pool-27-thread-1] INFO  server.RaftServerConfigKeys (ConfUtils.java:logGet(43)) - raft.server.log.queue.element-limit = 1024 (custom)
2019-09-19 14:41:24,411 [pool-27-thread-1] INFO  server.RaftServerConfigKeys (ConfUtils.java:logGet(43)) - raft.server.log.segment.size.max = 1048576 (custom)
2019-09-19 14:41:24,411 [pool-27-thread-1] INFO  server.RaftServerConfigKeys (ConfUtils.java:logGet(43)) - raft.server.log.preallocated.size = 16384 (custom)
2019-09-19 14:41:24,412 [pool-27-thread-1] INFO  server.RaftServerConfigKeys (ConfUtils.java:logGet(43)) - raft.server.log.write.buffer.size = 33554432 (custom)
2019-09-19 14:41:24,412 [pool-27-thread-1] INFO  server.RaftServerConfigKeys (ConfUtils.java:logGet(43)) - raft.server.log.force.sync.num = 128 (default)
2019-09-19 14:41:24,412 [pool-27-thread-1] INFO  server.RaftServerConfigKeys (ConfUtils.java:logGet(43)) - raft.server.log.statemachine.data.sync = true (default)
2019-09-19 14:41:24,412 [pool-27-thread-1] INFO  server.RaftServerConfigKeys (ConfUtils.java:logGet(43)) - raft.server.log.statemachine.data.sync.timeout = 10s (default)
2019-09-19 14:41:24,413 [pool-27-thread-1] INFO  server.RaftServerConfigKeys (ConfUtils.java:logGet(43)) - raft.server.log.statemachine.data.sync.timeout.retry = -1 (default)
2019-09-19 14:41:24,413 [pool-27-thread-1] INFO  server.RaftServerConfigKeys (ConfUtils.java:logGet(43)) - raft.server.log.statemachine.data.caching.enabled = true (custom)
2019-09-19 14:41:24,413 [pool-27-thread-1] INFO  segmented.SegmentedRaftLogWorker (SegmentedRaftLogWorker.java:lambda$new$0(132)) - d033faf8-504f-4a64-afa7-ddf7ce9deedd-SegmentedRaftLogWorker:Storage Directory /workdir/hadoop-ozone/tools/target/test-dir/MiniOzoneClusterImpl-e6d9f474-e5f5-4f7a-a570-913b705bd7a5/datanode-0/data/ratis/9f1cfab1-e34e-4b22-9a2b-d43a83811482: flushIndex: setUnconditionally 0 -> -1
2019-09-19 14:41:24,414 [pool-27-thread-1] INFO  server.RaftServerConfigKeys (ConfUtils.java:logGet(43)) - raft.server.snapshot.auto.trigger.enabled = true (custom)
2019-09-19 14:41:24,414 [pool-27-thread-1] INFO  server.RaftServerConfigKeys (ConfUtils.java:logGet(43)) - raft.server.snapshot.auto.trigger.threshold = 10000 (custom)
2019-09-19 14:41:24,414 [pool-27-thread-1] INFO  server.RaftServerConfigKeys (ConfUtils.java:logGet(43)) - raft.server.retrycache.expirytime = 600000ms (custom)
2019-09-19 14:41:24,414 [pool-27-thread-1] INFO  impl.RaftServerImpl (RaftServerImpl.java:start(180)) - d033faf8-504f-4a64-afa7-ddf7ce9deedd: start group-D43A83811482
2019-09-19 14:41:24,415 [pool-27-thread-1] INFO  impl.RaftServerImpl (RaftServerImpl.java:setRole(171)) - d033faf8-504f-4a64-afa7-ddf7ce9deedd:group-D43A83811482 changes role from null to FOLLOWER at term 0 for startAsFollower
2019-09-19 14:41:24,415 [pool-27-thread-1] INFO  impl.RoleInfo (RoleInfo.java:updateAndGet(143)) - d033faf8-504f-4a64-afa7-ddf7ce9deedd: start FollowerState
2019-09-19 14:41:24,415 [pool-27-thread-1] INFO  util.JmxRegister (JmxRegister.java:tryRegister(44)) - Successfully registered JMX Bean with object name Ratis:service=RaftServer,group=group-D43A83811482,id=d033faf8-504f-4a64-afa7-ddf7ce9deedd
2019-09-19 14:41:24,425 [RatisPipelineUtilsThread] INFO  pipeline.PipelineStateManager (PipelineStateManager.java:addPipeline(56)) - Created pipeline Pipeline[ Id: 9f1cfab1-e34e-4b22-9a2b-d43a83811482, Nodes: d033faf8-504f-4a64-afa7-ddf7ce9deedd{ip: 192.168.5.132, host: pr-hdds-1569-rzdr8-3403194166, networkLocation: /default-rack, certSerialId: null}, Type:RATIS, Factor:ONE, State:OPEN]
2019-09-19 14:41:24,428 [RatisPipelineUtilsThread] ERROR pipeline.PipelinePlacementPolicy (PipelinePlacementPolicy.java:meetCriteria(91)) - Pipeline Placement: Doesn't meet the criteria to be viable node. Heaviness: 6
2019-09-19 14:41:24,438 | INFO  | SCMAudit | user=jenkins1000 | ip=192.168.5.132 | op=SEND_HEARTBEAT {datanodeUUID=3ce8bbe8-7e3d-4ed9-84a6-47ae1608dbd8, command=[]} | ret=SUCCESS |  
2019-09-19 14:41:24,442 [grpc-default-executor-1] INFO  impl.RaftServerProxy (RaftServerProxy.java:addNew(89)) - d033faf8-504f-4a64-afa7-ddf7ce9deedd: addNew group-FC763B4A2985:[d033faf8-504f-4a64-afa7-ddf7ce9deedd:192.168.5.132:44341] returns group-FC763B4A2985:java.util.concurrent.CompletableFuture@8ceb6b9[Not completed]
2019-09-19 14:41:24,444 [pool-27-thread-1] INFO  impl.RaftServerImpl (RaftServerImpl.java:<init>(93)) - d033faf8-504f-4a64-afa7-ddf7ce9deedd: new RaftServerImpl for group-FC763B4A2985:[d033faf8-504f-4a64-afa7-ddf7ce9deedd:192.168.5.132:44341] with ContainerStateMachine:uninitialized
2019-09-19 14:41:24,444 [pool-27-thread-1] INFO  server.RaftServerConfigKeys (ConfUtils.java:logGet(43)) - raft.server.rpc.timeout.min = 5s (custom)
2019-09-19 14:41:24,444 [pool-27-thread-1] INFO  server.RaftServerConfigKeys (ConfUtils.java:logGet(43)) - raft.server.rpc.timeout.max = 5200ms (custom)
2019-09-19 14:41:24,445 [pool-27-thread-1] INFO  server.RaftServerConfigKeys (ConfUtils.java:logGet(43)) - raft.server.rpcslowness.timeout = 120s (custom)
2019-09-19 14:41:24,445 [pool-27-thread-1] INFO  server.RaftServerConfigKeys (ConfUtils.java:logGet(43)) - raft.server.sleep.deviation.threshold = 300 (default)
2019-09-19 14:41:24,445 [pool-27-thread-1] INFO  server.RaftServerConfigKeys (ConfUtils.java:logGet(43)) - raft.server.log.appender.install.snapshot.enabled = false (custom)
2019-09-19 14:41:24,445 [pool-27-thread-1] INFO  impl.RaftServerImpl (ServerState.java:<init>(105)) - d033faf8-504f-4a64-afa7-ddf7ce9deedd:group-FC763B4A2985 ConfigurationManager, init=-1: [d033faf8-504f-4a64-afa7-ddf7ce9deedd:192.168.5.132:44341], old=null, confs=<EMPTY_MAP>
2019-09-19 14:41:24,445 [pool-27-thread-1] INFO  server.RaftServerConfigKeys (ConfUtils.java:logGet(43)) - raft.server.storage.dir = [/workdir/hadoop-ozone/tools/target/test-dir/MiniOzoneClusterImpl-e6d9f474-e5f5-4f7a-a570-913b705bd7a5/datanode-0/data/ratis] (custom)
2019-09-19 14:41:24,446 [pool-27-thread-1] INFO  storage.RaftStorageDirectory (RaftStorageDirectory.java:analyzeStorage(246)) - The storage directory /workdir/hadoop-ozone/tools/target/test-dir/MiniOzoneClusterImpl-e6d9f474-e5f5-4f7a-a570-913b705bd7a5/datanode-0/data/ratis/b0d6355b-a4e8-4194-a7a3-fc763b4a2985 does not exist. Creating ...
2019-09-19 14:41:24,469 [pool-27-thread-1] INFO  storage.RaftStorageDirectory (RaftStorageDirectory.java:tryLock(328)) - Lock on /workdir/hadoop-ozone/tools/target/test-dir/MiniOzoneClusterImpl-e6d9f474-e5f5-4f7a-a570-913b705bd7a5/datanode-0/data/ratis/b0d6355b-a4e8-4194-a7a3-fc763b4a2985/in_use.lock acquired by nodename 32150@pr-hdds-1569-rzdr8-3403194166
2019-09-19 14:41:24,493 [pool-27-thread-1] INFO  storage.RaftStorage (RaftStorage.java:format(72)) - Storage directory /workdir/hadoop-ozone/tools/target/test-dir/MiniOzoneClusterImpl-e6d9f474-e5f5-4f7a-a570-913b705bd7a5/datanode-0/data/ratis/b0d6355b-a4e8-4194-a7a3-fc763b4a2985 has been successfully formatted.
2019-09-19 14:41:24,493 [pool-27-thread-1] INFO  ratis.ContainerStateMachine (ContainerStateMachine.java:loadSnapshot(226)) - group-FC763B4A2985: The snapshot info is null. Setting the last applied indexto:(t:0, i:~)
2019-09-19 14:41:24,493 [pool-27-thread-1] INFO  server.RaftServerConfigKeys (ConfUtils.java:logGet(43)) - raft.server.leader.election.timeout = 120s (custom)
2019-09-19 14:41:24,493 [pool-27-thread-1] INFO  server.RaftServerConfigKeys (ConfUtils.java:logGet(43)) - raft.server.log.use.memory = false (default)
2019-09-19 14:41:24,494 [pool-27-thread-1] INFO  server.RaftServerConfigKeys (ConfUtils.java:logGet(43)) - raft.server.log.purge.gap = 1000000 (custom)
2019-09-19 14:41:24,494 [pool-27-thread-1] INFO  server.RaftServerConfigKeys (ConfUtils.java:logGet(43)) - raft.server.log.appender.buffer.byte-limit = 33554432 (custom)
2019-09-19 14:41:24,494 [pool-27-thread-1] INFO  server.RaftServerConfigKeys (ConfUtils.java:logGet(43)) - raft.server.log.segment.size.max = 1048576 (custom)
2019-09-19 14:41:24,494 [pool-27-thread-1] INFO  server.RaftServerConfigKeys (ConfUtils.java:logGet(43)) - raft.server.log.segment.cache.num.max = 2 (custom)
2019-09-19 14:41:24,494 [pool-27-thread-1] INFO  segmented.SegmentedRaftLogWorker (SegmentedRaftLogWorker.java:<init>(172)) - new d033faf8-504f-4a64-afa7-ddf7ce9deedd-SegmentedRaftLogWorker:Storage Directory /workdir/hadoop-ozone/tools/target/test-dir/MiniOzoneClusterImpl-e6d9f474-e5f5-4f7a-a570-913b705bd7a5/datanode-0/data/ratis/b0d6355b-a4e8-4194-a7a3-fc763b4a2985 for RaftStorage:Storage Directory /workdir/hadoop-ozone/tools/target/test-dir/MiniOzoneClusterImpl-e6d9f474-e5f5-4f7a-a570-913b705bd7a5/datanode-0/data/ratis/b0d6355b-a4e8-4194-a7a3-fc763b4a2985
2019-09-19 14:41:24,494 [pool-27-thread-1] INFO  server.RaftServerConfigKeys (ConfUtils.java:logGet(43)) - raft.server.log.queue.byte-limit = 2147483647 (custom)
2019-09-19 14:41:24,495 [pool-27-thread-1] INFO  server.RaftServerConfigKeys (ConfUtils.java:logGet(43)) - raft.server.log.queue.element-limit = 1024 (custom)
2019-09-19 14:41:24,495 [pool-27-thread-1] INFO  server.RaftServerConfigKeys (ConfUtils.java:logGet(43)) - raft.server.log.segment.size.max = 1048576 (custom)
2019-09-19 14:41:24,495 [pool-27-thread-1] INFO  server.RaftServerConfigKeys (ConfUtils.java:logGet(43)) - raft.server.log.preallocated.size = 16384 (custom)
2019-09-19 14:41:24,495 [pool-27-thread-1] INFO  server.RaftServerConfigKeys (ConfUtils.java:logGet(43)) - raft.server.log.write.buffer.size = 33554432 (custom)
2019-09-19 14:41:24,495 [pool-27-thread-1] INFO  server.RaftServerConfigKeys (ConfUtils.java:logGet(43)) - raft.server.log.force.sync.num = 128 (default)
2019-09-19 14:41:24,495 [pool-27-thread-1] INFO  server.RaftServerConfigKeys (ConfUtils.java:logGet(43)) - raft.server.log.statemachine.data.sync = true (default)
2019-09-19 14:41:24,496 [pool-27-thread-1] INFO  server.RaftServerConfigKeys (ConfUtils.java:logGet(43)) - raft.server.log.statemachine.data.sync.timeout = 10s (default)
2019-09-19 14:41:24,496 [pool-27-thread-1] INFO  server.RaftServerConfigKeys (ConfUtils.java:logGet(43)) - raft.server.log.statemachine.data.sync.timeout.retry = -1 (default)
2019-09-19 14:41:24,496 [pool-27-thread-1] INFO  server.RaftServerConfigKeys (ConfUtils.java:logGet(43)) - raft.server.log.statemachine.data.caching.enabled = true (custom)
2019-09-19 14:41:24,496 [pool-27-thread-1] INFO  segmented.SegmentedRaftLogWorker (SegmentedRaftLogWorker.java:lambda$new$0(132)) - d033faf8-504f-4a64-afa7-ddf7ce9deedd-SegmentedRaftLogWorker:Storage Directory /workdir/hadoop-ozone/tools/target/test-dir/MiniOzoneClusterImpl-e6d9f474-e5f5-4f7a-a570-913b705bd7a5/datanode-0/data/ratis/b0d6355b-a4e8-4194-a7a3-fc763b4a2985: flushIndex: setUnconditionally 0 -> -1
2019-09-19 14:41:24,497 [pool-27-thread-1] INFO  server.RaftServerConfigKeys (ConfUtils.java:logGet(43)) - raft.server.snapshot.auto.trigger.enabled = true (custom)
2019-09-19 14:41:24,497 [pool-27-thread-1] INFO  server.RaftServerConfigKeys (ConfUtils.java:logGet(43)) - raft.server.snapshot.auto.trigger.threshold = 10000 (custom)
2019-09-19 14:41:24,497 [pool-27-thread-1] INFO  server.RaftServerConfigKeys (ConfUtils.java:logGet(43)) - raft.server.retrycache.expirytime = 600000ms (custom)
2019-09-19 14:41:24,497 [pool-27-thread-1] INFO  impl.RaftServerImpl (RaftServerImpl.java:start(180)) - d033faf8-504f-4a64-afa7-ddf7ce9deedd: start group-FC763B4A2985
2019-09-19 14:41:24,497 [pool-27-thread-1] INFO  impl.RaftServerImpl (RaftServerImpl.java:setRole(171)) - d033faf8-504f-4a64-afa7-ddf7ce9deedd:group-FC763B4A2985 changes role from null to FOLLOWER at term 0 for startAsFollower
2019-09-19 14:41:24,498 [pool-27-thread-1] INFO  impl.RoleInfo (RoleInfo.java:updateAndGet(143)) - d033faf8-504f-4a64-afa7-ddf7ce9deedd: start FollowerState
2019-09-19 14:41:24,498 [pool-27-thread-1] INFO  util.JmxRegister (JmxRegister.java:tryRegister(44)) - Successfully registered JMX Bean with object name Ratis:service=RaftServer,group=group-FC763B4A2985,id=d033faf8-504f-4a64-afa7-ddf7ce9deedd
2019-09-19 14:41:24,504 [RatisPipelineUtilsThread] INFO  pipeline.PipelineStateManager (PipelineStateManager.java:addPipeline(56)) - Created pipeline Pipeline[ Id: b0d6355b-a4e8-4194-a7a3-fc763b4a2985, Nodes: d033faf8-504f-4a64-afa7-ddf7ce9deedd{ip: 192.168.5.132, host: pr-hdds-1569-rzdr8-3403194166, networkLocation: /default-rack, certSerialId: null}, Type:RATIS, Factor:ONE, State:OPEN]
2019-09-19 14:41:24,505 [RatisPipelineUtilsThread] ERROR pipeline.PipelinePlacementPolicy (PipelinePlacementPolicy.java:meetCriteria(91)) - Pipeline Placement: Doesn't meet the criteria to be viable node. Heaviness: 6
2019-09-19 14:41:24,506 [RatisPipelineUtilsThread] ERROR pipeline.PipelinePlacementPolicy (PipelinePlacementPolicy.java:meetCriteria(91)) - Pipeline Placement: Doesn't meet the criteria to be viable node. Heaviness: 6
2019-09-19 14:41:24,519 [grpc-default-executor-1] INFO  impl.RaftServerProxy (RaftServerProxy.java:addNew(89)) - b886c3c4-1cd6-4bed-9a98-4245f87de067: addNew group-3203A1BFFF92:[b886c3c4-1cd6-4bed-9a98-4245f87de067:192.168.5.132:36960] returns group-3203A1BFFF92:java.util.concurrent.CompletableFuture@661d4b4d[Not completed]
2019-09-19 14:41:24,520 [pool-49-thread-1] INFO  impl.RaftServerImpl (RaftServerImpl.java:<init>(93)) - b886c3c4-1cd6-4bed-9a98-4245f87de067: new RaftServerImpl for group-3203A1BFFF92:[b886c3c4-1cd6-4bed-9a98-4245f87de067:192.168.5.132:36960] with ContainerStateMachine:uninitialized
2019-09-19 14:41:24,521 [pool-49-thread-1] INFO  server.RaftServerConfigKeys (ConfUtils.java:logGet(43)) - raft.server.rpc.timeout.min = 5s (custom)
2019-09-19 14:41:24,521 [pool-49-thread-1] INFO  server.RaftServerConfigKeys (ConfUtils.java:logGet(43)) - raft.server.rpc.timeout.max = 5200ms (custom)
2019-09-19 14:41:24,521 [pool-49-thread-1] INFO  server.RaftServerConfigKeys (ConfUtils.java:logGet(43)) - raft.server.rpcslowness.timeout = 120s (custom)
2019-09-19 14:41:24,521 [pool-49-thread-1] INFO  server.RaftServerConfigKeys (ConfUtils.java:logGet(43)) - raft.server.sleep.deviation.threshold = 300 (default)
2019-09-19 14:41:24,521 [pool-49-thread-1] INFO  server.RaftServerConfigKeys (ConfUtils.java:logGet(43)) - raft.server.log.appender.install.snapshot.enabled = false (custom)
2019-09-19 14:41:24,521 [pool-49-thread-1] INFO  impl.RaftServerImpl (ServerState.java:<init>(105)) - b886c3c4-1cd6-4bed-9a98-4245f87de067:group-3203A1BFFF92 ConfigurationManager, init=-1: [b886c3c4-1cd6-4bed-9a98-4245f87de067:192.168.5.132:36960], old=null, confs=<EMPTY_MAP>
2019-09-19 14:41:24,521 [pool-49-thread-1] INFO  server.RaftServerConfigKeys (ConfUtils.java:logGet(43)) - raft.server.storage.dir = [/workdir/hadoop-ozone/tools/target/test-dir/MiniOzoneClusterImpl-e6d9f474-e5f5-4f7a-a570-913b705bd7a5/datanode-2/data/ratis] (custom)
2019-09-19 14:41:24,522 [pool-49-thread-1] INFO  storage.RaftStorageDirectory (RaftStorageDirectory.java:analyzeStorage(246)) - The storage directory /workdir/hadoop-ozone/tools/target/test-dir/MiniOzoneClusterImpl-e6d9f474-e5f5-4f7a-a570-913b705bd7a5/datanode-2/data/ratis/42bcfdb2-b5db-43f6-a828-3203a1bfff92 does not exist. Creating ...
2019-09-19 14:41:24,534 [pool-49-thread-1] INFO  storage.RaftStorageDirectory (RaftStorageDirectory.java:tryLock(328)) - Lock on /workdir/hadoop-ozone/tools/target/test-dir/MiniOzoneClusterImpl-e6d9f474-e5f5-4f7a-a570-913b705bd7a5/datanode-2/data/ratis/42bcfdb2-b5db-43f6-a828-3203a1bfff92/in_use.lock acquired by nodename 32150@pr-hdds-1569-rzdr8-3403194166
2019-09-19 14:41:24,559 [pool-49-thread-1] INFO  storage.RaftStorage (RaftStorage.java:format(72)) - Storage directory /workdir/hadoop-ozone/tools/target/test-dir/MiniOzoneClusterImpl-e6d9f474-e5f5-4f7a-a570-913b705bd7a5/datanode-2/data/ratis/42bcfdb2-b5db-43f6-a828-3203a1bfff92 has been successfully formatted.
2019-09-19 14:41:24,559 [pool-49-thread-1] INFO  ratis.ContainerStateMachine (ContainerStateMachine.java:loadSnapshot(226)) - group-3203A1BFFF92: The snapshot info is null. Setting the last applied indexto:(t:0, i:~)
2019-09-19 14:41:24,559 [pool-49-thread-1] INFO  server.RaftServerConfigKeys (ConfUtils.java:logGet(43)) - raft.server.leader.election.timeout = 120s (custom)
2019-09-19 14:41:24,559 [pool-49-thread-1] INFO  server.RaftServerConfigKeys (ConfUtils.java:logGet(43)) - raft.server.log.use.memory = false (default)
2019-09-19 14:41:24,560 [pool-49-thread-1] INFO  server.RaftServerConfigKeys (ConfUtils.java:logGet(43)) - raft.server.log.purge.gap = 1000000 (custom)
2019-09-19 14:41:24,560 [pool-49-thread-1] INFO  server.RaftServerConfigKeys (ConfUtils.java:logGet(43)) - raft.server.log.appender.buffer.byte-limit = 33554432 (custom)
2019-09-19 14:41:24,560 [pool-49-thread-1] INFO  server.RaftServerConfigKeys (ConfUtils.java:logGet(43)) - raft.server.log.segment.size.max = 1048576 (custom)
2019-09-19 14:41:24,560 [pool-49-thread-1] INFO  server.RaftServerConfigKeys (ConfUtils.java:logGet(43)) - raft.server.log.segment.cache.num.max = 2 (custom)
2019-09-19 14:41:24,560 [pool-49-thread-1] INFO  segmented.SegmentedRaftLogWorker (SegmentedRaftLogWorker.java:<init>(172)) - new b886c3c4-1cd6-4bed-9a98-4245f87de067-SegmentedRaftLogWorker:Storage Directory /workdir/hadoop-ozone/tools/target/test-dir/MiniOzoneClusterImpl-e6d9f474-e5f5-4f7a-a570-913b705bd7a5/datanode-2/data/ratis/42bcfdb2-b5db-43f6-a828-3203a1bfff92 for RaftStorage:Storage Directory /workdir/hadoop-ozone/tools/target/test-dir/MiniOzoneClusterImpl-e6d9f474-e5f5-4f7a-a570-913b705bd7a5/datanode-2/data/ratis/42bcfdb2-b5db-43f6-a828-3203a1bfff92
2019-09-19 14:41:24,560 [pool-49-thread-1] INFO  server.RaftServerConfigKeys (ConfUtils.java:logGet(43)) - raft.server.log.queue.byte-limit = 2147483647 (custom)
2019-09-19 14:41:24,561 [pool-49-thread-1] INFO  server.RaftServerConfigKeys (ConfUtils.java:logGet(43)) - raft.server.log.queue.element-limit = 1024 (custom)
2019-09-19 14:41:24,561 [pool-49-thread-1] INFO  server.RaftServerConfigKeys (ConfUtils.java:logGet(43)) - raft.server.log.segment.size.max = 1048576 (custom)
2019-09-19 14:41:24,561 [pool-49-thread-1] INFO  server.RaftServerConfigKeys (ConfUtils.java:logGet(43)) - raft.server.log.preallocated.size = 16384 (custom)
2019-09-19 14:41:24,561 [pool-49-thread-1] INFO  server.RaftServerConfigKeys (ConfUtils.java:logGet(43)) - raft.server.log.write.buffer.size = 33554432 (custom)
2019-09-19 14:41:24,561 [pool-49-thread-1] INFO  server.RaftServerConfigKeys (ConfUtils.java:logGet(43)) - raft.server.log.force.sync.num = 128 (default)
2019-09-19 14:41:24,561 [pool-49-thread-1] INFO  server.RaftServerConfigKeys (ConfUtils.java:logGet(43)) - raft.server.log.statemachine.data.sync = true (default)
2019-09-19 14:41:24,561 [pool-49-thread-1] INFO  server.RaftServerConfigKeys (ConfUtils.java:logGet(43)) - raft.server.log.statemachine.data.sync.timeout = 10s (default)
2019-09-19 14:41:24,562 [pool-49-thread-1] INFO  server.RaftServerConfigKeys (ConfUtils.java:logGet(43)) - raft.server.log.statemachine.data.sync.timeout.retry = -1 (default)
2019-09-19 14:41:24,562 [pool-49-thread-1] INFO  server.RaftServerConfigKeys (ConfUtils.java:logGet(43)) - raft.server.log.statemachine.data.caching.enabled = true (custom)
2019-09-19 14:41:24,562 [pool-49-thread-1] INFO  segmented.SegmentedRaftLogWorker (SegmentedRaftLogWorker.java:lambda$new$0(132)) - b886c3c4-1cd6-4bed-9a98-4245f87de067-SegmentedRaftLogWorker:Storage Directory /workdir/hadoop-ozone/tools/target/test-dir/MiniOzoneClusterImpl-e6d9f474-e5f5-4f7a-a570-913b705bd7a5/datanode-2/data/ratis/42bcfdb2-b5db-43f6-a828-3203a1bfff92: flushIndex: setUnconditionally 0 -> -1
2019-09-19 14:41:24,562 [pool-49-thread-1] INFO  server.RaftServerConfigKeys (ConfUtils.java:logGet(43)) - raft.server.snapshot.auto.trigger.enabled = true (custom)
2019-09-19 14:41:24,563 [pool-49-thread-1] INFO  server.RaftServerConfigKeys (ConfUtils.java:logGet(43)) - raft.server.snapshot.auto.trigger.threshold = 10000 (custom)
2019-09-19 14:41:24,563 [pool-49-thread-1] INFO  server.RaftServerConfigKeys (ConfUtils.java:logGet(43)) - raft.server.retrycache.expirytime = 600000ms (custom)
2019-09-19 14:41:24,563 [pool-49-thread-1] INFO  impl.RaftServerImpl (RaftServerImpl.java:start(180)) - b886c3c4-1cd6-4bed-9a98-4245f87de067: start group-3203A1BFFF92
2019-09-19 14:41:24,563 [pool-49-thread-1] INFO  impl.RaftServerImpl (RaftServerImpl.java:setRole(171)) - b886c3c4-1cd6-4bed-9a98-4245f87de067:group-3203A1BFFF92 changes role from null to FOLLOWER at term 0 for startAsFollower
2019-09-19 14:41:24,563 [pool-49-thread-1] INFO  impl.RoleInfo (RoleInfo.java:updateAndGet(143)) - b886c3c4-1cd6-4bed-9a98-4245f87de067: start FollowerState
2019-09-19 14:41:24,564 [pool-49-thread-1] INFO  util.JmxRegister (JmxRegister.java:tryRegister(44)) - Successfully registered JMX Bean with object name Ratis:service=RaftServer,group=group-3203A1BFFF92,id=b886c3c4-1cd6-4bed-9a98-4245f87de067
2019-09-19 14:41:24,570 [RatisPipelineUtilsThread] INFO  pipeline.PipelineStateManager (PipelineStateManager.java:addPipeline(56)) - Created pipeline Pipeline[ Id: 42bcfdb2-b5db-43f6-a828-3203a1bfff92, Nodes: b886c3c4-1cd6-4bed-9a98-4245f87de067{ip: 192.168.5.132, host: pr-hdds-1569-rzdr8-3403194166, networkLocation: /default-rack, certSerialId: null}, Type:RATIS, Factor:ONE, State:OPEN]
2019-09-19 14:41:24,571 [RatisPipelineUtilsThread] ERROR pipeline.PipelinePlacementPolicy (PipelinePlacementPolicy.java:meetCriteria(91)) - Pipeline Placement: Doesn't meet the criteria to be viable node. Heaviness: 6
2019-09-19 14:41:24,571 [RatisPipelineUtilsThread] ERROR pipeline.PipelinePlacementPolicy (PipelinePlacementPolicy.java:meetCriteria(91)) - Pipeline Placement: Doesn't meet the criteria to be viable node. Heaviness: 6
2019-09-19 14:41:24,589 [grpc-default-executor-1] INFO  impl.RaftServerProxy (RaftServerProxy.java:addNew(89)) - b886c3c4-1cd6-4bed-9a98-4245f87de067: addNew group-2053656C08F5:[b886c3c4-1cd6-4bed-9a98-4245f87de067:192.168.5.132:36960] returns group-2053656C08F5:java.util.concurrent.CompletableFuture@a41062f[Not completed]
2019-09-19 14:41:24,591 [pool-49-thread-1] INFO  impl.RaftServerImpl (RaftServerImpl.java:<init>(93)) - b886c3c4-1cd6-4bed-9a98-4245f87de067: new RaftServerImpl for group-2053656C08F5:[b886c3c4-1cd6-4bed-9a98-4245f87de067:192.168.5.132:36960] with ContainerStateMachine:uninitialized
2019-09-19 14:41:24,591 [pool-49-thread-1] INFO  server.RaftServerConfigKeys (ConfUtils.java:logGet(43)) - raft.server.rpc.timeout.min = 5s (custom)
2019-09-19 14:41:24,591 [pool-49-thread-1] INFO  server.RaftServerConfigKeys (ConfUtils.java:logGet(43)) - raft.server.rpc.timeout.max = 5200ms (custom)
2019-09-19 14:41:24,591 [pool-49-thread-1] INFO  server.RaftServerConfigKeys (ConfUtils.java:logGet(43)) - raft.server.rpcslowness.timeout = 120s (custom)
2019-09-19 14:41:24,592 [pool-49-thread-1] INFO  server.RaftServerConfigKeys (ConfUtils.java:logGet(43)) - raft.server.sleep.deviation.threshold = 300 (default)
2019-09-19 14:41:24,592 [pool-49-thread-1] INFO  server.RaftServerConfigKeys (ConfUtils.java:logGet(43)) - raft.server.log.appender.install.snapshot.enabled = false (custom)
2019-09-19 14:41:24,592 [pool-49-thread-1] INFO  impl.RaftServerImpl (ServerState.java:<init>(105)) - b886c3c4-1cd6-4bed-9a98-4245f87de067:group-2053656C08F5 ConfigurationManager, init=-1: [b886c3c4-1cd6-4bed-9a98-4245f87de067:192.168.5.132:36960], old=null, confs=<EMPTY_MAP>
2019-09-19 14:41:24,592 [pool-49-thread-1] INFO  server.RaftServerConfigKeys (ConfUtils.java:logGet(43)) - raft.server.storage.dir = [/workdir/hadoop-ozone/tools/target/test-dir/MiniOzoneClusterImpl-e6d9f474-e5f5-4f7a-a570-913b705bd7a5/datanode-2/data/ratis] (custom)
2019-09-19 14:41:24,593 [pool-49-thread-1] INFO  storage.RaftStorageDirectory (RaftStorageDirectory.java:analyzeStorage(246)) - The storage directory /workdir/hadoop-ozone/tools/target/test-dir/MiniOzoneClusterImpl-e6d9f474-e5f5-4f7a-a570-913b705bd7a5/datanode-2/data/ratis/3175b738-7f13-4437-aa99-2053656c08f5 does not exist. Creating ...
2019-09-19 14:41:24,617 [pool-49-thread-1] INFO  storage.RaftStorageDirectory (RaftStorageDirectory.java:tryLock(328)) - Lock on /workdir/hadoop-ozone/tools/target/test-dir/MiniOzoneClusterImpl-e6d9f474-e5f5-4f7a-a570-913b705bd7a5/datanode-2/data/ratis/3175b738-7f13-4437-aa99-2053656c08f5/in_use.lock acquired by nodename 32150@pr-hdds-1569-rzdr8-3403194166
2019-09-19 14:41:24,654 [pool-49-thread-1] INFO  storage.RaftStorage (RaftStorage.java:format(72)) - Storage directory /workdir/hadoop-ozone/tools/target/test-dir/MiniOzoneClusterImpl-e6d9f474-e5f5-4f7a-a570-913b705bd7a5/datanode-2/data/ratis/3175b738-7f13-4437-aa99-2053656c08f5 has been successfully formatted.
2019-09-19 14:41:24,655 [pool-49-thread-1] INFO  ratis.ContainerStateMachine (ContainerStateMachine.java:loadSnapshot(226)) - group-2053656C08F5: The snapshot info is null. Setting the last applied indexto:(t:0, i:~)
2019-09-19 14:41:24,655 [pool-49-thread-1] INFO  server.RaftServerConfigKeys (ConfUtils.java:logGet(43)) - raft.server.leader.election.timeout = 120s (custom)
2019-09-19 14:41:24,655 [pool-49-thread-1] INFO  server.RaftServerConfigKeys (ConfUtils.java:logGet(43)) - raft.server.log.use.memory = false (default)
2019-09-19 14:41:24,655 [pool-49-thread-1] INFO  server.RaftServerConfigKeys (ConfUtils.java:logGet(43)) - raft.server.log.purge.gap = 1000000 (custom)
2019-09-19 14:41:24,656 [pool-49-thread-1] INFO  server.RaftServerConfigKeys (ConfUtils.java:logGet(43)) - raft.server.log.appender.buffer.byte-limit = 33554432 (custom)
2019-09-19 14:41:24,656 [pool-49-thread-1] INFO  server.RaftServerConfigKeys (ConfUtils.java:logGet(43)) - raft.server.log.segment.size.max = 1048576 (custom)
2019-09-19 14:41:24,656 [pool-49-thread-1] INFO  server.RaftServerConfigKeys (ConfUtils.java:logGet(43)) - raft.server.log.segment.cache.num.max = 2 (custom)
2019-09-19 14:41:24,656 [pool-49-thread-1] INFO  segmented.SegmentedRaftLogWorker (SegmentedRaftLogWorker.java:<init>(172)) - new b886c3c4-1cd6-4bed-9a98-4245f87de067-SegmentedRaftLogWorker:Storage Directory /workdir/hadoop-ozone/tools/target/test-dir/MiniOzoneClusterImpl-e6d9f474-e5f5-4f7a-a570-913b705bd7a5/datanode-2/data/ratis/3175b738-7f13-4437-aa99-2053656c08f5 for RaftStorage:Storage Directory /workdir/hadoop-ozone/tools/target/test-dir/MiniOzoneClusterImpl-e6d9f474-e5f5-4f7a-a570-913b705bd7a5/datanode-2/data/ratis/3175b738-7f13-4437-aa99-2053656c08f5
2019-09-19 14:41:24,657 [pool-49-thread-1] INFO  server.RaftServerConfigKeys (ConfUtils.java:logGet(43)) - raft.server.log.queue.byte-limit = 2147483647 (custom)
2019-09-19 14:41:24,657 [pool-49-thread-1] INFO  server.RaftServerConfigKeys (ConfUtils.java:logGet(43)) - raft.server.log.queue.element-limit = 1024 (custom)
2019-09-19 14:41:24,657 [pool-49-thread-1] INFO  server.RaftServerConfigKeys (ConfUtils.java:logGet(43)) - raft.server.log.segment.size.max = 1048576 (custom)
2019-09-19 14:41:24,657 [pool-49-thread-1] INFO  server.RaftServerConfigKeys (ConfUtils.java:logGet(43)) - raft.server.log.preallocated.size = 16384 (custom)
2019-09-19 14:41:24,657 [pool-49-thread-1] INFO  server.RaftServerConfigKeys (ConfUtils.java:logGet(43)) - raft.server.log.write.buffer.size = 33554432 (custom)
2019-09-19 14:41:24,658 [pool-49-thread-1] INFO  server.RaftServerConfigKeys (ConfUtils.java:logGet(43)) - raft.server.log.force.sync.num = 128 (default)
2019-09-19 14:41:24,658 [pool-49-thread-1] INFO  server.RaftServerConfigKeys (ConfUtils.java:logGet(43)) - raft.server.log.statemachine.data.sync = true (default)
2019-09-19 14:41:24,658 [pool-49-thread-1] INFO  server.RaftServerConfigKeys (ConfUtils.java:logGet(43)) - raft.server.log.statemachine.data.sync.timeout = 10s (default)
2019-09-19 14:41:24,658 [pool-49-thread-1] INFO  server.RaftServerConfigKeys (ConfUtils.java:logGet(43)) - raft.server.log.statemachine.data.sync.timeout.retry = -1 (default)
2019-09-19 14:41:24,658 [pool-49-thread-1] INFO  server.RaftServerConfigKeys (ConfUtils.java:logGet(43)) - raft.server.log.statemachine.data.caching.enabled = true (custom)
2019-09-19 14:41:24,659 [pool-49-thread-1] INFO  segmented.SegmentedRaftLogWorker (SegmentedRaftLogWorker.java:lambda$new$0(132)) - b886c3c4-1cd6-4bed-9a98-4245f87de067-SegmentedRaftLogWorker:Storage Directory /workdir/hadoop-ozone/tools/target/test-dir/MiniOzoneClusterImpl-e6d9f474-e5f5-4f7a-a570-913b705bd7a5/datanode-2/data/ratis/3175b738-7f13-4437-aa99-2053656c08f5: flushIndex: setUnconditionally 0 -> -1
2019-09-19 14:41:24,659 [pool-49-thread-1] INFO  server.RaftServerConfigKeys (ConfUtils.java:logGet(43)) - raft.server.snapshot.auto.trigger.enabled = true (custom)
2019-09-19 14:41:24,660 [pool-49-thread-1] INFO  server.RaftServerConfigKeys (ConfUtils.java:logGet(43)) - raft.server.snapshot.auto.trigger.threshold = 10000 (custom)
2019-09-19 14:41:24,660 [pool-49-thread-1] INFO  server.RaftServerConfigKeys (ConfUtils.java:logGet(43)) - raft.server.retrycache.expirytime = 600000ms (custom)
2019-09-19 14:41:24,660 [pool-49-thread-1] INFO  impl.RaftServerImpl (RaftServerImpl.java:start(180)) - b886c3c4-1cd6-4bed-9a98-4245f87de067: start group-2053656C08F5
2019-09-19 14:41:24,660 [pool-49-thread-1] INFO  impl.RaftServerImpl (RaftServerImpl.java:setRole(171)) - b886c3c4-1cd6-4bed-9a98-4245f87de067:group-2053656C08F5 changes role from null to FOLLOWER at term 0 for startAsFollower
2019-09-19 14:41:24,661 [pool-49-thread-1] INFO  impl.RoleInfo (RoleInfo.java:updateAndGet(143)) - b886c3c4-1cd6-4bed-9a98-4245f87de067: start FollowerState
2019-09-19 14:41:24,661 [pool-49-thread-1] INFO  util.JmxRegister (JmxRegister.java:tryRegister(44)) - Successfully registered JMX Bean with object name Ratis:service=RaftServer,group=group-2053656C08F5,id=b886c3c4-1cd6-4bed-9a98-4245f87de067
2019-09-19 14:41:24,668 | INFO  | SCMAudit | user=jenkins1000 | ip=192.168.5.132 | op=SEND_HEARTBEAT {datanodeUUID=b886c3c4-1cd6-4bed-9a98-4245f87de067, command=[]} | ret=SUCCESS |  
2019-09-19 14:41:24,669 [RatisPipelineUtilsThread] INFO  pipeline.PipelineStateManager (PipelineStateManager.java:addPipeline(56)) - Created pipeline Pipeline[ Id: 3175b738-7f13-4437-aa99-2053656c08f5, Nodes: b886c3c4-1cd6-4bed-9a98-4245f87de067{ip: 192.168.5.132, host: pr-hdds-1569-rzdr8-3403194166, networkLocation: /default-rack, certSerialId: null}, Type:RATIS, Factor:ONE, State:OPEN]
2019-09-19 14:41:24,670 [RatisPipelineUtilsThread] ERROR pipeline.PipelinePlacementPolicy (PipelinePlacementPolicy.java:meetCriteria(91)) - Pipeline Placement: Doesn't meet the criteria to be viable node. Heaviness: 6
2019-09-19 14:41:24,670 [RatisPipelineUtilsThread] ERROR pipeline.PipelinePlacementPolicy (PipelinePlacementPolicy.java:meetCriteria(91)) - Pipeline Placement: Doesn't meet the criteria to be viable node. Heaviness: 6
2019-09-19 14:41:24,685 [grpc-default-executor-1] INFO  impl.RaftServerProxy (RaftServerProxy.java:addNew(89)) - b886c3c4-1cd6-4bed-9a98-4245f87de067: addNew group-FF19D2F394A0:[b886c3c4-1cd6-4bed-9a98-4245f87de067:192.168.5.132:36960] returns group-FF19D2F394A0:java.util.concurrent.CompletableFuture@47bf8b8b[Not completed]
2019-09-19 14:41:24,688 [pool-49-thread-1] INFO  impl.RaftServerImpl (RaftServerImpl.java:<init>(93)) - b886c3c4-1cd6-4bed-9a98-4245f87de067: new RaftServerImpl for group-FF19D2F394A0:[b886c3c4-1cd6-4bed-9a98-4245f87de067:192.168.5.132:36960] with ContainerStateMachine:uninitialized
2019-09-19 14:41:24,689 [pool-49-thread-1] INFO  server.RaftServerConfigKeys (ConfUtils.java:logGet(43)) - raft.server.rpc.timeout.min = 5s (custom)
2019-09-19 14:41:24,689 [pool-49-thread-1] INFO  server.RaftServerConfigKeys (ConfUtils.java:logGet(43)) - raft.server.rpc.timeout.max = 5200ms (custom)
2019-09-19 14:41:24,689 [pool-49-thread-1] INFO  server.RaftServerConfigKeys (ConfUtils.java:logGet(43)) - raft.server.rpcslowness.timeout = 120s (custom)
2019-09-19 14:41:24,689 [pool-49-thread-1] INFO  server.RaftServerConfigKeys (ConfUtils.java:logGet(43)) - raft.server.sleep.deviation.threshold = 300 (default)
2019-09-19 14:41:24,689 [pool-49-thread-1] INFO  server.RaftServerConfigKeys (ConfUtils.java:logGet(43)) - raft.server.log.appender.install.snapshot.enabled = false (custom)
2019-09-19 14:41:24,690 [pool-49-thread-1] INFO  impl.RaftServerImpl (ServerState.java:<init>(105)) - b886c3c4-1cd6-4bed-9a98-4245f87de067:group-FF19D2F394A0 ConfigurationManager, init=-1: [b886c3c4-1cd6-4bed-9a98-4245f87de067:192.168.5.132:36960], old=null, confs=<EMPTY_MAP>
2019-09-19 14:41:24,690 [pool-49-thread-1] INFO  server.RaftServerConfigKeys (ConfUtils.java:logGet(43)) - raft.server.storage.dir = [/workdir/hadoop-ozone/tools/target/test-dir/MiniOzoneClusterImpl-e6d9f474-e5f5-4f7a-a570-913b705bd7a5/datanode-2/data/ratis] (custom)
2019-09-19 14:41:24,691 [pool-49-thread-1] INFO  storage.RaftStorageDirectory (RaftStorageDirectory.java:analyzeStorage(246)) - The storage directory /workdir/hadoop-ozone/tools/target/test-dir/MiniOzoneClusterImpl-e6d9f474-e5f5-4f7a-a570-913b705bd7a5/datanode-2/data/ratis/a9a6a9eb-2a4f-4049-a783-ff19d2f394a0 does not exist. Creating ...
2019-09-19 14:41:24,714 [pool-49-thread-1] INFO  storage.RaftStorageDirectory (RaftStorageDirectory.java:tryLock(328)) - Lock on /workdir/hadoop-ozone/tools/target/test-dir/MiniOzoneClusterImpl-e6d9f474-e5f5-4f7a-a570-913b705bd7a5/datanode-2/data/ratis/a9a6a9eb-2a4f-4049-a783-ff19d2f394a0/in_use.lock acquired by nodename 32150@pr-hdds-1569-rzdr8-3403194166
2019-09-19 14:41:24,739 [pool-49-thread-1] INFO  storage.RaftStorage (RaftStorage.java:format(72)) - Storage directory /workdir/hadoop-ozone/tools/target/test-dir/MiniOzoneClusterImpl-e6d9f474-e5f5-4f7a-a570-913b705bd7a5/datanode-2/data/ratis/a9a6a9eb-2a4f-4049-a783-ff19d2f394a0 has been successfully formatted.
2019-09-19 14:41:24,740 [pool-49-thread-1] INFO  ratis.ContainerStateMachine (ContainerStateMachine.java:loadSnapshot(226)) - group-FF19D2F394A0: The snapshot info is null. Setting the last applied indexto:(t:0, i:~)
2019-09-19 14:41:24,740 [pool-49-thread-1] INFO  server.RaftServerConfigKeys (ConfUtils.java:logGet(43)) - raft.server.leader.election.timeout = 120s (custom)
2019-09-19 14:41:24,740 [pool-49-thread-1] INFO  server.RaftServerConfigKeys (ConfUtils.java:logGet(43)) - raft.server.log.use.memory = false (default)
2019-09-19 14:41:24,740 [pool-49-thread-1] INFO  server.RaftServerConfigKeys (ConfUtils.java:logGet(43)) - raft.server.log.purge.gap = 1000000 (custom)
2019-09-19 14:41:24,740 [pool-49-thread-1] INFO  server.RaftServerConfigKeys (ConfUtils.java:logGet(43)) - raft.server.log.appender.buffer.byte-limit = 33554432 (custom)
2019-09-19 14:41:24,741 [pool-49-thread-1] INFO  server.RaftServerConfigKeys (ConfUtils.java:logGet(43)) - raft.server.log.segment.size.max = 1048576 (custom)
2019-09-19 14:41:24,741 [pool-49-thread-1] INFO  server.RaftServerConfigKeys (ConfUtils.java:logGet(43)) - raft.server.log.segment.cache.num.max = 2 (custom)
2019-09-19 14:41:24,741 [pool-49-thread-1] INFO  segmented.SegmentedRaftLogWorker (SegmentedRaftLogWorker.java:<init>(172)) - new b886c3c4-1cd6-4bed-9a98-4245f87de067-SegmentedRaftLogWorker:Storage Directory /workdir/hadoop-ozone/tools/target/test-dir/MiniOzoneClusterImpl-e6d9f474-e5f5-4f7a-a570-913b705bd7a5/datanode-2/data/ratis/a9a6a9eb-2a4f-4049-a783-ff19d2f394a0 for RaftStorage:Storage Directory /workdir/hadoop-ozone/tools/target/test-dir/MiniOzoneClusterImpl-e6d9f474-e5f5-4f7a-a570-913b705bd7a5/datanode-2/data/ratis/a9a6a9eb-2a4f-4049-a783-ff19d2f394a0
2019-09-19 14:41:24,741 [pool-49-thread-1] INFO  server.RaftServerConfigKeys (ConfUtils.java:logGet(43)) - raft.server.log.queue.byte-limit = 2147483647 (custom)
2019-09-19 14:41:24,741 [pool-49-thread-1] INFO  server.RaftServerConfigKeys (ConfUtils.java:logGet(43)) - raft.server.log.queue.element-limit = 1024 (custom)
2019-09-19 14:41:24,741 [pool-49-thread-1] INFO  server.RaftServerConfigKeys (ConfUtils.java:logGet(43)) - raft.server.log.segment.size.max = 1048576 (custom)
2019-09-19 14:41:24,742 [pool-49-thread-1] INFO  server.RaftServerConfigKeys (ConfUtils.java:logGet(43)) - raft.server.log.preallocated.size = 16384 (custom)
2019-09-19 14:41:24,742 [pool-49-thread-1] INFO  server.RaftServerConfigKeys (ConfUtils.java:logGet(43)) - raft.server.log.write.buffer.size = 33554432 (custom)
2019-09-19 14:41:24,742 [pool-49-thread-1] INFO  server.RaftServerConfigKeys (ConfUtils.java:logGet(43)) - raft.server.log.force.sync.num = 128 (default)
2019-09-19 14:41:24,742 [pool-49-thread-1] INFO  server.RaftServerConfigKeys (ConfUtils.java:logGet(43)) - raft.server.log.statemachine.data.sync = true (default)
2019-09-19 14:41:24,742 [pool-49-thread-1] INFO  server.RaftServerConfigKeys (ConfUtils.java:logGet(43)) - raft.server.log.statemachine.data.sync.timeout = 10s (default)
2019-09-19 14:41:24,742 [pool-49-thread-1] INFO  server.RaftServerConfigKeys (ConfUtils.java:logGet(43)) - raft.server.log.statemachine.data.sync.timeout.retry = -1 (default)
2019-09-19 14:41:24,742 [pool-49-thread-1] INFO  server.RaftServerConfigKeys (ConfUtils.java:logGet(43)) - raft.server.log.statemachine.data.caching.enabled = true (custom)
2019-09-19 14:41:24,743 [pool-49-thread-1] INFO  segmented.SegmentedRaftLogWorker (SegmentedRaftLogWorker.java:lambda$new$0(132)) - b886c3c4-1cd6-4bed-9a98-4245f87de067-SegmentedRaftLogWorker:Storage Directory /workdir/hadoop-ozone/tools/target/test-dir/MiniOzoneClusterImpl-e6d9f474-e5f5-4f7a-a570-913b705bd7a5/datanode-2/data/ratis/a9a6a9eb-2a4f-4049-a783-ff19d2f394a0: flushIndex: setUnconditionally 0 -> -1
2019-09-19 14:41:24,743 [pool-49-thread-1] INFO  server.RaftServerConfigKeys (ConfUtils.java:logGet(43)) - raft.server.snapshot.auto.trigger.enabled = true (custom)
2019-09-19 14:41:24,743 [pool-49-thread-1] INFO  server.RaftServerConfigKeys (ConfUtils.java:logGet(43)) - raft.server.snapshot.auto.trigger.threshold = 10000 (custom)
2019-09-19 14:41:24,744 [pool-49-thread-1] INFO  server.RaftServerConfigKeys (ConfUtils.java:logGet(43)) - raft.server.retrycache.expirytime = 600000ms (custom)
2019-09-19 14:41:24,744 [pool-49-thread-1] INFO  impl.RaftServerImpl (RaftServerImpl.java:start(180)) - b886c3c4-1cd6-4bed-9a98-4245f87de067: start group-FF19D2F394A0
2019-09-19 14:41:24,744 [pool-49-thread-1] INFO  impl.RaftServerImpl (RaftServerImpl.java:setRole(171)) - b886c3c4-1cd6-4bed-9a98-4245f87de067:group-FF19D2F394A0 changes role from null to FOLLOWER at term 0 for startAsFollower
2019-09-19 14:41:24,744 [pool-49-thread-1] INFO  impl.RoleInfo (RoleInfo.java:updateAndGet(143)) - b886c3c4-1cd6-4bed-9a98-4245f87de067: start FollowerState
2019-09-19 14:41:24,745 [pool-49-thread-1] INFO  util.JmxRegister (JmxRegister.java:tryRegister(44)) - Successfully registered JMX Bean with object name Ratis:service=RaftServer,group=group-FF19D2F394A0,id=b886c3c4-1cd6-4bed-9a98-4245f87de067
2019-09-19 14:41:24,750 [RatisPipelineUtilsThread] INFO  pipeline.PipelineStateManager (PipelineStateManager.java:addPipeline(56)) - Created pipeline Pipeline[ Id: a9a6a9eb-2a4f-4049-a783-ff19d2f394a0, Nodes: b886c3c4-1cd6-4bed-9a98-4245f87de067{ip: 192.168.5.132, host: pr-hdds-1569-rzdr8-3403194166, networkLocation: /default-rack, certSerialId: null}, Type:RATIS, Factor:ONE, State:OPEN]
2019-09-19 14:41:24,751 [RatisPipelineUtilsThread] ERROR pipeline.PipelinePlacementPolicy (PipelinePlacementPolicy.java:meetCriteria(91)) - Pipeline Placement: Doesn't meet the criteria to be viable node. Heaviness: 6
2019-09-19 14:41:24,752 [RatisPipelineUtilsThread] ERROR pipeline.PipelinePlacementPolicy (PipelinePlacementPolicy.java:meetCriteria(91)) - Pipeline Placement: Doesn't meet the criteria to be viable node. Heaviness: 6
2019-09-19 14:41:24,752 [RatisPipelineUtilsThread] ERROR pipeline.PipelinePlacementPolicy (PipelinePlacementPolicy.java:meetCriteria(91)) - Pipeline Placement: Doesn't meet the criteria to be viable node. Heaviness: 6
2019-09-19 14:41:24,752 [RatisPipelineUtilsThread] ERROR pipeline.PipelinePlacementPolicy (PipelinePlacementPolicy.java:filterViableNodes(146)) - Unable to find enough nodes that meet the criteria that cannot engage in more than 5 pipelines. Nodes required: 1 Found: 0, healthy nodes count inNodeManager: 3.
2019-09-19 14:41:24,753 [RatisPipelineUtilsThread] ERROR pipeline.SCMPipelineManager (SCMPipelineManager.java:createPipeline(161)) - Pipeline creation failed due to exception: Unable to find enough nodes that meet the criteria that cannot engage in more than 5 pipelines. Nodes required: 1 Found: 0, healthy nodes count inNodeManager: 3.
2019-09-19 14:41:24,753 [RatisPipelineUtilsThread] ERROR pipeline.PipelinePlacementPolicy (PipelinePlacementPolicy.java:meetCriteria(91)) - Pipeline Placement: Doesn't meet the criteria to be viable node. Heaviness: 6
2019-09-19 14:41:24,754 [RatisPipelineUtilsThread] ERROR pipeline.PipelinePlacementPolicy (PipelinePlacementPolicy.java:meetCriteria(91)) - Pipeline Placement: Doesn't meet the criteria to be viable node. Heaviness: 6
2019-09-19 14:41:24,754 [RatisPipelineUtilsThread] ERROR pipeline.PipelinePlacementPolicy (PipelinePlacementPolicy.java:meetCriteria(91)) - Pipeline Placement: Doesn't meet the criteria to be viable node. Heaviness: 6
2019-09-19 14:41:24,754 [RatisPipelineUtilsThread] ERROR pipeline.PipelinePlacementPolicy (PipelinePlacementPolicy.java:filterViableNodes(146)) - Unable to find enough nodes that meet the criteria that cannot engage in more than 5 pipelines. Nodes required: 3 Found: 0, healthy nodes count inNodeManager: 3.
2019-09-19 14:41:24,754 [RatisPipelineUtilsThread] ERROR pipeline.SCMPipelineManager (SCMPipelineManager.java:createPipeline(161)) - Pipeline creation failed due to exception: Unable to find enough nodes that meet the criteria that cannot engage in more than 5 pipelines. Nodes required: 3 Found: 0, healthy nodes count inNodeManager: 3.
2019-09-19 14:41:24,754 [IPC Server handler 0 on 35392] ERROR pipeline.PipelinePlacementPolicy (PipelinePlacementPolicy.java:meetCriteria(91)) - Pipeline Placement: Doesn't meet the criteria to be viable node. Heaviness: 6
2019-09-19 14:41:24,755 [IPC Server handler 0 on 35392] ERROR pipeline.PipelinePlacementPolicy (PipelinePlacementPolicy.java:meetCriteria(91)) - Pipeline Placement: Doesn't meet the criteria to be viable node. Heaviness: 6
2019-09-19 14:41:24,755 [IPC Server handler 0 on 35392] ERROR pipeline.PipelinePlacementPolicy (PipelinePlacementPolicy.java:meetCriteria(91)) - Pipeline Placement: Doesn't meet the criteria to be viable node. Heaviness: 6
2019-09-19 14:41:24,755 [IPC Server handler 0 on 35392] ERROR pipeline.PipelinePlacementPolicy (PipelinePlacementPolicy.java:filterViableNodes(146)) - Unable to find enough nodes that meet the criteria that cannot engage in more than 5 pipelines. Nodes required: 3 Found: 0, healthy nodes count inNodeManager: 3.
2019-09-19 14:41:24,755 [IPC Server handler 0 on 35392] ERROR pipeline.SCMPipelineManager (SCMPipelineManager.java:createPipeline(161)) - Pipeline creation failed due to exception: Unable to find enough nodes that meet the criteria that cannot engage in more than 5 pipelines. Nodes required: 3 Found: 0, healthy nodes count inNodeManager: 3.
2019-09-19 14:41:24,756 [RatisPipelineUtilsThread] ERROR pipeline.PipelinePlacementPolicy (PipelinePlacementPolicy.java:meetCriteria(91)) - Pipeline Placement: Doesn't meet the criteria to be viable node. Heaviness: 6
2019-09-19 14:41:24,756 [RatisPipelineUtilsThread] ERROR pipeline.PipelinePlacementPolicy (PipelinePlacementPolicy.java:meetCriteria(91)) - Pipeline Placement: Doesn't meet the criteria to be viable node. Heaviness: 6
2019-09-19 14:41:24,756 [RatisPipelineUtilsThread] ERROR pipeline.PipelinePlacementPolicy (PipelinePlacementPolicy.java:meetCriteria(91)) - Pipeline Placement: Doesn't meet the criteria to be viable node. Heaviness: 6
2019-09-19 14:41:24,756 [RatisPipelineUtilsThread] ERROR pipeline.PipelinePlacementPolicy (PipelinePlacementPolicy.java:filterViableNodes(146)) - Unable to find enough nodes that meet the criteria that cannot engage in more than 5 pipelines. Nodes required: 1 Found: 0, healthy nodes count inNodeManager: 3.
2019-09-19 14:41:24,756 [RatisPipelineUtilsThread] ERROR pipeline.SCMPipelineManager (SCMPipelineManager.java:createPipeline(161)) - Pipeline creation failed due to exception: Unable to find enough nodes that meet the criteria that cannot engage in more than 5 pipelines. Nodes required: 1 Found: 0, healthy nodes count inNodeManager: 3.
2019-09-19 14:41:24,756 [RatisPipelineUtilsThread] ERROR pipeline.PipelinePlacementPolicy (PipelinePlacementPolicy.java:meetCriteria(91)) - Pipeline Placement: Doesn't meet the criteria to be viable node. Heaviness: 6
2019-09-19 14:41:24,756 [IPC Server handler 0 on 35392] WARN  block.BlockManagerImpl (BlockManagerImpl.java:allocateBlock(192)) - Pipeline creation failed for type:RATIS factor:THREE. Retrying get pipelines call once.
org.apache.hadoop.hdds.scm.exceptions.SCMException: Unable to find enough nodes that meet the criteria that cannot engage in more than 5 pipelines. Nodes required: 3 Found: 0, healthy nodes count inNodeManager: 3.
	at org.apache.hadoop.hdds.scm.pipeline.PipelinePlacementPolicy.filterViableNodes(PipelinePlacementPolicy.java:147)
	at org.apache.hadoop.hdds.scm.pipeline.PipelinePlacementPolicy.chooseDatanodes(PipelinePlacementPolicy.java:170)
	at org.apache.hadoop.hdds.scm.pipeline.RatisPipelineProvider.create(RatisPipelineProvider.java:92)
	at org.apache.hadoop.hdds.scm.pipeline.PipelineFactory.create(PipelineFactory.java:57)
	at org.apache.hadoop.hdds.scm.pipeline.SCMPipelineManager.createPipeline(SCMPipelineManager.java:149)
	at org.apache.hadoop.hdds.scm.block.BlockManagerImpl.allocateBlock(BlockManagerImpl.java:190)
	at org.apache.hadoop.hdds.scm.server.SCMBlockProtocolServer.allocateBlock(SCMBlockProtocolServer.java:175)
	at org.apache.hadoop.ozone.protocolPB.ScmBlockLocationProtocolServerSideTranslatorPB.allocateScmBlock(ScmBlockLocationProtocolServerSideTranslatorPB.java:153)
	at org.apache.hadoop.ozone.protocolPB.ScmBlockLocationProtocolServerSideTranslatorPB.send(ScmBlockLocationProtocolServerSideTranslatorPB.java:112)
	at org.apache.hadoop.hdds.protocol.proto.ScmBlockLocationProtocolProtos$ScmBlockLocationProtocolService$2.callBlockingMethod(ScmBlockLocationProtocolProtos.java:13157)
	at org.apache.hadoop.ipc.ProtobufRpcEngine$Server$ProtoBufRpcInvoker.call(ProtobufRpcEngine.java:524)
	at org.apache.hadoop.ipc.RPC$Server.call(RPC.java:1025)
	at org.apache.hadoop.ipc.Server$RpcCall.run(Server.java:876)
	at org.apache.hadoop.ipc.Server$RpcCall.run(Server.java:822)
	at java.security.AccessController.doPrivileged(Native Method)
	at javax.security.auth.Subject.doAs(Subject.java:422)
	at org.apache.hadoop.security.UserGroupInformation.doAs(UserGroupInformation.java:1730)
	at org.apache.hadoop.ipc.Server$Handler.run(Server.java:2682)
2019-09-19 14:41:24,756 [RatisPipelineUtilsThread] ERROR pipeline.PipelinePlacementPolicy (PipelinePlacementPolicy.java:meetCriteria(91)) - Pipeline Placement: Doesn't meet the criteria to be viable node. Heaviness: 6
2019-09-19 14:41:24,758 [RatisPipelineUtilsThread] ERROR pipeline.PipelinePlacementPolicy (PipelinePlacementPolicy.java:meetCriteria(91)) - Pipeline Placement: Doesn't meet the criteria to be viable node. Heaviness: 6
2019-09-19 14:41:24,759 [RatisPipelineUtilsThread] ERROR pipeline.PipelinePlacementPolicy (PipelinePlacementPolicy.java:filterViableNodes(146)) - Unable to find enough nodes that meet the criteria that cannot engage in more than 5 pipelines. Nodes required: 3 Found: 0, healthy nodes count inNodeManager: 3.
2019-09-19 14:41:24,759 [RatisPipelineUtilsThread] ERROR pipeline.SCMPipelineManager (SCMPipelineManager.java:createPipeline(161)) - Pipeline creation failed due to exception: Unable to find enough nodes that meet the criteria that cannot engage in more than 5 pipelines. Nodes required: 3 Found: 0, healthy nodes count inNodeManager: 3.
2019-09-19 14:41:24,759 [IPC Server handler 0 on 35392] INFO  block.BlockManagerImpl (BlockManagerImpl.java:allocateBlock(198)) - Could not find available pipeline of type:RATIS and factor:THREE even after retrying
2019-09-19 14:41:24,759 [IPC Server handler 0 on 35392] ERROR block.BlockManagerImpl (BlockManagerImpl.java:allocateBlock(222)) - Unable to allocate a block for the size: 4194304, type: RATIS, factor: THREE
2019-09-19 14:41:24,759 [IPC Server handler 0 on 35392] ERROR pipeline.PipelinePlacementPolicy (PipelinePlacementPolicy.java:meetCriteria(91)) - Pipeline Placement: Doesn't meet the criteria to be viable node. Heaviness: 6
2019-09-19 14:41:24,760 [IPC Server handler 0 on 35392] ERROR pipeline.PipelinePlacementPolicy (PipelinePlacementPolicy.java:meetCriteria(91)) - Pipeline Placement: Doesn't meet the criteria to be viable node. Heaviness: 6
2019-09-19 14:41:24,760 [IPC Server handler 0 on 35392] ERROR pipeline.PipelinePlacementPolicy (PipelinePlacementPolicy.java:meetCriteria(91)) - Pipeline Placement: Doesn't meet the criteria to be viable node. Heaviness: 6
2019-09-19 14:41:24,760 [IPC Server handler 0 on 35392] ERROR pipeline.PipelinePlacementPolicy (PipelinePlacementPolicy.java:filterViableNodes(146)) - Unable to find enough nodes that meet the criteria that cannot engage in more than 5 pipelines. Nodes required: 3 Found: 0, healthy nodes count inNodeManager: 3.
2019-09-19 14:41:24,760 [IPC Server handler 0 on 35392] ERROR pipeline.SCMPipelineManager (SCMPipelineManager.java:createPipeline(161)) - Pipeline creation failed due to exception: Unable to find enough nodes that meet the criteria that cannot engage in more than 5 pipelines. Nodes required: 3 Found: 0, healthy nodes count inNodeManager: 3.
2019-09-19 14:41:24,760 [IPC Server handler 0 on 35392] WARN  block.BlockManagerImpl (BlockManagerImpl.java:allocateBlock(192)) - Pipeline creation failed for type:RATIS factor:THREE. Retrying get pipelines call once.
org.apache.hadoop.hdds.scm.exceptions.SCMException: Unable to find enough nodes that meet the criteria that cannot engage in more than 5 pipelines. Nodes required: 3 Found: 0, healthy nodes count inNodeManager: 3.
	at org.apache.hadoop.hdds.scm.pipeline.PipelinePlacementPolicy.filterViableNodes(PipelinePlacementPolicy.java:147)
	at org.apache.hadoop.hdds.scm.pipeline.PipelinePlacementPolicy.chooseDatanodes(PipelinePlacementPolicy.java:170)
	at org.apache.hadoop.hdds.scm.pipeline.RatisPipelineProvider.create(RatisPipelineProvider.java:92)
	at org.apache.hadoop.hdds.scm.pipeline.PipelineFactory.create(PipelineFactory.java:57)
	at org.apache.hadoop.hdds.scm.pipeline.SCMPipelineManager.createPipeline(SCMPipelineManager.java:149)
	at org.apache.hadoop.hdds.scm.block.BlockManagerImpl.allocateBlock(BlockManagerImpl.java:190)
	at org.apache.hadoop.hdds.scm.server.SCMBlockProtocolServer.allocateBlock(SCMBlockProtocolServer.java:175)
	at org.apache.hadoop.ozone.protocolPB.ScmBlockLocationProtocolServerSideTranslatorPB.allocateScmBlock(ScmBlockLocationProtocolServerSideTranslatorPB.java:153)
	at org.apache.hadoop.ozone.protocolPB.ScmBlockLocationProtocolServerSideTranslatorPB.send(ScmBlockLocationProtocolServerSideTranslatorPB.java:112)
	at org.apache.hadoop.hdds.protocol.proto.ScmBlockLocationProtocolProtos$ScmBlockLocationProtocolService$2.callBlockingMethod(ScmBlockLocationProtocolProtos.java:13157)
	at org.apache.hadoop.ipc.ProtobufRpcEngine$Server$ProtoBufRpcInvoker.call(ProtobufRpcEngine.java:524)
	at org.apache.hadoop.ipc.RPC$Server.call(RPC.java:1025)
	at org.apache.hadoop.ipc.Server$RpcCall.run(Server.java:876)
	at org.apache.hadoop.ipc.Server$RpcCall.run(Server.java:822)
	at java.security.AccessController.doPrivileged(Native Method)
	at javax.security.auth.Subject.doAs(Subject.java:422)
	at org.apache.hadoop.security.UserGroupInformation.doAs(UserGroupInformation.java:1730)
	at org.apache.hadoop.ipc.Server$Handler.run(Server.java:2682)
2019-09-19 14:41:24,762 [IPC Server handler 0 on 35392] INFO  block.BlockManagerImpl (BlockManagerImpl.java:allocateBlock(198)) - Could not find available pipeline of type:RATIS and factor:THREE even after retrying
2019-09-19 14:41:24,762 [IPC Server handler 0 on 35392] ERROR block.BlockManagerImpl (BlockManagerImpl.java:allocateBlock(222)) - Unable to allocate a block for the size: 4194304, type: RATIS, factor: THREE
2019-09-19 14:41:24,762 [IPC Server handler 0 on 35392] ERROR pipeline.PipelinePlacementPolicy (PipelinePlacementPolicy.java:meetCriteria(91)) - Pipeline Placement: Doesn't meet the criteria to be viable node. Heaviness: 6
2019-09-19 14:41:24,762 [IPC Server handler 0 on 35392] ERROR pipeline.PipelinePlacementPolicy (PipelinePlacementPolicy.java:meetCriteria(91)) - Pipeline Placement: Doesn't meet the criteria to be viable node. Heaviness: 6
2019-09-19 14:41:24,762 [IPC Server handler 0 on 35392] ERROR pipeline.PipelinePlacementPolicy (PipelinePlacementPolicy.java:meetCriteria(91)) - Pipeline Placement: Doesn't meet the criteria to be viable node. Heaviness: 6
2019-09-19 14:41:24,762 [IPC Server handler 0 on 35392] ERROR pipeline.PipelinePlacementPolicy (PipelinePlacementPolicy.java:filterViableNodes(146)) - Unable to find enough nodes that meet the criteria that cannot engage in more than 5 pipelines. Nodes required: 3 Found: 0, healthy nodes count inNodeManager: 3.
2019-09-19 14:41:24,763 [IPC Server handler 0 on 35392] ERROR pipeline.SCMPipelineManager (SCMPipelineManager.java:createPipeline(161)) - Pipeline creation failed due to exception: Unable to find enough nodes that meet the criteria that cannot engage in more than 5 pipelines. Nodes required: 3 Found: 0, healthy nodes count inNodeManager: 3.
2019-09-19 14:41:24,763 [IPC Server handler 0 on 35392] WARN  block.BlockManagerImpl (BlockManagerImpl.java:allocateBlock(192)) - Pipeline creation failed for type:RATIS factor:THREE. Retrying get pipelines call once.
org.apache.hadoop.hdds.scm.exceptions.SCMException: Unable to find enough nodes that meet the criteria that cannot engage in more than 5 pipelines. Nodes required: 3 Found: 0, healthy nodes count inNodeManager: 3.
	at org.apache.hadoop.hdds.scm.pipeline.PipelinePlacementPolicy.filterViableNodes(PipelinePlacementPolicy.java:147)
	at org.apache.hadoop.hdds.scm.pipeline.PipelinePlacementPolicy.chooseDatanodes(PipelinePlacementPolicy.java:170)
	at org.apache.hadoop.hdds.scm.pipeline.RatisPipelineProvider.create(RatisPipelineProvider.java:92)
	at org.apache.hadoop.hdds.scm.pipeline.PipelineFactory.create(PipelineFactory.java:57)
	at org.apache.hadoop.hdds.scm.pipeline.SCMPipelineManager.createPipeline(SCMPipelineManager.java:149)
	at org.apache.hadoop.hdds.scm.block.BlockManagerImpl.allocateBlock(BlockManagerImpl.java:190)
	at org.apache.hadoop.hdds.scm.server.SCMBlockProtocolServer.allocateBlock(SCMBlockProtocolServer.java:175)
	at org.apache.hadoop.ozone.protocolPB.ScmBlockLocationProtocolServerSideTranslatorPB.allocateScmBlock(ScmBlockLocationProtocolServerSideTranslatorPB.java:153)
	at org.apache.hadoop.ozone.protocolPB.ScmBlockLocationProtocolServerSideTranslatorPB.send(ScmBlockLocationProtocolServerSideTranslatorPB.java:112)
	at org.apache.hadoop.hdds.protocol.proto.ScmBlockLocationProtocolProtos$ScmBlockLocationProtocolService$2.callBlockingMethod(ScmBlockLocationProtocolProtos.java:13157)
	at org.apache.hadoop.ipc.ProtobufRpcEngine$Server$ProtoBufRpcInvoker.call(ProtobufRpcEngine.java:524)
	at org.apache.hadoop.ipc.RPC$Server.call(RPC.java:1025)
	at org.apache.hadoop.ipc.Server$RpcCall.run(Server.java:876)
	at org.apache.hadoop.ipc.Server$RpcCall.run(Server.java:822)
	at java.security.AccessController.doPrivileged(Native Method)
	at javax.security.auth.Subject.doAs(Subject.java:422)
	at org.apache.hadoop.security.UserGroupInformation.doAs(UserGroupInformation.java:1730)
	at org.apache.hadoop.ipc.Server$Handler.run(Server.java:2682)
2019-09-19 14:41:24,763 [IPC Server handler 0 on 35392] INFO  block.BlockManagerImpl (BlockManagerImpl.java:allocateBlock(198)) - Could not find available pipeline of type:RATIS and factor:THREE even after retrying
2019-09-19 14:41:24,763 [IPC Server handler 0 on 35392] ERROR block.BlockManagerImpl (BlockManagerImpl.java:allocateBlock(222)) - Unable to allocate a block for the size: 4194304, type: RATIS, factor: THREE
2019-09-19 14:41:24,764 [IPC Server handler 0 on 35392] ERROR pipeline.PipelinePlacementPolicy (PipelinePlacementPolicy.java:meetCriteria(91)) - Pipeline Placement: Doesn't meet the criteria to be viable node. Heaviness: 6
2019-09-19 14:41:24,764 [IPC Server handler 0 on 35392] ERROR pipeline.PipelinePlacementPolicy (PipelinePlacementPolicy.java:meetCriteria(91)) - Pipeline Placement: Doesn't meet the criteria to be viable node. Heaviness: 6
2019-09-19 14:41:24,764 [IPC Server handler 0 on 35392] ERROR pipeline.PipelinePlacementPolicy (PipelinePlacementPolicy.java:meetCriteria(91)) - Pipeline Placement: Doesn't meet the criteria to be viable node. Heaviness: 6
2019-09-19 14:41:24,764 [IPC Server handler 0 on 35392] ERROR pipeline.PipelinePlacementPolicy (PipelinePlacementPolicy.java:filterViableNodes(146)) - Unable to find enough nodes that meet the criteria that cannot engage in more than 5 pipelines. Nodes required: 3 Found: 0, healthy nodes count inNodeManager: 3.
2019-09-19 14:41:24,764 [IPC Server handler 0 on 35392] ERROR pipeline.SCMPipelineManager (SCMPipelineManager.java:createPipeline(161)) - Pipeline creation failed due to exception: Unable to find enough nodes that meet the criteria that cannot engage in more than 5 pipelines. Nodes required: 3 Found: 0, healthy nodes count inNodeManager: 3.
2019-09-19 14:41:24,764 [IPC Server handler 0 on 35392] WARN  block.BlockManagerImpl (BlockManagerImpl.java:allocateBlock(192)) - Pipeline creation failed for type:RATIS factor:THREE. Retrying get pipelines call once.
org.apache.hadoop.hdds.scm.exceptions.SCMException: Unable to find enough nodes that meet the criteria that cannot engage in more than 5 pipelines. Nodes required: 3 Found: 0, healthy nodes count inNodeManager: 3.
	at org.apache.hadoop.hdds.scm.pipeline.PipelinePlacementPolicy.filterViableNodes(PipelinePlacementPolicy.java:147)
	at org.apache.hadoop.hdds.scm.pipeline.PipelinePlacementPolicy.chooseDatanodes(PipelinePlacementPolicy.java:170)
	at org.apache.hadoop.hdds.scm.pipeline.RatisPipelineProvider.create(RatisPipelineProvider.java:92)
	at org.apache.hadoop.hdds.scm.pipeline.PipelineFactory.create(PipelineFactory.java:57)
	at org.apache.hadoop.hdds.scm.pipeline.SCMPipelineManager.createPipeline(SCMPipelineManager.java:149)
	at org.apache.hadoop.hdds.scm.block.BlockManagerImpl.allocateBlock(BlockManagerImpl.java:190)
	at org.apache.hadoop.hdds.scm.server.SCMBlockProtocolServer.allocateBlock(SCMBlockProtocolServer.java:175)
	at org.apache.hadoop.ozone.protocolPB.ScmBlockLocationProtocolServerSideTranslatorPB.allocateScmBlock(ScmBlockLocationProtocolServerSideTranslatorPB.java:153)
	at org.apache.hadoop.ozone.protocolPB.ScmBlockLocationProtocolServerSideTranslatorPB.send(ScmBlockLocationProtocolServerSideTranslatorPB.java:112)
	at org.apache.hadoop.hdds.protocol.proto.ScmBlockLocationProtocolProtos$ScmBlockLocationProtocolService$2.callBlockingMethod(ScmBlockLocationProtocolProtos.java:13157)
	at org.apache.hadoop.ipc.ProtobufRpcEngine$Server$ProtoBufRpcInvoker.call(ProtobufRpcEngine.java:524)
	at org.apache.hadoop.ipc.RPC$Server.call(RPC.java:1025)
	at org.apache.hadoop.ipc.Server$RpcCall.run(Server.java:876)
	at org.apache.hadoop.ipc.Server$RpcCall.run(Server.java:822)
	at java.security.AccessController.doPrivileged(Native Method)
	at javax.security.auth.Subject.doAs(Subject.java:422)
	at org.apache.hadoop.security.UserGroupInformation.doAs(UserGroupInformation.java:1730)
	at org.apache.hadoop.ipc.Server$Handler.run(Server.java:2682)
2019-09-19 14:41:24,765 [IPC Server handler 0 on 35392] INFO  block.BlockManagerImpl (BlockManagerImpl.java:allocateBlock(198)) - Could not find available pipeline of type:RATIS and factor:THREE even after retrying
2019-09-19 14:41:24,765 [IPC Server handler 0 on 35392] ERROR block.BlockManagerImpl (BlockManagerImpl.java:allocateBlock(222)) - Unable to allocate a block for the size: 4194304, type: RATIS, factor: THREE
2019-09-19 14:41:24,765 [IPC Server handler 0 on 35392] ERROR pipeline.PipelinePlacementPolicy (PipelinePlacementPolicy.java:meetCriteria(91)) - Pipeline Placement: Doesn't meet the criteria to be viable node. Heaviness: 6
2019-09-19 14:41:24,765 [IPC Server handler 0 on 35392] ERROR pipeline.PipelinePlacementPolicy (PipelinePlacementPolicy.java:meetCriteria(91)) - Pipeline Placement: Doesn't meet the criteria to be viable node. Heaviness: 6
2019-09-19 14:41:24,766 [IPC Server handler 0 on 35392] ERROR pipeline.PipelinePlacementPolicy (PipelinePlacementPolicy.java:meetCriteria(91)) - Pipeline Placement: Doesn't meet the criteria to be viable node. Heaviness: 6
2019-09-19 14:41:24,766 [IPC Server handler 0 on 35392] ERROR pipeline.PipelinePlacementPolicy (PipelinePlacementPolicy.java:filterViableNodes(146)) - Unable to find enough nodes that meet the criteria that cannot engage in more than 5 pipelines. Nodes required: 3 Found: 0, healthy nodes count inNodeManager: 3.
2019-09-19 14:41:24,766 [IPC Server handler 0 on 35392] ERROR pipeline.SCMPipelineManager (SCMPipelineManager.java:createPipeline(161)) - Pipeline creation failed due to exception: Unable to find enough nodes that meet the criteria that cannot engage in more than 5 pipelines. Nodes required: 3 Found: 0, healthy nodes count inNodeManager: 3.
2019-09-19 14:41:24,766 [IPC Server handler 0 on 35392] WARN  block.BlockManagerImpl (BlockManagerImpl.java:allocateBlock(192)) - Pipeline creation failed for type:RATIS factor:THREE. Retrying get pipelines call once.
org.apache.hadoop.hdds.scm.exceptions.SCMException: Unable to find enough nodes that meet the criteria that cannot engage in more than 5 pipelines. Nodes required: 3 Found: 0, healthy nodes count inNodeManager: 3.
	at org.apache.hadoop.hdds.scm.pipeline.PipelinePlacementPolicy.filterViableNodes(PipelinePlacementPolicy.java:147)
	at org.apache.hadoop.hdds.scm.pipeline.PipelinePlacementPolicy.chooseDatanodes(PipelinePlacementPolicy.java:170)
	at org.apache.hadoop.hdds.scm.pipeline.RatisPipelineProvider.create(RatisPipelineProvider.java:92)
	at org.apache.hadoop.hdds.scm.pipeline.PipelineFactory.create(PipelineFactory.java:57)
	at org.apache.hadoop.hdds.scm.pipeline.SCMPipelineManager.createPipeline(SCMPipelineManager.java:149)
	at org.apache.hadoop.hdds.scm.block.BlockManagerImpl.allocateBlock(BlockManagerImpl.java:190)
	at org.apache.hadoop.hdds.scm.server.SCMBlockProtocolServer.allocateBlock(SCMBlockProtocolServer.java:175)
	at org.apache.hadoop.ozone.protocolPB.ScmBlockLocationProtocolServerSideTranslatorPB.allocateScmBlock(ScmBlockLocationProtocolServerSideTranslatorPB.java:153)
	at org.apache.hadoop.ozone.protocolPB.ScmBlockLocationProtocolServerSideTranslatorPB.send(ScmBlockLocationProtocolServerSideTranslatorPB.java:112)
	at org.apache.hadoop.hdds.protocol.proto.ScmBlockLocationProtocolProtos$ScmBlockLocationProtocolService$2.callBlockingMethod(ScmBlockLocationProtocolProtos.java:13157)
	at org.apache.hadoop.ipc.ProtobufRpcEngine$Server$ProtoBufRpcInvoker.call(ProtobufRpcEngine.java:524)
	at org.apache.hadoop.ipc.RPC$Server.call(RPC.java:1025)
	at org.apache.hadoop.ipc.Server$RpcCall.run(Server.java:876)
	at org.apache.hadoop.ipc.Server$RpcCall.run(Server.java:822)
	at java.security.AccessController.doPrivileged(Native Method)
	at javax.security.auth.Subject.doAs(Subject.java:422)
	at org.apache.hadoop.security.UserGroupInformation.doAs(UserGroupInformation.java:1730)
	at org.apache.hadoop.ipc.Server$Handler.run(Server.java:2682)
2019-09-19 14:41:24,767 [IPC Server handler 0 on 35392] INFO  block.BlockManagerImpl (BlockManagerImpl.java:allocateBlock(198)) - Could not find available pipeline of type:RATIS and factor:THREE even after retrying
2019-09-19 14:41:24,767 [IPC Server handler 0 on 35392] ERROR block.BlockManagerImpl (BlockManagerImpl.java:allocateBlock(222)) - Unable to allocate a block for the size: 4194304, type: RATIS, factor: THREE
2019-09-19 14:41:24,767 | INFO  | SCMAudit | user=jenkins1000 | ip=192.168.5.132 | op=ALLOCATE_BLOCK {owner=975a56d6-8fdc-44cb-9b3a-03460b853b02, size=4194304, type=RATIS, factor=THREE} | ret=SUCCESS |  
2019-09-19 14:41:24,772 | ERROR | OMAudit | user=jenkins1000 | ip=127.0.0.1 | op=ALLOCATE_KEY {volume=vol-0-87938, bucket=bucket-0-04105, key=key-0-73782, dataSize=20971520, replicationType=RATIS, replicationFactor=THREE, keyLocationInfo=null} | ret=FAILURE | org.apache.hadoop.hdds.scm.exceptions.SCMException: Allocated 0 blocks. Requested 5 blocks
	at org.apache.hadoop.hdds.scm.protocolPB.ScmBlockLocationProtocolClientSideTranslatorPB.handleError(ScmBlockLocationProtocolClientSideTranslatorPB.java:118)
	at org.apache.hadoop.hdds.scm.protocolPB.ScmBlockLocationProtocolClientSideTranslatorPB.allocateBlock(ScmBlockLocationProtocolClientSideTranslatorPB.java:156) 
2019-09-19 14:41:24,775 [pool-56-thread-3] ERROR freon.RandomKeyGenerator (RandomKeyGenerator.java:createKey(724)) - Exception while adding key: key-0-73782 in bucket: bucket-0-04105 of volume: vol-0-87938.
INTERNAL_ERROR org.apache.hadoop.ozone.om.exceptions.OMException: Allocated 0 blocks. Requested 5 blocks
	at org.apache.hadoop.ozone.om.protocolPB.OzoneManagerProtocolClientSideTranslatorPB.handleError(OzoneManagerProtocolClientSideTranslatorPB.java:725)
	at org.apache.hadoop.ozone.om.protocolPB.OzoneManagerProtocolClientSideTranslatorPB.openKey(OzoneManagerProtocolClientSideTranslatorPB.java:716)
	at org.apache.hadoop.ozone.client.rpc.RpcClient.createKey(RpcClient.java:615)
	at org.apache.hadoop.ozone.client.OzoneBucket.createKey(OzoneBucket.java:323)
	at org.apache.hadoop.ozone.freon.RandomKeyGenerator.createKey(RandomKeyGenerator.java:686)
	at org.apache.hadoop.ozone.freon.RandomKeyGenerator.access$1100(RandomKeyGenerator.java:87)
	at org.apache.hadoop.ozone.freon.RandomKeyGenerator$ObjectCreator.run(RandomKeyGenerator.java:606)
	at java.util.concurrent.Executors$RunnableAdapter.call(Executors.java:511)
	at java.util.concurrent.FutureTask.run(FutureTask.java:266)
	at java.util.concurrent.ThreadPoolExecutor.runWorker(ThreadPoolExecutor.java:1149)
	at java.util.concurrent.ThreadPoolExecutor$Worker.run(ThreadPoolExecutor.java:624)
	at java.lang.Thread.run(Thread.java:748)
2019-09-19 14:41:25,113 | INFO  | SCMAudit | user=jenkins1000 | ip=192.168.5.132 | op=SEND_HEARTBEAT {datanodeUUID=d033faf8-504f-4a64-afa7-ddf7ce9deedd, command=[]} | ret=SUCCESS |  
 0.00% |█                                                                                                    |  0/1 Time: 0:00:012019-09-19 14:41:25,169 [Thread-177] INFO  container.ReplicationManager (ReplicationManager.java:start(151)) - Starting Replication Monitor Thread.
2019-09-19 14:41:25,171 [ReplicationMonitor] INFO  container.ReplicationManager (ReplicationManager.java:run(214)) - Replication Monitor Thread took 1 milliseconds for processing 0 containers.
2019-09-19 14:41:25,438 | INFO  | SCMAudit | user=jenkins1000 | ip=192.168.5.132 | op=SEND_HEARTBEAT {datanodeUUID=3ce8bbe8-7e3d-4ed9-84a6-47ae1608dbd8, command=[]} | ret=SUCCESS |  
2019-09-19 14:41:25,673 | INFO  | SCMAudit | user=jenkins1000 | ip=192.168.5.132 | op=SEND_HEARTBEAT {datanodeUUID=b886c3c4-1cd6-4bed-9a98-4245f87de067, command=[]} | ret=SUCCESS |  
2019-09-19 14:41:26,113 | INFO  | SCMAudit | user=jenkins1000 | ip=192.168.5.132 | op=SEND_HEARTBEAT {datanodeUUID=d033faf8-504f-4a64-afa7-ddf7ce9deedd, command=[]} | ret=SUCCESS |  
 0.00% |█                                                                                                    |  0/1 Time: 0:00:022019-09-19 14:41:26,439 | INFO  | SCMAudit | user=jenkins1000 | ip=192.168.5.132 | op=SEND_HEARTBEAT {datanodeUUID=3ce8bbe8-7e3d-4ed9-84a6-47ae1608dbd8, command=[]} | ret=SUCCESS |  
2019-09-19 14:41:26,668 | INFO  | SCMAudit | user=jenkins1000 | ip=192.168.5.132 | op=SEND_HEARTBEAT {datanodeUUID=b886c3c4-1cd6-4bed-9a98-4245f87de067, command=[]} | ret=SUCCESS |  
2019-09-19 14:41:27,113 | INFO  | SCMAudit | user=jenkins1000 | ip=192.168.5.132 | op=SEND_HEARTBEAT {datanodeUUID=d033faf8-504f-4a64-afa7-ddf7ce9deedd, command=[]} | ret=SUCCESS |  
 0.00% |█                                                                                                    |  0/1 Time: 0:00:032019-09-19 14:41:27,439 | INFO  | SCMAudit | user=jenkins1000 | ip=192.168.5.132 | op=SEND_HEARTBEAT {datanodeUUID=3ce8bbe8-7e3d-4ed9-84a6-47ae1608dbd8, command=[]} | ret=SUCCESS |  
2019-09-19 14:41:27,667 | INFO  | SCMAudit | user=jenkins1000 | ip=192.168.5.132 | op=SEND_HEARTBEAT {datanodeUUID=b886c3c4-1cd6-4bed-9a98-4245f87de067, command=[]} | ret=SUCCESS |  
2019-09-19 14:41:28,115 | INFO  | SCMAudit | user=jenkins1000 | ip=192.168.5.132 | op=SEND_HEARTBEAT {datanodeUUID=d033faf8-504f-4a64-afa7-ddf7ce9deedd, command=[]} | ret=SUCCESS |  
 0.00% |█                                                                                                    |  0/1 Time: 0:00:042019-09-19 14:41:28,439 | INFO  | SCMAudit | user=jenkins1000 | ip=192.168.5.132 | op=SEND_HEARTBEAT {datanodeUUID=3ce8bbe8-7e3d-4ed9-84a6-47ae1608dbd8, command=[]} | ret=SUCCESS |  
2019-09-19 14:41:28,450 [Thread-179] INFO  impl.FollowerState (FollowerState.java:run(106)) - d033faf8-504f-4a64-afa7-ddf7ce9deedd:group-C6C40799F84F changes to CANDIDATE, lastRpcTime:5172, electionTimeout:5171ms
2019-09-19 14:41:28,451 [Thread-179] INFO  impl.RoleInfo (RoleInfo.java:shutdownFollowerState(121)) - d033faf8-504f-4a64-afa7-ddf7ce9deedd: shutdown FollowerState
2019-09-19 14:41:28,451 [Thread-179] INFO  impl.RaftServerImpl (RaftServerImpl.java:setRole(171)) - d033faf8-504f-4a64-afa7-ddf7ce9deedd:group-C6C40799F84F changes role from FOLLOWER to CANDIDATE at term 0 for changeToCandidate
2019-09-19 14:41:28,457 [Thread-179] INFO  impl.RoleInfo (RoleInfo.java:updateAndGet(143)) - d033faf8-504f-4a64-afa7-ddf7ce9deedd: start LeaderElection
2019-09-19 14:41:28,500 [d033faf8-504f-4a64-afa7-ddf7ce9deedd:group-C6C40799F84F:LeaderElection1] INFO  impl.LeaderElection (LeaderElection.java:askForVotes(181)) - d033faf8-504f-4a64-afa7-ddf7ce9deedd:group-C6C40799F84F:LeaderElection1: begin an election at term 1 for -1: [d033faf8-504f-4a64-afa7-ddf7ce9deedd:192.168.5.132:44341], old=null
2019-09-19 14:41:28,502 [d033faf8-504f-4a64-afa7-ddf7ce9deedd:group-C6C40799F84F:LeaderElection1] INFO  impl.RoleInfo (RoleInfo.java:shutdownLeaderElection(134)) - d033faf8-504f-4a64-afa7-ddf7ce9deedd: shutdown LeaderElection
2019-09-19 14:41:28,503 [d033faf8-504f-4a64-afa7-ddf7ce9deedd:group-C6C40799F84F:LeaderElection1] INFO  impl.RaftServerImpl (RaftServerImpl.java:setRole(171)) - d033faf8-504f-4a64-afa7-ddf7ce9deedd:group-C6C40799F84F changes role from CANDIDATE to LEADER at term 1 for changeToLeader
2019-09-19 14:41:28,503 [d033faf8-504f-4a64-afa7-ddf7ce9deedd:group-C6C40799F84F:LeaderElection1] INFO  impl.RaftServerImpl (ServerState.java:setLeader(263)) - d033faf8-504f-4a64-afa7-ddf7ce9deedd:group-C6C40799F84F change Leader from null to d033faf8-504f-4a64-afa7-ddf7ce9deedd at term 1 for becomeLeader, leader elected after 5310ms
2019-09-19 14:41:28,510 [Thread-185] INFO  impl.FollowerState (FollowerState.java:run(106)) - b886c3c4-1cd6-4bed-9a98-4245f87de067:group-C30BD1A231F8 changes to CANDIDATE, lastRpcTime:5000, electionTimeout:5000ms
2019-09-19 14:41:28,512 [Thread-185] INFO  impl.RoleInfo (RoleInfo.java:shutdownFollowerState(121)) - b886c3c4-1cd6-4bed-9a98-4245f87de067: shutdown FollowerState
2019-09-19 14:41:28,512 [Thread-185] INFO  impl.RaftServerImpl (RaftServerImpl.java:setRole(171)) - b886c3c4-1cd6-4bed-9a98-4245f87de067:group-C30BD1A231F8 changes role from FOLLOWER to CANDIDATE at term 0 for changeToCandidate
2019-09-19 14:41:28,512 [Thread-185] INFO  impl.RoleInfo (RoleInfo.java:updateAndGet(143)) - b886c3c4-1cd6-4bed-9a98-4245f87de067: start LeaderElection
2019-09-19 14:41:28,516 [d033faf8-504f-4a64-afa7-ddf7ce9deedd:group-C6C40799F84F:LeaderElection1] INFO  server.RaftServerConfigKeys (ConfUtils.java:logGet(43)) - raft.server.staging.catchup.gap = 1000 (default)
2019-09-19 14:41:28,517 [d033faf8-504f-4a64-afa7-ddf7ce9deedd:group-C6C40799F84F:LeaderElection1] INFO  server.RaftServerConfigKeys (ConfUtils.java:logGet(43)) - raft.server.rpc.sleep.time = 25ms (default)
2019-09-19 14:41:28,521 [d033faf8-504f-4a64-afa7-ddf7ce9deedd:group-C6C40799F84F:LeaderElection1] INFO  server.RaftServerConfigKeys (ConfUtils.java:logGet(43)) - raft.server.write.element-limit = 4096 (default)
2019-09-19 14:41:28,525 [d033faf8-504f-4a64-afa7-ddf7ce9deedd:group-C6C40799F84F:LeaderElection1] INFO  server.RaftServerConfigKeys (ConfUtils.java:logGet(43)) - raft.server.watch.timeout = 10s (default)
2019-09-19 14:41:28,525 [d033faf8-504f-4a64-afa7-ddf7ce9deedd:group-C6C40799F84F:LeaderElection1] INFO  server.RaftServerConfigKeys (ConfUtils.java:logGet(43)) - raft.server.watch.timeout.denomination = 1s (default)
2019-09-19 14:41:28,526 [d033faf8-504f-4a64-afa7-ddf7ce9deedd:group-C6C40799F84F:LeaderElection1] INFO  server.RaftServerConfigKeys (ConfUtils.java:logGet(43)) - raft.server.watch.element-limit = 65536 (default)
2019-09-19 14:41:28,539 [d033faf8-504f-4a64-afa7-ddf7ce9deedd:group-C6C40799F84F:LeaderElection1] INFO  impl.RoleInfo (RoleInfo.java:updateAndGet(143)) - d033faf8-504f-4a64-afa7-ddf7ce9deedd: start LeaderState
2019-09-19 14:41:28,542 [b886c3c4-1cd6-4bed-9a98-4245f87de067:group-C30BD1A231F8:LeaderElection2] INFO  impl.LeaderElection (LeaderElection.java:askForVotes(181)) - b886c3c4-1cd6-4bed-9a98-4245f87de067:group-C30BD1A231F8:LeaderElection2: begin an election at term 1 for -1: [b886c3c4-1cd6-4bed-9a98-4245f87de067:192.168.5.132:36960], old=null
2019-09-19 14:41:28,544 [b886c3c4-1cd6-4bed-9a98-4245f87de067:group-C30BD1A231F8:LeaderElection2] INFO  impl.RoleInfo (RoleInfo.java:shutdownLeaderElection(134)) - b886c3c4-1cd6-4bed-9a98-4245f87de067: shutdown LeaderElection
2019-09-19 14:41:28,544 [b886c3c4-1cd6-4bed-9a98-4245f87de067:group-C30BD1A231F8:LeaderElection2] INFO  impl.RaftServerImpl (RaftServerImpl.java:setRole(171)) - b886c3c4-1cd6-4bed-9a98-4245f87de067:group-C30BD1A231F8 changes role from CANDIDATE to LEADER at term 1 for changeToLeader
2019-09-19 14:41:28,544 [b886c3c4-1cd6-4bed-9a98-4245f87de067:group-C30BD1A231F8:LeaderElection2] INFO  impl.RaftServerImpl (ServerState.java:setLeader(263)) - b886c3c4-1cd6-4bed-9a98-4245f87de067:group-C30BD1A231F8 change Leader from null to b886c3c4-1cd6-4bed-9a98-4245f87de067 at term 1 for becomeLeader, leader elected after 5040ms
2019-09-19 14:41:28,544 [b886c3c4-1cd6-4bed-9a98-4245f87de067:group-C30BD1A231F8:LeaderElection2] INFO  server.RaftServerConfigKeys (ConfUtils.java:logGet(43)) - raft.server.staging.catchup.gap = 1000 (default)
2019-09-19 14:41:28,544 [b886c3c4-1cd6-4bed-9a98-4245f87de067:group-C30BD1A231F8:LeaderElection2] INFO  server.RaftServerConfigKeys (ConfUtils.java:logGet(43)) - raft.server.rpc.sleep.time = 25ms (default)
2019-09-19 14:41:28,544 [b886c3c4-1cd6-4bed-9a98-4245f87de067:group-C30BD1A231F8:LeaderElection2] INFO  server.RaftServerConfigKeys (ConfUtils.java:logGet(43)) - raft.server.write.element-limit = 4096 (default)
2019-09-19 14:41:28,545 [b886c3c4-1cd6-4bed-9a98-4245f87de067:group-C30BD1A231F8:LeaderElection2] INFO  server.RaftServerConfigKeys (ConfUtils.java:logGet(43)) - raft.server.watch.timeout = 10s (default)
2019-09-19 14:41:28,545 [b886c3c4-1cd6-4bed-9a98-4245f87de067:group-C30BD1A231F8:LeaderElection2] INFO  server.RaftServerConfigKeys (ConfUtils.java:logGet(43)) - raft.server.watch.timeout.denomination = 1s (default)
2019-09-19 14:41:28,545 [b886c3c4-1cd6-4bed-9a98-4245f87de067:group-C30BD1A231F8:LeaderElection2] INFO  server.RaftServerConfigKeys (ConfUtils.java:logGet(43)) - raft.server.watch.element-limit = 65536 (default)
2019-09-19 14:41:28,545 [b886c3c4-1cd6-4bed-9a98-4245f87de067:group-C30BD1A231F8:LeaderElection2] INFO  impl.RoleInfo (RoleInfo.java:updateAndGet(143)) - b886c3c4-1cd6-4bed-9a98-4245f87de067: start LeaderState
2019-09-19 14:41:28,569 [d033faf8-504f-4a64-afa7-ddf7ce9deedd:group-C6C40799F84F:LeaderElection1] INFO  segmented.SegmentedRaftLogWorker (SegmentedRaftLogWorker.java:startLogSegment(380)) - d033faf8-504f-4a64-afa7-ddf7ce9deedd-SegmentedRaftLogWorker:Storage Directory /workdir/hadoop-ozone/tools/target/test-dir/MiniOzoneClusterImpl-e6d9f474-e5f5-4f7a-a570-913b705bd7a5/datanode-0/data/ratis/13085bde-ff27-4032-a266-c6c40799f84f: Starting segment from index:0
2019-09-19 14:41:28,569 [b886c3c4-1cd6-4bed-9a98-4245f87de067:group-C30BD1A231F8:LeaderElection2] INFO  segmented.SegmentedRaftLogWorker (SegmentedRaftLogWorker.java:startLogSegment(380)) - b886c3c4-1cd6-4bed-9a98-4245f87de067-SegmentedRaftLogWorker:Storage Directory /workdir/hadoop-ozone/tools/target/test-dir/MiniOzoneClusterImpl-e6d9f474-e5f5-4f7a-a570-913b705bd7a5/datanode-2/data/ratis/d11ce1ad-59a4-49a0-9ec7-c30bd1a231f8: Starting segment from index:0
2019-09-19 14:41:28,580 [b886c3c4-1cd6-4bed-9a98-4245f87de067:group-C30BD1A231F8:LeaderElection2] INFO  impl.RaftServerImpl (ServerState.java:setRaftConf(361)) - b886c3c4-1cd6-4bed-9a98-4245f87de067:group-C30BD1A231F8 set configuration 0: [b886c3c4-1cd6-4bed-9a98-4245f87de067:192.168.5.132:36960], old=null at 0
2019-09-19 14:41:28,581 [d033faf8-504f-4a64-afa7-ddf7ce9deedd:group-C6C40799F84F:LeaderElection1] INFO  impl.RaftServerImpl (ServerState.java:setRaftConf(361)) - d033faf8-504f-4a64-afa7-ddf7ce9deedd:group-C6C40799F84F set configuration 0: [d033faf8-504f-4a64-afa7-ddf7ce9deedd:192.168.5.132:44341], old=null at 0
2019-09-19 14:41:28,587 [Thread-182] INFO  impl.FollowerState (FollowerState.java:run(106)) - 3ce8bbe8-7e3d-4ed9-84a6-47ae1608dbd8:group-E94B55984FDE changes to CANDIDATE, lastRpcTime:5152, electionTimeout:5151ms
2019-09-19 14:41:28,587 [Thread-182] INFO  impl.RoleInfo (RoleInfo.java:shutdownFollowerState(121)) - 3ce8bbe8-7e3d-4ed9-84a6-47ae1608dbd8: shutdown FollowerState
2019-09-19 14:41:28,587 [Thread-182] INFO  impl.RaftServerImpl (RaftServerImpl.java:setRole(171)) - 3ce8bbe8-7e3d-4ed9-84a6-47ae1608dbd8:group-E94B55984FDE changes role from FOLLOWER to CANDIDATE at term 0 for changeToCandidate
2019-09-19 14:41:28,587 [Thread-182] INFO  impl.RoleInfo (RoleInfo.java:updateAndGet(143)) - 3ce8bbe8-7e3d-4ed9-84a6-47ae1608dbd8: start LeaderElection
2019-09-19 14:41:28,595 [Thread-188] INFO  impl.FollowerState (FollowerState.java:run(106)) - d033faf8-504f-4a64-afa7-ddf7ce9deedd:group-40C6CD18FEAA changes to CANDIDATE, lastRpcTime:5017, electionTimeout:5017ms
2019-09-19 14:41:28,595 [Thread-188] INFO  impl.RoleInfo (RoleInfo.java:shutdownFollowerState(121)) - d033faf8-504f-4a64-afa7-ddf7ce9deedd: shutdown FollowerState
2019-09-19 14:41:28,596 [Thread-188] INFO  impl.RaftServerImpl (RaftServerImpl.java:setRole(171)) - d033faf8-504f-4a64-afa7-ddf7ce9deedd:group-40C6CD18FEAA changes role from FOLLOWER to CANDIDATE at term 0 for changeToCandidate
2019-09-19 14:41:28,596 [Thread-188] INFO  impl.RoleInfo (RoleInfo.java:updateAndGet(143)) - d033faf8-504f-4a64-afa7-ddf7ce9deedd: start LeaderElection
2019-09-19 14:41:28,619 [3ce8bbe8-7e3d-4ed9-84a6-47ae1608dbd8:group-E94B55984FDE:LeaderElection3] INFO  impl.LeaderElection (LeaderElection.java:askForVotes(181)) - 3ce8bbe8-7e3d-4ed9-84a6-47ae1608dbd8:group-E94B55984FDE:LeaderElection3: begin an election at term 1 for -1: [3ce8bbe8-7e3d-4ed9-84a6-47ae1608dbd8:192.168.5.132:37911], old=null
2019-09-19 14:41:28,619 [d033faf8-504f-4a64-afa7-ddf7ce9deedd:group-40C6CD18FEAA:LeaderElection4] INFO  impl.LeaderElection (LeaderElection.java:askForVotes(181)) - d033faf8-504f-4a64-afa7-ddf7ce9deedd:group-40C6CD18FEAA:LeaderElection4: begin an election at term 1 for -1: [d033faf8-504f-4a64-afa7-ddf7ce9deedd:192.168.5.132:44341], old=null
2019-09-19 14:41:28,619 [3ce8bbe8-7e3d-4ed9-84a6-47ae1608dbd8:group-E94B55984FDE:LeaderElection3] INFO  impl.RoleInfo (RoleInfo.java:shutdownLeaderElection(134)) - 3ce8bbe8-7e3d-4ed9-84a6-47ae1608dbd8: shutdown LeaderElection
2019-09-19 14:41:28,619 [d033faf8-504f-4a64-afa7-ddf7ce9deedd:group-40C6CD18FEAA:LeaderElection4] INFO  impl.RoleInfo (RoleInfo.java:shutdownLeaderElection(134)) - d033faf8-504f-4a64-afa7-ddf7ce9deedd: shutdown LeaderElection
2019-09-19 14:41:28,619 [3ce8bbe8-7e3d-4ed9-84a6-47ae1608dbd8:group-E94B55984FDE:LeaderElection3] INFO  impl.RaftServerImpl (RaftServerImpl.java:setRole(171)) - 3ce8bbe8-7e3d-4ed9-84a6-47ae1608dbd8:group-E94B55984FDE changes role from CANDIDATE to LEADER at term 1 for changeToLeader
2019-09-19 14:41:28,619 [d033faf8-504f-4a64-afa7-ddf7ce9deedd:group-40C6CD18FEAA:LeaderElection4] INFO  impl.RaftServerImpl (RaftServerImpl.java:setRole(171)) - d033faf8-504f-4a64-afa7-ddf7ce9deedd:group-40C6CD18FEAA changes role from CANDIDATE to LEADER at term 1 for changeToLeader
2019-09-19 14:41:28,619 [3ce8bbe8-7e3d-4ed9-84a6-47ae1608dbd8:group-E94B55984FDE:LeaderElection3] INFO  impl.RaftServerImpl (ServerState.java:setLeader(263)) - 3ce8bbe8-7e3d-4ed9-84a6-47ae1608dbd8:group-E94B55984FDE change Leader from null to 3ce8bbe8-7e3d-4ed9-84a6-47ae1608dbd8 at term 1 for becomeLeader, leader elected after 5190ms
2019-09-19 14:41:28,619 [d033faf8-504f-4a64-afa7-ddf7ce9deedd:group-40C6CD18FEAA:LeaderElection4] INFO  impl.RaftServerImpl (ServerState.java:setLeader(263)) - d033faf8-504f-4a64-afa7-ddf7ce9deedd:group-40C6CD18FEAA change Leader from null to d033faf8-504f-4a64-afa7-ddf7ce9deedd at term 1 for becomeLeader, leader elected after 5046ms
2019-09-19 14:41:28,619 [3ce8bbe8-7e3d-4ed9-84a6-47ae1608dbd8:group-E94B55984FDE:LeaderElection3] INFO  server.RaftServerConfigKeys (ConfUtils.java:logGet(43)) - raft.server.staging.catchup.gap = 1000 (default)
2019-09-19 14:41:28,620 [d033faf8-504f-4a64-afa7-ddf7ce9deedd:group-40C6CD18FEAA:LeaderElection4] INFO  server.RaftServerConfigKeys (ConfUtils.java:logGet(43)) - raft.server.staging.catchup.gap = 1000 (default)
2019-09-19 14:41:28,620 [3ce8bbe8-7e3d-4ed9-84a6-47ae1608dbd8:group-E94B55984FDE:LeaderElection3] INFO  server.RaftServerConfigKeys (ConfUtils.java:logGet(43)) - raft.server.rpc.sleep.time = 25ms (default)
2019-09-19 14:41:28,620 [d033faf8-504f-4a64-afa7-ddf7ce9deedd:group-40C6CD18FEAA:LeaderElection4] INFO  server.RaftServerConfigKeys (ConfUtils.java:logGet(43)) - raft.server.rpc.sleep.time = 25ms (default)
2019-09-19 14:41:28,620 [3ce8bbe8-7e3d-4ed9-84a6-47ae1608dbd8:group-E94B55984FDE:LeaderElection3] INFO  server.RaftServerConfigKeys (ConfUtils.java:logGet(43)) - raft.server.write.element-limit = 4096 (default)
2019-09-19 14:41:28,620 [d033faf8-504f-4a64-afa7-ddf7ce9deedd:group-40C6CD18FEAA:LeaderElection4] INFO  server.RaftServerConfigKeys (ConfUtils.java:logGet(43)) - raft.server.write.element-limit = 4096 (default)
2019-09-19 14:41:28,620 [3ce8bbe8-7e3d-4ed9-84a6-47ae1608dbd8:group-E94B55984FDE:LeaderElection3] INFO  server.RaftServerConfigKeys (ConfUtils.java:logGet(43)) - raft.server.watch.timeout = 10s (default)
2019-09-19 14:41:28,620 [d033faf8-504f-4a64-afa7-ddf7ce9deedd:group-40C6CD18FEAA:LeaderElection4] INFO  server.RaftServerConfigKeys (ConfUtils.java:logGet(43)) - raft.server.watch.timeout = 10s (default)
2019-09-19 14:41:28,620 [3ce8bbe8-7e3d-4ed9-84a6-47ae1608dbd8:group-E94B55984FDE:LeaderElection3] INFO  server.RaftServerConfigKeys (ConfUtils.java:logGet(43)) - raft.server.watch.timeout.denomination = 1s (default)
2019-09-19 14:41:28,621 [d033faf8-504f-4a64-afa7-ddf7ce9deedd:group-40C6CD18FEAA:LeaderElection4] INFO  server.RaftServerConfigKeys (ConfUtils.java:logGet(43)) - raft.server.watch.timeout.denomination = 1s (default)
2019-09-19 14:41:28,621 [3ce8bbe8-7e3d-4ed9-84a6-47ae1608dbd8:group-E94B55984FDE:LeaderElection3] INFO  server.RaftServerConfigKeys (ConfUtils.java:logGet(43)) - raft.server.watch.element-limit = 65536 (default)
2019-09-19 14:41:28,621 [d033faf8-504f-4a64-afa7-ddf7ce9deedd:group-40C6CD18FEAA:LeaderElection4] INFO  server.RaftServerConfigKeys (ConfUtils.java:logGet(43)) - raft.server.watch.element-limit = 65536 (default)
2019-09-19 14:41:28,621 [3ce8bbe8-7e3d-4ed9-84a6-47ae1608dbd8:group-E94B55984FDE:LeaderElection3] INFO  impl.RoleInfo (RoleInfo.java:updateAndGet(143)) - 3ce8bbe8-7e3d-4ed9-84a6-47ae1608dbd8: start LeaderState
2019-09-19 14:41:28,621 [d033faf8-504f-4a64-afa7-ddf7ce9deedd:group-40C6CD18FEAA:LeaderElection4] INFO  impl.RoleInfo (RoleInfo.java:updateAndGet(143)) - d033faf8-504f-4a64-afa7-ddf7ce9deedd: start LeaderState
2019-09-19 14:41:28,621 [3ce8bbe8-7e3d-4ed9-84a6-47ae1608dbd8:group-E94B55984FDE:LeaderElection3] INFO  segmented.SegmentedRaftLogWorker (SegmentedRaftLogWorker.java:startLogSegment(380)) - 3ce8bbe8-7e3d-4ed9-84a6-47ae1608dbd8-SegmentedRaftLogWorker:Storage Directory /workdir/hadoop-ozone/tools/target/test-dir/MiniOzoneClusterImpl-e6d9f474-e5f5-4f7a-a570-913b705bd7a5/datanode-1/data/ratis/95db5e7d-c05e-44ef-bdc1-e94b55984fde: Starting segment from index:0
2019-09-19 14:41:28,622 [d033faf8-504f-4a64-afa7-ddf7ce9deedd:group-40C6CD18FEAA:LeaderElection4] INFO  segmented.SegmentedRaftLogWorker (SegmentedRaftLogWorker.java:startLogSegment(380)) - d033faf8-504f-4a64-afa7-ddf7ce9deedd-SegmentedRaftLogWorker:Storage Directory /workdir/hadoop-ozone/tools/target/test-dir/MiniOzoneClusterImpl-e6d9f474-e5f5-4f7a-a570-913b705bd7a5/datanode-0/data/ratis/bf3a0bad-9bec-49d2-9cf2-40c6cd18feaa: Starting segment from index:0
2019-09-19 14:41:28,622 [3ce8bbe8-7e3d-4ed9-84a6-47ae1608dbd8:group-E94B55984FDE:LeaderElection3] INFO  impl.RaftServerImpl (ServerState.java:setRaftConf(361)) - 3ce8bbe8-7e3d-4ed9-84a6-47ae1608dbd8:group-E94B55984FDE set configuration 0: [3ce8bbe8-7e3d-4ed9-84a6-47ae1608dbd8:192.168.5.132:37911], old=null at 0
2019-09-19 14:41:28,623 [d033faf8-504f-4a64-afa7-ddf7ce9deedd:group-40C6CD18FEAA:LeaderElection4] INFO  impl.RaftServerImpl (ServerState.java:setRaftConf(361)) - d033faf8-504f-4a64-afa7-ddf7ce9deedd:group-40C6CD18FEAA set configuration 0: [d033faf8-504f-4a64-afa7-ddf7ce9deedd:192.168.5.132:44341], old=null at 0
2019-09-19 14:41:28,665 | INFO  | SCMAudit | user=jenkins1000 | ip=192.168.5.132 | op=SEND_HEARTBEAT {datanodeUUID=b886c3c4-1cd6-4bed-9a98-4245f87de067, command=[]} | ret=SUCCESS |  
2019-09-19 14:41:28,732 [Thread-191] INFO  impl.FollowerState (FollowerState.java:run(106)) - d033faf8-504f-4a64-afa7-ddf7ce9deedd:group-70D442B0E2E7 changes to CANDIDATE, lastRpcTime:5096, electionTimeout:5096ms
2019-09-19 14:41:28,732 [Thread-191] INFO  impl.RoleInfo (RoleInfo.java:shutdownFollowerState(121)) - d033faf8-504f-4a64-afa7-ddf7ce9deedd: shutdown FollowerState
2019-09-19 14:41:28,732 [Thread-191] INFO  impl.RaftServerImpl (RaftServerImpl.java:setRole(171)) - d033faf8-504f-4a64-afa7-ddf7ce9deedd:group-70D442B0E2E7 changes role from FOLLOWER to CANDIDATE at term 0 for changeToCandidate
2019-09-19 14:41:28,733 [Thread-191] INFO  impl.RoleInfo (RoleInfo.java:updateAndGet(143)) - d033faf8-504f-4a64-afa7-ddf7ce9deedd: start LeaderElection
2019-09-19 14:41:28,739 [Thread-194] INFO  impl.FollowerState (FollowerState.java:run(106)) - 3ce8bbe8-7e3d-4ed9-84a6-47ae1608dbd8:group-5259EFED94A0 changes to CANDIDATE, lastRpcTime:5029, electionTimeout:5029ms
2019-09-19 14:41:28,739 [Thread-194] INFO  impl.RoleInfo (RoleInfo.java:shutdownFollowerState(121)) - 3ce8bbe8-7e3d-4ed9-84a6-47ae1608dbd8: shutdown FollowerState
2019-09-19 14:41:28,739 [Thread-194] INFO  impl.RaftServerImpl (RaftServerImpl.java:setRole(171)) - 3ce8bbe8-7e3d-4ed9-84a6-47ae1608dbd8:group-5259EFED94A0 changes role from FOLLOWER to CANDIDATE at term 0 for changeToCandidate
2019-09-19 14:41:28,740 [Thread-194] INFO  impl.RoleInfo (RoleInfo.java:updateAndGet(143)) - 3ce8bbe8-7e3d-4ed9-84a6-47ae1608dbd8: start LeaderElection
2019-09-19 14:41:28,769 [3ce8bbe8-7e3d-4ed9-84a6-47ae1608dbd8:group-5259EFED94A0:LeaderElection6] INFO  impl.LeaderElection (LeaderElection.java:askForVotes(181)) - 3ce8bbe8-7e3d-4ed9-84a6-47ae1608dbd8:group-5259EFED94A0:LeaderElection6: begin an election at term 1 for -1: [3ce8bbe8-7e3d-4ed9-84a6-47ae1608dbd8:192.168.5.132:37911], old=null
2019-09-19 14:41:28,769 [d033faf8-504f-4a64-afa7-ddf7ce9deedd:group-70D442B0E2E7:LeaderElection5] INFO  impl.LeaderElection (LeaderElection.java:askForVotes(181)) - d033faf8-504f-4a64-afa7-ddf7ce9deedd:group-70D442B0E2E7:LeaderElection5: begin an election at term 1 for -1: [d033faf8-504f-4a64-afa7-ddf7ce9deedd:192.168.5.132:44341], old=null
2019-09-19 14:41:28,769 [3ce8bbe8-7e3d-4ed9-84a6-47ae1608dbd8:group-5259EFED94A0:LeaderElection6] INFO  impl.RoleInfo (RoleInfo.java:shutdownLeaderElection(134)) - 3ce8bbe8-7e3d-4ed9-84a6-47ae1608dbd8: shutdown LeaderElection
2019-09-19 14:41:28,770 [d033faf8-504f-4a64-afa7-ddf7ce9deedd:group-70D442B0E2E7:LeaderElection5] INFO  impl.RoleInfo (RoleInfo.java:shutdownLeaderElection(134)) - d033faf8-504f-4a64-afa7-ddf7ce9deedd: shutdown LeaderElection
2019-09-19 14:41:28,770 [3ce8bbe8-7e3d-4ed9-84a6-47ae1608dbd8:group-5259EFED94A0:LeaderElection6] INFO  impl.RaftServerImpl (RaftServerImpl.java:setRole(171)) - 3ce8bbe8-7e3d-4ed9-84a6-47ae1608dbd8:group-5259EFED94A0 changes role from CANDIDATE to LEADER at term 1 for changeToLeader
2019-09-19 14:41:28,770 [d033faf8-504f-4a64-afa7-ddf7ce9deedd:group-70D442B0E2E7:LeaderElection5] INFO  impl.RaftServerImpl (RaftServerImpl.java:setRole(171)) - d033faf8-504f-4a64-afa7-ddf7ce9deedd:group-70D442B0E2E7 changes role from CANDIDATE to LEADER at term 1 for changeToLeader
2019-09-19 14:41:28,770 [3ce8bbe8-7e3d-4ed9-84a6-47ae1608dbd8:group-5259EFED94A0:LeaderElection6] INFO  impl.RaftServerImpl (ServerState.java:setLeader(263)) - 3ce8bbe8-7e3d-4ed9-84a6-47ae1608dbd8:group-5259EFED94A0 change Leader from null to 3ce8bbe8-7e3d-4ed9-84a6-47ae1608dbd8 at term 1 for becomeLeader, leader elected after 5066ms
2019-09-19 14:41:28,770 [d033faf8-504f-4a64-afa7-ddf7ce9deedd:group-70D442B0E2E7:LeaderElection5] INFO  impl.RaftServerImpl (ServerState.java:setLeader(263)) - d033faf8-504f-4a64-afa7-ddf7ce9deedd:group-70D442B0E2E7 change Leader from null to d033faf8-504f-4a64-afa7-ddf7ce9deedd at term 1 for becomeLeader, leader elected after 5137ms
2019-09-19 14:41:28,770 [3ce8bbe8-7e3d-4ed9-84a6-47ae1608dbd8:group-5259EFED94A0:LeaderElection6] INFO  server.RaftServerConfigKeys (ConfUtils.java:logGet(43)) - raft.server.staging.catchup.gap = 1000 (default)
2019-09-19 14:41:28,770 [d033faf8-504f-4a64-afa7-ddf7ce9deedd:group-70D442B0E2E7:LeaderElection5] INFO  server.RaftServerConfigKeys (ConfUtils.java:logGet(43)) - raft.server.staging.catchup.gap = 1000 (default)
2019-09-19 14:41:28,770 [3ce8bbe8-7e3d-4ed9-84a6-47ae1608dbd8:group-5259EFED94A0:LeaderElection6] INFO  server.RaftServerConfigKeys (ConfUtils.java:logGet(43)) - raft.server.rpc.sleep.time = 25ms (default)
2019-09-19 14:41:28,770 [d033faf8-504f-4a64-afa7-ddf7ce9deedd:group-70D442B0E2E7:LeaderElection5] INFO  server.RaftServerConfigKeys (ConfUtils.java:logGet(43)) - raft.server.rpc.sleep.time = 25ms (default)
2019-09-19 14:41:28,770 [3ce8bbe8-7e3d-4ed9-84a6-47ae1608dbd8:group-5259EFED94A0:LeaderElection6] INFO  server.RaftServerConfigKeys (ConfUtils.java:logGet(43)) - raft.server.write.element-limit = 4096 (default)
2019-09-19 14:41:28,771 [d033faf8-504f-4a64-afa7-ddf7ce9deedd:group-70D442B0E2E7:LeaderElection5] INFO  server.RaftServerConfigKeys (ConfUtils.java:logGet(43)) - raft.server.write.element-limit = 4096 (default)
2019-09-19 14:41:28,771 [3ce8bbe8-7e3d-4ed9-84a6-47ae1608dbd8:group-5259EFED94A0:LeaderElection6] INFO  server.RaftServerConfigKeys (ConfUtils.java:logGet(43)) - raft.server.watch.timeout = 10s (default)
2019-09-19 14:41:28,771 [d033faf8-504f-4a64-afa7-ddf7ce9deedd:group-70D442B0E2E7:LeaderElection5] INFO  server.RaftServerConfigKeys (ConfUtils.java:logGet(43)) - raft.server.watch.timeout = 10s (default)
2019-09-19 14:41:28,771 [3ce8bbe8-7e3d-4ed9-84a6-47ae1608dbd8:group-5259EFED94A0:LeaderElection6] INFO  server.RaftServerConfigKeys (ConfUtils.java:logGet(43)) - raft.server.watch.timeout.denomination = 1s (default)
2019-09-19 14:41:28,771 [d033faf8-504f-4a64-afa7-ddf7ce9deedd:group-70D442B0E2E7:LeaderElection5] INFO  server.RaftServerConfigKeys (ConfUtils.java:logGet(43)) - raft.server.watch.timeout.denomination = 1s (default)
2019-09-19 14:41:28,771 [3ce8bbe8-7e3d-4ed9-84a6-47ae1608dbd8:group-5259EFED94A0:LeaderElection6] INFO  server.RaftServerConfigKeys (ConfUtils.java:logGet(43)) - raft.server.watch.element-limit = 65536 (default)
2019-09-19 14:41:28,771 [d033faf8-504f-4a64-afa7-ddf7ce9deedd:group-70D442B0E2E7:LeaderElection5] INFO  server.RaftServerConfigKeys (ConfUtils.java:logGet(43)) - raft.server.watch.element-limit = 65536 (default)
2019-09-19 14:41:28,771 [3ce8bbe8-7e3d-4ed9-84a6-47ae1608dbd8:group-5259EFED94A0:LeaderElection6] INFO  impl.RoleInfo (RoleInfo.java:updateAndGet(143)) - 3ce8bbe8-7e3d-4ed9-84a6-47ae1608dbd8: start LeaderState
2019-09-19 14:41:28,771 [d033faf8-504f-4a64-afa7-ddf7ce9deedd:group-70D442B0E2E7:LeaderElection5] INFO  impl.RoleInfo (RoleInfo.java:updateAndGet(143)) - d033faf8-504f-4a64-afa7-ddf7ce9deedd: start LeaderState
2019-09-19 14:41:28,772 [3ce8bbe8-7e3d-4ed9-84a6-47ae1608dbd8:group-5259EFED94A0:LeaderElection6] INFO  segmented.SegmentedRaftLogWorker (SegmentedRaftLogWorker.java:startLogSegment(380)) - 3ce8bbe8-7e3d-4ed9-84a6-47ae1608dbd8-SegmentedRaftLogWorker:Storage Directory /workdir/hadoop-ozone/tools/target/test-dir/MiniOzoneClusterImpl-e6d9f474-e5f5-4f7a-a570-913b705bd7a5/datanode-1/data/ratis/6ae9ad8b-81b2-418d-b0b5-5259efed94a0: Starting segment from index:0
2019-09-19 14:41:28,772 [d033faf8-504f-4a64-afa7-ddf7ce9deedd:group-70D442B0E2E7:LeaderElection5] INFO  segmented.SegmentedRaftLogWorker (SegmentedRaftLogWorker.java:startLogSegment(380)) - d033faf8-504f-4a64-afa7-ddf7ce9deedd-SegmentedRaftLogWorker:Storage Directory /workdir/hadoop-ozone/tools/target/test-dir/MiniOzoneClusterImpl-e6d9f474-e5f5-4f7a-a570-913b705bd7a5/datanode-0/data/ratis/0013adff-99a0-4b83-b1df-70d442b0e2e7: Starting segment from index:0
2019-09-19 14:41:28,772 [3ce8bbe8-7e3d-4ed9-84a6-47ae1608dbd8:group-5259EFED94A0:LeaderElection6] INFO  impl.RaftServerImpl (ServerState.java:setRaftConf(361)) - 3ce8bbe8-7e3d-4ed9-84a6-47ae1608dbd8:group-5259EFED94A0 set configuration 0: [3ce8bbe8-7e3d-4ed9-84a6-47ae1608dbd8:192.168.5.132:37911], old=null at 0
2019-09-19 14:41:28,774 [d033faf8-504f-4a64-afa7-ddf7ce9deedd:group-70D442B0E2E7:LeaderElection5] INFO  impl.RaftServerImpl (ServerState.java:setRaftConf(361)) - d033faf8-504f-4a64-afa7-ddf7ce9deedd:group-70D442B0E2E7 set configuration 0: [d033faf8-504f-4a64-afa7-ddf7ce9deedd:192.168.5.132:44341], old=null at 0
2019-09-19 14:41:28,835 [3ce8bbe8-7e3d-4ed9-84a6-47ae1608dbd8-SegmentedRaftLogWorker:Storage Directory /workdir/hadoop-ozone/tools/target/test-dir/MiniOzoneClusterImpl-e6d9f474-e5f5-4f7a-a570-913b705bd7a5/datanode-1/data/ratis/95db5e7d-c05e-44ef-bdc1-e94b55984fde] INFO  segmented.SegmentedRaftLogWorker (SegmentedRaftLogWorker.java:execute(569)) - 3ce8bbe8-7e3d-4ed9-84a6-47ae1608dbd8-SegmentedRaftLogWorker:Storage Directory /workdir/hadoop-ozone/tools/target/test-dir/MiniOzoneClusterImpl-e6d9f474-e5f5-4f7a-a570-913b705bd7a5/datanode-1/data/ratis/95db5e7d-c05e-44ef-bdc1-e94b55984fde: created new log segment /workdir/hadoop-ozone/tools/target/test-dir/MiniOzoneClusterImpl-e6d9f474-e5f5-4f7a-a570-913b705bd7a5/datanode-1/data/ratis/95db5e7d-c05e-44ef-bdc1-e94b55984fde/current/log_inprogress_0
2019-09-19 14:41:28,835 [d033faf8-504f-4a64-afa7-ddf7ce9deedd-SegmentedRaftLogWorker:Storage Directory /workdir/hadoop-ozone/tools/target/test-dir/MiniOzoneClusterImpl-e6d9f474-e5f5-4f7a-a570-913b705bd7a5/datanode-0/data/ratis/0013adff-99a0-4b83-b1df-70d442b0e2e7] INFO  segmented.SegmentedRaftLogWorker (SegmentedRaftLogWorker.java:execute(569)) - d033faf8-504f-4a64-afa7-ddf7ce9deedd-SegmentedRaftLogWorker:Storage Directory /workdir/hadoop-ozone/tools/target/test-dir/MiniOzoneClusterImpl-e6d9f474-e5f5-4f7a-a570-913b705bd7a5/datanode-0/data/ratis/0013adff-99a0-4b83-b1df-70d442b0e2e7: created new log segment /workdir/hadoop-ozone/tools/target/test-dir/MiniOzoneClusterImpl-e6d9f474-e5f5-4f7a-a570-913b705bd7a5/datanode-0/data/ratis/0013adff-99a0-4b83-b1df-70d442b0e2e7/current/log_inprogress_0
2019-09-19 14:41:28,835 [b886c3c4-1cd6-4bed-9a98-4245f87de067-SegmentedRaftLogWorker:Storage Directory /workdir/hadoop-ozone/tools/target/test-dir/MiniOzoneClusterImpl-e6d9f474-e5f5-4f7a-a570-913b705bd7a5/datanode-2/data/ratis/d11ce1ad-59a4-49a0-9ec7-c30bd1a231f8] INFO  segmented.SegmentedRaftLogWorker (SegmentedRaftLogWorker.java:execute(569)) - b886c3c4-1cd6-4bed-9a98-4245f87de067-SegmentedRaftLogWorker:Storage Directory /workdir/hadoop-ozone/tools/target/test-dir/MiniOzoneClusterImpl-e6d9f474-e5f5-4f7a-a570-913b705bd7a5/datanode-2/data/ratis/d11ce1ad-59a4-49a0-9ec7-c30bd1a231f8: created new log segment /workdir/hadoop-ozone/tools/target/test-dir/MiniOzoneClusterImpl-e6d9f474-e5f5-4f7a-a570-913b705bd7a5/datanode-2/data/ratis/d11ce1ad-59a4-49a0-9ec7-c30bd1a231f8/current/log_inprogress_0
2019-09-19 14:41:28,835 [d033faf8-504f-4a64-afa7-ddf7ce9deedd-SegmentedRaftLogWorker:Storage Directory /workdir/hadoop-ozone/tools/target/test-dir/MiniOzoneClusterImpl-e6d9f474-e5f5-4f7a-a570-913b705bd7a5/datanode-0/data/ratis/13085bde-ff27-4032-a266-c6c40799f84f] INFO  segmented.SegmentedRaftLogWorker (SegmentedRaftLogWorker.java:execute(569)) - d033faf8-504f-4a64-afa7-ddf7ce9deedd-SegmentedRaftLogWorker:Storage Directory /workdir/hadoop-ozone/tools/target/test-dir/MiniOzoneClusterImpl-e6d9f474-e5f5-4f7a-a570-913b705bd7a5/datanode-0/data/ratis/13085bde-ff27-4032-a266-c6c40799f84f: created new log segment /workdir/hadoop-ozone/tools/target/test-dir/MiniOzoneClusterImpl-e6d9f474-e5f5-4f7a-a570-913b705bd7a5/datanode-0/data/ratis/13085bde-ff27-4032-a266-c6c40799f84f/current/log_inprogress_0
2019-09-19 14:41:28,835 [d033faf8-504f-4a64-afa7-ddf7ce9deedd-SegmentedRaftLogWorker:Storage Directory /workdir/hadoop-ozone/tools/target/test-dir/MiniOzoneClusterImpl-e6d9f474-e5f5-4f7a-a570-913b705bd7a5/datanode-0/data/ratis/bf3a0bad-9bec-49d2-9cf2-40c6cd18feaa] INFO  segmented.SegmentedRaftLogWorker (SegmentedRaftLogWorker.java:execute(569)) - d033faf8-504f-4a64-afa7-ddf7ce9deedd-SegmentedRaftLogWorker:Storage Directory /workdir/hadoop-ozone/tools/target/test-dir/MiniOzoneClusterImpl-e6d9f474-e5f5-4f7a-a570-913b705bd7a5/datanode-0/data/ratis/bf3a0bad-9bec-49d2-9cf2-40c6cd18feaa: created new log segment /workdir/hadoop-ozone/tools/target/test-dir/MiniOzoneClusterImpl-e6d9f474-e5f5-4f7a-a570-913b705bd7a5/datanode-0/data/ratis/bf3a0bad-9bec-49d2-9cf2-40c6cd18feaa/current/log_inprogress_0
2019-09-19 14:41:28,835 [3ce8bbe8-7e3d-4ed9-84a6-47ae1608dbd8-SegmentedRaftLogWorker:Storage Directory /workdir/hadoop-ozone/tools/target/test-dir/MiniOzoneClusterImpl-e6d9f474-e5f5-4f7a-a570-913b705bd7a5/datanode-1/data/ratis/6ae9ad8b-81b2-418d-b0b5-5259efed94a0] INFO  segmented.SegmentedRaftLogWorker (SegmentedRaftLogWorker.java:execute(569)) - 3ce8bbe8-7e3d-4ed9-84a6-47ae1608dbd8-SegmentedRaftLogWorker:Storage Directory /workdir/hadoop-ozone/tools/target/test-dir/MiniOzoneClusterImpl-e6d9f474-e5f5-4f7a-a570-913b705bd7a5/datanode-1/data/ratis/6ae9ad8b-81b2-418d-b0b5-5259efed94a0: created new log segment /workdir/hadoop-ozone/tools/target/test-dir/MiniOzoneClusterImpl-e6d9f474-e5f5-4f7a-a570-913b705bd7a5/datanode-1/data/ratis/6ae9ad8b-81b2-418d-b0b5-5259efed94a0/current/log_inprogress_0
2019-09-19 14:41:28,855 [Thread-198] INFO  impl.FollowerState (FollowerState.java:run(106)) - 3ce8bbe8-7e3d-4ed9-84a6-47ae1608dbd8:group-CEA302C304ED changes to CANDIDATE, lastRpcTime:5019, electionTimeout:5019ms
2019-09-19 14:41:28,857 [Thread-198] INFO  impl.RoleInfo (RoleInfo.java:shutdownFollowerState(121)) - 3ce8bbe8-7e3d-4ed9-84a6-47ae1608dbd8: shutdown FollowerState
2019-09-19 14:41:28,857 [Thread-198] INFO  impl.RaftServerImpl (RaftServerImpl.java:setRole(171)) - 3ce8bbe8-7e3d-4ed9-84a6-47ae1608dbd8:group-CEA302C304ED changes role from FOLLOWER to CANDIDATE at term 0 for changeToCandidate
2019-09-19 14:41:28,857 [Thread-198] INFO  impl.RoleInfo (RoleInfo.java:updateAndGet(143)) - 3ce8bbe8-7e3d-4ed9-84a6-47ae1608dbd8: start LeaderElection
2019-09-19 14:41:28,884 [3ce8bbe8-7e3d-4ed9-84a6-47ae1608dbd8:group-CEA302C304ED:LeaderElection7] INFO  impl.LeaderElection (LeaderElection.java:askForVotes(181)) - 3ce8bbe8-7e3d-4ed9-84a6-47ae1608dbd8:group-CEA302C304ED:LeaderElection7: begin an election at term 1 for -1: [3ce8bbe8-7e3d-4ed9-84a6-47ae1608dbd8:192.168.5.132:37911], old=null
2019-09-19 14:41:28,886 [3ce8bbe8-7e3d-4ed9-84a6-47ae1608dbd8:group-CEA302C304ED:LeaderElection7] INFO  impl.RoleInfo (RoleInfo.java:shutdownLeaderElection(134)) - 3ce8bbe8-7e3d-4ed9-84a6-47ae1608dbd8: shutdown LeaderElection
2019-09-19 14:41:28,886 [3ce8bbe8-7e3d-4ed9-84a6-47ae1608dbd8:group-CEA302C304ED:LeaderElection7] INFO  impl.RaftServerImpl (RaftServerImpl.java:setRole(171)) - 3ce8bbe8-7e3d-4ed9-84a6-47ae1608dbd8:group-CEA302C304ED changes role from CANDIDATE to LEADER at term 1 for changeToLeader
2019-09-19 14:41:28,886 [3ce8bbe8-7e3d-4ed9-84a6-47ae1608dbd8:group-CEA302C304ED:LeaderElection7] INFO  impl.RaftServerImpl (ServerState.java:setLeader(263)) - 3ce8bbe8-7e3d-4ed9-84a6-47ae1608dbd8:group-CEA302C304ED change Leader from null to 3ce8bbe8-7e3d-4ed9-84a6-47ae1608dbd8 at term 1 for becomeLeader, leader elected after 5056ms
2019-09-19 14:41:28,886 [3ce8bbe8-7e3d-4ed9-84a6-47ae1608dbd8:group-CEA302C304ED:LeaderElection7] INFO  server.RaftServerConfigKeys (ConfUtils.java:logGet(43)) - raft.server.staging.catchup.gap = 1000 (default)
2019-09-19 14:41:28,886 [3ce8bbe8-7e3d-4ed9-84a6-47ae1608dbd8:group-CEA302C304ED:LeaderElection7] INFO  server.RaftServerConfigKeys (ConfUtils.java:logGet(43)) - raft.server.rpc.sleep.time = 25ms (default)
2019-09-19 14:41:28,887 [3ce8bbe8-7e3d-4ed9-84a6-47ae1608dbd8:group-CEA302C304ED:LeaderElection7] INFO  server.RaftServerConfigKeys (ConfUtils.java:logGet(43)) - raft.server.write.element-limit = 4096 (default)
2019-09-19 14:41:28,887 [3ce8bbe8-7e3d-4ed9-84a6-47ae1608dbd8:group-CEA302C304ED:LeaderElection7] INFO  server.RaftServerConfigKeys (ConfUtils.java:logGet(43)) - raft.server.watch.timeout = 10s (default)
2019-09-19 14:41:28,887 [3ce8bbe8-7e3d-4ed9-84a6-47ae1608dbd8:group-CEA302C304ED:LeaderElection7] INFO  server.RaftServerConfigKeys (ConfUtils.java:logGet(43)) - raft.server.watch.timeout.denomination = 1s (default)
2019-09-19 14:41:28,887 [3ce8bbe8-7e3d-4ed9-84a6-47ae1608dbd8:group-CEA302C304ED:LeaderElection7] INFO  server.RaftServerConfigKeys (ConfUtils.java:logGet(43)) - raft.server.watch.element-limit = 65536 (default)
2019-09-19 14:41:28,888 [3ce8bbe8-7e3d-4ed9-84a6-47ae1608dbd8:group-CEA302C304ED:LeaderElection7] INFO  impl.RoleInfo (RoleInfo.java:updateAndGet(143)) - 3ce8bbe8-7e3d-4ed9-84a6-47ae1608dbd8: start LeaderState
2019-09-19 14:41:28,888 [3ce8bbe8-7e3d-4ed9-84a6-47ae1608dbd8:group-CEA302C304ED:LeaderElection7] INFO  segmented.SegmentedRaftLogWorker (SegmentedRaftLogWorker.java:startLogSegment(380)) - 3ce8bbe8-7e3d-4ed9-84a6-47ae1608dbd8-SegmentedRaftLogWorker:Storage Directory /workdir/hadoop-ozone/tools/target/test-dir/MiniOzoneClusterImpl-e6d9f474-e5f5-4f7a-a570-913b705bd7a5/datanode-1/data/ratis/181cb982-8075-4d1c-a950-cea302c304ed: Starting segment from index:0
2019-09-19 14:41:28,888 [3ce8bbe8-7e3d-4ed9-84a6-47ae1608dbd8:group-CEA302C304ED:LeaderElection7] INFO  impl.RaftServerImpl (ServerState.java:setRaftConf(361)) - 3ce8bbe8-7e3d-4ed9-84a6-47ae1608dbd8:group-CEA302C304ED set configuration 0: [3ce8bbe8-7e3d-4ed9-84a6-47ae1608dbd8:192.168.5.132:37911], old=null at 0
2019-09-19 14:41:28,946 [3ce8bbe8-7e3d-4ed9-84a6-47ae1608dbd8-SegmentedRaftLogWorker:Storage Directory /workdir/hadoop-ozone/tools/target/test-dir/MiniOzoneClusterImpl-e6d9f474-e5f5-4f7a-a570-913b705bd7a5/datanode-1/data/ratis/181cb982-8075-4d1c-a950-cea302c304ed] INFO  segmented.SegmentedRaftLogWorker (SegmentedRaftLogWorker.java:execute(569)) - 3ce8bbe8-7e3d-4ed9-84a6-47ae1608dbd8-SegmentedRaftLogWorker:Storage Directory /workdir/hadoop-ozone/tools/target/test-dir/MiniOzoneClusterImpl-e6d9f474-e5f5-4f7a-a570-913b705bd7a5/datanode-1/data/ratis/181cb982-8075-4d1c-a950-cea302c304ed: created new log segment /workdir/hadoop-ozone/tools/target/test-dir/MiniOzoneClusterImpl-e6d9f474-e5f5-4f7a-a570-913b705bd7a5/datanode-1/data/ratis/181cb982-8075-4d1c-a950-cea302c304ed/current/log_inprogress_0
2019-09-19 14:41:28,977 [Thread-201] INFO  impl.FollowerState (FollowerState.java:run(106)) - d033faf8-504f-4a64-afa7-ddf7ce9deedd:group-4A6F0F4E9900 changes to CANDIDATE, lastRpcTime:5054, electionTimeout:5054ms
2019-09-19 14:41:28,978 [Thread-201] INFO  impl.RoleInfo (RoleInfo.java:shutdownFollowerState(121)) - d033faf8-504f-4a64-afa7-ddf7ce9deedd: shutdown FollowerState
2019-09-19 14:41:28,978 [Thread-201] INFO  impl.RaftServerImpl (RaftServerImpl.java:setRole(171)) - d033faf8-504f-4a64-afa7-ddf7ce9deedd:group-4A6F0F4E9900 changes role from FOLLOWER to CANDIDATE at term 0 for changeToCandidate
2019-09-19 14:41:28,979 [Thread-201] INFO  impl.RoleInfo (RoleInfo.java:updateAndGet(143)) - d033faf8-504f-4a64-afa7-ddf7ce9deedd: start LeaderElection
2019-09-19 14:41:29,006 [d033faf8-504f-4a64-afa7-ddf7ce9deedd:group-4A6F0F4E9900:LeaderElection8] INFO  impl.LeaderElection (LeaderElection.java:askForVotes(181)) - d033faf8-504f-4a64-afa7-ddf7ce9deedd:group-4A6F0F4E9900:LeaderElection8: begin an election at term 1 for -1: [d033faf8-504f-4a64-afa7-ddf7ce9deedd:192.168.5.132:44341], old=null
2019-09-19 14:41:29,008 [d033faf8-504f-4a64-afa7-ddf7ce9deedd:group-4A6F0F4E9900:LeaderElection8] INFO  impl.RoleInfo (RoleInfo.java:shutdownLeaderElection(134)) - d033faf8-504f-4a64-afa7-ddf7ce9deedd: shutdown LeaderElection
2019-09-19 14:41:29,008 [d033faf8-504f-4a64-afa7-ddf7ce9deedd:group-4A6F0F4E9900:LeaderElection8] INFO  impl.RaftServerImpl (RaftServerImpl.java:setRole(171)) - d033faf8-504f-4a64-afa7-ddf7ce9deedd:group-4A6F0F4E9900 changes role from CANDIDATE to LEADER at term 1 for changeToLeader
2019-09-19 14:41:29,008 [d033faf8-504f-4a64-afa7-ddf7ce9deedd:group-4A6F0F4E9900:LeaderElection8] INFO  impl.RaftServerImpl (ServerState.java:setLeader(263)) - d033faf8-504f-4a64-afa7-ddf7ce9deedd:group-4A6F0F4E9900 change Leader from null to d033faf8-504f-4a64-afa7-ddf7ce9deedd at term 1 for becomeLeader, leader elected after 5090ms
2019-09-19 14:41:29,009 [d033faf8-504f-4a64-afa7-ddf7ce9deedd:group-4A6F0F4E9900:LeaderElection8] INFO  server.RaftServerConfigKeys (ConfUtils.java:logGet(43)) - raft.server.staging.catchup.gap = 1000 (default)
2019-09-19 14:41:29,009 [d033faf8-504f-4a64-afa7-ddf7ce9deedd:group-4A6F0F4E9900:LeaderElection8] INFO  server.RaftServerConfigKeys (ConfUtils.java:logGet(43)) - raft.server.rpc.sleep.time = 25ms (default)
2019-09-19 14:41:29,009 [d033faf8-504f-4a64-afa7-ddf7ce9deedd:group-4A6F0F4E9900:LeaderElection8] INFO  server.RaftServerConfigKeys (ConfUtils.java:logGet(43)) - raft.server.write.element-limit = 4096 (default)
2019-09-19 14:41:29,009 [d033faf8-504f-4a64-afa7-ddf7ce9deedd:group-4A6F0F4E9900:LeaderElection8] INFO  server.RaftServerConfigKeys (ConfUtils.java:logGet(43)) - raft.server.watch.timeout = 10s (default)
2019-09-19 14:41:29,009 [d033faf8-504f-4a64-afa7-ddf7ce9deedd:group-4A6F0F4E9900:LeaderElection8] INFO  server.RaftServerConfigKeys (ConfUtils.java:logGet(43)) - raft.server.watch.timeout.denomination = 1s (default)
2019-09-19 14:41:29,009 [d033faf8-504f-4a64-afa7-ddf7ce9deedd:group-4A6F0F4E9900:LeaderElection8] INFO  server.RaftServerConfigKeys (ConfUtils.java:logGet(43)) - raft.server.watch.element-limit = 65536 (default)
2019-09-19 14:41:29,010 [d033faf8-504f-4a64-afa7-ddf7ce9deedd:group-4A6F0F4E9900:LeaderElection8] INFO  impl.RoleInfo (RoleInfo.java:updateAndGet(143)) - d033faf8-504f-4a64-afa7-ddf7ce9deedd: start LeaderState
2019-09-19 14:41:29,010 [d033faf8-504f-4a64-afa7-ddf7ce9deedd:group-4A6F0F4E9900:LeaderElection8] INFO  segmented.SegmentedRaftLogWorker (SegmentedRaftLogWorker.java:startLogSegment(380)) - d033faf8-504f-4a64-afa7-ddf7ce9deedd-SegmentedRaftLogWorker:Storage Directory /workdir/hadoop-ozone/tools/target/test-dir/MiniOzoneClusterImpl-e6d9f474-e5f5-4f7a-a570-913b705bd7a5/datanode-0/data/ratis/10781ebe-a6be-47a4-9885-4a6f0f4e9900: Starting segment from index:0
2019-09-19 14:41:29,011 [d033faf8-504f-4a64-afa7-ddf7ce9deedd:group-4A6F0F4E9900:LeaderElection8] INFO  impl.RaftServerImpl (ServerState.java:setRaftConf(361)) - d033faf8-504f-4a64-afa7-ddf7ce9deedd:group-4A6F0F4E9900 set configuration 0: [d033faf8-504f-4a64-afa7-ddf7ce9deedd:192.168.5.132:44341], old=null at 0
2019-09-19 14:41:29,036 [Thread-205] INFO  impl.FollowerState (FollowerState.java:run(106)) - b886c3c4-1cd6-4bed-9a98-4245f87de067:group-5E976CF58E74 changes to CANDIDATE, lastRpcTime:5026, electionTimeout:5013ms
2019-09-19 14:41:29,036 [Thread-205] INFO  impl.RoleInfo (RoleInfo.java:shutdownFollowerState(121)) - b886c3c4-1cd6-4bed-9a98-4245f87de067: shutdown FollowerState
2019-09-19 14:41:29,036 [Thread-205] INFO  impl.RaftServerImpl (RaftServerImpl.java:setRole(171)) - b886c3c4-1cd6-4bed-9a98-4245f87de067:group-5E976CF58E74 changes role from FOLLOWER to CANDIDATE at term 0 for changeToCandidate
2019-09-19 14:41:29,036 [Thread-205] INFO  impl.RoleInfo (RoleInfo.java:updateAndGet(143)) - b886c3c4-1cd6-4bed-9a98-4245f87de067: start LeaderElection
2019-09-19 14:41:29,060 [d033faf8-504f-4a64-afa7-ddf7ce9deedd-SegmentedRaftLogWorker:Storage Directory /workdir/hadoop-ozone/tools/target/test-dir/MiniOzoneClusterImpl-e6d9f474-e5f5-4f7a-a570-913b705bd7a5/datanode-0/data/ratis/10781ebe-a6be-47a4-9885-4a6f0f4e9900] INFO  segmented.SegmentedRaftLogWorker (SegmentedRaftLogWorker.java:execute(569)) - d033faf8-504f-4a64-afa7-ddf7ce9deedd-SegmentedRaftLogWorker:Storage Directory /workdir/hadoop-ozone/tools/target/test-dir/MiniOzoneClusterImpl-e6d9f474-e5f5-4f7a-a570-913b705bd7a5/datanode-0/data/ratis/10781ebe-a6be-47a4-9885-4a6f0f4e9900: created new log segment /workdir/hadoop-ozone/tools/target/test-dir/MiniOzoneClusterImpl-e6d9f474-e5f5-4f7a-a570-913b705bd7a5/datanode-0/data/ratis/10781ebe-a6be-47a4-9885-4a6f0f4e9900/current/log_inprogress_0
2019-09-19 14:41:29,060 [b886c3c4-1cd6-4bed-9a98-4245f87de067:group-5E976CF58E74:LeaderElection9] INFO  impl.LeaderElection (LeaderElection.java:askForVotes(181)) - b886c3c4-1cd6-4bed-9a98-4245f87de067:group-5E976CF58E74:LeaderElection9: begin an election at term 1 for -1: [b886c3c4-1cd6-4bed-9a98-4245f87de067:192.168.5.132:36960], old=null
2019-09-19 14:41:29,061 [b886c3c4-1cd6-4bed-9a98-4245f87de067:group-5E976CF58E74:LeaderElection9] INFO  impl.RoleInfo (RoleInfo.java:shutdownLeaderElection(134)) - b886c3c4-1cd6-4bed-9a98-4245f87de067: shutdown LeaderElection
2019-09-19 14:41:29,061 [b886c3c4-1cd6-4bed-9a98-4245f87de067:group-5E976CF58E74:LeaderElection9] INFO  impl.RaftServerImpl (RaftServerImpl.java:setRole(171)) - b886c3c4-1cd6-4bed-9a98-4245f87de067:group-5E976CF58E74 changes role from CANDIDATE to LEADER at term 1 for changeToLeader
2019-09-19 14:41:29,061 [b886c3c4-1cd6-4bed-9a98-4245f87de067:group-5E976CF58E74:LeaderElection9] INFO  impl.RaftServerImpl (ServerState.java:setLeader(263)) - b886c3c4-1cd6-4bed-9a98-4245f87de067:group-5E976CF58E74 change Leader from null to b886c3c4-1cd6-4bed-9a98-4245f87de067 at term 1 for becomeLeader, leader elected after 5056ms
2019-09-19 14:41:29,062 [b886c3c4-1cd6-4bed-9a98-4245f87de067:group-5E976CF58E74:LeaderElection9] INFO  server.RaftServerConfigKeys (ConfUtils.java:logGet(43)) - raft.server.staging.catchup.gap = 1000 (default)
2019-09-19 14:41:29,062 [b886c3c4-1cd6-4bed-9a98-4245f87de067:group-5E976CF58E74:LeaderElection9] INFO  server.RaftServerConfigKeys (ConfUtils.java:logGet(43)) - raft.server.rpc.sleep.time = 25ms (default)
2019-09-19 14:41:29,062 [b886c3c4-1cd6-4bed-9a98-4245f87de067:group-5E976CF58E74:LeaderElection9] INFO  server.RaftServerConfigKeys (ConfUtils.java:logGet(43)) - raft.server.write.element-limit = 4096 (default)
2019-09-19 14:41:29,062 [b886c3c4-1cd6-4bed-9a98-4245f87de067:group-5E976CF58E74:LeaderElection9] INFO  server.RaftServerConfigKeys (ConfUtils.java:logGet(43)) - raft.server.watch.timeout = 10s (default)
2019-09-19 14:41:29,063 [b886c3c4-1cd6-4bed-9a98-4245f87de067:group-5E976CF58E74:LeaderElection9] INFO  server.RaftServerConfigKeys (ConfUtils.java:logGet(43)) - raft.server.watch.timeout.denomination = 1s (default)
2019-09-19 14:41:29,063 [b886c3c4-1cd6-4bed-9a98-4245f87de067:group-5E976CF58E74:LeaderElection9] INFO  server.RaftServerConfigKeys (ConfUtils.java:logGet(43)) - raft.server.watch.element-limit = 65536 (default)
2019-09-19 14:41:29,063 [b886c3c4-1cd6-4bed-9a98-4245f87de067:group-5E976CF58E74:LeaderElection9] INFO  impl.RoleInfo (RoleInfo.java:updateAndGet(143)) - b886c3c4-1cd6-4bed-9a98-4245f87de067: start LeaderState
2019-09-19 14:41:29,063 [b886c3c4-1cd6-4bed-9a98-4245f87de067:group-5E976CF58E74:LeaderElection9] INFO  segmented.SegmentedRaftLogWorker (SegmentedRaftLogWorker.java:startLogSegment(380)) - b886c3c4-1cd6-4bed-9a98-4245f87de067-SegmentedRaftLogWorker:Storage Directory /workdir/hadoop-ozone/tools/target/test-dir/MiniOzoneClusterImpl-e6d9f474-e5f5-4f7a-a570-913b705bd7a5/datanode-2/data/ratis/74c58c04-e343-4932-96d9-5e976cf58e74: Starting segment from index:0
2019-09-19 14:41:29,064 [b886c3c4-1cd6-4bed-9a98-4245f87de067:group-5E976CF58E74:LeaderElection9] INFO  impl.RaftServerImpl (ServerState.java:setRaftConf(361)) - b886c3c4-1cd6-4bed-9a98-4245f87de067:group-5E976CF58E74 set configuration 0: [b886c3c4-1cd6-4bed-9a98-4245f87de067:192.168.5.132:36960], old=null at 0
2019-09-19 14:41:29,112 | INFO  | SCMAudit | user=jenkins1000 | ip=192.168.5.132 | op=SEND_HEARTBEAT {datanodeUUID=d033faf8-504f-4a64-afa7-ddf7ce9deedd, command=[]} | ret=SUCCESS |  
2019-09-19 14:41:29,142 [b886c3c4-1cd6-4bed-9a98-4245f87de067-SegmentedRaftLogWorker:Storage Directory /workdir/hadoop-ozone/tools/target/test-dir/MiniOzoneClusterImpl-e6d9f474-e5f5-4f7a-a570-913b705bd7a5/datanode-2/data/ratis/74c58c04-e343-4932-96d9-5e976cf58e74] INFO  segmented.SegmentedRaftLogWorker (SegmentedRaftLogWorker.java:execute(569)) - b886c3c4-1cd6-4bed-9a98-4245f87de067-SegmentedRaftLogWorker:Storage Directory /workdir/hadoop-ozone/tools/target/test-dir/MiniOzoneClusterImpl-e6d9f474-e5f5-4f7a-a570-913b705bd7a5/datanode-2/data/ratis/74c58c04-e343-4932-96d9-5e976cf58e74: created new log segment /workdir/hadoop-ozone/tools/target/test-dir/MiniOzoneClusterImpl-e6d9f474-e5f5-4f7a-a570-913b705bd7a5/datanode-2/data/ratis/74c58c04-e343-4932-96d9-5e976cf58e74/current/log_inprogress_0
 100.00% |█████████████████████████████████████████████████████████████████████████████████████████████████████|  1/1 Time: 0:00:05
2019-09-19 14:41:29,237 [Thread-208] INFO  impl.FollowerState (FollowerState.java:run(106)) - 3ce8bbe8-7e3d-4ed9-84a6-47ae1608dbd8:group-888ADF9361FF changes to CANDIDATE, lastRpcTime:5141, electionTimeout:5141ms
2019-09-19 14:41:29,237 [Thread-208] INFO  impl.RoleInfo (RoleInfo.java:shutdownFollowerState(121)) - 3ce8bbe8-7e3d-4ed9-84a6-47ae1608dbd8: shutdown FollowerState
2019-09-19 14:41:29,237 [Thread-208] INFO  impl.RaftServerImpl (RaftServerImpl.java:setRole(171)) - 3ce8bbe8-7e3d-4ed9-84a6-47ae1608dbd8:group-888ADF9361FF changes role from FOLLOWER to CANDIDATE at term 0 for changeToCandidate
2019-09-19 14:41:29,237 [Thread-208] INFO  impl.RoleInfo (RoleInfo.java:updateAndGet(143)) - 3ce8bbe8-7e3d-4ed9-84a6-47ae1608dbd8: start LeaderElection
2019-09-19 14:41:29,265 [3ce8bbe8-7e3d-4ed9-84a6-47ae1608dbd8:group-888ADF9361FF:LeaderElection10] INFO  impl.LeaderElection (LeaderElection.java:askForVotes(181)) - 3ce8bbe8-7e3d-4ed9-84a6-47ae1608dbd8:group-888ADF9361FF:LeaderElection10: begin an election at term 1 for -1: [3ce8bbe8-7e3d-4ed9-84a6-47ae1608dbd8:192.168.5.132:37911], old=null
2019-09-19 14:41:29,266 [3ce8bbe8-7e3d-4ed9-84a6-47ae1608dbd8:group-888ADF9361FF:LeaderElection10] INFO  impl.RoleInfo (RoleInfo.java:shutdownLeaderElection(134)) - 3ce8bbe8-7e3d-4ed9-84a6-47ae1608dbd8: shutdown LeaderElection
2019-09-19 14:41:29,266 [3ce8bbe8-7e3d-4ed9-84a6-47ae1608dbd8:group-888ADF9361FF:LeaderElection10] INFO  impl.RaftServerImpl (RaftServerImpl.java:setRole(171)) - 3ce8bbe8-7e3d-4ed9-84a6-47ae1608dbd8:group-888ADF9361FF changes role from CANDIDATE to LEADER at term 1 for changeToLeader
2019-09-19 14:41:29,267 [3ce8bbe8-7e3d-4ed9-84a6-47ae1608dbd8:group-888ADF9361FF:LeaderElection10] INFO  impl.RaftServerImpl (ServerState.java:setLeader(263)) - 3ce8bbe8-7e3d-4ed9-84a6-47ae1608dbd8:group-888ADF9361FF change Leader from null to 3ce8bbe8-7e3d-4ed9-84a6-47ae1608dbd8 at term 1 for becomeLeader, leader elected after 5177ms
2019-09-19 14:41:29,267 [3ce8bbe8-7e3d-4ed9-84a6-47ae1608dbd8:group-888ADF9361FF:LeaderElection10] INFO  server.RaftServerConfigKeys (ConfUtils.java:logGet(43)) - raft.server.staging.catchup.gap = 1000 (default)
2019-09-19 14:41:29,267 [3ce8bbe8-7e3d-4ed9-84a6-47ae1608dbd8:group-888ADF9361FF:LeaderElection10] INFO  server.RaftServerConfigKeys (ConfUtils.java:logGet(43)) - raft.server.rpc.sleep.time = 25ms (default)
2019-09-19 14:41:29,267 [3ce8bbe8-7e3d-4ed9-84a6-47ae1608dbd8:group-888ADF9361FF:LeaderElection10] INFO  server.RaftServerConfigKeys (ConfUtils.java:logGet(43)) - raft.server.write.element-limit = 4096 (default)
2019-09-19 14:41:29,267 [3ce8bbe8-7e3d-4ed9-84a6-47ae1608dbd8:group-888ADF9361FF:LeaderElection10] INFO  server.RaftServerConfigKeys (ConfUtils.java:logGet(43)) - raft.server.watch.timeout = 10s (default)
2019-09-19 14:41:29,267 [3ce8bbe8-7e3d-4ed9-84a6-47ae1608dbd8:group-888ADF9361FF:LeaderElection10] INFO  server.RaftServerConfigKeys (ConfUtils.java:logGet(43)) - raft.server.watch.timeout.denomination = 1s (default)
2019-09-19 14:41:29,268 [3ce8bbe8-7e3d-4ed9-84a6-47ae1608dbd8:group-888ADF9361FF:LeaderElection10] INFO  server.RaftServerConfigKeys (ConfUtils.java:logGet(43)) - raft.server.watch.element-limit = 65536 (default)
2019-09-19 14:41:29,268 [3ce8bbe8-7e3d-4ed9-84a6-47ae1608dbd8:group-888ADF9361FF:LeaderElection10] INFO  impl.RoleInfo (RoleInfo.java:updateAndGet(143)) - 3ce8bbe8-7e3d-4ed9-84a6-47ae1608dbd8: start LeaderState
2019-09-19 14:41:29,268 [3ce8bbe8-7e3d-4ed9-84a6-47ae1608dbd8:group-888ADF9361FF:LeaderElection10] INFO  segmented.SegmentedRaftLogWorker (SegmentedRaftLogWorker.java:startLogSegment(380)) - 3ce8bbe8-7e3d-4ed9-84a6-47ae1608dbd8-SegmentedRaftLogWorker:Storage Directory /workdir/hadoop-ozone/tools/target/test-dir/MiniOzoneClusterImpl-e6d9f474-e5f5-4f7a-a570-913b705bd7a5/datanode-1/data/ratis/0496b446-b810-4a3d-8cc9-888adf9361ff: Starting segment from index:0
2019-09-19 14:41:29,269 [3ce8bbe8-7e3d-4ed9-84a6-47ae1608dbd8:group-888ADF9361FF:LeaderElection10] INFO  impl.RaftServerImpl (ServerState.java:setRaftConf(361)) - 3ce8bbe8-7e3d-4ed9-84a6-47ae1608dbd8:group-888ADF9361FF set configuration 0: [3ce8bbe8-7e3d-4ed9-84a6-47ae1608dbd8:192.168.5.132:37911], old=null at 0
2019-09-19 14:41:29,327 [3ce8bbe8-7e3d-4ed9-84a6-47ae1608dbd8-SegmentedRaftLogWorker:Storage Directory /workdir/hadoop-ozone/tools/target/test-dir/MiniOzoneClusterImpl-e6d9f474-e5f5-4f7a-a570-913b705bd7a5/datanode-1/data/ratis/0496b446-b810-4a3d-8cc9-888adf9361ff] INFO  segmented.SegmentedRaftLogWorker (SegmentedRaftLogWorker.java:execute(569)) - 3ce8bbe8-7e3d-4ed9-84a6-47ae1608dbd8-SegmentedRaftLogWorker:Storage Directory /workdir/hadoop-ozone/tools/target/test-dir/MiniOzoneClusterImpl-e6d9f474-e5f5-4f7a-a570-913b705bd7a5/datanode-1/data/ratis/0496b446-b810-4a3d-8cc9-888adf9361ff: created new log segment /workdir/hadoop-ozone/tools/target/test-dir/MiniOzoneClusterImpl-e6d9f474-e5f5-4f7a-a570-913b705bd7a5/datanode-1/data/ratis/0496b446-b810-4a3d-8cc9-888adf9361ff/current/log_inprogress_0
2019-09-19 14:41:29,364 [Thread-215] INFO  impl.FollowerState (FollowerState.java:run(106)) - 3ce8bbe8-7e3d-4ed9-84a6-47ae1608dbd8:group-90BE10E6CA08 changes to CANDIDATE, lastRpcTime:5195, electionTimeout:5195ms
2019-09-19 14:41:29,364 [Thread-215] INFO  impl.RoleInfo (RoleInfo.java:shutdownFollowerState(121)) - 3ce8bbe8-7e3d-4ed9-84a6-47ae1608dbd8: shutdown FollowerState
2019-09-19 14:41:29,364 [Thread-215] INFO  impl.RaftServerImpl (RaftServerImpl.java:setRole(171)) - 3ce8bbe8-7e3d-4ed9-84a6-47ae1608dbd8:group-90BE10E6CA08 changes role from FOLLOWER to CANDIDATE at term 0 for changeToCandidate
2019-09-19 14:41:29,365 [Thread-215] INFO  impl.RoleInfo (RoleInfo.java:updateAndGet(143)) - 3ce8bbe8-7e3d-4ed9-84a6-47ae1608dbd8: start LeaderElection
2019-09-19 14:41:29,407 [3ce8bbe8-7e3d-4ed9-84a6-47ae1608dbd8:group-90BE10E6CA08:LeaderElection11] INFO  impl.LeaderElection (LeaderElection.java:askForVotes(181)) - 3ce8bbe8-7e3d-4ed9-84a6-47ae1608dbd8:group-90BE10E6CA08:LeaderElection11: begin an election at term 1 for -1: [3ce8bbe8-7e3d-4ed9-84a6-47ae1608dbd8:192.168.5.132:37911], old=null
2019-09-19 14:41:29,408 [3ce8bbe8-7e3d-4ed9-84a6-47ae1608dbd8:group-90BE10E6CA08:LeaderElection11] INFO  impl.RoleInfo (RoleInfo.java:shutdownLeaderElection(134)) - 3ce8bbe8-7e3d-4ed9-84a6-47ae1608dbd8: shutdown LeaderElection
2019-09-19 14:41:29,408 [3ce8bbe8-7e3d-4ed9-84a6-47ae1608dbd8:group-90BE10E6CA08:LeaderElection11] INFO  impl.RaftServerImpl (RaftServerImpl.java:setRole(171)) - 3ce8bbe8-7e3d-4ed9-84a6-47ae1608dbd8:group-90BE10E6CA08 changes role from CANDIDATE to LEADER at term 1 for changeToLeader
2019-09-19 14:41:29,408 [3ce8bbe8-7e3d-4ed9-84a6-47ae1608dbd8:group-90BE10E6CA08:LeaderElection11] INFO  impl.RaftServerImpl (ServerState.java:setLeader(263)) - 3ce8bbe8-7e3d-4ed9-84a6-47ae1608dbd8:group-90BE10E6CA08 change Leader from null to 3ce8bbe8-7e3d-4ed9-84a6-47ae1608dbd8 at term 1 for becomeLeader, leader elected after 5243ms
2019-09-19 14:41:29,409 [3ce8bbe8-7e3d-4ed9-84a6-47ae1608dbd8:group-90BE10E6CA08:LeaderElection11] INFO  server.RaftServerConfigKeys (ConfUtils.java:logGet(43)) - raft.server.staging.catchup.gap = 1000 (default)
2019-09-19 14:41:29,409 [3ce8bbe8-7e3d-4ed9-84a6-47ae1608dbd8:group-90BE10E6CA08:LeaderElection11] INFO  server.RaftServerConfigKeys (ConfUtils.java:logGet(43)) - raft.server.rpc.sleep.time = 25ms (default)
2019-09-19 14:41:29,409 [3ce8bbe8-7e3d-4ed9-84a6-47ae1608dbd8:group-90BE10E6CA08:LeaderElection11] INFO  server.RaftServerConfigKeys (ConfUtils.java:logGet(43)) - raft.server.write.element-limit = 4096 (default)
2019-09-19 14:41:29,409 [3ce8bbe8-7e3d-4ed9-84a6-47ae1608dbd8:group-90BE10E6CA08:LeaderElection11] INFO  server.RaftServerConfigKeys (ConfUtils.java:logGet(43)) - raft.server.watch.timeout = 10s (default)
2019-09-19 14:41:29,409 [3ce8bbe8-7e3d-4ed9-84a6-47ae1608dbd8:group-90BE10E6CA08:LeaderElection11] INFO  server.RaftServerConfigKeys (ConfUtils.java:logGet(43)) - raft.server.watch.timeout.denomination = 1s (default)
2019-09-19 14:41:29,410 [3ce8bbe8-7e3d-4ed9-84a6-47ae1608dbd8:group-90BE10E6CA08:LeaderElection11] INFO  server.RaftServerConfigKeys (ConfUtils.java:logGet(43)) - raft.server.watch.element-limit = 65536 (default)
2019-09-19 14:41:29,410 [3ce8bbe8-7e3d-4ed9-84a6-47ae1608dbd8:group-90BE10E6CA08:LeaderElection11] INFO  impl.RoleInfo (RoleInfo.java:updateAndGet(143)) - 3ce8bbe8-7e3d-4ed9-84a6-47ae1608dbd8: start LeaderState
2019-09-19 14:41:29,410 [3ce8bbe8-7e3d-4ed9-84a6-47ae1608dbd8:group-90BE10E6CA08:LeaderElection11] INFO  segmented.SegmentedRaftLogWorker (SegmentedRaftLogWorker.java:startLogSegment(380)) - 3ce8bbe8-7e3d-4ed9-84a6-47ae1608dbd8-SegmentedRaftLogWorker:Storage Directory /workdir/hadoop-ozone/tools/target/test-dir/MiniOzoneClusterImpl-e6d9f474-e5f5-4f7a-a570-913b705bd7a5/datanode-1/data/ratis/49581b3f-77d7-4675-9115-90be10e6ca08: Starting segment from index:0
2019-09-19 14:41:29,411 [3ce8bbe8-7e3d-4ed9-84a6-47ae1608dbd8:group-90BE10E6CA08:LeaderElection11] INFO  impl.RaftServerImpl (ServerState.java:setRaftConf(361)) - 3ce8bbe8-7e3d-4ed9-84a6-47ae1608dbd8:group-90BE10E6CA08 set configuration 0: [3ce8bbe8-7e3d-4ed9-84a6-47ae1608dbd8:192.168.5.132:37911], old=null at 0
2019-09-19 14:41:29,452 [Thread-218] INFO  impl.FollowerState (FollowerState.java:run(106)) - 3ce8bbe8-7e3d-4ed9-84a6-47ae1608dbd8:group-5A3726734CEF changes to CANDIDATE, lastRpcTime:5206, electionTimeout:5187ms
2019-09-19 14:41:29,452 [Thread-218] INFO  impl.RoleInfo (RoleInfo.java:shutdownFollowerState(121)) - 3ce8bbe8-7e3d-4ed9-84a6-47ae1608dbd8: shutdown FollowerState
2019-09-19 14:41:29,452 [Thread-218] INFO  impl.RaftServerImpl (RaftServerImpl.java:setRole(171)) - 3ce8bbe8-7e3d-4ed9-84a6-47ae1608dbd8:group-5A3726734CEF changes role from FOLLOWER to CANDIDATE at term 0 for changeToCandidate
2019-09-19 14:41:29,454 [Thread-218] INFO  impl.RoleInfo (RoleInfo.java:updateAndGet(143)) - 3ce8bbe8-7e3d-4ed9-84a6-47ae1608dbd8: start LeaderElection
2019-09-19 14:41:29,459 | INFO  | SCMAudit | user=jenkins1000 | ip=192.168.5.132 | op=SEND_HEARTBEAT {datanodeUUID=3ce8bbe8-7e3d-4ed9-84a6-47ae1608dbd8, command=[]} | ret=SUCCESS |  
2019-09-19 14:41:29,480 [3ce8bbe8-7e3d-4ed9-84a6-47ae1608dbd8-SegmentedRaftLogWorker:Storage Directory /workdir/hadoop-ozone/tools/target/test-dir/MiniOzoneClusterImpl-e6d9f474-e5f5-4f7a-a570-913b705bd7a5/datanode-1/data/ratis/49581b3f-77d7-4675-9115-90be10e6ca08] INFO  segmented.SegmentedRaftLogWorker (SegmentedRaftLogWorker.java:execute(569)) - 3ce8bbe8-7e3d-4ed9-84a6-47ae1608dbd8-SegmentedRaftLogWorker:Storage Directory /workdir/hadoop-ozone/tools/target/test-dir/MiniOzoneClusterImpl-e6d9f474-e5f5-4f7a-a570-913b705bd7a5/datanode-1/data/ratis/49581b3f-77d7-4675-9115-90be10e6ca08: created new log segment /workdir/hadoop-ozone/tools/target/test-dir/MiniOzoneClusterImpl-e6d9f474-e5f5-4f7a-a570-913b705bd7a5/datanode-1/data/ratis/49581b3f-77d7-4675-9115-90be10e6ca08/current/log_inprogress_0
2019-09-19 14:41:29,481 [3ce8bbe8-7e3d-4ed9-84a6-47ae1608dbd8:group-5A3726734CEF:LeaderElection12] INFO  impl.LeaderElection (LeaderElection.java:askForVotes(181)) - 3ce8bbe8-7e3d-4ed9-84a6-47ae1608dbd8:group-5A3726734CEF:LeaderElection12: begin an election at term 1 for -1: [3ce8bbe8-7e3d-4ed9-84a6-47ae1608dbd8:192.168.5.132:37911], old=null
2019-09-19 14:41:29,481 [3ce8bbe8-7e3d-4ed9-84a6-47ae1608dbd8:group-5A3726734CEF:LeaderElection12] INFO  impl.RoleInfo (RoleInfo.java:shutdownLeaderElection(134)) - 3ce8bbe8-7e3d-4ed9-84a6-47ae1608dbd8: shutdown LeaderElection
2019-09-19 14:41:29,481 [3ce8bbe8-7e3d-4ed9-84a6-47ae1608dbd8:group-5A3726734CEF:LeaderElection12] INFO  impl.RaftServerImpl (RaftServerImpl.java:setRole(171)) - 3ce8bbe8-7e3d-4ed9-84a6-47ae1608dbd8:group-5A3726734CEF changes role from CANDIDATE to LEADER at term 1 for changeToLeader
2019-09-19 14:41:29,481 [3ce8bbe8-7e3d-4ed9-84a6-47ae1608dbd8:group-5A3726734CEF:LeaderElection12] INFO  impl.RaftServerImpl (ServerState.java:setLeader(263)) - 3ce8bbe8-7e3d-4ed9-84a6-47ae1608dbd8:group-5A3726734CEF change Leader from null to 3ce8bbe8-7e3d-4ed9-84a6-47ae1608dbd8 at term 1 for becomeLeader, leader elected after 5240ms
2019-09-19 14:41:29,481 [3ce8bbe8-7e3d-4ed9-84a6-47ae1608dbd8:group-5A3726734CEF:LeaderElection12] INFO  server.RaftServerConfigKeys (ConfUtils.java:logGet(43)) - raft.server.staging.catchup.gap = 1000 (default)
2019-09-19 14:41:29,482 [3ce8bbe8-7e3d-4ed9-84a6-47ae1608dbd8:group-5A3726734CEF:LeaderElection12] INFO  server.RaftServerConfigKeys (ConfUtils.java:logGet(43)) - raft.server.rpc.sleep.time = 25ms (default)
2019-09-19 14:41:29,482 [3ce8bbe8-7e3d-4ed9-84a6-47ae1608dbd8:group-5A3726734CEF:LeaderElection12] INFO  server.RaftServerConfigKeys (ConfUtils.java:logGet(43)) - raft.server.write.element-limit = 4096 (default)
2019-09-19 14:41:29,482 [3ce8bbe8-7e3d-4ed9-84a6-47ae1608dbd8:group-5A3726734CEF:LeaderElection12] INFO  server.RaftServerConfigKeys (ConfUtils.java:logGet(43)) - raft.server.watch.timeout = 10s (default)
2019-09-19 14:41:29,482 [3ce8bbe8-7e3d-4ed9-84a6-47ae1608dbd8:group-5A3726734CEF:LeaderElection12] INFO  server.RaftServerConfigKeys (ConfUtils.java:logGet(43)) - raft.server.watch.timeout.denomination = 1s (default)
2019-09-19 14:41:29,483 [3ce8bbe8-7e3d-4ed9-84a6-47ae1608dbd8:group-5A3726734CEF:LeaderElection12] INFO  server.RaftServerConfigKeys (ConfUtils.java:logGet(43)) - raft.server.watch.element-limit = 65536 (default)
2019-09-19 14:41:29,483 [3ce8bbe8-7e3d-4ed9-84a6-47ae1608dbd8:group-5A3726734CEF:LeaderElection12] INFO  impl.RoleInfo (RoleInfo.java:updateAndGet(143)) - 3ce8bbe8-7e3d-4ed9-84a6-47ae1608dbd8: start LeaderState
2019-09-19 14:41:29,483 [3ce8bbe8-7e3d-4ed9-84a6-47ae1608dbd8:group-5A3726734CEF:LeaderElection12] INFO  segmented.SegmentedRaftLogWorker (SegmentedRaftLogWorker.java:startLogSegment(380)) - 3ce8bbe8-7e3d-4ed9-84a6-47ae1608dbd8-SegmentedRaftLogWorker:Storage Directory /workdir/hadoop-ozone/tools/target/test-dir/MiniOzoneClusterImpl-e6d9f474-e5f5-4f7a-a570-913b705bd7a5/datanode-1/data/ratis/fd9d914d-f58a-4509-a776-5a3726734cef: Starting segment from index:0
2019-09-19 14:41:29,484 [3ce8bbe8-7e3d-4ed9-84a6-47ae1608dbd8:group-5A3726734CEF:LeaderElection12] INFO  impl.RaftServerImpl (ServerState.java:setRaftConf(361)) - 3ce8bbe8-7e3d-4ed9-84a6-47ae1608dbd8:group-5A3726734CEF set configuration 0: [3ce8bbe8-7e3d-4ed9-84a6-47ae1608dbd8:192.168.5.132:37911], old=null at 0
2019-09-19 14:41:29,524 [Thread-221] INFO  impl.FollowerState (FollowerState.java:run(106)) - b886c3c4-1cd6-4bed-9a98-4245f87de067:group-91158ACD1A96 changes to CANDIDATE, lastRpcTime:5194, electionTimeout:5174ms
2019-09-19 14:41:29,525 [Thread-221] INFO  impl.RoleInfo (RoleInfo.java:shutdownFollowerState(121)) - b886c3c4-1cd6-4bed-9a98-4245f87de067: shutdown FollowerState
2019-09-19 14:41:29,526 [Thread-221] INFO  impl.RaftServerImpl (RaftServerImpl.java:setRole(171)) - b886c3c4-1cd6-4bed-9a98-4245f87de067:group-91158ACD1A96 changes role from FOLLOWER to CANDIDATE at term 0 for changeToCandidate
2019-09-19 14:41:29,526 [Thread-221] INFO  impl.RoleInfo (RoleInfo.java:updateAndGet(143)) - b886c3c4-1cd6-4bed-9a98-4245f87de067: start LeaderElection
2019-09-19 14:41:29,546 [3ce8bbe8-7e3d-4ed9-84a6-47ae1608dbd8-SegmentedRaftLogWorker:Storage Directory /workdir/hadoop-ozone/tools/target/test-dir/MiniOzoneClusterImpl-e6d9f474-e5f5-4f7a-a570-913b705bd7a5/datanode-1/data/ratis/fd9d914d-f58a-4509-a776-5a3726734cef] INFO  segmented.SegmentedRaftLogWorker (SegmentedRaftLogWorker.java:execute(569)) - 3ce8bbe8-7e3d-4ed9-84a6-47ae1608dbd8-SegmentedRaftLogWorker:Storage Directory /workdir/hadoop-ozone/tools/target/test-dir/MiniOzoneClusterImpl-e6d9f474-e5f5-4f7a-a570-913b705bd7a5/datanode-1/data/ratis/fd9d914d-f58a-4509-a776-5a3726734cef: created new log segment /workdir/hadoop-ozone/tools/target/test-dir/MiniOzoneClusterImpl-e6d9f474-e5f5-4f7a-a570-913b705bd7a5/datanode-1/data/ratis/fd9d914d-f58a-4509-a776-5a3726734cef/current/log_inprogress_0
2019-09-19 14:41:29,547 [b886c3c4-1cd6-4bed-9a98-4245f87de067:group-91158ACD1A96:LeaderElection13] INFO  impl.LeaderElection (LeaderElection.java:askForVotes(181)) - b886c3c4-1cd6-4bed-9a98-4245f87de067:group-91158ACD1A96:LeaderElection13: begin an election at term 1 for -1: [b886c3c4-1cd6-4bed-9a98-4245f87de067:192.168.5.132:36960], old=null
2019-09-19 14:41:29,547 [b886c3c4-1cd6-4bed-9a98-4245f87de067:group-91158ACD1A96:LeaderElection13] INFO  impl.RoleInfo (RoleInfo.java:shutdownLeaderElection(134)) - b886c3c4-1cd6-4bed-9a98-4245f87de067: shutdown LeaderElection
2019-09-19 14:41:29,547 [b886c3c4-1cd6-4bed-9a98-4245f87de067:group-91158ACD1A96:LeaderElection13] INFO  impl.RaftServerImpl (RaftServerImpl.java:setRole(171)) - b886c3c4-1cd6-4bed-9a98-4245f87de067:group-91158ACD1A96 changes role from CANDIDATE to LEADER at term 1 for changeToLeader
2019-09-19 14:41:29,547 [b886c3c4-1cd6-4bed-9a98-4245f87de067:group-91158ACD1A96:LeaderElection13] INFO  impl.RaftServerImpl (ServerState.java:setLeader(263)) - b886c3c4-1cd6-4bed-9a98-4245f87de067:group-91158ACD1A96 change Leader from null to b886c3c4-1cd6-4bed-9a98-4245f87de067 at term 1 for becomeLeader, leader elected after 5222ms
2019-09-19 14:41:29,547 [b886c3c4-1cd6-4bed-9a98-4245f87de067:group-91158ACD1A96:LeaderElection13] INFO  server.RaftServerConfigKeys (ConfUtils.java:logGet(43)) - raft.server.staging.catchup.gap = 1000 (default)
2019-09-19 14:41:29,548 [b886c3c4-1cd6-4bed-9a98-4245f87de067:group-91158ACD1A96:LeaderElection13] INFO  server.RaftServerConfigKeys (ConfUtils.java:logGet(43)) - raft.server.rpc.sleep.time = 25ms (default)
2019-09-19 14:41:29,548 [b886c3c4-1cd6-4bed-9a98-4245f87de067:group-91158ACD1A96:LeaderElection13] INFO  server.RaftServerConfigKeys (ConfUtils.java:logGet(43)) - raft.server.write.element-limit = 4096 (default)
2019-09-19 14:41:29,548 [b886c3c4-1cd6-4bed-9a98-4245f87de067:group-91158ACD1A96:LeaderElection13] INFO  server.RaftServerConfigKeys (ConfUtils.java:logGet(43)) - raft.server.watch.timeout = 10s (default)
2019-09-19 14:41:29,548 [b886c3c4-1cd6-4bed-9a98-4245f87de067:group-91158ACD1A96:LeaderElection13] INFO  server.RaftServerConfigKeys (ConfUtils.java:logGet(43)) - raft.server.watch.timeout.denomination = 1s (default)
2019-09-19 14:41:29,548 [b886c3c4-1cd6-4bed-9a98-4245f87de067:group-91158ACD1A96:LeaderElection13] INFO  server.RaftServerConfigKeys (ConfUtils.java:logGet(43)) - raft.server.watch.element-limit = 65536 (default)
2019-09-19 14:41:29,549 [b886c3c4-1cd6-4bed-9a98-4245f87de067:group-91158ACD1A96:LeaderElection13] INFO  impl.RoleInfo (RoleInfo.java:updateAndGet(143)) - b886c3c4-1cd6-4bed-9a98-4245f87de067: start LeaderState
2019-09-19 14:41:29,549 [b886c3c4-1cd6-4bed-9a98-4245f87de067:group-91158ACD1A96:LeaderElection13] INFO  segmented.SegmentedRaftLogWorker (SegmentedRaftLogWorker.java:startLogSegment(380)) - b886c3c4-1cd6-4bed-9a98-4245f87de067-SegmentedRaftLogWorker:Storage Directory /workdir/hadoop-ozone/tools/target/test-dir/MiniOzoneClusterImpl-e6d9f474-e5f5-4f7a-a570-913b705bd7a5/datanode-2/data/ratis/ae0af961-0dc0-47c8-b9c6-91158acd1a96: Starting segment from index:0
2019-09-19 14:41:29,550 [b886c3c4-1cd6-4bed-9a98-4245f87de067:group-91158ACD1A96:LeaderElection13] INFO  impl.RaftServerImpl (ServerState.java:setRaftConf(361)) - b886c3c4-1cd6-4bed-9a98-4245f87de067:group-91158ACD1A96 set configuration 0: [b886c3c4-1cd6-4bed-9a98-4245f87de067:192.168.5.132:36960], old=null at 0
2019-09-19 14:41:29,588 [Thread-224] INFO  impl.FollowerState (FollowerState.java:run(106)) - d033faf8-504f-4a64-afa7-ddf7ce9deedd:group-D43A83811482 changes to CANDIDATE, lastRpcTime:5173, electionTimeout:5155ms
2019-09-19 14:41:29,588 [Thread-227] INFO  impl.FollowerState (FollowerState.java:run(106)) - d033faf8-504f-4a64-afa7-ddf7ce9deedd:group-FC763B4A2985 changes to CANDIDATE, lastRpcTime:5090, electionTimeout:5062ms
2019-09-19 14:41:29,589 [Thread-224] INFO  impl.RoleInfo (RoleInfo.java:shutdownFollowerState(121)) - d033faf8-504f-4a64-afa7-ddf7ce9deedd: shutdown FollowerState
2019-09-19 14:41:29,590 [Thread-227] INFO  impl.RoleInfo (RoleInfo.java:shutdownFollowerState(121)) - d033faf8-504f-4a64-afa7-ddf7ce9deedd: shutdown FollowerState
2019-09-19 14:41:29,590 [Thread-224] INFO  impl.RaftServerImpl (RaftServerImpl.java:setRole(171)) - d033faf8-504f-4a64-afa7-ddf7ce9deedd:group-D43A83811482 changes role from FOLLOWER to CANDIDATE at term 0 for changeToCandidate
2019-09-19 14:41:29,590 [Thread-227] INFO  impl.RaftServerImpl (RaftServerImpl.java:setRole(171)) - d033faf8-504f-4a64-afa7-ddf7ce9deedd:group-FC763B4A2985 changes role from FOLLOWER to CANDIDATE at term 0 for changeToCandidate
2019-09-19 14:41:29,590 [Thread-224] INFO  impl.RoleInfo (RoleInfo.java:updateAndGet(143)) - d033faf8-504f-4a64-afa7-ddf7ce9deedd: start LeaderElection
2019-09-19 14:41:29,590 [Thread-227] INFO  impl.RoleInfo (RoleInfo.java:updateAndGet(143)) - d033faf8-504f-4a64-afa7-ddf7ce9deedd: start LeaderElection
2019-09-19 14:41:29,610 [b886c3c4-1cd6-4bed-9a98-4245f87de067-SegmentedRaftLogWorker:Storage Directory /workdir/hadoop-ozone/tools/target/test-dir/MiniOzoneClusterImpl-e6d9f474-e5f5-4f7a-a570-913b705bd7a5/datanode-2/data/ratis/ae0af961-0dc0-47c8-b9c6-91158acd1a96] INFO  segmented.SegmentedRaftLogWorker (SegmentedRaftLogWorker.java:execute(569)) - b886c3c4-1cd6-4bed-9a98-4245f87de067-SegmentedRaftLogWorker:Storage Directory /workdir/hadoop-ozone/tools/target/test-dir/MiniOzoneClusterImpl-e6d9f474-e5f5-4f7a-a570-913b705bd7a5/datanode-2/data/ratis/ae0af961-0dc0-47c8-b9c6-91158acd1a96: created new log segment /workdir/hadoop-ozone/tools/target/test-dir/MiniOzoneClusterImpl-e6d9f474-e5f5-4f7a-a570-913b705bd7a5/datanode-2/data/ratis/ae0af961-0dc0-47c8-b9c6-91158acd1a96/current/log_inprogress_0
2019-09-19 14:41:29,611 [d033faf8-504f-4a64-afa7-ddf7ce9deedd:group-D43A83811482:LeaderElection14] INFO  impl.LeaderElection (LeaderElection.java:askForVotes(181)) - d033faf8-504f-4a64-afa7-ddf7ce9deedd:group-D43A83811482:LeaderElection14: begin an election at term 1 for -1: [d033faf8-504f-4a64-afa7-ddf7ce9deedd:192.168.5.132:44341], old=null
2019-09-19 14:41:29,611 [d033faf8-504f-4a64-afa7-ddf7ce9deedd:group-FC763B4A2985:LeaderElection15] INFO  impl.LeaderElection (LeaderElection.java:askForVotes(181)) - d033faf8-504f-4a64-afa7-ddf7ce9deedd:group-FC763B4A2985:LeaderElection15: begin an election at term 1 for -1: [d033faf8-504f-4a64-afa7-ddf7ce9deedd:192.168.5.132:44341], old=null
2019-09-19 14:41:29,612 [d033faf8-504f-4a64-afa7-ddf7ce9deedd:group-D43A83811482:LeaderElection14] INFO  impl.RoleInfo (RoleInfo.java:shutdownLeaderElection(134)) - d033faf8-504f-4a64-afa7-ddf7ce9deedd: shutdown LeaderElection
2019-09-19 14:41:29,612 [d033faf8-504f-4a64-afa7-ddf7ce9deedd:group-FC763B4A2985:LeaderElection15] INFO  impl.RoleInfo (RoleInfo.java:shutdownLeaderElection(134)) - d033faf8-504f-4a64-afa7-ddf7ce9deedd: shutdown LeaderElection
2019-09-19 14:41:29,612 [d033faf8-504f-4a64-afa7-ddf7ce9deedd:group-D43A83811482:LeaderElection14] INFO  impl.RaftServerImpl (RaftServerImpl.java:setRole(171)) - d033faf8-504f-4a64-afa7-ddf7ce9deedd:group-D43A83811482 changes role from CANDIDATE to LEADER at term 1 for changeToLeader
2019-09-19 14:41:29,612 [d033faf8-504f-4a64-afa7-ddf7ce9deedd:group-FC763B4A2985:LeaderElection15] INFO  impl.RaftServerImpl (RaftServerImpl.java:setRole(171)) - d033faf8-504f-4a64-afa7-ddf7ce9deedd:group-FC763B4A2985 changes role from CANDIDATE to LEADER at term 1 for changeToLeader
2019-09-19 14:41:29,613 [d033faf8-504f-4a64-afa7-ddf7ce9deedd:group-D43A83811482:LeaderElection14] INFO  impl.RaftServerImpl (ServerState.java:setLeader(263)) - d033faf8-504f-4a64-afa7-ddf7ce9deedd:group-D43A83811482 change Leader from null to d033faf8-504f-4a64-afa7-ddf7ce9deedd at term 1 for becomeLeader, leader elected after 5203ms
2019-09-19 14:41:29,613 [d033faf8-504f-4a64-afa7-ddf7ce9deedd:group-FC763B4A2985:LeaderElection15] INFO  impl.RaftServerImpl (ServerState.java:setLeader(263)) - d033faf8-504f-4a64-afa7-ddf7ce9deedd:group-FC763B4A2985 change Leader from null to d033faf8-504f-4a64-afa7-ddf7ce9deedd at term 1 for becomeLeader, leader elected after 5119ms
2019-09-19 14:41:29,613 [d033faf8-504f-4a64-afa7-ddf7ce9deedd:group-D43A83811482:LeaderElection14] INFO  server.RaftServerConfigKeys (ConfUtils.java:logGet(43)) - raft.server.staging.catchup.gap = 1000 (default)
2019-09-19 14:41:29,613 [d033faf8-504f-4a64-afa7-ddf7ce9deedd:group-FC763B4A2985:LeaderElection15] INFO  server.RaftServerConfigKeys (ConfUtils.java:logGet(43)) - raft.server.staging.catchup.gap = 1000 (default)
2019-09-19 14:41:29,613 [d033faf8-504f-4a64-afa7-ddf7ce9deedd:group-D43A83811482:LeaderElection14] INFO  server.RaftServerConfigKeys (ConfUtils.java:logGet(43)) - raft.server.rpc.sleep.time = 25ms (default)
2019-09-19 14:41:29,613 [d033faf8-504f-4a64-afa7-ddf7ce9deedd:group-FC763B4A2985:LeaderElection15] INFO  server.RaftServerConfigKeys (ConfUtils.java:logGet(43)) - raft.server.rpc.sleep.time = 25ms (default)
2019-09-19 14:41:29,614 [d033faf8-504f-4a64-afa7-ddf7ce9deedd:group-D43A83811482:LeaderElection14] INFO  server.RaftServerConfigKeys (ConfUtils.java:logGet(43)) - raft.server.write.element-limit = 4096 (default)
2019-09-19 14:41:29,614 [d033faf8-504f-4a64-afa7-ddf7ce9deedd:group-FC763B4A2985:LeaderElection15] INFO  server.RaftServerConfigKeys (ConfUtils.java:logGet(43)) - raft.server.write.element-limit = 4096 (default)
2019-09-19 14:41:29,614 [d033faf8-504f-4a64-afa7-ddf7ce9deedd:group-D43A83811482:LeaderElection14] INFO  server.RaftServerConfigKeys (ConfUtils.java:logGet(43)) - raft.server.watch.timeout = 10s (default)
2019-09-19 14:41:29,614 [d033faf8-504f-4a64-afa7-ddf7ce9deedd:group-FC763B4A2985:LeaderElection15] INFO  server.RaftServerConfigKeys (ConfUtils.java:logGet(43)) - raft.server.watch.timeout = 10s (default)
2019-09-19 14:41:29,614 [d033faf8-504f-4a64-afa7-ddf7ce9deedd:group-D43A83811482:LeaderElection14] INFO  server.RaftServerConfigKeys (ConfUtils.java:logGet(43)) - raft.server.watch.timeout.denomination = 1s (default)
2019-09-19 14:41:29,614 [d033faf8-504f-4a64-afa7-ddf7ce9deedd:group-FC763B4A2985:LeaderElection15] INFO  server.RaftServerConfigKeys (ConfUtils.java:logGet(43)) - raft.server.watch.timeout.denomination = 1s (default)
2019-09-19 14:41:29,615 [d033faf8-504f-4a64-afa7-ddf7ce9deedd:group-D43A83811482:LeaderElection14] INFO  server.RaftServerConfigKeys (ConfUtils.java:logGet(43)) - raft.server.watch.element-limit = 65536 (default)
2019-09-19 14:41:29,615 [d033faf8-504f-4a64-afa7-ddf7ce9deedd:group-FC763B4A2985:LeaderElection15] INFO  server.RaftServerConfigKeys (ConfUtils.java:logGet(43)) - raft.server.watch.element-limit = 65536 (default)
2019-09-19 14:41:29,615 [d033faf8-504f-4a64-afa7-ddf7ce9deedd:group-D43A83811482:LeaderElection14] INFO  impl.RoleInfo (RoleInfo.java:updateAndGet(143)) - d033faf8-504f-4a64-afa7-ddf7ce9deedd: start LeaderState
2019-09-19 14:41:29,615 [d033faf8-504f-4a64-afa7-ddf7ce9deedd:group-FC763B4A2985:LeaderElection15] INFO  impl.RoleInfo (RoleInfo.java:updateAndGet(143)) - d033faf8-504f-4a64-afa7-ddf7ce9deedd: start LeaderState
2019-09-19 14:41:29,615 [d033faf8-504f-4a64-afa7-ddf7ce9deedd:group-D43A83811482:LeaderElection14] INFO  segmented.SegmentedRaftLogWorker (SegmentedRaftLogWorker.java:startLogSegment(380)) - d033faf8-504f-4a64-afa7-ddf7ce9deedd-SegmentedRaftLogWorker:Storage Directory /workdir/hadoop-ozone/tools/target/test-dir/MiniOzoneClusterImpl-e6d9f474-e5f5-4f7a-a570-913b705bd7a5/datanode-0/data/ratis/9f1cfab1-e34e-4b22-9a2b-d43a83811482: Starting segment from index:0
2019-09-19 14:41:29,616 [d033faf8-504f-4a64-afa7-ddf7ce9deedd:group-FC763B4A2985:LeaderElection15] INFO  segmented.SegmentedRaftLogWorker (SegmentedRaftLogWorker.java:startLogSegment(380)) - d033faf8-504f-4a64-afa7-ddf7ce9deedd-SegmentedRaftLogWorker:Storage Directory /workdir/hadoop-ozone/tools/target/test-dir/MiniOzoneClusterImpl-e6d9f474-e5f5-4f7a-a570-913b705bd7a5/datanode-0/data/ratis/b0d6355b-a4e8-4194-a7a3-fc763b4a2985: Starting segment from index:0
2019-09-19 14:41:29,616 [d033faf8-504f-4a64-afa7-ddf7ce9deedd:group-D43A83811482:LeaderElection14] INFO  impl.RaftServerImpl (ServerState.java:setRaftConf(361)) - d033faf8-504f-4a64-afa7-ddf7ce9deedd:group-D43A83811482 set configuration 0: [d033faf8-504f-4a64-afa7-ddf7ce9deedd:192.168.5.132:44341], old=null at 0
2019-09-19 14:41:29,617 [d033faf8-504f-4a64-afa7-ddf7ce9deedd:group-FC763B4A2985:LeaderElection15] INFO  impl.RaftServerImpl (ServerState.java:setRaftConf(361)) - d033faf8-504f-4a64-afa7-ddf7ce9deedd:group-FC763B4A2985 set configuration 0: [d033faf8-504f-4a64-afa7-ddf7ce9deedd:192.168.5.132:44341], old=null at 0
2019-09-19 14:41:29,667 | INFO  | SCMAudit | user=jenkins1000 | ip=192.168.5.132 | op=SEND_HEARTBEAT {datanodeUUID=b886c3c4-1cd6-4bed-9a98-4245f87de067, command=[]} | ret=SUCCESS |  
2019-09-19 14:41:29,677 [d033faf8-504f-4a64-afa7-ddf7ce9deedd-SegmentedRaftLogWorker:Storage Directory /workdir/hadoop-ozone/tools/target/test-dir/MiniOzoneClusterImpl-e6d9f474-e5f5-4f7a-a570-913b705bd7a5/datanode-0/data/ratis/9f1cfab1-e34e-4b22-9a2b-d43a83811482] INFO  segmented.SegmentedRaftLogWorker (SegmentedRaftLogWorker.java:execute(569)) - d033faf8-504f-4a64-afa7-ddf7ce9deedd-SegmentedRaftLogWorker:Storage Directory /workdir/hadoop-ozone/tools/target/test-dir/MiniOzoneClusterImpl-e6d9f474-e5f5-4f7a-a570-913b705bd7a5/datanode-0/data/ratis/9f1cfab1-e34e-4b22-9a2b-d43a83811482: created new log segment /workdir/hadoop-ozone/tools/target/test-dir/MiniOzoneClusterImpl-e6d9f474-e5f5-4f7a-a570-913b705bd7a5/datanode-0/data/ratis/9f1cfab1-e34e-4b22-9a2b-d43a83811482/current/log_inprogress_0
2019-09-19 14:41:29,677 [d033faf8-504f-4a64-afa7-ddf7ce9deedd-SegmentedRaftLogWorker:Storage Directory /workdir/hadoop-ozone/tools/target/test-dir/MiniOzoneClusterImpl-e6d9f474-e5f5-4f7a-a570-913b705bd7a5/datanode-0/data/ratis/b0d6355b-a4e8-4194-a7a3-fc763b4a2985] INFO  segmented.SegmentedRaftLogWorker (SegmentedRaftLogWorker.java:execute(569)) - d033faf8-504f-4a64-afa7-ddf7ce9deedd-SegmentedRaftLogWorker:Storage Directory /workdir/hadoop-ozone/tools/target/test-dir/MiniOzoneClusterImpl-e6d9f474-e5f5-4f7a-a570-913b705bd7a5/datanode-0/data/ratis/b0d6355b-a4e8-4194-a7a3-fc763b4a2985: created new log segment /workdir/hadoop-ozone/tools/target/test-dir/MiniOzoneClusterImpl-e6d9f474-e5f5-4f7a-a570-913b705bd7a5/datanode-0/data/ratis/b0d6355b-a4e8-4194-a7a3-fc763b4a2985/current/log_inprogress_0
2019-09-19 14:41:29,751 [Thread-233] INFO  impl.FollowerState (FollowerState.java:run(106)) - b886c3c4-1cd6-4bed-9a98-4245f87de067:group-2053656C08F5 changes to CANDIDATE, lastRpcTime:5089, electionTimeout:5089ms
2019-09-19 14:41:29,753 [Thread-233] INFO  impl.RoleInfo (RoleInfo.java:shutdownFollowerState(121)) - b886c3c4-1cd6-4bed-9a98-4245f87de067: shutdown FollowerState
2019-09-19 14:41:29,753 [Thread-233] INFO  impl.RaftServerImpl (RaftServerImpl.java:setRole(171)) - b886c3c4-1cd6-4bed-9a98-4245f87de067:group-2053656C08F5 changes role from FOLLOWER to CANDIDATE at term 0 for changeToCandidate
2019-09-19 14:41:29,753 [Thread-233] INFO  impl.RoleInfo (RoleInfo.java:updateAndGet(143)) - b886c3c4-1cd6-4bed-9a98-4245f87de067: start LeaderElection
2019-09-19 14:41:29,758 [Thread-230] INFO  impl.FollowerState (FollowerState.java:run(106)) - b886c3c4-1cd6-4bed-9a98-4245f87de067:group-3203A1BFFF92 changes to CANDIDATE, lastRpcTime:5194, electionTimeout:5194ms
2019-09-19 14:41:29,759 [Thread-230] INFO  impl.RoleInfo (RoleInfo.java:shutdownFollowerState(121)) - b886c3c4-1cd6-4bed-9a98-4245f87de067: shutdown FollowerState
2019-09-19 14:41:29,759 [Thread-230] INFO  impl.RaftServerImpl (RaftServerImpl.java:setRole(171)) - b886c3c4-1cd6-4bed-9a98-4245f87de067:group-3203A1BFFF92 changes role from FOLLOWER to CANDIDATE at term 0 for changeToCandidate
2019-09-19 14:41:29,759 [Thread-230] INFO  impl.RoleInfo (RoleInfo.java:updateAndGet(143)) - b886c3c4-1cd6-4bed-9a98-4245f87de067: start LeaderElection
2019-09-19 14:41:29,789 [b886c3c4-1cd6-4bed-9a98-4245f87de067:group-3203A1BFFF92:LeaderElection17] INFO  impl.LeaderElection (LeaderElection.java:askForVotes(181)) - b886c3c4-1cd6-4bed-9a98-4245f87de067:group-3203A1BFFF92:LeaderElection17: begin an election at term 1 for -1: [b886c3c4-1cd6-4bed-9a98-4245f87de067:192.168.5.132:36960], old=null
2019-09-19 14:41:29,789 [b886c3c4-1cd6-4bed-9a98-4245f87de067:group-2053656C08F5:LeaderElection16] INFO  impl.LeaderElection (LeaderElection.java:askForVotes(181)) - b886c3c4-1cd6-4bed-9a98-4245f87de067:group-2053656C08F5:LeaderElection16: begin an election at term 1 for -1: [b886c3c4-1cd6-4bed-9a98-4245f87de067:192.168.5.132:36960], old=null
2019-09-19 14:41:29,789 [b886c3c4-1cd6-4bed-9a98-4245f87de067:group-3203A1BFFF92:LeaderElection17] INFO  impl.RoleInfo (RoleInfo.java:shutdownLeaderElection(134)) - b886c3c4-1cd6-4bed-9a98-4245f87de067: shutdown LeaderElection
2019-09-19 14:41:29,789 [b886c3c4-1cd6-4bed-9a98-4245f87de067:group-2053656C08F5:LeaderElection16] INFO  impl.RoleInfo (RoleInfo.java:shutdownLeaderElection(134)) - b886c3c4-1cd6-4bed-9a98-4245f87de067: shutdown LeaderElection
2019-09-19 14:41:29,789 [b886c3c4-1cd6-4bed-9a98-4245f87de067:group-3203A1BFFF92:LeaderElection17] INFO  impl.RaftServerImpl (RaftServerImpl.java:setRole(171)) - b886c3c4-1cd6-4bed-9a98-4245f87de067:group-3203A1BFFF92 changes role from CANDIDATE to LEADER at term 1 for changeToLeader
2019-09-19 14:41:29,789 [b886c3c4-1cd6-4bed-9a98-4245f87de067:group-2053656C08F5:LeaderElection16] INFO  impl.RaftServerImpl (RaftServerImpl.java:setRole(171)) - b886c3c4-1cd6-4bed-9a98-4245f87de067:group-2053656C08F5 changes role from CANDIDATE to LEADER at term 1 for changeToLeader
2019-09-19 14:41:29,789 [b886c3c4-1cd6-4bed-9a98-4245f87de067:group-3203A1BFFF92:LeaderElection17] INFO  impl.RaftServerImpl (ServerState.java:setLeader(263)) - b886c3c4-1cd6-4bed-9a98-4245f87de067:group-3203A1BFFF92 change Leader from null to b886c3c4-1cd6-4bed-9a98-4245f87de067 at term 1 for becomeLeader, leader elected after 5230ms
2019-09-19 14:41:29,789 [b886c3c4-1cd6-4bed-9a98-4245f87de067:group-2053656C08F5:LeaderElection16] INFO  impl.RaftServerImpl (ServerState.java:setLeader(263)) - b886c3c4-1cd6-4bed-9a98-4245f87de067:group-2053656C08F5 change Leader from null to b886c3c4-1cd6-4bed-9a98-4245f87de067 at term 1 for becomeLeader, leader elected after 5134ms
2019-09-19 14:41:29,790 [b886c3c4-1cd6-4bed-9a98-4245f87de067:group-3203A1BFFF92:LeaderElection17] INFO  server.RaftServerConfigKeys (ConfUtils.java:logGet(43)) - raft.server.staging.catchup.gap = 1000 (default)
2019-09-19 14:41:29,790 [b886c3c4-1cd6-4bed-9a98-4245f87de067:group-2053656C08F5:LeaderElection16] INFO  server.RaftServerConfigKeys (ConfUtils.java:logGet(43)) - raft.server.staging.catchup.gap = 1000 (default)
2019-09-19 14:41:29,790 [b886c3c4-1cd6-4bed-9a98-4245f87de067:group-3203A1BFFF92:LeaderElection17] INFO  server.RaftServerConfigKeys (ConfUtils.java:logGet(43)) - raft.server.rpc.sleep.time = 25ms (default)
2019-09-19 14:41:29,790 [b886c3c4-1cd6-4bed-9a98-4245f87de067:group-2053656C08F5:LeaderElection16] INFO  server.RaftServerConfigKeys (ConfUtils.java:logGet(43)) - raft.server.rpc.sleep.time = 25ms (default)
2019-09-19 14:41:29,790 [b886c3c4-1cd6-4bed-9a98-4245f87de067:group-3203A1BFFF92:LeaderElection17] INFO  server.RaftServerConfigKeys (ConfUtils.java:logGet(43)) - raft.server.write.element-limit = 4096 (default)
2019-09-19 14:41:29,790 [b886c3c4-1cd6-4bed-9a98-4245f87de067:group-2053656C08F5:LeaderElection16] INFO  server.RaftServerConfigKeys (ConfUtils.java:logGet(43)) - raft.server.write.element-limit = 4096 (default)
2019-09-19 14:41:29,790 [b886c3c4-1cd6-4bed-9a98-4245f87de067:group-3203A1BFFF92:LeaderElection17] INFO  server.RaftServerConfigKeys (ConfUtils.java:logGet(43)) - raft.server.watch.timeout = 10s (default)
2019-09-19 14:41:29,791 [b886c3c4-1cd6-4bed-9a98-4245f87de067:group-2053656C08F5:LeaderElection16] INFO  server.RaftServerConfigKeys (ConfUtils.java:logGet(43)) - raft.server.watch.timeout = 10s (default)
2019-09-19 14:41:29,791 [b886c3c4-1cd6-4bed-9a98-4245f87de067:group-3203A1BFFF92:LeaderElection17] INFO  server.RaftServerConfigKeys (ConfUtils.java:logGet(43)) - raft.server.watch.timeout.denomination = 1s (default)
2019-09-19 14:41:29,791 [b886c3c4-1cd6-4bed-9a98-4245f87de067:group-2053656C08F5:LeaderElection16] INFO  server.RaftServerConfigKeys (ConfUtils.java:logGet(43)) - raft.server.watch.timeout.denomination = 1s (default)
2019-09-19 14:41:29,791 [b886c3c4-1cd6-4bed-9a98-4245f87de067:group-3203A1BFFF92:LeaderElection17] INFO  server.RaftServerConfigKeys (ConfUtils.java:logGet(43)) - raft.server.watch.element-limit = 65536 (default)
2019-09-19 14:41:29,791 [b886c3c4-1cd6-4bed-9a98-4245f87de067:group-2053656C08F5:LeaderElection16] INFO  server.RaftServerConfigKeys (ConfUtils.java:logGet(43)) - raft.server.watch.element-limit = 65536 (default)
2019-09-19 14:41:29,791 [b886c3c4-1cd6-4bed-9a98-4245f87de067:group-3203A1BFFF92:LeaderElection17] INFO  impl.RoleInfo (RoleInfo.java:updateAndGet(143)) - b886c3c4-1cd6-4bed-9a98-4245f87de067: start LeaderState
2019-09-19 14:41:29,792 [b886c3c4-1cd6-4bed-9a98-4245f87de067:group-2053656C08F5:LeaderElection16] INFO  impl.RoleInfo (RoleInfo.java:updateAndGet(143)) - b886c3c4-1cd6-4bed-9a98-4245f87de067: start LeaderState
2019-09-19 14:41:29,792 [b886c3c4-1cd6-4bed-9a98-4245f87de067:group-3203A1BFFF92:LeaderElection17] INFO  segmented.SegmentedRaftLogWorker (SegmentedRaftLogWorker.java:startLogSegment(380)) - b886c3c4-1cd6-4bed-9a98-4245f87de067-SegmentedRaftLogWorker:Storage Directory /workdir/hadoop-ozone/tools/target/test-dir/MiniOzoneClusterImpl-e6d9f474-e5f5-4f7a-a570-913b705bd7a5/datanode-2/data/ratis/42bcfdb2-b5db-43f6-a828-3203a1bfff92: Starting segment from index:0
2019-09-19 14:41:29,792 [b886c3c4-1cd6-4bed-9a98-4245f87de067:group-2053656C08F5:LeaderElection16] INFO  segmented.SegmentedRaftLogWorker (SegmentedRaftLogWorker.java:startLogSegment(380)) - b886c3c4-1cd6-4bed-9a98-4245f87de067-SegmentedRaftLogWorker:Storage Directory /workdir/hadoop-ozone/tools/target/test-dir/MiniOzoneClusterImpl-e6d9f474-e5f5-4f7a-a570-913b705bd7a5/datanode-2/data/ratis/3175b738-7f13-4437-aa99-2053656c08f5: Starting segment from index:0
2019-09-19 14:41:29,793 [b886c3c4-1cd6-4bed-9a98-4245f87de067:group-3203A1BFFF92:LeaderElection17] INFO  impl.RaftServerImpl (ServerState.java:setRaftConf(361)) - b886c3c4-1cd6-4bed-9a98-4245f87de067:group-3203A1BFFF92 set configuration 0: [b886c3c4-1cd6-4bed-9a98-4245f87de067:192.168.5.132:36960], old=null at 0
2019-09-19 14:41:29,834 [b886c3c4-1cd6-4bed-9a98-4245f87de067:group-2053656C08F5:LeaderElection16] INFO  impl.RaftServerImpl (ServerState.java:setRaftConf(361)) - b886c3c4-1cd6-4bed-9a98-4245f87de067:group-2053656C08F5 set configuration 0: [b886c3c4-1cd6-4bed-9a98-4245f87de067:192.168.5.132:36960], old=null at 0
2019-09-19 14:41:29,842 [Thread-236] INFO  impl.FollowerState (FollowerState.java:run(106)) - b886c3c4-1cd6-4bed-9a98-4245f87de067:group-FF19D2F394A0 changes to CANDIDATE, lastRpcTime:5097, electionTimeout:5097ms
2019-09-19 14:41:29,842 [Thread-236] INFO  impl.RoleInfo (RoleInfo.java:shutdownFollowerState(121)) - b886c3c4-1cd6-4bed-9a98-4245f87de067: shutdown FollowerState
2019-09-19 14:41:29,842 [Thread-236] INFO  impl.RaftServerImpl (RaftServerImpl.java:setRole(171)) - b886c3c4-1cd6-4bed-9a98-4245f87de067:group-FF19D2F394A0 changes role from FOLLOWER to CANDIDATE at term 0 for changeToCandidate
2019-09-19 14:41:29,842 [Thread-236] INFO  impl.RoleInfo (RoleInfo.java:updateAndGet(143)) - b886c3c4-1cd6-4bed-9a98-4245f87de067: start LeaderElection
2019-09-19 14:41:29,860 [b886c3c4-1cd6-4bed-9a98-4245f87de067-SegmentedRaftLogWorker:Storage Directory /workdir/hadoop-ozone/tools/target/test-dir/MiniOzoneClusterImpl-e6d9f474-e5f5-4f7a-a570-913b705bd7a5/datanode-2/data/ratis/42bcfdb2-b5db-43f6-a828-3203a1bfff92] INFO  segmented.SegmentedRaftLogWorker (SegmentedRaftLogWorker.java:execute(569)) - b886c3c4-1cd6-4bed-9a98-4245f87de067-SegmentedRaftLogWorker:Storage Directory /workdir/hadoop-ozone/tools/target/test-dir/MiniOzoneClusterImpl-e6d9f474-e5f5-4f7a-a570-913b705bd7a5/datanode-2/data/ratis/42bcfdb2-b5db-43f6-a828-3203a1bfff92: created new log segment /workdir/hadoop-ozone/tools/target/test-dir/MiniOzoneClusterImpl-e6d9f474-e5f5-4f7a-a570-913b705bd7a5/datanode-2/data/ratis/42bcfdb2-b5db-43f6-a828-3203a1bfff92/current/log_inprogress_0
2019-09-19 14:41:29,860 [b886c3c4-1cd6-4bed-9a98-4245f87de067-SegmentedRaftLogWorker:Storage Directory /workdir/hadoop-ozone/tools/target/test-dir/MiniOzoneClusterImpl-e6d9f474-e5f5-4f7a-a570-913b705bd7a5/datanode-2/data/ratis/3175b738-7f13-4437-aa99-2053656c08f5] INFO  segmented.SegmentedRaftLogWorker (SegmentedRaftLogWorker.java:execute(569)) - b886c3c4-1cd6-4bed-9a98-4245f87de067-SegmentedRaftLogWorker:Storage Directory /workdir/hadoop-ozone/tools/target/test-dir/MiniOzoneClusterImpl-e6d9f474-e5f5-4f7a-a570-913b705bd7a5/datanode-2/data/ratis/3175b738-7f13-4437-aa99-2053656c08f5: created new log segment /workdir/hadoop-ozone/tools/target/test-dir/MiniOzoneClusterImpl-e6d9f474-e5f5-4f7a-a570-913b705bd7a5/datanode-2/data/ratis/3175b738-7f13-4437-aa99-2053656c08f5/current/log_inprogress_0
2019-09-19 14:41:29,938 [b886c3c4-1cd6-4bed-9a98-4245f87de067:group-FF19D2F394A0:LeaderElection18] INFO  impl.LeaderElection (LeaderElection.java:askForVotes(181)) - b886c3c4-1cd6-4bed-9a98-4245f87de067:group-FF19D2F394A0:LeaderElection18: begin an election at term 1 for -1: [b886c3c4-1cd6-4bed-9a98-4245f87de067:192.168.5.132:36960], old=null
2019-09-19 14:41:29,939 [b886c3c4-1cd6-4bed-9a98-4245f87de067:group-FF19D2F394A0:LeaderElection18] INFO  impl.RoleInfo (RoleInfo.java:shutdownLeaderElection(134)) - b886c3c4-1cd6-4bed-9a98-4245f87de067: shutdown LeaderElection
2019-09-19 14:41:29,939 [b886c3c4-1cd6-4bed-9a98-4245f87de067:group-FF19D2F394A0:LeaderElection18] INFO  impl.RaftServerImpl (RaftServerImpl.java:setRole(171)) - b886c3c4-1cd6-4bed-9a98-4245f87de067:group-FF19D2F394A0 changes role from CANDIDATE to LEADER at term 1 for changeToLeader
2019-09-19 14:41:29,939 [b886c3c4-1cd6-4bed-9a98-4245f87de067:group-FF19D2F394A0:LeaderElection18] INFO  impl.RaftServerImpl (ServerState.java:setLeader(263)) - b886c3c4-1cd6-4bed-9a98-4245f87de067:group-FF19D2F394A0 change Leader from null to b886c3c4-1cd6-4bed-9a98-4245f87de067 at term 1 for becomeLeader, leader elected after 5199ms
2019-09-19 14:41:29,940 [b886c3c4-1cd6-4bed-9a98-4245f87de067:group-FF19D2F394A0:LeaderElection18] INFO  server.RaftServerConfigKeys (ConfUtils.java:logGet(43)) - raft.server.staging.catchup.gap = 1000 (default)
2019-09-19 14:41:29,940 [b886c3c4-1cd6-4bed-9a98-4245f87de067:group-FF19D2F394A0:LeaderElection18] INFO  server.RaftServerConfigKeys (ConfUtils.java:logGet(43)) - raft.server.rpc.sleep.time = 25ms (default)
2019-09-19 14:41:29,940 [b886c3c4-1cd6-4bed-9a98-4245f87de067:group-FF19D2F394A0:LeaderElection18] INFO  server.RaftServerConfigKeys (ConfUtils.java:logGet(43)) - raft.server.write.element-limit = 4096 (default)
2019-09-19 14:41:29,940 [b886c3c4-1cd6-4bed-9a98-4245f87de067:group-FF19D2F394A0:LeaderElection18] INFO  server.RaftServerConfigKeys (ConfUtils.java:logGet(43)) - raft.server.watch.timeout = 10s (default)
2019-09-19 14:41:29,941 [b886c3c4-1cd6-4bed-9a98-4245f87de067:group-FF19D2F394A0:LeaderElection18] INFO  server.RaftServerConfigKeys (ConfUtils.java:logGet(43)) - raft.server.watch.timeout.denomination = 1s (default)
2019-09-19 14:41:29,941 [b886c3c4-1cd6-4bed-9a98-4245f87de067:group-FF19D2F394A0:LeaderElection18] INFO  server.RaftServerConfigKeys (ConfUtils.java:logGet(43)) - raft.server.watch.element-limit = 65536 (default)
2019-09-19 14:41:29,941 [b886c3c4-1cd6-4bed-9a98-4245f87de067:group-FF19D2F394A0:LeaderElection18] INFO  impl.RoleInfo (RoleInfo.java:updateAndGet(143)) - b886c3c4-1cd6-4bed-9a98-4245f87de067: start LeaderState
2019-09-19 14:41:29,942 [b886c3c4-1cd6-4bed-9a98-4245f87de067:group-FF19D2F394A0:LeaderElection18] INFO  segmented.SegmentedRaftLogWorker (SegmentedRaftLogWorker.java:startLogSegment(380)) - b886c3c4-1cd6-4bed-9a98-4245f87de067-SegmentedRaftLogWorker:Storage Directory /workdir/hadoop-ozone/tools/target/test-dir/MiniOzoneClusterImpl-e6d9f474-e5f5-4f7a-a570-913b705bd7a5/datanode-2/data/ratis/a9a6a9eb-2a4f-4049-a783-ff19d2f394a0: Starting segment from index:0
2019-09-19 14:41:29,942 [b886c3c4-1cd6-4bed-9a98-4245f87de067:group-FF19D2F394A0:LeaderElection18] INFO  impl.RaftServerImpl (ServerState.java:setRaftConf(361)) - b886c3c4-1cd6-4bed-9a98-4245f87de067:group-FF19D2F394A0 set configuration 0: [b886c3c4-1cd6-4bed-9a98-4245f87de067:192.168.5.132:36960], old=null at 0
2019-09-19 14:41:29,999 [b886c3c4-1cd6-4bed-9a98-4245f87de067-SegmentedRaftLogWorker:Storage Directory /workdir/hadoop-ozone/tools/target/test-dir/MiniOzoneClusterImpl-e6d9f474-e5f5-4f7a-a570-913b705bd7a5/datanode-2/data/ratis/a9a6a9eb-2a4f-4049-a783-ff19d2f394a0] INFO  segmented.SegmentedRaftLogWorker (SegmentedRaftLogWorker.java:execute(569)) - b886c3c4-1cd6-4bed-9a98-4245f87de067-SegmentedRaftLogWorker:Storage Directory /workdir/hadoop-ozone/tools/target/test-dir/MiniOzoneClusterImpl-e6d9f474-e5f5-4f7a-a570-913b705bd7a5/datanode-2/data/ratis/a9a6a9eb-2a4f-4049-a783-ff19d2f394a0: created new log segment /workdir/hadoop-ozone/tools/target/test-dir/MiniOzoneClusterImpl-e6d9f474-e5f5-4f7a-a570-913b705bd7a5/datanode-2/data/ratis/a9a6a9eb-2a4f-4049-a783-ff19d2f394a0/current/log_inprogress_0
2019-09-19 14:41:30,112 | INFO  | SCMAudit | user=jenkins1000 | ip=192.168.5.132 | op=SEND_HEARTBEAT {datanodeUUID=d033faf8-504f-4a64-afa7-ddf7ce9deedd, command=[]} | ret=SUCCESS |  
2019-09-19 14:41:30,456 | INFO  | SCMAudit | user=jenkins1000 | ip=192.168.5.132 | op=SEND_HEARTBEAT {datanodeUUID=3ce8bbe8-7e3d-4ed9-84a6-47ae1608dbd8, command=[]} | ret=SUCCESS |  
2019-09-19 14:41:30,667 | INFO  | SCMAudit | user=jenkins1000 | ip=192.168.5.132 | op=SEND_HEARTBEAT {datanodeUUID=b886c3c4-1cd6-4bed-9a98-4245f87de067, command=[]} | ret=SUCCESS |  
2019-09-19 14:41:31,113 | INFO  | SCMAudit | user=jenkins1000 | ip=192.168.5.132 | op=SEND_HEARTBEAT {datanodeUUID=d033faf8-504f-4a64-afa7-ddf7ce9deedd, command=[]} | ret=SUCCESS |  
2019-09-19 14:41:31,455 | INFO  | SCMAudit | user=jenkins1000 | ip=192.168.5.132 | op=SEND_HEARTBEAT {datanodeUUID=3ce8bbe8-7e3d-4ed9-84a6-47ae1608dbd8, command=[]} | ret=SUCCESS |  
2019-09-19 14:41:31,669 | INFO  | SCMAudit | user=jenkins1000 | ip=192.168.5.132 | op=SEND_HEARTBEAT {datanodeUUID=b886c3c4-1cd6-4bed-9a98-4245f87de067, command=[]} | ret=SUCCESS |  
2019-09-19 14:41:32,113 | INFO  | SCMAudit | user=jenkins1000 | ip=192.168.5.132 | op=SEND_HEARTBEAT {datanodeUUID=d033faf8-504f-4a64-afa7-ddf7ce9deedd, command=[]} | ret=SUCCESS |  
2019-09-19 14:41:32,467 | INFO  | SCMAudit | user=jenkins1000 | ip=192.168.5.132 | op=SEND_HEARTBEAT {datanodeUUID=3ce8bbe8-7e3d-4ed9-84a6-47ae1608dbd8, command=[]} | ret=SUCCESS |  
2019-09-19 14:41:32,667 | INFO  | SCMAudit | user=jenkins1000 | ip=192.168.5.132 | op=SEND_HEARTBEAT {datanodeUUID=b886c3c4-1cd6-4bed-9a98-4245f87de067, command=[]} | ret=SUCCESS |  
2019-09-19 14:41:33,111 | INFO  | SCMAudit | user=jenkins1000 | ip=192.168.5.132 | op=SEND_HEARTBEAT {datanodeUUID=d033faf8-504f-4a64-afa7-ddf7ce9deedd, command=[]} | ret=SUCCESS |  
2019-09-19 14:41:33,454 | INFO  | SCMAudit | user=jenkins1000 | ip=192.168.5.132 | op=SEND_HEARTBEAT {datanodeUUID=3ce8bbe8-7e3d-4ed9-84a6-47ae1608dbd8, command=[]} | ret=SUCCESS |  
2019-09-19 14:41:33,667 | INFO  | SCMAudit | user=jenkins1000 | ip=192.168.5.132 | op=SEND_HEARTBEAT {datanodeUUID=b886c3c4-1cd6-4bed-9a98-4245f87de067, command=[]} | ret=SUCCESS |  
2019-09-19 14:41:34,111 | INFO  | SCMAudit | user=jenkins1000 | ip=192.168.5.132 | op=SEND_HEARTBEAT {datanodeUUID=d033faf8-504f-4a64-afa7-ddf7ce9deedd, command=[]} | ret=SUCCESS |  
]]></system-out>
    <system-err><![CDATA[Sep 19, 2019 2:41:17 PM com.sun.jersey.server.impl.application.WebApplicationImpl _initiate
INFO: Initiating Jersey application, version 'Jersey: 1.19 02/11/2015 03:25 AM'
Sep 19, 2019 2:41:18 PM com.sun.jersey.server.impl.application.WebApplicationImpl _initiate
INFO: Initiating Jersey application, version 'Jersey: 1.19 02/11/2015 03:25 AM'
Sep 19, 2019 2:41:18 PM com.sun.jersey.server.impl.application.WebApplicationImpl _initiate
INFO: Initiating Jersey application, version 'Jersey: 1.19 02/11/2015 03:25 AM'
]]></system-err>
  </testcase>
</testsuite>