<?xml version="1.0" encoding="UTF-8"?>
<testsuite xmlns:xsi="http://www.w3.org/2001/XMLSchema-instance" xsi:noNamespaceSchemaLocation="https://maven.apache.org/surefire/maven-surefire-plugin/xsd/surefire-test-report.xsd" name="org.apache.hadoop.ozone.freon.TestDataValidateWithSafeByteOperations" time="60.361" tests="3" errors="3" skipped="0" failures="0">
  <properties>
    <property name="awt.toolkit" value="sun.awt.X11.XToolkit"/>
    <property name="file.encoding.pkg" value="sun.io"/>
    <property name="java.specification.version" value="1.8"/>
    <property name="sun.cpu.isalist" value=""/>
    <property name="sun.jnu.encoding" value="UTF-8"/>
    <property name="java.class.path" value="/workdir/hadoop-ozone/tools/target/test-classes:/workdir/hadoop-ozone/tools/target/classes:/home/user/.m2/repository/org/apache/hadoop/hadoop-ozone-ozone-manager/0.5.0-SNAPSHOT/hadoop-ozone-ozone-manager-0.5.0-SNAPSHOT.jar:/home/user/.m2/repository/org/apache/hadoop/hadoop-hdds-docs/0.5.0-SNAPSHOT/hadoop-hdds-docs-0.5.0-SNAPSHOT.jar:/home/user/.m2/repository/org/bouncycastle/bcprov-jdk15on/1.60/bcprov-jdk15on-1.60.jar:/home/user/.m2/repository/org/apache/hadoop/hadoop-ozone-common/0.5.0-SNAPSHOT/hadoop-ozone-common-0.5.0-SNAPSHOT.jar:/home/user/.m2/repository/org/apache/commons/commons-compress/1.4.1/commons-compress-1.4.1.jar:/home/user/.m2/repository/org/tukaani/xz/1.0/xz-1.0.jar:/home/user/.m2/repository/org/apache/hadoop/hadoop-hdfs-client/3.2.0/hadoop-hdfs-client-3.2.0.jar:/home/user/.m2/repository/com/fasterxml/jackson/core/jackson-annotations/2.9.5/jackson-annotations-2.9.5.jar:/home/user/.m2/repository/org/apache/hadoop/hadoop-hdds-common/0.5.0-SNAPSHOT/hadoop-hdds-common-0.5.0-SNAPSHOT.jar:/home/user/.m2/repository/org/apache/hadoop/hadoop-hdds-config/0.5.0-SNAPSHOT/hadoop-hdds-config-0.5.0-SNAPSHOT.jar:/home/user/.m2/repository/javax/annotation/javax.annotation-api/1.2/javax.annotation-api-1.2.jar:/home/user/.m2/repository/org/apache/ratis/ratis-server/0.4.0-2337318-SNAPSHOT/ratis-server-0.4.0-2337318-SNAPSHOT.jar:/home/user/.m2/repository/org/apache/ratis/ratis-thirdparty-misc/0.2.0/ratis-thirdparty-misc-0.2.0.jar:/home/user/.m2/repository/org/apache/ratis/ratis-proto/0.4.0-2337318-SNAPSHOT/ratis-proto-0.4.0-2337318-SNAPSHOT.jar:/home/user/.m2/repository/org/apache/ratis/ratis-common/0.4.0-2337318-SNAPSHOT/ratis-common-0.4.0-2337318-SNAPSHOT.jar:/home/user/.m2/repository/org/apache/ratis/ratis-client/0.4.0-2337318-SNAPSHOT/ratis-client-0.4.0-2337318-SNAPSHOT.jar:/home/user/.m2/repository/org/apache/ratis/ratis-metrics/0.4.0-2337318-SNAPSHOT/ratis-metrics-0.4.0-2337318-SNAPSHOT.jar:/home/user/.m2/repository/org/apache/ratis/ratis-netty/0.4.0-2337318-SNAPSHOT/ratis-netty-0.4.0-2337318-SNAPSHOT.jar:/home/user/.m2/repository/org/apache/ratis/ratis-grpc/0.4.0-2337318-SNAPSHOT/ratis-grpc-0.4.0-2337318-SNAPSHOT.jar:/home/user/.m2/repository/org/rocksdb/rocksdbjni/6.0.1/rocksdbjni-6.0.1.jar:/home/user/.m2/repository/org/apache/logging/log4j/log4j-api/2.11.0/log4j-api-2.11.0.jar:/home/user/.m2/repository/org/apache/logging/log4j/log4j-core/2.11.0/log4j-core-2.11.0.jar:/home/user/.m2/repository/com/lmax/disruptor/3.4.2/disruptor-3.4.2.jar:/home/user/.m2/repository/org/apache/commons/commons-pool2/2.6.0/commons-pool2-2.6.0.jar:/home/user/.m2/repository/org/bouncycastle/bcpkix-jdk15on/1.60/bcpkix-jdk15on-1.60.jar:/home/user/.m2/repository/commons-validator/commons-validator/1.6/commons-validator-1.6.jar:/home/user/.m2/repository/commons-digester/commons-digester/1.8.1/commons-digester-1.8.1.jar:/home/user/.m2/repository/io/jaegertracing/jaeger-client/0.33.1/jaeger-client-0.33.1.jar:/home/user/.m2/repository/io/jaegertracing/jaeger-thrift/0.33.1/jaeger-thrift-0.33.1.jar:/home/user/.m2/repository/org/apache/thrift/libthrift/0.11.0/libthrift-0.11.0.jar:/home/user/.m2/repository/com/squareup/okhttp3/okhttp/3.9.0/okhttp-3.9.0.jar:/home/user/.m2/repository/com/squareup/okio/okio/1.13.0/okio-1.13.0.jar:/home/user/.m2/repository/io/jaegertracing/jaeger-core/0.33.1/jaeger-core-0.33.1.jar:/home/user/.m2/repository/io/jaegertracing/jaeger-tracerresolver/0.33.1/jaeger-tracerresolver-0.33.1.jar:/home/user/.m2/repository/io/opentracing/contrib/opentracing-tracerresolver/0.1.5/opentracing-tracerresolver-0.1.5.jar:/home/user/.m2/repository/io/opentracing/opentracing-util/0.31.0/opentracing-util-0.31.0.jar:/home/user/.m2/repository/io/opentracing/opentracing-api/0.31.0/opentracing-api-0.31.0.jar:/home/user/.m2/repository/io/opentracing/opentracing-noop/0.31.0/opentracing-noop-0.31.0.jar:/home/user/.m2/repository/org/yaml/snakeyaml/1.16/snakeyaml-1.16.jar:/home/user/.m2/repository/org/apache/hadoop/hadoop-hdds-container-service/0.5.0-SNAPSHOT/hadoop-hdds-container-service-0.5.0-SNAPSHOT.jar:/home/user/.m2/repository/org/apache/hadoop/hadoop-hdds-client/0.5.0-SNAPSHOT/hadoop-hdds-client-0.5.0-SNAPSHOT.jar:/home/user/.m2/repository/org/apache/hadoop/hadoop-hdds-tools/0.5.0-SNAPSHOT/hadoop-hdds-tools-0.5.0-SNAPSHOT.jar:/home/user/.m2/repository/org/xerial/sqlite-jdbc/3.25.2/sqlite-jdbc-3.25.2.jar:/home/user/.m2/repository/org/apache/hadoop/hadoop-hdds-server-scm/0.5.0-SNAPSHOT/hadoop-hdds-server-scm-0.5.0-SNAPSHOT.jar:/home/user/.m2/repository/org/hamcrest/hamcrest-all/1.3/hamcrest-all-1.3.jar:/home/user/.m2/repository/info/picocli/picocli/3.9.6/picocli-3.9.6.jar:/home/user/.m2/repository/com/google/protobuf/protobuf-java/2.5.0/protobuf-java-2.5.0.jar:/home/user/.m2/repository/com/google/guava/guava/11.0.2/guava-11.0.2.jar:/home/user/.m2/repository/org/apache/hadoop/hadoop-ozone-client/0.5.0-SNAPSHOT/hadoop-ozone-client-0.5.0-SNAPSHOT.jar:/workdir/hadoop-ozone/ozonefs/target/classes:/home/user/.m2/repository/org/apache/hadoop/hadoop-hdds-server-framework/0.5.0-SNAPSHOT/hadoop-hdds-server-framework-0.5.0-SNAPSHOT.jar:/home/user/.m2/repository/org/apache/hadoop/hadoop-common/3.2.0/hadoop-common-3.2.0.jar:/home/user/.m2/repository/org/apache/hadoop/hadoop-annotations/3.2.0/hadoop-annotations-3.2.0.jar:/usr/lib/jvm/java-1.8-openjdk/jre/../lib/tools.jar:/home/user/.m2/repository/commons-cli/commons-cli/1.2/commons-cli-1.2.jar:/home/user/.m2/repository/org/apache/commons/commons-math3/3.1.1/commons-math3-3.1.1.jar:/home/user/.m2/repository/org/apache/httpcomponents/httpclient/4.5.2/httpclient-4.5.2.jar:/home/user/.m2/repository/org/apache/httpcomponents/httpcore/4.4.4/httpcore-4.4.4.jar:/home/user/.m2/repository/commons-codec/commons-codec/1.11/commons-codec-1.11.jar:/home/user/.m2/repository/commons-io/commons-io/2.5/commons-io-2.5.jar:/home/user/.m2/repository/commons-net/commons-net/3.6/commons-net-3.6.jar:/home/user/.m2/repository/commons-collections/commons-collections/3.2.2/commons-collections-3.2.2.jar:/home/user/.m2/repository/javax/servlet/javax.servlet-api/3.1.0/javax.servlet-api-3.1.0.jar:/home/user/.m2/repository/org/eclipse/jetty/jetty-server/9.3.24.v20180605/jetty-server-9.3.24.v20180605.jar:/home/user/.m2/repository/org/eclipse/jetty/jetty-http/9.3.24.v20180605/jetty-http-9.3.24.v20180605.jar:/home/user/.m2/repository/org/eclipse/jetty/jetty-io/9.3.24.v20180605/jetty-io-9.3.24.v20180605.jar:/home/user/.m2/repository/org/eclipse/jetty/jetty-util/9.3.24.v20180605/jetty-util-9.3.24.v20180605.jar:/home/user/.m2/repository/org/eclipse/jetty/jetty-servlet/9.3.24.v20180605/jetty-servlet-9.3.24.v20180605.jar:/home/user/.m2/repository/org/eclipse/jetty/jetty-security/9.3.24.v20180605/jetty-security-9.3.24.v20180605.jar:/home/user/.m2/repository/org/eclipse/jetty/jetty-webapp/9.3.24.v20180605/jetty-webapp-9.3.24.v20180605.jar:/home/user/.m2/repository/org/eclipse/jetty/jetty-xml/9.3.24.v20180605/jetty-xml-9.3.24.v20180605.jar:/home/user/.m2/repository/javax/servlet/jsp/jsp-api/2.1/jsp-api-2.1.jar:/home/user/.m2/repository/com/sun/jersey/jersey-core/1.19/jersey-core-1.19.jar:/home/user/.m2/repository/javax/ws/rs/jsr311-api/1.1.1/jsr311-api-1.1.1.jar:/home/user/.m2/repository/com/sun/jersey/jersey-servlet/1.19/jersey-servlet-1.19.jar:/home/user/.m2/repository/com/sun/jersey/jersey-json/1.19/jersey-json-1.19.jar:/home/user/.m2/repository/org/codehaus/jettison/jettison/1.1/jettison-1.1.jar:/home/user/.m2/repository/com/sun/xml/bind/jaxb-impl/2.3.0.1/jaxb-impl-2.3.0.1.jar:/home/user/.m2/repository/org/codehaus/jackson/jackson-core-asl/1.9.13/jackson-core-asl-1.9.13.jar:/home/user/.m2/repository/org/codehaus/jackson/jackson-mapper-asl/1.9.13/jackson-mapper-asl-1.9.13.jar:/home/user/.m2/repository/org/codehaus/jackson/jackson-jaxrs/1.9.13/jackson-jaxrs-1.9.13.jar:/home/user/.m2/repository/org/codehaus/jackson/jackson-xc/1.9.13/jackson-xc-1.9.13.jar:/home/user/.m2/repository/com/sun/jersey/jersey-server/1.19/jersey-server-1.19.jar:/home/user/.m2/repository/commons-logging/commons-logging/1.1.3/commons-logging-1.1.3.jar:/home/user/.m2/repository/log4j/log4j/1.2.17/log4j-1.2.17.jar:/home/user/.m2/repository/commons-beanutils/commons-beanutils/1.9.3/commons-beanutils-1.9.3.jar:/home/user/.m2/repository/org/apache/commons/commons-configuration2/2.1.1/commons-configuration2-2.1.1.jar:/home/user/.m2/repository/org/apache/commons/commons-lang3/3.7/commons-lang3-3.7.jar:/home/user/.m2/repository/org/apache/commons/commons-text/1.4/commons-text-1.4.jar:/home/user/.m2/repository/org/slf4j/slf4j-api/1.7.25/slf4j-api-1.7.25.jar:/home/user/.m2/repository/org/slf4j/slf4j-log4j12/1.7.25/slf4j-log4j12-1.7.25.jar:/home/user/.m2/repository/org/apache/avro/avro/1.7.7/avro-1.7.7.jar:/home/user/.m2/repository/com/thoughtworks/paranamer/paranamer/2.3/paranamer-2.3.jar:/home/user/.m2/repository/org/xerial/snappy/snappy-java/1.0.5/snappy-java-1.0.5.jar:/home/user/.m2/repository/com/google/re2j/re2j/1.1/re2j-1.1.jar:/home/user/.m2/repository/com/google/code/gson/gson/2.2.4/gson-2.2.4.jar:/home/user/.m2/repository/org/apache/hadoop/hadoop-auth/3.2.0/hadoop-auth-3.2.0.jar:/home/user/.m2/repository/com/nimbusds/nimbus-jose-jwt/4.41.1/nimbus-jose-jwt-4.41.1.jar:/home/user/.m2/repository/com/github/stephenc/jcip/jcip-annotations/1.0-1/jcip-annotations-1.0-1.jar:/home/user/.m2/repository/net/minidev/json-smart/2.3/json-smart-2.3.jar:/home/user/.m2/repository/net/minidev/accessors-smart/1.2/accessors-smart-1.2.jar:/home/user/.m2/repository/org/apache/curator/curator-framework/2.12.0/curator-framework-2.12.0.jar:/home/user/.m2/repository/com/jcraft/jsch/0.1.54/jsch-0.1.54.jar:/home/user/.m2/repository/org/apache/curator/curator-client/2.12.0/curator-client-2.12.0.jar:/home/user/.m2/repository/org/apache/curator/curator-recipes/2.12.0/curator-recipes-2.12.0.jar:/home/user/.m2/repository/com/google/code/findbugs/jsr305/3.0.0/jsr305-3.0.0.jar:/home/user/.m2/repository/org/apache/htrace/htrace-core4/4.1.0-incubating/htrace-core4-4.1.0-incubating.jar:/home/user/.m2/repository/org/apache/zookeeper/zookeeper/3.4.13/zookeeper-3.4.13.jar:/home/user/.m2/repository/org/apache/yetus/audience-annotations/0.5.0/audience-annotations-0.5.0.jar:/home/user/.m2/repository/org/apache/kerby/kerb-simplekdc/1.0.1/kerb-simplekdc-1.0.1.jar:/home/user/.m2/repository/org/apache/kerby/kerb-client/1.0.1/kerb-client-1.0.1.jar:/home/user/.m2/repository/org/apache/kerby/kerby-config/1.0.1/kerby-config-1.0.1.jar:/home/user/.m2/repository/org/apache/kerby/kerb-core/1.0.1/kerb-core-1.0.1.jar:/home/user/.m2/repository/org/apache/kerby/kerby-pkix/1.0.1/kerby-pkix-1.0.1.jar:/home/user/.m2/repository/org/apache/kerby/kerby-asn1/1.0.1/kerby-asn1-1.0.1.jar:/home/user/.m2/repository/org/apache/kerby/kerby-util/1.0.1/kerby-util-1.0.1.jar:/home/user/.m2/repository/org/apache/kerby/kerb-common/1.0.1/kerb-common-1.0.1.jar:/home/user/.m2/repository/org/apache/kerby/kerb-crypto/1.0.1/kerb-crypto-1.0.1.jar:/home/user/.m2/repository/org/apache/kerby/kerb-util/1.0.1/kerb-util-1.0.1.jar:/home/user/.m2/repository/org/apache/kerby/token-provider/1.0.1/token-provider-1.0.1.jar:/home/user/.m2/repository/org/apache/kerby/kerb-admin/1.0.1/kerb-admin-1.0.1.jar:/home/user/.m2/repository/org/apache/kerby/kerb-server/1.0.1/kerb-server-1.0.1.jar:/home/user/.m2/repository/org/apache/kerby/kerb-identity/1.0.1/kerb-identity-1.0.1.jar:/home/user/.m2/repository/org/apache/kerby/kerby-xdr/1.0.1/kerby-xdr-1.0.1.jar:/home/user/.m2/repository/com/fasterxml/jackson/core/jackson-databind/2.9.5/jackson-databind-2.9.5.jar:/home/user/.m2/repository/com/fasterxml/jackson/core/jackson-core/2.9.5/jackson-core-2.9.5.jar:/home/user/.m2/repository/org/codehaus/woodstox/stax2-api/3.1.4/stax2-api-3.1.4.jar:/home/user/.m2/repository/com/fasterxml/woodstox/woodstox-core/5.0.3/woodstox-core-5.0.3.jar:/home/user/.m2/repository/dnsjava/dnsjava/2.1.7/dnsjava-2.1.7.jar:/home/user/.m2/repository/org/apache/hadoop/hadoop-hdfs/3.2.0/hadoop-hdfs-3.2.0.jar:/home/user/.m2/repository/org/eclipse/jetty/jetty-util-ajax/9.3.24.v20180605/jetty-util-ajax-9.3.24.v20180605.jar:/home/user/.m2/repository/commons-daemon/commons-daemon/1.0.13/commons-daemon-1.0.13.jar:/home/user/.m2/repository/io/netty/netty/3.10.5.Final/netty-3.10.5.Final.jar:/home/user/.m2/repository/io/netty/netty-all/4.0.52.Final/netty-all-4.0.52.Final.jar:/home/user/.m2/repository/org/fusesource/leveldbjni/leveldbjni-all/1.8/leveldbjni-all-1.8.jar:/home/user/.m2/repository/com/sun/xml/bind/jaxb-core/2.3.0.1/jaxb-core-2.3.0.1.jar:/home/user/.m2/repository/javax/xml/bind/jaxb-api/2.3.0/jaxb-api-2.3.0.jar:/home/user/.m2/repository/javax/activation/activation/1.1.1/activation-1.1.1.jar:/home/user/.m2/repository/io/dropwizard/metrics/metrics-core/3.2.4/metrics-core-3.2.4.jar:/home/user/.m2/repository/org/openjdk/jmh/jmh-core/1.19/jmh-core-1.19.jar:/home/user/.m2/repository/net/sf/jopt-simple/jopt-simple/4.6/jopt-simple-4.6.jar:/home/user/.m2/repository/org/openjdk/jmh/jmh-generator-annprocess/1.19/jmh-generator-annprocess-1.19.jar:/home/user/.m2/repository/com/google/code/findbugs/findbugs/3.0.1/findbugs-3.0.1.jar:/home/user/.m2/repository/net/jcip/jcip-annotations/1.0/jcip-annotations-1.0.jar:/home/user/.m2/repository/com/google/code/findbugs/bcel-findbugs/6.0/bcel-findbugs-6.0.jar:/home/user/.m2/repository/com/google/code/findbugs/jFormatString/2.0.1/jFormatString-2.0.1.jar:/home/user/.m2/repository/dom4j/dom4j/1.6.1/dom4j-1.6.1.jar:/home/user/.m2/repository/xml-apis/xml-apis/1.0.b2/xml-apis-1.0.b2.jar:/home/user/.m2/repository/org/ow2/asm/asm-debug-all/5.0.2/asm-debug-all-5.0.2.jar:/home/user/.m2/repository/org/ow2/asm/asm-commons/5.0.2/asm-commons-5.0.2.jar:/home/user/.m2/repository/org/ow2/asm/asm-tree/5.0.2/asm-tree-5.0.2.jar:/home/user/.m2/repository/org/ow2/asm/asm/5.0.4/asm-5.0.4.jar:/home/user/.m2/repository/commons-lang/commons-lang/2.6/commons-lang-2.6.jar:/home/user/.m2/repository/com/apple/AppleJavaExtensions/1.4/AppleJavaExtensions-1.4.jar:/home/user/.m2/repository/jaxen/jaxen/1.1.6/jaxen-1.1.6.jar:/home/user/.m2/repository/junit/junit/4.11/junit-4.11.jar:/home/user/.m2/repository/org/hamcrest/hamcrest-core/1.3/hamcrest-core-1.3.jar:/home/user/.m2/repository/org/apache/hadoop/hadoop-common/3.2.0/hadoop-common-3.2.0-tests.jar:/workdir/hadoop-ozone/integration-test/target/test-classes:/home/user/.m2/repository/org/apache/hadoop/hadoop-ozone-objectstore-service/0.5.0-SNAPSHOT/hadoop-ozone-objectstore-service-0.5.0-SNAPSHOT.jar:/home/user/.m2/repository/org/apache/hadoop/hadoop-ozone-s3gateway/0.5.0-SNAPSHOT/hadoop-ozone-s3gateway-0.5.0-SNAPSHOT.jar:/home/user/.m2/repository/org/jboss/weld/servlet/weld-servlet/2.4.7.Final/weld-servlet-2.4.7.Final.jar:/home/user/.m2/repository/org/glassfish/jersey/containers/jersey-container-servlet-core/2.27/jersey-container-servlet-core-2.27.jar:/home/user/.m2/repository/org/glassfish/hk2/external/javax.inject/2.5.0-b42/javax.inject-2.5.0-b42.jar:/home/user/.m2/repository/org/glassfish/jersey/core/jersey-common/2.27/jersey-common-2.27.jar:/home/user/.m2/repository/org/glassfish/hk2/osgi-resource-locator/1.0.1/osgi-resource-locator-1.0.1.jar:/home/user/.m2/repository/javax/ws/rs/javax.ws.rs-api/2.1/javax.ws.rs-api-2.1.jar:/home/user/.m2/repository/org/glassfish/jersey/ext/cdi/jersey-cdi1x/2.27/jersey-cdi1x-2.27.jar:/home/user/.m2/repository/org/glassfish/jersey/inject/jersey-hk2/2.27/jersey-hk2-2.27.jar:/home/user/.m2/repository/org/glassfish/hk2/hk2-locator/2.5.0-b42/hk2-locator-2.5.0-b42.jar:/home/user/.m2/repository/org/javassist/javassist/3.22.0-CR2/javassist-3.22.0-CR2.jar:/home/user/.m2/repository/org/glassfish/hk2/hk2-api/2.5.0/hk2-api-2.5.0.jar:/home/user/.m2/repository/org/glassfish/hk2/external/jakarta.inject/2.5.0/jakarta.inject-2.5.0.jar:/home/user/.m2/repository/org/glassfish/hk2/hk2-utils/2.5.0/hk2-utils-2.5.0.jar:/home/user/.m2/repository/jakarta/annotation/jakarta.annotation-api/1.3.4/jakarta.annotation-api-1.3.4.jar:/home/user/.m2/repository/org/glassfish/hk2/external/aopalliance-repackaged/2.5.0/aopalliance-repackaged-2.5.0.jar:/home/user/.m2/repository/com/fasterxml/jackson/dataformat/jackson-dataformat-xml/2.9.0/jackson-dataformat-xml-2.9.0.jar:/home/user/.m2/repository/com/fasterxml/jackson/module/jackson-module-jaxb-annotations/2.9.5/jackson-module-jaxb-annotations-2.9.5.jar:/home/user/.m2/repository/javax/enterprise/cdi-api/1.2/cdi-api-1.2.jar:/home/user/.m2/repository/javax/el/javax.el-api/3.0.0/javax.el-api-3.0.0.jar:/home/user/.m2/repository/javax/interceptor/javax.interceptor-api/1.2/javax.interceptor-api-1.2.jar:/home/user/.m2/repository/javax/inject/javax.inject/1/javax.inject-1.jar:/home/user/.m2/repository/org/apache/hadoop/hadoop-ozone-csi/0.5.0-SNAPSHOT/hadoop-ozone-csi-0.5.0-SNAPSHOT.jar:/home/user/.m2/repository/com/google/protobuf/protobuf-java-util/3.5.1/protobuf-java-util-3.5.1.jar:/home/user/.m2/repository/io/grpc/grpc-netty/1.17.1/grpc-netty-1.17.1.jar:/home/user/.m2/repository/io/grpc/grpc-core/1.17.1/grpc-core-1.17.1.jar:/home/user/.m2/repository/io/grpc/grpc-context/1.17.1/grpc-context-1.17.1.jar:/home/user/.m2/repository/com/google/errorprone/error_prone_annotations/2.2.0/error_prone_annotations-2.2.0.jar:/home/user/.m2/repository/org/codehaus/mojo/animal-sniffer-annotations/1.17/animal-sniffer-annotations-1.17.jar:/home/user/.m2/repository/io/opencensus/opencensus-api/0.17.0/opencensus-api-0.17.0.jar:/home/user/.m2/repository/io/opencensus/opencensus-contrib-grpc-metrics/0.17.0/opencensus-contrib-grpc-metrics-0.17.0.jar:/home/user/.m2/repository/io/netty/netty-codec-http2/4.1.30.Final/netty-codec-http2-4.1.30.Final.jar:/home/user/.m2/repository/io/netty/netty-codec-http/4.1.30.Final/netty-codec-http-4.1.30.Final.jar:/home/user/.m2/repository/io/netty/netty-codec/4.1.30.Final/netty-codec-4.1.30.Final.jar:/home/user/.m2/repository/io/netty/netty-handler/4.1.30.Final/netty-handler-4.1.30.Final.jar:/home/user/.m2/repository/io/netty/netty-handler-proxy/4.1.30.Final/netty-handler-proxy-4.1.30.Final.jar:/home/user/.m2/repository/io/netty/netty-codec-socks/4.1.30.Final/netty-codec-socks-4.1.30.Final.jar:/home/user/.m2/repository/io/netty/netty-transport-native-epoll/4.1.30.Final/netty-transport-native-epoll-4.1.30.Final.jar:/home/user/.m2/repository/io/netty/netty-common/4.1.30.Final/netty-common-4.1.30.Final.jar:/home/user/.m2/repository/io/netty/netty-buffer/4.1.30.Final/netty-buffer-4.1.30.Final.jar:/home/user/.m2/repository/io/netty/netty-transport/4.1.30.Final/netty-transport-4.1.30.Final.jar:/home/user/.m2/repository/io/netty/netty-resolver/4.1.30.Final/netty-resolver-4.1.30.Final.jar:/home/user/.m2/repository/io/netty/netty-transport-native-unix-common/4.1.30.Final/netty-transport-native-unix-common-4.1.30.Final.jar:/home/user/.m2/repository/io/grpc/grpc-protobuf/1.17.1/grpc-protobuf-1.17.1.jar:/home/user/.m2/repository/com/google/api/grpc/proto-google-common-protos/1.0.0/proto-google-common-protos-1.0.0.jar:/home/user/.m2/repository/io/grpc/grpc-protobuf-lite/1.17.1/grpc-protobuf-lite-1.17.1.jar:/home/user/.m2/repository/io/grpc/grpc-stub/1.17.1/grpc-stub-1.17.1.jar:/home/user/.m2/repository/org/apache/hadoop/hadoop-ozone-recon/0.5.0-SNAPSHOT/hadoop-ozone-recon-0.5.0-SNAPSHOT.jar:/home/user/.m2/repository/org/apache/hadoop/hadoop-ozone-reconcodegen/0.5.0-SNAPSHOT/hadoop-ozone-reconcodegen-0.5.0-SNAPSHOT.jar:/home/user/.m2/repository/com/google/inject/extensions/guice-multibindings/4.0/guice-multibindings-4.0.jar:/home/user/.m2/repository/com/google/inject/guice/4.0/guice-4.0.jar:/home/user/.m2/repository/aopalliance/aopalliance/1.0/aopalliance-1.0.jar:/home/user/.m2/repository/com/google/inject/extensions/guice-servlet/4.0/guice-servlet-4.0.jar:/home/user/.m2/repository/org/glassfish/jersey/containers/jersey-container-servlet/2.27/jersey-container-servlet-2.27.jar:/home/user/.m2/repository/org/glassfish/hk2/guice-bridge/2.5.0/guice-bridge-2.5.0.jar:/home/user/.m2/repository/org/glassfish/jersey/core/jersey-server/2.27/jersey-server-2.27.jar:/home/user/.m2/repository/org/glassfish/jersey/core/jersey-client/2.27/jersey-client-2.27.jar:/home/user/.m2/repository/org/glassfish/jersey/media/jersey-media-jaxb/2.27/jersey-media-jaxb-2.27.jar:/home/user/.m2/repository/javax/validation/validation-api/1.1.0.Final/validation-api-1.1.0.Final.jar:/home/user/.m2/repository/org/glassfish/jersey/media/jersey-media-json-jackson/2.27/jersey-media-json-jackson-2.27.jar:/home/user/.m2/repository/org/glassfish/jersey/ext/jersey-entity-filtering/2.27/jersey-entity-filtering-2.27.jar:/home/user/.m2/repository/com/google/inject/extensions/guice-assistedinject/4.0/guice-assistedinject-4.0.jar:/home/user/.m2/repository/org/jooq/jooq/3.11.10/jooq-3.11.10.jar:/home/user/.m2/repository/org/jooq/jooq-meta/3.11.10/jooq-meta-3.11.10.jar:/home/user/.m2/repository/org/jooq/jooq-codegen/3.11.10/jooq-codegen-3.11.10.jar:/home/user/.m2/repository/com/jolbox/bonecp/0.8.0.RELEASE/bonecp-0.8.0.RELEASE.jar:/home/user/.m2/repository/org/springframework/spring-jdbc/5.1.3.RELEASE/spring-jdbc-5.1.3.RELEASE.jar:/home/user/.m2/repository/org/springframework/spring-beans/5.1.3.RELEASE/spring-beans-5.1.3.RELEASE.jar:/home/user/.m2/repository/org/springframework/spring-core/5.1.3.RELEASE/spring-core-5.1.3.RELEASE.jar:/home/user/.m2/repository/org/springframework/spring-jcl/5.1.3.RELEASE/spring-jcl-5.1.3.RELEASE.jar:/home/user/.m2/repository/org/springframework/spring-tx/5.1.3.RELEASE/spring-tx-5.1.3.RELEASE.jar:/home/user/.m2/repository/org/mockito/mockito-core/2.15.0/mockito-core-2.15.0.jar:/home/user/.m2/repository/net/bytebuddy/byte-buddy/1.7.9/byte-buddy-1.7.9.jar:/home/user/.m2/repository/net/bytebuddy/byte-buddy-agent/1.7.9/byte-buddy-agent-1.7.9.jar:/home/user/.m2/repository/org/objenesis/objenesis/1.0/objenesis-1.0.jar:"/>
    <property name="java.vm.vendor" value="IcedTea"/>
    <property name="sun.arch.data.model" value="64"/>
    <property name="test.build.dir" value="/workdir/hadoop-ozone/tools/target/test-dir"/>
    <property name="test.cache.data" value=""/>
    <property name="java.vendor.url" value="https://icedtea.classpath.org"/>
    <property name="user.timezone" value=""/>
    <property name="java.vm.specification.version" value="1.8"/>
    <property name="os.name" value="Linux"/>
    <property name="test.build.data" value="/workdir/hadoop-ozone/tools/target/test-dir"/>
    <property name="user.country" value="US"/>
    <property name="sun.java.launcher" value="SUN_STANDARD"/>
    <property name="sun.boot.library.path" value="/usr/lib/jvm/java-1.8-openjdk/jre/lib/amd64"/>
    <property name="sun.java.command" value="/workdir/hadoop-ozone/tools/target/surefire/surefirebooter6003191448192269516.jar /workdir/hadoop-ozone/tools/target/surefire 2019-09-19T09-27-26_393-jvmRun1 surefire4871611599572647860tmp surefire_1247199897493574154202tmp"/>
    <property name="test" value="!TestMiniChaosOzoneCluster"/>
    <property name="surefire.test.class.path" value="/workdir/hadoop-ozone/tools/target/test-classes:/workdir/hadoop-ozone/tools/target/classes:/home/user/.m2/repository/org/apache/hadoop/hadoop-ozone-ozone-manager/0.5.0-SNAPSHOT/hadoop-ozone-ozone-manager-0.5.0-SNAPSHOT.jar:/home/user/.m2/repository/org/apache/hadoop/hadoop-hdds-docs/0.5.0-SNAPSHOT/hadoop-hdds-docs-0.5.0-SNAPSHOT.jar:/home/user/.m2/repository/org/bouncycastle/bcprov-jdk15on/1.60/bcprov-jdk15on-1.60.jar:/home/user/.m2/repository/org/apache/hadoop/hadoop-ozone-common/0.5.0-SNAPSHOT/hadoop-ozone-common-0.5.0-SNAPSHOT.jar:/home/user/.m2/repository/org/apache/commons/commons-compress/1.4.1/commons-compress-1.4.1.jar:/home/user/.m2/repository/org/tukaani/xz/1.0/xz-1.0.jar:/home/user/.m2/repository/org/apache/hadoop/hadoop-hdfs-client/3.2.0/hadoop-hdfs-client-3.2.0.jar:/home/user/.m2/repository/com/fasterxml/jackson/core/jackson-annotations/2.9.5/jackson-annotations-2.9.5.jar:/home/user/.m2/repository/org/apache/hadoop/hadoop-hdds-common/0.5.0-SNAPSHOT/hadoop-hdds-common-0.5.0-SNAPSHOT.jar:/home/user/.m2/repository/org/apache/hadoop/hadoop-hdds-config/0.5.0-SNAPSHOT/hadoop-hdds-config-0.5.0-SNAPSHOT.jar:/home/user/.m2/repository/javax/annotation/javax.annotation-api/1.2/javax.annotation-api-1.2.jar:/home/user/.m2/repository/org/apache/ratis/ratis-server/0.4.0-2337318-SNAPSHOT/ratis-server-0.4.0-2337318-SNAPSHOT.jar:/home/user/.m2/repository/org/apache/ratis/ratis-thirdparty-misc/0.2.0/ratis-thirdparty-misc-0.2.0.jar:/home/user/.m2/repository/org/apache/ratis/ratis-proto/0.4.0-2337318-SNAPSHOT/ratis-proto-0.4.0-2337318-SNAPSHOT.jar:/home/user/.m2/repository/org/apache/ratis/ratis-common/0.4.0-2337318-SNAPSHOT/ratis-common-0.4.0-2337318-SNAPSHOT.jar:/home/user/.m2/repository/org/apache/ratis/ratis-client/0.4.0-2337318-SNAPSHOT/ratis-client-0.4.0-2337318-SNAPSHOT.jar:/home/user/.m2/repository/org/apache/ratis/ratis-metrics/0.4.0-2337318-SNAPSHOT/ratis-metrics-0.4.0-2337318-SNAPSHOT.jar:/home/user/.m2/repository/org/apache/ratis/ratis-netty/0.4.0-2337318-SNAPSHOT/ratis-netty-0.4.0-2337318-SNAPSHOT.jar:/home/user/.m2/repository/org/apache/ratis/ratis-grpc/0.4.0-2337318-SNAPSHOT/ratis-grpc-0.4.0-2337318-SNAPSHOT.jar:/home/user/.m2/repository/org/rocksdb/rocksdbjni/6.0.1/rocksdbjni-6.0.1.jar:/home/user/.m2/repository/org/apache/logging/log4j/log4j-api/2.11.0/log4j-api-2.11.0.jar:/home/user/.m2/repository/org/apache/logging/log4j/log4j-core/2.11.0/log4j-core-2.11.0.jar:/home/user/.m2/repository/com/lmax/disruptor/3.4.2/disruptor-3.4.2.jar:/home/user/.m2/repository/org/apache/commons/commons-pool2/2.6.0/commons-pool2-2.6.0.jar:/home/user/.m2/repository/org/bouncycastle/bcpkix-jdk15on/1.60/bcpkix-jdk15on-1.60.jar:/home/user/.m2/repository/commons-validator/commons-validator/1.6/commons-validator-1.6.jar:/home/user/.m2/repository/commons-digester/commons-digester/1.8.1/commons-digester-1.8.1.jar:/home/user/.m2/repository/io/jaegertracing/jaeger-client/0.33.1/jaeger-client-0.33.1.jar:/home/user/.m2/repository/io/jaegertracing/jaeger-thrift/0.33.1/jaeger-thrift-0.33.1.jar:/home/user/.m2/repository/org/apache/thrift/libthrift/0.11.0/libthrift-0.11.0.jar:/home/user/.m2/repository/com/squareup/okhttp3/okhttp/3.9.0/okhttp-3.9.0.jar:/home/user/.m2/repository/com/squareup/okio/okio/1.13.0/okio-1.13.0.jar:/home/user/.m2/repository/io/jaegertracing/jaeger-core/0.33.1/jaeger-core-0.33.1.jar:/home/user/.m2/repository/io/jaegertracing/jaeger-tracerresolver/0.33.1/jaeger-tracerresolver-0.33.1.jar:/home/user/.m2/repository/io/opentracing/contrib/opentracing-tracerresolver/0.1.5/opentracing-tracerresolver-0.1.5.jar:/home/user/.m2/repository/io/opentracing/opentracing-util/0.31.0/opentracing-util-0.31.0.jar:/home/user/.m2/repository/io/opentracing/opentracing-api/0.31.0/opentracing-api-0.31.0.jar:/home/user/.m2/repository/io/opentracing/opentracing-noop/0.31.0/opentracing-noop-0.31.0.jar:/home/user/.m2/repository/org/yaml/snakeyaml/1.16/snakeyaml-1.16.jar:/home/user/.m2/repository/org/apache/hadoop/hadoop-hdds-container-service/0.5.0-SNAPSHOT/hadoop-hdds-container-service-0.5.0-SNAPSHOT.jar:/home/user/.m2/repository/org/apache/hadoop/hadoop-hdds-client/0.5.0-SNAPSHOT/hadoop-hdds-client-0.5.0-SNAPSHOT.jar:/home/user/.m2/repository/org/apache/hadoop/hadoop-hdds-tools/0.5.0-SNAPSHOT/hadoop-hdds-tools-0.5.0-SNAPSHOT.jar:/home/user/.m2/repository/org/xerial/sqlite-jdbc/3.25.2/sqlite-jdbc-3.25.2.jar:/home/user/.m2/repository/org/apache/hadoop/hadoop-hdds-server-scm/0.5.0-SNAPSHOT/hadoop-hdds-server-scm-0.5.0-SNAPSHOT.jar:/home/user/.m2/repository/org/hamcrest/hamcrest-all/1.3/hamcrest-all-1.3.jar:/home/user/.m2/repository/info/picocli/picocli/3.9.6/picocli-3.9.6.jar:/home/user/.m2/repository/com/google/protobuf/protobuf-java/2.5.0/protobuf-java-2.5.0.jar:/home/user/.m2/repository/com/google/guava/guava/11.0.2/guava-11.0.2.jar:/home/user/.m2/repository/org/apache/hadoop/hadoop-ozone-client/0.5.0-SNAPSHOT/hadoop-ozone-client-0.5.0-SNAPSHOT.jar:/workdir/hadoop-ozone/ozonefs/target/classes:/home/user/.m2/repository/org/apache/hadoop/hadoop-hdds-server-framework/0.5.0-SNAPSHOT/hadoop-hdds-server-framework-0.5.0-SNAPSHOT.jar:/home/user/.m2/repository/org/apache/hadoop/hadoop-common/3.2.0/hadoop-common-3.2.0.jar:/home/user/.m2/repository/org/apache/hadoop/hadoop-annotations/3.2.0/hadoop-annotations-3.2.0.jar:/usr/lib/jvm/java-1.8-openjdk/jre/../lib/tools.jar:/home/user/.m2/repository/commons-cli/commons-cli/1.2/commons-cli-1.2.jar:/home/user/.m2/repository/org/apache/commons/commons-math3/3.1.1/commons-math3-3.1.1.jar:/home/user/.m2/repository/org/apache/httpcomponents/httpclient/4.5.2/httpclient-4.5.2.jar:/home/user/.m2/repository/org/apache/httpcomponents/httpcore/4.4.4/httpcore-4.4.4.jar:/home/user/.m2/repository/commons-codec/commons-codec/1.11/commons-codec-1.11.jar:/home/user/.m2/repository/commons-io/commons-io/2.5/commons-io-2.5.jar:/home/user/.m2/repository/commons-net/commons-net/3.6/commons-net-3.6.jar:/home/user/.m2/repository/commons-collections/commons-collections/3.2.2/commons-collections-3.2.2.jar:/home/user/.m2/repository/javax/servlet/javax.servlet-api/3.1.0/javax.servlet-api-3.1.0.jar:/home/user/.m2/repository/org/eclipse/jetty/jetty-server/9.3.24.v20180605/jetty-server-9.3.24.v20180605.jar:/home/user/.m2/repository/org/eclipse/jetty/jetty-http/9.3.24.v20180605/jetty-http-9.3.24.v20180605.jar:/home/user/.m2/repository/org/eclipse/jetty/jetty-io/9.3.24.v20180605/jetty-io-9.3.24.v20180605.jar:/home/user/.m2/repository/org/eclipse/jetty/jetty-util/9.3.24.v20180605/jetty-util-9.3.24.v20180605.jar:/home/user/.m2/repository/org/eclipse/jetty/jetty-servlet/9.3.24.v20180605/jetty-servlet-9.3.24.v20180605.jar:/home/user/.m2/repository/org/eclipse/jetty/jetty-security/9.3.24.v20180605/jetty-security-9.3.24.v20180605.jar:/home/user/.m2/repository/org/eclipse/jetty/jetty-webapp/9.3.24.v20180605/jetty-webapp-9.3.24.v20180605.jar:/home/user/.m2/repository/org/eclipse/jetty/jetty-xml/9.3.24.v20180605/jetty-xml-9.3.24.v20180605.jar:/home/user/.m2/repository/javax/servlet/jsp/jsp-api/2.1/jsp-api-2.1.jar:/home/user/.m2/repository/com/sun/jersey/jersey-core/1.19/jersey-core-1.19.jar:/home/user/.m2/repository/javax/ws/rs/jsr311-api/1.1.1/jsr311-api-1.1.1.jar:/home/user/.m2/repository/com/sun/jersey/jersey-servlet/1.19/jersey-servlet-1.19.jar:/home/user/.m2/repository/com/sun/jersey/jersey-json/1.19/jersey-json-1.19.jar:/home/user/.m2/repository/org/codehaus/jettison/jettison/1.1/jettison-1.1.jar:/home/user/.m2/repository/com/sun/xml/bind/jaxb-impl/2.3.0.1/jaxb-impl-2.3.0.1.jar:/home/user/.m2/repository/org/codehaus/jackson/jackson-core-asl/1.9.13/jackson-core-asl-1.9.13.jar:/home/user/.m2/repository/org/codehaus/jackson/jackson-mapper-asl/1.9.13/jackson-mapper-asl-1.9.13.jar:/home/user/.m2/repository/org/codehaus/jackson/jackson-jaxrs/1.9.13/jackson-jaxrs-1.9.13.jar:/home/user/.m2/repository/org/codehaus/jackson/jackson-xc/1.9.13/jackson-xc-1.9.13.jar:/home/user/.m2/repository/com/sun/jersey/jersey-server/1.19/jersey-server-1.19.jar:/home/user/.m2/repository/commons-logging/commons-logging/1.1.3/commons-logging-1.1.3.jar:/home/user/.m2/repository/log4j/log4j/1.2.17/log4j-1.2.17.jar:/home/user/.m2/repository/commons-beanutils/commons-beanutils/1.9.3/commons-beanutils-1.9.3.jar:/home/user/.m2/repository/org/apache/commons/commons-configuration2/2.1.1/commons-configuration2-2.1.1.jar:/home/user/.m2/repository/org/apache/commons/commons-lang3/3.7/commons-lang3-3.7.jar:/home/user/.m2/repository/org/apache/commons/commons-text/1.4/commons-text-1.4.jar:/home/user/.m2/repository/org/slf4j/slf4j-api/1.7.25/slf4j-api-1.7.25.jar:/home/user/.m2/repository/org/slf4j/slf4j-log4j12/1.7.25/slf4j-log4j12-1.7.25.jar:/home/user/.m2/repository/org/apache/avro/avro/1.7.7/avro-1.7.7.jar:/home/user/.m2/repository/com/thoughtworks/paranamer/paranamer/2.3/paranamer-2.3.jar:/home/user/.m2/repository/org/xerial/snappy/snappy-java/1.0.5/snappy-java-1.0.5.jar:/home/user/.m2/repository/com/google/re2j/re2j/1.1/re2j-1.1.jar:/home/user/.m2/repository/com/google/code/gson/gson/2.2.4/gson-2.2.4.jar:/home/user/.m2/repository/org/apache/hadoop/hadoop-auth/3.2.0/hadoop-auth-3.2.0.jar:/home/user/.m2/repository/com/nimbusds/nimbus-jose-jwt/4.41.1/nimbus-jose-jwt-4.41.1.jar:/home/user/.m2/repository/com/github/stephenc/jcip/jcip-annotations/1.0-1/jcip-annotations-1.0-1.jar:/home/user/.m2/repository/net/minidev/json-smart/2.3/json-smart-2.3.jar:/home/user/.m2/repository/net/minidev/accessors-smart/1.2/accessors-smart-1.2.jar:/home/user/.m2/repository/org/apache/curator/curator-framework/2.12.0/curator-framework-2.12.0.jar:/home/user/.m2/repository/com/jcraft/jsch/0.1.54/jsch-0.1.54.jar:/home/user/.m2/repository/org/apache/curator/curator-client/2.12.0/curator-client-2.12.0.jar:/home/user/.m2/repository/org/apache/curator/curator-recipes/2.12.0/curator-recipes-2.12.0.jar:/home/user/.m2/repository/com/google/code/findbugs/jsr305/3.0.0/jsr305-3.0.0.jar:/home/user/.m2/repository/org/apache/htrace/htrace-core4/4.1.0-incubating/htrace-core4-4.1.0-incubating.jar:/home/user/.m2/repository/org/apache/zookeeper/zookeeper/3.4.13/zookeeper-3.4.13.jar:/home/user/.m2/repository/org/apache/yetus/audience-annotations/0.5.0/audience-annotations-0.5.0.jar:/home/user/.m2/repository/org/apache/kerby/kerb-simplekdc/1.0.1/kerb-simplekdc-1.0.1.jar:/home/user/.m2/repository/org/apache/kerby/kerb-client/1.0.1/kerb-client-1.0.1.jar:/home/user/.m2/repository/org/apache/kerby/kerby-config/1.0.1/kerby-config-1.0.1.jar:/home/user/.m2/repository/org/apache/kerby/kerb-core/1.0.1/kerb-core-1.0.1.jar:/home/user/.m2/repository/org/apache/kerby/kerby-pkix/1.0.1/kerby-pkix-1.0.1.jar:/home/user/.m2/repository/org/apache/kerby/kerby-asn1/1.0.1/kerby-asn1-1.0.1.jar:/home/user/.m2/repository/org/apache/kerby/kerby-util/1.0.1/kerby-util-1.0.1.jar:/home/user/.m2/repository/org/apache/kerby/kerb-common/1.0.1/kerb-common-1.0.1.jar:/home/user/.m2/repository/org/apache/kerby/kerb-crypto/1.0.1/kerb-crypto-1.0.1.jar:/home/user/.m2/repository/org/apache/kerby/kerb-util/1.0.1/kerb-util-1.0.1.jar:/home/user/.m2/repository/org/apache/kerby/token-provider/1.0.1/token-provider-1.0.1.jar:/home/user/.m2/repository/org/apache/kerby/kerb-admin/1.0.1/kerb-admin-1.0.1.jar:/home/user/.m2/repository/org/apache/kerby/kerb-server/1.0.1/kerb-server-1.0.1.jar:/home/user/.m2/repository/org/apache/kerby/kerb-identity/1.0.1/kerb-identity-1.0.1.jar:/home/user/.m2/repository/org/apache/kerby/kerby-xdr/1.0.1/kerby-xdr-1.0.1.jar:/home/user/.m2/repository/com/fasterxml/jackson/core/jackson-databind/2.9.5/jackson-databind-2.9.5.jar:/home/user/.m2/repository/com/fasterxml/jackson/core/jackson-core/2.9.5/jackson-core-2.9.5.jar:/home/user/.m2/repository/org/codehaus/woodstox/stax2-api/3.1.4/stax2-api-3.1.4.jar:/home/user/.m2/repository/com/fasterxml/woodstox/woodstox-core/5.0.3/woodstox-core-5.0.3.jar:/home/user/.m2/repository/dnsjava/dnsjava/2.1.7/dnsjava-2.1.7.jar:/home/user/.m2/repository/org/apache/hadoop/hadoop-hdfs/3.2.0/hadoop-hdfs-3.2.0.jar:/home/user/.m2/repository/org/eclipse/jetty/jetty-util-ajax/9.3.24.v20180605/jetty-util-ajax-9.3.24.v20180605.jar:/home/user/.m2/repository/commons-daemon/commons-daemon/1.0.13/commons-daemon-1.0.13.jar:/home/user/.m2/repository/io/netty/netty/3.10.5.Final/netty-3.10.5.Final.jar:/home/user/.m2/repository/io/netty/netty-all/4.0.52.Final/netty-all-4.0.52.Final.jar:/home/user/.m2/repository/org/fusesource/leveldbjni/leveldbjni-all/1.8/leveldbjni-all-1.8.jar:/home/user/.m2/repository/com/sun/xml/bind/jaxb-core/2.3.0.1/jaxb-core-2.3.0.1.jar:/home/user/.m2/repository/javax/xml/bind/jaxb-api/2.3.0/jaxb-api-2.3.0.jar:/home/user/.m2/repository/javax/activation/activation/1.1.1/activation-1.1.1.jar:/home/user/.m2/repository/io/dropwizard/metrics/metrics-core/3.2.4/metrics-core-3.2.4.jar:/home/user/.m2/repository/org/openjdk/jmh/jmh-core/1.19/jmh-core-1.19.jar:/home/user/.m2/repository/net/sf/jopt-simple/jopt-simple/4.6/jopt-simple-4.6.jar:/home/user/.m2/repository/org/openjdk/jmh/jmh-generator-annprocess/1.19/jmh-generator-annprocess-1.19.jar:/home/user/.m2/repository/com/google/code/findbugs/findbugs/3.0.1/findbugs-3.0.1.jar:/home/user/.m2/repository/net/jcip/jcip-annotations/1.0/jcip-annotations-1.0.jar:/home/user/.m2/repository/com/google/code/findbugs/bcel-findbugs/6.0/bcel-findbugs-6.0.jar:/home/user/.m2/repository/com/google/code/findbugs/jFormatString/2.0.1/jFormatString-2.0.1.jar:/home/user/.m2/repository/dom4j/dom4j/1.6.1/dom4j-1.6.1.jar:/home/user/.m2/repository/xml-apis/xml-apis/1.0.b2/xml-apis-1.0.b2.jar:/home/user/.m2/repository/org/ow2/asm/asm-debug-all/5.0.2/asm-debug-all-5.0.2.jar:/home/user/.m2/repository/org/ow2/asm/asm-commons/5.0.2/asm-commons-5.0.2.jar:/home/user/.m2/repository/org/ow2/asm/asm-tree/5.0.2/asm-tree-5.0.2.jar:/home/user/.m2/repository/org/ow2/asm/asm/5.0.4/asm-5.0.4.jar:/home/user/.m2/repository/commons-lang/commons-lang/2.6/commons-lang-2.6.jar:/home/user/.m2/repository/com/apple/AppleJavaExtensions/1.4/AppleJavaExtensions-1.4.jar:/home/user/.m2/repository/jaxen/jaxen/1.1.6/jaxen-1.1.6.jar:/home/user/.m2/repository/junit/junit/4.11/junit-4.11.jar:/home/user/.m2/repository/org/hamcrest/hamcrest-core/1.3/hamcrest-core-1.3.jar:/home/user/.m2/repository/org/apache/hadoop/hadoop-common/3.2.0/hadoop-common-3.2.0-tests.jar:/workdir/hadoop-ozone/integration-test/target/test-classes:/home/user/.m2/repository/org/apache/hadoop/hadoop-ozone-objectstore-service/0.5.0-SNAPSHOT/hadoop-ozone-objectstore-service-0.5.0-SNAPSHOT.jar:/home/user/.m2/repository/org/apache/hadoop/hadoop-ozone-s3gateway/0.5.0-SNAPSHOT/hadoop-ozone-s3gateway-0.5.0-SNAPSHOT.jar:/home/user/.m2/repository/org/jboss/weld/servlet/weld-servlet/2.4.7.Final/weld-servlet-2.4.7.Final.jar:/home/user/.m2/repository/org/glassfish/jersey/containers/jersey-container-servlet-core/2.27/jersey-container-servlet-core-2.27.jar:/home/user/.m2/repository/org/glassfish/hk2/external/javax.inject/2.5.0-b42/javax.inject-2.5.0-b42.jar:/home/user/.m2/repository/org/glassfish/jersey/core/jersey-common/2.27/jersey-common-2.27.jar:/home/user/.m2/repository/org/glassfish/hk2/osgi-resource-locator/1.0.1/osgi-resource-locator-1.0.1.jar:/home/user/.m2/repository/javax/ws/rs/javax.ws.rs-api/2.1/javax.ws.rs-api-2.1.jar:/home/user/.m2/repository/org/glassfish/jersey/ext/cdi/jersey-cdi1x/2.27/jersey-cdi1x-2.27.jar:/home/user/.m2/repository/org/glassfish/jersey/inject/jersey-hk2/2.27/jersey-hk2-2.27.jar:/home/user/.m2/repository/org/glassfish/hk2/hk2-locator/2.5.0-b42/hk2-locator-2.5.0-b42.jar:/home/user/.m2/repository/org/javassist/javassist/3.22.0-CR2/javassist-3.22.0-CR2.jar:/home/user/.m2/repository/org/glassfish/hk2/hk2-api/2.5.0/hk2-api-2.5.0.jar:/home/user/.m2/repository/org/glassfish/hk2/external/jakarta.inject/2.5.0/jakarta.inject-2.5.0.jar:/home/user/.m2/repository/org/glassfish/hk2/hk2-utils/2.5.0/hk2-utils-2.5.0.jar:/home/user/.m2/repository/jakarta/annotation/jakarta.annotation-api/1.3.4/jakarta.annotation-api-1.3.4.jar:/home/user/.m2/repository/org/glassfish/hk2/external/aopalliance-repackaged/2.5.0/aopalliance-repackaged-2.5.0.jar:/home/user/.m2/repository/com/fasterxml/jackson/dataformat/jackson-dataformat-xml/2.9.0/jackson-dataformat-xml-2.9.0.jar:/home/user/.m2/repository/com/fasterxml/jackson/module/jackson-module-jaxb-annotations/2.9.5/jackson-module-jaxb-annotations-2.9.5.jar:/home/user/.m2/repository/javax/enterprise/cdi-api/1.2/cdi-api-1.2.jar:/home/user/.m2/repository/javax/el/javax.el-api/3.0.0/javax.el-api-3.0.0.jar:/home/user/.m2/repository/javax/interceptor/javax.interceptor-api/1.2/javax.interceptor-api-1.2.jar:/home/user/.m2/repository/javax/inject/javax.inject/1/javax.inject-1.jar:/home/user/.m2/repository/org/apache/hadoop/hadoop-ozone-csi/0.5.0-SNAPSHOT/hadoop-ozone-csi-0.5.0-SNAPSHOT.jar:/home/user/.m2/repository/com/google/protobuf/protobuf-java-util/3.5.1/protobuf-java-util-3.5.1.jar:/home/user/.m2/repository/io/grpc/grpc-netty/1.17.1/grpc-netty-1.17.1.jar:/home/user/.m2/repository/io/grpc/grpc-core/1.17.1/grpc-core-1.17.1.jar:/home/user/.m2/repository/io/grpc/grpc-context/1.17.1/grpc-context-1.17.1.jar:/home/user/.m2/repository/com/google/errorprone/error_prone_annotations/2.2.0/error_prone_annotations-2.2.0.jar:/home/user/.m2/repository/org/codehaus/mojo/animal-sniffer-annotations/1.17/animal-sniffer-annotations-1.17.jar:/home/user/.m2/repository/io/opencensus/opencensus-api/0.17.0/opencensus-api-0.17.0.jar:/home/user/.m2/repository/io/opencensus/opencensus-contrib-grpc-metrics/0.17.0/opencensus-contrib-grpc-metrics-0.17.0.jar:/home/user/.m2/repository/io/netty/netty-codec-http2/4.1.30.Final/netty-codec-http2-4.1.30.Final.jar:/home/user/.m2/repository/io/netty/netty-codec-http/4.1.30.Final/netty-codec-http-4.1.30.Final.jar:/home/user/.m2/repository/io/netty/netty-codec/4.1.30.Final/netty-codec-4.1.30.Final.jar:/home/user/.m2/repository/io/netty/netty-handler/4.1.30.Final/netty-handler-4.1.30.Final.jar:/home/user/.m2/repository/io/netty/netty-handler-proxy/4.1.30.Final/netty-handler-proxy-4.1.30.Final.jar:/home/user/.m2/repository/io/netty/netty-codec-socks/4.1.30.Final/netty-codec-socks-4.1.30.Final.jar:/home/user/.m2/repository/io/netty/netty-transport-native-epoll/4.1.30.Final/netty-transport-native-epoll-4.1.30.Final.jar:/home/user/.m2/repository/io/netty/netty-common/4.1.30.Final/netty-common-4.1.30.Final.jar:/home/user/.m2/repository/io/netty/netty-buffer/4.1.30.Final/netty-buffer-4.1.30.Final.jar:/home/user/.m2/repository/io/netty/netty-transport/4.1.30.Final/netty-transport-4.1.30.Final.jar:/home/user/.m2/repository/io/netty/netty-resolver/4.1.30.Final/netty-resolver-4.1.30.Final.jar:/home/user/.m2/repository/io/netty/netty-transport-native-unix-common/4.1.30.Final/netty-transport-native-unix-common-4.1.30.Final.jar:/home/user/.m2/repository/io/grpc/grpc-protobuf/1.17.1/grpc-protobuf-1.17.1.jar:/home/user/.m2/repository/com/google/api/grpc/proto-google-common-protos/1.0.0/proto-google-common-protos-1.0.0.jar:/home/user/.m2/repository/io/grpc/grpc-protobuf-lite/1.17.1/grpc-protobuf-lite-1.17.1.jar:/home/user/.m2/repository/io/grpc/grpc-stub/1.17.1/grpc-stub-1.17.1.jar:/home/user/.m2/repository/org/apache/hadoop/hadoop-ozone-recon/0.5.0-SNAPSHOT/hadoop-ozone-recon-0.5.0-SNAPSHOT.jar:/home/user/.m2/repository/org/apache/hadoop/hadoop-ozone-reconcodegen/0.5.0-SNAPSHOT/hadoop-ozone-reconcodegen-0.5.0-SNAPSHOT.jar:/home/user/.m2/repository/com/google/inject/extensions/guice-multibindings/4.0/guice-multibindings-4.0.jar:/home/user/.m2/repository/com/google/inject/guice/4.0/guice-4.0.jar:/home/user/.m2/repository/aopalliance/aopalliance/1.0/aopalliance-1.0.jar:/home/user/.m2/repository/com/google/inject/extensions/guice-servlet/4.0/guice-servlet-4.0.jar:/home/user/.m2/repository/org/glassfish/jersey/containers/jersey-container-servlet/2.27/jersey-container-servlet-2.27.jar:/home/user/.m2/repository/org/glassfish/hk2/guice-bridge/2.5.0/guice-bridge-2.5.0.jar:/home/user/.m2/repository/org/glassfish/jersey/core/jersey-server/2.27/jersey-server-2.27.jar:/home/user/.m2/repository/org/glassfish/jersey/core/jersey-client/2.27/jersey-client-2.27.jar:/home/user/.m2/repository/org/glassfish/jersey/media/jersey-media-jaxb/2.27/jersey-media-jaxb-2.27.jar:/home/user/.m2/repository/javax/validation/validation-api/1.1.0.Final/validation-api-1.1.0.Final.jar:/home/user/.m2/repository/org/glassfish/jersey/media/jersey-media-json-jackson/2.27/jersey-media-json-jackson-2.27.jar:/home/user/.m2/repository/org/glassfish/jersey/ext/jersey-entity-filtering/2.27/jersey-entity-filtering-2.27.jar:/home/user/.m2/repository/com/google/inject/extensions/guice-assistedinject/4.0/guice-assistedinject-4.0.jar:/home/user/.m2/repository/org/jooq/jooq/3.11.10/jooq-3.11.10.jar:/home/user/.m2/repository/org/jooq/jooq-meta/3.11.10/jooq-meta-3.11.10.jar:/home/user/.m2/repository/org/jooq/jooq-codegen/3.11.10/jooq-codegen-3.11.10.jar:/home/user/.m2/repository/com/jolbox/bonecp/0.8.0.RELEASE/bonecp-0.8.0.RELEASE.jar:/home/user/.m2/repository/org/springframework/spring-jdbc/5.1.3.RELEASE/spring-jdbc-5.1.3.RELEASE.jar:/home/user/.m2/repository/org/springframework/spring-beans/5.1.3.RELEASE/spring-beans-5.1.3.RELEASE.jar:/home/user/.m2/repository/org/springframework/spring-core/5.1.3.RELEASE/spring-core-5.1.3.RELEASE.jar:/home/user/.m2/repository/org/springframework/spring-jcl/5.1.3.RELEASE/spring-jcl-5.1.3.RELEASE.jar:/home/user/.m2/repository/org/springframework/spring-tx/5.1.3.RELEASE/spring-tx-5.1.3.RELEASE.jar:/home/user/.m2/repository/org/mockito/mockito-core/2.15.0/mockito-core-2.15.0.jar:/home/user/.m2/repository/net/bytebuddy/byte-buddy/1.7.9/byte-buddy-1.7.9.jar:/home/user/.m2/repository/net/bytebuddy/byte-buddy-agent/1.7.9/byte-buddy-agent-1.7.9.jar:/home/user/.m2/repository/org/objenesis/objenesis/1.0/objenesis-1.0.jar:"/>
    <property name="sun.cpu.endian" value="little"/>
    <property name="user.home" value="/home/user"/>
    <property name="user.language" value="en"/>
    <property name="java.specification.vendor" value="Oracle Corporation"/>
    <property name="java.home" value="/usr/lib/jvm/java-1.8-openjdk/jre"/>
    <property name="java.security.krb5.conf" value="/workdir/hadoop-ozone/tools/target/test-classes/krb5.conf"/>
    <property name="basedir" value="/workdir/hadoop-ozone/tools"/>
    <property name="file.separator" value="/"/>
    <property name="line.separator" value="&#10;"/>
    <property name="java.vm.specification.vendor" value="Oracle Corporation"/>
    <property name="java.specification.name" value="Java Platform API Specification"/>
    <property name="java.awt.graphicsenv" value="sun.awt.X11GraphicsEnvironment"/>
    <property name="surefire.real.class.path" value="/workdir/hadoop-ozone/tools/target/surefire/surefirebooter6003191448192269516.jar"/>
    <property name="hadoop.log.dir" value="/workdir/hadoop-ozone/tools/target/log"/>
    <property name="sun.boot.class.path" value="/usr/lib/jvm/java-1.8-openjdk/jre/lib/resources.jar:/usr/lib/jvm/java-1.8-openjdk/jre/lib/rt.jar:/usr/lib/jvm/java-1.8-openjdk/jre/lib/sunrsasign.jar:/usr/lib/jvm/java-1.8-openjdk/jre/lib/jsse.jar:/usr/lib/jvm/java-1.8-openjdk/jre/lib/jce.jar:/usr/lib/jvm/java-1.8-openjdk/jre/lib/charsets.jar:/usr/lib/jvm/java-1.8-openjdk/jre/lib/jfr.jar:/usr/lib/jvm/java-1.8-openjdk/jre/classes"/>
    <property name="sun.management.compiler" value="HotSpot 64-Bit Tiered Compilers"/>
    <property name="java.runtime.version" value="1.8.0_212-b04"/>
    <property name="java.net.preferIPv4Stack" value="true"/>
    <property name="user.name" value="jenkins1000"/>
    <property name="path.separator" value=":"/>
    <property name="java.security.egd" value="file:///dev/urandom"/>
    <property name="os.version" value="3.10.0-957.12.2.el7.x86_64"/>
    <property name="java.endorsed.dirs" value="/usr/lib/jvm/java-1.8-openjdk/jre/lib/endorsed"/>
    <property name="java.runtime.name" value="OpenJDK Runtime Environment"/>
    <property name="file.encoding" value="UTF-8"/>
    <property name="java.vm.name" value="OpenJDK 64-Bit Server VM"/>
    <property name="test.build.webapps" value=""/>
    <property name="localRepository" value="/home/user/.m2/repository"/>
    <property name="java.vendor.url.bug" value="https://icedtea.classpath.org/bugzilla"/>
    <property name="java.io.tmpdir" value="/tmp"/>
    <property name="require.test.libhadoop" value=""/>
    <property name="java.version" value="1.8.0_212"/>
    <property name="user.dir" value="/workdir/hadoop-ozone/tools"/>
    <property name="os.arch" value="amd64"/>
    <property name="java.vm.specification.name" value="Java Virtual Machine Specification"/>
    <property name="test.build.classes" value="/workdir/hadoop-ozone/tools/target/test-classes"/>
    <property name="java.awt.printerjob" value="sun.print.PSPrinterJob"/>
    <property name="sun.os.patch.level" value="unknown"/>
    <property name="hadoop.tmp.dir" value="/workdir/hadoop-ozone/tools/target/tmp"/>
    <property name="java.library.path" value="/usr/lib/jvm/java-1.8-openjdk/jre/lib/amd64/server:/usr/lib/jvm/java-1.8-openjdk/jre/lib/amd64:/usr/lib/jvm/java-1.8-openjdk/jre/../lib/amd64:/workdir/hadoop-ozone/tools/target/native/target/usr/local/lib:/workdir/hadoop-ozone/tools/../../hadoop-common-project/hadoop-common/target/native/target/usr/local/lib:/usr/java/packages/lib/amd64:/usr/lib64:/lib64:/lib:/usr/lib"/>
    <property name="java.vm.info" value="mixed mode"/>
    <property name="java.vendor" value="IcedTea"/>
    <property name="java.vm.version" value="25.212-b04"/>
    <property name="java.ext.dirs" value="/usr/lib/jvm/java-1.8-openjdk/jre/lib/ext:/usr/java/packages/lib/ext"/>
    <property name="sun.io.unicode.encoding" value="UnicodeLittle"/>
    <property name="java.class.version" value="52.0"/>
  </properties>
  <testcase name="ratisTestLargeKey" classname="org.apache.hadoop.ozone.freon.TestDataValidateWithSafeByteOperations" time="10.457">
    <error message="Allocated 0 blocks. Requested 5 blocks" type="INTERNAL_ERROR org.apache.hadoop.ozone.om.exceptions.OMException">INTERNAL_ERROR org.apache.hadoop.ozone.om.exceptions.OMException: Allocated 0 blocks. Requested 5 blocks
	at org.apache.hadoop.ozone.om.protocolPB.OzoneManagerProtocolClientSideTranslatorPB.handleError(OzoneManagerProtocolClientSideTranslatorPB.java:725)
	at org.apache.hadoop.ozone.om.protocolPB.OzoneManagerProtocolClientSideTranslatorPB.openKey(OzoneManagerProtocolClientSideTranslatorPB.java:716)
	at org.apache.hadoop.ozone.client.rpc.RpcClient.createKey(RpcClient.java:615)
	at org.apache.hadoop.ozone.client.OzoneBucket.createKey(OzoneBucket.java:323)
	at org.apache.hadoop.ozone.freon.RandomKeyGenerator.createKey(RandomKeyGenerator.java:686)
	at org.apache.hadoop.ozone.freon.RandomKeyGenerator.access$1100(RandomKeyGenerator.java:87)
	at org.apache.hadoop.ozone.freon.RandomKeyGenerator$ObjectCreator.run(RandomKeyGenerator.java:606)
	at java.util.concurrent.Executors$RunnableAdapter.call(Executors.java:511)
	at java.util.concurrent.FutureTask.run(FutureTask.java:266)
	at java.util.concurrent.ThreadPoolExecutor.runWorker(ThreadPoolExecutor.java:1149)
	at java.util.concurrent.ThreadPoolExecutor$Worker.run(ThreadPoolExecutor.java:624)
	at java.lang.Thread.run(Thread.java:748)
</error>
    <system-out><![CDATA[2019-09-19 14:44:52,265 [main] WARN  server.ServerUtils (ServerUtils.java:getScmDbDir(145)) - ozone.scm.db.dirs is not configured. We recommend adding this setting. Falling back to ozone.metadata.dirs instead.
2019-09-19 14:44:52,416 [main] WARN  server.ServerUtils (ServerUtils.java:getScmDbDir(145)) - ozone.scm.db.dirs is not configured. We recommend adding this setting. Falling back to ozone.metadata.dirs instead.
2019-09-19 14:44:52,419 [main] WARN  server.ServerUtils (ServerUtils.java:getScmDbDir(145)) - ozone.scm.db.dirs is not configured. We recommend adding this setting. Falling back to ozone.metadata.dirs instead.
2019-09-19 14:44:52,442 [main] INFO  util.log (Log.java:initialized(192)) - Logging initialized @1137ms
2019-09-19 14:44:52,564 [main] INFO  db.DBStoreBuilder (DBStoreBuilder.java:addTable(110)) - using custom profile for table: deletedBlocks
2019-09-19 14:44:52,565 [main] INFO  db.DBStoreBuilder (DBStoreBuilder.java:processTables(161)) - Using default column profile:DBProfile.DISK for Table:deletedBlocks
2019-09-19 14:44:52,565 [main] INFO  db.DBStoreBuilder (DBStoreBuilder.java:addTable(110)) - using custom profile for table: validCerts
2019-09-19 14:44:52,565 [main] INFO  db.DBStoreBuilder (DBStoreBuilder.java:processTables(161)) - Using default column profile:DBProfile.DISK for Table:validCerts
2019-09-19 14:44:52,566 [main] INFO  db.DBStoreBuilder (DBStoreBuilder.java:addTable(110)) - using custom profile for table: revokedCerts
2019-09-19 14:44:52,566 [main] INFO  db.DBStoreBuilder (DBStoreBuilder.java:processTables(161)) - Using default column profile:DBProfile.DISK for Table:revokedCerts
2019-09-19 14:44:52,581 [main] INFO  db.DBStoreBuilder (DBStoreBuilder.java:addTable(110)) - using custom profile for table: default
2019-09-19 14:44:52,581 [main] INFO  db.DBStoreBuilder (DBStoreBuilder.java:processTables(167)) - Using default column profile:DBProfile.DISK for Table:default
2019-09-19 14:44:52,583 [main] INFO  db.DBStoreBuilder (DBStoreBuilder.java:getDbProfile(198)) - Using default options. DBProfile.DISK
2019-09-19 14:44:52,956 [main] INFO  net.NodeSchemaLoader (NodeSchemaLoader.java:loadSchemaFromFile(125)) - Loading file from sun.misc.CompoundEnumeration@3835c46
2019-09-19 14:44:52,958 [main] INFO  net.NodeSchemaLoader (NodeSchemaLoader.java:loadSchema(171)) - Loading network topology layer schema file
2019-09-19 14:44:53,038 [main] WARN  server.ServerUtils (ServerUtils.java:sanitizeUserArgs(70)) - ozone.scm.stale.node.interval value = 300000 is larger than max = 100000 based on the key value of ozone.scm.heartbeat.thread.interval, reset to the max value 100000.
2019-09-19 14:44:53,040 [main] WARN  server.ServerUtils (ServerUtils.java:sanitizeUserArgs(70)) - ozone.scm.stale.node.interval value = 300000 is larger than max = 100000 based on the key value of ozone.scm.heartbeat.thread.interval, reset to the max value 100000.
2019-09-19 14:44:53,042 [main] INFO  node.SCMNodeManager (SCMNodeManager.java:<init>(121)) - Entering startup safe mode.
2019-09-19 14:44:53,113 [main] INFO  algorithms.ContainerPlacementPolicyFactory (ContainerPlacementPolicyFactory.java:getPolicy(56)) - Create container placement policy of type org.apache.hadoop.hdds.scm.container.placement.algorithms.SCMContainerPlacementRandom
2019-09-19 14:44:53,134 [main] WARN  server.ServerUtils (ServerUtils.java:getScmDbDir(145)) - ozone.scm.db.dirs is not configured. We recommend adding this setting. Falling back to ozone.metadata.dirs instead.
2019-09-19 14:44:53,277 [main] INFO  pipeline.SCMPipelineManager (SCMPipelineManager.java:initializePipelineState(126)) - No pipeline exists in current db
2019-09-19 14:44:53,280 [main] WARN  server.ServerUtils (ServerUtils.java:getScmDbDir(145)) - ozone.scm.db.dirs is not configured. We recommend adding this setting. Falling back to ozone.metadata.dirs instead.
2019-09-19 14:44:53,515 [main] WARN  events.EventQueue (EventQueue.java:fireEvent(175)) - No event handler registered for event TypedEvent{payloadType=SafeModeStatus, name='SafeModeStatus'}
2019-09-19 14:44:54,121 [main] INFO  ipc.CallQueueManager (CallQueueManager.java:<init>(84)) - Using callQueue: class java.util.concurrent.LinkedBlockingQueue, queueCapacity: 2000, scheduler: class org.apache.hadoop.ipc.DefaultRpcScheduler, ipcBackoff: false.
2019-09-19 14:44:54,424 [Socket Reader #1 for port 45995] INFO  ipc.Server (Server.java:run(1074)) - Starting Socket Reader #1 for port 45995
2019-09-19 14:44:54,454 [main] INFO  ipc.CallQueueManager (CallQueueManager.java:<init>(84)) - Using callQueue: class java.util.concurrent.LinkedBlockingQueue, queueCapacity: 2000, scheduler: class org.apache.hadoop.ipc.DefaultRpcScheduler, ipcBackoff: false.
2019-09-19 14:44:54,460 [Socket Reader #1 for port 41560] INFO  ipc.Server (Server.java:run(1074)) - Starting Socket Reader #1 for port 41560
2019-09-19 14:44:54,477 [main] INFO  ipc.CallQueueManager (CallQueueManager.java:<init>(84)) - Using callQueue: class java.util.concurrent.LinkedBlockingQueue, queueCapacity: 2000, scheduler: class org.apache.hadoop.ipc.DefaultRpcScheduler, ipcBackoff: false.
2019-09-19 14:44:54,478 [Socket Reader #1 for port 43539] INFO  ipc.Server (Server.java:run(1074)) - Starting Socket Reader #1 for port 43539
2019-09-19 14:44:54,515 [main] INFO  hdfs.DFSUtil (DFSUtil.java:httpServerTemplateForNNAndJN(1641)) - Starting Web-server for scm at: http://0.0.0.0:0
2019-09-19 14:44:54,675 [main] INFO  server.AuthenticationFilter (AuthenticationFilter.java:constructSecretProvider(240)) - Unable to initialize FileSignerSecretProvider, falling back to use random secrets.
2019-09-19 14:44:54,697 [main] WARN  http.HttpRequestLog (HttpRequestLog.java:getRequestLog(97)) - Jetty request log can only be enabled using Log4j
2019-09-19 14:44:54,710 [main] INFO  http.HttpServer2 (HttpServer2.java:addGlobalFilter(975)) - Added global filter 'safety' (class=org.apache.hadoop.http.HttpServer2$QuotingInputFilter)
2019-09-19 14:44:54,713 [main] INFO  http.HttpServer2 (HttpServer2.java:addFilter(948)) - Added filter static_user_filter (class=org.apache.hadoop.http.lib.StaticUserWebFilter$StaticUserFilter) to context scm
2019-09-19 14:44:54,714 [main] INFO  http.HttpServer2 (HttpServer2.java:addFilter(958)) - Added filter static_user_filter (class=org.apache.hadoop.http.lib.StaticUserWebFilter$StaticUserFilter) to context logs
2019-09-19 14:44:54,714 [main] INFO  http.HttpServer2 (HttpServer2.java:addFilter(958)) - Added filter static_user_filter (class=org.apache.hadoop.http.lib.StaticUserWebFilter$StaticUserFilter) to context static
2019-09-19 14:44:54,746 [main] INFO  server.StorageContainerManager (StorageContainerManager.java:start(759)) - StorageContainerLocationProtocol RPC server is listening at /0.0.0.0:43539
2019-09-19 14:44:54,813 [main] WARN  impl.MetricsConfig (MetricsConfig.java:loadFirst(134)) - Cannot locate configuration: tried hadoop-metrics2-storagecontainermanager.properties,hadoop-metrics2.properties
2019-09-19 14:44:54,828 [main] INFO  impl.MetricsSystemImpl (MetricsSystemImpl.java:startTimer(374)) - Scheduled Metric snapshot period at 10 second(s).
2019-09-19 14:44:54,829 [main] INFO  impl.MetricsSystemImpl (MetricsSystemImpl.java:start(191)) - StorageContainerManager metrics system started
2019-09-19 14:44:55,108 [main] INFO  server.SCMClientProtocolServer (SCMClientProtocolServer.java:start(151)) - RPC server for Client  is listening at /0.0.0.0:43539
2019-09-19 14:44:55,108 [IPC Server Responder] INFO  ipc.Server (Server.java:run(1314)) - IPC Server Responder: starting
2019-09-19 14:44:55,108 [IPC Server listener on 43539] INFO  ipc.Server (Server.java:run(1153)) - IPC Server listener on 43539: starting
2019-09-19 14:44:55,111 [main] INFO  server.StorageContainerManager (StorageContainerManager.java:start(769)) - ScmBlockLocationProtocol RPC server is listening at /0.0.0.0:41560
2019-09-19 14:44:55,111 [main] INFO  server.SCMBlockProtocolServer (SCMBlockProtocolServer.java:start(140)) - RPC server for Block Protocol is listening at /0.0.0.0:41560
2019-09-19 14:44:55,112 [IPC Server Responder] INFO  ipc.Server (Server.java:run(1314)) - IPC Server Responder: starting
2019-09-19 14:44:55,112 [IPC Server listener on 41560] INFO  ipc.Server (Server.java:run(1153)) - IPC Server listener on 41560: starting
2019-09-19 14:44:55,113 [main] INFO  server.StorageContainerManager (StorageContainerManager.java:start(773)) - ScmDatanodeProtocl RPC server is listening at /0.0.0.0:45995
2019-09-19 14:44:55,114 [main] INFO  server.SCMDatanodeProtocolServer (SCMDatanodeProtocolServer.java:start(191)) - RPC server for DataNodes is listening at /0.0.0.0:45995
2019-09-19 14:44:55,114 [IPC Server Responder] INFO  ipc.Server (Server.java:run(1314)) - IPC Server Responder: starting
2019-09-19 14:44:55,114 [IPC Server listener on 45995] INFO  ipc.Server (Server.java:run(1153)) - IPC Server listener on 45995: starting
2019-09-19 14:44:55,117 [main] INFO  http.HttpServer2 (HttpServer2.java:bindListener(1191)) - Jetty bound to port 41242
2019-09-19 14:44:55,118 [main] INFO  server.Server (Server.java:doStart(351)) - jetty-9.3.24.v20180605, build timestamp: 2018-06-05T17:11:56Z, git hash: 84205aa28f11a4f31f2a3b86d1bba2cc8ab69827
2019-09-19 14:44:55,160 [main] INFO  handler.ContextHandler (ContextHandler.java:doStart(781)) - Started o.e.j.s.ServletContextHandler@4e70a728{/logs,file:///workdir/hadoop-ozone/tools/target/log,AVAILABLE}
2019-09-19 14:44:55,161 [main] INFO  handler.ContextHandler (ContextHandler.java:doStart(781)) - Started o.e.j.s.ServletContextHandler@1c3146bc{/static,jar:file:/home/user/.m2/repository/org/apache/hadoop/hadoop-hdds-server-scm/0.5.0-SNAPSHOT/hadoop-hdds-server-scm-0.5.0-SNAPSHOT.jar!/webapps/static,AVAILABLE}
2019-09-19 14:44:55,257 [main] INFO  handler.ContextHandler (ContextHandler.java:doStart(781)) - Started o.e.j.w.WebAppContext@72efb5c1{/,file:///tmp/jetty-0.0.0.0-41242-scm-_-any-1002277476880693913.dir/webapp/,AVAILABLE}{/scm}
2019-09-19 14:44:55,263 [main] INFO  server.AbstractConnector (AbstractConnector.java:doStart(278)) - Started ServerConnector@7a0e1b5e{HTTP/1.1,[http/1.1]}{0.0.0.0:41242}
2019-09-19 14:44:55,264 [main] INFO  server.Server (Server.java:doStart(419)) - Started @3958ms
2019-09-19 14:44:55,265 [main] INFO  server.BaseHttpServer (BaseHttpServer.java:updateConnectorAddress(213)) - HTTP server of SCM is listening at http://0.0.0.0:41242
2019-09-19 14:44:55,279 [org.apache.hadoop.util.JvmPauseMonitor$Monitor@15bcf458] INFO  util.JvmPauseMonitor (JvmPauseMonitor.java:run(188)) - Starting JVM pause monitor
2019-09-19 14:44:55,279 [main] WARN  server.ServerUtils (ServerUtils.java:getDBPath(222)) - ozone.om.db.dirs is not configured. We recommend adding this setting. Falling back to ozone.metadata.dirs instead.
2019-09-19 14:44:55,389 [main] WARN  server.ServerUtils (ServerUtils.java:getDBPath(222)) - ozone.om.db.dirs is not configured. We recommend adding this setting. Falling back to ozone.metadata.dirs instead.
2019-09-19 14:44:55,390 [main] WARN  server.ServerUtils (ServerUtils.java:getDBPath(222)) - ozone.om.db.dirs is not configured. We recommend adding this setting. Falling back to ozone.metadata.dirs instead.
2019-09-19 14:44:55,391 [main] INFO  om.OzoneManager (OzoneManager.java:setOMNodeDetails(645)) - OM Service ID is not set. Setting it to the default ID: omServiceIdDefault
2019-09-19 14:44:55,391 [main] INFO  om.OzoneManager (OzoneManager.java:setOMNodeDetails(651)) - OM Node ID is not set. Setting it to the OmStorage's OmID: 3a7234f7-02f4-4d12-a85c-6e2111a7120e
2019-09-19 14:44:55,393 [main] INFO  om.OzoneManager (OzoneManager.java:loadOMHAConfigs(602)) - Found matching OM address with OMServiceId: null, OMNodeId: null, RPC Address: localhost:0 and Ratis port: 9872
2019-09-19 14:44:55,693 | INFO  | SCMAudit | user=jenkins1000 | ip=192.168.5.132 | op=GET_SCM_INFO null | ret=SUCCESS |  
2019-09-19 14:44:56,306 [main] WARN  server.ServerUtils (ServerUtils.java:getDBPath(222)) - ozone.om.db.dirs is not configured. We recommend adding this setting. Falling back to ozone.metadata.dirs instead.
2019-09-19 14:44:56,315 [main] INFO  db.DBStoreBuilder (DBStoreBuilder.java:addTable(110)) - using custom profile for table: userTable
2019-09-19 14:44:56,315 [main] INFO  db.DBStoreBuilder (DBStoreBuilder.java:processTables(161)) - Using default column profile:DBProfile.DISK for Table:userTable
2019-09-19 14:44:56,316 [main] INFO  db.DBStoreBuilder (DBStoreBuilder.java:addTable(110)) - using custom profile for table: volumeTable
2019-09-19 14:44:56,316 [main] INFO  db.DBStoreBuilder (DBStoreBuilder.java:processTables(161)) - Using default column profile:DBProfile.DISK for Table:volumeTable
2019-09-19 14:44:56,316 [main] INFO  db.DBStoreBuilder (DBStoreBuilder.java:addTable(110)) - using custom profile for table: bucketTable
2019-09-19 14:44:56,317 [main] INFO  db.DBStoreBuilder (DBStoreBuilder.java:processTables(161)) - Using default column profile:DBProfile.DISK for Table:bucketTable
2019-09-19 14:44:56,317 [main] INFO  db.DBStoreBuilder (DBStoreBuilder.java:addTable(110)) - using custom profile for table: keyTable
2019-09-19 14:44:56,317 [main] INFO  db.DBStoreBuilder (DBStoreBuilder.java:processTables(161)) - Using default column profile:DBProfile.DISK for Table:keyTable
2019-09-19 14:44:56,318 [main] INFO  db.DBStoreBuilder (DBStoreBuilder.java:addTable(110)) - using custom profile for table: deletedTable
2019-09-19 14:44:56,318 [main] INFO  db.DBStoreBuilder (DBStoreBuilder.java:processTables(161)) - Using default column profile:DBProfile.DISK for Table:deletedTable
2019-09-19 14:44:56,318 [main] INFO  db.DBStoreBuilder (DBStoreBuilder.java:addTable(110)) - using custom profile for table: openKeyTable
2019-09-19 14:44:56,319 [main] INFO  db.DBStoreBuilder (DBStoreBuilder.java:processTables(161)) - Using default column profile:DBProfile.DISK for Table:openKeyTable
2019-09-19 14:44:56,319 [main] INFO  db.DBStoreBuilder (DBStoreBuilder.java:addTable(110)) - using custom profile for table: s3Table
2019-09-19 14:44:56,319 [main] INFO  db.DBStoreBuilder (DBStoreBuilder.java:processTables(161)) - Using default column profile:DBProfile.DISK for Table:s3Table
2019-09-19 14:44:56,320 [main] INFO  db.DBStoreBuilder (DBStoreBuilder.java:addTable(110)) - using custom profile for table: multipartInfoTable
2019-09-19 14:44:56,320 [main] INFO  db.DBStoreBuilder (DBStoreBuilder.java:processTables(161)) - Using default column profile:DBProfile.DISK for Table:multipartInfoTable
2019-09-19 14:44:56,321 [main] INFO  db.DBStoreBuilder (DBStoreBuilder.java:addTable(110)) - using custom profile for table: dTokenTable
2019-09-19 14:44:56,321 [main] INFO  db.DBStoreBuilder (DBStoreBuilder.java:processTables(161)) - Using default column profile:DBProfile.DISK for Table:dTokenTable
2019-09-19 14:44:56,321 [main] INFO  db.DBStoreBuilder (DBStoreBuilder.java:addTable(110)) - using custom profile for table: s3SecretTable
2019-09-19 14:44:56,322 [main] INFO  db.DBStoreBuilder (DBStoreBuilder.java:processTables(161)) - Using default column profile:DBProfile.DISK for Table:s3SecretTable
2019-09-19 14:44:56,322 [main] INFO  db.DBStoreBuilder (DBStoreBuilder.java:addTable(110)) - using custom profile for table: prefixTable
2019-09-19 14:44:56,322 [main] INFO  db.DBStoreBuilder (DBStoreBuilder.java:processTables(161)) - Using default column profile:DBProfile.DISK for Table:prefixTable
2019-09-19 14:44:56,323 [main] INFO  db.DBStoreBuilder (DBStoreBuilder.java:addTable(110)) - using custom profile for table: default
2019-09-19 14:44:56,323 [main] INFO  db.DBStoreBuilder (DBStoreBuilder.java:processTables(167)) - Using default column profile:DBProfile.DISK for Table:default
2019-09-19 14:44:56,323 [main] INFO  db.DBStoreBuilder (DBStoreBuilder.java:getDbProfile(198)) - Using default options. DBProfile.DISK
2019-09-19 14:44:57,263 [main] INFO  ipc.CallQueueManager (CallQueueManager.java:<init>(84)) - Using callQueue: class java.util.concurrent.LinkedBlockingQueue, queueCapacity: 2000, scheduler: class org.apache.hadoop.ipc.DefaultRpcScheduler, ipcBackoff: false.
2019-09-19 14:44:57,270 [Socket Reader #1 for port 44393] INFO  ipc.Server (Server.java:run(1074)) - Starting Socket Reader #1 for port 44393
2019-09-19 14:44:57,309 [main] INFO  om.OzoneManager (OzoneManager.java:start(1256)) - OzoneManager RPC server is listening at localhost/127.0.0.1:44393
2019-09-19 14:44:57,309 [main] INFO  impl.MetricsSystemImpl (MetricsSystemImpl.java:init(158)) - OzoneManager metrics system started (again)
2019-09-19 14:44:57,334 [IPC Server listener on 44393] INFO  ipc.Server (Server.java:run(1153)) - IPC Server listener on 44393: starting
2019-09-19 14:44:57,348 [IPC Server Responder] INFO  ipc.Server (Server.java:run(1314)) - IPC Server Responder: starting
2019-09-19 14:44:57,597 [main] INFO  hdfs.DFSUtil (DFSUtil.java:httpServerTemplateForNNAndJN(1641)) - Starting Web-server for ozoneManager at: http://0.0.0.0:0
2019-09-19 14:44:57,599 [main] INFO  server.AuthenticationFilter (AuthenticationFilter.java:constructSecretProvider(240)) - Unable to initialize FileSignerSecretProvider, falling back to use random secrets.
2019-09-19 14:44:57,609 [main] WARN  http.HttpRequestLog (HttpRequestLog.java:getRequestLog(97)) - Jetty request log can only be enabled using Log4j
2019-09-19 14:44:57,611 [main] INFO  http.HttpServer2 (HttpServer2.java:addGlobalFilter(975)) - Added global filter 'safety' (class=org.apache.hadoop.http.HttpServer2$QuotingInputFilter)
2019-09-19 14:44:57,612 [main] INFO  http.HttpServer2 (HttpServer2.java:addFilter(948)) - Added filter static_user_filter (class=org.apache.hadoop.http.lib.StaticUserWebFilter$StaticUserFilter) to context ozoneManager
2019-09-19 14:44:57,613 [main] INFO  http.HttpServer2 (HttpServer2.java:addFilter(958)) - Added filter static_user_filter (class=org.apache.hadoop.http.lib.StaticUserWebFilter$StaticUserFilter) to context logs
2019-09-19 14:44:57,613 [main] INFO  http.HttpServer2 (HttpServer2.java:addFilter(958)) - Added filter static_user_filter (class=org.apache.hadoop.http.lib.StaticUserWebFilter$StaticUserFilter) to context static
2019-09-19 14:44:57,615 [main] INFO  http.HttpServer2 (HttpServer2.java:bindListener(1191)) - Jetty bound to port 39941
2019-09-19 14:44:57,615 [main] INFO  server.Server (Server.java:doStart(351)) - jetty-9.3.24.v20180605, build timestamp: 2018-06-05T17:11:56Z, git hash: 84205aa28f11a4f31f2a3b86d1bba2cc8ab69827
2019-09-19 14:44:57,634 [main] INFO  handler.ContextHandler (ContextHandler.java:doStart(781)) - Started o.e.j.s.ServletContextHandler@782168b7{/logs,file:///workdir/hadoop-ozone/tools/target/log,AVAILABLE}
2019-09-19 14:44:57,636 [main] INFO  handler.ContextHandler (ContextHandler.java:doStart(781)) - Started o.e.j.s.ServletContextHandler@7435a578{/static,jar:file:/home/user/.m2/repository/org/apache/hadoop/hadoop-ozone-ozone-manager/0.5.0-SNAPSHOT/hadoop-ozone-ozone-manager-0.5.0-SNAPSHOT.jar!/webapps/static,AVAILABLE}
2019-09-19 14:44:57,721 [main] INFO  handler.ContextHandler (ContextHandler.java:doStart(781)) - Started o.e.j.w.WebAppContext@10876a6{/,file:///tmp/jetty-0.0.0.0-39941-ozoneManager-_-any-2647171483589442297.dir/webapp/,AVAILABLE}{/ozoneManager}
2019-09-19 14:44:57,723 [main] INFO  server.AbstractConnector (AbstractConnector.java:doStart(278)) - Started ServerConnector@71870da7{HTTP/1.1,[http/1.1]}{0.0.0.0:39941}
2019-09-19 14:44:57,724 [main] INFO  server.Server (Server.java:doStart(419)) - Started @6418ms
2019-09-19 14:44:57,724 [main] INFO  server.BaseHttpServer (BaseHttpServer.java:updateConnectorAddress(213)) - HTTP server of OZONEMANAGER is listening at http://0.0.0.0:39941
2019-09-19 14:44:57,901 [main] INFO  impl.MetricsSystemImpl (MetricsSystemImpl.java:init(158)) - HddsDatanode metrics system started (again)
2019-09-19 14:44:58,020 [main] INFO  ozone.HddsDatanodeService (HddsDatanodeService.java:start(184)) - HddsDatanodeService host:pr-hdds-1569-rzdr8-3403194166 ip:192.168.5.132
2019-09-19 14:44:58,094 [main] INFO  volume.HddsVolume (HddsVolume.java:<init>(176)) - Creating Volume: /workdir/hadoop-ozone/tools/target/test-dir/MiniOzoneClusterImpl-5b0688b1-0324-4107-bf7a-97e067892599/datanode-0/data/containers/hdds of  storage type : DISK and capacity : 1482555576320
2019-09-19 14:44:58,096 [main] INFO  volume.VolumeSet (VolumeSet.java:initializeVolumeSet(170)) - Added Volume : /workdir/hadoop-ozone/tools/target/test-dir/MiniOzoneClusterImpl-5b0688b1-0324-4107-bf7a-97e067892599/datanode-0/data/containers/hdds to VolumeSet
2019-09-19 14:44:58,100 [main] INFO  volume.ThrottledAsyncChecker (ThrottledAsyncChecker.java:schedule(140)) - Scheduling a check for org.apache.hadoop.ozone.container.common.volume.HddsVolume@ce9b9a9
2019-09-19 14:44:58,142 [main] INFO  volume.HddsVolumeChecker (HddsVolumeChecker.java:checkAllVolumes(203)) - Scheduled health check for volume org.apache.hadoop.ozone.container.common.volume.HddsVolume@ce9b9a9
2019-09-19 14:44:58,305 [main] INFO  impl.RaftServerProxy (ConfUtils.java:logGet(43)) - raft.rpc.type = GRPC (default)
2019-09-19 14:44:58,399 [main] INFO  grpc.GrpcFactory (GrpcFactory.java:checkPooledByteBufAllocatorUseCacheForAllThreads(45)) - PERFORMANCE WARNING: useCacheForAllThreads is true that may cause Netty to create a lot garbage objects and, as a result, trigger GC.
	It is recommended to disable useCacheForAllThreads by setting -Dorg.apache.ratis.thirdparty.io.netty.allocator.useCacheForAllThreads=false in command line.
2019-09-19 14:44:58,420 [main] INFO  grpc.GrpcConfigKeys$Server (ConfUtils.java:logGet(43)) - raft.grpc.server.port = 0 (default)
2019-09-19 14:44:58,421 [main] INFO  server.GrpcService (ConfUtils.java:logGet(43)) - raft.grpc.message.size.max = 33570816 (custom)
2019-09-19 14:44:58,424 [main] INFO  server.RaftServerConfigKeys (ConfUtils.java:logGet(43)) - raft.server.log.appender.buffer.byte-limit = 33554432 (custom)
2019-09-19 14:44:58,425 [main] INFO  server.GrpcService (ConfUtils.java:logGet(43)) - raft.grpc.flow.control.window = 1MB (=1048576) (default)
2019-09-19 14:44:58,426 [main] INFO  server.RaftServerConfigKeys (ConfUtils.java:logGet(43)) - raft.server.rpc.request.timeout = 3000ms (default)
2019-09-19 14:44:58,639 [main] INFO  server.RaftServerConfigKeys (ConfUtils.java:logGet(43)) - raft.server.storage.dir = [/workdir/hadoop-ozone/tools/target/test-dir/MiniOzoneClusterImpl-5b0688b1-0324-4107-bf7a-97e067892599/datanode-0/data/ratis] (custom)
2019-09-19 14:44:58,693 [main] INFO  replication.SimpleContainerDownloader (SimpleContainerDownloader.java:<init>(72)) - Starting container downloader service to copy containers to replicate.
2019-09-19 14:44:58,713 [main] INFO  hdfs.DFSUtil (DFSUtil.java:httpServerTemplateForNNAndJN(1641)) - Starting Web-server for hddsDatanode at: http://0.0.0.0:0
2019-09-19 14:44:58,715 [main] INFO  server.AuthenticationFilter (AuthenticationFilter.java:constructSecretProvider(240)) - Unable to initialize FileSignerSecretProvider, falling back to use random secrets.
2019-09-19 14:44:58,716 [main] WARN  http.HttpRequestLog (HttpRequestLog.java:getRequestLog(97)) - Jetty request log can only be enabled using Log4j
2019-09-19 14:44:58,717 [main] INFO  http.HttpServer2 (HttpServer2.java:addGlobalFilter(975)) - Added global filter 'safety' (class=org.apache.hadoop.http.HttpServer2$QuotingInputFilter)
2019-09-19 14:44:58,718 [main] INFO  http.HttpServer2 (HttpServer2.java:addFilter(948)) - Added filter static_user_filter (class=org.apache.hadoop.http.lib.StaticUserWebFilter$StaticUserFilter) to context hddsDatanode
2019-09-19 14:44:58,718 [main] INFO  http.HttpServer2 (HttpServer2.java:addFilter(958)) - Added filter static_user_filter (class=org.apache.hadoop.http.lib.StaticUserWebFilter$StaticUserFilter) to context logs
2019-09-19 14:44:58,719 [main] INFO  http.HttpServer2 (HttpServer2.java:addFilter(958)) - Added filter static_user_filter (class=org.apache.hadoop.http.lib.StaticUserWebFilter$StaticUserFilter) to context static
2019-09-19 14:44:58,722 [main] INFO  http.HttpServer2 (HttpServer2.java:bindListener(1191)) - Jetty bound to port 46323
2019-09-19 14:44:58,722 [main] INFO  server.Server (Server.java:doStart(351)) - jetty-9.3.24.v20180605, build timestamp: 2018-06-05T17:11:56Z, git hash: 84205aa28f11a4f31f2a3b86d1bba2cc8ab69827
2019-09-19 14:44:58,761 [main] INFO  handler.ContextHandler (ContextHandler.java:doStart(781)) - Started o.e.j.s.ServletContextHandler@75d982d3{/logs,file:///workdir/hadoop-ozone/tools/target/log,AVAILABLE}
2019-09-19 14:44:58,766 [main] INFO  handler.ContextHandler (ContextHandler.java:doStart(781)) - Started o.e.j.s.ServletContextHandler@618ff5c2{/static,jar:file:/home/user/.m2/repository/org/apache/hadoop/hadoop-hdds-container-service/0.5.0-SNAPSHOT/hadoop-hdds-container-service-0.5.0-SNAPSHOT.jar!/webapps/static,AVAILABLE}
2019-09-19 14:44:58,811 [main] INFO  handler.ContextHandler (ContextHandler.java:doStart(781)) - Started o.e.j.w.WebAppContext@74ea46e2{/,file:///tmp/jetty-0.0.0.0-46323-hddsDatanode-_-any-3193880075290999153.dir/webapp/,AVAILABLE}{/hddsDatanode}
2019-09-19 14:44:58,813 [main] INFO  server.AbstractConnector (AbstractConnector.java:doStart(278)) - Started ServerConnector@6f911326{HTTP/1.1,[http/1.1]}{0.0.0.0:46323}
2019-09-19 14:44:58,814 [main] INFO  server.Server (Server.java:doStart(419)) - Started @7508ms
2019-09-19 14:44:58,815 [main] INFO  server.BaseHttpServer (BaseHttpServer.java:updateConnectorAddress(213)) - HTTP server of HDDSDATANODE is listening at http://0.0.0.0:46323
2019-09-19 14:45:00,046 | INFO  | ObjectStoreRestHttpServer | Listening HDDS REST traffic on /0.0.0.0:44553 |  
2019-09-19 14:45:00,048 [main] INFO  ozone.HddsDatanodeService (HddsDatanodeService.java:startPlugins(395)) - Started plug-in org.apache.hadoop.ozone.web.OzoneHddsDatanodeService@184823ed
2019-09-19 14:45:00,052 [main] INFO  impl.MetricsSystemImpl (MetricsSystemImpl.java:init(158)) - HddsDatanode metrics system started (again)
2019-09-19 14:45:00,058 [main] INFO  ozone.HddsDatanodeService (HddsDatanodeService.java:start(184)) - HddsDatanodeService host:pr-hdds-1569-rzdr8-3403194166 ip:192.168.5.132
2019-09-19 14:45:00,102 [main] INFO  volume.HddsVolume (HddsVolume.java:<init>(176)) - Creating Volume: /workdir/hadoop-ozone/tools/target/test-dir/MiniOzoneClusterImpl-5b0688b1-0324-4107-bf7a-97e067892599/datanode-1/data/containers/hdds of  storage type : DISK and capacity : 1482555576320
2019-09-19 14:45:00,102 [main] INFO  volume.VolumeSet (VolumeSet.java:initializeVolumeSet(170)) - Added Volume : /workdir/hadoop-ozone/tools/target/test-dir/MiniOzoneClusterImpl-5b0688b1-0324-4107-bf7a-97e067892599/datanode-1/data/containers/hdds to VolumeSet
2019-09-19 14:45:00,102 [main] INFO  volume.ThrottledAsyncChecker (ThrottledAsyncChecker.java:schedule(140)) - Scheduling a check for org.apache.hadoop.ozone.container.common.volume.HddsVolume@b5b9333
2019-09-19 14:45:00,105 [org.apache.hadoop.util.JvmPauseMonitor$Monitor@77f72067] INFO  util.JvmPauseMonitor (JvmPauseMonitor.java:run(188)) - Starting JVM pause monitor
2019-09-19 14:45:00,105 [main] INFO  volume.HddsVolumeChecker (HddsVolumeChecker.java:checkAllVolumes(203)) - Scheduled health check for volume org.apache.hadoop.ozone.container.common.volume.HddsVolume@b5b9333
2019-09-19 14:45:00,192 [main] INFO  impl.RaftServerProxy (ConfUtils.java:logGet(43)) - raft.rpc.type = GRPC (default)
2019-09-19 14:45:00,193 [main] INFO  grpc.GrpcFactory (GrpcFactory.java:checkPooledByteBufAllocatorUseCacheForAllThreads(45)) - PERFORMANCE WARNING: useCacheForAllThreads is true that may cause Netty to create a lot garbage objects and, as a result, trigger GC.
	It is recommended to disable useCacheForAllThreads by setting -Dorg.apache.ratis.thirdparty.io.netty.allocator.useCacheForAllThreads=false in command line.
2019-09-19 14:45:00,193 [main] INFO  grpc.GrpcConfigKeys$Server (ConfUtils.java:logGet(43)) - raft.grpc.server.port = 0 (default)
2019-09-19 14:45:00,193 [main] INFO  server.GrpcService (ConfUtils.java:logGet(43)) - raft.grpc.message.size.max = 33570816 (custom)
2019-09-19 14:45:00,194 [main] INFO  server.RaftServerConfigKeys (ConfUtils.java:logGet(43)) - raft.server.log.appender.buffer.byte-limit = 33554432 (custom)
2019-09-19 14:45:00,194 [main] INFO  server.GrpcService (ConfUtils.java:logGet(43)) - raft.grpc.flow.control.window = 1MB (=1048576) (default)
2019-09-19 14:45:00,194 [main] INFO  server.RaftServerConfigKeys (ConfUtils.java:logGet(43)) - raft.server.rpc.request.timeout = 3000ms (default)
2019-09-19 14:45:00,195 [main] INFO  server.RaftServerConfigKeys (ConfUtils.java:logGet(43)) - raft.server.storage.dir = [/workdir/hadoop-ozone/tools/target/test-dir/MiniOzoneClusterImpl-5b0688b1-0324-4107-bf7a-97e067892599/datanode-1/data/ratis] (custom)
2019-09-19 14:45:00,195 [main] INFO  replication.SimpleContainerDownloader (SimpleContainerDownloader.java:<init>(72)) - Starting container downloader service to copy containers to replicate.
2019-09-19 14:45:00,196 [main] INFO  hdfs.DFSUtil (DFSUtil.java:httpServerTemplateForNNAndJN(1641)) - Starting Web-server for hddsDatanode at: http://0.0.0.0:0
2019-09-19 14:45:00,198 [main] INFO  server.AuthenticationFilter (AuthenticationFilter.java:constructSecretProvider(240)) - Unable to initialize FileSignerSecretProvider, falling back to use random secrets.
2019-09-19 14:45:00,198 [main] WARN  http.HttpRequestLog (HttpRequestLog.java:getRequestLog(97)) - Jetty request log can only be enabled using Log4j
2019-09-19 14:45:00,200 [main] INFO  http.HttpServer2 (HttpServer2.java:addGlobalFilter(975)) - Added global filter 'safety' (class=org.apache.hadoop.http.HttpServer2$QuotingInputFilter)
2019-09-19 14:45:00,201 [main] INFO  http.HttpServer2 (HttpServer2.java:addFilter(948)) - Added filter static_user_filter (class=org.apache.hadoop.http.lib.StaticUserWebFilter$StaticUserFilter) to context hddsDatanode
2019-09-19 14:45:00,201 [main] INFO  http.HttpServer2 (HttpServer2.java:addFilter(958)) - Added filter static_user_filter (class=org.apache.hadoop.http.lib.StaticUserWebFilter$StaticUserFilter) to context static
2019-09-19 14:45:00,201 [main] INFO  http.HttpServer2 (HttpServer2.java:addFilter(958)) - Added filter static_user_filter (class=org.apache.hadoop.http.lib.StaticUserWebFilter$StaticUserFilter) to context logs
2019-09-19 14:45:00,202 [main] INFO  http.HttpServer2 (HttpServer2.java:bindListener(1191)) - Jetty bound to port 39067
2019-09-19 14:45:00,202 [main] INFO  server.Server (Server.java:doStart(351)) - jetty-9.3.24.v20180605, build timestamp: 2018-06-05T17:11:56Z, git hash: 84205aa28f11a4f31f2a3b86d1bba2cc8ab69827
2019-09-19 14:45:00,205 [main] INFO  handler.ContextHandler (ContextHandler.java:doStart(781)) - Started o.e.j.s.ServletContextHandler@59096b66{/logs,file:///workdir/hadoop-ozone/tools/target/log,AVAILABLE}
2019-09-19 14:45:00,206 [main] INFO  handler.ContextHandler (ContextHandler.java:doStart(781)) - Started o.e.j.s.ServletContextHandler@65be88ae{/static,jar:file:/home/user/.m2/repository/org/apache/hadoop/hadoop-hdds-container-service/0.5.0-SNAPSHOT/hadoop-hdds-container-service-0.5.0-SNAPSHOT.jar!/webapps/static,AVAILABLE}
2019-09-19 14:45:00,263 [main] INFO  handler.ContextHandler (ContextHandler.java:doStart(781)) - Started o.e.j.w.WebAppContext@7c46c9c3{/,file:///tmp/jetty-0.0.0.0-39067-hddsDatanode-_-any-9133845340290282571.dir/webapp/,AVAILABLE}{/hddsDatanode}
2019-09-19 14:45:00,264 [main] INFO  server.AbstractConnector (AbstractConnector.java:doStart(278)) - Started ServerConnector@7197b07f{HTTP/1.1,[http/1.1]}{0.0.0.0:39067}
2019-09-19 14:45:00,264 [main] INFO  server.Server (Server.java:doStart(419)) - Started @8959ms
2019-09-19 14:45:00,273 [main] INFO  server.BaseHttpServer (BaseHttpServer.java:updateConnectorAddress(213)) - HTTP server of HDDSDATANODE is listening at http://0.0.0.0:39067
2019-09-19 14:45:00,314 [Datanode State Machine Thread - 0] INFO  datanode.InitDatanodeState (InitDatanodeState.java:persistContainerDatanodeDetails(140)) - DatanodeDetails is persisted to /workdir/hadoop-ozone/tools/target/test-dir/MiniOzoneClusterImpl-5b0688b1-0324-4107-bf7a-97e067892599/datanode-0/meta/datanode.id
2019-09-19 14:45:00,454 | INFO  | ObjectStoreRestHttpServer | Listening HDDS REST traffic on /0.0.0.0:38917 |  
2019-09-19 14:45:00,454 [main] INFO  ozone.HddsDatanodeService (HddsDatanodeService.java:startPlugins(395)) - Started plug-in org.apache.hadoop.ozone.web.OzoneHddsDatanodeService@57bd6a8f
2019-09-19 14:45:00,454 [main] INFO  impl.MetricsSystemImpl (MetricsSystemImpl.java:init(158)) - HddsDatanode metrics system started (again)
2019-09-19 14:45:00,457 [org.apache.hadoop.util.JvmPauseMonitor$Monitor@6dcbeddf] INFO  util.JvmPauseMonitor (JvmPauseMonitor.java:run(188)) - Starting JVM pause monitor
2019-09-19 14:45:00,457 [main] INFO  ozone.HddsDatanodeService (HddsDatanodeService.java:start(184)) - HddsDatanodeService host:pr-hdds-1569-rzdr8-3403194166 ip:192.168.5.132
2019-09-19 14:45:00,461 [Datanode State Machine Thread - 0] INFO  datanode.InitDatanodeState (InitDatanodeState.java:persistContainerDatanodeDetails(140)) - DatanodeDetails is persisted to /workdir/hadoop-ozone/tools/target/test-dir/MiniOzoneClusterImpl-5b0688b1-0324-4107-bf7a-97e067892599/datanode-1/meta/datanode.id
2019-09-19 14:45:00,484 [main] INFO  volume.HddsVolume (HddsVolume.java:<init>(176)) - Creating Volume: /workdir/hadoop-ozone/tools/target/test-dir/MiniOzoneClusterImpl-5b0688b1-0324-4107-bf7a-97e067892599/datanode-2/data/containers/hdds of  storage type : DISK and capacity : 1482555576320
2019-09-19 14:45:00,485 [main] INFO  volume.VolumeSet (VolumeSet.java:initializeVolumeSet(170)) - Added Volume : /workdir/hadoop-ozone/tools/target/test-dir/MiniOzoneClusterImpl-5b0688b1-0324-4107-bf7a-97e067892599/datanode-2/data/containers/hdds to VolumeSet
2019-09-19 14:45:00,486 [main] INFO  volume.ThrottledAsyncChecker (ThrottledAsyncChecker.java:schedule(140)) - Scheduling a check for org.apache.hadoop.ozone.container.common.volume.HddsVolume@265c1a7c
2019-09-19 14:45:00,491 [main] INFO  volume.HddsVolumeChecker (HddsVolumeChecker.java:checkAllVolumes(203)) - Scheduled health check for volume org.apache.hadoop.ozone.container.common.volume.HddsVolume@265c1a7c
2019-09-19 14:45:00,518 [main] INFO  impl.RaftServerProxy (ConfUtils.java:logGet(43)) - raft.rpc.type = GRPC (default)
2019-09-19 14:45:00,519 [main] INFO  grpc.GrpcFactory (GrpcFactory.java:checkPooledByteBufAllocatorUseCacheForAllThreads(45)) - PERFORMANCE WARNING: useCacheForAllThreads is true that may cause Netty to create a lot garbage objects and, as a result, trigger GC.
	It is recommended to disable useCacheForAllThreads by setting -Dorg.apache.ratis.thirdparty.io.netty.allocator.useCacheForAllThreads=false in command line.
2019-09-19 14:45:00,519 [main] INFO  grpc.GrpcConfigKeys$Server (ConfUtils.java:logGet(43)) - raft.grpc.server.port = 0 (default)
2019-09-19 14:45:00,520 [main] INFO  server.GrpcService (ConfUtils.java:logGet(43)) - raft.grpc.message.size.max = 33570816 (custom)
2019-09-19 14:45:00,520 [main] INFO  server.RaftServerConfigKeys (ConfUtils.java:logGet(43)) - raft.server.log.appender.buffer.byte-limit = 33554432 (custom)
2019-09-19 14:45:00,520 [main] INFO  server.GrpcService (ConfUtils.java:logGet(43)) - raft.grpc.flow.control.window = 1MB (=1048576) (default)
2019-09-19 14:45:00,521 [main] INFO  server.RaftServerConfigKeys (ConfUtils.java:logGet(43)) - raft.server.rpc.request.timeout = 3000ms (default)
2019-09-19 14:45:00,522 [main] INFO  server.RaftServerConfigKeys (ConfUtils.java:logGet(43)) - raft.server.storage.dir = [/workdir/hadoop-ozone/tools/target/test-dir/MiniOzoneClusterImpl-5b0688b1-0324-4107-bf7a-97e067892599/datanode-2/data/ratis] (custom)
2019-09-19 14:45:00,523 [main] INFO  replication.SimpleContainerDownloader (SimpleContainerDownloader.java:<init>(72)) - Starting container downloader service to copy containers to replicate.
2019-09-19 14:45:00,524 [main] INFO  hdfs.DFSUtil (DFSUtil.java:httpServerTemplateForNNAndJN(1641)) - Starting Web-server for hddsDatanode at: http://0.0.0.0:0
2019-09-19 14:45:00,526 [main] INFO  server.AuthenticationFilter (AuthenticationFilter.java:constructSecretProvider(240)) - Unable to initialize FileSignerSecretProvider, falling back to use random secrets.
2019-09-19 14:45:00,526 [main] WARN  http.HttpRequestLog (HttpRequestLog.java:getRequestLog(97)) - Jetty request log can only be enabled using Log4j
2019-09-19 14:45:00,528 [main] INFO  http.HttpServer2 (HttpServer2.java:addGlobalFilter(975)) - Added global filter 'safety' (class=org.apache.hadoop.http.HttpServer2$QuotingInputFilter)
2019-09-19 14:45:00,529 [main] INFO  http.HttpServer2 (HttpServer2.java:addFilter(948)) - Added filter static_user_filter (class=org.apache.hadoop.http.lib.StaticUserWebFilter$StaticUserFilter) to context hddsDatanode
2019-09-19 14:45:00,529 [main] INFO  http.HttpServer2 (HttpServer2.java:addFilter(958)) - Added filter static_user_filter (class=org.apache.hadoop.http.lib.StaticUserWebFilter$StaticUserFilter) to context logs
2019-09-19 14:45:00,529 [main] INFO  http.HttpServer2 (HttpServer2.java:addFilter(958)) - Added filter static_user_filter (class=org.apache.hadoop.http.lib.StaticUserWebFilter$StaticUserFilter) to context static
2019-09-19 14:45:00,530 [main] INFO  http.HttpServer2 (HttpServer2.java:bindListener(1191)) - Jetty bound to port 44223
2019-09-19 14:45:00,530 [main] INFO  server.Server (Server.java:doStart(351)) - jetty-9.3.24.v20180605, build timestamp: 2018-06-05T17:11:56Z, git hash: 84205aa28f11a4f31f2a3b86d1bba2cc8ab69827
2019-09-19 14:45:00,532 [main] INFO  handler.ContextHandler (ContextHandler.java:doStart(781)) - Started o.e.j.s.ServletContextHandler@7aea704c{/logs,file:///workdir/hadoop-ozone/tools/target/log,AVAILABLE}
2019-09-19 14:45:00,533 [main] INFO  handler.ContextHandler (ContextHandler.java:doStart(781)) - Started o.e.j.s.ServletContextHandler@32507479{/static,jar:file:/home/user/.m2/repository/org/apache/hadoop/hadoop-hdds-container-service/0.5.0-SNAPSHOT/hadoop-hdds-container-service-0.5.0-SNAPSHOT.jar!/webapps/static,AVAILABLE}
2019-09-19 14:45:00,571 [main] INFO  handler.ContextHandler (ContextHandler.java:doStart(781)) - Started o.e.j.w.WebAppContext@42fc4ac4{/,file:///tmp/jetty-0.0.0.0-44223-hddsDatanode-_-any-5157185811030087684.dir/webapp/,AVAILABLE}{/hddsDatanode}
2019-09-19 14:45:00,572 [main] INFO  server.AbstractConnector (AbstractConnector.java:doStart(278)) - Started ServerConnector@20a24edf{HTTP/1.1,[http/1.1]}{0.0.0.0:44223}
2019-09-19 14:45:00,572 [main] INFO  server.Server (Server.java:doStart(419)) - Started @9267ms
2019-09-19 14:45:00,575 [main] INFO  server.BaseHttpServer (BaseHttpServer.java:updateConnectorAddress(213)) - HTTP server of HDDSDATANODE is listening at http://0.0.0.0:44223
2019-09-19 14:45:00,772 | INFO  | ObjectStoreRestHttpServer | Listening HDDS REST traffic on /0.0.0.0:42651 |  
2019-09-19 14:45:00,772 [main] INFO  ozone.HddsDatanodeService (HddsDatanodeService.java:startPlugins(395)) - Started plug-in org.apache.hadoop.ozone.web.OzoneHddsDatanodeService@7b96de8d
2019-09-19 14:45:00,773 [main] INFO  impl.MetricsSystemImpl (MetricsSystemImpl.java:init(158)) - HddsDatanode metrics system started (again)
2019-09-19 14:45:00,777 [main] INFO  ozone.HddsDatanodeService (HddsDatanodeService.java:start(184)) - HddsDatanodeService host:pr-hdds-1569-rzdr8-3403194166 ip:192.168.5.132
2019-09-19 14:45:00,802 [org.apache.hadoop.util.JvmPauseMonitor$Monitor@6392c20a] INFO  util.JvmPauseMonitor (JvmPauseMonitor.java:run(188)) - Starting JVM pause monitor
2019-09-19 14:45:00,808 [Datanode State Machine Thread - 0] INFO  datanode.InitDatanodeState (InitDatanodeState.java:persistContainerDatanodeDetails(140)) - DatanodeDetails is persisted to /workdir/hadoop-ozone/tools/target/test-dir/MiniOzoneClusterImpl-5b0688b1-0324-4107-bf7a-97e067892599/datanode-2/meta/datanode.id
2019-09-19 14:45:00,823 [main] INFO  volume.HddsVolume (HddsVolume.java:<init>(176)) - Creating Volume: /workdir/hadoop-ozone/tools/target/test-dir/MiniOzoneClusterImpl-5b0688b1-0324-4107-bf7a-97e067892599/datanode-3/data/containers/hdds of  storage type : DISK and capacity : 1482555576320
2019-09-19 14:45:00,823 [main] INFO  volume.VolumeSet (VolumeSet.java:initializeVolumeSet(170)) - Added Volume : /workdir/hadoop-ozone/tools/target/test-dir/MiniOzoneClusterImpl-5b0688b1-0324-4107-bf7a-97e067892599/datanode-3/data/containers/hdds to VolumeSet
2019-09-19 14:45:00,823 [main] INFO  volume.ThrottledAsyncChecker (ThrottledAsyncChecker.java:schedule(140)) - Scheduling a check for org.apache.hadoop.ozone.container.common.volume.HddsVolume@2e6d76ba
2019-09-19 14:45:00,835 [main] INFO  volume.HddsVolumeChecker (HddsVolumeChecker.java:checkAllVolumes(203)) - Scheduled health check for volume org.apache.hadoop.ozone.container.common.volume.HddsVolume@2e6d76ba
2019-09-19 14:45:00,894 [main] INFO  impl.RaftServerProxy (ConfUtils.java:logGet(43)) - raft.rpc.type = GRPC (default)
2019-09-19 14:45:00,898 [main] INFO  grpc.GrpcFactory (GrpcFactory.java:checkPooledByteBufAllocatorUseCacheForAllThreads(45)) - PERFORMANCE WARNING: useCacheForAllThreads is true that may cause Netty to create a lot garbage objects and, as a result, trigger GC.
	It is recommended to disable useCacheForAllThreads by setting -Dorg.apache.ratis.thirdparty.io.netty.allocator.useCacheForAllThreads=false in command line.
2019-09-19 14:45:00,898 [main] INFO  grpc.GrpcConfigKeys$Server (ConfUtils.java:logGet(43)) - raft.grpc.server.port = 0 (default)
2019-09-19 14:45:00,899 [main] INFO  server.GrpcService (ConfUtils.java:logGet(43)) - raft.grpc.message.size.max = 33570816 (custom)
2019-09-19 14:45:00,899 [main] INFO  server.RaftServerConfigKeys (ConfUtils.java:logGet(43)) - raft.server.log.appender.buffer.byte-limit = 33554432 (custom)
2019-09-19 14:45:00,899 [main] INFO  server.GrpcService (ConfUtils.java:logGet(43)) - raft.grpc.flow.control.window = 1MB (=1048576) (default)
2019-09-19 14:45:00,900 [main] INFO  server.RaftServerConfigKeys (ConfUtils.java:logGet(43)) - raft.server.rpc.request.timeout = 3000ms (default)
2019-09-19 14:45:00,904 [main] INFO  server.RaftServerConfigKeys (ConfUtils.java:logGet(43)) - raft.server.storage.dir = [/workdir/hadoop-ozone/tools/target/test-dir/MiniOzoneClusterImpl-5b0688b1-0324-4107-bf7a-97e067892599/datanode-3/data/ratis] (custom)
2019-09-19 14:45:00,905 [main] INFO  replication.SimpleContainerDownloader (SimpleContainerDownloader.java:<init>(72)) - Starting container downloader service to copy containers to replicate.
2019-09-19 14:45:00,910 [main] INFO  hdfs.DFSUtil (DFSUtil.java:httpServerTemplateForNNAndJN(1641)) - Starting Web-server for hddsDatanode at: http://0.0.0.0:0
2019-09-19 14:45:00,911 [main] INFO  server.AuthenticationFilter (AuthenticationFilter.java:constructSecretProvider(240)) - Unable to initialize FileSignerSecretProvider, falling back to use random secrets.
2019-09-19 14:45:00,916 [main] WARN  http.HttpRequestLog (HttpRequestLog.java:getRequestLog(97)) - Jetty request log can only be enabled using Log4j
2019-09-19 14:45:00,918 [main] INFO  http.HttpServer2 (HttpServer2.java:addGlobalFilter(975)) - Added global filter 'safety' (class=org.apache.hadoop.http.HttpServer2$QuotingInputFilter)
2019-09-19 14:45:00,919 [main] INFO  http.HttpServer2 (HttpServer2.java:addFilter(948)) - Added filter static_user_filter (class=org.apache.hadoop.http.lib.StaticUserWebFilter$StaticUserFilter) to context hddsDatanode
2019-09-19 14:45:00,919 [main] INFO  http.HttpServer2 (HttpServer2.java:addFilter(958)) - Added filter static_user_filter (class=org.apache.hadoop.http.lib.StaticUserWebFilter$StaticUserFilter) to context logs
2019-09-19 14:45:00,919 [main] INFO  http.HttpServer2 (HttpServer2.java:addFilter(958)) - Added filter static_user_filter (class=org.apache.hadoop.http.lib.StaticUserWebFilter$StaticUserFilter) to context static
2019-09-19 14:45:00,924 [main] INFO  http.HttpServer2 (HttpServer2.java:bindListener(1191)) - Jetty bound to port 40082
2019-09-19 14:45:00,924 [main] INFO  server.Server (Server.java:doStart(351)) - jetty-9.3.24.v20180605, build timestamp: 2018-06-05T17:11:56Z, git hash: 84205aa28f11a4f31f2a3b86d1bba2cc8ab69827
2019-09-19 14:45:00,986 [main] INFO  handler.ContextHandler (ContextHandler.java:doStart(781)) - Started o.e.j.s.ServletContextHandler@5c8d58ed{/logs,file:///workdir/hadoop-ozone/tools/target/log,AVAILABLE}
2019-09-19 14:45:00,992 [main] INFO  handler.ContextHandler (ContextHandler.java:doStart(781)) - Started o.e.j.s.ServletContextHandler@28be7fec{/static,jar:file:/home/user/.m2/repository/org/apache/hadoop/hadoop-hdds-container-service/0.5.0-SNAPSHOT/hadoop-hdds-container-service-0.5.0-SNAPSHOT.jar!/webapps/static,AVAILABLE}
2019-09-19 14:45:01,050 [main] INFO  handler.ContextHandler (ContextHandler.java:doStart(781)) - Started o.e.j.w.WebAppContext@61359e87{/,file:///tmp/jetty-0.0.0.0-40082-hddsDatanode-_-any-3304972750691760097.dir/webapp/,AVAILABLE}{/hddsDatanode}
2019-09-19 14:45:01,050 [main] INFO  server.AbstractConnector (AbstractConnector.java:doStart(278)) - Started ServerConnector@2dc39b53{HTTP/1.1,[http/1.1]}{0.0.0.0:40082}
2019-09-19 14:45:01,051 [main] INFO  server.Server (Server.java:doStart(419)) - Started @9745ms
2019-09-19 14:45:01,063 [main] INFO  server.BaseHttpServer (BaseHttpServer.java:updateConnectorAddress(213)) - HTTP server of HDDSDATANODE is listening at http://0.0.0.0:40082
2019-09-19 14:45:01,301 | INFO  | ObjectStoreRestHttpServer | Listening HDDS REST traffic on /0.0.0.0:46137 |  
2019-09-19 14:45:01,301 [main] INFO  ozone.HddsDatanodeService (HddsDatanodeService.java:startPlugins(395)) - Started plug-in org.apache.hadoop.ozone.web.OzoneHddsDatanodeService@6885ed19
2019-09-19 14:45:01,302 [main] INFO  impl.MetricsSystemImpl (MetricsSystemImpl.java:init(158)) - HddsDatanode metrics system started (again)
2019-09-19 14:45:01,334 [Datanode State Machine Thread - 0] INFO  datanode.InitDatanodeState (InitDatanodeState.java:persistContainerDatanodeDetails(140)) - DatanodeDetails is persisted to /workdir/hadoop-ozone/tools/target/test-dir/MiniOzoneClusterImpl-5b0688b1-0324-4107-bf7a-97e067892599/datanode-3/meta/datanode.id
2019-09-19 14:45:01,339 [main] INFO  ozone.HddsDatanodeService (HddsDatanodeService.java:start(184)) - HddsDatanodeService host:pr-hdds-1569-rzdr8-3403194166 ip:192.168.5.132
2019-09-19 14:45:01,327 [org.apache.hadoop.util.JvmPauseMonitor$Monitor@7e527e3b] INFO  util.JvmPauseMonitor (JvmPauseMonitor.java:run(188)) - Starting JVM pause monitor
2019-09-19 14:45:01,387 [main] INFO  volume.HddsVolume (HddsVolume.java:<init>(176)) - Creating Volume: /workdir/hadoop-ozone/tools/target/test-dir/MiniOzoneClusterImpl-5b0688b1-0324-4107-bf7a-97e067892599/datanode-4/data/containers/hdds of  storage type : DISK and capacity : 1482555576320
2019-09-19 14:45:01,388 [main] INFO  volume.VolumeSet (VolumeSet.java:initializeVolumeSet(170)) - Added Volume : /workdir/hadoop-ozone/tools/target/test-dir/MiniOzoneClusterImpl-5b0688b1-0324-4107-bf7a-97e067892599/datanode-4/data/containers/hdds to VolumeSet
2019-09-19 14:45:01,388 [main] INFO  volume.ThrottledAsyncChecker (ThrottledAsyncChecker.java:schedule(140)) - Scheduling a check for org.apache.hadoop.ozone.container.common.volume.HddsVolume@1c6a0103
2019-09-19 14:45:01,397 [main] INFO  volume.HddsVolumeChecker (HddsVolumeChecker.java:checkAllVolumes(203)) - Scheduled health check for volume org.apache.hadoop.ozone.container.common.volume.HddsVolume@1c6a0103
2019-09-19 14:45:01,424 [main] INFO  impl.RaftServerProxy (ConfUtils.java:logGet(43)) - raft.rpc.type = GRPC (default)
2019-09-19 14:45:01,424 [main] INFO  grpc.GrpcFactory (GrpcFactory.java:checkPooledByteBufAllocatorUseCacheForAllThreads(45)) - PERFORMANCE WARNING: useCacheForAllThreads is true that may cause Netty to create a lot garbage objects and, as a result, trigger GC.
	It is recommended to disable useCacheForAllThreads by setting -Dorg.apache.ratis.thirdparty.io.netty.allocator.useCacheForAllThreads=false in command line.
2019-09-19 14:45:01,424 [main] INFO  grpc.GrpcConfigKeys$Server (ConfUtils.java:logGet(43)) - raft.grpc.server.port = 0 (default)
2019-09-19 14:45:01,425 [main] INFO  server.GrpcService (ConfUtils.java:logGet(43)) - raft.grpc.message.size.max = 33570816 (custom)
2019-09-19 14:45:01,425 [main] INFO  server.RaftServerConfigKeys (ConfUtils.java:logGet(43)) - raft.server.log.appender.buffer.byte-limit = 33554432 (custom)
2019-09-19 14:45:01,425 [main] INFO  server.GrpcService (ConfUtils.java:logGet(43)) - raft.grpc.flow.control.window = 1MB (=1048576) (default)
2019-09-19 14:45:01,426 [main] INFO  server.RaftServerConfigKeys (ConfUtils.java:logGet(43)) - raft.server.rpc.request.timeout = 3000ms (default)
2019-09-19 14:45:01,426 [main] INFO  server.RaftServerConfigKeys (ConfUtils.java:logGet(43)) - raft.server.storage.dir = [/workdir/hadoop-ozone/tools/target/test-dir/MiniOzoneClusterImpl-5b0688b1-0324-4107-bf7a-97e067892599/datanode-4/data/ratis] (custom)
2019-09-19 14:45:01,427 [main] INFO  replication.SimpleContainerDownloader (SimpleContainerDownloader.java:<init>(72)) - Starting container downloader service to copy containers to replicate.
2019-09-19 14:45:01,428 [main] INFO  hdfs.DFSUtil (DFSUtil.java:httpServerTemplateForNNAndJN(1641)) - Starting Web-server for hddsDatanode at: http://0.0.0.0:0
2019-09-19 14:45:01,430 [main] INFO  server.AuthenticationFilter (AuthenticationFilter.java:constructSecretProvider(240)) - Unable to initialize FileSignerSecretProvider, falling back to use random secrets.
2019-09-19 14:45:01,431 [main] WARN  http.HttpRequestLog (HttpRequestLog.java:getRequestLog(97)) - Jetty request log can only be enabled using Log4j
2019-09-19 14:45:01,433 [main] INFO  http.HttpServer2 (HttpServer2.java:addGlobalFilter(975)) - Added global filter 'safety' (class=org.apache.hadoop.http.HttpServer2$QuotingInputFilter)
2019-09-19 14:45:01,433 [main] INFO  http.HttpServer2 (HttpServer2.java:addFilter(948)) - Added filter static_user_filter (class=org.apache.hadoop.http.lib.StaticUserWebFilter$StaticUserFilter) to context hddsDatanode
2019-09-19 14:45:01,434 [main] INFO  http.HttpServer2 (HttpServer2.java:addFilter(958)) - Added filter static_user_filter (class=org.apache.hadoop.http.lib.StaticUserWebFilter$StaticUserFilter) to context logs
2019-09-19 14:45:01,434 [main] INFO  http.HttpServer2 (HttpServer2.java:addFilter(958)) - Added filter static_user_filter (class=org.apache.hadoop.http.lib.StaticUserWebFilter$StaticUserFilter) to context static
2019-09-19 14:45:01,435 [main] INFO  http.HttpServer2 (HttpServer2.java:bindListener(1191)) - Jetty bound to port 43128
2019-09-19 14:45:01,439 [main] INFO  server.Server (Server.java:doStart(351)) - jetty-9.3.24.v20180605, build timestamp: 2018-06-05T17:11:56Z, git hash: 84205aa28f11a4f31f2a3b86d1bba2cc8ab69827
2019-09-19 14:45:01,505 [main] INFO  handler.ContextHandler (ContextHandler.java:doStart(781)) - Started o.e.j.s.ServletContextHandler@30b3d899{/logs,file:///workdir/hadoop-ozone/tools/target/log,AVAILABLE}
2019-09-19 14:45:01,513 [main] INFO  handler.ContextHandler (ContextHandler.java:doStart(781)) - Started o.e.j.s.ServletContextHandler@61d60e38{/static,jar:file:/home/user/.m2/repository/org/apache/hadoop/hadoop-hdds-container-service/0.5.0-SNAPSHOT/hadoop-hdds-container-service-0.5.0-SNAPSHOT.jar!/webapps/static,AVAILABLE}
2019-09-19 14:45:01,561 [main] INFO  handler.ContextHandler (ContextHandler.java:doStart(781)) - Started o.e.j.w.WebAppContext@755a7218{/,file:///tmp/jetty-0.0.0.0-43128-hddsDatanode-_-any-7435720169909022903.dir/webapp/,AVAILABLE}{/hddsDatanode}
2019-09-19 14:45:01,562 [main] INFO  server.AbstractConnector (AbstractConnector.java:doStart(278)) - Started ServerConnector@70c29356{HTTP/1.1,[http/1.1]}{0.0.0.0:43128}
2019-09-19 14:45:01,562 [main] INFO  server.Server (Server.java:doStart(419)) - Started @10257ms
2019-09-19 14:45:01,563 [main] INFO  server.BaseHttpServer (BaseHttpServer.java:updateConnectorAddress(213)) - HTTP server of HDDSDATANODE is listening at http://0.0.0.0:43128
2019-09-19 14:45:01,759 | INFO  | ObjectStoreRestHttpServer | Listening HDDS REST traffic on /0.0.0.0:40555 |  
2019-09-19 14:45:01,759 [main] INFO  ozone.HddsDatanodeService (HddsDatanodeService.java:startPlugins(395)) - Started plug-in org.apache.hadoop.ozone.web.OzoneHddsDatanodeService@4db0ba1c
2019-09-19 14:45:01,760 [main] INFO  ozone.MiniOzoneClusterImpl (MiniOzoneClusterImpl.java:lambda$waitForClusterToBeReady$0(142)) - Waiting for cluster to be ready. Got 0 of 5 DN Heartbeats.
2019-09-19 14:45:01,774 [org.apache.hadoop.util.JvmPauseMonitor$Monitor@30e27f0] INFO  util.JvmPauseMonitor (JvmPauseMonitor.java:run(188)) - Starting JVM pause monitor
2019-09-19 14:45:01,781 [Datanode State Machine Thread - 0] INFO  datanode.InitDatanodeState (InitDatanodeState.java:persistContainerDatanodeDetails(140)) - DatanodeDetails is persisted to /workdir/hadoop-ozone/tools/target/test-dir/MiniOzoneClusterImpl-5b0688b1-0324-4107-bf7a-97e067892599/datanode-4/meta/datanode.id
2019-09-19 14:45:02,126 | INFO  | SCMAudit | user=jenkins1000 | ip=192.168.5.132 | op=GET_VERSION null | ret=SUCCESS |  
2019-09-19 14:45:02,154 [Datanode State Machine Thread - 0] INFO  ozoneimpl.OzoneContainer (OzoneContainer.java:start(186)) - Attempting to start container services.
2019-09-19 14:45:02,155 [Datanode State Machine Thread - 0] INFO  ozoneimpl.OzoneContainer (OzoneContainer.java:startContainerScrub(160)) - Background container scrubber has been disabled by hdds.containerscrub.enabled
2019-09-19 14:45:02,156 [Datanode State Machine Thread - 0] INFO  ratis.XceiverServerRatis (XceiverServerRatis.java:start(404)) - Starting XceiverServerRatis d074c048-3e38-4e2d-895f-3654e5a631aa at port 0
2019-09-19 14:45:02,499 | INFO  | SCMAudit | user=jenkins1000 | ip=192.168.5.132 | op=GET_VERSION null | ret=SUCCESS |  
2019-09-19 14:45:02,563 [Datanode State Machine Thread - 0] INFO  ozoneimpl.OzoneContainer (OzoneContainer.java:start(186)) - Attempting to start container services.
2019-09-19 14:45:02,566 [Datanode State Machine Thread - 0] INFO  ozoneimpl.OzoneContainer (OzoneContainer.java:startContainerScrub(160)) - Background container scrubber has been disabled by hdds.containerscrub.enabled
2019-09-19 14:45:02,566 [Datanode State Machine Thread - 0] INFO  ratis.XceiverServerRatis (XceiverServerRatis.java:start(404)) - Starting XceiverServerRatis a38eeb7b-34bc-498a-82af-c91824ca14e3 at port 0
2019-09-19 14:45:02,594 [Datanode State Machine Thread - 0] INFO  impl.RaftServerProxy (RaftServerProxy.java:lambda$start$3(299)) - d074c048-3e38-4e2d-895f-3654e5a631aa: start RPC server
2019-09-19 14:45:02,761 [main] INFO  ozone.MiniOzoneClusterImpl (MiniOzoneClusterImpl.java:lambda$waitForClusterToBeReady$0(142)) - Waiting for cluster to be ready. Got 0 of 5 DN Heartbeats.
2019-09-19 14:45:02,880 [Datanode State Machine Thread - 0] INFO  impl.RaftServerProxy (RaftServerProxy.java:lambda$start$3(299)) - a38eeb7b-34bc-498a-82af-c91824ca14e3: start RPC server
2019-09-19 14:45:02,897 | INFO  | SCMAudit | user=jenkins1000 | ip=192.168.5.132 | op=GET_VERSION null | ret=SUCCESS |  
2019-09-19 14:45:02,934 [Datanode State Machine Thread - 0] INFO  ozoneimpl.OzoneContainer (OzoneContainer.java:start(186)) - Attempting to start container services.
2019-09-19 14:45:02,936 [Datanode State Machine Thread - 0] INFO  ozoneimpl.OzoneContainer (OzoneContainer.java:startContainerScrub(160)) - Background container scrubber has been disabled by hdds.containerscrub.enabled
2019-09-19 14:45:02,936 [Datanode State Machine Thread - 0] INFO  ratis.XceiverServerRatis (XceiverServerRatis.java:start(404)) - Starting XceiverServerRatis 7bb82aea-de54-461a-943d-5c63d8edb395 at port 0
2019-09-19 14:45:03,036 [Datanode State Machine Thread - 0] INFO  impl.RaftServerProxy (RaftServerProxy.java:lambda$start$3(299)) - 7bb82aea-de54-461a-943d-5c63d8edb395: start RPC server
2019-09-19 14:45:03,167 [Datanode State Machine Thread - 0] INFO  server.GrpcService (GrpcService.java:startImpl(149)) - a38eeb7b-34bc-498a-82af-c91824ca14e3: GrpcService started, listening on 0.0.0.0/0.0.0.0:42492
2019-09-19 14:45:03,167 [Datanode State Machine Thread - 0] INFO  server.GrpcService (GrpcService.java:startImpl(149)) - 7bb82aea-de54-461a-943d-5c63d8edb395: GrpcService started, listening on 0.0.0.0/0.0.0.0:34910
2019-09-19 14:45:03,169 [Datanode State Machine Thread - 0] INFO  ratis.XceiverServerRatis (XceiverServerRatis.java:start(414)) - XceiverServerRatis 7bb82aea-de54-461a-943d-5c63d8edb395 is started using port 34910
2019-09-19 14:45:03,168 [Datanode State Machine Thread - 0] INFO  server.GrpcService (GrpcService.java:startImpl(149)) - d074c048-3e38-4e2d-895f-3654e5a631aa: GrpcService started, listening on 0.0.0.0/0.0.0.0:33437
2019-09-19 14:45:03,174 [Datanode State Machine Thread - 0] INFO  ratis.XceiverServerRatis (XceiverServerRatis.java:start(414)) - XceiverServerRatis d074c048-3e38-4e2d-895f-3654e5a631aa is started using port 33437
2019-09-19 14:45:03,171 [Datanode State Machine Thread - 0] INFO  server.XceiverServerGrpc (XceiverServerGrpc.java:start(163)) - XceiverServerGrpc 7bb82aea-de54-461a-943d-5c63d8edb395 is started using port 34562
2019-09-19 14:45:03,169 [Datanode State Machine Thread - 0] INFO  ratis.XceiverServerRatis (XceiverServerRatis.java:start(414)) - XceiverServerRatis a38eeb7b-34bc-498a-82af-c91824ca14e3 is started using port 42492
2019-09-19 14:45:03,179 [Datanode State Machine Thread - 0] INFO  server.XceiverServerGrpc (XceiverServerGrpc.java:start(163)) - XceiverServerGrpc d074c048-3e38-4e2d-895f-3654e5a631aa is started using port 42889
2019-09-19 14:45:03,186 [Datanode State Machine Thread - 0] INFO  server.XceiverServerGrpc (XceiverServerGrpc.java:start(163)) - XceiverServerGrpc a38eeb7b-34bc-498a-82af-c91824ca14e3 is started using port 45804
2019-09-19 14:45:03,328 | INFO  | SCMAudit | user=jenkins1000 | ip=192.168.5.132 | op=GET_VERSION null | ret=SUCCESS |  
2019-09-19 14:45:03,351 [Datanode State Machine Thread - 0] INFO  ozoneimpl.OzoneContainer (OzoneContainer.java:start(186)) - Attempting to start container services.
2019-09-19 14:45:03,353 [Datanode State Machine Thread - 0] INFO  ozoneimpl.OzoneContainer (OzoneContainer.java:startContainerScrub(160)) - Background container scrubber has been disabled by hdds.containerscrub.enabled
2019-09-19 14:45:03,353 [Datanode State Machine Thread - 0] INFO  ratis.XceiverServerRatis (XceiverServerRatis.java:start(404)) - Starting XceiverServerRatis a0762623-a339-4c04-8cb0-9d92457e5b77 at port 0
2019-09-19 14:45:03,588 [Datanode State Machine Thread - 0] INFO  impl.RaftServerProxy (RaftServerProxy.java:lambda$start$3(299)) - a0762623-a339-4c04-8cb0-9d92457e5b77: start RPC server
2019-09-19 14:45:03,605 [Datanode State Machine Thread - 0] INFO  server.GrpcService (GrpcService.java:startImpl(149)) - a0762623-a339-4c04-8cb0-9d92457e5b77: GrpcService started, listening on 0.0.0.0/0.0.0.0:35472
2019-09-19 14:45:03,605 [Datanode State Machine Thread - 0] INFO  ratis.XceiverServerRatis (XceiverServerRatis.java:start(414)) - XceiverServerRatis a0762623-a339-4c04-8cb0-9d92457e5b77 is started using port 35472
2019-09-19 14:45:03,624 [Datanode State Machine Thread - 0] INFO  server.XceiverServerGrpc (XceiverServerGrpc.java:start(163)) - XceiverServerGrpc a0762623-a339-4c04-8cb0-9d92457e5b77 is started using port 37274
2019-09-19 14:45:03,761 [main] INFO  ozone.MiniOzoneClusterImpl (MiniOzoneClusterImpl.java:lambda$waitForClusterToBeReady$0(142)) - Waiting for cluster to be ready. Got 0 of 5 DN Heartbeats.
2019-09-19 14:45:03,776 | INFO  | SCMAudit | user=jenkins1000 | ip=192.168.5.132 | op=GET_VERSION null | ret=SUCCESS |  
2019-09-19 14:45:03,801 [Datanode State Machine Thread - 0] INFO  ozoneimpl.OzoneContainer (OzoneContainer.java:start(186)) - Attempting to start container services.
2019-09-19 14:45:03,807 [Datanode State Machine Thread - 0] INFO  ozoneimpl.OzoneContainer (OzoneContainer.java:startContainerScrub(160)) - Background container scrubber has been disabled by hdds.containerscrub.enabled
2019-09-19 14:45:03,807 [Datanode State Machine Thread - 0] INFO  ratis.XceiverServerRatis (XceiverServerRatis.java:start(404)) - Starting XceiverServerRatis dbc49482-0539-4069-8573-d74be766be9f at port 0
2019-09-19 14:45:04,043 [Datanode State Machine Thread - 0] INFO  impl.RaftServerProxy (RaftServerProxy.java:lambda$start$3(299)) - dbc49482-0539-4069-8573-d74be766be9f: start RPC server
2019-09-19 14:45:04,063 [Datanode State Machine Thread - 0] INFO  server.GrpcService (GrpcService.java:startImpl(149)) - dbc49482-0539-4069-8573-d74be766be9f: GrpcService started, listening on 0.0.0.0/0.0.0.0:40388
2019-09-19 14:45:04,063 [Datanode State Machine Thread - 0] INFO  ratis.XceiverServerRatis (XceiverServerRatis.java:start(414)) - XceiverServerRatis dbc49482-0539-4069-8573-d74be766be9f is started using port 40388
2019-09-19 14:45:04,079 [Datanode State Machine Thread - 0] INFO  server.XceiverServerGrpc (XceiverServerGrpc.java:start(163)) - XceiverServerGrpc dbc49482-0539-4069-8573-d74be766be9f is started using port 40101
2019-09-19 14:45:04,149 [IPC Server handler 5 on 45995] INFO  net.NetworkTopology (NetworkTopologyImpl.java:add(110)) - Added a new node: /default-rack/d074c048-3e38-4e2d-895f-3654e5a631aa
2019-09-19 14:45:04,151 [IPC Server handler 5 on 45995] INFO  node.SCMNodeManager (SCMNodeManager.java:register(273)) - Registered Data node : d074c048-3e38-4e2d-895f-3654e5a631aa{ip: 192.168.5.132, host: pr-hdds-1569-rzdr8-3403194166, networkLocation: /default-rack, certSerialId: null}
2019-09-19 14:45:04,178 [EventQueue-NodeRegistrationContainerReportForDataNodeSafeModeRule] INFO  safemode.SCMSafeModeManager (DataNodeSafeModeRule.java:process(71)) - SCM in safe mode. 1 DataNodes registered, 1 required.
2019-09-19 14:45:04,178 [EventQueue-NodeRegistrationContainerReportForDataNodeSafeModeRule] INFO  safemode.SCMSafeModeManager (SCMSafeModeManager.java:validateSafeModeExitRules(177)) - ScmSafeModeManager, all rules are successfully validated
2019-09-19 14:45:04,178 [EventQueue-NodeRegistrationContainerReportForDataNodeSafeModeRule] INFO  safemode.SCMSafeModeManager (SCMSafeModeManager.java:exitSafeMode(193)) - SCM exiting safe mode.
2019-09-19 14:45:04,192 | INFO  | SCMAudit | user=jenkins1000 | ip=192.168.5.132 | op=REGISTER {datanodeDetails=d074c048-3e38-4e2d-895f-3654e5a631aa{ip: 192.168.5.132, host: pr-hdds-1569-rzdr8-3403194166, networkLocation: /default-rack, certSerialId: null}} | ret=SUCCESS |  
2019-09-19 14:45:04,469 [IPC Server handler 2 on 45995] INFO  net.NetworkTopology (NetworkTopologyImpl.java:add(110)) - Added a new node: /default-rack/a38eeb7b-34bc-498a-82af-c91824ca14e3
2019-09-19 14:45:04,469 [IPC Server handler 2 on 45995] INFO  node.SCMNodeManager (SCMNodeManager.java:register(273)) - Registered Data node : a38eeb7b-34bc-498a-82af-c91824ca14e3{ip: 192.168.5.132, host: pr-hdds-1569-rzdr8-3403194166, networkLocation: /default-rack, certSerialId: null}
2019-09-19 14:45:04,470 | INFO  | SCMAudit | user=jenkins1000 | ip=192.168.5.132 | op=REGISTER {datanodeDetails=a38eeb7b-34bc-498a-82af-c91824ca14e3{ip: 192.168.5.132, host: pr-hdds-1569-rzdr8-3403194166, networkLocation: /default-rack, certSerialId: null}} | ret=SUCCESS |  
2019-09-19 14:45:05,033 [main] INFO  ozone.MiniOzoneClusterImpl (MiniOzoneClusterImpl.java:lambda$waitForClusterToBeReady$0(142)) - Waiting for cluster to be ready. Got 2 of 5 DN Heartbeats.
2019-09-19 14:45:05,036 [IPC Server handler 4 on 45995] INFO  net.NetworkTopology (NetworkTopologyImpl.java:add(110)) - Added a new node: /default-rack/7bb82aea-de54-461a-943d-5c63d8edb395
2019-09-19 14:45:05,036 [IPC Server handler 4 on 45995] INFO  node.SCMNodeManager (SCMNodeManager.java:register(273)) - Registered Data node : 7bb82aea-de54-461a-943d-5c63d8edb395{ip: 192.168.5.132, host: pr-hdds-1569-rzdr8-3403194166, networkLocation: /default-rack, certSerialId: null}
2019-09-19 14:45:05,037 | INFO  | SCMAudit | user=jenkins1000 | ip=192.168.5.132 | op=REGISTER {datanodeDetails=7bb82aea-de54-461a-943d-5c63d8edb395{ip: 192.168.5.132, host: pr-hdds-1569-rzdr8-3403194166, networkLocation: /default-rack, certSerialId: null}} | ret=SUCCESS |  
2019-09-19 14:45:05,096 [grpc-default-executor-0] INFO  impl.RaftServerProxy (RaftServerProxy.java:addNew(89)) - d074c048-3e38-4e2d-895f-3654e5a631aa: addNew group-8A3BC35063FD:[d074c048-3e38-4e2d-895f-3654e5a631aa:192.168.5.132:33437] returns group-8A3BC35063FD:java.util.concurrent.CompletableFuture@3dfff239[Not completed]
2019-09-19 14:45:05,120 [pool-27-thread-1] INFO  impl.RaftServerImpl (RaftServerImpl.java:<init>(93)) - d074c048-3e38-4e2d-895f-3654e5a631aa: new RaftServerImpl for group-8A3BC35063FD:[d074c048-3e38-4e2d-895f-3654e5a631aa:192.168.5.132:33437] with ContainerStateMachine:uninitialized
2019-09-19 14:45:05,122 [pool-27-thread-1] INFO  server.RaftServerConfigKeys (ConfUtils.java:logGet(43)) - raft.server.rpc.timeout.min = 5s (custom)
2019-09-19 14:45:05,135 [pool-27-thread-1] INFO  server.RaftServerConfigKeys (ConfUtils.java:logGet(43)) - raft.server.rpc.timeout.max = 5200ms (custom)
2019-09-19 14:45:05,136 [pool-27-thread-1] INFO  server.RaftServerConfigKeys (ConfUtils.java:logGet(43)) - raft.server.rpcslowness.timeout = 120s (custom)
2019-09-19 14:45:05,136 [pool-27-thread-1] INFO  server.RaftServerConfigKeys (ConfUtils.java:logGet(43)) - raft.server.sleep.deviation.threshold = 300 (default)
2019-09-19 14:45:05,137 [pool-27-thread-1] INFO  server.RaftServerConfigKeys (ConfUtils.java:logGet(43)) - raft.server.log.appender.install.snapshot.enabled = false (custom)
2019-09-19 14:45:05,146 [pool-27-thread-1] INFO  impl.RaftServerImpl (ServerState.java:<init>(105)) - d074c048-3e38-4e2d-895f-3654e5a631aa:group-8A3BC35063FD ConfigurationManager, init=-1: [d074c048-3e38-4e2d-895f-3654e5a631aa:192.168.5.132:33437], old=null, confs=<EMPTY_MAP>
2019-09-19 14:45:05,146 [pool-27-thread-1] INFO  server.RaftServerConfigKeys (ConfUtils.java:logGet(43)) - raft.server.storage.dir = [/workdir/hadoop-ozone/tools/target/test-dir/MiniOzoneClusterImpl-5b0688b1-0324-4107-bf7a-97e067892599/datanode-0/data/ratis] (custom)
2019-09-19 14:45:05,180 [pool-27-thread-1] INFO  storage.RaftStorageDirectory (RaftStorageDirectory.java:analyzeStorage(246)) - The storage directory /workdir/hadoop-ozone/tools/target/test-dir/MiniOzoneClusterImpl-5b0688b1-0324-4107-bf7a-97e067892599/datanode-0/data/ratis/ac9b3990-0329-457c-950b-8a3bc35063fd does not exist. Creating ...
2019-09-19 14:45:05,218 [pool-27-thread-1] INFO  storage.RaftStorageDirectory (RaftStorageDirectory.java:tryLock(328)) - Lock on /workdir/hadoop-ozone/tools/target/test-dir/MiniOzoneClusterImpl-5b0688b1-0324-4107-bf7a-97e067892599/datanode-0/data/ratis/ac9b3990-0329-457c-950b-8a3bc35063fd/in_use.lock acquired by nodename 3767@pr-hdds-1569-rzdr8-3403194166
2019-09-19 14:45:05,244 [pool-27-thread-1] INFO  storage.RaftStorage (RaftStorage.java:format(72)) - Storage directory /workdir/hadoop-ozone/tools/target/test-dir/MiniOzoneClusterImpl-5b0688b1-0324-4107-bf7a-97e067892599/datanode-0/data/ratis/ac9b3990-0329-457c-950b-8a3bc35063fd has been successfully formatted.
2019-09-19 14:45:05,246 [pool-27-thread-1] INFO  ratis.ContainerStateMachine (ContainerStateMachine.java:loadSnapshot(226)) - group-8A3BC35063FD: The snapshot info is null. Setting the last applied indexto:(t:0, i:~)
2019-09-19 14:45:05,246 [pool-27-thread-1] INFO  server.RaftServerConfigKeys (ConfUtils.java:logGet(43)) - raft.server.leader.election.timeout = 120s (custom)
2019-09-19 14:45:05,249 [pool-27-thread-1] INFO  server.RaftServerConfigKeys (ConfUtils.java:logGet(43)) - raft.server.log.use.memory = false (default)
2019-09-19 14:45:05,255 [pool-27-thread-1] INFO  server.RaftServerConfigKeys (ConfUtils.java:logGet(43)) - raft.server.log.purge.gap = 1000000 (custom)
2019-09-19 14:45:05,255 [pool-27-thread-1] INFO  server.RaftServerConfigKeys (ConfUtils.java:logGet(43)) - raft.server.log.appender.buffer.byte-limit = 33554432 (custom)
2019-09-19 14:45:05,257 [pool-27-thread-1] INFO  server.RaftServerConfigKeys (ConfUtils.java:logGet(43)) - raft.server.log.segment.size.max = 1048576 (custom)
2019-09-19 14:45:05,262 [pool-27-thread-1] INFO  server.RaftServerConfigKeys (ConfUtils.java:logGet(43)) - raft.server.log.segment.cache.num.max = 2 (custom)
2019-09-19 14:45:05,269 [pool-27-thread-1] INFO  segmented.SegmentedRaftLogWorker (SegmentedRaftLogWorker.java:<init>(172)) - new d074c048-3e38-4e2d-895f-3654e5a631aa-SegmentedRaftLogWorker:Storage Directory /workdir/hadoop-ozone/tools/target/test-dir/MiniOzoneClusterImpl-5b0688b1-0324-4107-bf7a-97e067892599/datanode-0/data/ratis/ac9b3990-0329-457c-950b-8a3bc35063fd for RaftStorage:Storage Directory /workdir/hadoop-ozone/tools/target/test-dir/MiniOzoneClusterImpl-5b0688b1-0324-4107-bf7a-97e067892599/datanode-0/data/ratis/ac9b3990-0329-457c-950b-8a3bc35063fd
2019-09-19 14:45:05,287 [pool-27-thread-1] INFO  server.RaftServerConfigKeys (ConfUtils.java:logGet(43)) - raft.server.log.queue.byte-limit = 2147483647 (custom)
2019-09-19 14:45:05,287 [pool-27-thread-1] INFO  server.RaftServerConfigKeys (ConfUtils.java:logGet(43)) - raft.server.log.queue.element-limit = 1024 (custom)
2019-09-19 14:45:05,296 [pool-27-thread-1] INFO  server.RaftServerConfigKeys (ConfUtils.java:logGet(43)) - raft.server.log.segment.size.max = 1048576 (custom)
2019-09-19 14:45:05,297 [pool-27-thread-1] INFO  server.RaftServerConfigKeys (ConfUtils.java:logGet(43)) - raft.server.log.preallocated.size = 16384 (custom)
2019-09-19 14:45:05,297 [pool-27-thread-1] INFO  server.RaftServerConfigKeys (ConfUtils.java:logGet(43)) - raft.server.log.write.buffer.size = 33554432 (custom)
2019-09-19 14:45:05,298 [pool-27-thread-1] INFO  server.RaftServerConfigKeys (ConfUtils.java:logGet(43)) - raft.server.log.force.sync.num = 128 (default)
2019-09-19 14:45:05,299 [pool-27-thread-1] INFO  server.RaftServerConfigKeys (ConfUtils.java:logGet(43)) - raft.server.log.statemachine.data.sync = true (default)
2019-09-19 14:45:05,299 [pool-27-thread-1] INFO  server.RaftServerConfigKeys (ConfUtils.java:logGet(43)) - raft.server.log.statemachine.data.sync.timeout = 10s (default)
2019-09-19 14:45:05,300 [pool-27-thread-1] INFO  server.RaftServerConfigKeys (ConfUtils.java:logGet(43)) - raft.server.log.statemachine.data.sync.timeout.retry = -1 (default)
2019-09-19 14:45:05,315 [pool-27-thread-1] INFO  server.RaftServerConfigKeys (ConfUtils.java:logGet(43)) - raft.server.log.statemachine.data.caching.enabled = true (custom)
2019-09-19 14:45:05,320 [pool-27-thread-1] INFO  segmented.SegmentedRaftLogWorker (SegmentedRaftLogWorker.java:lambda$new$0(132)) - d074c048-3e38-4e2d-895f-3654e5a631aa-SegmentedRaftLogWorker:Storage Directory /workdir/hadoop-ozone/tools/target/test-dir/MiniOzoneClusterImpl-5b0688b1-0324-4107-bf7a-97e067892599/datanode-0/data/ratis/ac9b3990-0329-457c-950b-8a3bc35063fd: flushIndex: setUnconditionally 0 -> -1
2019-09-19 14:45:05,325 [pool-27-thread-1] INFO  server.RaftServerConfigKeys (ConfUtils.java:logGet(43)) - raft.server.snapshot.auto.trigger.enabled = true (custom)
2019-09-19 14:45:05,325 [pool-27-thread-1] INFO  server.RaftServerConfigKeys (ConfUtils.java:logGet(43)) - raft.server.snapshot.auto.trigger.threshold = 10000 (custom)
2019-09-19 14:45:05,326 [pool-27-thread-1] INFO  server.RaftServerConfigKeys (ConfUtils.java:logGet(43)) - raft.server.retrycache.expirytime = 600000ms (custom)
2019-09-19 14:45:05,331 [IPC Server handler 2 on 45995] INFO  net.NetworkTopology (NetworkTopologyImpl.java:add(110)) - Added a new node: /default-rack/a0762623-a339-4c04-8cb0-9d92457e5b77
2019-09-19 14:45:05,332 [IPC Server handler 2 on 45995] INFO  node.SCMNodeManager (SCMNodeManager.java:register(273)) - Registered Data node : a0762623-a339-4c04-8cb0-9d92457e5b77{ip: 192.168.5.132, host: pr-hdds-1569-rzdr8-3403194166, networkLocation: /default-rack, certSerialId: null}
2019-09-19 14:45:05,333 | INFO  | SCMAudit | user=jenkins1000 | ip=192.168.5.132 | op=REGISTER {datanodeDetails=a0762623-a339-4c04-8cb0-9d92457e5b77{ip: 192.168.5.132, host: pr-hdds-1569-rzdr8-3403194166, networkLocation: /default-rack, certSerialId: null}} | ret=SUCCESS |  
2019-09-19 14:45:05,359 [pool-27-thread-1] INFO  impl.RaftServerImpl (RaftServerImpl.java:start(180)) - d074c048-3e38-4e2d-895f-3654e5a631aa: start group-8A3BC35063FD
2019-09-19 14:45:05,360 [pool-27-thread-1] INFO  impl.RaftServerImpl (RaftServerImpl.java:setRole(171)) - d074c048-3e38-4e2d-895f-3654e5a631aa:group-8A3BC35063FD changes role from null to FOLLOWER at term 0 for startAsFollower
2019-09-19 14:45:05,362 [pool-27-thread-1] INFO  impl.RoleInfo (RoleInfo.java:updateAndGet(143)) - d074c048-3e38-4e2d-895f-3654e5a631aa: start FollowerState
2019-09-19 14:45:05,364 [pool-27-thread-1] INFO  util.JmxRegister (JmxRegister.java:tryRegister(44)) - Successfully registered JMX Bean with object name Ratis:service=RaftServer,group=group-8A3BC35063FD,id=d074c048-3e38-4e2d-895f-3654e5a631aa
2019-09-19 14:45:05,428 [RatisPipelineUtilsThread] INFO  pipeline.PipelineStateManager (PipelineStateManager.java:addPipeline(56)) - Created pipeline Pipeline[ Id: ac9b3990-0329-457c-950b-8a3bc35063fd, Nodes: d074c048-3e38-4e2d-895f-3654e5a631aa{ip: 192.168.5.132, host: pr-hdds-1569-rzdr8-3403194166, networkLocation: /default-rack, certSerialId: null}, Type:RATIS, Factor:ONE, State:OPEN]
2019-09-19 14:45:05,449 [grpc-default-executor-0] INFO  impl.RaftServerProxy (RaftServerProxy.java:addNew(89)) - a0762623-a339-4c04-8cb0-9d92457e5b77: addNew group-E5E1D7652546:[a0762623-a339-4c04-8cb0-9d92457e5b77:192.168.5.132:35472] returns group-E5E1D7652546:java.util.concurrent.CompletableFuture@2d38708[Not completed]
2019-09-19 14:45:05,491 [pool-60-thread-1] INFO  impl.RaftServerImpl (RaftServerImpl.java:<init>(93)) - a0762623-a339-4c04-8cb0-9d92457e5b77: new RaftServerImpl for group-E5E1D7652546:[a0762623-a339-4c04-8cb0-9d92457e5b77:192.168.5.132:35472] with ContainerStateMachine:uninitialized
2019-09-19 14:45:05,492 [pool-60-thread-1] INFO  server.RaftServerConfigKeys (ConfUtils.java:logGet(43)) - raft.server.rpc.timeout.min = 5s (custom)
2019-09-19 14:45:05,492 [pool-60-thread-1] INFO  server.RaftServerConfigKeys (ConfUtils.java:logGet(43)) - raft.server.rpc.timeout.max = 5200ms (custom)
2019-09-19 14:45:05,492 [pool-60-thread-1] INFO  server.RaftServerConfigKeys (ConfUtils.java:logGet(43)) - raft.server.rpcslowness.timeout = 120s (custom)
2019-09-19 14:45:05,492 [pool-60-thread-1] INFO  server.RaftServerConfigKeys (ConfUtils.java:logGet(43)) - raft.server.sleep.deviation.threshold = 300 (default)
2019-09-19 14:45:05,493 [pool-60-thread-1] INFO  server.RaftServerConfigKeys (ConfUtils.java:logGet(43)) - raft.server.log.appender.install.snapshot.enabled = false (custom)
2019-09-19 14:45:05,493 [pool-60-thread-1] INFO  impl.RaftServerImpl (ServerState.java:<init>(105)) - a0762623-a339-4c04-8cb0-9d92457e5b77:group-E5E1D7652546 ConfigurationManager, init=-1: [a0762623-a339-4c04-8cb0-9d92457e5b77:192.168.5.132:35472], old=null, confs=<EMPTY_MAP>
2019-09-19 14:45:05,493 [pool-60-thread-1] INFO  server.RaftServerConfigKeys (ConfUtils.java:logGet(43)) - raft.server.storage.dir = [/workdir/hadoop-ozone/tools/target/test-dir/MiniOzoneClusterImpl-5b0688b1-0324-4107-bf7a-97e067892599/datanode-3/data/ratis] (custom)
2019-09-19 14:45:05,493 [pool-60-thread-1] INFO  storage.RaftStorageDirectory (RaftStorageDirectory.java:analyzeStorage(246)) - The storage directory /workdir/hadoop-ozone/tools/target/test-dir/MiniOzoneClusterImpl-5b0688b1-0324-4107-bf7a-97e067892599/datanode-3/data/ratis/c00670dc-089a-43d4-ab59-e5e1d7652546 does not exist. Creating ...
2019-09-19 14:45:05,519 [pool-60-thread-1] INFO  storage.RaftStorageDirectory (RaftStorageDirectory.java:tryLock(328)) - Lock on /workdir/hadoop-ozone/tools/target/test-dir/MiniOzoneClusterImpl-5b0688b1-0324-4107-bf7a-97e067892599/datanode-3/data/ratis/c00670dc-089a-43d4-ab59-e5e1d7652546/in_use.lock acquired by nodename 3767@pr-hdds-1569-rzdr8-3403194166
2019-09-19 14:45:05,545 [pool-60-thread-1] INFO  storage.RaftStorage (RaftStorage.java:format(72)) - Storage directory /workdir/hadoop-ozone/tools/target/test-dir/MiniOzoneClusterImpl-5b0688b1-0324-4107-bf7a-97e067892599/datanode-3/data/ratis/c00670dc-089a-43d4-ab59-e5e1d7652546 has been successfully formatted.
2019-09-19 14:45:05,547 [pool-60-thread-1] INFO  ratis.ContainerStateMachine (ContainerStateMachine.java:loadSnapshot(226)) - group-E5E1D7652546: The snapshot info is null. Setting the last applied indexto:(t:0, i:~)
2019-09-19 14:45:05,549 [pool-60-thread-1] INFO  server.RaftServerConfigKeys (ConfUtils.java:logGet(43)) - raft.server.leader.election.timeout = 120s (custom)
2019-09-19 14:45:05,549 [pool-60-thread-1] INFO  server.RaftServerConfigKeys (ConfUtils.java:logGet(43)) - raft.server.log.use.memory = false (default)
2019-09-19 14:45:05,549 [pool-60-thread-1] INFO  server.RaftServerConfigKeys (ConfUtils.java:logGet(43)) - raft.server.log.purge.gap = 1000000 (custom)
2019-09-19 14:45:05,550 [pool-60-thread-1] INFO  server.RaftServerConfigKeys (ConfUtils.java:logGet(43)) - raft.server.log.appender.buffer.byte-limit = 33554432 (custom)
2019-09-19 14:45:05,550 [pool-60-thread-1] INFO  server.RaftServerConfigKeys (ConfUtils.java:logGet(43)) - raft.server.log.segment.size.max = 1048576 (custom)
2019-09-19 14:45:05,550 [pool-60-thread-1] INFO  server.RaftServerConfigKeys (ConfUtils.java:logGet(43)) - raft.server.log.segment.cache.num.max = 2 (custom)
2019-09-19 14:45:05,550 [pool-60-thread-1] INFO  segmented.SegmentedRaftLogWorker (SegmentedRaftLogWorker.java:<init>(172)) - new a0762623-a339-4c04-8cb0-9d92457e5b77-SegmentedRaftLogWorker:Storage Directory /workdir/hadoop-ozone/tools/target/test-dir/MiniOzoneClusterImpl-5b0688b1-0324-4107-bf7a-97e067892599/datanode-3/data/ratis/c00670dc-089a-43d4-ab59-e5e1d7652546 for RaftStorage:Storage Directory /workdir/hadoop-ozone/tools/target/test-dir/MiniOzoneClusterImpl-5b0688b1-0324-4107-bf7a-97e067892599/datanode-3/data/ratis/c00670dc-089a-43d4-ab59-e5e1d7652546
2019-09-19 14:45:05,552 [pool-60-thread-1] INFO  server.RaftServerConfigKeys (ConfUtils.java:logGet(43)) - raft.server.log.queue.byte-limit = 2147483647 (custom)
2019-09-19 14:45:05,552 [pool-60-thread-1] INFO  server.RaftServerConfigKeys (ConfUtils.java:logGet(43)) - raft.server.log.queue.element-limit = 1024 (custom)
2019-09-19 14:45:05,553 [pool-60-thread-1] INFO  server.RaftServerConfigKeys (ConfUtils.java:logGet(43)) - raft.server.log.segment.size.max = 1048576 (custom)
2019-09-19 14:45:05,553 [pool-60-thread-1] INFO  server.RaftServerConfigKeys (ConfUtils.java:logGet(43)) - raft.server.log.preallocated.size = 16384 (custom)
2019-09-19 14:45:05,553 [pool-60-thread-1] INFO  server.RaftServerConfigKeys (ConfUtils.java:logGet(43)) - raft.server.log.write.buffer.size = 33554432 (custom)
2019-09-19 14:45:05,553 [pool-60-thread-1] INFO  server.RaftServerConfigKeys (ConfUtils.java:logGet(43)) - raft.server.log.force.sync.num = 128 (default)
2019-09-19 14:45:05,553 [pool-60-thread-1] INFO  server.RaftServerConfigKeys (ConfUtils.java:logGet(43)) - raft.server.log.statemachine.data.sync = true (default)
2019-09-19 14:45:05,553 [pool-60-thread-1] INFO  server.RaftServerConfigKeys (ConfUtils.java:logGet(43)) - raft.server.log.statemachine.data.sync.timeout = 10s (default)
2019-09-19 14:45:05,553 [pool-60-thread-1] INFO  server.RaftServerConfigKeys (ConfUtils.java:logGet(43)) - raft.server.log.statemachine.data.sync.timeout.retry = -1 (default)
2019-09-19 14:45:05,554 [pool-60-thread-1] INFO  server.RaftServerConfigKeys (ConfUtils.java:logGet(43)) - raft.server.log.statemachine.data.caching.enabled = true (custom)
2019-09-19 14:45:05,554 [pool-60-thread-1] INFO  segmented.SegmentedRaftLogWorker (SegmentedRaftLogWorker.java:lambda$new$0(132)) - a0762623-a339-4c04-8cb0-9d92457e5b77-SegmentedRaftLogWorker:Storage Directory /workdir/hadoop-ozone/tools/target/test-dir/MiniOzoneClusterImpl-5b0688b1-0324-4107-bf7a-97e067892599/datanode-3/data/ratis/c00670dc-089a-43d4-ab59-e5e1d7652546: flushIndex: setUnconditionally 0 -> -1
2019-09-19 14:45:05,554 [pool-60-thread-1] INFO  server.RaftServerConfigKeys (ConfUtils.java:logGet(43)) - raft.server.snapshot.auto.trigger.enabled = true (custom)
2019-09-19 14:45:05,555 [pool-60-thread-1] INFO  server.RaftServerConfigKeys (ConfUtils.java:logGet(43)) - raft.server.snapshot.auto.trigger.threshold = 10000 (custom)
2019-09-19 14:45:05,555 [pool-60-thread-1] INFO  server.RaftServerConfigKeys (ConfUtils.java:logGet(43)) - raft.server.retrycache.expirytime = 600000ms (custom)
2019-09-19 14:45:05,555 [pool-60-thread-1] INFO  impl.RaftServerImpl (RaftServerImpl.java:start(180)) - a0762623-a339-4c04-8cb0-9d92457e5b77: start group-E5E1D7652546
2019-09-19 14:45:05,555 [pool-60-thread-1] INFO  impl.RaftServerImpl (RaftServerImpl.java:setRole(171)) - a0762623-a339-4c04-8cb0-9d92457e5b77:group-E5E1D7652546 changes role from null to FOLLOWER at term 0 for startAsFollower
2019-09-19 14:45:05,555 [pool-60-thread-1] INFO  impl.RoleInfo (RoleInfo.java:updateAndGet(143)) - a0762623-a339-4c04-8cb0-9d92457e5b77: start FollowerState
2019-09-19 14:45:05,556 [pool-60-thread-1] INFO  util.JmxRegister (JmxRegister.java:tryRegister(44)) - Successfully registered JMX Bean with object name Ratis:service=RaftServer,group=group-E5E1D7652546,id=a0762623-a339-4c04-8cb0-9d92457e5b77
2019-09-19 14:45:05,577 [RatisPipelineUtilsThread] INFO  pipeline.PipelineStateManager (PipelineStateManager.java:addPipeline(56)) - Created pipeline Pipeline[ Id: c00670dc-089a-43d4-ab59-e5e1d7652546, Nodes: a0762623-a339-4c04-8cb0-9d92457e5b77{ip: 192.168.5.132, host: pr-hdds-1569-rzdr8-3403194166, networkLocation: /default-rack, certSerialId: null}, Type:RATIS, Factor:ONE, State:OPEN]
2019-09-19 14:45:05,682 [grpc-default-executor-0] INFO  impl.RaftServerProxy (RaftServerProxy.java:addNew(89)) - 7bb82aea-de54-461a-943d-5c63d8edb395: addNew group-E1C7670E3362:[7bb82aea-de54-461a-943d-5c63d8edb395:192.168.5.132:34910] returns group-E1C7670E3362:java.util.concurrent.CompletableFuture@2a0760f3[Not completed]
2019-09-19 14:45:05,692 [pool-49-thread-1] INFO  impl.RaftServerImpl (RaftServerImpl.java:<init>(93)) - 7bb82aea-de54-461a-943d-5c63d8edb395: new RaftServerImpl for group-E1C7670E3362:[7bb82aea-de54-461a-943d-5c63d8edb395:192.168.5.132:34910] with ContainerStateMachine:uninitialized
2019-09-19 14:45:05,692 [pool-49-thread-1] INFO  server.RaftServerConfigKeys (ConfUtils.java:logGet(43)) - raft.server.rpc.timeout.min = 5s (custom)
2019-09-19 14:45:05,693 [pool-49-thread-1] INFO  server.RaftServerConfigKeys (ConfUtils.java:logGet(43)) - raft.server.rpc.timeout.max = 5200ms (custom)
2019-09-19 14:45:05,693 [pool-49-thread-1] INFO  server.RaftServerConfigKeys (ConfUtils.java:logGet(43)) - raft.server.rpcslowness.timeout = 120s (custom)
2019-09-19 14:45:05,693 [pool-49-thread-1] INFO  server.RaftServerConfigKeys (ConfUtils.java:logGet(43)) - raft.server.sleep.deviation.threshold = 300 (default)
2019-09-19 14:45:05,693 [pool-49-thread-1] INFO  server.RaftServerConfigKeys (ConfUtils.java:logGet(43)) - raft.server.log.appender.install.snapshot.enabled = false (custom)
2019-09-19 14:45:05,693 [pool-49-thread-1] INFO  impl.RaftServerImpl (ServerState.java:<init>(105)) - 7bb82aea-de54-461a-943d-5c63d8edb395:group-E1C7670E3362 ConfigurationManager, init=-1: [7bb82aea-de54-461a-943d-5c63d8edb395:192.168.5.132:34910], old=null, confs=<EMPTY_MAP>
2019-09-19 14:45:05,694 [pool-49-thread-1] INFO  server.RaftServerConfigKeys (ConfUtils.java:logGet(43)) - raft.server.storage.dir = [/workdir/hadoop-ozone/tools/target/test-dir/MiniOzoneClusterImpl-5b0688b1-0324-4107-bf7a-97e067892599/datanode-2/data/ratis] (custom)
2019-09-19 14:45:05,694 [pool-49-thread-1] INFO  storage.RaftStorageDirectory (RaftStorageDirectory.java:analyzeStorage(246)) - The storage directory /workdir/hadoop-ozone/tools/target/test-dir/MiniOzoneClusterImpl-5b0688b1-0324-4107-bf7a-97e067892599/datanode-2/data/ratis/508387de-e9f5-46f5-a9e3-e1c7670e3362 does not exist. Creating ...
2019-09-19 14:45:05,720 [pool-49-thread-1] INFO  storage.RaftStorageDirectory (RaftStorageDirectory.java:tryLock(328)) - Lock on /workdir/hadoop-ozone/tools/target/test-dir/MiniOzoneClusterImpl-5b0688b1-0324-4107-bf7a-97e067892599/datanode-2/data/ratis/508387de-e9f5-46f5-a9e3-e1c7670e3362/in_use.lock acquired by nodename 3767@pr-hdds-1569-rzdr8-3403194166
2019-09-19 14:45:05,746 [pool-49-thread-1] INFO  storage.RaftStorage (RaftStorage.java:format(72)) - Storage directory /workdir/hadoop-ozone/tools/target/test-dir/MiniOzoneClusterImpl-5b0688b1-0324-4107-bf7a-97e067892599/datanode-2/data/ratis/508387de-e9f5-46f5-a9e3-e1c7670e3362 has been successfully formatted.
2019-09-19 14:45:05,746 [pool-49-thread-1] INFO  ratis.ContainerStateMachine (ContainerStateMachine.java:loadSnapshot(226)) - group-E1C7670E3362: The snapshot info is null. Setting the last applied indexto:(t:0, i:~)
2019-09-19 14:45:05,747 [pool-49-thread-1] INFO  server.RaftServerConfigKeys (ConfUtils.java:logGet(43)) - raft.server.leader.election.timeout = 120s (custom)
2019-09-19 14:45:05,747 [pool-49-thread-1] INFO  server.RaftServerConfigKeys (ConfUtils.java:logGet(43)) - raft.server.log.use.memory = false (default)
2019-09-19 14:45:05,747 [pool-49-thread-1] INFO  server.RaftServerConfigKeys (ConfUtils.java:logGet(43)) - raft.server.log.purge.gap = 1000000 (custom)
2019-09-19 14:45:05,747 [pool-49-thread-1] INFO  server.RaftServerConfigKeys (ConfUtils.java:logGet(43)) - raft.server.log.appender.buffer.byte-limit = 33554432 (custom)
2019-09-19 14:45:05,747 [pool-49-thread-1] INFO  server.RaftServerConfigKeys (ConfUtils.java:logGet(43)) - raft.server.log.segment.size.max = 1048576 (custom)
2019-09-19 14:45:05,748 [pool-49-thread-1] INFO  server.RaftServerConfigKeys (ConfUtils.java:logGet(43)) - raft.server.log.segment.cache.num.max = 2 (custom)
2019-09-19 14:45:05,748 [pool-49-thread-1] INFO  segmented.SegmentedRaftLogWorker (SegmentedRaftLogWorker.java:<init>(172)) - new 7bb82aea-de54-461a-943d-5c63d8edb395-SegmentedRaftLogWorker:Storage Directory /workdir/hadoop-ozone/tools/target/test-dir/MiniOzoneClusterImpl-5b0688b1-0324-4107-bf7a-97e067892599/datanode-2/data/ratis/508387de-e9f5-46f5-a9e3-e1c7670e3362 for RaftStorage:Storage Directory /workdir/hadoop-ozone/tools/target/test-dir/MiniOzoneClusterImpl-5b0688b1-0324-4107-bf7a-97e067892599/datanode-2/data/ratis/508387de-e9f5-46f5-a9e3-e1c7670e3362
2019-09-19 14:45:05,748 [pool-49-thread-1] INFO  server.RaftServerConfigKeys (ConfUtils.java:logGet(43)) - raft.server.log.queue.byte-limit = 2147483647 (custom)
2019-09-19 14:45:05,748 [pool-49-thread-1] INFO  server.RaftServerConfigKeys (ConfUtils.java:logGet(43)) - raft.server.log.queue.element-limit = 1024 (custom)
2019-09-19 14:45:05,749 [pool-49-thread-1] INFO  server.RaftServerConfigKeys (ConfUtils.java:logGet(43)) - raft.server.log.segment.size.max = 1048576 (custom)
2019-09-19 14:45:05,749 [pool-49-thread-1] INFO  server.RaftServerConfigKeys (ConfUtils.java:logGet(43)) - raft.server.log.preallocated.size = 16384 (custom)
2019-09-19 14:45:05,749 [pool-49-thread-1] INFO  server.RaftServerConfigKeys (ConfUtils.java:logGet(43)) - raft.server.log.write.buffer.size = 33554432 (custom)
2019-09-19 14:45:05,749 [pool-49-thread-1] INFO  server.RaftServerConfigKeys (ConfUtils.java:logGet(43)) - raft.server.log.force.sync.num = 128 (default)
2019-09-19 14:45:05,749 [pool-49-thread-1] INFO  server.RaftServerConfigKeys (ConfUtils.java:logGet(43)) - raft.server.log.statemachine.data.sync = true (default)
2019-09-19 14:45:05,750 [pool-49-thread-1] INFO  server.RaftServerConfigKeys (ConfUtils.java:logGet(43)) - raft.server.log.statemachine.data.sync.timeout = 10s (default)
2019-09-19 14:45:05,750 [pool-49-thread-1] INFO  server.RaftServerConfigKeys (ConfUtils.java:logGet(43)) - raft.server.log.statemachine.data.sync.timeout.retry = -1 (default)
2019-09-19 14:45:05,750 [pool-49-thread-1] INFO  server.RaftServerConfigKeys (ConfUtils.java:logGet(43)) - raft.server.log.statemachine.data.caching.enabled = true (custom)
2019-09-19 14:45:05,751 [pool-49-thread-1] INFO  segmented.SegmentedRaftLogWorker (SegmentedRaftLogWorker.java:lambda$new$0(132)) - 7bb82aea-de54-461a-943d-5c63d8edb395-SegmentedRaftLogWorker:Storage Directory /workdir/hadoop-ozone/tools/target/test-dir/MiniOzoneClusterImpl-5b0688b1-0324-4107-bf7a-97e067892599/datanode-2/data/ratis/508387de-e9f5-46f5-a9e3-e1c7670e3362: flushIndex: setUnconditionally 0 -> -1
2019-09-19 14:45:05,751 [pool-49-thread-1] INFO  server.RaftServerConfigKeys (ConfUtils.java:logGet(43)) - raft.server.snapshot.auto.trigger.enabled = true (custom)
2019-09-19 14:45:05,751 [pool-49-thread-1] INFO  server.RaftServerConfigKeys (ConfUtils.java:logGet(43)) - raft.server.snapshot.auto.trigger.threshold = 10000 (custom)
2019-09-19 14:45:05,751 [pool-49-thread-1] INFO  server.RaftServerConfigKeys (ConfUtils.java:logGet(43)) - raft.server.retrycache.expirytime = 600000ms (custom)
2019-09-19 14:45:05,751 [pool-49-thread-1] INFO  impl.RaftServerImpl (RaftServerImpl.java:start(180)) - 7bb82aea-de54-461a-943d-5c63d8edb395: start group-E1C7670E3362
2019-09-19 14:45:05,752 [pool-49-thread-1] INFO  impl.RaftServerImpl (RaftServerImpl.java:setRole(171)) - 7bb82aea-de54-461a-943d-5c63d8edb395:group-E1C7670E3362 changes role from null to FOLLOWER at term 0 for startAsFollower
2019-09-19 14:45:05,752 [pool-49-thread-1] INFO  impl.RoleInfo (RoleInfo.java:updateAndGet(143)) - 7bb82aea-de54-461a-943d-5c63d8edb395: start FollowerState
2019-09-19 14:45:05,753 [pool-49-thread-1] INFO  util.JmxRegister (JmxRegister.java:tryRegister(44)) - Successfully registered JMX Bean with object name Ratis:service=RaftServer,group=group-E1C7670E3362,id=7bb82aea-de54-461a-943d-5c63d8edb395
2019-09-19 14:45:05,788 [RatisPipelineUtilsThread] INFO  pipeline.PipelineStateManager (PipelineStateManager.java:addPipeline(56)) - Created pipeline Pipeline[ Id: 508387de-e9f5-46f5-a9e3-e1c7670e3362, Nodes: 7bb82aea-de54-461a-943d-5c63d8edb395{ip: 192.168.5.132, host: pr-hdds-1569-rzdr8-3403194166, networkLocation: /default-rack, certSerialId: null}, Type:RATIS, Factor:ONE, State:OPEN]
2019-09-19 14:45:05,789 [IPC Server handler 4 on 45995] INFO  net.NetworkTopology (NetworkTopologyImpl.java:add(110)) - Added a new node: /default-rack/dbc49482-0539-4069-8573-d74be766be9f
2019-09-19 14:45:05,790 [IPC Server handler 4 on 45995] INFO  node.SCMNodeManager (SCMNodeManager.java:register(273)) - Registered Data node : dbc49482-0539-4069-8573-d74be766be9f{ip: 192.168.5.132, host: pr-hdds-1569-rzdr8-3403194166, networkLocation: /default-rack, certSerialId: null}
2019-09-19 14:45:05,790 | INFO  | SCMAudit | user=jenkins1000 | ip=192.168.5.132 | op=REGISTER {datanodeDetails=dbc49482-0539-4069-8573-d74be766be9f{ip: 192.168.5.132, host: pr-hdds-1569-rzdr8-3403194166, networkLocation: /default-rack, certSerialId: null}} | ret=SUCCESS |  
2019-09-19 14:45:05,810 [grpc-default-executor-0] INFO  impl.RaftServerProxy (RaftServerProxy.java:addNew(89)) - a38eeb7b-34bc-498a-82af-c91824ca14e3: addNew group-EADF933D2485:[a38eeb7b-34bc-498a-82af-c91824ca14e3:192.168.5.132:42492] returns group-EADF933D2485:java.util.concurrent.CompletableFuture@b04f82a[Not completed]
2019-09-19 14:45:05,812 [pool-38-thread-1] INFO  impl.RaftServerImpl (RaftServerImpl.java:<init>(93)) - a38eeb7b-34bc-498a-82af-c91824ca14e3: new RaftServerImpl for group-EADF933D2485:[a38eeb7b-34bc-498a-82af-c91824ca14e3:192.168.5.132:42492] with ContainerStateMachine:uninitialized
2019-09-19 14:45:05,812 [pool-38-thread-1] INFO  server.RaftServerConfigKeys (ConfUtils.java:logGet(43)) - raft.server.rpc.timeout.min = 5s (custom)
2019-09-19 14:45:05,812 [pool-38-thread-1] INFO  server.RaftServerConfigKeys (ConfUtils.java:logGet(43)) - raft.server.rpc.timeout.max = 5200ms (custom)
2019-09-19 14:45:05,812 [pool-38-thread-1] INFO  server.RaftServerConfigKeys (ConfUtils.java:logGet(43)) - raft.server.rpcslowness.timeout = 120s (custom)
2019-09-19 14:45:05,812 [pool-38-thread-1] INFO  server.RaftServerConfigKeys (ConfUtils.java:logGet(43)) - raft.server.sleep.deviation.threshold = 300 (default)
2019-09-19 14:45:05,813 [pool-38-thread-1] INFO  server.RaftServerConfigKeys (ConfUtils.java:logGet(43)) - raft.server.log.appender.install.snapshot.enabled = false (custom)
2019-09-19 14:45:05,813 [pool-38-thread-1] INFO  impl.RaftServerImpl (ServerState.java:<init>(105)) - a38eeb7b-34bc-498a-82af-c91824ca14e3:group-EADF933D2485 ConfigurationManager, init=-1: [a38eeb7b-34bc-498a-82af-c91824ca14e3:192.168.5.132:42492], old=null, confs=<EMPTY_MAP>
2019-09-19 14:45:05,813 [pool-38-thread-1] INFO  server.RaftServerConfigKeys (ConfUtils.java:logGet(43)) - raft.server.storage.dir = [/workdir/hadoop-ozone/tools/target/test-dir/MiniOzoneClusterImpl-5b0688b1-0324-4107-bf7a-97e067892599/datanode-1/data/ratis] (custom)
2019-09-19 14:45:05,813 [pool-38-thread-1] INFO  storage.RaftStorageDirectory (RaftStorageDirectory.java:analyzeStorage(246)) - The storage directory /workdir/hadoop-ozone/tools/target/test-dir/MiniOzoneClusterImpl-5b0688b1-0324-4107-bf7a-97e067892599/datanode-1/data/ratis/90d49f27-f1ff-429f-97f0-eadf933d2485 does not exist. Creating ...
2019-09-19 14:45:05,841 [pool-38-thread-1] INFO  storage.RaftStorageDirectory (RaftStorageDirectory.java:tryLock(328)) - Lock on /workdir/hadoop-ozone/tools/target/test-dir/MiniOzoneClusterImpl-5b0688b1-0324-4107-bf7a-97e067892599/datanode-1/data/ratis/90d49f27-f1ff-429f-97f0-eadf933d2485/in_use.lock acquired by nodename 3767@pr-hdds-1569-rzdr8-3403194166
2019-09-19 14:45:05,892 [pool-38-thread-1] INFO  storage.RaftStorage (RaftStorage.java:format(72)) - Storage directory /workdir/hadoop-ozone/tools/target/test-dir/MiniOzoneClusterImpl-5b0688b1-0324-4107-bf7a-97e067892599/datanode-1/data/ratis/90d49f27-f1ff-429f-97f0-eadf933d2485 has been successfully formatted.
2019-09-19 14:45:05,892 [pool-38-thread-1] INFO  ratis.ContainerStateMachine (ContainerStateMachine.java:loadSnapshot(226)) - group-EADF933D2485: The snapshot info is null. Setting the last applied indexto:(t:0, i:~)
2019-09-19 14:45:05,893 [pool-38-thread-1] INFO  server.RaftServerConfigKeys (ConfUtils.java:logGet(43)) - raft.server.leader.election.timeout = 120s (custom)
2019-09-19 14:45:05,893 [pool-38-thread-1] INFO  server.RaftServerConfigKeys (ConfUtils.java:logGet(43)) - raft.server.log.use.memory = false (default)
2019-09-19 14:45:05,893 [pool-38-thread-1] INFO  server.RaftServerConfigKeys (ConfUtils.java:logGet(43)) - raft.server.log.purge.gap = 1000000 (custom)
2019-09-19 14:45:05,893 [pool-38-thread-1] INFO  server.RaftServerConfigKeys (ConfUtils.java:logGet(43)) - raft.server.log.appender.buffer.byte-limit = 33554432 (custom)
2019-09-19 14:45:05,894 [pool-38-thread-1] INFO  server.RaftServerConfigKeys (ConfUtils.java:logGet(43)) - raft.server.log.segment.size.max = 1048576 (custom)
2019-09-19 14:45:05,894 [pool-38-thread-1] INFO  server.RaftServerConfigKeys (ConfUtils.java:logGet(43)) - raft.server.log.segment.cache.num.max = 2 (custom)
2019-09-19 14:45:05,894 [pool-38-thread-1] INFO  segmented.SegmentedRaftLogWorker (SegmentedRaftLogWorker.java:<init>(172)) - new a38eeb7b-34bc-498a-82af-c91824ca14e3-SegmentedRaftLogWorker:Storage Directory /workdir/hadoop-ozone/tools/target/test-dir/MiniOzoneClusterImpl-5b0688b1-0324-4107-bf7a-97e067892599/datanode-1/data/ratis/90d49f27-f1ff-429f-97f0-eadf933d2485 for RaftStorage:Storage Directory /workdir/hadoop-ozone/tools/target/test-dir/MiniOzoneClusterImpl-5b0688b1-0324-4107-bf7a-97e067892599/datanode-1/data/ratis/90d49f27-f1ff-429f-97f0-eadf933d2485
2019-09-19 14:45:05,894 [pool-38-thread-1] INFO  server.RaftServerConfigKeys (ConfUtils.java:logGet(43)) - raft.server.log.queue.byte-limit = 2147483647 (custom)
2019-09-19 14:45:05,895 [pool-38-thread-1] INFO  server.RaftServerConfigKeys (ConfUtils.java:logGet(43)) - raft.server.log.queue.element-limit = 1024 (custom)
2019-09-19 14:45:05,895 [pool-38-thread-1] INFO  server.RaftServerConfigKeys (ConfUtils.java:logGet(43)) - raft.server.log.segment.size.max = 1048576 (custom)
2019-09-19 14:45:05,895 [pool-38-thread-1] INFO  server.RaftServerConfigKeys (ConfUtils.java:logGet(43)) - raft.server.log.preallocated.size = 16384 (custom)
2019-09-19 14:45:05,896 [pool-38-thread-1] INFO  server.RaftServerConfigKeys (ConfUtils.java:logGet(43)) - raft.server.log.write.buffer.size = 33554432 (custom)
2019-09-19 14:45:05,896 [pool-38-thread-1] INFO  server.RaftServerConfigKeys (ConfUtils.java:logGet(43)) - raft.server.log.force.sync.num = 128 (default)
2019-09-19 14:45:05,896 [pool-38-thread-1] INFO  server.RaftServerConfigKeys (ConfUtils.java:logGet(43)) - raft.server.log.statemachine.data.sync = true (default)
2019-09-19 14:45:05,896 [pool-38-thread-1] INFO  server.RaftServerConfigKeys (ConfUtils.java:logGet(43)) - raft.server.log.statemachine.data.sync.timeout = 10s (default)
2019-09-19 14:45:05,897 [pool-38-thread-1] INFO  server.RaftServerConfigKeys (ConfUtils.java:logGet(43)) - raft.server.log.statemachine.data.sync.timeout.retry = -1 (default)
2019-09-19 14:45:05,897 [pool-38-thread-1] INFO  server.RaftServerConfigKeys (ConfUtils.java:logGet(43)) - raft.server.log.statemachine.data.caching.enabled = true (custom)
2019-09-19 14:45:05,898 [pool-38-thread-1] INFO  segmented.SegmentedRaftLogWorker (SegmentedRaftLogWorker.java:lambda$new$0(132)) - a38eeb7b-34bc-498a-82af-c91824ca14e3-SegmentedRaftLogWorker:Storage Directory /workdir/hadoop-ozone/tools/target/test-dir/MiniOzoneClusterImpl-5b0688b1-0324-4107-bf7a-97e067892599/datanode-1/data/ratis/90d49f27-f1ff-429f-97f0-eadf933d2485: flushIndex: setUnconditionally 0 -> -1
2019-09-19 14:45:05,898 [pool-38-thread-1] INFO  server.RaftServerConfigKeys (ConfUtils.java:logGet(43)) - raft.server.snapshot.auto.trigger.enabled = true (custom)
2019-09-19 14:45:05,898 [pool-38-thread-1] INFO  server.RaftServerConfigKeys (ConfUtils.java:logGet(43)) - raft.server.snapshot.auto.trigger.threshold = 10000 (custom)
2019-09-19 14:45:05,899 [pool-38-thread-1] INFO  server.RaftServerConfigKeys (ConfUtils.java:logGet(43)) - raft.server.retrycache.expirytime = 600000ms (custom)
2019-09-19 14:45:05,899 [pool-38-thread-1] INFO  impl.RaftServerImpl (RaftServerImpl.java:start(180)) - a38eeb7b-34bc-498a-82af-c91824ca14e3: start group-EADF933D2485
2019-09-19 14:45:05,899 [pool-38-thread-1] INFO  impl.RaftServerImpl (RaftServerImpl.java:setRole(171)) - a38eeb7b-34bc-498a-82af-c91824ca14e3:group-EADF933D2485 changes role from null to FOLLOWER at term 0 for startAsFollower
2019-09-19 14:45:05,900 [pool-38-thread-1] INFO  impl.RoleInfo (RoleInfo.java:updateAndGet(143)) - a38eeb7b-34bc-498a-82af-c91824ca14e3: start FollowerState
2019-09-19 14:45:05,900 [pool-38-thread-1] INFO  util.JmxRegister (JmxRegister.java:tryRegister(44)) - Successfully registered JMX Bean with object name Ratis:service=RaftServer,group=group-EADF933D2485,id=a38eeb7b-34bc-498a-82af-c91824ca14e3
2019-09-19 14:45:05,915 [RatisPipelineUtilsThread] INFO  pipeline.PipelineStateManager (PipelineStateManager.java:addPipeline(56)) - Created pipeline Pipeline[ Id: 90d49f27-f1ff-429f-97f0-eadf933d2485, Nodes: a38eeb7b-34bc-498a-82af-c91824ca14e3{ip: 192.168.5.132, host: pr-hdds-1569-rzdr8-3403194166, networkLocation: /default-rack, certSerialId: null}, Type:RATIS, Factor:ONE, State:OPEN]
2019-09-19 14:45:05,958 [grpc-default-executor-0] INFO  impl.RaftServerProxy (RaftServerProxy.java:addNew(89)) - d074c048-3e38-4e2d-895f-3654e5a631aa: addNew group-38A784605B0B:[d074c048-3e38-4e2d-895f-3654e5a631aa:192.168.5.132:33437] returns group-38A784605B0B:java.util.concurrent.CompletableFuture@3c8a92d6[Not completed]
2019-09-19 14:45:05,960 [pool-27-thread-1] INFO  impl.RaftServerImpl (RaftServerImpl.java:<init>(93)) - d074c048-3e38-4e2d-895f-3654e5a631aa: new RaftServerImpl for group-38A784605B0B:[d074c048-3e38-4e2d-895f-3654e5a631aa:192.168.5.132:33437] with ContainerStateMachine:uninitialized
2019-09-19 14:45:05,960 [pool-27-thread-1] INFO  server.RaftServerConfigKeys (ConfUtils.java:logGet(43)) - raft.server.rpc.timeout.min = 5s (custom)
2019-09-19 14:45:05,960 [pool-27-thread-1] INFO  server.RaftServerConfigKeys (ConfUtils.java:logGet(43)) - raft.server.rpc.timeout.max = 5200ms (custom)
2019-09-19 14:45:05,960 [pool-27-thread-1] INFO  server.RaftServerConfigKeys (ConfUtils.java:logGet(43)) - raft.server.rpcslowness.timeout = 120s (custom)
2019-09-19 14:45:05,960 [pool-27-thread-1] INFO  server.RaftServerConfigKeys (ConfUtils.java:logGet(43)) - raft.server.sleep.deviation.threshold = 300 (default)
2019-09-19 14:45:05,960 [pool-27-thread-1] INFO  server.RaftServerConfigKeys (ConfUtils.java:logGet(43)) - raft.server.log.appender.install.snapshot.enabled = false (custom)
2019-09-19 14:45:05,961 [pool-27-thread-1] INFO  impl.RaftServerImpl (ServerState.java:<init>(105)) - d074c048-3e38-4e2d-895f-3654e5a631aa:group-38A784605B0B ConfigurationManager, init=-1: [d074c048-3e38-4e2d-895f-3654e5a631aa:192.168.5.132:33437], old=null, confs=<EMPTY_MAP>
2019-09-19 14:45:05,961 [pool-27-thread-1] INFO  server.RaftServerConfigKeys (ConfUtils.java:logGet(43)) - raft.server.storage.dir = [/workdir/hadoop-ozone/tools/target/test-dir/MiniOzoneClusterImpl-5b0688b1-0324-4107-bf7a-97e067892599/datanode-0/data/ratis] (custom)
2019-09-19 14:45:05,961 [pool-27-thread-1] INFO  storage.RaftStorageDirectory (RaftStorageDirectory.java:analyzeStorage(246)) - The storage directory /workdir/hadoop-ozone/tools/target/test-dir/MiniOzoneClusterImpl-5b0688b1-0324-4107-bf7a-97e067892599/datanode-0/data/ratis/8ba4ea9f-3bf7-4591-b720-38a784605b0b does not exist. Creating ...
2019-09-19 14:45:05,978 [pool-27-thread-1] INFO  storage.RaftStorageDirectory (RaftStorageDirectory.java:tryLock(328)) - Lock on /workdir/hadoop-ozone/tools/target/test-dir/MiniOzoneClusterImpl-5b0688b1-0324-4107-bf7a-97e067892599/datanode-0/data/ratis/8ba4ea9f-3bf7-4591-b720-38a784605b0b/in_use.lock acquired by nodename 3767@pr-hdds-1569-rzdr8-3403194166
2019-09-19 14:45:05,996 [pool-27-thread-1] INFO  storage.RaftStorage (RaftStorage.java:format(72)) - Storage directory /workdir/hadoop-ozone/tools/target/test-dir/MiniOzoneClusterImpl-5b0688b1-0324-4107-bf7a-97e067892599/datanode-0/data/ratis/8ba4ea9f-3bf7-4591-b720-38a784605b0b has been successfully formatted.
2019-09-19 14:45:05,996 [pool-27-thread-1] INFO  ratis.ContainerStateMachine (ContainerStateMachine.java:loadSnapshot(226)) - group-38A784605B0B: The snapshot info is null. Setting the last applied indexto:(t:0, i:~)
2019-09-19 14:45:05,997 [pool-27-thread-1] INFO  server.RaftServerConfigKeys (ConfUtils.java:logGet(43)) - raft.server.leader.election.timeout = 120s (custom)
2019-09-19 14:45:05,997 [pool-27-thread-1] INFO  server.RaftServerConfigKeys (ConfUtils.java:logGet(43)) - raft.server.log.use.memory = false (default)
2019-09-19 14:45:05,997 [pool-27-thread-1] INFO  server.RaftServerConfigKeys (ConfUtils.java:logGet(43)) - raft.server.log.purge.gap = 1000000 (custom)
2019-09-19 14:45:05,997 [pool-27-thread-1] INFO  server.RaftServerConfigKeys (ConfUtils.java:logGet(43)) - raft.server.log.appender.buffer.byte-limit = 33554432 (custom)
2019-09-19 14:45:05,997 [pool-27-thread-1] INFO  server.RaftServerConfigKeys (ConfUtils.java:logGet(43)) - raft.server.log.segment.size.max = 1048576 (custom)
2019-09-19 14:45:05,998 [pool-27-thread-1] INFO  server.RaftServerConfigKeys (ConfUtils.java:logGet(43)) - raft.server.log.segment.cache.num.max = 2 (custom)
2019-09-19 14:45:05,998 [pool-27-thread-1] INFO  segmented.SegmentedRaftLogWorker (SegmentedRaftLogWorker.java:<init>(172)) - new d074c048-3e38-4e2d-895f-3654e5a631aa-SegmentedRaftLogWorker:Storage Directory /workdir/hadoop-ozone/tools/target/test-dir/MiniOzoneClusterImpl-5b0688b1-0324-4107-bf7a-97e067892599/datanode-0/data/ratis/8ba4ea9f-3bf7-4591-b720-38a784605b0b for RaftStorage:Storage Directory /workdir/hadoop-ozone/tools/target/test-dir/MiniOzoneClusterImpl-5b0688b1-0324-4107-bf7a-97e067892599/datanode-0/data/ratis/8ba4ea9f-3bf7-4591-b720-38a784605b0b
2019-09-19 14:45:05,998 [pool-27-thread-1] INFO  server.RaftServerConfigKeys (ConfUtils.java:logGet(43)) - raft.server.log.queue.byte-limit = 2147483647 (custom)
2019-09-19 14:45:05,998 [pool-27-thread-1] INFO  server.RaftServerConfigKeys (ConfUtils.java:logGet(43)) - raft.server.log.queue.element-limit = 1024 (custom)
2019-09-19 14:45:05,998 [pool-27-thread-1] INFO  server.RaftServerConfigKeys (ConfUtils.java:logGet(43)) - raft.server.log.segment.size.max = 1048576 (custom)
2019-09-19 14:45:05,999 [pool-27-thread-1] INFO  server.RaftServerConfigKeys (ConfUtils.java:logGet(43)) - raft.server.log.preallocated.size = 16384 (custom)
2019-09-19 14:45:05,999 [pool-27-thread-1] INFO  server.RaftServerConfigKeys (ConfUtils.java:logGet(43)) - raft.server.log.write.buffer.size = 33554432 (custom)
2019-09-19 14:45:05,999 [pool-27-thread-1] INFO  server.RaftServerConfigKeys (ConfUtils.java:logGet(43)) - raft.server.log.force.sync.num = 128 (default)
2019-09-19 14:45:05,999 [pool-27-thread-1] INFO  server.RaftServerConfigKeys (ConfUtils.java:logGet(43)) - raft.server.log.statemachine.data.sync = true (default)
2019-09-19 14:45:05,999 [pool-27-thread-1] INFO  server.RaftServerConfigKeys (ConfUtils.java:logGet(43)) - raft.server.log.statemachine.data.sync.timeout = 10s (default)
2019-09-19 14:45:06,000 [pool-27-thread-1] INFO  server.RaftServerConfigKeys (ConfUtils.java:logGet(43)) - raft.server.log.statemachine.data.sync.timeout.retry = -1 (default)
2019-09-19 14:45:06,000 [pool-27-thread-1] INFO  server.RaftServerConfigKeys (ConfUtils.java:logGet(43)) - raft.server.log.statemachine.data.caching.enabled = true (custom)
2019-09-19 14:45:06,000 [pool-27-thread-1] INFO  segmented.SegmentedRaftLogWorker (SegmentedRaftLogWorker.java:lambda$new$0(132)) - d074c048-3e38-4e2d-895f-3654e5a631aa-SegmentedRaftLogWorker:Storage Directory /workdir/hadoop-ozone/tools/target/test-dir/MiniOzoneClusterImpl-5b0688b1-0324-4107-bf7a-97e067892599/datanode-0/data/ratis/8ba4ea9f-3bf7-4591-b720-38a784605b0b: flushIndex: setUnconditionally 0 -> -1
2019-09-19 14:45:06,001 [pool-27-thread-1] INFO  server.RaftServerConfigKeys (ConfUtils.java:logGet(43)) - raft.server.snapshot.auto.trigger.enabled = true (custom)
2019-09-19 14:45:06,001 [pool-27-thread-1] INFO  server.RaftServerConfigKeys (ConfUtils.java:logGet(43)) - raft.server.snapshot.auto.trigger.threshold = 10000 (custom)
2019-09-19 14:45:06,001 [pool-27-thread-1] INFO  server.RaftServerConfigKeys (ConfUtils.java:logGet(43)) - raft.server.retrycache.expirytime = 600000ms (custom)
2019-09-19 14:45:06,001 [pool-27-thread-1] INFO  impl.RaftServerImpl (RaftServerImpl.java:start(180)) - d074c048-3e38-4e2d-895f-3654e5a631aa: start group-38A784605B0B
2019-09-19 14:45:06,001 [pool-27-thread-1] INFO  impl.RaftServerImpl (RaftServerImpl.java:setRole(171)) - d074c048-3e38-4e2d-895f-3654e5a631aa:group-38A784605B0B changes role from null to FOLLOWER at term 0 for startAsFollower
2019-09-19 14:45:06,002 [pool-27-thread-1] INFO  impl.RoleInfo (RoleInfo.java:updateAndGet(143)) - d074c048-3e38-4e2d-895f-3654e5a631aa: start FollowerState
2019-09-19 14:45:06,005 [pool-27-thread-1] INFO  util.JmxRegister (JmxRegister.java:tryRegister(44)) - Successfully registered JMX Bean with object name Ratis:service=RaftServer,group=group-38A784605B0B,id=d074c048-3e38-4e2d-895f-3654e5a631aa
2019-09-19 14:45:06,021 [RatisPipelineUtilsThread] INFO  pipeline.PipelineStateManager (PipelineStateManager.java:addPipeline(56)) - Created pipeline Pipeline[ Id: 8ba4ea9f-3bf7-4591-b720-38a784605b0b, Nodes: d074c048-3e38-4e2d-895f-3654e5a631aa{ip: 192.168.5.132, host: pr-hdds-1569-rzdr8-3403194166, networkLocation: /default-rack, certSerialId: null}, Type:RATIS, Factor:ONE, State:OPEN]
2019-09-19 14:45:06,034 [main] INFO  ozone.MiniOzoneClusterImpl (MiniOzoneClusterImpl.java:lambda$waitForClusterToBeReady$0(142)) - Cluster is ready. Got 5 of 5 DN Heartbeats.
2019-09-19 14:45:06,060 [grpc-default-executor-0] INFO  impl.RaftServerProxy (RaftServerProxy.java:addNew(89)) - a38eeb7b-34bc-498a-82af-c91824ca14e3: addNew group-C98B802B8237:[a38eeb7b-34bc-498a-82af-c91824ca14e3:192.168.5.132:42492] returns group-C98B802B8237:java.util.concurrent.CompletableFuture@18872fe3[Not completed]
2019-09-19 14:45:06,062 [pool-38-thread-1] INFO  impl.RaftServerImpl (RaftServerImpl.java:<init>(93)) - a38eeb7b-34bc-498a-82af-c91824ca14e3: new RaftServerImpl for group-C98B802B8237:[a38eeb7b-34bc-498a-82af-c91824ca14e3:192.168.5.132:42492] with ContainerStateMachine:uninitialized
2019-09-19 14:45:06,062 [pool-38-thread-1] INFO  server.RaftServerConfigKeys (ConfUtils.java:logGet(43)) - raft.server.rpc.timeout.min = 5s (custom)
2019-09-19 14:45:06,062 [pool-38-thread-1] INFO  server.RaftServerConfigKeys (ConfUtils.java:logGet(43)) - raft.server.rpc.timeout.max = 5200ms (custom)
2019-09-19 14:45:06,062 [pool-38-thread-1] INFO  server.RaftServerConfigKeys (ConfUtils.java:logGet(43)) - raft.server.rpcslowness.timeout = 120s (custom)
2019-09-19 14:45:06,063 [pool-38-thread-1] INFO  server.RaftServerConfigKeys (ConfUtils.java:logGet(43)) - raft.server.sleep.deviation.threshold = 300 (default)
2019-09-19 14:45:06,063 [pool-38-thread-1] INFO  server.RaftServerConfigKeys (ConfUtils.java:logGet(43)) - raft.server.log.appender.install.snapshot.enabled = false (custom)
2019-09-19 14:45:06,063 [pool-38-thread-1] INFO  impl.RaftServerImpl (ServerState.java:<init>(105)) - a38eeb7b-34bc-498a-82af-c91824ca14e3:group-C98B802B8237 ConfigurationManager, init=-1: [a38eeb7b-34bc-498a-82af-c91824ca14e3:192.168.5.132:42492], old=null, confs=<EMPTY_MAP>
2019-09-19 14:45:06,063 [pool-38-thread-1] INFO  server.RaftServerConfigKeys (ConfUtils.java:logGet(43)) - raft.server.storage.dir = [/workdir/hadoop-ozone/tools/target/test-dir/MiniOzoneClusterImpl-5b0688b1-0324-4107-bf7a-97e067892599/datanode-1/data/ratis] (custom)
2019-09-19 14:45:06,063 [pool-38-thread-1] INFO  storage.RaftStorageDirectory (RaftStorageDirectory.java:analyzeStorage(246)) - The storage directory /workdir/hadoop-ozone/tools/target/test-dir/MiniOzoneClusterImpl-5b0688b1-0324-4107-bf7a-97e067892599/datanode-1/data/ratis/c5e9e743-ccb0-4953-859a-c98b802b8237 does not exist. Creating ...
2019-09-19 14:45:06,088 [pool-38-thread-1] INFO  storage.RaftStorageDirectory (RaftStorageDirectory.java:tryLock(328)) - Lock on /workdir/hadoop-ozone/tools/target/test-dir/MiniOzoneClusterImpl-5b0688b1-0324-4107-bf7a-97e067892599/datanode-1/data/ratis/c5e9e743-ccb0-4953-859a-c98b802b8237/in_use.lock acquired by nodename 3767@pr-hdds-1569-rzdr8-3403194166
2019-09-19 14:45:06,107 [pool-38-thread-1] INFO  storage.RaftStorage (RaftStorage.java:format(72)) - Storage directory /workdir/hadoop-ozone/tools/target/test-dir/MiniOzoneClusterImpl-5b0688b1-0324-4107-bf7a-97e067892599/datanode-1/data/ratis/c5e9e743-ccb0-4953-859a-c98b802b8237 has been successfully formatted.
2019-09-19 14:45:06,107 [pool-38-thread-1] INFO  ratis.ContainerStateMachine (ContainerStateMachine.java:loadSnapshot(226)) - group-C98B802B8237: The snapshot info is null. Setting the last applied indexto:(t:0, i:~)
2019-09-19 14:45:06,107 [pool-38-thread-1] INFO  server.RaftServerConfigKeys (ConfUtils.java:logGet(43)) - raft.server.leader.election.timeout = 120s (custom)
2019-09-19 14:45:06,107 [pool-38-thread-1] INFO  server.RaftServerConfigKeys (ConfUtils.java:logGet(43)) - raft.server.log.use.memory = false (default)
2019-09-19 14:45:06,107 [pool-38-thread-1] INFO  server.RaftServerConfigKeys (ConfUtils.java:logGet(43)) - raft.server.log.purge.gap = 1000000 (custom)
2019-09-19 14:45:06,108 [pool-38-thread-1] INFO  server.RaftServerConfigKeys (ConfUtils.java:logGet(43)) - raft.server.log.appender.buffer.byte-limit = 33554432 (custom)
2019-09-19 14:45:06,108 [pool-38-thread-1] INFO  server.RaftServerConfigKeys (ConfUtils.java:logGet(43)) - raft.server.log.segment.size.max = 1048576 (custom)
2019-09-19 14:45:06,108 [pool-38-thread-1] INFO  server.RaftServerConfigKeys (ConfUtils.java:logGet(43)) - raft.server.log.segment.cache.num.max = 2 (custom)
2019-09-19 14:45:06,108 [pool-38-thread-1] INFO  segmented.SegmentedRaftLogWorker (SegmentedRaftLogWorker.java:<init>(172)) - new a38eeb7b-34bc-498a-82af-c91824ca14e3-SegmentedRaftLogWorker:Storage Directory /workdir/hadoop-ozone/tools/target/test-dir/MiniOzoneClusterImpl-5b0688b1-0324-4107-bf7a-97e067892599/datanode-1/data/ratis/c5e9e743-ccb0-4953-859a-c98b802b8237 for RaftStorage:Storage Directory /workdir/hadoop-ozone/tools/target/test-dir/MiniOzoneClusterImpl-5b0688b1-0324-4107-bf7a-97e067892599/datanode-1/data/ratis/c5e9e743-ccb0-4953-859a-c98b802b8237
2019-09-19 14:45:06,109 [pool-38-thread-1] INFO  server.RaftServerConfigKeys (ConfUtils.java:logGet(43)) - raft.server.log.queue.byte-limit = 2147483647 (custom)
2019-09-19 14:45:06,109 [pool-38-thread-1] INFO  server.RaftServerConfigKeys (ConfUtils.java:logGet(43)) - raft.server.log.queue.element-limit = 1024 (custom)
2019-09-19 14:45:06,109 [pool-38-thread-1] INFO  server.RaftServerConfigKeys (ConfUtils.java:logGet(43)) - raft.server.log.segment.size.max = 1048576 (custom)
2019-09-19 14:45:06,109 [pool-38-thread-1] INFO  server.RaftServerConfigKeys (ConfUtils.java:logGet(43)) - raft.server.log.preallocated.size = 16384 (custom)
2019-09-19 14:45:06,110 [pool-38-thread-1] INFO  server.RaftServerConfigKeys (ConfUtils.java:logGet(43)) - raft.server.log.write.buffer.size = 33554432 (custom)
2019-09-19 14:45:06,110 [pool-38-thread-1] INFO  server.RaftServerConfigKeys (ConfUtils.java:logGet(43)) - raft.server.log.force.sync.num = 128 (default)
2019-09-19 14:45:06,110 [pool-38-thread-1] INFO  server.RaftServerConfigKeys (ConfUtils.java:logGet(43)) - raft.server.log.statemachine.data.sync = true (default)
2019-09-19 14:45:06,110 [pool-38-thread-1] INFO  server.RaftServerConfigKeys (ConfUtils.java:logGet(43)) - raft.server.log.statemachine.data.sync.timeout = 10s (default)
2019-09-19 14:45:06,110 [pool-38-thread-1] INFO  server.RaftServerConfigKeys (ConfUtils.java:logGet(43)) - raft.server.log.statemachine.data.sync.timeout.retry = -1 (default)
2019-09-19 14:45:06,110 [pool-38-thread-1] INFO  server.RaftServerConfigKeys (ConfUtils.java:logGet(43)) - raft.server.log.statemachine.data.caching.enabled = true (custom)
2019-09-19 14:45:06,110 [pool-38-thread-1] INFO  segmented.SegmentedRaftLogWorker (SegmentedRaftLogWorker.java:lambda$new$0(132)) - a38eeb7b-34bc-498a-82af-c91824ca14e3-SegmentedRaftLogWorker:Storage Directory /workdir/hadoop-ozone/tools/target/test-dir/MiniOzoneClusterImpl-5b0688b1-0324-4107-bf7a-97e067892599/datanode-1/data/ratis/c5e9e743-ccb0-4953-859a-c98b802b8237: flushIndex: setUnconditionally 0 -> -1
2019-09-19 14:45:06,111 [pool-38-thread-1] INFO  server.RaftServerConfigKeys (ConfUtils.java:logGet(43)) - raft.server.snapshot.auto.trigger.enabled = true (custom)
2019-09-19 14:45:06,111 [pool-38-thread-1] INFO  server.RaftServerConfigKeys (ConfUtils.java:logGet(43)) - raft.server.snapshot.auto.trigger.threshold = 10000 (custom)
2019-09-19 14:45:06,111 [pool-38-thread-1] INFO  server.RaftServerConfigKeys (ConfUtils.java:logGet(43)) - raft.server.retrycache.expirytime = 600000ms (custom)
2019-09-19 14:45:06,111 [pool-38-thread-1] INFO  impl.RaftServerImpl (RaftServerImpl.java:start(180)) - a38eeb7b-34bc-498a-82af-c91824ca14e3: start group-C98B802B8237
2019-09-19 14:45:06,111 [pool-38-thread-1] INFO  impl.RaftServerImpl (RaftServerImpl.java:setRole(171)) - a38eeb7b-34bc-498a-82af-c91824ca14e3:group-C98B802B8237 changes role from null to FOLLOWER at term 0 for startAsFollower
2019-09-19 14:45:06,112 [pool-38-thread-1] INFO  impl.RoleInfo (RoleInfo.java:updateAndGet(143)) - a38eeb7b-34bc-498a-82af-c91824ca14e3: start FollowerState
2019-09-19 14:45:06,112 [pool-38-thread-1] INFO  util.JmxRegister (JmxRegister.java:tryRegister(44)) - Successfully registered JMX Bean with object name Ratis:service=RaftServer,group=group-C98B802B8237,id=a38eeb7b-34bc-498a-82af-c91824ca14e3
2019-09-19 14:45:06,121 | INFO  | SCMAudit | user=jenkins1000 | ip=192.168.5.132 | op=SEND_HEARTBEAT {datanodeUUID=d074c048-3e38-4e2d-895f-3654e5a631aa, command=[]} | ret=SUCCESS |  
2019-09-19 14:45:06,124 [RatisPipelineUtilsThread] INFO  pipeline.PipelineStateManager (PipelineStateManager.java:addPipeline(56)) - Created pipeline Pipeline[ Id: c5e9e743-ccb0-4953-859a-c98b802b8237, Nodes: a38eeb7b-34bc-498a-82af-c91824ca14e3{ip: 192.168.5.132, host: pr-hdds-1569-rzdr8-3403194166, networkLocation: /default-rack, certSerialId: null}, Type:RATIS, Factor:ONE, State:OPEN]
2019-09-19 14:45:06,135 [grpc-default-executor-0] INFO  impl.RaftServerProxy (RaftServerProxy.java:addNew(89)) - dbc49482-0539-4069-8573-d74be766be9f: addNew group-771A4DAE487F:[dbc49482-0539-4069-8573-d74be766be9f:192.168.5.132:40388] returns group-771A4DAE487F:java.util.concurrent.CompletableFuture@4d16409[Not completed]
2019-09-19 14:45:06,138 [pool-71-thread-1] INFO  impl.RaftServerImpl (RaftServerImpl.java:<init>(93)) - dbc49482-0539-4069-8573-d74be766be9f: new RaftServerImpl for group-771A4DAE487F:[dbc49482-0539-4069-8573-d74be766be9f:192.168.5.132:40388] with ContainerStateMachine:uninitialized
2019-09-19 14:45:06,139 [pool-71-thread-1] INFO  server.RaftServerConfigKeys (ConfUtils.java:logGet(43)) - raft.server.rpc.timeout.min = 5s (custom)
2019-09-19 14:45:06,139 [pool-71-thread-1] INFO  server.RaftServerConfigKeys (ConfUtils.java:logGet(43)) - raft.server.rpc.timeout.max = 5200ms (custom)
2019-09-19 14:45:06,139 [pool-71-thread-1] INFO  server.RaftServerConfigKeys (ConfUtils.java:logGet(43)) - raft.server.rpcslowness.timeout = 120s (custom)
2019-09-19 14:45:06,139 [pool-71-thread-1] INFO  server.RaftServerConfigKeys (ConfUtils.java:logGet(43)) - raft.server.sleep.deviation.threshold = 300 (default)
2019-09-19 14:45:06,139 [pool-71-thread-1] INFO  server.RaftServerConfigKeys (ConfUtils.java:logGet(43)) - raft.server.log.appender.install.snapshot.enabled = false (custom)
2019-09-19 14:45:06,140 [pool-71-thread-1] INFO  impl.RaftServerImpl (ServerState.java:<init>(105)) - dbc49482-0539-4069-8573-d74be766be9f:group-771A4DAE487F ConfigurationManager, init=-1: [dbc49482-0539-4069-8573-d74be766be9f:192.168.5.132:40388], old=null, confs=<EMPTY_MAP>
2019-09-19 14:45:06,140 [pool-71-thread-1] INFO  server.RaftServerConfigKeys (ConfUtils.java:logGet(43)) - raft.server.storage.dir = [/workdir/hadoop-ozone/tools/target/test-dir/MiniOzoneClusterImpl-5b0688b1-0324-4107-bf7a-97e067892599/datanode-4/data/ratis] (custom)
2019-09-19 14:45:06,140 [pool-71-thread-1] INFO  storage.RaftStorageDirectory (RaftStorageDirectory.java:analyzeStorage(246)) - The storage directory /workdir/hadoop-ozone/tools/target/test-dir/MiniOzoneClusterImpl-5b0688b1-0324-4107-bf7a-97e067892599/datanode-4/data/ratis/cdcf390b-6d79-4aec-830b-771a4dae487f does not exist. Creating ...
2019-09-19 14:45:06,153 [pool-71-thread-1] INFO  storage.RaftStorageDirectory (RaftStorageDirectory.java:tryLock(328)) - Lock on /workdir/hadoop-ozone/tools/target/test-dir/MiniOzoneClusterImpl-5b0688b1-0324-4107-bf7a-97e067892599/datanode-4/data/ratis/cdcf390b-6d79-4aec-830b-771a4dae487f/in_use.lock acquired by nodename 3767@pr-hdds-1569-rzdr8-3403194166
2019-09-19 14:45:06,174 [pool-71-thread-1] INFO  storage.RaftStorage (RaftStorage.java:format(72)) - Storage directory /workdir/hadoop-ozone/tools/target/test-dir/MiniOzoneClusterImpl-5b0688b1-0324-4107-bf7a-97e067892599/datanode-4/data/ratis/cdcf390b-6d79-4aec-830b-771a4dae487f has been successfully formatted.
2019-09-19 14:45:06,175 [pool-71-thread-1] INFO  ratis.ContainerStateMachine (ContainerStateMachine.java:loadSnapshot(226)) - group-771A4DAE487F: The snapshot info is null. Setting the last applied indexto:(t:0, i:~)
2019-09-19 14:45:06,175 [pool-71-thread-1] INFO  server.RaftServerConfigKeys (ConfUtils.java:logGet(43)) - raft.server.leader.election.timeout = 120s (custom)
2019-09-19 14:45:06,175 [pool-71-thread-1] INFO  server.RaftServerConfigKeys (ConfUtils.java:logGet(43)) - raft.server.log.use.memory = false (default)
2019-09-19 14:45:06,175 [pool-71-thread-1] INFO  server.RaftServerConfigKeys (ConfUtils.java:logGet(43)) - raft.server.log.purge.gap = 1000000 (custom)
2019-09-19 14:45:06,175 [pool-71-thread-1] INFO  server.RaftServerConfigKeys (ConfUtils.java:logGet(43)) - raft.server.log.appender.buffer.byte-limit = 33554432 (custom)
2019-09-19 14:45:06,176 [pool-71-thread-1] INFO  server.RaftServerConfigKeys (ConfUtils.java:logGet(43)) - raft.server.log.segment.size.max = 1048576 (custom)
2019-09-19 14:45:06,176 [pool-71-thread-1] INFO  server.RaftServerConfigKeys (ConfUtils.java:logGet(43)) - raft.server.log.segment.cache.num.max = 2 (custom)
2019-09-19 14:45:06,176 [pool-71-thread-1] INFO  segmented.SegmentedRaftLogWorker (SegmentedRaftLogWorker.java:<init>(172)) - new dbc49482-0539-4069-8573-d74be766be9f-SegmentedRaftLogWorker:Storage Directory /workdir/hadoop-ozone/tools/target/test-dir/MiniOzoneClusterImpl-5b0688b1-0324-4107-bf7a-97e067892599/datanode-4/data/ratis/cdcf390b-6d79-4aec-830b-771a4dae487f for RaftStorage:Storage Directory /workdir/hadoop-ozone/tools/target/test-dir/MiniOzoneClusterImpl-5b0688b1-0324-4107-bf7a-97e067892599/datanode-4/data/ratis/cdcf390b-6d79-4aec-830b-771a4dae487f
2019-09-19 14:45:06,176 [pool-71-thread-1] INFO  server.RaftServerConfigKeys (ConfUtils.java:logGet(43)) - raft.server.log.queue.byte-limit = 2147483647 (custom)
2019-09-19 14:45:06,176 [pool-71-thread-1] INFO  server.RaftServerConfigKeys (ConfUtils.java:logGet(43)) - raft.server.log.queue.element-limit = 1024 (custom)
2019-09-19 14:45:06,176 [pool-71-thread-1] INFO  server.RaftServerConfigKeys (ConfUtils.java:logGet(43)) - raft.server.log.segment.size.max = 1048576 (custom)
2019-09-19 14:45:06,177 [pool-71-thread-1] INFO  server.RaftServerConfigKeys (ConfUtils.java:logGet(43)) - raft.server.log.preallocated.size = 16384 (custom)
2019-09-19 14:45:06,177 [pool-71-thread-1] INFO  server.RaftServerConfigKeys (ConfUtils.java:logGet(43)) - raft.server.log.write.buffer.size = 33554432 (custom)
2019-09-19 14:45:06,177 [pool-71-thread-1] INFO  server.RaftServerConfigKeys (ConfUtils.java:logGet(43)) - raft.server.log.force.sync.num = 128 (default)
2019-09-19 14:45:06,177 [pool-71-thread-1] INFO  server.RaftServerConfigKeys (ConfUtils.java:logGet(43)) - raft.server.log.statemachine.data.sync = true (default)
2019-09-19 14:45:06,177 [pool-71-thread-1] INFO  server.RaftServerConfigKeys (ConfUtils.java:logGet(43)) - raft.server.log.statemachine.data.sync.timeout = 10s (default)
2019-09-19 14:45:06,177 [pool-71-thread-1] INFO  server.RaftServerConfigKeys (ConfUtils.java:logGet(43)) - raft.server.log.statemachine.data.sync.timeout.retry = -1 (default)
2019-09-19 14:45:06,178 [pool-71-thread-1] INFO  server.RaftServerConfigKeys (ConfUtils.java:logGet(43)) - raft.server.log.statemachine.data.caching.enabled = true (custom)
2019-09-19 14:45:06,178 [pool-71-thread-1] INFO  segmented.SegmentedRaftLogWorker (SegmentedRaftLogWorker.java:lambda$new$0(132)) - dbc49482-0539-4069-8573-d74be766be9f-SegmentedRaftLogWorker:Storage Directory /workdir/hadoop-ozone/tools/target/test-dir/MiniOzoneClusterImpl-5b0688b1-0324-4107-bf7a-97e067892599/datanode-4/data/ratis/cdcf390b-6d79-4aec-830b-771a4dae487f: flushIndex: setUnconditionally 0 -> -1
2019-09-19 14:45:06,178 [pool-71-thread-1] INFO  server.RaftServerConfigKeys (ConfUtils.java:logGet(43)) - raft.server.snapshot.auto.trigger.enabled = true (custom)
2019-09-19 14:45:06,178 [pool-71-thread-1] INFO  server.RaftServerConfigKeys (ConfUtils.java:logGet(43)) - raft.server.snapshot.auto.trigger.threshold = 10000 (custom)
2019-09-19 14:45:06,179 [pool-71-thread-1] INFO  server.RaftServerConfigKeys (ConfUtils.java:logGet(43)) - raft.server.retrycache.expirytime = 600000ms (custom)
2019-09-19 14:45:06,179 [pool-71-thread-1] INFO  impl.RaftServerImpl (RaftServerImpl.java:start(180)) - dbc49482-0539-4069-8573-d74be766be9f: start group-771A4DAE487F
2019-09-19 14:45:06,179 [pool-71-thread-1] INFO  impl.RaftServerImpl (RaftServerImpl.java:setRole(171)) - dbc49482-0539-4069-8573-d74be766be9f:group-771A4DAE487F changes role from null to FOLLOWER at term 0 for startAsFollower
2019-09-19 14:45:06,179 [pool-71-thread-1] INFO  impl.RoleInfo (RoleInfo.java:updateAndGet(143)) - dbc49482-0539-4069-8573-d74be766be9f: start FollowerState
2019-09-19 14:45:06,180 [pool-71-thread-1] INFO  util.JmxRegister (JmxRegister.java:tryRegister(44)) - Successfully registered JMX Bean with object name Ratis:service=RaftServer,group=group-771A4DAE487F,id=dbc49482-0539-4069-8573-d74be766be9f
2019-09-19 14:45:06,202 [RatisPipelineUtilsThread] INFO  pipeline.PipelineStateManager (PipelineStateManager.java:addPipeline(56)) - Created pipeline Pipeline[ Id: cdcf390b-6d79-4aec-830b-771a4dae487f, Nodes: dbc49482-0539-4069-8573-d74be766be9f{ip: 192.168.5.132, host: pr-hdds-1569-rzdr8-3403194166, networkLocation: /default-rack, certSerialId: null}, Type:RATIS, Factor:ONE, State:OPEN]
2019-09-19 14:45:06,216 [grpc-default-executor-0] INFO  impl.RaftServerProxy (RaftServerProxy.java:addNew(89)) - dbc49482-0539-4069-8573-d74be766be9f: addNew group-F072A4062177:[dbc49482-0539-4069-8573-d74be766be9f:192.168.5.132:40388] returns group-F072A4062177:java.util.concurrent.CompletableFuture@5e0c223f[Not completed]
2019-09-19 14:45:06,218 [pool-71-thread-1] INFO  impl.RaftServerImpl (RaftServerImpl.java:<init>(93)) - dbc49482-0539-4069-8573-d74be766be9f: new RaftServerImpl for group-F072A4062177:[dbc49482-0539-4069-8573-d74be766be9f:192.168.5.132:40388] with ContainerStateMachine:uninitialized
2019-09-19 14:45:06,218 [pool-71-thread-1] INFO  server.RaftServerConfigKeys (ConfUtils.java:logGet(43)) - raft.server.rpc.timeout.min = 5s (custom)
2019-09-19 14:45:06,219 [pool-71-thread-1] INFO  server.RaftServerConfigKeys (ConfUtils.java:logGet(43)) - raft.server.rpc.timeout.max = 5200ms (custom)
2019-09-19 14:45:06,219 [pool-71-thread-1] INFO  server.RaftServerConfigKeys (ConfUtils.java:logGet(43)) - raft.server.rpcslowness.timeout = 120s (custom)
2019-09-19 14:45:06,219 [pool-71-thread-1] INFO  server.RaftServerConfigKeys (ConfUtils.java:logGet(43)) - raft.server.sleep.deviation.threshold = 300 (default)
2019-09-19 14:45:06,219 [pool-71-thread-1] INFO  server.RaftServerConfigKeys (ConfUtils.java:logGet(43)) - raft.server.log.appender.install.snapshot.enabled = false (custom)
2019-09-19 14:45:06,219 [pool-71-thread-1] INFO  impl.RaftServerImpl (ServerState.java:<init>(105)) - dbc49482-0539-4069-8573-d74be766be9f:group-F072A4062177 ConfigurationManager, init=-1: [dbc49482-0539-4069-8573-d74be766be9f:192.168.5.132:40388], old=null, confs=<EMPTY_MAP>
2019-09-19 14:45:06,220 [pool-71-thread-1] INFO  server.RaftServerConfigKeys (ConfUtils.java:logGet(43)) - raft.server.storage.dir = [/workdir/hadoop-ozone/tools/target/test-dir/MiniOzoneClusterImpl-5b0688b1-0324-4107-bf7a-97e067892599/datanode-4/data/ratis] (custom)
2019-09-19 14:45:06,220 [pool-71-thread-1] INFO  storage.RaftStorageDirectory (RaftStorageDirectory.java:analyzeStorage(246)) - The storage directory /workdir/hadoop-ozone/tools/target/test-dir/MiniOzoneClusterImpl-5b0688b1-0324-4107-bf7a-97e067892599/datanode-4/data/ratis/7ae52c82-37a3-4743-8300-f072a4062177 does not exist. Creating ...
2019-09-19 14:45:06,244 [pool-71-thread-1] INFO  storage.RaftStorageDirectory (RaftStorageDirectory.java:tryLock(328)) - Lock on /workdir/hadoop-ozone/tools/target/test-dir/MiniOzoneClusterImpl-5b0688b1-0324-4107-bf7a-97e067892599/datanode-4/data/ratis/7ae52c82-37a3-4743-8300-f072a4062177/in_use.lock acquired by nodename 3767@pr-hdds-1569-rzdr8-3403194166
2019-09-19 14:45:06,257 [pool-71-thread-1] INFO  storage.RaftStorage (RaftStorage.java:format(72)) - Storage directory /workdir/hadoop-ozone/tools/target/test-dir/MiniOzoneClusterImpl-5b0688b1-0324-4107-bf7a-97e067892599/datanode-4/data/ratis/7ae52c82-37a3-4743-8300-f072a4062177 has been successfully formatted.
2019-09-19 14:45:06,258 [pool-71-thread-1] INFO  ratis.ContainerStateMachine (ContainerStateMachine.java:loadSnapshot(226)) - group-F072A4062177: The snapshot info is null. Setting the last applied indexto:(t:0, i:~)
2019-09-19 14:45:06,258 [pool-71-thread-1] INFO  server.RaftServerConfigKeys (ConfUtils.java:logGet(43)) - raft.server.leader.election.timeout = 120s (custom)
2019-09-19 14:45:06,258 [pool-71-thread-1] INFO  server.RaftServerConfigKeys (ConfUtils.java:logGet(43)) - raft.server.log.use.memory = false (default)
2019-09-19 14:45:06,258 [pool-71-thread-1] INFO  server.RaftServerConfigKeys (ConfUtils.java:logGet(43)) - raft.server.log.purge.gap = 1000000 (custom)
2019-09-19 14:45:06,258 [pool-71-thread-1] INFO  server.RaftServerConfigKeys (ConfUtils.java:logGet(43)) - raft.server.log.appender.buffer.byte-limit = 33554432 (custom)
2019-09-19 14:45:06,259 [pool-71-thread-1] INFO  server.RaftServerConfigKeys (ConfUtils.java:logGet(43)) - raft.server.log.segment.size.max = 1048576 (custom)
2019-09-19 14:45:06,259 [pool-71-thread-1] INFO  server.RaftServerConfigKeys (ConfUtils.java:logGet(43)) - raft.server.log.segment.cache.num.max = 2 (custom)
2019-09-19 14:45:06,259 [pool-71-thread-1] INFO  segmented.SegmentedRaftLogWorker (SegmentedRaftLogWorker.java:<init>(172)) - new dbc49482-0539-4069-8573-d74be766be9f-SegmentedRaftLogWorker:Storage Directory /workdir/hadoop-ozone/tools/target/test-dir/MiniOzoneClusterImpl-5b0688b1-0324-4107-bf7a-97e067892599/datanode-4/data/ratis/7ae52c82-37a3-4743-8300-f072a4062177 for RaftStorage:Storage Directory /workdir/hadoop-ozone/tools/target/test-dir/MiniOzoneClusterImpl-5b0688b1-0324-4107-bf7a-97e067892599/datanode-4/data/ratis/7ae52c82-37a3-4743-8300-f072a4062177
2019-09-19 14:45:06,259 [pool-71-thread-1] INFO  server.RaftServerConfigKeys (ConfUtils.java:logGet(43)) - raft.server.log.queue.byte-limit = 2147483647 (custom)
2019-09-19 14:45:06,259 [pool-71-thread-1] INFO  server.RaftServerConfigKeys (ConfUtils.java:logGet(43)) - raft.server.log.queue.element-limit = 1024 (custom)
2019-09-19 14:45:06,260 [pool-71-thread-1] INFO  server.RaftServerConfigKeys (ConfUtils.java:logGet(43)) - raft.server.log.segment.size.max = 1048576 (custom)
2019-09-19 14:45:06,260 [pool-71-thread-1] INFO  server.RaftServerConfigKeys (ConfUtils.java:logGet(43)) - raft.server.log.preallocated.size = 16384 (custom)
2019-09-19 14:45:06,260 [pool-71-thread-1] INFO  server.RaftServerConfigKeys (ConfUtils.java:logGet(43)) - raft.server.log.write.buffer.size = 33554432 (custom)
2019-09-19 14:45:06,260 [pool-71-thread-1] INFO  server.RaftServerConfigKeys (ConfUtils.java:logGet(43)) - raft.server.log.force.sync.num = 128 (default)
2019-09-19 14:45:06,260 [pool-71-thread-1] INFO  server.RaftServerConfigKeys (ConfUtils.java:logGet(43)) - raft.server.log.statemachine.data.sync = true (default)
2019-09-19 14:45:06,260 [pool-71-thread-1] INFO  server.RaftServerConfigKeys (ConfUtils.java:logGet(43)) - raft.server.log.statemachine.data.sync.timeout = 10s (default)
2019-09-19 14:45:06,261 [pool-71-thread-1] INFO  server.RaftServerConfigKeys (ConfUtils.java:logGet(43)) - raft.server.log.statemachine.data.sync.timeout.retry = -1 (default)
2019-09-19 14:45:06,261 [pool-71-thread-1] INFO  server.RaftServerConfigKeys (ConfUtils.java:logGet(43)) - raft.server.log.statemachine.data.caching.enabled = true (custom)
2019-09-19 14:45:06,261 [pool-71-thread-1] INFO  segmented.SegmentedRaftLogWorker (SegmentedRaftLogWorker.java:lambda$new$0(132)) - dbc49482-0539-4069-8573-d74be766be9f-SegmentedRaftLogWorker:Storage Directory /workdir/hadoop-ozone/tools/target/test-dir/MiniOzoneClusterImpl-5b0688b1-0324-4107-bf7a-97e067892599/datanode-4/data/ratis/7ae52c82-37a3-4743-8300-f072a4062177: flushIndex: setUnconditionally 0 -> -1
2019-09-19 14:45:06,262 [pool-71-thread-1] INFO  server.RaftServerConfigKeys (ConfUtils.java:logGet(43)) - raft.server.snapshot.auto.trigger.enabled = true (custom)
2019-09-19 14:45:06,262 [pool-71-thread-1] INFO  server.RaftServerConfigKeys (ConfUtils.java:logGet(43)) - raft.server.snapshot.auto.trigger.threshold = 10000 (custom)
2019-09-19 14:45:06,262 [pool-71-thread-1] INFO  server.RaftServerConfigKeys (ConfUtils.java:logGet(43)) - raft.server.retrycache.expirytime = 600000ms (custom)
2019-09-19 14:45:06,262 [pool-71-thread-1] INFO  impl.RaftServerImpl (RaftServerImpl.java:start(180)) - dbc49482-0539-4069-8573-d74be766be9f: start group-F072A4062177
2019-09-19 14:45:06,262 [pool-71-thread-1] INFO  impl.RaftServerImpl (RaftServerImpl.java:setRole(171)) - dbc49482-0539-4069-8573-d74be766be9f:group-F072A4062177 changes role from null to FOLLOWER at term 0 for startAsFollower
2019-09-19 14:45:06,263 [pool-71-thread-1] INFO  impl.RoleInfo (RoleInfo.java:updateAndGet(143)) - dbc49482-0539-4069-8573-d74be766be9f: start FollowerState
2019-09-19 14:45:06,263 [pool-71-thread-1] INFO  util.JmxRegister (JmxRegister.java:tryRegister(44)) - Successfully registered JMX Bean with object name Ratis:service=RaftServer,group=group-F072A4062177,id=dbc49482-0539-4069-8573-d74be766be9f
2019-09-19 14:45:06,277 [RatisPipelineUtilsThread] INFO  pipeline.PipelineStateManager (PipelineStateManager.java:addPipeline(56)) - Created pipeline Pipeline[ Id: 7ae52c82-37a3-4743-8300-f072a4062177, Nodes: dbc49482-0539-4069-8573-d74be766be9f{ip: 192.168.5.132, host: pr-hdds-1569-rzdr8-3403194166, networkLocation: /default-rack, certSerialId: null}, Type:RATIS, Factor:ONE, State:OPEN]
2019-09-19 14:45:06,305 [grpc-default-executor-0] INFO  impl.RaftServerProxy (RaftServerProxy.java:addNew(89)) - 7bb82aea-de54-461a-943d-5c63d8edb395: addNew group-7BBF0F4D336F:[7bb82aea-de54-461a-943d-5c63d8edb395:192.168.5.132:34910] returns group-7BBF0F4D336F:java.util.concurrent.CompletableFuture@63966e8d[Not completed]
2019-09-19 14:45:06,309 [pool-49-thread-1] INFO  impl.RaftServerImpl (RaftServerImpl.java:<init>(93)) - 7bb82aea-de54-461a-943d-5c63d8edb395: new RaftServerImpl for group-7BBF0F4D336F:[7bb82aea-de54-461a-943d-5c63d8edb395:192.168.5.132:34910] with ContainerStateMachine:uninitialized
2019-09-19 14:45:06,309 [pool-49-thread-1] INFO  server.RaftServerConfigKeys (ConfUtils.java:logGet(43)) - raft.server.rpc.timeout.min = 5s (custom)
2019-09-19 14:45:06,309 [pool-49-thread-1] INFO  server.RaftServerConfigKeys (ConfUtils.java:logGet(43)) - raft.server.rpc.timeout.max = 5200ms (custom)
2019-09-19 14:45:06,309 [pool-49-thread-1] INFO  server.RaftServerConfigKeys (ConfUtils.java:logGet(43)) - raft.server.rpcslowness.timeout = 120s (custom)
2019-09-19 14:45:06,310 [pool-49-thread-1] INFO  server.RaftServerConfigKeys (ConfUtils.java:logGet(43)) - raft.server.sleep.deviation.threshold = 300 (default)
2019-09-19 14:45:06,310 [pool-49-thread-1] INFO  server.RaftServerConfigKeys (ConfUtils.java:logGet(43)) - raft.server.log.appender.install.snapshot.enabled = false (custom)
2019-09-19 14:45:06,310 [pool-49-thread-1] INFO  impl.RaftServerImpl (ServerState.java:<init>(105)) - 7bb82aea-de54-461a-943d-5c63d8edb395:group-7BBF0F4D336F ConfigurationManager, init=-1: [7bb82aea-de54-461a-943d-5c63d8edb395:192.168.5.132:34910], old=null, confs=<EMPTY_MAP>
2019-09-19 14:45:06,310 [pool-49-thread-1] INFO  server.RaftServerConfigKeys (ConfUtils.java:logGet(43)) - raft.server.storage.dir = [/workdir/hadoop-ozone/tools/target/test-dir/MiniOzoneClusterImpl-5b0688b1-0324-4107-bf7a-97e067892599/datanode-2/data/ratis] (custom)
2019-09-19 14:45:06,311 [pool-49-thread-1] INFO  storage.RaftStorageDirectory (RaftStorageDirectory.java:analyzeStorage(246)) - The storage directory /workdir/hadoop-ozone/tools/target/test-dir/MiniOzoneClusterImpl-5b0688b1-0324-4107-bf7a-97e067892599/datanode-2/data/ratis/566c3648-68d3-428c-94af-7bbf0f4d336f does not exist. Creating ...
2019-09-19 14:45:06,334 [pool-49-thread-1] INFO  storage.RaftStorageDirectory (RaftStorageDirectory.java:tryLock(328)) - Lock on /workdir/hadoop-ozone/tools/target/test-dir/MiniOzoneClusterImpl-5b0688b1-0324-4107-bf7a-97e067892599/datanode-2/data/ratis/566c3648-68d3-428c-94af-7bbf0f4d336f/in_use.lock acquired by nodename 3767@pr-hdds-1569-rzdr8-3403194166
2019-09-19 14:45:06,356 [pool-49-thread-1] INFO  storage.RaftStorage (RaftStorage.java:format(72)) - Storage directory /workdir/hadoop-ozone/tools/target/test-dir/MiniOzoneClusterImpl-5b0688b1-0324-4107-bf7a-97e067892599/datanode-2/data/ratis/566c3648-68d3-428c-94af-7bbf0f4d336f has been successfully formatted.
2019-09-19 14:45:06,357 [pool-49-thread-1] INFO  ratis.ContainerStateMachine (ContainerStateMachine.java:loadSnapshot(226)) - group-7BBF0F4D336F: The snapshot info is null. Setting the last applied indexto:(t:0, i:~)
2019-09-19 14:45:06,357 [pool-49-thread-1] INFO  server.RaftServerConfigKeys (ConfUtils.java:logGet(43)) - raft.server.leader.election.timeout = 120s (custom)
2019-09-19 14:45:06,357 [pool-49-thread-1] INFO  server.RaftServerConfigKeys (ConfUtils.java:logGet(43)) - raft.server.log.use.memory = false (default)
2019-09-19 14:45:06,357 [pool-49-thread-1] INFO  server.RaftServerConfigKeys (ConfUtils.java:logGet(43)) - raft.server.log.purge.gap = 1000000 (custom)
2019-09-19 14:45:06,358 [pool-49-thread-1] INFO  server.RaftServerConfigKeys (ConfUtils.java:logGet(43)) - raft.server.log.appender.buffer.byte-limit = 33554432 (custom)
2019-09-19 14:45:06,358 [pool-49-thread-1] INFO  server.RaftServerConfigKeys (ConfUtils.java:logGet(43)) - raft.server.log.segment.size.max = 1048576 (custom)
2019-09-19 14:45:06,358 [pool-49-thread-1] INFO  server.RaftServerConfigKeys (ConfUtils.java:logGet(43)) - raft.server.log.segment.cache.num.max = 2 (custom)
2019-09-19 14:45:06,358 [pool-49-thread-1] INFO  segmented.SegmentedRaftLogWorker (SegmentedRaftLogWorker.java:<init>(172)) - new 7bb82aea-de54-461a-943d-5c63d8edb395-SegmentedRaftLogWorker:Storage Directory /workdir/hadoop-ozone/tools/target/test-dir/MiniOzoneClusterImpl-5b0688b1-0324-4107-bf7a-97e067892599/datanode-2/data/ratis/566c3648-68d3-428c-94af-7bbf0f4d336f for RaftStorage:Storage Directory /workdir/hadoop-ozone/tools/target/test-dir/MiniOzoneClusterImpl-5b0688b1-0324-4107-bf7a-97e067892599/datanode-2/data/ratis/566c3648-68d3-428c-94af-7bbf0f4d336f
2019-09-19 14:45:06,358 [pool-49-thread-1] INFO  server.RaftServerConfigKeys (ConfUtils.java:logGet(43)) - raft.server.log.queue.byte-limit = 2147483647 (custom)
2019-09-19 14:45:06,359 [pool-49-thread-1] INFO  server.RaftServerConfigKeys (ConfUtils.java:logGet(43)) - raft.server.log.queue.element-limit = 1024 (custom)
2019-09-19 14:45:06,359 [pool-49-thread-1] INFO  server.RaftServerConfigKeys (ConfUtils.java:logGet(43)) - raft.server.log.segment.size.max = 1048576 (custom)
2019-09-19 14:45:06,359 [pool-49-thread-1] INFO  server.RaftServerConfigKeys (ConfUtils.java:logGet(43)) - raft.server.log.preallocated.size = 16384 (custom)
2019-09-19 14:45:06,359 [pool-49-thread-1] INFO  server.RaftServerConfigKeys (ConfUtils.java:logGet(43)) - raft.server.log.write.buffer.size = 33554432 (custom)
2019-09-19 14:45:06,359 [pool-49-thread-1] INFO  server.RaftServerConfigKeys (ConfUtils.java:logGet(43)) - raft.server.log.force.sync.num = 128 (default)
2019-09-19 14:45:06,360 [pool-49-thread-1] INFO  server.RaftServerConfigKeys (ConfUtils.java:logGet(43)) - raft.server.log.statemachine.data.sync = true (default)
2019-09-19 14:45:06,360 [pool-49-thread-1] INFO  server.RaftServerConfigKeys (ConfUtils.java:logGet(43)) - raft.server.log.statemachine.data.sync.timeout = 10s (default)
2019-09-19 14:45:06,360 [pool-49-thread-1] INFO  server.RaftServerConfigKeys (ConfUtils.java:logGet(43)) - raft.server.log.statemachine.data.sync.timeout.retry = -1 (default)
2019-09-19 14:45:06,360 [pool-49-thread-1] INFO  server.RaftServerConfigKeys (ConfUtils.java:logGet(43)) - raft.server.log.statemachine.data.caching.enabled = true (custom)
2019-09-19 14:45:06,361 [pool-49-thread-1] INFO  segmented.SegmentedRaftLogWorker (SegmentedRaftLogWorker.java:lambda$new$0(132)) - 7bb82aea-de54-461a-943d-5c63d8edb395-SegmentedRaftLogWorker:Storage Directory /workdir/hadoop-ozone/tools/target/test-dir/MiniOzoneClusterImpl-5b0688b1-0324-4107-bf7a-97e067892599/datanode-2/data/ratis/566c3648-68d3-428c-94af-7bbf0f4d336f: flushIndex: setUnconditionally 0 -> -1
2019-09-19 14:45:06,361 [pool-49-thread-1] INFO  server.RaftServerConfigKeys (ConfUtils.java:logGet(43)) - raft.server.snapshot.auto.trigger.enabled = true (custom)
2019-09-19 14:45:06,361 [pool-49-thread-1] INFO  server.RaftServerConfigKeys (ConfUtils.java:logGet(43)) - raft.server.snapshot.auto.trigger.threshold = 10000 (custom)
2019-09-19 14:45:06,362 [pool-49-thread-1] INFO  server.RaftServerConfigKeys (ConfUtils.java:logGet(43)) - raft.server.retrycache.expirytime = 600000ms (custom)
2019-09-19 14:45:06,362 [pool-49-thread-1] INFO  impl.RaftServerImpl (RaftServerImpl.java:start(180)) - 7bb82aea-de54-461a-943d-5c63d8edb395: start group-7BBF0F4D336F
2019-09-19 14:45:06,362 [pool-49-thread-1] INFO  impl.RaftServerImpl (RaftServerImpl.java:setRole(171)) - 7bb82aea-de54-461a-943d-5c63d8edb395:group-7BBF0F4D336F changes role from null to FOLLOWER at term 0 for startAsFollower
2019-09-19 14:45:06,362 [pool-49-thread-1] INFO  impl.RoleInfo (RoleInfo.java:updateAndGet(143)) - 7bb82aea-de54-461a-943d-5c63d8edb395: start FollowerState
2019-09-19 14:45:06,363 [pool-49-thread-1] INFO  util.JmxRegister (JmxRegister.java:tryRegister(44)) - Successfully registered JMX Bean with object name Ratis:service=RaftServer,group=group-7BBF0F4D336F,id=7bb82aea-de54-461a-943d-5c63d8edb395
2019-09-19 14:45:06,374 [RatisPipelineUtilsThread] INFO  pipeline.PipelineStateManager (PipelineStateManager.java:addPipeline(56)) - Created pipeline Pipeline[ Id: 566c3648-68d3-428c-94af-7bbf0f4d336f, Nodes: 7bb82aea-de54-461a-943d-5c63d8edb395{ip: 192.168.5.132, host: pr-hdds-1569-rzdr8-3403194166, networkLocation: /default-rack, certSerialId: null}, Type:RATIS, Factor:ONE, State:OPEN]
2019-09-19 14:45:06,388 [grpc-default-executor-0] INFO  impl.RaftServerProxy (RaftServerProxy.java:addNew(89)) - dbc49482-0539-4069-8573-d74be766be9f: addNew group-0B5C6349301E:[dbc49482-0539-4069-8573-d74be766be9f:192.168.5.132:40388] returns group-0B5C6349301E:java.util.concurrent.CompletableFuture@3c06f4ba[Not completed]
2019-09-19 14:45:06,390 [pool-71-thread-1] INFO  impl.RaftServerImpl (RaftServerImpl.java:<init>(93)) - dbc49482-0539-4069-8573-d74be766be9f: new RaftServerImpl for group-0B5C6349301E:[dbc49482-0539-4069-8573-d74be766be9f:192.168.5.132:40388] with ContainerStateMachine:uninitialized
2019-09-19 14:45:06,391 [pool-71-thread-1] INFO  server.RaftServerConfigKeys (ConfUtils.java:logGet(43)) - raft.server.rpc.timeout.min = 5s (custom)
2019-09-19 14:45:06,391 [pool-71-thread-1] INFO  server.RaftServerConfigKeys (ConfUtils.java:logGet(43)) - raft.server.rpc.timeout.max = 5200ms (custom)
2019-09-19 14:45:06,391 [pool-71-thread-1] INFO  server.RaftServerConfigKeys (ConfUtils.java:logGet(43)) - raft.server.rpcslowness.timeout = 120s (custom)
2019-09-19 14:45:06,391 [pool-71-thread-1] INFO  server.RaftServerConfigKeys (ConfUtils.java:logGet(43)) - raft.server.sleep.deviation.threshold = 300 (default)
2019-09-19 14:45:06,391 [pool-71-thread-1] INFO  server.RaftServerConfigKeys (ConfUtils.java:logGet(43)) - raft.server.log.appender.install.snapshot.enabled = false (custom)
2019-09-19 14:45:06,392 [pool-71-thread-1] INFO  impl.RaftServerImpl (ServerState.java:<init>(105)) - dbc49482-0539-4069-8573-d74be766be9f:group-0B5C6349301E ConfigurationManager, init=-1: [dbc49482-0539-4069-8573-d74be766be9f:192.168.5.132:40388], old=null, confs=<EMPTY_MAP>
2019-09-19 14:45:06,392 [pool-71-thread-1] INFO  server.RaftServerConfigKeys (ConfUtils.java:logGet(43)) - raft.server.storage.dir = [/workdir/hadoop-ozone/tools/target/test-dir/MiniOzoneClusterImpl-5b0688b1-0324-4107-bf7a-97e067892599/datanode-4/data/ratis] (custom)
2019-09-19 14:45:06,393 [pool-71-thread-1] INFO  storage.RaftStorageDirectory (RaftStorageDirectory.java:analyzeStorage(246)) - The storage directory /workdir/hadoop-ozone/tools/target/test-dir/MiniOzoneClusterImpl-5b0688b1-0324-4107-bf7a-97e067892599/datanode-4/data/ratis/aeebc87e-9f1d-496d-ab02-0b5c6349301e does not exist. Creating ...
2019-09-19 14:45:06,405 [pool-71-thread-1] INFO  storage.RaftStorageDirectory (RaftStorageDirectory.java:tryLock(328)) - Lock on /workdir/hadoop-ozone/tools/target/test-dir/MiniOzoneClusterImpl-5b0688b1-0324-4107-bf7a-97e067892599/datanode-4/data/ratis/aeebc87e-9f1d-496d-ab02-0b5c6349301e/in_use.lock acquired by nodename 3767@pr-hdds-1569-rzdr8-3403194166
2019-09-19 14:45:06,440 [pool-71-thread-1] INFO  storage.RaftStorage (RaftStorage.java:format(72)) - Storage directory /workdir/hadoop-ozone/tools/target/test-dir/MiniOzoneClusterImpl-5b0688b1-0324-4107-bf7a-97e067892599/datanode-4/data/ratis/aeebc87e-9f1d-496d-ab02-0b5c6349301e has been successfully formatted.
2019-09-19 14:45:06,440 [pool-71-thread-1] INFO  ratis.ContainerStateMachine (ContainerStateMachine.java:loadSnapshot(226)) - group-0B5C6349301E: The snapshot info is null. Setting the last applied indexto:(t:0, i:~)
2019-09-19 14:45:06,441 [pool-71-thread-1] INFO  server.RaftServerConfigKeys (ConfUtils.java:logGet(43)) - raft.server.leader.election.timeout = 120s (custom)
2019-09-19 14:45:06,441 [pool-71-thread-1] INFO  server.RaftServerConfigKeys (ConfUtils.java:logGet(43)) - raft.server.log.use.memory = false (default)
2019-09-19 14:45:06,441 [pool-71-thread-1] INFO  server.RaftServerConfigKeys (ConfUtils.java:logGet(43)) - raft.server.log.purge.gap = 1000000 (custom)
2019-09-19 14:45:06,441 [pool-71-thread-1] INFO  server.RaftServerConfigKeys (ConfUtils.java:logGet(43)) - raft.server.log.appender.buffer.byte-limit = 33554432 (custom)
2019-09-19 14:45:06,441 [pool-71-thread-1] INFO  server.RaftServerConfigKeys (ConfUtils.java:logGet(43)) - raft.server.log.segment.size.max = 1048576 (custom)
2019-09-19 14:45:06,442 [pool-71-thread-1] INFO  server.RaftServerConfigKeys (ConfUtils.java:logGet(43)) - raft.server.log.segment.cache.num.max = 2 (custom)
2019-09-19 14:45:06,442 [pool-71-thread-1] INFO  segmented.SegmentedRaftLogWorker (SegmentedRaftLogWorker.java:<init>(172)) - new dbc49482-0539-4069-8573-d74be766be9f-SegmentedRaftLogWorker:Storage Directory /workdir/hadoop-ozone/tools/target/test-dir/MiniOzoneClusterImpl-5b0688b1-0324-4107-bf7a-97e067892599/datanode-4/data/ratis/aeebc87e-9f1d-496d-ab02-0b5c6349301e for RaftStorage:Storage Directory /workdir/hadoop-ozone/tools/target/test-dir/MiniOzoneClusterImpl-5b0688b1-0324-4107-bf7a-97e067892599/datanode-4/data/ratis/aeebc87e-9f1d-496d-ab02-0b5c6349301e
2019-09-19 14:45:06,442 [pool-71-thread-1] INFO  server.RaftServerConfigKeys (ConfUtils.java:logGet(43)) - raft.server.log.queue.byte-limit = 2147483647 (custom)
2019-09-19 14:45:06,442 [pool-71-thread-1] INFO  server.RaftServerConfigKeys (ConfUtils.java:logGet(43)) - raft.server.log.queue.element-limit = 1024 (custom)
2019-09-19 14:45:06,443 [pool-71-thread-1] INFO  server.RaftServerConfigKeys (ConfUtils.java:logGet(43)) - raft.server.log.segment.size.max = 1048576 (custom)
2019-09-19 14:45:06,443 [pool-71-thread-1] INFO  server.RaftServerConfigKeys (ConfUtils.java:logGet(43)) - raft.server.log.preallocated.size = 16384 (custom)
2019-09-19 14:45:06,443 [pool-71-thread-1] INFO  server.RaftServerConfigKeys (ConfUtils.java:logGet(43)) - raft.server.log.write.buffer.size = 33554432 (custom)
2019-09-19 14:45:06,443 [pool-71-thread-1] INFO  server.RaftServerConfigKeys (ConfUtils.java:logGet(43)) - raft.server.log.force.sync.num = 128 (default)
2019-09-19 14:45:06,444 [pool-71-thread-1] INFO  server.RaftServerConfigKeys (ConfUtils.java:logGet(43)) - raft.server.log.statemachine.data.sync = true (default)
2019-09-19 14:45:06,444 [pool-71-thread-1] INFO  server.RaftServerConfigKeys (ConfUtils.java:logGet(43)) - raft.server.log.statemachine.data.sync.timeout = 10s (default)
2019-09-19 14:45:06,444 [pool-71-thread-1] INFO  server.RaftServerConfigKeys (ConfUtils.java:logGet(43)) - raft.server.log.statemachine.data.sync.timeout.retry = -1 (default)
2019-09-19 14:45:06,444 [pool-71-thread-1] INFO  server.RaftServerConfigKeys (ConfUtils.java:logGet(43)) - raft.server.log.statemachine.data.caching.enabled = true (custom)
2019-09-19 14:45:06,445 [pool-71-thread-1] INFO  segmented.SegmentedRaftLogWorker (SegmentedRaftLogWorker.java:lambda$new$0(132)) - dbc49482-0539-4069-8573-d74be766be9f-SegmentedRaftLogWorker:Storage Directory /workdir/hadoop-ozone/tools/target/test-dir/MiniOzoneClusterImpl-5b0688b1-0324-4107-bf7a-97e067892599/datanode-4/data/ratis/aeebc87e-9f1d-496d-ab02-0b5c6349301e: flushIndex: setUnconditionally 0 -> -1
2019-09-19 14:45:06,446 [pool-71-thread-1] INFO  server.RaftServerConfigKeys (ConfUtils.java:logGet(43)) - raft.server.snapshot.auto.trigger.enabled = true (custom)
2019-09-19 14:45:06,446 [pool-71-thread-1] INFO  server.RaftServerConfigKeys (ConfUtils.java:logGet(43)) - raft.server.snapshot.auto.trigger.threshold = 10000 (custom)
2019-09-19 14:45:06,446 [pool-71-thread-1] INFO  server.RaftServerConfigKeys (ConfUtils.java:logGet(43)) - raft.server.retrycache.expirytime = 600000ms (custom)
2019-09-19 14:45:06,447 [pool-71-thread-1] INFO  impl.RaftServerImpl (RaftServerImpl.java:start(180)) - dbc49482-0539-4069-8573-d74be766be9f: start group-0B5C6349301E
2019-09-19 14:45:06,447 [pool-71-thread-1] INFO  impl.RaftServerImpl (RaftServerImpl.java:setRole(171)) - dbc49482-0539-4069-8573-d74be766be9f:group-0B5C6349301E changes role from null to FOLLOWER at term 0 for startAsFollower
2019-09-19 14:45:06,447 [pool-71-thread-1] INFO  impl.RoleInfo (RoleInfo.java:updateAndGet(143)) - dbc49482-0539-4069-8573-d74be766be9f: start FollowerState
2019-09-19 14:45:06,448 [pool-71-thread-1] INFO  util.JmxRegister (JmxRegister.java:tryRegister(44)) - Successfully registered JMX Bean with object name Ratis:service=RaftServer,group=group-0B5C6349301E,id=dbc49482-0539-4069-8573-d74be766be9f
2019-09-19 14:45:06,456 [RatisPipelineUtilsThread] INFO  pipeline.PipelineStateManager (PipelineStateManager.java:addPipeline(56)) - Created pipeline Pipeline[ Id: aeebc87e-9f1d-496d-ab02-0b5c6349301e, Nodes: dbc49482-0539-4069-8573-d74be766be9f{ip: 192.168.5.132, host: pr-hdds-1569-rzdr8-3403194166, networkLocation: /default-rack, certSerialId: null}, Type:RATIS, Factor:ONE, State:OPEN]
2019-09-19 14:45:06,465 | INFO  | SCMAudit | user=jenkins1000 | ip=192.168.5.132 | op=SEND_HEARTBEAT {datanodeUUID=a38eeb7b-34bc-498a-82af-c91824ca14e3, command=[]} | ret=SUCCESS |  
2019-09-19 14:45:06,468 [grpc-default-executor-0] INFO  impl.RaftServerProxy (RaftServerProxy.java:addNew(89)) - dbc49482-0539-4069-8573-d74be766be9f: addNew group-3F36C7F2D2A6:[dbc49482-0539-4069-8573-d74be766be9f:192.168.5.132:40388] returns group-3F36C7F2D2A6:java.util.concurrent.CompletableFuture@45841a34[Not completed]
2019-09-19 14:45:06,470 [pool-71-thread-1] INFO  impl.RaftServerImpl (RaftServerImpl.java:<init>(93)) - dbc49482-0539-4069-8573-d74be766be9f: new RaftServerImpl for group-3F36C7F2D2A6:[dbc49482-0539-4069-8573-d74be766be9f:192.168.5.132:40388] with ContainerStateMachine:uninitialized
2019-09-19 14:45:06,470 [pool-71-thread-1] INFO  server.RaftServerConfigKeys (ConfUtils.java:logGet(43)) - raft.server.rpc.timeout.min = 5s (custom)
2019-09-19 14:45:06,470 [pool-71-thread-1] INFO  server.RaftServerConfigKeys (ConfUtils.java:logGet(43)) - raft.server.rpc.timeout.max = 5200ms (custom)
2019-09-19 14:45:06,470 [pool-71-thread-1] INFO  server.RaftServerConfigKeys (ConfUtils.java:logGet(43)) - raft.server.rpcslowness.timeout = 120s (custom)
2019-09-19 14:45:06,470 [pool-71-thread-1] INFO  server.RaftServerConfigKeys (ConfUtils.java:logGet(43)) - raft.server.sleep.deviation.threshold = 300 (default)
2019-09-19 14:45:06,470 [pool-71-thread-1] INFO  server.RaftServerConfigKeys (ConfUtils.java:logGet(43)) - raft.server.log.appender.install.snapshot.enabled = false (custom)
2019-09-19 14:45:06,471 [pool-71-thread-1] INFO  impl.RaftServerImpl (ServerState.java:<init>(105)) - dbc49482-0539-4069-8573-d74be766be9f:group-3F36C7F2D2A6 ConfigurationManager, init=-1: [dbc49482-0539-4069-8573-d74be766be9f:192.168.5.132:40388], old=null, confs=<EMPTY_MAP>
2019-09-19 14:45:06,471 [pool-71-thread-1] INFO  server.RaftServerConfigKeys (ConfUtils.java:logGet(43)) - raft.server.storage.dir = [/workdir/hadoop-ozone/tools/target/test-dir/MiniOzoneClusterImpl-5b0688b1-0324-4107-bf7a-97e067892599/datanode-4/data/ratis] (custom)
2019-09-19 14:45:06,471 [pool-71-thread-1] INFO  storage.RaftStorageDirectory (RaftStorageDirectory.java:analyzeStorage(246)) - The storage directory /workdir/hadoop-ozone/tools/target/test-dir/MiniOzoneClusterImpl-5b0688b1-0324-4107-bf7a-97e067892599/datanode-4/data/ratis/9dbd9a06-a6f6-4b30-8aae-3f36c7f2d2a6 does not exist. Creating ...
2019-09-19 14:45:06,471 [main] INFO  freon.RandomKeyGenerator (RandomKeyGenerator.java:call(275)) - Number of Threads: 10
2019-09-19 14:45:06,472 [main] INFO  freon.RandomKeyGenerator (RandomKeyGenerator.java:call(280)) - Number of Volumes: 1.
2019-09-19 14:45:06,472 [main] INFO  freon.RandomKeyGenerator (RandomKeyGenerator.java:call(281)) - Number of Buckets per Volume: 1.
2019-09-19 14:45:06,473 [main] INFO  freon.RandomKeyGenerator (RandomKeyGenerator.java:call(282)) - Number of Keys per Bucket: 1.
2019-09-19 14:45:06,473 [main] INFO  freon.RandomKeyGenerator (RandomKeyGenerator.java:call(283)) - Key size: 20971520 bytes
2019-09-19 14:45:06,473 [main] INFO  freon.RandomKeyGenerator (RandomKeyGenerator.java:call(284)) - Buffer size: 4096 bytes
2019-09-19 14:45:06,476 [main] INFO  freon.RandomKeyGenerator (RandomKeyGenerator.java:call(298)) - Data validation is enabled.
2019-09-19 14:45:06,478 [main] INFO  freon.RandomKeyGenerator (RandomKeyGenerator.java:call(304)) - Starting progress bar Thread.

 0.00% |█                                                                                                    |  0/1 Time: 0:00:002019-09-19 14:45:06,494 [pool-71-thread-1] INFO  storage.RaftStorageDirectory (RaftStorageDirectory.java:tryLock(328)) - Lock on /workdir/hadoop-ozone/tools/target/test-dir/MiniOzoneClusterImpl-5b0688b1-0324-4107-bf7a-97e067892599/datanode-4/data/ratis/9dbd9a06-a6f6-4b30-8aae-3f36c7f2d2a6/in_use.lock acquired by nodename 3767@pr-hdds-1569-rzdr8-3403194166
2019-09-19 14:45:06,500 [pool-78-thread-1] INFO  rpc.RpcClient (RpcClient.java:createVolume(293)) - Creating Volume: vol-0-62277, with jenkins1000 as owner.
2019-09-19 14:45:06,518 [pool-71-thread-1] INFO  storage.RaftStorage (RaftStorage.java:format(72)) - Storage directory /workdir/hadoop-ozone/tools/target/test-dir/MiniOzoneClusterImpl-5b0688b1-0324-4107-bf7a-97e067892599/datanode-4/data/ratis/9dbd9a06-a6f6-4b30-8aae-3f36c7f2d2a6 has been successfully formatted.
2019-09-19 14:45:06,518 [pool-71-thread-1] INFO  ratis.ContainerStateMachine (ContainerStateMachine.java:loadSnapshot(226)) - group-3F36C7F2D2A6: The snapshot info is null. Setting the last applied indexto:(t:0, i:~)
2019-09-19 14:45:06,518 [pool-71-thread-1] INFO  server.RaftServerConfigKeys (ConfUtils.java:logGet(43)) - raft.server.leader.election.timeout = 120s (custom)
2019-09-19 14:45:06,518 [pool-71-thread-1] INFO  server.RaftServerConfigKeys (ConfUtils.java:logGet(43)) - raft.server.log.use.memory = false (default)
2019-09-19 14:45:06,519 [pool-71-thread-1] INFO  server.RaftServerConfigKeys (ConfUtils.java:logGet(43)) - raft.server.log.purge.gap = 1000000 (custom)
2019-09-19 14:45:06,519 [pool-71-thread-1] INFO  server.RaftServerConfigKeys (ConfUtils.java:logGet(43)) - raft.server.log.appender.buffer.byte-limit = 33554432 (custom)
2019-09-19 14:45:06,519 [pool-71-thread-1] INFO  server.RaftServerConfigKeys (ConfUtils.java:logGet(43)) - raft.server.log.segment.size.max = 1048576 (custom)
2019-09-19 14:45:06,519 [pool-71-thread-1] INFO  server.RaftServerConfigKeys (ConfUtils.java:logGet(43)) - raft.server.log.segment.cache.num.max = 2 (custom)
2019-09-19 14:45:06,519 [pool-71-thread-1] INFO  segmented.SegmentedRaftLogWorker (SegmentedRaftLogWorker.java:<init>(172)) - new dbc49482-0539-4069-8573-d74be766be9f-SegmentedRaftLogWorker:Storage Directory /workdir/hadoop-ozone/tools/target/test-dir/MiniOzoneClusterImpl-5b0688b1-0324-4107-bf7a-97e067892599/datanode-4/data/ratis/9dbd9a06-a6f6-4b30-8aae-3f36c7f2d2a6 for RaftStorage:Storage Directory /workdir/hadoop-ozone/tools/target/test-dir/MiniOzoneClusterImpl-5b0688b1-0324-4107-bf7a-97e067892599/datanode-4/data/ratis/9dbd9a06-a6f6-4b30-8aae-3f36c7f2d2a6
2019-09-19 14:45:06,519 [pool-71-thread-1] INFO  server.RaftServerConfigKeys (ConfUtils.java:logGet(43)) - raft.server.log.queue.byte-limit = 2147483647 (custom)
2019-09-19 14:45:06,520 [pool-71-thread-1] INFO  server.RaftServerConfigKeys (ConfUtils.java:logGet(43)) - raft.server.log.queue.element-limit = 1024 (custom)
2019-09-19 14:45:06,520 [pool-71-thread-1] INFO  server.RaftServerConfigKeys (ConfUtils.java:logGet(43)) - raft.server.log.segment.size.max = 1048576 (custom)
2019-09-19 14:45:06,520 [pool-71-thread-1] INFO  server.RaftServerConfigKeys (ConfUtils.java:logGet(43)) - raft.server.log.preallocated.size = 16384 (custom)
2019-09-19 14:45:06,520 [pool-71-thread-1] INFO  server.RaftServerConfigKeys (ConfUtils.java:logGet(43)) - raft.server.log.write.buffer.size = 33554432 (custom)
2019-09-19 14:45:06,520 [pool-71-thread-1] INFO  server.RaftServerConfigKeys (ConfUtils.java:logGet(43)) - raft.server.log.force.sync.num = 128 (default)
2019-09-19 14:45:06,520 [pool-71-thread-1] INFO  server.RaftServerConfigKeys (ConfUtils.java:logGet(43)) - raft.server.log.statemachine.data.sync = true (default)
2019-09-19 14:45:06,520 [pool-71-thread-1] INFO  server.RaftServerConfigKeys (ConfUtils.java:logGet(43)) - raft.server.log.statemachine.data.sync.timeout = 10s (default)
2019-09-19 14:45:06,521 [pool-71-thread-1] INFO  server.RaftServerConfigKeys (ConfUtils.java:logGet(43)) - raft.server.log.statemachine.data.sync.timeout.retry = -1 (default)
2019-09-19 14:45:06,521 [pool-71-thread-1] INFO  server.RaftServerConfigKeys (ConfUtils.java:logGet(43)) - raft.server.log.statemachine.data.caching.enabled = true (custom)
2019-09-19 14:45:06,519 | INFO  | OMAudit | user=jenkins1000 | ip=127.0.0.1 | op=CREATE_VOLUME {admin=jenkins1000, owner=jenkins1000, volume=vol-0-62277, creationTime=1568904306516, quotaInBytes=1152921504606846976} | ret=SUCCESS |  
2019-09-19 14:45:06,521 [pool-71-thread-1] INFO  segmented.SegmentedRaftLogWorker (SegmentedRaftLogWorker.java:lambda$new$0(132)) - dbc49482-0539-4069-8573-d74be766be9f-SegmentedRaftLogWorker:Storage Directory /workdir/hadoop-ozone/tools/target/test-dir/MiniOzoneClusterImpl-5b0688b1-0324-4107-bf7a-97e067892599/datanode-4/data/ratis/9dbd9a06-a6f6-4b30-8aae-3f36c7f2d2a6: flushIndex: setUnconditionally 0 -> -1
2019-09-19 14:45:06,521 [pool-71-thread-1] INFO  server.RaftServerConfigKeys (ConfUtils.java:logGet(43)) - raft.server.snapshot.auto.trigger.enabled = true (custom)
2019-09-19 14:45:06,522 [pool-71-thread-1] INFO  server.RaftServerConfigKeys (ConfUtils.java:logGet(43)) - raft.server.snapshot.auto.trigger.threshold = 10000 (custom)
2019-09-19 14:45:06,522 [pool-71-thread-1] INFO  server.RaftServerConfigKeys (ConfUtils.java:logGet(43)) - raft.server.retrycache.expirytime = 600000ms (custom)
2019-09-19 14:45:06,523 [pool-71-thread-1] INFO  impl.RaftServerImpl (RaftServerImpl.java:start(180)) - dbc49482-0539-4069-8573-d74be766be9f: start group-3F36C7F2D2A6
2019-09-19 14:45:06,523 [pool-71-thread-1] INFO  impl.RaftServerImpl (RaftServerImpl.java:setRole(171)) - dbc49482-0539-4069-8573-d74be766be9f:group-3F36C7F2D2A6 changes role from null to FOLLOWER at term 0 for startAsFollower
2019-09-19 14:45:06,524 [pool-71-thread-1] INFO  impl.RoleInfo (RoleInfo.java:updateAndGet(143)) - dbc49482-0539-4069-8573-d74be766be9f: start FollowerState
2019-09-19 14:45:06,524 [pool-71-thread-1] INFO  util.JmxRegister (JmxRegister.java:tryRegister(44)) - Successfully registered JMX Bean with object name Ratis:service=RaftServer,group=group-3F36C7F2D2A6,id=dbc49482-0539-4069-8573-d74be766be9f
2019-09-19 14:45:06,537 | INFO  | OMAudit | user=jenkins1000 | ip=127.0.0.1 | op=READ_VOLUME {volume=vol-0-62277} | ret=SUCCESS |  
2019-09-19 14:45:06,538 [RatisPipelineUtilsThread] INFO  pipeline.PipelineStateManager (PipelineStateManager.java:addPipeline(56)) - Created pipeline Pipeline[ Id: 9dbd9a06-a6f6-4b30-8aae-3f36c7f2d2a6, Nodes: dbc49482-0539-4069-8573-d74be766be9f{ip: 192.168.5.132, host: pr-hdds-1569-rzdr8-3403194166, networkLocation: /default-rack, certSerialId: null}, Type:RATIS, Factor:ONE, State:OPEN]
2019-09-19 14:45:06,550 [pool-78-thread-2] INFO  rpc.RpcClient (RpcClient.java:createBucket(432)) - Creating Bucket: vol-0-62277/bucket-0-36901, with Versioning false and Storage Type set to DISK and Encryption set to false 
2019-09-19 14:45:06,551 [grpc-default-executor-0] INFO  impl.RaftServerProxy (RaftServerProxy.java:addNew(89)) - dbc49482-0539-4069-8573-d74be766be9f: addNew group-4D5BA6E081DD:[dbc49482-0539-4069-8573-d74be766be9f:192.168.5.132:40388] returns group-4D5BA6E081DD:java.util.concurrent.CompletableFuture@6cb3cfa9[Not completed]
2019-09-19 14:45:06,553 [pool-71-thread-1] INFO  impl.RaftServerImpl (RaftServerImpl.java:<init>(93)) - dbc49482-0539-4069-8573-d74be766be9f: new RaftServerImpl for group-4D5BA6E081DD:[dbc49482-0539-4069-8573-d74be766be9f:192.168.5.132:40388] with ContainerStateMachine:uninitialized
2019-09-19 14:45:06,554 [pool-71-thread-1] INFO  server.RaftServerConfigKeys (ConfUtils.java:logGet(43)) - raft.server.rpc.timeout.min = 5s (custom)
2019-09-19 14:45:06,554 [pool-71-thread-1] INFO  server.RaftServerConfigKeys (ConfUtils.java:logGet(43)) - raft.server.rpc.timeout.max = 5200ms (custom)
2019-09-19 14:45:06,554 [pool-71-thread-1] INFO  server.RaftServerConfigKeys (ConfUtils.java:logGet(43)) - raft.server.rpcslowness.timeout = 120s (custom)
2019-09-19 14:45:06,554 [pool-71-thread-1] INFO  server.RaftServerConfigKeys (ConfUtils.java:logGet(43)) - raft.server.sleep.deviation.threshold = 300 (default)
2019-09-19 14:45:06,554 [pool-71-thread-1] INFO  server.RaftServerConfigKeys (ConfUtils.java:logGet(43)) - raft.server.log.appender.install.snapshot.enabled = false (custom)
2019-09-19 14:45:06,554 [pool-71-thread-1] INFO  impl.RaftServerImpl (ServerState.java:<init>(105)) - dbc49482-0539-4069-8573-d74be766be9f:group-4D5BA6E081DD ConfigurationManager, init=-1: [dbc49482-0539-4069-8573-d74be766be9f:192.168.5.132:40388], old=null, confs=<EMPTY_MAP>
2019-09-19 14:45:06,554 [pool-71-thread-1] INFO  server.RaftServerConfigKeys (ConfUtils.java:logGet(43)) - raft.server.storage.dir = [/workdir/hadoop-ozone/tools/target/test-dir/MiniOzoneClusterImpl-5b0688b1-0324-4107-bf7a-97e067892599/datanode-4/data/ratis] (custom)
2019-09-19 14:45:06,555 [pool-71-thread-1] INFO  storage.RaftStorageDirectory (RaftStorageDirectory.java:analyzeStorage(246)) - The storage directory /workdir/hadoop-ozone/tools/target/test-dir/MiniOzoneClusterImpl-5b0688b1-0324-4107-bf7a-97e067892599/datanode-4/data/ratis/c535855a-0b15-4809-8188-4d5ba6e081dd does not exist. Creating ...
2019-09-19 14:45:06,566 | INFO  | OMAudit | user=jenkins1000 | ip=127.0.0.1 | op=CREATE_BUCKET {volume=vol-0-62277, bucket=bucket-0-36901, acls=[user:jenkins1000:a[ACCESS], group:default:a[ACCESS]], isVersionEnabled=false, storageType=DISK, creationTime=0} | ret=SUCCESS |  
2019-09-19 14:45:06,572 | INFO  | OMAudit | user=jenkins1000 | ip=127.0.0.1 | op=READ_BUCKET {volume=vol-0-62277, bucket=bucket-0-36901} | ret=SUCCESS |  
2019-09-19 14:45:06,578 [pool-71-thread-1] INFO  storage.RaftStorageDirectory (RaftStorageDirectory.java:tryLock(328)) - Lock on /workdir/hadoop-ozone/tools/target/test-dir/MiniOzoneClusterImpl-5b0688b1-0324-4107-bf7a-97e067892599/datanode-4/data/ratis/c535855a-0b15-4809-8188-4d5ba6e081dd/in_use.lock acquired by nodename 3767@pr-hdds-1569-rzdr8-3403194166
2019-09-19 14:45:06,600 [pool-71-thread-1] INFO  storage.RaftStorage (RaftStorage.java:format(72)) - Storage directory /workdir/hadoop-ozone/tools/target/test-dir/MiniOzoneClusterImpl-5b0688b1-0324-4107-bf7a-97e067892599/datanode-4/data/ratis/c535855a-0b15-4809-8188-4d5ba6e081dd has been successfully formatted.
2019-09-19 14:45:06,601 [pool-71-thread-1] INFO  ratis.ContainerStateMachine (ContainerStateMachine.java:loadSnapshot(226)) - group-4D5BA6E081DD: The snapshot info is null. Setting the last applied indexto:(t:0, i:~)
2019-09-19 14:45:06,601 [pool-71-thread-1] INFO  server.RaftServerConfigKeys (ConfUtils.java:logGet(43)) - raft.server.leader.election.timeout = 120s (custom)
2019-09-19 14:45:06,601 [pool-71-thread-1] INFO  server.RaftServerConfigKeys (ConfUtils.java:logGet(43)) - raft.server.log.use.memory = false (default)
2019-09-19 14:45:06,601 [pool-71-thread-1] INFO  server.RaftServerConfigKeys (ConfUtils.java:logGet(43)) - raft.server.log.purge.gap = 1000000 (custom)
2019-09-19 14:45:06,601 [pool-71-thread-1] INFO  server.RaftServerConfigKeys (ConfUtils.java:logGet(43)) - raft.server.log.appender.buffer.byte-limit = 33554432 (custom)
2019-09-19 14:45:06,602 [pool-71-thread-1] INFO  server.RaftServerConfigKeys (ConfUtils.java:logGet(43)) - raft.server.log.segment.size.max = 1048576 (custom)
2019-09-19 14:45:06,602 [pool-71-thread-1] INFO  server.RaftServerConfigKeys (ConfUtils.java:logGet(43)) - raft.server.log.segment.cache.num.max = 2 (custom)
2019-09-19 14:45:06,602 [pool-71-thread-1] INFO  segmented.SegmentedRaftLogWorker (SegmentedRaftLogWorker.java:<init>(172)) - new dbc49482-0539-4069-8573-d74be766be9f-SegmentedRaftLogWorker:Storage Directory /workdir/hadoop-ozone/tools/target/test-dir/MiniOzoneClusterImpl-5b0688b1-0324-4107-bf7a-97e067892599/datanode-4/data/ratis/c535855a-0b15-4809-8188-4d5ba6e081dd for RaftStorage:Storage Directory /workdir/hadoop-ozone/tools/target/test-dir/MiniOzoneClusterImpl-5b0688b1-0324-4107-bf7a-97e067892599/datanode-4/data/ratis/c535855a-0b15-4809-8188-4d5ba6e081dd
2019-09-19 14:45:06,602 [pool-71-thread-1] INFO  server.RaftServerConfigKeys (ConfUtils.java:logGet(43)) - raft.server.log.queue.byte-limit = 2147483647 (custom)
2019-09-19 14:45:06,602 [pool-71-thread-1] INFO  server.RaftServerConfigKeys (ConfUtils.java:logGet(43)) - raft.server.log.queue.element-limit = 1024 (custom)
2019-09-19 14:45:06,602 [pool-71-thread-1] INFO  server.RaftServerConfigKeys (ConfUtils.java:logGet(43)) - raft.server.log.segment.size.max = 1048576 (custom)
2019-09-19 14:45:06,603 [pool-71-thread-1] INFO  server.RaftServerConfigKeys (ConfUtils.java:logGet(43)) - raft.server.log.preallocated.size = 16384 (custom)
2019-09-19 14:45:06,603 [pool-71-thread-1] INFO  server.RaftServerConfigKeys (ConfUtils.java:logGet(43)) - raft.server.log.write.buffer.size = 33554432 (custom)
2019-09-19 14:45:06,603 [pool-71-thread-1] INFO  server.RaftServerConfigKeys (ConfUtils.java:logGet(43)) - raft.server.log.force.sync.num = 128 (default)
2019-09-19 14:45:06,603 [pool-71-thread-1] INFO  server.RaftServerConfigKeys (ConfUtils.java:logGet(43)) - raft.server.log.statemachine.data.sync = true (default)
2019-09-19 14:45:06,603 [pool-71-thread-1] INFO  server.RaftServerConfigKeys (ConfUtils.java:logGet(43)) - raft.server.log.statemachine.data.sync.timeout = 10s (default)
2019-09-19 14:45:06,603 [pool-71-thread-1] INFO  server.RaftServerConfigKeys (ConfUtils.java:logGet(43)) - raft.server.log.statemachine.data.sync.timeout.retry = -1 (default)
2019-09-19 14:45:06,603 [pool-71-thread-1] INFO  server.RaftServerConfigKeys (ConfUtils.java:logGet(43)) - raft.server.log.statemachine.data.caching.enabled = true (custom)
2019-09-19 14:45:06,604 [pool-71-thread-1] INFO  segmented.SegmentedRaftLogWorker (SegmentedRaftLogWorker.java:lambda$new$0(132)) - dbc49482-0539-4069-8573-d74be766be9f-SegmentedRaftLogWorker:Storage Directory /workdir/hadoop-ozone/tools/target/test-dir/MiniOzoneClusterImpl-5b0688b1-0324-4107-bf7a-97e067892599/datanode-4/data/ratis/c535855a-0b15-4809-8188-4d5ba6e081dd: flushIndex: setUnconditionally 0 -> -1
2019-09-19 14:45:06,604 [pool-71-thread-1] INFO  server.RaftServerConfigKeys (ConfUtils.java:logGet(43)) - raft.server.snapshot.auto.trigger.enabled = true (custom)
2019-09-19 14:45:06,604 [pool-71-thread-1] INFO  server.RaftServerConfigKeys (ConfUtils.java:logGet(43)) - raft.server.snapshot.auto.trigger.threshold = 10000 (custom)
2019-09-19 14:45:06,604 [pool-71-thread-1] INFO  server.RaftServerConfigKeys (ConfUtils.java:logGet(43)) - raft.server.retrycache.expirytime = 600000ms (custom)
2019-09-19 14:45:06,605 [pool-71-thread-1] INFO  impl.RaftServerImpl (RaftServerImpl.java:start(180)) - dbc49482-0539-4069-8573-d74be766be9f: start group-4D5BA6E081DD
2019-09-19 14:45:06,606 [pool-71-thread-1] INFO  impl.RaftServerImpl (RaftServerImpl.java:setRole(171)) - dbc49482-0539-4069-8573-d74be766be9f:group-4D5BA6E081DD changes role from null to FOLLOWER at term 0 for startAsFollower
2019-09-19 14:45:06,609 [pool-71-thread-1] INFO  impl.RoleInfo (RoleInfo.java:updateAndGet(143)) - dbc49482-0539-4069-8573-d74be766be9f: start FollowerState
2019-09-19 14:45:06,609 [pool-71-thread-1] INFO  util.JmxRegister (JmxRegister.java:tryRegister(44)) - Successfully registered JMX Bean with object name Ratis:service=RaftServer,group=group-4D5BA6E081DD,id=dbc49482-0539-4069-8573-d74be766be9f
2019-09-19 14:45:06,617 [RatisPipelineUtilsThread] INFO  pipeline.PipelineStateManager (PipelineStateManager.java:addPipeline(56)) - Created pipeline Pipeline[ Id: c535855a-0b15-4809-8188-4d5ba6e081dd, Nodes: dbc49482-0539-4069-8573-d74be766be9f{ip: 192.168.5.132, host: pr-hdds-1569-rzdr8-3403194166, networkLocation: /default-rack, certSerialId: null}, Type:RATIS, Factor:ONE, State:OPEN]
2019-09-19 14:45:06,628 [grpc-default-executor-0] INFO  impl.RaftServerProxy (RaftServerProxy.java:addNew(89)) - dbc49482-0539-4069-8573-d74be766be9f: addNew group-28B1EBBEF616:[dbc49482-0539-4069-8573-d74be766be9f:192.168.5.132:40388] returns group-28B1EBBEF616:java.util.concurrent.CompletableFuture@2b775654[Not completed]
2019-09-19 14:45:06,630 [pool-71-thread-1] INFO  impl.RaftServerImpl (RaftServerImpl.java:<init>(93)) - dbc49482-0539-4069-8573-d74be766be9f: new RaftServerImpl for group-28B1EBBEF616:[dbc49482-0539-4069-8573-d74be766be9f:192.168.5.132:40388] with ContainerStateMachine:uninitialized
2019-09-19 14:45:06,630 [pool-71-thread-1] INFO  server.RaftServerConfigKeys (ConfUtils.java:logGet(43)) - raft.server.rpc.timeout.min = 5s (custom)
2019-09-19 14:45:06,630 [pool-71-thread-1] INFO  server.RaftServerConfigKeys (ConfUtils.java:logGet(43)) - raft.server.rpc.timeout.max = 5200ms (custom)
2019-09-19 14:45:06,630 [pool-71-thread-1] INFO  server.RaftServerConfigKeys (ConfUtils.java:logGet(43)) - raft.server.rpcslowness.timeout = 120s (custom)
2019-09-19 14:45:06,630 [pool-71-thread-1] INFO  server.RaftServerConfigKeys (ConfUtils.java:logGet(43)) - raft.server.sleep.deviation.threshold = 300 (default)
2019-09-19 14:45:06,630 [pool-71-thread-1] INFO  server.RaftServerConfigKeys (ConfUtils.java:logGet(43)) - raft.server.log.appender.install.snapshot.enabled = false (custom)
2019-09-19 14:45:06,630 [pool-71-thread-1] INFO  impl.RaftServerImpl (ServerState.java:<init>(105)) - dbc49482-0539-4069-8573-d74be766be9f:group-28B1EBBEF616 ConfigurationManager, init=-1: [dbc49482-0539-4069-8573-d74be766be9f:192.168.5.132:40388], old=null, confs=<EMPTY_MAP>
2019-09-19 14:45:06,630 [pool-71-thread-1] INFO  server.RaftServerConfigKeys (ConfUtils.java:logGet(43)) - raft.server.storage.dir = [/workdir/hadoop-ozone/tools/target/test-dir/MiniOzoneClusterImpl-5b0688b1-0324-4107-bf7a-97e067892599/datanode-4/data/ratis] (custom)
2019-09-19 14:45:06,631 [pool-71-thread-1] INFO  storage.RaftStorageDirectory (RaftStorageDirectory.java:analyzeStorage(246)) - The storage directory /workdir/hadoop-ozone/tools/target/test-dir/MiniOzoneClusterImpl-5b0688b1-0324-4107-bf7a-97e067892599/datanode-4/data/ratis/dd32a968-a36e-47eb-ada4-28b1ebbef616 does not exist. Creating ...
2019-09-19 14:45:06,653 [pool-71-thread-1] INFO  storage.RaftStorageDirectory (RaftStorageDirectory.java:tryLock(328)) - Lock on /workdir/hadoop-ozone/tools/target/test-dir/MiniOzoneClusterImpl-5b0688b1-0324-4107-bf7a-97e067892599/datanode-4/data/ratis/dd32a968-a36e-47eb-ada4-28b1ebbef616/in_use.lock acquired by nodename 3767@pr-hdds-1569-rzdr8-3403194166
2019-09-19 14:45:06,676 [pool-71-thread-1] INFO  storage.RaftStorage (RaftStorage.java:format(72)) - Storage directory /workdir/hadoop-ozone/tools/target/test-dir/MiniOzoneClusterImpl-5b0688b1-0324-4107-bf7a-97e067892599/datanode-4/data/ratis/dd32a968-a36e-47eb-ada4-28b1ebbef616 has been successfully formatted.
2019-09-19 14:45:06,676 [pool-71-thread-1] INFO  ratis.ContainerStateMachine (ContainerStateMachine.java:loadSnapshot(226)) - group-28B1EBBEF616: The snapshot info is null. Setting the last applied indexto:(t:0, i:~)
2019-09-19 14:45:06,676 [pool-71-thread-1] INFO  server.RaftServerConfigKeys (ConfUtils.java:logGet(43)) - raft.server.leader.election.timeout = 120s (custom)
2019-09-19 14:45:06,677 [pool-71-thread-1] INFO  server.RaftServerConfigKeys (ConfUtils.java:logGet(43)) - raft.server.log.use.memory = false (default)
2019-09-19 14:45:06,677 [pool-71-thread-1] INFO  server.RaftServerConfigKeys (ConfUtils.java:logGet(43)) - raft.server.log.purge.gap = 1000000 (custom)
2019-09-19 14:45:06,677 [pool-71-thread-1] INFO  server.RaftServerConfigKeys (ConfUtils.java:logGet(43)) - raft.server.log.appender.buffer.byte-limit = 33554432 (custom)
2019-09-19 14:45:06,677 [pool-71-thread-1] INFO  server.RaftServerConfigKeys (ConfUtils.java:logGet(43)) - raft.server.log.segment.size.max = 1048576 (custom)
2019-09-19 14:45:06,677 [pool-71-thread-1] INFO  server.RaftServerConfigKeys (ConfUtils.java:logGet(43)) - raft.server.log.segment.cache.num.max = 2 (custom)
2019-09-19 14:45:06,677 [pool-71-thread-1] INFO  segmented.SegmentedRaftLogWorker (SegmentedRaftLogWorker.java:<init>(172)) - new dbc49482-0539-4069-8573-d74be766be9f-SegmentedRaftLogWorker:Storage Directory /workdir/hadoop-ozone/tools/target/test-dir/MiniOzoneClusterImpl-5b0688b1-0324-4107-bf7a-97e067892599/datanode-4/data/ratis/dd32a968-a36e-47eb-ada4-28b1ebbef616 for RaftStorage:Storage Directory /workdir/hadoop-ozone/tools/target/test-dir/MiniOzoneClusterImpl-5b0688b1-0324-4107-bf7a-97e067892599/datanode-4/data/ratis/dd32a968-a36e-47eb-ada4-28b1ebbef616
2019-09-19 14:45:06,678 [pool-71-thread-1] INFO  server.RaftServerConfigKeys (ConfUtils.java:logGet(43)) - raft.server.log.queue.byte-limit = 2147483647 (custom)
2019-09-19 14:45:06,678 [pool-71-thread-1] INFO  server.RaftServerConfigKeys (ConfUtils.java:logGet(43)) - raft.server.log.queue.element-limit = 1024 (custom)
2019-09-19 14:45:06,678 [pool-71-thread-1] INFO  server.RaftServerConfigKeys (ConfUtils.java:logGet(43)) - raft.server.log.segment.size.max = 1048576 (custom)
2019-09-19 14:45:06,678 [pool-71-thread-1] INFO  server.RaftServerConfigKeys (ConfUtils.java:logGet(43)) - raft.server.log.preallocated.size = 16384 (custom)
2019-09-19 14:45:06,678 [pool-71-thread-1] INFO  server.RaftServerConfigKeys (ConfUtils.java:logGet(43)) - raft.server.log.write.buffer.size = 33554432 (custom)
2019-09-19 14:45:06,678 [pool-71-thread-1] INFO  server.RaftServerConfigKeys (ConfUtils.java:logGet(43)) - raft.server.log.force.sync.num = 128 (default)
2019-09-19 14:45:06,679 [pool-71-thread-1] INFO  server.RaftServerConfigKeys (ConfUtils.java:logGet(43)) - raft.server.log.statemachine.data.sync = true (default)
2019-09-19 14:45:06,679 [pool-71-thread-1] INFO  server.RaftServerConfigKeys (ConfUtils.java:logGet(43)) - raft.server.log.statemachine.data.sync.timeout = 10s (default)
2019-09-19 14:45:06,679 [pool-71-thread-1] INFO  server.RaftServerConfigKeys (ConfUtils.java:logGet(43)) - raft.server.log.statemachine.data.sync.timeout.retry = -1 (default)
2019-09-19 14:45:06,679 [pool-71-thread-1] INFO  server.RaftServerConfigKeys (ConfUtils.java:logGet(43)) - raft.server.log.statemachine.data.caching.enabled = true (custom)
2019-09-19 14:45:06,679 [pool-71-thread-1] INFO  segmented.SegmentedRaftLogWorker (SegmentedRaftLogWorker.java:lambda$new$0(132)) - dbc49482-0539-4069-8573-d74be766be9f-SegmentedRaftLogWorker:Storage Directory /workdir/hadoop-ozone/tools/target/test-dir/MiniOzoneClusterImpl-5b0688b1-0324-4107-bf7a-97e067892599/datanode-4/data/ratis/dd32a968-a36e-47eb-ada4-28b1ebbef616: flushIndex: setUnconditionally 0 -> -1
2019-09-19 14:45:06,680 [pool-71-thread-1] INFO  server.RaftServerConfigKeys (ConfUtils.java:logGet(43)) - raft.server.snapshot.auto.trigger.enabled = true (custom)
2019-09-19 14:45:06,680 [pool-71-thread-1] INFO  server.RaftServerConfigKeys (ConfUtils.java:logGet(43)) - raft.server.snapshot.auto.trigger.threshold = 10000 (custom)
2019-09-19 14:45:06,680 [pool-71-thread-1] INFO  server.RaftServerConfigKeys (ConfUtils.java:logGet(43)) - raft.server.retrycache.expirytime = 600000ms (custom)
2019-09-19 14:45:06,680 [pool-71-thread-1] INFO  impl.RaftServerImpl (RaftServerImpl.java:start(180)) - dbc49482-0539-4069-8573-d74be766be9f: start group-28B1EBBEF616
2019-09-19 14:45:06,680 [pool-71-thread-1] INFO  impl.RaftServerImpl (RaftServerImpl.java:setRole(171)) - dbc49482-0539-4069-8573-d74be766be9f:group-28B1EBBEF616 changes role from null to FOLLOWER at term 0 for startAsFollower
2019-09-19 14:45:06,681 [pool-71-thread-1] INFO  impl.RoleInfo (RoleInfo.java:updateAndGet(143)) - dbc49482-0539-4069-8573-d74be766be9f: start FollowerState
2019-09-19 14:45:06,681 [pool-71-thread-1] INFO  util.JmxRegister (JmxRegister.java:tryRegister(44)) - Successfully registered JMX Bean with object name Ratis:service=RaftServer,group=group-28B1EBBEF616,id=dbc49482-0539-4069-8573-d74be766be9f
2019-09-19 14:45:06,692 [RatisPipelineUtilsThread] INFO  pipeline.PipelineStateManager (PipelineStateManager.java:addPipeline(56)) - Created pipeline Pipeline[ Id: dd32a968-a36e-47eb-ada4-28b1ebbef616, Nodes: dbc49482-0539-4069-8573-d74be766be9f{ip: 192.168.5.132, host: pr-hdds-1569-rzdr8-3403194166, networkLocation: /default-rack, certSerialId: null}, Type:RATIS, Factor:ONE, State:OPEN]
2019-09-19 14:45:06,694 [RatisPipelineUtilsThread] ERROR pipeline.PipelinePlacementPolicy (PipelinePlacementPolicy.java:meetCriteria(91)) - Pipeline Placement: Doesn't meet the criteria to be viable node. Heaviness: 6
2019-09-19 14:45:06,706 [grpc-default-executor-0] INFO  impl.RaftServerProxy (RaftServerProxy.java:addNew(89)) - 7bb82aea-de54-461a-943d-5c63d8edb395: addNew group-06618E9BD883:[7bb82aea-de54-461a-943d-5c63d8edb395:192.168.5.132:34910] returns group-06618E9BD883:java.util.concurrent.CompletableFuture@644b516a[Not completed]
2019-09-19 14:45:06,708 [pool-49-thread-1] INFO  impl.RaftServerImpl (RaftServerImpl.java:<init>(93)) - 7bb82aea-de54-461a-943d-5c63d8edb395: new RaftServerImpl for group-06618E9BD883:[7bb82aea-de54-461a-943d-5c63d8edb395:192.168.5.132:34910] with ContainerStateMachine:uninitialized
2019-09-19 14:45:06,708 [pool-49-thread-1] INFO  server.RaftServerConfigKeys (ConfUtils.java:logGet(43)) - raft.server.rpc.timeout.min = 5s (custom)
2019-09-19 14:45:06,708 [pool-49-thread-1] INFO  server.RaftServerConfigKeys (ConfUtils.java:logGet(43)) - raft.server.rpc.timeout.max = 5200ms (custom)
2019-09-19 14:45:06,708 [pool-49-thread-1] INFO  server.RaftServerConfigKeys (ConfUtils.java:logGet(43)) - raft.server.rpcslowness.timeout = 120s (custom)
2019-09-19 14:45:06,708 [pool-49-thread-1] INFO  server.RaftServerConfigKeys (ConfUtils.java:logGet(43)) - raft.server.sleep.deviation.threshold = 300 (default)
2019-09-19 14:45:06,709 [pool-49-thread-1] INFO  server.RaftServerConfigKeys (ConfUtils.java:logGet(43)) - raft.server.log.appender.install.snapshot.enabled = false (custom)
2019-09-19 14:45:06,709 [pool-49-thread-1] INFO  impl.RaftServerImpl (ServerState.java:<init>(105)) - 7bb82aea-de54-461a-943d-5c63d8edb395:group-06618E9BD883 ConfigurationManager, init=-1: [7bb82aea-de54-461a-943d-5c63d8edb395:192.168.5.132:34910], old=null, confs=<EMPTY_MAP>
2019-09-19 14:45:06,709 [pool-49-thread-1] INFO  server.RaftServerConfigKeys (ConfUtils.java:logGet(43)) - raft.server.storage.dir = [/workdir/hadoop-ozone/tools/target/test-dir/MiniOzoneClusterImpl-5b0688b1-0324-4107-bf7a-97e067892599/datanode-2/data/ratis] (custom)
2019-09-19 14:45:06,709 [pool-49-thread-1] INFO  storage.RaftStorageDirectory (RaftStorageDirectory.java:analyzeStorage(246)) - The storage directory /workdir/hadoop-ozone/tools/target/test-dir/MiniOzoneClusterImpl-5b0688b1-0324-4107-bf7a-97e067892599/datanode-2/data/ratis/74665f80-e416-4853-96e5-06618e9bd883 does not exist. Creating ...
2019-09-19 14:45:06,755 [pool-49-thread-1] INFO  storage.RaftStorageDirectory (RaftStorageDirectory.java:tryLock(328)) - Lock on /workdir/hadoop-ozone/tools/target/test-dir/MiniOzoneClusterImpl-5b0688b1-0324-4107-bf7a-97e067892599/datanode-2/data/ratis/74665f80-e416-4853-96e5-06618e9bd883/in_use.lock acquired by nodename 3767@pr-hdds-1569-rzdr8-3403194166
2019-09-19 14:45:06,780 [pool-49-thread-1] INFO  storage.RaftStorage (RaftStorage.java:format(72)) - Storage directory /workdir/hadoop-ozone/tools/target/test-dir/MiniOzoneClusterImpl-5b0688b1-0324-4107-bf7a-97e067892599/datanode-2/data/ratis/74665f80-e416-4853-96e5-06618e9bd883 has been successfully formatted.
2019-09-19 14:45:06,781 [pool-49-thread-1] INFO  ratis.ContainerStateMachine (ContainerStateMachine.java:loadSnapshot(226)) - group-06618E9BD883: The snapshot info is null. Setting the last applied indexto:(t:0, i:~)
2019-09-19 14:45:06,781 [pool-49-thread-1] INFO  server.RaftServerConfigKeys (ConfUtils.java:logGet(43)) - raft.server.leader.election.timeout = 120s (custom)
2019-09-19 14:45:06,781 [pool-49-thread-1] INFO  server.RaftServerConfigKeys (ConfUtils.java:logGet(43)) - raft.server.log.use.memory = false (default)
2019-09-19 14:45:06,781 [pool-49-thread-1] INFO  server.RaftServerConfigKeys (ConfUtils.java:logGet(43)) - raft.server.log.purge.gap = 1000000 (custom)
2019-09-19 14:45:06,782 [pool-49-thread-1] INFO  server.RaftServerConfigKeys (ConfUtils.java:logGet(43)) - raft.server.log.appender.buffer.byte-limit = 33554432 (custom)
2019-09-19 14:45:06,782 [pool-49-thread-1] INFO  server.RaftServerConfigKeys (ConfUtils.java:logGet(43)) - raft.server.log.segment.size.max = 1048576 (custom)
2019-09-19 14:45:06,782 [pool-49-thread-1] INFO  server.RaftServerConfigKeys (ConfUtils.java:logGet(43)) - raft.server.log.segment.cache.num.max = 2 (custom)
2019-09-19 14:45:06,782 [pool-49-thread-1] INFO  segmented.SegmentedRaftLogWorker (SegmentedRaftLogWorker.java:<init>(172)) - new 7bb82aea-de54-461a-943d-5c63d8edb395-SegmentedRaftLogWorker:Storage Directory /workdir/hadoop-ozone/tools/target/test-dir/MiniOzoneClusterImpl-5b0688b1-0324-4107-bf7a-97e067892599/datanode-2/data/ratis/74665f80-e416-4853-96e5-06618e9bd883 for RaftStorage:Storage Directory /workdir/hadoop-ozone/tools/target/test-dir/MiniOzoneClusterImpl-5b0688b1-0324-4107-bf7a-97e067892599/datanode-2/data/ratis/74665f80-e416-4853-96e5-06618e9bd883
2019-09-19 14:45:06,782 [pool-49-thread-1] INFO  server.RaftServerConfigKeys (ConfUtils.java:logGet(43)) - raft.server.log.queue.byte-limit = 2147483647 (custom)
2019-09-19 14:45:06,783 [pool-49-thread-1] INFO  server.RaftServerConfigKeys (ConfUtils.java:logGet(43)) - raft.server.log.queue.element-limit = 1024 (custom)
2019-09-19 14:45:06,783 [pool-49-thread-1] INFO  server.RaftServerConfigKeys (ConfUtils.java:logGet(43)) - raft.server.log.segment.size.max = 1048576 (custom)
2019-09-19 14:45:06,783 [pool-49-thread-1] INFO  server.RaftServerConfigKeys (ConfUtils.java:logGet(43)) - raft.server.log.preallocated.size = 16384 (custom)
2019-09-19 14:45:06,783 [pool-49-thread-1] INFO  server.RaftServerConfigKeys (ConfUtils.java:logGet(43)) - raft.server.log.write.buffer.size = 33554432 (custom)
2019-09-19 14:45:06,783 [pool-49-thread-1] INFO  server.RaftServerConfigKeys (ConfUtils.java:logGet(43)) - raft.server.log.force.sync.num = 128 (default)
2019-09-19 14:45:06,784 [pool-49-thread-1] INFO  server.RaftServerConfigKeys (ConfUtils.java:logGet(43)) - raft.server.log.statemachine.data.sync = true (default)
2019-09-19 14:45:06,784 [pool-49-thread-1] INFO  server.RaftServerConfigKeys (ConfUtils.java:logGet(43)) - raft.server.log.statemachine.data.sync.timeout = 10s (default)
2019-09-19 14:45:06,784 [pool-49-thread-1] INFO  server.RaftServerConfigKeys (ConfUtils.java:logGet(43)) - raft.server.log.statemachine.data.sync.timeout.retry = -1 (default)
2019-09-19 14:45:06,784 [pool-49-thread-1] INFO  server.RaftServerConfigKeys (ConfUtils.java:logGet(43)) - raft.server.log.statemachine.data.caching.enabled = true (custom)
2019-09-19 14:45:06,785 [pool-49-thread-1] INFO  segmented.SegmentedRaftLogWorker (SegmentedRaftLogWorker.java:lambda$new$0(132)) - 7bb82aea-de54-461a-943d-5c63d8edb395-SegmentedRaftLogWorker:Storage Directory /workdir/hadoop-ozone/tools/target/test-dir/MiniOzoneClusterImpl-5b0688b1-0324-4107-bf7a-97e067892599/datanode-2/data/ratis/74665f80-e416-4853-96e5-06618e9bd883: flushIndex: setUnconditionally 0 -> -1
2019-09-19 14:45:06,785 [pool-49-thread-1] INFO  server.RaftServerConfigKeys (ConfUtils.java:logGet(43)) - raft.server.snapshot.auto.trigger.enabled = true (custom)
2019-09-19 14:45:06,785 [pool-49-thread-1] INFO  server.RaftServerConfigKeys (ConfUtils.java:logGet(43)) - raft.server.snapshot.auto.trigger.threshold = 10000 (custom)
2019-09-19 14:45:06,785 [pool-49-thread-1] INFO  server.RaftServerConfigKeys (ConfUtils.java:logGet(43)) - raft.server.retrycache.expirytime = 600000ms (custom)
2019-09-19 14:45:06,786 [pool-49-thread-1] INFO  impl.RaftServerImpl (RaftServerImpl.java:start(180)) - 7bb82aea-de54-461a-943d-5c63d8edb395: start group-06618E9BD883
2019-09-19 14:45:06,786 [pool-49-thread-1] INFO  impl.RaftServerImpl (RaftServerImpl.java:setRole(171)) - 7bb82aea-de54-461a-943d-5c63d8edb395:group-06618E9BD883 changes role from null to FOLLOWER at term 0 for startAsFollower
2019-09-19 14:45:06,786 [pool-49-thread-1] INFO  impl.RoleInfo (RoleInfo.java:updateAndGet(143)) - 7bb82aea-de54-461a-943d-5c63d8edb395: start FollowerState
2019-09-19 14:45:06,787 [pool-49-thread-1] INFO  util.JmxRegister (JmxRegister.java:tryRegister(44)) - Successfully registered JMX Bean with object name Ratis:service=RaftServer,group=group-06618E9BD883,id=7bb82aea-de54-461a-943d-5c63d8edb395
2019-09-19 14:45:06,797 [RatisPipelineUtilsThread] INFO  pipeline.PipelineStateManager (PipelineStateManager.java:addPipeline(56)) - Created pipeline Pipeline[ Id: 74665f80-e416-4853-96e5-06618e9bd883, Nodes: 7bb82aea-de54-461a-943d-5c63d8edb395{ip: 192.168.5.132, host: pr-hdds-1569-rzdr8-3403194166, networkLocation: /default-rack, certSerialId: null}, Type:RATIS, Factor:ONE, State:OPEN]
2019-09-19 14:45:06,799 [RatisPipelineUtilsThread] ERROR pipeline.PipelinePlacementPolicy (PipelinePlacementPolicy.java:meetCriteria(91)) - Pipeline Placement: Doesn't meet the criteria to be viable node. Heaviness: 6
2019-09-19 14:45:06,816 [grpc-default-executor-0] INFO  impl.RaftServerProxy (RaftServerProxy.java:addNew(89)) - 7bb82aea-de54-461a-943d-5c63d8edb395: addNew group-70166748A2F8:[7bb82aea-de54-461a-943d-5c63d8edb395:192.168.5.132:34910] returns group-70166748A2F8:java.util.concurrent.CompletableFuture@6ab8b0c[Not completed]
2019-09-19 14:45:06,818 [pool-49-thread-1] INFO  impl.RaftServerImpl (RaftServerImpl.java:<init>(93)) - 7bb82aea-de54-461a-943d-5c63d8edb395: new RaftServerImpl for group-70166748A2F8:[7bb82aea-de54-461a-943d-5c63d8edb395:192.168.5.132:34910] with ContainerStateMachine:uninitialized
2019-09-19 14:45:06,818 [pool-49-thread-1] INFO  server.RaftServerConfigKeys (ConfUtils.java:logGet(43)) - raft.server.rpc.timeout.min = 5s (custom)
2019-09-19 14:45:06,818 [pool-49-thread-1] INFO  server.RaftServerConfigKeys (ConfUtils.java:logGet(43)) - raft.server.rpc.timeout.max = 5200ms (custom)
2019-09-19 14:45:06,818 [pool-49-thread-1] INFO  server.RaftServerConfigKeys (ConfUtils.java:logGet(43)) - raft.server.rpcslowness.timeout = 120s (custom)
2019-09-19 14:45:06,819 [pool-49-thread-1] INFO  server.RaftServerConfigKeys (ConfUtils.java:logGet(43)) - raft.server.sleep.deviation.threshold = 300 (default)
2019-09-19 14:45:06,819 [pool-49-thread-1] INFO  server.RaftServerConfigKeys (ConfUtils.java:logGet(43)) - raft.server.log.appender.install.snapshot.enabled = false (custom)
2019-09-19 14:45:06,819 [pool-49-thread-1] INFO  impl.RaftServerImpl (ServerState.java:<init>(105)) - 7bb82aea-de54-461a-943d-5c63d8edb395:group-70166748A2F8 ConfigurationManager, init=-1: [7bb82aea-de54-461a-943d-5c63d8edb395:192.168.5.132:34910], old=null, confs=<EMPTY_MAP>
2019-09-19 14:45:06,819 [pool-49-thread-1] INFO  server.RaftServerConfigKeys (ConfUtils.java:logGet(43)) - raft.server.storage.dir = [/workdir/hadoop-ozone/tools/target/test-dir/MiniOzoneClusterImpl-5b0688b1-0324-4107-bf7a-97e067892599/datanode-2/data/ratis] (custom)
2019-09-19 14:45:06,819 [pool-49-thread-1] INFO  storage.RaftStorageDirectory (RaftStorageDirectory.java:analyzeStorage(246)) - The storage directory /workdir/hadoop-ozone/tools/target/test-dir/MiniOzoneClusterImpl-5b0688b1-0324-4107-bf7a-97e067892599/datanode-2/data/ratis/5e1365f2-c1bd-4a06-ab1e-70166748a2f8 does not exist. Creating ...
2019-09-19 14:45:06,847 [pool-49-thread-1] INFO  storage.RaftStorageDirectory (RaftStorageDirectory.java:tryLock(328)) - Lock on /workdir/hadoop-ozone/tools/target/test-dir/MiniOzoneClusterImpl-5b0688b1-0324-4107-bf7a-97e067892599/datanode-2/data/ratis/5e1365f2-c1bd-4a06-ab1e-70166748a2f8/in_use.lock acquired by nodename 3767@pr-hdds-1569-rzdr8-3403194166
2019-09-19 14:45:06,873 [pool-49-thread-1] INFO  storage.RaftStorage (RaftStorage.java:format(72)) - Storage directory /workdir/hadoop-ozone/tools/target/test-dir/MiniOzoneClusterImpl-5b0688b1-0324-4107-bf7a-97e067892599/datanode-2/data/ratis/5e1365f2-c1bd-4a06-ab1e-70166748a2f8 has been successfully formatted.
2019-09-19 14:45:06,873 [pool-49-thread-1] INFO  ratis.ContainerStateMachine (ContainerStateMachine.java:loadSnapshot(226)) - group-70166748A2F8: The snapshot info is null. Setting the last applied indexto:(t:0, i:~)
2019-09-19 14:45:06,873 [pool-49-thread-1] INFO  server.RaftServerConfigKeys (ConfUtils.java:logGet(43)) - raft.server.leader.election.timeout = 120s (custom)
2019-09-19 14:45:06,873 [pool-49-thread-1] INFO  server.RaftServerConfigKeys (ConfUtils.java:logGet(43)) - raft.server.log.use.memory = false (default)
2019-09-19 14:45:06,874 [pool-49-thread-1] INFO  server.RaftServerConfigKeys (ConfUtils.java:logGet(43)) - raft.server.log.purge.gap = 1000000 (custom)
2019-09-19 14:45:06,874 [pool-49-thread-1] INFO  server.RaftServerConfigKeys (ConfUtils.java:logGet(43)) - raft.server.log.appender.buffer.byte-limit = 33554432 (custom)
2019-09-19 14:45:06,874 [pool-49-thread-1] INFO  server.RaftServerConfigKeys (ConfUtils.java:logGet(43)) - raft.server.log.segment.size.max = 1048576 (custom)
2019-09-19 14:45:06,874 [pool-49-thread-1] INFO  server.RaftServerConfigKeys (ConfUtils.java:logGet(43)) - raft.server.log.segment.cache.num.max = 2 (custom)
2019-09-19 14:45:06,874 [pool-49-thread-1] INFO  segmented.SegmentedRaftLogWorker (SegmentedRaftLogWorker.java:<init>(172)) - new 7bb82aea-de54-461a-943d-5c63d8edb395-SegmentedRaftLogWorker:Storage Directory /workdir/hadoop-ozone/tools/target/test-dir/MiniOzoneClusterImpl-5b0688b1-0324-4107-bf7a-97e067892599/datanode-2/data/ratis/5e1365f2-c1bd-4a06-ab1e-70166748a2f8 for RaftStorage:Storage Directory /workdir/hadoop-ozone/tools/target/test-dir/MiniOzoneClusterImpl-5b0688b1-0324-4107-bf7a-97e067892599/datanode-2/data/ratis/5e1365f2-c1bd-4a06-ab1e-70166748a2f8
2019-09-19 14:45:06,875 [pool-49-thread-1] INFO  server.RaftServerConfigKeys (ConfUtils.java:logGet(43)) - raft.server.log.queue.byte-limit = 2147483647 (custom)
2019-09-19 14:45:06,875 [pool-49-thread-1] INFO  server.RaftServerConfigKeys (ConfUtils.java:logGet(43)) - raft.server.log.queue.element-limit = 1024 (custom)
2019-09-19 14:45:06,875 [pool-49-thread-1] INFO  server.RaftServerConfigKeys (ConfUtils.java:logGet(43)) - raft.server.log.segment.size.max = 1048576 (custom)
2019-09-19 14:45:06,875 [pool-49-thread-1] INFO  server.RaftServerConfigKeys (ConfUtils.java:logGet(43)) - raft.server.log.preallocated.size = 16384 (custom)
2019-09-19 14:45:06,875 [pool-49-thread-1] INFO  server.RaftServerConfigKeys (ConfUtils.java:logGet(43)) - raft.server.log.write.buffer.size = 33554432 (custom)
2019-09-19 14:45:06,875 [pool-49-thread-1] INFO  server.RaftServerConfigKeys (ConfUtils.java:logGet(43)) - raft.server.log.force.sync.num = 128 (default)
2019-09-19 14:45:06,875 [pool-49-thread-1] INFO  server.RaftServerConfigKeys (ConfUtils.java:logGet(43)) - raft.server.log.statemachine.data.sync = true (default)
2019-09-19 14:45:06,876 [pool-49-thread-1] INFO  server.RaftServerConfigKeys (ConfUtils.java:logGet(43)) - raft.server.log.statemachine.data.sync.timeout = 10s (default)
2019-09-19 14:45:06,876 [pool-49-thread-1] INFO  server.RaftServerConfigKeys (ConfUtils.java:logGet(43)) - raft.server.log.statemachine.data.sync.timeout.retry = -1 (default)
2019-09-19 14:45:06,876 [pool-49-thread-1] INFO  server.RaftServerConfigKeys (ConfUtils.java:logGet(43)) - raft.server.log.statemachine.data.caching.enabled = true (custom)
2019-09-19 14:45:06,876 [pool-49-thread-1] INFO  segmented.SegmentedRaftLogWorker (SegmentedRaftLogWorker.java:lambda$new$0(132)) - 7bb82aea-de54-461a-943d-5c63d8edb395-SegmentedRaftLogWorker:Storage Directory /workdir/hadoop-ozone/tools/target/test-dir/MiniOzoneClusterImpl-5b0688b1-0324-4107-bf7a-97e067892599/datanode-2/data/ratis/5e1365f2-c1bd-4a06-ab1e-70166748a2f8: flushIndex: setUnconditionally 0 -> -1
2019-09-19 14:45:06,877 [pool-49-thread-1] INFO  server.RaftServerConfigKeys (ConfUtils.java:logGet(43)) - raft.server.snapshot.auto.trigger.enabled = true (custom)
2019-09-19 14:45:06,877 [pool-49-thread-1] INFO  server.RaftServerConfigKeys (ConfUtils.java:logGet(43)) - raft.server.snapshot.auto.trigger.threshold = 10000 (custom)
2019-09-19 14:45:06,877 [pool-49-thread-1] INFO  server.RaftServerConfigKeys (ConfUtils.java:logGet(43)) - raft.server.retrycache.expirytime = 600000ms (custom)
2019-09-19 14:45:06,877 [pool-49-thread-1] INFO  impl.RaftServerImpl (RaftServerImpl.java:start(180)) - 7bb82aea-de54-461a-943d-5c63d8edb395: start group-70166748A2F8
2019-09-19 14:45:06,878 [pool-49-thread-1] INFO  impl.RaftServerImpl (RaftServerImpl.java:setRole(171)) - 7bb82aea-de54-461a-943d-5c63d8edb395:group-70166748A2F8 changes role from null to FOLLOWER at term 0 for startAsFollower
2019-09-19 14:45:06,878 [pool-49-thread-1] INFO  impl.RoleInfo (RoleInfo.java:updateAndGet(143)) - 7bb82aea-de54-461a-943d-5c63d8edb395: start FollowerState
2019-09-19 14:45:06,878 [pool-49-thread-1] INFO  util.JmxRegister (JmxRegister.java:tryRegister(44)) - Successfully registered JMX Bean with object name Ratis:service=RaftServer,group=group-70166748A2F8,id=7bb82aea-de54-461a-943d-5c63d8edb395
2019-09-19 14:45:06,885 [RatisPipelineUtilsThread] INFO  pipeline.PipelineStateManager (PipelineStateManager.java:addPipeline(56)) - Created pipeline Pipeline[ Id: 5e1365f2-c1bd-4a06-ab1e-70166748a2f8, Nodes: 7bb82aea-de54-461a-943d-5c63d8edb395{ip: 192.168.5.132, host: pr-hdds-1569-rzdr8-3403194166, networkLocation: /default-rack, certSerialId: null}, Type:RATIS, Factor:ONE, State:OPEN]
2019-09-19 14:45:06,887 [RatisPipelineUtilsThread] ERROR pipeline.PipelinePlacementPolicy (PipelinePlacementPolicy.java:meetCriteria(91)) - Pipeline Placement: Doesn't meet the criteria to be viable node. Heaviness: 6
2019-09-19 14:45:06,899 [grpc-default-executor-0] INFO  impl.RaftServerProxy (RaftServerProxy.java:addNew(89)) - 7bb82aea-de54-461a-943d-5c63d8edb395: addNew group-5BFFE9917C08:[7bb82aea-de54-461a-943d-5c63d8edb395:192.168.5.132:34910] returns group-5BFFE9917C08:java.util.concurrent.CompletableFuture@26b62c2a[Not completed]
2019-09-19 14:45:06,900 [pool-49-thread-1] INFO  impl.RaftServerImpl (RaftServerImpl.java:<init>(93)) - 7bb82aea-de54-461a-943d-5c63d8edb395: new RaftServerImpl for group-5BFFE9917C08:[7bb82aea-de54-461a-943d-5c63d8edb395:192.168.5.132:34910] with ContainerStateMachine:uninitialized
2019-09-19 14:45:06,900 [pool-49-thread-1] INFO  server.RaftServerConfigKeys (ConfUtils.java:logGet(43)) - raft.server.rpc.timeout.min = 5s (custom)
2019-09-19 14:45:06,900 [pool-49-thread-1] INFO  server.RaftServerConfigKeys (ConfUtils.java:logGet(43)) - raft.server.rpc.timeout.max = 5200ms (custom)
2019-09-19 14:45:06,901 [pool-49-thread-1] INFO  server.RaftServerConfigKeys (ConfUtils.java:logGet(43)) - raft.server.rpcslowness.timeout = 120s (custom)
2019-09-19 14:45:06,901 [pool-49-thread-1] INFO  server.RaftServerConfigKeys (ConfUtils.java:logGet(43)) - raft.server.sleep.deviation.threshold = 300 (default)
2019-09-19 14:45:06,901 [pool-49-thread-1] INFO  server.RaftServerConfigKeys (ConfUtils.java:logGet(43)) - raft.server.log.appender.install.snapshot.enabled = false (custom)
2019-09-19 14:45:06,901 [pool-49-thread-1] INFO  impl.RaftServerImpl (ServerState.java:<init>(105)) - 7bb82aea-de54-461a-943d-5c63d8edb395:group-5BFFE9917C08 ConfigurationManager, init=-1: [7bb82aea-de54-461a-943d-5c63d8edb395:192.168.5.132:34910], old=null, confs=<EMPTY_MAP>
2019-09-19 14:45:06,901 [pool-49-thread-1] INFO  server.RaftServerConfigKeys (ConfUtils.java:logGet(43)) - raft.server.storage.dir = [/workdir/hadoop-ozone/tools/target/test-dir/MiniOzoneClusterImpl-5b0688b1-0324-4107-bf7a-97e067892599/datanode-2/data/ratis] (custom)
2019-09-19 14:45:06,902 [pool-49-thread-1] INFO  storage.RaftStorageDirectory (RaftStorageDirectory.java:analyzeStorage(246)) - The storage directory /workdir/hadoop-ozone/tools/target/test-dir/MiniOzoneClusterImpl-5b0688b1-0324-4107-bf7a-97e067892599/datanode-2/data/ratis/13b0c3d4-911c-4cad-9cfd-5bffe9917c08 does not exist. Creating ...
2019-09-19 14:45:06,931 [pool-49-thread-1] INFO  storage.RaftStorageDirectory (RaftStorageDirectory.java:tryLock(328)) - Lock on /workdir/hadoop-ozone/tools/target/test-dir/MiniOzoneClusterImpl-5b0688b1-0324-4107-bf7a-97e067892599/datanode-2/data/ratis/13b0c3d4-911c-4cad-9cfd-5bffe9917c08/in_use.lock acquired by nodename 3767@pr-hdds-1569-rzdr8-3403194166
2019-09-19 14:45:06,958 [pool-49-thread-1] INFO  storage.RaftStorage (RaftStorage.java:format(72)) - Storage directory /workdir/hadoop-ozone/tools/target/test-dir/MiniOzoneClusterImpl-5b0688b1-0324-4107-bf7a-97e067892599/datanode-2/data/ratis/13b0c3d4-911c-4cad-9cfd-5bffe9917c08 has been successfully formatted.
2019-09-19 14:45:06,958 [pool-49-thread-1] INFO  ratis.ContainerStateMachine (ContainerStateMachine.java:loadSnapshot(226)) - group-5BFFE9917C08: The snapshot info is null. Setting the last applied indexto:(t:0, i:~)
2019-09-19 14:45:06,959 [pool-49-thread-1] INFO  server.RaftServerConfigKeys (ConfUtils.java:logGet(43)) - raft.server.leader.election.timeout = 120s (custom)
2019-09-19 14:45:06,959 [pool-49-thread-1] INFO  server.RaftServerConfigKeys (ConfUtils.java:logGet(43)) - raft.server.log.use.memory = false (default)
2019-09-19 14:45:06,959 [pool-49-thread-1] INFO  server.RaftServerConfigKeys (ConfUtils.java:logGet(43)) - raft.server.log.purge.gap = 1000000 (custom)
2019-09-19 14:45:06,959 [pool-49-thread-1] INFO  server.RaftServerConfigKeys (ConfUtils.java:logGet(43)) - raft.server.log.appender.buffer.byte-limit = 33554432 (custom)
2019-09-19 14:45:06,959 [pool-49-thread-1] INFO  server.RaftServerConfigKeys (ConfUtils.java:logGet(43)) - raft.server.log.segment.size.max = 1048576 (custom)
2019-09-19 14:45:06,960 [pool-49-thread-1] INFO  server.RaftServerConfigKeys (ConfUtils.java:logGet(43)) - raft.server.log.segment.cache.num.max = 2 (custom)
2019-09-19 14:45:06,960 [pool-49-thread-1] INFO  segmented.SegmentedRaftLogWorker (SegmentedRaftLogWorker.java:<init>(172)) - new 7bb82aea-de54-461a-943d-5c63d8edb395-SegmentedRaftLogWorker:Storage Directory /workdir/hadoop-ozone/tools/target/test-dir/MiniOzoneClusterImpl-5b0688b1-0324-4107-bf7a-97e067892599/datanode-2/data/ratis/13b0c3d4-911c-4cad-9cfd-5bffe9917c08 for RaftStorage:Storage Directory /workdir/hadoop-ozone/tools/target/test-dir/MiniOzoneClusterImpl-5b0688b1-0324-4107-bf7a-97e067892599/datanode-2/data/ratis/13b0c3d4-911c-4cad-9cfd-5bffe9917c08
2019-09-19 14:45:06,960 [pool-49-thread-1] INFO  server.RaftServerConfigKeys (ConfUtils.java:logGet(43)) - raft.server.log.queue.byte-limit = 2147483647 (custom)
2019-09-19 14:45:06,960 [pool-49-thread-1] INFO  server.RaftServerConfigKeys (ConfUtils.java:logGet(43)) - raft.server.log.queue.element-limit = 1024 (custom)
2019-09-19 14:45:06,960 [pool-49-thread-1] INFO  server.RaftServerConfigKeys (ConfUtils.java:logGet(43)) - raft.server.log.segment.size.max = 1048576 (custom)
2019-09-19 14:45:06,960 [pool-49-thread-1] INFO  server.RaftServerConfigKeys (ConfUtils.java:logGet(43)) - raft.server.log.preallocated.size = 16384 (custom)
2019-09-19 14:45:06,961 [pool-49-thread-1] INFO  server.RaftServerConfigKeys (ConfUtils.java:logGet(43)) - raft.server.log.write.buffer.size = 33554432 (custom)
2019-09-19 14:45:06,961 [pool-49-thread-1] INFO  server.RaftServerConfigKeys (ConfUtils.java:logGet(43)) - raft.server.log.force.sync.num = 128 (default)
2019-09-19 14:45:06,961 [pool-49-thread-1] INFO  server.RaftServerConfigKeys (ConfUtils.java:logGet(43)) - raft.server.log.statemachine.data.sync = true (default)
2019-09-19 14:45:06,961 [pool-49-thread-1] INFO  server.RaftServerConfigKeys (ConfUtils.java:logGet(43)) - raft.server.log.statemachine.data.sync.timeout = 10s (default)
2019-09-19 14:45:06,961 [pool-49-thread-1] INFO  server.RaftServerConfigKeys (ConfUtils.java:logGet(43)) - raft.server.log.statemachine.data.sync.timeout.retry = -1 (default)
2019-09-19 14:45:06,962 [pool-49-thread-1] INFO  server.RaftServerConfigKeys (ConfUtils.java:logGet(43)) - raft.server.log.statemachine.data.caching.enabled = true (custom)
2019-09-19 14:45:06,962 [pool-49-thread-1] INFO  segmented.SegmentedRaftLogWorker (SegmentedRaftLogWorker.java:lambda$new$0(132)) - 7bb82aea-de54-461a-943d-5c63d8edb395-SegmentedRaftLogWorker:Storage Directory /workdir/hadoop-ozone/tools/target/test-dir/MiniOzoneClusterImpl-5b0688b1-0324-4107-bf7a-97e067892599/datanode-2/data/ratis/13b0c3d4-911c-4cad-9cfd-5bffe9917c08: flushIndex: setUnconditionally 0 -> -1
2019-09-19 14:45:06,963 [pool-49-thread-1] INFO  server.RaftServerConfigKeys (ConfUtils.java:logGet(43)) - raft.server.snapshot.auto.trigger.enabled = true (custom)
2019-09-19 14:45:06,963 [pool-49-thread-1] INFO  server.RaftServerConfigKeys (ConfUtils.java:logGet(43)) - raft.server.snapshot.auto.trigger.threshold = 10000 (custom)
2019-09-19 14:45:06,963 [pool-49-thread-1] INFO  server.RaftServerConfigKeys (ConfUtils.java:logGet(43)) - raft.server.retrycache.expirytime = 600000ms (custom)
2019-09-19 14:45:06,964 [pool-49-thread-1] INFO  impl.RaftServerImpl (RaftServerImpl.java:start(180)) - 7bb82aea-de54-461a-943d-5c63d8edb395: start group-5BFFE9917C08
2019-09-19 14:45:06,964 [pool-49-thread-1] INFO  impl.RaftServerImpl (RaftServerImpl.java:setRole(171)) - 7bb82aea-de54-461a-943d-5c63d8edb395:group-5BFFE9917C08 changes role from null to FOLLOWER at term 0 for startAsFollower
2019-09-19 14:45:06,964 [pool-49-thread-1] INFO  impl.RoleInfo (RoleInfo.java:updateAndGet(143)) - 7bb82aea-de54-461a-943d-5c63d8edb395: start FollowerState
2019-09-19 14:45:06,964 [pool-49-thread-1] INFO  util.JmxRegister (JmxRegister.java:tryRegister(44)) - Successfully registered JMX Bean with object name Ratis:service=RaftServer,group=group-5BFFE9917C08,id=7bb82aea-de54-461a-943d-5c63d8edb395
2019-09-19 14:45:06,972 [RatisPipelineUtilsThread] INFO  pipeline.PipelineStateManager (PipelineStateManager.java:addPipeline(56)) - Created pipeline Pipeline[ Id: 13b0c3d4-911c-4cad-9cfd-5bffe9917c08, Nodes: 7bb82aea-de54-461a-943d-5c63d8edb395{ip: 192.168.5.132, host: pr-hdds-1569-rzdr8-3403194166, networkLocation: /default-rack, certSerialId: null}, Type:RATIS, Factor:ONE, State:OPEN]
2019-09-19 14:45:06,973 [RatisPipelineUtilsThread] ERROR pipeline.PipelinePlacementPolicy (PipelinePlacementPolicy.java:meetCriteria(91)) - Pipeline Placement: Doesn't meet the criteria to be viable node. Heaviness: 6
2019-09-19 14:45:06,996 [grpc-default-executor-0] INFO  impl.RaftServerProxy (RaftServerProxy.java:addNew(89)) - d074c048-3e38-4e2d-895f-3654e5a631aa: addNew group-BCE5440D5F1C:[d074c048-3e38-4e2d-895f-3654e5a631aa:192.168.5.132:33437] returns group-BCE5440D5F1C:java.util.concurrent.CompletableFuture@6ea3ce8c[Not completed]
2019-09-19 14:45:06,997 [pool-27-thread-1] INFO  impl.RaftServerImpl (RaftServerImpl.java:<init>(93)) - d074c048-3e38-4e2d-895f-3654e5a631aa: new RaftServerImpl for group-BCE5440D5F1C:[d074c048-3e38-4e2d-895f-3654e5a631aa:192.168.5.132:33437] with ContainerStateMachine:uninitialized
2019-09-19 14:45:06,997 [pool-27-thread-1] INFO  server.RaftServerConfigKeys (ConfUtils.java:logGet(43)) - raft.server.rpc.timeout.min = 5s (custom)
2019-09-19 14:45:06,997 [pool-27-thread-1] INFO  server.RaftServerConfigKeys (ConfUtils.java:logGet(43)) - raft.server.rpc.timeout.max = 5200ms (custom)
2019-09-19 14:45:06,997 [pool-27-thread-1] INFO  server.RaftServerConfigKeys (ConfUtils.java:logGet(43)) - raft.server.rpcslowness.timeout = 120s (custom)
2019-09-19 14:45:06,997 [pool-27-thread-1] INFO  server.RaftServerConfigKeys (ConfUtils.java:logGet(43)) - raft.server.sleep.deviation.threshold = 300 (default)
2019-09-19 14:45:06,997 [pool-27-thread-1] INFO  server.RaftServerConfigKeys (ConfUtils.java:logGet(43)) - raft.server.log.appender.install.snapshot.enabled = false (custom)
2019-09-19 14:45:06,998 [pool-27-thread-1] INFO  impl.RaftServerImpl (ServerState.java:<init>(105)) - d074c048-3e38-4e2d-895f-3654e5a631aa:group-BCE5440D5F1C ConfigurationManager, init=-1: [d074c048-3e38-4e2d-895f-3654e5a631aa:192.168.5.132:33437], old=null, confs=<EMPTY_MAP>
2019-09-19 14:45:06,998 [pool-27-thread-1] INFO  server.RaftServerConfigKeys (ConfUtils.java:logGet(43)) - raft.server.storage.dir = [/workdir/hadoop-ozone/tools/target/test-dir/MiniOzoneClusterImpl-5b0688b1-0324-4107-bf7a-97e067892599/datanode-0/data/ratis] (custom)
2019-09-19 14:45:06,998 [pool-27-thread-1] INFO  storage.RaftStorageDirectory (RaftStorageDirectory.java:analyzeStorage(246)) - The storage directory /workdir/hadoop-ozone/tools/target/test-dir/MiniOzoneClusterImpl-5b0688b1-0324-4107-bf7a-97e067892599/datanode-0/data/ratis/7e2183b2-000d-408c-a935-bce5440d5f1c does not exist. Creating ...
2019-09-19 14:45:07,025 [pool-27-thread-1] INFO  storage.RaftStorageDirectory (RaftStorageDirectory.java:tryLock(328)) - Lock on /workdir/hadoop-ozone/tools/target/test-dir/MiniOzoneClusterImpl-5b0688b1-0324-4107-bf7a-97e067892599/datanode-0/data/ratis/7e2183b2-000d-408c-a935-bce5440d5f1c/in_use.lock acquired by nodename 3767@pr-hdds-1569-rzdr8-3403194166
2019-09-19 14:45:07,038 | INFO  | SCMAudit | user=jenkins1000 | ip=192.168.5.132 | op=SEND_HEARTBEAT {datanodeUUID=7bb82aea-de54-461a-943d-5c63d8edb395, command=[]} | ret=SUCCESS |  
2019-09-19 14:45:07,050 [pool-27-thread-1] INFO  storage.RaftStorage (RaftStorage.java:format(72)) - Storage directory /workdir/hadoop-ozone/tools/target/test-dir/MiniOzoneClusterImpl-5b0688b1-0324-4107-bf7a-97e067892599/datanode-0/data/ratis/7e2183b2-000d-408c-a935-bce5440d5f1c has been successfully formatted.
2019-09-19 14:45:07,051 [pool-27-thread-1] INFO  ratis.ContainerStateMachine (ContainerStateMachine.java:loadSnapshot(226)) - group-BCE5440D5F1C: The snapshot info is null. Setting the last applied indexto:(t:0, i:~)
2019-09-19 14:45:07,051 [pool-27-thread-1] INFO  server.RaftServerConfigKeys (ConfUtils.java:logGet(43)) - raft.server.leader.election.timeout = 120s (custom)
2019-09-19 14:45:07,051 [pool-27-thread-1] INFO  server.RaftServerConfigKeys (ConfUtils.java:logGet(43)) - raft.server.log.use.memory = false (default)
2019-09-19 14:45:07,051 [pool-27-thread-1] INFO  server.RaftServerConfigKeys (ConfUtils.java:logGet(43)) - raft.server.log.purge.gap = 1000000 (custom)
2019-09-19 14:45:07,051 [pool-27-thread-1] INFO  server.RaftServerConfigKeys (ConfUtils.java:logGet(43)) - raft.server.log.appender.buffer.byte-limit = 33554432 (custom)
2019-09-19 14:45:07,052 [pool-27-thread-1] INFO  server.RaftServerConfigKeys (ConfUtils.java:logGet(43)) - raft.server.log.segment.size.max = 1048576 (custom)
2019-09-19 14:45:07,052 [pool-27-thread-1] INFO  server.RaftServerConfigKeys (ConfUtils.java:logGet(43)) - raft.server.log.segment.cache.num.max = 2 (custom)
2019-09-19 14:45:07,052 [pool-27-thread-1] INFO  segmented.SegmentedRaftLogWorker (SegmentedRaftLogWorker.java:<init>(172)) - new d074c048-3e38-4e2d-895f-3654e5a631aa-SegmentedRaftLogWorker:Storage Directory /workdir/hadoop-ozone/tools/target/test-dir/MiniOzoneClusterImpl-5b0688b1-0324-4107-bf7a-97e067892599/datanode-0/data/ratis/7e2183b2-000d-408c-a935-bce5440d5f1c for RaftStorage:Storage Directory /workdir/hadoop-ozone/tools/target/test-dir/MiniOzoneClusterImpl-5b0688b1-0324-4107-bf7a-97e067892599/datanode-0/data/ratis/7e2183b2-000d-408c-a935-bce5440d5f1c
2019-09-19 14:45:07,052 [pool-27-thread-1] INFO  server.RaftServerConfigKeys (ConfUtils.java:logGet(43)) - raft.server.log.queue.byte-limit = 2147483647 (custom)
2019-09-19 14:45:07,052 [pool-27-thread-1] INFO  server.RaftServerConfigKeys (ConfUtils.java:logGet(43)) - raft.server.log.queue.element-limit = 1024 (custom)
2019-09-19 14:45:07,053 [pool-27-thread-1] INFO  server.RaftServerConfigKeys (ConfUtils.java:logGet(43)) - raft.server.log.segment.size.max = 1048576 (custom)
2019-09-19 14:45:07,053 [pool-27-thread-1] INFO  server.RaftServerConfigKeys (ConfUtils.java:logGet(43)) - raft.server.log.preallocated.size = 16384 (custom)
2019-09-19 14:45:07,053 [pool-27-thread-1] INFO  server.RaftServerConfigKeys (ConfUtils.java:logGet(43)) - raft.server.log.write.buffer.size = 33554432 (custom)
2019-09-19 14:45:07,053 [pool-27-thread-1] INFO  server.RaftServerConfigKeys (ConfUtils.java:logGet(43)) - raft.server.log.force.sync.num = 128 (default)
2019-09-19 14:45:07,053 [pool-27-thread-1] INFO  server.RaftServerConfigKeys (ConfUtils.java:logGet(43)) - raft.server.log.statemachine.data.sync = true (default)
2019-09-19 14:45:07,053 [pool-27-thread-1] INFO  server.RaftServerConfigKeys (ConfUtils.java:logGet(43)) - raft.server.log.statemachine.data.sync.timeout = 10s (default)
2019-09-19 14:45:07,053 [pool-27-thread-1] INFO  server.RaftServerConfigKeys (ConfUtils.java:logGet(43)) - raft.server.log.statemachine.data.sync.timeout.retry = -1 (default)
2019-09-19 14:45:07,054 [pool-27-thread-1] INFO  server.RaftServerConfigKeys (ConfUtils.java:logGet(43)) - raft.server.log.statemachine.data.caching.enabled = true (custom)
2019-09-19 14:45:07,054 [pool-27-thread-1] INFO  segmented.SegmentedRaftLogWorker (SegmentedRaftLogWorker.java:lambda$new$0(132)) - d074c048-3e38-4e2d-895f-3654e5a631aa-SegmentedRaftLogWorker:Storage Directory /workdir/hadoop-ozone/tools/target/test-dir/MiniOzoneClusterImpl-5b0688b1-0324-4107-bf7a-97e067892599/datanode-0/data/ratis/7e2183b2-000d-408c-a935-bce5440d5f1c: flushIndex: setUnconditionally 0 -> -1
2019-09-19 14:45:07,055 [pool-27-thread-1] INFO  server.RaftServerConfigKeys (ConfUtils.java:logGet(43)) - raft.server.snapshot.auto.trigger.enabled = true (custom)
2019-09-19 14:45:07,055 [pool-27-thread-1] INFO  server.RaftServerConfigKeys (ConfUtils.java:logGet(43)) - raft.server.snapshot.auto.trigger.threshold = 10000 (custom)
2019-09-19 14:45:07,055 [pool-27-thread-1] INFO  server.RaftServerConfigKeys (ConfUtils.java:logGet(43)) - raft.server.retrycache.expirytime = 600000ms (custom)
2019-09-19 14:45:07,055 [pool-27-thread-1] INFO  impl.RaftServerImpl (RaftServerImpl.java:start(180)) - d074c048-3e38-4e2d-895f-3654e5a631aa: start group-BCE5440D5F1C
2019-09-19 14:45:07,055 [pool-27-thread-1] INFO  impl.RaftServerImpl (RaftServerImpl.java:setRole(171)) - d074c048-3e38-4e2d-895f-3654e5a631aa:group-BCE5440D5F1C changes role from null to FOLLOWER at term 0 for startAsFollower
2019-09-19 14:45:07,056 [pool-27-thread-1] INFO  impl.RoleInfo (RoleInfo.java:updateAndGet(143)) - d074c048-3e38-4e2d-895f-3654e5a631aa: start FollowerState
2019-09-19 14:45:07,056 [pool-27-thread-1] INFO  util.JmxRegister (JmxRegister.java:tryRegister(44)) - Successfully registered JMX Bean with object name Ratis:service=RaftServer,group=group-BCE5440D5F1C,id=d074c048-3e38-4e2d-895f-3654e5a631aa
2019-09-19 14:45:07,063 [RatisPipelineUtilsThread] INFO  pipeline.PipelineStateManager (PipelineStateManager.java:addPipeline(56)) - Created pipeline Pipeline[ Id: 7e2183b2-000d-408c-a935-bce5440d5f1c, Nodes: d074c048-3e38-4e2d-895f-3654e5a631aa{ip: 192.168.5.132, host: pr-hdds-1569-rzdr8-3403194166, networkLocation: /default-rack, certSerialId: null}, Type:RATIS, Factor:ONE, State:OPEN]
2019-09-19 14:45:07,064 [RatisPipelineUtilsThread] ERROR pipeline.PipelinePlacementPolicy (PipelinePlacementPolicy.java:meetCriteria(91)) - Pipeline Placement: Doesn't meet the criteria to be viable node. Heaviness: 6
2019-09-19 14:45:07,074 [grpc-default-executor-0] INFO  impl.RaftServerProxy (RaftServerProxy.java:addNew(89)) - d074c048-3e38-4e2d-895f-3654e5a631aa: addNew group-B95B93DAC1E1:[d074c048-3e38-4e2d-895f-3654e5a631aa:192.168.5.132:33437] returns group-B95B93DAC1E1:java.util.concurrent.CompletableFuture@7c237b67[Not completed]
2019-09-19 14:45:07,076 [pool-27-thread-1] INFO  impl.RaftServerImpl (RaftServerImpl.java:<init>(93)) - d074c048-3e38-4e2d-895f-3654e5a631aa: new RaftServerImpl for group-B95B93DAC1E1:[d074c048-3e38-4e2d-895f-3654e5a631aa:192.168.5.132:33437] with ContainerStateMachine:uninitialized
2019-09-19 14:45:07,076 [pool-27-thread-1] INFO  server.RaftServerConfigKeys (ConfUtils.java:logGet(43)) - raft.server.rpc.timeout.min = 5s (custom)
2019-09-19 14:45:07,076 [pool-27-thread-1] INFO  server.RaftServerConfigKeys (ConfUtils.java:logGet(43)) - raft.server.rpc.timeout.max = 5200ms (custom)
2019-09-19 14:45:07,076 [pool-27-thread-1] INFO  server.RaftServerConfigKeys (ConfUtils.java:logGet(43)) - raft.server.rpcslowness.timeout = 120s (custom)
2019-09-19 14:45:07,076 [pool-27-thread-1] INFO  server.RaftServerConfigKeys (ConfUtils.java:logGet(43)) - raft.server.sleep.deviation.threshold = 300 (default)
2019-09-19 14:45:07,076 [pool-27-thread-1] INFO  server.RaftServerConfigKeys (ConfUtils.java:logGet(43)) - raft.server.log.appender.install.snapshot.enabled = false (custom)
2019-09-19 14:45:07,076 [pool-27-thread-1] INFO  impl.RaftServerImpl (ServerState.java:<init>(105)) - d074c048-3e38-4e2d-895f-3654e5a631aa:group-B95B93DAC1E1 ConfigurationManager, init=-1: [d074c048-3e38-4e2d-895f-3654e5a631aa:192.168.5.132:33437], old=null, confs=<EMPTY_MAP>
2019-09-19 14:45:07,077 [pool-27-thread-1] INFO  server.RaftServerConfigKeys (ConfUtils.java:logGet(43)) - raft.server.storage.dir = [/workdir/hadoop-ozone/tools/target/test-dir/MiniOzoneClusterImpl-5b0688b1-0324-4107-bf7a-97e067892599/datanode-0/data/ratis] (custom)
2019-09-19 14:45:07,077 [pool-27-thread-1] INFO  storage.RaftStorageDirectory (RaftStorageDirectory.java:analyzeStorage(246)) - The storage directory /workdir/hadoop-ozone/tools/target/test-dir/MiniOzoneClusterImpl-5b0688b1-0324-4107-bf7a-97e067892599/datanode-0/data/ratis/ec2e5ad2-c17a-4591-ba25-b95b93dac1e1 does not exist. Creating ...
2019-09-19 14:45:07,101 [pool-27-thread-1] INFO  storage.RaftStorageDirectory (RaftStorageDirectory.java:tryLock(328)) - Lock on /workdir/hadoop-ozone/tools/target/test-dir/MiniOzoneClusterImpl-5b0688b1-0324-4107-bf7a-97e067892599/datanode-0/data/ratis/ec2e5ad2-c17a-4591-ba25-b95b93dac1e1/in_use.lock acquired by nodename 3767@pr-hdds-1569-rzdr8-3403194166
2019-09-19 14:45:07,106 | INFO  | SCMAudit | user=jenkins1000 | ip=192.168.5.132 | op=SEND_HEARTBEAT {datanodeUUID=d074c048-3e38-4e2d-895f-3654e5a631aa, command=[]} | ret=SUCCESS |  
2019-09-19 14:45:07,118 [pool-27-thread-1] INFO  storage.RaftStorage (RaftStorage.java:format(72)) - Storage directory /workdir/hadoop-ozone/tools/target/test-dir/MiniOzoneClusterImpl-5b0688b1-0324-4107-bf7a-97e067892599/datanode-0/data/ratis/ec2e5ad2-c17a-4591-ba25-b95b93dac1e1 has been successfully formatted.
2019-09-19 14:45:07,118 [pool-27-thread-1] INFO  ratis.ContainerStateMachine (ContainerStateMachine.java:loadSnapshot(226)) - group-B95B93DAC1E1: The snapshot info is null. Setting the last applied indexto:(t:0, i:~)
2019-09-19 14:45:07,118 [pool-27-thread-1] INFO  server.RaftServerConfigKeys (ConfUtils.java:logGet(43)) - raft.server.leader.election.timeout = 120s (custom)
2019-09-19 14:45:07,118 [pool-27-thread-1] INFO  server.RaftServerConfigKeys (ConfUtils.java:logGet(43)) - raft.server.log.use.memory = false (default)
2019-09-19 14:45:07,119 [pool-27-thread-1] INFO  server.RaftServerConfigKeys (ConfUtils.java:logGet(43)) - raft.server.log.purge.gap = 1000000 (custom)
2019-09-19 14:45:07,119 [pool-27-thread-1] INFO  server.RaftServerConfigKeys (ConfUtils.java:logGet(43)) - raft.server.log.appender.buffer.byte-limit = 33554432 (custom)
2019-09-19 14:45:07,119 [pool-27-thread-1] INFO  server.RaftServerConfigKeys (ConfUtils.java:logGet(43)) - raft.server.log.segment.size.max = 1048576 (custom)
2019-09-19 14:45:07,119 [pool-27-thread-1] INFO  server.RaftServerConfigKeys (ConfUtils.java:logGet(43)) - raft.server.log.segment.cache.num.max = 2 (custom)
2019-09-19 14:45:07,119 [pool-27-thread-1] INFO  segmented.SegmentedRaftLogWorker (SegmentedRaftLogWorker.java:<init>(172)) - new d074c048-3e38-4e2d-895f-3654e5a631aa-SegmentedRaftLogWorker:Storage Directory /workdir/hadoop-ozone/tools/target/test-dir/MiniOzoneClusterImpl-5b0688b1-0324-4107-bf7a-97e067892599/datanode-0/data/ratis/ec2e5ad2-c17a-4591-ba25-b95b93dac1e1 for RaftStorage:Storage Directory /workdir/hadoop-ozone/tools/target/test-dir/MiniOzoneClusterImpl-5b0688b1-0324-4107-bf7a-97e067892599/datanode-0/data/ratis/ec2e5ad2-c17a-4591-ba25-b95b93dac1e1
2019-09-19 14:45:07,119 [pool-27-thread-1] INFO  server.RaftServerConfigKeys (ConfUtils.java:logGet(43)) - raft.server.log.queue.byte-limit = 2147483647 (custom)
2019-09-19 14:45:07,119 [pool-27-thread-1] INFO  server.RaftServerConfigKeys (ConfUtils.java:logGet(43)) - raft.server.log.queue.element-limit = 1024 (custom)
2019-09-19 14:45:07,119 [pool-27-thread-1] INFO  server.RaftServerConfigKeys (ConfUtils.java:logGet(43)) - raft.server.log.segment.size.max = 1048576 (custom)
2019-09-19 14:45:07,120 [pool-27-thread-1] INFO  server.RaftServerConfigKeys (ConfUtils.java:logGet(43)) - raft.server.log.preallocated.size = 16384 (custom)
2019-09-19 14:45:07,120 [pool-27-thread-1] INFO  server.RaftServerConfigKeys (ConfUtils.java:logGet(43)) - raft.server.log.write.buffer.size = 33554432 (custom)
2019-09-19 14:45:07,120 [pool-27-thread-1] INFO  server.RaftServerConfigKeys (ConfUtils.java:logGet(43)) - raft.server.log.force.sync.num = 128 (default)
2019-09-19 14:45:07,120 [pool-27-thread-1] INFO  server.RaftServerConfigKeys (ConfUtils.java:logGet(43)) - raft.server.log.statemachine.data.sync = true (default)
2019-09-19 14:45:07,120 [pool-27-thread-1] INFO  server.RaftServerConfigKeys (ConfUtils.java:logGet(43)) - raft.server.log.statemachine.data.sync.timeout = 10s (default)
2019-09-19 14:45:07,120 [pool-27-thread-1] INFO  server.RaftServerConfigKeys (ConfUtils.java:logGet(43)) - raft.server.log.statemachine.data.sync.timeout.retry = -1 (default)
2019-09-19 14:45:07,121 [pool-27-thread-1] INFO  server.RaftServerConfigKeys (ConfUtils.java:logGet(43)) - raft.server.log.statemachine.data.caching.enabled = true (custom)
2019-09-19 14:45:07,121 [pool-27-thread-1] INFO  segmented.SegmentedRaftLogWorker (SegmentedRaftLogWorker.java:lambda$new$0(132)) - d074c048-3e38-4e2d-895f-3654e5a631aa-SegmentedRaftLogWorker:Storage Directory /workdir/hadoop-ozone/tools/target/test-dir/MiniOzoneClusterImpl-5b0688b1-0324-4107-bf7a-97e067892599/datanode-0/data/ratis/ec2e5ad2-c17a-4591-ba25-b95b93dac1e1: flushIndex: setUnconditionally 0 -> -1
2019-09-19 14:45:07,122 [pool-27-thread-1] INFO  server.RaftServerConfigKeys (ConfUtils.java:logGet(43)) - raft.server.snapshot.auto.trigger.enabled = true (custom)
2019-09-19 14:45:07,122 [pool-27-thread-1] INFO  server.RaftServerConfigKeys (ConfUtils.java:logGet(43)) - raft.server.snapshot.auto.trigger.threshold = 10000 (custom)
2019-09-19 14:45:07,122 [pool-27-thread-1] INFO  server.RaftServerConfigKeys (ConfUtils.java:logGet(43)) - raft.server.retrycache.expirytime = 600000ms (custom)
2019-09-19 14:45:07,123 [pool-27-thread-1] INFO  impl.RaftServerImpl (RaftServerImpl.java:start(180)) - d074c048-3e38-4e2d-895f-3654e5a631aa: start group-B95B93DAC1E1
2019-09-19 14:45:07,123 [pool-27-thread-1] INFO  impl.RaftServerImpl (RaftServerImpl.java:setRole(171)) - d074c048-3e38-4e2d-895f-3654e5a631aa:group-B95B93DAC1E1 changes role from null to FOLLOWER at term 0 for startAsFollower
2019-09-19 14:45:07,123 [pool-27-thread-1] INFO  impl.RoleInfo (RoleInfo.java:updateAndGet(143)) - d074c048-3e38-4e2d-895f-3654e5a631aa: start FollowerState
2019-09-19 14:45:07,124 [pool-27-thread-1] INFO  util.JmxRegister (JmxRegister.java:tryRegister(44)) - Successfully registered JMX Bean with object name Ratis:service=RaftServer,group=group-B95B93DAC1E1,id=d074c048-3e38-4e2d-895f-3654e5a631aa
2019-09-19 14:45:07,129 [RatisPipelineUtilsThread] INFO  pipeline.PipelineStateManager (PipelineStateManager.java:addPipeline(56)) - Created pipeline Pipeline[ Id: ec2e5ad2-c17a-4591-ba25-b95b93dac1e1, Nodes: d074c048-3e38-4e2d-895f-3654e5a631aa{ip: 192.168.5.132, host: pr-hdds-1569-rzdr8-3403194166, networkLocation: /default-rack, certSerialId: null}, Type:RATIS, Factor:ONE, State:OPEN]
2019-09-19 14:45:07,131 [RatisPipelineUtilsThread] ERROR pipeline.PipelinePlacementPolicy (PipelinePlacementPolicy.java:meetCriteria(91)) - Pipeline Placement: Doesn't meet the criteria to be viable node. Heaviness: 6
2019-09-19 14:45:07,139 [grpc-default-executor-0] INFO  impl.RaftServerProxy (RaftServerProxy.java:addNew(89)) - 7bb82aea-de54-461a-943d-5c63d8edb395: addNew group-8EB1F8D5ECD9:[7bb82aea-de54-461a-943d-5c63d8edb395:192.168.5.132:34910] returns group-8EB1F8D5ECD9:java.util.concurrent.CompletableFuture@48fdfb49[Not completed]
2019-09-19 14:45:07,141 [pool-49-thread-1] INFO  impl.RaftServerImpl (RaftServerImpl.java:<init>(93)) - 7bb82aea-de54-461a-943d-5c63d8edb395: new RaftServerImpl for group-8EB1F8D5ECD9:[7bb82aea-de54-461a-943d-5c63d8edb395:192.168.5.132:34910] with ContainerStateMachine:uninitialized
2019-09-19 14:45:07,141 [pool-49-thread-1] INFO  server.RaftServerConfigKeys (ConfUtils.java:logGet(43)) - raft.server.rpc.timeout.min = 5s (custom)
2019-09-19 14:45:07,141 [pool-49-thread-1] INFO  server.RaftServerConfigKeys (ConfUtils.java:logGet(43)) - raft.server.rpc.timeout.max = 5200ms (custom)
2019-09-19 14:45:07,141 [pool-49-thread-1] INFO  server.RaftServerConfigKeys (ConfUtils.java:logGet(43)) - raft.server.rpcslowness.timeout = 120s (custom)
2019-09-19 14:45:07,141 [pool-49-thread-1] INFO  server.RaftServerConfigKeys (ConfUtils.java:logGet(43)) - raft.server.sleep.deviation.threshold = 300 (default)
2019-09-19 14:45:07,141 [pool-49-thread-1] INFO  server.RaftServerConfigKeys (ConfUtils.java:logGet(43)) - raft.server.log.appender.install.snapshot.enabled = false (custom)
2019-09-19 14:45:07,141 [pool-49-thread-1] INFO  impl.RaftServerImpl (ServerState.java:<init>(105)) - 7bb82aea-de54-461a-943d-5c63d8edb395:group-8EB1F8D5ECD9 ConfigurationManager, init=-1: [7bb82aea-de54-461a-943d-5c63d8edb395:192.168.5.132:34910], old=null, confs=<EMPTY_MAP>
2019-09-19 14:45:07,142 [pool-49-thread-1] INFO  server.RaftServerConfigKeys (ConfUtils.java:logGet(43)) - raft.server.storage.dir = [/workdir/hadoop-ozone/tools/target/test-dir/MiniOzoneClusterImpl-5b0688b1-0324-4107-bf7a-97e067892599/datanode-2/data/ratis] (custom)
2019-09-19 14:45:07,142 [pool-49-thread-1] INFO  storage.RaftStorageDirectory (RaftStorageDirectory.java:analyzeStorage(246)) - The storage directory /workdir/hadoop-ozone/tools/target/test-dir/MiniOzoneClusterImpl-5b0688b1-0324-4107-bf7a-97e067892599/datanode-2/data/ratis/59afa7a5-5846-4e1a-9a6c-8eb1f8d5ecd9 does not exist. Creating ...
2019-09-19 14:45:07,168 [pool-49-thread-1] INFO  storage.RaftStorageDirectory (RaftStorageDirectory.java:tryLock(328)) - Lock on /workdir/hadoop-ozone/tools/target/test-dir/MiniOzoneClusterImpl-5b0688b1-0324-4107-bf7a-97e067892599/datanode-2/data/ratis/59afa7a5-5846-4e1a-9a6c-8eb1f8d5ecd9/in_use.lock acquired by nodename 3767@pr-hdds-1569-rzdr8-3403194166
2019-09-19 14:45:07,193 [pool-49-thread-1] INFO  storage.RaftStorage (RaftStorage.java:format(72)) - Storage directory /workdir/hadoop-ozone/tools/target/test-dir/MiniOzoneClusterImpl-5b0688b1-0324-4107-bf7a-97e067892599/datanode-2/data/ratis/59afa7a5-5846-4e1a-9a6c-8eb1f8d5ecd9 has been successfully formatted.
2019-09-19 14:45:07,194 [pool-49-thread-1] INFO  ratis.ContainerStateMachine (ContainerStateMachine.java:loadSnapshot(226)) - group-8EB1F8D5ECD9: The snapshot info is null. Setting the last applied indexto:(t:0, i:~)
2019-09-19 14:45:07,194 [pool-49-thread-1] INFO  server.RaftServerConfigKeys (ConfUtils.java:logGet(43)) - raft.server.leader.election.timeout = 120s (custom)
2019-09-19 14:45:07,194 [pool-49-thread-1] INFO  server.RaftServerConfigKeys (ConfUtils.java:logGet(43)) - raft.server.log.use.memory = false (default)
2019-09-19 14:45:07,194 [pool-49-thread-1] INFO  server.RaftServerConfigKeys (ConfUtils.java:logGet(43)) - raft.server.log.purge.gap = 1000000 (custom)
2019-09-19 14:45:07,194 [pool-49-thread-1] INFO  server.RaftServerConfigKeys (ConfUtils.java:logGet(43)) - raft.server.log.appender.buffer.byte-limit = 33554432 (custom)
2019-09-19 14:45:07,195 [pool-49-thread-1] INFO  server.RaftServerConfigKeys (ConfUtils.java:logGet(43)) - raft.server.log.segment.size.max = 1048576 (custom)
2019-09-19 14:45:07,195 [pool-49-thread-1] INFO  server.RaftServerConfigKeys (ConfUtils.java:logGet(43)) - raft.server.log.segment.cache.num.max = 2 (custom)
2019-09-19 14:45:07,195 [pool-49-thread-1] INFO  segmented.SegmentedRaftLogWorker (SegmentedRaftLogWorker.java:<init>(172)) - new 7bb82aea-de54-461a-943d-5c63d8edb395-SegmentedRaftLogWorker:Storage Directory /workdir/hadoop-ozone/tools/target/test-dir/MiniOzoneClusterImpl-5b0688b1-0324-4107-bf7a-97e067892599/datanode-2/data/ratis/59afa7a5-5846-4e1a-9a6c-8eb1f8d5ecd9 for RaftStorage:Storage Directory /workdir/hadoop-ozone/tools/target/test-dir/MiniOzoneClusterImpl-5b0688b1-0324-4107-bf7a-97e067892599/datanode-2/data/ratis/59afa7a5-5846-4e1a-9a6c-8eb1f8d5ecd9
2019-09-19 14:45:07,195 [pool-49-thread-1] INFO  server.RaftServerConfigKeys (ConfUtils.java:logGet(43)) - raft.server.log.queue.byte-limit = 2147483647 (custom)
2019-09-19 14:45:07,195 [pool-49-thread-1] INFO  server.RaftServerConfigKeys (ConfUtils.java:logGet(43)) - raft.server.log.queue.element-limit = 1024 (custom)
2019-09-19 14:45:07,195 [pool-49-thread-1] INFO  server.RaftServerConfigKeys (ConfUtils.java:logGet(43)) - raft.server.log.segment.size.max = 1048576 (custom)
2019-09-19 14:45:07,196 [pool-49-thread-1] INFO  server.RaftServerConfigKeys (ConfUtils.java:logGet(43)) - raft.server.log.preallocated.size = 16384 (custom)
2019-09-19 14:45:07,196 [pool-49-thread-1] INFO  server.RaftServerConfigKeys (ConfUtils.java:logGet(43)) - raft.server.log.write.buffer.size = 33554432 (custom)
2019-09-19 14:45:07,196 [pool-49-thread-1] INFO  server.RaftServerConfigKeys (ConfUtils.java:logGet(43)) - raft.server.log.force.sync.num = 128 (default)
2019-09-19 14:45:07,196 [pool-49-thread-1] INFO  server.RaftServerConfigKeys (ConfUtils.java:logGet(43)) - raft.server.log.statemachine.data.sync = true (default)
2019-09-19 14:45:07,196 [pool-49-thread-1] INFO  server.RaftServerConfigKeys (ConfUtils.java:logGet(43)) - raft.server.log.statemachine.data.sync.timeout = 10s (default)
2019-09-19 14:45:07,196 [pool-49-thread-1] INFO  server.RaftServerConfigKeys (ConfUtils.java:logGet(43)) - raft.server.log.statemachine.data.sync.timeout.retry = -1 (default)
2019-09-19 14:45:07,197 [pool-49-thread-1] INFO  server.RaftServerConfigKeys (ConfUtils.java:logGet(43)) - raft.server.log.statemachine.data.caching.enabled = true (custom)
2019-09-19 14:45:07,197 [pool-49-thread-1] INFO  segmented.SegmentedRaftLogWorker (SegmentedRaftLogWorker.java:lambda$new$0(132)) - 7bb82aea-de54-461a-943d-5c63d8edb395-SegmentedRaftLogWorker:Storage Directory /workdir/hadoop-ozone/tools/target/test-dir/MiniOzoneClusterImpl-5b0688b1-0324-4107-bf7a-97e067892599/datanode-2/data/ratis/59afa7a5-5846-4e1a-9a6c-8eb1f8d5ecd9: flushIndex: setUnconditionally 0 -> -1
2019-09-19 14:45:07,197 [pool-49-thread-1] INFO  server.RaftServerConfigKeys (ConfUtils.java:logGet(43)) - raft.server.snapshot.auto.trigger.enabled = true (custom)
2019-09-19 14:45:07,197 [pool-49-thread-1] INFO  server.RaftServerConfigKeys (ConfUtils.java:logGet(43)) - raft.server.snapshot.auto.trigger.threshold = 10000 (custom)
2019-09-19 14:45:07,198 [pool-49-thread-1] INFO  server.RaftServerConfigKeys (ConfUtils.java:logGet(43)) - raft.server.retrycache.expirytime = 600000ms (custom)
2019-09-19 14:45:07,202 [pool-49-thread-1] INFO  impl.RaftServerImpl (RaftServerImpl.java:start(180)) - 7bb82aea-de54-461a-943d-5c63d8edb395: start group-8EB1F8D5ECD9
2019-09-19 14:45:07,202 [pool-49-thread-1] INFO  impl.RaftServerImpl (RaftServerImpl.java:setRole(171)) - 7bb82aea-de54-461a-943d-5c63d8edb395:group-8EB1F8D5ECD9 changes role from null to FOLLOWER at term 0 for startAsFollower
2019-09-19 14:45:07,202 [pool-49-thread-1] INFO  impl.RoleInfo (RoleInfo.java:updateAndGet(143)) - 7bb82aea-de54-461a-943d-5c63d8edb395: start FollowerState
2019-09-19 14:45:07,203 [pool-49-thread-1] INFO  util.JmxRegister (JmxRegister.java:tryRegister(44)) - Successfully registered JMX Bean with object name Ratis:service=RaftServer,group=group-8EB1F8D5ECD9,id=7bb82aea-de54-461a-943d-5c63d8edb395
2019-09-19 14:45:07,207 [Thread-207] INFO  container.ReplicationManager (ReplicationManager.java:start(151)) - Starting Replication Monitor Thread.
2019-09-19 14:45:07,210 [RatisPipelineUtilsThread] INFO  pipeline.PipelineStateManager (PipelineStateManager.java:addPipeline(56)) - Created pipeline Pipeline[ Id: 59afa7a5-5846-4e1a-9a6c-8eb1f8d5ecd9, Nodes: 7bb82aea-de54-461a-943d-5c63d8edb395{ip: 192.168.5.132, host: pr-hdds-1569-rzdr8-3403194166, networkLocation: /default-rack, certSerialId: null}, Type:RATIS, Factor:ONE, State:OPEN]
2019-09-19 14:45:07,210 [RatisPipelineUtilsThread] ERROR pipeline.PipelinePlacementPolicy (PipelinePlacementPolicy.java:meetCriteria(91)) - Pipeline Placement: Doesn't meet the criteria to be viable node. Heaviness: 6
2019-09-19 14:45:07,210 [RatisPipelineUtilsThread] ERROR pipeline.PipelinePlacementPolicy (PipelinePlacementPolicy.java:meetCriteria(91)) - Pipeline Placement: Doesn't meet the criteria to be viable node. Heaviness: 6
2019-09-19 14:45:07,219 [ReplicationMonitor] INFO  container.ReplicationManager (ReplicationManager.java:run(214)) - Replication Monitor Thread took 9 milliseconds for processing 0 containers.
2019-09-19 14:45:07,234 [grpc-default-executor-0] INFO  impl.RaftServerProxy (RaftServerProxy.java:addNew(89)) - a38eeb7b-34bc-498a-82af-c91824ca14e3: addNew group-1B632AEF4E3E:[a38eeb7b-34bc-498a-82af-c91824ca14e3:192.168.5.132:42492] returns group-1B632AEF4E3E:java.util.concurrent.CompletableFuture@5a1ef23a[Not completed]
2019-09-19 14:45:07,236 [pool-38-thread-1] INFO  impl.RaftServerImpl (RaftServerImpl.java:<init>(93)) - a38eeb7b-34bc-498a-82af-c91824ca14e3: new RaftServerImpl for group-1B632AEF4E3E:[a38eeb7b-34bc-498a-82af-c91824ca14e3:192.168.5.132:42492] with ContainerStateMachine:uninitialized
2019-09-19 14:45:07,236 [pool-38-thread-1] INFO  server.RaftServerConfigKeys (ConfUtils.java:logGet(43)) - raft.server.rpc.timeout.min = 5s (custom)
2019-09-19 14:45:07,236 [pool-38-thread-1] INFO  server.RaftServerConfigKeys (ConfUtils.java:logGet(43)) - raft.server.rpc.timeout.max = 5200ms (custom)
2019-09-19 14:45:07,236 [pool-38-thread-1] INFO  server.RaftServerConfigKeys (ConfUtils.java:logGet(43)) - raft.server.rpcslowness.timeout = 120s (custom)
2019-09-19 14:45:07,236 [pool-38-thread-1] INFO  server.RaftServerConfigKeys (ConfUtils.java:logGet(43)) - raft.server.sleep.deviation.threshold = 300 (default)
2019-09-19 14:45:07,237 [pool-38-thread-1] INFO  server.RaftServerConfigKeys (ConfUtils.java:logGet(43)) - raft.server.log.appender.install.snapshot.enabled = false (custom)
2019-09-19 14:45:07,237 [pool-38-thread-1] INFO  impl.RaftServerImpl (ServerState.java:<init>(105)) - a38eeb7b-34bc-498a-82af-c91824ca14e3:group-1B632AEF4E3E ConfigurationManager, init=-1: [a38eeb7b-34bc-498a-82af-c91824ca14e3:192.168.5.132:42492], old=null, confs=<EMPTY_MAP>
2019-09-19 14:45:07,237 [pool-38-thread-1] INFO  server.RaftServerConfigKeys (ConfUtils.java:logGet(43)) - raft.server.storage.dir = [/workdir/hadoop-ozone/tools/target/test-dir/MiniOzoneClusterImpl-5b0688b1-0324-4107-bf7a-97e067892599/datanode-1/data/ratis] (custom)
2019-09-19 14:45:07,237 [pool-38-thread-1] INFO  storage.RaftStorageDirectory (RaftStorageDirectory.java:analyzeStorage(246)) - The storage directory /workdir/hadoop-ozone/tools/target/test-dir/MiniOzoneClusterImpl-5b0688b1-0324-4107-bf7a-97e067892599/datanode-1/data/ratis/9c6326f5-5907-407f-9961-1b632aef4e3e does not exist. Creating ...
2019-09-19 14:45:07,260 [pool-38-thread-1] INFO  storage.RaftStorageDirectory (RaftStorageDirectory.java:tryLock(328)) - Lock on /workdir/hadoop-ozone/tools/target/test-dir/MiniOzoneClusterImpl-5b0688b1-0324-4107-bf7a-97e067892599/datanode-1/data/ratis/9c6326f5-5907-407f-9961-1b632aef4e3e/in_use.lock acquired by nodename 3767@pr-hdds-1569-rzdr8-3403194166
2019-09-19 14:45:07,286 [pool-38-thread-1] INFO  storage.RaftStorage (RaftStorage.java:format(72)) - Storage directory /workdir/hadoop-ozone/tools/target/test-dir/MiniOzoneClusterImpl-5b0688b1-0324-4107-bf7a-97e067892599/datanode-1/data/ratis/9c6326f5-5907-407f-9961-1b632aef4e3e has been successfully formatted.
2019-09-19 14:45:07,286 [pool-38-thread-1] INFO  ratis.ContainerStateMachine (ContainerStateMachine.java:loadSnapshot(226)) - group-1B632AEF4E3E: The snapshot info is null. Setting the last applied indexto:(t:0, i:~)
2019-09-19 14:45:07,286 [pool-38-thread-1] INFO  server.RaftServerConfigKeys (ConfUtils.java:logGet(43)) - raft.server.leader.election.timeout = 120s (custom)
2019-09-19 14:45:07,286 [pool-38-thread-1] INFO  server.RaftServerConfigKeys (ConfUtils.java:logGet(43)) - raft.server.log.use.memory = false (default)
2019-09-19 14:45:07,287 [pool-38-thread-1] INFO  server.RaftServerConfigKeys (ConfUtils.java:logGet(43)) - raft.server.log.purge.gap = 1000000 (custom)
2019-09-19 14:45:07,287 [pool-38-thread-1] INFO  server.RaftServerConfigKeys (ConfUtils.java:logGet(43)) - raft.server.log.appender.buffer.byte-limit = 33554432 (custom)
2019-09-19 14:45:07,287 [pool-38-thread-1] INFO  server.RaftServerConfigKeys (ConfUtils.java:logGet(43)) - raft.server.log.segment.size.max = 1048576 (custom)
2019-09-19 14:45:07,287 [pool-38-thread-1] INFO  server.RaftServerConfigKeys (ConfUtils.java:logGet(43)) - raft.server.log.segment.cache.num.max = 2 (custom)
2019-09-19 14:45:07,287 [pool-38-thread-1] INFO  segmented.SegmentedRaftLogWorker (SegmentedRaftLogWorker.java:<init>(172)) - new a38eeb7b-34bc-498a-82af-c91824ca14e3-SegmentedRaftLogWorker:Storage Directory /workdir/hadoop-ozone/tools/target/test-dir/MiniOzoneClusterImpl-5b0688b1-0324-4107-bf7a-97e067892599/datanode-1/data/ratis/9c6326f5-5907-407f-9961-1b632aef4e3e for RaftStorage:Storage Directory /workdir/hadoop-ozone/tools/target/test-dir/MiniOzoneClusterImpl-5b0688b1-0324-4107-bf7a-97e067892599/datanode-1/data/ratis/9c6326f5-5907-407f-9961-1b632aef4e3e
2019-09-19 14:45:07,287 [pool-38-thread-1] INFO  server.RaftServerConfigKeys (ConfUtils.java:logGet(43)) - raft.server.log.queue.byte-limit = 2147483647 (custom)
2019-09-19 14:45:07,287 [pool-38-thread-1] INFO  server.RaftServerConfigKeys (ConfUtils.java:logGet(43)) - raft.server.log.queue.element-limit = 1024 (custom)
2019-09-19 14:45:07,287 [pool-38-thread-1] INFO  server.RaftServerConfigKeys (ConfUtils.java:logGet(43)) - raft.server.log.segment.size.max = 1048576 (custom)
2019-09-19 14:45:07,288 [pool-38-thread-1] INFO  server.RaftServerConfigKeys (ConfUtils.java:logGet(43)) - raft.server.log.preallocated.size = 16384 (custom)
2019-09-19 14:45:07,288 [pool-38-thread-1] INFO  server.RaftServerConfigKeys (ConfUtils.java:logGet(43)) - raft.server.log.write.buffer.size = 33554432 (custom)
2019-09-19 14:45:07,288 [pool-38-thread-1] INFO  server.RaftServerConfigKeys (ConfUtils.java:logGet(43)) - raft.server.log.force.sync.num = 128 (default)
2019-09-19 14:45:07,288 [pool-38-thread-1] INFO  server.RaftServerConfigKeys (ConfUtils.java:logGet(43)) - raft.server.log.statemachine.data.sync = true (default)
2019-09-19 14:45:07,288 [pool-38-thread-1] INFO  server.RaftServerConfigKeys (ConfUtils.java:logGet(43)) - raft.server.log.statemachine.data.sync.timeout = 10s (default)
2019-09-19 14:45:07,288 [pool-38-thread-1] INFO  server.RaftServerConfigKeys (ConfUtils.java:logGet(43)) - raft.server.log.statemachine.data.sync.timeout.retry = -1 (default)
2019-09-19 14:45:07,288 [pool-38-thread-1] INFO  server.RaftServerConfigKeys (ConfUtils.java:logGet(43)) - raft.server.log.statemachine.data.caching.enabled = true (custom)
2019-09-19 14:45:07,289 [pool-38-thread-1] INFO  segmented.SegmentedRaftLogWorker (SegmentedRaftLogWorker.java:lambda$new$0(132)) - a38eeb7b-34bc-498a-82af-c91824ca14e3-SegmentedRaftLogWorker:Storage Directory /workdir/hadoop-ozone/tools/target/test-dir/MiniOzoneClusterImpl-5b0688b1-0324-4107-bf7a-97e067892599/datanode-1/data/ratis/9c6326f5-5907-407f-9961-1b632aef4e3e: flushIndex: setUnconditionally 0 -> -1
2019-09-19 14:45:07,289 [pool-38-thread-1] INFO  server.RaftServerConfigKeys (ConfUtils.java:logGet(43)) - raft.server.snapshot.auto.trigger.enabled = true (custom)
2019-09-19 14:45:07,289 [pool-38-thread-1] INFO  server.RaftServerConfigKeys (ConfUtils.java:logGet(43)) - raft.server.snapshot.auto.trigger.threshold = 10000 (custom)
2019-09-19 14:45:07,289 [pool-38-thread-1] INFO  server.RaftServerConfigKeys (ConfUtils.java:logGet(43)) - raft.server.retrycache.expirytime = 600000ms (custom)
2019-09-19 14:45:07,290 [pool-38-thread-1] INFO  impl.RaftServerImpl (RaftServerImpl.java:start(180)) - a38eeb7b-34bc-498a-82af-c91824ca14e3: start group-1B632AEF4E3E
2019-09-19 14:45:07,290 [pool-38-thread-1] INFO  impl.RaftServerImpl (RaftServerImpl.java:setRole(171)) - a38eeb7b-34bc-498a-82af-c91824ca14e3:group-1B632AEF4E3E changes role from null to FOLLOWER at term 0 for startAsFollower
2019-09-19 14:45:07,290 [pool-38-thread-1] INFO  impl.RoleInfo (RoleInfo.java:updateAndGet(143)) - a38eeb7b-34bc-498a-82af-c91824ca14e3: start FollowerState
2019-09-19 14:45:07,296 [pool-38-thread-1] INFO  util.JmxRegister (JmxRegister.java:tryRegister(44)) - Successfully registered JMX Bean with object name Ratis:service=RaftServer,group=group-1B632AEF4E3E,id=a38eeb7b-34bc-498a-82af-c91824ca14e3
2019-09-19 14:45:07,310 [RatisPipelineUtilsThread] INFO  pipeline.PipelineStateManager (PipelineStateManager.java:addPipeline(56)) - Created pipeline Pipeline[ Id: 9c6326f5-5907-407f-9961-1b632aef4e3e, Nodes: a38eeb7b-34bc-498a-82af-c91824ca14e3{ip: 192.168.5.132, host: pr-hdds-1569-rzdr8-3403194166, networkLocation: /default-rack, certSerialId: null}, Type:RATIS, Factor:ONE, State:OPEN]
2019-09-19 14:45:07,314 [RatisPipelineUtilsThread] ERROR pipeline.PipelinePlacementPolicy (PipelinePlacementPolicy.java:meetCriteria(91)) - Pipeline Placement: Doesn't meet the criteria to be viable node. Heaviness: 6
2019-09-19 14:45:07,314 [RatisPipelineUtilsThread] ERROR pipeline.PipelinePlacementPolicy (PipelinePlacementPolicy.java:meetCriteria(91)) - Pipeline Placement: Doesn't meet the criteria to be viable node. Heaviness: 6
2019-09-19 14:45:07,323 [grpc-default-executor-0] INFO  impl.RaftServerProxy (RaftServerProxy.java:addNew(89)) - d074c048-3e38-4e2d-895f-3654e5a631aa: addNew group-92DDCC95FCCE:[d074c048-3e38-4e2d-895f-3654e5a631aa:192.168.5.132:33437] returns group-92DDCC95FCCE:java.util.concurrent.CompletableFuture@11038fb6[Not completed]
2019-09-19 14:45:07,326 [pool-27-thread-1] INFO  impl.RaftServerImpl (RaftServerImpl.java:<init>(93)) - d074c048-3e38-4e2d-895f-3654e5a631aa: new RaftServerImpl for group-92DDCC95FCCE:[d074c048-3e38-4e2d-895f-3654e5a631aa:192.168.5.132:33437] with ContainerStateMachine:uninitialized
2019-09-19 14:45:07,326 [pool-27-thread-1] INFO  server.RaftServerConfigKeys (ConfUtils.java:logGet(43)) - raft.server.rpc.timeout.min = 5s (custom)
2019-09-19 14:45:07,327 [pool-27-thread-1] INFO  server.RaftServerConfigKeys (ConfUtils.java:logGet(43)) - raft.server.rpc.timeout.max = 5200ms (custom)
2019-09-19 14:45:07,327 [pool-27-thread-1] INFO  server.RaftServerConfigKeys (ConfUtils.java:logGet(43)) - raft.server.rpcslowness.timeout = 120s (custom)
2019-09-19 14:45:07,327 [pool-27-thread-1] INFO  server.RaftServerConfigKeys (ConfUtils.java:logGet(43)) - raft.server.sleep.deviation.threshold = 300 (default)
2019-09-19 14:45:07,327 [pool-27-thread-1] INFO  server.RaftServerConfigKeys (ConfUtils.java:logGet(43)) - raft.server.log.appender.install.snapshot.enabled = false (custom)
2019-09-19 14:45:07,328 [pool-27-thread-1] INFO  impl.RaftServerImpl (ServerState.java:<init>(105)) - d074c048-3e38-4e2d-895f-3654e5a631aa:group-92DDCC95FCCE ConfigurationManager, init=-1: [d074c048-3e38-4e2d-895f-3654e5a631aa:192.168.5.132:33437], old=null, confs=<EMPTY_MAP>
2019-09-19 14:45:07,329 [pool-27-thread-1] INFO  server.RaftServerConfigKeys (ConfUtils.java:logGet(43)) - raft.server.storage.dir = [/workdir/hadoop-ozone/tools/target/test-dir/MiniOzoneClusterImpl-5b0688b1-0324-4107-bf7a-97e067892599/datanode-0/data/ratis] (custom)
2019-09-19 14:45:07,329 [pool-27-thread-1] INFO  storage.RaftStorageDirectory (RaftStorageDirectory.java:analyzeStorage(246)) - The storage directory /workdir/hadoop-ozone/tools/target/test-dir/MiniOzoneClusterImpl-5b0688b1-0324-4107-bf7a-97e067892599/datanode-0/data/ratis/429cdf7e-6df3-4389-9b52-92ddcc95fcce does not exist. Creating ...
2019-09-19 14:45:07,329 | INFO  | SCMAudit | user=jenkins1000 | ip=192.168.5.132 | op=SEND_HEARTBEAT {datanodeUUID=a0762623-a339-4c04-8cb0-9d92457e5b77, command=[]} | ret=SUCCESS |  
2019-09-19 14:45:07,353 [pool-27-thread-1] INFO  storage.RaftStorageDirectory (RaftStorageDirectory.java:tryLock(328)) - Lock on /workdir/hadoop-ozone/tools/target/test-dir/MiniOzoneClusterImpl-5b0688b1-0324-4107-bf7a-97e067892599/datanode-0/data/ratis/429cdf7e-6df3-4389-9b52-92ddcc95fcce/in_use.lock acquired by nodename 3767@pr-hdds-1569-rzdr8-3403194166
2019-09-19 14:45:07,379 [pool-27-thread-1] INFO  storage.RaftStorage (RaftStorage.java:format(72)) - Storage directory /workdir/hadoop-ozone/tools/target/test-dir/MiniOzoneClusterImpl-5b0688b1-0324-4107-bf7a-97e067892599/datanode-0/data/ratis/429cdf7e-6df3-4389-9b52-92ddcc95fcce has been successfully formatted.
2019-09-19 14:45:07,379 [pool-27-thread-1] INFO  ratis.ContainerStateMachine (ContainerStateMachine.java:loadSnapshot(226)) - group-92DDCC95FCCE: The snapshot info is null. Setting the last applied indexto:(t:0, i:~)
2019-09-19 14:45:07,380 [pool-27-thread-1] INFO  server.RaftServerConfigKeys (ConfUtils.java:logGet(43)) - raft.server.leader.election.timeout = 120s (custom)
2019-09-19 14:45:07,380 [pool-27-thread-1] INFO  server.RaftServerConfigKeys (ConfUtils.java:logGet(43)) - raft.server.log.use.memory = false (default)
2019-09-19 14:45:07,380 [pool-27-thread-1] INFO  server.RaftServerConfigKeys (ConfUtils.java:logGet(43)) - raft.server.log.purge.gap = 1000000 (custom)
2019-09-19 14:45:07,380 [pool-27-thread-1] INFO  server.RaftServerConfigKeys (ConfUtils.java:logGet(43)) - raft.server.log.appender.buffer.byte-limit = 33554432 (custom)
2019-09-19 14:45:07,380 [pool-27-thread-1] INFO  server.RaftServerConfigKeys (ConfUtils.java:logGet(43)) - raft.server.log.segment.size.max = 1048576 (custom)
2019-09-19 14:45:07,381 [pool-27-thread-1] INFO  server.RaftServerConfigKeys (ConfUtils.java:logGet(43)) - raft.server.log.segment.cache.num.max = 2 (custom)
2019-09-19 14:45:07,381 [pool-27-thread-1] INFO  segmented.SegmentedRaftLogWorker (SegmentedRaftLogWorker.java:<init>(172)) - new d074c048-3e38-4e2d-895f-3654e5a631aa-SegmentedRaftLogWorker:Storage Directory /workdir/hadoop-ozone/tools/target/test-dir/MiniOzoneClusterImpl-5b0688b1-0324-4107-bf7a-97e067892599/datanode-0/data/ratis/429cdf7e-6df3-4389-9b52-92ddcc95fcce for RaftStorage:Storage Directory /workdir/hadoop-ozone/tools/target/test-dir/MiniOzoneClusterImpl-5b0688b1-0324-4107-bf7a-97e067892599/datanode-0/data/ratis/429cdf7e-6df3-4389-9b52-92ddcc95fcce
2019-09-19 14:45:07,381 [pool-27-thread-1] INFO  server.RaftServerConfigKeys (ConfUtils.java:logGet(43)) - raft.server.log.queue.byte-limit = 2147483647 (custom)
2019-09-19 14:45:07,381 [pool-27-thread-1] INFO  server.RaftServerConfigKeys (ConfUtils.java:logGet(43)) - raft.server.log.queue.element-limit = 1024 (custom)
2019-09-19 14:45:07,381 [pool-27-thread-1] INFO  server.RaftServerConfigKeys (ConfUtils.java:logGet(43)) - raft.server.log.segment.size.max = 1048576 (custom)
2019-09-19 14:45:07,382 [pool-27-thread-1] INFO  server.RaftServerConfigKeys (ConfUtils.java:logGet(43)) - raft.server.log.preallocated.size = 16384 (custom)
2019-09-19 14:45:07,382 [pool-27-thread-1] INFO  server.RaftServerConfigKeys (ConfUtils.java:logGet(43)) - raft.server.log.write.buffer.size = 33554432 (custom)
2019-09-19 14:45:07,382 [pool-27-thread-1] INFO  server.RaftServerConfigKeys (ConfUtils.java:logGet(43)) - raft.server.log.force.sync.num = 128 (default)
2019-09-19 14:45:07,382 [pool-27-thread-1] INFO  server.RaftServerConfigKeys (ConfUtils.java:logGet(43)) - raft.server.log.statemachine.data.sync = true (default)
2019-09-19 14:45:07,382 [pool-27-thread-1] INFO  server.RaftServerConfigKeys (ConfUtils.java:logGet(43)) - raft.server.log.statemachine.data.sync.timeout = 10s (default)
2019-09-19 14:45:07,382 [pool-27-thread-1] INFO  server.RaftServerConfigKeys (ConfUtils.java:logGet(43)) - raft.server.log.statemachine.data.sync.timeout.retry = -1 (default)
2019-09-19 14:45:07,383 [pool-27-thread-1] INFO  server.RaftServerConfigKeys (ConfUtils.java:logGet(43)) - raft.server.log.statemachine.data.caching.enabled = true (custom)
2019-09-19 14:45:07,383 [pool-27-thread-1] INFO  segmented.SegmentedRaftLogWorker (SegmentedRaftLogWorker.java:lambda$new$0(132)) - d074c048-3e38-4e2d-895f-3654e5a631aa-SegmentedRaftLogWorker:Storage Directory /workdir/hadoop-ozone/tools/target/test-dir/MiniOzoneClusterImpl-5b0688b1-0324-4107-bf7a-97e067892599/datanode-0/data/ratis/429cdf7e-6df3-4389-9b52-92ddcc95fcce: flushIndex: setUnconditionally 0 -> -1
2019-09-19 14:45:07,384 [pool-27-thread-1] INFO  server.RaftServerConfigKeys (ConfUtils.java:logGet(43)) - raft.server.snapshot.auto.trigger.enabled = true (custom)
2019-09-19 14:45:07,384 [pool-27-thread-1] INFO  server.RaftServerConfigKeys (ConfUtils.java:logGet(43)) - raft.server.snapshot.auto.trigger.threshold = 10000 (custom)
2019-09-19 14:45:07,384 [pool-27-thread-1] INFO  server.RaftServerConfigKeys (ConfUtils.java:logGet(43)) - raft.server.retrycache.expirytime = 600000ms (custom)
2019-09-19 14:45:07,384 [pool-27-thread-1] INFO  impl.RaftServerImpl (RaftServerImpl.java:start(180)) - d074c048-3e38-4e2d-895f-3654e5a631aa: start group-92DDCC95FCCE
2019-09-19 14:45:07,384 [pool-27-thread-1] INFO  impl.RaftServerImpl (RaftServerImpl.java:setRole(171)) - d074c048-3e38-4e2d-895f-3654e5a631aa:group-92DDCC95FCCE changes role from null to FOLLOWER at term 0 for startAsFollower
2019-09-19 14:45:07,385 [pool-27-thread-1] INFO  impl.RoleInfo (RoleInfo.java:updateAndGet(143)) - d074c048-3e38-4e2d-895f-3654e5a631aa: start FollowerState
2019-09-19 14:45:07,385 [pool-27-thread-1] INFO  util.JmxRegister (JmxRegister.java:tryRegister(44)) - Successfully registered JMX Bean with object name Ratis:service=RaftServer,group=group-92DDCC95FCCE,id=d074c048-3e38-4e2d-895f-3654e5a631aa
2019-09-19 14:45:07,391 [RatisPipelineUtilsThread] INFO  pipeline.PipelineStateManager (PipelineStateManager.java:addPipeline(56)) - Created pipeline Pipeline[ Id: 429cdf7e-6df3-4389-9b52-92ddcc95fcce, Nodes: d074c048-3e38-4e2d-895f-3654e5a631aa{ip: 192.168.5.132, host: pr-hdds-1569-rzdr8-3403194166, networkLocation: /default-rack, certSerialId: null}, Type:RATIS, Factor:ONE, State:OPEN]
2019-09-19 14:45:07,393 [RatisPipelineUtilsThread] ERROR pipeline.PipelinePlacementPolicy (PipelinePlacementPolicy.java:meetCriteria(91)) - Pipeline Placement: Doesn't meet the criteria to be viable node. Heaviness: 6
2019-09-19 14:45:07,393 [RatisPipelineUtilsThread] ERROR pipeline.PipelinePlacementPolicy (PipelinePlacementPolicy.java:meetCriteria(91)) - Pipeline Placement: Doesn't meet the criteria to be viable node. Heaviness: 6
2019-09-19 14:45:07,402 [grpc-default-executor-0] INFO  impl.RaftServerProxy (RaftServerProxy.java:addNew(89)) - a38eeb7b-34bc-498a-82af-c91824ca14e3: addNew group-7C2534D7548E:[a38eeb7b-34bc-498a-82af-c91824ca14e3:192.168.5.132:42492] returns group-7C2534D7548E:java.util.concurrent.CompletableFuture@be2eec6[Not completed]
2019-09-19 14:45:07,403 [pool-38-thread-1] INFO  impl.RaftServerImpl (RaftServerImpl.java:<init>(93)) - a38eeb7b-34bc-498a-82af-c91824ca14e3: new RaftServerImpl for group-7C2534D7548E:[a38eeb7b-34bc-498a-82af-c91824ca14e3:192.168.5.132:42492] with ContainerStateMachine:uninitialized
2019-09-19 14:45:07,403 [pool-38-thread-1] INFO  server.RaftServerConfigKeys (ConfUtils.java:logGet(43)) - raft.server.rpc.timeout.min = 5s (custom)
2019-09-19 14:45:07,404 [pool-38-thread-1] INFO  server.RaftServerConfigKeys (ConfUtils.java:logGet(43)) - raft.server.rpc.timeout.max = 5200ms (custom)
2019-09-19 14:45:07,404 [pool-38-thread-1] INFO  server.RaftServerConfigKeys (ConfUtils.java:logGet(43)) - raft.server.rpcslowness.timeout = 120s (custom)
2019-09-19 14:45:07,404 [pool-38-thread-1] INFO  server.RaftServerConfigKeys (ConfUtils.java:logGet(43)) - raft.server.sleep.deviation.threshold = 300 (default)
2019-09-19 14:45:07,404 [pool-38-thread-1] INFO  server.RaftServerConfigKeys (ConfUtils.java:logGet(43)) - raft.server.log.appender.install.snapshot.enabled = false (custom)
2019-09-19 14:45:07,404 [pool-38-thread-1] INFO  impl.RaftServerImpl (ServerState.java:<init>(105)) - a38eeb7b-34bc-498a-82af-c91824ca14e3:group-7C2534D7548E ConfigurationManager, init=-1: [a38eeb7b-34bc-498a-82af-c91824ca14e3:192.168.5.132:42492], old=null, confs=<EMPTY_MAP>
2019-09-19 14:45:07,404 [pool-38-thread-1] INFO  server.RaftServerConfigKeys (ConfUtils.java:logGet(43)) - raft.server.storage.dir = [/workdir/hadoop-ozone/tools/target/test-dir/MiniOzoneClusterImpl-5b0688b1-0324-4107-bf7a-97e067892599/datanode-1/data/ratis] (custom)
2019-09-19 14:45:07,404 [pool-38-thread-1] INFO  storage.RaftStorageDirectory (RaftStorageDirectory.java:analyzeStorage(246)) - The storage directory /workdir/hadoop-ozone/tools/target/test-dir/MiniOzoneClusterImpl-5b0688b1-0324-4107-bf7a-97e067892599/datanode-1/data/ratis/b52e1a89-0905-4dad-8fc9-7c2534d7548e does not exist. Creating ...
2019-09-19 14:45:07,430 [pool-38-thread-1] INFO  storage.RaftStorageDirectory (RaftStorageDirectory.java:tryLock(328)) - Lock on /workdir/hadoop-ozone/tools/target/test-dir/MiniOzoneClusterImpl-5b0688b1-0324-4107-bf7a-97e067892599/datanode-1/data/ratis/b52e1a89-0905-4dad-8fc9-7c2534d7548e/in_use.lock acquired by nodename 3767@pr-hdds-1569-rzdr8-3403194166
2019-09-19 14:45:07,455 [pool-38-thread-1] INFO  storage.RaftStorage (RaftStorage.java:format(72)) - Storage directory /workdir/hadoop-ozone/tools/target/test-dir/MiniOzoneClusterImpl-5b0688b1-0324-4107-bf7a-97e067892599/datanode-1/data/ratis/b52e1a89-0905-4dad-8fc9-7c2534d7548e has been successfully formatted.
2019-09-19 14:45:07,455 [pool-38-thread-1] INFO  ratis.ContainerStateMachine (ContainerStateMachine.java:loadSnapshot(226)) - group-7C2534D7548E: The snapshot info is null. Setting the last applied indexto:(t:0, i:~)
2019-09-19 14:45:07,456 [pool-38-thread-1] INFO  server.RaftServerConfigKeys (ConfUtils.java:logGet(43)) - raft.server.leader.election.timeout = 120s (custom)
2019-09-19 14:45:07,456 [pool-38-thread-1] INFO  server.RaftServerConfigKeys (ConfUtils.java:logGet(43)) - raft.server.log.use.memory = false (default)
2019-09-19 14:45:07,456 [pool-38-thread-1] INFO  server.RaftServerConfigKeys (ConfUtils.java:logGet(43)) - raft.server.log.purge.gap = 1000000 (custom)
2019-09-19 14:45:07,456 [pool-38-thread-1] INFO  server.RaftServerConfigKeys (ConfUtils.java:logGet(43)) - raft.server.log.appender.buffer.byte-limit = 33554432 (custom)
2019-09-19 14:45:07,456 [pool-38-thread-1] INFO  server.RaftServerConfigKeys (ConfUtils.java:logGet(43)) - raft.server.log.segment.size.max = 1048576 (custom)
2019-09-19 14:45:07,456 [pool-38-thread-1] INFO  server.RaftServerConfigKeys (ConfUtils.java:logGet(43)) - raft.server.log.segment.cache.num.max = 2 (custom)
2019-09-19 14:45:07,456 [pool-38-thread-1] INFO  segmented.SegmentedRaftLogWorker (SegmentedRaftLogWorker.java:<init>(172)) - new a38eeb7b-34bc-498a-82af-c91824ca14e3-SegmentedRaftLogWorker:Storage Directory /workdir/hadoop-ozone/tools/target/test-dir/MiniOzoneClusterImpl-5b0688b1-0324-4107-bf7a-97e067892599/datanode-1/data/ratis/b52e1a89-0905-4dad-8fc9-7c2534d7548e for RaftStorage:Storage Directory /workdir/hadoop-ozone/tools/target/test-dir/MiniOzoneClusterImpl-5b0688b1-0324-4107-bf7a-97e067892599/datanode-1/data/ratis/b52e1a89-0905-4dad-8fc9-7c2534d7548e
2019-09-19 14:45:07,457 [pool-38-thread-1] INFO  server.RaftServerConfigKeys (ConfUtils.java:logGet(43)) - raft.server.log.queue.byte-limit = 2147483647 (custom)
2019-09-19 14:45:07,457 [pool-38-thread-1] INFO  server.RaftServerConfigKeys (ConfUtils.java:logGet(43)) - raft.server.log.queue.element-limit = 1024 (custom)
2019-09-19 14:45:07,457 [pool-38-thread-1] INFO  server.RaftServerConfigKeys (ConfUtils.java:logGet(43)) - raft.server.log.segment.size.max = 1048576 (custom)
2019-09-19 14:45:07,457 [pool-38-thread-1] INFO  server.RaftServerConfigKeys (ConfUtils.java:logGet(43)) - raft.server.log.preallocated.size = 16384 (custom)
2019-09-19 14:45:07,457 [pool-38-thread-1] INFO  server.RaftServerConfigKeys (ConfUtils.java:logGet(43)) - raft.server.log.write.buffer.size = 33554432 (custom)
2019-09-19 14:45:07,457 [pool-38-thread-1] INFO  server.RaftServerConfigKeys (ConfUtils.java:logGet(43)) - raft.server.log.force.sync.num = 128 (default)
2019-09-19 14:45:07,457 [pool-38-thread-1] INFO  server.RaftServerConfigKeys (ConfUtils.java:logGet(43)) - raft.server.log.statemachine.data.sync = true (default)
2019-09-19 14:45:07,457 [pool-38-thread-1] INFO  server.RaftServerConfigKeys (ConfUtils.java:logGet(43)) - raft.server.log.statemachine.data.sync.timeout = 10s (default)
2019-09-19 14:45:07,458 [pool-38-thread-1] INFO  server.RaftServerConfigKeys (ConfUtils.java:logGet(43)) - raft.server.log.statemachine.data.sync.timeout.retry = -1 (default)
2019-09-19 14:45:07,458 [pool-38-thread-1] INFO  server.RaftServerConfigKeys (ConfUtils.java:logGet(43)) - raft.server.log.statemachine.data.caching.enabled = true (custom)
2019-09-19 14:45:07,458 [pool-38-thread-1] INFO  segmented.SegmentedRaftLogWorker (SegmentedRaftLogWorker.java:lambda$new$0(132)) - a38eeb7b-34bc-498a-82af-c91824ca14e3-SegmentedRaftLogWorker:Storage Directory /workdir/hadoop-ozone/tools/target/test-dir/MiniOzoneClusterImpl-5b0688b1-0324-4107-bf7a-97e067892599/datanode-1/data/ratis/b52e1a89-0905-4dad-8fc9-7c2534d7548e: flushIndex: setUnconditionally 0 -> -1
2019-09-19 14:45:07,458 [pool-38-thread-1] INFO  server.RaftServerConfigKeys (ConfUtils.java:logGet(43)) - raft.server.snapshot.auto.trigger.enabled = true (custom)
2019-09-19 14:45:07,459 [pool-38-thread-1] INFO  server.RaftServerConfigKeys (ConfUtils.java:logGet(43)) - raft.server.snapshot.auto.trigger.threshold = 10000 (custom)
2019-09-19 14:45:07,459 [pool-38-thread-1] INFO  server.RaftServerConfigKeys (ConfUtils.java:logGet(43)) - raft.server.retrycache.expirytime = 600000ms (custom)
2019-09-19 14:45:07,459 [pool-38-thread-1] INFO  impl.RaftServerImpl (RaftServerImpl.java:start(180)) - a38eeb7b-34bc-498a-82af-c91824ca14e3: start group-7C2534D7548E
2019-09-19 14:45:07,459 [pool-38-thread-1] INFO  impl.RaftServerImpl (RaftServerImpl.java:setRole(171)) - a38eeb7b-34bc-498a-82af-c91824ca14e3:group-7C2534D7548E changes role from null to FOLLOWER at term 0 for startAsFollower
2019-09-19 14:45:07,459 [pool-38-thread-1] INFO  impl.RoleInfo (RoleInfo.java:updateAndGet(143)) - a38eeb7b-34bc-498a-82af-c91824ca14e3: start FollowerState
2019-09-19 14:45:07,460 [pool-38-thread-1] INFO  util.JmxRegister (JmxRegister.java:tryRegister(44)) - Successfully registered JMX Bean with object name Ratis:service=RaftServer,group=group-7C2534D7548E,id=a38eeb7b-34bc-498a-82af-c91824ca14e3
2019-09-19 14:45:07,467 | INFO  | SCMAudit | user=jenkins1000 | ip=192.168.5.132 | op=SEND_HEARTBEAT {datanodeUUID=a38eeb7b-34bc-498a-82af-c91824ca14e3, command=[]} | ret=SUCCESS |  
2019-09-19 14:45:07,467 [RatisPipelineUtilsThread] INFO  pipeline.PipelineStateManager (PipelineStateManager.java:addPipeline(56)) - Created pipeline Pipeline[ Id: b52e1a89-0905-4dad-8fc9-7c2534d7548e, Nodes: a38eeb7b-34bc-498a-82af-c91824ca14e3{ip: 192.168.5.132, host: pr-hdds-1569-rzdr8-3403194166, networkLocation: /default-rack, certSerialId: null}, Type:RATIS, Factor:ONE, State:OPEN]
2019-09-19 14:45:07,469 [RatisPipelineUtilsThread] ERROR pipeline.PipelinePlacementPolicy (PipelinePlacementPolicy.java:meetCriteria(91)) - Pipeline Placement: Doesn't meet the criteria to be viable node. Heaviness: 6
2019-09-19 14:45:07,469 [RatisPipelineUtilsThread] ERROR pipeline.PipelinePlacementPolicy (PipelinePlacementPolicy.java:meetCriteria(91)) - Pipeline Placement: Doesn't meet the criteria to be viable node. Heaviness: 6
2019-09-19 14:45:07,479 [grpc-default-executor-0] INFO  impl.RaftServerProxy (RaftServerProxy.java:addNew(89)) - a38eeb7b-34bc-498a-82af-c91824ca14e3: addNew group-89DA25D099BA:[a38eeb7b-34bc-498a-82af-c91824ca14e3:192.168.5.132:42492] returns group-89DA25D099BA:java.util.concurrent.CompletableFuture@28d0b8f6[Not completed]
 0.00% |█                                                                                                    |  0/1 Time: 0:00:012019-09-19 14:45:07,481 [pool-38-thread-1] INFO  impl.RaftServerImpl (RaftServerImpl.java:<init>(93)) - a38eeb7b-34bc-498a-82af-c91824ca14e3: new RaftServerImpl for group-89DA25D099BA:[a38eeb7b-34bc-498a-82af-c91824ca14e3:192.168.5.132:42492] with ContainerStateMachine:uninitialized
2019-09-19 14:45:07,481 [pool-38-thread-1] INFO  server.RaftServerConfigKeys (ConfUtils.java:logGet(43)) - raft.server.rpc.timeout.min = 5s (custom)
2019-09-19 14:45:07,481 [pool-38-thread-1] INFO  server.RaftServerConfigKeys (ConfUtils.java:logGet(43)) - raft.server.rpc.timeout.max = 5200ms (custom)
2019-09-19 14:45:07,481 [pool-38-thread-1] INFO  server.RaftServerConfigKeys (ConfUtils.java:logGet(43)) - raft.server.rpcslowness.timeout = 120s (custom)
2019-09-19 14:45:07,482 [pool-38-thread-1] INFO  server.RaftServerConfigKeys (ConfUtils.java:logGet(43)) - raft.server.sleep.deviation.threshold = 300 (default)
2019-09-19 14:45:07,482 [pool-38-thread-1] INFO  server.RaftServerConfigKeys (ConfUtils.java:logGet(43)) - raft.server.log.appender.install.snapshot.enabled = false (custom)
2019-09-19 14:45:07,482 [pool-38-thread-1] INFO  impl.RaftServerImpl (ServerState.java:<init>(105)) - a38eeb7b-34bc-498a-82af-c91824ca14e3:group-89DA25D099BA ConfigurationManager, init=-1: [a38eeb7b-34bc-498a-82af-c91824ca14e3:192.168.5.132:42492], old=null, confs=<EMPTY_MAP>
2019-09-19 14:45:07,482 [pool-38-thread-1] INFO  server.RaftServerConfigKeys (ConfUtils.java:logGet(43)) - raft.server.storage.dir = [/workdir/hadoop-ozone/tools/target/test-dir/MiniOzoneClusterImpl-5b0688b1-0324-4107-bf7a-97e067892599/datanode-1/data/ratis] (custom)
2019-09-19 14:45:07,482 [pool-38-thread-1] INFO  storage.RaftStorageDirectory (RaftStorageDirectory.java:analyzeStorage(246)) - The storage directory /workdir/hadoop-ozone/tools/target/test-dir/MiniOzoneClusterImpl-5b0688b1-0324-4107-bf7a-97e067892599/datanode-1/data/ratis/2373bc75-21cc-46bd-9d37-89da25d099ba does not exist. Creating ...
2019-09-19 14:45:07,505 [pool-38-thread-1] INFO  storage.RaftStorageDirectory (RaftStorageDirectory.java:tryLock(328)) - Lock on /workdir/hadoop-ozone/tools/target/test-dir/MiniOzoneClusterImpl-5b0688b1-0324-4107-bf7a-97e067892599/datanode-1/data/ratis/2373bc75-21cc-46bd-9d37-89da25d099ba/in_use.lock acquired by nodename 3767@pr-hdds-1569-rzdr8-3403194166
2019-09-19 14:45:07,531 [pool-38-thread-1] INFO  storage.RaftStorage (RaftStorage.java:format(72)) - Storage directory /workdir/hadoop-ozone/tools/target/test-dir/MiniOzoneClusterImpl-5b0688b1-0324-4107-bf7a-97e067892599/datanode-1/data/ratis/2373bc75-21cc-46bd-9d37-89da25d099ba has been successfully formatted.
2019-09-19 14:45:07,531 [pool-38-thread-1] INFO  ratis.ContainerStateMachine (ContainerStateMachine.java:loadSnapshot(226)) - group-89DA25D099BA: The snapshot info is null. Setting the last applied indexto:(t:0, i:~)
2019-09-19 14:45:07,531 [pool-38-thread-1] INFO  server.RaftServerConfigKeys (ConfUtils.java:logGet(43)) - raft.server.leader.election.timeout = 120s (custom)
2019-09-19 14:45:07,531 [pool-38-thread-1] INFO  server.RaftServerConfigKeys (ConfUtils.java:logGet(43)) - raft.server.log.use.memory = false (default)
2019-09-19 14:45:07,531 [pool-38-thread-1] INFO  server.RaftServerConfigKeys (ConfUtils.java:logGet(43)) - raft.server.log.purge.gap = 1000000 (custom)
2019-09-19 14:45:07,532 [pool-38-thread-1] INFO  server.RaftServerConfigKeys (ConfUtils.java:logGet(43)) - raft.server.log.appender.buffer.byte-limit = 33554432 (custom)
2019-09-19 14:45:07,532 [pool-38-thread-1] INFO  server.RaftServerConfigKeys (ConfUtils.java:logGet(43)) - raft.server.log.segment.size.max = 1048576 (custom)
2019-09-19 14:45:07,532 [pool-38-thread-1] INFO  server.RaftServerConfigKeys (ConfUtils.java:logGet(43)) - raft.server.log.segment.cache.num.max = 2 (custom)
2019-09-19 14:45:07,532 [pool-38-thread-1] INFO  segmented.SegmentedRaftLogWorker (SegmentedRaftLogWorker.java:<init>(172)) - new a38eeb7b-34bc-498a-82af-c91824ca14e3-SegmentedRaftLogWorker:Storage Directory /workdir/hadoop-ozone/tools/target/test-dir/MiniOzoneClusterImpl-5b0688b1-0324-4107-bf7a-97e067892599/datanode-1/data/ratis/2373bc75-21cc-46bd-9d37-89da25d099ba for RaftStorage:Storage Directory /workdir/hadoop-ozone/tools/target/test-dir/MiniOzoneClusterImpl-5b0688b1-0324-4107-bf7a-97e067892599/datanode-1/data/ratis/2373bc75-21cc-46bd-9d37-89da25d099ba
2019-09-19 14:45:07,532 [pool-38-thread-1] INFO  server.RaftServerConfigKeys (ConfUtils.java:logGet(43)) - raft.server.log.queue.byte-limit = 2147483647 (custom)
2019-09-19 14:45:07,532 [pool-38-thread-1] INFO  server.RaftServerConfigKeys (ConfUtils.java:logGet(43)) - raft.server.log.queue.element-limit = 1024 (custom)
2019-09-19 14:45:07,532 [pool-38-thread-1] INFO  server.RaftServerConfigKeys (ConfUtils.java:logGet(43)) - raft.server.log.segment.size.max = 1048576 (custom)
2019-09-19 14:45:07,532 [pool-38-thread-1] INFO  server.RaftServerConfigKeys (ConfUtils.java:logGet(43)) - raft.server.log.preallocated.size = 16384 (custom)
2019-09-19 14:45:07,533 [pool-38-thread-1] INFO  server.RaftServerConfigKeys (ConfUtils.java:logGet(43)) - raft.server.log.write.buffer.size = 33554432 (custom)
2019-09-19 14:45:07,533 [pool-38-thread-1] INFO  server.RaftServerConfigKeys (ConfUtils.java:logGet(43)) - raft.server.log.force.sync.num = 128 (default)
2019-09-19 14:45:07,533 [pool-38-thread-1] INFO  server.RaftServerConfigKeys (ConfUtils.java:logGet(43)) - raft.server.log.statemachine.data.sync = true (default)
2019-09-19 14:45:07,533 [pool-38-thread-1] INFO  server.RaftServerConfigKeys (ConfUtils.java:logGet(43)) - raft.server.log.statemachine.data.sync.timeout = 10s (default)
2019-09-19 14:45:07,533 [pool-38-thread-1] INFO  server.RaftServerConfigKeys (ConfUtils.java:logGet(43)) - raft.server.log.statemachine.data.sync.timeout.retry = -1 (default)
2019-09-19 14:45:07,533 [pool-38-thread-1] INFO  server.RaftServerConfigKeys (ConfUtils.java:logGet(43)) - raft.server.log.statemachine.data.caching.enabled = true (custom)
2019-09-19 14:45:07,533 [pool-38-thread-1] INFO  segmented.SegmentedRaftLogWorker (SegmentedRaftLogWorker.java:lambda$new$0(132)) - a38eeb7b-34bc-498a-82af-c91824ca14e3-SegmentedRaftLogWorker:Storage Directory /workdir/hadoop-ozone/tools/target/test-dir/MiniOzoneClusterImpl-5b0688b1-0324-4107-bf7a-97e067892599/datanode-1/data/ratis/2373bc75-21cc-46bd-9d37-89da25d099ba: flushIndex: setUnconditionally 0 -> -1
2019-09-19 14:45:07,534 [pool-38-thread-1] INFO  server.RaftServerConfigKeys (ConfUtils.java:logGet(43)) - raft.server.snapshot.auto.trigger.enabled = true (custom)
2019-09-19 14:45:07,534 [pool-38-thread-1] INFO  server.RaftServerConfigKeys (ConfUtils.java:logGet(43)) - raft.server.snapshot.auto.trigger.threshold = 10000 (custom)
2019-09-19 14:45:07,534 [pool-38-thread-1] INFO  server.RaftServerConfigKeys (ConfUtils.java:logGet(43)) - raft.server.retrycache.expirytime = 600000ms (custom)
2019-09-19 14:45:07,534 [pool-38-thread-1] INFO  impl.RaftServerImpl (RaftServerImpl.java:start(180)) - a38eeb7b-34bc-498a-82af-c91824ca14e3: start group-89DA25D099BA
2019-09-19 14:45:07,534 [pool-38-thread-1] INFO  impl.RaftServerImpl (RaftServerImpl.java:setRole(171)) - a38eeb7b-34bc-498a-82af-c91824ca14e3:group-89DA25D099BA changes role from null to FOLLOWER at term 0 for startAsFollower
2019-09-19 14:45:07,534 [pool-38-thread-1] INFO  impl.RoleInfo (RoleInfo.java:updateAndGet(143)) - a38eeb7b-34bc-498a-82af-c91824ca14e3: start FollowerState
2019-09-19 14:45:07,535 [pool-38-thread-1] INFO  util.JmxRegister (JmxRegister.java:tryRegister(44)) - Successfully registered JMX Bean with object name Ratis:service=RaftServer,group=group-89DA25D099BA,id=a38eeb7b-34bc-498a-82af-c91824ca14e3
2019-09-19 14:45:07,540 [RatisPipelineUtilsThread] INFO  pipeline.PipelineStateManager (PipelineStateManager.java:addPipeline(56)) - Created pipeline Pipeline[ Id: 2373bc75-21cc-46bd-9d37-89da25d099ba, Nodes: a38eeb7b-34bc-498a-82af-c91824ca14e3{ip: 192.168.5.132, host: pr-hdds-1569-rzdr8-3403194166, networkLocation: /default-rack, certSerialId: null}, Type:RATIS, Factor:ONE, State:OPEN]
2019-09-19 14:45:07,542 [RatisPipelineUtilsThread] ERROR pipeline.PipelinePlacementPolicy (PipelinePlacementPolicy.java:meetCriteria(91)) - Pipeline Placement: Doesn't meet the criteria to be viable node. Heaviness: 6
2019-09-19 14:45:07,542 [RatisPipelineUtilsThread] ERROR pipeline.PipelinePlacementPolicy (PipelinePlacementPolicy.java:meetCriteria(91)) - Pipeline Placement: Doesn't meet the criteria to be viable node. Heaviness: 6
2019-09-19 14:45:07,551 [grpc-default-executor-0] INFO  impl.RaftServerProxy (RaftServerProxy.java:addNew(89)) - a38eeb7b-34bc-498a-82af-c91824ca14e3: addNew group-2D3316BC6E7F:[a38eeb7b-34bc-498a-82af-c91824ca14e3:192.168.5.132:42492] returns group-2D3316BC6E7F:java.util.concurrent.CompletableFuture@10047904[Not completed]
2019-09-19 14:45:07,552 [pool-38-thread-1] INFO  impl.RaftServerImpl (RaftServerImpl.java:<init>(93)) - a38eeb7b-34bc-498a-82af-c91824ca14e3: new RaftServerImpl for group-2D3316BC6E7F:[a38eeb7b-34bc-498a-82af-c91824ca14e3:192.168.5.132:42492] with ContainerStateMachine:uninitialized
2019-09-19 14:45:07,552 [pool-38-thread-1] INFO  server.RaftServerConfigKeys (ConfUtils.java:logGet(43)) - raft.server.rpc.timeout.min = 5s (custom)
2019-09-19 14:45:07,553 [pool-38-thread-1] INFO  server.RaftServerConfigKeys (ConfUtils.java:logGet(43)) - raft.server.rpc.timeout.max = 5200ms (custom)
2019-09-19 14:45:07,553 [pool-38-thread-1] INFO  server.RaftServerConfigKeys (ConfUtils.java:logGet(43)) - raft.server.rpcslowness.timeout = 120s (custom)
2019-09-19 14:45:07,553 [pool-38-thread-1] INFO  server.RaftServerConfigKeys (ConfUtils.java:logGet(43)) - raft.server.sleep.deviation.threshold = 300 (default)
2019-09-19 14:45:07,553 [pool-38-thread-1] INFO  server.RaftServerConfigKeys (ConfUtils.java:logGet(43)) - raft.server.log.appender.install.snapshot.enabled = false (custom)
2019-09-19 14:45:07,553 [pool-38-thread-1] INFO  impl.RaftServerImpl (ServerState.java:<init>(105)) - a38eeb7b-34bc-498a-82af-c91824ca14e3:group-2D3316BC6E7F ConfigurationManager, init=-1: [a38eeb7b-34bc-498a-82af-c91824ca14e3:192.168.5.132:42492], old=null, confs=<EMPTY_MAP>
2019-09-19 14:45:07,553 [pool-38-thread-1] INFO  server.RaftServerConfigKeys (ConfUtils.java:logGet(43)) - raft.server.storage.dir = [/workdir/hadoop-ozone/tools/target/test-dir/MiniOzoneClusterImpl-5b0688b1-0324-4107-bf7a-97e067892599/datanode-1/data/ratis] (custom)
2019-09-19 14:45:07,553 [pool-38-thread-1] INFO  storage.RaftStorageDirectory (RaftStorageDirectory.java:analyzeStorage(246)) - The storage directory /workdir/hadoop-ozone/tools/target/test-dir/MiniOzoneClusterImpl-5b0688b1-0324-4107-bf7a-97e067892599/datanode-1/data/ratis/542767cc-1fe7-40a3-ab04-2d3316bc6e7f does not exist. Creating ...
2019-09-19 14:45:07,581 [pool-38-thread-1] INFO  storage.RaftStorageDirectory (RaftStorageDirectory.java:tryLock(328)) - Lock on /workdir/hadoop-ozone/tools/target/test-dir/MiniOzoneClusterImpl-5b0688b1-0324-4107-bf7a-97e067892599/datanode-1/data/ratis/542767cc-1fe7-40a3-ab04-2d3316bc6e7f/in_use.lock acquired by nodename 3767@pr-hdds-1569-rzdr8-3403194166
2019-09-19 14:45:07,607 [pool-38-thread-1] INFO  storage.RaftStorage (RaftStorage.java:format(72)) - Storage directory /workdir/hadoop-ozone/tools/target/test-dir/MiniOzoneClusterImpl-5b0688b1-0324-4107-bf7a-97e067892599/datanode-1/data/ratis/542767cc-1fe7-40a3-ab04-2d3316bc6e7f has been successfully formatted.
2019-09-19 14:45:07,607 [pool-38-thread-1] INFO  ratis.ContainerStateMachine (ContainerStateMachine.java:loadSnapshot(226)) - group-2D3316BC6E7F: The snapshot info is null. Setting the last applied indexto:(t:0, i:~)
2019-09-19 14:45:07,607 [pool-38-thread-1] INFO  server.RaftServerConfigKeys (ConfUtils.java:logGet(43)) - raft.server.leader.election.timeout = 120s (custom)
2019-09-19 14:45:07,607 [pool-38-thread-1] INFO  server.RaftServerConfigKeys (ConfUtils.java:logGet(43)) - raft.server.log.use.memory = false (default)
2019-09-19 14:45:07,607 [pool-38-thread-1] INFO  server.RaftServerConfigKeys (ConfUtils.java:logGet(43)) - raft.server.log.purge.gap = 1000000 (custom)
2019-09-19 14:45:07,608 [pool-38-thread-1] INFO  server.RaftServerConfigKeys (ConfUtils.java:logGet(43)) - raft.server.log.appender.buffer.byte-limit = 33554432 (custom)
2019-09-19 14:45:07,608 [pool-38-thread-1] INFO  server.RaftServerConfigKeys (ConfUtils.java:logGet(43)) - raft.server.log.segment.size.max = 1048576 (custom)
2019-09-19 14:45:07,608 [pool-38-thread-1] INFO  server.RaftServerConfigKeys (ConfUtils.java:logGet(43)) - raft.server.log.segment.cache.num.max = 2 (custom)
2019-09-19 14:45:07,608 [pool-38-thread-1] INFO  segmented.SegmentedRaftLogWorker (SegmentedRaftLogWorker.java:<init>(172)) - new a38eeb7b-34bc-498a-82af-c91824ca14e3-SegmentedRaftLogWorker:Storage Directory /workdir/hadoop-ozone/tools/target/test-dir/MiniOzoneClusterImpl-5b0688b1-0324-4107-bf7a-97e067892599/datanode-1/data/ratis/542767cc-1fe7-40a3-ab04-2d3316bc6e7f for RaftStorage:Storage Directory /workdir/hadoop-ozone/tools/target/test-dir/MiniOzoneClusterImpl-5b0688b1-0324-4107-bf7a-97e067892599/datanode-1/data/ratis/542767cc-1fe7-40a3-ab04-2d3316bc6e7f
2019-09-19 14:45:07,608 [pool-38-thread-1] INFO  server.RaftServerConfigKeys (ConfUtils.java:logGet(43)) - raft.server.log.queue.byte-limit = 2147483647 (custom)
2019-09-19 14:45:07,608 [pool-38-thread-1] INFO  server.RaftServerConfigKeys (ConfUtils.java:logGet(43)) - raft.server.log.queue.element-limit = 1024 (custom)
2019-09-19 14:45:07,608 [pool-38-thread-1] INFO  server.RaftServerConfigKeys (ConfUtils.java:logGet(43)) - raft.server.log.segment.size.max = 1048576 (custom)
2019-09-19 14:45:07,608 [pool-38-thread-1] INFO  server.RaftServerConfigKeys (ConfUtils.java:logGet(43)) - raft.server.log.preallocated.size = 16384 (custom)
2019-09-19 14:45:07,608 [pool-38-thread-1] INFO  server.RaftServerConfigKeys (ConfUtils.java:logGet(43)) - raft.server.log.write.buffer.size = 33554432 (custom)
2019-09-19 14:45:07,609 [pool-38-thread-1] INFO  server.RaftServerConfigKeys (ConfUtils.java:logGet(43)) - raft.server.log.force.sync.num = 128 (default)
2019-09-19 14:45:07,609 [pool-38-thread-1] INFO  server.RaftServerConfigKeys (ConfUtils.java:logGet(43)) - raft.server.log.statemachine.data.sync = true (default)
2019-09-19 14:45:07,609 [pool-38-thread-1] INFO  server.RaftServerConfigKeys (ConfUtils.java:logGet(43)) - raft.server.log.statemachine.data.sync.timeout = 10s (default)
2019-09-19 14:45:07,609 [pool-38-thread-1] INFO  server.RaftServerConfigKeys (ConfUtils.java:logGet(43)) - raft.server.log.statemachine.data.sync.timeout.retry = -1 (default)
2019-09-19 14:45:07,609 [pool-38-thread-1] INFO  server.RaftServerConfigKeys (ConfUtils.java:logGet(43)) - raft.server.log.statemachine.data.caching.enabled = true (custom)
2019-09-19 14:45:07,609 [pool-38-thread-1] INFO  segmented.SegmentedRaftLogWorker (SegmentedRaftLogWorker.java:lambda$new$0(132)) - a38eeb7b-34bc-498a-82af-c91824ca14e3-SegmentedRaftLogWorker:Storage Directory /workdir/hadoop-ozone/tools/target/test-dir/MiniOzoneClusterImpl-5b0688b1-0324-4107-bf7a-97e067892599/datanode-1/data/ratis/542767cc-1fe7-40a3-ab04-2d3316bc6e7f: flushIndex: setUnconditionally 0 -> -1
2019-09-19 14:45:07,609 [pool-38-thread-1] INFO  server.RaftServerConfigKeys (ConfUtils.java:logGet(43)) - raft.server.snapshot.auto.trigger.enabled = true (custom)
2019-09-19 14:45:07,610 [pool-38-thread-1] INFO  server.RaftServerConfigKeys (ConfUtils.java:logGet(43)) - raft.server.snapshot.auto.trigger.threshold = 10000 (custom)
2019-09-19 14:45:07,610 [pool-38-thread-1] INFO  server.RaftServerConfigKeys (ConfUtils.java:logGet(43)) - raft.server.retrycache.expirytime = 600000ms (custom)
2019-09-19 14:45:07,610 [pool-38-thread-1] INFO  impl.RaftServerImpl (RaftServerImpl.java:start(180)) - a38eeb7b-34bc-498a-82af-c91824ca14e3: start group-2D3316BC6E7F
2019-09-19 14:45:07,610 [pool-38-thread-1] INFO  impl.RaftServerImpl (RaftServerImpl.java:setRole(171)) - a38eeb7b-34bc-498a-82af-c91824ca14e3:group-2D3316BC6E7F changes role from null to FOLLOWER at term 0 for startAsFollower
2019-09-19 14:45:07,610 [pool-38-thread-1] INFO  impl.RoleInfo (RoleInfo.java:updateAndGet(143)) - a38eeb7b-34bc-498a-82af-c91824ca14e3: start FollowerState
2019-09-19 14:45:07,610 [pool-38-thread-1] INFO  util.JmxRegister (JmxRegister.java:tryRegister(44)) - Successfully registered JMX Bean with object name Ratis:service=RaftServer,group=group-2D3316BC6E7F,id=a38eeb7b-34bc-498a-82af-c91824ca14e3
2019-09-19 14:45:07,618 [RatisPipelineUtilsThread] INFO  pipeline.PipelineStateManager (PipelineStateManager.java:addPipeline(56)) - Created pipeline Pipeline[ Id: 542767cc-1fe7-40a3-ab04-2d3316bc6e7f, Nodes: a38eeb7b-34bc-498a-82af-c91824ca14e3{ip: 192.168.5.132, host: pr-hdds-1569-rzdr8-3403194166, networkLocation: /default-rack, certSerialId: null}, Type:RATIS, Factor:ONE, State:OPEN]
2019-09-19 14:45:07,621 [RatisPipelineUtilsThread] ERROR pipeline.PipelinePlacementPolicy (PipelinePlacementPolicy.java:meetCriteria(91)) - Pipeline Placement: Doesn't meet the criteria to be viable node. Heaviness: 6
2019-09-19 14:45:07,621 [RatisPipelineUtilsThread] ERROR pipeline.PipelinePlacementPolicy (PipelinePlacementPolicy.java:meetCriteria(91)) - Pipeline Placement: Doesn't meet the criteria to be viable node. Heaviness: 6
2019-09-19 14:45:07,621 [RatisPipelineUtilsThread] ERROR pipeline.PipelinePlacementPolicy (PipelinePlacementPolicy.java:meetCriteria(91)) - Pipeline Placement: Doesn't meet the criteria to be viable node. Heaviness: 6
2019-09-19 14:45:07,631 [grpc-default-executor-0] INFO  impl.RaftServerProxy (RaftServerProxy.java:addNew(89)) - d074c048-3e38-4e2d-895f-3654e5a631aa: addNew group-F8127E47D4AC:[d074c048-3e38-4e2d-895f-3654e5a631aa:192.168.5.132:33437] returns group-F8127E47D4AC:java.util.concurrent.CompletableFuture@7c989da[Not completed]
2019-09-19 14:45:07,633 [pool-27-thread-1] INFO  impl.RaftServerImpl (RaftServerImpl.java:<init>(93)) - d074c048-3e38-4e2d-895f-3654e5a631aa: new RaftServerImpl for group-F8127E47D4AC:[d074c048-3e38-4e2d-895f-3654e5a631aa:192.168.5.132:33437] with ContainerStateMachine:uninitialized
2019-09-19 14:45:07,633 [pool-27-thread-1] INFO  server.RaftServerConfigKeys (ConfUtils.java:logGet(43)) - raft.server.rpc.timeout.min = 5s (custom)
2019-09-19 14:45:07,634 [pool-27-thread-1] INFO  server.RaftServerConfigKeys (ConfUtils.java:logGet(43)) - raft.server.rpc.timeout.max = 5200ms (custom)
2019-09-19 14:45:07,634 [pool-27-thread-1] INFO  server.RaftServerConfigKeys (ConfUtils.java:logGet(43)) - raft.server.rpcslowness.timeout = 120s (custom)
2019-09-19 14:45:07,634 [pool-27-thread-1] INFO  server.RaftServerConfigKeys (ConfUtils.java:logGet(43)) - raft.server.sleep.deviation.threshold = 300 (default)
2019-09-19 14:45:07,634 [pool-27-thread-1] INFO  server.RaftServerConfigKeys (ConfUtils.java:logGet(43)) - raft.server.log.appender.install.snapshot.enabled = false (custom)
2019-09-19 14:45:07,634 [pool-27-thread-1] INFO  impl.RaftServerImpl (ServerState.java:<init>(105)) - d074c048-3e38-4e2d-895f-3654e5a631aa:group-F8127E47D4AC ConfigurationManager, init=-1: [d074c048-3e38-4e2d-895f-3654e5a631aa:192.168.5.132:33437], old=null, confs=<EMPTY_MAP>
2019-09-19 14:45:07,634 [pool-27-thread-1] INFO  server.RaftServerConfigKeys (ConfUtils.java:logGet(43)) - raft.server.storage.dir = [/workdir/hadoop-ozone/tools/target/test-dir/MiniOzoneClusterImpl-5b0688b1-0324-4107-bf7a-97e067892599/datanode-0/data/ratis] (custom)
2019-09-19 14:45:07,635 [pool-27-thread-1] INFO  storage.RaftStorageDirectory (RaftStorageDirectory.java:analyzeStorage(246)) - The storage directory /workdir/hadoop-ozone/tools/target/test-dir/MiniOzoneClusterImpl-5b0688b1-0324-4107-bf7a-97e067892599/datanode-0/data/ratis/06b7d132-8dfd-44bd-b4ab-f8127e47d4ac does not exist. Creating ...
2019-09-19 14:45:07,659 [pool-27-thread-1] INFO  storage.RaftStorageDirectory (RaftStorageDirectory.java:tryLock(328)) - Lock on /workdir/hadoop-ozone/tools/target/test-dir/MiniOzoneClusterImpl-5b0688b1-0324-4107-bf7a-97e067892599/datanode-0/data/ratis/06b7d132-8dfd-44bd-b4ab-f8127e47d4ac/in_use.lock acquired by nodename 3767@pr-hdds-1569-rzdr8-3403194166
2019-09-19 14:45:07,693 [pool-27-thread-1] INFO  storage.RaftStorage (RaftStorage.java:format(72)) - Storage directory /workdir/hadoop-ozone/tools/target/test-dir/MiniOzoneClusterImpl-5b0688b1-0324-4107-bf7a-97e067892599/datanode-0/data/ratis/06b7d132-8dfd-44bd-b4ab-f8127e47d4ac has been successfully formatted.
2019-09-19 14:45:07,693 [pool-27-thread-1] INFO  ratis.ContainerStateMachine (ContainerStateMachine.java:loadSnapshot(226)) - group-F8127E47D4AC: The snapshot info is null. Setting the last applied indexto:(t:0, i:~)
2019-09-19 14:45:07,693 [pool-27-thread-1] INFO  server.RaftServerConfigKeys (ConfUtils.java:logGet(43)) - raft.server.leader.election.timeout = 120s (custom)
2019-09-19 14:45:07,694 [pool-27-thread-1] INFO  server.RaftServerConfigKeys (ConfUtils.java:logGet(43)) - raft.server.log.use.memory = false (default)
2019-09-19 14:45:07,694 [pool-27-thread-1] INFO  server.RaftServerConfigKeys (ConfUtils.java:logGet(43)) - raft.server.log.purge.gap = 1000000 (custom)
2019-09-19 14:45:07,694 [pool-27-thread-1] INFO  server.RaftServerConfigKeys (ConfUtils.java:logGet(43)) - raft.server.log.appender.buffer.byte-limit = 33554432 (custom)
2019-09-19 14:45:07,694 [pool-27-thread-1] INFO  server.RaftServerConfigKeys (ConfUtils.java:logGet(43)) - raft.server.log.segment.size.max = 1048576 (custom)
2019-09-19 14:45:07,694 [pool-27-thread-1] INFO  server.RaftServerConfigKeys (ConfUtils.java:logGet(43)) - raft.server.log.segment.cache.num.max = 2 (custom)
2019-09-19 14:45:07,695 [pool-27-thread-1] INFO  segmented.SegmentedRaftLogWorker (SegmentedRaftLogWorker.java:<init>(172)) - new d074c048-3e38-4e2d-895f-3654e5a631aa-SegmentedRaftLogWorker:Storage Directory /workdir/hadoop-ozone/tools/target/test-dir/MiniOzoneClusterImpl-5b0688b1-0324-4107-bf7a-97e067892599/datanode-0/data/ratis/06b7d132-8dfd-44bd-b4ab-f8127e47d4ac for RaftStorage:Storage Directory /workdir/hadoop-ozone/tools/target/test-dir/MiniOzoneClusterImpl-5b0688b1-0324-4107-bf7a-97e067892599/datanode-0/data/ratis/06b7d132-8dfd-44bd-b4ab-f8127e47d4ac
2019-09-19 14:45:07,695 [pool-27-thread-1] INFO  server.RaftServerConfigKeys (ConfUtils.java:logGet(43)) - raft.server.log.queue.byte-limit = 2147483647 (custom)
2019-09-19 14:45:07,695 [pool-27-thread-1] INFO  server.RaftServerConfigKeys (ConfUtils.java:logGet(43)) - raft.server.log.queue.element-limit = 1024 (custom)
2019-09-19 14:45:07,695 [pool-27-thread-1] INFO  server.RaftServerConfigKeys (ConfUtils.java:logGet(43)) - raft.server.log.segment.size.max = 1048576 (custom)
2019-09-19 14:45:07,695 [pool-27-thread-1] INFO  server.RaftServerConfigKeys (ConfUtils.java:logGet(43)) - raft.server.log.preallocated.size = 16384 (custom)
2019-09-19 14:45:07,695 [pool-27-thread-1] INFO  server.RaftServerConfigKeys (ConfUtils.java:logGet(43)) - raft.server.log.write.buffer.size = 33554432 (custom)
2019-09-19 14:45:07,696 [pool-27-thread-1] INFO  server.RaftServerConfigKeys (ConfUtils.java:logGet(43)) - raft.server.log.force.sync.num = 128 (default)
2019-09-19 14:45:07,696 [pool-27-thread-1] INFO  server.RaftServerConfigKeys (ConfUtils.java:logGet(43)) - raft.server.log.statemachine.data.sync = true (default)
2019-09-19 14:45:07,696 [pool-27-thread-1] INFO  server.RaftServerConfigKeys (ConfUtils.java:logGet(43)) - raft.server.log.statemachine.data.sync.timeout = 10s (default)
2019-09-19 14:45:07,696 [pool-27-thread-1] INFO  server.RaftServerConfigKeys (ConfUtils.java:logGet(43)) - raft.server.log.statemachine.data.sync.timeout.retry = -1 (default)
2019-09-19 14:45:07,696 [pool-27-thread-1] INFO  server.RaftServerConfigKeys (ConfUtils.java:logGet(43)) - raft.server.log.statemachine.data.caching.enabled = true (custom)
2019-09-19 14:45:07,702 [pool-27-thread-1] INFO  segmented.SegmentedRaftLogWorker (SegmentedRaftLogWorker.java:lambda$new$0(132)) - d074c048-3e38-4e2d-895f-3654e5a631aa-SegmentedRaftLogWorker:Storage Directory /workdir/hadoop-ozone/tools/target/test-dir/MiniOzoneClusterImpl-5b0688b1-0324-4107-bf7a-97e067892599/datanode-0/data/ratis/06b7d132-8dfd-44bd-b4ab-f8127e47d4ac: flushIndex: setUnconditionally 0 -> -1
2019-09-19 14:45:07,702 [pool-27-thread-1] INFO  server.RaftServerConfigKeys (ConfUtils.java:logGet(43)) - raft.server.snapshot.auto.trigger.enabled = true (custom)
2019-09-19 14:45:07,702 [pool-27-thread-1] INFO  server.RaftServerConfigKeys (ConfUtils.java:logGet(43)) - raft.server.snapshot.auto.trigger.threshold = 10000 (custom)
2019-09-19 14:45:07,702 [pool-27-thread-1] INFO  server.RaftServerConfigKeys (ConfUtils.java:logGet(43)) - raft.server.retrycache.expirytime = 600000ms (custom)
2019-09-19 14:45:07,703 [pool-27-thread-1] INFO  impl.RaftServerImpl (RaftServerImpl.java:start(180)) - d074c048-3e38-4e2d-895f-3654e5a631aa: start group-F8127E47D4AC
2019-09-19 14:45:07,703 [pool-27-thread-1] INFO  impl.RaftServerImpl (RaftServerImpl.java:setRole(171)) - d074c048-3e38-4e2d-895f-3654e5a631aa:group-F8127E47D4AC changes role from null to FOLLOWER at term 0 for startAsFollower
2019-09-19 14:45:07,703 [pool-27-thread-1] INFO  impl.RoleInfo (RoleInfo.java:updateAndGet(143)) - d074c048-3e38-4e2d-895f-3654e5a631aa: start FollowerState
2019-09-19 14:45:07,703 [pool-27-thread-1] INFO  util.JmxRegister (JmxRegister.java:tryRegister(44)) - Successfully registered JMX Bean with object name Ratis:service=RaftServer,group=group-F8127E47D4AC,id=d074c048-3e38-4e2d-895f-3654e5a631aa
2019-09-19 14:45:07,710 [RatisPipelineUtilsThread] INFO  pipeline.PipelineStateManager (PipelineStateManager.java:addPipeline(56)) - Created pipeline Pipeline[ Id: 06b7d132-8dfd-44bd-b4ab-f8127e47d4ac, Nodes: d074c048-3e38-4e2d-895f-3654e5a631aa{ip: 192.168.5.132, host: pr-hdds-1569-rzdr8-3403194166, networkLocation: /default-rack, certSerialId: null}, Type:RATIS, Factor:ONE, State:OPEN]
2019-09-19 14:45:07,712 [RatisPipelineUtilsThread] ERROR pipeline.PipelinePlacementPolicy (PipelinePlacementPolicy.java:meetCriteria(91)) - Pipeline Placement: Doesn't meet the criteria to be viable node. Heaviness: 6
2019-09-19 14:45:07,712 [RatisPipelineUtilsThread] ERROR pipeline.PipelinePlacementPolicy (PipelinePlacementPolicy.java:meetCriteria(91)) - Pipeline Placement: Doesn't meet the criteria to be viable node. Heaviness: 6
2019-09-19 14:45:07,712 [RatisPipelineUtilsThread] ERROR pipeline.PipelinePlacementPolicy (PipelinePlacementPolicy.java:meetCriteria(91)) - Pipeline Placement: Doesn't meet the criteria to be viable node. Heaviness: 6
2019-09-19 14:45:07,712 [RatisPipelineUtilsThread] ERROR pipeline.PipelinePlacementPolicy (PipelinePlacementPolicy.java:meetCriteria(91)) - Pipeline Placement: Doesn't meet the criteria to be viable node. Heaviness: 6
2019-09-19 14:45:07,722 [grpc-default-executor-0] INFO  impl.RaftServerProxy (RaftServerProxy.java:addNew(89)) - a0762623-a339-4c04-8cb0-9d92457e5b77: addNew group-B0ADF8839032:[a0762623-a339-4c04-8cb0-9d92457e5b77:192.168.5.132:35472] returns group-B0ADF8839032:java.util.concurrent.CompletableFuture@5943537e[Not completed]
2019-09-19 14:45:07,724 [pool-60-thread-1] INFO  impl.RaftServerImpl (RaftServerImpl.java:<init>(93)) - a0762623-a339-4c04-8cb0-9d92457e5b77: new RaftServerImpl for group-B0ADF8839032:[a0762623-a339-4c04-8cb0-9d92457e5b77:192.168.5.132:35472] with ContainerStateMachine:uninitialized
2019-09-19 14:45:07,725 [pool-60-thread-1] INFO  server.RaftServerConfigKeys (ConfUtils.java:logGet(43)) - raft.server.rpc.timeout.min = 5s (custom)
2019-09-19 14:45:07,725 [pool-60-thread-1] INFO  server.RaftServerConfigKeys (ConfUtils.java:logGet(43)) - raft.server.rpc.timeout.max = 5200ms (custom)
2019-09-19 14:45:07,725 [pool-60-thread-1] INFO  server.RaftServerConfigKeys (ConfUtils.java:logGet(43)) - raft.server.rpcslowness.timeout = 120s (custom)
2019-09-19 14:45:07,725 [pool-60-thread-1] INFO  server.RaftServerConfigKeys (ConfUtils.java:logGet(43)) - raft.server.sleep.deviation.threshold = 300 (default)
2019-09-19 14:45:07,725 [pool-60-thread-1] INFO  server.RaftServerConfigKeys (ConfUtils.java:logGet(43)) - raft.server.log.appender.install.snapshot.enabled = false (custom)
2019-09-19 14:45:07,725 [pool-60-thread-1] INFO  impl.RaftServerImpl (ServerState.java:<init>(105)) - a0762623-a339-4c04-8cb0-9d92457e5b77:group-B0ADF8839032 ConfigurationManager, init=-1: [a0762623-a339-4c04-8cb0-9d92457e5b77:192.168.5.132:35472], old=null, confs=<EMPTY_MAP>
2019-09-19 14:45:07,726 [pool-60-thread-1] INFO  server.RaftServerConfigKeys (ConfUtils.java:logGet(43)) - raft.server.storage.dir = [/workdir/hadoop-ozone/tools/target/test-dir/MiniOzoneClusterImpl-5b0688b1-0324-4107-bf7a-97e067892599/datanode-3/data/ratis] (custom)
2019-09-19 14:45:07,726 [pool-60-thread-1] INFO  storage.RaftStorageDirectory (RaftStorageDirectory.java:analyzeStorage(246)) - The storage directory /workdir/hadoop-ozone/tools/target/test-dir/MiniOzoneClusterImpl-5b0688b1-0324-4107-bf7a-97e067892599/datanode-3/data/ratis/104780b8-b767-4546-8b6b-b0adf8839032 does not exist. Creating ...
2019-09-19 14:45:07,752 [pool-60-thread-1] INFO  storage.RaftStorageDirectory (RaftStorageDirectory.java:tryLock(328)) - Lock on /workdir/hadoop-ozone/tools/target/test-dir/MiniOzoneClusterImpl-5b0688b1-0324-4107-bf7a-97e067892599/datanode-3/data/ratis/104780b8-b767-4546-8b6b-b0adf8839032/in_use.lock acquired by nodename 3767@pr-hdds-1569-rzdr8-3403194166
2019-09-19 14:45:07,780 | INFO  | SCMAudit | user=jenkins1000 | ip=192.168.5.132 | op=SEND_HEARTBEAT {datanodeUUID=dbc49482-0539-4069-8573-d74be766be9f, command=[]} | ret=SUCCESS |  
2019-09-19 14:45:07,787 [pool-60-thread-1] INFO  storage.RaftStorage (RaftStorage.java:format(72)) - Storage directory /workdir/hadoop-ozone/tools/target/test-dir/MiniOzoneClusterImpl-5b0688b1-0324-4107-bf7a-97e067892599/datanode-3/data/ratis/104780b8-b767-4546-8b6b-b0adf8839032 has been successfully formatted.
2019-09-19 14:45:07,788 [pool-60-thread-1] INFO  ratis.ContainerStateMachine (ContainerStateMachine.java:loadSnapshot(226)) - group-B0ADF8839032: The snapshot info is null. Setting the last applied indexto:(t:0, i:~)
2019-09-19 14:45:07,788 [pool-60-thread-1] INFO  server.RaftServerConfigKeys (ConfUtils.java:logGet(43)) - raft.server.leader.election.timeout = 120s (custom)
2019-09-19 14:45:07,788 [pool-60-thread-1] INFO  server.RaftServerConfigKeys (ConfUtils.java:logGet(43)) - raft.server.log.use.memory = false (default)
2019-09-19 14:45:07,788 [pool-60-thread-1] INFO  server.RaftServerConfigKeys (ConfUtils.java:logGet(43)) - raft.server.log.purge.gap = 1000000 (custom)
2019-09-19 14:45:07,788 [pool-60-thread-1] INFO  server.RaftServerConfigKeys (ConfUtils.java:logGet(43)) - raft.server.log.appender.buffer.byte-limit = 33554432 (custom)
2019-09-19 14:45:07,789 [pool-60-thread-1] INFO  server.RaftServerConfigKeys (ConfUtils.java:logGet(43)) - raft.server.log.segment.size.max = 1048576 (custom)
2019-09-19 14:45:07,789 [pool-60-thread-1] INFO  server.RaftServerConfigKeys (ConfUtils.java:logGet(43)) - raft.server.log.segment.cache.num.max = 2 (custom)
2019-09-19 14:45:07,789 [pool-60-thread-1] INFO  segmented.SegmentedRaftLogWorker (SegmentedRaftLogWorker.java:<init>(172)) - new a0762623-a339-4c04-8cb0-9d92457e5b77-SegmentedRaftLogWorker:Storage Directory /workdir/hadoop-ozone/tools/target/test-dir/MiniOzoneClusterImpl-5b0688b1-0324-4107-bf7a-97e067892599/datanode-3/data/ratis/104780b8-b767-4546-8b6b-b0adf8839032 for RaftStorage:Storage Directory /workdir/hadoop-ozone/tools/target/test-dir/MiniOzoneClusterImpl-5b0688b1-0324-4107-bf7a-97e067892599/datanode-3/data/ratis/104780b8-b767-4546-8b6b-b0adf8839032
2019-09-19 14:45:07,789 [pool-60-thread-1] INFO  server.RaftServerConfigKeys (ConfUtils.java:logGet(43)) - raft.server.log.queue.byte-limit = 2147483647 (custom)
2019-09-19 14:45:07,789 [pool-60-thread-1] INFO  server.RaftServerConfigKeys (ConfUtils.java:logGet(43)) - raft.server.log.queue.element-limit = 1024 (custom)
2019-09-19 14:45:07,790 [pool-60-thread-1] INFO  server.RaftServerConfigKeys (ConfUtils.java:logGet(43)) - raft.server.log.segment.size.max = 1048576 (custom)
2019-09-19 14:45:07,790 [pool-60-thread-1] INFO  server.RaftServerConfigKeys (ConfUtils.java:logGet(43)) - raft.server.log.preallocated.size = 16384 (custom)
2019-09-19 14:45:07,790 [pool-60-thread-1] INFO  server.RaftServerConfigKeys (ConfUtils.java:logGet(43)) - raft.server.log.write.buffer.size = 33554432 (custom)
2019-09-19 14:45:07,790 [pool-60-thread-1] INFO  server.RaftServerConfigKeys (ConfUtils.java:logGet(43)) - raft.server.log.force.sync.num = 128 (default)
2019-09-19 14:45:07,790 [pool-60-thread-1] INFO  server.RaftServerConfigKeys (ConfUtils.java:logGet(43)) - raft.server.log.statemachine.data.sync = true (default)
2019-09-19 14:45:07,790 [pool-60-thread-1] INFO  server.RaftServerConfigKeys (ConfUtils.java:logGet(43)) - raft.server.log.statemachine.data.sync.timeout = 10s (default)
2019-09-19 14:45:07,790 [pool-60-thread-1] INFO  server.RaftServerConfigKeys (ConfUtils.java:logGet(43)) - raft.server.log.statemachine.data.sync.timeout.retry = -1 (default)
2019-09-19 14:45:07,791 [pool-60-thread-1] INFO  server.RaftServerConfigKeys (ConfUtils.java:logGet(43)) - raft.server.log.statemachine.data.caching.enabled = true (custom)
2019-09-19 14:45:07,795 [pool-60-thread-1] INFO  segmented.SegmentedRaftLogWorker (SegmentedRaftLogWorker.java:lambda$new$0(132)) - a0762623-a339-4c04-8cb0-9d92457e5b77-SegmentedRaftLogWorker:Storage Directory /workdir/hadoop-ozone/tools/target/test-dir/MiniOzoneClusterImpl-5b0688b1-0324-4107-bf7a-97e067892599/datanode-3/data/ratis/104780b8-b767-4546-8b6b-b0adf8839032: flushIndex: setUnconditionally 0 -> -1
2019-09-19 14:45:07,796 [pool-60-thread-1] INFO  server.RaftServerConfigKeys (ConfUtils.java:logGet(43)) - raft.server.snapshot.auto.trigger.enabled = true (custom)
2019-09-19 14:45:07,796 [pool-60-thread-1] INFO  server.RaftServerConfigKeys (ConfUtils.java:logGet(43)) - raft.server.snapshot.auto.trigger.threshold = 10000 (custom)
2019-09-19 14:45:07,796 [pool-60-thread-1] INFO  server.RaftServerConfigKeys (ConfUtils.java:logGet(43)) - raft.server.retrycache.expirytime = 600000ms (custom)
2019-09-19 14:45:07,796 [pool-60-thread-1] INFO  impl.RaftServerImpl (RaftServerImpl.java:start(180)) - a0762623-a339-4c04-8cb0-9d92457e5b77: start group-B0ADF8839032
2019-09-19 14:45:07,797 [pool-60-thread-1] INFO  impl.RaftServerImpl (RaftServerImpl.java:setRole(171)) - a0762623-a339-4c04-8cb0-9d92457e5b77:group-B0ADF8839032 changes role from null to FOLLOWER at term 0 for startAsFollower
2019-09-19 14:45:07,797 [pool-60-thread-1] INFO  impl.RoleInfo (RoleInfo.java:updateAndGet(143)) - a0762623-a339-4c04-8cb0-9d92457e5b77: start FollowerState
2019-09-19 14:45:07,797 [pool-60-thread-1] INFO  util.JmxRegister (JmxRegister.java:tryRegister(44)) - Successfully registered JMX Bean with object name Ratis:service=RaftServer,group=group-B0ADF8839032,id=a0762623-a339-4c04-8cb0-9d92457e5b77
2019-09-19 14:45:07,803 [RatisPipelineUtilsThread] INFO  pipeline.PipelineStateManager (PipelineStateManager.java:addPipeline(56)) - Created pipeline Pipeline[ Id: 104780b8-b767-4546-8b6b-b0adf8839032, Nodes: a0762623-a339-4c04-8cb0-9d92457e5b77{ip: 192.168.5.132, host: pr-hdds-1569-rzdr8-3403194166, networkLocation: /default-rack, certSerialId: null}, Type:RATIS, Factor:ONE, State:OPEN]
2019-09-19 14:45:07,805 [RatisPipelineUtilsThread] ERROR pipeline.PipelinePlacementPolicy (PipelinePlacementPolicy.java:meetCriteria(91)) - Pipeline Placement: Doesn't meet the criteria to be viable node. Heaviness: 6
2019-09-19 14:45:07,806 [RatisPipelineUtilsThread] ERROR pipeline.PipelinePlacementPolicy (PipelinePlacementPolicy.java:meetCriteria(91)) - Pipeline Placement: Doesn't meet the criteria to be viable node. Heaviness: 6
2019-09-19 14:45:07,806 [RatisPipelineUtilsThread] ERROR pipeline.PipelinePlacementPolicy (PipelinePlacementPolicy.java:meetCriteria(91)) - Pipeline Placement: Doesn't meet the criteria to be viable node. Heaviness: 6
2019-09-19 14:45:07,806 [RatisPipelineUtilsThread] ERROR pipeline.PipelinePlacementPolicy (PipelinePlacementPolicy.java:meetCriteria(91)) - Pipeline Placement: Doesn't meet the criteria to be viable node. Heaviness: 6
2019-09-19 14:45:07,816 [grpc-default-executor-0] INFO  impl.RaftServerProxy (RaftServerProxy.java:addNew(89)) - a0762623-a339-4c04-8cb0-9d92457e5b77: addNew group-A34E496BBBB5:[a0762623-a339-4c04-8cb0-9d92457e5b77:192.168.5.132:35472] returns group-A34E496BBBB5:java.util.concurrent.CompletableFuture@24d1308f[Not completed]
2019-09-19 14:45:07,817 [pool-60-thread-1] INFO  impl.RaftServerImpl (RaftServerImpl.java:<init>(93)) - a0762623-a339-4c04-8cb0-9d92457e5b77: new RaftServerImpl for group-A34E496BBBB5:[a0762623-a339-4c04-8cb0-9d92457e5b77:192.168.5.132:35472] with ContainerStateMachine:uninitialized
2019-09-19 14:45:07,818 [pool-60-thread-1] INFO  server.RaftServerConfigKeys (ConfUtils.java:logGet(43)) - raft.server.rpc.timeout.min = 5s (custom)
2019-09-19 14:45:07,818 [pool-60-thread-1] INFO  server.RaftServerConfigKeys (ConfUtils.java:logGet(43)) - raft.server.rpc.timeout.max = 5200ms (custom)
2019-09-19 14:45:07,818 [pool-60-thread-1] INFO  server.RaftServerConfigKeys (ConfUtils.java:logGet(43)) - raft.server.rpcslowness.timeout = 120s (custom)
2019-09-19 14:45:07,818 [pool-60-thread-1] INFO  server.RaftServerConfigKeys (ConfUtils.java:logGet(43)) - raft.server.sleep.deviation.threshold = 300 (default)
2019-09-19 14:45:07,818 [pool-60-thread-1] INFO  server.RaftServerConfigKeys (ConfUtils.java:logGet(43)) - raft.server.log.appender.install.snapshot.enabled = false (custom)
2019-09-19 14:45:07,819 [pool-60-thread-1] INFO  impl.RaftServerImpl (ServerState.java:<init>(105)) - a0762623-a339-4c04-8cb0-9d92457e5b77:group-A34E496BBBB5 ConfigurationManager, init=-1: [a0762623-a339-4c04-8cb0-9d92457e5b77:192.168.5.132:35472], old=null, confs=<EMPTY_MAP>
2019-09-19 14:45:07,819 [pool-60-thread-1] INFO  server.RaftServerConfigKeys (ConfUtils.java:logGet(43)) - raft.server.storage.dir = [/workdir/hadoop-ozone/tools/target/test-dir/MiniOzoneClusterImpl-5b0688b1-0324-4107-bf7a-97e067892599/datanode-3/data/ratis] (custom)
2019-09-19 14:45:07,819 [pool-60-thread-1] INFO  storage.RaftStorageDirectory (RaftStorageDirectory.java:analyzeStorage(246)) - The storage directory /workdir/hadoop-ozone/tools/target/test-dir/MiniOzoneClusterImpl-5b0688b1-0324-4107-bf7a-97e067892599/datanode-3/data/ratis/2982c6d7-7fcf-45d7-8be4-a34e496bbbb5 does not exist. Creating ...
2019-09-19 14:45:07,846 [pool-60-thread-1] INFO  storage.RaftStorageDirectory (RaftStorageDirectory.java:tryLock(328)) - Lock on /workdir/hadoop-ozone/tools/target/test-dir/MiniOzoneClusterImpl-5b0688b1-0324-4107-bf7a-97e067892599/datanode-3/data/ratis/2982c6d7-7fcf-45d7-8be4-a34e496bbbb5/in_use.lock acquired by nodename 3767@pr-hdds-1569-rzdr8-3403194166
2019-09-19 14:45:07,863 [pool-60-thread-1] INFO  storage.RaftStorage (RaftStorage.java:format(72)) - Storage directory /workdir/hadoop-ozone/tools/target/test-dir/MiniOzoneClusterImpl-5b0688b1-0324-4107-bf7a-97e067892599/datanode-3/data/ratis/2982c6d7-7fcf-45d7-8be4-a34e496bbbb5 has been successfully formatted.
2019-09-19 14:45:07,863 [pool-60-thread-1] INFO  ratis.ContainerStateMachine (ContainerStateMachine.java:loadSnapshot(226)) - group-A34E496BBBB5: The snapshot info is null. Setting the last applied indexto:(t:0, i:~)
2019-09-19 14:45:07,864 [pool-60-thread-1] INFO  server.RaftServerConfigKeys (ConfUtils.java:logGet(43)) - raft.server.leader.election.timeout = 120s (custom)
2019-09-19 14:45:07,864 [pool-60-thread-1] INFO  server.RaftServerConfigKeys (ConfUtils.java:logGet(43)) - raft.server.log.use.memory = false (default)
2019-09-19 14:45:07,864 [pool-60-thread-1] INFO  server.RaftServerConfigKeys (ConfUtils.java:logGet(43)) - raft.server.log.purge.gap = 1000000 (custom)
2019-09-19 14:45:07,864 [pool-60-thread-1] INFO  server.RaftServerConfigKeys (ConfUtils.java:logGet(43)) - raft.server.log.appender.buffer.byte-limit = 33554432 (custom)
2019-09-19 14:45:07,864 [pool-60-thread-1] INFO  server.RaftServerConfigKeys (ConfUtils.java:logGet(43)) - raft.server.log.segment.size.max = 1048576 (custom)
2019-09-19 14:45:07,864 [pool-60-thread-1] INFO  server.RaftServerConfigKeys (ConfUtils.java:logGet(43)) - raft.server.log.segment.cache.num.max = 2 (custom)
2019-09-19 14:45:07,865 [pool-60-thread-1] INFO  segmented.SegmentedRaftLogWorker (SegmentedRaftLogWorker.java:<init>(172)) - new a0762623-a339-4c04-8cb0-9d92457e5b77-SegmentedRaftLogWorker:Storage Directory /workdir/hadoop-ozone/tools/target/test-dir/MiniOzoneClusterImpl-5b0688b1-0324-4107-bf7a-97e067892599/datanode-3/data/ratis/2982c6d7-7fcf-45d7-8be4-a34e496bbbb5 for RaftStorage:Storage Directory /workdir/hadoop-ozone/tools/target/test-dir/MiniOzoneClusterImpl-5b0688b1-0324-4107-bf7a-97e067892599/datanode-3/data/ratis/2982c6d7-7fcf-45d7-8be4-a34e496bbbb5
2019-09-19 14:45:07,865 [pool-60-thread-1] INFO  server.RaftServerConfigKeys (ConfUtils.java:logGet(43)) - raft.server.log.queue.byte-limit = 2147483647 (custom)
2019-09-19 14:45:07,865 [pool-60-thread-1] INFO  server.RaftServerConfigKeys (ConfUtils.java:logGet(43)) - raft.server.log.queue.element-limit = 1024 (custom)
2019-09-19 14:45:07,865 [pool-60-thread-1] INFO  server.RaftServerConfigKeys (ConfUtils.java:logGet(43)) - raft.server.log.segment.size.max = 1048576 (custom)
2019-09-19 14:45:07,865 [pool-60-thread-1] INFO  server.RaftServerConfigKeys (ConfUtils.java:logGet(43)) - raft.server.log.preallocated.size = 16384 (custom)
2019-09-19 14:45:07,865 [pool-60-thread-1] INFO  server.RaftServerConfigKeys (ConfUtils.java:logGet(43)) - raft.server.log.write.buffer.size = 33554432 (custom)
2019-09-19 14:45:07,866 [pool-60-thread-1] INFO  server.RaftServerConfigKeys (ConfUtils.java:logGet(43)) - raft.server.log.force.sync.num = 128 (default)
2019-09-19 14:45:07,866 [pool-60-thread-1] INFO  server.RaftServerConfigKeys (ConfUtils.java:logGet(43)) - raft.server.log.statemachine.data.sync = true (default)
2019-09-19 14:45:07,866 [pool-60-thread-1] INFO  server.RaftServerConfigKeys (ConfUtils.java:logGet(43)) - raft.server.log.statemachine.data.sync.timeout = 10s (default)
2019-09-19 14:45:07,866 [pool-60-thread-1] INFO  server.RaftServerConfigKeys (ConfUtils.java:logGet(43)) - raft.server.log.statemachine.data.sync.timeout.retry = -1 (default)
2019-09-19 14:45:07,866 [pool-60-thread-1] INFO  server.RaftServerConfigKeys (ConfUtils.java:logGet(43)) - raft.server.log.statemachine.data.caching.enabled = true (custom)
2019-09-19 14:45:07,867 [pool-60-thread-1] INFO  segmented.SegmentedRaftLogWorker (SegmentedRaftLogWorker.java:lambda$new$0(132)) - a0762623-a339-4c04-8cb0-9d92457e5b77-SegmentedRaftLogWorker:Storage Directory /workdir/hadoop-ozone/tools/target/test-dir/MiniOzoneClusterImpl-5b0688b1-0324-4107-bf7a-97e067892599/datanode-3/data/ratis/2982c6d7-7fcf-45d7-8be4-a34e496bbbb5: flushIndex: setUnconditionally 0 -> -1
2019-09-19 14:45:07,867 [pool-60-thread-1] INFO  server.RaftServerConfigKeys (ConfUtils.java:logGet(43)) - raft.server.snapshot.auto.trigger.enabled = true (custom)
2019-09-19 14:45:07,867 [pool-60-thread-1] INFO  server.RaftServerConfigKeys (ConfUtils.java:logGet(43)) - raft.server.snapshot.auto.trigger.threshold = 10000 (custom)
2019-09-19 14:45:07,867 [pool-60-thread-1] INFO  server.RaftServerConfigKeys (ConfUtils.java:logGet(43)) - raft.server.retrycache.expirytime = 600000ms (custom)
2019-09-19 14:45:07,868 [pool-60-thread-1] INFO  impl.RaftServerImpl (RaftServerImpl.java:start(180)) - a0762623-a339-4c04-8cb0-9d92457e5b77: start group-A34E496BBBB5
2019-09-19 14:45:07,868 [pool-60-thread-1] INFO  impl.RaftServerImpl (RaftServerImpl.java:setRole(171)) - a0762623-a339-4c04-8cb0-9d92457e5b77:group-A34E496BBBB5 changes role from null to FOLLOWER at term 0 for startAsFollower
2019-09-19 14:45:07,868 [pool-60-thread-1] INFO  impl.RoleInfo (RoleInfo.java:updateAndGet(143)) - a0762623-a339-4c04-8cb0-9d92457e5b77: start FollowerState
2019-09-19 14:45:07,869 [pool-60-thread-1] INFO  util.JmxRegister (JmxRegister.java:tryRegister(44)) - Successfully registered JMX Bean with object name Ratis:service=RaftServer,group=group-A34E496BBBB5,id=a0762623-a339-4c04-8cb0-9d92457e5b77
2019-09-19 14:45:07,874 [RatisPipelineUtilsThread] INFO  pipeline.PipelineStateManager (PipelineStateManager.java:addPipeline(56)) - Created pipeline Pipeline[ Id: 2982c6d7-7fcf-45d7-8be4-a34e496bbbb5, Nodes: a0762623-a339-4c04-8cb0-9d92457e5b77{ip: 192.168.5.132, host: pr-hdds-1569-rzdr8-3403194166, networkLocation: /default-rack, certSerialId: null}, Type:RATIS, Factor:ONE, State:OPEN]
2019-09-19 14:45:07,876 [RatisPipelineUtilsThread] ERROR pipeline.PipelinePlacementPolicy (PipelinePlacementPolicy.java:meetCriteria(91)) - Pipeline Placement: Doesn't meet the criteria to be viable node. Heaviness: 6
2019-09-19 14:45:07,876 [RatisPipelineUtilsThread] ERROR pipeline.PipelinePlacementPolicy (PipelinePlacementPolicy.java:meetCriteria(91)) - Pipeline Placement: Doesn't meet the criteria to be viable node. Heaviness: 6
2019-09-19 14:45:07,876 [RatisPipelineUtilsThread] ERROR pipeline.PipelinePlacementPolicy (PipelinePlacementPolicy.java:meetCriteria(91)) - Pipeline Placement: Doesn't meet the criteria to be viable node. Heaviness: 6
2019-09-19 14:45:07,877 [RatisPipelineUtilsThread] ERROR pipeline.PipelinePlacementPolicy (PipelinePlacementPolicy.java:meetCriteria(91)) - Pipeline Placement: Doesn't meet the criteria to be viable node. Heaviness: 6
2019-09-19 14:45:07,886 [grpc-default-executor-0] INFO  impl.RaftServerProxy (RaftServerProxy.java:addNew(89)) - a0762623-a339-4c04-8cb0-9d92457e5b77: addNew group-007853382070:[a0762623-a339-4c04-8cb0-9d92457e5b77:192.168.5.132:35472] returns group-007853382070:java.util.concurrent.CompletableFuture@6b21d640[Not completed]
2019-09-19 14:45:07,887 [pool-60-thread-1] INFO  impl.RaftServerImpl (RaftServerImpl.java:<init>(93)) - a0762623-a339-4c04-8cb0-9d92457e5b77: new RaftServerImpl for group-007853382070:[a0762623-a339-4c04-8cb0-9d92457e5b77:192.168.5.132:35472] with ContainerStateMachine:uninitialized
2019-09-19 14:45:07,888 [pool-60-thread-1] INFO  server.RaftServerConfigKeys (ConfUtils.java:logGet(43)) - raft.server.rpc.timeout.min = 5s (custom)
2019-09-19 14:45:07,888 [pool-60-thread-1] INFO  server.RaftServerConfigKeys (ConfUtils.java:logGet(43)) - raft.server.rpc.timeout.max = 5200ms (custom)
2019-09-19 14:45:07,888 [pool-60-thread-1] INFO  server.RaftServerConfigKeys (ConfUtils.java:logGet(43)) - raft.server.rpcslowness.timeout = 120s (custom)
2019-09-19 14:45:07,888 [pool-60-thread-1] INFO  server.RaftServerConfigKeys (ConfUtils.java:logGet(43)) - raft.server.sleep.deviation.threshold = 300 (default)
2019-09-19 14:45:07,888 [pool-60-thread-1] INFO  server.RaftServerConfigKeys (ConfUtils.java:logGet(43)) - raft.server.log.appender.install.snapshot.enabled = false (custom)
2019-09-19 14:45:07,888 [pool-60-thread-1] INFO  impl.RaftServerImpl (ServerState.java:<init>(105)) - a0762623-a339-4c04-8cb0-9d92457e5b77:group-007853382070 ConfigurationManager, init=-1: [a0762623-a339-4c04-8cb0-9d92457e5b77:192.168.5.132:35472], old=null, confs=<EMPTY_MAP>
2019-09-19 14:45:07,888 [pool-60-thread-1] INFO  server.RaftServerConfigKeys (ConfUtils.java:logGet(43)) - raft.server.storage.dir = [/workdir/hadoop-ozone/tools/target/test-dir/MiniOzoneClusterImpl-5b0688b1-0324-4107-bf7a-97e067892599/datanode-3/data/ratis] (custom)
2019-09-19 14:45:07,889 [pool-60-thread-1] INFO  storage.RaftStorageDirectory (RaftStorageDirectory.java:analyzeStorage(246)) - The storage directory /workdir/hadoop-ozone/tools/target/test-dir/MiniOzoneClusterImpl-5b0688b1-0324-4107-bf7a-97e067892599/datanode-3/data/ratis/2e83e75e-1c2e-4534-9ffd-007853382070 does not exist. Creating ...
2019-09-19 14:45:07,914 [pool-60-thread-1] INFO  storage.RaftStorageDirectory (RaftStorageDirectory.java:tryLock(328)) - Lock on /workdir/hadoop-ozone/tools/target/test-dir/MiniOzoneClusterImpl-5b0688b1-0324-4107-bf7a-97e067892599/datanode-3/data/ratis/2e83e75e-1c2e-4534-9ffd-007853382070/in_use.lock acquired by nodename 3767@pr-hdds-1569-rzdr8-3403194166
2019-09-19 14:45:07,931 [pool-60-thread-1] INFO  storage.RaftStorage (RaftStorage.java:format(72)) - Storage directory /workdir/hadoop-ozone/tools/target/test-dir/MiniOzoneClusterImpl-5b0688b1-0324-4107-bf7a-97e067892599/datanode-3/data/ratis/2e83e75e-1c2e-4534-9ffd-007853382070 has been successfully formatted.
2019-09-19 14:45:07,932 [pool-60-thread-1] INFO  ratis.ContainerStateMachine (ContainerStateMachine.java:loadSnapshot(226)) - group-007853382070: The snapshot info is null. Setting the last applied indexto:(t:0, i:~)
2019-09-19 14:45:07,932 [pool-60-thread-1] INFO  server.RaftServerConfigKeys (ConfUtils.java:logGet(43)) - raft.server.leader.election.timeout = 120s (custom)
2019-09-19 14:45:07,932 [pool-60-thread-1] INFO  server.RaftServerConfigKeys (ConfUtils.java:logGet(43)) - raft.server.log.use.memory = false (default)
2019-09-19 14:45:07,932 [pool-60-thread-1] INFO  server.RaftServerConfigKeys (ConfUtils.java:logGet(43)) - raft.server.log.purge.gap = 1000000 (custom)
2019-09-19 14:45:07,932 [pool-60-thread-1] INFO  server.RaftServerConfigKeys (ConfUtils.java:logGet(43)) - raft.server.log.appender.buffer.byte-limit = 33554432 (custom)
2019-09-19 14:45:07,933 [pool-60-thread-1] INFO  server.RaftServerConfigKeys (ConfUtils.java:logGet(43)) - raft.server.log.segment.size.max = 1048576 (custom)
2019-09-19 14:45:07,933 [pool-60-thread-1] INFO  server.RaftServerConfigKeys (ConfUtils.java:logGet(43)) - raft.server.log.segment.cache.num.max = 2 (custom)
2019-09-19 14:45:07,933 [pool-60-thread-1] INFO  segmented.SegmentedRaftLogWorker (SegmentedRaftLogWorker.java:<init>(172)) - new a0762623-a339-4c04-8cb0-9d92457e5b77-SegmentedRaftLogWorker:Storage Directory /workdir/hadoop-ozone/tools/target/test-dir/MiniOzoneClusterImpl-5b0688b1-0324-4107-bf7a-97e067892599/datanode-3/data/ratis/2e83e75e-1c2e-4534-9ffd-007853382070 for RaftStorage:Storage Directory /workdir/hadoop-ozone/tools/target/test-dir/MiniOzoneClusterImpl-5b0688b1-0324-4107-bf7a-97e067892599/datanode-3/data/ratis/2e83e75e-1c2e-4534-9ffd-007853382070
2019-09-19 14:45:07,933 [pool-60-thread-1] INFO  server.RaftServerConfigKeys (ConfUtils.java:logGet(43)) - raft.server.log.queue.byte-limit = 2147483647 (custom)
2019-09-19 14:45:07,933 [pool-60-thread-1] INFO  server.RaftServerConfigKeys (ConfUtils.java:logGet(43)) - raft.server.log.queue.element-limit = 1024 (custom)
2019-09-19 14:45:07,933 [pool-60-thread-1] INFO  server.RaftServerConfigKeys (ConfUtils.java:logGet(43)) - raft.server.log.segment.size.max = 1048576 (custom)
2019-09-19 14:45:07,934 [pool-60-thread-1] INFO  server.RaftServerConfigKeys (ConfUtils.java:logGet(43)) - raft.server.log.preallocated.size = 16384 (custom)
2019-09-19 14:45:07,934 [pool-60-thread-1] INFO  server.RaftServerConfigKeys (ConfUtils.java:logGet(43)) - raft.server.log.write.buffer.size = 33554432 (custom)
2019-09-19 14:45:07,934 [pool-60-thread-1] INFO  server.RaftServerConfigKeys (ConfUtils.java:logGet(43)) - raft.server.log.force.sync.num = 128 (default)
2019-09-19 14:45:07,934 [pool-60-thread-1] INFO  server.RaftServerConfigKeys (ConfUtils.java:logGet(43)) - raft.server.log.statemachine.data.sync = true (default)
2019-09-19 14:45:07,934 [pool-60-thread-1] INFO  server.RaftServerConfigKeys (ConfUtils.java:logGet(43)) - raft.server.log.statemachine.data.sync.timeout = 10s (default)
2019-09-19 14:45:07,934 [pool-60-thread-1] INFO  server.RaftServerConfigKeys (ConfUtils.java:logGet(43)) - raft.server.log.statemachine.data.sync.timeout.retry = -1 (default)
2019-09-19 14:45:07,935 [pool-60-thread-1] INFO  server.RaftServerConfigKeys (ConfUtils.java:logGet(43)) - raft.server.log.statemachine.data.caching.enabled = true (custom)
2019-09-19 14:45:07,935 [pool-60-thread-1] INFO  segmented.SegmentedRaftLogWorker (SegmentedRaftLogWorker.java:lambda$new$0(132)) - a0762623-a339-4c04-8cb0-9d92457e5b77-SegmentedRaftLogWorker:Storage Directory /workdir/hadoop-ozone/tools/target/test-dir/MiniOzoneClusterImpl-5b0688b1-0324-4107-bf7a-97e067892599/datanode-3/data/ratis/2e83e75e-1c2e-4534-9ffd-007853382070: flushIndex: setUnconditionally 0 -> -1
2019-09-19 14:45:07,936 [pool-60-thread-1] INFO  server.RaftServerConfigKeys (ConfUtils.java:logGet(43)) - raft.server.snapshot.auto.trigger.enabled = true (custom)
2019-09-19 14:45:07,936 [pool-60-thread-1] INFO  server.RaftServerConfigKeys (ConfUtils.java:logGet(43)) - raft.server.snapshot.auto.trigger.threshold = 10000 (custom)
2019-09-19 14:45:07,936 [pool-60-thread-1] INFO  server.RaftServerConfigKeys (ConfUtils.java:logGet(43)) - raft.server.retrycache.expirytime = 600000ms (custom)
2019-09-19 14:45:07,936 [pool-60-thread-1] INFO  impl.RaftServerImpl (RaftServerImpl.java:start(180)) - a0762623-a339-4c04-8cb0-9d92457e5b77: start group-007853382070
2019-09-19 14:45:07,936 [pool-60-thread-1] INFO  impl.RaftServerImpl (RaftServerImpl.java:setRole(171)) - a0762623-a339-4c04-8cb0-9d92457e5b77:group-007853382070 changes role from null to FOLLOWER at term 0 for startAsFollower
2019-09-19 14:45:07,937 [pool-60-thread-1] INFO  impl.RoleInfo (RoleInfo.java:updateAndGet(143)) - a0762623-a339-4c04-8cb0-9d92457e5b77: start FollowerState
2019-09-19 14:45:07,937 [pool-60-thread-1] INFO  util.JmxRegister (JmxRegister.java:tryRegister(44)) - Successfully registered JMX Bean with object name Ratis:service=RaftServer,group=group-007853382070,id=a0762623-a339-4c04-8cb0-9d92457e5b77
2019-09-19 14:45:07,943 [RatisPipelineUtilsThread] INFO  pipeline.PipelineStateManager (PipelineStateManager.java:addPipeline(56)) - Created pipeline Pipeline[ Id: 2e83e75e-1c2e-4534-9ffd-007853382070, Nodes: a0762623-a339-4c04-8cb0-9d92457e5b77{ip: 192.168.5.132, host: pr-hdds-1569-rzdr8-3403194166, networkLocation: /default-rack, certSerialId: null}, Type:RATIS, Factor:ONE, State:OPEN]
2019-09-19 14:45:07,945 [RatisPipelineUtilsThread] ERROR pipeline.PipelinePlacementPolicy (PipelinePlacementPolicy.java:meetCriteria(91)) - Pipeline Placement: Doesn't meet the criteria to be viable node. Heaviness: 6
2019-09-19 14:45:07,946 [RatisPipelineUtilsThread] ERROR pipeline.PipelinePlacementPolicy (PipelinePlacementPolicy.java:meetCriteria(91)) - Pipeline Placement: Doesn't meet the criteria to be viable node. Heaviness: 6
2019-09-19 14:45:07,946 [RatisPipelineUtilsThread] ERROR pipeline.PipelinePlacementPolicy (PipelinePlacementPolicy.java:meetCriteria(91)) - Pipeline Placement: Doesn't meet the criteria to be viable node. Heaviness: 6
2019-09-19 14:45:07,946 [RatisPipelineUtilsThread] ERROR pipeline.PipelinePlacementPolicy (PipelinePlacementPolicy.java:meetCriteria(91)) - Pipeline Placement: Doesn't meet the criteria to be viable node. Heaviness: 6
2019-09-19 14:45:07,956 [grpc-default-executor-0] INFO  impl.RaftServerProxy (RaftServerProxy.java:addNew(89)) - a0762623-a339-4c04-8cb0-9d92457e5b77: addNew group-236F43676497:[a0762623-a339-4c04-8cb0-9d92457e5b77:192.168.5.132:35472] returns group-236F43676497:java.util.concurrent.CompletableFuture@46dbc2f3[Not completed]
2019-09-19 14:45:07,957 [pool-60-thread-1] INFO  impl.RaftServerImpl (RaftServerImpl.java:<init>(93)) - a0762623-a339-4c04-8cb0-9d92457e5b77: new RaftServerImpl for group-236F43676497:[a0762623-a339-4c04-8cb0-9d92457e5b77:192.168.5.132:35472] with ContainerStateMachine:uninitialized
2019-09-19 14:45:07,957 [pool-60-thread-1] INFO  server.RaftServerConfigKeys (ConfUtils.java:logGet(43)) - raft.server.rpc.timeout.min = 5s (custom)
2019-09-19 14:45:07,958 [pool-60-thread-1] INFO  server.RaftServerConfigKeys (ConfUtils.java:logGet(43)) - raft.server.rpc.timeout.max = 5200ms (custom)
2019-09-19 14:45:07,958 [pool-60-thread-1] INFO  server.RaftServerConfigKeys (ConfUtils.java:logGet(43)) - raft.server.rpcslowness.timeout = 120s (custom)
2019-09-19 14:45:07,958 [pool-60-thread-1] INFO  server.RaftServerConfigKeys (ConfUtils.java:logGet(43)) - raft.server.sleep.deviation.threshold = 300 (default)
2019-09-19 14:45:07,958 [pool-60-thread-1] INFO  server.RaftServerConfigKeys (ConfUtils.java:logGet(43)) - raft.server.log.appender.install.snapshot.enabled = false (custom)
2019-09-19 14:45:07,958 [pool-60-thread-1] INFO  impl.RaftServerImpl (ServerState.java:<init>(105)) - a0762623-a339-4c04-8cb0-9d92457e5b77:group-236F43676497 ConfigurationManager, init=-1: [a0762623-a339-4c04-8cb0-9d92457e5b77:192.168.5.132:35472], old=null, confs=<EMPTY_MAP>
2019-09-19 14:45:07,958 [pool-60-thread-1] INFO  server.RaftServerConfigKeys (ConfUtils.java:logGet(43)) - raft.server.storage.dir = [/workdir/hadoop-ozone/tools/target/test-dir/MiniOzoneClusterImpl-5b0688b1-0324-4107-bf7a-97e067892599/datanode-3/data/ratis] (custom)
2019-09-19 14:45:07,959 [pool-60-thread-1] INFO  storage.RaftStorageDirectory (RaftStorageDirectory.java:analyzeStorage(246)) - The storage directory /workdir/hadoop-ozone/tools/target/test-dir/MiniOzoneClusterImpl-5b0688b1-0324-4107-bf7a-97e067892599/datanode-3/data/ratis/86c2df19-88ea-46f8-a8c6-236f43676497 does not exist. Creating ...
2019-09-19 14:45:07,982 [pool-60-thread-1] INFO  storage.RaftStorageDirectory (RaftStorageDirectory.java:tryLock(328)) - Lock on /workdir/hadoop-ozone/tools/target/test-dir/MiniOzoneClusterImpl-5b0688b1-0324-4107-bf7a-97e067892599/datanode-3/data/ratis/86c2df19-88ea-46f8-a8c6-236f43676497/in_use.lock acquired by nodename 3767@pr-hdds-1569-rzdr8-3403194166
2019-09-19 14:45:08,008 [pool-60-thread-1] INFO  storage.RaftStorage (RaftStorage.java:format(72)) - Storage directory /workdir/hadoop-ozone/tools/target/test-dir/MiniOzoneClusterImpl-5b0688b1-0324-4107-bf7a-97e067892599/datanode-3/data/ratis/86c2df19-88ea-46f8-a8c6-236f43676497 has been successfully formatted.
2019-09-19 14:45:08,008 [pool-60-thread-1] INFO  ratis.ContainerStateMachine (ContainerStateMachine.java:loadSnapshot(226)) - group-236F43676497: The snapshot info is null. Setting the last applied indexto:(t:0, i:~)
2019-09-19 14:45:08,008 [pool-60-thread-1] INFO  server.RaftServerConfigKeys (ConfUtils.java:logGet(43)) - raft.server.leader.election.timeout = 120s (custom)
2019-09-19 14:45:08,009 [pool-60-thread-1] INFO  server.RaftServerConfigKeys (ConfUtils.java:logGet(43)) - raft.server.log.use.memory = false (default)
2019-09-19 14:45:08,009 [pool-60-thread-1] INFO  server.RaftServerConfigKeys (ConfUtils.java:logGet(43)) - raft.server.log.purge.gap = 1000000 (custom)
2019-09-19 14:45:08,009 [pool-60-thread-1] INFO  server.RaftServerConfigKeys (ConfUtils.java:logGet(43)) - raft.server.log.appender.buffer.byte-limit = 33554432 (custom)
2019-09-19 14:45:08,009 [pool-60-thread-1] INFO  server.RaftServerConfigKeys (ConfUtils.java:logGet(43)) - raft.server.log.segment.size.max = 1048576 (custom)
2019-09-19 14:45:08,009 [pool-60-thread-1] INFO  server.RaftServerConfigKeys (ConfUtils.java:logGet(43)) - raft.server.log.segment.cache.num.max = 2 (custom)
2019-09-19 14:45:08,009 [pool-60-thread-1] INFO  segmented.SegmentedRaftLogWorker (SegmentedRaftLogWorker.java:<init>(172)) - new a0762623-a339-4c04-8cb0-9d92457e5b77-SegmentedRaftLogWorker:Storage Directory /workdir/hadoop-ozone/tools/target/test-dir/MiniOzoneClusterImpl-5b0688b1-0324-4107-bf7a-97e067892599/datanode-3/data/ratis/86c2df19-88ea-46f8-a8c6-236f43676497 for RaftStorage:Storage Directory /workdir/hadoop-ozone/tools/target/test-dir/MiniOzoneClusterImpl-5b0688b1-0324-4107-bf7a-97e067892599/datanode-3/data/ratis/86c2df19-88ea-46f8-a8c6-236f43676497
2019-09-19 14:45:08,010 [pool-60-thread-1] INFO  server.RaftServerConfigKeys (ConfUtils.java:logGet(43)) - raft.server.log.queue.byte-limit = 2147483647 (custom)
2019-09-19 14:45:08,010 [pool-60-thread-1] INFO  server.RaftServerConfigKeys (ConfUtils.java:logGet(43)) - raft.server.log.queue.element-limit = 1024 (custom)
2019-09-19 14:45:08,010 [pool-60-thread-1] INFO  server.RaftServerConfigKeys (ConfUtils.java:logGet(43)) - raft.server.log.segment.size.max = 1048576 (custom)
2019-09-19 14:45:08,010 [pool-60-thread-1] INFO  server.RaftServerConfigKeys (ConfUtils.java:logGet(43)) - raft.server.log.preallocated.size = 16384 (custom)
2019-09-19 14:45:08,010 [pool-60-thread-1] INFO  server.RaftServerConfigKeys (ConfUtils.java:logGet(43)) - raft.server.log.write.buffer.size = 33554432 (custom)
2019-09-19 14:45:08,010 [pool-60-thread-1] INFO  server.RaftServerConfigKeys (ConfUtils.java:logGet(43)) - raft.server.log.force.sync.num = 128 (default)
2019-09-19 14:45:08,010 [pool-60-thread-1] INFO  server.RaftServerConfigKeys (ConfUtils.java:logGet(43)) - raft.server.log.statemachine.data.sync = true (default)
2019-09-19 14:45:08,011 [pool-60-thread-1] INFO  server.RaftServerConfigKeys (ConfUtils.java:logGet(43)) - raft.server.log.statemachine.data.sync.timeout = 10s (default)
2019-09-19 14:45:08,011 [pool-60-thread-1] INFO  server.RaftServerConfigKeys (ConfUtils.java:logGet(43)) - raft.server.log.statemachine.data.sync.timeout.retry = -1 (default)
2019-09-19 14:45:08,011 [pool-60-thread-1] INFO  server.RaftServerConfigKeys (ConfUtils.java:logGet(43)) - raft.server.log.statemachine.data.caching.enabled = true (custom)
2019-09-19 14:45:08,011 [pool-60-thread-1] INFO  segmented.SegmentedRaftLogWorker (SegmentedRaftLogWorker.java:lambda$new$0(132)) - a0762623-a339-4c04-8cb0-9d92457e5b77-SegmentedRaftLogWorker:Storage Directory /workdir/hadoop-ozone/tools/target/test-dir/MiniOzoneClusterImpl-5b0688b1-0324-4107-bf7a-97e067892599/datanode-3/data/ratis/86c2df19-88ea-46f8-a8c6-236f43676497: flushIndex: setUnconditionally 0 -> -1
2019-09-19 14:45:08,012 [pool-60-thread-1] INFO  server.RaftServerConfigKeys (ConfUtils.java:logGet(43)) - raft.server.snapshot.auto.trigger.enabled = true (custom)
2019-09-19 14:45:08,012 [pool-60-thread-1] INFO  server.RaftServerConfigKeys (ConfUtils.java:logGet(43)) - raft.server.snapshot.auto.trigger.threshold = 10000 (custom)
2019-09-19 14:45:08,012 [pool-60-thread-1] INFO  server.RaftServerConfigKeys (ConfUtils.java:logGet(43)) - raft.server.retrycache.expirytime = 600000ms (custom)
2019-09-19 14:45:08,012 [pool-60-thread-1] INFO  impl.RaftServerImpl (RaftServerImpl.java:start(180)) - a0762623-a339-4c04-8cb0-9d92457e5b77: start group-236F43676497
2019-09-19 14:45:08,012 [pool-60-thread-1] INFO  impl.RaftServerImpl (RaftServerImpl.java:setRole(171)) - a0762623-a339-4c04-8cb0-9d92457e5b77:group-236F43676497 changes role from null to FOLLOWER at term 0 for startAsFollower
2019-09-19 14:45:08,013 [pool-60-thread-1] INFO  impl.RoleInfo (RoleInfo.java:updateAndGet(143)) - a0762623-a339-4c04-8cb0-9d92457e5b77: start FollowerState
2019-09-19 14:45:08,013 [pool-60-thread-1] INFO  util.JmxRegister (JmxRegister.java:tryRegister(44)) - Successfully registered JMX Bean with object name Ratis:service=RaftServer,group=group-236F43676497,id=a0762623-a339-4c04-8cb0-9d92457e5b77
2019-09-19 14:45:08,019 [RatisPipelineUtilsThread] INFO  pipeline.PipelineStateManager (PipelineStateManager.java:addPipeline(56)) - Created pipeline Pipeline[ Id: 86c2df19-88ea-46f8-a8c6-236f43676497, Nodes: a0762623-a339-4c04-8cb0-9d92457e5b77{ip: 192.168.5.132, host: pr-hdds-1569-rzdr8-3403194166, networkLocation: /default-rack, certSerialId: null}, Type:RATIS, Factor:ONE, State:OPEN]
2019-09-19 14:45:08,021 [RatisPipelineUtilsThread] ERROR pipeline.PipelinePlacementPolicy (PipelinePlacementPolicy.java:meetCriteria(91)) - Pipeline Placement: Doesn't meet the criteria to be viable node. Heaviness: 6
2019-09-19 14:45:08,021 [RatisPipelineUtilsThread] ERROR pipeline.PipelinePlacementPolicy (PipelinePlacementPolicy.java:meetCriteria(91)) - Pipeline Placement: Doesn't meet the criteria to be viable node. Heaviness: 6
2019-09-19 14:45:08,021 [RatisPipelineUtilsThread] ERROR pipeline.PipelinePlacementPolicy (PipelinePlacementPolicy.java:meetCriteria(91)) - Pipeline Placement: Doesn't meet the criteria to be viable node. Heaviness: 6
2019-09-19 14:45:08,022 [RatisPipelineUtilsThread] ERROR pipeline.PipelinePlacementPolicy (PipelinePlacementPolicy.java:meetCriteria(91)) - Pipeline Placement: Doesn't meet the criteria to be viable node. Heaviness: 6
2019-09-19 14:45:08,032 [grpc-default-executor-0] INFO  impl.RaftServerProxy (RaftServerProxy.java:addNew(89)) - a0762623-a339-4c04-8cb0-9d92457e5b77: addNew group-348C0CDAD6F8:[a0762623-a339-4c04-8cb0-9d92457e5b77:192.168.5.132:35472] returns group-348C0CDAD6F8:java.util.concurrent.CompletableFuture@5e2e9e37[Not completed]
2019-09-19 14:45:08,034 [pool-60-thread-1] INFO  impl.RaftServerImpl (RaftServerImpl.java:<init>(93)) - a0762623-a339-4c04-8cb0-9d92457e5b77: new RaftServerImpl for group-348C0CDAD6F8:[a0762623-a339-4c04-8cb0-9d92457e5b77:192.168.5.132:35472] with ContainerStateMachine:uninitialized
2019-09-19 14:45:08,034 [pool-60-thread-1] INFO  server.RaftServerConfigKeys (ConfUtils.java:logGet(43)) - raft.server.rpc.timeout.min = 5s (custom)
2019-09-19 14:45:08,034 [pool-60-thread-1] INFO  server.RaftServerConfigKeys (ConfUtils.java:logGet(43)) - raft.server.rpc.timeout.max = 5200ms (custom)
2019-09-19 14:45:08,034 [pool-60-thread-1] INFO  server.RaftServerConfigKeys (ConfUtils.java:logGet(43)) - raft.server.rpcslowness.timeout = 120s (custom)
2019-09-19 14:45:08,034 [pool-60-thread-1] INFO  server.RaftServerConfigKeys (ConfUtils.java:logGet(43)) - raft.server.sleep.deviation.threshold = 300 (default)
2019-09-19 14:45:08,034 [pool-60-thread-1] INFO  server.RaftServerConfigKeys (ConfUtils.java:logGet(43)) - raft.server.log.appender.install.snapshot.enabled = false (custom)
2019-09-19 14:45:08,035 [pool-60-thread-1] INFO  impl.RaftServerImpl (ServerState.java:<init>(105)) - a0762623-a339-4c04-8cb0-9d92457e5b77:group-348C0CDAD6F8 ConfigurationManager, init=-1: [a0762623-a339-4c04-8cb0-9d92457e5b77:192.168.5.132:35472], old=null, confs=<EMPTY_MAP>
2019-09-19 14:45:08,035 [pool-60-thread-1] INFO  server.RaftServerConfigKeys (ConfUtils.java:logGet(43)) - raft.server.storage.dir = [/workdir/hadoop-ozone/tools/target/test-dir/MiniOzoneClusterImpl-5b0688b1-0324-4107-bf7a-97e067892599/datanode-3/data/ratis] (custom)
2019-09-19 14:45:08,037 [pool-60-thread-1] INFO  storage.RaftStorageDirectory (RaftStorageDirectory.java:analyzeStorage(246)) - The storage directory /workdir/hadoop-ozone/tools/target/test-dir/MiniOzoneClusterImpl-5b0688b1-0324-4107-bf7a-97e067892599/datanode-3/data/ratis/3d5351f1-07db-40fe-a8aa-348c0cdad6f8 does not exist. Creating ...
2019-09-19 14:45:08,038 | INFO  | SCMAudit | user=jenkins1000 | ip=192.168.5.132 | op=SEND_HEARTBEAT {datanodeUUID=7bb82aea-de54-461a-943d-5c63d8edb395, command=[]} | ret=SUCCESS |  
2019-09-19 14:45:08,066 [pool-60-thread-1] INFO  storage.RaftStorageDirectory (RaftStorageDirectory.java:tryLock(328)) - Lock on /workdir/hadoop-ozone/tools/target/test-dir/MiniOzoneClusterImpl-5b0688b1-0324-4107-bf7a-97e067892599/datanode-3/data/ratis/3d5351f1-07db-40fe-a8aa-348c0cdad6f8/in_use.lock acquired by nodename 3767@pr-hdds-1569-rzdr8-3403194166
2019-09-19 14:45:08,085 [pool-60-thread-1] INFO  storage.RaftStorage (RaftStorage.java:format(72)) - Storage directory /workdir/hadoop-ozone/tools/target/test-dir/MiniOzoneClusterImpl-5b0688b1-0324-4107-bf7a-97e067892599/datanode-3/data/ratis/3d5351f1-07db-40fe-a8aa-348c0cdad6f8 has been successfully formatted.
2019-09-19 14:45:08,085 [pool-60-thread-1] INFO  ratis.ContainerStateMachine (ContainerStateMachine.java:loadSnapshot(226)) - group-348C0CDAD6F8: The snapshot info is null. Setting the last applied indexto:(t:0, i:~)
2019-09-19 14:45:08,085 [pool-60-thread-1] INFO  server.RaftServerConfigKeys (ConfUtils.java:logGet(43)) - raft.server.leader.election.timeout = 120s (custom)
2019-09-19 14:45:08,086 [pool-60-thread-1] INFO  server.RaftServerConfigKeys (ConfUtils.java:logGet(43)) - raft.server.log.use.memory = false (default)
2019-09-19 14:45:08,086 [pool-60-thread-1] INFO  server.RaftServerConfigKeys (ConfUtils.java:logGet(43)) - raft.server.log.purge.gap = 1000000 (custom)
2019-09-19 14:45:08,086 [pool-60-thread-1] INFO  server.RaftServerConfigKeys (ConfUtils.java:logGet(43)) - raft.server.log.appender.buffer.byte-limit = 33554432 (custom)
2019-09-19 14:45:08,086 [pool-60-thread-1] INFO  server.RaftServerConfigKeys (ConfUtils.java:logGet(43)) - raft.server.log.segment.size.max = 1048576 (custom)
2019-09-19 14:45:08,086 [pool-60-thread-1] INFO  server.RaftServerConfigKeys (ConfUtils.java:logGet(43)) - raft.server.log.segment.cache.num.max = 2 (custom)
2019-09-19 14:45:08,087 [pool-60-thread-1] INFO  segmented.SegmentedRaftLogWorker (SegmentedRaftLogWorker.java:<init>(172)) - new a0762623-a339-4c04-8cb0-9d92457e5b77-SegmentedRaftLogWorker:Storage Directory /workdir/hadoop-ozone/tools/target/test-dir/MiniOzoneClusterImpl-5b0688b1-0324-4107-bf7a-97e067892599/datanode-3/data/ratis/3d5351f1-07db-40fe-a8aa-348c0cdad6f8 for RaftStorage:Storage Directory /workdir/hadoop-ozone/tools/target/test-dir/MiniOzoneClusterImpl-5b0688b1-0324-4107-bf7a-97e067892599/datanode-3/data/ratis/3d5351f1-07db-40fe-a8aa-348c0cdad6f8
2019-09-19 14:45:08,087 [pool-60-thread-1] INFO  server.RaftServerConfigKeys (ConfUtils.java:logGet(43)) - raft.server.log.queue.byte-limit = 2147483647 (custom)
2019-09-19 14:45:08,087 [pool-60-thread-1] INFO  server.RaftServerConfigKeys (ConfUtils.java:logGet(43)) - raft.server.log.queue.element-limit = 1024 (custom)
2019-09-19 14:45:08,087 [pool-60-thread-1] INFO  server.RaftServerConfigKeys (ConfUtils.java:logGet(43)) - raft.server.log.segment.size.max = 1048576 (custom)
2019-09-19 14:45:08,087 [pool-60-thread-1] INFO  server.RaftServerConfigKeys (ConfUtils.java:logGet(43)) - raft.server.log.preallocated.size = 16384 (custom)
2019-09-19 14:45:08,087 [pool-60-thread-1] INFO  server.RaftServerConfigKeys (ConfUtils.java:logGet(43)) - raft.server.log.write.buffer.size = 33554432 (custom)
2019-09-19 14:45:08,088 [pool-60-thread-1] INFO  server.RaftServerConfigKeys (ConfUtils.java:logGet(43)) - raft.server.log.force.sync.num = 128 (default)
2019-09-19 14:45:08,088 [pool-60-thread-1] INFO  server.RaftServerConfigKeys (ConfUtils.java:logGet(43)) - raft.server.log.statemachine.data.sync = true (default)
2019-09-19 14:45:08,088 [pool-60-thread-1] INFO  server.RaftServerConfigKeys (ConfUtils.java:logGet(43)) - raft.server.log.statemachine.data.sync.timeout = 10s (default)
2019-09-19 14:45:08,088 [pool-60-thread-1] INFO  server.RaftServerConfigKeys (ConfUtils.java:logGet(43)) - raft.server.log.statemachine.data.sync.timeout.retry = -1 (default)
2019-09-19 14:45:08,088 [pool-60-thread-1] INFO  server.RaftServerConfigKeys (ConfUtils.java:logGet(43)) - raft.server.log.statemachine.data.caching.enabled = true (custom)
2019-09-19 14:45:08,089 [pool-60-thread-1] INFO  segmented.SegmentedRaftLogWorker (SegmentedRaftLogWorker.java:lambda$new$0(132)) - a0762623-a339-4c04-8cb0-9d92457e5b77-SegmentedRaftLogWorker:Storage Directory /workdir/hadoop-ozone/tools/target/test-dir/MiniOzoneClusterImpl-5b0688b1-0324-4107-bf7a-97e067892599/datanode-3/data/ratis/3d5351f1-07db-40fe-a8aa-348c0cdad6f8: flushIndex: setUnconditionally 0 -> -1
2019-09-19 14:45:08,089 [pool-60-thread-1] INFO  server.RaftServerConfigKeys (ConfUtils.java:logGet(43)) - raft.server.snapshot.auto.trigger.enabled = true (custom)
2019-09-19 14:45:08,089 [pool-60-thread-1] INFO  server.RaftServerConfigKeys (ConfUtils.java:logGet(43)) - raft.server.snapshot.auto.trigger.threshold = 10000 (custom)
2019-09-19 14:45:08,090 [pool-60-thread-1] INFO  server.RaftServerConfigKeys (ConfUtils.java:logGet(43)) - raft.server.retrycache.expirytime = 600000ms (custom)
2019-09-19 14:45:08,090 [pool-60-thread-1] INFO  impl.RaftServerImpl (RaftServerImpl.java:start(180)) - a0762623-a339-4c04-8cb0-9d92457e5b77: start group-348C0CDAD6F8
2019-09-19 14:45:08,090 [pool-60-thread-1] INFO  impl.RaftServerImpl (RaftServerImpl.java:setRole(171)) - a0762623-a339-4c04-8cb0-9d92457e5b77:group-348C0CDAD6F8 changes role from null to FOLLOWER at term 0 for startAsFollower
2019-09-19 14:45:08,090 [pool-60-thread-1] INFO  impl.RoleInfo (RoleInfo.java:updateAndGet(143)) - a0762623-a339-4c04-8cb0-9d92457e5b77: start FollowerState
2019-09-19 14:45:08,091 [pool-60-thread-1] INFO  util.JmxRegister (JmxRegister.java:tryRegister(44)) - Successfully registered JMX Bean with object name Ratis:service=RaftServer,group=group-348C0CDAD6F8,id=a0762623-a339-4c04-8cb0-9d92457e5b77
2019-09-19 14:45:08,097 [RatisPipelineUtilsThread] INFO  pipeline.PipelineStateManager (PipelineStateManager.java:addPipeline(56)) - Created pipeline Pipeline[ Id: 3d5351f1-07db-40fe-a8aa-348c0cdad6f8, Nodes: a0762623-a339-4c04-8cb0-9d92457e5b77{ip: 192.168.5.132, host: pr-hdds-1569-rzdr8-3403194166, networkLocation: /default-rack, certSerialId: null}, Type:RATIS, Factor:ONE, State:OPEN]
2019-09-19 14:45:08,100 [RatisPipelineUtilsThread] ERROR pipeline.PipelinePlacementPolicy (PipelinePlacementPolicy.java:meetCriteria(91)) - Pipeline Placement: Doesn't meet the criteria to be viable node. Heaviness: 6
2019-09-19 14:45:08,100 [RatisPipelineUtilsThread] ERROR pipeline.PipelinePlacementPolicy (PipelinePlacementPolicy.java:meetCriteria(91)) - Pipeline Placement: Doesn't meet the criteria to be viable node. Heaviness: 6
2019-09-19 14:45:08,100 [RatisPipelineUtilsThread] ERROR pipeline.PipelinePlacementPolicy (PipelinePlacementPolicy.java:meetCriteria(91)) - Pipeline Placement: Doesn't meet the criteria to be viable node. Heaviness: 6
2019-09-19 14:45:08,100 [RatisPipelineUtilsThread] ERROR pipeline.PipelinePlacementPolicy (PipelinePlacementPolicy.java:meetCriteria(91)) - Pipeline Placement: Doesn't meet the criteria to be viable node. Heaviness: 6
2019-09-19 14:45:08,100 [RatisPipelineUtilsThread] ERROR pipeline.PipelinePlacementPolicy (PipelinePlacementPolicy.java:meetCriteria(91)) - Pipeline Placement: Doesn't meet the criteria to be viable node. Heaviness: 6
2019-09-19 14:45:08,100 [RatisPipelineUtilsThread] ERROR pipeline.PipelinePlacementPolicy (PipelinePlacementPolicy.java:filterViableNodes(146)) - Unable to find enough nodes that meet the criteria that cannot engage in more than 5 pipelines. Nodes required: 1 Found: 0, healthy nodes count inNodeManager: 5.
2019-09-19 14:45:08,105 [RatisPipelineUtilsThread] ERROR pipeline.SCMPipelineManager (SCMPipelineManager.java:createPipeline(161)) - Pipeline creation failed due to exception: Unable to find enough nodes that meet the criteria that cannot engage in more than 5 pipelines. Nodes required: 1 Found: 0, healthy nodes count inNodeManager: 5.
2019-09-19 14:45:08,106 [RatisPipelineUtilsThread] ERROR pipeline.PipelinePlacementPolicy (PipelinePlacementPolicy.java:meetCriteria(91)) - Pipeline Placement: Doesn't meet the criteria to be viable node. Heaviness: 6
2019-09-19 14:45:08,106 | INFO  | SCMAudit | user=jenkins1000 | ip=192.168.5.132 | op=SEND_HEARTBEAT {datanodeUUID=d074c048-3e38-4e2d-895f-3654e5a631aa, command=[]} | ret=SUCCESS |  
2019-09-19 14:45:08,106 [RatisPipelineUtilsThread] ERROR pipeline.PipelinePlacementPolicy (PipelinePlacementPolicy.java:meetCriteria(91)) - Pipeline Placement: Doesn't meet the criteria to be viable node. Heaviness: 6
2019-09-19 14:45:08,106 [RatisPipelineUtilsThread] ERROR pipeline.PipelinePlacementPolicy (PipelinePlacementPolicy.java:meetCriteria(91)) - Pipeline Placement: Doesn't meet the criteria to be viable node. Heaviness: 6
2019-09-19 14:45:08,106 [RatisPipelineUtilsThread] ERROR pipeline.PipelinePlacementPolicy (PipelinePlacementPolicy.java:meetCriteria(91)) - Pipeline Placement: Doesn't meet the criteria to be viable node. Heaviness: 6
2019-09-19 14:45:08,106 [RatisPipelineUtilsThread] ERROR pipeline.PipelinePlacementPolicy (PipelinePlacementPolicy.java:meetCriteria(91)) - Pipeline Placement: Doesn't meet the criteria to be viable node. Heaviness: 6
2019-09-19 14:45:08,106 [RatisPipelineUtilsThread] ERROR pipeline.PipelinePlacementPolicy (PipelinePlacementPolicy.java:filterViableNodes(146)) - Unable to find enough nodes that meet the criteria that cannot engage in more than 5 pipelines. Nodes required: 3 Found: 0, healthy nodes count inNodeManager: 5.
2019-09-19 14:45:08,107 [RatisPipelineUtilsThread] ERROR pipeline.SCMPipelineManager (SCMPipelineManager.java:createPipeline(161)) - Pipeline creation failed due to exception: Unable to find enough nodes that meet the criteria that cannot engage in more than 5 pipelines. Nodes required: 3 Found: 0, healthy nodes count inNodeManager: 5.
2019-09-19 14:45:08,108 [RatisPipelineUtilsThread] ERROR pipeline.PipelinePlacementPolicy (PipelinePlacementPolicy.java:meetCriteria(91)) - Pipeline Placement: Doesn't meet the criteria to be viable node. Heaviness: 6
2019-09-19 14:45:08,108 [RatisPipelineUtilsThread] ERROR pipeline.PipelinePlacementPolicy (PipelinePlacementPolicy.java:meetCriteria(91)) - Pipeline Placement: Doesn't meet the criteria to be viable node. Heaviness: 6
2019-09-19 14:45:08,109 [RatisPipelineUtilsThread] ERROR pipeline.PipelinePlacementPolicy (PipelinePlacementPolicy.java:meetCriteria(91)) - Pipeline Placement: Doesn't meet the criteria to be viable node. Heaviness: 6
2019-09-19 14:45:08,109 [RatisPipelineUtilsThread] ERROR pipeline.PipelinePlacementPolicy (PipelinePlacementPolicy.java:meetCriteria(91)) - Pipeline Placement: Doesn't meet the criteria to be viable node. Heaviness: 6
2019-09-19 14:45:08,109 [RatisPipelineUtilsThread] ERROR pipeline.PipelinePlacementPolicy (PipelinePlacementPolicy.java:meetCriteria(91)) - Pipeline Placement: Doesn't meet the criteria to be viable node. Heaviness: 6
2019-09-19 14:45:08,109 [RatisPipelineUtilsThread] ERROR pipeline.PipelinePlacementPolicy (PipelinePlacementPolicy.java:filterViableNodes(146)) - Unable to find enough nodes that meet the criteria that cannot engage in more than 5 pipelines. Nodes required: 1 Found: 0, healthy nodes count inNodeManager: 5.
2019-09-19 14:45:08,109 [RatisPipelineUtilsThread] ERROR pipeline.SCMPipelineManager (SCMPipelineManager.java:createPipeline(161)) - Pipeline creation failed due to exception: Unable to find enough nodes that meet the criteria that cannot engage in more than 5 pipelines. Nodes required: 1 Found: 0, healthy nodes count inNodeManager: 5.
2019-09-19 14:45:08,109 [RatisPipelineUtilsThread] ERROR pipeline.PipelinePlacementPolicy (PipelinePlacementPolicy.java:meetCriteria(91)) - Pipeline Placement: Doesn't meet the criteria to be viable node. Heaviness: 6
2019-09-19 14:45:08,110 [RatisPipelineUtilsThread] ERROR pipeline.PipelinePlacementPolicy (PipelinePlacementPolicy.java:meetCriteria(91)) - Pipeline Placement: Doesn't meet the criteria to be viable node. Heaviness: 6
2019-09-19 14:45:08,110 [RatisPipelineUtilsThread] ERROR pipeline.PipelinePlacementPolicy (PipelinePlacementPolicy.java:meetCriteria(91)) - Pipeline Placement: Doesn't meet the criteria to be viable node. Heaviness: 6
2019-09-19 14:45:08,110 [RatisPipelineUtilsThread] ERROR pipeline.PipelinePlacementPolicy (PipelinePlacementPolicy.java:meetCriteria(91)) - Pipeline Placement: Doesn't meet the criteria to be viable node. Heaviness: 6
2019-09-19 14:45:08,110 [RatisPipelineUtilsThread] ERROR pipeline.PipelinePlacementPolicy (PipelinePlacementPolicy.java:meetCriteria(91)) - Pipeline Placement: Doesn't meet the criteria to be viable node. Heaviness: 6
2019-09-19 14:45:08,110 [RatisPipelineUtilsThread] ERROR pipeline.PipelinePlacementPolicy (PipelinePlacementPolicy.java:filterViableNodes(146)) - Unable to find enough nodes that meet the criteria that cannot engage in more than 5 pipelines. Nodes required: 3 Found: 0, healthy nodes count inNodeManager: 5.
2019-09-19 14:45:08,110 [RatisPipelineUtilsThread] ERROR pipeline.SCMPipelineManager (SCMPipelineManager.java:createPipeline(161)) - Pipeline creation failed due to exception: Unable to find enough nodes that meet the criteria that cannot engage in more than 5 pipelines. Nodes required: 3 Found: 0, healthy nodes count inNodeManager: 5.
2019-09-19 14:45:08,111 [IPC Server handler 0 on 41560] ERROR pipeline.PipelinePlacementPolicy (PipelinePlacementPolicy.java:meetCriteria(91)) - Pipeline Placement: Doesn't meet the criteria to be viable node. Heaviness: 6
2019-09-19 14:45:08,111 [IPC Server handler 0 on 41560] ERROR pipeline.PipelinePlacementPolicy (PipelinePlacementPolicy.java:meetCriteria(91)) - Pipeline Placement: Doesn't meet the criteria to be viable node. Heaviness: 6
2019-09-19 14:45:08,111 [IPC Server handler 0 on 41560] ERROR pipeline.PipelinePlacementPolicy (PipelinePlacementPolicy.java:meetCriteria(91)) - Pipeline Placement: Doesn't meet the criteria to be viable node. Heaviness: 6
2019-09-19 14:45:08,111 [IPC Server handler 0 on 41560] ERROR pipeline.PipelinePlacementPolicy (PipelinePlacementPolicy.java:meetCriteria(91)) - Pipeline Placement: Doesn't meet the criteria to be viable node. Heaviness: 6
2019-09-19 14:45:08,111 [IPC Server handler 0 on 41560] ERROR pipeline.PipelinePlacementPolicy (PipelinePlacementPolicy.java:meetCriteria(91)) - Pipeline Placement: Doesn't meet the criteria to be viable node. Heaviness: 6
2019-09-19 14:45:08,111 [IPC Server handler 0 on 41560] ERROR pipeline.PipelinePlacementPolicy (PipelinePlacementPolicy.java:filterViableNodes(146)) - Unable to find enough nodes that meet the criteria that cannot engage in more than 5 pipelines. Nodes required: 3 Found: 0, healthy nodes count inNodeManager: 5.
2019-09-19 14:45:08,112 [IPC Server handler 0 on 41560] ERROR pipeline.SCMPipelineManager (SCMPipelineManager.java:createPipeline(161)) - Pipeline creation failed due to exception: Unable to find enough nodes that meet the criteria that cannot engage in more than 5 pipelines. Nodes required: 3 Found: 0, healthy nodes count inNodeManager: 5.
2019-09-19 14:45:08,113 [IPC Server handler 0 on 41560] WARN  block.BlockManagerImpl (BlockManagerImpl.java:allocateBlock(192)) - Pipeline creation failed for type:RATIS factor:THREE. Retrying get pipelines call once.
org.apache.hadoop.hdds.scm.exceptions.SCMException: Unable to find enough nodes that meet the criteria that cannot engage in more than 5 pipelines. Nodes required: 3 Found: 0, healthy nodes count inNodeManager: 5.
	at org.apache.hadoop.hdds.scm.pipeline.PipelinePlacementPolicy.filterViableNodes(PipelinePlacementPolicy.java:147)
	at org.apache.hadoop.hdds.scm.pipeline.PipelinePlacementPolicy.chooseDatanodes(PipelinePlacementPolicy.java:170)
	at org.apache.hadoop.hdds.scm.pipeline.RatisPipelineProvider.create(RatisPipelineProvider.java:92)
	at org.apache.hadoop.hdds.scm.pipeline.PipelineFactory.create(PipelineFactory.java:57)
	at org.apache.hadoop.hdds.scm.pipeline.SCMPipelineManager.createPipeline(SCMPipelineManager.java:149)
	at org.apache.hadoop.hdds.scm.block.BlockManagerImpl.allocateBlock(BlockManagerImpl.java:190)
	at org.apache.hadoop.hdds.scm.server.SCMBlockProtocolServer.allocateBlock(SCMBlockProtocolServer.java:175)
	at org.apache.hadoop.ozone.protocolPB.ScmBlockLocationProtocolServerSideTranslatorPB.allocateScmBlock(ScmBlockLocationProtocolServerSideTranslatorPB.java:153)
	at org.apache.hadoop.ozone.protocolPB.ScmBlockLocationProtocolServerSideTranslatorPB.send(ScmBlockLocationProtocolServerSideTranslatorPB.java:112)
	at org.apache.hadoop.hdds.protocol.proto.ScmBlockLocationProtocolProtos$ScmBlockLocationProtocolService$2.callBlockingMethod(ScmBlockLocationProtocolProtos.java:13157)
	at org.apache.hadoop.ipc.ProtobufRpcEngine$Server$ProtoBufRpcInvoker.call(ProtobufRpcEngine.java:524)
	at org.apache.hadoop.ipc.RPC$Server.call(RPC.java:1025)
	at org.apache.hadoop.ipc.Server$RpcCall.run(Server.java:876)
	at org.apache.hadoop.ipc.Server$RpcCall.run(Server.java:822)
	at java.security.AccessController.doPrivileged(Native Method)
	at javax.security.auth.Subject.doAs(Subject.java:422)
	at org.apache.hadoop.security.UserGroupInformation.doAs(UserGroupInformation.java:1730)
	at org.apache.hadoop.ipc.Server$Handler.run(Server.java:2682)
2019-09-19 14:45:08,114 [IPC Server handler 0 on 41560] INFO  block.BlockManagerImpl (BlockManagerImpl.java:allocateBlock(198)) - Could not find available pipeline of type:RATIS and factor:THREE even after retrying
2019-09-19 14:45:08,114 [IPC Server handler 0 on 41560] ERROR block.BlockManagerImpl (BlockManagerImpl.java:allocateBlock(222)) - Unable to allocate a block for the size: 4194304, type: RATIS, factor: THREE
2019-09-19 14:45:08,115 [IPC Server handler 0 on 41560] ERROR pipeline.PipelinePlacementPolicy (PipelinePlacementPolicy.java:meetCriteria(91)) - Pipeline Placement: Doesn't meet the criteria to be viable node. Heaviness: 6
2019-09-19 14:45:08,115 [IPC Server handler 0 on 41560] ERROR pipeline.PipelinePlacementPolicy (PipelinePlacementPolicy.java:meetCriteria(91)) - Pipeline Placement: Doesn't meet the criteria to be viable node. Heaviness: 6
2019-09-19 14:45:08,115 [IPC Server handler 0 on 41560] ERROR pipeline.PipelinePlacementPolicy (PipelinePlacementPolicy.java:meetCriteria(91)) - Pipeline Placement: Doesn't meet the criteria to be viable node. Heaviness: 6
2019-09-19 14:45:08,115 [IPC Server handler 0 on 41560] ERROR pipeline.PipelinePlacementPolicy (PipelinePlacementPolicy.java:meetCriteria(91)) - Pipeline Placement: Doesn't meet the criteria to be viable node. Heaviness: 6
2019-09-19 14:45:08,115 [IPC Server handler 0 on 41560] ERROR pipeline.PipelinePlacementPolicy (PipelinePlacementPolicy.java:meetCriteria(91)) - Pipeline Placement: Doesn't meet the criteria to be viable node. Heaviness: 6
2019-09-19 14:45:08,115 [IPC Server handler 0 on 41560] ERROR pipeline.PipelinePlacementPolicy (PipelinePlacementPolicy.java:filterViableNodes(146)) - Unable to find enough nodes that meet the criteria that cannot engage in more than 5 pipelines. Nodes required: 3 Found: 0, healthy nodes count inNodeManager: 5.
2019-09-19 14:45:08,116 [IPC Server handler 0 on 41560] ERROR pipeline.SCMPipelineManager (SCMPipelineManager.java:createPipeline(161)) - Pipeline creation failed due to exception: Unable to find enough nodes that meet the criteria that cannot engage in more than 5 pipelines. Nodes required: 3 Found: 0, healthy nodes count inNodeManager: 5.
2019-09-19 14:45:08,116 [IPC Server handler 0 on 41560] WARN  block.BlockManagerImpl (BlockManagerImpl.java:allocateBlock(192)) - Pipeline creation failed for type:RATIS factor:THREE. Retrying get pipelines call once.
org.apache.hadoop.hdds.scm.exceptions.SCMException: Unable to find enough nodes that meet the criteria that cannot engage in more than 5 pipelines. Nodes required: 3 Found: 0, healthy nodes count inNodeManager: 5.
	at org.apache.hadoop.hdds.scm.pipeline.PipelinePlacementPolicy.filterViableNodes(PipelinePlacementPolicy.java:147)
	at org.apache.hadoop.hdds.scm.pipeline.PipelinePlacementPolicy.chooseDatanodes(PipelinePlacementPolicy.java:170)
	at org.apache.hadoop.hdds.scm.pipeline.RatisPipelineProvider.create(RatisPipelineProvider.java:92)
	at org.apache.hadoop.hdds.scm.pipeline.PipelineFactory.create(PipelineFactory.java:57)
	at org.apache.hadoop.hdds.scm.pipeline.SCMPipelineManager.createPipeline(SCMPipelineManager.java:149)
	at org.apache.hadoop.hdds.scm.block.BlockManagerImpl.allocateBlock(BlockManagerImpl.java:190)
	at org.apache.hadoop.hdds.scm.server.SCMBlockProtocolServer.allocateBlock(SCMBlockProtocolServer.java:175)
	at org.apache.hadoop.ozone.protocolPB.ScmBlockLocationProtocolServerSideTranslatorPB.allocateScmBlock(ScmBlockLocationProtocolServerSideTranslatorPB.java:153)
	at org.apache.hadoop.ozone.protocolPB.ScmBlockLocationProtocolServerSideTranslatorPB.send(ScmBlockLocationProtocolServerSideTranslatorPB.java:112)
	at org.apache.hadoop.hdds.protocol.proto.ScmBlockLocationProtocolProtos$ScmBlockLocationProtocolService$2.callBlockingMethod(ScmBlockLocationProtocolProtos.java:13157)
	at org.apache.hadoop.ipc.ProtobufRpcEngine$Server$ProtoBufRpcInvoker.call(ProtobufRpcEngine.java:524)
	at org.apache.hadoop.ipc.RPC$Server.call(RPC.java:1025)
	at org.apache.hadoop.ipc.Server$RpcCall.run(Server.java:876)
	at org.apache.hadoop.ipc.Server$RpcCall.run(Server.java:822)
	at java.security.AccessController.doPrivileged(Native Method)
	at javax.security.auth.Subject.doAs(Subject.java:422)
	at org.apache.hadoop.security.UserGroupInformation.doAs(UserGroupInformation.java:1730)
	at org.apache.hadoop.ipc.Server$Handler.run(Server.java:2682)
2019-09-19 14:45:08,116 [IPC Server handler 0 on 41560] INFO  block.BlockManagerImpl (BlockManagerImpl.java:allocateBlock(198)) - Could not find available pipeline of type:RATIS and factor:THREE even after retrying
2019-09-19 14:45:08,116 [IPC Server handler 0 on 41560] ERROR block.BlockManagerImpl (BlockManagerImpl.java:allocateBlock(222)) - Unable to allocate a block for the size: 4194304, type: RATIS, factor: THREE
2019-09-19 14:45:08,116 [IPC Server handler 0 on 41560] ERROR pipeline.PipelinePlacementPolicy (PipelinePlacementPolicy.java:meetCriteria(91)) - Pipeline Placement: Doesn't meet the criteria to be viable node. Heaviness: 6
2019-09-19 14:45:08,117 [IPC Server handler 0 on 41560] ERROR pipeline.PipelinePlacementPolicy (PipelinePlacementPolicy.java:meetCriteria(91)) - Pipeline Placement: Doesn't meet the criteria to be viable node. Heaviness: 6
2019-09-19 14:45:08,117 [IPC Server handler 0 on 41560] ERROR pipeline.PipelinePlacementPolicy (PipelinePlacementPolicy.java:meetCriteria(91)) - Pipeline Placement: Doesn't meet the criteria to be viable node. Heaviness: 6
2019-09-19 14:45:08,117 [IPC Server handler 0 on 41560] ERROR pipeline.PipelinePlacementPolicy (PipelinePlacementPolicy.java:meetCriteria(91)) - Pipeline Placement: Doesn't meet the criteria to be viable node. Heaviness: 6
2019-09-19 14:45:08,117 [IPC Server handler 0 on 41560] ERROR pipeline.PipelinePlacementPolicy (PipelinePlacementPolicy.java:meetCriteria(91)) - Pipeline Placement: Doesn't meet the criteria to be viable node. Heaviness: 6
2019-09-19 14:45:08,117 [IPC Server handler 0 on 41560] ERROR pipeline.PipelinePlacementPolicy (PipelinePlacementPolicy.java:filterViableNodes(146)) - Unable to find enough nodes that meet the criteria that cannot engage in more than 5 pipelines. Nodes required: 3 Found: 0, healthy nodes count inNodeManager: 5.
2019-09-19 14:45:08,117 [IPC Server handler 0 on 41560] ERROR pipeline.SCMPipelineManager (SCMPipelineManager.java:createPipeline(161)) - Pipeline creation failed due to exception: Unable to find enough nodes that meet the criteria that cannot engage in more than 5 pipelines. Nodes required: 3 Found: 0, healthy nodes count inNodeManager: 5.
2019-09-19 14:45:08,117 [IPC Server handler 0 on 41560] WARN  block.BlockManagerImpl (BlockManagerImpl.java:allocateBlock(192)) - Pipeline creation failed for type:RATIS factor:THREE. Retrying get pipelines call once.
org.apache.hadoop.hdds.scm.exceptions.SCMException: Unable to find enough nodes that meet the criteria that cannot engage in more than 5 pipelines. Nodes required: 3 Found: 0, healthy nodes count inNodeManager: 5.
	at org.apache.hadoop.hdds.scm.pipeline.PipelinePlacementPolicy.filterViableNodes(PipelinePlacementPolicy.java:147)
	at org.apache.hadoop.hdds.scm.pipeline.PipelinePlacementPolicy.chooseDatanodes(PipelinePlacementPolicy.java:170)
	at org.apache.hadoop.hdds.scm.pipeline.RatisPipelineProvider.create(RatisPipelineProvider.java:92)
	at org.apache.hadoop.hdds.scm.pipeline.PipelineFactory.create(PipelineFactory.java:57)
	at org.apache.hadoop.hdds.scm.pipeline.SCMPipelineManager.createPipeline(SCMPipelineManager.java:149)
	at org.apache.hadoop.hdds.scm.block.BlockManagerImpl.allocateBlock(BlockManagerImpl.java:190)
	at org.apache.hadoop.hdds.scm.server.SCMBlockProtocolServer.allocateBlock(SCMBlockProtocolServer.java:175)
	at org.apache.hadoop.ozone.protocolPB.ScmBlockLocationProtocolServerSideTranslatorPB.allocateScmBlock(ScmBlockLocationProtocolServerSideTranslatorPB.java:153)
	at org.apache.hadoop.ozone.protocolPB.ScmBlockLocationProtocolServerSideTranslatorPB.send(ScmBlockLocationProtocolServerSideTranslatorPB.java:112)
	at org.apache.hadoop.hdds.protocol.proto.ScmBlockLocationProtocolProtos$ScmBlockLocationProtocolService$2.callBlockingMethod(ScmBlockLocationProtocolProtos.java:13157)
	at org.apache.hadoop.ipc.ProtobufRpcEngine$Server$ProtoBufRpcInvoker.call(ProtobufRpcEngine.java:524)
	at org.apache.hadoop.ipc.RPC$Server.call(RPC.java:1025)
	at org.apache.hadoop.ipc.Server$RpcCall.run(Server.java:876)
	at org.apache.hadoop.ipc.Server$RpcCall.run(Server.java:822)
	at java.security.AccessController.doPrivileged(Native Method)
	at javax.security.auth.Subject.doAs(Subject.java:422)
	at org.apache.hadoop.security.UserGroupInformation.doAs(UserGroupInformation.java:1730)
	at org.apache.hadoop.ipc.Server$Handler.run(Server.java:2682)
2019-09-19 14:45:08,118 [IPC Server handler 0 on 41560] INFO  block.BlockManagerImpl (BlockManagerImpl.java:allocateBlock(198)) - Could not find available pipeline of type:RATIS and factor:THREE even after retrying
2019-09-19 14:45:08,118 [IPC Server handler 0 on 41560] ERROR block.BlockManagerImpl (BlockManagerImpl.java:allocateBlock(222)) - Unable to allocate a block for the size: 4194304, type: RATIS, factor: THREE
2019-09-19 14:45:08,118 [IPC Server handler 0 on 41560] ERROR pipeline.PipelinePlacementPolicy (PipelinePlacementPolicy.java:meetCriteria(91)) - Pipeline Placement: Doesn't meet the criteria to be viable node. Heaviness: 6
2019-09-19 14:45:08,118 [IPC Server handler 0 on 41560] ERROR pipeline.PipelinePlacementPolicy (PipelinePlacementPolicy.java:meetCriteria(91)) - Pipeline Placement: Doesn't meet the criteria to be viable node. Heaviness: 6
2019-09-19 14:45:08,118 [IPC Server handler 0 on 41560] ERROR pipeline.PipelinePlacementPolicy (PipelinePlacementPolicy.java:meetCriteria(91)) - Pipeline Placement: Doesn't meet the criteria to be viable node. Heaviness: 6
2019-09-19 14:45:08,118 [IPC Server handler 0 on 41560] ERROR pipeline.PipelinePlacementPolicy (PipelinePlacementPolicy.java:meetCriteria(91)) - Pipeline Placement: Doesn't meet the criteria to be viable node. Heaviness: 6
2019-09-19 14:45:08,118 [IPC Server handler 0 on 41560] ERROR pipeline.PipelinePlacementPolicy (PipelinePlacementPolicy.java:meetCriteria(91)) - Pipeline Placement: Doesn't meet the criteria to be viable node. Heaviness: 6
2019-09-19 14:45:08,119 [IPC Server handler 0 on 41560] ERROR pipeline.PipelinePlacementPolicy (PipelinePlacementPolicy.java:filterViableNodes(146)) - Unable to find enough nodes that meet the criteria that cannot engage in more than 5 pipelines. Nodes required: 3 Found: 0, healthy nodes count inNodeManager: 5.
2019-09-19 14:45:08,119 [IPC Server handler 0 on 41560] ERROR pipeline.SCMPipelineManager (SCMPipelineManager.java:createPipeline(161)) - Pipeline creation failed due to exception: Unable to find enough nodes that meet the criteria that cannot engage in more than 5 pipelines. Nodes required: 3 Found: 0, healthy nodes count inNodeManager: 5.
2019-09-19 14:45:08,119 [IPC Server handler 0 on 41560] WARN  block.BlockManagerImpl (BlockManagerImpl.java:allocateBlock(192)) - Pipeline creation failed for type:RATIS factor:THREE. Retrying get pipelines call once.
org.apache.hadoop.hdds.scm.exceptions.SCMException: Unable to find enough nodes that meet the criteria that cannot engage in more than 5 pipelines. Nodes required: 3 Found: 0, healthy nodes count inNodeManager: 5.
	at org.apache.hadoop.hdds.scm.pipeline.PipelinePlacementPolicy.filterViableNodes(PipelinePlacementPolicy.java:147)
	at org.apache.hadoop.hdds.scm.pipeline.PipelinePlacementPolicy.chooseDatanodes(PipelinePlacementPolicy.java:170)
	at org.apache.hadoop.hdds.scm.pipeline.RatisPipelineProvider.create(RatisPipelineProvider.java:92)
	at org.apache.hadoop.hdds.scm.pipeline.PipelineFactory.create(PipelineFactory.java:57)
	at org.apache.hadoop.hdds.scm.pipeline.SCMPipelineManager.createPipeline(SCMPipelineManager.java:149)
	at org.apache.hadoop.hdds.scm.block.BlockManagerImpl.allocateBlock(BlockManagerImpl.java:190)
	at org.apache.hadoop.hdds.scm.server.SCMBlockProtocolServer.allocateBlock(SCMBlockProtocolServer.java:175)
	at org.apache.hadoop.ozone.protocolPB.ScmBlockLocationProtocolServerSideTranslatorPB.allocateScmBlock(ScmBlockLocationProtocolServerSideTranslatorPB.java:153)
	at org.apache.hadoop.ozone.protocolPB.ScmBlockLocationProtocolServerSideTranslatorPB.send(ScmBlockLocationProtocolServerSideTranslatorPB.java:112)
	at org.apache.hadoop.hdds.protocol.proto.ScmBlockLocationProtocolProtos$ScmBlockLocationProtocolService$2.callBlockingMethod(ScmBlockLocationProtocolProtos.java:13157)
	at org.apache.hadoop.ipc.ProtobufRpcEngine$Server$ProtoBufRpcInvoker.call(ProtobufRpcEngine.java:524)
	at org.apache.hadoop.ipc.RPC$Server.call(RPC.java:1025)
	at org.apache.hadoop.ipc.Server$RpcCall.run(Server.java:876)
	at org.apache.hadoop.ipc.Server$RpcCall.run(Server.java:822)
	at java.security.AccessController.doPrivileged(Native Method)
	at javax.security.auth.Subject.doAs(Subject.java:422)
	at org.apache.hadoop.security.UserGroupInformation.doAs(UserGroupInformation.java:1730)
	at org.apache.hadoop.ipc.Server$Handler.run(Server.java:2682)
2019-09-19 14:45:08,119 [IPC Server handler 0 on 41560] INFO  block.BlockManagerImpl (BlockManagerImpl.java:allocateBlock(198)) - Could not find available pipeline of type:RATIS and factor:THREE even after retrying
2019-09-19 14:45:08,119 [IPC Server handler 0 on 41560] ERROR block.BlockManagerImpl (BlockManagerImpl.java:allocateBlock(222)) - Unable to allocate a block for the size: 4194304, type: RATIS, factor: THREE
2019-09-19 14:45:08,120 [IPC Server handler 0 on 41560] ERROR pipeline.PipelinePlacementPolicy (PipelinePlacementPolicy.java:meetCriteria(91)) - Pipeline Placement: Doesn't meet the criteria to be viable node. Heaviness: 6
2019-09-19 14:45:08,120 [IPC Server handler 0 on 41560] ERROR pipeline.PipelinePlacementPolicy (PipelinePlacementPolicy.java:meetCriteria(91)) - Pipeline Placement: Doesn't meet the criteria to be viable node. Heaviness: 6
2019-09-19 14:45:08,120 [IPC Server handler 0 on 41560] ERROR pipeline.PipelinePlacementPolicy (PipelinePlacementPolicy.java:meetCriteria(91)) - Pipeline Placement: Doesn't meet the criteria to be viable node. Heaviness: 6
2019-09-19 14:45:08,120 [IPC Server handler 0 on 41560] ERROR pipeline.PipelinePlacementPolicy (PipelinePlacementPolicy.java:meetCriteria(91)) - Pipeline Placement: Doesn't meet the criteria to be viable node. Heaviness: 6
2019-09-19 14:45:08,120 [IPC Server handler 0 on 41560] ERROR pipeline.PipelinePlacementPolicy (PipelinePlacementPolicy.java:meetCriteria(91)) - Pipeline Placement: Doesn't meet the criteria to be viable node. Heaviness: 6
2019-09-19 14:45:08,120 [IPC Server handler 0 on 41560] ERROR pipeline.PipelinePlacementPolicy (PipelinePlacementPolicy.java:filterViableNodes(146)) - Unable to find enough nodes that meet the criteria that cannot engage in more than 5 pipelines. Nodes required: 3 Found: 0, healthy nodes count inNodeManager: 5.
2019-09-19 14:45:08,120 [IPC Server handler 0 on 41560] ERROR pipeline.SCMPipelineManager (SCMPipelineManager.java:createPipeline(161)) - Pipeline creation failed due to exception: Unable to find enough nodes that meet the criteria that cannot engage in more than 5 pipelines. Nodes required: 3 Found: 0, healthy nodes count inNodeManager: 5.
2019-09-19 14:45:08,120 [IPC Server handler 0 on 41560] WARN  block.BlockManagerImpl (BlockManagerImpl.java:allocateBlock(192)) - Pipeline creation failed for type:RATIS factor:THREE. Retrying get pipelines call once.
org.apache.hadoop.hdds.scm.exceptions.SCMException: Unable to find enough nodes that meet the criteria that cannot engage in more than 5 pipelines. Nodes required: 3 Found: 0, healthy nodes count inNodeManager: 5.
	at org.apache.hadoop.hdds.scm.pipeline.PipelinePlacementPolicy.filterViableNodes(PipelinePlacementPolicy.java:147)
	at org.apache.hadoop.hdds.scm.pipeline.PipelinePlacementPolicy.chooseDatanodes(PipelinePlacementPolicy.java:170)
	at org.apache.hadoop.hdds.scm.pipeline.RatisPipelineProvider.create(RatisPipelineProvider.java:92)
	at org.apache.hadoop.hdds.scm.pipeline.PipelineFactory.create(PipelineFactory.java:57)
	at org.apache.hadoop.hdds.scm.pipeline.SCMPipelineManager.createPipeline(SCMPipelineManager.java:149)
	at org.apache.hadoop.hdds.scm.block.BlockManagerImpl.allocateBlock(BlockManagerImpl.java:190)
	at org.apache.hadoop.hdds.scm.server.SCMBlockProtocolServer.allocateBlock(SCMBlockProtocolServer.java:175)
	at org.apache.hadoop.ozone.protocolPB.ScmBlockLocationProtocolServerSideTranslatorPB.allocateScmBlock(ScmBlockLocationProtocolServerSideTranslatorPB.java:153)
	at org.apache.hadoop.ozone.protocolPB.ScmBlockLocationProtocolServerSideTranslatorPB.send(ScmBlockLocationProtocolServerSideTranslatorPB.java:112)
	at org.apache.hadoop.hdds.protocol.proto.ScmBlockLocationProtocolProtos$ScmBlockLocationProtocolService$2.callBlockingMethod(ScmBlockLocationProtocolProtos.java:13157)
	at org.apache.hadoop.ipc.ProtobufRpcEngine$Server$ProtoBufRpcInvoker.call(ProtobufRpcEngine.java:524)
	at org.apache.hadoop.ipc.RPC$Server.call(RPC.java:1025)
	at org.apache.hadoop.ipc.Server$RpcCall.run(Server.java:876)
	at org.apache.hadoop.ipc.Server$RpcCall.run(Server.java:822)
	at java.security.AccessController.doPrivileged(Native Method)
	at javax.security.auth.Subject.doAs(Subject.java:422)
	at org.apache.hadoop.security.UserGroupInformation.doAs(UserGroupInformation.java:1730)
	at org.apache.hadoop.ipc.Server$Handler.run(Server.java:2682)
2019-09-19 14:45:08,121 [IPC Server handler 0 on 41560] INFO  block.BlockManagerImpl (BlockManagerImpl.java:allocateBlock(198)) - Could not find available pipeline of type:RATIS and factor:THREE even after retrying
2019-09-19 14:45:08,121 [IPC Server handler 0 on 41560] ERROR block.BlockManagerImpl (BlockManagerImpl.java:allocateBlock(222)) - Unable to allocate a block for the size: 4194304, type: RATIS, factor: THREE
2019-09-19 14:45:08,121 | INFO  | SCMAudit | user=jenkins1000 | ip=192.168.5.132 | op=ALLOCATE_BLOCK {owner=3a7234f7-02f4-4d12-a85c-6e2111a7120e, size=4194304, type=RATIS, factor=THREE} | ret=SUCCESS |  
2019-09-19 14:45:08,126 | ERROR | OMAudit | user=jenkins1000 | ip=127.0.0.1 | op=ALLOCATE_KEY {volume=vol-0-62277, bucket=bucket-0-36901, key=key-0-36116, dataSize=20971520, replicationType=RATIS, replicationFactor=THREE, keyLocationInfo=null} | ret=FAILURE | org.apache.hadoop.hdds.scm.exceptions.SCMException: Allocated 0 blocks. Requested 5 blocks
	at org.apache.hadoop.hdds.scm.protocolPB.ScmBlockLocationProtocolClientSideTranslatorPB.handleError(ScmBlockLocationProtocolClientSideTranslatorPB.java:118)
	at org.apache.hadoop.hdds.scm.protocolPB.ScmBlockLocationProtocolClientSideTranslatorPB.allocateBlock(ScmBlockLocationProtocolClientSideTranslatorPB.java:156) 
2019-09-19 14:45:08,144 [pool-78-thread-3] ERROR freon.RandomKeyGenerator (RandomKeyGenerator.java:createKey(724)) - Exception while adding key: key-0-36116 in bucket: bucket-0-36901 of volume: vol-0-62277.
INTERNAL_ERROR org.apache.hadoop.ozone.om.exceptions.OMException: Allocated 0 blocks. Requested 5 blocks
	at org.apache.hadoop.ozone.om.protocolPB.OzoneManagerProtocolClientSideTranslatorPB.handleError(OzoneManagerProtocolClientSideTranslatorPB.java:725)
	at org.apache.hadoop.ozone.om.protocolPB.OzoneManagerProtocolClientSideTranslatorPB.openKey(OzoneManagerProtocolClientSideTranslatorPB.java:716)
	at org.apache.hadoop.ozone.client.rpc.RpcClient.createKey(RpcClient.java:615)
	at org.apache.hadoop.ozone.client.OzoneBucket.createKey(OzoneBucket.java:323)
	at org.apache.hadoop.ozone.freon.RandomKeyGenerator.createKey(RandomKeyGenerator.java:686)
	at org.apache.hadoop.ozone.freon.RandomKeyGenerator.access$1100(RandomKeyGenerator.java:87)
	at org.apache.hadoop.ozone.freon.RandomKeyGenerator$ObjectCreator.run(RandomKeyGenerator.java:606)
	at java.util.concurrent.Executors$RunnableAdapter.call(Executors.java:511)
	at java.util.concurrent.FutureTask.run(FutureTask.java:266)
	at java.util.concurrent.ThreadPoolExecutor.runWorker(ThreadPoolExecutor.java:1149)
	at java.util.concurrent.ThreadPoolExecutor$Worker.run(ThreadPoolExecutor.java:624)
	at java.lang.Thread.run(Thread.java:748)
2019-09-19 14:45:08,330 | INFO  | SCMAudit | user=jenkins1000 | ip=192.168.5.132 | op=SEND_HEARTBEAT {datanodeUUID=a0762623-a339-4c04-8cb0-9d92457e5b77, command=[]} | ret=SUCCESS |  
2019-09-19 14:45:08,469 | INFO  | SCMAudit | user=jenkins1000 | ip=192.168.5.132 | op=SEND_HEARTBEAT {datanodeUUID=a38eeb7b-34bc-498a-82af-c91824ca14e3, command=[]} | ret=SUCCESS |  
 0.00% |█                                                                                                    |  0/1 Time: 0:00:022019-09-19 14:45:08,781 | INFO  | SCMAudit | user=jenkins1000 | ip=192.168.5.132 | op=SEND_HEARTBEAT {datanodeUUID=dbc49482-0539-4069-8573-d74be766be9f, command=[]} | ret=SUCCESS |  
2019-09-19 14:45:09,038 | INFO  | SCMAudit | user=jenkins1000 | ip=192.168.5.132 | op=SEND_HEARTBEAT {datanodeUUID=7bb82aea-de54-461a-943d-5c63d8edb395, command=[]} | ret=SUCCESS |  
2019-09-19 14:45:09,106 | INFO  | SCMAudit | user=jenkins1000 | ip=192.168.5.132 | op=SEND_HEARTBEAT {datanodeUUID=d074c048-3e38-4e2d-895f-3654e5a631aa, command=[]} | ret=SUCCESS |  
2019-09-19 14:45:09,331 | INFO  | SCMAudit | user=jenkins1000 | ip=192.168.5.132 | op=SEND_HEARTBEAT {datanodeUUID=a0762623-a339-4c04-8cb0-9d92457e5b77, command=[]} | ret=SUCCESS |  
2019-09-19 14:45:09,469 | INFO  | SCMAudit | user=jenkins1000 | ip=192.168.5.132 | op=SEND_HEARTBEAT {datanodeUUID=a38eeb7b-34bc-498a-82af-c91824ca14e3, command=[]} | ret=SUCCESS |  
 0.00% |█                                                                                                    |  0/1 Time: 0:00:032019-09-19 14:45:09,781 | INFO  | SCMAudit | user=jenkins1000 | ip=192.168.5.132 | op=SEND_HEARTBEAT {datanodeUUID=dbc49482-0539-4069-8573-d74be766be9f, command=[]} | ret=SUCCESS |  
2019-09-19 14:45:10,038 | INFO  | SCMAudit | user=jenkins1000 | ip=192.168.5.132 | op=SEND_HEARTBEAT {datanodeUUID=7bb82aea-de54-461a-943d-5c63d8edb395, command=[]} | ret=SUCCESS |  
2019-09-19 14:45:10,105 | INFO  | SCMAudit | user=jenkins1000 | ip=192.168.5.132 | op=SEND_HEARTBEAT {datanodeUUID=d074c048-3e38-4e2d-895f-3654e5a631aa, command=[]} | ret=SUCCESS |  
2019-09-19 14:45:10,330 | INFO  | SCMAudit | user=jenkins1000 | ip=192.168.5.132 | op=SEND_HEARTBEAT {datanodeUUID=a0762623-a339-4c04-8cb0-9d92457e5b77, command=[]} | ret=SUCCESS |  
 0.00% |█                                                                                                    |  0/1 Time: 0:00:042019-09-19 14:45:10,484 | INFO  | SCMAudit | user=jenkins1000 | ip=192.168.5.132 | op=SEND_HEARTBEAT {datanodeUUID=a38eeb7b-34bc-498a-82af-c91824ca14e3, command=[]} | ret=SUCCESS |  
2019-09-19 14:45:10,496 [Thread-209] INFO  impl.FollowerState (FollowerState.java:run(106)) - d074c048-3e38-4e2d-895f-3654e5a631aa:group-8A3BC35063FD changes to CANDIDATE, lastRpcTime:5134, electionTimeout:5133ms
2019-09-19 14:45:10,496 [Thread-209] INFO  impl.RoleInfo (RoleInfo.java:shutdownFollowerState(121)) - d074c048-3e38-4e2d-895f-3654e5a631aa: shutdown FollowerState
2019-09-19 14:45:10,496 [Thread-209] INFO  impl.RaftServerImpl (RaftServerImpl.java:setRole(171)) - d074c048-3e38-4e2d-895f-3654e5a631aa:group-8A3BC35063FD changes role from FOLLOWER to CANDIDATE at term 0 for changeToCandidate
2019-09-19 14:45:10,503 [Thread-209] INFO  impl.RoleInfo (RoleInfo.java:updateAndGet(143)) - d074c048-3e38-4e2d-895f-3654e5a631aa: start LeaderElection
2019-09-19 14:45:10,543 [d074c048-3e38-4e2d-895f-3654e5a631aa:group-8A3BC35063FD:LeaderElection1] INFO  impl.LeaderElection (LeaderElection.java:askForVotes(181)) - d074c048-3e38-4e2d-895f-3654e5a631aa:group-8A3BC35063FD:LeaderElection1: begin an election at term 1 for -1: [d074c048-3e38-4e2d-895f-3654e5a631aa:192.168.5.132:33437], old=null
2019-09-19 14:45:10,545 [d074c048-3e38-4e2d-895f-3654e5a631aa:group-8A3BC35063FD:LeaderElection1] INFO  impl.RoleInfo (RoleInfo.java:shutdownLeaderElection(134)) - d074c048-3e38-4e2d-895f-3654e5a631aa: shutdown LeaderElection
2019-09-19 14:45:10,545 [d074c048-3e38-4e2d-895f-3654e5a631aa:group-8A3BC35063FD:LeaderElection1] INFO  impl.RaftServerImpl (RaftServerImpl.java:setRole(171)) - d074c048-3e38-4e2d-895f-3654e5a631aa:group-8A3BC35063FD changes role from CANDIDATE to LEADER at term 1 for changeToLeader
2019-09-19 14:45:10,546 [d074c048-3e38-4e2d-895f-3654e5a631aa:group-8A3BC35063FD:LeaderElection1] INFO  impl.RaftServerImpl (ServerState.java:setLeader(263)) - d074c048-3e38-4e2d-895f-3654e5a631aa:group-8A3BC35063FD change Leader from null to d074c048-3e38-4e2d-895f-3654e5a631aa at term 1 for becomeLeader, leader elected after 5299ms
2019-09-19 14:45:10,555 [d074c048-3e38-4e2d-895f-3654e5a631aa:group-8A3BC35063FD:LeaderElection1] INFO  server.RaftServerConfigKeys (ConfUtils.java:logGet(43)) - raft.server.staging.catchup.gap = 1000 (default)
2019-09-19 14:45:10,555 [d074c048-3e38-4e2d-895f-3654e5a631aa:group-8A3BC35063FD:LeaderElection1] INFO  server.RaftServerConfigKeys (ConfUtils.java:logGet(43)) - raft.server.rpc.sleep.time = 25ms (default)
2019-09-19 14:45:10,560 [d074c048-3e38-4e2d-895f-3654e5a631aa:group-8A3BC35063FD:LeaderElection1] INFO  server.RaftServerConfigKeys (ConfUtils.java:logGet(43)) - raft.server.write.element-limit = 4096 (default)
2019-09-19 14:45:10,559 [Thread-212] INFO  impl.FollowerState (FollowerState.java:run(106)) - a0762623-a339-4c04-8cb0-9d92457e5b77:group-E5E1D7652546 changes to CANDIDATE, lastRpcTime:5003, electionTimeout:5002ms
2019-09-19 14:45:10,560 [Thread-212] INFO  impl.RoleInfo (RoleInfo.java:shutdownFollowerState(121)) - a0762623-a339-4c04-8cb0-9d92457e5b77: shutdown FollowerState
2019-09-19 14:45:10,560 [Thread-212] INFO  impl.RaftServerImpl (RaftServerImpl.java:setRole(171)) - a0762623-a339-4c04-8cb0-9d92457e5b77:group-E5E1D7652546 changes role from FOLLOWER to CANDIDATE at term 0 for changeToCandidate
2019-09-19 14:45:10,560 [Thread-212] INFO  impl.RoleInfo (RoleInfo.java:updateAndGet(143)) - a0762623-a339-4c04-8cb0-9d92457e5b77: start LeaderElection
2019-09-19 14:45:10,566 [d074c048-3e38-4e2d-895f-3654e5a631aa:group-8A3BC35063FD:LeaderElection1] INFO  server.RaftServerConfigKeys (ConfUtils.java:logGet(43)) - raft.server.watch.timeout = 10s (default)
2019-09-19 14:45:10,566 [d074c048-3e38-4e2d-895f-3654e5a631aa:group-8A3BC35063FD:LeaderElection1] INFO  server.RaftServerConfigKeys (ConfUtils.java:logGet(43)) - raft.server.watch.timeout.denomination = 1s (default)
2019-09-19 14:45:10,568 [d074c048-3e38-4e2d-895f-3654e5a631aa:group-8A3BC35063FD:LeaderElection1] INFO  server.RaftServerConfigKeys (ConfUtils.java:logGet(43)) - raft.server.watch.element-limit = 65536 (default)
2019-09-19 14:45:10,579 [d074c048-3e38-4e2d-895f-3654e5a631aa:group-8A3BC35063FD:LeaderElection1] INFO  impl.RoleInfo (RoleInfo.java:updateAndGet(143)) - d074c048-3e38-4e2d-895f-3654e5a631aa: start LeaderState
2019-09-19 14:45:10,588 [a0762623-a339-4c04-8cb0-9d92457e5b77:group-E5E1D7652546:LeaderElection2] INFO  impl.LeaderElection (LeaderElection.java:askForVotes(181)) - a0762623-a339-4c04-8cb0-9d92457e5b77:group-E5E1D7652546:LeaderElection2: begin an election at term 1 for -1: [a0762623-a339-4c04-8cb0-9d92457e5b77:192.168.5.132:35472], old=null
2019-09-19 14:45:10,590 [a0762623-a339-4c04-8cb0-9d92457e5b77:group-E5E1D7652546:LeaderElection2] INFO  impl.RoleInfo (RoleInfo.java:shutdownLeaderElection(134)) - a0762623-a339-4c04-8cb0-9d92457e5b77: shutdown LeaderElection
2019-09-19 14:45:10,590 [a0762623-a339-4c04-8cb0-9d92457e5b77:group-E5E1D7652546:LeaderElection2] INFO  impl.RaftServerImpl (RaftServerImpl.java:setRole(171)) - a0762623-a339-4c04-8cb0-9d92457e5b77:group-E5E1D7652546 changes role from CANDIDATE to LEADER at term 1 for changeToLeader
2019-09-19 14:45:10,590 [a0762623-a339-4c04-8cb0-9d92457e5b77:group-E5E1D7652546:LeaderElection2] INFO  impl.RaftServerImpl (ServerState.java:setLeader(263)) - a0762623-a339-4c04-8cb0-9d92457e5b77:group-E5E1D7652546 change Leader from null to a0762623-a339-4c04-8cb0-9d92457e5b77 at term 1 for becomeLeader, leader elected after 5041ms
2019-09-19 14:45:10,592 [a0762623-a339-4c04-8cb0-9d92457e5b77:group-E5E1D7652546:LeaderElection2] INFO  server.RaftServerConfigKeys (ConfUtils.java:logGet(43)) - raft.server.staging.catchup.gap = 1000 (default)
2019-09-19 14:45:10,592 [a0762623-a339-4c04-8cb0-9d92457e5b77:group-E5E1D7652546:LeaderElection2] INFO  server.RaftServerConfigKeys (ConfUtils.java:logGet(43)) - raft.server.rpc.sleep.time = 25ms (default)
2019-09-19 14:45:10,592 [a0762623-a339-4c04-8cb0-9d92457e5b77:group-E5E1D7652546:LeaderElection2] INFO  server.RaftServerConfigKeys (ConfUtils.java:logGet(43)) - raft.server.write.element-limit = 4096 (default)
2019-09-19 14:45:10,592 [a0762623-a339-4c04-8cb0-9d92457e5b77:group-E5E1D7652546:LeaderElection2] INFO  server.RaftServerConfigKeys (ConfUtils.java:logGet(43)) - raft.server.watch.timeout = 10s (default)
2019-09-19 14:45:10,592 [a0762623-a339-4c04-8cb0-9d92457e5b77:group-E5E1D7652546:LeaderElection2] INFO  server.RaftServerConfigKeys (ConfUtils.java:logGet(43)) - raft.server.watch.timeout.denomination = 1s (default)
2019-09-19 14:45:10,593 [a0762623-a339-4c04-8cb0-9d92457e5b77:group-E5E1D7652546:LeaderElection2] INFO  server.RaftServerConfigKeys (ConfUtils.java:logGet(43)) - raft.server.watch.element-limit = 65536 (default)
2019-09-19 14:45:10,593 [a0762623-a339-4c04-8cb0-9d92457e5b77:group-E5E1D7652546:LeaderElection2] INFO  impl.RoleInfo (RoleInfo.java:updateAndGet(143)) - a0762623-a339-4c04-8cb0-9d92457e5b77: start LeaderState
2019-09-19 14:45:10,608 [d074c048-3e38-4e2d-895f-3654e5a631aa:group-8A3BC35063FD:LeaderElection1] INFO  segmented.SegmentedRaftLogWorker (SegmentedRaftLogWorker.java:startLogSegment(380)) - d074c048-3e38-4e2d-895f-3654e5a631aa-SegmentedRaftLogWorker:Storage Directory /workdir/hadoop-ozone/tools/target/test-dir/MiniOzoneClusterImpl-5b0688b1-0324-4107-bf7a-97e067892599/datanode-0/data/ratis/ac9b3990-0329-457c-950b-8a3bc35063fd: Starting segment from index:0
2019-09-19 14:45:10,608 [a0762623-a339-4c04-8cb0-9d92457e5b77:group-E5E1D7652546:LeaderElection2] INFO  segmented.SegmentedRaftLogWorker (SegmentedRaftLogWorker.java:startLogSegment(380)) - a0762623-a339-4c04-8cb0-9d92457e5b77-SegmentedRaftLogWorker:Storage Directory /workdir/hadoop-ozone/tools/target/test-dir/MiniOzoneClusterImpl-5b0688b1-0324-4107-bf7a-97e067892599/datanode-3/data/ratis/c00670dc-089a-43d4-ab59-e5e1d7652546: Starting segment from index:0
2019-09-19 14:45:10,619 [d074c048-3e38-4e2d-895f-3654e5a631aa:group-8A3BC35063FD:LeaderElection1] INFO  impl.RaftServerImpl (ServerState.java:setRaftConf(361)) - d074c048-3e38-4e2d-895f-3654e5a631aa:group-8A3BC35063FD set configuration 0: [d074c048-3e38-4e2d-895f-3654e5a631aa:192.168.5.132:33437], old=null at 0
2019-09-19 14:45:10,619 [a0762623-a339-4c04-8cb0-9d92457e5b77:group-E5E1D7652546:LeaderElection2] INFO  impl.RaftServerImpl (ServerState.java:setRaftConf(361)) - a0762623-a339-4c04-8cb0-9d92457e5b77:group-E5E1D7652546 set configuration 0: [a0762623-a339-4c04-8cb0-9d92457e5b77:192.168.5.132:35472], old=null at 0
2019-09-19 14:45:10,780 | INFO  | SCMAudit | user=jenkins1000 | ip=192.168.5.132 | op=SEND_HEARTBEAT {datanodeUUID=dbc49482-0539-4069-8573-d74be766be9f, command=[]} | ret=SUCCESS |  
2019-09-19 14:45:10,825 [a0762623-a339-4c04-8cb0-9d92457e5b77-SegmentedRaftLogWorker:Storage Directory /workdir/hadoop-ozone/tools/target/test-dir/MiniOzoneClusterImpl-5b0688b1-0324-4107-bf7a-97e067892599/datanode-3/data/ratis/c00670dc-089a-43d4-ab59-e5e1d7652546] INFO  segmented.SegmentedRaftLogWorker (SegmentedRaftLogWorker.java:execute(569)) - a0762623-a339-4c04-8cb0-9d92457e5b77-SegmentedRaftLogWorker:Storage Directory /workdir/hadoop-ozone/tools/target/test-dir/MiniOzoneClusterImpl-5b0688b1-0324-4107-bf7a-97e067892599/datanode-3/data/ratis/c00670dc-089a-43d4-ab59-e5e1d7652546: created new log segment /workdir/hadoop-ozone/tools/target/test-dir/MiniOzoneClusterImpl-5b0688b1-0324-4107-bf7a-97e067892599/datanode-3/data/ratis/c00670dc-089a-43d4-ab59-e5e1d7652546/current/log_inprogress_0
2019-09-19 14:45:10,825 [d074c048-3e38-4e2d-895f-3654e5a631aa-SegmentedRaftLogWorker:Storage Directory /workdir/hadoop-ozone/tools/target/test-dir/MiniOzoneClusterImpl-5b0688b1-0324-4107-bf7a-97e067892599/datanode-0/data/ratis/ac9b3990-0329-457c-950b-8a3bc35063fd] INFO  segmented.SegmentedRaftLogWorker (SegmentedRaftLogWorker.java:execute(569)) - d074c048-3e38-4e2d-895f-3654e5a631aa-SegmentedRaftLogWorker:Storage Directory /workdir/hadoop-ozone/tools/target/test-dir/MiniOzoneClusterImpl-5b0688b1-0324-4107-bf7a-97e067892599/datanode-0/data/ratis/ac9b3990-0329-457c-950b-8a3bc35063fd: created new log segment /workdir/hadoop-ozone/tools/target/test-dir/MiniOzoneClusterImpl-5b0688b1-0324-4107-bf7a-97e067892599/datanode-0/data/ratis/ac9b3990-0329-457c-950b-8a3bc35063fd/current/log_inprogress_0
2019-09-19 14:45:10,870 [Thread-215] INFO  impl.FollowerState (FollowerState.java:run(106)) - 7bb82aea-de54-461a-943d-5c63d8edb395:group-E1C7670E3362 changes to CANDIDATE, lastRpcTime:5118, electionTimeout:5117ms
2019-09-19 14:45:10,874 [Thread-215] INFO  impl.RoleInfo (RoleInfo.java:shutdownFollowerState(121)) - 7bb82aea-de54-461a-943d-5c63d8edb395: shutdown FollowerState
2019-09-19 14:45:10,874 [Thread-215] INFO  impl.RaftServerImpl (RaftServerImpl.java:setRole(171)) - 7bb82aea-de54-461a-943d-5c63d8edb395:group-E1C7670E3362 changes role from FOLLOWER to CANDIDATE at term 0 for changeToCandidate
2019-09-19 14:45:10,875 [Thread-215] INFO  impl.RoleInfo (RoleInfo.java:updateAndGet(143)) - 7bb82aea-de54-461a-943d-5c63d8edb395: start LeaderElection
2019-09-19 14:45:10,903 [7bb82aea-de54-461a-943d-5c63d8edb395:group-E1C7670E3362:LeaderElection3] INFO  impl.LeaderElection (LeaderElection.java:askForVotes(181)) - 7bb82aea-de54-461a-943d-5c63d8edb395:group-E1C7670E3362:LeaderElection3: begin an election at term 1 for -1: [7bb82aea-de54-461a-943d-5c63d8edb395:192.168.5.132:34910], old=null
2019-09-19 14:45:10,906 [7bb82aea-de54-461a-943d-5c63d8edb395:group-E1C7670E3362:LeaderElection3] INFO  impl.RoleInfo (RoleInfo.java:shutdownLeaderElection(134)) - 7bb82aea-de54-461a-943d-5c63d8edb395: shutdown LeaderElection
2019-09-19 14:45:10,906 [7bb82aea-de54-461a-943d-5c63d8edb395:group-E1C7670E3362:LeaderElection3] INFO  impl.RaftServerImpl (RaftServerImpl.java:setRole(171)) - 7bb82aea-de54-461a-943d-5c63d8edb395:group-E1C7670E3362 changes role from CANDIDATE to LEADER at term 1 for changeToLeader
2019-09-19 14:45:10,906 [7bb82aea-de54-461a-943d-5c63d8edb395:group-E1C7670E3362:LeaderElection3] INFO  impl.RaftServerImpl (ServerState.java:setLeader(263)) - 7bb82aea-de54-461a-943d-5c63d8edb395:group-E1C7670E3362 change Leader from null to 7bb82aea-de54-461a-943d-5c63d8edb395 at term 1 for becomeLeader, leader elected after 5159ms
2019-09-19 14:45:10,908 [7bb82aea-de54-461a-943d-5c63d8edb395:group-E1C7670E3362:LeaderElection3] INFO  server.RaftServerConfigKeys (ConfUtils.java:logGet(43)) - raft.server.staging.catchup.gap = 1000 (default)
2019-09-19 14:45:10,908 [7bb82aea-de54-461a-943d-5c63d8edb395:group-E1C7670E3362:LeaderElection3] INFO  server.RaftServerConfigKeys (ConfUtils.java:logGet(43)) - raft.server.rpc.sleep.time = 25ms (default)
2019-09-19 14:45:10,909 [7bb82aea-de54-461a-943d-5c63d8edb395:group-E1C7670E3362:LeaderElection3] INFO  server.RaftServerConfigKeys (ConfUtils.java:logGet(43)) - raft.server.write.element-limit = 4096 (default)
2019-09-19 14:45:10,909 [7bb82aea-de54-461a-943d-5c63d8edb395:group-E1C7670E3362:LeaderElection3] INFO  server.RaftServerConfigKeys (ConfUtils.java:logGet(43)) - raft.server.watch.timeout = 10s (default)
2019-09-19 14:45:10,909 [7bb82aea-de54-461a-943d-5c63d8edb395:group-E1C7670E3362:LeaderElection3] INFO  server.RaftServerConfigKeys (ConfUtils.java:logGet(43)) - raft.server.watch.timeout.denomination = 1s (default)
2019-09-19 14:45:10,909 [7bb82aea-de54-461a-943d-5c63d8edb395:group-E1C7670E3362:LeaderElection3] INFO  server.RaftServerConfigKeys (ConfUtils.java:logGet(43)) - raft.server.watch.element-limit = 65536 (default)
2019-09-19 14:45:10,910 [7bb82aea-de54-461a-943d-5c63d8edb395:group-E1C7670E3362:LeaderElection3] INFO  impl.RoleInfo (RoleInfo.java:updateAndGet(143)) - 7bb82aea-de54-461a-943d-5c63d8edb395: start LeaderState
2019-09-19 14:45:10,910 [7bb82aea-de54-461a-943d-5c63d8edb395:group-E1C7670E3362:LeaderElection3] INFO  segmented.SegmentedRaftLogWorker (SegmentedRaftLogWorker.java:startLogSegment(380)) - 7bb82aea-de54-461a-943d-5c63d8edb395-SegmentedRaftLogWorker:Storage Directory /workdir/hadoop-ozone/tools/target/test-dir/MiniOzoneClusterImpl-5b0688b1-0324-4107-bf7a-97e067892599/datanode-2/data/ratis/508387de-e9f5-46f5-a9e3-e1c7670e3362: Starting segment from index:0
2019-09-19 14:45:10,911 [7bb82aea-de54-461a-943d-5c63d8edb395:group-E1C7670E3362:LeaderElection3] INFO  impl.RaftServerImpl (ServerState.java:setRaftConf(361)) - 7bb82aea-de54-461a-943d-5c63d8edb395:group-E1C7670E3362 set configuration 0: [7bb82aea-de54-461a-943d-5c63d8edb395:192.168.5.132:34910], old=null at 0
2019-09-19 14:45:10,974 [7bb82aea-de54-461a-943d-5c63d8edb395-SegmentedRaftLogWorker:Storage Directory /workdir/hadoop-ozone/tools/target/test-dir/MiniOzoneClusterImpl-5b0688b1-0324-4107-bf7a-97e067892599/datanode-2/data/ratis/508387de-e9f5-46f5-a9e3-e1c7670e3362] INFO  segmented.SegmentedRaftLogWorker (SegmentedRaftLogWorker.java:execute(569)) - 7bb82aea-de54-461a-943d-5c63d8edb395-SegmentedRaftLogWorker:Storage Directory /workdir/hadoop-ozone/tools/target/test-dir/MiniOzoneClusterImpl-5b0688b1-0324-4107-bf7a-97e067892599/datanode-2/data/ratis/508387de-e9f5-46f5-a9e3-e1c7670e3362: created new log segment /workdir/hadoop-ozone/tools/target/test-dir/MiniOzoneClusterImpl-5b0688b1-0324-4107-bf7a-97e067892599/datanode-2/data/ratis/508387de-e9f5-46f5-a9e3-e1c7670e3362/current/log_inprogress_0
2019-09-19 14:45:11,037 | INFO  | SCMAudit | user=jenkins1000 | ip=192.168.5.132 | op=SEND_HEARTBEAT {datanodeUUID=7bb82aea-de54-461a-943d-5c63d8edb395, command=[]} | ret=SUCCESS |  
2019-09-19 14:45:11,084 [Thread-218] INFO  impl.FollowerState (FollowerState.java:run(106)) - a38eeb7b-34bc-498a-82af-c91824ca14e3:group-EADF933D2485 changes to CANDIDATE, lastRpcTime:5184, electionTimeout:5184ms
2019-09-19 14:45:11,085 [Thread-218] INFO  impl.RoleInfo (RoleInfo.java:shutdownFollowerState(121)) - a38eeb7b-34bc-498a-82af-c91824ca14e3: shutdown FollowerState
2019-09-19 14:45:11,085 [Thread-218] INFO  impl.RaftServerImpl (RaftServerImpl.java:setRole(171)) - a38eeb7b-34bc-498a-82af-c91824ca14e3:group-EADF933D2485 changes role from FOLLOWER to CANDIDATE at term 0 for changeToCandidate
2019-09-19 14:45:11,085 [Thread-218] INFO  impl.RoleInfo (RoleInfo.java:updateAndGet(143)) - a38eeb7b-34bc-498a-82af-c91824ca14e3: start LeaderElection
2019-09-19 14:45:11,089 [Thread-221] INFO  impl.FollowerState (FollowerState.java:run(106)) - d074c048-3e38-4e2d-895f-3654e5a631aa:group-38A784605B0B changes to CANDIDATE, lastRpcTime:5087, electionTimeout:5083ms
2019-09-19 14:45:11,090 [Thread-221] INFO  impl.RoleInfo (RoleInfo.java:shutdownFollowerState(121)) - d074c048-3e38-4e2d-895f-3654e5a631aa: shutdown FollowerState
2019-09-19 14:45:11,091 [Thread-221] INFO  impl.RaftServerImpl (RaftServerImpl.java:setRole(171)) - d074c048-3e38-4e2d-895f-3654e5a631aa:group-38A784605B0B changes role from FOLLOWER to CANDIDATE at term 0 for changeToCandidate
2019-09-19 14:45:11,091 [Thread-221] INFO  impl.RoleInfo (RoleInfo.java:updateAndGet(143)) - d074c048-3e38-4e2d-895f-3654e5a631aa: start LeaderElection
2019-09-19 14:45:11,104 | INFO  | SCMAudit | user=jenkins1000 | ip=192.168.5.132 | op=SEND_HEARTBEAT {datanodeUUID=d074c048-3e38-4e2d-895f-3654e5a631aa, command=[]} | ret=SUCCESS |  
2019-09-19 14:45:11,111 [d074c048-3e38-4e2d-895f-3654e5a631aa:group-38A784605B0B:LeaderElection5] INFO  impl.LeaderElection (LeaderElection.java:askForVotes(181)) - d074c048-3e38-4e2d-895f-3654e5a631aa:group-38A784605B0B:LeaderElection5: begin an election at term 1 for -1: [d074c048-3e38-4e2d-895f-3654e5a631aa:192.168.5.132:33437], old=null
2019-09-19 14:45:11,111 [a38eeb7b-34bc-498a-82af-c91824ca14e3:group-EADF933D2485:LeaderElection4] INFO  impl.LeaderElection (LeaderElection.java:askForVotes(181)) - a38eeb7b-34bc-498a-82af-c91824ca14e3:group-EADF933D2485:LeaderElection4: begin an election at term 1 for -1: [a38eeb7b-34bc-498a-82af-c91824ca14e3:192.168.5.132:42492], old=null
2019-09-19 14:45:11,112 [d074c048-3e38-4e2d-895f-3654e5a631aa:group-38A784605B0B:LeaderElection5] INFO  impl.RoleInfo (RoleInfo.java:shutdownLeaderElection(134)) - d074c048-3e38-4e2d-895f-3654e5a631aa: shutdown LeaderElection
2019-09-19 14:45:11,112 [a38eeb7b-34bc-498a-82af-c91824ca14e3:group-EADF933D2485:LeaderElection4] INFO  impl.RoleInfo (RoleInfo.java:shutdownLeaderElection(134)) - a38eeb7b-34bc-498a-82af-c91824ca14e3: shutdown LeaderElection
2019-09-19 14:45:11,112 [d074c048-3e38-4e2d-895f-3654e5a631aa:group-38A784605B0B:LeaderElection5] INFO  impl.RaftServerImpl (RaftServerImpl.java:setRole(171)) - d074c048-3e38-4e2d-895f-3654e5a631aa:group-38A784605B0B changes role from CANDIDATE to LEADER at term 1 for changeToLeader
2019-09-19 14:45:11,112 [a38eeb7b-34bc-498a-82af-c91824ca14e3:group-EADF933D2485:LeaderElection4] INFO  impl.RaftServerImpl (RaftServerImpl.java:setRole(171)) - a38eeb7b-34bc-498a-82af-c91824ca14e3:group-EADF933D2485 changes role from CANDIDATE to LEADER at term 1 for changeToLeader
2019-09-19 14:45:11,112 [d074c048-3e38-4e2d-895f-3654e5a631aa:group-38A784605B0B:LeaderElection5] INFO  impl.RaftServerImpl (ServerState.java:setLeader(263)) - d074c048-3e38-4e2d-895f-3654e5a631aa:group-38A784605B0B change Leader from null to d074c048-3e38-4e2d-895f-3654e5a631aa at term 1 for becomeLeader, leader elected after 5115ms
2019-09-19 14:45:11,112 [a38eeb7b-34bc-498a-82af-c91824ca14e3:group-EADF933D2485:LeaderElection4] INFO  impl.RaftServerImpl (ServerState.java:setLeader(263)) - a38eeb7b-34bc-498a-82af-c91824ca14e3:group-EADF933D2485 change Leader from null to a38eeb7b-34bc-498a-82af-c91824ca14e3 at term 1 for becomeLeader, leader elected after 5219ms
2019-09-19 14:45:11,112 [d074c048-3e38-4e2d-895f-3654e5a631aa:group-38A784605B0B:LeaderElection5] INFO  server.RaftServerConfigKeys (ConfUtils.java:logGet(43)) - raft.server.staging.catchup.gap = 1000 (default)
2019-09-19 14:45:11,113 [d074c048-3e38-4e2d-895f-3654e5a631aa:group-38A784605B0B:LeaderElection5] INFO  server.RaftServerConfigKeys (ConfUtils.java:logGet(43)) - raft.server.rpc.sleep.time = 25ms (default)
2019-09-19 14:45:11,116 [a38eeb7b-34bc-498a-82af-c91824ca14e3:group-EADF933D2485:LeaderElection4] INFO  server.RaftServerConfigKeys (ConfUtils.java:logGet(43)) - raft.server.staging.catchup.gap = 1000 (default)
2019-09-19 14:45:11,116 [d074c048-3e38-4e2d-895f-3654e5a631aa:group-38A784605B0B:LeaderElection5] INFO  server.RaftServerConfigKeys (ConfUtils.java:logGet(43)) - raft.server.write.element-limit = 4096 (default)
2019-09-19 14:45:11,116 [a38eeb7b-34bc-498a-82af-c91824ca14e3:group-EADF933D2485:LeaderElection4] INFO  server.RaftServerConfigKeys (ConfUtils.java:logGet(43)) - raft.server.rpc.sleep.time = 25ms (default)
2019-09-19 14:45:11,117 [a38eeb7b-34bc-498a-82af-c91824ca14e3:group-EADF933D2485:LeaderElection4] INFO  server.RaftServerConfigKeys (ConfUtils.java:logGet(43)) - raft.server.write.element-limit = 4096 (default)
2019-09-19 14:45:11,117 [a38eeb7b-34bc-498a-82af-c91824ca14e3:group-EADF933D2485:LeaderElection4] INFO  server.RaftServerConfigKeys (ConfUtils.java:logGet(43)) - raft.server.watch.timeout = 10s (default)
2019-09-19 14:45:11,117 [a38eeb7b-34bc-498a-82af-c91824ca14e3:group-EADF933D2485:LeaderElection4] INFO  server.RaftServerConfigKeys (ConfUtils.java:logGet(43)) - raft.server.watch.timeout.denomination = 1s (default)
2019-09-19 14:45:11,117 [a38eeb7b-34bc-498a-82af-c91824ca14e3:group-EADF933D2485:LeaderElection4] INFO  server.RaftServerConfigKeys (ConfUtils.java:logGet(43)) - raft.server.watch.element-limit = 65536 (default)
2019-09-19 14:45:11,116 [d074c048-3e38-4e2d-895f-3654e5a631aa:group-38A784605B0B:LeaderElection5] INFO  server.RaftServerConfigKeys (ConfUtils.java:logGet(43)) - raft.server.watch.timeout = 10s (default)
2019-09-19 14:45:11,118 [d074c048-3e38-4e2d-895f-3654e5a631aa:group-38A784605B0B:LeaderElection5] INFO  server.RaftServerConfigKeys (ConfUtils.java:logGet(43)) - raft.server.watch.timeout.denomination = 1s (default)
2019-09-19 14:45:11,118 [a38eeb7b-34bc-498a-82af-c91824ca14e3:group-EADF933D2485:LeaderElection4] INFO  impl.RoleInfo (RoleInfo.java:updateAndGet(143)) - a38eeb7b-34bc-498a-82af-c91824ca14e3: start LeaderState
2019-09-19 14:45:11,118 [d074c048-3e38-4e2d-895f-3654e5a631aa:group-38A784605B0B:LeaderElection5] INFO  server.RaftServerConfigKeys (ConfUtils.java:logGet(43)) - raft.server.watch.element-limit = 65536 (default)
2019-09-19 14:45:11,119 [a38eeb7b-34bc-498a-82af-c91824ca14e3:group-EADF933D2485:LeaderElection4] INFO  segmented.SegmentedRaftLogWorker (SegmentedRaftLogWorker.java:startLogSegment(380)) - a38eeb7b-34bc-498a-82af-c91824ca14e3-SegmentedRaftLogWorker:Storage Directory /workdir/hadoop-ozone/tools/target/test-dir/MiniOzoneClusterImpl-5b0688b1-0324-4107-bf7a-97e067892599/datanode-1/data/ratis/90d49f27-f1ff-429f-97f0-eadf933d2485: Starting segment from index:0
2019-09-19 14:45:11,119 [d074c048-3e38-4e2d-895f-3654e5a631aa:group-38A784605B0B:LeaderElection5] INFO  impl.RoleInfo (RoleInfo.java:updateAndGet(143)) - d074c048-3e38-4e2d-895f-3654e5a631aa: start LeaderState
2019-09-19 14:45:11,120 [d074c048-3e38-4e2d-895f-3654e5a631aa:group-38A784605B0B:LeaderElection5] INFO  segmented.SegmentedRaftLogWorker (SegmentedRaftLogWorker.java:startLogSegment(380)) - d074c048-3e38-4e2d-895f-3654e5a631aa-SegmentedRaftLogWorker:Storage Directory /workdir/hadoop-ozone/tools/target/test-dir/MiniOzoneClusterImpl-5b0688b1-0324-4107-bf7a-97e067892599/datanode-0/data/ratis/8ba4ea9f-3bf7-4591-b720-38a784605b0b: Starting segment from index:0
2019-09-19 14:45:11,120 [a38eeb7b-34bc-498a-82af-c91824ca14e3:group-EADF933D2485:LeaderElection4] INFO  impl.RaftServerImpl (ServerState.java:setRaftConf(361)) - a38eeb7b-34bc-498a-82af-c91824ca14e3:group-EADF933D2485 set configuration 0: [a38eeb7b-34bc-498a-82af-c91824ca14e3:192.168.5.132:42492], old=null at 0
2019-09-19 14:45:11,150 [d074c048-3e38-4e2d-895f-3654e5a631aa:group-38A784605B0B:LeaderElection5] INFO  impl.RaftServerImpl (ServerState.java:setRaftConf(361)) - d074c048-3e38-4e2d-895f-3654e5a631aa:group-38A784605B0B set configuration 0: [d074c048-3e38-4e2d-895f-3654e5a631aa:192.168.5.132:33437], old=null at 0
2019-09-19 14:45:11,184 [a38eeb7b-34bc-498a-82af-c91824ca14e3-SegmentedRaftLogWorker:Storage Directory /workdir/hadoop-ozone/tools/target/test-dir/MiniOzoneClusterImpl-5b0688b1-0324-4107-bf7a-97e067892599/datanode-1/data/ratis/90d49f27-f1ff-429f-97f0-eadf933d2485] INFO  segmented.SegmentedRaftLogWorker (SegmentedRaftLogWorker.java:execute(569)) - a38eeb7b-34bc-498a-82af-c91824ca14e3-SegmentedRaftLogWorker:Storage Directory /workdir/hadoop-ozone/tools/target/test-dir/MiniOzoneClusterImpl-5b0688b1-0324-4107-bf7a-97e067892599/datanode-1/data/ratis/90d49f27-f1ff-429f-97f0-eadf933d2485: created new log segment /workdir/hadoop-ozone/tools/target/test-dir/MiniOzoneClusterImpl-5b0688b1-0324-4107-bf7a-97e067892599/datanode-1/data/ratis/90d49f27-f1ff-429f-97f0-eadf933d2485/current/log_inprogress_0
2019-09-19 14:45:11,204 [d074c048-3e38-4e2d-895f-3654e5a631aa-SegmentedRaftLogWorker:Storage Directory /workdir/hadoop-ozone/tools/target/test-dir/MiniOzoneClusterImpl-5b0688b1-0324-4107-bf7a-97e067892599/datanode-0/data/ratis/8ba4ea9f-3bf7-4591-b720-38a784605b0b] INFO  segmented.SegmentedRaftLogWorker (SegmentedRaftLogWorker.java:execute(569)) - d074c048-3e38-4e2d-895f-3654e5a631aa-SegmentedRaftLogWorker:Storage Directory /workdir/hadoop-ozone/tools/target/test-dir/MiniOzoneClusterImpl-5b0688b1-0324-4107-bf7a-97e067892599/datanode-0/data/ratis/8ba4ea9f-3bf7-4591-b720-38a784605b0b: created new log segment /workdir/hadoop-ozone/tools/target/test-dir/MiniOzoneClusterImpl-5b0688b1-0324-4107-bf7a-97e067892599/datanode-0/data/ratis/8ba4ea9f-3bf7-4591-b720-38a784605b0b/current/log_inprogress_0
2019-09-19 14:45:11,212 [Thread-225] INFO  impl.FollowerState (FollowerState.java:run(106)) - a38eeb7b-34bc-498a-82af-c91824ca14e3:group-C98B802B8237 changes to CANDIDATE, lastRpcTime:5100, electionTimeout:5100ms
2019-09-19 14:45:11,214 [Thread-225] INFO  impl.RoleInfo (RoleInfo.java:shutdownFollowerState(121)) - a38eeb7b-34bc-498a-82af-c91824ca14e3: shutdown FollowerState
2019-09-19 14:45:11,214 [Thread-225] INFO  impl.RaftServerImpl (RaftServerImpl.java:setRole(171)) - a38eeb7b-34bc-498a-82af-c91824ca14e3:group-C98B802B8237 changes role from FOLLOWER to CANDIDATE at term 0 for changeToCandidate
2019-09-19 14:45:11,215 [Thread-225] INFO  impl.RoleInfo (RoleInfo.java:updateAndGet(143)) - a38eeb7b-34bc-498a-82af-c91824ca14e3: start LeaderElection
2019-09-19 14:45:11,247 [a38eeb7b-34bc-498a-82af-c91824ca14e3:group-C98B802B8237:LeaderElection6] INFO  impl.LeaderElection (LeaderElection.java:askForVotes(181)) - a38eeb7b-34bc-498a-82af-c91824ca14e3:group-C98B802B8237:LeaderElection6: begin an election at term 1 for -1: [a38eeb7b-34bc-498a-82af-c91824ca14e3:192.168.5.132:42492], old=null
2019-09-19 14:45:11,248 [a38eeb7b-34bc-498a-82af-c91824ca14e3:group-C98B802B8237:LeaderElection6] INFO  impl.RoleInfo (RoleInfo.java:shutdownLeaderElection(134)) - a38eeb7b-34bc-498a-82af-c91824ca14e3: shutdown LeaderElection
2019-09-19 14:45:11,248 [a38eeb7b-34bc-498a-82af-c91824ca14e3:group-C98B802B8237:LeaderElection6] INFO  impl.RaftServerImpl (RaftServerImpl.java:setRole(171)) - a38eeb7b-34bc-498a-82af-c91824ca14e3:group-C98B802B8237 changes role from CANDIDATE to LEADER at term 1 for changeToLeader
2019-09-19 14:45:11,248 [a38eeb7b-34bc-498a-82af-c91824ca14e3:group-C98B802B8237:LeaderElection6] INFO  impl.RaftServerImpl (ServerState.java:setLeader(263)) - a38eeb7b-34bc-498a-82af-c91824ca14e3:group-C98B802B8237 change Leader from null to a38eeb7b-34bc-498a-82af-c91824ca14e3 at term 1 for becomeLeader, leader elected after 5141ms
2019-09-19 14:45:11,249 [a38eeb7b-34bc-498a-82af-c91824ca14e3:group-C98B802B8237:LeaderElection6] INFO  server.RaftServerConfigKeys (ConfUtils.java:logGet(43)) - raft.server.staging.catchup.gap = 1000 (default)
2019-09-19 14:45:11,249 [a38eeb7b-34bc-498a-82af-c91824ca14e3:group-C98B802B8237:LeaderElection6] INFO  server.RaftServerConfigKeys (ConfUtils.java:logGet(43)) - raft.server.rpc.sleep.time = 25ms (default)
2019-09-19 14:45:11,249 [a38eeb7b-34bc-498a-82af-c91824ca14e3:group-C98B802B8237:LeaderElection6] INFO  server.RaftServerConfigKeys (ConfUtils.java:logGet(43)) - raft.server.write.element-limit = 4096 (default)
2019-09-19 14:45:11,249 [a38eeb7b-34bc-498a-82af-c91824ca14e3:group-C98B802B8237:LeaderElection6] INFO  server.RaftServerConfigKeys (ConfUtils.java:logGet(43)) - raft.server.watch.timeout = 10s (default)
2019-09-19 14:45:11,249 [a38eeb7b-34bc-498a-82af-c91824ca14e3:group-C98B802B8237:LeaderElection6] INFO  server.RaftServerConfigKeys (ConfUtils.java:logGet(43)) - raft.server.watch.timeout.denomination = 1s (default)
2019-09-19 14:45:11,249 [a38eeb7b-34bc-498a-82af-c91824ca14e3:group-C98B802B8237:LeaderElection6] INFO  server.RaftServerConfigKeys (ConfUtils.java:logGet(43)) - raft.server.watch.element-limit = 65536 (default)
2019-09-19 14:45:11,250 [a38eeb7b-34bc-498a-82af-c91824ca14e3:group-C98B802B8237:LeaderElection6] INFO  impl.RoleInfo (RoleInfo.java:updateAndGet(143)) - a38eeb7b-34bc-498a-82af-c91824ca14e3: start LeaderState
2019-09-19 14:45:11,250 [a38eeb7b-34bc-498a-82af-c91824ca14e3:group-C98B802B8237:LeaderElection6] INFO  segmented.SegmentedRaftLogWorker (SegmentedRaftLogWorker.java:startLogSegment(380)) - a38eeb7b-34bc-498a-82af-c91824ca14e3-SegmentedRaftLogWorker:Storage Directory /workdir/hadoop-ozone/tools/target/test-dir/MiniOzoneClusterImpl-5b0688b1-0324-4107-bf7a-97e067892599/datanode-1/data/ratis/c5e9e743-ccb0-4953-859a-c98b802b8237: Starting segment from index:0
2019-09-19 14:45:11,251 [a38eeb7b-34bc-498a-82af-c91824ca14e3:group-C98B802B8237:LeaderElection6] INFO  impl.RaftServerImpl (ServerState.java:setRaftConf(361)) - a38eeb7b-34bc-498a-82af-c91824ca14e3:group-C98B802B8237 set configuration 0: [a38eeb7b-34bc-498a-82af-c91824ca14e3:192.168.5.132:42492], old=null at 0
2019-09-19 14:45:11,328 | INFO  | SCMAudit | user=jenkins1000 | ip=192.168.5.132 | op=SEND_HEARTBEAT {datanodeUUID=a0762623-a339-4c04-8cb0-9d92457e5b77, command=[]} | ret=SUCCESS |  
2019-09-19 14:45:11,340 [a38eeb7b-34bc-498a-82af-c91824ca14e3-SegmentedRaftLogWorker:Storage Directory /workdir/hadoop-ozone/tools/target/test-dir/MiniOzoneClusterImpl-5b0688b1-0324-4107-bf7a-97e067892599/datanode-1/data/ratis/c5e9e743-ccb0-4953-859a-c98b802b8237] INFO  segmented.SegmentedRaftLogWorker (SegmentedRaftLogWorker.java:execute(569)) - a38eeb7b-34bc-498a-82af-c91824ca14e3-SegmentedRaftLogWorker:Storage Directory /workdir/hadoop-ozone/tools/target/test-dir/MiniOzoneClusterImpl-5b0688b1-0324-4107-bf7a-97e067892599/datanode-1/data/ratis/c5e9e743-ccb0-4953-859a-c98b802b8237: created new log segment /workdir/hadoop-ozone/tools/target/test-dir/MiniOzoneClusterImpl-5b0688b1-0324-4107-bf7a-97e067892599/datanode-1/data/ratis/c5e9e743-ccb0-4953-859a-c98b802b8237/current/log_inprogress_0
2019-09-19 14:45:11,358 [Thread-228] INFO  impl.FollowerState (FollowerState.java:run(106)) - dbc49482-0539-4069-8573-d74be766be9f:group-771A4DAE487F changes to CANDIDATE, lastRpcTime:5178, electionTimeout:5178ms
2019-09-19 14:45:11,358 [Thread-228] INFO  impl.RoleInfo (RoleInfo.java:shutdownFollowerState(121)) - dbc49482-0539-4069-8573-d74be766be9f: shutdown FollowerState
2019-09-19 14:45:11,358 [Thread-228] INFO  impl.RaftServerImpl (RaftServerImpl.java:setRole(171)) - dbc49482-0539-4069-8573-d74be766be9f:group-771A4DAE487F changes role from FOLLOWER to CANDIDATE at term 0 for changeToCandidate
2019-09-19 14:45:11,358 [Thread-228] INFO  impl.RoleInfo (RoleInfo.java:updateAndGet(143)) - dbc49482-0539-4069-8573-d74be766be9f: start LeaderElection
2019-09-19 14:45:11,385 [dbc49482-0539-4069-8573-d74be766be9f:group-771A4DAE487F:LeaderElection7] INFO  impl.LeaderElection (LeaderElection.java:askForVotes(181)) - dbc49482-0539-4069-8573-d74be766be9f:group-771A4DAE487F:LeaderElection7: begin an election at term 1 for -1: [dbc49482-0539-4069-8573-d74be766be9f:192.168.5.132:40388], old=null
2019-09-19 14:45:11,388 [dbc49482-0539-4069-8573-d74be766be9f:group-771A4DAE487F:LeaderElection7] INFO  impl.RoleInfo (RoleInfo.java:shutdownLeaderElection(134)) - dbc49482-0539-4069-8573-d74be766be9f: shutdown LeaderElection
2019-09-19 14:45:11,389 [dbc49482-0539-4069-8573-d74be766be9f:group-771A4DAE487F:LeaderElection7] INFO  impl.RaftServerImpl (RaftServerImpl.java:setRole(171)) - dbc49482-0539-4069-8573-d74be766be9f:group-771A4DAE487F changes role from CANDIDATE to LEADER at term 1 for changeToLeader
2019-09-19 14:45:11,389 [dbc49482-0539-4069-8573-d74be766be9f:group-771A4DAE487F:LeaderElection7] INFO  impl.RaftServerImpl (ServerState.java:setLeader(263)) - dbc49482-0539-4069-8573-d74be766be9f:group-771A4DAE487F change Leader from null to dbc49482-0539-4069-8573-d74be766be9f at term 1 for becomeLeader, leader elected after 5213ms
2019-09-19 14:45:11,392 [dbc49482-0539-4069-8573-d74be766be9f:group-771A4DAE487F:LeaderElection7] INFO  server.RaftServerConfigKeys (ConfUtils.java:logGet(43)) - raft.server.staging.catchup.gap = 1000 (default)
2019-09-19 14:45:11,392 [dbc49482-0539-4069-8573-d74be766be9f:group-771A4DAE487F:LeaderElection7] INFO  server.RaftServerConfigKeys (ConfUtils.java:logGet(43)) - raft.server.rpc.sleep.time = 25ms (default)
2019-09-19 14:45:11,392 [dbc49482-0539-4069-8573-d74be766be9f:group-771A4DAE487F:LeaderElection7] INFO  server.RaftServerConfigKeys (ConfUtils.java:logGet(43)) - raft.server.write.element-limit = 4096 (default)
2019-09-19 14:45:11,393 [dbc49482-0539-4069-8573-d74be766be9f:group-771A4DAE487F:LeaderElection7] INFO  server.RaftServerConfigKeys (ConfUtils.java:logGet(43)) - raft.server.watch.timeout = 10s (default)
2019-09-19 14:45:11,393 [dbc49482-0539-4069-8573-d74be766be9f:group-771A4DAE487F:LeaderElection7] INFO  server.RaftServerConfigKeys (ConfUtils.java:logGet(43)) - raft.server.watch.timeout.denomination = 1s (default)
2019-09-19 14:45:11,393 [dbc49482-0539-4069-8573-d74be766be9f:group-771A4DAE487F:LeaderElection7] INFO  server.RaftServerConfigKeys (ConfUtils.java:logGet(43)) - raft.server.watch.element-limit = 65536 (default)
2019-09-19 14:45:11,394 [dbc49482-0539-4069-8573-d74be766be9f:group-771A4DAE487F:LeaderElection7] INFO  impl.RoleInfo (RoleInfo.java:updateAndGet(143)) - dbc49482-0539-4069-8573-d74be766be9f: start LeaderState
2019-09-19 14:45:11,394 [dbc49482-0539-4069-8573-d74be766be9f:group-771A4DAE487F:LeaderElection7] INFO  segmented.SegmentedRaftLogWorker (SegmentedRaftLogWorker.java:startLogSegment(380)) - dbc49482-0539-4069-8573-d74be766be9f-SegmentedRaftLogWorker:Storage Directory /workdir/hadoop-ozone/tools/target/test-dir/MiniOzoneClusterImpl-5b0688b1-0324-4107-bf7a-97e067892599/datanode-4/data/ratis/cdcf390b-6d79-4aec-830b-771a4dae487f: Starting segment from index:0
2019-09-19 14:45:11,395 [dbc49482-0539-4069-8573-d74be766be9f:group-771A4DAE487F:LeaderElection7] INFO  impl.RaftServerImpl (ServerState.java:setRaftConf(361)) - dbc49482-0539-4069-8573-d74be766be9f:group-771A4DAE487F set configuration 0: [dbc49482-0539-4069-8573-d74be766be9f:192.168.5.132:40388], old=null at 0
2019-09-19 14:45:11,429 [Thread-231] INFO  impl.FollowerState (FollowerState.java:run(106)) - dbc49482-0539-4069-8573-d74be766be9f:group-F072A4062177 changes to CANDIDATE, lastRpcTime:5166, electionTimeout:5165ms
2019-09-19 14:45:11,429 [Thread-231] INFO  impl.RoleInfo (RoleInfo.java:shutdownFollowerState(121)) - dbc49482-0539-4069-8573-d74be766be9f: shutdown FollowerState
2019-09-19 14:45:11,429 [Thread-231] INFO  impl.RaftServerImpl (RaftServerImpl.java:setRole(171)) - dbc49482-0539-4069-8573-d74be766be9f:group-F072A4062177 changes role from FOLLOWER to CANDIDATE at term 0 for changeToCandidate
2019-09-19 14:45:11,429 [Thread-231] INFO  impl.RoleInfo (RoleInfo.java:updateAndGet(143)) - dbc49482-0539-4069-8573-d74be766be9f: start LeaderElection
2019-09-19 14:45:11,450 [dbc49482-0539-4069-8573-d74be766be9f-SegmentedRaftLogWorker:Storage Directory /workdir/hadoop-ozone/tools/target/test-dir/MiniOzoneClusterImpl-5b0688b1-0324-4107-bf7a-97e067892599/datanode-4/data/ratis/cdcf390b-6d79-4aec-830b-771a4dae487f] INFO  segmented.SegmentedRaftLogWorker (SegmentedRaftLogWorker.java:execute(569)) - dbc49482-0539-4069-8573-d74be766be9f-SegmentedRaftLogWorker:Storage Directory /workdir/hadoop-ozone/tools/target/test-dir/MiniOzoneClusterImpl-5b0688b1-0324-4107-bf7a-97e067892599/datanode-4/data/ratis/cdcf390b-6d79-4aec-830b-771a4dae487f: created new log segment /workdir/hadoop-ozone/tools/target/test-dir/MiniOzoneClusterImpl-5b0688b1-0324-4107-bf7a-97e067892599/datanode-4/data/ratis/cdcf390b-6d79-4aec-830b-771a4dae487f/current/log_inprogress_0
2019-09-19 14:45:11,450 [dbc49482-0539-4069-8573-d74be766be9f:group-F072A4062177:LeaderElection8] INFO  impl.LeaderElection (LeaderElection.java:askForVotes(181)) - dbc49482-0539-4069-8573-d74be766be9f:group-F072A4062177:LeaderElection8: begin an election at term 1 for -1: [dbc49482-0539-4069-8573-d74be766be9f:192.168.5.132:40388], old=null
2019-09-19 14:45:11,451 [dbc49482-0539-4069-8573-d74be766be9f:group-F072A4062177:LeaderElection8] INFO  impl.RoleInfo (RoleInfo.java:shutdownLeaderElection(134)) - dbc49482-0539-4069-8573-d74be766be9f: shutdown LeaderElection
2019-09-19 14:45:11,451 [dbc49482-0539-4069-8573-d74be766be9f:group-F072A4062177:LeaderElection8] INFO  impl.RaftServerImpl (RaftServerImpl.java:setRole(171)) - dbc49482-0539-4069-8573-d74be766be9f:group-F072A4062177 changes role from CANDIDATE to LEADER at term 1 for changeToLeader
2019-09-19 14:45:11,451 [dbc49482-0539-4069-8573-d74be766be9f:group-F072A4062177:LeaderElection8] INFO  impl.RaftServerImpl (ServerState.java:setLeader(263)) - dbc49482-0539-4069-8573-d74be766be9f:group-F072A4062177 change Leader from null to dbc49482-0539-4069-8573-d74be766be9f at term 1 for becomeLeader, leader elected after 5193ms
2019-09-19 14:45:11,451 [dbc49482-0539-4069-8573-d74be766be9f:group-F072A4062177:LeaderElection8] INFO  server.RaftServerConfigKeys (ConfUtils.java:logGet(43)) - raft.server.staging.catchup.gap = 1000 (default)
2019-09-19 14:45:11,451 [dbc49482-0539-4069-8573-d74be766be9f:group-F072A4062177:LeaderElection8] INFO  server.RaftServerConfigKeys (ConfUtils.java:logGet(43)) - raft.server.rpc.sleep.time = 25ms (default)
2019-09-19 14:45:11,452 [dbc49482-0539-4069-8573-d74be766be9f:group-F072A4062177:LeaderElection8] INFO  server.RaftServerConfigKeys (ConfUtils.java:logGet(43)) - raft.server.write.element-limit = 4096 (default)
2019-09-19 14:45:11,452 [dbc49482-0539-4069-8573-d74be766be9f:group-F072A4062177:LeaderElection8] INFO  server.RaftServerConfigKeys (ConfUtils.java:logGet(43)) - raft.server.watch.timeout = 10s (default)
2019-09-19 14:45:11,452 [dbc49482-0539-4069-8573-d74be766be9f:group-F072A4062177:LeaderElection8] INFO  server.RaftServerConfigKeys (ConfUtils.java:logGet(43)) - raft.server.watch.timeout.denomination = 1s (default)
2019-09-19 14:45:11,452 [dbc49482-0539-4069-8573-d74be766be9f:group-F072A4062177:LeaderElection8] INFO  server.RaftServerConfigKeys (ConfUtils.java:logGet(43)) - raft.server.watch.element-limit = 65536 (default)
2019-09-19 14:45:11,452 [dbc49482-0539-4069-8573-d74be766be9f:group-F072A4062177:LeaderElection8] INFO  impl.RoleInfo (RoleInfo.java:updateAndGet(143)) - dbc49482-0539-4069-8573-d74be766be9f: start LeaderState
2019-09-19 14:45:11,453 [dbc49482-0539-4069-8573-d74be766be9f:group-F072A4062177:LeaderElection8] INFO  segmented.SegmentedRaftLogWorker (SegmentedRaftLogWorker.java:startLogSegment(380)) - dbc49482-0539-4069-8573-d74be766be9f-SegmentedRaftLogWorker:Storage Directory /workdir/hadoop-ozone/tools/target/test-dir/MiniOzoneClusterImpl-5b0688b1-0324-4107-bf7a-97e067892599/datanode-4/data/ratis/7ae52c82-37a3-4743-8300-f072a4062177: Starting segment from index:0
2019-09-19 14:45:11,453 [dbc49482-0539-4069-8573-d74be766be9f:group-F072A4062177:LeaderElection8] INFO  impl.RaftServerImpl (ServerState.java:setRaftConf(361)) - dbc49482-0539-4069-8573-d74be766be9f:group-F072A4062177 set configuration 0: [dbc49482-0539-4069-8573-d74be766be9f:192.168.5.132:40388], old=null at 0
2019-09-19 14:45:11,483 [Thread-235] INFO  impl.FollowerState (FollowerState.java:run(106)) - 7bb82aea-de54-461a-943d-5c63d8edb395:group-7BBF0F4D336F changes to CANDIDATE, lastRpcTime:5121, electionTimeout:5107ms
 0.00% |█                                                                                                    |  0/1 Time: 0:00:052019-09-19 14:45:11,485 [Thread-235] INFO  impl.RoleInfo (RoleInfo.java:shutdownFollowerState(121)) - 7bb82aea-de54-461a-943d-5c63d8edb395: shutdown FollowerState
2019-09-19 14:45:11,485 [Thread-235] INFO  impl.RaftServerImpl (RaftServerImpl.java:setRole(171)) - 7bb82aea-de54-461a-943d-5c63d8edb395:group-7BBF0F4D336F changes role from FOLLOWER to CANDIDATE at term 0 for changeToCandidate
2019-09-19 14:45:11,486 [Thread-235] INFO  impl.RoleInfo (RoleInfo.java:updateAndGet(143)) - 7bb82aea-de54-461a-943d-5c63d8edb395: start LeaderElection
2019-09-19 14:45:11,491 | INFO  | SCMAudit | user=jenkins1000 | ip=192.168.5.132 | op=SEND_HEARTBEAT {datanodeUUID=a38eeb7b-34bc-498a-82af-c91824ca14e3, command=[]} | ret=SUCCESS |  
2019-09-19 14:45:11,501 [dbc49482-0539-4069-8573-d74be766be9f-SegmentedRaftLogWorker:Storage Directory /workdir/hadoop-ozone/tools/target/test-dir/MiniOzoneClusterImpl-5b0688b1-0324-4107-bf7a-97e067892599/datanode-4/data/ratis/7ae52c82-37a3-4743-8300-f072a4062177] INFO  segmented.SegmentedRaftLogWorker (SegmentedRaftLogWorker.java:execute(569)) - dbc49482-0539-4069-8573-d74be766be9f-SegmentedRaftLogWorker:Storage Directory /workdir/hadoop-ozone/tools/target/test-dir/MiniOzoneClusterImpl-5b0688b1-0324-4107-bf7a-97e067892599/datanode-4/data/ratis/7ae52c82-37a3-4743-8300-f072a4062177: created new log segment /workdir/hadoop-ozone/tools/target/test-dir/MiniOzoneClusterImpl-5b0688b1-0324-4107-bf7a-97e067892599/datanode-4/data/ratis/7ae52c82-37a3-4743-8300-f072a4062177/current/log_inprogress_0
2019-09-19 14:45:11,503 [Thread-238] INFO  impl.FollowerState (FollowerState.java:run(106)) - dbc49482-0539-4069-8573-d74be766be9f:group-0B5C6349301E changes to CANDIDATE, lastRpcTime:5055, electionTimeout:5055ms
2019-09-19 14:45:11,503 [Thread-238] INFO  impl.RoleInfo (RoleInfo.java:shutdownFollowerState(121)) - dbc49482-0539-4069-8573-d74be766be9f: shutdown FollowerState
2019-09-19 14:45:11,503 [Thread-238] INFO  impl.RaftServerImpl (RaftServerImpl.java:setRole(171)) - dbc49482-0539-4069-8573-d74be766be9f:group-0B5C6349301E changes role from FOLLOWER to CANDIDATE at term 0 for changeToCandidate
2019-09-19 14:45:11,503 [Thread-238] INFO  impl.RoleInfo (RoleInfo.java:updateAndGet(143)) - dbc49482-0539-4069-8573-d74be766be9f: start LeaderElection
2019-09-19 14:45:11,518 [7bb82aea-de54-461a-943d-5c63d8edb395:group-7BBF0F4D336F:LeaderElection9] INFO  impl.LeaderElection (LeaderElection.java:askForVotes(181)) - 7bb82aea-de54-461a-943d-5c63d8edb395:group-7BBF0F4D336F:LeaderElection9: begin an election at term 1 for -1: [7bb82aea-de54-461a-943d-5c63d8edb395:192.168.5.132:34910], old=null
2019-09-19 14:45:11,520 [7bb82aea-de54-461a-943d-5c63d8edb395:group-7BBF0F4D336F:LeaderElection9] INFO  impl.RoleInfo (RoleInfo.java:shutdownLeaderElection(134)) - 7bb82aea-de54-461a-943d-5c63d8edb395: shutdown LeaderElection
2019-09-19 14:45:11,520 [7bb82aea-de54-461a-943d-5c63d8edb395:group-7BBF0F4D336F:LeaderElection9] INFO  impl.RaftServerImpl (RaftServerImpl.java:setRole(171)) - 7bb82aea-de54-461a-943d-5c63d8edb395:group-7BBF0F4D336F changes role from CANDIDATE to LEADER at term 1 for changeToLeader
2019-09-19 14:45:11,520 [7bb82aea-de54-461a-943d-5c63d8edb395:group-7BBF0F4D336F:LeaderElection9] INFO  impl.RaftServerImpl (ServerState.java:setLeader(263)) - 7bb82aea-de54-461a-943d-5c63d8edb395:group-7BBF0F4D336F change Leader from null to 7bb82aea-de54-461a-943d-5c63d8edb395 at term 1 for becomeLeader, leader elected after 5163ms
2019-09-19 14:45:11,521 [7bb82aea-de54-461a-943d-5c63d8edb395:group-7BBF0F4D336F:LeaderElection9] INFO  server.RaftServerConfigKeys (ConfUtils.java:logGet(43)) - raft.server.staging.catchup.gap = 1000 (default)
2019-09-19 14:45:11,521 [7bb82aea-de54-461a-943d-5c63d8edb395:group-7BBF0F4D336F:LeaderElection9] INFO  server.RaftServerConfigKeys (ConfUtils.java:logGet(43)) - raft.server.rpc.sleep.time = 25ms (default)
2019-09-19 14:45:11,521 [7bb82aea-de54-461a-943d-5c63d8edb395:group-7BBF0F4D336F:LeaderElection9] INFO  server.RaftServerConfigKeys (ConfUtils.java:logGet(43)) - raft.server.write.element-limit = 4096 (default)
2019-09-19 14:45:11,521 [7bb82aea-de54-461a-943d-5c63d8edb395:group-7BBF0F4D336F:LeaderElection9] INFO  server.RaftServerConfigKeys (ConfUtils.java:logGet(43)) - raft.server.watch.timeout = 10s (default)
2019-09-19 14:45:11,521 [7bb82aea-de54-461a-943d-5c63d8edb395:group-7BBF0F4D336F:LeaderElection9] INFO  server.RaftServerConfigKeys (ConfUtils.java:logGet(43)) - raft.server.watch.timeout.denomination = 1s (default)
2019-09-19 14:45:11,522 [7bb82aea-de54-461a-943d-5c63d8edb395:group-7BBF0F4D336F:LeaderElection9] INFO  server.RaftServerConfigKeys (ConfUtils.java:logGet(43)) - raft.server.watch.element-limit = 65536 (default)
2019-09-19 14:45:11,522 [7bb82aea-de54-461a-943d-5c63d8edb395:group-7BBF0F4D336F:LeaderElection9] INFO  impl.RoleInfo (RoleInfo.java:updateAndGet(143)) - 7bb82aea-de54-461a-943d-5c63d8edb395: start LeaderState
2019-09-19 14:45:11,522 [7bb82aea-de54-461a-943d-5c63d8edb395:group-7BBF0F4D336F:LeaderElection9] INFO  segmented.SegmentedRaftLogWorker (SegmentedRaftLogWorker.java:startLogSegment(380)) - 7bb82aea-de54-461a-943d-5c63d8edb395-SegmentedRaftLogWorker:Storage Directory /workdir/hadoop-ozone/tools/target/test-dir/MiniOzoneClusterImpl-5b0688b1-0324-4107-bf7a-97e067892599/datanode-2/data/ratis/566c3648-68d3-428c-94af-7bbf0f4d336f: Starting segment from index:0
2019-09-19 14:45:11,523 [7bb82aea-de54-461a-943d-5c63d8edb395:group-7BBF0F4D336F:LeaderElection9] INFO  impl.RaftServerImpl (ServerState.java:setRaftConf(361)) - 7bb82aea-de54-461a-943d-5c63d8edb395:group-7BBF0F4D336F set configuration 0: [7bb82aea-de54-461a-943d-5c63d8edb395:192.168.5.132:34910], old=null at 0
2019-09-19 14:45:11,535 [Thread-245] INFO  impl.FollowerState (FollowerState.java:run(106)) - dbc49482-0539-4069-8573-d74be766be9f:group-3F36C7F2D2A6 changes to CANDIDATE, lastRpcTime:5011, electionTimeout:5011ms
2019-09-19 14:45:11,535 [Thread-245] INFO  impl.RoleInfo (RoleInfo.java:shutdownFollowerState(121)) - dbc49482-0539-4069-8573-d74be766be9f: shutdown FollowerState
2019-09-19 14:45:11,535 [Thread-245] INFO  impl.RaftServerImpl (RaftServerImpl.java:setRole(171)) - dbc49482-0539-4069-8573-d74be766be9f:group-3F36C7F2D2A6 changes role from FOLLOWER to CANDIDATE at term 0 for changeToCandidate
2019-09-19 14:45:11,535 [Thread-245] INFO  impl.RoleInfo (RoleInfo.java:updateAndGet(143)) - dbc49482-0539-4069-8573-d74be766be9f: start LeaderElection
2019-09-19 14:45:11,536 [dbc49482-0539-4069-8573-d74be766be9f:group-0B5C6349301E:LeaderElection10] INFO  impl.LeaderElection (LeaderElection.java:askForVotes(181)) - dbc49482-0539-4069-8573-d74be766be9f:group-0B5C6349301E:LeaderElection10: begin an election at term 1 for -1: [dbc49482-0539-4069-8573-d74be766be9f:192.168.5.132:40388], old=null
2019-09-19 14:45:11,536 [dbc49482-0539-4069-8573-d74be766be9f:group-0B5C6349301E:LeaderElection10] INFO  impl.RoleInfo (RoleInfo.java:shutdownLeaderElection(134)) - dbc49482-0539-4069-8573-d74be766be9f: shutdown LeaderElection
2019-09-19 14:45:11,561 [dbc49482-0539-4069-8573-d74be766be9f:group-0B5C6349301E:LeaderElection10] INFO  impl.RaftServerImpl (RaftServerImpl.java:setRole(171)) - dbc49482-0539-4069-8573-d74be766be9f:group-0B5C6349301E changes role from CANDIDATE to LEADER at term 1 for changeToLeader
2019-09-19 14:45:11,561 [dbc49482-0539-4069-8573-d74be766be9f:group-0B5C6349301E:LeaderElection10] INFO  impl.RaftServerImpl (ServerState.java:setLeader(263)) - dbc49482-0539-4069-8573-d74be766be9f:group-0B5C6349301E change Leader from null to dbc49482-0539-4069-8573-d74be766be9f at term 1 for becomeLeader, leader elected after 5121ms
2019-09-19 14:45:11,562 [dbc49482-0539-4069-8573-d74be766be9f:group-0B5C6349301E:LeaderElection10] INFO  server.RaftServerConfigKeys (ConfUtils.java:logGet(43)) - raft.server.staging.catchup.gap = 1000 (default)
2019-09-19 14:45:11,562 [dbc49482-0539-4069-8573-d74be766be9f:group-0B5C6349301E:LeaderElection10] INFO  server.RaftServerConfigKeys (ConfUtils.java:logGet(43)) - raft.server.rpc.sleep.time = 25ms (default)
2019-09-19 14:45:11,562 [dbc49482-0539-4069-8573-d74be766be9f:group-0B5C6349301E:LeaderElection10] INFO  server.RaftServerConfigKeys (ConfUtils.java:logGet(43)) - raft.server.write.element-limit = 4096 (default)
2019-09-19 14:45:11,562 [dbc49482-0539-4069-8573-d74be766be9f:group-0B5C6349301E:LeaderElection10] INFO  server.RaftServerConfigKeys (ConfUtils.java:logGet(43)) - raft.server.watch.timeout = 10s (default)
2019-09-19 14:45:11,563 [dbc49482-0539-4069-8573-d74be766be9f:group-0B5C6349301E:LeaderElection10] INFO  server.RaftServerConfigKeys (ConfUtils.java:logGet(43)) - raft.server.watch.timeout.denomination = 1s (default)
2019-09-19 14:45:11,563 [dbc49482-0539-4069-8573-d74be766be9f:group-0B5C6349301E:LeaderElection10] INFO  server.RaftServerConfigKeys (ConfUtils.java:logGet(43)) - raft.server.watch.element-limit = 65536 (default)
2019-09-19 14:45:11,563 [dbc49482-0539-4069-8573-d74be766be9f:group-0B5C6349301E:LeaderElection10] INFO  impl.RoleInfo (RoleInfo.java:updateAndGet(143)) - dbc49482-0539-4069-8573-d74be766be9f: start LeaderState
2019-09-19 14:45:11,563 [dbc49482-0539-4069-8573-d74be766be9f:group-0B5C6349301E:LeaderElection10] INFO  segmented.SegmentedRaftLogWorker (SegmentedRaftLogWorker.java:startLogSegment(380)) - dbc49482-0539-4069-8573-d74be766be9f-SegmentedRaftLogWorker:Storage Directory /workdir/hadoop-ozone/tools/target/test-dir/MiniOzoneClusterImpl-5b0688b1-0324-4107-bf7a-97e067892599/datanode-4/data/ratis/aeebc87e-9f1d-496d-ab02-0b5c6349301e: Starting segment from index:0
2019-09-19 14:45:11,564 [dbc49482-0539-4069-8573-d74be766be9f:group-0B5C6349301E:LeaderElection10] INFO  impl.RaftServerImpl (ServerState.java:setRaftConf(361)) - dbc49482-0539-4069-8573-d74be766be9f:group-0B5C6349301E set configuration 0: [dbc49482-0539-4069-8573-d74be766be9f:192.168.5.132:40388], old=null at 0
2019-09-19 14:45:11,596 [7bb82aea-de54-461a-943d-5c63d8edb395-SegmentedRaftLogWorker:Storage Directory /workdir/hadoop-ozone/tools/target/test-dir/MiniOzoneClusterImpl-5b0688b1-0324-4107-bf7a-97e067892599/datanode-2/data/ratis/566c3648-68d3-428c-94af-7bbf0f4d336f] INFO  segmented.SegmentedRaftLogWorker (SegmentedRaftLogWorker.java:execute(569)) - 7bb82aea-de54-461a-943d-5c63d8edb395-SegmentedRaftLogWorker:Storage Directory /workdir/hadoop-ozone/tools/target/test-dir/MiniOzoneClusterImpl-5b0688b1-0324-4107-bf7a-97e067892599/datanode-2/data/ratis/566c3648-68d3-428c-94af-7bbf0f4d336f: created new log segment /workdir/hadoop-ozone/tools/target/test-dir/MiniOzoneClusterImpl-5b0688b1-0324-4107-bf7a-97e067892599/datanode-2/data/ratis/566c3648-68d3-428c-94af-7bbf0f4d336f/current/log_inprogress_0
2019-09-19 14:45:11,596 [dbc49482-0539-4069-8573-d74be766be9f:group-3F36C7F2D2A6:LeaderElection11] INFO  impl.LeaderElection (LeaderElection.java:askForVotes(181)) - dbc49482-0539-4069-8573-d74be766be9f:group-3F36C7F2D2A6:LeaderElection11: begin an election at term 1 for -1: [dbc49482-0539-4069-8573-d74be766be9f:192.168.5.132:40388], old=null
2019-09-19 14:45:11,597 [dbc49482-0539-4069-8573-d74be766be9f:group-3F36C7F2D2A6:LeaderElection11] INFO  impl.RoleInfo (RoleInfo.java:shutdownLeaderElection(134)) - dbc49482-0539-4069-8573-d74be766be9f: shutdown LeaderElection
2019-09-19 14:45:11,597 [dbc49482-0539-4069-8573-d74be766be9f:group-3F36C7F2D2A6:LeaderElection11] INFO  impl.RaftServerImpl (RaftServerImpl.java:setRole(171)) - dbc49482-0539-4069-8573-d74be766be9f:group-3F36C7F2D2A6 changes role from CANDIDATE to LEADER at term 1 for changeToLeader
2019-09-19 14:45:11,597 [dbc49482-0539-4069-8573-d74be766be9f:group-3F36C7F2D2A6:LeaderElection11] INFO  impl.RaftServerImpl (ServerState.java:setLeader(263)) - dbc49482-0539-4069-8573-d74be766be9f:group-3F36C7F2D2A6 change Leader from null to dbc49482-0539-4069-8573-d74be766be9f at term 1 for becomeLeader, leader elected after 5078ms
2019-09-19 14:45:11,597 [dbc49482-0539-4069-8573-d74be766be9f:group-3F36C7F2D2A6:LeaderElection11] INFO  server.RaftServerConfigKeys (ConfUtils.java:logGet(43)) - raft.server.staging.catchup.gap = 1000 (default)
2019-09-19 14:45:11,597 [dbc49482-0539-4069-8573-d74be766be9f:group-3F36C7F2D2A6:LeaderElection11] INFO  server.RaftServerConfigKeys (ConfUtils.java:logGet(43)) - raft.server.rpc.sleep.time = 25ms (default)
2019-09-19 14:45:11,598 [dbc49482-0539-4069-8573-d74be766be9f:group-3F36C7F2D2A6:LeaderElection11] INFO  server.RaftServerConfigKeys (ConfUtils.java:logGet(43)) - raft.server.write.element-limit = 4096 (default)
2019-09-19 14:45:11,598 [dbc49482-0539-4069-8573-d74be766be9f:group-3F36C7F2D2A6:LeaderElection11] INFO  server.RaftServerConfigKeys (ConfUtils.java:logGet(43)) - raft.server.watch.timeout = 10s (default)
2019-09-19 14:45:11,598 [dbc49482-0539-4069-8573-d74be766be9f:group-3F36C7F2D2A6:LeaderElection11] INFO  server.RaftServerConfigKeys (ConfUtils.java:logGet(43)) - raft.server.watch.timeout.denomination = 1s (default)
2019-09-19 14:45:11,598 [dbc49482-0539-4069-8573-d74be766be9f:group-3F36C7F2D2A6:LeaderElection11] INFO  server.RaftServerConfigKeys (ConfUtils.java:logGet(43)) - raft.server.watch.element-limit = 65536 (default)
2019-09-19 14:45:11,599 [dbc49482-0539-4069-8573-d74be766be9f:group-3F36C7F2D2A6:LeaderElection11] INFO  impl.RoleInfo (RoleInfo.java:updateAndGet(143)) - dbc49482-0539-4069-8573-d74be766be9f: start LeaderState
2019-09-19 14:45:11,599 [dbc49482-0539-4069-8573-d74be766be9f:group-3F36C7F2D2A6:LeaderElection11] INFO  segmented.SegmentedRaftLogWorker (SegmentedRaftLogWorker.java:startLogSegment(380)) - dbc49482-0539-4069-8573-d74be766be9f-SegmentedRaftLogWorker:Storage Directory /workdir/hadoop-ozone/tools/target/test-dir/MiniOzoneClusterImpl-5b0688b1-0324-4107-bf7a-97e067892599/datanode-4/data/ratis/9dbd9a06-a6f6-4b30-8aae-3f36c7f2d2a6: Starting segment from index:0
2019-09-19 14:45:11,600 [dbc49482-0539-4069-8573-d74be766be9f:group-3F36C7F2D2A6:LeaderElection11] INFO  impl.RaftServerImpl (ServerState.java:setRaftConf(361)) - dbc49482-0539-4069-8573-d74be766be9f:group-3F36C7F2D2A6 set configuration 0: [dbc49482-0539-4069-8573-d74be766be9f:192.168.5.132:40388], old=null at 0
2019-09-19 14:45:11,630 [dbc49482-0539-4069-8573-d74be766be9f-SegmentedRaftLogWorker:Storage Directory /workdir/hadoop-ozone/tools/target/test-dir/MiniOzoneClusterImpl-5b0688b1-0324-4107-bf7a-97e067892599/datanode-4/data/ratis/aeebc87e-9f1d-496d-ab02-0b5c6349301e] INFO  segmented.SegmentedRaftLogWorker (SegmentedRaftLogWorker.java:execute(569)) - dbc49482-0539-4069-8573-d74be766be9f-SegmentedRaftLogWorker:Storage Directory /workdir/hadoop-ozone/tools/target/test-dir/MiniOzoneClusterImpl-5b0688b1-0324-4107-bf7a-97e067892599/datanode-4/data/ratis/aeebc87e-9f1d-496d-ab02-0b5c6349301e: created new log segment /workdir/hadoop-ozone/tools/target/test-dir/MiniOzoneClusterImpl-5b0688b1-0324-4107-bf7a-97e067892599/datanode-4/data/ratis/aeebc87e-9f1d-496d-ab02-0b5c6349301e/current/log_inprogress_0
2019-09-19 14:45:11,672 [dbc49482-0539-4069-8573-d74be766be9f-SegmentedRaftLogWorker:Storage Directory /workdir/hadoop-ozone/tools/target/test-dir/MiniOzoneClusterImpl-5b0688b1-0324-4107-bf7a-97e067892599/datanode-4/data/ratis/9dbd9a06-a6f6-4b30-8aae-3f36c7f2d2a6] INFO  segmented.SegmentedRaftLogWorker (SegmentedRaftLogWorker.java:execute(569)) - dbc49482-0539-4069-8573-d74be766be9f-SegmentedRaftLogWorker:Storage Directory /workdir/hadoop-ozone/tools/target/test-dir/MiniOzoneClusterImpl-5b0688b1-0324-4107-bf7a-97e067892599/datanode-4/data/ratis/9dbd9a06-a6f6-4b30-8aae-3f36c7f2d2a6: created new log segment /workdir/hadoop-ozone/tools/target/test-dir/MiniOzoneClusterImpl-5b0688b1-0324-4107-bf7a-97e067892599/datanode-4/data/ratis/9dbd9a06-a6f6-4b30-8aae-3f36c7f2d2a6/current/log_inprogress_0
2019-09-19 14:45:11,717 [Thread-249] INFO  impl.FollowerState (FollowerState.java:run(106)) - dbc49482-0539-4069-8573-d74be766be9f:group-4D5BA6E081DD changes to CANDIDATE, lastRpcTime:5108, electionTimeout:5108ms
2019-09-19 14:45:11,718 [Thread-249] INFO  impl.RoleInfo (RoleInfo.java:shutdownFollowerState(121)) - dbc49482-0539-4069-8573-d74be766be9f: shutdown FollowerState
2019-09-19 14:45:11,718 [Thread-249] INFO  impl.RaftServerImpl (RaftServerImpl.java:setRole(171)) - dbc49482-0539-4069-8573-d74be766be9f:group-4D5BA6E081DD changes role from FOLLOWER to CANDIDATE at term 0 for changeToCandidate
2019-09-19 14:45:11,718 [Thread-249] INFO  impl.RoleInfo (RoleInfo.java:updateAndGet(143)) - dbc49482-0539-4069-8573-d74be766be9f: start LeaderElection
2019-09-19 14:45:11,749 [dbc49482-0539-4069-8573-d74be766be9f:group-4D5BA6E081DD:LeaderElection12] INFO  impl.LeaderElection (LeaderElection.java:askForVotes(181)) - dbc49482-0539-4069-8573-d74be766be9f:group-4D5BA6E081DD:LeaderElection12: begin an election at term 1 for -1: [dbc49482-0539-4069-8573-d74be766be9f:192.168.5.132:40388], old=null
2019-09-19 14:45:11,749 [dbc49482-0539-4069-8573-d74be766be9f:group-4D5BA6E081DD:LeaderElection12] INFO  impl.RoleInfo (RoleInfo.java:shutdownLeaderElection(134)) - dbc49482-0539-4069-8573-d74be766be9f: shutdown LeaderElection
2019-09-19 14:45:11,749 [dbc49482-0539-4069-8573-d74be766be9f:group-4D5BA6E081DD:LeaderElection12] INFO  impl.RaftServerImpl (RaftServerImpl.java:setRole(171)) - dbc49482-0539-4069-8573-d74be766be9f:group-4D5BA6E081DD changes role from CANDIDATE to LEADER at term 1 for changeToLeader
2019-09-19 14:45:11,749 [dbc49482-0539-4069-8573-d74be766be9f:group-4D5BA6E081DD:LeaderElection12] INFO  impl.RaftServerImpl (ServerState.java:setLeader(263)) - dbc49482-0539-4069-8573-d74be766be9f:group-4D5BA6E081DD change Leader from null to dbc49482-0539-4069-8573-d74be766be9f at term 1 for becomeLeader, leader elected after 5148ms
2019-09-19 14:45:11,750 [dbc49482-0539-4069-8573-d74be766be9f:group-4D5BA6E081DD:LeaderElection12] INFO  server.RaftServerConfigKeys (ConfUtils.java:logGet(43)) - raft.server.staging.catchup.gap = 1000 (default)
2019-09-19 14:45:11,750 [dbc49482-0539-4069-8573-d74be766be9f:group-4D5BA6E081DD:LeaderElection12] INFO  server.RaftServerConfigKeys (ConfUtils.java:logGet(43)) - raft.server.rpc.sleep.time = 25ms (default)
2019-09-19 14:45:11,750 [dbc49482-0539-4069-8573-d74be766be9f:group-4D5BA6E081DD:LeaderElection12] INFO  server.RaftServerConfigKeys (ConfUtils.java:logGet(43)) - raft.server.write.element-limit = 4096 (default)
2019-09-19 14:45:11,750 [dbc49482-0539-4069-8573-d74be766be9f:group-4D5BA6E081DD:LeaderElection12] INFO  server.RaftServerConfigKeys (ConfUtils.java:logGet(43)) - raft.server.watch.timeout = 10s (default)
2019-09-19 14:45:11,750 [dbc49482-0539-4069-8573-d74be766be9f:group-4D5BA6E081DD:LeaderElection12] INFO  server.RaftServerConfigKeys (ConfUtils.java:logGet(43)) - raft.server.watch.timeout.denomination = 1s (default)
2019-09-19 14:45:11,750 [dbc49482-0539-4069-8573-d74be766be9f:group-4D5BA6E081DD:LeaderElection12] INFO  server.RaftServerConfigKeys (ConfUtils.java:logGet(43)) - raft.server.watch.element-limit = 65536 (default)
2019-09-19 14:45:11,751 [dbc49482-0539-4069-8573-d74be766be9f:group-4D5BA6E081DD:LeaderElection12] INFO  impl.RoleInfo (RoleInfo.java:updateAndGet(143)) - dbc49482-0539-4069-8573-d74be766be9f: start LeaderState
2019-09-19 14:45:11,751 [dbc49482-0539-4069-8573-d74be766be9f:group-4D5BA6E081DD:LeaderElection12] INFO  segmented.SegmentedRaftLogWorker (SegmentedRaftLogWorker.java:startLogSegment(380)) - dbc49482-0539-4069-8573-d74be766be9f-SegmentedRaftLogWorker:Storage Directory /workdir/hadoop-ozone/tools/target/test-dir/MiniOzoneClusterImpl-5b0688b1-0324-4107-bf7a-97e067892599/datanode-4/data/ratis/c535855a-0b15-4809-8188-4d5ba6e081dd: Starting segment from index:0
2019-09-19 14:45:11,752 [dbc49482-0539-4069-8573-d74be766be9f:group-4D5BA6E081DD:LeaderElection12] INFO  impl.RaftServerImpl (ServerState.java:setRaftConf(361)) - dbc49482-0539-4069-8573-d74be766be9f:group-4D5BA6E081DD set configuration 0: [dbc49482-0539-4069-8573-d74be766be9f:192.168.5.132:40388], old=null at 0
2019-09-19 14:45:11,765 [Thread-252] INFO  impl.FollowerState (FollowerState.java:run(106)) - dbc49482-0539-4069-8573-d74be766be9f:group-28B1EBBEF616 changes to CANDIDATE, lastRpcTime:5084, electionTimeout:5084ms
2019-09-19 14:45:11,766 [Thread-252] INFO  impl.RoleInfo (RoleInfo.java:shutdownFollowerState(121)) - dbc49482-0539-4069-8573-d74be766be9f: shutdown FollowerState
2019-09-19 14:45:11,766 [Thread-252] INFO  impl.RaftServerImpl (RaftServerImpl.java:setRole(171)) - dbc49482-0539-4069-8573-d74be766be9f:group-28B1EBBEF616 changes role from FOLLOWER to CANDIDATE at term 0 for changeToCandidate
2019-09-19 14:45:11,766 [Thread-252] INFO  impl.RoleInfo (RoleInfo.java:updateAndGet(143)) - dbc49482-0539-4069-8573-d74be766be9f: start LeaderElection
2019-09-19 14:45:11,791 | INFO  | SCMAudit | user=jenkins1000 | ip=192.168.5.132 | op=SEND_HEARTBEAT {datanodeUUID=dbc49482-0539-4069-8573-d74be766be9f, command=[]} | ret=SUCCESS |  
2019-09-19 14:45:11,817 [dbc49482-0539-4069-8573-d74be766be9f-SegmentedRaftLogWorker:Storage Directory /workdir/hadoop-ozone/tools/target/test-dir/MiniOzoneClusterImpl-5b0688b1-0324-4107-bf7a-97e067892599/datanode-4/data/ratis/c535855a-0b15-4809-8188-4d5ba6e081dd] INFO  segmented.SegmentedRaftLogWorker (SegmentedRaftLogWorker.java:execute(569)) - dbc49482-0539-4069-8573-d74be766be9f-SegmentedRaftLogWorker:Storage Directory /workdir/hadoop-ozone/tools/target/test-dir/MiniOzoneClusterImpl-5b0688b1-0324-4107-bf7a-97e067892599/datanode-4/data/ratis/c535855a-0b15-4809-8188-4d5ba6e081dd: created new log segment /workdir/hadoop-ozone/tools/target/test-dir/MiniOzoneClusterImpl-5b0688b1-0324-4107-bf7a-97e067892599/datanode-4/data/ratis/c535855a-0b15-4809-8188-4d5ba6e081dd/current/log_inprogress_0
2019-09-19 14:45:11,817 [dbc49482-0539-4069-8573-d74be766be9f:group-28B1EBBEF616:LeaderElection13] INFO  impl.LeaderElection (LeaderElection.java:askForVotes(181)) - dbc49482-0539-4069-8573-d74be766be9f:group-28B1EBBEF616:LeaderElection13: begin an election at term 1 for -1: [dbc49482-0539-4069-8573-d74be766be9f:192.168.5.132:40388], old=null
2019-09-19 14:45:11,817 [dbc49482-0539-4069-8573-d74be766be9f:group-28B1EBBEF616:LeaderElection13] INFO  impl.RoleInfo (RoleInfo.java:shutdownLeaderElection(134)) - dbc49482-0539-4069-8573-d74be766be9f: shutdown LeaderElection
2019-09-19 14:45:11,817 [dbc49482-0539-4069-8573-d74be766be9f:group-28B1EBBEF616:LeaderElection13] INFO  impl.RaftServerImpl (RaftServerImpl.java:setRole(171)) - dbc49482-0539-4069-8573-d74be766be9f:group-28B1EBBEF616 changes role from CANDIDATE to LEADER at term 1 for changeToLeader
2019-09-19 14:45:11,817 [dbc49482-0539-4069-8573-d74be766be9f:group-28B1EBBEF616:LeaderElection13] INFO  impl.RaftServerImpl (ServerState.java:setLeader(263)) - dbc49482-0539-4069-8573-d74be766be9f:group-28B1EBBEF616 change Leader from null to dbc49482-0539-4069-8573-d74be766be9f at term 1 for becomeLeader, leader elected after 5141ms
2019-09-19 14:45:11,818 [dbc49482-0539-4069-8573-d74be766be9f:group-28B1EBBEF616:LeaderElection13] INFO  server.RaftServerConfigKeys (ConfUtils.java:logGet(43)) - raft.server.staging.catchup.gap = 1000 (default)
2019-09-19 14:45:11,818 [dbc49482-0539-4069-8573-d74be766be9f:group-28B1EBBEF616:LeaderElection13] INFO  server.RaftServerConfigKeys (ConfUtils.java:logGet(43)) - raft.server.rpc.sleep.time = 25ms (default)
2019-09-19 14:45:11,818 [dbc49482-0539-4069-8573-d74be766be9f:group-28B1EBBEF616:LeaderElection13] INFO  server.RaftServerConfigKeys (ConfUtils.java:logGet(43)) - raft.server.write.element-limit = 4096 (default)
2019-09-19 14:45:11,818 [dbc49482-0539-4069-8573-d74be766be9f:group-28B1EBBEF616:LeaderElection13] INFO  server.RaftServerConfigKeys (ConfUtils.java:logGet(43)) - raft.server.watch.timeout = 10s (default)
2019-09-19 14:45:11,818 [dbc49482-0539-4069-8573-d74be766be9f:group-28B1EBBEF616:LeaderElection13] INFO  server.RaftServerConfigKeys (ConfUtils.java:logGet(43)) - raft.server.watch.timeout.denomination = 1s (default)
2019-09-19 14:45:11,818 [dbc49482-0539-4069-8573-d74be766be9f:group-28B1EBBEF616:LeaderElection13] INFO  server.RaftServerConfigKeys (ConfUtils.java:logGet(43)) - raft.server.watch.element-limit = 65536 (default)
2019-09-19 14:45:11,819 [dbc49482-0539-4069-8573-d74be766be9f:group-28B1EBBEF616:LeaderElection13] INFO  impl.RoleInfo (RoleInfo.java:updateAndGet(143)) - dbc49482-0539-4069-8573-d74be766be9f: start LeaderState
2019-09-19 14:45:11,819 [dbc49482-0539-4069-8573-d74be766be9f:group-28B1EBBEF616:LeaderElection13] INFO  segmented.SegmentedRaftLogWorker (SegmentedRaftLogWorker.java:startLogSegment(380)) - dbc49482-0539-4069-8573-d74be766be9f-SegmentedRaftLogWorker:Storage Directory /workdir/hadoop-ozone/tools/target/test-dir/MiniOzoneClusterImpl-5b0688b1-0324-4107-bf7a-97e067892599/datanode-4/data/ratis/dd32a968-a36e-47eb-ada4-28b1ebbef616: Starting segment from index:0
2019-09-19 14:45:11,820 [dbc49482-0539-4069-8573-d74be766be9f:group-28B1EBBEF616:LeaderElection13] INFO  impl.RaftServerImpl (ServerState.java:setRaftConf(361)) - dbc49482-0539-4069-8573-d74be766be9f:group-28B1EBBEF616 set configuration 0: [dbc49482-0539-4069-8573-d74be766be9f:192.168.5.132:40388], old=null at 0
2019-09-19 14:45:11,876 [dbc49482-0539-4069-8573-d74be766be9f-SegmentedRaftLogWorker:Storage Directory /workdir/hadoop-ozone/tools/target/test-dir/MiniOzoneClusterImpl-5b0688b1-0324-4107-bf7a-97e067892599/datanode-4/data/ratis/dd32a968-a36e-47eb-ada4-28b1ebbef616] INFO  segmented.SegmentedRaftLogWorker (SegmentedRaftLogWorker.java:execute(569)) - dbc49482-0539-4069-8573-d74be766be9f-SegmentedRaftLogWorker:Storage Directory /workdir/hadoop-ozone/tools/target/test-dir/MiniOzoneClusterImpl-5b0688b1-0324-4107-bf7a-97e067892599/datanode-4/data/ratis/dd32a968-a36e-47eb-ada4-28b1ebbef616: created new log segment /workdir/hadoop-ozone/tools/target/test-dir/MiniOzoneClusterImpl-5b0688b1-0324-4107-bf7a-97e067892599/datanode-4/data/ratis/dd32a968-a36e-47eb-ada4-28b1ebbef616/current/log_inprogress_0
2019-09-19 14:45:11,926 [Thread-255] INFO  impl.FollowerState (FollowerState.java:run(106)) - 7bb82aea-de54-461a-943d-5c63d8edb395:group-06618E9BD883 changes to CANDIDATE, lastRpcTime:5139, electionTimeout:5139ms
2019-09-19 14:45:11,926 [Thread-255] INFO  impl.RoleInfo (RoleInfo.java:shutdownFollowerState(121)) - 7bb82aea-de54-461a-943d-5c63d8edb395: shutdown FollowerState
2019-09-19 14:45:11,926 [Thread-255] INFO  impl.RaftServerImpl (RaftServerImpl.java:setRole(171)) - 7bb82aea-de54-461a-943d-5c63d8edb395:group-06618E9BD883 changes role from FOLLOWER to CANDIDATE at term 0 for changeToCandidate
2019-09-19 14:45:11,926 [Thread-255] INFO  impl.RoleInfo (RoleInfo.java:updateAndGet(143)) - 7bb82aea-de54-461a-943d-5c63d8edb395: start LeaderElection
2019-09-19 14:45:11,960 [7bb82aea-de54-461a-943d-5c63d8edb395:group-06618E9BD883:LeaderElection14] INFO  impl.LeaderElection (LeaderElection.java:askForVotes(181)) - 7bb82aea-de54-461a-943d-5c63d8edb395:group-06618E9BD883:LeaderElection14: begin an election at term 1 for -1: [7bb82aea-de54-461a-943d-5c63d8edb395:192.168.5.132:34910], old=null
2019-09-19 14:45:11,960 [7bb82aea-de54-461a-943d-5c63d8edb395:group-06618E9BD883:LeaderElection14] INFO  impl.RoleInfo (RoleInfo.java:shutdownLeaderElection(134)) - 7bb82aea-de54-461a-943d-5c63d8edb395: shutdown LeaderElection
2019-09-19 14:45:11,960 [7bb82aea-de54-461a-943d-5c63d8edb395:group-06618E9BD883:LeaderElection14] INFO  impl.RaftServerImpl (RaftServerImpl.java:setRole(171)) - 7bb82aea-de54-461a-943d-5c63d8edb395:group-06618E9BD883 changes role from CANDIDATE to LEADER at term 1 for changeToLeader
2019-09-19 14:45:11,960 [7bb82aea-de54-461a-943d-5c63d8edb395:group-06618E9BD883:LeaderElection14] INFO  impl.RaftServerImpl (ServerState.java:setLeader(263)) - 7bb82aea-de54-461a-943d-5c63d8edb395:group-06618E9BD883 change Leader from null to 7bb82aea-de54-461a-943d-5c63d8edb395 at term 1 for becomeLeader, leader elected after 5179ms
2019-09-19 14:45:11,960 [7bb82aea-de54-461a-943d-5c63d8edb395:group-06618E9BD883:LeaderElection14] INFO  server.RaftServerConfigKeys (ConfUtils.java:logGet(43)) - raft.server.staging.catchup.gap = 1000 (default)
2019-09-19 14:45:11,960 [7bb82aea-de54-461a-943d-5c63d8edb395:group-06618E9BD883:LeaderElection14] INFO  server.RaftServerConfigKeys (ConfUtils.java:logGet(43)) - raft.server.rpc.sleep.time = 25ms (default)
2019-09-19 14:45:11,961 [7bb82aea-de54-461a-943d-5c63d8edb395:group-06618E9BD883:LeaderElection14] INFO  server.RaftServerConfigKeys (ConfUtils.java:logGet(43)) - raft.server.write.element-limit = 4096 (default)
2019-09-19 14:45:11,961 [7bb82aea-de54-461a-943d-5c63d8edb395:group-06618E9BD883:LeaderElection14] INFO  server.RaftServerConfigKeys (ConfUtils.java:logGet(43)) - raft.server.watch.timeout = 10s (default)
2019-09-19 14:45:11,961 [7bb82aea-de54-461a-943d-5c63d8edb395:group-06618E9BD883:LeaderElection14] INFO  server.RaftServerConfigKeys (ConfUtils.java:logGet(43)) - raft.server.watch.timeout.denomination = 1s (default)
2019-09-19 14:45:11,961 [7bb82aea-de54-461a-943d-5c63d8edb395:group-06618E9BD883:LeaderElection14] INFO  server.RaftServerConfigKeys (ConfUtils.java:logGet(43)) - raft.server.watch.element-limit = 65536 (default)
2019-09-19 14:45:11,962 [7bb82aea-de54-461a-943d-5c63d8edb395:group-06618E9BD883:LeaderElection14] INFO  impl.RoleInfo (RoleInfo.java:updateAndGet(143)) - 7bb82aea-de54-461a-943d-5c63d8edb395: start LeaderState
2019-09-19 14:45:11,962 [7bb82aea-de54-461a-943d-5c63d8edb395:group-06618E9BD883:LeaderElection14] INFO  segmented.SegmentedRaftLogWorker (SegmentedRaftLogWorker.java:startLogSegment(380)) - 7bb82aea-de54-461a-943d-5c63d8edb395-SegmentedRaftLogWorker:Storage Directory /workdir/hadoop-ozone/tools/target/test-dir/MiniOzoneClusterImpl-5b0688b1-0324-4107-bf7a-97e067892599/datanode-2/data/ratis/74665f80-e416-4853-96e5-06618e9bd883: Starting segment from index:0
2019-09-19 14:45:11,962 [7bb82aea-de54-461a-943d-5c63d8edb395:group-06618E9BD883:LeaderElection14] INFO  impl.RaftServerImpl (ServerState.java:setRaftConf(361)) - 7bb82aea-de54-461a-943d-5c63d8edb395:group-06618E9BD883 set configuration 0: [7bb82aea-de54-461a-943d-5c63d8edb395:192.168.5.132:34910], old=null at 0
2019-09-19 14:45:12,025 [Thread-261] INFO  impl.FollowerState (FollowerState.java:run(106)) - 7bb82aea-de54-461a-943d-5c63d8edb395:group-5BFFE9917C08 changes to CANDIDATE, lastRpcTime:5060, electionTimeout:5060ms
2019-09-19 14:45:12,025 [Thread-261] INFO  impl.RoleInfo (RoleInfo.java:shutdownFollowerState(121)) - 7bb82aea-de54-461a-943d-5c63d8edb395: shutdown FollowerState
2019-09-19 14:45:12,025 [Thread-261] INFO  impl.RaftServerImpl (RaftServerImpl.java:setRole(171)) - 7bb82aea-de54-461a-943d-5c63d8edb395:group-5BFFE9917C08 changes role from FOLLOWER to CANDIDATE at term 0 for changeToCandidate
2019-09-19 14:45:12,025 [Thread-261] INFO  impl.RoleInfo (RoleInfo.java:updateAndGet(143)) - 7bb82aea-de54-461a-943d-5c63d8edb395: start LeaderElection
2019-09-19 14:45:12,030 [7bb82aea-de54-461a-943d-5c63d8edb395-SegmentedRaftLogWorker:Storage Directory /workdir/hadoop-ozone/tools/target/test-dir/MiniOzoneClusterImpl-5b0688b1-0324-4107-bf7a-97e067892599/datanode-2/data/ratis/74665f80-e416-4853-96e5-06618e9bd883] INFO  segmented.SegmentedRaftLogWorker (SegmentedRaftLogWorker.java:execute(569)) - 7bb82aea-de54-461a-943d-5c63d8edb395-SegmentedRaftLogWorker:Storage Directory /workdir/hadoop-ozone/tools/target/test-dir/MiniOzoneClusterImpl-5b0688b1-0324-4107-bf7a-97e067892599/datanode-2/data/ratis/74665f80-e416-4853-96e5-06618e9bd883: created new log segment /workdir/hadoop-ozone/tools/target/test-dir/MiniOzoneClusterImpl-5b0688b1-0324-4107-bf7a-97e067892599/datanode-2/data/ratis/74665f80-e416-4853-96e5-06618e9bd883/current/log_inprogress_0
2019-09-19 14:45:12,036 | INFO  | SCMAudit | user=jenkins1000 | ip=192.168.5.132 | op=SEND_HEARTBEAT {datanodeUUID=7bb82aea-de54-461a-943d-5c63d8edb395, command=[]} | ret=SUCCESS |  
2019-09-19 14:45:12,040 [Thread-258] INFO  impl.FollowerState (FollowerState.java:run(106)) - 7bb82aea-de54-461a-943d-5c63d8edb395:group-70166748A2F8 changes to CANDIDATE, lastRpcTime:5162, electionTimeout:5162ms
2019-09-19 14:45:12,040 [Thread-258] INFO  impl.RoleInfo (RoleInfo.java:shutdownFollowerState(121)) - 7bb82aea-de54-461a-943d-5c63d8edb395: shutdown FollowerState
2019-09-19 14:45:12,041 [Thread-258] INFO  impl.RaftServerImpl (RaftServerImpl.java:setRole(171)) - 7bb82aea-de54-461a-943d-5c63d8edb395:group-70166748A2F8 changes role from FOLLOWER to CANDIDATE at term 0 for changeToCandidate
2019-09-19 14:45:12,041 [Thread-258] INFO  impl.RoleInfo (RoleInfo.java:updateAndGet(143)) - 7bb82aea-de54-461a-943d-5c63d8edb395: start LeaderElection
2019-09-19 14:45:12,060 [7bb82aea-de54-461a-943d-5c63d8edb395:group-5BFFE9917C08:LeaderElection15] INFO  impl.LeaderElection (LeaderElection.java:askForVotes(181)) - 7bb82aea-de54-461a-943d-5c63d8edb395:group-5BFFE9917C08:LeaderElection15: begin an election at term 1 for -1: [7bb82aea-de54-461a-943d-5c63d8edb395:192.168.5.132:34910], old=null
2019-09-19 14:45:12,061 [7bb82aea-de54-461a-943d-5c63d8edb395:group-5BFFE9917C08:LeaderElection15] INFO  impl.RoleInfo (RoleInfo.java:shutdownLeaderElection(134)) - 7bb82aea-de54-461a-943d-5c63d8edb395: shutdown LeaderElection
2019-09-19 14:45:12,061 [7bb82aea-de54-461a-943d-5c63d8edb395:group-5BFFE9917C08:LeaderElection15] INFO  impl.RaftServerImpl (RaftServerImpl.java:setRole(171)) - 7bb82aea-de54-461a-943d-5c63d8edb395:group-5BFFE9917C08 changes role from CANDIDATE to LEADER at term 1 for changeToLeader
2019-09-19 14:45:12,061 [7bb82aea-de54-461a-943d-5c63d8edb395:group-5BFFE9917C08:LeaderElection15] INFO  impl.RaftServerImpl (ServerState.java:setLeader(263)) - 7bb82aea-de54-461a-943d-5c63d8edb395:group-5BFFE9917C08 change Leader from null to 7bb82aea-de54-461a-943d-5c63d8edb395 at term 1 for becomeLeader, leader elected after 5102ms
2019-09-19 14:45:12,061 [7bb82aea-de54-461a-943d-5c63d8edb395:group-5BFFE9917C08:LeaderElection15] INFO  server.RaftServerConfigKeys (ConfUtils.java:logGet(43)) - raft.server.staging.catchup.gap = 1000 (default)
2019-09-19 14:45:12,061 [7bb82aea-de54-461a-943d-5c63d8edb395:group-5BFFE9917C08:LeaderElection15] INFO  server.RaftServerConfigKeys (ConfUtils.java:logGet(43)) - raft.server.rpc.sleep.time = 25ms (default)
2019-09-19 14:45:12,062 [7bb82aea-de54-461a-943d-5c63d8edb395:group-5BFFE9917C08:LeaderElection15] INFO  server.RaftServerConfigKeys (ConfUtils.java:logGet(43)) - raft.server.write.element-limit = 4096 (default)
2019-09-19 14:45:12,062 [7bb82aea-de54-461a-943d-5c63d8edb395:group-5BFFE9917C08:LeaderElection15] INFO  server.RaftServerConfigKeys (ConfUtils.java:logGet(43)) - raft.server.watch.timeout = 10s (default)
2019-09-19 14:45:12,062 [7bb82aea-de54-461a-943d-5c63d8edb395:group-5BFFE9917C08:LeaderElection15] INFO  server.RaftServerConfigKeys (ConfUtils.java:logGet(43)) - raft.server.watch.timeout.denomination = 1s (default)
2019-09-19 14:45:12,062 [7bb82aea-de54-461a-943d-5c63d8edb395:group-5BFFE9917C08:LeaderElection15] INFO  server.RaftServerConfigKeys (ConfUtils.java:logGet(43)) - raft.server.watch.element-limit = 65536 (default)
2019-09-19 14:45:12,062 [7bb82aea-de54-461a-943d-5c63d8edb395:group-5BFFE9917C08:LeaderElection15] INFO  impl.RoleInfo (RoleInfo.java:updateAndGet(143)) - 7bb82aea-de54-461a-943d-5c63d8edb395: start LeaderState
2019-09-19 14:45:12,063 [7bb82aea-de54-461a-943d-5c63d8edb395:group-5BFFE9917C08:LeaderElection15] INFO  segmented.SegmentedRaftLogWorker (SegmentedRaftLogWorker.java:startLogSegment(380)) - 7bb82aea-de54-461a-943d-5c63d8edb395-SegmentedRaftLogWorker:Storage Directory /workdir/hadoop-ozone/tools/target/test-dir/MiniOzoneClusterImpl-5b0688b1-0324-4107-bf7a-97e067892599/datanode-2/data/ratis/13b0c3d4-911c-4cad-9cfd-5bffe9917c08: Starting segment from index:0
2019-09-19 14:45:12,063 [7bb82aea-de54-461a-943d-5c63d8edb395:group-5BFFE9917C08:LeaderElection15] INFO  impl.RaftServerImpl (ServerState.java:setRaftConf(361)) - 7bb82aea-de54-461a-943d-5c63d8edb395:group-5BFFE9917C08 set configuration 0: [7bb82aea-de54-461a-943d-5c63d8edb395:192.168.5.132:34910], old=null at 0
2019-09-19 14:45:12,098 [7bb82aea-de54-461a-943d-5c63d8edb395:group-70166748A2F8:LeaderElection16] INFO  impl.LeaderElection (LeaderElection.java:askForVotes(181)) - 7bb82aea-de54-461a-943d-5c63d8edb395:group-70166748A2F8:LeaderElection16: begin an election at term 1 for -1: [7bb82aea-de54-461a-943d-5c63d8edb395:192.168.5.132:34910], old=null
2019-09-19 14:45:12,099 [7bb82aea-de54-461a-943d-5c63d8edb395:group-70166748A2F8:LeaderElection16] INFO  impl.RoleInfo (RoleInfo.java:shutdownLeaderElection(134)) - 7bb82aea-de54-461a-943d-5c63d8edb395: shutdown LeaderElection
2019-09-19 14:45:12,099 [7bb82aea-de54-461a-943d-5c63d8edb395:group-70166748A2F8:LeaderElection16] INFO  impl.RaftServerImpl (RaftServerImpl.java:setRole(171)) - 7bb82aea-de54-461a-943d-5c63d8edb395:group-70166748A2F8 changes role from CANDIDATE to LEADER at term 1 for changeToLeader
2019-09-19 14:45:12,099 [7bb82aea-de54-461a-943d-5c63d8edb395:group-70166748A2F8:LeaderElection16] INFO  impl.RaftServerImpl (ServerState.java:setLeader(263)) - 7bb82aea-de54-461a-943d-5c63d8edb395:group-70166748A2F8 change Leader from null to 7bb82aea-de54-461a-943d-5c63d8edb395 at term 1 for becomeLeader, leader elected after 5225ms
2019-09-19 14:45:12,099 [7bb82aea-de54-461a-943d-5c63d8edb395:group-70166748A2F8:LeaderElection16] INFO  server.RaftServerConfigKeys (ConfUtils.java:logGet(43)) - raft.server.staging.catchup.gap = 1000 (default)
2019-09-19 14:45:12,099 [7bb82aea-de54-461a-943d-5c63d8edb395:group-70166748A2F8:LeaderElection16] INFO  server.RaftServerConfigKeys (ConfUtils.java:logGet(43)) - raft.server.rpc.sleep.time = 25ms (default)
2019-09-19 14:45:12,099 [7bb82aea-de54-461a-943d-5c63d8edb395:group-70166748A2F8:LeaderElection16] INFO  server.RaftServerConfigKeys (ConfUtils.java:logGet(43)) - raft.server.write.element-limit = 4096 (default)
2019-09-19 14:45:12,100 [7bb82aea-de54-461a-943d-5c63d8edb395:group-70166748A2F8:LeaderElection16] INFO  server.RaftServerConfigKeys (ConfUtils.java:logGet(43)) - raft.server.watch.timeout = 10s (default)
2019-09-19 14:45:12,100 [7bb82aea-de54-461a-943d-5c63d8edb395:group-70166748A2F8:LeaderElection16] INFO  server.RaftServerConfigKeys (ConfUtils.java:logGet(43)) - raft.server.watch.timeout.denomination = 1s (default)
2019-09-19 14:45:12,100 [7bb82aea-de54-461a-943d-5c63d8edb395:group-70166748A2F8:LeaderElection16] INFO  server.RaftServerConfigKeys (ConfUtils.java:logGet(43)) - raft.server.watch.element-limit = 65536 (default)
2019-09-19 14:45:12,100 [7bb82aea-de54-461a-943d-5c63d8edb395:group-70166748A2F8:LeaderElection16] INFO  impl.RoleInfo (RoleInfo.java:updateAndGet(143)) - 7bb82aea-de54-461a-943d-5c63d8edb395: start LeaderState
2019-09-19 14:45:12,101 [7bb82aea-de54-461a-943d-5c63d8edb395:group-70166748A2F8:LeaderElection16] INFO  segmented.SegmentedRaftLogWorker (SegmentedRaftLogWorker.java:startLogSegment(380)) - 7bb82aea-de54-461a-943d-5c63d8edb395-SegmentedRaftLogWorker:Storage Directory /workdir/hadoop-ozone/tools/target/test-dir/MiniOzoneClusterImpl-5b0688b1-0324-4107-bf7a-97e067892599/datanode-2/data/ratis/5e1365f2-c1bd-4a06-ab1e-70166748a2f8: Starting segment from index:0
2019-09-19 14:45:12,101 [7bb82aea-de54-461a-943d-5c63d8edb395:group-70166748A2F8:LeaderElection16] INFO  impl.RaftServerImpl (ServerState.java:setRaftConf(361)) - 7bb82aea-de54-461a-943d-5c63d8edb395:group-70166748A2F8 set configuration 0: [7bb82aea-de54-461a-943d-5c63d8edb395:192.168.5.132:34910], old=null at 0
2019-09-19 14:45:12,138 [7bb82aea-de54-461a-943d-5c63d8edb395-SegmentedRaftLogWorker:Storage Directory /workdir/hadoop-ozone/tools/target/test-dir/MiniOzoneClusterImpl-5b0688b1-0324-4107-bf7a-97e067892599/datanode-2/data/ratis/13b0c3d4-911c-4cad-9cfd-5bffe9917c08] INFO  segmented.SegmentedRaftLogWorker (SegmentedRaftLogWorker.java:execute(569)) - 7bb82aea-de54-461a-943d-5c63d8edb395-SegmentedRaftLogWorker:Storage Directory /workdir/hadoop-ozone/tools/target/test-dir/MiniOzoneClusterImpl-5b0688b1-0324-4107-bf7a-97e067892599/datanode-2/data/ratis/13b0c3d4-911c-4cad-9cfd-5bffe9917c08: created new log segment /workdir/hadoop-ozone/tools/target/test-dir/MiniOzoneClusterImpl-5b0688b1-0324-4107-bf7a-97e067892599/datanode-2/data/ratis/13b0c3d4-911c-4cad-9cfd-5bffe9917c08/current/log_inprogress_0
2019-09-19 14:45:12,139 | INFO  | SCMAudit | user=jenkins1000 | ip=192.168.5.132 | op=SEND_HEARTBEAT {datanodeUUID=d074c048-3e38-4e2d-895f-3654e5a631aa, command=[]} | ret=SUCCESS |  
2019-09-19 14:45:12,152 [Thread-267] INFO  impl.FollowerState (FollowerState.java:run(106)) - d074c048-3e38-4e2d-895f-3654e5a631aa:group-B95B93DAC1E1 changes to CANDIDATE, lastRpcTime:5029, electionTimeout:5029ms
2019-09-19 14:45:12,153 [Thread-267] INFO  impl.RoleInfo (RoleInfo.java:shutdownFollowerState(121)) - d074c048-3e38-4e2d-895f-3654e5a631aa: shutdown FollowerState
2019-09-19 14:45:12,153 [Thread-267] INFO  impl.RaftServerImpl (RaftServerImpl.java:setRole(171)) - d074c048-3e38-4e2d-895f-3654e5a631aa:group-B95B93DAC1E1 changes role from FOLLOWER to CANDIDATE at term 0 for changeToCandidate
2019-09-19 14:45:12,153 [Thread-267] INFO  impl.RoleInfo (RoleInfo.java:updateAndGet(143)) - d074c048-3e38-4e2d-895f-3654e5a631aa: start LeaderElection
2019-09-19 14:45:12,162 [7bb82aea-de54-461a-943d-5c63d8edb395-SegmentedRaftLogWorker:Storage Directory /workdir/hadoop-ozone/tools/target/test-dir/MiniOzoneClusterImpl-5b0688b1-0324-4107-bf7a-97e067892599/datanode-2/data/ratis/5e1365f2-c1bd-4a06-ab1e-70166748a2f8] INFO  segmented.SegmentedRaftLogWorker (SegmentedRaftLogWorker.java:execute(569)) - 7bb82aea-de54-461a-943d-5c63d8edb395-SegmentedRaftLogWorker:Storage Directory /workdir/hadoop-ozone/tools/target/test-dir/MiniOzoneClusterImpl-5b0688b1-0324-4107-bf7a-97e067892599/datanode-2/data/ratis/5e1365f2-c1bd-4a06-ab1e-70166748a2f8: created new log segment /workdir/hadoop-ozone/tools/target/test-dir/MiniOzoneClusterImpl-5b0688b1-0324-4107-bf7a-97e067892599/datanode-2/data/ratis/5e1365f2-c1bd-4a06-ab1e-70166748a2f8/current/log_inprogress_0
2019-09-19 14:45:12,188 [d074c048-3e38-4e2d-895f-3654e5a631aa:group-B95B93DAC1E1:LeaderElection17] INFO  impl.LeaderElection (LeaderElection.java:askForVotes(181)) - d074c048-3e38-4e2d-895f-3654e5a631aa:group-B95B93DAC1E1:LeaderElection17: begin an election at term 1 for -1: [d074c048-3e38-4e2d-895f-3654e5a631aa:192.168.5.132:33437], old=null
2019-09-19 14:45:12,188 [d074c048-3e38-4e2d-895f-3654e5a631aa:group-B95B93DAC1E1:LeaderElection17] INFO  impl.RoleInfo (RoleInfo.java:shutdownLeaderElection(134)) - d074c048-3e38-4e2d-895f-3654e5a631aa: shutdown LeaderElection
2019-09-19 14:45:12,189 [d074c048-3e38-4e2d-895f-3654e5a631aa:group-B95B93DAC1E1:LeaderElection17] INFO  impl.RaftServerImpl (RaftServerImpl.java:setRole(171)) - d074c048-3e38-4e2d-895f-3654e5a631aa:group-B95B93DAC1E1 changes role from CANDIDATE to LEADER at term 1 for changeToLeader
2019-09-19 14:45:12,189 [d074c048-3e38-4e2d-895f-3654e5a631aa:group-B95B93DAC1E1:LeaderElection17] INFO  impl.RaftServerImpl (ServerState.java:setLeader(263)) - d074c048-3e38-4e2d-895f-3654e5a631aa:group-B95B93DAC1E1 change Leader from null to d074c048-3e38-4e2d-895f-3654e5a631aa at term 1 for becomeLeader, leader elected after 5070ms
2019-09-19 14:45:12,189 [d074c048-3e38-4e2d-895f-3654e5a631aa:group-B95B93DAC1E1:LeaderElection17] INFO  server.RaftServerConfigKeys (ConfUtils.java:logGet(43)) - raft.server.staging.catchup.gap = 1000 (default)
2019-09-19 14:45:12,189 [d074c048-3e38-4e2d-895f-3654e5a631aa:group-B95B93DAC1E1:LeaderElection17] INFO  server.RaftServerConfigKeys (ConfUtils.java:logGet(43)) - raft.server.rpc.sleep.time = 25ms (default)
2019-09-19 14:45:12,189 [d074c048-3e38-4e2d-895f-3654e5a631aa:group-B95B93DAC1E1:LeaderElection17] INFO  server.RaftServerConfigKeys (ConfUtils.java:logGet(43)) - raft.server.write.element-limit = 4096 (default)
2019-09-19 14:45:12,190 [d074c048-3e38-4e2d-895f-3654e5a631aa:group-B95B93DAC1E1:LeaderElection17] INFO  server.RaftServerConfigKeys (ConfUtils.java:logGet(43)) - raft.server.watch.timeout = 10s (default)
2019-09-19 14:45:12,190 [d074c048-3e38-4e2d-895f-3654e5a631aa:group-B95B93DAC1E1:LeaderElection17] INFO  server.RaftServerConfigKeys (ConfUtils.java:logGet(43)) - raft.server.watch.timeout.denomination = 1s (default)
2019-09-19 14:45:12,190 [d074c048-3e38-4e2d-895f-3654e5a631aa:group-B95B93DAC1E1:LeaderElection17] INFO  server.RaftServerConfigKeys (ConfUtils.java:logGet(43)) - raft.server.watch.element-limit = 65536 (default)
2019-09-19 14:45:12,190 [d074c048-3e38-4e2d-895f-3654e5a631aa:group-B95B93DAC1E1:LeaderElection17] INFO  impl.RoleInfo (RoleInfo.java:updateAndGet(143)) - d074c048-3e38-4e2d-895f-3654e5a631aa: start LeaderState
2019-09-19 14:45:12,191 [d074c048-3e38-4e2d-895f-3654e5a631aa:group-B95B93DAC1E1:LeaderElection17] INFO  segmented.SegmentedRaftLogWorker (SegmentedRaftLogWorker.java:startLogSegment(380)) - d074c048-3e38-4e2d-895f-3654e5a631aa-SegmentedRaftLogWorker:Storage Directory /workdir/hadoop-ozone/tools/target/test-dir/MiniOzoneClusterImpl-5b0688b1-0324-4107-bf7a-97e067892599/datanode-0/data/ratis/ec2e5ad2-c17a-4591-ba25-b95b93dac1e1: Starting segment from index:0
2019-09-19 14:45:12,192 [d074c048-3e38-4e2d-895f-3654e5a631aa:group-B95B93DAC1E1:LeaderElection17] INFO  impl.RaftServerImpl (ServerState.java:setRaftConf(361)) - d074c048-3e38-4e2d-895f-3654e5a631aa:group-B95B93DAC1E1 set configuration 0: [d074c048-3e38-4e2d-895f-3654e5a631aa:192.168.5.132:33437], old=null at 0
2019-09-19 14:45:12,232 [Thread-264] INFO  impl.FollowerState (FollowerState.java:run(106)) - d074c048-3e38-4e2d-895f-3654e5a631aa:group-BCE5440D5F1C changes to CANDIDATE, lastRpcTime:5176, electionTimeout:5176ms
2019-09-19 14:45:12,232 [Thread-264] INFO  impl.RoleInfo (RoleInfo.java:shutdownFollowerState(121)) - d074c048-3e38-4e2d-895f-3654e5a631aa: shutdown FollowerState
2019-09-19 14:45:12,232 [Thread-264] INFO  impl.RaftServerImpl (RaftServerImpl.java:setRole(171)) - d074c048-3e38-4e2d-895f-3654e5a631aa:group-BCE5440D5F1C changes role from FOLLOWER to CANDIDATE at term 0 for changeToCandidate
2019-09-19 14:45:12,233 [Thread-264] INFO  impl.RoleInfo (RoleInfo.java:updateAndGet(143)) - d074c048-3e38-4e2d-895f-3654e5a631aa: start LeaderElection
2019-09-19 14:45:12,247 [d074c048-3e38-4e2d-895f-3654e5a631aa-SegmentedRaftLogWorker:Storage Directory /workdir/hadoop-ozone/tools/target/test-dir/MiniOzoneClusterImpl-5b0688b1-0324-4107-bf7a-97e067892599/datanode-0/data/ratis/ec2e5ad2-c17a-4591-ba25-b95b93dac1e1] INFO  segmented.SegmentedRaftLogWorker (SegmentedRaftLogWorker.java:execute(569)) - d074c048-3e38-4e2d-895f-3654e5a631aa-SegmentedRaftLogWorker:Storage Directory /workdir/hadoop-ozone/tools/target/test-dir/MiniOzoneClusterImpl-5b0688b1-0324-4107-bf7a-97e067892599/datanode-0/data/ratis/ec2e5ad2-c17a-4591-ba25-b95b93dac1e1: created new log segment /workdir/hadoop-ozone/tools/target/test-dir/MiniOzoneClusterImpl-5b0688b1-0324-4107-bf7a-97e067892599/datanode-0/data/ratis/ec2e5ad2-c17a-4591-ba25-b95b93dac1e1/current/log_inprogress_0
2019-09-19 14:45:12,247 [Thread-270] INFO  impl.FollowerState (FollowerState.java:run(106)) - 7bb82aea-de54-461a-943d-5c63d8edb395:group-8EB1F8D5ECD9 changes to CANDIDATE, lastRpcTime:5044, electionTimeout:5044ms
2019-09-19 14:45:12,247 [Thread-270] INFO  impl.RoleInfo (RoleInfo.java:shutdownFollowerState(121)) - 7bb82aea-de54-461a-943d-5c63d8edb395: shutdown FollowerState
2019-09-19 14:45:12,247 [Thread-270] INFO  impl.RaftServerImpl (RaftServerImpl.java:setRole(171)) - 7bb82aea-de54-461a-943d-5c63d8edb395:group-8EB1F8D5ECD9 changes role from FOLLOWER to CANDIDATE at term 0 for changeToCandidate
2019-09-19 14:45:12,247 [Thread-270] INFO  impl.RoleInfo (RoleInfo.java:updateAndGet(143)) - 7bb82aea-de54-461a-943d-5c63d8edb395: start LeaderElection
2019-09-19 14:45:12,264 [d074c048-3e38-4e2d-895f-3654e5a631aa:group-BCE5440D5F1C:LeaderElection18] INFO  impl.LeaderElection (LeaderElection.java:askForVotes(181)) - d074c048-3e38-4e2d-895f-3654e5a631aa:group-BCE5440D5F1C:LeaderElection18: begin an election at term 1 for -1: [d074c048-3e38-4e2d-895f-3654e5a631aa:192.168.5.132:33437], old=null
2019-09-19 14:45:12,264 [d074c048-3e38-4e2d-895f-3654e5a631aa:group-BCE5440D5F1C:LeaderElection18] INFO  impl.RoleInfo (RoleInfo.java:shutdownLeaderElection(134)) - d074c048-3e38-4e2d-895f-3654e5a631aa: shutdown LeaderElection
2019-09-19 14:45:12,264 [d074c048-3e38-4e2d-895f-3654e5a631aa:group-BCE5440D5F1C:LeaderElection18] INFO  impl.RaftServerImpl (RaftServerImpl.java:setRole(171)) - d074c048-3e38-4e2d-895f-3654e5a631aa:group-BCE5440D5F1C changes role from CANDIDATE to LEADER at term 1 for changeToLeader
2019-09-19 14:45:12,264 [d074c048-3e38-4e2d-895f-3654e5a631aa:group-BCE5440D5F1C:LeaderElection18] INFO  impl.RaftServerImpl (ServerState.java:setLeader(263)) - d074c048-3e38-4e2d-895f-3654e5a631aa:group-BCE5440D5F1C change Leader from null to d074c048-3e38-4e2d-895f-3654e5a631aa at term 1 for becomeLeader, leader elected after 5213ms
2019-09-19 14:45:12,265 [d074c048-3e38-4e2d-895f-3654e5a631aa:group-BCE5440D5F1C:LeaderElection18] INFO  server.RaftServerConfigKeys (ConfUtils.java:logGet(43)) - raft.server.staging.catchup.gap = 1000 (default)
2019-09-19 14:45:12,265 [d074c048-3e38-4e2d-895f-3654e5a631aa:group-BCE5440D5F1C:LeaderElection18] INFO  server.RaftServerConfigKeys (ConfUtils.java:logGet(43)) - raft.server.rpc.sleep.time = 25ms (default)
2019-09-19 14:45:12,265 [d074c048-3e38-4e2d-895f-3654e5a631aa:group-BCE5440D5F1C:LeaderElection18] INFO  server.RaftServerConfigKeys (ConfUtils.java:logGet(43)) - raft.server.write.element-limit = 4096 (default)
2019-09-19 14:45:12,265 [d074c048-3e38-4e2d-895f-3654e5a631aa:group-BCE5440D5F1C:LeaderElection18] INFO  server.RaftServerConfigKeys (ConfUtils.java:logGet(43)) - raft.server.watch.timeout = 10s (default)
2019-09-19 14:45:12,265 [d074c048-3e38-4e2d-895f-3654e5a631aa:group-BCE5440D5F1C:LeaderElection18] INFO  server.RaftServerConfigKeys (ConfUtils.java:logGet(43)) - raft.server.watch.timeout.denomination = 1s (default)
2019-09-19 14:45:12,265 [d074c048-3e38-4e2d-895f-3654e5a631aa:group-BCE5440D5F1C:LeaderElection18] INFO  server.RaftServerConfigKeys (ConfUtils.java:logGet(43)) - raft.server.watch.element-limit = 65536 (default)
2019-09-19 14:45:12,266 [d074c048-3e38-4e2d-895f-3654e5a631aa:group-BCE5440D5F1C:LeaderElection18] INFO  impl.RoleInfo (RoleInfo.java:updateAndGet(143)) - d074c048-3e38-4e2d-895f-3654e5a631aa: start LeaderState
2019-09-19 14:45:12,266 [d074c048-3e38-4e2d-895f-3654e5a631aa:group-BCE5440D5F1C:LeaderElection18] INFO  segmented.SegmentedRaftLogWorker (SegmentedRaftLogWorker.java:startLogSegment(380)) - d074c048-3e38-4e2d-895f-3654e5a631aa-SegmentedRaftLogWorker:Storage Directory /workdir/hadoop-ozone/tools/target/test-dir/MiniOzoneClusterImpl-5b0688b1-0324-4107-bf7a-97e067892599/datanode-0/data/ratis/7e2183b2-000d-408c-a935-bce5440d5f1c: Starting segment from index:0
2019-09-19 14:45:12,267 [d074c048-3e38-4e2d-895f-3654e5a631aa:group-BCE5440D5F1C:LeaderElection18] INFO  impl.RaftServerImpl (ServerState.java:setRaftConf(361)) - d074c048-3e38-4e2d-895f-3654e5a631aa:group-BCE5440D5F1C set configuration 0: [d074c048-3e38-4e2d-895f-3654e5a631aa:192.168.5.132:33437], old=null at 0
2019-09-19 14:45:12,302 [7bb82aea-de54-461a-943d-5c63d8edb395:group-8EB1F8D5ECD9:LeaderElection19] INFO  impl.LeaderElection (LeaderElection.java:askForVotes(181)) - 7bb82aea-de54-461a-943d-5c63d8edb395:group-8EB1F8D5ECD9:LeaderElection19: begin an election at term 1 for -1: [7bb82aea-de54-461a-943d-5c63d8edb395:192.168.5.132:34910], old=null
2019-09-19 14:45:12,302 [7bb82aea-de54-461a-943d-5c63d8edb395:group-8EB1F8D5ECD9:LeaderElection19] INFO  impl.RoleInfo (RoleInfo.java:shutdownLeaderElection(134)) - 7bb82aea-de54-461a-943d-5c63d8edb395: shutdown LeaderElection
2019-09-19 14:45:12,303 [7bb82aea-de54-461a-943d-5c63d8edb395:group-8EB1F8D5ECD9:LeaderElection19] INFO  impl.RaftServerImpl (RaftServerImpl.java:setRole(171)) - 7bb82aea-de54-461a-943d-5c63d8edb395:group-8EB1F8D5ECD9 changes role from CANDIDATE to LEADER at term 1 for changeToLeader
2019-09-19 14:45:12,303 [7bb82aea-de54-461a-943d-5c63d8edb395:group-8EB1F8D5ECD9:LeaderElection19] INFO  impl.RaftServerImpl (ServerState.java:setLeader(263)) - 7bb82aea-de54-461a-943d-5c63d8edb395:group-8EB1F8D5ECD9 change Leader from null to 7bb82aea-de54-461a-943d-5c63d8edb395 at term 1 for becomeLeader, leader elected after 5108ms
2019-09-19 14:45:12,303 [7bb82aea-de54-461a-943d-5c63d8edb395:group-8EB1F8D5ECD9:LeaderElection19] INFO  server.RaftServerConfigKeys (ConfUtils.java:logGet(43)) - raft.server.staging.catchup.gap = 1000 (default)
2019-09-19 14:45:12,303 [7bb82aea-de54-461a-943d-5c63d8edb395:group-8EB1F8D5ECD9:LeaderElection19] INFO  server.RaftServerConfigKeys (ConfUtils.java:logGet(43)) - raft.server.rpc.sleep.time = 25ms (default)
2019-09-19 14:45:12,303 [7bb82aea-de54-461a-943d-5c63d8edb395:group-8EB1F8D5ECD9:LeaderElection19] INFO  server.RaftServerConfigKeys (ConfUtils.java:logGet(43)) - raft.server.write.element-limit = 4096 (default)
2019-09-19 14:45:12,304 [7bb82aea-de54-461a-943d-5c63d8edb395:group-8EB1F8D5ECD9:LeaderElection19] INFO  server.RaftServerConfigKeys (ConfUtils.java:logGet(43)) - raft.server.watch.timeout = 10s (default)
2019-09-19 14:45:12,304 [7bb82aea-de54-461a-943d-5c63d8edb395:group-8EB1F8D5ECD9:LeaderElection19] INFO  server.RaftServerConfigKeys (ConfUtils.java:logGet(43)) - raft.server.watch.timeout.denomination = 1s (default)
2019-09-19 14:45:12,304 [7bb82aea-de54-461a-943d-5c63d8edb395:group-8EB1F8D5ECD9:LeaderElection19] INFO  server.RaftServerConfigKeys (ConfUtils.java:logGet(43)) - raft.server.watch.element-limit = 65536 (default)
2019-09-19 14:45:12,304 [7bb82aea-de54-461a-943d-5c63d8edb395:group-8EB1F8D5ECD9:LeaderElection19] INFO  impl.RoleInfo (RoleInfo.java:updateAndGet(143)) - 7bb82aea-de54-461a-943d-5c63d8edb395: start LeaderState
2019-09-19 14:45:12,305 [7bb82aea-de54-461a-943d-5c63d8edb395:group-8EB1F8D5ECD9:LeaderElection19] INFO  segmented.SegmentedRaftLogWorker (SegmentedRaftLogWorker.java:startLogSegment(380)) - 7bb82aea-de54-461a-943d-5c63d8edb395-SegmentedRaftLogWorker:Storage Directory /workdir/hadoop-ozone/tools/target/test-dir/MiniOzoneClusterImpl-5b0688b1-0324-4107-bf7a-97e067892599/datanode-2/data/ratis/59afa7a5-5846-4e1a-9a6c-8eb1f8d5ecd9: Starting segment from index:0
2019-09-19 14:45:12,305 [7bb82aea-de54-461a-943d-5c63d8edb395:group-8EB1F8D5ECD9:LeaderElection19] INFO  impl.RaftServerImpl (ServerState.java:setRaftConf(361)) - 7bb82aea-de54-461a-943d-5c63d8edb395:group-8EB1F8D5ECD9 set configuration 0: [7bb82aea-de54-461a-943d-5c63d8edb395:192.168.5.132:34910], old=null at 0
2019-09-19 14:45:12,337 [d074c048-3e38-4e2d-895f-3654e5a631aa-SegmentedRaftLogWorker:Storage Directory /workdir/hadoop-ozone/tools/target/test-dir/MiniOzoneClusterImpl-5b0688b1-0324-4107-bf7a-97e067892599/datanode-0/data/ratis/7e2183b2-000d-408c-a935-bce5440d5f1c] INFO  segmented.SegmentedRaftLogWorker (SegmentedRaftLogWorker.java:execute(569)) - d074c048-3e38-4e2d-895f-3654e5a631aa-SegmentedRaftLogWorker:Storage Directory /workdir/hadoop-ozone/tools/target/test-dir/MiniOzoneClusterImpl-5b0688b1-0324-4107-bf7a-97e067892599/datanode-0/data/ratis/7e2183b2-000d-408c-a935-bce5440d5f1c: created new log segment /workdir/hadoop-ozone/tools/target/test-dir/MiniOzoneClusterImpl-5b0688b1-0324-4107-bf7a-97e067892599/datanode-0/data/ratis/7e2183b2-000d-408c-a935-bce5440d5f1c/current/log_inprogress_0
2019-09-19 14:45:12,338 | INFO  | SCMAudit | user=jenkins1000 | ip=192.168.5.132 | op=SEND_HEARTBEAT {datanodeUUID=a0762623-a339-4c04-8cb0-9d92457e5b77, command=[]} | ret=SUCCESS |  
2019-09-19 14:45:12,365 [7bb82aea-de54-461a-943d-5c63d8edb395-SegmentedRaftLogWorker:Storage Directory /workdir/hadoop-ozone/tools/target/test-dir/MiniOzoneClusterImpl-5b0688b1-0324-4107-bf7a-97e067892599/datanode-2/data/ratis/59afa7a5-5846-4e1a-9a6c-8eb1f8d5ecd9] INFO  segmented.SegmentedRaftLogWorker (SegmentedRaftLogWorker.java:execute(569)) - 7bb82aea-de54-461a-943d-5c63d8edb395-SegmentedRaftLogWorker:Storage Directory /workdir/hadoop-ozone/tools/target/test-dir/MiniOzoneClusterImpl-5b0688b1-0324-4107-bf7a-97e067892599/datanode-2/data/ratis/59afa7a5-5846-4e1a-9a6c-8eb1f8d5ecd9: created new log segment /workdir/hadoop-ozone/tools/target/test-dir/MiniOzoneClusterImpl-5b0688b1-0324-4107-bf7a-97e067892599/datanode-2/data/ratis/59afa7a5-5846-4e1a-9a6c-8eb1f8d5ecd9/current/log_inprogress_0
2019-09-19 14:45:12,411 [Thread-277] INFO  impl.FollowerState (FollowerState.java:run(106)) - d074c048-3e38-4e2d-895f-3654e5a631aa:group-92DDCC95FCCE changes to CANDIDATE, lastRpcTime:5026, electionTimeout:5026ms
2019-09-19 14:45:12,411 [Thread-277] INFO  impl.RoleInfo (RoleInfo.java:shutdownFollowerState(121)) - d074c048-3e38-4e2d-895f-3654e5a631aa: shutdown FollowerState
2019-09-19 14:45:12,411 [Thread-277] INFO  impl.RaftServerImpl (RaftServerImpl.java:setRole(171)) - d074c048-3e38-4e2d-895f-3654e5a631aa:group-92DDCC95FCCE changes role from FOLLOWER to CANDIDATE at term 0 for changeToCandidate
2019-09-19 14:45:12,412 [Thread-277] INFO  impl.RoleInfo (RoleInfo.java:updateAndGet(143)) - d074c048-3e38-4e2d-895f-3654e5a631aa: start LeaderElection
2019-09-19 14:45:12,457 [d074c048-3e38-4e2d-895f-3654e5a631aa:group-92DDCC95FCCE:LeaderElection20] INFO  impl.LeaderElection (LeaderElection.java:askForVotes(181)) - d074c048-3e38-4e2d-895f-3654e5a631aa:group-92DDCC95FCCE:LeaderElection20: begin an election at term 1 for -1: [d074c048-3e38-4e2d-895f-3654e5a631aa:192.168.5.132:33437], old=null
2019-09-19 14:45:12,457 [d074c048-3e38-4e2d-895f-3654e5a631aa:group-92DDCC95FCCE:LeaderElection20] INFO  impl.RoleInfo (RoleInfo.java:shutdownLeaderElection(134)) - d074c048-3e38-4e2d-895f-3654e5a631aa: shutdown LeaderElection
2019-09-19 14:45:12,457 [d074c048-3e38-4e2d-895f-3654e5a631aa:group-92DDCC95FCCE:LeaderElection20] INFO  impl.RaftServerImpl (RaftServerImpl.java:setRole(171)) - d074c048-3e38-4e2d-895f-3654e5a631aa:group-92DDCC95FCCE changes role from CANDIDATE to LEADER at term 1 for changeToLeader
2019-09-19 14:45:12,457 [d074c048-3e38-4e2d-895f-3654e5a631aa:group-92DDCC95FCCE:LeaderElection20] INFO  impl.RaftServerImpl (ServerState.java:setLeader(263)) - d074c048-3e38-4e2d-895f-3654e5a631aa:group-92DDCC95FCCE change Leader from null to d074c048-3e38-4e2d-895f-3654e5a631aa at term 1 for becomeLeader, leader elected after 5077ms
2019-09-19 14:45:12,458 [d074c048-3e38-4e2d-895f-3654e5a631aa:group-92DDCC95FCCE:LeaderElection20] INFO  server.RaftServerConfigKeys (ConfUtils.java:logGet(43)) - raft.server.staging.catchup.gap = 1000 (default)
2019-09-19 14:45:12,458 [d074c048-3e38-4e2d-895f-3654e5a631aa:group-92DDCC95FCCE:LeaderElection20] INFO  server.RaftServerConfigKeys (ConfUtils.java:logGet(43)) - raft.server.rpc.sleep.time = 25ms (default)
2019-09-19 14:45:12,458 [d074c048-3e38-4e2d-895f-3654e5a631aa:group-92DDCC95FCCE:LeaderElection20] INFO  server.RaftServerConfigKeys (ConfUtils.java:logGet(43)) - raft.server.write.element-limit = 4096 (default)
2019-09-19 14:45:12,458 [d074c048-3e38-4e2d-895f-3654e5a631aa:group-92DDCC95FCCE:LeaderElection20] INFO  server.RaftServerConfigKeys (ConfUtils.java:logGet(43)) - raft.server.watch.timeout = 10s (default)
2019-09-19 14:45:12,458 [d074c048-3e38-4e2d-895f-3654e5a631aa:group-92DDCC95FCCE:LeaderElection20] INFO  server.RaftServerConfigKeys (ConfUtils.java:logGet(43)) - raft.server.watch.timeout.denomination = 1s (default)
2019-09-19 14:45:12,459 [d074c048-3e38-4e2d-895f-3654e5a631aa:group-92DDCC95FCCE:LeaderElection20] INFO  server.RaftServerConfigKeys (ConfUtils.java:logGet(43)) - raft.server.watch.element-limit = 65536 (default)
2019-09-19 14:45:12,459 [d074c048-3e38-4e2d-895f-3654e5a631aa:group-92DDCC95FCCE:LeaderElection20] INFO  impl.RoleInfo (RoleInfo.java:updateAndGet(143)) - d074c048-3e38-4e2d-895f-3654e5a631aa: start LeaderState
2019-09-19 14:45:12,459 [d074c048-3e38-4e2d-895f-3654e5a631aa:group-92DDCC95FCCE:LeaderElection20] INFO  segmented.SegmentedRaftLogWorker (SegmentedRaftLogWorker.java:startLogSegment(380)) - d074c048-3e38-4e2d-895f-3654e5a631aa-SegmentedRaftLogWorker:Storage Directory /workdir/hadoop-ozone/tools/target/test-dir/MiniOzoneClusterImpl-5b0688b1-0324-4107-bf7a-97e067892599/datanode-0/data/ratis/429cdf7e-6df3-4389-9b52-92ddcc95fcce: Starting segment from index:0
 100.00% |█████████████████████████████████████████████████████████████████████████████████████████████████████|  1/1 Time: 0:00:062019-09-19 14:45:12,460 [d074c048-3e38-4e2d-895f-3654e5a631aa:group-92DDCC95FCCE:LeaderElection20] INFO  impl.RaftServerImpl (ServerState.java:setRaftConf(361)) - d074c048-3e38-4e2d-895f-3654e5a631aa:group-92DDCC95FCCE set configuration 0: [d074c048-3e38-4e2d-895f-3654e5a631aa:192.168.5.132:33437], old=null at 0

2019-09-19 14:45:12,497 [Thread-274] INFO  impl.FollowerState (FollowerState.java:run(106)) - a38eeb7b-34bc-498a-82af-c91824ca14e3:group-1B632AEF4E3E changes to CANDIDATE, lastRpcTime:5207, electionTimeout:5179ms
2019-09-19 14:45:12,504 [Thread-274] INFO  impl.RoleInfo (RoleInfo.java:shutdownFollowerState(121)) - a38eeb7b-34bc-498a-82af-c91824ca14e3: shutdown FollowerState
2019-09-19 14:45:12,504 [Thread-274] INFO  impl.RaftServerImpl (RaftServerImpl.java:setRole(171)) - a38eeb7b-34bc-498a-82af-c91824ca14e3:group-1B632AEF4E3E changes role from FOLLOWER to CANDIDATE at term 0 for changeToCandidate
2019-09-19 14:45:12,504 [Thread-274] INFO  impl.RoleInfo (RoleInfo.java:updateAndGet(143)) - a38eeb7b-34bc-498a-82af-c91824ca14e3: start LeaderElection
2019-09-19 14:45:12,507 | INFO  | SCMAudit | user=jenkins1000 | ip=192.168.5.132 | op=SEND_HEARTBEAT {datanodeUUID=a38eeb7b-34bc-498a-82af-c91824ca14e3, command=[]} | ret=SUCCESS |  
2019-09-19 14:45:12,525 [d074c048-3e38-4e2d-895f-3654e5a631aa-SegmentedRaftLogWorker:Storage Directory /workdir/hadoop-ozone/tools/target/test-dir/MiniOzoneClusterImpl-5b0688b1-0324-4107-bf7a-97e067892599/datanode-0/data/ratis/429cdf7e-6df3-4389-9b52-92ddcc95fcce] INFO  segmented.SegmentedRaftLogWorker (SegmentedRaftLogWorker.java:execute(569)) - d074c048-3e38-4e2d-895f-3654e5a631aa-SegmentedRaftLogWorker:Storage Directory /workdir/hadoop-ozone/tools/target/test-dir/MiniOzoneClusterImpl-5b0688b1-0324-4107-bf7a-97e067892599/datanode-0/data/ratis/429cdf7e-6df3-4389-9b52-92ddcc95fcce: created new log segment /workdir/hadoop-ozone/tools/target/test-dir/MiniOzoneClusterImpl-5b0688b1-0324-4107-bf7a-97e067892599/datanode-0/data/ratis/429cdf7e-6df3-4389-9b52-92ddcc95fcce/current/log_inprogress_0
2019-09-19 14:45:12,525 [a38eeb7b-34bc-498a-82af-c91824ca14e3:group-1B632AEF4E3E:LeaderElection21] INFO  impl.LeaderElection (LeaderElection.java:askForVotes(181)) - a38eeb7b-34bc-498a-82af-c91824ca14e3:group-1B632AEF4E3E:LeaderElection21: begin an election at term 1 for -1: [a38eeb7b-34bc-498a-82af-c91824ca14e3:192.168.5.132:42492], old=null
2019-09-19 14:45:12,526 [a38eeb7b-34bc-498a-82af-c91824ca14e3:group-1B632AEF4E3E:LeaderElection21] INFO  impl.RoleInfo (RoleInfo.java:shutdownLeaderElection(134)) - a38eeb7b-34bc-498a-82af-c91824ca14e3: shutdown LeaderElection
2019-09-19 14:45:12,526 [a38eeb7b-34bc-498a-82af-c91824ca14e3:group-1B632AEF4E3E:LeaderElection21] INFO  impl.RaftServerImpl (RaftServerImpl.java:setRole(171)) - a38eeb7b-34bc-498a-82af-c91824ca14e3:group-1B632AEF4E3E changes role from CANDIDATE to LEADER at term 1 for changeToLeader
2019-09-19 14:45:12,526 [a38eeb7b-34bc-498a-82af-c91824ca14e3:group-1B632AEF4E3E:LeaderElection21] INFO  impl.RaftServerImpl (ServerState.java:setLeader(263)) - a38eeb7b-34bc-498a-82af-c91824ca14e3:group-1B632AEF4E3E change Leader from null to a38eeb7b-34bc-498a-82af-c91824ca14e3 at term 1 for becomeLeader, leader elected after 5239ms
2019-09-19 14:45:12,526 [a38eeb7b-34bc-498a-82af-c91824ca14e3:group-1B632AEF4E3E:LeaderElection21] INFO  server.RaftServerConfigKeys (ConfUtils.java:logGet(43)) - raft.server.staging.catchup.gap = 1000 (default)
2019-09-19 14:45:12,526 [a38eeb7b-34bc-498a-82af-c91824ca14e3:group-1B632AEF4E3E:LeaderElection21] INFO  server.RaftServerConfigKeys (ConfUtils.java:logGet(43)) - raft.server.rpc.sleep.time = 25ms (default)
2019-09-19 14:45:12,526 [a38eeb7b-34bc-498a-82af-c91824ca14e3:group-1B632AEF4E3E:LeaderElection21] INFO  server.RaftServerConfigKeys (ConfUtils.java:logGet(43)) - raft.server.write.element-limit = 4096 (default)
2019-09-19 14:45:12,527 [a38eeb7b-34bc-498a-82af-c91824ca14e3:group-1B632AEF4E3E:LeaderElection21] INFO  server.RaftServerConfigKeys (ConfUtils.java:logGet(43)) - raft.server.watch.timeout = 10s (default)
2019-09-19 14:45:12,527 [a38eeb7b-34bc-498a-82af-c91824ca14e3:group-1B632AEF4E3E:LeaderElection21] INFO  server.RaftServerConfigKeys (ConfUtils.java:logGet(43)) - raft.server.watch.timeout.denomination = 1s (default)
2019-09-19 14:45:12,527 [a38eeb7b-34bc-498a-82af-c91824ca14e3:group-1B632AEF4E3E:LeaderElection21] INFO  server.RaftServerConfigKeys (ConfUtils.java:logGet(43)) - raft.server.watch.element-limit = 65536 (default)
2019-09-19 14:45:12,527 [a38eeb7b-34bc-498a-82af-c91824ca14e3:group-1B632AEF4E3E:LeaderElection21] INFO  impl.RoleInfo (RoleInfo.java:updateAndGet(143)) - a38eeb7b-34bc-498a-82af-c91824ca14e3: start LeaderState
2019-09-19 14:45:12,528 [a38eeb7b-34bc-498a-82af-c91824ca14e3:group-1B632AEF4E3E:LeaderElection21] INFO  segmented.SegmentedRaftLogWorker (SegmentedRaftLogWorker.java:startLogSegment(380)) - a38eeb7b-34bc-498a-82af-c91824ca14e3-SegmentedRaftLogWorker:Storage Directory /workdir/hadoop-ozone/tools/target/test-dir/MiniOzoneClusterImpl-5b0688b1-0324-4107-bf7a-97e067892599/datanode-1/data/ratis/9c6326f5-5907-407f-9961-1b632aef4e3e: Starting segment from index:0
2019-09-19 14:45:12,528 [a38eeb7b-34bc-498a-82af-c91824ca14e3:group-1B632AEF4E3E:LeaderElection21] INFO  impl.RaftServerImpl (ServerState.java:setRaftConf(361)) - a38eeb7b-34bc-498a-82af-c91824ca14e3:group-1B632AEF4E3E set configuration 0: [a38eeb7b-34bc-498a-82af-c91824ca14e3:192.168.5.132:42492], old=null at 0
2019-09-19 14:45:12,568 [Thread-280] INFO  impl.FollowerState (FollowerState.java:run(106)) - a38eeb7b-34bc-498a-82af-c91824ca14e3:group-7C2534D7548E changes to CANDIDATE, lastRpcTime:5108, electionTimeout:5108ms
2019-09-19 14:45:12,568 [Thread-280] INFO  impl.RoleInfo (RoleInfo.java:shutdownFollowerState(121)) - a38eeb7b-34bc-498a-82af-c91824ca14e3: shutdown FollowerState
2019-09-19 14:45:12,568 [Thread-280] INFO  impl.RaftServerImpl (RaftServerImpl.java:setRole(171)) - a38eeb7b-34bc-498a-82af-c91824ca14e3:group-7C2534D7548E changes role from FOLLOWER to CANDIDATE at term 0 for changeToCandidate
2019-09-19 14:45:12,568 [Thread-280] INFO  impl.RoleInfo (RoleInfo.java:updateAndGet(143)) - a38eeb7b-34bc-498a-82af-c91824ca14e3: start LeaderElection
2019-09-19 14:45:12,593 [a38eeb7b-34bc-498a-82af-c91824ca14e3-SegmentedRaftLogWorker:Storage Directory /workdir/hadoop-ozone/tools/target/test-dir/MiniOzoneClusterImpl-5b0688b1-0324-4107-bf7a-97e067892599/datanode-1/data/ratis/9c6326f5-5907-407f-9961-1b632aef4e3e] INFO  segmented.SegmentedRaftLogWorker (SegmentedRaftLogWorker.java:execute(569)) - a38eeb7b-34bc-498a-82af-c91824ca14e3-SegmentedRaftLogWorker:Storage Directory /workdir/hadoop-ozone/tools/target/test-dir/MiniOzoneClusterImpl-5b0688b1-0324-4107-bf7a-97e067892599/datanode-1/data/ratis/9c6326f5-5907-407f-9961-1b632aef4e3e: created new log segment /workdir/hadoop-ozone/tools/target/test-dir/MiniOzoneClusterImpl-5b0688b1-0324-4107-bf7a-97e067892599/datanode-1/data/ratis/9c6326f5-5907-407f-9961-1b632aef4e3e/current/log_inprogress_0
2019-09-19 14:45:12,593 [a38eeb7b-34bc-498a-82af-c91824ca14e3:group-7C2534D7548E:LeaderElection22] INFO  impl.LeaderElection (LeaderElection.java:askForVotes(181)) - a38eeb7b-34bc-498a-82af-c91824ca14e3:group-7C2534D7548E:LeaderElection22: begin an election at term 1 for -1: [a38eeb7b-34bc-498a-82af-c91824ca14e3:192.168.5.132:42492], old=null
2019-09-19 14:45:12,593 [a38eeb7b-34bc-498a-82af-c91824ca14e3:group-7C2534D7548E:LeaderElection22] INFO  impl.RoleInfo (RoleInfo.java:shutdownLeaderElection(134)) - a38eeb7b-34bc-498a-82af-c91824ca14e3: shutdown LeaderElection
2019-09-19 14:45:12,593 [a38eeb7b-34bc-498a-82af-c91824ca14e3:group-7C2534D7548E:LeaderElection22] INFO  impl.RaftServerImpl (RaftServerImpl.java:setRole(171)) - a38eeb7b-34bc-498a-82af-c91824ca14e3:group-7C2534D7548E changes role from CANDIDATE to LEADER at term 1 for changeToLeader
2019-09-19 14:45:12,594 [a38eeb7b-34bc-498a-82af-c91824ca14e3:group-7C2534D7548E:LeaderElection22] INFO  impl.RaftServerImpl (ServerState.java:setLeader(263)) - a38eeb7b-34bc-498a-82af-c91824ca14e3:group-7C2534D7548E change Leader from null to a38eeb7b-34bc-498a-82af-c91824ca14e3 at term 1 for becomeLeader, leader elected after 5138ms
2019-09-19 14:45:12,594 [a38eeb7b-34bc-498a-82af-c91824ca14e3:group-7C2534D7548E:LeaderElection22] INFO  server.RaftServerConfigKeys (ConfUtils.java:logGet(43)) - raft.server.staging.catchup.gap = 1000 (default)
2019-09-19 14:45:12,594 [a38eeb7b-34bc-498a-82af-c91824ca14e3:group-7C2534D7548E:LeaderElection22] INFO  server.RaftServerConfigKeys (ConfUtils.java:logGet(43)) - raft.server.rpc.sleep.time = 25ms (default)
2019-09-19 14:45:12,594 [a38eeb7b-34bc-498a-82af-c91824ca14e3:group-7C2534D7548E:LeaderElection22] INFO  server.RaftServerConfigKeys (ConfUtils.java:logGet(43)) - raft.server.write.element-limit = 4096 (default)
2019-09-19 14:45:12,595 [a38eeb7b-34bc-498a-82af-c91824ca14e3:group-7C2534D7548E:LeaderElection22] INFO  server.RaftServerConfigKeys (ConfUtils.java:logGet(43)) - raft.server.watch.timeout = 10s (default)
2019-09-19 14:45:12,595 [a38eeb7b-34bc-498a-82af-c91824ca14e3:group-7C2534D7548E:LeaderElection22] INFO  server.RaftServerConfigKeys (ConfUtils.java:logGet(43)) - raft.server.watch.timeout.denomination = 1s (default)
2019-09-19 14:45:12,595 [a38eeb7b-34bc-498a-82af-c91824ca14e3:group-7C2534D7548E:LeaderElection22] INFO  server.RaftServerConfigKeys (ConfUtils.java:logGet(43)) - raft.server.watch.element-limit = 65536 (default)
2019-09-19 14:45:12,595 [a38eeb7b-34bc-498a-82af-c91824ca14e3:group-7C2534D7548E:LeaderElection22] INFO  impl.RoleInfo (RoleInfo.java:updateAndGet(143)) - a38eeb7b-34bc-498a-82af-c91824ca14e3: start LeaderState
2019-09-19 14:45:12,595 [a38eeb7b-34bc-498a-82af-c91824ca14e3:group-7C2534D7548E:LeaderElection22] INFO  segmented.SegmentedRaftLogWorker (SegmentedRaftLogWorker.java:startLogSegment(380)) - a38eeb7b-34bc-498a-82af-c91824ca14e3-SegmentedRaftLogWorker:Storage Directory /workdir/hadoop-ozone/tools/target/test-dir/MiniOzoneClusterImpl-5b0688b1-0324-4107-bf7a-97e067892599/datanode-1/data/ratis/b52e1a89-0905-4dad-8fc9-7c2534d7548e: Starting segment from index:0
2019-09-19 14:45:12,596 [a38eeb7b-34bc-498a-82af-c91824ca14e3:group-7C2534D7548E:LeaderElection22] INFO  impl.RaftServerImpl (ServerState.java:setRaftConf(361)) - a38eeb7b-34bc-498a-82af-c91824ca14e3:group-7C2534D7548E set configuration 0: [a38eeb7b-34bc-498a-82af-c91824ca14e3:192.168.5.132:42492], old=null at 0
2019-09-19 14:45:12,655 [a38eeb7b-34bc-498a-82af-c91824ca14e3-SegmentedRaftLogWorker:Storage Directory /workdir/hadoop-ozone/tools/target/test-dir/MiniOzoneClusterImpl-5b0688b1-0324-4107-bf7a-97e067892599/datanode-1/data/ratis/b52e1a89-0905-4dad-8fc9-7c2534d7548e] INFO  segmented.SegmentedRaftLogWorker (SegmentedRaftLogWorker.java:execute(569)) - a38eeb7b-34bc-498a-82af-c91824ca14e3-SegmentedRaftLogWorker:Storage Directory /workdir/hadoop-ozone/tools/target/test-dir/MiniOzoneClusterImpl-5b0688b1-0324-4107-bf7a-97e067892599/datanode-1/data/ratis/b52e1a89-0905-4dad-8fc9-7c2534d7548e: created new log segment /workdir/hadoop-ozone/tools/target/test-dir/MiniOzoneClusterImpl-5b0688b1-0324-4107-bf7a-97e067892599/datanode-1/data/ratis/b52e1a89-0905-4dad-8fc9-7c2534d7548e/current/log_inprogress_0
2019-09-19 14:45:12,728 [Thread-286] INFO  impl.FollowerState (FollowerState.java:run(106)) - a38eeb7b-34bc-498a-82af-c91824ca14e3:group-2D3316BC6E7F changes to CANDIDATE, lastRpcTime:5117, electionTimeout:5117ms
2019-09-19 14:45:12,728 [Thread-286] INFO  impl.RoleInfo (RoleInfo.java:shutdownFollowerState(121)) - a38eeb7b-34bc-498a-82af-c91824ca14e3: shutdown FollowerState
2019-09-19 14:45:12,728 [Thread-286] INFO  impl.RaftServerImpl (RaftServerImpl.java:setRole(171)) - a38eeb7b-34bc-498a-82af-c91824ca14e3:group-2D3316BC6E7F changes role from FOLLOWER to CANDIDATE at term 0 for changeToCandidate
2019-09-19 14:45:12,728 [Thread-286] INFO  impl.RoleInfo (RoleInfo.java:updateAndGet(143)) - a38eeb7b-34bc-498a-82af-c91824ca14e3: start LeaderElection
2019-09-19 14:45:12,735 [Thread-283] INFO  impl.FollowerState (FollowerState.java:run(106)) - a38eeb7b-34bc-498a-82af-c91824ca14e3:group-89DA25D099BA changes to CANDIDATE, lastRpcTime:5200, electionTimeout:5200ms
2019-09-19 14:45:12,735 [Thread-283] INFO  impl.RoleInfo (RoleInfo.java:shutdownFollowerState(121)) - a38eeb7b-34bc-498a-82af-c91824ca14e3: shutdown FollowerState
2019-09-19 14:45:12,735 [Thread-283] INFO  impl.RaftServerImpl (RaftServerImpl.java:setRole(171)) - a38eeb7b-34bc-498a-82af-c91824ca14e3:group-89DA25D099BA changes role from FOLLOWER to CANDIDATE at term 0 for changeToCandidate
2019-09-19 14:45:12,735 [Thread-283] INFO  impl.RoleInfo (RoleInfo.java:updateAndGet(143)) - a38eeb7b-34bc-498a-82af-c91824ca14e3: start LeaderElection
2019-09-19 14:45:12,755 [a38eeb7b-34bc-498a-82af-c91824ca14e3:group-2D3316BC6E7F:LeaderElection23] INFO  impl.LeaderElection (LeaderElection.java:askForVotes(181)) - a38eeb7b-34bc-498a-82af-c91824ca14e3:group-2D3316BC6E7F:LeaderElection23: begin an election at term 1 for -1: [a38eeb7b-34bc-498a-82af-c91824ca14e3:192.168.5.132:42492], old=null
2019-09-19 14:45:12,755 [a38eeb7b-34bc-498a-82af-c91824ca14e3:group-89DA25D099BA:LeaderElection24] INFO  impl.LeaderElection (LeaderElection.java:askForVotes(181)) - a38eeb7b-34bc-498a-82af-c91824ca14e3:group-89DA25D099BA:LeaderElection24: begin an election at term 1 for -1: [a38eeb7b-34bc-498a-82af-c91824ca14e3:192.168.5.132:42492], old=null
2019-09-19 14:45:12,755 [a38eeb7b-34bc-498a-82af-c91824ca14e3:group-2D3316BC6E7F:LeaderElection23] INFO  impl.RoleInfo (RoleInfo.java:shutdownLeaderElection(134)) - a38eeb7b-34bc-498a-82af-c91824ca14e3: shutdown LeaderElection
2019-09-19 14:45:12,755 [a38eeb7b-34bc-498a-82af-c91824ca14e3:group-89DA25D099BA:LeaderElection24] INFO  impl.RoleInfo (RoleInfo.java:shutdownLeaderElection(134)) - a38eeb7b-34bc-498a-82af-c91824ca14e3: shutdown LeaderElection
2019-09-19 14:45:12,755 [a38eeb7b-34bc-498a-82af-c91824ca14e3:group-2D3316BC6E7F:LeaderElection23] INFO  impl.RaftServerImpl (RaftServerImpl.java:setRole(171)) - a38eeb7b-34bc-498a-82af-c91824ca14e3:group-2D3316BC6E7F changes role from CANDIDATE to LEADER at term 1 for changeToLeader
2019-09-19 14:45:12,756 [a38eeb7b-34bc-498a-82af-c91824ca14e3:group-89DA25D099BA:LeaderElection24] INFO  impl.RaftServerImpl (RaftServerImpl.java:setRole(171)) - a38eeb7b-34bc-498a-82af-c91824ca14e3:group-89DA25D099BA changes role from CANDIDATE to LEADER at term 1 for changeToLeader
2019-09-19 14:45:12,756 [a38eeb7b-34bc-498a-82af-c91824ca14e3:group-2D3316BC6E7F:LeaderElection23] INFO  impl.RaftServerImpl (ServerState.java:setLeader(263)) - a38eeb7b-34bc-498a-82af-c91824ca14e3:group-2D3316BC6E7F change Leader from null to a38eeb7b-34bc-498a-82af-c91824ca14e3 at term 1 for becomeLeader, leader elected after 5148ms
2019-09-19 14:45:12,756 [a38eeb7b-34bc-498a-82af-c91824ca14e3:group-89DA25D099BA:LeaderElection24] INFO  impl.RaftServerImpl (ServerState.java:setLeader(263)) - a38eeb7b-34bc-498a-82af-c91824ca14e3:group-89DA25D099BA change Leader from null to a38eeb7b-34bc-498a-82af-c91824ca14e3 at term 1 for becomeLeader, leader elected after 5224ms
2019-09-19 14:45:12,756 [a38eeb7b-34bc-498a-82af-c91824ca14e3:group-2D3316BC6E7F:LeaderElection23] INFO  server.RaftServerConfigKeys (ConfUtils.java:logGet(43)) - raft.server.staging.catchup.gap = 1000 (default)
2019-09-19 14:45:12,756 [a38eeb7b-34bc-498a-82af-c91824ca14e3:group-89DA25D099BA:LeaderElection24] INFO  server.RaftServerConfigKeys (ConfUtils.java:logGet(43)) - raft.server.staging.catchup.gap = 1000 (default)
2019-09-19 14:45:12,756 [a38eeb7b-34bc-498a-82af-c91824ca14e3:group-2D3316BC6E7F:LeaderElection23] INFO  server.RaftServerConfigKeys (ConfUtils.java:logGet(43)) - raft.server.rpc.sleep.time = 25ms (default)
2019-09-19 14:45:12,757 [a38eeb7b-34bc-498a-82af-c91824ca14e3:group-89DA25D099BA:LeaderElection24] INFO  server.RaftServerConfigKeys (ConfUtils.java:logGet(43)) - raft.server.rpc.sleep.time = 25ms (default)
2019-09-19 14:45:12,757 [a38eeb7b-34bc-498a-82af-c91824ca14e3:group-2D3316BC6E7F:LeaderElection23] INFO  server.RaftServerConfigKeys (ConfUtils.java:logGet(43)) - raft.server.write.element-limit = 4096 (default)
2019-09-19 14:45:12,757 [a38eeb7b-34bc-498a-82af-c91824ca14e3:group-89DA25D099BA:LeaderElection24] INFO  server.RaftServerConfigKeys (ConfUtils.java:logGet(43)) - raft.server.write.element-limit = 4096 (default)
2019-09-19 14:45:12,757 [a38eeb7b-34bc-498a-82af-c91824ca14e3:group-2D3316BC6E7F:LeaderElection23] INFO  server.RaftServerConfigKeys (ConfUtils.java:logGet(43)) - raft.server.watch.timeout = 10s (default)
2019-09-19 14:45:12,757 [a38eeb7b-34bc-498a-82af-c91824ca14e3:group-89DA25D099BA:LeaderElection24] INFO  server.RaftServerConfigKeys (ConfUtils.java:logGet(43)) - raft.server.watch.timeout = 10s (default)
2019-09-19 14:45:12,757 [a38eeb7b-34bc-498a-82af-c91824ca14e3:group-2D3316BC6E7F:LeaderElection23] INFO  server.RaftServerConfigKeys (ConfUtils.java:logGet(43)) - raft.server.watch.timeout.denomination = 1s (default)
2019-09-19 14:45:12,757 [a38eeb7b-34bc-498a-82af-c91824ca14e3:group-89DA25D099BA:LeaderElection24] INFO  server.RaftServerConfigKeys (ConfUtils.java:logGet(43)) - raft.server.watch.timeout.denomination = 1s (default)
2019-09-19 14:45:12,758 [a38eeb7b-34bc-498a-82af-c91824ca14e3:group-2D3316BC6E7F:LeaderElection23] INFO  server.RaftServerConfigKeys (ConfUtils.java:logGet(43)) - raft.server.watch.element-limit = 65536 (default)
2019-09-19 14:45:12,758 [a38eeb7b-34bc-498a-82af-c91824ca14e3:group-89DA25D099BA:LeaderElection24] INFO  server.RaftServerConfigKeys (ConfUtils.java:logGet(43)) - raft.server.watch.element-limit = 65536 (default)
2019-09-19 14:45:12,758 [a38eeb7b-34bc-498a-82af-c91824ca14e3:group-2D3316BC6E7F:LeaderElection23] INFO  impl.RoleInfo (RoleInfo.java:updateAndGet(143)) - a38eeb7b-34bc-498a-82af-c91824ca14e3: start LeaderState
2019-09-19 14:45:12,758 [a38eeb7b-34bc-498a-82af-c91824ca14e3:group-89DA25D099BA:LeaderElection24] INFO  impl.RoleInfo (RoleInfo.java:updateAndGet(143)) - a38eeb7b-34bc-498a-82af-c91824ca14e3: start LeaderState
2019-09-19 14:45:12,758 [a38eeb7b-34bc-498a-82af-c91824ca14e3:group-2D3316BC6E7F:LeaderElection23] INFO  segmented.SegmentedRaftLogWorker (SegmentedRaftLogWorker.java:startLogSegment(380)) - a38eeb7b-34bc-498a-82af-c91824ca14e3-SegmentedRaftLogWorker:Storage Directory /workdir/hadoop-ozone/tools/target/test-dir/MiniOzoneClusterImpl-5b0688b1-0324-4107-bf7a-97e067892599/datanode-1/data/ratis/542767cc-1fe7-40a3-ab04-2d3316bc6e7f: Starting segment from index:0
2019-09-19 14:45:12,759 [a38eeb7b-34bc-498a-82af-c91824ca14e3:group-89DA25D099BA:LeaderElection24] INFO  segmented.SegmentedRaftLogWorker (SegmentedRaftLogWorker.java:startLogSegment(380)) - a38eeb7b-34bc-498a-82af-c91824ca14e3-SegmentedRaftLogWorker:Storage Directory /workdir/hadoop-ozone/tools/target/test-dir/MiniOzoneClusterImpl-5b0688b1-0324-4107-bf7a-97e067892599/datanode-1/data/ratis/2373bc75-21cc-46bd-9d37-89da25d099ba: Starting segment from index:0
2019-09-19 14:45:12,759 [a38eeb7b-34bc-498a-82af-c91824ca14e3:group-2D3316BC6E7F:LeaderElection23] INFO  impl.RaftServerImpl (ServerState.java:setRaftConf(361)) - a38eeb7b-34bc-498a-82af-c91824ca14e3:group-2D3316BC6E7F set configuration 0: [a38eeb7b-34bc-498a-82af-c91824ca14e3:192.168.5.132:42492], old=null at 0
2019-09-19 14:45:12,794 [Thread-289] INFO  impl.FollowerState (FollowerState.java:run(106)) - d074c048-3e38-4e2d-895f-3654e5a631aa:group-F8127E47D4AC changes to CANDIDATE, lastRpcTime:5091, electionTimeout:5067ms
2019-09-19 14:45:12,794 [Thread-289] INFO  impl.RoleInfo (RoleInfo.java:shutdownFollowerState(121)) - d074c048-3e38-4e2d-895f-3654e5a631aa: shutdown FollowerState
2019-09-19 14:45:12,794 [a38eeb7b-34bc-498a-82af-c91824ca14e3:group-89DA25D099BA:LeaderElection24] INFO  impl.RaftServerImpl (ServerState.java:setRaftConf(361)) - a38eeb7b-34bc-498a-82af-c91824ca14e3:group-89DA25D099BA set configuration 0: [a38eeb7b-34bc-498a-82af-c91824ca14e3:192.168.5.132:42492], old=null at 0
2019-09-19 14:45:12,795 [Thread-289] INFO  impl.RaftServerImpl (RaftServerImpl.java:setRole(171)) - d074c048-3e38-4e2d-895f-3654e5a631aa:group-F8127E47D4AC changes role from FOLLOWER to CANDIDATE at term 0 for changeToCandidate
2019-09-19 14:45:12,830 [a38eeb7b-34bc-498a-82af-c91824ca14e3-SegmentedRaftLogWorker:Storage Directory /workdir/hadoop-ozone/tools/target/test-dir/MiniOzoneClusterImpl-5b0688b1-0324-4107-bf7a-97e067892599/datanode-1/data/ratis/542767cc-1fe7-40a3-ab04-2d3316bc6e7f] INFO  segmented.SegmentedRaftLogWorker (SegmentedRaftLogWorker.java:execute(569)) - a38eeb7b-34bc-498a-82af-c91824ca14e3-SegmentedRaftLogWorker:Storage Directory /workdir/hadoop-ozone/tools/target/test-dir/MiniOzoneClusterImpl-5b0688b1-0324-4107-bf7a-97e067892599/datanode-1/data/ratis/542767cc-1fe7-40a3-ab04-2d3316bc6e7f: created new log segment /workdir/hadoop-ozone/tools/target/test-dir/MiniOzoneClusterImpl-5b0688b1-0324-4107-bf7a-97e067892599/datanode-1/data/ratis/542767cc-1fe7-40a3-ab04-2d3316bc6e7f/current/log_inprogress_0
2019-09-19 14:45:12,831 [Thread-289] INFO  impl.RoleInfo (RoleInfo.java:updateAndGet(143)) - d074c048-3e38-4e2d-895f-3654e5a631aa: start LeaderElection
2019-09-19 14:45:12,834 | INFO  | SCMAudit | user=jenkins1000 | ip=192.168.5.132 | op=SEND_HEARTBEAT {datanodeUUID=dbc49482-0539-4069-8573-d74be766be9f, command=[]} | ret=SUCCESS |  
2019-09-19 14:45:12,853 [a38eeb7b-34bc-498a-82af-c91824ca14e3-SegmentedRaftLogWorker:Storage Directory /workdir/hadoop-ozone/tools/target/test-dir/MiniOzoneClusterImpl-5b0688b1-0324-4107-bf7a-97e067892599/datanode-1/data/ratis/2373bc75-21cc-46bd-9d37-89da25d099ba] INFO  segmented.SegmentedRaftLogWorker (SegmentedRaftLogWorker.java:execute(569)) - a38eeb7b-34bc-498a-82af-c91824ca14e3-SegmentedRaftLogWorker:Storage Directory /workdir/hadoop-ozone/tools/target/test-dir/MiniOzoneClusterImpl-5b0688b1-0324-4107-bf7a-97e067892599/datanode-1/data/ratis/2373bc75-21cc-46bd-9d37-89da25d099ba: created new log segment /workdir/hadoop-ozone/tools/target/test-dir/MiniOzoneClusterImpl-5b0688b1-0324-4107-bf7a-97e067892599/datanode-1/data/ratis/2373bc75-21cc-46bd-9d37-89da25d099ba/current/log_inprogress_0
2019-09-19 14:45:12,853 [d074c048-3e38-4e2d-895f-3654e5a631aa:group-F8127E47D4AC:LeaderElection25] INFO  impl.LeaderElection (LeaderElection.java:askForVotes(181)) - d074c048-3e38-4e2d-895f-3654e5a631aa:group-F8127E47D4AC:LeaderElection25: begin an election at term 1 for -1: [d074c048-3e38-4e2d-895f-3654e5a631aa:192.168.5.132:33437], old=null
2019-09-19 14:45:12,853 [d074c048-3e38-4e2d-895f-3654e5a631aa:group-F8127E47D4AC:LeaderElection25] INFO  impl.RoleInfo (RoleInfo.java:shutdownLeaderElection(134)) - d074c048-3e38-4e2d-895f-3654e5a631aa: shutdown LeaderElection
2019-09-19 14:45:12,853 [d074c048-3e38-4e2d-895f-3654e5a631aa:group-F8127E47D4AC:LeaderElection25] INFO  impl.RaftServerImpl (RaftServerImpl.java:setRole(171)) - d074c048-3e38-4e2d-895f-3654e5a631aa:group-F8127E47D4AC changes role from CANDIDATE to LEADER at term 1 for changeToLeader
2019-09-19 14:45:12,854 [d074c048-3e38-4e2d-895f-3654e5a631aa:group-F8127E47D4AC:LeaderElection25] INFO  impl.RaftServerImpl (ServerState.java:setLeader(263)) - d074c048-3e38-4e2d-895f-3654e5a631aa:group-F8127E47D4AC change Leader from null to d074c048-3e38-4e2d-895f-3654e5a631aa at term 1 for becomeLeader, leader elected after 5160ms
2019-09-19 14:45:12,854 [d074c048-3e38-4e2d-895f-3654e5a631aa:group-F8127E47D4AC:LeaderElection25] INFO  server.RaftServerConfigKeys (ConfUtils.java:logGet(43)) - raft.server.staging.catchup.gap = 1000 (default)
2019-09-19 14:45:12,854 [d074c048-3e38-4e2d-895f-3654e5a631aa:group-F8127E47D4AC:LeaderElection25] INFO  server.RaftServerConfigKeys (ConfUtils.java:logGet(43)) - raft.server.rpc.sleep.time = 25ms (default)
2019-09-19 14:45:12,854 [d074c048-3e38-4e2d-895f-3654e5a631aa:group-F8127E47D4AC:LeaderElection25] INFO  server.RaftServerConfigKeys (ConfUtils.java:logGet(43)) - raft.server.write.element-limit = 4096 (default)
2019-09-19 14:45:12,855 [d074c048-3e38-4e2d-895f-3654e5a631aa:group-F8127E47D4AC:LeaderElection25] INFO  server.RaftServerConfigKeys (ConfUtils.java:logGet(43)) - raft.server.watch.timeout = 10s (default)
2019-09-19 14:45:12,855 [d074c048-3e38-4e2d-895f-3654e5a631aa:group-F8127E47D4AC:LeaderElection25] INFO  server.RaftServerConfigKeys (ConfUtils.java:logGet(43)) - raft.server.watch.timeout.denomination = 1s (default)
2019-09-19 14:45:12,855 [d074c048-3e38-4e2d-895f-3654e5a631aa:group-F8127E47D4AC:LeaderElection25] INFO  server.RaftServerConfigKeys (ConfUtils.java:logGet(43)) - raft.server.watch.element-limit = 65536 (default)
2019-09-19 14:45:12,855 [d074c048-3e38-4e2d-895f-3654e5a631aa:group-F8127E47D4AC:LeaderElection25] INFO  impl.RoleInfo (RoleInfo.java:updateAndGet(143)) - d074c048-3e38-4e2d-895f-3654e5a631aa: start LeaderState
2019-09-19 14:45:12,856 [d074c048-3e38-4e2d-895f-3654e5a631aa:group-F8127E47D4AC:LeaderElection25] INFO  segmented.SegmentedRaftLogWorker (SegmentedRaftLogWorker.java:startLogSegment(380)) - d074c048-3e38-4e2d-895f-3654e5a631aa-SegmentedRaftLogWorker:Storage Directory /workdir/hadoop-ozone/tools/target/test-dir/MiniOzoneClusterImpl-5b0688b1-0324-4107-bf7a-97e067892599/datanode-0/data/ratis/06b7d132-8dfd-44bd-b4ab-f8127e47d4ac: Starting segment from index:0
2019-09-19 14:45:12,856 [d074c048-3e38-4e2d-895f-3654e5a631aa:group-F8127E47D4AC:LeaderElection25] INFO  impl.RaftServerImpl (ServerState.java:setRaftConf(361)) - d074c048-3e38-4e2d-895f-3654e5a631aa:group-F8127E47D4AC set configuration 0: [d074c048-3e38-4e2d-895f-3654e5a631aa:192.168.5.132:33437], old=null at 0
2019-09-19 14:45:12,926 [d074c048-3e38-4e2d-895f-3654e5a631aa-SegmentedRaftLogWorker:Storage Directory /workdir/hadoop-ozone/tools/target/test-dir/MiniOzoneClusterImpl-5b0688b1-0324-4107-bf7a-97e067892599/datanode-0/data/ratis/06b7d132-8dfd-44bd-b4ab-f8127e47d4ac] INFO  segmented.SegmentedRaftLogWorker (SegmentedRaftLogWorker.java:execute(569)) - d074c048-3e38-4e2d-895f-3654e5a631aa-SegmentedRaftLogWorker:Storage Directory /workdir/hadoop-ozone/tools/target/test-dir/MiniOzoneClusterImpl-5b0688b1-0324-4107-bf7a-97e067892599/datanode-0/data/ratis/06b7d132-8dfd-44bd-b4ab-f8127e47d4ac: created new log segment /workdir/hadoop-ozone/tools/target/test-dir/MiniOzoneClusterImpl-5b0688b1-0324-4107-bf7a-97e067892599/datanode-0/data/ratis/06b7d132-8dfd-44bd-b4ab-f8127e47d4ac/current/log_inprogress_0
2019-09-19 14:45:12,935 [Thread-292] INFO  impl.FollowerState (FollowerState.java:run(106)) - a0762623-a339-4c04-8cb0-9d92457e5b77:group-B0ADF8839032 changes to CANDIDATE, lastRpcTime:5138, electionTimeout:5138ms
2019-09-19 14:45:12,936 [Thread-292] INFO  impl.RoleInfo (RoleInfo.java:shutdownFollowerState(121)) - a0762623-a339-4c04-8cb0-9d92457e5b77: shutdown FollowerState
2019-09-19 14:45:12,936 [Thread-292] INFO  impl.RaftServerImpl (RaftServerImpl.java:setRole(171)) - a0762623-a339-4c04-8cb0-9d92457e5b77:group-B0ADF8839032 changes role from FOLLOWER to CANDIDATE at term 0 for changeToCandidate
2019-09-19 14:45:12,936 [Thread-292] INFO  impl.RoleInfo (RoleInfo.java:updateAndGet(143)) - a0762623-a339-4c04-8cb0-9d92457e5b77: start LeaderElection
2019-09-19 14:45:12,962 [a0762623-a339-4c04-8cb0-9d92457e5b77:group-B0ADF8839032:LeaderElection26] INFO  impl.LeaderElection (LeaderElection.java:askForVotes(181)) - a0762623-a339-4c04-8cb0-9d92457e5b77:group-B0ADF8839032:LeaderElection26: begin an election at term 1 for -1: [a0762623-a339-4c04-8cb0-9d92457e5b77:192.168.5.132:35472], old=null
2019-09-19 14:45:12,962 [a0762623-a339-4c04-8cb0-9d92457e5b77:group-B0ADF8839032:LeaderElection26] INFO  impl.RoleInfo (RoleInfo.java:shutdownLeaderElection(134)) - a0762623-a339-4c04-8cb0-9d92457e5b77: shutdown LeaderElection
2019-09-19 14:45:12,962 [a0762623-a339-4c04-8cb0-9d92457e5b77:group-B0ADF8839032:LeaderElection26] INFO  impl.RaftServerImpl (RaftServerImpl.java:setRole(171)) - a0762623-a339-4c04-8cb0-9d92457e5b77:group-B0ADF8839032 changes role from CANDIDATE to LEADER at term 1 for changeToLeader
2019-09-19 14:45:12,962 [a0762623-a339-4c04-8cb0-9d92457e5b77:group-B0ADF8839032:LeaderElection26] INFO  impl.RaftServerImpl (ServerState.java:setLeader(263)) - a0762623-a339-4c04-8cb0-9d92457e5b77:group-B0ADF8839032 change Leader from null to a0762623-a339-4c04-8cb0-9d92457e5b77 at term 1 for becomeLeader, leader elected after 5174ms
2019-09-19 14:45:12,963 [a0762623-a339-4c04-8cb0-9d92457e5b77:group-B0ADF8839032:LeaderElection26] INFO  server.RaftServerConfigKeys (ConfUtils.java:logGet(43)) - raft.server.staging.catchup.gap = 1000 (default)
2019-09-19 14:45:12,963 [a0762623-a339-4c04-8cb0-9d92457e5b77:group-B0ADF8839032:LeaderElection26] INFO  server.RaftServerConfigKeys (ConfUtils.java:logGet(43)) - raft.server.rpc.sleep.time = 25ms (default)
2019-09-19 14:45:12,963 [a0762623-a339-4c04-8cb0-9d92457e5b77:group-B0ADF8839032:LeaderElection26] INFO  server.RaftServerConfigKeys (ConfUtils.java:logGet(43)) - raft.server.write.element-limit = 4096 (default)
2019-09-19 14:45:12,963 [a0762623-a339-4c04-8cb0-9d92457e5b77:group-B0ADF8839032:LeaderElection26] INFO  server.RaftServerConfigKeys (ConfUtils.java:logGet(43)) - raft.server.watch.timeout = 10s (default)
2019-09-19 14:45:12,963 [a0762623-a339-4c04-8cb0-9d92457e5b77:group-B0ADF8839032:LeaderElection26] INFO  server.RaftServerConfigKeys (ConfUtils.java:logGet(43)) - raft.server.watch.timeout.denomination = 1s (default)
2019-09-19 14:45:12,963 [a0762623-a339-4c04-8cb0-9d92457e5b77:group-B0ADF8839032:LeaderElection26] INFO  server.RaftServerConfigKeys (ConfUtils.java:logGet(43)) - raft.server.watch.element-limit = 65536 (default)
2019-09-19 14:45:12,964 [a0762623-a339-4c04-8cb0-9d92457e5b77:group-B0ADF8839032:LeaderElection26] INFO  impl.RoleInfo (RoleInfo.java:updateAndGet(143)) - a0762623-a339-4c04-8cb0-9d92457e5b77: start LeaderState
2019-09-19 14:45:12,964 [a0762623-a339-4c04-8cb0-9d92457e5b77:group-B0ADF8839032:LeaderElection26] INFO  segmented.SegmentedRaftLogWorker (SegmentedRaftLogWorker.java:startLogSegment(380)) - a0762623-a339-4c04-8cb0-9d92457e5b77-SegmentedRaftLogWorker:Storage Directory /workdir/hadoop-ozone/tools/target/test-dir/MiniOzoneClusterImpl-5b0688b1-0324-4107-bf7a-97e067892599/datanode-3/data/ratis/104780b8-b767-4546-8b6b-b0adf8839032: Starting segment from index:0
2019-09-19 14:45:12,965 [a0762623-a339-4c04-8cb0-9d92457e5b77:group-B0ADF8839032:LeaderElection26] INFO  impl.RaftServerImpl (ServerState.java:setRaftConf(361)) - a0762623-a339-4c04-8cb0-9d92457e5b77:group-B0ADF8839032 set configuration 0: [a0762623-a339-4c04-8cb0-9d92457e5b77:192.168.5.132:35472], old=null at 0
2019-09-19 14:45:12,991 [Thread-298] INFO  impl.FollowerState (FollowerState.java:run(106)) - a0762623-a339-4c04-8cb0-9d92457e5b77:group-007853382070 changes to CANDIDATE, lastRpcTime:5053, electionTimeout:5052ms
2019-09-19 14:45:12,991 [Thread-298] INFO  impl.RoleInfo (RoleInfo.java:shutdownFollowerState(121)) - a0762623-a339-4c04-8cb0-9d92457e5b77: shutdown FollowerState
2019-09-19 14:45:12,991 [Thread-298] INFO  impl.RaftServerImpl (RaftServerImpl.java:setRole(171)) - a0762623-a339-4c04-8cb0-9d92457e5b77:group-007853382070 changes role from FOLLOWER to CANDIDATE at term 0 for changeToCandidate
2019-09-19 14:45:12,991 [Thread-298] INFO  impl.RoleInfo (RoleInfo.java:updateAndGet(143)) - a0762623-a339-4c04-8cb0-9d92457e5b77: start LeaderElection
2019-09-19 14:45:13,013 [a0762623-a339-4c04-8cb0-9d92457e5b77-SegmentedRaftLogWorker:Storage Directory /workdir/hadoop-ozone/tools/target/test-dir/MiniOzoneClusterImpl-5b0688b1-0324-4107-bf7a-97e067892599/datanode-3/data/ratis/104780b8-b767-4546-8b6b-b0adf8839032] INFO  segmented.SegmentedRaftLogWorker (SegmentedRaftLogWorker.java:execute(569)) - a0762623-a339-4c04-8cb0-9d92457e5b77-SegmentedRaftLogWorker:Storage Directory /workdir/hadoop-ozone/tools/target/test-dir/MiniOzoneClusterImpl-5b0688b1-0324-4107-bf7a-97e067892599/datanode-3/data/ratis/104780b8-b767-4546-8b6b-b0adf8839032: created new log segment /workdir/hadoop-ozone/tools/target/test-dir/MiniOzoneClusterImpl-5b0688b1-0324-4107-bf7a-97e067892599/datanode-3/data/ratis/104780b8-b767-4546-8b6b-b0adf8839032/current/log_inprogress_0
2019-09-19 14:45:13,014 [a0762623-a339-4c04-8cb0-9d92457e5b77:group-007853382070:LeaderElection27] INFO  impl.LeaderElection (LeaderElection.java:askForVotes(181)) - a0762623-a339-4c04-8cb0-9d92457e5b77:group-007853382070:LeaderElection27: begin an election at term 1 for -1: [a0762623-a339-4c04-8cb0-9d92457e5b77:192.168.5.132:35472], old=null
2019-09-19 14:45:13,014 [a0762623-a339-4c04-8cb0-9d92457e5b77:group-007853382070:LeaderElection27] INFO  impl.RoleInfo (RoleInfo.java:shutdownLeaderElection(134)) - a0762623-a339-4c04-8cb0-9d92457e5b77: shutdown LeaderElection
2019-09-19 14:45:13,014 [a0762623-a339-4c04-8cb0-9d92457e5b77:group-007853382070:LeaderElection27] INFO  impl.RaftServerImpl (RaftServerImpl.java:setRole(171)) - a0762623-a339-4c04-8cb0-9d92457e5b77:group-007853382070 changes role from CANDIDATE to LEADER at term 1 for changeToLeader
2019-09-19 14:45:13,014 [a0762623-a339-4c04-8cb0-9d92457e5b77:group-007853382070:LeaderElection27] INFO  impl.RaftServerImpl (ServerState.java:setLeader(263)) - a0762623-a339-4c04-8cb0-9d92457e5b77:group-007853382070 change Leader from null to a0762623-a339-4c04-8cb0-9d92457e5b77 at term 1 for becomeLeader, leader elected after 5082ms
2019-09-19 14:45:13,014 [a0762623-a339-4c04-8cb0-9d92457e5b77:group-007853382070:LeaderElection27] INFO  server.RaftServerConfigKeys (ConfUtils.java:logGet(43)) - raft.server.staging.catchup.gap = 1000 (default)
2019-09-19 14:45:13,015 [a0762623-a339-4c04-8cb0-9d92457e5b77:group-007853382070:LeaderElection27] INFO  server.RaftServerConfigKeys (ConfUtils.java:logGet(43)) - raft.server.rpc.sleep.time = 25ms (default)
2019-09-19 14:45:13,015 [a0762623-a339-4c04-8cb0-9d92457e5b77:group-007853382070:LeaderElection27] INFO  server.RaftServerConfigKeys (ConfUtils.java:logGet(43)) - raft.server.write.element-limit = 4096 (default)
2019-09-19 14:45:13,015 [a0762623-a339-4c04-8cb0-9d92457e5b77:group-007853382070:LeaderElection27] INFO  server.RaftServerConfigKeys (ConfUtils.java:logGet(43)) - raft.server.watch.timeout = 10s (default)
2019-09-19 14:45:13,015 [a0762623-a339-4c04-8cb0-9d92457e5b77:group-007853382070:LeaderElection27] INFO  server.RaftServerConfigKeys (ConfUtils.java:logGet(43)) - raft.server.watch.timeout.denomination = 1s (default)
2019-09-19 14:45:13,015 [a0762623-a339-4c04-8cb0-9d92457e5b77:group-007853382070:LeaderElection27] INFO  server.RaftServerConfigKeys (ConfUtils.java:logGet(43)) - raft.server.watch.element-limit = 65536 (default)
2019-09-19 14:45:13,015 [a0762623-a339-4c04-8cb0-9d92457e5b77:group-007853382070:LeaderElection27] INFO  impl.RoleInfo (RoleInfo.java:updateAndGet(143)) - a0762623-a339-4c04-8cb0-9d92457e5b77: start LeaderState
2019-09-19 14:45:13,016 [a0762623-a339-4c04-8cb0-9d92457e5b77:group-007853382070:LeaderElection27] INFO  segmented.SegmentedRaftLogWorker (SegmentedRaftLogWorker.java:startLogSegment(380)) - a0762623-a339-4c04-8cb0-9d92457e5b77-SegmentedRaftLogWorker:Storage Directory /workdir/hadoop-ozone/tools/target/test-dir/MiniOzoneClusterImpl-5b0688b1-0324-4107-bf7a-97e067892599/datanode-3/data/ratis/2e83e75e-1c2e-4534-9ffd-007853382070: Starting segment from index:0
2019-09-19 14:45:13,016 [a0762623-a339-4c04-8cb0-9d92457e5b77:group-007853382070:LeaderElection27] INFO  impl.RaftServerImpl (ServerState.java:setRaftConf(361)) - a0762623-a339-4c04-8cb0-9d92457e5b77:group-007853382070 set configuration 0: [a0762623-a339-4c04-8cb0-9d92457e5b77:192.168.5.132:35472], old=null at 0
2019-09-19 14:45:13,052 [Thread-295] INFO  impl.FollowerState (FollowerState.java:run(106)) - a0762623-a339-4c04-8cb0-9d92457e5b77:group-A34E496BBBB5 changes to CANDIDATE, lastRpcTime:5183, electionTimeout:5183ms
2019-09-19 14:45:13,052 [Thread-295] INFO  impl.RoleInfo (RoleInfo.java:shutdownFollowerState(121)) - a0762623-a339-4c04-8cb0-9d92457e5b77: shutdown FollowerState
2019-09-19 14:45:13,052 [Thread-295] INFO  impl.RaftServerImpl (RaftServerImpl.java:setRole(171)) - a0762623-a339-4c04-8cb0-9d92457e5b77:group-A34E496BBBB5 changes role from FOLLOWER to CANDIDATE at term 0 for changeToCandidate
2019-09-19 14:45:13,053 [Thread-295] INFO  impl.RoleInfo (RoleInfo.java:updateAndGet(143)) - a0762623-a339-4c04-8cb0-9d92457e5b77: start LeaderElection
2019-09-19 14:45:13,056 | INFO  | SCMAudit | user=jenkins1000 | ip=192.168.5.132 | op=SEND_HEARTBEAT {datanodeUUID=7bb82aea-de54-461a-943d-5c63d8edb395, command=[]} | ret=SUCCESS |  
2019-09-19 14:45:13,087 [a0762623-a339-4c04-8cb0-9d92457e5b77-SegmentedRaftLogWorker:Storage Directory /workdir/hadoop-ozone/tools/target/test-dir/MiniOzoneClusterImpl-5b0688b1-0324-4107-bf7a-97e067892599/datanode-3/data/ratis/2e83e75e-1c2e-4534-9ffd-007853382070] INFO  segmented.SegmentedRaftLogWorker (SegmentedRaftLogWorker.java:execute(569)) - a0762623-a339-4c04-8cb0-9d92457e5b77-SegmentedRaftLogWorker:Storage Directory /workdir/hadoop-ozone/tools/target/test-dir/MiniOzoneClusterImpl-5b0688b1-0324-4107-bf7a-97e067892599/datanode-3/data/ratis/2e83e75e-1c2e-4534-9ffd-007853382070: created new log segment /workdir/hadoop-ozone/tools/target/test-dir/MiniOzoneClusterImpl-5b0688b1-0324-4107-bf7a-97e067892599/datanode-3/data/ratis/2e83e75e-1c2e-4534-9ffd-007853382070/current/log_inprogress_0
2019-09-19 14:45:13,088 [a0762623-a339-4c04-8cb0-9d92457e5b77:group-A34E496BBBB5:LeaderElection28] INFO  impl.LeaderElection (LeaderElection.java:askForVotes(181)) - a0762623-a339-4c04-8cb0-9d92457e5b77:group-A34E496BBBB5:LeaderElection28: begin an election at term 1 for -1: [a0762623-a339-4c04-8cb0-9d92457e5b77:192.168.5.132:35472], old=null
2019-09-19 14:45:13,088 [a0762623-a339-4c04-8cb0-9d92457e5b77:group-A34E496BBBB5:LeaderElection28] INFO  impl.RoleInfo (RoleInfo.java:shutdownLeaderElection(134)) - a0762623-a339-4c04-8cb0-9d92457e5b77: shutdown LeaderElection
2019-09-19 14:45:13,088 [a0762623-a339-4c04-8cb0-9d92457e5b77:group-A34E496BBBB5:LeaderElection28] INFO  impl.RaftServerImpl (RaftServerImpl.java:setRole(171)) - a0762623-a339-4c04-8cb0-9d92457e5b77:group-A34E496BBBB5 changes role from CANDIDATE to LEADER at term 1 for changeToLeader
2019-09-19 14:45:13,088 [a0762623-a339-4c04-8cb0-9d92457e5b77:group-A34E496BBBB5:LeaderElection28] INFO  impl.RaftServerImpl (ServerState.java:setLeader(263)) - a0762623-a339-4c04-8cb0-9d92457e5b77:group-A34E496BBBB5 change Leader from null to a0762623-a339-4c04-8cb0-9d92457e5b77 at term 1 for becomeLeader, leader elected after 5224ms
2019-09-19 14:45:13,089 [a0762623-a339-4c04-8cb0-9d92457e5b77:group-A34E496BBBB5:LeaderElection28] INFO  server.RaftServerConfigKeys (ConfUtils.java:logGet(43)) - raft.server.staging.catchup.gap = 1000 (default)
2019-09-19 14:45:13,089 [a0762623-a339-4c04-8cb0-9d92457e5b77:group-A34E496BBBB5:LeaderElection28] INFO  server.RaftServerConfigKeys (ConfUtils.java:logGet(43)) - raft.server.rpc.sleep.time = 25ms (default)
2019-09-19 14:45:13,089 [a0762623-a339-4c04-8cb0-9d92457e5b77:group-A34E496BBBB5:LeaderElection28] INFO  server.RaftServerConfigKeys (ConfUtils.java:logGet(43)) - raft.server.write.element-limit = 4096 (default)
2019-09-19 14:45:13,089 [a0762623-a339-4c04-8cb0-9d92457e5b77:group-A34E496BBBB5:LeaderElection28] INFO  server.RaftServerConfigKeys (ConfUtils.java:logGet(43)) - raft.server.watch.timeout = 10s (default)
2019-09-19 14:45:13,089 [a0762623-a339-4c04-8cb0-9d92457e5b77:group-A34E496BBBB5:LeaderElection28] INFO  server.RaftServerConfigKeys (ConfUtils.java:logGet(43)) - raft.server.watch.timeout.denomination = 1s (default)
2019-09-19 14:45:13,090 [a0762623-a339-4c04-8cb0-9d92457e5b77:group-A34E496BBBB5:LeaderElection28] INFO  server.RaftServerConfigKeys (ConfUtils.java:logGet(43)) - raft.server.watch.element-limit = 65536 (default)
2019-09-19 14:45:13,090 [a0762623-a339-4c04-8cb0-9d92457e5b77:group-A34E496BBBB5:LeaderElection28] INFO  impl.RoleInfo (RoleInfo.java:updateAndGet(143)) - a0762623-a339-4c04-8cb0-9d92457e5b77: start LeaderState
2019-09-19 14:45:13,090 [a0762623-a339-4c04-8cb0-9d92457e5b77:group-A34E496BBBB5:LeaderElection28] INFO  segmented.SegmentedRaftLogWorker (SegmentedRaftLogWorker.java:startLogSegment(380)) - a0762623-a339-4c04-8cb0-9d92457e5b77-SegmentedRaftLogWorker:Storage Directory /workdir/hadoop-ozone/tools/target/test-dir/MiniOzoneClusterImpl-5b0688b1-0324-4107-bf7a-97e067892599/datanode-3/data/ratis/2982c6d7-7fcf-45d7-8be4-a34e496bbbb5: Starting segment from index:0
2019-09-19 14:45:13,091 [a0762623-a339-4c04-8cb0-9d92457e5b77:group-A34E496BBBB5:LeaderElection28] INFO  impl.RaftServerImpl (ServerState.java:setRaftConf(361)) - a0762623-a339-4c04-8cb0-9d92457e5b77:group-A34E496BBBB5 set configuration 0: [a0762623-a339-4c04-8cb0-9d92457e5b77:192.168.5.132:35472], old=null at 0
2019-09-19 14:45:13,140 | INFO  | SCMAudit | user=jenkins1000 | ip=192.168.5.132 | op=SEND_HEARTBEAT {datanodeUUID=d074c048-3e38-4e2d-895f-3654e5a631aa, command=[]} | ret=SUCCESS |  
2019-09-19 14:45:13,144 [Thread-301] INFO  impl.FollowerState (FollowerState.java:run(106)) - a0762623-a339-4c04-8cb0-9d92457e5b77:group-236F43676497 changes to CANDIDATE, lastRpcTime:5131, electionTimeout:5131ms
2019-09-19 14:45:13,144 [Thread-301] INFO  impl.RoleInfo (RoleInfo.java:shutdownFollowerState(121)) - a0762623-a339-4c04-8cb0-9d92457e5b77: shutdown FollowerState
2019-09-19 14:45:13,144 [Thread-301] INFO  impl.RaftServerImpl (RaftServerImpl.java:setRole(171)) - a0762623-a339-4c04-8cb0-9d92457e5b77:group-236F43676497 changes role from FOLLOWER to CANDIDATE at term 0 for changeToCandidate
2019-09-19 14:45:13,145 [Thread-301] INFO  impl.RoleInfo (RoleInfo.java:updateAndGet(143)) - a0762623-a339-4c04-8cb0-9d92457e5b77: start LeaderElection
2019-09-19 14:45:13,148 [a0762623-a339-4c04-8cb0-9d92457e5b77-SegmentedRaftLogWorker:Storage Directory /workdir/hadoop-ozone/tools/target/test-dir/MiniOzoneClusterImpl-5b0688b1-0324-4107-bf7a-97e067892599/datanode-3/data/ratis/2982c6d7-7fcf-45d7-8be4-a34e496bbbb5] INFO  segmented.SegmentedRaftLogWorker (SegmentedRaftLogWorker.java:execute(569)) - a0762623-a339-4c04-8cb0-9d92457e5b77-SegmentedRaftLogWorker:Storage Directory /workdir/hadoop-ozone/tools/target/test-dir/MiniOzoneClusterImpl-5b0688b1-0324-4107-bf7a-97e067892599/datanode-3/data/ratis/2982c6d7-7fcf-45d7-8be4-a34e496bbbb5: created new log segment /workdir/hadoop-ozone/tools/target/test-dir/MiniOzoneClusterImpl-5b0688b1-0324-4107-bf7a-97e067892599/datanode-3/data/ratis/2982c6d7-7fcf-45d7-8be4-a34e496bbbb5/current/log_inprogress_0
2019-09-19 14:45:13,173 [a0762623-a339-4c04-8cb0-9d92457e5b77:group-236F43676497:LeaderElection29] INFO  impl.LeaderElection (LeaderElection.java:askForVotes(181)) - a0762623-a339-4c04-8cb0-9d92457e5b77:group-236F43676497:LeaderElection29: begin an election at term 1 for -1: [a0762623-a339-4c04-8cb0-9d92457e5b77:192.168.5.132:35472], old=null
2019-09-19 14:45:13,173 [a0762623-a339-4c04-8cb0-9d92457e5b77:group-236F43676497:LeaderElection29] INFO  impl.RoleInfo (RoleInfo.java:shutdownLeaderElection(134)) - a0762623-a339-4c04-8cb0-9d92457e5b77: shutdown LeaderElection
2019-09-19 14:45:13,173 [a0762623-a339-4c04-8cb0-9d92457e5b77:group-236F43676497:LeaderElection29] INFO  impl.RaftServerImpl (RaftServerImpl.java:setRole(171)) - a0762623-a339-4c04-8cb0-9d92457e5b77:group-236F43676497 changes role from CANDIDATE to LEADER at term 1 for changeToLeader
2019-09-19 14:45:13,173 [a0762623-a339-4c04-8cb0-9d92457e5b77:group-236F43676497:LeaderElection29] INFO  impl.RaftServerImpl (ServerState.java:setLeader(263)) - a0762623-a339-4c04-8cb0-9d92457e5b77:group-236F43676497 change Leader from null to a0762623-a339-4c04-8cb0-9d92457e5b77 at term 1 for becomeLeader, leader elected after 5164ms
2019-09-19 14:45:13,173 [a0762623-a339-4c04-8cb0-9d92457e5b77:group-236F43676497:LeaderElection29] INFO  server.RaftServerConfigKeys (ConfUtils.java:logGet(43)) - raft.server.staging.catchup.gap = 1000 (default)
2019-09-19 14:45:13,173 [a0762623-a339-4c04-8cb0-9d92457e5b77:group-236F43676497:LeaderElection29] INFO  server.RaftServerConfigKeys (ConfUtils.java:logGet(43)) - raft.server.rpc.sleep.time = 25ms (default)
2019-09-19 14:45:13,174 [a0762623-a339-4c04-8cb0-9d92457e5b77:group-236F43676497:LeaderElection29] INFO  server.RaftServerConfigKeys (ConfUtils.java:logGet(43)) - raft.server.write.element-limit = 4096 (default)
2019-09-19 14:45:13,174 [a0762623-a339-4c04-8cb0-9d92457e5b77:group-236F43676497:LeaderElection29] INFO  server.RaftServerConfigKeys (ConfUtils.java:logGet(43)) - raft.server.watch.timeout = 10s (default)
2019-09-19 14:45:13,174 [a0762623-a339-4c04-8cb0-9d92457e5b77:group-236F43676497:LeaderElection29] INFO  server.RaftServerConfigKeys (ConfUtils.java:logGet(43)) - raft.server.watch.timeout.denomination = 1s (default)
2019-09-19 14:45:13,174 [a0762623-a339-4c04-8cb0-9d92457e5b77:group-236F43676497:LeaderElection29] INFO  server.RaftServerConfigKeys (ConfUtils.java:logGet(43)) - raft.server.watch.element-limit = 65536 (default)
2019-09-19 14:45:13,174 [a0762623-a339-4c04-8cb0-9d92457e5b77:group-236F43676497:LeaderElection29] INFO  impl.RoleInfo (RoleInfo.java:updateAndGet(143)) - a0762623-a339-4c04-8cb0-9d92457e5b77: start LeaderState
2019-09-19 14:45:13,174 [a0762623-a339-4c04-8cb0-9d92457e5b77:group-236F43676497:LeaderElection29] INFO  segmented.SegmentedRaftLogWorker (SegmentedRaftLogWorker.java:startLogSegment(380)) - a0762623-a339-4c04-8cb0-9d92457e5b77-SegmentedRaftLogWorker:Storage Directory /workdir/hadoop-ozone/tools/target/test-dir/MiniOzoneClusterImpl-5b0688b1-0324-4107-bf7a-97e067892599/datanode-3/data/ratis/86c2df19-88ea-46f8-a8c6-236f43676497: Starting segment from index:0
2019-09-19 14:45:13,175 [a0762623-a339-4c04-8cb0-9d92457e5b77:group-236F43676497:LeaderElection29] INFO  impl.RaftServerImpl (ServerState.java:setRaftConf(361)) - a0762623-a339-4c04-8cb0-9d92457e5b77:group-236F43676497 set configuration 0: [a0762623-a339-4c04-8cb0-9d92457e5b77:192.168.5.132:35472], old=null at 0
2019-09-19 14:45:13,200 [Thread-304] INFO  impl.FollowerState (FollowerState.java:run(106)) - a0762623-a339-4c04-8cb0-9d92457e5b77:group-348C0CDAD6F8 changes to CANDIDATE, lastRpcTime:5109, electionTimeout:5096ms
2019-09-19 14:45:13,200 [Thread-304] INFO  impl.RoleInfo (RoleInfo.java:shutdownFollowerState(121)) - a0762623-a339-4c04-8cb0-9d92457e5b77: shutdown FollowerState
2019-09-19 14:45:13,200 [Thread-304] INFO  impl.RaftServerImpl (RaftServerImpl.java:setRole(171)) - a0762623-a339-4c04-8cb0-9d92457e5b77:group-348C0CDAD6F8 changes role from FOLLOWER to CANDIDATE at term 0 for changeToCandidate
2019-09-19 14:45:13,200 [Thread-304] INFO  impl.RoleInfo (RoleInfo.java:updateAndGet(143)) - a0762623-a339-4c04-8cb0-9d92457e5b77: start LeaderElection
2019-09-19 14:45:13,231 [a0762623-a339-4c04-8cb0-9d92457e5b77-SegmentedRaftLogWorker:Storage Directory /workdir/hadoop-ozone/tools/target/test-dir/MiniOzoneClusterImpl-5b0688b1-0324-4107-bf7a-97e067892599/datanode-3/data/ratis/86c2df19-88ea-46f8-a8c6-236f43676497] INFO  segmented.SegmentedRaftLogWorker (SegmentedRaftLogWorker.java:execute(569)) - a0762623-a339-4c04-8cb0-9d92457e5b77-SegmentedRaftLogWorker:Storage Directory /workdir/hadoop-ozone/tools/target/test-dir/MiniOzoneClusterImpl-5b0688b1-0324-4107-bf7a-97e067892599/datanode-3/data/ratis/86c2df19-88ea-46f8-a8c6-236f43676497: created new log segment /workdir/hadoop-ozone/tools/target/test-dir/MiniOzoneClusterImpl-5b0688b1-0324-4107-bf7a-97e067892599/datanode-3/data/ratis/86c2df19-88ea-46f8-a8c6-236f43676497/current/log_inprogress_0
2019-09-19 14:45:13,232 [a0762623-a339-4c04-8cb0-9d92457e5b77:group-348C0CDAD6F8:LeaderElection30] INFO  impl.LeaderElection (LeaderElection.java:askForVotes(181)) - a0762623-a339-4c04-8cb0-9d92457e5b77:group-348C0CDAD6F8:LeaderElection30: begin an election at term 1 for -1: [a0762623-a339-4c04-8cb0-9d92457e5b77:192.168.5.132:35472], old=null
2019-09-19 14:45:13,232 [a0762623-a339-4c04-8cb0-9d92457e5b77:group-348C0CDAD6F8:LeaderElection30] INFO  impl.RoleInfo (RoleInfo.java:shutdownLeaderElection(134)) - a0762623-a339-4c04-8cb0-9d92457e5b77: shutdown LeaderElection
2019-09-19 14:45:13,232 [a0762623-a339-4c04-8cb0-9d92457e5b77:group-348C0CDAD6F8:LeaderElection30] INFO  impl.RaftServerImpl (RaftServerImpl.java:setRole(171)) - a0762623-a339-4c04-8cb0-9d92457e5b77:group-348C0CDAD6F8 changes role from CANDIDATE to LEADER at term 1 for changeToLeader
2019-09-19 14:45:13,232 [a0762623-a339-4c04-8cb0-9d92457e5b77:group-348C0CDAD6F8:LeaderElection30] INFO  impl.RaftServerImpl (ServerState.java:setLeader(263)) - a0762623-a339-4c04-8cb0-9d92457e5b77:group-348C0CDAD6F8 change Leader from null to a0762623-a339-4c04-8cb0-9d92457e5b77 at term 1 for becomeLeader, leader elected after 5146ms
2019-09-19 14:45:13,232 [a0762623-a339-4c04-8cb0-9d92457e5b77:group-348C0CDAD6F8:LeaderElection30] INFO  server.RaftServerConfigKeys (ConfUtils.java:logGet(43)) - raft.server.staging.catchup.gap = 1000 (default)
2019-09-19 14:45:13,233 [a0762623-a339-4c04-8cb0-9d92457e5b77:group-348C0CDAD6F8:LeaderElection30] INFO  server.RaftServerConfigKeys (ConfUtils.java:logGet(43)) - raft.server.rpc.sleep.time = 25ms (default)
2019-09-19 14:45:13,233 [a0762623-a339-4c04-8cb0-9d92457e5b77:group-348C0CDAD6F8:LeaderElection30] INFO  server.RaftServerConfigKeys (ConfUtils.java:logGet(43)) - raft.server.write.element-limit = 4096 (default)
2019-09-19 14:45:13,233 [a0762623-a339-4c04-8cb0-9d92457e5b77:group-348C0CDAD6F8:LeaderElection30] INFO  server.RaftServerConfigKeys (ConfUtils.java:logGet(43)) - raft.server.watch.timeout = 10s (default)
2019-09-19 14:45:13,233 [a0762623-a339-4c04-8cb0-9d92457e5b77:group-348C0CDAD6F8:LeaderElection30] INFO  server.RaftServerConfigKeys (ConfUtils.java:logGet(43)) - raft.server.watch.timeout.denomination = 1s (default)
2019-09-19 14:45:13,233 [a0762623-a339-4c04-8cb0-9d92457e5b77:group-348C0CDAD6F8:LeaderElection30] INFO  server.RaftServerConfigKeys (ConfUtils.java:logGet(43)) - raft.server.watch.element-limit = 65536 (default)
2019-09-19 14:45:13,234 [a0762623-a339-4c04-8cb0-9d92457e5b77:group-348C0CDAD6F8:LeaderElection30] INFO  impl.RoleInfo (RoleInfo.java:updateAndGet(143)) - a0762623-a339-4c04-8cb0-9d92457e5b77: start LeaderState
2019-09-19 14:45:13,234 [a0762623-a339-4c04-8cb0-9d92457e5b77:group-348C0CDAD6F8:LeaderElection30] INFO  segmented.SegmentedRaftLogWorker (SegmentedRaftLogWorker.java:startLogSegment(380)) - a0762623-a339-4c04-8cb0-9d92457e5b77-SegmentedRaftLogWorker:Storage Directory /workdir/hadoop-ozone/tools/target/test-dir/MiniOzoneClusterImpl-5b0688b1-0324-4107-bf7a-97e067892599/datanode-3/data/ratis/3d5351f1-07db-40fe-a8aa-348c0cdad6f8: Starting segment from index:0
2019-09-19 14:45:13,235 [a0762623-a339-4c04-8cb0-9d92457e5b77:group-348C0CDAD6F8:LeaderElection30] INFO  impl.RaftServerImpl (ServerState.java:setRaftConf(361)) - a0762623-a339-4c04-8cb0-9d92457e5b77:group-348C0CDAD6F8 set configuration 0: [a0762623-a339-4c04-8cb0-9d92457e5b77:192.168.5.132:35472], old=null at 0
2019-09-19 14:45:13,282 [a0762623-a339-4c04-8cb0-9d92457e5b77-SegmentedRaftLogWorker:Storage Directory /workdir/hadoop-ozone/tools/target/test-dir/MiniOzoneClusterImpl-5b0688b1-0324-4107-bf7a-97e067892599/datanode-3/data/ratis/3d5351f1-07db-40fe-a8aa-348c0cdad6f8] INFO  segmented.SegmentedRaftLogWorker (SegmentedRaftLogWorker.java:execute(569)) - a0762623-a339-4c04-8cb0-9d92457e5b77-SegmentedRaftLogWorker:Storage Directory /workdir/hadoop-ozone/tools/target/test-dir/MiniOzoneClusterImpl-5b0688b1-0324-4107-bf7a-97e067892599/datanode-3/data/ratis/3d5351f1-07db-40fe-a8aa-348c0cdad6f8: created new log segment /workdir/hadoop-ozone/tools/target/test-dir/MiniOzoneClusterImpl-5b0688b1-0324-4107-bf7a-97e067892599/datanode-3/data/ratis/3d5351f1-07db-40fe-a8aa-348c0cdad6f8/current/log_inprogress_0
2019-09-19 14:45:13,339 | INFO  | SCMAudit | user=jenkins1000 | ip=192.168.5.132 | op=SEND_HEARTBEAT {datanodeUUID=a0762623-a339-4c04-8cb0-9d92457e5b77, command=[]} | ret=SUCCESS |  
2019-09-19 14:45:13,499 | INFO  | SCMAudit | user=jenkins1000 | ip=192.168.5.132 | op=SEND_HEARTBEAT {datanodeUUID=a38eeb7b-34bc-498a-82af-c91824ca14e3, command=[]} | ret=SUCCESS |  
2019-09-19 14:45:13,796 | INFO  | SCMAudit | user=jenkins1000 | ip=192.168.5.132 | op=SEND_HEARTBEAT {datanodeUUID=dbc49482-0539-4069-8573-d74be766be9f, command=[]} | ret=SUCCESS |  
2019-09-19 14:45:14,054 | INFO  | SCMAudit | user=jenkins1000 | ip=192.168.5.132 | op=SEND_HEARTBEAT {datanodeUUID=7bb82aea-de54-461a-943d-5c63d8edb395, command=[]} | ret=SUCCESS |  
2019-09-19 14:45:14,140 | INFO  | SCMAudit | user=jenkins1000 | ip=192.168.5.132 | op=SEND_HEARTBEAT {datanodeUUID=d074c048-3e38-4e2d-895f-3654e5a631aa, command=[]} | ret=SUCCESS |  
2019-09-19 14:45:14,339 | INFO  | SCMAudit | user=jenkins1000 | ip=192.168.5.132 | op=SEND_HEARTBEAT {datanodeUUID=a0762623-a339-4c04-8cb0-9d92457e5b77, command=[]} | ret=SUCCESS |  
2019-09-19 14:45:14,500 | INFO  | SCMAudit | user=jenkins1000 | ip=192.168.5.132 | op=SEND_HEARTBEAT {datanodeUUID=a38eeb7b-34bc-498a-82af-c91824ca14e3, command=[]} | ret=SUCCESS |  
2019-09-19 14:45:14,797 | INFO  | SCMAudit | user=jenkins1000 | ip=192.168.5.132 | op=SEND_HEARTBEAT {datanodeUUID=dbc49482-0539-4069-8573-d74be766be9f, command=[]} | ret=SUCCESS |  
2019-09-19 14:45:15,054 | INFO  | SCMAudit | user=jenkins1000 | ip=192.168.5.132 | op=SEND_HEARTBEAT {datanodeUUID=7bb82aea-de54-461a-943d-5c63d8edb395, command=[]} | ret=SUCCESS |  
2019-09-19 14:45:15,139 | INFO  | SCMAudit | user=jenkins1000 | ip=192.168.5.132 | op=SEND_HEARTBEAT {datanodeUUID=d074c048-3e38-4e2d-895f-3654e5a631aa, command=[]} | ret=SUCCESS |  
2019-09-19 14:45:15,339 | INFO  | SCMAudit | user=jenkins1000 | ip=192.168.5.132 | op=SEND_HEARTBEAT {datanodeUUID=a0762623-a339-4c04-8cb0-9d92457e5b77, command=[]} | ret=SUCCESS |  
2019-09-19 14:45:15,500 | INFO  | SCMAudit | user=jenkins1000 | ip=192.168.5.132 | op=SEND_HEARTBEAT {datanodeUUID=a38eeb7b-34bc-498a-82af-c91824ca14e3, command=[]} | ret=SUCCESS |  
2019-09-19 14:45:15,797 | INFO  | SCMAudit | user=jenkins1000 | ip=192.168.5.132 | op=SEND_HEARTBEAT {datanodeUUID=dbc49482-0539-4069-8573-d74be766be9f, command=[]} | ret=SUCCESS |  
2019-09-19 14:45:16,054 | INFO  | SCMAudit | user=jenkins1000 | ip=192.168.5.132 | op=SEND_HEARTBEAT {datanodeUUID=7bb82aea-de54-461a-943d-5c63d8edb395, command=[]} | ret=SUCCESS |  
2019-09-19 14:45:16,140 | INFO  | SCMAudit | user=jenkins1000 | ip=192.168.5.132 | op=SEND_HEARTBEAT {datanodeUUID=d074c048-3e38-4e2d-895f-3654e5a631aa, command=[]} | ret=SUCCESS |  
2019-09-19 14:45:16,340 | INFO  | SCMAudit | user=jenkins1000 | ip=192.168.5.132 | op=SEND_HEARTBEAT {datanodeUUID=a0762623-a339-4c04-8cb0-9d92457e5b77, command=[]} | ret=SUCCESS |  
]]></system-out>
    <system-err><![CDATA[Sep 19, 2019 2:44:59 PM com.sun.jersey.server.impl.application.WebApplicationImpl _initiate
INFO: Initiating Jersey application, version 'Jersey: 1.19 02/11/2015 03:25 AM'
Sep 19, 2019 2:45:00 PM com.sun.jersey.server.impl.application.WebApplicationImpl _initiate
INFO: Initiating Jersey application, version 'Jersey: 1.19 02/11/2015 03:25 AM'
Sep 19, 2019 2:45:00 PM com.sun.jersey.server.impl.application.WebApplicationImpl _initiate
INFO: Initiating Jersey application, version 'Jersey: 1.19 02/11/2015 03:25 AM'
Sep 19, 2019 2:45:01 PM com.sun.jersey.server.impl.application.WebApplicationImpl _initiate
INFO: Initiating Jersey application, version 'Jersey: 1.19 02/11/2015 03:25 AM'
Sep 19, 2019 2:45:01 PM com.sun.jersey.server.impl.application.WebApplicationImpl _initiate
INFO: Initiating Jersey application, version 'Jersey: 1.19 02/11/2015 03:25 AM'
]]></system-err>
  </testcase>
  <testcase name="standaloneTestLargeKey" classname="org.apache.hadoop.ozone.freon.TestDataValidateWithSafeByteOperations" time="10.122">
    <error message="Allocated 0 blocks. Requested 5 blocks" type="INTERNAL_ERROR org.apache.hadoop.ozone.om.exceptions.OMException">INTERNAL_ERROR org.apache.hadoop.ozone.om.exceptions.OMException: Allocated 0 blocks. Requested 5 blocks
	at org.apache.hadoop.ozone.om.protocolPB.OzoneManagerProtocolClientSideTranslatorPB.handleError(OzoneManagerProtocolClientSideTranslatorPB.java:725)
	at org.apache.hadoop.ozone.om.protocolPB.OzoneManagerProtocolClientSideTranslatorPB.openKey(OzoneManagerProtocolClientSideTranslatorPB.java:716)
	at org.apache.hadoop.ozone.client.rpc.RpcClient.createKey(RpcClient.java:615)
	at org.apache.hadoop.ozone.client.OzoneBucket.createKey(OzoneBucket.java:323)
	at org.apache.hadoop.ozone.freon.RandomKeyGenerator.createKey(RandomKeyGenerator.java:686)
	at org.apache.hadoop.ozone.freon.RandomKeyGenerator.access$1100(RandomKeyGenerator.java:87)
	at org.apache.hadoop.ozone.freon.RandomKeyGenerator$ObjectCreator.run(RandomKeyGenerator.java:606)
	at java.util.concurrent.Executors$RunnableAdapter.call(Executors.java:511)
	at java.util.concurrent.FutureTask.run(FutureTask.java:266)
	at java.util.concurrent.ThreadPoolExecutor.runWorker(ThreadPoolExecutor.java:1149)
	at java.util.concurrent.ThreadPoolExecutor$Worker.run(ThreadPoolExecutor.java:624)
	at java.lang.Thread.run(Thread.java:748)
</error>
    <system-out><![CDATA[2019-09-19 14:45:16,500 | INFO  | SCMAudit | user=jenkins1000 | ip=192.168.5.132 | op=SEND_HEARTBEAT {datanodeUUID=a38eeb7b-34bc-498a-82af-c91824ca14e3, command=[]} | ret=SUCCESS |  
2019-09-19 14:45:16,616 [main] INFO  freon.RandomKeyGenerator (RandomKeyGenerator.java:call(275)) - Number of Threads: 10
2019-09-19 14:45:16,617 [main] INFO  freon.RandomKeyGenerator (RandomKeyGenerator.java:call(280)) - Number of Volumes: 1.
2019-09-19 14:45:16,617 [main] INFO  freon.RandomKeyGenerator (RandomKeyGenerator.java:call(281)) - Number of Buckets per Volume: 1.
2019-09-19 14:45:16,617 [main] INFO  freon.RandomKeyGenerator (RandomKeyGenerator.java:call(282)) - Number of Keys per Bucket: 1.
2019-09-19 14:45:16,617 [main] INFO  freon.RandomKeyGenerator (RandomKeyGenerator.java:call(283)) - Key size: 20971520 bytes
2019-09-19 14:45:16,617 [main] INFO  freon.RandomKeyGenerator (RandomKeyGenerator.java:call(284)) - Buffer size: 4096 bytes
2019-09-19 14:45:16,619 [main] INFO  freon.RandomKeyGenerator (RandomKeyGenerator.java:call(298)) - Data validation is enabled.
2019-09-19 14:45:16,619 [pool-79-thread-1] INFO  rpc.RpcClient (RpcClient.java:createVolume(293)) - Creating Volume: vol-0-13442, with jenkins1000 as owner.
2019-09-19 14:45:16,619 [main] INFO  freon.RandomKeyGenerator (RandomKeyGenerator.java:call(304)) - Starting progress bar Thread.

 0.00% |█                                                                                                    |  0/1 Time: 0:00:002019-09-19 14:45:16,626 | INFO  | OMAudit | user=jenkins1000 | ip=127.0.0.1 | op=CREATE_VOLUME {admin=jenkins1000, owner=jenkins1000, volume=vol-0-13442, creationTime=1568904316625, quotaInBytes=1152921504606846976} | ret=SUCCESS |  
2019-09-19 14:45:16,628 | INFO  | OMAudit | user=jenkins1000 | ip=127.0.0.1 | op=READ_VOLUME {volume=vol-0-13442} | ret=SUCCESS |  
2019-09-19 14:45:16,638 [pool-79-thread-2] INFO  rpc.RpcClient (RpcClient.java:createBucket(432)) - Creating Bucket: vol-0-13442/bucket-0-98922, with Versioning false and Storage Type set to DISK and Encryption set to false 
2019-09-19 14:45:16,641 | INFO  | OMAudit | user=jenkins1000 | ip=127.0.0.1 | op=CREATE_BUCKET {volume=vol-0-13442, bucket=bucket-0-98922, acls=[user:jenkins1000:a[ACCESS], group:default:a[ACCESS]], isVersionEnabled=false, storageType=DISK, creationTime=0} | ret=SUCCESS |  
2019-09-19 14:45:16,643 | INFO  | OMAudit | user=jenkins1000 | ip=127.0.0.1 | op=READ_BUCKET {volume=vol-0-13442, bucket=bucket-0-98922} | ret=SUCCESS |  
2019-09-19 14:45:16,659 [IPC Server handler 7 on 41560] ERROR pipeline.PipelinePlacementPolicy (PipelinePlacementPolicy.java:meetCriteria(91)) - Pipeline Placement: Doesn't meet the criteria to be viable node. Heaviness: 6
2019-09-19 14:45:16,659 [IPC Server handler 7 on 41560] ERROR pipeline.PipelinePlacementPolicy (PipelinePlacementPolicy.java:meetCriteria(91)) - Pipeline Placement: Doesn't meet the criteria to be viable node. Heaviness: 6
2019-09-19 14:45:16,659 [IPC Server handler 7 on 41560] ERROR pipeline.PipelinePlacementPolicy (PipelinePlacementPolicy.java:meetCriteria(91)) - Pipeline Placement: Doesn't meet the criteria to be viable node. Heaviness: 6
2019-09-19 14:45:16,660 [IPC Server handler 7 on 41560] ERROR pipeline.PipelinePlacementPolicy (PipelinePlacementPolicy.java:meetCriteria(91)) - Pipeline Placement: Doesn't meet the criteria to be viable node. Heaviness: 6
2019-09-19 14:45:16,660 [IPC Server handler 7 on 41560] ERROR pipeline.PipelinePlacementPolicy (PipelinePlacementPolicy.java:meetCriteria(91)) - Pipeline Placement: Doesn't meet the criteria to be viable node. Heaviness: 6
2019-09-19 14:45:16,660 [IPC Server handler 7 on 41560] ERROR pipeline.PipelinePlacementPolicy (PipelinePlacementPolicy.java:filterViableNodes(146)) - Unable to find enough nodes that meet the criteria that cannot engage in more than 5 pipelines. Nodes required: 3 Found: 0, healthy nodes count inNodeManager: 5.
2019-09-19 14:45:16,660 [IPC Server handler 7 on 41560] ERROR pipeline.SCMPipelineManager (SCMPipelineManager.java:createPipeline(161)) - Pipeline creation failed due to exception: Unable to find enough nodes that meet the criteria that cannot engage in more than 5 pipelines. Nodes required: 3 Found: 0, healthy nodes count inNodeManager: 5.
2019-09-19 14:45:16,660 [IPC Server handler 7 on 41560] WARN  block.BlockManagerImpl (BlockManagerImpl.java:allocateBlock(192)) - Pipeline creation failed for type:RATIS factor:THREE. Retrying get pipelines call once.
org.apache.hadoop.hdds.scm.exceptions.SCMException: Unable to find enough nodes that meet the criteria that cannot engage in more than 5 pipelines. Nodes required: 3 Found: 0, healthy nodes count inNodeManager: 5.
	at org.apache.hadoop.hdds.scm.pipeline.PipelinePlacementPolicy.filterViableNodes(PipelinePlacementPolicy.java:147)
	at org.apache.hadoop.hdds.scm.pipeline.PipelinePlacementPolicy.chooseDatanodes(PipelinePlacementPolicy.java:170)
	at org.apache.hadoop.hdds.scm.pipeline.RatisPipelineProvider.create(RatisPipelineProvider.java:92)
	at org.apache.hadoop.hdds.scm.pipeline.PipelineFactory.create(PipelineFactory.java:57)
	at org.apache.hadoop.hdds.scm.pipeline.SCMPipelineManager.createPipeline(SCMPipelineManager.java:149)
	at org.apache.hadoop.hdds.scm.block.BlockManagerImpl.allocateBlock(BlockManagerImpl.java:190)
	at org.apache.hadoop.hdds.scm.server.SCMBlockProtocolServer.allocateBlock(SCMBlockProtocolServer.java:175)
	at org.apache.hadoop.ozone.protocolPB.ScmBlockLocationProtocolServerSideTranslatorPB.allocateScmBlock(ScmBlockLocationProtocolServerSideTranslatorPB.java:153)
	at org.apache.hadoop.ozone.protocolPB.ScmBlockLocationProtocolServerSideTranslatorPB.send(ScmBlockLocationProtocolServerSideTranslatorPB.java:112)
	at org.apache.hadoop.hdds.protocol.proto.ScmBlockLocationProtocolProtos$ScmBlockLocationProtocolService$2.callBlockingMethod(ScmBlockLocationProtocolProtos.java:13157)
	at org.apache.hadoop.ipc.ProtobufRpcEngine$Server$ProtoBufRpcInvoker.call(ProtobufRpcEngine.java:524)
	at org.apache.hadoop.ipc.RPC$Server.call(RPC.java:1025)
	at org.apache.hadoop.ipc.Server$RpcCall.run(Server.java:876)
	at org.apache.hadoop.ipc.Server$RpcCall.run(Server.java:822)
	at java.security.AccessController.doPrivileged(Native Method)
	at javax.security.auth.Subject.doAs(Subject.java:422)
	at org.apache.hadoop.security.UserGroupInformation.doAs(UserGroupInformation.java:1730)
	at org.apache.hadoop.ipc.Server$Handler.run(Server.java:2682)
2019-09-19 14:45:16,661 [IPC Server handler 7 on 41560] INFO  block.BlockManagerImpl (BlockManagerImpl.java:allocateBlock(198)) - Could not find available pipeline of type:RATIS and factor:THREE even after retrying
2019-09-19 14:45:16,661 [IPC Server handler 7 on 41560] ERROR block.BlockManagerImpl (BlockManagerImpl.java:allocateBlock(222)) - Unable to allocate a block for the size: 4194304, type: RATIS, factor: THREE
2019-09-19 14:45:16,661 [IPC Server handler 7 on 41560] ERROR pipeline.PipelinePlacementPolicy (PipelinePlacementPolicy.java:meetCriteria(91)) - Pipeline Placement: Doesn't meet the criteria to be viable node. Heaviness: 6
2019-09-19 14:45:16,662 [IPC Server handler 7 on 41560] ERROR pipeline.PipelinePlacementPolicy (PipelinePlacementPolicy.java:meetCriteria(91)) - Pipeline Placement: Doesn't meet the criteria to be viable node. Heaviness: 6
2019-09-19 14:45:16,662 [IPC Server handler 7 on 41560] ERROR pipeline.PipelinePlacementPolicy (PipelinePlacementPolicy.java:meetCriteria(91)) - Pipeline Placement: Doesn't meet the criteria to be viable node. Heaviness: 6
2019-09-19 14:45:16,662 [IPC Server handler 7 on 41560] ERROR pipeline.PipelinePlacementPolicy (PipelinePlacementPolicy.java:meetCriteria(91)) - Pipeline Placement: Doesn't meet the criteria to be viable node. Heaviness: 6
2019-09-19 14:45:16,662 [IPC Server handler 7 on 41560] ERROR pipeline.PipelinePlacementPolicy (PipelinePlacementPolicy.java:meetCriteria(91)) - Pipeline Placement: Doesn't meet the criteria to be viable node. Heaviness: 6
2019-09-19 14:45:16,662 [IPC Server handler 7 on 41560] ERROR pipeline.PipelinePlacementPolicy (PipelinePlacementPolicy.java:filterViableNodes(146)) - Unable to find enough nodes that meet the criteria that cannot engage in more than 5 pipelines. Nodes required: 3 Found: 0, healthy nodes count inNodeManager: 5.
2019-09-19 14:45:16,663 [IPC Server handler 7 on 41560] ERROR pipeline.SCMPipelineManager (SCMPipelineManager.java:createPipeline(161)) - Pipeline creation failed due to exception: Unable to find enough nodes that meet the criteria that cannot engage in more than 5 pipelines. Nodes required: 3 Found: 0, healthy nodes count inNodeManager: 5.
2019-09-19 14:45:16,663 [IPC Server handler 7 on 41560] WARN  block.BlockManagerImpl (BlockManagerImpl.java:allocateBlock(192)) - Pipeline creation failed for type:RATIS factor:THREE. Retrying get pipelines call once.
org.apache.hadoop.hdds.scm.exceptions.SCMException: Unable to find enough nodes that meet the criteria that cannot engage in more than 5 pipelines. Nodes required: 3 Found: 0, healthy nodes count inNodeManager: 5.
	at org.apache.hadoop.hdds.scm.pipeline.PipelinePlacementPolicy.filterViableNodes(PipelinePlacementPolicy.java:147)
	at org.apache.hadoop.hdds.scm.pipeline.PipelinePlacementPolicy.chooseDatanodes(PipelinePlacementPolicy.java:170)
	at org.apache.hadoop.hdds.scm.pipeline.RatisPipelineProvider.create(RatisPipelineProvider.java:92)
	at org.apache.hadoop.hdds.scm.pipeline.PipelineFactory.create(PipelineFactory.java:57)
	at org.apache.hadoop.hdds.scm.pipeline.SCMPipelineManager.createPipeline(SCMPipelineManager.java:149)
	at org.apache.hadoop.hdds.scm.block.BlockManagerImpl.allocateBlock(BlockManagerImpl.java:190)
	at org.apache.hadoop.hdds.scm.server.SCMBlockProtocolServer.allocateBlock(SCMBlockProtocolServer.java:175)
	at org.apache.hadoop.ozone.protocolPB.ScmBlockLocationProtocolServerSideTranslatorPB.allocateScmBlock(ScmBlockLocationProtocolServerSideTranslatorPB.java:153)
	at org.apache.hadoop.ozone.protocolPB.ScmBlockLocationProtocolServerSideTranslatorPB.send(ScmBlockLocationProtocolServerSideTranslatorPB.java:112)
	at org.apache.hadoop.hdds.protocol.proto.ScmBlockLocationProtocolProtos$ScmBlockLocationProtocolService$2.callBlockingMethod(ScmBlockLocationProtocolProtos.java:13157)
	at org.apache.hadoop.ipc.ProtobufRpcEngine$Server$ProtoBufRpcInvoker.call(ProtobufRpcEngine.java:524)
	at org.apache.hadoop.ipc.RPC$Server.call(RPC.java:1025)
	at org.apache.hadoop.ipc.Server$RpcCall.run(Server.java:876)
	at org.apache.hadoop.ipc.Server$RpcCall.run(Server.java:822)
	at java.security.AccessController.doPrivileged(Native Method)
	at javax.security.auth.Subject.doAs(Subject.java:422)
	at org.apache.hadoop.security.UserGroupInformation.doAs(UserGroupInformation.java:1730)
	at org.apache.hadoop.ipc.Server$Handler.run(Server.java:2682)
2019-09-19 14:45:16,665 [IPC Server handler 7 on 41560] INFO  block.BlockManagerImpl (BlockManagerImpl.java:allocateBlock(198)) - Could not find available pipeline of type:RATIS and factor:THREE even after retrying
2019-09-19 14:45:16,665 [IPC Server handler 7 on 41560] ERROR block.BlockManagerImpl (BlockManagerImpl.java:allocateBlock(222)) - Unable to allocate a block for the size: 4194304, type: RATIS, factor: THREE
2019-09-19 14:45:16,666 [IPC Server handler 7 on 41560] ERROR pipeline.PipelinePlacementPolicy (PipelinePlacementPolicy.java:meetCriteria(91)) - Pipeline Placement: Doesn't meet the criteria to be viable node. Heaviness: 6
2019-09-19 14:45:16,666 [IPC Server handler 7 on 41560] ERROR pipeline.PipelinePlacementPolicy (PipelinePlacementPolicy.java:meetCriteria(91)) - Pipeline Placement: Doesn't meet the criteria to be viable node. Heaviness: 6
2019-09-19 14:45:16,666 [IPC Server handler 7 on 41560] ERROR pipeline.PipelinePlacementPolicy (PipelinePlacementPolicy.java:meetCriteria(91)) - Pipeline Placement: Doesn't meet the criteria to be viable node. Heaviness: 6
2019-09-19 14:45:16,666 [IPC Server handler 7 on 41560] ERROR pipeline.PipelinePlacementPolicy (PipelinePlacementPolicy.java:meetCriteria(91)) - Pipeline Placement: Doesn't meet the criteria to be viable node. Heaviness: 6
2019-09-19 14:45:16,666 [IPC Server handler 7 on 41560] ERROR pipeline.PipelinePlacementPolicy (PipelinePlacementPolicy.java:meetCriteria(91)) - Pipeline Placement: Doesn't meet the criteria to be viable node. Heaviness: 6
2019-09-19 14:45:16,667 [IPC Server handler 7 on 41560] ERROR pipeline.PipelinePlacementPolicy (PipelinePlacementPolicy.java:filterViableNodes(146)) - Unable to find enough nodes that meet the criteria that cannot engage in more than 5 pipelines. Nodes required: 3 Found: 0, healthy nodes count inNodeManager: 5.
2019-09-19 14:45:16,667 [IPC Server handler 7 on 41560] ERROR pipeline.SCMPipelineManager (SCMPipelineManager.java:createPipeline(161)) - Pipeline creation failed due to exception: Unable to find enough nodes that meet the criteria that cannot engage in more than 5 pipelines. Nodes required: 3 Found: 0, healthy nodes count inNodeManager: 5.
2019-09-19 14:45:16,667 [IPC Server handler 7 on 41560] WARN  block.BlockManagerImpl (BlockManagerImpl.java:allocateBlock(192)) - Pipeline creation failed for type:RATIS factor:THREE. Retrying get pipelines call once.
org.apache.hadoop.hdds.scm.exceptions.SCMException: Unable to find enough nodes that meet the criteria that cannot engage in more than 5 pipelines. Nodes required: 3 Found: 0, healthy nodes count inNodeManager: 5.
	at org.apache.hadoop.hdds.scm.pipeline.PipelinePlacementPolicy.filterViableNodes(PipelinePlacementPolicy.java:147)
	at org.apache.hadoop.hdds.scm.pipeline.PipelinePlacementPolicy.chooseDatanodes(PipelinePlacementPolicy.java:170)
	at org.apache.hadoop.hdds.scm.pipeline.RatisPipelineProvider.create(RatisPipelineProvider.java:92)
	at org.apache.hadoop.hdds.scm.pipeline.PipelineFactory.create(PipelineFactory.java:57)
	at org.apache.hadoop.hdds.scm.pipeline.SCMPipelineManager.createPipeline(SCMPipelineManager.java:149)
	at org.apache.hadoop.hdds.scm.block.BlockManagerImpl.allocateBlock(BlockManagerImpl.java:190)
	at org.apache.hadoop.hdds.scm.server.SCMBlockProtocolServer.allocateBlock(SCMBlockProtocolServer.java:175)
	at org.apache.hadoop.ozone.protocolPB.ScmBlockLocationProtocolServerSideTranslatorPB.allocateScmBlock(ScmBlockLocationProtocolServerSideTranslatorPB.java:153)
	at org.apache.hadoop.ozone.protocolPB.ScmBlockLocationProtocolServerSideTranslatorPB.send(ScmBlockLocationProtocolServerSideTranslatorPB.java:112)
	at org.apache.hadoop.hdds.protocol.proto.ScmBlockLocationProtocolProtos$ScmBlockLocationProtocolService$2.callBlockingMethod(ScmBlockLocationProtocolProtos.java:13157)
	at org.apache.hadoop.ipc.ProtobufRpcEngine$Server$ProtoBufRpcInvoker.call(ProtobufRpcEngine.java:524)
	at org.apache.hadoop.ipc.RPC$Server.call(RPC.java:1025)
	at org.apache.hadoop.ipc.Server$RpcCall.run(Server.java:876)
	at org.apache.hadoop.ipc.Server$RpcCall.run(Server.java:822)
	at java.security.AccessController.doPrivileged(Native Method)
	at javax.security.auth.Subject.doAs(Subject.java:422)
	at org.apache.hadoop.security.UserGroupInformation.doAs(UserGroupInformation.java:1730)
	at org.apache.hadoop.ipc.Server$Handler.run(Server.java:2682)
2019-09-19 14:45:16,668 [IPC Server handler 7 on 41560] INFO  block.BlockManagerImpl (BlockManagerImpl.java:allocateBlock(198)) - Could not find available pipeline of type:RATIS and factor:THREE even after retrying
2019-09-19 14:45:16,668 [IPC Server handler 7 on 41560] ERROR block.BlockManagerImpl (BlockManagerImpl.java:allocateBlock(222)) - Unable to allocate a block for the size: 4194304, type: RATIS, factor: THREE
2019-09-19 14:45:16,668 [IPC Server handler 7 on 41560] ERROR pipeline.PipelinePlacementPolicy (PipelinePlacementPolicy.java:meetCriteria(91)) - Pipeline Placement: Doesn't meet the criteria to be viable node. Heaviness: 6
2019-09-19 14:45:16,668 [IPC Server handler 7 on 41560] ERROR pipeline.PipelinePlacementPolicy (PipelinePlacementPolicy.java:meetCriteria(91)) - Pipeline Placement: Doesn't meet the criteria to be viable node. Heaviness: 6
2019-09-19 14:45:16,668 [IPC Server handler 7 on 41560] ERROR pipeline.PipelinePlacementPolicy (PipelinePlacementPolicy.java:meetCriteria(91)) - Pipeline Placement: Doesn't meet the criteria to be viable node. Heaviness: 6
2019-09-19 14:45:16,669 [IPC Server handler 7 on 41560] ERROR pipeline.PipelinePlacementPolicy (PipelinePlacementPolicy.java:meetCriteria(91)) - Pipeline Placement: Doesn't meet the criteria to be viable node. Heaviness: 6
2019-09-19 14:45:16,669 [IPC Server handler 7 on 41560] ERROR pipeline.PipelinePlacementPolicy (PipelinePlacementPolicy.java:meetCriteria(91)) - Pipeline Placement: Doesn't meet the criteria to be viable node. Heaviness: 6
2019-09-19 14:45:16,669 [IPC Server handler 7 on 41560] ERROR pipeline.PipelinePlacementPolicy (PipelinePlacementPolicy.java:filterViableNodes(146)) - Unable to find enough nodes that meet the criteria that cannot engage in more than 5 pipelines. Nodes required: 3 Found: 0, healthy nodes count inNodeManager: 5.
2019-09-19 14:45:16,669 [IPC Server handler 7 on 41560] ERROR pipeline.SCMPipelineManager (SCMPipelineManager.java:createPipeline(161)) - Pipeline creation failed due to exception: Unable to find enough nodes that meet the criteria that cannot engage in more than 5 pipelines. Nodes required: 3 Found: 0, healthy nodes count inNodeManager: 5.
2019-09-19 14:45:16,669 [IPC Server handler 7 on 41560] WARN  block.BlockManagerImpl (BlockManagerImpl.java:allocateBlock(192)) - Pipeline creation failed for type:RATIS factor:THREE. Retrying get pipelines call once.
org.apache.hadoop.hdds.scm.exceptions.SCMException: Unable to find enough nodes that meet the criteria that cannot engage in more than 5 pipelines. Nodes required: 3 Found: 0, healthy nodes count inNodeManager: 5.
	at org.apache.hadoop.hdds.scm.pipeline.PipelinePlacementPolicy.filterViableNodes(PipelinePlacementPolicy.java:147)
	at org.apache.hadoop.hdds.scm.pipeline.PipelinePlacementPolicy.chooseDatanodes(PipelinePlacementPolicy.java:170)
	at org.apache.hadoop.hdds.scm.pipeline.RatisPipelineProvider.create(RatisPipelineProvider.java:92)
	at org.apache.hadoop.hdds.scm.pipeline.PipelineFactory.create(PipelineFactory.java:57)
	at org.apache.hadoop.hdds.scm.pipeline.SCMPipelineManager.createPipeline(SCMPipelineManager.java:149)
	at org.apache.hadoop.hdds.scm.block.BlockManagerImpl.allocateBlock(BlockManagerImpl.java:190)
	at org.apache.hadoop.hdds.scm.server.SCMBlockProtocolServer.allocateBlock(SCMBlockProtocolServer.java:175)
	at org.apache.hadoop.ozone.protocolPB.ScmBlockLocationProtocolServerSideTranslatorPB.allocateScmBlock(ScmBlockLocationProtocolServerSideTranslatorPB.java:153)
	at org.apache.hadoop.ozone.protocolPB.ScmBlockLocationProtocolServerSideTranslatorPB.send(ScmBlockLocationProtocolServerSideTranslatorPB.java:112)
	at org.apache.hadoop.hdds.protocol.proto.ScmBlockLocationProtocolProtos$ScmBlockLocationProtocolService$2.callBlockingMethod(ScmBlockLocationProtocolProtos.java:13157)
	at org.apache.hadoop.ipc.ProtobufRpcEngine$Server$ProtoBufRpcInvoker.call(ProtobufRpcEngine.java:524)
	at org.apache.hadoop.ipc.RPC$Server.call(RPC.java:1025)
	at org.apache.hadoop.ipc.Server$RpcCall.run(Server.java:876)
	at org.apache.hadoop.ipc.Server$RpcCall.run(Server.java:822)
	at java.security.AccessController.doPrivileged(Native Method)
	at javax.security.auth.Subject.doAs(Subject.java:422)
	at org.apache.hadoop.security.UserGroupInformation.doAs(UserGroupInformation.java:1730)
	at org.apache.hadoop.ipc.Server$Handler.run(Server.java:2682)
2019-09-19 14:45:16,670 [IPC Server handler 7 on 41560] INFO  block.BlockManagerImpl (BlockManagerImpl.java:allocateBlock(198)) - Could not find available pipeline of type:RATIS and factor:THREE even after retrying
2019-09-19 14:45:16,670 [IPC Server handler 7 on 41560] ERROR block.BlockManagerImpl (BlockManagerImpl.java:allocateBlock(222)) - Unable to allocate a block for the size: 4194304, type: RATIS, factor: THREE
2019-09-19 14:45:16,670 [IPC Server handler 7 on 41560] ERROR pipeline.PipelinePlacementPolicy (PipelinePlacementPolicy.java:meetCriteria(91)) - Pipeline Placement: Doesn't meet the criteria to be viable node. Heaviness: 6
2019-09-19 14:45:16,670 [IPC Server handler 7 on 41560] ERROR pipeline.PipelinePlacementPolicy (PipelinePlacementPolicy.java:meetCriteria(91)) - Pipeline Placement: Doesn't meet the criteria to be viable node. Heaviness: 6
2019-09-19 14:45:16,671 [IPC Server handler 7 on 41560] ERROR pipeline.PipelinePlacementPolicy (PipelinePlacementPolicy.java:meetCriteria(91)) - Pipeline Placement: Doesn't meet the criteria to be viable node. Heaviness: 6
2019-09-19 14:45:16,671 [IPC Server handler 7 on 41560] ERROR pipeline.PipelinePlacementPolicy (PipelinePlacementPolicy.java:meetCriteria(91)) - Pipeline Placement: Doesn't meet the criteria to be viable node. Heaviness: 6
2019-09-19 14:45:16,671 [IPC Server handler 7 on 41560] ERROR pipeline.PipelinePlacementPolicy (PipelinePlacementPolicy.java:meetCriteria(91)) - Pipeline Placement: Doesn't meet the criteria to be viable node. Heaviness: 6
2019-09-19 14:45:16,671 [IPC Server handler 7 on 41560] ERROR pipeline.PipelinePlacementPolicy (PipelinePlacementPolicy.java:filterViableNodes(146)) - Unable to find enough nodes that meet the criteria that cannot engage in more than 5 pipelines. Nodes required: 3 Found: 0, healthy nodes count inNodeManager: 5.
2019-09-19 14:45:16,671 [IPC Server handler 7 on 41560] ERROR pipeline.SCMPipelineManager (SCMPipelineManager.java:createPipeline(161)) - Pipeline creation failed due to exception: Unable to find enough nodes that meet the criteria that cannot engage in more than 5 pipelines. Nodes required: 3 Found: 0, healthy nodes count inNodeManager: 5.
2019-09-19 14:45:16,672 [IPC Server handler 7 on 41560] WARN  block.BlockManagerImpl (BlockManagerImpl.java:allocateBlock(192)) - Pipeline creation failed for type:RATIS factor:THREE. Retrying get pipelines call once.
org.apache.hadoop.hdds.scm.exceptions.SCMException: Unable to find enough nodes that meet the criteria that cannot engage in more than 5 pipelines. Nodes required: 3 Found: 0, healthy nodes count inNodeManager: 5.
	at org.apache.hadoop.hdds.scm.pipeline.PipelinePlacementPolicy.filterViableNodes(PipelinePlacementPolicy.java:147)
	at org.apache.hadoop.hdds.scm.pipeline.PipelinePlacementPolicy.chooseDatanodes(PipelinePlacementPolicy.java:170)
	at org.apache.hadoop.hdds.scm.pipeline.RatisPipelineProvider.create(RatisPipelineProvider.java:92)
	at org.apache.hadoop.hdds.scm.pipeline.PipelineFactory.create(PipelineFactory.java:57)
	at org.apache.hadoop.hdds.scm.pipeline.SCMPipelineManager.createPipeline(SCMPipelineManager.java:149)
	at org.apache.hadoop.hdds.scm.block.BlockManagerImpl.allocateBlock(BlockManagerImpl.java:190)
	at org.apache.hadoop.hdds.scm.server.SCMBlockProtocolServer.allocateBlock(SCMBlockProtocolServer.java:175)
	at org.apache.hadoop.ozone.protocolPB.ScmBlockLocationProtocolServerSideTranslatorPB.allocateScmBlock(ScmBlockLocationProtocolServerSideTranslatorPB.java:153)
	at org.apache.hadoop.ozone.protocolPB.ScmBlockLocationProtocolServerSideTranslatorPB.send(ScmBlockLocationProtocolServerSideTranslatorPB.java:112)
	at org.apache.hadoop.hdds.protocol.proto.ScmBlockLocationProtocolProtos$ScmBlockLocationProtocolService$2.callBlockingMethod(ScmBlockLocationProtocolProtos.java:13157)
	at org.apache.hadoop.ipc.ProtobufRpcEngine$Server$ProtoBufRpcInvoker.call(ProtobufRpcEngine.java:524)
	at org.apache.hadoop.ipc.RPC$Server.call(RPC.java:1025)
	at org.apache.hadoop.ipc.Server$RpcCall.run(Server.java:876)
	at org.apache.hadoop.ipc.Server$RpcCall.run(Server.java:822)
	at java.security.AccessController.doPrivileged(Native Method)
	at javax.security.auth.Subject.doAs(Subject.java:422)
	at org.apache.hadoop.security.UserGroupInformation.doAs(UserGroupInformation.java:1730)
	at org.apache.hadoop.ipc.Server$Handler.run(Server.java:2682)
2019-09-19 14:45:16,672 [IPC Server handler 7 on 41560] INFO  block.BlockManagerImpl (BlockManagerImpl.java:allocateBlock(198)) - Could not find available pipeline of type:RATIS and factor:THREE even after retrying
2019-09-19 14:45:16,672 [IPC Server handler 7 on 41560] ERROR block.BlockManagerImpl (BlockManagerImpl.java:allocateBlock(222)) - Unable to allocate a block for the size: 4194304, type: RATIS, factor: THREE
2019-09-19 14:45:16,672 | INFO  | SCMAudit | user=jenkins1000 | ip=192.168.5.132 | op=ALLOCATE_BLOCK {owner=3a7234f7-02f4-4d12-a85c-6e2111a7120e, size=4194304, type=RATIS, factor=THREE} | ret=SUCCESS |  
2019-09-19 14:45:16,673 | ERROR | OMAudit | user=jenkins1000 | ip=127.0.0.1 | op=ALLOCATE_KEY {volume=vol-0-13442, bucket=bucket-0-98922, key=key-0-34709, dataSize=20971520, replicationType=RATIS, replicationFactor=THREE, keyLocationInfo=null} | ret=FAILURE | org.apache.hadoop.hdds.scm.exceptions.SCMException: Allocated 0 blocks. Requested 5 blocks
	at org.apache.hadoop.hdds.scm.protocolPB.ScmBlockLocationProtocolClientSideTranslatorPB.handleError(ScmBlockLocationProtocolClientSideTranslatorPB.java:118)
	at org.apache.hadoop.hdds.scm.protocolPB.ScmBlockLocationProtocolClientSideTranslatorPB.allocateBlock(ScmBlockLocationProtocolClientSideTranslatorPB.java:156) 
2019-09-19 14:45:16,676 [pool-79-thread-3] ERROR freon.RandomKeyGenerator (RandomKeyGenerator.java:createKey(724)) - Exception while adding key: key-0-34709 in bucket: bucket-0-98922 of volume: vol-0-13442.
INTERNAL_ERROR org.apache.hadoop.ozone.om.exceptions.OMException: Allocated 0 blocks. Requested 5 blocks
	at org.apache.hadoop.ozone.om.protocolPB.OzoneManagerProtocolClientSideTranslatorPB.handleError(OzoneManagerProtocolClientSideTranslatorPB.java:725)
	at org.apache.hadoop.ozone.om.protocolPB.OzoneManagerProtocolClientSideTranslatorPB.openKey(OzoneManagerProtocolClientSideTranslatorPB.java:716)
	at org.apache.hadoop.ozone.client.rpc.RpcClient.createKey(RpcClient.java:615)
	at org.apache.hadoop.ozone.client.OzoneBucket.createKey(OzoneBucket.java:323)
	at org.apache.hadoop.ozone.freon.RandomKeyGenerator.createKey(RandomKeyGenerator.java:686)
	at org.apache.hadoop.ozone.freon.RandomKeyGenerator.access$1100(RandomKeyGenerator.java:87)
	at org.apache.hadoop.ozone.freon.RandomKeyGenerator$ObjectCreator.run(RandomKeyGenerator.java:606)
	at java.util.concurrent.Executors$RunnableAdapter.call(Executors.java:511)
	at java.util.concurrent.FutureTask.run(FutureTask.java:266)
	at java.util.concurrent.ThreadPoolExecutor.runWorker(ThreadPoolExecutor.java:1149)
	at java.util.concurrent.ThreadPoolExecutor$Worker.run(ThreadPoolExecutor.java:624)
	at java.lang.Thread.run(Thread.java:748)
2019-09-19 14:45:16,797 | INFO  | SCMAudit | user=jenkins1000 | ip=192.168.5.132 | op=SEND_HEARTBEAT {datanodeUUID=dbc49482-0539-4069-8573-d74be766be9f, command=[]} | ret=SUCCESS |  
2019-09-19 14:45:17,054 | INFO  | SCMAudit | user=jenkins1000 | ip=192.168.5.132 | op=SEND_HEARTBEAT {datanodeUUID=7bb82aea-de54-461a-943d-5c63d8edb395, command=[]} | ret=SUCCESS |  
2019-09-19 14:45:17,140 | INFO  | SCMAudit | user=jenkins1000 | ip=192.168.5.132 | op=SEND_HEARTBEAT {datanodeUUID=d074c048-3e38-4e2d-895f-3654e5a631aa, command=[]} | ret=SUCCESS |  
2019-09-19 14:45:17,340 | INFO  | SCMAudit | user=jenkins1000 | ip=192.168.5.132 | op=SEND_HEARTBEAT {datanodeUUID=a0762623-a339-4c04-8cb0-9d92457e5b77, command=[]} | ret=SUCCESS |  
2019-09-19 14:45:17,500 | INFO  | SCMAudit | user=jenkins1000 | ip=192.168.5.132 | op=SEND_HEARTBEAT {datanodeUUID=a38eeb7b-34bc-498a-82af-c91824ca14e3, command=[]} | ret=SUCCESS |  
 0.00% |█                                                                                                    |  0/1 Time: 0:00:012019-09-19 14:45:17,797 | INFO  | SCMAudit | user=jenkins1000 | ip=192.168.5.132 | op=SEND_HEARTBEAT {datanodeUUID=dbc49482-0539-4069-8573-d74be766be9f, command=[]} | ret=SUCCESS |  
2019-09-19 14:45:18,054 | INFO  | SCMAudit | user=jenkins1000 | ip=192.168.5.132 | op=SEND_HEARTBEAT {datanodeUUID=7bb82aea-de54-461a-943d-5c63d8edb395, command=[]} | ret=SUCCESS |  
2019-09-19 14:45:18,139 | INFO  | SCMAudit | user=jenkins1000 | ip=192.168.5.132 | op=SEND_HEARTBEAT {datanodeUUID=d074c048-3e38-4e2d-895f-3654e5a631aa, command=[]} | ret=SUCCESS |  
2019-09-19 14:45:18,342 | INFO  | SCMAudit | user=jenkins1000 | ip=192.168.5.132 | op=SEND_HEARTBEAT {datanodeUUID=a0762623-a339-4c04-8cb0-9d92457e5b77, command=[]} | ret=SUCCESS |  
2019-09-19 14:45:18,501 | INFO  | SCMAudit | user=jenkins1000 | ip=192.168.5.132 | op=SEND_HEARTBEAT {datanodeUUID=a38eeb7b-34bc-498a-82af-c91824ca14e3, command=[]} | ret=SUCCESS |  
 0.00% |█                                                                                                    |  0/1 Time: 0:00:022019-09-19 14:45:18,797 | INFO  | SCMAudit | user=jenkins1000 | ip=192.168.5.132 | op=SEND_HEARTBEAT {datanodeUUID=dbc49482-0539-4069-8573-d74be766be9f, command=[]} | ret=SUCCESS |  
2019-09-19 14:45:19,053 | INFO  | SCMAudit | user=jenkins1000 | ip=192.168.5.132 | op=SEND_HEARTBEAT {datanodeUUID=7bb82aea-de54-461a-943d-5c63d8edb395, command=[]} | ret=SUCCESS |  
2019-09-19 14:45:19,140 | INFO  | SCMAudit | user=jenkins1000 | ip=192.168.5.132 | op=SEND_HEARTBEAT {datanodeUUID=d074c048-3e38-4e2d-895f-3654e5a631aa, command=[]} | ret=SUCCESS |  
2019-09-19 14:45:19,340 | INFO  | SCMAudit | user=jenkins1000 | ip=192.168.5.132 | op=SEND_HEARTBEAT {datanodeUUID=a0762623-a339-4c04-8cb0-9d92457e5b77, command=[]} | ret=SUCCESS |  
2019-09-19 14:45:19,501 | INFO  | SCMAudit | user=jenkins1000 | ip=192.168.5.132 | op=SEND_HEARTBEAT {datanodeUUID=a38eeb7b-34bc-498a-82af-c91824ca14e3, command=[]} | ret=SUCCESS |  
 0.00% |█                                                                                                    |  0/1 Time: 0:00:032019-09-19 14:45:19,797 | INFO  | SCMAudit | user=jenkins1000 | ip=192.168.5.132 | op=SEND_HEARTBEAT {datanodeUUID=dbc49482-0539-4069-8573-d74be766be9f, command=[]} | ret=SUCCESS |  
2019-09-19 14:45:20,054 | INFO  | SCMAudit | user=jenkins1000 | ip=192.168.5.132 | op=SEND_HEARTBEAT {datanodeUUID=7bb82aea-de54-461a-943d-5c63d8edb395, command=[]} | ret=SUCCESS |  
2019-09-19 14:45:20,140 | INFO  | SCMAudit | user=jenkins1000 | ip=192.168.5.132 | op=SEND_HEARTBEAT {datanodeUUID=d074c048-3e38-4e2d-895f-3654e5a631aa, command=[]} | ret=SUCCESS |  
2019-09-19 14:45:20,340 | INFO  | SCMAudit | user=jenkins1000 | ip=192.168.5.132 | op=SEND_HEARTBEAT {datanodeUUID=a0762623-a339-4c04-8cb0-9d92457e5b77, command=[]} | ret=SUCCESS |  
2019-09-19 14:45:20,502 | INFO  | SCMAudit | user=jenkins1000 | ip=192.168.5.132 | op=SEND_HEARTBEAT {datanodeUUID=a38eeb7b-34bc-498a-82af-c91824ca14e3, command=[]} | ret=SUCCESS |  
 0.00% |█                                                                                                    |  0/1 Time: 0:00:042019-09-19 14:45:20,798 | INFO  | SCMAudit | user=jenkins1000 | ip=192.168.5.132 | op=SEND_HEARTBEAT {datanodeUUID=dbc49482-0539-4069-8573-d74be766be9f, command=[]} | ret=SUCCESS |  
2019-09-19 14:45:21,053 | INFO  | SCMAudit | user=jenkins1000 | ip=192.168.5.132 | op=SEND_HEARTBEAT {datanodeUUID=7bb82aea-de54-461a-943d-5c63d8edb395, command=[]} | ret=SUCCESS |  
2019-09-19 14:45:21,140 | INFO  | SCMAudit | user=jenkins1000 | ip=192.168.5.132 | op=SEND_HEARTBEAT {datanodeUUID=d074c048-3e38-4e2d-895f-3654e5a631aa, command=[]} | ret=SUCCESS |  
2019-09-19 14:45:21,340 | INFO  | SCMAudit | user=jenkins1000 | ip=192.168.5.132 | op=SEND_HEARTBEAT {datanodeUUID=a0762623-a339-4c04-8cb0-9d92457e5b77, command=[]} | ret=SUCCESS |  
2019-09-19 14:45:21,503 | INFO  | SCMAudit | user=jenkins1000 | ip=192.168.5.132 | op=SEND_HEARTBEAT {datanodeUUID=a38eeb7b-34bc-498a-82af-c91824ca14e3, command=[]} | ret=SUCCESS |  
 100.00% |█████████████████████████████████████████████████████████████████████████████████████████████████████|  1/1 Time: 0:00:05
2019-09-19 14:45:21,798 | INFO  | SCMAudit | user=jenkins1000 | ip=192.168.5.132 | op=SEND_HEARTBEAT {datanodeUUID=dbc49482-0539-4069-8573-d74be766be9f, command=[]} | ret=SUCCESS |  
2019-09-19 14:45:22,054 | INFO  | SCMAudit | user=jenkins1000 | ip=192.168.5.132 | op=SEND_HEARTBEAT {datanodeUUID=7bb82aea-de54-461a-943d-5c63d8edb395, command=[]} | ret=SUCCESS |  
2019-09-19 14:45:22,140 | INFO  | SCMAudit | user=jenkins1000 | ip=192.168.5.132 | op=SEND_HEARTBEAT {datanodeUUID=d074c048-3e38-4e2d-895f-3654e5a631aa, command=[]} | ret=SUCCESS |  
2019-09-19 14:45:22,341 | INFO  | SCMAudit | user=jenkins1000 | ip=192.168.5.132 | op=SEND_HEARTBEAT {datanodeUUID=a0762623-a339-4c04-8cb0-9d92457e5b77, command=[]} | ret=SUCCESS |  
2019-09-19 14:45:22,503 | INFO  | SCMAudit | user=jenkins1000 | ip=192.168.5.132 | op=SEND_HEARTBEAT {datanodeUUID=a38eeb7b-34bc-498a-82af-c91824ca14e3, command=[]} | ret=SUCCESS |  
2019-09-19 14:45:22,798 | INFO  | SCMAudit | user=jenkins1000 | ip=192.168.5.132 | op=SEND_HEARTBEAT {datanodeUUID=dbc49482-0539-4069-8573-d74be766be9f, command=[]} | ret=SUCCESS |  
2019-09-19 14:45:23,054 | INFO  | SCMAudit | user=jenkins1000 | ip=192.168.5.132 | op=SEND_HEARTBEAT {datanodeUUID=7bb82aea-de54-461a-943d-5c63d8edb395, command=[]} | ret=SUCCESS |  
2019-09-19 14:45:23,139 | INFO  | SCMAudit | user=jenkins1000 | ip=192.168.5.132 | op=SEND_HEARTBEAT {datanodeUUID=d074c048-3e38-4e2d-895f-3654e5a631aa, command=[]} | ret=SUCCESS |  
2019-09-19 14:45:23,341 | INFO  | SCMAudit | user=jenkins1000 | ip=192.168.5.132 | op=SEND_HEARTBEAT {datanodeUUID=a0762623-a339-4c04-8cb0-9d92457e5b77, command=[]} | ret=SUCCESS |  
2019-09-19 14:45:23,503 | INFO  | SCMAudit | user=jenkins1000 | ip=192.168.5.132 | op=SEND_HEARTBEAT {datanodeUUID=a38eeb7b-34bc-498a-82af-c91824ca14e3, command=[]} | ret=SUCCESS |  
2019-09-19 14:45:23,798 | INFO  | SCMAudit | user=jenkins1000 | ip=192.168.5.132 | op=SEND_HEARTBEAT {datanodeUUID=dbc49482-0539-4069-8573-d74be766be9f, command=[]} | ret=SUCCESS |  
2019-09-19 14:45:24,054 | INFO  | SCMAudit | user=jenkins1000 | ip=192.168.5.132 | op=SEND_HEARTBEAT {datanodeUUID=7bb82aea-de54-461a-943d-5c63d8edb395, command=[]} | ret=SUCCESS |  
2019-09-19 14:45:24,139 | INFO  | SCMAudit | user=jenkins1000 | ip=192.168.5.132 | op=SEND_HEARTBEAT {datanodeUUID=d074c048-3e38-4e2d-895f-3654e5a631aa, command=[]} | ret=SUCCESS |  
2019-09-19 14:45:24,340 | INFO  | SCMAudit | user=jenkins1000 | ip=192.168.5.132 | op=SEND_HEARTBEAT {datanodeUUID=a0762623-a339-4c04-8cb0-9d92457e5b77, command=[]} | ret=SUCCESS |  
2019-09-19 14:45:24,503 | INFO  | SCMAudit | user=jenkins1000 | ip=192.168.5.132 | op=SEND_HEARTBEAT {datanodeUUID=a38eeb7b-34bc-498a-82af-c91824ca14e3, command=[]} | ret=SUCCESS |  
2019-09-19 14:45:24,799 | INFO  | SCMAudit | user=jenkins1000 | ip=192.168.5.132 | op=SEND_HEARTBEAT {datanodeUUID=dbc49482-0539-4069-8573-d74be766be9f, command=[]} | ret=SUCCESS |  
2019-09-19 14:45:25,054 | INFO  | SCMAudit | user=jenkins1000 | ip=192.168.5.132 | op=SEND_HEARTBEAT {datanodeUUID=7bb82aea-de54-461a-943d-5c63d8edb395, command=[]} | ret=SUCCESS |  
2019-09-19 14:45:25,139 | INFO  | SCMAudit | user=jenkins1000 | ip=192.168.5.132 | op=SEND_HEARTBEAT {datanodeUUID=d074c048-3e38-4e2d-895f-3654e5a631aa, command=[]} | ret=SUCCESS |  
2019-09-19 14:45:25,341 | INFO  | SCMAudit | user=jenkins1000 | ip=192.168.5.132 | op=SEND_HEARTBEAT {datanodeUUID=a0762623-a339-4c04-8cb0-9d92457e5b77, command=[]} | ret=SUCCESS |  
2019-09-19 14:45:25,503 | INFO  | SCMAudit | user=jenkins1000 | ip=192.168.5.132 | op=SEND_HEARTBEAT {datanodeUUID=a38eeb7b-34bc-498a-82af-c91824ca14e3, command=[]} | ret=SUCCESS |  
2019-09-19 14:45:25,798 | INFO  | SCMAudit | user=jenkins1000 | ip=192.168.5.132 | op=SEND_HEARTBEAT {datanodeUUID=dbc49482-0539-4069-8573-d74be766be9f, command=[]} | ret=SUCCESS |  
2019-09-19 14:45:26,054 | INFO  | SCMAudit | user=jenkins1000 | ip=192.168.5.132 | op=SEND_HEARTBEAT {datanodeUUID=7bb82aea-de54-461a-943d-5c63d8edb395, command=[]} | ret=SUCCESS |  
2019-09-19 14:45:26,140 | INFO  | SCMAudit | user=jenkins1000 | ip=192.168.5.132 | op=SEND_HEARTBEAT {datanodeUUID=d074c048-3e38-4e2d-895f-3654e5a631aa, command=[]} | ret=SUCCESS |  
2019-09-19 14:45:26,341 | INFO  | SCMAudit | user=jenkins1000 | ip=192.168.5.132 | op=SEND_HEARTBEAT {datanodeUUID=a0762623-a339-4c04-8cb0-9d92457e5b77, command=[]} | ret=SUCCESS |  
2019-09-19 14:45:26,503 | INFO  | SCMAudit | user=jenkins1000 | ip=192.168.5.132 | op=SEND_HEARTBEAT {datanodeUUID=a38eeb7b-34bc-498a-82af-c91824ca14e3, command=[]} | ret=SUCCESS |  
]]></system-out>
  </testcase>
  <testcase name="validateWriteTest" classname="org.apache.hadoop.ozone.freon.TestDataValidateWithSafeByteOperations" time="10.019">
    <error message="Allocated 0 blocks. Requested 1 blocks" type="INTERNAL_ERROR org.apache.hadoop.ozone.om.exceptions.OMException">INTERNAL_ERROR org.apache.hadoop.ozone.om.exceptions.OMException: Allocated 0 blocks. Requested 1 blocks
	at org.apache.hadoop.ozone.om.protocolPB.OzoneManagerProtocolClientSideTranslatorPB.handleError(OzoneManagerProtocolClientSideTranslatorPB.java:725)
	at org.apache.hadoop.ozone.om.protocolPB.OzoneManagerProtocolClientSideTranslatorPB.openKey(OzoneManagerProtocolClientSideTranslatorPB.java:716)
	at org.apache.hadoop.ozone.client.rpc.RpcClient.createKey(RpcClient.java:615)
	at org.apache.hadoop.ozone.client.OzoneBucket.createKey(OzoneBucket.java:323)
	at org.apache.hadoop.ozone.freon.RandomKeyGenerator.createKey(RandomKeyGenerator.java:686)
	at org.apache.hadoop.ozone.freon.RandomKeyGenerator.access$1100(RandomKeyGenerator.java:87)
	at org.apache.hadoop.ozone.freon.RandomKeyGenerator$ObjectCreator.run(RandomKeyGenerator.java:606)
	at java.util.concurrent.Executors$RunnableAdapter.call(Executors.java:511)
	at java.util.concurrent.FutureTask.run(FutureTask.java:266)
	at java.util.concurrent.ThreadPoolExecutor.runWorker(ThreadPoolExecutor.java:1149)
	at java.util.concurrent.ThreadPoolExecutor$Worker.run(ThreadPoolExecutor.java:624)
	at java.lang.Thread.run(Thread.java:748)
</error>
    <system-out><![CDATA[2019-09-19 14:45:26,635 [main] INFO  freon.RandomKeyGenerator (RandomKeyGenerator.java:call(275)) - Number of Threads: 10
2019-09-19 14:45:26,635 [main] INFO  freon.RandomKeyGenerator (RandomKeyGenerator.java:call(280)) - Number of Volumes: 2.
2019-09-19 14:45:26,636 [main] INFO  freon.RandomKeyGenerator (RandomKeyGenerator.java:call(281)) - Number of Buckets per Volume: 5.
2019-09-19 14:45:26,636 [main] INFO  freon.RandomKeyGenerator (RandomKeyGenerator.java:call(282)) - Number of Keys per Bucket: 10.
2019-09-19 14:45:26,636 [main] INFO  freon.RandomKeyGenerator (RandomKeyGenerator.java:call(283)) - Key size: 10240 bytes
2019-09-19 14:45:26,636 [main] INFO  freon.RandomKeyGenerator (RandomKeyGenerator.java:call(284)) - Buffer size: 4096 bytes
2019-09-19 14:45:26,637 [pool-80-thread-2] INFO  rpc.RpcClient (RpcClient.java:createVolume(293)) - Creating Volume: vol-1-62673, with jenkins1000 as owner.
2019-09-19 14:45:26,637 [pool-80-thread-1] INFO  rpc.RpcClient (RpcClient.java:createVolume(293)) - Creating Volume: vol-0-35863, with jenkins1000 as owner.
2019-09-19 14:45:26,639 [main] INFO  freon.RandomKeyGenerator (RandomKeyGenerator.java:call(298)) - Data validation is enabled.
2019-09-19 14:45:26,639 [main] INFO  freon.RandomKeyGenerator (RandomKeyGenerator.java:call(304)) - Starting progress bar Thread.

 0.00% |█                                                                                                    |  0/100 Time: 0:00:002019-09-19 14:45:26,640 | INFO  | OMAudit | user=jenkins1000 | ip=127.0.0.1 | op=CREATE_VOLUME {admin=jenkins1000, owner=jenkins1000, volume=vol-1-62673, creationTime=1568904326640, quotaInBytes=1152921504606846976} | ret=SUCCESS |  
2019-09-19 14:45:26,640 | INFO  | OMAudit | user=jenkins1000 | ip=127.0.0.1 | op=CREATE_VOLUME {admin=jenkins1000, owner=jenkins1000, volume=vol-0-35863, creationTime=1568904326640, quotaInBytes=1152921504606846976} | ret=SUCCESS |  
2019-09-19 14:45:26,644 | INFO  | OMAudit | user=jenkins1000 | ip=127.0.0.1 | op=READ_VOLUME {volume=vol-1-62673} | ret=SUCCESS |  
2019-09-19 14:45:26,644 | INFO  | OMAudit | user=jenkins1000 | ip=127.0.0.1 | op=READ_VOLUME {volume=vol-0-35863} | ret=SUCCESS |  
2019-09-19 14:45:26,647 [pool-80-thread-4] INFO  rpc.RpcClient (RpcClient.java:createBucket(432)) - Creating Bucket: vol-1-62673/bucket-0-15185, with Versioning false and Storage Type set to DISK and Encryption set to false 
2019-09-19 14:45:26,648 [pool-80-thread-1] INFO  rpc.RpcClient (RpcClient.java:createBucket(432)) - Creating Bucket: vol-1-62673/bucket-4-59739, with Versioning false and Storage Type set to DISK and Encryption set to false 
2019-09-19 14:45:26,648 [pool-80-thread-7] INFO  rpc.RpcClient (RpcClient.java:createBucket(432)) - Creating Bucket: vol-0-35863/bucket-2-61902, with Versioning false and Storage Type set to DISK and Encryption set to false 
2019-09-19 14:45:26,648 [pool-80-thread-6] INFO  rpc.RpcClient (RpcClient.java:createBucket(432)) - Creating Bucket: vol-1-62673/bucket-1-00071, with Versioning false and Storage Type set to DISK and Encryption set to false 
2019-09-19 14:45:26,648 [pool-80-thread-8] INFO  rpc.RpcClient (RpcClient.java:createBucket(432)) - Creating Bucket: vol-1-62673/bucket-2-35445, with Versioning false and Storage Type set to DISK and Encryption set to false 
2019-09-19 14:45:26,649 [pool-80-thread-9] INFO  rpc.RpcClient (RpcClient.java:createBucket(432)) - Creating Bucket: vol-0-35863/bucket-3-39879, with Versioning false and Storage Type set to DISK and Encryption set to false 
2019-09-19 14:45:26,649 [pool-80-thread-10] INFO  rpc.RpcClient (RpcClient.java:createBucket(432)) - Creating Bucket: vol-1-62673/bucket-3-64304, with Versioning false and Storage Type set to DISK and Encryption set to false 
2019-09-19 14:45:26,649 | INFO  | OMAudit | user=jenkins1000 | ip=127.0.0.1 | op=CREATE_BUCKET {volume=vol-0-35863, bucket=bucket-2-61902, acls=[user:jenkins1000:a[ACCESS], group:default:a[ACCESS]], isVersionEnabled=false, storageType=DISK, creationTime=0} | ret=SUCCESS |  
2019-09-19 14:45:26,649 | INFO  | OMAudit | user=jenkins1000 | ip=127.0.0.1 | op=CREATE_BUCKET {volume=vol-1-62673, bucket=bucket-0-15185, acls=[user:jenkins1000:a[ACCESS], group:default:a[ACCESS]], isVersionEnabled=false, storageType=DISK, creationTime=0} | ret=SUCCESS |  
2019-09-19 14:45:26,650 | INFO  | OMAudit | user=jenkins1000 | ip=127.0.0.1 | op=CREATE_BUCKET {volume=vol-1-62673, bucket=bucket-4-59739, acls=[user:jenkins1000:a[ACCESS], group:default:a[ACCESS]], isVersionEnabled=false, storageType=DISK, creationTime=0} | ret=SUCCESS |  
2019-09-19 14:45:26,653 | INFO  | OMAudit | user=jenkins1000 | ip=127.0.0.1 | op=CREATE_BUCKET {volume=vol-1-62673, bucket=bucket-1-00071, acls=[user:jenkins1000:a[ACCESS], group:default:a[ACCESS]], isVersionEnabled=false, storageType=DISK, creationTime=0} | ret=SUCCESS |  
2019-09-19 14:45:26,653 | INFO  | OMAudit | user=jenkins1000 | ip=127.0.0.1 | op=READ_BUCKET {volume=vol-0-35863, bucket=bucket-2-61902} | ret=SUCCESS |  
2019-09-19 14:45:26,654 | INFO  | OMAudit | user=jenkins1000 | ip=127.0.0.1 | op=CREATE_BUCKET {volume=vol-1-62673, bucket=bucket-2-35445, acls=[user:jenkins1000:a[ACCESS], group:default:a[ACCESS]], isVersionEnabled=false, storageType=DISK, creationTime=0} | ret=SUCCESS |  
2019-09-19 14:45:26,654 | INFO  | OMAudit | user=jenkins1000 | ip=127.0.0.1 | op=CREATE_BUCKET {volume=vol-0-35863, bucket=bucket-3-39879, acls=[user:jenkins1000:a[ACCESS], group:default:a[ACCESS]], isVersionEnabled=false, storageType=DISK, creationTime=0} | ret=SUCCESS |  
2019-09-19 14:45:26,654 | INFO  | OMAudit | user=jenkins1000 | ip=127.0.0.1 | op=READ_BUCKET {volume=vol-1-62673, bucket=bucket-0-15185} | ret=SUCCESS |  
2019-09-19 14:45:26,654 | INFO  | OMAudit | user=jenkins1000 | ip=127.0.0.1 | op=CREATE_BUCKET {volume=vol-1-62673, bucket=bucket-3-64304, acls=[user:jenkins1000:a[ACCESS], group:default:a[ACCESS]], isVersionEnabled=false, storageType=DISK, creationTime=0} | ret=SUCCESS |  
2019-09-19 14:45:26,654 | INFO  | OMAudit | user=jenkins1000 | ip=127.0.0.1 | op=READ_BUCKET {volume=vol-1-62673, bucket=bucket-4-59739} | ret=SUCCESS |  
2019-09-19 14:45:26,655 | INFO  | OMAudit | user=jenkins1000 | ip=127.0.0.1 | op=READ_BUCKET {volume=vol-1-62673, bucket=bucket-1-00071} | ret=SUCCESS |  
2019-09-19 14:45:26,655 | INFO  | OMAudit | user=jenkins1000 | ip=127.0.0.1 | op=READ_BUCKET {volume=vol-1-62673, bucket=bucket-2-35445} | ret=SUCCESS |  
2019-09-19 14:45:26,655 | INFO  | OMAudit | user=jenkins1000 | ip=127.0.0.1 | op=READ_BUCKET {volume=vol-0-35863, bucket=bucket-3-39879} | ret=SUCCESS |  
2019-09-19 14:45:26,656 | INFO  | OMAudit | user=jenkins1000 | ip=127.0.0.1 | op=READ_BUCKET {volume=vol-1-62673, bucket=bucket-3-64304} | ret=SUCCESS |  
2019-09-19 14:45:26,657 [pool-80-thread-3] INFO  rpc.RpcClient (RpcClient.java:createBucket(432)) - Creating Bucket: vol-0-35863/bucket-0-61779, with Versioning false and Storage Type set to DISK and Encryption set to false 
2019-09-19 14:45:26,659 [pool-80-thread-2] INFO  rpc.RpcClient (RpcClient.java:createBucket(432)) - Creating Bucket: vol-0-35863/bucket-4-50147, with Versioning false and Storage Type set to DISK and Encryption set to false 
2019-09-19 14:45:26,659 [pool-80-thread-5] INFO  rpc.RpcClient (RpcClient.java:createBucket(432)) - Creating Bucket: vol-0-35863/bucket-1-68600, with Versioning false and Storage Type set to DISK and Encryption set to false 
2019-09-19 14:45:26,662 [IPC Server handler 7 on 41560] ERROR pipeline.PipelinePlacementPolicy (PipelinePlacementPolicy.java:meetCriteria(91)) - Pipeline Placement: Doesn't meet the criteria to be viable node. Heaviness: 6
2019-09-19 14:45:26,662 | INFO  | OMAudit | user=jenkins1000 | ip=127.0.0.1 | op=CREATE_BUCKET {volume=vol-0-35863, bucket=bucket-0-61779, acls=[user:jenkins1000:a[ACCESS], group:default:a[ACCESS]], isVersionEnabled=false, storageType=DISK, creationTime=0} | ret=SUCCESS |  
2019-09-19 14:45:26,662 [IPC Server handler 7 on 41560] ERROR pipeline.PipelinePlacementPolicy (PipelinePlacementPolicy.java:meetCriteria(91)) - Pipeline Placement: Doesn't meet the criteria to be viable node. Heaviness: 6
2019-09-19 14:45:26,662 [IPC Server handler 7 on 41560] ERROR pipeline.PipelinePlacementPolicy (PipelinePlacementPolicy.java:meetCriteria(91)) - Pipeline Placement: Doesn't meet the criteria to be viable node. Heaviness: 6
2019-09-19 14:45:26,663 [IPC Server handler 7 on 41560] ERROR pipeline.PipelinePlacementPolicy (PipelinePlacementPolicy.java:meetCriteria(91)) - Pipeline Placement: Doesn't meet the criteria to be viable node. Heaviness: 6
2019-09-19 14:45:26,663 | INFO  | OMAudit | user=jenkins1000 | ip=127.0.0.1 | op=CREATE_BUCKET {volume=vol-0-35863, bucket=bucket-4-50147, acls=[user:jenkins1000:a[ACCESS], group:default:a[ACCESS]], isVersionEnabled=false, storageType=DISK, creationTime=0} | ret=SUCCESS |  
2019-09-19 14:45:26,663 [IPC Server handler 7 on 41560] ERROR pipeline.PipelinePlacementPolicy (PipelinePlacementPolicy.java:meetCriteria(91)) - Pipeline Placement: Doesn't meet the criteria to be viable node. Heaviness: 6
2019-09-19 14:45:26,663 [IPC Server handler 7 on 41560] ERROR pipeline.PipelinePlacementPolicy (PipelinePlacementPolicy.java:filterViableNodes(146)) - Unable to find enough nodes that meet the criteria that cannot engage in more than 5 pipelines. Nodes required: 3 Found: 0, healthy nodes count inNodeManager: 5.
2019-09-19 14:45:26,663 [IPC Server handler 7 on 41560] ERROR pipeline.SCMPipelineManager (SCMPipelineManager.java:createPipeline(161)) - Pipeline creation failed due to exception: Unable to find enough nodes that meet the criteria that cannot engage in more than 5 pipelines. Nodes required: 3 Found: 0, healthy nodes count inNodeManager: 5.
2019-09-19 14:45:26,663 | INFO  | OMAudit | user=jenkins1000 | ip=127.0.0.1 | op=CREATE_BUCKET {volume=vol-0-35863, bucket=bucket-1-68600, acls=[user:jenkins1000:a[ACCESS], group:default:a[ACCESS]], isVersionEnabled=false, storageType=DISK, creationTime=0} | ret=SUCCESS |  
2019-09-19 14:45:26,663 [IPC Server handler 7 on 41560] WARN  block.BlockManagerImpl (BlockManagerImpl.java:allocateBlock(192)) - Pipeline creation failed for type:RATIS factor:THREE. Retrying get pipelines call once.
org.apache.hadoop.hdds.scm.exceptions.SCMException: Unable to find enough nodes that meet the criteria that cannot engage in more than 5 pipelines. Nodes required: 3 Found: 0, healthy nodes count inNodeManager: 5.
	at org.apache.hadoop.hdds.scm.pipeline.PipelinePlacementPolicy.filterViableNodes(PipelinePlacementPolicy.java:147)
	at org.apache.hadoop.hdds.scm.pipeline.PipelinePlacementPolicy.chooseDatanodes(PipelinePlacementPolicy.java:170)
	at org.apache.hadoop.hdds.scm.pipeline.RatisPipelineProvider.create(RatisPipelineProvider.java:92)
	at org.apache.hadoop.hdds.scm.pipeline.PipelineFactory.create(PipelineFactory.java:57)
	at org.apache.hadoop.hdds.scm.pipeline.SCMPipelineManager.createPipeline(SCMPipelineManager.java:149)
	at org.apache.hadoop.hdds.scm.block.BlockManagerImpl.allocateBlock(BlockManagerImpl.java:190)
	at org.apache.hadoop.hdds.scm.server.SCMBlockProtocolServer.allocateBlock(SCMBlockProtocolServer.java:175)
	at org.apache.hadoop.ozone.protocolPB.ScmBlockLocationProtocolServerSideTranslatorPB.allocateScmBlock(ScmBlockLocationProtocolServerSideTranslatorPB.java:153)
	at org.apache.hadoop.ozone.protocolPB.ScmBlockLocationProtocolServerSideTranslatorPB.send(ScmBlockLocationProtocolServerSideTranslatorPB.java:112)
	at org.apache.hadoop.hdds.protocol.proto.ScmBlockLocationProtocolProtos$ScmBlockLocationProtocolService$2.callBlockingMethod(ScmBlockLocationProtocolProtos.java:13157)
	at org.apache.hadoop.ipc.ProtobufRpcEngine$Server$ProtoBufRpcInvoker.call(ProtobufRpcEngine.java:524)
	at org.apache.hadoop.ipc.RPC$Server.call(RPC.java:1025)
	at org.apache.hadoop.ipc.Server$RpcCall.run(Server.java:876)
	at org.apache.hadoop.ipc.Server$RpcCall.run(Server.java:822)
	at java.security.AccessController.doPrivileged(Native Method)
	at javax.security.auth.Subject.doAs(Subject.java:422)
	at org.apache.hadoop.security.UserGroupInformation.doAs(UserGroupInformation.java:1730)
	at org.apache.hadoop.ipc.Server$Handler.run(Server.java:2682)
2019-09-19 14:45:26,664 | INFO  | OMAudit | user=jenkins1000 | ip=127.0.0.1 | op=READ_BUCKET {volume=vol-0-35863, bucket=bucket-0-61779} | ret=SUCCESS |  
2019-09-19 14:45:26,664 [IPC Server handler 1 on 41560] ERROR pipeline.PipelinePlacementPolicy (PipelinePlacementPolicy.java:meetCriteria(91)) - Pipeline Placement: Doesn't meet the criteria to be viable node. Heaviness: 6
2019-09-19 14:45:26,664 | INFO  | OMAudit | user=jenkins1000 | ip=127.0.0.1 | op=READ_BUCKET {volume=vol-0-35863, bucket=bucket-4-50147} | ret=SUCCESS |  
2019-09-19 14:45:26,664 [IPC Server handler 1 on 41560] ERROR pipeline.PipelinePlacementPolicy (PipelinePlacementPolicy.java:meetCriteria(91)) - Pipeline Placement: Doesn't meet the criteria to be viable node. Heaviness: 6
2019-09-19 14:45:26,664 [IPC Server handler 1 on 41560] ERROR pipeline.PipelinePlacementPolicy (PipelinePlacementPolicy.java:meetCriteria(91)) - Pipeline Placement: Doesn't meet the criteria to be viable node. Heaviness: 6
2019-09-19 14:45:26,664 | INFO  | OMAudit | user=jenkins1000 | ip=127.0.0.1 | op=READ_BUCKET {volume=vol-0-35863, bucket=bucket-1-68600} | ret=SUCCESS |  
2019-09-19 14:45:26,664 [IPC Server handler 1 on 41560] ERROR pipeline.PipelinePlacementPolicy (PipelinePlacementPolicy.java:meetCriteria(91)) - Pipeline Placement: Doesn't meet the criteria to be viable node. Heaviness: 6
2019-09-19 14:45:26,664 [IPC Server handler 1 on 41560] ERROR pipeline.PipelinePlacementPolicy (PipelinePlacementPolicy.java:meetCriteria(91)) - Pipeline Placement: Doesn't meet the criteria to be viable node. Heaviness: 6
2019-09-19 14:45:26,665 [IPC Server handler 1 on 41560] ERROR pipeline.PipelinePlacementPolicy (PipelinePlacementPolicy.java:filterViableNodes(146)) - Unable to find enough nodes that meet the criteria that cannot engage in more than 5 pipelines. Nodes required: 3 Found: 0, healthy nodes count inNodeManager: 5.
2019-09-19 14:45:26,665 [IPC Server handler 1 on 41560] ERROR pipeline.SCMPipelineManager (SCMPipelineManager.java:createPipeline(161)) - Pipeline creation failed due to exception: Unable to find enough nodes that meet the criteria that cannot engage in more than 5 pipelines. Nodes required: 3 Found: 0, healthy nodes count inNodeManager: 5.
2019-09-19 14:45:26,665 [IPC Server handler 1 on 41560] WARN  block.BlockManagerImpl (BlockManagerImpl.java:allocateBlock(192)) - Pipeline creation failed for type:RATIS factor:THREE. Retrying get pipelines call once.
org.apache.hadoop.hdds.scm.exceptions.SCMException: Unable to find enough nodes that meet the criteria that cannot engage in more than 5 pipelines. Nodes required: 3 Found: 0, healthy nodes count inNodeManager: 5.
	at org.apache.hadoop.hdds.scm.pipeline.PipelinePlacementPolicy.filterViableNodes(PipelinePlacementPolicy.java:147)
	at org.apache.hadoop.hdds.scm.pipeline.PipelinePlacementPolicy.chooseDatanodes(PipelinePlacementPolicy.java:170)
	at org.apache.hadoop.hdds.scm.pipeline.RatisPipelineProvider.create(RatisPipelineProvider.java:92)
	at org.apache.hadoop.hdds.scm.pipeline.PipelineFactory.create(PipelineFactory.java:57)
	at org.apache.hadoop.hdds.scm.pipeline.SCMPipelineManager.createPipeline(SCMPipelineManager.java:149)
	at org.apache.hadoop.hdds.scm.block.BlockManagerImpl.allocateBlock(BlockManagerImpl.java:190)
	at org.apache.hadoop.hdds.scm.server.SCMBlockProtocolServer.allocateBlock(SCMBlockProtocolServer.java:175)
	at org.apache.hadoop.ozone.protocolPB.ScmBlockLocationProtocolServerSideTranslatorPB.allocateScmBlock(ScmBlockLocationProtocolServerSideTranslatorPB.java:153)
	at org.apache.hadoop.ozone.protocolPB.ScmBlockLocationProtocolServerSideTranslatorPB.send(ScmBlockLocationProtocolServerSideTranslatorPB.java:112)
	at org.apache.hadoop.hdds.protocol.proto.ScmBlockLocationProtocolProtos$ScmBlockLocationProtocolService$2.callBlockingMethod(ScmBlockLocationProtocolProtos.java:13157)
	at org.apache.hadoop.ipc.ProtobufRpcEngine$Server$ProtoBufRpcInvoker.call(ProtobufRpcEngine.java:524)
	at org.apache.hadoop.ipc.RPC$Server.call(RPC.java:1025)
	at org.apache.hadoop.ipc.Server$RpcCall.run(Server.java:876)
	at org.apache.hadoop.ipc.Server$RpcCall.run(Server.java:822)
	at java.security.AccessController.doPrivileged(Native Method)
	at javax.security.auth.Subject.doAs(Subject.java:422)
	at org.apache.hadoop.security.UserGroupInformation.doAs(UserGroupInformation.java:1730)
	at org.apache.hadoop.ipc.Server$Handler.run(Server.java:2682)
2019-09-19 14:45:26,665 [IPC Server handler 3 on 41560] ERROR pipeline.PipelinePlacementPolicy (PipelinePlacementPolicy.java:meetCriteria(91)) - Pipeline Placement: Doesn't meet the criteria to be viable node. Heaviness: 6
2019-09-19 14:45:26,666 [IPC Server handler 3 on 41560] ERROR pipeline.PipelinePlacementPolicy (PipelinePlacementPolicy.java:meetCriteria(91)) - Pipeline Placement: Doesn't meet the criteria to be viable node. Heaviness: 6
2019-09-19 14:45:26,665 [IPC Server handler 7 on 41560] INFO  block.BlockManagerImpl (BlockManagerImpl.java:allocateBlock(198)) - Could not find available pipeline of type:RATIS and factor:THREE even after retrying
2019-09-19 14:45:26,666 [IPC Server handler 3 on 41560] ERROR pipeline.PipelinePlacementPolicy (PipelinePlacementPolicy.java:meetCriteria(91)) - Pipeline Placement: Doesn't meet the criteria to be viable node. Heaviness: 6
2019-09-19 14:45:26,666 [IPC Server handler 7 on 41560] ERROR block.BlockManagerImpl (BlockManagerImpl.java:allocateBlock(222)) - Unable to allocate a block for the size: 4194304, type: RATIS, factor: THREE
2019-09-19 14:45:26,666 | INFO  | SCMAudit | user=jenkins1000 | ip=192.168.5.132 | op=ALLOCATE_BLOCK {owner=3a7234f7-02f4-4d12-a85c-6e2111a7120e, size=4194304, type=RATIS, factor=THREE} | ret=SUCCESS |  
2019-09-19 14:45:26,666 [IPC Server handler 3 on 41560] ERROR pipeline.PipelinePlacementPolicy (PipelinePlacementPolicy.java:meetCriteria(91)) - Pipeline Placement: Doesn't meet the criteria to be viable node. Heaviness: 6
2019-09-19 14:45:26,667 [IPC Server handler 3 on 41560] ERROR pipeline.PipelinePlacementPolicy (PipelinePlacementPolicy.java:meetCriteria(91)) - Pipeline Placement: Doesn't meet the criteria to be viable node. Heaviness: 6
2019-09-19 14:45:26,667 [IPC Server handler 3 on 41560] ERROR pipeline.PipelinePlacementPolicy (PipelinePlacementPolicy.java:filterViableNodes(146)) - Unable to find enough nodes that meet the criteria that cannot engage in more than 5 pipelines. Nodes required: 3 Found: 0, healthy nodes count inNodeManager: 5.
2019-09-19 14:45:26,667 [IPC Server handler 3 on 41560] ERROR pipeline.SCMPipelineManager (SCMPipelineManager.java:createPipeline(161)) - Pipeline creation failed due to exception: Unable to find enough nodes that meet the criteria that cannot engage in more than 5 pipelines. Nodes required: 3 Found: 0, healthy nodes count inNodeManager: 5.
2019-09-19 14:45:26,667 [IPC Server handler 3 on 41560] WARN  block.BlockManagerImpl (BlockManagerImpl.java:allocateBlock(192)) - Pipeline creation failed for type:RATIS factor:THREE. Retrying get pipelines call once.
org.apache.hadoop.hdds.scm.exceptions.SCMException: Unable to find enough nodes that meet the criteria that cannot engage in more than 5 pipelines. Nodes required: 3 Found: 0, healthy nodes count inNodeManager: 5.
	at org.apache.hadoop.hdds.scm.pipeline.PipelinePlacementPolicy.filterViableNodes(PipelinePlacementPolicy.java:147)
	at org.apache.hadoop.hdds.scm.pipeline.PipelinePlacementPolicy.chooseDatanodes(PipelinePlacementPolicy.java:170)
	at org.apache.hadoop.hdds.scm.pipeline.RatisPipelineProvider.create(RatisPipelineProvider.java:92)
	at org.apache.hadoop.hdds.scm.pipeline.PipelineFactory.create(PipelineFactory.java:57)
	at org.apache.hadoop.hdds.scm.pipeline.SCMPipelineManager.createPipeline(SCMPipelineManager.java:149)
	at org.apache.hadoop.hdds.scm.block.BlockManagerImpl.allocateBlock(BlockManagerImpl.java:190)
	at org.apache.hadoop.hdds.scm.server.SCMBlockProtocolServer.allocateBlock(SCMBlockProtocolServer.java:175)
	at org.apache.hadoop.ozone.protocolPB.ScmBlockLocationProtocolServerSideTranslatorPB.allocateScmBlock(ScmBlockLocationProtocolServerSideTranslatorPB.java:153)
	at org.apache.hadoop.ozone.protocolPB.ScmBlockLocationProtocolServerSideTranslatorPB.send(ScmBlockLocationProtocolServerSideTranslatorPB.java:112)
	at org.apache.hadoop.hdds.protocol.proto.ScmBlockLocationProtocolProtos$ScmBlockLocationProtocolService$2.callBlockingMethod(ScmBlockLocationProtocolProtos.java:13157)
	at org.apache.hadoop.ipc.ProtobufRpcEngine$Server$ProtoBufRpcInvoker.call(ProtobufRpcEngine.java:524)
	at org.apache.hadoop.ipc.RPC$Server.call(RPC.java:1025)
	at org.apache.hadoop.ipc.Server$RpcCall.run(Server.java:876)
	at org.apache.hadoop.ipc.Server$RpcCall.run(Server.java:822)
	at java.security.AccessController.doPrivileged(Native Method)
	at javax.security.auth.Subject.doAs(Subject.java:422)
	at org.apache.hadoop.security.UserGroupInformation.doAs(UserGroupInformation.java:1730)
	at org.apache.hadoop.ipc.Server$Handler.run(Server.java:2682)
2019-09-19 14:45:26,667 | ERROR | OMAudit | user=jenkins1000 | ip=127.0.0.1 | op=ALLOCATE_KEY {volume=vol-1-62673, bucket=bucket-0-15185, key=key-0-52167, dataSize=10240, replicationType=RATIS, replicationFactor=THREE, keyLocationInfo=null} | ret=FAILURE | org.apache.hadoop.hdds.scm.exceptions.SCMException: Allocated 0 blocks. Requested 1 blocks
	at org.apache.hadoop.hdds.scm.protocolPB.ScmBlockLocationProtocolClientSideTranslatorPB.handleError(ScmBlockLocationProtocolClientSideTranslatorPB.java:118)
	at org.apache.hadoop.hdds.scm.protocolPB.ScmBlockLocationProtocolClientSideTranslatorPB.allocateBlock(ScmBlockLocationProtocolClientSideTranslatorPB.java:156) 
2019-09-19 14:45:26,667 [IPC Server handler 4 on 41560] ERROR pipeline.PipelinePlacementPolicy (PipelinePlacementPolicy.java:meetCriteria(91)) - Pipeline Placement: Doesn't meet the criteria to be viable node. Heaviness: 6
2019-09-19 14:45:26,667 [IPC Server handler 1 on 41560] INFO  block.BlockManagerImpl (BlockManagerImpl.java:allocateBlock(198)) - Could not find available pipeline of type:RATIS and factor:THREE even after retrying
2019-09-19 14:45:26,668 [IPC Server handler 4 on 41560] ERROR pipeline.PipelinePlacementPolicy (PipelinePlacementPolicy.java:meetCriteria(91)) - Pipeline Placement: Doesn't meet the criteria to be viable node. Heaviness: 6
2019-09-19 14:45:26,668 [pool-80-thread-4] ERROR freon.RandomKeyGenerator (RandomKeyGenerator.java:createKey(724)) - Exception while adding key: key-0-52167 in bucket: bucket-0-15185 of volume: vol-1-62673.
INTERNAL_ERROR org.apache.hadoop.ozone.om.exceptions.OMException: Allocated 0 blocks. Requested 1 blocks
	at org.apache.hadoop.ozone.om.protocolPB.OzoneManagerProtocolClientSideTranslatorPB.handleError(OzoneManagerProtocolClientSideTranslatorPB.java:725)
	at org.apache.hadoop.ozone.om.protocolPB.OzoneManagerProtocolClientSideTranslatorPB.openKey(OzoneManagerProtocolClientSideTranslatorPB.java:716)
	at org.apache.hadoop.ozone.client.rpc.RpcClient.createKey(RpcClient.java:615)
	at org.apache.hadoop.ozone.client.OzoneBucket.createKey(OzoneBucket.java:323)
	at org.apache.hadoop.ozone.freon.RandomKeyGenerator.createKey(RandomKeyGenerator.java:686)
	at org.apache.hadoop.ozone.freon.RandomKeyGenerator.access$1100(RandomKeyGenerator.java:87)
	at org.apache.hadoop.ozone.freon.RandomKeyGenerator$ObjectCreator.run(RandomKeyGenerator.java:606)
	at java.util.concurrent.Executors$RunnableAdapter.call(Executors.java:511)
	at java.util.concurrent.FutureTask.run(FutureTask.java:266)
	at java.util.concurrent.ThreadPoolExecutor.runWorker(ThreadPoolExecutor.java:1149)
	at java.util.concurrent.ThreadPoolExecutor$Worker.run(ThreadPoolExecutor.java:624)
	at java.lang.Thread.run(Thread.java:748)
2019-09-19 14:45:26,668 [IPC Server handler 1 on 41560] ERROR block.BlockManagerImpl (BlockManagerImpl.java:allocateBlock(222)) - Unable to allocate a block for the size: 4194304, type: RATIS, factor: THREE
2019-09-19 14:45:26,669 | INFO  | SCMAudit | user=jenkins1000 | ip=192.168.5.132 | op=ALLOCATE_BLOCK {owner=3a7234f7-02f4-4d12-a85c-6e2111a7120e, size=4194304, type=RATIS, factor=THREE} | ret=SUCCESS |  
2019-09-19 14:45:26,668 [IPC Server handler 4 on 41560] ERROR pipeline.PipelinePlacementPolicy (PipelinePlacementPolicy.java:meetCriteria(91)) - Pipeline Placement: Doesn't meet the criteria to be viable node. Heaviness: 6
2019-09-19 14:45:26,669 [IPC Server handler 4 on 41560] ERROR pipeline.PipelinePlacementPolicy (PipelinePlacementPolicy.java:meetCriteria(91)) - Pipeline Placement: Doesn't meet the criteria to be viable node. Heaviness: 6
2019-09-19 14:45:26,670 [IPC Server handler 4 on 41560] ERROR pipeline.PipelinePlacementPolicy (PipelinePlacementPolicy.java:meetCriteria(91)) - Pipeline Placement: Doesn't meet the criteria to be viable node. Heaviness: 6
2019-09-19 14:45:26,671 [IPC Server handler 4 on 41560] ERROR pipeline.PipelinePlacementPolicy (PipelinePlacementPolicy.java:filterViableNodes(146)) - Unable to find enough nodes that meet the criteria that cannot engage in more than 5 pipelines. Nodes required: 3 Found: 0, healthy nodes count inNodeManager: 5.
2019-09-19 14:45:26,671 [IPC Server handler 4 on 41560] ERROR pipeline.SCMPipelineManager (SCMPipelineManager.java:createPipeline(161)) - Pipeline creation failed due to exception: Unable to find enough nodes that meet the criteria that cannot engage in more than 5 pipelines. Nodes required: 3 Found: 0, healthy nodes count inNodeManager: 5.
2019-09-19 14:45:26,671 | ERROR | OMAudit | user=jenkins1000 | ip=127.0.0.1 | op=ALLOCATE_KEY {volume=vol-0-35863, bucket=bucket-2-61902, key=key-0-89247, dataSize=10240, replicationType=RATIS, replicationFactor=THREE, keyLocationInfo=null} | ret=FAILURE | org.apache.hadoop.hdds.scm.exceptions.SCMException: Allocated 0 blocks. Requested 1 blocks
	at org.apache.hadoop.hdds.scm.protocolPB.ScmBlockLocationProtocolClientSideTranslatorPB.handleError(ScmBlockLocationProtocolClientSideTranslatorPB.java:118)
	at org.apache.hadoop.hdds.scm.protocolPB.ScmBlockLocationProtocolClientSideTranslatorPB.allocateBlock(ScmBlockLocationProtocolClientSideTranslatorPB.java:156) 
2019-09-19 14:45:26,678 [IPC Server handler 4 on 41560] WARN  block.BlockManagerImpl (BlockManagerImpl.java:allocateBlock(192)) - Pipeline creation failed for type:RATIS factor:THREE. Retrying get pipelines call once.
org.apache.hadoop.hdds.scm.exceptions.SCMException: Unable to find enough nodes that meet the criteria that cannot engage in more than 5 pipelines. Nodes required: 3 Found: 0, healthy nodes count inNodeManager: 5.
	at org.apache.hadoop.hdds.scm.pipeline.PipelinePlacementPolicy.filterViableNodes(PipelinePlacementPolicy.java:147)
	at org.apache.hadoop.hdds.scm.pipeline.PipelinePlacementPolicy.chooseDatanodes(PipelinePlacementPolicy.java:170)
	at org.apache.hadoop.hdds.scm.pipeline.RatisPipelineProvider.create(RatisPipelineProvider.java:92)
	at org.apache.hadoop.hdds.scm.pipeline.PipelineFactory.create(PipelineFactory.java:57)
	at org.apache.hadoop.hdds.scm.pipeline.SCMPipelineManager.createPipeline(SCMPipelineManager.java:149)
	at org.apache.hadoop.hdds.scm.block.BlockManagerImpl.allocateBlock(BlockManagerImpl.java:190)
	at org.apache.hadoop.hdds.scm.server.SCMBlockProtocolServer.allocateBlock(SCMBlockProtocolServer.java:175)
	at org.apache.hadoop.ozone.protocolPB.ScmBlockLocationProtocolServerSideTranslatorPB.allocateScmBlock(ScmBlockLocationProtocolServerSideTranslatorPB.java:153)
	at org.apache.hadoop.ozone.protocolPB.ScmBlockLocationProtocolServerSideTranslatorPB.send(ScmBlockLocationProtocolServerSideTranslatorPB.java:112)
	at org.apache.hadoop.hdds.protocol.proto.ScmBlockLocationProtocolProtos$ScmBlockLocationProtocolService$2.callBlockingMethod(ScmBlockLocationProtocolProtos.java:13157)
	at org.apache.hadoop.ipc.ProtobufRpcEngine$Server$ProtoBufRpcInvoker.call(ProtobufRpcEngine.java:524)
	at org.apache.hadoop.ipc.RPC$Server.call(RPC.java:1025)
	at org.apache.hadoop.ipc.Server$RpcCall.run(Server.java:876)
	at org.apache.hadoop.ipc.Server$RpcCall.run(Server.java:822)
	at java.security.AccessController.doPrivileged(Native Method)
	at javax.security.auth.Subject.doAs(Subject.java:422)
	at org.apache.hadoop.security.UserGroupInformation.doAs(UserGroupInformation.java:1730)
	at org.apache.hadoop.ipc.Server$Handler.run(Server.java:2682)
2019-09-19 14:45:26,679 [IPC Server handler 6 on 41560] ERROR pipeline.PipelinePlacementPolicy (PipelinePlacementPolicy.java:meetCriteria(91)) - Pipeline Placement: Doesn't meet the criteria to be viable node. Heaviness: 6
2019-09-19 14:45:26,679 [IPC Server handler 6 on 41560] ERROR pipeline.PipelinePlacementPolicy (PipelinePlacementPolicy.java:meetCriteria(91)) - Pipeline Placement: Doesn't meet the criteria to be viable node. Heaviness: 6
2019-09-19 14:45:26,679 [IPC Server handler 6 on 41560] ERROR pipeline.PipelinePlacementPolicy (PipelinePlacementPolicy.java:meetCriteria(91)) - Pipeline Placement: Doesn't meet the criteria to be viable node. Heaviness: 6
2019-09-19 14:45:26,679 [IPC Server handler 6 on 41560] ERROR pipeline.PipelinePlacementPolicy (PipelinePlacementPolicy.java:meetCriteria(91)) - Pipeline Placement: Doesn't meet the criteria to be viable node. Heaviness: 6
2019-09-19 14:45:26,679 [IPC Server handler 6 on 41560] ERROR pipeline.PipelinePlacementPolicy (PipelinePlacementPolicy.java:meetCriteria(91)) - Pipeline Placement: Doesn't meet the criteria to be viable node. Heaviness: 6
2019-09-19 14:45:26,679 [pool-80-thread-8] ERROR freon.RandomKeyGenerator (RandomKeyGenerator.java:createKey(724)) - Exception while adding key: key-0-89247 in bucket: bucket-2-61902 of volume: vol-0-35863.
INTERNAL_ERROR org.apache.hadoop.ozone.om.exceptions.OMException: Allocated 0 blocks. Requested 1 blocks
	at org.apache.hadoop.ozone.om.protocolPB.OzoneManagerProtocolClientSideTranslatorPB.handleError(OzoneManagerProtocolClientSideTranslatorPB.java:725)
	at org.apache.hadoop.ozone.om.protocolPB.OzoneManagerProtocolClientSideTranslatorPB.openKey(OzoneManagerProtocolClientSideTranslatorPB.java:716)
	at org.apache.hadoop.ozone.client.rpc.RpcClient.createKey(RpcClient.java:615)
	at org.apache.hadoop.ozone.client.OzoneBucket.createKey(OzoneBucket.java:323)
	at org.apache.hadoop.ozone.freon.RandomKeyGenerator.createKey(RandomKeyGenerator.java:686)
	at org.apache.hadoop.ozone.freon.RandomKeyGenerator.access$1100(RandomKeyGenerator.java:87)
	at org.apache.hadoop.ozone.freon.RandomKeyGenerator$ObjectCreator.run(RandomKeyGenerator.java:606)
	at java.util.concurrent.Executors$RunnableAdapter.call(Executors.java:511)
	at java.util.concurrent.FutureTask.run(FutureTask.java:266)
	at java.util.concurrent.ThreadPoolExecutor.runWorker(ThreadPoolExecutor.java:1149)
	at java.util.concurrent.ThreadPoolExecutor$Worker.run(ThreadPoolExecutor.java:624)
	at java.lang.Thread.run(Thread.java:748)
2019-09-19 14:45:26,680 [IPC Server handler 6 on 41560] ERROR pipeline.PipelinePlacementPolicy (PipelinePlacementPolicy.java:filterViableNodes(146)) - Unable to find enough nodes that meet the criteria that cannot engage in more than 5 pipelines. Nodes required: 3 Found: 0, healthy nodes count inNodeManager: 5.
2019-09-19 14:45:26,680 [IPC Server handler 6 on 41560] ERROR pipeline.SCMPipelineManager (SCMPipelineManager.java:createPipeline(161)) - Pipeline creation failed due to exception: Unable to find enough nodes that meet the criteria that cannot engage in more than 5 pipelines. Nodes required: 3 Found: 0, healthy nodes count inNodeManager: 5.
2019-09-19 14:45:26,680 [IPC Server handler 6 on 41560] WARN  block.BlockManagerImpl (BlockManagerImpl.java:allocateBlock(192)) - Pipeline creation failed for type:RATIS factor:THREE. Retrying get pipelines call once.
org.apache.hadoop.hdds.scm.exceptions.SCMException: Unable to find enough nodes that meet the criteria that cannot engage in more than 5 pipelines. Nodes required: 3 Found: 0, healthy nodes count inNodeManager: 5.
	at org.apache.hadoop.hdds.scm.pipeline.PipelinePlacementPolicy.filterViableNodes(PipelinePlacementPolicy.java:147)
	at org.apache.hadoop.hdds.scm.pipeline.PipelinePlacementPolicy.chooseDatanodes(PipelinePlacementPolicy.java:170)
	at org.apache.hadoop.hdds.scm.pipeline.RatisPipelineProvider.create(RatisPipelineProvider.java:92)
	at org.apache.hadoop.hdds.scm.pipeline.PipelineFactory.create(PipelineFactory.java:57)
	at org.apache.hadoop.hdds.scm.pipeline.SCMPipelineManager.createPipeline(SCMPipelineManager.java:149)
	at org.apache.hadoop.hdds.scm.block.BlockManagerImpl.allocateBlock(BlockManagerImpl.java:190)
	at org.apache.hadoop.hdds.scm.server.SCMBlockProtocolServer.allocateBlock(SCMBlockProtocolServer.java:175)
	at org.apache.hadoop.ozone.protocolPB.ScmBlockLocationProtocolServerSideTranslatorPB.allocateScmBlock(ScmBlockLocationProtocolServerSideTranslatorPB.java:153)
	at org.apache.hadoop.ozone.protocolPB.ScmBlockLocationProtocolServerSideTranslatorPB.send(ScmBlockLocationProtocolServerSideTranslatorPB.java:112)
	at org.apache.hadoop.hdds.protocol.proto.ScmBlockLocationProtocolProtos$ScmBlockLocationProtocolService$2.callBlockingMethod(ScmBlockLocationProtocolProtos.java:13157)
	at org.apache.hadoop.ipc.ProtobufRpcEngine$Server$ProtoBufRpcInvoker.call(ProtobufRpcEngine.java:524)
	at org.apache.hadoop.ipc.RPC$Server.call(RPC.java:1025)
	at org.apache.hadoop.ipc.Server$RpcCall.run(Server.java:876)
	at org.apache.hadoop.ipc.Server$RpcCall.run(Server.java:822)
	at java.security.AccessController.doPrivileged(Native Method)
	at javax.security.auth.Subject.doAs(Subject.java:422)
	at org.apache.hadoop.security.UserGroupInformation.doAs(UserGroupInformation.java:1730)
	at org.apache.hadoop.ipc.Server$Handler.run(Server.java:2682)
2019-09-19 14:45:26,680 [IPC Server handler 18 on 41560] ERROR pipeline.PipelinePlacementPolicy (PipelinePlacementPolicy.java:meetCriteria(91)) - Pipeline Placement: Doesn't meet the criteria to be viable node. Heaviness: 6
2019-09-19 14:45:26,680 [IPC Server handler 4 on 41560] INFO  block.BlockManagerImpl (BlockManagerImpl.java:allocateBlock(198)) - Could not find available pipeline of type:RATIS and factor:THREE even after retrying
2019-09-19 14:45:26,681 [IPC Server handler 4 on 41560] ERROR block.BlockManagerImpl (BlockManagerImpl.java:allocateBlock(222)) - Unable to allocate a block for the size: 4194304, type: RATIS, factor: THREE
2019-09-19 14:45:26,680 [IPC Server handler 3 on 41560] INFO  block.BlockManagerImpl (BlockManagerImpl.java:allocateBlock(198)) - Could not find available pipeline of type:RATIS and factor:THREE even after retrying
2019-09-19 14:45:26,681 | INFO  | SCMAudit | user=jenkins1000 | ip=192.168.5.132 | op=ALLOCATE_BLOCK {owner=3a7234f7-02f4-4d12-a85c-6e2111a7120e, size=4194304, type=RATIS, factor=THREE} | ret=SUCCESS |  
2019-09-19 14:45:26,681 [IPC Server handler 18 on 41560] ERROR pipeline.PipelinePlacementPolicy (PipelinePlacementPolicy.java:meetCriteria(91)) - Pipeline Placement: Doesn't meet the criteria to be viable node. Heaviness: 6
2019-09-19 14:45:26,681 [IPC Server handler 3 on 41560] ERROR block.BlockManagerImpl (BlockManagerImpl.java:allocateBlock(222)) - Unable to allocate a block for the size: 4194304, type: RATIS, factor: THREE
2019-09-19 14:45:26,681 | INFO  | SCMAudit | user=jenkins1000 | ip=192.168.5.132 | op=ALLOCATE_BLOCK {owner=3a7234f7-02f4-4d12-a85c-6e2111a7120e, size=4194304, type=RATIS, factor=THREE} | ret=SUCCESS |  
2019-09-19 14:45:26,681 [IPC Server handler 18 on 41560] ERROR pipeline.PipelinePlacementPolicy (PipelinePlacementPolicy.java:meetCriteria(91)) - Pipeline Placement: Doesn't meet the criteria to be viable node. Heaviness: 6
2019-09-19 14:45:26,682 [IPC Server handler 18 on 41560] ERROR pipeline.PipelinePlacementPolicy (PipelinePlacementPolicy.java:meetCriteria(91)) - Pipeline Placement: Doesn't meet the criteria to be viable node. Heaviness: 6
2019-09-19 14:45:26,682 [IPC Server handler 18 on 41560] ERROR pipeline.PipelinePlacementPolicy (PipelinePlacementPolicy.java:meetCriteria(91)) - Pipeline Placement: Doesn't meet the criteria to be viable node. Heaviness: 6
2019-09-19 14:45:26,682 | ERROR | OMAudit | user=jenkins1000 | ip=127.0.0.1 | op=ALLOCATE_KEY {volume=vol-1-62673, bucket=bucket-2-35445, key=key-0-18186, dataSize=10240, replicationType=RATIS, replicationFactor=THREE, keyLocationInfo=null} | ret=FAILURE | org.apache.hadoop.hdds.scm.exceptions.SCMException: Allocated 0 blocks. Requested 1 blocks
	at org.apache.hadoop.hdds.scm.protocolPB.ScmBlockLocationProtocolClientSideTranslatorPB.handleError(ScmBlockLocationProtocolClientSideTranslatorPB.java:118)
	at org.apache.hadoop.hdds.scm.protocolPB.ScmBlockLocationProtocolClientSideTranslatorPB.allocateBlock(ScmBlockLocationProtocolClientSideTranslatorPB.java:156) 
2019-09-19 14:45:26,682 [IPC Server handler 18 on 41560] ERROR pipeline.PipelinePlacementPolicy (PipelinePlacementPolicy.java:filterViableNodes(146)) - Unable to find enough nodes that meet the criteria that cannot engage in more than 5 pipelines. Nodes required: 3 Found: 0, healthy nodes count inNodeManager: 5.
2019-09-19 14:45:26,682 | ERROR | OMAudit | user=jenkins1000 | ip=127.0.0.1 | op=ALLOCATE_KEY {volume=vol-0-35863, bucket=bucket-3-39879, key=key-0-84754, dataSize=10240, replicationType=RATIS, replicationFactor=THREE, keyLocationInfo=null} | ret=FAILURE | org.apache.hadoop.hdds.scm.exceptions.SCMException: Allocated 0 blocks. Requested 1 blocks
	at org.apache.hadoop.hdds.scm.protocolPB.ScmBlockLocationProtocolClientSideTranslatorPB.handleError(ScmBlockLocationProtocolClientSideTranslatorPB.java:118)
	at org.apache.hadoop.hdds.scm.protocolPB.ScmBlockLocationProtocolClientSideTranslatorPB.allocateBlock(ScmBlockLocationProtocolClientSideTranslatorPB.java:156) 
2019-09-19 14:45:26,684 [IPC Server handler 18 on 41560] ERROR pipeline.SCMPipelineManager (SCMPipelineManager.java:createPipeline(161)) - Pipeline creation failed due to exception: Unable to find enough nodes that meet the criteria that cannot engage in more than 5 pipelines. Nodes required: 3 Found: 0, healthy nodes count inNodeManager: 5.
2019-09-19 14:45:26,684 [IPC Server handler 18 on 41560] WARN  block.BlockManagerImpl (BlockManagerImpl.java:allocateBlock(192)) - Pipeline creation failed for type:RATIS factor:THREE. Retrying get pipelines call once.
org.apache.hadoop.hdds.scm.exceptions.SCMException: Unable to find enough nodes that meet the criteria that cannot engage in more than 5 pipelines. Nodes required: 3 Found: 0, healthy nodes count inNodeManager: 5.
	at org.apache.hadoop.hdds.scm.pipeline.PipelinePlacementPolicy.filterViableNodes(PipelinePlacementPolicy.java:147)
	at org.apache.hadoop.hdds.scm.pipeline.PipelinePlacementPolicy.chooseDatanodes(PipelinePlacementPolicy.java:170)
	at org.apache.hadoop.hdds.scm.pipeline.RatisPipelineProvider.create(RatisPipelineProvider.java:92)
	at org.apache.hadoop.hdds.scm.pipeline.PipelineFactory.create(PipelineFactory.java:57)
	at org.apache.hadoop.hdds.scm.pipeline.SCMPipelineManager.createPipeline(SCMPipelineManager.java:149)
	at org.apache.hadoop.hdds.scm.block.BlockManagerImpl.allocateBlock(BlockManagerImpl.java:190)
	at org.apache.hadoop.hdds.scm.server.SCMBlockProtocolServer.allocateBlock(SCMBlockProtocolServer.java:175)
	at org.apache.hadoop.ozone.protocolPB.ScmBlockLocationProtocolServerSideTranslatorPB.allocateScmBlock(ScmBlockLocationProtocolServerSideTranslatorPB.java:153)
	at org.apache.hadoop.ozone.protocolPB.ScmBlockLocationProtocolServerSideTranslatorPB.send(ScmBlockLocationProtocolServerSideTranslatorPB.java:112)
	at org.apache.hadoop.hdds.protocol.proto.ScmBlockLocationProtocolProtos$ScmBlockLocationProtocolService$2.callBlockingMethod(ScmBlockLocationProtocolProtos.java:13157)
	at org.apache.hadoop.ipc.ProtobufRpcEngine$Server$ProtoBufRpcInvoker.call(ProtobufRpcEngine.java:524)
	at org.apache.hadoop.ipc.RPC$Server.call(RPC.java:1025)
	at org.apache.hadoop.ipc.Server$RpcCall.run(Server.java:876)
	at org.apache.hadoop.ipc.Server$RpcCall.run(Server.java:822)
	at java.security.AccessController.doPrivileged(Native Method)
	at javax.security.auth.Subject.doAs(Subject.java:422)
	at org.apache.hadoop.security.UserGroupInformation.doAs(UserGroupInformation.java:1730)
	at org.apache.hadoop.ipc.Server$Handler.run(Server.java:2682)
2019-09-19 14:45:26,684 [pool-80-thread-10] ERROR freon.RandomKeyGenerator (RandomKeyGenerator.java:createKey(724)) - Exception while adding key: key-0-84754 in bucket: bucket-3-39879 of volume: vol-0-35863.
INTERNAL_ERROR org.apache.hadoop.ozone.om.exceptions.OMException: Allocated 0 blocks. Requested 1 blocks
	at org.apache.hadoop.ozone.om.protocolPB.OzoneManagerProtocolClientSideTranslatorPB.handleError(OzoneManagerProtocolClientSideTranslatorPB.java:725)
	at org.apache.hadoop.ozone.om.protocolPB.OzoneManagerProtocolClientSideTranslatorPB.openKey(OzoneManagerProtocolClientSideTranslatorPB.java:716)
	at org.apache.hadoop.ozone.client.rpc.RpcClient.createKey(RpcClient.java:615)
	at org.apache.hadoop.ozone.client.OzoneBucket.createKey(OzoneBucket.java:323)
	at org.apache.hadoop.ozone.freon.RandomKeyGenerator.createKey(RandomKeyGenerator.java:686)
	at org.apache.hadoop.ozone.freon.RandomKeyGenerator.access$1100(RandomKeyGenerator.java:87)
	at org.apache.hadoop.ozone.freon.RandomKeyGenerator$ObjectCreator.run(RandomKeyGenerator.java:606)
	at java.util.concurrent.Executors$RunnableAdapter.call(Executors.java:511)
	at java.util.concurrent.FutureTask.run(FutureTask.java:266)
	at java.util.concurrent.ThreadPoolExecutor.runWorker(ThreadPoolExecutor.java:1149)
	at java.util.concurrent.ThreadPoolExecutor$Worker.run(ThreadPoolExecutor.java:624)
	at java.lang.Thread.run(Thread.java:748)
2019-09-19 14:45:26,684 [IPC Server handler 17 on 41560] ERROR pipeline.PipelinePlacementPolicy (PipelinePlacementPolicy.java:meetCriteria(91)) - Pipeline Placement: Doesn't meet the criteria to be viable node. Heaviness: 6
2019-09-19 14:45:26,684 [pool-80-thread-9] ERROR freon.RandomKeyGenerator (RandomKeyGenerator.java:createKey(724)) - Exception while adding key: key-0-18186 in bucket: bucket-2-35445 of volume: vol-1-62673.
INTERNAL_ERROR org.apache.hadoop.ozone.om.exceptions.OMException: Allocated 0 blocks. Requested 1 blocks
	at org.apache.hadoop.ozone.om.protocolPB.OzoneManagerProtocolClientSideTranslatorPB.handleError(OzoneManagerProtocolClientSideTranslatorPB.java:725)
	at org.apache.hadoop.ozone.om.protocolPB.OzoneManagerProtocolClientSideTranslatorPB.openKey(OzoneManagerProtocolClientSideTranslatorPB.java:716)
	at org.apache.hadoop.ozone.client.rpc.RpcClient.createKey(RpcClient.java:615)
	at org.apache.hadoop.ozone.client.OzoneBucket.createKey(OzoneBucket.java:323)
	at org.apache.hadoop.ozone.freon.RandomKeyGenerator.createKey(RandomKeyGenerator.java:686)
	at org.apache.hadoop.ozone.freon.RandomKeyGenerator.access$1100(RandomKeyGenerator.java:87)
	at org.apache.hadoop.ozone.freon.RandomKeyGenerator$ObjectCreator.run(RandomKeyGenerator.java:606)
	at java.util.concurrent.Executors$RunnableAdapter.call(Executors.java:511)
	at java.util.concurrent.FutureTask.run(FutureTask.java:266)
	at java.util.concurrent.ThreadPoolExecutor.runWorker(ThreadPoolExecutor.java:1149)
	at java.util.concurrent.ThreadPoolExecutor$Worker.run(ThreadPoolExecutor.java:624)
	at java.lang.Thread.run(Thread.java:748)
2019-09-19 14:45:26,684 [IPC Server handler 6 on 41560] INFO  block.BlockManagerImpl (BlockManagerImpl.java:allocateBlock(198)) - Could not find available pipeline of type:RATIS and factor:THREE even after retrying
2019-09-19 14:45:26,685 [IPC Server handler 6 on 41560] ERROR block.BlockManagerImpl (BlockManagerImpl.java:allocateBlock(222)) - Unable to allocate a block for the size: 4194304, type: RATIS, factor: THREE
2019-09-19 14:45:26,685 [IPC Server handler 17 on 41560] ERROR pipeline.PipelinePlacementPolicy (PipelinePlacementPolicy.java:meetCriteria(91)) - Pipeline Placement: Doesn't meet the criteria to be viable node. Heaviness: 6
2019-09-19 14:45:26,685 | INFO  | SCMAudit | user=jenkins1000 | ip=192.168.5.132 | op=ALLOCATE_BLOCK {owner=3a7234f7-02f4-4d12-a85c-6e2111a7120e, size=4194304, type=RATIS, factor=THREE} | ret=SUCCESS |  
2019-09-19 14:45:26,686 [IPC Server handler 17 on 41560] ERROR pipeline.PipelinePlacementPolicy (PipelinePlacementPolicy.java:meetCriteria(91)) - Pipeline Placement: Doesn't meet the criteria to be viable node. Heaviness: 6
2019-09-19 14:45:26,686 [IPC Server handler 17 on 41560] ERROR pipeline.PipelinePlacementPolicy (PipelinePlacementPolicy.java:meetCriteria(91)) - Pipeline Placement: Doesn't meet the criteria to be viable node. Heaviness: 6
2019-09-19 14:45:26,686 [IPC Server handler 17 on 41560] ERROR pipeline.PipelinePlacementPolicy (PipelinePlacementPolicy.java:meetCriteria(91)) - Pipeline Placement: Doesn't meet the criteria to be viable node. Heaviness: 6
2019-09-19 14:45:26,686 [IPC Server handler 17 on 41560] ERROR pipeline.PipelinePlacementPolicy (PipelinePlacementPolicy.java:filterViableNodes(146)) - Unable to find enough nodes that meet the criteria that cannot engage in more than 5 pipelines. Nodes required: 3 Found: 0, healthy nodes count inNodeManager: 5.
2019-09-19 14:45:26,686 [IPC Server handler 17 on 41560] ERROR pipeline.SCMPipelineManager (SCMPipelineManager.java:createPipeline(161)) - Pipeline creation failed due to exception: Unable to find enough nodes that meet the criteria that cannot engage in more than 5 pipelines. Nodes required: 3 Found: 0, healthy nodes count inNodeManager: 5.
2019-09-19 14:45:26,686 | ERROR | OMAudit | user=jenkins1000 | ip=127.0.0.1 | op=ALLOCATE_KEY {volume=vol-1-62673, bucket=bucket-1-00071, key=key-0-96267, dataSize=10240, replicationType=RATIS, replicationFactor=THREE, keyLocationInfo=null} | ret=FAILURE | org.apache.hadoop.hdds.scm.exceptions.SCMException: Allocated 0 blocks. Requested 1 blocks
	at org.apache.hadoop.hdds.scm.protocolPB.ScmBlockLocationProtocolClientSideTranslatorPB.handleError(ScmBlockLocationProtocolClientSideTranslatorPB.java:118)
	at org.apache.hadoop.hdds.scm.protocolPB.ScmBlockLocationProtocolClientSideTranslatorPB.allocateBlock(ScmBlockLocationProtocolClientSideTranslatorPB.java:156) 
2019-09-19 14:45:26,687 [IPC Server handler 17 on 41560] WARN  block.BlockManagerImpl (BlockManagerImpl.java:allocateBlock(192)) - Pipeline creation failed for type:RATIS factor:THREE. Retrying get pipelines call once.
org.apache.hadoop.hdds.scm.exceptions.SCMException: Unable to find enough nodes that meet the criteria that cannot engage in more than 5 pipelines. Nodes required: 3 Found: 0, healthy nodes count inNodeManager: 5.
	at org.apache.hadoop.hdds.scm.pipeline.PipelinePlacementPolicy.filterViableNodes(PipelinePlacementPolicy.java:147)
	at org.apache.hadoop.hdds.scm.pipeline.PipelinePlacementPolicy.chooseDatanodes(PipelinePlacementPolicy.java:170)
	at org.apache.hadoop.hdds.scm.pipeline.RatisPipelineProvider.create(RatisPipelineProvider.java:92)
	at org.apache.hadoop.hdds.scm.pipeline.PipelineFactory.create(PipelineFactory.java:57)
	at org.apache.hadoop.hdds.scm.pipeline.SCMPipelineManager.createPipeline(SCMPipelineManager.java:149)
	at org.apache.hadoop.hdds.scm.block.BlockManagerImpl.allocateBlock(BlockManagerImpl.java:190)
	at org.apache.hadoop.hdds.scm.server.SCMBlockProtocolServer.allocateBlock(SCMBlockProtocolServer.java:175)
	at org.apache.hadoop.ozone.protocolPB.ScmBlockLocationProtocolServerSideTranslatorPB.allocateScmBlock(ScmBlockLocationProtocolServerSideTranslatorPB.java:153)
	at org.apache.hadoop.ozone.protocolPB.ScmBlockLocationProtocolServerSideTranslatorPB.send(ScmBlockLocationProtocolServerSideTranslatorPB.java:112)
	at org.apache.hadoop.hdds.protocol.proto.ScmBlockLocationProtocolProtos$ScmBlockLocationProtocolService$2.callBlockingMethod(ScmBlockLocationProtocolProtos.java:13157)
	at org.apache.hadoop.ipc.ProtobufRpcEngine$Server$ProtoBufRpcInvoker.call(ProtobufRpcEngine.java:524)
	at org.apache.hadoop.ipc.RPC$Server.call(RPC.java:1025)
	at org.apache.hadoop.ipc.Server$RpcCall.run(Server.java:876)
	at org.apache.hadoop.ipc.Server$RpcCall.run(Server.java:822)
	at java.security.AccessController.doPrivileged(Native Method)
	at javax.security.auth.Subject.doAs(Subject.java:422)
	at org.apache.hadoop.security.UserGroupInformation.doAs(UserGroupInformation.java:1730)
	at org.apache.hadoop.ipc.Server$Handler.run(Server.java:2682)
2019-09-19 14:45:26,688 [IPC Server handler 14 on 41560] ERROR pipeline.PipelinePlacementPolicy (PipelinePlacementPolicy.java:meetCriteria(91)) - Pipeline Placement: Doesn't meet the criteria to be viable node. Heaviness: 6
2019-09-19 14:45:26,688 [IPC Server handler 14 on 41560] ERROR pipeline.PipelinePlacementPolicy (PipelinePlacementPolicy.java:meetCriteria(91)) - Pipeline Placement: Doesn't meet the criteria to be viable node. Heaviness: 6
2019-09-19 14:45:26,688 [IPC Server handler 14 on 41560] ERROR pipeline.PipelinePlacementPolicy (PipelinePlacementPolicy.java:meetCriteria(91)) - Pipeline Placement: Doesn't meet the criteria to be viable node. Heaviness: 6
2019-09-19 14:45:26,688 [IPC Server handler 14 on 41560] ERROR pipeline.PipelinePlacementPolicy (PipelinePlacementPolicy.java:meetCriteria(91)) - Pipeline Placement: Doesn't meet the criteria to be viable node. Heaviness: 6
2019-09-19 14:45:26,688 [IPC Server handler 14 on 41560] ERROR pipeline.PipelinePlacementPolicy (PipelinePlacementPolicy.java:meetCriteria(91)) - Pipeline Placement: Doesn't meet the criteria to be viable node. Heaviness: 6
2019-09-19 14:45:26,687 [IPC Server handler 18 on 41560] INFO  block.BlockManagerImpl (BlockManagerImpl.java:allocateBlock(198)) - Could not find available pipeline of type:RATIS and factor:THREE even after retrying
2019-09-19 14:45:26,688 [IPC Server handler 14 on 41560] ERROR pipeline.PipelinePlacementPolicy (PipelinePlacementPolicy.java:filterViableNodes(146)) - Unable to find enough nodes that meet the criteria that cannot engage in more than 5 pipelines. Nodes required: 3 Found: 0, healthy nodes count inNodeManager: 5.
2019-09-19 14:45:26,688 [pool-80-thread-6] ERROR freon.RandomKeyGenerator (RandomKeyGenerator.java:createKey(724)) - Exception while adding key: key-0-96267 in bucket: bucket-1-00071 of volume: vol-1-62673.
INTERNAL_ERROR org.apache.hadoop.ozone.om.exceptions.OMException: Allocated 0 blocks. Requested 1 blocks
	at org.apache.hadoop.ozone.om.protocolPB.OzoneManagerProtocolClientSideTranslatorPB.handleError(OzoneManagerProtocolClientSideTranslatorPB.java:725)
	at org.apache.hadoop.ozone.om.protocolPB.OzoneManagerProtocolClientSideTranslatorPB.openKey(OzoneManagerProtocolClientSideTranslatorPB.java:716)
	at org.apache.hadoop.ozone.client.rpc.RpcClient.createKey(RpcClient.java:615)
	at org.apache.hadoop.ozone.client.OzoneBucket.createKey(OzoneBucket.java:323)
	at org.apache.hadoop.ozone.freon.RandomKeyGenerator.createKey(RandomKeyGenerator.java:686)
	at org.apache.hadoop.ozone.freon.RandomKeyGenerator.access$1100(RandomKeyGenerator.java:87)
	at org.apache.hadoop.ozone.freon.RandomKeyGenerator$ObjectCreator.run(RandomKeyGenerator.java:606)
	at java.util.concurrent.Executors$RunnableAdapter.call(Executors.java:511)
	at java.util.concurrent.FutureTask.run(FutureTask.java:266)
	at java.util.concurrent.ThreadPoolExecutor.runWorker(ThreadPoolExecutor.java:1149)
	at java.util.concurrent.ThreadPoolExecutor$Worker.run(ThreadPoolExecutor.java:624)
	at java.lang.Thread.run(Thread.java:748)
2019-09-19 14:45:26,689 [IPC Server handler 14 on 41560] ERROR pipeline.SCMPipelineManager (SCMPipelineManager.java:createPipeline(161)) - Pipeline creation failed due to exception: Unable to find enough nodes that meet the criteria that cannot engage in more than 5 pipelines. Nodes required: 3 Found: 0, healthy nodes count inNodeManager: 5.
2019-09-19 14:45:26,689 [IPC Server handler 14 on 41560] WARN  block.BlockManagerImpl (BlockManagerImpl.java:allocateBlock(192)) - Pipeline creation failed for type:RATIS factor:THREE. Retrying get pipelines call once.
org.apache.hadoop.hdds.scm.exceptions.SCMException: Unable to find enough nodes that meet the criteria that cannot engage in more than 5 pipelines. Nodes required: 3 Found: 0, healthy nodes count inNodeManager: 5.
	at org.apache.hadoop.hdds.scm.pipeline.PipelinePlacementPolicy.filterViableNodes(PipelinePlacementPolicy.java:147)
	at org.apache.hadoop.hdds.scm.pipeline.PipelinePlacementPolicy.chooseDatanodes(PipelinePlacementPolicy.java:170)
	at org.apache.hadoop.hdds.scm.pipeline.RatisPipelineProvider.create(RatisPipelineProvider.java:92)
	at org.apache.hadoop.hdds.scm.pipeline.PipelineFactory.create(PipelineFactory.java:57)
	at org.apache.hadoop.hdds.scm.pipeline.SCMPipelineManager.createPipeline(SCMPipelineManager.java:149)
	at org.apache.hadoop.hdds.scm.block.BlockManagerImpl.allocateBlock(BlockManagerImpl.java:190)
	at org.apache.hadoop.hdds.scm.server.SCMBlockProtocolServer.allocateBlock(SCMBlockProtocolServer.java:175)
	at org.apache.hadoop.ozone.protocolPB.ScmBlockLocationProtocolServerSideTranslatorPB.allocateScmBlock(ScmBlockLocationProtocolServerSideTranslatorPB.java:153)
	at org.apache.hadoop.ozone.protocolPB.ScmBlockLocationProtocolServerSideTranslatorPB.send(ScmBlockLocationProtocolServerSideTranslatorPB.java:112)
	at org.apache.hadoop.hdds.protocol.proto.ScmBlockLocationProtocolProtos$ScmBlockLocationProtocolService$2.callBlockingMethod(ScmBlockLocationProtocolProtos.java:13157)
	at org.apache.hadoop.ipc.ProtobufRpcEngine$Server$ProtoBufRpcInvoker.call(ProtobufRpcEngine.java:524)
	at org.apache.hadoop.ipc.RPC$Server.call(RPC.java:1025)
	at org.apache.hadoop.ipc.Server$RpcCall.run(Server.java:876)
	at org.apache.hadoop.ipc.Server$RpcCall.run(Server.java:822)
	at java.security.AccessController.doPrivileged(Native Method)
	at javax.security.auth.Subject.doAs(Subject.java:422)
	at org.apache.hadoop.security.UserGroupInformation.doAs(UserGroupInformation.java:1730)
	at org.apache.hadoop.ipc.Server$Handler.run(Server.java:2682)
2019-09-19 14:45:26,689 [IPC Server handler 18 on 41560] ERROR block.BlockManagerImpl (BlockManagerImpl.java:allocateBlock(222)) - Unable to allocate a block for the size: 4194304, type: RATIS, factor: THREE
2019-09-19 14:45:26,690 | INFO  | SCMAudit | user=jenkins1000 | ip=192.168.5.132 | op=ALLOCATE_BLOCK {owner=3a7234f7-02f4-4d12-a85c-6e2111a7120e, size=4194304, type=RATIS, factor=THREE} | ret=SUCCESS |  
2019-09-19 14:45:26,689 [IPC Server handler 16 on 41560] ERROR pipeline.PipelinePlacementPolicy (PipelinePlacementPolicy.java:meetCriteria(91)) - Pipeline Placement: Doesn't meet the criteria to be viable node. Heaviness: 6
2019-09-19 14:45:26,690 [IPC Server handler 16 on 41560] ERROR pipeline.PipelinePlacementPolicy (PipelinePlacementPolicy.java:meetCriteria(91)) - Pipeline Placement: Doesn't meet the criteria to be viable node. Heaviness: 6
2019-09-19 14:45:26,690 [IPC Server handler 16 on 41560] ERROR pipeline.PipelinePlacementPolicy (PipelinePlacementPolicy.java:meetCriteria(91)) - Pipeline Placement: Doesn't meet the criteria to be viable node. Heaviness: 6
2019-09-19 14:45:26,690 [IPC Server handler 16 on 41560] ERROR pipeline.PipelinePlacementPolicy (PipelinePlacementPolicy.java:meetCriteria(91)) - Pipeline Placement: Doesn't meet the criteria to be viable node. Heaviness: 6
2019-09-19 14:45:26,690 | ERROR | OMAudit | user=jenkins1000 | ip=127.0.0.1 | op=ALLOCATE_KEY {volume=vol-0-35863, bucket=bucket-4-50147, key=key-0-83397, dataSize=10240, replicationType=RATIS, replicationFactor=THREE, keyLocationInfo=null} | ret=FAILURE | org.apache.hadoop.hdds.scm.exceptions.SCMException: Allocated 0 blocks. Requested 1 blocks
	at org.apache.hadoop.hdds.scm.protocolPB.ScmBlockLocationProtocolClientSideTranslatorPB.handleError(ScmBlockLocationProtocolClientSideTranslatorPB.java:118)
	at org.apache.hadoop.hdds.scm.protocolPB.ScmBlockLocationProtocolClientSideTranslatorPB.allocateBlock(ScmBlockLocationProtocolClientSideTranslatorPB.java:156) 
2019-09-19 14:45:26,692 [IPC Server handler 16 on 41560] ERROR pipeline.PipelinePlacementPolicy (PipelinePlacementPolicy.java:meetCriteria(91)) - Pipeline Placement: Doesn't meet the criteria to be viable node. Heaviness: 6
2019-09-19 14:45:26,692 [IPC Server handler 16 on 41560] ERROR pipeline.PipelinePlacementPolicy (PipelinePlacementPolicy.java:filterViableNodes(146)) - Unable to find enough nodes that meet the criteria that cannot engage in more than 5 pipelines. Nodes required: 3 Found: 0, healthy nodes count inNodeManager: 5.
2019-09-19 14:45:26,692 [IPC Server handler 16 on 41560] ERROR pipeline.SCMPipelineManager (SCMPipelineManager.java:createPipeline(161)) - Pipeline creation failed due to exception: Unable to find enough nodes that meet the criteria that cannot engage in more than 5 pipelines. Nodes required: 3 Found: 0, healthy nodes count inNodeManager: 5.
2019-09-19 14:45:26,692 [pool-80-thread-2] ERROR freon.RandomKeyGenerator (RandomKeyGenerator.java:createKey(724)) - Exception while adding key: key-0-83397 in bucket: bucket-4-50147 of volume: vol-0-35863.
INTERNAL_ERROR org.apache.hadoop.ozone.om.exceptions.OMException: Allocated 0 blocks. Requested 1 blocks
	at org.apache.hadoop.ozone.om.protocolPB.OzoneManagerProtocolClientSideTranslatorPB.handleError(OzoneManagerProtocolClientSideTranslatorPB.java:725)
	at org.apache.hadoop.ozone.om.protocolPB.OzoneManagerProtocolClientSideTranslatorPB.openKey(OzoneManagerProtocolClientSideTranslatorPB.java:716)
	at org.apache.hadoop.ozone.client.rpc.RpcClient.createKey(RpcClient.java:615)
	at org.apache.hadoop.ozone.client.OzoneBucket.createKey(OzoneBucket.java:323)
	at org.apache.hadoop.ozone.freon.RandomKeyGenerator.createKey(RandomKeyGenerator.java:686)
	at org.apache.hadoop.ozone.freon.RandomKeyGenerator.access$1100(RandomKeyGenerator.java:87)
	at org.apache.hadoop.ozone.freon.RandomKeyGenerator$ObjectCreator.run(RandomKeyGenerator.java:606)
	at java.util.concurrent.Executors$RunnableAdapter.call(Executors.java:511)
	at java.util.concurrent.FutureTask.run(FutureTask.java:266)
	at java.util.concurrent.ThreadPoolExecutor.runWorker(ThreadPoolExecutor.java:1149)
	at java.util.concurrent.ThreadPoolExecutor$Worker.run(ThreadPoolExecutor.java:624)
	at java.lang.Thread.run(Thread.java:748)
2019-09-19 14:45:26,692 [IPC Server handler 11 on 41560] ERROR pipeline.PipelinePlacementPolicy (PipelinePlacementPolicy.java:meetCriteria(91)) - Pipeline Placement: Doesn't meet the criteria to be viable node. Heaviness: 6
2019-09-19 14:45:26,692 [IPC Server handler 16 on 41560] WARN  block.BlockManagerImpl (BlockManagerImpl.java:allocateBlock(192)) - Pipeline creation failed for type:RATIS factor:THREE. Retrying get pipelines call once.
org.apache.hadoop.hdds.scm.exceptions.SCMException: Unable to find enough nodes that meet the criteria that cannot engage in more than 5 pipelines. Nodes required: 3 Found: 0, healthy nodes count inNodeManager: 5.
	at org.apache.hadoop.hdds.scm.pipeline.PipelinePlacementPolicy.filterViableNodes(PipelinePlacementPolicy.java:147)
	at org.apache.hadoop.hdds.scm.pipeline.PipelinePlacementPolicy.chooseDatanodes(PipelinePlacementPolicy.java:170)
	at org.apache.hadoop.hdds.scm.pipeline.RatisPipelineProvider.create(RatisPipelineProvider.java:92)
	at org.apache.hadoop.hdds.scm.pipeline.PipelineFactory.create(PipelineFactory.java:57)
	at org.apache.hadoop.hdds.scm.pipeline.SCMPipelineManager.createPipeline(SCMPipelineManager.java:149)
	at org.apache.hadoop.hdds.scm.block.BlockManagerImpl.allocateBlock(BlockManagerImpl.java:190)
	at org.apache.hadoop.hdds.scm.server.SCMBlockProtocolServer.allocateBlock(SCMBlockProtocolServer.java:175)
	at org.apache.hadoop.ozone.protocolPB.ScmBlockLocationProtocolServerSideTranslatorPB.allocateScmBlock(ScmBlockLocationProtocolServerSideTranslatorPB.java:153)
	at org.apache.hadoop.ozone.protocolPB.ScmBlockLocationProtocolServerSideTranslatorPB.send(ScmBlockLocationProtocolServerSideTranslatorPB.java:112)
	at org.apache.hadoop.hdds.protocol.proto.ScmBlockLocationProtocolProtos$ScmBlockLocationProtocolService$2.callBlockingMethod(ScmBlockLocationProtocolProtos.java:13157)
	at org.apache.hadoop.ipc.ProtobufRpcEngine$Server$ProtoBufRpcInvoker.call(ProtobufRpcEngine.java:524)
	at org.apache.hadoop.ipc.RPC$Server.call(RPC.java:1025)
	at org.apache.hadoop.ipc.Server$RpcCall.run(Server.java:876)
	at org.apache.hadoop.ipc.Server$RpcCall.run(Server.java:822)
	at java.security.AccessController.doPrivileged(Native Method)
	at javax.security.auth.Subject.doAs(Subject.java:422)
	at org.apache.hadoop.security.UserGroupInformation.doAs(UserGroupInformation.java:1730)
	at org.apache.hadoop.ipc.Server$Handler.run(Server.java:2682)
2019-09-19 14:45:26,693 [IPC Server handler 11 on 41560] ERROR pipeline.PipelinePlacementPolicy (PipelinePlacementPolicy.java:meetCriteria(91)) - Pipeline Placement: Doesn't meet the criteria to be viable node. Heaviness: 6
2019-09-19 14:45:26,693 [IPC Server handler 11 on 41560] ERROR pipeline.PipelinePlacementPolicy (PipelinePlacementPolicy.java:meetCriteria(91)) - Pipeline Placement: Doesn't meet the criteria to be viable node. Heaviness: 6
2019-09-19 14:45:26,693 [IPC Server handler 11 on 41560] ERROR pipeline.PipelinePlacementPolicy (PipelinePlacementPolicy.java:meetCriteria(91)) - Pipeline Placement: Doesn't meet the criteria to be viable node. Heaviness: 6
2019-09-19 14:45:26,693 [IPC Server handler 11 on 41560] ERROR pipeline.PipelinePlacementPolicy (PipelinePlacementPolicy.java:meetCriteria(91)) - Pipeline Placement: Doesn't meet the criteria to be viable node. Heaviness: 6
2019-09-19 14:45:26,693 [IPC Server handler 11 on 41560] ERROR pipeline.PipelinePlacementPolicy (PipelinePlacementPolicy.java:filterViableNodes(146)) - Unable to find enough nodes that meet the criteria that cannot engage in more than 5 pipelines. Nodes required: 3 Found: 0, healthy nodes count inNodeManager: 5.
2019-09-19 14:45:26,694 [IPC Server handler 11 on 41560] ERROR pipeline.SCMPipelineManager (SCMPipelineManager.java:createPipeline(161)) - Pipeline creation failed due to exception: Unable to find enough nodes that meet the criteria that cannot engage in more than 5 pipelines. Nodes required: 3 Found: 0, healthy nodes count inNodeManager: 5.
2019-09-19 14:45:26,694 [IPC Server handler 11 on 41560] WARN  block.BlockManagerImpl (BlockManagerImpl.java:allocateBlock(192)) - Pipeline creation failed for type:RATIS factor:THREE. Retrying get pipelines call once.
org.apache.hadoop.hdds.scm.exceptions.SCMException: Unable to find enough nodes that meet the criteria that cannot engage in more than 5 pipelines. Nodes required: 3 Found: 0, healthy nodes count inNodeManager: 5.
	at org.apache.hadoop.hdds.scm.pipeline.PipelinePlacementPolicy.filterViableNodes(PipelinePlacementPolicy.java:147)
	at org.apache.hadoop.hdds.scm.pipeline.PipelinePlacementPolicy.chooseDatanodes(PipelinePlacementPolicy.java:170)
	at org.apache.hadoop.hdds.scm.pipeline.RatisPipelineProvider.create(RatisPipelineProvider.java:92)
	at org.apache.hadoop.hdds.scm.pipeline.PipelineFactory.create(PipelineFactory.java:57)
	at org.apache.hadoop.hdds.scm.pipeline.SCMPipelineManager.createPipeline(SCMPipelineManager.java:149)
	at org.apache.hadoop.hdds.scm.block.BlockManagerImpl.allocateBlock(BlockManagerImpl.java:190)
	at org.apache.hadoop.hdds.scm.server.SCMBlockProtocolServer.allocateBlock(SCMBlockProtocolServer.java:175)
	at org.apache.hadoop.ozone.protocolPB.ScmBlockLocationProtocolServerSideTranslatorPB.allocateScmBlock(ScmBlockLocationProtocolServerSideTranslatorPB.java:153)
	at org.apache.hadoop.ozone.protocolPB.ScmBlockLocationProtocolServerSideTranslatorPB.send(ScmBlockLocationProtocolServerSideTranslatorPB.java:112)
	at org.apache.hadoop.hdds.protocol.proto.ScmBlockLocationProtocolProtos$ScmBlockLocationProtocolService$2.callBlockingMethod(ScmBlockLocationProtocolProtos.java:13157)
	at org.apache.hadoop.ipc.ProtobufRpcEngine$Server$ProtoBufRpcInvoker.call(ProtobufRpcEngine.java:524)
	at org.apache.hadoop.ipc.RPC$Server.call(RPC.java:1025)
	at org.apache.hadoop.ipc.Server$RpcCall.run(Server.java:876)
	at org.apache.hadoop.ipc.Server$RpcCall.run(Server.java:822)
	at java.security.AccessController.doPrivileged(Native Method)
	at javax.security.auth.Subject.doAs(Subject.java:422)
	at org.apache.hadoop.security.UserGroupInformation.doAs(UserGroupInformation.java:1730)
	at org.apache.hadoop.ipc.Server$Handler.run(Server.java:2682)
2019-09-19 14:45:26,694 [IPC Server handler 14 on 41560] INFO  block.BlockManagerImpl (BlockManagerImpl.java:allocateBlock(198)) - Could not find available pipeline of type:RATIS and factor:THREE even after retrying
2019-09-19 14:45:26,694 [IPC Server handler 16 on 41560] INFO  block.BlockManagerImpl (BlockManagerImpl.java:allocateBlock(198)) - Could not find available pipeline of type:RATIS and factor:THREE even after retrying
2019-09-19 14:45:26,694 [IPC Server handler 16 on 41560] ERROR block.BlockManagerImpl (BlockManagerImpl.java:allocateBlock(222)) - Unable to allocate a block for the size: 4194304, type: RATIS, factor: THREE
2019-09-19 14:45:26,694 [IPC Server handler 17 on 41560] INFO  block.BlockManagerImpl (BlockManagerImpl.java:allocateBlock(198)) - Could not find available pipeline of type:RATIS and factor:THREE even after retrying
2019-09-19 14:45:26,695 | INFO  | SCMAudit | user=jenkins1000 | ip=192.168.5.132 | op=ALLOCATE_BLOCK {owner=3a7234f7-02f4-4d12-a85c-6e2111a7120e, size=4194304, type=RATIS, factor=THREE} | ret=SUCCESS |  
2019-09-19 14:45:26,694 [IPC Server handler 14 on 41560] ERROR block.BlockManagerImpl (BlockManagerImpl.java:allocateBlock(222)) - Unable to allocate a block for the size: 4194304, type: RATIS, factor: THREE
2019-09-19 14:45:26,694 [IPC Server handler 11 on 41560] INFO  block.BlockManagerImpl (BlockManagerImpl.java:allocateBlock(198)) - Could not find available pipeline of type:RATIS and factor:THREE even after retrying
2019-09-19 14:45:26,695 | INFO  | SCMAudit | user=jenkins1000 | ip=192.168.5.132 | op=ALLOCATE_BLOCK {owner=3a7234f7-02f4-4d12-a85c-6e2111a7120e, size=4194304, type=RATIS, factor=THREE} | ret=SUCCESS |  
2019-09-19 14:45:26,695 [IPC Server handler 11 on 41560] ERROR block.BlockManagerImpl (BlockManagerImpl.java:allocateBlock(222)) - Unable to allocate a block for the size: 4194304, type: RATIS, factor: THREE
2019-09-19 14:45:26,695 [IPC Server handler 17 on 41560] ERROR block.BlockManagerImpl (BlockManagerImpl.java:allocateBlock(222)) - Unable to allocate a block for the size: 4194304, type: RATIS, factor: THREE
2019-09-19 14:45:26,695 | INFO  | SCMAudit | user=jenkins1000 | ip=192.168.5.132 | op=ALLOCATE_BLOCK {owner=3a7234f7-02f4-4d12-a85c-6e2111a7120e, size=4194304, type=RATIS, factor=THREE} | ret=SUCCESS |  
2019-09-19 14:45:26,695 | INFO  | SCMAudit | user=jenkins1000 | ip=192.168.5.132 | op=ALLOCATE_BLOCK {owner=3a7234f7-02f4-4d12-a85c-6e2111a7120e, size=4194304, type=RATIS, factor=THREE} | ret=SUCCESS |  
2019-09-19 14:45:26,695 | ERROR | OMAudit | user=jenkins1000 | ip=127.0.0.1 | op=ALLOCATE_KEY {volume=vol-0-35863, bucket=bucket-0-61779, key=key-0-70816, dataSize=10240, replicationType=RATIS, replicationFactor=THREE, keyLocationInfo=null} | ret=FAILURE | org.apache.hadoop.hdds.scm.exceptions.SCMException: Allocated 0 blocks. Requested 1 blocks
	at org.apache.hadoop.hdds.scm.protocolPB.ScmBlockLocationProtocolClientSideTranslatorPB.handleError(ScmBlockLocationProtocolClientSideTranslatorPB.java:118)
	at org.apache.hadoop.hdds.scm.protocolPB.ScmBlockLocationProtocolClientSideTranslatorPB.allocateBlock(ScmBlockLocationProtocolClientSideTranslatorPB.java:156) 
2019-09-19 14:45:26,697 | ERROR | OMAudit | user=jenkins1000 | ip=127.0.0.1 | op=ALLOCATE_KEY {volume=vol-0-35863, bucket=bucket-1-68600, key=key-0-54490, dataSize=10240, replicationType=RATIS, replicationFactor=THREE, keyLocationInfo=null} | ret=FAILURE | org.apache.hadoop.hdds.scm.exceptions.SCMException: Allocated 0 blocks. Requested 1 blocks
	at org.apache.hadoop.hdds.scm.protocolPB.ScmBlockLocationProtocolClientSideTranslatorPB.handleError(ScmBlockLocationProtocolClientSideTranslatorPB.java:118)
	at org.apache.hadoop.hdds.scm.protocolPB.ScmBlockLocationProtocolClientSideTranslatorPB.allocateBlock(ScmBlockLocationProtocolClientSideTranslatorPB.java:156) 
2019-09-19 14:45:26,697 | ERROR | OMAudit | user=jenkins1000 | ip=127.0.0.1 | op=ALLOCATE_KEY {volume=vol-1-62673, bucket=bucket-3-64304, key=key-0-38051, dataSize=10240, replicationType=RATIS, replicationFactor=THREE, keyLocationInfo=null} | ret=FAILURE | org.apache.hadoop.hdds.scm.exceptions.SCMException: Allocated 0 blocks. Requested 1 blocks
	at org.apache.hadoop.hdds.scm.protocolPB.ScmBlockLocationProtocolClientSideTranslatorPB.handleError(ScmBlockLocationProtocolClientSideTranslatorPB.java:118)
	at org.apache.hadoop.hdds.scm.protocolPB.ScmBlockLocationProtocolClientSideTranslatorPB.allocateBlock(ScmBlockLocationProtocolClientSideTranslatorPB.java:156) 
2019-09-19 14:45:26,699 | ERROR | OMAudit | user=jenkins1000 | ip=127.0.0.1 | op=ALLOCATE_KEY {volume=vol-1-62673, bucket=bucket-4-59739, key=key-0-41510, dataSize=10240, replicationType=RATIS, replicationFactor=THREE, keyLocationInfo=null} | ret=FAILURE | org.apache.hadoop.hdds.scm.exceptions.SCMException: Allocated 0 blocks. Requested 1 blocks
	at org.apache.hadoop.hdds.scm.protocolPB.ScmBlockLocationProtocolClientSideTranslatorPB.handleError(ScmBlockLocationProtocolClientSideTranslatorPB.java:118)
	at org.apache.hadoop.hdds.scm.protocolPB.ScmBlockLocationProtocolClientSideTranslatorPB.allocateBlock(ScmBlockLocationProtocolClientSideTranslatorPB.java:156) 
2019-09-19 14:45:26,699 [pool-80-thread-7] ERROR freon.RandomKeyGenerator (RandomKeyGenerator.java:createKey(724)) - Exception while adding key: key-0-70816 in bucket: bucket-0-61779 of volume: vol-0-35863.
INTERNAL_ERROR org.apache.hadoop.ozone.om.exceptions.OMException: Allocated 0 blocks. Requested 1 blocks
	at org.apache.hadoop.ozone.om.protocolPB.OzoneManagerProtocolClientSideTranslatorPB.handleError(OzoneManagerProtocolClientSideTranslatorPB.java:725)
	at org.apache.hadoop.ozone.om.protocolPB.OzoneManagerProtocolClientSideTranslatorPB.openKey(OzoneManagerProtocolClientSideTranslatorPB.java:716)
	at org.apache.hadoop.ozone.client.rpc.RpcClient.createKey(RpcClient.java:615)
	at org.apache.hadoop.ozone.client.OzoneBucket.createKey(OzoneBucket.java:323)
	at org.apache.hadoop.ozone.freon.RandomKeyGenerator.createKey(RandomKeyGenerator.java:686)
	at org.apache.hadoop.ozone.freon.RandomKeyGenerator.access$1100(RandomKeyGenerator.java:87)
	at org.apache.hadoop.ozone.freon.RandomKeyGenerator$ObjectCreator.run(RandomKeyGenerator.java:606)
	at java.util.concurrent.Executors$RunnableAdapter.call(Executors.java:511)
	at java.util.concurrent.FutureTask.run(FutureTask.java:266)
	at java.util.concurrent.ThreadPoolExecutor.runWorker(ThreadPoolExecutor.java:1149)
	at java.util.concurrent.ThreadPoolExecutor$Worker.run(ThreadPoolExecutor.java:624)
	at java.lang.Thread.run(Thread.java:748)
2019-09-19 14:45:26,699 [pool-80-thread-1] ERROR freon.RandomKeyGenerator (RandomKeyGenerator.java:createKey(724)) - Exception while adding key: key-0-54490 in bucket: bucket-1-68600 of volume: vol-0-35863.
INTERNAL_ERROR org.apache.hadoop.ozone.om.exceptions.OMException: Allocated 0 blocks. Requested 1 blocks
	at org.apache.hadoop.ozone.om.protocolPB.OzoneManagerProtocolClientSideTranslatorPB.handleError(OzoneManagerProtocolClientSideTranslatorPB.java:725)
	at org.apache.hadoop.ozone.om.protocolPB.OzoneManagerProtocolClientSideTranslatorPB.openKey(OzoneManagerProtocolClientSideTranslatorPB.java:716)
	at org.apache.hadoop.ozone.client.rpc.RpcClient.createKey(RpcClient.java:615)
	at org.apache.hadoop.ozone.client.OzoneBucket.createKey(OzoneBucket.java:323)
	at org.apache.hadoop.ozone.freon.RandomKeyGenerator.createKey(RandomKeyGenerator.java:686)
	at org.apache.hadoop.ozone.freon.RandomKeyGenerator.access$1100(RandomKeyGenerator.java:87)
	at org.apache.hadoop.ozone.freon.RandomKeyGenerator$ObjectCreator.run(RandomKeyGenerator.java:606)
	at java.util.concurrent.Executors$RunnableAdapter.call(Executors.java:511)
	at java.util.concurrent.FutureTask.run(FutureTask.java:266)
	at java.util.concurrent.ThreadPoolExecutor.runWorker(ThreadPoolExecutor.java:1149)
	at java.util.concurrent.ThreadPoolExecutor$Worker.run(ThreadPoolExecutor.java:624)
	at java.lang.Thread.run(Thread.java:748)
2019-09-19 14:45:26,699 [pool-80-thread-5] ERROR freon.RandomKeyGenerator (RandomKeyGenerator.java:createKey(724)) - Exception while adding key: key-0-41510 in bucket: bucket-4-59739 of volume: vol-1-62673.
INTERNAL_ERROR org.apache.hadoop.ozone.om.exceptions.OMException: Allocated 0 blocks. Requested 1 blocks
	at org.apache.hadoop.ozone.om.protocolPB.OzoneManagerProtocolClientSideTranslatorPB.handleError(OzoneManagerProtocolClientSideTranslatorPB.java:725)
	at org.apache.hadoop.ozone.om.protocolPB.OzoneManagerProtocolClientSideTranslatorPB.openKey(OzoneManagerProtocolClientSideTranslatorPB.java:716)
	at org.apache.hadoop.ozone.client.rpc.RpcClient.createKey(RpcClient.java:615)
	at org.apache.hadoop.ozone.client.OzoneBucket.createKey(OzoneBucket.java:323)
	at org.apache.hadoop.ozone.freon.RandomKeyGenerator.createKey(RandomKeyGenerator.java:686)
	at org.apache.hadoop.ozone.freon.RandomKeyGenerator.access$1100(RandomKeyGenerator.java:87)
	at org.apache.hadoop.ozone.freon.RandomKeyGenerator$ObjectCreator.run(RandomKeyGenerator.java:606)
	at java.util.concurrent.Executors$RunnableAdapter.call(Executors.java:511)
	at java.util.concurrent.FutureTask.run(FutureTask.java:266)
	at java.util.concurrent.ThreadPoolExecutor.runWorker(ThreadPoolExecutor.java:1149)
	at java.util.concurrent.ThreadPoolExecutor$Worker.run(ThreadPoolExecutor.java:624)
	at java.lang.Thread.run(Thread.java:748)
2019-09-19 14:45:26,699 [pool-80-thread-3] ERROR freon.RandomKeyGenerator (RandomKeyGenerator.java:createKey(724)) - Exception while adding key: key-0-38051 in bucket: bucket-3-64304 of volume: vol-1-62673.
INTERNAL_ERROR org.apache.hadoop.ozone.om.exceptions.OMException: Allocated 0 blocks. Requested 1 blocks
	at org.apache.hadoop.ozone.om.protocolPB.OzoneManagerProtocolClientSideTranslatorPB.handleError(OzoneManagerProtocolClientSideTranslatorPB.java:725)
	at org.apache.hadoop.ozone.om.protocolPB.OzoneManagerProtocolClientSideTranslatorPB.openKey(OzoneManagerProtocolClientSideTranslatorPB.java:716)
	at org.apache.hadoop.ozone.client.rpc.RpcClient.createKey(RpcClient.java:615)
	at org.apache.hadoop.ozone.client.OzoneBucket.createKey(OzoneBucket.java:323)
	at org.apache.hadoop.ozone.freon.RandomKeyGenerator.createKey(RandomKeyGenerator.java:686)
	at org.apache.hadoop.ozone.freon.RandomKeyGenerator.access$1100(RandomKeyGenerator.java:87)
	at org.apache.hadoop.ozone.freon.RandomKeyGenerator$ObjectCreator.run(RandomKeyGenerator.java:606)
	at java.util.concurrent.Executors$RunnableAdapter.call(Executors.java:511)
	at java.util.concurrent.FutureTask.run(FutureTask.java:266)
	at java.util.concurrent.ThreadPoolExecutor.runWorker(ThreadPoolExecutor.java:1149)
	at java.util.concurrent.ThreadPoolExecutor$Worker.run(ThreadPoolExecutor.java:624)
	at java.lang.Thread.run(Thread.java:748)
2019-09-19 14:45:26,798 | INFO  | SCMAudit | user=jenkins1000 | ip=192.168.5.132 | op=SEND_HEARTBEAT {datanodeUUID=dbc49482-0539-4069-8573-d74be766be9f, command=[]} | ret=SUCCESS |  
2019-09-19 14:45:27,054 | INFO  | SCMAudit | user=jenkins1000 | ip=192.168.5.132 | op=SEND_HEARTBEAT {datanodeUUID=7bb82aea-de54-461a-943d-5c63d8edb395, command=[]} | ret=SUCCESS |  
2019-09-19 14:45:27,140 | INFO  | SCMAudit | user=jenkins1000 | ip=192.168.5.132 | op=SEND_HEARTBEAT {datanodeUUID=d074c048-3e38-4e2d-895f-3654e5a631aa, command=[]} | ret=SUCCESS |  
2019-09-19 14:45:27,341 | INFO  | SCMAudit | user=jenkins1000 | ip=192.168.5.132 | op=SEND_HEARTBEAT {datanodeUUID=a0762623-a339-4c04-8cb0-9d92457e5b77, command=[]} | ret=SUCCESS |  
2019-09-19 14:45:27,502 | INFO  | SCMAudit | user=jenkins1000 | ip=192.168.5.132 | op=SEND_HEARTBEAT {datanodeUUID=a38eeb7b-34bc-498a-82af-c91824ca14e3, command=[]} | ret=SUCCESS |  
 0.00% |█                                                                                                    |  0/100 Time: 0:00:012019-09-19 14:45:27,799 | INFO  | SCMAudit | user=jenkins1000 | ip=192.168.5.132 | op=SEND_HEARTBEAT {datanodeUUID=dbc49482-0539-4069-8573-d74be766be9f, command=[]} | ret=SUCCESS |  
2019-09-19 14:45:28,054 | INFO  | SCMAudit | user=jenkins1000 | ip=192.168.5.132 | op=SEND_HEARTBEAT {datanodeUUID=7bb82aea-de54-461a-943d-5c63d8edb395, command=[]} | ret=SUCCESS |  
2019-09-19 14:45:28,140 | INFO  | SCMAudit | user=jenkins1000 | ip=192.168.5.132 | op=SEND_HEARTBEAT {datanodeUUID=d074c048-3e38-4e2d-895f-3654e5a631aa, command=[]} | ret=SUCCESS |  
2019-09-19 14:45:28,341 | INFO  | SCMAudit | user=jenkins1000 | ip=192.168.5.132 | op=SEND_HEARTBEAT {datanodeUUID=a0762623-a339-4c04-8cb0-9d92457e5b77, command=[]} | ret=SUCCESS |  
2019-09-19 14:45:28,502 | INFO  | SCMAudit | user=jenkins1000 | ip=192.168.5.132 | op=SEND_HEARTBEAT {datanodeUUID=a38eeb7b-34bc-498a-82af-c91824ca14e3, command=[]} | ret=SUCCESS |  
 0.00% |█                                                                                                    |  0/100 Time: 0:00:022019-09-19 14:45:28,800 | INFO  | SCMAudit | user=jenkins1000 | ip=192.168.5.132 | op=SEND_HEARTBEAT {datanodeUUID=dbc49482-0539-4069-8573-d74be766be9f, command=[]} | ret=SUCCESS |  
2019-09-19 14:45:29,055 | INFO  | SCMAudit | user=jenkins1000 | ip=192.168.5.132 | op=SEND_HEARTBEAT {datanodeUUID=7bb82aea-de54-461a-943d-5c63d8edb395, command=[]} | ret=SUCCESS |  
2019-09-19 14:45:29,140 | INFO  | SCMAudit | user=jenkins1000 | ip=192.168.5.132 | op=SEND_HEARTBEAT {datanodeUUID=d074c048-3e38-4e2d-895f-3654e5a631aa, command=[]} | ret=SUCCESS |  
2019-09-19 14:45:29,340 | INFO  | SCMAudit | user=jenkins1000 | ip=192.168.5.132 | op=SEND_HEARTBEAT {datanodeUUID=a0762623-a339-4c04-8cb0-9d92457e5b77, command=[]} | ret=SUCCESS |  
2019-09-19 14:45:29,503 | INFO  | SCMAudit | user=jenkins1000 | ip=192.168.5.132 | op=SEND_HEARTBEAT {datanodeUUID=a38eeb7b-34bc-498a-82af-c91824ca14e3, command=[]} | ret=SUCCESS |  
 0.00% |█                                                                                                    |  0/100 Time: 0:00:032019-09-19 14:45:29,800 | INFO  | SCMAudit | user=jenkins1000 | ip=192.168.5.132 | op=SEND_HEARTBEAT {datanodeUUID=dbc49482-0539-4069-8573-d74be766be9f, command=[]} | ret=SUCCESS |  
2019-09-19 14:45:30,055 | INFO  | SCMAudit | user=jenkins1000 | ip=192.168.5.132 | op=SEND_HEARTBEAT {datanodeUUID=7bb82aea-de54-461a-943d-5c63d8edb395, command=[]} | ret=SUCCESS |  
2019-09-19 14:45:30,139 | INFO  | SCMAudit | user=jenkins1000 | ip=192.168.5.132 | op=SEND_HEARTBEAT {datanodeUUID=d074c048-3e38-4e2d-895f-3654e5a631aa, command=[]} | ret=SUCCESS |  
2019-09-19 14:45:30,341 | INFO  | SCMAudit | user=jenkins1000 | ip=192.168.5.132 | op=SEND_HEARTBEAT {datanodeUUID=a0762623-a339-4c04-8cb0-9d92457e5b77, command=[]} | ret=SUCCESS |  
2019-09-19 14:45:30,503 | INFO  | SCMAudit | user=jenkins1000 | ip=192.168.5.132 | op=SEND_HEARTBEAT {datanodeUUID=a38eeb7b-34bc-498a-82af-c91824ca14e3, command=[]} | ret=SUCCESS |  
 0.00% |█                                                                                                    |  0/100 Time: 0:00:042019-09-19 14:45:30,800 | INFO  | SCMAudit | user=jenkins1000 | ip=192.168.5.132 | op=SEND_HEARTBEAT {datanodeUUID=dbc49482-0539-4069-8573-d74be766be9f, command=[]} | ret=SUCCESS |  
2019-09-19 14:45:31,055 | INFO  | SCMAudit | user=jenkins1000 | ip=192.168.5.132 | op=SEND_HEARTBEAT {datanodeUUID=7bb82aea-de54-461a-943d-5c63d8edb395, command=[]} | ret=SUCCESS |  
2019-09-19 14:45:31,140 | INFO  | SCMAudit | user=jenkins1000 | ip=192.168.5.132 | op=SEND_HEARTBEAT {datanodeUUID=d074c048-3e38-4e2d-895f-3654e5a631aa, command=[]} | ret=SUCCESS |  
2019-09-19 14:45:31,341 | INFO  | SCMAudit | user=jenkins1000 | ip=192.168.5.132 | op=SEND_HEARTBEAT {datanodeUUID=a0762623-a339-4c04-8cb0-9d92457e5b77, command=[]} | ret=SUCCESS |  
2019-09-19 14:45:31,503 | INFO  | SCMAudit | user=jenkins1000 | ip=192.168.5.132 | op=SEND_HEARTBEAT {datanodeUUID=a38eeb7b-34bc-498a-82af-c91824ca14e3, command=[]} | ret=SUCCESS |  
 100.00% |█████████████████████████████████████████████████████████████████████████████████████████████████████|  100/100 Time: 0:00:05
2019-09-19 14:45:31,800 | INFO  | SCMAudit | user=jenkins1000 | ip=192.168.5.132 | op=SEND_HEARTBEAT {datanodeUUID=dbc49482-0539-4069-8573-d74be766be9f, command=[]} | ret=SUCCESS |  
2019-09-19 14:45:32,055 | INFO  | SCMAudit | user=jenkins1000 | ip=192.168.5.132 | op=SEND_HEARTBEAT {datanodeUUID=7bb82aea-de54-461a-943d-5c63d8edb395, command=[]} | ret=SUCCESS |  
2019-09-19 14:45:32,140 | INFO  | SCMAudit | user=jenkins1000 | ip=192.168.5.132 | op=SEND_HEARTBEAT {datanodeUUID=d074c048-3e38-4e2d-895f-3654e5a631aa, command=[]} | ret=SUCCESS |  
2019-09-19 14:45:32,342 | INFO  | SCMAudit | user=jenkins1000 | ip=192.168.5.132 | op=SEND_HEARTBEAT {datanodeUUID=a0762623-a339-4c04-8cb0-9d92457e5b77, command=[]} | ret=SUCCESS |  
2019-09-19 14:45:32,503 | INFO  | SCMAudit | user=jenkins1000 | ip=192.168.5.132 | op=SEND_HEARTBEAT {datanodeUUID=a38eeb7b-34bc-498a-82af-c91824ca14e3, command=[]} | ret=SUCCESS |  
2019-09-19 14:45:32,800 | INFO  | SCMAudit | user=jenkins1000 | ip=192.168.5.132 | op=SEND_HEARTBEAT {datanodeUUID=dbc49482-0539-4069-8573-d74be766be9f, command=[]} | ret=SUCCESS |  
2019-09-19 14:45:33,055 | INFO  | SCMAudit | user=jenkins1000 | ip=192.168.5.132 | op=SEND_HEARTBEAT {datanodeUUID=7bb82aea-de54-461a-943d-5c63d8edb395, command=[]} | ret=SUCCESS |  
2019-09-19 14:45:33,140 | INFO  | SCMAudit | user=jenkins1000 | ip=192.168.5.132 | op=SEND_HEARTBEAT {datanodeUUID=d074c048-3e38-4e2d-895f-3654e5a631aa, command=[]} | ret=SUCCESS |  
2019-09-19 14:45:33,342 | INFO  | SCMAudit | user=jenkins1000 | ip=192.168.5.132 | op=SEND_HEARTBEAT {datanodeUUID=a0762623-a339-4c04-8cb0-9d92457e5b77, command=[]} | ret=SUCCESS |  
2019-09-19 14:45:33,503 | INFO  | SCMAudit | user=jenkins1000 | ip=192.168.5.132 | op=SEND_HEARTBEAT {datanodeUUID=a38eeb7b-34bc-498a-82af-c91824ca14e3, command=[]} | ret=SUCCESS |  
2019-09-19 14:45:33,799 | INFO  | SCMAudit | user=jenkins1000 | ip=192.168.5.132 | op=SEND_HEARTBEAT {datanodeUUID=dbc49482-0539-4069-8573-d74be766be9f, command=[]} | ret=SUCCESS |  
2019-09-19 14:45:34,055 | INFO  | SCMAudit | user=jenkins1000 | ip=192.168.5.132 | op=SEND_HEARTBEAT {datanodeUUID=7bb82aea-de54-461a-943d-5c63d8edb395, command=[]} | ret=SUCCESS |  
2019-09-19 14:45:34,139 | INFO  | SCMAudit | user=jenkins1000 | ip=192.168.5.132 | op=SEND_HEARTBEAT {datanodeUUID=d074c048-3e38-4e2d-895f-3654e5a631aa, command=[]} | ret=SUCCESS |  
2019-09-19 14:45:34,342 | INFO  | SCMAudit | user=jenkins1000 | ip=192.168.5.132 | op=SEND_HEARTBEAT {datanodeUUID=a0762623-a339-4c04-8cb0-9d92457e5b77, command=[]} | ret=SUCCESS |  
2019-09-19 14:45:34,503 | INFO  | SCMAudit | user=jenkins1000 | ip=192.168.5.132 | op=SEND_HEARTBEAT {datanodeUUID=a38eeb7b-34bc-498a-82af-c91824ca14e3, command=[]} | ret=SUCCESS |  
2019-09-19 14:45:34,799 | INFO  | SCMAudit | user=jenkins1000 | ip=192.168.5.132 | op=SEND_HEARTBEAT {datanodeUUID=dbc49482-0539-4069-8573-d74be766be9f, command=[]} | ret=SUCCESS |  
2019-09-19 14:45:35,055 | INFO  | SCMAudit | user=jenkins1000 | ip=192.168.5.132 | op=SEND_HEARTBEAT {datanodeUUID=7bb82aea-de54-461a-943d-5c63d8edb395, command=[]} | ret=SUCCESS |  
2019-09-19 14:45:35,140 | INFO  | SCMAudit | user=jenkins1000 | ip=192.168.5.132 | op=SEND_HEARTBEAT {datanodeUUID=d074c048-3e38-4e2d-895f-3654e5a631aa, command=[]} | ret=SUCCESS |  
2019-09-19 14:45:35,342 | INFO  | SCMAudit | user=jenkins1000 | ip=192.168.5.132 | op=SEND_HEARTBEAT {datanodeUUID=a0762623-a339-4c04-8cb0-9d92457e5b77, command=[]} | ret=SUCCESS |  
2019-09-19 14:45:35,503 | INFO  | SCMAudit | user=jenkins1000 | ip=192.168.5.132 | op=SEND_HEARTBEAT {datanodeUUID=a38eeb7b-34bc-498a-82af-c91824ca14e3, command=[]} | ret=SUCCESS |  
2019-09-19 14:45:35,799 | INFO  | SCMAudit | user=jenkins1000 | ip=192.168.5.132 | op=SEND_HEARTBEAT {datanodeUUID=dbc49482-0539-4069-8573-d74be766be9f, command=[]} | ret=SUCCESS |  
2019-09-19 14:45:36,055 | INFO  | SCMAudit | user=jenkins1000 | ip=192.168.5.132 | op=SEND_HEARTBEAT {datanodeUUID=7bb82aea-de54-461a-943d-5c63d8edb395, command=[]} | ret=SUCCESS |  
2019-09-19 14:45:36,139 | INFO  | SCMAudit | user=jenkins1000 | ip=192.168.5.132 | op=SEND_HEARTBEAT {datanodeUUID=d074c048-3e38-4e2d-895f-3654e5a631aa, command=[]} | ret=SUCCESS |  
2019-09-19 14:45:36,341 | INFO  | SCMAudit | user=jenkins1000 | ip=192.168.5.132 | op=SEND_HEARTBEAT {datanodeUUID=a0762623-a339-4c04-8cb0-9d92457e5b77, command=[]} | ret=SUCCESS |  
2019-09-19 14:45:36,503 | INFO  | SCMAudit | user=jenkins1000 | ip=192.168.5.132 | op=SEND_HEARTBEAT {datanodeUUID=a38eeb7b-34bc-498a-82af-c91824ca14e3, command=[]} | ret=SUCCESS |  
]]></system-out>
  </testcase>
</testsuite>