<?xml version="1.0" encoding="UTF-8"?>
<testsuite xmlns:xsi="http://www.w3.org/2001/XMLSchema-instance" xsi:noNamespaceSchemaLocation="https://maven.apache.org/surefire/maven-surefire-plugin/xsd/surefire-test-report.xsd" name="org.apache.hadoop.ozone.freon.TestRandomKeyGenerator" time="206.267" tests="6" errors="1" skipped="0" failures="0">
  <properties>
    <property name="awt.toolkit" value="sun.awt.X11.XToolkit"/>
    <property name="file.encoding.pkg" value="sun.io"/>
    <property name="java.specification.version" value="1.8"/>
    <property name="sun.cpu.isalist" value=""/>
    <property name="sun.jnu.encoding" value="UTF-8"/>
    <property name="java.class.path" value="/workdir/hadoop-ozone/tools/target/test-classes:/workdir/hadoop-ozone/tools/target/classes:/home/user/.m2/repository/org/apache/hadoop/hadoop-ozone-ozone-manager/0.5.0-SNAPSHOT/hadoop-ozone-ozone-manager-0.5.0-SNAPSHOT.jar:/home/user/.m2/repository/org/apache/hadoop/hadoop-hdds-docs/0.5.0-SNAPSHOT/hadoop-hdds-docs-0.5.0-SNAPSHOT.jar:/home/user/.m2/repository/org/bouncycastle/bcprov-jdk15on/1.60/bcprov-jdk15on-1.60.jar:/home/user/.m2/repository/org/apache/hadoop/hadoop-ozone-common/0.5.0-SNAPSHOT/hadoop-ozone-common-0.5.0-SNAPSHOT.jar:/home/user/.m2/repository/org/apache/commons/commons-compress/1.4.1/commons-compress-1.4.1.jar:/home/user/.m2/repository/org/tukaani/xz/1.0/xz-1.0.jar:/home/user/.m2/repository/org/apache/hadoop/hadoop-hdfs-client/3.2.0/hadoop-hdfs-client-3.2.0.jar:/home/user/.m2/repository/com/fasterxml/jackson/core/jackson-annotations/2.9.9/jackson-annotations-2.9.9.jar:/home/user/.m2/repository/org/apache/hadoop/hadoop-hdds-common/0.5.0-SNAPSHOT/hadoop-hdds-common-0.5.0-SNAPSHOT.jar:/home/user/.m2/repository/org/apache/hadoop/hadoop-hdds-config/0.5.0-SNAPSHOT/hadoop-hdds-config-0.5.0-SNAPSHOT.jar:/home/user/.m2/repository/javax/annotation/javax.annotation-api/1.2/javax.annotation-api-1.2.jar:/home/user/.m2/repository/org/apache/ratis/ratis-server/0.4.0/ratis-server-0.4.0.jar:/home/user/.m2/repository/org/apache/ratis/ratis-thirdparty-misc/0.2.0/ratis-thirdparty-misc-0.2.0.jar:/home/user/.m2/repository/org/apache/ratis/ratis-proto/0.4.0/ratis-proto-0.4.0.jar:/home/user/.m2/repository/org/apache/ratis/ratis-common/0.4.0/ratis-common-0.4.0.jar:/home/user/.m2/repository/org/apache/ratis/ratis-client/0.4.0/ratis-client-0.4.0.jar:/home/user/.m2/repository/org/apache/ratis/ratis-metrics/0.4.0/ratis-metrics-0.4.0.jar:/home/user/.m2/repository/com/github/joshelser/dropwizard-metrics-hadoop-metrics2-reporter/0.1.2/dropwizard-metrics-hadoop-metrics2-reporter-0.1.2.jar:/home/user/.m2/repository/io/dropwizard/metrics/metrics-jvm/3.2.5/metrics-jvm-3.2.5.jar:/home/user/.m2/repository/io/dropwizard/metrics/metrics-ganglia/3.2.5/metrics-ganglia-3.2.5.jar:/home/user/.m2/repository/info/ganglia/gmetric4j/gmetric4j/1.0.7/gmetric4j-1.0.7.jar:/home/user/.m2/repository/org/apache/ratis/ratis-netty/0.4.0/ratis-netty-0.4.0.jar:/home/user/.m2/repository/org/apache/ratis/ratis-grpc/0.4.0/ratis-grpc-0.4.0.jar:/home/user/.m2/repository/org/rocksdb/rocksdbjni/6.0.1/rocksdbjni-6.0.1.jar:/home/user/.m2/repository/org/apache/logging/log4j/log4j-api/2.11.0/log4j-api-2.11.0.jar:/home/user/.m2/repository/org/apache/logging/log4j/log4j-core/2.11.0/log4j-core-2.11.0.jar:/home/user/.m2/repository/com/lmax/disruptor/3.4.2/disruptor-3.4.2.jar:/home/user/.m2/repository/org/apache/commons/commons-pool2/2.6.0/commons-pool2-2.6.0.jar:/home/user/.m2/repository/org/bouncycastle/bcpkix-jdk15on/1.60/bcpkix-jdk15on-1.60.jar:/home/user/.m2/repository/commons-validator/commons-validator/1.6/commons-validator-1.6.jar:/home/user/.m2/repository/commons-digester/commons-digester/1.8.1/commons-digester-1.8.1.jar:/home/user/.m2/repository/io/jaegertracing/jaeger-client/0.34.0/jaeger-client-0.34.0.jar:/home/user/.m2/repository/io/jaegertracing/jaeger-thrift/0.34.0/jaeger-thrift-0.34.0.jar:/home/user/.m2/repository/org/apache/thrift/libthrift/0.12.0/libthrift-0.12.0.jar:/home/user/.m2/repository/com/squareup/okhttp3/okhttp/3.9.0/okhttp-3.9.0.jar:/home/user/.m2/repository/com/squareup/okio/okio/1.13.0/okio-1.13.0.jar:/home/user/.m2/repository/io/jaegertracing/jaeger-core/0.34.0/jaeger-core-0.34.0.jar:/home/user/.m2/repository/io/jaegertracing/jaeger-tracerresolver/0.34.0/jaeger-tracerresolver-0.34.0.jar:/home/user/.m2/repository/io/opentracing/contrib/opentracing-tracerresolver/0.1.5/opentracing-tracerresolver-0.1.5.jar:/home/user/.m2/repository/io/opentracing/opentracing-util/0.31.0/opentracing-util-0.31.0.jar:/home/user/.m2/repository/io/opentracing/opentracing-api/0.31.0/opentracing-api-0.31.0.jar:/home/user/.m2/repository/io/opentracing/opentracing-noop/0.31.0/opentracing-noop-0.31.0.jar:/home/user/.m2/repository/org/yaml/snakeyaml/1.16/snakeyaml-1.16.jar:/home/user/.m2/repository/org/apache/hadoop/hadoop-hdds-container-service/0.5.0-SNAPSHOT/hadoop-hdds-container-service-0.5.0-SNAPSHOT.jar:/home/user/.m2/repository/org/apache/hadoop/hadoop-hdds-client/0.5.0-SNAPSHOT/hadoop-hdds-client-0.5.0-SNAPSHOT.jar:/home/user/.m2/repository/org/apache/hadoop/hadoop-hdds-tools/0.5.0-SNAPSHOT/hadoop-hdds-tools-0.5.0-SNAPSHOT.jar:/home/user/.m2/repository/org/xerial/sqlite-jdbc/3.25.2/sqlite-jdbc-3.25.2.jar:/home/user/.m2/repository/org/apache/hadoop/hadoop-hdds-server-scm/0.5.0-SNAPSHOT/hadoop-hdds-server-scm-0.5.0-SNAPSHOT.jar:/home/user/.m2/repository/org/hamcrest/hamcrest-all/1.3/hamcrest-all-1.3.jar:/home/user/.m2/repository/info/picocli/picocli/3.9.6/picocli-3.9.6.jar:/home/user/.m2/repository/com/google/protobuf/protobuf-java/2.5.0/protobuf-java-2.5.0.jar:/home/user/.m2/repository/com/google/guava/guava/11.0.2/guava-11.0.2.jar:/home/user/.m2/repository/org/apache/hadoop/hadoop-ozone-client/0.5.0-SNAPSHOT/hadoop-ozone-client-0.5.0-SNAPSHOT.jar:/workdir/hadoop-ozone/ozonefs/target/classes:/home/user/.m2/repository/org/apache/httpcomponents/httpclient/4.5.2/httpclient-4.5.2.jar:/home/user/.m2/repository/org/apache/httpcomponents/httpcore/4.4.4/httpcore-4.4.4.jar:/home/user/.m2/repository/org/apache/hadoop/hadoop-hdds-server-framework/0.5.0-SNAPSHOT/hadoop-hdds-server-framework-0.5.0-SNAPSHOT.jar:/home/user/.m2/repository/org/apache/hadoop/hadoop-common/3.2.0/hadoop-common-3.2.0.jar:/home/user/.m2/repository/org/apache/hadoop/hadoop-annotations/3.2.0/hadoop-annotations-3.2.0.jar:/usr/lib/jvm/java-1.8-openjdk/jre/../lib/tools.jar:/home/user/.m2/repository/commons-cli/commons-cli/1.2/commons-cli-1.2.jar:/home/user/.m2/repository/org/apache/commons/commons-math3/3.1.1/commons-math3-3.1.1.jar:/home/user/.m2/repository/commons-codec/commons-codec/1.11/commons-codec-1.11.jar:/home/user/.m2/repository/commons-io/commons-io/2.5/commons-io-2.5.jar:/home/user/.m2/repository/commons-net/commons-net/3.6/commons-net-3.6.jar:/home/user/.m2/repository/commons-collections/commons-collections/3.2.2/commons-collections-3.2.2.jar:/home/user/.m2/repository/javax/servlet/javax.servlet-api/3.1.0/javax.servlet-api-3.1.0.jar:/home/user/.m2/repository/org/eclipse/jetty/jetty-server/9.3.25.v20180904/jetty-server-9.3.25.v20180904.jar:/home/user/.m2/repository/org/eclipse/jetty/jetty-http/9.3.25.v20180904/jetty-http-9.3.25.v20180904.jar:/home/user/.m2/repository/org/eclipse/jetty/jetty-io/9.3.25.v20180904/jetty-io-9.3.25.v20180904.jar:/home/user/.m2/repository/org/eclipse/jetty/jetty-util/9.3.25.v20180904/jetty-util-9.3.25.v20180904.jar:/home/user/.m2/repository/org/eclipse/jetty/jetty-servlet/9.3.25.v20180904/jetty-servlet-9.3.25.v20180904.jar:/home/user/.m2/repository/org/eclipse/jetty/jetty-security/9.3.25.v20180904/jetty-security-9.3.25.v20180904.jar:/home/user/.m2/repository/org/eclipse/jetty/jetty-webapp/9.3.25.v20180904/jetty-webapp-9.3.25.v20180904.jar:/home/user/.m2/repository/org/eclipse/jetty/jetty-xml/9.3.25.v20180904/jetty-xml-9.3.25.v20180904.jar:/home/user/.m2/repository/javax/servlet/jsp/jsp-api/2.1/jsp-api-2.1.jar:/home/user/.m2/repository/com/sun/jersey/jersey-core/1.19/jersey-core-1.19.jar:/home/user/.m2/repository/javax/ws/rs/jsr311-api/1.1.1/jsr311-api-1.1.1.jar:/home/user/.m2/repository/com/sun/jersey/jersey-servlet/1.19/jersey-servlet-1.19.jar:/home/user/.m2/repository/com/sun/jersey/jersey-json/1.19/jersey-json-1.19.jar:/home/user/.m2/repository/org/codehaus/jettison/jettison/1.1/jettison-1.1.jar:/home/user/.m2/repository/com/sun/xml/bind/jaxb-impl/2.3.0.1/jaxb-impl-2.3.0.1.jar:/home/user/.m2/repository/org/codehaus/jackson/jackson-core-asl/1.9.13/jackson-core-asl-1.9.13.jar:/home/user/.m2/repository/org/codehaus/jackson/jackson-mapper-asl/1.9.13/jackson-mapper-asl-1.9.13.jar:/home/user/.m2/repository/org/codehaus/jackson/jackson-jaxrs/1.9.13/jackson-jaxrs-1.9.13.jar:/home/user/.m2/repository/org/codehaus/jackson/jackson-xc/1.9.13/jackson-xc-1.9.13.jar:/home/user/.m2/repository/com/sun/jersey/jersey-server/1.19/jersey-server-1.19.jar:/home/user/.m2/repository/commons-logging/commons-logging/1.1.3/commons-logging-1.1.3.jar:/home/user/.m2/repository/log4j/log4j/1.2.17/log4j-1.2.17.jar:/home/user/.m2/repository/commons-beanutils/commons-beanutils/1.9.4/commons-beanutils-1.9.4.jar:/home/user/.m2/repository/org/apache/commons/commons-configuration2/2.1.1/commons-configuration2-2.1.1.jar:/home/user/.m2/repository/org/apache/commons/commons-lang3/3.7/commons-lang3-3.7.jar:/home/user/.m2/repository/org/apache/commons/commons-text/1.4/commons-text-1.4.jar:/home/user/.m2/repository/org/slf4j/slf4j-api/1.7.25/slf4j-api-1.7.25.jar:/home/user/.m2/repository/org/slf4j/slf4j-log4j12/1.7.25/slf4j-log4j12-1.7.25.jar:/home/user/.m2/repository/org/apache/avro/avro/1.7.7/avro-1.7.7.jar:/home/user/.m2/repository/com/thoughtworks/paranamer/paranamer/2.3/paranamer-2.3.jar:/home/user/.m2/repository/org/xerial/snappy/snappy-java/1.0.5/snappy-java-1.0.5.jar:/home/user/.m2/repository/com/google/re2j/re2j/1.1/re2j-1.1.jar:/home/user/.m2/repository/com/google/code/gson/gson/2.2.4/gson-2.2.4.jar:/home/user/.m2/repository/org/apache/hadoop/hadoop-auth/3.2.0/hadoop-auth-3.2.0.jar:/home/user/.m2/repository/com/nimbusds/nimbus-jose-jwt/4.41.1/nimbus-jose-jwt-4.41.1.jar:/home/user/.m2/repository/com/github/stephenc/jcip/jcip-annotations/1.0-1/jcip-annotations-1.0-1.jar:/home/user/.m2/repository/net/minidev/json-smart/2.3/json-smart-2.3.jar:/home/user/.m2/repository/net/minidev/accessors-smart/1.2/accessors-smart-1.2.jar:/home/user/.m2/repository/org/apache/curator/curator-framework/2.12.0/curator-framework-2.12.0.jar:/home/user/.m2/repository/com/jcraft/jsch/0.1.54/jsch-0.1.54.jar:/home/user/.m2/repository/org/apache/curator/curator-client/2.12.0/curator-client-2.12.0.jar:/home/user/.m2/repository/org/apache/curator/curator-recipes/2.12.0/curator-recipes-2.12.0.jar:/home/user/.m2/repository/com/google/code/findbugs/jsr305/3.0.0/jsr305-3.0.0.jar:/home/user/.m2/repository/org/apache/htrace/htrace-core4/4.1.0-incubating/htrace-core4-4.1.0-incubating.jar:/home/user/.m2/repository/org/apache/zookeeper/zookeeper/3.4.13/zookeeper-3.4.13.jar:/home/user/.m2/repository/jline/jline/0.9.94/jline-0.9.94.jar:/home/user/.m2/repository/org/apache/yetus/audience-annotations/0.5.0/audience-annotations-0.5.0.jar:/home/user/.m2/repository/org/apache/kerby/kerb-simplekdc/1.0.1/kerb-simplekdc-1.0.1.jar:/home/user/.m2/repository/org/apache/kerby/kerb-client/1.0.1/kerb-client-1.0.1.jar:/home/user/.m2/repository/org/apache/kerby/kerby-config/1.0.1/kerby-config-1.0.1.jar:/home/user/.m2/repository/org/apache/kerby/kerb-core/1.0.1/kerb-core-1.0.1.jar:/home/user/.m2/repository/org/apache/kerby/kerby-pkix/1.0.1/kerby-pkix-1.0.1.jar:/home/user/.m2/repository/org/apache/kerby/kerby-asn1/1.0.1/kerby-asn1-1.0.1.jar:/home/user/.m2/repository/org/apache/kerby/kerby-util/1.0.1/kerby-util-1.0.1.jar:/home/user/.m2/repository/org/apache/kerby/kerb-common/1.0.1/kerb-common-1.0.1.jar:/home/user/.m2/repository/org/apache/kerby/kerb-crypto/1.0.1/kerb-crypto-1.0.1.jar:/home/user/.m2/repository/org/apache/kerby/kerb-util/1.0.1/kerb-util-1.0.1.jar:/home/user/.m2/repository/org/apache/kerby/token-provider/1.0.1/token-provider-1.0.1.jar:/home/user/.m2/repository/org/apache/kerby/kerb-admin/1.0.1/kerb-admin-1.0.1.jar:/home/user/.m2/repository/org/apache/kerby/kerb-server/1.0.1/kerb-server-1.0.1.jar:/home/user/.m2/repository/org/apache/kerby/kerb-identity/1.0.1/kerb-identity-1.0.1.jar:/home/user/.m2/repository/org/apache/kerby/kerby-xdr/1.0.1/kerby-xdr-1.0.1.jar:/home/user/.m2/repository/com/fasterxml/jackson/core/jackson-databind/2.9.9/jackson-databind-2.9.9.jar:/home/user/.m2/repository/com/fasterxml/jackson/core/jackson-core/2.9.9/jackson-core-2.9.9.jar:/home/user/.m2/repository/org/codehaus/woodstox/stax2-api/3.1.4/stax2-api-3.1.4.jar:/home/user/.m2/repository/com/fasterxml/woodstox/woodstox-core/5.0.3/woodstox-core-5.0.3.jar:/home/user/.m2/repository/dnsjava/dnsjava/2.1.7/dnsjava-2.1.7.jar:/home/user/.m2/repository/org/apache/hadoop/hadoop-hdfs/3.2.0/hadoop-hdfs-3.2.0.jar:/home/user/.m2/repository/org/eclipse/jetty/jetty-util-ajax/9.3.25.v20180904/jetty-util-ajax-9.3.25.v20180904.jar:/home/user/.m2/repository/commons-daemon/commons-daemon/1.0.13/commons-daemon-1.0.13.jar:/home/user/.m2/repository/io/netty/netty/3.10.5.Final/netty-3.10.5.Final.jar:/home/user/.m2/repository/io/netty/netty-all/4.0.52.Final/netty-all-4.0.52.Final.jar:/home/user/.m2/repository/org/fusesource/leveldbjni/leveldbjni-all/1.8/leveldbjni-all-1.8.jar:/home/user/.m2/repository/com/sun/xml/bind/jaxb-core/2.3.0.1/jaxb-core-2.3.0.1.jar:/home/user/.m2/repository/javax/xml/bind/jaxb-api/2.3.0/jaxb-api-2.3.0.jar:/home/user/.m2/repository/javax/activation/activation/1.1.1/activation-1.1.1.jar:/home/user/.m2/repository/io/dropwizard/metrics/metrics-core/3.2.4/metrics-core-3.2.4.jar:/home/user/.m2/repository/org/openjdk/jmh/jmh-core/1.19/jmh-core-1.19.jar:/home/user/.m2/repository/net/sf/jopt-simple/jopt-simple/4.6/jopt-simple-4.6.jar:/home/user/.m2/repository/org/openjdk/jmh/jmh-generator-annprocess/1.19/jmh-generator-annprocess-1.19.jar:/home/user/.m2/repository/com/amazonaws/aws-java-sdk-s3/1.11.615/aws-java-sdk-s3-1.11.615.jar:/home/user/.m2/repository/com/amazonaws/aws-java-sdk-kms/1.11.615/aws-java-sdk-kms-1.11.615.jar:/home/user/.m2/repository/com/amazonaws/aws-java-sdk-core/1.11.615/aws-java-sdk-core-1.11.615.jar:/home/user/.m2/repository/software/amazon/ion/ion-java/1.0.2/ion-java-1.0.2.jar:/home/user/.m2/repository/com/fasterxml/jackson/dataformat/jackson-dataformat-cbor/2.9.9/jackson-dataformat-cbor-2.9.9.jar:/home/user/.m2/repository/joda-time/joda-time/2.9.9/joda-time-2.9.9.jar:/home/user/.m2/repository/com/amazonaws/jmespath-java/1.11.615/jmespath-java-1.11.615.jar:/home/user/.m2/repository/com/github/spotbugs/spotbugs/3.1.12/spotbugs-3.1.12.jar:/home/user/.m2/repository/org/ow2/asm/asm/5.0.4/asm-5.0.4.jar:/home/user/.m2/repository/org/ow2/asm/asm-analysis/7.0/asm-analysis-7.0.jar:/home/user/.m2/repository/org/ow2/asm/asm-commons/7.0/asm-commons-7.0.jar:/home/user/.m2/repository/org/ow2/asm/asm-tree/7.0/asm-tree-7.0.jar:/home/user/.m2/repository/org/ow2/asm/asm-util/7.0/asm-util-7.0.jar:/home/user/.m2/repository/org/apache/bcel/bcel/6.3/bcel-6.3.jar:/home/user/.m2/repository/net/jcip/jcip-annotations/1.0/jcip-annotations-1.0.jar:/home/user/.m2/repository/org/dom4j/dom4j/2.1.1/dom4j-2.1.1.jar:/home/user/.m2/repository/jaxen/jaxen/1.1.6/jaxen-1.1.6.jar:/home/user/.m2/repository/commons-lang/commons-lang/2.6/commons-lang-2.6.jar:/home/user/.m2/repository/com/github/spotbugs/spotbugs-annotations/3.1.12/spotbugs-annotations-3.1.12.jar:/home/user/.m2/repository/junit/junit/4.11/junit-4.11.jar:/home/user/.m2/repository/org/hamcrest/hamcrest-core/1.3/hamcrest-core-1.3.jar:/home/user/.m2/repository/org/apache/hadoop/hadoop-common/3.2.0/hadoop-common-3.2.0-tests.jar:/workdir/hadoop-ozone/integration-test/target/test-classes:/home/user/.m2/repository/org/apache/hadoop/hadoop-ozone-s3gateway/0.5.0-SNAPSHOT/hadoop-ozone-s3gateway-0.5.0-SNAPSHOT.jar:/home/user/.m2/repository/org/jboss/weld/servlet/weld-servlet/2.4.7.Final/weld-servlet-2.4.7.Final.jar:/home/user/.m2/repository/org/glassfish/jersey/containers/jersey-container-servlet-core/2.27/jersey-container-servlet-core-2.27.jar:/home/user/.m2/repository/org/glassfish/hk2/external/javax.inject/2.5.0-b42/javax.inject-2.5.0-b42.jar:/home/user/.m2/repository/org/glassfish/jersey/core/jersey-common/2.27/jersey-common-2.27.jar:/home/user/.m2/repository/org/glassfish/hk2/osgi-resource-locator/1.0.1/osgi-resource-locator-1.0.1.jar:/home/user/.m2/repository/javax/ws/rs/javax.ws.rs-api/2.1/javax.ws.rs-api-2.1.jar:/home/user/.m2/repository/org/glassfish/jersey/ext/cdi/jersey-cdi1x/2.27/jersey-cdi1x-2.27.jar:/home/user/.m2/repository/org/glassfish/jersey/inject/jersey-hk2/2.27/jersey-hk2-2.27.jar:/home/user/.m2/repository/org/glassfish/hk2/hk2-locator/2.5.0-b42/hk2-locator-2.5.0-b42.jar:/home/user/.m2/repository/org/javassist/javassist/3.22.0-CR2/javassist-3.22.0-CR2.jar:/home/user/.m2/repository/org/glassfish/hk2/hk2-api/2.5.0/hk2-api-2.5.0.jar:/home/user/.m2/repository/org/glassfish/hk2/external/jakarta.inject/2.5.0/jakarta.inject-2.5.0.jar:/home/user/.m2/repository/org/glassfish/hk2/hk2-utils/2.5.0/hk2-utils-2.5.0.jar:/home/user/.m2/repository/jakarta/annotation/jakarta.annotation-api/1.3.4/jakarta.annotation-api-1.3.4.jar:/home/user/.m2/repository/org/glassfish/hk2/external/aopalliance-repackaged/2.5.0/aopalliance-repackaged-2.5.0.jar:/home/user/.m2/repository/com/fasterxml/jackson/dataformat/jackson-dataformat-xml/2.9.0/jackson-dataformat-xml-2.9.0.jar:/home/user/.m2/repository/com/fasterxml/jackson/module/jackson-module-jaxb-annotations/2.9.9/jackson-module-jaxb-annotations-2.9.9.jar:/home/user/.m2/repository/javax/enterprise/cdi-api/1.2/cdi-api-1.2.jar:/home/user/.m2/repository/javax/el/javax.el-api/3.0.0/javax.el-api-3.0.0.jar:/home/user/.m2/repository/javax/interceptor/javax.interceptor-api/1.2/javax.interceptor-api-1.2.jar:/home/user/.m2/repository/javax/inject/javax.inject/1/javax.inject-1.jar:/home/user/.m2/repository/org/apache/hadoop/hadoop-ozone-csi/0.5.0-SNAPSHOT/hadoop-ozone-csi-0.5.0-SNAPSHOT.jar:/home/user/.m2/repository/com/google/protobuf/protobuf-java-util/3.5.1/protobuf-java-util-3.5.1.jar:/home/user/.m2/repository/io/grpc/grpc-netty/1.17.1/grpc-netty-1.17.1.jar:/home/user/.m2/repository/io/grpc/grpc-core/1.17.1/grpc-core-1.17.1.jar:/home/user/.m2/repository/io/grpc/grpc-context/1.17.1/grpc-context-1.17.1.jar:/home/user/.m2/repository/com/google/errorprone/error_prone_annotations/2.2.0/error_prone_annotations-2.2.0.jar:/home/user/.m2/repository/org/codehaus/mojo/animal-sniffer-annotations/1.17/animal-sniffer-annotations-1.17.jar:/home/user/.m2/repository/io/opencensus/opencensus-api/0.17.0/opencensus-api-0.17.0.jar:/home/user/.m2/repository/io/opencensus/opencensus-contrib-grpc-metrics/0.17.0/opencensus-contrib-grpc-metrics-0.17.0.jar:/home/user/.m2/repository/io/netty/netty-codec-http2/4.1.30.Final/netty-codec-http2-4.1.30.Final.jar:/home/user/.m2/repository/io/netty/netty-codec-http/4.1.30.Final/netty-codec-http-4.1.30.Final.jar:/home/user/.m2/repository/io/netty/netty-codec/4.1.30.Final/netty-codec-4.1.30.Final.jar:/home/user/.m2/repository/io/netty/netty-handler/4.1.30.Final/netty-handler-4.1.30.Final.jar:/home/user/.m2/repository/io/netty/netty-handler-proxy/4.1.30.Final/netty-handler-proxy-4.1.30.Final.jar:/home/user/.m2/repository/io/netty/netty-codec-socks/4.1.30.Final/netty-codec-socks-4.1.30.Final.jar:/home/user/.m2/repository/io/netty/netty-transport-native-epoll/4.1.30.Final/netty-transport-native-epoll-4.1.30.Final.jar:/home/user/.m2/repository/io/netty/netty-common/4.1.30.Final/netty-common-4.1.30.Final.jar:/home/user/.m2/repository/io/netty/netty-buffer/4.1.30.Final/netty-buffer-4.1.30.Final.jar:/home/user/.m2/repository/io/netty/netty-transport/4.1.30.Final/netty-transport-4.1.30.Final.jar:/home/user/.m2/repository/io/netty/netty-resolver/4.1.30.Final/netty-resolver-4.1.30.Final.jar:/home/user/.m2/repository/io/netty/netty-transport-native-unix-common/4.1.30.Final/netty-transport-native-unix-common-4.1.30.Final.jar:/home/user/.m2/repository/io/grpc/grpc-protobuf/1.17.1/grpc-protobuf-1.17.1.jar:/home/user/.m2/repository/com/google/api/grpc/proto-google-common-protos/1.0.0/proto-google-common-protos-1.0.0.jar:/home/user/.m2/repository/io/grpc/grpc-protobuf-lite/1.17.1/grpc-protobuf-lite-1.17.1.jar:/home/user/.m2/repository/io/grpc/grpc-stub/1.17.1/grpc-stub-1.17.1.jar:/home/user/.m2/repository/org/apache/hadoop/hadoop-ozone-recon/0.5.0-SNAPSHOT/hadoop-ozone-recon-0.5.0-SNAPSHOT.jar:/home/user/.m2/repository/org/apache/hadoop/hadoop-ozone-reconcodegen/0.5.0-SNAPSHOT/hadoop-ozone-reconcodegen-0.5.0-SNAPSHOT.jar:/home/user/.m2/repository/com/google/inject/extensions/guice-multibindings/4.0/guice-multibindings-4.0.jar:/home/user/.m2/repository/com/google/inject/guice/4.0/guice-4.0.jar:/home/user/.m2/repository/aopalliance/aopalliance/1.0/aopalliance-1.0.jar:/home/user/.m2/repository/com/google/inject/extensions/guice-servlet/4.0/guice-servlet-4.0.jar:/home/user/.m2/repository/org/glassfish/jersey/containers/jersey-container-servlet/2.27/jersey-container-servlet-2.27.jar:/home/user/.m2/repository/org/glassfish/hk2/guice-bridge/2.5.0/guice-bridge-2.5.0.jar:/home/user/.m2/repository/org/glassfish/jersey/core/jersey-server/2.27/jersey-server-2.27.jar:/home/user/.m2/repository/org/glassfish/jersey/core/jersey-client/2.27/jersey-client-2.27.jar:/home/user/.m2/repository/org/glassfish/jersey/media/jersey-media-jaxb/2.27/jersey-media-jaxb-2.27.jar:/home/user/.m2/repository/javax/validation/validation-api/1.1.0.Final/validation-api-1.1.0.Final.jar:/home/user/.m2/repository/org/glassfish/jersey/media/jersey-media-json-jackson/2.27/jersey-media-json-jackson-2.27.jar:/home/user/.m2/repository/org/glassfish/jersey/ext/jersey-entity-filtering/2.27/jersey-entity-filtering-2.27.jar:/home/user/.m2/repository/com/google/inject/extensions/guice-assistedinject/4.0/guice-assistedinject-4.0.jar:/home/user/.m2/repository/org/jooq/jooq/3.11.10/jooq-3.11.10.jar:/home/user/.m2/repository/org/jooq/jooq-meta/3.11.10/jooq-meta-3.11.10.jar:/home/user/.m2/repository/org/jooq/jooq-codegen/3.11.10/jooq-codegen-3.11.10.jar:/home/user/.m2/repository/com/jolbox/bonecp/0.8.0.RELEASE/bonecp-0.8.0.RELEASE.jar:/home/user/.m2/repository/org/springframework/spring-jdbc/5.1.3.RELEASE/spring-jdbc-5.1.3.RELEASE.jar:/home/user/.m2/repository/org/springframework/spring-beans/5.1.3.RELEASE/spring-beans-5.1.3.RELEASE.jar:/home/user/.m2/repository/org/springframework/spring-core/5.1.3.RELEASE/spring-core-5.1.3.RELEASE.jar:/home/user/.m2/repository/org/springframework/spring-jcl/5.1.3.RELEASE/spring-jcl-5.1.3.RELEASE.jar:/home/user/.m2/repository/org/springframework/spring-tx/5.1.3.RELEASE/spring-tx-5.1.3.RELEASE.jar:/home/user/.m2/repository/org/mockito/mockito-core/2.15.0/mockito-core-2.15.0.jar:/home/user/.m2/repository/net/bytebuddy/byte-buddy/1.7.9/byte-buddy-1.7.9.jar:/home/user/.m2/repository/net/bytebuddy/byte-buddy-agent/1.7.9/byte-buddy-agent-1.7.9.jar:/home/user/.m2/repository/org/objenesis/objenesis/1.0/objenesis-1.0.jar:"/>
    <property name="java.vm.vendor" value="IcedTea"/>
    <property name="sun.arch.data.model" value="64"/>
    <property name="test.build.dir" value="/workdir/hadoop-ozone/tools/target/test-dir"/>
    <property name="test.cache.data" value=""/>
    <property name="java.vendor.url" value="https://icedtea.classpath.org"/>
    <property name="user.timezone" value=""/>
    <property name="java.vm.specification.version" value="1.8"/>
    <property name="os.name" value="Linux"/>
    <property name="test.build.data" value="/workdir/hadoop-ozone/tools/target/test-dir"/>
    <property name="user.country" value="US"/>
    <property name="sun.java.launcher" value="SUN_STANDARD"/>
    <property name="sun.boot.library.path" value="/usr/lib/jvm/java-1.8-openjdk/jre/lib/amd64"/>
    <property name="sun.java.command" value="/workdir/hadoop-ozone/tools/target/surefire/surefirebooter6101237540707167666.jar /workdir/hadoop-ozone/tools/target/surefire 2019-09-24T17-58-35_424-jvmRun1 surefire6219617187162054188tmp surefire_1158359550135966318901tmp"/>
    <property name="test" value="!TestMiniChaosOzoneCluster"/>
    <property name="surefire.test.class.path" value="/workdir/hadoop-ozone/tools/target/test-classes:/workdir/hadoop-ozone/tools/target/classes:/home/user/.m2/repository/org/apache/hadoop/hadoop-ozone-ozone-manager/0.5.0-SNAPSHOT/hadoop-ozone-ozone-manager-0.5.0-SNAPSHOT.jar:/home/user/.m2/repository/org/apache/hadoop/hadoop-hdds-docs/0.5.0-SNAPSHOT/hadoop-hdds-docs-0.5.0-SNAPSHOT.jar:/home/user/.m2/repository/org/bouncycastle/bcprov-jdk15on/1.60/bcprov-jdk15on-1.60.jar:/home/user/.m2/repository/org/apache/hadoop/hadoop-ozone-common/0.5.0-SNAPSHOT/hadoop-ozone-common-0.5.0-SNAPSHOT.jar:/home/user/.m2/repository/org/apache/commons/commons-compress/1.4.1/commons-compress-1.4.1.jar:/home/user/.m2/repository/org/tukaani/xz/1.0/xz-1.0.jar:/home/user/.m2/repository/org/apache/hadoop/hadoop-hdfs-client/3.2.0/hadoop-hdfs-client-3.2.0.jar:/home/user/.m2/repository/com/fasterxml/jackson/core/jackson-annotations/2.9.9/jackson-annotations-2.9.9.jar:/home/user/.m2/repository/org/apache/hadoop/hadoop-hdds-common/0.5.0-SNAPSHOT/hadoop-hdds-common-0.5.0-SNAPSHOT.jar:/home/user/.m2/repository/org/apache/hadoop/hadoop-hdds-config/0.5.0-SNAPSHOT/hadoop-hdds-config-0.5.0-SNAPSHOT.jar:/home/user/.m2/repository/javax/annotation/javax.annotation-api/1.2/javax.annotation-api-1.2.jar:/home/user/.m2/repository/org/apache/ratis/ratis-server/0.4.0/ratis-server-0.4.0.jar:/home/user/.m2/repository/org/apache/ratis/ratis-thirdparty-misc/0.2.0/ratis-thirdparty-misc-0.2.0.jar:/home/user/.m2/repository/org/apache/ratis/ratis-proto/0.4.0/ratis-proto-0.4.0.jar:/home/user/.m2/repository/org/apache/ratis/ratis-common/0.4.0/ratis-common-0.4.0.jar:/home/user/.m2/repository/org/apache/ratis/ratis-client/0.4.0/ratis-client-0.4.0.jar:/home/user/.m2/repository/org/apache/ratis/ratis-metrics/0.4.0/ratis-metrics-0.4.0.jar:/home/user/.m2/repository/com/github/joshelser/dropwizard-metrics-hadoop-metrics2-reporter/0.1.2/dropwizard-metrics-hadoop-metrics2-reporter-0.1.2.jar:/home/user/.m2/repository/io/dropwizard/metrics/metrics-jvm/3.2.5/metrics-jvm-3.2.5.jar:/home/user/.m2/repository/io/dropwizard/metrics/metrics-ganglia/3.2.5/metrics-ganglia-3.2.5.jar:/home/user/.m2/repository/info/ganglia/gmetric4j/gmetric4j/1.0.7/gmetric4j-1.0.7.jar:/home/user/.m2/repository/org/apache/ratis/ratis-netty/0.4.0/ratis-netty-0.4.0.jar:/home/user/.m2/repository/org/apache/ratis/ratis-grpc/0.4.0/ratis-grpc-0.4.0.jar:/home/user/.m2/repository/org/rocksdb/rocksdbjni/6.0.1/rocksdbjni-6.0.1.jar:/home/user/.m2/repository/org/apache/logging/log4j/log4j-api/2.11.0/log4j-api-2.11.0.jar:/home/user/.m2/repository/org/apache/logging/log4j/log4j-core/2.11.0/log4j-core-2.11.0.jar:/home/user/.m2/repository/com/lmax/disruptor/3.4.2/disruptor-3.4.2.jar:/home/user/.m2/repository/org/apache/commons/commons-pool2/2.6.0/commons-pool2-2.6.0.jar:/home/user/.m2/repository/org/bouncycastle/bcpkix-jdk15on/1.60/bcpkix-jdk15on-1.60.jar:/home/user/.m2/repository/commons-validator/commons-validator/1.6/commons-validator-1.6.jar:/home/user/.m2/repository/commons-digester/commons-digester/1.8.1/commons-digester-1.8.1.jar:/home/user/.m2/repository/io/jaegertracing/jaeger-client/0.34.0/jaeger-client-0.34.0.jar:/home/user/.m2/repository/io/jaegertracing/jaeger-thrift/0.34.0/jaeger-thrift-0.34.0.jar:/home/user/.m2/repository/org/apache/thrift/libthrift/0.12.0/libthrift-0.12.0.jar:/home/user/.m2/repository/com/squareup/okhttp3/okhttp/3.9.0/okhttp-3.9.0.jar:/home/user/.m2/repository/com/squareup/okio/okio/1.13.0/okio-1.13.0.jar:/home/user/.m2/repository/io/jaegertracing/jaeger-core/0.34.0/jaeger-core-0.34.0.jar:/home/user/.m2/repository/io/jaegertracing/jaeger-tracerresolver/0.34.0/jaeger-tracerresolver-0.34.0.jar:/home/user/.m2/repository/io/opentracing/contrib/opentracing-tracerresolver/0.1.5/opentracing-tracerresolver-0.1.5.jar:/home/user/.m2/repository/io/opentracing/opentracing-util/0.31.0/opentracing-util-0.31.0.jar:/home/user/.m2/repository/io/opentracing/opentracing-api/0.31.0/opentracing-api-0.31.0.jar:/home/user/.m2/repository/io/opentracing/opentracing-noop/0.31.0/opentracing-noop-0.31.0.jar:/home/user/.m2/repository/org/yaml/snakeyaml/1.16/snakeyaml-1.16.jar:/home/user/.m2/repository/org/apache/hadoop/hadoop-hdds-container-service/0.5.0-SNAPSHOT/hadoop-hdds-container-service-0.5.0-SNAPSHOT.jar:/home/user/.m2/repository/org/apache/hadoop/hadoop-hdds-client/0.5.0-SNAPSHOT/hadoop-hdds-client-0.5.0-SNAPSHOT.jar:/home/user/.m2/repository/org/apache/hadoop/hadoop-hdds-tools/0.5.0-SNAPSHOT/hadoop-hdds-tools-0.5.0-SNAPSHOT.jar:/home/user/.m2/repository/org/xerial/sqlite-jdbc/3.25.2/sqlite-jdbc-3.25.2.jar:/home/user/.m2/repository/org/apache/hadoop/hadoop-hdds-server-scm/0.5.0-SNAPSHOT/hadoop-hdds-server-scm-0.5.0-SNAPSHOT.jar:/home/user/.m2/repository/org/hamcrest/hamcrest-all/1.3/hamcrest-all-1.3.jar:/home/user/.m2/repository/info/picocli/picocli/3.9.6/picocli-3.9.6.jar:/home/user/.m2/repository/com/google/protobuf/protobuf-java/2.5.0/protobuf-java-2.5.0.jar:/home/user/.m2/repository/com/google/guava/guava/11.0.2/guava-11.0.2.jar:/home/user/.m2/repository/org/apache/hadoop/hadoop-ozone-client/0.5.0-SNAPSHOT/hadoop-ozone-client-0.5.0-SNAPSHOT.jar:/workdir/hadoop-ozone/ozonefs/target/classes:/home/user/.m2/repository/org/apache/httpcomponents/httpclient/4.5.2/httpclient-4.5.2.jar:/home/user/.m2/repository/org/apache/httpcomponents/httpcore/4.4.4/httpcore-4.4.4.jar:/home/user/.m2/repository/org/apache/hadoop/hadoop-hdds-server-framework/0.5.0-SNAPSHOT/hadoop-hdds-server-framework-0.5.0-SNAPSHOT.jar:/home/user/.m2/repository/org/apache/hadoop/hadoop-common/3.2.0/hadoop-common-3.2.0.jar:/home/user/.m2/repository/org/apache/hadoop/hadoop-annotations/3.2.0/hadoop-annotations-3.2.0.jar:/usr/lib/jvm/java-1.8-openjdk/jre/../lib/tools.jar:/home/user/.m2/repository/commons-cli/commons-cli/1.2/commons-cli-1.2.jar:/home/user/.m2/repository/org/apache/commons/commons-math3/3.1.1/commons-math3-3.1.1.jar:/home/user/.m2/repository/commons-codec/commons-codec/1.11/commons-codec-1.11.jar:/home/user/.m2/repository/commons-io/commons-io/2.5/commons-io-2.5.jar:/home/user/.m2/repository/commons-net/commons-net/3.6/commons-net-3.6.jar:/home/user/.m2/repository/commons-collections/commons-collections/3.2.2/commons-collections-3.2.2.jar:/home/user/.m2/repository/javax/servlet/javax.servlet-api/3.1.0/javax.servlet-api-3.1.0.jar:/home/user/.m2/repository/org/eclipse/jetty/jetty-server/9.3.25.v20180904/jetty-server-9.3.25.v20180904.jar:/home/user/.m2/repository/org/eclipse/jetty/jetty-http/9.3.25.v20180904/jetty-http-9.3.25.v20180904.jar:/home/user/.m2/repository/org/eclipse/jetty/jetty-io/9.3.25.v20180904/jetty-io-9.3.25.v20180904.jar:/home/user/.m2/repository/org/eclipse/jetty/jetty-util/9.3.25.v20180904/jetty-util-9.3.25.v20180904.jar:/home/user/.m2/repository/org/eclipse/jetty/jetty-servlet/9.3.25.v20180904/jetty-servlet-9.3.25.v20180904.jar:/home/user/.m2/repository/org/eclipse/jetty/jetty-security/9.3.25.v20180904/jetty-security-9.3.25.v20180904.jar:/home/user/.m2/repository/org/eclipse/jetty/jetty-webapp/9.3.25.v20180904/jetty-webapp-9.3.25.v20180904.jar:/home/user/.m2/repository/org/eclipse/jetty/jetty-xml/9.3.25.v20180904/jetty-xml-9.3.25.v20180904.jar:/home/user/.m2/repository/javax/servlet/jsp/jsp-api/2.1/jsp-api-2.1.jar:/home/user/.m2/repository/com/sun/jersey/jersey-core/1.19/jersey-core-1.19.jar:/home/user/.m2/repository/javax/ws/rs/jsr311-api/1.1.1/jsr311-api-1.1.1.jar:/home/user/.m2/repository/com/sun/jersey/jersey-servlet/1.19/jersey-servlet-1.19.jar:/home/user/.m2/repository/com/sun/jersey/jersey-json/1.19/jersey-json-1.19.jar:/home/user/.m2/repository/org/codehaus/jettison/jettison/1.1/jettison-1.1.jar:/home/user/.m2/repository/com/sun/xml/bind/jaxb-impl/2.3.0.1/jaxb-impl-2.3.0.1.jar:/home/user/.m2/repository/org/codehaus/jackson/jackson-core-asl/1.9.13/jackson-core-asl-1.9.13.jar:/home/user/.m2/repository/org/codehaus/jackson/jackson-mapper-asl/1.9.13/jackson-mapper-asl-1.9.13.jar:/home/user/.m2/repository/org/codehaus/jackson/jackson-jaxrs/1.9.13/jackson-jaxrs-1.9.13.jar:/home/user/.m2/repository/org/codehaus/jackson/jackson-xc/1.9.13/jackson-xc-1.9.13.jar:/home/user/.m2/repository/com/sun/jersey/jersey-server/1.19/jersey-server-1.19.jar:/home/user/.m2/repository/commons-logging/commons-logging/1.1.3/commons-logging-1.1.3.jar:/home/user/.m2/repository/log4j/log4j/1.2.17/log4j-1.2.17.jar:/home/user/.m2/repository/commons-beanutils/commons-beanutils/1.9.4/commons-beanutils-1.9.4.jar:/home/user/.m2/repository/org/apache/commons/commons-configuration2/2.1.1/commons-configuration2-2.1.1.jar:/home/user/.m2/repository/org/apache/commons/commons-lang3/3.7/commons-lang3-3.7.jar:/home/user/.m2/repository/org/apache/commons/commons-text/1.4/commons-text-1.4.jar:/home/user/.m2/repository/org/slf4j/slf4j-api/1.7.25/slf4j-api-1.7.25.jar:/home/user/.m2/repository/org/slf4j/slf4j-log4j12/1.7.25/slf4j-log4j12-1.7.25.jar:/home/user/.m2/repository/org/apache/avro/avro/1.7.7/avro-1.7.7.jar:/home/user/.m2/repository/com/thoughtworks/paranamer/paranamer/2.3/paranamer-2.3.jar:/home/user/.m2/repository/org/xerial/snappy/snappy-java/1.0.5/snappy-java-1.0.5.jar:/home/user/.m2/repository/com/google/re2j/re2j/1.1/re2j-1.1.jar:/home/user/.m2/repository/com/google/code/gson/gson/2.2.4/gson-2.2.4.jar:/home/user/.m2/repository/org/apache/hadoop/hadoop-auth/3.2.0/hadoop-auth-3.2.0.jar:/home/user/.m2/repository/com/nimbusds/nimbus-jose-jwt/4.41.1/nimbus-jose-jwt-4.41.1.jar:/home/user/.m2/repository/com/github/stephenc/jcip/jcip-annotations/1.0-1/jcip-annotations-1.0-1.jar:/home/user/.m2/repository/net/minidev/json-smart/2.3/json-smart-2.3.jar:/home/user/.m2/repository/net/minidev/accessors-smart/1.2/accessors-smart-1.2.jar:/home/user/.m2/repository/org/apache/curator/curator-framework/2.12.0/curator-framework-2.12.0.jar:/home/user/.m2/repository/com/jcraft/jsch/0.1.54/jsch-0.1.54.jar:/home/user/.m2/repository/org/apache/curator/curator-client/2.12.0/curator-client-2.12.0.jar:/home/user/.m2/repository/org/apache/curator/curator-recipes/2.12.0/curator-recipes-2.12.0.jar:/home/user/.m2/repository/com/google/code/findbugs/jsr305/3.0.0/jsr305-3.0.0.jar:/home/user/.m2/repository/org/apache/htrace/htrace-core4/4.1.0-incubating/htrace-core4-4.1.0-incubating.jar:/home/user/.m2/repository/org/apache/zookeeper/zookeeper/3.4.13/zookeeper-3.4.13.jar:/home/user/.m2/repository/jline/jline/0.9.94/jline-0.9.94.jar:/home/user/.m2/repository/org/apache/yetus/audience-annotations/0.5.0/audience-annotations-0.5.0.jar:/home/user/.m2/repository/org/apache/kerby/kerb-simplekdc/1.0.1/kerb-simplekdc-1.0.1.jar:/home/user/.m2/repository/org/apache/kerby/kerb-client/1.0.1/kerb-client-1.0.1.jar:/home/user/.m2/repository/org/apache/kerby/kerby-config/1.0.1/kerby-config-1.0.1.jar:/home/user/.m2/repository/org/apache/kerby/kerb-core/1.0.1/kerb-core-1.0.1.jar:/home/user/.m2/repository/org/apache/kerby/kerby-pkix/1.0.1/kerby-pkix-1.0.1.jar:/home/user/.m2/repository/org/apache/kerby/kerby-asn1/1.0.1/kerby-asn1-1.0.1.jar:/home/user/.m2/repository/org/apache/kerby/kerby-util/1.0.1/kerby-util-1.0.1.jar:/home/user/.m2/repository/org/apache/kerby/kerb-common/1.0.1/kerb-common-1.0.1.jar:/home/user/.m2/repository/org/apache/kerby/kerb-crypto/1.0.1/kerb-crypto-1.0.1.jar:/home/user/.m2/repository/org/apache/kerby/kerb-util/1.0.1/kerb-util-1.0.1.jar:/home/user/.m2/repository/org/apache/kerby/token-provider/1.0.1/token-provider-1.0.1.jar:/home/user/.m2/repository/org/apache/kerby/kerb-admin/1.0.1/kerb-admin-1.0.1.jar:/home/user/.m2/repository/org/apache/kerby/kerb-server/1.0.1/kerb-server-1.0.1.jar:/home/user/.m2/repository/org/apache/kerby/kerb-identity/1.0.1/kerb-identity-1.0.1.jar:/home/user/.m2/repository/org/apache/kerby/kerby-xdr/1.0.1/kerby-xdr-1.0.1.jar:/home/user/.m2/repository/com/fasterxml/jackson/core/jackson-databind/2.9.9/jackson-databind-2.9.9.jar:/home/user/.m2/repository/com/fasterxml/jackson/core/jackson-core/2.9.9/jackson-core-2.9.9.jar:/home/user/.m2/repository/org/codehaus/woodstox/stax2-api/3.1.4/stax2-api-3.1.4.jar:/home/user/.m2/repository/com/fasterxml/woodstox/woodstox-core/5.0.3/woodstox-core-5.0.3.jar:/home/user/.m2/repository/dnsjava/dnsjava/2.1.7/dnsjava-2.1.7.jar:/home/user/.m2/repository/org/apache/hadoop/hadoop-hdfs/3.2.0/hadoop-hdfs-3.2.0.jar:/home/user/.m2/repository/org/eclipse/jetty/jetty-util-ajax/9.3.25.v20180904/jetty-util-ajax-9.3.25.v20180904.jar:/home/user/.m2/repository/commons-daemon/commons-daemon/1.0.13/commons-daemon-1.0.13.jar:/home/user/.m2/repository/io/netty/netty/3.10.5.Final/netty-3.10.5.Final.jar:/home/user/.m2/repository/io/netty/netty-all/4.0.52.Final/netty-all-4.0.52.Final.jar:/home/user/.m2/repository/org/fusesource/leveldbjni/leveldbjni-all/1.8/leveldbjni-all-1.8.jar:/home/user/.m2/repository/com/sun/xml/bind/jaxb-core/2.3.0.1/jaxb-core-2.3.0.1.jar:/home/user/.m2/repository/javax/xml/bind/jaxb-api/2.3.0/jaxb-api-2.3.0.jar:/home/user/.m2/repository/javax/activation/activation/1.1.1/activation-1.1.1.jar:/home/user/.m2/repository/io/dropwizard/metrics/metrics-core/3.2.4/metrics-core-3.2.4.jar:/home/user/.m2/repository/org/openjdk/jmh/jmh-core/1.19/jmh-core-1.19.jar:/home/user/.m2/repository/net/sf/jopt-simple/jopt-simple/4.6/jopt-simple-4.6.jar:/home/user/.m2/repository/org/openjdk/jmh/jmh-generator-annprocess/1.19/jmh-generator-annprocess-1.19.jar:/home/user/.m2/repository/com/amazonaws/aws-java-sdk-s3/1.11.615/aws-java-sdk-s3-1.11.615.jar:/home/user/.m2/repository/com/amazonaws/aws-java-sdk-kms/1.11.615/aws-java-sdk-kms-1.11.615.jar:/home/user/.m2/repository/com/amazonaws/aws-java-sdk-core/1.11.615/aws-java-sdk-core-1.11.615.jar:/home/user/.m2/repository/software/amazon/ion/ion-java/1.0.2/ion-java-1.0.2.jar:/home/user/.m2/repository/com/fasterxml/jackson/dataformat/jackson-dataformat-cbor/2.9.9/jackson-dataformat-cbor-2.9.9.jar:/home/user/.m2/repository/joda-time/joda-time/2.9.9/joda-time-2.9.9.jar:/home/user/.m2/repository/com/amazonaws/jmespath-java/1.11.615/jmespath-java-1.11.615.jar:/home/user/.m2/repository/com/github/spotbugs/spotbugs/3.1.12/spotbugs-3.1.12.jar:/home/user/.m2/repository/org/ow2/asm/asm/5.0.4/asm-5.0.4.jar:/home/user/.m2/repository/org/ow2/asm/asm-analysis/7.0/asm-analysis-7.0.jar:/home/user/.m2/repository/org/ow2/asm/asm-commons/7.0/asm-commons-7.0.jar:/home/user/.m2/repository/org/ow2/asm/asm-tree/7.0/asm-tree-7.0.jar:/home/user/.m2/repository/org/ow2/asm/asm-util/7.0/asm-util-7.0.jar:/home/user/.m2/repository/org/apache/bcel/bcel/6.3/bcel-6.3.jar:/home/user/.m2/repository/net/jcip/jcip-annotations/1.0/jcip-annotations-1.0.jar:/home/user/.m2/repository/org/dom4j/dom4j/2.1.1/dom4j-2.1.1.jar:/home/user/.m2/repository/jaxen/jaxen/1.1.6/jaxen-1.1.6.jar:/home/user/.m2/repository/commons-lang/commons-lang/2.6/commons-lang-2.6.jar:/home/user/.m2/repository/com/github/spotbugs/spotbugs-annotations/3.1.12/spotbugs-annotations-3.1.12.jar:/home/user/.m2/repository/junit/junit/4.11/junit-4.11.jar:/home/user/.m2/repository/org/hamcrest/hamcrest-core/1.3/hamcrest-core-1.3.jar:/home/user/.m2/repository/org/apache/hadoop/hadoop-common/3.2.0/hadoop-common-3.2.0-tests.jar:/workdir/hadoop-ozone/integration-test/target/test-classes:/home/user/.m2/repository/org/apache/hadoop/hadoop-ozone-s3gateway/0.5.0-SNAPSHOT/hadoop-ozone-s3gateway-0.5.0-SNAPSHOT.jar:/home/user/.m2/repository/org/jboss/weld/servlet/weld-servlet/2.4.7.Final/weld-servlet-2.4.7.Final.jar:/home/user/.m2/repository/org/glassfish/jersey/containers/jersey-container-servlet-core/2.27/jersey-container-servlet-core-2.27.jar:/home/user/.m2/repository/org/glassfish/hk2/external/javax.inject/2.5.0-b42/javax.inject-2.5.0-b42.jar:/home/user/.m2/repository/org/glassfish/jersey/core/jersey-common/2.27/jersey-common-2.27.jar:/home/user/.m2/repository/org/glassfish/hk2/osgi-resource-locator/1.0.1/osgi-resource-locator-1.0.1.jar:/home/user/.m2/repository/javax/ws/rs/javax.ws.rs-api/2.1/javax.ws.rs-api-2.1.jar:/home/user/.m2/repository/org/glassfish/jersey/ext/cdi/jersey-cdi1x/2.27/jersey-cdi1x-2.27.jar:/home/user/.m2/repository/org/glassfish/jersey/inject/jersey-hk2/2.27/jersey-hk2-2.27.jar:/home/user/.m2/repository/org/glassfish/hk2/hk2-locator/2.5.0-b42/hk2-locator-2.5.0-b42.jar:/home/user/.m2/repository/org/javassist/javassist/3.22.0-CR2/javassist-3.22.0-CR2.jar:/home/user/.m2/repository/org/glassfish/hk2/hk2-api/2.5.0/hk2-api-2.5.0.jar:/home/user/.m2/repository/org/glassfish/hk2/external/jakarta.inject/2.5.0/jakarta.inject-2.5.0.jar:/home/user/.m2/repository/org/glassfish/hk2/hk2-utils/2.5.0/hk2-utils-2.5.0.jar:/home/user/.m2/repository/jakarta/annotation/jakarta.annotation-api/1.3.4/jakarta.annotation-api-1.3.4.jar:/home/user/.m2/repository/org/glassfish/hk2/external/aopalliance-repackaged/2.5.0/aopalliance-repackaged-2.5.0.jar:/home/user/.m2/repository/com/fasterxml/jackson/dataformat/jackson-dataformat-xml/2.9.0/jackson-dataformat-xml-2.9.0.jar:/home/user/.m2/repository/com/fasterxml/jackson/module/jackson-module-jaxb-annotations/2.9.9/jackson-module-jaxb-annotations-2.9.9.jar:/home/user/.m2/repository/javax/enterprise/cdi-api/1.2/cdi-api-1.2.jar:/home/user/.m2/repository/javax/el/javax.el-api/3.0.0/javax.el-api-3.0.0.jar:/home/user/.m2/repository/javax/interceptor/javax.interceptor-api/1.2/javax.interceptor-api-1.2.jar:/home/user/.m2/repository/javax/inject/javax.inject/1/javax.inject-1.jar:/home/user/.m2/repository/org/apache/hadoop/hadoop-ozone-csi/0.5.0-SNAPSHOT/hadoop-ozone-csi-0.5.0-SNAPSHOT.jar:/home/user/.m2/repository/com/google/protobuf/protobuf-java-util/3.5.1/protobuf-java-util-3.5.1.jar:/home/user/.m2/repository/io/grpc/grpc-netty/1.17.1/grpc-netty-1.17.1.jar:/home/user/.m2/repository/io/grpc/grpc-core/1.17.1/grpc-core-1.17.1.jar:/home/user/.m2/repository/io/grpc/grpc-context/1.17.1/grpc-context-1.17.1.jar:/home/user/.m2/repository/com/google/errorprone/error_prone_annotations/2.2.0/error_prone_annotations-2.2.0.jar:/home/user/.m2/repository/org/codehaus/mojo/animal-sniffer-annotations/1.17/animal-sniffer-annotations-1.17.jar:/home/user/.m2/repository/io/opencensus/opencensus-api/0.17.0/opencensus-api-0.17.0.jar:/home/user/.m2/repository/io/opencensus/opencensus-contrib-grpc-metrics/0.17.0/opencensus-contrib-grpc-metrics-0.17.0.jar:/home/user/.m2/repository/io/netty/netty-codec-http2/4.1.30.Final/netty-codec-http2-4.1.30.Final.jar:/home/user/.m2/repository/io/netty/netty-codec-http/4.1.30.Final/netty-codec-http-4.1.30.Final.jar:/home/user/.m2/repository/io/netty/netty-codec/4.1.30.Final/netty-codec-4.1.30.Final.jar:/home/user/.m2/repository/io/netty/netty-handler/4.1.30.Final/netty-handler-4.1.30.Final.jar:/home/user/.m2/repository/io/netty/netty-handler-proxy/4.1.30.Final/netty-handler-proxy-4.1.30.Final.jar:/home/user/.m2/repository/io/netty/netty-codec-socks/4.1.30.Final/netty-codec-socks-4.1.30.Final.jar:/home/user/.m2/repository/io/netty/netty-transport-native-epoll/4.1.30.Final/netty-transport-native-epoll-4.1.30.Final.jar:/home/user/.m2/repository/io/netty/netty-common/4.1.30.Final/netty-common-4.1.30.Final.jar:/home/user/.m2/repository/io/netty/netty-buffer/4.1.30.Final/netty-buffer-4.1.30.Final.jar:/home/user/.m2/repository/io/netty/netty-transport/4.1.30.Final/netty-transport-4.1.30.Final.jar:/home/user/.m2/repository/io/netty/netty-resolver/4.1.30.Final/netty-resolver-4.1.30.Final.jar:/home/user/.m2/repository/io/netty/netty-transport-native-unix-common/4.1.30.Final/netty-transport-native-unix-common-4.1.30.Final.jar:/home/user/.m2/repository/io/grpc/grpc-protobuf/1.17.1/grpc-protobuf-1.17.1.jar:/home/user/.m2/repository/com/google/api/grpc/proto-google-common-protos/1.0.0/proto-google-common-protos-1.0.0.jar:/home/user/.m2/repository/io/grpc/grpc-protobuf-lite/1.17.1/grpc-protobuf-lite-1.17.1.jar:/home/user/.m2/repository/io/grpc/grpc-stub/1.17.1/grpc-stub-1.17.1.jar:/home/user/.m2/repository/org/apache/hadoop/hadoop-ozone-recon/0.5.0-SNAPSHOT/hadoop-ozone-recon-0.5.0-SNAPSHOT.jar:/home/user/.m2/repository/org/apache/hadoop/hadoop-ozone-reconcodegen/0.5.0-SNAPSHOT/hadoop-ozone-reconcodegen-0.5.0-SNAPSHOT.jar:/home/user/.m2/repository/com/google/inject/extensions/guice-multibindings/4.0/guice-multibindings-4.0.jar:/home/user/.m2/repository/com/google/inject/guice/4.0/guice-4.0.jar:/home/user/.m2/repository/aopalliance/aopalliance/1.0/aopalliance-1.0.jar:/home/user/.m2/repository/com/google/inject/extensions/guice-servlet/4.0/guice-servlet-4.0.jar:/home/user/.m2/repository/org/glassfish/jersey/containers/jersey-container-servlet/2.27/jersey-container-servlet-2.27.jar:/home/user/.m2/repository/org/glassfish/hk2/guice-bridge/2.5.0/guice-bridge-2.5.0.jar:/home/user/.m2/repository/org/glassfish/jersey/core/jersey-server/2.27/jersey-server-2.27.jar:/home/user/.m2/repository/org/glassfish/jersey/core/jersey-client/2.27/jersey-client-2.27.jar:/home/user/.m2/repository/org/glassfish/jersey/media/jersey-media-jaxb/2.27/jersey-media-jaxb-2.27.jar:/home/user/.m2/repository/javax/validation/validation-api/1.1.0.Final/validation-api-1.1.0.Final.jar:/home/user/.m2/repository/org/glassfish/jersey/media/jersey-media-json-jackson/2.27/jersey-media-json-jackson-2.27.jar:/home/user/.m2/repository/org/glassfish/jersey/ext/jersey-entity-filtering/2.27/jersey-entity-filtering-2.27.jar:/home/user/.m2/repository/com/google/inject/extensions/guice-assistedinject/4.0/guice-assistedinject-4.0.jar:/home/user/.m2/repository/org/jooq/jooq/3.11.10/jooq-3.11.10.jar:/home/user/.m2/repository/org/jooq/jooq-meta/3.11.10/jooq-meta-3.11.10.jar:/home/user/.m2/repository/org/jooq/jooq-codegen/3.11.10/jooq-codegen-3.11.10.jar:/home/user/.m2/repository/com/jolbox/bonecp/0.8.0.RELEASE/bonecp-0.8.0.RELEASE.jar:/home/user/.m2/repository/org/springframework/spring-jdbc/5.1.3.RELEASE/spring-jdbc-5.1.3.RELEASE.jar:/home/user/.m2/repository/org/springframework/spring-beans/5.1.3.RELEASE/spring-beans-5.1.3.RELEASE.jar:/home/user/.m2/repository/org/springframework/spring-core/5.1.3.RELEASE/spring-core-5.1.3.RELEASE.jar:/home/user/.m2/repository/org/springframework/spring-jcl/5.1.3.RELEASE/spring-jcl-5.1.3.RELEASE.jar:/home/user/.m2/repository/org/springframework/spring-tx/5.1.3.RELEASE/spring-tx-5.1.3.RELEASE.jar:/home/user/.m2/repository/org/mockito/mockito-core/2.15.0/mockito-core-2.15.0.jar:/home/user/.m2/repository/net/bytebuddy/byte-buddy/1.7.9/byte-buddy-1.7.9.jar:/home/user/.m2/repository/net/bytebuddy/byte-buddy-agent/1.7.9/byte-buddy-agent-1.7.9.jar:/home/user/.m2/repository/org/objenesis/objenesis/1.0/objenesis-1.0.jar:"/>
    <property name="sun.cpu.endian" value="little"/>
    <property name="user.home" value="/home/user"/>
    <property name="user.language" value="en"/>
    <property name="java.specification.vendor" value="Oracle Corporation"/>
    <property name="java.home" value="/usr/lib/jvm/java-1.8-openjdk/jre"/>
    <property name="java.security.krb5.conf" value="/workdir/hadoop-ozone/tools/target/test-classes/krb5.conf"/>
    <property name="basedir" value="/workdir/hadoop-ozone/tools"/>
    <property name="file.separator" value="/"/>
    <property name="line.separator" value="&#10;"/>
    <property name="java.vm.specification.vendor" value="Oracle Corporation"/>
    <property name="java.specification.name" value="Java Platform API Specification"/>
    <property name="java.awt.graphicsenv" value="sun.awt.X11GraphicsEnvironment"/>
    <property name="surefire.real.class.path" value="/workdir/hadoop-ozone/tools/target/surefire/surefirebooter6101237540707167666.jar"/>
    <property name="hadoop.log.dir" value="/workdir/hadoop-ozone/tools/target/log"/>
    <property name="sun.boot.class.path" value="/usr/lib/jvm/java-1.8-openjdk/jre/lib/resources.jar:/usr/lib/jvm/java-1.8-openjdk/jre/lib/rt.jar:/usr/lib/jvm/java-1.8-openjdk/jre/lib/sunrsasign.jar:/usr/lib/jvm/java-1.8-openjdk/jre/lib/jsse.jar:/usr/lib/jvm/java-1.8-openjdk/jre/lib/jce.jar:/usr/lib/jvm/java-1.8-openjdk/jre/lib/charsets.jar:/usr/lib/jvm/java-1.8-openjdk/jre/lib/jfr.jar:/usr/lib/jvm/java-1.8-openjdk/jre/classes"/>
    <property name="sun.management.compiler" value="HotSpot 64-Bit Tiered Compilers"/>
    <property name="java.runtime.version" value="1.8.0_212-b04"/>
    <property name="java.net.preferIPv4Stack" value="true"/>
    <property name="user.name" value="jenkins1000"/>
    <property name="path.separator" value=":"/>
    <property name="java.security.egd" value="file:///dev/urandom"/>
    <property name="os.version" value="3.10.0-957.12.2.el7.x86_64"/>
    <property name="java.endorsed.dirs" value="/usr/lib/jvm/java-1.8-openjdk/jre/lib/endorsed"/>
    <property name="java.runtime.name" value="OpenJDK Runtime Environment"/>
    <property name="file.encoding" value="UTF-8"/>
    <property name="java.vm.name" value="OpenJDK 64-Bit Server VM"/>
    <property name="test.build.webapps" value=""/>
    <property name="localRepository" value="/home/user/.m2/repository"/>
    <property name="java.vendor.url.bug" value="https://icedtea.classpath.org/bugzilla"/>
    <property name="java.io.tmpdir" value="/tmp"/>
    <property name="require.test.libhadoop" value=""/>
    <property name="java.version" value="1.8.0_212"/>
    <property name="user.dir" value="/workdir/hadoop-ozone/tools"/>
    <property name="os.arch" value="amd64"/>
    <property name="java.vm.specification.name" value="Java Virtual Machine Specification"/>
    <property name="test.build.classes" value="/workdir/hadoop-ozone/tools/target/test-classes"/>
    <property name="java.awt.printerjob" value="sun.print.PSPrinterJob"/>
    <property name="sun.os.patch.level" value="unknown"/>
    <property name="hadoop.tmp.dir" value="/workdir/hadoop-ozone/tools/target/tmp"/>
    <property name="java.library.path" value="/usr/lib/jvm/java-1.8-openjdk/jre/lib/amd64/server:/usr/lib/jvm/java-1.8-openjdk/jre/lib/amd64:/usr/lib/jvm/java-1.8-openjdk/jre/../lib/amd64:/workdir/hadoop-ozone/tools/target/native/target/usr/local/lib:/workdir/hadoop-ozone/tools/../../hadoop-common-project/hadoop-common/target/native/target/usr/local/lib:/usr/java/packages/lib/amd64:/usr/lib64:/lib64:/lib:/usr/lib"/>
    <property name="java.vm.info" value="mixed mode"/>
    <property name="java.vendor" value="IcedTea"/>
    <property name="java.vm.version" value="25.212-b04"/>
    <property name="java.ext.dirs" value="/usr/lib/jvm/java-1.8-openjdk/jre/lib/ext:/usr/java/packages/lib/ext"/>
    <property name="sun.io.unicode.encoding" value="UnicodeLittle"/>
    <property name="java.class.version" value="52.0"/>
  </properties>
  <testcase name="ratisTest3" classname="org.apache.hadoop.ozone.freon.TestRandomKeyGenerator" time="10.625"/>
  <testcase name="testThreadPoolSize" classname="org.apache.hadoop.ozone.freon.TestRandomKeyGenerator" time="5.041"/>
  <testcase name="defaultTest" classname="org.apache.hadoop.ozone.freon.TestRandomKeyGenerator" time="5.056"/>
  <testcase name="bigFileThan2GB" classname="org.apache.hadoop.ozone.freon.TestRandomKeyGenerator" time="142.706">
    <error message="Allocated 0 blocks. Requested 1 blocks" type="INTERNAL_ERROR org.apache.hadoop.ozone.om.exceptions.OMException">INTERNAL_ERROR org.apache.hadoop.ozone.om.exceptions.OMException: Allocated 0 blocks. Requested 1 blocks
	at org.apache.hadoop.ozone.om.protocolPB.OzoneManagerProtocolClientSideTranslatorPB.handleError(OzoneManagerProtocolClientSideTranslatorPB.java:732)
	at org.apache.hadoop.ozone.om.protocolPB.OzoneManagerProtocolClientSideTranslatorPB.allocateBlock(OzoneManagerProtocolClientSideTranslatorPB.java:764)
	at sun.reflect.GeneratedMethodAccessor546.invoke(Unknown Source)
	at sun.reflect.DelegatingMethodAccessorImpl.invoke(DelegatingMethodAccessorImpl.java:43)
	at java.lang.reflect.Method.invoke(Method.java:498)
	at org.apache.hadoop.hdds.tracing.TraceAllMethod.invoke(TraceAllMethod.java:66)
	at com.sun.proxy.$Proxy37.allocateBlock(Unknown Source)
	at org.apache.hadoop.ozone.client.io.BlockOutputStreamEntryPool.allocateNewBlock(BlockOutputStreamEntryPool.java:248)
	at org.apache.hadoop.ozone.client.io.BlockOutputStreamEntryPool.allocateBlockIfNeeded(BlockOutputStreamEntryPool.java:296)
	at org.apache.hadoop.ozone.client.io.KeyOutputStream.handleWrite(KeyOutputStream.java:198)
	at org.apache.hadoop.ozone.client.io.KeyOutputStream.write(KeyOutputStream.java:190)
	at org.apache.hadoop.ozone.client.io.OzoneOutputStream.write(OzoneOutputStream.java:49)
	at org.apache.hadoop.ozone.freon.RandomKeyGenerator.createKey(RandomKeyGenerator.java:708)
	at org.apache.hadoop.ozone.freon.RandomKeyGenerator.access$1100(RandomKeyGenerator.java:88)
	at org.apache.hadoop.ozone.freon.RandomKeyGenerator$ObjectCreator.run(RandomKeyGenerator.java:615)
	at java.util.concurrent.Executors$RunnableAdapter.call(Executors.java:511)
	at java.util.concurrent.FutureTask.run(FutureTask.java:266)
	at java.util.concurrent.ThreadPoolExecutor.runWorker(ThreadPoolExecutor.java:1149)
	at java.util.concurrent.ThreadPoolExecutor$Worker.run(ThreadPoolExecutor.java:624)
	at java.lang.Thread.run(Thread.java:748)
</error>
    <system-out><![CDATA[2019-09-24 21:41:48,742 [grpc-default-executor-3] WARN  client.GrpcClientProtocolService (LogUtils.java:warn(134)) - 8-UnorderedRequestStreamObserver8: onError: org.apache.ratis.thirdparty.io.grpc.StatusRuntimeException: CANCELLED: cancelled before receiving half close
2019-09-24 21:41:56,229 [main] INFO  freon.RandomKeyGenerator (RandomKeyGenerator.java:call(283)) - Number of Threads: 1
2019-09-24 21:41:56,229 [main] INFO  freon.RandomKeyGenerator (RandomKeyGenerator.java:call(288)) - Number of Volumes: 1.
2019-09-24 21:41:56,229 [main] INFO  freon.RandomKeyGenerator (RandomKeyGenerator.java:call(289)) - Number of Buckets per Volume: 1.
2019-09-24 21:41:56,230 [main] INFO  freon.RandomKeyGenerator (RandomKeyGenerator.java:call(290)) - Number of Keys per Bucket: 1.
2019-09-24 21:41:56,230 [main] INFO  freon.RandomKeyGenerator (RandomKeyGenerator.java:call(291)) - Key size: 2147483657 bytes
2019-09-24 21:41:56,230 [main] INFO  freon.RandomKeyGenerator (RandomKeyGenerator.java:call(292)) - Buffer size: 4096 bytes
2019-09-24 21:41:56,230 [main] INFO  freon.RandomKeyGenerator (RandomKeyGenerator.java:call(293)) - validateWrites : true
2019-09-24 21:41:56,231 [main] INFO  freon.RandomKeyGenerator (RandomKeyGenerator.java:call(307)) - Data validation is enabled.
2019-09-24 21:41:56,232 [main] INFO  freon.RandomKeyGenerator (RandomKeyGenerator.java:call(313)) - Starting progress bar Thread.
2019-09-24 21:41:56,232 [pool-277-thread-1] INFO  rpc.RpcClient (RpcClient.java:createVolume(276)) - Creating Volume: vol-0-83768, with jenkins1000 as owner.

 0.00% |█                                                                                                    |  0/1 Time: 0:00:002019-09-24 21:41:56,237 [IPC Server handler 4 on 36149] INFO  volume.OMVolumeCreateRequest (OMVolumeCreateRequest.java:validateAndUpdateCache(189)) - created volume:vol-0-83768 for user:jenkins1000
2019-09-24 21:41:56,241 [pool-277-thread-1] INFO  rpc.RpcClient (RpcClient.java:createBucket(415)) - Creating Bucket: vol-0-83768/bucket-0-31322, with Versioning false and Storage Type set to DISK and Encryption set to false 
 0.00% |█                                                                                                    |  0/1 Time: 0:00:01 0.00% |█                                                                                                    |  0/1 Time: 0:00:02 0.00% |█                                                                                                    |  0/1 Time: 0:00:03 0.00% |█                                                                                                    |  0/1 Time: 0:00:04 0.00% |█                                                                                                    |  0/1 Time: 0:00:05 0.00% |█                                                                                                    |  0/1 Time: 0:00:06 0.00% |█                                                                                                    |  0/1 Time: 0:00:07 0.00% |█                                                                                                    |  0/1 Time: 0:00:08 0.00% |█                                                                                                    |  0/1 Time: 0:00:09 0.00% |█                                                                                                    |  0/1 Time: 0:00:10 0.00% |█                                                                                                    |  0/1 Time: 0:00:11 0.00% |█                                                                                                    |  0/1 Time: 0:00:12 0.00% |█                                                                                                    |  0/1 Time: 0:00:13 0.00% |█                                                                                                    |  0/1 Time: 0:00:14 0.00% |█                                                                                                    |  0/1 Time: 0:00:15 0.00% |█                                                                                                    |  0/1 Time: 0:00:16 0.00% |█                                                                                                    |  0/1 Time: 0:00:17 0.00% |█                                                                                                    |  0/1 Time: 0:00:18 0.00% |█                                                                                                    |  0/1 Time: 0:00:19 0.00% |█                                                                                                    |  0/1 Time: 0:00:202019-09-24 21:42:17,070 [java.util.concurrent.ThreadPoolExecutor$Worker@6001ea85[State = -1, empty queue]] WARN  server.GrpcLogAppender (GrpcLogAppender.java:timeoutAppendRequest(200)) - c7867b87-4f64-4287-af96-d8ca49102afb@group-BADAB69B2CCD->a11b7e16-c4c9-49e9-a86f-faff061af923-GrpcLogAppender: appendEntries Timeout, request=c7867b87-4f64-4287-af96-d8ca49102afb->a11b7e16-c4c9-49e9-a86f-faff061af923#2907-t1, previous=(t:1, i:2898), leaderCommit=2897, initializing? false, entries: size=1, first=(t:1, i:2899), METADATAENTRY(c2897)
2019-09-24 21:42:17,070 [java.util.concurrent.ThreadPoolExecutor$Worker@387ff130[State = -1, empty queue]] WARN  server.GrpcLogAppender (GrpcLogAppender.java:timeoutAppendRequest(200)) - c7867b87-4f64-4287-af96-d8ca49102afb@group-BADAB69B2CCD->e208190e-4706-4483-8dc8-04c8e6411800-GrpcLogAppender: appendEntries Timeout, request=c7867b87-4f64-4287-af96-d8ca49102afb->e208190e-4706-4483-8dc8-04c8e6411800#2907-t1, previous=(t:1, i:2898), leaderCommit=2897, initializing? false, entries: size=1, first=(t:1, i:2899), METADATAENTRY(c2897)
 0.00% |█                                                                                                    |  0/1 Time: 0:00:212019-09-24 21:42:17,868 [java.util.concurrent.ThreadPoolExecutor$Worker@6001ea85[State = -1, empty queue]] WARN  server.GrpcLogAppender (GrpcLogAppender.java:timeoutAppendRequest(200)) - c7867b87-4f64-4287-af96-d8ca49102afb@group-BADAB69B2CCD->a11b7e16-c4c9-49e9-a86f-faff061af923-GrpcLogAppender: appendEntries Timeout, request=c7867b87-4f64-4287-af96-d8ca49102afb->a11b7e16-c4c9-49e9-a86f-faff061af923#2908-t1, previous=(t:1, i:2899), leaderCommit=2898, initializing? false, entries: size=1, first=(t:1, i:2900), STATEMACHINELOGENTRY, client-E8B285F7E0AA, cid=1984
2019-09-24 21:42:17,868 [java.util.concurrent.ThreadPoolExecutor$Worker@387ff130[State = -1, empty queue]] WARN  server.GrpcLogAppender (GrpcLogAppender.java:timeoutAppendRequest(200)) - c7867b87-4f64-4287-af96-d8ca49102afb@group-BADAB69B2CCD->e208190e-4706-4483-8dc8-04c8e6411800-GrpcLogAppender: appendEntries Timeout, request=c7867b87-4f64-4287-af96-d8ca49102afb->e208190e-4706-4483-8dc8-04c8e6411800#2908-t1, previous=(t:1, i:2899), leaderCommit=2898, initializing? false, entries: size=1, first=(t:1, i:2900), STATEMACHINELOGENTRY, client-E8B285F7E0AA, cid=1984
2019-09-24 21:42:17,878 [java.util.concurrent.ThreadPoolExecutor$Worker@6001ea85[State = -1, empty queue]] WARN  server.GrpcLogAppender (GrpcLogAppender.java:timeoutAppendRequest(200)) - c7867b87-4f64-4287-af96-d8ca49102afb@group-BADAB69B2CCD->a11b7e16-c4c9-49e9-a86f-faff061af923-GrpcLogAppender: appendEntries Timeout, request=c7867b87-4f64-4287-af96-d8ca49102afb->a11b7e16-c4c9-49e9-a86f-faff061af923#2909-t1, previous=(t:1, i:2900), leaderCommit=2898, initializing? false, entries: size=1, first=(t:1, i:2901), STATEMACHINELOGENTRY, client-E8B285F7E0AA, cid=1985
2019-09-24 21:42:17,880 [java.util.concurrent.ThreadPoolExecutor$Worker@387ff130[State = -1, empty queue]] WARN  server.GrpcLogAppender (GrpcLogAppender.java:timeoutAppendRequest(200)) - c7867b87-4f64-4287-af96-d8ca49102afb@group-BADAB69B2CCD->e208190e-4706-4483-8dc8-04c8e6411800-GrpcLogAppender: appendEntries Timeout, request=c7867b87-4f64-4287-af96-d8ca49102afb->e208190e-4706-4483-8dc8-04c8e6411800#2909-t1, previous=(t:1, i:2900), leaderCommit=2898, initializing? false, entries: size=1, first=(t:1, i:2901), STATEMACHINELOGENTRY, client-E8B285F7E0AA, cid=1985
2019-09-24 21:42:18,706 [grpc-default-executor-1] WARN  server.GrpcLogAppender (GrpcLogAppender.java:onNextImpl(251)) - c7867b87-4f64-4287-af96-d8ca49102afb@group-BADAB69B2CCD->e208190e-4706-4483-8dc8-04c8e6411800-AppendLogResponseHandler: Request not found, ignoring reply: c7867b87-4f64-4287-af96-d8ca49102afb<-e208190e-4706-4483-8dc8-04c8e6411800#2907:OK,SUCCESS,nextIndex:2900,term:1,followerCommit:2898
2019-09-24 21:42:18,706 [grpc-default-executor-3] WARN  server.GrpcLogAppender (GrpcLogAppender.java:onNextImpl(251)) - c7867b87-4f64-4287-af96-d8ca49102afb@group-BADAB69B2CCD->a11b7e16-c4c9-49e9-a86f-faff061af923-AppendLogResponseHandler: Request not found, ignoring reply: c7867b87-4f64-4287-af96-d8ca49102afb<-a11b7e16-c4c9-49e9-a86f-faff061af923#2907:OK,SUCCESS,nextIndex:2900,term:1,followerCommit:2898
 0.00% |█                                                                                                    |  0/1 Time: 0:00:22 0.00% |█                                                                                                    |  0/1 Time: 0:00:232019-09-24 21:42:20,369 [java.util.concurrent.ThreadPoolExecutor$Worker@387ff130[State = -1, empty queue]] WARN  server.GrpcLogAppender (GrpcLogAppender.java:timeoutAppendRequest(200)) - c7867b87-4f64-4287-af96-d8ca49102afb@group-BADAB69B2CCD->e208190e-4706-4483-8dc8-04c8e6411800-GrpcLogAppender: appendEntries Timeout, request=c7867b87-4f64-4287-af96-d8ca49102afb->e208190e-4706-4483-8dc8-04c8e6411800#2910-t1, previous=(t:1, i:2901), leaderCommit=2898, initializing? false, entries: <empty>
2019-09-24 21:42:20,369 [java.util.concurrent.ThreadPoolExecutor$Worker@6001ea85[State = -1, empty queue]] WARN  server.GrpcLogAppender (GrpcLogAppender.java:timeoutAppendRequest(200)) - c7867b87-4f64-4287-af96-d8ca49102afb@group-BADAB69B2CCD->a11b7e16-c4c9-49e9-a86f-faff061af923-GrpcLogAppender: appendEntries Timeout, request=c7867b87-4f64-4287-af96-d8ca49102afb->a11b7e16-c4c9-49e9-a86f-faff061af923#2910-t1, previous=(t:1, i:2901), leaderCommit=2898, initializing? false, entries: <empty>
 0.00% |█                                                                                                    |  0/1 Time: 0:00:24 0.00% |█                                                                                                    |  0/1 Time: 0:00:25 0.00% |█                                                                                                    |  0/1 Time: 0:00:26 0.00% |█                                                                                                    |  0/1 Time: 0:00:282019-09-24 21:42:24,328 [java.util.concurrent.ThreadPoolExecutor$Worker@6001ea85[State = -1, empty queue]] WARN  server.GrpcLogAppender (GrpcLogAppender.java:timeoutAppendRequest(200)) - c7867b87-4f64-4287-af96-d8ca49102afb@group-BADAB69B2CCD->a11b7e16-c4c9-49e9-a86f-faff061af923-GrpcLogAppender: appendEntries Timeout, request=c7867b87-4f64-4287-af96-d8ca49102afb->a11b7e16-c4c9-49e9-a86f-faff061af923#2911-t1, previous=(t:1, i:2901), leaderCommit=2898, initializing? false, entries: <empty>
2019-09-24 21:42:24,328 [java.util.concurrent.ThreadPoolExecutor$Worker@387ff130[State = -1, empty queue]] WARN  server.GrpcLogAppender (GrpcLogAppender.java:timeoutAppendRequest(200)) - c7867b87-4f64-4287-af96-d8ca49102afb@group-BADAB69B2CCD->e208190e-4706-4483-8dc8-04c8e6411800-GrpcLogAppender: appendEntries Timeout, request=c7867b87-4f64-4287-af96-d8ca49102afb->e208190e-4706-4483-8dc8-04c8e6411800#2911-t1, previous=(t:1, i:2901), leaderCommit=2898, initializing? false, entries: <empty>
2019-09-24 21:42:24,330 [grpc-default-executor-3] WARN  server.GrpcLogAppender (GrpcLogAppender.java:onNextImpl(251)) - c7867b87-4f64-4287-af96-d8ca49102afb@group-BADAB69B2CCD->e208190e-4706-4483-8dc8-04c8e6411800-AppendLogResponseHandler: Request not found, ignoring reply: c7867b87-4f64-4287-af96-d8ca49102afb<-e208190e-4706-4483-8dc8-04c8e6411800#2908:OK,SUCCESS,nextIndex:2901,term:1,followerCommit:2898
2019-09-24 21:42:24,331 [grpc-default-executor-3] WARN  server.GrpcLogAppender (GrpcLogAppender.java:onNextImpl(251)) - c7867b87-4f64-4287-af96-d8ca49102afb@group-BADAB69B2CCD->e208190e-4706-4483-8dc8-04c8e6411800-AppendLogResponseHandler: Request not found, ignoring reply: c7867b87-4f64-4287-af96-d8ca49102afb<-e208190e-4706-4483-8dc8-04c8e6411800#2909:OK,SUCCESS,nextIndex:2902,term:1,followerCommit:2898
2019-09-24 21:42:24,331 [grpc-default-executor-3] WARN  server.GrpcLogAppender (GrpcLogAppender.java:onNextImpl(251)) - c7867b87-4f64-4287-af96-d8ca49102afb@group-BADAB69B2CCD->e208190e-4706-4483-8dc8-04c8e6411800-AppendLogResponseHandler: Request not found, ignoring reply: c7867b87-4f64-4287-af96-d8ca49102afb<-e208190e-4706-4483-8dc8-04c8e6411800#2910:OK,SUCCESS,nextIndex:2902,term:1,followerCommit:2898
2019-09-24 21:42:24,331 [grpc-default-executor-1] WARN  server.GrpcLogAppender (GrpcLogAppender.java:onNextImpl(251)) - c7867b87-4f64-4287-af96-d8ca49102afb@group-BADAB69B2CCD->a11b7e16-c4c9-49e9-a86f-faff061af923-AppendLogResponseHandler: Request not found, ignoring reply: c7867b87-4f64-4287-af96-d8ca49102afb<-a11b7e16-c4c9-49e9-a86f-faff061af923#2908:OK,SUCCESS,nextIndex:2901,term:1,followerCommit:2898
2019-09-24 21:42:24,331 [grpc-default-executor-3] WARN  server.GrpcLogAppender (GrpcLogAppender.java:onNextImpl(251)) - c7867b87-4f64-4287-af96-d8ca49102afb@group-BADAB69B2CCD->e208190e-4706-4483-8dc8-04c8e6411800-AppendLogResponseHandler: Request not found, ignoring reply: c7867b87-4f64-4287-af96-d8ca49102afb<-e208190e-4706-4483-8dc8-04c8e6411800#2911:OK,SUCCESS,nextIndex:2902,term:1,followerCommit:2898
2019-09-24 21:42:24,331 [grpc-default-executor-1] WARN  server.GrpcLogAppender (GrpcLogAppender.java:onNextImpl(251)) - c7867b87-4f64-4287-af96-d8ca49102afb@group-BADAB69B2CCD->a11b7e16-c4c9-49e9-a86f-faff061af923-AppendLogResponseHandler: Request not found, ignoring reply: c7867b87-4f64-4287-af96-d8ca49102afb<-a11b7e16-c4c9-49e9-a86f-faff061af923#2909:OK,SUCCESS,nextIndex:2902,term:1,followerCommit:2898
2019-09-24 21:42:24,331 [grpc-default-executor-1] WARN  server.GrpcLogAppender (GrpcLogAppender.java:onNextImpl(251)) - c7867b87-4f64-4287-af96-d8ca49102afb@group-BADAB69B2CCD->a11b7e16-c4c9-49e9-a86f-faff061af923-AppendLogResponseHandler: Request not found, ignoring reply: c7867b87-4f64-4287-af96-d8ca49102afb<-a11b7e16-c4c9-49e9-a86f-faff061af923#2910:OK,SUCCESS,nextIndex:2902,term:1,followerCommit:2898
2019-09-24 21:42:24,332 [grpc-default-executor-1] WARN  server.GrpcLogAppender (GrpcLogAppender.java:onNextImpl(251)) - c7867b87-4f64-4287-af96-d8ca49102afb@group-BADAB69B2CCD->a11b7e16-c4c9-49e9-a86f-faff061af923-AppendLogResponseHandler: Request not found, ignoring reply: c7867b87-4f64-4287-af96-d8ca49102afb<-a11b7e16-c4c9-49e9-a86f-faff061af923#2911:OK,SUCCESS,nextIndex:2902,term:1,followerCommit:2898
 0.00% |█                                                                                                    |  0/1 Time: 0:00:29 0.00% |█                                                                                                    |  0/1 Time: 0:00:30 0.00% |█                                                                                                    |  0/1 Time: 0:00:31 0.00% |█                                                                                                    |  0/1 Time: 0:00:32 0.00% |█                                                                                                    |  0/1 Time: 0:00:33 0.00% |█                                                                                                    |  0/1 Time: 0:00:34 0.00% |█                                                                                                    |  0/1 Time: 0:00:35 0.00% |█                                                                                                    |  0/1 Time: 0:00:36 0.00% |█                                                                                                    |  0/1 Time: 0:00:37 0.00% |█                                                                                                    |  0/1 Time: 0:00:38 0.00% |█                                                                                                    |  0/1 Time: 0:00:39 0.00% |█                                                                                                    |  0/1 Time: 0:00:40 0.00% |█                                                                                                    |  0/1 Time: 0:00:41 0.00% |█                                                                                                    |  0/1 Time: 0:00:42 0.00% |█                                                                                                    |  0/1 Time: 0:00:43 0.00% |█                                                                                                    |  0/1 Time: 0:00:44 0.00% |█                                                                                                    |  0/1 Time: 0:00:45 0.00% |█                                                                                                    |  0/1 Time: 0:00:46 0.00% |█                                                                                                    |  0/1 Time: 0:00:47 0.00% |█                                                                                                    |  0/1 Time: 0:00:48 0.00% |█                                                                                                    |  0/1 Time: 0:00:49 0.00% |█                                                                                                    |  0/1 Time: 0:00:50 0.00% |█                                                                                                    |  0/1 Time: 0:00:512019-09-24 21:42:47,846 [java.util.concurrent.ThreadPoolExecutor$Worker@387ff130[State = -1, empty queue]] WARN  server.GrpcLogAppender (GrpcLogAppender.java:timeoutAppendRequest(200)) - c7867b87-4f64-4287-af96-d8ca49102afb@group-BADAB69B2CCD->e208190e-4706-4483-8dc8-04c8e6411800-GrpcLogAppender: appendEntries Timeout, request=c7867b87-4f64-4287-af96-d8ca49102afb->e208190e-4706-4483-8dc8-04c8e6411800#4747-t1, previous=(t:1, i:4733), leaderCommit=4733, initializing? false, entries: size=1, first=(t:1, i:4734), STATEMACHINELOGENTRY, client-7E3111773584, cid=3152
2019-09-24 21:42:47,846 [java.util.concurrent.ThreadPoolExecutor$Worker@6001ea85[State = -1, empty queue]] WARN  server.GrpcLogAppender (GrpcLogAppender.java:timeoutAppendRequest(200)) - c7867b87-4f64-4287-af96-d8ca49102afb@group-BADAB69B2CCD->a11b7e16-c4c9-49e9-a86f-faff061af923-GrpcLogAppender: appendEntries Timeout, request=c7867b87-4f64-4287-af96-d8ca49102afb->a11b7e16-c4c9-49e9-a86f-faff061af923#4747-t1, previous=(t:1, i:4733), leaderCommit=4733, initializing? false, entries: size=1, first=(t:1, i:4734), STATEMACHINELOGENTRY, client-7E3111773584, cid=3152
2019-09-24 21:42:47,847 [java.util.concurrent.ThreadPoolExecutor$Worker@387ff130[State = -1, empty queue]] WARN  server.GrpcLogAppender (GrpcLogAppender.java:timeoutAppendRequest(200)) - c7867b87-4f64-4287-af96-d8ca49102afb@group-BADAB69B2CCD->e208190e-4706-4483-8dc8-04c8e6411800-GrpcLogAppender: appendEntries Timeout, request=c7867b87-4f64-4287-af96-d8ca49102afb->e208190e-4706-4483-8dc8-04c8e6411800#4748-t1, previous=(t:1, i:4734), leaderCommit=4733, initializing? false, entries: size=1, first=(t:1, i:4735), STATEMACHINELOGENTRY, client-7E3111773584, cid=3153
2019-09-24 21:42:47,849 [java.util.concurrent.ThreadPoolExecutor$Worker@6001ea85[State = -1, empty queue]] WARN  server.GrpcLogAppender (GrpcLogAppender.java:timeoutAppendRequest(200)) - c7867b87-4f64-4287-af96-d8ca49102afb@group-BADAB69B2CCD->a11b7e16-c4c9-49e9-a86f-faff061af923-GrpcLogAppender: appendEntries Timeout, request=c7867b87-4f64-4287-af96-d8ca49102afb->a11b7e16-c4c9-49e9-a86f-faff061af923#4748-t1, previous=(t:1, i:4734), leaderCommit=4733, initializing? false, entries: size=1, first=(t:1, i:4735), STATEMACHINELOGENTRY, client-7E3111773584, cid=3153
 0.00% |█                                                                                                    |  0/1 Time: 0:00:522019-09-24 21:42:48,458 [grpc-default-executor-1] WARN  server.GrpcLogAppender (GrpcLogAppender.java:onNextImpl(251)) - c7867b87-4f64-4287-af96-d8ca49102afb@group-BADAB69B2CCD->a11b7e16-c4c9-49e9-a86f-faff061af923-AppendLogResponseHandler: Request not found, ignoring reply: c7867b87-4f64-4287-af96-d8ca49102afb<-a11b7e16-c4c9-49e9-a86f-faff061af923#4747:OK,SUCCESS,nextIndex:4735,term:1,followerCommit:4733
2019-09-24 21:42:48,461 [grpc-default-executor-0] WARN  server.GrpcLogAppender (GrpcLogAppender.java:onNextImpl(251)) - c7867b87-4f64-4287-af96-d8ca49102afb@group-BADAB69B2CCD->e208190e-4706-4483-8dc8-04c8e6411800-AppendLogResponseHandler: Request not found, ignoring reply: c7867b87-4f64-4287-af96-d8ca49102afb<-e208190e-4706-4483-8dc8-04c8e6411800#4747:OK,SUCCESS,nextIndex:4735,term:1,followerCommit:4733
2019-09-24 21:42:48,463 [grpc-default-executor-1] WARN  server.GrpcLogAppender (GrpcLogAppender.java:onNextImpl(251)) - c7867b87-4f64-4287-af96-d8ca49102afb@group-BADAB69B2CCD->a11b7e16-c4c9-49e9-a86f-faff061af923-AppendLogResponseHandler: Request not found, ignoring reply: c7867b87-4f64-4287-af96-d8ca49102afb<-a11b7e16-c4c9-49e9-a86f-faff061af923#4748:OK,SUCCESS,nextIndex:4736,term:1,followerCommit:4733
2019-09-24 21:42:48,463 [grpc-default-executor-0] WARN  server.GrpcLogAppender (GrpcLogAppender.java:onNextImpl(251)) - c7867b87-4f64-4287-af96-d8ca49102afb@group-BADAB69B2CCD->e208190e-4706-4483-8dc8-04c8e6411800-AppendLogResponseHandler: Request not found, ignoring reply: c7867b87-4f64-4287-af96-d8ca49102afb<-e208190e-4706-4483-8dc8-04c8e6411800#4748:OK,SUCCESS,nextIndex:4736,term:1,followerCommit:4733
 0.00% |█                                                                                                    |  0/1 Time: 0:00:53 0.00% |█                                                                                                    |  0/1 Time: 0:00:54 0.00% |█                                                                                                    |  0/1 Time: 0:00:55 0.00% |█                                                                                                    |  0/1 Time: 0:00:56 0.00% |█                                                                                                    |  0/1 Time: 0:00:57 0.00% |█                                                                                                    |  0/1 Time: 0:00:58 0.00% |█                                                                                                    |  0/1 Time: 0:00:59 0.00% |█                                                                                                    |  0/1 Time: 0:01:00 0.00% |█                                                                                                    |  0/1 Time: 0:01:01 0.00% |█                                                                                                    |  0/1 Time: 0:01:02 0.00% |█                                                                                                    |  0/1 Time: 0:01:03 0.00% |█                                                                                                    |  0/1 Time: 0:01:04 0.00% |█                                                                                                    |  0/1 Time: 0:01:05 0.00% |█                                                                                                    |  0/1 Time: 0:01:06 0.00% |█                                                                                                    |  0/1 Time: 0:01:07 0.00% |█                                                                                                    |  0/1 Time: 0:01:08 0.00% |█                                                                                                    |  0/1 Time: 0:01:092019-09-24 21:43:06,022 [java.util.concurrent.ThreadPoolExecutor$Worker@6001ea85[State = -1, empty queue]] WARN  server.GrpcLogAppender (GrpcLogAppender.java:timeoutAppendRequest(200)) - c7867b87-4f64-4287-af96-d8ca49102afb@group-BADAB69B2CCD->a11b7e16-c4c9-49e9-a86f-faff061af923-GrpcLogAppender: appendEntries Timeout, request=c7867b87-4f64-4287-af96-d8ca49102afb->a11b7e16-c4c9-49e9-a86f-faff061af923#5663-t1, previous=(t:1, i:5645), leaderCommit=5645, initializing? false, entries: size=1, first=(t:1, i:5646), STATEMACHINELOGENTRY, client-7447FC0291E0, cid=3737
2019-09-24 21:43:06,023 [java.util.concurrent.ThreadPoolExecutor$Worker@6001ea85[State = -1, empty queue]] WARN  server.GrpcLogAppender (GrpcLogAppender.java:timeoutAppendRequest(200)) - c7867b87-4f64-4287-af96-d8ca49102afb@group-BADAB69B2CCD->a11b7e16-c4c9-49e9-a86f-faff061af923-GrpcLogAppender: appendEntries Timeout, request=c7867b87-4f64-4287-af96-d8ca49102afb->a11b7e16-c4c9-49e9-a86f-faff061af923#5664-t1, previous=(t:1, i:5646), leaderCommit=5645, initializing? false, entries: size=1, first=(t:1, i:5647), STATEMACHINELOGENTRY, client-7447FC0291E0, cid=3738
2019-09-24 21:43:06,025 [java.util.concurrent.ThreadPoolExecutor$Worker@6001ea85[State = -1, empty queue]] WARN  server.GrpcLogAppender (GrpcLogAppender.java:timeoutAppendRequest(200)) - c7867b87-4f64-4287-af96-d8ca49102afb@group-BADAB69B2CCD->a11b7e16-c4c9-49e9-a86f-faff061af923-GrpcLogAppender: appendEntries Timeout, request=c7867b87-4f64-4287-af96-d8ca49102afb->a11b7e16-c4c9-49e9-a86f-faff061af923#5665-t1, previous=(t:1, i:5647), leaderCommit=5645, initializing? false, entries: size=1, first=(t:1, i:5648), STATEMACHINELOGENTRY, client-7447FC0291E0, cid=3739
2019-09-24 21:43:06,026 [java.util.concurrent.ThreadPoolExecutor$Worker@6001ea85[State = -1, empty queue]] WARN  server.GrpcLogAppender (GrpcLogAppender.java:timeoutAppendRequest(200)) - c7867b87-4f64-4287-af96-d8ca49102afb@group-BADAB69B2CCD->a11b7e16-c4c9-49e9-a86f-faff061af923-GrpcLogAppender: appendEntries Timeout, request=c7867b87-4f64-4287-af96-d8ca49102afb->a11b7e16-c4c9-49e9-a86f-faff061af923#5666-t1, previous=(t:1, i:5648), leaderCommit=5645, initializing? false, entries: size=1, first=(t:1, i:5649), STATEMACHINELOGENTRY, client-7447FC0291E0, cid=3740
2019-09-24 21:43:06,026 [java.util.concurrent.ThreadPoolExecutor$Worker@387ff130[State = -1, empty queue]] WARN  server.GrpcLogAppender (GrpcLogAppender.java:timeoutAppendRequest(200)) - c7867b87-4f64-4287-af96-d8ca49102afb@group-BADAB69B2CCD->e208190e-4706-4483-8dc8-04c8e6411800-GrpcLogAppender: appendEntries Timeout, request=c7867b87-4f64-4287-af96-d8ca49102afb->e208190e-4706-4483-8dc8-04c8e6411800#5665-t1, previous=(t:1, i:5647), leaderCommit=5645, initializing? false, entries: size=1, first=(t:1, i:5648), STATEMACHINELOGENTRY, client-7447FC0291E0, cid=3739
2019-09-24 21:43:06,028 [java.util.concurrent.ThreadPoolExecutor$Worker@387ff130[State = -1, empty queue]] WARN  server.GrpcLogAppender (GrpcLogAppender.java:timeoutAppendRequest(200)) - c7867b87-4f64-4287-af96-d8ca49102afb@group-BADAB69B2CCD->e208190e-4706-4483-8dc8-04c8e6411800-GrpcLogAppender: appendEntries Timeout, request=c7867b87-4f64-4287-af96-d8ca49102afb->e208190e-4706-4483-8dc8-04c8e6411800#5666-t1, previous=(t:1, i:5648), leaderCommit=5645, initializing? false, entries: size=1, first=(t:1, i:5649), STATEMACHINELOGENTRY, client-7447FC0291E0, cid=3740
2019-09-24 21:43:06,037 [java.util.concurrent.ThreadPoolExecutor$Worker@387ff130[State = -1, empty queue]] WARN  server.GrpcLogAppender (GrpcLogAppender.java:timeoutAppendRequest(200)) - c7867b87-4f64-4287-af96-d8ca49102afb@group-BADAB69B2CCD->e208190e-4706-4483-8dc8-04c8e6411800-GrpcLogAppender: appendEntries Timeout, request=c7867b87-4f64-4287-af96-d8ca49102afb->e208190e-4706-4483-8dc8-04c8e6411800#5667-t1, previous=(t:1, i:5649), leaderCommit=5646, initializing? false, entries: size=1, first=(t:1, i:5650), METADATAENTRY(c5646)
2019-09-24 21:43:06,037 [java.util.concurrent.ThreadPoolExecutor$Worker@6001ea85[State = -1, empty queue]] WARN  server.GrpcLogAppender (GrpcLogAppender.java:timeoutAppendRequest(200)) - c7867b87-4f64-4287-af96-d8ca49102afb@group-BADAB69B2CCD->a11b7e16-c4c9-49e9-a86f-faff061af923-GrpcLogAppender: appendEntries Timeout, request=c7867b87-4f64-4287-af96-d8ca49102afb->a11b7e16-c4c9-49e9-a86f-faff061af923#5667-t1, previous=(t:1, i:5649), leaderCommit=5647, initializing? false, entries: size=1, first=(t:1, i:5650), METADATAENTRY(c5646)
2019-09-24 21:43:06,040 [java.util.concurrent.ThreadPoolExecutor$Worker@387ff130[State = -1, empty queue]] WARN  server.GrpcLogAppender (GrpcLogAppender.java:timeoutAppendRequest(200)) - c7867b87-4f64-4287-af96-d8ca49102afb@group-BADAB69B2CCD->e208190e-4706-4483-8dc8-04c8e6411800-GrpcLogAppender: appendEntries Timeout, request=c7867b87-4f64-4287-af96-d8ca49102afb->e208190e-4706-4483-8dc8-04c8e6411800#5668-t1, previous=(t:1, i:5650), leaderCommit=5647, initializing? false, entries: size=1, first=(t:1, i:5651), METADATAENTRY(c5647)
2019-09-24 21:43:06,040 [java.util.concurrent.ThreadPoolExecutor$Worker@6001ea85[State = -1, empty queue]] WARN  server.GrpcLogAppender (GrpcLogAppender.java:timeoutAppendRequest(200)) - c7867b87-4f64-4287-af96-d8ca49102afb@group-BADAB69B2CCD->a11b7e16-c4c9-49e9-a86f-faff061af923-GrpcLogAppender: appendEntries Timeout, request=c7867b87-4f64-4287-af96-d8ca49102afb->a11b7e16-c4c9-49e9-a86f-faff061af923#5668-t1, previous=(t:1, i:5650), leaderCommit=5647, initializing? false, entries: size=1, first=(t:1, i:5651), METADATAENTRY(c5647)
 0.00% |█                                                                                                    |  0/1 Time: 0:01:10 0.00% |█                                                                                                    |  0/1 Time: 0:01:112019-09-24 21:43:07,599 [grpc-default-executor-1] WARN  server.GrpcLogAppender (GrpcLogAppender.java:onNextImpl(251)) - c7867b87-4f64-4287-af96-d8ca49102afb@group-BADAB69B2CCD->a11b7e16-c4c9-49e9-a86f-faff061af923-AppendLogResponseHandler: Request not found, ignoring reply: c7867b87-4f64-4287-af96-d8ca49102afb<-a11b7e16-c4c9-49e9-a86f-faff061af923#5663:OK,SUCCESS,nextIndex:5647,term:1,followerCommit:5645
2019-09-24 21:43:07,606 [grpc-default-executor-1] WARN  server.GrpcLogAppender (GrpcLogAppender.java:onNextImpl(251)) - c7867b87-4f64-4287-af96-d8ca49102afb@group-BADAB69B2CCD->a11b7e16-c4c9-49e9-a86f-faff061af923-AppendLogResponseHandler: Request not found, ignoring reply: c7867b87-4f64-4287-af96-d8ca49102afb<-a11b7e16-c4c9-49e9-a86f-faff061af923#5664:OK,SUCCESS,nextIndex:5648,term:1,followerCommit:5645
2019-09-24 21:43:07,606 [grpc-default-executor-1] WARN  server.GrpcLogAppender (GrpcLogAppender.java:onNextImpl(251)) - c7867b87-4f64-4287-af96-d8ca49102afb@group-BADAB69B2CCD->a11b7e16-c4c9-49e9-a86f-faff061af923-AppendLogResponseHandler: Request not found, ignoring reply: c7867b87-4f64-4287-af96-d8ca49102afb<-a11b7e16-c4c9-49e9-a86f-faff061af923#5665:OK,SUCCESS,nextIndex:5649,term:1,followerCommit:5645
2019-09-24 21:43:07,606 [grpc-default-executor-1] WARN  server.GrpcLogAppender (GrpcLogAppender.java:onNextImpl(251)) - c7867b87-4f64-4287-af96-d8ca49102afb@group-BADAB69B2CCD->a11b7e16-c4c9-49e9-a86f-faff061af923-AppendLogResponseHandler: Request not found, ignoring reply: c7867b87-4f64-4287-af96-d8ca49102afb<-a11b7e16-c4c9-49e9-a86f-faff061af923#5666:OK,SUCCESS,nextIndex:5650,term:1,followerCommit:5645
2019-09-24 21:43:07,622 [grpc-default-executor-1] WARN  server.GrpcLogAppender (GrpcLogAppender.java:onNextImpl(251)) - c7867b87-4f64-4287-af96-d8ca49102afb@group-BADAB69B2CCD->e208190e-4706-4483-8dc8-04c8e6411800-AppendLogResponseHandler: Request not found, ignoring reply: c7867b87-4f64-4287-af96-d8ca49102afb<-e208190e-4706-4483-8dc8-04c8e6411800#5665:OK,SUCCESS,nextIndex:5649,term:1,followerCommit:5647
2019-09-24 21:43:07,623 [grpc-default-executor-1] WARN  server.GrpcLogAppender (GrpcLogAppender.java:onNextImpl(251)) - c7867b87-4f64-4287-af96-d8ca49102afb@group-BADAB69B2CCD->e208190e-4706-4483-8dc8-04c8e6411800-AppendLogResponseHandler: Request not found, ignoring reply: c7867b87-4f64-4287-af96-d8ca49102afb<-e208190e-4706-4483-8dc8-04c8e6411800#5666:OK,SUCCESS,nextIndex:5650,term:1,followerCommit:5647
 0.00% |█                                                                                                    |  0/1 Time: 0:01:122019-09-24 21:43:08,539 [java.util.concurrent.ThreadPoolExecutor$Worker@6001ea85[State = -1, empty queue]] WARN  server.GrpcLogAppender (GrpcLogAppender.java:timeoutAppendRequest(200)) - c7867b87-4f64-4287-af96-d8ca49102afb@group-BADAB69B2CCD->a11b7e16-c4c9-49e9-a86f-faff061af923-GrpcLogAppender: appendEntries Timeout, request=c7867b87-4f64-4287-af96-d8ca49102afb->a11b7e16-c4c9-49e9-a86f-faff061af923#5669-t1, previous=(t:1, i:5651), leaderCommit=5647, initializing? false, entries: <empty>
2019-09-24 21:43:08,539 [java.util.concurrent.ThreadPoolExecutor$Worker@387ff130[State = -1, empty queue]] WARN  server.GrpcLogAppender (GrpcLogAppender.java:timeoutAppendRequest(200)) - c7867b87-4f64-4287-af96-d8ca49102afb@group-BADAB69B2CCD->e208190e-4706-4483-8dc8-04c8e6411800-GrpcLogAppender: appendEntries Timeout, request=c7867b87-4f64-4287-af96-d8ca49102afb->e208190e-4706-4483-8dc8-04c8e6411800#5669-t1, previous=(t:1, i:5651), leaderCommit=5647, initializing? false, entries: <empty>
 0.00% |█                                                                                                    |  0/1 Time: 0:01:13 0.00% |█                                                                                                    |  0/1 Time: 0:01:14 0.00% |█                                                                                                    |  0/1 Time: 0:01:152019-09-24 21:43:11,738 [grpc-default-executor-3] WARN  server.GrpcLogAppender (GrpcLogAppender.java:onNextImpl(251)) - c7867b87-4f64-4287-af96-d8ca49102afb@group-BADAB69B2CCD->a11b7e16-c4c9-49e9-a86f-faff061af923-AppendLogResponseHandler: Request not found, ignoring reply: c7867b87-4f64-4287-af96-d8ca49102afb<-a11b7e16-c4c9-49e9-a86f-faff061af923#5667:OK,SUCCESS,nextIndex:5651,term:1,followerCommit:5647
2019-09-24 21:43:11,738 [grpc-default-executor-1] WARN  server.GrpcLogAppender (GrpcLogAppender.java:onNextImpl(251)) - c7867b87-4f64-4287-af96-d8ca49102afb@group-BADAB69B2CCD->e208190e-4706-4483-8dc8-04c8e6411800-AppendLogResponseHandler: Request not found, ignoring reply: c7867b87-4f64-4287-af96-d8ca49102afb<-e208190e-4706-4483-8dc8-04c8e6411800#5667:OK,SUCCESS,nextIndex:5651,term:1,followerCommit:5647
2019-09-24 21:43:11,739 [grpc-default-executor-3] WARN  server.GrpcLogAppender (GrpcLogAppender.java:onNextImpl(251)) - c7867b87-4f64-4287-af96-d8ca49102afb@group-BADAB69B2CCD->a11b7e16-c4c9-49e9-a86f-faff061af923-AppendLogResponseHandler: Request not found, ignoring reply: c7867b87-4f64-4287-af96-d8ca49102afb<-a11b7e16-c4c9-49e9-a86f-faff061af923#5668:OK,SUCCESS,nextIndex:5652,term:1,followerCommit:5647
2019-09-24 21:43:11,739 [grpc-default-executor-1] WARN  server.GrpcLogAppender (GrpcLogAppender.java:onNextImpl(251)) - c7867b87-4f64-4287-af96-d8ca49102afb@group-BADAB69B2CCD->e208190e-4706-4483-8dc8-04c8e6411800-AppendLogResponseHandler: Request not found, ignoring reply: c7867b87-4f64-4287-af96-d8ca49102afb<-e208190e-4706-4483-8dc8-04c8e6411800#5668:OK,SUCCESS,nextIndex:5652,term:1,followerCommit:5647
2019-09-24 21:43:11,739 [grpc-default-executor-3] WARN  server.GrpcLogAppender (GrpcLogAppender.java:onNextImpl(251)) - c7867b87-4f64-4287-af96-d8ca49102afb@group-BADAB69B2CCD->a11b7e16-c4c9-49e9-a86f-faff061af923-AppendLogResponseHandler: Request not found, ignoring reply: c7867b87-4f64-4287-af96-d8ca49102afb<-a11b7e16-c4c9-49e9-a86f-faff061af923#5669:OK,SUCCESS,nextIndex:5652,term:1,followerCommit:5645
2019-09-24 21:43:11,739 [grpc-default-executor-1] WARN  server.GrpcLogAppender (GrpcLogAppender.java:onNextImpl(251)) - c7867b87-4f64-4287-af96-d8ca49102afb@group-BADAB69B2CCD->e208190e-4706-4483-8dc8-04c8e6411800-AppendLogResponseHandler: Request not found, ignoring reply: c7867b87-4f64-4287-af96-d8ca49102afb<-e208190e-4706-4483-8dc8-04c8e6411800#5669:OK,SUCCESS,nextIndex:5652,term:1,followerCommit:5647
 0.00% |█                                                                                                    |  0/1 Time: 0:01:16 0.00% |█                                                                                                    |  0/1 Time: 0:01:17 0.00% |█                                                                                                    |  0/1 Time: 0:01:18 0.00% |█                                                                                                    |  0/1 Time: 0:01:19 0.00% |█                                                                                                    |  0/1 Time: 0:01:20 0.00% |█                                                                                                    |  0/1 Time: 0:01:21 0.00% |█                                                                                                    |  0/1 Time: 0:01:22 0.00% |█                                                                                                    |  0/1 Time: 0:01:23 0.00% |█                                                                                                    |  0/1 Time: 0:01:24 0.00% |█                                                                                                    |  0/1 Time: 0:01:25 0.00% |█                                                                                                    |  0/1 Time: 0:01:26 0.00% |█                                                                                                    |  0/1 Time: 0:01:27 0.00% |█                                                                                                    |  0/1 Time: 0:01:28 0.00% |█                                                                                                    |  0/1 Time: 0:01:29 0.00% |█                                                                                                    |  0/1 Time: 0:01:30 0.00% |█                                                                                                    |  0/1 Time: 0:01:31 0.00% |█                                                                                                    |  0/1 Time: 0:01:32 0.00% |█                                                                                                    |  0/1 Time: 0:01:33 0.00% |█                                                                                                    |  0/1 Time: 0:01:342019-09-24 21:43:31,400 [java.util.concurrent.ThreadPoolExecutor$Worker@387ff130[State = -1, empty queue]] WARN  server.GrpcLogAppender (GrpcLogAppender.java:timeoutAppendRequest(200)) - c7867b87-4f64-4287-af96-d8ca49102afb@group-BADAB69B2CCD->e208190e-4706-4483-8dc8-04c8e6411800-GrpcLogAppender: appendEntries Timeout, request=c7867b87-4f64-4287-af96-d8ca49102afb->e208190e-4706-4483-8dc8-04c8e6411800#6582-t1, previous=(t:1, i:6559), leaderCommit=6559, initializing? false, entries: size=1, first=(t:1, i:6560), METADATAENTRY(c6559)
2019-09-24 21:43:31,400 [java.util.concurrent.ThreadPoolExecutor$Worker@6001ea85[State = -1, empty queue]] WARN  server.GrpcLogAppender (GrpcLogAppender.java:timeoutAppendRequest(200)) - c7867b87-4f64-4287-af96-d8ca49102afb@group-BADAB69B2CCD->a11b7e16-c4c9-49e9-a86f-faff061af923-GrpcLogAppender: appendEntries Timeout, request=c7867b87-4f64-4287-af96-d8ca49102afb->a11b7e16-c4c9-49e9-a86f-faff061af923#6582-t1, previous=(t:1, i:6559), leaderCommit=6559, initializing? false, entries: size=1, first=(t:1, i:6560), METADATAENTRY(c6559)
2019-09-24 21:43:31,406 [java.util.concurrent.ThreadPoolExecutor$Worker@6001ea85[State = -1, empty queue]] WARN  server.GrpcLogAppender (GrpcLogAppender.java:timeoutAppendRequest(200)) - c7867b87-4f64-4287-af96-d8ca49102afb@group-BADAB69B2CCD->a11b7e16-c4c9-49e9-a86f-faff061af923-GrpcLogAppender: appendEntries Timeout, request=c7867b87-4f64-4287-af96-d8ca49102afb->a11b7e16-c4c9-49e9-a86f-faff061af923#6583-t1, previous=(t:1, i:6560), leaderCommit=6559, initializing? false, entries: size=1, first=(t:1, i:6561), STATEMACHINELOGENTRY, client-FE16F006BA69, cid=4322
2019-09-24 21:43:31,406 [java.util.concurrent.ThreadPoolExecutor$Worker@387ff130[State = -1, empty queue]] WARN  server.GrpcLogAppender (GrpcLogAppender.java:timeoutAppendRequest(200)) - c7867b87-4f64-4287-af96-d8ca49102afb@group-BADAB69B2CCD->e208190e-4706-4483-8dc8-04c8e6411800-GrpcLogAppender: appendEntries Timeout, request=c7867b87-4f64-4287-af96-d8ca49102afb->e208190e-4706-4483-8dc8-04c8e6411800#6583-t1, previous=(t:1, i:6560), leaderCommit=6559, initializing? false, entries: size=1, first=(t:1, i:6561), STATEMACHINELOGENTRY, client-FE16F006BA69, cid=4322
2019-09-24 21:43:31,409 [java.util.concurrent.ThreadPoolExecutor$Worker@6001ea85[State = -1, empty queue]] WARN  server.GrpcLogAppender (GrpcLogAppender.java:timeoutAppendRequest(200)) - c7867b87-4f64-4287-af96-d8ca49102afb@group-BADAB69B2CCD->a11b7e16-c4c9-49e9-a86f-faff061af923-GrpcLogAppender: appendEntries Timeout, request=c7867b87-4f64-4287-af96-d8ca49102afb->a11b7e16-c4c9-49e9-a86f-faff061af923#6584-t1, previous=(t:1, i:6561), leaderCommit=6559, initializing? false, entries: size=1, first=(t:1, i:6562), STATEMACHINELOGENTRY, client-FE16F006BA69, cid=4323
2019-09-24 21:43:31,420 [java.util.concurrent.ThreadPoolExecutor$Worker@387ff130[State = -1, empty queue]] WARN  server.GrpcLogAppender (GrpcLogAppender.java:timeoutAppendRequest(200)) - c7867b87-4f64-4287-af96-d8ca49102afb@group-BADAB69B2CCD->e208190e-4706-4483-8dc8-04c8e6411800-GrpcLogAppender: appendEntries Timeout, request=c7867b87-4f64-4287-af96-d8ca49102afb->e208190e-4706-4483-8dc8-04c8e6411800#6584-t1, previous=(t:1, i:6561), leaderCommit=6559, initializing? false, entries: size=1, first=(t:1, i:6562), STATEMACHINELOGENTRY, client-FE16F006BA69, cid=4323
2019-09-24 21:43:31,499 [grpc-default-executor-4] WARN  server.GrpcLogAppender (GrpcLogAppender.java:onNextImpl(251)) - c7867b87-4f64-4287-af96-d8ca49102afb@group-BADAB69B2CCD->a11b7e16-c4c9-49e9-a86f-faff061af923-AppendLogResponseHandler: Request not found, ignoring reply: c7867b87-4f64-4287-af96-d8ca49102afb<-a11b7e16-c4c9-49e9-a86f-faff061af923#6582:OK,SUCCESS,nextIndex:6561,term:1,followerCommit:6559
2019-09-24 21:43:31,510 [grpc-default-executor-4] WARN  server.GrpcLogAppender (GrpcLogAppender.java:onNextImpl(251)) - c7867b87-4f64-4287-af96-d8ca49102afb@group-BADAB69B2CCD->e208190e-4706-4483-8dc8-04c8e6411800-AppendLogResponseHandler: Request not found, ignoring reply: c7867b87-4f64-4287-af96-d8ca49102afb<-e208190e-4706-4483-8dc8-04c8e6411800#6582:OK,SUCCESS,nextIndex:6561,term:1,followerCommit:6559
 0.00% |█                                                                                                    |  0/1 Time: 0:01:352019-09-24 21:43:31,837 [grpc-default-executor-4] WARN  server.GrpcLogAppender (GrpcLogAppender.java:onNextImpl(251)) - c7867b87-4f64-4287-af96-d8ca49102afb@group-BADAB69B2CCD->e208190e-4706-4483-8dc8-04c8e6411800-AppendLogResponseHandler: Request not found, ignoring reply: c7867b87-4f64-4287-af96-d8ca49102afb<-e208190e-4706-4483-8dc8-04c8e6411800#6583:OK,SUCCESS,nextIndex:6562,term:1,followerCommit:6559
2019-09-24 21:43:31,838 [grpc-default-executor-4] WARN  server.GrpcLogAppender (GrpcLogAppender.java:onNextImpl(251)) - c7867b87-4f64-4287-af96-d8ca49102afb@group-BADAB69B2CCD->e208190e-4706-4483-8dc8-04c8e6411800-AppendLogResponseHandler: Request not found, ignoring reply: c7867b87-4f64-4287-af96-d8ca49102afb<-e208190e-4706-4483-8dc8-04c8e6411800#6584:OK,SUCCESS,nextIndex:6563,term:1,followerCommit:6559
2019-09-24 21:43:31,842 [grpc-default-executor-3] WARN  server.GrpcLogAppender (GrpcLogAppender.java:onNextImpl(251)) - c7867b87-4f64-4287-af96-d8ca49102afb@group-BADAB69B2CCD->a11b7e16-c4c9-49e9-a86f-faff061af923-AppendLogResponseHandler: Request not found, ignoring reply: c7867b87-4f64-4287-af96-d8ca49102afb<-a11b7e16-c4c9-49e9-a86f-faff061af923#6583:OK,SUCCESS,nextIndex:6562,term:1,followerCommit:6559
2019-09-24 21:43:31,848 [grpc-default-executor-3] WARN  server.GrpcLogAppender (GrpcLogAppender.java:onNextImpl(251)) - c7867b87-4f64-4287-af96-d8ca49102afb@group-BADAB69B2CCD->a11b7e16-c4c9-49e9-a86f-faff061af923-AppendLogResponseHandler: Request not found, ignoring reply: c7867b87-4f64-4287-af96-d8ca49102afb<-a11b7e16-c4c9-49e9-a86f-faff061af923#6584:OK,SUCCESS,nextIndex:6563,term:1,followerCommit:6559
 0.00% |█                                                                                                    |  0/1 Time: 0:01:36 0.00% |█                                                                                                    |  0/1 Time: 0:01:37 0.00% |█                                                                                                    |  0/1 Time: 0:01:38 0.00% |█                                                                                                    |  0/1 Time: 0:01:39 0.00% |█                                                                                                    |  0/1 Time: 0:01:40 0.00% |█                                                                                                    |  0/1 Time: 0:01:41 0.00% |█                                                                                                    |  0/1 Time: 0:01:42 0.00% |█                                                                                                    |  0/1 Time: 0:01:43 0.00% |█                                                                                                    |  0/1 Time: 0:01:442019-09-24 21:43:41,446 [grpc-default-executor-1] INFO  segmented.SegmentedRaftLogWorker (SegmentedRaftLogWorker.java:rollLogSegment(385)) - c7867b87-4f64-4287-af96-d8ca49102afb@group-BADAB69B2CCD-SegmentedRaftLogWorker: Rolling segment log-0_7096 to index:7096
2019-09-24 21:43:41,450 [c7867b87-4f64-4287-af96-d8ca49102afb@group-BADAB69B2CCD-SegmentedRaftLogWorker] INFO  segmented.SegmentedRaftLogWorker (SegmentedRaftLogWorker.java:execute(526)) - c7867b87-4f64-4287-af96-d8ca49102afb@group-BADAB69B2CCD-SegmentedRaftLogWorker: Rolled log segment from /workdir/hadoop-ozone/tools/target/test-dir/MiniOzoneClusterImpl-e7aa8921-eceb-4616-ba6f-9b49c5e89c2c/datanode-1/data/ratis/08552592-26c1-4b01-997f-badab69b2ccd/current/log_inprogress_0 to /workdir/hadoop-ozone/tools/target/test-dir/MiniOzoneClusterImpl-e7aa8921-eceb-4616-ba6f-9b49c5e89c2c/datanode-1/data/ratis/08552592-26c1-4b01-997f-badab69b2ccd/current/log_0-7096
2019-09-24 21:43:41,451 [grpc-default-executor-1] INFO  segmented.SegmentedRaftLogWorker (SegmentedRaftLogWorker.java:rollLogSegment(385)) - e208190e-4706-4483-8dc8-04c8e6411800@group-BADAB69B2CCD-SegmentedRaftLogWorker: Rolling segment log-0_7096 to index:7096
2019-09-24 21:43:41,451 [grpc-default-executor-2] INFO  segmented.SegmentedRaftLogWorker (SegmentedRaftLogWorker.java:rollLogSegment(385)) - a11b7e16-c4c9-49e9-a86f-faff061af923@group-BADAB69B2CCD-SegmentedRaftLogWorker: Rolling segment log-0_7096 to index:7096
2019-09-24 21:43:41,488 [a11b7e16-c4c9-49e9-a86f-faff061af923@group-BADAB69B2CCD-SegmentedRaftLogWorker] INFO  segmented.SegmentedRaftLogWorker (SegmentedRaftLogWorker.java:execute(526)) - a11b7e16-c4c9-49e9-a86f-faff061af923@group-BADAB69B2CCD-SegmentedRaftLogWorker: Rolled log segment from /workdir/hadoop-ozone/tools/target/test-dir/MiniOzoneClusterImpl-e7aa8921-eceb-4616-ba6f-9b49c5e89c2c/datanode-0/data/ratis/08552592-26c1-4b01-997f-badab69b2ccd/current/log_inprogress_0 to /workdir/hadoop-ozone/tools/target/test-dir/MiniOzoneClusterImpl-e7aa8921-eceb-4616-ba6f-9b49c5e89c2c/datanode-0/data/ratis/08552592-26c1-4b01-997f-badab69b2ccd/current/log_0-7096
2019-09-24 21:43:41,488 [e208190e-4706-4483-8dc8-04c8e6411800@group-BADAB69B2CCD-SegmentedRaftLogWorker] INFO  segmented.SegmentedRaftLogWorker (SegmentedRaftLogWorker.java:execute(526)) - e208190e-4706-4483-8dc8-04c8e6411800@group-BADAB69B2CCD-SegmentedRaftLogWorker: Rolled log segment from /workdir/hadoop-ozone/tools/target/test-dir/MiniOzoneClusterImpl-e7aa8921-eceb-4616-ba6f-9b49c5e89c2c/datanode-4/data/ratis/08552592-26c1-4b01-997f-badab69b2ccd/current/log_inprogress_0 to /workdir/hadoop-ozone/tools/target/test-dir/MiniOzoneClusterImpl-e7aa8921-eceb-4616-ba6f-9b49c5e89c2c/datanode-4/data/ratis/08552592-26c1-4b01-997f-badab69b2ccd/current/log_0-7096
2019-09-24 21:43:41,514 [c7867b87-4f64-4287-af96-d8ca49102afb@group-BADAB69B2CCD-SegmentedRaftLogWorker] INFO  segmented.SegmentedRaftLogWorker (SegmentedRaftLogWorker.java:execute(569)) - c7867b87-4f64-4287-af96-d8ca49102afb@group-BADAB69B2CCD-SegmentedRaftLogWorker: created new log segment /workdir/hadoop-ozone/tools/target/test-dir/MiniOzoneClusterImpl-e7aa8921-eceb-4616-ba6f-9b49c5e89c2c/datanode-1/data/ratis/08552592-26c1-4b01-997f-badab69b2ccd/current/log_inprogress_7097
 0.00% |█                                                                                                    |  0/1 Time: 0:01:452019-09-24 21:43:41,561 [a11b7e16-c4c9-49e9-a86f-faff061af923@group-BADAB69B2CCD-SegmentedRaftLogWorker] INFO  segmented.SegmentedRaftLogWorker (SegmentedRaftLogWorker.java:execute(569)) - a11b7e16-c4c9-49e9-a86f-faff061af923@group-BADAB69B2CCD-SegmentedRaftLogWorker: created new log segment /workdir/hadoop-ozone/tools/target/test-dir/MiniOzoneClusterImpl-e7aa8921-eceb-4616-ba6f-9b49c5e89c2c/datanode-0/data/ratis/08552592-26c1-4b01-997f-badab69b2ccd/current/log_inprogress_7097
2019-09-24 21:43:41,561 [e208190e-4706-4483-8dc8-04c8e6411800@group-BADAB69B2CCD-SegmentedRaftLogWorker] INFO  segmented.SegmentedRaftLogWorker (SegmentedRaftLogWorker.java:execute(569)) - e208190e-4706-4483-8dc8-04c8e6411800@group-BADAB69B2CCD-SegmentedRaftLogWorker: created new log segment /workdir/hadoop-ozone/tools/target/test-dir/MiniOzoneClusterImpl-e7aa8921-eceb-4616-ba6f-9b49c5e89c2c/datanode-4/data/ratis/08552592-26c1-4b01-997f-badab69b2ccd/current/log_inprogress_7097
 0.00% |█                                                                                                    |  0/1 Time: 0:01:46 0.00% |█                                                                                                    |  0/1 Time: 0:01:47 0.00% |█                                                                                                    |  0/1 Time: 0:01:48 0.00% |█                                                                                                    |  0/1 Time: 0:01:49 0.00% |█                                                                                                    |  0/1 Time: 0:01:50 0.00% |█                                                                                                    |  0/1 Time: 0:01:51 0.00% |█                                                                                                    |  0/1 Time: 0:01:522019-09-24 21:43:48,860 [java.util.concurrent.ThreadPoolExecutor$Worker@387ff130[State = -1, empty queue]] WARN  server.GrpcLogAppender (GrpcLogAppender.java:timeoutAppendRequest(200)) - c7867b87-4f64-4287-af96-d8ca49102afb@group-BADAB69B2CCD->e208190e-4706-4483-8dc8-04c8e6411800-GrpcLogAppender: appendEntries Timeout, request=c7867b87-4f64-4287-af96-d8ca49102afb->e208190e-4706-4483-8dc8-04c8e6411800#7340-t1, previous=(t:1, i:7314), leaderCommit=7313, initializing? false, entries: size=1, first=(t:1, i:7315), METADATAENTRY(c7313)
2019-09-24 21:43:48,860 [java.util.concurrent.ThreadPoolExecutor$Worker@6001ea85[State = -1, empty queue]] WARN  server.GrpcLogAppender (GrpcLogAppender.java:timeoutAppendRequest(200)) - c7867b87-4f64-4287-af96-d8ca49102afb@group-BADAB69B2CCD->a11b7e16-c4c9-49e9-a86f-faff061af923-GrpcLogAppender: appendEntries Timeout, request=c7867b87-4f64-4287-af96-d8ca49102afb->a11b7e16-c4c9-49e9-a86f-faff061af923#7340-t1, previous=(t:1, i:7314), leaderCommit=7313, initializing? false, entries: size=1, first=(t:1, i:7315), METADATAENTRY(c7313)
2019-09-24 21:43:48,867 [java.util.concurrent.ThreadPoolExecutor$Worker@387ff130[State = -1, empty queue]] WARN  server.GrpcLogAppender (GrpcLogAppender.java:timeoutAppendRequest(200)) - c7867b87-4f64-4287-af96-d8ca49102afb@group-BADAB69B2CCD->e208190e-4706-4483-8dc8-04c8e6411800-GrpcLogAppender: appendEntries Timeout, request=c7867b87-4f64-4287-af96-d8ca49102afb->e208190e-4706-4483-8dc8-04c8e6411800#7341-t1, previous=(t:1, i:7315), leaderCommit=7313, initializing? false, entries: size=1, first=(t:1, i:7316), STATEMACHINELOGENTRY, client-FE16F006BA69, cid=4804
2019-09-24 21:43:48,867 [java.util.concurrent.ThreadPoolExecutor$Worker@6001ea85[State = -1, empty queue]] WARN  server.GrpcLogAppender (GrpcLogAppender.java:timeoutAppendRequest(200)) - c7867b87-4f64-4287-af96-d8ca49102afb@group-BADAB69B2CCD->a11b7e16-c4c9-49e9-a86f-faff061af923-GrpcLogAppender: appendEntries Timeout, request=c7867b87-4f64-4287-af96-d8ca49102afb->a11b7e16-c4c9-49e9-a86f-faff061af923#7341-t1, previous=(t:1, i:7315), leaderCommit=7313, initializing? false, entries: size=1, first=(t:1, i:7316), STATEMACHINELOGENTRY, client-FE16F006BA69, cid=4804
2019-09-24 21:43:48,872 [java.util.concurrent.ThreadPoolExecutor$Worker@387ff130[State = -1, empty queue]] WARN  server.GrpcLogAppender (GrpcLogAppender.java:timeoutAppendRequest(200)) - c7867b87-4f64-4287-af96-d8ca49102afb@group-BADAB69B2CCD->e208190e-4706-4483-8dc8-04c8e6411800-GrpcLogAppender: appendEntries Timeout, request=c7867b87-4f64-4287-af96-d8ca49102afb->e208190e-4706-4483-8dc8-04c8e6411800#7342-t1, previous=(t:1, i:7316), leaderCommit=7313, initializing? false, entries: size=1, first=(t:1, i:7317), STATEMACHINELOGENTRY, client-FE16F006BA69, cid=4805
2019-09-24 21:43:48,876 [java.util.concurrent.ThreadPoolExecutor$Worker@6001ea85[State = -1, empty queue]] WARN  server.GrpcLogAppender (GrpcLogAppender.java:timeoutAppendRequest(200)) - c7867b87-4f64-4287-af96-d8ca49102afb@group-BADAB69B2CCD->a11b7e16-c4c9-49e9-a86f-faff061af923-GrpcLogAppender: appendEntries Timeout, request=c7867b87-4f64-4287-af96-d8ca49102afb->a11b7e16-c4c9-49e9-a86f-faff061af923#7342-t1, previous=(t:1, i:7316), leaderCommit=7313, initializing? false, entries: size=1, first=(t:1, i:7317), STATEMACHINELOGENTRY, client-FE16F006BA69, cid=4805
 0.00% |█                                                                                                    |  0/1 Time: 0:01:532019-09-24 21:43:50,165 [grpc-default-executor-4] WARN  server.GrpcLogAppender (GrpcLogAppender.java:onNextImpl(251)) - c7867b87-4f64-4287-af96-d8ca49102afb@group-BADAB69B2CCD->a11b7e16-c4c9-49e9-a86f-faff061af923-AppendLogResponseHandler: Request not found, ignoring reply: c7867b87-4f64-4287-af96-d8ca49102afb<-a11b7e16-c4c9-49e9-a86f-faff061af923#7340:OK,SUCCESS,nextIndex:7316,term:1,followerCommit:7314
2019-09-24 21:43:50,168 [grpc-default-executor-3] WARN  server.GrpcLogAppender (GrpcLogAppender.java:onNextImpl(251)) - c7867b87-4f64-4287-af96-d8ca49102afb@group-BADAB69B2CCD->e208190e-4706-4483-8dc8-04c8e6411800-AppendLogResponseHandler: Request not found, ignoring reply: c7867b87-4f64-4287-af96-d8ca49102afb<-e208190e-4706-4483-8dc8-04c8e6411800#7340:OK,SUCCESS,nextIndex:7316,term:1,followerCommit:7314
2019-09-24 21:43:50,168 [grpc-default-executor-4] WARN  server.GrpcLogAppender (GrpcLogAppender.java:onNextImpl(251)) - c7867b87-4f64-4287-af96-d8ca49102afb@group-BADAB69B2CCD->a11b7e16-c4c9-49e9-a86f-faff061af923-AppendLogResponseHandler: Request not found, ignoring reply: c7867b87-4f64-4287-af96-d8ca49102afb<-a11b7e16-c4c9-49e9-a86f-faff061af923#7341:OK,SUCCESS,nextIndex:7317,term:1,followerCommit:7314
2019-09-24 21:43:50,170 [grpc-default-executor-3] WARN  server.GrpcLogAppender (GrpcLogAppender.java:onNextImpl(251)) - c7867b87-4f64-4287-af96-d8ca49102afb@group-BADAB69B2CCD->e208190e-4706-4483-8dc8-04c8e6411800-AppendLogResponseHandler: Request not found, ignoring reply: c7867b87-4f64-4287-af96-d8ca49102afb<-e208190e-4706-4483-8dc8-04c8e6411800#7341:OK,SUCCESS,nextIndex:7317,term:1,followerCommit:7314
2019-09-24 21:43:50,170 [grpc-default-executor-4] WARN  server.GrpcLogAppender (GrpcLogAppender.java:onNextImpl(251)) - c7867b87-4f64-4287-af96-d8ca49102afb@group-BADAB69B2CCD->a11b7e16-c4c9-49e9-a86f-faff061af923-AppendLogResponseHandler: Request not found, ignoring reply: c7867b87-4f64-4287-af96-d8ca49102afb<-a11b7e16-c4c9-49e9-a86f-faff061af923#7342:OK,SUCCESS,nextIndex:7318,term:1,followerCommit:7314
2019-09-24 21:43:50,170 [grpc-default-executor-3] WARN  server.GrpcLogAppender (GrpcLogAppender.java:onNextImpl(251)) - c7867b87-4f64-4287-af96-d8ca49102afb@group-BADAB69B2CCD->e208190e-4706-4483-8dc8-04c8e6411800-AppendLogResponseHandler: Request not found, ignoring reply: c7867b87-4f64-4287-af96-d8ca49102afb<-e208190e-4706-4483-8dc8-04c8e6411800#7342:OK,SUCCESS,nextIndex:7318,term:1,followerCommit:7314
 0.00% |█                                                                                                    |  0/1 Time: 0:01:54 0.00% |█                                                                                                    |  0/1 Time: 0:01:55 0.00% |█                                                                                                    |  0/1 Time: 0:01:56 0.00% |█                                                                                                    |  0/1 Time: 0:01:572019-09-24 21:43:54,507 [java.util.concurrent.ThreadPoolExecutor$Worker@387ff130[State = -1, empty queue]] WARN  server.GrpcLogAppender (GrpcLogAppender.java:timeoutAppendRequest(200)) - c7867b87-4f64-4287-af96-d8ca49102afb@group-BADAB69B2CCD->e208190e-4706-4483-8dc8-04c8e6411800-GrpcLogAppender: appendEntries Timeout, request=c7867b87-4f64-4287-af96-d8ca49102afb->e208190e-4706-4483-8dc8-04c8e6411800#7352-t1, previous=(t:1, i:7325), leaderCommit=7325, initializing? false, entries: size=1, first=(t:1, i:7326), STATEMACHINELOGENTRY, client-FE16F006BA69, cid=4812
2019-09-24 21:43:54,508 [java.util.concurrent.ThreadPoolExecutor$Worker@387ff130[State = -1, empty queue]] WARN  server.GrpcLogAppender (GrpcLogAppender.java:timeoutAppendRequest(200)) - c7867b87-4f64-4287-af96-d8ca49102afb@group-BADAB69B2CCD->e208190e-4706-4483-8dc8-04c8e6411800-GrpcLogAppender: appendEntries Timeout, request=c7867b87-4f64-4287-af96-d8ca49102afb->e208190e-4706-4483-8dc8-04c8e6411800#7353-t1, previous=(t:1, i:7326), leaderCommit=7325, initializing? false, entries: size=1, first=(t:1, i:7327), STATEMACHINELOGENTRY, client-FE16F006BA69, cid=4813
2019-09-24 21:43:54,522 [java.util.concurrent.ThreadPoolExecutor$Worker@387ff130[State = -1, empty queue]] WARN  server.GrpcLogAppender (GrpcLogAppender.java:timeoutAppendRequest(200)) - c7867b87-4f64-4287-af96-d8ca49102afb@group-BADAB69B2CCD->e208190e-4706-4483-8dc8-04c8e6411800-GrpcLogAppender: appendEntries Timeout, request=c7867b87-4f64-4287-af96-d8ca49102afb->e208190e-4706-4483-8dc8-04c8e6411800#7354-t1, previous=(t:1, i:7327), leaderCommit=7327, initializing? false, entries: size=1, first=(t:1, i:7328), METADATAENTRY(c7326)
2019-09-24 21:43:54,522 [java.util.concurrent.ThreadPoolExecutor$Worker@387ff130[State = -1, empty queue]] WARN  server.GrpcLogAppender (GrpcLogAppender.java:timeoutAppendRequest(200)) - c7867b87-4f64-4287-af96-d8ca49102afb@group-BADAB69B2CCD->e208190e-4706-4483-8dc8-04c8e6411800-GrpcLogAppender: appendEntries Timeout, request=c7867b87-4f64-4287-af96-d8ca49102afb->e208190e-4706-4483-8dc8-04c8e6411800#7355-t1, previous=(t:1, i:7328), leaderCommit=7327, initializing? false, entries: size=1, first=(t:1, i:7329), METADATAENTRY(c7327)
2019-09-24 21:43:54,531 [java.util.concurrent.ThreadPoolExecutor$Worker@387ff130[State = -1, empty queue]] WARN  server.GrpcLogAppender (GrpcLogAppender.java:timeoutAppendRequest(200)) - c7867b87-4f64-4287-af96-d8ca49102afb@group-BADAB69B2CCD->e208190e-4706-4483-8dc8-04c8e6411800-GrpcLogAppender: appendEntries Timeout, request=c7867b87-4f64-4287-af96-d8ca49102afb->e208190e-4706-4483-8dc8-04c8e6411800#7356-t1, previous=(t:1, i:7329), leaderCommit=7327, initializing? false, entries: size=1, first=(t:1, i:7330), STATEMACHINELOGENTRY, client-FE16F006BA69, cid=4814
2019-09-24 21:43:54,531 [java.util.concurrent.ThreadPoolExecutor$Worker@387ff130[State = -1, empty queue]] WARN  server.GrpcLogAppender (GrpcLogAppender.java:timeoutAppendRequest(200)) - c7867b87-4f64-4287-af96-d8ca49102afb@group-BADAB69B2CCD->e208190e-4706-4483-8dc8-04c8e6411800-GrpcLogAppender: appendEntries Timeout, request=c7867b87-4f64-4287-af96-d8ca49102afb->e208190e-4706-4483-8dc8-04c8e6411800#7357-t1, previous=(t:1, i:7330), leaderCommit=7327, initializing? false, entries: size=1, first=(t:1, i:7331), STATEMACHINELOGENTRY, client-FE16F006BA69, cid=4815
 0.00% |█                                                                                                    |  0/1 Time: 0:01:582019-09-24 21:43:54,548 [java.util.concurrent.ThreadPoolExecutor$Worker@387ff130[State = -1, empty queue]] WARN  server.GrpcLogAppender (GrpcLogAppender.java:timeoutAppendRequest(200)) - c7867b87-4f64-4287-af96-d8ca49102afb@group-BADAB69B2CCD->e208190e-4706-4483-8dc8-04c8e6411800-GrpcLogAppender: appendEntries Timeout, request=c7867b87-4f64-4287-af96-d8ca49102afb->e208190e-4706-4483-8dc8-04c8e6411800#7358-t1, previous=(t:1, i:7331), leaderCommit=7331, initializing? false, entries: size=1, first=(t:1, i:7332), METADATAENTRY(c7330)
2019-09-24 21:43:54,548 [java.util.concurrent.ThreadPoolExecutor$Worker@387ff130[State = -1, empty queue]] WARN  server.GrpcLogAppender (GrpcLogAppender.java:timeoutAppendRequest(200)) - c7867b87-4f64-4287-af96-d8ca49102afb@group-BADAB69B2CCD->e208190e-4706-4483-8dc8-04c8e6411800-GrpcLogAppender: appendEntries Timeout, request=c7867b87-4f64-4287-af96-d8ca49102afb->e208190e-4706-4483-8dc8-04c8e6411800#7359-t1, previous=(t:1, i:7332), leaderCommit=7331, initializing? false, entries: size=1, first=(t:1, i:7333), METADATAENTRY(c7331)
 0.00% |█                                                                                                    |  0/1 Time: 0:01:59 0.00% |█                                                                                                    |  0/1 Time: 0:02:002019-09-24 21:43:56,552 [pool-277-thread-1] WARN  scm.XceiverClientRatis (XceiverClientRatis.java:watchForCommit(292)) - 3 way commit failed on pipeline Pipeline[ Id: 08552592-26c1-4b01-997f-badab69b2ccd, Nodes: e208190e-4706-4483-8dc8-04c8e6411800{ip: 192.168.5.148, host: pr-hdds-2149-fgl4f-1742389470, networkLocation: /default-rack, certSerialId: null}a11b7e16-c4c9-49e9-a86f-faff061af923{ip: 192.168.5.148, host: pr-hdds-2149-fgl4f-1742389470, networkLocation: /default-rack, certSerialId: null}c7867b87-4f64-4287-af96-d8ca49102afb{ip: 192.168.5.148, host: pr-hdds-2149-fgl4f-1742389470, networkLocation: /default-rack, certSerialId: null}, Type:RATIS, Factor:THREE, State:OPEN]
java.util.concurrent.TimeoutException
	at java.util.concurrent.CompletableFuture.timedGet(CompletableFuture.java:1771)
	at java.util.concurrent.CompletableFuture.get(CompletableFuture.java:1915)
	at org.apache.hadoop.hdds.scm.XceiverClientRatis.watchForCommit(XceiverClientRatis.java:289)
	at org.apache.hadoop.hdds.scm.storage.CommitWatcher.watchForCommit(CommitWatcher.java:194)
	at org.apache.hadoop.hdds.scm.storage.CommitWatcher.watchOnFirstIndex(CommitWatcher.java:135)
	at org.apache.hadoop.hdds.scm.storage.BlockOutputStream.watchForCommit(BlockOutputStream.java:347)
	at org.apache.hadoop.hdds.scm.storage.BlockOutputStream.handleFullBuffer(BlockOutputStream.java:324)
	at org.apache.hadoop.hdds.scm.storage.BlockOutputStream.write(BlockOutputStream.java:251)
	at org.apache.hadoop.ozone.client.io.BlockOutputStreamEntry.write(BlockOutputStreamEntry.java:129)
	at org.apache.hadoop.ozone.client.io.KeyOutputStream.handleWrite(KeyOutputStream.java:208)
	at org.apache.hadoop.ozone.client.io.KeyOutputStream.write(KeyOutputStream.java:190)
	at org.apache.hadoop.ozone.client.io.OzoneOutputStream.write(OzoneOutputStream.java:49)
	at org.apache.hadoop.ozone.freon.RandomKeyGenerator.createKey(RandomKeyGenerator.java:708)
	at org.apache.hadoop.ozone.freon.RandomKeyGenerator.access$1100(RandomKeyGenerator.java:88)
	at org.apache.hadoop.ozone.freon.RandomKeyGenerator$ObjectCreator.run(RandomKeyGenerator.java:615)
	at java.util.concurrent.Executors$RunnableAdapter.call(Executors.java:511)
	at java.util.concurrent.FutureTask.run(FutureTask.java:266)
	at java.util.concurrent.ThreadPoolExecutor.runWorker(ThreadPoolExecutor.java:1149)
	at java.util.concurrent.ThreadPoolExecutor$Worker.run(ThreadPoolExecutor.java:624)
	at java.lang.Thread.run(Thread.java:748)
2019-09-24 21:43:56,561 [pool-277-thread-1] INFO  scm.XceiverClientRatis (XceiverClientRatis.java:lambda$watchForCommit$7(310)) - Could not commit index 7327 on pipeline Pipeline[ Id: 08552592-26c1-4b01-997f-badab69b2ccd, Nodes: e208190e-4706-4483-8dc8-04c8e6411800{ip: 192.168.5.148, host: pr-hdds-2149-fgl4f-1742389470, networkLocation: /default-rack, certSerialId: null}a11b7e16-c4c9-49e9-a86f-faff061af923{ip: 192.168.5.148, host: pr-hdds-2149-fgl4f-1742389470, networkLocation: /default-rack, certSerialId: null}c7867b87-4f64-4287-af96-d8ca49102afb{ip: 192.168.5.148, host: pr-hdds-2149-fgl4f-1742389470, networkLocation: /default-rack, certSerialId: null}, Type:RATIS, Factor:THREE, State:OPEN] to all the nodes. Server e208190e-4706-4483-8dc8-04c8e6411800 has failed. Committed by majority.
2019-09-24 21:43:56,562 [pool-277-thread-1] WARN  storage.BlockOutputStream (BlockOutputStream.java:watchForCommit(353)) - Failed to commit BlockId conID: 2 locID: 102849670739264312 bcsId: 7331 on Pipeline[ Id: 08552592-26c1-4b01-997f-badab69b2ccd, Nodes: e208190e-4706-4483-8dc8-04c8e6411800{ip: 192.168.5.148, host: pr-hdds-2149-fgl4f-1742389470, networkLocation: /default-rack, certSerialId: null}a11b7e16-c4c9-49e9-a86f-faff061af923{ip: 192.168.5.148, host: pr-hdds-2149-fgl4f-1742389470, networkLocation: /default-rack, certSerialId: null}c7867b87-4f64-4287-af96-d8ca49102afb{ip: 192.168.5.148, host: pr-hdds-2149-fgl4f-1742389470, networkLocation: /default-rack, certSerialId: null}, Type:RATIS, Factor:THREE, State:OPEN]. Failed nodes: [e208190e-4706-4483-8dc8-04c8e6411800{ip: null, host: null, networkLocation: /default-rack, certSerialId: null}]
2019-09-24 21:43:56,891 [grpc-default-executor-2] WARN  server.GrpcLogAppender (GrpcLogAppender.java:onNextImpl(251)) - c7867b87-4f64-4287-af96-d8ca49102afb@group-BADAB69B2CCD->e208190e-4706-4483-8dc8-04c8e6411800-AppendLogResponseHandler: Request not found, ignoring reply: c7867b87-4f64-4287-af96-d8ca49102afb<-e208190e-4706-4483-8dc8-04c8e6411800#7352:OK,SUCCESS,nextIndex:7327,term:1,followerCommit:7325
2019-09-24 21:43:56,895 [grpc-default-executor-2] WARN  server.GrpcLogAppender (GrpcLogAppender.java:onNextImpl(251)) - c7867b87-4f64-4287-af96-d8ca49102afb@group-BADAB69B2CCD->e208190e-4706-4483-8dc8-04c8e6411800-AppendLogResponseHandler: Request not found, ignoring reply: c7867b87-4f64-4287-af96-d8ca49102afb<-e208190e-4706-4483-8dc8-04c8e6411800#7353:OK,SUCCESS,nextIndex:7328,term:1,followerCommit:7325
2019-09-24 21:43:57,049 [java.util.concurrent.ThreadPoolExecutor$Worker@387ff130[State = -1, empty queue]] WARN  server.GrpcLogAppender (GrpcLogAppender.java:timeoutAppendRequest(200)) - c7867b87-4f64-4287-af96-d8ca49102afb@group-BADAB69B2CCD->e208190e-4706-4483-8dc8-04c8e6411800-GrpcLogAppender: appendEntries Timeout, request=c7867b87-4f64-4287-af96-d8ca49102afb->e208190e-4706-4483-8dc8-04c8e6411800#7360-t1, previous=(t:1, i:7333), leaderCommit=7333, initializing? false, entries: <empty>
 0.00% |█                                                                                                    |  0/1 Time: 0:02:01 0.00% |█                                                                                                    |  0/1 Time: 0:02:022019-09-24 21:43:59,179 [grpc-default-executor-2] WARN  server.GrpcLogAppender (GrpcLogAppender.java:onNextImpl(251)) - c7867b87-4f64-4287-af96-d8ca49102afb@group-BADAB69B2CCD->e208190e-4706-4483-8dc8-04c8e6411800-AppendLogResponseHandler: Request not found, ignoring reply: c7867b87-4f64-4287-af96-d8ca49102afb<-e208190e-4706-4483-8dc8-04c8e6411800#7354:OK,SUCCESS,nextIndex:7329,term:1,followerCommit:7327
2019-09-24 21:43:59,180 [grpc-default-executor-2] WARN  server.GrpcLogAppender (GrpcLogAppender.java:onNextImpl(251)) - c7867b87-4f64-4287-af96-d8ca49102afb@group-BADAB69B2CCD->e208190e-4706-4483-8dc8-04c8e6411800-AppendLogResponseHandler: Request not found, ignoring reply: c7867b87-4f64-4287-af96-d8ca49102afb<-e208190e-4706-4483-8dc8-04c8e6411800#7355:OK,SUCCESS,nextIndex:7330,term:1,followerCommit:7327
2019-09-24 21:43:59,181 [grpc-default-executor-2] WARN  server.GrpcLogAppender (GrpcLogAppender.java:onNextImpl(251)) - c7867b87-4f64-4287-af96-d8ca49102afb@group-BADAB69B2CCD->e208190e-4706-4483-8dc8-04c8e6411800-AppendLogResponseHandler: Request not found, ignoring reply: c7867b87-4f64-4287-af96-d8ca49102afb<-e208190e-4706-4483-8dc8-04c8e6411800#7356:OK,SUCCESS,nextIndex:7331,term:1,followerCommit:7327
2019-09-24 21:43:59,181 [grpc-default-executor-2] WARN  server.GrpcLogAppender (GrpcLogAppender.java:onNextImpl(251)) - c7867b87-4f64-4287-af96-d8ca49102afb@group-BADAB69B2CCD->e208190e-4706-4483-8dc8-04c8e6411800-AppendLogResponseHandler: Request not found, ignoring reply: c7867b87-4f64-4287-af96-d8ca49102afb<-e208190e-4706-4483-8dc8-04c8e6411800#7357:OK,SUCCESS,nextIndex:7332,term:1,followerCommit:7327
2019-09-24 21:43:59,181 [grpc-default-executor-2] WARN  server.GrpcLogAppender (GrpcLogAppender.java:onNextImpl(251)) - c7867b87-4f64-4287-af96-d8ca49102afb@group-BADAB69B2CCD->e208190e-4706-4483-8dc8-04c8e6411800-AppendLogResponseHandler: Request not found, ignoring reply: c7867b87-4f64-4287-af96-d8ca49102afb<-e208190e-4706-4483-8dc8-04c8e6411800#7358:OK,SUCCESS,nextIndex:7333,term:1,followerCommit:7331
2019-09-24 21:43:59,181 [grpc-default-executor-2] WARN  server.GrpcLogAppender (GrpcLogAppender.java:onNextImpl(251)) - c7867b87-4f64-4287-af96-d8ca49102afb@group-BADAB69B2CCD->e208190e-4706-4483-8dc8-04c8e6411800-AppendLogResponseHandler: Request not found, ignoring reply: c7867b87-4f64-4287-af96-d8ca49102afb<-e208190e-4706-4483-8dc8-04c8e6411800#7359:OK,SUCCESS,nextIndex:7334,term:1,followerCommit:7331
2019-09-24 21:43:59,181 [grpc-default-executor-2] WARN  server.GrpcLogAppender (GrpcLogAppender.java:onNextImpl(251)) - c7867b87-4f64-4287-af96-d8ca49102afb@group-BADAB69B2CCD->e208190e-4706-4483-8dc8-04c8e6411800-AppendLogResponseHandler: Request not found, ignoring reply: c7867b87-4f64-4287-af96-d8ca49102afb<-e208190e-4706-4483-8dc8-04c8e6411800#7360:OK,SUCCESS,nextIndex:7334,term:1,followerCommit:7325
 0.00% |█                                                                                                    |  0/1 Time: 0:02:03 0.00% |█                                                                                                    |  0/1 Time: 0:02:04 0.00% |█                                                                                                    |  0/1 Time: 0:02:052019-09-24 21:44:01,564 [pool-277-thread-1] WARN  scm.XceiverClientRatis (XceiverClientRatis.java:watchForCommit(292)) - 3 way commit failed on pipeline Pipeline[ Id: 08552592-26c1-4b01-997f-badab69b2ccd, Nodes: e208190e-4706-4483-8dc8-04c8e6411800{ip: 192.168.5.148, host: pr-hdds-2149-fgl4f-1742389470, networkLocation: /default-rack, certSerialId: null}a11b7e16-c4c9-49e9-a86f-faff061af923{ip: 192.168.5.148, host: pr-hdds-2149-fgl4f-1742389470, networkLocation: /default-rack, certSerialId: null}c7867b87-4f64-4287-af96-d8ca49102afb{ip: 192.168.5.148, host: pr-hdds-2149-fgl4f-1742389470, networkLocation: /default-rack, certSerialId: null}, Type:RATIS, Factor:THREE, State:OPEN]
java.util.concurrent.TimeoutException
	at java.util.concurrent.CompletableFuture.timedGet(CompletableFuture.java:1771)
	at java.util.concurrent.CompletableFuture.get(CompletableFuture.java:1915)
	at org.apache.hadoop.hdds.scm.XceiverClientRatis.watchForCommit(XceiverClientRatis.java:289)
	at org.apache.hadoop.hdds.scm.storage.CommitWatcher.watchForCommit(CommitWatcher.java:194)
	at org.apache.hadoop.hdds.scm.storage.CommitWatcher.watchOnLastIndex(CommitWatcher.java:157)
	at org.apache.hadoop.hdds.scm.storage.BlockOutputStream.watchForCommit(BlockOutputStream.java:347)
	at org.apache.hadoop.hdds.scm.storage.BlockOutputStream.handleFlush(BlockOutputStream.java:479)
	at org.apache.hadoop.hdds.scm.storage.BlockOutputStream.close(BlockOutputStream.java:493)
	at org.apache.hadoop.ozone.client.io.BlockOutputStreamEntry.close(BlockOutputStreamEntry.java:143)
	at org.apache.hadoop.ozone.client.io.KeyOutputStream.handleFlushOrClose(KeyOutputStream.java:439)
	at org.apache.hadoop.ozone.client.io.KeyOutputStream.handleWrite(KeyOutputStream.java:232)
	at org.apache.hadoop.ozone.client.io.KeyOutputStream.write(KeyOutputStream.java:190)
	at org.apache.hadoop.ozone.client.io.OzoneOutputStream.write(OzoneOutputStream.java:49)
	at org.apache.hadoop.ozone.freon.RandomKeyGenerator.createKey(RandomKeyGenerator.java:708)
	at org.apache.hadoop.ozone.freon.RandomKeyGenerator.access$1100(RandomKeyGenerator.java:88)
	at org.apache.hadoop.ozone.freon.RandomKeyGenerator$ObjectCreator.run(RandomKeyGenerator.java:615)
	at java.util.concurrent.Executors$RunnableAdapter.call(Executors.java:511)
	at java.util.concurrent.FutureTask.run(FutureTask.java:266)
	at java.util.concurrent.ThreadPoolExecutor.runWorker(ThreadPoolExecutor.java:1149)
	at java.util.concurrent.ThreadPoolExecutor$Worker.run(ThreadPoolExecutor.java:624)
	at java.lang.Thread.run(Thread.java:748)
2019-09-24 21:44:01,571 [pool-277-thread-1] INFO  scm.XceiverClientRatis (XceiverClientRatis.java:lambda$watchForCommit$7(310)) - Could not commit index 7331 on pipeline Pipeline[ Id: 08552592-26c1-4b01-997f-badab69b2ccd, Nodes: e208190e-4706-4483-8dc8-04c8e6411800{ip: 192.168.5.148, host: pr-hdds-2149-fgl4f-1742389470, networkLocation: /default-rack, certSerialId: null}a11b7e16-c4c9-49e9-a86f-faff061af923{ip: 192.168.5.148, host: pr-hdds-2149-fgl4f-1742389470, networkLocation: /default-rack, certSerialId: null}c7867b87-4f64-4287-af96-d8ca49102afb{ip: 192.168.5.148, host: pr-hdds-2149-fgl4f-1742389470, networkLocation: /default-rack, certSerialId: null}, Type:RATIS, Factor:THREE, State:OPEN] to all the nodes. Server e208190e-4706-4483-8dc8-04c8e6411800 has failed. Committed by majority.
2019-09-24 21:44:01,572 [pool-277-thread-1] WARN  storage.BlockOutputStream (BlockOutputStream.java:watchForCommit(353)) - Failed to commit BlockId conID: 2 locID: 102849670739264312 bcsId: 7331 on Pipeline[ Id: 08552592-26c1-4b01-997f-badab69b2ccd, Nodes: e208190e-4706-4483-8dc8-04c8e6411800{ip: 192.168.5.148, host: pr-hdds-2149-fgl4f-1742389470, networkLocation: /default-rack, certSerialId: null}a11b7e16-c4c9-49e9-a86f-faff061af923{ip: 192.168.5.148, host: pr-hdds-2149-fgl4f-1742389470, networkLocation: /default-rack, certSerialId: null}c7867b87-4f64-4287-af96-d8ca49102afb{ip: 192.168.5.148, host: pr-hdds-2149-fgl4f-1742389470, networkLocation: /default-rack, certSerialId: null}, Type:RATIS, Factor:THREE, State:OPEN]. Failed nodes: [e208190e-4706-4483-8dc8-04c8e6411800{ip: null, host: null, networkLocation: /default-rack, certSerialId: null}]
2019-09-24 21:44:01,608 [IPC Server handler 8 on 35379] WARN  block.BlockManagerImpl (BlockManagerImpl.java:allocateBlock(192)) - Pipeline creation failed for type:RATIS factor:THREE. Retrying get pipelines call once.
org.apache.hadoop.hdds.scm.pipeline.InsufficientDatanodesException: Cannot create pipeline of factor 3 using 2 nodes.
	at org.apache.hadoop.hdds.scm.pipeline.RatisPipelineProvider.create(RatisPipelineProvider.java:153)
	at org.apache.hadoop.hdds.scm.pipeline.PipelineFactory.create(PipelineFactory.java:58)
	at org.apache.hadoop.hdds.scm.pipeline.SCMPipelineManager.createPipeline(SCMPipelineManager.java:155)
	at org.apache.hadoop.hdds.scm.block.BlockManagerImpl.allocateBlock(BlockManagerImpl.java:190)
	at org.apache.hadoop.hdds.scm.server.SCMBlockProtocolServer.allocateBlock(SCMBlockProtocolServer.java:182)
	at org.apache.hadoop.ozone.protocolPB.ScmBlockLocationProtocolServerSideTranslatorPB.allocateScmBlock(ScmBlockLocationProtocolServerSideTranslatorPB.java:183)
	at org.apache.hadoop.ozone.protocolPB.ScmBlockLocationProtocolServerSideTranslatorPB.processMessage(ScmBlockLocationProtocolServerSideTranslatorPB.java:141)
	at org.apache.hadoop.ozone.protocolPB.ScmBlockLocationProtocolServerSideTranslatorPB.send(ScmBlockLocationProtocolServerSideTranslatorPB.java:116)
	at org.apache.hadoop.hdds.protocol.proto.ScmBlockLocationProtocolProtos$ScmBlockLocationProtocolService$2.callBlockingMethod(ScmBlockLocationProtocolProtos.java:13157)
	at org.apache.hadoop.ipc.ProtobufRpcEngine$Server$ProtoBufRpcInvoker.call(ProtobufRpcEngine.java:524)
	at org.apache.hadoop.ipc.RPC$Server.call(RPC.java:1025)
	at org.apache.hadoop.ipc.Server$RpcCall.run(Server.java:876)
	at org.apache.hadoop.ipc.Server$RpcCall.run(Server.java:822)
	at java.security.AccessController.doPrivileged(Native Method)
	at javax.security.auth.Subject.doAs(Subject.java:422)
	at org.apache.hadoop.security.UserGroupInformation.doAs(UserGroupInformation.java:1730)
	at org.apache.hadoop.ipc.Server$Handler.run(Server.java:2682)
2019-09-24 21:44:01,610 [IPC Server handler 8 on 35379] INFO  block.BlockManagerImpl (BlockManagerImpl.java:allocateBlock(198)) - Could not find available pipeline of type:RATIS and factor:THREE even after retrying
2019-09-24 21:44:01,611 [IPC Server handler 8 on 35379] ERROR block.BlockManagerImpl (BlockManagerImpl.java:allocateBlock(222)) - Unable to allocate a block for the size: 4194304, type: RATIS, factor: THREE
2019-09-24 21:44:01,617 [pool-277-thread-1] ERROR io.BlockOutputStreamEntryPool (BlockOutputStreamEntryPool.java:allocateBlockIfNeeded(299)) - Try to allocate more blocks for write failed, already allocated 0 blocks for this write.
INTERNAL_ERROR org.apache.hadoop.ozone.om.exceptions.OMException: Allocated 0 blocks. Requested 1 blocks
	at org.apache.hadoop.ozone.om.protocolPB.OzoneManagerProtocolClientSideTranslatorPB.handleError(OzoneManagerProtocolClientSideTranslatorPB.java:732)
	at org.apache.hadoop.ozone.om.protocolPB.OzoneManagerProtocolClientSideTranslatorPB.allocateBlock(OzoneManagerProtocolClientSideTranslatorPB.java:764)
	at sun.reflect.GeneratedMethodAccessor546.invoke(Unknown Source)
	at sun.reflect.DelegatingMethodAccessorImpl.invoke(DelegatingMethodAccessorImpl.java:43)
	at java.lang.reflect.Method.invoke(Method.java:498)
	at org.apache.hadoop.hdds.tracing.TraceAllMethod.invoke(TraceAllMethod.java:66)
	at com.sun.proxy.$Proxy37.allocateBlock(Unknown Source)
	at org.apache.hadoop.ozone.client.io.BlockOutputStreamEntryPool.allocateNewBlock(BlockOutputStreamEntryPool.java:248)
	at org.apache.hadoop.ozone.client.io.BlockOutputStreamEntryPool.allocateBlockIfNeeded(BlockOutputStreamEntryPool.java:296)
	at org.apache.hadoop.ozone.client.io.KeyOutputStream.handleWrite(KeyOutputStream.java:198)
	at org.apache.hadoop.ozone.client.io.KeyOutputStream.write(KeyOutputStream.java:190)
	at org.apache.hadoop.ozone.client.io.OzoneOutputStream.write(OzoneOutputStream.java:49)
	at org.apache.hadoop.ozone.freon.RandomKeyGenerator.createKey(RandomKeyGenerator.java:708)
	at org.apache.hadoop.ozone.freon.RandomKeyGenerator.access$1100(RandomKeyGenerator.java:88)
	at org.apache.hadoop.ozone.freon.RandomKeyGenerator$ObjectCreator.run(RandomKeyGenerator.java:615)
	at java.util.concurrent.Executors$RunnableAdapter.call(Executors.java:511)
	at java.util.concurrent.FutureTask.run(FutureTask.java:266)
	at java.util.concurrent.ThreadPoolExecutor.runWorker(ThreadPoolExecutor.java:1149)
	at java.util.concurrent.ThreadPoolExecutor$Worker.run(ThreadPoolExecutor.java:624)
	at java.lang.Thread.run(Thread.java:748)
2019-09-24 21:44:01,621 [pool-277-thread-1] ERROR freon.RandomKeyGenerator (RandomKeyGenerator.java:createKey(733)) - Exception while adding key: key-0-60027 in bucket: bucket-0-31322 of volume: vol-0-83768.
INTERNAL_ERROR org.apache.hadoop.ozone.om.exceptions.OMException: Allocated 0 blocks. Requested 1 blocks
	at org.apache.hadoop.ozone.om.protocolPB.OzoneManagerProtocolClientSideTranslatorPB.handleError(OzoneManagerProtocolClientSideTranslatorPB.java:732)
	at org.apache.hadoop.ozone.om.protocolPB.OzoneManagerProtocolClientSideTranslatorPB.allocateBlock(OzoneManagerProtocolClientSideTranslatorPB.java:764)
	at sun.reflect.GeneratedMethodAccessor546.invoke(Unknown Source)
	at sun.reflect.DelegatingMethodAccessorImpl.invoke(DelegatingMethodAccessorImpl.java:43)
	at java.lang.reflect.Method.invoke(Method.java:498)
	at org.apache.hadoop.hdds.tracing.TraceAllMethod.invoke(TraceAllMethod.java:66)
	at com.sun.proxy.$Proxy37.allocateBlock(Unknown Source)
	at org.apache.hadoop.ozone.client.io.BlockOutputStreamEntryPool.allocateNewBlock(BlockOutputStreamEntryPool.java:248)
	at org.apache.hadoop.ozone.client.io.BlockOutputStreamEntryPool.allocateBlockIfNeeded(BlockOutputStreamEntryPool.java:296)
	at org.apache.hadoop.ozone.client.io.KeyOutputStream.handleWrite(KeyOutputStream.java:198)
	at org.apache.hadoop.ozone.client.io.KeyOutputStream.write(KeyOutputStream.java:190)
	at org.apache.hadoop.ozone.client.io.OzoneOutputStream.write(OzoneOutputStream.java:49)
	at org.apache.hadoop.ozone.freon.RandomKeyGenerator.createKey(RandomKeyGenerator.java:708)
	at org.apache.hadoop.ozone.freon.RandomKeyGenerator.access$1100(RandomKeyGenerator.java:88)
	at org.apache.hadoop.ozone.freon.RandomKeyGenerator$ObjectCreator.run(RandomKeyGenerator.java:615)
	at java.util.concurrent.Executors$RunnableAdapter.call(Executors.java:511)
	at java.util.concurrent.FutureTask.run(FutureTask.java:266)
	at java.util.concurrent.ThreadPoolExecutor.runWorker(ThreadPoolExecutor.java:1149)
	at java.util.concurrent.ThreadPoolExecutor$Worker.run(ThreadPoolExecutor.java:624)
	at java.lang.Thread.run(Thread.java:748)
 0.00% |█                                                                                                    |  0/1 Time: 0:02:06 0.00% |█                                                                                                    |  0/1 Time: 0:02:07 0.00% |█                                                                                                    |  0/1 Time: 0:02:08 0.00% |█                                                                                                    |  0/1 Time: 0:02:09 100.00% |█████████████████████████████████████████████████████████████████████████████████████████████████████|  1/1 Time: 0:02:10
]]></system-out>
  </testcase>
  <testcase name="fileWithSizeZero" classname="org.apache.hadoop.ozone.freon.TestRandomKeyGenerator" time="5.072"/>
  <testcase name="multiThread" classname="org.apache.hadoop.ozone.freon.TestRandomKeyGenerator" time="10.027"/>
</testsuite>