<?xml version="1.0" encoding="UTF-8"?>
<testsuite xmlns:xsi="http://www.w3.org/2001/XMLSchema-instance" xsi:noNamespaceSchemaLocation="https://maven.apache.org/surefire/maven-surefire-plugin/xsd/surefire-test-report.xsd" name="org.apache.hadoop.fs.ozone.TestOzoneFSInputStream" time="49.901" tests="1" errors="1" skipped="0" failures="0">
  <properties>
    <property name="awt.toolkit" value="sun.awt.X11.XToolkit"/>
    <property name="file.encoding.pkg" value="sun.io"/>
    <property name="java.specification.version" value="1.8"/>
    <property name="sun.cpu.isalist" value=""/>
    <property name="sun.jnu.encoding" value="UTF-8"/>
    <property name="java.class.path" value="/workdir/hadoop-ozone/ozonefs/target/test-classes:/workdir/hadoop-ozone/ozonefs/target/classes:/home/user/.m2/repository/org/apache/hadoop/hadoop-common/3.2.0/hadoop-common-3.2.0.jar:/home/user/.m2/repository/org/apache/hadoop/hadoop-annotations/3.2.0/hadoop-annotations-3.2.0.jar:/usr/lib/jvm/java-1.8-openjdk/jre/../lib/tools.jar:/home/user/.m2/repository/com/google/guava/guava/11.0.2/guava-11.0.2.jar:/home/user/.m2/repository/commons-cli/commons-cli/1.2/commons-cli-1.2.jar:/home/user/.m2/repository/org/apache/commons/commons-math3/3.1.1/commons-math3-3.1.1.jar:/home/user/.m2/repository/org/apache/httpcomponents/httpclient/4.5.2/httpclient-4.5.2.jar:/home/user/.m2/repository/org/apache/httpcomponents/httpcore/4.4.4/httpcore-4.4.4.jar:/home/user/.m2/repository/commons-codec/commons-codec/1.11/commons-codec-1.11.jar:/home/user/.m2/repository/commons-io/commons-io/2.5/commons-io-2.5.jar:/home/user/.m2/repository/commons-net/commons-net/3.6/commons-net-3.6.jar:/home/user/.m2/repository/commons-collections/commons-collections/3.2.2/commons-collections-3.2.2.jar:/home/user/.m2/repository/javax/servlet/javax.servlet-api/3.1.0/javax.servlet-api-3.1.0.jar:/home/user/.m2/repository/org/eclipse/jetty/jetty-server/9.3.24.v20180605/jetty-server-9.3.24.v20180605.jar:/home/user/.m2/repository/org/eclipse/jetty/jetty-http/9.3.24.v20180605/jetty-http-9.3.24.v20180605.jar:/home/user/.m2/repository/org/eclipse/jetty/jetty-io/9.3.24.v20180605/jetty-io-9.3.24.v20180605.jar:/home/user/.m2/repository/org/eclipse/jetty/jetty-util/9.3.24.v20180605/jetty-util-9.3.24.v20180605.jar:/home/user/.m2/repository/org/eclipse/jetty/jetty-servlet/9.3.24.v20180605/jetty-servlet-9.3.24.v20180605.jar:/home/user/.m2/repository/org/eclipse/jetty/jetty-security/9.3.24.v20180605/jetty-security-9.3.24.v20180605.jar:/home/user/.m2/repository/org/eclipse/jetty/jetty-webapp/9.3.24.v20180605/jetty-webapp-9.3.24.v20180605.jar:/home/user/.m2/repository/org/eclipse/jetty/jetty-xml/9.3.24.v20180605/jetty-xml-9.3.24.v20180605.jar:/home/user/.m2/repository/javax/servlet/jsp/jsp-api/2.1/jsp-api-2.1.jar:/home/user/.m2/repository/com/sun/jersey/jersey-core/1.19/jersey-core-1.19.jar:/home/user/.m2/repository/javax/ws/rs/jsr311-api/1.1.1/jsr311-api-1.1.1.jar:/home/user/.m2/repository/com/sun/jersey/jersey-servlet/1.19/jersey-servlet-1.19.jar:/home/user/.m2/repository/com/sun/jersey/jersey-json/1.19/jersey-json-1.19.jar:/home/user/.m2/repository/org/codehaus/jettison/jettison/1.1/jettison-1.1.jar:/home/user/.m2/repository/com/sun/xml/bind/jaxb-impl/2.3.0.1/jaxb-impl-2.3.0.1.jar:/home/user/.m2/repository/org/codehaus/jackson/jackson-core-asl/1.9.13/jackson-core-asl-1.9.13.jar:/home/user/.m2/repository/org/codehaus/jackson/jackson-mapper-asl/1.9.13/jackson-mapper-asl-1.9.13.jar:/home/user/.m2/repository/org/codehaus/jackson/jackson-jaxrs/1.9.13/jackson-jaxrs-1.9.13.jar:/home/user/.m2/repository/org/codehaus/jackson/jackson-xc/1.9.13/jackson-xc-1.9.13.jar:/home/user/.m2/repository/com/sun/jersey/jersey-server/1.19/jersey-server-1.19.jar:/home/user/.m2/repository/commons-logging/commons-logging/1.1.3/commons-logging-1.1.3.jar:/home/user/.m2/repository/log4j/log4j/1.2.17/log4j-1.2.17.jar:/home/user/.m2/repository/commons-beanutils/commons-beanutils/1.9.3/commons-beanutils-1.9.3.jar:/home/user/.m2/repository/org/apache/commons/commons-configuration2/2.1.1/commons-configuration2-2.1.1.jar:/home/user/.m2/repository/org/apache/commons/commons-lang3/3.7/commons-lang3-3.7.jar:/home/user/.m2/repository/org/apache/commons/commons-text/1.4/commons-text-1.4.jar:/home/user/.m2/repository/org/slf4j/slf4j-api/1.7.25/slf4j-api-1.7.25.jar:/home/user/.m2/repository/org/slf4j/slf4j-log4j12/1.7.25/slf4j-log4j12-1.7.25.jar:/home/user/.m2/repository/org/apache/avro/avro/1.7.7/avro-1.7.7.jar:/home/user/.m2/repository/com/thoughtworks/paranamer/paranamer/2.3/paranamer-2.3.jar:/home/user/.m2/repository/org/xerial/snappy/snappy-java/1.0.5/snappy-java-1.0.5.jar:/home/user/.m2/repository/com/google/re2j/re2j/1.1/re2j-1.1.jar:/home/user/.m2/repository/com/google/protobuf/protobuf-java/2.5.0/protobuf-java-2.5.0.jar:/home/user/.m2/repository/com/google/code/gson/gson/2.2.4/gson-2.2.4.jar:/home/user/.m2/repository/org/apache/hadoop/hadoop-auth/3.2.0/hadoop-auth-3.2.0.jar:/home/user/.m2/repository/com/nimbusds/nimbus-jose-jwt/4.41.1/nimbus-jose-jwt-4.41.1.jar:/home/user/.m2/repository/com/github/stephenc/jcip/jcip-annotations/1.0-1/jcip-annotations-1.0-1.jar:/home/user/.m2/repository/net/minidev/json-smart/2.3/json-smart-2.3.jar:/home/user/.m2/repository/net/minidev/accessors-smart/1.2/accessors-smart-1.2.jar:/home/user/.m2/repository/org/apache/curator/curator-framework/2.12.0/curator-framework-2.12.0.jar:/home/user/.m2/repository/com/jcraft/jsch/0.1.54/jsch-0.1.54.jar:/home/user/.m2/repository/org/apache/curator/curator-client/2.12.0/curator-client-2.12.0.jar:/home/user/.m2/repository/org/apache/curator/curator-recipes/2.12.0/curator-recipes-2.12.0.jar:/home/user/.m2/repository/com/google/code/findbugs/jsr305/3.0.0/jsr305-3.0.0.jar:/home/user/.m2/repository/org/apache/htrace/htrace-core4/4.1.0-incubating/htrace-core4-4.1.0-incubating.jar:/home/user/.m2/repository/org/apache/zookeeper/zookeeper/3.4.13/zookeeper-3.4.13.jar:/home/user/.m2/repository/org/apache/yetus/audience-annotations/0.5.0/audience-annotations-0.5.0.jar:/home/user/.m2/repository/org/apache/commons/commons-compress/1.4.1/commons-compress-1.4.1.jar:/home/user/.m2/repository/org/tukaani/xz/1.0/xz-1.0.jar:/home/user/.m2/repository/org/apache/kerby/kerb-simplekdc/1.0.1/kerb-simplekdc-1.0.1.jar:/home/user/.m2/repository/org/apache/kerby/kerb-client/1.0.1/kerb-client-1.0.1.jar:/home/user/.m2/repository/org/apache/kerby/kerby-config/1.0.1/kerby-config-1.0.1.jar:/home/user/.m2/repository/org/apache/kerby/kerb-core/1.0.1/kerb-core-1.0.1.jar:/home/user/.m2/repository/org/apache/kerby/kerby-pkix/1.0.1/kerby-pkix-1.0.1.jar:/home/user/.m2/repository/org/apache/kerby/kerby-asn1/1.0.1/kerby-asn1-1.0.1.jar:/home/user/.m2/repository/org/apache/kerby/kerby-util/1.0.1/kerby-util-1.0.1.jar:/home/user/.m2/repository/org/apache/kerby/kerb-common/1.0.1/kerb-common-1.0.1.jar:/home/user/.m2/repository/org/apache/kerby/kerb-crypto/1.0.1/kerb-crypto-1.0.1.jar:/home/user/.m2/repository/org/apache/kerby/kerb-util/1.0.1/kerb-util-1.0.1.jar:/home/user/.m2/repository/org/apache/kerby/token-provider/1.0.1/token-provider-1.0.1.jar:/home/user/.m2/repository/org/apache/kerby/kerb-admin/1.0.1/kerb-admin-1.0.1.jar:/home/user/.m2/repository/org/apache/kerby/kerb-server/1.0.1/kerb-server-1.0.1.jar:/home/user/.m2/repository/org/apache/kerby/kerb-identity/1.0.1/kerb-identity-1.0.1.jar:/home/user/.m2/repository/org/apache/kerby/kerby-xdr/1.0.1/kerby-xdr-1.0.1.jar:/home/user/.m2/repository/com/fasterxml/jackson/core/jackson-databind/2.9.5/jackson-databind-2.9.5.jar:/home/user/.m2/repository/com/fasterxml/jackson/core/jackson-annotations/2.9.5/jackson-annotations-2.9.5.jar:/home/user/.m2/repository/com/fasterxml/jackson/core/jackson-core/2.9.5/jackson-core-2.9.5.jar:/home/user/.m2/repository/org/codehaus/woodstox/stax2-api/3.1.4/stax2-api-3.1.4.jar:/home/user/.m2/repository/com/fasterxml/woodstox/woodstox-core/5.0.3/woodstox-core-5.0.3.jar:/home/user/.m2/repository/dnsjava/dnsjava/2.1.7/dnsjava-2.1.7.jar:/home/user/.m2/repository/org/apache/hadoop/hadoop-hdfs/3.2.0/hadoop-hdfs-3.2.0.jar:/home/user/.m2/repository/org/eclipse/jetty/jetty-util-ajax/9.3.24.v20180605/jetty-util-ajax-9.3.24.v20180605.jar:/home/user/.m2/repository/commons-daemon/commons-daemon/1.0.13/commons-daemon-1.0.13.jar:/home/user/.m2/repository/io/netty/netty/3.10.5.Final/netty-3.10.5.Final.jar:/home/user/.m2/repository/io/netty/netty-all/4.0.52.Final/netty-all-4.0.52.Final.jar:/home/user/.m2/repository/org/fusesource/leveldbjni/leveldbjni-all/1.8/leveldbjni-all-1.8.jar:/home/user/.m2/repository/org/apache/hadoop/hadoop-hdds-common/0.5.0-SNAPSHOT/hadoop-hdds-common-0.5.0-SNAPSHOT.jar:/home/user/.m2/repository/org/apache/hadoop/hadoop-hdds-config/0.5.0-SNAPSHOT/hadoop-hdds-config-0.5.0-SNAPSHOT.jar:/home/user/.m2/repository/javax/annotation/javax.annotation-api/1.2/javax.annotation-api-1.2.jar:/home/user/.m2/repository/org/apache/ratis/ratis-server/0.4.0-2337318-SNAPSHOT/ratis-server-0.4.0-2337318-SNAPSHOT.jar:/home/user/.m2/repository/org/apache/ratis/ratis-thirdparty-misc/0.2.0/ratis-thirdparty-misc-0.2.0.jar:/home/user/.m2/repository/org/apache/ratis/ratis-proto/0.4.0-2337318-SNAPSHOT/ratis-proto-0.4.0-2337318-SNAPSHOT.jar:/home/user/.m2/repository/org/apache/ratis/ratis-common/0.4.0-2337318-SNAPSHOT/ratis-common-0.4.0-2337318-SNAPSHOT.jar:/home/user/.m2/repository/org/apache/ratis/ratis-client/0.4.0-2337318-SNAPSHOT/ratis-client-0.4.0-2337318-SNAPSHOT.jar:/home/user/.m2/repository/org/apache/ratis/ratis-metrics/0.4.0-2337318-SNAPSHOT/ratis-metrics-0.4.0-2337318-SNAPSHOT.jar:/home/user/.m2/repository/org/apache/ratis/ratis-netty/0.4.0-2337318-SNAPSHOT/ratis-netty-0.4.0-2337318-SNAPSHOT.jar:/home/user/.m2/repository/org/apache/ratis/ratis-grpc/0.4.0-2337318-SNAPSHOT/ratis-grpc-0.4.0-2337318-SNAPSHOT.jar:/home/user/.m2/repository/org/rocksdb/rocksdbjni/6.0.1/rocksdbjni-6.0.1.jar:/home/user/.m2/repository/org/apache/logging/log4j/log4j-api/2.11.0/log4j-api-2.11.0.jar:/home/user/.m2/repository/org/apache/logging/log4j/log4j-core/2.11.0/log4j-core-2.11.0.jar:/home/user/.m2/repository/com/lmax/disruptor/3.4.2/disruptor-3.4.2.jar:/home/user/.m2/repository/org/apache/commons/commons-pool2/2.6.0/commons-pool2-2.6.0.jar:/home/user/.m2/repository/org/bouncycastle/bcpkix-jdk15on/1.60/bcpkix-jdk15on-1.60.jar:/home/user/.m2/repository/commons-validator/commons-validator/1.6/commons-validator-1.6.jar:/home/user/.m2/repository/commons-digester/commons-digester/1.8.1/commons-digester-1.8.1.jar:/home/user/.m2/repository/io/jaegertracing/jaeger-client/0.33.1/jaeger-client-0.33.1.jar:/home/user/.m2/repository/io/jaegertracing/jaeger-thrift/0.33.1/jaeger-thrift-0.33.1.jar:/home/user/.m2/repository/org/apache/thrift/libthrift/0.11.0/libthrift-0.11.0.jar:/home/user/.m2/repository/com/squareup/okhttp3/okhttp/3.9.0/okhttp-3.9.0.jar:/home/user/.m2/repository/com/squareup/okio/okio/1.13.0/okio-1.13.0.jar:/home/user/.m2/repository/io/jaegertracing/jaeger-core/0.33.1/jaeger-core-0.33.1.jar:/home/user/.m2/repository/io/jaegertracing/jaeger-tracerresolver/0.33.1/jaeger-tracerresolver-0.33.1.jar:/home/user/.m2/repository/io/opentracing/contrib/opentracing-tracerresolver/0.1.5/opentracing-tracerresolver-0.1.5.jar:/home/user/.m2/repository/io/opentracing/opentracing-util/0.31.0/opentracing-util-0.31.0.jar:/home/user/.m2/repository/io/opentracing/opentracing-api/0.31.0/opentracing-api-0.31.0.jar:/home/user/.m2/repository/io/opentracing/opentracing-noop/0.31.0/opentracing-noop-0.31.0.jar:/home/user/.m2/repository/org/yaml/snakeyaml/1.16/snakeyaml-1.16.jar:/home/user/.m2/repository/org/apache/hadoop/hadoop-hdfs-client/3.2.0/hadoop-hdfs-client-3.2.0.jar:/home/user/.m2/repository/info/picocli/picocli/3.9.6/picocli-3.9.6.jar:/home/user/.m2/repository/org/apache/hadoop/hadoop-hdds-server-scm/0.5.0-SNAPSHOT/hadoop-hdds-server-scm-0.5.0-SNAPSHOT.jar:/home/user/.m2/repository/org/apache/hadoop/hadoop-hdds-docs/0.5.0-SNAPSHOT/hadoop-hdds-docs-0.5.0-SNAPSHOT.jar:/home/user/.m2/repository/io/dropwizard/metrics/metrics-core/3.2.4/metrics-core-3.2.4.jar:/home/user/.m2/repository/org/hamcrest/hamcrest-all/1.3/hamcrest-all-1.3.jar:/home/user/.m2/repository/org/bouncycastle/bcprov-jdk15on/1.60/bcprov-jdk15on-1.60.jar:/home/user/.m2/repository/org/apache/hadoop/hadoop-hdds-server-framework/0.5.0-SNAPSHOT/hadoop-hdds-server-framework-0.5.0-SNAPSHOT.jar:/home/user/.m2/repository/org/apache/hadoop/hadoop-ozone-ozone-manager/0.5.0-SNAPSHOT/hadoop-ozone-ozone-manager-0.5.0-SNAPSHOT.jar:/home/user/.m2/repository/org/apache/hadoop/hadoop-hdds-container-service/0.5.0-SNAPSHOT/hadoop-hdds-container-service-0.5.0-SNAPSHOT.jar:/home/user/.m2/repository/org/apache/hadoop/hadoop-hdds-client/0.5.0-SNAPSHOT/hadoop-hdds-client-0.5.0-SNAPSHOT.jar:/home/user/.m2/repository/org/apache/hadoop/hadoop-ozone-common/0.5.0-SNAPSHOT/hadoop-ozone-common-0.5.0-SNAPSHOT.jar:/home/user/.m2/repository/org/apache/hadoop/hadoop-hdds-tools/0.5.0-SNAPSHOT/hadoop-hdds-tools-0.5.0-SNAPSHOT.jar:/home/user/.m2/repository/org/xerial/sqlite-jdbc/3.25.2/sqlite-jdbc-3.25.2.jar:/home/user/.m2/repository/org/apache/hadoop/hadoop-ozone-objectstore-service/0.5.0-SNAPSHOT/hadoop-ozone-objectstore-service-0.5.0-SNAPSHOT.jar:/home/user/.m2/repository/com/google/code/findbugs/findbugs/3.0.1/findbugs-3.0.1.jar:/home/user/.m2/repository/net/jcip/jcip-annotations/1.0/jcip-annotations-1.0.jar:/home/user/.m2/repository/com/google/code/findbugs/bcel-findbugs/6.0/bcel-findbugs-6.0.jar:/home/user/.m2/repository/com/google/code/findbugs/jFormatString/2.0.1/jFormatString-2.0.1.jar:/home/user/.m2/repository/dom4j/dom4j/1.6.1/dom4j-1.6.1.jar:/home/user/.m2/repository/xml-apis/xml-apis/1.0.b2/xml-apis-1.0.b2.jar:/home/user/.m2/repository/org/ow2/asm/asm-debug-all/5.0.2/asm-debug-all-5.0.2.jar:/home/user/.m2/repository/org/ow2/asm/asm-commons/5.0.2/asm-commons-5.0.2.jar:/home/user/.m2/repository/org/ow2/asm/asm-tree/5.0.2/asm-tree-5.0.2.jar:/home/user/.m2/repository/org/ow2/asm/asm/5.0.4/asm-5.0.4.jar:/home/user/.m2/repository/commons-lang/commons-lang/2.6/commons-lang-2.6.jar:/home/user/.m2/repository/com/apple/AppleJavaExtensions/1.4/AppleJavaExtensions-1.4.jar:/home/user/.m2/repository/jaxen/jaxen/1.1.6/jaxen-1.1.6.jar:/home/user/.m2/repository/org/apache/hadoop/hadoop-common/3.2.0/hadoop-common-3.2.0-tests.jar:/home/user/.m2/repository/org/apache/hadoop/hadoop-ozone-client/0.5.0-SNAPSHOT/hadoop-ozone-client-0.5.0-SNAPSHOT.jar:/home/user/.m2/repository/org/apache/hadoop/hadoop-hdfs/3.2.0/hadoop-hdfs-3.2.0-tests.jar:/workdir/hadoop-ozone/integration-test/target/test-classes:/home/user/.m2/repository/org/apache/hadoop/hadoop-ozone-s3gateway/0.5.0-SNAPSHOT/hadoop-ozone-s3gateway-0.5.0-SNAPSHOT.jar:/home/user/.m2/repository/org/jboss/weld/servlet/weld-servlet/2.4.7.Final/weld-servlet-2.4.7.Final.jar:/home/user/.m2/repository/org/glassfish/jersey/containers/jersey-container-servlet-core/2.27/jersey-container-servlet-core-2.27.jar:/home/user/.m2/repository/org/glassfish/hk2/external/javax.inject/2.5.0-b42/javax.inject-2.5.0-b42.jar:/home/user/.m2/repository/org/glassfish/jersey/core/jersey-common/2.27/jersey-common-2.27.jar:/home/user/.m2/repository/org/glassfish/hk2/osgi-resource-locator/1.0.1/osgi-resource-locator-1.0.1.jar:/home/user/.m2/repository/javax/ws/rs/javax.ws.rs-api/2.1/javax.ws.rs-api-2.1.jar:/home/user/.m2/repository/org/glassfish/jersey/ext/cdi/jersey-cdi1x/2.27/jersey-cdi1x-2.27.jar:/home/user/.m2/repository/org/glassfish/jersey/inject/jersey-hk2/2.27/jersey-hk2-2.27.jar:/home/user/.m2/repository/org/glassfish/hk2/hk2-locator/2.5.0-b42/hk2-locator-2.5.0-b42.jar:/home/user/.m2/repository/org/javassist/javassist/3.22.0-CR2/javassist-3.22.0-CR2.jar:/home/user/.m2/repository/org/glassfish/hk2/hk2-api/2.5.0/hk2-api-2.5.0.jar:/home/user/.m2/repository/org/glassfish/hk2/external/jakarta.inject/2.5.0/jakarta.inject-2.5.0.jar:/home/user/.m2/repository/org/glassfish/hk2/hk2-utils/2.5.0/hk2-utils-2.5.0.jar:/home/user/.m2/repository/jakarta/annotation/jakarta.annotation-api/1.3.4/jakarta.annotation-api-1.3.4.jar:/home/user/.m2/repository/org/glassfish/hk2/external/aopalliance-repackaged/2.5.0/aopalliance-repackaged-2.5.0.jar:/home/user/.m2/repository/com/fasterxml/jackson/dataformat/jackson-dataformat-xml/2.9.0/jackson-dataformat-xml-2.9.0.jar:/home/user/.m2/repository/com/fasterxml/jackson/module/jackson-module-jaxb-annotations/2.9.5/jackson-module-jaxb-annotations-2.9.5.jar:/home/user/.m2/repository/javax/enterprise/cdi-api/1.2/cdi-api-1.2.jar:/home/user/.m2/repository/javax/el/javax.el-api/3.0.0/javax.el-api-3.0.0.jar:/home/user/.m2/repository/javax/interceptor/javax.interceptor-api/1.2/javax.interceptor-api-1.2.jar:/home/user/.m2/repository/javax/inject/javax.inject/1/javax.inject-1.jar:/home/user/.m2/repository/com/sun/xml/bind/jaxb-core/2.3.0.1/jaxb-core-2.3.0.1.jar:/home/user/.m2/repository/javax/xml/bind/jaxb-api/2.3.0/jaxb-api-2.3.0.jar:/home/user/.m2/repository/javax/activation/activation/1.1.1/activation-1.1.1.jar:/home/user/.m2/repository/org/apache/hadoop/hadoop-ozone-csi/0.5.0-SNAPSHOT/hadoop-ozone-csi-0.5.0-SNAPSHOT.jar:/home/user/.m2/repository/com/google/protobuf/protobuf-java-util/3.5.1/protobuf-java-util-3.5.1.jar:/home/user/.m2/repository/io/grpc/grpc-netty/1.17.1/grpc-netty-1.17.1.jar:/home/user/.m2/repository/io/grpc/grpc-core/1.17.1/grpc-core-1.17.1.jar:/home/user/.m2/repository/io/grpc/grpc-context/1.17.1/grpc-context-1.17.1.jar:/home/user/.m2/repository/com/google/errorprone/error_prone_annotations/2.2.0/error_prone_annotations-2.2.0.jar:/home/user/.m2/repository/org/codehaus/mojo/animal-sniffer-annotations/1.17/animal-sniffer-annotations-1.17.jar:/home/user/.m2/repository/io/opencensus/opencensus-api/0.17.0/opencensus-api-0.17.0.jar:/home/user/.m2/repository/io/opencensus/opencensus-contrib-grpc-metrics/0.17.0/opencensus-contrib-grpc-metrics-0.17.0.jar:/home/user/.m2/repository/io/netty/netty-codec-http2/4.1.30.Final/netty-codec-http2-4.1.30.Final.jar:/home/user/.m2/repository/io/netty/netty-codec-http/4.1.30.Final/netty-codec-http-4.1.30.Final.jar:/home/user/.m2/repository/io/netty/netty-codec/4.1.30.Final/netty-codec-4.1.30.Final.jar:/home/user/.m2/repository/io/netty/netty-handler/4.1.30.Final/netty-handler-4.1.30.Final.jar:/home/user/.m2/repository/io/netty/netty-handler-proxy/4.1.30.Final/netty-handler-proxy-4.1.30.Final.jar:/home/user/.m2/repository/io/netty/netty-codec-socks/4.1.30.Final/netty-codec-socks-4.1.30.Final.jar:/home/user/.m2/repository/io/netty/netty-transport-native-epoll/4.1.30.Final/netty-transport-native-epoll-4.1.30.Final.jar:/home/user/.m2/repository/io/netty/netty-common/4.1.30.Final/netty-common-4.1.30.Final.jar:/home/user/.m2/repository/io/netty/netty-buffer/4.1.30.Final/netty-buffer-4.1.30.Final.jar:/home/user/.m2/repository/io/netty/netty-transport/4.1.30.Final/netty-transport-4.1.30.Final.jar:/home/user/.m2/repository/io/netty/netty-resolver/4.1.30.Final/netty-resolver-4.1.30.Final.jar:/home/user/.m2/repository/io/netty/netty-transport-native-unix-common/4.1.30.Final/netty-transport-native-unix-common-4.1.30.Final.jar:/home/user/.m2/repository/io/grpc/grpc-protobuf/1.17.1/grpc-protobuf-1.17.1.jar:/home/user/.m2/repository/com/google/api/grpc/proto-google-common-protos/1.0.0/proto-google-common-protos-1.0.0.jar:/home/user/.m2/repository/io/grpc/grpc-protobuf-lite/1.17.1/grpc-protobuf-lite-1.17.1.jar:/home/user/.m2/repository/io/grpc/grpc-stub/1.17.1/grpc-stub-1.17.1.jar:/home/user/.m2/repository/org/apache/hadoop/hadoop-ozone-recon/0.5.0-SNAPSHOT/hadoop-ozone-recon-0.5.0-SNAPSHOT.jar:/home/user/.m2/repository/org/apache/hadoop/hadoop-ozone-reconcodegen/0.5.0-SNAPSHOT/hadoop-ozone-reconcodegen-0.5.0-SNAPSHOT.jar:/home/user/.m2/repository/com/google/inject/extensions/guice-multibindings/4.0/guice-multibindings-4.0.jar:/home/user/.m2/repository/com/google/inject/guice/4.0/guice-4.0.jar:/home/user/.m2/repository/aopalliance/aopalliance/1.0/aopalliance-1.0.jar:/home/user/.m2/repository/org/glassfish/jersey/containers/jersey-container-servlet/2.27/jersey-container-servlet-2.27.jar:/home/user/.m2/repository/org/glassfish/hk2/guice-bridge/2.5.0/guice-bridge-2.5.0.jar:/home/user/.m2/repository/org/glassfish/jersey/core/jersey-server/2.27/jersey-server-2.27.jar:/home/user/.m2/repository/org/glassfish/jersey/core/jersey-client/2.27/jersey-client-2.27.jar:/home/user/.m2/repository/org/glassfish/jersey/media/jersey-media-jaxb/2.27/jersey-media-jaxb-2.27.jar:/home/user/.m2/repository/javax/validation/validation-api/1.1.0.Final/validation-api-1.1.0.Final.jar:/home/user/.m2/repository/org/glassfish/jersey/media/jersey-media-json-jackson/2.27/jersey-media-json-jackson-2.27.jar:/home/user/.m2/repository/org/glassfish/jersey/ext/jersey-entity-filtering/2.27/jersey-entity-filtering-2.27.jar:/home/user/.m2/repository/com/google/inject/extensions/guice-assistedinject/4.0/guice-assistedinject-4.0.jar:/home/user/.m2/repository/org/jooq/jooq/3.11.10/jooq-3.11.10.jar:/home/user/.m2/repository/org/jooq/jooq-meta/3.11.10/jooq-meta-3.11.10.jar:/home/user/.m2/repository/org/jooq/jooq-codegen/3.11.10/jooq-codegen-3.11.10.jar:/home/user/.m2/repository/com/jolbox/bonecp/0.8.0.RELEASE/bonecp-0.8.0.RELEASE.jar:/home/user/.m2/repository/org/springframework/spring-jdbc/5.1.3.RELEASE/spring-jdbc-5.1.3.RELEASE.jar:/home/user/.m2/repository/org/springframework/spring-beans/5.1.3.RELEASE/spring-beans-5.1.3.RELEASE.jar:/home/user/.m2/repository/org/springframework/spring-core/5.1.3.RELEASE/spring-core-5.1.3.RELEASE.jar:/home/user/.m2/repository/org/springframework/spring-jcl/5.1.3.RELEASE/spring-jcl-5.1.3.RELEASE.jar:/home/user/.m2/repository/org/springframework/spring-tx/5.1.3.RELEASE/spring-tx-5.1.3.RELEASE.jar:/home/user/.m2/repository/org/mockito/mockito-all/1.10.19/mockito-all-1.10.19.jar:/home/user/.m2/repository/junit/junit/4.11/junit-4.11.jar:/home/user/.m2/repository/org/hamcrest/hamcrest-core/1.3/hamcrest-core-1.3.jar:/home/user/.m2/repository/org/apache/hadoop/hadoop-distcp/3.2.0/hadoop-distcp-3.2.0.jar:/home/user/.m2/repository/org/apache/hadoop/hadoop-distcp/3.2.0/hadoop-distcp-3.2.0-tests.jar:/home/user/.m2/repository/org/apache/hadoop/hadoop-mapreduce-client-jobclient/3.2.0/hadoop-mapreduce-client-jobclient-3.2.0.jar:/home/user/.m2/repository/org/apache/hadoop/hadoop-mapreduce-client-common/3.2.0/hadoop-mapreduce-client-common-3.2.0.jar:/home/user/.m2/repository/org/apache/hadoop/hadoop-yarn-common/3.2.0/hadoop-yarn-common-3.2.0.jar:/home/user/.m2/repository/org/apache/hadoop/hadoop-yarn-api/3.2.0/hadoop-yarn-api-3.2.0.jar:/home/user/.m2/repository/com/sun/jersey/jersey-client/1.19/jersey-client-1.19.jar:/home/user/.m2/repository/com/sun/jersey/contribs/jersey-guice/1.19/jersey-guice-1.19.jar:/home/user/.m2/repository/com/fasterxml/jackson/jaxrs/jackson-jaxrs-json-provider/2.9.5/jackson-jaxrs-json-provider-2.9.5.jar:/home/user/.m2/repository/com/fasterxml/jackson/jaxrs/jackson-jaxrs-base/2.9.5/jackson-jaxrs-base-2.9.5.jar:/home/user/.m2/repository/org/apache/hadoop/hadoop-yarn-client/3.2.0/hadoop-yarn-client-3.2.0.jar:/home/user/.m2/repository/org/apache/hadoop/hadoop-mapreduce-client-core/3.2.0/hadoop-mapreduce-client-core-3.2.0.jar:/home/user/.m2/repository/com/google/inject/extensions/guice-servlet/4.0/guice-servlet-4.0.jar:/home/user/.m2/repository/org/powermock/powermock-module-junit4/1.6.5/powermock-module-junit4-1.6.5.jar:/home/user/.m2/repository/org/powermock/powermock-module-junit4-common/1.6.5/powermock-module-junit4-common-1.6.5.jar:/home/user/.m2/repository/org/powermock/powermock-core/1.6.5/powermock-core-1.6.5.jar:/home/user/.m2/repository/org/powermock/powermock-reflect/1.6.5/powermock-reflect-1.6.5.jar:/home/user/.m2/repository/org/powermock/powermock-api-mockito/1.6.5/powermock-api-mockito-1.6.5.jar:/home/user/.m2/repository/org/mockito/mockito-core/1.10.19/mockito-core-1.10.19.jar:/home/user/.m2/repository/org/objenesis/objenesis/1.0/objenesis-1.0.jar:/home/user/.m2/repository/org/powermock/powermock-api-mockito-common/1.6.5/powermock-api-mockito-common-1.6.5.jar:/home/user/.m2/repository/org/powermock/powermock-api-support/1.6.5/powermock-api-support-1.6.5.jar:"/>
    <property name="java.vm.vendor" value="IcedTea"/>
    <property name="sun.arch.data.model" value="64"/>
    <property name="test.build.dir" value="/workdir/hadoop-ozone/ozonefs/target/test-dir"/>
    <property name="test.cache.data" value=""/>
    <property name="java.vendor.url" value="https://icedtea.classpath.org"/>
    <property name="user.timezone" value=""/>
    <property name="java.vm.specification.version" value="1.8"/>
    <property name="os.name" value="Linux"/>
    <property name="test.build.data" value="/workdir/hadoop-ozone/ozonefs/target/test-dir"/>
    <property name="user.country" value="US"/>
    <property name="sun.java.launcher" value="SUN_STANDARD"/>
    <property name="sun.boot.library.path" value="/usr/lib/jvm/java-1.8-openjdk/jre/lib/amd64"/>
    <property name="sun.java.command" value="/workdir/hadoop-ozone/ozonefs/target/surefire/surefirebooter8239849542399311297.jar /workdir/hadoop-ozone/ozonefs/target/surefire 2019-09-12T10-13-21_360-jvmRun1 surefire935603056102390638tmp surefire_1017173969298663621549tmp"/>
    <property name="test" value="!TestMiniChaosOzoneCluster"/>
    <property name="surefire.test.class.path" value="/workdir/hadoop-ozone/ozonefs/target/test-classes:/workdir/hadoop-ozone/ozonefs/target/classes:/home/user/.m2/repository/org/apache/hadoop/hadoop-common/3.2.0/hadoop-common-3.2.0.jar:/home/user/.m2/repository/org/apache/hadoop/hadoop-annotations/3.2.0/hadoop-annotations-3.2.0.jar:/usr/lib/jvm/java-1.8-openjdk/jre/../lib/tools.jar:/home/user/.m2/repository/com/google/guava/guava/11.0.2/guava-11.0.2.jar:/home/user/.m2/repository/commons-cli/commons-cli/1.2/commons-cli-1.2.jar:/home/user/.m2/repository/org/apache/commons/commons-math3/3.1.1/commons-math3-3.1.1.jar:/home/user/.m2/repository/org/apache/httpcomponents/httpclient/4.5.2/httpclient-4.5.2.jar:/home/user/.m2/repository/org/apache/httpcomponents/httpcore/4.4.4/httpcore-4.4.4.jar:/home/user/.m2/repository/commons-codec/commons-codec/1.11/commons-codec-1.11.jar:/home/user/.m2/repository/commons-io/commons-io/2.5/commons-io-2.5.jar:/home/user/.m2/repository/commons-net/commons-net/3.6/commons-net-3.6.jar:/home/user/.m2/repository/commons-collections/commons-collections/3.2.2/commons-collections-3.2.2.jar:/home/user/.m2/repository/javax/servlet/javax.servlet-api/3.1.0/javax.servlet-api-3.1.0.jar:/home/user/.m2/repository/org/eclipse/jetty/jetty-server/9.3.24.v20180605/jetty-server-9.3.24.v20180605.jar:/home/user/.m2/repository/org/eclipse/jetty/jetty-http/9.3.24.v20180605/jetty-http-9.3.24.v20180605.jar:/home/user/.m2/repository/org/eclipse/jetty/jetty-io/9.3.24.v20180605/jetty-io-9.3.24.v20180605.jar:/home/user/.m2/repository/org/eclipse/jetty/jetty-util/9.3.24.v20180605/jetty-util-9.3.24.v20180605.jar:/home/user/.m2/repository/org/eclipse/jetty/jetty-servlet/9.3.24.v20180605/jetty-servlet-9.3.24.v20180605.jar:/home/user/.m2/repository/org/eclipse/jetty/jetty-security/9.3.24.v20180605/jetty-security-9.3.24.v20180605.jar:/home/user/.m2/repository/org/eclipse/jetty/jetty-webapp/9.3.24.v20180605/jetty-webapp-9.3.24.v20180605.jar:/home/user/.m2/repository/org/eclipse/jetty/jetty-xml/9.3.24.v20180605/jetty-xml-9.3.24.v20180605.jar:/home/user/.m2/repository/javax/servlet/jsp/jsp-api/2.1/jsp-api-2.1.jar:/home/user/.m2/repository/com/sun/jersey/jersey-core/1.19/jersey-core-1.19.jar:/home/user/.m2/repository/javax/ws/rs/jsr311-api/1.1.1/jsr311-api-1.1.1.jar:/home/user/.m2/repository/com/sun/jersey/jersey-servlet/1.19/jersey-servlet-1.19.jar:/home/user/.m2/repository/com/sun/jersey/jersey-json/1.19/jersey-json-1.19.jar:/home/user/.m2/repository/org/codehaus/jettison/jettison/1.1/jettison-1.1.jar:/home/user/.m2/repository/com/sun/xml/bind/jaxb-impl/2.3.0.1/jaxb-impl-2.3.0.1.jar:/home/user/.m2/repository/org/codehaus/jackson/jackson-core-asl/1.9.13/jackson-core-asl-1.9.13.jar:/home/user/.m2/repository/org/codehaus/jackson/jackson-mapper-asl/1.9.13/jackson-mapper-asl-1.9.13.jar:/home/user/.m2/repository/org/codehaus/jackson/jackson-jaxrs/1.9.13/jackson-jaxrs-1.9.13.jar:/home/user/.m2/repository/org/codehaus/jackson/jackson-xc/1.9.13/jackson-xc-1.9.13.jar:/home/user/.m2/repository/com/sun/jersey/jersey-server/1.19/jersey-server-1.19.jar:/home/user/.m2/repository/commons-logging/commons-logging/1.1.3/commons-logging-1.1.3.jar:/home/user/.m2/repository/log4j/log4j/1.2.17/log4j-1.2.17.jar:/home/user/.m2/repository/commons-beanutils/commons-beanutils/1.9.3/commons-beanutils-1.9.3.jar:/home/user/.m2/repository/org/apache/commons/commons-configuration2/2.1.1/commons-configuration2-2.1.1.jar:/home/user/.m2/repository/org/apache/commons/commons-lang3/3.7/commons-lang3-3.7.jar:/home/user/.m2/repository/org/apache/commons/commons-text/1.4/commons-text-1.4.jar:/home/user/.m2/repository/org/slf4j/slf4j-api/1.7.25/slf4j-api-1.7.25.jar:/home/user/.m2/repository/org/slf4j/slf4j-log4j12/1.7.25/slf4j-log4j12-1.7.25.jar:/home/user/.m2/repository/org/apache/avro/avro/1.7.7/avro-1.7.7.jar:/home/user/.m2/repository/com/thoughtworks/paranamer/paranamer/2.3/paranamer-2.3.jar:/home/user/.m2/repository/org/xerial/snappy/snappy-java/1.0.5/snappy-java-1.0.5.jar:/home/user/.m2/repository/com/google/re2j/re2j/1.1/re2j-1.1.jar:/home/user/.m2/repository/com/google/protobuf/protobuf-java/2.5.0/protobuf-java-2.5.0.jar:/home/user/.m2/repository/com/google/code/gson/gson/2.2.4/gson-2.2.4.jar:/home/user/.m2/repository/org/apache/hadoop/hadoop-auth/3.2.0/hadoop-auth-3.2.0.jar:/home/user/.m2/repository/com/nimbusds/nimbus-jose-jwt/4.41.1/nimbus-jose-jwt-4.41.1.jar:/home/user/.m2/repository/com/github/stephenc/jcip/jcip-annotations/1.0-1/jcip-annotations-1.0-1.jar:/home/user/.m2/repository/net/minidev/json-smart/2.3/json-smart-2.3.jar:/home/user/.m2/repository/net/minidev/accessors-smart/1.2/accessors-smart-1.2.jar:/home/user/.m2/repository/org/apache/curator/curator-framework/2.12.0/curator-framework-2.12.0.jar:/home/user/.m2/repository/com/jcraft/jsch/0.1.54/jsch-0.1.54.jar:/home/user/.m2/repository/org/apache/curator/curator-client/2.12.0/curator-client-2.12.0.jar:/home/user/.m2/repository/org/apache/curator/curator-recipes/2.12.0/curator-recipes-2.12.0.jar:/home/user/.m2/repository/com/google/code/findbugs/jsr305/3.0.0/jsr305-3.0.0.jar:/home/user/.m2/repository/org/apache/htrace/htrace-core4/4.1.0-incubating/htrace-core4-4.1.0-incubating.jar:/home/user/.m2/repository/org/apache/zookeeper/zookeeper/3.4.13/zookeeper-3.4.13.jar:/home/user/.m2/repository/org/apache/yetus/audience-annotations/0.5.0/audience-annotations-0.5.0.jar:/home/user/.m2/repository/org/apache/commons/commons-compress/1.4.1/commons-compress-1.4.1.jar:/home/user/.m2/repository/org/tukaani/xz/1.0/xz-1.0.jar:/home/user/.m2/repository/org/apache/kerby/kerb-simplekdc/1.0.1/kerb-simplekdc-1.0.1.jar:/home/user/.m2/repository/org/apache/kerby/kerb-client/1.0.1/kerb-client-1.0.1.jar:/home/user/.m2/repository/org/apache/kerby/kerby-config/1.0.1/kerby-config-1.0.1.jar:/home/user/.m2/repository/org/apache/kerby/kerb-core/1.0.1/kerb-core-1.0.1.jar:/home/user/.m2/repository/org/apache/kerby/kerby-pkix/1.0.1/kerby-pkix-1.0.1.jar:/home/user/.m2/repository/org/apache/kerby/kerby-asn1/1.0.1/kerby-asn1-1.0.1.jar:/home/user/.m2/repository/org/apache/kerby/kerby-util/1.0.1/kerby-util-1.0.1.jar:/home/user/.m2/repository/org/apache/kerby/kerb-common/1.0.1/kerb-common-1.0.1.jar:/home/user/.m2/repository/org/apache/kerby/kerb-crypto/1.0.1/kerb-crypto-1.0.1.jar:/home/user/.m2/repository/org/apache/kerby/kerb-util/1.0.1/kerb-util-1.0.1.jar:/home/user/.m2/repository/org/apache/kerby/token-provider/1.0.1/token-provider-1.0.1.jar:/home/user/.m2/repository/org/apache/kerby/kerb-admin/1.0.1/kerb-admin-1.0.1.jar:/home/user/.m2/repository/org/apache/kerby/kerb-server/1.0.1/kerb-server-1.0.1.jar:/home/user/.m2/repository/org/apache/kerby/kerb-identity/1.0.1/kerb-identity-1.0.1.jar:/home/user/.m2/repository/org/apache/kerby/kerby-xdr/1.0.1/kerby-xdr-1.0.1.jar:/home/user/.m2/repository/com/fasterxml/jackson/core/jackson-databind/2.9.5/jackson-databind-2.9.5.jar:/home/user/.m2/repository/com/fasterxml/jackson/core/jackson-annotations/2.9.5/jackson-annotations-2.9.5.jar:/home/user/.m2/repository/com/fasterxml/jackson/core/jackson-core/2.9.5/jackson-core-2.9.5.jar:/home/user/.m2/repository/org/codehaus/woodstox/stax2-api/3.1.4/stax2-api-3.1.4.jar:/home/user/.m2/repository/com/fasterxml/woodstox/woodstox-core/5.0.3/woodstox-core-5.0.3.jar:/home/user/.m2/repository/dnsjava/dnsjava/2.1.7/dnsjava-2.1.7.jar:/home/user/.m2/repository/org/apache/hadoop/hadoop-hdfs/3.2.0/hadoop-hdfs-3.2.0.jar:/home/user/.m2/repository/org/eclipse/jetty/jetty-util-ajax/9.3.24.v20180605/jetty-util-ajax-9.3.24.v20180605.jar:/home/user/.m2/repository/commons-daemon/commons-daemon/1.0.13/commons-daemon-1.0.13.jar:/home/user/.m2/repository/io/netty/netty/3.10.5.Final/netty-3.10.5.Final.jar:/home/user/.m2/repository/io/netty/netty-all/4.0.52.Final/netty-all-4.0.52.Final.jar:/home/user/.m2/repository/org/fusesource/leveldbjni/leveldbjni-all/1.8/leveldbjni-all-1.8.jar:/home/user/.m2/repository/org/apache/hadoop/hadoop-hdds-common/0.5.0-SNAPSHOT/hadoop-hdds-common-0.5.0-SNAPSHOT.jar:/home/user/.m2/repository/org/apache/hadoop/hadoop-hdds-config/0.5.0-SNAPSHOT/hadoop-hdds-config-0.5.0-SNAPSHOT.jar:/home/user/.m2/repository/javax/annotation/javax.annotation-api/1.2/javax.annotation-api-1.2.jar:/home/user/.m2/repository/org/apache/ratis/ratis-server/0.4.0-2337318-SNAPSHOT/ratis-server-0.4.0-2337318-SNAPSHOT.jar:/home/user/.m2/repository/org/apache/ratis/ratis-thirdparty-misc/0.2.0/ratis-thirdparty-misc-0.2.0.jar:/home/user/.m2/repository/org/apache/ratis/ratis-proto/0.4.0-2337318-SNAPSHOT/ratis-proto-0.4.0-2337318-SNAPSHOT.jar:/home/user/.m2/repository/org/apache/ratis/ratis-common/0.4.0-2337318-SNAPSHOT/ratis-common-0.4.0-2337318-SNAPSHOT.jar:/home/user/.m2/repository/org/apache/ratis/ratis-client/0.4.0-2337318-SNAPSHOT/ratis-client-0.4.0-2337318-SNAPSHOT.jar:/home/user/.m2/repository/org/apache/ratis/ratis-metrics/0.4.0-2337318-SNAPSHOT/ratis-metrics-0.4.0-2337318-SNAPSHOT.jar:/home/user/.m2/repository/org/apache/ratis/ratis-netty/0.4.0-2337318-SNAPSHOT/ratis-netty-0.4.0-2337318-SNAPSHOT.jar:/home/user/.m2/repository/org/apache/ratis/ratis-grpc/0.4.0-2337318-SNAPSHOT/ratis-grpc-0.4.0-2337318-SNAPSHOT.jar:/home/user/.m2/repository/org/rocksdb/rocksdbjni/6.0.1/rocksdbjni-6.0.1.jar:/home/user/.m2/repository/org/apache/logging/log4j/log4j-api/2.11.0/log4j-api-2.11.0.jar:/home/user/.m2/repository/org/apache/logging/log4j/log4j-core/2.11.0/log4j-core-2.11.0.jar:/home/user/.m2/repository/com/lmax/disruptor/3.4.2/disruptor-3.4.2.jar:/home/user/.m2/repository/org/apache/commons/commons-pool2/2.6.0/commons-pool2-2.6.0.jar:/home/user/.m2/repository/org/bouncycastle/bcpkix-jdk15on/1.60/bcpkix-jdk15on-1.60.jar:/home/user/.m2/repository/commons-validator/commons-validator/1.6/commons-validator-1.6.jar:/home/user/.m2/repository/commons-digester/commons-digester/1.8.1/commons-digester-1.8.1.jar:/home/user/.m2/repository/io/jaegertracing/jaeger-client/0.33.1/jaeger-client-0.33.1.jar:/home/user/.m2/repository/io/jaegertracing/jaeger-thrift/0.33.1/jaeger-thrift-0.33.1.jar:/home/user/.m2/repository/org/apache/thrift/libthrift/0.11.0/libthrift-0.11.0.jar:/home/user/.m2/repository/com/squareup/okhttp3/okhttp/3.9.0/okhttp-3.9.0.jar:/home/user/.m2/repository/com/squareup/okio/okio/1.13.0/okio-1.13.0.jar:/home/user/.m2/repository/io/jaegertracing/jaeger-core/0.33.1/jaeger-core-0.33.1.jar:/home/user/.m2/repository/io/jaegertracing/jaeger-tracerresolver/0.33.1/jaeger-tracerresolver-0.33.1.jar:/home/user/.m2/repository/io/opentracing/contrib/opentracing-tracerresolver/0.1.5/opentracing-tracerresolver-0.1.5.jar:/home/user/.m2/repository/io/opentracing/opentracing-util/0.31.0/opentracing-util-0.31.0.jar:/home/user/.m2/repository/io/opentracing/opentracing-api/0.31.0/opentracing-api-0.31.0.jar:/home/user/.m2/repository/io/opentracing/opentracing-noop/0.31.0/opentracing-noop-0.31.0.jar:/home/user/.m2/repository/org/yaml/snakeyaml/1.16/snakeyaml-1.16.jar:/home/user/.m2/repository/org/apache/hadoop/hadoop-hdfs-client/3.2.0/hadoop-hdfs-client-3.2.0.jar:/home/user/.m2/repository/info/picocli/picocli/3.9.6/picocli-3.9.6.jar:/home/user/.m2/repository/org/apache/hadoop/hadoop-hdds-server-scm/0.5.0-SNAPSHOT/hadoop-hdds-server-scm-0.5.0-SNAPSHOT.jar:/home/user/.m2/repository/org/apache/hadoop/hadoop-hdds-docs/0.5.0-SNAPSHOT/hadoop-hdds-docs-0.5.0-SNAPSHOT.jar:/home/user/.m2/repository/io/dropwizard/metrics/metrics-core/3.2.4/metrics-core-3.2.4.jar:/home/user/.m2/repository/org/hamcrest/hamcrest-all/1.3/hamcrest-all-1.3.jar:/home/user/.m2/repository/org/bouncycastle/bcprov-jdk15on/1.60/bcprov-jdk15on-1.60.jar:/home/user/.m2/repository/org/apache/hadoop/hadoop-hdds-server-framework/0.5.0-SNAPSHOT/hadoop-hdds-server-framework-0.5.0-SNAPSHOT.jar:/home/user/.m2/repository/org/apache/hadoop/hadoop-ozone-ozone-manager/0.5.0-SNAPSHOT/hadoop-ozone-ozone-manager-0.5.0-SNAPSHOT.jar:/home/user/.m2/repository/org/apache/hadoop/hadoop-hdds-container-service/0.5.0-SNAPSHOT/hadoop-hdds-container-service-0.5.0-SNAPSHOT.jar:/home/user/.m2/repository/org/apache/hadoop/hadoop-hdds-client/0.5.0-SNAPSHOT/hadoop-hdds-client-0.5.0-SNAPSHOT.jar:/home/user/.m2/repository/org/apache/hadoop/hadoop-ozone-common/0.5.0-SNAPSHOT/hadoop-ozone-common-0.5.0-SNAPSHOT.jar:/home/user/.m2/repository/org/apache/hadoop/hadoop-hdds-tools/0.5.0-SNAPSHOT/hadoop-hdds-tools-0.5.0-SNAPSHOT.jar:/home/user/.m2/repository/org/xerial/sqlite-jdbc/3.25.2/sqlite-jdbc-3.25.2.jar:/home/user/.m2/repository/org/apache/hadoop/hadoop-ozone-objectstore-service/0.5.0-SNAPSHOT/hadoop-ozone-objectstore-service-0.5.0-SNAPSHOT.jar:/home/user/.m2/repository/com/google/code/findbugs/findbugs/3.0.1/findbugs-3.0.1.jar:/home/user/.m2/repository/net/jcip/jcip-annotations/1.0/jcip-annotations-1.0.jar:/home/user/.m2/repository/com/google/code/findbugs/bcel-findbugs/6.0/bcel-findbugs-6.0.jar:/home/user/.m2/repository/com/google/code/findbugs/jFormatString/2.0.1/jFormatString-2.0.1.jar:/home/user/.m2/repository/dom4j/dom4j/1.6.1/dom4j-1.6.1.jar:/home/user/.m2/repository/xml-apis/xml-apis/1.0.b2/xml-apis-1.0.b2.jar:/home/user/.m2/repository/org/ow2/asm/asm-debug-all/5.0.2/asm-debug-all-5.0.2.jar:/home/user/.m2/repository/org/ow2/asm/asm-commons/5.0.2/asm-commons-5.0.2.jar:/home/user/.m2/repository/org/ow2/asm/asm-tree/5.0.2/asm-tree-5.0.2.jar:/home/user/.m2/repository/org/ow2/asm/asm/5.0.4/asm-5.0.4.jar:/home/user/.m2/repository/commons-lang/commons-lang/2.6/commons-lang-2.6.jar:/home/user/.m2/repository/com/apple/AppleJavaExtensions/1.4/AppleJavaExtensions-1.4.jar:/home/user/.m2/repository/jaxen/jaxen/1.1.6/jaxen-1.1.6.jar:/home/user/.m2/repository/org/apache/hadoop/hadoop-common/3.2.0/hadoop-common-3.2.0-tests.jar:/home/user/.m2/repository/org/apache/hadoop/hadoop-ozone-client/0.5.0-SNAPSHOT/hadoop-ozone-client-0.5.0-SNAPSHOT.jar:/home/user/.m2/repository/org/apache/hadoop/hadoop-hdfs/3.2.0/hadoop-hdfs-3.2.0-tests.jar:/workdir/hadoop-ozone/integration-test/target/test-classes:/home/user/.m2/repository/org/apache/hadoop/hadoop-ozone-s3gateway/0.5.0-SNAPSHOT/hadoop-ozone-s3gateway-0.5.0-SNAPSHOT.jar:/home/user/.m2/repository/org/jboss/weld/servlet/weld-servlet/2.4.7.Final/weld-servlet-2.4.7.Final.jar:/home/user/.m2/repository/org/glassfish/jersey/containers/jersey-container-servlet-core/2.27/jersey-container-servlet-core-2.27.jar:/home/user/.m2/repository/org/glassfish/hk2/external/javax.inject/2.5.0-b42/javax.inject-2.5.0-b42.jar:/home/user/.m2/repository/org/glassfish/jersey/core/jersey-common/2.27/jersey-common-2.27.jar:/home/user/.m2/repository/org/glassfish/hk2/osgi-resource-locator/1.0.1/osgi-resource-locator-1.0.1.jar:/home/user/.m2/repository/javax/ws/rs/javax.ws.rs-api/2.1/javax.ws.rs-api-2.1.jar:/home/user/.m2/repository/org/glassfish/jersey/ext/cdi/jersey-cdi1x/2.27/jersey-cdi1x-2.27.jar:/home/user/.m2/repository/org/glassfish/jersey/inject/jersey-hk2/2.27/jersey-hk2-2.27.jar:/home/user/.m2/repository/org/glassfish/hk2/hk2-locator/2.5.0-b42/hk2-locator-2.5.0-b42.jar:/home/user/.m2/repository/org/javassist/javassist/3.22.0-CR2/javassist-3.22.0-CR2.jar:/home/user/.m2/repository/org/glassfish/hk2/hk2-api/2.5.0/hk2-api-2.5.0.jar:/home/user/.m2/repository/org/glassfish/hk2/external/jakarta.inject/2.5.0/jakarta.inject-2.5.0.jar:/home/user/.m2/repository/org/glassfish/hk2/hk2-utils/2.5.0/hk2-utils-2.5.0.jar:/home/user/.m2/repository/jakarta/annotation/jakarta.annotation-api/1.3.4/jakarta.annotation-api-1.3.4.jar:/home/user/.m2/repository/org/glassfish/hk2/external/aopalliance-repackaged/2.5.0/aopalliance-repackaged-2.5.0.jar:/home/user/.m2/repository/com/fasterxml/jackson/dataformat/jackson-dataformat-xml/2.9.0/jackson-dataformat-xml-2.9.0.jar:/home/user/.m2/repository/com/fasterxml/jackson/module/jackson-module-jaxb-annotations/2.9.5/jackson-module-jaxb-annotations-2.9.5.jar:/home/user/.m2/repository/javax/enterprise/cdi-api/1.2/cdi-api-1.2.jar:/home/user/.m2/repository/javax/el/javax.el-api/3.0.0/javax.el-api-3.0.0.jar:/home/user/.m2/repository/javax/interceptor/javax.interceptor-api/1.2/javax.interceptor-api-1.2.jar:/home/user/.m2/repository/javax/inject/javax.inject/1/javax.inject-1.jar:/home/user/.m2/repository/com/sun/xml/bind/jaxb-core/2.3.0.1/jaxb-core-2.3.0.1.jar:/home/user/.m2/repository/javax/xml/bind/jaxb-api/2.3.0/jaxb-api-2.3.0.jar:/home/user/.m2/repository/javax/activation/activation/1.1.1/activation-1.1.1.jar:/home/user/.m2/repository/org/apache/hadoop/hadoop-ozone-csi/0.5.0-SNAPSHOT/hadoop-ozone-csi-0.5.0-SNAPSHOT.jar:/home/user/.m2/repository/com/google/protobuf/protobuf-java-util/3.5.1/protobuf-java-util-3.5.1.jar:/home/user/.m2/repository/io/grpc/grpc-netty/1.17.1/grpc-netty-1.17.1.jar:/home/user/.m2/repository/io/grpc/grpc-core/1.17.1/grpc-core-1.17.1.jar:/home/user/.m2/repository/io/grpc/grpc-context/1.17.1/grpc-context-1.17.1.jar:/home/user/.m2/repository/com/google/errorprone/error_prone_annotations/2.2.0/error_prone_annotations-2.2.0.jar:/home/user/.m2/repository/org/codehaus/mojo/animal-sniffer-annotations/1.17/animal-sniffer-annotations-1.17.jar:/home/user/.m2/repository/io/opencensus/opencensus-api/0.17.0/opencensus-api-0.17.0.jar:/home/user/.m2/repository/io/opencensus/opencensus-contrib-grpc-metrics/0.17.0/opencensus-contrib-grpc-metrics-0.17.0.jar:/home/user/.m2/repository/io/netty/netty-codec-http2/4.1.30.Final/netty-codec-http2-4.1.30.Final.jar:/home/user/.m2/repository/io/netty/netty-codec-http/4.1.30.Final/netty-codec-http-4.1.30.Final.jar:/home/user/.m2/repository/io/netty/netty-codec/4.1.30.Final/netty-codec-4.1.30.Final.jar:/home/user/.m2/repository/io/netty/netty-handler/4.1.30.Final/netty-handler-4.1.30.Final.jar:/home/user/.m2/repository/io/netty/netty-handler-proxy/4.1.30.Final/netty-handler-proxy-4.1.30.Final.jar:/home/user/.m2/repository/io/netty/netty-codec-socks/4.1.30.Final/netty-codec-socks-4.1.30.Final.jar:/home/user/.m2/repository/io/netty/netty-transport-native-epoll/4.1.30.Final/netty-transport-native-epoll-4.1.30.Final.jar:/home/user/.m2/repository/io/netty/netty-common/4.1.30.Final/netty-common-4.1.30.Final.jar:/home/user/.m2/repository/io/netty/netty-buffer/4.1.30.Final/netty-buffer-4.1.30.Final.jar:/home/user/.m2/repository/io/netty/netty-transport/4.1.30.Final/netty-transport-4.1.30.Final.jar:/home/user/.m2/repository/io/netty/netty-resolver/4.1.30.Final/netty-resolver-4.1.30.Final.jar:/home/user/.m2/repository/io/netty/netty-transport-native-unix-common/4.1.30.Final/netty-transport-native-unix-common-4.1.30.Final.jar:/home/user/.m2/repository/io/grpc/grpc-protobuf/1.17.1/grpc-protobuf-1.17.1.jar:/home/user/.m2/repository/com/google/api/grpc/proto-google-common-protos/1.0.0/proto-google-common-protos-1.0.0.jar:/home/user/.m2/repository/io/grpc/grpc-protobuf-lite/1.17.1/grpc-protobuf-lite-1.17.1.jar:/home/user/.m2/repository/io/grpc/grpc-stub/1.17.1/grpc-stub-1.17.1.jar:/home/user/.m2/repository/org/apache/hadoop/hadoop-ozone-recon/0.5.0-SNAPSHOT/hadoop-ozone-recon-0.5.0-SNAPSHOT.jar:/home/user/.m2/repository/org/apache/hadoop/hadoop-ozone-reconcodegen/0.5.0-SNAPSHOT/hadoop-ozone-reconcodegen-0.5.0-SNAPSHOT.jar:/home/user/.m2/repository/com/google/inject/extensions/guice-multibindings/4.0/guice-multibindings-4.0.jar:/home/user/.m2/repository/com/google/inject/guice/4.0/guice-4.0.jar:/home/user/.m2/repository/aopalliance/aopalliance/1.0/aopalliance-1.0.jar:/home/user/.m2/repository/org/glassfish/jersey/containers/jersey-container-servlet/2.27/jersey-container-servlet-2.27.jar:/home/user/.m2/repository/org/glassfish/hk2/guice-bridge/2.5.0/guice-bridge-2.5.0.jar:/home/user/.m2/repository/org/glassfish/jersey/core/jersey-server/2.27/jersey-server-2.27.jar:/home/user/.m2/repository/org/glassfish/jersey/core/jersey-client/2.27/jersey-client-2.27.jar:/home/user/.m2/repository/org/glassfish/jersey/media/jersey-media-jaxb/2.27/jersey-media-jaxb-2.27.jar:/home/user/.m2/repository/javax/validation/validation-api/1.1.0.Final/validation-api-1.1.0.Final.jar:/home/user/.m2/repository/org/glassfish/jersey/media/jersey-media-json-jackson/2.27/jersey-media-json-jackson-2.27.jar:/home/user/.m2/repository/org/glassfish/jersey/ext/jersey-entity-filtering/2.27/jersey-entity-filtering-2.27.jar:/home/user/.m2/repository/com/google/inject/extensions/guice-assistedinject/4.0/guice-assistedinject-4.0.jar:/home/user/.m2/repository/org/jooq/jooq/3.11.10/jooq-3.11.10.jar:/home/user/.m2/repository/org/jooq/jooq-meta/3.11.10/jooq-meta-3.11.10.jar:/home/user/.m2/repository/org/jooq/jooq-codegen/3.11.10/jooq-codegen-3.11.10.jar:/home/user/.m2/repository/com/jolbox/bonecp/0.8.0.RELEASE/bonecp-0.8.0.RELEASE.jar:/home/user/.m2/repository/org/springframework/spring-jdbc/5.1.3.RELEASE/spring-jdbc-5.1.3.RELEASE.jar:/home/user/.m2/repository/org/springframework/spring-beans/5.1.3.RELEASE/spring-beans-5.1.3.RELEASE.jar:/home/user/.m2/repository/org/springframework/spring-core/5.1.3.RELEASE/spring-core-5.1.3.RELEASE.jar:/home/user/.m2/repository/org/springframework/spring-jcl/5.1.3.RELEASE/spring-jcl-5.1.3.RELEASE.jar:/home/user/.m2/repository/org/springframework/spring-tx/5.1.3.RELEASE/spring-tx-5.1.3.RELEASE.jar:/home/user/.m2/repository/org/mockito/mockito-all/1.10.19/mockito-all-1.10.19.jar:/home/user/.m2/repository/junit/junit/4.11/junit-4.11.jar:/home/user/.m2/repository/org/hamcrest/hamcrest-core/1.3/hamcrest-core-1.3.jar:/home/user/.m2/repository/org/apache/hadoop/hadoop-distcp/3.2.0/hadoop-distcp-3.2.0.jar:/home/user/.m2/repository/org/apache/hadoop/hadoop-distcp/3.2.0/hadoop-distcp-3.2.0-tests.jar:/home/user/.m2/repository/org/apache/hadoop/hadoop-mapreduce-client-jobclient/3.2.0/hadoop-mapreduce-client-jobclient-3.2.0.jar:/home/user/.m2/repository/org/apache/hadoop/hadoop-mapreduce-client-common/3.2.0/hadoop-mapreduce-client-common-3.2.0.jar:/home/user/.m2/repository/org/apache/hadoop/hadoop-yarn-common/3.2.0/hadoop-yarn-common-3.2.0.jar:/home/user/.m2/repository/org/apache/hadoop/hadoop-yarn-api/3.2.0/hadoop-yarn-api-3.2.0.jar:/home/user/.m2/repository/com/sun/jersey/jersey-client/1.19/jersey-client-1.19.jar:/home/user/.m2/repository/com/sun/jersey/contribs/jersey-guice/1.19/jersey-guice-1.19.jar:/home/user/.m2/repository/com/fasterxml/jackson/jaxrs/jackson-jaxrs-json-provider/2.9.5/jackson-jaxrs-json-provider-2.9.5.jar:/home/user/.m2/repository/com/fasterxml/jackson/jaxrs/jackson-jaxrs-base/2.9.5/jackson-jaxrs-base-2.9.5.jar:/home/user/.m2/repository/org/apache/hadoop/hadoop-yarn-client/3.2.0/hadoop-yarn-client-3.2.0.jar:/home/user/.m2/repository/org/apache/hadoop/hadoop-mapreduce-client-core/3.2.0/hadoop-mapreduce-client-core-3.2.0.jar:/home/user/.m2/repository/com/google/inject/extensions/guice-servlet/4.0/guice-servlet-4.0.jar:/home/user/.m2/repository/org/powermock/powermock-module-junit4/1.6.5/powermock-module-junit4-1.6.5.jar:/home/user/.m2/repository/org/powermock/powermock-module-junit4-common/1.6.5/powermock-module-junit4-common-1.6.5.jar:/home/user/.m2/repository/org/powermock/powermock-core/1.6.5/powermock-core-1.6.5.jar:/home/user/.m2/repository/org/powermock/powermock-reflect/1.6.5/powermock-reflect-1.6.5.jar:/home/user/.m2/repository/org/powermock/powermock-api-mockito/1.6.5/powermock-api-mockito-1.6.5.jar:/home/user/.m2/repository/org/mockito/mockito-core/1.10.19/mockito-core-1.10.19.jar:/home/user/.m2/repository/org/objenesis/objenesis/1.0/objenesis-1.0.jar:/home/user/.m2/repository/org/powermock/powermock-api-mockito-common/1.6.5/powermock-api-mockito-common-1.6.5.jar:/home/user/.m2/repository/org/powermock/powermock-api-support/1.6.5/powermock-api-support-1.6.5.jar:"/>
    <property name="sun.cpu.endian" value="little"/>
    <property name="user.home" value="/home/user"/>
    <property name="user.language" value="en"/>
    <property name="java.specification.vendor" value="Oracle Corporation"/>
    <property name="java.home" value="/usr/lib/jvm/java-1.8-openjdk/jre"/>
    <property name="java.security.krb5.conf" value="/workdir/hadoop-ozone/ozonefs/target/test-classes/krb5.conf"/>
    <property name="basedir" value="/workdir/hadoop-ozone/ozonefs"/>
    <property name="file.separator" value="/"/>
    <property name="line.separator" value="&#10;"/>
    <property name="java.vm.specification.vendor" value="Oracle Corporation"/>
    <property name="java.specification.name" value="Java Platform API Specification"/>
    <property name="java.awt.graphicsenv" value="sun.awt.X11GraphicsEnvironment"/>
    <property name="surefire.real.class.path" value="/workdir/hadoop-ozone/ozonefs/target/surefire/surefirebooter8239849542399311297.jar"/>
    <property name="hadoop.log.dir" value="/workdir/hadoop-ozone/ozonefs/target/log"/>
    <property name="sun.boot.class.path" value="/usr/lib/jvm/java-1.8-openjdk/jre/lib/resources.jar:/usr/lib/jvm/java-1.8-openjdk/jre/lib/rt.jar:/usr/lib/jvm/java-1.8-openjdk/jre/lib/sunrsasign.jar:/usr/lib/jvm/java-1.8-openjdk/jre/lib/jsse.jar:/usr/lib/jvm/java-1.8-openjdk/jre/lib/jce.jar:/usr/lib/jvm/java-1.8-openjdk/jre/lib/charsets.jar:/usr/lib/jvm/java-1.8-openjdk/jre/lib/jfr.jar:/usr/lib/jvm/java-1.8-openjdk/jre/classes"/>
    <property name="sun.management.compiler" value="HotSpot 64-Bit Tiered Compilers"/>
    <property name="java.runtime.version" value="1.8.0_212-b04"/>
    <property name="java.net.preferIPv4Stack" value="true"/>
    <property name="user.name" value="jenkins1000"/>
    <property name="path.separator" value=":"/>
    <property name="java.security.egd" value="file:///dev/urandom"/>
    <property name="os.version" value="3.10.0-957.12.2.el7.x86_64"/>
    <property name="java.endorsed.dirs" value="/usr/lib/jvm/java-1.8-openjdk/jre/lib/endorsed"/>
    <property name="java.runtime.name" value="OpenJDK Runtime Environment"/>
    <property name="file.encoding" value="UTF-8"/>
    <property name="java.vm.name" value="OpenJDK 64-Bit Server VM"/>
    <property name="test.build.webapps" value=""/>
    <property name="localRepository" value="/home/user/.m2/repository"/>
    <property name="java.vendor.url.bug" value="https://icedtea.classpath.org/bugzilla"/>
    <property name="java.io.tmpdir" value="/tmp"/>
    <property name="require.test.libhadoop" value=""/>
    <property name="java.version" value="1.8.0_212"/>
    <property name="user.dir" value="/workdir/hadoop-ozone/ozonefs"/>
    <property name="os.arch" value="amd64"/>
    <property name="java.vm.specification.name" value="Java Virtual Machine Specification"/>
    <property name="test.build.classes" value="/workdir/hadoop-ozone/ozonefs/target/test-classes"/>
    <property name="java.awt.printerjob" value="sun.print.PSPrinterJob"/>
    <property name="sun.os.patch.level" value="unknown"/>
    <property name="hadoop.tmp.dir" value="/workdir/hadoop-ozone/ozonefs/target/tmp"/>
    <property name="java.library.path" value="/usr/lib/jvm/java-1.8-openjdk/jre/lib/amd64/server:/usr/lib/jvm/java-1.8-openjdk/jre/lib/amd64:/usr/lib/jvm/java-1.8-openjdk/jre/../lib/amd64:/workdir/hadoop-ozone/ozonefs/target/native/target/usr/local/lib:/workdir/hadoop-ozone/ozonefs/../../hadoop-common-project/hadoop-common/target/native/target/usr/local/lib:/usr/java/packages/lib/amd64:/usr/lib64:/lib64:/lib:/usr/lib"/>
    <property name="java.vm.info" value="mixed mode"/>
    <property name="java.vendor" value="IcedTea"/>
    <property name="java.vm.version" value="25.212-b04"/>
    <property name="java.ext.dirs" value="/usr/lib/jvm/java-1.8-openjdk/jre/lib/ext:/usr/java/packages/lib/ext"/>
    <property name="sun.io.unicode.encoding" value="UnicodeLittle"/>
    <property name="java.class.version" value="52.0"/>
  </properties>
  <testcase name="org.apache.hadoop.fs.ozone.TestOzoneFSInputStream" classname="org.apache.hadoop.fs.ozone.TestOzoneFSInputStream" time="49.901">
    <error message="Allocated 0 blocks. Requested 1 blocks" type="INTERNAL_ERROR org.apache.hadoop.ozone.om.exceptions.OMException">INTERNAL_ERROR org.apache.hadoop.ozone.om.exceptions.OMException: Allocated 0 blocks. Requested 1 blocks
	at org.apache.hadoop.ozone.om.protocolPB.OzoneManagerProtocolClientSideTranslatorPB.handleError(OzoneManagerProtocolClientSideTranslatorPB.java:725)
	at org.apache.hadoop.ozone.om.protocolPB.OzoneManagerProtocolClientSideTranslatorPB.createFile(OzoneManagerProtocolClientSideTranslatorPB.java:1474)
	at org.apache.hadoop.ozone.client.rpc.RpcClient.createFile(RpcClient.java:984)
	at org.apache.hadoop.ozone.client.OzoneBucket.createFile(OzoneBucket.java:535)
	at org.apache.hadoop.fs.ozone.BasicOzoneClientAdapterImpl.createFile(BasicOzoneClientAdapterImpl.java:181)
	at org.apache.hadoop.fs.ozone.BasicOzoneFileSystem.createOutputStream(BasicOzoneFileSystem.java:249)
	at org.apache.hadoop.fs.ozone.BasicOzoneFileSystem.create(BasicOzoneFileSystem.java:230)
	at org.apache.hadoop.fs.FileSystem.create(FileSystem.java:1118)
	at org.apache.hadoop.fs.FileSystem.create(FileSystem.java:1098)
	at org.apache.hadoop.fs.FileSystem.create(FileSystem.java:987)
	at org.apache.hadoop.fs.FileSystem.create(FileSystem.java:975)
	at org.apache.hadoop.fs.ozone.TestOzoneFSInputStream.init(TestOzoneFSInputStream.java:103)
	at sun.reflect.NativeMethodAccessorImpl.invoke0(Native Method)
	at sun.reflect.NativeMethodAccessorImpl.invoke(NativeMethodAccessorImpl.java:62)
	at sun.reflect.DelegatingMethodAccessorImpl.invoke(DelegatingMethodAccessorImpl.java:43)
	at java.lang.reflect.Method.invoke(Method.java:498)
	at org.junit.runners.model.FrameworkMethod$1.runReflectiveCall(FrameworkMethod.java:47)
	at org.junit.internal.runners.model.ReflectiveCallable.run(ReflectiveCallable.java:12)
	at org.junit.runners.model.FrameworkMethod.invokeExplosively(FrameworkMethod.java:44)
	at org.junit.internal.runners.statements.RunBefores.evaluate(RunBefores.java:24)
	at org.junit.internal.runners.statements.RunAfters.evaluate(RunAfters.java:27)
	at org.junit.runners.ParentRunner.run(ParentRunner.java:309)
	at org.apache.maven.surefire.junit4.JUnit4Provider.execute(JUnit4Provider.java:365)
	at org.apache.maven.surefire.junit4.JUnit4Provider.executeWithRerun(JUnit4Provider.java:273)
	at org.apache.maven.surefire.junit4.JUnit4Provider.executeTestSet(JUnit4Provider.java:238)
	at org.apache.maven.surefire.junit4.JUnit4Provider.invoke(JUnit4Provider.java:159)
	at org.apache.maven.surefire.booter.ForkedBooter.invokeProviderInSameClassLoader(ForkedBooter.java:384)
	at org.apache.maven.surefire.booter.ForkedBooter.runSuitesInProcess(ForkedBooter.java:345)
	at org.apache.maven.surefire.booter.ForkedBooter.execute(ForkedBooter.java:126)
	at org.apache.maven.surefire.booter.ForkedBooter.main(ForkedBooter.java:418)
</error>
    <system-out><![CDATA[2019-09-12 11:40:17,879 [main] WARN  server.ServerUtils (ServerUtils.java:getScmDbDir(145)) - ozone.scm.db.dirs is not configured. We recommend adding this setting. Falling back to ozone.metadata.dirs instead.
2019-09-12 11:40:18,012 [main] WARN  server.ServerUtils (ServerUtils.java:getScmDbDir(145)) - ozone.scm.db.dirs is not configured. We recommend adding this setting. Falling back to ozone.metadata.dirs instead.
2019-09-12 11:40:18,016 [main] WARN  server.ServerUtils (ServerUtils.java:getScmDbDir(145)) - ozone.scm.db.dirs is not configured. We recommend adding this setting. Falling back to ozone.metadata.dirs instead.
2019-09-12 11:40:18,035 [main] INFO  util.log (Log.java:initialized(192)) - Logging initialized @949ms
2019-09-12 11:40:18,142 [main] INFO  db.DBStoreBuilder (DBStoreBuilder.java:addTable(110)) - using custom profile for table: deletedBlocks
2019-09-12 11:40:18,142 [main] INFO  db.DBStoreBuilder (DBStoreBuilder.java:processTables(161)) - Using default column profile:DBProfile.DISK for Table:deletedBlocks
2019-09-12 11:40:18,143 [main] INFO  db.DBStoreBuilder (DBStoreBuilder.java:addTable(110)) - using custom profile for table: validCerts
2019-09-12 11:40:18,143 [main] INFO  db.DBStoreBuilder (DBStoreBuilder.java:processTables(161)) - Using default column profile:DBProfile.DISK for Table:validCerts
2019-09-12 11:40:18,143 [main] INFO  db.DBStoreBuilder (DBStoreBuilder.java:addTable(110)) - using custom profile for table: revokedCerts
2019-09-12 11:40:18,143 [main] INFO  db.DBStoreBuilder (DBStoreBuilder.java:processTables(161)) - Using default column profile:DBProfile.DISK for Table:revokedCerts
2019-09-12 11:40:18,156 [main] INFO  db.DBStoreBuilder (DBStoreBuilder.java:addTable(110)) - using custom profile for table: default
2019-09-12 11:40:18,157 [main] INFO  db.DBStoreBuilder (DBStoreBuilder.java:processTables(167)) - Using default column profile:DBProfile.DISK for Table:default
2019-09-12 11:40:18,158 [main] INFO  db.DBStoreBuilder (DBStoreBuilder.java:getDbProfile(198)) - Using default options. DBProfile.DISK
2019-09-12 11:40:18,398 [main] INFO  net.NodeSchemaLoader (NodeSchemaLoader.java:loadSchemaFromFile(125)) - Loading file from sun.misc.CompoundEnumeration@62150f9e
2019-09-12 11:40:18,400 [main] INFO  net.NodeSchemaLoader (NodeSchemaLoader.java:loadSchema(171)) - Loading network topology layer schema file
2019-09-12 11:40:18,482 [main] WARN  server.ServerUtils (ServerUtils.java:sanitizeUserArgs(70)) - ozone.scm.stale.node.interval value = 300000 is larger than max = 100000 based on the key value of ozone.scm.heartbeat.thread.interval, reset to the max value 100000.
2019-09-12 11:40:18,483 [main] WARN  server.ServerUtils (ServerUtils.java:sanitizeUserArgs(70)) - ozone.scm.stale.node.interval value = 300000 is larger than max = 100000 based on the key value of ozone.scm.heartbeat.thread.interval, reset to the max value 100000.
2019-09-12 11:40:18,486 [main] INFO  node.SCMNodeManager (SCMNodeManager.java:<init>(121)) - Entering startup safe mode.
2019-09-12 11:40:18,633 [main] INFO  algorithms.ContainerPlacementPolicyFactory (ContainerPlacementPolicyFactory.java:getPolicy(56)) - Create container placement policy of type org.apache.hadoop.hdds.scm.container.placement.algorithms.SCMContainerPlacementRandom
2019-09-12 11:40:18,651 [main] WARN  server.ServerUtils (ServerUtils.java:getScmDbDir(145)) - ozone.scm.db.dirs is not configured. We recommend adding this setting. Falling back to ozone.metadata.dirs instead.
2019-09-12 11:40:18,732 [main] INFO  pipeline.SCMPipelineManager (SCMPipelineManager.java:initializePipelineState(126)) - No pipeline exists in current db
2019-09-12 11:40:18,734 [main] WARN  server.ServerUtils (ServerUtils.java:getScmDbDir(145)) - ozone.scm.db.dirs is not configured. We recommend adding this setting. Falling back to ozone.metadata.dirs instead.
2019-09-12 11:40:18,888 [main] WARN  events.EventQueue (EventQueue.java:fireEvent(175)) - No event handler registered for event TypedEvent{payloadType=SafeModeStatus, name='SafeModeStatus'}
2019-09-12 11:40:19,744 [main] INFO  ipc.CallQueueManager (CallQueueManager.java:<init>(84)) - Using callQueue: class java.util.concurrent.LinkedBlockingQueue, queueCapacity: 2000, scheduler: class org.apache.hadoop.ipc.DefaultRpcScheduler, ipcBackoff: false.
2019-09-12 11:40:19,776 [Socket Reader #1 for port 43171] INFO  ipc.Server (Server.java:run(1074)) - Starting Socket Reader #1 for port 43171
2019-09-12 11:40:19,803 [main] INFO  ipc.CallQueueManager (CallQueueManager.java:<init>(84)) - Using callQueue: class java.util.concurrent.LinkedBlockingQueue, queueCapacity: 2000, scheduler: class org.apache.hadoop.ipc.DefaultRpcScheduler, ipcBackoff: false.
2019-09-12 11:40:19,804 [Socket Reader #1 for port 43383] INFO  ipc.Server (Server.java:run(1074)) - Starting Socket Reader #1 for port 43383
2019-09-12 11:40:19,812 [main] INFO  ipc.CallQueueManager (CallQueueManager.java:<init>(84)) - Using callQueue: class java.util.concurrent.LinkedBlockingQueue, queueCapacity: 2000, scheduler: class org.apache.hadoop.ipc.DefaultRpcScheduler, ipcBackoff: false.
2019-09-12 11:40:19,813 [Socket Reader #1 for port 39907] INFO  ipc.Server (Server.java:run(1074)) - Starting Socket Reader #1 for port 39907
2019-09-12 11:40:19,835 [main] INFO  hdfs.DFSUtil (DFSUtil.java:httpServerTemplateForNNAndJN(1641)) - Starting Web-server for scm at: http://0.0.0.0:0
2019-09-12 11:40:19,977 [main] INFO  server.AuthenticationFilter (AuthenticationFilter.java:constructSecretProvider(240)) - Unable to initialize FileSignerSecretProvider, falling back to use random secrets.
2019-09-12 11:40:19,992 [main] WARN  http.HttpRequestLog (HttpRequestLog.java:getRequestLog(97)) - Jetty request log can only be enabled using Log4j
2019-09-12 11:40:20,003 [main] INFO  http.HttpServer2 (HttpServer2.java:addGlobalFilter(975)) - Added global filter 'safety' (class=org.apache.hadoop.http.HttpServer2$QuotingInputFilter)
2019-09-12 11:40:20,006 [main] INFO  http.HttpServer2 (HttpServer2.java:addFilter(948)) - Added filter static_user_filter (class=org.apache.hadoop.http.lib.StaticUserWebFilter$StaticUserFilter) to context scm
2019-09-12 11:40:20,006 [main] INFO  http.HttpServer2 (HttpServer2.java:addFilter(958)) - Added filter static_user_filter (class=org.apache.hadoop.http.lib.StaticUserWebFilter$StaticUserFilter) to context logs
2019-09-12 11:40:20,006 [main] INFO  http.HttpServer2 (HttpServer2.java:addFilter(958)) - Added filter static_user_filter (class=org.apache.hadoop.http.lib.StaticUserWebFilter$StaticUserFilter) to context static
2019-09-12 11:40:20,031 [main] INFO  server.StorageContainerManager (StorageContainerManager.java:start(759)) - StorageContainerLocationProtocol RPC server is listening at /0.0.0.0:39907
2019-09-12 11:40:20,082 [main] WARN  impl.MetricsConfig (MetricsConfig.java:loadFirst(134)) - Cannot locate configuration: tried hadoop-metrics2-storagecontainermanager.properties,hadoop-metrics2.properties
2019-09-12 11:40:20,095 [main] INFO  impl.MetricsSystemImpl (MetricsSystemImpl.java:startTimer(374)) - Scheduled Metric snapshot period at 10 second(s).
2019-09-12 11:40:20,095 [main] INFO  impl.MetricsSystemImpl (MetricsSystemImpl.java:start(191)) - StorageContainerManager metrics system started
2019-09-12 11:40:20,339 [main] INFO  server.SCMClientProtocolServer (SCMClientProtocolServer.java:start(151)) - RPC server for Client  is listening at /0.0.0.0:39907
2019-09-12 11:40:20,339 [IPC Server Responder] INFO  ipc.Server (Server.java:run(1314)) - IPC Server Responder: starting
2019-09-12 11:40:20,339 [IPC Server listener on 39907] INFO  ipc.Server (Server.java:run(1153)) - IPC Server listener on 39907: starting
2019-09-12 11:40:20,343 [main] INFO  server.StorageContainerManager (StorageContainerManager.java:start(769)) - ScmBlockLocationProtocol RPC server is listening at /0.0.0.0:43383
2019-09-12 11:40:20,343 [main] INFO  server.SCMBlockProtocolServer (SCMBlockProtocolServer.java:start(140)) - RPC server for Block Protocol is listening at /0.0.0.0:43383
2019-09-12 11:40:20,343 [IPC Server Responder] INFO  ipc.Server (Server.java:run(1314)) - IPC Server Responder: starting
2019-09-12 11:40:20,343 [IPC Server listener on 43383] INFO  ipc.Server (Server.java:run(1153)) - IPC Server listener on 43383: starting
2019-09-12 11:40:20,346 [main] INFO  server.StorageContainerManager (StorageContainerManager.java:start(773)) - ScmDatanodeProtocl RPC server is listening at /0.0.0.0:43171
2019-09-12 11:40:20,346 [main] INFO  server.SCMDatanodeProtocolServer (SCMDatanodeProtocolServer.java:start(191)) - RPC server for DataNodes is listening at /0.0.0.0:43171
2019-09-12 11:40:20,346 [IPC Server Responder] INFO  ipc.Server (Server.java:run(1314)) - IPC Server Responder: starting
2019-09-12 11:40:20,347 [IPC Server listener on 43171] INFO  ipc.Server (Server.java:run(1153)) - IPC Server listener on 43171: starting
2019-09-12 11:40:20,351 [main] INFO  http.HttpServer2 (HttpServer2.java:bindListener(1191)) - Jetty bound to port 43674
2019-09-12 11:40:20,352 [main] INFO  server.Server (Server.java:doStart(351)) - jetty-9.3.24.v20180605, build timestamp: 2018-06-05T17:11:56Z, git hash: 84205aa28f11a4f31f2a3b86d1bba2cc8ab69827
2019-09-12 11:40:20,395 [main] INFO  handler.ContextHandler (ContextHandler.java:doStart(781)) - Started o.e.j.s.ServletContextHandler@6aecbb8d{/logs,file:///workdir/hadoop-ozone/ozonefs/target/log,AVAILABLE}
2019-09-12 11:40:20,396 [main] INFO  handler.ContextHandler (ContextHandler.java:doStart(781)) - Started o.e.j.s.ServletContextHandler@25b2cfcb{/static,jar:file:/home/user/.m2/repository/org/apache/hadoop/hadoop-hdds-server-scm/0.5.0-SNAPSHOT/hadoop-hdds-server-scm-0.5.0-SNAPSHOT.jar!/webapps/static,AVAILABLE}
2019-09-12 11:40:20,495 [main] INFO  handler.ContextHandler (ContextHandler.java:doStart(781)) - Started o.e.j.w.WebAppContext@433ffad1{/,file:///tmp/jetty-0.0.0.0-43674-scm-_-any-2495434186062066153.dir/webapp/,AVAILABLE}{/scm}
2019-09-12 11:40:20,500 [main] INFO  server.AbstractConnector (AbstractConnector.java:doStart(278)) - Started ServerConnector@46cf05f7{HTTP/1.1,[http/1.1]}{0.0.0.0:43674}
2019-09-12 11:40:20,501 [main] INFO  server.Server (Server.java:doStart(419)) - Started @3414ms
2019-09-12 11:40:20,502 [main] INFO  server.BaseHttpServer (BaseHttpServer.java:updateConnectorAddress(213)) - HTTP server of SCM is listening at http://0.0.0.0:43674
2019-09-12 11:40:20,510 [org.apache.hadoop.util.JvmPauseMonitor$Monitor@c074c0c] INFO  util.JvmPauseMonitor (JvmPauseMonitor.java:run(188)) - Starting JVM pause monitor
2019-09-12 11:40:20,515 [main] WARN  server.ServerUtils (ServerUtils.java:getDBPath(222)) - ozone.om.db.dirs is not configured. We recommend adding this setting. Falling back to ozone.metadata.dirs instead.
2019-09-12 11:40:20,665 [main] WARN  server.ServerUtils (ServerUtils.java:getDBPath(222)) - ozone.om.db.dirs is not configured. We recommend adding this setting. Falling back to ozone.metadata.dirs instead.
2019-09-12 11:40:20,666 [main] WARN  server.ServerUtils (ServerUtils.java:getDBPath(222)) - ozone.om.db.dirs is not configured. We recommend adding this setting. Falling back to ozone.metadata.dirs instead.
2019-09-12 11:40:20,667 [main] INFO  om.OzoneManager (OzoneManager.java:setOMNodeDetails(645)) - OM Service ID is not set. Setting it to the default ID: omServiceIdDefault
2019-09-12 11:40:20,667 [main] INFO  om.OzoneManager (OzoneManager.java:setOMNodeDetails(651)) - OM Node ID is not set. Setting it to the OmStorage's OmID: d0768488-f811-4999-bceb-e30a1b9c4ede
2019-09-12 11:40:20,669 [main] INFO  om.OzoneManager (OzoneManager.java:loadOMHAConfigs(602)) - Found matching OM address with OMServiceId: null, OMNodeId: null, RPC Address: localhost:0 and Ratis port: 9872
2019-09-12 11:40:20,952 | INFO  | SCMAudit | user=jenkins1000 | ip=192.168.157.195 | op=GET_SCM_INFO null | ret=SUCCESS |  
2019-09-12 11:40:21,461 [main] WARN  server.ServerUtils (ServerUtils.java:getDBPath(222)) - ozone.om.db.dirs is not configured. We recommend adding this setting. Falling back to ozone.metadata.dirs instead.
2019-09-12 11:40:21,471 [main] INFO  db.DBStoreBuilder (DBStoreBuilder.java:addTable(110)) - using custom profile for table: userTable
2019-09-12 11:40:21,471 [main] INFO  db.DBStoreBuilder (DBStoreBuilder.java:processTables(161)) - Using default column profile:DBProfile.DISK for Table:userTable
2019-09-12 11:40:21,472 [main] INFO  db.DBStoreBuilder (DBStoreBuilder.java:addTable(110)) - using custom profile for table: volumeTable
2019-09-12 11:40:21,472 [main] INFO  db.DBStoreBuilder (DBStoreBuilder.java:processTables(161)) - Using default column profile:DBProfile.DISK for Table:volumeTable
2019-09-12 11:40:21,472 [main] INFO  db.DBStoreBuilder (DBStoreBuilder.java:addTable(110)) - using custom profile for table: bucketTable
2019-09-12 11:40:21,472 [main] INFO  db.DBStoreBuilder (DBStoreBuilder.java:processTables(161)) - Using default column profile:DBProfile.DISK for Table:bucketTable
2019-09-12 11:40:21,473 [main] INFO  db.DBStoreBuilder (DBStoreBuilder.java:addTable(110)) - using custom profile for table: keyTable
2019-09-12 11:40:21,473 [main] INFO  db.DBStoreBuilder (DBStoreBuilder.java:processTables(161)) - Using default column profile:DBProfile.DISK for Table:keyTable
2019-09-12 11:40:21,473 [main] INFO  db.DBStoreBuilder (DBStoreBuilder.java:addTable(110)) - using custom profile for table: deletedTable
2019-09-12 11:40:21,473 [main] INFO  db.DBStoreBuilder (DBStoreBuilder.java:processTables(161)) - Using default column profile:DBProfile.DISK for Table:deletedTable
2019-09-12 11:40:21,474 [main] INFO  db.DBStoreBuilder (DBStoreBuilder.java:addTable(110)) - using custom profile for table: openKeyTable
2019-09-12 11:40:21,474 [main] INFO  db.DBStoreBuilder (DBStoreBuilder.java:processTables(161)) - Using default column profile:DBProfile.DISK for Table:openKeyTable
2019-09-12 11:40:21,474 [main] INFO  db.DBStoreBuilder (DBStoreBuilder.java:addTable(110)) - using custom profile for table: s3Table
2019-09-12 11:40:21,474 [main] INFO  db.DBStoreBuilder (DBStoreBuilder.java:processTables(161)) - Using default column profile:DBProfile.DISK for Table:s3Table
2019-09-12 11:40:21,475 [main] INFO  db.DBStoreBuilder (DBStoreBuilder.java:addTable(110)) - using custom profile for table: multipartInfoTable
2019-09-12 11:40:21,475 [main] INFO  db.DBStoreBuilder (DBStoreBuilder.java:processTables(161)) - Using default column profile:DBProfile.DISK for Table:multipartInfoTable
2019-09-12 11:40:21,475 [main] INFO  db.DBStoreBuilder (DBStoreBuilder.java:addTable(110)) - using custom profile for table: dTokenTable
2019-09-12 11:40:21,475 [main] INFO  db.DBStoreBuilder (DBStoreBuilder.java:processTables(161)) - Using default column profile:DBProfile.DISK for Table:dTokenTable
2019-09-12 11:40:21,475 [main] INFO  db.DBStoreBuilder (DBStoreBuilder.java:addTable(110)) - using custom profile for table: s3SecretTable
2019-09-12 11:40:21,476 [main] INFO  db.DBStoreBuilder (DBStoreBuilder.java:processTables(161)) - Using default column profile:DBProfile.DISK for Table:s3SecretTable
2019-09-12 11:40:21,476 [main] INFO  db.DBStoreBuilder (DBStoreBuilder.java:addTable(110)) - using custom profile for table: prefixTable
2019-09-12 11:40:21,476 [main] INFO  db.DBStoreBuilder (DBStoreBuilder.java:processTables(161)) - Using default column profile:DBProfile.DISK for Table:prefixTable
2019-09-12 11:40:21,476 [main] INFO  db.DBStoreBuilder (DBStoreBuilder.java:addTable(110)) - using custom profile for table: default
2019-09-12 11:40:21,477 [main] INFO  db.DBStoreBuilder (DBStoreBuilder.java:processTables(167)) - Using default column profile:DBProfile.DISK for Table:default
2019-09-12 11:40:21,477 [main] INFO  db.DBStoreBuilder (DBStoreBuilder.java:getDbProfile(198)) - Using default options. DBProfile.DISK
2019-09-12 11:40:22,242 [main] INFO  ipc.CallQueueManager (CallQueueManager.java:<init>(84)) - Using callQueue: class java.util.concurrent.LinkedBlockingQueue, queueCapacity: 2000, scheduler: class org.apache.hadoop.ipc.DefaultRpcScheduler, ipcBackoff: false.
2019-09-12 11:40:22,244 [Socket Reader #1 for port 38329] INFO  ipc.Server (Server.java:run(1074)) - Starting Socket Reader #1 for port 38329
2019-09-12 11:40:22,288 [main] INFO  om.OzoneManager (OzoneManager.java:start(1256)) - OzoneManager RPC server is listening at localhost/127.0.0.1:38329
2019-09-12 11:40:22,288 [main] INFO  impl.MetricsSystemImpl (MetricsSystemImpl.java:init(158)) - OzoneManager metrics system started (again)
2019-09-12 11:40:22,290 [IPC Server Responder] INFO  ipc.Server (Server.java:run(1314)) - IPC Server Responder: starting
2019-09-12 11:40:22,290 [IPC Server listener on 38329] INFO  ipc.Server (Server.java:run(1153)) - IPC Server listener on 38329: starting
2019-09-12 11:40:22,297 [main] INFO  hdfs.DFSUtil (DFSUtil.java:httpServerTemplateForNNAndJN(1641)) - Starting Web-server for ozoneManager at: http://0.0.0.0:0
2019-09-12 11:40:22,300 [main] INFO  server.AuthenticationFilter (AuthenticationFilter.java:constructSecretProvider(240)) - Unable to initialize FileSignerSecretProvider, falling back to use random secrets.
2019-09-12 11:40:22,301 [main] WARN  http.HttpRequestLog (HttpRequestLog.java:getRequestLog(97)) - Jetty request log can only be enabled using Log4j
2019-09-12 11:40:22,304 [main] INFO  http.HttpServer2 (HttpServer2.java:addGlobalFilter(975)) - Added global filter 'safety' (class=org.apache.hadoop.http.HttpServer2$QuotingInputFilter)
2019-09-12 11:40:22,306 [main] INFO  http.HttpServer2 (HttpServer2.java:addFilter(948)) - Added filter static_user_filter (class=org.apache.hadoop.http.lib.StaticUserWebFilter$StaticUserFilter) to context ozoneManager
2019-09-12 11:40:22,307 [main] INFO  http.HttpServer2 (HttpServer2.java:addFilter(958)) - Added filter static_user_filter (class=org.apache.hadoop.http.lib.StaticUserWebFilter$StaticUserFilter) to context logs
2019-09-12 11:40:22,307 [main] INFO  http.HttpServer2 (HttpServer2.java:addFilter(958)) - Added filter static_user_filter (class=org.apache.hadoop.http.lib.StaticUserWebFilter$StaticUserFilter) to context static
2019-09-12 11:40:22,310 [main] INFO  http.HttpServer2 (HttpServer2.java:bindListener(1191)) - Jetty bound to port 33909
2019-09-12 11:40:22,310 [main] INFO  server.Server (Server.java:doStart(351)) - jetty-9.3.24.v20180605, build timestamp: 2018-06-05T17:11:56Z, git hash: 84205aa28f11a4f31f2a3b86d1bba2cc8ab69827
2019-09-12 11:40:22,313 [main] INFO  handler.ContextHandler (ContextHandler.java:doStart(781)) - Started o.e.j.s.ServletContextHandler@109d724c{/logs,file:///workdir/hadoop-ozone/ozonefs/target/log,AVAILABLE}
2019-09-12 11:40:22,313 [main] INFO  handler.ContextHandler (ContextHandler.java:doStart(781)) - Started o.e.j.s.ServletContextHandler@e4d2696{/static,jar:file:/home/user/.m2/repository/org/apache/hadoop/hadoop-ozone-ozone-manager/0.5.0-SNAPSHOT/hadoop-ozone-ozone-manager-0.5.0-SNAPSHOT.jar!/webapps/static,AVAILABLE}
2019-09-12 11:40:22,367 [main] INFO  handler.ContextHandler (ContextHandler.java:doStart(781)) - Started o.e.j.w.WebAppContext@2098d37d{/,file:///tmp/jetty-0.0.0.0-33909-ozoneManager-_-any-6189436792277607450.dir/webapp/,AVAILABLE}{/ozoneManager}
2019-09-12 11:40:22,368 [main] INFO  server.AbstractConnector (AbstractConnector.java:doStart(278)) - Started ServerConnector@77b9d0c7{HTTP/1.1,[http/1.1]}{0.0.0.0:33909}
2019-09-12 11:40:22,368 [main] INFO  server.Server (Server.java:doStart(419)) - Started @5282ms
2019-09-12 11:40:22,370 [main] INFO  server.BaseHttpServer (BaseHttpServer.java:updateConnectorAddress(213)) - HTTP server of OZONEMANAGER is listening at http://0.0.0.0:33909
2019-09-12 11:40:22,567 [main] INFO  impl.MetricsSystemImpl (MetricsSystemImpl.java:init(158)) - HddsDatanode metrics system started (again)
2019-09-12 11:40:22,657 [main] INFO  ozone.HddsDatanodeService (HddsDatanodeService.java:start(184)) - HddsDatanodeService host:pr-hdds-1569-xtfnx-3545843844 ip:192.168.157.195
2019-09-12 11:40:22,698 [main] INFO  volume.HddsVolume (HddsVolume.java:<init>(176)) - Creating Volume: /workdir/hadoop-ozone/ozonefs/target/test-dir/MiniOzoneClusterImpl-3f0ffa95-bfc9-4a1c-9a47-ff24715a0622/datanode-0/data/containers/hdds of  storage type : DISK and capacity : 1482555576320
2019-09-12 11:40:22,700 [main] INFO  volume.VolumeSet (VolumeSet.java:initializeVolumeSet(170)) - Added Volume : /workdir/hadoop-ozone/ozonefs/target/test-dir/MiniOzoneClusterImpl-3f0ffa95-bfc9-4a1c-9a47-ff24715a0622/datanode-0/data/containers/hdds to VolumeSet
2019-09-12 11:40:22,703 [main] INFO  volume.ThrottledAsyncChecker (ThrottledAsyncChecker.java:schedule(140)) - Scheduling a check for org.apache.hadoop.ozone.container.common.volume.HddsVolume@243f003c
2019-09-12 11:40:22,722 [main] INFO  volume.HddsVolumeChecker (HddsVolumeChecker.java:checkAllVolumes(203)) - Scheduled health check for volume org.apache.hadoop.ozone.container.common.volume.HddsVolume@243f003c
2019-09-12 11:40:22,854 [main] INFO  impl.RaftServerProxy (ConfUtils.java:logGet(43)) - raft.rpc.type = GRPC (default)
2019-09-12 11:40:22,924 [main] INFO  grpc.GrpcFactory (GrpcFactory.java:checkPooledByteBufAllocatorUseCacheForAllThreads(45)) - PERFORMANCE WARNING: useCacheForAllThreads is true that may cause Netty to create a lot garbage objects and, as a result, trigger GC.
	It is recommended to disable useCacheForAllThreads by setting -Dorg.apache.ratis.thirdparty.io.netty.allocator.useCacheForAllThreads=false in command line.
2019-09-12 11:40:22,928 [main] INFO  grpc.GrpcConfigKeys$Server (ConfUtils.java:logGet(43)) - raft.grpc.server.port = 0 (default)
2019-09-12 11:40:22,929 [main] INFO  server.GrpcService (ConfUtils.java:logGet(43)) - raft.grpc.message.size.max = 33570816 (custom)
2019-09-12 11:40:22,931 [main] INFO  server.RaftServerConfigKeys (ConfUtils.java:logGet(43)) - raft.server.log.appender.buffer.byte-limit = 33554432 (custom)
2019-09-12 11:40:22,931 [main] INFO  server.GrpcService (ConfUtils.java:logGet(43)) - raft.grpc.flow.control.window = 1MB (=1048576) (default)
2019-09-12 11:40:22,932 [main] INFO  server.RaftServerConfigKeys (ConfUtils.java:logGet(43)) - raft.server.rpc.request.timeout = 3000ms (default)
2019-09-12 11:40:23,144 [main] INFO  server.RaftServerConfigKeys (ConfUtils.java:logGet(43)) - raft.server.storage.dir = [/workdir/hadoop-ozone/ozonefs/target/test-dir/MiniOzoneClusterImpl-3f0ffa95-bfc9-4a1c-9a47-ff24715a0622/datanode-0/data/ratis] (custom)
2019-09-12 11:40:23,198 [main] INFO  replication.SimpleContainerDownloader (SimpleContainerDownloader.java:<init>(72)) - Starting container downloader service to copy containers to replicate.
2019-09-12 11:40:23,218 [main] INFO  hdfs.DFSUtil (DFSUtil.java:httpServerTemplateForNNAndJN(1641)) - Starting Web-server for hddsDatanode at: http://0.0.0.0:0
2019-09-12 11:40:23,220 [main] INFO  server.AuthenticationFilter (AuthenticationFilter.java:constructSecretProvider(240)) - Unable to initialize FileSignerSecretProvider, falling back to use random secrets.
2019-09-12 11:40:23,221 [main] WARN  http.HttpRequestLog (HttpRequestLog.java:getRequestLog(97)) - Jetty request log can only be enabled using Log4j
2019-09-12 11:40:23,223 [main] INFO  http.HttpServer2 (HttpServer2.java:addGlobalFilter(975)) - Added global filter 'safety' (class=org.apache.hadoop.http.HttpServer2$QuotingInputFilter)
2019-09-12 11:40:23,225 [main] INFO  http.HttpServer2 (HttpServer2.java:addFilter(948)) - Added filter static_user_filter (class=org.apache.hadoop.http.lib.StaticUserWebFilter$StaticUserFilter) to context hddsDatanode
2019-09-12 11:40:23,225 [main] INFO  http.HttpServer2 (HttpServer2.java:addFilter(958)) - Added filter static_user_filter (class=org.apache.hadoop.http.lib.StaticUserWebFilter$StaticUserFilter) to context static
2019-09-12 11:40:23,225 [main] INFO  http.HttpServer2 (HttpServer2.java:addFilter(958)) - Added filter static_user_filter (class=org.apache.hadoop.http.lib.StaticUserWebFilter$StaticUserFilter) to context logs
2019-09-12 11:40:23,226 [main] INFO  http.HttpServer2 (HttpServer2.java:bindListener(1191)) - Jetty bound to port 40056
2019-09-12 11:40:23,226 [main] INFO  server.Server (Server.java:doStart(351)) - jetty-9.3.24.v20180605, build timestamp: 2018-06-05T17:11:56Z, git hash: 84205aa28f11a4f31f2a3b86d1bba2cc8ab69827
2019-09-12 11:40:23,229 [main] INFO  handler.ContextHandler (ContextHandler.java:doStart(781)) - Started o.e.j.s.ServletContextHandler@5c5d6175{/logs,file:///workdir/hadoop-ozone/ozonefs/target/log,AVAILABLE}
2019-09-12 11:40:23,230 [main] INFO  handler.ContextHandler (ContextHandler.java:doStart(781)) - Started o.e.j.s.ServletContextHandler@3b27b497{/static,jar:file:/home/user/.m2/repository/org/apache/hadoop/hadoop-hdds-container-service/0.5.0-SNAPSHOT/hadoop-hdds-container-service-0.5.0-SNAPSHOT.jar!/webapps/static,AVAILABLE}
2019-09-12 11:40:23,264 [main] INFO  handler.ContextHandler (ContextHandler.java:doStart(781)) - Started o.e.j.w.WebAppContext@19a64eae{/,file:///tmp/jetty-0.0.0.0-40056-hddsDatanode-_-any-3335265738388749905.dir/webapp/,AVAILABLE}{/hddsDatanode}
2019-09-12 11:40:23,265 [main] INFO  server.AbstractConnector (AbstractConnector.java:doStart(278)) - Started ServerConnector@29a98d9f{HTTP/1.1,[http/1.1]}{0.0.0.0:40056}
2019-09-12 11:40:23,265 [main] INFO  server.Server (Server.java:doStart(419)) - Started @6179ms
2019-09-12 11:40:23,267 [main] INFO  server.BaseHttpServer (BaseHttpServer.java:updateConnectorAddress(213)) - HTTP server of HDDSDATANODE is listening at http://0.0.0.0:40056
2019-09-12 11:40:24,296 | INFO  | ObjectStoreRestHttpServer | Listening HDDS REST traffic on /0.0.0.0:43740 |  
2019-09-12 11:40:24,298 [main] INFO  ozone.HddsDatanodeService (HddsDatanodeService.java:startPlugins(395)) - Started plug-in org.apache.hadoop.ozone.web.OzoneHddsDatanodeService@b14b60a
2019-09-12 11:40:24,299 [main] INFO  impl.MetricsSystemImpl (MetricsSystemImpl.java:init(158)) - HddsDatanode metrics system started (again)
2019-09-12 11:40:24,301 [main] INFO  ozone.HddsDatanodeService (HddsDatanodeService.java:start(184)) - HddsDatanodeService host:pr-hdds-1569-xtfnx-3545843844 ip:192.168.157.195
2019-09-12 11:40:24,303 [org.apache.hadoop.util.JvmPauseMonitor$Monitor@5139ab83] INFO  util.JvmPauseMonitor (JvmPauseMonitor.java:run(188)) - Starting JVM pause monitor
2019-09-12 11:40:24,310 [main] INFO  volume.HddsVolume (HddsVolume.java:<init>(176)) - Creating Volume: /workdir/hadoop-ozone/ozonefs/target/test-dir/MiniOzoneClusterImpl-3f0ffa95-bfc9-4a1c-9a47-ff24715a0622/datanode-1/data/containers/hdds of  storage type : DISK and capacity : 1482555576320
2019-09-12 11:40:24,312 [main] INFO  volume.VolumeSet (VolumeSet.java:initializeVolumeSet(170)) - Added Volume : /workdir/hadoop-ozone/ozonefs/target/test-dir/MiniOzoneClusterImpl-3f0ffa95-bfc9-4a1c-9a47-ff24715a0622/datanode-1/data/containers/hdds to VolumeSet
2019-09-12 11:40:24,312 [main] INFO  volume.ThrottledAsyncChecker (ThrottledAsyncChecker.java:schedule(140)) - Scheduling a check for org.apache.hadoop.ozone.container.common.volume.HddsVolume@3b78c683
2019-09-12 11:40:24,313 [main] INFO  volume.HddsVolumeChecker (HddsVolumeChecker.java:checkAllVolumes(203)) - Scheduled health check for volume org.apache.hadoop.ozone.container.common.volume.HddsVolume@3b78c683
2019-09-12 11:40:24,336 [main] INFO  impl.RaftServerProxy (ConfUtils.java:logGet(43)) - raft.rpc.type = GRPC (default)
2019-09-12 11:40:24,336 [main] INFO  grpc.GrpcFactory (GrpcFactory.java:checkPooledByteBufAllocatorUseCacheForAllThreads(45)) - PERFORMANCE WARNING: useCacheForAllThreads is true that may cause Netty to create a lot garbage objects and, as a result, trigger GC.
	It is recommended to disable useCacheForAllThreads by setting -Dorg.apache.ratis.thirdparty.io.netty.allocator.useCacheForAllThreads=false in command line.
2019-09-12 11:40:24,337 [main] INFO  grpc.GrpcConfigKeys$Server (ConfUtils.java:logGet(43)) - raft.grpc.server.port = 0 (default)
2019-09-12 11:40:24,337 [main] INFO  server.GrpcService (ConfUtils.java:logGet(43)) - raft.grpc.message.size.max = 33570816 (custom)
2019-09-12 11:40:24,337 [main] INFO  server.RaftServerConfigKeys (ConfUtils.java:logGet(43)) - raft.server.log.appender.buffer.byte-limit = 33554432 (custom)
2019-09-12 11:40:24,337 [main] INFO  server.GrpcService (ConfUtils.java:logGet(43)) - raft.grpc.flow.control.window = 1MB (=1048576) (default)
2019-09-12 11:40:24,338 [main] INFO  server.RaftServerConfigKeys (ConfUtils.java:logGet(43)) - raft.server.rpc.request.timeout = 3000ms (default)
2019-09-12 11:40:24,338 [main] INFO  server.RaftServerConfigKeys (ConfUtils.java:logGet(43)) - raft.server.storage.dir = [/workdir/hadoop-ozone/ozonefs/target/test-dir/MiniOzoneClusterImpl-3f0ffa95-bfc9-4a1c-9a47-ff24715a0622/datanode-1/data/ratis] (custom)
2019-09-12 11:40:24,339 [main] INFO  replication.SimpleContainerDownloader (SimpleContainerDownloader.java:<init>(72)) - Starting container downloader service to copy containers to replicate.
2019-09-12 11:40:24,340 [main] INFO  hdfs.DFSUtil (DFSUtil.java:httpServerTemplateForNNAndJN(1641)) - Starting Web-server for hddsDatanode at: http://0.0.0.0:0
2019-09-12 11:40:24,343 [main] INFO  server.AuthenticationFilter (AuthenticationFilter.java:constructSecretProvider(240)) - Unable to initialize FileSignerSecretProvider, falling back to use random secrets.
2019-09-12 11:40:24,344 [main] WARN  http.HttpRequestLog (HttpRequestLog.java:getRequestLog(97)) - Jetty request log can only be enabled using Log4j
2019-09-12 11:40:24,346 [main] INFO  http.HttpServer2 (HttpServer2.java:addGlobalFilter(975)) - Added global filter 'safety' (class=org.apache.hadoop.http.HttpServer2$QuotingInputFilter)
2019-09-12 11:40:24,347 [main] INFO  http.HttpServer2 (HttpServer2.java:addFilter(948)) - Added filter static_user_filter (class=org.apache.hadoop.http.lib.StaticUserWebFilter$StaticUserFilter) to context hddsDatanode
2019-09-12 11:40:24,348 [main] INFO  http.HttpServer2 (HttpServer2.java:addFilter(958)) - Added filter static_user_filter (class=org.apache.hadoop.http.lib.StaticUserWebFilter$StaticUserFilter) to context logs
2019-09-12 11:40:24,348 [main] INFO  http.HttpServer2 (HttpServer2.java:addFilter(958)) - Added filter static_user_filter (class=org.apache.hadoop.http.lib.StaticUserWebFilter$StaticUserFilter) to context static
2019-09-12 11:40:24,349 [main] INFO  http.HttpServer2 (HttpServer2.java:bindListener(1191)) - Jetty bound to port 41183
2019-09-12 11:40:24,349 [main] INFO  server.Server (Server.java:doStart(351)) - jetty-9.3.24.v20180605, build timestamp: 2018-06-05T17:11:56Z, git hash: 84205aa28f11a4f31f2a3b86d1bba2cc8ab69827
2019-09-12 11:40:24,353 [main] INFO  handler.ContextHandler (ContextHandler.java:doStart(781)) - Started o.e.j.s.ServletContextHandler@62d40e31{/logs,file:///workdir/hadoop-ozone/ozonefs/target/log,AVAILABLE}
2019-09-12 11:40:24,353 [main] INFO  handler.ContextHandler (ContextHandler.java:doStart(781)) - Started o.e.j.s.ServletContextHandler@7ce29a2d{/static,jar:file:/home/user/.m2/repository/org/apache/hadoop/hadoop-hdds-container-service/0.5.0-SNAPSHOT/hadoop-hdds-container-service-0.5.0-SNAPSHOT.jar!/webapps/static,AVAILABLE}
2019-09-12 11:40:24,391 [main] INFO  handler.ContextHandler (ContextHandler.java:doStart(781)) - Started o.e.j.w.WebAppContext@475f5672{/,file:///tmp/jetty-0.0.0.0-41183-hddsDatanode-_-any-5744405255570542419.dir/webapp/,AVAILABLE}{/hddsDatanode}
2019-09-12 11:40:24,392 [main] INFO  server.AbstractConnector (AbstractConnector.java:doStart(278)) - Started ServerConnector@616a06e3{HTTP/1.1,[http/1.1]}{0.0.0.0:41183}
2019-09-12 11:40:24,392 [main] INFO  server.Server (Server.java:doStart(419)) - Started @7306ms
2019-09-12 11:40:24,394 [main] INFO  server.BaseHttpServer (BaseHttpServer.java:updateConnectorAddress(213)) - HTTP server of HDDSDATANODE is listening at http://0.0.0.0:41183
2019-09-12 11:40:24,412 [Datanode State Machine Thread - 0] INFO  datanode.InitDatanodeState (InitDatanodeState.java:persistContainerDatanodeDetails(140)) - DatanodeDetails is persisted to /workdir/hadoop-ozone/ozonefs/target/test-dir/MiniOzoneClusterImpl-3f0ffa95-bfc9-4a1c-9a47-ff24715a0622/datanode-0/meta/datanode.id
2019-09-12 11:40:24,591 | INFO  | ObjectStoreRestHttpServer | Listening HDDS REST traffic on /0.0.0.0:33656 |  
2019-09-12 11:40:24,592 [main] INFO  ozone.HddsDatanodeService (HddsDatanodeService.java:startPlugins(395)) - Started plug-in org.apache.hadoop.ozone.web.OzoneHddsDatanodeService@7971c2a9
2019-09-12 11:40:24,592 [main] INFO  impl.MetricsSystemImpl (MetricsSystemImpl.java:init(158)) - HddsDatanode metrics system started (again)
2019-09-12 11:40:24,595 [org.apache.hadoop.util.JvmPauseMonitor$Monitor@13dd5060] INFO  util.JvmPauseMonitor (JvmPauseMonitor.java:run(188)) - Starting JVM pause monitor
2019-09-12 11:40:24,596 [main] INFO  ozone.HddsDatanodeService (HddsDatanodeService.java:start(184)) - HddsDatanodeService host:pr-hdds-1569-xtfnx-3545843844 ip:192.168.157.195
2019-09-12 11:40:24,603 [Datanode State Machine Thread - 0] INFO  datanode.InitDatanodeState (InitDatanodeState.java:persistContainerDatanodeDetails(140)) - DatanodeDetails is persisted to /workdir/hadoop-ozone/ozonefs/target/test-dir/MiniOzoneClusterImpl-3f0ffa95-bfc9-4a1c-9a47-ff24715a0622/datanode-1/meta/datanode.id
2019-09-12 11:40:24,610 [main] INFO  volume.HddsVolume (HddsVolume.java:<init>(176)) - Creating Volume: /workdir/hadoop-ozone/ozonefs/target/test-dir/MiniOzoneClusterImpl-3f0ffa95-bfc9-4a1c-9a47-ff24715a0622/datanode-2/data/containers/hdds of  storage type : DISK and capacity : 1482555576320
2019-09-12 11:40:24,610 [main] INFO  volume.VolumeSet (VolumeSet.java:initializeVolumeSet(170)) - Added Volume : /workdir/hadoop-ozone/ozonefs/target/test-dir/MiniOzoneClusterImpl-3f0ffa95-bfc9-4a1c-9a47-ff24715a0622/datanode-2/data/containers/hdds to VolumeSet
2019-09-12 11:40:24,610 [main] INFO  volume.ThrottledAsyncChecker (ThrottledAsyncChecker.java:schedule(140)) - Scheduling a check for org.apache.hadoop.ozone.container.common.volume.HddsVolume@76cdafa3
2019-09-12 11:40:24,611 [main] INFO  volume.HddsVolumeChecker (HddsVolumeChecker.java:checkAllVolumes(203)) - Scheduled health check for volume org.apache.hadoop.ozone.container.common.volume.HddsVolume@76cdafa3
2019-09-12 11:40:24,638 [main] INFO  impl.RaftServerProxy (ConfUtils.java:logGet(43)) - raft.rpc.type = GRPC (default)
2019-09-12 11:40:24,638 [main] INFO  grpc.GrpcFactory (GrpcFactory.java:checkPooledByteBufAllocatorUseCacheForAllThreads(45)) - PERFORMANCE WARNING: useCacheForAllThreads is true that may cause Netty to create a lot garbage objects and, as a result, trigger GC.
	It is recommended to disable useCacheForAllThreads by setting -Dorg.apache.ratis.thirdparty.io.netty.allocator.useCacheForAllThreads=false in command line.
2019-09-12 11:40:24,638 [main] INFO  grpc.GrpcConfigKeys$Server (ConfUtils.java:logGet(43)) - raft.grpc.server.port = 0 (default)
2019-09-12 11:40:24,639 [main] INFO  server.GrpcService (ConfUtils.java:logGet(43)) - raft.grpc.message.size.max = 33570816 (custom)
2019-09-12 11:40:24,639 [main] INFO  server.RaftServerConfigKeys (ConfUtils.java:logGet(43)) - raft.server.log.appender.buffer.byte-limit = 33554432 (custom)
2019-09-12 11:40:24,639 [main] INFO  server.GrpcService (ConfUtils.java:logGet(43)) - raft.grpc.flow.control.window = 1MB (=1048576) (default)
2019-09-12 11:40:24,639 [main] INFO  server.RaftServerConfigKeys (ConfUtils.java:logGet(43)) - raft.server.rpc.request.timeout = 3000ms (default)
2019-09-12 11:40:24,640 [main] INFO  server.RaftServerConfigKeys (ConfUtils.java:logGet(43)) - raft.server.storage.dir = [/workdir/hadoop-ozone/ozonefs/target/test-dir/MiniOzoneClusterImpl-3f0ffa95-bfc9-4a1c-9a47-ff24715a0622/datanode-2/data/ratis] (custom)
2019-09-12 11:40:24,641 [main] INFO  replication.SimpleContainerDownloader (SimpleContainerDownloader.java:<init>(72)) - Starting container downloader service to copy containers to replicate.
2019-09-12 11:40:24,643 [main] INFO  hdfs.DFSUtil (DFSUtil.java:httpServerTemplateForNNAndJN(1641)) - Starting Web-server for hddsDatanode at: http://0.0.0.0:0
2019-09-12 11:40:24,645 [main] INFO  server.AuthenticationFilter (AuthenticationFilter.java:constructSecretProvider(240)) - Unable to initialize FileSignerSecretProvider, falling back to use random secrets.
2019-09-12 11:40:24,645 [main] WARN  http.HttpRequestLog (HttpRequestLog.java:getRequestLog(97)) - Jetty request log can only be enabled using Log4j
2019-09-12 11:40:24,647 [main] INFO  http.HttpServer2 (HttpServer2.java:addGlobalFilter(975)) - Added global filter 'safety' (class=org.apache.hadoop.http.HttpServer2$QuotingInputFilter)
2019-09-12 11:40:24,648 [main] INFO  http.HttpServer2 (HttpServer2.java:addFilter(948)) - Added filter static_user_filter (class=org.apache.hadoop.http.lib.StaticUserWebFilter$StaticUserFilter) to context hddsDatanode
2019-09-12 11:40:24,648 [main] INFO  http.HttpServer2 (HttpServer2.java:addFilter(958)) - Added filter static_user_filter (class=org.apache.hadoop.http.lib.StaticUserWebFilter$StaticUserFilter) to context static
2019-09-12 11:40:24,648 [main] INFO  http.HttpServer2 (HttpServer2.java:addFilter(958)) - Added filter static_user_filter (class=org.apache.hadoop.http.lib.StaticUserWebFilter$StaticUserFilter) to context logs
2019-09-12 11:40:24,649 [main] INFO  http.HttpServer2 (HttpServer2.java:bindListener(1191)) - Jetty bound to port 38960
2019-09-12 11:40:24,649 [main] INFO  server.Server (Server.java:doStart(351)) - jetty-9.3.24.v20180605, build timestamp: 2018-06-05T17:11:56Z, git hash: 84205aa28f11a4f31f2a3b86d1bba2cc8ab69827
2019-09-12 11:40:24,651 [main] INFO  handler.ContextHandler (ContextHandler.java:doStart(781)) - Started o.e.j.s.ServletContextHandler@4c38cd16{/logs,file:///workdir/hadoop-ozone/ozonefs/target/log,AVAILABLE}
2019-09-12 11:40:24,651 [main] INFO  handler.ContextHandler (ContextHandler.java:doStart(781)) - Started o.e.j.s.ServletContextHandler@f5bf288{/static,jar:file:/home/user/.m2/repository/org/apache/hadoop/hadoop-hdds-container-service/0.5.0-SNAPSHOT/hadoop-hdds-container-service-0.5.0-SNAPSHOT.jar!/webapps/static,AVAILABLE}
2019-09-12 11:40:24,689 [main] INFO  handler.ContextHandler (ContextHandler.java:doStart(781)) - Started o.e.j.w.WebAppContext@7a65c995{/,file:///tmp/jetty-0.0.0.0-38960-hddsDatanode-_-any-6639157828151698115.dir/webapp/,AVAILABLE}{/hddsDatanode}
2019-09-12 11:40:24,691 [main] INFO  server.AbstractConnector (AbstractConnector.java:doStart(278)) - Started ServerConnector@7c950b3b{HTTP/1.1,[http/1.1]}{0.0.0.0:38960}
2019-09-12 11:40:24,693 [main] INFO  server.Server (Server.java:doStart(419)) - Started @7607ms
2019-09-12 11:40:24,694 [main] INFO  server.BaseHttpServer (BaseHttpServer.java:updateConnectorAddress(213)) - HTTP server of HDDSDATANODE is listening at http://0.0.0.0:38960
2019-09-12 11:40:24,869 | INFO  | ObjectStoreRestHttpServer | Listening HDDS REST traffic on /0.0.0.0:45415 |  
2019-09-12 11:40:24,869 [main] INFO  ozone.HddsDatanodeService (HddsDatanodeService.java:startPlugins(395)) - Started plug-in org.apache.hadoop.ozone.web.OzoneHddsDatanodeService@530ee28b
2019-09-12 11:40:24,869 [main] INFO  impl.MetricsSystemImpl (MetricsSystemImpl.java:init(158)) - HddsDatanode metrics system started (again)
2019-09-12 11:40:24,872 [org.apache.hadoop.util.JvmPauseMonitor$Monitor@4dd9a11a] INFO  util.JvmPauseMonitor (JvmPauseMonitor.java:run(188)) - Starting JVM pause monitor
2019-09-12 11:40:24,872 [main] INFO  ozone.HddsDatanodeService (HddsDatanodeService.java:start(184)) - HddsDatanodeService host:pr-hdds-1569-xtfnx-3545843844 ip:192.168.157.195
2019-09-12 11:40:24,875 [Datanode State Machine Thread - 0] INFO  datanode.InitDatanodeState (InitDatanodeState.java:persistContainerDatanodeDetails(140)) - DatanodeDetails is persisted to /workdir/hadoop-ozone/ozonefs/target/test-dir/MiniOzoneClusterImpl-3f0ffa95-bfc9-4a1c-9a47-ff24715a0622/datanode-2/meta/datanode.id
2019-09-12 11:40:24,879 [main] INFO  volume.HddsVolume (HddsVolume.java:<init>(176)) - Creating Volume: /workdir/hadoop-ozone/ozonefs/target/test-dir/MiniOzoneClusterImpl-3f0ffa95-bfc9-4a1c-9a47-ff24715a0622/datanode-3/data/containers/hdds of  storage type : DISK and capacity : 1482555576320
2019-09-12 11:40:24,879 [main] INFO  volume.VolumeSet (VolumeSet.java:initializeVolumeSet(170)) - Added Volume : /workdir/hadoop-ozone/ozonefs/target/test-dir/MiniOzoneClusterImpl-3f0ffa95-bfc9-4a1c-9a47-ff24715a0622/datanode-3/data/containers/hdds to VolumeSet
2019-09-12 11:40:24,880 [main] INFO  volume.ThrottledAsyncChecker (ThrottledAsyncChecker.java:schedule(140)) - Scheduling a check for org.apache.hadoop.ozone.container.common.volume.HddsVolume@5d1bdd4a
2019-09-12 11:40:24,880 [main] INFO  volume.HddsVolumeChecker (HddsVolumeChecker.java:checkAllVolumes(203)) - Scheduled health check for volume org.apache.hadoop.ozone.container.common.volume.HddsVolume@5d1bdd4a
2019-09-12 11:40:24,902 [main] INFO  impl.RaftServerProxy (ConfUtils.java:logGet(43)) - raft.rpc.type = GRPC (default)
2019-09-12 11:40:24,902 [main] INFO  grpc.GrpcFactory (GrpcFactory.java:checkPooledByteBufAllocatorUseCacheForAllThreads(45)) - PERFORMANCE WARNING: useCacheForAllThreads is true that may cause Netty to create a lot garbage objects and, as a result, trigger GC.
	It is recommended to disable useCacheForAllThreads by setting -Dorg.apache.ratis.thirdparty.io.netty.allocator.useCacheForAllThreads=false in command line.
2019-09-12 11:40:24,902 [main] INFO  grpc.GrpcConfigKeys$Server (ConfUtils.java:logGet(43)) - raft.grpc.server.port = 0 (default)
2019-09-12 11:40:24,903 [main] INFO  server.GrpcService (ConfUtils.java:logGet(43)) - raft.grpc.message.size.max = 33570816 (custom)
2019-09-12 11:40:24,903 [main] INFO  server.RaftServerConfigKeys (ConfUtils.java:logGet(43)) - raft.server.log.appender.buffer.byte-limit = 33554432 (custom)
2019-09-12 11:40:24,903 [main] INFO  server.GrpcService (ConfUtils.java:logGet(43)) - raft.grpc.flow.control.window = 1MB (=1048576) (default)
2019-09-12 11:40:24,903 [main] INFO  server.RaftServerConfigKeys (ConfUtils.java:logGet(43)) - raft.server.rpc.request.timeout = 3000ms (default)
2019-09-12 11:40:24,904 [main] INFO  server.RaftServerConfigKeys (ConfUtils.java:logGet(43)) - raft.server.storage.dir = [/workdir/hadoop-ozone/ozonefs/target/test-dir/MiniOzoneClusterImpl-3f0ffa95-bfc9-4a1c-9a47-ff24715a0622/datanode-3/data/ratis] (custom)
2019-09-12 11:40:24,904 [main] INFO  replication.SimpleContainerDownloader (SimpleContainerDownloader.java:<init>(72)) - Starting container downloader service to copy containers to replicate.
2019-09-12 11:40:24,906 [main] INFO  hdfs.DFSUtil (DFSUtil.java:httpServerTemplateForNNAndJN(1641)) - Starting Web-server for hddsDatanode at: http://0.0.0.0:0
2019-09-12 11:40:24,907 [main] INFO  server.AuthenticationFilter (AuthenticationFilter.java:constructSecretProvider(240)) - Unable to initialize FileSignerSecretProvider, falling back to use random secrets.
2019-09-12 11:40:24,908 [main] WARN  http.HttpRequestLog (HttpRequestLog.java:getRequestLog(97)) - Jetty request log can only be enabled using Log4j
2019-09-12 11:40:24,910 [main] INFO  http.HttpServer2 (HttpServer2.java:addGlobalFilter(975)) - Added global filter 'safety' (class=org.apache.hadoop.http.HttpServer2$QuotingInputFilter)
2019-09-12 11:40:24,911 [main] INFO  http.HttpServer2 (HttpServer2.java:addFilter(948)) - Added filter static_user_filter (class=org.apache.hadoop.http.lib.StaticUserWebFilter$StaticUserFilter) to context hddsDatanode
2019-09-12 11:40:24,911 [main] INFO  http.HttpServer2 (HttpServer2.java:addFilter(958)) - Added filter static_user_filter (class=org.apache.hadoop.http.lib.StaticUserWebFilter$StaticUserFilter) to context static
2019-09-12 11:40:24,911 [main] INFO  http.HttpServer2 (HttpServer2.java:addFilter(958)) - Added filter static_user_filter (class=org.apache.hadoop.http.lib.StaticUserWebFilter$StaticUserFilter) to context logs
2019-09-12 11:40:24,912 [main] INFO  http.HttpServer2 (HttpServer2.java:bindListener(1191)) - Jetty bound to port 35033
2019-09-12 11:40:24,912 [main] INFO  server.Server (Server.java:doStart(351)) - jetty-9.3.24.v20180605, build timestamp: 2018-06-05T17:11:56Z, git hash: 84205aa28f11a4f31f2a3b86d1bba2cc8ab69827
2019-09-12 11:40:24,916 [main] INFO  handler.ContextHandler (ContextHandler.java:doStart(781)) - Started o.e.j.s.ServletContextHandler@6b867ee7{/logs,file:///workdir/hadoop-ozone/ozonefs/target/log,AVAILABLE}
2019-09-12 11:40:24,916 [main] INFO  handler.ContextHandler (ContextHandler.java:doStart(781)) - Started o.e.j.s.ServletContextHandler@7a606260{/static,jar:file:/home/user/.m2/repository/org/apache/hadoop/hadoop-hdds-container-service/0.5.0-SNAPSHOT/hadoop-hdds-container-service-0.5.0-SNAPSHOT.jar!/webapps/static,AVAILABLE}
2019-09-12 11:40:24,944 [main] INFO  handler.ContextHandler (ContextHandler.java:doStart(781)) - Started o.e.j.w.WebAppContext@78d73b1b{/,file:///tmp/jetty-0.0.0.0-35033-hddsDatanode-_-any-4702442998239530104.dir/webapp/,AVAILABLE}{/hddsDatanode}
2019-09-12 11:40:24,945 [main] INFO  server.AbstractConnector (AbstractConnector.java:doStart(278)) - Started ServerConnector@238291d4{HTTP/1.1,[http/1.1]}{0.0.0.0:35033}
2019-09-12 11:40:24,946 [main] INFO  server.Server (Server.java:doStart(419)) - Started @7859ms
2019-09-12 11:40:24,948 [main] INFO  server.BaseHttpServer (BaseHttpServer.java:updateConnectorAddress(213)) - HTTP server of HDDSDATANODE is listening at http://0.0.0.0:35033
2019-09-12 11:40:25,146 | INFO  | ObjectStoreRestHttpServer | Listening HDDS REST traffic on /0.0.0.0:36313 |  
2019-09-12 11:40:25,146 [main] INFO  ozone.HddsDatanodeService (HddsDatanodeService.java:startPlugins(395)) - Started plug-in org.apache.hadoop.ozone.web.OzoneHddsDatanodeService@65600fb3
2019-09-12 11:40:25,146 [main] INFO  impl.MetricsSystemImpl (MetricsSystemImpl.java:init(158)) - HddsDatanode metrics system started (again)
2019-09-12 11:40:25,150 [main] INFO  ozone.HddsDatanodeService (HddsDatanodeService.java:start(184)) - HddsDatanodeService host:pr-hdds-1569-xtfnx-3545843844 ip:192.168.157.195
2019-09-12 11:40:25,150 [org.apache.hadoop.util.JvmPauseMonitor$Monitor@61edc32a] INFO  util.JvmPauseMonitor (JvmPauseMonitor.java:run(188)) - Starting JVM pause monitor
2019-09-12 11:40:25,153 [Datanode State Machine Thread - 0] INFO  datanode.InitDatanodeState (InitDatanodeState.java:persistContainerDatanodeDetails(140)) - DatanodeDetails is persisted to /workdir/hadoop-ozone/ozonefs/target/test-dir/MiniOzoneClusterImpl-3f0ffa95-bfc9-4a1c-9a47-ff24715a0622/datanode-3/meta/datanode.id
2019-09-12 11:40:25,158 [main] INFO  volume.HddsVolume (HddsVolume.java:<init>(176)) - Creating Volume: /workdir/hadoop-ozone/ozonefs/target/test-dir/MiniOzoneClusterImpl-3f0ffa95-bfc9-4a1c-9a47-ff24715a0622/datanode-4/data/containers/hdds of  storage type : DISK and capacity : 1482555576320
2019-09-12 11:40:25,159 [main] INFO  volume.VolumeSet (VolumeSet.java:initializeVolumeSet(170)) - Added Volume : /workdir/hadoop-ozone/ozonefs/target/test-dir/MiniOzoneClusterImpl-3f0ffa95-bfc9-4a1c-9a47-ff24715a0622/datanode-4/data/containers/hdds to VolumeSet
2019-09-12 11:40:25,159 [main] INFO  volume.ThrottledAsyncChecker (ThrottledAsyncChecker.java:schedule(140)) - Scheduling a check for org.apache.hadoop.ozone.container.common.volume.HddsVolume@4703c998
2019-09-12 11:40:25,159 [main] INFO  volume.HddsVolumeChecker (HddsVolumeChecker.java:checkAllVolumes(203)) - Scheduled health check for volume org.apache.hadoop.ozone.container.common.volume.HddsVolume@4703c998
2019-09-12 11:40:25,181 [main] INFO  impl.RaftServerProxy (ConfUtils.java:logGet(43)) - raft.rpc.type = GRPC (default)
2019-09-12 11:40:25,181 [main] INFO  grpc.GrpcFactory (GrpcFactory.java:checkPooledByteBufAllocatorUseCacheForAllThreads(45)) - PERFORMANCE WARNING: useCacheForAllThreads is true that may cause Netty to create a lot garbage objects and, as a result, trigger GC.
	It is recommended to disable useCacheForAllThreads by setting -Dorg.apache.ratis.thirdparty.io.netty.allocator.useCacheForAllThreads=false in command line.
2019-09-12 11:40:25,181 [main] INFO  grpc.GrpcConfigKeys$Server (ConfUtils.java:logGet(43)) - raft.grpc.server.port = 0 (default)
2019-09-12 11:40:25,181 [main] INFO  server.GrpcService (ConfUtils.java:logGet(43)) - raft.grpc.message.size.max = 33570816 (custom)
2019-09-12 11:40:25,182 [main] INFO  server.RaftServerConfigKeys (ConfUtils.java:logGet(43)) - raft.server.log.appender.buffer.byte-limit = 33554432 (custom)
2019-09-12 11:40:25,182 [main] INFO  server.GrpcService (ConfUtils.java:logGet(43)) - raft.grpc.flow.control.window = 1MB (=1048576) (default)
2019-09-12 11:40:25,182 [main] INFO  server.RaftServerConfigKeys (ConfUtils.java:logGet(43)) - raft.server.rpc.request.timeout = 3000ms (default)
2019-09-12 11:40:25,183 [main] INFO  server.RaftServerConfigKeys (ConfUtils.java:logGet(43)) - raft.server.storage.dir = [/workdir/hadoop-ozone/ozonefs/target/test-dir/MiniOzoneClusterImpl-3f0ffa95-bfc9-4a1c-9a47-ff24715a0622/datanode-4/data/ratis] (custom)
2019-09-12 11:40:25,183 [main] INFO  replication.SimpleContainerDownloader (SimpleContainerDownloader.java:<init>(72)) - Starting container downloader service to copy containers to replicate.
2019-09-12 11:40:25,184 [main] INFO  hdfs.DFSUtil (DFSUtil.java:httpServerTemplateForNNAndJN(1641)) - Starting Web-server for hddsDatanode at: http://0.0.0.0:0
2019-09-12 11:40:25,187 [main] INFO  server.AuthenticationFilter (AuthenticationFilter.java:constructSecretProvider(240)) - Unable to initialize FileSignerSecretProvider, falling back to use random secrets.
2019-09-12 11:40:25,188 [main] WARN  http.HttpRequestLog (HttpRequestLog.java:getRequestLog(97)) - Jetty request log can only be enabled using Log4j
2019-09-12 11:40:25,190 [main] INFO  http.HttpServer2 (HttpServer2.java:addGlobalFilter(975)) - Added global filter 'safety' (class=org.apache.hadoop.http.HttpServer2$QuotingInputFilter)
2019-09-12 11:40:25,191 [main] INFO  http.HttpServer2 (HttpServer2.java:addFilter(948)) - Added filter static_user_filter (class=org.apache.hadoop.http.lib.StaticUserWebFilter$StaticUserFilter) to context hddsDatanode
2019-09-12 11:40:25,192 [main] INFO  http.HttpServer2 (HttpServer2.java:addFilter(958)) - Added filter static_user_filter (class=org.apache.hadoop.http.lib.StaticUserWebFilter$StaticUserFilter) to context static
2019-09-12 11:40:25,192 [main] INFO  http.HttpServer2 (HttpServer2.java:addFilter(958)) - Added filter static_user_filter (class=org.apache.hadoop.http.lib.StaticUserWebFilter$StaticUserFilter) to context logs
2019-09-12 11:40:25,193 [main] INFO  http.HttpServer2 (HttpServer2.java:bindListener(1191)) - Jetty bound to port 38246
2019-09-12 11:40:25,193 [main] INFO  server.Server (Server.java:doStart(351)) - jetty-9.3.24.v20180605, build timestamp: 2018-06-05T17:11:56Z, git hash: 84205aa28f11a4f31f2a3b86d1bba2cc8ab69827
2019-09-12 11:40:25,195 [main] INFO  handler.ContextHandler (ContextHandler.java:doStart(781)) - Started o.e.j.s.ServletContextHandler@649b5891{/logs,file:///workdir/hadoop-ozone/ozonefs/target/log,AVAILABLE}
2019-09-12 11:40:25,196 [main] INFO  handler.ContextHandler (ContextHandler.java:doStart(781)) - Started o.e.j.s.ServletContextHandler@1be52861{/static,jar:file:/home/user/.m2/repository/org/apache/hadoop/hadoop-hdds-container-service/0.5.0-SNAPSHOT/hadoop-hdds-container-service-0.5.0-SNAPSHOT.jar!/webapps/static,AVAILABLE}
2019-09-12 11:40:25,232 [main] INFO  handler.ContextHandler (ContextHandler.java:doStart(781)) - Started o.e.j.w.WebAppContext@73bb573d{/,file:///tmp/jetty-0.0.0.0-38246-hddsDatanode-_-any-7981727541407593242.dir/webapp/,AVAILABLE}{/hddsDatanode}
2019-09-12 11:40:25,233 [main] INFO  server.AbstractConnector (AbstractConnector.java:doStart(278)) - Started ServerConnector@7ac058a0{HTTP/1.1,[http/1.1]}{0.0.0.0:38246}
2019-09-12 11:40:25,234 [main] INFO  server.Server (Server.java:doStart(419)) - Started @8148ms
2019-09-12 11:40:25,235 [main] INFO  server.BaseHttpServer (BaseHttpServer.java:updateConnectorAddress(213)) - HTTP server of HDDSDATANODE is listening at http://0.0.0.0:38246
2019-09-12 11:40:25,500 | INFO  | ObjectStoreRestHttpServer | Listening HDDS REST traffic on /0.0.0.0:41273 |  
2019-09-12 11:40:25,501 [main] INFO  ozone.HddsDatanodeService (HddsDatanodeService.java:startPlugins(395)) - Started plug-in org.apache.hadoop.ozone.web.OzoneHddsDatanodeService@4b4a2fa8
2019-09-12 11:40:25,501 [main] INFO  impl.MetricsSystemImpl (MetricsSystemImpl.java:init(158)) - HddsDatanode metrics system started (again)
2019-09-12 11:40:25,505 [main] INFO  ozone.HddsDatanodeService (HddsDatanodeService.java:start(184)) - HddsDatanodeService host:pr-hdds-1569-xtfnx-3545843844 ip:192.168.157.195
2019-09-12 11:40:25,505 [org.apache.hadoop.util.JvmPauseMonitor$Monitor@7d46bdfe] INFO  util.JvmPauseMonitor (JvmPauseMonitor.java:run(188)) - Starting JVM pause monitor
2019-09-12 11:40:25,508 [Datanode State Machine Thread - 0] INFO  datanode.InitDatanodeState (InitDatanodeState.java:persistContainerDatanodeDetails(140)) - DatanodeDetails is persisted to /workdir/hadoop-ozone/ozonefs/target/test-dir/MiniOzoneClusterImpl-3f0ffa95-bfc9-4a1c-9a47-ff24715a0622/datanode-4/meta/datanode.id
2019-09-12 11:40:25,514 [main] INFO  volume.HddsVolume (HddsVolume.java:<init>(176)) - Creating Volume: /workdir/hadoop-ozone/ozonefs/target/test-dir/MiniOzoneClusterImpl-3f0ffa95-bfc9-4a1c-9a47-ff24715a0622/datanode-5/data/containers/hdds of  storage type : DISK and capacity : 1482555576320
2019-09-12 11:40:25,515 [main] INFO  volume.VolumeSet (VolumeSet.java:initializeVolumeSet(170)) - Added Volume : /workdir/hadoop-ozone/ozonefs/target/test-dir/MiniOzoneClusterImpl-3f0ffa95-bfc9-4a1c-9a47-ff24715a0622/datanode-5/data/containers/hdds to VolumeSet
2019-09-12 11:40:25,515 [main] INFO  volume.ThrottledAsyncChecker (ThrottledAsyncChecker.java:schedule(140)) - Scheduling a check for org.apache.hadoop.ozone.container.common.volume.HddsVolume@76d0ecd7
2019-09-12 11:40:25,515 [main] INFO  volume.HddsVolumeChecker (HddsVolumeChecker.java:checkAllVolumes(203)) - Scheduled health check for volume org.apache.hadoop.ozone.container.common.volume.HddsVolume@76d0ecd7
2019-09-12 11:40:25,536 [main] INFO  impl.RaftServerProxy (ConfUtils.java:logGet(43)) - raft.rpc.type = GRPC (default)
2019-09-12 11:40:25,536 [main] INFO  grpc.GrpcFactory (GrpcFactory.java:checkPooledByteBufAllocatorUseCacheForAllThreads(45)) - PERFORMANCE WARNING: useCacheForAllThreads is true that may cause Netty to create a lot garbage objects and, as a result, trigger GC.
	It is recommended to disable useCacheForAllThreads by setting -Dorg.apache.ratis.thirdparty.io.netty.allocator.useCacheForAllThreads=false in command line.
2019-09-12 11:40:25,536 [main] INFO  grpc.GrpcConfigKeys$Server (ConfUtils.java:logGet(43)) - raft.grpc.server.port = 0 (default)
2019-09-12 11:40:25,537 [main] INFO  server.GrpcService (ConfUtils.java:logGet(43)) - raft.grpc.message.size.max = 33570816 (custom)
2019-09-12 11:40:25,537 [main] INFO  server.RaftServerConfigKeys (ConfUtils.java:logGet(43)) - raft.server.log.appender.buffer.byte-limit = 33554432 (custom)
2019-09-12 11:40:25,537 [main] INFO  server.GrpcService (ConfUtils.java:logGet(43)) - raft.grpc.flow.control.window = 1MB (=1048576) (default)
2019-09-12 11:40:25,537 [main] INFO  server.RaftServerConfigKeys (ConfUtils.java:logGet(43)) - raft.server.rpc.request.timeout = 3000ms (default)
2019-09-12 11:40:25,538 [main] INFO  server.RaftServerConfigKeys (ConfUtils.java:logGet(43)) - raft.server.storage.dir = [/workdir/hadoop-ozone/ozonefs/target/test-dir/MiniOzoneClusterImpl-3f0ffa95-bfc9-4a1c-9a47-ff24715a0622/datanode-5/data/ratis] (custom)
2019-09-12 11:40:25,538 [main] INFO  replication.SimpleContainerDownloader (SimpleContainerDownloader.java:<init>(72)) - Starting container downloader service to copy containers to replicate.
2019-09-12 11:40:25,540 [main] INFO  hdfs.DFSUtil (DFSUtil.java:httpServerTemplateForNNAndJN(1641)) - Starting Web-server for hddsDatanode at: http://0.0.0.0:0
2019-09-12 11:40:25,542 [main] INFO  server.AuthenticationFilter (AuthenticationFilter.java:constructSecretProvider(240)) - Unable to initialize FileSignerSecretProvider, falling back to use random secrets.
2019-09-12 11:40:25,543 [main] WARN  http.HttpRequestLog (HttpRequestLog.java:getRequestLog(97)) - Jetty request log can only be enabled using Log4j
2019-09-12 11:40:25,546 [main] INFO  http.HttpServer2 (HttpServer2.java:addGlobalFilter(975)) - Added global filter 'safety' (class=org.apache.hadoop.http.HttpServer2$QuotingInputFilter)
2019-09-12 11:40:25,547 [main] INFO  http.HttpServer2 (HttpServer2.java:addFilter(948)) - Added filter static_user_filter (class=org.apache.hadoop.http.lib.StaticUserWebFilter$StaticUserFilter) to context hddsDatanode
2019-09-12 11:40:25,548 [main] INFO  http.HttpServer2 (HttpServer2.java:addFilter(958)) - Added filter static_user_filter (class=org.apache.hadoop.http.lib.StaticUserWebFilter$StaticUserFilter) to context logs
2019-09-12 11:40:25,548 [main] INFO  http.HttpServer2 (HttpServer2.java:addFilter(958)) - Added filter static_user_filter (class=org.apache.hadoop.http.lib.StaticUserWebFilter$StaticUserFilter) to context static
2019-09-12 11:40:25,549 [main] INFO  http.HttpServer2 (HttpServer2.java:bindListener(1191)) - Jetty bound to port 37268
2019-09-12 11:40:25,549 [main] INFO  server.Server (Server.java:doStart(351)) - jetty-9.3.24.v20180605, build timestamp: 2018-06-05T17:11:56Z, git hash: 84205aa28f11a4f31f2a3b86d1bba2cc8ab69827
2019-09-12 11:40:25,551 [main] INFO  handler.ContextHandler (ContextHandler.java:doStart(781)) - Started o.e.j.s.ServletContextHandler@19eea77c{/logs,file:///workdir/hadoop-ozone/ozonefs/target/log,AVAILABLE}
2019-09-12 11:40:25,552 [main] INFO  handler.ContextHandler (ContextHandler.java:doStart(781)) - Started o.e.j.s.ServletContextHandler@ac4915e{/static,jar:file:/home/user/.m2/repository/org/apache/hadoop/hadoop-hdds-container-service/0.5.0-SNAPSHOT/hadoop-hdds-container-service-0.5.0-SNAPSHOT.jar!/webapps/static,AVAILABLE}
2019-09-12 11:40:25,594 [main] INFO  handler.ContextHandler (ContextHandler.java:doStart(781)) - Started o.e.j.w.WebAppContext@7336fd8f{/,file:///tmp/jetty-0.0.0.0-37268-hddsDatanode-_-any-1270247075163072785.dir/webapp/,AVAILABLE}{/hddsDatanode}
2019-09-12 11:40:25,595 [main] INFO  server.AbstractConnector (AbstractConnector.java:doStart(278)) - Started ServerConnector@701c223a{HTTP/1.1,[http/1.1]}{0.0.0.0:37268}
2019-09-12 11:40:25,595 [main] INFO  server.Server (Server.java:doStart(419)) - Started @8509ms
2019-09-12 11:40:25,596 [main] INFO  server.BaseHttpServer (BaseHttpServer.java:updateConnectorAddress(213)) - HTTP server of HDDSDATANODE is listening at http://0.0.0.0:37268
2019-09-12 11:40:25,740 | INFO  | ObjectStoreRestHttpServer | Listening HDDS REST traffic on /0.0.0.0:45701 |  
2019-09-12 11:40:25,740 [main] INFO  ozone.HddsDatanodeService (HddsDatanodeService.java:startPlugins(395)) - Started plug-in org.apache.hadoop.ozone.web.OzoneHddsDatanodeService@2296127
2019-09-12 11:40:25,741 [main] INFO  impl.MetricsSystemImpl (MetricsSystemImpl.java:init(158)) - HddsDatanode metrics system started (again)
2019-09-12 11:40:25,745 [main] INFO  ozone.HddsDatanodeService (HddsDatanodeService.java:start(184)) - HddsDatanodeService host:pr-hdds-1569-xtfnx-3545843844 ip:192.168.157.195
2019-09-12 11:40:25,745 [org.apache.hadoop.util.JvmPauseMonitor$Monitor@60fd655e] INFO  util.JvmPauseMonitor (JvmPauseMonitor.java:run(188)) - Starting JVM pause monitor
2019-09-12 11:40:25,747 [Datanode State Machine Thread - 0] INFO  datanode.InitDatanodeState (InitDatanodeState.java:persistContainerDatanodeDetails(140)) - DatanodeDetails is persisted to /workdir/hadoop-ozone/ozonefs/target/test-dir/MiniOzoneClusterImpl-3f0ffa95-bfc9-4a1c-9a47-ff24715a0622/datanode-5/meta/datanode.id
2019-09-12 11:40:25,756 [main] INFO  volume.HddsVolume (HddsVolume.java:<init>(176)) - Creating Volume: /workdir/hadoop-ozone/ozonefs/target/test-dir/MiniOzoneClusterImpl-3f0ffa95-bfc9-4a1c-9a47-ff24715a0622/datanode-6/data/containers/hdds of  storage type : DISK and capacity : 1482555576320
2019-09-12 11:40:25,756 [main] INFO  volume.VolumeSet (VolumeSet.java:initializeVolumeSet(170)) - Added Volume : /workdir/hadoop-ozone/ozonefs/target/test-dir/MiniOzoneClusterImpl-3f0ffa95-bfc9-4a1c-9a47-ff24715a0622/datanode-6/data/containers/hdds to VolumeSet
2019-09-12 11:40:25,756 [main] INFO  volume.ThrottledAsyncChecker (ThrottledAsyncChecker.java:schedule(140)) - Scheduling a check for org.apache.hadoop.ozone.container.common.volume.HddsVolume@5e37fb82
2019-09-12 11:40:25,757 [main] INFO  volume.HddsVolumeChecker (HddsVolumeChecker.java:checkAllVolumes(203)) - Scheduled health check for volume org.apache.hadoop.ozone.container.common.volume.HddsVolume@5e37fb82
2019-09-12 11:40:25,775 [main] INFO  impl.RaftServerProxy (ConfUtils.java:logGet(43)) - raft.rpc.type = GRPC (default)
2019-09-12 11:40:25,776 [main] INFO  grpc.GrpcFactory (GrpcFactory.java:checkPooledByteBufAllocatorUseCacheForAllThreads(45)) - PERFORMANCE WARNING: useCacheForAllThreads is true that may cause Netty to create a lot garbage objects and, as a result, trigger GC.
	It is recommended to disable useCacheForAllThreads by setting -Dorg.apache.ratis.thirdparty.io.netty.allocator.useCacheForAllThreads=false in command line.
2019-09-12 11:40:25,776 [main] INFO  grpc.GrpcConfigKeys$Server (ConfUtils.java:logGet(43)) - raft.grpc.server.port = 0 (default)
2019-09-12 11:40:25,776 [main] INFO  server.GrpcService (ConfUtils.java:logGet(43)) - raft.grpc.message.size.max = 33570816 (custom)
2019-09-12 11:40:25,776 [main] INFO  server.RaftServerConfigKeys (ConfUtils.java:logGet(43)) - raft.server.log.appender.buffer.byte-limit = 33554432 (custom)
2019-09-12 11:40:25,776 [main] INFO  server.GrpcService (ConfUtils.java:logGet(43)) - raft.grpc.flow.control.window = 1MB (=1048576) (default)
2019-09-12 11:40:25,777 [main] INFO  server.RaftServerConfigKeys (ConfUtils.java:logGet(43)) - raft.server.rpc.request.timeout = 3000ms (default)
2019-09-12 11:40:25,777 [main] INFO  server.RaftServerConfigKeys (ConfUtils.java:logGet(43)) - raft.server.storage.dir = [/workdir/hadoop-ozone/ozonefs/target/test-dir/MiniOzoneClusterImpl-3f0ffa95-bfc9-4a1c-9a47-ff24715a0622/datanode-6/data/ratis] (custom)
2019-09-12 11:40:25,778 [main] INFO  replication.SimpleContainerDownloader (SimpleContainerDownloader.java:<init>(72)) - Starting container downloader service to copy containers to replicate.
2019-09-12 11:40:25,780 [main] INFO  hdfs.DFSUtil (DFSUtil.java:httpServerTemplateForNNAndJN(1641)) - Starting Web-server for hddsDatanode at: http://0.0.0.0:0
2019-09-12 11:40:25,782 [main] INFO  server.AuthenticationFilter (AuthenticationFilter.java:constructSecretProvider(240)) - Unable to initialize FileSignerSecretProvider, falling back to use random secrets.
2019-09-12 11:40:25,783 [main] WARN  http.HttpRequestLog (HttpRequestLog.java:getRequestLog(97)) - Jetty request log can only be enabled using Log4j
2019-09-12 11:40:25,786 [main] INFO  http.HttpServer2 (HttpServer2.java:addGlobalFilter(975)) - Added global filter 'safety' (class=org.apache.hadoop.http.HttpServer2$QuotingInputFilter)
2019-09-12 11:40:25,787 [main] INFO  http.HttpServer2 (HttpServer2.java:addFilter(948)) - Added filter static_user_filter (class=org.apache.hadoop.http.lib.StaticUserWebFilter$StaticUserFilter) to context hddsDatanode
2019-09-12 11:40:25,787 [main] INFO  http.HttpServer2 (HttpServer2.java:addFilter(958)) - Added filter static_user_filter (class=org.apache.hadoop.http.lib.StaticUserWebFilter$StaticUserFilter) to context static
2019-09-12 11:40:25,787 [main] INFO  http.HttpServer2 (HttpServer2.java:addFilter(958)) - Added filter static_user_filter (class=org.apache.hadoop.http.lib.StaticUserWebFilter$StaticUserFilter) to context logs
2019-09-12 11:40:25,788 [main] INFO  http.HttpServer2 (HttpServer2.java:bindListener(1191)) - Jetty bound to port 43983
2019-09-12 11:40:25,789 [main] INFO  server.Server (Server.java:doStart(351)) - jetty-9.3.24.v20180605, build timestamp: 2018-06-05T17:11:56Z, git hash: 84205aa28f11a4f31f2a3b86d1bba2cc8ab69827
2019-09-12 11:40:25,791 [main] INFO  handler.ContextHandler (ContextHandler.java:doStart(781)) - Started o.e.j.s.ServletContextHandler@61a704d3{/logs,file:///workdir/hadoop-ozone/ozonefs/target/log,AVAILABLE}
2019-09-12 11:40:25,792 [main] INFO  handler.ContextHandler (ContextHandler.java:doStart(781)) - Started o.e.j.s.ServletContextHandler@566fe83c{/static,jar:file:/home/user/.m2/repository/org/apache/hadoop/hadoop-hdds-container-service/0.5.0-SNAPSHOT/hadoop-hdds-container-service-0.5.0-SNAPSHOT.jar!/webapps/static,AVAILABLE}
2019-09-12 11:40:25,840 [main] INFO  handler.ContextHandler (ContextHandler.java:doStart(781)) - Started o.e.j.w.WebAppContext@729cd862{/,file:///tmp/jetty-0.0.0.0-43983-hddsDatanode-_-any-4537305408938107397.dir/webapp/,AVAILABLE}{/hddsDatanode}
2019-09-12 11:40:25,841 [main] INFO  server.AbstractConnector (AbstractConnector.java:doStart(278)) - Started ServerConnector@23b71d24{HTTP/1.1,[http/1.1]}{0.0.0.0:43983}
2019-09-12 11:40:25,842 [main] INFO  server.Server (Server.java:doStart(419)) - Started @8756ms
2019-09-12 11:40:25,843 [main] INFO  server.BaseHttpServer (BaseHttpServer.java:updateConnectorAddress(213)) - HTTP server of HDDSDATANODE is listening at http://0.0.0.0:43983
2019-09-12 11:40:25,988 | INFO  | ObjectStoreRestHttpServer | Listening HDDS REST traffic on /0.0.0.0:44967 |  
2019-09-12 11:40:25,988 [main] INFO  ozone.HddsDatanodeService (HddsDatanodeService.java:startPlugins(395)) - Started plug-in org.apache.hadoop.ozone.web.OzoneHddsDatanodeService@67afe909
2019-09-12 11:40:25,989 [main] INFO  impl.MetricsSystemImpl (MetricsSystemImpl.java:init(158)) - HddsDatanode metrics system started (again)
2019-09-12 11:40:25,992 [main] INFO  ozone.HddsDatanodeService (HddsDatanodeService.java:start(184)) - HddsDatanodeService host:pr-hdds-1569-xtfnx-3545843844 ip:192.168.157.195
2019-09-12 11:40:25,992 [org.apache.hadoop.util.JvmPauseMonitor$Monitor@75b66dad] INFO  util.JvmPauseMonitor (JvmPauseMonitor.java:run(188)) - Starting JVM pause monitor
2019-09-12 11:40:25,995 [Datanode State Machine Thread - 0] INFO  datanode.InitDatanodeState (InitDatanodeState.java:persistContainerDatanodeDetails(140)) - DatanodeDetails is persisted to /workdir/hadoop-ozone/ozonefs/target/test-dir/MiniOzoneClusterImpl-3f0ffa95-bfc9-4a1c-9a47-ff24715a0622/datanode-6/meta/datanode.id
2019-09-12 11:40:26,002 [main] INFO  volume.HddsVolume (HddsVolume.java:<init>(176)) - Creating Volume: /workdir/hadoop-ozone/ozonefs/target/test-dir/MiniOzoneClusterImpl-3f0ffa95-bfc9-4a1c-9a47-ff24715a0622/datanode-7/data/containers/hdds of  storage type : DISK and capacity : 1482555576320
2019-09-12 11:40:26,002 [main] INFO  volume.VolumeSet (VolumeSet.java:initializeVolumeSet(170)) - Added Volume : /workdir/hadoop-ozone/ozonefs/target/test-dir/MiniOzoneClusterImpl-3f0ffa95-bfc9-4a1c-9a47-ff24715a0622/datanode-7/data/containers/hdds to VolumeSet
2019-09-12 11:40:26,002 [main] INFO  volume.ThrottledAsyncChecker (ThrottledAsyncChecker.java:schedule(140)) - Scheduling a check for org.apache.hadoop.ozone.container.common.volume.HddsVolume@43deba42
2019-09-12 11:40:26,003 [main] INFO  volume.HddsVolumeChecker (HddsVolumeChecker.java:checkAllVolumes(203)) - Scheduled health check for volume org.apache.hadoop.ozone.container.common.volume.HddsVolume@43deba42
2019-09-12 11:40:26,019 [main] INFO  impl.RaftServerProxy (ConfUtils.java:logGet(43)) - raft.rpc.type = GRPC (default)
2019-09-12 11:40:26,019 [main] INFO  grpc.GrpcFactory (GrpcFactory.java:checkPooledByteBufAllocatorUseCacheForAllThreads(45)) - PERFORMANCE WARNING: useCacheForAllThreads is true that may cause Netty to create a lot garbage objects and, as a result, trigger GC.
	It is recommended to disable useCacheForAllThreads by setting -Dorg.apache.ratis.thirdparty.io.netty.allocator.useCacheForAllThreads=false in command line.
2019-09-12 11:40:26,019 [main] INFO  grpc.GrpcConfigKeys$Server (ConfUtils.java:logGet(43)) - raft.grpc.server.port = 0 (default)
2019-09-12 11:40:26,019 [main] INFO  server.GrpcService (ConfUtils.java:logGet(43)) - raft.grpc.message.size.max = 33570816 (custom)
2019-09-12 11:40:26,019 [main] INFO  server.RaftServerConfigKeys (ConfUtils.java:logGet(43)) - raft.server.log.appender.buffer.byte-limit = 33554432 (custom)
2019-09-12 11:40:26,020 [main] INFO  server.GrpcService (ConfUtils.java:logGet(43)) - raft.grpc.flow.control.window = 1MB (=1048576) (default)
2019-09-12 11:40:26,020 [main] INFO  server.RaftServerConfigKeys (ConfUtils.java:logGet(43)) - raft.server.rpc.request.timeout = 3000ms (default)
2019-09-12 11:40:26,020 [main] INFO  server.RaftServerConfigKeys (ConfUtils.java:logGet(43)) - raft.server.storage.dir = [/workdir/hadoop-ozone/ozonefs/target/test-dir/MiniOzoneClusterImpl-3f0ffa95-bfc9-4a1c-9a47-ff24715a0622/datanode-7/data/ratis] (custom)
2019-09-12 11:40:26,021 [main] INFO  replication.SimpleContainerDownloader (SimpleContainerDownloader.java:<init>(72)) - Starting container downloader service to copy containers to replicate.
2019-09-12 11:40:26,022 [main] INFO  hdfs.DFSUtil (DFSUtil.java:httpServerTemplateForNNAndJN(1641)) - Starting Web-server for hddsDatanode at: http://0.0.0.0:0
2019-09-12 11:40:26,023 [main] INFO  server.AuthenticationFilter (AuthenticationFilter.java:constructSecretProvider(240)) - Unable to initialize FileSignerSecretProvider, falling back to use random secrets.
2019-09-12 11:40:26,024 [main] WARN  http.HttpRequestLog (HttpRequestLog.java:getRequestLog(97)) - Jetty request log can only be enabled using Log4j
2019-09-12 11:40:26,025 [main] INFO  http.HttpServer2 (HttpServer2.java:addGlobalFilter(975)) - Added global filter 'safety' (class=org.apache.hadoop.http.HttpServer2$QuotingInputFilter)
2019-09-12 11:40:26,026 [main] INFO  http.HttpServer2 (HttpServer2.java:addFilter(948)) - Added filter static_user_filter (class=org.apache.hadoop.http.lib.StaticUserWebFilter$StaticUserFilter) to context hddsDatanode
2019-09-12 11:40:26,026 [main] INFO  http.HttpServer2 (HttpServer2.java:addFilter(958)) - Added filter static_user_filter (class=org.apache.hadoop.http.lib.StaticUserWebFilter$StaticUserFilter) to context static
2019-09-12 11:40:26,027 [main] INFO  http.HttpServer2 (HttpServer2.java:addFilter(958)) - Added filter static_user_filter (class=org.apache.hadoop.http.lib.StaticUserWebFilter$StaticUserFilter) to context logs
2019-09-12 11:40:26,027 [main] INFO  http.HttpServer2 (HttpServer2.java:bindListener(1191)) - Jetty bound to port 39209
2019-09-12 11:40:26,027 [main] INFO  server.Server (Server.java:doStart(351)) - jetty-9.3.24.v20180605, build timestamp: 2018-06-05T17:11:56Z, git hash: 84205aa28f11a4f31f2a3b86d1bba2cc8ab69827
2019-09-12 11:40:26,029 [main] INFO  handler.ContextHandler (ContextHandler.java:doStart(781)) - Started o.e.j.s.ServletContextHandler@3ac0a14b{/logs,file:///workdir/hadoop-ozone/ozonefs/target/log,AVAILABLE}
2019-09-12 11:40:26,029 [main] INFO  handler.ContextHandler (ContextHandler.java:doStart(781)) - Started o.e.j.s.ServletContextHandler@5e24592e{/static,jar:file:/home/user/.m2/repository/org/apache/hadoop/hadoop-hdds-container-service/0.5.0-SNAPSHOT/hadoop-hdds-container-service-0.5.0-SNAPSHOT.jar!/webapps/static,AVAILABLE}
2019-09-12 11:40:26,067 [main] INFO  handler.ContextHandler (ContextHandler.java:doStart(781)) - Started o.e.j.w.WebAppContext@6f0c45f4{/,file:///tmp/jetty-0.0.0.0-39209-hddsDatanode-_-any-7567042666310159214.dir/webapp/,AVAILABLE}{/hddsDatanode}
2019-09-12 11:40:26,069 [main] INFO  server.AbstractConnector (AbstractConnector.java:doStart(278)) - Started ServerConnector@45571cfc{HTTP/1.1,[http/1.1]}{0.0.0.0:39209}
2019-09-12 11:40:26,069 [main] INFO  server.Server (Server.java:doStart(419)) - Started @8983ms
2019-09-12 11:40:26,070 [main] INFO  server.BaseHttpServer (BaseHttpServer.java:updateConnectorAddress(213)) - HTTP server of HDDSDATANODE is listening at http://0.0.0.0:39209
2019-09-12 11:40:26,207 | INFO  | ObjectStoreRestHttpServer | Listening HDDS REST traffic on /0.0.0.0:36239 |  
2019-09-12 11:40:26,207 [main] INFO  ozone.HddsDatanodeService (HddsDatanodeService.java:startPlugins(395)) - Started plug-in org.apache.hadoop.ozone.web.OzoneHddsDatanodeService@2f60cbf2
2019-09-12 11:40:26,207 [main] INFO  impl.MetricsSystemImpl (MetricsSystemImpl.java:init(158)) - HddsDatanode metrics system started (again)
2019-09-12 11:40:26,212 [org.apache.hadoop.util.JvmPauseMonitor$Monitor@4d015099] INFO  util.JvmPauseMonitor (JvmPauseMonitor.java:run(188)) - Starting JVM pause monitor
2019-09-12 11:40:26,212 [main] INFO  ozone.HddsDatanodeService (HddsDatanodeService.java:start(184)) - HddsDatanodeService host:pr-hdds-1569-xtfnx-3545843844 ip:192.168.157.195
2019-09-12 11:40:26,215 [Datanode State Machine Thread - 0] INFO  datanode.InitDatanodeState (InitDatanodeState.java:persistContainerDatanodeDetails(140)) - DatanodeDetails is persisted to /workdir/hadoop-ozone/ozonefs/target/test-dir/MiniOzoneClusterImpl-3f0ffa95-bfc9-4a1c-9a47-ff24715a0622/datanode-7/meta/datanode.id
2019-09-12 11:40:26,222 [main] INFO  volume.HddsVolume (HddsVolume.java:<init>(176)) - Creating Volume: /workdir/hadoop-ozone/ozonefs/target/test-dir/MiniOzoneClusterImpl-3f0ffa95-bfc9-4a1c-9a47-ff24715a0622/datanode-8/data/containers/hdds of  storage type : DISK and capacity : 1482555576320
2019-09-12 11:40:26,222 [main] INFO  volume.VolumeSet (VolumeSet.java:initializeVolumeSet(170)) - Added Volume : /workdir/hadoop-ozone/ozonefs/target/test-dir/MiniOzoneClusterImpl-3f0ffa95-bfc9-4a1c-9a47-ff24715a0622/datanode-8/data/containers/hdds to VolumeSet
2019-09-12 11:40:26,223 [main] INFO  volume.ThrottledAsyncChecker (ThrottledAsyncChecker.java:schedule(140)) - Scheduling a check for org.apache.hadoop.ozone.container.common.volume.HddsVolume@15186ce0
2019-09-12 11:40:26,223 [main] INFO  volume.HddsVolumeChecker (HddsVolumeChecker.java:checkAllVolumes(203)) - Scheduled health check for volume org.apache.hadoop.ozone.container.common.volume.HddsVolume@15186ce0
2019-09-12 11:40:26,245 [main] INFO  impl.RaftServerProxy (ConfUtils.java:logGet(43)) - raft.rpc.type = GRPC (default)
2019-09-12 11:40:26,245 [main] INFO  grpc.GrpcFactory (GrpcFactory.java:checkPooledByteBufAllocatorUseCacheForAllThreads(45)) - PERFORMANCE WARNING: useCacheForAllThreads is true that may cause Netty to create a lot garbage objects and, as a result, trigger GC.
	It is recommended to disable useCacheForAllThreads by setting -Dorg.apache.ratis.thirdparty.io.netty.allocator.useCacheForAllThreads=false in command line.
2019-09-12 11:40:26,245 [main] INFO  grpc.GrpcConfigKeys$Server (ConfUtils.java:logGet(43)) - raft.grpc.server.port = 0 (default)
2019-09-12 11:40:26,246 [main] INFO  server.GrpcService (ConfUtils.java:logGet(43)) - raft.grpc.message.size.max = 33570816 (custom)
2019-09-12 11:40:26,246 [main] INFO  server.RaftServerConfigKeys (ConfUtils.java:logGet(43)) - raft.server.log.appender.buffer.byte-limit = 33554432 (custom)
2019-09-12 11:40:26,246 [main] INFO  server.GrpcService (ConfUtils.java:logGet(43)) - raft.grpc.flow.control.window = 1MB (=1048576) (default)
2019-09-12 11:40:26,246 [main] INFO  server.RaftServerConfigKeys (ConfUtils.java:logGet(43)) - raft.server.rpc.request.timeout = 3000ms (default)
2019-09-12 11:40:26,247 [main] INFO  server.RaftServerConfigKeys (ConfUtils.java:logGet(43)) - raft.server.storage.dir = [/workdir/hadoop-ozone/ozonefs/target/test-dir/MiniOzoneClusterImpl-3f0ffa95-bfc9-4a1c-9a47-ff24715a0622/datanode-8/data/ratis] (custom)
2019-09-12 11:40:26,247 [main] INFO  replication.SimpleContainerDownloader (SimpleContainerDownloader.java:<init>(72)) - Starting container downloader service to copy containers to replicate.
2019-09-12 11:40:26,248 [main] INFO  hdfs.DFSUtil (DFSUtil.java:httpServerTemplateForNNAndJN(1641)) - Starting Web-server for hddsDatanode at: http://0.0.0.0:0
2019-09-12 11:40:26,250 [main] INFO  server.AuthenticationFilter (AuthenticationFilter.java:constructSecretProvider(240)) - Unable to initialize FileSignerSecretProvider, falling back to use random secrets.
2019-09-12 11:40:26,250 [main] WARN  http.HttpRequestLog (HttpRequestLog.java:getRequestLog(97)) - Jetty request log can only be enabled using Log4j
2019-09-12 11:40:26,252 [main] INFO  http.HttpServer2 (HttpServer2.java:addGlobalFilter(975)) - Added global filter 'safety' (class=org.apache.hadoop.http.HttpServer2$QuotingInputFilter)
2019-09-12 11:40:26,252 [main] INFO  http.HttpServer2 (HttpServer2.java:addFilter(948)) - Added filter static_user_filter (class=org.apache.hadoop.http.lib.StaticUserWebFilter$StaticUserFilter) to context hddsDatanode
2019-09-12 11:40:26,253 [main] INFO  http.HttpServer2 (HttpServer2.java:addFilter(958)) - Added filter static_user_filter (class=org.apache.hadoop.http.lib.StaticUserWebFilter$StaticUserFilter) to context static
2019-09-12 11:40:26,253 [main] INFO  http.HttpServer2 (HttpServer2.java:addFilter(958)) - Added filter static_user_filter (class=org.apache.hadoop.http.lib.StaticUserWebFilter$StaticUserFilter) to context logs
2019-09-12 11:40:26,253 [main] INFO  http.HttpServer2 (HttpServer2.java:bindListener(1191)) - Jetty bound to port 33037
2019-09-12 11:40:26,254 [main] INFO  server.Server (Server.java:doStart(351)) - jetty-9.3.24.v20180605, build timestamp: 2018-06-05T17:11:56Z, git hash: 84205aa28f11a4f31f2a3b86d1bba2cc8ab69827
2019-09-12 11:40:26,255 [main] INFO  handler.ContextHandler (ContextHandler.java:doStart(781)) - Started o.e.j.s.ServletContextHandler@5ed65e4b{/logs,file:///workdir/hadoop-ozone/ozonefs/target/log,AVAILABLE}
2019-09-12 11:40:26,256 [main] INFO  handler.ContextHandler (ContextHandler.java:doStart(781)) - Started o.e.j.s.ServletContextHandler@40cf6254{/static,jar:file:/home/user/.m2/repository/org/apache/hadoop/hadoop-hdds-container-service/0.5.0-SNAPSHOT/hadoop-hdds-container-service-0.5.0-SNAPSHOT.jar!/webapps/static,AVAILABLE}
2019-09-12 11:40:26,282 [main] INFO  handler.ContextHandler (ContextHandler.java:doStart(781)) - Started o.e.j.w.WebAppContext@8851ec{/,file:///tmp/jetty-0.0.0.0-33037-hddsDatanode-_-any-8297311377955229966.dir/webapp/,AVAILABLE}{/hddsDatanode}
2019-09-12 11:40:26,283 [main] INFO  server.AbstractConnector (AbstractConnector.java:doStart(278)) - Started ServerConnector@18b40fe6{HTTP/1.1,[http/1.1]}{0.0.0.0:33037}
2019-09-12 11:40:26,284 [main] INFO  server.Server (Server.java:doStart(419)) - Started @9198ms
2019-09-12 11:40:26,285 [main] INFO  server.BaseHttpServer (BaseHttpServer.java:updateConnectorAddress(213)) - HTTP server of HDDSDATANODE is listening at http://0.0.0.0:33037
2019-09-12 11:40:26,330 | INFO  | SCMAudit | user=jenkins1000 | ip=192.168.157.195 | op=GET_VERSION null | ret=SUCCESS |  
2019-09-12 11:40:26,396 | INFO  | ObjectStoreRestHttpServer | Listening HDDS REST traffic on /0.0.0.0:37959 |  
2019-09-12 11:40:26,396 [main] INFO  ozone.HddsDatanodeService (HddsDatanodeService.java:startPlugins(395)) - Started plug-in org.apache.hadoop.ozone.web.OzoneHddsDatanodeService@27db45f
2019-09-12 11:40:26,397 [main] INFO  impl.MetricsSystemImpl (MetricsSystemImpl.java:init(158)) - HddsDatanode metrics system started (again)
2019-09-12 11:40:26,398 [Datanode State Machine Thread - 0] INFO  ozoneimpl.OzoneContainer (OzoneContainer.java:start(186)) - Attempting to start container services.
2019-09-12 11:40:26,404 [Datanode State Machine Thread - 0] INFO  ozoneimpl.OzoneContainer (OzoneContainer.java:startContainerScrub(160)) - Background container scrubber has been disabled by hdds.containerscrub.enabled
2019-09-12 11:40:26,405 [Datanode State Machine Thread - 0] INFO  ratis.XceiverServerRatis (XceiverServerRatis.java:start(404)) - Starting XceiverServerRatis 5d0352ef-d446-4a04-a69e-b6b493d47759 at port 0
2019-09-12 11:40:26,405 [main] INFO  ozone.HddsDatanodeService (HddsDatanodeService.java:start(184)) - HddsDatanodeService host:pr-hdds-1569-xtfnx-3545843844 ip:192.168.157.195
2019-09-12 11:40:26,405 [org.apache.hadoop.util.JvmPauseMonitor$Monitor@36197ac3] INFO  util.JvmPauseMonitor (JvmPauseMonitor.java:run(188)) - Starting JVM pause monitor
2019-09-12 11:40:26,409 [Datanode State Machine Thread - 0] INFO  datanode.InitDatanodeState (InitDatanodeState.java:persistContainerDatanodeDetails(140)) - DatanodeDetails is persisted to /workdir/hadoop-ozone/ozonefs/target/test-dir/MiniOzoneClusterImpl-3f0ffa95-bfc9-4a1c-9a47-ff24715a0622/datanode-8/meta/datanode.id
2019-09-12 11:40:26,416 [main] INFO  volume.HddsVolume (HddsVolume.java:<init>(176)) - Creating Volume: /workdir/hadoop-ozone/ozonefs/target/test-dir/MiniOzoneClusterImpl-3f0ffa95-bfc9-4a1c-9a47-ff24715a0622/datanode-9/data/containers/hdds of  storage type : DISK and capacity : 1482555576320
2019-09-12 11:40:26,416 [main] INFO  volume.VolumeSet (VolumeSet.java:initializeVolumeSet(170)) - Added Volume : /workdir/hadoop-ozone/ozonefs/target/test-dir/MiniOzoneClusterImpl-3f0ffa95-bfc9-4a1c-9a47-ff24715a0622/datanode-9/data/containers/hdds to VolumeSet
2019-09-12 11:40:26,416 [main] INFO  volume.ThrottledAsyncChecker (ThrottledAsyncChecker.java:schedule(140)) - Scheduling a check for org.apache.hadoop.ozone.container.common.volume.HddsVolume@66b6873f
2019-09-12 11:40:26,417 [main] INFO  volume.HddsVolumeChecker (HddsVolumeChecker.java:checkAllVolumes(203)) - Scheduled health check for volume org.apache.hadoop.ozone.container.common.volume.HddsVolume@66b6873f
2019-09-12 11:40:26,431 [Datanode State Machine Thread - 0] INFO  impl.RaftServerProxy (RaftServerProxy.java:lambda$start$3(299)) - 5d0352ef-d446-4a04-a69e-b6b493d47759: start RPC server
2019-09-12 11:40:26,437 [main] INFO  impl.RaftServerProxy (ConfUtils.java:logGet(43)) - raft.rpc.type = GRPC (default)
2019-09-12 11:40:26,438 [main] INFO  grpc.GrpcFactory (GrpcFactory.java:checkPooledByteBufAllocatorUseCacheForAllThreads(45)) - PERFORMANCE WARNING: useCacheForAllThreads is true that may cause Netty to create a lot garbage objects and, as a result, trigger GC.
	It is recommended to disable useCacheForAllThreads by setting -Dorg.apache.ratis.thirdparty.io.netty.allocator.useCacheForAllThreads=false in command line.
2019-09-12 11:40:26,438 [main] INFO  grpc.GrpcConfigKeys$Server (ConfUtils.java:logGet(43)) - raft.grpc.server.port = 0 (default)
2019-09-12 11:40:26,438 [main] INFO  server.GrpcService (ConfUtils.java:logGet(43)) - raft.grpc.message.size.max = 33570816 (custom)
2019-09-12 11:40:26,438 [main] INFO  server.RaftServerConfigKeys (ConfUtils.java:logGet(43)) - raft.server.log.appender.buffer.byte-limit = 33554432 (custom)
2019-09-12 11:40:26,438 [main] INFO  server.GrpcService (ConfUtils.java:logGet(43)) - raft.grpc.flow.control.window = 1MB (=1048576) (default)
2019-09-12 11:40:26,439 [main] INFO  server.RaftServerConfigKeys (ConfUtils.java:logGet(43)) - raft.server.rpc.request.timeout = 3000ms (default)
2019-09-12 11:40:26,439 [main] INFO  server.RaftServerConfigKeys (ConfUtils.java:logGet(43)) - raft.server.storage.dir = [/workdir/hadoop-ozone/ozonefs/target/test-dir/MiniOzoneClusterImpl-3f0ffa95-bfc9-4a1c-9a47-ff24715a0622/datanode-9/data/ratis] (custom)
2019-09-12 11:40:26,439 [main] INFO  replication.SimpleContainerDownloader (SimpleContainerDownloader.java:<init>(72)) - Starting container downloader service to copy containers to replicate.
2019-09-12 11:40:26,441 [main] INFO  hdfs.DFSUtil (DFSUtil.java:httpServerTemplateForNNAndJN(1641)) - Starting Web-server for hddsDatanode at: http://0.0.0.0:0
2019-09-12 11:40:26,443 [main] INFO  server.AuthenticationFilter (AuthenticationFilter.java:constructSecretProvider(240)) - Unable to initialize FileSignerSecretProvider, falling back to use random secrets.
2019-09-12 11:40:26,444 [main] WARN  http.HttpRequestLog (HttpRequestLog.java:getRequestLog(97)) - Jetty request log can only be enabled using Log4j
2019-09-12 11:40:26,446 [main] INFO  http.HttpServer2 (HttpServer2.java:addGlobalFilter(975)) - Added global filter 'safety' (class=org.apache.hadoop.http.HttpServer2$QuotingInputFilter)
2019-09-12 11:40:26,446 [main] INFO  http.HttpServer2 (HttpServer2.java:addFilter(948)) - Added filter static_user_filter (class=org.apache.hadoop.http.lib.StaticUserWebFilter$StaticUserFilter) to context hddsDatanode
2019-09-12 11:40:26,447 [main] INFO  http.HttpServer2 (HttpServer2.java:addFilter(958)) - Added filter static_user_filter (class=org.apache.hadoop.http.lib.StaticUserWebFilter$StaticUserFilter) to context logs
2019-09-12 11:40:26,447 [main] INFO  http.HttpServer2 (HttpServer2.java:addFilter(958)) - Added filter static_user_filter (class=org.apache.hadoop.http.lib.StaticUserWebFilter$StaticUserFilter) to context static
2019-09-12 11:40:26,448 [main] INFO  http.HttpServer2 (HttpServer2.java:bindListener(1191)) - Jetty bound to port 45265
2019-09-12 11:40:26,448 [main] INFO  server.Server (Server.java:doStart(351)) - jetty-9.3.24.v20180605, build timestamp: 2018-06-05T17:11:56Z, git hash: 84205aa28f11a4f31f2a3b86d1bba2cc8ab69827
2019-09-12 11:40:26,450 [main] INFO  handler.ContextHandler (ContextHandler.java:doStart(781)) - Started o.e.j.s.ServletContextHandler@3d8d52be{/logs,file:///workdir/hadoop-ozone/ozonefs/target/log,AVAILABLE}
2019-09-12 11:40:26,450 [main] INFO  handler.ContextHandler (ContextHandler.java:doStart(781)) - Started o.e.j.s.ServletContextHandler@5f6a8efe{/static,jar:file:/home/user/.m2/repository/org/apache/hadoop/hadoop-hdds-container-service/0.5.0-SNAPSHOT/hadoop-hdds-container-service-0.5.0-SNAPSHOT.jar!/webapps/static,AVAILABLE}
2019-09-12 11:40:26,485 [main] INFO  handler.ContextHandler (ContextHandler.java:doStart(781)) - Started o.e.j.w.WebAppContext@65af05b2{/,file:///tmp/jetty-0.0.0.0-45265-hddsDatanode-_-any-8282390848149533816.dir/webapp/,AVAILABLE}{/hddsDatanode}
2019-09-12 11:40:26,487 [main] INFO  server.AbstractConnector (AbstractConnector.java:doStart(278)) - Started ServerConnector@11ad095c{HTTP/1.1,[http/1.1]}{0.0.0.0:45265}
2019-09-12 11:40:26,487 [main] INFO  server.Server (Server.java:doStart(419)) - Started @9401ms
2019-09-12 11:40:26,488 [main] INFO  server.BaseHttpServer (BaseHttpServer.java:updateConnectorAddress(213)) - HTTP server of HDDSDATANODE is listening at http://0.0.0.0:45265
2019-09-12 11:40:26,571 [Datanode State Machine Thread - 0] INFO  server.GrpcService (GrpcService.java:startImpl(149)) - 5d0352ef-d446-4a04-a69e-b6b493d47759: GrpcService started, listening on 0.0.0.0/0.0.0.0:35104
2019-09-12 11:40:26,572 [Datanode State Machine Thread - 0] INFO  ratis.XceiverServerRatis (XceiverServerRatis.java:start(414)) - XceiverServerRatis 5d0352ef-d446-4a04-a69e-b6b493d47759 is started using port 35104
2019-09-12 11:40:26,575 [Datanode State Machine Thread - 0] INFO  server.XceiverServerGrpc (XceiverServerGrpc.java:start(163)) - XceiverServerGrpc 5d0352ef-d446-4a04-a69e-b6b493d47759 is started using port 41930
2019-09-12 11:40:26,599 | INFO  | SCMAudit | user=jenkins1000 | ip=192.168.157.195 | op=GET_VERSION null | ret=SUCCESS |  
2019-09-12 11:40:26,613 [Datanode State Machine Thread - 0] INFO  ozoneimpl.OzoneContainer (OzoneContainer.java:start(186)) - Attempting to start container services.
2019-09-12 11:40:26,614 [Datanode State Machine Thread - 0] INFO  ozoneimpl.OzoneContainer (OzoneContainer.java:startContainerScrub(160)) - Background container scrubber has been disabled by hdds.containerscrub.enabled
2019-09-12 11:40:26,614 [Datanode State Machine Thread - 0] INFO  ratis.XceiverServerRatis (XceiverServerRatis.java:start(404)) - Starting XceiverServerRatis 2da31971-fd5c-4baf-8dfe-b6048362baf8 at port 0
2019-09-12 11:40:26,623 [Datanode State Machine Thread - 0] INFO  impl.RaftServerProxy (RaftServerProxy.java:lambda$start$3(299)) - 2da31971-fd5c-4baf-8dfe-b6048362baf8: start RPC server
2019-09-12 11:40:26,627 [Datanode State Machine Thread - 0] INFO  server.GrpcService (GrpcService.java:startImpl(149)) - 2da31971-fd5c-4baf-8dfe-b6048362baf8: GrpcService started, listening on 0.0.0.0/0.0.0.0:36166
2019-09-12 11:40:26,627 [Datanode State Machine Thread - 0] INFO  ratis.XceiverServerRatis (XceiverServerRatis.java:start(414)) - XceiverServerRatis 2da31971-fd5c-4baf-8dfe-b6048362baf8 is started using port 36166
2019-09-12 11:40:26,630 [Datanode State Machine Thread - 0] INFO  server.XceiverServerGrpc (XceiverServerGrpc.java:start(163)) - XceiverServerGrpc 2da31971-fd5c-4baf-8dfe-b6048362baf8 is started using port 44930
2019-09-12 11:40:26,642 | INFO  | ObjectStoreRestHttpServer | Listening HDDS REST traffic on /0.0.0.0:40105 |  
2019-09-12 11:40:26,642 [main] INFO  ozone.HddsDatanodeService (HddsDatanodeService.java:startPlugins(395)) - Started plug-in org.apache.hadoop.ozone.web.OzoneHddsDatanodeService@500ec769
2019-09-12 11:40:26,647 [main] INFO  ozone.MiniOzoneClusterImpl (MiniOzoneClusterImpl.java:lambda$waitForClusterToBeReady$0(142)) - Waiting for cluster to be ready. Got 0 of 10 DN Heartbeats.
2019-09-12 11:40:26,647 [org.apache.hadoop.util.JvmPauseMonitor$Monitor@1b740e03] INFO  util.JvmPauseMonitor (JvmPauseMonitor.java:run(188)) - Starting JVM pause monitor
2019-09-12 11:40:26,649 [Datanode State Machine Thread - 0] INFO  datanode.InitDatanodeState (InitDatanodeState.java:persistContainerDatanodeDetails(140)) - DatanodeDetails is persisted to /workdir/hadoop-ozone/ozonefs/target/test-dir/MiniOzoneClusterImpl-3f0ffa95-bfc9-4a1c-9a47-ff24715a0622/datanode-9/meta/datanode.id
2019-09-12 11:40:26,874 | INFO  | SCMAudit | user=jenkins1000 | ip=192.168.157.195 | op=GET_VERSION null | ret=SUCCESS |  
2019-09-12 11:40:26,890 [Datanode State Machine Thread - 0] INFO  ozoneimpl.OzoneContainer (OzoneContainer.java:start(186)) - Attempting to start container services.
2019-09-12 11:40:26,890 [Datanode State Machine Thread - 0] INFO  ozoneimpl.OzoneContainer (OzoneContainer.java:startContainerScrub(160)) - Background container scrubber has been disabled by hdds.containerscrub.enabled
2019-09-12 11:40:26,890 [Datanode State Machine Thread - 0] INFO  ratis.XceiverServerRatis (XceiverServerRatis.java:start(404)) - Starting XceiverServerRatis abc6f9f9-8862-43ee-ac13-b67e1574492b at port 0
2019-09-12 11:40:26,899 [Datanode State Machine Thread - 0] INFO  impl.RaftServerProxy (RaftServerProxy.java:lambda$start$3(299)) - abc6f9f9-8862-43ee-ac13-b67e1574492b: start RPC server
2019-09-12 11:40:26,904 [Datanode State Machine Thread - 0] INFO  server.GrpcService (GrpcService.java:startImpl(149)) - abc6f9f9-8862-43ee-ac13-b67e1574492b: GrpcService started, listening on 0.0.0.0/0.0.0.0:32913
2019-09-12 11:40:26,904 [Datanode State Machine Thread - 0] INFO  ratis.XceiverServerRatis (XceiverServerRatis.java:start(414)) - XceiverServerRatis abc6f9f9-8862-43ee-ac13-b67e1574492b is started using port 32913
2019-09-12 11:40:26,908 [Datanode State Machine Thread - 0] INFO  server.XceiverServerGrpc (XceiverServerGrpc.java:start(163)) - XceiverServerGrpc abc6f9f9-8862-43ee-ac13-b67e1574492b is started using port 42983
2019-09-12 11:40:27,155 | INFO  | SCMAudit | user=jenkins1000 | ip=192.168.157.195 | op=GET_VERSION null | ret=SUCCESS |  
2019-09-12 11:40:27,169 [Datanode State Machine Thread - 0] INFO  ozoneimpl.OzoneContainer (OzoneContainer.java:start(186)) - Attempting to start container services.
2019-09-12 11:40:27,169 [Datanode State Machine Thread - 0] INFO  ozoneimpl.OzoneContainer (OzoneContainer.java:startContainerScrub(160)) - Background container scrubber has been disabled by hdds.containerscrub.enabled
2019-09-12 11:40:27,169 [Datanode State Machine Thread - 0] INFO  ratis.XceiverServerRatis (XceiverServerRatis.java:start(404)) - Starting XceiverServerRatis f17fb2fb-971d-416e-b1f4-66e23bc05d05 at port 0
2019-09-12 11:40:27,179 [Datanode State Machine Thread - 0] INFO  impl.RaftServerProxy (RaftServerProxy.java:lambda$start$3(299)) - f17fb2fb-971d-416e-b1f4-66e23bc05d05: start RPC server
2019-09-12 11:40:27,184 [Datanode State Machine Thread - 0] INFO  server.GrpcService (GrpcService.java:startImpl(149)) - f17fb2fb-971d-416e-b1f4-66e23bc05d05: GrpcService started, listening on 0.0.0.0/0.0.0.0:35862
2019-09-12 11:40:27,184 [Datanode State Machine Thread - 0] INFO  ratis.XceiverServerRatis (XceiverServerRatis.java:start(414)) - XceiverServerRatis f17fb2fb-971d-416e-b1f4-66e23bc05d05 is started using port 35862
2019-09-12 11:40:27,187 [Datanode State Machine Thread - 0] INFO  server.XceiverServerGrpc (XceiverServerGrpc.java:start(163)) - XceiverServerGrpc f17fb2fb-971d-416e-b1f4-66e23bc05d05 is started using port 44933
2019-09-12 11:40:27,510 | INFO  | SCMAudit | user=jenkins1000 | ip=192.168.157.195 | op=GET_VERSION null | ret=SUCCESS |  
2019-09-12 11:40:27,533 [Datanode State Machine Thread - 0] INFO  ozoneimpl.OzoneContainer (OzoneContainer.java:start(186)) - Attempting to start container services.
2019-09-12 11:40:27,533 [Datanode State Machine Thread - 0] INFO  ozoneimpl.OzoneContainer (OzoneContainer.java:startContainerScrub(160)) - Background container scrubber has been disabled by hdds.containerscrub.enabled
2019-09-12 11:40:27,534 [Datanode State Machine Thread - 0] INFO  ratis.XceiverServerRatis (XceiverServerRatis.java:start(404)) - Starting XceiverServerRatis ef411258-a662-4696-ba26-405a55c9a048 at port 0
2019-09-12 11:40:27,543 [Datanode State Machine Thread - 0] INFO  impl.RaftServerProxy (RaftServerProxy.java:lambda$start$3(299)) - ef411258-a662-4696-ba26-405a55c9a048: start RPC server
2019-09-12 11:40:27,548 [Datanode State Machine Thread - 0] INFO  server.GrpcService (GrpcService.java:startImpl(149)) - ef411258-a662-4696-ba26-405a55c9a048: GrpcService started, listening on 0.0.0.0/0.0.0.0:37970
2019-09-12 11:40:27,549 [Datanode State Machine Thread - 0] INFO  ratis.XceiverServerRatis (XceiverServerRatis.java:start(414)) - XceiverServerRatis ef411258-a662-4696-ba26-405a55c9a048 is started using port 37970
2019-09-12 11:40:27,553 [Datanode State Machine Thread - 0] INFO  server.XceiverServerGrpc (XceiverServerGrpc.java:start(163)) - XceiverServerGrpc ef411258-a662-4696-ba26-405a55c9a048 is started using port 42221
2019-09-12 11:40:27,647 [main] INFO  ozone.MiniOzoneClusterImpl (MiniOzoneClusterImpl.java:lambda$waitForClusterToBeReady$0(142)) - Waiting for cluster to be ready. Got 0 of 10 DN Heartbeats.
2019-09-12 11:40:27,749 | INFO  | SCMAudit | user=jenkins1000 | ip=192.168.157.195 | op=GET_VERSION null | ret=SUCCESS |  
2019-09-12 11:40:27,776 [Datanode State Machine Thread - 0] INFO  ozoneimpl.OzoneContainer (OzoneContainer.java:start(186)) - Attempting to start container services.
2019-09-12 11:40:27,777 [Datanode State Machine Thread - 0] INFO  ozoneimpl.OzoneContainer (OzoneContainer.java:startContainerScrub(160)) - Background container scrubber has been disabled by hdds.containerscrub.enabled
2019-09-12 11:40:27,777 [Datanode State Machine Thread - 0] INFO  ratis.XceiverServerRatis (XceiverServerRatis.java:start(404)) - Starting XceiverServerRatis 875e3d5e-0813-40b8-b024-43837dd2f6d5 at port 0
2019-09-12 11:40:27,787 [Datanode State Machine Thread - 0] INFO  impl.RaftServerProxy (RaftServerProxy.java:lambda$start$3(299)) - 875e3d5e-0813-40b8-b024-43837dd2f6d5: start RPC server
2019-09-12 11:40:27,791 [Datanode State Machine Thread - 0] INFO  server.GrpcService (GrpcService.java:startImpl(149)) - 875e3d5e-0813-40b8-b024-43837dd2f6d5: GrpcService started, listening on 0.0.0.0/0.0.0.0:33574
2019-09-12 11:40:27,792 [Datanode State Machine Thread - 0] INFO  ratis.XceiverServerRatis (XceiverServerRatis.java:start(414)) - XceiverServerRatis 875e3d5e-0813-40b8-b024-43837dd2f6d5 is started using port 33574
2019-09-12 11:40:27,796 [Datanode State Machine Thread - 0] INFO  server.XceiverServerGrpc (XceiverServerGrpc.java:start(163)) - XceiverServerGrpc 875e3d5e-0813-40b8-b024-43837dd2f6d5 is started using port 46813
2019-09-12 11:40:27,996 | INFO  | SCMAudit | user=jenkins1000 | ip=192.168.157.195 | op=GET_VERSION null | ret=SUCCESS |  
2019-09-12 11:40:28,022 [Datanode State Machine Thread - 0] INFO  ozoneimpl.OzoneContainer (OzoneContainer.java:start(186)) - Attempting to start container services.
2019-09-12 11:40:28,023 [Datanode State Machine Thread - 0] INFO  ozoneimpl.OzoneContainer (OzoneContainer.java:startContainerScrub(160)) - Background container scrubber has been disabled by hdds.containerscrub.enabled
2019-09-12 11:40:28,023 [Datanode State Machine Thread - 0] INFO  ratis.XceiverServerRatis (XceiverServerRatis.java:start(404)) - Starting XceiverServerRatis 4255b290-7b6d-420f-97e2-6dfb55690bab at port 0
2019-09-12 11:40:28,032 [Datanode State Machine Thread - 0] INFO  impl.RaftServerProxy (RaftServerProxy.java:lambda$start$3(299)) - 4255b290-7b6d-420f-97e2-6dfb55690bab: start RPC server
2019-09-12 11:40:28,039 [Datanode State Machine Thread - 0] INFO  server.GrpcService (GrpcService.java:startImpl(149)) - 4255b290-7b6d-420f-97e2-6dfb55690bab: GrpcService started, listening on 0.0.0.0/0.0.0.0:45659
2019-09-12 11:40:28,039 [Datanode State Machine Thread - 0] INFO  ratis.XceiverServerRatis (XceiverServerRatis.java:start(414)) - XceiverServerRatis 4255b290-7b6d-420f-97e2-6dfb55690bab is started using port 45659
2019-09-12 11:40:28,043 [Datanode State Machine Thread - 0] INFO  server.XceiverServerGrpc (XceiverServerGrpc.java:start(163)) - XceiverServerGrpc 4255b290-7b6d-420f-97e2-6dfb55690bab is started using port 42546
2019-09-12 11:40:28,215 | INFO  | SCMAudit | user=jenkins1000 | ip=192.168.157.195 | op=GET_VERSION null | ret=SUCCESS |  
2019-09-12 11:40:28,335 [Datanode State Machine Thread - 0] INFO  ozoneimpl.OzoneContainer (OzoneContainer.java:start(186)) - Attempting to start container services.
2019-09-12 11:40:28,335 [Datanode State Machine Thread - 0] INFO  ozoneimpl.OzoneContainer (OzoneContainer.java:startContainerScrub(160)) - Background container scrubber has been disabled by hdds.containerscrub.enabled
2019-09-12 11:40:28,336 [Datanode State Machine Thread - 0] INFO  ratis.XceiverServerRatis (XceiverServerRatis.java:start(404)) - Starting XceiverServerRatis 8668900b-06f4-40f9-8926-68eb6348aa5d at port 0
2019-09-12 11:40:28,343 [Datanode State Machine Thread - 0] INFO  impl.RaftServerProxy (RaftServerProxy.java:lambda$start$3(299)) - 8668900b-06f4-40f9-8926-68eb6348aa5d: start RPC server
2019-09-12 11:40:28,353 [Datanode State Machine Thread - 0] INFO  server.GrpcService (GrpcService.java:startImpl(149)) - 8668900b-06f4-40f9-8926-68eb6348aa5d: GrpcService started, listening on 0.0.0.0/0.0.0.0:38608
2019-09-12 11:40:28,353 [Datanode State Machine Thread - 0] INFO  ratis.XceiverServerRatis (XceiverServerRatis.java:start(414)) - XceiverServerRatis 8668900b-06f4-40f9-8926-68eb6348aa5d is started using port 38608
2019-09-12 11:40:28,370 [Datanode State Machine Thread - 0] INFO  server.XceiverServerGrpc (XceiverServerGrpc.java:start(163)) - XceiverServerGrpc 8668900b-06f4-40f9-8926-68eb6348aa5d is started using port 37035
2019-09-12 11:40:28,379 [IPC Server handler 0 on 43171] INFO  net.NetworkTopology (NetworkTopologyImpl.java:add(110)) - Added a new node: /default-rack/5d0352ef-d446-4a04-a69e-b6b493d47759
2019-09-12 11:40:28,380 [IPC Server handler 0 on 43171] INFO  node.SCMNodeManager (SCMNodeManager.java:register(273)) - Registered Data node : 5d0352ef-d446-4a04-a69e-b6b493d47759{ip: 192.168.157.195, host: pr-hdds-1569-xtfnx-3545843844, networkLocation: /default-rack, certSerialId: null}
2019-09-12 11:40:28,386 [EventQueue-NodeRegistrationContainerReportForDataNodeSafeModeRule] INFO  safemode.SCMSafeModeManager (DataNodeSafeModeRule.java:process(71)) - SCM in safe mode. 1 DataNodes registered, 1 required.
2019-09-12 11:40:28,386 [EventQueue-NodeRegistrationContainerReportForDataNodeSafeModeRule] INFO  safemode.SCMSafeModeManager (SCMSafeModeManager.java:validateSafeModeExitRules(177)) - ScmSafeModeManager, all rules are successfully validated
2019-09-12 11:40:28,387 [EventQueue-NodeRegistrationContainerReportForDataNodeSafeModeRule] INFO  safemode.SCMSafeModeManager (SCMSafeModeManager.java:exitSafeMode(193)) - SCM exiting safe mode.
2019-09-12 11:40:28,395 | INFO  | SCMAudit | user=jenkins1000 | ip=192.168.157.195 | op=REGISTER {datanodeDetails=5d0352ef-d446-4a04-a69e-b6b493d47759{ip: 192.168.157.195, host: pr-hdds-1569-xtfnx-3545843844, networkLocation: /default-rack, certSerialId: null}} | ret=SUCCESS |  
2019-09-12 11:40:28,408 | INFO  | SCMAudit | user=jenkins1000 | ip=192.168.157.195 | op=GET_VERSION null | ret=SUCCESS |  
2019-09-12 11:40:28,429 [Datanode State Machine Thread - 0] INFO  ozoneimpl.OzoneContainer (OzoneContainer.java:start(186)) - Attempting to start container services.
2019-09-12 11:40:28,429 [Datanode State Machine Thread - 0] INFO  ozoneimpl.OzoneContainer (OzoneContainer.java:startContainerScrub(160)) - Background container scrubber has been disabled by hdds.containerscrub.enabled
2019-09-12 11:40:28,429 [Datanode State Machine Thread - 0] INFO  ratis.XceiverServerRatis (XceiverServerRatis.java:start(404)) - Starting XceiverServerRatis b5e361a7-9275-4b10-aa61-1d8677ab7c49 at port 0
2019-09-12 11:40:28,438 [Datanode State Machine Thread - 0] INFO  impl.RaftServerProxy (RaftServerProxy.java:lambda$start$3(299)) - b5e361a7-9275-4b10-aa61-1d8677ab7c49: start RPC server
2019-09-12 11:40:28,442 [Datanode State Machine Thread - 0] INFO  server.GrpcService (GrpcService.java:startImpl(149)) - b5e361a7-9275-4b10-aa61-1d8677ab7c49: GrpcService started, listening on 0.0.0.0/0.0.0.0:40278
2019-09-12 11:40:28,442 [Datanode State Machine Thread - 0] INFO  ratis.XceiverServerRatis (XceiverServerRatis.java:start(414)) - XceiverServerRatis b5e361a7-9275-4b10-aa61-1d8677ab7c49 is started using port 40278
2019-09-12 11:40:28,447 [Datanode State Machine Thread - 0] INFO  server.XceiverServerGrpc (XceiverServerGrpc.java:start(163)) - XceiverServerGrpc b5e361a7-9275-4b10-aa61-1d8677ab7c49 is started using port 36587
2019-09-12 11:40:28,600 [IPC Server handler 2 on 43171] INFO  net.NetworkTopology (NetworkTopologyImpl.java:add(110)) - Added a new node: /default-rack/2da31971-fd5c-4baf-8dfe-b6048362baf8
2019-09-12 11:40:28,601 [IPC Server handler 2 on 43171] INFO  node.SCMNodeManager (SCMNodeManager.java:register(273)) - Registered Data node : 2da31971-fd5c-4baf-8dfe-b6048362baf8{ip: 192.168.157.195, host: pr-hdds-1569-xtfnx-3545843844, networkLocation: /default-rack, certSerialId: null}
2019-09-12 11:40:28,602 | INFO  | SCMAudit | user=jenkins1000 | ip=192.168.157.195 | op=REGISTER {datanodeDetails=2da31971-fd5c-4baf-8dfe-b6048362baf8{ip: 192.168.157.195, host: pr-hdds-1569-xtfnx-3545843844, networkLocation: /default-rack, certSerialId: null}} | ret=SUCCESS |  
2019-09-12 11:40:28,648 [main] INFO  ozone.MiniOzoneClusterImpl (MiniOzoneClusterImpl.java:lambda$waitForClusterToBeReady$0(142)) - Waiting for cluster to be ready. Got 2 of 10 DN Heartbeats.
2019-09-12 11:40:28,650 | INFO  | SCMAudit | user=jenkins1000 | ip=192.168.157.195 | op=GET_VERSION null | ret=SUCCESS |  
2019-09-12 11:40:28,658 [Datanode State Machine Thread - 0] INFO  ozoneimpl.OzoneContainer (OzoneContainer.java:start(186)) - Attempting to start container services.
2019-09-12 11:40:28,661 [Datanode State Machine Thread - 0] INFO  ozoneimpl.OzoneContainer (OzoneContainer.java:startContainerScrub(160)) - Background container scrubber has been disabled by hdds.containerscrub.enabled
2019-09-12 11:40:28,661 [Datanode State Machine Thread - 0] INFO  ratis.XceiverServerRatis (XceiverServerRatis.java:start(404)) - Starting XceiverServerRatis dbf859ef-0f75-4843-8536-03105c97857a at port 0
2019-09-12 11:40:28,669 [Datanode State Machine Thread - 0] INFO  impl.RaftServerProxy (RaftServerProxy.java:lambda$start$3(299)) - dbf859ef-0f75-4843-8536-03105c97857a: start RPC server
2019-09-12 11:40:28,674 [Datanode State Machine Thread - 0] INFO  server.GrpcService (GrpcService.java:startImpl(149)) - dbf859ef-0f75-4843-8536-03105c97857a: GrpcService started, listening on 0.0.0.0/0.0.0.0:35030
2019-09-12 11:40:28,675 [Datanode State Machine Thread - 0] INFO  ratis.XceiverServerRatis (XceiverServerRatis.java:start(414)) - XceiverServerRatis dbf859ef-0f75-4843-8536-03105c97857a is started using port 35030
2019-09-12 11:40:28,694 [Datanode State Machine Thread - 0] INFO  server.XceiverServerGrpc (XceiverServerGrpc.java:start(163)) - XceiverServerGrpc dbf859ef-0f75-4843-8536-03105c97857a is started using port 36683
2019-09-12 11:40:28,919 [IPC Server handler 16 on 43171] INFO  net.NetworkTopology (NetworkTopologyImpl.java:add(110)) - Added a new node: /default-rack/abc6f9f9-8862-43ee-ac13-b67e1574492b
2019-09-12 11:40:28,919 [IPC Server handler 16 on 43171] INFO  node.SCMNodeManager (SCMNodeManager.java:register(273)) - Registered Data node : abc6f9f9-8862-43ee-ac13-b67e1574492b{ip: 192.168.157.195, host: pr-hdds-1569-xtfnx-3545843844, networkLocation: /default-rack, certSerialId: null}
2019-09-12 11:40:28,920 | INFO  | SCMAudit | user=jenkins1000 | ip=192.168.157.195 | op=REGISTER {datanodeDetails=abc6f9f9-8862-43ee-ac13-b67e1574492b{ip: 192.168.157.195, host: pr-hdds-1569-xtfnx-3545843844, networkLocation: /default-rack, certSerialId: null}} | ret=SUCCESS |  
2019-09-12 11:40:29,525 [IPC Server handler 10 on 43171] INFO  net.NetworkTopology (NetworkTopologyImpl.java:add(110)) - Added a new node: /default-rack/f17fb2fb-971d-416e-b1f4-66e23bc05d05
2019-09-12 11:40:29,526 [IPC Server handler 10 on 43171] INFO  node.SCMNodeManager (SCMNodeManager.java:register(273)) - Registered Data node : f17fb2fb-971d-416e-b1f4-66e23bc05d05{ip: 192.168.157.195, host: pr-hdds-1569-xtfnx-3545843844, networkLocation: /default-rack, certSerialId: null}
2019-09-12 11:40:29,526 | INFO  | SCMAudit | user=jenkins1000 | ip=192.168.157.195 | op=REGISTER {datanodeDetails=f17fb2fb-971d-416e-b1f4-66e23bc05d05{ip: 192.168.157.195, host: pr-hdds-1569-xtfnx-3545843844, networkLocation: /default-rack, certSerialId: null}} | ret=SUCCESS |  
2019-09-12 11:40:29,527 [IPC Server handler 3 on 43171] INFO  net.NetworkTopology (NetworkTopologyImpl.java:add(110)) - Added a new node: /default-rack/ef411258-a662-4696-ba26-405a55c9a048
2019-09-12 11:40:29,527 [IPC Server handler 3 on 43171] INFO  node.SCMNodeManager (SCMNodeManager.java:register(273)) - Registered Data node : ef411258-a662-4696-ba26-405a55c9a048{ip: 192.168.157.195, host: pr-hdds-1569-xtfnx-3545843844, networkLocation: /default-rack, certSerialId: null}
2019-09-12 11:40:29,527 | INFO  | SCMAudit | user=jenkins1000 | ip=192.168.157.195 | op=REGISTER {datanodeDetails=ef411258-a662-4696-ba26-405a55c9a048{ip: 192.168.157.195, host: pr-hdds-1569-xtfnx-3545843844, networkLocation: /default-rack, certSerialId: null}} | ret=SUCCESS |  
2019-09-12 11:40:29,648 [main] INFO  ozone.MiniOzoneClusterImpl (MiniOzoneClusterImpl.java:lambda$waitForClusterToBeReady$0(142)) - Waiting for cluster to be ready. Got 5 of 10 DN Heartbeats.
2019-09-12 11:40:29,750 [IPC Server handler 16 on 43171] INFO  net.NetworkTopology (NetworkTopologyImpl.java:add(110)) - Added a new node: /default-rack/875e3d5e-0813-40b8-b024-43837dd2f6d5
2019-09-12 11:40:29,751 [IPC Server handler 16 on 43171] INFO  node.SCMNodeManager (SCMNodeManager.java:register(273)) - Registered Data node : 875e3d5e-0813-40b8-b024-43837dd2f6d5{ip: 192.168.157.195, host: pr-hdds-1569-xtfnx-3545843844, networkLocation: /default-rack, certSerialId: null}
2019-09-12 11:40:29,751 | INFO  | SCMAudit | user=jenkins1000 | ip=192.168.157.195 | op=REGISTER {datanodeDetails=875e3d5e-0813-40b8-b024-43837dd2f6d5{ip: 192.168.157.195, host: pr-hdds-1569-xtfnx-3545843844, networkLocation: /default-rack, certSerialId: null}} | ret=SUCCESS |  
2019-09-12 11:40:29,764 [grpc-default-executor-0] INFO  impl.RaftServerProxy (RaftServerProxy.java:addNew(89)) - 5d0352ef-d446-4a04-a69e-b6b493d47759: addNew group-A2BA0A5B9FFA:[5d0352ef-d446-4a04-a69e-b6b493d47759:192.168.157.195:35104] returns group-A2BA0A5B9FFA:java.util.concurrent.CompletableFuture@762e2089[Not completed]
2019-09-12 11:40:29,794 [pool-27-thread-1] INFO  impl.RaftServerImpl (RaftServerImpl.java:<init>(93)) - 5d0352ef-d446-4a04-a69e-b6b493d47759: new RaftServerImpl for group-A2BA0A5B9FFA:[5d0352ef-d446-4a04-a69e-b6b493d47759:192.168.157.195:35104] with ContainerStateMachine:uninitialized
2019-09-12 11:40:29,796 [pool-27-thread-1] INFO  server.RaftServerConfigKeys (ConfUtils.java:logGet(43)) - raft.server.rpc.timeout.min = 5s (custom)
2019-09-12 11:40:29,798 [pool-27-thread-1] INFO  server.RaftServerConfigKeys (ConfUtils.java:logGet(43)) - raft.server.rpc.timeout.max = 5200ms (custom)
2019-09-12 11:40:29,798 [pool-27-thread-1] INFO  server.RaftServerConfigKeys (ConfUtils.java:logGet(43)) - raft.server.rpcslowness.timeout = 120s (custom)
2019-09-12 11:40:29,799 [pool-27-thread-1] INFO  server.RaftServerConfigKeys (ConfUtils.java:logGet(43)) - raft.server.sleep.deviation.threshold = 300 (default)
2019-09-12 11:40:29,800 [pool-27-thread-1] INFO  server.RaftServerConfigKeys (ConfUtils.java:logGet(43)) - raft.server.log.appender.install.snapshot.enabled = false (custom)
2019-09-12 11:40:29,809 [pool-27-thread-1] INFO  impl.RaftServerImpl (ServerState.java:<init>(105)) - 5d0352ef-d446-4a04-a69e-b6b493d47759:group-A2BA0A5B9FFA ConfigurationManager, init=-1: [5d0352ef-d446-4a04-a69e-b6b493d47759:192.168.157.195:35104], old=null, confs=<EMPTY_MAP>
2019-09-12 11:40:29,810 [pool-27-thread-1] INFO  server.RaftServerConfigKeys (ConfUtils.java:logGet(43)) - raft.server.storage.dir = [/workdir/hadoop-ozone/ozonefs/target/test-dir/MiniOzoneClusterImpl-3f0ffa95-bfc9-4a1c-9a47-ff24715a0622/datanode-0/data/ratis] (custom)
2019-09-12 11:40:29,819 [pool-27-thread-1] INFO  storage.RaftStorageDirectory (RaftStorageDirectory.java:analyzeStorage(246)) - The storage directory /workdir/hadoop-ozone/ozonefs/target/test-dir/MiniOzoneClusterImpl-3f0ffa95-bfc9-4a1c-9a47-ff24715a0622/datanode-0/data/ratis/c4edf266-8006-4d40-b434-a2ba0a5b9ffa does not exist. Creating ...
2019-09-12 11:40:29,862 [pool-27-thread-1] INFO  storage.RaftStorageDirectory (RaftStorageDirectory.java:tryLock(328)) - Lock on /workdir/hadoop-ozone/ozonefs/target/test-dir/MiniOzoneClusterImpl-3f0ffa95-bfc9-4a1c-9a47-ff24715a0622/datanode-0/data/ratis/c4edf266-8006-4d40-b434-a2ba0a5b9ffa/in_use.lock acquired by nodename 26061@pr-hdds-1569-xtfnx-3545843844
2019-09-12 11:40:29,877 [pool-27-thread-1] INFO  storage.RaftStorage (RaftStorage.java:format(72)) - Storage directory /workdir/hadoop-ozone/ozonefs/target/test-dir/MiniOzoneClusterImpl-3f0ffa95-bfc9-4a1c-9a47-ff24715a0622/datanode-0/data/ratis/c4edf266-8006-4d40-b434-a2ba0a5b9ffa has been successfully formatted.
2019-09-12 11:40:29,880 [pool-27-thread-1] INFO  ratis.ContainerStateMachine (ContainerStateMachine.java:loadSnapshot(226)) - group-A2BA0A5B9FFA: The snapshot info is null. Setting the last applied indexto:(t:0, i:~)
2019-09-12 11:40:29,880 [pool-27-thread-1] INFO  server.RaftServerConfigKeys (ConfUtils.java:logGet(43)) - raft.server.leader.election.timeout = 120s (custom)
2019-09-12 11:40:29,883 [pool-27-thread-1] INFO  server.RaftServerConfigKeys (ConfUtils.java:logGet(43)) - raft.server.log.use.memory = false (default)
2019-09-12 11:40:29,888 [pool-27-thread-1] INFO  server.RaftServerConfigKeys (ConfUtils.java:logGet(43)) - raft.server.log.purge.gap = 1000000 (custom)
2019-09-12 11:40:29,889 [pool-27-thread-1] INFO  server.RaftServerConfigKeys (ConfUtils.java:logGet(43)) - raft.server.log.appender.buffer.byte-limit = 33554432 (custom)
2019-09-12 11:40:29,891 [pool-27-thread-1] INFO  server.RaftServerConfigKeys (ConfUtils.java:logGet(43)) - raft.server.log.segment.size.max = 1048576 (custom)
2019-09-12 11:40:29,896 [pool-27-thread-1] INFO  server.RaftServerConfigKeys (ConfUtils.java:logGet(43)) - raft.server.log.segment.cache.num.max = 2 (custom)
2019-09-12 11:40:29,902 [pool-27-thread-1] INFO  segmented.SegmentedRaftLogWorker (SegmentedRaftLogWorker.java:<init>(172)) - new 5d0352ef-d446-4a04-a69e-b6b493d47759-SegmentedRaftLogWorker:Storage Directory /workdir/hadoop-ozone/ozonefs/target/test-dir/MiniOzoneClusterImpl-3f0ffa95-bfc9-4a1c-9a47-ff24715a0622/datanode-0/data/ratis/c4edf266-8006-4d40-b434-a2ba0a5b9ffa for RaftStorage:Storage Directory /workdir/hadoop-ozone/ozonefs/target/test-dir/MiniOzoneClusterImpl-3f0ffa95-bfc9-4a1c-9a47-ff24715a0622/datanode-0/data/ratis/c4edf266-8006-4d40-b434-a2ba0a5b9ffa
2019-09-12 11:40:29,915 [pool-27-thread-1] INFO  server.RaftServerConfigKeys (ConfUtils.java:logGet(43)) - raft.server.log.queue.byte-limit = 2147483647 (custom)
2019-09-12 11:40:29,916 [pool-27-thread-1] INFO  server.RaftServerConfigKeys (ConfUtils.java:logGet(43)) - raft.server.log.queue.element-limit = 1024 (custom)
2019-09-12 11:40:29,921 [pool-27-thread-1] INFO  server.RaftServerConfigKeys (ConfUtils.java:logGet(43)) - raft.server.log.segment.size.max = 1048576 (custom)
2019-09-12 11:40:29,921 [pool-27-thread-1] INFO  server.RaftServerConfigKeys (ConfUtils.java:logGet(43)) - raft.server.log.preallocated.size = 16384 (custom)
2019-09-12 11:40:29,922 [pool-27-thread-1] INFO  server.RaftServerConfigKeys (ConfUtils.java:logGet(43)) - raft.server.log.write.buffer.size = 33554432 (custom)
2019-09-12 11:40:29,922 [pool-27-thread-1] INFO  server.RaftServerConfigKeys (ConfUtils.java:logGet(43)) - raft.server.log.force.sync.num = 128 (default)
2019-09-12 11:40:29,923 [pool-27-thread-1] INFO  server.RaftServerConfigKeys (ConfUtils.java:logGet(43)) - raft.server.log.statemachine.data.sync = true (default)
2019-09-12 11:40:29,923 [pool-27-thread-1] INFO  server.RaftServerConfigKeys (ConfUtils.java:logGet(43)) - raft.server.log.statemachine.data.sync.timeout = 10s (default)
2019-09-12 11:40:29,924 [pool-27-thread-1] INFO  server.RaftServerConfigKeys (ConfUtils.java:logGet(43)) - raft.server.log.statemachine.data.sync.timeout.retry = -1 (default)
2019-09-12 11:40:29,934 [pool-27-thread-1] INFO  server.RaftServerConfigKeys (ConfUtils.java:logGet(43)) - raft.server.log.statemachine.data.caching.enabled = true (custom)
2019-09-12 11:40:29,938 [pool-27-thread-1] INFO  segmented.SegmentedRaftLogWorker (SegmentedRaftLogWorker.java:lambda$new$0(132)) - 5d0352ef-d446-4a04-a69e-b6b493d47759-SegmentedRaftLogWorker:Storage Directory /workdir/hadoop-ozone/ozonefs/target/test-dir/MiniOzoneClusterImpl-3f0ffa95-bfc9-4a1c-9a47-ff24715a0622/datanode-0/data/ratis/c4edf266-8006-4d40-b434-a2ba0a5b9ffa: flushIndex: setUnconditionally 0 -> -1
2019-09-12 11:40:29,943 [pool-27-thread-1] INFO  server.RaftServerConfigKeys (ConfUtils.java:logGet(43)) - raft.server.snapshot.auto.trigger.enabled = true (custom)
2019-09-12 11:40:29,943 [pool-27-thread-1] INFO  server.RaftServerConfigKeys (ConfUtils.java:logGet(43)) - raft.server.snapshot.auto.trigger.threshold = 10000 (custom)
2019-09-12 11:40:29,944 [pool-27-thread-1] INFO  server.RaftServerConfigKeys (ConfUtils.java:logGet(43)) - raft.server.retrycache.expirytime = 600000ms (custom)
2019-09-12 11:40:29,967 [pool-27-thread-1] INFO  impl.RaftServerImpl (RaftServerImpl.java:start(180)) - 5d0352ef-d446-4a04-a69e-b6b493d47759: start group-A2BA0A5B9FFA
2019-09-12 11:40:29,968 [pool-27-thread-1] INFO  impl.RaftServerImpl (RaftServerImpl.java:setRole(171)) - 5d0352ef-d446-4a04-a69e-b6b493d47759:group-A2BA0A5B9FFA changes role from null to FOLLOWER at term 0 for startAsFollower
2019-09-12 11:40:29,970 [pool-27-thread-1] INFO  impl.RoleInfo (RoleInfo.java:updateAndGet(143)) - 5d0352ef-d446-4a04-a69e-b6b493d47759: start FollowerState
2019-09-12 11:40:29,971 [pool-27-thread-1] INFO  util.JmxRegister (JmxRegister.java:tryRegister(44)) - Successfully registered JMX Bean with object name Ratis:service=RaftServer,group=group-A2BA0A5B9FFA,id=5d0352ef-d446-4a04-a69e-b6b493d47759
2019-09-12 11:40:29,998 [IPC Server handler 1 on 43171] INFO  net.NetworkTopology (NetworkTopologyImpl.java:add(110)) - Added a new node: /default-rack/4255b290-7b6d-420f-97e2-6dfb55690bab
2019-09-12 11:40:30,000 [IPC Server handler 1 on 43171] INFO  node.SCMNodeManager (SCMNodeManager.java:register(273)) - Registered Data node : 4255b290-7b6d-420f-97e2-6dfb55690bab{ip: 192.168.157.195, host: pr-hdds-1569-xtfnx-3545843844, networkLocation: /default-rack, certSerialId: null}
2019-09-12 11:40:30,000 | INFO  | SCMAudit | user=jenkins1000 | ip=192.168.157.195 | op=REGISTER {datanodeDetails=4255b290-7b6d-420f-97e2-6dfb55690bab{ip: 192.168.157.195, host: pr-hdds-1569-xtfnx-3545843844, networkLocation: /default-rack, certSerialId: null}} | ret=SUCCESS |  
2019-09-12 11:40:30,045 [RatisPipelineUtilsThread] INFO  pipeline.PipelineStateManager (PipelineStateManager.java:addPipeline(56)) - Created pipeline Pipeline[ Id: c4edf266-8006-4d40-b434-a2ba0a5b9ffa, Nodes: 5d0352ef-d446-4a04-a69e-b6b493d47759{ip: 192.168.157.195, host: pr-hdds-1569-xtfnx-3545843844, networkLocation: /default-rack, certSerialId: null}, Type:RATIS, Factor:ONE, State:OPEN]
2019-09-12 11:40:30,078 [grpc-default-executor-0] INFO  impl.RaftServerProxy (RaftServerProxy.java:addNew(89)) - 2da31971-fd5c-4baf-8dfe-b6048362baf8: addNew group-0EDD090DB3D3:[2da31971-fd5c-4baf-8dfe-b6048362baf8:192.168.157.195:36166] returns group-0EDD090DB3D3:java.util.concurrent.CompletableFuture@303e3f7e[Not completed]
2019-09-12 11:40:30,151 [pool-38-thread-1] INFO  impl.RaftServerImpl (RaftServerImpl.java:<init>(93)) - 2da31971-fd5c-4baf-8dfe-b6048362baf8: new RaftServerImpl for group-0EDD090DB3D3:[2da31971-fd5c-4baf-8dfe-b6048362baf8:192.168.157.195:36166] with ContainerStateMachine:uninitialized
2019-09-12 11:40:30,153 [pool-38-thread-1] INFO  server.RaftServerConfigKeys (ConfUtils.java:logGet(43)) - raft.server.rpc.timeout.min = 5s (custom)
2019-09-12 11:40:30,153 [pool-38-thread-1] INFO  server.RaftServerConfigKeys (ConfUtils.java:logGet(43)) - raft.server.rpc.timeout.max = 5200ms (custom)
2019-09-12 11:40:30,153 [pool-38-thread-1] INFO  server.RaftServerConfigKeys (ConfUtils.java:logGet(43)) - raft.server.rpcslowness.timeout = 120s (custom)
2019-09-12 11:40:30,153 [pool-38-thread-1] INFO  server.RaftServerConfigKeys (ConfUtils.java:logGet(43)) - raft.server.sleep.deviation.threshold = 300 (default)
2019-09-12 11:40:30,153 [pool-38-thread-1] INFO  server.RaftServerConfigKeys (ConfUtils.java:logGet(43)) - raft.server.log.appender.install.snapshot.enabled = false (custom)
2019-09-12 11:40:30,154 [pool-38-thread-1] INFO  impl.RaftServerImpl (ServerState.java:<init>(105)) - 2da31971-fd5c-4baf-8dfe-b6048362baf8:group-0EDD090DB3D3 ConfigurationManager, init=-1: [2da31971-fd5c-4baf-8dfe-b6048362baf8:192.168.157.195:36166], old=null, confs=<EMPTY_MAP>
2019-09-12 11:40:30,154 [pool-38-thread-1] INFO  server.RaftServerConfigKeys (ConfUtils.java:logGet(43)) - raft.server.storage.dir = [/workdir/hadoop-ozone/ozonefs/target/test-dir/MiniOzoneClusterImpl-3f0ffa95-bfc9-4a1c-9a47-ff24715a0622/datanode-1/data/ratis] (custom)
2019-09-12 11:40:30,154 [pool-38-thread-1] INFO  storage.RaftStorageDirectory (RaftStorageDirectory.java:analyzeStorage(246)) - The storage directory /workdir/hadoop-ozone/ozonefs/target/test-dir/MiniOzoneClusterImpl-3f0ffa95-bfc9-4a1c-9a47-ff24715a0622/datanode-1/data/ratis/19e2168b-2ba1-4faa-9c2a-0edd090db3d3 does not exist. Creating ...
2019-09-12 11:40:30,177 [pool-38-thread-1] INFO  storage.RaftStorageDirectory (RaftStorageDirectory.java:tryLock(328)) - Lock on /workdir/hadoop-ozone/ozonefs/target/test-dir/MiniOzoneClusterImpl-3f0ffa95-bfc9-4a1c-9a47-ff24715a0622/datanode-1/data/ratis/19e2168b-2ba1-4faa-9c2a-0edd090db3d3/in_use.lock acquired by nodename 26061@pr-hdds-1569-xtfnx-3545843844
2019-09-12 11:40:30,190 [pool-38-thread-1] INFO  storage.RaftStorage (RaftStorage.java:format(72)) - Storage directory /workdir/hadoop-ozone/ozonefs/target/test-dir/MiniOzoneClusterImpl-3f0ffa95-bfc9-4a1c-9a47-ff24715a0622/datanode-1/data/ratis/19e2168b-2ba1-4faa-9c2a-0edd090db3d3 has been successfully formatted.
2019-09-12 11:40:30,193 [pool-38-thread-1] INFO  ratis.ContainerStateMachine (ContainerStateMachine.java:loadSnapshot(226)) - group-0EDD090DB3D3: The snapshot info is null. Setting the last applied indexto:(t:0, i:~)
2019-09-12 11:40:30,196 [pool-38-thread-1] INFO  server.RaftServerConfigKeys (ConfUtils.java:logGet(43)) - raft.server.leader.election.timeout = 120s (custom)
2019-09-12 11:40:30,196 [pool-38-thread-1] INFO  server.RaftServerConfigKeys (ConfUtils.java:logGet(43)) - raft.server.log.use.memory = false (default)
2019-09-12 11:40:30,196 [pool-38-thread-1] INFO  server.RaftServerConfigKeys (ConfUtils.java:logGet(43)) - raft.server.log.purge.gap = 1000000 (custom)
2019-09-12 11:40:30,196 [pool-38-thread-1] INFO  server.RaftServerConfigKeys (ConfUtils.java:logGet(43)) - raft.server.log.appender.buffer.byte-limit = 33554432 (custom)
2019-09-12 11:40:30,197 [pool-38-thread-1] INFO  server.RaftServerConfigKeys (ConfUtils.java:logGet(43)) - raft.server.log.segment.size.max = 1048576 (custom)
2019-09-12 11:40:30,197 [pool-38-thread-1] INFO  server.RaftServerConfigKeys (ConfUtils.java:logGet(43)) - raft.server.log.segment.cache.num.max = 2 (custom)
2019-09-12 11:40:30,197 [pool-38-thread-1] INFO  segmented.SegmentedRaftLogWorker (SegmentedRaftLogWorker.java:<init>(172)) - new 2da31971-fd5c-4baf-8dfe-b6048362baf8-SegmentedRaftLogWorker:Storage Directory /workdir/hadoop-ozone/ozonefs/target/test-dir/MiniOzoneClusterImpl-3f0ffa95-bfc9-4a1c-9a47-ff24715a0622/datanode-1/data/ratis/19e2168b-2ba1-4faa-9c2a-0edd090db3d3 for RaftStorage:Storage Directory /workdir/hadoop-ozone/ozonefs/target/test-dir/MiniOzoneClusterImpl-3f0ffa95-bfc9-4a1c-9a47-ff24715a0622/datanode-1/data/ratis/19e2168b-2ba1-4faa-9c2a-0edd090db3d3
2019-09-12 11:40:30,200 [pool-38-thread-1] INFO  server.RaftServerConfigKeys (ConfUtils.java:logGet(43)) - raft.server.log.queue.byte-limit = 2147483647 (custom)
2019-09-12 11:40:30,200 [pool-38-thread-1] INFO  server.RaftServerConfigKeys (ConfUtils.java:logGet(43)) - raft.server.log.queue.element-limit = 1024 (custom)
2019-09-12 11:40:30,200 [pool-38-thread-1] INFO  server.RaftServerConfigKeys (ConfUtils.java:logGet(43)) - raft.server.log.segment.size.max = 1048576 (custom)
2019-09-12 11:40:30,200 [pool-38-thread-1] INFO  server.RaftServerConfigKeys (ConfUtils.java:logGet(43)) - raft.server.log.preallocated.size = 16384 (custom)
2019-09-12 11:40:30,201 [pool-38-thread-1] INFO  server.RaftServerConfigKeys (ConfUtils.java:logGet(43)) - raft.server.log.write.buffer.size = 33554432 (custom)
2019-09-12 11:40:30,201 [pool-38-thread-1] INFO  server.RaftServerConfigKeys (ConfUtils.java:logGet(43)) - raft.server.log.force.sync.num = 128 (default)
2019-09-12 11:40:30,201 [pool-38-thread-1] INFO  server.RaftServerConfigKeys (ConfUtils.java:logGet(43)) - raft.server.log.statemachine.data.sync = true (default)
2019-09-12 11:40:30,201 [pool-38-thread-1] INFO  server.RaftServerConfigKeys (ConfUtils.java:logGet(43)) - raft.server.log.statemachine.data.sync.timeout = 10s (default)
2019-09-12 11:40:30,201 [pool-38-thread-1] INFO  server.RaftServerConfigKeys (ConfUtils.java:logGet(43)) - raft.server.log.statemachine.data.sync.timeout.retry = -1 (default)
2019-09-12 11:40:30,202 [pool-38-thread-1] INFO  server.RaftServerConfigKeys (ConfUtils.java:logGet(43)) - raft.server.log.statemachine.data.caching.enabled = true (custom)
2019-09-12 11:40:30,202 [pool-38-thread-1] INFO  segmented.SegmentedRaftLogWorker (SegmentedRaftLogWorker.java:lambda$new$0(132)) - 2da31971-fd5c-4baf-8dfe-b6048362baf8-SegmentedRaftLogWorker:Storage Directory /workdir/hadoop-ozone/ozonefs/target/test-dir/MiniOzoneClusterImpl-3f0ffa95-bfc9-4a1c-9a47-ff24715a0622/datanode-1/data/ratis/19e2168b-2ba1-4faa-9c2a-0edd090db3d3: flushIndex: setUnconditionally 0 -> -1
2019-09-12 11:40:30,203 [pool-38-thread-1] INFO  server.RaftServerConfigKeys (ConfUtils.java:logGet(43)) - raft.server.snapshot.auto.trigger.enabled = true (custom)
2019-09-12 11:40:30,203 [pool-38-thread-1] INFO  server.RaftServerConfigKeys (ConfUtils.java:logGet(43)) - raft.server.snapshot.auto.trigger.threshold = 10000 (custom)
2019-09-12 11:40:30,203 [pool-38-thread-1] INFO  server.RaftServerConfigKeys (ConfUtils.java:logGet(43)) - raft.server.retrycache.expirytime = 600000ms (custom)
2019-09-12 11:40:30,204 [pool-38-thread-1] INFO  impl.RaftServerImpl (RaftServerImpl.java:start(180)) - 2da31971-fd5c-4baf-8dfe-b6048362baf8: start group-0EDD090DB3D3
2019-09-12 11:40:30,204 [pool-38-thread-1] INFO  impl.RaftServerImpl (RaftServerImpl.java:setRole(171)) - 2da31971-fd5c-4baf-8dfe-b6048362baf8:group-0EDD090DB3D3 changes role from null to FOLLOWER at term 0 for startAsFollower
2019-09-12 11:40:30,204 [pool-38-thread-1] INFO  impl.RoleInfo (RoleInfo.java:updateAndGet(143)) - 2da31971-fd5c-4baf-8dfe-b6048362baf8: start FollowerState
2019-09-12 11:40:30,207 [pool-38-thread-1] INFO  util.JmxRegister (JmxRegister.java:tryRegister(44)) - Successfully registered JMX Bean with object name Ratis:service=RaftServer,group=group-0EDD090DB3D3,id=2da31971-fd5c-4baf-8dfe-b6048362baf8
2019-09-12 11:40:30,220 [IPC Server handler 0 on 43171] INFO  net.NetworkTopology (NetworkTopologyImpl.java:add(110)) - Added a new node: /default-rack/8668900b-06f4-40f9-8926-68eb6348aa5d
2019-09-12 11:40:30,223 [IPC Server handler 0 on 43171] INFO  node.SCMNodeManager (SCMNodeManager.java:register(273)) - Registered Data node : 8668900b-06f4-40f9-8926-68eb6348aa5d{ip: 192.168.157.195, host: pr-hdds-1569-xtfnx-3545843844, networkLocation: /default-rack, certSerialId: null}
2019-09-12 11:40:30,223 | INFO  | SCMAudit | user=jenkins1000 | ip=192.168.157.195 | op=REGISTER {datanodeDetails=8668900b-06f4-40f9-8926-68eb6348aa5d{ip: 192.168.157.195, host: pr-hdds-1569-xtfnx-3545843844, networkLocation: /default-rack, certSerialId: null}} | ret=SUCCESS |  
2019-09-12 11:40:30,235 [RatisPipelineUtilsThread] INFO  pipeline.PipelineStateManager (PipelineStateManager.java:addPipeline(56)) - Created pipeline Pipeline[ Id: 19e2168b-2ba1-4faa-9c2a-0edd090db3d3, Nodes: 2da31971-fd5c-4baf-8dfe-b6048362baf8{ip: 192.168.157.195, host: pr-hdds-1569-xtfnx-3545843844, networkLocation: /default-rack, certSerialId: null}, Type:RATIS, Factor:ONE, State:OPEN]
2019-09-12 11:40:30,262 [grpc-default-executor-0] INFO  impl.RaftServerProxy (RaftServerProxy.java:addNew(89)) - f17fb2fb-971d-416e-b1f4-66e23bc05d05: addNew group-D0D556A80E52:[f17fb2fb-971d-416e-b1f4-66e23bc05d05:192.168.157.195:35862] returns group-D0D556A80E52:java.util.concurrent.CompletableFuture@7d19cea4[Not completed]
2019-09-12 11:40:30,278 [pool-60-thread-1] INFO  impl.RaftServerImpl (RaftServerImpl.java:<init>(93)) - f17fb2fb-971d-416e-b1f4-66e23bc05d05: new RaftServerImpl for group-D0D556A80E52:[f17fb2fb-971d-416e-b1f4-66e23bc05d05:192.168.157.195:35862] with ContainerStateMachine:uninitialized
2019-09-12 11:40:30,279 [pool-60-thread-1] INFO  server.RaftServerConfigKeys (ConfUtils.java:logGet(43)) - raft.server.rpc.timeout.min = 5s (custom)
2019-09-12 11:40:30,279 [pool-60-thread-1] INFO  server.RaftServerConfigKeys (ConfUtils.java:logGet(43)) - raft.server.rpc.timeout.max = 5200ms (custom)
2019-09-12 11:40:30,279 [pool-60-thread-1] INFO  server.RaftServerConfigKeys (ConfUtils.java:logGet(43)) - raft.server.rpcslowness.timeout = 120s (custom)
2019-09-12 11:40:30,279 [pool-60-thread-1] INFO  server.RaftServerConfigKeys (ConfUtils.java:logGet(43)) - raft.server.sleep.deviation.threshold = 300 (default)
2019-09-12 11:40:30,279 [pool-60-thread-1] INFO  server.RaftServerConfigKeys (ConfUtils.java:logGet(43)) - raft.server.log.appender.install.snapshot.enabled = false (custom)
2019-09-12 11:40:30,279 [pool-60-thread-1] INFO  impl.RaftServerImpl (ServerState.java:<init>(105)) - f17fb2fb-971d-416e-b1f4-66e23bc05d05:group-D0D556A80E52 ConfigurationManager, init=-1: [f17fb2fb-971d-416e-b1f4-66e23bc05d05:192.168.157.195:35862], old=null, confs=<EMPTY_MAP>
2019-09-12 11:40:30,280 [pool-60-thread-1] INFO  server.RaftServerConfigKeys (ConfUtils.java:logGet(43)) - raft.server.storage.dir = [/workdir/hadoop-ozone/ozonefs/target/test-dir/MiniOzoneClusterImpl-3f0ffa95-bfc9-4a1c-9a47-ff24715a0622/datanode-3/data/ratis] (custom)
2019-09-12 11:40:30,280 [pool-60-thread-1] INFO  storage.RaftStorageDirectory (RaftStorageDirectory.java:analyzeStorage(246)) - The storage directory /workdir/hadoop-ozone/ozonefs/target/test-dir/MiniOzoneClusterImpl-3f0ffa95-bfc9-4a1c-9a47-ff24715a0622/datanode-3/data/ratis/45a80931-55e1-4d04-bc7f-d0d556a80e52 does not exist. Creating ...
2019-09-12 11:40:30,293 [pool-60-thread-1] INFO  storage.RaftStorageDirectory (RaftStorageDirectory.java:tryLock(328)) - Lock on /workdir/hadoop-ozone/ozonefs/target/test-dir/MiniOzoneClusterImpl-3f0ffa95-bfc9-4a1c-9a47-ff24715a0622/datanode-3/data/ratis/45a80931-55e1-4d04-bc7f-d0d556a80e52/in_use.lock acquired by nodename 26061@pr-hdds-1569-xtfnx-3545843844
2019-09-12 11:40:30,305 [pool-60-thread-1] INFO  storage.RaftStorage (RaftStorage.java:format(72)) - Storage directory /workdir/hadoop-ozone/ozonefs/target/test-dir/MiniOzoneClusterImpl-3f0ffa95-bfc9-4a1c-9a47-ff24715a0622/datanode-3/data/ratis/45a80931-55e1-4d04-bc7f-d0d556a80e52 has been successfully formatted.
2019-09-12 11:40:30,306 [pool-60-thread-1] INFO  ratis.ContainerStateMachine (ContainerStateMachine.java:loadSnapshot(226)) - group-D0D556A80E52: The snapshot info is null. Setting the last applied indexto:(t:0, i:~)
2019-09-12 11:40:30,306 [pool-60-thread-1] INFO  server.RaftServerConfigKeys (ConfUtils.java:logGet(43)) - raft.server.leader.election.timeout = 120s (custom)
2019-09-12 11:40:30,306 [pool-60-thread-1] INFO  server.RaftServerConfigKeys (ConfUtils.java:logGet(43)) - raft.server.log.use.memory = false (default)
2019-09-12 11:40:30,307 [pool-60-thread-1] INFO  server.RaftServerConfigKeys (ConfUtils.java:logGet(43)) - raft.server.log.purge.gap = 1000000 (custom)
2019-09-12 11:40:30,307 [pool-60-thread-1] INFO  server.RaftServerConfigKeys (ConfUtils.java:logGet(43)) - raft.server.log.appender.buffer.byte-limit = 33554432 (custom)
2019-09-12 11:40:30,307 [pool-60-thread-1] INFO  server.RaftServerConfigKeys (ConfUtils.java:logGet(43)) - raft.server.log.segment.size.max = 1048576 (custom)
2019-09-12 11:40:30,307 [pool-60-thread-1] INFO  server.RaftServerConfigKeys (ConfUtils.java:logGet(43)) - raft.server.log.segment.cache.num.max = 2 (custom)
2019-09-12 11:40:30,308 [pool-60-thread-1] INFO  segmented.SegmentedRaftLogWorker (SegmentedRaftLogWorker.java:<init>(172)) - new f17fb2fb-971d-416e-b1f4-66e23bc05d05-SegmentedRaftLogWorker:Storage Directory /workdir/hadoop-ozone/ozonefs/target/test-dir/MiniOzoneClusterImpl-3f0ffa95-bfc9-4a1c-9a47-ff24715a0622/datanode-3/data/ratis/45a80931-55e1-4d04-bc7f-d0d556a80e52 for RaftStorage:Storage Directory /workdir/hadoop-ozone/ozonefs/target/test-dir/MiniOzoneClusterImpl-3f0ffa95-bfc9-4a1c-9a47-ff24715a0622/datanode-3/data/ratis/45a80931-55e1-4d04-bc7f-d0d556a80e52
2019-09-12 11:40:30,308 [pool-60-thread-1] INFO  server.RaftServerConfigKeys (ConfUtils.java:logGet(43)) - raft.server.log.queue.byte-limit = 2147483647 (custom)
2019-09-12 11:40:30,308 [pool-60-thread-1] INFO  server.RaftServerConfigKeys (ConfUtils.java:logGet(43)) - raft.server.log.queue.element-limit = 1024 (custom)
2019-09-12 11:40:30,308 [pool-60-thread-1] INFO  server.RaftServerConfigKeys (ConfUtils.java:logGet(43)) - raft.server.log.segment.size.max = 1048576 (custom)
2019-09-12 11:40:30,309 [pool-60-thread-1] INFO  server.RaftServerConfigKeys (ConfUtils.java:logGet(43)) - raft.server.log.preallocated.size = 16384 (custom)
2019-09-12 11:40:30,309 [pool-60-thread-1] INFO  server.RaftServerConfigKeys (ConfUtils.java:logGet(43)) - raft.server.log.write.buffer.size = 33554432 (custom)
2019-09-12 11:40:30,309 [pool-60-thread-1] INFO  server.RaftServerConfigKeys (ConfUtils.java:logGet(43)) - raft.server.log.force.sync.num = 128 (default)
2019-09-12 11:40:30,309 [pool-60-thread-1] INFO  server.RaftServerConfigKeys (ConfUtils.java:logGet(43)) - raft.server.log.statemachine.data.sync = true (default)
2019-09-12 11:40:30,309 [pool-60-thread-1] INFO  server.RaftServerConfigKeys (ConfUtils.java:logGet(43)) - raft.server.log.statemachine.data.sync.timeout = 10s (default)
2019-09-12 11:40:30,310 [pool-60-thread-1] INFO  server.RaftServerConfigKeys (ConfUtils.java:logGet(43)) - raft.server.log.statemachine.data.sync.timeout.retry = -1 (default)
2019-09-12 11:40:30,310 [pool-60-thread-1] INFO  server.RaftServerConfigKeys (ConfUtils.java:logGet(43)) - raft.server.log.statemachine.data.caching.enabled = true (custom)
2019-09-12 11:40:30,311 [pool-60-thread-1] INFO  segmented.SegmentedRaftLogWorker (SegmentedRaftLogWorker.java:lambda$new$0(132)) - f17fb2fb-971d-416e-b1f4-66e23bc05d05-SegmentedRaftLogWorker:Storage Directory /workdir/hadoop-ozone/ozonefs/target/test-dir/MiniOzoneClusterImpl-3f0ffa95-bfc9-4a1c-9a47-ff24715a0622/datanode-3/data/ratis/45a80931-55e1-4d04-bc7f-d0d556a80e52: flushIndex: setUnconditionally 0 -> -1
2019-09-12 11:40:30,314 [pool-60-thread-1] INFO  server.RaftServerConfigKeys (ConfUtils.java:logGet(43)) - raft.server.snapshot.auto.trigger.enabled = true (custom)
2019-09-12 11:40:30,314 [pool-60-thread-1] INFO  server.RaftServerConfigKeys (ConfUtils.java:logGet(43)) - raft.server.snapshot.auto.trigger.threshold = 10000 (custom)
2019-09-12 11:40:30,314 [pool-60-thread-1] INFO  server.RaftServerConfigKeys (ConfUtils.java:logGet(43)) - raft.server.retrycache.expirytime = 600000ms (custom)
2019-09-12 11:40:30,315 [pool-60-thread-1] INFO  impl.RaftServerImpl (RaftServerImpl.java:start(180)) - f17fb2fb-971d-416e-b1f4-66e23bc05d05: start group-D0D556A80E52
2019-09-12 11:40:30,315 [pool-60-thread-1] INFO  impl.RaftServerImpl (RaftServerImpl.java:setRole(171)) - f17fb2fb-971d-416e-b1f4-66e23bc05d05:group-D0D556A80E52 changes role from null to FOLLOWER at term 0 for startAsFollower
2019-09-12 11:40:30,315 [pool-60-thread-1] INFO  impl.RoleInfo (RoleInfo.java:updateAndGet(143)) - f17fb2fb-971d-416e-b1f4-66e23bc05d05: start FollowerState
2019-09-12 11:40:30,316 [pool-60-thread-1] INFO  util.JmxRegister (JmxRegister.java:tryRegister(44)) - Successfully registered JMX Bean with object name Ratis:service=RaftServer,group=group-D0D556A80E52,id=f17fb2fb-971d-416e-b1f4-66e23bc05d05
2019-09-12 11:40:30,335 [RatisPipelineUtilsThread] INFO  pipeline.PipelineStateManager (PipelineStateManager.java:addPipeline(56)) - Created pipeline Pipeline[ Id: 45a80931-55e1-4d04-bc7f-d0d556a80e52, Nodes: f17fb2fb-971d-416e-b1f4-66e23bc05d05{ip: 192.168.157.195, host: pr-hdds-1569-xtfnx-3545843844, networkLocation: /default-rack, certSerialId: null}, Type:RATIS, Factor:ONE, State:OPEN]
2019-09-12 11:40:30,339 | INFO  | SCMAudit | user=jenkins1000 | ip=192.168.157.195 | op=SEND_HEARTBEAT {datanodeUUID=5d0352ef-d446-4a04-a69e-b6b493d47759, command=[]} | ret=SUCCESS |  
2019-09-12 11:40:30,366 [grpc-default-executor-0] INFO  impl.RaftServerProxy (RaftServerProxy.java:addNew(89)) - 8668900b-06f4-40f9-8926-68eb6348aa5d: addNew group-CC705835F635:[8668900b-06f4-40f9-8926-68eb6348aa5d:192.168.157.195:38608] returns group-CC705835F635:java.util.concurrent.CompletableFuture@28a6b05[Not completed]
2019-09-12 11:40:30,372 [pool-104-thread-1] INFO  impl.RaftServerImpl (RaftServerImpl.java:<init>(93)) - 8668900b-06f4-40f9-8926-68eb6348aa5d: new RaftServerImpl for group-CC705835F635:[8668900b-06f4-40f9-8926-68eb6348aa5d:192.168.157.195:38608] with ContainerStateMachine:uninitialized
2019-09-12 11:40:30,372 [pool-104-thread-1] INFO  server.RaftServerConfigKeys (ConfUtils.java:logGet(43)) - raft.server.rpc.timeout.min = 5s (custom)
2019-09-12 11:40:30,372 [pool-104-thread-1] INFO  server.RaftServerConfigKeys (ConfUtils.java:logGet(43)) - raft.server.rpc.timeout.max = 5200ms (custom)
2019-09-12 11:40:30,373 [pool-104-thread-1] INFO  server.RaftServerConfigKeys (ConfUtils.java:logGet(43)) - raft.server.rpcslowness.timeout = 120s (custom)
2019-09-12 11:40:30,373 [pool-104-thread-1] INFO  server.RaftServerConfigKeys (ConfUtils.java:logGet(43)) - raft.server.sleep.deviation.threshold = 300 (default)
2019-09-12 11:40:30,373 [pool-104-thread-1] INFO  server.RaftServerConfigKeys (ConfUtils.java:logGet(43)) - raft.server.log.appender.install.snapshot.enabled = false (custom)
2019-09-12 11:40:30,373 [pool-104-thread-1] INFO  impl.RaftServerImpl (ServerState.java:<init>(105)) - 8668900b-06f4-40f9-8926-68eb6348aa5d:group-CC705835F635 ConfigurationManager, init=-1: [8668900b-06f4-40f9-8926-68eb6348aa5d:192.168.157.195:38608], old=null, confs=<EMPTY_MAP>
2019-09-12 11:40:30,373 [pool-104-thread-1] INFO  server.RaftServerConfigKeys (ConfUtils.java:logGet(43)) - raft.server.storage.dir = [/workdir/hadoop-ozone/ozonefs/target/test-dir/MiniOzoneClusterImpl-3f0ffa95-bfc9-4a1c-9a47-ff24715a0622/datanode-7/data/ratis] (custom)
2019-09-12 11:40:30,374 [pool-104-thread-1] INFO  storage.RaftStorageDirectory (RaftStorageDirectory.java:analyzeStorage(246)) - The storage directory /workdir/hadoop-ozone/ozonefs/target/test-dir/MiniOzoneClusterImpl-3f0ffa95-bfc9-4a1c-9a47-ff24715a0622/datanode-7/data/ratis/9727e428-38de-4c66-98cf-cc705835f635 does not exist. Creating ...
2019-09-12 11:40:30,388 [pool-104-thread-1] INFO  storage.RaftStorageDirectory (RaftStorageDirectory.java:tryLock(328)) - Lock on /workdir/hadoop-ozone/ozonefs/target/test-dir/MiniOzoneClusterImpl-3f0ffa95-bfc9-4a1c-9a47-ff24715a0622/datanode-7/data/ratis/9727e428-38de-4c66-98cf-cc705835f635/in_use.lock acquired by nodename 26061@pr-hdds-1569-xtfnx-3545843844
2019-09-12 11:40:30,401 [pool-104-thread-1] INFO  storage.RaftStorage (RaftStorage.java:format(72)) - Storage directory /workdir/hadoop-ozone/ozonefs/target/test-dir/MiniOzoneClusterImpl-3f0ffa95-bfc9-4a1c-9a47-ff24715a0622/datanode-7/data/ratis/9727e428-38de-4c66-98cf-cc705835f635 has been successfully formatted.
2019-09-12 11:40:30,401 [pool-104-thread-1] INFO  ratis.ContainerStateMachine (ContainerStateMachine.java:loadSnapshot(226)) - group-CC705835F635: The snapshot info is null. Setting the last applied indexto:(t:0, i:~)
2019-09-12 11:40:30,401 [pool-104-thread-1] INFO  server.RaftServerConfigKeys (ConfUtils.java:logGet(43)) - raft.server.leader.election.timeout = 120s (custom)
2019-09-12 11:40:30,401 [pool-104-thread-1] INFO  server.RaftServerConfigKeys (ConfUtils.java:logGet(43)) - raft.server.log.use.memory = false (default)
2019-09-12 11:40:30,401 [pool-104-thread-1] INFO  server.RaftServerConfigKeys (ConfUtils.java:logGet(43)) - raft.server.log.purge.gap = 1000000 (custom)
2019-09-12 11:40:30,402 [pool-104-thread-1] INFO  server.RaftServerConfigKeys (ConfUtils.java:logGet(43)) - raft.server.log.appender.buffer.byte-limit = 33554432 (custom)
2019-09-12 11:40:30,402 [pool-104-thread-1] INFO  server.RaftServerConfigKeys (ConfUtils.java:logGet(43)) - raft.server.log.segment.size.max = 1048576 (custom)
2019-09-12 11:40:30,402 [pool-104-thread-1] INFO  server.RaftServerConfigKeys (ConfUtils.java:logGet(43)) - raft.server.log.segment.cache.num.max = 2 (custom)
2019-09-12 11:40:30,402 [pool-104-thread-1] INFO  segmented.SegmentedRaftLogWorker (SegmentedRaftLogWorker.java:<init>(172)) - new 8668900b-06f4-40f9-8926-68eb6348aa5d-SegmentedRaftLogWorker:Storage Directory /workdir/hadoop-ozone/ozonefs/target/test-dir/MiniOzoneClusterImpl-3f0ffa95-bfc9-4a1c-9a47-ff24715a0622/datanode-7/data/ratis/9727e428-38de-4c66-98cf-cc705835f635 for RaftStorage:Storage Directory /workdir/hadoop-ozone/ozonefs/target/test-dir/MiniOzoneClusterImpl-3f0ffa95-bfc9-4a1c-9a47-ff24715a0622/datanode-7/data/ratis/9727e428-38de-4c66-98cf-cc705835f635
2019-09-12 11:40:30,402 [pool-104-thread-1] INFO  server.RaftServerConfigKeys (ConfUtils.java:logGet(43)) - raft.server.log.queue.byte-limit = 2147483647 (custom)
2019-09-12 11:40:30,403 [pool-104-thread-1] INFO  server.RaftServerConfigKeys (ConfUtils.java:logGet(43)) - raft.server.log.queue.element-limit = 1024 (custom)
2019-09-12 11:40:30,403 [pool-104-thread-1] INFO  server.RaftServerConfigKeys (ConfUtils.java:logGet(43)) - raft.server.log.segment.size.max = 1048576 (custom)
2019-09-12 11:40:30,403 [pool-104-thread-1] INFO  server.RaftServerConfigKeys (ConfUtils.java:logGet(43)) - raft.server.log.preallocated.size = 16384 (custom)
2019-09-12 11:40:30,403 [pool-104-thread-1] INFO  server.RaftServerConfigKeys (ConfUtils.java:logGet(43)) - raft.server.log.write.buffer.size = 33554432 (custom)
2019-09-12 11:40:30,403 [pool-104-thread-1] INFO  server.RaftServerConfigKeys (ConfUtils.java:logGet(43)) - raft.server.log.force.sync.num = 128 (default)
2019-09-12 11:40:30,403 [pool-104-thread-1] INFO  server.RaftServerConfigKeys (ConfUtils.java:logGet(43)) - raft.server.log.statemachine.data.sync = true (default)
2019-09-12 11:40:30,404 [pool-104-thread-1] INFO  server.RaftServerConfigKeys (ConfUtils.java:logGet(43)) - raft.server.log.statemachine.data.sync.timeout = 10s (default)
2019-09-12 11:40:30,404 [pool-104-thread-1] INFO  server.RaftServerConfigKeys (ConfUtils.java:logGet(43)) - raft.server.log.statemachine.data.sync.timeout.retry = -1 (default)
2019-09-12 11:40:30,404 [pool-104-thread-1] INFO  server.RaftServerConfigKeys (ConfUtils.java:logGet(43)) - raft.server.log.statemachine.data.caching.enabled = true (custom)
2019-09-12 11:40:30,404 [pool-104-thread-1] INFO  segmented.SegmentedRaftLogWorker (SegmentedRaftLogWorker.java:lambda$new$0(132)) - 8668900b-06f4-40f9-8926-68eb6348aa5d-SegmentedRaftLogWorker:Storage Directory /workdir/hadoop-ozone/ozonefs/target/test-dir/MiniOzoneClusterImpl-3f0ffa95-bfc9-4a1c-9a47-ff24715a0622/datanode-7/data/ratis/9727e428-38de-4c66-98cf-cc705835f635: flushIndex: setUnconditionally 0 -> -1
2019-09-12 11:40:30,405 [pool-104-thread-1] INFO  server.RaftServerConfigKeys (ConfUtils.java:logGet(43)) - raft.server.snapshot.auto.trigger.enabled = true (custom)
2019-09-12 11:40:30,405 [pool-104-thread-1] INFO  server.RaftServerConfigKeys (ConfUtils.java:logGet(43)) - raft.server.snapshot.auto.trigger.threshold = 10000 (custom)
2019-09-12 11:40:30,405 [pool-104-thread-1] INFO  server.RaftServerConfigKeys (ConfUtils.java:logGet(43)) - raft.server.retrycache.expirytime = 600000ms (custom)
2019-09-12 11:40:30,405 [pool-104-thread-1] INFO  impl.RaftServerImpl (RaftServerImpl.java:start(180)) - 8668900b-06f4-40f9-8926-68eb6348aa5d: start group-CC705835F635
2019-09-12 11:40:30,406 [pool-104-thread-1] INFO  impl.RaftServerImpl (RaftServerImpl.java:setRole(171)) - 8668900b-06f4-40f9-8926-68eb6348aa5d:group-CC705835F635 changes role from null to FOLLOWER at term 0 for startAsFollower
2019-09-12 11:40:30,406 [pool-104-thread-1] INFO  impl.RoleInfo (RoleInfo.java:updateAndGet(143)) - 8668900b-06f4-40f9-8926-68eb6348aa5d: start FollowerState
2019-09-12 11:40:30,406 [pool-104-thread-1] INFO  util.JmxRegister (JmxRegister.java:tryRegister(44)) - Successfully registered JMX Bean with object name Ratis:service=RaftServer,group=group-CC705835F635,id=8668900b-06f4-40f9-8926-68eb6348aa5d
2019-09-12 11:40:30,428 [IPC Server handler 4 on 43171] INFO  net.NetworkTopology (NetworkTopologyImpl.java:add(110)) - Added a new node: /default-rack/b5e361a7-9275-4b10-aa61-1d8677ab7c49
2019-09-12 11:40:30,433 [IPC Server handler 4 on 43171] INFO  node.SCMNodeManager (SCMNodeManager.java:register(273)) - Registered Data node : b5e361a7-9275-4b10-aa61-1d8677ab7c49{ip: 192.168.157.195, host: pr-hdds-1569-xtfnx-3545843844, networkLocation: /default-rack, certSerialId: null}
2019-09-12 11:40:30,434 | INFO  | SCMAudit | user=jenkins1000 | ip=192.168.157.195 | op=REGISTER {datanodeDetails=b5e361a7-9275-4b10-aa61-1d8677ab7c49{ip: 192.168.157.195, host: pr-hdds-1569-xtfnx-3545843844, networkLocation: /default-rack, certSerialId: null}} | ret=SUCCESS |  
2019-09-12 11:40:30,454 [RatisPipelineUtilsThread] INFO  pipeline.PipelineStateManager (PipelineStateManager.java:addPipeline(56)) - Created pipeline Pipeline[ Id: 9727e428-38de-4c66-98cf-cc705835f635, Nodes: 8668900b-06f4-40f9-8926-68eb6348aa5d{ip: 192.168.157.195, host: pr-hdds-1569-xtfnx-3545843844, networkLocation: /default-rack, certSerialId: null}, Type:RATIS, Factor:ONE, State:OPEN]
2019-09-12 11:40:30,471 [grpc-default-executor-0] INFO  impl.RaftServerProxy (RaftServerProxy.java:addNew(89)) - 5d0352ef-d446-4a04-a69e-b6b493d47759: addNew group-BED454A870BB:[5d0352ef-d446-4a04-a69e-b6b493d47759:192.168.157.195:35104] returns group-BED454A870BB:java.util.concurrent.CompletableFuture@63c744f9[Not completed]
2019-09-12 11:40:30,473 [pool-27-thread-1] INFO  impl.RaftServerImpl (RaftServerImpl.java:<init>(93)) - 5d0352ef-d446-4a04-a69e-b6b493d47759: new RaftServerImpl for group-BED454A870BB:[5d0352ef-d446-4a04-a69e-b6b493d47759:192.168.157.195:35104] with ContainerStateMachine:uninitialized
2019-09-12 11:40:30,473 [pool-27-thread-1] INFO  server.RaftServerConfigKeys (ConfUtils.java:logGet(43)) - raft.server.rpc.timeout.min = 5s (custom)
2019-09-12 11:40:30,473 [pool-27-thread-1] INFO  server.RaftServerConfigKeys (ConfUtils.java:logGet(43)) - raft.server.rpc.timeout.max = 5200ms (custom)
2019-09-12 11:40:30,473 [pool-27-thread-1] INFO  server.RaftServerConfigKeys (ConfUtils.java:logGet(43)) - raft.server.rpcslowness.timeout = 120s (custom)
2019-09-12 11:40:30,474 [pool-27-thread-1] INFO  server.RaftServerConfigKeys (ConfUtils.java:logGet(43)) - raft.server.sleep.deviation.threshold = 300 (default)
2019-09-12 11:40:30,474 [pool-27-thread-1] INFO  server.RaftServerConfigKeys (ConfUtils.java:logGet(43)) - raft.server.log.appender.install.snapshot.enabled = false (custom)
2019-09-12 11:40:30,474 [pool-27-thread-1] INFO  impl.RaftServerImpl (ServerState.java:<init>(105)) - 5d0352ef-d446-4a04-a69e-b6b493d47759:group-BED454A870BB ConfigurationManager, init=-1: [5d0352ef-d446-4a04-a69e-b6b493d47759:192.168.157.195:35104], old=null, confs=<EMPTY_MAP>
2019-09-12 11:40:30,474 [pool-27-thread-1] INFO  server.RaftServerConfigKeys (ConfUtils.java:logGet(43)) - raft.server.storage.dir = [/workdir/hadoop-ozone/ozonefs/target/test-dir/MiniOzoneClusterImpl-3f0ffa95-bfc9-4a1c-9a47-ff24715a0622/datanode-0/data/ratis] (custom)
2019-09-12 11:40:30,475 [pool-27-thread-1] INFO  storage.RaftStorageDirectory (RaftStorageDirectory.java:analyzeStorage(246)) - The storage directory /workdir/hadoop-ozone/ozonefs/target/test-dir/MiniOzoneClusterImpl-3f0ffa95-bfc9-4a1c-9a47-ff24715a0622/datanode-0/data/ratis/b1a2cdc7-9b48-4095-a279-bed454a870bb does not exist. Creating ...
2019-09-12 11:40:30,487 [pool-27-thread-1] INFO  storage.RaftStorageDirectory (RaftStorageDirectory.java:tryLock(328)) - Lock on /workdir/hadoop-ozone/ozonefs/target/test-dir/MiniOzoneClusterImpl-3f0ffa95-bfc9-4a1c-9a47-ff24715a0622/datanode-0/data/ratis/b1a2cdc7-9b48-4095-a279-bed454a870bb/in_use.lock acquired by nodename 26061@pr-hdds-1569-xtfnx-3545843844
2019-09-12 11:40:30,500 [pool-27-thread-1] INFO  storage.RaftStorage (RaftStorage.java:format(72)) - Storage directory /workdir/hadoop-ozone/ozonefs/target/test-dir/MiniOzoneClusterImpl-3f0ffa95-bfc9-4a1c-9a47-ff24715a0622/datanode-0/data/ratis/b1a2cdc7-9b48-4095-a279-bed454a870bb has been successfully formatted.
2019-09-12 11:40:30,500 [pool-27-thread-1] INFO  ratis.ContainerStateMachine (ContainerStateMachine.java:loadSnapshot(226)) - group-BED454A870BB: The snapshot info is null. Setting the last applied indexto:(t:0, i:~)
2019-09-12 11:40:30,500 [pool-27-thread-1] INFO  server.RaftServerConfigKeys (ConfUtils.java:logGet(43)) - raft.server.leader.election.timeout = 120s (custom)
2019-09-12 11:40:30,500 [pool-27-thread-1] INFO  server.RaftServerConfigKeys (ConfUtils.java:logGet(43)) - raft.server.log.use.memory = false (default)
2019-09-12 11:40:30,500 [pool-27-thread-1] INFO  server.RaftServerConfigKeys (ConfUtils.java:logGet(43)) - raft.server.log.purge.gap = 1000000 (custom)
2019-09-12 11:40:30,501 [pool-27-thread-1] INFO  server.RaftServerConfigKeys (ConfUtils.java:logGet(43)) - raft.server.log.appender.buffer.byte-limit = 33554432 (custom)
2019-09-12 11:40:30,501 [pool-27-thread-1] INFO  server.RaftServerConfigKeys (ConfUtils.java:logGet(43)) - raft.server.log.segment.size.max = 1048576 (custom)
2019-09-12 11:40:30,501 [pool-27-thread-1] INFO  server.RaftServerConfigKeys (ConfUtils.java:logGet(43)) - raft.server.log.segment.cache.num.max = 2 (custom)
2019-09-12 11:40:30,501 [pool-27-thread-1] INFO  segmented.SegmentedRaftLogWorker (SegmentedRaftLogWorker.java:<init>(172)) - new 5d0352ef-d446-4a04-a69e-b6b493d47759-SegmentedRaftLogWorker:Storage Directory /workdir/hadoop-ozone/ozonefs/target/test-dir/MiniOzoneClusterImpl-3f0ffa95-bfc9-4a1c-9a47-ff24715a0622/datanode-0/data/ratis/b1a2cdc7-9b48-4095-a279-bed454a870bb for RaftStorage:Storage Directory /workdir/hadoop-ozone/ozonefs/target/test-dir/MiniOzoneClusterImpl-3f0ffa95-bfc9-4a1c-9a47-ff24715a0622/datanode-0/data/ratis/b1a2cdc7-9b48-4095-a279-bed454a870bb
2019-09-12 11:40:30,501 [pool-27-thread-1] INFO  server.RaftServerConfigKeys (ConfUtils.java:logGet(43)) - raft.server.log.queue.byte-limit = 2147483647 (custom)
2019-09-12 11:40:30,502 [pool-27-thread-1] INFO  server.RaftServerConfigKeys (ConfUtils.java:logGet(43)) - raft.server.log.queue.element-limit = 1024 (custom)
2019-09-12 11:40:30,502 [pool-27-thread-1] INFO  server.RaftServerConfigKeys (ConfUtils.java:logGet(43)) - raft.server.log.segment.size.max = 1048576 (custom)
2019-09-12 11:40:30,502 [pool-27-thread-1] INFO  server.RaftServerConfigKeys (ConfUtils.java:logGet(43)) - raft.server.log.preallocated.size = 16384 (custom)
2019-09-12 11:40:30,502 [pool-27-thread-1] INFO  server.RaftServerConfigKeys (ConfUtils.java:logGet(43)) - raft.server.log.write.buffer.size = 33554432 (custom)
2019-09-12 11:40:30,502 [pool-27-thread-1] INFO  server.RaftServerConfigKeys (ConfUtils.java:logGet(43)) - raft.server.log.force.sync.num = 128 (default)
2019-09-12 11:40:30,502 [pool-27-thread-1] INFO  server.RaftServerConfigKeys (ConfUtils.java:logGet(43)) - raft.server.log.statemachine.data.sync = true (default)
2019-09-12 11:40:30,503 [pool-27-thread-1] INFO  server.RaftServerConfigKeys (ConfUtils.java:logGet(43)) - raft.server.log.statemachine.data.sync.timeout = 10s (default)
2019-09-12 11:40:30,503 [pool-27-thread-1] INFO  server.RaftServerConfigKeys (ConfUtils.java:logGet(43)) - raft.server.log.statemachine.data.sync.timeout.retry = -1 (default)
2019-09-12 11:40:30,503 [pool-27-thread-1] INFO  server.RaftServerConfigKeys (ConfUtils.java:logGet(43)) - raft.server.log.statemachine.data.caching.enabled = true (custom)
2019-09-12 11:40:30,503 [pool-27-thread-1] INFO  segmented.SegmentedRaftLogWorker (SegmentedRaftLogWorker.java:lambda$new$0(132)) - 5d0352ef-d446-4a04-a69e-b6b493d47759-SegmentedRaftLogWorker:Storage Directory /workdir/hadoop-ozone/ozonefs/target/test-dir/MiniOzoneClusterImpl-3f0ffa95-bfc9-4a1c-9a47-ff24715a0622/datanode-0/data/ratis/b1a2cdc7-9b48-4095-a279-bed454a870bb: flushIndex: setUnconditionally 0 -> -1
2019-09-12 11:40:30,504 [pool-27-thread-1] INFO  server.RaftServerConfigKeys (ConfUtils.java:logGet(43)) - raft.server.snapshot.auto.trigger.enabled = true (custom)
2019-09-12 11:40:30,504 [pool-27-thread-1] INFO  server.RaftServerConfigKeys (ConfUtils.java:logGet(43)) - raft.server.snapshot.auto.trigger.threshold = 10000 (custom)
2019-09-12 11:40:30,504 [pool-27-thread-1] INFO  server.RaftServerConfigKeys (ConfUtils.java:logGet(43)) - raft.server.retrycache.expirytime = 600000ms (custom)
2019-09-12 11:40:30,504 [pool-27-thread-1] INFO  impl.RaftServerImpl (RaftServerImpl.java:start(180)) - 5d0352ef-d446-4a04-a69e-b6b493d47759: start group-BED454A870BB
2019-09-12 11:40:30,505 [pool-27-thread-1] INFO  impl.RaftServerImpl (RaftServerImpl.java:setRole(171)) - 5d0352ef-d446-4a04-a69e-b6b493d47759:group-BED454A870BB changes role from null to FOLLOWER at term 0 for startAsFollower
2019-09-12 11:40:30,505 [pool-27-thread-1] INFO  impl.RoleInfo (RoleInfo.java:updateAndGet(143)) - 5d0352ef-d446-4a04-a69e-b6b493d47759: start FollowerState
2019-09-12 11:40:30,505 [pool-27-thread-1] INFO  util.JmxRegister (JmxRegister.java:tryRegister(44)) - Successfully registered JMX Bean with object name Ratis:service=RaftServer,group=group-BED454A870BB,id=5d0352ef-d446-4a04-a69e-b6b493d47759
2019-09-12 11:40:30,519 [RatisPipelineUtilsThread] INFO  pipeline.PipelineStateManager (PipelineStateManager.java:addPipeline(56)) - Created pipeline Pipeline[ Id: b1a2cdc7-9b48-4095-a279-bed454a870bb, Nodes: 5d0352ef-d446-4a04-a69e-b6b493d47759{ip: 192.168.157.195, host: pr-hdds-1569-xtfnx-3545843844, networkLocation: /default-rack, certSerialId: null}, Type:RATIS, Factor:ONE, State:OPEN]
2019-09-12 11:40:30,537 [grpc-default-executor-0] INFO  impl.RaftServerProxy (RaftServerProxy.java:addNew(89)) - 2da31971-fd5c-4baf-8dfe-b6048362baf8: addNew group-F68F4E050AE8:[2da31971-fd5c-4baf-8dfe-b6048362baf8:192.168.157.195:36166] returns group-F68F4E050AE8:java.util.concurrent.CompletableFuture@4e42681e[Not completed]
2019-09-12 11:40:30,539 [pool-38-thread-1] INFO  impl.RaftServerImpl (RaftServerImpl.java:<init>(93)) - 2da31971-fd5c-4baf-8dfe-b6048362baf8: new RaftServerImpl for group-F68F4E050AE8:[2da31971-fd5c-4baf-8dfe-b6048362baf8:192.168.157.195:36166] with ContainerStateMachine:uninitialized
2019-09-12 11:40:30,539 [pool-38-thread-1] INFO  server.RaftServerConfigKeys (ConfUtils.java:logGet(43)) - raft.server.rpc.timeout.min = 5s (custom)
2019-09-12 11:40:30,539 [pool-38-thread-1] INFO  server.RaftServerConfigKeys (ConfUtils.java:logGet(43)) - raft.server.rpc.timeout.max = 5200ms (custom)
2019-09-12 11:40:30,540 [pool-38-thread-1] INFO  server.RaftServerConfigKeys (ConfUtils.java:logGet(43)) - raft.server.rpcslowness.timeout = 120s (custom)
2019-09-12 11:40:30,540 [pool-38-thread-1] INFO  server.RaftServerConfigKeys (ConfUtils.java:logGet(43)) - raft.server.sleep.deviation.threshold = 300 (default)
2019-09-12 11:40:30,540 [pool-38-thread-1] INFO  server.RaftServerConfigKeys (ConfUtils.java:logGet(43)) - raft.server.log.appender.install.snapshot.enabled = false (custom)
2019-09-12 11:40:30,540 [pool-38-thread-1] INFO  impl.RaftServerImpl (ServerState.java:<init>(105)) - 2da31971-fd5c-4baf-8dfe-b6048362baf8:group-F68F4E050AE8 ConfigurationManager, init=-1: [2da31971-fd5c-4baf-8dfe-b6048362baf8:192.168.157.195:36166], old=null, confs=<EMPTY_MAP>
2019-09-12 11:40:30,540 [pool-38-thread-1] INFO  server.RaftServerConfigKeys (ConfUtils.java:logGet(43)) - raft.server.storage.dir = [/workdir/hadoop-ozone/ozonefs/target/test-dir/MiniOzoneClusterImpl-3f0ffa95-bfc9-4a1c-9a47-ff24715a0622/datanode-1/data/ratis] (custom)
2019-09-12 11:40:30,541 [pool-38-thread-1] INFO  storage.RaftStorageDirectory (RaftStorageDirectory.java:analyzeStorage(246)) - The storage directory /workdir/hadoop-ozone/ozonefs/target/test-dir/MiniOzoneClusterImpl-3f0ffa95-bfc9-4a1c-9a47-ff24715a0622/datanode-1/data/ratis/af8b3387-bc83-4d31-a0b7-f68f4e050ae8 does not exist. Creating ...
2019-09-12 11:40:30,555 [pool-38-thread-1] INFO  storage.RaftStorageDirectory (RaftStorageDirectory.java:tryLock(328)) - Lock on /workdir/hadoop-ozone/ozonefs/target/test-dir/MiniOzoneClusterImpl-3f0ffa95-bfc9-4a1c-9a47-ff24715a0622/datanode-1/data/ratis/af8b3387-bc83-4d31-a0b7-f68f4e050ae8/in_use.lock acquired by nodename 26061@pr-hdds-1569-xtfnx-3545843844
2019-09-12 11:40:30,586 [pool-38-thread-1] INFO  storage.RaftStorage (RaftStorage.java:format(72)) - Storage directory /workdir/hadoop-ozone/ozonefs/target/test-dir/MiniOzoneClusterImpl-3f0ffa95-bfc9-4a1c-9a47-ff24715a0622/datanode-1/data/ratis/af8b3387-bc83-4d31-a0b7-f68f4e050ae8 has been successfully formatted.
2019-09-12 11:40:30,586 [pool-38-thread-1] INFO  ratis.ContainerStateMachine (ContainerStateMachine.java:loadSnapshot(226)) - group-F68F4E050AE8: The snapshot info is null. Setting the last applied indexto:(t:0, i:~)
2019-09-12 11:40:30,586 [pool-38-thread-1] INFO  server.RaftServerConfigKeys (ConfUtils.java:logGet(43)) - raft.server.leader.election.timeout = 120s (custom)
2019-09-12 11:40:30,587 [pool-38-thread-1] INFO  server.RaftServerConfigKeys (ConfUtils.java:logGet(43)) - raft.server.log.use.memory = false (default)
2019-09-12 11:40:30,587 [pool-38-thread-1] INFO  server.RaftServerConfigKeys (ConfUtils.java:logGet(43)) - raft.server.log.purge.gap = 1000000 (custom)
2019-09-12 11:40:30,587 [pool-38-thread-1] INFO  server.RaftServerConfigKeys (ConfUtils.java:logGet(43)) - raft.server.log.appender.buffer.byte-limit = 33554432 (custom)
2019-09-12 11:40:30,587 [pool-38-thread-1] INFO  server.RaftServerConfigKeys (ConfUtils.java:logGet(43)) - raft.server.log.segment.size.max = 1048576 (custom)
2019-09-12 11:40:30,587 [pool-38-thread-1] INFO  server.RaftServerConfigKeys (ConfUtils.java:logGet(43)) - raft.server.log.segment.cache.num.max = 2 (custom)
2019-09-12 11:40:30,588 [pool-38-thread-1] INFO  segmented.SegmentedRaftLogWorker (SegmentedRaftLogWorker.java:<init>(172)) - new 2da31971-fd5c-4baf-8dfe-b6048362baf8-SegmentedRaftLogWorker:Storage Directory /workdir/hadoop-ozone/ozonefs/target/test-dir/MiniOzoneClusterImpl-3f0ffa95-bfc9-4a1c-9a47-ff24715a0622/datanode-1/data/ratis/af8b3387-bc83-4d31-a0b7-f68f4e050ae8 for RaftStorage:Storage Directory /workdir/hadoop-ozone/ozonefs/target/test-dir/MiniOzoneClusterImpl-3f0ffa95-bfc9-4a1c-9a47-ff24715a0622/datanode-1/data/ratis/af8b3387-bc83-4d31-a0b7-f68f4e050ae8
2019-09-12 11:40:30,588 [pool-38-thread-1] INFO  server.RaftServerConfigKeys (ConfUtils.java:logGet(43)) - raft.server.log.queue.byte-limit = 2147483647 (custom)
2019-09-12 11:40:30,588 [pool-38-thread-1] INFO  server.RaftServerConfigKeys (ConfUtils.java:logGet(43)) - raft.server.log.queue.element-limit = 1024 (custom)
2019-09-12 11:40:30,588 [pool-38-thread-1] INFO  server.RaftServerConfigKeys (ConfUtils.java:logGet(43)) - raft.server.log.segment.size.max = 1048576 (custom)
2019-09-12 11:40:30,588 [pool-38-thread-1] INFO  server.RaftServerConfigKeys (ConfUtils.java:logGet(43)) - raft.server.log.preallocated.size = 16384 (custom)
2019-09-12 11:40:30,589 [pool-38-thread-1] INFO  server.RaftServerConfigKeys (ConfUtils.java:logGet(43)) - raft.server.log.write.buffer.size = 33554432 (custom)
2019-09-12 11:40:30,589 [pool-38-thread-1] INFO  server.RaftServerConfigKeys (ConfUtils.java:logGet(43)) - raft.server.log.force.sync.num = 128 (default)
2019-09-12 11:40:30,589 [pool-38-thread-1] INFO  server.RaftServerConfigKeys (ConfUtils.java:logGet(43)) - raft.server.log.statemachine.data.sync = true (default)
2019-09-12 11:40:30,589 [pool-38-thread-1] INFO  server.RaftServerConfigKeys (ConfUtils.java:logGet(43)) - raft.server.log.statemachine.data.sync.timeout = 10s (default)
2019-09-12 11:40:30,589 [pool-38-thread-1] INFO  server.RaftServerConfigKeys (ConfUtils.java:logGet(43)) - raft.server.log.statemachine.data.sync.timeout.retry = -1 (default)
2019-09-12 11:40:30,590 [pool-38-thread-1] INFO  server.RaftServerConfigKeys (ConfUtils.java:logGet(43)) - raft.server.log.statemachine.data.caching.enabled = true (custom)
2019-09-12 11:40:30,590 [pool-38-thread-1] INFO  segmented.SegmentedRaftLogWorker (SegmentedRaftLogWorker.java:lambda$new$0(132)) - 2da31971-fd5c-4baf-8dfe-b6048362baf8-SegmentedRaftLogWorker:Storage Directory /workdir/hadoop-ozone/ozonefs/target/test-dir/MiniOzoneClusterImpl-3f0ffa95-bfc9-4a1c-9a47-ff24715a0622/datanode-1/data/ratis/af8b3387-bc83-4d31-a0b7-f68f4e050ae8: flushIndex: setUnconditionally 0 -> -1
2019-09-12 11:40:30,591 [pool-38-thread-1] INFO  server.RaftServerConfigKeys (ConfUtils.java:logGet(43)) - raft.server.snapshot.auto.trigger.enabled = true (custom)
2019-09-12 11:40:30,591 [pool-38-thread-1] INFO  server.RaftServerConfigKeys (ConfUtils.java:logGet(43)) - raft.server.snapshot.auto.trigger.threshold = 10000 (custom)
2019-09-12 11:40:30,591 [pool-38-thread-1] INFO  server.RaftServerConfigKeys (ConfUtils.java:logGet(43)) - raft.server.retrycache.expirytime = 600000ms (custom)
2019-09-12 11:40:30,591 [pool-38-thread-1] INFO  impl.RaftServerImpl (RaftServerImpl.java:start(180)) - 2da31971-fd5c-4baf-8dfe-b6048362baf8: start group-F68F4E050AE8
2019-09-12 11:40:30,592 [pool-38-thread-1] INFO  impl.RaftServerImpl (RaftServerImpl.java:setRole(171)) - 2da31971-fd5c-4baf-8dfe-b6048362baf8:group-F68F4E050AE8 changes role from null to FOLLOWER at term 0 for startAsFollower
2019-09-12 11:40:30,592 [pool-38-thread-1] INFO  impl.RoleInfo (RoleInfo.java:updateAndGet(143)) - 2da31971-fd5c-4baf-8dfe-b6048362baf8: start FollowerState
2019-09-12 11:40:30,592 [pool-38-thread-1] INFO  util.JmxRegister (JmxRegister.java:tryRegister(44)) - Successfully registered JMX Bean with object name Ratis:service=RaftServer,group=group-F68F4E050AE8,id=2da31971-fd5c-4baf-8dfe-b6048362baf8
2019-09-12 11:40:30,607 | INFO  | SCMAudit | user=jenkins1000 | ip=192.168.157.195 | op=SEND_HEARTBEAT {datanodeUUID=2da31971-fd5c-4baf-8dfe-b6048362baf8, command=[]} | ret=SUCCESS |  
2019-09-12 11:40:30,613 [RatisPipelineUtilsThread] INFO  pipeline.PipelineStateManager (PipelineStateManager.java:addPipeline(56)) - Created pipeline Pipeline[ Id: af8b3387-bc83-4d31-a0b7-f68f4e050ae8, Nodes: 2da31971-fd5c-4baf-8dfe-b6048362baf8{ip: 192.168.157.195, host: pr-hdds-1569-xtfnx-3545843844, networkLocation: /default-rack, certSerialId: null}, Type:RATIS, Factor:ONE, State:OPEN]
2019-09-12 11:40:30,635 [grpc-default-executor-0] INFO  impl.RaftServerProxy (RaftServerProxy.java:addNew(89)) - abc6f9f9-8862-43ee-ac13-b67e1574492b: addNew group-FA576FE5EC94:[abc6f9f9-8862-43ee-ac13-b67e1574492b:192.168.157.195:32913] returns group-FA576FE5EC94:java.util.concurrent.CompletableFuture@197c6c59[Not completed]
2019-09-12 11:40:30,640 [pool-49-thread-1] INFO  impl.RaftServerImpl (RaftServerImpl.java:<init>(93)) - abc6f9f9-8862-43ee-ac13-b67e1574492b: new RaftServerImpl for group-FA576FE5EC94:[abc6f9f9-8862-43ee-ac13-b67e1574492b:192.168.157.195:32913] with ContainerStateMachine:uninitialized
2019-09-12 11:40:30,641 [pool-49-thread-1] INFO  server.RaftServerConfigKeys (ConfUtils.java:logGet(43)) - raft.server.rpc.timeout.min = 5s (custom)
2019-09-12 11:40:30,641 [pool-49-thread-1] INFO  server.RaftServerConfigKeys (ConfUtils.java:logGet(43)) - raft.server.rpc.timeout.max = 5200ms (custom)
2019-09-12 11:40:30,641 [pool-49-thread-1] INFO  server.RaftServerConfigKeys (ConfUtils.java:logGet(43)) - raft.server.rpcslowness.timeout = 120s (custom)
2019-09-12 11:40:30,641 [pool-49-thread-1] INFO  server.RaftServerConfigKeys (ConfUtils.java:logGet(43)) - raft.server.sleep.deviation.threshold = 300 (default)
2019-09-12 11:40:30,641 [pool-49-thread-1] INFO  server.RaftServerConfigKeys (ConfUtils.java:logGet(43)) - raft.server.log.appender.install.snapshot.enabled = false (custom)
2019-09-12 11:40:30,641 [pool-49-thread-1] INFO  impl.RaftServerImpl (ServerState.java:<init>(105)) - abc6f9f9-8862-43ee-ac13-b67e1574492b:group-FA576FE5EC94 ConfigurationManager, init=-1: [abc6f9f9-8862-43ee-ac13-b67e1574492b:192.168.157.195:32913], old=null, confs=<EMPTY_MAP>
2019-09-12 11:40:30,642 [pool-49-thread-1] INFO  server.RaftServerConfigKeys (ConfUtils.java:logGet(43)) - raft.server.storage.dir = [/workdir/hadoop-ozone/ozonefs/target/test-dir/MiniOzoneClusterImpl-3f0ffa95-bfc9-4a1c-9a47-ff24715a0622/datanode-2/data/ratis] (custom)
2019-09-12 11:40:30,642 [pool-49-thread-1] INFO  storage.RaftStorageDirectory (RaftStorageDirectory.java:analyzeStorage(246)) - The storage directory /workdir/hadoop-ozone/ozonefs/target/test-dir/MiniOzoneClusterImpl-3f0ffa95-bfc9-4a1c-9a47-ff24715a0622/datanode-2/data/ratis/90b8e983-0bdb-4887-94c8-fa576fe5ec94 does not exist. Creating ...
2019-09-12 11:40:30,649 [main] INFO  ozone.MiniOzoneClusterImpl (MiniOzoneClusterImpl.java:lambda$waitForClusterToBeReady$0(142)) - Waiting for cluster to be ready. Got 9 of 10 DN Heartbeats.
2019-09-12 11:40:30,653 [IPC Server handler 16 on 43171] INFO  net.NetworkTopology (NetworkTopologyImpl.java:add(110)) - Added a new node: /default-rack/dbf859ef-0f75-4843-8536-03105c97857a
2019-09-12 11:40:30,653 [IPC Server handler 16 on 43171] INFO  node.SCMNodeManager (SCMNodeManager.java:register(273)) - Registered Data node : dbf859ef-0f75-4843-8536-03105c97857a{ip: 192.168.157.195, host: pr-hdds-1569-xtfnx-3545843844, networkLocation: /default-rack, certSerialId: null}
2019-09-12 11:40:30,653 | INFO  | SCMAudit | user=jenkins1000 | ip=192.168.157.195 | op=REGISTER {datanodeDetails=dbf859ef-0f75-4843-8536-03105c97857a{ip: 192.168.157.195, host: pr-hdds-1569-xtfnx-3545843844, networkLocation: /default-rack, certSerialId: null}} | ret=SUCCESS |  
2019-09-12 11:40:30,663 [pool-49-thread-1] INFO  storage.RaftStorageDirectory (RaftStorageDirectory.java:tryLock(328)) - Lock on /workdir/hadoop-ozone/ozonefs/target/test-dir/MiniOzoneClusterImpl-3f0ffa95-bfc9-4a1c-9a47-ff24715a0622/datanode-2/data/ratis/90b8e983-0bdb-4887-94c8-fa576fe5ec94/in_use.lock acquired by nodename 26061@pr-hdds-1569-xtfnx-3545843844
2019-09-12 11:40:30,678 [pool-49-thread-1] INFO  storage.RaftStorage (RaftStorage.java:format(72)) - Storage directory /workdir/hadoop-ozone/ozonefs/target/test-dir/MiniOzoneClusterImpl-3f0ffa95-bfc9-4a1c-9a47-ff24715a0622/datanode-2/data/ratis/90b8e983-0bdb-4887-94c8-fa576fe5ec94 has been successfully formatted.
2019-09-12 11:40:30,678 [pool-49-thread-1] INFO  ratis.ContainerStateMachine (ContainerStateMachine.java:loadSnapshot(226)) - group-FA576FE5EC94: The snapshot info is null. Setting the last applied indexto:(t:0, i:~)
2019-09-12 11:40:30,678 [pool-49-thread-1] INFO  server.RaftServerConfigKeys (ConfUtils.java:logGet(43)) - raft.server.leader.election.timeout = 120s (custom)
2019-09-12 11:40:30,679 [pool-49-thread-1] INFO  server.RaftServerConfigKeys (ConfUtils.java:logGet(43)) - raft.server.log.use.memory = false (default)
2019-09-12 11:40:30,679 [pool-49-thread-1] INFO  server.RaftServerConfigKeys (ConfUtils.java:logGet(43)) - raft.server.log.purge.gap = 1000000 (custom)
2019-09-12 11:40:30,679 [pool-49-thread-1] INFO  server.RaftServerConfigKeys (ConfUtils.java:logGet(43)) - raft.server.log.appender.buffer.byte-limit = 33554432 (custom)
2019-09-12 11:40:30,679 [pool-49-thread-1] INFO  server.RaftServerConfigKeys (ConfUtils.java:logGet(43)) - raft.server.log.segment.size.max = 1048576 (custom)
2019-09-12 11:40:30,679 [pool-49-thread-1] INFO  server.RaftServerConfigKeys (ConfUtils.java:logGet(43)) - raft.server.log.segment.cache.num.max = 2 (custom)
2019-09-12 11:40:30,679 [pool-49-thread-1] INFO  segmented.SegmentedRaftLogWorker (SegmentedRaftLogWorker.java:<init>(172)) - new abc6f9f9-8862-43ee-ac13-b67e1574492b-SegmentedRaftLogWorker:Storage Directory /workdir/hadoop-ozone/ozonefs/target/test-dir/MiniOzoneClusterImpl-3f0ffa95-bfc9-4a1c-9a47-ff24715a0622/datanode-2/data/ratis/90b8e983-0bdb-4887-94c8-fa576fe5ec94 for RaftStorage:Storage Directory /workdir/hadoop-ozone/ozonefs/target/test-dir/MiniOzoneClusterImpl-3f0ffa95-bfc9-4a1c-9a47-ff24715a0622/datanode-2/data/ratis/90b8e983-0bdb-4887-94c8-fa576fe5ec94
2019-09-12 11:40:30,680 [pool-49-thread-1] INFO  server.RaftServerConfigKeys (ConfUtils.java:logGet(43)) - raft.server.log.queue.byte-limit = 2147483647 (custom)
2019-09-12 11:40:30,680 [pool-49-thread-1] INFO  server.RaftServerConfigKeys (ConfUtils.java:logGet(43)) - raft.server.log.queue.element-limit = 1024 (custom)
2019-09-12 11:40:30,680 [pool-49-thread-1] INFO  server.RaftServerConfigKeys (ConfUtils.java:logGet(43)) - raft.server.log.segment.size.max = 1048576 (custom)
2019-09-12 11:40:30,680 [pool-49-thread-1] INFO  server.RaftServerConfigKeys (ConfUtils.java:logGet(43)) - raft.server.log.preallocated.size = 16384 (custom)
2019-09-12 11:40:30,681 [pool-49-thread-1] INFO  server.RaftServerConfigKeys (ConfUtils.java:logGet(43)) - raft.server.log.write.buffer.size = 33554432 (custom)
2019-09-12 11:40:30,681 [pool-49-thread-1] INFO  server.RaftServerConfigKeys (ConfUtils.java:logGet(43)) - raft.server.log.force.sync.num = 128 (default)
2019-09-12 11:40:30,681 [pool-49-thread-1] INFO  server.RaftServerConfigKeys (ConfUtils.java:logGet(43)) - raft.server.log.statemachine.data.sync = true (default)
2019-09-12 11:40:30,681 [pool-49-thread-1] INFO  server.RaftServerConfigKeys (ConfUtils.java:logGet(43)) - raft.server.log.statemachine.data.sync.timeout = 10s (default)
2019-09-12 11:40:30,681 [pool-49-thread-1] INFO  server.RaftServerConfigKeys (ConfUtils.java:logGet(43)) - raft.server.log.statemachine.data.sync.timeout.retry = -1 (default)
2019-09-12 11:40:30,682 [pool-49-thread-1] INFO  server.RaftServerConfigKeys (ConfUtils.java:logGet(43)) - raft.server.log.statemachine.data.caching.enabled = true (custom)
2019-09-12 11:40:30,682 [pool-49-thread-1] INFO  segmented.SegmentedRaftLogWorker (SegmentedRaftLogWorker.java:lambda$new$0(132)) - abc6f9f9-8862-43ee-ac13-b67e1574492b-SegmentedRaftLogWorker:Storage Directory /workdir/hadoop-ozone/ozonefs/target/test-dir/MiniOzoneClusterImpl-3f0ffa95-bfc9-4a1c-9a47-ff24715a0622/datanode-2/data/ratis/90b8e983-0bdb-4887-94c8-fa576fe5ec94: flushIndex: setUnconditionally 0 -> -1
2019-09-12 11:40:30,682 [pool-49-thread-1] INFO  server.RaftServerConfigKeys (ConfUtils.java:logGet(43)) - raft.server.snapshot.auto.trigger.enabled = true (custom)
2019-09-12 11:40:30,682 [pool-49-thread-1] INFO  server.RaftServerConfigKeys (ConfUtils.java:logGet(43)) - raft.server.snapshot.auto.trigger.threshold = 10000 (custom)
2019-09-12 11:40:30,683 [pool-49-thread-1] INFO  server.RaftServerConfigKeys (ConfUtils.java:logGet(43)) - raft.server.retrycache.expirytime = 600000ms (custom)
2019-09-12 11:40:30,683 [pool-49-thread-1] INFO  impl.RaftServerImpl (RaftServerImpl.java:start(180)) - abc6f9f9-8862-43ee-ac13-b67e1574492b: start group-FA576FE5EC94
2019-09-12 11:40:30,683 [pool-49-thread-1] INFO  impl.RaftServerImpl (RaftServerImpl.java:setRole(171)) - abc6f9f9-8862-43ee-ac13-b67e1574492b:group-FA576FE5EC94 changes role from null to FOLLOWER at term 0 for startAsFollower
2019-09-12 11:40:30,683 [pool-49-thread-1] INFO  impl.RoleInfo (RoleInfo.java:updateAndGet(143)) - abc6f9f9-8862-43ee-ac13-b67e1574492b: start FollowerState
2019-09-12 11:40:30,684 [pool-49-thread-1] INFO  util.JmxRegister (JmxRegister.java:tryRegister(44)) - Successfully registered JMX Bean with object name Ratis:service=RaftServer,group=group-FA576FE5EC94,id=abc6f9f9-8862-43ee-ac13-b67e1574492b
2019-09-12 11:40:30,705 [RatisPipelineUtilsThread] INFO  pipeline.PipelineStateManager (PipelineStateManager.java:addPipeline(56)) - Created pipeline Pipeline[ Id: 90b8e983-0bdb-4887-94c8-fa576fe5ec94, Nodes: abc6f9f9-8862-43ee-ac13-b67e1574492b{ip: 192.168.157.195, host: pr-hdds-1569-xtfnx-3545843844, networkLocation: /default-rack, certSerialId: null}, Type:RATIS, Factor:ONE, State:OPEN]
2019-09-12 11:40:30,722 [grpc-default-executor-0] INFO  impl.RaftServerProxy (RaftServerProxy.java:addNew(89)) - 2da31971-fd5c-4baf-8dfe-b6048362baf8: addNew group-5E83C5BB66F1:[2da31971-fd5c-4baf-8dfe-b6048362baf8:192.168.157.195:36166] returns group-5E83C5BB66F1:java.util.concurrent.CompletableFuture@1f976fc8[Not completed]
2019-09-12 11:40:30,724 [pool-38-thread-1] INFO  impl.RaftServerImpl (RaftServerImpl.java:<init>(93)) - 2da31971-fd5c-4baf-8dfe-b6048362baf8: new RaftServerImpl for group-5E83C5BB66F1:[2da31971-fd5c-4baf-8dfe-b6048362baf8:192.168.157.195:36166] with ContainerStateMachine:uninitialized
2019-09-12 11:40:30,724 [pool-38-thread-1] INFO  server.RaftServerConfigKeys (ConfUtils.java:logGet(43)) - raft.server.rpc.timeout.min = 5s (custom)
2019-09-12 11:40:30,725 [pool-38-thread-1] INFO  server.RaftServerConfigKeys (ConfUtils.java:logGet(43)) - raft.server.rpc.timeout.max = 5200ms (custom)
2019-09-12 11:40:30,725 [pool-38-thread-1] INFO  server.RaftServerConfigKeys (ConfUtils.java:logGet(43)) - raft.server.rpcslowness.timeout = 120s (custom)
2019-09-12 11:40:30,725 [pool-38-thread-1] INFO  server.RaftServerConfigKeys (ConfUtils.java:logGet(43)) - raft.server.sleep.deviation.threshold = 300 (default)
2019-09-12 11:40:30,725 [pool-38-thread-1] INFO  server.RaftServerConfigKeys (ConfUtils.java:logGet(43)) - raft.server.log.appender.install.snapshot.enabled = false (custom)
2019-09-12 11:40:30,725 [pool-38-thread-1] INFO  impl.RaftServerImpl (ServerState.java:<init>(105)) - 2da31971-fd5c-4baf-8dfe-b6048362baf8:group-5E83C5BB66F1 ConfigurationManager, init=-1: [2da31971-fd5c-4baf-8dfe-b6048362baf8:192.168.157.195:36166], old=null, confs=<EMPTY_MAP>
2019-09-12 11:40:30,726 [pool-38-thread-1] INFO  server.RaftServerConfigKeys (ConfUtils.java:logGet(43)) - raft.server.storage.dir = [/workdir/hadoop-ozone/ozonefs/target/test-dir/MiniOzoneClusterImpl-3f0ffa95-bfc9-4a1c-9a47-ff24715a0622/datanode-1/data/ratis] (custom)
2019-09-12 11:40:30,726 [pool-38-thread-1] INFO  storage.RaftStorageDirectory (RaftStorageDirectory.java:analyzeStorage(246)) - The storage directory /workdir/hadoop-ozone/ozonefs/target/test-dir/MiniOzoneClusterImpl-3f0ffa95-bfc9-4a1c-9a47-ff24715a0622/datanode-1/data/ratis/7465b3c3-3920-4865-93f5-5e83c5bb66f1 does not exist. Creating ...
2019-09-12 11:40:30,739 [pool-38-thread-1] INFO  storage.RaftStorageDirectory (RaftStorageDirectory.java:tryLock(328)) - Lock on /workdir/hadoop-ozone/ozonefs/target/test-dir/MiniOzoneClusterImpl-3f0ffa95-bfc9-4a1c-9a47-ff24715a0622/datanode-1/data/ratis/7465b3c3-3920-4865-93f5-5e83c5bb66f1/in_use.lock acquired by nodename 26061@pr-hdds-1569-xtfnx-3545843844
2019-09-12 11:40:30,754 [pool-38-thread-1] INFO  storage.RaftStorage (RaftStorage.java:format(72)) - Storage directory /workdir/hadoop-ozone/ozonefs/target/test-dir/MiniOzoneClusterImpl-3f0ffa95-bfc9-4a1c-9a47-ff24715a0622/datanode-1/data/ratis/7465b3c3-3920-4865-93f5-5e83c5bb66f1 has been successfully formatted.
2019-09-12 11:40:30,754 [pool-38-thread-1] INFO  ratis.ContainerStateMachine (ContainerStateMachine.java:loadSnapshot(226)) - group-5E83C5BB66F1: The snapshot info is null. Setting the last applied indexto:(t:0, i:~)
2019-09-12 11:40:30,754 [pool-38-thread-1] INFO  server.RaftServerConfigKeys (ConfUtils.java:logGet(43)) - raft.server.leader.election.timeout = 120s (custom)
2019-09-12 11:40:30,755 [pool-38-thread-1] INFO  server.RaftServerConfigKeys (ConfUtils.java:logGet(43)) - raft.server.log.use.memory = false (default)
2019-09-12 11:40:30,755 [pool-38-thread-1] INFO  server.RaftServerConfigKeys (ConfUtils.java:logGet(43)) - raft.server.log.purge.gap = 1000000 (custom)
2019-09-12 11:40:30,755 [pool-38-thread-1] INFO  server.RaftServerConfigKeys (ConfUtils.java:logGet(43)) - raft.server.log.appender.buffer.byte-limit = 33554432 (custom)
2019-09-12 11:40:30,755 [pool-38-thread-1] INFO  server.RaftServerConfigKeys (ConfUtils.java:logGet(43)) - raft.server.log.segment.size.max = 1048576 (custom)
2019-09-12 11:40:30,755 [pool-38-thread-1] INFO  server.RaftServerConfigKeys (ConfUtils.java:logGet(43)) - raft.server.log.segment.cache.num.max = 2 (custom)
2019-09-12 11:40:30,756 [pool-38-thread-1] INFO  segmented.SegmentedRaftLogWorker (SegmentedRaftLogWorker.java:<init>(172)) - new 2da31971-fd5c-4baf-8dfe-b6048362baf8-SegmentedRaftLogWorker:Storage Directory /workdir/hadoop-ozone/ozonefs/target/test-dir/MiniOzoneClusterImpl-3f0ffa95-bfc9-4a1c-9a47-ff24715a0622/datanode-1/data/ratis/7465b3c3-3920-4865-93f5-5e83c5bb66f1 for RaftStorage:Storage Directory /workdir/hadoop-ozone/ozonefs/target/test-dir/MiniOzoneClusterImpl-3f0ffa95-bfc9-4a1c-9a47-ff24715a0622/datanode-1/data/ratis/7465b3c3-3920-4865-93f5-5e83c5bb66f1
2019-09-12 11:40:30,756 [pool-38-thread-1] INFO  server.RaftServerConfigKeys (ConfUtils.java:logGet(43)) - raft.server.log.queue.byte-limit = 2147483647 (custom)
2019-09-12 11:40:30,756 [pool-38-thread-1] INFO  server.RaftServerConfigKeys (ConfUtils.java:logGet(43)) - raft.server.log.queue.element-limit = 1024 (custom)
2019-09-12 11:40:30,756 [pool-38-thread-1] INFO  server.RaftServerConfigKeys (ConfUtils.java:logGet(43)) - raft.server.log.segment.size.max = 1048576 (custom)
2019-09-12 11:40:30,756 [pool-38-thread-1] INFO  server.RaftServerConfigKeys (ConfUtils.java:logGet(43)) - raft.server.log.preallocated.size = 16384 (custom)
2019-09-12 11:40:30,757 [pool-38-thread-1] INFO  server.RaftServerConfigKeys (ConfUtils.java:logGet(43)) - raft.server.log.write.buffer.size = 33554432 (custom)
2019-09-12 11:40:30,757 [pool-38-thread-1] INFO  server.RaftServerConfigKeys (ConfUtils.java:logGet(43)) - raft.server.log.force.sync.num = 128 (default)
2019-09-12 11:40:30,757 [pool-38-thread-1] INFO  server.RaftServerConfigKeys (ConfUtils.java:logGet(43)) - raft.server.log.statemachine.data.sync = true (default)
2019-09-12 11:40:30,757 [pool-38-thread-1] INFO  server.RaftServerConfigKeys (ConfUtils.java:logGet(43)) - raft.server.log.statemachine.data.sync.timeout = 10s (default)
2019-09-12 11:40:30,757 [pool-38-thread-1] INFO  server.RaftServerConfigKeys (ConfUtils.java:logGet(43)) - raft.server.log.statemachine.data.sync.timeout.retry = -1 (default)
2019-09-12 11:40:30,758 [pool-38-thread-1] INFO  server.RaftServerConfigKeys (ConfUtils.java:logGet(43)) - raft.server.log.statemachine.data.caching.enabled = true (custom)
2019-09-12 11:40:30,758 [pool-38-thread-1] INFO  segmented.SegmentedRaftLogWorker (SegmentedRaftLogWorker.java:lambda$new$0(132)) - 2da31971-fd5c-4baf-8dfe-b6048362baf8-SegmentedRaftLogWorker:Storage Directory /workdir/hadoop-ozone/ozonefs/target/test-dir/MiniOzoneClusterImpl-3f0ffa95-bfc9-4a1c-9a47-ff24715a0622/datanode-1/data/ratis/7465b3c3-3920-4865-93f5-5e83c5bb66f1: flushIndex: setUnconditionally 0 -> -1
2019-09-12 11:40:30,758 [pool-38-thread-1] INFO  server.RaftServerConfigKeys (ConfUtils.java:logGet(43)) - raft.server.snapshot.auto.trigger.enabled = true (custom)
2019-09-12 11:40:30,759 [pool-38-thread-1] INFO  server.RaftServerConfigKeys (ConfUtils.java:logGet(43)) - raft.server.snapshot.auto.trigger.threshold = 10000 (custom)
2019-09-12 11:40:30,759 [pool-38-thread-1] INFO  server.RaftServerConfigKeys (ConfUtils.java:logGet(43)) - raft.server.retrycache.expirytime = 600000ms (custom)
2019-09-12 11:40:30,759 [pool-38-thread-1] INFO  impl.RaftServerImpl (RaftServerImpl.java:start(180)) - 2da31971-fd5c-4baf-8dfe-b6048362baf8: start group-5E83C5BB66F1
2019-09-12 11:40:30,759 [pool-38-thread-1] INFO  impl.RaftServerImpl (RaftServerImpl.java:setRole(171)) - 2da31971-fd5c-4baf-8dfe-b6048362baf8:group-5E83C5BB66F1 changes role from null to FOLLOWER at term 0 for startAsFollower
2019-09-12 11:40:30,759 [pool-38-thread-1] INFO  impl.RoleInfo (RoleInfo.java:updateAndGet(143)) - 2da31971-fd5c-4baf-8dfe-b6048362baf8: start FollowerState
2019-09-12 11:40:30,760 [pool-38-thread-1] INFO  util.JmxRegister (JmxRegister.java:tryRegister(44)) - Successfully registered JMX Bean with object name Ratis:service=RaftServer,group=group-5E83C5BB66F1,id=2da31971-fd5c-4baf-8dfe-b6048362baf8
2019-09-12 11:40:30,774 [RatisPipelineUtilsThread] INFO  pipeline.PipelineStateManager (PipelineStateManager.java:addPipeline(56)) - Created pipeline Pipeline[ Id: 7465b3c3-3920-4865-93f5-5e83c5bb66f1, Nodes: 2da31971-fd5c-4baf-8dfe-b6048362baf8{ip: 192.168.157.195, host: pr-hdds-1569-xtfnx-3545843844, networkLocation: /default-rack, certSerialId: null}, Type:RATIS, Factor:ONE, State:OPEN]
2019-09-12 11:40:30,795 [grpc-default-executor-0] INFO  impl.RaftServerProxy (RaftServerProxy.java:addNew(89)) - 4255b290-7b6d-420f-97e2-6dfb55690bab: addNew group-1E7F0DFCDB4C:[4255b290-7b6d-420f-97e2-6dfb55690bab:192.168.157.195:45659] returns group-1E7F0DFCDB4C:java.util.concurrent.CompletableFuture@77883651[Not completed]
2019-09-12 11:40:30,801 [pool-93-thread-1] INFO  impl.RaftServerImpl (RaftServerImpl.java:<init>(93)) - 4255b290-7b6d-420f-97e2-6dfb55690bab: new RaftServerImpl for group-1E7F0DFCDB4C:[4255b290-7b6d-420f-97e2-6dfb55690bab:192.168.157.195:45659] with ContainerStateMachine:uninitialized
2019-09-12 11:40:30,801 [pool-93-thread-1] INFO  server.RaftServerConfigKeys (ConfUtils.java:logGet(43)) - raft.server.rpc.timeout.min = 5s (custom)
2019-09-12 11:40:30,801 [pool-93-thread-1] INFO  server.RaftServerConfigKeys (ConfUtils.java:logGet(43)) - raft.server.rpc.timeout.max = 5200ms (custom)
2019-09-12 11:40:30,801 [pool-93-thread-1] INFO  server.RaftServerConfigKeys (ConfUtils.java:logGet(43)) - raft.server.rpcslowness.timeout = 120s (custom)
2019-09-12 11:40:30,801 [pool-93-thread-1] INFO  server.RaftServerConfigKeys (ConfUtils.java:logGet(43)) - raft.server.sleep.deviation.threshold = 300 (default)
2019-09-12 11:40:30,802 [pool-93-thread-1] INFO  server.RaftServerConfigKeys (ConfUtils.java:logGet(43)) - raft.server.log.appender.install.snapshot.enabled = false (custom)
2019-09-12 11:40:30,802 [pool-93-thread-1] INFO  impl.RaftServerImpl (ServerState.java:<init>(105)) - 4255b290-7b6d-420f-97e2-6dfb55690bab:group-1E7F0DFCDB4C ConfigurationManager, init=-1: [4255b290-7b6d-420f-97e2-6dfb55690bab:192.168.157.195:45659], old=null, confs=<EMPTY_MAP>
2019-09-12 11:40:30,802 [pool-93-thread-1] INFO  server.RaftServerConfigKeys (ConfUtils.java:logGet(43)) - raft.server.storage.dir = [/workdir/hadoop-ozone/ozonefs/target/test-dir/MiniOzoneClusterImpl-3f0ffa95-bfc9-4a1c-9a47-ff24715a0622/datanode-6/data/ratis] (custom)
2019-09-12 11:40:30,802 [pool-93-thread-1] INFO  storage.RaftStorageDirectory (RaftStorageDirectory.java:analyzeStorage(246)) - The storage directory /workdir/hadoop-ozone/ozonefs/target/test-dir/MiniOzoneClusterImpl-3f0ffa95-bfc9-4a1c-9a47-ff24715a0622/datanode-6/data/ratis/82d57363-2ca5-46b3-a6cb-1e7f0dfcdb4c does not exist. Creating ...
2019-09-12 11:40:30,815 [pool-93-thread-1] INFO  storage.RaftStorageDirectory (RaftStorageDirectory.java:tryLock(328)) - Lock on /workdir/hadoop-ozone/ozonefs/target/test-dir/MiniOzoneClusterImpl-3f0ffa95-bfc9-4a1c-9a47-ff24715a0622/datanode-6/data/ratis/82d57363-2ca5-46b3-a6cb-1e7f0dfcdb4c/in_use.lock acquired by nodename 26061@pr-hdds-1569-xtfnx-3545843844
2019-09-12 11:40:30,831 [pool-93-thread-1] INFO  storage.RaftStorage (RaftStorage.java:format(72)) - Storage directory /workdir/hadoop-ozone/ozonefs/target/test-dir/MiniOzoneClusterImpl-3f0ffa95-bfc9-4a1c-9a47-ff24715a0622/datanode-6/data/ratis/82d57363-2ca5-46b3-a6cb-1e7f0dfcdb4c has been successfully formatted.
2019-09-12 11:40:30,831 [pool-93-thread-1] INFO  ratis.ContainerStateMachine (ContainerStateMachine.java:loadSnapshot(226)) - group-1E7F0DFCDB4C: The snapshot info is null. Setting the last applied indexto:(t:0, i:~)
2019-09-12 11:40:30,832 [pool-93-thread-1] INFO  server.RaftServerConfigKeys (ConfUtils.java:logGet(43)) - raft.server.leader.election.timeout = 120s (custom)
2019-09-12 11:40:30,832 [pool-93-thread-1] INFO  server.RaftServerConfigKeys (ConfUtils.java:logGet(43)) - raft.server.log.use.memory = false (default)
2019-09-12 11:40:30,832 [pool-93-thread-1] INFO  server.RaftServerConfigKeys (ConfUtils.java:logGet(43)) - raft.server.log.purge.gap = 1000000 (custom)
2019-09-12 11:40:30,832 [pool-93-thread-1] INFO  server.RaftServerConfigKeys (ConfUtils.java:logGet(43)) - raft.server.log.appender.buffer.byte-limit = 33554432 (custom)
2019-09-12 11:40:30,832 [pool-93-thread-1] INFO  server.RaftServerConfigKeys (ConfUtils.java:logGet(43)) - raft.server.log.segment.size.max = 1048576 (custom)
2019-09-12 11:40:30,833 [pool-93-thread-1] INFO  server.RaftServerConfigKeys (ConfUtils.java:logGet(43)) - raft.server.log.segment.cache.num.max = 2 (custom)
2019-09-12 11:40:30,833 [pool-93-thread-1] INFO  segmented.SegmentedRaftLogWorker (SegmentedRaftLogWorker.java:<init>(172)) - new 4255b290-7b6d-420f-97e2-6dfb55690bab-SegmentedRaftLogWorker:Storage Directory /workdir/hadoop-ozone/ozonefs/target/test-dir/MiniOzoneClusterImpl-3f0ffa95-bfc9-4a1c-9a47-ff24715a0622/datanode-6/data/ratis/82d57363-2ca5-46b3-a6cb-1e7f0dfcdb4c for RaftStorage:Storage Directory /workdir/hadoop-ozone/ozonefs/target/test-dir/MiniOzoneClusterImpl-3f0ffa95-bfc9-4a1c-9a47-ff24715a0622/datanode-6/data/ratis/82d57363-2ca5-46b3-a6cb-1e7f0dfcdb4c
2019-09-12 11:40:30,833 [pool-93-thread-1] INFO  server.RaftServerConfigKeys (ConfUtils.java:logGet(43)) - raft.server.log.queue.byte-limit = 2147483647 (custom)
2019-09-12 11:40:30,833 [pool-93-thread-1] INFO  server.RaftServerConfigKeys (ConfUtils.java:logGet(43)) - raft.server.log.queue.element-limit = 1024 (custom)
2019-09-12 11:40:30,834 [pool-93-thread-1] INFO  server.RaftServerConfigKeys (ConfUtils.java:logGet(43)) - raft.server.log.segment.size.max = 1048576 (custom)
2019-09-12 11:40:30,834 [pool-93-thread-1] INFO  server.RaftServerConfigKeys (ConfUtils.java:logGet(43)) - raft.server.log.preallocated.size = 16384 (custom)
2019-09-12 11:40:30,834 [pool-93-thread-1] INFO  server.RaftServerConfigKeys (ConfUtils.java:logGet(43)) - raft.server.log.write.buffer.size = 33554432 (custom)
2019-09-12 11:40:30,834 [pool-93-thread-1] INFO  server.RaftServerConfigKeys (ConfUtils.java:logGet(43)) - raft.server.log.force.sync.num = 128 (default)
2019-09-12 11:40:30,834 [pool-93-thread-1] INFO  server.RaftServerConfigKeys (ConfUtils.java:logGet(43)) - raft.server.log.statemachine.data.sync = true (default)
2019-09-12 11:40:30,835 [pool-93-thread-1] INFO  server.RaftServerConfigKeys (ConfUtils.java:logGet(43)) - raft.server.log.statemachine.data.sync.timeout = 10s (default)
2019-09-12 11:40:30,835 [pool-93-thread-1] INFO  server.RaftServerConfigKeys (ConfUtils.java:logGet(43)) - raft.server.log.statemachine.data.sync.timeout.retry = -1 (default)
2019-09-12 11:40:30,835 [pool-93-thread-1] INFO  server.RaftServerConfigKeys (ConfUtils.java:logGet(43)) - raft.server.log.statemachine.data.caching.enabled = true (custom)
2019-09-12 11:40:30,836 [pool-93-thread-1] INFO  segmented.SegmentedRaftLogWorker (SegmentedRaftLogWorker.java:lambda$new$0(132)) - 4255b290-7b6d-420f-97e2-6dfb55690bab-SegmentedRaftLogWorker:Storage Directory /workdir/hadoop-ozone/ozonefs/target/test-dir/MiniOzoneClusterImpl-3f0ffa95-bfc9-4a1c-9a47-ff24715a0622/datanode-6/data/ratis/82d57363-2ca5-46b3-a6cb-1e7f0dfcdb4c: flushIndex: setUnconditionally 0 -> -1
2019-09-12 11:40:30,836 [pool-93-thread-1] INFO  server.RaftServerConfigKeys (ConfUtils.java:logGet(43)) - raft.server.snapshot.auto.trigger.enabled = true (custom)
2019-09-12 11:40:30,836 [pool-93-thread-1] INFO  server.RaftServerConfigKeys (ConfUtils.java:logGet(43)) - raft.server.snapshot.auto.trigger.threshold = 10000 (custom)
2019-09-12 11:40:30,837 [pool-93-thread-1] INFO  server.RaftServerConfigKeys (ConfUtils.java:logGet(43)) - raft.server.retrycache.expirytime = 600000ms (custom)
2019-09-12 11:40:30,837 [pool-93-thread-1] INFO  impl.RaftServerImpl (RaftServerImpl.java:start(180)) - 4255b290-7b6d-420f-97e2-6dfb55690bab: start group-1E7F0DFCDB4C
2019-09-12 11:40:30,837 [pool-93-thread-1] INFO  impl.RaftServerImpl (RaftServerImpl.java:setRole(171)) - 4255b290-7b6d-420f-97e2-6dfb55690bab:group-1E7F0DFCDB4C changes role from null to FOLLOWER at term 0 for startAsFollower
2019-09-12 11:40:30,837 [pool-93-thread-1] INFO  impl.RoleInfo (RoleInfo.java:updateAndGet(143)) - 4255b290-7b6d-420f-97e2-6dfb55690bab: start FollowerState
2019-09-12 11:40:30,838 [pool-93-thread-1] INFO  util.JmxRegister (JmxRegister.java:tryRegister(44)) - Successfully registered JMX Bean with object name Ratis:service=RaftServer,group=group-1E7F0DFCDB4C,id=4255b290-7b6d-420f-97e2-6dfb55690bab
2019-09-12 11:40:30,869 [RatisPipelineUtilsThread] INFO  pipeline.PipelineStateManager (PipelineStateManager.java:addPipeline(56)) - Created pipeline Pipeline[ Id: 82d57363-2ca5-46b3-a6cb-1e7f0dfcdb4c, Nodes: 4255b290-7b6d-420f-97e2-6dfb55690bab{ip: 192.168.157.195, host: pr-hdds-1569-xtfnx-3545843844, networkLocation: /default-rack, certSerialId: null}, Type:RATIS, Factor:ONE, State:OPEN]
2019-09-12 11:40:30,889 [grpc-default-executor-0] INFO  impl.RaftServerProxy (RaftServerProxy.java:addNew(89)) - f17fb2fb-971d-416e-b1f4-66e23bc05d05: addNew group-0AB17BC2C189:[f17fb2fb-971d-416e-b1f4-66e23bc05d05:192.168.157.195:35862] returns group-0AB17BC2C189:java.util.concurrent.CompletableFuture@5aa4de18[Not completed]
2019-09-12 11:40:30,891 [pool-60-thread-1] INFO  impl.RaftServerImpl (RaftServerImpl.java:<init>(93)) - f17fb2fb-971d-416e-b1f4-66e23bc05d05: new RaftServerImpl for group-0AB17BC2C189:[f17fb2fb-971d-416e-b1f4-66e23bc05d05:192.168.157.195:35862] with ContainerStateMachine:uninitialized
2019-09-12 11:40:30,891 [pool-60-thread-1] INFO  server.RaftServerConfigKeys (ConfUtils.java:logGet(43)) - raft.server.rpc.timeout.min = 5s (custom)
2019-09-12 11:40:30,891 [pool-60-thread-1] INFO  server.RaftServerConfigKeys (ConfUtils.java:logGet(43)) - raft.server.rpc.timeout.max = 5200ms (custom)
2019-09-12 11:40:30,892 [pool-60-thread-1] INFO  server.RaftServerConfigKeys (ConfUtils.java:logGet(43)) - raft.server.rpcslowness.timeout = 120s (custom)
2019-09-12 11:40:30,892 [pool-60-thread-1] INFO  server.RaftServerConfigKeys (ConfUtils.java:logGet(43)) - raft.server.sleep.deviation.threshold = 300 (default)
2019-09-12 11:40:30,892 [pool-60-thread-1] INFO  server.RaftServerConfigKeys (ConfUtils.java:logGet(43)) - raft.server.log.appender.install.snapshot.enabled = false (custom)
2019-09-12 11:40:30,892 [pool-60-thread-1] INFO  impl.RaftServerImpl (ServerState.java:<init>(105)) - f17fb2fb-971d-416e-b1f4-66e23bc05d05:group-0AB17BC2C189 ConfigurationManager, init=-1: [f17fb2fb-971d-416e-b1f4-66e23bc05d05:192.168.157.195:35862], old=null, confs=<EMPTY_MAP>
2019-09-12 11:40:30,892 [pool-60-thread-1] INFO  server.RaftServerConfigKeys (ConfUtils.java:logGet(43)) - raft.server.storage.dir = [/workdir/hadoop-ozone/ozonefs/target/test-dir/MiniOzoneClusterImpl-3f0ffa95-bfc9-4a1c-9a47-ff24715a0622/datanode-3/data/ratis] (custom)
2019-09-12 11:40:30,893 [pool-60-thread-1] INFO  storage.RaftStorageDirectory (RaftStorageDirectory.java:analyzeStorage(246)) - The storage directory /workdir/hadoop-ozone/ozonefs/target/test-dir/MiniOzoneClusterImpl-3f0ffa95-bfc9-4a1c-9a47-ff24715a0622/datanode-3/data/ratis/dd639e63-b45f-46a0-98c9-0ab17bc2c189 does not exist. Creating ...
2019-09-12 11:40:30,918 [pool-60-thread-1] INFO  storage.RaftStorageDirectory (RaftStorageDirectory.java:tryLock(328)) - Lock on /workdir/hadoop-ozone/ozonefs/target/test-dir/MiniOzoneClusterImpl-3f0ffa95-bfc9-4a1c-9a47-ff24715a0622/datanode-3/data/ratis/dd639e63-b45f-46a0-98c9-0ab17bc2c189/in_use.lock acquired by nodename 26061@pr-hdds-1569-xtfnx-3545843844
2019-09-12 11:40:30,919 | INFO  | SCMAudit | user=jenkins1000 | ip=192.168.157.195 | op=SEND_HEARTBEAT {datanodeUUID=abc6f9f9-8862-43ee-ac13-b67e1574492b, command=[]} | ret=SUCCESS |  
2019-09-12 11:40:30,931 [pool-60-thread-1] INFO  storage.RaftStorage (RaftStorage.java:format(72)) - Storage directory /workdir/hadoop-ozone/ozonefs/target/test-dir/MiniOzoneClusterImpl-3f0ffa95-bfc9-4a1c-9a47-ff24715a0622/datanode-3/data/ratis/dd639e63-b45f-46a0-98c9-0ab17bc2c189 has been successfully formatted.
2019-09-12 11:40:30,931 [pool-60-thread-1] INFO  ratis.ContainerStateMachine (ContainerStateMachine.java:loadSnapshot(226)) - group-0AB17BC2C189: The snapshot info is null. Setting the last applied indexto:(t:0, i:~)
2019-09-12 11:40:30,931 [pool-60-thread-1] INFO  server.RaftServerConfigKeys (ConfUtils.java:logGet(43)) - raft.server.leader.election.timeout = 120s (custom)
2019-09-12 11:40:30,931 [pool-60-thread-1] INFO  server.RaftServerConfigKeys (ConfUtils.java:logGet(43)) - raft.server.log.use.memory = false (default)
2019-09-12 11:40:30,932 [pool-60-thread-1] INFO  server.RaftServerConfigKeys (ConfUtils.java:logGet(43)) - raft.server.log.purge.gap = 1000000 (custom)
2019-09-12 11:40:30,932 [pool-60-thread-1] INFO  server.RaftServerConfigKeys (ConfUtils.java:logGet(43)) - raft.server.log.appender.buffer.byte-limit = 33554432 (custom)
2019-09-12 11:40:30,932 [pool-60-thread-1] INFO  server.RaftServerConfigKeys (ConfUtils.java:logGet(43)) - raft.server.log.segment.size.max = 1048576 (custom)
2019-09-12 11:40:30,932 [pool-60-thread-1] INFO  server.RaftServerConfigKeys (ConfUtils.java:logGet(43)) - raft.server.log.segment.cache.num.max = 2 (custom)
2019-09-12 11:40:30,933 [pool-60-thread-1] INFO  segmented.SegmentedRaftLogWorker (SegmentedRaftLogWorker.java:<init>(172)) - new f17fb2fb-971d-416e-b1f4-66e23bc05d05-SegmentedRaftLogWorker:Storage Directory /workdir/hadoop-ozone/ozonefs/target/test-dir/MiniOzoneClusterImpl-3f0ffa95-bfc9-4a1c-9a47-ff24715a0622/datanode-3/data/ratis/dd639e63-b45f-46a0-98c9-0ab17bc2c189 for RaftStorage:Storage Directory /workdir/hadoop-ozone/ozonefs/target/test-dir/MiniOzoneClusterImpl-3f0ffa95-bfc9-4a1c-9a47-ff24715a0622/datanode-3/data/ratis/dd639e63-b45f-46a0-98c9-0ab17bc2c189
2019-09-12 11:40:30,933 [pool-60-thread-1] INFO  server.RaftServerConfigKeys (ConfUtils.java:logGet(43)) - raft.server.log.queue.byte-limit = 2147483647 (custom)
2019-09-12 11:40:30,933 [pool-60-thread-1] INFO  server.RaftServerConfigKeys (ConfUtils.java:logGet(43)) - raft.server.log.queue.element-limit = 1024 (custom)
2019-09-12 11:40:30,933 [pool-60-thread-1] INFO  server.RaftServerConfigKeys (ConfUtils.java:logGet(43)) - raft.server.log.segment.size.max = 1048576 (custom)
2019-09-12 11:40:30,933 [pool-60-thread-1] INFO  server.RaftServerConfigKeys (ConfUtils.java:logGet(43)) - raft.server.log.preallocated.size = 16384 (custom)
2019-09-12 11:40:30,934 [pool-60-thread-1] INFO  server.RaftServerConfigKeys (ConfUtils.java:logGet(43)) - raft.server.log.write.buffer.size = 33554432 (custom)
2019-09-12 11:40:30,934 [pool-60-thread-1] INFO  server.RaftServerConfigKeys (ConfUtils.java:logGet(43)) - raft.server.log.force.sync.num = 128 (default)
2019-09-12 11:40:30,934 [pool-60-thread-1] INFO  server.RaftServerConfigKeys (ConfUtils.java:logGet(43)) - raft.server.log.statemachine.data.sync = true (default)
2019-09-12 11:40:30,934 [pool-60-thread-1] INFO  server.RaftServerConfigKeys (ConfUtils.java:logGet(43)) - raft.server.log.statemachine.data.sync.timeout = 10s (default)
2019-09-12 11:40:30,934 [pool-60-thread-1] INFO  server.RaftServerConfigKeys (ConfUtils.java:logGet(43)) - raft.server.log.statemachine.data.sync.timeout.retry = -1 (default)
2019-09-12 11:40:30,935 [pool-60-thread-1] INFO  server.RaftServerConfigKeys (ConfUtils.java:logGet(43)) - raft.server.log.statemachine.data.caching.enabled = true (custom)
2019-09-12 11:40:30,935 [pool-60-thread-1] INFO  segmented.SegmentedRaftLogWorker (SegmentedRaftLogWorker.java:lambda$new$0(132)) - f17fb2fb-971d-416e-b1f4-66e23bc05d05-SegmentedRaftLogWorker:Storage Directory /workdir/hadoop-ozone/ozonefs/target/test-dir/MiniOzoneClusterImpl-3f0ffa95-bfc9-4a1c-9a47-ff24715a0622/datanode-3/data/ratis/dd639e63-b45f-46a0-98c9-0ab17bc2c189: flushIndex: setUnconditionally 0 -> -1
2019-09-12 11:40:30,936 [pool-60-thread-1] INFO  server.RaftServerConfigKeys (ConfUtils.java:logGet(43)) - raft.server.snapshot.auto.trigger.enabled = true (custom)
2019-09-12 11:40:30,936 [pool-60-thread-1] INFO  server.RaftServerConfigKeys (ConfUtils.java:logGet(43)) - raft.server.snapshot.auto.trigger.threshold = 10000 (custom)
2019-09-12 11:40:30,936 [pool-60-thread-1] INFO  server.RaftServerConfigKeys (ConfUtils.java:logGet(43)) - raft.server.retrycache.expirytime = 600000ms (custom)
2019-09-12 11:40:30,936 [pool-60-thread-1] INFO  impl.RaftServerImpl (RaftServerImpl.java:start(180)) - f17fb2fb-971d-416e-b1f4-66e23bc05d05: start group-0AB17BC2C189
2019-09-12 11:40:30,937 [pool-60-thread-1] INFO  impl.RaftServerImpl (RaftServerImpl.java:setRole(171)) - f17fb2fb-971d-416e-b1f4-66e23bc05d05:group-0AB17BC2C189 changes role from null to FOLLOWER at term 0 for startAsFollower
2019-09-12 11:40:30,937 [pool-60-thread-1] INFO  impl.RoleInfo (RoleInfo.java:updateAndGet(143)) - f17fb2fb-971d-416e-b1f4-66e23bc05d05: start FollowerState
2019-09-12 11:40:30,938 [pool-60-thread-1] INFO  util.JmxRegister (JmxRegister.java:tryRegister(44)) - Successfully registered JMX Bean with object name Ratis:service=RaftServer,group=group-0AB17BC2C189,id=f17fb2fb-971d-416e-b1f4-66e23bc05d05
2019-09-12 11:40:30,953 [RatisPipelineUtilsThread] INFO  pipeline.PipelineStateManager (PipelineStateManager.java:addPipeline(56)) - Created pipeline Pipeline[ Id: dd639e63-b45f-46a0-98c9-0ab17bc2c189, Nodes: f17fb2fb-971d-416e-b1f4-66e23bc05d05{ip: 192.168.157.195, host: pr-hdds-1569-xtfnx-3545843844, networkLocation: /default-rack, certSerialId: null}, Type:RATIS, Factor:ONE, State:OPEN]
2019-09-12 11:40:30,970 [grpc-default-executor-0] INFO  impl.RaftServerProxy (RaftServerProxy.java:addNew(89)) - f17fb2fb-971d-416e-b1f4-66e23bc05d05: addNew group-34140F39FFA8:[f17fb2fb-971d-416e-b1f4-66e23bc05d05:192.168.157.195:35862] returns group-34140F39FFA8:java.util.concurrent.CompletableFuture@3a73ef51[Not completed]
2019-09-12 11:40:30,972 [pool-60-thread-1] INFO  impl.RaftServerImpl (RaftServerImpl.java:<init>(93)) - f17fb2fb-971d-416e-b1f4-66e23bc05d05: new RaftServerImpl for group-34140F39FFA8:[f17fb2fb-971d-416e-b1f4-66e23bc05d05:192.168.157.195:35862] with ContainerStateMachine:uninitialized
2019-09-12 11:40:30,972 [pool-60-thread-1] INFO  server.RaftServerConfigKeys (ConfUtils.java:logGet(43)) - raft.server.rpc.timeout.min = 5s (custom)
2019-09-12 11:40:30,973 [pool-60-thread-1] INFO  server.RaftServerConfigKeys (ConfUtils.java:logGet(43)) - raft.server.rpc.timeout.max = 5200ms (custom)
2019-09-12 11:40:30,973 [pool-60-thread-1] INFO  server.RaftServerConfigKeys (ConfUtils.java:logGet(43)) - raft.server.rpcslowness.timeout = 120s (custom)
2019-09-12 11:40:30,973 [pool-60-thread-1] INFO  server.RaftServerConfigKeys (ConfUtils.java:logGet(43)) - raft.server.sleep.deviation.threshold = 300 (default)
2019-09-12 11:40:30,973 [pool-60-thread-1] INFO  server.RaftServerConfigKeys (ConfUtils.java:logGet(43)) - raft.server.log.appender.install.snapshot.enabled = false (custom)
2019-09-12 11:40:30,973 [pool-60-thread-1] INFO  impl.RaftServerImpl (ServerState.java:<init>(105)) - f17fb2fb-971d-416e-b1f4-66e23bc05d05:group-34140F39FFA8 ConfigurationManager, init=-1: [f17fb2fb-971d-416e-b1f4-66e23bc05d05:192.168.157.195:35862], old=null, confs=<EMPTY_MAP>
2019-09-12 11:40:30,974 [pool-60-thread-1] INFO  server.RaftServerConfigKeys (ConfUtils.java:logGet(43)) - raft.server.storage.dir = [/workdir/hadoop-ozone/ozonefs/target/test-dir/MiniOzoneClusterImpl-3f0ffa95-bfc9-4a1c-9a47-ff24715a0622/datanode-3/data/ratis] (custom)
2019-09-12 11:40:30,974 [pool-60-thread-1] INFO  storage.RaftStorageDirectory (RaftStorageDirectory.java:analyzeStorage(246)) - The storage directory /workdir/hadoop-ozone/ozonefs/target/test-dir/MiniOzoneClusterImpl-3f0ffa95-bfc9-4a1c-9a47-ff24715a0622/datanode-3/data/ratis/e84a7189-326b-4570-b70c-34140f39ffa8 does not exist. Creating ...
2019-09-12 11:40:30,987 [pool-60-thread-1] INFO  storage.RaftStorageDirectory (RaftStorageDirectory.java:tryLock(328)) - Lock on /workdir/hadoop-ozone/ozonefs/target/test-dir/MiniOzoneClusterImpl-3f0ffa95-bfc9-4a1c-9a47-ff24715a0622/datanode-3/data/ratis/e84a7189-326b-4570-b70c-34140f39ffa8/in_use.lock acquired by nodename 26061@pr-hdds-1569-xtfnx-3545843844
2019-09-12 11:40:31,000 [pool-60-thread-1] INFO  storage.RaftStorage (RaftStorage.java:format(72)) - Storage directory /workdir/hadoop-ozone/ozonefs/target/test-dir/MiniOzoneClusterImpl-3f0ffa95-bfc9-4a1c-9a47-ff24715a0622/datanode-3/data/ratis/e84a7189-326b-4570-b70c-34140f39ffa8 has been successfully formatted.
2019-09-12 11:40:31,001 [pool-60-thread-1] INFO  ratis.ContainerStateMachine (ContainerStateMachine.java:loadSnapshot(226)) - group-34140F39FFA8: The snapshot info is null. Setting the last applied indexto:(t:0, i:~)
2019-09-12 11:40:31,001 [pool-60-thread-1] INFO  server.RaftServerConfigKeys (ConfUtils.java:logGet(43)) - raft.server.leader.election.timeout = 120s (custom)
2019-09-12 11:40:31,001 [pool-60-thread-1] INFO  server.RaftServerConfigKeys (ConfUtils.java:logGet(43)) - raft.server.log.use.memory = false (default)
2019-09-12 11:40:31,001 [pool-60-thread-1] INFO  server.RaftServerConfigKeys (ConfUtils.java:logGet(43)) - raft.server.log.purge.gap = 1000000 (custom)
2019-09-12 11:40:31,002 [pool-60-thread-1] INFO  server.RaftServerConfigKeys (ConfUtils.java:logGet(43)) - raft.server.log.appender.buffer.byte-limit = 33554432 (custom)
2019-09-12 11:40:31,002 [pool-60-thread-1] INFO  server.RaftServerConfigKeys (ConfUtils.java:logGet(43)) - raft.server.log.segment.size.max = 1048576 (custom)
2019-09-12 11:40:31,002 [pool-60-thread-1] INFO  server.RaftServerConfigKeys (ConfUtils.java:logGet(43)) - raft.server.log.segment.cache.num.max = 2 (custom)
2019-09-12 11:40:31,002 [pool-60-thread-1] INFO  segmented.SegmentedRaftLogWorker (SegmentedRaftLogWorker.java:<init>(172)) - new f17fb2fb-971d-416e-b1f4-66e23bc05d05-SegmentedRaftLogWorker:Storage Directory /workdir/hadoop-ozone/ozonefs/target/test-dir/MiniOzoneClusterImpl-3f0ffa95-bfc9-4a1c-9a47-ff24715a0622/datanode-3/data/ratis/e84a7189-326b-4570-b70c-34140f39ffa8 for RaftStorage:Storage Directory /workdir/hadoop-ozone/ozonefs/target/test-dir/MiniOzoneClusterImpl-3f0ffa95-bfc9-4a1c-9a47-ff24715a0622/datanode-3/data/ratis/e84a7189-326b-4570-b70c-34140f39ffa8
2019-09-12 11:40:31,002 [pool-60-thread-1] INFO  server.RaftServerConfigKeys (ConfUtils.java:logGet(43)) - raft.server.log.queue.byte-limit = 2147483647 (custom)
2019-09-12 11:40:31,003 [pool-60-thread-1] INFO  server.RaftServerConfigKeys (ConfUtils.java:logGet(43)) - raft.server.log.queue.element-limit = 1024 (custom)
2019-09-12 11:40:31,003 [pool-60-thread-1] INFO  server.RaftServerConfigKeys (ConfUtils.java:logGet(43)) - raft.server.log.segment.size.max = 1048576 (custom)
2019-09-12 11:40:31,003 [pool-60-thread-1] INFO  server.RaftServerConfigKeys (ConfUtils.java:logGet(43)) - raft.server.log.preallocated.size = 16384 (custom)
2019-09-12 11:40:31,003 [pool-60-thread-1] INFO  server.RaftServerConfigKeys (ConfUtils.java:logGet(43)) - raft.server.log.write.buffer.size = 33554432 (custom)
2019-09-12 11:40:31,004 [pool-60-thread-1] INFO  server.RaftServerConfigKeys (ConfUtils.java:logGet(43)) - raft.server.log.force.sync.num = 128 (default)
2019-09-12 11:40:31,004 [pool-60-thread-1] INFO  server.RaftServerConfigKeys (ConfUtils.java:logGet(43)) - raft.server.log.statemachine.data.sync = true (default)
2019-09-12 11:40:31,004 [pool-60-thread-1] INFO  server.RaftServerConfigKeys (ConfUtils.java:logGet(43)) - raft.server.log.statemachine.data.sync.timeout = 10s (default)
2019-09-12 11:40:31,004 [pool-60-thread-1] INFO  server.RaftServerConfigKeys (ConfUtils.java:logGet(43)) - raft.server.log.statemachine.data.sync.timeout.retry = -1 (default)
2019-09-12 11:40:31,004 [pool-60-thread-1] INFO  server.RaftServerConfigKeys (ConfUtils.java:logGet(43)) - raft.server.log.statemachine.data.caching.enabled = true (custom)
2019-09-12 11:40:31,005 [pool-60-thread-1] INFO  segmented.SegmentedRaftLogWorker (SegmentedRaftLogWorker.java:lambda$new$0(132)) - f17fb2fb-971d-416e-b1f4-66e23bc05d05-SegmentedRaftLogWorker:Storage Directory /workdir/hadoop-ozone/ozonefs/target/test-dir/MiniOzoneClusterImpl-3f0ffa95-bfc9-4a1c-9a47-ff24715a0622/datanode-3/data/ratis/e84a7189-326b-4570-b70c-34140f39ffa8: flushIndex: setUnconditionally 0 -> -1
2019-09-12 11:40:31,005 [pool-60-thread-1] INFO  server.RaftServerConfigKeys (ConfUtils.java:logGet(43)) - raft.server.snapshot.auto.trigger.enabled = true (custom)
2019-09-12 11:40:31,006 [pool-60-thread-1] INFO  server.RaftServerConfigKeys (ConfUtils.java:logGet(43)) - raft.server.snapshot.auto.trigger.threshold = 10000 (custom)
2019-09-12 11:40:31,006 [pool-60-thread-1] INFO  server.RaftServerConfigKeys (ConfUtils.java:logGet(43)) - raft.server.retrycache.expirytime = 600000ms (custom)
2019-09-12 11:40:31,006 [pool-60-thread-1] INFO  impl.RaftServerImpl (RaftServerImpl.java:start(180)) - f17fb2fb-971d-416e-b1f4-66e23bc05d05: start group-34140F39FFA8
2019-09-12 11:40:31,006 [pool-60-thread-1] INFO  impl.RaftServerImpl (RaftServerImpl.java:setRole(171)) - f17fb2fb-971d-416e-b1f4-66e23bc05d05:group-34140F39FFA8 changes role from null to FOLLOWER at term 0 for startAsFollower
2019-09-12 11:40:31,007 [pool-60-thread-1] INFO  impl.RoleInfo (RoleInfo.java:updateAndGet(143)) - f17fb2fb-971d-416e-b1f4-66e23bc05d05: start FollowerState
2019-09-12 11:40:31,007 [pool-60-thread-1] INFO  util.JmxRegister (JmxRegister.java:tryRegister(44)) - Successfully registered JMX Bean with object name Ratis:service=RaftServer,group=group-34140F39FFA8,id=f17fb2fb-971d-416e-b1f4-66e23bc05d05
2019-09-12 11:40:31,021 [RatisPipelineUtilsThread] INFO  pipeline.PipelineStateManager (PipelineStateManager.java:addPipeline(56)) - Created pipeline Pipeline[ Id: e84a7189-326b-4570-b70c-34140f39ffa8, Nodes: f17fb2fb-971d-416e-b1f4-66e23bc05d05{ip: 192.168.157.195, host: pr-hdds-1569-xtfnx-3545843844, networkLocation: /default-rack, certSerialId: null}, Type:RATIS, Factor:ONE, State:OPEN]
2019-09-12 11:40:31,038 [grpc-default-executor-0] INFO  impl.RaftServerProxy (RaftServerProxy.java:addNew(89)) - f17fb2fb-971d-416e-b1f4-66e23bc05d05: addNew group-5B89EC935673:[f17fb2fb-971d-416e-b1f4-66e23bc05d05:192.168.157.195:35862] returns group-5B89EC935673:java.util.concurrent.CompletableFuture@3a905b5f[Not completed]
2019-09-12 11:40:31,041 [pool-60-thread-1] INFO  impl.RaftServerImpl (RaftServerImpl.java:<init>(93)) - f17fb2fb-971d-416e-b1f4-66e23bc05d05: new RaftServerImpl for group-5B89EC935673:[f17fb2fb-971d-416e-b1f4-66e23bc05d05:192.168.157.195:35862] with ContainerStateMachine:uninitialized
2019-09-12 11:40:31,041 [pool-60-thread-1] INFO  server.RaftServerConfigKeys (ConfUtils.java:logGet(43)) - raft.server.rpc.timeout.min = 5s (custom)
2019-09-12 11:40:31,041 [pool-60-thread-1] INFO  server.RaftServerConfigKeys (ConfUtils.java:logGet(43)) - raft.server.rpc.timeout.max = 5200ms (custom)
2019-09-12 11:40:31,041 [pool-60-thread-1] INFO  server.RaftServerConfigKeys (ConfUtils.java:logGet(43)) - raft.server.rpcslowness.timeout = 120s (custom)
2019-09-12 11:40:31,042 [pool-60-thread-1] INFO  server.RaftServerConfigKeys (ConfUtils.java:logGet(43)) - raft.server.sleep.deviation.threshold = 300 (default)
2019-09-12 11:40:31,042 [pool-60-thread-1] INFO  server.RaftServerConfigKeys (ConfUtils.java:logGet(43)) - raft.server.log.appender.install.snapshot.enabled = false (custom)
2019-09-12 11:40:31,042 [pool-60-thread-1] INFO  impl.RaftServerImpl (ServerState.java:<init>(105)) - f17fb2fb-971d-416e-b1f4-66e23bc05d05:group-5B89EC935673 ConfigurationManager, init=-1: [f17fb2fb-971d-416e-b1f4-66e23bc05d05:192.168.157.195:35862], old=null, confs=<EMPTY_MAP>
2019-09-12 11:40:31,042 [pool-60-thread-1] INFO  server.RaftServerConfigKeys (ConfUtils.java:logGet(43)) - raft.server.storage.dir = [/workdir/hadoop-ozone/ozonefs/target/test-dir/MiniOzoneClusterImpl-3f0ffa95-bfc9-4a1c-9a47-ff24715a0622/datanode-3/data/ratis] (custom)
2019-09-12 11:40:31,043 [pool-60-thread-1] INFO  storage.RaftStorageDirectory (RaftStorageDirectory.java:analyzeStorage(246)) - The storage directory /workdir/hadoop-ozone/ozonefs/target/test-dir/MiniOzoneClusterImpl-3f0ffa95-bfc9-4a1c-9a47-ff24715a0622/datanode-3/data/ratis/a926077e-3957-4c85-bd59-5b89ec935673 does not exist. Creating ...
2019-09-12 11:40:31,055 [pool-60-thread-1] INFO  storage.RaftStorageDirectory (RaftStorageDirectory.java:tryLock(328)) - Lock on /workdir/hadoop-ozone/ozonefs/target/test-dir/MiniOzoneClusterImpl-3f0ffa95-bfc9-4a1c-9a47-ff24715a0622/datanode-3/data/ratis/a926077e-3957-4c85-bd59-5b89ec935673/in_use.lock acquired by nodename 26061@pr-hdds-1569-xtfnx-3545843844
2019-09-12 11:40:31,069 [pool-60-thread-1] INFO  storage.RaftStorage (RaftStorage.java:format(72)) - Storage directory /workdir/hadoop-ozone/ozonefs/target/test-dir/MiniOzoneClusterImpl-3f0ffa95-bfc9-4a1c-9a47-ff24715a0622/datanode-3/data/ratis/a926077e-3957-4c85-bd59-5b89ec935673 has been successfully formatted.
2019-09-12 11:40:31,069 [pool-60-thread-1] INFO  ratis.ContainerStateMachine (ContainerStateMachine.java:loadSnapshot(226)) - group-5B89EC935673: The snapshot info is null. Setting the last applied indexto:(t:0, i:~)
2019-09-12 11:40:31,070 [pool-60-thread-1] INFO  server.RaftServerConfigKeys (ConfUtils.java:logGet(43)) - raft.server.leader.election.timeout = 120s (custom)
2019-09-12 11:40:31,070 [pool-60-thread-1] INFO  server.RaftServerConfigKeys (ConfUtils.java:logGet(43)) - raft.server.log.use.memory = false (default)
2019-09-12 11:40:31,070 [pool-60-thread-1] INFO  server.RaftServerConfigKeys (ConfUtils.java:logGet(43)) - raft.server.log.purge.gap = 1000000 (custom)
2019-09-12 11:40:31,070 [pool-60-thread-1] INFO  server.RaftServerConfigKeys (ConfUtils.java:logGet(43)) - raft.server.log.appender.buffer.byte-limit = 33554432 (custom)
2019-09-12 11:40:31,070 [pool-60-thread-1] INFO  server.RaftServerConfigKeys (ConfUtils.java:logGet(43)) - raft.server.log.segment.size.max = 1048576 (custom)
2019-09-12 11:40:31,071 [pool-60-thread-1] INFO  server.RaftServerConfigKeys (ConfUtils.java:logGet(43)) - raft.server.log.segment.cache.num.max = 2 (custom)
2019-09-12 11:40:31,071 [pool-60-thread-1] INFO  segmented.SegmentedRaftLogWorker (SegmentedRaftLogWorker.java:<init>(172)) - new f17fb2fb-971d-416e-b1f4-66e23bc05d05-SegmentedRaftLogWorker:Storage Directory /workdir/hadoop-ozone/ozonefs/target/test-dir/MiniOzoneClusterImpl-3f0ffa95-bfc9-4a1c-9a47-ff24715a0622/datanode-3/data/ratis/a926077e-3957-4c85-bd59-5b89ec935673 for RaftStorage:Storage Directory /workdir/hadoop-ozone/ozonefs/target/test-dir/MiniOzoneClusterImpl-3f0ffa95-bfc9-4a1c-9a47-ff24715a0622/datanode-3/data/ratis/a926077e-3957-4c85-bd59-5b89ec935673
2019-09-12 11:40:31,071 [pool-60-thread-1] INFO  server.RaftServerConfigKeys (ConfUtils.java:logGet(43)) - raft.server.log.queue.byte-limit = 2147483647 (custom)
2019-09-12 11:40:31,071 [pool-60-thread-1] INFO  server.RaftServerConfigKeys (ConfUtils.java:logGet(43)) - raft.server.log.queue.element-limit = 1024 (custom)
2019-09-12 11:40:31,072 [pool-60-thread-1] INFO  server.RaftServerConfigKeys (ConfUtils.java:logGet(43)) - raft.server.log.segment.size.max = 1048576 (custom)
2019-09-12 11:40:31,072 [pool-60-thread-1] INFO  server.RaftServerConfigKeys (ConfUtils.java:logGet(43)) - raft.server.log.preallocated.size = 16384 (custom)
2019-09-12 11:40:31,072 [pool-60-thread-1] INFO  server.RaftServerConfigKeys (ConfUtils.java:logGet(43)) - raft.server.log.write.buffer.size = 33554432 (custom)
2019-09-12 11:40:31,072 [pool-60-thread-1] INFO  server.RaftServerConfigKeys (ConfUtils.java:logGet(43)) - raft.server.log.force.sync.num = 128 (default)
2019-09-12 11:40:31,073 [pool-60-thread-1] INFO  server.RaftServerConfigKeys (ConfUtils.java:logGet(43)) - raft.server.log.statemachine.data.sync = true (default)
2019-09-12 11:40:31,073 [pool-60-thread-1] INFO  server.RaftServerConfigKeys (ConfUtils.java:logGet(43)) - raft.server.log.statemachine.data.sync.timeout = 10s (default)
2019-09-12 11:40:31,073 [pool-60-thread-1] INFO  server.RaftServerConfigKeys (ConfUtils.java:logGet(43)) - raft.server.log.statemachine.data.sync.timeout.retry = -1 (default)
2019-09-12 11:40:31,073 [pool-60-thread-1] INFO  server.RaftServerConfigKeys (ConfUtils.java:logGet(43)) - raft.server.log.statemachine.data.caching.enabled = true (custom)
2019-09-12 11:40:31,074 [pool-60-thread-1] INFO  segmented.SegmentedRaftLogWorker (SegmentedRaftLogWorker.java:lambda$new$0(132)) - f17fb2fb-971d-416e-b1f4-66e23bc05d05-SegmentedRaftLogWorker:Storage Directory /workdir/hadoop-ozone/ozonefs/target/test-dir/MiniOzoneClusterImpl-3f0ffa95-bfc9-4a1c-9a47-ff24715a0622/datanode-3/data/ratis/a926077e-3957-4c85-bd59-5b89ec935673: flushIndex: setUnconditionally 0 -> -1
2019-09-12 11:40:31,074 [pool-60-thread-1] INFO  server.RaftServerConfigKeys (ConfUtils.java:logGet(43)) - raft.server.snapshot.auto.trigger.enabled = true (custom)
2019-09-12 11:40:31,074 [pool-60-thread-1] INFO  server.RaftServerConfigKeys (ConfUtils.java:logGet(43)) - raft.server.snapshot.auto.trigger.threshold = 10000 (custom)
2019-09-12 11:40:31,075 [pool-60-thread-1] INFO  server.RaftServerConfigKeys (ConfUtils.java:logGet(43)) - raft.server.retrycache.expirytime = 600000ms (custom)
2019-09-12 11:40:31,075 [pool-60-thread-1] INFO  impl.RaftServerImpl (RaftServerImpl.java:start(180)) - f17fb2fb-971d-416e-b1f4-66e23bc05d05: start group-5B89EC935673
2019-09-12 11:40:31,075 [pool-60-thread-1] INFO  impl.RaftServerImpl (RaftServerImpl.java:setRole(171)) - f17fb2fb-971d-416e-b1f4-66e23bc05d05:group-5B89EC935673 changes role from null to FOLLOWER at term 0 for startAsFollower
2019-09-12 11:40:31,076 [pool-60-thread-1] INFO  impl.RoleInfo (RoleInfo.java:updateAndGet(143)) - f17fb2fb-971d-416e-b1f4-66e23bc05d05: start FollowerState
2019-09-12 11:40:31,076 [pool-60-thread-1] INFO  util.JmxRegister (JmxRegister.java:tryRegister(44)) - Successfully registered JMX Bean with object name Ratis:service=RaftServer,group=group-5B89EC935673,id=f17fb2fb-971d-416e-b1f4-66e23bc05d05
2019-09-12 11:40:31,102 [RatisPipelineUtilsThread] INFO  pipeline.PipelineStateManager (PipelineStateManager.java:addPipeline(56)) - Created pipeline Pipeline[ Id: a926077e-3957-4c85-bd59-5b89ec935673, Nodes: f17fb2fb-971d-416e-b1f4-66e23bc05d05{ip: 192.168.157.195, host: pr-hdds-1569-xtfnx-3545843844, networkLocation: /default-rack, certSerialId: null}, Type:RATIS, Factor:ONE, State:OPEN]
2019-09-12 11:40:31,116 [grpc-default-executor-0] INFO  impl.RaftServerProxy (RaftServerProxy.java:addNew(89)) - f17fb2fb-971d-416e-b1f4-66e23bc05d05: addNew group-6E4456B4CB68:[f17fb2fb-971d-416e-b1f4-66e23bc05d05:192.168.157.195:35862] returns group-6E4456B4CB68:java.util.concurrent.CompletableFuture@686567d1[Not completed]
2019-09-12 11:40:31,119 [pool-60-thread-1] INFO  impl.RaftServerImpl (RaftServerImpl.java:<init>(93)) - f17fb2fb-971d-416e-b1f4-66e23bc05d05: new RaftServerImpl for group-6E4456B4CB68:[f17fb2fb-971d-416e-b1f4-66e23bc05d05:192.168.157.195:35862] with ContainerStateMachine:uninitialized
2019-09-12 11:40:31,119 [pool-60-thread-1] INFO  server.RaftServerConfigKeys (ConfUtils.java:logGet(43)) - raft.server.rpc.timeout.min = 5s (custom)
2019-09-12 11:40:31,119 [pool-60-thread-1] INFO  server.RaftServerConfigKeys (ConfUtils.java:logGet(43)) - raft.server.rpc.timeout.max = 5200ms (custom)
2019-09-12 11:40:31,119 [pool-60-thread-1] INFO  server.RaftServerConfigKeys (ConfUtils.java:logGet(43)) - raft.server.rpcslowness.timeout = 120s (custom)
2019-09-12 11:40:31,120 [pool-60-thread-1] INFO  server.RaftServerConfigKeys (ConfUtils.java:logGet(43)) - raft.server.sleep.deviation.threshold = 300 (default)
2019-09-12 11:40:31,120 [pool-60-thread-1] INFO  server.RaftServerConfigKeys (ConfUtils.java:logGet(43)) - raft.server.log.appender.install.snapshot.enabled = false (custom)
2019-09-12 11:40:31,120 [pool-60-thread-1] INFO  impl.RaftServerImpl (ServerState.java:<init>(105)) - f17fb2fb-971d-416e-b1f4-66e23bc05d05:group-6E4456B4CB68 ConfigurationManager, init=-1: [f17fb2fb-971d-416e-b1f4-66e23bc05d05:192.168.157.195:35862], old=null, confs=<EMPTY_MAP>
2019-09-12 11:40:31,120 [pool-60-thread-1] INFO  server.RaftServerConfigKeys (ConfUtils.java:logGet(43)) - raft.server.storage.dir = [/workdir/hadoop-ozone/ozonefs/target/test-dir/MiniOzoneClusterImpl-3f0ffa95-bfc9-4a1c-9a47-ff24715a0622/datanode-3/data/ratis] (custom)
2019-09-12 11:40:31,121 [pool-60-thread-1] INFO  storage.RaftStorageDirectory (RaftStorageDirectory.java:analyzeStorage(246)) - The storage directory /workdir/hadoop-ozone/ozonefs/target/test-dir/MiniOzoneClusterImpl-3f0ffa95-bfc9-4a1c-9a47-ff24715a0622/datanode-3/data/ratis/0bcb5a2b-6f00-4b70-bd32-6e4456b4cb68 does not exist. Creating ...
2019-09-12 11:40:31,146 [pool-60-thread-1] INFO  storage.RaftStorageDirectory (RaftStorageDirectory.java:tryLock(328)) - Lock on /workdir/hadoop-ozone/ozonefs/target/test-dir/MiniOzoneClusterImpl-3f0ffa95-bfc9-4a1c-9a47-ff24715a0622/datanode-3/data/ratis/0bcb5a2b-6f00-4b70-bd32-6e4456b4cb68/in_use.lock acquired by nodename 26061@pr-hdds-1569-xtfnx-3545843844
2019-09-12 11:40:31,159 [pool-60-thread-1] INFO  storage.RaftStorage (RaftStorage.java:format(72)) - Storage directory /workdir/hadoop-ozone/ozonefs/target/test-dir/MiniOzoneClusterImpl-3f0ffa95-bfc9-4a1c-9a47-ff24715a0622/datanode-3/data/ratis/0bcb5a2b-6f00-4b70-bd32-6e4456b4cb68 has been successfully formatted.
2019-09-12 11:40:31,159 [pool-60-thread-1] INFO  ratis.ContainerStateMachine (ContainerStateMachine.java:loadSnapshot(226)) - group-6E4456B4CB68: The snapshot info is null. Setting the last applied indexto:(t:0, i:~)
2019-09-12 11:40:31,160 [pool-60-thread-1] INFO  server.RaftServerConfigKeys (ConfUtils.java:logGet(43)) - raft.server.leader.election.timeout = 120s (custom)
2019-09-12 11:40:31,160 [pool-60-thread-1] INFO  server.RaftServerConfigKeys (ConfUtils.java:logGet(43)) - raft.server.log.use.memory = false (default)
2019-09-12 11:40:31,160 [pool-60-thread-1] INFO  server.RaftServerConfigKeys (ConfUtils.java:logGet(43)) - raft.server.log.purge.gap = 1000000 (custom)
2019-09-12 11:40:31,160 [pool-60-thread-1] INFO  server.RaftServerConfigKeys (ConfUtils.java:logGet(43)) - raft.server.log.appender.buffer.byte-limit = 33554432 (custom)
2019-09-12 11:40:31,160 [pool-60-thread-1] INFO  server.RaftServerConfigKeys (ConfUtils.java:logGet(43)) - raft.server.log.segment.size.max = 1048576 (custom)
2019-09-12 11:40:31,161 [pool-60-thread-1] INFO  server.RaftServerConfigKeys (ConfUtils.java:logGet(43)) - raft.server.log.segment.cache.num.max = 2 (custom)
2019-09-12 11:40:31,161 [pool-60-thread-1] INFO  segmented.SegmentedRaftLogWorker (SegmentedRaftLogWorker.java:<init>(172)) - new f17fb2fb-971d-416e-b1f4-66e23bc05d05-SegmentedRaftLogWorker:Storage Directory /workdir/hadoop-ozone/ozonefs/target/test-dir/MiniOzoneClusterImpl-3f0ffa95-bfc9-4a1c-9a47-ff24715a0622/datanode-3/data/ratis/0bcb5a2b-6f00-4b70-bd32-6e4456b4cb68 for RaftStorage:Storage Directory /workdir/hadoop-ozone/ozonefs/target/test-dir/MiniOzoneClusterImpl-3f0ffa95-bfc9-4a1c-9a47-ff24715a0622/datanode-3/data/ratis/0bcb5a2b-6f00-4b70-bd32-6e4456b4cb68
2019-09-12 11:40:31,161 [pool-60-thread-1] INFO  server.RaftServerConfigKeys (ConfUtils.java:logGet(43)) - raft.server.log.queue.byte-limit = 2147483647 (custom)
2019-09-12 11:40:31,161 [pool-60-thread-1] INFO  server.RaftServerConfigKeys (ConfUtils.java:logGet(43)) - raft.server.log.queue.element-limit = 1024 (custom)
2019-09-12 11:40:31,162 [pool-60-thread-1] INFO  server.RaftServerConfigKeys (ConfUtils.java:logGet(43)) - raft.server.log.segment.size.max = 1048576 (custom)
2019-09-12 11:40:31,162 [pool-60-thread-1] INFO  server.RaftServerConfigKeys (ConfUtils.java:logGet(43)) - raft.server.log.preallocated.size = 16384 (custom)
2019-09-12 11:40:31,162 [pool-60-thread-1] INFO  server.RaftServerConfigKeys (ConfUtils.java:logGet(43)) - raft.server.log.write.buffer.size = 33554432 (custom)
2019-09-12 11:40:31,162 [pool-60-thread-1] INFO  server.RaftServerConfigKeys (ConfUtils.java:logGet(43)) - raft.server.log.force.sync.num = 128 (default)
2019-09-12 11:40:31,162 [pool-60-thread-1] INFO  server.RaftServerConfigKeys (ConfUtils.java:logGet(43)) - raft.server.log.statemachine.data.sync = true (default)
2019-09-12 11:40:31,163 [pool-60-thread-1] INFO  server.RaftServerConfigKeys (ConfUtils.java:logGet(43)) - raft.server.log.statemachine.data.sync.timeout = 10s (default)
2019-09-12 11:40:31,163 [pool-60-thread-1] INFO  server.RaftServerConfigKeys (ConfUtils.java:logGet(43)) - raft.server.log.statemachine.data.sync.timeout.retry = -1 (default)
2019-09-12 11:40:31,163 [pool-60-thread-1] INFO  server.RaftServerConfigKeys (ConfUtils.java:logGet(43)) - raft.server.log.statemachine.data.caching.enabled = true (custom)
2019-09-12 11:40:31,164 [pool-60-thread-1] INFO  segmented.SegmentedRaftLogWorker (SegmentedRaftLogWorker.java:lambda$new$0(132)) - f17fb2fb-971d-416e-b1f4-66e23bc05d05-SegmentedRaftLogWorker:Storage Directory /workdir/hadoop-ozone/ozonefs/target/test-dir/MiniOzoneClusterImpl-3f0ffa95-bfc9-4a1c-9a47-ff24715a0622/datanode-3/data/ratis/0bcb5a2b-6f00-4b70-bd32-6e4456b4cb68: flushIndex: setUnconditionally 0 -> -1
2019-09-12 11:40:31,164 [pool-60-thread-1] INFO  server.RaftServerConfigKeys (ConfUtils.java:logGet(43)) - raft.server.snapshot.auto.trigger.enabled = true (custom)
2019-09-12 11:40:31,164 [pool-60-thread-1] INFO  server.RaftServerConfigKeys (ConfUtils.java:logGet(43)) - raft.server.snapshot.auto.trigger.threshold = 10000 (custom)
2019-09-12 11:40:31,164 [pool-60-thread-1] INFO  server.RaftServerConfigKeys (ConfUtils.java:logGet(43)) - raft.server.retrycache.expirytime = 600000ms (custom)
2019-09-12 11:40:31,165 [pool-60-thread-1] INFO  impl.RaftServerImpl (RaftServerImpl.java:start(180)) - f17fb2fb-971d-416e-b1f4-66e23bc05d05: start group-6E4456B4CB68
2019-09-12 11:40:31,165 [pool-60-thread-1] INFO  impl.RaftServerImpl (RaftServerImpl.java:setRole(171)) - f17fb2fb-971d-416e-b1f4-66e23bc05d05:group-6E4456B4CB68 changes role from null to FOLLOWER at term 0 for startAsFollower
2019-09-12 11:40:31,165 [pool-60-thread-1] INFO  impl.RoleInfo (RoleInfo.java:updateAndGet(143)) - f17fb2fb-971d-416e-b1f4-66e23bc05d05: start FollowerState
2019-09-12 11:40:31,166 [pool-60-thread-1] INFO  util.JmxRegister (JmxRegister.java:tryRegister(44)) - Successfully registered JMX Bean with object name Ratis:service=RaftServer,group=group-6E4456B4CB68,id=f17fb2fb-971d-416e-b1f4-66e23bc05d05
2019-09-12 11:40:31,181 [RatisPipelineUtilsThread] INFO  pipeline.PipelineStateManager (PipelineStateManager.java:addPipeline(56)) - Created pipeline Pipeline[ Id: 0bcb5a2b-6f00-4b70-bd32-6e4456b4cb68, Nodes: f17fb2fb-971d-416e-b1f4-66e23bc05d05{ip: 192.168.157.195, host: pr-hdds-1569-xtfnx-3545843844, networkLocation: /default-rack, certSerialId: null}, Type:RATIS, Factor:ONE, State:OPEN]
2019-09-12 11:40:31,196 [grpc-default-executor-0] INFO  impl.RaftServerProxy (RaftServerProxy.java:addNew(89)) - f17fb2fb-971d-416e-b1f4-66e23bc05d05: addNew group-43DC697DF66F:[f17fb2fb-971d-416e-b1f4-66e23bc05d05:192.168.157.195:35862] returns group-43DC697DF66F:java.util.concurrent.CompletableFuture@56e50304[Not completed]
2019-09-12 11:40:31,198 [pool-60-thread-1] INFO  impl.RaftServerImpl (RaftServerImpl.java:<init>(93)) - f17fb2fb-971d-416e-b1f4-66e23bc05d05: new RaftServerImpl for group-43DC697DF66F:[f17fb2fb-971d-416e-b1f4-66e23bc05d05:192.168.157.195:35862] with ContainerStateMachine:uninitialized
2019-09-12 11:40:31,198 [pool-60-thread-1] INFO  server.RaftServerConfigKeys (ConfUtils.java:logGet(43)) - raft.server.rpc.timeout.min = 5s (custom)
2019-09-12 11:40:31,198 [pool-60-thread-1] INFO  server.RaftServerConfigKeys (ConfUtils.java:logGet(43)) - raft.server.rpc.timeout.max = 5200ms (custom)
2019-09-12 11:40:31,198 [pool-60-thread-1] INFO  server.RaftServerConfigKeys (ConfUtils.java:logGet(43)) - raft.server.rpcslowness.timeout = 120s (custom)
2019-09-12 11:40:31,198 [pool-60-thread-1] INFO  server.RaftServerConfigKeys (ConfUtils.java:logGet(43)) - raft.server.sleep.deviation.threshold = 300 (default)
2019-09-12 11:40:31,199 [pool-60-thread-1] INFO  server.RaftServerConfigKeys (ConfUtils.java:logGet(43)) - raft.server.log.appender.install.snapshot.enabled = false (custom)
2019-09-12 11:40:31,199 [pool-60-thread-1] INFO  impl.RaftServerImpl (ServerState.java:<init>(105)) - f17fb2fb-971d-416e-b1f4-66e23bc05d05:group-43DC697DF66F ConfigurationManager, init=-1: [f17fb2fb-971d-416e-b1f4-66e23bc05d05:192.168.157.195:35862], old=null, confs=<EMPTY_MAP>
2019-09-12 11:40:31,199 [pool-60-thread-1] INFO  server.RaftServerConfigKeys (ConfUtils.java:logGet(43)) - raft.server.storage.dir = [/workdir/hadoop-ozone/ozonefs/target/test-dir/MiniOzoneClusterImpl-3f0ffa95-bfc9-4a1c-9a47-ff24715a0622/datanode-3/data/ratis] (custom)
2019-09-12 11:40:31,200 [pool-60-thread-1] INFO  storage.RaftStorageDirectory (RaftStorageDirectory.java:analyzeStorage(246)) - The storage directory /workdir/hadoop-ozone/ozonefs/target/test-dir/MiniOzoneClusterImpl-3f0ffa95-bfc9-4a1c-9a47-ff24715a0622/datanode-3/data/ratis/b8f591d9-1d38-427f-81fd-43dc697df66f does not exist. Creating ...
2019-09-12 11:40:31,214 [pool-60-thread-1] INFO  storage.RaftStorageDirectory (RaftStorageDirectory.java:tryLock(328)) - Lock on /workdir/hadoop-ozone/ozonefs/target/test-dir/MiniOzoneClusterImpl-3f0ffa95-bfc9-4a1c-9a47-ff24715a0622/datanode-3/data/ratis/b8f591d9-1d38-427f-81fd-43dc697df66f/in_use.lock acquired by nodename 26061@pr-hdds-1569-xtfnx-3545843844
2019-09-12 11:40:31,227 [pool-60-thread-1] INFO  storage.RaftStorage (RaftStorage.java:format(72)) - Storage directory /workdir/hadoop-ozone/ozonefs/target/test-dir/MiniOzoneClusterImpl-3f0ffa95-bfc9-4a1c-9a47-ff24715a0622/datanode-3/data/ratis/b8f591d9-1d38-427f-81fd-43dc697df66f has been successfully formatted.
2019-09-12 11:40:31,228 [pool-60-thread-1] INFO  ratis.ContainerStateMachine (ContainerStateMachine.java:loadSnapshot(226)) - group-43DC697DF66F: The snapshot info is null. Setting the last applied indexto:(t:0, i:~)
2019-09-12 11:40:31,228 [pool-60-thread-1] INFO  server.RaftServerConfigKeys (ConfUtils.java:logGet(43)) - raft.server.leader.election.timeout = 120s (custom)
2019-09-12 11:40:31,228 [pool-60-thread-1] INFO  server.RaftServerConfigKeys (ConfUtils.java:logGet(43)) - raft.server.log.use.memory = false (default)
2019-09-12 11:40:31,228 [pool-60-thread-1] INFO  server.RaftServerConfigKeys (ConfUtils.java:logGet(43)) - raft.server.log.purge.gap = 1000000 (custom)
2019-09-12 11:40:31,228 [pool-60-thread-1] INFO  server.RaftServerConfigKeys (ConfUtils.java:logGet(43)) - raft.server.log.appender.buffer.byte-limit = 33554432 (custom)
2019-09-12 11:40:31,229 [pool-60-thread-1] INFO  server.RaftServerConfigKeys (ConfUtils.java:logGet(43)) - raft.server.log.segment.size.max = 1048576 (custom)
2019-09-12 11:40:31,229 [pool-60-thread-1] INFO  server.RaftServerConfigKeys (ConfUtils.java:logGet(43)) - raft.server.log.segment.cache.num.max = 2 (custom)
2019-09-12 11:40:31,229 [pool-60-thread-1] INFO  segmented.SegmentedRaftLogWorker (SegmentedRaftLogWorker.java:<init>(172)) - new f17fb2fb-971d-416e-b1f4-66e23bc05d05-SegmentedRaftLogWorker:Storage Directory /workdir/hadoop-ozone/ozonefs/target/test-dir/MiniOzoneClusterImpl-3f0ffa95-bfc9-4a1c-9a47-ff24715a0622/datanode-3/data/ratis/b8f591d9-1d38-427f-81fd-43dc697df66f for RaftStorage:Storage Directory /workdir/hadoop-ozone/ozonefs/target/test-dir/MiniOzoneClusterImpl-3f0ffa95-bfc9-4a1c-9a47-ff24715a0622/datanode-3/data/ratis/b8f591d9-1d38-427f-81fd-43dc697df66f
2019-09-12 11:40:31,229 [pool-60-thread-1] INFO  server.RaftServerConfigKeys (ConfUtils.java:logGet(43)) - raft.server.log.queue.byte-limit = 2147483647 (custom)
2019-09-12 11:40:31,229 [pool-60-thread-1] INFO  server.RaftServerConfigKeys (ConfUtils.java:logGet(43)) - raft.server.log.queue.element-limit = 1024 (custom)
2019-09-12 11:40:31,229 [pool-60-thread-1] INFO  server.RaftServerConfigKeys (ConfUtils.java:logGet(43)) - raft.server.log.segment.size.max = 1048576 (custom)
2019-09-12 11:40:31,230 [pool-60-thread-1] INFO  server.RaftServerConfigKeys (ConfUtils.java:logGet(43)) - raft.server.log.preallocated.size = 16384 (custom)
2019-09-12 11:40:31,230 [pool-60-thread-1] INFO  server.RaftServerConfigKeys (ConfUtils.java:logGet(43)) - raft.server.log.write.buffer.size = 33554432 (custom)
2019-09-12 11:40:31,230 [pool-60-thread-1] INFO  server.RaftServerConfigKeys (ConfUtils.java:logGet(43)) - raft.server.log.force.sync.num = 128 (default)
2019-09-12 11:40:31,230 [pool-60-thread-1] INFO  server.RaftServerConfigKeys (ConfUtils.java:logGet(43)) - raft.server.log.statemachine.data.sync = true (default)
2019-09-12 11:40:31,230 [pool-60-thread-1] INFO  server.RaftServerConfigKeys (ConfUtils.java:logGet(43)) - raft.server.log.statemachine.data.sync.timeout = 10s (default)
2019-09-12 11:40:31,230 [pool-60-thread-1] INFO  server.RaftServerConfigKeys (ConfUtils.java:logGet(43)) - raft.server.log.statemachine.data.sync.timeout.retry = -1 (default)
2019-09-12 11:40:31,231 [pool-60-thread-1] INFO  server.RaftServerConfigKeys (ConfUtils.java:logGet(43)) - raft.server.log.statemachine.data.caching.enabled = true (custom)
2019-09-12 11:40:31,231 [pool-60-thread-1] INFO  segmented.SegmentedRaftLogWorker (SegmentedRaftLogWorker.java:lambda$new$0(132)) - f17fb2fb-971d-416e-b1f4-66e23bc05d05-SegmentedRaftLogWorker:Storage Directory /workdir/hadoop-ozone/ozonefs/target/test-dir/MiniOzoneClusterImpl-3f0ffa95-bfc9-4a1c-9a47-ff24715a0622/datanode-3/data/ratis/b8f591d9-1d38-427f-81fd-43dc697df66f: flushIndex: setUnconditionally 0 -> -1
2019-09-12 11:40:31,231 [pool-60-thread-1] INFO  server.RaftServerConfigKeys (ConfUtils.java:logGet(43)) - raft.server.snapshot.auto.trigger.enabled = true (custom)
2019-09-12 11:40:31,231 [pool-60-thread-1] INFO  server.RaftServerConfigKeys (ConfUtils.java:logGet(43)) - raft.server.snapshot.auto.trigger.threshold = 10000 (custom)
2019-09-12 11:40:31,232 [pool-60-thread-1] INFO  server.RaftServerConfigKeys (ConfUtils.java:logGet(43)) - raft.server.retrycache.expirytime = 600000ms (custom)
2019-09-12 11:40:31,232 [pool-60-thread-1] INFO  impl.RaftServerImpl (RaftServerImpl.java:start(180)) - f17fb2fb-971d-416e-b1f4-66e23bc05d05: start group-43DC697DF66F
2019-09-12 11:40:31,232 [pool-60-thread-1] INFO  impl.RaftServerImpl (RaftServerImpl.java:setRole(171)) - f17fb2fb-971d-416e-b1f4-66e23bc05d05:group-43DC697DF66F changes role from null to FOLLOWER at term 0 for startAsFollower
2019-09-12 11:40:31,232 [pool-60-thread-1] INFO  impl.RoleInfo (RoleInfo.java:updateAndGet(143)) - f17fb2fb-971d-416e-b1f4-66e23bc05d05: start FollowerState
2019-09-12 11:40:31,233 [pool-60-thread-1] INFO  util.JmxRegister (JmxRegister.java:tryRegister(44)) - Successfully registered JMX Bean with object name Ratis:service=RaftServer,group=group-43DC697DF66F,id=f17fb2fb-971d-416e-b1f4-66e23bc05d05
2019-09-12 11:40:31,249 [RatisPipelineUtilsThread] INFO  pipeline.PipelineStateManager (PipelineStateManager.java:addPipeline(56)) - Created pipeline Pipeline[ Id: b8f591d9-1d38-427f-81fd-43dc697df66f, Nodes: f17fb2fb-971d-416e-b1f4-66e23bc05d05{ip: 192.168.157.195, host: pr-hdds-1569-xtfnx-3545843844, networkLocation: /default-rack, certSerialId: null}, Type:RATIS, Factor:ONE, State:OPEN]
2019-09-12 11:40:31,251 [RatisPipelineUtilsThread] ERROR pipeline.PipelinePlacementPolicy (PipelinePlacementPolicy.java:meetCriteria(91)) - Pipeline Placement: Doesn't meet the criteria to be viable node. Heaviness: 6
2019-09-12 11:40:31,268 [grpc-default-executor-0] INFO  impl.RaftServerProxy (RaftServerProxy.java:addNew(89)) - 875e3d5e-0813-40b8-b024-43837dd2f6d5: addNew group-AD8B6A236438:[875e3d5e-0813-40b8-b024-43837dd2f6d5:192.168.157.195:33574] returns group-AD8B6A236438:java.util.concurrent.CompletableFuture@414c07a6[Not completed]
2019-09-12 11:40:31,276 [pool-82-thread-1] INFO  impl.RaftServerImpl (RaftServerImpl.java:<init>(93)) - 875e3d5e-0813-40b8-b024-43837dd2f6d5: new RaftServerImpl for group-AD8B6A236438:[875e3d5e-0813-40b8-b024-43837dd2f6d5:192.168.157.195:33574] with ContainerStateMachine:uninitialized
2019-09-12 11:40:31,276 [pool-82-thread-1] INFO  server.RaftServerConfigKeys (ConfUtils.java:logGet(43)) - raft.server.rpc.timeout.min = 5s (custom)
2019-09-12 11:40:31,277 [pool-82-thread-1] INFO  server.RaftServerConfigKeys (ConfUtils.java:logGet(43)) - raft.server.rpc.timeout.max = 5200ms (custom)
2019-09-12 11:40:31,277 [pool-82-thread-1] INFO  server.RaftServerConfigKeys (ConfUtils.java:logGet(43)) - raft.server.rpcslowness.timeout = 120s (custom)
2019-09-12 11:40:31,277 [pool-82-thread-1] INFO  server.RaftServerConfigKeys (ConfUtils.java:logGet(43)) - raft.server.sleep.deviation.threshold = 300 (default)
2019-09-12 11:40:31,277 [pool-82-thread-1] INFO  server.RaftServerConfigKeys (ConfUtils.java:logGet(43)) - raft.server.log.appender.install.snapshot.enabled = false (custom)
2019-09-12 11:40:31,277 [pool-82-thread-1] INFO  impl.RaftServerImpl (ServerState.java:<init>(105)) - 875e3d5e-0813-40b8-b024-43837dd2f6d5:group-AD8B6A236438 ConfigurationManager, init=-1: [875e3d5e-0813-40b8-b024-43837dd2f6d5:192.168.157.195:33574], old=null, confs=<EMPTY_MAP>
2019-09-12 11:40:31,278 [pool-82-thread-1] INFO  server.RaftServerConfigKeys (ConfUtils.java:logGet(43)) - raft.server.storage.dir = [/workdir/hadoop-ozone/ozonefs/target/test-dir/MiniOzoneClusterImpl-3f0ffa95-bfc9-4a1c-9a47-ff24715a0622/datanode-5/data/ratis] (custom)
2019-09-12 11:40:31,278 [pool-82-thread-1] INFO  storage.RaftStorageDirectory (RaftStorageDirectory.java:analyzeStorage(246)) - The storage directory /workdir/hadoop-ozone/ozonefs/target/test-dir/MiniOzoneClusterImpl-3f0ffa95-bfc9-4a1c-9a47-ff24715a0622/datanode-5/data/ratis/f7530d1c-cb34-4e3c-9ffe-ad8b6a236438 does not exist. Creating ...
2019-09-12 11:40:31,292 [pool-82-thread-1] INFO  storage.RaftStorageDirectory (RaftStorageDirectory.java:tryLock(328)) - Lock on /workdir/hadoop-ozone/ozonefs/target/test-dir/MiniOzoneClusterImpl-3f0ffa95-bfc9-4a1c-9a47-ff24715a0622/datanode-5/data/ratis/f7530d1c-cb34-4e3c-9ffe-ad8b6a236438/in_use.lock acquired by nodename 26061@pr-hdds-1569-xtfnx-3545843844
2019-09-12 11:40:31,307 [pool-82-thread-1] INFO  storage.RaftStorage (RaftStorage.java:format(72)) - Storage directory /workdir/hadoop-ozone/ozonefs/target/test-dir/MiniOzoneClusterImpl-3f0ffa95-bfc9-4a1c-9a47-ff24715a0622/datanode-5/data/ratis/f7530d1c-cb34-4e3c-9ffe-ad8b6a236438 has been successfully formatted.
2019-09-12 11:40:31,307 [pool-82-thread-1] INFO  ratis.ContainerStateMachine (ContainerStateMachine.java:loadSnapshot(226)) - group-AD8B6A236438: The snapshot info is null. Setting the last applied indexto:(t:0, i:~)
2019-09-12 11:40:31,308 [pool-82-thread-1] INFO  server.RaftServerConfigKeys (ConfUtils.java:logGet(43)) - raft.server.leader.election.timeout = 120s (custom)
2019-09-12 11:40:31,308 [pool-82-thread-1] INFO  server.RaftServerConfigKeys (ConfUtils.java:logGet(43)) - raft.server.log.use.memory = false (default)
2019-09-12 11:40:31,308 [pool-82-thread-1] INFO  server.RaftServerConfigKeys (ConfUtils.java:logGet(43)) - raft.server.log.purge.gap = 1000000 (custom)
2019-09-12 11:40:31,308 [pool-82-thread-1] INFO  server.RaftServerConfigKeys (ConfUtils.java:logGet(43)) - raft.server.log.appender.buffer.byte-limit = 33554432 (custom)
2019-09-12 11:40:31,308 | INFO  | SCMAudit | user=jenkins1000 | ip=192.168.157.195 | op=SEND_HEARTBEAT {datanodeUUID=5d0352ef-d446-4a04-a69e-b6b493d47759, command=[]} | ret=SUCCESS |  
2019-09-12 11:40:31,308 [pool-82-thread-1] INFO  server.RaftServerConfigKeys (ConfUtils.java:logGet(43)) - raft.server.log.segment.size.max = 1048576 (custom)
2019-09-12 11:40:31,308 [pool-82-thread-1] INFO  server.RaftServerConfigKeys (ConfUtils.java:logGet(43)) - raft.server.log.segment.cache.num.max = 2 (custom)
2019-09-12 11:40:31,308 [pool-82-thread-1] INFO  segmented.SegmentedRaftLogWorker (SegmentedRaftLogWorker.java:<init>(172)) - new 875e3d5e-0813-40b8-b024-43837dd2f6d5-SegmentedRaftLogWorker:Storage Directory /workdir/hadoop-ozone/ozonefs/target/test-dir/MiniOzoneClusterImpl-3f0ffa95-bfc9-4a1c-9a47-ff24715a0622/datanode-5/data/ratis/f7530d1c-cb34-4e3c-9ffe-ad8b6a236438 for RaftStorage:Storage Directory /workdir/hadoop-ozone/ozonefs/target/test-dir/MiniOzoneClusterImpl-3f0ffa95-bfc9-4a1c-9a47-ff24715a0622/datanode-5/data/ratis/f7530d1c-cb34-4e3c-9ffe-ad8b6a236438
2019-09-12 11:40:31,309 [pool-82-thread-1] INFO  server.RaftServerConfigKeys (ConfUtils.java:logGet(43)) - raft.server.log.queue.byte-limit = 2147483647 (custom)
2019-09-12 11:40:31,309 [pool-82-thread-1] INFO  server.RaftServerConfigKeys (ConfUtils.java:logGet(43)) - raft.server.log.queue.element-limit = 1024 (custom)
2019-09-12 11:40:31,309 [pool-82-thread-1] INFO  server.RaftServerConfigKeys (ConfUtils.java:logGet(43)) - raft.server.log.segment.size.max = 1048576 (custom)
2019-09-12 11:40:31,309 [pool-82-thread-1] INFO  server.RaftServerConfigKeys (ConfUtils.java:logGet(43)) - raft.server.log.preallocated.size = 16384 (custom)
2019-09-12 11:40:31,309 [pool-82-thread-1] INFO  server.RaftServerConfigKeys (ConfUtils.java:logGet(43)) - raft.server.log.write.buffer.size = 33554432 (custom)
2019-09-12 11:40:31,309 [pool-82-thread-1] INFO  server.RaftServerConfigKeys (ConfUtils.java:logGet(43)) - raft.server.log.force.sync.num = 128 (default)
2019-09-12 11:40:31,310 [pool-82-thread-1] INFO  server.RaftServerConfigKeys (ConfUtils.java:logGet(43)) - raft.server.log.statemachine.data.sync = true (default)
2019-09-12 11:40:31,310 [pool-82-thread-1] INFO  server.RaftServerConfigKeys (ConfUtils.java:logGet(43)) - raft.server.log.statemachine.data.sync.timeout = 10s (default)
2019-09-12 11:40:31,310 [pool-82-thread-1] INFO  server.RaftServerConfigKeys (ConfUtils.java:logGet(43)) - raft.server.log.statemachine.data.sync.timeout.retry = -1 (default)
2019-09-12 11:40:31,310 [pool-82-thread-1] INFO  server.RaftServerConfigKeys (ConfUtils.java:logGet(43)) - raft.server.log.statemachine.data.caching.enabled = true (custom)
2019-09-12 11:40:31,311 [pool-82-thread-1] INFO  segmented.SegmentedRaftLogWorker (SegmentedRaftLogWorker.java:lambda$new$0(132)) - 875e3d5e-0813-40b8-b024-43837dd2f6d5-SegmentedRaftLogWorker:Storage Directory /workdir/hadoop-ozone/ozonefs/target/test-dir/MiniOzoneClusterImpl-3f0ffa95-bfc9-4a1c-9a47-ff24715a0622/datanode-5/data/ratis/f7530d1c-cb34-4e3c-9ffe-ad8b6a236438: flushIndex: setUnconditionally 0 -> -1
2019-09-12 11:40:31,311 [pool-82-thread-1] INFO  server.RaftServerConfigKeys (ConfUtils.java:logGet(43)) - raft.server.snapshot.auto.trigger.enabled = true (custom)
2019-09-12 11:40:31,311 [pool-82-thread-1] INFO  server.RaftServerConfigKeys (ConfUtils.java:logGet(43)) - raft.server.snapshot.auto.trigger.threshold = 10000 (custom)
2019-09-12 11:40:31,311 [pool-82-thread-1] INFO  server.RaftServerConfigKeys (ConfUtils.java:logGet(43)) - raft.server.retrycache.expirytime = 600000ms (custom)
2019-09-12 11:40:31,311 [pool-82-thread-1] INFO  impl.RaftServerImpl (RaftServerImpl.java:start(180)) - 875e3d5e-0813-40b8-b024-43837dd2f6d5: start group-AD8B6A236438
2019-09-12 11:40:31,311 [pool-82-thread-1] INFO  impl.RaftServerImpl (RaftServerImpl.java:setRole(171)) - 875e3d5e-0813-40b8-b024-43837dd2f6d5:group-AD8B6A236438 changes role from null to FOLLOWER at term 0 for startAsFollower
2019-09-12 11:40:31,312 [pool-82-thread-1] INFO  impl.RoleInfo (RoleInfo.java:updateAndGet(143)) - 875e3d5e-0813-40b8-b024-43837dd2f6d5: start FollowerState
2019-09-12 11:40:31,312 [pool-82-thread-1] INFO  util.JmxRegister (JmxRegister.java:tryRegister(44)) - Successfully registered JMX Bean with object name Ratis:service=RaftServer,group=group-AD8B6A236438,id=875e3d5e-0813-40b8-b024-43837dd2f6d5
2019-09-12 11:40:31,319 [RatisPipelineUtilsThread] INFO  pipeline.PipelineStateManager (PipelineStateManager.java:addPipeline(56)) - Created pipeline Pipeline[ Id: f7530d1c-cb34-4e3c-9ffe-ad8b6a236438, Nodes: 875e3d5e-0813-40b8-b024-43837dd2f6d5{ip: 192.168.157.195, host: pr-hdds-1569-xtfnx-3545843844, networkLocation: /default-rack, certSerialId: null}, Type:RATIS, Factor:ONE, State:OPEN]
2019-09-12 11:40:31,321 [RatisPipelineUtilsThread] ERROR pipeline.PipelinePlacementPolicy (PipelinePlacementPolicy.java:meetCriteria(91)) - Pipeline Placement: Doesn't meet the criteria to be viable node. Heaviness: 6
2019-09-12 11:40:31,334 [grpc-default-executor-0] INFO  impl.RaftServerProxy (RaftServerProxy.java:addNew(89)) - 875e3d5e-0813-40b8-b024-43837dd2f6d5: addNew group-ADA921ECC105:[875e3d5e-0813-40b8-b024-43837dd2f6d5:192.168.157.195:33574] returns group-ADA921ECC105:java.util.concurrent.CompletableFuture@18738de6[Not completed]
2019-09-12 11:40:31,336 [pool-82-thread-1] INFO  impl.RaftServerImpl (RaftServerImpl.java:<init>(93)) - 875e3d5e-0813-40b8-b024-43837dd2f6d5: new RaftServerImpl for group-ADA921ECC105:[875e3d5e-0813-40b8-b024-43837dd2f6d5:192.168.157.195:33574] with ContainerStateMachine:uninitialized
2019-09-12 11:40:31,337 [pool-82-thread-1] INFO  server.RaftServerConfigKeys (ConfUtils.java:logGet(43)) - raft.server.rpc.timeout.min = 5s (custom)
2019-09-12 11:40:31,337 [pool-82-thread-1] INFO  server.RaftServerConfigKeys (ConfUtils.java:logGet(43)) - raft.server.rpc.timeout.max = 5200ms (custom)
2019-09-12 11:40:31,337 [pool-82-thread-1] INFO  server.RaftServerConfigKeys (ConfUtils.java:logGet(43)) - raft.server.rpcslowness.timeout = 120s (custom)
2019-09-12 11:40:31,337 [pool-82-thread-1] INFO  server.RaftServerConfigKeys (ConfUtils.java:logGet(43)) - raft.server.sleep.deviation.threshold = 300 (default)
2019-09-12 11:40:31,337 [pool-82-thread-1] INFO  server.RaftServerConfigKeys (ConfUtils.java:logGet(43)) - raft.server.log.appender.install.snapshot.enabled = false (custom)
2019-09-12 11:40:31,338 [pool-82-thread-1] INFO  impl.RaftServerImpl (ServerState.java:<init>(105)) - 875e3d5e-0813-40b8-b024-43837dd2f6d5:group-ADA921ECC105 ConfigurationManager, init=-1: [875e3d5e-0813-40b8-b024-43837dd2f6d5:192.168.157.195:33574], old=null, confs=<EMPTY_MAP>
2019-09-12 11:40:31,338 [pool-82-thread-1] INFO  server.RaftServerConfigKeys (ConfUtils.java:logGet(43)) - raft.server.storage.dir = [/workdir/hadoop-ozone/ozonefs/target/test-dir/MiniOzoneClusterImpl-3f0ffa95-bfc9-4a1c-9a47-ff24715a0622/datanode-5/data/ratis] (custom)
2019-09-12 11:40:31,338 [pool-82-thread-1] INFO  storage.RaftStorageDirectory (RaftStorageDirectory.java:analyzeStorage(246)) - The storage directory /workdir/hadoop-ozone/ozonefs/target/test-dir/MiniOzoneClusterImpl-3f0ffa95-bfc9-4a1c-9a47-ff24715a0622/datanode-5/data/ratis/fe089f3e-4c21-49f2-95e7-ada921ecc105 does not exist. Creating ...
2019-09-12 11:40:31,350 [pool-82-thread-1] INFO  storage.RaftStorageDirectory (RaftStorageDirectory.java:tryLock(328)) - Lock on /workdir/hadoop-ozone/ozonefs/target/test-dir/MiniOzoneClusterImpl-3f0ffa95-bfc9-4a1c-9a47-ff24715a0622/datanode-5/data/ratis/fe089f3e-4c21-49f2-95e7-ada921ecc105/in_use.lock acquired by nodename 26061@pr-hdds-1569-xtfnx-3545843844
2019-09-12 11:40:31,388 [Thread-282] INFO  container.ReplicationManager (ReplicationManager.java:start(151)) - Starting Replication Monitor Thread.
2019-09-12 11:40:31,391 [ReplicationMonitor] INFO  container.ReplicationManager (ReplicationManager.java:run(214)) - Replication Monitor Thread took 1 milliseconds for processing 0 containers.
2019-09-12 11:40:31,391 [pool-82-thread-1] INFO  storage.RaftStorage (RaftStorage.java:format(72)) - Storage directory /workdir/hadoop-ozone/ozonefs/target/test-dir/MiniOzoneClusterImpl-3f0ffa95-bfc9-4a1c-9a47-ff24715a0622/datanode-5/data/ratis/fe089f3e-4c21-49f2-95e7-ada921ecc105 has been successfully formatted.
2019-09-12 11:40:31,392 [pool-82-thread-1] INFO  ratis.ContainerStateMachine (ContainerStateMachine.java:loadSnapshot(226)) - group-ADA921ECC105: The snapshot info is null. Setting the last applied indexto:(t:0, i:~)
2019-09-12 11:40:31,392 [pool-82-thread-1] INFO  server.RaftServerConfigKeys (ConfUtils.java:logGet(43)) - raft.server.leader.election.timeout = 120s (custom)
2019-09-12 11:40:31,392 [pool-82-thread-1] INFO  server.RaftServerConfigKeys (ConfUtils.java:logGet(43)) - raft.server.log.use.memory = false (default)
2019-09-12 11:40:31,392 [pool-82-thread-1] INFO  server.RaftServerConfigKeys (ConfUtils.java:logGet(43)) - raft.server.log.purge.gap = 1000000 (custom)
2019-09-12 11:40:31,392 [pool-82-thread-1] INFO  server.RaftServerConfigKeys (ConfUtils.java:logGet(43)) - raft.server.log.appender.buffer.byte-limit = 33554432 (custom)
2019-09-12 11:40:31,392 [pool-82-thread-1] INFO  server.RaftServerConfigKeys (ConfUtils.java:logGet(43)) - raft.server.log.segment.size.max = 1048576 (custom)
2019-09-12 11:40:31,393 [pool-82-thread-1] INFO  server.RaftServerConfigKeys (ConfUtils.java:logGet(43)) - raft.server.log.segment.cache.num.max = 2 (custom)
2019-09-12 11:40:31,393 [pool-82-thread-1] INFO  segmented.SegmentedRaftLogWorker (SegmentedRaftLogWorker.java:<init>(172)) - new 875e3d5e-0813-40b8-b024-43837dd2f6d5-SegmentedRaftLogWorker:Storage Directory /workdir/hadoop-ozone/ozonefs/target/test-dir/MiniOzoneClusterImpl-3f0ffa95-bfc9-4a1c-9a47-ff24715a0622/datanode-5/data/ratis/fe089f3e-4c21-49f2-95e7-ada921ecc105 for RaftStorage:Storage Directory /workdir/hadoop-ozone/ozonefs/target/test-dir/MiniOzoneClusterImpl-3f0ffa95-bfc9-4a1c-9a47-ff24715a0622/datanode-5/data/ratis/fe089f3e-4c21-49f2-95e7-ada921ecc105
2019-09-12 11:40:31,393 [pool-82-thread-1] INFO  server.RaftServerConfigKeys (ConfUtils.java:logGet(43)) - raft.server.log.queue.byte-limit = 2147483647 (custom)
2019-09-12 11:40:31,393 [pool-82-thread-1] INFO  server.RaftServerConfigKeys (ConfUtils.java:logGet(43)) - raft.server.log.queue.element-limit = 1024 (custom)
2019-09-12 11:40:31,393 [pool-82-thread-1] INFO  server.RaftServerConfigKeys (ConfUtils.java:logGet(43)) - raft.server.log.segment.size.max = 1048576 (custom)
2019-09-12 11:40:31,393 [pool-82-thread-1] INFO  server.RaftServerConfigKeys (ConfUtils.java:logGet(43)) - raft.server.log.preallocated.size = 16384 (custom)
2019-09-12 11:40:31,393 [pool-82-thread-1] INFO  server.RaftServerConfigKeys (ConfUtils.java:logGet(43)) - raft.server.log.write.buffer.size = 33554432 (custom)
2019-09-12 11:40:31,394 [pool-82-thread-1] INFO  server.RaftServerConfigKeys (ConfUtils.java:logGet(43)) - raft.server.log.force.sync.num = 128 (default)
2019-09-12 11:40:31,394 [pool-82-thread-1] INFO  server.RaftServerConfigKeys (ConfUtils.java:logGet(43)) - raft.server.log.statemachine.data.sync = true (default)
2019-09-12 11:40:31,394 [pool-82-thread-1] INFO  server.RaftServerConfigKeys (ConfUtils.java:logGet(43)) - raft.server.log.statemachine.data.sync.timeout = 10s (default)
2019-09-12 11:40:31,394 [pool-82-thread-1] INFO  server.RaftServerConfigKeys (ConfUtils.java:logGet(43)) - raft.server.log.statemachine.data.sync.timeout.retry = -1 (default)
2019-09-12 11:40:31,394 [pool-82-thread-1] INFO  server.RaftServerConfigKeys (ConfUtils.java:logGet(43)) - raft.server.log.statemachine.data.caching.enabled = true (custom)
2019-09-12 11:40:31,395 [pool-82-thread-1] INFO  segmented.SegmentedRaftLogWorker (SegmentedRaftLogWorker.java:lambda$new$0(132)) - 875e3d5e-0813-40b8-b024-43837dd2f6d5-SegmentedRaftLogWorker:Storage Directory /workdir/hadoop-ozone/ozonefs/target/test-dir/MiniOzoneClusterImpl-3f0ffa95-bfc9-4a1c-9a47-ff24715a0622/datanode-5/data/ratis/fe089f3e-4c21-49f2-95e7-ada921ecc105: flushIndex: setUnconditionally 0 -> -1
2019-09-12 11:40:31,395 [pool-82-thread-1] INFO  server.RaftServerConfigKeys (ConfUtils.java:logGet(43)) - raft.server.snapshot.auto.trigger.enabled = true (custom)
2019-09-12 11:40:31,395 [pool-82-thread-1] INFO  server.RaftServerConfigKeys (ConfUtils.java:logGet(43)) - raft.server.snapshot.auto.trigger.threshold = 10000 (custom)
2019-09-12 11:40:31,395 [pool-82-thread-1] INFO  server.RaftServerConfigKeys (ConfUtils.java:logGet(43)) - raft.server.retrycache.expirytime = 600000ms (custom)
2019-09-12 11:40:31,396 [pool-82-thread-1] INFO  impl.RaftServerImpl (RaftServerImpl.java:start(180)) - 875e3d5e-0813-40b8-b024-43837dd2f6d5: start group-ADA921ECC105
2019-09-12 11:40:31,396 [pool-82-thread-1] INFO  impl.RaftServerImpl (RaftServerImpl.java:setRole(171)) - 875e3d5e-0813-40b8-b024-43837dd2f6d5:group-ADA921ECC105 changes role from null to FOLLOWER at term 0 for startAsFollower
2019-09-12 11:40:31,396 [pool-82-thread-1] INFO  impl.RoleInfo (RoleInfo.java:updateAndGet(143)) - 875e3d5e-0813-40b8-b024-43837dd2f6d5: start FollowerState
2019-09-12 11:40:31,396 [pool-82-thread-1] INFO  util.JmxRegister (JmxRegister.java:tryRegister(44)) - Successfully registered JMX Bean with object name Ratis:service=RaftServer,group=group-ADA921ECC105,id=875e3d5e-0813-40b8-b024-43837dd2f6d5
2019-09-12 11:40:31,404 [RatisPipelineUtilsThread] INFO  pipeline.PipelineStateManager (PipelineStateManager.java:addPipeline(56)) - Created pipeline Pipeline[ Id: fe089f3e-4c21-49f2-95e7-ada921ecc105, Nodes: 875e3d5e-0813-40b8-b024-43837dd2f6d5{ip: 192.168.157.195, host: pr-hdds-1569-xtfnx-3545843844, networkLocation: /default-rack, certSerialId: null}, Type:RATIS, Factor:ONE, State:OPEN]
2019-09-12 11:40:31,407 [RatisPipelineUtilsThread] ERROR pipeline.PipelinePlacementPolicy (PipelinePlacementPolicy.java:meetCriteria(91)) - Pipeline Placement: Doesn't meet the criteria to be viable node. Heaviness: 6
2019-09-12 11:40:31,422 [grpc-default-executor-0] INFO  impl.RaftServerProxy (RaftServerProxy.java:addNew(89)) - ef411258-a662-4696-ba26-405a55c9a048: addNew group-38B1C67D44B8:[ef411258-a662-4696-ba26-405a55c9a048:192.168.157.195:37970] returns group-38B1C67D44B8:java.util.concurrent.CompletableFuture@4f00f6b[Not completed]
2019-09-12 11:40:31,430 [pool-71-thread-1] INFO  impl.RaftServerImpl (RaftServerImpl.java:<init>(93)) - ef411258-a662-4696-ba26-405a55c9a048: new RaftServerImpl for group-38B1C67D44B8:[ef411258-a662-4696-ba26-405a55c9a048:192.168.157.195:37970] with ContainerStateMachine:uninitialized
2019-09-12 11:40:31,430 [pool-71-thread-1] INFO  server.RaftServerConfigKeys (ConfUtils.java:logGet(43)) - raft.server.rpc.timeout.min = 5s (custom)
2019-09-12 11:40:31,430 [pool-71-thread-1] INFO  server.RaftServerConfigKeys (ConfUtils.java:logGet(43)) - raft.server.rpc.timeout.max = 5200ms (custom)
2019-09-12 11:40:31,430 [pool-71-thread-1] INFO  server.RaftServerConfigKeys (ConfUtils.java:logGet(43)) - raft.server.rpcslowness.timeout = 120s (custom)
2019-09-12 11:40:31,430 [pool-71-thread-1] INFO  server.RaftServerConfigKeys (ConfUtils.java:logGet(43)) - raft.server.sleep.deviation.threshold = 300 (default)
2019-09-12 11:40:31,431 [pool-71-thread-1] INFO  server.RaftServerConfigKeys (ConfUtils.java:logGet(43)) - raft.server.log.appender.install.snapshot.enabled = false (custom)
2019-09-12 11:40:31,431 [pool-71-thread-1] INFO  impl.RaftServerImpl (ServerState.java:<init>(105)) - ef411258-a662-4696-ba26-405a55c9a048:group-38B1C67D44B8 ConfigurationManager, init=-1: [ef411258-a662-4696-ba26-405a55c9a048:192.168.157.195:37970], old=null, confs=<EMPTY_MAP>
2019-09-12 11:40:31,431 [pool-71-thread-1] INFO  server.RaftServerConfigKeys (ConfUtils.java:logGet(43)) - raft.server.storage.dir = [/workdir/hadoop-ozone/ozonefs/target/test-dir/MiniOzoneClusterImpl-3f0ffa95-bfc9-4a1c-9a47-ff24715a0622/datanode-4/data/ratis] (custom)
2019-09-12 11:40:31,431 [pool-71-thread-1] INFO  storage.RaftStorageDirectory (RaftStorageDirectory.java:analyzeStorage(246)) - The storage directory /workdir/hadoop-ozone/ozonefs/target/test-dir/MiniOzoneClusterImpl-3f0ffa95-bfc9-4a1c-9a47-ff24715a0622/datanode-4/data/ratis/40f2b69a-eb25-43d2-a82d-38b1c67d44b8 does not exist. Creating ...
2019-09-12 11:40:31,453 [pool-71-thread-1] INFO  storage.RaftStorageDirectory (RaftStorageDirectory.java:tryLock(328)) - Lock on /workdir/hadoop-ozone/ozonefs/target/test-dir/MiniOzoneClusterImpl-3f0ffa95-bfc9-4a1c-9a47-ff24715a0622/datanode-4/data/ratis/40f2b69a-eb25-43d2-a82d-38b1c67d44b8/in_use.lock acquired by nodename 26061@pr-hdds-1569-xtfnx-3545843844
2019-09-12 11:40:31,467 [pool-71-thread-1] INFO  storage.RaftStorage (RaftStorage.java:format(72)) - Storage directory /workdir/hadoop-ozone/ozonefs/target/test-dir/MiniOzoneClusterImpl-3f0ffa95-bfc9-4a1c-9a47-ff24715a0622/datanode-4/data/ratis/40f2b69a-eb25-43d2-a82d-38b1c67d44b8 has been successfully formatted.
2019-09-12 11:40:31,467 [pool-71-thread-1] INFO  ratis.ContainerStateMachine (ContainerStateMachine.java:loadSnapshot(226)) - group-38B1C67D44B8: The snapshot info is null. Setting the last applied indexto:(t:0, i:~)
2019-09-12 11:40:31,467 [pool-71-thread-1] INFO  server.RaftServerConfigKeys (ConfUtils.java:logGet(43)) - raft.server.leader.election.timeout = 120s (custom)
2019-09-12 11:40:31,468 [pool-71-thread-1] INFO  server.RaftServerConfigKeys (ConfUtils.java:logGet(43)) - raft.server.log.use.memory = false (default)
2019-09-12 11:40:31,468 [pool-71-thread-1] INFO  server.RaftServerConfigKeys (ConfUtils.java:logGet(43)) - raft.server.log.purge.gap = 1000000 (custom)
2019-09-12 11:40:31,468 [pool-71-thread-1] INFO  server.RaftServerConfigKeys (ConfUtils.java:logGet(43)) - raft.server.log.appender.buffer.byte-limit = 33554432 (custom)
2019-09-12 11:40:31,468 [pool-71-thread-1] INFO  server.RaftServerConfigKeys (ConfUtils.java:logGet(43)) - raft.server.log.segment.size.max = 1048576 (custom)
2019-09-12 11:40:31,469 [pool-71-thread-1] INFO  server.RaftServerConfigKeys (ConfUtils.java:logGet(43)) - raft.server.log.segment.cache.num.max = 2 (custom)
2019-09-12 11:40:31,469 [pool-71-thread-1] INFO  segmented.SegmentedRaftLogWorker (SegmentedRaftLogWorker.java:<init>(172)) - new ef411258-a662-4696-ba26-405a55c9a048-SegmentedRaftLogWorker:Storage Directory /workdir/hadoop-ozone/ozonefs/target/test-dir/MiniOzoneClusterImpl-3f0ffa95-bfc9-4a1c-9a47-ff24715a0622/datanode-4/data/ratis/40f2b69a-eb25-43d2-a82d-38b1c67d44b8 for RaftStorage:Storage Directory /workdir/hadoop-ozone/ozonefs/target/test-dir/MiniOzoneClusterImpl-3f0ffa95-bfc9-4a1c-9a47-ff24715a0622/datanode-4/data/ratis/40f2b69a-eb25-43d2-a82d-38b1c67d44b8
2019-09-12 11:40:31,469 [pool-71-thread-1] INFO  server.RaftServerConfigKeys (ConfUtils.java:logGet(43)) - raft.server.log.queue.byte-limit = 2147483647 (custom)
2019-09-12 11:40:31,469 [pool-71-thread-1] INFO  server.RaftServerConfigKeys (ConfUtils.java:logGet(43)) - raft.server.log.queue.element-limit = 1024 (custom)
2019-09-12 11:40:31,470 [pool-71-thread-1] INFO  server.RaftServerConfigKeys (ConfUtils.java:logGet(43)) - raft.server.log.segment.size.max = 1048576 (custom)
2019-09-12 11:40:31,470 [pool-71-thread-1] INFO  server.RaftServerConfigKeys (ConfUtils.java:logGet(43)) - raft.server.log.preallocated.size = 16384 (custom)
2019-09-12 11:40:31,470 [pool-71-thread-1] INFO  server.RaftServerConfigKeys (ConfUtils.java:logGet(43)) - raft.server.log.write.buffer.size = 33554432 (custom)
2019-09-12 11:40:31,471 [pool-71-thread-1] INFO  server.RaftServerConfigKeys (ConfUtils.java:logGet(43)) - raft.server.log.force.sync.num = 128 (default)
2019-09-12 11:40:31,471 [pool-71-thread-1] INFO  server.RaftServerConfigKeys (ConfUtils.java:logGet(43)) - raft.server.log.statemachine.data.sync = true (default)
2019-09-12 11:40:31,471 [pool-71-thread-1] INFO  server.RaftServerConfigKeys (ConfUtils.java:logGet(43)) - raft.server.log.statemachine.data.sync.timeout = 10s (default)
2019-09-12 11:40:31,471 [pool-71-thread-1] INFO  server.RaftServerConfigKeys (ConfUtils.java:logGet(43)) - raft.server.log.statemachine.data.sync.timeout.retry = -1 (default)
2019-09-12 11:40:31,472 [pool-71-thread-1] INFO  server.RaftServerConfigKeys (ConfUtils.java:logGet(43)) - raft.server.log.statemachine.data.caching.enabled = true (custom)
2019-09-12 11:40:31,472 [pool-71-thread-1] INFO  segmented.SegmentedRaftLogWorker (SegmentedRaftLogWorker.java:lambda$new$0(132)) - ef411258-a662-4696-ba26-405a55c9a048-SegmentedRaftLogWorker:Storage Directory /workdir/hadoop-ozone/ozonefs/target/test-dir/MiniOzoneClusterImpl-3f0ffa95-bfc9-4a1c-9a47-ff24715a0622/datanode-4/data/ratis/40f2b69a-eb25-43d2-a82d-38b1c67d44b8: flushIndex: setUnconditionally 0 -> -1
2019-09-12 11:40:31,473 [pool-71-thread-1] INFO  server.RaftServerConfigKeys (ConfUtils.java:logGet(43)) - raft.server.snapshot.auto.trigger.enabled = true (custom)
2019-09-12 11:40:31,473 [pool-71-thread-1] INFO  server.RaftServerConfigKeys (ConfUtils.java:logGet(43)) - raft.server.snapshot.auto.trigger.threshold = 10000 (custom)
2019-09-12 11:40:31,473 [pool-71-thread-1] INFO  server.RaftServerConfigKeys (ConfUtils.java:logGet(43)) - raft.server.retrycache.expirytime = 600000ms (custom)
2019-09-12 11:40:31,473 [pool-71-thread-1] INFO  impl.RaftServerImpl (RaftServerImpl.java:start(180)) - ef411258-a662-4696-ba26-405a55c9a048: start group-38B1C67D44B8
2019-09-12 11:40:31,473 [pool-71-thread-1] INFO  impl.RaftServerImpl (RaftServerImpl.java:setRole(171)) - ef411258-a662-4696-ba26-405a55c9a048:group-38B1C67D44B8 changes role from null to FOLLOWER at term 0 for startAsFollower
2019-09-12 11:40:31,474 [pool-71-thread-1] INFO  impl.RoleInfo (RoleInfo.java:updateAndGet(143)) - ef411258-a662-4696-ba26-405a55c9a048: start FollowerState
2019-09-12 11:40:31,474 [pool-71-thread-1] INFO  util.JmxRegister (JmxRegister.java:tryRegister(44)) - Successfully registered JMX Bean with object name Ratis:service=RaftServer,group=group-38B1C67D44B8,id=ef411258-a662-4696-ba26-405a55c9a048
2019-09-12 11:40:31,483 [RatisPipelineUtilsThread] INFO  pipeline.PipelineStateManager (PipelineStateManager.java:addPipeline(56)) - Created pipeline Pipeline[ Id: 40f2b69a-eb25-43d2-a82d-38b1c67d44b8, Nodes: ef411258-a662-4696-ba26-405a55c9a048{ip: 192.168.157.195, host: pr-hdds-1569-xtfnx-3545843844, networkLocation: /default-rack, certSerialId: null}, Type:RATIS, Factor:ONE, State:OPEN]
2019-09-12 11:40:31,486 [RatisPipelineUtilsThread] ERROR pipeline.PipelinePlacementPolicy (PipelinePlacementPolicy.java:meetCriteria(91)) - Pipeline Placement: Doesn't meet the criteria to be viable node. Heaviness: 6
2019-09-12 11:40:31,500 | INFO  | SCMAudit | user=jenkins1000 | ip=192.168.157.195 | op=SEND_HEARTBEAT {datanodeUUID=f17fb2fb-971d-416e-b1f4-66e23bc05d05, command=[]} | ret=SUCCESS |  
2019-09-12 11:40:31,500 [grpc-default-executor-0] INFO  impl.RaftServerProxy (RaftServerProxy.java:addNew(89)) - 2da31971-fd5c-4baf-8dfe-b6048362baf8: addNew group-ED5CD0909695:[2da31971-fd5c-4baf-8dfe-b6048362baf8:192.168.157.195:36166] returns group-ED5CD0909695:java.util.concurrent.CompletableFuture@5bad75a7[Not completed]
2019-09-12 11:40:31,504 [pool-38-thread-1] INFO  impl.RaftServerImpl (RaftServerImpl.java:<init>(93)) - 2da31971-fd5c-4baf-8dfe-b6048362baf8: new RaftServerImpl for group-ED5CD0909695:[2da31971-fd5c-4baf-8dfe-b6048362baf8:192.168.157.195:36166] with ContainerStateMachine:uninitialized
2019-09-12 11:40:31,505 [pool-38-thread-1] INFO  server.RaftServerConfigKeys (ConfUtils.java:logGet(43)) - raft.server.rpc.timeout.min = 5s (custom)
2019-09-12 11:40:31,505 [pool-38-thread-1] INFO  server.RaftServerConfigKeys (ConfUtils.java:logGet(43)) - raft.server.rpc.timeout.max = 5200ms (custom)
2019-09-12 11:40:31,505 [pool-38-thread-1] INFO  server.RaftServerConfigKeys (ConfUtils.java:logGet(43)) - raft.server.rpcslowness.timeout = 120s (custom)
2019-09-12 11:40:31,505 [pool-38-thread-1] INFO  server.RaftServerConfigKeys (ConfUtils.java:logGet(43)) - raft.server.sleep.deviation.threshold = 300 (default)
2019-09-12 11:40:31,506 [pool-38-thread-1] INFO  server.RaftServerConfigKeys (ConfUtils.java:logGet(43)) - raft.server.log.appender.install.snapshot.enabled = false (custom)
2019-09-12 11:40:31,506 [pool-38-thread-1] INFO  impl.RaftServerImpl (ServerState.java:<init>(105)) - 2da31971-fd5c-4baf-8dfe-b6048362baf8:group-ED5CD0909695 ConfigurationManager, init=-1: [2da31971-fd5c-4baf-8dfe-b6048362baf8:192.168.157.195:36166], old=null, confs=<EMPTY_MAP>
2019-09-12 11:40:31,506 [pool-38-thread-1] INFO  server.RaftServerConfigKeys (ConfUtils.java:logGet(43)) - raft.server.storage.dir = [/workdir/hadoop-ozone/ozonefs/target/test-dir/MiniOzoneClusterImpl-3f0ffa95-bfc9-4a1c-9a47-ff24715a0622/datanode-1/data/ratis] (custom)
2019-09-12 11:40:31,507 [pool-38-thread-1] INFO  storage.RaftStorageDirectory (RaftStorageDirectory.java:analyzeStorage(246)) - The storage directory /workdir/hadoop-ozone/ozonefs/target/test-dir/MiniOzoneClusterImpl-3f0ffa95-bfc9-4a1c-9a47-ff24715a0622/datanode-1/data/ratis/f7699335-e7de-47fe-839f-ed5cd0909695 does not exist. Creating ...
2019-09-12 11:40:31,513 | INFO  | SCMAudit | user=jenkins1000 | ip=192.168.157.195 | op=SEND_HEARTBEAT {datanodeUUID=ef411258-a662-4696-ba26-405a55c9a048, command=[]} | ret=SUCCESS |  
2019-09-12 11:40:31,520 [pool-38-thread-1] INFO  storage.RaftStorageDirectory (RaftStorageDirectory.java:tryLock(328)) - Lock on /workdir/hadoop-ozone/ozonefs/target/test-dir/MiniOzoneClusterImpl-3f0ffa95-bfc9-4a1c-9a47-ff24715a0622/datanode-1/data/ratis/f7699335-e7de-47fe-839f-ed5cd0909695/in_use.lock acquired by nodename 26061@pr-hdds-1569-xtfnx-3545843844
2019-09-12 11:40:31,533 [pool-38-thread-1] INFO  storage.RaftStorage (RaftStorage.java:format(72)) - Storage directory /workdir/hadoop-ozone/ozonefs/target/test-dir/MiniOzoneClusterImpl-3f0ffa95-bfc9-4a1c-9a47-ff24715a0622/datanode-1/data/ratis/f7699335-e7de-47fe-839f-ed5cd0909695 has been successfully formatted.
2019-09-12 11:40:31,534 [pool-38-thread-1] INFO  ratis.ContainerStateMachine (ContainerStateMachine.java:loadSnapshot(226)) - group-ED5CD0909695: The snapshot info is null. Setting the last applied indexto:(t:0, i:~)
2019-09-12 11:40:31,534 [pool-38-thread-1] INFO  server.RaftServerConfigKeys (ConfUtils.java:logGet(43)) - raft.server.leader.election.timeout = 120s (custom)
2019-09-12 11:40:31,534 [pool-38-thread-1] INFO  server.RaftServerConfigKeys (ConfUtils.java:logGet(43)) - raft.server.log.use.memory = false (default)
2019-09-12 11:40:31,534 [pool-38-thread-1] INFO  server.RaftServerConfigKeys (ConfUtils.java:logGet(43)) - raft.server.log.purge.gap = 1000000 (custom)
2019-09-12 11:40:31,534 [pool-38-thread-1] INFO  server.RaftServerConfigKeys (ConfUtils.java:logGet(43)) - raft.server.log.appender.buffer.byte-limit = 33554432 (custom)
2019-09-12 11:40:31,535 [pool-38-thread-1] INFO  server.RaftServerConfigKeys (ConfUtils.java:logGet(43)) - raft.server.log.segment.size.max = 1048576 (custom)
2019-09-12 11:40:31,535 [pool-38-thread-1] INFO  server.RaftServerConfigKeys (ConfUtils.java:logGet(43)) - raft.server.log.segment.cache.num.max = 2 (custom)
2019-09-12 11:40:31,535 [pool-38-thread-1] INFO  segmented.SegmentedRaftLogWorker (SegmentedRaftLogWorker.java:<init>(172)) - new 2da31971-fd5c-4baf-8dfe-b6048362baf8-SegmentedRaftLogWorker:Storage Directory /workdir/hadoop-ozone/ozonefs/target/test-dir/MiniOzoneClusterImpl-3f0ffa95-bfc9-4a1c-9a47-ff24715a0622/datanode-1/data/ratis/f7699335-e7de-47fe-839f-ed5cd0909695 for RaftStorage:Storage Directory /workdir/hadoop-ozone/ozonefs/target/test-dir/MiniOzoneClusterImpl-3f0ffa95-bfc9-4a1c-9a47-ff24715a0622/datanode-1/data/ratis/f7699335-e7de-47fe-839f-ed5cd0909695
2019-09-12 11:40:31,535 [pool-38-thread-1] INFO  server.RaftServerConfigKeys (ConfUtils.java:logGet(43)) - raft.server.log.queue.byte-limit = 2147483647 (custom)
2019-09-12 11:40:31,535 [pool-38-thread-1] INFO  server.RaftServerConfigKeys (ConfUtils.java:logGet(43)) - raft.server.log.queue.element-limit = 1024 (custom)
2019-09-12 11:40:31,536 [pool-38-thread-1] INFO  server.RaftServerConfigKeys (ConfUtils.java:logGet(43)) - raft.server.log.segment.size.max = 1048576 (custom)
2019-09-12 11:40:31,536 [pool-38-thread-1] INFO  server.RaftServerConfigKeys (ConfUtils.java:logGet(43)) - raft.server.log.preallocated.size = 16384 (custom)
2019-09-12 11:40:31,536 [pool-38-thread-1] INFO  server.RaftServerConfigKeys (ConfUtils.java:logGet(43)) - raft.server.log.write.buffer.size = 33554432 (custom)
2019-09-12 11:40:31,536 [pool-38-thread-1] INFO  server.RaftServerConfigKeys (ConfUtils.java:logGet(43)) - raft.server.log.force.sync.num = 128 (default)
2019-09-12 11:40:31,537 [pool-38-thread-1] INFO  server.RaftServerConfigKeys (ConfUtils.java:logGet(43)) - raft.server.log.statemachine.data.sync = true (default)
2019-09-12 11:40:31,537 [pool-38-thread-1] INFO  server.RaftServerConfigKeys (ConfUtils.java:logGet(43)) - raft.server.log.statemachine.data.sync.timeout = 10s (default)
2019-09-12 11:40:31,537 [pool-38-thread-1] INFO  server.RaftServerConfigKeys (ConfUtils.java:logGet(43)) - raft.server.log.statemachine.data.sync.timeout.retry = -1 (default)
2019-09-12 11:40:31,537 [pool-38-thread-1] INFO  server.RaftServerConfigKeys (ConfUtils.java:logGet(43)) - raft.server.log.statemachine.data.caching.enabled = true (custom)
2019-09-12 11:40:31,538 [pool-38-thread-1] INFO  segmented.SegmentedRaftLogWorker (SegmentedRaftLogWorker.java:lambda$new$0(132)) - 2da31971-fd5c-4baf-8dfe-b6048362baf8-SegmentedRaftLogWorker:Storage Directory /workdir/hadoop-ozone/ozonefs/target/test-dir/MiniOzoneClusterImpl-3f0ffa95-bfc9-4a1c-9a47-ff24715a0622/datanode-1/data/ratis/f7699335-e7de-47fe-839f-ed5cd0909695: flushIndex: setUnconditionally 0 -> -1
2019-09-12 11:40:31,538 [pool-38-thread-1] INFO  server.RaftServerConfigKeys (ConfUtils.java:logGet(43)) - raft.server.snapshot.auto.trigger.enabled = true (custom)
2019-09-12 11:40:31,538 [pool-38-thread-1] INFO  server.RaftServerConfigKeys (ConfUtils.java:logGet(43)) - raft.server.snapshot.auto.trigger.threshold = 10000 (custom)
2019-09-12 11:40:31,539 [pool-38-thread-1] INFO  server.RaftServerConfigKeys (ConfUtils.java:logGet(43)) - raft.server.retrycache.expirytime = 600000ms (custom)
2019-09-12 11:40:31,539 [pool-38-thread-1] INFO  impl.RaftServerImpl (RaftServerImpl.java:start(180)) - 2da31971-fd5c-4baf-8dfe-b6048362baf8: start group-ED5CD0909695
2019-09-12 11:40:31,539 [pool-38-thread-1] INFO  impl.RaftServerImpl (RaftServerImpl.java:setRole(171)) - 2da31971-fd5c-4baf-8dfe-b6048362baf8:group-ED5CD0909695 changes role from null to FOLLOWER at term 0 for startAsFollower
2019-09-12 11:40:31,539 [pool-38-thread-1] INFO  impl.RoleInfo (RoleInfo.java:updateAndGet(143)) - 2da31971-fd5c-4baf-8dfe-b6048362baf8: start FollowerState
2019-09-12 11:40:31,540 [pool-38-thread-1] INFO  util.JmxRegister (JmxRegister.java:tryRegister(44)) - Successfully registered JMX Bean with object name Ratis:service=RaftServer,group=group-ED5CD0909695,id=2da31971-fd5c-4baf-8dfe-b6048362baf8
2019-09-12 11:40:31,548 [RatisPipelineUtilsThread] INFO  pipeline.PipelineStateManager (PipelineStateManager.java:addPipeline(56)) - Created pipeline Pipeline[ Id: f7699335-e7de-47fe-839f-ed5cd0909695, Nodes: 2da31971-fd5c-4baf-8dfe-b6048362baf8{ip: 192.168.157.195, host: pr-hdds-1569-xtfnx-3545843844, networkLocation: /default-rack, certSerialId: null}, Type:RATIS, Factor:ONE, State:OPEN]
2019-09-12 11:40:31,551 [RatisPipelineUtilsThread] ERROR pipeline.PipelinePlacementPolicy (PipelinePlacementPolicy.java:meetCriteria(91)) - Pipeline Placement: Doesn't meet the criteria to be viable node. Heaviness: 6
2019-09-12 11:40:31,564 [grpc-default-executor-0] INFO  impl.RaftServerProxy (RaftServerProxy.java:addNew(89)) - ef411258-a662-4696-ba26-405a55c9a048: addNew group-F7C924FCDA8B:[ef411258-a662-4696-ba26-405a55c9a048:192.168.157.195:37970] returns group-F7C924FCDA8B:java.util.concurrent.CompletableFuture@48d32395[Not completed]
2019-09-12 11:40:31,565 [pool-71-thread-1] INFO  impl.RaftServerImpl (RaftServerImpl.java:<init>(93)) - ef411258-a662-4696-ba26-405a55c9a048: new RaftServerImpl for group-F7C924FCDA8B:[ef411258-a662-4696-ba26-405a55c9a048:192.168.157.195:37970] with ContainerStateMachine:uninitialized
2019-09-12 11:40:31,566 [pool-71-thread-1] INFO  server.RaftServerConfigKeys (ConfUtils.java:logGet(43)) - raft.server.rpc.timeout.min = 5s (custom)
2019-09-12 11:40:31,566 [pool-71-thread-1] INFO  server.RaftServerConfigKeys (ConfUtils.java:logGet(43)) - raft.server.rpc.timeout.max = 5200ms (custom)
2019-09-12 11:40:31,566 [pool-71-thread-1] INFO  server.RaftServerConfigKeys (ConfUtils.java:logGet(43)) - raft.server.rpcslowness.timeout = 120s (custom)
2019-09-12 11:40:31,566 [pool-71-thread-1] INFO  server.RaftServerConfigKeys (ConfUtils.java:logGet(43)) - raft.server.sleep.deviation.threshold = 300 (default)
2019-09-12 11:40:31,566 [pool-71-thread-1] INFO  server.RaftServerConfigKeys (ConfUtils.java:logGet(43)) - raft.server.log.appender.install.snapshot.enabled = false (custom)
2019-09-12 11:40:31,566 [pool-71-thread-1] INFO  impl.RaftServerImpl (ServerState.java:<init>(105)) - ef411258-a662-4696-ba26-405a55c9a048:group-F7C924FCDA8B ConfigurationManager, init=-1: [ef411258-a662-4696-ba26-405a55c9a048:192.168.157.195:37970], old=null, confs=<EMPTY_MAP>
2019-09-12 11:40:31,566 [pool-71-thread-1] INFO  server.RaftServerConfigKeys (ConfUtils.java:logGet(43)) - raft.server.storage.dir = [/workdir/hadoop-ozone/ozonefs/target/test-dir/MiniOzoneClusterImpl-3f0ffa95-bfc9-4a1c-9a47-ff24715a0622/datanode-4/data/ratis] (custom)
2019-09-12 11:40:31,567 [pool-71-thread-1] INFO  storage.RaftStorageDirectory (RaftStorageDirectory.java:analyzeStorage(246)) - The storage directory /workdir/hadoop-ozone/ozonefs/target/test-dir/MiniOzoneClusterImpl-3f0ffa95-bfc9-4a1c-9a47-ff24715a0622/datanode-4/data/ratis/e4872088-161d-446a-a110-f7c924fcda8b does not exist. Creating ...
2019-09-12 11:40:31,579 [pool-71-thread-1] INFO  storage.RaftStorageDirectory (RaftStorageDirectory.java:tryLock(328)) - Lock on /workdir/hadoop-ozone/ozonefs/target/test-dir/MiniOzoneClusterImpl-3f0ffa95-bfc9-4a1c-9a47-ff24715a0622/datanode-4/data/ratis/e4872088-161d-446a-a110-f7c924fcda8b/in_use.lock acquired by nodename 26061@pr-hdds-1569-xtfnx-3545843844
2019-09-12 11:40:31,592 [pool-71-thread-1] INFO  storage.RaftStorage (RaftStorage.java:format(72)) - Storage directory /workdir/hadoop-ozone/ozonefs/target/test-dir/MiniOzoneClusterImpl-3f0ffa95-bfc9-4a1c-9a47-ff24715a0622/datanode-4/data/ratis/e4872088-161d-446a-a110-f7c924fcda8b has been successfully formatted.
2019-09-12 11:40:31,592 [pool-71-thread-1] INFO  ratis.ContainerStateMachine (ContainerStateMachine.java:loadSnapshot(226)) - group-F7C924FCDA8B: The snapshot info is null. Setting the last applied indexto:(t:0, i:~)
2019-09-12 11:40:31,592 [pool-71-thread-1] INFO  server.RaftServerConfigKeys (ConfUtils.java:logGet(43)) - raft.server.leader.election.timeout = 120s (custom)
2019-09-12 11:40:31,592 [pool-71-thread-1] INFO  server.RaftServerConfigKeys (ConfUtils.java:logGet(43)) - raft.server.log.use.memory = false (default)
2019-09-12 11:40:31,592 [pool-71-thread-1] INFO  server.RaftServerConfigKeys (ConfUtils.java:logGet(43)) - raft.server.log.purge.gap = 1000000 (custom)
2019-09-12 11:40:31,592 [pool-71-thread-1] INFO  server.RaftServerConfigKeys (ConfUtils.java:logGet(43)) - raft.server.log.appender.buffer.byte-limit = 33554432 (custom)
2019-09-12 11:40:31,592 [pool-71-thread-1] INFO  server.RaftServerConfigKeys (ConfUtils.java:logGet(43)) - raft.server.log.segment.size.max = 1048576 (custom)
2019-09-12 11:40:31,592 [pool-71-thread-1] INFO  server.RaftServerConfigKeys (ConfUtils.java:logGet(43)) - raft.server.log.segment.cache.num.max = 2 (custom)
2019-09-12 11:40:31,593 [pool-71-thread-1] INFO  segmented.SegmentedRaftLogWorker (SegmentedRaftLogWorker.java:<init>(172)) - new ef411258-a662-4696-ba26-405a55c9a048-SegmentedRaftLogWorker:Storage Directory /workdir/hadoop-ozone/ozonefs/target/test-dir/MiniOzoneClusterImpl-3f0ffa95-bfc9-4a1c-9a47-ff24715a0622/datanode-4/data/ratis/e4872088-161d-446a-a110-f7c924fcda8b for RaftStorage:Storage Directory /workdir/hadoop-ozone/ozonefs/target/test-dir/MiniOzoneClusterImpl-3f0ffa95-bfc9-4a1c-9a47-ff24715a0622/datanode-4/data/ratis/e4872088-161d-446a-a110-f7c924fcda8b
2019-09-12 11:40:31,593 [pool-71-thread-1] INFO  server.RaftServerConfigKeys (ConfUtils.java:logGet(43)) - raft.server.log.queue.byte-limit = 2147483647 (custom)
2019-09-12 11:40:31,593 [pool-71-thread-1] INFO  server.RaftServerConfigKeys (ConfUtils.java:logGet(43)) - raft.server.log.queue.element-limit = 1024 (custom)
2019-09-12 11:40:31,593 [pool-71-thread-1] INFO  server.RaftServerConfigKeys (ConfUtils.java:logGet(43)) - raft.server.log.segment.size.max = 1048576 (custom)
2019-09-12 11:40:31,593 [pool-71-thread-1] INFO  server.RaftServerConfigKeys (ConfUtils.java:logGet(43)) - raft.server.log.preallocated.size = 16384 (custom)
2019-09-12 11:40:31,593 [pool-71-thread-1] INFO  server.RaftServerConfigKeys (ConfUtils.java:logGet(43)) - raft.server.log.write.buffer.size = 33554432 (custom)
2019-09-12 11:40:31,593 [pool-71-thread-1] INFO  server.RaftServerConfigKeys (ConfUtils.java:logGet(43)) - raft.server.log.force.sync.num = 128 (default)
2019-09-12 11:40:31,593 [pool-71-thread-1] INFO  server.RaftServerConfigKeys (ConfUtils.java:logGet(43)) - raft.server.log.statemachine.data.sync = true (default)
2019-09-12 11:40:31,593 [pool-71-thread-1] INFO  server.RaftServerConfigKeys (ConfUtils.java:logGet(43)) - raft.server.log.statemachine.data.sync.timeout = 10s (default)
2019-09-12 11:40:31,594 [pool-71-thread-1] INFO  server.RaftServerConfigKeys (ConfUtils.java:logGet(43)) - raft.server.log.statemachine.data.sync.timeout.retry = -1 (default)
2019-09-12 11:40:31,594 [pool-71-thread-1] INFO  server.RaftServerConfigKeys (ConfUtils.java:logGet(43)) - raft.server.log.statemachine.data.caching.enabled = true (custom)
2019-09-12 11:40:31,594 [pool-71-thread-1] INFO  segmented.SegmentedRaftLogWorker (SegmentedRaftLogWorker.java:lambda$new$0(132)) - ef411258-a662-4696-ba26-405a55c9a048-SegmentedRaftLogWorker:Storage Directory /workdir/hadoop-ozone/ozonefs/target/test-dir/MiniOzoneClusterImpl-3f0ffa95-bfc9-4a1c-9a47-ff24715a0622/datanode-4/data/ratis/e4872088-161d-446a-a110-f7c924fcda8b: flushIndex: setUnconditionally 0 -> -1
2019-09-12 11:40:31,594 [pool-71-thread-1] INFO  server.RaftServerConfigKeys (ConfUtils.java:logGet(43)) - raft.server.snapshot.auto.trigger.enabled = true (custom)
2019-09-12 11:40:31,594 [pool-71-thread-1] INFO  server.RaftServerConfigKeys (ConfUtils.java:logGet(43)) - raft.server.snapshot.auto.trigger.threshold = 10000 (custom)
2019-09-12 11:40:31,595 [pool-71-thread-1] INFO  server.RaftServerConfigKeys (ConfUtils.java:logGet(43)) - raft.server.retrycache.expirytime = 600000ms (custom)
2019-09-12 11:40:31,595 [pool-71-thread-1] INFO  impl.RaftServerImpl (RaftServerImpl.java:start(180)) - ef411258-a662-4696-ba26-405a55c9a048: start group-F7C924FCDA8B
2019-09-12 11:40:31,595 [pool-71-thread-1] INFO  impl.RaftServerImpl (RaftServerImpl.java:setRole(171)) - ef411258-a662-4696-ba26-405a55c9a048:group-F7C924FCDA8B changes role from null to FOLLOWER at term 0 for startAsFollower
2019-09-12 11:40:31,595 [pool-71-thread-1] INFO  impl.RoleInfo (RoleInfo.java:updateAndGet(143)) - ef411258-a662-4696-ba26-405a55c9a048: start FollowerState
2019-09-12 11:40:31,595 [pool-71-thread-1] INFO  util.JmxRegister (JmxRegister.java:tryRegister(44)) - Successfully registered JMX Bean with object name Ratis:service=RaftServer,group=group-F7C924FCDA8B,id=ef411258-a662-4696-ba26-405a55c9a048
2019-09-12 11:40:31,604 | INFO  | SCMAudit | user=jenkins1000 | ip=192.168.157.195 | op=SEND_HEARTBEAT {datanodeUUID=2da31971-fd5c-4baf-8dfe-b6048362baf8, command=[]} | ret=SUCCESS |  
2019-09-12 11:40:31,605 [RatisPipelineUtilsThread] INFO  pipeline.PipelineStateManager (PipelineStateManager.java:addPipeline(56)) - Created pipeline Pipeline[ Id: e4872088-161d-446a-a110-f7c924fcda8b, Nodes: ef411258-a662-4696-ba26-405a55c9a048{ip: 192.168.157.195, host: pr-hdds-1569-xtfnx-3545843844, networkLocation: /default-rack, certSerialId: null}, Type:RATIS, Factor:ONE, State:OPEN]
2019-09-12 11:40:31,608 [RatisPipelineUtilsThread] ERROR pipeline.PipelinePlacementPolicy (PipelinePlacementPolicy.java:meetCriteria(91)) - Pipeline Placement: Doesn't meet the criteria to be viable node. Heaviness: 6
2019-09-12 11:40:31,648 [grpc-default-executor-0] INFO  impl.RaftServerProxy (RaftServerProxy.java:addNew(89)) - abc6f9f9-8862-43ee-ac13-b67e1574492b: addNew group-7170AE6FA3A0:[abc6f9f9-8862-43ee-ac13-b67e1574492b:192.168.157.195:32913] returns group-7170AE6FA3A0:java.util.concurrent.CompletableFuture@3d3b25b4[Not completed]
2019-09-12 11:40:31,649 [main] INFO  ozone.MiniOzoneClusterImpl (MiniOzoneClusterImpl.java:lambda$waitForClusterToBeReady$0(142)) - Cluster is ready. Got 10 of 10 DN Heartbeats.
2019-09-12 11:40:31,650 [pool-49-thread-1] INFO  impl.RaftServerImpl (RaftServerImpl.java:<init>(93)) - abc6f9f9-8862-43ee-ac13-b67e1574492b: new RaftServerImpl for group-7170AE6FA3A0:[abc6f9f9-8862-43ee-ac13-b67e1574492b:192.168.157.195:32913] with ContainerStateMachine:uninitialized
2019-09-12 11:40:31,650 [pool-49-thread-1] INFO  server.RaftServerConfigKeys (ConfUtils.java:logGet(43)) - raft.server.rpc.timeout.min = 5s (custom)
2019-09-12 11:40:31,650 [pool-49-thread-1] INFO  server.RaftServerConfigKeys (ConfUtils.java:logGet(43)) - raft.server.rpc.timeout.max = 5200ms (custom)
2019-09-12 11:40:31,651 [pool-49-thread-1] INFO  server.RaftServerConfigKeys (ConfUtils.java:logGet(43)) - raft.server.rpcslowness.timeout = 120s (custom)
2019-09-12 11:40:31,651 [pool-49-thread-1] INFO  server.RaftServerConfigKeys (ConfUtils.java:logGet(43)) - raft.server.sleep.deviation.threshold = 300 (default)
2019-09-12 11:40:31,651 [pool-49-thread-1] INFO  server.RaftServerConfigKeys (ConfUtils.java:logGet(43)) - raft.server.log.appender.install.snapshot.enabled = false (custom)
2019-09-12 11:40:31,651 [pool-49-thread-1] INFO  impl.RaftServerImpl (ServerState.java:<init>(105)) - abc6f9f9-8862-43ee-ac13-b67e1574492b:group-7170AE6FA3A0 ConfigurationManager, init=-1: [abc6f9f9-8862-43ee-ac13-b67e1574492b:192.168.157.195:32913], old=null, confs=<EMPTY_MAP>
2019-09-12 11:40:31,651 [pool-49-thread-1] INFO  server.RaftServerConfigKeys (ConfUtils.java:logGet(43)) - raft.server.storage.dir = [/workdir/hadoop-ozone/ozonefs/target/test-dir/MiniOzoneClusterImpl-3f0ffa95-bfc9-4a1c-9a47-ff24715a0622/datanode-2/data/ratis] (custom)
2019-09-12 11:40:31,652 [pool-49-thread-1] INFO  storage.RaftStorageDirectory (RaftStorageDirectory.java:analyzeStorage(246)) - The storage directory /workdir/hadoop-ozone/ozonefs/target/test-dir/MiniOzoneClusterImpl-3f0ffa95-bfc9-4a1c-9a47-ff24715a0622/datanode-2/data/ratis/8f6ab6f8-421d-4b4a-af92-7170ae6fa3a0 does not exist. Creating ...
2019-09-12 11:40:31,664 [pool-49-thread-1] INFO  storage.RaftStorageDirectory (RaftStorageDirectory.java:tryLock(328)) - Lock on /workdir/hadoop-ozone/ozonefs/target/test-dir/MiniOzoneClusterImpl-3f0ffa95-bfc9-4a1c-9a47-ff24715a0622/datanode-2/data/ratis/8f6ab6f8-421d-4b4a-af92-7170ae6fa3a0/in_use.lock acquired by nodename 26061@pr-hdds-1569-xtfnx-3545843844
2019-09-12 11:40:31,686 [pool-49-thread-1] INFO  storage.RaftStorage (RaftStorage.java:format(72)) - Storage directory /workdir/hadoop-ozone/ozonefs/target/test-dir/MiniOzoneClusterImpl-3f0ffa95-bfc9-4a1c-9a47-ff24715a0622/datanode-2/data/ratis/8f6ab6f8-421d-4b4a-af92-7170ae6fa3a0 has been successfully formatted.
2019-09-12 11:40:31,686 [pool-49-thread-1] INFO  ratis.ContainerStateMachine (ContainerStateMachine.java:loadSnapshot(226)) - group-7170AE6FA3A0: The snapshot info is null. Setting the last applied indexto:(t:0, i:~)
2019-09-12 11:40:31,686 [pool-49-thread-1] INFO  server.RaftServerConfigKeys (ConfUtils.java:logGet(43)) - raft.server.leader.election.timeout = 120s (custom)
2019-09-12 11:40:31,687 [pool-49-thread-1] INFO  server.RaftServerConfigKeys (ConfUtils.java:logGet(43)) - raft.server.log.use.memory = false (default)
2019-09-12 11:40:31,687 [pool-49-thread-1] INFO  server.RaftServerConfigKeys (ConfUtils.java:logGet(43)) - raft.server.log.purge.gap = 1000000 (custom)
2019-09-12 11:40:31,687 [pool-49-thread-1] INFO  server.RaftServerConfigKeys (ConfUtils.java:logGet(43)) - raft.server.log.appender.buffer.byte-limit = 33554432 (custom)
2019-09-12 11:40:31,687 [pool-49-thread-1] INFO  server.RaftServerConfigKeys (ConfUtils.java:logGet(43)) - raft.server.log.segment.size.max = 1048576 (custom)
2019-09-12 11:40:31,687 [pool-49-thread-1] INFO  server.RaftServerConfigKeys (ConfUtils.java:logGet(43)) - raft.server.log.segment.cache.num.max = 2 (custom)
2019-09-12 11:40:31,688 [pool-49-thread-1] INFO  segmented.SegmentedRaftLogWorker (SegmentedRaftLogWorker.java:<init>(172)) - new abc6f9f9-8862-43ee-ac13-b67e1574492b-SegmentedRaftLogWorker:Storage Directory /workdir/hadoop-ozone/ozonefs/target/test-dir/MiniOzoneClusterImpl-3f0ffa95-bfc9-4a1c-9a47-ff24715a0622/datanode-2/data/ratis/8f6ab6f8-421d-4b4a-af92-7170ae6fa3a0 for RaftStorage:Storage Directory /workdir/hadoop-ozone/ozonefs/target/test-dir/MiniOzoneClusterImpl-3f0ffa95-bfc9-4a1c-9a47-ff24715a0622/datanode-2/data/ratis/8f6ab6f8-421d-4b4a-af92-7170ae6fa3a0
2019-09-12 11:40:31,688 [pool-49-thread-1] INFO  server.RaftServerConfigKeys (ConfUtils.java:logGet(43)) - raft.server.log.queue.byte-limit = 2147483647 (custom)
2019-09-12 11:40:31,688 [pool-49-thread-1] INFO  server.RaftServerConfigKeys (ConfUtils.java:logGet(43)) - raft.server.log.queue.element-limit = 1024 (custom)
2019-09-12 11:40:31,688 [pool-49-thread-1] INFO  server.RaftServerConfigKeys (ConfUtils.java:logGet(43)) - raft.server.log.segment.size.max = 1048576 (custom)
2019-09-12 11:40:31,689 [pool-49-thread-1] INFO  server.RaftServerConfigKeys (ConfUtils.java:logGet(43)) - raft.server.log.preallocated.size = 16384 (custom)
2019-09-12 11:40:31,689 [pool-49-thread-1] INFO  server.RaftServerConfigKeys (ConfUtils.java:logGet(43)) - raft.server.log.write.buffer.size = 33554432 (custom)
2019-09-12 11:40:31,689 [pool-49-thread-1] INFO  server.RaftServerConfigKeys (ConfUtils.java:logGet(43)) - raft.server.log.force.sync.num = 128 (default)
2019-09-12 11:40:31,689 [pool-49-thread-1] INFO  server.RaftServerConfigKeys (ConfUtils.java:logGet(43)) - raft.server.log.statemachine.data.sync = true (default)
2019-09-12 11:40:31,689 [pool-49-thread-1] INFO  server.RaftServerConfigKeys (ConfUtils.java:logGet(43)) - raft.server.log.statemachine.data.sync.timeout = 10s (default)
2019-09-12 11:40:31,690 [pool-49-thread-1] INFO  server.RaftServerConfigKeys (ConfUtils.java:logGet(43)) - raft.server.log.statemachine.data.sync.timeout.retry = -1 (default)
2019-09-12 11:40:31,690 [pool-49-thread-1] INFO  server.RaftServerConfigKeys (ConfUtils.java:logGet(43)) - raft.server.log.statemachine.data.caching.enabled = true (custom)
2019-09-12 11:40:31,690 [pool-49-thread-1] INFO  segmented.SegmentedRaftLogWorker (SegmentedRaftLogWorker.java:lambda$new$0(132)) - abc6f9f9-8862-43ee-ac13-b67e1574492b-SegmentedRaftLogWorker:Storage Directory /workdir/hadoop-ozone/ozonefs/target/test-dir/MiniOzoneClusterImpl-3f0ffa95-bfc9-4a1c-9a47-ff24715a0622/datanode-2/data/ratis/8f6ab6f8-421d-4b4a-af92-7170ae6fa3a0: flushIndex: setUnconditionally 0 -> -1
2019-09-12 11:40:31,691 [pool-49-thread-1] INFO  server.RaftServerConfigKeys (ConfUtils.java:logGet(43)) - raft.server.snapshot.auto.trigger.enabled = true (custom)
2019-09-12 11:40:31,691 [pool-49-thread-1] INFO  server.RaftServerConfigKeys (ConfUtils.java:logGet(43)) - raft.server.snapshot.auto.trigger.threshold = 10000 (custom)
2019-09-12 11:40:31,691 [pool-49-thread-1] INFO  server.RaftServerConfigKeys (ConfUtils.java:logGet(43)) - raft.server.retrycache.expirytime = 600000ms (custom)
2019-09-12 11:40:31,692 [pool-49-thread-1] INFO  impl.RaftServerImpl (RaftServerImpl.java:start(180)) - abc6f9f9-8862-43ee-ac13-b67e1574492b: start group-7170AE6FA3A0
2019-09-12 11:40:31,692 [pool-49-thread-1] INFO  impl.RaftServerImpl (RaftServerImpl.java:setRole(171)) - abc6f9f9-8862-43ee-ac13-b67e1574492b:group-7170AE6FA3A0 changes role from null to FOLLOWER at term 0 for startAsFollower
2019-09-12 11:40:31,692 [pool-49-thread-1] INFO  impl.RoleInfo (RoleInfo.java:updateAndGet(143)) - abc6f9f9-8862-43ee-ac13-b67e1574492b: start FollowerState
2019-09-12 11:40:31,705 [pool-49-thread-1] INFO  util.JmxRegister (JmxRegister.java:tryRegister(44)) - Successfully registered JMX Bean with object name Ratis:service=RaftServer,group=group-7170AE6FA3A0,id=abc6f9f9-8862-43ee-ac13-b67e1574492b
2019-09-12 11:40:31,732 [RatisPipelineUtilsThread] INFO  pipeline.PipelineStateManager (PipelineStateManager.java:addPipeline(56)) - Created pipeline Pipeline[ Id: 8f6ab6f8-421d-4b4a-af92-7170ae6fa3a0, Nodes: abc6f9f9-8862-43ee-ac13-b67e1574492b{ip: 192.168.157.195, host: pr-hdds-1569-xtfnx-3545843844, networkLocation: /default-rack, certSerialId: null}, Type:RATIS, Factor:ONE, State:OPEN]
2019-09-12 11:40:31,740 [RatisPipelineUtilsThread] ERROR pipeline.PipelinePlacementPolicy (PipelinePlacementPolicy.java:meetCriteria(91)) - Pipeline Placement: Doesn't meet the criteria to be viable node. Heaviness: 6
2019-09-12 11:40:31,749 | INFO  | SCMAudit | user=jenkins1000 | ip=192.168.157.195 | op=SEND_HEARTBEAT {datanodeUUID=875e3d5e-0813-40b8-b024-43837dd2f6d5, command=[]} | ret=SUCCESS |  
2019-09-12 11:40:31,756 [grpc-default-executor-0] INFO  impl.RaftServerProxy (RaftServerProxy.java:addNew(89)) - 875e3d5e-0813-40b8-b024-43837dd2f6d5: addNew group-798CD9815786:[875e3d5e-0813-40b8-b024-43837dd2f6d5:192.168.157.195:33574] returns group-798CD9815786:java.util.concurrent.CompletableFuture@47637f86[Not completed]
2019-09-12 11:40:31,760 [pool-82-thread-1] INFO  impl.RaftServerImpl (RaftServerImpl.java:<init>(93)) - 875e3d5e-0813-40b8-b024-43837dd2f6d5: new RaftServerImpl for group-798CD9815786:[875e3d5e-0813-40b8-b024-43837dd2f6d5:192.168.157.195:33574] with ContainerStateMachine:uninitialized
2019-09-12 11:40:31,760 [pool-82-thread-1] INFO  server.RaftServerConfigKeys (ConfUtils.java:logGet(43)) - raft.server.rpc.timeout.min = 5s (custom)
2019-09-12 11:40:31,761 [pool-82-thread-1] INFO  server.RaftServerConfigKeys (ConfUtils.java:logGet(43)) - raft.server.rpc.timeout.max = 5200ms (custom)
2019-09-12 11:40:31,761 [pool-82-thread-1] INFO  server.RaftServerConfigKeys (ConfUtils.java:logGet(43)) - raft.server.rpcslowness.timeout = 120s (custom)
2019-09-12 11:40:31,761 [pool-82-thread-1] INFO  server.RaftServerConfigKeys (ConfUtils.java:logGet(43)) - raft.server.sleep.deviation.threshold = 300 (default)
2019-09-12 11:40:31,761 [pool-82-thread-1] INFO  server.RaftServerConfigKeys (ConfUtils.java:logGet(43)) - raft.server.log.appender.install.snapshot.enabled = false (custom)
2019-09-12 11:40:31,762 [pool-82-thread-1] INFO  impl.RaftServerImpl (ServerState.java:<init>(105)) - 875e3d5e-0813-40b8-b024-43837dd2f6d5:group-798CD9815786 ConfigurationManager, init=-1: [875e3d5e-0813-40b8-b024-43837dd2f6d5:192.168.157.195:33574], old=null, confs=<EMPTY_MAP>
2019-09-12 11:40:31,762 [pool-82-thread-1] INFO  server.RaftServerConfigKeys (ConfUtils.java:logGet(43)) - raft.server.storage.dir = [/workdir/hadoop-ozone/ozonefs/target/test-dir/MiniOzoneClusterImpl-3f0ffa95-bfc9-4a1c-9a47-ff24715a0622/datanode-5/data/ratis] (custom)
2019-09-12 11:40:31,762 [pool-82-thread-1] INFO  storage.RaftStorageDirectory (RaftStorageDirectory.java:analyzeStorage(246)) - The storage directory /workdir/hadoop-ozone/ozonefs/target/test-dir/MiniOzoneClusterImpl-3f0ffa95-bfc9-4a1c-9a47-ff24715a0622/datanode-5/data/ratis/544d20fb-c8b4-4ead-afbd-798cd9815786 does not exist. Creating ...
2019-09-12 11:40:31,776 [pool-82-thread-1] INFO  storage.RaftStorageDirectory (RaftStorageDirectory.java:tryLock(328)) - Lock on /workdir/hadoop-ozone/ozonefs/target/test-dir/MiniOzoneClusterImpl-3f0ffa95-bfc9-4a1c-9a47-ff24715a0622/datanode-5/data/ratis/544d20fb-c8b4-4ead-afbd-798cd9815786/in_use.lock acquired by nodename 26061@pr-hdds-1569-xtfnx-3545843844
2019-09-12 11:40:31,789 [pool-82-thread-1] INFO  storage.RaftStorage (RaftStorage.java:format(72)) - Storage directory /workdir/hadoop-ozone/ozonefs/target/test-dir/MiniOzoneClusterImpl-3f0ffa95-bfc9-4a1c-9a47-ff24715a0622/datanode-5/data/ratis/544d20fb-c8b4-4ead-afbd-798cd9815786 has been successfully formatted.
2019-09-12 11:40:31,789 [pool-82-thread-1] INFO  ratis.ContainerStateMachine (ContainerStateMachine.java:loadSnapshot(226)) - group-798CD9815786: The snapshot info is null. Setting the last applied indexto:(t:0, i:~)
2019-09-12 11:40:31,790 [pool-82-thread-1] INFO  server.RaftServerConfigKeys (ConfUtils.java:logGet(43)) - raft.server.leader.election.timeout = 120s (custom)
2019-09-12 11:40:31,790 [pool-82-thread-1] INFO  server.RaftServerConfigKeys (ConfUtils.java:logGet(43)) - raft.server.log.use.memory = false (default)
2019-09-12 11:40:31,790 [pool-82-thread-1] INFO  server.RaftServerConfigKeys (ConfUtils.java:logGet(43)) - raft.server.log.purge.gap = 1000000 (custom)
2019-09-12 11:40:31,790 [pool-82-thread-1] INFO  server.RaftServerConfigKeys (ConfUtils.java:logGet(43)) - raft.server.log.appender.buffer.byte-limit = 33554432 (custom)
2019-09-12 11:40:31,791 [pool-82-thread-1] INFO  server.RaftServerConfigKeys (ConfUtils.java:logGet(43)) - raft.server.log.segment.size.max = 1048576 (custom)
2019-09-12 11:40:31,791 [pool-82-thread-1] INFO  server.RaftServerConfigKeys (ConfUtils.java:logGet(43)) - raft.server.log.segment.cache.num.max = 2 (custom)
2019-09-12 11:40:31,791 [pool-82-thread-1] INFO  segmented.SegmentedRaftLogWorker (SegmentedRaftLogWorker.java:<init>(172)) - new 875e3d5e-0813-40b8-b024-43837dd2f6d5-SegmentedRaftLogWorker:Storage Directory /workdir/hadoop-ozone/ozonefs/target/test-dir/MiniOzoneClusterImpl-3f0ffa95-bfc9-4a1c-9a47-ff24715a0622/datanode-5/data/ratis/544d20fb-c8b4-4ead-afbd-798cd9815786 for RaftStorage:Storage Directory /workdir/hadoop-ozone/ozonefs/target/test-dir/MiniOzoneClusterImpl-3f0ffa95-bfc9-4a1c-9a47-ff24715a0622/datanode-5/data/ratis/544d20fb-c8b4-4ead-afbd-798cd9815786
2019-09-12 11:40:31,791 [pool-82-thread-1] INFO  server.RaftServerConfigKeys (ConfUtils.java:logGet(43)) - raft.server.log.queue.byte-limit = 2147483647 (custom)
2019-09-12 11:40:31,791 [pool-82-thread-1] INFO  server.RaftServerConfigKeys (ConfUtils.java:logGet(43)) - raft.server.log.queue.element-limit = 1024 (custom)
2019-09-12 11:40:31,792 [pool-82-thread-1] INFO  server.RaftServerConfigKeys (ConfUtils.java:logGet(43)) - raft.server.log.segment.size.max = 1048576 (custom)
2019-09-12 11:40:31,792 [pool-82-thread-1] INFO  server.RaftServerConfigKeys (ConfUtils.java:logGet(43)) - raft.server.log.preallocated.size = 16384 (custom)
2019-09-12 11:40:31,792 [pool-82-thread-1] INFO  server.RaftServerConfigKeys (ConfUtils.java:logGet(43)) - raft.server.log.write.buffer.size = 33554432 (custom)
2019-09-12 11:40:31,792 [pool-82-thread-1] INFO  server.RaftServerConfigKeys (ConfUtils.java:logGet(43)) - raft.server.log.force.sync.num = 128 (default)
2019-09-12 11:40:31,792 [pool-82-thread-1] INFO  server.RaftServerConfigKeys (ConfUtils.java:logGet(43)) - raft.server.log.statemachine.data.sync = true (default)
2019-09-12 11:40:31,793 [pool-82-thread-1] INFO  server.RaftServerConfigKeys (ConfUtils.java:logGet(43)) - raft.server.log.statemachine.data.sync.timeout = 10s (default)
2019-09-12 11:40:31,793 [pool-82-thread-1] INFO  server.RaftServerConfigKeys (ConfUtils.java:logGet(43)) - raft.server.log.statemachine.data.sync.timeout.retry = -1 (default)
2019-09-12 11:40:31,793 [pool-82-thread-1] INFO  server.RaftServerConfigKeys (ConfUtils.java:logGet(43)) - raft.server.log.statemachine.data.caching.enabled = true (custom)
2019-09-12 11:40:31,794 [pool-82-thread-1] INFO  segmented.SegmentedRaftLogWorker (SegmentedRaftLogWorker.java:lambda$new$0(132)) - 875e3d5e-0813-40b8-b024-43837dd2f6d5-SegmentedRaftLogWorker:Storage Directory /workdir/hadoop-ozone/ozonefs/target/test-dir/MiniOzoneClusterImpl-3f0ffa95-bfc9-4a1c-9a47-ff24715a0622/datanode-5/data/ratis/544d20fb-c8b4-4ead-afbd-798cd9815786: flushIndex: setUnconditionally 0 -> -1
2019-09-12 11:40:31,794 [pool-82-thread-1] INFO  server.RaftServerConfigKeys (ConfUtils.java:logGet(43)) - raft.server.snapshot.auto.trigger.enabled = true (custom)
2019-09-12 11:40:31,794 [pool-82-thread-1] INFO  server.RaftServerConfigKeys (ConfUtils.java:logGet(43)) - raft.server.snapshot.auto.trigger.threshold = 10000 (custom)
2019-09-12 11:40:31,795 [pool-82-thread-1] INFO  server.RaftServerConfigKeys (ConfUtils.java:logGet(43)) - raft.server.retrycache.expirytime = 600000ms (custom)
2019-09-12 11:40:31,795 [pool-82-thread-1] INFO  impl.RaftServerImpl (RaftServerImpl.java:start(180)) - 875e3d5e-0813-40b8-b024-43837dd2f6d5: start group-798CD9815786
2019-09-12 11:40:31,795 [pool-82-thread-1] INFO  impl.RaftServerImpl (RaftServerImpl.java:setRole(171)) - 875e3d5e-0813-40b8-b024-43837dd2f6d5:group-798CD9815786 changes role from null to FOLLOWER at term 0 for startAsFollower
2019-09-12 11:40:31,795 [pool-82-thread-1] INFO  impl.RoleInfo (RoleInfo.java:updateAndGet(143)) - 875e3d5e-0813-40b8-b024-43837dd2f6d5: start FollowerState
2019-09-12 11:40:31,796 [pool-82-thread-1] INFO  util.JmxRegister (JmxRegister.java:tryRegister(44)) - Successfully registered JMX Bean with object name Ratis:service=RaftServer,group=group-798CD9815786,id=875e3d5e-0813-40b8-b024-43837dd2f6d5
2019-09-12 11:40:31,804 [RatisPipelineUtilsThread] INFO  pipeline.PipelineStateManager (PipelineStateManager.java:addPipeline(56)) - Created pipeline Pipeline[ Id: 544d20fb-c8b4-4ead-afbd-798cd9815786, Nodes: 875e3d5e-0813-40b8-b024-43837dd2f6d5{ip: 192.168.157.195, host: pr-hdds-1569-xtfnx-3545843844, networkLocation: /default-rack, certSerialId: null}, Type:RATIS, Factor:ONE, State:OPEN]
2019-09-12 11:40:31,807 [RatisPipelineUtilsThread] ERROR pipeline.PipelinePlacementPolicy (PipelinePlacementPolicy.java:meetCriteria(91)) - Pipeline Placement: Doesn't meet the criteria to be viable node. Heaviness: 6
2019-09-12 11:40:31,820 [grpc-default-executor-0] INFO  impl.RaftServerProxy (RaftServerProxy.java:addNew(89)) - 5d0352ef-d446-4a04-a69e-b6b493d47759: addNew group-93B00C8A41D6:[5d0352ef-d446-4a04-a69e-b6b493d47759:192.168.157.195:35104] returns group-93B00C8A41D6:java.util.concurrent.CompletableFuture@7503b30b[Not completed]
2019-09-12 11:40:31,822 [pool-27-thread-1] INFO  impl.RaftServerImpl (RaftServerImpl.java:<init>(93)) - 5d0352ef-d446-4a04-a69e-b6b493d47759: new RaftServerImpl for group-93B00C8A41D6:[5d0352ef-d446-4a04-a69e-b6b493d47759:192.168.157.195:35104] with ContainerStateMachine:uninitialized
2019-09-12 11:40:31,823 [pool-27-thread-1] INFO  server.RaftServerConfigKeys (ConfUtils.java:logGet(43)) - raft.server.rpc.timeout.min = 5s (custom)
2019-09-12 11:40:31,823 [pool-27-thread-1] INFO  server.RaftServerConfigKeys (ConfUtils.java:logGet(43)) - raft.server.rpc.timeout.max = 5200ms (custom)
2019-09-12 11:40:31,823 [pool-27-thread-1] INFO  server.RaftServerConfigKeys (ConfUtils.java:logGet(43)) - raft.server.rpcslowness.timeout = 120s (custom)
2019-09-12 11:40:31,823 [pool-27-thread-1] INFO  server.RaftServerConfigKeys (ConfUtils.java:logGet(43)) - raft.server.sleep.deviation.threshold = 300 (default)
2019-09-12 11:40:31,823 [pool-27-thread-1] INFO  server.RaftServerConfigKeys (ConfUtils.java:logGet(43)) - raft.server.log.appender.install.snapshot.enabled = false (custom)
2019-09-12 11:40:31,823 [pool-27-thread-1] INFO  impl.RaftServerImpl (ServerState.java:<init>(105)) - 5d0352ef-d446-4a04-a69e-b6b493d47759:group-93B00C8A41D6 ConfigurationManager, init=-1: [5d0352ef-d446-4a04-a69e-b6b493d47759:192.168.157.195:35104], old=null, confs=<EMPTY_MAP>
2019-09-12 11:40:31,824 [pool-27-thread-1] INFO  server.RaftServerConfigKeys (ConfUtils.java:logGet(43)) - raft.server.storage.dir = [/workdir/hadoop-ozone/ozonefs/target/test-dir/MiniOzoneClusterImpl-3f0ffa95-bfc9-4a1c-9a47-ff24715a0622/datanode-0/data/ratis] (custom)
2019-09-12 11:40:31,824 [pool-27-thread-1] INFO  storage.RaftStorageDirectory (RaftStorageDirectory.java:analyzeStorage(246)) - The storage directory /workdir/hadoop-ozone/ozonefs/target/test-dir/MiniOzoneClusterImpl-3f0ffa95-bfc9-4a1c-9a47-ff24715a0622/datanode-0/data/ratis/bea218e6-f44b-4920-ba69-93b00c8a41d6 does not exist. Creating ...
2019-09-12 11:40:31,838 [pool-27-thread-1] INFO  storage.RaftStorageDirectory (RaftStorageDirectory.java:tryLock(328)) - Lock on /workdir/hadoop-ozone/ozonefs/target/test-dir/MiniOzoneClusterImpl-3f0ffa95-bfc9-4a1c-9a47-ff24715a0622/datanode-0/data/ratis/bea218e6-f44b-4920-ba69-93b00c8a41d6/in_use.lock acquired by nodename 26061@pr-hdds-1569-xtfnx-3545843844
2019-09-12 11:40:31,851 [pool-27-thread-1] INFO  storage.RaftStorage (RaftStorage.java:format(72)) - Storage directory /workdir/hadoop-ozone/ozonefs/target/test-dir/MiniOzoneClusterImpl-3f0ffa95-bfc9-4a1c-9a47-ff24715a0622/datanode-0/data/ratis/bea218e6-f44b-4920-ba69-93b00c8a41d6 has been successfully formatted.
2019-09-12 11:40:31,852 [pool-27-thread-1] INFO  ratis.ContainerStateMachine (ContainerStateMachine.java:loadSnapshot(226)) - group-93B00C8A41D6: The snapshot info is null. Setting the last applied indexto:(t:0, i:~)
2019-09-12 11:40:31,852 [pool-27-thread-1] INFO  server.RaftServerConfigKeys (ConfUtils.java:logGet(43)) - raft.server.leader.election.timeout = 120s (custom)
2019-09-12 11:40:31,852 [pool-27-thread-1] INFO  server.RaftServerConfigKeys (ConfUtils.java:logGet(43)) - raft.server.log.use.memory = false (default)
2019-09-12 11:40:31,852 [pool-27-thread-1] INFO  server.RaftServerConfigKeys (ConfUtils.java:logGet(43)) - raft.server.log.purge.gap = 1000000 (custom)
2019-09-12 11:40:31,852 [pool-27-thread-1] INFO  server.RaftServerConfigKeys (ConfUtils.java:logGet(43)) - raft.server.log.appender.buffer.byte-limit = 33554432 (custom)
2019-09-12 11:40:31,853 [pool-27-thread-1] INFO  server.RaftServerConfigKeys (ConfUtils.java:logGet(43)) - raft.server.log.segment.size.max = 1048576 (custom)
2019-09-12 11:40:31,853 [pool-27-thread-1] INFO  server.RaftServerConfigKeys (ConfUtils.java:logGet(43)) - raft.server.log.segment.cache.num.max = 2 (custom)
2019-09-12 11:40:31,853 [pool-27-thread-1] INFO  segmented.SegmentedRaftLogWorker (SegmentedRaftLogWorker.java:<init>(172)) - new 5d0352ef-d446-4a04-a69e-b6b493d47759-SegmentedRaftLogWorker:Storage Directory /workdir/hadoop-ozone/ozonefs/target/test-dir/MiniOzoneClusterImpl-3f0ffa95-bfc9-4a1c-9a47-ff24715a0622/datanode-0/data/ratis/bea218e6-f44b-4920-ba69-93b00c8a41d6 for RaftStorage:Storage Directory /workdir/hadoop-ozone/ozonefs/target/test-dir/MiniOzoneClusterImpl-3f0ffa95-bfc9-4a1c-9a47-ff24715a0622/datanode-0/data/ratis/bea218e6-f44b-4920-ba69-93b00c8a41d6
2019-09-12 11:40:31,853 [pool-27-thread-1] INFO  server.RaftServerConfigKeys (ConfUtils.java:logGet(43)) - raft.server.log.queue.byte-limit = 2147483647 (custom)
2019-09-12 11:40:31,853 [pool-27-thread-1] INFO  server.RaftServerConfigKeys (ConfUtils.java:logGet(43)) - raft.server.log.queue.element-limit = 1024 (custom)
2019-09-12 11:40:31,853 [pool-27-thread-1] INFO  server.RaftServerConfigKeys (ConfUtils.java:logGet(43)) - raft.server.log.segment.size.max = 1048576 (custom)
2019-09-12 11:40:31,854 [pool-27-thread-1] INFO  server.RaftServerConfigKeys (ConfUtils.java:logGet(43)) - raft.server.log.preallocated.size = 16384 (custom)
2019-09-12 11:40:31,854 [pool-27-thread-1] INFO  server.RaftServerConfigKeys (ConfUtils.java:logGet(43)) - raft.server.log.write.buffer.size = 33554432 (custom)
2019-09-12 11:40:31,854 [pool-27-thread-1] INFO  server.RaftServerConfigKeys (ConfUtils.java:logGet(43)) - raft.server.log.force.sync.num = 128 (default)
2019-09-12 11:40:31,854 [pool-27-thread-1] INFO  server.RaftServerConfigKeys (ConfUtils.java:logGet(43)) - raft.server.log.statemachine.data.sync = true (default)
2019-09-12 11:40:31,854 [pool-27-thread-1] INFO  server.RaftServerConfigKeys (ConfUtils.java:logGet(43)) - raft.server.log.statemachine.data.sync.timeout = 10s (default)
2019-09-12 11:40:31,854 [pool-27-thread-1] INFO  server.RaftServerConfigKeys (ConfUtils.java:logGet(43)) - raft.server.log.statemachine.data.sync.timeout.retry = -1 (default)
2019-09-12 11:40:31,855 [pool-27-thread-1] INFO  server.RaftServerConfigKeys (ConfUtils.java:logGet(43)) - raft.server.log.statemachine.data.caching.enabled = true (custom)
2019-09-12 11:40:31,855 [pool-27-thread-1] INFO  segmented.SegmentedRaftLogWorker (SegmentedRaftLogWorker.java:lambda$new$0(132)) - 5d0352ef-d446-4a04-a69e-b6b493d47759-SegmentedRaftLogWorker:Storage Directory /workdir/hadoop-ozone/ozonefs/target/test-dir/MiniOzoneClusterImpl-3f0ffa95-bfc9-4a1c-9a47-ff24715a0622/datanode-0/data/ratis/bea218e6-f44b-4920-ba69-93b00c8a41d6: flushIndex: setUnconditionally 0 -> -1
2019-09-12 11:40:31,856 [pool-27-thread-1] INFO  server.RaftServerConfigKeys (ConfUtils.java:logGet(43)) - raft.server.snapshot.auto.trigger.enabled = true (custom)
2019-09-12 11:40:31,856 [pool-27-thread-1] INFO  server.RaftServerConfigKeys (ConfUtils.java:logGet(43)) - raft.server.snapshot.auto.trigger.threshold = 10000 (custom)
2019-09-12 11:40:31,856 [pool-27-thread-1] INFO  server.RaftServerConfigKeys (ConfUtils.java:logGet(43)) - raft.server.retrycache.expirytime = 600000ms (custom)
2019-09-12 11:40:31,856 [pool-27-thread-1] INFO  impl.RaftServerImpl (RaftServerImpl.java:start(180)) - 5d0352ef-d446-4a04-a69e-b6b493d47759: start group-93B00C8A41D6
2019-09-12 11:40:31,856 [pool-27-thread-1] INFO  impl.RaftServerImpl (RaftServerImpl.java:setRole(171)) - 5d0352ef-d446-4a04-a69e-b6b493d47759:group-93B00C8A41D6 changes role from null to FOLLOWER at term 0 for startAsFollower
2019-09-12 11:40:31,857 [pool-27-thread-1] INFO  impl.RoleInfo (RoleInfo.java:updateAndGet(143)) - 5d0352ef-d446-4a04-a69e-b6b493d47759: start FollowerState
2019-09-12 11:40:31,857 [pool-27-thread-1] INFO  util.JmxRegister (JmxRegister.java:tryRegister(44)) - Successfully registered JMX Bean with object name Ratis:service=RaftServer,group=group-93B00C8A41D6,id=5d0352ef-d446-4a04-a69e-b6b493d47759
2019-09-12 11:40:31,866 [RatisPipelineUtilsThread] INFO  pipeline.PipelineStateManager (PipelineStateManager.java:addPipeline(56)) - Created pipeline Pipeline[ Id: bea218e6-f44b-4920-ba69-93b00c8a41d6, Nodes: 5d0352ef-d446-4a04-a69e-b6b493d47759{ip: 192.168.157.195, host: pr-hdds-1569-xtfnx-3545843844, networkLocation: /default-rack, certSerialId: null}, Type:RATIS, Factor:ONE, State:OPEN]
2019-09-12 11:40:31,868 [RatisPipelineUtilsThread] ERROR pipeline.PipelinePlacementPolicy (PipelinePlacementPolicy.java:meetCriteria(91)) - Pipeline Placement: Doesn't meet the criteria to be viable node. Heaviness: 6
2019-09-12 11:40:31,883 [grpc-default-executor-0] INFO  impl.RaftServerProxy (RaftServerProxy.java:addNew(89)) - 4255b290-7b6d-420f-97e2-6dfb55690bab: addNew group-0213836593EB:[4255b290-7b6d-420f-97e2-6dfb55690bab:192.168.157.195:45659] returns group-0213836593EB:java.util.concurrent.CompletableFuture@56084a7d[Not completed]
2019-09-12 11:40:31,885 [pool-93-thread-1] INFO  impl.RaftServerImpl (RaftServerImpl.java:<init>(93)) - 4255b290-7b6d-420f-97e2-6dfb55690bab: new RaftServerImpl for group-0213836593EB:[4255b290-7b6d-420f-97e2-6dfb55690bab:192.168.157.195:45659] with ContainerStateMachine:uninitialized
2019-09-12 11:40:31,885 [pool-93-thread-1] INFO  server.RaftServerConfigKeys (ConfUtils.java:logGet(43)) - raft.server.rpc.timeout.min = 5s (custom)
2019-09-12 11:40:31,886 [pool-93-thread-1] INFO  server.RaftServerConfigKeys (ConfUtils.java:logGet(43)) - raft.server.rpc.timeout.max = 5200ms (custom)
2019-09-12 11:40:31,886 [pool-93-thread-1] INFO  server.RaftServerConfigKeys (ConfUtils.java:logGet(43)) - raft.server.rpcslowness.timeout = 120s (custom)
2019-09-12 11:40:31,886 [pool-93-thread-1] INFO  server.RaftServerConfigKeys (ConfUtils.java:logGet(43)) - raft.server.sleep.deviation.threshold = 300 (default)
2019-09-12 11:40:31,886 [pool-93-thread-1] INFO  server.RaftServerConfigKeys (ConfUtils.java:logGet(43)) - raft.server.log.appender.install.snapshot.enabled = false (custom)
2019-09-12 11:40:31,886 [pool-93-thread-1] INFO  impl.RaftServerImpl (ServerState.java:<init>(105)) - 4255b290-7b6d-420f-97e2-6dfb55690bab:group-0213836593EB ConfigurationManager, init=-1: [4255b290-7b6d-420f-97e2-6dfb55690bab:192.168.157.195:45659], old=null, confs=<EMPTY_MAP>
2019-09-12 11:40:31,887 [pool-93-thread-1] INFO  server.RaftServerConfigKeys (ConfUtils.java:logGet(43)) - raft.server.storage.dir = [/workdir/hadoop-ozone/ozonefs/target/test-dir/MiniOzoneClusterImpl-3f0ffa95-bfc9-4a1c-9a47-ff24715a0622/datanode-6/data/ratis] (custom)
2019-09-12 11:40:31,887 [pool-93-thread-1] INFO  storage.RaftStorageDirectory (RaftStorageDirectory.java:analyzeStorage(246)) - The storage directory /workdir/hadoop-ozone/ozonefs/target/test-dir/MiniOzoneClusterImpl-3f0ffa95-bfc9-4a1c-9a47-ff24715a0622/datanode-6/data/ratis/88774c40-bc47-4c1e-a954-0213836593eb does not exist. Creating ...
2019-09-12 11:40:31,901 [pool-93-thread-1] INFO  storage.RaftStorageDirectory (RaftStorageDirectory.java:tryLock(328)) - Lock on /workdir/hadoop-ozone/ozonefs/target/test-dir/MiniOzoneClusterImpl-3f0ffa95-bfc9-4a1c-9a47-ff24715a0622/datanode-6/data/ratis/88774c40-bc47-4c1e-a954-0213836593eb/in_use.lock acquired by nodename 26061@pr-hdds-1569-xtfnx-3545843844
2019-09-12 11:40:31,914 [pool-93-thread-1] INFO  storage.RaftStorage (RaftStorage.java:format(72)) - Storage directory /workdir/hadoop-ozone/ozonefs/target/test-dir/MiniOzoneClusterImpl-3f0ffa95-bfc9-4a1c-9a47-ff24715a0622/datanode-6/data/ratis/88774c40-bc47-4c1e-a954-0213836593eb has been successfully formatted.
2019-09-12 11:40:31,923 [pool-93-thread-1] INFO  ratis.ContainerStateMachine (ContainerStateMachine.java:loadSnapshot(226)) - group-0213836593EB: The snapshot info is null. Setting the last applied indexto:(t:0, i:~)
2019-09-12 11:40:31,923 [pool-93-thread-1] INFO  server.RaftServerConfigKeys (ConfUtils.java:logGet(43)) - raft.server.leader.election.timeout = 120s (custom)
2019-09-12 11:40:31,923 [pool-93-thread-1] INFO  server.RaftServerConfigKeys (ConfUtils.java:logGet(43)) - raft.server.log.use.memory = false (default)
2019-09-12 11:40:31,923 [pool-93-thread-1] INFO  server.RaftServerConfigKeys (ConfUtils.java:logGet(43)) - raft.server.log.purge.gap = 1000000 (custom)
2019-09-12 11:40:31,923 | INFO  | SCMAudit | user=jenkins1000 | ip=192.168.157.195 | op=SEND_HEARTBEAT {datanodeUUID=abc6f9f9-8862-43ee-ac13-b67e1574492b, command=[]} | ret=SUCCESS |  
2019-09-12 11:40:31,923 [pool-93-thread-1] INFO  server.RaftServerConfigKeys (ConfUtils.java:logGet(43)) - raft.server.log.appender.buffer.byte-limit = 33554432 (custom)
2019-09-12 11:40:31,924 [pool-93-thread-1] INFO  server.RaftServerConfigKeys (ConfUtils.java:logGet(43)) - raft.server.log.segment.size.max = 1048576 (custom)
2019-09-12 11:40:31,924 [pool-93-thread-1] INFO  server.RaftServerConfigKeys (ConfUtils.java:logGet(43)) - raft.server.log.segment.cache.num.max = 2 (custom)
2019-09-12 11:40:31,924 [pool-93-thread-1] INFO  segmented.SegmentedRaftLogWorker (SegmentedRaftLogWorker.java:<init>(172)) - new 4255b290-7b6d-420f-97e2-6dfb55690bab-SegmentedRaftLogWorker:Storage Directory /workdir/hadoop-ozone/ozonefs/target/test-dir/MiniOzoneClusterImpl-3f0ffa95-bfc9-4a1c-9a47-ff24715a0622/datanode-6/data/ratis/88774c40-bc47-4c1e-a954-0213836593eb for RaftStorage:Storage Directory /workdir/hadoop-ozone/ozonefs/target/test-dir/MiniOzoneClusterImpl-3f0ffa95-bfc9-4a1c-9a47-ff24715a0622/datanode-6/data/ratis/88774c40-bc47-4c1e-a954-0213836593eb
2019-09-12 11:40:31,924 [pool-93-thread-1] INFO  server.RaftServerConfigKeys (ConfUtils.java:logGet(43)) - raft.server.log.queue.byte-limit = 2147483647 (custom)
2019-09-12 11:40:31,924 [pool-93-thread-1] INFO  server.RaftServerConfigKeys (ConfUtils.java:logGet(43)) - raft.server.log.queue.element-limit = 1024 (custom)
2019-09-12 11:40:31,924 [pool-93-thread-1] INFO  server.RaftServerConfigKeys (ConfUtils.java:logGet(43)) - raft.server.log.segment.size.max = 1048576 (custom)
2019-09-12 11:40:31,925 [pool-93-thread-1] INFO  server.RaftServerConfigKeys (ConfUtils.java:logGet(43)) - raft.server.log.preallocated.size = 16384 (custom)
2019-09-12 11:40:31,926 [pool-93-thread-1] INFO  server.RaftServerConfigKeys (ConfUtils.java:logGet(43)) - raft.server.log.write.buffer.size = 33554432 (custom)
2019-09-12 11:40:31,931 [pool-93-thread-1] INFO  server.RaftServerConfigKeys (ConfUtils.java:logGet(43)) - raft.server.log.force.sync.num = 128 (default)
2019-09-12 11:40:31,931 [pool-93-thread-1] INFO  server.RaftServerConfigKeys (ConfUtils.java:logGet(43)) - raft.server.log.statemachine.data.sync = true (default)
2019-09-12 11:40:31,931 [pool-93-thread-1] INFO  server.RaftServerConfigKeys (ConfUtils.java:logGet(43)) - raft.server.log.statemachine.data.sync.timeout = 10s (default)
2019-09-12 11:40:31,932 [pool-93-thread-1] INFO  server.RaftServerConfigKeys (ConfUtils.java:logGet(43)) - raft.server.log.statemachine.data.sync.timeout.retry = -1 (default)
2019-09-12 11:40:31,932 [pool-93-thread-1] INFO  server.RaftServerConfigKeys (ConfUtils.java:logGet(43)) - raft.server.log.statemachine.data.caching.enabled = true (custom)
2019-09-12 11:40:31,932 [pool-93-thread-1] INFO  segmented.SegmentedRaftLogWorker (SegmentedRaftLogWorker.java:lambda$new$0(132)) - 4255b290-7b6d-420f-97e2-6dfb55690bab-SegmentedRaftLogWorker:Storage Directory /workdir/hadoop-ozone/ozonefs/target/test-dir/MiniOzoneClusterImpl-3f0ffa95-bfc9-4a1c-9a47-ff24715a0622/datanode-6/data/ratis/88774c40-bc47-4c1e-a954-0213836593eb: flushIndex: setUnconditionally 0 -> -1
2019-09-12 11:40:31,932 [pool-93-thread-1] INFO  server.RaftServerConfigKeys (ConfUtils.java:logGet(43)) - raft.server.snapshot.auto.trigger.enabled = true (custom)
2019-09-12 11:40:31,933 [pool-93-thread-1] INFO  server.RaftServerConfigKeys (ConfUtils.java:logGet(43)) - raft.server.snapshot.auto.trigger.threshold = 10000 (custom)
2019-09-12 11:40:31,933 [pool-93-thread-1] INFO  server.RaftServerConfigKeys (ConfUtils.java:logGet(43)) - raft.server.retrycache.expirytime = 600000ms (custom)
2019-09-12 11:40:31,933 [pool-93-thread-1] INFO  impl.RaftServerImpl (RaftServerImpl.java:start(180)) - 4255b290-7b6d-420f-97e2-6dfb55690bab: start group-0213836593EB
2019-09-12 11:40:31,933 [pool-93-thread-1] INFO  impl.RaftServerImpl (RaftServerImpl.java:setRole(171)) - 4255b290-7b6d-420f-97e2-6dfb55690bab:group-0213836593EB changes role from null to FOLLOWER at term 0 for startAsFollower
2019-09-12 11:40:31,933 [pool-93-thread-1] INFO  impl.RoleInfo (RoleInfo.java:updateAndGet(143)) - 4255b290-7b6d-420f-97e2-6dfb55690bab: start FollowerState
2019-09-12 11:40:31,934 [pool-93-thread-1] INFO  util.JmxRegister (JmxRegister.java:tryRegister(44)) - Successfully registered JMX Bean with object name Ratis:service=RaftServer,group=group-0213836593EB,id=4255b290-7b6d-420f-97e2-6dfb55690bab
2019-09-12 11:40:31,941 [RatisPipelineUtilsThread] INFO  pipeline.PipelineStateManager (PipelineStateManager.java:addPipeline(56)) - Created pipeline Pipeline[ Id: 88774c40-bc47-4c1e-a954-0213836593eb, Nodes: 4255b290-7b6d-420f-97e2-6dfb55690bab{ip: 192.168.157.195, host: pr-hdds-1569-xtfnx-3545843844, networkLocation: /default-rack, certSerialId: null}, Type:RATIS, Factor:ONE, State:OPEN]
2019-09-12 11:40:31,943 [RatisPipelineUtilsThread] ERROR pipeline.PipelinePlacementPolicy (PipelinePlacementPolicy.java:meetCriteria(91)) - Pipeline Placement: Doesn't meet the criteria to be viable node. Heaviness: 6
2019-09-12 11:40:31,953 [grpc-default-executor-0] INFO  impl.RaftServerProxy (RaftServerProxy.java:addNew(89)) - abc6f9f9-8862-43ee-ac13-b67e1574492b: addNew group-19162728FDAB:[abc6f9f9-8862-43ee-ac13-b67e1574492b:192.168.157.195:32913] returns group-19162728FDAB:java.util.concurrent.CompletableFuture@26824a04[Not completed]
2019-09-12 11:40:31,955 [pool-49-thread-1] INFO  impl.RaftServerImpl (RaftServerImpl.java:<init>(93)) - abc6f9f9-8862-43ee-ac13-b67e1574492b: new RaftServerImpl for group-19162728FDAB:[abc6f9f9-8862-43ee-ac13-b67e1574492b:192.168.157.195:32913] with ContainerStateMachine:uninitialized
2019-09-12 11:40:31,956 [pool-49-thread-1] INFO  server.RaftServerConfigKeys (ConfUtils.java:logGet(43)) - raft.server.rpc.timeout.min = 5s (custom)
2019-09-12 11:40:31,956 [pool-49-thread-1] INFO  server.RaftServerConfigKeys (ConfUtils.java:logGet(43)) - raft.server.rpc.timeout.max = 5200ms (custom)
2019-09-12 11:40:31,956 [pool-49-thread-1] INFO  server.RaftServerConfigKeys (ConfUtils.java:logGet(43)) - raft.server.rpcslowness.timeout = 120s (custom)
2019-09-12 11:40:31,956 [pool-49-thread-1] INFO  server.RaftServerConfigKeys (ConfUtils.java:logGet(43)) - raft.server.sleep.deviation.threshold = 300 (default)
2019-09-12 11:40:31,956 [pool-49-thread-1] INFO  server.RaftServerConfigKeys (ConfUtils.java:logGet(43)) - raft.server.log.appender.install.snapshot.enabled = false (custom)
2019-09-12 11:40:31,956 [pool-49-thread-1] INFO  impl.RaftServerImpl (ServerState.java:<init>(105)) - abc6f9f9-8862-43ee-ac13-b67e1574492b:group-19162728FDAB ConfigurationManager, init=-1: [abc6f9f9-8862-43ee-ac13-b67e1574492b:192.168.157.195:32913], old=null, confs=<EMPTY_MAP>
2019-09-12 11:40:31,956 [pool-49-thread-1] INFO  server.RaftServerConfigKeys (ConfUtils.java:logGet(43)) - raft.server.storage.dir = [/workdir/hadoop-ozone/ozonefs/target/test-dir/MiniOzoneClusterImpl-3f0ffa95-bfc9-4a1c-9a47-ff24715a0622/datanode-2/data/ratis] (custom)
2019-09-12 11:40:31,957 [pool-49-thread-1] INFO  storage.RaftStorageDirectory (RaftStorageDirectory.java:analyzeStorage(246)) - The storage directory /workdir/hadoop-ozone/ozonefs/target/test-dir/MiniOzoneClusterImpl-3f0ffa95-bfc9-4a1c-9a47-ff24715a0622/datanode-2/data/ratis/c755a7cb-711b-41d8-83af-19162728fdab does not exist. Creating ...
2019-09-12 11:40:31,977 [pool-49-thread-1] INFO  storage.RaftStorageDirectory (RaftStorageDirectory.java:tryLock(328)) - Lock on /workdir/hadoop-ozone/ozonefs/target/test-dir/MiniOzoneClusterImpl-3f0ffa95-bfc9-4a1c-9a47-ff24715a0622/datanode-2/data/ratis/c755a7cb-711b-41d8-83af-19162728fdab/in_use.lock acquired by nodename 26061@pr-hdds-1569-xtfnx-3545843844
2019-09-12 11:40:31,990 [pool-49-thread-1] INFO  storage.RaftStorage (RaftStorage.java:format(72)) - Storage directory /workdir/hadoop-ozone/ozonefs/target/test-dir/MiniOzoneClusterImpl-3f0ffa95-bfc9-4a1c-9a47-ff24715a0622/datanode-2/data/ratis/c755a7cb-711b-41d8-83af-19162728fdab has been successfully formatted.
2019-09-12 11:40:31,990 [pool-49-thread-1] INFO  ratis.ContainerStateMachine (ContainerStateMachine.java:loadSnapshot(226)) - group-19162728FDAB: The snapshot info is null. Setting the last applied indexto:(t:0, i:~)
2019-09-12 11:40:31,991 [pool-49-thread-1] INFO  server.RaftServerConfigKeys (ConfUtils.java:logGet(43)) - raft.server.leader.election.timeout = 120s (custom)
2019-09-12 11:40:31,991 [pool-49-thread-1] INFO  server.RaftServerConfigKeys (ConfUtils.java:logGet(43)) - raft.server.log.use.memory = false (default)
2019-09-12 11:40:31,991 [pool-49-thread-1] INFO  server.RaftServerConfigKeys (ConfUtils.java:logGet(43)) - raft.server.log.purge.gap = 1000000 (custom)
2019-09-12 11:40:31,991 [pool-49-thread-1] INFO  server.RaftServerConfigKeys (ConfUtils.java:logGet(43)) - raft.server.log.appender.buffer.byte-limit = 33554432 (custom)
2019-09-12 11:40:31,991 [pool-49-thread-1] INFO  server.RaftServerConfigKeys (ConfUtils.java:logGet(43)) - raft.server.log.segment.size.max = 1048576 (custom)
2019-09-12 11:40:31,992 [pool-49-thread-1] INFO  server.RaftServerConfigKeys (ConfUtils.java:logGet(43)) - raft.server.log.segment.cache.num.max = 2 (custom)
2019-09-12 11:40:31,992 [pool-49-thread-1] INFO  segmented.SegmentedRaftLogWorker (SegmentedRaftLogWorker.java:<init>(172)) - new abc6f9f9-8862-43ee-ac13-b67e1574492b-SegmentedRaftLogWorker:Storage Directory /workdir/hadoop-ozone/ozonefs/target/test-dir/MiniOzoneClusterImpl-3f0ffa95-bfc9-4a1c-9a47-ff24715a0622/datanode-2/data/ratis/c755a7cb-711b-41d8-83af-19162728fdab for RaftStorage:Storage Directory /workdir/hadoop-ozone/ozonefs/target/test-dir/MiniOzoneClusterImpl-3f0ffa95-bfc9-4a1c-9a47-ff24715a0622/datanode-2/data/ratis/c755a7cb-711b-41d8-83af-19162728fdab
2019-09-12 11:40:31,992 [pool-49-thread-1] INFO  server.RaftServerConfigKeys (ConfUtils.java:logGet(43)) - raft.server.log.queue.byte-limit = 2147483647 (custom)
2019-09-12 11:40:31,992 [pool-49-thread-1] INFO  server.RaftServerConfigKeys (ConfUtils.java:logGet(43)) - raft.server.log.queue.element-limit = 1024 (custom)
2019-09-12 11:40:31,993 [pool-49-thread-1] INFO  server.RaftServerConfigKeys (ConfUtils.java:logGet(43)) - raft.server.log.segment.size.max = 1048576 (custom)
2019-09-12 11:40:31,993 [pool-49-thread-1] INFO  server.RaftServerConfigKeys (ConfUtils.java:logGet(43)) - raft.server.log.preallocated.size = 16384 (custom)
2019-09-12 11:40:31,993 [pool-49-thread-1] INFO  server.RaftServerConfigKeys (ConfUtils.java:logGet(43)) - raft.server.log.write.buffer.size = 33554432 (custom)
2019-09-12 11:40:31,998 [pool-49-thread-1] INFO  server.RaftServerConfigKeys (ConfUtils.java:logGet(43)) - raft.server.log.force.sync.num = 128 (default)
2019-09-12 11:40:31,998 [pool-49-thread-1] INFO  server.RaftServerConfigKeys (ConfUtils.java:logGet(43)) - raft.server.log.statemachine.data.sync = true (default)
2019-09-12 11:40:31,998 [pool-49-thread-1] INFO  server.RaftServerConfigKeys (ConfUtils.java:logGet(43)) - raft.server.log.statemachine.data.sync.timeout = 10s (default)
2019-09-12 11:40:31,998 [pool-49-thread-1] INFO  server.RaftServerConfigKeys (ConfUtils.java:logGet(43)) - raft.server.log.statemachine.data.sync.timeout.retry = -1 (default)
2019-09-12 11:40:31,998 | INFO  | SCMAudit | user=jenkins1000 | ip=192.168.157.195 | op=SEND_HEARTBEAT {datanodeUUID=4255b290-7b6d-420f-97e2-6dfb55690bab, command=[]} | ret=SUCCESS |  
2019-09-12 11:40:31,999 [pool-49-thread-1] INFO  server.RaftServerConfigKeys (ConfUtils.java:logGet(43)) - raft.server.log.statemachine.data.caching.enabled = true (custom)
2019-09-12 11:40:31,999 [pool-49-thread-1] INFO  segmented.SegmentedRaftLogWorker (SegmentedRaftLogWorker.java:lambda$new$0(132)) - abc6f9f9-8862-43ee-ac13-b67e1574492b-SegmentedRaftLogWorker:Storage Directory /workdir/hadoop-ozone/ozonefs/target/test-dir/MiniOzoneClusterImpl-3f0ffa95-bfc9-4a1c-9a47-ff24715a0622/datanode-2/data/ratis/c755a7cb-711b-41d8-83af-19162728fdab: flushIndex: setUnconditionally 0 -> -1
2019-09-12 11:40:31,999 [pool-49-thread-1] INFO  server.RaftServerConfigKeys (ConfUtils.java:logGet(43)) - raft.server.snapshot.auto.trigger.enabled = true (custom)
2019-09-12 11:40:31,999 [pool-49-thread-1] INFO  server.RaftServerConfigKeys (ConfUtils.java:logGet(43)) - raft.server.snapshot.auto.trigger.threshold = 10000 (custom)
2019-09-12 11:40:32,000 [pool-49-thread-1] INFO  server.RaftServerConfigKeys (ConfUtils.java:logGet(43)) - raft.server.retrycache.expirytime = 600000ms (custom)
2019-09-12 11:40:32,000 [pool-49-thread-1] INFO  impl.RaftServerImpl (RaftServerImpl.java:start(180)) - abc6f9f9-8862-43ee-ac13-b67e1574492b: start group-19162728FDAB
2019-09-12 11:40:32,000 [pool-49-thread-1] INFO  impl.RaftServerImpl (RaftServerImpl.java:setRole(171)) - abc6f9f9-8862-43ee-ac13-b67e1574492b:group-19162728FDAB changes role from null to FOLLOWER at term 0 for startAsFollower
2019-09-12 11:40:32,000 [pool-49-thread-1] INFO  impl.RoleInfo (RoleInfo.java:updateAndGet(143)) - abc6f9f9-8862-43ee-ac13-b67e1574492b: start FollowerState
2019-09-12 11:40:32,001 [pool-49-thread-1] INFO  util.JmxRegister (JmxRegister.java:tryRegister(44)) - Successfully registered JMX Bean with object name Ratis:service=RaftServer,group=group-19162728FDAB,id=abc6f9f9-8862-43ee-ac13-b67e1574492b
2019-09-12 11:40:32,008 [RatisPipelineUtilsThread] INFO  pipeline.PipelineStateManager (PipelineStateManager.java:addPipeline(56)) - Created pipeline Pipeline[ Id: c755a7cb-711b-41d8-83af-19162728fdab, Nodes: abc6f9f9-8862-43ee-ac13-b67e1574492b{ip: 192.168.157.195, host: pr-hdds-1569-xtfnx-3545843844, networkLocation: /default-rack, certSerialId: null}, Type:RATIS, Factor:ONE, State:OPEN]
2019-09-12 11:40:32,015 [RatisPipelineUtilsThread] ERROR pipeline.PipelinePlacementPolicy (PipelinePlacementPolicy.java:meetCriteria(91)) - Pipeline Placement: Doesn't meet the criteria to be viable node. Heaviness: 6
2019-09-12 11:40:32,030 [grpc-default-executor-0] INFO  impl.RaftServerProxy (RaftServerProxy.java:addNew(89)) - b5e361a7-9275-4b10-aa61-1d8677ab7c49: addNew group-C50009447075:[b5e361a7-9275-4b10-aa61-1d8677ab7c49:192.168.157.195:40278] returns group-C50009447075:java.util.concurrent.CompletableFuture@2320c945[Not completed]
2019-09-12 11:40:32,043 [pool-115-thread-1] INFO  impl.RaftServerImpl (RaftServerImpl.java:<init>(93)) - b5e361a7-9275-4b10-aa61-1d8677ab7c49: new RaftServerImpl for group-C50009447075:[b5e361a7-9275-4b10-aa61-1d8677ab7c49:192.168.157.195:40278] with ContainerStateMachine:uninitialized
2019-09-12 11:40:32,044 [pool-115-thread-1] INFO  server.RaftServerConfigKeys (ConfUtils.java:logGet(43)) - raft.server.rpc.timeout.min = 5s (custom)
2019-09-12 11:40:32,044 [pool-115-thread-1] INFO  server.RaftServerConfigKeys (ConfUtils.java:logGet(43)) - raft.server.rpc.timeout.max = 5200ms (custom)
2019-09-12 11:40:32,044 [pool-115-thread-1] INFO  server.RaftServerConfigKeys (ConfUtils.java:logGet(43)) - raft.server.rpcslowness.timeout = 120s (custom)
2019-09-12 11:40:32,044 [pool-115-thread-1] INFO  server.RaftServerConfigKeys (ConfUtils.java:logGet(43)) - raft.server.sleep.deviation.threshold = 300 (default)
2019-09-12 11:40:32,044 [pool-115-thread-1] INFO  server.RaftServerConfigKeys (ConfUtils.java:logGet(43)) - raft.server.log.appender.install.snapshot.enabled = false (custom)
2019-09-12 11:40:32,045 [pool-115-thread-1] INFO  impl.RaftServerImpl (ServerState.java:<init>(105)) - b5e361a7-9275-4b10-aa61-1d8677ab7c49:group-C50009447075 ConfigurationManager, init=-1: [b5e361a7-9275-4b10-aa61-1d8677ab7c49:192.168.157.195:40278], old=null, confs=<EMPTY_MAP>
2019-09-12 11:40:32,045 [pool-115-thread-1] INFO  server.RaftServerConfigKeys (ConfUtils.java:logGet(43)) - raft.server.storage.dir = [/workdir/hadoop-ozone/ozonefs/target/test-dir/MiniOzoneClusterImpl-3f0ffa95-bfc9-4a1c-9a47-ff24715a0622/datanode-8/data/ratis] (custom)
2019-09-12 11:40:32,045 [pool-115-thread-1] INFO  storage.RaftStorageDirectory (RaftStorageDirectory.java:analyzeStorage(246)) - The storage directory /workdir/hadoop-ozone/ozonefs/target/test-dir/MiniOzoneClusterImpl-3f0ffa95-bfc9-4a1c-9a47-ff24715a0622/datanode-8/data/ratis/1c4c53ad-dafe-4659-8e38-c50009447075 does not exist. Creating ...
2019-09-12 11:40:32,058 [pool-115-thread-1] INFO  storage.RaftStorageDirectory (RaftStorageDirectory.java:tryLock(328)) - Lock on /workdir/hadoop-ozone/ozonefs/target/test-dir/MiniOzoneClusterImpl-3f0ffa95-bfc9-4a1c-9a47-ff24715a0622/datanode-8/data/ratis/1c4c53ad-dafe-4659-8e38-c50009447075/in_use.lock acquired by nodename 26061@pr-hdds-1569-xtfnx-3545843844
2019-09-12 11:40:32,071 [pool-115-thread-1] INFO  storage.RaftStorage (RaftStorage.java:format(72)) - Storage directory /workdir/hadoop-ozone/ozonefs/target/test-dir/MiniOzoneClusterImpl-3f0ffa95-bfc9-4a1c-9a47-ff24715a0622/datanode-8/data/ratis/1c4c53ad-dafe-4659-8e38-c50009447075 has been successfully formatted.
2019-09-12 11:40:32,072 [pool-115-thread-1] INFO  ratis.ContainerStateMachine (ContainerStateMachine.java:loadSnapshot(226)) - group-C50009447075: The snapshot info is null. Setting the last applied indexto:(t:0, i:~)
2019-09-12 11:40:32,072 [pool-115-thread-1] INFO  server.RaftServerConfigKeys (ConfUtils.java:logGet(43)) - raft.server.leader.election.timeout = 120s (custom)
2019-09-12 11:40:32,072 [pool-115-thread-1] INFO  server.RaftServerConfigKeys (ConfUtils.java:logGet(43)) - raft.server.log.use.memory = false (default)
2019-09-12 11:40:32,072 [pool-115-thread-1] INFO  server.RaftServerConfigKeys (ConfUtils.java:logGet(43)) - raft.server.log.purge.gap = 1000000 (custom)
2019-09-12 11:40:32,072 [pool-115-thread-1] INFO  server.RaftServerConfigKeys (ConfUtils.java:logGet(43)) - raft.server.log.appender.buffer.byte-limit = 33554432 (custom)
2019-09-12 11:40:32,073 [pool-115-thread-1] INFO  server.RaftServerConfigKeys (ConfUtils.java:logGet(43)) - raft.server.log.segment.size.max = 1048576 (custom)
2019-09-12 11:40:32,073 [pool-115-thread-1] INFO  server.RaftServerConfigKeys (ConfUtils.java:logGet(43)) - raft.server.log.segment.cache.num.max = 2 (custom)
2019-09-12 11:40:32,073 [pool-115-thread-1] INFO  segmented.SegmentedRaftLogWorker (SegmentedRaftLogWorker.java:<init>(172)) - new b5e361a7-9275-4b10-aa61-1d8677ab7c49-SegmentedRaftLogWorker:Storage Directory /workdir/hadoop-ozone/ozonefs/target/test-dir/MiniOzoneClusterImpl-3f0ffa95-bfc9-4a1c-9a47-ff24715a0622/datanode-8/data/ratis/1c4c53ad-dafe-4659-8e38-c50009447075 for RaftStorage:Storage Directory /workdir/hadoop-ozone/ozonefs/target/test-dir/MiniOzoneClusterImpl-3f0ffa95-bfc9-4a1c-9a47-ff24715a0622/datanode-8/data/ratis/1c4c53ad-dafe-4659-8e38-c50009447075
2019-09-12 11:40:32,074 [pool-115-thread-1] INFO  server.RaftServerConfigKeys (ConfUtils.java:logGet(43)) - raft.server.log.queue.byte-limit = 2147483647 (custom)
2019-09-12 11:40:32,074 [pool-115-thread-1] INFO  server.RaftServerConfigKeys (ConfUtils.java:logGet(43)) - raft.server.log.queue.element-limit = 1024 (custom)
2019-09-12 11:40:32,074 [pool-115-thread-1] INFO  server.RaftServerConfigKeys (ConfUtils.java:logGet(43)) - raft.server.log.segment.size.max = 1048576 (custom)
2019-09-12 11:40:32,075 [pool-115-thread-1] INFO  server.RaftServerConfigKeys (ConfUtils.java:logGet(43)) - raft.server.log.preallocated.size = 16384 (custom)
2019-09-12 11:40:32,075 [pool-115-thread-1] INFO  server.RaftServerConfigKeys (ConfUtils.java:logGet(43)) - raft.server.log.write.buffer.size = 33554432 (custom)
2019-09-12 11:40:32,075 [pool-115-thread-1] INFO  server.RaftServerConfigKeys (ConfUtils.java:logGet(43)) - raft.server.log.force.sync.num = 128 (default)
2019-09-12 11:40:32,075 [pool-115-thread-1] INFO  server.RaftServerConfigKeys (ConfUtils.java:logGet(43)) - raft.server.log.statemachine.data.sync = true (default)
2019-09-12 11:40:32,075 [pool-115-thread-1] INFO  server.RaftServerConfigKeys (ConfUtils.java:logGet(43)) - raft.server.log.statemachine.data.sync.timeout = 10s (default)
2019-09-12 11:40:32,076 [pool-115-thread-1] INFO  server.RaftServerConfigKeys (ConfUtils.java:logGet(43)) - raft.server.log.statemachine.data.sync.timeout.retry = -1 (default)
2019-09-12 11:40:32,076 [pool-115-thread-1] INFO  server.RaftServerConfigKeys (ConfUtils.java:logGet(43)) - raft.server.log.statemachine.data.caching.enabled = true (custom)
2019-09-12 11:40:32,077 [pool-115-thread-1] INFO  segmented.SegmentedRaftLogWorker (SegmentedRaftLogWorker.java:lambda$new$0(132)) - b5e361a7-9275-4b10-aa61-1d8677ab7c49-SegmentedRaftLogWorker:Storage Directory /workdir/hadoop-ozone/ozonefs/target/test-dir/MiniOzoneClusterImpl-3f0ffa95-bfc9-4a1c-9a47-ff24715a0622/datanode-8/data/ratis/1c4c53ad-dafe-4659-8e38-c50009447075: flushIndex: setUnconditionally 0 -> -1
2019-09-12 11:40:32,077 [pool-115-thread-1] INFO  server.RaftServerConfigKeys (ConfUtils.java:logGet(43)) - raft.server.snapshot.auto.trigger.enabled = true (custom)
2019-09-12 11:40:32,077 [pool-115-thread-1] INFO  server.RaftServerConfigKeys (ConfUtils.java:logGet(43)) - raft.server.snapshot.auto.trigger.threshold = 10000 (custom)
2019-09-12 11:40:32,077 [pool-115-thread-1] INFO  server.RaftServerConfigKeys (ConfUtils.java:logGet(43)) - raft.server.retrycache.expirytime = 600000ms (custom)
2019-09-12 11:40:32,078 [pool-115-thread-1] INFO  impl.RaftServerImpl (RaftServerImpl.java:start(180)) - b5e361a7-9275-4b10-aa61-1d8677ab7c49: start group-C50009447075
2019-09-12 11:40:32,078 [pool-115-thread-1] INFO  impl.RaftServerImpl (RaftServerImpl.java:setRole(171)) - b5e361a7-9275-4b10-aa61-1d8677ab7c49:group-C50009447075 changes role from null to FOLLOWER at term 0 for startAsFollower
2019-09-12 11:40:32,078 [pool-115-thread-1] INFO  impl.RoleInfo (RoleInfo.java:updateAndGet(143)) - b5e361a7-9275-4b10-aa61-1d8677ab7c49: start FollowerState
2019-09-12 11:40:32,079 [pool-115-thread-1] INFO  util.JmxRegister (JmxRegister.java:tryRegister(44)) - Successfully registered JMX Bean with object name Ratis:service=RaftServer,group=group-C50009447075,id=b5e361a7-9275-4b10-aa61-1d8677ab7c49
2019-09-12 11:40:32,086 [RatisPipelineUtilsThread] INFO  pipeline.PipelineStateManager (PipelineStateManager.java:addPipeline(56)) - Created pipeline Pipeline[ Id: 1c4c53ad-dafe-4659-8e38-c50009447075, Nodes: b5e361a7-9275-4b10-aa61-1d8677ab7c49{ip: 192.168.157.195, host: pr-hdds-1569-xtfnx-3545843844, networkLocation: /default-rack, certSerialId: null}, Type:RATIS, Factor:ONE, State:OPEN]
2019-09-12 11:40:32,089 [RatisPipelineUtilsThread] ERROR pipeline.PipelinePlacementPolicy (PipelinePlacementPolicy.java:meetCriteria(91)) - Pipeline Placement: Doesn't meet the criteria to be viable node. Heaviness: 6
2019-09-12 11:40:32,102 [grpc-default-executor-0] INFO  impl.RaftServerProxy (RaftServerProxy.java:addNew(89)) - 2da31971-fd5c-4baf-8dfe-b6048362baf8: addNew group-2719F2740861:[2da31971-fd5c-4baf-8dfe-b6048362baf8:192.168.157.195:36166] returns group-2719F2740861:java.util.concurrent.CompletableFuture@62bd8084[Not completed]
2019-09-12 11:40:32,104 [pool-38-thread-1] INFO  impl.RaftServerImpl (RaftServerImpl.java:<init>(93)) - 2da31971-fd5c-4baf-8dfe-b6048362baf8: new RaftServerImpl for group-2719F2740861:[2da31971-fd5c-4baf-8dfe-b6048362baf8:192.168.157.195:36166] with ContainerStateMachine:uninitialized
2019-09-12 11:40:32,104 [pool-38-thread-1] INFO  server.RaftServerConfigKeys (ConfUtils.java:logGet(43)) - raft.server.rpc.timeout.min = 5s (custom)
2019-09-12 11:40:32,104 [pool-38-thread-1] INFO  server.RaftServerConfigKeys (ConfUtils.java:logGet(43)) - raft.server.rpc.timeout.max = 5200ms (custom)
2019-09-12 11:40:32,104 [pool-38-thread-1] INFO  server.RaftServerConfigKeys (ConfUtils.java:logGet(43)) - raft.server.rpcslowness.timeout = 120s (custom)
2019-09-12 11:40:32,105 [pool-38-thread-1] INFO  server.RaftServerConfigKeys (ConfUtils.java:logGet(43)) - raft.server.sleep.deviation.threshold = 300 (default)
2019-09-12 11:40:32,105 [pool-38-thread-1] INFO  server.RaftServerConfigKeys (ConfUtils.java:logGet(43)) - raft.server.log.appender.install.snapshot.enabled = false (custom)
2019-09-12 11:40:32,105 [pool-38-thread-1] INFO  impl.RaftServerImpl (ServerState.java:<init>(105)) - 2da31971-fd5c-4baf-8dfe-b6048362baf8:group-2719F2740861 ConfigurationManager, init=-1: [2da31971-fd5c-4baf-8dfe-b6048362baf8:192.168.157.195:36166], old=null, confs=<EMPTY_MAP>
2019-09-12 11:40:32,105 [pool-38-thread-1] INFO  server.RaftServerConfigKeys (ConfUtils.java:logGet(43)) - raft.server.storage.dir = [/workdir/hadoop-ozone/ozonefs/target/test-dir/MiniOzoneClusterImpl-3f0ffa95-bfc9-4a1c-9a47-ff24715a0622/datanode-1/data/ratis] (custom)
2019-09-12 11:40:32,105 [pool-38-thread-1] INFO  storage.RaftStorageDirectory (RaftStorageDirectory.java:analyzeStorage(246)) - The storage directory /workdir/hadoop-ozone/ozonefs/target/test-dir/MiniOzoneClusterImpl-3f0ffa95-bfc9-4a1c-9a47-ff24715a0622/datanode-1/data/ratis/9a475d44-0a9d-4eb5-b428-2719f2740861 does not exist. Creating ...
2019-09-12 11:40:32,118 [pool-38-thread-1] INFO  storage.RaftStorageDirectory (RaftStorageDirectory.java:tryLock(328)) - Lock on /workdir/hadoop-ozone/ozonefs/target/test-dir/MiniOzoneClusterImpl-3f0ffa95-bfc9-4a1c-9a47-ff24715a0622/datanode-1/data/ratis/9a475d44-0a9d-4eb5-b428-2719f2740861/in_use.lock acquired by nodename 26061@pr-hdds-1569-xtfnx-3545843844
2019-09-12 11:40:32,139 [pool-38-thread-1] INFO  storage.RaftStorage (RaftStorage.java:format(72)) - Storage directory /workdir/hadoop-ozone/ozonefs/target/test-dir/MiniOzoneClusterImpl-3f0ffa95-bfc9-4a1c-9a47-ff24715a0622/datanode-1/data/ratis/9a475d44-0a9d-4eb5-b428-2719f2740861 has been successfully formatted.
2019-09-12 11:40:32,139 [pool-38-thread-1] INFO  ratis.ContainerStateMachine (ContainerStateMachine.java:loadSnapshot(226)) - group-2719F2740861: The snapshot info is null. Setting the last applied indexto:(t:0, i:~)
2019-09-12 11:40:32,139 [pool-38-thread-1] INFO  server.RaftServerConfigKeys (ConfUtils.java:logGet(43)) - raft.server.leader.election.timeout = 120s (custom)
2019-09-12 11:40:32,140 [pool-38-thread-1] INFO  server.RaftServerConfigKeys (ConfUtils.java:logGet(43)) - raft.server.log.use.memory = false (default)
2019-09-12 11:40:32,140 [pool-38-thread-1] INFO  server.RaftServerConfigKeys (ConfUtils.java:logGet(43)) - raft.server.log.purge.gap = 1000000 (custom)
2019-09-12 11:40:32,140 [pool-38-thread-1] INFO  server.RaftServerConfigKeys (ConfUtils.java:logGet(43)) - raft.server.log.appender.buffer.byte-limit = 33554432 (custom)
2019-09-12 11:40:32,140 [pool-38-thread-1] INFO  server.RaftServerConfigKeys (ConfUtils.java:logGet(43)) - raft.server.log.segment.size.max = 1048576 (custom)
2019-09-12 11:40:32,140 [pool-38-thread-1] INFO  server.RaftServerConfigKeys (ConfUtils.java:logGet(43)) - raft.server.log.segment.cache.num.max = 2 (custom)
2019-09-12 11:40:32,140 [pool-38-thread-1] INFO  segmented.SegmentedRaftLogWorker (SegmentedRaftLogWorker.java:<init>(172)) - new 2da31971-fd5c-4baf-8dfe-b6048362baf8-SegmentedRaftLogWorker:Storage Directory /workdir/hadoop-ozone/ozonefs/target/test-dir/MiniOzoneClusterImpl-3f0ffa95-bfc9-4a1c-9a47-ff24715a0622/datanode-1/data/ratis/9a475d44-0a9d-4eb5-b428-2719f2740861 for RaftStorage:Storage Directory /workdir/hadoop-ozone/ozonefs/target/test-dir/MiniOzoneClusterImpl-3f0ffa95-bfc9-4a1c-9a47-ff24715a0622/datanode-1/data/ratis/9a475d44-0a9d-4eb5-b428-2719f2740861
2019-09-12 11:40:32,141 [pool-38-thread-1] INFO  server.RaftServerConfigKeys (ConfUtils.java:logGet(43)) - raft.server.log.queue.byte-limit = 2147483647 (custom)
2019-09-12 11:40:32,141 [pool-38-thread-1] INFO  server.RaftServerConfigKeys (ConfUtils.java:logGet(43)) - raft.server.log.queue.element-limit = 1024 (custom)
2019-09-12 11:40:32,141 [pool-38-thread-1] INFO  server.RaftServerConfigKeys (ConfUtils.java:logGet(43)) - raft.server.log.segment.size.max = 1048576 (custom)
2019-09-12 11:40:32,141 [pool-38-thread-1] INFO  server.RaftServerConfigKeys (ConfUtils.java:logGet(43)) - raft.server.log.preallocated.size = 16384 (custom)
2019-09-12 11:40:32,141 [pool-38-thread-1] INFO  server.RaftServerConfigKeys (ConfUtils.java:logGet(43)) - raft.server.log.write.buffer.size = 33554432 (custom)
2019-09-12 11:40:32,141 [pool-38-thread-1] INFO  server.RaftServerConfigKeys (ConfUtils.java:logGet(43)) - raft.server.log.force.sync.num = 128 (default)
2019-09-12 11:40:32,141 [pool-38-thread-1] INFO  server.RaftServerConfigKeys (ConfUtils.java:logGet(43)) - raft.server.log.statemachine.data.sync = true (default)
2019-09-12 11:40:32,142 [pool-38-thread-1] INFO  server.RaftServerConfigKeys (ConfUtils.java:logGet(43)) - raft.server.log.statemachine.data.sync.timeout = 10s (default)
2019-09-12 11:40:32,142 [pool-38-thread-1] INFO  server.RaftServerConfigKeys (ConfUtils.java:logGet(43)) - raft.server.log.statemachine.data.sync.timeout.retry = -1 (default)
2019-09-12 11:40:32,142 [pool-38-thread-1] INFO  server.RaftServerConfigKeys (ConfUtils.java:logGet(43)) - raft.server.log.statemachine.data.caching.enabled = true (custom)
2019-09-12 11:40:32,142 [pool-38-thread-1] INFO  segmented.SegmentedRaftLogWorker (SegmentedRaftLogWorker.java:lambda$new$0(132)) - 2da31971-fd5c-4baf-8dfe-b6048362baf8-SegmentedRaftLogWorker:Storage Directory /workdir/hadoop-ozone/ozonefs/target/test-dir/MiniOzoneClusterImpl-3f0ffa95-bfc9-4a1c-9a47-ff24715a0622/datanode-1/data/ratis/9a475d44-0a9d-4eb5-b428-2719f2740861: flushIndex: setUnconditionally 0 -> -1
2019-09-12 11:40:32,143 [pool-38-thread-1] INFO  server.RaftServerConfigKeys (ConfUtils.java:logGet(43)) - raft.server.snapshot.auto.trigger.enabled = true (custom)
2019-09-12 11:40:32,143 [pool-38-thread-1] INFO  server.RaftServerConfigKeys (ConfUtils.java:logGet(43)) - raft.server.snapshot.auto.trigger.threshold = 10000 (custom)
2019-09-12 11:40:32,143 [pool-38-thread-1] INFO  server.RaftServerConfigKeys (ConfUtils.java:logGet(43)) - raft.server.retrycache.expirytime = 600000ms (custom)
2019-09-12 11:40:32,143 [pool-38-thread-1] INFO  impl.RaftServerImpl (RaftServerImpl.java:start(180)) - 2da31971-fd5c-4baf-8dfe-b6048362baf8: start group-2719F2740861
2019-09-12 11:40:32,143 [pool-38-thread-1] INFO  impl.RaftServerImpl (RaftServerImpl.java:setRole(171)) - 2da31971-fd5c-4baf-8dfe-b6048362baf8:group-2719F2740861 changes role from null to FOLLOWER at term 0 for startAsFollower
2019-09-12 11:40:32,144 [pool-38-thread-1] INFO  impl.RoleInfo (RoleInfo.java:updateAndGet(143)) - 2da31971-fd5c-4baf-8dfe-b6048362baf8: start FollowerState
2019-09-12 11:40:32,144 [pool-38-thread-1] INFO  util.JmxRegister (JmxRegister.java:tryRegister(44)) - Successfully registered JMX Bean with object name Ratis:service=RaftServer,group=group-2719F2740861,id=2da31971-fd5c-4baf-8dfe-b6048362baf8
2019-09-12 11:40:32,150 [RatisPipelineUtilsThread] INFO  pipeline.PipelineStateManager (PipelineStateManager.java:addPipeline(56)) - Created pipeline Pipeline[ Id: 9a475d44-0a9d-4eb5-b428-2719f2740861, Nodes: 2da31971-fd5c-4baf-8dfe-b6048362baf8{ip: 192.168.157.195, host: pr-hdds-1569-xtfnx-3545843844, networkLocation: /default-rack, certSerialId: null}, Type:RATIS, Factor:ONE, State:OPEN]
2019-09-12 11:40:32,153 [RatisPipelineUtilsThread] ERROR pipeline.PipelinePlacementPolicy (PipelinePlacementPolicy.java:meetCriteria(91)) - Pipeline Placement: Doesn't meet the criteria to be viable node. Heaviness: 6
2019-09-12 11:40:32,165 [grpc-default-executor-0] INFO  impl.RaftServerProxy (RaftServerProxy.java:addNew(89)) - ef411258-a662-4696-ba26-405a55c9a048: addNew group-F22603D92D11:[ef411258-a662-4696-ba26-405a55c9a048:192.168.157.195:37970] returns group-F22603D92D11:java.util.concurrent.CompletableFuture@591351c7[Not completed]
2019-09-12 11:40:32,167 [pool-71-thread-1] INFO  impl.RaftServerImpl (RaftServerImpl.java:<init>(93)) - ef411258-a662-4696-ba26-405a55c9a048: new RaftServerImpl for group-F22603D92D11:[ef411258-a662-4696-ba26-405a55c9a048:192.168.157.195:37970] with ContainerStateMachine:uninitialized
2019-09-12 11:40:32,167 [pool-71-thread-1] INFO  server.RaftServerConfigKeys (ConfUtils.java:logGet(43)) - raft.server.rpc.timeout.min = 5s (custom)
2019-09-12 11:40:32,167 [pool-71-thread-1] INFO  server.RaftServerConfigKeys (ConfUtils.java:logGet(43)) - raft.server.rpc.timeout.max = 5200ms (custom)
2019-09-12 11:40:32,167 [pool-71-thread-1] INFO  server.RaftServerConfigKeys (ConfUtils.java:logGet(43)) - raft.server.rpcslowness.timeout = 120s (custom)
2019-09-12 11:40:32,168 [pool-71-thread-1] INFO  server.RaftServerConfigKeys (ConfUtils.java:logGet(43)) - raft.server.sleep.deviation.threshold = 300 (default)
2019-09-12 11:40:32,168 [pool-71-thread-1] INFO  server.RaftServerConfigKeys (ConfUtils.java:logGet(43)) - raft.server.log.appender.install.snapshot.enabled = false (custom)
2019-09-12 11:40:32,168 [pool-71-thread-1] INFO  impl.RaftServerImpl (ServerState.java:<init>(105)) - ef411258-a662-4696-ba26-405a55c9a048:group-F22603D92D11 ConfigurationManager, init=-1: [ef411258-a662-4696-ba26-405a55c9a048:192.168.157.195:37970], old=null, confs=<EMPTY_MAP>
2019-09-12 11:40:32,168 [pool-71-thread-1] INFO  server.RaftServerConfigKeys (ConfUtils.java:logGet(43)) - raft.server.storage.dir = [/workdir/hadoop-ozone/ozonefs/target/test-dir/MiniOzoneClusterImpl-3f0ffa95-bfc9-4a1c-9a47-ff24715a0622/datanode-4/data/ratis] (custom)
2019-09-12 11:40:32,169 [pool-71-thread-1] INFO  storage.RaftStorageDirectory (RaftStorageDirectory.java:analyzeStorage(246)) - The storage directory /workdir/hadoop-ozone/ozonefs/target/test-dir/MiniOzoneClusterImpl-3f0ffa95-bfc9-4a1c-9a47-ff24715a0622/datanode-4/data/ratis/0745cfff-62cb-4888-948d-f22603d92d11 does not exist. Creating ...
2019-09-12 11:40:32,181 [pool-71-thread-1] INFO  storage.RaftStorageDirectory (RaftStorageDirectory.java:tryLock(328)) - Lock on /workdir/hadoop-ozone/ozonefs/target/test-dir/MiniOzoneClusterImpl-3f0ffa95-bfc9-4a1c-9a47-ff24715a0622/datanode-4/data/ratis/0745cfff-62cb-4888-948d-f22603d92d11/in_use.lock acquired by nodename 26061@pr-hdds-1569-xtfnx-3545843844
2019-09-12 11:40:32,196 [pool-71-thread-1] INFO  storage.RaftStorage (RaftStorage.java:format(72)) - Storage directory /workdir/hadoop-ozone/ozonefs/target/test-dir/MiniOzoneClusterImpl-3f0ffa95-bfc9-4a1c-9a47-ff24715a0622/datanode-4/data/ratis/0745cfff-62cb-4888-948d-f22603d92d11 has been successfully formatted.
2019-09-12 11:40:32,196 [pool-71-thread-1] INFO  ratis.ContainerStateMachine (ContainerStateMachine.java:loadSnapshot(226)) - group-F22603D92D11: The snapshot info is null. Setting the last applied indexto:(t:0, i:~)
2019-09-12 11:40:32,196 [pool-71-thread-1] INFO  server.RaftServerConfigKeys (ConfUtils.java:logGet(43)) - raft.server.leader.election.timeout = 120s (custom)
2019-09-12 11:40:32,197 [pool-71-thread-1] INFO  server.RaftServerConfigKeys (ConfUtils.java:logGet(43)) - raft.server.log.use.memory = false (default)
2019-09-12 11:40:32,197 [pool-71-thread-1] INFO  server.RaftServerConfigKeys (ConfUtils.java:logGet(43)) - raft.server.log.purge.gap = 1000000 (custom)
2019-09-12 11:40:32,197 [pool-71-thread-1] INFO  server.RaftServerConfigKeys (ConfUtils.java:logGet(43)) - raft.server.log.appender.buffer.byte-limit = 33554432 (custom)
2019-09-12 11:40:32,197 [pool-71-thread-1] INFO  server.RaftServerConfigKeys (ConfUtils.java:logGet(43)) - raft.server.log.segment.size.max = 1048576 (custom)
2019-09-12 11:40:32,197 [pool-71-thread-1] INFO  server.RaftServerConfigKeys (ConfUtils.java:logGet(43)) - raft.server.log.segment.cache.num.max = 2 (custom)
2019-09-12 11:40:32,198 [pool-71-thread-1] INFO  segmented.SegmentedRaftLogWorker (SegmentedRaftLogWorker.java:<init>(172)) - new ef411258-a662-4696-ba26-405a55c9a048-SegmentedRaftLogWorker:Storage Directory /workdir/hadoop-ozone/ozonefs/target/test-dir/MiniOzoneClusterImpl-3f0ffa95-bfc9-4a1c-9a47-ff24715a0622/datanode-4/data/ratis/0745cfff-62cb-4888-948d-f22603d92d11 for RaftStorage:Storage Directory /workdir/hadoop-ozone/ozonefs/target/test-dir/MiniOzoneClusterImpl-3f0ffa95-bfc9-4a1c-9a47-ff24715a0622/datanode-4/data/ratis/0745cfff-62cb-4888-948d-f22603d92d11
2019-09-12 11:40:32,198 [pool-71-thread-1] INFO  server.RaftServerConfigKeys (ConfUtils.java:logGet(43)) - raft.server.log.queue.byte-limit = 2147483647 (custom)
2019-09-12 11:40:32,198 [pool-71-thread-1] INFO  server.RaftServerConfigKeys (ConfUtils.java:logGet(43)) - raft.server.log.queue.element-limit = 1024 (custom)
2019-09-12 11:40:32,198 [pool-71-thread-1] INFO  server.RaftServerConfigKeys (ConfUtils.java:logGet(43)) - raft.server.log.segment.size.max = 1048576 (custom)
2019-09-12 11:40:32,198 [pool-71-thread-1] INFO  server.RaftServerConfigKeys (ConfUtils.java:logGet(43)) - raft.server.log.preallocated.size = 16384 (custom)
2019-09-12 11:40:32,198 [pool-71-thread-1] INFO  server.RaftServerConfigKeys (ConfUtils.java:logGet(43)) - raft.server.log.write.buffer.size = 33554432 (custom)
2019-09-12 11:40:32,199 [pool-71-thread-1] INFO  server.RaftServerConfigKeys (ConfUtils.java:logGet(43)) - raft.server.log.force.sync.num = 128 (default)
2019-09-12 11:40:32,199 [pool-71-thread-1] INFO  server.RaftServerConfigKeys (ConfUtils.java:logGet(43)) - raft.server.log.statemachine.data.sync = true (default)
2019-09-12 11:40:32,199 [pool-71-thread-1] INFO  server.RaftServerConfigKeys (ConfUtils.java:logGet(43)) - raft.server.log.statemachine.data.sync.timeout = 10s (default)
2019-09-12 11:40:32,199 [pool-71-thread-1] INFO  server.RaftServerConfigKeys (ConfUtils.java:logGet(43)) - raft.server.log.statemachine.data.sync.timeout.retry = -1 (default)
2019-09-12 11:40:32,199 [pool-71-thread-1] INFO  server.RaftServerConfigKeys (ConfUtils.java:logGet(43)) - raft.server.log.statemachine.data.caching.enabled = true (custom)
2019-09-12 11:40:32,200 [pool-71-thread-1] INFO  segmented.SegmentedRaftLogWorker (SegmentedRaftLogWorker.java:lambda$new$0(132)) - ef411258-a662-4696-ba26-405a55c9a048-SegmentedRaftLogWorker:Storage Directory /workdir/hadoop-ozone/ozonefs/target/test-dir/MiniOzoneClusterImpl-3f0ffa95-bfc9-4a1c-9a47-ff24715a0622/datanode-4/data/ratis/0745cfff-62cb-4888-948d-f22603d92d11: flushIndex: setUnconditionally 0 -> -1
2019-09-12 11:40:32,200 [pool-71-thread-1] INFO  server.RaftServerConfigKeys (ConfUtils.java:logGet(43)) - raft.server.snapshot.auto.trigger.enabled = true (custom)
2019-09-12 11:40:32,200 [pool-71-thread-1] INFO  server.RaftServerConfigKeys (ConfUtils.java:logGet(43)) - raft.server.snapshot.auto.trigger.threshold = 10000 (custom)
2019-09-12 11:40:32,200 [pool-71-thread-1] INFO  server.RaftServerConfigKeys (ConfUtils.java:logGet(43)) - raft.server.retrycache.expirytime = 600000ms (custom)
2019-09-12 11:40:32,201 [pool-71-thread-1] INFO  impl.RaftServerImpl (RaftServerImpl.java:start(180)) - ef411258-a662-4696-ba26-405a55c9a048: start group-F22603D92D11
2019-09-12 11:40:32,201 [pool-71-thread-1] INFO  impl.RaftServerImpl (RaftServerImpl.java:setRole(171)) - ef411258-a662-4696-ba26-405a55c9a048:group-F22603D92D11 changes role from null to FOLLOWER at term 0 for startAsFollower
2019-09-12 11:40:32,201 [pool-71-thread-1] INFO  impl.RoleInfo (RoleInfo.java:updateAndGet(143)) - ef411258-a662-4696-ba26-405a55c9a048: start FollowerState
2019-09-12 11:40:32,202 [pool-71-thread-1] INFO  util.JmxRegister (JmxRegister.java:tryRegister(44)) - Successfully registered JMX Bean with object name Ratis:service=RaftServer,group=group-F22603D92D11,id=ef411258-a662-4696-ba26-405a55c9a048
2019-09-12 11:40:32,207 [RatisPipelineUtilsThread] INFO  pipeline.PipelineStateManager (PipelineStateManager.java:addPipeline(56)) - Created pipeline Pipeline[ Id: 0745cfff-62cb-4888-948d-f22603d92d11, Nodes: ef411258-a662-4696-ba26-405a55c9a048{ip: 192.168.157.195, host: pr-hdds-1569-xtfnx-3545843844, networkLocation: /default-rack, certSerialId: null}, Type:RATIS, Factor:ONE, State:OPEN]
2019-09-12 11:40:32,210 [RatisPipelineUtilsThread] ERROR pipeline.PipelinePlacementPolicy (PipelinePlacementPolicy.java:meetCriteria(91)) - Pipeline Placement: Doesn't meet the criteria to be viable node. Heaviness: 6
2019-09-12 11:40:32,206 | INFO  | OMAudit | user=jenkins1000 | ip=127.0.0.1 | op=CREATE_VOLUME {admin=admin56053, owner=user71328, volume=volume24191, creationTime=1568288432198, quotaInBytes=1152921504606846976} | ret=SUCCESS |  
2019-09-12 11:40:32,224 | INFO  | SCMAudit | user=jenkins1000 | ip=192.168.157.195 | op=SEND_HEARTBEAT {datanodeUUID=8668900b-06f4-40f9-8926-68eb6348aa5d, command=[]} | ret=SUCCESS |  
2019-09-12 11:40:32,229 [grpc-default-executor-0] INFO  impl.RaftServerProxy (RaftServerProxy.java:addNew(89)) - 8668900b-06f4-40f9-8926-68eb6348aa5d: addNew group-025826BE815E:[8668900b-06f4-40f9-8926-68eb6348aa5d:192.168.157.195:38608] returns group-025826BE815E:java.util.concurrent.CompletableFuture@736cbd28[Not completed]
2019-09-12 11:40:32,231 [pool-104-thread-1] INFO  impl.RaftServerImpl (RaftServerImpl.java:<init>(93)) - 8668900b-06f4-40f9-8926-68eb6348aa5d: new RaftServerImpl for group-025826BE815E:[8668900b-06f4-40f9-8926-68eb6348aa5d:192.168.157.195:38608] with ContainerStateMachine:uninitialized
2019-09-12 11:40:32,231 [pool-104-thread-1] INFO  server.RaftServerConfigKeys (ConfUtils.java:logGet(43)) - raft.server.rpc.timeout.min = 5s (custom)
2019-09-12 11:40:32,231 [pool-104-thread-1] INFO  server.RaftServerConfigKeys (ConfUtils.java:logGet(43)) - raft.server.rpc.timeout.max = 5200ms (custom)
2019-09-12 11:40:32,231 [pool-104-thread-1] INFO  server.RaftServerConfigKeys (ConfUtils.java:logGet(43)) - raft.server.rpcslowness.timeout = 120s (custom)
2019-09-12 11:40:32,231 [pool-104-thread-1] INFO  server.RaftServerConfigKeys (ConfUtils.java:logGet(43)) - raft.server.sleep.deviation.threshold = 300 (default)
2019-09-12 11:40:32,231 [pool-104-thread-1] INFO  server.RaftServerConfigKeys (ConfUtils.java:logGet(43)) - raft.server.log.appender.install.snapshot.enabled = false (custom)
2019-09-12 11:40:32,232 [pool-104-thread-1] INFO  impl.RaftServerImpl (ServerState.java:<init>(105)) - 8668900b-06f4-40f9-8926-68eb6348aa5d:group-025826BE815E ConfigurationManager, init=-1: [8668900b-06f4-40f9-8926-68eb6348aa5d:192.168.157.195:38608], old=null, confs=<EMPTY_MAP>
2019-09-12 11:40:32,232 [pool-104-thread-1] INFO  server.RaftServerConfigKeys (ConfUtils.java:logGet(43)) - raft.server.storage.dir = [/workdir/hadoop-ozone/ozonefs/target/test-dir/MiniOzoneClusterImpl-3f0ffa95-bfc9-4a1c-9a47-ff24715a0622/datanode-7/data/ratis] (custom)
2019-09-12 11:40:32,232 [pool-104-thread-1] INFO  storage.RaftStorageDirectory (RaftStorageDirectory.java:analyzeStorage(246)) - The storage directory /workdir/hadoop-ozone/ozonefs/target/test-dir/MiniOzoneClusterImpl-3f0ffa95-bfc9-4a1c-9a47-ff24715a0622/datanode-7/data/ratis/69c102e9-e9c2-42be-b46f-025826be815e does not exist. Creating ...
2019-09-12 11:40:32,246 [pool-104-thread-1] INFO  storage.RaftStorageDirectory (RaftStorageDirectory.java:tryLock(328)) - Lock on /workdir/hadoop-ozone/ozonefs/target/test-dir/MiniOzoneClusterImpl-3f0ffa95-bfc9-4a1c-9a47-ff24715a0622/datanode-7/data/ratis/69c102e9-e9c2-42be-b46f-025826be815e/in_use.lock acquired by nodename 26061@pr-hdds-1569-xtfnx-3545843844
2019-09-12 11:40:32,264 [pool-104-thread-1] INFO  storage.RaftStorage (RaftStorage.java:format(72)) - Storage directory /workdir/hadoop-ozone/ozonefs/target/test-dir/MiniOzoneClusterImpl-3f0ffa95-bfc9-4a1c-9a47-ff24715a0622/datanode-7/data/ratis/69c102e9-e9c2-42be-b46f-025826be815e has been successfully formatted.
2019-09-12 11:40:32,264 [pool-104-thread-1] INFO  ratis.ContainerStateMachine (ContainerStateMachine.java:loadSnapshot(226)) - group-025826BE815E: The snapshot info is null. Setting the last applied indexto:(t:0, i:~)
2019-09-12 11:40:32,264 [pool-104-thread-1] INFO  server.RaftServerConfigKeys (ConfUtils.java:logGet(43)) - raft.server.leader.election.timeout = 120s (custom)
2019-09-12 11:40:32,265 [pool-104-thread-1] INFO  server.RaftServerConfigKeys (ConfUtils.java:logGet(43)) - raft.server.log.use.memory = false (default)
2019-09-12 11:40:32,265 [pool-104-thread-1] INFO  server.RaftServerConfigKeys (ConfUtils.java:logGet(43)) - raft.server.log.purge.gap = 1000000 (custom)
2019-09-12 11:40:32,265 [pool-104-thread-1] INFO  server.RaftServerConfigKeys (ConfUtils.java:logGet(43)) - raft.server.log.appender.buffer.byte-limit = 33554432 (custom)
2019-09-12 11:40:32,267 | INFO  | OMAudit | user=jenkins1000 | ip=127.0.0.1 | op=CREATE_BUCKET {volume=volume24191, bucket=bucket73359, acls=[], isVersionEnabled=false, storageType=DISK, creationTime=0} | ret=SUCCESS |  
2019-09-12 11:40:32,267 [pool-104-thread-1] INFO  server.RaftServerConfigKeys (ConfUtils.java:logGet(43)) - raft.server.log.segment.size.max = 1048576 (custom)
2019-09-12 11:40:32,268 [pool-104-thread-1] INFO  server.RaftServerConfigKeys (ConfUtils.java:logGet(43)) - raft.server.log.segment.cache.num.max = 2 (custom)
2019-09-12 11:40:32,270 [pool-104-thread-1] INFO  segmented.SegmentedRaftLogWorker (SegmentedRaftLogWorker.java:<init>(172)) - new 8668900b-06f4-40f9-8926-68eb6348aa5d-SegmentedRaftLogWorker:Storage Directory /workdir/hadoop-ozone/ozonefs/target/test-dir/MiniOzoneClusterImpl-3f0ffa95-bfc9-4a1c-9a47-ff24715a0622/datanode-7/data/ratis/69c102e9-e9c2-42be-b46f-025826be815e for RaftStorage:Storage Directory /workdir/hadoop-ozone/ozonefs/target/test-dir/MiniOzoneClusterImpl-3f0ffa95-bfc9-4a1c-9a47-ff24715a0622/datanode-7/data/ratis/69c102e9-e9c2-42be-b46f-025826be815e
2019-09-12 11:40:32,270 [pool-104-thread-1] INFO  server.RaftServerConfigKeys (ConfUtils.java:logGet(43)) - raft.server.log.queue.byte-limit = 2147483647 (custom)
2019-09-12 11:40:32,271 [pool-104-thread-1] INFO  server.RaftServerConfigKeys (ConfUtils.java:logGet(43)) - raft.server.log.queue.element-limit = 1024 (custom)
2019-09-12 11:40:32,271 [pool-104-thread-1] INFO  server.RaftServerConfigKeys (ConfUtils.java:logGet(43)) - raft.server.log.segment.size.max = 1048576 (custom)
2019-09-12 11:40:32,271 [pool-104-thread-1] INFO  server.RaftServerConfigKeys (ConfUtils.java:logGet(43)) - raft.server.log.preallocated.size = 16384 (custom)
2019-09-12 11:40:32,271 [pool-104-thread-1] INFO  server.RaftServerConfigKeys (ConfUtils.java:logGet(43)) - raft.server.log.write.buffer.size = 33554432 (custom)
2019-09-12 11:40:32,271 [pool-104-thread-1] INFO  server.RaftServerConfigKeys (ConfUtils.java:logGet(43)) - raft.server.log.force.sync.num = 128 (default)
2019-09-12 11:40:32,272 [pool-104-thread-1] INFO  server.RaftServerConfigKeys (ConfUtils.java:logGet(43)) - raft.server.log.statemachine.data.sync = true (default)
2019-09-12 11:40:32,272 [pool-104-thread-1] INFO  server.RaftServerConfigKeys (ConfUtils.java:logGet(43)) - raft.server.log.statemachine.data.sync.timeout = 10s (default)
2019-09-12 11:40:32,272 [pool-104-thread-1] INFO  server.RaftServerConfigKeys (ConfUtils.java:logGet(43)) - raft.server.log.statemachine.data.sync.timeout.retry = -1 (default)
2019-09-12 11:40:32,272 [pool-104-thread-1] INFO  server.RaftServerConfigKeys (ConfUtils.java:logGet(43)) - raft.server.log.statemachine.data.caching.enabled = true (custom)
2019-09-12 11:40:32,273 [pool-104-thread-1] INFO  segmented.SegmentedRaftLogWorker (SegmentedRaftLogWorker.java:lambda$new$0(132)) - 8668900b-06f4-40f9-8926-68eb6348aa5d-SegmentedRaftLogWorker:Storage Directory /workdir/hadoop-ozone/ozonefs/target/test-dir/MiniOzoneClusterImpl-3f0ffa95-bfc9-4a1c-9a47-ff24715a0622/datanode-7/data/ratis/69c102e9-e9c2-42be-b46f-025826be815e: flushIndex: setUnconditionally 0 -> -1
2019-09-12 11:40:32,273 [pool-104-thread-1] INFO  server.RaftServerConfigKeys (ConfUtils.java:logGet(43)) - raft.server.snapshot.auto.trigger.enabled = true (custom)
2019-09-12 11:40:32,273 [pool-104-thread-1] INFO  server.RaftServerConfigKeys (ConfUtils.java:logGet(43)) - raft.server.snapshot.auto.trigger.threshold = 10000 (custom)
2019-09-12 11:40:32,274 [pool-104-thread-1] INFO  server.RaftServerConfigKeys (ConfUtils.java:logGet(43)) - raft.server.retrycache.expirytime = 600000ms (custom)
2019-09-12 11:40:32,274 [pool-104-thread-1] INFO  impl.RaftServerImpl (RaftServerImpl.java:start(180)) - 8668900b-06f4-40f9-8926-68eb6348aa5d: start group-025826BE815E
2019-09-12 11:40:32,274 [pool-104-thread-1] INFO  impl.RaftServerImpl (RaftServerImpl.java:setRole(171)) - 8668900b-06f4-40f9-8926-68eb6348aa5d:group-025826BE815E changes role from null to FOLLOWER at term 0 for startAsFollower
2019-09-12 11:40:32,274 [pool-104-thread-1] INFO  impl.RoleInfo (RoleInfo.java:updateAndGet(143)) - 8668900b-06f4-40f9-8926-68eb6348aa5d: start FollowerState
2019-09-12 11:40:32,275 [pool-104-thread-1] INFO  util.JmxRegister (JmxRegister.java:tryRegister(44)) - Successfully registered JMX Bean with object name Ratis:service=RaftServer,group=group-025826BE815E,id=8668900b-06f4-40f9-8926-68eb6348aa5d
2019-09-12 11:40:32,282 [RatisPipelineUtilsThread] INFO  pipeline.PipelineStateManager (PipelineStateManager.java:addPipeline(56)) - Created pipeline Pipeline[ Id: 69c102e9-e9c2-42be-b46f-025826be815e, Nodes: 8668900b-06f4-40f9-8926-68eb6348aa5d{ip: 192.168.157.195, host: pr-hdds-1569-xtfnx-3545843844, networkLocation: /default-rack, certSerialId: null}, Type:RATIS, Factor:ONE, State:OPEN]
2019-09-12 11:40:32,285 [RatisPipelineUtilsThread] ERROR pipeline.PipelinePlacementPolicy (PipelinePlacementPolicy.java:meetCriteria(91)) - Pipeline Placement: Doesn't meet the criteria to be viable node. Heaviness: 6
2019-09-12 11:40:32,298 [grpc-default-executor-0] INFO  impl.RaftServerProxy (RaftServerProxy.java:addNew(89)) - 2da31971-fd5c-4baf-8dfe-b6048362baf8: addNew group-42F9D92787DD:[2da31971-fd5c-4baf-8dfe-b6048362baf8:192.168.157.195:36166] returns group-42F9D92787DD:java.util.concurrent.CompletableFuture@2adbbca6[Not completed]
2019-09-12 11:40:32,299 [pool-38-thread-1] INFO  impl.RaftServerImpl (RaftServerImpl.java:<init>(93)) - 2da31971-fd5c-4baf-8dfe-b6048362baf8: new RaftServerImpl for group-42F9D92787DD:[2da31971-fd5c-4baf-8dfe-b6048362baf8:192.168.157.195:36166] with ContainerStateMachine:uninitialized
2019-09-12 11:40:32,300 [pool-38-thread-1] INFO  server.RaftServerConfigKeys (ConfUtils.java:logGet(43)) - raft.server.rpc.timeout.min = 5s (custom)
2019-09-12 11:40:32,300 [pool-38-thread-1] INFO  server.RaftServerConfigKeys (ConfUtils.java:logGet(43)) - raft.server.rpc.timeout.max = 5200ms (custom)
2019-09-12 11:40:32,300 [pool-38-thread-1] INFO  server.RaftServerConfigKeys (ConfUtils.java:logGet(43)) - raft.server.rpcslowness.timeout = 120s (custom)
2019-09-12 11:40:32,300 [pool-38-thread-1] INFO  server.RaftServerConfigKeys (ConfUtils.java:logGet(43)) - raft.server.sleep.deviation.threshold = 300 (default)
2019-09-12 11:40:32,300 [pool-38-thread-1] INFO  server.RaftServerConfigKeys (ConfUtils.java:logGet(43)) - raft.server.log.appender.install.snapshot.enabled = false (custom)
2019-09-12 11:40:32,300 [pool-38-thread-1] INFO  impl.RaftServerImpl (ServerState.java:<init>(105)) - 2da31971-fd5c-4baf-8dfe-b6048362baf8:group-42F9D92787DD ConfigurationManager, init=-1: [2da31971-fd5c-4baf-8dfe-b6048362baf8:192.168.157.195:36166], old=null, confs=<EMPTY_MAP>
2019-09-12 11:40:32,301 [pool-38-thread-1] INFO  server.RaftServerConfigKeys (ConfUtils.java:logGet(43)) - raft.server.storage.dir = [/workdir/hadoop-ozone/ozonefs/target/test-dir/MiniOzoneClusterImpl-3f0ffa95-bfc9-4a1c-9a47-ff24715a0622/datanode-1/data/ratis] (custom)
2019-09-12 11:40:32,301 [pool-38-thread-1] INFO  storage.RaftStorageDirectory (RaftStorageDirectory.java:analyzeStorage(246)) - The storage directory /workdir/hadoop-ozone/ozonefs/target/test-dir/MiniOzoneClusterImpl-3f0ffa95-bfc9-4a1c-9a47-ff24715a0622/datanode-1/data/ratis/502845d2-5637-4dcd-83a3-42f9d92787dd does not exist. Creating ...
2019-09-12 11:40:32,308 | INFO  | SCMAudit | user=jenkins1000 | ip=192.168.157.195 | op=SEND_HEARTBEAT {datanodeUUID=5d0352ef-d446-4a04-a69e-b6b493d47759, command=[]} | ret=SUCCESS |  
2019-09-12 11:40:32,313 [pool-38-thread-1] INFO  storage.RaftStorageDirectory (RaftStorageDirectory.java:tryLock(328)) - Lock on /workdir/hadoop-ozone/ozonefs/target/test-dir/MiniOzoneClusterImpl-3f0ffa95-bfc9-4a1c-9a47-ff24715a0622/datanode-1/data/ratis/502845d2-5637-4dcd-83a3-42f9d92787dd/in_use.lock acquired by nodename 26061@pr-hdds-1569-xtfnx-3545843844
2019-09-12 11:40:32,327 [pool-38-thread-1] INFO  storage.RaftStorage (RaftStorage.java:format(72)) - Storage directory /workdir/hadoop-ozone/ozonefs/target/test-dir/MiniOzoneClusterImpl-3f0ffa95-bfc9-4a1c-9a47-ff24715a0622/datanode-1/data/ratis/502845d2-5637-4dcd-83a3-42f9d92787dd has been successfully formatted.
2019-09-12 11:40:32,327 [pool-38-thread-1] INFO  ratis.ContainerStateMachine (ContainerStateMachine.java:loadSnapshot(226)) - group-42F9D92787DD: The snapshot info is null. Setting the last applied indexto:(t:0, i:~)
2019-09-12 11:40:32,327 [pool-38-thread-1] INFO  server.RaftServerConfigKeys (ConfUtils.java:logGet(43)) - raft.server.leader.election.timeout = 120s (custom)
2019-09-12 11:40:32,327 [pool-38-thread-1] INFO  server.RaftServerConfigKeys (ConfUtils.java:logGet(43)) - raft.server.log.use.memory = false (default)
2019-09-12 11:40:32,328 [pool-38-thread-1] INFO  server.RaftServerConfigKeys (ConfUtils.java:logGet(43)) - raft.server.log.purge.gap = 1000000 (custom)
2019-09-12 11:40:32,328 [pool-38-thread-1] INFO  server.RaftServerConfigKeys (ConfUtils.java:logGet(43)) - raft.server.log.appender.buffer.byte-limit = 33554432 (custom)
2019-09-12 11:40:32,328 [pool-38-thread-1] INFO  server.RaftServerConfigKeys (ConfUtils.java:logGet(43)) - raft.server.log.segment.size.max = 1048576 (custom)
2019-09-12 11:40:32,328 [pool-38-thread-1] INFO  server.RaftServerConfigKeys (ConfUtils.java:logGet(43)) - raft.server.log.segment.cache.num.max = 2 (custom)
2019-09-12 11:40:32,328 [pool-38-thread-1] INFO  segmented.SegmentedRaftLogWorker (SegmentedRaftLogWorker.java:<init>(172)) - new 2da31971-fd5c-4baf-8dfe-b6048362baf8-SegmentedRaftLogWorker:Storage Directory /workdir/hadoop-ozone/ozonefs/target/test-dir/MiniOzoneClusterImpl-3f0ffa95-bfc9-4a1c-9a47-ff24715a0622/datanode-1/data/ratis/502845d2-5637-4dcd-83a3-42f9d92787dd for RaftStorage:Storage Directory /workdir/hadoop-ozone/ozonefs/target/test-dir/MiniOzoneClusterImpl-3f0ffa95-bfc9-4a1c-9a47-ff24715a0622/datanode-1/data/ratis/502845d2-5637-4dcd-83a3-42f9d92787dd
2019-09-12 11:40:32,329 [pool-38-thread-1] INFO  server.RaftServerConfigKeys (ConfUtils.java:logGet(43)) - raft.server.log.queue.byte-limit = 2147483647 (custom)
2019-09-12 11:40:32,329 [pool-38-thread-1] INFO  server.RaftServerConfigKeys (ConfUtils.java:logGet(43)) - raft.server.log.queue.element-limit = 1024 (custom)
2019-09-12 11:40:32,329 [pool-38-thread-1] INFO  server.RaftServerConfigKeys (ConfUtils.java:logGet(43)) - raft.server.log.segment.size.max = 1048576 (custom)
2019-09-12 11:40:32,329 [pool-38-thread-1] INFO  server.RaftServerConfigKeys (ConfUtils.java:logGet(43)) - raft.server.log.preallocated.size = 16384 (custom)
2019-09-12 11:40:32,329 [pool-38-thread-1] INFO  server.RaftServerConfigKeys (ConfUtils.java:logGet(43)) - raft.server.log.write.buffer.size = 33554432 (custom)
2019-09-12 11:40:32,329 [pool-38-thread-1] INFO  server.RaftServerConfigKeys (ConfUtils.java:logGet(43)) - raft.server.log.force.sync.num = 128 (default)
2019-09-12 11:40:32,330 [pool-38-thread-1] INFO  server.RaftServerConfigKeys (ConfUtils.java:logGet(43)) - raft.server.log.statemachine.data.sync = true (default)
2019-09-12 11:40:32,330 [pool-38-thread-1] INFO  server.RaftServerConfigKeys (ConfUtils.java:logGet(43)) - raft.server.log.statemachine.data.sync.timeout = 10s (default)
2019-09-12 11:40:32,330 [pool-38-thread-1] INFO  server.RaftServerConfigKeys (ConfUtils.java:logGet(43)) - raft.server.log.statemachine.data.sync.timeout.retry = -1 (default)
2019-09-12 11:40:32,330 [pool-38-thread-1] INFO  server.RaftServerConfigKeys (ConfUtils.java:logGet(43)) - raft.server.log.statemachine.data.caching.enabled = true (custom)
2019-09-12 11:40:32,331 [pool-38-thread-1] INFO  segmented.SegmentedRaftLogWorker (SegmentedRaftLogWorker.java:lambda$new$0(132)) - 2da31971-fd5c-4baf-8dfe-b6048362baf8-SegmentedRaftLogWorker:Storage Directory /workdir/hadoop-ozone/ozonefs/target/test-dir/MiniOzoneClusterImpl-3f0ffa95-bfc9-4a1c-9a47-ff24715a0622/datanode-1/data/ratis/502845d2-5637-4dcd-83a3-42f9d92787dd: flushIndex: setUnconditionally 0 -> -1
2019-09-12 11:40:32,331 [pool-38-thread-1] INFO  server.RaftServerConfigKeys (ConfUtils.java:logGet(43)) - raft.server.snapshot.auto.trigger.enabled = true (custom)
2019-09-12 11:40:32,331 [pool-38-thread-1] INFO  server.RaftServerConfigKeys (ConfUtils.java:logGet(43)) - raft.server.snapshot.auto.trigger.threshold = 10000 (custom)
2019-09-12 11:40:32,331 [pool-38-thread-1] INFO  server.RaftServerConfigKeys (ConfUtils.java:logGet(43)) - raft.server.retrycache.expirytime = 600000ms (custom)
2019-09-12 11:40:32,332 [pool-38-thread-1] INFO  impl.RaftServerImpl (RaftServerImpl.java:start(180)) - 2da31971-fd5c-4baf-8dfe-b6048362baf8: start group-42F9D92787DD
2019-09-12 11:40:32,332 [pool-38-thread-1] INFO  impl.RaftServerImpl (RaftServerImpl.java:setRole(171)) - 2da31971-fd5c-4baf-8dfe-b6048362baf8:group-42F9D92787DD changes role from null to FOLLOWER at term 0 for startAsFollower
2019-09-12 11:40:32,332 [pool-38-thread-1] INFO  impl.RoleInfo (RoleInfo.java:updateAndGet(143)) - 2da31971-fd5c-4baf-8dfe-b6048362baf8: start FollowerState
2019-09-12 11:40:32,333 [pool-38-thread-1] INFO  util.JmxRegister (JmxRegister.java:tryRegister(44)) - Successfully registered JMX Bean with object name Ratis:service=RaftServer,group=group-42F9D92787DD,id=2da31971-fd5c-4baf-8dfe-b6048362baf8
2019-09-12 11:40:32,339 [RatisPipelineUtilsThread] INFO  pipeline.PipelineStateManager (PipelineStateManager.java:addPipeline(56)) - Created pipeline Pipeline[ Id: 502845d2-5637-4dcd-83a3-42f9d92787dd, Nodes: 2da31971-fd5c-4baf-8dfe-b6048362baf8{ip: 192.168.157.195, host: pr-hdds-1569-xtfnx-3545843844, networkLocation: /default-rack, certSerialId: null}, Type:RATIS, Factor:ONE, State:OPEN]
2019-09-12 11:40:32,342 [RatisPipelineUtilsThread] ERROR pipeline.PipelinePlacementPolicy (PipelinePlacementPolicy.java:meetCriteria(91)) - Pipeline Placement: Doesn't meet the criteria to be viable node. Heaviness: 6
2019-09-12 11:40:32,342 [RatisPipelineUtilsThread] ERROR pipeline.PipelinePlacementPolicy (PipelinePlacementPolicy.java:meetCriteria(91)) - Pipeline Placement: Doesn't meet the criteria to be viable node. Heaviness: 6
2019-09-12 11:40:32,355 [grpc-default-executor-0] INFO  impl.RaftServerProxy (RaftServerProxy.java:addNew(89)) - 875e3d5e-0813-40b8-b024-43837dd2f6d5: addNew group-7CA5DDEA94E2:[875e3d5e-0813-40b8-b024-43837dd2f6d5:192.168.157.195:33574] returns group-7CA5DDEA94E2:java.util.concurrent.CompletableFuture@1c6e4553[Not completed]
2019-09-12 11:40:32,357 [pool-82-thread-1] INFO  impl.RaftServerImpl (RaftServerImpl.java:<init>(93)) - 875e3d5e-0813-40b8-b024-43837dd2f6d5: new RaftServerImpl for group-7CA5DDEA94E2:[875e3d5e-0813-40b8-b024-43837dd2f6d5:192.168.157.195:33574] with ContainerStateMachine:uninitialized
2019-09-12 11:40:32,357 [pool-82-thread-1] INFO  server.RaftServerConfigKeys (ConfUtils.java:logGet(43)) - raft.server.rpc.timeout.min = 5s (custom)
2019-09-12 11:40:32,357 [pool-82-thread-1] INFO  server.RaftServerConfigKeys (ConfUtils.java:logGet(43)) - raft.server.rpc.timeout.max = 5200ms (custom)
2019-09-12 11:40:32,357 [pool-82-thread-1] INFO  server.RaftServerConfigKeys (ConfUtils.java:logGet(43)) - raft.server.rpcslowness.timeout = 120s (custom)
2019-09-12 11:40:32,357 [pool-82-thread-1] INFO  server.RaftServerConfigKeys (ConfUtils.java:logGet(43)) - raft.server.sleep.deviation.threshold = 300 (default)
2019-09-12 11:40:32,357 [pool-82-thread-1] INFO  server.RaftServerConfigKeys (ConfUtils.java:logGet(43)) - raft.server.log.appender.install.snapshot.enabled = false (custom)
2019-09-12 11:40:32,358 [pool-82-thread-1] INFO  impl.RaftServerImpl (ServerState.java:<init>(105)) - 875e3d5e-0813-40b8-b024-43837dd2f6d5:group-7CA5DDEA94E2 ConfigurationManager, init=-1: [875e3d5e-0813-40b8-b024-43837dd2f6d5:192.168.157.195:33574], old=null, confs=<EMPTY_MAP>
2019-09-12 11:40:32,358 [pool-82-thread-1] INFO  server.RaftServerConfigKeys (ConfUtils.java:logGet(43)) - raft.server.storage.dir = [/workdir/hadoop-ozone/ozonefs/target/test-dir/MiniOzoneClusterImpl-3f0ffa95-bfc9-4a1c-9a47-ff24715a0622/datanode-5/data/ratis] (custom)
2019-09-12 11:40:32,358 [pool-82-thread-1] INFO  storage.RaftStorageDirectory (RaftStorageDirectory.java:analyzeStorage(246)) - The storage directory /workdir/hadoop-ozone/ozonefs/target/test-dir/MiniOzoneClusterImpl-3f0ffa95-bfc9-4a1c-9a47-ff24715a0622/datanode-5/data/ratis/098bd499-b042-43b9-a87b-7ca5ddea94e2 does not exist. Creating ...
2019-09-12 11:40:32,371 [pool-82-thread-1] INFO  storage.RaftStorageDirectory (RaftStorageDirectory.java:tryLock(328)) - Lock on /workdir/hadoop-ozone/ozonefs/target/test-dir/MiniOzoneClusterImpl-3f0ffa95-bfc9-4a1c-9a47-ff24715a0622/datanode-5/data/ratis/098bd499-b042-43b9-a87b-7ca5ddea94e2/in_use.lock acquired by nodename 26061@pr-hdds-1569-xtfnx-3545843844
2019-09-12 11:40:32,389 [pool-82-thread-1] INFO  storage.RaftStorage (RaftStorage.java:format(72)) - Storage directory /workdir/hadoop-ozone/ozonefs/target/test-dir/MiniOzoneClusterImpl-3f0ffa95-bfc9-4a1c-9a47-ff24715a0622/datanode-5/data/ratis/098bd499-b042-43b9-a87b-7ca5ddea94e2 has been successfully formatted.
2019-09-12 11:40:32,390 [pool-82-thread-1] INFO  ratis.ContainerStateMachine (ContainerStateMachine.java:loadSnapshot(226)) - group-7CA5DDEA94E2: The snapshot info is null. Setting the last applied indexto:(t:0, i:~)
2019-09-12 11:40:32,390 [pool-82-thread-1] INFO  server.RaftServerConfigKeys (ConfUtils.java:logGet(43)) - raft.server.leader.election.timeout = 120s (custom)
2019-09-12 11:40:32,390 [pool-82-thread-1] INFO  server.RaftServerConfigKeys (ConfUtils.java:logGet(43)) - raft.server.log.use.memory = false (default)
2019-09-12 11:40:32,390 [pool-82-thread-1] INFO  server.RaftServerConfigKeys (ConfUtils.java:logGet(43)) - raft.server.log.purge.gap = 1000000 (custom)
2019-09-12 11:40:32,390 [pool-82-thread-1] INFO  server.RaftServerConfigKeys (ConfUtils.java:logGet(43)) - raft.server.log.appender.buffer.byte-limit = 33554432 (custom)
2019-09-12 11:40:32,391 [pool-82-thread-1] INFO  server.RaftServerConfigKeys (ConfUtils.java:logGet(43)) - raft.server.log.segment.size.max = 1048576 (custom)
2019-09-12 11:40:32,391 [pool-82-thread-1] INFO  server.RaftServerConfigKeys (ConfUtils.java:logGet(43)) - raft.server.log.segment.cache.num.max = 2 (custom)
2019-09-12 11:40:32,391 [pool-82-thread-1] INFO  segmented.SegmentedRaftLogWorker (SegmentedRaftLogWorker.java:<init>(172)) - new 875e3d5e-0813-40b8-b024-43837dd2f6d5-SegmentedRaftLogWorker:Storage Directory /workdir/hadoop-ozone/ozonefs/target/test-dir/MiniOzoneClusterImpl-3f0ffa95-bfc9-4a1c-9a47-ff24715a0622/datanode-5/data/ratis/098bd499-b042-43b9-a87b-7ca5ddea94e2 for RaftStorage:Storage Directory /workdir/hadoop-ozone/ozonefs/target/test-dir/MiniOzoneClusterImpl-3f0ffa95-bfc9-4a1c-9a47-ff24715a0622/datanode-5/data/ratis/098bd499-b042-43b9-a87b-7ca5ddea94e2
2019-09-12 11:40:32,391 [pool-82-thread-1] INFO  server.RaftServerConfigKeys (ConfUtils.java:logGet(43)) - raft.server.log.queue.byte-limit = 2147483647 (custom)
2019-09-12 11:40:32,391 [pool-82-thread-1] INFO  server.RaftServerConfigKeys (ConfUtils.java:logGet(43)) - raft.server.log.queue.element-limit = 1024 (custom)
2019-09-12 11:40:32,391 [pool-82-thread-1] INFO  server.RaftServerConfigKeys (ConfUtils.java:logGet(43)) - raft.server.log.segment.size.max = 1048576 (custom)
2019-09-12 11:40:32,392 [pool-82-thread-1] INFO  server.RaftServerConfigKeys (ConfUtils.java:logGet(43)) - raft.server.log.preallocated.size = 16384 (custom)
2019-09-12 11:40:32,392 [pool-82-thread-1] INFO  server.RaftServerConfigKeys (ConfUtils.java:logGet(43)) - raft.server.log.write.buffer.size = 33554432 (custom)
2019-09-12 11:40:32,392 [pool-82-thread-1] INFO  server.RaftServerConfigKeys (ConfUtils.java:logGet(43)) - raft.server.log.force.sync.num = 128 (default)
2019-09-12 11:40:32,392 [pool-82-thread-1] INFO  server.RaftServerConfigKeys (ConfUtils.java:logGet(43)) - raft.server.log.statemachine.data.sync = true (default)
2019-09-12 11:40:32,392 [pool-82-thread-1] INFO  server.RaftServerConfigKeys (ConfUtils.java:logGet(43)) - raft.server.log.statemachine.data.sync.timeout = 10s (default)
2019-09-12 11:40:32,392 [pool-82-thread-1] INFO  server.RaftServerConfigKeys (ConfUtils.java:logGet(43)) - raft.server.log.statemachine.data.sync.timeout.retry = -1 (default)
2019-09-12 11:40:32,393 [pool-82-thread-1] INFO  server.RaftServerConfigKeys (ConfUtils.java:logGet(43)) - raft.server.log.statemachine.data.caching.enabled = true (custom)
2019-09-12 11:40:32,396 [pool-82-thread-1] INFO  segmented.SegmentedRaftLogWorker (SegmentedRaftLogWorker.java:lambda$new$0(132)) - 875e3d5e-0813-40b8-b024-43837dd2f6d5-SegmentedRaftLogWorker:Storage Directory /workdir/hadoop-ozone/ozonefs/target/test-dir/MiniOzoneClusterImpl-3f0ffa95-bfc9-4a1c-9a47-ff24715a0622/datanode-5/data/ratis/098bd499-b042-43b9-a87b-7ca5ddea94e2: flushIndex: setUnconditionally 0 -> -1
2019-09-12 11:40:32,397 [pool-82-thread-1] INFO  server.RaftServerConfigKeys (ConfUtils.java:logGet(43)) - raft.server.snapshot.auto.trigger.enabled = true (custom)
2019-09-12 11:40:32,400 [pool-82-thread-1] INFO  server.RaftServerConfigKeys (ConfUtils.java:logGet(43)) - raft.server.snapshot.auto.trigger.threshold = 10000 (custom)
2019-09-12 11:40:32,400 [pool-82-thread-1] INFO  server.RaftServerConfigKeys (ConfUtils.java:logGet(43)) - raft.server.retrycache.expirytime = 600000ms (custom)
2019-09-12 11:40:32,401 [pool-82-thread-1] INFO  impl.RaftServerImpl (RaftServerImpl.java:start(180)) - 875e3d5e-0813-40b8-b024-43837dd2f6d5: start group-7CA5DDEA94E2
2019-09-12 11:40:32,401 [pool-82-thread-1] INFO  impl.RaftServerImpl (RaftServerImpl.java:setRole(171)) - 875e3d5e-0813-40b8-b024-43837dd2f6d5:group-7CA5DDEA94E2 changes role from null to FOLLOWER at term 0 for startAsFollower
2019-09-12 11:40:32,401 [pool-82-thread-1] INFO  impl.RoleInfo (RoleInfo.java:updateAndGet(143)) - 875e3d5e-0813-40b8-b024-43837dd2f6d5: start FollowerState
2019-09-12 11:40:32,402 [pool-82-thread-1] INFO  util.JmxRegister (JmxRegister.java:tryRegister(44)) - Successfully registered JMX Bean with object name Ratis:service=RaftServer,group=group-7CA5DDEA94E2,id=875e3d5e-0813-40b8-b024-43837dd2f6d5
2019-09-12 11:40:32,410 | INFO  | SCMAudit | user=jenkins1000 | ip=192.168.157.195 | op=SEND_HEARTBEAT {datanodeUUID=b5e361a7-9275-4b10-aa61-1d8677ab7c49, command=[]} | ret=SUCCESS |  
2019-09-12 11:40:32,410 [RatisPipelineUtilsThread] INFO  pipeline.PipelineStateManager (PipelineStateManager.java:addPipeline(56)) - Created pipeline Pipeline[ Id: 098bd499-b042-43b9-a87b-7ca5ddea94e2, Nodes: 875e3d5e-0813-40b8-b024-43837dd2f6d5{ip: 192.168.157.195, host: pr-hdds-1569-xtfnx-3545843844, networkLocation: /default-rack, certSerialId: null}, Type:RATIS, Factor:ONE, State:OPEN]
2019-09-12 11:40:32,413 [RatisPipelineUtilsThread] ERROR pipeline.PipelinePlacementPolicy (PipelinePlacementPolicy.java:meetCriteria(91)) - Pipeline Placement: Doesn't meet the criteria to be viable node. Heaviness: 6
2019-09-12 11:40:32,413 [RatisPipelineUtilsThread] ERROR pipeline.PipelinePlacementPolicy (PipelinePlacementPolicy.java:meetCriteria(91)) - Pipeline Placement: Doesn't meet the criteria to be viable node. Heaviness: 6
2019-09-12 11:40:32,426 [grpc-default-executor-0] INFO  impl.RaftServerProxy (RaftServerProxy.java:addNew(89)) - 875e3d5e-0813-40b8-b024-43837dd2f6d5: addNew group-02739266B329:[875e3d5e-0813-40b8-b024-43837dd2f6d5:192.168.157.195:33574] returns group-02739266B329:java.util.concurrent.CompletableFuture@28485629[Not completed]
2019-09-12 11:40:32,428 [pool-82-thread-1] INFO  impl.RaftServerImpl (RaftServerImpl.java:<init>(93)) - 875e3d5e-0813-40b8-b024-43837dd2f6d5: new RaftServerImpl for group-02739266B329:[875e3d5e-0813-40b8-b024-43837dd2f6d5:192.168.157.195:33574] with ContainerStateMachine:uninitialized
2019-09-12 11:40:32,428 [pool-82-thread-1] INFO  server.RaftServerConfigKeys (ConfUtils.java:logGet(43)) - raft.server.rpc.timeout.min = 5s (custom)
2019-09-12 11:40:32,428 [pool-82-thread-1] INFO  server.RaftServerConfigKeys (ConfUtils.java:logGet(43)) - raft.server.rpc.timeout.max = 5200ms (custom)
2019-09-12 11:40:32,428 [pool-82-thread-1] INFO  server.RaftServerConfigKeys (ConfUtils.java:logGet(43)) - raft.server.rpcslowness.timeout = 120s (custom)
2019-09-12 11:40:32,428 [pool-82-thread-1] INFO  server.RaftServerConfigKeys (ConfUtils.java:logGet(43)) - raft.server.sleep.deviation.threshold = 300 (default)
2019-09-12 11:40:32,429 [pool-82-thread-1] INFO  server.RaftServerConfigKeys (ConfUtils.java:logGet(43)) - raft.server.log.appender.install.snapshot.enabled = false (custom)
2019-09-12 11:40:32,429 [pool-82-thread-1] INFO  impl.RaftServerImpl (ServerState.java:<init>(105)) - 875e3d5e-0813-40b8-b024-43837dd2f6d5:group-02739266B329 ConfigurationManager, init=-1: [875e3d5e-0813-40b8-b024-43837dd2f6d5:192.168.157.195:33574], old=null, confs=<EMPTY_MAP>
2019-09-12 11:40:32,429 [pool-82-thread-1] INFO  server.RaftServerConfigKeys (ConfUtils.java:logGet(43)) - raft.server.storage.dir = [/workdir/hadoop-ozone/ozonefs/target/test-dir/MiniOzoneClusterImpl-3f0ffa95-bfc9-4a1c-9a47-ff24715a0622/datanode-5/data/ratis] (custom)
2019-09-12 11:40:32,430 [pool-82-thread-1] INFO  storage.RaftStorageDirectory (RaftStorageDirectory.java:analyzeStorage(246)) - The storage directory /workdir/hadoop-ozone/ozonefs/target/test-dir/MiniOzoneClusterImpl-3f0ffa95-bfc9-4a1c-9a47-ff24715a0622/datanode-5/data/ratis/108bdf98-4880-40d9-9d35-02739266b329 does not exist. Creating ...
2019-09-12 11:40:32,453 [pool-82-thread-1] INFO  storage.RaftStorageDirectory (RaftStorageDirectory.java:tryLock(328)) - Lock on /workdir/hadoop-ozone/ozonefs/target/test-dir/MiniOzoneClusterImpl-3f0ffa95-bfc9-4a1c-9a47-ff24715a0622/datanode-5/data/ratis/108bdf98-4880-40d9-9d35-02739266b329/in_use.lock acquired by nodename 26061@pr-hdds-1569-xtfnx-3545843844
2019-09-12 11:40:32,467 [pool-82-thread-1] INFO  storage.RaftStorage (RaftStorage.java:format(72)) - Storage directory /workdir/hadoop-ozone/ozonefs/target/test-dir/MiniOzoneClusterImpl-3f0ffa95-bfc9-4a1c-9a47-ff24715a0622/datanode-5/data/ratis/108bdf98-4880-40d9-9d35-02739266b329 has been successfully formatted.
2019-09-12 11:40:32,468 [pool-82-thread-1] INFO  ratis.ContainerStateMachine (ContainerStateMachine.java:loadSnapshot(226)) - group-02739266B329: The snapshot info is null. Setting the last applied indexto:(t:0, i:~)
2019-09-12 11:40:32,468 [pool-82-thread-1] INFO  server.RaftServerConfigKeys (ConfUtils.java:logGet(43)) - raft.server.leader.election.timeout = 120s (custom)
2019-09-12 11:40:32,468 [pool-82-thread-1] INFO  server.RaftServerConfigKeys (ConfUtils.java:logGet(43)) - raft.server.log.use.memory = false (default)
2019-09-12 11:40:32,468 [pool-82-thread-1] INFO  server.RaftServerConfigKeys (ConfUtils.java:logGet(43)) - raft.server.log.purge.gap = 1000000 (custom)
2019-09-12 11:40:32,468 [pool-82-thread-1] INFO  server.RaftServerConfigKeys (ConfUtils.java:logGet(43)) - raft.server.log.appender.buffer.byte-limit = 33554432 (custom)
2019-09-12 11:40:32,468 [pool-82-thread-1] INFO  server.RaftServerConfigKeys (ConfUtils.java:logGet(43)) - raft.server.log.segment.size.max = 1048576 (custom)
2019-09-12 11:40:32,468 [pool-82-thread-1] INFO  server.RaftServerConfigKeys (ConfUtils.java:logGet(43)) - raft.server.log.segment.cache.num.max = 2 (custom)
2019-09-12 11:40:32,469 [pool-82-thread-1] INFO  segmented.SegmentedRaftLogWorker (SegmentedRaftLogWorker.java:<init>(172)) - new 875e3d5e-0813-40b8-b024-43837dd2f6d5-SegmentedRaftLogWorker:Storage Directory /workdir/hadoop-ozone/ozonefs/target/test-dir/MiniOzoneClusterImpl-3f0ffa95-bfc9-4a1c-9a47-ff24715a0622/datanode-5/data/ratis/108bdf98-4880-40d9-9d35-02739266b329 for RaftStorage:Storage Directory /workdir/hadoop-ozone/ozonefs/target/test-dir/MiniOzoneClusterImpl-3f0ffa95-bfc9-4a1c-9a47-ff24715a0622/datanode-5/data/ratis/108bdf98-4880-40d9-9d35-02739266b329
2019-09-12 11:40:32,469 [pool-82-thread-1] INFO  server.RaftServerConfigKeys (ConfUtils.java:logGet(43)) - raft.server.log.queue.byte-limit = 2147483647 (custom)
2019-09-12 11:40:32,469 [pool-82-thread-1] INFO  server.RaftServerConfigKeys (ConfUtils.java:logGet(43)) - raft.server.log.queue.element-limit = 1024 (custom)
2019-09-12 11:40:32,469 [pool-82-thread-1] INFO  server.RaftServerConfigKeys (ConfUtils.java:logGet(43)) - raft.server.log.segment.size.max = 1048576 (custom)
2019-09-12 11:40:32,469 [pool-82-thread-1] INFO  server.RaftServerConfigKeys (ConfUtils.java:logGet(43)) - raft.server.log.preallocated.size = 16384 (custom)
2019-09-12 11:40:32,469 [pool-82-thread-1] INFO  server.RaftServerConfigKeys (ConfUtils.java:logGet(43)) - raft.server.log.write.buffer.size = 33554432 (custom)
2019-09-12 11:40:32,469 [pool-82-thread-1] INFO  server.RaftServerConfigKeys (ConfUtils.java:logGet(43)) - raft.server.log.force.sync.num = 128 (default)
2019-09-12 11:40:32,469 [pool-82-thread-1] INFO  server.RaftServerConfigKeys (ConfUtils.java:logGet(43)) - raft.server.log.statemachine.data.sync = true (default)
2019-09-12 11:40:32,470 [pool-82-thread-1] INFO  server.RaftServerConfigKeys (ConfUtils.java:logGet(43)) - raft.server.log.statemachine.data.sync.timeout = 10s (default)
2019-09-12 11:40:32,470 [pool-82-thread-1] INFO  server.RaftServerConfigKeys (ConfUtils.java:logGet(43)) - raft.server.log.statemachine.data.sync.timeout.retry = -1 (default)
2019-09-12 11:40:32,470 [pool-82-thread-1] INFO  server.RaftServerConfigKeys (ConfUtils.java:logGet(43)) - raft.server.log.statemachine.data.caching.enabled = true (custom)
2019-09-12 11:40:32,470 [pool-82-thread-1] INFO  segmented.SegmentedRaftLogWorker (SegmentedRaftLogWorker.java:lambda$new$0(132)) - 875e3d5e-0813-40b8-b024-43837dd2f6d5-SegmentedRaftLogWorker:Storage Directory /workdir/hadoop-ozone/ozonefs/target/test-dir/MiniOzoneClusterImpl-3f0ffa95-bfc9-4a1c-9a47-ff24715a0622/datanode-5/data/ratis/108bdf98-4880-40d9-9d35-02739266b329: flushIndex: setUnconditionally 0 -> -1
2019-09-12 11:40:32,471 [pool-82-thread-1] INFO  server.RaftServerConfigKeys (ConfUtils.java:logGet(43)) - raft.server.snapshot.auto.trigger.enabled = true (custom)
2019-09-12 11:40:32,471 [pool-82-thread-1] INFO  server.RaftServerConfigKeys (ConfUtils.java:logGet(43)) - raft.server.snapshot.auto.trigger.threshold = 10000 (custom)
2019-09-12 11:40:32,471 [pool-82-thread-1] INFO  server.RaftServerConfigKeys (ConfUtils.java:logGet(43)) - raft.server.retrycache.expirytime = 600000ms (custom)
2019-09-12 11:40:32,471 [pool-82-thread-1] INFO  impl.RaftServerImpl (RaftServerImpl.java:start(180)) - 875e3d5e-0813-40b8-b024-43837dd2f6d5: start group-02739266B329
2019-09-12 11:40:32,471 [pool-82-thread-1] INFO  impl.RaftServerImpl (RaftServerImpl.java:setRole(171)) - 875e3d5e-0813-40b8-b024-43837dd2f6d5:group-02739266B329 changes role from null to FOLLOWER at term 0 for startAsFollower
2019-09-12 11:40:32,471 [pool-82-thread-1] INFO  impl.RoleInfo (RoleInfo.java:updateAndGet(143)) - 875e3d5e-0813-40b8-b024-43837dd2f6d5: start FollowerState
2019-09-12 11:40:32,472 [pool-82-thread-1] INFO  util.JmxRegister (JmxRegister.java:tryRegister(44)) - Successfully registered JMX Bean with object name Ratis:service=RaftServer,group=group-02739266B329,id=875e3d5e-0813-40b8-b024-43837dd2f6d5
2019-09-12 11:40:32,478 [RatisPipelineUtilsThread] INFO  pipeline.PipelineStateManager (PipelineStateManager.java:addPipeline(56)) - Created pipeline Pipeline[ Id: 108bdf98-4880-40d9-9d35-02739266b329, Nodes: 875e3d5e-0813-40b8-b024-43837dd2f6d5{ip: 192.168.157.195, host: pr-hdds-1569-xtfnx-3545843844, networkLocation: /default-rack, certSerialId: null}, Type:RATIS, Factor:ONE, State:OPEN]
2019-09-12 11:40:32,481 [RatisPipelineUtilsThread] ERROR pipeline.PipelinePlacementPolicy (PipelinePlacementPolicy.java:meetCriteria(91)) - Pipeline Placement: Doesn't meet the criteria to be viable node. Heaviness: 6
2019-09-12 11:40:32,482 [RatisPipelineUtilsThread] ERROR pipeline.PipelinePlacementPolicy (PipelinePlacementPolicy.java:meetCriteria(91)) - Pipeline Placement: Doesn't meet the criteria to be viable node. Heaviness: 6
2019-09-12 11:40:32,497 [grpc-default-executor-0] INFO  impl.RaftServerProxy (RaftServerProxy.java:addNew(89)) - abc6f9f9-8862-43ee-ac13-b67e1574492b: addNew group-8B7714052504:[abc6f9f9-8862-43ee-ac13-b67e1574492b:192.168.157.195:32913] returns group-8B7714052504:java.util.concurrent.CompletableFuture@259a3c75[Not completed]
2019-09-12 11:40:32,497 | INFO  | SCMAudit | user=jenkins1000 | ip=192.168.157.195 | op=SEND_HEARTBEAT {datanodeUUID=f17fb2fb-971d-416e-b1f4-66e23bc05d05, command=[]} | ret=SUCCESS |  
2019-09-12 11:40:32,499 [pool-49-thread-1] INFO  impl.RaftServerImpl (RaftServerImpl.java:<init>(93)) - abc6f9f9-8862-43ee-ac13-b67e1574492b: new RaftServerImpl for group-8B7714052504:[abc6f9f9-8862-43ee-ac13-b67e1574492b:192.168.157.195:32913] with ContainerStateMachine:uninitialized
2019-09-12 11:40:32,499 [pool-49-thread-1] INFO  server.RaftServerConfigKeys (ConfUtils.java:logGet(43)) - raft.server.rpc.timeout.min = 5s (custom)
2019-09-12 11:40:32,499 [pool-49-thread-1] INFO  server.RaftServerConfigKeys (ConfUtils.java:logGet(43)) - raft.server.rpc.timeout.max = 5200ms (custom)
2019-09-12 11:40:32,499 [pool-49-thread-1] INFO  server.RaftServerConfigKeys (ConfUtils.java:logGet(43)) - raft.server.rpcslowness.timeout = 120s (custom)
2019-09-12 11:40:32,500 [pool-49-thread-1] INFO  server.RaftServerConfigKeys (ConfUtils.java:logGet(43)) - raft.server.sleep.deviation.threshold = 300 (default)
2019-09-12 11:40:32,500 [pool-49-thread-1] INFO  server.RaftServerConfigKeys (ConfUtils.java:logGet(43)) - raft.server.log.appender.install.snapshot.enabled = false (custom)
2019-09-12 11:40:32,500 [pool-49-thread-1] INFO  impl.RaftServerImpl (ServerState.java:<init>(105)) - abc6f9f9-8862-43ee-ac13-b67e1574492b:group-8B7714052504 ConfigurationManager, init=-1: [abc6f9f9-8862-43ee-ac13-b67e1574492b:192.168.157.195:32913], old=null, confs=<EMPTY_MAP>
2019-09-12 11:40:32,500 [pool-49-thread-1] INFO  server.RaftServerConfigKeys (ConfUtils.java:logGet(43)) - raft.server.storage.dir = [/workdir/hadoop-ozone/ozonefs/target/test-dir/MiniOzoneClusterImpl-3f0ffa95-bfc9-4a1c-9a47-ff24715a0622/datanode-2/data/ratis] (custom)
2019-09-12 11:40:32,501 [pool-49-thread-1] INFO  storage.RaftStorageDirectory (RaftStorageDirectory.java:analyzeStorage(246)) - The storage directory /workdir/hadoop-ozone/ozonefs/target/test-dir/MiniOzoneClusterImpl-3f0ffa95-bfc9-4a1c-9a47-ff24715a0622/datanode-2/data/ratis/4dfecc07-b0b5-48be-a715-8b7714052504 does not exist. Creating ...
2019-09-12 11:40:32,513 [pool-49-thread-1] INFO  storage.RaftStorageDirectory (RaftStorageDirectory.java:tryLock(328)) - Lock on /workdir/hadoop-ozone/ozonefs/target/test-dir/MiniOzoneClusterImpl-3f0ffa95-bfc9-4a1c-9a47-ff24715a0622/datanode-2/data/ratis/4dfecc07-b0b5-48be-a715-8b7714052504/in_use.lock acquired by nodename 26061@pr-hdds-1569-xtfnx-3545843844
2019-09-12 11:40:32,514 | INFO  | SCMAudit | user=jenkins1000 | ip=192.168.157.195 | op=SEND_HEARTBEAT {datanodeUUID=ef411258-a662-4696-ba26-405a55c9a048, command=[]} | ret=SUCCESS |  
2019-09-12 11:40:32,552 [pool-49-thread-1] INFO  storage.RaftStorage (RaftStorage.java:format(72)) - Storage directory /workdir/hadoop-ozone/ozonefs/target/test-dir/MiniOzoneClusterImpl-3f0ffa95-bfc9-4a1c-9a47-ff24715a0622/datanode-2/data/ratis/4dfecc07-b0b5-48be-a715-8b7714052504 has been successfully formatted.
2019-09-12 11:40:32,552 [pool-49-thread-1] INFO  ratis.ContainerStateMachine (ContainerStateMachine.java:loadSnapshot(226)) - group-8B7714052504: The snapshot info is null. Setting the last applied indexto:(t:0, i:~)
2019-09-12 11:40:32,553 [pool-49-thread-1] INFO  server.RaftServerConfigKeys (ConfUtils.java:logGet(43)) - raft.server.leader.election.timeout = 120s (custom)
2019-09-12 11:40:32,553 [pool-49-thread-1] INFO  server.RaftServerConfigKeys (ConfUtils.java:logGet(43)) - raft.server.log.use.memory = false (default)
2019-09-12 11:40:32,553 [pool-49-thread-1] INFO  server.RaftServerConfigKeys (ConfUtils.java:logGet(43)) - raft.server.log.purge.gap = 1000000 (custom)
2019-09-12 11:40:32,553 [pool-49-thread-1] INFO  server.RaftServerConfigKeys (ConfUtils.java:logGet(43)) - raft.server.log.appender.buffer.byte-limit = 33554432 (custom)
2019-09-12 11:40:32,553 [pool-49-thread-1] INFO  server.RaftServerConfigKeys (ConfUtils.java:logGet(43)) - raft.server.log.segment.size.max = 1048576 (custom)
2019-09-12 11:40:32,554 [pool-49-thread-1] INFO  server.RaftServerConfigKeys (ConfUtils.java:logGet(43)) - raft.server.log.segment.cache.num.max = 2 (custom)
2019-09-12 11:40:32,554 [pool-49-thread-1] INFO  segmented.SegmentedRaftLogWorker (SegmentedRaftLogWorker.java:<init>(172)) - new abc6f9f9-8862-43ee-ac13-b67e1574492b-SegmentedRaftLogWorker:Storage Directory /workdir/hadoop-ozone/ozonefs/target/test-dir/MiniOzoneClusterImpl-3f0ffa95-bfc9-4a1c-9a47-ff24715a0622/datanode-2/data/ratis/4dfecc07-b0b5-48be-a715-8b7714052504 for RaftStorage:Storage Directory /workdir/hadoop-ozone/ozonefs/target/test-dir/MiniOzoneClusterImpl-3f0ffa95-bfc9-4a1c-9a47-ff24715a0622/datanode-2/data/ratis/4dfecc07-b0b5-48be-a715-8b7714052504
2019-09-12 11:40:32,554 [pool-49-thread-1] INFO  server.RaftServerConfigKeys (ConfUtils.java:logGet(43)) - raft.server.log.queue.byte-limit = 2147483647 (custom)
2019-09-12 11:40:32,554 [pool-49-thread-1] INFO  server.RaftServerConfigKeys (ConfUtils.java:logGet(43)) - raft.server.log.queue.element-limit = 1024 (custom)
2019-09-12 11:40:32,554 [pool-49-thread-1] INFO  server.RaftServerConfigKeys (ConfUtils.java:logGet(43)) - raft.server.log.segment.size.max = 1048576 (custom)
2019-09-12 11:40:32,555 [pool-49-thread-1] INFO  server.RaftServerConfigKeys (ConfUtils.java:logGet(43)) - raft.server.log.preallocated.size = 16384 (custom)
2019-09-12 11:40:32,555 [pool-49-thread-1] INFO  server.RaftServerConfigKeys (ConfUtils.java:logGet(43)) - raft.server.log.write.buffer.size = 33554432 (custom)
2019-09-12 11:40:32,555 [pool-49-thread-1] INFO  server.RaftServerConfigKeys (ConfUtils.java:logGet(43)) - raft.server.log.force.sync.num = 128 (default)
2019-09-12 11:40:32,555 [pool-49-thread-1] INFO  server.RaftServerConfigKeys (ConfUtils.java:logGet(43)) - raft.server.log.statemachine.data.sync = true (default)
2019-09-12 11:40:32,555 [pool-49-thread-1] INFO  server.RaftServerConfigKeys (ConfUtils.java:logGet(43)) - raft.server.log.statemachine.data.sync.timeout = 10s (default)
2019-09-12 11:40:32,555 | INFO  | OMAudit | user=jenkins1000 | ip=127.0.0.1 | op=READ_VOLUME {volume=volume24191} | ret=SUCCESS |  
2019-09-12 11:40:32,556 [pool-49-thread-1] INFO  server.RaftServerConfigKeys (ConfUtils.java:logGet(43)) - raft.server.log.statemachine.data.sync.timeout.retry = -1 (default)
2019-09-12 11:40:32,556 [pool-49-thread-1] INFO  server.RaftServerConfigKeys (ConfUtils.java:logGet(43)) - raft.server.log.statemachine.data.caching.enabled = true (custom)
2019-09-12 11:40:32,556 [pool-49-thread-1] INFO  segmented.SegmentedRaftLogWorker (SegmentedRaftLogWorker.java:lambda$new$0(132)) - abc6f9f9-8862-43ee-ac13-b67e1574492b-SegmentedRaftLogWorker:Storage Directory /workdir/hadoop-ozone/ozonefs/target/test-dir/MiniOzoneClusterImpl-3f0ffa95-bfc9-4a1c-9a47-ff24715a0622/datanode-2/data/ratis/4dfecc07-b0b5-48be-a715-8b7714052504: flushIndex: setUnconditionally 0 -> -1
2019-09-12 11:40:32,557 [pool-49-thread-1] INFO  server.RaftServerConfigKeys (ConfUtils.java:logGet(43)) - raft.server.snapshot.auto.trigger.enabled = true (custom)
2019-09-12 11:40:32,557 [pool-49-thread-1] INFO  server.RaftServerConfigKeys (ConfUtils.java:logGet(43)) - raft.server.snapshot.auto.trigger.threshold = 10000 (custom)
2019-09-12 11:40:32,557 [pool-49-thread-1] INFO  server.RaftServerConfigKeys (ConfUtils.java:logGet(43)) - raft.server.retrycache.expirytime = 600000ms (custom)
2019-09-12 11:40:32,557 [pool-49-thread-1] INFO  impl.RaftServerImpl (RaftServerImpl.java:start(180)) - abc6f9f9-8862-43ee-ac13-b67e1574492b: start group-8B7714052504
2019-09-12 11:40:32,558 [pool-49-thread-1] INFO  impl.RaftServerImpl (RaftServerImpl.java:setRole(171)) - abc6f9f9-8862-43ee-ac13-b67e1574492b:group-8B7714052504 changes role from null to FOLLOWER at term 0 for startAsFollower
2019-09-12 11:40:32,558 [pool-49-thread-1] INFO  impl.RoleInfo (RoleInfo.java:updateAndGet(143)) - abc6f9f9-8862-43ee-ac13-b67e1574492b: start FollowerState
2019-09-12 11:40:32,558 [pool-49-thread-1] INFO  util.JmxRegister (JmxRegister.java:tryRegister(44)) - Successfully registered JMX Bean with object name Ratis:service=RaftServer,group=group-8B7714052504,id=abc6f9f9-8862-43ee-ac13-b67e1574492b
2019-09-12 11:40:32,565 [RatisPipelineUtilsThread] INFO  pipeline.PipelineStateManager (PipelineStateManager.java:addPipeline(56)) - Created pipeline Pipeline[ Id: 4dfecc07-b0b5-48be-a715-8b7714052504, Nodes: abc6f9f9-8862-43ee-ac13-b67e1574492b{ip: 192.168.157.195, host: pr-hdds-1569-xtfnx-3545843844, networkLocation: /default-rack, certSerialId: null}, Type:RATIS, Factor:ONE, State:OPEN]
2019-09-12 11:40:32,568 [RatisPipelineUtilsThread] ERROR pipeline.PipelinePlacementPolicy (PipelinePlacementPolicy.java:meetCriteria(91)) - Pipeline Placement: Doesn't meet the criteria to be viable node. Heaviness: 6
2019-09-12 11:40:32,569 [RatisPipelineUtilsThread] ERROR pipeline.PipelinePlacementPolicy (PipelinePlacementPolicy.java:meetCriteria(91)) - Pipeline Placement: Doesn't meet the criteria to be viable node. Heaviness: 6
2019-09-12 11:40:32,569 | INFO  | OMAudit | user=jenkins1000 | ip=127.0.0.1 | op=READ_BUCKET {volume=volume24191, bucket=bucket73359} | ret=SUCCESS |  
2019-09-12 11:40:32,580 [grpc-default-executor-0] INFO  impl.RaftServerProxy (RaftServerProxy.java:addNew(89)) - 875e3d5e-0813-40b8-b024-43837dd2f6d5: addNew group-A87AF84CA360:[875e3d5e-0813-40b8-b024-43837dd2f6d5:192.168.157.195:33574] returns group-A87AF84CA360:java.util.concurrent.CompletableFuture@1f275853[Not completed]
2019-09-12 11:40:32,582 [pool-82-thread-1] INFO  impl.RaftServerImpl (RaftServerImpl.java:<init>(93)) - 875e3d5e-0813-40b8-b024-43837dd2f6d5: new RaftServerImpl for group-A87AF84CA360:[875e3d5e-0813-40b8-b024-43837dd2f6d5:192.168.157.195:33574] with ContainerStateMachine:uninitialized
2019-09-12 11:40:32,582 [pool-82-thread-1] INFO  server.RaftServerConfigKeys (ConfUtils.java:logGet(43)) - raft.server.rpc.timeout.min = 5s (custom)
2019-09-12 11:40:32,583 [pool-82-thread-1] INFO  server.RaftServerConfigKeys (ConfUtils.java:logGet(43)) - raft.server.rpc.timeout.max = 5200ms (custom)
2019-09-12 11:40:32,583 [pool-82-thread-1] INFO  server.RaftServerConfigKeys (ConfUtils.java:logGet(43)) - raft.server.rpcslowness.timeout = 120s (custom)
2019-09-12 11:40:32,583 [pool-82-thread-1] INFO  server.RaftServerConfigKeys (ConfUtils.java:logGet(43)) - raft.server.sleep.deviation.threshold = 300 (default)
2019-09-12 11:40:32,583 [pool-82-thread-1] INFO  server.RaftServerConfigKeys (ConfUtils.java:logGet(43)) - raft.server.log.appender.install.snapshot.enabled = false (custom)
2019-09-12 11:40:32,583 [pool-82-thread-1] INFO  impl.RaftServerImpl (ServerState.java:<init>(105)) - 875e3d5e-0813-40b8-b024-43837dd2f6d5:group-A87AF84CA360 ConfigurationManager, init=-1: [875e3d5e-0813-40b8-b024-43837dd2f6d5:192.168.157.195:33574], old=null, confs=<EMPTY_MAP>
2019-09-12 11:40:32,583 [pool-82-thread-1] INFO  server.RaftServerConfigKeys (ConfUtils.java:logGet(43)) - raft.server.storage.dir = [/workdir/hadoop-ozone/ozonefs/target/test-dir/MiniOzoneClusterImpl-3f0ffa95-bfc9-4a1c-9a47-ff24715a0622/datanode-5/data/ratis] (custom)
2019-09-12 11:40:32,584 [pool-82-thread-1] INFO  storage.RaftStorageDirectory (RaftStorageDirectory.java:analyzeStorage(246)) - The storage directory /workdir/hadoop-ozone/ozonefs/target/test-dir/MiniOzoneClusterImpl-3f0ffa95-bfc9-4a1c-9a47-ff24715a0622/datanode-5/data/ratis/d3ba69cb-8f1c-46a6-a51a-a87af84ca360 does not exist. Creating ...
2019-09-12 11:40:32,598 [pool-82-thread-1] INFO  storage.RaftStorageDirectory (RaftStorageDirectory.java:tryLock(328)) - Lock on /workdir/hadoop-ozone/ozonefs/target/test-dir/MiniOzoneClusterImpl-3f0ffa95-bfc9-4a1c-9a47-ff24715a0622/datanode-5/data/ratis/d3ba69cb-8f1c-46a6-a51a-a87af84ca360/in_use.lock acquired by nodename 26061@pr-hdds-1569-xtfnx-3545843844
2019-09-12 11:40:32,602 | INFO  | SCMAudit | user=jenkins1000 | ip=192.168.157.195 | op=SEND_HEARTBEAT {datanodeUUID=2da31971-fd5c-4baf-8dfe-b6048362baf8, command=[]} | ret=SUCCESS |  
2019-09-12 11:40:32,612 [pool-82-thread-1] INFO  storage.RaftStorage (RaftStorage.java:format(72)) - Storage directory /workdir/hadoop-ozone/ozonefs/target/test-dir/MiniOzoneClusterImpl-3f0ffa95-bfc9-4a1c-9a47-ff24715a0622/datanode-5/data/ratis/d3ba69cb-8f1c-46a6-a51a-a87af84ca360 has been successfully formatted.
2019-09-12 11:40:32,612 [pool-82-thread-1] INFO  ratis.ContainerStateMachine (ContainerStateMachine.java:loadSnapshot(226)) - group-A87AF84CA360: The snapshot info is null. Setting the last applied indexto:(t:0, i:~)
2019-09-12 11:40:32,613 [pool-82-thread-1] INFO  server.RaftServerConfigKeys (ConfUtils.java:logGet(43)) - raft.server.leader.election.timeout = 120s (custom)
2019-09-12 11:40:32,613 [pool-82-thread-1] INFO  server.RaftServerConfigKeys (ConfUtils.java:logGet(43)) - raft.server.log.use.memory = false (default)
2019-09-12 11:40:32,613 [pool-82-thread-1] INFO  server.RaftServerConfigKeys (ConfUtils.java:logGet(43)) - raft.server.log.purge.gap = 1000000 (custom)
2019-09-12 11:40:32,613 [pool-82-thread-1] INFO  server.RaftServerConfigKeys (ConfUtils.java:logGet(43)) - raft.server.log.appender.buffer.byte-limit = 33554432 (custom)
2019-09-12 11:40:32,613 [pool-82-thread-1] INFO  server.RaftServerConfigKeys (ConfUtils.java:logGet(43)) - raft.server.log.segment.size.max = 1048576 (custom)
2019-09-12 11:40:32,614 [pool-82-thread-1] INFO  server.RaftServerConfigKeys (ConfUtils.java:logGet(43)) - raft.server.log.segment.cache.num.max = 2 (custom)
2019-09-12 11:40:32,614 [pool-82-thread-1] INFO  segmented.SegmentedRaftLogWorker (SegmentedRaftLogWorker.java:<init>(172)) - new 875e3d5e-0813-40b8-b024-43837dd2f6d5-SegmentedRaftLogWorker:Storage Directory /workdir/hadoop-ozone/ozonefs/target/test-dir/MiniOzoneClusterImpl-3f0ffa95-bfc9-4a1c-9a47-ff24715a0622/datanode-5/data/ratis/d3ba69cb-8f1c-46a6-a51a-a87af84ca360 for RaftStorage:Storage Directory /workdir/hadoop-ozone/ozonefs/target/test-dir/MiniOzoneClusterImpl-3f0ffa95-bfc9-4a1c-9a47-ff24715a0622/datanode-5/data/ratis/d3ba69cb-8f1c-46a6-a51a-a87af84ca360
2019-09-12 11:40:32,614 [pool-82-thread-1] INFO  server.RaftServerConfigKeys (ConfUtils.java:logGet(43)) - raft.server.log.queue.byte-limit = 2147483647 (custom)
2019-09-12 11:40:32,614 [pool-82-thread-1] INFO  server.RaftServerConfigKeys (ConfUtils.java:logGet(43)) - raft.server.log.queue.element-limit = 1024 (custom)
2019-09-12 11:40:32,614 [pool-82-thread-1] INFO  server.RaftServerConfigKeys (ConfUtils.java:logGet(43)) - raft.server.log.segment.size.max = 1048576 (custom)
2019-09-12 11:40:32,614 [pool-82-thread-1] INFO  server.RaftServerConfigKeys (ConfUtils.java:logGet(43)) - raft.server.log.preallocated.size = 16384 (custom)
2019-09-12 11:40:32,615 [pool-82-thread-1] INFO  server.RaftServerConfigKeys (ConfUtils.java:logGet(43)) - raft.server.log.write.buffer.size = 33554432 (custom)
2019-09-12 11:40:32,615 [pool-82-thread-1] INFO  server.RaftServerConfigKeys (ConfUtils.java:logGet(43)) - raft.server.log.force.sync.num = 128 (default)
2019-09-12 11:40:32,615 [pool-82-thread-1] INFO  server.RaftServerConfigKeys (ConfUtils.java:logGet(43)) - raft.server.log.statemachine.data.sync = true (default)
2019-09-12 11:40:32,615 [pool-82-thread-1] INFO  server.RaftServerConfigKeys (ConfUtils.java:logGet(43)) - raft.server.log.statemachine.data.sync.timeout = 10s (default)
2019-09-12 11:40:32,615 [pool-82-thread-1] INFO  server.RaftServerConfigKeys (ConfUtils.java:logGet(43)) - raft.server.log.statemachine.data.sync.timeout.retry = -1 (default)
2019-09-12 11:40:32,615 [pool-82-thread-1] INFO  server.RaftServerConfigKeys (ConfUtils.java:logGet(43)) - raft.server.log.statemachine.data.caching.enabled = true (custom)
2019-09-12 11:40:32,616 [pool-82-thread-1] INFO  segmented.SegmentedRaftLogWorker (SegmentedRaftLogWorker.java:lambda$new$0(132)) - 875e3d5e-0813-40b8-b024-43837dd2f6d5-SegmentedRaftLogWorker:Storage Directory /workdir/hadoop-ozone/ozonefs/target/test-dir/MiniOzoneClusterImpl-3f0ffa95-bfc9-4a1c-9a47-ff24715a0622/datanode-5/data/ratis/d3ba69cb-8f1c-46a6-a51a-a87af84ca360: flushIndex: setUnconditionally 0 -> -1
2019-09-12 11:40:32,616 [pool-82-thread-1] INFO  server.RaftServerConfigKeys (ConfUtils.java:logGet(43)) - raft.server.snapshot.auto.trigger.enabled = true (custom)
2019-09-12 11:40:32,617 [pool-82-thread-1] INFO  server.RaftServerConfigKeys (ConfUtils.java:logGet(43)) - raft.server.snapshot.auto.trigger.threshold = 10000 (custom)
2019-09-12 11:40:32,617 [pool-82-thread-1] INFO  server.RaftServerConfigKeys (ConfUtils.java:logGet(43)) - raft.server.retrycache.expirytime = 600000ms (custom)
2019-09-12 11:40:32,617 [pool-82-thread-1] INFO  impl.RaftServerImpl (RaftServerImpl.java:start(180)) - 875e3d5e-0813-40b8-b024-43837dd2f6d5: start group-A87AF84CA360
2019-09-12 11:40:32,617 [pool-82-thread-1] INFO  impl.RaftServerImpl (RaftServerImpl.java:setRole(171)) - 875e3d5e-0813-40b8-b024-43837dd2f6d5:group-A87AF84CA360 changes role from null to FOLLOWER at term 0 for startAsFollower
2019-09-12 11:40:32,617 [pool-82-thread-1] INFO  impl.RoleInfo (RoleInfo.java:updateAndGet(143)) - 875e3d5e-0813-40b8-b024-43837dd2f6d5: start FollowerState
2019-09-12 11:40:32,618 [pool-82-thread-1] INFO  util.JmxRegister (JmxRegister.java:tryRegister(44)) - Successfully registered JMX Bean with object name Ratis:service=RaftServer,group=group-A87AF84CA360,id=875e3d5e-0813-40b8-b024-43837dd2f6d5
2019-09-12 11:40:32,635 [RatisPipelineUtilsThread] INFO  pipeline.PipelineStateManager (PipelineStateManager.java:addPipeline(56)) - Created pipeline Pipeline[ Id: d3ba69cb-8f1c-46a6-a51a-a87af84ca360, Nodes: 875e3d5e-0813-40b8-b024-43837dd2f6d5{ip: 192.168.157.195, host: pr-hdds-1569-xtfnx-3545843844, networkLocation: /default-rack, certSerialId: null}, Type:RATIS, Factor:ONE, State:OPEN]
2019-09-12 11:40:32,638 [RatisPipelineUtilsThread] ERROR pipeline.PipelinePlacementPolicy (PipelinePlacementPolicy.java:meetCriteria(91)) - Pipeline Placement: Doesn't meet the criteria to be viable node. Heaviness: 6
2019-09-12 11:40:32,638 [RatisPipelineUtilsThread] ERROR pipeline.PipelinePlacementPolicy (PipelinePlacementPolicy.java:meetCriteria(91)) - Pipeline Placement: Doesn't meet the criteria to be viable node. Heaviness: 6
2019-09-12 11:40:32,639 [RatisPipelineUtilsThread] ERROR pipeline.PipelinePlacementPolicy (PipelinePlacementPolicy.java:meetCriteria(91)) - Pipeline Placement: Doesn't meet the criteria to be viable node. Heaviness: 6
2019-09-12 11:40:32,651 [grpc-default-executor-0] INFO  impl.RaftServerProxy (RaftServerProxy.java:addNew(89)) - 5d0352ef-d446-4a04-a69e-b6b493d47759: addNew group-9C361074970D:[5d0352ef-d446-4a04-a69e-b6b493d47759:192.168.157.195:35104] returns group-9C361074970D:java.util.concurrent.CompletableFuture@25303ca8[Not completed]
2019-09-12 11:40:32,651 | INFO  | SCMAudit | user=jenkins1000 | ip=192.168.157.195 | op=SEND_HEARTBEAT {datanodeUUID=dbf859ef-0f75-4843-8536-03105c97857a, command=[]} | ret=SUCCESS |  
2019-09-12 11:40:32,652 [pool-27-thread-1] INFO  impl.RaftServerImpl (RaftServerImpl.java:<init>(93)) - 5d0352ef-d446-4a04-a69e-b6b493d47759: new RaftServerImpl for group-9C361074970D:[5d0352ef-d446-4a04-a69e-b6b493d47759:192.168.157.195:35104] with ContainerStateMachine:uninitialized
2019-09-12 11:40:32,652 [pool-27-thread-1] INFO  server.RaftServerConfigKeys (ConfUtils.java:logGet(43)) - raft.server.rpc.timeout.min = 5s (custom)
2019-09-12 11:40:32,653 [pool-27-thread-1] INFO  server.RaftServerConfigKeys (ConfUtils.java:logGet(43)) - raft.server.rpc.timeout.max = 5200ms (custom)
2019-09-12 11:40:32,653 [pool-27-thread-1] INFO  server.RaftServerConfigKeys (ConfUtils.java:logGet(43)) - raft.server.rpcslowness.timeout = 120s (custom)
2019-09-12 11:40:32,653 [pool-27-thread-1] INFO  server.RaftServerConfigKeys (ConfUtils.java:logGet(43)) - raft.server.sleep.deviation.threshold = 300 (default)
2019-09-12 11:40:32,653 [pool-27-thread-1] INFO  server.RaftServerConfigKeys (ConfUtils.java:logGet(43)) - raft.server.log.appender.install.snapshot.enabled = false (custom)
2019-09-12 11:40:32,653 [pool-27-thread-1] INFO  impl.RaftServerImpl (ServerState.java:<init>(105)) - 5d0352ef-d446-4a04-a69e-b6b493d47759:group-9C361074970D ConfigurationManager, init=-1: [5d0352ef-d446-4a04-a69e-b6b493d47759:192.168.157.195:35104], old=null, confs=<EMPTY_MAP>
2019-09-12 11:40:32,653 [pool-27-thread-1] INFO  server.RaftServerConfigKeys (ConfUtils.java:logGet(43)) - raft.server.storage.dir = [/workdir/hadoop-ozone/ozonefs/target/test-dir/MiniOzoneClusterImpl-3f0ffa95-bfc9-4a1c-9a47-ff24715a0622/datanode-0/data/ratis] (custom)
2019-09-12 11:40:32,654 [pool-27-thread-1] INFO  storage.RaftStorageDirectory (RaftStorageDirectory.java:analyzeStorage(246)) - The storage directory /workdir/hadoop-ozone/ozonefs/target/test-dir/MiniOzoneClusterImpl-3f0ffa95-bfc9-4a1c-9a47-ff24715a0622/datanode-0/data/ratis/f7b85ff2-8c2f-4a79-b2fb-9c361074970d does not exist. Creating ...
2019-09-12 11:40:32,667 [pool-27-thread-1] INFO  storage.RaftStorageDirectory (RaftStorageDirectory.java:tryLock(328)) - Lock on /workdir/hadoop-ozone/ozonefs/target/test-dir/MiniOzoneClusterImpl-3f0ffa95-bfc9-4a1c-9a47-ff24715a0622/datanode-0/data/ratis/f7b85ff2-8c2f-4a79-b2fb-9c361074970d/in_use.lock acquired by nodename 26061@pr-hdds-1569-xtfnx-3545843844
2019-09-12 11:40:32,680 [pool-27-thread-1] INFO  storage.RaftStorage (RaftStorage.java:format(72)) - Storage directory /workdir/hadoop-ozone/ozonefs/target/test-dir/MiniOzoneClusterImpl-3f0ffa95-bfc9-4a1c-9a47-ff24715a0622/datanode-0/data/ratis/f7b85ff2-8c2f-4a79-b2fb-9c361074970d has been successfully formatted.
2019-09-12 11:40:32,680 [pool-27-thread-1] INFO  ratis.ContainerStateMachine (ContainerStateMachine.java:loadSnapshot(226)) - group-9C361074970D: The snapshot info is null. Setting the last applied indexto:(t:0, i:~)
2019-09-12 11:40:32,681 [pool-27-thread-1] INFO  server.RaftServerConfigKeys (ConfUtils.java:logGet(43)) - raft.server.leader.election.timeout = 120s (custom)
2019-09-12 11:40:32,681 [pool-27-thread-1] INFO  server.RaftServerConfigKeys (ConfUtils.java:logGet(43)) - raft.server.log.use.memory = false (default)
2019-09-12 11:40:32,681 [pool-27-thread-1] INFO  server.RaftServerConfigKeys (ConfUtils.java:logGet(43)) - raft.server.log.purge.gap = 1000000 (custom)
2019-09-12 11:40:32,681 [pool-27-thread-1] INFO  server.RaftServerConfigKeys (ConfUtils.java:logGet(43)) - raft.server.log.appender.buffer.byte-limit = 33554432 (custom)
2019-09-12 11:40:32,681 [pool-27-thread-1] INFO  server.RaftServerConfigKeys (ConfUtils.java:logGet(43)) - raft.server.log.segment.size.max = 1048576 (custom)
2019-09-12 11:40:32,681 [pool-27-thread-1] INFO  server.RaftServerConfigKeys (ConfUtils.java:logGet(43)) - raft.server.log.segment.cache.num.max = 2 (custom)
2019-09-12 11:40:32,681 [pool-27-thread-1] INFO  segmented.SegmentedRaftLogWorker (SegmentedRaftLogWorker.java:<init>(172)) - new 5d0352ef-d446-4a04-a69e-b6b493d47759-SegmentedRaftLogWorker:Storage Directory /workdir/hadoop-ozone/ozonefs/target/test-dir/MiniOzoneClusterImpl-3f0ffa95-bfc9-4a1c-9a47-ff24715a0622/datanode-0/data/ratis/f7b85ff2-8c2f-4a79-b2fb-9c361074970d for RaftStorage:Storage Directory /workdir/hadoop-ozone/ozonefs/target/test-dir/MiniOzoneClusterImpl-3f0ffa95-bfc9-4a1c-9a47-ff24715a0622/datanode-0/data/ratis/f7b85ff2-8c2f-4a79-b2fb-9c361074970d
2019-09-12 11:40:32,682 [pool-27-thread-1] INFO  server.RaftServerConfigKeys (ConfUtils.java:logGet(43)) - raft.server.log.queue.byte-limit = 2147483647 (custom)
2019-09-12 11:40:32,682 [pool-27-thread-1] INFO  server.RaftServerConfigKeys (ConfUtils.java:logGet(43)) - raft.server.log.queue.element-limit = 1024 (custom)
2019-09-12 11:40:32,682 [pool-27-thread-1] INFO  server.RaftServerConfigKeys (ConfUtils.java:logGet(43)) - raft.server.log.segment.size.max = 1048576 (custom)
2019-09-12 11:40:32,682 [pool-27-thread-1] INFO  server.RaftServerConfigKeys (ConfUtils.java:logGet(43)) - raft.server.log.preallocated.size = 16384 (custom)
2019-09-12 11:40:32,682 [pool-27-thread-1] INFO  server.RaftServerConfigKeys (ConfUtils.java:logGet(43)) - raft.server.log.write.buffer.size = 33554432 (custom)
2019-09-12 11:40:32,682 [pool-27-thread-1] INFO  server.RaftServerConfigKeys (ConfUtils.java:logGet(43)) - raft.server.log.force.sync.num = 128 (default)
2019-09-12 11:40:32,682 [pool-27-thread-1] INFO  server.RaftServerConfigKeys (ConfUtils.java:logGet(43)) - raft.server.log.statemachine.data.sync = true (default)
2019-09-12 11:40:32,682 [pool-27-thread-1] INFO  server.RaftServerConfigKeys (ConfUtils.java:logGet(43)) - raft.server.log.statemachine.data.sync.timeout = 10s (default)
2019-09-12 11:40:32,683 [pool-27-thread-1] INFO  server.RaftServerConfigKeys (ConfUtils.java:logGet(43)) - raft.server.log.statemachine.data.sync.timeout.retry = -1 (default)
2019-09-12 11:40:32,683 [pool-27-thread-1] INFO  server.RaftServerConfigKeys (ConfUtils.java:logGet(43)) - raft.server.log.statemachine.data.caching.enabled = true (custom)
2019-09-12 11:40:32,683 [pool-27-thread-1] INFO  segmented.SegmentedRaftLogWorker (SegmentedRaftLogWorker.java:lambda$new$0(132)) - 5d0352ef-d446-4a04-a69e-b6b493d47759-SegmentedRaftLogWorker:Storage Directory /workdir/hadoop-ozone/ozonefs/target/test-dir/MiniOzoneClusterImpl-3f0ffa95-bfc9-4a1c-9a47-ff24715a0622/datanode-0/data/ratis/f7b85ff2-8c2f-4a79-b2fb-9c361074970d: flushIndex: setUnconditionally 0 -> -1
2019-09-12 11:40:32,683 [pool-27-thread-1] INFO  server.RaftServerConfigKeys (ConfUtils.java:logGet(43)) - raft.server.snapshot.auto.trigger.enabled = true (custom)
2019-09-12 11:40:32,684 [pool-27-thread-1] INFO  server.RaftServerConfigKeys (ConfUtils.java:logGet(43)) - raft.server.snapshot.auto.trigger.threshold = 10000 (custom)
2019-09-12 11:40:32,684 [pool-27-thread-1] INFO  server.RaftServerConfigKeys (ConfUtils.java:logGet(43)) - raft.server.retrycache.expirytime = 600000ms (custom)
2019-09-12 11:40:32,684 [pool-27-thread-1] INFO  impl.RaftServerImpl (RaftServerImpl.java:start(180)) - 5d0352ef-d446-4a04-a69e-b6b493d47759: start group-9C361074970D
2019-09-12 11:40:32,684 [pool-27-thread-1] INFO  impl.RaftServerImpl (RaftServerImpl.java:setRole(171)) - 5d0352ef-d446-4a04-a69e-b6b493d47759:group-9C361074970D changes role from null to FOLLOWER at term 0 for startAsFollower
2019-09-12 11:40:32,684 [pool-27-thread-1] INFO  impl.RoleInfo (RoleInfo.java:updateAndGet(143)) - 5d0352ef-d446-4a04-a69e-b6b493d47759: start FollowerState
2019-09-12 11:40:32,685 [pool-27-thread-1] INFO  util.JmxRegister (JmxRegister.java:tryRegister(44)) - Successfully registered JMX Bean with object name Ratis:service=RaftServer,group=group-9C361074970D,id=5d0352ef-d446-4a04-a69e-b6b493d47759
2019-09-12 11:40:32,690 [RatisPipelineUtilsThread] INFO  pipeline.PipelineStateManager (PipelineStateManager.java:addPipeline(56)) - Created pipeline Pipeline[ Id: f7b85ff2-8c2f-4a79-b2fb-9c361074970d, Nodes: 5d0352ef-d446-4a04-a69e-b6b493d47759{ip: 192.168.157.195, host: pr-hdds-1569-xtfnx-3545843844, networkLocation: /default-rack, certSerialId: null}, Type:RATIS, Factor:ONE, State:OPEN]
2019-09-12 11:40:32,692 [RatisPipelineUtilsThread] ERROR pipeline.PipelinePlacementPolicy (PipelinePlacementPolicy.java:meetCriteria(91)) - Pipeline Placement: Doesn't meet the criteria to be viable node. Heaviness: 6
2019-09-12 11:40:32,693 [RatisPipelineUtilsThread] ERROR pipeline.PipelinePlacementPolicy (PipelinePlacementPolicy.java:meetCriteria(91)) - Pipeline Placement: Doesn't meet the criteria to be viable node. Heaviness: 6
2019-09-12 11:40:32,693 [RatisPipelineUtilsThread] ERROR pipeline.PipelinePlacementPolicy (PipelinePlacementPolicy.java:meetCriteria(91)) - Pipeline Placement: Doesn't meet the criteria to be viable node. Heaviness: 6
2019-09-12 11:40:32,703 [grpc-default-executor-0] INFO  impl.RaftServerProxy (RaftServerProxy.java:addNew(89)) - ef411258-a662-4696-ba26-405a55c9a048: addNew group-BA51E7BB0F17:[ef411258-a662-4696-ba26-405a55c9a048:192.168.157.195:37970] returns group-BA51E7BB0F17:java.util.concurrent.CompletableFuture@501a18d5[Not completed]
2019-09-12 11:40:32,704 [pool-71-thread-1] INFO  impl.RaftServerImpl (RaftServerImpl.java:<init>(93)) - ef411258-a662-4696-ba26-405a55c9a048: new RaftServerImpl for group-BA51E7BB0F17:[ef411258-a662-4696-ba26-405a55c9a048:192.168.157.195:37970] with ContainerStateMachine:uninitialized
2019-09-12 11:40:32,704 [pool-71-thread-1] INFO  server.RaftServerConfigKeys (ConfUtils.java:logGet(43)) - raft.server.rpc.timeout.min = 5s (custom)
2019-09-12 11:40:32,705 [pool-71-thread-1] INFO  server.RaftServerConfigKeys (ConfUtils.java:logGet(43)) - raft.server.rpc.timeout.max = 5200ms (custom)
2019-09-12 11:40:32,705 [pool-71-thread-1] INFO  server.RaftServerConfigKeys (ConfUtils.java:logGet(43)) - raft.server.rpcslowness.timeout = 120s (custom)
2019-09-12 11:40:32,705 [pool-71-thread-1] INFO  server.RaftServerConfigKeys (ConfUtils.java:logGet(43)) - raft.server.sleep.deviation.threshold = 300 (default)
2019-09-12 11:40:32,705 [pool-71-thread-1] INFO  server.RaftServerConfigKeys (ConfUtils.java:logGet(43)) - raft.server.log.appender.install.snapshot.enabled = false (custom)
2019-09-12 11:40:32,705 [pool-71-thread-1] INFO  impl.RaftServerImpl (ServerState.java:<init>(105)) - ef411258-a662-4696-ba26-405a55c9a048:group-BA51E7BB0F17 ConfigurationManager, init=-1: [ef411258-a662-4696-ba26-405a55c9a048:192.168.157.195:37970], old=null, confs=<EMPTY_MAP>
2019-09-12 11:40:32,705 [pool-71-thread-1] INFO  server.RaftServerConfigKeys (ConfUtils.java:logGet(43)) - raft.server.storage.dir = [/workdir/hadoop-ozone/ozonefs/target/test-dir/MiniOzoneClusterImpl-3f0ffa95-bfc9-4a1c-9a47-ff24715a0622/datanode-4/data/ratis] (custom)
2019-09-12 11:40:32,706 [pool-71-thread-1] INFO  storage.RaftStorageDirectory (RaftStorageDirectory.java:analyzeStorage(246)) - The storage directory /workdir/hadoop-ozone/ozonefs/target/test-dir/MiniOzoneClusterImpl-3f0ffa95-bfc9-4a1c-9a47-ff24715a0622/datanode-4/data/ratis/ada6a7fb-1908-40f2-baa9-ba51e7bb0f17 does not exist. Creating ...
2019-09-12 11:40:32,720 [pool-71-thread-1] INFO  storage.RaftStorageDirectory (RaftStorageDirectory.java:tryLock(328)) - Lock on /workdir/hadoop-ozone/ozonefs/target/test-dir/MiniOzoneClusterImpl-3f0ffa95-bfc9-4a1c-9a47-ff24715a0622/datanode-4/data/ratis/ada6a7fb-1908-40f2-baa9-ba51e7bb0f17/in_use.lock acquired by nodename 26061@pr-hdds-1569-xtfnx-3545843844
2019-09-12 11:40:32,733 [pool-71-thread-1] INFO  storage.RaftStorage (RaftStorage.java:format(72)) - Storage directory /workdir/hadoop-ozone/ozonefs/target/test-dir/MiniOzoneClusterImpl-3f0ffa95-bfc9-4a1c-9a47-ff24715a0622/datanode-4/data/ratis/ada6a7fb-1908-40f2-baa9-ba51e7bb0f17 has been successfully formatted.
2019-09-12 11:40:32,734 [pool-71-thread-1] INFO  ratis.ContainerStateMachine (ContainerStateMachine.java:loadSnapshot(226)) - group-BA51E7BB0F17: The snapshot info is null. Setting the last applied indexto:(t:0, i:~)
2019-09-12 11:40:32,734 [pool-71-thread-1] INFO  server.RaftServerConfigKeys (ConfUtils.java:logGet(43)) - raft.server.leader.election.timeout = 120s (custom)
2019-09-12 11:40:32,734 [pool-71-thread-1] INFO  server.RaftServerConfigKeys (ConfUtils.java:logGet(43)) - raft.server.log.use.memory = false (default)
2019-09-12 11:40:32,734 [pool-71-thread-1] INFO  server.RaftServerConfigKeys (ConfUtils.java:logGet(43)) - raft.server.log.purge.gap = 1000000 (custom)
2019-09-12 11:40:32,734 [pool-71-thread-1] INFO  server.RaftServerConfigKeys (ConfUtils.java:logGet(43)) - raft.server.log.appender.buffer.byte-limit = 33554432 (custom)
2019-09-12 11:40:32,735 [pool-71-thread-1] INFO  server.RaftServerConfigKeys (ConfUtils.java:logGet(43)) - raft.server.log.segment.size.max = 1048576 (custom)
2019-09-12 11:40:32,735 [pool-71-thread-1] INFO  server.RaftServerConfigKeys (ConfUtils.java:logGet(43)) - raft.server.log.segment.cache.num.max = 2 (custom)
2019-09-12 11:40:32,735 [pool-71-thread-1] INFO  segmented.SegmentedRaftLogWorker (SegmentedRaftLogWorker.java:<init>(172)) - new ef411258-a662-4696-ba26-405a55c9a048-SegmentedRaftLogWorker:Storage Directory /workdir/hadoop-ozone/ozonefs/target/test-dir/MiniOzoneClusterImpl-3f0ffa95-bfc9-4a1c-9a47-ff24715a0622/datanode-4/data/ratis/ada6a7fb-1908-40f2-baa9-ba51e7bb0f17 for RaftStorage:Storage Directory /workdir/hadoop-ozone/ozonefs/target/test-dir/MiniOzoneClusterImpl-3f0ffa95-bfc9-4a1c-9a47-ff24715a0622/datanode-4/data/ratis/ada6a7fb-1908-40f2-baa9-ba51e7bb0f17
2019-09-12 11:40:32,735 [pool-71-thread-1] INFO  server.RaftServerConfigKeys (ConfUtils.java:logGet(43)) - raft.server.log.queue.byte-limit = 2147483647 (custom)
2019-09-12 11:40:32,735 [pool-71-thread-1] INFO  server.RaftServerConfigKeys (ConfUtils.java:logGet(43)) - raft.server.log.queue.element-limit = 1024 (custom)
2019-09-12 11:40:32,735 [pool-71-thread-1] INFO  server.RaftServerConfigKeys (ConfUtils.java:logGet(43)) - raft.server.log.segment.size.max = 1048576 (custom)
2019-09-12 11:40:32,735 [pool-71-thread-1] INFO  server.RaftServerConfigKeys (ConfUtils.java:logGet(43)) - raft.server.log.preallocated.size = 16384 (custom)
2019-09-12 11:40:32,736 [pool-71-thread-1] INFO  server.RaftServerConfigKeys (ConfUtils.java:logGet(43)) - raft.server.log.write.buffer.size = 33554432 (custom)
2019-09-12 11:40:32,736 [pool-71-thread-1] INFO  server.RaftServerConfigKeys (ConfUtils.java:logGet(43)) - raft.server.log.force.sync.num = 128 (default)
2019-09-12 11:40:32,736 [pool-71-thread-1] INFO  server.RaftServerConfigKeys (ConfUtils.java:logGet(43)) - raft.server.log.statemachine.data.sync = true (default)
2019-09-12 11:40:32,736 [pool-71-thread-1] INFO  server.RaftServerConfigKeys (ConfUtils.java:logGet(43)) - raft.server.log.statemachine.data.sync.timeout = 10s (default)
2019-09-12 11:40:32,736 [pool-71-thread-1] INFO  server.RaftServerConfigKeys (ConfUtils.java:logGet(43)) - raft.server.log.statemachine.data.sync.timeout.retry = -1 (default)
2019-09-12 11:40:32,737 [pool-71-thread-1] INFO  server.RaftServerConfigKeys (ConfUtils.java:logGet(43)) - raft.server.log.statemachine.data.caching.enabled = true (custom)
2019-09-12 11:40:32,737 [pool-71-thread-1] INFO  segmented.SegmentedRaftLogWorker (SegmentedRaftLogWorker.java:lambda$new$0(132)) - ef411258-a662-4696-ba26-405a55c9a048-SegmentedRaftLogWorker:Storage Directory /workdir/hadoop-ozone/ozonefs/target/test-dir/MiniOzoneClusterImpl-3f0ffa95-bfc9-4a1c-9a47-ff24715a0622/datanode-4/data/ratis/ada6a7fb-1908-40f2-baa9-ba51e7bb0f17: flushIndex: setUnconditionally 0 -> -1
2019-09-12 11:40:32,737 [pool-71-thread-1] INFO  server.RaftServerConfigKeys (ConfUtils.java:logGet(43)) - raft.server.snapshot.auto.trigger.enabled = true (custom)
2019-09-12 11:40:32,737 [pool-71-thread-1] INFO  server.RaftServerConfigKeys (ConfUtils.java:logGet(43)) - raft.server.snapshot.auto.trigger.threshold = 10000 (custom)
2019-09-12 11:40:32,738 [pool-71-thread-1] INFO  server.RaftServerConfigKeys (ConfUtils.java:logGet(43)) - raft.server.retrycache.expirytime = 600000ms (custom)
2019-09-12 11:40:32,738 [pool-71-thread-1] INFO  impl.RaftServerImpl (RaftServerImpl.java:start(180)) - ef411258-a662-4696-ba26-405a55c9a048: start group-BA51E7BB0F17
2019-09-12 11:40:32,738 [pool-71-thread-1] INFO  impl.RaftServerImpl (RaftServerImpl.java:setRole(171)) - ef411258-a662-4696-ba26-405a55c9a048:group-BA51E7BB0F17 changes role from null to FOLLOWER at term 0 for startAsFollower
2019-09-12 11:40:32,738 [pool-71-thread-1] INFO  impl.RoleInfo (RoleInfo.java:updateAndGet(143)) - ef411258-a662-4696-ba26-405a55c9a048: start FollowerState
2019-09-12 11:40:32,739 [pool-71-thread-1] INFO  util.JmxRegister (JmxRegister.java:tryRegister(44)) - Successfully registered JMX Bean with object name Ratis:service=RaftServer,group=group-BA51E7BB0F17,id=ef411258-a662-4696-ba26-405a55c9a048
2019-09-12 11:40:32,744 [RatisPipelineUtilsThread] INFO  pipeline.PipelineStateManager (PipelineStateManager.java:addPipeline(56)) - Created pipeline Pipeline[ Id: ada6a7fb-1908-40f2-baa9-ba51e7bb0f17, Nodes: ef411258-a662-4696-ba26-405a55c9a048{ip: 192.168.157.195, host: pr-hdds-1569-xtfnx-3545843844, networkLocation: /default-rack, certSerialId: null}, Type:RATIS, Factor:ONE, State:OPEN]
2019-09-12 11:40:32,747 [RatisPipelineUtilsThread] ERROR pipeline.PipelinePlacementPolicy (PipelinePlacementPolicy.java:meetCriteria(91)) - Pipeline Placement: Doesn't meet the criteria to be viable node. Heaviness: 6
2019-09-12 11:40:32,747 [RatisPipelineUtilsThread] ERROR pipeline.PipelinePlacementPolicy (PipelinePlacementPolicy.java:meetCriteria(91)) - Pipeline Placement: Doesn't meet the criteria to be viable node. Heaviness: 6
2019-09-12 11:40:32,747 [RatisPipelineUtilsThread] ERROR pipeline.PipelinePlacementPolicy (PipelinePlacementPolicy.java:meetCriteria(91)) - Pipeline Placement: Doesn't meet the criteria to be viable node. Heaviness: 6
2019-09-12 11:40:32,748 | INFO  | SCMAudit | user=jenkins1000 | ip=192.168.157.195 | op=SEND_HEARTBEAT {datanodeUUID=875e3d5e-0813-40b8-b024-43837dd2f6d5, command=[]} | ret=SUCCESS |  
2019-09-12 11:40:32,758 [grpc-default-executor-0] INFO  impl.RaftServerProxy (RaftServerProxy.java:addNew(89)) - 5d0352ef-d446-4a04-a69e-b6b493d47759: addNew group-8445DA14DAE7:[5d0352ef-d446-4a04-a69e-b6b493d47759:192.168.157.195:35104] returns group-8445DA14DAE7:java.util.concurrent.CompletableFuture@4b32ebaf[Not completed]
2019-09-12 11:40:32,759 [pool-27-thread-1] INFO  impl.RaftServerImpl (RaftServerImpl.java:<init>(93)) - 5d0352ef-d446-4a04-a69e-b6b493d47759: new RaftServerImpl for group-8445DA14DAE7:[5d0352ef-d446-4a04-a69e-b6b493d47759:192.168.157.195:35104] with ContainerStateMachine:uninitialized
2019-09-12 11:40:32,760 [pool-27-thread-1] INFO  server.RaftServerConfigKeys (ConfUtils.java:logGet(43)) - raft.server.rpc.timeout.min = 5s (custom)
2019-09-12 11:40:32,760 [pool-27-thread-1] INFO  server.RaftServerConfigKeys (ConfUtils.java:logGet(43)) - raft.server.rpc.timeout.max = 5200ms (custom)
2019-09-12 11:40:32,760 [pool-27-thread-1] INFO  server.RaftServerConfigKeys (ConfUtils.java:logGet(43)) - raft.server.rpcslowness.timeout = 120s (custom)
2019-09-12 11:40:32,760 [pool-27-thread-1] INFO  server.RaftServerConfigKeys (ConfUtils.java:logGet(43)) - raft.server.sleep.deviation.threshold = 300 (default)
2019-09-12 11:40:32,760 [pool-27-thread-1] INFO  server.RaftServerConfigKeys (ConfUtils.java:logGet(43)) - raft.server.log.appender.install.snapshot.enabled = false (custom)
2019-09-12 11:40:32,761 [pool-27-thread-1] INFO  impl.RaftServerImpl (ServerState.java:<init>(105)) - 5d0352ef-d446-4a04-a69e-b6b493d47759:group-8445DA14DAE7 ConfigurationManager, init=-1: [5d0352ef-d446-4a04-a69e-b6b493d47759:192.168.157.195:35104], old=null, confs=<EMPTY_MAP>
2019-09-12 11:40:32,761 [pool-27-thread-1] INFO  server.RaftServerConfigKeys (ConfUtils.java:logGet(43)) - raft.server.storage.dir = [/workdir/hadoop-ozone/ozonefs/target/test-dir/MiniOzoneClusterImpl-3f0ffa95-bfc9-4a1c-9a47-ff24715a0622/datanode-0/data/ratis] (custom)
2019-09-12 11:40:32,761 [pool-27-thread-1] INFO  storage.RaftStorageDirectory (RaftStorageDirectory.java:analyzeStorage(246)) - The storage directory /workdir/hadoop-ozone/ozonefs/target/test-dir/MiniOzoneClusterImpl-3f0ffa95-bfc9-4a1c-9a47-ff24715a0622/datanode-0/data/ratis/85ec12bc-c6a5-42f5-b235-8445da14dae7 does not exist. Creating ...
2019-09-12 11:40:32,774 [pool-27-thread-1] INFO  storage.RaftStorageDirectory (RaftStorageDirectory.java:tryLock(328)) - Lock on /workdir/hadoop-ozone/ozonefs/target/test-dir/MiniOzoneClusterImpl-3f0ffa95-bfc9-4a1c-9a47-ff24715a0622/datanode-0/data/ratis/85ec12bc-c6a5-42f5-b235-8445da14dae7/in_use.lock acquired by nodename 26061@pr-hdds-1569-xtfnx-3545843844
2019-09-12 11:40:32,787 [pool-27-thread-1] INFO  storage.RaftStorage (RaftStorage.java:format(72)) - Storage directory /workdir/hadoop-ozone/ozonefs/target/test-dir/MiniOzoneClusterImpl-3f0ffa95-bfc9-4a1c-9a47-ff24715a0622/datanode-0/data/ratis/85ec12bc-c6a5-42f5-b235-8445da14dae7 has been successfully formatted.
2019-09-12 11:40:32,788 [pool-27-thread-1] INFO  ratis.ContainerStateMachine (ContainerStateMachine.java:loadSnapshot(226)) - group-8445DA14DAE7: The snapshot info is null. Setting the last applied indexto:(t:0, i:~)
2019-09-12 11:40:32,788 [pool-27-thread-1] INFO  server.RaftServerConfigKeys (ConfUtils.java:logGet(43)) - raft.server.leader.election.timeout = 120s (custom)
2019-09-12 11:40:32,788 [pool-27-thread-1] INFO  server.RaftServerConfigKeys (ConfUtils.java:logGet(43)) - raft.server.log.use.memory = false (default)
2019-09-12 11:40:32,788 [pool-27-thread-1] INFO  server.RaftServerConfigKeys (ConfUtils.java:logGet(43)) - raft.server.log.purge.gap = 1000000 (custom)
2019-09-12 11:40:32,788 [pool-27-thread-1] INFO  server.RaftServerConfigKeys (ConfUtils.java:logGet(43)) - raft.server.log.appender.buffer.byte-limit = 33554432 (custom)
2019-09-12 11:40:32,789 [pool-27-thread-1] INFO  server.RaftServerConfigKeys (ConfUtils.java:logGet(43)) - raft.server.log.segment.size.max = 1048576 (custom)
2019-09-12 11:40:32,789 [pool-27-thread-1] INFO  server.RaftServerConfigKeys (ConfUtils.java:logGet(43)) - raft.server.log.segment.cache.num.max = 2 (custom)
2019-09-12 11:40:32,789 [pool-27-thread-1] INFO  segmented.SegmentedRaftLogWorker (SegmentedRaftLogWorker.java:<init>(172)) - new 5d0352ef-d446-4a04-a69e-b6b493d47759-SegmentedRaftLogWorker:Storage Directory /workdir/hadoop-ozone/ozonefs/target/test-dir/MiniOzoneClusterImpl-3f0ffa95-bfc9-4a1c-9a47-ff24715a0622/datanode-0/data/ratis/85ec12bc-c6a5-42f5-b235-8445da14dae7 for RaftStorage:Storage Directory /workdir/hadoop-ozone/ozonefs/target/test-dir/MiniOzoneClusterImpl-3f0ffa95-bfc9-4a1c-9a47-ff24715a0622/datanode-0/data/ratis/85ec12bc-c6a5-42f5-b235-8445da14dae7
2019-09-12 11:40:32,789 [pool-27-thread-1] INFO  server.RaftServerConfigKeys (ConfUtils.java:logGet(43)) - raft.server.log.queue.byte-limit = 2147483647 (custom)
2019-09-12 11:40:32,789 [pool-27-thread-1] INFO  server.RaftServerConfigKeys (ConfUtils.java:logGet(43)) - raft.server.log.queue.element-limit = 1024 (custom)
2019-09-12 11:40:32,790 [pool-27-thread-1] INFO  server.RaftServerConfigKeys (ConfUtils.java:logGet(43)) - raft.server.log.segment.size.max = 1048576 (custom)
2019-09-12 11:40:32,790 [pool-27-thread-1] INFO  server.RaftServerConfigKeys (ConfUtils.java:logGet(43)) - raft.server.log.preallocated.size = 16384 (custom)
2019-09-12 11:40:32,790 [pool-27-thread-1] INFO  server.RaftServerConfigKeys (ConfUtils.java:logGet(43)) - raft.server.log.write.buffer.size = 33554432 (custom)
2019-09-12 11:40:32,790 [pool-27-thread-1] INFO  server.RaftServerConfigKeys (ConfUtils.java:logGet(43)) - raft.server.log.force.sync.num = 128 (default)
2019-09-12 11:40:32,790 [pool-27-thread-1] INFO  server.RaftServerConfigKeys (ConfUtils.java:logGet(43)) - raft.server.log.statemachine.data.sync = true (default)
2019-09-12 11:40:32,791 [pool-27-thread-1] INFO  server.RaftServerConfigKeys (ConfUtils.java:logGet(43)) - raft.server.log.statemachine.data.sync.timeout = 10s (default)
2019-09-12 11:40:32,791 [pool-27-thread-1] INFO  server.RaftServerConfigKeys (ConfUtils.java:logGet(43)) - raft.server.log.statemachine.data.sync.timeout.retry = -1 (default)
2019-09-12 11:40:32,791 [pool-27-thread-1] INFO  server.RaftServerConfigKeys (ConfUtils.java:logGet(43)) - raft.server.log.statemachine.data.caching.enabled = true (custom)
2019-09-12 11:40:32,791 [pool-27-thread-1] INFO  segmented.SegmentedRaftLogWorker (SegmentedRaftLogWorker.java:lambda$new$0(132)) - 5d0352ef-d446-4a04-a69e-b6b493d47759-SegmentedRaftLogWorker:Storage Directory /workdir/hadoop-ozone/ozonefs/target/test-dir/MiniOzoneClusterImpl-3f0ffa95-bfc9-4a1c-9a47-ff24715a0622/datanode-0/data/ratis/85ec12bc-c6a5-42f5-b235-8445da14dae7: flushIndex: setUnconditionally 0 -> -1
2019-09-12 11:40:32,792 [pool-27-thread-1] INFO  server.RaftServerConfigKeys (ConfUtils.java:logGet(43)) - raft.server.snapshot.auto.trigger.enabled = true (custom)
2019-09-12 11:40:32,792 [pool-27-thread-1] INFO  server.RaftServerConfigKeys (ConfUtils.java:logGet(43)) - raft.server.snapshot.auto.trigger.threshold = 10000 (custom)
2019-09-12 11:40:32,792 [pool-27-thread-1] INFO  server.RaftServerConfigKeys (ConfUtils.java:logGet(43)) - raft.server.retrycache.expirytime = 600000ms (custom)
2019-09-12 11:40:32,792 [pool-27-thread-1] INFO  impl.RaftServerImpl (RaftServerImpl.java:start(180)) - 5d0352ef-d446-4a04-a69e-b6b493d47759: start group-8445DA14DAE7
2019-09-12 11:40:32,793 [pool-27-thread-1] INFO  impl.RaftServerImpl (RaftServerImpl.java:setRole(171)) - 5d0352ef-d446-4a04-a69e-b6b493d47759:group-8445DA14DAE7 changes role from null to FOLLOWER at term 0 for startAsFollower
2019-09-12 11:40:32,793 [pool-27-thread-1] INFO  impl.RoleInfo (RoleInfo.java:updateAndGet(143)) - 5d0352ef-d446-4a04-a69e-b6b493d47759: start FollowerState
2019-09-12 11:40:32,793 [pool-27-thread-1] INFO  util.JmxRegister (JmxRegister.java:tryRegister(44)) - Successfully registered JMX Bean with object name Ratis:service=RaftServer,group=group-8445DA14DAE7,id=5d0352ef-d446-4a04-a69e-b6b493d47759
2019-09-12 11:40:32,799 [RatisPipelineUtilsThread] INFO  pipeline.PipelineStateManager (PipelineStateManager.java:addPipeline(56)) - Created pipeline Pipeline[ Id: 85ec12bc-c6a5-42f5-b235-8445da14dae7, Nodes: 5d0352ef-d446-4a04-a69e-b6b493d47759{ip: 192.168.157.195, host: pr-hdds-1569-xtfnx-3545843844, networkLocation: /default-rack, certSerialId: null}, Type:RATIS, Factor:ONE, State:OPEN]
2019-09-12 11:40:32,802 [RatisPipelineUtilsThread] ERROR pipeline.PipelinePlacementPolicy (PipelinePlacementPolicy.java:meetCriteria(91)) - Pipeline Placement: Doesn't meet the criteria to be viable node. Heaviness: 6
2019-09-12 11:40:32,802 [RatisPipelineUtilsThread] ERROR pipeline.PipelinePlacementPolicy (PipelinePlacementPolicy.java:meetCriteria(91)) - Pipeline Placement: Doesn't meet the criteria to be viable node. Heaviness: 6
2019-09-12 11:40:32,802 [RatisPipelineUtilsThread] ERROR pipeline.PipelinePlacementPolicy (PipelinePlacementPolicy.java:meetCriteria(91)) - Pipeline Placement: Doesn't meet the criteria to be viable node. Heaviness: 6
2019-09-12 11:40:32,813 [grpc-default-executor-0] INFO  impl.RaftServerProxy (RaftServerProxy.java:addNew(89)) - ef411258-a662-4696-ba26-405a55c9a048: addNew group-69A2CEC7BCA5:[ef411258-a662-4696-ba26-405a55c9a048:192.168.157.195:37970] returns group-69A2CEC7BCA5:java.util.concurrent.CompletableFuture@6f8f0d70[Not completed]
2019-09-12 11:40:32,815 [pool-71-thread-1] INFO  impl.RaftServerImpl (RaftServerImpl.java:<init>(93)) - ef411258-a662-4696-ba26-405a55c9a048: new RaftServerImpl for group-69A2CEC7BCA5:[ef411258-a662-4696-ba26-405a55c9a048:192.168.157.195:37970] with ContainerStateMachine:uninitialized
2019-09-12 11:40:32,815 [pool-71-thread-1] INFO  server.RaftServerConfigKeys (ConfUtils.java:logGet(43)) - raft.server.rpc.timeout.min = 5s (custom)
2019-09-12 11:40:32,815 [pool-71-thread-1] INFO  server.RaftServerConfigKeys (ConfUtils.java:logGet(43)) - raft.server.rpc.timeout.max = 5200ms (custom)
2019-09-12 11:40:32,815 [pool-71-thread-1] INFO  server.RaftServerConfigKeys (ConfUtils.java:logGet(43)) - raft.server.rpcslowness.timeout = 120s (custom)
2019-09-12 11:40:32,816 [pool-71-thread-1] INFO  server.RaftServerConfigKeys (ConfUtils.java:logGet(43)) - raft.server.sleep.deviation.threshold = 300 (default)
2019-09-12 11:40:32,816 [pool-71-thread-1] INFO  server.RaftServerConfigKeys (ConfUtils.java:logGet(43)) - raft.server.log.appender.install.snapshot.enabled = false (custom)
2019-09-12 11:40:32,816 [pool-71-thread-1] INFO  impl.RaftServerImpl (ServerState.java:<init>(105)) - ef411258-a662-4696-ba26-405a55c9a048:group-69A2CEC7BCA5 ConfigurationManager, init=-1: [ef411258-a662-4696-ba26-405a55c9a048:192.168.157.195:37970], old=null, confs=<EMPTY_MAP>
2019-09-12 11:40:32,816 [pool-71-thread-1] INFO  server.RaftServerConfigKeys (ConfUtils.java:logGet(43)) - raft.server.storage.dir = [/workdir/hadoop-ozone/ozonefs/target/test-dir/MiniOzoneClusterImpl-3f0ffa95-bfc9-4a1c-9a47-ff24715a0622/datanode-4/data/ratis] (custom)
2019-09-12 11:40:32,816 [pool-71-thread-1] INFO  storage.RaftStorageDirectory (RaftStorageDirectory.java:analyzeStorage(246)) - The storage directory /workdir/hadoop-ozone/ozonefs/target/test-dir/MiniOzoneClusterImpl-3f0ffa95-bfc9-4a1c-9a47-ff24715a0622/datanode-4/data/ratis/ee03322d-e67c-477e-a099-69a2cec7bca5 does not exist. Creating ...
2019-09-12 11:40:32,829 [pool-71-thread-1] INFO  storage.RaftStorageDirectory (RaftStorageDirectory.java:tryLock(328)) - Lock on /workdir/hadoop-ozone/ozonefs/target/test-dir/MiniOzoneClusterImpl-3f0ffa95-bfc9-4a1c-9a47-ff24715a0622/datanode-4/data/ratis/ee03322d-e67c-477e-a099-69a2cec7bca5/in_use.lock acquired by nodename 26061@pr-hdds-1569-xtfnx-3545843844
2019-09-12 11:40:32,842 [pool-71-thread-1] INFO  storage.RaftStorage (RaftStorage.java:format(72)) - Storage directory /workdir/hadoop-ozone/ozonefs/target/test-dir/MiniOzoneClusterImpl-3f0ffa95-bfc9-4a1c-9a47-ff24715a0622/datanode-4/data/ratis/ee03322d-e67c-477e-a099-69a2cec7bca5 has been successfully formatted.
2019-09-12 11:40:32,842 [pool-71-thread-1] INFO  ratis.ContainerStateMachine (ContainerStateMachine.java:loadSnapshot(226)) - group-69A2CEC7BCA5: The snapshot info is null. Setting the last applied indexto:(t:0, i:~)
2019-09-12 11:40:32,842 [pool-71-thread-1] INFO  server.RaftServerConfigKeys (ConfUtils.java:logGet(43)) - raft.server.leader.election.timeout = 120s (custom)
2019-09-12 11:40:32,843 [pool-71-thread-1] INFO  server.RaftServerConfigKeys (ConfUtils.java:logGet(43)) - raft.server.log.use.memory = false (default)
2019-09-12 11:40:32,843 [pool-71-thread-1] INFO  server.RaftServerConfigKeys (ConfUtils.java:logGet(43)) - raft.server.log.purge.gap = 1000000 (custom)
2019-09-12 11:40:32,843 [pool-71-thread-1] INFO  server.RaftServerConfigKeys (ConfUtils.java:logGet(43)) - raft.server.log.appender.buffer.byte-limit = 33554432 (custom)
2019-09-12 11:40:32,843 [pool-71-thread-1] INFO  server.RaftServerConfigKeys (ConfUtils.java:logGet(43)) - raft.server.log.segment.size.max = 1048576 (custom)
2019-09-12 11:40:32,843 [pool-71-thread-1] INFO  server.RaftServerConfigKeys (ConfUtils.java:logGet(43)) - raft.server.log.segment.cache.num.max = 2 (custom)
2019-09-12 11:40:32,843 [pool-71-thread-1] INFO  segmented.SegmentedRaftLogWorker (SegmentedRaftLogWorker.java:<init>(172)) - new ef411258-a662-4696-ba26-405a55c9a048-SegmentedRaftLogWorker:Storage Directory /workdir/hadoop-ozone/ozonefs/target/test-dir/MiniOzoneClusterImpl-3f0ffa95-bfc9-4a1c-9a47-ff24715a0622/datanode-4/data/ratis/ee03322d-e67c-477e-a099-69a2cec7bca5 for RaftStorage:Storage Directory /workdir/hadoop-ozone/ozonefs/target/test-dir/MiniOzoneClusterImpl-3f0ffa95-bfc9-4a1c-9a47-ff24715a0622/datanode-4/data/ratis/ee03322d-e67c-477e-a099-69a2cec7bca5
2019-09-12 11:40:32,843 [pool-71-thread-1] INFO  server.RaftServerConfigKeys (ConfUtils.java:logGet(43)) - raft.server.log.queue.byte-limit = 2147483647 (custom)
2019-09-12 11:40:32,844 [pool-71-thread-1] INFO  server.RaftServerConfigKeys (ConfUtils.java:logGet(43)) - raft.server.log.queue.element-limit = 1024 (custom)
2019-09-12 11:40:32,844 [pool-71-thread-1] INFO  server.RaftServerConfigKeys (ConfUtils.java:logGet(43)) - raft.server.log.segment.size.max = 1048576 (custom)
2019-09-12 11:40:32,844 [pool-71-thread-1] INFO  server.RaftServerConfigKeys (ConfUtils.java:logGet(43)) - raft.server.log.preallocated.size = 16384 (custom)
2019-09-12 11:40:32,844 [pool-71-thread-1] INFO  server.RaftServerConfigKeys (ConfUtils.java:logGet(43)) - raft.server.log.write.buffer.size = 33554432 (custom)
2019-09-12 11:40:32,844 [pool-71-thread-1] INFO  server.RaftServerConfigKeys (ConfUtils.java:logGet(43)) - raft.server.log.force.sync.num = 128 (default)
2019-09-12 11:40:32,844 [pool-71-thread-1] INFO  server.RaftServerConfigKeys (ConfUtils.java:logGet(43)) - raft.server.log.statemachine.data.sync = true (default)
2019-09-12 11:40:32,844 [pool-71-thread-1] INFO  server.RaftServerConfigKeys (ConfUtils.java:logGet(43)) - raft.server.log.statemachine.data.sync.timeout = 10s (default)
2019-09-12 11:40:32,845 [pool-71-thread-1] INFO  server.RaftServerConfigKeys (ConfUtils.java:logGet(43)) - raft.server.log.statemachine.data.sync.timeout.retry = -1 (default)
2019-09-12 11:40:32,845 [pool-71-thread-1] INFO  server.RaftServerConfigKeys (ConfUtils.java:logGet(43)) - raft.server.log.statemachine.data.caching.enabled = true (custom)
2019-09-12 11:40:32,845 [pool-71-thread-1] INFO  segmented.SegmentedRaftLogWorker (SegmentedRaftLogWorker.java:lambda$new$0(132)) - ef411258-a662-4696-ba26-405a55c9a048-SegmentedRaftLogWorker:Storage Directory /workdir/hadoop-ozone/ozonefs/target/test-dir/MiniOzoneClusterImpl-3f0ffa95-bfc9-4a1c-9a47-ff24715a0622/datanode-4/data/ratis/ee03322d-e67c-477e-a099-69a2cec7bca5: flushIndex: setUnconditionally 0 -> -1
2019-09-12 11:40:32,845 [pool-71-thread-1] INFO  server.RaftServerConfigKeys (ConfUtils.java:logGet(43)) - raft.server.snapshot.auto.trigger.enabled = true (custom)
2019-09-12 11:40:32,846 [pool-71-thread-1] INFO  server.RaftServerConfigKeys (ConfUtils.java:logGet(43)) - raft.server.snapshot.auto.trigger.threshold = 10000 (custom)
2019-09-12 11:40:32,846 [pool-71-thread-1] INFO  server.RaftServerConfigKeys (ConfUtils.java:logGet(43)) - raft.server.retrycache.expirytime = 600000ms (custom)
2019-09-12 11:40:32,846 [pool-71-thread-1] INFO  impl.RaftServerImpl (RaftServerImpl.java:start(180)) - ef411258-a662-4696-ba26-405a55c9a048: start group-69A2CEC7BCA5
2019-09-12 11:40:32,846 [pool-71-thread-1] INFO  impl.RaftServerImpl (RaftServerImpl.java:setRole(171)) - ef411258-a662-4696-ba26-405a55c9a048:group-69A2CEC7BCA5 changes role from null to FOLLOWER at term 0 for startAsFollower
2019-09-12 11:40:32,846 [pool-71-thread-1] INFO  impl.RoleInfo (RoleInfo.java:updateAndGet(143)) - ef411258-a662-4696-ba26-405a55c9a048: start FollowerState
2019-09-12 11:40:32,847 [pool-71-thread-1] INFO  util.JmxRegister (JmxRegister.java:tryRegister(44)) - Successfully registered JMX Bean with object name Ratis:service=RaftServer,group=group-69A2CEC7BCA5,id=ef411258-a662-4696-ba26-405a55c9a048
2019-09-12 11:40:32,853 [RatisPipelineUtilsThread] INFO  pipeline.PipelineStateManager (PipelineStateManager.java:addPipeline(56)) - Created pipeline Pipeline[ Id: ee03322d-e67c-477e-a099-69a2cec7bca5, Nodes: ef411258-a662-4696-ba26-405a55c9a048{ip: 192.168.157.195, host: pr-hdds-1569-xtfnx-3545843844, networkLocation: /default-rack, certSerialId: null}, Type:RATIS, Factor:ONE, State:OPEN]
2019-09-12 11:40:32,856 [RatisPipelineUtilsThread] ERROR pipeline.PipelinePlacementPolicy (PipelinePlacementPolicy.java:meetCriteria(91)) - Pipeline Placement: Doesn't meet the criteria to be viable node. Heaviness: 6
2019-09-12 11:40:32,856 [RatisPipelineUtilsThread] ERROR pipeline.PipelinePlacementPolicy (PipelinePlacementPolicy.java:meetCriteria(91)) - Pipeline Placement: Doesn't meet the criteria to be viable node. Heaviness: 6
2019-09-12 11:40:32,856 [RatisPipelineUtilsThread] ERROR pipeline.PipelinePlacementPolicy (PipelinePlacementPolicy.java:meetCriteria(91)) - Pipeline Placement: Doesn't meet the criteria to be viable node. Heaviness: 6
2019-09-12 11:40:32,868 [grpc-default-executor-0] INFO  impl.RaftServerProxy (RaftServerProxy.java:addNew(89)) - abc6f9f9-8862-43ee-ac13-b67e1574492b: addNew group-B091B5B35FA8:[abc6f9f9-8862-43ee-ac13-b67e1574492b:192.168.157.195:32913] returns group-B091B5B35FA8:java.util.concurrent.CompletableFuture@46769731[Not completed]
2019-09-12 11:40:32,869 [pool-49-thread-1] INFO  impl.RaftServerImpl (RaftServerImpl.java:<init>(93)) - abc6f9f9-8862-43ee-ac13-b67e1574492b: new RaftServerImpl for group-B091B5B35FA8:[abc6f9f9-8862-43ee-ac13-b67e1574492b:192.168.157.195:32913] with ContainerStateMachine:uninitialized
2019-09-12 11:40:32,869 [pool-49-thread-1] INFO  server.RaftServerConfigKeys (ConfUtils.java:logGet(43)) - raft.server.rpc.timeout.min = 5s (custom)
2019-09-12 11:40:32,869 [pool-49-thread-1] INFO  server.RaftServerConfigKeys (ConfUtils.java:logGet(43)) - raft.server.rpc.timeout.max = 5200ms (custom)
2019-09-12 11:40:32,869 [pool-49-thread-1] INFO  server.RaftServerConfigKeys (ConfUtils.java:logGet(43)) - raft.server.rpcslowness.timeout = 120s (custom)
2019-09-12 11:40:32,870 [pool-49-thread-1] INFO  server.RaftServerConfigKeys (ConfUtils.java:logGet(43)) - raft.server.sleep.deviation.threshold = 300 (default)
2019-09-12 11:40:32,870 [pool-49-thread-1] INFO  server.RaftServerConfigKeys (ConfUtils.java:logGet(43)) - raft.server.log.appender.install.snapshot.enabled = false (custom)
2019-09-12 11:40:32,870 [pool-49-thread-1] INFO  impl.RaftServerImpl (ServerState.java:<init>(105)) - abc6f9f9-8862-43ee-ac13-b67e1574492b:group-B091B5B35FA8 ConfigurationManager, init=-1: [abc6f9f9-8862-43ee-ac13-b67e1574492b:192.168.157.195:32913], old=null, confs=<EMPTY_MAP>
2019-09-12 11:40:32,870 [pool-49-thread-1] INFO  server.RaftServerConfigKeys (ConfUtils.java:logGet(43)) - raft.server.storage.dir = [/workdir/hadoop-ozone/ozonefs/target/test-dir/MiniOzoneClusterImpl-3f0ffa95-bfc9-4a1c-9a47-ff24715a0622/datanode-2/data/ratis] (custom)
2019-09-12 11:40:32,871 [pool-49-thread-1] INFO  storage.RaftStorageDirectory (RaftStorageDirectory.java:analyzeStorage(246)) - The storage directory /workdir/hadoop-ozone/ozonefs/target/test-dir/MiniOzoneClusterImpl-3f0ffa95-bfc9-4a1c-9a47-ff24715a0622/datanode-2/data/ratis/aa864350-ff14-4c0d-bdf4-b091b5b35fa8 does not exist. Creating ...
2019-09-12 11:40:32,882 [pool-49-thread-1] INFO  storage.RaftStorageDirectory (RaftStorageDirectory.java:tryLock(328)) - Lock on /workdir/hadoop-ozone/ozonefs/target/test-dir/MiniOzoneClusterImpl-3f0ffa95-bfc9-4a1c-9a47-ff24715a0622/datanode-2/data/ratis/aa864350-ff14-4c0d-bdf4-b091b5b35fa8/in_use.lock acquired by nodename 26061@pr-hdds-1569-xtfnx-3545843844
2019-09-12 11:40:32,906 [pool-49-thread-1] INFO  storage.RaftStorage (RaftStorage.java:format(72)) - Storage directory /workdir/hadoop-ozone/ozonefs/target/test-dir/MiniOzoneClusterImpl-3f0ffa95-bfc9-4a1c-9a47-ff24715a0622/datanode-2/data/ratis/aa864350-ff14-4c0d-bdf4-b091b5b35fa8 has been successfully formatted.
2019-09-12 11:40:32,906 [pool-49-thread-1] INFO  ratis.ContainerStateMachine (ContainerStateMachine.java:loadSnapshot(226)) - group-B091B5B35FA8: The snapshot info is null. Setting the last applied indexto:(t:0, i:~)
2019-09-12 11:40:32,906 [pool-49-thread-1] INFO  server.RaftServerConfigKeys (ConfUtils.java:logGet(43)) - raft.server.leader.election.timeout = 120s (custom)
2019-09-12 11:40:32,907 [pool-49-thread-1] INFO  server.RaftServerConfigKeys (ConfUtils.java:logGet(43)) - raft.server.log.use.memory = false (default)
2019-09-12 11:40:32,907 [pool-49-thread-1] INFO  server.RaftServerConfigKeys (ConfUtils.java:logGet(43)) - raft.server.log.purge.gap = 1000000 (custom)
2019-09-12 11:40:32,907 [pool-49-thread-1] INFO  server.RaftServerConfigKeys (ConfUtils.java:logGet(43)) - raft.server.log.appender.buffer.byte-limit = 33554432 (custom)
2019-09-12 11:40:32,907 [pool-49-thread-1] INFO  server.RaftServerConfigKeys (ConfUtils.java:logGet(43)) - raft.server.log.segment.size.max = 1048576 (custom)
2019-09-12 11:40:32,907 [pool-49-thread-1] INFO  server.RaftServerConfigKeys (ConfUtils.java:logGet(43)) - raft.server.log.segment.cache.num.max = 2 (custom)
2019-09-12 11:40:32,908 [pool-49-thread-1] INFO  segmented.SegmentedRaftLogWorker (SegmentedRaftLogWorker.java:<init>(172)) - new abc6f9f9-8862-43ee-ac13-b67e1574492b-SegmentedRaftLogWorker:Storage Directory /workdir/hadoop-ozone/ozonefs/target/test-dir/MiniOzoneClusterImpl-3f0ffa95-bfc9-4a1c-9a47-ff24715a0622/datanode-2/data/ratis/aa864350-ff14-4c0d-bdf4-b091b5b35fa8 for RaftStorage:Storage Directory /workdir/hadoop-ozone/ozonefs/target/test-dir/MiniOzoneClusterImpl-3f0ffa95-bfc9-4a1c-9a47-ff24715a0622/datanode-2/data/ratis/aa864350-ff14-4c0d-bdf4-b091b5b35fa8
2019-09-12 11:40:32,908 [pool-49-thread-1] INFO  server.RaftServerConfigKeys (ConfUtils.java:logGet(43)) - raft.server.log.queue.byte-limit = 2147483647 (custom)
2019-09-12 11:40:32,908 [pool-49-thread-1] INFO  server.RaftServerConfigKeys (ConfUtils.java:logGet(43)) - raft.server.log.queue.element-limit = 1024 (custom)
2019-09-12 11:40:32,908 [pool-49-thread-1] INFO  server.RaftServerConfigKeys (ConfUtils.java:logGet(43)) - raft.server.log.segment.size.max = 1048576 (custom)
2019-09-12 11:40:32,908 [pool-49-thread-1] INFO  server.RaftServerConfigKeys (ConfUtils.java:logGet(43)) - raft.server.log.preallocated.size = 16384 (custom)
2019-09-12 11:40:32,909 [pool-49-thread-1] INFO  server.RaftServerConfigKeys (ConfUtils.java:logGet(43)) - raft.server.log.write.buffer.size = 33554432 (custom)
2019-09-12 11:40:32,909 [pool-49-thread-1] INFO  server.RaftServerConfigKeys (ConfUtils.java:logGet(43)) - raft.server.log.force.sync.num = 128 (default)
2019-09-12 11:40:32,909 [pool-49-thread-1] INFO  server.RaftServerConfigKeys (ConfUtils.java:logGet(43)) - raft.server.log.statemachine.data.sync = true (default)
2019-09-12 11:40:32,909 [pool-49-thread-1] INFO  server.RaftServerConfigKeys (ConfUtils.java:logGet(43)) - raft.server.log.statemachine.data.sync.timeout = 10s (default)
2019-09-12 11:40:32,909 [pool-49-thread-1] INFO  server.RaftServerConfigKeys (ConfUtils.java:logGet(43)) - raft.server.log.statemachine.data.sync.timeout.retry = -1 (default)
2019-09-12 11:40:32,910 [pool-49-thread-1] INFO  server.RaftServerConfigKeys (ConfUtils.java:logGet(43)) - raft.server.log.statemachine.data.caching.enabled = true (custom)
2019-09-12 11:40:32,910 [pool-49-thread-1] INFO  segmented.SegmentedRaftLogWorker (SegmentedRaftLogWorker.java:lambda$new$0(132)) - abc6f9f9-8862-43ee-ac13-b67e1574492b-SegmentedRaftLogWorker:Storage Directory /workdir/hadoop-ozone/ozonefs/target/test-dir/MiniOzoneClusterImpl-3f0ffa95-bfc9-4a1c-9a47-ff24715a0622/datanode-2/data/ratis/aa864350-ff14-4c0d-bdf4-b091b5b35fa8: flushIndex: setUnconditionally 0 -> -1
2019-09-12 11:40:32,910 [pool-49-thread-1] INFO  server.RaftServerConfigKeys (ConfUtils.java:logGet(43)) - raft.server.snapshot.auto.trigger.enabled = true (custom)
2019-09-12 11:40:32,911 [pool-49-thread-1] INFO  server.RaftServerConfigKeys (ConfUtils.java:logGet(43)) - raft.server.snapshot.auto.trigger.threshold = 10000 (custom)
2019-09-12 11:40:32,911 [pool-49-thread-1] INFO  server.RaftServerConfigKeys (ConfUtils.java:logGet(43)) - raft.server.retrycache.expirytime = 600000ms (custom)
2019-09-12 11:40:32,911 [pool-49-thread-1] INFO  impl.RaftServerImpl (RaftServerImpl.java:start(180)) - abc6f9f9-8862-43ee-ac13-b67e1574492b: start group-B091B5B35FA8
2019-09-12 11:40:32,911 [pool-49-thread-1] INFO  impl.RaftServerImpl (RaftServerImpl.java:setRole(171)) - abc6f9f9-8862-43ee-ac13-b67e1574492b:group-B091B5B35FA8 changes role from null to FOLLOWER at term 0 for startAsFollower
2019-09-12 11:40:32,911 [pool-49-thread-1] INFO  impl.RoleInfo (RoleInfo.java:updateAndGet(143)) - abc6f9f9-8862-43ee-ac13-b67e1574492b: start FollowerState
2019-09-12 11:40:32,912 [pool-49-thread-1] INFO  util.JmxRegister (JmxRegister.java:tryRegister(44)) - Successfully registered JMX Bean with object name Ratis:service=RaftServer,group=group-B091B5B35FA8,id=abc6f9f9-8862-43ee-ac13-b67e1574492b
2019-09-12 11:40:32,918 | INFO  | SCMAudit | user=jenkins1000 | ip=192.168.157.195 | op=SEND_HEARTBEAT {datanodeUUID=abc6f9f9-8862-43ee-ac13-b67e1574492b, command=[]} | ret=SUCCESS |  
2019-09-12 11:40:32,918 [RatisPipelineUtilsThread] INFO  pipeline.PipelineStateManager (PipelineStateManager.java:addPipeline(56)) - Created pipeline Pipeline[ Id: aa864350-ff14-4c0d-bdf4-b091b5b35fa8, Nodes: abc6f9f9-8862-43ee-ac13-b67e1574492b{ip: 192.168.157.195, host: pr-hdds-1569-xtfnx-3545843844, networkLocation: /default-rack, certSerialId: null}, Type:RATIS, Factor:ONE, State:OPEN]
2019-09-12 11:40:32,920 [RatisPipelineUtilsThread] ERROR pipeline.PipelinePlacementPolicy (PipelinePlacementPolicy.java:meetCriteria(91)) - Pipeline Placement: Doesn't meet the criteria to be viable node. Heaviness: 6
2019-09-12 11:40:32,920 [RatisPipelineUtilsThread] ERROR pipeline.PipelinePlacementPolicy (PipelinePlacementPolicy.java:meetCriteria(91)) - Pipeline Placement: Doesn't meet the criteria to be viable node. Heaviness: 6
2019-09-12 11:40:32,921 [RatisPipelineUtilsThread] ERROR pipeline.PipelinePlacementPolicy (PipelinePlacementPolicy.java:meetCriteria(91)) - Pipeline Placement: Doesn't meet the criteria to be viable node. Heaviness: 6
2019-09-12 11:40:32,938 [grpc-default-executor-0] INFO  impl.RaftServerProxy (RaftServerProxy.java:addNew(89)) - b5e361a7-9275-4b10-aa61-1d8677ab7c49: addNew group-8F22F7E80142:[b5e361a7-9275-4b10-aa61-1d8677ab7c49:192.168.157.195:40278] returns group-8F22F7E80142:java.util.concurrent.CompletableFuture@254540bf[Not completed]
2019-09-12 11:40:32,940 [pool-115-thread-1] INFO  impl.RaftServerImpl (RaftServerImpl.java:<init>(93)) - b5e361a7-9275-4b10-aa61-1d8677ab7c49: new RaftServerImpl for group-8F22F7E80142:[b5e361a7-9275-4b10-aa61-1d8677ab7c49:192.168.157.195:40278] with ContainerStateMachine:uninitialized
2019-09-12 11:40:32,940 [pool-115-thread-1] INFO  server.RaftServerConfigKeys (ConfUtils.java:logGet(43)) - raft.server.rpc.timeout.min = 5s (custom)
2019-09-12 11:40:32,941 [pool-115-thread-1] INFO  server.RaftServerConfigKeys (ConfUtils.java:logGet(43)) - raft.server.rpc.timeout.max = 5200ms (custom)
2019-09-12 11:40:32,941 [pool-115-thread-1] INFO  server.RaftServerConfigKeys (ConfUtils.java:logGet(43)) - raft.server.rpcslowness.timeout = 120s (custom)
2019-09-12 11:40:32,941 [pool-115-thread-1] INFO  server.RaftServerConfigKeys (ConfUtils.java:logGet(43)) - raft.server.sleep.deviation.threshold = 300 (default)
2019-09-12 11:40:32,941 [pool-115-thread-1] INFO  server.RaftServerConfigKeys (ConfUtils.java:logGet(43)) - raft.server.log.appender.install.snapshot.enabled = false (custom)
2019-09-12 11:40:32,941 [pool-115-thread-1] INFO  impl.RaftServerImpl (ServerState.java:<init>(105)) - b5e361a7-9275-4b10-aa61-1d8677ab7c49:group-8F22F7E80142 ConfigurationManager, init=-1: [b5e361a7-9275-4b10-aa61-1d8677ab7c49:192.168.157.195:40278], old=null, confs=<EMPTY_MAP>
2019-09-12 11:40:32,942 [pool-115-thread-1] INFO  server.RaftServerConfigKeys (ConfUtils.java:logGet(43)) - raft.server.storage.dir = [/workdir/hadoop-ozone/ozonefs/target/test-dir/MiniOzoneClusterImpl-3f0ffa95-bfc9-4a1c-9a47-ff24715a0622/datanode-8/data/ratis] (custom)
2019-09-12 11:40:32,942 [pool-115-thread-1] INFO  storage.RaftStorageDirectory (RaftStorageDirectory.java:analyzeStorage(246)) - The storage directory /workdir/hadoop-ozone/ozonefs/target/test-dir/MiniOzoneClusterImpl-3f0ffa95-bfc9-4a1c-9a47-ff24715a0622/datanode-8/data/ratis/da2217a3-bea2-4cbb-8f96-8f22f7e80142 does not exist. Creating ...
2019-09-12 11:40:32,955 [pool-115-thread-1] INFO  storage.RaftStorageDirectory (RaftStorageDirectory.java:tryLock(328)) - Lock on /workdir/hadoop-ozone/ozonefs/target/test-dir/MiniOzoneClusterImpl-3f0ffa95-bfc9-4a1c-9a47-ff24715a0622/datanode-8/data/ratis/da2217a3-bea2-4cbb-8f96-8f22f7e80142/in_use.lock acquired by nodename 26061@pr-hdds-1569-xtfnx-3545843844
2019-09-12 11:40:32,968 [pool-115-thread-1] INFO  storage.RaftStorage (RaftStorage.java:format(72)) - Storage directory /workdir/hadoop-ozone/ozonefs/target/test-dir/MiniOzoneClusterImpl-3f0ffa95-bfc9-4a1c-9a47-ff24715a0622/datanode-8/data/ratis/da2217a3-bea2-4cbb-8f96-8f22f7e80142 has been successfully formatted.
2019-09-12 11:40:32,968 [pool-115-thread-1] INFO  ratis.ContainerStateMachine (ContainerStateMachine.java:loadSnapshot(226)) - group-8F22F7E80142: The snapshot info is null. Setting the last applied indexto:(t:0, i:~)
2019-09-12 11:40:32,968 [pool-115-thread-1] INFO  server.RaftServerConfigKeys (ConfUtils.java:logGet(43)) - raft.server.leader.election.timeout = 120s (custom)
2019-09-12 11:40:32,969 [pool-115-thread-1] INFO  server.RaftServerConfigKeys (ConfUtils.java:logGet(43)) - raft.server.log.use.memory = false (default)
2019-09-12 11:40:32,969 [pool-115-thread-1] INFO  server.RaftServerConfigKeys (ConfUtils.java:logGet(43)) - raft.server.log.purge.gap = 1000000 (custom)
2019-09-12 11:40:32,969 [pool-115-thread-1] INFO  server.RaftServerConfigKeys (ConfUtils.java:logGet(43)) - raft.server.log.appender.buffer.byte-limit = 33554432 (custom)
2019-09-12 11:40:32,969 [pool-115-thread-1] INFO  server.RaftServerConfigKeys (ConfUtils.java:logGet(43)) - raft.server.log.segment.size.max = 1048576 (custom)
2019-09-12 11:40:32,969 [pool-115-thread-1] INFO  server.RaftServerConfigKeys (ConfUtils.java:logGet(43)) - raft.server.log.segment.cache.num.max = 2 (custom)
2019-09-12 11:40:32,970 [pool-115-thread-1] INFO  segmented.SegmentedRaftLogWorker (SegmentedRaftLogWorker.java:<init>(172)) - new b5e361a7-9275-4b10-aa61-1d8677ab7c49-SegmentedRaftLogWorker:Storage Directory /workdir/hadoop-ozone/ozonefs/target/test-dir/MiniOzoneClusterImpl-3f0ffa95-bfc9-4a1c-9a47-ff24715a0622/datanode-8/data/ratis/da2217a3-bea2-4cbb-8f96-8f22f7e80142 for RaftStorage:Storage Directory /workdir/hadoop-ozone/ozonefs/target/test-dir/MiniOzoneClusterImpl-3f0ffa95-bfc9-4a1c-9a47-ff24715a0622/datanode-8/data/ratis/da2217a3-bea2-4cbb-8f96-8f22f7e80142
2019-09-12 11:40:32,970 [pool-115-thread-1] INFO  server.RaftServerConfigKeys (ConfUtils.java:logGet(43)) - raft.server.log.queue.byte-limit = 2147483647 (custom)
2019-09-12 11:40:32,970 [pool-115-thread-1] INFO  server.RaftServerConfigKeys (ConfUtils.java:logGet(43)) - raft.server.log.queue.element-limit = 1024 (custom)
2019-09-12 11:40:32,970 [pool-115-thread-1] INFO  server.RaftServerConfigKeys (ConfUtils.java:logGet(43)) - raft.server.log.segment.size.max = 1048576 (custom)
2019-09-12 11:40:32,970 [pool-115-thread-1] INFO  server.RaftServerConfigKeys (ConfUtils.java:logGet(43)) - raft.server.log.preallocated.size = 16384 (custom)
2019-09-12 11:40:32,971 [pool-115-thread-1] INFO  server.RaftServerConfigKeys (ConfUtils.java:logGet(43)) - raft.server.log.write.buffer.size = 33554432 (custom)
2019-09-12 11:40:32,971 [pool-115-thread-1] INFO  server.RaftServerConfigKeys (ConfUtils.java:logGet(43)) - raft.server.log.force.sync.num = 128 (default)
2019-09-12 11:40:32,971 [pool-115-thread-1] INFO  server.RaftServerConfigKeys (ConfUtils.java:logGet(43)) - raft.server.log.statemachine.data.sync = true (default)
2019-09-12 11:40:32,971 [pool-115-thread-1] INFO  server.RaftServerConfigKeys (ConfUtils.java:logGet(43)) - raft.server.log.statemachine.data.sync.timeout = 10s (default)
2019-09-12 11:40:32,971 [pool-115-thread-1] INFO  server.RaftServerConfigKeys (ConfUtils.java:logGet(43)) - raft.server.log.statemachine.data.sync.timeout.retry = -1 (default)
2019-09-12 11:40:32,972 [pool-115-thread-1] INFO  server.RaftServerConfigKeys (ConfUtils.java:logGet(43)) - raft.server.log.statemachine.data.caching.enabled = true (custom)
2019-09-12 11:40:32,972 [pool-115-thread-1] INFO  segmented.SegmentedRaftLogWorker (SegmentedRaftLogWorker.java:lambda$new$0(132)) - b5e361a7-9275-4b10-aa61-1d8677ab7c49-SegmentedRaftLogWorker:Storage Directory /workdir/hadoop-ozone/ozonefs/target/test-dir/MiniOzoneClusterImpl-3f0ffa95-bfc9-4a1c-9a47-ff24715a0622/datanode-8/data/ratis/da2217a3-bea2-4cbb-8f96-8f22f7e80142: flushIndex: setUnconditionally 0 -> -1
2019-09-12 11:40:32,972 [pool-115-thread-1] INFO  server.RaftServerConfigKeys (ConfUtils.java:logGet(43)) - raft.server.snapshot.auto.trigger.enabled = true (custom)
2019-09-12 11:40:32,973 [pool-115-thread-1] INFO  server.RaftServerConfigKeys (ConfUtils.java:logGet(43)) - raft.server.snapshot.auto.trigger.threshold = 10000 (custom)
2019-09-12 11:40:32,973 [pool-115-thread-1] INFO  server.RaftServerConfigKeys (ConfUtils.java:logGet(43)) - raft.server.retrycache.expirytime = 600000ms (custom)
2019-09-12 11:40:32,973 [pool-115-thread-1] INFO  impl.RaftServerImpl (RaftServerImpl.java:start(180)) - b5e361a7-9275-4b10-aa61-1d8677ab7c49: start group-8F22F7E80142
2019-09-12 11:40:32,973 [pool-115-thread-1] INFO  impl.RaftServerImpl (RaftServerImpl.java:setRole(171)) - b5e361a7-9275-4b10-aa61-1d8677ab7c49:group-8F22F7E80142 changes role from null to FOLLOWER at term 0 for startAsFollower
2019-09-12 11:40:32,973 [pool-115-thread-1] INFO  impl.RoleInfo (RoleInfo.java:updateAndGet(143)) - b5e361a7-9275-4b10-aa61-1d8677ab7c49: start FollowerState
2019-09-12 11:40:32,974 [pool-115-thread-1] INFO  util.JmxRegister (JmxRegister.java:tryRegister(44)) - Successfully registered JMX Bean with object name Ratis:service=RaftServer,group=group-8F22F7E80142,id=b5e361a7-9275-4b10-aa61-1d8677ab7c49
2019-09-12 11:40:32,981 [RatisPipelineUtilsThread] INFO  pipeline.PipelineStateManager (PipelineStateManager.java:addPipeline(56)) - Created pipeline Pipeline[ Id: da2217a3-bea2-4cbb-8f96-8f22f7e80142, Nodes: b5e361a7-9275-4b10-aa61-1d8677ab7c49{ip: 192.168.157.195, host: pr-hdds-1569-xtfnx-3545843844, networkLocation: /default-rack, certSerialId: null}, Type:RATIS, Factor:ONE, State:OPEN]
2019-09-12 11:40:32,993 [RatisPipelineUtilsThread] ERROR pipeline.PipelinePlacementPolicy (PipelinePlacementPolicy.java:meetCriteria(91)) - Pipeline Placement: Doesn't meet the criteria to be viable node. Heaviness: 6
2019-09-12 11:40:32,993 [RatisPipelineUtilsThread] ERROR pipeline.PipelinePlacementPolicy (PipelinePlacementPolicy.java:meetCriteria(91)) - Pipeline Placement: Doesn't meet the criteria to be viable node. Heaviness: 6
2019-09-12 11:40:32,993 [RatisPipelineUtilsThread] ERROR pipeline.PipelinePlacementPolicy (PipelinePlacementPolicy.java:meetCriteria(91)) - Pipeline Placement: Doesn't meet the criteria to be viable node. Heaviness: 6
2019-09-12 11:40:33,004 | INFO  | SCMAudit | user=jenkins1000 | ip=192.168.157.195 | op=SEND_HEARTBEAT {datanodeUUID=4255b290-7b6d-420f-97e2-6dfb55690bab, command=[]} | ret=SUCCESS |  
2019-09-12 11:40:33,028 [grpc-default-executor-0] INFO  impl.RaftServerProxy (RaftServerProxy.java:addNew(89)) - 5d0352ef-d446-4a04-a69e-b6b493d47759: addNew group-A21204DAD08D:[5d0352ef-d446-4a04-a69e-b6b493d47759:192.168.157.195:35104] returns group-A21204DAD08D:java.util.concurrent.CompletableFuture@664ed1b2[Not completed]
2019-09-12 11:40:33,030 [pool-27-thread-1] INFO  impl.RaftServerImpl (RaftServerImpl.java:<init>(93)) - 5d0352ef-d446-4a04-a69e-b6b493d47759: new RaftServerImpl for group-A21204DAD08D:[5d0352ef-d446-4a04-a69e-b6b493d47759:192.168.157.195:35104] with ContainerStateMachine:uninitialized
2019-09-12 11:40:33,030 [pool-27-thread-1] INFO  server.RaftServerConfigKeys (ConfUtils.java:logGet(43)) - raft.server.rpc.timeout.min = 5s (custom)
2019-09-12 11:40:33,031 [pool-27-thread-1] INFO  server.RaftServerConfigKeys (ConfUtils.java:logGet(43)) - raft.server.rpc.timeout.max = 5200ms (custom)
2019-09-12 11:40:33,031 [pool-27-thread-1] INFO  server.RaftServerConfigKeys (ConfUtils.java:logGet(43)) - raft.server.rpcslowness.timeout = 120s (custom)
2019-09-12 11:40:33,031 [pool-27-thread-1] INFO  server.RaftServerConfigKeys (ConfUtils.java:logGet(43)) - raft.server.sleep.deviation.threshold = 300 (default)
2019-09-12 11:40:33,031 [pool-27-thread-1] INFO  server.RaftServerConfigKeys (ConfUtils.java:logGet(43)) - raft.server.log.appender.install.snapshot.enabled = false (custom)
2019-09-12 11:40:33,031 [pool-27-thread-1] INFO  impl.RaftServerImpl (ServerState.java:<init>(105)) - 5d0352ef-d446-4a04-a69e-b6b493d47759:group-A21204DAD08D ConfigurationManager, init=-1: [5d0352ef-d446-4a04-a69e-b6b493d47759:192.168.157.195:35104], old=null, confs=<EMPTY_MAP>
2019-09-12 11:40:33,031 [pool-27-thread-1] INFO  server.RaftServerConfigKeys (ConfUtils.java:logGet(43)) - raft.server.storage.dir = [/workdir/hadoop-ozone/ozonefs/target/test-dir/MiniOzoneClusterImpl-3f0ffa95-bfc9-4a1c-9a47-ff24715a0622/datanode-0/data/ratis] (custom)
2019-09-12 11:40:33,032 [pool-27-thread-1] INFO  storage.RaftStorageDirectory (RaftStorageDirectory.java:analyzeStorage(246)) - The storage directory /workdir/hadoop-ozone/ozonefs/target/test-dir/MiniOzoneClusterImpl-3f0ffa95-bfc9-4a1c-9a47-ff24715a0622/datanode-0/data/ratis/21b0accb-2e5a-4120-8195-a21204dad08d does not exist. Creating ...
2019-09-12 11:40:33,045 [pool-27-thread-1] INFO  storage.RaftStorageDirectory (RaftStorageDirectory.java:tryLock(328)) - Lock on /workdir/hadoop-ozone/ozonefs/target/test-dir/MiniOzoneClusterImpl-3f0ffa95-bfc9-4a1c-9a47-ff24715a0622/datanode-0/data/ratis/21b0accb-2e5a-4120-8195-a21204dad08d/in_use.lock acquired by nodename 26061@pr-hdds-1569-xtfnx-3545843844
2019-09-12 11:40:33,059 [pool-27-thread-1] INFO  storage.RaftStorage (RaftStorage.java:format(72)) - Storage directory /workdir/hadoop-ozone/ozonefs/target/test-dir/MiniOzoneClusterImpl-3f0ffa95-bfc9-4a1c-9a47-ff24715a0622/datanode-0/data/ratis/21b0accb-2e5a-4120-8195-a21204dad08d has been successfully formatted.
2019-09-12 11:40:33,059 [pool-27-thread-1] INFO  ratis.ContainerStateMachine (ContainerStateMachine.java:loadSnapshot(226)) - group-A21204DAD08D: The snapshot info is null. Setting the last applied indexto:(t:0, i:~)
2019-09-12 11:40:33,059 [pool-27-thread-1] INFO  server.RaftServerConfigKeys (ConfUtils.java:logGet(43)) - raft.server.leader.election.timeout = 120s (custom)
2019-09-12 11:40:33,060 [pool-27-thread-1] INFO  server.RaftServerConfigKeys (ConfUtils.java:logGet(43)) - raft.server.log.use.memory = false (default)
2019-09-12 11:40:33,060 [pool-27-thread-1] INFO  server.RaftServerConfigKeys (ConfUtils.java:logGet(43)) - raft.server.log.purge.gap = 1000000 (custom)
2019-09-12 11:40:33,060 [pool-27-thread-1] INFO  server.RaftServerConfigKeys (ConfUtils.java:logGet(43)) - raft.server.log.appender.buffer.byte-limit = 33554432 (custom)
2019-09-12 11:40:33,060 [pool-27-thread-1] INFO  server.RaftServerConfigKeys (ConfUtils.java:logGet(43)) - raft.server.log.segment.size.max = 1048576 (custom)
2019-09-12 11:40:33,060 [pool-27-thread-1] INFO  server.RaftServerConfigKeys (ConfUtils.java:logGet(43)) - raft.server.log.segment.cache.num.max = 2 (custom)
2019-09-12 11:40:33,060 [pool-27-thread-1] INFO  segmented.SegmentedRaftLogWorker (SegmentedRaftLogWorker.java:<init>(172)) - new 5d0352ef-d446-4a04-a69e-b6b493d47759-SegmentedRaftLogWorker:Storage Directory /workdir/hadoop-ozone/ozonefs/target/test-dir/MiniOzoneClusterImpl-3f0ffa95-bfc9-4a1c-9a47-ff24715a0622/datanode-0/data/ratis/21b0accb-2e5a-4120-8195-a21204dad08d for RaftStorage:Storage Directory /workdir/hadoop-ozone/ozonefs/target/test-dir/MiniOzoneClusterImpl-3f0ffa95-bfc9-4a1c-9a47-ff24715a0622/datanode-0/data/ratis/21b0accb-2e5a-4120-8195-a21204dad08d
2019-09-12 11:40:33,061 [pool-27-thread-1] INFO  server.RaftServerConfigKeys (ConfUtils.java:logGet(43)) - raft.server.log.queue.byte-limit = 2147483647 (custom)
2019-09-12 11:40:33,061 [pool-27-thread-1] INFO  server.RaftServerConfigKeys (ConfUtils.java:logGet(43)) - raft.server.log.queue.element-limit = 1024 (custom)
2019-09-12 11:40:33,061 [pool-27-thread-1] INFO  server.RaftServerConfigKeys (ConfUtils.java:logGet(43)) - raft.server.log.segment.size.max = 1048576 (custom)
2019-09-12 11:40:33,061 [pool-27-thread-1] INFO  server.RaftServerConfigKeys (ConfUtils.java:logGet(43)) - raft.server.log.preallocated.size = 16384 (custom)
2019-09-12 11:40:33,061 [pool-27-thread-1] INFO  server.RaftServerConfigKeys (ConfUtils.java:logGet(43)) - raft.server.log.write.buffer.size = 33554432 (custom)
2019-09-12 11:40:33,061 [pool-27-thread-1] INFO  server.RaftServerConfigKeys (ConfUtils.java:logGet(43)) - raft.server.log.force.sync.num = 128 (default)
2019-09-12 11:40:33,061 [pool-27-thread-1] INFO  server.RaftServerConfigKeys (ConfUtils.java:logGet(43)) - raft.server.log.statemachine.data.sync = true (default)
2019-09-12 11:40:33,061 [pool-27-thread-1] INFO  server.RaftServerConfigKeys (ConfUtils.java:logGet(43)) - raft.server.log.statemachine.data.sync.timeout = 10s (default)
2019-09-12 11:40:33,062 [pool-27-thread-1] INFO  server.RaftServerConfigKeys (ConfUtils.java:logGet(43)) - raft.server.log.statemachine.data.sync.timeout.retry = -1 (default)
2019-09-12 11:40:33,062 [pool-27-thread-1] INFO  server.RaftServerConfigKeys (ConfUtils.java:logGet(43)) - raft.server.log.statemachine.data.caching.enabled = true (custom)
2019-09-12 11:40:33,062 [pool-27-thread-1] INFO  segmented.SegmentedRaftLogWorker (SegmentedRaftLogWorker.java:lambda$new$0(132)) - 5d0352ef-d446-4a04-a69e-b6b493d47759-SegmentedRaftLogWorker:Storage Directory /workdir/hadoop-ozone/ozonefs/target/test-dir/MiniOzoneClusterImpl-3f0ffa95-bfc9-4a1c-9a47-ff24715a0622/datanode-0/data/ratis/21b0accb-2e5a-4120-8195-a21204dad08d: flushIndex: setUnconditionally 0 -> -1
2019-09-12 11:40:33,063 [pool-27-thread-1] INFO  server.RaftServerConfigKeys (ConfUtils.java:logGet(43)) - raft.server.snapshot.auto.trigger.enabled = true (custom)
2019-09-12 11:40:33,063 [pool-27-thread-1] INFO  server.RaftServerConfigKeys (ConfUtils.java:logGet(43)) - raft.server.snapshot.auto.trigger.threshold = 10000 (custom)
2019-09-12 11:40:33,063 [pool-27-thread-1] INFO  server.RaftServerConfigKeys (ConfUtils.java:logGet(43)) - raft.server.retrycache.expirytime = 600000ms (custom)
2019-09-12 11:40:33,063 [pool-27-thread-1] INFO  impl.RaftServerImpl (RaftServerImpl.java:start(180)) - 5d0352ef-d446-4a04-a69e-b6b493d47759: start group-A21204DAD08D
2019-09-12 11:40:33,063 [pool-27-thread-1] INFO  impl.RaftServerImpl (RaftServerImpl.java:setRole(171)) - 5d0352ef-d446-4a04-a69e-b6b493d47759:group-A21204DAD08D changes role from null to FOLLOWER at term 0 for startAsFollower
2019-09-12 11:40:33,063 [pool-27-thread-1] INFO  impl.RoleInfo (RoleInfo.java:updateAndGet(143)) - 5d0352ef-d446-4a04-a69e-b6b493d47759: start FollowerState
2019-09-12 11:40:33,076 [pool-27-thread-1] INFO  util.JmxRegister (JmxRegister.java:tryRegister(44)) - Successfully registered JMX Bean with object name Ratis:service=RaftServer,group=group-A21204DAD08D,id=5d0352ef-d446-4a04-a69e-b6b493d47759
2019-09-12 11:40:33,098 [RatisPipelineUtilsThread] INFO  pipeline.PipelineStateManager (PipelineStateManager.java:addPipeline(56)) - Created pipeline Pipeline[ Id: 21b0accb-2e5a-4120-8195-a21204dad08d, Nodes: 5d0352ef-d446-4a04-a69e-b6b493d47759{ip: 192.168.157.195, host: pr-hdds-1569-xtfnx-3545843844, networkLocation: /default-rack, certSerialId: null}, Type:RATIS, Factor:ONE, State:OPEN]
2019-09-12 11:40:33,098 [RatisPipelineUtilsThread] ERROR pipeline.PipelinePlacementPolicy (PipelinePlacementPolicy.java:meetCriteria(91)) - Pipeline Placement: Doesn't meet the criteria to be viable node. Heaviness: 6
2019-09-12 11:40:33,098 [RatisPipelineUtilsThread] ERROR pipeline.PipelinePlacementPolicy (PipelinePlacementPolicy.java:meetCriteria(91)) - Pipeline Placement: Doesn't meet the criteria to be viable node. Heaviness: 6
2019-09-12 11:40:33,098 [RatisPipelineUtilsThread] ERROR pipeline.PipelinePlacementPolicy (PipelinePlacementPolicy.java:meetCriteria(91)) - Pipeline Placement: Doesn't meet the criteria to be viable node. Heaviness: 6
2019-09-12 11:40:33,099 [RatisPipelineUtilsThread] ERROR pipeline.PipelinePlacementPolicy (PipelinePlacementPolicy.java:meetCriteria(91)) - Pipeline Placement: Doesn't meet the criteria to be viable node. Heaviness: 6
2019-09-12 11:40:33,105 [grpc-default-executor-0] INFO  impl.RaftServerProxy (RaftServerProxy.java:addNew(89)) - abc6f9f9-8862-43ee-ac13-b67e1574492b: addNew group-974EEC7E57C9:[abc6f9f9-8862-43ee-ac13-b67e1574492b:192.168.157.195:32913] returns group-974EEC7E57C9:java.util.concurrent.CompletableFuture@6accf8d7[Not completed]
2019-09-12 11:40:33,107 [pool-49-thread-1] INFO  impl.RaftServerImpl (RaftServerImpl.java:<init>(93)) - abc6f9f9-8862-43ee-ac13-b67e1574492b: new RaftServerImpl for group-974EEC7E57C9:[abc6f9f9-8862-43ee-ac13-b67e1574492b:192.168.157.195:32913] with ContainerStateMachine:uninitialized
2019-09-12 11:40:33,107 [pool-49-thread-1] INFO  server.RaftServerConfigKeys (ConfUtils.java:logGet(43)) - raft.server.rpc.timeout.min = 5s (custom)
2019-09-12 11:40:33,107 [pool-49-thread-1] INFO  server.RaftServerConfigKeys (ConfUtils.java:logGet(43)) - raft.server.rpc.timeout.max = 5200ms (custom)
2019-09-12 11:40:33,107 [pool-49-thread-1] INFO  server.RaftServerConfigKeys (ConfUtils.java:logGet(43)) - raft.server.rpcslowness.timeout = 120s (custom)
2019-09-12 11:40:33,107 [pool-49-thread-1] INFO  server.RaftServerConfigKeys (ConfUtils.java:logGet(43)) - raft.server.sleep.deviation.threshold = 300 (default)
2019-09-12 11:40:33,107 [pool-49-thread-1] INFO  server.RaftServerConfigKeys (ConfUtils.java:logGet(43)) - raft.server.log.appender.install.snapshot.enabled = false (custom)
2019-09-12 11:40:33,107 [pool-49-thread-1] INFO  impl.RaftServerImpl (ServerState.java:<init>(105)) - abc6f9f9-8862-43ee-ac13-b67e1574492b:group-974EEC7E57C9 ConfigurationManager, init=-1: [abc6f9f9-8862-43ee-ac13-b67e1574492b:192.168.157.195:32913], old=null, confs=<EMPTY_MAP>
2019-09-12 11:40:33,108 [pool-49-thread-1] INFO  server.RaftServerConfigKeys (ConfUtils.java:logGet(43)) - raft.server.storage.dir = [/workdir/hadoop-ozone/ozonefs/target/test-dir/MiniOzoneClusterImpl-3f0ffa95-bfc9-4a1c-9a47-ff24715a0622/datanode-2/data/ratis] (custom)
2019-09-12 11:40:33,108 [pool-49-thread-1] INFO  storage.RaftStorageDirectory (RaftStorageDirectory.java:analyzeStorage(246)) - The storage directory /workdir/hadoop-ozone/ozonefs/target/test-dir/MiniOzoneClusterImpl-3f0ffa95-bfc9-4a1c-9a47-ff24715a0622/datanode-2/data/ratis/f57b65ce-aafe-4429-aeaa-974eec7e57c9 does not exist. Creating ...
2019-09-12 11:40:33,121 [pool-49-thread-1] INFO  storage.RaftStorageDirectory (RaftStorageDirectory.java:tryLock(328)) - Lock on /workdir/hadoop-ozone/ozonefs/target/test-dir/MiniOzoneClusterImpl-3f0ffa95-bfc9-4a1c-9a47-ff24715a0622/datanode-2/data/ratis/f57b65ce-aafe-4429-aeaa-974eec7e57c9/in_use.lock acquired by nodename 26061@pr-hdds-1569-xtfnx-3545843844
2019-09-12 11:40:33,147 [pool-49-thread-1] INFO  storage.RaftStorage (RaftStorage.java:format(72)) - Storage directory /workdir/hadoop-ozone/ozonefs/target/test-dir/MiniOzoneClusterImpl-3f0ffa95-bfc9-4a1c-9a47-ff24715a0622/datanode-2/data/ratis/f57b65ce-aafe-4429-aeaa-974eec7e57c9 has been successfully formatted.
2019-09-12 11:40:33,147 [pool-49-thread-1] INFO  ratis.ContainerStateMachine (ContainerStateMachine.java:loadSnapshot(226)) - group-974EEC7E57C9: The snapshot info is null. Setting the last applied indexto:(t:0, i:~)
2019-09-12 11:40:33,148 [pool-49-thread-1] INFO  server.RaftServerConfigKeys (ConfUtils.java:logGet(43)) - raft.server.leader.election.timeout = 120s (custom)
2019-09-12 11:40:33,148 [pool-49-thread-1] INFO  server.RaftServerConfigKeys (ConfUtils.java:logGet(43)) - raft.server.log.use.memory = false (default)
2019-09-12 11:40:33,148 [pool-49-thread-1] INFO  server.RaftServerConfigKeys (ConfUtils.java:logGet(43)) - raft.server.log.purge.gap = 1000000 (custom)
2019-09-12 11:40:33,148 [pool-49-thread-1] INFO  server.RaftServerConfigKeys (ConfUtils.java:logGet(43)) - raft.server.log.appender.buffer.byte-limit = 33554432 (custom)
2019-09-12 11:40:33,148 [pool-49-thread-1] INFO  server.RaftServerConfigKeys (ConfUtils.java:logGet(43)) - raft.server.log.segment.size.max = 1048576 (custom)
2019-09-12 11:40:33,148 [pool-49-thread-1] INFO  server.RaftServerConfigKeys (ConfUtils.java:logGet(43)) - raft.server.log.segment.cache.num.max = 2 (custom)
2019-09-12 11:40:33,149 [pool-49-thread-1] INFO  segmented.SegmentedRaftLogWorker (SegmentedRaftLogWorker.java:<init>(172)) - new abc6f9f9-8862-43ee-ac13-b67e1574492b-SegmentedRaftLogWorker:Storage Directory /workdir/hadoop-ozone/ozonefs/target/test-dir/MiniOzoneClusterImpl-3f0ffa95-bfc9-4a1c-9a47-ff24715a0622/datanode-2/data/ratis/f57b65ce-aafe-4429-aeaa-974eec7e57c9 for RaftStorage:Storage Directory /workdir/hadoop-ozone/ozonefs/target/test-dir/MiniOzoneClusterImpl-3f0ffa95-bfc9-4a1c-9a47-ff24715a0622/datanode-2/data/ratis/f57b65ce-aafe-4429-aeaa-974eec7e57c9
2019-09-12 11:40:33,149 [pool-49-thread-1] INFO  server.RaftServerConfigKeys (ConfUtils.java:logGet(43)) - raft.server.log.queue.byte-limit = 2147483647 (custom)
2019-09-12 11:40:33,149 [pool-49-thread-1] INFO  server.RaftServerConfigKeys (ConfUtils.java:logGet(43)) - raft.server.log.queue.element-limit = 1024 (custom)
2019-09-12 11:40:33,149 [pool-49-thread-1] INFO  server.RaftServerConfigKeys (ConfUtils.java:logGet(43)) - raft.server.log.segment.size.max = 1048576 (custom)
2019-09-12 11:40:33,149 [pool-49-thread-1] INFO  server.RaftServerConfigKeys (ConfUtils.java:logGet(43)) - raft.server.log.preallocated.size = 16384 (custom)
2019-09-12 11:40:33,149 [pool-49-thread-1] INFO  server.RaftServerConfigKeys (ConfUtils.java:logGet(43)) - raft.server.log.write.buffer.size = 33554432 (custom)
2019-09-12 11:40:33,149 [pool-49-thread-1] INFO  server.RaftServerConfigKeys (ConfUtils.java:logGet(43)) - raft.server.log.force.sync.num = 128 (default)
2019-09-12 11:40:33,149 [pool-49-thread-1] INFO  server.RaftServerConfigKeys (ConfUtils.java:logGet(43)) - raft.server.log.statemachine.data.sync = true (default)
2019-09-12 11:40:33,150 [pool-49-thread-1] INFO  server.RaftServerConfigKeys (ConfUtils.java:logGet(43)) - raft.server.log.statemachine.data.sync.timeout = 10s (default)
2019-09-12 11:40:33,150 [pool-49-thread-1] INFO  server.RaftServerConfigKeys (ConfUtils.java:logGet(43)) - raft.server.log.statemachine.data.sync.timeout.retry = -1 (default)
2019-09-12 11:40:33,150 [pool-49-thread-1] INFO  server.RaftServerConfigKeys (ConfUtils.java:logGet(43)) - raft.server.log.statemachine.data.caching.enabled = true (custom)
2019-09-12 11:40:33,150 [pool-49-thread-1] INFO  segmented.SegmentedRaftLogWorker (SegmentedRaftLogWorker.java:lambda$new$0(132)) - abc6f9f9-8862-43ee-ac13-b67e1574492b-SegmentedRaftLogWorker:Storage Directory /workdir/hadoop-ozone/ozonefs/target/test-dir/MiniOzoneClusterImpl-3f0ffa95-bfc9-4a1c-9a47-ff24715a0622/datanode-2/data/ratis/f57b65ce-aafe-4429-aeaa-974eec7e57c9: flushIndex: setUnconditionally 0 -> -1
2019-09-12 11:40:33,151 [pool-49-thread-1] INFO  server.RaftServerConfigKeys (ConfUtils.java:logGet(43)) - raft.server.snapshot.auto.trigger.enabled = true (custom)
2019-09-12 11:40:33,151 [pool-49-thread-1] INFO  server.RaftServerConfigKeys (ConfUtils.java:logGet(43)) - raft.server.snapshot.auto.trigger.threshold = 10000 (custom)
2019-09-12 11:40:33,151 [pool-49-thread-1] INFO  server.RaftServerConfigKeys (ConfUtils.java:logGet(43)) - raft.server.retrycache.expirytime = 600000ms (custom)
2019-09-12 11:40:33,151 [pool-49-thread-1] INFO  impl.RaftServerImpl (RaftServerImpl.java:start(180)) - abc6f9f9-8862-43ee-ac13-b67e1574492b: start group-974EEC7E57C9
2019-09-12 11:40:33,151 [pool-49-thread-1] INFO  impl.RaftServerImpl (RaftServerImpl.java:setRole(171)) - abc6f9f9-8862-43ee-ac13-b67e1574492b:group-974EEC7E57C9 changes role from null to FOLLOWER at term 0 for startAsFollower
2019-09-12 11:40:33,151 [pool-49-thread-1] INFO  impl.RoleInfo (RoleInfo.java:updateAndGet(143)) - abc6f9f9-8862-43ee-ac13-b67e1574492b: start FollowerState
2019-09-12 11:40:33,152 [pool-49-thread-1] INFO  util.JmxRegister (JmxRegister.java:tryRegister(44)) - Successfully registered JMX Bean with object name Ratis:service=RaftServer,group=group-974EEC7E57C9,id=abc6f9f9-8862-43ee-ac13-b67e1574492b
2019-09-12 11:40:33,155 [RatisPipelineUtilsThread] INFO  pipeline.PipelineStateManager (PipelineStateManager.java:addPipeline(56)) - Created pipeline Pipeline[ Id: f57b65ce-aafe-4429-aeaa-974eec7e57c9, Nodes: abc6f9f9-8862-43ee-ac13-b67e1574492b{ip: 192.168.157.195, host: pr-hdds-1569-xtfnx-3545843844, networkLocation: /default-rack, certSerialId: null}, Type:RATIS, Factor:ONE, State:OPEN]
2019-09-12 11:40:33,155 [RatisPipelineUtilsThread] ERROR pipeline.PipelinePlacementPolicy (PipelinePlacementPolicy.java:meetCriteria(91)) - Pipeline Placement: Doesn't meet the criteria to be viable node. Heaviness: 6
2019-09-12 11:40:33,155 [RatisPipelineUtilsThread] ERROR pipeline.PipelinePlacementPolicy (PipelinePlacementPolicy.java:meetCriteria(91)) - Pipeline Placement: Doesn't meet the criteria to be viable node. Heaviness: 6
2019-09-12 11:40:33,155 [RatisPipelineUtilsThread] ERROR pipeline.PipelinePlacementPolicy (PipelinePlacementPolicy.java:meetCriteria(91)) - Pipeline Placement: Doesn't meet the criteria to be viable node. Heaviness: 6
2019-09-12 11:40:33,156 [RatisPipelineUtilsThread] ERROR pipeline.PipelinePlacementPolicy (PipelinePlacementPolicy.java:meetCriteria(91)) - Pipeline Placement: Doesn't meet the criteria to be viable node. Heaviness: 6
2019-09-12 11:40:33,156 [RatisPipelineUtilsThread] ERROR pipeline.PipelinePlacementPolicy (PipelinePlacementPolicy.java:meetCriteria(91)) - Pipeline Placement: Doesn't meet the criteria to be viable node. Heaviness: 6
2019-09-12 11:40:33,161 [grpc-default-executor-0] INFO  impl.RaftServerProxy (RaftServerProxy.java:addNew(89)) - 8668900b-06f4-40f9-8926-68eb6348aa5d: addNew group-05D08B075F79:[8668900b-06f4-40f9-8926-68eb6348aa5d:192.168.157.195:38608] returns group-05D08B075F79:java.util.concurrent.CompletableFuture@76789339[Not completed]
2019-09-12 11:40:33,163 [pool-104-thread-1] INFO  impl.RaftServerImpl (RaftServerImpl.java:<init>(93)) - 8668900b-06f4-40f9-8926-68eb6348aa5d: new RaftServerImpl for group-05D08B075F79:[8668900b-06f4-40f9-8926-68eb6348aa5d:192.168.157.195:38608] with ContainerStateMachine:uninitialized
2019-09-12 11:40:33,163 [pool-104-thread-1] INFO  server.RaftServerConfigKeys (ConfUtils.java:logGet(43)) - raft.server.rpc.timeout.min = 5s (custom)
2019-09-12 11:40:33,163 [pool-104-thread-1] INFO  server.RaftServerConfigKeys (ConfUtils.java:logGet(43)) - raft.server.rpc.timeout.max = 5200ms (custom)
2019-09-12 11:40:33,163 [pool-104-thread-1] INFO  server.RaftServerConfigKeys (ConfUtils.java:logGet(43)) - raft.server.rpcslowness.timeout = 120s (custom)
2019-09-12 11:40:33,163 [pool-104-thread-1] INFO  server.RaftServerConfigKeys (ConfUtils.java:logGet(43)) - raft.server.sleep.deviation.threshold = 300 (default)
2019-09-12 11:40:33,164 [pool-104-thread-1] INFO  server.RaftServerConfigKeys (ConfUtils.java:logGet(43)) - raft.server.log.appender.install.snapshot.enabled = false (custom)
2019-09-12 11:40:33,164 [pool-104-thread-1] INFO  impl.RaftServerImpl (ServerState.java:<init>(105)) - 8668900b-06f4-40f9-8926-68eb6348aa5d:group-05D08B075F79 ConfigurationManager, init=-1: [8668900b-06f4-40f9-8926-68eb6348aa5d:192.168.157.195:38608], old=null, confs=<EMPTY_MAP>
2019-09-12 11:40:33,164 [pool-104-thread-1] INFO  server.RaftServerConfigKeys (ConfUtils.java:logGet(43)) - raft.server.storage.dir = [/workdir/hadoop-ozone/ozonefs/target/test-dir/MiniOzoneClusterImpl-3f0ffa95-bfc9-4a1c-9a47-ff24715a0622/datanode-7/data/ratis] (custom)
2019-09-12 11:40:33,164 [pool-104-thread-1] INFO  storage.RaftStorageDirectory (RaftStorageDirectory.java:analyzeStorage(246)) - The storage directory /workdir/hadoop-ozone/ozonefs/target/test-dir/MiniOzoneClusterImpl-3f0ffa95-bfc9-4a1c-9a47-ff24715a0622/datanode-7/data/ratis/bc0fd3ae-507d-4d96-b45e-05d08b075f79 does not exist. Creating ...
2019-09-12 11:40:33,183 [pool-104-thread-1] INFO  storage.RaftStorageDirectory (RaftStorageDirectory.java:tryLock(328)) - Lock on /workdir/hadoop-ozone/ozonefs/target/test-dir/MiniOzoneClusterImpl-3f0ffa95-bfc9-4a1c-9a47-ff24715a0622/datanode-7/data/ratis/bc0fd3ae-507d-4d96-b45e-05d08b075f79/in_use.lock acquired by nodename 26061@pr-hdds-1569-xtfnx-3545843844
2019-09-12 11:40:33,196 [pool-104-thread-1] INFO  storage.RaftStorage (RaftStorage.java:format(72)) - Storage directory /workdir/hadoop-ozone/ozonefs/target/test-dir/MiniOzoneClusterImpl-3f0ffa95-bfc9-4a1c-9a47-ff24715a0622/datanode-7/data/ratis/bc0fd3ae-507d-4d96-b45e-05d08b075f79 has been successfully formatted.
2019-09-12 11:40:33,197 [pool-104-thread-1] INFO  ratis.ContainerStateMachine (ContainerStateMachine.java:loadSnapshot(226)) - group-05D08B075F79: The snapshot info is null. Setting the last applied indexto:(t:0, i:~)
2019-09-12 11:40:33,197 [pool-104-thread-1] INFO  server.RaftServerConfigKeys (ConfUtils.java:logGet(43)) - raft.server.leader.election.timeout = 120s (custom)
2019-09-12 11:40:33,197 [pool-104-thread-1] INFO  server.RaftServerConfigKeys (ConfUtils.java:logGet(43)) - raft.server.log.use.memory = false (default)
2019-09-12 11:40:33,197 [pool-104-thread-1] INFO  server.RaftServerConfigKeys (ConfUtils.java:logGet(43)) - raft.server.log.purge.gap = 1000000 (custom)
2019-09-12 11:40:33,197 [pool-104-thread-1] INFO  server.RaftServerConfigKeys (ConfUtils.java:logGet(43)) - raft.server.log.appender.buffer.byte-limit = 33554432 (custom)
2019-09-12 11:40:33,198 [pool-104-thread-1] INFO  server.RaftServerConfigKeys (ConfUtils.java:logGet(43)) - raft.server.log.segment.size.max = 1048576 (custom)
2019-09-12 11:40:33,198 [pool-104-thread-1] INFO  server.RaftServerConfigKeys (ConfUtils.java:logGet(43)) - raft.server.log.segment.cache.num.max = 2 (custom)
2019-09-12 11:40:33,198 [pool-104-thread-1] INFO  segmented.SegmentedRaftLogWorker (SegmentedRaftLogWorker.java:<init>(172)) - new 8668900b-06f4-40f9-8926-68eb6348aa5d-SegmentedRaftLogWorker:Storage Directory /workdir/hadoop-ozone/ozonefs/target/test-dir/MiniOzoneClusterImpl-3f0ffa95-bfc9-4a1c-9a47-ff24715a0622/datanode-7/data/ratis/bc0fd3ae-507d-4d96-b45e-05d08b075f79 for RaftStorage:Storage Directory /workdir/hadoop-ozone/ozonefs/target/test-dir/MiniOzoneClusterImpl-3f0ffa95-bfc9-4a1c-9a47-ff24715a0622/datanode-7/data/ratis/bc0fd3ae-507d-4d96-b45e-05d08b075f79
2019-09-12 11:40:33,198 [pool-104-thread-1] INFO  server.RaftServerConfigKeys (ConfUtils.java:logGet(43)) - raft.server.log.queue.byte-limit = 2147483647 (custom)
2019-09-12 11:40:33,198 [pool-104-thread-1] INFO  server.RaftServerConfigKeys (ConfUtils.java:logGet(43)) - raft.server.log.queue.element-limit = 1024 (custom)
2019-09-12 11:40:33,198 [pool-104-thread-1] INFO  server.RaftServerConfigKeys (ConfUtils.java:logGet(43)) - raft.server.log.segment.size.max = 1048576 (custom)
2019-09-12 11:40:33,199 [pool-104-thread-1] INFO  server.RaftServerConfigKeys (ConfUtils.java:logGet(43)) - raft.server.log.preallocated.size = 16384 (custom)
2019-09-12 11:40:33,199 [pool-104-thread-1] INFO  server.RaftServerConfigKeys (ConfUtils.java:logGet(43)) - raft.server.log.write.buffer.size = 33554432 (custom)
2019-09-12 11:40:33,199 [pool-104-thread-1] INFO  server.RaftServerConfigKeys (ConfUtils.java:logGet(43)) - raft.server.log.force.sync.num = 128 (default)
2019-09-12 11:40:33,199 [pool-104-thread-1] INFO  server.RaftServerConfigKeys (ConfUtils.java:logGet(43)) - raft.server.log.statemachine.data.sync = true (default)
2019-09-12 11:40:33,199 [pool-104-thread-1] INFO  server.RaftServerConfigKeys (ConfUtils.java:logGet(43)) - raft.server.log.statemachine.data.sync.timeout = 10s (default)
2019-09-12 11:40:33,199 [pool-104-thread-1] INFO  server.RaftServerConfigKeys (ConfUtils.java:logGet(43)) - raft.server.log.statemachine.data.sync.timeout.retry = -1 (default)
2019-09-12 11:40:33,200 [pool-104-thread-1] INFO  server.RaftServerConfigKeys (ConfUtils.java:logGet(43)) - raft.server.log.statemachine.data.caching.enabled = true (custom)
2019-09-12 11:40:33,200 [pool-104-thread-1] INFO  segmented.SegmentedRaftLogWorker (SegmentedRaftLogWorker.java:lambda$new$0(132)) - 8668900b-06f4-40f9-8926-68eb6348aa5d-SegmentedRaftLogWorker:Storage Directory /workdir/hadoop-ozone/ozonefs/target/test-dir/MiniOzoneClusterImpl-3f0ffa95-bfc9-4a1c-9a47-ff24715a0622/datanode-7/data/ratis/bc0fd3ae-507d-4d96-b45e-05d08b075f79: flushIndex: setUnconditionally 0 -> -1
2019-09-12 11:40:33,200 [pool-104-thread-1] INFO  server.RaftServerConfigKeys (ConfUtils.java:logGet(43)) - raft.server.snapshot.auto.trigger.enabled = true (custom)
2019-09-12 11:40:33,201 [pool-104-thread-1] INFO  server.RaftServerConfigKeys (ConfUtils.java:logGet(43)) - raft.server.snapshot.auto.trigger.threshold = 10000 (custom)
2019-09-12 11:40:33,201 [pool-104-thread-1] INFO  server.RaftServerConfigKeys (ConfUtils.java:logGet(43)) - raft.server.retrycache.expirytime = 600000ms (custom)
2019-09-12 11:40:33,201 [pool-104-thread-1] INFO  impl.RaftServerImpl (RaftServerImpl.java:start(180)) - 8668900b-06f4-40f9-8926-68eb6348aa5d: start group-05D08B075F79
2019-09-12 11:40:33,201 [pool-104-thread-1] INFO  impl.RaftServerImpl (RaftServerImpl.java:setRole(171)) - 8668900b-06f4-40f9-8926-68eb6348aa5d:group-05D08B075F79 changes role from null to FOLLOWER at term 0 for startAsFollower
2019-09-12 11:40:33,201 [pool-104-thread-1] INFO  impl.RoleInfo (RoleInfo.java:updateAndGet(143)) - 8668900b-06f4-40f9-8926-68eb6348aa5d: start FollowerState
2019-09-12 11:40:33,202 [pool-104-thread-1] INFO  util.JmxRegister (JmxRegister.java:tryRegister(44)) - Successfully registered JMX Bean with object name Ratis:service=RaftServer,group=group-05D08B075F79,id=8668900b-06f4-40f9-8926-68eb6348aa5d
2019-09-12 11:40:33,205 [RatisPipelineUtilsThread] INFO  pipeline.PipelineStateManager (PipelineStateManager.java:addPipeline(56)) - Created pipeline Pipeline[ Id: bc0fd3ae-507d-4d96-b45e-05d08b075f79, Nodes: 8668900b-06f4-40f9-8926-68eb6348aa5d{ip: 192.168.157.195, host: pr-hdds-1569-xtfnx-3545843844, networkLocation: /default-rack, certSerialId: null}, Type:RATIS, Factor:ONE, State:OPEN]
2019-09-12 11:40:33,206 [RatisPipelineUtilsThread] ERROR pipeline.PipelinePlacementPolicy (PipelinePlacementPolicy.java:meetCriteria(91)) - Pipeline Placement: Doesn't meet the criteria to be viable node. Heaviness: 6
2019-09-12 11:40:33,206 [RatisPipelineUtilsThread] ERROR pipeline.PipelinePlacementPolicy (PipelinePlacementPolicy.java:meetCriteria(91)) - Pipeline Placement: Doesn't meet the criteria to be viable node. Heaviness: 6
2019-09-12 11:40:33,206 [RatisPipelineUtilsThread] ERROR pipeline.PipelinePlacementPolicy (PipelinePlacementPolicy.java:meetCriteria(91)) - Pipeline Placement: Doesn't meet the criteria to be viable node. Heaviness: 6
2019-09-12 11:40:33,206 [RatisPipelineUtilsThread] ERROR pipeline.PipelinePlacementPolicy (PipelinePlacementPolicy.java:meetCriteria(91)) - Pipeline Placement: Doesn't meet the criteria to be viable node. Heaviness: 6
2019-09-12 11:40:33,206 [RatisPipelineUtilsThread] ERROR pipeline.PipelinePlacementPolicy (PipelinePlacementPolicy.java:meetCriteria(91)) - Pipeline Placement: Doesn't meet the criteria to be viable node. Heaviness: 6
2019-09-12 11:40:33,213 [grpc-default-executor-0] INFO  impl.RaftServerProxy (RaftServerProxy.java:addNew(89)) - b5e361a7-9275-4b10-aa61-1d8677ab7c49: addNew group-766948FCFB11:[b5e361a7-9275-4b10-aa61-1d8677ab7c49:192.168.157.195:40278] returns group-766948FCFB11:java.util.concurrent.CompletableFuture@662ba61[Not completed]
2019-09-12 11:40:33,214 [pool-115-thread-1] INFO  impl.RaftServerImpl (RaftServerImpl.java:<init>(93)) - b5e361a7-9275-4b10-aa61-1d8677ab7c49: new RaftServerImpl for group-766948FCFB11:[b5e361a7-9275-4b10-aa61-1d8677ab7c49:192.168.157.195:40278] with ContainerStateMachine:uninitialized
2019-09-12 11:40:33,214 [pool-115-thread-1] INFO  server.RaftServerConfigKeys (ConfUtils.java:logGet(43)) - raft.server.rpc.timeout.min = 5s (custom)
2019-09-12 11:40:33,214 [pool-115-thread-1] INFO  server.RaftServerConfigKeys (ConfUtils.java:logGet(43)) - raft.server.rpc.timeout.max = 5200ms (custom)
2019-09-12 11:40:33,215 [pool-115-thread-1] INFO  server.RaftServerConfigKeys (ConfUtils.java:logGet(43)) - raft.server.rpcslowness.timeout = 120s (custom)
2019-09-12 11:40:33,215 [pool-115-thread-1] INFO  server.RaftServerConfigKeys (ConfUtils.java:logGet(43)) - raft.server.sleep.deviation.threshold = 300 (default)
2019-09-12 11:40:33,215 [pool-115-thread-1] INFO  server.RaftServerConfigKeys (ConfUtils.java:logGet(43)) - raft.server.log.appender.install.snapshot.enabled = false (custom)
2019-09-12 11:40:33,215 [pool-115-thread-1] INFO  impl.RaftServerImpl (ServerState.java:<init>(105)) - b5e361a7-9275-4b10-aa61-1d8677ab7c49:group-766948FCFB11 ConfigurationManager, init=-1: [b5e361a7-9275-4b10-aa61-1d8677ab7c49:192.168.157.195:40278], old=null, confs=<EMPTY_MAP>
2019-09-12 11:40:33,215 [pool-115-thread-1] INFO  server.RaftServerConfigKeys (ConfUtils.java:logGet(43)) - raft.server.storage.dir = [/workdir/hadoop-ozone/ozonefs/target/test-dir/MiniOzoneClusterImpl-3f0ffa95-bfc9-4a1c-9a47-ff24715a0622/datanode-8/data/ratis] (custom)
2019-09-12 11:40:33,216 [pool-115-thread-1] INFO  storage.RaftStorageDirectory (RaftStorageDirectory.java:analyzeStorage(246)) - The storage directory /workdir/hadoop-ozone/ozonefs/target/test-dir/MiniOzoneClusterImpl-3f0ffa95-bfc9-4a1c-9a47-ff24715a0622/datanode-8/data/ratis/5926e119-6603-4ce2-9376-766948fcfb11 does not exist. Creating ...
2019-09-12 11:40:33,216 | INFO  | SCMAudit | user=jenkins1000 | ip=192.168.157.195 | op=SEND_HEARTBEAT {datanodeUUID=8668900b-06f4-40f9-8926-68eb6348aa5d, command=[]} | ret=SUCCESS |  
2019-09-12 11:40:33,228 [pool-115-thread-1] INFO  storage.RaftStorageDirectory (RaftStorageDirectory.java:tryLock(328)) - Lock on /workdir/hadoop-ozone/ozonefs/target/test-dir/MiniOzoneClusterImpl-3f0ffa95-bfc9-4a1c-9a47-ff24715a0622/datanode-8/data/ratis/5926e119-6603-4ce2-9376-766948fcfb11/in_use.lock acquired by nodename 26061@pr-hdds-1569-xtfnx-3545843844
2019-09-12 11:40:33,241 [pool-115-thread-1] INFO  storage.RaftStorage (RaftStorage.java:format(72)) - Storage directory /workdir/hadoop-ozone/ozonefs/target/test-dir/MiniOzoneClusterImpl-3f0ffa95-bfc9-4a1c-9a47-ff24715a0622/datanode-8/data/ratis/5926e119-6603-4ce2-9376-766948fcfb11 has been successfully formatted.
2019-09-12 11:40:33,241 [pool-115-thread-1] INFO  ratis.ContainerStateMachine (ContainerStateMachine.java:loadSnapshot(226)) - group-766948FCFB11: The snapshot info is null. Setting the last applied indexto:(t:0, i:~)
2019-09-12 11:40:33,241 [pool-115-thread-1] INFO  server.RaftServerConfigKeys (ConfUtils.java:logGet(43)) - raft.server.leader.election.timeout = 120s (custom)
2019-09-12 11:40:33,242 [pool-115-thread-1] INFO  server.RaftServerConfigKeys (ConfUtils.java:logGet(43)) - raft.server.log.use.memory = false (default)
2019-09-12 11:40:33,242 [pool-115-thread-1] INFO  server.RaftServerConfigKeys (ConfUtils.java:logGet(43)) - raft.server.log.purge.gap = 1000000 (custom)
2019-09-12 11:40:33,242 [pool-115-thread-1] INFO  server.RaftServerConfigKeys (ConfUtils.java:logGet(43)) - raft.server.log.appender.buffer.byte-limit = 33554432 (custom)
2019-09-12 11:40:33,242 [pool-115-thread-1] INFO  server.RaftServerConfigKeys (ConfUtils.java:logGet(43)) - raft.server.log.segment.size.max = 1048576 (custom)
2019-09-12 11:40:33,242 [pool-115-thread-1] INFO  server.RaftServerConfigKeys (ConfUtils.java:logGet(43)) - raft.server.log.segment.cache.num.max = 2 (custom)
2019-09-12 11:40:33,242 [pool-115-thread-1] INFO  segmented.SegmentedRaftLogWorker (SegmentedRaftLogWorker.java:<init>(172)) - new b5e361a7-9275-4b10-aa61-1d8677ab7c49-SegmentedRaftLogWorker:Storage Directory /workdir/hadoop-ozone/ozonefs/target/test-dir/MiniOzoneClusterImpl-3f0ffa95-bfc9-4a1c-9a47-ff24715a0622/datanode-8/data/ratis/5926e119-6603-4ce2-9376-766948fcfb11 for RaftStorage:Storage Directory /workdir/hadoop-ozone/ozonefs/target/test-dir/MiniOzoneClusterImpl-3f0ffa95-bfc9-4a1c-9a47-ff24715a0622/datanode-8/data/ratis/5926e119-6603-4ce2-9376-766948fcfb11
2019-09-12 11:40:33,242 [pool-115-thread-1] INFO  server.RaftServerConfigKeys (ConfUtils.java:logGet(43)) - raft.server.log.queue.byte-limit = 2147483647 (custom)
2019-09-12 11:40:33,243 [pool-115-thread-1] INFO  server.RaftServerConfigKeys (ConfUtils.java:logGet(43)) - raft.server.log.queue.element-limit = 1024 (custom)
2019-09-12 11:40:33,243 [pool-115-thread-1] INFO  server.RaftServerConfigKeys (ConfUtils.java:logGet(43)) - raft.server.log.segment.size.max = 1048576 (custom)
2019-09-12 11:40:33,243 [pool-115-thread-1] INFO  server.RaftServerConfigKeys (ConfUtils.java:logGet(43)) - raft.server.log.preallocated.size = 16384 (custom)
2019-09-12 11:40:33,243 [pool-115-thread-1] INFO  server.RaftServerConfigKeys (ConfUtils.java:logGet(43)) - raft.server.log.write.buffer.size = 33554432 (custom)
2019-09-12 11:40:33,243 [pool-115-thread-1] INFO  server.RaftServerConfigKeys (ConfUtils.java:logGet(43)) - raft.server.log.force.sync.num = 128 (default)
2019-09-12 11:40:33,243 [pool-115-thread-1] INFO  server.RaftServerConfigKeys (ConfUtils.java:logGet(43)) - raft.server.log.statemachine.data.sync = true (default)
2019-09-12 11:40:33,243 [pool-115-thread-1] INFO  server.RaftServerConfigKeys (ConfUtils.java:logGet(43)) - raft.server.log.statemachine.data.sync.timeout = 10s (default)
2019-09-12 11:40:33,244 [pool-115-thread-1] INFO  server.RaftServerConfigKeys (ConfUtils.java:logGet(43)) - raft.server.log.statemachine.data.sync.timeout.retry = -1 (default)
2019-09-12 11:40:33,244 [pool-115-thread-1] INFO  server.RaftServerConfigKeys (ConfUtils.java:logGet(43)) - raft.server.log.statemachine.data.caching.enabled = true (custom)
2019-09-12 11:40:33,244 [pool-115-thread-1] INFO  segmented.SegmentedRaftLogWorker (SegmentedRaftLogWorker.java:lambda$new$0(132)) - b5e361a7-9275-4b10-aa61-1d8677ab7c49-SegmentedRaftLogWorker:Storage Directory /workdir/hadoop-ozone/ozonefs/target/test-dir/MiniOzoneClusterImpl-3f0ffa95-bfc9-4a1c-9a47-ff24715a0622/datanode-8/data/ratis/5926e119-6603-4ce2-9376-766948fcfb11: flushIndex: setUnconditionally 0 -> -1
2019-09-12 11:40:33,244 [pool-115-thread-1] INFO  server.RaftServerConfigKeys (ConfUtils.java:logGet(43)) - raft.server.snapshot.auto.trigger.enabled = true (custom)
2019-09-12 11:40:33,245 [pool-115-thread-1] INFO  server.RaftServerConfigKeys (ConfUtils.java:logGet(43)) - raft.server.snapshot.auto.trigger.threshold = 10000 (custom)
2019-09-12 11:40:33,245 [pool-115-thread-1] INFO  server.RaftServerConfigKeys (ConfUtils.java:logGet(43)) - raft.server.retrycache.expirytime = 600000ms (custom)
2019-09-12 11:40:33,245 [pool-115-thread-1] INFO  impl.RaftServerImpl (RaftServerImpl.java:start(180)) - b5e361a7-9275-4b10-aa61-1d8677ab7c49: start group-766948FCFB11
2019-09-12 11:40:33,245 [pool-115-thread-1] INFO  impl.RaftServerImpl (RaftServerImpl.java:setRole(171)) - b5e361a7-9275-4b10-aa61-1d8677ab7c49:group-766948FCFB11 changes role from null to FOLLOWER at term 0 for startAsFollower
2019-09-12 11:40:33,245 [pool-115-thread-1] INFO  impl.RoleInfo (RoleInfo.java:updateAndGet(143)) - b5e361a7-9275-4b10-aa61-1d8677ab7c49: start FollowerState
2019-09-12 11:40:33,246 [pool-115-thread-1] INFO  util.JmxRegister (JmxRegister.java:tryRegister(44)) - Successfully registered JMX Bean with object name Ratis:service=RaftServer,group=group-766948FCFB11,id=b5e361a7-9275-4b10-aa61-1d8677ab7c49
2019-09-12 11:40:33,249 [RatisPipelineUtilsThread] INFO  pipeline.PipelineStateManager (PipelineStateManager.java:addPipeline(56)) - Created pipeline Pipeline[ Id: 5926e119-6603-4ce2-9376-766948fcfb11, Nodes: b5e361a7-9275-4b10-aa61-1d8677ab7c49{ip: 192.168.157.195, host: pr-hdds-1569-xtfnx-3545843844, networkLocation: /default-rack, certSerialId: null}, Type:RATIS, Factor:ONE, State:OPEN]
2019-09-12 11:40:33,249 [RatisPipelineUtilsThread] ERROR pipeline.PipelinePlacementPolicy (PipelinePlacementPolicy.java:meetCriteria(91)) - Pipeline Placement: Doesn't meet the criteria to be viable node. Heaviness: 6
2019-09-12 11:40:33,249 [RatisPipelineUtilsThread] ERROR pipeline.PipelinePlacementPolicy (PipelinePlacementPolicy.java:meetCriteria(91)) - Pipeline Placement: Doesn't meet the criteria to be viable node. Heaviness: 6
2019-09-12 11:40:33,249 [RatisPipelineUtilsThread] ERROR pipeline.PipelinePlacementPolicy (PipelinePlacementPolicy.java:meetCriteria(91)) - Pipeline Placement: Doesn't meet the criteria to be viable node. Heaviness: 6
2019-09-12 11:40:33,249 [RatisPipelineUtilsThread] ERROR pipeline.PipelinePlacementPolicy (PipelinePlacementPolicy.java:meetCriteria(91)) - Pipeline Placement: Doesn't meet the criteria to be viable node. Heaviness: 6
2019-09-12 11:40:33,250 [RatisPipelineUtilsThread] ERROR pipeline.PipelinePlacementPolicy (PipelinePlacementPolicy.java:meetCriteria(91)) - Pipeline Placement: Doesn't meet the criteria to be viable node. Heaviness: 6
2019-09-12 11:40:33,255 [grpc-default-executor-0] INFO  impl.RaftServerProxy (RaftServerProxy.java:addNew(89)) - 4255b290-7b6d-420f-97e2-6dfb55690bab: addNew group-4806DA791084:[4255b290-7b6d-420f-97e2-6dfb55690bab:192.168.157.195:45659] returns group-4806DA791084:java.util.concurrent.CompletableFuture@a4ca1b6[Not completed]
2019-09-12 11:40:33,256 [pool-93-thread-1] INFO  impl.RaftServerImpl (RaftServerImpl.java:<init>(93)) - 4255b290-7b6d-420f-97e2-6dfb55690bab: new RaftServerImpl for group-4806DA791084:[4255b290-7b6d-420f-97e2-6dfb55690bab:192.168.157.195:45659] with ContainerStateMachine:uninitialized
2019-09-12 11:40:33,256 [pool-93-thread-1] INFO  server.RaftServerConfigKeys (ConfUtils.java:logGet(43)) - raft.server.rpc.timeout.min = 5s (custom)
2019-09-12 11:40:33,256 [pool-93-thread-1] INFO  server.RaftServerConfigKeys (ConfUtils.java:logGet(43)) - raft.server.rpc.timeout.max = 5200ms (custom)
2019-09-12 11:40:33,256 [pool-93-thread-1] INFO  server.RaftServerConfigKeys (ConfUtils.java:logGet(43)) - raft.server.rpcslowness.timeout = 120s (custom)
2019-09-12 11:40:33,256 [pool-93-thread-1] INFO  server.RaftServerConfigKeys (ConfUtils.java:logGet(43)) - raft.server.sleep.deviation.threshold = 300 (default)
2019-09-12 11:40:33,256 [pool-93-thread-1] INFO  server.RaftServerConfigKeys (ConfUtils.java:logGet(43)) - raft.server.log.appender.install.snapshot.enabled = false (custom)
2019-09-12 11:40:33,256 [pool-93-thread-1] INFO  impl.RaftServerImpl (ServerState.java:<init>(105)) - 4255b290-7b6d-420f-97e2-6dfb55690bab:group-4806DA791084 ConfigurationManager, init=-1: [4255b290-7b6d-420f-97e2-6dfb55690bab:192.168.157.195:45659], old=null, confs=<EMPTY_MAP>
2019-09-12 11:40:33,256 [pool-93-thread-1] INFO  server.RaftServerConfigKeys (ConfUtils.java:logGet(43)) - raft.server.storage.dir = [/workdir/hadoop-ozone/ozonefs/target/test-dir/MiniOzoneClusterImpl-3f0ffa95-bfc9-4a1c-9a47-ff24715a0622/datanode-6/data/ratis] (custom)
2019-09-12 11:40:33,257 [pool-93-thread-1] INFO  storage.RaftStorageDirectory (RaftStorageDirectory.java:analyzeStorage(246)) - The storage directory /workdir/hadoop-ozone/ozonefs/target/test-dir/MiniOzoneClusterImpl-3f0ffa95-bfc9-4a1c-9a47-ff24715a0622/datanode-6/data/ratis/1ba47c10-2ab7-4940-bd02-4806da791084 does not exist. Creating ...
2019-09-12 11:40:33,269 [pool-93-thread-1] INFO  storage.RaftStorageDirectory (RaftStorageDirectory.java:tryLock(328)) - Lock on /workdir/hadoop-ozone/ozonefs/target/test-dir/MiniOzoneClusterImpl-3f0ffa95-bfc9-4a1c-9a47-ff24715a0622/datanode-6/data/ratis/1ba47c10-2ab7-4940-bd02-4806da791084/in_use.lock acquired by nodename 26061@pr-hdds-1569-xtfnx-3545843844
2019-09-12 11:40:33,282 [pool-93-thread-1] INFO  storage.RaftStorage (RaftStorage.java:format(72)) - Storage directory /workdir/hadoop-ozone/ozonefs/target/test-dir/MiniOzoneClusterImpl-3f0ffa95-bfc9-4a1c-9a47-ff24715a0622/datanode-6/data/ratis/1ba47c10-2ab7-4940-bd02-4806da791084 has been successfully formatted.
2019-09-12 11:40:33,282 [pool-93-thread-1] INFO  ratis.ContainerStateMachine (ContainerStateMachine.java:loadSnapshot(226)) - group-4806DA791084: The snapshot info is null. Setting the last applied indexto:(t:0, i:~)
2019-09-12 11:40:33,283 [pool-93-thread-1] INFO  server.RaftServerConfigKeys (ConfUtils.java:logGet(43)) - raft.server.leader.election.timeout = 120s (custom)
2019-09-12 11:40:33,283 [pool-93-thread-1] INFO  server.RaftServerConfigKeys (ConfUtils.java:logGet(43)) - raft.server.log.use.memory = false (default)
2019-09-12 11:40:33,283 [pool-93-thread-1] INFO  server.RaftServerConfigKeys (ConfUtils.java:logGet(43)) - raft.server.log.purge.gap = 1000000 (custom)
2019-09-12 11:40:33,283 [pool-93-thread-1] INFO  server.RaftServerConfigKeys (ConfUtils.java:logGet(43)) - raft.server.log.appender.buffer.byte-limit = 33554432 (custom)
2019-09-12 11:40:33,283 [pool-93-thread-1] INFO  server.RaftServerConfigKeys (ConfUtils.java:logGet(43)) - raft.server.log.segment.size.max = 1048576 (custom)
2019-09-12 11:40:33,283 [pool-93-thread-1] INFO  server.RaftServerConfigKeys (ConfUtils.java:logGet(43)) - raft.server.log.segment.cache.num.max = 2 (custom)
2019-09-12 11:40:33,283 [pool-93-thread-1] INFO  segmented.SegmentedRaftLogWorker (SegmentedRaftLogWorker.java:<init>(172)) - new 4255b290-7b6d-420f-97e2-6dfb55690bab-SegmentedRaftLogWorker:Storage Directory /workdir/hadoop-ozone/ozonefs/target/test-dir/MiniOzoneClusterImpl-3f0ffa95-bfc9-4a1c-9a47-ff24715a0622/datanode-6/data/ratis/1ba47c10-2ab7-4940-bd02-4806da791084 for RaftStorage:Storage Directory /workdir/hadoop-ozone/ozonefs/target/test-dir/MiniOzoneClusterImpl-3f0ffa95-bfc9-4a1c-9a47-ff24715a0622/datanode-6/data/ratis/1ba47c10-2ab7-4940-bd02-4806da791084
2019-09-12 11:40:33,283 [pool-93-thread-1] INFO  server.RaftServerConfigKeys (ConfUtils.java:logGet(43)) - raft.server.log.queue.byte-limit = 2147483647 (custom)
2019-09-12 11:40:33,284 [pool-93-thread-1] INFO  server.RaftServerConfigKeys (ConfUtils.java:logGet(43)) - raft.server.log.queue.element-limit = 1024 (custom)
2019-09-12 11:40:33,284 [pool-93-thread-1] INFO  server.RaftServerConfigKeys (ConfUtils.java:logGet(43)) - raft.server.log.segment.size.max = 1048576 (custom)
2019-09-12 11:40:33,284 [pool-93-thread-1] INFO  server.RaftServerConfigKeys (ConfUtils.java:logGet(43)) - raft.server.log.preallocated.size = 16384 (custom)
2019-09-12 11:40:33,284 [pool-93-thread-1] INFO  server.RaftServerConfigKeys (ConfUtils.java:logGet(43)) - raft.server.log.write.buffer.size = 33554432 (custom)
2019-09-12 11:40:33,284 [pool-93-thread-1] INFO  server.RaftServerConfigKeys (ConfUtils.java:logGet(43)) - raft.server.log.force.sync.num = 128 (default)
2019-09-12 11:40:33,284 [pool-93-thread-1] INFO  server.RaftServerConfigKeys (ConfUtils.java:logGet(43)) - raft.server.log.statemachine.data.sync = true (default)
2019-09-12 11:40:33,284 [pool-93-thread-1] INFO  server.RaftServerConfigKeys (ConfUtils.java:logGet(43)) - raft.server.log.statemachine.data.sync.timeout = 10s (default)
2019-09-12 11:40:33,284 [pool-93-thread-1] INFO  server.RaftServerConfigKeys (ConfUtils.java:logGet(43)) - raft.server.log.statemachine.data.sync.timeout.retry = -1 (default)
2019-09-12 11:40:33,285 [pool-93-thread-1] INFO  server.RaftServerConfigKeys (ConfUtils.java:logGet(43)) - raft.server.log.statemachine.data.caching.enabled = true (custom)
2019-09-12 11:40:33,285 [pool-93-thread-1] INFO  segmented.SegmentedRaftLogWorker (SegmentedRaftLogWorker.java:lambda$new$0(132)) - 4255b290-7b6d-420f-97e2-6dfb55690bab-SegmentedRaftLogWorker:Storage Directory /workdir/hadoop-ozone/ozonefs/target/test-dir/MiniOzoneClusterImpl-3f0ffa95-bfc9-4a1c-9a47-ff24715a0622/datanode-6/data/ratis/1ba47c10-2ab7-4940-bd02-4806da791084: flushIndex: setUnconditionally 0 -> -1
2019-09-12 11:40:33,285 [pool-93-thread-1] INFO  server.RaftServerConfigKeys (ConfUtils.java:logGet(43)) - raft.server.snapshot.auto.trigger.enabled = true (custom)
2019-09-12 11:40:33,285 [pool-93-thread-1] INFO  server.RaftServerConfigKeys (ConfUtils.java:logGet(43)) - raft.server.snapshot.auto.trigger.threshold = 10000 (custom)
2019-09-12 11:40:33,285 [pool-93-thread-1] INFO  server.RaftServerConfigKeys (ConfUtils.java:logGet(43)) - raft.server.retrycache.expirytime = 600000ms (custom)
2019-09-12 11:40:33,286 [pool-93-thread-1] INFO  impl.RaftServerImpl (RaftServerImpl.java:start(180)) - 4255b290-7b6d-420f-97e2-6dfb55690bab: start group-4806DA791084
2019-09-12 11:40:33,286 [pool-93-thread-1] INFO  impl.RaftServerImpl (RaftServerImpl.java:setRole(171)) - 4255b290-7b6d-420f-97e2-6dfb55690bab:group-4806DA791084 changes role from null to FOLLOWER at term 0 for startAsFollower
2019-09-12 11:40:33,286 [pool-93-thread-1] INFO  impl.RoleInfo (RoleInfo.java:updateAndGet(143)) - 4255b290-7b6d-420f-97e2-6dfb55690bab: start FollowerState
2019-09-12 11:40:33,286 [pool-93-thread-1] INFO  util.JmxRegister (JmxRegister.java:tryRegister(44)) - Successfully registered JMX Bean with object name Ratis:service=RaftServer,group=group-4806DA791084,id=4255b290-7b6d-420f-97e2-6dfb55690bab
2019-09-12 11:40:33,289 [RatisPipelineUtilsThread] INFO  pipeline.PipelineStateManager (PipelineStateManager.java:addPipeline(56)) - Created pipeline Pipeline[ Id: 1ba47c10-2ab7-4940-bd02-4806da791084, Nodes: 4255b290-7b6d-420f-97e2-6dfb55690bab{ip: 192.168.157.195, host: pr-hdds-1569-xtfnx-3545843844, networkLocation: /default-rack, certSerialId: null}, Type:RATIS, Factor:ONE, State:OPEN]
2019-09-12 11:40:33,289 [RatisPipelineUtilsThread] ERROR pipeline.PipelinePlacementPolicy (PipelinePlacementPolicy.java:meetCriteria(91)) - Pipeline Placement: Doesn't meet the criteria to be viable node. Heaviness: 6
2019-09-12 11:40:33,289 [RatisPipelineUtilsThread] ERROR pipeline.PipelinePlacementPolicy (PipelinePlacementPolicy.java:meetCriteria(91)) - Pipeline Placement: Doesn't meet the criteria to be viable node. Heaviness: 6
2019-09-12 11:40:33,289 [RatisPipelineUtilsThread] ERROR pipeline.PipelinePlacementPolicy (PipelinePlacementPolicy.java:meetCriteria(91)) - Pipeline Placement: Doesn't meet the criteria to be viable node. Heaviness: 6
2019-09-12 11:40:33,289 [RatisPipelineUtilsThread] ERROR pipeline.PipelinePlacementPolicy (PipelinePlacementPolicy.java:meetCriteria(91)) - Pipeline Placement: Doesn't meet the criteria to be viable node. Heaviness: 6
2019-09-12 11:40:33,289 [RatisPipelineUtilsThread] ERROR pipeline.PipelinePlacementPolicy (PipelinePlacementPolicy.java:meetCriteria(91)) - Pipeline Placement: Doesn't meet the criteria to be viable node. Heaviness: 6
2019-09-12 11:40:33,295 [grpc-default-executor-0] INFO  impl.RaftServerProxy (RaftServerProxy.java:addNew(89)) - ef411258-a662-4696-ba26-405a55c9a048: addNew group-533C70C43327:[ef411258-a662-4696-ba26-405a55c9a048:192.168.157.195:37970] returns group-533C70C43327:java.util.concurrent.CompletableFuture@3d236ec7[Not completed]
2019-09-12 11:40:33,297 [pool-71-thread-1] INFO  impl.RaftServerImpl (RaftServerImpl.java:<init>(93)) - ef411258-a662-4696-ba26-405a55c9a048: new RaftServerImpl for group-533C70C43327:[ef411258-a662-4696-ba26-405a55c9a048:192.168.157.195:37970] with ContainerStateMachine:uninitialized
2019-09-12 11:40:33,297 [pool-71-thread-1] INFO  server.RaftServerConfigKeys (ConfUtils.java:logGet(43)) - raft.server.rpc.timeout.min = 5s (custom)
2019-09-12 11:40:33,297 [pool-71-thread-1] INFO  server.RaftServerConfigKeys (ConfUtils.java:logGet(43)) - raft.server.rpc.timeout.max = 5200ms (custom)
2019-09-12 11:40:33,297 [pool-71-thread-1] INFO  server.RaftServerConfigKeys (ConfUtils.java:logGet(43)) - raft.server.rpcslowness.timeout = 120s (custom)
2019-09-12 11:40:33,297 [pool-71-thread-1] INFO  server.RaftServerConfigKeys (ConfUtils.java:logGet(43)) - raft.server.sleep.deviation.threshold = 300 (default)
2019-09-12 11:40:33,297 [pool-71-thread-1] INFO  server.RaftServerConfigKeys (ConfUtils.java:logGet(43)) - raft.server.log.appender.install.snapshot.enabled = false (custom)
2019-09-12 11:40:33,298 [pool-71-thread-1] INFO  impl.RaftServerImpl (ServerState.java:<init>(105)) - ef411258-a662-4696-ba26-405a55c9a048:group-533C70C43327 ConfigurationManager, init=-1: [ef411258-a662-4696-ba26-405a55c9a048:192.168.157.195:37970], old=null, confs=<EMPTY_MAP>
2019-09-12 11:40:33,298 [pool-71-thread-1] INFO  server.RaftServerConfigKeys (ConfUtils.java:logGet(43)) - raft.server.storage.dir = [/workdir/hadoop-ozone/ozonefs/target/test-dir/MiniOzoneClusterImpl-3f0ffa95-bfc9-4a1c-9a47-ff24715a0622/datanode-4/data/ratis] (custom)
2019-09-12 11:40:33,298 [pool-71-thread-1] INFO  storage.RaftStorageDirectory (RaftStorageDirectory.java:analyzeStorage(246)) - The storage directory /workdir/hadoop-ozone/ozonefs/target/test-dir/MiniOzoneClusterImpl-3f0ffa95-bfc9-4a1c-9a47-ff24715a0622/datanode-4/data/ratis/abef79c6-a83e-4451-9f5b-533c70c43327 does not exist. Creating ...
2019-09-12 11:40:33,306 | INFO  | SCMAudit | user=jenkins1000 | ip=192.168.157.195 | op=SEND_HEARTBEAT {datanodeUUID=5d0352ef-d446-4a04-a69e-b6b493d47759, command=[]} | ret=SUCCESS |  
2019-09-12 11:40:33,311 [pool-71-thread-1] INFO  storage.RaftStorageDirectory (RaftStorageDirectory.java:tryLock(328)) - Lock on /workdir/hadoop-ozone/ozonefs/target/test-dir/MiniOzoneClusterImpl-3f0ffa95-bfc9-4a1c-9a47-ff24715a0622/datanode-4/data/ratis/abef79c6-a83e-4451-9f5b-533c70c43327/in_use.lock acquired by nodename 26061@pr-hdds-1569-xtfnx-3545843844
2019-09-12 11:40:33,323 [pool-71-thread-1] INFO  storage.RaftStorage (RaftStorage.java:format(72)) - Storage directory /workdir/hadoop-ozone/ozonefs/target/test-dir/MiniOzoneClusterImpl-3f0ffa95-bfc9-4a1c-9a47-ff24715a0622/datanode-4/data/ratis/abef79c6-a83e-4451-9f5b-533c70c43327 has been successfully formatted.
2019-09-12 11:40:33,324 [pool-71-thread-1] INFO  ratis.ContainerStateMachine (ContainerStateMachine.java:loadSnapshot(226)) - group-533C70C43327: The snapshot info is null. Setting the last applied indexto:(t:0, i:~)
2019-09-12 11:40:33,324 [pool-71-thread-1] INFO  server.RaftServerConfigKeys (ConfUtils.java:logGet(43)) - raft.server.leader.election.timeout = 120s (custom)
2019-09-12 11:40:33,324 [pool-71-thread-1] INFO  server.RaftServerConfigKeys (ConfUtils.java:logGet(43)) - raft.server.log.use.memory = false (default)
2019-09-12 11:40:33,324 [pool-71-thread-1] INFO  server.RaftServerConfigKeys (ConfUtils.java:logGet(43)) - raft.server.log.purge.gap = 1000000 (custom)
2019-09-12 11:40:33,324 [pool-71-thread-1] INFO  server.RaftServerConfigKeys (ConfUtils.java:logGet(43)) - raft.server.log.appender.buffer.byte-limit = 33554432 (custom)
2019-09-12 11:40:33,325 [pool-71-thread-1] INFO  server.RaftServerConfigKeys (ConfUtils.java:logGet(43)) - raft.server.log.segment.size.max = 1048576 (custom)
2019-09-12 11:40:33,325 [pool-71-thread-1] INFO  server.RaftServerConfigKeys (ConfUtils.java:logGet(43)) - raft.server.log.segment.cache.num.max = 2 (custom)
2019-09-12 11:40:33,325 [pool-71-thread-1] INFO  segmented.SegmentedRaftLogWorker (SegmentedRaftLogWorker.java:<init>(172)) - new ef411258-a662-4696-ba26-405a55c9a048-SegmentedRaftLogWorker:Storage Directory /workdir/hadoop-ozone/ozonefs/target/test-dir/MiniOzoneClusterImpl-3f0ffa95-bfc9-4a1c-9a47-ff24715a0622/datanode-4/data/ratis/abef79c6-a83e-4451-9f5b-533c70c43327 for RaftStorage:Storage Directory /workdir/hadoop-ozone/ozonefs/target/test-dir/MiniOzoneClusterImpl-3f0ffa95-bfc9-4a1c-9a47-ff24715a0622/datanode-4/data/ratis/abef79c6-a83e-4451-9f5b-533c70c43327
2019-09-12 11:40:33,325 [pool-71-thread-1] INFO  server.RaftServerConfigKeys (ConfUtils.java:logGet(43)) - raft.server.log.queue.byte-limit = 2147483647 (custom)
2019-09-12 11:40:33,325 [pool-71-thread-1] INFO  server.RaftServerConfigKeys (ConfUtils.java:logGet(43)) - raft.server.log.queue.element-limit = 1024 (custom)
2019-09-12 11:40:33,325 [pool-71-thread-1] INFO  server.RaftServerConfigKeys (ConfUtils.java:logGet(43)) - raft.server.log.segment.size.max = 1048576 (custom)
2019-09-12 11:40:33,326 [pool-71-thread-1] INFO  server.RaftServerConfigKeys (ConfUtils.java:logGet(43)) - raft.server.log.preallocated.size = 16384 (custom)
2019-09-12 11:40:33,326 [pool-71-thread-1] INFO  server.RaftServerConfigKeys (ConfUtils.java:logGet(43)) - raft.server.log.write.buffer.size = 33554432 (custom)
2019-09-12 11:40:33,326 [pool-71-thread-1] INFO  server.RaftServerConfigKeys (ConfUtils.java:logGet(43)) - raft.server.log.force.sync.num = 128 (default)
2019-09-12 11:40:33,326 [pool-71-thread-1] INFO  server.RaftServerConfigKeys (ConfUtils.java:logGet(43)) - raft.server.log.statemachine.data.sync = true (default)
2019-09-12 11:40:33,326 [pool-71-thread-1] INFO  server.RaftServerConfigKeys (ConfUtils.java:logGet(43)) - raft.server.log.statemachine.data.sync.timeout = 10s (default)
2019-09-12 11:40:33,326 [pool-71-thread-1] INFO  server.RaftServerConfigKeys (ConfUtils.java:logGet(43)) - raft.server.log.statemachine.data.sync.timeout.retry = -1 (default)
2019-09-12 11:40:33,326 [pool-71-thread-1] INFO  server.RaftServerConfigKeys (ConfUtils.java:logGet(43)) - raft.server.log.statemachine.data.caching.enabled = true (custom)
2019-09-12 11:40:33,327 [pool-71-thread-1] INFO  segmented.SegmentedRaftLogWorker (SegmentedRaftLogWorker.java:lambda$new$0(132)) - ef411258-a662-4696-ba26-405a55c9a048-SegmentedRaftLogWorker:Storage Directory /workdir/hadoop-ozone/ozonefs/target/test-dir/MiniOzoneClusterImpl-3f0ffa95-bfc9-4a1c-9a47-ff24715a0622/datanode-4/data/ratis/abef79c6-a83e-4451-9f5b-533c70c43327: flushIndex: setUnconditionally 0 -> -1
2019-09-12 11:40:33,328 [pool-71-thread-1] INFO  server.RaftServerConfigKeys (ConfUtils.java:logGet(43)) - raft.server.snapshot.auto.trigger.enabled = true (custom)
2019-09-12 11:40:33,328 [pool-71-thread-1] INFO  server.RaftServerConfigKeys (ConfUtils.java:logGet(43)) - raft.server.snapshot.auto.trigger.threshold = 10000 (custom)
2019-09-12 11:40:33,328 [pool-71-thread-1] INFO  server.RaftServerConfigKeys (ConfUtils.java:logGet(43)) - raft.server.retrycache.expirytime = 600000ms (custom)
2019-09-12 11:40:33,328 [pool-71-thread-1] INFO  impl.RaftServerImpl (RaftServerImpl.java:start(180)) - ef411258-a662-4696-ba26-405a55c9a048: start group-533C70C43327
2019-09-12 11:40:33,328 [pool-71-thread-1] INFO  impl.RaftServerImpl (RaftServerImpl.java:setRole(171)) - ef411258-a662-4696-ba26-405a55c9a048:group-533C70C43327 changes role from null to FOLLOWER at term 0 for startAsFollower
2019-09-12 11:40:33,329 [pool-71-thread-1] INFO  impl.RoleInfo (RoleInfo.java:updateAndGet(143)) - ef411258-a662-4696-ba26-405a55c9a048: start FollowerState
2019-09-12 11:40:33,329 [pool-71-thread-1] INFO  util.JmxRegister (JmxRegister.java:tryRegister(44)) - Successfully registered JMX Bean with object name Ratis:service=RaftServer,group=group-533C70C43327,id=ef411258-a662-4696-ba26-405a55c9a048
2019-09-12 11:40:33,332 [RatisPipelineUtilsThread] INFO  pipeline.PipelineStateManager (PipelineStateManager.java:addPipeline(56)) - Created pipeline Pipeline[ Id: abef79c6-a83e-4451-9f5b-533c70c43327, Nodes: ef411258-a662-4696-ba26-405a55c9a048{ip: 192.168.157.195, host: pr-hdds-1569-xtfnx-3545843844, networkLocation: /default-rack, certSerialId: null}, Type:RATIS, Factor:ONE, State:OPEN]
2019-09-12 11:40:33,332 [RatisPipelineUtilsThread] ERROR pipeline.PipelinePlacementPolicy (PipelinePlacementPolicy.java:meetCriteria(91)) - Pipeline Placement: Doesn't meet the criteria to be viable node. Heaviness: 6
2019-09-12 11:40:33,332 [RatisPipelineUtilsThread] ERROR pipeline.PipelinePlacementPolicy (PipelinePlacementPolicy.java:meetCriteria(91)) - Pipeline Placement: Doesn't meet the criteria to be viable node. Heaviness: 6
2019-09-12 11:40:33,332 [RatisPipelineUtilsThread] ERROR pipeline.PipelinePlacementPolicy (PipelinePlacementPolicy.java:meetCriteria(91)) - Pipeline Placement: Doesn't meet the criteria to be viable node. Heaviness: 6
2019-09-12 11:40:33,333 [RatisPipelineUtilsThread] ERROR pipeline.PipelinePlacementPolicy (PipelinePlacementPolicy.java:meetCriteria(91)) - Pipeline Placement: Doesn't meet the criteria to be viable node. Heaviness: 6
2019-09-12 11:40:33,333 [RatisPipelineUtilsThread] ERROR pipeline.PipelinePlacementPolicy (PipelinePlacementPolicy.java:meetCriteria(91)) - Pipeline Placement: Doesn't meet the criteria to be viable node. Heaviness: 6
2019-09-12 11:40:33,333 [RatisPipelineUtilsThread] ERROR pipeline.PipelinePlacementPolicy (PipelinePlacementPolicy.java:meetCriteria(91)) - Pipeline Placement: Doesn't meet the criteria to be viable node. Heaviness: 6
2019-09-12 11:40:33,338 [grpc-default-executor-0] INFO  impl.RaftServerProxy (RaftServerProxy.java:addNew(89)) - 4255b290-7b6d-420f-97e2-6dfb55690bab: addNew group-3089FDD7C898:[4255b290-7b6d-420f-97e2-6dfb55690bab:192.168.157.195:45659] returns group-3089FDD7C898:java.util.concurrent.CompletableFuture@1234fb84[Not completed]
2019-09-12 11:40:33,339 [pool-93-thread-1] INFO  impl.RaftServerImpl (RaftServerImpl.java:<init>(93)) - 4255b290-7b6d-420f-97e2-6dfb55690bab: new RaftServerImpl for group-3089FDD7C898:[4255b290-7b6d-420f-97e2-6dfb55690bab:192.168.157.195:45659] with ContainerStateMachine:uninitialized
2019-09-12 11:40:33,339 [pool-93-thread-1] INFO  server.RaftServerConfigKeys (ConfUtils.java:logGet(43)) - raft.server.rpc.timeout.min = 5s (custom)
2019-09-12 11:40:33,339 [pool-93-thread-1] INFO  server.RaftServerConfigKeys (ConfUtils.java:logGet(43)) - raft.server.rpc.timeout.max = 5200ms (custom)
2019-09-12 11:40:33,340 [pool-93-thread-1] INFO  server.RaftServerConfigKeys (ConfUtils.java:logGet(43)) - raft.server.rpcslowness.timeout = 120s (custom)
2019-09-12 11:40:33,340 [pool-93-thread-1] INFO  server.RaftServerConfigKeys (ConfUtils.java:logGet(43)) - raft.server.sleep.deviation.threshold = 300 (default)
2019-09-12 11:40:33,340 [pool-93-thread-1] INFO  server.RaftServerConfigKeys (ConfUtils.java:logGet(43)) - raft.server.log.appender.install.snapshot.enabled = false (custom)
2019-09-12 11:40:33,340 [pool-93-thread-1] INFO  impl.RaftServerImpl (ServerState.java:<init>(105)) - 4255b290-7b6d-420f-97e2-6dfb55690bab:group-3089FDD7C898 ConfigurationManager, init=-1: [4255b290-7b6d-420f-97e2-6dfb55690bab:192.168.157.195:45659], old=null, confs=<EMPTY_MAP>
2019-09-12 11:40:33,340 [pool-93-thread-1] INFO  server.RaftServerConfigKeys (ConfUtils.java:logGet(43)) - raft.server.storage.dir = [/workdir/hadoop-ozone/ozonefs/target/test-dir/MiniOzoneClusterImpl-3f0ffa95-bfc9-4a1c-9a47-ff24715a0622/datanode-6/data/ratis] (custom)
2019-09-12 11:40:33,340 [pool-93-thread-1] INFO  storage.RaftStorageDirectory (RaftStorageDirectory.java:analyzeStorage(246)) - The storage directory /workdir/hadoop-ozone/ozonefs/target/test-dir/MiniOzoneClusterImpl-3f0ffa95-bfc9-4a1c-9a47-ff24715a0622/datanode-6/data/ratis/71934dba-f2e5-4554-ab41-3089fdd7c898 does not exist. Creating ...
2019-09-12 11:40:33,347 [pool-93-thread-1] INFO  storage.RaftStorageDirectory (RaftStorageDirectory.java:tryLock(328)) - Lock on /workdir/hadoop-ozone/ozonefs/target/test-dir/MiniOzoneClusterImpl-3f0ffa95-bfc9-4a1c-9a47-ff24715a0622/datanode-6/data/ratis/71934dba-f2e5-4554-ab41-3089fdd7c898/in_use.lock acquired by nodename 26061@pr-hdds-1569-xtfnx-3545843844
2019-09-12 11:40:33,359 [pool-93-thread-1] INFO  storage.RaftStorage (RaftStorage.java:format(72)) - Storage directory /workdir/hadoop-ozone/ozonefs/target/test-dir/MiniOzoneClusterImpl-3f0ffa95-bfc9-4a1c-9a47-ff24715a0622/datanode-6/data/ratis/71934dba-f2e5-4554-ab41-3089fdd7c898 has been successfully formatted.
2019-09-12 11:40:33,359 [pool-93-thread-1] INFO  ratis.ContainerStateMachine (ContainerStateMachine.java:loadSnapshot(226)) - group-3089FDD7C898: The snapshot info is null. Setting the last applied indexto:(t:0, i:~)
2019-09-12 11:40:33,359 [pool-93-thread-1] INFO  server.RaftServerConfigKeys (ConfUtils.java:logGet(43)) - raft.server.leader.election.timeout = 120s (custom)
2019-09-12 11:40:33,359 [pool-93-thread-1] INFO  server.RaftServerConfigKeys (ConfUtils.java:logGet(43)) - raft.server.log.use.memory = false (default)
2019-09-12 11:40:33,360 [pool-93-thread-1] INFO  server.RaftServerConfigKeys (ConfUtils.java:logGet(43)) - raft.server.log.purge.gap = 1000000 (custom)
2019-09-12 11:40:33,360 [pool-93-thread-1] INFO  server.RaftServerConfigKeys (ConfUtils.java:logGet(43)) - raft.server.log.appender.buffer.byte-limit = 33554432 (custom)
2019-09-12 11:40:33,360 [pool-93-thread-1] INFO  server.RaftServerConfigKeys (ConfUtils.java:logGet(43)) - raft.server.log.segment.size.max = 1048576 (custom)
2019-09-12 11:40:33,360 [pool-93-thread-1] INFO  server.RaftServerConfigKeys (ConfUtils.java:logGet(43)) - raft.server.log.segment.cache.num.max = 2 (custom)
2019-09-12 11:40:33,360 [pool-93-thread-1] INFO  segmented.SegmentedRaftLogWorker (SegmentedRaftLogWorker.java:<init>(172)) - new 4255b290-7b6d-420f-97e2-6dfb55690bab-SegmentedRaftLogWorker:Storage Directory /workdir/hadoop-ozone/ozonefs/target/test-dir/MiniOzoneClusterImpl-3f0ffa95-bfc9-4a1c-9a47-ff24715a0622/datanode-6/data/ratis/71934dba-f2e5-4554-ab41-3089fdd7c898 for RaftStorage:Storage Directory /workdir/hadoop-ozone/ozonefs/target/test-dir/MiniOzoneClusterImpl-3f0ffa95-bfc9-4a1c-9a47-ff24715a0622/datanode-6/data/ratis/71934dba-f2e5-4554-ab41-3089fdd7c898
2019-09-12 11:40:33,360 [pool-93-thread-1] INFO  server.RaftServerConfigKeys (ConfUtils.java:logGet(43)) - raft.server.log.queue.byte-limit = 2147483647 (custom)
2019-09-12 11:40:33,360 [pool-93-thread-1] INFO  server.RaftServerConfigKeys (ConfUtils.java:logGet(43)) - raft.server.log.queue.element-limit = 1024 (custom)
2019-09-12 11:40:33,360 [pool-93-thread-1] INFO  server.RaftServerConfigKeys (ConfUtils.java:logGet(43)) - raft.server.log.segment.size.max = 1048576 (custom)
2019-09-12 11:40:33,361 [pool-93-thread-1] INFO  server.RaftServerConfigKeys (ConfUtils.java:logGet(43)) - raft.server.log.preallocated.size = 16384 (custom)
2019-09-12 11:40:33,361 [pool-93-thread-1] INFO  server.RaftServerConfigKeys (ConfUtils.java:logGet(43)) - raft.server.log.write.buffer.size = 33554432 (custom)
2019-09-12 11:40:33,361 [pool-93-thread-1] INFO  server.RaftServerConfigKeys (ConfUtils.java:logGet(43)) - raft.server.log.force.sync.num = 128 (default)
2019-09-12 11:40:33,361 [pool-93-thread-1] INFO  server.RaftServerConfigKeys (ConfUtils.java:logGet(43)) - raft.server.log.statemachine.data.sync = true (default)
2019-09-12 11:40:33,361 [pool-93-thread-1] INFO  server.RaftServerConfigKeys (ConfUtils.java:logGet(43)) - raft.server.log.statemachine.data.sync.timeout = 10s (default)
2019-09-12 11:40:33,361 [pool-93-thread-1] INFO  server.RaftServerConfigKeys (ConfUtils.java:logGet(43)) - raft.server.log.statemachine.data.sync.timeout.retry = -1 (default)
2019-09-12 11:40:33,361 [pool-93-thread-1] INFO  server.RaftServerConfigKeys (ConfUtils.java:logGet(43)) - raft.server.log.statemachine.data.caching.enabled = true (custom)
2019-09-12 11:40:33,361 [pool-93-thread-1] INFO  segmented.SegmentedRaftLogWorker (SegmentedRaftLogWorker.java:lambda$new$0(132)) - 4255b290-7b6d-420f-97e2-6dfb55690bab-SegmentedRaftLogWorker:Storage Directory /workdir/hadoop-ozone/ozonefs/target/test-dir/MiniOzoneClusterImpl-3f0ffa95-bfc9-4a1c-9a47-ff24715a0622/datanode-6/data/ratis/71934dba-f2e5-4554-ab41-3089fdd7c898: flushIndex: setUnconditionally 0 -> -1
2019-09-12 11:40:33,362 [pool-93-thread-1] INFO  server.RaftServerConfigKeys (ConfUtils.java:logGet(43)) - raft.server.snapshot.auto.trigger.enabled = true (custom)
2019-09-12 11:40:33,362 [pool-93-thread-1] INFO  server.RaftServerConfigKeys (ConfUtils.java:logGet(43)) - raft.server.snapshot.auto.trigger.threshold = 10000 (custom)
2019-09-12 11:40:33,362 [pool-93-thread-1] INFO  server.RaftServerConfigKeys (ConfUtils.java:logGet(43)) - raft.server.retrycache.expirytime = 600000ms (custom)
2019-09-12 11:40:33,362 [pool-93-thread-1] INFO  impl.RaftServerImpl (RaftServerImpl.java:start(180)) - 4255b290-7b6d-420f-97e2-6dfb55690bab: start group-3089FDD7C898
2019-09-12 11:40:33,362 [pool-93-thread-1] INFO  impl.RaftServerImpl (RaftServerImpl.java:setRole(171)) - 4255b290-7b6d-420f-97e2-6dfb55690bab:group-3089FDD7C898 changes role from null to FOLLOWER at term 0 for startAsFollower
2019-09-12 11:40:33,362 [pool-93-thread-1] INFO  impl.RoleInfo (RoleInfo.java:updateAndGet(143)) - 4255b290-7b6d-420f-97e2-6dfb55690bab: start FollowerState
2019-09-12 11:40:33,363 [pool-93-thread-1] INFO  util.JmxRegister (JmxRegister.java:tryRegister(44)) - Successfully registered JMX Bean with object name Ratis:service=RaftServer,group=group-3089FDD7C898,id=4255b290-7b6d-420f-97e2-6dfb55690bab
2019-09-12 11:40:33,365 [RatisPipelineUtilsThread] INFO  pipeline.PipelineStateManager (PipelineStateManager.java:addPipeline(56)) - Created pipeline Pipeline[ Id: 71934dba-f2e5-4554-ab41-3089fdd7c898, Nodes: 4255b290-7b6d-420f-97e2-6dfb55690bab{ip: 192.168.157.195, host: pr-hdds-1569-xtfnx-3545843844, networkLocation: /default-rack, certSerialId: null}, Type:RATIS, Factor:ONE, State:OPEN]
2019-09-12 11:40:33,365 [RatisPipelineUtilsThread] ERROR pipeline.PipelinePlacementPolicy (PipelinePlacementPolicy.java:meetCriteria(91)) - Pipeline Placement: Doesn't meet the criteria to be viable node. Heaviness: 6
2019-09-12 11:40:33,366 [RatisPipelineUtilsThread] ERROR pipeline.PipelinePlacementPolicy (PipelinePlacementPolicy.java:meetCriteria(91)) - Pipeline Placement: Doesn't meet the criteria to be viable node. Heaviness: 6
2019-09-12 11:40:33,366 [RatisPipelineUtilsThread] ERROR pipeline.PipelinePlacementPolicy (PipelinePlacementPolicy.java:meetCriteria(91)) - Pipeline Placement: Doesn't meet the criteria to be viable node. Heaviness: 6
2019-09-12 11:40:33,366 [RatisPipelineUtilsThread] ERROR pipeline.PipelinePlacementPolicy (PipelinePlacementPolicy.java:meetCriteria(91)) - Pipeline Placement: Doesn't meet the criteria to be viable node. Heaviness: 6
2019-09-12 11:40:33,366 [RatisPipelineUtilsThread] ERROR pipeline.PipelinePlacementPolicy (PipelinePlacementPolicy.java:meetCriteria(91)) - Pipeline Placement: Doesn't meet the criteria to be viable node. Heaviness: 6
2019-09-12 11:40:33,366 [RatisPipelineUtilsThread] ERROR pipeline.PipelinePlacementPolicy (PipelinePlacementPolicy.java:meetCriteria(91)) - Pipeline Placement: Doesn't meet the criteria to be viable node. Heaviness: 6
2019-09-12 11:40:33,372 [grpc-default-executor-0] INFO  impl.RaftServerProxy (RaftServerProxy.java:addNew(89)) - 8668900b-06f4-40f9-8926-68eb6348aa5d: addNew group-22D4B8D9C6E0:[8668900b-06f4-40f9-8926-68eb6348aa5d:192.168.157.195:38608] returns group-22D4B8D9C6E0:java.util.concurrent.CompletableFuture@1125f3b5[Not completed]
2019-09-12 11:40:33,373 [pool-104-thread-1] INFO  impl.RaftServerImpl (RaftServerImpl.java:<init>(93)) - 8668900b-06f4-40f9-8926-68eb6348aa5d: new RaftServerImpl for group-22D4B8D9C6E0:[8668900b-06f4-40f9-8926-68eb6348aa5d:192.168.157.195:38608] with ContainerStateMachine:uninitialized
2019-09-12 11:40:33,373 [pool-104-thread-1] INFO  server.RaftServerConfigKeys (ConfUtils.java:logGet(43)) - raft.server.rpc.timeout.min = 5s (custom)
2019-09-12 11:40:33,373 [pool-104-thread-1] INFO  server.RaftServerConfigKeys (ConfUtils.java:logGet(43)) - raft.server.rpc.timeout.max = 5200ms (custom)
2019-09-12 11:40:33,373 [pool-104-thread-1] INFO  server.RaftServerConfigKeys (ConfUtils.java:logGet(43)) - raft.server.rpcslowness.timeout = 120s (custom)
2019-09-12 11:40:33,374 [pool-104-thread-1] INFO  server.RaftServerConfigKeys (ConfUtils.java:logGet(43)) - raft.server.sleep.deviation.threshold = 300 (default)
2019-09-12 11:40:33,374 [pool-104-thread-1] INFO  server.RaftServerConfigKeys (ConfUtils.java:logGet(43)) - raft.server.log.appender.install.snapshot.enabled = false (custom)
2019-09-12 11:40:33,374 [pool-104-thread-1] INFO  impl.RaftServerImpl (ServerState.java:<init>(105)) - 8668900b-06f4-40f9-8926-68eb6348aa5d:group-22D4B8D9C6E0 ConfigurationManager, init=-1: [8668900b-06f4-40f9-8926-68eb6348aa5d:192.168.157.195:38608], old=null, confs=<EMPTY_MAP>
2019-09-12 11:40:33,374 [pool-104-thread-1] INFO  server.RaftServerConfigKeys (ConfUtils.java:logGet(43)) - raft.server.storage.dir = [/workdir/hadoop-ozone/ozonefs/target/test-dir/MiniOzoneClusterImpl-3f0ffa95-bfc9-4a1c-9a47-ff24715a0622/datanode-7/data/ratis] (custom)
2019-09-12 11:40:33,375 [pool-104-thread-1] INFO  storage.RaftStorageDirectory (RaftStorageDirectory.java:analyzeStorage(246)) - The storage directory /workdir/hadoop-ozone/ozonefs/target/test-dir/MiniOzoneClusterImpl-3f0ffa95-bfc9-4a1c-9a47-ff24715a0622/datanode-7/data/ratis/6e0e4793-5c95-4409-8035-22d4b8d9c6e0 does not exist. Creating ...
2019-09-12 11:40:33,387 [pool-104-thread-1] INFO  storage.RaftStorageDirectory (RaftStorageDirectory.java:tryLock(328)) - Lock on /workdir/hadoop-ozone/ozonefs/target/test-dir/MiniOzoneClusterImpl-3f0ffa95-bfc9-4a1c-9a47-ff24715a0622/datanode-7/data/ratis/6e0e4793-5c95-4409-8035-22d4b8d9c6e0/in_use.lock acquired by nodename 26061@pr-hdds-1569-xtfnx-3545843844
2019-09-12 11:40:33,408 | INFO  | SCMAudit | user=jenkins1000 | ip=192.168.157.195 | op=SEND_HEARTBEAT {datanodeUUID=b5e361a7-9275-4b10-aa61-1d8677ab7c49, command=[]} | ret=SUCCESS |  
2019-09-12 11:40:33,419 [pool-104-thread-1] INFO  storage.RaftStorage (RaftStorage.java:format(72)) - Storage directory /workdir/hadoop-ozone/ozonefs/target/test-dir/MiniOzoneClusterImpl-3f0ffa95-bfc9-4a1c-9a47-ff24715a0622/datanode-7/data/ratis/6e0e4793-5c95-4409-8035-22d4b8d9c6e0 has been successfully formatted.
2019-09-12 11:40:33,419 [pool-104-thread-1] INFO  ratis.ContainerStateMachine (ContainerStateMachine.java:loadSnapshot(226)) - group-22D4B8D9C6E0: The snapshot info is null. Setting the last applied indexto:(t:0, i:~)
2019-09-12 11:40:33,420 [pool-104-thread-1] INFO  server.RaftServerConfigKeys (ConfUtils.java:logGet(43)) - raft.server.leader.election.timeout = 120s (custom)
2019-09-12 11:40:33,420 [pool-104-thread-1] INFO  server.RaftServerConfigKeys (ConfUtils.java:logGet(43)) - raft.server.log.use.memory = false (default)
2019-09-12 11:40:33,420 [pool-104-thread-1] INFO  server.RaftServerConfigKeys (ConfUtils.java:logGet(43)) - raft.server.log.purge.gap = 1000000 (custom)
2019-09-12 11:40:33,420 [pool-104-thread-1] INFO  server.RaftServerConfigKeys (ConfUtils.java:logGet(43)) - raft.server.log.appender.buffer.byte-limit = 33554432 (custom)
2019-09-12 11:40:33,420 [pool-104-thread-1] INFO  server.RaftServerConfigKeys (ConfUtils.java:logGet(43)) - raft.server.log.segment.size.max = 1048576 (custom)
2019-09-12 11:40:33,420 [pool-104-thread-1] INFO  server.RaftServerConfigKeys (ConfUtils.java:logGet(43)) - raft.server.log.segment.cache.num.max = 2 (custom)
2019-09-12 11:40:33,420 [pool-104-thread-1] INFO  segmented.SegmentedRaftLogWorker (SegmentedRaftLogWorker.java:<init>(172)) - new 8668900b-06f4-40f9-8926-68eb6348aa5d-SegmentedRaftLogWorker:Storage Directory /workdir/hadoop-ozone/ozonefs/target/test-dir/MiniOzoneClusterImpl-3f0ffa95-bfc9-4a1c-9a47-ff24715a0622/datanode-7/data/ratis/6e0e4793-5c95-4409-8035-22d4b8d9c6e0 for RaftStorage:Storage Directory /workdir/hadoop-ozone/ozonefs/target/test-dir/MiniOzoneClusterImpl-3f0ffa95-bfc9-4a1c-9a47-ff24715a0622/datanode-7/data/ratis/6e0e4793-5c95-4409-8035-22d4b8d9c6e0
2019-09-12 11:40:33,421 [pool-104-thread-1] INFO  server.RaftServerConfigKeys (ConfUtils.java:logGet(43)) - raft.server.log.queue.byte-limit = 2147483647 (custom)
2019-09-12 11:40:33,421 [pool-104-thread-1] INFO  server.RaftServerConfigKeys (ConfUtils.java:logGet(43)) - raft.server.log.queue.element-limit = 1024 (custom)
2019-09-12 11:40:33,421 [pool-104-thread-1] INFO  server.RaftServerConfigKeys (ConfUtils.java:logGet(43)) - raft.server.log.segment.size.max = 1048576 (custom)
2019-09-12 11:40:33,421 [pool-104-thread-1] INFO  server.RaftServerConfigKeys (ConfUtils.java:logGet(43)) - raft.server.log.preallocated.size = 16384 (custom)
2019-09-12 11:40:33,421 [pool-104-thread-1] INFO  server.RaftServerConfigKeys (ConfUtils.java:logGet(43)) - raft.server.log.write.buffer.size = 33554432 (custom)
2019-09-12 11:40:33,421 [pool-104-thread-1] INFO  server.RaftServerConfigKeys (ConfUtils.java:logGet(43)) - raft.server.log.force.sync.num = 128 (default)
2019-09-12 11:40:33,422 [pool-104-thread-1] INFO  server.RaftServerConfigKeys (ConfUtils.java:logGet(43)) - raft.server.log.statemachine.data.sync = true (default)
2019-09-12 11:40:33,422 [pool-104-thread-1] INFO  server.RaftServerConfigKeys (ConfUtils.java:logGet(43)) - raft.server.log.statemachine.data.sync.timeout = 10s (default)
2019-09-12 11:40:33,422 [pool-104-thread-1] INFO  server.RaftServerConfigKeys (ConfUtils.java:logGet(43)) - raft.server.log.statemachine.data.sync.timeout.retry = -1 (default)
2019-09-12 11:40:33,422 [pool-104-thread-1] INFO  server.RaftServerConfigKeys (ConfUtils.java:logGet(43)) - raft.server.log.statemachine.data.caching.enabled = true (custom)
2019-09-12 11:40:33,423 [pool-104-thread-1] INFO  segmented.SegmentedRaftLogWorker (SegmentedRaftLogWorker.java:lambda$new$0(132)) - 8668900b-06f4-40f9-8926-68eb6348aa5d-SegmentedRaftLogWorker:Storage Directory /workdir/hadoop-ozone/ozonefs/target/test-dir/MiniOzoneClusterImpl-3f0ffa95-bfc9-4a1c-9a47-ff24715a0622/datanode-7/data/ratis/6e0e4793-5c95-4409-8035-22d4b8d9c6e0: flushIndex: setUnconditionally 0 -> -1
2019-09-12 11:40:33,423 [pool-104-thread-1] INFO  server.RaftServerConfigKeys (ConfUtils.java:logGet(43)) - raft.server.snapshot.auto.trigger.enabled = true (custom)
2019-09-12 11:40:33,423 [pool-104-thread-1] INFO  server.RaftServerConfigKeys (ConfUtils.java:logGet(43)) - raft.server.snapshot.auto.trigger.threshold = 10000 (custom)
2019-09-12 11:40:33,423 [pool-104-thread-1] INFO  server.RaftServerConfigKeys (ConfUtils.java:logGet(43)) - raft.server.retrycache.expirytime = 600000ms (custom)
2019-09-12 11:40:33,423 [pool-104-thread-1] INFO  impl.RaftServerImpl (RaftServerImpl.java:start(180)) - 8668900b-06f4-40f9-8926-68eb6348aa5d: start group-22D4B8D9C6E0
2019-09-12 11:40:33,424 [pool-104-thread-1] INFO  impl.RaftServerImpl (RaftServerImpl.java:setRole(171)) - 8668900b-06f4-40f9-8926-68eb6348aa5d:group-22D4B8D9C6E0 changes role from null to FOLLOWER at term 0 for startAsFollower
2019-09-12 11:40:33,424 [pool-104-thread-1] INFO  impl.RoleInfo (RoleInfo.java:updateAndGet(143)) - 8668900b-06f4-40f9-8926-68eb6348aa5d: start FollowerState
2019-09-12 11:40:33,424 [pool-104-thread-1] INFO  util.JmxRegister (JmxRegister.java:tryRegister(44)) - Successfully registered JMX Bean with object name Ratis:service=RaftServer,group=group-22D4B8D9C6E0,id=8668900b-06f4-40f9-8926-68eb6348aa5d
2019-09-12 11:40:33,427 [RatisPipelineUtilsThread] INFO  pipeline.PipelineStateManager (PipelineStateManager.java:addPipeline(56)) - Created pipeline Pipeline[ Id: 6e0e4793-5c95-4409-8035-22d4b8d9c6e0, Nodes: 8668900b-06f4-40f9-8926-68eb6348aa5d{ip: 192.168.157.195, host: pr-hdds-1569-xtfnx-3545843844, networkLocation: /default-rack, certSerialId: null}, Type:RATIS, Factor:ONE, State:OPEN]
2019-09-12 11:40:33,428 [RatisPipelineUtilsThread] ERROR pipeline.PipelinePlacementPolicy (PipelinePlacementPolicy.java:meetCriteria(91)) - Pipeline Placement: Doesn't meet the criteria to be viable node. Heaviness: 6
2019-09-12 11:40:33,428 [RatisPipelineUtilsThread] ERROR pipeline.PipelinePlacementPolicy (PipelinePlacementPolicy.java:meetCriteria(91)) - Pipeline Placement: Doesn't meet the criteria to be viable node. Heaviness: 6
2019-09-12 11:40:33,428 [RatisPipelineUtilsThread] ERROR pipeline.PipelinePlacementPolicy (PipelinePlacementPolicy.java:meetCriteria(91)) - Pipeline Placement: Doesn't meet the criteria to be viable node. Heaviness: 6
2019-09-12 11:40:33,428 [RatisPipelineUtilsThread] ERROR pipeline.PipelinePlacementPolicy (PipelinePlacementPolicy.java:meetCriteria(91)) - Pipeline Placement: Doesn't meet the criteria to be viable node. Heaviness: 6
2019-09-12 11:40:33,428 [RatisPipelineUtilsThread] ERROR pipeline.PipelinePlacementPolicy (PipelinePlacementPolicy.java:meetCriteria(91)) - Pipeline Placement: Doesn't meet the criteria to be viable node. Heaviness: 6
2019-09-12 11:40:33,429 [RatisPipelineUtilsThread] ERROR pipeline.PipelinePlacementPolicy (PipelinePlacementPolicy.java:meetCriteria(91)) - Pipeline Placement: Doesn't meet the criteria to be viable node. Heaviness: 6
2019-09-12 11:40:33,434 [grpc-default-executor-0] INFO  impl.RaftServerProxy (RaftServerProxy.java:addNew(89)) - 8668900b-06f4-40f9-8926-68eb6348aa5d: addNew group-B270613A25B2:[8668900b-06f4-40f9-8926-68eb6348aa5d:192.168.157.195:38608] returns group-B270613A25B2:java.util.concurrent.CompletableFuture@cee4f5c[Not completed]
2019-09-12 11:40:33,435 [pool-104-thread-1] INFO  impl.RaftServerImpl (RaftServerImpl.java:<init>(93)) - 8668900b-06f4-40f9-8926-68eb6348aa5d: new RaftServerImpl for group-B270613A25B2:[8668900b-06f4-40f9-8926-68eb6348aa5d:192.168.157.195:38608] with ContainerStateMachine:uninitialized
2019-09-12 11:40:33,435 [pool-104-thread-1] INFO  server.RaftServerConfigKeys (ConfUtils.java:logGet(43)) - raft.server.rpc.timeout.min = 5s (custom)
2019-09-12 11:40:33,435 [pool-104-thread-1] INFO  server.RaftServerConfigKeys (ConfUtils.java:logGet(43)) - raft.server.rpc.timeout.max = 5200ms (custom)
2019-09-12 11:40:33,435 [pool-104-thread-1] INFO  server.RaftServerConfigKeys (ConfUtils.java:logGet(43)) - raft.server.rpcslowness.timeout = 120s (custom)
2019-09-12 11:40:33,436 [pool-104-thread-1] INFO  server.RaftServerConfigKeys (ConfUtils.java:logGet(43)) - raft.server.sleep.deviation.threshold = 300 (default)
2019-09-12 11:40:33,436 [pool-104-thread-1] INFO  server.RaftServerConfigKeys (ConfUtils.java:logGet(43)) - raft.server.log.appender.install.snapshot.enabled = false (custom)
2019-09-12 11:40:33,436 [pool-104-thread-1] INFO  impl.RaftServerImpl (ServerState.java:<init>(105)) - 8668900b-06f4-40f9-8926-68eb6348aa5d:group-B270613A25B2 ConfigurationManager, init=-1: [8668900b-06f4-40f9-8926-68eb6348aa5d:192.168.157.195:38608], old=null, confs=<EMPTY_MAP>
2019-09-12 11:40:33,436 [pool-104-thread-1] INFO  server.RaftServerConfigKeys (ConfUtils.java:logGet(43)) - raft.server.storage.dir = [/workdir/hadoop-ozone/ozonefs/target/test-dir/MiniOzoneClusterImpl-3f0ffa95-bfc9-4a1c-9a47-ff24715a0622/datanode-7/data/ratis] (custom)
2019-09-12 11:40:33,436 [pool-104-thread-1] INFO  storage.RaftStorageDirectory (RaftStorageDirectory.java:analyzeStorage(246)) - The storage directory /workdir/hadoop-ozone/ozonefs/target/test-dir/MiniOzoneClusterImpl-3f0ffa95-bfc9-4a1c-9a47-ff24715a0622/datanode-7/data/ratis/8415a60e-7d02-4ab8-8c7f-b270613a25b2 does not exist. Creating ...
2019-09-12 11:40:33,449 [pool-104-thread-1] INFO  storage.RaftStorageDirectory (RaftStorageDirectory.java:tryLock(328)) - Lock on /workdir/hadoop-ozone/ozonefs/target/test-dir/MiniOzoneClusterImpl-3f0ffa95-bfc9-4a1c-9a47-ff24715a0622/datanode-7/data/ratis/8415a60e-7d02-4ab8-8c7f-b270613a25b2/in_use.lock acquired by nodename 26061@pr-hdds-1569-xtfnx-3545843844
2019-09-12 11:40:33,463 [pool-104-thread-1] INFO  storage.RaftStorage (RaftStorage.java:format(72)) - Storage directory /workdir/hadoop-ozone/ozonefs/target/test-dir/MiniOzoneClusterImpl-3f0ffa95-bfc9-4a1c-9a47-ff24715a0622/datanode-7/data/ratis/8415a60e-7d02-4ab8-8c7f-b270613a25b2 has been successfully formatted.
2019-09-12 11:40:33,463 [pool-104-thread-1] INFO  ratis.ContainerStateMachine (ContainerStateMachine.java:loadSnapshot(226)) - group-B270613A25B2: The snapshot info is null. Setting the last applied indexto:(t:0, i:~)
2019-09-12 11:40:33,463 [pool-104-thread-1] INFO  server.RaftServerConfigKeys (ConfUtils.java:logGet(43)) - raft.server.leader.election.timeout = 120s (custom)
2019-09-12 11:40:33,464 [pool-104-thread-1] INFO  server.RaftServerConfigKeys (ConfUtils.java:logGet(43)) - raft.server.log.use.memory = false (default)
2019-09-12 11:40:33,464 [pool-104-thread-1] INFO  server.RaftServerConfigKeys (ConfUtils.java:logGet(43)) - raft.server.log.purge.gap = 1000000 (custom)
2019-09-12 11:40:33,464 [pool-104-thread-1] INFO  server.RaftServerConfigKeys (ConfUtils.java:logGet(43)) - raft.server.log.appender.buffer.byte-limit = 33554432 (custom)
2019-09-12 11:40:33,464 [pool-104-thread-1] INFO  server.RaftServerConfigKeys (ConfUtils.java:logGet(43)) - raft.server.log.segment.size.max = 1048576 (custom)
2019-09-12 11:40:33,464 [pool-104-thread-1] INFO  server.RaftServerConfigKeys (ConfUtils.java:logGet(43)) - raft.server.log.segment.cache.num.max = 2 (custom)
2019-09-12 11:40:33,464 [pool-104-thread-1] INFO  segmented.SegmentedRaftLogWorker (SegmentedRaftLogWorker.java:<init>(172)) - new 8668900b-06f4-40f9-8926-68eb6348aa5d-SegmentedRaftLogWorker:Storage Directory /workdir/hadoop-ozone/ozonefs/target/test-dir/MiniOzoneClusterImpl-3f0ffa95-bfc9-4a1c-9a47-ff24715a0622/datanode-7/data/ratis/8415a60e-7d02-4ab8-8c7f-b270613a25b2 for RaftStorage:Storage Directory /workdir/hadoop-ozone/ozonefs/target/test-dir/MiniOzoneClusterImpl-3f0ffa95-bfc9-4a1c-9a47-ff24715a0622/datanode-7/data/ratis/8415a60e-7d02-4ab8-8c7f-b270613a25b2
2019-09-12 11:40:33,465 [pool-104-thread-1] INFO  server.RaftServerConfigKeys (ConfUtils.java:logGet(43)) - raft.server.log.queue.byte-limit = 2147483647 (custom)
2019-09-12 11:40:33,465 [pool-104-thread-1] INFO  server.RaftServerConfigKeys (ConfUtils.java:logGet(43)) - raft.server.log.queue.element-limit = 1024 (custom)
2019-09-12 11:40:33,465 [pool-104-thread-1] INFO  server.RaftServerConfigKeys (ConfUtils.java:logGet(43)) - raft.server.log.segment.size.max = 1048576 (custom)
2019-09-12 11:40:33,465 [pool-104-thread-1] INFO  server.RaftServerConfigKeys (ConfUtils.java:logGet(43)) - raft.server.log.preallocated.size = 16384 (custom)
2019-09-12 11:40:33,465 [pool-104-thread-1] INFO  server.RaftServerConfigKeys (ConfUtils.java:logGet(43)) - raft.server.log.write.buffer.size = 33554432 (custom)
2019-09-12 11:40:33,465 [pool-104-thread-1] INFO  server.RaftServerConfigKeys (ConfUtils.java:logGet(43)) - raft.server.log.force.sync.num = 128 (default)
2019-09-12 11:40:33,466 [pool-104-thread-1] INFO  server.RaftServerConfigKeys (ConfUtils.java:logGet(43)) - raft.server.log.statemachine.data.sync = true (default)
2019-09-12 11:40:33,466 [pool-104-thread-1] INFO  server.RaftServerConfigKeys (ConfUtils.java:logGet(43)) - raft.server.log.statemachine.data.sync.timeout = 10s (default)
2019-09-12 11:40:33,466 [pool-104-thread-1] INFO  server.RaftServerConfigKeys (ConfUtils.java:logGet(43)) - raft.server.log.statemachine.data.sync.timeout.retry = -1 (default)
2019-09-12 11:40:33,466 [pool-104-thread-1] INFO  server.RaftServerConfigKeys (ConfUtils.java:logGet(43)) - raft.server.log.statemachine.data.caching.enabled = true (custom)
2019-09-12 11:40:33,466 [pool-104-thread-1] INFO  segmented.SegmentedRaftLogWorker (SegmentedRaftLogWorker.java:lambda$new$0(132)) - 8668900b-06f4-40f9-8926-68eb6348aa5d-SegmentedRaftLogWorker:Storage Directory /workdir/hadoop-ozone/ozonefs/target/test-dir/MiniOzoneClusterImpl-3f0ffa95-bfc9-4a1c-9a47-ff24715a0622/datanode-7/data/ratis/8415a60e-7d02-4ab8-8c7f-b270613a25b2: flushIndex: setUnconditionally 0 -> -1
2019-09-12 11:40:33,467 [pool-104-thread-1] INFO  server.RaftServerConfigKeys (ConfUtils.java:logGet(43)) - raft.server.snapshot.auto.trigger.enabled = true (custom)
2019-09-12 11:40:33,467 [pool-104-thread-1] INFO  server.RaftServerConfigKeys (ConfUtils.java:logGet(43)) - raft.server.snapshot.auto.trigger.threshold = 10000 (custom)
2019-09-12 11:40:33,467 [pool-104-thread-1] INFO  server.RaftServerConfigKeys (ConfUtils.java:logGet(43)) - raft.server.retrycache.expirytime = 600000ms (custom)
2019-09-12 11:40:33,467 [pool-104-thread-1] INFO  impl.RaftServerImpl (RaftServerImpl.java:start(180)) - 8668900b-06f4-40f9-8926-68eb6348aa5d: start group-B270613A25B2
2019-09-12 11:40:33,468 [pool-104-thread-1] INFO  impl.RaftServerImpl (RaftServerImpl.java:setRole(171)) - 8668900b-06f4-40f9-8926-68eb6348aa5d:group-B270613A25B2 changes role from null to FOLLOWER at term 0 for startAsFollower
2019-09-12 11:40:33,468 [pool-104-thread-1] INFO  impl.RoleInfo (RoleInfo.java:updateAndGet(143)) - 8668900b-06f4-40f9-8926-68eb6348aa5d: start FollowerState
2019-09-12 11:40:33,468 [pool-104-thread-1] INFO  util.JmxRegister (JmxRegister.java:tryRegister(44)) - Successfully registered JMX Bean with object name Ratis:service=RaftServer,group=group-B270613A25B2,id=8668900b-06f4-40f9-8926-68eb6348aa5d
2019-09-12 11:40:33,471 [RatisPipelineUtilsThread] INFO  pipeline.PipelineStateManager (PipelineStateManager.java:addPipeline(56)) - Created pipeline Pipeline[ Id: 8415a60e-7d02-4ab8-8c7f-b270613a25b2, Nodes: 8668900b-06f4-40f9-8926-68eb6348aa5d{ip: 192.168.157.195, host: pr-hdds-1569-xtfnx-3545843844, networkLocation: /default-rack, certSerialId: null}, Type:RATIS, Factor:ONE, State:OPEN]
2019-09-12 11:40:33,472 [RatisPipelineUtilsThread] ERROR pipeline.PipelinePlacementPolicy (PipelinePlacementPolicy.java:meetCriteria(91)) - Pipeline Placement: Doesn't meet the criteria to be viable node. Heaviness: 6
2019-09-12 11:40:33,472 [RatisPipelineUtilsThread] ERROR pipeline.PipelinePlacementPolicy (PipelinePlacementPolicy.java:meetCriteria(91)) - Pipeline Placement: Doesn't meet the criteria to be viable node. Heaviness: 6
2019-09-12 11:40:33,472 [RatisPipelineUtilsThread] ERROR pipeline.PipelinePlacementPolicy (PipelinePlacementPolicy.java:meetCriteria(91)) - Pipeline Placement: Doesn't meet the criteria to be viable node. Heaviness: 6
2019-09-12 11:40:33,472 [RatisPipelineUtilsThread] ERROR pipeline.PipelinePlacementPolicy (PipelinePlacementPolicy.java:meetCriteria(91)) - Pipeline Placement: Doesn't meet the criteria to be viable node. Heaviness: 6
2019-09-12 11:40:33,472 [RatisPipelineUtilsThread] ERROR pipeline.PipelinePlacementPolicy (PipelinePlacementPolicy.java:meetCriteria(91)) - Pipeline Placement: Doesn't meet the criteria to be viable node. Heaviness: 6
2019-09-12 11:40:33,473 [RatisPipelineUtilsThread] ERROR pipeline.PipelinePlacementPolicy (PipelinePlacementPolicy.java:meetCriteria(91)) - Pipeline Placement: Doesn't meet the criteria to be viable node. Heaviness: 6
2019-09-12 11:40:33,478 [grpc-default-executor-0] INFO  impl.RaftServerProxy (RaftServerProxy.java:addNew(89)) - 4255b290-7b6d-420f-97e2-6dfb55690bab: addNew group-07CD55941DFC:[4255b290-7b6d-420f-97e2-6dfb55690bab:192.168.157.195:45659] returns group-07CD55941DFC:java.util.concurrent.CompletableFuture@3208daf6[Not completed]
2019-09-12 11:40:33,479 [pool-93-thread-1] INFO  impl.RaftServerImpl (RaftServerImpl.java:<init>(93)) - 4255b290-7b6d-420f-97e2-6dfb55690bab: new RaftServerImpl for group-07CD55941DFC:[4255b290-7b6d-420f-97e2-6dfb55690bab:192.168.157.195:45659] with ContainerStateMachine:uninitialized
2019-09-12 11:40:33,479 [pool-93-thread-1] INFO  server.RaftServerConfigKeys (ConfUtils.java:logGet(43)) - raft.server.rpc.timeout.min = 5s (custom)
2019-09-12 11:40:33,479 [pool-93-thread-1] INFO  server.RaftServerConfigKeys (ConfUtils.java:logGet(43)) - raft.server.rpc.timeout.max = 5200ms (custom)
2019-09-12 11:40:33,480 [pool-93-thread-1] INFO  server.RaftServerConfigKeys (ConfUtils.java:logGet(43)) - raft.server.rpcslowness.timeout = 120s (custom)
2019-09-12 11:40:33,480 [pool-93-thread-1] INFO  server.RaftServerConfigKeys (ConfUtils.java:logGet(43)) - raft.server.sleep.deviation.threshold = 300 (default)
2019-09-12 11:40:33,480 [pool-93-thread-1] INFO  server.RaftServerConfigKeys (ConfUtils.java:logGet(43)) - raft.server.log.appender.install.snapshot.enabled = false (custom)
2019-09-12 11:40:33,480 [pool-93-thread-1] INFO  impl.RaftServerImpl (ServerState.java:<init>(105)) - 4255b290-7b6d-420f-97e2-6dfb55690bab:group-07CD55941DFC ConfigurationManager, init=-1: [4255b290-7b6d-420f-97e2-6dfb55690bab:192.168.157.195:45659], old=null, confs=<EMPTY_MAP>
2019-09-12 11:40:33,480 [pool-93-thread-1] INFO  server.RaftServerConfigKeys (ConfUtils.java:logGet(43)) - raft.server.storage.dir = [/workdir/hadoop-ozone/ozonefs/target/test-dir/MiniOzoneClusterImpl-3f0ffa95-bfc9-4a1c-9a47-ff24715a0622/datanode-6/data/ratis] (custom)
2019-09-12 11:40:33,481 [pool-93-thread-1] INFO  storage.RaftStorageDirectory (RaftStorageDirectory.java:analyzeStorage(246)) - The storage directory /workdir/hadoop-ozone/ozonefs/target/test-dir/MiniOzoneClusterImpl-3f0ffa95-bfc9-4a1c-9a47-ff24715a0622/datanode-6/data/ratis/0486ff61-cdfe-4815-ab34-07cd55941dfc does not exist. Creating ...
2019-09-12 11:40:33,494 [pool-93-thread-1] INFO  storage.RaftStorageDirectory (RaftStorageDirectory.java:tryLock(328)) - Lock on /workdir/hadoop-ozone/ozonefs/target/test-dir/MiniOzoneClusterImpl-3f0ffa95-bfc9-4a1c-9a47-ff24715a0622/datanode-6/data/ratis/0486ff61-cdfe-4815-ab34-07cd55941dfc/in_use.lock acquired by nodename 26061@pr-hdds-1569-xtfnx-3545843844
2019-09-12 11:40:33,495 | INFO  | SCMAudit | user=jenkins1000 | ip=192.168.157.195 | op=SEND_HEARTBEAT {datanodeUUID=f17fb2fb-971d-416e-b1f4-66e23bc05d05, command=[]} | ret=SUCCESS |  
2019-09-12 11:40:33,506 [pool-93-thread-1] INFO  storage.RaftStorage (RaftStorage.java:format(72)) - Storage directory /workdir/hadoop-ozone/ozonefs/target/test-dir/MiniOzoneClusterImpl-3f0ffa95-bfc9-4a1c-9a47-ff24715a0622/datanode-6/data/ratis/0486ff61-cdfe-4815-ab34-07cd55941dfc has been successfully formatted.
2019-09-12 11:40:33,506 [pool-93-thread-1] INFO  ratis.ContainerStateMachine (ContainerStateMachine.java:loadSnapshot(226)) - group-07CD55941DFC: The snapshot info is null. Setting the last applied indexto:(t:0, i:~)
2019-09-12 11:40:33,507 [pool-93-thread-1] INFO  server.RaftServerConfigKeys (ConfUtils.java:logGet(43)) - raft.server.leader.election.timeout = 120s (custom)
2019-09-12 11:40:33,507 [pool-93-thread-1] INFO  server.RaftServerConfigKeys (ConfUtils.java:logGet(43)) - raft.server.log.use.memory = false (default)
2019-09-12 11:40:33,507 [pool-93-thread-1] INFO  server.RaftServerConfigKeys (ConfUtils.java:logGet(43)) - raft.server.log.purge.gap = 1000000 (custom)
2019-09-12 11:40:33,507 [pool-93-thread-1] INFO  server.RaftServerConfigKeys (ConfUtils.java:logGet(43)) - raft.server.log.appender.buffer.byte-limit = 33554432 (custom)
2019-09-12 11:40:33,507 [pool-93-thread-1] INFO  server.RaftServerConfigKeys (ConfUtils.java:logGet(43)) - raft.server.log.segment.size.max = 1048576 (custom)
2019-09-12 11:40:33,507 [pool-93-thread-1] INFO  server.RaftServerConfigKeys (ConfUtils.java:logGet(43)) - raft.server.log.segment.cache.num.max = 2 (custom)
2019-09-12 11:40:33,508 [pool-93-thread-1] INFO  segmented.SegmentedRaftLogWorker (SegmentedRaftLogWorker.java:<init>(172)) - new 4255b290-7b6d-420f-97e2-6dfb55690bab-SegmentedRaftLogWorker:Storage Directory /workdir/hadoop-ozone/ozonefs/target/test-dir/MiniOzoneClusterImpl-3f0ffa95-bfc9-4a1c-9a47-ff24715a0622/datanode-6/data/ratis/0486ff61-cdfe-4815-ab34-07cd55941dfc for RaftStorage:Storage Directory /workdir/hadoop-ozone/ozonefs/target/test-dir/MiniOzoneClusterImpl-3f0ffa95-bfc9-4a1c-9a47-ff24715a0622/datanode-6/data/ratis/0486ff61-cdfe-4815-ab34-07cd55941dfc
2019-09-12 11:40:33,508 [pool-93-thread-1] INFO  server.RaftServerConfigKeys (ConfUtils.java:logGet(43)) - raft.server.log.queue.byte-limit = 2147483647 (custom)
2019-09-12 11:40:33,508 [pool-93-thread-1] INFO  server.RaftServerConfigKeys (ConfUtils.java:logGet(43)) - raft.server.log.queue.element-limit = 1024 (custom)
2019-09-12 11:40:33,508 [pool-93-thread-1] INFO  server.RaftServerConfigKeys (ConfUtils.java:logGet(43)) - raft.server.log.segment.size.max = 1048576 (custom)
2019-09-12 11:40:33,508 [pool-93-thread-1] INFO  server.RaftServerConfigKeys (ConfUtils.java:logGet(43)) - raft.server.log.preallocated.size = 16384 (custom)
2019-09-12 11:40:33,508 [pool-93-thread-1] INFO  server.RaftServerConfigKeys (ConfUtils.java:logGet(43)) - raft.server.log.write.buffer.size = 33554432 (custom)
2019-09-12 11:40:33,508 [pool-93-thread-1] INFO  server.RaftServerConfigKeys (ConfUtils.java:logGet(43)) - raft.server.log.force.sync.num = 128 (default)
2019-09-12 11:40:33,509 [pool-93-thread-1] INFO  server.RaftServerConfigKeys (ConfUtils.java:logGet(43)) - raft.server.log.statemachine.data.sync = true (default)
2019-09-12 11:40:33,509 [pool-93-thread-1] INFO  server.RaftServerConfigKeys (ConfUtils.java:logGet(43)) - raft.server.log.statemachine.data.sync.timeout = 10s (default)
2019-09-12 11:40:33,509 [pool-93-thread-1] INFO  server.RaftServerConfigKeys (ConfUtils.java:logGet(43)) - raft.server.log.statemachine.data.sync.timeout.retry = -1 (default)
2019-09-12 11:40:33,509 [pool-93-thread-1] INFO  server.RaftServerConfigKeys (ConfUtils.java:logGet(43)) - raft.server.log.statemachine.data.caching.enabled = true (custom)
2019-09-12 11:40:33,509 [pool-93-thread-1] INFO  segmented.SegmentedRaftLogWorker (SegmentedRaftLogWorker.java:lambda$new$0(132)) - 4255b290-7b6d-420f-97e2-6dfb55690bab-SegmentedRaftLogWorker:Storage Directory /workdir/hadoop-ozone/ozonefs/target/test-dir/MiniOzoneClusterImpl-3f0ffa95-bfc9-4a1c-9a47-ff24715a0622/datanode-6/data/ratis/0486ff61-cdfe-4815-ab34-07cd55941dfc: flushIndex: setUnconditionally 0 -> -1
2019-09-12 11:40:33,510 [pool-93-thread-1] INFO  server.RaftServerConfigKeys (ConfUtils.java:logGet(43)) - raft.server.snapshot.auto.trigger.enabled = true (custom)
2019-09-12 11:40:33,510 [pool-93-thread-1] INFO  server.RaftServerConfigKeys (ConfUtils.java:logGet(43)) - raft.server.snapshot.auto.trigger.threshold = 10000 (custom)
2019-09-12 11:40:33,510 [pool-93-thread-1] INFO  server.RaftServerConfigKeys (ConfUtils.java:logGet(43)) - raft.server.retrycache.expirytime = 600000ms (custom)
2019-09-12 11:40:33,510 [pool-93-thread-1] INFO  impl.RaftServerImpl (RaftServerImpl.java:start(180)) - 4255b290-7b6d-420f-97e2-6dfb55690bab: start group-07CD55941DFC
2019-09-12 11:40:33,510 [pool-93-thread-1] INFO  impl.RaftServerImpl (RaftServerImpl.java:setRole(171)) - 4255b290-7b6d-420f-97e2-6dfb55690bab:group-07CD55941DFC changes role from null to FOLLOWER at term 0 for startAsFollower
2019-09-12 11:40:33,511 [pool-93-thread-1] INFO  impl.RoleInfo (RoleInfo.java:updateAndGet(143)) - 4255b290-7b6d-420f-97e2-6dfb55690bab: start FollowerState
2019-09-12 11:40:33,511 | INFO  | SCMAudit | user=jenkins1000 | ip=192.168.157.195 | op=SEND_HEARTBEAT {datanodeUUID=ef411258-a662-4696-ba26-405a55c9a048, command=[]} | ret=SUCCESS |  
2019-09-12 11:40:33,511 [pool-93-thread-1] INFO  util.JmxRegister (JmxRegister.java:tryRegister(44)) - Successfully registered JMX Bean with object name Ratis:service=RaftServer,group=group-07CD55941DFC,id=4255b290-7b6d-420f-97e2-6dfb55690bab
2019-09-12 11:40:33,514 [RatisPipelineUtilsThread] INFO  pipeline.PipelineStateManager (PipelineStateManager.java:addPipeline(56)) - Created pipeline Pipeline[ Id: 0486ff61-cdfe-4815-ab34-07cd55941dfc, Nodes: 4255b290-7b6d-420f-97e2-6dfb55690bab{ip: 192.168.157.195, host: pr-hdds-1569-xtfnx-3545843844, networkLocation: /default-rack, certSerialId: null}, Type:RATIS, Factor:ONE, State:OPEN]
2019-09-12 11:40:33,514 [RatisPipelineUtilsThread] ERROR pipeline.PipelinePlacementPolicy (PipelinePlacementPolicy.java:meetCriteria(91)) - Pipeline Placement: Doesn't meet the criteria to be viable node. Heaviness: 6
2019-09-12 11:40:33,514 [RatisPipelineUtilsThread] ERROR pipeline.PipelinePlacementPolicy (PipelinePlacementPolicy.java:meetCriteria(91)) - Pipeline Placement: Doesn't meet the criteria to be viable node. Heaviness: 6
2019-09-12 11:40:33,514 [RatisPipelineUtilsThread] ERROR pipeline.PipelinePlacementPolicy (PipelinePlacementPolicy.java:meetCriteria(91)) - Pipeline Placement: Doesn't meet the criteria to be viable node. Heaviness: 6
2019-09-12 11:40:33,514 [RatisPipelineUtilsThread] ERROR pipeline.PipelinePlacementPolicy (PipelinePlacementPolicy.java:meetCriteria(91)) - Pipeline Placement: Doesn't meet the criteria to be viable node. Heaviness: 6
2019-09-12 11:40:33,515 [RatisPipelineUtilsThread] ERROR pipeline.PipelinePlacementPolicy (PipelinePlacementPolicy.java:meetCriteria(91)) - Pipeline Placement: Doesn't meet the criteria to be viable node. Heaviness: 6
2019-09-12 11:40:33,515 [RatisPipelineUtilsThread] ERROR pipeline.PipelinePlacementPolicy (PipelinePlacementPolicy.java:meetCriteria(91)) - Pipeline Placement: Doesn't meet the criteria to be viable node. Heaviness: 6
2019-09-12 11:40:33,520 [grpc-default-executor-0] INFO  impl.RaftServerProxy (RaftServerProxy.java:addNew(89)) - b5e361a7-9275-4b10-aa61-1d8677ab7c49: addNew group-420B97D8551B:[b5e361a7-9275-4b10-aa61-1d8677ab7c49:192.168.157.195:40278] returns group-420B97D8551B:java.util.concurrent.CompletableFuture@6e2acc2a[Not completed]
2019-09-12 11:40:33,521 [pool-115-thread-1] INFO  impl.RaftServerImpl (RaftServerImpl.java:<init>(93)) - b5e361a7-9275-4b10-aa61-1d8677ab7c49: new RaftServerImpl for group-420B97D8551B:[b5e361a7-9275-4b10-aa61-1d8677ab7c49:192.168.157.195:40278] with ContainerStateMachine:uninitialized
2019-09-12 11:40:33,521 [pool-115-thread-1] INFO  server.RaftServerConfigKeys (ConfUtils.java:logGet(43)) - raft.server.rpc.timeout.min = 5s (custom)
2019-09-12 11:40:33,521 [pool-115-thread-1] INFO  server.RaftServerConfigKeys (ConfUtils.java:logGet(43)) - raft.server.rpc.timeout.max = 5200ms (custom)
2019-09-12 11:40:33,521 [pool-115-thread-1] INFO  server.RaftServerConfigKeys (ConfUtils.java:logGet(43)) - raft.server.rpcslowness.timeout = 120s (custom)
2019-09-12 11:40:33,522 [pool-115-thread-1] INFO  server.RaftServerConfigKeys (ConfUtils.java:logGet(43)) - raft.server.sleep.deviation.threshold = 300 (default)
2019-09-12 11:40:33,522 [pool-115-thread-1] INFO  server.RaftServerConfigKeys (ConfUtils.java:logGet(43)) - raft.server.log.appender.install.snapshot.enabled = false (custom)
2019-09-12 11:40:33,522 [pool-115-thread-1] INFO  impl.RaftServerImpl (ServerState.java:<init>(105)) - b5e361a7-9275-4b10-aa61-1d8677ab7c49:group-420B97D8551B ConfigurationManager, init=-1: [b5e361a7-9275-4b10-aa61-1d8677ab7c49:192.168.157.195:40278], old=null, confs=<EMPTY_MAP>
2019-09-12 11:40:33,522 [pool-115-thread-1] INFO  server.RaftServerConfigKeys (ConfUtils.java:logGet(43)) - raft.server.storage.dir = [/workdir/hadoop-ozone/ozonefs/target/test-dir/MiniOzoneClusterImpl-3f0ffa95-bfc9-4a1c-9a47-ff24715a0622/datanode-8/data/ratis] (custom)
2019-09-12 11:40:33,522 [pool-115-thread-1] INFO  storage.RaftStorageDirectory (RaftStorageDirectory.java:analyzeStorage(246)) - The storage directory /workdir/hadoop-ozone/ozonefs/target/test-dir/MiniOzoneClusterImpl-3f0ffa95-bfc9-4a1c-9a47-ff24715a0622/datanode-8/data/ratis/fb668759-bb1e-4794-bc84-420b97d8551b does not exist. Creating ...
2019-09-12 11:40:33,535 [pool-115-thread-1] INFO  storage.RaftStorageDirectory (RaftStorageDirectory.java:tryLock(328)) - Lock on /workdir/hadoop-ozone/ozonefs/target/test-dir/MiniOzoneClusterImpl-3f0ffa95-bfc9-4a1c-9a47-ff24715a0622/datanode-8/data/ratis/fb668759-bb1e-4794-bc84-420b97d8551b/in_use.lock acquired by nodename 26061@pr-hdds-1569-xtfnx-3545843844
2019-09-12 11:40:33,548 [pool-115-thread-1] INFO  storage.RaftStorage (RaftStorage.java:format(72)) - Storage directory /workdir/hadoop-ozone/ozonefs/target/test-dir/MiniOzoneClusterImpl-3f0ffa95-bfc9-4a1c-9a47-ff24715a0622/datanode-8/data/ratis/fb668759-bb1e-4794-bc84-420b97d8551b has been successfully formatted.
2019-09-12 11:40:33,548 [pool-115-thread-1] INFO  ratis.ContainerStateMachine (ContainerStateMachine.java:loadSnapshot(226)) - group-420B97D8551B: The snapshot info is null. Setting the last applied indexto:(t:0, i:~)
2019-09-12 11:40:33,548 [pool-115-thread-1] INFO  server.RaftServerConfigKeys (ConfUtils.java:logGet(43)) - raft.server.leader.election.timeout = 120s (custom)
2019-09-12 11:40:33,548 [pool-115-thread-1] INFO  server.RaftServerConfigKeys (ConfUtils.java:logGet(43)) - raft.server.log.use.memory = false (default)
2019-09-12 11:40:33,548 [pool-115-thread-1] INFO  server.RaftServerConfigKeys (ConfUtils.java:logGet(43)) - raft.server.log.purge.gap = 1000000 (custom)
2019-09-12 11:40:33,548 [pool-115-thread-1] INFO  server.RaftServerConfigKeys (ConfUtils.java:logGet(43)) - raft.server.log.appender.buffer.byte-limit = 33554432 (custom)
2019-09-12 11:40:33,549 [pool-115-thread-1] INFO  server.RaftServerConfigKeys (ConfUtils.java:logGet(43)) - raft.server.log.segment.size.max = 1048576 (custom)
2019-09-12 11:40:33,549 [pool-115-thread-1] INFO  server.RaftServerConfigKeys (ConfUtils.java:logGet(43)) - raft.server.log.segment.cache.num.max = 2 (custom)
2019-09-12 11:40:33,549 [pool-115-thread-1] INFO  segmented.SegmentedRaftLogWorker (SegmentedRaftLogWorker.java:<init>(172)) - new b5e361a7-9275-4b10-aa61-1d8677ab7c49-SegmentedRaftLogWorker:Storage Directory /workdir/hadoop-ozone/ozonefs/target/test-dir/MiniOzoneClusterImpl-3f0ffa95-bfc9-4a1c-9a47-ff24715a0622/datanode-8/data/ratis/fb668759-bb1e-4794-bc84-420b97d8551b for RaftStorage:Storage Directory /workdir/hadoop-ozone/ozonefs/target/test-dir/MiniOzoneClusterImpl-3f0ffa95-bfc9-4a1c-9a47-ff24715a0622/datanode-8/data/ratis/fb668759-bb1e-4794-bc84-420b97d8551b
2019-09-12 11:40:33,549 [pool-115-thread-1] INFO  server.RaftServerConfigKeys (ConfUtils.java:logGet(43)) - raft.server.log.queue.byte-limit = 2147483647 (custom)
2019-09-12 11:40:33,549 [pool-115-thread-1] INFO  server.RaftServerConfigKeys (ConfUtils.java:logGet(43)) - raft.server.log.queue.element-limit = 1024 (custom)
2019-09-12 11:40:33,549 [pool-115-thread-1] INFO  server.RaftServerConfigKeys (ConfUtils.java:logGet(43)) - raft.server.log.segment.size.max = 1048576 (custom)
2019-09-12 11:40:33,549 [pool-115-thread-1] INFO  server.RaftServerConfigKeys (ConfUtils.java:logGet(43)) - raft.server.log.preallocated.size = 16384 (custom)
2019-09-12 11:40:33,550 [pool-115-thread-1] INFO  server.RaftServerConfigKeys (ConfUtils.java:logGet(43)) - raft.server.log.write.buffer.size = 33554432 (custom)
2019-09-12 11:40:33,550 [pool-115-thread-1] INFO  server.RaftServerConfigKeys (ConfUtils.java:logGet(43)) - raft.server.log.force.sync.num = 128 (default)
2019-09-12 11:40:33,550 [pool-115-thread-1] INFO  server.RaftServerConfigKeys (ConfUtils.java:logGet(43)) - raft.server.log.statemachine.data.sync = true (default)
2019-09-12 11:40:33,550 [pool-115-thread-1] INFO  server.RaftServerConfigKeys (ConfUtils.java:logGet(43)) - raft.server.log.statemachine.data.sync.timeout = 10s (default)
2019-09-12 11:40:33,550 [pool-115-thread-1] INFO  server.RaftServerConfigKeys (ConfUtils.java:logGet(43)) - raft.server.log.statemachine.data.sync.timeout.retry = -1 (default)
2019-09-12 11:40:33,550 [pool-115-thread-1] INFO  server.RaftServerConfigKeys (ConfUtils.java:logGet(43)) - raft.server.log.statemachine.data.caching.enabled = true (custom)
2019-09-12 11:40:33,550 [pool-115-thread-1] INFO  segmented.SegmentedRaftLogWorker (SegmentedRaftLogWorker.java:lambda$new$0(132)) - b5e361a7-9275-4b10-aa61-1d8677ab7c49-SegmentedRaftLogWorker:Storage Directory /workdir/hadoop-ozone/ozonefs/target/test-dir/MiniOzoneClusterImpl-3f0ffa95-bfc9-4a1c-9a47-ff24715a0622/datanode-8/data/ratis/fb668759-bb1e-4794-bc84-420b97d8551b: flushIndex: setUnconditionally 0 -> -1
2019-09-12 11:40:33,551 [pool-115-thread-1] INFO  server.RaftServerConfigKeys (ConfUtils.java:logGet(43)) - raft.server.snapshot.auto.trigger.enabled = true (custom)
2019-09-12 11:40:33,551 [pool-115-thread-1] INFO  server.RaftServerConfigKeys (ConfUtils.java:logGet(43)) - raft.server.snapshot.auto.trigger.threshold = 10000 (custom)
2019-09-12 11:40:33,551 [pool-115-thread-1] INFO  server.RaftServerConfigKeys (ConfUtils.java:logGet(43)) - raft.server.retrycache.expirytime = 600000ms (custom)
2019-09-12 11:40:33,551 [pool-115-thread-1] INFO  impl.RaftServerImpl (RaftServerImpl.java:start(180)) - b5e361a7-9275-4b10-aa61-1d8677ab7c49: start group-420B97D8551B
2019-09-12 11:40:33,551 [pool-115-thread-1] INFO  impl.RaftServerImpl (RaftServerImpl.java:setRole(171)) - b5e361a7-9275-4b10-aa61-1d8677ab7c49:group-420B97D8551B changes role from null to FOLLOWER at term 0 for startAsFollower
2019-09-12 11:40:33,551 [pool-115-thread-1] INFO  impl.RoleInfo (RoleInfo.java:updateAndGet(143)) - b5e361a7-9275-4b10-aa61-1d8677ab7c49: start FollowerState
2019-09-12 11:40:33,552 [pool-115-thread-1] INFO  util.JmxRegister (JmxRegister.java:tryRegister(44)) - Successfully registered JMX Bean with object name Ratis:service=RaftServer,group=group-420B97D8551B,id=b5e361a7-9275-4b10-aa61-1d8677ab7c49
2019-09-12 11:40:33,554 [RatisPipelineUtilsThread] INFO  pipeline.PipelineStateManager (PipelineStateManager.java:addPipeline(56)) - Created pipeline Pipeline[ Id: fb668759-bb1e-4794-bc84-420b97d8551b, Nodes: b5e361a7-9275-4b10-aa61-1d8677ab7c49{ip: 192.168.157.195, host: pr-hdds-1569-xtfnx-3545843844, networkLocation: /default-rack, certSerialId: null}, Type:RATIS, Factor:ONE, State:OPEN]
2019-09-12 11:40:33,554 [RatisPipelineUtilsThread] ERROR pipeline.PipelinePlacementPolicy (PipelinePlacementPolicy.java:meetCriteria(91)) - Pipeline Placement: Doesn't meet the criteria to be viable node. Heaviness: 6
2019-09-12 11:40:33,555 [RatisPipelineUtilsThread] ERROR pipeline.PipelinePlacementPolicy (PipelinePlacementPolicy.java:meetCriteria(91)) - Pipeline Placement: Doesn't meet the criteria to be viable node. Heaviness: 6
2019-09-12 11:40:33,555 [RatisPipelineUtilsThread] ERROR pipeline.PipelinePlacementPolicy (PipelinePlacementPolicy.java:meetCriteria(91)) - Pipeline Placement: Doesn't meet the criteria to be viable node. Heaviness: 6
2019-09-12 11:40:33,555 [RatisPipelineUtilsThread] ERROR pipeline.PipelinePlacementPolicy (PipelinePlacementPolicy.java:meetCriteria(91)) - Pipeline Placement: Doesn't meet the criteria to be viable node. Heaviness: 6
2019-09-12 11:40:33,555 [RatisPipelineUtilsThread] ERROR pipeline.PipelinePlacementPolicy (PipelinePlacementPolicy.java:meetCriteria(91)) - Pipeline Placement: Doesn't meet the criteria to be viable node. Heaviness: 6
2019-09-12 11:40:33,555 [RatisPipelineUtilsThread] ERROR pipeline.PipelinePlacementPolicy (PipelinePlacementPolicy.java:meetCriteria(91)) - Pipeline Placement: Doesn't meet the criteria to be viable node. Heaviness: 6
2019-09-12 11:40:33,560 [grpc-default-executor-0] INFO  impl.RaftServerProxy (RaftServerProxy.java:addNew(89)) - 8668900b-06f4-40f9-8926-68eb6348aa5d: addNew group-EAD92128E0B6:[8668900b-06f4-40f9-8926-68eb6348aa5d:192.168.157.195:38608] returns group-EAD92128E0B6:java.util.concurrent.CompletableFuture@67b64ce9[Not completed]
2019-09-12 11:40:33,562 [pool-104-thread-1] INFO  impl.RaftServerImpl (RaftServerImpl.java:<init>(93)) - 8668900b-06f4-40f9-8926-68eb6348aa5d: new RaftServerImpl for group-EAD92128E0B6:[8668900b-06f4-40f9-8926-68eb6348aa5d:192.168.157.195:38608] with ContainerStateMachine:uninitialized
2019-09-12 11:40:33,562 [pool-104-thread-1] INFO  server.RaftServerConfigKeys (ConfUtils.java:logGet(43)) - raft.server.rpc.timeout.min = 5s (custom)
2019-09-12 11:40:33,562 [pool-104-thread-1] INFO  server.RaftServerConfigKeys (ConfUtils.java:logGet(43)) - raft.server.rpc.timeout.max = 5200ms (custom)
2019-09-12 11:40:33,562 [pool-104-thread-1] INFO  server.RaftServerConfigKeys (ConfUtils.java:logGet(43)) - raft.server.rpcslowness.timeout = 120s (custom)
2019-09-12 11:40:33,562 [pool-104-thread-1] INFO  server.RaftServerConfigKeys (ConfUtils.java:logGet(43)) - raft.server.sleep.deviation.threshold = 300 (default)
2019-09-12 11:40:33,562 [pool-104-thread-1] INFO  server.RaftServerConfigKeys (ConfUtils.java:logGet(43)) - raft.server.log.appender.install.snapshot.enabled = false (custom)
2019-09-12 11:40:33,563 [pool-104-thread-1] INFO  impl.RaftServerImpl (ServerState.java:<init>(105)) - 8668900b-06f4-40f9-8926-68eb6348aa5d:group-EAD92128E0B6 ConfigurationManager, init=-1: [8668900b-06f4-40f9-8926-68eb6348aa5d:192.168.157.195:38608], old=null, confs=<EMPTY_MAP>
2019-09-12 11:40:33,563 [pool-104-thread-1] INFO  server.RaftServerConfigKeys (ConfUtils.java:logGet(43)) - raft.server.storage.dir = [/workdir/hadoop-ozone/ozonefs/target/test-dir/MiniOzoneClusterImpl-3f0ffa95-bfc9-4a1c-9a47-ff24715a0622/datanode-7/data/ratis] (custom)
2019-09-12 11:40:33,563 [pool-104-thread-1] INFO  storage.RaftStorageDirectory (RaftStorageDirectory.java:analyzeStorage(246)) - The storage directory /workdir/hadoop-ozone/ozonefs/target/test-dir/MiniOzoneClusterImpl-3f0ffa95-bfc9-4a1c-9a47-ff24715a0622/datanode-7/data/ratis/b976aa1b-0529-48a3-9893-ead92128e0b6 does not exist. Creating ...
2019-09-12 11:40:33,575 [pool-104-thread-1] INFO  storage.RaftStorageDirectory (RaftStorageDirectory.java:tryLock(328)) - Lock on /workdir/hadoop-ozone/ozonefs/target/test-dir/MiniOzoneClusterImpl-3f0ffa95-bfc9-4a1c-9a47-ff24715a0622/datanode-7/data/ratis/b976aa1b-0529-48a3-9893-ead92128e0b6/in_use.lock acquired by nodename 26061@pr-hdds-1569-xtfnx-3545843844
2019-09-12 11:40:33,589 [pool-104-thread-1] INFO  storage.RaftStorage (RaftStorage.java:format(72)) - Storage directory /workdir/hadoop-ozone/ozonefs/target/test-dir/MiniOzoneClusterImpl-3f0ffa95-bfc9-4a1c-9a47-ff24715a0622/datanode-7/data/ratis/b976aa1b-0529-48a3-9893-ead92128e0b6 has been successfully formatted.
2019-09-12 11:40:33,589 [pool-104-thread-1] INFO  ratis.ContainerStateMachine (ContainerStateMachine.java:loadSnapshot(226)) - group-EAD92128E0B6: The snapshot info is null. Setting the last applied indexto:(t:0, i:~)
2019-09-12 11:40:33,590 [pool-104-thread-1] INFO  server.RaftServerConfigKeys (ConfUtils.java:logGet(43)) - raft.server.leader.election.timeout = 120s (custom)
2019-09-12 11:40:33,590 [pool-104-thread-1] INFO  server.RaftServerConfigKeys (ConfUtils.java:logGet(43)) - raft.server.log.use.memory = false (default)
2019-09-12 11:40:33,590 [pool-104-thread-1] INFO  server.RaftServerConfigKeys (ConfUtils.java:logGet(43)) - raft.server.log.purge.gap = 1000000 (custom)
2019-09-12 11:40:33,590 [pool-104-thread-1] INFO  server.RaftServerConfigKeys (ConfUtils.java:logGet(43)) - raft.server.log.appender.buffer.byte-limit = 33554432 (custom)
2019-09-12 11:40:33,590 [pool-104-thread-1] INFO  server.RaftServerConfigKeys (ConfUtils.java:logGet(43)) - raft.server.log.segment.size.max = 1048576 (custom)
2019-09-12 11:40:33,590 [pool-104-thread-1] INFO  server.RaftServerConfigKeys (ConfUtils.java:logGet(43)) - raft.server.log.segment.cache.num.max = 2 (custom)
2019-09-12 11:40:33,590 [pool-104-thread-1] INFO  segmented.SegmentedRaftLogWorker (SegmentedRaftLogWorker.java:<init>(172)) - new 8668900b-06f4-40f9-8926-68eb6348aa5d-SegmentedRaftLogWorker:Storage Directory /workdir/hadoop-ozone/ozonefs/target/test-dir/MiniOzoneClusterImpl-3f0ffa95-bfc9-4a1c-9a47-ff24715a0622/datanode-7/data/ratis/b976aa1b-0529-48a3-9893-ead92128e0b6 for RaftStorage:Storage Directory /workdir/hadoop-ozone/ozonefs/target/test-dir/MiniOzoneClusterImpl-3f0ffa95-bfc9-4a1c-9a47-ff24715a0622/datanode-7/data/ratis/b976aa1b-0529-48a3-9893-ead92128e0b6
2019-09-12 11:40:33,591 [pool-104-thread-1] INFO  server.RaftServerConfigKeys (ConfUtils.java:logGet(43)) - raft.server.log.queue.byte-limit = 2147483647 (custom)
2019-09-12 11:40:33,591 [pool-104-thread-1] INFO  server.RaftServerConfigKeys (ConfUtils.java:logGet(43)) - raft.server.log.queue.element-limit = 1024 (custom)
2019-09-12 11:40:33,591 [pool-104-thread-1] INFO  server.RaftServerConfigKeys (ConfUtils.java:logGet(43)) - raft.server.log.segment.size.max = 1048576 (custom)
2019-09-12 11:40:33,591 [pool-104-thread-1] INFO  server.RaftServerConfigKeys (ConfUtils.java:logGet(43)) - raft.server.log.preallocated.size = 16384 (custom)
2019-09-12 11:40:33,591 [pool-104-thread-1] INFO  server.RaftServerConfigKeys (ConfUtils.java:logGet(43)) - raft.server.log.write.buffer.size = 33554432 (custom)
2019-09-12 11:40:33,591 [pool-104-thread-1] INFO  server.RaftServerConfigKeys (ConfUtils.java:logGet(43)) - raft.server.log.force.sync.num = 128 (default)
2019-09-12 11:40:33,592 [pool-104-thread-1] INFO  server.RaftServerConfigKeys (ConfUtils.java:logGet(43)) - raft.server.log.statemachine.data.sync = true (default)
2019-09-12 11:40:33,592 [pool-104-thread-1] INFO  server.RaftServerConfigKeys (ConfUtils.java:logGet(43)) - raft.server.log.statemachine.data.sync.timeout = 10s (default)
2019-09-12 11:40:33,592 [pool-104-thread-1] INFO  server.RaftServerConfigKeys (ConfUtils.java:logGet(43)) - raft.server.log.statemachine.data.sync.timeout.retry = -1 (default)
2019-09-12 11:40:33,592 [pool-104-thread-1] INFO  server.RaftServerConfigKeys (ConfUtils.java:logGet(43)) - raft.server.log.statemachine.data.caching.enabled = true (custom)
2019-09-12 11:40:33,593 [pool-104-thread-1] INFO  segmented.SegmentedRaftLogWorker (SegmentedRaftLogWorker.java:lambda$new$0(132)) - 8668900b-06f4-40f9-8926-68eb6348aa5d-SegmentedRaftLogWorker:Storage Directory /workdir/hadoop-ozone/ozonefs/target/test-dir/MiniOzoneClusterImpl-3f0ffa95-bfc9-4a1c-9a47-ff24715a0622/datanode-7/data/ratis/b976aa1b-0529-48a3-9893-ead92128e0b6: flushIndex: setUnconditionally 0 -> -1
2019-09-12 11:40:33,593 [pool-104-thread-1] INFO  server.RaftServerConfigKeys (ConfUtils.java:logGet(43)) - raft.server.snapshot.auto.trigger.enabled = true (custom)
2019-09-12 11:40:33,593 [pool-104-thread-1] INFO  server.RaftServerConfigKeys (ConfUtils.java:logGet(43)) - raft.server.snapshot.auto.trigger.threshold = 10000 (custom)
2019-09-12 11:40:33,593 [pool-104-thread-1] INFO  server.RaftServerConfigKeys (ConfUtils.java:logGet(43)) - raft.server.retrycache.expirytime = 600000ms (custom)
2019-09-12 11:40:33,594 [pool-104-thread-1] INFO  impl.RaftServerImpl (RaftServerImpl.java:start(180)) - 8668900b-06f4-40f9-8926-68eb6348aa5d: start group-EAD92128E0B6
2019-09-12 11:40:33,594 [pool-104-thread-1] INFO  impl.RaftServerImpl (RaftServerImpl.java:setRole(171)) - 8668900b-06f4-40f9-8926-68eb6348aa5d:group-EAD92128E0B6 changes role from null to FOLLOWER at term 0 for startAsFollower
2019-09-12 11:40:33,594 [pool-104-thread-1] INFO  impl.RoleInfo (RoleInfo.java:updateAndGet(143)) - 8668900b-06f4-40f9-8926-68eb6348aa5d: start FollowerState
2019-09-12 11:40:33,594 [pool-104-thread-1] INFO  util.JmxRegister (JmxRegister.java:tryRegister(44)) - Successfully registered JMX Bean with object name Ratis:service=RaftServer,group=group-EAD92128E0B6,id=8668900b-06f4-40f9-8926-68eb6348aa5d
2019-09-12 11:40:33,597 [RatisPipelineUtilsThread] INFO  pipeline.PipelineStateManager (PipelineStateManager.java:addPipeline(56)) - Created pipeline Pipeline[ Id: b976aa1b-0529-48a3-9893-ead92128e0b6, Nodes: 8668900b-06f4-40f9-8926-68eb6348aa5d{ip: 192.168.157.195, host: pr-hdds-1569-xtfnx-3545843844, networkLocation: /default-rack, certSerialId: null}, Type:RATIS, Factor:ONE, State:OPEN]
2019-09-12 11:40:33,597 [RatisPipelineUtilsThread] ERROR pipeline.PipelinePlacementPolicy (PipelinePlacementPolicy.java:meetCriteria(91)) - Pipeline Placement: Doesn't meet the criteria to be viable node. Heaviness: 6
2019-09-12 11:40:33,597 [RatisPipelineUtilsThread] ERROR pipeline.PipelinePlacementPolicy (PipelinePlacementPolicy.java:meetCriteria(91)) - Pipeline Placement: Doesn't meet the criteria to be viable node. Heaviness: 6
2019-09-12 11:40:33,598 [RatisPipelineUtilsThread] ERROR pipeline.PipelinePlacementPolicy (PipelinePlacementPolicy.java:meetCriteria(91)) - Pipeline Placement: Doesn't meet the criteria to be viable node. Heaviness: 6
2019-09-12 11:40:33,598 [RatisPipelineUtilsThread] ERROR pipeline.PipelinePlacementPolicy (PipelinePlacementPolicy.java:meetCriteria(91)) - Pipeline Placement: Doesn't meet the criteria to be viable node. Heaviness: 6
2019-09-12 11:40:33,598 [RatisPipelineUtilsThread] ERROR pipeline.PipelinePlacementPolicy (PipelinePlacementPolicy.java:meetCriteria(91)) - Pipeline Placement: Doesn't meet the criteria to be viable node. Heaviness: 6
2019-09-12 11:40:33,598 [RatisPipelineUtilsThread] ERROR pipeline.PipelinePlacementPolicy (PipelinePlacementPolicy.java:meetCriteria(91)) - Pipeline Placement: Doesn't meet the criteria to be viable node. Heaviness: 6
2019-09-12 11:40:33,598 [RatisPipelineUtilsThread] ERROR pipeline.PipelinePlacementPolicy (PipelinePlacementPolicy.java:meetCriteria(91)) - Pipeline Placement: Doesn't meet the criteria to be viable node. Heaviness: 6
2019-09-12 11:40:33,602 | INFO  | SCMAudit | user=jenkins1000 | ip=192.168.157.195 | op=SEND_HEARTBEAT {datanodeUUID=2da31971-fd5c-4baf-8dfe-b6048362baf8, command=[]} | ret=SUCCESS |  
2019-09-12 11:40:33,603 [grpc-default-executor-0] INFO  impl.RaftServerProxy (RaftServerProxy.java:addNew(89)) - b5e361a7-9275-4b10-aa61-1d8677ab7c49: addNew group-1D64220CD5B5:[b5e361a7-9275-4b10-aa61-1d8677ab7c49:192.168.157.195:40278] returns group-1D64220CD5B5:java.util.concurrent.CompletableFuture@48bc0a0c[Not completed]
2019-09-12 11:40:33,604 [pool-115-thread-1] INFO  impl.RaftServerImpl (RaftServerImpl.java:<init>(93)) - b5e361a7-9275-4b10-aa61-1d8677ab7c49: new RaftServerImpl for group-1D64220CD5B5:[b5e361a7-9275-4b10-aa61-1d8677ab7c49:192.168.157.195:40278] with ContainerStateMachine:uninitialized
2019-09-12 11:40:33,605 [pool-115-thread-1] INFO  server.RaftServerConfigKeys (ConfUtils.java:logGet(43)) - raft.server.rpc.timeout.min = 5s (custom)
2019-09-12 11:40:33,605 [pool-115-thread-1] INFO  server.RaftServerConfigKeys (ConfUtils.java:logGet(43)) - raft.server.rpc.timeout.max = 5200ms (custom)
2019-09-12 11:40:33,605 [pool-115-thread-1] INFO  server.RaftServerConfigKeys (ConfUtils.java:logGet(43)) - raft.server.rpcslowness.timeout = 120s (custom)
2019-09-12 11:40:33,605 [pool-115-thread-1] INFO  server.RaftServerConfigKeys (ConfUtils.java:logGet(43)) - raft.server.sleep.deviation.threshold = 300 (default)
2019-09-12 11:40:33,605 [pool-115-thread-1] INFO  server.RaftServerConfigKeys (ConfUtils.java:logGet(43)) - raft.server.log.appender.install.snapshot.enabled = false (custom)
2019-09-12 11:40:33,605 [pool-115-thread-1] INFO  impl.RaftServerImpl (ServerState.java:<init>(105)) - b5e361a7-9275-4b10-aa61-1d8677ab7c49:group-1D64220CD5B5 ConfigurationManager, init=-1: [b5e361a7-9275-4b10-aa61-1d8677ab7c49:192.168.157.195:40278], old=null, confs=<EMPTY_MAP>
2019-09-12 11:40:33,605 [pool-115-thread-1] INFO  server.RaftServerConfigKeys (ConfUtils.java:logGet(43)) - raft.server.storage.dir = [/workdir/hadoop-ozone/ozonefs/target/test-dir/MiniOzoneClusterImpl-3f0ffa95-bfc9-4a1c-9a47-ff24715a0622/datanode-8/data/ratis] (custom)
2019-09-12 11:40:33,606 [pool-115-thread-1] INFO  storage.RaftStorageDirectory (RaftStorageDirectory.java:analyzeStorage(246)) - The storage directory /workdir/hadoop-ozone/ozonefs/target/test-dir/MiniOzoneClusterImpl-3f0ffa95-bfc9-4a1c-9a47-ff24715a0622/datanode-8/data/ratis/5fb8a087-ae53-495c-83d2-1d64220cd5b5 does not exist. Creating ...
2019-09-12 11:40:33,618 [pool-115-thread-1] INFO  storage.RaftStorageDirectory (RaftStorageDirectory.java:tryLock(328)) - Lock on /workdir/hadoop-ozone/ozonefs/target/test-dir/MiniOzoneClusterImpl-3f0ffa95-bfc9-4a1c-9a47-ff24715a0622/datanode-8/data/ratis/5fb8a087-ae53-495c-83d2-1d64220cd5b5/in_use.lock acquired by nodename 26061@pr-hdds-1569-xtfnx-3545843844
2019-09-12 11:40:33,631 [pool-115-thread-1] INFO  storage.RaftStorage (RaftStorage.java:format(72)) - Storage directory /workdir/hadoop-ozone/ozonefs/target/test-dir/MiniOzoneClusterImpl-3f0ffa95-bfc9-4a1c-9a47-ff24715a0622/datanode-8/data/ratis/5fb8a087-ae53-495c-83d2-1d64220cd5b5 has been successfully formatted.
2019-09-12 11:40:33,631 [pool-115-thread-1] INFO  ratis.ContainerStateMachine (ContainerStateMachine.java:loadSnapshot(226)) - group-1D64220CD5B5: The snapshot info is null. Setting the last applied indexto:(t:0, i:~)
2019-09-12 11:40:33,631 [pool-115-thread-1] INFO  server.RaftServerConfigKeys (ConfUtils.java:logGet(43)) - raft.server.leader.election.timeout = 120s (custom)
2019-09-12 11:40:33,631 [pool-115-thread-1] INFO  server.RaftServerConfigKeys (ConfUtils.java:logGet(43)) - raft.server.log.use.memory = false (default)
2019-09-12 11:40:33,631 [pool-115-thread-1] INFO  server.RaftServerConfigKeys (ConfUtils.java:logGet(43)) - raft.server.log.purge.gap = 1000000 (custom)
2019-09-12 11:40:33,631 [pool-115-thread-1] INFO  server.RaftServerConfigKeys (ConfUtils.java:logGet(43)) - raft.server.log.appender.buffer.byte-limit = 33554432 (custom)
2019-09-12 11:40:33,632 [pool-115-thread-1] INFO  server.RaftServerConfigKeys (ConfUtils.java:logGet(43)) - raft.server.log.segment.size.max = 1048576 (custom)
2019-09-12 11:40:33,632 [pool-115-thread-1] INFO  server.RaftServerConfigKeys (ConfUtils.java:logGet(43)) - raft.server.log.segment.cache.num.max = 2 (custom)
2019-09-12 11:40:33,632 [pool-115-thread-1] INFO  segmented.SegmentedRaftLogWorker (SegmentedRaftLogWorker.java:<init>(172)) - new b5e361a7-9275-4b10-aa61-1d8677ab7c49-SegmentedRaftLogWorker:Storage Directory /workdir/hadoop-ozone/ozonefs/target/test-dir/MiniOzoneClusterImpl-3f0ffa95-bfc9-4a1c-9a47-ff24715a0622/datanode-8/data/ratis/5fb8a087-ae53-495c-83d2-1d64220cd5b5 for RaftStorage:Storage Directory /workdir/hadoop-ozone/ozonefs/target/test-dir/MiniOzoneClusterImpl-3f0ffa95-bfc9-4a1c-9a47-ff24715a0622/datanode-8/data/ratis/5fb8a087-ae53-495c-83d2-1d64220cd5b5
2019-09-12 11:40:33,632 [pool-115-thread-1] INFO  server.RaftServerConfigKeys (ConfUtils.java:logGet(43)) - raft.server.log.queue.byte-limit = 2147483647 (custom)
2019-09-12 11:40:33,632 [pool-115-thread-1] INFO  server.RaftServerConfigKeys (ConfUtils.java:logGet(43)) - raft.server.log.queue.element-limit = 1024 (custom)
2019-09-12 11:40:33,632 [pool-115-thread-1] INFO  server.RaftServerConfigKeys (ConfUtils.java:logGet(43)) - raft.server.log.segment.size.max = 1048576 (custom)
2019-09-12 11:40:33,632 [pool-115-thread-1] INFO  server.RaftServerConfigKeys (ConfUtils.java:logGet(43)) - raft.server.log.preallocated.size = 16384 (custom)
2019-09-12 11:40:33,632 [pool-115-thread-1] INFO  server.RaftServerConfigKeys (ConfUtils.java:logGet(43)) - raft.server.log.write.buffer.size = 33554432 (custom)
2019-09-12 11:40:33,632 [pool-115-thread-1] INFO  server.RaftServerConfigKeys (ConfUtils.java:logGet(43)) - raft.server.log.force.sync.num = 128 (default)
2019-09-12 11:40:33,632 [pool-115-thread-1] INFO  server.RaftServerConfigKeys (ConfUtils.java:logGet(43)) - raft.server.log.statemachine.data.sync = true (default)
2019-09-12 11:40:33,633 [pool-115-thread-1] INFO  server.RaftServerConfigKeys (ConfUtils.java:logGet(43)) - raft.server.log.statemachine.data.sync.timeout = 10s (default)
2019-09-12 11:40:33,633 [pool-115-thread-1] INFO  server.RaftServerConfigKeys (ConfUtils.java:logGet(43)) - raft.server.log.statemachine.data.sync.timeout.retry = -1 (default)
2019-09-12 11:40:33,633 [pool-115-thread-1] INFO  server.RaftServerConfigKeys (ConfUtils.java:logGet(43)) - raft.server.log.statemachine.data.caching.enabled = true (custom)
2019-09-12 11:40:33,633 [pool-115-thread-1] INFO  segmented.SegmentedRaftLogWorker (SegmentedRaftLogWorker.java:lambda$new$0(132)) - b5e361a7-9275-4b10-aa61-1d8677ab7c49-SegmentedRaftLogWorker:Storage Directory /workdir/hadoop-ozone/ozonefs/target/test-dir/MiniOzoneClusterImpl-3f0ffa95-bfc9-4a1c-9a47-ff24715a0622/datanode-8/data/ratis/5fb8a087-ae53-495c-83d2-1d64220cd5b5: flushIndex: setUnconditionally 0 -> -1
2019-09-12 11:40:33,633 [pool-115-thread-1] INFO  server.RaftServerConfigKeys (ConfUtils.java:logGet(43)) - raft.server.snapshot.auto.trigger.enabled = true (custom)
2019-09-12 11:40:33,633 [pool-115-thread-1] INFO  server.RaftServerConfigKeys (ConfUtils.java:logGet(43)) - raft.server.snapshot.auto.trigger.threshold = 10000 (custom)
2019-09-12 11:40:33,634 [pool-115-thread-1] INFO  server.RaftServerConfigKeys (ConfUtils.java:logGet(43)) - raft.server.retrycache.expirytime = 600000ms (custom)
2019-09-12 11:40:33,634 [pool-115-thread-1] INFO  impl.RaftServerImpl (RaftServerImpl.java:start(180)) - b5e361a7-9275-4b10-aa61-1d8677ab7c49: start group-1D64220CD5B5
2019-09-12 11:40:33,634 [pool-115-thread-1] INFO  impl.RaftServerImpl (RaftServerImpl.java:setRole(171)) - b5e361a7-9275-4b10-aa61-1d8677ab7c49:group-1D64220CD5B5 changes role from null to FOLLOWER at term 0 for startAsFollower
2019-09-12 11:40:33,634 [pool-115-thread-1] INFO  impl.RoleInfo (RoleInfo.java:updateAndGet(143)) - b5e361a7-9275-4b10-aa61-1d8677ab7c49: start FollowerState
2019-09-12 11:40:33,634 [pool-115-thread-1] INFO  util.JmxRegister (JmxRegister.java:tryRegister(44)) - Successfully registered JMX Bean with object name Ratis:service=RaftServer,group=group-1D64220CD5B5,id=b5e361a7-9275-4b10-aa61-1d8677ab7c49
2019-09-12 11:40:33,637 [RatisPipelineUtilsThread] INFO  pipeline.PipelineStateManager (PipelineStateManager.java:addPipeline(56)) - Created pipeline Pipeline[ Id: 5fb8a087-ae53-495c-83d2-1d64220cd5b5, Nodes: b5e361a7-9275-4b10-aa61-1d8677ab7c49{ip: 192.168.157.195, host: pr-hdds-1569-xtfnx-3545843844, networkLocation: /default-rack, certSerialId: null}, Type:RATIS, Factor:ONE, State:OPEN]
2019-09-12 11:40:33,637 [RatisPipelineUtilsThread] ERROR pipeline.PipelinePlacementPolicy (PipelinePlacementPolicy.java:meetCriteria(91)) - Pipeline Placement: Doesn't meet the criteria to be viable node. Heaviness: 6
2019-09-12 11:40:33,637 [RatisPipelineUtilsThread] ERROR pipeline.PipelinePlacementPolicy (PipelinePlacementPolicy.java:meetCriteria(91)) - Pipeline Placement: Doesn't meet the criteria to be viable node. Heaviness: 6
2019-09-12 11:40:33,637 [RatisPipelineUtilsThread] ERROR pipeline.PipelinePlacementPolicy (PipelinePlacementPolicy.java:meetCriteria(91)) - Pipeline Placement: Doesn't meet the criteria to be viable node. Heaviness: 6
2019-09-12 11:40:33,638 [RatisPipelineUtilsThread] ERROR pipeline.PipelinePlacementPolicy (PipelinePlacementPolicy.java:meetCriteria(91)) - Pipeline Placement: Doesn't meet the criteria to be viable node. Heaviness: 6
2019-09-12 11:40:33,638 [RatisPipelineUtilsThread] ERROR pipeline.PipelinePlacementPolicy (PipelinePlacementPolicy.java:meetCriteria(91)) - Pipeline Placement: Doesn't meet the criteria to be viable node. Heaviness: 6
2019-09-12 11:40:33,638 [RatisPipelineUtilsThread] ERROR pipeline.PipelinePlacementPolicy (PipelinePlacementPolicy.java:meetCriteria(91)) - Pipeline Placement: Doesn't meet the criteria to be viable node. Heaviness: 6
2019-09-12 11:40:33,638 [RatisPipelineUtilsThread] ERROR pipeline.PipelinePlacementPolicy (PipelinePlacementPolicy.java:meetCriteria(91)) - Pipeline Placement: Doesn't meet the criteria to be viable node. Heaviness: 6
2019-09-12 11:40:33,643 [grpc-default-executor-0] INFO  impl.RaftServerProxy (RaftServerProxy.java:addNew(89)) - 4255b290-7b6d-420f-97e2-6dfb55690bab: addNew group-5E15922F14B8:[4255b290-7b6d-420f-97e2-6dfb55690bab:192.168.157.195:45659] returns group-5E15922F14B8:java.util.concurrent.CompletableFuture@6101ce2b[Not completed]
2019-09-12 11:40:33,644 [pool-93-thread-1] INFO  impl.RaftServerImpl (RaftServerImpl.java:<init>(93)) - 4255b290-7b6d-420f-97e2-6dfb55690bab: new RaftServerImpl for group-5E15922F14B8:[4255b290-7b6d-420f-97e2-6dfb55690bab:192.168.157.195:45659] with ContainerStateMachine:uninitialized
2019-09-12 11:40:33,644 [pool-93-thread-1] INFO  server.RaftServerConfigKeys (ConfUtils.java:logGet(43)) - raft.server.rpc.timeout.min = 5s (custom)
2019-09-12 11:40:33,644 [pool-93-thread-1] INFO  server.RaftServerConfigKeys (ConfUtils.java:logGet(43)) - raft.server.rpc.timeout.max = 5200ms (custom)
2019-09-12 11:40:33,644 [pool-93-thread-1] INFO  server.RaftServerConfigKeys (ConfUtils.java:logGet(43)) - raft.server.rpcslowness.timeout = 120s (custom)
2019-09-12 11:40:33,644 [pool-93-thread-1] INFO  server.RaftServerConfigKeys (ConfUtils.java:logGet(43)) - raft.server.sleep.deviation.threshold = 300 (default)
2019-09-12 11:40:33,644 [pool-93-thread-1] INFO  server.RaftServerConfigKeys (ConfUtils.java:logGet(43)) - raft.server.log.appender.install.snapshot.enabled = false (custom)
2019-09-12 11:40:33,645 [pool-93-thread-1] INFO  impl.RaftServerImpl (ServerState.java:<init>(105)) - 4255b290-7b6d-420f-97e2-6dfb55690bab:group-5E15922F14B8 ConfigurationManager, init=-1: [4255b290-7b6d-420f-97e2-6dfb55690bab:192.168.157.195:45659], old=null, confs=<EMPTY_MAP>
2019-09-12 11:40:33,645 [pool-93-thread-1] INFO  server.RaftServerConfigKeys (ConfUtils.java:logGet(43)) - raft.server.storage.dir = [/workdir/hadoop-ozone/ozonefs/target/test-dir/MiniOzoneClusterImpl-3f0ffa95-bfc9-4a1c-9a47-ff24715a0622/datanode-6/data/ratis] (custom)
2019-09-12 11:40:33,645 [pool-93-thread-1] INFO  storage.RaftStorageDirectory (RaftStorageDirectory.java:analyzeStorage(246)) - The storage directory /workdir/hadoop-ozone/ozonefs/target/test-dir/MiniOzoneClusterImpl-3f0ffa95-bfc9-4a1c-9a47-ff24715a0622/datanode-6/data/ratis/846d4f30-8c6c-46be-8a74-5e15922f14b8 does not exist. Creating ...
2019-09-12 11:40:33,651 | INFO  | SCMAudit | user=jenkins1000 | ip=192.168.157.195 | op=SEND_HEARTBEAT {datanodeUUID=dbf859ef-0f75-4843-8536-03105c97857a, command=[]} | ret=SUCCESS |  
2019-09-12 11:40:33,660 [pool-93-thread-1] INFO  storage.RaftStorageDirectory (RaftStorageDirectory.java:tryLock(328)) - Lock on /workdir/hadoop-ozone/ozonefs/target/test-dir/MiniOzoneClusterImpl-3f0ffa95-bfc9-4a1c-9a47-ff24715a0622/datanode-6/data/ratis/846d4f30-8c6c-46be-8a74-5e15922f14b8/in_use.lock acquired by nodename 26061@pr-hdds-1569-xtfnx-3545843844
2019-09-12 11:40:33,673 [pool-93-thread-1] INFO  storage.RaftStorage (RaftStorage.java:format(72)) - Storage directory /workdir/hadoop-ozone/ozonefs/target/test-dir/MiniOzoneClusterImpl-3f0ffa95-bfc9-4a1c-9a47-ff24715a0622/datanode-6/data/ratis/846d4f30-8c6c-46be-8a74-5e15922f14b8 has been successfully formatted.
2019-09-12 11:40:33,673 [pool-93-thread-1] INFO  ratis.ContainerStateMachine (ContainerStateMachine.java:loadSnapshot(226)) - group-5E15922F14B8: The snapshot info is null. Setting the last applied indexto:(t:0, i:~)
2019-09-12 11:40:33,673 [pool-93-thread-1] INFO  server.RaftServerConfigKeys (ConfUtils.java:logGet(43)) - raft.server.leader.election.timeout = 120s (custom)
2019-09-12 11:40:33,673 [pool-93-thread-1] INFO  server.RaftServerConfigKeys (ConfUtils.java:logGet(43)) - raft.server.log.use.memory = false (default)
2019-09-12 11:40:33,674 [pool-93-thread-1] INFO  server.RaftServerConfigKeys (ConfUtils.java:logGet(43)) - raft.server.log.purge.gap = 1000000 (custom)
2019-09-12 11:40:33,674 [pool-93-thread-1] INFO  server.RaftServerConfigKeys (ConfUtils.java:logGet(43)) - raft.server.log.appender.buffer.byte-limit = 33554432 (custom)
2019-09-12 11:40:33,674 [pool-93-thread-1] INFO  server.RaftServerConfigKeys (ConfUtils.java:logGet(43)) - raft.server.log.segment.size.max = 1048576 (custom)
2019-09-12 11:40:33,674 [pool-93-thread-1] INFO  server.RaftServerConfigKeys (ConfUtils.java:logGet(43)) - raft.server.log.segment.cache.num.max = 2 (custom)
2019-09-12 11:40:33,674 [pool-93-thread-1] INFO  segmented.SegmentedRaftLogWorker (SegmentedRaftLogWorker.java:<init>(172)) - new 4255b290-7b6d-420f-97e2-6dfb55690bab-SegmentedRaftLogWorker:Storage Directory /workdir/hadoop-ozone/ozonefs/target/test-dir/MiniOzoneClusterImpl-3f0ffa95-bfc9-4a1c-9a47-ff24715a0622/datanode-6/data/ratis/846d4f30-8c6c-46be-8a74-5e15922f14b8 for RaftStorage:Storage Directory /workdir/hadoop-ozone/ozonefs/target/test-dir/MiniOzoneClusterImpl-3f0ffa95-bfc9-4a1c-9a47-ff24715a0622/datanode-6/data/ratis/846d4f30-8c6c-46be-8a74-5e15922f14b8
2019-09-12 11:40:33,674 [pool-93-thread-1] INFO  server.RaftServerConfigKeys (ConfUtils.java:logGet(43)) - raft.server.log.queue.byte-limit = 2147483647 (custom)
2019-09-12 11:40:33,674 [pool-93-thread-1] INFO  server.RaftServerConfigKeys (ConfUtils.java:logGet(43)) - raft.server.log.queue.element-limit = 1024 (custom)
2019-09-12 11:40:33,674 [pool-93-thread-1] INFO  server.RaftServerConfigKeys (ConfUtils.java:logGet(43)) - raft.server.log.segment.size.max = 1048576 (custom)
2019-09-12 11:40:33,674 [pool-93-thread-1] INFO  server.RaftServerConfigKeys (ConfUtils.java:logGet(43)) - raft.server.log.preallocated.size = 16384 (custom)
2019-09-12 11:40:33,674 [pool-93-thread-1] INFO  server.RaftServerConfigKeys (ConfUtils.java:logGet(43)) - raft.server.log.write.buffer.size = 33554432 (custom)
2019-09-12 11:40:33,674 [pool-93-thread-1] INFO  server.RaftServerConfigKeys (ConfUtils.java:logGet(43)) - raft.server.log.force.sync.num = 128 (default)
2019-09-12 11:40:33,675 [pool-93-thread-1] INFO  server.RaftServerConfigKeys (ConfUtils.java:logGet(43)) - raft.server.log.statemachine.data.sync = true (default)
2019-09-12 11:40:33,675 [pool-93-thread-1] INFO  server.RaftServerConfigKeys (ConfUtils.java:logGet(43)) - raft.server.log.statemachine.data.sync.timeout = 10s (default)
2019-09-12 11:40:33,675 [pool-93-thread-1] INFO  server.RaftServerConfigKeys (ConfUtils.java:logGet(43)) - raft.server.log.statemachine.data.sync.timeout.retry = -1 (default)
2019-09-12 11:40:33,675 [pool-93-thread-1] INFO  server.RaftServerConfigKeys (ConfUtils.java:logGet(43)) - raft.server.log.statemachine.data.caching.enabled = true (custom)
2019-09-12 11:40:33,675 [pool-93-thread-1] INFO  segmented.SegmentedRaftLogWorker (SegmentedRaftLogWorker.java:lambda$new$0(132)) - 4255b290-7b6d-420f-97e2-6dfb55690bab-SegmentedRaftLogWorker:Storage Directory /workdir/hadoop-ozone/ozonefs/target/test-dir/MiniOzoneClusterImpl-3f0ffa95-bfc9-4a1c-9a47-ff24715a0622/datanode-6/data/ratis/846d4f30-8c6c-46be-8a74-5e15922f14b8: flushIndex: setUnconditionally 0 -> -1
2019-09-12 11:40:33,675 [pool-93-thread-1] INFO  server.RaftServerConfigKeys (ConfUtils.java:logGet(43)) - raft.server.snapshot.auto.trigger.enabled = true (custom)
2019-09-12 11:40:33,675 [pool-93-thread-1] INFO  server.RaftServerConfigKeys (ConfUtils.java:logGet(43)) - raft.server.snapshot.auto.trigger.threshold = 10000 (custom)
2019-09-12 11:40:33,676 [pool-93-thread-1] INFO  server.RaftServerConfigKeys (ConfUtils.java:logGet(43)) - raft.server.retrycache.expirytime = 600000ms (custom)
2019-09-12 11:40:33,676 [pool-93-thread-1] INFO  impl.RaftServerImpl (RaftServerImpl.java:start(180)) - 4255b290-7b6d-420f-97e2-6dfb55690bab: start group-5E15922F14B8
2019-09-12 11:40:33,676 [pool-93-thread-1] INFO  impl.RaftServerImpl (RaftServerImpl.java:setRole(171)) - 4255b290-7b6d-420f-97e2-6dfb55690bab:group-5E15922F14B8 changes role from null to FOLLOWER at term 0 for startAsFollower
2019-09-12 11:40:33,676 [pool-93-thread-1] INFO  impl.RoleInfo (RoleInfo.java:updateAndGet(143)) - 4255b290-7b6d-420f-97e2-6dfb55690bab: start FollowerState
2019-09-12 11:40:33,676 [pool-93-thread-1] INFO  util.JmxRegister (JmxRegister.java:tryRegister(44)) - Successfully registered JMX Bean with object name Ratis:service=RaftServer,group=group-5E15922F14B8,id=4255b290-7b6d-420f-97e2-6dfb55690bab
2019-09-12 11:40:33,678 [RatisPipelineUtilsThread] INFO  pipeline.PipelineStateManager (PipelineStateManager.java:addPipeline(56)) - Created pipeline Pipeline[ Id: 846d4f30-8c6c-46be-8a74-5e15922f14b8, Nodes: 4255b290-7b6d-420f-97e2-6dfb55690bab{ip: 192.168.157.195, host: pr-hdds-1569-xtfnx-3545843844, networkLocation: /default-rack, certSerialId: null}, Type:RATIS, Factor:ONE, State:OPEN]
2019-09-12 11:40:33,679 [RatisPipelineUtilsThread] ERROR pipeline.PipelinePlacementPolicy (PipelinePlacementPolicy.java:meetCriteria(91)) - Pipeline Placement: Doesn't meet the criteria to be viable node. Heaviness: 6
2019-09-12 11:40:33,679 [RatisPipelineUtilsThread] ERROR pipeline.PipelinePlacementPolicy (PipelinePlacementPolicy.java:meetCriteria(91)) - Pipeline Placement: Doesn't meet the criteria to be viable node. Heaviness: 6
2019-09-12 11:40:33,679 [RatisPipelineUtilsThread] ERROR pipeline.PipelinePlacementPolicy (PipelinePlacementPolicy.java:meetCriteria(91)) - Pipeline Placement: Doesn't meet the criteria to be viable node. Heaviness: 6
2019-09-12 11:40:33,679 [RatisPipelineUtilsThread] ERROR pipeline.PipelinePlacementPolicy (PipelinePlacementPolicy.java:meetCriteria(91)) - Pipeline Placement: Doesn't meet the criteria to be viable node. Heaviness: 6
2019-09-12 11:40:33,679 [RatisPipelineUtilsThread] ERROR pipeline.PipelinePlacementPolicy (PipelinePlacementPolicy.java:meetCriteria(91)) - Pipeline Placement: Doesn't meet the criteria to be viable node. Heaviness: 6
2019-09-12 11:40:33,679 [RatisPipelineUtilsThread] ERROR pipeline.PipelinePlacementPolicy (PipelinePlacementPolicy.java:meetCriteria(91)) - Pipeline Placement: Doesn't meet the criteria to be viable node. Heaviness: 6
2019-09-12 11:40:33,680 [RatisPipelineUtilsThread] ERROR pipeline.PipelinePlacementPolicy (PipelinePlacementPolicy.java:meetCriteria(91)) - Pipeline Placement: Doesn't meet the criteria to be viable node. Heaviness: 6
2019-09-12 11:40:33,680 [RatisPipelineUtilsThread] ERROR pipeline.PipelinePlacementPolicy (PipelinePlacementPolicy.java:meetCriteria(91)) - Pipeline Placement: Doesn't meet the criteria to be viable node. Heaviness: 6
2019-09-12 11:40:33,685 [grpc-default-executor-0] INFO  impl.RaftServerProxy (RaftServerProxy.java:addNew(89)) - b5e361a7-9275-4b10-aa61-1d8677ab7c49: addNew group-A3765296A424:[b5e361a7-9275-4b10-aa61-1d8677ab7c49:192.168.157.195:40278] returns group-A3765296A424:java.util.concurrent.CompletableFuture@4799507e[Not completed]
2019-09-12 11:40:33,685 [pool-115-thread-1] INFO  impl.RaftServerImpl (RaftServerImpl.java:<init>(93)) - b5e361a7-9275-4b10-aa61-1d8677ab7c49: new RaftServerImpl for group-A3765296A424:[b5e361a7-9275-4b10-aa61-1d8677ab7c49:192.168.157.195:40278] with ContainerStateMachine:uninitialized
2019-09-12 11:40:33,686 [pool-115-thread-1] INFO  server.RaftServerConfigKeys (ConfUtils.java:logGet(43)) - raft.server.rpc.timeout.min = 5s (custom)
2019-09-12 11:40:33,686 [pool-115-thread-1] INFO  server.RaftServerConfigKeys (ConfUtils.java:logGet(43)) - raft.server.rpc.timeout.max = 5200ms (custom)
2019-09-12 11:40:33,686 [pool-115-thread-1] INFO  server.RaftServerConfigKeys (ConfUtils.java:logGet(43)) - raft.server.rpcslowness.timeout = 120s (custom)
2019-09-12 11:40:33,686 [pool-115-thread-1] INFO  server.RaftServerConfigKeys (ConfUtils.java:logGet(43)) - raft.server.sleep.deviation.threshold = 300 (default)
2019-09-12 11:40:33,686 [pool-115-thread-1] INFO  server.RaftServerConfigKeys (ConfUtils.java:logGet(43)) - raft.server.log.appender.install.snapshot.enabled = false (custom)
2019-09-12 11:40:33,686 [pool-115-thread-1] INFO  impl.RaftServerImpl (ServerState.java:<init>(105)) - b5e361a7-9275-4b10-aa61-1d8677ab7c49:group-A3765296A424 ConfigurationManager, init=-1: [b5e361a7-9275-4b10-aa61-1d8677ab7c49:192.168.157.195:40278], old=null, confs=<EMPTY_MAP>
2019-09-12 11:40:33,686 [pool-115-thread-1] INFO  server.RaftServerConfigKeys (ConfUtils.java:logGet(43)) - raft.server.storage.dir = [/workdir/hadoop-ozone/ozonefs/target/test-dir/MiniOzoneClusterImpl-3f0ffa95-bfc9-4a1c-9a47-ff24715a0622/datanode-8/data/ratis] (custom)
2019-09-12 11:40:33,686 [pool-115-thread-1] INFO  storage.RaftStorageDirectory (RaftStorageDirectory.java:analyzeStorage(246)) - The storage directory /workdir/hadoop-ozone/ozonefs/target/test-dir/MiniOzoneClusterImpl-3f0ffa95-bfc9-4a1c-9a47-ff24715a0622/datanode-8/data/ratis/1a4f9f02-ea0d-43ca-a4c4-a3765296a424 does not exist. Creating ...
2019-09-12 11:40:33,708 [pool-115-thread-1] INFO  storage.RaftStorageDirectory (RaftStorageDirectory.java:tryLock(328)) - Lock on /workdir/hadoop-ozone/ozonefs/target/test-dir/MiniOzoneClusterImpl-3f0ffa95-bfc9-4a1c-9a47-ff24715a0622/datanode-8/data/ratis/1a4f9f02-ea0d-43ca-a4c4-a3765296a424/in_use.lock acquired by nodename 26061@pr-hdds-1569-xtfnx-3545843844
2019-09-12 11:40:33,721 [pool-115-thread-1] INFO  storage.RaftStorage (RaftStorage.java:format(72)) - Storage directory /workdir/hadoop-ozone/ozonefs/target/test-dir/MiniOzoneClusterImpl-3f0ffa95-bfc9-4a1c-9a47-ff24715a0622/datanode-8/data/ratis/1a4f9f02-ea0d-43ca-a4c4-a3765296a424 has been successfully formatted.
2019-09-12 11:40:33,721 [pool-115-thread-1] INFO  ratis.ContainerStateMachine (ContainerStateMachine.java:loadSnapshot(226)) - group-A3765296A424: The snapshot info is null. Setting the last applied indexto:(t:0, i:~)
2019-09-12 11:40:33,721 [pool-115-thread-1] INFO  server.RaftServerConfigKeys (ConfUtils.java:logGet(43)) - raft.server.leader.election.timeout = 120s (custom)
2019-09-12 11:40:33,721 [pool-115-thread-1] INFO  server.RaftServerConfigKeys (ConfUtils.java:logGet(43)) - raft.server.log.use.memory = false (default)
2019-09-12 11:40:33,721 [pool-115-thread-1] INFO  server.RaftServerConfigKeys (ConfUtils.java:logGet(43)) - raft.server.log.purge.gap = 1000000 (custom)
2019-09-12 11:40:33,721 [pool-115-thread-1] INFO  server.RaftServerConfigKeys (ConfUtils.java:logGet(43)) - raft.server.log.appender.buffer.byte-limit = 33554432 (custom)
2019-09-12 11:40:33,722 [pool-115-thread-1] INFO  server.RaftServerConfigKeys (ConfUtils.java:logGet(43)) - raft.server.log.segment.size.max = 1048576 (custom)
2019-09-12 11:40:33,722 [pool-115-thread-1] INFO  server.RaftServerConfigKeys (ConfUtils.java:logGet(43)) - raft.server.log.segment.cache.num.max = 2 (custom)
2019-09-12 11:40:33,722 [pool-115-thread-1] INFO  segmented.SegmentedRaftLogWorker (SegmentedRaftLogWorker.java:<init>(172)) - new b5e361a7-9275-4b10-aa61-1d8677ab7c49-SegmentedRaftLogWorker:Storage Directory /workdir/hadoop-ozone/ozonefs/target/test-dir/MiniOzoneClusterImpl-3f0ffa95-bfc9-4a1c-9a47-ff24715a0622/datanode-8/data/ratis/1a4f9f02-ea0d-43ca-a4c4-a3765296a424 for RaftStorage:Storage Directory /workdir/hadoop-ozone/ozonefs/target/test-dir/MiniOzoneClusterImpl-3f0ffa95-bfc9-4a1c-9a47-ff24715a0622/datanode-8/data/ratis/1a4f9f02-ea0d-43ca-a4c4-a3765296a424
2019-09-12 11:40:33,722 [pool-115-thread-1] INFO  server.RaftServerConfigKeys (ConfUtils.java:logGet(43)) - raft.server.log.queue.byte-limit = 2147483647 (custom)
2019-09-12 11:40:33,722 [pool-115-thread-1] INFO  server.RaftServerConfigKeys (ConfUtils.java:logGet(43)) - raft.server.log.queue.element-limit = 1024 (custom)
2019-09-12 11:40:33,722 [pool-115-thread-1] INFO  server.RaftServerConfigKeys (ConfUtils.java:logGet(43)) - raft.server.log.segment.size.max = 1048576 (custom)
2019-09-12 11:40:33,722 [pool-115-thread-1] INFO  server.RaftServerConfigKeys (ConfUtils.java:logGet(43)) - raft.server.log.preallocated.size = 16384 (custom)
2019-09-12 11:40:33,722 [pool-115-thread-1] INFO  server.RaftServerConfigKeys (ConfUtils.java:logGet(43)) - raft.server.log.write.buffer.size = 33554432 (custom)
2019-09-12 11:40:33,722 [pool-115-thread-1] INFO  server.RaftServerConfigKeys (ConfUtils.java:logGet(43)) - raft.server.log.force.sync.num = 128 (default)
2019-09-12 11:40:33,722 [pool-115-thread-1] INFO  server.RaftServerConfigKeys (ConfUtils.java:logGet(43)) - raft.server.log.statemachine.data.sync = true (default)
2019-09-12 11:40:33,723 [pool-115-thread-1] INFO  server.RaftServerConfigKeys (ConfUtils.java:logGet(43)) - raft.server.log.statemachine.data.sync.timeout = 10s (default)
2019-09-12 11:40:33,723 [pool-115-thread-1] INFO  server.RaftServerConfigKeys (ConfUtils.java:logGet(43)) - raft.server.log.statemachine.data.sync.timeout.retry = -1 (default)
2019-09-12 11:40:33,723 [pool-115-thread-1] INFO  server.RaftServerConfigKeys (ConfUtils.java:logGet(43)) - raft.server.log.statemachine.data.caching.enabled = true (custom)
2019-09-12 11:40:33,723 [pool-115-thread-1] INFO  segmented.SegmentedRaftLogWorker (SegmentedRaftLogWorker.java:lambda$new$0(132)) - b5e361a7-9275-4b10-aa61-1d8677ab7c49-SegmentedRaftLogWorker:Storage Directory /workdir/hadoop-ozone/ozonefs/target/test-dir/MiniOzoneClusterImpl-3f0ffa95-bfc9-4a1c-9a47-ff24715a0622/datanode-8/data/ratis/1a4f9f02-ea0d-43ca-a4c4-a3765296a424: flushIndex: setUnconditionally 0 -> -1
2019-09-12 11:40:33,723 [pool-115-thread-1] INFO  server.RaftServerConfigKeys (ConfUtils.java:logGet(43)) - raft.server.snapshot.auto.trigger.enabled = true (custom)
2019-09-12 11:40:33,723 [pool-115-thread-1] INFO  server.RaftServerConfigKeys (ConfUtils.java:logGet(43)) - raft.server.snapshot.auto.trigger.threshold = 10000 (custom)
2019-09-12 11:40:33,723 [pool-115-thread-1] INFO  server.RaftServerConfigKeys (ConfUtils.java:logGet(43)) - raft.server.retrycache.expirytime = 600000ms (custom)
2019-09-12 11:40:33,724 [pool-115-thread-1] INFO  impl.RaftServerImpl (RaftServerImpl.java:start(180)) - b5e361a7-9275-4b10-aa61-1d8677ab7c49: start group-A3765296A424
2019-09-12 11:40:33,724 [pool-115-thread-1] INFO  impl.RaftServerImpl (RaftServerImpl.java:setRole(171)) - b5e361a7-9275-4b10-aa61-1d8677ab7c49:group-A3765296A424 changes role from null to FOLLOWER at term 0 for startAsFollower
2019-09-12 11:40:33,724 [pool-115-thread-1] INFO  impl.RoleInfo (RoleInfo.java:updateAndGet(143)) - b5e361a7-9275-4b10-aa61-1d8677ab7c49: start FollowerState
2019-09-12 11:40:33,724 [pool-115-thread-1] INFO  util.JmxRegister (JmxRegister.java:tryRegister(44)) - Successfully registered JMX Bean with object name Ratis:service=RaftServer,group=group-A3765296A424,id=b5e361a7-9275-4b10-aa61-1d8677ab7c49
2019-09-12 11:40:33,726 [RatisPipelineUtilsThread] INFO  pipeline.PipelineStateManager (PipelineStateManager.java:addPipeline(56)) - Created pipeline Pipeline[ Id: 1a4f9f02-ea0d-43ca-a4c4-a3765296a424, Nodes: b5e361a7-9275-4b10-aa61-1d8677ab7c49{ip: 192.168.157.195, host: pr-hdds-1569-xtfnx-3545843844, networkLocation: /default-rack, certSerialId: null}, Type:RATIS, Factor:ONE, State:OPEN]
2019-09-12 11:40:33,727 [RatisPipelineUtilsThread] ERROR pipeline.PipelinePlacementPolicy (PipelinePlacementPolicy.java:meetCriteria(91)) - Pipeline Placement: Doesn't meet the criteria to be viable node. Heaviness: 6
2019-09-12 11:40:33,727 [RatisPipelineUtilsThread] ERROR pipeline.PipelinePlacementPolicy (PipelinePlacementPolicy.java:meetCriteria(91)) - Pipeline Placement: Doesn't meet the criteria to be viable node. Heaviness: 6
2019-09-12 11:40:33,727 [RatisPipelineUtilsThread] ERROR pipeline.PipelinePlacementPolicy (PipelinePlacementPolicy.java:meetCriteria(91)) - Pipeline Placement: Doesn't meet the criteria to be viable node. Heaviness: 6
2019-09-12 11:40:33,727 [RatisPipelineUtilsThread] ERROR pipeline.PipelinePlacementPolicy (PipelinePlacementPolicy.java:meetCriteria(91)) - Pipeline Placement: Doesn't meet the criteria to be viable node. Heaviness: 6
2019-09-12 11:40:33,727 [RatisPipelineUtilsThread] ERROR pipeline.PipelinePlacementPolicy (PipelinePlacementPolicy.java:meetCriteria(91)) - Pipeline Placement: Doesn't meet the criteria to be viable node. Heaviness: 6
2019-09-12 11:40:33,728 [RatisPipelineUtilsThread] ERROR pipeline.PipelinePlacementPolicy (PipelinePlacementPolicy.java:meetCriteria(91)) - Pipeline Placement: Doesn't meet the criteria to be viable node. Heaviness: 6
2019-09-12 11:40:33,728 [RatisPipelineUtilsThread] ERROR pipeline.PipelinePlacementPolicy (PipelinePlacementPolicy.java:meetCriteria(91)) - Pipeline Placement: Doesn't meet the criteria to be viable node. Heaviness: 6
2019-09-12 11:40:33,728 [RatisPipelineUtilsThread] ERROR pipeline.PipelinePlacementPolicy (PipelinePlacementPolicy.java:meetCriteria(91)) - Pipeline Placement: Doesn't meet the criteria to be viable node. Heaviness: 6
2019-09-12 11:40:33,728 [RatisPipelineUtilsThread] ERROR pipeline.PipelinePlacementPolicy (PipelinePlacementPolicy.java:meetCriteria(91)) - Pipeline Placement: Doesn't meet the criteria to be viable node. Heaviness: 6
2019-09-12 11:40:33,737 [grpc-default-executor-0] INFO  impl.RaftServerProxy (RaftServerProxy.java:addNew(89)) - dbf859ef-0f75-4843-8536-03105c97857a: addNew group-DA4A6A84E4A9:[dbf859ef-0f75-4843-8536-03105c97857a:192.168.157.195:35030] returns group-DA4A6A84E4A9:java.util.concurrent.CompletableFuture@35762018[Not completed]
2019-09-12 11:40:33,739 [pool-126-thread-1] INFO  impl.RaftServerImpl (RaftServerImpl.java:<init>(93)) - dbf859ef-0f75-4843-8536-03105c97857a: new RaftServerImpl for group-DA4A6A84E4A9:[dbf859ef-0f75-4843-8536-03105c97857a:192.168.157.195:35030] with ContainerStateMachine:uninitialized
2019-09-12 11:40:33,739 [pool-126-thread-1] INFO  server.RaftServerConfigKeys (ConfUtils.java:logGet(43)) - raft.server.rpc.timeout.min = 5s (custom)
2019-09-12 11:40:33,739 [pool-126-thread-1] INFO  server.RaftServerConfigKeys (ConfUtils.java:logGet(43)) - raft.server.rpc.timeout.max = 5200ms (custom)
2019-09-12 11:40:33,740 [pool-126-thread-1] INFO  server.RaftServerConfigKeys (ConfUtils.java:logGet(43)) - raft.server.rpcslowness.timeout = 120s (custom)
2019-09-12 11:40:33,740 [pool-126-thread-1] INFO  server.RaftServerConfigKeys (ConfUtils.java:logGet(43)) - raft.server.sleep.deviation.threshold = 300 (default)
2019-09-12 11:40:33,740 [pool-126-thread-1] INFO  server.RaftServerConfigKeys (ConfUtils.java:logGet(43)) - raft.server.log.appender.install.snapshot.enabled = false (custom)
2019-09-12 11:40:33,740 [pool-126-thread-1] INFO  impl.RaftServerImpl (ServerState.java:<init>(105)) - dbf859ef-0f75-4843-8536-03105c97857a:group-DA4A6A84E4A9 ConfigurationManager, init=-1: [dbf859ef-0f75-4843-8536-03105c97857a:192.168.157.195:35030], old=null, confs=<EMPTY_MAP>
2019-09-12 11:40:33,740 [pool-126-thread-1] INFO  server.RaftServerConfigKeys (ConfUtils.java:logGet(43)) - raft.server.storage.dir = [/workdir/hadoop-ozone/ozonefs/target/test-dir/MiniOzoneClusterImpl-3f0ffa95-bfc9-4a1c-9a47-ff24715a0622/datanode-9/data/ratis] (custom)
2019-09-12 11:40:33,741 [pool-126-thread-1] INFO  storage.RaftStorageDirectory (RaftStorageDirectory.java:analyzeStorage(246)) - The storage directory /workdir/hadoop-ozone/ozonefs/target/test-dir/MiniOzoneClusterImpl-3f0ffa95-bfc9-4a1c-9a47-ff24715a0622/datanode-9/data/ratis/268112e0-ef5d-4135-af4e-da4a6a84e4a9 does not exist. Creating ...
2019-09-12 11:40:33,748 | INFO  | SCMAudit | user=jenkins1000 | ip=192.168.157.195 | op=SEND_HEARTBEAT {datanodeUUID=875e3d5e-0813-40b8-b024-43837dd2f6d5, command=[]} | ret=SUCCESS |  
2019-09-12 11:40:33,754 [pool-126-thread-1] INFO  storage.RaftStorageDirectory (RaftStorageDirectory.java:tryLock(328)) - Lock on /workdir/hadoop-ozone/ozonefs/target/test-dir/MiniOzoneClusterImpl-3f0ffa95-bfc9-4a1c-9a47-ff24715a0622/datanode-9/data/ratis/268112e0-ef5d-4135-af4e-da4a6a84e4a9/in_use.lock acquired by nodename 26061@pr-hdds-1569-xtfnx-3545843844
2019-09-12 11:40:33,767 [pool-126-thread-1] INFO  storage.RaftStorage (RaftStorage.java:format(72)) - Storage directory /workdir/hadoop-ozone/ozonefs/target/test-dir/MiniOzoneClusterImpl-3f0ffa95-bfc9-4a1c-9a47-ff24715a0622/datanode-9/data/ratis/268112e0-ef5d-4135-af4e-da4a6a84e4a9 has been successfully formatted.
2019-09-12 11:40:33,767 [pool-126-thread-1] INFO  ratis.ContainerStateMachine (ContainerStateMachine.java:loadSnapshot(226)) - group-DA4A6A84E4A9: The snapshot info is null. Setting the last applied indexto:(t:0, i:~)
2019-09-12 11:40:33,767 [pool-126-thread-1] INFO  server.RaftServerConfigKeys (ConfUtils.java:logGet(43)) - raft.server.leader.election.timeout = 120s (custom)
2019-09-12 11:40:33,768 [pool-126-thread-1] INFO  server.RaftServerConfigKeys (ConfUtils.java:logGet(43)) - raft.server.log.use.memory = false (default)
2019-09-12 11:40:33,768 [pool-126-thread-1] INFO  server.RaftServerConfigKeys (ConfUtils.java:logGet(43)) - raft.server.log.purge.gap = 1000000 (custom)
2019-09-12 11:40:33,768 [pool-126-thread-1] INFO  server.RaftServerConfigKeys (ConfUtils.java:logGet(43)) - raft.server.log.appender.buffer.byte-limit = 33554432 (custom)
2019-09-12 11:40:33,768 [pool-126-thread-1] INFO  server.RaftServerConfigKeys (ConfUtils.java:logGet(43)) - raft.server.log.segment.size.max = 1048576 (custom)
2019-09-12 11:40:33,768 [pool-126-thread-1] INFO  server.RaftServerConfigKeys (ConfUtils.java:logGet(43)) - raft.server.log.segment.cache.num.max = 2 (custom)
2019-09-12 11:40:33,768 [pool-126-thread-1] INFO  segmented.SegmentedRaftLogWorker (SegmentedRaftLogWorker.java:<init>(172)) - new dbf859ef-0f75-4843-8536-03105c97857a-SegmentedRaftLogWorker:Storage Directory /workdir/hadoop-ozone/ozonefs/target/test-dir/MiniOzoneClusterImpl-3f0ffa95-bfc9-4a1c-9a47-ff24715a0622/datanode-9/data/ratis/268112e0-ef5d-4135-af4e-da4a6a84e4a9 for RaftStorage:Storage Directory /workdir/hadoop-ozone/ozonefs/target/test-dir/MiniOzoneClusterImpl-3f0ffa95-bfc9-4a1c-9a47-ff24715a0622/datanode-9/data/ratis/268112e0-ef5d-4135-af4e-da4a6a84e4a9
2019-09-12 11:40:33,769 [pool-126-thread-1] INFO  server.RaftServerConfigKeys (ConfUtils.java:logGet(43)) - raft.server.log.queue.byte-limit = 2147483647 (custom)
2019-09-12 11:40:33,769 [pool-126-thread-1] INFO  server.RaftServerConfigKeys (ConfUtils.java:logGet(43)) - raft.server.log.queue.element-limit = 1024 (custom)
2019-09-12 11:40:33,769 [pool-126-thread-1] INFO  server.RaftServerConfigKeys (ConfUtils.java:logGet(43)) - raft.server.log.segment.size.max = 1048576 (custom)
2019-09-12 11:40:33,769 [pool-126-thread-1] INFO  server.RaftServerConfigKeys (ConfUtils.java:logGet(43)) - raft.server.log.preallocated.size = 16384 (custom)
2019-09-12 11:40:33,769 [pool-126-thread-1] INFO  server.RaftServerConfigKeys (ConfUtils.java:logGet(43)) - raft.server.log.write.buffer.size = 33554432 (custom)
2019-09-12 11:40:33,770 [pool-126-thread-1] INFO  server.RaftServerConfigKeys (ConfUtils.java:logGet(43)) - raft.server.log.force.sync.num = 128 (default)
2019-09-12 11:40:33,770 [pool-126-thread-1] INFO  server.RaftServerConfigKeys (ConfUtils.java:logGet(43)) - raft.server.log.statemachine.data.sync = true (default)
2019-09-12 11:40:33,770 [pool-126-thread-1] INFO  server.RaftServerConfigKeys (ConfUtils.java:logGet(43)) - raft.server.log.statemachine.data.sync.timeout = 10s (default)
2019-09-12 11:40:33,770 [pool-126-thread-1] INFO  server.RaftServerConfigKeys (ConfUtils.java:logGet(43)) - raft.server.log.statemachine.data.sync.timeout.retry = -1 (default)
2019-09-12 11:40:33,770 [pool-126-thread-1] INFO  server.RaftServerConfigKeys (ConfUtils.java:logGet(43)) - raft.server.log.statemachine.data.caching.enabled = true (custom)
2019-09-12 11:40:33,771 [pool-126-thread-1] INFO  segmented.SegmentedRaftLogWorker (SegmentedRaftLogWorker.java:lambda$new$0(132)) - dbf859ef-0f75-4843-8536-03105c97857a-SegmentedRaftLogWorker:Storage Directory /workdir/hadoop-ozone/ozonefs/target/test-dir/MiniOzoneClusterImpl-3f0ffa95-bfc9-4a1c-9a47-ff24715a0622/datanode-9/data/ratis/268112e0-ef5d-4135-af4e-da4a6a84e4a9: flushIndex: setUnconditionally 0 -> -1
2019-09-12 11:40:33,771 [pool-126-thread-1] INFO  server.RaftServerConfigKeys (ConfUtils.java:logGet(43)) - raft.server.snapshot.auto.trigger.enabled = true (custom)
2019-09-12 11:40:33,771 [pool-126-thread-1] INFO  server.RaftServerConfigKeys (ConfUtils.java:logGet(43)) - raft.server.snapshot.auto.trigger.threshold = 10000 (custom)
2019-09-12 11:40:33,772 [pool-126-thread-1] INFO  server.RaftServerConfigKeys (ConfUtils.java:logGet(43)) - raft.server.retrycache.expirytime = 600000ms (custom)
2019-09-12 11:40:33,772 [pool-126-thread-1] INFO  impl.RaftServerImpl (RaftServerImpl.java:start(180)) - dbf859ef-0f75-4843-8536-03105c97857a: start group-DA4A6A84E4A9
2019-09-12 11:40:33,772 [pool-126-thread-1] INFO  impl.RaftServerImpl (RaftServerImpl.java:setRole(171)) - dbf859ef-0f75-4843-8536-03105c97857a:group-DA4A6A84E4A9 changes role from null to FOLLOWER at term 0 for startAsFollower
2019-09-12 11:40:33,772 [pool-126-thread-1] INFO  impl.RoleInfo (RoleInfo.java:updateAndGet(143)) - dbf859ef-0f75-4843-8536-03105c97857a: start FollowerState
2019-09-12 11:40:33,773 [pool-126-thread-1] INFO  util.JmxRegister (JmxRegister.java:tryRegister(44)) - Successfully registered JMX Bean with object name Ratis:service=RaftServer,group=group-DA4A6A84E4A9,id=dbf859ef-0f75-4843-8536-03105c97857a
2019-09-12 11:40:33,776 [RatisPipelineUtilsThread] INFO  pipeline.PipelineStateManager (PipelineStateManager.java:addPipeline(56)) - Created pipeline Pipeline[ Id: 268112e0-ef5d-4135-af4e-da4a6a84e4a9, Nodes: dbf859ef-0f75-4843-8536-03105c97857a{ip: 192.168.157.195, host: pr-hdds-1569-xtfnx-3545843844, networkLocation: /default-rack, certSerialId: null}, Type:RATIS, Factor:ONE, State:OPEN]
2019-09-12 11:40:33,776 [RatisPipelineUtilsThread] ERROR pipeline.PipelinePlacementPolicy (PipelinePlacementPolicy.java:meetCriteria(91)) - Pipeline Placement: Doesn't meet the criteria to be viable node. Heaviness: 6
2019-09-12 11:40:33,776 [RatisPipelineUtilsThread] ERROR pipeline.PipelinePlacementPolicy (PipelinePlacementPolicy.java:meetCriteria(91)) - Pipeline Placement: Doesn't meet the criteria to be viable node. Heaviness: 6
2019-09-12 11:40:33,776 [RatisPipelineUtilsThread] ERROR pipeline.PipelinePlacementPolicy (PipelinePlacementPolicy.java:meetCriteria(91)) - Pipeline Placement: Doesn't meet the criteria to be viable node. Heaviness: 6
2019-09-12 11:40:33,776 [RatisPipelineUtilsThread] ERROR pipeline.PipelinePlacementPolicy (PipelinePlacementPolicy.java:meetCriteria(91)) - Pipeline Placement: Doesn't meet the criteria to be viable node. Heaviness: 6
2019-09-12 11:40:33,777 [RatisPipelineUtilsThread] ERROR pipeline.PipelinePlacementPolicy (PipelinePlacementPolicy.java:meetCriteria(91)) - Pipeline Placement: Doesn't meet the criteria to be viable node. Heaviness: 6
2019-09-12 11:40:33,777 [RatisPipelineUtilsThread] ERROR pipeline.PipelinePlacementPolicy (PipelinePlacementPolicy.java:meetCriteria(91)) - Pipeline Placement: Doesn't meet the criteria to be viable node. Heaviness: 6
2019-09-12 11:40:33,777 [RatisPipelineUtilsThread] ERROR pipeline.PipelinePlacementPolicy (PipelinePlacementPolicy.java:meetCriteria(91)) - Pipeline Placement: Doesn't meet the criteria to be viable node. Heaviness: 6
2019-09-12 11:40:33,777 [RatisPipelineUtilsThread] ERROR pipeline.PipelinePlacementPolicy (PipelinePlacementPolicy.java:meetCriteria(91)) - Pipeline Placement: Doesn't meet the criteria to be viable node. Heaviness: 6
2019-09-12 11:40:33,777 [RatisPipelineUtilsThread] ERROR pipeline.PipelinePlacementPolicy (PipelinePlacementPolicy.java:meetCriteria(91)) - Pipeline Placement: Doesn't meet the criteria to be viable node. Heaviness: 6
2019-09-12 11:40:33,782 [grpc-default-executor-0] INFO  impl.RaftServerProxy (RaftServerProxy.java:addNew(89)) - dbf859ef-0f75-4843-8536-03105c97857a: addNew group-75B9D54D1966:[dbf859ef-0f75-4843-8536-03105c97857a:192.168.157.195:35030] returns group-75B9D54D1966:java.util.concurrent.CompletableFuture@37d79828[Not completed]
2019-09-12 11:40:33,783 [pool-126-thread-1] INFO  impl.RaftServerImpl (RaftServerImpl.java:<init>(93)) - dbf859ef-0f75-4843-8536-03105c97857a: new RaftServerImpl for group-75B9D54D1966:[dbf859ef-0f75-4843-8536-03105c97857a:192.168.157.195:35030] with ContainerStateMachine:uninitialized
2019-09-12 11:40:33,784 [pool-126-thread-1] INFO  server.RaftServerConfigKeys (ConfUtils.java:logGet(43)) - raft.server.rpc.timeout.min = 5s (custom)
2019-09-12 11:40:33,784 [pool-126-thread-1] INFO  server.RaftServerConfigKeys (ConfUtils.java:logGet(43)) - raft.server.rpc.timeout.max = 5200ms (custom)
2019-09-12 11:40:33,784 [pool-126-thread-1] INFO  server.RaftServerConfigKeys (ConfUtils.java:logGet(43)) - raft.server.rpcslowness.timeout = 120s (custom)
2019-09-12 11:40:33,784 [pool-126-thread-1] INFO  server.RaftServerConfigKeys (ConfUtils.java:logGet(43)) - raft.server.sleep.deviation.threshold = 300 (default)
2019-09-12 11:40:33,784 [pool-126-thread-1] INFO  server.RaftServerConfigKeys (ConfUtils.java:logGet(43)) - raft.server.log.appender.install.snapshot.enabled = false (custom)
2019-09-12 11:40:33,784 [pool-126-thread-1] INFO  impl.RaftServerImpl (ServerState.java:<init>(105)) - dbf859ef-0f75-4843-8536-03105c97857a:group-75B9D54D1966 ConfigurationManager, init=-1: [dbf859ef-0f75-4843-8536-03105c97857a:192.168.157.195:35030], old=null, confs=<EMPTY_MAP>
2019-09-12 11:40:33,784 [pool-126-thread-1] INFO  server.RaftServerConfigKeys (ConfUtils.java:logGet(43)) - raft.server.storage.dir = [/workdir/hadoop-ozone/ozonefs/target/test-dir/MiniOzoneClusterImpl-3f0ffa95-bfc9-4a1c-9a47-ff24715a0622/datanode-9/data/ratis] (custom)
2019-09-12 11:40:33,785 [pool-126-thread-1] INFO  storage.RaftStorageDirectory (RaftStorageDirectory.java:analyzeStorage(246)) - The storage directory /workdir/hadoop-ozone/ozonefs/target/test-dir/MiniOzoneClusterImpl-3f0ffa95-bfc9-4a1c-9a47-ff24715a0622/datanode-9/data/ratis/f244dc86-21ad-4fcc-8603-75b9d54d1966 does not exist. Creating ...
2019-09-12 11:40:33,797 [pool-126-thread-1] INFO  storage.RaftStorageDirectory (RaftStorageDirectory.java:tryLock(328)) - Lock on /workdir/hadoop-ozone/ozonefs/target/test-dir/MiniOzoneClusterImpl-3f0ffa95-bfc9-4a1c-9a47-ff24715a0622/datanode-9/data/ratis/f244dc86-21ad-4fcc-8603-75b9d54d1966/in_use.lock acquired by nodename 26061@pr-hdds-1569-xtfnx-3545843844
2019-09-12 11:40:33,812 [pool-126-thread-1] INFO  storage.RaftStorage (RaftStorage.java:format(72)) - Storage directory /workdir/hadoop-ozone/ozonefs/target/test-dir/MiniOzoneClusterImpl-3f0ffa95-bfc9-4a1c-9a47-ff24715a0622/datanode-9/data/ratis/f244dc86-21ad-4fcc-8603-75b9d54d1966 has been successfully formatted.
2019-09-12 11:40:33,813 [pool-126-thread-1] INFO  ratis.ContainerStateMachine (ContainerStateMachine.java:loadSnapshot(226)) - group-75B9D54D1966: The snapshot info is null. Setting the last applied indexto:(t:0, i:~)
2019-09-12 11:40:33,813 [pool-126-thread-1] INFO  server.RaftServerConfigKeys (ConfUtils.java:logGet(43)) - raft.server.leader.election.timeout = 120s (custom)
2019-09-12 11:40:33,813 [pool-126-thread-1] INFO  server.RaftServerConfigKeys (ConfUtils.java:logGet(43)) - raft.server.log.use.memory = false (default)
2019-09-12 11:40:33,813 [pool-126-thread-1] INFO  server.RaftServerConfigKeys (ConfUtils.java:logGet(43)) - raft.server.log.purge.gap = 1000000 (custom)
2019-09-12 11:40:33,813 [pool-126-thread-1] INFO  server.RaftServerConfigKeys (ConfUtils.java:logGet(43)) - raft.server.log.appender.buffer.byte-limit = 33554432 (custom)
2019-09-12 11:40:33,813 [pool-126-thread-1] INFO  server.RaftServerConfigKeys (ConfUtils.java:logGet(43)) - raft.server.log.segment.size.max = 1048576 (custom)
2019-09-12 11:40:33,814 [pool-126-thread-1] INFO  server.RaftServerConfigKeys (ConfUtils.java:logGet(43)) - raft.server.log.segment.cache.num.max = 2 (custom)
2019-09-12 11:40:33,814 [pool-126-thread-1] INFO  segmented.SegmentedRaftLogWorker (SegmentedRaftLogWorker.java:<init>(172)) - new dbf859ef-0f75-4843-8536-03105c97857a-SegmentedRaftLogWorker:Storage Directory /workdir/hadoop-ozone/ozonefs/target/test-dir/MiniOzoneClusterImpl-3f0ffa95-bfc9-4a1c-9a47-ff24715a0622/datanode-9/data/ratis/f244dc86-21ad-4fcc-8603-75b9d54d1966 for RaftStorage:Storage Directory /workdir/hadoop-ozone/ozonefs/target/test-dir/MiniOzoneClusterImpl-3f0ffa95-bfc9-4a1c-9a47-ff24715a0622/datanode-9/data/ratis/f244dc86-21ad-4fcc-8603-75b9d54d1966
2019-09-12 11:40:33,814 [pool-126-thread-1] INFO  server.RaftServerConfigKeys (ConfUtils.java:logGet(43)) - raft.server.log.queue.byte-limit = 2147483647 (custom)
2019-09-12 11:40:33,814 [pool-126-thread-1] INFO  server.RaftServerConfigKeys (ConfUtils.java:logGet(43)) - raft.server.log.queue.element-limit = 1024 (custom)
2019-09-12 11:40:33,814 [pool-126-thread-1] INFO  server.RaftServerConfigKeys (ConfUtils.java:logGet(43)) - raft.server.log.segment.size.max = 1048576 (custom)
2019-09-12 11:40:33,814 [pool-126-thread-1] INFO  server.RaftServerConfigKeys (ConfUtils.java:logGet(43)) - raft.server.log.preallocated.size = 16384 (custom)
2019-09-12 11:40:33,814 [pool-126-thread-1] INFO  server.RaftServerConfigKeys (ConfUtils.java:logGet(43)) - raft.server.log.write.buffer.size = 33554432 (custom)
2019-09-12 11:40:33,815 [pool-126-thread-1] INFO  server.RaftServerConfigKeys (ConfUtils.java:logGet(43)) - raft.server.log.force.sync.num = 128 (default)
2019-09-12 11:40:33,815 [pool-126-thread-1] INFO  server.RaftServerConfigKeys (ConfUtils.java:logGet(43)) - raft.server.log.statemachine.data.sync = true (default)
2019-09-12 11:40:33,815 [pool-126-thread-1] INFO  server.RaftServerConfigKeys (ConfUtils.java:logGet(43)) - raft.server.log.statemachine.data.sync.timeout = 10s (default)
2019-09-12 11:40:33,815 [pool-126-thread-1] INFO  server.RaftServerConfigKeys (ConfUtils.java:logGet(43)) - raft.server.log.statemachine.data.sync.timeout.retry = -1 (default)
2019-09-12 11:40:33,815 [pool-126-thread-1] INFO  server.RaftServerConfigKeys (ConfUtils.java:logGet(43)) - raft.server.log.statemachine.data.caching.enabled = true (custom)
2019-09-12 11:40:33,816 [pool-126-thread-1] INFO  segmented.SegmentedRaftLogWorker (SegmentedRaftLogWorker.java:lambda$new$0(132)) - dbf859ef-0f75-4843-8536-03105c97857a-SegmentedRaftLogWorker:Storage Directory /workdir/hadoop-ozone/ozonefs/target/test-dir/MiniOzoneClusterImpl-3f0ffa95-bfc9-4a1c-9a47-ff24715a0622/datanode-9/data/ratis/f244dc86-21ad-4fcc-8603-75b9d54d1966: flushIndex: setUnconditionally 0 -> -1
2019-09-12 11:40:33,816 [pool-126-thread-1] INFO  server.RaftServerConfigKeys (ConfUtils.java:logGet(43)) - raft.server.snapshot.auto.trigger.enabled = true (custom)
2019-09-12 11:40:33,816 [pool-126-thread-1] INFO  server.RaftServerConfigKeys (ConfUtils.java:logGet(43)) - raft.server.snapshot.auto.trigger.threshold = 10000 (custom)
2019-09-12 11:40:33,816 [pool-126-thread-1] INFO  server.RaftServerConfigKeys (ConfUtils.java:logGet(43)) - raft.server.retrycache.expirytime = 600000ms (custom)
2019-09-12 11:40:33,816 [pool-126-thread-1] INFO  impl.RaftServerImpl (RaftServerImpl.java:start(180)) - dbf859ef-0f75-4843-8536-03105c97857a: start group-75B9D54D1966
2019-09-12 11:40:33,817 [pool-126-thread-1] INFO  impl.RaftServerImpl (RaftServerImpl.java:setRole(171)) - dbf859ef-0f75-4843-8536-03105c97857a:group-75B9D54D1966 changes role from null to FOLLOWER at term 0 for startAsFollower
2019-09-12 11:40:33,817 [pool-126-thread-1] INFO  impl.RoleInfo (RoleInfo.java:updateAndGet(143)) - dbf859ef-0f75-4843-8536-03105c97857a: start FollowerState
2019-09-12 11:40:33,817 [pool-126-thread-1] INFO  util.JmxRegister (JmxRegister.java:tryRegister(44)) - Successfully registered JMX Bean with object name Ratis:service=RaftServer,group=group-75B9D54D1966,id=dbf859ef-0f75-4843-8536-03105c97857a
2019-09-12 11:40:33,820 [RatisPipelineUtilsThread] INFO  pipeline.PipelineStateManager (PipelineStateManager.java:addPipeline(56)) - Created pipeline Pipeline[ Id: f244dc86-21ad-4fcc-8603-75b9d54d1966, Nodes: dbf859ef-0f75-4843-8536-03105c97857a{ip: 192.168.157.195, host: pr-hdds-1569-xtfnx-3545843844, networkLocation: /default-rack, certSerialId: null}, Type:RATIS, Factor:ONE, State:OPEN]
2019-09-12 11:40:33,820 [RatisPipelineUtilsThread] ERROR pipeline.PipelinePlacementPolicy (PipelinePlacementPolicy.java:meetCriteria(91)) - Pipeline Placement: Doesn't meet the criteria to be viable node. Heaviness: 6
2019-09-12 11:40:33,820 [RatisPipelineUtilsThread] ERROR pipeline.PipelinePlacementPolicy (PipelinePlacementPolicy.java:meetCriteria(91)) - Pipeline Placement: Doesn't meet the criteria to be viable node. Heaviness: 6
2019-09-12 11:40:33,820 [RatisPipelineUtilsThread] ERROR pipeline.PipelinePlacementPolicy (PipelinePlacementPolicy.java:meetCriteria(91)) - Pipeline Placement: Doesn't meet the criteria to be viable node. Heaviness: 6
2019-09-12 11:40:33,820 [RatisPipelineUtilsThread] ERROR pipeline.PipelinePlacementPolicy (PipelinePlacementPolicy.java:meetCriteria(91)) - Pipeline Placement: Doesn't meet the criteria to be viable node. Heaviness: 6
2019-09-12 11:40:33,821 [RatisPipelineUtilsThread] ERROR pipeline.PipelinePlacementPolicy (PipelinePlacementPolicy.java:meetCriteria(91)) - Pipeline Placement: Doesn't meet the criteria to be viable node. Heaviness: 6
2019-09-12 11:40:33,821 [RatisPipelineUtilsThread] ERROR pipeline.PipelinePlacementPolicy (PipelinePlacementPolicy.java:meetCriteria(91)) - Pipeline Placement: Doesn't meet the criteria to be viable node. Heaviness: 6
2019-09-12 11:40:33,821 [RatisPipelineUtilsThread] ERROR pipeline.PipelinePlacementPolicy (PipelinePlacementPolicy.java:meetCriteria(91)) - Pipeline Placement: Doesn't meet the criteria to be viable node. Heaviness: 6
2019-09-12 11:40:33,821 [RatisPipelineUtilsThread] ERROR pipeline.PipelinePlacementPolicy (PipelinePlacementPolicy.java:meetCriteria(91)) - Pipeline Placement: Doesn't meet the criteria to be viable node. Heaviness: 6
2019-09-12 11:40:33,821 [RatisPipelineUtilsThread] ERROR pipeline.PipelinePlacementPolicy (PipelinePlacementPolicy.java:meetCriteria(91)) - Pipeline Placement: Doesn't meet the criteria to be viable node. Heaviness: 6
2019-09-12 11:40:33,826 [grpc-default-executor-0] INFO  impl.RaftServerProxy (RaftServerProxy.java:addNew(89)) - dbf859ef-0f75-4843-8536-03105c97857a: addNew group-73238FA741EA:[dbf859ef-0f75-4843-8536-03105c97857a:192.168.157.195:35030] returns group-73238FA741EA:java.util.concurrent.CompletableFuture@2cf2925b[Not completed]
2019-09-12 11:40:33,827 [pool-126-thread-1] INFO  impl.RaftServerImpl (RaftServerImpl.java:<init>(93)) - dbf859ef-0f75-4843-8536-03105c97857a: new RaftServerImpl for group-73238FA741EA:[dbf859ef-0f75-4843-8536-03105c97857a:192.168.157.195:35030] with ContainerStateMachine:uninitialized
2019-09-12 11:40:33,827 [pool-126-thread-1] INFO  server.RaftServerConfigKeys (ConfUtils.java:logGet(43)) - raft.server.rpc.timeout.min = 5s (custom)
2019-09-12 11:40:33,828 [pool-126-thread-1] INFO  server.RaftServerConfigKeys (ConfUtils.java:logGet(43)) - raft.server.rpc.timeout.max = 5200ms (custom)
2019-09-12 11:40:33,828 [pool-126-thread-1] INFO  server.RaftServerConfigKeys (ConfUtils.java:logGet(43)) - raft.server.rpcslowness.timeout = 120s (custom)
2019-09-12 11:40:33,828 [pool-126-thread-1] INFO  server.RaftServerConfigKeys (ConfUtils.java:logGet(43)) - raft.server.sleep.deviation.threshold = 300 (default)
2019-09-12 11:40:33,828 [pool-126-thread-1] INFO  server.RaftServerConfigKeys (ConfUtils.java:logGet(43)) - raft.server.log.appender.install.snapshot.enabled = false (custom)
2019-09-12 11:40:33,828 [pool-126-thread-1] INFO  impl.RaftServerImpl (ServerState.java:<init>(105)) - dbf859ef-0f75-4843-8536-03105c97857a:group-73238FA741EA ConfigurationManager, init=-1: [dbf859ef-0f75-4843-8536-03105c97857a:192.168.157.195:35030], old=null, confs=<EMPTY_MAP>
2019-09-12 11:40:33,828 [pool-126-thread-1] INFO  server.RaftServerConfigKeys (ConfUtils.java:logGet(43)) - raft.server.storage.dir = [/workdir/hadoop-ozone/ozonefs/target/test-dir/MiniOzoneClusterImpl-3f0ffa95-bfc9-4a1c-9a47-ff24715a0622/datanode-9/data/ratis] (custom)
2019-09-12 11:40:33,829 [pool-126-thread-1] INFO  storage.RaftStorageDirectory (RaftStorageDirectory.java:analyzeStorage(246)) - The storage directory /workdir/hadoop-ozone/ozonefs/target/test-dir/MiniOzoneClusterImpl-3f0ffa95-bfc9-4a1c-9a47-ff24715a0622/datanode-9/data/ratis/acc81ae9-7b82-4f98-b8c1-73238fa741ea does not exist. Creating ...
2019-09-12 11:40:33,841 [pool-126-thread-1] INFO  storage.RaftStorageDirectory (RaftStorageDirectory.java:tryLock(328)) - Lock on /workdir/hadoop-ozone/ozonefs/target/test-dir/MiniOzoneClusterImpl-3f0ffa95-bfc9-4a1c-9a47-ff24715a0622/datanode-9/data/ratis/acc81ae9-7b82-4f98-b8c1-73238fa741ea/in_use.lock acquired by nodename 26061@pr-hdds-1569-xtfnx-3545843844
2019-09-12 11:40:33,854 [pool-126-thread-1] INFO  storage.RaftStorage (RaftStorage.java:format(72)) - Storage directory /workdir/hadoop-ozone/ozonefs/target/test-dir/MiniOzoneClusterImpl-3f0ffa95-bfc9-4a1c-9a47-ff24715a0622/datanode-9/data/ratis/acc81ae9-7b82-4f98-b8c1-73238fa741ea has been successfully formatted.
2019-09-12 11:40:33,854 [pool-126-thread-1] INFO  ratis.ContainerStateMachine (ContainerStateMachine.java:loadSnapshot(226)) - group-73238FA741EA: The snapshot info is null. Setting the last applied indexto:(t:0, i:~)
2019-09-12 11:40:33,854 [pool-126-thread-1] INFO  server.RaftServerConfigKeys (ConfUtils.java:logGet(43)) - raft.server.leader.election.timeout = 120s (custom)
2019-09-12 11:40:33,854 [pool-126-thread-1] INFO  server.RaftServerConfigKeys (ConfUtils.java:logGet(43)) - raft.server.log.use.memory = false (default)
2019-09-12 11:40:33,855 [pool-126-thread-1] INFO  server.RaftServerConfigKeys (ConfUtils.java:logGet(43)) - raft.server.log.purge.gap = 1000000 (custom)
2019-09-12 11:40:33,855 [pool-126-thread-1] INFO  server.RaftServerConfigKeys (ConfUtils.java:logGet(43)) - raft.server.log.appender.buffer.byte-limit = 33554432 (custom)
2019-09-12 11:40:33,855 [pool-126-thread-1] INFO  server.RaftServerConfigKeys (ConfUtils.java:logGet(43)) - raft.server.log.segment.size.max = 1048576 (custom)
2019-09-12 11:40:33,855 [pool-126-thread-1] INFO  server.RaftServerConfigKeys (ConfUtils.java:logGet(43)) - raft.server.log.segment.cache.num.max = 2 (custom)
2019-09-12 11:40:33,855 [pool-126-thread-1] INFO  segmented.SegmentedRaftLogWorker (SegmentedRaftLogWorker.java:<init>(172)) - new dbf859ef-0f75-4843-8536-03105c97857a-SegmentedRaftLogWorker:Storage Directory /workdir/hadoop-ozone/ozonefs/target/test-dir/MiniOzoneClusterImpl-3f0ffa95-bfc9-4a1c-9a47-ff24715a0622/datanode-9/data/ratis/acc81ae9-7b82-4f98-b8c1-73238fa741ea for RaftStorage:Storage Directory /workdir/hadoop-ozone/ozonefs/target/test-dir/MiniOzoneClusterImpl-3f0ffa95-bfc9-4a1c-9a47-ff24715a0622/datanode-9/data/ratis/acc81ae9-7b82-4f98-b8c1-73238fa741ea
2019-09-12 11:40:33,855 [pool-126-thread-1] INFO  server.RaftServerConfigKeys (ConfUtils.java:logGet(43)) - raft.server.log.queue.byte-limit = 2147483647 (custom)
2019-09-12 11:40:33,855 [pool-126-thread-1] INFO  server.RaftServerConfigKeys (ConfUtils.java:logGet(43)) - raft.server.log.queue.element-limit = 1024 (custom)
2019-09-12 11:40:33,855 [pool-126-thread-1] INFO  server.RaftServerConfigKeys (ConfUtils.java:logGet(43)) - raft.server.log.segment.size.max = 1048576 (custom)
2019-09-12 11:40:33,856 [pool-126-thread-1] INFO  server.RaftServerConfigKeys (ConfUtils.java:logGet(43)) - raft.server.log.preallocated.size = 16384 (custom)
2019-09-12 11:40:33,856 [pool-126-thread-1] INFO  server.RaftServerConfigKeys (ConfUtils.java:logGet(43)) - raft.server.log.write.buffer.size = 33554432 (custom)
2019-09-12 11:40:33,856 [pool-126-thread-1] INFO  server.RaftServerConfigKeys (ConfUtils.java:logGet(43)) - raft.server.log.force.sync.num = 128 (default)
2019-09-12 11:40:33,856 [pool-126-thread-1] INFO  server.RaftServerConfigKeys (ConfUtils.java:logGet(43)) - raft.server.log.statemachine.data.sync = true (default)
2019-09-12 11:40:33,856 [pool-126-thread-1] INFO  server.RaftServerConfigKeys (ConfUtils.java:logGet(43)) - raft.server.log.statemachine.data.sync.timeout = 10s (default)
2019-09-12 11:40:33,856 [pool-126-thread-1] INFO  server.RaftServerConfigKeys (ConfUtils.java:logGet(43)) - raft.server.log.statemachine.data.sync.timeout.retry = -1 (default)
2019-09-12 11:40:33,856 [pool-126-thread-1] INFO  server.RaftServerConfigKeys (ConfUtils.java:logGet(43)) - raft.server.log.statemachine.data.caching.enabled = true (custom)
2019-09-12 11:40:33,857 [pool-126-thread-1] INFO  segmented.SegmentedRaftLogWorker (SegmentedRaftLogWorker.java:lambda$new$0(132)) - dbf859ef-0f75-4843-8536-03105c97857a-SegmentedRaftLogWorker:Storage Directory /workdir/hadoop-ozone/ozonefs/target/test-dir/MiniOzoneClusterImpl-3f0ffa95-bfc9-4a1c-9a47-ff24715a0622/datanode-9/data/ratis/acc81ae9-7b82-4f98-b8c1-73238fa741ea: flushIndex: setUnconditionally 0 -> -1
2019-09-12 11:40:33,857 [pool-126-thread-1] INFO  server.RaftServerConfigKeys (ConfUtils.java:logGet(43)) - raft.server.snapshot.auto.trigger.enabled = true (custom)
2019-09-12 11:40:33,857 [pool-126-thread-1] INFO  server.RaftServerConfigKeys (ConfUtils.java:logGet(43)) - raft.server.snapshot.auto.trigger.threshold = 10000 (custom)
2019-09-12 11:40:33,857 [pool-126-thread-1] INFO  server.RaftServerConfigKeys (ConfUtils.java:logGet(43)) - raft.server.retrycache.expirytime = 600000ms (custom)
2019-09-12 11:40:33,858 [pool-126-thread-1] INFO  impl.RaftServerImpl (RaftServerImpl.java:start(180)) - dbf859ef-0f75-4843-8536-03105c97857a: start group-73238FA741EA
2019-09-12 11:40:33,858 [pool-126-thread-1] INFO  impl.RaftServerImpl (RaftServerImpl.java:setRole(171)) - dbf859ef-0f75-4843-8536-03105c97857a:group-73238FA741EA changes role from null to FOLLOWER at term 0 for startAsFollower
2019-09-12 11:40:33,858 [pool-126-thread-1] INFO  impl.RoleInfo (RoleInfo.java:updateAndGet(143)) - dbf859ef-0f75-4843-8536-03105c97857a: start FollowerState
2019-09-12 11:40:33,858 [pool-126-thread-1] INFO  util.JmxRegister (JmxRegister.java:tryRegister(44)) - Successfully registered JMX Bean with object name Ratis:service=RaftServer,group=group-73238FA741EA,id=dbf859ef-0f75-4843-8536-03105c97857a
2019-09-12 11:40:33,861 [RatisPipelineUtilsThread] INFO  pipeline.PipelineStateManager (PipelineStateManager.java:addPipeline(56)) - Created pipeline Pipeline[ Id: acc81ae9-7b82-4f98-b8c1-73238fa741ea, Nodes: dbf859ef-0f75-4843-8536-03105c97857a{ip: 192.168.157.195, host: pr-hdds-1569-xtfnx-3545843844, networkLocation: /default-rack, certSerialId: null}, Type:RATIS, Factor:ONE, State:OPEN]
2019-09-12 11:40:33,861 [RatisPipelineUtilsThread] ERROR pipeline.PipelinePlacementPolicy (PipelinePlacementPolicy.java:meetCriteria(91)) - Pipeline Placement: Doesn't meet the criteria to be viable node. Heaviness: 6
2019-09-12 11:40:33,861 [RatisPipelineUtilsThread] ERROR pipeline.PipelinePlacementPolicy (PipelinePlacementPolicy.java:meetCriteria(91)) - Pipeline Placement: Doesn't meet the criteria to be viable node. Heaviness: 6
2019-09-12 11:40:33,862 [RatisPipelineUtilsThread] ERROR pipeline.PipelinePlacementPolicy (PipelinePlacementPolicy.java:meetCriteria(91)) - Pipeline Placement: Doesn't meet the criteria to be viable node. Heaviness: 6
2019-09-12 11:40:33,862 [RatisPipelineUtilsThread] ERROR pipeline.PipelinePlacementPolicy (PipelinePlacementPolicy.java:meetCriteria(91)) - Pipeline Placement: Doesn't meet the criteria to be viable node. Heaviness: 6
2019-09-12 11:40:33,862 [RatisPipelineUtilsThread] ERROR pipeline.PipelinePlacementPolicy (PipelinePlacementPolicy.java:meetCriteria(91)) - Pipeline Placement: Doesn't meet the criteria to be viable node. Heaviness: 6
2019-09-12 11:40:33,862 [RatisPipelineUtilsThread] ERROR pipeline.PipelinePlacementPolicy (PipelinePlacementPolicy.java:meetCriteria(91)) - Pipeline Placement: Doesn't meet the criteria to be viable node. Heaviness: 6
2019-09-12 11:40:33,862 [RatisPipelineUtilsThread] ERROR pipeline.PipelinePlacementPolicy (PipelinePlacementPolicy.java:meetCriteria(91)) - Pipeline Placement: Doesn't meet the criteria to be viable node. Heaviness: 6
2019-09-12 11:40:33,862 [RatisPipelineUtilsThread] ERROR pipeline.PipelinePlacementPolicy (PipelinePlacementPolicy.java:meetCriteria(91)) - Pipeline Placement: Doesn't meet the criteria to be viable node. Heaviness: 6
2019-09-12 11:40:33,863 [RatisPipelineUtilsThread] ERROR pipeline.PipelinePlacementPolicy (PipelinePlacementPolicy.java:meetCriteria(91)) - Pipeline Placement: Doesn't meet the criteria to be viable node. Heaviness: 6
2019-09-12 11:40:33,868 [grpc-default-executor-0] INFO  impl.RaftServerProxy (RaftServerProxy.java:addNew(89)) - dbf859ef-0f75-4843-8536-03105c97857a: addNew group-72EC42513B27:[dbf859ef-0f75-4843-8536-03105c97857a:192.168.157.195:35030] returns group-72EC42513B27:java.util.concurrent.CompletableFuture@13599489[Not completed]
2019-09-12 11:40:33,869 [pool-126-thread-1] INFO  impl.RaftServerImpl (RaftServerImpl.java:<init>(93)) - dbf859ef-0f75-4843-8536-03105c97857a: new RaftServerImpl for group-72EC42513B27:[dbf859ef-0f75-4843-8536-03105c97857a:192.168.157.195:35030] with ContainerStateMachine:uninitialized
2019-09-12 11:40:33,869 [pool-126-thread-1] INFO  server.RaftServerConfigKeys (ConfUtils.java:logGet(43)) - raft.server.rpc.timeout.min = 5s (custom)
2019-09-12 11:40:33,870 [pool-126-thread-1] INFO  server.RaftServerConfigKeys (ConfUtils.java:logGet(43)) - raft.server.rpc.timeout.max = 5200ms (custom)
2019-09-12 11:40:33,870 [pool-126-thread-1] INFO  server.RaftServerConfigKeys (ConfUtils.java:logGet(43)) - raft.server.rpcslowness.timeout = 120s (custom)
2019-09-12 11:40:33,870 [pool-126-thread-1] INFO  server.RaftServerConfigKeys (ConfUtils.java:logGet(43)) - raft.server.sleep.deviation.threshold = 300 (default)
2019-09-12 11:40:33,870 [pool-126-thread-1] INFO  server.RaftServerConfigKeys (ConfUtils.java:logGet(43)) - raft.server.log.appender.install.snapshot.enabled = false (custom)
2019-09-12 11:40:33,870 [pool-126-thread-1] INFO  impl.RaftServerImpl (ServerState.java:<init>(105)) - dbf859ef-0f75-4843-8536-03105c97857a:group-72EC42513B27 ConfigurationManager, init=-1: [dbf859ef-0f75-4843-8536-03105c97857a:192.168.157.195:35030], old=null, confs=<EMPTY_MAP>
2019-09-12 11:40:33,870 [pool-126-thread-1] INFO  server.RaftServerConfigKeys (ConfUtils.java:logGet(43)) - raft.server.storage.dir = [/workdir/hadoop-ozone/ozonefs/target/test-dir/MiniOzoneClusterImpl-3f0ffa95-bfc9-4a1c-9a47-ff24715a0622/datanode-9/data/ratis] (custom)
2019-09-12 11:40:33,871 [pool-126-thread-1] INFO  storage.RaftStorageDirectory (RaftStorageDirectory.java:analyzeStorage(246)) - The storage directory /workdir/hadoop-ozone/ozonefs/target/test-dir/MiniOzoneClusterImpl-3f0ffa95-bfc9-4a1c-9a47-ff24715a0622/datanode-9/data/ratis/86e4268a-3bb2-402e-a79c-72ec42513b27 does not exist. Creating ...
2019-09-12 11:40:33,883 [pool-126-thread-1] INFO  storage.RaftStorageDirectory (RaftStorageDirectory.java:tryLock(328)) - Lock on /workdir/hadoop-ozone/ozonefs/target/test-dir/MiniOzoneClusterImpl-3f0ffa95-bfc9-4a1c-9a47-ff24715a0622/datanode-9/data/ratis/86e4268a-3bb2-402e-a79c-72ec42513b27/in_use.lock acquired by nodename 26061@pr-hdds-1569-xtfnx-3545843844
2019-09-12 11:40:33,907 [pool-126-thread-1] INFO  storage.RaftStorage (RaftStorage.java:format(72)) - Storage directory /workdir/hadoop-ozone/ozonefs/target/test-dir/MiniOzoneClusterImpl-3f0ffa95-bfc9-4a1c-9a47-ff24715a0622/datanode-9/data/ratis/86e4268a-3bb2-402e-a79c-72ec42513b27 has been successfully formatted.
2019-09-12 11:40:33,908 [pool-126-thread-1] INFO  ratis.ContainerStateMachine (ContainerStateMachine.java:loadSnapshot(226)) - group-72EC42513B27: The snapshot info is null. Setting the last applied indexto:(t:0, i:~)
2019-09-12 11:40:33,908 [pool-126-thread-1] INFO  server.RaftServerConfigKeys (ConfUtils.java:logGet(43)) - raft.server.leader.election.timeout = 120s (custom)
2019-09-12 11:40:33,908 [pool-126-thread-1] INFO  server.RaftServerConfigKeys (ConfUtils.java:logGet(43)) - raft.server.log.use.memory = false (default)
2019-09-12 11:40:33,908 [pool-126-thread-1] INFO  server.RaftServerConfigKeys (ConfUtils.java:logGet(43)) - raft.server.log.purge.gap = 1000000 (custom)
2019-09-12 11:40:33,908 [pool-126-thread-1] INFO  server.RaftServerConfigKeys (ConfUtils.java:logGet(43)) - raft.server.log.appender.buffer.byte-limit = 33554432 (custom)
2019-09-12 11:40:33,908 [pool-126-thread-1] INFO  server.RaftServerConfigKeys (ConfUtils.java:logGet(43)) - raft.server.log.segment.size.max = 1048576 (custom)
2019-09-12 11:40:33,908 [pool-126-thread-1] INFO  server.RaftServerConfigKeys (ConfUtils.java:logGet(43)) - raft.server.log.segment.cache.num.max = 2 (custom)
2019-09-12 11:40:33,908 [pool-126-thread-1] INFO  segmented.SegmentedRaftLogWorker (SegmentedRaftLogWorker.java:<init>(172)) - new dbf859ef-0f75-4843-8536-03105c97857a-SegmentedRaftLogWorker:Storage Directory /workdir/hadoop-ozone/ozonefs/target/test-dir/MiniOzoneClusterImpl-3f0ffa95-bfc9-4a1c-9a47-ff24715a0622/datanode-9/data/ratis/86e4268a-3bb2-402e-a79c-72ec42513b27 for RaftStorage:Storage Directory /workdir/hadoop-ozone/ozonefs/target/test-dir/MiniOzoneClusterImpl-3f0ffa95-bfc9-4a1c-9a47-ff24715a0622/datanode-9/data/ratis/86e4268a-3bb2-402e-a79c-72ec42513b27
2019-09-12 11:40:33,909 [pool-126-thread-1] INFO  server.RaftServerConfigKeys (ConfUtils.java:logGet(43)) - raft.server.log.queue.byte-limit = 2147483647 (custom)
2019-09-12 11:40:33,909 [pool-126-thread-1] INFO  server.RaftServerConfigKeys (ConfUtils.java:logGet(43)) - raft.server.log.queue.element-limit = 1024 (custom)
2019-09-12 11:40:33,909 [pool-126-thread-1] INFO  server.RaftServerConfigKeys (ConfUtils.java:logGet(43)) - raft.server.log.segment.size.max = 1048576 (custom)
2019-09-12 11:40:33,909 [pool-126-thread-1] INFO  server.RaftServerConfigKeys (ConfUtils.java:logGet(43)) - raft.server.log.preallocated.size = 16384 (custom)
2019-09-12 11:40:33,909 [pool-126-thread-1] INFO  server.RaftServerConfigKeys (ConfUtils.java:logGet(43)) - raft.server.log.write.buffer.size = 33554432 (custom)
2019-09-12 11:40:33,909 [pool-126-thread-1] INFO  server.RaftServerConfigKeys (ConfUtils.java:logGet(43)) - raft.server.log.force.sync.num = 128 (default)
2019-09-12 11:40:33,909 [pool-126-thread-1] INFO  server.RaftServerConfigKeys (ConfUtils.java:logGet(43)) - raft.server.log.statemachine.data.sync = true (default)
2019-09-12 11:40:33,909 [pool-126-thread-1] INFO  server.RaftServerConfigKeys (ConfUtils.java:logGet(43)) - raft.server.log.statemachine.data.sync.timeout = 10s (default)
2019-09-12 11:40:33,909 [pool-126-thread-1] INFO  server.RaftServerConfigKeys (ConfUtils.java:logGet(43)) - raft.server.log.statemachine.data.sync.timeout.retry = -1 (default)
2019-09-12 11:40:33,910 [pool-126-thread-1] INFO  server.RaftServerConfigKeys (ConfUtils.java:logGet(43)) - raft.server.log.statemachine.data.caching.enabled = true (custom)
2019-09-12 11:40:33,910 [pool-126-thread-1] INFO  segmented.SegmentedRaftLogWorker (SegmentedRaftLogWorker.java:lambda$new$0(132)) - dbf859ef-0f75-4843-8536-03105c97857a-SegmentedRaftLogWorker:Storage Directory /workdir/hadoop-ozone/ozonefs/target/test-dir/MiniOzoneClusterImpl-3f0ffa95-bfc9-4a1c-9a47-ff24715a0622/datanode-9/data/ratis/86e4268a-3bb2-402e-a79c-72ec42513b27: flushIndex: setUnconditionally 0 -> -1
2019-09-12 11:40:33,910 [pool-126-thread-1] INFO  server.RaftServerConfigKeys (ConfUtils.java:logGet(43)) - raft.server.snapshot.auto.trigger.enabled = true (custom)
2019-09-12 11:40:33,910 [pool-126-thread-1] INFO  server.RaftServerConfigKeys (ConfUtils.java:logGet(43)) - raft.server.snapshot.auto.trigger.threshold = 10000 (custom)
2019-09-12 11:40:33,910 [pool-126-thread-1] INFO  server.RaftServerConfigKeys (ConfUtils.java:logGet(43)) - raft.server.retrycache.expirytime = 600000ms (custom)
2019-09-12 11:40:33,911 [pool-126-thread-1] INFO  impl.RaftServerImpl (RaftServerImpl.java:start(180)) - dbf859ef-0f75-4843-8536-03105c97857a: start group-72EC42513B27
2019-09-12 11:40:33,911 [pool-126-thread-1] INFO  impl.RaftServerImpl (RaftServerImpl.java:setRole(171)) - dbf859ef-0f75-4843-8536-03105c97857a:group-72EC42513B27 changes role from null to FOLLOWER at term 0 for startAsFollower
2019-09-12 11:40:33,911 [pool-126-thread-1] INFO  impl.RoleInfo (RoleInfo.java:updateAndGet(143)) - dbf859ef-0f75-4843-8536-03105c97857a: start FollowerState
2019-09-12 11:40:33,911 [pool-126-thread-1] INFO  util.JmxRegister (JmxRegister.java:tryRegister(44)) - Successfully registered JMX Bean with object name Ratis:service=RaftServer,group=group-72EC42513B27,id=dbf859ef-0f75-4843-8536-03105c97857a
2019-09-12 11:40:33,914 [RatisPipelineUtilsThread] INFO  pipeline.PipelineStateManager (PipelineStateManager.java:addPipeline(56)) - Created pipeline Pipeline[ Id: 86e4268a-3bb2-402e-a79c-72ec42513b27, Nodes: dbf859ef-0f75-4843-8536-03105c97857a{ip: 192.168.157.195, host: pr-hdds-1569-xtfnx-3545843844, networkLocation: /default-rack, certSerialId: null}, Type:RATIS, Factor:ONE, State:OPEN]
2019-09-12 11:40:33,914 [RatisPipelineUtilsThread] ERROR pipeline.PipelinePlacementPolicy (PipelinePlacementPolicy.java:meetCriteria(91)) - Pipeline Placement: Doesn't meet the criteria to be viable node. Heaviness: 6
2019-09-12 11:40:33,914 [RatisPipelineUtilsThread] ERROR pipeline.PipelinePlacementPolicy (PipelinePlacementPolicy.java:meetCriteria(91)) - Pipeline Placement: Doesn't meet the criteria to be viable node. Heaviness: 6
2019-09-12 11:40:33,914 [RatisPipelineUtilsThread] ERROR pipeline.PipelinePlacementPolicy (PipelinePlacementPolicy.java:meetCriteria(91)) - Pipeline Placement: Doesn't meet the criteria to be viable node. Heaviness: 6
2019-09-12 11:40:33,915 [RatisPipelineUtilsThread] ERROR pipeline.PipelinePlacementPolicy (PipelinePlacementPolicy.java:meetCriteria(91)) - Pipeline Placement: Doesn't meet the criteria to be viable node. Heaviness: 6
2019-09-12 11:40:33,915 [RatisPipelineUtilsThread] ERROR pipeline.PipelinePlacementPolicy (PipelinePlacementPolicy.java:meetCriteria(91)) - Pipeline Placement: Doesn't meet the criteria to be viable node. Heaviness: 6
2019-09-12 11:40:33,915 [RatisPipelineUtilsThread] ERROR pipeline.PipelinePlacementPolicy (PipelinePlacementPolicy.java:meetCriteria(91)) - Pipeline Placement: Doesn't meet the criteria to be viable node. Heaviness: 6
2019-09-12 11:40:33,915 [RatisPipelineUtilsThread] ERROR pipeline.PipelinePlacementPolicy (PipelinePlacementPolicy.java:meetCriteria(91)) - Pipeline Placement: Doesn't meet the criteria to be viable node. Heaviness: 6
2019-09-12 11:40:33,915 [RatisPipelineUtilsThread] ERROR pipeline.PipelinePlacementPolicy (PipelinePlacementPolicy.java:meetCriteria(91)) - Pipeline Placement: Doesn't meet the criteria to be viable node. Heaviness: 6
2019-09-12 11:40:33,915 [RatisPipelineUtilsThread] ERROR pipeline.PipelinePlacementPolicy (PipelinePlacementPolicy.java:meetCriteria(91)) - Pipeline Placement: Doesn't meet the criteria to be viable node. Heaviness: 6
2019-09-12 11:40:33,918 | INFO  | SCMAudit | user=jenkins1000 | ip=192.168.157.195 | op=SEND_HEARTBEAT {datanodeUUID=abc6f9f9-8862-43ee-ac13-b67e1574492b, command=[]} | ret=SUCCESS |  
2019-09-12 11:40:33,921 [grpc-default-executor-0] INFO  impl.RaftServerProxy (RaftServerProxy.java:addNew(89)) - dbf859ef-0f75-4843-8536-03105c97857a: addNew group-2E6DAC8C7E9E:[dbf859ef-0f75-4843-8536-03105c97857a:192.168.157.195:35030] returns group-2E6DAC8C7E9E:java.util.concurrent.CompletableFuture@324af26[Not completed]
2019-09-12 11:40:33,922 [pool-126-thread-1] INFO  impl.RaftServerImpl (RaftServerImpl.java:<init>(93)) - dbf859ef-0f75-4843-8536-03105c97857a: new RaftServerImpl for group-2E6DAC8C7E9E:[dbf859ef-0f75-4843-8536-03105c97857a:192.168.157.195:35030] with ContainerStateMachine:uninitialized
2019-09-12 11:40:33,922 [pool-126-thread-1] INFO  server.RaftServerConfigKeys (ConfUtils.java:logGet(43)) - raft.server.rpc.timeout.min = 5s (custom)
2019-09-12 11:40:33,922 [pool-126-thread-1] INFO  server.RaftServerConfigKeys (ConfUtils.java:logGet(43)) - raft.server.rpc.timeout.max = 5200ms (custom)
2019-09-12 11:40:33,922 [pool-126-thread-1] INFO  server.RaftServerConfigKeys (ConfUtils.java:logGet(43)) - raft.server.rpcslowness.timeout = 120s (custom)
2019-09-12 11:40:33,922 [pool-126-thread-1] INFO  server.RaftServerConfigKeys (ConfUtils.java:logGet(43)) - raft.server.sleep.deviation.threshold = 300 (default)
2019-09-12 11:40:33,922 [pool-126-thread-1] INFO  server.RaftServerConfigKeys (ConfUtils.java:logGet(43)) - raft.server.log.appender.install.snapshot.enabled = false (custom)
2019-09-12 11:40:33,922 [pool-126-thread-1] INFO  impl.RaftServerImpl (ServerState.java:<init>(105)) - dbf859ef-0f75-4843-8536-03105c97857a:group-2E6DAC8C7E9E ConfigurationManager, init=-1: [dbf859ef-0f75-4843-8536-03105c97857a:192.168.157.195:35030], old=null, confs=<EMPTY_MAP>
2019-09-12 11:40:33,922 [pool-126-thread-1] INFO  server.RaftServerConfigKeys (ConfUtils.java:logGet(43)) - raft.server.storage.dir = [/workdir/hadoop-ozone/ozonefs/target/test-dir/MiniOzoneClusterImpl-3f0ffa95-bfc9-4a1c-9a47-ff24715a0622/datanode-9/data/ratis] (custom)
2019-09-12 11:40:33,923 [pool-126-thread-1] INFO  storage.RaftStorageDirectory (RaftStorageDirectory.java:analyzeStorage(246)) - The storage directory /workdir/hadoop-ozone/ozonefs/target/test-dir/MiniOzoneClusterImpl-3f0ffa95-bfc9-4a1c-9a47-ff24715a0622/datanode-9/data/ratis/c7142de6-b5bb-4093-8e08-2e6dac8c7e9e does not exist. Creating ...
2019-09-12 11:40:33,935 [pool-126-thread-1] INFO  storage.RaftStorageDirectory (RaftStorageDirectory.java:tryLock(328)) - Lock on /workdir/hadoop-ozone/ozonefs/target/test-dir/MiniOzoneClusterImpl-3f0ffa95-bfc9-4a1c-9a47-ff24715a0622/datanode-9/data/ratis/c7142de6-b5bb-4093-8e08-2e6dac8c7e9e/in_use.lock acquired by nodename 26061@pr-hdds-1569-xtfnx-3545843844
2019-09-12 11:40:33,949 [pool-126-thread-1] INFO  storage.RaftStorage (RaftStorage.java:format(72)) - Storage directory /workdir/hadoop-ozone/ozonefs/target/test-dir/MiniOzoneClusterImpl-3f0ffa95-bfc9-4a1c-9a47-ff24715a0622/datanode-9/data/ratis/c7142de6-b5bb-4093-8e08-2e6dac8c7e9e has been successfully formatted.
2019-09-12 11:40:33,949 [pool-126-thread-1] INFO  ratis.ContainerStateMachine (ContainerStateMachine.java:loadSnapshot(226)) - group-2E6DAC8C7E9E: The snapshot info is null. Setting the last applied indexto:(t:0, i:~)
2019-09-12 11:40:33,949 [pool-126-thread-1] INFO  server.RaftServerConfigKeys (ConfUtils.java:logGet(43)) - raft.server.leader.election.timeout = 120s (custom)
2019-09-12 11:40:33,949 [pool-126-thread-1] INFO  server.RaftServerConfigKeys (ConfUtils.java:logGet(43)) - raft.server.log.use.memory = false (default)
2019-09-12 11:40:33,949 [pool-126-thread-1] INFO  server.RaftServerConfigKeys (ConfUtils.java:logGet(43)) - raft.server.log.purge.gap = 1000000 (custom)
2019-09-12 11:40:33,949 [pool-126-thread-1] INFO  server.RaftServerConfigKeys (ConfUtils.java:logGet(43)) - raft.server.log.appender.buffer.byte-limit = 33554432 (custom)
2019-09-12 11:40:33,949 [pool-126-thread-1] INFO  server.RaftServerConfigKeys (ConfUtils.java:logGet(43)) - raft.server.log.segment.size.max = 1048576 (custom)
2019-09-12 11:40:33,949 [pool-126-thread-1] INFO  server.RaftServerConfigKeys (ConfUtils.java:logGet(43)) - raft.server.log.segment.cache.num.max = 2 (custom)
2019-09-12 11:40:33,950 [pool-126-thread-1] INFO  segmented.SegmentedRaftLogWorker (SegmentedRaftLogWorker.java:<init>(172)) - new dbf859ef-0f75-4843-8536-03105c97857a-SegmentedRaftLogWorker:Storage Directory /workdir/hadoop-ozone/ozonefs/target/test-dir/MiniOzoneClusterImpl-3f0ffa95-bfc9-4a1c-9a47-ff24715a0622/datanode-9/data/ratis/c7142de6-b5bb-4093-8e08-2e6dac8c7e9e for RaftStorage:Storage Directory /workdir/hadoop-ozone/ozonefs/target/test-dir/MiniOzoneClusterImpl-3f0ffa95-bfc9-4a1c-9a47-ff24715a0622/datanode-9/data/ratis/c7142de6-b5bb-4093-8e08-2e6dac8c7e9e
2019-09-12 11:40:33,950 [pool-126-thread-1] INFO  server.RaftServerConfigKeys (ConfUtils.java:logGet(43)) - raft.server.log.queue.byte-limit = 2147483647 (custom)
2019-09-12 11:40:33,950 [pool-126-thread-1] INFO  server.RaftServerConfigKeys (ConfUtils.java:logGet(43)) - raft.server.log.queue.element-limit = 1024 (custom)
2019-09-12 11:40:33,950 [pool-126-thread-1] INFO  server.RaftServerConfigKeys (ConfUtils.java:logGet(43)) - raft.server.log.segment.size.max = 1048576 (custom)
2019-09-12 11:40:33,950 [pool-126-thread-1] INFO  server.RaftServerConfigKeys (ConfUtils.java:logGet(43)) - raft.server.log.preallocated.size = 16384 (custom)
2019-09-12 11:40:33,950 [pool-126-thread-1] INFO  server.RaftServerConfigKeys (ConfUtils.java:logGet(43)) - raft.server.log.write.buffer.size = 33554432 (custom)
2019-09-12 11:40:33,950 [pool-126-thread-1] INFO  server.RaftServerConfigKeys (ConfUtils.java:logGet(43)) - raft.server.log.force.sync.num = 128 (default)
2019-09-12 11:40:33,950 [pool-126-thread-1] INFO  server.RaftServerConfigKeys (ConfUtils.java:logGet(43)) - raft.server.log.statemachine.data.sync = true (default)
2019-09-12 11:40:33,950 [pool-126-thread-1] INFO  server.RaftServerConfigKeys (ConfUtils.java:logGet(43)) - raft.server.log.statemachine.data.sync.timeout = 10s (default)
2019-09-12 11:40:33,951 [pool-126-thread-1] INFO  server.RaftServerConfigKeys (ConfUtils.java:logGet(43)) - raft.server.log.statemachine.data.sync.timeout.retry = -1 (default)
2019-09-12 11:40:33,951 [pool-126-thread-1] INFO  server.RaftServerConfigKeys (ConfUtils.java:logGet(43)) - raft.server.log.statemachine.data.caching.enabled = true (custom)
2019-09-12 11:40:33,951 [pool-126-thread-1] INFO  segmented.SegmentedRaftLogWorker (SegmentedRaftLogWorker.java:lambda$new$0(132)) - dbf859ef-0f75-4843-8536-03105c97857a-SegmentedRaftLogWorker:Storage Directory /workdir/hadoop-ozone/ozonefs/target/test-dir/MiniOzoneClusterImpl-3f0ffa95-bfc9-4a1c-9a47-ff24715a0622/datanode-9/data/ratis/c7142de6-b5bb-4093-8e08-2e6dac8c7e9e: flushIndex: setUnconditionally 0 -> -1
2019-09-12 11:40:33,951 [pool-126-thread-1] INFO  server.RaftServerConfigKeys (ConfUtils.java:logGet(43)) - raft.server.snapshot.auto.trigger.enabled = true (custom)
2019-09-12 11:40:33,951 [pool-126-thread-1] INFO  server.RaftServerConfigKeys (ConfUtils.java:logGet(43)) - raft.server.snapshot.auto.trigger.threshold = 10000 (custom)
2019-09-12 11:40:33,951 [pool-126-thread-1] INFO  server.RaftServerConfigKeys (ConfUtils.java:logGet(43)) - raft.server.retrycache.expirytime = 600000ms (custom)
2019-09-12 11:40:33,952 [pool-126-thread-1] INFO  impl.RaftServerImpl (RaftServerImpl.java:start(180)) - dbf859ef-0f75-4843-8536-03105c97857a: start group-2E6DAC8C7E9E
2019-09-12 11:40:33,952 [pool-126-thread-1] INFO  impl.RaftServerImpl (RaftServerImpl.java:setRole(171)) - dbf859ef-0f75-4843-8536-03105c97857a:group-2E6DAC8C7E9E changes role from null to FOLLOWER at term 0 for startAsFollower
2019-09-12 11:40:33,952 [pool-126-thread-1] INFO  impl.RoleInfo (RoleInfo.java:updateAndGet(143)) - dbf859ef-0f75-4843-8536-03105c97857a: start FollowerState
2019-09-12 11:40:33,952 [pool-126-thread-1] INFO  util.JmxRegister (JmxRegister.java:tryRegister(44)) - Successfully registered JMX Bean with object name Ratis:service=RaftServer,group=group-2E6DAC8C7E9E,id=dbf859ef-0f75-4843-8536-03105c97857a
2019-09-12 11:40:33,955 [RatisPipelineUtilsThread] INFO  pipeline.PipelineStateManager (PipelineStateManager.java:addPipeline(56)) - Created pipeline Pipeline[ Id: c7142de6-b5bb-4093-8e08-2e6dac8c7e9e, Nodes: dbf859ef-0f75-4843-8536-03105c97857a{ip: 192.168.157.195, host: pr-hdds-1569-xtfnx-3545843844, networkLocation: /default-rack, certSerialId: null}, Type:RATIS, Factor:ONE, State:OPEN]
2019-09-12 11:40:33,955 [RatisPipelineUtilsThread] ERROR pipeline.PipelinePlacementPolicy (PipelinePlacementPolicy.java:meetCriteria(91)) - Pipeline Placement: Doesn't meet the criteria to be viable node. Heaviness: 6
2019-09-12 11:40:33,955 [RatisPipelineUtilsThread] ERROR pipeline.PipelinePlacementPolicy (PipelinePlacementPolicy.java:meetCriteria(91)) - Pipeline Placement: Doesn't meet the criteria to be viable node. Heaviness: 6
2019-09-12 11:40:33,955 [RatisPipelineUtilsThread] ERROR pipeline.PipelinePlacementPolicy (PipelinePlacementPolicy.java:meetCriteria(91)) - Pipeline Placement: Doesn't meet the criteria to be viable node. Heaviness: 6
2019-09-12 11:40:33,955 [RatisPipelineUtilsThread] ERROR pipeline.PipelinePlacementPolicy (PipelinePlacementPolicy.java:meetCriteria(91)) - Pipeline Placement: Doesn't meet the criteria to be viable node. Heaviness: 6
2019-09-12 11:40:33,956 [RatisPipelineUtilsThread] ERROR pipeline.PipelinePlacementPolicy (PipelinePlacementPolicy.java:meetCriteria(91)) - Pipeline Placement: Doesn't meet the criteria to be viable node. Heaviness: 6
2019-09-12 11:40:33,956 [RatisPipelineUtilsThread] ERROR pipeline.PipelinePlacementPolicy (PipelinePlacementPolicy.java:meetCriteria(91)) - Pipeline Placement: Doesn't meet the criteria to be viable node. Heaviness: 6
2019-09-12 11:40:33,956 [RatisPipelineUtilsThread] ERROR pipeline.PipelinePlacementPolicy (PipelinePlacementPolicy.java:meetCriteria(91)) - Pipeline Placement: Doesn't meet the criteria to be viable node. Heaviness: 6
2019-09-12 11:40:33,956 [RatisPipelineUtilsThread] ERROR pipeline.PipelinePlacementPolicy (PipelinePlacementPolicy.java:meetCriteria(91)) - Pipeline Placement: Doesn't meet the criteria to be viable node. Heaviness: 6
2019-09-12 11:40:33,956 [RatisPipelineUtilsThread] ERROR pipeline.PipelinePlacementPolicy (PipelinePlacementPolicy.java:meetCriteria(91)) - Pipeline Placement: Doesn't meet the criteria to be viable node. Heaviness: 6
2019-09-12 11:40:33,961 [grpc-default-executor-0] INFO  impl.RaftServerProxy (RaftServerProxy.java:addNew(89)) - dbf859ef-0f75-4843-8536-03105c97857a: addNew group-C82988315492:[dbf859ef-0f75-4843-8536-03105c97857a:192.168.157.195:35030] returns group-C82988315492:java.util.concurrent.CompletableFuture@66b3d785[Not completed]
2019-09-12 11:40:33,962 [pool-126-thread-1] INFO  impl.RaftServerImpl (RaftServerImpl.java:<init>(93)) - dbf859ef-0f75-4843-8536-03105c97857a: new RaftServerImpl for group-C82988315492:[dbf859ef-0f75-4843-8536-03105c97857a:192.168.157.195:35030] with ContainerStateMachine:uninitialized
2019-09-12 11:40:33,962 [pool-126-thread-1] INFO  server.RaftServerConfigKeys (ConfUtils.java:logGet(43)) - raft.server.rpc.timeout.min = 5s (custom)
2019-09-12 11:40:33,962 [pool-126-thread-1] INFO  server.RaftServerConfigKeys (ConfUtils.java:logGet(43)) - raft.server.rpc.timeout.max = 5200ms (custom)
2019-09-12 11:40:33,963 [pool-126-thread-1] INFO  server.RaftServerConfigKeys (ConfUtils.java:logGet(43)) - raft.server.rpcslowness.timeout = 120s (custom)
2019-09-12 11:40:33,963 [pool-126-thread-1] INFO  server.RaftServerConfigKeys (ConfUtils.java:logGet(43)) - raft.server.sleep.deviation.threshold = 300 (default)
2019-09-12 11:40:33,963 [pool-126-thread-1] INFO  server.RaftServerConfigKeys (ConfUtils.java:logGet(43)) - raft.server.log.appender.install.snapshot.enabled = false (custom)
2019-09-12 11:40:33,963 [pool-126-thread-1] INFO  impl.RaftServerImpl (ServerState.java:<init>(105)) - dbf859ef-0f75-4843-8536-03105c97857a:group-C82988315492 ConfigurationManager, init=-1: [dbf859ef-0f75-4843-8536-03105c97857a:192.168.157.195:35030], old=null, confs=<EMPTY_MAP>
2019-09-12 11:40:33,963 [pool-126-thread-1] INFO  server.RaftServerConfigKeys (ConfUtils.java:logGet(43)) - raft.server.storage.dir = [/workdir/hadoop-ozone/ozonefs/target/test-dir/MiniOzoneClusterImpl-3f0ffa95-bfc9-4a1c-9a47-ff24715a0622/datanode-9/data/ratis] (custom)
2019-09-12 11:40:33,963 [pool-126-thread-1] INFO  storage.RaftStorageDirectory (RaftStorageDirectory.java:analyzeStorage(246)) - The storage directory /workdir/hadoop-ozone/ozonefs/target/test-dir/MiniOzoneClusterImpl-3f0ffa95-bfc9-4a1c-9a47-ff24715a0622/datanode-9/data/ratis/1086e2f7-16dc-4abd-a5c4-c82988315492 does not exist. Creating ...
2019-09-12 11:40:33,975 [pool-126-thread-1] INFO  storage.RaftStorageDirectory (RaftStorageDirectory.java:tryLock(328)) - Lock on /workdir/hadoop-ozone/ozonefs/target/test-dir/MiniOzoneClusterImpl-3f0ffa95-bfc9-4a1c-9a47-ff24715a0622/datanode-9/data/ratis/1086e2f7-16dc-4abd-a5c4-c82988315492/in_use.lock acquired by nodename 26061@pr-hdds-1569-xtfnx-3545843844
2019-09-12 11:40:33,988 [pool-126-thread-1] INFO  storage.RaftStorage (RaftStorage.java:format(72)) - Storage directory /workdir/hadoop-ozone/ozonefs/target/test-dir/MiniOzoneClusterImpl-3f0ffa95-bfc9-4a1c-9a47-ff24715a0622/datanode-9/data/ratis/1086e2f7-16dc-4abd-a5c4-c82988315492 has been successfully formatted.
2019-09-12 11:40:33,988 [pool-126-thread-1] INFO  ratis.ContainerStateMachine (ContainerStateMachine.java:loadSnapshot(226)) - group-C82988315492: The snapshot info is null. Setting the last applied indexto:(t:0, i:~)
2019-09-12 11:40:33,988 [pool-126-thread-1] INFO  server.RaftServerConfigKeys (ConfUtils.java:logGet(43)) - raft.server.leader.election.timeout = 120s (custom)
2019-09-12 11:40:33,988 [pool-126-thread-1] INFO  server.RaftServerConfigKeys (ConfUtils.java:logGet(43)) - raft.server.log.use.memory = false (default)
2019-09-12 11:40:33,988 [pool-126-thread-1] INFO  server.RaftServerConfigKeys (ConfUtils.java:logGet(43)) - raft.server.log.purge.gap = 1000000 (custom)
2019-09-12 11:40:33,988 [pool-126-thread-1] INFO  server.RaftServerConfigKeys (ConfUtils.java:logGet(43)) - raft.server.log.appender.buffer.byte-limit = 33554432 (custom)
2019-09-12 11:40:33,988 [pool-126-thread-1] INFO  server.RaftServerConfigKeys (ConfUtils.java:logGet(43)) - raft.server.log.segment.size.max = 1048576 (custom)
2019-09-12 11:40:33,989 [pool-126-thread-1] INFO  server.RaftServerConfigKeys (ConfUtils.java:logGet(43)) - raft.server.log.segment.cache.num.max = 2 (custom)
2019-09-12 11:40:33,989 [pool-126-thread-1] INFO  segmented.SegmentedRaftLogWorker (SegmentedRaftLogWorker.java:<init>(172)) - new dbf859ef-0f75-4843-8536-03105c97857a-SegmentedRaftLogWorker:Storage Directory /workdir/hadoop-ozone/ozonefs/target/test-dir/MiniOzoneClusterImpl-3f0ffa95-bfc9-4a1c-9a47-ff24715a0622/datanode-9/data/ratis/1086e2f7-16dc-4abd-a5c4-c82988315492 for RaftStorage:Storage Directory /workdir/hadoop-ozone/ozonefs/target/test-dir/MiniOzoneClusterImpl-3f0ffa95-bfc9-4a1c-9a47-ff24715a0622/datanode-9/data/ratis/1086e2f7-16dc-4abd-a5c4-c82988315492
2019-09-12 11:40:33,989 [pool-126-thread-1] INFO  server.RaftServerConfigKeys (ConfUtils.java:logGet(43)) - raft.server.log.queue.byte-limit = 2147483647 (custom)
2019-09-12 11:40:33,989 [pool-126-thread-1] INFO  server.RaftServerConfigKeys (ConfUtils.java:logGet(43)) - raft.server.log.queue.element-limit = 1024 (custom)
2019-09-12 11:40:33,989 [pool-126-thread-1] INFO  server.RaftServerConfigKeys (ConfUtils.java:logGet(43)) - raft.server.log.segment.size.max = 1048576 (custom)
2019-09-12 11:40:33,989 [pool-126-thread-1] INFO  server.RaftServerConfigKeys (ConfUtils.java:logGet(43)) - raft.server.log.preallocated.size = 16384 (custom)
2019-09-12 11:40:33,989 [pool-126-thread-1] INFO  server.RaftServerConfigKeys (ConfUtils.java:logGet(43)) - raft.server.log.write.buffer.size = 33554432 (custom)
2019-09-12 11:40:33,989 [pool-126-thread-1] INFO  server.RaftServerConfigKeys (ConfUtils.java:logGet(43)) - raft.server.log.force.sync.num = 128 (default)
2019-09-12 11:40:33,989 [pool-126-thread-1] INFO  server.RaftServerConfigKeys (ConfUtils.java:logGet(43)) - raft.server.log.statemachine.data.sync = true (default)
2019-09-12 11:40:33,989 [pool-126-thread-1] INFO  server.RaftServerConfigKeys (ConfUtils.java:logGet(43)) - raft.server.log.statemachine.data.sync.timeout = 10s (default)
2019-09-12 11:40:33,990 [pool-126-thread-1] INFO  server.RaftServerConfigKeys (ConfUtils.java:logGet(43)) - raft.server.log.statemachine.data.sync.timeout.retry = -1 (default)
2019-09-12 11:40:33,990 [pool-126-thread-1] INFO  server.RaftServerConfigKeys (ConfUtils.java:logGet(43)) - raft.server.log.statemachine.data.caching.enabled = true (custom)
2019-09-12 11:40:33,990 [pool-126-thread-1] INFO  segmented.SegmentedRaftLogWorker (SegmentedRaftLogWorker.java:lambda$new$0(132)) - dbf859ef-0f75-4843-8536-03105c97857a-SegmentedRaftLogWorker:Storage Directory /workdir/hadoop-ozone/ozonefs/target/test-dir/MiniOzoneClusterImpl-3f0ffa95-bfc9-4a1c-9a47-ff24715a0622/datanode-9/data/ratis/1086e2f7-16dc-4abd-a5c4-c82988315492: flushIndex: setUnconditionally 0 -> -1
2019-09-12 11:40:33,990 [pool-126-thread-1] INFO  server.RaftServerConfigKeys (ConfUtils.java:logGet(43)) - raft.server.snapshot.auto.trigger.enabled = true (custom)
2019-09-12 11:40:33,990 [pool-126-thread-1] INFO  server.RaftServerConfigKeys (ConfUtils.java:logGet(43)) - raft.server.snapshot.auto.trigger.threshold = 10000 (custom)
2019-09-12 11:40:33,990 [pool-126-thread-1] INFO  server.RaftServerConfigKeys (ConfUtils.java:logGet(43)) - raft.server.retrycache.expirytime = 600000ms (custom)
2019-09-12 11:40:33,990 [pool-126-thread-1] INFO  impl.RaftServerImpl (RaftServerImpl.java:start(180)) - dbf859ef-0f75-4843-8536-03105c97857a: start group-C82988315492
2019-09-12 11:40:33,991 [pool-126-thread-1] INFO  impl.RaftServerImpl (RaftServerImpl.java:setRole(171)) - dbf859ef-0f75-4843-8536-03105c97857a:group-C82988315492 changes role from null to FOLLOWER at term 0 for startAsFollower
2019-09-12 11:40:33,991 [pool-126-thread-1] INFO  impl.RoleInfo (RoleInfo.java:updateAndGet(143)) - dbf859ef-0f75-4843-8536-03105c97857a: start FollowerState
2019-09-12 11:40:33,991 [pool-126-thread-1] INFO  util.JmxRegister (JmxRegister.java:tryRegister(44)) - Successfully registered JMX Bean with object name Ratis:service=RaftServer,group=group-C82988315492,id=dbf859ef-0f75-4843-8536-03105c97857a
2019-09-12 11:40:33,993 [RatisPipelineUtilsThread] INFO  pipeline.PipelineStateManager (PipelineStateManager.java:addPipeline(56)) - Created pipeline Pipeline[ Id: 1086e2f7-16dc-4abd-a5c4-c82988315492, Nodes: dbf859ef-0f75-4843-8536-03105c97857a{ip: 192.168.157.195, host: pr-hdds-1569-xtfnx-3545843844, networkLocation: /default-rack, certSerialId: null}, Type:RATIS, Factor:ONE, State:OPEN]
2019-09-12 11:40:33,993 | INFO  | SCMAudit | user=jenkins1000 | ip=192.168.157.195 | op=SEND_HEARTBEAT {datanodeUUID=4255b290-7b6d-420f-97e2-6dfb55690bab, command=[]} | ret=SUCCESS |  
2019-09-12 11:40:33,993 [RatisPipelineUtilsThread] ERROR pipeline.PipelinePlacementPolicy (PipelinePlacementPolicy.java:meetCriteria(91)) - Pipeline Placement: Doesn't meet the criteria to be viable node. Heaviness: 6
2019-09-12 11:40:33,994 [RatisPipelineUtilsThread] ERROR pipeline.PipelinePlacementPolicy (PipelinePlacementPolicy.java:meetCriteria(91)) - Pipeline Placement: Doesn't meet the criteria to be viable node. Heaviness: 6
2019-09-12 11:40:33,994 [RatisPipelineUtilsThread] ERROR pipeline.PipelinePlacementPolicy (PipelinePlacementPolicy.java:meetCriteria(91)) - Pipeline Placement: Doesn't meet the criteria to be viable node. Heaviness: 6
2019-09-12 11:40:33,994 [RatisPipelineUtilsThread] ERROR pipeline.PipelinePlacementPolicy (PipelinePlacementPolicy.java:meetCriteria(91)) - Pipeline Placement: Doesn't meet the criteria to be viable node. Heaviness: 6
2019-09-12 11:40:33,994 [RatisPipelineUtilsThread] ERROR pipeline.PipelinePlacementPolicy (PipelinePlacementPolicy.java:meetCriteria(91)) - Pipeline Placement: Doesn't meet the criteria to be viable node. Heaviness: 6
2019-09-12 11:40:33,994 [RatisPipelineUtilsThread] ERROR pipeline.PipelinePlacementPolicy (PipelinePlacementPolicy.java:meetCriteria(91)) - Pipeline Placement: Doesn't meet the criteria to be viable node. Heaviness: 6
2019-09-12 11:40:33,995 [RatisPipelineUtilsThread] ERROR pipeline.PipelinePlacementPolicy (PipelinePlacementPolicy.java:meetCriteria(91)) - Pipeline Placement: Doesn't meet the criteria to be viable node. Heaviness: 6
2019-09-12 11:40:33,995 [RatisPipelineUtilsThread] ERROR pipeline.PipelinePlacementPolicy (PipelinePlacementPolicy.java:meetCriteria(91)) - Pipeline Placement: Doesn't meet the criteria to be viable node. Heaviness: 6
2019-09-12 11:40:33,995 [RatisPipelineUtilsThread] ERROR pipeline.PipelinePlacementPolicy (PipelinePlacementPolicy.java:meetCriteria(91)) - Pipeline Placement: Doesn't meet the criteria to be viable node. Heaviness: 6
2019-09-12 11:40:33,995 [RatisPipelineUtilsThread] ERROR pipeline.PipelinePlacementPolicy (PipelinePlacementPolicy.java:meetCriteria(91)) - Pipeline Placement: Doesn't meet the criteria to be viable node. Heaviness: 6
2019-09-12 11:40:33,995 [RatisPipelineUtilsThread] ERROR pipeline.PipelinePlacementPolicy (PipelinePlacementPolicy.java:filterViableNodes(146)) - Unable to find enough nodes that meet the criteria that cannot engage in more than 5 pipelines. Nodes required: 1 Found: 0, healthy nodes count inNodeManager: 10.
2019-09-12 11:40:33,997 [RatisPipelineUtilsThread] ERROR pipeline.SCMPipelineManager (SCMPipelineManager.java:createPipeline(161)) - Pipeline creation failed due to exception: Unable to find enough nodes that meet the criteria that cannot engage in more than 5 pipelines. Nodes required: 1 Found: 0, healthy nodes count inNodeManager: 10.
2019-09-12 11:40:33,997 [RatisPipelineUtilsThread] ERROR pipeline.PipelinePlacementPolicy (PipelinePlacementPolicy.java:meetCriteria(91)) - Pipeline Placement: Doesn't meet the criteria to be viable node. Heaviness: 6
2019-09-12 11:40:33,998 [RatisPipelineUtilsThread] ERROR pipeline.PipelinePlacementPolicy (PipelinePlacementPolicy.java:meetCriteria(91)) - Pipeline Placement: Doesn't meet the criteria to be viable node. Heaviness: 6
2019-09-12 11:40:33,998 [RatisPipelineUtilsThread] ERROR pipeline.PipelinePlacementPolicy (PipelinePlacementPolicy.java:meetCriteria(91)) - Pipeline Placement: Doesn't meet the criteria to be viable node. Heaviness: 6
2019-09-12 11:40:33,998 [RatisPipelineUtilsThread] ERROR pipeline.PipelinePlacementPolicy (PipelinePlacementPolicy.java:meetCriteria(91)) - Pipeline Placement: Doesn't meet the criteria to be viable node. Heaviness: 6
2019-09-12 11:40:33,998 [RatisPipelineUtilsThread] ERROR pipeline.PipelinePlacementPolicy (PipelinePlacementPolicy.java:meetCriteria(91)) - Pipeline Placement: Doesn't meet the criteria to be viable node. Heaviness: 6
2019-09-12 11:40:33,998 [RatisPipelineUtilsThread] ERROR pipeline.PipelinePlacementPolicy (PipelinePlacementPolicy.java:meetCriteria(91)) - Pipeline Placement: Doesn't meet the criteria to be viable node. Heaviness: 6
2019-09-12 11:40:33,998 [RatisPipelineUtilsThread] ERROR pipeline.PipelinePlacementPolicy (PipelinePlacementPolicy.java:meetCriteria(91)) - Pipeline Placement: Doesn't meet the criteria to be viable node. Heaviness: 6
2019-09-12 11:40:33,999 [RatisPipelineUtilsThread] ERROR pipeline.PipelinePlacementPolicy (PipelinePlacementPolicy.java:meetCriteria(91)) - Pipeline Placement: Doesn't meet the criteria to be viable node. Heaviness: 6
2019-09-12 11:40:33,999 [RatisPipelineUtilsThread] ERROR pipeline.PipelinePlacementPolicy (PipelinePlacementPolicy.java:meetCriteria(91)) - Pipeline Placement: Doesn't meet the criteria to be viable node. Heaviness: 6
2019-09-12 11:40:33,999 [RatisPipelineUtilsThread] ERROR pipeline.PipelinePlacementPolicy (PipelinePlacementPolicy.java:meetCriteria(91)) - Pipeline Placement: Doesn't meet the criteria to be viable node. Heaviness: 6
2019-09-12 11:40:33,999 [RatisPipelineUtilsThread] ERROR pipeline.PipelinePlacementPolicy (PipelinePlacementPolicy.java:filterViableNodes(146)) - Unable to find enough nodes that meet the criteria that cannot engage in more than 5 pipelines. Nodes required: 3 Found: 0, healthy nodes count inNodeManager: 10.
2019-09-12 11:40:33,999 [RatisPipelineUtilsThread] ERROR pipeline.SCMPipelineManager (SCMPipelineManager.java:createPipeline(161)) - Pipeline creation failed due to exception: Unable to find enough nodes that meet the criteria that cannot engage in more than 5 pipelines. Nodes required: 3 Found: 0, healthy nodes count inNodeManager: 10.
2019-09-12 11:40:34,000 [RatisPipelineUtilsThread] ERROR pipeline.PipelinePlacementPolicy (PipelinePlacementPolicy.java:meetCriteria(91)) - Pipeline Placement: Doesn't meet the criteria to be viable node. Heaviness: 6
2019-09-12 11:40:34,000 [RatisPipelineUtilsThread] ERROR pipeline.PipelinePlacementPolicy (PipelinePlacementPolicy.java:meetCriteria(91)) - Pipeline Placement: Doesn't meet the criteria to be viable node. Heaviness: 6
2019-09-12 11:40:34,000 [RatisPipelineUtilsThread] ERROR pipeline.PipelinePlacementPolicy (PipelinePlacementPolicy.java:meetCriteria(91)) - Pipeline Placement: Doesn't meet the criteria to be viable node. Heaviness: 6
2019-09-12 11:40:34,000 [RatisPipelineUtilsThread] ERROR pipeline.PipelinePlacementPolicy (PipelinePlacementPolicy.java:meetCriteria(91)) - Pipeline Placement: Doesn't meet the criteria to be viable node. Heaviness: 6
2019-09-12 11:40:34,000 [RatisPipelineUtilsThread] ERROR pipeline.PipelinePlacementPolicy (PipelinePlacementPolicy.java:meetCriteria(91)) - Pipeline Placement: Doesn't meet the criteria to be viable node. Heaviness: 6
2019-09-12 11:40:34,000 [RatisPipelineUtilsThread] ERROR pipeline.PipelinePlacementPolicy (PipelinePlacementPolicy.java:meetCriteria(91)) - Pipeline Placement: Doesn't meet the criteria to be viable node. Heaviness: 6
2019-09-12 11:40:34,001 [RatisPipelineUtilsThread] ERROR pipeline.PipelinePlacementPolicy (PipelinePlacementPolicy.java:meetCriteria(91)) - Pipeline Placement: Doesn't meet the criteria to be viable node. Heaviness: 6
2019-09-12 11:40:34,001 [RatisPipelineUtilsThread] ERROR pipeline.PipelinePlacementPolicy (PipelinePlacementPolicy.java:meetCriteria(91)) - Pipeline Placement: Doesn't meet the criteria to be viable node. Heaviness: 6
2019-09-12 11:40:34,001 [RatisPipelineUtilsThread] ERROR pipeline.PipelinePlacementPolicy (PipelinePlacementPolicy.java:meetCriteria(91)) - Pipeline Placement: Doesn't meet the criteria to be viable node. Heaviness: 6
2019-09-12 11:40:34,001 [RatisPipelineUtilsThread] ERROR pipeline.PipelinePlacementPolicy (PipelinePlacementPolicy.java:meetCriteria(91)) - Pipeline Placement: Doesn't meet the criteria to be viable node. Heaviness: 6
2019-09-12 11:40:34,001 [RatisPipelineUtilsThread] ERROR pipeline.PipelinePlacementPolicy (PipelinePlacementPolicy.java:filterViableNodes(146)) - Unable to find enough nodes that meet the criteria that cannot engage in more than 5 pipelines. Nodes required: 1 Found: 0, healthy nodes count inNodeManager: 10.
2019-09-12 11:40:34,001 [RatisPipelineUtilsThread] ERROR pipeline.SCMPipelineManager (SCMPipelineManager.java:createPipeline(161)) - Pipeline creation failed due to exception: Unable to find enough nodes that meet the criteria that cannot engage in more than 5 pipelines. Nodes required: 1 Found: 0, healthy nodes count inNodeManager: 10.
2019-09-12 11:40:34,002 [RatisPipelineUtilsThread] ERROR pipeline.PipelinePlacementPolicy (PipelinePlacementPolicy.java:meetCriteria(91)) - Pipeline Placement: Doesn't meet the criteria to be viable node. Heaviness: 6
2019-09-12 11:40:34,002 [RatisPipelineUtilsThread] ERROR pipeline.PipelinePlacementPolicy (PipelinePlacementPolicy.java:meetCriteria(91)) - Pipeline Placement: Doesn't meet the criteria to be viable node. Heaviness: 6
2019-09-12 11:40:34,002 [RatisPipelineUtilsThread] ERROR pipeline.PipelinePlacementPolicy (PipelinePlacementPolicy.java:meetCriteria(91)) - Pipeline Placement: Doesn't meet the criteria to be viable node. Heaviness: 6
2019-09-12 11:40:34,002 [RatisPipelineUtilsThread] ERROR pipeline.PipelinePlacementPolicy (PipelinePlacementPolicy.java:meetCriteria(91)) - Pipeline Placement: Doesn't meet the criteria to be viable node. Heaviness: 6
2019-09-12 11:40:34,002 [RatisPipelineUtilsThread] ERROR pipeline.PipelinePlacementPolicy (PipelinePlacementPolicy.java:meetCriteria(91)) - Pipeline Placement: Doesn't meet the criteria to be viable node. Heaviness: 6
2019-09-12 11:40:34,002 [RatisPipelineUtilsThread] ERROR pipeline.PipelinePlacementPolicy (PipelinePlacementPolicy.java:meetCriteria(91)) - Pipeline Placement: Doesn't meet the criteria to be viable node. Heaviness: 6
2019-09-12 11:40:34,003 [RatisPipelineUtilsThread] ERROR pipeline.PipelinePlacementPolicy (PipelinePlacementPolicy.java:meetCriteria(91)) - Pipeline Placement: Doesn't meet the criteria to be viable node. Heaviness: 6
2019-09-12 11:40:34,003 [RatisPipelineUtilsThread] ERROR pipeline.PipelinePlacementPolicy (PipelinePlacementPolicy.java:meetCriteria(91)) - Pipeline Placement: Doesn't meet the criteria to be viable node. Heaviness: 6
2019-09-12 11:40:34,003 [RatisPipelineUtilsThread] ERROR pipeline.PipelinePlacementPolicy (PipelinePlacementPolicy.java:meetCriteria(91)) - Pipeline Placement: Doesn't meet the criteria to be viable node. Heaviness: 6
2019-09-12 11:40:34,003 [RatisPipelineUtilsThread] ERROR pipeline.PipelinePlacementPolicy (PipelinePlacementPolicy.java:meetCriteria(91)) - Pipeline Placement: Doesn't meet the criteria to be viable node. Heaviness: 6
2019-09-12 11:40:34,003 [RatisPipelineUtilsThread] ERROR pipeline.PipelinePlacementPolicy (PipelinePlacementPolicy.java:filterViableNodes(146)) - Unable to find enough nodes that meet the criteria that cannot engage in more than 5 pipelines. Nodes required: 3 Found: 0, healthy nodes count inNodeManager: 10.
2019-09-12 11:40:34,003 [RatisPipelineUtilsThread] ERROR pipeline.SCMPipelineManager (SCMPipelineManager.java:createPipeline(161)) - Pipeline creation failed due to exception: Unable to find enough nodes that meet the criteria that cannot engage in more than 5 pipelines. Nodes required: 3 Found: 0, healthy nodes count inNodeManager: 10.
2019-09-12 11:40:34,216 | INFO  | SCMAudit | user=jenkins1000 | ip=192.168.157.195 | op=SEND_HEARTBEAT {datanodeUUID=8668900b-06f4-40f9-8926-68eb6348aa5d, command=[]} | ret=SUCCESS |  
2019-09-12 11:40:34,306 | INFO  | SCMAudit | user=jenkins1000 | ip=192.168.157.195 | op=SEND_HEARTBEAT {datanodeUUID=5d0352ef-d446-4a04-a69e-b6b493d47759, command=[]} | ret=SUCCESS |  
2019-09-12 11:40:34,408 | INFO  | SCMAudit | user=jenkins1000 | ip=192.168.157.195 | op=SEND_HEARTBEAT {datanodeUUID=b5e361a7-9275-4b10-aa61-1d8677ab7c49, command=[]} | ret=SUCCESS |  
2019-09-12 11:40:34,495 | INFO  | SCMAudit | user=jenkins1000 | ip=192.168.157.195 | op=SEND_HEARTBEAT {datanodeUUID=f17fb2fb-971d-416e-b1f4-66e23bc05d05, command=[]} | ret=SUCCESS |  
2019-09-12 11:40:34,511 | INFO  | SCMAudit | user=jenkins1000 | ip=192.168.157.195 | op=SEND_HEARTBEAT {datanodeUUID=ef411258-a662-4696-ba26-405a55c9a048, command=[]} | ret=SUCCESS |  
2019-09-12 11:40:34,602 | INFO  | SCMAudit | user=jenkins1000 | ip=192.168.157.195 | op=SEND_HEARTBEAT {datanodeUUID=2da31971-fd5c-4baf-8dfe-b6048362baf8, command=[]} | ret=SUCCESS |  
2019-09-12 11:40:34,652 | INFO  | SCMAudit | user=jenkins1000 | ip=192.168.157.195 | op=SEND_HEARTBEAT {datanodeUUID=dbf859ef-0f75-4843-8536-03105c97857a, command=[]} | ret=SUCCESS |  
2019-09-12 11:40:34,748 | INFO  | SCMAudit | user=jenkins1000 | ip=192.168.157.195 | op=SEND_HEARTBEAT {datanodeUUID=875e3d5e-0813-40b8-b024-43837dd2f6d5, command=[]} | ret=SUCCESS |  
2019-09-12 11:40:34,919 | INFO  | SCMAudit | user=jenkins1000 | ip=192.168.157.195 | op=SEND_HEARTBEAT {datanodeUUID=abc6f9f9-8862-43ee-ac13-b67e1574492b, command=[]} | ret=SUCCESS |  
2019-09-12 11:40:34,994 | INFO  | SCMAudit | user=jenkins1000 | ip=192.168.157.195 | op=SEND_HEARTBEAT {datanodeUUID=4255b290-7b6d-420f-97e2-6dfb55690bab, command=[]} | ret=SUCCESS |  
2019-09-12 11:40:35,144 [Thread-284] INFO  impl.FollowerState (FollowerState.java:run(106)) - 5d0352ef-d446-4a04-a69e-b6b493d47759:group-A2BA0A5B9FFA changes to CANDIDATE, lastRpcTime:5175, electionTimeout:5174ms
2019-09-12 11:40:35,145 [Thread-284] INFO  impl.RoleInfo (RoleInfo.java:shutdownFollowerState(121)) - 5d0352ef-d446-4a04-a69e-b6b493d47759: shutdown FollowerState
2019-09-12 11:40:35,145 [Thread-284] INFO  impl.RaftServerImpl (RaftServerImpl.java:setRole(171)) - 5d0352ef-d446-4a04-a69e-b6b493d47759:group-A2BA0A5B9FFA changes role from FOLLOWER to CANDIDATE at term 0 for changeToCandidate
2019-09-12 11:40:35,147 [Thread-284] INFO  impl.RoleInfo (RoleInfo.java:updateAndGet(143)) - 5d0352ef-d446-4a04-a69e-b6b493d47759: start LeaderElection
2019-09-12 11:40:35,217 | INFO  | SCMAudit | user=jenkins1000 | ip=192.168.157.195 | op=SEND_HEARTBEAT {datanodeUUID=8668900b-06f4-40f9-8926-68eb6348aa5d, command=[]} | ret=SUCCESS |  
2019-09-12 11:40:35,258 [Thread-287] INFO  impl.FollowerState (FollowerState.java:run(106)) - 2da31971-fd5c-4baf-8dfe-b6048362baf8:group-0EDD090DB3D3 changes to CANDIDATE, lastRpcTime:5053, electionTimeout:5051ms
2019-09-12 11:40:35,262 [Thread-287] INFO  impl.RoleInfo (RoleInfo.java:shutdownFollowerState(121)) - 2da31971-fd5c-4baf-8dfe-b6048362baf8: shutdown FollowerState
2019-09-12 11:40:35,262 [Thread-287] INFO  impl.RaftServerImpl (RaftServerImpl.java:setRole(171)) - 2da31971-fd5c-4baf-8dfe-b6048362baf8:group-0EDD090DB3D3 changes role from FOLLOWER to CANDIDATE at term 0 for changeToCandidate
2019-09-12 11:40:35,262 [Thread-287] INFO  impl.RoleInfo (RoleInfo.java:updateAndGet(143)) - 2da31971-fd5c-4baf-8dfe-b6048362baf8: start LeaderElection
2019-09-12 11:40:35,306 | INFO  | SCMAudit | user=jenkins1000 | ip=192.168.157.195 | op=SEND_HEARTBEAT {datanodeUUID=5d0352ef-d446-4a04-a69e-b6b493d47759, command=[]} | ret=SUCCESS |  
2019-09-12 11:40:35,351 [Thread-290] INFO  impl.FollowerState (FollowerState.java:run(106)) - f17fb2fb-971d-416e-b1f4-66e23bc05d05:group-D0D556A80E52 changes to CANDIDATE, lastRpcTime:5035, electionTimeout:5035ms
2019-09-12 11:40:35,351 [Thread-290] INFO  impl.RoleInfo (RoleInfo.java:shutdownFollowerState(121)) - f17fb2fb-971d-416e-b1f4-66e23bc05d05: shutdown FollowerState
2019-09-12 11:40:35,351 [Thread-290] INFO  impl.RaftServerImpl (RaftServerImpl.java:setRole(171)) - f17fb2fb-971d-416e-b1f4-66e23bc05d05:group-D0D556A80E52 changes role from FOLLOWER to CANDIDATE at term 0 for changeToCandidate
2019-09-12 11:40:35,351 [Thread-290] INFO  impl.RoleInfo (RoleInfo.java:updateAndGet(143)) - f17fb2fb-971d-416e-b1f4-66e23bc05d05: start LeaderElection
2019-09-12 11:40:35,409 | INFO  | SCMAudit | user=jenkins1000 | ip=192.168.157.195 | op=SEND_HEARTBEAT {datanodeUUID=b5e361a7-9275-4b10-aa61-1d8677ab7c49, command=[]} | ret=SUCCESS |  
2019-09-12 11:40:35,447 [2da31971-fd5c-4baf-8dfe-b6048362baf8:group-0EDD090DB3D3:LeaderElection2] INFO  impl.LeaderElection (LeaderElection.java:askForVotes(181)) - 2da31971-fd5c-4baf-8dfe-b6048362baf8:group-0EDD090DB3D3:LeaderElection2: begin an election at term 1 for -1: [2da31971-fd5c-4baf-8dfe-b6048362baf8:192.168.157.195:36166], old=null
2019-09-12 11:40:35,447 [5d0352ef-d446-4a04-a69e-b6b493d47759:group-A2BA0A5B9FFA:LeaderElection1] INFO  impl.LeaderElection (LeaderElection.java:askForVotes(181)) - 5d0352ef-d446-4a04-a69e-b6b493d47759:group-A2BA0A5B9FFA:LeaderElection1: begin an election at term 1 for -1: [5d0352ef-d446-4a04-a69e-b6b493d47759:192.168.157.195:35104], old=null
2019-09-12 11:40:35,447 [f17fb2fb-971d-416e-b1f4-66e23bc05d05:group-D0D556A80E52:LeaderElection3] INFO  impl.LeaderElection (LeaderElection.java:askForVotes(181)) - f17fb2fb-971d-416e-b1f4-66e23bc05d05:group-D0D556A80E52:LeaderElection3: begin an election at term 1 for -1: [f17fb2fb-971d-416e-b1f4-66e23bc05d05:192.168.157.195:35862], old=null
2019-09-12 11:40:35,465 [2da31971-fd5c-4baf-8dfe-b6048362baf8:group-0EDD090DB3D3:LeaderElection2] INFO  impl.RoleInfo (RoleInfo.java:shutdownLeaderElection(134)) - 2da31971-fd5c-4baf-8dfe-b6048362baf8: shutdown LeaderElection
2019-09-12 11:40:35,465 [f17fb2fb-971d-416e-b1f4-66e23bc05d05:group-D0D556A80E52:LeaderElection3] INFO  impl.RoleInfo (RoleInfo.java:shutdownLeaderElection(134)) - f17fb2fb-971d-416e-b1f4-66e23bc05d05: shutdown LeaderElection
2019-09-12 11:40:35,465 [5d0352ef-d446-4a04-a69e-b6b493d47759:group-A2BA0A5B9FFA:LeaderElection1] INFO  impl.RoleInfo (RoleInfo.java:shutdownLeaderElection(134)) - 5d0352ef-d446-4a04-a69e-b6b493d47759: shutdown LeaderElection
2019-09-12 11:40:35,466 [f17fb2fb-971d-416e-b1f4-66e23bc05d05:group-D0D556A80E52:LeaderElection3] INFO  impl.RaftServerImpl (RaftServerImpl.java:setRole(171)) - f17fb2fb-971d-416e-b1f4-66e23bc05d05:group-D0D556A80E52 changes role from CANDIDATE to LEADER at term 1 for changeToLeader
2019-09-12 11:40:35,466 [5d0352ef-d446-4a04-a69e-b6b493d47759:group-A2BA0A5B9FFA:LeaderElection1] INFO  impl.RaftServerImpl (RaftServerImpl.java:setRole(171)) - 5d0352ef-d446-4a04-a69e-b6b493d47759:group-A2BA0A5B9FFA changes role from CANDIDATE to LEADER at term 1 for changeToLeader
2019-09-12 11:40:35,466 [2da31971-fd5c-4baf-8dfe-b6048362baf8:group-0EDD090DB3D3:LeaderElection2] INFO  impl.RaftServerImpl (RaftServerImpl.java:setRole(171)) - 2da31971-fd5c-4baf-8dfe-b6048362baf8:group-0EDD090DB3D3 changes role from CANDIDATE to LEADER at term 1 for changeToLeader
2019-09-12 11:40:35,467 [5d0352ef-d446-4a04-a69e-b6b493d47759:group-A2BA0A5B9FFA:LeaderElection1] INFO  impl.RaftServerImpl (ServerState.java:setLeader(263)) - 5d0352ef-d446-4a04-a69e-b6b493d47759:group-A2BA0A5B9FFA change Leader from null to 5d0352ef-d446-4a04-a69e-b6b493d47759 at term 1 for becomeLeader, leader elected after 5586ms
2019-09-12 11:40:35,467 [f17fb2fb-971d-416e-b1f4-66e23bc05d05:group-D0D556A80E52:LeaderElection3] INFO  impl.RaftServerImpl (ServerState.java:setLeader(263)) - f17fb2fb-971d-416e-b1f4-66e23bc05d05:group-D0D556A80E52 change Leader from null to f17fb2fb-971d-416e-b1f4-66e23bc05d05 at term 1 for becomeLeader, leader elected after 5160ms
2019-09-12 11:40:35,467 [2da31971-fd5c-4baf-8dfe-b6048362baf8:group-0EDD090DB3D3:LeaderElection2] INFO  impl.RaftServerImpl (ServerState.java:setLeader(263)) - 2da31971-fd5c-4baf-8dfe-b6048362baf8:group-0EDD090DB3D3 change Leader from null to 2da31971-fd5c-4baf-8dfe-b6048362baf8 at term 1 for becomeLeader, leader elected after 5271ms
2019-09-12 11:40:35,480 [5d0352ef-d446-4a04-a69e-b6b493d47759:group-A2BA0A5B9FFA:LeaderElection1] INFO  server.RaftServerConfigKeys (ConfUtils.java:logGet(43)) - raft.server.staging.catchup.gap = 1000 (default)
2019-09-12 11:40:35,480 [f17fb2fb-971d-416e-b1f4-66e23bc05d05:group-D0D556A80E52:LeaderElection3] INFO  server.RaftServerConfigKeys (ConfUtils.java:logGet(43)) - raft.server.staging.catchup.gap = 1000 (default)
2019-09-12 11:40:35,480 [2da31971-fd5c-4baf-8dfe-b6048362baf8:group-0EDD090DB3D3:LeaderElection2] INFO  server.RaftServerConfigKeys (ConfUtils.java:logGet(43)) - raft.server.staging.catchup.gap = 1000 (default)
2019-09-12 11:40:35,481 [f17fb2fb-971d-416e-b1f4-66e23bc05d05:group-D0D556A80E52:LeaderElection3] INFO  server.RaftServerConfigKeys (ConfUtils.java:logGet(43)) - raft.server.rpc.sleep.time = 25ms (default)
2019-09-12 11:40:35,481 [5d0352ef-d446-4a04-a69e-b6b493d47759:group-A2BA0A5B9FFA:LeaderElection1] INFO  server.RaftServerConfigKeys (ConfUtils.java:logGet(43)) - raft.server.rpc.sleep.time = 25ms (default)
2019-09-12 11:40:35,481 [2da31971-fd5c-4baf-8dfe-b6048362baf8:group-0EDD090DB3D3:LeaderElection2] INFO  server.RaftServerConfigKeys (ConfUtils.java:logGet(43)) - raft.server.rpc.sleep.time = 25ms (default)
2019-09-12 11:40:35,485 [5d0352ef-d446-4a04-a69e-b6b493d47759:group-A2BA0A5B9FFA:LeaderElection1] INFO  server.RaftServerConfigKeys (ConfUtils.java:logGet(43)) - raft.server.write.element-limit = 4096 (default)
2019-09-12 11:40:35,485 [2da31971-fd5c-4baf-8dfe-b6048362baf8:group-0EDD090DB3D3:LeaderElection2] INFO  server.RaftServerConfigKeys (ConfUtils.java:logGet(43)) - raft.server.write.element-limit = 4096 (default)
2019-09-12 11:40:35,485 [f17fb2fb-971d-416e-b1f4-66e23bc05d05:group-D0D556A80E52:LeaderElection3] INFO  server.RaftServerConfigKeys (ConfUtils.java:logGet(43)) - raft.server.write.element-limit = 4096 (default)
2019-09-12 11:40:35,488 [5d0352ef-d446-4a04-a69e-b6b493d47759:group-A2BA0A5B9FFA:LeaderElection1] INFO  server.RaftServerConfigKeys (ConfUtils.java:logGet(43)) - raft.server.watch.timeout = 10s (default)
2019-09-12 11:40:35,488 [2da31971-fd5c-4baf-8dfe-b6048362baf8:group-0EDD090DB3D3:LeaderElection2] INFO  server.RaftServerConfigKeys (ConfUtils.java:logGet(43)) - raft.server.watch.timeout = 10s (default)
2019-09-12 11:40:35,488 [5d0352ef-d446-4a04-a69e-b6b493d47759:group-A2BA0A5B9FFA:LeaderElection1] INFO  server.RaftServerConfigKeys (ConfUtils.java:logGet(43)) - raft.server.watch.timeout.denomination = 1s (default)
2019-09-12 11:40:35,488 [f17fb2fb-971d-416e-b1f4-66e23bc05d05:group-D0D556A80E52:LeaderElection3] INFO  server.RaftServerConfigKeys (ConfUtils.java:logGet(43)) - raft.server.watch.timeout = 10s (default)
2019-09-12 11:40:35,488 [2da31971-fd5c-4baf-8dfe-b6048362baf8:group-0EDD090DB3D3:LeaderElection2] INFO  server.RaftServerConfigKeys (ConfUtils.java:logGet(43)) - raft.server.watch.timeout.denomination = 1s (default)
2019-09-12 11:40:35,489 [f17fb2fb-971d-416e-b1f4-66e23bc05d05:group-D0D556A80E52:LeaderElection3] INFO  server.RaftServerConfigKeys (ConfUtils.java:logGet(43)) - raft.server.watch.timeout.denomination = 1s (default)
2019-09-12 11:40:35,489 [5d0352ef-d446-4a04-a69e-b6b493d47759:group-A2BA0A5B9FFA:LeaderElection1] INFO  server.RaftServerConfigKeys (ConfUtils.java:logGet(43)) - raft.server.watch.element-limit = 65536 (default)
2019-09-12 11:40:35,489 [2da31971-fd5c-4baf-8dfe-b6048362baf8:group-0EDD090DB3D3:LeaderElection2] INFO  server.RaftServerConfigKeys (ConfUtils.java:logGet(43)) - raft.server.watch.element-limit = 65536 (default)
2019-09-12 11:40:35,490 [f17fb2fb-971d-416e-b1f4-66e23bc05d05:group-D0D556A80E52:LeaderElection3] INFO  server.RaftServerConfigKeys (ConfUtils.java:logGet(43)) - raft.server.watch.element-limit = 65536 (default)
2019-09-12 11:40:35,502 | INFO  | SCMAudit | user=jenkins1000 | ip=192.168.157.195 | op=SEND_HEARTBEAT {datanodeUUID=f17fb2fb-971d-416e-b1f4-66e23bc05d05, command=[]} | ret=SUCCESS |  
2019-09-12 11:40:35,508 [Thread-293] INFO  impl.FollowerState (FollowerState.java:run(106)) - 8668900b-06f4-40f9-8926-68eb6348aa5d:group-CC705835F635 changes to CANDIDATE, lastRpcTime:5102, electionTimeout:5102ms
2019-09-12 11:40:35,509 [Thread-293] INFO  impl.RoleInfo (RoleInfo.java:shutdownFollowerState(121)) - 8668900b-06f4-40f9-8926-68eb6348aa5d: shutdown FollowerState
2019-09-12 11:40:35,509 [Thread-293] INFO  impl.RaftServerImpl (RaftServerImpl.java:setRole(171)) - 8668900b-06f4-40f9-8926-68eb6348aa5d:group-CC705835F635 changes role from FOLLOWER to CANDIDATE at term 0 for changeToCandidate
2019-09-12 11:40:35,509 [Thread-293] INFO  impl.RoleInfo (RoleInfo.java:updateAndGet(143)) - 8668900b-06f4-40f9-8926-68eb6348aa5d: start LeaderElection
2019-09-12 11:40:35,517 [2da31971-fd5c-4baf-8dfe-b6048362baf8:group-0EDD090DB3D3:LeaderElection2] INFO  impl.RoleInfo (RoleInfo.java:updateAndGet(143)) - 2da31971-fd5c-4baf-8dfe-b6048362baf8: start LeaderState
2019-09-12 11:40:35,517 [f17fb2fb-971d-416e-b1f4-66e23bc05d05:group-D0D556A80E52:LeaderElection3] INFO  impl.RoleInfo (RoleInfo.java:updateAndGet(143)) - f17fb2fb-971d-416e-b1f4-66e23bc05d05: start LeaderState
2019-09-12 11:40:35,518 | INFO  | SCMAudit | user=jenkins1000 | ip=192.168.157.195 | op=SEND_HEARTBEAT {datanodeUUID=ef411258-a662-4696-ba26-405a55c9a048, command=[]} | ret=SUCCESS |  
2019-09-12 11:40:35,517 [5d0352ef-d446-4a04-a69e-b6b493d47759:group-A2BA0A5B9FFA:LeaderElection1] INFO  impl.RoleInfo (RoleInfo.java:updateAndGet(143)) - 5d0352ef-d446-4a04-a69e-b6b493d47759: start LeaderState
2019-09-12 11:40:35,541 [8668900b-06f4-40f9-8926-68eb6348aa5d:group-CC705835F635:LeaderElection4] INFO  impl.LeaderElection (LeaderElection.java:askForVotes(181)) - 8668900b-06f4-40f9-8926-68eb6348aa5d:group-CC705835F635:LeaderElection4: begin an election at term 1 for -1: [8668900b-06f4-40f9-8926-68eb6348aa5d:192.168.157.195:38608], old=null
2019-09-12 11:40:35,541 [8668900b-06f4-40f9-8926-68eb6348aa5d:group-CC705835F635:LeaderElection4] INFO  impl.RoleInfo (RoleInfo.java:shutdownLeaderElection(134)) - 8668900b-06f4-40f9-8926-68eb6348aa5d: shutdown LeaderElection
2019-09-12 11:40:35,541 [8668900b-06f4-40f9-8926-68eb6348aa5d:group-CC705835F635:LeaderElection4] INFO  impl.RaftServerImpl (RaftServerImpl.java:setRole(171)) - 8668900b-06f4-40f9-8926-68eb6348aa5d:group-CC705835F635 changes role from CANDIDATE to LEADER at term 1 for changeToLeader
2019-09-12 11:40:35,541 [8668900b-06f4-40f9-8926-68eb6348aa5d:group-CC705835F635:LeaderElection4] INFO  impl.RaftServerImpl (ServerState.java:setLeader(263)) - 8668900b-06f4-40f9-8926-68eb6348aa5d:group-CC705835F635 change Leader from null to 8668900b-06f4-40f9-8926-68eb6348aa5d at term 1 for becomeLeader, leader elected after 5140ms
2019-09-12 11:40:35,541 [8668900b-06f4-40f9-8926-68eb6348aa5d:group-CC705835F635:LeaderElection4] INFO  server.RaftServerConfigKeys (ConfUtils.java:logGet(43)) - raft.server.staging.catchup.gap = 1000 (default)
2019-09-12 11:40:35,542 [8668900b-06f4-40f9-8926-68eb6348aa5d:group-CC705835F635:LeaderElection4] INFO  server.RaftServerConfigKeys (ConfUtils.java:logGet(43)) - raft.server.rpc.sleep.time = 25ms (default)
2019-09-12 11:40:35,542 [8668900b-06f4-40f9-8926-68eb6348aa5d:group-CC705835F635:LeaderElection4] INFO  server.RaftServerConfigKeys (ConfUtils.java:logGet(43)) - raft.server.write.element-limit = 4096 (default)
2019-09-12 11:40:35,542 [8668900b-06f4-40f9-8926-68eb6348aa5d:group-CC705835F635:LeaderElection4] INFO  server.RaftServerConfigKeys (ConfUtils.java:logGet(43)) - raft.server.watch.timeout = 10s (default)
2019-09-12 11:40:35,542 [8668900b-06f4-40f9-8926-68eb6348aa5d:group-CC705835F635:LeaderElection4] INFO  server.RaftServerConfigKeys (ConfUtils.java:logGet(43)) - raft.server.watch.timeout.denomination = 1s (default)
2019-09-12 11:40:35,542 [8668900b-06f4-40f9-8926-68eb6348aa5d:group-CC705835F635:LeaderElection4] INFO  server.RaftServerConfigKeys (ConfUtils.java:logGet(43)) - raft.server.watch.element-limit = 65536 (default)
2019-09-12 11:40:35,543 [8668900b-06f4-40f9-8926-68eb6348aa5d:group-CC705835F635:LeaderElection4] INFO  impl.RoleInfo (RoleInfo.java:updateAndGet(143)) - 8668900b-06f4-40f9-8926-68eb6348aa5d: start LeaderState
2019-09-12 11:40:35,543 [2da31971-fd5c-4baf-8dfe-b6048362baf8:group-0EDD090DB3D3:LeaderElection2] INFO  segmented.SegmentedRaftLogWorker (SegmentedRaftLogWorker.java:startLogSegment(380)) - 2da31971-fd5c-4baf-8dfe-b6048362baf8-SegmentedRaftLogWorker:Storage Directory /workdir/hadoop-ozone/ozonefs/target/test-dir/MiniOzoneClusterImpl-3f0ffa95-bfc9-4a1c-9a47-ff24715a0622/datanode-1/data/ratis/19e2168b-2ba1-4faa-9c2a-0edd090db3d3: Starting segment from index:0
2019-09-12 11:40:35,543 [8668900b-06f4-40f9-8926-68eb6348aa5d:group-CC705835F635:LeaderElection4] INFO  segmented.SegmentedRaftLogWorker (SegmentedRaftLogWorker.java:startLogSegment(380)) - 8668900b-06f4-40f9-8926-68eb6348aa5d-SegmentedRaftLogWorker:Storage Directory /workdir/hadoop-ozone/ozonefs/target/test-dir/MiniOzoneClusterImpl-3f0ffa95-bfc9-4a1c-9a47-ff24715a0622/datanode-7/data/ratis/9727e428-38de-4c66-98cf-cc705835f635: Starting segment from index:0
2019-09-12 11:40:35,543 [5d0352ef-d446-4a04-a69e-b6b493d47759:group-A2BA0A5B9FFA:LeaderElection1] INFO  segmented.SegmentedRaftLogWorker (SegmentedRaftLogWorker.java:startLogSegment(380)) - 5d0352ef-d446-4a04-a69e-b6b493d47759-SegmentedRaftLogWorker:Storage Directory /workdir/hadoop-ozone/ozonefs/target/test-dir/MiniOzoneClusterImpl-3f0ffa95-bfc9-4a1c-9a47-ff24715a0622/datanode-0/data/ratis/c4edf266-8006-4d40-b434-a2ba0a5b9ffa: Starting segment from index:0
2019-09-12 11:40:35,543 [f17fb2fb-971d-416e-b1f4-66e23bc05d05:group-D0D556A80E52:LeaderElection3] INFO  segmented.SegmentedRaftLogWorker (SegmentedRaftLogWorker.java:startLogSegment(380)) - f17fb2fb-971d-416e-b1f4-66e23bc05d05-SegmentedRaftLogWorker:Storage Directory /workdir/hadoop-ozone/ozonefs/target/test-dir/MiniOzoneClusterImpl-3f0ffa95-bfc9-4a1c-9a47-ff24715a0622/datanode-3/data/ratis/45a80931-55e1-4d04-bc7f-d0d556a80e52: Starting segment from index:0
2019-09-12 11:40:35,547 [Thread-296] INFO  impl.FollowerState (FollowerState.java:run(106)) - 5d0352ef-d446-4a04-a69e-b6b493d47759:group-BED454A870BB changes to CANDIDATE, lastRpcTime:5042, electionTimeout:5042ms
2019-09-12 11:40:35,548 [Thread-296] INFO  impl.RoleInfo (RoleInfo.java:shutdownFollowerState(121)) - 5d0352ef-d446-4a04-a69e-b6b493d47759: shutdown FollowerState
2019-09-12 11:40:35,548 [Thread-296] INFO  impl.RaftServerImpl (RaftServerImpl.java:setRole(171)) - 5d0352ef-d446-4a04-a69e-b6b493d47759:group-BED454A870BB changes role from FOLLOWER to CANDIDATE at term 0 for changeToCandidate
2019-09-12 11:40:35,548 [Thread-296] INFO  impl.RoleInfo (RoleInfo.java:updateAndGet(143)) - 5d0352ef-d446-4a04-a69e-b6b493d47759: start LeaderElection
2019-09-12 11:40:35,561 [5d0352ef-d446-4a04-a69e-b6b493d47759:group-A2BA0A5B9FFA:LeaderElection1] INFO  impl.RaftServerImpl (ServerState.java:setRaftConf(361)) - 5d0352ef-d446-4a04-a69e-b6b493d47759:group-A2BA0A5B9FFA set configuration 0: [5d0352ef-d446-4a04-a69e-b6b493d47759:192.168.157.195:35104], old=null at 0
2019-09-12 11:40:35,561 [2da31971-fd5c-4baf-8dfe-b6048362baf8:group-0EDD090DB3D3:LeaderElection2] INFO  impl.RaftServerImpl (ServerState.java:setRaftConf(361)) - 2da31971-fd5c-4baf-8dfe-b6048362baf8:group-0EDD090DB3D3 set configuration 0: [2da31971-fd5c-4baf-8dfe-b6048362baf8:192.168.157.195:36166], old=null at 0
2019-09-12 11:40:35,561 [f17fb2fb-971d-416e-b1f4-66e23bc05d05:group-D0D556A80E52:LeaderElection3] INFO  impl.RaftServerImpl (ServerState.java:setRaftConf(361)) - f17fb2fb-971d-416e-b1f4-66e23bc05d05:group-D0D556A80E52 set configuration 0: [f17fb2fb-971d-416e-b1f4-66e23bc05d05:192.168.157.195:35862], old=null at 0
2019-09-12 11:40:35,561 [8668900b-06f4-40f9-8926-68eb6348aa5d:group-CC705835F635:LeaderElection4] INFO  impl.RaftServerImpl (ServerState.java:setRaftConf(361)) - 8668900b-06f4-40f9-8926-68eb6348aa5d:group-CC705835F635 set configuration 0: [8668900b-06f4-40f9-8926-68eb6348aa5d:192.168.157.195:38608], old=null at 0
2019-09-12 11:40:35,573 [5d0352ef-d446-4a04-a69e-b6b493d47759:group-BED454A870BB:LeaderElection5] INFO  impl.LeaderElection (LeaderElection.java:askForVotes(181)) - 5d0352ef-d446-4a04-a69e-b6b493d47759:group-BED454A870BB:LeaderElection5: begin an election at term 1 for -1: [5d0352ef-d446-4a04-a69e-b6b493d47759:192.168.157.195:35104], old=null
2019-09-12 11:40:35,573 [5d0352ef-d446-4a04-a69e-b6b493d47759:group-BED454A870BB:LeaderElection5] INFO  impl.RoleInfo (RoleInfo.java:shutdownLeaderElection(134)) - 5d0352ef-d446-4a04-a69e-b6b493d47759: shutdown LeaderElection
2019-09-12 11:40:35,573 [5d0352ef-d446-4a04-a69e-b6b493d47759:group-BED454A870BB:LeaderElection5] INFO  impl.RaftServerImpl (RaftServerImpl.java:setRole(171)) - 5d0352ef-d446-4a04-a69e-b6b493d47759:group-BED454A870BB changes role from CANDIDATE to LEADER at term 1 for changeToLeader
2019-09-12 11:40:35,573 [5d0352ef-d446-4a04-a69e-b6b493d47759:group-BED454A870BB:LeaderElection5] INFO  impl.RaftServerImpl (ServerState.java:setLeader(263)) - 5d0352ef-d446-4a04-a69e-b6b493d47759:group-BED454A870BB change Leader from null to 5d0352ef-d446-4a04-a69e-b6b493d47759 at term 1 for becomeLeader, leader elected after 5073ms
2019-09-12 11:40:35,574 [5d0352ef-d446-4a04-a69e-b6b493d47759:group-BED454A870BB:LeaderElection5] INFO  server.RaftServerConfigKeys (ConfUtils.java:logGet(43)) - raft.server.staging.catchup.gap = 1000 (default)
2019-09-12 11:40:35,574 [5d0352ef-d446-4a04-a69e-b6b493d47759:group-BED454A870BB:LeaderElection5] INFO  server.RaftServerConfigKeys (ConfUtils.java:logGet(43)) - raft.server.rpc.sleep.time = 25ms (default)
2019-09-12 11:40:35,574 [5d0352ef-d446-4a04-a69e-b6b493d47759:group-BED454A870BB:LeaderElection5] INFO  server.RaftServerConfigKeys (ConfUtils.java:logGet(43)) - raft.server.write.element-limit = 4096 (default)
2019-09-12 11:40:35,574 [5d0352ef-d446-4a04-a69e-b6b493d47759:group-BED454A870BB:LeaderElection5] INFO  server.RaftServerConfigKeys (ConfUtils.java:logGet(43)) - raft.server.watch.timeout = 10s (default)
2019-09-12 11:40:35,575 [5d0352ef-d446-4a04-a69e-b6b493d47759:group-BED454A870BB:LeaderElection5] INFO  server.RaftServerConfigKeys (ConfUtils.java:logGet(43)) - raft.server.watch.timeout.denomination = 1s (default)
2019-09-12 11:40:35,575 [5d0352ef-d446-4a04-a69e-b6b493d47759:group-BED454A870BB:LeaderElection5] INFO  server.RaftServerConfigKeys (ConfUtils.java:logGet(43)) - raft.server.watch.element-limit = 65536 (default)
2019-09-12 11:40:35,575 [5d0352ef-d446-4a04-a69e-b6b493d47759:group-BED454A870BB:LeaderElection5] INFO  impl.RoleInfo (RoleInfo.java:updateAndGet(143)) - 5d0352ef-d446-4a04-a69e-b6b493d47759: start LeaderState
2019-09-12 11:40:35,575 [5d0352ef-d446-4a04-a69e-b6b493d47759:group-BED454A870BB:LeaderElection5] INFO  segmented.SegmentedRaftLogWorker (SegmentedRaftLogWorker.java:startLogSegment(380)) - 5d0352ef-d446-4a04-a69e-b6b493d47759-SegmentedRaftLogWorker:Storage Directory /workdir/hadoop-ozone/ozonefs/target/test-dir/MiniOzoneClusterImpl-3f0ffa95-bfc9-4a1c-9a47-ff24715a0622/datanode-0/data/ratis/b1a2cdc7-9b48-4095-a279-bed454a870bb: Starting segment from index:0
2019-09-12 11:40:35,576 [5d0352ef-d446-4a04-a69e-b6b493d47759:group-BED454A870BB:LeaderElection5] INFO  impl.RaftServerImpl (ServerState.java:setRaftConf(361)) - 5d0352ef-d446-4a04-a69e-b6b493d47759:group-BED454A870BB set configuration 0: [5d0352ef-d446-4a04-a69e-b6b493d47759:192.168.157.195:35104], old=null at 0
2019-09-12 11:40:35,603 | INFO  | SCMAudit | user=jenkins1000 | ip=192.168.157.195 | op=SEND_HEARTBEAT {datanodeUUID=2da31971-fd5c-4baf-8dfe-b6048362baf8, command=[]} | ret=SUCCESS |  
2019-09-12 11:40:35,652 | INFO  | SCMAudit | user=jenkins1000 | ip=192.168.157.195 | op=SEND_HEARTBEAT {datanodeUUID=dbf859ef-0f75-4843-8536-03105c97857a, command=[]} | ret=SUCCESS |  
2019-09-12 11:40:35,748 | INFO  | SCMAudit | user=jenkins1000 | ip=192.168.157.195 | op=SEND_HEARTBEAT {datanodeUUID=875e3d5e-0813-40b8-b024-43837dd2f6d5, command=[]} | ret=SUCCESS |  
2019-09-12 11:40:35,767 [2da31971-fd5c-4baf-8dfe-b6048362baf8-SegmentedRaftLogWorker:Storage Directory /workdir/hadoop-ozone/ozonefs/target/test-dir/MiniOzoneClusterImpl-3f0ffa95-bfc9-4a1c-9a47-ff24715a0622/datanode-1/data/ratis/19e2168b-2ba1-4faa-9c2a-0edd090db3d3] INFO  segmented.SegmentedRaftLogWorker (SegmentedRaftLogWorker.java:execute(569)) - 2da31971-fd5c-4baf-8dfe-b6048362baf8-SegmentedRaftLogWorker:Storage Directory /workdir/hadoop-ozone/ozonefs/target/test-dir/MiniOzoneClusterImpl-3f0ffa95-bfc9-4a1c-9a47-ff24715a0622/datanode-1/data/ratis/19e2168b-2ba1-4faa-9c2a-0edd090db3d3: created new log segment /workdir/hadoop-ozone/ozonefs/target/test-dir/MiniOzoneClusterImpl-3f0ffa95-bfc9-4a1c-9a47-ff24715a0622/datanode-1/data/ratis/19e2168b-2ba1-4faa-9c2a-0edd090db3d3/current/log_inprogress_0
2019-09-12 11:40:35,767 [5d0352ef-d446-4a04-a69e-b6b493d47759-SegmentedRaftLogWorker:Storage Directory /workdir/hadoop-ozone/ozonefs/target/test-dir/MiniOzoneClusterImpl-3f0ffa95-bfc9-4a1c-9a47-ff24715a0622/datanode-0/data/ratis/b1a2cdc7-9b48-4095-a279-bed454a870bb] INFO  segmented.SegmentedRaftLogWorker (SegmentedRaftLogWorker.java:execute(569)) - 5d0352ef-d446-4a04-a69e-b6b493d47759-SegmentedRaftLogWorker:Storage Directory /workdir/hadoop-ozone/ozonefs/target/test-dir/MiniOzoneClusterImpl-3f0ffa95-bfc9-4a1c-9a47-ff24715a0622/datanode-0/data/ratis/b1a2cdc7-9b48-4095-a279-bed454a870bb: created new log segment /workdir/hadoop-ozone/ozonefs/target/test-dir/MiniOzoneClusterImpl-3f0ffa95-bfc9-4a1c-9a47-ff24715a0622/datanode-0/data/ratis/b1a2cdc7-9b48-4095-a279-bed454a870bb/current/log_inprogress_0
2019-09-12 11:40:35,767 [5d0352ef-d446-4a04-a69e-b6b493d47759-SegmentedRaftLogWorker:Storage Directory /workdir/hadoop-ozone/ozonefs/target/test-dir/MiniOzoneClusterImpl-3f0ffa95-bfc9-4a1c-9a47-ff24715a0622/datanode-0/data/ratis/c4edf266-8006-4d40-b434-a2ba0a5b9ffa] INFO  segmented.SegmentedRaftLogWorker (SegmentedRaftLogWorker.java:execute(569)) - 5d0352ef-d446-4a04-a69e-b6b493d47759-SegmentedRaftLogWorker:Storage Directory /workdir/hadoop-ozone/ozonefs/target/test-dir/MiniOzoneClusterImpl-3f0ffa95-bfc9-4a1c-9a47-ff24715a0622/datanode-0/data/ratis/c4edf266-8006-4d40-b434-a2ba0a5b9ffa: created new log segment /workdir/hadoop-ozone/ozonefs/target/test-dir/MiniOzoneClusterImpl-3f0ffa95-bfc9-4a1c-9a47-ff24715a0622/datanode-0/data/ratis/c4edf266-8006-4d40-b434-a2ba0a5b9ffa/current/log_inprogress_0
2019-09-12 11:40:35,767 [f17fb2fb-971d-416e-b1f4-66e23bc05d05-SegmentedRaftLogWorker:Storage Directory /workdir/hadoop-ozone/ozonefs/target/test-dir/MiniOzoneClusterImpl-3f0ffa95-bfc9-4a1c-9a47-ff24715a0622/datanode-3/data/ratis/45a80931-55e1-4d04-bc7f-d0d556a80e52] INFO  segmented.SegmentedRaftLogWorker (SegmentedRaftLogWorker.java:execute(569)) - f17fb2fb-971d-416e-b1f4-66e23bc05d05-SegmentedRaftLogWorker:Storage Directory /workdir/hadoop-ozone/ozonefs/target/test-dir/MiniOzoneClusterImpl-3f0ffa95-bfc9-4a1c-9a47-ff24715a0622/datanode-3/data/ratis/45a80931-55e1-4d04-bc7f-d0d556a80e52: created new log segment /workdir/hadoop-ozone/ozonefs/target/test-dir/MiniOzoneClusterImpl-3f0ffa95-bfc9-4a1c-9a47-ff24715a0622/datanode-3/data/ratis/45a80931-55e1-4d04-bc7f-d0d556a80e52/current/log_inprogress_0
2019-09-12 11:40:35,767 [8668900b-06f4-40f9-8926-68eb6348aa5d-SegmentedRaftLogWorker:Storage Directory /workdir/hadoop-ozone/ozonefs/target/test-dir/MiniOzoneClusterImpl-3f0ffa95-bfc9-4a1c-9a47-ff24715a0622/datanode-7/data/ratis/9727e428-38de-4c66-98cf-cc705835f635] INFO  segmented.SegmentedRaftLogWorker (SegmentedRaftLogWorker.java:execute(569)) - 8668900b-06f4-40f9-8926-68eb6348aa5d-SegmentedRaftLogWorker:Storage Directory /workdir/hadoop-ozone/ozonefs/target/test-dir/MiniOzoneClusterImpl-3f0ffa95-bfc9-4a1c-9a47-ff24715a0622/datanode-7/data/ratis/9727e428-38de-4c66-98cf-cc705835f635: created new log segment /workdir/hadoop-ozone/ozonefs/target/test-dir/MiniOzoneClusterImpl-3f0ffa95-bfc9-4a1c-9a47-ff24715a0622/datanode-7/data/ratis/9727e428-38de-4c66-98cf-cc705835f635/current/log_inprogress_0
2019-09-12 11:40:35,768 [Thread-302] INFO  impl.FollowerState (FollowerState.java:run(106)) - abc6f9f9-8862-43ee-ac13-b67e1574492b:group-FA576FE5EC94 changes to CANDIDATE, lastRpcTime:5084, electionTimeout:5084ms
2019-09-12 11:40:35,768 [Thread-302] INFO  impl.RoleInfo (RoleInfo.java:shutdownFollowerState(121)) - abc6f9f9-8862-43ee-ac13-b67e1574492b: shutdown FollowerState
2019-09-12 11:40:35,768 [Thread-302] INFO  impl.RaftServerImpl (RaftServerImpl.java:setRole(171)) - abc6f9f9-8862-43ee-ac13-b67e1574492b:group-FA576FE5EC94 changes role from FOLLOWER to CANDIDATE at term 0 for changeToCandidate
2019-09-12 11:40:35,768 [Thread-302] INFO  impl.RoleInfo (RoleInfo.java:updateAndGet(143)) - abc6f9f9-8862-43ee-ac13-b67e1574492b: start LeaderElection
2019-09-12 11:40:35,779 [Thread-299] INFO  impl.FollowerState (FollowerState.java:run(106)) - 2da31971-fd5c-4baf-8dfe-b6048362baf8:group-F68F4E050AE8 changes to CANDIDATE, lastRpcTime:5187, electionTimeout:5187ms
2019-09-12 11:40:35,779 [Thread-299] INFO  impl.RoleInfo (RoleInfo.java:shutdownFollowerState(121)) - 2da31971-fd5c-4baf-8dfe-b6048362baf8: shutdown FollowerState
2019-09-12 11:40:35,780 [Thread-299] INFO  impl.RaftServerImpl (RaftServerImpl.java:setRole(171)) - 2da31971-fd5c-4baf-8dfe-b6048362baf8:group-F68F4E050AE8 changes role from FOLLOWER to CANDIDATE at term 0 for changeToCandidate
2019-09-12 11:40:35,780 [Thread-299] INFO  impl.RoleInfo (RoleInfo.java:updateAndGet(143)) - 2da31971-fd5c-4baf-8dfe-b6048362baf8: start LeaderElection
2019-09-12 11:40:35,790 [2da31971-fd5c-4baf-8dfe-b6048362baf8:group-F68F4E050AE8:LeaderElection7] INFO  impl.LeaderElection (LeaderElection.java:askForVotes(181)) - 2da31971-fd5c-4baf-8dfe-b6048362baf8:group-F68F4E050AE8:LeaderElection7: begin an election at term 1 for -1: [2da31971-fd5c-4baf-8dfe-b6048362baf8:192.168.157.195:36166], old=null
2019-09-12 11:40:35,790 [abc6f9f9-8862-43ee-ac13-b67e1574492b:group-FA576FE5EC94:LeaderElection6] INFO  impl.LeaderElection (LeaderElection.java:askForVotes(181)) - abc6f9f9-8862-43ee-ac13-b67e1574492b:group-FA576FE5EC94:LeaderElection6: begin an election at term 1 for -1: [abc6f9f9-8862-43ee-ac13-b67e1574492b:192.168.157.195:32913], old=null
2019-09-12 11:40:35,790 [2da31971-fd5c-4baf-8dfe-b6048362baf8:group-F68F4E050AE8:LeaderElection7] INFO  impl.RoleInfo (RoleInfo.java:shutdownLeaderElection(134)) - 2da31971-fd5c-4baf-8dfe-b6048362baf8: shutdown LeaderElection
2019-09-12 11:40:35,790 [abc6f9f9-8862-43ee-ac13-b67e1574492b:group-FA576FE5EC94:LeaderElection6] INFO  impl.RoleInfo (RoleInfo.java:shutdownLeaderElection(134)) - abc6f9f9-8862-43ee-ac13-b67e1574492b: shutdown LeaderElection
2019-09-12 11:40:35,790 [2da31971-fd5c-4baf-8dfe-b6048362baf8:group-F68F4E050AE8:LeaderElection7] INFO  impl.RaftServerImpl (RaftServerImpl.java:setRole(171)) - 2da31971-fd5c-4baf-8dfe-b6048362baf8:group-F68F4E050AE8 changes role from CANDIDATE to LEADER at term 1 for changeToLeader
2019-09-12 11:40:35,790 [abc6f9f9-8862-43ee-ac13-b67e1574492b:group-FA576FE5EC94:LeaderElection6] INFO  impl.RaftServerImpl (RaftServerImpl.java:setRole(171)) - abc6f9f9-8862-43ee-ac13-b67e1574492b:group-FA576FE5EC94 changes role from CANDIDATE to LEADER at term 1 for changeToLeader
2019-09-12 11:40:35,790 [2da31971-fd5c-4baf-8dfe-b6048362baf8:group-F68F4E050AE8:LeaderElection7] INFO  impl.RaftServerImpl (ServerState.java:setLeader(263)) - 2da31971-fd5c-4baf-8dfe-b6048362baf8:group-F68F4E050AE8 change Leader from null to 2da31971-fd5c-4baf-8dfe-b6048362baf8 at term 1 for becomeLeader, leader elected after 5204ms
2019-09-12 11:40:35,791 [abc6f9f9-8862-43ee-ac13-b67e1574492b:group-FA576FE5EC94:LeaderElection6] INFO  impl.RaftServerImpl (ServerState.java:setLeader(263)) - abc6f9f9-8862-43ee-ac13-b67e1574492b:group-FA576FE5EC94 change Leader from null to abc6f9f9-8862-43ee-ac13-b67e1574492b at term 1 for becomeLeader, leader elected after 5112ms
2019-09-12 11:40:35,791 [2da31971-fd5c-4baf-8dfe-b6048362baf8:group-F68F4E050AE8:LeaderElection7] INFO  server.RaftServerConfigKeys (ConfUtils.java:logGet(43)) - raft.server.staging.catchup.gap = 1000 (default)
2019-09-12 11:40:35,791 [abc6f9f9-8862-43ee-ac13-b67e1574492b:group-FA576FE5EC94:LeaderElection6] INFO  server.RaftServerConfigKeys (ConfUtils.java:logGet(43)) - raft.server.staging.catchup.gap = 1000 (default)
2019-09-12 11:40:35,791 [2da31971-fd5c-4baf-8dfe-b6048362baf8:group-F68F4E050AE8:LeaderElection7] INFO  server.RaftServerConfigKeys (ConfUtils.java:logGet(43)) - raft.server.rpc.sleep.time = 25ms (default)
2019-09-12 11:40:35,791 [abc6f9f9-8862-43ee-ac13-b67e1574492b:group-FA576FE5EC94:LeaderElection6] INFO  server.RaftServerConfigKeys (ConfUtils.java:logGet(43)) - raft.server.rpc.sleep.time = 25ms (default)
2019-09-12 11:40:35,791 [2da31971-fd5c-4baf-8dfe-b6048362baf8:group-F68F4E050AE8:LeaderElection7] INFO  server.RaftServerConfigKeys (ConfUtils.java:logGet(43)) - raft.server.write.element-limit = 4096 (default)
2019-09-12 11:40:35,791 [abc6f9f9-8862-43ee-ac13-b67e1574492b:group-FA576FE5EC94:LeaderElection6] INFO  server.RaftServerConfigKeys (ConfUtils.java:logGet(43)) - raft.server.write.element-limit = 4096 (default)
2019-09-12 11:40:35,791 [2da31971-fd5c-4baf-8dfe-b6048362baf8:group-F68F4E050AE8:LeaderElection7] INFO  server.RaftServerConfigKeys (ConfUtils.java:logGet(43)) - raft.server.watch.timeout = 10s (default)
2019-09-12 11:40:35,792 [abc6f9f9-8862-43ee-ac13-b67e1574492b:group-FA576FE5EC94:LeaderElection6] INFO  server.RaftServerConfigKeys (ConfUtils.java:logGet(43)) - raft.server.watch.timeout = 10s (default)
2019-09-12 11:40:35,792 [2da31971-fd5c-4baf-8dfe-b6048362baf8:group-F68F4E050AE8:LeaderElection7] INFO  server.RaftServerConfigKeys (ConfUtils.java:logGet(43)) - raft.server.watch.timeout.denomination = 1s (default)
2019-09-12 11:40:35,792 [abc6f9f9-8862-43ee-ac13-b67e1574492b:group-FA576FE5EC94:LeaderElection6] INFO  server.RaftServerConfigKeys (ConfUtils.java:logGet(43)) - raft.server.watch.timeout.denomination = 1s (default)
2019-09-12 11:40:35,792 [2da31971-fd5c-4baf-8dfe-b6048362baf8:group-F68F4E050AE8:LeaderElection7] INFO  server.RaftServerConfigKeys (ConfUtils.java:logGet(43)) - raft.server.watch.element-limit = 65536 (default)
2019-09-12 11:40:35,792 [abc6f9f9-8862-43ee-ac13-b67e1574492b:group-FA576FE5EC94:LeaderElection6] INFO  server.RaftServerConfigKeys (ConfUtils.java:logGet(43)) - raft.server.watch.element-limit = 65536 (default)
2019-09-12 11:40:35,792 [2da31971-fd5c-4baf-8dfe-b6048362baf8:group-F68F4E050AE8:LeaderElection7] INFO  impl.RoleInfo (RoleInfo.java:updateAndGet(143)) - 2da31971-fd5c-4baf-8dfe-b6048362baf8: start LeaderState
2019-09-12 11:40:35,792 [abc6f9f9-8862-43ee-ac13-b67e1574492b:group-FA576FE5EC94:LeaderElection6] INFO  impl.RoleInfo (RoleInfo.java:updateAndGet(143)) - abc6f9f9-8862-43ee-ac13-b67e1574492b: start LeaderState
2019-09-12 11:40:35,793 [2da31971-fd5c-4baf-8dfe-b6048362baf8:group-F68F4E050AE8:LeaderElection7] INFO  segmented.SegmentedRaftLogWorker (SegmentedRaftLogWorker.java:startLogSegment(380)) - 2da31971-fd5c-4baf-8dfe-b6048362baf8-SegmentedRaftLogWorker:Storage Directory /workdir/hadoop-ozone/ozonefs/target/test-dir/MiniOzoneClusterImpl-3f0ffa95-bfc9-4a1c-9a47-ff24715a0622/datanode-1/data/ratis/af8b3387-bc83-4d31-a0b7-f68f4e050ae8: Starting segment from index:0
2019-09-12 11:40:35,793 [abc6f9f9-8862-43ee-ac13-b67e1574492b:group-FA576FE5EC94:LeaderElection6] INFO  segmented.SegmentedRaftLogWorker (SegmentedRaftLogWorker.java:startLogSegment(380)) - abc6f9f9-8862-43ee-ac13-b67e1574492b-SegmentedRaftLogWorker:Storage Directory /workdir/hadoop-ozone/ozonefs/target/test-dir/MiniOzoneClusterImpl-3f0ffa95-bfc9-4a1c-9a47-ff24715a0622/datanode-2/data/ratis/90b8e983-0bdb-4887-94c8-fa576fe5ec94: Starting segment from index:0
2019-09-12 11:40:35,794 [2da31971-fd5c-4baf-8dfe-b6048362baf8:group-F68F4E050AE8:LeaderElection7] INFO  impl.RaftServerImpl (ServerState.java:setRaftConf(361)) - 2da31971-fd5c-4baf-8dfe-b6048362baf8:group-F68F4E050AE8 set configuration 0: [2da31971-fd5c-4baf-8dfe-b6048362baf8:192.168.157.195:36166], old=null at 0
2019-09-12 11:40:35,828 [abc6f9f9-8862-43ee-ac13-b67e1574492b:group-FA576FE5EC94:LeaderElection6] INFO  impl.RaftServerImpl (ServerState.java:setRaftConf(361)) - abc6f9f9-8862-43ee-ac13-b67e1574492b:group-FA576FE5EC94 set configuration 0: [abc6f9f9-8862-43ee-ac13-b67e1574492b:192.168.157.195:32913], old=null at 0
2019-09-12 11:40:35,841 [2da31971-fd5c-4baf-8dfe-b6048362baf8-SegmentedRaftLogWorker:Storage Directory /workdir/hadoop-ozone/ozonefs/target/test-dir/MiniOzoneClusterImpl-3f0ffa95-bfc9-4a1c-9a47-ff24715a0622/datanode-1/data/ratis/af8b3387-bc83-4d31-a0b7-f68f4e050ae8] INFO  segmented.SegmentedRaftLogWorker (SegmentedRaftLogWorker.java:execute(569)) - 2da31971-fd5c-4baf-8dfe-b6048362baf8-SegmentedRaftLogWorker:Storage Directory /workdir/hadoop-ozone/ozonefs/target/test-dir/MiniOzoneClusterImpl-3f0ffa95-bfc9-4a1c-9a47-ff24715a0622/datanode-1/data/ratis/af8b3387-bc83-4d31-a0b7-f68f4e050ae8: created new log segment /workdir/hadoop-ozone/ozonefs/target/test-dir/MiniOzoneClusterImpl-3f0ffa95-bfc9-4a1c-9a47-ff24715a0622/datanode-1/data/ratis/af8b3387-bc83-4d31-a0b7-f68f4e050ae8/current/log_inprogress_0
2019-09-12 11:40:35,841 [abc6f9f9-8862-43ee-ac13-b67e1574492b-SegmentedRaftLogWorker:Storage Directory /workdir/hadoop-ozone/ozonefs/target/test-dir/MiniOzoneClusterImpl-3f0ffa95-bfc9-4a1c-9a47-ff24715a0622/datanode-2/data/ratis/90b8e983-0bdb-4887-94c8-fa576fe5ec94] INFO  segmented.SegmentedRaftLogWorker (SegmentedRaftLogWorker.java:execute(569)) - abc6f9f9-8862-43ee-ac13-b67e1574492b-SegmentedRaftLogWorker:Storage Directory /workdir/hadoop-ozone/ozonefs/target/test-dir/MiniOzoneClusterImpl-3f0ffa95-bfc9-4a1c-9a47-ff24715a0622/datanode-2/data/ratis/90b8e983-0bdb-4887-94c8-fa576fe5ec94: created new log segment /workdir/hadoop-ozone/ozonefs/target/test-dir/MiniOzoneClusterImpl-3f0ffa95-bfc9-4a1c-9a47-ff24715a0622/datanode-2/data/ratis/90b8e983-0bdb-4887-94c8-fa576fe5ec94/current/log_inprogress_0
2019-09-12 11:40:35,885 [Thread-308] INFO  impl.FollowerState (FollowerState.java:run(106)) - 4255b290-7b6d-420f-97e2-6dfb55690bab:group-1E7F0DFCDB4C changes to CANDIDATE, lastRpcTime:5047, electionTimeout:5047ms
2019-09-12 11:40:35,885 [Thread-308] INFO  impl.RoleInfo (RoleInfo.java:shutdownFollowerState(121)) - 4255b290-7b6d-420f-97e2-6dfb55690bab: shutdown FollowerState
2019-09-12 11:40:35,885 [Thread-308] INFO  impl.RaftServerImpl (RaftServerImpl.java:setRole(171)) - 4255b290-7b6d-420f-97e2-6dfb55690bab:group-1E7F0DFCDB4C changes role from FOLLOWER to CANDIDATE at term 0 for changeToCandidate
2019-09-12 11:40:35,885 [Thread-308] INFO  impl.RoleInfo (RoleInfo.java:updateAndGet(143)) - 4255b290-7b6d-420f-97e2-6dfb55690bab: start LeaderElection
2019-09-12 11:40:35,905 [4255b290-7b6d-420f-97e2-6dfb55690bab:group-1E7F0DFCDB4C:LeaderElection8] INFO  impl.LeaderElection (LeaderElection.java:askForVotes(181)) - 4255b290-7b6d-420f-97e2-6dfb55690bab:group-1E7F0DFCDB4C:LeaderElection8: begin an election at term 1 for -1: [4255b290-7b6d-420f-97e2-6dfb55690bab:192.168.157.195:45659], old=null
2019-09-12 11:40:35,905 [4255b290-7b6d-420f-97e2-6dfb55690bab:group-1E7F0DFCDB4C:LeaderElection8] INFO  impl.RoleInfo (RoleInfo.java:shutdownLeaderElection(134)) - 4255b290-7b6d-420f-97e2-6dfb55690bab: shutdown LeaderElection
2019-09-12 11:40:35,905 [4255b290-7b6d-420f-97e2-6dfb55690bab:group-1E7F0DFCDB4C:LeaderElection8] INFO  impl.RaftServerImpl (RaftServerImpl.java:setRole(171)) - 4255b290-7b6d-420f-97e2-6dfb55690bab:group-1E7F0DFCDB4C changes role from CANDIDATE to LEADER at term 1 for changeToLeader
2019-09-12 11:40:35,905 [4255b290-7b6d-420f-97e2-6dfb55690bab:group-1E7F0DFCDB4C:LeaderElection8] INFO  impl.RaftServerImpl (ServerState.java:setLeader(263)) - 4255b290-7b6d-420f-97e2-6dfb55690bab:group-1E7F0DFCDB4C change Leader from null to 4255b290-7b6d-420f-97e2-6dfb55690bab at term 1 for becomeLeader, leader elected after 5073ms
2019-09-12 11:40:35,905 [4255b290-7b6d-420f-97e2-6dfb55690bab:group-1E7F0DFCDB4C:LeaderElection8] INFO  server.RaftServerConfigKeys (ConfUtils.java:logGet(43)) - raft.server.staging.catchup.gap = 1000 (default)
2019-09-12 11:40:35,906 [4255b290-7b6d-420f-97e2-6dfb55690bab:group-1E7F0DFCDB4C:LeaderElection8] INFO  server.RaftServerConfigKeys (ConfUtils.java:logGet(43)) - raft.server.rpc.sleep.time = 25ms (default)
2019-09-12 11:40:35,906 [4255b290-7b6d-420f-97e2-6dfb55690bab:group-1E7F0DFCDB4C:LeaderElection8] INFO  server.RaftServerConfigKeys (ConfUtils.java:logGet(43)) - raft.server.write.element-limit = 4096 (default)
2019-09-12 11:40:35,906 [4255b290-7b6d-420f-97e2-6dfb55690bab:group-1E7F0DFCDB4C:LeaderElection8] INFO  server.RaftServerConfigKeys (ConfUtils.java:logGet(43)) - raft.server.watch.timeout = 10s (default)
2019-09-12 11:40:35,906 [4255b290-7b6d-420f-97e2-6dfb55690bab:group-1E7F0DFCDB4C:LeaderElection8] INFO  server.RaftServerConfigKeys (ConfUtils.java:logGet(43)) - raft.server.watch.timeout.denomination = 1s (default)
2019-09-12 11:40:35,906 [4255b290-7b6d-420f-97e2-6dfb55690bab:group-1E7F0DFCDB4C:LeaderElection8] INFO  server.RaftServerConfigKeys (ConfUtils.java:logGet(43)) - raft.server.watch.element-limit = 65536 (default)
2019-09-12 11:40:35,906 [4255b290-7b6d-420f-97e2-6dfb55690bab:group-1E7F0DFCDB4C:LeaderElection8] INFO  impl.RoleInfo (RoleInfo.java:updateAndGet(143)) - 4255b290-7b6d-420f-97e2-6dfb55690bab: start LeaderState
2019-09-12 11:40:35,907 [4255b290-7b6d-420f-97e2-6dfb55690bab:group-1E7F0DFCDB4C:LeaderElection8] INFO  segmented.SegmentedRaftLogWorker (SegmentedRaftLogWorker.java:startLogSegment(380)) - 4255b290-7b6d-420f-97e2-6dfb55690bab-SegmentedRaftLogWorker:Storage Directory /workdir/hadoop-ozone/ozonefs/target/test-dir/MiniOzoneClusterImpl-3f0ffa95-bfc9-4a1c-9a47-ff24715a0622/datanode-6/data/ratis/82d57363-2ca5-46b3-a6cb-1e7f0dfcdb4c: Starting segment from index:0
2019-09-12 11:40:35,907 [4255b290-7b6d-420f-97e2-6dfb55690bab:group-1E7F0DFCDB4C:LeaderElection8] INFO  impl.RaftServerImpl (ServerState.java:setRaftConf(361)) - 4255b290-7b6d-420f-97e2-6dfb55690bab:group-1E7F0DFCDB4C set configuration 0: [4255b290-7b6d-420f-97e2-6dfb55690bab:192.168.157.195:45659], old=null at 0
2019-09-12 11:40:35,936 | INFO  | SCMAudit | user=jenkins1000 | ip=192.168.157.195 | op=SEND_HEARTBEAT {datanodeUUID=abc6f9f9-8862-43ee-ac13-b67e1574492b, command=[]} | ret=SUCCESS |  
2019-09-12 11:40:35,947 [4255b290-7b6d-420f-97e2-6dfb55690bab-SegmentedRaftLogWorker:Storage Directory /workdir/hadoop-ozone/ozonefs/target/test-dir/MiniOzoneClusterImpl-3f0ffa95-bfc9-4a1c-9a47-ff24715a0622/datanode-6/data/ratis/82d57363-2ca5-46b3-a6cb-1e7f0dfcdb4c] INFO  segmented.SegmentedRaftLogWorker (SegmentedRaftLogWorker.java:execute(569)) - 4255b290-7b6d-420f-97e2-6dfb55690bab-SegmentedRaftLogWorker:Storage Directory /workdir/hadoop-ozone/ozonefs/target/test-dir/MiniOzoneClusterImpl-3f0ffa95-bfc9-4a1c-9a47-ff24715a0622/datanode-6/data/ratis/82d57363-2ca5-46b3-a6cb-1e7f0dfcdb4c: created new log segment /workdir/hadoop-ozone/ozonefs/target/test-dir/MiniOzoneClusterImpl-3f0ffa95-bfc9-4a1c-9a47-ff24715a0622/datanode-6/data/ratis/82d57363-2ca5-46b3-a6cb-1e7f0dfcdb4c/current/log_inprogress_0
2019-09-12 11:40:35,948 [Thread-305] INFO  impl.FollowerState (FollowerState.java:run(106)) - 2da31971-fd5c-4baf-8dfe-b6048362baf8:group-5E83C5BB66F1 changes to CANDIDATE, lastRpcTime:5188, electionTimeout:5188ms
2019-09-12 11:40:35,948 [Thread-305] INFO  impl.RoleInfo (RoleInfo.java:shutdownFollowerState(121)) - 2da31971-fd5c-4baf-8dfe-b6048362baf8: shutdown FollowerState
2019-09-12 11:40:35,948 [Thread-305] INFO  impl.RaftServerImpl (RaftServerImpl.java:setRole(171)) - 2da31971-fd5c-4baf-8dfe-b6048362baf8:group-5E83C5BB66F1 changes role from FOLLOWER to CANDIDATE at term 0 for changeToCandidate
2019-09-12 11:40:35,948 [Thread-305] INFO  impl.RoleInfo (RoleInfo.java:updateAndGet(143)) - 2da31971-fd5c-4baf-8dfe-b6048362baf8: start LeaderElection
2019-09-12 11:40:35,960 [2da31971-fd5c-4baf-8dfe-b6048362baf8:group-5E83C5BB66F1:LeaderElection9] INFO  impl.LeaderElection (LeaderElection.java:askForVotes(181)) - 2da31971-fd5c-4baf-8dfe-b6048362baf8:group-5E83C5BB66F1:LeaderElection9: begin an election at term 1 for -1: [2da31971-fd5c-4baf-8dfe-b6048362baf8:192.168.157.195:36166], old=null
2019-09-12 11:40:35,960 [2da31971-fd5c-4baf-8dfe-b6048362baf8:group-5E83C5BB66F1:LeaderElection9] INFO  impl.RoleInfo (RoleInfo.java:shutdownLeaderElection(134)) - 2da31971-fd5c-4baf-8dfe-b6048362baf8: shutdown LeaderElection
2019-09-12 11:40:35,960 [2da31971-fd5c-4baf-8dfe-b6048362baf8:group-5E83C5BB66F1:LeaderElection9] INFO  impl.RaftServerImpl (RaftServerImpl.java:setRole(171)) - 2da31971-fd5c-4baf-8dfe-b6048362baf8:group-5E83C5BB66F1 changes role from CANDIDATE to LEADER at term 1 for changeToLeader
2019-09-12 11:40:35,960 [2da31971-fd5c-4baf-8dfe-b6048362baf8:group-5E83C5BB66F1:LeaderElection9] INFO  impl.RaftServerImpl (ServerState.java:setLeader(263)) - 2da31971-fd5c-4baf-8dfe-b6048362baf8:group-5E83C5BB66F1 change Leader from null to 2da31971-fd5c-4baf-8dfe-b6048362baf8 at term 1 for becomeLeader, leader elected after 5205ms
2019-09-12 11:40:35,960 [2da31971-fd5c-4baf-8dfe-b6048362baf8:group-5E83C5BB66F1:LeaderElection9] INFO  server.RaftServerConfigKeys (ConfUtils.java:logGet(43)) - raft.server.staging.catchup.gap = 1000 (default)
2019-09-12 11:40:35,960 [2da31971-fd5c-4baf-8dfe-b6048362baf8:group-5E83C5BB66F1:LeaderElection9] INFO  server.RaftServerConfigKeys (ConfUtils.java:logGet(43)) - raft.server.rpc.sleep.time = 25ms (default)
2019-09-12 11:40:35,961 [2da31971-fd5c-4baf-8dfe-b6048362baf8:group-5E83C5BB66F1:LeaderElection9] INFO  server.RaftServerConfigKeys (ConfUtils.java:logGet(43)) - raft.server.write.element-limit = 4096 (default)
2019-09-12 11:40:35,961 [2da31971-fd5c-4baf-8dfe-b6048362baf8:group-5E83C5BB66F1:LeaderElection9] INFO  server.RaftServerConfigKeys (ConfUtils.java:logGet(43)) - raft.server.watch.timeout = 10s (default)
2019-09-12 11:40:35,961 [2da31971-fd5c-4baf-8dfe-b6048362baf8:group-5E83C5BB66F1:LeaderElection9] INFO  server.RaftServerConfigKeys (ConfUtils.java:logGet(43)) - raft.server.watch.timeout.denomination = 1s (default)
2019-09-12 11:40:35,961 [2da31971-fd5c-4baf-8dfe-b6048362baf8:group-5E83C5BB66F1:LeaderElection9] INFO  server.RaftServerConfigKeys (ConfUtils.java:logGet(43)) - raft.server.watch.element-limit = 65536 (default)
2019-09-12 11:40:35,961 [2da31971-fd5c-4baf-8dfe-b6048362baf8:group-5E83C5BB66F1:LeaderElection9] INFO  impl.RoleInfo (RoleInfo.java:updateAndGet(143)) - 2da31971-fd5c-4baf-8dfe-b6048362baf8: start LeaderState
2019-09-12 11:40:35,961 [2da31971-fd5c-4baf-8dfe-b6048362baf8:group-5E83C5BB66F1:LeaderElection9] INFO  segmented.SegmentedRaftLogWorker (SegmentedRaftLogWorker.java:startLogSegment(380)) - 2da31971-fd5c-4baf-8dfe-b6048362baf8-SegmentedRaftLogWorker:Storage Directory /workdir/hadoop-ozone/ozonefs/target/test-dir/MiniOzoneClusterImpl-3f0ffa95-bfc9-4a1c-9a47-ff24715a0622/datanode-1/data/ratis/7465b3c3-3920-4865-93f5-5e83c5bb66f1: Starting segment from index:0
2019-09-12 11:40:35,962 [2da31971-fd5c-4baf-8dfe-b6048362baf8:group-5E83C5BB66F1:LeaderElection9] INFO  impl.RaftServerImpl (ServerState.java:setRaftConf(361)) - 2da31971-fd5c-4baf-8dfe-b6048362baf8:group-5E83C5BB66F1 set configuration 0: [2da31971-fd5c-4baf-8dfe-b6048362baf8:192.168.157.195:36166], old=null at 0
2019-09-12 11:40:35,994 | INFO  | SCMAudit | user=jenkins1000 | ip=192.168.157.195 | op=SEND_HEARTBEAT {datanodeUUID=4255b290-7b6d-420f-97e2-6dfb55690bab, command=[]} | ret=SUCCESS |  
2019-09-12 11:40:36,003 [2da31971-fd5c-4baf-8dfe-b6048362baf8-SegmentedRaftLogWorker:Storage Directory /workdir/hadoop-ozone/ozonefs/target/test-dir/MiniOzoneClusterImpl-3f0ffa95-bfc9-4a1c-9a47-ff24715a0622/datanode-1/data/ratis/7465b3c3-3920-4865-93f5-5e83c5bb66f1] INFO  segmented.SegmentedRaftLogWorker (SegmentedRaftLogWorker.java:execute(569)) - 2da31971-fd5c-4baf-8dfe-b6048362baf8-SegmentedRaftLogWorker:Storage Directory /workdir/hadoop-ozone/ozonefs/target/test-dir/MiniOzoneClusterImpl-3f0ffa95-bfc9-4a1c-9a47-ff24715a0622/datanode-1/data/ratis/7465b3c3-3920-4865-93f5-5e83c5bb66f1: created new log segment /workdir/hadoop-ozone/ozonefs/target/test-dir/MiniOzoneClusterImpl-3f0ffa95-bfc9-4a1c-9a47-ff24715a0622/datanode-1/data/ratis/7465b3c3-3920-4865-93f5-5e83c5bb66f1/current/log_inprogress_0
2019-09-12 11:40:36,030 [Thread-314] INFO  impl.FollowerState (FollowerState.java:run(106)) - f17fb2fb-971d-416e-b1f4-66e23bc05d05:group-34140F39FFA8 changes to CANDIDATE, lastRpcTime:5023, electionTimeout:5023ms
2019-09-12 11:40:36,030 [Thread-314] INFO  impl.RoleInfo (RoleInfo.java:shutdownFollowerState(121)) - f17fb2fb-971d-416e-b1f4-66e23bc05d05: shutdown FollowerState
2019-09-12 11:40:36,031 [Thread-314] INFO  impl.RaftServerImpl (RaftServerImpl.java:setRole(171)) - f17fb2fb-971d-416e-b1f4-66e23bc05d05:group-34140F39FFA8 changes role from FOLLOWER to CANDIDATE at term 0 for changeToCandidate
2019-09-12 11:40:36,031 [Thread-314] INFO  impl.RoleInfo (RoleInfo.java:updateAndGet(143)) - f17fb2fb-971d-416e-b1f4-66e23bc05d05: start LeaderElection
2019-09-12 11:40:36,043 [Thread-311] INFO  impl.FollowerState (FollowerState.java:run(106)) - f17fb2fb-971d-416e-b1f4-66e23bc05d05:group-0AB17BC2C189 changes to CANDIDATE, lastRpcTime:5105, electionTimeout:5105ms
2019-09-12 11:40:36,043 [Thread-311] INFO  impl.RoleInfo (RoleInfo.java:shutdownFollowerState(121)) - f17fb2fb-971d-416e-b1f4-66e23bc05d05: shutdown FollowerState
2019-09-12 11:40:36,043 [Thread-311] INFO  impl.RaftServerImpl (RaftServerImpl.java:setRole(171)) - f17fb2fb-971d-416e-b1f4-66e23bc05d05:group-0AB17BC2C189 changes role from FOLLOWER to CANDIDATE at term 0 for changeToCandidate
2019-09-12 11:40:36,043 [Thread-311] INFO  impl.RoleInfo (RoleInfo.java:updateAndGet(143)) - f17fb2fb-971d-416e-b1f4-66e23bc05d05: start LeaderElection
2019-09-12 11:40:36,051 [f17fb2fb-971d-416e-b1f4-66e23bc05d05:group-34140F39FFA8:LeaderElection10] INFO  impl.LeaderElection (LeaderElection.java:askForVotes(181)) - f17fb2fb-971d-416e-b1f4-66e23bc05d05:group-34140F39FFA8:LeaderElection10: begin an election at term 1 for -1: [f17fb2fb-971d-416e-b1f4-66e23bc05d05:192.168.157.195:35862], old=null
2019-09-12 11:40:36,051 [f17fb2fb-971d-416e-b1f4-66e23bc05d05:group-0AB17BC2C189:LeaderElection11] INFO  impl.LeaderElection (LeaderElection.java:askForVotes(181)) - f17fb2fb-971d-416e-b1f4-66e23bc05d05:group-0AB17BC2C189:LeaderElection11: begin an election at term 1 for -1: [f17fb2fb-971d-416e-b1f4-66e23bc05d05:192.168.157.195:35862], old=null
2019-09-12 11:40:36,051 [f17fb2fb-971d-416e-b1f4-66e23bc05d05:group-34140F39FFA8:LeaderElection10] INFO  impl.RoleInfo (RoleInfo.java:shutdownLeaderElection(134)) - f17fb2fb-971d-416e-b1f4-66e23bc05d05: shutdown LeaderElection
2019-09-12 11:40:36,051 [f17fb2fb-971d-416e-b1f4-66e23bc05d05:group-0AB17BC2C189:LeaderElection11] INFO  impl.RoleInfo (RoleInfo.java:shutdownLeaderElection(134)) - f17fb2fb-971d-416e-b1f4-66e23bc05d05: shutdown LeaderElection
2019-09-12 11:40:36,051 [f17fb2fb-971d-416e-b1f4-66e23bc05d05:group-34140F39FFA8:LeaderElection10] INFO  impl.RaftServerImpl (RaftServerImpl.java:setRole(171)) - f17fb2fb-971d-416e-b1f4-66e23bc05d05:group-34140F39FFA8 changes role from CANDIDATE to LEADER at term 1 for changeToLeader
2019-09-12 11:40:36,051 [f17fb2fb-971d-416e-b1f4-66e23bc05d05:group-0AB17BC2C189:LeaderElection11] INFO  impl.RaftServerImpl (RaftServerImpl.java:setRole(171)) - f17fb2fb-971d-416e-b1f4-66e23bc05d05:group-0AB17BC2C189 changes role from CANDIDATE to LEADER at term 1 for changeToLeader
2019-09-12 11:40:36,051 [f17fb2fb-971d-416e-b1f4-66e23bc05d05:group-34140F39FFA8:LeaderElection10] INFO  impl.RaftServerImpl (ServerState.java:setLeader(263)) - f17fb2fb-971d-416e-b1f4-66e23bc05d05:group-34140F39FFA8 change Leader from null to f17fb2fb-971d-416e-b1f4-66e23bc05d05 at term 1 for becomeLeader, leader elected after 5050ms
2019-09-12 11:40:36,052 [f17fb2fb-971d-416e-b1f4-66e23bc05d05:group-0AB17BC2C189:LeaderElection11] INFO  impl.RaftServerImpl (ServerState.java:setLeader(263)) - f17fb2fb-971d-416e-b1f4-66e23bc05d05:group-0AB17BC2C189 change Leader from null to f17fb2fb-971d-416e-b1f4-66e23bc05d05 at term 1 for becomeLeader, leader elected after 5120ms
2019-09-12 11:40:36,052 [f17fb2fb-971d-416e-b1f4-66e23bc05d05:group-34140F39FFA8:LeaderElection10] INFO  server.RaftServerConfigKeys (ConfUtils.java:logGet(43)) - raft.server.staging.catchup.gap = 1000 (default)
2019-09-12 11:40:36,052 [f17fb2fb-971d-416e-b1f4-66e23bc05d05:group-0AB17BC2C189:LeaderElection11] INFO  server.RaftServerConfigKeys (ConfUtils.java:logGet(43)) - raft.server.staging.catchup.gap = 1000 (default)
2019-09-12 11:40:36,052 [f17fb2fb-971d-416e-b1f4-66e23bc05d05:group-34140F39FFA8:LeaderElection10] INFO  server.RaftServerConfigKeys (ConfUtils.java:logGet(43)) - raft.server.rpc.sleep.time = 25ms (default)
2019-09-12 11:40:36,052 [f17fb2fb-971d-416e-b1f4-66e23bc05d05:group-0AB17BC2C189:LeaderElection11] INFO  server.RaftServerConfigKeys (ConfUtils.java:logGet(43)) - raft.server.rpc.sleep.time = 25ms (default)
2019-09-12 11:40:36,052 [f17fb2fb-971d-416e-b1f4-66e23bc05d05:group-34140F39FFA8:LeaderElection10] INFO  server.RaftServerConfigKeys (ConfUtils.java:logGet(43)) - raft.server.write.element-limit = 4096 (default)
2019-09-12 11:40:36,052 [f17fb2fb-971d-416e-b1f4-66e23bc05d05:group-0AB17BC2C189:LeaderElection11] INFO  server.RaftServerConfigKeys (ConfUtils.java:logGet(43)) - raft.server.write.element-limit = 4096 (default)
2019-09-12 11:40:36,052 [f17fb2fb-971d-416e-b1f4-66e23bc05d05:group-34140F39FFA8:LeaderElection10] INFO  server.RaftServerConfigKeys (ConfUtils.java:logGet(43)) - raft.server.watch.timeout = 10s (default)
2019-09-12 11:40:36,053 [f17fb2fb-971d-416e-b1f4-66e23bc05d05:group-0AB17BC2C189:LeaderElection11] INFO  server.RaftServerConfigKeys (ConfUtils.java:logGet(43)) - raft.server.watch.timeout = 10s (default)
2019-09-12 11:40:36,053 [f17fb2fb-971d-416e-b1f4-66e23bc05d05:group-34140F39FFA8:LeaderElection10] INFO  server.RaftServerConfigKeys (ConfUtils.java:logGet(43)) - raft.server.watch.timeout.denomination = 1s (default)
2019-09-12 11:40:36,053 [f17fb2fb-971d-416e-b1f4-66e23bc05d05:group-0AB17BC2C189:LeaderElection11] INFO  server.RaftServerConfigKeys (ConfUtils.java:logGet(43)) - raft.server.watch.timeout.denomination = 1s (default)
2019-09-12 11:40:36,053 [f17fb2fb-971d-416e-b1f4-66e23bc05d05:group-34140F39FFA8:LeaderElection10] INFO  server.RaftServerConfigKeys (ConfUtils.java:logGet(43)) - raft.server.watch.element-limit = 65536 (default)
2019-09-12 11:40:36,053 [f17fb2fb-971d-416e-b1f4-66e23bc05d05:group-0AB17BC2C189:LeaderElection11] INFO  server.RaftServerConfigKeys (ConfUtils.java:logGet(43)) - raft.server.watch.element-limit = 65536 (default)
2019-09-12 11:40:36,053 [f17fb2fb-971d-416e-b1f4-66e23bc05d05:group-34140F39FFA8:LeaderElection10] INFO  impl.RoleInfo (RoleInfo.java:updateAndGet(143)) - f17fb2fb-971d-416e-b1f4-66e23bc05d05: start LeaderState
2019-09-12 11:40:36,054 [f17fb2fb-971d-416e-b1f4-66e23bc05d05:group-0AB17BC2C189:LeaderElection11] INFO  impl.RoleInfo (RoleInfo.java:updateAndGet(143)) - f17fb2fb-971d-416e-b1f4-66e23bc05d05: start LeaderState
2019-09-12 11:40:36,054 [f17fb2fb-971d-416e-b1f4-66e23bc05d05:group-34140F39FFA8:LeaderElection10] INFO  segmented.SegmentedRaftLogWorker (SegmentedRaftLogWorker.java:startLogSegment(380)) - f17fb2fb-971d-416e-b1f4-66e23bc05d05-SegmentedRaftLogWorker:Storage Directory /workdir/hadoop-ozone/ozonefs/target/test-dir/MiniOzoneClusterImpl-3f0ffa95-bfc9-4a1c-9a47-ff24715a0622/datanode-3/data/ratis/e84a7189-326b-4570-b70c-34140f39ffa8: Starting segment from index:0
2019-09-12 11:40:36,054 [f17fb2fb-971d-416e-b1f4-66e23bc05d05:group-0AB17BC2C189:LeaderElection11] INFO  segmented.SegmentedRaftLogWorker (SegmentedRaftLogWorker.java:startLogSegment(380)) - f17fb2fb-971d-416e-b1f4-66e23bc05d05-SegmentedRaftLogWorker:Storage Directory /workdir/hadoop-ozone/ozonefs/target/test-dir/MiniOzoneClusterImpl-3f0ffa95-bfc9-4a1c-9a47-ff24715a0622/datanode-3/data/ratis/dd639e63-b45f-46a0-98c9-0ab17bc2c189: Starting segment from index:0
2019-09-12 11:40:36,055 [f17fb2fb-971d-416e-b1f4-66e23bc05d05:group-0AB17BC2C189:LeaderElection11] INFO  impl.RaftServerImpl (ServerState.java:setRaftConf(361)) - f17fb2fb-971d-416e-b1f4-66e23bc05d05:group-0AB17BC2C189 set configuration 0: [f17fb2fb-971d-416e-b1f4-66e23bc05d05:192.168.157.195:35862], old=null at 0
2019-09-12 11:40:36,055 [f17fb2fb-971d-416e-b1f4-66e23bc05d05:group-34140F39FFA8:LeaderElection10] INFO  impl.RaftServerImpl (ServerState.java:setRaftConf(361)) - f17fb2fb-971d-416e-b1f4-66e23bc05d05:group-34140F39FFA8 set configuration 0: [f17fb2fb-971d-416e-b1f4-66e23bc05d05:192.168.157.195:35862], old=null at 0
2019-09-12 11:40:36,103 [f17fb2fb-971d-416e-b1f4-66e23bc05d05-SegmentedRaftLogWorker:Storage Directory /workdir/hadoop-ozone/ozonefs/target/test-dir/MiniOzoneClusterImpl-3f0ffa95-bfc9-4a1c-9a47-ff24715a0622/datanode-3/data/ratis/e84a7189-326b-4570-b70c-34140f39ffa8] INFO  segmented.SegmentedRaftLogWorker (SegmentedRaftLogWorker.java:execute(569)) - f17fb2fb-971d-416e-b1f4-66e23bc05d05-SegmentedRaftLogWorker:Storage Directory /workdir/hadoop-ozone/ozonefs/target/test-dir/MiniOzoneClusterImpl-3f0ffa95-bfc9-4a1c-9a47-ff24715a0622/datanode-3/data/ratis/e84a7189-326b-4570-b70c-34140f39ffa8: created new log segment /workdir/hadoop-ozone/ozonefs/target/test-dir/MiniOzoneClusterImpl-3f0ffa95-bfc9-4a1c-9a47-ff24715a0622/datanode-3/data/ratis/e84a7189-326b-4570-b70c-34140f39ffa8/current/log_inprogress_0
2019-09-12 11:40:36,103 [f17fb2fb-971d-416e-b1f4-66e23bc05d05-SegmentedRaftLogWorker:Storage Directory /workdir/hadoop-ozone/ozonefs/target/test-dir/MiniOzoneClusterImpl-3f0ffa95-bfc9-4a1c-9a47-ff24715a0622/datanode-3/data/ratis/dd639e63-b45f-46a0-98c9-0ab17bc2c189] INFO  segmented.SegmentedRaftLogWorker (SegmentedRaftLogWorker.java:execute(569)) - f17fb2fb-971d-416e-b1f4-66e23bc05d05-SegmentedRaftLogWorker:Storage Directory /workdir/hadoop-ozone/ozonefs/target/test-dir/MiniOzoneClusterImpl-3f0ffa95-bfc9-4a1c-9a47-ff24715a0622/datanode-3/data/ratis/dd639e63-b45f-46a0-98c9-0ab17bc2c189: created new log segment /workdir/hadoop-ozone/ozonefs/target/test-dir/MiniOzoneClusterImpl-3f0ffa95-bfc9-4a1c-9a47-ff24715a0622/datanode-3/data/ratis/dd639e63-b45f-46a0-98c9-0ab17bc2c189/current/log_inprogress_0
2019-09-12 11:40:36,195 [Thread-317] INFO  impl.FollowerState (FollowerState.java:run(106)) - f17fb2fb-971d-416e-b1f4-66e23bc05d05:group-5B89EC935673 changes to CANDIDATE, lastRpcTime:5119, electionTimeout:5119ms
2019-09-12 11:40:36,196 [Thread-317] INFO  impl.RoleInfo (RoleInfo.java:shutdownFollowerState(121)) - f17fb2fb-971d-416e-b1f4-66e23bc05d05: shutdown FollowerState
2019-09-12 11:40:36,196 [Thread-317] INFO  impl.RaftServerImpl (RaftServerImpl.java:setRole(171)) - f17fb2fb-971d-416e-b1f4-66e23bc05d05:group-5B89EC935673 changes role from FOLLOWER to CANDIDATE at term 0 for changeToCandidate
2019-09-12 11:40:36,196 [Thread-317] INFO  impl.RoleInfo (RoleInfo.java:updateAndGet(143)) - f17fb2fb-971d-416e-b1f4-66e23bc05d05: start LeaderElection
2019-09-12 11:40:36,207 [Thread-320] INFO  impl.FollowerState (FollowerState.java:run(106)) - f17fb2fb-971d-416e-b1f4-66e23bc05d05:group-6E4456B4CB68 changes to CANDIDATE, lastRpcTime:5041, electionTimeout:5041ms
2019-09-12 11:40:36,207 [Thread-320] INFO  impl.RoleInfo (RoleInfo.java:shutdownFollowerState(121)) - f17fb2fb-971d-416e-b1f4-66e23bc05d05: shutdown FollowerState
2019-09-12 11:40:36,207 [Thread-320] INFO  impl.RaftServerImpl (RaftServerImpl.java:setRole(171)) - f17fb2fb-971d-416e-b1f4-66e23bc05d05:group-6E4456B4CB68 changes role from FOLLOWER to CANDIDATE at term 0 for changeToCandidate
2019-09-12 11:40:36,207 [Thread-320] INFO  impl.RoleInfo (RoleInfo.java:updateAndGet(143)) - f17fb2fb-971d-416e-b1f4-66e23bc05d05: start LeaderElection
2019-09-12 11:40:36,217 | INFO  | SCMAudit | user=jenkins1000 | ip=192.168.157.195 | op=SEND_HEARTBEAT {datanodeUUID=8668900b-06f4-40f9-8926-68eb6348aa5d, command=[]} | ret=SUCCESS |  
2019-09-12 11:40:36,219 [f17fb2fb-971d-416e-b1f4-66e23bc05d05:group-6E4456B4CB68:LeaderElection13] INFO  impl.LeaderElection (LeaderElection.java:askForVotes(181)) - f17fb2fb-971d-416e-b1f4-66e23bc05d05:group-6E4456B4CB68:LeaderElection13: begin an election at term 1 for -1: [f17fb2fb-971d-416e-b1f4-66e23bc05d05:192.168.157.195:35862], old=null
2019-09-12 11:40:36,219 [f17fb2fb-971d-416e-b1f4-66e23bc05d05:group-5B89EC935673:LeaderElection12] INFO  impl.LeaderElection (LeaderElection.java:askForVotes(181)) - f17fb2fb-971d-416e-b1f4-66e23bc05d05:group-5B89EC935673:LeaderElection12: begin an election at term 1 for -1: [f17fb2fb-971d-416e-b1f4-66e23bc05d05:192.168.157.195:35862], old=null
2019-09-12 11:40:36,220 [f17fb2fb-971d-416e-b1f4-66e23bc05d05:group-6E4456B4CB68:LeaderElection13] INFO  impl.RoleInfo (RoleInfo.java:shutdownLeaderElection(134)) - f17fb2fb-971d-416e-b1f4-66e23bc05d05: shutdown LeaderElection
2019-09-12 11:40:36,220 [f17fb2fb-971d-416e-b1f4-66e23bc05d05:group-5B89EC935673:LeaderElection12] INFO  impl.RoleInfo (RoleInfo.java:shutdownLeaderElection(134)) - f17fb2fb-971d-416e-b1f4-66e23bc05d05: shutdown LeaderElection
2019-09-12 11:40:36,220 [f17fb2fb-971d-416e-b1f4-66e23bc05d05:group-6E4456B4CB68:LeaderElection13] INFO  impl.RaftServerImpl (RaftServerImpl.java:setRole(171)) - f17fb2fb-971d-416e-b1f4-66e23bc05d05:group-6E4456B4CB68 changes role from CANDIDATE to LEADER at term 1 for changeToLeader
2019-09-12 11:40:36,220 [f17fb2fb-971d-416e-b1f4-66e23bc05d05:group-5B89EC935673:LeaderElection12] INFO  impl.RaftServerImpl (RaftServerImpl.java:setRole(171)) - f17fb2fb-971d-416e-b1f4-66e23bc05d05:group-5B89EC935673 changes role from CANDIDATE to LEADER at term 1 for changeToLeader
2019-09-12 11:40:36,220 [f17fb2fb-971d-416e-b1f4-66e23bc05d05:group-6E4456B4CB68:LeaderElection13] INFO  impl.RaftServerImpl (ServerState.java:setLeader(263)) - f17fb2fb-971d-416e-b1f4-66e23bc05d05:group-6E4456B4CB68 change Leader from null to f17fb2fb-971d-416e-b1f4-66e23bc05d05 at term 1 for becomeLeader, leader elected after 5060ms
2019-09-12 11:40:36,220 [f17fb2fb-971d-416e-b1f4-66e23bc05d05:group-5B89EC935673:LeaderElection12] INFO  impl.RaftServerImpl (ServerState.java:setLeader(263)) - f17fb2fb-971d-416e-b1f4-66e23bc05d05:group-5B89EC935673 change Leader from null to f17fb2fb-971d-416e-b1f4-66e23bc05d05 at term 1 for becomeLeader, leader elected after 5150ms
2019-09-12 11:40:36,220 [f17fb2fb-971d-416e-b1f4-66e23bc05d05:group-6E4456B4CB68:LeaderElection13] INFO  server.RaftServerConfigKeys (ConfUtils.java:logGet(43)) - raft.server.staging.catchup.gap = 1000 (default)
2019-09-12 11:40:36,220 [f17fb2fb-971d-416e-b1f4-66e23bc05d05:group-5B89EC935673:LeaderElection12] INFO  server.RaftServerConfigKeys (ConfUtils.java:logGet(43)) - raft.server.staging.catchup.gap = 1000 (default)
2019-09-12 11:40:36,221 [f17fb2fb-971d-416e-b1f4-66e23bc05d05:group-6E4456B4CB68:LeaderElection13] INFO  server.RaftServerConfigKeys (ConfUtils.java:logGet(43)) - raft.server.rpc.sleep.time = 25ms (default)
2019-09-12 11:40:36,221 [f17fb2fb-971d-416e-b1f4-66e23bc05d05:group-5B89EC935673:LeaderElection12] INFO  server.RaftServerConfigKeys (ConfUtils.java:logGet(43)) - raft.server.rpc.sleep.time = 25ms (default)
2019-09-12 11:40:36,221 [f17fb2fb-971d-416e-b1f4-66e23bc05d05:group-6E4456B4CB68:LeaderElection13] INFO  server.RaftServerConfigKeys (ConfUtils.java:logGet(43)) - raft.server.write.element-limit = 4096 (default)
2019-09-12 11:40:36,221 [f17fb2fb-971d-416e-b1f4-66e23bc05d05:group-5B89EC935673:LeaderElection12] INFO  server.RaftServerConfigKeys (ConfUtils.java:logGet(43)) - raft.server.write.element-limit = 4096 (default)
2019-09-12 11:40:36,221 [f17fb2fb-971d-416e-b1f4-66e23bc05d05:group-6E4456B4CB68:LeaderElection13] INFO  server.RaftServerConfigKeys (ConfUtils.java:logGet(43)) - raft.server.watch.timeout = 10s (default)
2019-09-12 11:40:36,221 [f17fb2fb-971d-416e-b1f4-66e23bc05d05:group-5B89EC935673:LeaderElection12] INFO  server.RaftServerConfigKeys (ConfUtils.java:logGet(43)) - raft.server.watch.timeout = 10s (default)
2019-09-12 11:40:36,221 [f17fb2fb-971d-416e-b1f4-66e23bc05d05:group-6E4456B4CB68:LeaderElection13] INFO  server.RaftServerConfigKeys (ConfUtils.java:logGet(43)) - raft.server.watch.timeout.denomination = 1s (default)
2019-09-12 11:40:36,221 [f17fb2fb-971d-416e-b1f4-66e23bc05d05:group-5B89EC935673:LeaderElection12] INFO  server.RaftServerConfigKeys (ConfUtils.java:logGet(43)) - raft.server.watch.timeout.denomination = 1s (default)
2019-09-12 11:40:36,222 [f17fb2fb-971d-416e-b1f4-66e23bc05d05:group-6E4456B4CB68:LeaderElection13] INFO  server.RaftServerConfigKeys (ConfUtils.java:logGet(43)) - raft.server.watch.element-limit = 65536 (default)
2019-09-12 11:40:36,222 [f17fb2fb-971d-416e-b1f4-66e23bc05d05:group-5B89EC935673:LeaderElection12] INFO  server.RaftServerConfigKeys (ConfUtils.java:logGet(43)) - raft.server.watch.element-limit = 65536 (default)
2019-09-12 11:40:36,222 [f17fb2fb-971d-416e-b1f4-66e23bc05d05:group-6E4456B4CB68:LeaderElection13] INFO  impl.RoleInfo (RoleInfo.java:updateAndGet(143)) - f17fb2fb-971d-416e-b1f4-66e23bc05d05: start LeaderState
2019-09-12 11:40:36,222 [f17fb2fb-971d-416e-b1f4-66e23bc05d05:group-5B89EC935673:LeaderElection12] INFO  impl.RoleInfo (RoleInfo.java:updateAndGet(143)) - f17fb2fb-971d-416e-b1f4-66e23bc05d05: start LeaderState
2019-09-12 11:40:36,222 [f17fb2fb-971d-416e-b1f4-66e23bc05d05:group-6E4456B4CB68:LeaderElection13] INFO  segmented.SegmentedRaftLogWorker (SegmentedRaftLogWorker.java:startLogSegment(380)) - f17fb2fb-971d-416e-b1f4-66e23bc05d05-SegmentedRaftLogWorker:Storage Directory /workdir/hadoop-ozone/ozonefs/target/test-dir/MiniOzoneClusterImpl-3f0ffa95-bfc9-4a1c-9a47-ff24715a0622/datanode-3/data/ratis/0bcb5a2b-6f00-4b70-bd32-6e4456b4cb68: Starting segment from index:0
2019-09-12 11:40:36,222 [f17fb2fb-971d-416e-b1f4-66e23bc05d05:group-5B89EC935673:LeaderElection12] INFO  segmented.SegmentedRaftLogWorker (SegmentedRaftLogWorker.java:startLogSegment(380)) - f17fb2fb-971d-416e-b1f4-66e23bc05d05-SegmentedRaftLogWorker:Storage Directory /workdir/hadoop-ozone/ozonefs/target/test-dir/MiniOzoneClusterImpl-3f0ffa95-bfc9-4a1c-9a47-ff24715a0622/datanode-3/data/ratis/a926077e-3957-4c85-bd59-5b89ec935673: Starting segment from index:0
2019-09-12 11:40:36,223 [f17fb2fb-971d-416e-b1f4-66e23bc05d05:group-6E4456B4CB68:LeaderElection13] INFO  impl.RaftServerImpl (ServerState.java:setRaftConf(361)) - f17fb2fb-971d-416e-b1f4-66e23bc05d05:group-6E4456B4CB68 set configuration 0: [f17fb2fb-971d-416e-b1f4-66e23bc05d05:192.168.157.195:35862], old=null at 0
2019-09-12 11:40:36,223 [f17fb2fb-971d-416e-b1f4-66e23bc05d05:group-5B89EC935673:LeaderElection12] INFO  impl.RaftServerImpl (ServerState.java:setRaftConf(361)) - f17fb2fb-971d-416e-b1f4-66e23bc05d05:group-5B89EC935673 set configuration 0: [f17fb2fb-971d-416e-b1f4-66e23bc05d05:192.168.157.195:35862], old=null at 0
2019-09-12 11:40:36,272 [f17fb2fb-971d-416e-b1f4-66e23bc05d05-SegmentedRaftLogWorker:Storage Directory /workdir/hadoop-ozone/ozonefs/target/test-dir/MiniOzoneClusterImpl-3f0ffa95-bfc9-4a1c-9a47-ff24715a0622/datanode-3/data/ratis/a926077e-3957-4c85-bd59-5b89ec935673] INFO  segmented.SegmentedRaftLogWorker (SegmentedRaftLogWorker.java:execute(569)) - f17fb2fb-971d-416e-b1f4-66e23bc05d05-SegmentedRaftLogWorker:Storage Directory /workdir/hadoop-ozone/ozonefs/target/test-dir/MiniOzoneClusterImpl-3f0ffa95-bfc9-4a1c-9a47-ff24715a0622/datanode-3/data/ratis/a926077e-3957-4c85-bd59-5b89ec935673: created new log segment /workdir/hadoop-ozone/ozonefs/target/test-dir/MiniOzoneClusterImpl-3f0ffa95-bfc9-4a1c-9a47-ff24715a0622/datanode-3/data/ratis/a926077e-3957-4c85-bd59-5b89ec935673/current/log_inprogress_0
2019-09-12 11:40:36,272 [f17fb2fb-971d-416e-b1f4-66e23bc05d05-SegmentedRaftLogWorker:Storage Directory /workdir/hadoop-ozone/ozonefs/target/test-dir/MiniOzoneClusterImpl-3f0ffa95-bfc9-4a1c-9a47-ff24715a0622/datanode-3/data/ratis/0bcb5a2b-6f00-4b70-bd32-6e4456b4cb68] INFO  segmented.SegmentedRaftLogWorker (SegmentedRaftLogWorker.java:execute(569)) - f17fb2fb-971d-416e-b1f4-66e23bc05d05-SegmentedRaftLogWorker:Storage Directory /workdir/hadoop-ozone/ozonefs/target/test-dir/MiniOzoneClusterImpl-3f0ffa95-bfc9-4a1c-9a47-ff24715a0622/datanode-3/data/ratis/0bcb5a2b-6f00-4b70-bd32-6e4456b4cb68: created new log segment /workdir/hadoop-ozone/ozonefs/target/test-dir/MiniOzoneClusterImpl-3f0ffa95-bfc9-4a1c-9a47-ff24715a0622/datanode-3/data/ratis/0bcb5a2b-6f00-4b70-bd32-6e4456b4cb68/current/log_inprogress_0
2019-09-12 11:40:36,306 | INFO  | SCMAudit | user=jenkins1000 | ip=192.168.157.195 | op=SEND_HEARTBEAT {datanodeUUID=5d0352ef-d446-4a04-a69e-b6b493d47759, command=[]} | ret=SUCCESS |  
2019-09-12 11:40:36,408 | INFO  | SCMAudit | user=jenkins1000 | ip=192.168.157.195 | op=SEND_HEARTBEAT {datanodeUUID=b5e361a7-9275-4b10-aa61-1d8677ab7c49, command=[]} | ret=SUCCESS |  
2019-09-12 11:40:36,412 [Thread-323] INFO  impl.FollowerState (FollowerState.java:run(106)) - f17fb2fb-971d-416e-b1f4-66e23bc05d05:group-43DC697DF66F changes to CANDIDATE, lastRpcTime:5179, electionTimeout:5179ms
2019-09-12 11:40:36,412 [Thread-323] INFO  impl.RoleInfo (RoleInfo.java:shutdownFollowerState(121)) - f17fb2fb-971d-416e-b1f4-66e23bc05d05: shutdown FollowerState
2019-09-12 11:40:36,412 [Thread-323] INFO  impl.RaftServerImpl (RaftServerImpl.java:setRole(171)) - f17fb2fb-971d-416e-b1f4-66e23bc05d05:group-43DC697DF66F changes role from FOLLOWER to CANDIDATE at term 0 for changeToCandidate
2019-09-12 11:40:36,413 [Thread-323] INFO  impl.RoleInfo (RoleInfo.java:updateAndGet(143)) - f17fb2fb-971d-416e-b1f4-66e23bc05d05: start LeaderElection
2019-09-12 11:40:36,433 [f17fb2fb-971d-416e-b1f4-66e23bc05d05:group-43DC697DF66F:LeaderElection14] INFO  impl.LeaderElection (LeaderElection.java:askForVotes(181)) - f17fb2fb-971d-416e-b1f4-66e23bc05d05:group-43DC697DF66F:LeaderElection14: begin an election at term 1 for -1: [f17fb2fb-971d-416e-b1f4-66e23bc05d05:192.168.157.195:35862], old=null
2019-09-12 11:40:36,434 [f17fb2fb-971d-416e-b1f4-66e23bc05d05:group-43DC697DF66F:LeaderElection14] INFO  impl.RoleInfo (RoleInfo.java:shutdownLeaderElection(134)) - f17fb2fb-971d-416e-b1f4-66e23bc05d05: shutdown LeaderElection
2019-09-12 11:40:36,434 [f17fb2fb-971d-416e-b1f4-66e23bc05d05:group-43DC697DF66F:LeaderElection14] INFO  impl.RaftServerImpl (RaftServerImpl.java:setRole(171)) - f17fb2fb-971d-416e-b1f4-66e23bc05d05:group-43DC697DF66F changes role from CANDIDATE to LEADER at term 1 for changeToLeader
2019-09-12 11:40:36,434 [f17fb2fb-971d-416e-b1f4-66e23bc05d05:group-43DC697DF66F:LeaderElection14] INFO  impl.RaftServerImpl (ServerState.java:setLeader(263)) - f17fb2fb-971d-416e-b1f4-66e23bc05d05:group-43DC697DF66F change Leader from null to f17fb2fb-971d-416e-b1f4-66e23bc05d05 at term 1 for becomeLeader, leader elected after 5206ms
2019-09-12 11:40:36,434 [f17fb2fb-971d-416e-b1f4-66e23bc05d05:group-43DC697DF66F:LeaderElection14] INFO  server.RaftServerConfigKeys (ConfUtils.java:logGet(43)) - raft.server.staging.catchup.gap = 1000 (default)
2019-09-12 11:40:36,434 [f17fb2fb-971d-416e-b1f4-66e23bc05d05:group-43DC697DF66F:LeaderElection14] INFO  server.RaftServerConfigKeys (ConfUtils.java:logGet(43)) - raft.server.rpc.sleep.time = 25ms (default)
2019-09-12 11:40:36,435 [f17fb2fb-971d-416e-b1f4-66e23bc05d05:group-43DC697DF66F:LeaderElection14] INFO  server.RaftServerConfigKeys (ConfUtils.java:logGet(43)) - raft.server.write.element-limit = 4096 (default)
2019-09-12 11:40:36,435 [f17fb2fb-971d-416e-b1f4-66e23bc05d05:group-43DC697DF66F:LeaderElection14] INFO  server.RaftServerConfigKeys (ConfUtils.java:logGet(43)) - raft.server.watch.timeout = 10s (default)
2019-09-12 11:40:36,435 [f17fb2fb-971d-416e-b1f4-66e23bc05d05:group-43DC697DF66F:LeaderElection14] INFO  server.RaftServerConfigKeys (ConfUtils.java:logGet(43)) - raft.server.watch.timeout.denomination = 1s (default)
2019-09-12 11:40:36,435 [f17fb2fb-971d-416e-b1f4-66e23bc05d05:group-43DC697DF66F:LeaderElection14] INFO  server.RaftServerConfigKeys (ConfUtils.java:logGet(43)) - raft.server.watch.element-limit = 65536 (default)
2019-09-12 11:40:36,436 [f17fb2fb-971d-416e-b1f4-66e23bc05d05:group-43DC697DF66F:LeaderElection14] INFO  impl.RoleInfo (RoleInfo.java:updateAndGet(143)) - f17fb2fb-971d-416e-b1f4-66e23bc05d05: start LeaderState
2019-09-12 11:40:36,436 [f17fb2fb-971d-416e-b1f4-66e23bc05d05:group-43DC697DF66F:LeaderElection14] INFO  segmented.SegmentedRaftLogWorker (SegmentedRaftLogWorker.java:startLogSegment(380)) - f17fb2fb-971d-416e-b1f4-66e23bc05d05-SegmentedRaftLogWorker:Storage Directory /workdir/hadoop-ozone/ozonefs/target/test-dir/MiniOzoneClusterImpl-3f0ffa95-bfc9-4a1c-9a47-ff24715a0622/datanode-3/data/ratis/b8f591d9-1d38-427f-81fd-43dc697df66f: Starting segment from index:0
2019-09-12 11:40:36,437 [f17fb2fb-971d-416e-b1f4-66e23bc05d05:group-43DC697DF66F:LeaderElection14] INFO  impl.RaftServerImpl (ServerState.java:setRaftConf(361)) - f17fb2fb-971d-416e-b1f4-66e23bc05d05:group-43DC697DF66F set configuration 0: [f17fb2fb-971d-416e-b1f4-66e23bc05d05:192.168.157.195:35862], old=null at 0
2019-09-12 11:40:36,482 [f17fb2fb-971d-416e-b1f4-66e23bc05d05-SegmentedRaftLogWorker:Storage Directory /workdir/hadoop-ozone/ozonefs/target/test-dir/MiniOzoneClusterImpl-3f0ffa95-bfc9-4a1c-9a47-ff24715a0622/datanode-3/data/ratis/b8f591d9-1d38-427f-81fd-43dc697df66f] INFO  segmented.SegmentedRaftLogWorker (SegmentedRaftLogWorker.java:execute(569)) - f17fb2fb-971d-416e-b1f4-66e23bc05d05-SegmentedRaftLogWorker:Storage Directory /workdir/hadoop-ozone/ozonefs/target/test-dir/MiniOzoneClusterImpl-3f0ffa95-bfc9-4a1c-9a47-ff24715a0622/datanode-3/data/ratis/b8f591d9-1d38-427f-81fd-43dc697df66f: created new log segment /workdir/hadoop-ozone/ozonefs/target/test-dir/MiniOzoneClusterImpl-3f0ffa95-bfc9-4a1c-9a47-ff24715a0622/datanode-3/data/ratis/b8f591d9-1d38-427f-81fd-43dc697df66f/current/log_inprogress_0
2019-09-12 11:40:36,494 [Thread-333] INFO  impl.FollowerState (FollowerState.java:run(106)) - ef411258-a662-4696-ba26-405a55c9a048:group-38B1C67D44B8 changes to CANDIDATE, lastRpcTime:5019, electionTimeout:5019ms
2019-09-12 11:40:36,494 [Thread-333] INFO  impl.RoleInfo (RoleInfo.java:shutdownFollowerState(121)) - ef411258-a662-4696-ba26-405a55c9a048: shutdown FollowerState
2019-09-12 11:40:36,494 [Thread-333] INFO  impl.RaftServerImpl (RaftServerImpl.java:setRole(171)) - ef411258-a662-4696-ba26-405a55c9a048:group-38B1C67D44B8 changes role from FOLLOWER to CANDIDATE at term 0 for changeToCandidate
2019-09-12 11:40:36,494 [Thread-333] INFO  impl.RoleInfo (RoleInfo.java:updateAndGet(143)) - ef411258-a662-4696-ba26-405a55c9a048: start LeaderElection
2019-09-12 11:40:36,498 [Thread-326] INFO  impl.FollowerState (FollowerState.java:run(106)) - 875e3d5e-0813-40b8-b024-43837dd2f6d5:group-AD8B6A236438 changes to CANDIDATE, lastRpcTime:5186, electionTimeout:5186ms
2019-09-12 11:40:36,498 [Thread-326] INFO  impl.RoleInfo (RoleInfo.java:shutdownFollowerState(121)) - 875e3d5e-0813-40b8-b024-43837dd2f6d5: shutdown FollowerState
2019-09-12 11:40:36,502 [Thread-326] INFO  impl.RaftServerImpl (RaftServerImpl.java:setRole(171)) - 875e3d5e-0813-40b8-b024-43837dd2f6d5:group-AD8B6A236438 changes role from FOLLOWER to CANDIDATE at term 0 for changeToCandidate
2019-09-12 11:40:36,503 [Thread-330] INFO  impl.FollowerState (FollowerState.java:run(106)) - 875e3d5e-0813-40b8-b024-43837dd2f6d5:group-ADA921ECC105 changes to CANDIDATE, lastRpcTime:5106, electionTimeout:5103ms
2019-09-12 11:40:36,503 [Thread-326] INFO  impl.RoleInfo (RoleInfo.java:updateAndGet(143)) - 875e3d5e-0813-40b8-b024-43837dd2f6d5: start LeaderElection
2019-09-12 11:40:36,503 [Thread-330] INFO  impl.RoleInfo (RoleInfo.java:shutdownFollowerState(121)) - 875e3d5e-0813-40b8-b024-43837dd2f6d5: shutdown FollowerState
2019-09-12 11:40:36,503 [Thread-330] INFO  impl.RaftServerImpl (RaftServerImpl.java:setRole(171)) - 875e3d5e-0813-40b8-b024-43837dd2f6d5:group-ADA921ECC105 changes role from FOLLOWER to CANDIDATE at term 0 for changeToCandidate
2019-09-12 11:40:36,508 [Thread-330] INFO  impl.RoleInfo (RoleInfo.java:updateAndGet(143)) - 875e3d5e-0813-40b8-b024-43837dd2f6d5: start LeaderElection
2019-09-12 11:40:36,508 | INFO  | SCMAudit | user=jenkins1000 | ip=192.168.157.195 | op=SEND_HEARTBEAT {datanodeUUID=f17fb2fb-971d-416e-b1f4-66e23bc05d05, command=[]} | ret=SUCCESS |  
2019-09-12 11:40:36,514 | INFO  | SCMAudit | user=jenkins1000 | ip=192.168.157.195 | op=SEND_HEARTBEAT {datanodeUUID=ef411258-a662-4696-ba26-405a55c9a048, command=[]} | ret=SUCCESS |  
2019-09-12 11:40:36,516 [ef411258-a662-4696-ba26-405a55c9a048:group-38B1C67D44B8:LeaderElection15] INFO  impl.LeaderElection (LeaderElection.java:askForVotes(181)) - ef411258-a662-4696-ba26-405a55c9a048:group-38B1C67D44B8:LeaderElection15: begin an election at term 1 for -1: [ef411258-a662-4696-ba26-405a55c9a048:192.168.157.195:37970], old=null
2019-09-12 11:40:36,516 [875e3d5e-0813-40b8-b024-43837dd2f6d5:group-ADA921ECC105:LeaderElection17] INFO  impl.LeaderElection (LeaderElection.java:askForVotes(181)) - 875e3d5e-0813-40b8-b024-43837dd2f6d5:group-ADA921ECC105:LeaderElection17: begin an election at term 1 for -1: [875e3d5e-0813-40b8-b024-43837dd2f6d5:192.168.157.195:33574], old=null
2019-09-12 11:40:36,516 [ef411258-a662-4696-ba26-405a55c9a048:group-38B1C67D44B8:LeaderElection15] INFO  impl.RoleInfo (RoleInfo.java:shutdownLeaderElection(134)) - ef411258-a662-4696-ba26-405a55c9a048: shutdown LeaderElection
2019-09-12 11:40:36,516 [875e3d5e-0813-40b8-b024-43837dd2f6d5:group-AD8B6A236438:LeaderElection16] INFO  impl.LeaderElection (LeaderElection.java:askForVotes(181)) - 875e3d5e-0813-40b8-b024-43837dd2f6d5:group-AD8B6A236438:LeaderElection16: begin an election at term 1 for -1: [875e3d5e-0813-40b8-b024-43837dd2f6d5:192.168.157.195:33574], old=null
2019-09-12 11:40:36,516 [ef411258-a662-4696-ba26-405a55c9a048:group-38B1C67D44B8:LeaderElection15] INFO  impl.RaftServerImpl (RaftServerImpl.java:setRole(171)) - ef411258-a662-4696-ba26-405a55c9a048:group-38B1C67D44B8 changes role from CANDIDATE to LEADER at term 1 for changeToLeader
2019-09-12 11:40:36,516 [875e3d5e-0813-40b8-b024-43837dd2f6d5:group-ADA921ECC105:LeaderElection17] INFO  impl.RoleInfo (RoleInfo.java:shutdownLeaderElection(134)) - 875e3d5e-0813-40b8-b024-43837dd2f6d5: shutdown LeaderElection
2019-09-12 11:40:36,517 [ef411258-a662-4696-ba26-405a55c9a048:group-38B1C67D44B8:LeaderElection15] INFO  impl.RaftServerImpl (ServerState.java:setLeader(263)) - ef411258-a662-4696-ba26-405a55c9a048:group-38B1C67D44B8 change Leader from null to ef411258-a662-4696-ba26-405a55c9a048 at term 1 for becomeLeader, leader elected after 5049ms
2019-09-12 11:40:36,517 [875e3d5e-0813-40b8-b024-43837dd2f6d5:group-AD8B6A236438:LeaderElection16] INFO  impl.RoleInfo (RoleInfo.java:shutdownLeaderElection(134)) - 875e3d5e-0813-40b8-b024-43837dd2f6d5: shutdown LeaderElection
2019-09-12 11:40:36,517 [ef411258-a662-4696-ba26-405a55c9a048:group-38B1C67D44B8:LeaderElection15] INFO  server.RaftServerConfigKeys (ConfUtils.java:logGet(43)) - raft.server.staging.catchup.gap = 1000 (default)
2019-09-12 11:40:36,517 [875e3d5e-0813-40b8-b024-43837dd2f6d5:group-ADA921ECC105:LeaderElection17] INFO  impl.RaftServerImpl (RaftServerImpl.java:setRole(171)) - 875e3d5e-0813-40b8-b024-43837dd2f6d5:group-ADA921ECC105 changes role from CANDIDATE to LEADER at term 1 for changeToLeader
2019-09-12 11:40:36,517 [ef411258-a662-4696-ba26-405a55c9a048:group-38B1C67D44B8:LeaderElection15] INFO  server.RaftServerConfigKeys (ConfUtils.java:logGet(43)) - raft.server.rpc.sleep.time = 25ms (default)
2019-09-12 11:40:36,517 [875e3d5e-0813-40b8-b024-43837dd2f6d5:group-AD8B6A236438:LeaderElection16] INFO  impl.RaftServerImpl (RaftServerImpl.java:setRole(171)) - 875e3d5e-0813-40b8-b024-43837dd2f6d5:group-AD8B6A236438 changes role from CANDIDATE to LEADER at term 1 for changeToLeader
2019-09-12 11:40:36,518 [ef411258-a662-4696-ba26-405a55c9a048:group-38B1C67D44B8:LeaderElection15] INFO  server.RaftServerConfigKeys (ConfUtils.java:logGet(43)) - raft.server.write.element-limit = 4096 (default)
2019-09-12 11:40:36,517 [875e3d5e-0813-40b8-b024-43837dd2f6d5:group-ADA921ECC105:LeaderElection17] INFO  impl.RaftServerImpl (ServerState.java:setLeader(263)) - 875e3d5e-0813-40b8-b024-43837dd2f6d5:group-ADA921ECC105 change Leader from null to 875e3d5e-0813-40b8-b024-43837dd2f6d5 at term 1 for becomeLeader, leader elected after 5125ms
2019-09-12 11:40:36,518 [ef411258-a662-4696-ba26-405a55c9a048:group-38B1C67D44B8:LeaderElection15] INFO  server.RaftServerConfigKeys (ConfUtils.java:logGet(43)) - raft.server.watch.timeout = 10s (default)
2019-09-12 11:40:36,518 [875e3d5e-0813-40b8-b024-43837dd2f6d5:group-AD8B6A236438:LeaderElection16] INFO  impl.RaftServerImpl (ServerState.java:setLeader(263)) - 875e3d5e-0813-40b8-b024-43837dd2f6d5:group-AD8B6A236438 change Leader from null to 875e3d5e-0813-40b8-b024-43837dd2f6d5 at term 1 for becomeLeader, leader elected after 5210ms
2019-09-12 11:40:36,518 [ef411258-a662-4696-ba26-405a55c9a048:group-38B1C67D44B8:LeaderElection15] INFO  server.RaftServerConfigKeys (ConfUtils.java:logGet(43)) - raft.server.watch.timeout.denomination = 1s (default)
2019-09-12 11:40:36,518 [875e3d5e-0813-40b8-b024-43837dd2f6d5:group-ADA921ECC105:LeaderElection17] INFO  server.RaftServerConfigKeys (ConfUtils.java:logGet(43)) - raft.server.staging.catchup.gap = 1000 (default)
2019-09-12 11:40:36,518 [ef411258-a662-4696-ba26-405a55c9a048:group-38B1C67D44B8:LeaderElection15] INFO  server.RaftServerConfigKeys (ConfUtils.java:logGet(43)) - raft.server.watch.element-limit = 65536 (default)
2019-09-12 11:40:36,518 [875e3d5e-0813-40b8-b024-43837dd2f6d5:group-AD8B6A236438:LeaderElection16] INFO  server.RaftServerConfigKeys (ConfUtils.java:logGet(43)) - raft.server.staging.catchup.gap = 1000 (default)
2019-09-12 11:40:36,519 [875e3d5e-0813-40b8-b024-43837dd2f6d5:group-ADA921ECC105:LeaderElection17] INFO  server.RaftServerConfigKeys (ConfUtils.java:logGet(43)) - raft.server.rpc.sleep.time = 25ms (default)
2019-09-12 11:40:36,519 [ef411258-a662-4696-ba26-405a55c9a048:group-38B1C67D44B8:LeaderElection15] INFO  impl.RoleInfo (RoleInfo.java:updateAndGet(143)) - ef411258-a662-4696-ba26-405a55c9a048: start LeaderState
2019-09-12 11:40:36,519 [875e3d5e-0813-40b8-b024-43837dd2f6d5:group-ADA921ECC105:LeaderElection17] INFO  server.RaftServerConfigKeys (ConfUtils.java:logGet(43)) - raft.server.write.element-limit = 4096 (default)
2019-09-12 11:40:36,519 [875e3d5e-0813-40b8-b024-43837dd2f6d5:group-AD8B6A236438:LeaderElection16] INFO  server.RaftServerConfigKeys (ConfUtils.java:logGet(43)) - raft.server.rpc.sleep.time = 25ms (default)
2019-09-12 11:40:36,519 [ef411258-a662-4696-ba26-405a55c9a048:group-38B1C67D44B8:LeaderElection15] INFO  segmented.SegmentedRaftLogWorker (SegmentedRaftLogWorker.java:startLogSegment(380)) - ef411258-a662-4696-ba26-405a55c9a048-SegmentedRaftLogWorker:Storage Directory /workdir/hadoop-ozone/ozonefs/target/test-dir/MiniOzoneClusterImpl-3f0ffa95-bfc9-4a1c-9a47-ff24715a0622/datanode-4/data/ratis/40f2b69a-eb25-43d2-a82d-38b1c67d44b8: Starting segment from index:0
2019-09-12 11:40:36,519 [875e3d5e-0813-40b8-b024-43837dd2f6d5:group-ADA921ECC105:LeaderElection17] INFO  server.RaftServerConfigKeys (ConfUtils.java:logGet(43)) - raft.server.watch.timeout = 10s (default)
2019-09-12 11:40:36,519 [875e3d5e-0813-40b8-b024-43837dd2f6d5:group-AD8B6A236438:LeaderElection16] INFO  server.RaftServerConfigKeys (ConfUtils.java:logGet(43)) - raft.server.write.element-limit = 4096 (default)
2019-09-12 11:40:36,520 [875e3d5e-0813-40b8-b024-43837dd2f6d5:group-ADA921ECC105:LeaderElection17] INFO  server.RaftServerConfigKeys (ConfUtils.java:logGet(43)) - raft.server.watch.timeout.denomination = 1s (default)
2019-09-12 11:40:36,520 [ef411258-a662-4696-ba26-405a55c9a048:group-38B1C67D44B8:LeaderElection15] INFO  impl.RaftServerImpl (ServerState.java:setRaftConf(361)) - ef411258-a662-4696-ba26-405a55c9a048:group-38B1C67D44B8 set configuration 0: [ef411258-a662-4696-ba26-405a55c9a048:192.168.157.195:37970], old=null at 0
2019-09-12 11:40:36,520 [875e3d5e-0813-40b8-b024-43837dd2f6d5:group-AD8B6A236438:LeaderElection16] INFO  server.RaftServerConfigKeys (ConfUtils.java:logGet(43)) - raft.server.watch.timeout = 10s (default)
2019-09-12 11:40:36,520 [875e3d5e-0813-40b8-b024-43837dd2f6d5:group-ADA921ECC105:LeaderElection17] INFO  server.RaftServerConfigKeys (ConfUtils.java:logGet(43)) - raft.server.watch.element-limit = 65536 (default)
2019-09-12 11:40:36,549 [875e3d5e-0813-40b8-b024-43837dd2f6d5:group-AD8B6A236438:LeaderElection16] INFO  server.RaftServerConfigKeys (ConfUtils.java:logGet(43)) - raft.server.watch.timeout.denomination = 1s (default)
2019-09-12 11:40:36,549 [875e3d5e-0813-40b8-b024-43837dd2f6d5:group-AD8B6A236438:LeaderElection16] INFO  server.RaftServerConfigKeys (ConfUtils.java:logGet(43)) - raft.server.watch.element-limit = 65536 (default)
2019-09-12 11:40:36,549 [875e3d5e-0813-40b8-b024-43837dd2f6d5:group-ADA921ECC105:LeaderElection17] INFO  impl.RoleInfo (RoleInfo.java:updateAndGet(143)) - 875e3d5e-0813-40b8-b024-43837dd2f6d5: start LeaderState
2019-09-12 11:40:36,550 [875e3d5e-0813-40b8-b024-43837dd2f6d5:group-AD8B6A236438:LeaderElection16] INFO  impl.RoleInfo (RoleInfo.java:updateAndGet(143)) - 875e3d5e-0813-40b8-b024-43837dd2f6d5: start LeaderState
2019-09-12 11:40:36,550 [875e3d5e-0813-40b8-b024-43837dd2f6d5:group-ADA921ECC105:LeaderElection17] INFO  segmented.SegmentedRaftLogWorker (SegmentedRaftLogWorker.java:startLogSegment(380)) - 875e3d5e-0813-40b8-b024-43837dd2f6d5-SegmentedRaftLogWorker:Storage Directory /workdir/hadoop-ozone/ozonefs/target/test-dir/MiniOzoneClusterImpl-3f0ffa95-bfc9-4a1c-9a47-ff24715a0622/datanode-5/data/ratis/fe089f3e-4c21-49f2-95e7-ada921ecc105: Starting segment from index:0
2019-09-12 11:40:36,550 [875e3d5e-0813-40b8-b024-43837dd2f6d5:group-AD8B6A236438:LeaderElection16] INFO  segmented.SegmentedRaftLogWorker (SegmentedRaftLogWorker.java:startLogSegment(380)) - 875e3d5e-0813-40b8-b024-43837dd2f6d5-SegmentedRaftLogWorker:Storage Directory /workdir/hadoop-ozone/ozonefs/target/test-dir/MiniOzoneClusterImpl-3f0ffa95-bfc9-4a1c-9a47-ff24715a0622/datanode-5/data/ratis/f7530d1c-cb34-4e3c-9ffe-ad8b6a236438: Starting segment from index:0
2019-09-12 11:40:36,550 [875e3d5e-0813-40b8-b024-43837dd2f6d5:group-ADA921ECC105:LeaderElection17] INFO  impl.RaftServerImpl (ServerState.java:setRaftConf(361)) - 875e3d5e-0813-40b8-b024-43837dd2f6d5:group-ADA921ECC105 set configuration 0: [875e3d5e-0813-40b8-b024-43837dd2f6d5:192.168.157.195:33574], old=null at 0
2019-09-12 11:40:36,551 [875e3d5e-0813-40b8-b024-43837dd2f6d5:group-AD8B6A236438:LeaderElection16] INFO  impl.RaftServerImpl (ServerState.java:setRaftConf(361)) - 875e3d5e-0813-40b8-b024-43837dd2f6d5:group-AD8B6A236438 set configuration 0: [875e3d5e-0813-40b8-b024-43837dd2f6d5:192.168.157.195:33574], old=null at 0
2019-09-12 11:40:36,589 [ef411258-a662-4696-ba26-405a55c9a048-SegmentedRaftLogWorker:Storage Directory /workdir/hadoop-ozone/ozonefs/target/test-dir/MiniOzoneClusterImpl-3f0ffa95-bfc9-4a1c-9a47-ff24715a0622/datanode-4/data/ratis/40f2b69a-eb25-43d2-a82d-38b1c67d44b8] INFO  segmented.SegmentedRaftLogWorker (SegmentedRaftLogWorker.java:execute(569)) - ef411258-a662-4696-ba26-405a55c9a048-SegmentedRaftLogWorker:Storage Directory /workdir/hadoop-ozone/ozonefs/target/test-dir/MiniOzoneClusterImpl-3f0ffa95-bfc9-4a1c-9a47-ff24715a0622/datanode-4/data/ratis/40f2b69a-eb25-43d2-a82d-38b1c67d44b8: created new log segment /workdir/hadoop-ozone/ozonefs/target/test-dir/MiniOzoneClusterImpl-3f0ffa95-bfc9-4a1c-9a47-ff24715a0622/datanode-4/data/ratis/40f2b69a-eb25-43d2-a82d-38b1c67d44b8/current/log_inprogress_0
2019-09-12 11:40:36,599 [Thread-336] INFO  impl.FollowerState (FollowerState.java:run(106)) - 2da31971-fd5c-4baf-8dfe-b6048362baf8:group-ED5CD0909695 changes to CANDIDATE, lastRpcTime:5059, electionTimeout:5059ms
2019-09-12 11:40:36,599 [Thread-336] INFO  impl.RoleInfo (RoleInfo.java:shutdownFollowerState(121)) - 2da31971-fd5c-4baf-8dfe-b6048362baf8: shutdown FollowerState
2019-09-12 11:40:36,599 [Thread-336] INFO  impl.RaftServerImpl (RaftServerImpl.java:setRole(171)) - 2da31971-fd5c-4baf-8dfe-b6048362baf8:group-ED5CD0909695 changes role from FOLLOWER to CANDIDATE at term 0 for changeToCandidate
2019-09-12 11:40:36,599 [Thread-336] INFO  impl.RoleInfo (RoleInfo.java:updateAndGet(143)) - 2da31971-fd5c-4baf-8dfe-b6048362baf8: start LeaderElection
2019-09-12 11:40:36,608 [875e3d5e-0813-40b8-b024-43837dd2f6d5-SegmentedRaftLogWorker:Storage Directory /workdir/hadoop-ozone/ozonefs/target/test-dir/MiniOzoneClusterImpl-3f0ffa95-bfc9-4a1c-9a47-ff24715a0622/datanode-5/data/ratis/fe089f3e-4c21-49f2-95e7-ada921ecc105] INFO  segmented.SegmentedRaftLogWorker (SegmentedRaftLogWorker.java:execute(569)) - 875e3d5e-0813-40b8-b024-43837dd2f6d5-SegmentedRaftLogWorker:Storage Directory /workdir/hadoop-ozone/ozonefs/target/test-dir/MiniOzoneClusterImpl-3f0ffa95-bfc9-4a1c-9a47-ff24715a0622/datanode-5/data/ratis/fe089f3e-4c21-49f2-95e7-ada921ecc105: created new log segment /workdir/hadoop-ozone/ozonefs/target/test-dir/MiniOzoneClusterImpl-3f0ffa95-bfc9-4a1c-9a47-ff24715a0622/datanode-5/data/ratis/fe089f3e-4c21-49f2-95e7-ada921ecc105/current/log_inprogress_0
2019-09-12 11:40:36,608 [875e3d5e-0813-40b8-b024-43837dd2f6d5-SegmentedRaftLogWorker:Storage Directory /workdir/hadoop-ozone/ozonefs/target/test-dir/MiniOzoneClusterImpl-3f0ffa95-bfc9-4a1c-9a47-ff24715a0622/datanode-5/data/ratis/f7530d1c-cb34-4e3c-9ffe-ad8b6a236438] INFO  segmented.SegmentedRaftLogWorker (SegmentedRaftLogWorker.java:execute(569)) - 875e3d5e-0813-40b8-b024-43837dd2f6d5-SegmentedRaftLogWorker:Storage Directory /workdir/hadoop-ozone/ozonefs/target/test-dir/MiniOzoneClusterImpl-3f0ffa95-bfc9-4a1c-9a47-ff24715a0622/datanode-5/data/ratis/f7530d1c-cb34-4e3c-9ffe-ad8b6a236438: created new log segment /workdir/hadoop-ozone/ozonefs/target/test-dir/MiniOzoneClusterImpl-3f0ffa95-bfc9-4a1c-9a47-ff24715a0622/datanode-5/data/ratis/f7530d1c-cb34-4e3c-9ffe-ad8b6a236438/current/log_inprogress_0
2019-09-12 11:40:36,609 | INFO  | SCMAudit | user=jenkins1000 | ip=192.168.157.195 | op=SEND_HEARTBEAT {datanodeUUID=2da31971-fd5c-4baf-8dfe-b6048362baf8, command=[]} | ret=SUCCESS |  
2019-09-12 11:40:36,621 [2da31971-fd5c-4baf-8dfe-b6048362baf8:group-ED5CD0909695:LeaderElection18] INFO  impl.LeaderElection (LeaderElection.java:askForVotes(181)) - 2da31971-fd5c-4baf-8dfe-b6048362baf8:group-ED5CD0909695:LeaderElection18: begin an election at term 1 for -1: [2da31971-fd5c-4baf-8dfe-b6048362baf8:192.168.157.195:36166], old=null
2019-09-12 11:40:36,621 [2da31971-fd5c-4baf-8dfe-b6048362baf8:group-ED5CD0909695:LeaderElection18] INFO  impl.RoleInfo (RoleInfo.java:shutdownLeaderElection(134)) - 2da31971-fd5c-4baf-8dfe-b6048362baf8: shutdown LeaderElection
2019-09-12 11:40:36,621 [2da31971-fd5c-4baf-8dfe-b6048362baf8:group-ED5CD0909695:LeaderElection18] INFO  impl.RaftServerImpl (RaftServerImpl.java:setRole(171)) - 2da31971-fd5c-4baf-8dfe-b6048362baf8:group-ED5CD0909695 changes role from CANDIDATE to LEADER at term 1 for changeToLeader
2019-09-12 11:40:36,621 [2da31971-fd5c-4baf-8dfe-b6048362baf8:group-ED5CD0909695:LeaderElection18] INFO  impl.RaftServerImpl (ServerState.java:setLeader(263)) - 2da31971-fd5c-4baf-8dfe-b6048362baf8:group-ED5CD0909695 change Leader from null to 2da31971-fd5c-4baf-8dfe-b6048362baf8 at term 1 for becomeLeader, leader elected after 5087ms
2019-09-12 11:40:36,621 [2da31971-fd5c-4baf-8dfe-b6048362baf8:group-ED5CD0909695:LeaderElection18] INFO  server.RaftServerConfigKeys (ConfUtils.java:logGet(43)) - raft.server.staging.catchup.gap = 1000 (default)
2019-09-12 11:40:36,621 [2da31971-fd5c-4baf-8dfe-b6048362baf8:group-ED5CD0909695:LeaderElection18] INFO  server.RaftServerConfigKeys (ConfUtils.java:logGet(43)) - raft.server.rpc.sleep.time = 25ms (default)
2019-09-12 11:40:36,622 [2da31971-fd5c-4baf-8dfe-b6048362baf8:group-ED5CD0909695:LeaderElection18] INFO  server.RaftServerConfigKeys (ConfUtils.java:logGet(43)) - raft.server.write.element-limit = 4096 (default)
2019-09-12 11:40:36,622 [2da31971-fd5c-4baf-8dfe-b6048362baf8:group-ED5CD0909695:LeaderElection18] INFO  server.RaftServerConfigKeys (ConfUtils.java:logGet(43)) - raft.server.watch.timeout = 10s (default)
2019-09-12 11:40:36,622 [2da31971-fd5c-4baf-8dfe-b6048362baf8:group-ED5CD0909695:LeaderElection18] INFO  server.RaftServerConfigKeys (ConfUtils.java:logGet(43)) - raft.server.watch.timeout.denomination = 1s (default)
2019-09-12 11:40:36,622 [2da31971-fd5c-4baf-8dfe-b6048362baf8:group-ED5CD0909695:LeaderElection18] INFO  server.RaftServerConfigKeys (ConfUtils.java:logGet(43)) - raft.server.watch.element-limit = 65536 (default)
2019-09-12 11:40:36,622 [2da31971-fd5c-4baf-8dfe-b6048362baf8:group-ED5CD0909695:LeaderElection18] INFO  impl.RoleInfo (RoleInfo.java:updateAndGet(143)) - 2da31971-fd5c-4baf-8dfe-b6048362baf8: start LeaderState
2019-09-12 11:40:36,622 [2da31971-fd5c-4baf-8dfe-b6048362baf8:group-ED5CD0909695:LeaderElection18] INFO  segmented.SegmentedRaftLogWorker (SegmentedRaftLogWorker.java:startLogSegment(380)) - 2da31971-fd5c-4baf-8dfe-b6048362baf8-SegmentedRaftLogWorker:Storage Directory /workdir/hadoop-ozone/ozonefs/target/test-dir/MiniOzoneClusterImpl-3f0ffa95-bfc9-4a1c-9a47-ff24715a0622/datanode-1/data/ratis/f7699335-e7de-47fe-839f-ed5cd0909695: Starting segment from index:0
2019-09-12 11:40:36,623 [2da31971-fd5c-4baf-8dfe-b6048362baf8:group-ED5CD0909695:LeaderElection18] INFO  impl.RaftServerImpl (ServerState.java:setRaftConf(361)) - 2da31971-fd5c-4baf-8dfe-b6048362baf8:group-ED5CD0909695 set configuration 0: [2da31971-fd5c-4baf-8dfe-b6048362baf8:192.168.157.195:36166], old=null at 0
2019-09-12 11:40:36,662 | INFO  | SCMAudit | user=jenkins1000 | ip=192.168.157.195 | op=SEND_HEARTBEAT {datanodeUUID=dbf859ef-0f75-4843-8536-03105c97857a, command=[]} | ret=SUCCESS |  
2019-09-12 11:40:36,673 [2da31971-fd5c-4baf-8dfe-b6048362baf8-SegmentedRaftLogWorker:Storage Directory /workdir/hadoop-ozone/ozonefs/target/test-dir/MiniOzoneClusterImpl-3f0ffa95-bfc9-4a1c-9a47-ff24715a0622/datanode-1/data/ratis/f7699335-e7de-47fe-839f-ed5cd0909695] INFO  segmented.SegmentedRaftLogWorker (SegmentedRaftLogWorker.java:execute(569)) - 2da31971-fd5c-4baf-8dfe-b6048362baf8-SegmentedRaftLogWorker:Storage Directory /workdir/hadoop-ozone/ozonefs/target/test-dir/MiniOzoneClusterImpl-3f0ffa95-bfc9-4a1c-9a47-ff24715a0622/datanode-1/data/ratis/f7699335-e7de-47fe-839f-ed5cd0909695: created new log segment /workdir/hadoop-ozone/ozonefs/target/test-dir/MiniOzoneClusterImpl-3f0ffa95-bfc9-4a1c-9a47-ff24715a0622/datanode-1/data/ratis/f7699335-e7de-47fe-839f-ed5cd0909695/current/log_inprogress_0
2019-09-12 11:40:36,733 [Thread-339] INFO  impl.FollowerState (FollowerState.java:run(106)) - ef411258-a662-4696-ba26-405a55c9a048:group-F7C924FCDA8B changes to CANDIDATE, lastRpcTime:5137, electionTimeout:5137ms
2019-09-12 11:40:36,733 [Thread-339] INFO  impl.RoleInfo (RoleInfo.java:shutdownFollowerState(121)) - ef411258-a662-4696-ba26-405a55c9a048: shutdown FollowerState
2019-09-12 11:40:36,733 [Thread-339] INFO  impl.RaftServerImpl (RaftServerImpl.java:setRole(171)) - ef411258-a662-4696-ba26-405a55c9a048:group-F7C924FCDA8B changes role from FOLLOWER to CANDIDATE at term 0 for changeToCandidate
2019-09-12 11:40:36,733 [Thread-339] INFO  impl.RoleInfo (RoleInfo.java:updateAndGet(143)) - ef411258-a662-4696-ba26-405a55c9a048: start LeaderElection
2019-09-12 11:40:36,748 | INFO  | SCMAudit | user=jenkins1000 | ip=192.168.157.195 | op=SEND_HEARTBEAT {datanodeUUID=875e3d5e-0813-40b8-b024-43837dd2f6d5, command=[]} | ret=SUCCESS |  
2019-09-12 11:40:36,754 [Thread-342] INFO  impl.FollowerState (FollowerState.java:run(106)) - abc6f9f9-8862-43ee-ac13-b67e1574492b:group-7170AE6FA3A0 changes to CANDIDATE, lastRpcTime:5061, electionTimeout:5061ms
2019-09-12 11:40:36,754 [Thread-342] INFO  impl.RoleInfo (RoleInfo.java:shutdownFollowerState(121)) - abc6f9f9-8862-43ee-ac13-b67e1574492b: shutdown FollowerState
2019-09-12 11:40:36,754 [Thread-342] INFO  impl.RaftServerImpl (RaftServerImpl.java:setRole(171)) - abc6f9f9-8862-43ee-ac13-b67e1574492b:group-7170AE6FA3A0 changes role from FOLLOWER to CANDIDATE at term 0 for changeToCandidate
2019-09-12 11:40:36,754 [Thread-342] INFO  impl.RoleInfo (RoleInfo.java:updateAndGet(143)) - abc6f9f9-8862-43ee-ac13-b67e1574492b: start LeaderElection
2019-09-12 11:40:36,754 [ef411258-a662-4696-ba26-405a55c9a048:group-F7C924FCDA8B:LeaderElection19] INFO  impl.LeaderElection (LeaderElection.java:askForVotes(181)) - ef411258-a662-4696-ba26-405a55c9a048:group-F7C924FCDA8B:LeaderElection19: begin an election at term 1 for -1: [ef411258-a662-4696-ba26-405a55c9a048:192.168.157.195:37970], old=null
2019-09-12 11:40:36,784 [ef411258-a662-4696-ba26-405a55c9a048:group-F7C924FCDA8B:LeaderElection19] INFO  impl.RoleInfo (RoleInfo.java:shutdownLeaderElection(134)) - ef411258-a662-4696-ba26-405a55c9a048: shutdown LeaderElection
2019-09-12 11:40:36,784 [ef411258-a662-4696-ba26-405a55c9a048:group-F7C924FCDA8B:LeaderElection19] INFO  impl.RaftServerImpl (RaftServerImpl.java:setRole(171)) - ef411258-a662-4696-ba26-405a55c9a048:group-F7C924FCDA8B changes role from CANDIDATE to LEADER at term 1 for changeToLeader
2019-09-12 11:40:36,785 [ef411258-a662-4696-ba26-405a55c9a048:group-F7C924FCDA8B:LeaderElection19] INFO  impl.RaftServerImpl (ServerState.java:setLeader(263)) - ef411258-a662-4696-ba26-405a55c9a048:group-F7C924FCDA8B change Leader from null to ef411258-a662-4696-ba26-405a55c9a048 at term 1 for becomeLeader, leader elected after 5192ms
2019-09-12 11:40:36,785 [ef411258-a662-4696-ba26-405a55c9a048:group-F7C924FCDA8B:LeaderElection19] INFO  server.RaftServerConfigKeys (ConfUtils.java:logGet(43)) - raft.server.staging.catchup.gap = 1000 (default)
2019-09-12 11:40:36,785 [ef411258-a662-4696-ba26-405a55c9a048:group-F7C924FCDA8B:LeaderElection19] INFO  server.RaftServerConfigKeys (ConfUtils.java:logGet(43)) - raft.server.rpc.sleep.time = 25ms (default)
2019-09-12 11:40:36,785 [ef411258-a662-4696-ba26-405a55c9a048:group-F7C924FCDA8B:LeaderElection19] INFO  server.RaftServerConfigKeys (ConfUtils.java:logGet(43)) - raft.server.write.element-limit = 4096 (default)
2019-09-12 11:40:36,785 [ef411258-a662-4696-ba26-405a55c9a048:group-F7C924FCDA8B:LeaderElection19] INFO  server.RaftServerConfigKeys (ConfUtils.java:logGet(43)) - raft.server.watch.timeout = 10s (default)
2019-09-12 11:40:36,785 [ef411258-a662-4696-ba26-405a55c9a048:group-F7C924FCDA8B:LeaderElection19] INFO  server.RaftServerConfigKeys (ConfUtils.java:logGet(43)) - raft.server.watch.timeout.denomination = 1s (default)
2019-09-12 11:40:36,785 [ef411258-a662-4696-ba26-405a55c9a048:group-F7C924FCDA8B:LeaderElection19] INFO  server.RaftServerConfigKeys (ConfUtils.java:logGet(43)) - raft.server.watch.element-limit = 65536 (default)
2019-09-12 11:40:36,786 [ef411258-a662-4696-ba26-405a55c9a048:group-F7C924FCDA8B:LeaderElection19] INFO  impl.RoleInfo (RoleInfo.java:updateAndGet(143)) - ef411258-a662-4696-ba26-405a55c9a048: start LeaderState
2019-09-12 11:40:36,786 [ef411258-a662-4696-ba26-405a55c9a048:group-F7C924FCDA8B:LeaderElection19] INFO  segmented.SegmentedRaftLogWorker (SegmentedRaftLogWorker.java:startLogSegment(380)) - ef411258-a662-4696-ba26-405a55c9a048-SegmentedRaftLogWorker:Storage Directory /workdir/hadoop-ozone/ozonefs/target/test-dir/MiniOzoneClusterImpl-3f0ffa95-bfc9-4a1c-9a47-ff24715a0622/datanode-4/data/ratis/e4872088-161d-446a-a110-f7c924fcda8b: Starting segment from index:0
2019-09-12 11:40:36,786 [ef411258-a662-4696-ba26-405a55c9a048:group-F7C924FCDA8B:LeaderElection19] INFO  impl.RaftServerImpl (ServerState.java:setRaftConf(361)) - ef411258-a662-4696-ba26-405a55c9a048:group-F7C924FCDA8B set configuration 0: [ef411258-a662-4696-ba26-405a55c9a048:192.168.157.195:37970], old=null at 0
2019-09-12 11:40:36,815 [abc6f9f9-8862-43ee-ac13-b67e1574492b:group-7170AE6FA3A0:LeaderElection20] INFO  impl.LeaderElection (LeaderElection.java:askForVotes(181)) - abc6f9f9-8862-43ee-ac13-b67e1574492b:group-7170AE6FA3A0:LeaderElection20: begin an election at term 1 for -1: [abc6f9f9-8862-43ee-ac13-b67e1574492b:192.168.157.195:32913], old=null
2019-09-12 11:40:36,815 [abc6f9f9-8862-43ee-ac13-b67e1574492b:group-7170AE6FA3A0:LeaderElection20] INFO  impl.RoleInfo (RoleInfo.java:shutdownLeaderElection(134)) - abc6f9f9-8862-43ee-ac13-b67e1574492b: shutdown LeaderElection
2019-09-12 11:40:36,815 [abc6f9f9-8862-43ee-ac13-b67e1574492b:group-7170AE6FA3A0:LeaderElection20] INFO  impl.RaftServerImpl (RaftServerImpl.java:setRole(171)) - abc6f9f9-8862-43ee-ac13-b67e1574492b:group-7170AE6FA3A0 changes role from CANDIDATE to LEADER at term 1 for changeToLeader
2019-09-12 11:40:36,815 [abc6f9f9-8862-43ee-ac13-b67e1574492b:group-7170AE6FA3A0:LeaderElection20] INFO  impl.RaftServerImpl (ServerState.java:setLeader(263)) - abc6f9f9-8862-43ee-ac13-b67e1574492b:group-7170AE6FA3A0 change Leader from null to abc6f9f9-8862-43ee-ac13-b67e1574492b at term 1 for becomeLeader, leader elected after 5128ms
2019-09-12 11:40:36,815 [abc6f9f9-8862-43ee-ac13-b67e1574492b:group-7170AE6FA3A0:LeaderElection20] INFO  server.RaftServerConfigKeys (ConfUtils.java:logGet(43)) - raft.server.staging.catchup.gap = 1000 (default)
2019-09-12 11:40:36,815 [abc6f9f9-8862-43ee-ac13-b67e1574492b:group-7170AE6FA3A0:LeaderElection20] INFO  server.RaftServerConfigKeys (ConfUtils.java:logGet(43)) - raft.server.rpc.sleep.time = 25ms (default)
2019-09-12 11:40:36,816 [abc6f9f9-8862-43ee-ac13-b67e1574492b:group-7170AE6FA3A0:LeaderElection20] INFO  server.RaftServerConfigKeys (ConfUtils.java:logGet(43)) - raft.server.write.element-limit = 4096 (default)
2019-09-12 11:40:36,816 [abc6f9f9-8862-43ee-ac13-b67e1574492b:group-7170AE6FA3A0:LeaderElection20] INFO  server.RaftServerConfigKeys (ConfUtils.java:logGet(43)) - raft.server.watch.timeout = 10s (default)
2019-09-12 11:40:36,816 [abc6f9f9-8862-43ee-ac13-b67e1574492b:group-7170AE6FA3A0:LeaderElection20] INFO  server.RaftServerConfigKeys (ConfUtils.java:logGet(43)) - raft.server.watch.timeout.denomination = 1s (default)
2019-09-12 11:40:36,816 [abc6f9f9-8862-43ee-ac13-b67e1574492b:group-7170AE6FA3A0:LeaderElection20] INFO  server.RaftServerConfigKeys (ConfUtils.java:logGet(43)) - raft.server.watch.element-limit = 65536 (default)
2019-09-12 11:40:36,816 [abc6f9f9-8862-43ee-ac13-b67e1574492b:group-7170AE6FA3A0:LeaderElection20] INFO  impl.RoleInfo (RoleInfo.java:updateAndGet(143)) - abc6f9f9-8862-43ee-ac13-b67e1574492b: start LeaderState
2019-09-12 11:40:36,816 [abc6f9f9-8862-43ee-ac13-b67e1574492b:group-7170AE6FA3A0:LeaderElection20] INFO  segmented.SegmentedRaftLogWorker (SegmentedRaftLogWorker.java:startLogSegment(380)) - abc6f9f9-8862-43ee-ac13-b67e1574492b-SegmentedRaftLogWorker:Storage Directory /workdir/hadoop-ozone/ozonefs/target/test-dir/MiniOzoneClusterImpl-3f0ffa95-bfc9-4a1c-9a47-ff24715a0622/datanode-2/data/ratis/8f6ab6f8-421d-4b4a-af92-7170ae6fa3a0: Starting segment from index:0
2019-09-12 11:40:36,817 [abc6f9f9-8862-43ee-ac13-b67e1574492b:group-7170AE6FA3A0:LeaderElection20] INFO  impl.RaftServerImpl (ServerState.java:setRaftConf(361)) - abc6f9f9-8862-43ee-ac13-b67e1574492b:group-7170AE6FA3A0 set configuration 0: [abc6f9f9-8862-43ee-ac13-b67e1574492b:192.168.157.195:32913], old=null at 0
2019-09-12 11:40:36,845 [ef411258-a662-4696-ba26-405a55c9a048-SegmentedRaftLogWorker:Storage Directory /workdir/hadoop-ozone/ozonefs/target/test-dir/MiniOzoneClusterImpl-3f0ffa95-bfc9-4a1c-9a47-ff24715a0622/datanode-4/data/ratis/e4872088-161d-446a-a110-f7c924fcda8b] INFO  segmented.SegmentedRaftLogWorker (SegmentedRaftLogWorker.java:execute(569)) - ef411258-a662-4696-ba26-405a55c9a048-SegmentedRaftLogWorker:Storage Directory /workdir/hadoop-ozone/ozonefs/target/test-dir/MiniOzoneClusterImpl-3f0ffa95-bfc9-4a1c-9a47-ff24715a0622/datanode-4/data/ratis/e4872088-161d-446a-a110-f7c924fcda8b: created new log segment /workdir/hadoop-ozone/ozonefs/target/test-dir/MiniOzoneClusterImpl-3f0ffa95-bfc9-4a1c-9a47-ff24715a0622/datanode-4/data/ratis/e4872088-161d-446a-a110-f7c924fcda8b/current/log_inprogress_0
2019-09-12 11:40:36,858 [abc6f9f9-8862-43ee-ac13-b67e1574492b-SegmentedRaftLogWorker:Storage Directory /workdir/hadoop-ozone/ozonefs/target/test-dir/MiniOzoneClusterImpl-3f0ffa95-bfc9-4a1c-9a47-ff24715a0622/datanode-2/data/ratis/8f6ab6f8-421d-4b4a-af92-7170ae6fa3a0] INFO  segmented.SegmentedRaftLogWorker (SegmentedRaftLogWorker.java:execute(569)) - abc6f9f9-8862-43ee-ac13-b67e1574492b-SegmentedRaftLogWorker:Storage Directory /workdir/hadoop-ozone/ozonefs/target/test-dir/MiniOzoneClusterImpl-3f0ffa95-bfc9-4a1c-9a47-ff24715a0622/datanode-2/data/ratis/8f6ab6f8-421d-4b4a-af92-7170ae6fa3a0: created new log segment /workdir/hadoop-ozone/ozonefs/target/test-dir/MiniOzoneClusterImpl-3f0ffa95-bfc9-4a1c-9a47-ff24715a0622/datanode-2/data/ratis/8f6ab6f8-421d-4b4a-af92-7170ae6fa3a0/current/log_inprogress_0
2019-09-12 11:40:36,936 | INFO  | SCMAudit | user=jenkins1000 | ip=192.168.157.195 | op=SEND_HEARTBEAT {datanodeUUID=abc6f9f9-8862-43ee-ac13-b67e1574492b, command=[]} | ret=SUCCESS |  
2019-09-12 11:40:36,948 [Thread-345] INFO  impl.FollowerState (FollowerState.java:run(106)) - 875e3d5e-0813-40b8-b024-43837dd2f6d5:group-798CD9815786 changes to CANDIDATE, lastRpcTime:5152, electionTimeout:5152ms
2019-09-12 11:40:36,948 [Thread-345] INFO  impl.RoleInfo (RoleInfo.java:shutdownFollowerState(121)) - 875e3d5e-0813-40b8-b024-43837dd2f6d5: shutdown FollowerState
2019-09-12 11:40:36,948 [Thread-345] INFO  impl.RaftServerImpl (RaftServerImpl.java:setRole(171)) - 875e3d5e-0813-40b8-b024-43837dd2f6d5:group-798CD9815786 changes role from FOLLOWER to CANDIDATE at term 0 for changeToCandidate
2019-09-12 11:40:36,949 [Thread-345] INFO  impl.RoleInfo (RoleInfo.java:updateAndGet(143)) - 875e3d5e-0813-40b8-b024-43837dd2f6d5: start LeaderElection
2019-09-12 11:40:36,965 [875e3d5e-0813-40b8-b024-43837dd2f6d5:group-798CD9815786:LeaderElection21] INFO  impl.LeaderElection (LeaderElection.java:askForVotes(181)) - 875e3d5e-0813-40b8-b024-43837dd2f6d5:group-798CD9815786:LeaderElection21: begin an election at term 1 for -1: [875e3d5e-0813-40b8-b024-43837dd2f6d5:192.168.157.195:33574], old=null
2019-09-12 11:40:36,966 [875e3d5e-0813-40b8-b024-43837dd2f6d5:group-798CD9815786:LeaderElection21] INFO  impl.RoleInfo (RoleInfo.java:shutdownLeaderElection(134)) - 875e3d5e-0813-40b8-b024-43837dd2f6d5: shutdown LeaderElection
2019-09-12 11:40:36,966 [875e3d5e-0813-40b8-b024-43837dd2f6d5:group-798CD9815786:LeaderElection21] INFO  impl.RaftServerImpl (RaftServerImpl.java:setRole(171)) - 875e3d5e-0813-40b8-b024-43837dd2f6d5:group-798CD9815786 changes role from CANDIDATE to LEADER at term 1 for changeToLeader
2019-09-12 11:40:36,966 [875e3d5e-0813-40b8-b024-43837dd2f6d5:group-798CD9815786:LeaderElection21] INFO  impl.RaftServerImpl (ServerState.java:setLeader(263)) - 875e3d5e-0813-40b8-b024-43837dd2f6d5:group-798CD9815786 change Leader from null to 875e3d5e-0813-40b8-b024-43837dd2f6d5 at term 1 for becomeLeader, leader elected after 5176ms
2019-09-12 11:40:36,966 [875e3d5e-0813-40b8-b024-43837dd2f6d5:group-798CD9815786:LeaderElection21] INFO  server.RaftServerConfigKeys (ConfUtils.java:logGet(43)) - raft.server.staging.catchup.gap = 1000 (default)
2019-09-12 11:40:36,966 [875e3d5e-0813-40b8-b024-43837dd2f6d5:group-798CD9815786:LeaderElection21] INFO  server.RaftServerConfigKeys (ConfUtils.java:logGet(43)) - raft.server.rpc.sleep.time = 25ms (default)
2019-09-12 11:40:36,966 [875e3d5e-0813-40b8-b024-43837dd2f6d5:group-798CD9815786:LeaderElection21] INFO  server.RaftServerConfigKeys (ConfUtils.java:logGet(43)) - raft.server.write.element-limit = 4096 (default)
2019-09-12 11:40:36,966 [875e3d5e-0813-40b8-b024-43837dd2f6d5:group-798CD9815786:LeaderElection21] INFO  server.RaftServerConfigKeys (ConfUtils.java:logGet(43)) - raft.server.watch.timeout = 10s (default)
2019-09-12 11:40:36,967 [875e3d5e-0813-40b8-b024-43837dd2f6d5:group-798CD9815786:LeaderElection21] INFO  server.RaftServerConfigKeys (ConfUtils.java:logGet(43)) - raft.server.watch.timeout.denomination = 1s (default)
2019-09-12 11:40:36,967 [875e3d5e-0813-40b8-b024-43837dd2f6d5:group-798CD9815786:LeaderElection21] INFO  server.RaftServerConfigKeys (ConfUtils.java:logGet(43)) - raft.server.watch.element-limit = 65536 (default)
2019-09-12 11:40:36,967 [875e3d5e-0813-40b8-b024-43837dd2f6d5:group-798CD9815786:LeaderElection21] INFO  impl.RoleInfo (RoleInfo.java:updateAndGet(143)) - 875e3d5e-0813-40b8-b024-43837dd2f6d5: start LeaderState
2019-09-12 11:40:36,967 [875e3d5e-0813-40b8-b024-43837dd2f6d5:group-798CD9815786:LeaderElection21] INFO  segmented.SegmentedRaftLogWorker (SegmentedRaftLogWorker.java:startLogSegment(380)) - 875e3d5e-0813-40b8-b024-43837dd2f6d5-SegmentedRaftLogWorker:Storage Directory /workdir/hadoop-ozone/ozonefs/target/test-dir/MiniOzoneClusterImpl-3f0ffa95-bfc9-4a1c-9a47-ff24715a0622/datanode-5/data/ratis/544d20fb-c8b4-4ead-afbd-798cd9815786: Starting segment from index:0
2019-09-12 11:40:36,968 [875e3d5e-0813-40b8-b024-43837dd2f6d5:group-798CD9815786:LeaderElection21] INFO  impl.RaftServerImpl (ServerState.java:setRaftConf(361)) - 875e3d5e-0813-40b8-b024-43837dd2f6d5:group-798CD9815786 set configuration 0: [875e3d5e-0813-40b8-b024-43837dd2f6d5:192.168.157.195:33574], old=null at 0
2019-09-12 11:40:36,995 [Thread-348] INFO  impl.FollowerState (FollowerState.java:run(106)) - 5d0352ef-d446-4a04-a69e-b6b493d47759:group-93B00C8A41D6 changes to CANDIDATE, lastRpcTime:5138, electionTimeout:5130ms
2019-09-12 11:40:36,995 [Thread-348] INFO  impl.RoleInfo (RoleInfo.java:shutdownFollowerState(121)) - 5d0352ef-d446-4a04-a69e-b6b493d47759: shutdown FollowerState
2019-09-12 11:40:36,995 [Thread-348] INFO  impl.RaftServerImpl (RaftServerImpl.java:setRole(171)) - 5d0352ef-d446-4a04-a69e-b6b493d47759:group-93B00C8A41D6 changes role from FOLLOWER to CANDIDATE at term 0 for changeToCandidate
2019-09-12 11:40:36,995 [Thread-348] INFO  impl.RoleInfo (RoleInfo.java:updateAndGet(143)) - 5d0352ef-d446-4a04-a69e-b6b493d47759: start LeaderElection
2019-09-12 11:40:36,996 | INFO  | SCMAudit | user=jenkins1000 | ip=192.168.157.195 | op=SEND_HEARTBEAT {datanodeUUID=4255b290-7b6d-420f-97e2-6dfb55690bab, command=[]} | ret=SUCCESS |  
2019-09-12 11:40:37,007 [875e3d5e-0813-40b8-b024-43837dd2f6d5-SegmentedRaftLogWorker:Storage Directory /workdir/hadoop-ozone/ozonefs/target/test-dir/MiniOzoneClusterImpl-3f0ffa95-bfc9-4a1c-9a47-ff24715a0622/datanode-5/data/ratis/544d20fb-c8b4-4ead-afbd-798cd9815786] INFO  segmented.SegmentedRaftLogWorker (SegmentedRaftLogWorker.java:execute(569)) - 875e3d5e-0813-40b8-b024-43837dd2f6d5-SegmentedRaftLogWorker:Storage Directory /workdir/hadoop-ozone/ozonefs/target/test-dir/MiniOzoneClusterImpl-3f0ffa95-bfc9-4a1c-9a47-ff24715a0622/datanode-5/data/ratis/544d20fb-c8b4-4ead-afbd-798cd9815786: created new log segment /workdir/hadoop-ozone/ozonefs/target/test-dir/MiniOzoneClusterImpl-3f0ffa95-bfc9-4a1c-9a47-ff24715a0622/datanode-5/data/ratis/544d20fb-c8b4-4ead-afbd-798cd9815786/current/log_inprogress_0
2019-09-12 11:40:37,007 [5d0352ef-d446-4a04-a69e-b6b493d47759:group-93B00C8A41D6:LeaderElection22] INFO  impl.LeaderElection (LeaderElection.java:askForVotes(181)) - 5d0352ef-d446-4a04-a69e-b6b493d47759:group-93B00C8A41D6:LeaderElection22: begin an election at term 1 for -1: [5d0352ef-d446-4a04-a69e-b6b493d47759:192.168.157.195:35104], old=null
2019-09-12 11:40:37,008 [5d0352ef-d446-4a04-a69e-b6b493d47759:group-93B00C8A41D6:LeaderElection22] INFO  impl.RoleInfo (RoleInfo.java:shutdownLeaderElection(134)) - 5d0352ef-d446-4a04-a69e-b6b493d47759: shutdown LeaderElection
2019-09-12 11:40:37,008 [5d0352ef-d446-4a04-a69e-b6b493d47759:group-93B00C8A41D6:LeaderElection22] INFO  impl.RaftServerImpl (RaftServerImpl.java:setRole(171)) - 5d0352ef-d446-4a04-a69e-b6b493d47759:group-93B00C8A41D6 changes role from CANDIDATE to LEADER at term 1 for changeToLeader
2019-09-12 11:40:37,008 [5d0352ef-d446-4a04-a69e-b6b493d47759:group-93B00C8A41D6:LeaderElection22] INFO  impl.RaftServerImpl (ServerState.java:setLeader(263)) - 5d0352ef-d446-4a04-a69e-b6b493d47759:group-93B00C8A41D6 change Leader from null to 5d0352ef-d446-4a04-a69e-b6b493d47759 at term 1 for becomeLeader, leader elected after 5156ms
2019-09-12 11:40:37,008 [5d0352ef-d446-4a04-a69e-b6b493d47759:group-93B00C8A41D6:LeaderElection22] INFO  server.RaftServerConfigKeys (ConfUtils.java:logGet(43)) - raft.server.staging.catchup.gap = 1000 (default)
2019-09-12 11:40:37,008 [5d0352ef-d446-4a04-a69e-b6b493d47759:group-93B00C8A41D6:LeaderElection22] INFO  server.RaftServerConfigKeys (ConfUtils.java:logGet(43)) - raft.server.rpc.sleep.time = 25ms (default)
2019-09-12 11:40:37,009 [5d0352ef-d446-4a04-a69e-b6b493d47759:group-93B00C8A41D6:LeaderElection22] INFO  server.RaftServerConfigKeys (ConfUtils.java:logGet(43)) - raft.server.write.element-limit = 4096 (default)
2019-09-12 11:40:37,009 [5d0352ef-d446-4a04-a69e-b6b493d47759:group-93B00C8A41D6:LeaderElection22] INFO  server.RaftServerConfigKeys (ConfUtils.java:logGet(43)) - raft.server.watch.timeout = 10s (default)
2019-09-12 11:40:37,009 [5d0352ef-d446-4a04-a69e-b6b493d47759:group-93B00C8A41D6:LeaderElection22] INFO  server.RaftServerConfigKeys (ConfUtils.java:logGet(43)) - raft.server.watch.timeout.denomination = 1s (default)
2019-09-12 11:40:37,009 [5d0352ef-d446-4a04-a69e-b6b493d47759:group-93B00C8A41D6:LeaderElection22] INFO  server.RaftServerConfigKeys (ConfUtils.java:logGet(43)) - raft.server.watch.element-limit = 65536 (default)
2019-09-12 11:40:37,010 [5d0352ef-d446-4a04-a69e-b6b493d47759:group-93B00C8A41D6:LeaderElection22] INFO  impl.RoleInfo (RoleInfo.java:updateAndGet(143)) - 5d0352ef-d446-4a04-a69e-b6b493d47759: start LeaderState
2019-09-12 11:40:37,010 [5d0352ef-d446-4a04-a69e-b6b493d47759:group-93B00C8A41D6:LeaderElection22] INFO  segmented.SegmentedRaftLogWorker (SegmentedRaftLogWorker.java:startLogSegment(380)) - 5d0352ef-d446-4a04-a69e-b6b493d47759-SegmentedRaftLogWorker:Storage Directory /workdir/hadoop-ozone/ozonefs/target/test-dir/MiniOzoneClusterImpl-3f0ffa95-bfc9-4a1c-9a47-ff24715a0622/datanode-0/data/ratis/bea218e6-f44b-4920-ba69-93b00c8a41d6: Starting segment from index:0
2019-09-12 11:40:37,010 [5d0352ef-d446-4a04-a69e-b6b493d47759:group-93B00C8A41D6:LeaderElection22] INFO  impl.RaftServerImpl (ServerState.java:setRaftConf(361)) - 5d0352ef-d446-4a04-a69e-b6b493d47759:group-93B00C8A41D6 set configuration 0: [5d0352ef-d446-4a04-a69e-b6b493d47759:192.168.157.195:35104], old=null at 0
2019-09-12 11:40:37,065 [5d0352ef-d446-4a04-a69e-b6b493d47759-SegmentedRaftLogWorker:Storage Directory /workdir/hadoop-ozone/ozonefs/target/test-dir/MiniOzoneClusterImpl-3f0ffa95-bfc9-4a1c-9a47-ff24715a0622/datanode-0/data/ratis/bea218e6-f44b-4920-ba69-93b00c8a41d6] INFO  segmented.SegmentedRaftLogWorker (SegmentedRaftLogWorker.java:execute(569)) - 5d0352ef-d446-4a04-a69e-b6b493d47759-SegmentedRaftLogWorker:Storage Directory /workdir/hadoop-ozone/ozonefs/target/test-dir/MiniOzoneClusterImpl-3f0ffa95-bfc9-4a1c-9a47-ff24715a0622/datanode-0/data/ratis/bea218e6-f44b-4920-ba69-93b00c8a41d6: created new log segment /workdir/hadoop-ozone/ozonefs/target/test-dir/MiniOzoneClusterImpl-3f0ffa95-bfc9-4a1c-9a47-ff24715a0622/datanode-0/data/ratis/bea218e6-f44b-4920-ba69-93b00c8a41d6/current/log_inprogress_0
2019-09-12 11:40:37,089 [Thread-352] INFO  impl.FollowerState (FollowerState.java:run(106)) - 4255b290-7b6d-420f-97e2-6dfb55690bab:group-0213836593EB changes to CANDIDATE, lastRpcTime:5156, electionTimeout:5155ms
2019-09-12 11:40:37,090 [Thread-352] INFO  impl.RoleInfo (RoleInfo.java:shutdownFollowerState(121)) - 4255b290-7b6d-420f-97e2-6dfb55690bab: shutdown FollowerState
2019-09-12 11:40:37,090 [Thread-352] INFO  impl.RaftServerImpl (RaftServerImpl.java:setRole(171)) - 4255b290-7b6d-420f-97e2-6dfb55690bab:group-0213836593EB changes role from FOLLOWER to CANDIDATE at term 0 for changeToCandidate
2019-09-12 11:40:37,090 [Thread-352] INFO  impl.RoleInfo (RoleInfo.java:updateAndGet(143)) - 4255b290-7b6d-420f-97e2-6dfb55690bab: start LeaderElection
2019-09-12 11:40:37,107 [4255b290-7b6d-420f-97e2-6dfb55690bab:group-0213836593EB:LeaderElection23] INFO  impl.LeaderElection (LeaderElection.java:askForVotes(181)) - 4255b290-7b6d-420f-97e2-6dfb55690bab:group-0213836593EB:LeaderElection23: begin an election at term 1 for -1: [4255b290-7b6d-420f-97e2-6dfb55690bab:192.168.157.195:45659], old=null
2019-09-12 11:40:37,107 [4255b290-7b6d-420f-97e2-6dfb55690bab:group-0213836593EB:LeaderElection23] INFO  impl.RoleInfo (RoleInfo.java:shutdownLeaderElection(134)) - 4255b290-7b6d-420f-97e2-6dfb55690bab: shutdown LeaderElection
2019-09-12 11:40:37,107 [4255b290-7b6d-420f-97e2-6dfb55690bab:group-0213836593EB:LeaderElection23] INFO  impl.RaftServerImpl (RaftServerImpl.java:setRole(171)) - 4255b290-7b6d-420f-97e2-6dfb55690bab:group-0213836593EB changes role from CANDIDATE to LEADER at term 1 for changeToLeader
2019-09-12 11:40:37,107 [4255b290-7b6d-420f-97e2-6dfb55690bab:group-0213836593EB:LeaderElection23] INFO  impl.RaftServerImpl (ServerState.java:setLeader(263)) - 4255b290-7b6d-420f-97e2-6dfb55690bab:group-0213836593EB change Leader from null to 4255b290-7b6d-420f-97e2-6dfb55690bab at term 1 for becomeLeader, leader elected after 5184ms
2019-09-12 11:40:37,107 [4255b290-7b6d-420f-97e2-6dfb55690bab:group-0213836593EB:LeaderElection23] INFO  server.RaftServerConfigKeys (ConfUtils.java:logGet(43)) - raft.server.staging.catchup.gap = 1000 (default)
2019-09-12 11:40:37,108 [4255b290-7b6d-420f-97e2-6dfb55690bab:group-0213836593EB:LeaderElection23] INFO  server.RaftServerConfigKeys (ConfUtils.java:logGet(43)) - raft.server.rpc.sleep.time = 25ms (default)
2019-09-12 11:40:37,108 [4255b290-7b6d-420f-97e2-6dfb55690bab:group-0213836593EB:LeaderElection23] INFO  server.RaftServerConfigKeys (ConfUtils.java:logGet(43)) - raft.server.write.element-limit = 4096 (default)
2019-09-12 11:40:37,108 [4255b290-7b6d-420f-97e2-6dfb55690bab:group-0213836593EB:LeaderElection23] INFO  server.RaftServerConfigKeys (ConfUtils.java:logGet(43)) - raft.server.watch.timeout = 10s (default)
2019-09-12 11:40:37,108 [4255b290-7b6d-420f-97e2-6dfb55690bab:group-0213836593EB:LeaderElection23] INFO  server.RaftServerConfigKeys (ConfUtils.java:logGet(43)) - raft.server.watch.timeout.denomination = 1s (default)
2019-09-12 11:40:37,108 [4255b290-7b6d-420f-97e2-6dfb55690bab:group-0213836593EB:LeaderElection23] INFO  server.RaftServerConfigKeys (ConfUtils.java:logGet(43)) - raft.server.watch.element-limit = 65536 (default)
2019-09-12 11:40:37,108 [4255b290-7b6d-420f-97e2-6dfb55690bab:group-0213836593EB:LeaderElection23] INFO  impl.RoleInfo (RoleInfo.java:updateAndGet(143)) - 4255b290-7b6d-420f-97e2-6dfb55690bab: start LeaderState
2019-09-12 11:40:37,108 [4255b290-7b6d-420f-97e2-6dfb55690bab:group-0213836593EB:LeaderElection23] INFO  segmented.SegmentedRaftLogWorker (SegmentedRaftLogWorker.java:startLogSegment(380)) - 4255b290-7b6d-420f-97e2-6dfb55690bab-SegmentedRaftLogWorker:Storage Directory /workdir/hadoop-ozone/ozonefs/target/test-dir/MiniOzoneClusterImpl-3f0ffa95-bfc9-4a1c-9a47-ff24715a0622/datanode-6/data/ratis/88774c40-bc47-4c1e-a954-0213836593eb: Starting segment from index:0
2019-09-12 11:40:37,109 [4255b290-7b6d-420f-97e2-6dfb55690bab:group-0213836593EB:LeaderElection23] INFO  impl.RaftServerImpl (ServerState.java:setRaftConf(361)) - 4255b290-7b6d-420f-97e2-6dfb55690bab:group-0213836593EB set configuration 0: [4255b290-7b6d-420f-97e2-6dfb55690bab:192.168.157.195:45659], old=null at 0
2019-09-12 11:40:37,153 [4255b290-7b6d-420f-97e2-6dfb55690bab-SegmentedRaftLogWorker:Storage Directory /workdir/hadoop-ozone/ozonefs/target/test-dir/MiniOzoneClusterImpl-3f0ffa95-bfc9-4a1c-9a47-ff24715a0622/datanode-6/data/ratis/88774c40-bc47-4c1e-a954-0213836593eb] INFO  segmented.SegmentedRaftLogWorker (SegmentedRaftLogWorker.java:execute(569)) - 4255b290-7b6d-420f-97e2-6dfb55690bab-SegmentedRaftLogWorker:Storage Directory /workdir/hadoop-ozone/ozonefs/target/test-dir/MiniOzoneClusterImpl-3f0ffa95-bfc9-4a1c-9a47-ff24715a0622/datanode-6/data/ratis/88774c40-bc47-4c1e-a954-0213836593eb: created new log segment /workdir/hadoop-ozone/ozonefs/target/test-dir/MiniOzoneClusterImpl-3f0ffa95-bfc9-4a1c-9a47-ff24715a0622/datanode-6/data/ratis/88774c40-bc47-4c1e-a954-0213836593eb/current/log_inprogress_0
2019-09-12 11:40:37,170 [Thread-355] INFO  impl.FollowerState (FollowerState.java:run(106)) - abc6f9f9-8862-43ee-ac13-b67e1574492b:group-19162728FDAB changes to CANDIDATE, lastRpcTime:5169, electionTimeout:5169ms
2019-09-12 11:40:37,170 [Thread-355] INFO  impl.RoleInfo (RoleInfo.java:shutdownFollowerState(121)) - abc6f9f9-8862-43ee-ac13-b67e1574492b: shutdown FollowerState
2019-09-12 11:40:37,170 [Thread-355] INFO  impl.RaftServerImpl (RaftServerImpl.java:setRole(171)) - abc6f9f9-8862-43ee-ac13-b67e1574492b:group-19162728FDAB changes role from FOLLOWER to CANDIDATE at term 0 for changeToCandidate
2019-09-12 11:40:37,170 [Thread-355] INFO  impl.RoleInfo (RoleInfo.java:updateAndGet(143)) - abc6f9f9-8862-43ee-ac13-b67e1574492b: start LeaderElection
2019-09-12 11:40:37,189 [abc6f9f9-8862-43ee-ac13-b67e1574492b:group-19162728FDAB:LeaderElection24] INFO  impl.LeaderElection (LeaderElection.java:askForVotes(181)) - abc6f9f9-8862-43ee-ac13-b67e1574492b:group-19162728FDAB:LeaderElection24: begin an election at term 1 for -1: [abc6f9f9-8862-43ee-ac13-b67e1574492b:192.168.157.195:32913], old=null
2019-09-12 11:40:37,189 [abc6f9f9-8862-43ee-ac13-b67e1574492b:group-19162728FDAB:LeaderElection24] INFO  impl.RoleInfo (RoleInfo.java:shutdownLeaderElection(134)) - abc6f9f9-8862-43ee-ac13-b67e1574492b: shutdown LeaderElection
2019-09-12 11:40:37,189 [abc6f9f9-8862-43ee-ac13-b67e1574492b:group-19162728FDAB:LeaderElection24] INFO  impl.RaftServerImpl (RaftServerImpl.java:setRole(171)) - abc6f9f9-8862-43ee-ac13-b67e1574492b:group-19162728FDAB changes role from CANDIDATE to LEADER at term 1 for changeToLeader
2019-09-12 11:40:37,189 [abc6f9f9-8862-43ee-ac13-b67e1574492b:group-19162728FDAB:LeaderElection24] INFO  impl.RaftServerImpl (ServerState.java:setLeader(263)) - abc6f9f9-8862-43ee-ac13-b67e1574492b:group-19162728FDAB change Leader from null to abc6f9f9-8862-43ee-ac13-b67e1574492b at term 1 for becomeLeader, leader elected after 5198ms
2019-09-12 11:40:37,189 [abc6f9f9-8862-43ee-ac13-b67e1574492b:group-19162728FDAB:LeaderElection24] INFO  server.RaftServerConfigKeys (ConfUtils.java:logGet(43)) - raft.server.staging.catchup.gap = 1000 (default)
2019-09-12 11:40:37,190 [abc6f9f9-8862-43ee-ac13-b67e1574492b:group-19162728FDAB:LeaderElection24] INFO  server.RaftServerConfigKeys (ConfUtils.java:logGet(43)) - raft.server.rpc.sleep.time = 25ms (default)
2019-09-12 11:40:37,190 [abc6f9f9-8862-43ee-ac13-b67e1574492b:group-19162728FDAB:LeaderElection24] INFO  server.RaftServerConfigKeys (ConfUtils.java:logGet(43)) - raft.server.write.element-limit = 4096 (default)
2019-09-12 11:40:37,190 [abc6f9f9-8862-43ee-ac13-b67e1574492b:group-19162728FDAB:LeaderElection24] INFO  server.RaftServerConfigKeys (ConfUtils.java:logGet(43)) - raft.server.watch.timeout = 10s (default)
2019-09-12 11:40:37,190 [abc6f9f9-8862-43ee-ac13-b67e1574492b:group-19162728FDAB:LeaderElection24] INFO  server.RaftServerConfigKeys (ConfUtils.java:logGet(43)) - raft.server.watch.timeout.denomination = 1s (default)
2019-09-12 11:40:37,190 [abc6f9f9-8862-43ee-ac13-b67e1574492b:group-19162728FDAB:LeaderElection24] INFO  server.RaftServerConfigKeys (ConfUtils.java:logGet(43)) - raft.server.watch.element-limit = 65536 (default)
2019-09-12 11:40:37,191 [abc6f9f9-8862-43ee-ac13-b67e1574492b:group-19162728FDAB:LeaderElection24] INFO  impl.RoleInfo (RoleInfo.java:updateAndGet(143)) - abc6f9f9-8862-43ee-ac13-b67e1574492b: start LeaderState
2019-09-12 11:40:37,191 [abc6f9f9-8862-43ee-ac13-b67e1574492b:group-19162728FDAB:LeaderElection24] INFO  segmented.SegmentedRaftLogWorker (SegmentedRaftLogWorker.java:startLogSegment(380)) - abc6f9f9-8862-43ee-ac13-b67e1574492b-SegmentedRaftLogWorker:Storage Directory /workdir/hadoop-ozone/ozonefs/target/test-dir/MiniOzoneClusterImpl-3f0ffa95-bfc9-4a1c-9a47-ff24715a0622/datanode-2/data/ratis/c755a7cb-711b-41d8-83af-19162728fdab: Starting segment from index:0
2019-09-12 11:40:37,192 [abc6f9f9-8862-43ee-ac13-b67e1574492b:group-19162728FDAB:LeaderElection24] INFO  impl.RaftServerImpl (ServerState.java:setRaftConf(361)) - abc6f9f9-8862-43ee-ac13-b67e1574492b:group-19162728FDAB set configuration 0: [abc6f9f9-8862-43ee-ac13-b67e1574492b:192.168.157.195:32913], old=null at 0
2019-09-12 11:40:37,228 [Thread-358] INFO  impl.FollowerState (FollowerState.java:run(106)) - b5e361a7-9275-4b10-aa61-1d8677ab7c49:group-C50009447075 changes to CANDIDATE, lastRpcTime:5150, electionTimeout:5118ms
2019-09-12 11:40:37,229 [Thread-358] INFO  impl.RoleInfo (RoleInfo.java:shutdownFollowerState(121)) - b5e361a7-9275-4b10-aa61-1d8677ab7c49: shutdown FollowerState
2019-09-12 11:40:37,229 [Thread-358] INFO  impl.RaftServerImpl (RaftServerImpl.java:setRole(171)) - b5e361a7-9275-4b10-aa61-1d8677ab7c49:group-C50009447075 changes role from FOLLOWER to CANDIDATE at term 0 for changeToCandidate
2019-09-12 11:40:37,229 [Thread-358] INFO  impl.RoleInfo (RoleInfo.java:updateAndGet(143)) - b5e361a7-9275-4b10-aa61-1d8677ab7c49: start LeaderElection
2019-09-12 11:40:37,229 | INFO  | SCMAudit | user=jenkins1000 | ip=192.168.157.195 | op=SEND_HEARTBEAT {datanodeUUID=8668900b-06f4-40f9-8926-68eb6348aa5d, command=[]} | ret=SUCCESS |  
2019-09-12 11:40:37,241 [abc6f9f9-8862-43ee-ac13-b67e1574492b-SegmentedRaftLogWorker:Storage Directory /workdir/hadoop-ozone/ozonefs/target/test-dir/MiniOzoneClusterImpl-3f0ffa95-bfc9-4a1c-9a47-ff24715a0622/datanode-2/data/ratis/c755a7cb-711b-41d8-83af-19162728fdab] INFO  segmented.SegmentedRaftLogWorker (SegmentedRaftLogWorker.java:execute(569)) - abc6f9f9-8862-43ee-ac13-b67e1574492b-SegmentedRaftLogWorker:Storage Directory /workdir/hadoop-ozone/ozonefs/target/test-dir/MiniOzoneClusterImpl-3f0ffa95-bfc9-4a1c-9a47-ff24715a0622/datanode-2/data/ratis/c755a7cb-711b-41d8-83af-19162728fdab: created new log segment /workdir/hadoop-ozone/ozonefs/target/test-dir/MiniOzoneClusterImpl-3f0ffa95-bfc9-4a1c-9a47-ff24715a0622/datanode-2/data/ratis/c755a7cb-711b-41d8-83af-19162728fdab/current/log_inprogress_0
2019-09-12 11:40:37,241 [b5e361a7-9275-4b10-aa61-1d8677ab7c49:group-C50009447075:LeaderElection25] INFO  impl.LeaderElection (LeaderElection.java:askForVotes(181)) - b5e361a7-9275-4b10-aa61-1d8677ab7c49:group-C50009447075:LeaderElection25: begin an election at term 1 for -1: [b5e361a7-9275-4b10-aa61-1d8677ab7c49:192.168.157.195:40278], old=null
2019-09-12 11:40:37,241 [b5e361a7-9275-4b10-aa61-1d8677ab7c49:group-C50009447075:LeaderElection25] INFO  impl.RoleInfo (RoleInfo.java:shutdownLeaderElection(134)) - b5e361a7-9275-4b10-aa61-1d8677ab7c49: shutdown LeaderElection
2019-09-12 11:40:37,241 [b5e361a7-9275-4b10-aa61-1d8677ab7c49:group-C50009447075:LeaderElection25] INFO  impl.RaftServerImpl (RaftServerImpl.java:setRole(171)) - b5e361a7-9275-4b10-aa61-1d8677ab7c49:group-C50009447075 changes role from CANDIDATE to LEADER at term 1 for changeToLeader
2019-09-12 11:40:37,241 [b5e361a7-9275-4b10-aa61-1d8677ab7c49:group-C50009447075:LeaderElection25] INFO  impl.RaftServerImpl (ServerState.java:setLeader(263)) - b5e361a7-9275-4b10-aa61-1d8677ab7c49:group-C50009447075 change Leader from null to b5e361a7-9275-4b10-aa61-1d8677ab7c49 at term 1 for becomeLeader, leader elected after 5169ms
2019-09-12 11:40:37,241 [b5e361a7-9275-4b10-aa61-1d8677ab7c49:group-C50009447075:LeaderElection25] INFO  server.RaftServerConfigKeys (ConfUtils.java:logGet(43)) - raft.server.staging.catchup.gap = 1000 (default)
2019-09-12 11:40:37,242 [b5e361a7-9275-4b10-aa61-1d8677ab7c49:group-C50009447075:LeaderElection25] INFO  server.RaftServerConfigKeys (ConfUtils.java:logGet(43)) - raft.server.rpc.sleep.time = 25ms (default)
2019-09-12 11:40:37,242 [b5e361a7-9275-4b10-aa61-1d8677ab7c49:group-C50009447075:LeaderElection25] INFO  server.RaftServerConfigKeys (ConfUtils.java:logGet(43)) - raft.server.write.element-limit = 4096 (default)
2019-09-12 11:40:37,242 [b5e361a7-9275-4b10-aa61-1d8677ab7c49:group-C50009447075:LeaderElection25] INFO  server.RaftServerConfigKeys (ConfUtils.java:logGet(43)) - raft.server.watch.timeout = 10s (default)
2019-09-12 11:40:37,242 [b5e361a7-9275-4b10-aa61-1d8677ab7c49:group-C50009447075:LeaderElection25] INFO  server.RaftServerConfigKeys (ConfUtils.java:logGet(43)) - raft.server.watch.timeout.denomination = 1s (default)
2019-09-12 11:40:37,242 [b5e361a7-9275-4b10-aa61-1d8677ab7c49:group-C50009447075:LeaderElection25] INFO  server.RaftServerConfigKeys (ConfUtils.java:logGet(43)) - raft.server.watch.element-limit = 65536 (default)
2019-09-12 11:40:37,242 [b5e361a7-9275-4b10-aa61-1d8677ab7c49:group-C50009447075:LeaderElection25] INFO  impl.RoleInfo (RoleInfo.java:updateAndGet(143)) - b5e361a7-9275-4b10-aa61-1d8677ab7c49: start LeaderState
2019-09-12 11:40:37,243 [b5e361a7-9275-4b10-aa61-1d8677ab7c49:group-C50009447075:LeaderElection25] INFO  segmented.SegmentedRaftLogWorker (SegmentedRaftLogWorker.java:startLogSegment(380)) - b5e361a7-9275-4b10-aa61-1d8677ab7c49-SegmentedRaftLogWorker:Storage Directory /workdir/hadoop-ozone/ozonefs/target/test-dir/MiniOzoneClusterImpl-3f0ffa95-bfc9-4a1c-9a47-ff24715a0622/datanode-8/data/ratis/1c4c53ad-dafe-4659-8e38-c50009447075: Starting segment from index:0
2019-09-12 11:40:37,243 [b5e361a7-9275-4b10-aa61-1d8677ab7c49:group-C50009447075:LeaderElection25] INFO  impl.RaftServerImpl (ServerState.java:setRaftConf(361)) - b5e361a7-9275-4b10-aa61-1d8677ab7c49:group-C50009447075 set configuration 0: [b5e361a7-9275-4b10-aa61-1d8677ab7c49:192.168.157.195:40278], old=null at 0
2019-09-12 11:40:37,284 [b5e361a7-9275-4b10-aa61-1d8677ab7c49-SegmentedRaftLogWorker:Storage Directory /workdir/hadoop-ozone/ozonefs/target/test-dir/MiniOzoneClusterImpl-3f0ffa95-bfc9-4a1c-9a47-ff24715a0622/datanode-8/data/ratis/1c4c53ad-dafe-4659-8e38-c50009447075] INFO  segmented.SegmentedRaftLogWorker (SegmentedRaftLogWorker.java:execute(569)) - b5e361a7-9275-4b10-aa61-1d8677ab7c49-SegmentedRaftLogWorker:Storage Directory /workdir/hadoop-ozone/ozonefs/target/test-dir/MiniOzoneClusterImpl-3f0ffa95-bfc9-4a1c-9a47-ff24715a0622/datanode-8/data/ratis/1c4c53ad-dafe-4659-8e38-c50009447075: created new log segment /workdir/hadoop-ozone/ozonefs/target/test-dir/MiniOzoneClusterImpl-3f0ffa95-bfc9-4a1c-9a47-ff24715a0622/datanode-8/data/ratis/1c4c53ad-dafe-4659-8e38-c50009447075/current/log_inprogress_0
2019-09-12 11:40:37,300 [Thread-361] INFO  impl.FollowerState (FollowerState.java:run(106)) - 2da31971-fd5c-4baf-8dfe-b6048362baf8:group-2719F2740861 changes to CANDIDATE, lastRpcTime:5156, electionTimeout:5156ms
2019-09-12 11:40:37,300 [Thread-361] INFO  impl.RoleInfo (RoleInfo.java:shutdownFollowerState(121)) - 2da31971-fd5c-4baf-8dfe-b6048362baf8: shutdown FollowerState
2019-09-12 11:40:37,300 [Thread-361] INFO  impl.RaftServerImpl (RaftServerImpl.java:setRole(171)) - 2da31971-fd5c-4baf-8dfe-b6048362baf8:group-2719F2740861 changes role from FOLLOWER to CANDIDATE at term 0 for changeToCandidate
2019-09-12 11:40:37,301 [Thread-361] INFO  impl.RoleInfo (RoleInfo.java:updateAndGet(143)) - 2da31971-fd5c-4baf-8dfe-b6048362baf8: start LeaderElection
2019-09-12 11:40:37,304 [Thread-367] INFO  impl.FollowerState (FollowerState.java:run(106)) - 8668900b-06f4-40f9-8926-68eb6348aa5d:group-025826BE815E changes to CANDIDATE, lastRpcTime:5030, electionTimeout:5029ms
2019-09-12 11:40:37,304 [Thread-367] INFO  impl.RoleInfo (RoleInfo.java:shutdownFollowerState(121)) - 8668900b-06f4-40f9-8926-68eb6348aa5d: shutdown FollowerState
2019-09-12 11:40:37,304 [Thread-367] INFO  impl.RaftServerImpl (RaftServerImpl.java:setRole(171)) - 8668900b-06f4-40f9-8926-68eb6348aa5d:group-025826BE815E changes role from FOLLOWER to CANDIDATE at term 0 for changeToCandidate
2019-09-12 11:40:37,305 [Thread-367] INFO  impl.RoleInfo (RoleInfo.java:updateAndGet(143)) - 8668900b-06f4-40f9-8926-68eb6348aa5d: start LeaderElection
2019-09-12 11:40:37,309 | INFO  | SCMAudit | user=jenkins1000 | ip=192.168.157.195 | op=SEND_HEARTBEAT {datanodeUUID=5d0352ef-d446-4a04-a69e-b6b493d47759, command=[]} | ret=SUCCESS |  
2019-09-12 11:40:37,318 [2da31971-fd5c-4baf-8dfe-b6048362baf8:group-2719F2740861:LeaderElection26] INFO  impl.LeaderElection (LeaderElection.java:askForVotes(181)) - 2da31971-fd5c-4baf-8dfe-b6048362baf8:group-2719F2740861:LeaderElection26: begin an election at term 1 for -1: [2da31971-fd5c-4baf-8dfe-b6048362baf8:192.168.157.195:36166], old=null
2019-09-12 11:40:37,318 [8668900b-06f4-40f9-8926-68eb6348aa5d:group-025826BE815E:LeaderElection27] INFO  impl.LeaderElection (LeaderElection.java:askForVotes(181)) - 8668900b-06f4-40f9-8926-68eb6348aa5d:group-025826BE815E:LeaderElection27: begin an election at term 1 for -1: [8668900b-06f4-40f9-8926-68eb6348aa5d:192.168.157.195:38608], old=null
2019-09-12 11:40:37,318 [2da31971-fd5c-4baf-8dfe-b6048362baf8:group-2719F2740861:LeaderElection26] INFO  impl.RoleInfo (RoleInfo.java:shutdownLeaderElection(134)) - 2da31971-fd5c-4baf-8dfe-b6048362baf8: shutdown LeaderElection
2019-09-12 11:40:37,318 [8668900b-06f4-40f9-8926-68eb6348aa5d:group-025826BE815E:LeaderElection27] INFO  impl.RoleInfo (RoleInfo.java:shutdownLeaderElection(134)) - 8668900b-06f4-40f9-8926-68eb6348aa5d: shutdown LeaderElection
2019-09-12 11:40:37,318 [2da31971-fd5c-4baf-8dfe-b6048362baf8:group-2719F2740861:LeaderElection26] INFO  impl.RaftServerImpl (RaftServerImpl.java:setRole(171)) - 2da31971-fd5c-4baf-8dfe-b6048362baf8:group-2719F2740861 changes role from CANDIDATE to LEADER at term 1 for changeToLeader
2019-09-12 11:40:37,318 [8668900b-06f4-40f9-8926-68eb6348aa5d:group-025826BE815E:LeaderElection27] INFO  impl.RaftServerImpl (RaftServerImpl.java:setRole(171)) - 8668900b-06f4-40f9-8926-68eb6348aa5d:group-025826BE815E changes role from CANDIDATE to LEADER at term 1 for changeToLeader
2019-09-12 11:40:37,318 [2da31971-fd5c-4baf-8dfe-b6048362baf8:group-2719F2740861:LeaderElection26] INFO  impl.RaftServerImpl (ServerState.java:setLeader(263)) - 2da31971-fd5c-4baf-8dfe-b6048362baf8:group-2719F2740861 change Leader from null to 2da31971-fd5c-4baf-8dfe-b6048362baf8 at term 1 for becomeLeader, leader elected after 5178ms
2019-09-12 11:40:37,318 [8668900b-06f4-40f9-8926-68eb6348aa5d:group-025826BE815E:LeaderElection27] INFO  impl.RaftServerImpl (ServerState.java:setLeader(263)) - 8668900b-06f4-40f9-8926-68eb6348aa5d:group-025826BE815E change Leader from null to 8668900b-06f4-40f9-8926-68eb6348aa5d at term 1 for becomeLeader, leader elected after 5054ms
2019-09-12 11:40:37,319 [2da31971-fd5c-4baf-8dfe-b6048362baf8:group-2719F2740861:LeaderElection26] INFO  server.RaftServerConfigKeys (ConfUtils.java:logGet(43)) - raft.server.staging.catchup.gap = 1000 (default)
2019-09-12 11:40:37,319 [8668900b-06f4-40f9-8926-68eb6348aa5d:group-025826BE815E:LeaderElection27] INFO  server.RaftServerConfigKeys (ConfUtils.java:logGet(43)) - raft.server.staging.catchup.gap = 1000 (default)
2019-09-12 11:40:37,319 [2da31971-fd5c-4baf-8dfe-b6048362baf8:group-2719F2740861:LeaderElection26] INFO  server.RaftServerConfigKeys (ConfUtils.java:logGet(43)) - raft.server.rpc.sleep.time = 25ms (default)
2019-09-12 11:40:37,319 [8668900b-06f4-40f9-8926-68eb6348aa5d:group-025826BE815E:LeaderElection27] INFO  server.RaftServerConfigKeys (ConfUtils.java:logGet(43)) - raft.server.rpc.sleep.time = 25ms (default)
2019-09-12 11:40:37,319 [2da31971-fd5c-4baf-8dfe-b6048362baf8:group-2719F2740861:LeaderElection26] INFO  server.RaftServerConfigKeys (ConfUtils.java:logGet(43)) - raft.server.write.element-limit = 4096 (default)
2019-09-12 11:40:37,319 [8668900b-06f4-40f9-8926-68eb6348aa5d:group-025826BE815E:LeaderElection27] INFO  server.RaftServerConfigKeys (ConfUtils.java:logGet(43)) - raft.server.write.element-limit = 4096 (default)
2019-09-12 11:40:37,319 [2da31971-fd5c-4baf-8dfe-b6048362baf8:group-2719F2740861:LeaderElection26] INFO  server.RaftServerConfigKeys (ConfUtils.java:logGet(43)) - raft.server.watch.timeout = 10s (default)
2019-09-12 11:40:37,320 [8668900b-06f4-40f9-8926-68eb6348aa5d:group-025826BE815E:LeaderElection27] INFO  server.RaftServerConfigKeys (ConfUtils.java:logGet(43)) - raft.server.watch.timeout = 10s (default)
2019-09-12 11:40:37,320 [2da31971-fd5c-4baf-8dfe-b6048362baf8:group-2719F2740861:LeaderElection26] INFO  server.RaftServerConfigKeys (ConfUtils.java:logGet(43)) - raft.server.watch.timeout.denomination = 1s (default)
2019-09-12 11:40:37,320 [8668900b-06f4-40f9-8926-68eb6348aa5d:group-025826BE815E:LeaderElection27] INFO  server.RaftServerConfigKeys (ConfUtils.java:logGet(43)) - raft.server.watch.timeout.denomination = 1s (default)
2019-09-12 11:40:37,320 [2da31971-fd5c-4baf-8dfe-b6048362baf8:group-2719F2740861:LeaderElection26] INFO  server.RaftServerConfigKeys (ConfUtils.java:logGet(43)) - raft.server.watch.element-limit = 65536 (default)
2019-09-12 11:40:37,320 [8668900b-06f4-40f9-8926-68eb6348aa5d:group-025826BE815E:LeaderElection27] INFO  server.RaftServerConfigKeys (ConfUtils.java:logGet(43)) - raft.server.watch.element-limit = 65536 (default)
2019-09-12 11:40:37,320 [2da31971-fd5c-4baf-8dfe-b6048362baf8:group-2719F2740861:LeaderElection26] INFO  impl.RoleInfo (RoleInfo.java:updateAndGet(143)) - 2da31971-fd5c-4baf-8dfe-b6048362baf8: start LeaderState
2019-09-12 11:40:37,321 [8668900b-06f4-40f9-8926-68eb6348aa5d:group-025826BE815E:LeaderElection27] INFO  impl.RoleInfo (RoleInfo.java:updateAndGet(143)) - 8668900b-06f4-40f9-8926-68eb6348aa5d: start LeaderState
2019-09-12 11:40:37,321 [2da31971-fd5c-4baf-8dfe-b6048362baf8:group-2719F2740861:LeaderElection26] INFO  segmented.SegmentedRaftLogWorker (SegmentedRaftLogWorker.java:startLogSegment(380)) - 2da31971-fd5c-4baf-8dfe-b6048362baf8-SegmentedRaftLogWorker:Storage Directory /workdir/hadoop-ozone/ozonefs/target/test-dir/MiniOzoneClusterImpl-3f0ffa95-bfc9-4a1c-9a47-ff24715a0622/datanode-1/data/ratis/9a475d44-0a9d-4eb5-b428-2719f2740861: Starting segment from index:0
2019-09-12 11:40:37,321 [8668900b-06f4-40f9-8926-68eb6348aa5d:group-025826BE815E:LeaderElection27] INFO  segmented.SegmentedRaftLogWorker (SegmentedRaftLogWorker.java:startLogSegment(380)) - 8668900b-06f4-40f9-8926-68eb6348aa5d-SegmentedRaftLogWorker:Storage Directory /workdir/hadoop-ozone/ozonefs/target/test-dir/MiniOzoneClusterImpl-3f0ffa95-bfc9-4a1c-9a47-ff24715a0622/datanode-7/data/ratis/69c102e9-e9c2-42be-b46f-025826be815e: Starting segment from index:0
2019-09-12 11:40:37,321 [2da31971-fd5c-4baf-8dfe-b6048362baf8:group-2719F2740861:LeaderElection26] INFO  impl.RaftServerImpl (ServerState.java:setRaftConf(361)) - 2da31971-fd5c-4baf-8dfe-b6048362baf8:group-2719F2740861 set configuration 0: [2da31971-fd5c-4baf-8dfe-b6048362baf8:192.168.157.195:36166], old=null at 0
2019-09-12 11:40:37,350 [8668900b-06f4-40f9-8926-68eb6348aa5d:group-025826BE815E:LeaderElection27] INFO  impl.RaftServerImpl (ServerState.java:setRaftConf(361)) - 8668900b-06f4-40f9-8926-68eb6348aa5d:group-025826BE815E set configuration 0: [8668900b-06f4-40f9-8926-68eb6348aa5d:192.168.157.195:38608], old=null at 0
2019-09-12 11:40:37,382 [2da31971-fd5c-4baf-8dfe-b6048362baf8-SegmentedRaftLogWorker:Storage Directory /workdir/hadoop-ozone/ozonefs/target/test-dir/MiniOzoneClusterImpl-3f0ffa95-bfc9-4a1c-9a47-ff24715a0622/datanode-1/data/ratis/9a475d44-0a9d-4eb5-b428-2719f2740861] INFO  segmented.SegmentedRaftLogWorker (SegmentedRaftLogWorker.java:execute(569)) - 2da31971-fd5c-4baf-8dfe-b6048362baf8-SegmentedRaftLogWorker:Storage Directory /workdir/hadoop-ozone/ozonefs/target/test-dir/MiniOzoneClusterImpl-3f0ffa95-bfc9-4a1c-9a47-ff24715a0622/datanode-1/data/ratis/9a475d44-0a9d-4eb5-b428-2719f2740861: created new log segment /workdir/hadoop-ozone/ozonefs/target/test-dir/MiniOzoneClusterImpl-3f0ffa95-bfc9-4a1c-9a47-ff24715a0622/datanode-1/data/ratis/9a475d44-0a9d-4eb5-b428-2719f2740861/current/log_inprogress_0
2019-09-12 11:40:37,382 [Thread-364] INFO  impl.FollowerState (FollowerState.java:run(106)) - ef411258-a662-4696-ba26-405a55c9a048:group-F22603D92D11 changes to CANDIDATE, lastRpcTime:5181, electionTimeout:5152ms
2019-09-12 11:40:37,382 [Thread-364] INFO  impl.RoleInfo (RoleInfo.java:shutdownFollowerState(121)) - ef411258-a662-4696-ba26-405a55c9a048: shutdown FollowerState
2019-09-12 11:40:37,383 [Thread-364] INFO  impl.RaftServerImpl (RaftServerImpl.java:setRole(171)) - ef411258-a662-4696-ba26-405a55c9a048:group-F22603D92D11 changes role from FOLLOWER to CANDIDATE at term 0 for changeToCandidate
2019-09-12 11:40:37,383 [Thread-364] INFO  impl.RoleInfo (RoleInfo.java:updateAndGet(143)) - ef411258-a662-4696-ba26-405a55c9a048: start LeaderElection
2019-09-12 11:40:37,395 [8668900b-06f4-40f9-8926-68eb6348aa5d-SegmentedRaftLogWorker:Storage Directory /workdir/hadoop-ozone/ozonefs/target/test-dir/MiniOzoneClusterImpl-3f0ffa95-bfc9-4a1c-9a47-ff24715a0622/datanode-7/data/ratis/69c102e9-e9c2-42be-b46f-025826be815e] INFO  segmented.SegmentedRaftLogWorker (SegmentedRaftLogWorker.java:execute(569)) - 8668900b-06f4-40f9-8926-68eb6348aa5d-SegmentedRaftLogWorker:Storage Directory /workdir/hadoop-ozone/ozonefs/target/test-dir/MiniOzoneClusterImpl-3f0ffa95-bfc9-4a1c-9a47-ff24715a0622/datanode-7/data/ratis/69c102e9-e9c2-42be-b46f-025826be815e: created new log segment /workdir/hadoop-ozone/ozonefs/target/test-dir/MiniOzoneClusterImpl-3f0ffa95-bfc9-4a1c-9a47-ff24715a0622/datanode-7/data/ratis/69c102e9-e9c2-42be-b46f-025826be815e/current/log_inprogress_0
2019-09-12 11:40:37,395 [ef411258-a662-4696-ba26-405a55c9a048:group-F22603D92D11:LeaderElection28] INFO  impl.LeaderElection (LeaderElection.java:askForVotes(181)) - ef411258-a662-4696-ba26-405a55c9a048:group-F22603D92D11:LeaderElection28: begin an election at term 1 for -1: [ef411258-a662-4696-ba26-405a55c9a048:192.168.157.195:37970], old=null
2019-09-12 11:40:37,395 [ef411258-a662-4696-ba26-405a55c9a048:group-F22603D92D11:LeaderElection28] INFO  impl.RoleInfo (RoleInfo.java:shutdownLeaderElection(134)) - ef411258-a662-4696-ba26-405a55c9a048: shutdown LeaderElection
2019-09-12 11:40:37,395 [ef411258-a662-4696-ba26-405a55c9a048:group-F22603D92D11:LeaderElection28] INFO  impl.RaftServerImpl (RaftServerImpl.java:setRole(171)) - ef411258-a662-4696-ba26-405a55c9a048:group-F22603D92D11 changes role from CANDIDATE to LEADER at term 1 for changeToLeader
2019-09-12 11:40:37,396 [ef411258-a662-4696-ba26-405a55c9a048:group-F22603D92D11:LeaderElection28] INFO  impl.RaftServerImpl (ServerState.java:setLeader(263)) - ef411258-a662-4696-ba26-405a55c9a048:group-F22603D92D11 change Leader from null to ef411258-a662-4696-ba26-405a55c9a048 at term 1 for becomeLeader, leader elected after 5199ms
2019-09-12 11:40:37,396 [ef411258-a662-4696-ba26-405a55c9a048:group-F22603D92D11:LeaderElection28] INFO  server.RaftServerConfigKeys (ConfUtils.java:logGet(43)) - raft.server.staging.catchup.gap = 1000 (default)
2019-09-12 11:40:37,396 [ef411258-a662-4696-ba26-405a55c9a048:group-F22603D92D11:LeaderElection28] INFO  server.RaftServerConfigKeys (ConfUtils.java:logGet(43)) - raft.server.rpc.sleep.time = 25ms (default)
2019-09-12 11:40:37,396 [ef411258-a662-4696-ba26-405a55c9a048:group-F22603D92D11:LeaderElection28] INFO  server.RaftServerConfigKeys (ConfUtils.java:logGet(43)) - raft.server.write.element-limit = 4096 (default)
2019-09-12 11:40:37,396 [ef411258-a662-4696-ba26-405a55c9a048:group-F22603D92D11:LeaderElection28] INFO  server.RaftServerConfigKeys (ConfUtils.java:logGet(43)) - raft.server.watch.timeout = 10s (default)
2019-09-12 11:40:37,397 [ef411258-a662-4696-ba26-405a55c9a048:group-F22603D92D11:LeaderElection28] INFO  server.RaftServerConfigKeys (ConfUtils.java:logGet(43)) - raft.server.watch.timeout.denomination = 1s (default)
2019-09-12 11:40:37,397 [ef411258-a662-4696-ba26-405a55c9a048:group-F22603D92D11:LeaderElection28] INFO  server.RaftServerConfigKeys (ConfUtils.java:logGet(43)) - raft.server.watch.element-limit = 65536 (default)
2019-09-12 11:40:37,397 [ef411258-a662-4696-ba26-405a55c9a048:group-F22603D92D11:LeaderElection28] INFO  impl.RoleInfo (RoleInfo.java:updateAndGet(143)) - ef411258-a662-4696-ba26-405a55c9a048: start LeaderState
2019-09-12 11:40:37,397 [ef411258-a662-4696-ba26-405a55c9a048:group-F22603D92D11:LeaderElection28] INFO  segmented.SegmentedRaftLogWorker (SegmentedRaftLogWorker.java:startLogSegment(380)) - ef411258-a662-4696-ba26-405a55c9a048-SegmentedRaftLogWorker:Storage Directory /workdir/hadoop-ozone/ozonefs/target/test-dir/MiniOzoneClusterImpl-3f0ffa95-bfc9-4a1c-9a47-ff24715a0622/datanode-4/data/ratis/0745cfff-62cb-4888-948d-f22603d92d11: Starting segment from index:0
2019-09-12 11:40:37,398 [ef411258-a662-4696-ba26-405a55c9a048:group-F22603D92D11:LeaderElection28] INFO  impl.RaftServerImpl (ServerState.java:setRaftConf(361)) - ef411258-a662-4696-ba26-405a55c9a048:group-F22603D92D11 set configuration 0: [ef411258-a662-4696-ba26-405a55c9a048:192.168.157.195:37970], old=null at 0
2019-09-12 11:40:37,438 | INFO  | SCMAudit | user=jenkins1000 | ip=192.168.157.195 | op=SEND_HEARTBEAT {datanodeUUID=b5e361a7-9275-4b10-aa61-1d8677ab7c49, command=[]} | ret=SUCCESS |  
2019-09-12 11:40:37,458 [Thread-370] INFO  impl.FollowerState (FollowerState.java:run(106)) - 2da31971-fd5c-4baf-8dfe-b6048362baf8:group-42F9D92787DD changes to CANDIDATE, lastRpcTime:5125, electionTimeout:5125ms
2019-09-12 11:40:37,458 [Thread-370] INFO  impl.RoleInfo (RoleInfo.java:shutdownFollowerState(121)) - 2da31971-fd5c-4baf-8dfe-b6048362baf8: shutdown FollowerState
2019-09-12 11:40:37,458 [Thread-370] INFO  impl.RaftServerImpl (RaftServerImpl.java:setRole(171)) - 2da31971-fd5c-4baf-8dfe-b6048362baf8:group-42F9D92787DD changes role from FOLLOWER to CANDIDATE at term 0 for changeToCandidate
2019-09-12 11:40:37,458 [Thread-370] INFO  impl.RoleInfo (RoleInfo.java:updateAndGet(143)) - 2da31971-fd5c-4baf-8dfe-b6048362baf8: start LeaderElection
2019-09-12 11:40:37,462 [ef411258-a662-4696-ba26-405a55c9a048-SegmentedRaftLogWorker:Storage Directory /workdir/hadoop-ozone/ozonefs/target/test-dir/MiniOzoneClusterImpl-3f0ffa95-bfc9-4a1c-9a47-ff24715a0622/datanode-4/data/ratis/0745cfff-62cb-4888-948d-f22603d92d11] INFO  segmented.SegmentedRaftLogWorker (SegmentedRaftLogWorker.java:execute(569)) - ef411258-a662-4696-ba26-405a55c9a048-SegmentedRaftLogWorker:Storage Directory /workdir/hadoop-ozone/ozonefs/target/test-dir/MiniOzoneClusterImpl-3f0ffa95-bfc9-4a1c-9a47-ff24715a0622/datanode-4/data/ratis/0745cfff-62cb-4888-948d-f22603d92d11: created new log segment /workdir/hadoop-ozone/ozonefs/target/test-dir/MiniOzoneClusterImpl-3f0ffa95-bfc9-4a1c-9a47-ff24715a0622/datanode-4/data/ratis/0745cfff-62cb-4888-948d-f22603d92d11/current/log_inprogress_0
2019-09-12 11:40:37,476 [2da31971-fd5c-4baf-8dfe-b6048362baf8:group-42F9D92787DD:LeaderElection29] INFO  impl.LeaderElection (LeaderElection.java:askForVotes(181)) - 2da31971-fd5c-4baf-8dfe-b6048362baf8:group-42F9D92787DD:LeaderElection29: begin an election at term 1 for -1: [2da31971-fd5c-4baf-8dfe-b6048362baf8:192.168.157.195:36166], old=null
2019-09-12 11:40:37,476 [2da31971-fd5c-4baf-8dfe-b6048362baf8:group-42F9D92787DD:LeaderElection29] INFO  impl.RoleInfo (RoleInfo.java:shutdownLeaderElection(134)) - 2da31971-fd5c-4baf-8dfe-b6048362baf8: shutdown LeaderElection
2019-09-12 11:40:37,476 [2da31971-fd5c-4baf-8dfe-b6048362baf8:group-42F9D92787DD:LeaderElection29] INFO  impl.RaftServerImpl (RaftServerImpl.java:setRole(171)) - 2da31971-fd5c-4baf-8dfe-b6048362baf8:group-42F9D92787DD changes role from CANDIDATE to LEADER at term 1 for changeToLeader
2019-09-12 11:40:37,476 [2da31971-fd5c-4baf-8dfe-b6048362baf8:group-42F9D92787DD:LeaderElection29] INFO  impl.RaftServerImpl (ServerState.java:setLeader(263)) - 2da31971-fd5c-4baf-8dfe-b6048362baf8:group-42F9D92787DD change Leader from null to 2da31971-fd5c-4baf-8dfe-b6048362baf8 at term 1 for becomeLeader, leader elected after 5149ms
2019-09-12 11:40:37,476 [2da31971-fd5c-4baf-8dfe-b6048362baf8:group-42F9D92787DD:LeaderElection29] INFO  server.RaftServerConfigKeys (ConfUtils.java:logGet(43)) - raft.server.staging.catchup.gap = 1000 (default)
2019-09-12 11:40:37,477 [2da31971-fd5c-4baf-8dfe-b6048362baf8:group-42F9D92787DD:LeaderElection29] INFO  server.RaftServerConfigKeys (ConfUtils.java:logGet(43)) - raft.server.rpc.sleep.time = 25ms (default)
2019-09-12 11:40:37,477 [2da31971-fd5c-4baf-8dfe-b6048362baf8:group-42F9D92787DD:LeaderElection29] INFO  server.RaftServerConfigKeys (ConfUtils.java:logGet(43)) - raft.server.write.element-limit = 4096 (default)
2019-09-12 11:40:37,477 [2da31971-fd5c-4baf-8dfe-b6048362baf8:group-42F9D92787DD:LeaderElection29] INFO  server.RaftServerConfigKeys (ConfUtils.java:logGet(43)) - raft.server.watch.timeout = 10s (default)
2019-09-12 11:40:37,477 [2da31971-fd5c-4baf-8dfe-b6048362baf8:group-42F9D92787DD:LeaderElection29] INFO  server.RaftServerConfigKeys (ConfUtils.java:logGet(43)) - raft.server.watch.timeout.denomination = 1s (default)
2019-09-12 11:40:37,477 [2da31971-fd5c-4baf-8dfe-b6048362baf8:group-42F9D92787DD:LeaderElection29] INFO  server.RaftServerConfigKeys (ConfUtils.java:logGet(43)) - raft.server.watch.element-limit = 65536 (default)
2019-09-12 11:40:37,478 [2da31971-fd5c-4baf-8dfe-b6048362baf8:group-42F9D92787DD:LeaderElection29] INFO  impl.RoleInfo (RoleInfo.java:updateAndGet(143)) - 2da31971-fd5c-4baf-8dfe-b6048362baf8: start LeaderState
2019-09-12 11:40:37,478 [2da31971-fd5c-4baf-8dfe-b6048362baf8:group-42F9D92787DD:LeaderElection29] INFO  segmented.SegmentedRaftLogWorker (SegmentedRaftLogWorker.java:startLogSegment(380)) - 2da31971-fd5c-4baf-8dfe-b6048362baf8-SegmentedRaftLogWorker:Storage Directory /workdir/hadoop-ozone/ozonefs/target/test-dir/MiniOzoneClusterImpl-3f0ffa95-bfc9-4a1c-9a47-ff24715a0622/datanode-1/data/ratis/502845d2-5637-4dcd-83a3-42f9d92787dd: Starting segment from index:0
2019-09-12 11:40:37,478 [2da31971-fd5c-4baf-8dfe-b6048362baf8:group-42F9D92787DD:LeaderElection29] INFO  impl.RaftServerImpl (ServerState.java:setRaftConf(361)) - 2da31971-fd5c-4baf-8dfe-b6048362baf8:group-42F9D92787DD set configuration 0: [2da31971-fd5c-4baf-8dfe-b6048362baf8:192.168.157.195:36166], old=null at 0
2019-09-12 11:40:37,518 | INFO  | SCMAudit | user=jenkins1000 | ip=192.168.157.195 | op=SEND_HEARTBEAT {datanodeUUID=ef411258-a662-4696-ba26-405a55c9a048, command=[]} | ret=SUCCESS |  
2019-09-12 11:40:37,519 | INFO  | SCMAudit | user=jenkins1000 | ip=192.168.157.195 | op=SEND_HEARTBEAT {datanodeUUID=f17fb2fb-971d-416e-b1f4-66e23bc05d05, command=[]} | ret=SUCCESS |  
2019-09-12 11:40:37,529 [2da31971-fd5c-4baf-8dfe-b6048362baf8-SegmentedRaftLogWorker:Storage Directory /workdir/hadoop-ozone/ozonefs/target/test-dir/MiniOzoneClusterImpl-3f0ffa95-bfc9-4a1c-9a47-ff24715a0622/datanode-1/data/ratis/502845d2-5637-4dcd-83a3-42f9d92787dd] INFO  segmented.SegmentedRaftLogWorker (SegmentedRaftLogWorker.java:execute(569)) - 2da31971-fd5c-4baf-8dfe-b6048362baf8-SegmentedRaftLogWorker:Storage Directory /workdir/hadoop-ozone/ozonefs/target/test-dir/MiniOzoneClusterImpl-3f0ffa95-bfc9-4a1c-9a47-ff24715a0622/datanode-1/data/ratis/502845d2-5637-4dcd-83a3-42f9d92787dd: created new log segment /workdir/hadoop-ozone/ozonefs/target/test-dir/MiniOzoneClusterImpl-3f0ffa95-bfc9-4a1c-9a47-ff24715a0622/datanode-1/data/ratis/502845d2-5637-4dcd-83a3-42f9d92787dd/current/log_inprogress_0
2019-09-12 11:40:37,533 [Thread-374] INFO  impl.FollowerState (FollowerState.java:run(106)) - 875e3d5e-0813-40b8-b024-43837dd2f6d5:group-7CA5DDEA94E2 changes to CANDIDATE, lastRpcTime:5131, electionTimeout:5131ms
2019-09-12 11:40:37,533 [Thread-374] INFO  impl.RoleInfo (RoleInfo.java:shutdownFollowerState(121)) - 875e3d5e-0813-40b8-b024-43837dd2f6d5: shutdown FollowerState
2019-09-12 11:40:37,533 [Thread-374] INFO  impl.RaftServerImpl (RaftServerImpl.java:setRole(171)) - 875e3d5e-0813-40b8-b024-43837dd2f6d5:group-7CA5DDEA94E2 changes role from FOLLOWER to CANDIDATE at term 0 for changeToCandidate
2019-09-12 11:40:37,533 [Thread-374] INFO  impl.RoleInfo (RoleInfo.java:updateAndGet(143)) - 875e3d5e-0813-40b8-b024-43837dd2f6d5: start LeaderElection
2019-09-12 11:40:37,543 [875e3d5e-0813-40b8-b024-43837dd2f6d5:group-7CA5DDEA94E2:LeaderElection30] INFO  impl.LeaderElection (LeaderElection.java:askForVotes(181)) - 875e3d5e-0813-40b8-b024-43837dd2f6d5:group-7CA5DDEA94E2:LeaderElection30: begin an election at term 1 for -1: [875e3d5e-0813-40b8-b024-43837dd2f6d5:192.168.157.195:33574], old=null
2019-09-12 11:40:37,543 [875e3d5e-0813-40b8-b024-43837dd2f6d5:group-7CA5DDEA94E2:LeaderElection30] INFO  impl.RoleInfo (RoleInfo.java:shutdownLeaderElection(134)) - 875e3d5e-0813-40b8-b024-43837dd2f6d5: shutdown LeaderElection
2019-09-12 11:40:37,543 [875e3d5e-0813-40b8-b024-43837dd2f6d5:group-7CA5DDEA94E2:LeaderElection30] INFO  impl.RaftServerImpl (RaftServerImpl.java:setRole(171)) - 875e3d5e-0813-40b8-b024-43837dd2f6d5:group-7CA5DDEA94E2 changes role from CANDIDATE to LEADER at term 1 for changeToLeader
2019-09-12 11:40:37,543 [875e3d5e-0813-40b8-b024-43837dd2f6d5:group-7CA5DDEA94E2:LeaderElection30] INFO  impl.RaftServerImpl (ServerState.java:setLeader(263)) - 875e3d5e-0813-40b8-b024-43837dd2f6d5:group-7CA5DDEA94E2 change Leader from null to 875e3d5e-0813-40b8-b024-43837dd2f6d5 at term 1 for becomeLeader, leader elected after 5153ms
2019-09-12 11:40:37,543 [875e3d5e-0813-40b8-b024-43837dd2f6d5:group-7CA5DDEA94E2:LeaderElection30] INFO  server.RaftServerConfigKeys (ConfUtils.java:logGet(43)) - raft.server.staging.catchup.gap = 1000 (default)
2019-09-12 11:40:37,543 [875e3d5e-0813-40b8-b024-43837dd2f6d5:group-7CA5DDEA94E2:LeaderElection30] INFO  server.RaftServerConfigKeys (ConfUtils.java:logGet(43)) - raft.server.rpc.sleep.time = 25ms (default)
2019-09-12 11:40:37,544 [875e3d5e-0813-40b8-b024-43837dd2f6d5:group-7CA5DDEA94E2:LeaderElection30] INFO  server.RaftServerConfigKeys (ConfUtils.java:logGet(43)) - raft.server.write.element-limit = 4096 (default)
2019-09-12 11:40:37,544 [875e3d5e-0813-40b8-b024-43837dd2f6d5:group-7CA5DDEA94E2:LeaderElection30] INFO  server.RaftServerConfigKeys (ConfUtils.java:logGet(43)) - raft.server.watch.timeout = 10s (default)
2019-09-12 11:40:37,544 [875e3d5e-0813-40b8-b024-43837dd2f6d5:group-7CA5DDEA94E2:LeaderElection30] INFO  server.RaftServerConfigKeys (ConfUtils.java:logGet(43)) - raft.server.watch.timeout.denomination = 1s (default)
2019-09-12 11:40:37,544 [875e3d5e-0813-40b8-b024-43837dd2f6d5:group-7CA5DDEA94E2:LeaderElection30] INFO  server.RaftServerConfigKeys (ConfUtils.java:logGet(43)) - raft.server.watch.element-limit = 65536 (default)
2019-09-12 11:40:37,544 [875e3d5e-0813-40b8-b024-43837dd2f6d5:group-7CA5DDEA94E2:LeaderElection30] INFO  impl.RoleInfo (RoleInfo.java:updateAndGet(143)) - 875e3d5e-0813-40b8-b024-43837dd2f6d5: start LeaderState
2019-09-12 11:40:37,544 [875e3d5e-0813-40b8-b024-43837dd2f6d5:group-7CA5DDEA94E2:LeaderElection30] INFO  segmented.SegmentedRaftLogWorker (SegmentedRaftLogWorker.java:startLogSegment(380)) - 875e3d5e-0813-40b8-b024-43837dd2f6d5-SegmentedRaftLogWorker:Storage Directory /workdir/hadoop-ozone/ozonefs/target/test-dir/MiniOzoneClusterImpl-3f0ffa95-bfc9-4a1c-9a47-ff24715a0622/datanode-5/data/ratis/098bd499-b042-43b9-a87b-7ca5ddea94e2: Starting segment from index:0
2019-09-12 11:40:37,545 [875e3d5e-0813-40b8-b024-43837dd2f6d5:group-7CA5DDEA94E2:LeaderElection30] INFO  impl.RaftServerImpl (ServerState.java:setRaftConf(361)) - 875e3d5e-0813-40b8-b024-43837dd2f6d5:group-7CA5DDEA94E2 set configuration 0: [875e3d5e-0813-40b8-b024-43837dd2f6d5:192.168.157.195:33574], old=null at 0
2019-09-12 11:40:37,589 [875e3d5e-0813-40b8-b024-43837dd2f6d5-SegmentedRaftLogWorker:Storage Directory /workdir/hadoop-ozone/ozonefs/target/test-dir/MiniOzoneClusterImpl-3f0ffa95-bfc9-4a1c-9a47-ff24715a0622/datanode-5/data/ratis/098bd499-b042-43b9-a87b-7ca5ddea94e2] INFO  segmented.SegmentedRaftLogWorker (SegmentedRaftLogWorker.java:execute(569)) - 875e3d5e-0813-40b8-b024-43837dd2f6d5-SegmentedRaftLogWorker:Storage Directory /workdir/hadoop-ozone/ozonefs/target/test-dir/MiniOzoneClusterImpl-3f0ffa95-bfc9-4a1c-9a47-ff24715a0622/datanode-5/data/ratis/098bd499-b042-43b9-a87b-7ca5ddea94e2: created new log segment /workdir/hadoop-ozone/ozonefs/target/test-dir/MiniOzoneClusterImpl-3f0ffa95-bfc9-4a1c-9a47-ff24715a0622/datanode-5/data/ratis/098bd499-b042-43b9-a87b-7ca5ddea94e2/current/log_inprogress_0
2019-09-12 11:40:37,598 [Thread-378] INFO  impl.FollowerState (FollowerState.java:run(106)) - 875e3d5e-0813-40b8-b024-43837dd2f6d5:group-02739266B329 changes to CANDIDATE, lastRpcTime:5126, electionTimeout:5126ms
2019-09-12 11:40:37,598 [Thread-378] INFO  impl.RoleInfo (RoleInfo.java:shutdownFollowerState(121)) - 875e3d5e-0813-40b8-b024-43837dd2f6d5: shutdown FollowerState
2019-09-12 11:40:37,598 [Thread-378] INFO  impl.RaftServerImpl (RaftServerImpl.java:setRole(171)) - 875e3d5e-0813-40b8-b024-43837dd2f6d5:group-02739266B329 changes role from FOLLOWER to CANDIDATE at term 0 for changeToCandidate
2019-09-12 11:40:37,598 [Thread-378] INFO  impl.RoleInfo (RoleInfo.java:updateAndGet(143)) - 875e3d5e-0813-40b8-b024-43837dd2f6d5: start LeaderElection
2019-09-12 11:40:37,604 | INFO  | SCMAudit | user=jenkins1000 | ip=192.168.157.195 | op=SEND_HEARTBEAT {datanodeUUID=2da31971-fd5c-4baf-8dfe-b6048362baf8, command=[]} | ret=SUCCESS |  
2019-09-12 11:40:37,621 [875e3d5e-0813-40b8-b024-43837dd2f6d5:group-02739266B329:LeaderElection31] INFO  impl.LeaderElection (LeaderElection.java:askForVotes(181)) - 875e3d5e-0813-40b8-b024-43837dd2f6d5:group-02739266B329:LeaderElection31: begin an election at term 1 for -1: [875e3d5e-0813-40b8-b024-43837dd2f6d5:192.168.157.195:33574], old=null
2019-09-12 11:40:37,621 [875e3d5e-0813-40b8-b024-43837dd2f6d5:group-02739266B329:LeaderElection31] INFO  impl.RoleInfo (RoleInfo.java:shutdownLeaderElection(134)) - 875e3d5e-0813-40b8-b024-43837dd2f6d5: shutdown LeaderElection
2019-09-12 11:40:37,621 [875e3d5e-0813-40b8-b024-43837dd2f6d5:group-02739266B329:LeaderElection31] INFO  impl.RaftServerImpl (RaftServerImpl.java:setRole(171)) - 875e3d5e-0813-40b8-b024-43837dd2f6d5:group-02739266B329 changes role from CANDIDATE to LEADER at term 1 for changeToLeader
2019-09-12 11:40:37,622 [875e3d5e-0813-40b8-b024-43837dd2f6d5:group-02739266B329:LeaderElection31] INFO  impl.RaftServerImpl (ServerState.java:setLeader(263)) - 875e3d5e-0813-40b8-b024-43837dd2f6d5:group-02739266B329 change Leader from null to 875e3d5e-0813-40b8-b024-43837dd2f6d5 at term 1 for becomeLeader, leader elected after 5153ms
2019-09-12 11:40:37,622 [875e3d5e-0813-40b8-b024-43837dd2f6d5:group-02739266B329:LeaderElection31] INFO  server.RaftServerConfigKeys (ConfUtils.java:logGet(43)) - raft.server.staging.catchup.gap = 1000 (default)
2019-09-12 11:40:37,622 [875e3d5e-0813-40b8-b024-43837dd2f6d5:group-02739266B329:LeaderElection31] INFO  server.RaftServerConfigKeys (ConfUtils.java:logGet(43)) - raft.server.rpc.sleep.time = 25ms (default)
2019-09-12 11:40:37,622 [875e3d5e-0813-40b8-b024-43837dd2f6d5:group-02739266B329:LeaderElection31] INFO  server.RaftServerConfigKeys (ConfUtils.java:logGet(43)) - raft.server.write.element-limit = 4096 (default)
2019-09-12 11:40:37,623 [875e3d5e-0813-40b8-b024-43837dd2f6d5:group-02739266B329:LeaderElection31] INFO  server.RaftServerConfigKeys (ConfUtils.java:logGet(43)) - raft.server.watch.timeout = 10s (default)
2019-09-12 11:40:37,623 [875e3d5e-0813-40b8-b024-43837dd2f6d5:group-02739266B329:LeaderElection31] INFO  server.RaftServerConfigKeys (ConfUtils.java:logGet(43)) - raft.server.watch.timeout.denomination = 1s (default)
2019-09-12 11:40:37,623 [875e3d5e-0813-40b8-b024-43837dd2f6d5:group-02739266B329:LeaderElection31] INFO  server.RaftServerConfigKeys (ConfUtils.java:logGet(43)) - raft.server.watch.element-limit = 65536 (default)
2019-09-12 11:40:37,623 [875e3d5e-0813-40b8-b024-43837dd2f6d5:group-02739266B329:LeaderElection31] INFO  impl.RoleInfo (RoleInfo.java:updateAndGet(143)) - 875e3d5e-0813-40b8-b024-43837dd2f6d5: start LeaderState
2019-09-12 11:40:37,624 [875e3d5e-0813-40b8-b024-43837dd2f6d5:group-02739266B329:LeaderElection31] INFO  segmented.SegmentedRaftLogWorker (SegmentedRaftLogWorker.java:startLogSegment(380)) - 875e3d5e-0813-40b8-b024-43837dd2f6d5-SegmentedRaftLogWorker:Storage Directory /workdir/hadoop-ozone/ozonefs/target/test-dir/MiniOzoneClusterImpl-3f0ffa95-bfc9-4a1c-9a47-ff24715a0622/datanode-5/data/ratis/108bdf98-4880-40d9-9d35-02739266b329: Starting segment from index:0
2019-09-12 11:40:37,624 [875e3d5e-0813-40b8-b024-43837dd2f6d5:group-02739266B329:LeaderElection31] INFO  impl.RaftServerImpl (ServerState.java:setRaftConf(361)) - 875e3d5e-0813-40b8-b024-43837dd2f6d5:group-02739266B329 set configuration 0: [875e3d5e-0813-40b8-b024-43837dd2f6d5:192.168.157.195:33574], old=null at 0
2019-09-12 11:40:37,662 | INFO  | SCMAudit | user=jenkins1000 | ip=192.168.157.195 | op=SEND_HEARTBEAT {datanodeUUID=dbf859ef-0f75-4843-8536-03105c97857a, command=[]} | ret=SUCCESS |  
2019-09-12 11:40:37,670 [875e3d5e-0813-40b8-b024-43837dd2f6d5-SegmentedRaftLogWorker:Storage Directory /workdir/hadoop-ozone/ozonefs/target/test-dir/MiniOzoneClusterImpl-3f0ffa95-bfc9-4a1c-9a47-ff24715a0622/datanode-5/data/ratis/108bdf98-4880-40d9-9d35-02739266b329] INFO  segmented.SegmentedRaftLogWorker (SegmentedRaftLogWorker.java:execute(569)) - 875e3d5e-0813-40b8-b024-43837dd2f6d5-SegmentedRaftLogWorker:Storage Directory /workdir/hadoop-ozone/ozonefs/target/test-dir/MiniOzoneClusterImpl-3f0ffa95-bfc9-4a1c-9a47-ff24715a0622/datanode-5/data/ratis/108bdf98-4880-40d9-9d35-02739266b329: created new log segment /workdir/hadoop-ozone/ozonefs/target/test-dir/MiniOzoneClusterImpl-3f0ffa95-bfc9-4a1c-9a47-ff24715a0622/datanode-5/data/ratis/108bdf98-4880-40d9-9d35-02739266b329/current/log_inprogress_0
2019-09-12 11:40:37,697 [Thread-381] INFO  impl.FollowerState (FollowerState.java:run(106)) - abc6f9f9-8862-43ee-ac13-b67e1574492b:group-8B7714052504 changes to CANDIDATE, lastRpcTime:5138, electionTimeout:5138ms
2019-09-12 11:40:37,697 [Thread-381] INFO  impl.RoleInfo (RoleInfo.java:shutdownFollowerState(121)) - abc6f9f9-8862-43ee-ac13-b67e1574492b: shutdown FollowerState
2019-09-12 11:40:37,697 [Thread-381] INFO  impl.RaftServerImpl (RaftServerImpl.java:setRole(171)) - abc6f9f9-8862-43ee-ac13-b67e1574492b:group-8B7714052504 changes role from FOLLOWER to CANDIDATE at term 0 for changeToCandidate
2019-09-12 11:40:37,697 [Thread-381] INFO  impl.RoleInfo (RoleInfo.java:updateAndGet(143)) - abc6f9f9-8862-43ee-ac13-b67e1574492b: start LeaderElection
2019-09-12 11:40:37,716 [abc6f9f9-8862-43ee-ac13-b67e1574492b:group-8B7714052504:LeaderElection32] INFO  impl.LeaderElection (LeaderElection.java:askForVotes(181)) - abc6f9f9-8862-43ee-ac13-b67e1574492b:group-8B7714052504:LeaderElection32: begin an election at term 1 for -1: [abc6f9f9-8862-43ee-ac13-b67e1574492b:192.168.157.195:32913], old=null
2019-09-12 11:40:37,716 [abc6f9f9-8862-43ee-ac13-b67e1574492b:group-8B7714052504:LeaderElection32] INFO  impl.RoleInfo (RoleInfo.java:shutdownLeaderElection(134)) - abc6f9f9-8862-43ee-ac13-b67e1574492b: shutdown LeaderElection
2019-09-12 11:40:37,717 [abc6f9f9-8862-43ee-ac13-b67e1574492b:group-8B7714052504:LeaderElection32] INFO  impl.RaftServerImpl (RaftServerImpl.java:setRole(171)) - abc6f9f9-8862-43ee-ac13-b67e1574492b:group-8B7714052504 changes role from CANDIDATE to LEADER at term 1 for changeToLeader
2019-09-12 11:40:37,717 [abc6f9f9-8862-43ee-ac13-b67e1574492b:group-8B7714052504:LeaderElection32] INFO  impl.RaftServerImpl (ServerState.java:setLeader(263)) - abc6f9f9-8862-43ee-ac13-b67e1574492b:group-8B7714052504 change Leader from null to abc6f9f9-8862-43ee-ac13-b67e1574492b at term 1 for becomeLeader, leader elected after 5164ms
2019-09-12 11:40:37,717 [abc6f9f9-8862-43ee-ac13-b67e1574492b:group-8B7714052504:LeaderElection32] INFO  server.RaftServerConfigKeys (ConfUtils.java:logGet(43)) - raft.server.staging.catchup.gap = 1000 (default)
2019-09-12 11:40:37,717 [abc6f9f9-8862-43ee-ac13-b67e1574492b:group-8B7714052504:LeaderElection32] INFO  server.RaftServerConfigKeys (ConfUtils.java:logGet(43)) - raft.server.rpc.sleep.time = 25ms (default)
2019-09-12 11:40:37,717 [abc6f9f9-8862-43ee-ac13-b67e1574492b:group-8B7714052504:LeaderElection32] INFO  server.RaftServerConfigKeys (ConfUtils.java:logGet(43)) - raft.server.write.element-limit = 4096 (default)
2019-09-12 11:40:37,718 [abc6f9f9-8862-43ee-ac13-b67e1574492b:group-8B7714052504:LeaderElection32] INFO  server.RaftServerConfigKeys (ConfUtils.java:logGet(43)) - raft.server.watch.timeout = 10s (default)
2019-09-12 11:40:37,718 [abc6f9f9-8862-43ee-ac13-b67e1574492b:group-8B7714052504:LeaderElection32] INFO  server.RaftServerConfigKeys (ConfUtils.java:logGet(43)) - raft.server.watch.timeout.denomination = 1s (default)
2019-09-12 11:40:37,718 [abc6f9f9-8862-43ee-ac13-b67e1574492b:group-8B7714052504:LeaderElection32] INFO  server.RaftServerConfigKeys (ConfUtils.java:logGet(43)) - raft.server.watch.element-limit = 65536 (default)
2019-09-12 11:40:37,718 [abc6f9f9-8862-43ee-ac13-b67e1574492b:group-8B7714052504:LeaderElection32] INFO  impl.RoleInfo (RoleInfo.java:updateAndGet(143)) - abc6f9f9-8862-43ee-ac13-b67e1574492b: start LeaderState
2019-09-12 11:40:37,719 [abc6f9f9-8862-43ee-ac13-b67e1574492b:group-8B7714052504:LeaderElection32] INFO  segmented.SegmentedRaftLogWorker (SegmentedRaftLogWorker.java:startLogSegment(380)) - abc6f9f9-8862-43ee-ac13-b67e1574492b-SegmentedRaftLogWorker:Storage Directory /workdir/hadoop-ozone/ozonefs/target/test-dir/MiniOzoneClusterImpl-3f0ffa95-bfc9-4a1c-9a47-ff24715a0622/datanode-2/data/ratis/4dfecc07-b0b5-48be-a715-8b7714052504: Starting segment from index:0
2019-09-12 11:40:37,719 [abc6f9f9-8862-43ee-ac13-b67e1574492b:group-8B7714052504:LeaderElection32] INFO  impl.RaftServerImpl (ServerState.java:setRaftConf(361)) - abc6f9f9-8862-43ee-ac13-b67e1574492b:group-8B7714052504 set configuration 0: [abc6f9f9-8862-43ee-ac13-b67e1574492b:192.168.157.195:32913], old=null at 0
2019-09-12 11:40:37,752 [Thread-387] INFO  impl.FollowerState (FollowerState.java:run(106)) - 5d0352ef-d446-4a04-a69e-b6b493d47759:group-9C361074970D changes to CANDIDATE, lastRpcTime:5067, electionTimeout:5053ms
2019-09-12 11:40:37,752 [Thread-387] INFO  impl.RoleInfo (RoleInfo.java:shutdownFollowerState(121)) - 5d0352ef-d446-4a04-a69e-b6b493d47759: shutdown FollowerState
2019-09-12 11:40:37,752 [Thread-387] INFO  impl.RaftServerImpl (RaftServerImpl.java:setRole(171)) - 5d0352ef-d446-4a04-a69e-b6b493d47759:group-9C361074970D changes role from FOLLOWER to CANDIDATE at term 0 for changeToCandidate
2019-09-12 11:40:37,752 [Thread-387] INFO  impl.RoleInfo (RoleInfo.java:updateAndGet(143)) - 5d0352ef-d446-4a04-a69e-b6b493d47759: start LeaderElection
2019-09-12 11:40:37,755 | INFO  | SCMAudit | user=jenkins1000 | ip=192.168.157.195 | op=SEND_HEARTBEAT {datanodeUUID=875e3d5e-0813-40b8-b024-43837dd2f6d5, command=[]} | ret=SUCCESS |  
2019-09-12 11:40:37,764 [abc6f9f9-8862-43ee-ac13-b67e1574492b-SegmentedRaftLogWorker:Storage Directory /workdir/hadoop-ozone/ozonefs/target/test-dir/MiniOzoneClusterImpl-3f0ffa95-bfc9-4a1c-9a47-ff24715a0622/datanode-2/data/ratis/4dfecc07-b0b5-48be-a715-8b7714052504] INFO  segmented.SegmentedRaftLogWorker (SegmentedRaftLogWorker.java:execute(569)) - abc6f9f9-8862-43ee-ac13-b67e1574492b-SegmentedRaftLogWorker:Storage Directory /workdir/hadoop-ozone/ozonefs/target/test-dir/MiniOzoneClusterImpl-3f0ffa95-bfc9-4a1c-9a47-ff24715a0622/datanode-2/data/ratis/4dfecc07-b0b5-48be-a715-8b7714052504: created new log segment /workdir/hadoop-ozone/ozonefs/target/test-dir/MiniOzoneClusterImpl-3f0ffa95-bfc9-4a1c-9a47-ff24715a0622/datanode-2/data/ratis/4dfecc07-b0b5-48be-a715-8b7714052504/current/log_inprogress_0
2019-09-12 11:40:37,765 [5d0352ef-d446-4a04-a69e-b6b493d47759:group-9C361074970D:LeaderElection33] INFO  impl.LeaderElection (LeaderElection.java:askForVotes(181)) - 5d0352ef-d446-4a04-a69e-b6b493d47759:group-9C361074970D:LeaderElection33: begin an election at term 1 for -1: [5d0352ef-d446-4a04-a69e-b6b493d47759:192.168.157.195:35104], old=null
2019-09-12 11:40:37,765 [5d0352ef-d446-4a04-a69e-b6b493d47759:group-9C361074970D:LeaderElection33] INFO  impl.RoleInfo (RoleInfo.java:shutdownLeaderElection(134)) - 5d0352ef-d446-4a04-a69e-b6b493d47759: shutdown LeaderElection
2019-09-12 11:40:37,765 [5d0352ef-d446-4a04-a69e-b6b493d47759:group-9C361074970D:LeaderElection33] INFO  impl.RaftServerImpl (RaftServerImpl.java:setRole(171)) - 5d0352ef-d446-4a04-a69e-b6b493d47759:group-9C361074970D changes role from CANDIDATE to LEADER at term 1 for changeToLeader
2019-09-12 11:40:37,765 [5d0352ef-d446-4a04-a69e-b6b493d47759:group-9C361074970D:LeaderElection33] INFO  impl.RaftServerImpl (ServerState.java:setLeader(263)) - 5d0352ef-d446-4a04-a69e-b6b493d47759:group-9C361074970D change Leader from null to 5d0352ef-d446-4a04-a69e-b6b493d47759 at term 1 for becomeLeader, leader elected after 5084ms
2019-09-12 11:40:37,765 [5d0352ef-d446-4a04-a69e-b6b493d47759:group-9C361074970D:LeaderElection33] INFO  server.RaftServerConfigKeys (ConfUtils.java:logGet(43)) - raft.server.staging.catchup.gap = 1000 (default)
2019-09-12 11:40:37,765 [5d0352ef-d446-4a04-a69e-b6b493d47759:group-9C361074970D:LeaderElection33] INFO  server.RaftServerConfigKeys (ConfUtils.java:logGet(43)) - raft.server.rpc.sleep.time = 25ms (default)
2019-09-12 11:40:37,766 [5d0352ef-d446-4a04-a69e-b6b493d47759:group-9C361074970D:LeaderElection33] INFO  server.RaftServerConfigKeys (ConfUtils.java:logGet(43)) - raft.server.write.element-limit = 4096 (default)
2019-09-12 11:40:37,766 [5d0352ef-d446-4a04-a69e-b6b493d47759:group-9C361074970D:LeaderElection33] INFO  server.RaftServerConfigKeys (ConfUtils.java:logGet(43)) - raft.server.watch.timeout = 10s (default)
2019-09-12 11:40:37,766 [5d0352ef-d446-4a04-a69e-b6b493d47759:group-9C361074970D:LeaderElection33] INFO  server.RaftServerConfigKeys (ConfUtils.java:logGet(43)) - raft.server.watch.timeout.denomination = 1s (default)
2019-09-12 11:40:37,766 [5d0352ef-d446-4a04-a69e-b6b493d47759:group-9C361074970D:LeaderElection33] INFO  server.RaftServerConfigKeys (ConfUtils.java:logGet(43)) - raft.server.watch.element-limit = 65536 (default)
2019-09-12 11:40:37,767 [5d0352ef-d446-4a04-a69e-b6b493d47759:group-9C361074970D:LeaderElection33] INFO  impl.RoleInfo (RoleInfo.java:updateAndGet(143)) - 5d0352ef-d446-4a04-a69e-b6b493d47759: start LeaderState
2019-09-12 11:40:37,767 [5d0352ef-d446-4a04-a69e-b6b493d47759:group-9C361074970D:LeaderElection33] INFO  segmented.SegmentedRaftLogWorker (SegmentedRaftLogWorker.java:startLogSegment(380)) - 5d0352ef-d446-4a04-a69e-b6b493d47759-SegmentedRaftLogWorker:Storage Directory /workdir/hadoop-ozone/ozonefs/target/test-dir/MiniOzoneClusterImpl-3f0ffa95-bfc9-4a1c-9a47-ff24715a0622/datanode-0/data/ratis/f7b85ff2-8c2f-4a79-b2fb-9c361074970d: Starting segment from index:0
2019-09-12 11:40:37,768 [5d0352ef-d446-4a04-a69e-b6b493d47759:group-9C361074970D:LeaderElection33] INFO  impl.RaftServerImpl (ServerState.java:setRaftConf(361)) - 5d0352ef-d446-4a04-a69e-b6b493d47759:group-9C361074970D set configuration 0: [5d0352ef-d446-4a04-a69e-b6b493d47759:192.168.157.195:35104], old=null at 0
2019-09-12 11:40:37,798 [Thread-384] INFO  impl.FollowerState (FollowerState.java:run(106)) - 875e3d5e-0813-40b8-b024-43837dd2f6d5:group-A87AF84CA360 changes to CANDIDATE, lastRpcTime:5180, electionTimeout:5174ms
2019-09-12 11:40:37,798 [Thread-384] INFO  impl.RoleInfo (RoleInfo.java:shutdownFollowerState(121)) - 875e3d5e-0813-40b8-b024-43837dd2f6d5: shutdown FollowerState
2019-09-12 11:40:37,799 [Thread-384] INFO  impl.RaftServerImpl (RaftServerImpl.java:setRole(171)) - 875e3d5e-0813-40b8-b024-43837dd2f6d5:group-A87AF84CA360 changes role from FOLLOWER to CANDIDATE at term 0 for changeToCandidate
2019-09-12 11:40:37,799 [Thread-384] INFO  impl.RoleInfo (RoleInfo.java:updateAndGet(143)) - 875e3d5e-0813-40b8-b024-43837dd2f6d5: start LeaderElection
2019-09-12 11:40:37,811 [5d0352ef-d446-4a04-a69e-b6b493d47759-SegmentedRaftLogWorker:Storage Directory /workdir/hadoop-ozone/ozonefs/target/test-dir/MiniOzoneClusterImpl-3f0ffa95-bfc9-4a1c-9a47-ff24715a0622/datanode-0/data/ratis/f7b85ff2-8c2f-4a79-b2fb-9c361074970d] INFO  segmented.SegmentedRaftLogWorker (SegmentedRaftLogWorker.java:execute(569)) - 5d0352ef-d446-4a04-a69e-b6b493d47759-SegmentedRaftLogWorker:Storage Directory /workdir/hadoop-ozone/ozonefs/target/test-dir/MiniOzoneClusterImpl-3f0ffa95-bfc9-4a1c-9a47-ff24715a0622/datanode-0/data/ratis/f7b85ff2-8c2f-4a79-b2fb-9c361074970d: created new log segment /workdir/hadoop-ozone/ozonefs/target/test-dir/MiniOzoneClusterImpl-3f0ffa95-bfc9-4a1c-9a47-ff24715a0622/datanode-0/data/ratis/f7b85ff2-8c2f-4a79-b2fb-9c361074970d/current/log_inprogress_0
2019-09-12 11:40:37,811 [875e3d5e-0813-40b8-b024-43837dd2f6d5:group-A87AF84CA360:LeaderElection34] INFO  impl.LeaderElection (LeaderElection.java:askForVotes(181)) - 875e3d5e-0813-40b8-b024-43837dd2f6d5:group-A87AF84CA360:LeaderElection34: begin an election at term 1 for -1: [875e3d5e-0813-40b8-b024-43837dd2f6d5:192.168.157.195:33574], old=null
2019-09-12 11:40:37,811 [875e3d5e-0813-40b8-b024-43837dd2f6d5:group-A87AF84CA360:LeaderElection34] INFO  impl.RoleInfo (RoleInfo.java:shutdownLeaderElection(134)) - 875e3d5e-0813-40b8-b024-43837dd2f6d5: shutdown LeaderElection
2019-09-12 11:40:37,812 [875e3d5e-0813-40b8-b024-43837dd2f6d5:group-A87AF84CA360:LeaderElection34] INFO  impl.RaftServerImpl (RaftServerImpl.java:setRole(171)) - 875e3d5e-0813-40b8-b024-43837dd2f6d5:group-A87AF84CA360 changes role from CANDIDATE to LEADER at term 1 for changeToLeader
2019-09-12 11:40:37,812 [875e3d5e-0813-40b8-b024-43837dd2f6d5:group-A87AF84CA360:LeaderElection34] INFO  impl.RaftServerImpl (ServerState.java:setLeader(263)) - 875e3d5e-0813-40b8-b024-43837dd2f6d5:group-A87AF84CA360 change Leader from null to 875e3d5e-0813-40b8-b024-43837dd2f6d5 at term 1 for becomeLeader, leader elected after 5199ms
2019-09-12 11:40:37,812 [875e3d5e-0813-40b8-b024-43837dd2f6d5:group-A87AF84CA360:LeaderElection34] INFO  server.RaftServerConfigKeys (ConfUtils.java:logGet(43)) - raft.server.staging.catchup.gap = 1000 (default)
2019-09-12 11:40:37,812 [875e3d5e-0813-40b8-b024-43837dd2f6d5:group-A87AF84CA360:LeaderElection34] INFO  server.RaftServerConfigKeys (ConfUtils.java:logGet(43)) - raft.server.rpc.sleep.time = 25ms (default)
2019-09-12 11:40:37,812 [875e3d5e-0813-40b8-b024-43837dd2f6d5:group-A87AF84CA360:LeaderElection34] INFO  server.RaftServerConfigKeys (ConfUtils.java:logGet(43)) - raft.server.write.element-limit = 4096 (default)
2019-09-12 11:40:37,813 [875e3d5e-0813-40b8-b024-43837dd2f6d5:group-A87AF84CA360:LeaderElection34] INFO  server.RaftServerConfigKeys (ConfUtils.java:logGet(43)) - raft.server.watch.timeout = 10s (default)
2019-09-12 11:40:37,813 [875e3d5e-0813-40b8-b024-43837dd2f6d5:group-A87AF84CA360:LeaderElection34] INFO  server.RaftServerConfigKeys (ConfUtils.java:logGet(43)) - raft.server.watch.timeout.denomination = 1s (default)
2019-09-12 11:40:37,813 [875e3d5e-0813-40b8-b024-43837dd2f6d5:group-A87AF84CA360:LeaderElection34] INFO  server.RaftServerConfigKeys (ConfUtils.java:logGet(43)) - raft.server.watch.element-limit = 65536 (default)
2019-09-12 11:40:37,813 [875e3d5e-0813-40b8-b024-43837dd2f6d5:group-A87AF84CA360:LeaderElection34] INFO  impl.RoleInfo (RoleInfo.java:updateAndGet(143)) - 875e3d5e-0813-40b8-b024-43837dd2f6d5: start LeaderState
2019-09-12 11:40:37,813 [875e3d5e-0813-40b8-b024-43837dd2f6d5:group-A87AF84CA360:LeaderElection34] INFO  segmented.SegmentedRaftLogWorker (SegmentedRaftLogWorker.java:startLogSegment(380)) - 875e3d5e-0813-40b8-b024-43837dd2f6d5-SegmentedRaftLogWorker:Storage Directory /workdir/hadoop-ozone/ozonefs/target/test-dir/MiniOzoneClusterImpl-3f0ffa95-bfc9-4a1c-9a47-ff24715a0622/datanode-5/data/ratis/d3ba69cb-8f1c-46a6-a51a-a87af84ca360: Starting segment from index:0
2019-09-12 11:40:37,814 [875e3d5e-0813-40b8-b024-43837dd2f6d5:group-A87AF84CA360:LeaderElection34] INFO  impl.RaftServerImpl (ServerState.java:setRaftConf(361)) - 875e3d5e-0813-40b8-b024-43837dd2f6d5:group-A87AF84CA360 set configuration 0: [875e3d5e-0813-40b8-b024-43837dd2f6d5:192.168.157.195:33574], old=null at 0
2019-09-12 11:40:37,859 [Thread-390] INFO  impl.FollowerState (FollowerState.java:run(106)) - ef411258-a662-4696-ba26-405a55c9a048:group-BA51E7BB0F17 changes to CANDIDATE, lastRpcTime:5121, electionTimeout:5078ms
2019-09-12 11:40:37,859 [Thread-390] INFO  impl.RoleInfo (RoleInfo.java:shutdownFollowerState(121)) - ef411258-a662-4696-ba26-405a55c9a048: shutdown FollowerState
2019-09-12 11:40:37,860 [Thread-390] INFO  impl.RaftServerImpl (RaftServerImpl.java:setRole(171)) - ef411258-a662-4696-ba26-405a55c9a048:group-BA51E7BB0F17 changes role from FOLLOWER to CANDIDATE at term 0 for changeToCandidate
2019-09-12 11:40:37,860 [Thread-390] INFO  impl.RoleInfo (RoleInfo.java:updateAndGet(143)) - ef411258-a662-4696-ba26-405a55c9a048: start LeaderElection
2019-09-12 11:40:37,892 [875e3d5e-0813-40b8-b024-43837dd2f6d5-SegmentedRaftLogWorker:Storage Directory /workdir/hadoop-ozone/ozonefs/target/test-dir/MiniOzoneClusterImpl-3f0ffa95-bfc9-4a1c-9a47-ff24715a0622/datanode-5/data/ratis/d3ba69cb-8f1c-46a6-a51a-a87af84ca360] INFO  segmented.SegmentedRaftLogWorker (SegmentedRaftLogWorker.java:execute(569)) - 875e3d5e-0813-40b8-b024-43837dd2f6d5-SegmentedRaftLogWorker:Storage Directory /workdir/hadoop-ozone/ozonefs/target/test-dir/MiniOzoneClusterImpl-3f0ffa95-bfc9-4a1c-9a47-ff24715a0622/datanode-5/data/ratis/d3ba69cb-8f1c-46a6-a51a-a87af84ca360: created new log segment /workdir/hadoop-ozone/ozonefs/target/test-dir/MiniOzoneClusterImpl-3f0ffa95-bfc9-4a1c-9a47-ff24715a0622/datanode-5/data/ratis/d3ba69cb-8f1c-46a6-a51a-a87af84ca360/current/log_inprogress_0
2019-09-12 11:40:37,893 [ef411258-a662-4696-ba26-405a55c9a048:group-BA51E7BB0F17:LeaderElection35] INFO  impl.LeaderElection (LeaderElection.java:askForVotes(181)) - ef411258-a662-4696-ba26-405a55c9a048:group-BA51E7BB0F17:LeaderElection35: begin an election at term 1 for -1: [ef411258-a662-4696-ba26-405a55c9a048:192.168.157.195:37970], old=null
2019-09-12 11:40:37,893 [ef411258-a662-4696-ba26-405a55c9a048:group-BA51E7BB0F17:LeaderElection35] INFO  impl.RoleInfo (RoleInfo.java:shutdownLeaderElection(134)) - ef411258-a662-4696-ba26-405a55c9a048: shutdown LeaderElection
2019-09-12 11:40:37,893 [ef411258-a662-4696-ba26-405a55c9a048:group-BA51E7BB0F17:LeaderElection35] INFO  impl.RaftServerImpl (RaftServerImpl.java:setRole(171)) - ef411258-a662-4696-ba26-405a55c9a048:group-BA51E7BB0F17 changes role from CANDIDATE to LEADER at term 1 for changeToLeader
2019-09-12 11:40:37,894 [ef411258-a662-4696-ba26-405a55c9a048:group-BA51E7BB0F17:LeaderElection35] INFO  impl.RaftServerImpl (ServerState.java:setLeader(263)) - ef411258-a662-4696-ba26-405a55c9a048:group-BA51E7BB0F17 change Leader from null to ef411258-a662-4696-ba26-405a55c9a048 at term 1 for becomeLeader, leader elected after 5159ms
2019-09-12 11:40:37,894 [ef411258-a662-4696-ba26-405a55c9a048:group-BA51E7BB0F17:LeaderElection35] INFO  server.RaftServerConfigKeys (ConfUtils.java:logGet(43)) - raft.server.staging.catchup.gap = 1000 (default)
2019-09-12 11:40:37,894 [ef411258-a662-4696-ba26-405a55c9a048:group-BA51E7BB0F17:LeaderElection35] INFO  server.RaftServerConfigKeys (ConfUtils.java:logGet(43)) - raft.server.rpc.sleep.time = 25ms (default)
2019-09-12 11:40:37,894 [ef411258-a662-4696-ba26-405a55c9a048:group-BA51E7BB0F17:LeaderElection35] INFO  server.RaftServerConfigKeys (ConfUtils.java:logGet(43)) - raft.server.write.element-limit = 4096 (default)
2019-09-12 11:40:37,895 [ef411258-a662-4696-ba26-405a55c9a048:group-BA51E7BB0F17:LeaderElection35] INFO  server.RaftServerConfigKeys (ConfUtils.java:logGet(43)) - raft.server.watch.timeout = 10s (default)
2019-09-12 11:40:37,895 [ef411258-a662-4696-ba26-405a55c9a048:group-BA51E7BB0F17:LeaderElection35] INFO  server.RaftServerConfigKeys (ConfUtils.java:logGet(43)) - raft.server.watch.timeout.denomination = 1s (default)
2019-09-12 11:40:37,895 [ef411258-a662-4696-ba26-405a55c9a048:group-BA51E7BB0F17:LeaderElection35] INFO  server.RaftServerConfigKeys (ConfUtils.java:logGet(43)) - raft.server.watch.element-limit = 65536 (default)
2019-09-12 11:40:37,895 [ef411258-a662-4696-ba26-405a55c9a048:group-BA51E7BB0F17:LeaderElection35] INFO  impl.RoleInfo (RoleInfo.java:updateAndGet(143)) - ef411258-a662-4696-ba26-405a55c9a048: start LeaderState
2019-09-12 11:40:37,895 [ef411258-a662-4696-ba26-405a55c9a048:group-BA51E7BB0F17:LeaderElection35] INFO  segmented.SegmentedRaftLogWorker (SegmentedRaftLogWorker.java:startLogSegment(380)) - ef411258-a662-4696-ba26-405a55c9a048-SegmentedRaftLogWorker:Storage Directory /workdir/hadoop-ozone/ozonefs/target/test-dir/MiniOzoneClusterImpl-3f0ffa95-bfc9-4a1c-9a47-ff24715a0622/datanode-4/data/ratis/ada6a7fb-1908-40f2-baa9-ba51e7bb0f17: Starting segment from index:0
2019-09-12 11:40:37,896 [ef411258-a662-4696-ba26-405a55c9a048:group-BA51E7BB0F17:LeaderElection35] INFO  impl.RaftServerImpl (ServerState.java:setRaftConf(361)) - ef411258-a662-4696-ba26-405a55c9a048:group-BA51E7BB0F17 set configuration 0: [ef411258-a662-4696-ba26-405a55c9a048:192.168.157.195:37970], old=null at 0
2019-09-12 11:40:37,938 [Thread-393] INFO  impl.FollowerState (FollowerState.java:run(106)) - 5d0352ef-d446-4a04-a69e-b6b493d47759:group-8445DA14DAE7 changes to CANDIDATE, lastRpcTime:5144, electionTimeout:5137ms
2019-09-12 11:40:37,938 [Thread-393] INFO  impl.RoleInfo (RoleInfo.java:shutdownFollowerState(121)) - 5d0352ef-d446-4a04-a69e-b6b493d47759: shutdown FollowerState
2019-09-12 11:40:37,938 [Thread-393] INFO  impl.RaftServerImpl (RaftServerImpl.java:setRole(171)) - 5d0352ef-d446-4a04-a69e-b6b493d47759:group-8445DA14DAE7 changes role from FOLLOWER to CANDIDATE at term 0 for changeToCandidate
2019-09-12 11:40:37,938 [Thread-393] INFO  impl.RoleInfo (RoleInfo.java:updateAndGet(143)) - 5d0352ef-d446-4a04-a69e-b6b493d47759: start LeaderElection
2019-09-12 11:40:37,942 | INFO  | SCMAudit | user=jenkins1000 | ip=192.168.157.195 | op=SEND_HEARTBEAT {datanodeUUID=abc6f9f9-8862-43ee-ac13-b67e1574492b, command=[]} | ret=SUCCESS |  
2019-09-12 11:40:37,950 [ef411258-a662-4696-ba26-405a55c9a048-SegmentedRaftLogWorker:Storage Directory /workdir/hadoop-ozone/ozonefs/target/test-dir/MiniOzoneClusterImpl-3f0ffa95-bfc9-4a1c-9a47-ff24715a0622/datanode-4/data/ratis/ada6a7fb-1908-40f2-baa9-ba51e7bb0f17] INFO  segmented.SegmentedRaftLogWorker (SegmentedRaftLogWorker.java:execute(569)) - ef411258-a662-4696-ba26-405a55c9a048-SegmentedRaftLogWorker:Storage Directory /workdir/hadoop-ozone/ozonefs/target/test-dir/MiniOzoneClusterImpl-3f0ffa95-bfc9-4a1c-9a47-ff24715a0622/datanode-4/data/ratis/ada6a7fb-1908-40f2-baa9-ba51e7bb0f17: created new log segment /workdir/hadoop-ozone/ozonefs/target/test-dir/MiniOzoneClusterImpl-3f0ffa95-bfc9-4a1c-9a47-ff24715a0622/datanode-4/data/ratis/ada6a7fb-1908-40f2-baa9-ba51e7bb0f17/current/log_inprogress_0
2019-09-12 11:40:37,951 [5d0352ef-d446-4a04-a69e-b6b493d47759:group-8445DA14DAE7:LeaderElection36] INFO  impl.LeaderElection (LeaderElection.java:askForVotes(181)) - 5d0352ef-d446-4a04-a69e-b6b493d47759:group-8445DA14DAE7:LeaderElection36: begin an election at term 1 for -1: [5d0352ef-d446-4a04-a69e-b6b493d47759:192.168.157.195:35104], old=null
2019-09-12 11:40:37,951 [5d0352ef-d446-4a04-a69e-b6b493d47759:group-8445DA14DAE7:LeaderElection36] INFO  impl.RoleInfo (RoleInfo.java:shutdownLeaderElection(134)) - 5d0352ef-d446-4a04-a69e-b6b493d47759: shutdown LeaderElection
2019-09-12 11:40:37,951 [5d0352ef-d446-4a04-a69e-b6b493d47759:group-8445DA14DAE7:LeaderElection36] INFO  impl.RaftServerImpl (RaftServerImpl.java:setRole(171)) - 5d0352ef-d446-4a04-a69e-b6b493d47759:group-8445DA14DAE7 changes role from CANDIDATE to LEADER at term 1 for changeToLeader
2019-09-12 11:40:37,951 [5d0352ef-d446-4a04-a69e-b6b493d47759:group-8445DA14DAE7:LeaderElection36] INFO  impl.RaftServerImpl (ServerState.java:setLeader(263)) - 5d0352ef-d446-4a04-a69e-b6b493d47759:group-8445DA14DAE7 change Leader from null to 5d0352ef-d446-4a04-a69e-b6b493d47759 at term 1 for becomeLeader, leader elected after 5163ms
2019-09-12 11:40:37,951 [5d0352ef-d446-4a04-a69e-b6b493d47759:group-8445DA14DAE7:LeaderElection36] INFO  server.RaftServerConfigKeys (ConfUtils.java:logGet(43)) - raft.server.staging.catchup.gap = 1000 (default)
2019-09-12 11:40:37,951 [5d0352ef-d446-4a04-a69e-b6b493d47759:group-8445DA14DAE7:LeaderElection36] INFO  server.RaftServerConfigKeys (ConfUtils.java:logGet(43)) - raft.server.rpc.sleep.time = 25ms (default)
2019-09-12 11:40:37,952 [5d0352ef-d446-4a04-a69e-b6b493d47759:group-8445DA14DAE7:LeaderElection36] INFO  server.RaftServerConfigKeys (ConfUtils.java:logGet(43)) - raft.server.write.element-limit = 4096 (default)
2019-09-12 11:40:37,952 [5d0352ef-d446-4a04-a69e-b6b493d47759:group-8445DA14DAE7:LeaderElection36] INFO  server.RaftServerConfigKeys (ConfUtils.java:logGet(43)) - raft.server.watch.timeout = 10s (default)
2019-09-12 11:40:37,952 [5d0352ef-d446-4a04-a69e-b6b493d47759:group-8445DA14DAE7:LeaderElection36] INFO  server.RaftServerConfigKeys (ConfUtils.java:logGet(43)) - raft.server.watch.timeout.denomination = 1s (default)
2019-09-12 11:40:37,952 [5d0352ef-d446-4a04-a69e-b6b493d47759:group-8445DA14DAE7:LeaderElection36] INFO  server.RaftServerConfigKeys (ConfUtils.java:logGet(43)) - raft.server.watch.element-limit = 65536 (default)
2019-09-12 11:40:37,952 [5d0352ef-d446-4a04-a69e-b6b493d47759:group-8445DA14DAE7:LeaderElection36] INFO  impl.RoleInfo (RoleInfo.java:updateAndGet(143)) - 5d0352ef-d446-4a04-a69e-b6b493d47759: start LeaderState
2019-09-12 11:40:37,952 [5d0352ef-d446-4a04-a69e-b6b493d47759:group-8445DA14DAE7:LeaderElection36] INFO  segmented.SegmentedRaftLogWorker (SegmentedRaftLogWorker.java:startLogSegment(380)) - 5d0352ef-d446-4a04-a69e-b6b493d47759-SegmentedRaftLogWorker:Storage Directory /workdir/hadoop-ozone/ozonefs/target/test-dir/MiniOzoneClusterImpl-3f0ffa95-bfc9-4a1c-9a47-ff24715a0622/datanode-0/data/ratis/85ec12bc-c6a5-42f5-b235-8445da14dae7: Starting segment from index:0
2019-09-12 11:40:37,953 [5d0352ef-d446-4a04-a69e-b6b493d47759:group-8445DA14DAE7:LeaderElection36] INFO  impl.RaftServerImpl (ServerState.java:setRaftConf(361)) - 5d0352ef-d446-4a04-a69e-b6b493d47759:group-8445DA14DAE7 set configuration 0: [5d0352ef-d446-4a04-a69e-b6b493d47759:192.168.157.195:35104], old=null at 0
2019-09-12 11:40:37,990 [Thread-396] INFO  impl.FollowerState (FollowerState.java:run(106)) - ef411258-a662-4696-ba26-405a55c9a048:group-69A2CEC7BCA5 changes to CANDIDATE, lastRpcTime:5143, electionTimeout:5125ms
2019-09-12 11:40:37,990 [Thread-396] INFO  impl.RoleInfo (RoleInfo.java:shutdownFollowerState(121)) - ef411258-a662-4696-ba26-405a55c9a048: shutdown FollowerState
2019-09-12 11:40:37,990 [Thread-396] INFO  impl.RaftServerImpl (RaftServerImpl.java:setRole(171)) - ef411258-a662-4696-ba26-405a55c9a048:group-69A2CEC7BCA5 changes role from FOLLOWER to CANDIDATE at term 0 for changeToCandidate
2019-09-12 11:40:37,990 [Thread-399] INFO  impl.FollowerState (FollowerState.java:run(106)) - abc6f9f9-8862-43ee-ac13-b67e1574492b:group-B091B5B35FA8 changes to CANDIDATE, lastRpcTime:5078, electionTimeout:5049ms
2019-09-12 11:40:37,990 [Thread-396] INFO  impl.RoleInfo (RoleInfo.java:updateAndGet(143)) - ef411258-a662-4696-ba26-405a55c9a048: start LeaderElection
2019-09-12 11:40:37,991 [Thread-399] INFO  impl.RoleInfo (RoleInfo.java:shutdownFollowerState(121)) - abc6f9f9-8862-43ee-ac13-b67e1574492b: shutdown FollowerState
2019-09-12 11:40:37,991 [Thread-399] INFO  impl.RaftServerImpl (RaftServerImpl.java:setRole(171)) - abc6f9f9-8862-43ee-ac13-b67e1574492b:group-B091B5B35FA8 changes role from FOLLOWER to CANDIDATE at term 0 for changeToCandidate
2019-09-12 11:40:37,991 [Thread-399] INFO  impl.RoleInfo (RoleInfo.java:updateAndGet(143)) - abc6f9f9-8862-43ee-ac13-b67e1574492b: start LeaderElection
2019-09-12 11:40:38,004 [5d0352ef-d446-4a04-a69e-b6b493d47759-SegmentedRaftLogWorker:Storage Directory /workdir/hadoop-ozone/ozonefs/target/test-dir/MiniOzoneClusterImpl-3f0ffa95-bfc9-4a1c-9a47-ff24715a0622/datanode-0/data/ratis/85ec12bc-c6a5-42f5-b235-8445da14dae7] INFO  segmented.SegmentedRaftLogWorker (SegmentedRaftLogWorker.java:execute(569)) - 5d0352ef-d446-4a04-a69e-b6b493d47759-SegmentedRaftLogWorker:Storage Directory /workdir/hadoop-ozone/ozonefs/target/test-dir/MiniOzoneClusterImpl-3f0ffa95-bfc9-4a1c-9a47-ff24715a0622/datanode-0/data/ratis/85ec12bc-c6a5-42f5-b235-8445da14dae7: created new log segment /workdir/hadoop-ozone/ozonefs/target/test-dir/MiniOzoneClusterImpl-3f0ffa95-bfc9-4a1c-9a47-ff24715a0622/datanode-0/data/ratis/85ec12bc-c6a5-42f5-b235-8445da14dae7/current/log_inprogress_0
2019-09-12 11:40:38,004 | INFO  | SCMAudit | user=jenkins1000 | ip=192.168.157.195 | op=SEND_HEARTBEAT {datanodeUUID=4255b290-7b6d-420f-97e2-6dfb55690bab, command=[]} | ret=SUCCESS |  
2019-09-12 11:40:38,007 [ef411258-a662-4696-ba26-405a55c9a048:group-69A2CEC7BCA5:LeaderElection37] INFO  impl.LeaderElection (LeaderElection.java:askForVotes(181)) - ef411258-a662-4696-ba26-405a55c9a048:group-69A2CEC7BCA5:LeaderElection37: begin an election at term 1 for -1: [ef411258-a662-4696-ba26-405a55c9a048:192.168.157.195:37970], old=null
2019-09-12 11:40:38,008 [ef411258-a662-4696-ba26-405a55c9a048:group-69A2CEC7BCA5:LeaderElection37] INFO  impl.RoleInfo (RoleInfo.java:shutdownLeaderElection(134)) - ef411258-a662-4696-ba26-405a55c9a048: shutdown LeaderElection
2019-09-12 11:40:38,008 [ef411258-a662-4696-ba26-405a55c9a048:group-69A2CEC7BCA5:LeaderElection37] INFO  impl.RaftServerImpl (RaftServerImpl.java:setRole(171)) - ef411258-a662-4696-ba26-405a55c9a048:group-69A2CEC7BCA5 changes role from CANDIDATE to LEADER at term 1 for changeToLeader
2019-09-12 11:40:38,008 [ef411258-a662-4696-ba26-405a55c9a048:group-69A2CEC7BCA5:LeaderElection37] INFO  impl.RaftServerImpl (ServerState.java:setLeader(263)) - ef411258-a662-4696-ba26-405a55c9a048:group-69A2CEC7BCA5 change Leader from null to ef411258-a662-4696-ba26-405a55c9a048 at term 1 for becomeLeader, leader elected after 5165ms
2019-09-12 11:40:38,008 [ef411258-a662-4696-ba26-405a55c9a048:group-69A2CEC7BCA5:LeaderElection37] INFO  server.RaftServerConfigKeys (ConfUtils.java:logGet(43)) - raft.server.staging.catchup.gap = 1000 (default)
2019-09-12 11:40:38,008 [ef411258-a662-4696-ba26-405a55c9a048:group-69A2CEC7BCA5:LeaderElection37] INFO  server.RaftServerConfigKeys (ConfUtils.java:logGet(43)) - raft.server.rpc.sleep.time = 25ms (default)
2019-09-12 11:40:38,009 [ef411258-a662-4696-ba26-405a55c9a048:group-69A2CEC7BCA5:LeaderElection37] INFO  server.RaftServerConfigKeys (ConfUtils.java:logGet(43)) - raft.server.write.element-limit = 4096 (default)
2019-09-12 11:40:38,009 [ef411258-a662-4696-ba26-405a55c9a048:group-69A2CEC7BCA5:LeaderElection37] INFO  server.RaftServerConfigKeys (ConfUtils.java:logGet(43)) - raft.server.watch.timeout = 10s (default)
2019-09-12 11:40:38,009 [ef411258-a662-4696-ba26-405a55c9a048:group-69A2CEC7BCA5:LeaderElection37] INFO  server.RaftServerConfigKeys (ConfUtils.java:logGet(43)) - raft.server.watch.timeout.denomination = 1s (default)
2019-09-12 11:40:38,009 [ef411258-a662-4696-ba26-405a55c9a048:group-69A2CEC7BCA5:LeaderElection37] INFO  server.RaftServerConfigKeys (ConfUtils.java:logGet(43)) - raft.server.watch.element-limit = 65536 (default)
2019-09-12 11:40:38,009 [ef411258-a662-4696-ba26-405a55c9a048:group-69A2CEC7BCA5:LeaderElection37] INFO  impl.RoleInfo (RoleInfo.java:updateAndGet(143)) - ef411258-a662-4696-ba26-405a55c9a048: start LeaderState
2019-09-12 11:40:38,010 [ef411258-a662-4696-ba26-405a55c9a048:group-69A2CEC7BCA5:LeaderElection37] INFO  segmented.SegmentedRaftLogWorker (SegmentedRaftLogWorker.java:startLogSegment(380)) - ef411258-a662-4696-ba26-405a55c9a048-SegmentedRaftLogWorker:Storage Directory /workdir/hadoop-ozone/ozonefs/target/test-dir/MiniOzoneClusterImpl-3f0ffa95-bfc9-4a1c-9a47-ff24715a0622/datanode-4/data/ratis/ee03322d-e67c-477e-a099-69a2cec7bca5: Starting segment from index:0
2019-09-12 11:40:38,011 [ef411258-a662-4696-ba26-405a55c9a048:group-69A2CEC7BCA5:LeaderElection37] INFO  impl.RaftServerImpl (ServerState.java:setRaftConf(361)) - ef411258-a662-4696-ba26-405a55c9a048:group-69A2CEC7BCA5 set configuration 0: [ef411258-a662-4696-ba26-405a55c9a048:192.168.157.195:37970], old=null at 0
2019-09-12 11:40:38,046 [abc6f9f9-8862-43ee-ac13-b67e1574492b:group-B091B5B35FA8:LeaderElection38] INFO  impl.LeaderElection (LeaderElection.java:askForVotes(181)) - abc6f9f9-8862-43ee-ac13-b67e1574492b:group-B091B5B35FA8:LeaderElection38: begin an election at term 1 for -1: [abc6f9f9-8862-43ee-ac13-b67e1574492b:192.168.157.195:32913], old=null
2019-09-12 11:40:38,046 [abc6f9f9-8862-43ee-ac13-b67e1574492b:group-B091B5B35FA8:LeaderElection38] INFO  impl.RoleInfo (RoleInfo.java:shutdownLeaderElection(134)) - abc6f9f9-8862-43ee-ac13-b67e1574492b: shutdown LeaderElection
2019-09-12 11:40:38,046 [abc6f9f9-8862-43ee-ac13-b67e1574492b:group-B091B5B35FA8:LeaderElection38] INFO  impl.RaftServerImpl (RaftServerImpl.java:setRole(171)) - abc6f9f9-8862-43ee-ac13-b67e1574492b:group-B091B5B35FA8 changes role from CANDIDATE to LEADER at term 1 for changeToLeader
2019-09-12 11:40:38,046 [abc6f9f9-8862-43ee-ac13-b67e1574492b:group-B091B5B35FA8:LeaderElection38] INFO  impl.RaftServerImpl (ServerState.java:setLeader(263)) - abc6f9f9-8862-43ee-ac13-b67e1574492b:group-B091B5B35FA8 change Leader from null to abc6f9f9-8862-43ee-ac13-b67e1574492b at term 1 for becomeLeader, leader elected after 5139ms
2019-09-12 11:40:38,046 [abc6f9f9-8862-43ee-ac13-b67e1574492b:group-B091B5B35FA8:LeaderElection38] INFO  server.RaftServerConfigKeys (ConfUtils.java:logGet(43)) - raft.server.staging.catchup.gap = 1000 (default)
2019-09-12 11:40:38,047 [abc6f9f9-8862-43ee-ac13-b67e1574492b:group-B091B5B35FA8:LeaderElection38] INFO  server.RaftServerConfigKeys (ConfUtils.java:logGet(43)) - raft.server.rpc.sleep.time = 25ms (default)
2019-09-12 11:40:38,047 [abc6f9f9-8862-43ee-ac13-b67e1574492b:group-B091B5B35FA8:LeaderElection38] INFO  server.RaftServerConfigKeys (ConfUtils.java:logGet(43)) - raft.server.write.element-limit = 4096 (default)
2019-09-12 11:40:38,047 [abc6f9f9-8862-43ee-ac13-b67e1574492b:group-B091B5B35FA8:LeaderElection38] INFO  server.RaftServerConfigKeys (ConfUtils.java:logGet(43)) - raft.server.watch.timeout = 10s (default)
2019-09-12 11:40:38,047 [abc6f9f9-8862-43ee-ac13-b67e1574492b:group-B091B5B35FA8:LeaderElection38] INFO  server.RaftServerConfigKeys (ConfUtils.java:logGet(43)) - raft.server.watch.timeout.denomination = 1s (default)
2019-09-12 11:40:38,047 [abc6f9f9-8862-43ee-ac13-b67e1574492b:group-B091B5B35FA8:LeaderElection38] INFO  server.RaftServerConfigKeys (ConfUtils.java:logGet(43)) - raft.server.watch.element-limit = 65536 (default)
2019-09-12 11:40:38,048 [abc6f9f9-8862-43ee-ac13-b67e1574492b:group-B091B5B35FA8:LeaderElection38] INFO  impl.RoleInfo (RoleInfo.java:updateAndGet(143)) - abc6f9f9-8862-43ee-ac13-b67e1574492b: start LeaderState
2019-09-12 11:40:38,048 [abc6f9f9-8862-43ee-ac13-b67e1574492b:group-B091B5B35FA8:LeaderElection38] INFO  segmented.SegmentedRaftLogWorker (SegmentedRaftLogWorker.java:startLogSegment(380)) - abc6f9f9-8862-43ee-ac13-b67e1574492b-SegmentedRaftLogWorker:Storage Directory /workdir/hadoop-ozone/ozonefs/target/test-dir/MiniOzoneClusterImpl-3f0ffa95-bfc9-4a1c-9a47-ff24715a0622/datanode-2/data/ratis/aa864350-ff14-4c0d-bdf4-b091b5b35fa8: Starting segment from index:0
2019-09-12 11:40:38,049 [abc6f9f9-8862-43ee-ac13-b67e1574492b:group-B091B5B35FA8:LeaderElection38] INFO  impl.RaftServerImpl (ServerState.java:setRaftConf(361)) - abc6f9f9-8862-43ee-ac13-b67e1574492b:group-B091B5B35FA8 set configuration 0: [abc6f9f9-8862-43ee-ac13-b67e1574492b:192.168.157.195:32913], old=null at 0
2019-09-12 11:40:38,083 [ef411258-a662-4696-ba26-405a55c9a048-SegmentedRaftLogWorker:Storage Directory /workdir/hadoop-ozone/ozonefs/target/test-dir/MiniOzoneClusterImpl-3f0ffa95-bfc9-4a1c-9a47-ff24715a0622/datanode-4/data/ratis/ee03322d-e67c-477e-a099-69a2cec7bca5] INFO  segmented.SegmentedRaftLogWorker (SegmentedRaftLogWorker.java:execute(569)) - ef411258-a662-4696-ba26-405a55c9a048-SegmentedRaftLogWorker:Storage Directory /workdir/hadoop-ozone/ozonefs/target/test-dir/MiniOzoneClusterImpl-3f0ffa95-bfc9-4a1c-9a47-ff24715a0622/datanode-4/data/ratis/ee03322d-e67c-477e-a099-69a2cec7bca5: created new log segment /workdir/hadoop-ozone/ozonefs/target/test-dir/MiniOzoneClusterImpl-3f0ffa95-bfc9-4a1c-9a47-ff24715a0622/datanode-4/data/ratis/ee03322d-e67c-477e-a099-69a2cec7bca5/current/log_inprogress_0
2019-09-12 11:40:38,086 [Thread-402] INFO  impl.FollowerState (FollowerState.java:run(106)) - b5e361a7-9275-4b10-aa61-1d8677ab7c49:group-8F22F7E80142 changes to CANDIDATE, lastRpcTime:5112, electionTimeout:5112ms
2019-09-12 11:40:38,086 [Thread-402] INFO  impl.RoleInfo (RoleInfo.java:shutdownFollowerState(121)) - b5e361a7-9275-4b10-aa61-1d8677ab7c49: shutdown FollowerState
2019-09-12 11:40:38,086 [Thread-402] INFO  impl.RaftServerImpl (RaftServerImpl.java:setRole(171)) - b5e361a7-9275-4b10-aa61-1d8677ab7c49:group-8F22F7E80142 changes role from FOLLOWER to CANDIDATE at term 0 for changeToCandidate
2019-09-12 11:40:38,087 [Thread-402] INFO  impl.RoleInfo (RoleInfo.java:updateAndGet(143)) - b5e361a7-9275-4b10-aa61-1d8677ab7c49: start LeaderElection
2019-09-12 11:40:38,105 [abc6f9f9-8862-43ee-ac13-b67e1574492b-SegmentedRaftLogWorker:Storage Directory /workdir/hadoop-ozone/ozonefs/target/test-dir/MiniOzoneClusterImpl-3f0ffa95-bfc9-4a1c-9a47-ff24715a0622/datanode-2/data/ratis/aa864350-ff14-4c0d-bdf4-b091b5b35fa8] INFO  segmented.SegmentedRaftLogWorker (SegmentedRaftLogWorker.java:execute(569)) - abc6f9f9-8862-43ee-ac13-b67e1574492b-SegmentedRaftLogWorker:Storage Directory /workdir/hadoop-ozone/ozonefs/target/test-dir/MiniOzoneClusterImpl-3f0ffa95-bfc9-4a1c-9a47-ff24715a0622/datanode-2/data/ratis/aa864350-ff14-4c0d-bdf4-b091b5b35fa8: created new log segment /workdir/hadoop-ozone/ozonefs/target/test-dir/MiniOzoneClusterImpl-3f0ffa95-bfc9-4a1c-9a47-ff24715a0622/datanode-2/data/ratis/aa864350-ff14-4c0d-bdf4-b091b5b35fa8/current/log_inprogress_0
2019-09-12 11:40:38,119 [b5e361a7-9275-4b10-aa61-1d8677ab7c49:group-8F22F7E80142:LeaderElection39] INFO  impl.LeaderElection (LeaderElection.java:askForVotes(181)) - b5e361a7-9275-4b10-aa61-1d8677ab7c49:group-8F22F7E80142:LeaderElection39: begin an election at term 1 for -1: [b5e361a7-9275-4b10-aa61-1d8677ab7c49:192.168.157.195:40278], old=null
2019-09-12 11:40:38,119 [b5e361a7-9275-4b10-aa61-1d8677ab7c49:group-8F22F7E80142:LeaderElection39] INFO  impl.RoleInfo (RoleInfo.java:shutdownLeaderElection(134)) - b5e361a7-9275-4b10-aa61-1d8677ab7c49: shutdown LeaderElection
2019-09-12 11:40:38,119 [b5e361a7-9275-4b10-aa61-1d8677ab7c49:group-8F22F7E80142:LeaderElection39] INFO  impl.RaftServerImpl (RaftServerImpl.java:setRole(171)) - b5e361a7-9275-4b10-aa61-1d8677ab7c49:group-8F22F7E80142 changes role from CANDIDATE to LEADER at term 1 for changeToLeader
2019-09-12 11:40:38,119 [b5e361a7-9275-4b10-aa61-1d8677ab7c49:group-8F22F7E80142:LeaderElection39] INFO  impl.RaftServerImpl (ServerState.java:setLeader(263)) - b5e361a7-9275-4b10-aa61-1d8677ab7c49:group-8F22F7E80142 change Leader from null to b5e361a7-9275-4b10-aa61-1d8677ab7c49 at term 1 for becomeLeader, leader elected after 5151ms
2019-09-12 11:40:38,120 [b5e361a7-9275-4b10-aa61-1d8677ab7c49:group-8F22F7E80142:LeaderElection39] INFO  server.RaftServerConfigKeys (ConfUtils.java:logGet(43)) - raft.server.staging.catchup.gap = 1000 (default)
2019-09-12 11:40:38,120 [b5e361a7-9275-4b10-aa61-1d8677ab7c49:group-8F22F7E80142:LeaderElection39] INFO  server.RaftServerConfigKeys (ConfUtils.java:logGet(43)) - raft.server.rpc.sleep.time = 25ms (default)
2019-09-12 11:40:38,120 [b5e361a7-9275-4b10-aa61-1d8677ab7c49:group-8F22F7E80142:LeaderElection39] INFO  server.RaftServerConfigKeys (ConfUtils.java:logGet(43)) - raft.server.write.element-limit = 4096 (default)
2019-09-12 11:40:38,120 [b5e361a7-9275-4b10-aa61-1d8677ab7c49:group-8F22F7E80142:LeaderElection39] INFO  server.RaftServerConfigKeys (ConfUtils.java:logGet(43)) - raft.server.watch.timeout = 10s (default)
2019-09-12 11:40:38,120 [b5e361a7-9275-4b10-aa61-1d8677ab7c49:group-8F22F7E80142:LeaderElection39] INFO  server.RaftServerConfigKeys (ConfUtils.java:logGet(43)) - raft.server.watch.timeout.denomination = 1s (default)
2019-09-12 11:40:38,120 [b5e361a7-9275-4b10-aa61-1d8677ab7c49:group-8F22F7E80142:LeaderElection39] INFO  server.RaftServerConfigKeys (ConfUtils.java:logGet(43)) - raft.server.watch.element-limit = 65536 (default)
2019-09-12 11:40:38,121 [b5e361a7-9275-4b10-aa61-1d8677ab7c49:group-8F22F7E80142:LeaderElection39] INFO  impl.RoleInfo (RoleInfo.java:updateAndGet(143)) - b5e361a7-9275-4b10-aa61-1d8677ab7c49: start LeaderState
2019-09-12 11:40:38,121 [b5e361a7-9275-4b10-aa61-1d8677ab7c49:group-8F22F7E80142:LeaderElection39] INFO  segmented.SegmentedRaftLogWorker (SegmentedRaftLogWorker.java:startLogSegment(380)) - b5e361a7-9275-4b10-aa61-1d8677ab7c49-SegmentedRaftLogWorker:Storage Directory /workdir/hadoop-ozone/ozonefs/target/test-dir/MiniOzoneClusterImpl-3f0ffa95-bfc9-4a1c-9a47-ff24715a0622/datanode-8/data/ratis/da2217a3-bea2-4cbb-8f96-8f22f7e80142: Starting segment from index:0
2019-09-12 11:40:38,122 [b5e361a7-9275-4b10-aa61-1d8677ab7c49:group-8F22F7E80142:LeaderElection39] INFO  impl.RaftServerImpl (ServerState.java:setRaftConf(361)) - b5e361a7-9275-4b10-aa61-1d8677ab7c49:group-8F22F7E80142 set configuration 0: [b5e361a7-9275-4b10-aa61-1d8677ab7c49:192.168.157.195:40278], old=null at 0
2019-09-12 11:40:38,162 [Thread-405] INFO  impl.FollowerState (FollowerState.java:run(106)) - 5d0352ef-d446-4a04-a69e-b6b493d47759:group-A21204DAD08D changes to CANDIDATE, lastRpcTime:5098, electionTimeout:5063ms
2019-09-12 11:40:38,162 [Thread-405] INFO  impl.RoleInfo (RoleInfo.java:shutdownFollowerState(121)) - 5d0352ef-d446-4a04-a69e-b6b493d47759: shutdown FollowerState
2019-09-12 11:40:38,162 [Thread-405] INFO  impl.RaftServerImpl (RaftServerImpl.java:setRole(171)) - 5d0352ef-d446-4a04-a69e-b6b493d47759:group-A21204DAD08D changes role from FOLLOWER to CANDIDATE at term 0 for changeToCandidate
2019-09-12 11:40:38,162 [Thread-405] INFO  impl.RoleInfo (RoleInfo.java:updateAndGet(143)) - 5d0352ef-d446-4a04-a69e-b6b493d47759: start LeaderElection
2019-09-12 11:40:38,174 [b5e361a7-9275-4b10-aa61-1d8677ab7c49-SegmentedRaftLogWorker:Storage Directory /workdir/hadoop-ozone/ozonefs/target/test-dir/MiniOzoneClusterImpl-3f0ffa95-bfc9-4a1c-9a47-ff24715a0622/datanode-8/data/ratis/da2217a3-bea2-4cbb-8f96-8f22f7e80142] INFO  segmented.SegmentedRaftLogWorker (SegmentedRaftLogWorker.java:execute(569)) - b5e361a7-9275-4b10-aa61-1d8677ab7c49-SegmentedRaftLogWorker:Storage Directory /workdir/hadoop-ozone/ozonefs/target/test-dir/MiniOzoneClusterImpl-3f0ffa95-bfc9-4a1c-9a47-ff24715a0622/datanode-8/data/ratis/da2217a3-bea2-4cbb-8f96-8f22f7e80142: created new log segment /workdir/hadoop-ozone/ozonefs/target/test-dir/MiniOzoneClusterImpl-3f0ffa95-bfc9-4a1c-9a47-ff24715a0622/datanode-8/data/ratis/da2217a3-bea2-4cbb-8f96-8f22f7e80142/current/log_inprogress_0
2019-09-12 11:40:38,175 [5d0352ef-d446-4a04-a69e-b6b493d47759:group-A21204DAD08D:LeaderElection40] INFO  impl.LeaderElection (LeaderElection.java:askForVotes(181)) - 5d0352ef-d446-4a04-a69e-b6b493d47759:group-A21204DAD08D:LeaderElection40: begin an election at term 1 for -1: [5d0352ef-d446-4a04-a69e-b6b493d47759:192.168.157.195:35104], old=null
2019-09-12 11:40:38,175 [5d0352ef-d446-4a04-a69e-b6b493d47759:group-A21204DAD08D:LeaderElection40] INFO  impl.RoleInfo (RoleInfo.java:shutdownLeaderElection(134)) - 5d0352ef-d446-4a04-a69e-b6b493d47759: shutdown LeaderElection
2019-09-12 11:40:38,175 [5d0352ef-d446-4a04-a69e-b6b493d47759:group-A21204DAD08D:LeaderElection40] INFO  impl.RaftServerImpl (RaftServerImpl.java:setRole(171)) - 5d0352ef-d446-4a04-a69e-b6b493d47759:group-A21204DAD08D changes role from CANDIDATE to LEADER at term 1 for changeToLeader
2019-09-12 11:40:38,175 [5d0352ef-d446-4a04-a69e-b6b493d47759:group-A21204DAD08D:LeaderElection40] INFO  impl.RaftServerImpl (ServerState.java:setLeader(263)) - 5d0352ef-d446-4a04-a69e-b6b493d47759:group-A21204DAD08D change Leader from null to 5d0352ef-d446-4a04-a69e-b6b493d47759 at term 1 for becomeLeader, leader elected after 5115ms
2019-09-12 11:40:38,175 [5d0352ef-d446-4a04-a69e-b6b493d47759:group-A21204DAD08D:LeaderElection40] INFO  server.RaftServerConfigKeys (ConfUtils.java:logGet(43)) - raft.server.staging.catchup.gap = 1000 (default)
2019-09-12 11:40:38,175 [5d0352ef-d446-4a04-a69e-b6b493d47759:group-A21204DAD08D:LeaderElection40] INFO  server.RaftServerConfigKeys (ConfUtils.java:logGet(43)) - raft.server.rpc.sleep.time = 25ms (default)
2019-09-12 11:40:38,176 [5d0352ef-d446-4a04-a69e-b6b493d47759:group-A21204DAD08D:LeaderElection40] INFO  server.RaftServerConfigKeys (ConfUtils.java:logGet(43)) - raft.server.write.element-limit = 4096 (default)
2019-09-12 11:40:38,176 [5d0352ef-d446-4a04-a69e-b6b493d47759:group-A21204DAD08D:LeaderElection40] INFO  server.RaftServerConfigKeys (ConfUtils.java:logGet(43)) - raft.server.watch.timeout = 10s (default)
2019-09-12 11:40:38,176 [5d0352ef-d446-4a04-a69e-b6b493d47759:group-A21204DAD08D:LeaderElection40] INFO  server.RaftServerConfigKeys (ConfUtils.java:logGet(43)) - raft.server.watch.timeout.denomination = 1s (default)
2019-09-12 11:40:38,176 [5d0352ef-d446-4a04-a69e-b6b493d47759:group-A21204DAD08D:LeaderElection40] INFO  server.RaftServerConfigKeys (ConfUtils.java:logGet(43)) - raft.server.watch.element-limit = 65536 (default)
2019-09-12 11:40:38,176 [5d0352ef-d446-4a04-a69e-b6b493d47759:group-A21204DAD08D:LeaderElection40] INFO  impl.RoleInfo (RoleInfo.java:updateAndGet(143)) - 5d0352ef-d446-4a04-a69e-b6b493d47759: start LeaderState
2019-09-12 11:40:38,177 [5d0352ef-d446-4a04-a69e-b6b493d47759:group-A21204DAD08D:LeaderElection40] INFO  segmented.SegmentedRaftLogWorker (SegmentedRaftLogWorker.java:startLogSegment(380)) - 5d0352ef-d446-4a04-a69e-b6b493d47759-SegmentedRaftLogWorker:Storage Directory /workdir/hadoop-ozone/ozonefs/target/test-dir/MiniOzoneClusterImpl-3f0ffa95-bfc9-4a1c-9a47-ff24715a0622/datanode-0/data/ratis/21b0accb-2e5a-4120-8195-a21204dad08d: Starting segment from index:0
2019-09-12 11:40:38,177 [5d0352ef-d446-4a04-a69e-b6b493d47759:group-A21204DAD08D:LeaderElection40] INFO  impl.RaftServerImpl (ServerState.java:setRaftConf(361)) - 5d0352ef-d446-4a04-a69e-b6b493d47759:group-A21204DAD08D set configuration 0: [5d0352ef-d446-4a04-a69e-b6b493d47759:192.168.157.195:35104], old=null at 0
2019-09-12 11:40:38,229 | INFO  | SCMAudit | user=jenkins1000 | ip=192.168.157.195 | op=SEND_HEARTBEAT {datanodeUUID=8668900b-06f4-40f9-8926-68eb6348aa5d, command=[]} | ret=SUCCESS |  
2019-09-12 11:40:38,238 [5d0352ef-d446-4a04-a69e-b6b493d47759-SegmentedRaftLogWorker:Storage Directory /workdir/hadoop-ozone/ozonefs/target/test-dir/MiniOzoneClusterImpl-3f0ffa95-bfc9-4a1c-9a47-ff24715a0622/datanode-0/data/ratis/21b0accb-2e5a-4120-8195-a21204dad08d] INFO  segmented.SegmentedRaftLogWorker (SegmentedRaftLogWorker.java:execute(569)) - 5d0352ef-d446-4a04-a69e-b6b493d47759-SegmentedRaftLogWorker:Storage Directory /workdir/hadoop-ozone/ozonefs/target/test-dir/MiniOzoneClusterImpl-3f0ffa95-bfc9-4a1c-9a47-ff24715a0622/datanode-0/data/ratis/21b0accb-2e5a-4120-8195-a21204dad08d: created new log segment /workdir/hadoop-ozone/ozonefs/target/test-dir/MiniOzoneClusterImpl-3f0ffa95-bfc9-4a1c-9a47-ff24715a0622/datanode-0/data/ratis/21b0accb-2e5a-4120-8195-a21204dad08d/current/log_inprogress_0
2019-09-12 11:40:38,274 [Thread-408] INFO  impl.FollowerState (FollowerState.java:run(106)) - abc6f9f9-8862-43ee-ac13-b67e1574492b:group-974EEC7E57C9 changes to CANDIDATE, lastRpcTime:5122, electionTimeout:5122ms
2019-09-12 11:40:38,274 [Thread-408] INFO  impl.RoleInfo (RoleInfo.java:shutdownFollowerState(121)) - abc6f9f9-8862-43ee-ac13-b67e1574492b: shutdown FollowerState
2019-09-12 11:40:38,274 [Thread-408] INFO  impl.RaftServerImpl (RaftServerImpl.java:setRole(171)) - abc6f9f9-8862-43ee-ac13-b67e1574492b:group-974EEC7E57C9 changes role from FOLLOWER to CANDIDATE at term 0 for changeToCandidate
2019-09-12 11:40:38,274 [Thread-408] INFO  impl.RoleInfo (RoleInfo.java:updateAndGet(143)) - abc6f9f9-8862-43ee-ac13-b67e1574492b: start LeaderElection
2019-09-12 11:40:38,288 [abc6f9f9-8862-43ee-ac13-b67e1574492b:group-974EEC7E57C9:LeaderElection41] INFO  impl.LeaderElection (LeaderElection.java:askForVotes(181)) - abc6f9f9-8862-43ee-ac13-b67e1574492b:group-974EEC7E57C9:LeaderElection41: begin an election at term 1 for -1: [abc6f9f9-8862-43ee-ac13-b67e1574492b:192.168.157.195:32913], old=null
2019-09-12 11:40:38,288 [abc6f9f9-8862-43ee-ac13-b67e1574492b:group-974EEC7E57C9:LeaderElection41] INFO  impl.RoleInfo (RoleInfo.java:shutdownLeaderElection(134)) - abc6f9f9-8862-43ee-ac13-b67e1574492b: shutdown LeaderElection
2019-09-12 11:40:38,288 [abc6f9f9-8862-43ee-ac13-b67e1574492b:group-974EEC7E57C9:LeaderElection41] INFO  impl.RaftServerImpl (RaftServerImpl.java:setRole(171)) - abc6f9f9-8862-43ee-ac13-b67e1574492b:group-974EEC7E57C9 changes role from CANDIDATE to LEADER at term 1 for changeToLeader
2019-09-12 11:40:38,288 [abc6f9f9-8862-43ee-ac13-b67e1574492b:group-974EEC7E57C9:LeaderElection41] INFO  impl.RaftServerImpl (ServerState.java:setLeader(263)) - abc6f9f9-8862-43ee-ac13-b67e1574492b:group-974EEC7E57C9 change Leader from null to abc6f9f9-8862-43ee-ac13-b67e1574492b at term 1 for becomeLeader, leader elected after 5140ms
2019-09-12 11:40:38,288 [abc6f9f9-8862-43ee-ac13-b67e1574492b:group-974EEC7E57C9:LeaderElection41] INFO  server.RaftServerConfigKeys (ConfUtils.java:logGet(43)) - raft.server.staging.catchup.gap = 1000 (default)
2019-09-12 11:40:38,289 [abc6f9f9-8862-43ee-ac13-b67e1574492b:group-974EEC7E57C9:LeaderElection41] INFO  server.RaftServerConfigKeys (ConfUtils.java:logGet(43)) - raft.server.rpc.sleep.time = 25ms (default)
2019-09-12 11:40:38,289 [abc6f9f9-8862-43ee-ac13-b67e1574492b:group-974EEC7E57C9:LeaderElection41] INFO  server.RaftServerConfigKeys (ConfUtils.java:logGet(43)) - raft.server.write.element-limit = 4096 (default)
2019-09-12 11:40:38,289 [abc6f9f9-8862-43ee-ac13-b67e1574492b:group-974EEC7E57C9:LeaderElection41] INFO  server.RaftServerConfigKeys (ConfUtils.java:logGet(43)) - raft.server.watch.timeout = 10s (default)
2019-09-12 11:40:38,289 [abc6f9f9-8862-43ee-ac13-b67e1574492b:group-974EEC7E57C9:LeaderElection41] INFO  server.RaftServerConfigKeys (ConfUtils.java:logGet(43)) - raft.server.watch.timeout.denomination = 1s (default)
2019-09-12 11:40:38,289 [abc6f9f9-8862-43ee-ac13-b67e1574492b:group-974EEC7E57C9:LeaderElection41] INFO  server.RaftServerConfigKeys (ConfUtils.java:logGet(43)) - raft.server.watch.element-limit = 65536 (default)
2019-09-12 11:40:38,289 [abc6f9f9-8862-43ee-ac13-b67e1574492b:group-974EEC7E57C9:LeaderElection41] INFO  impl.RoleInfo (RoleInfo.java:updateAndGet(143)) - abc6f9f9-8862-43ee-ac13-b67e1574492b: start LeaderState
2019-09-12 11:40:38,290 [abc6f9f9-8862-43ee-ac13-b67e1574492b:group-974EEC7E57C9:LeaderElection41] INFO  segmented.SegmentedRaftLogWorker (SegmentedRaftLogWorker.java:startLogSegment(380)) - abc6f9f9-8862-43ee-ac13-b67e1574492b-SegmentedRaftLogWorker:Storage Directory /workdir/hadoop-ozone/ozonefs/target/test-dir/MiniOzoneClusterImpl-3f0ffa95-bfc9-4a1c-9a47-ff24715a0622/datanode-2/data/ratis/f57b65ce-aafe-4429-aeaa-974eec7e57c9: Starting segment from index:0
2019-09-12 11:40:38,290 [abc6f9f9-8862-43ee-ac13-b67e1574492b:group-974EEC7E57C9:LeaderElection41] INFO  impl.RaftServerImpl (ServerState.java:setRaftConf(361)) - abc6f9f9-8862-43ee-ac13-b67e1574492b:group-974EEC7E57C9 set configuration 0: [abc6f9f9-8862-43ee-ac13-b67e1574492b:192.168.157.195:32913], old=null at 0
2019-09-12 11:40:38,309 | INFO  | SCMAudit | user=jenkins1000 | ip=192.168.157.195 | op=SEND_HEARTBEAT {datanodeUUID=5d0352ef-d446-4a04-a69e-b6b493d47759, command=[]} | ret=SUCCESS |  
2019-09-12 11:40:38,314 [Thread-414] INFO  impl.FollowerState (FollowerState.java:run(106)) - b5e361a7-9275-4b10-aa61-1d8677ab7c49:group-766948FCFB11 changes to CANDIDATE, lastRpcTime:5068, electionTimeout:5068ms
2019-09-12 11:40:38,314 [Thread-414] INFO  impl.RoleInfo (RoleInfo.java:shutdownFollowerState(121)) - b5e361a7-9275-4b10-aa61-1d8677ab7c49: shutdown FollowerState
2019-09-12 11:40:38,314 [Thread-414] INFO  impl.RaftServerImpl (RaftServerImpl.java:setRole(171)) - b5e361a7-9275-4b10-aa61-1d8677ab7c49:group-766948FCFB11 changes role from FOLLOWER to CANDIDATE at term 0 for changeToCandidate
2019-09-12 11:40:38,314 [Thread-414] INFO  impl.RoleInfo (RoleInfo.java:updateAndGet(143)) - b5e361a7-9275-4b10-aa61-1d8677ab7c49: start LeaderElection
2019-09-12 11:40:38,321 [Thread-411] INFO  impl.FollowerState (FollowerState.java:run(106)) - 8668900b-06f4-40f9-8926-68eb6348aa5d:group-05D08B075F79 changes to CANDIDATE, lastRpcTime:5119, electionTimeout:5119ms
2019-09-12 11:40:38,321 [Thread-411] INFO  impl.RoleInfo (RoleInfo.java:shutdownFollowerState(121)) - 8668900b-06f4-40f9-8926-68eb6348aa5d: shutdown FollowerState
2019-09-12 11:40:38,321 [Thread-411] INFO  impl.RaftServerImpl (RaftServerImpl.java:setRole(171)) - 8668900b-06f4-40f9-8926-68eb6348aa5d:group-05D08B075F79 changes role from FOLLOWER to CANDIDATE at term 0 for changeToCandidate
2019-09-12 11:40:38,321 [Thread-411] INFO  impl.RoleInfo (RoleInfo.java:updateAndGet(143)) - 8668900b-06f4-40f9-8926-68eb6348aa5d: start LeaderElection
2019-09-12 11:40:38,328 [abc6f9f9-8862-43ee-ac13-b67e1574492b-SegmentedRaftLogWorker:Storage Directory /workdir/hadoop-ozone/ozonefs/target/test-dir/MiniOzoneClusterImpl-3f0ffa95-bfc9-4a1c-9a47-ff24715a0622/datanode-2/data/ratis/f57b65ce-aafe-4429-aeaa-974eec7e57c9] INFO  segmented.SegmentedRaftLogWorker (SegmentedRaftLogWorker.java:execute(569)) - abc6f9f9-8862-43ee-ac13-b67e1574492b-SegmentedRaftLogWorker:Storage Directory /workdir/hadoop-ozone/ozonefs/target/test-dir/MiniOzoneClusterImpl-3f0ffa95-bfc9-4a1c-9a47-ff24715a0622/datanode-2/data/ratis/f57b65ce-aafe-4429-aeaa-974eec7e57c9: created new log segment /workdir/hadoop-ozone/ozonefs/target/test-dir/MiniOzoneClusterImpl-3f0ffa95-bfc9-4a1c-9a47-ff24715a0622/datanode-2/data/ratis/f57b65ce-aafe-4429-aeaa-974eec7e57c9/current/log_inprogress_0
2019-09-12 11:40:38,328 [8668900b-06f4-40f9-8926-68eb6348aa5d:group-05D08B075F79:LeaderElection43] INFO  impl.LeaderElection (LeaderElection.java:askForVotes(181)) - 8668900b-06f4-40f9-8926-68eb6348aa5d:group-05D08B075F79:LeaderElection43: begin an election at term 1 for -1: [8668900b-06f4-40f9-8926-68eb6348aa5d:192.168.157.195:38608], old=null
2019-09-12 11:40:38,328 [b5e361a7-9275-4b10-aa61-1d8677ab7c49:group-766948FCFB11:LeaderElection42] INFO  impl.LeaderElection (LeaderElection.java:askForVotes(181)) - b5e361a7-9275-4b10-aa61-1d8677ab7c49:group-766948FCFB11:LeaderElection42: begin an election at term 1 for -1: [b5e361a7-9275-4b10-aa61-1d8677ab7c49:192.168.157.195:40278], old=null
2019-09-12 11:40:38,328 [8668900b-06f4-40f9-8926-68eb6348aa5d:group-05D08B075F79:LeaderElection43] INFO  impl.RoleInfo (RoleInfo.java:shutdownLeaderElection(134)) - 8668900b-06f4-40f9-8926-68eb6348aa5d: shutdown LeaderElection
2019-09-12 11:40:38,329 [b5e361a7-9275-4b10-aa61-1d8677ab7c49:group-766948FCFB11:LeaderElection42] INFO  impl.RoleInfo (RoleInfo.java:shutdownLeaderElection(134)) - b5e361a7-9275-4b10-aa61-1d8677ab7c49: shutdown LeaderElection
2019-09-12 11:40:38,329 [8668900b-06f4-40f9-8926-68eb6348aa5d:group-05D08B075F79:LeaderElection43] INFO  impl.RaftServerImpl (RaftServerImpl.java:setRole(171)) - 8668900b-06f4-40f9-8926-68eb6348aa5d:group-05D08B075F79 changes role from CANDIDATE to LEADER at term 1 for changeToLeader
2019-09-12 11:40:38,329 [b5e361a7-9275-4b10-aa61-1d8677ab7c49:group-766948FCFB11:LeaderElection42] INFO  impl.RaftServerImpl (RaftServerImpl.java:setRole(171)) - b5e361a7-9275-4b10-aa61-1d8677ab7c49:group-766948FCFB11 changes role from CANDIDATE to LEADER at term 1 for changeToLeader
2019-09-12 11:40:38,329 [8668900b-06f4-40f9-8926-68eb6348aa5d:group-05D08B075F79:LeaderElection43] INFO  impl.RaftServerImpl (ServerState.java:setLeader(263)) - 8668900b-06f4-40f9-8926-68eb6348aa5d:group-05D08B075F79 change Leader from null to 8668900b-06f4-40f9-8926-68eb6348aa5d at term 1 for becomeLeader, leader elected after 5132ms
2019-09-12 11:40:38,329 [b5e361a7-9275-4b10-aa61-1d8677ab7c49:group-766948FCFB11:LeaderElection42] INFO  impl.RaftServerImpl (ServerState.java:setLeader(263)) - b5e361a7-9275-4b10-aa61-1d8677ab7c49:group-766948FCFB11 change Leader from null to b5e361a7-9275-4b10-aa61-1d8677ab7c49 at term 1 for becomeLeader, leader elected after 5087ms
2019-09-12 11:40:38,329 [8668900b-06f4-40f9-8926-68eb6348aa5d:group-05D08B075F79:LeaderElection43] INFO  server.RaftServerConfigKeys (ConfUtils.java:logGet(43)) - raft.server.staging.catchup.gap = 1000 (default)
2019-09-12 11:40:38,329 [b5e361a7-9275-4b10-aa61-1d8677ab7c49:group-766948FCFB11:LeaderElection42] INFO  server.RaftServerConfigKeys (ConfUtils.java:logGet(43)) - raft.server.staging.catchup.gap = 1000 (default)
2019-09-12 11:40:38,330 [8668900b-06f4-40f9-8926-68eb6348aa5d:group-05D08B075F79:LeaderElection43] INFO  server.RaftServerConfigKeys (ConfUtils.java:logGet(43)) - raft.server.rpc.sleep.time = 25ms (default)
2019-09-12 11:40:38,330 [b5e361a7-9275-4b10-aa61-1d8677ab7c49:group-766948FCFB11:LeaderElection42] INFO  server.RaftServerConfigKeys (ConfUtils.java:logGet(43)) - raft.server.rpc.sleep.time = 25ms (default)
2019-09-12 11:40:38,330 [8668900b-06f4-40f9-8926-68eb6348aa5d:group-05D08B075F79:LeaderElection43] INFO  server.RaftServerConfigKeys (ConfUtils.java:logGet(43)) - raft.server.write.element-limit = 4096 (default)
2019-09-12 11:40:38,330 [b5e361a7-9275-4b10-aa61-1d8677ab7c49:group-766948FCFB11:LeaderElection42] INFO  server.RaftServerConfigKeys (ConfUtils.java:logGet(43)) - raft.server.write.element-limit = 4096 (default)
2019-09-12 11:40:38,330 [8668900b-06f4-40f9-8926-68eb6348aa5d:group-05D08B075F79:LeaderElection43] INFO  server.RaftServerConfigKeys (ConfUtils.java:logGet(43)) - raft.server.watch.timeout = 10s (default)
2019-09-12 11:40:38,330 [b5e361a7-9275-4b10-aa61-1d8677ab7c49:group-766948FCFB11:LeaderElection42] INFO  server.RaftServerConfigKeys (ConfUtils.java:logGet(43)) - raft.server.watch.timeout = 10s (default)
2019-09-12 11:40:38,331 [8668900b-06f4-40f9-8926-68eb6348aa5d:group-05D08B075F79:LeaderElection43] INFO  server.RaftServerConfigKeys (ConfUtils.java:logGet(43)) - raft.server.watch.timeout.denomination = 1s (default)
2019-09-12 11:40:38,331 [b5e361a7-9275-4b10-aa61-1d8677ab7c49:group-766948FCFB11:LeaderElection42] INFO  server.RaftServerConfigKeys (ConfUtils.java:logGet(43)) - raft.server.watch.timeout.denomination = 1s (default)
2019-09-12 11:40:38,331 [8668900b-06f4-40f9-8926-68eb6348aa5d:group-05D08B075F79:LeaderElection43] INFO  server.RaftServerConfigKeys (ConfUtils.java:logGet(43)) - raft.server.watch.element-limit = 65536 (default)
2019-09-12 11:40:38,331 [b5e361a7-9275-4b10-aa61-1d8677ab7c49:group-766948FCFB11:LeaderElection42] INFO  server.RaftServerConfigKeys (ConfUtils.java:logGet(43)) - raft.server.watch.element-limit = 65536 (default)
2019-09-12 11:40:38,331 [8668900b-06f4-40f9-8926-68eb6348aa5d:group-05D08B075F79:LeaderElection43] INFO  impl.RoleInfo (RoleInfo.java:updateAndGet(143)) - 8668900b-06f4-40f9-8926-68eb6348aa5d: start LeaderState
2019-09-12 11:40:38,332 [b5e361a7-9275-4b10-aa61-1d8677ab7c49:group-766948FCFB11:LeaderElection42] INFO  impl.RoleInfo (RoleInfo.java:updateAndGet(143)) - b5e361a7-9275-4b10-aa61-1d8677ab7c49: start LeaderState
2019-09-12 11:40:38,332 [8668900b-06f4-40f9-8926-68eb6348aa5d:group-05D08B075F79:LeaderElection43] INFO  segmented.SegmentedRaftLogWorker (SegmentedRaftLogWorker.java:startLogSegment(380)) - 8668900b-06f4-40f9-8926-68eb6348aa5d-SegmentedRaftLogWorker:Storage Directory /workdir/hadoop-ozone/ozonefs/target/test-dir/MiniOzoneClusterImpl-3f0ffa95-bfc9-4a1c-9a47-ff24715a0622/datanode-7/data/ratis/bc0fd3ae-507d-4d96-b45e-05d08b075f79: Starting segment from index:0
2019-09-12 11:40:38,332 [b5e361a7-9275-4b10-aa61-1d8677ab7c49:group-766948FCFB11:LeaderElection42] INFO  segmented.SegmentedRaftLogWorker (SegmentedRaftLogWorker.java:startLogSegment(380)) - b5e361a7-9275-4b10-aa61-1d8677ab7c49-SegmentedRaftLogWorker:Storage Directory /workdir/hadoop-ozone/ozonefs/target/test-dir/MiniOzoneClusterImpl-3f0ffa95-bfc9-4a1c-9a47-ff24715a0622/datanode-8/data/ratis/5926e119-6603-4ce2-9376-766948fcfb11: Starting segment from index:0
2019-09-12 11:40:38,332 [Thread-417] INFO  impl.FollowerState (FollowerState.java:run(106)) - 4255b290-7b6d-420f-97e2-6dfb55690bab:group-4806DA791084 changes to CANDIDATE, lastRpcTime:5046, electionTimeout:5046ms
2019-09-12 11:40:38,332 [Thread-417] INFO  impl.RoleInfo (RoleInfo.java:shutdownFollowerState(121)) - 4255b290-7b6d-420f-97e2-6dfb55690bab: shutdown FollowerState
2019-09-12 11:40:38,333 [8668900b-06f4-40f9-8926-68eb6348aa5d:group-05D08B075F79:LeaderElection43] INFO  impl.RaftServerImpl (ServerState.java:setRaftConf(361)) - 8668900b-06f4-40f9-8926-68eb6348aa5d:group-05D08B075F79 set configuration 0: [8668900b-06f4-40f9-8926-68eb6348aa5d:192.168.157.195:38608], old=null at 0
2019-09-12 11:40:38,333 [Thread-417] INFO  impl.RaftServerImpl (RaftServerImpl.java:setRole(171)) - 4255b290-7b6d-420f-97e2-6dfb55690bab:group-4806DA791084 changes role from FOLLOWER to CANDIDATE at term 0 for changeToCandidate
2019-09-12 11:40:38,333 [b5e361a7-9275-4b10-aa61-1d8677ab7c49:group-766948FCFB11:LeaderElection42] INFO  impl.RaftServerImpl (ServerState.java:setRaftConf(361)) - b5e361a7-9275-4b10-aa61-1d8677ab7c49:group-766948FCFB11 set configuration 0: [b5e361a7-9275-4b10-aa61-1d8677ab7c49:192.168.157.195:40278], old=null at 0
2019-09-12 11:40:38,333 [Thread-417] INFO  impl.RoleInfo (RoleInfo.java:updateAndGet(143)) - 4255b290-7b6d-420f-97e2-6dfb55690bab: start LeaderElection
2019-09-12 11:40:38,341 [4255b290-7b6d-420f-97e2-6dfb55690bab:group-4806DA791084:LeaderElection44] INFO  impl.LeaderElection (LeaderElection.java:askForVotes(181)) - 4255b290-7b6d-420f-97e2-6dfb55690bab:group-4806DA791084:LeaderElection44: begin an election at term 1 for -1: [4255b290-7b6d-420f-97e2-6dfb55690bab:192.168.157.195:45659], old=null
2019-09-12 11:40:38,342 [4255b290-7b6d-420f-97e2-6dfb55690bab:group-4806DA791084:LeaderElection44] INFO  impl.RoleInfo (RoleInfo.java:shutdownLeaderElection(134)) - 4255b290-7b6d-420f-97e2-6dfb55690bab: shutdown LeaderElection
2019-09-12 11:40:38,342 [4255b290-7b6d-420f-97e2-6dfb55690bab:group-4806DA791084:LeaderElection44] INFO  impl.RaftServerImpl (RaftServerImpl.java:setRole(171)) - 4255b290-7b6d-420f-97e2-6dfb55690bab:group-4806DA791084 changes role from CANDIDATE to LEADER at term 1 for changeToLeader
2019-09-12 11:40:38,342 [4255b290-7b6d-420f-97e2-6dfb55690bab:group-4806DA791084:LeaderElection44] INFO  impl.RaftServerImpl (ServerState.java:setLeader(263)) - 4255b290-7b6d-420f-97e2-6dfb55690bab:group-4806DA791084 change Leader from null to 4255b290-7b6d-420f-97e2-6dfb55690bab at term 1 for becomeLeader, leader elected after 5059ms
2019-09-12 11:40:38,342 [4255b290-7b6d-420f-97e2-6dfb55690bab:group-4806DA791084:LeaderElection44] INFO  server.RaftServerConfigKeys (ConfUtils.java:logGet(43)) - raft.server.staging.catchup.gap = 1000 (default)
2019-09-12 11:40:38,342 [4255b290-7b6d-420f-97e2-6dfb55690bab:group-4806DA791084:LeaderElection44] INFO  server.RaftServerConfigKeys (ConfUtils.java:logGet(43)) - raft.server.rpc.sleep.time = 25ms (default)
2019-09-12 11:40:38,343 [4255b290-7b6d-420f-97e2-6dfb55690bab:group-4806DA791084:LeaderElection44] INFO  server.RaftServerConfigKeys (ConfUtils.java:logGet(43)) - raft.server.write.element-limit = 4096 (default)
2019-09-12 11:40:38,343 [4255b290-7b6d-420f-97e2-6dfb55690bab:group-4806DA791084:LeaderElection44] INFO  server.RaftServerConfigKeys (ConfUtils.java:logGet(43)) - raft.server.watch.timeout = 10s (default)
2019-09-12 11:40:38,343 [4255b290-7b6d-420f-97e2-6dfb55690bab:group-4806DA791084:LeaderElection44] INFO  server.RaftServerConfigKeys (ConfUtils.java:logGet(43)) - raft.server.watch.timeout.denomination = 1s (default)
2019-09-12 11:40:38,343 [4255b290-7b6d-420f-97e2-6dfb55690bab:group-4806DA791084:LeaderElection44] INFO  server.RaftServerConfigKeys (ConfUtils.java:logGet(43)) - raft.server.watch.element-limit = 65536 (default)
2019-09-12 11:40:38,344 [4255b290-7b6d-420f-97e2-6dfb55690bab:group-4806DA791084:LeaderElection44] INFO  impl.RoleInfo (RoleInfo.java:updateAndGet(143)) - 4255b290-7b6d-420f-97e2-6dfb55690bab: start LeaderState
2019-09-12 11:40:38,344 [4255b290-7b6d-420f-97e2-6dfb55690bab:group-4806DA791084:LeaderElection44] INFO  segmented.SegmentedRaftLogWorker (SegmentedRaftLogWorker.java:startLogSegment(380)) - 4255b290-7b6d-420f-97e2-6dfb55690bab-SegmentedRaftLogWorker:Storage Directory /workdir/hadoop-ozone/ozonefs/target/test-dir/MiniOzoneClusterImpl-3f0ffa95-bfc9-4a1c-9a47-ff24715a0622/datanode-6/data/ratis/1ba47c10-2ab7-4940-bd02-4806da791084: Starting segment from index:0
2019-09-12 11:40:38,345 [4255b290-7b6d-420f-97e2-6dfb55690bab:group-4806DA791084:LeaderElection44] INFO  impl.RaftServerImpl (ServerState.java:setRaftConf(361)) - 4255b290-7b6d-420f-97e2-6dfb55690bab:group-4806DA791084 set configuration 0: [4255b290-7b6d-420f-97e2-6dfb55690bab:192.168.157.195:45659], old=null at 0
2019-09-12 11:40:38,391 [4255b290-7b6d-420f-97e2-6dfb55690bab-SegmentedRaftLogWorker:Storage Directory /workdir/hadoop-ozone/ozonefs/target/test-dir/MiniOzoneClusterImpl-3f0ffa95-bfc9-4a1c-9a47-ff24715a0622/datanode-6/data/ratis/1ba47c10-2ab7-4940-bd02-4806da791084] INFO  segmented.SegmentedRaftLogWorker (SegmentedRaftLogWorker.java:execute(569)) - 4255b290-7b6d-420f-97e2-6dfb55690bab-SegmentedRaftLogWorker:Storage Directory /workdir/hadoop-ozone/ozonefs/target/test-dir/MiniOzoneClusterImpl-3f0ffa95-bfc9-4a1c-9a47-ff24715a0622/datanode-6/data/ratis/1ba47c10-2ab7-4940-bd02-4806da791084: created new log segment /workdir/hadoop-ozone/ozonefs/target/test-dir/MiniOzoneClusterImpl-3f0ffa95-bfc9-4a1c-9a47-ff24715a0622/datanode-6/data/ratis/1ba47c10-2ab7-4940-bd02-4806da791084/current/log_inprogress_0
2019-09-12 11:40:38,391 [b5e361a7-9275-4b10-aa61-1d8677ab7c49-SegmentedRaftLogWorker:Storage Directory /workdir/hadoop-ozone/ozonefs/target/test-dir/MiniOzoneClusterImpl-3f0ffa95-bfc9-4a1c-9a47-ff24715a0622/datanode-8/data/ratis/5926e119-6603-4ce2-9376-766948fcfb11] INFO  segmented.SegmentedRaftLogWorker (SegmentedRaftLogWorker.java:execute(569)) - b5e361a7-9275-4b10-aa61-1d8677ab7c49-SegmentedRaftLogWorker:Storage Directory /workdir/hadoop-ozone/ozonefs/target/test-dir/MiniOzoneClusterImpl-3f0ffa95-bfc9-4a1c-9a47-ff24715a0622/datanode-8/data/ratis/5926e119-6603-4ce2-9376-766948fcfb11: created new log segment /workdir/hadoop-ozone/ozonefs/target/test-dir/MiniOzoneClusterImpl-3f0ffa95-bfc9-4a1c-9a47-ff24715a0622/datanode-8/data/ratis/5926e119-6603-4ce2-9376-766948fcfb11/current/log_inprogress_0
2019-09-12 11:40:38,391 [8668900b-06f4-40f9-8926-68eb6348aa5d-SegmentedRaftLogWorker:Storage Directory /workdir/hadoop-ozone/ozonefs/target/test-dir/MiniOzoneClusterImpl-3f0ffa95-bfc9-4a1c-9a47-ff24715a0622/datanode-7/data/ratis/bc0fd3ae-507d-4d96-b45e-05d08b075f79] INFO  segmented.SegmentedRaftLogWorker (SegmentedRaftLogWorker.java:execute(569)) - 8668900b-06f4-40f9-8926-68eb6348aa5d-SegmentedRaftLogWorker:Storage Directory /workdir/hadoop-ozone/ozonefs/target/test-dir/MiniOzoneClusterImpl-3f0ffa95-bfc9-4a1c-9a47-ff24715a0622/datanode-7/data/ratis/bc0fd3ae-507d-4d96-b45e-05d08b075f79: created new log segment /workdir/hadoop-ozone/ozonefs/target/test-dir/MiniOzoneClusterImpl-3f0ffa95-bfc9-4a1c-9a47-ff24715a0622/datanode-7/data/ratis/bc0fd3ae-507d-4d96-b45e-05d08b075f79/current/log_inprogress_0
2019-09-12 11:40:38,432 [Thread-423] INFO  impl.FollowerState (FollowerState.java:run(106)) - 4255b290-7b6d-420f-97e2-6dfb55690bab:group-3089FDD7C898 changes to CANDIDATE, lastRpcTime:5069, electionTimeout:5069ms
2019-09-12 11:40:38,432 [Thread-423] INFO  impl.RoleInfo (RoleInfo.java:shutdownFollowerState(121)) - 4255b290-7b6d-420f-97e2-6dfb55690bab: shutdown FollowerState
2019-09-12 11:40:38,432 [Thread-423] INFO  impl.RaftServerImpl (RaftServerImpl.java:setRole(171)) - 4255b290-7b6d-420f-97e2-6dfb55690bab:group-3089FDD7C898 changes role from FOLLOWER to CANDIDATE at term 0 for changeToCandidate
2019-09-12 11:40:38,433 [Thread-423] INFO  impl.RoleInfo (RoleInfo.java:updateAndGet(143)) - 4255b290-7b6d-420f-97e2-6dfb55690bab: start LeaderElection
2019-09-12 11:40:38,439 | INFO  | SCMAudit | user=jenkins1000 | ip=192.168.157.195 | op=SEND_HEARTBEAT {datanodeUUID=b5e361a7-9275-4b10-aa61-1d8677ab7c49, command=[]} | ret=SUCCESS |  
2019-09-12 11:40:38,454 [4255b290-7b6d-420f-97e2-6dfb55690bab:group-3089FDD7C898:LeaderElection45] INFO  impl.LeaderElection (LeaderElection.java:askForVotes(181)) - 4255b290-7b6d-420f-97e2-6dfb55690bab:group-3089FDD7C898:LeaderElection45: begin an election at term 1 for -1: [4255b290-7b6d-420f-97e2-6dfb55690bab:192.168.157.195:45659], old=null
2019-09-12 11:40:38,454 [4255b290-7b6d-420f-97e2-6dfb55690bab:group-3089FDD7C898:LeaderElection45] INFO  impl.RoleInfo (RoleInfo.java:shutdownLeaderElection(134)) - 4255b290-7b6d-420f-97e2-6dfb55690bab: shutdown LeaderElection
2019-09-12 11:40:38,455 [4255b290-7b6d-420f-97e2-6dfb55690bab:group-3089FDD7C898:LeaderElection45] INFO  impl.RaftServerImpl (RaftServerImpl.java:setRole(171)) - 4255b290-7b6d-420f-97e2-6dfb55690bab:group-3089FDD7C898 changes role from CANDIDATE to LEADER at term 1 for changeToLeader
2019-09-12 11:40:38,455 [4255b290-7b6d-420f-97e2-6dfb55690bab:group-3089FDD7C898:LeaderElection45] INFO  impl.RaftServerImpl (ServerState.java:setLeader(263)) - 4255b290-7b6d-420f-97e2-6dfb55690bab:group-3089FDD7C898 change Leader from null to 4255b290-7b6d-420f-97e2-6dfb55690bab at term 1 for becomeLeader, leader elected after 5095ms
2019-09-12 11:40:38,455 [4255b290-7b6d-420f-97e2-6dfb55690bab:group-3089FDD7C898:LeaderElection45] INFO  server.RaftServerConfigKeys (ConfUtils.java:logGet(43)) - raft.server.staging.catchup.gap = 1000 (default)
2019-09-12 11:40:38,455 [4255b290-7b6d-420f-97e2-6dfb55690bab:group-3089FDD7C898:LeaderElection45] INFO  server.RaftServerConfigKeys (ConfUtils.java:logGet(43)) - raft.server.rpc.sleep.time = 25ms (default)
2019-09-12 11:40:38,455 [4255b290-7b6d-420f-97e2-6dfb55690bab:group-3089FDD7C898:LeaderElection45] INFO  server.RaftServerConfigKeys (ConfUtils.java:logGet(43)) - raft.server.write.element-limit = 4096 (default)
2019-09-12 11:40:38,455 [4255b290-7b6d-420f-97e2-6dfb55690bab:group-3089FDD7C898:LeaderElection45] INFO  server.RaftServerConfigKeys (ConfUtils.java:logGet(43)) - raft.server.watch.timeout = 10s (default)
2019-09-12 11:40:38,456 [4255b290-7b6d-420f-97e2-6dfb55690bab:group-3089FDD7C898:LeaderElection45] INFO  server.RaftServerConfigKeys (ConfUtils.java:logGet(43)) - raft.server.watch.timeout.denomination = 1s (default)
2019-09-12 11:40:38,456 [4255b290-7b6d-420f-97e2-6dfb55690bab:group-3089FDD7C898:LeaderElection45] INFO  server.RaftServerConfigKeys (ConfUtils.java:logGet(43)) - raft.server.watch.element-limit = 65536 (default)
2019-09-12 11:40:38,456 [4255b290-7b6d-420f-97e2-6dfb55690bab:group-3089FDD7C898:LeaderElection45] INFO  impl.RoleInfo (RoleInfo.java:updateAndGet(143)) - 4255b290-7b6d-420f-97e2-6dfb55690bab: start LeaderState
2019-09-12 11:40:38,456 [4255b290-7b6d-420f-97e2-6dfb55690bab:group-3089FDD7C898:LeaderElection45] INFO  segmented.SegmentedRaftLogWorker (SegmentedRaftLogWorker.java:startLogSegment(380)) - 4255b290-7b6d-420f-97e2-6dfb55690bab-SegmentedRaftLogWorker:Storage Directory /workdir/hadoop-ozone/ozonefs/target/test-dir/MiniOzoneClusterImpl-3f0ffa95-bfc9-4a1c-9a47-ff24715a0622/datanode-6/data/ratis/71934dba-f2e5-4554-ab41-3089fdd7c898: Starting segment from index:0
2019-09-12 11:40:38,457 [4255b290-7b6d-420f-97e2-6dfb55690bab:group-3089FDD7C898:LeaderElection45] INFO  impl.RaftServerImpl (ServerState.java:setRaftConf(361)) - 4255b290-7b6d-420f-97e2-6dfb55690bab:group-3089FDD7C898 set configuration 0: [4255b290-7b6d-420f-97e2-6dfb55690bab:192.168.157.195:45659], old=null at 0
2019-09-12 11:40:38,460 [Thread-426] INFO  impl.FollowerState (FollowerState.java:run(106)) - 8668900b-06f4-40f9-8926-68eb6348aa5d:group-22D4B8D9C6E0 changes to CANDIDATE, lastRpcTime:5035, electionTimeout:5035ms
2019-09-12 11:40:38,460 [Thread-426] INFO  impl.RoleInfo (RoleInfo.java:shutdownFollowerState(121)) - 8668900b-06f4-40f9-8926-68eb6348aa5d: shutdown FollowerState
2019-09-12 11:40:38,460 [Thread-426] INFO  impl.RaftServerImpl (RaftServerImpl.java:setRole(171)) - 8668900b-06f4-40f9-8926-68eb6348aa5d:group-22D4B8D9C6E0 changes role from FOLLOWER to CANDIDATE at term 0 for changeToCandidate
2019-09-12 11:40:38,460 [Thread-426] INFO  impl.RoleInfo (RoleInfo.java:updateAndGet(143)) - 8668900b-06f4-40f9-8926-68eb6348aa5d: start LeaderElection
2019-09-12 11:40:38,474 [8668900b-06f4-40f9-8926-68eb6348aa5d:group-22D4B8D9C6E0:LeaderElection46] INFO  impl.LeaderElection (LeaderElection.java:askForVotes(181)) - 8668900b-06f4-40f9-8926-68eb6348aa5d:group-22D4B8D9C6E0:LeaderElection46: begin an election at term 1 for -1: [8668900b-06f4-40f9-8926-68eb6348aa5d:192.168.157.195:38608], old=null
2019-09-12 11:40:38,474 [8668900b-06f4-40f9-8926-68eb6348aa5d:group-22D4B8D9C6E0:LeaderElection46] INFO  impl.RoleInfo (RoleInfo.java:shutdownLeaderElection(134)) - 8668900b-06f4-40f9-8926-68eb6348aa5d: shutdown LeaderElection
2019-09-12 11:40:38,474 [8668900b-06f4-40f9-8926-68eb6348aa5d:group-22D4B8D9C6E0:LeaderElection46] INFO  impl.RaftServerImpl (RaftServerImpl.java:setRole(171)) - 8668900b-06f4-40f9-8926-68eb6348aa5d:group-22D4B8D9C6E0 changes role from CANDIDATE to LEADER at term 1 for changeToLeader
2019-09-12 11:40:38,474 [8668900b-06f4-40f9-8926-68eb6348aa5d:group-22D4B8D9C6E0:LeaderElection46] INFO  impl.RaftServerImpl (ServerState.java:setLeader(263)) - 8668900b-06f4-40f9-8926-68eb6348aa5d:group-22D4B8D9C6E0 change Leader from null to 8668900b-06f4-40f9-8926-68eb6348aa5d at term 1 for becomeLeader, leader elected after 5054ms
2019-09-12 11:40:38,475 [8668900b-06f4-40f9-8926-68eb6348aa5d:group-22D4B8D9C6E0:LeaderElection46] INFO  server.RaftServerConfigKeys (ConfUtils.java:logGet(43)) - raft.server.staging.catchup.gap = 1000 (default)
2019-09-12 11:40:38,475 [8668900b-06f4-40f9-8926-68eb6348aa5d:group-22D4B8D9C6E0:LeaderElection46] INFO  server.RaftServerConfigKeys (ConfUtils.java:logGet(43)) - raft.server.rpc.sleep.time = 25ms (default)
2019-09-12 11:40:38,475 [8668900b-06f4-40f9-8926-68eb6348aa5d:group-22D4B8D9C6E0:LeaderElection46] INFO  server.RaftServerConfigKeys (ConfUtils.java:logGet(43)) - raft.server.write.element-limit = 4096 (default)
2019-09-12 11:40:38,475 [8668900b-06f4-40f9-8926-68eb6348aa5d:group-22D4B8D9C6E0:LeaderElection46] INFO  server.RaftServerConfigKeys (ConfUtils.java:logGet(43)) - raft.server.watch.timeout = 10s (default)
2019-09-12 11:40:38,475 [8668900b-06f4-40f9-8926-68eb6348aa5d:group-22D4B8D9C6E0:LeaderElection46] INFO  server.RaftServerConfigKeys (ConfUtils.java:logGet(43)) - raft.server.watch.timeout.denomination = 1s (default)
2019-09-12 11:40:38,475 [8668900b-06f4-40f9-8926-68eb6348aa5d:group-22D4B8D9C6E0:LeaderElection46] INFO  server.RaftServerConfigKeys (ConfUtils.java:logGet(43)) - raft.server.watch.element-limit = 65536 (default)
2019-09-12 11:40:38,476 [8668900b-06f4-40f9-8926-68eb6348aa5d:group-22D4B8D9C6E0:LeaderElection46] INFO  impl.RoleInfo (RoleInfo.java:updateAndGet(143)) - 8668900b-06f4-40f9-8926-68eb6348aa5d: start LeaderState
2019-09-12 11:40:38,476 [8668900b-06f4-40f9-8926-68eb6348aa5d:group-22D4B8D9C6E0:LeaderElection46] INFO  segmented.SegmentedRaftLogWorker (SegmentedRaftLogWorker.java:startLogSegment(380)) - 8668900b-06f4-40f9-8926-68eb6348aa5d-SegmentedRaftLogWorker:Storage Directory /workdir/hadoop-ozone/ozonefs/target/test-dir/MiniOzoneClusterImpl-3f0ffa95-bfc9-4a1c-9a47-ff24715a0622/datanode-7/data/ratis/6e0e4793-5c95-4409-8035-22d4b8d9c6e0: Starting segment from index:0
2019-09-12 11:40:38,477 [8668900b-06f4-40f9-8926-68eb6348aa5d:group-22D4B8D9C6E0:LeaderElection46] INFO  impl.RaftServerImpl (ServerState.java:setRaftConf(361)) - 8668900b-06f4-40f9-8926-68eb6348aa5d:group-22D4B8D9C6E0 set configuration 0: [8668900b-06f4-40f9-8926-68eb6348aa5d:192.168.157.195:38608], old=null at 0
2019-09-12 11:40:38,493 [Thread-420] INFO  impl.FollowerState (FollowerState.java:run(106)) - ef411258-a662-4696-ba26-405a55c9a048:group-533C70C43327 changes to CANDIDATE, lastRpcTime:5164, electionTimeout:5164ms
2019-09-12 11:40:38,494 [Thread-420] INFO  impl.RoleInfo (RoleInfo.java:shutdownFollowerState(121)) - ef411258-a662-4696-ba26-405a55c9a048: shutdown FollowerState
2019-09-12 11:40:38,494 [Thread-420] INFO  impl.RaftServerImpl (RaftServerImpl.java:setRole(171)) - ef411258-a662-4696-ba26-405a55c9a048:group-533C70C43327 changes role from FOLLOWER to CANDIDATE at term 0 for changeToCandidate
2019-09-12 11:40:38,494 [Thread-420] INFO  impl.RoleInfo (RoleInfo.java:updateAndGet(143)) - ef411258-a662-4696-ba26-405a55c9a048: start LeaderElection
2019-09-12 11:40:38,502 [4255b290-7b6d-420f-97e2-6dfb55690bab-SegmentedRaftLogWorker:Storage Directory /workdir/hadoop-ozone/ozonefs/target/test-dir/MiniOzoneClusterImpl-3f0ffa95-bfc9-4a1c-9a47-ff24715a0622/datanode-6/data/ratis/71934dba-f2e5-4554-ab41-3089fdd7c898] INFO  segmented.SegmentedRaftLogWorker (SegmentedRaftLogWorker.java:execute(569)) - 4255b290-7b6d-420f-97e2-6dfb55690bab-SegmentedRaftLogWorker:Storage Directory /workdir/hadoop-ozone/ozonefs/target/test-dir/MiniOzoneClusterImpl-3f0ffa95-bfc9-4a1c-9a47-ff24715a0622/datanode-6/data/ratis/71934dba-f2e5-4554-ab41-3089fdd7c898: created new log segment /workdir/hadoop-ozone/ozonefs/target/test-dir/MiniOzoneClusterImpl-3f0ffa95-bfc9-4a1c-9a47-ff24715a0622/datanode-6/data/ratis/71934dba-f2e5-4554-ab41-3089fdd7c898/current/log_inprogress_0
2019-09-12 11:40:38,502 [ef411258-a662-4696-ba26-405a55c9a048:group-533C70C43327:LeaderElection47] INFO  impl.LeaderElection (LeaderElection.java:askForVotes(181)) - ef411258-a662-4696-ba26-405a55c9a048:group-533C70C43327:LeaderElection47: begin an election at term 1 for -1: [ef411258-a662-4696-ba26-405a55c9a048:192.168.157.195:37970], old=null
2019-09-12 11:40:38,502 [ef411258-a662-4696-ba26-405a55c9a048:group-533C70C43327:LeaderElection47] INFO  impl.RoleInfo (RoleInfo.java:shutdownLeaderElection(134)) - ef411258-a662-4696-ba26-405a55c9a048: shutdown LeaderElection
2019-09-12 11:40:38,503 [ef411258-a662-4696-ba26-405a55c9a048:group-533C70C43327:LeaderElection47] INFO  impl.RaftServerImpl (RaftServerImpl.java:setRole(171)) - ef411258-a662-4696-ba26-405a55c9a048:group-533C70C43327 changes role from CANDIDATE to LEADER at term 1 for changeToLeader
2019-09-12 11:40:38,503 [ef411258-a662-4696-ba26-405a55c9a048:group-533C70C43327:LeaderElection47] INFO  impl.RaftServerImpl (ServerState.java:setLeader(263)) - ef411258-a662-4696-ba26-405a55c9a048:group-533C70C43327 change Leader from null to ef411258-a662-4696-ba26-405a55c9a048 at term 1 for becomeLeader, leader elected after 5178ms
2019-09-12 11:40:38,503 [ef411258-a662-4696-ba26-405a55c9a048:group-533C70C43327:LeaderElection47] INFO  server.RaftServerConfigKeys (ConfUtils.java:logGet(43)) - raft.server.staging.catchup.gap = 1000 (default)
2019-09-12 11:40:38,503 [ef411258-a662-4696-ba26-405a55c9a048:group-533C70C43327:LeaderElection47] INFO  server.RaftServerConfigKeys (ConfUtils.java:logGet(43)) - raft.server.rpc.sleep.time = 25ms (default)
2019-09-12 11:40:38,503 [ef411258-a662-4696-ba26-405a55c9a048:group-533C70C43327:LeaderElection47] INFO  server.RaftServerConfigKeys (ConfUtils.java:logGet(43)) - raft.server.write.element-limit = 4096 (default)
2019-09-12 11:40:38,504 [ef411258-a662-4696-ba26-405a55c9a048:group-533C70C43327:LeaderElection47] INFO  server.RaftServerConfigKeys (ConfUtils.java:logGet(43)) - raft.server.watch.timeout = 10s (default)
2019-09-12 11:40:38,504 [ef411258-a662-4696-ba26-405a55c9a048:group-533C70C43327:LeaderElection47] INFO  server.RaftServerConfigKeys (ConfUtils.java:logGet(43)) - raft.server.watch.timeout.denomination = 1s (default)
2019-09-12 11:40:38,504 [ef411258-a662-4696-ba26-405a55c9a048:group-533C70C43327:LeaderElection47] INFO  server.RaftServerConfigKeys (ConfUtils.java:logGet(43)) - raft.server.watch.element-limit = 65536 (default)
2019-09-12 11:40:38,504 [ef411258-a662-4696-ba26-405a55c9a048:group-533C70C43327:LeaderElection47] INFO  impl.RoleInfo (RoleInfo.java:updateAndGet(143)) - ef411258-a662-4696-ba26-405a55c9a048: start LeaderState
2019-09-12 11:40:38,505 [ef411258-a662-4696-ba26-405a55c9a048:group-533C70C43327:LeaderElection47] INFO  segmented.SegmentedRaftLogWorker (SegmentedRaftLogWorker.java:startLogSegment(380)) - ef411258-a662-4696-ba26-405a55c9a048-SegmentedRaftLogWorker:Storage Directory /workdir/hadoop-ozone/ozonefs/target/test-dir/MiniOzoneClusterImpl-3f0ffa95-bfc9-4a1c-9a47-ff24715a0622/datanode-4/data/ratis/abef79c6-a83e-4451-9f5b-533c70c43327: Starting segment from index:0
2019-09-12 11:40:38,505 [ef411258-a662-4696-ba26-405a55c9a048:group-533C70C43327:LeaderElection47] INFO  impl.RaftServerImpl (ServerState.java:setRaftConf(361)) - ef411258-a662-4696-ba26-405a55c9a048:group-533C70C43327 set configuration 0: [ef411258-a662-4696-ba26-405a55c9a048:192.168.157.195:37970], old=null at 0
2019-09-12 11:40:38,515 [8668900b-06f4-40f9-8926-68eb6348aa5d-SegmentedRaftLogWorker:Storage Directory /workdir/hadoop-ozone/ozonefs/target/test-dir/MiniOzoneClusterImpl-3f0ffa95-bfc9-4a1c-9a47-ff24715a0622/datanode-7/data/ratis/6e0e4793-5c95-4409-8035-22d4b8d9c6e0] INFO  segmented.SegmentedRaftLogWorker (SegmentedRaftLogWorker.java:execute(569)) - 8668900b-06f4-40f9-8926-68eb6348aa5d-SegmentedRaftLogWorker:Storage Directory /workdir/hadoop-ozone/ozonefs/target/test-dir/MiniOzoneClusterImpl-3f0ffa95-bfc9-4a1c-9a47-ff24715a0622/datanode-7/data/ratis/6e0e4793-5c95-4409-8035-22d4b8d9c6e0: created new log segment /workdir/hadoop-ozone/ozonefs/target/test-dir/MiniOzoneClusterImpl-3f0ffa95-bfc9-4a1c-9a47-ff24715a0622/datanode-7/data/ratis/6e0e4793-5c95-4409-8035-22d4b8d9c6e0/current/log_inprogress_0
2019-09-12 11:40:38,519 | INFO  | SCMAudit | user=jenkins1000 | ip=192.168.157.195 | op=SEND_HEARTBEAT {datanodeUUID=ef411258-a662-4696-ba26-405a55c9a048, command=[]} | ret=SUCCESS |  
2019-09-12 11:40:38,519 | INFO  | SCMAudit | user=jenkins1000 | ip=192.168.157.195 | op=SEND_HEARTBEAT {datanodeUUID=f17fb2fb-971d-416e-b1f4-66e23bc05d05, command=[]} | ret=SUCCESS |  
2019-09-12 11:40:38,556 [ef411258-a662-4696-ba26-405a55c9a048-SegmentedRaftLogWorker:Storage Directory /workdir/hadoop-ozone/ozonefs/target/test-dir/MiniOzoneClusterImpl-3f0ffa95-bfc9-4a1c-9a47-ff24715a0622/datanode-4/data/ratis/abef79c6-a83e-4451-9f5b-533c70c43327] INFO  segmented.SegmentedRaftLogWorker (SegmentedRaftLogWorker.java:execute(569)) - ef411258-a662-4696-ba26-405a55c9a048-SegmentedRaftLogWorker:Storage Directory /workdir/hadoop-ozone/ozonefs/target/test-dir/MiniOzoneClusterImpl-3f0ffa95-bfc9-4a1c-9a47-ff24715a0622/datanode-4/data/ratis/abef79c6-a83e-4451-9f5b-533c70c43327: created new log segment /workdir/hadoop-ozone/ozonefs/target/test-dir/MiniOzoneClusterImpl-3f0ffa95-bfc9-4a1c-9a47-ff24715a0622/datanode-4/data/ratis/abef79c6-a83e-4451-9f5b-533c70c43327/current/log_inprogress_0
2019-09-12 11:40:38,569 [Thread-432] INFO  impl.FollowerState (FollowerState.java:run(106)) - 4255b290-7b6d-420f-97e2-6dfb55690bab:group-07CD55941DFC changes to CANDIDATE, lastRpcTime:5058, electionTimeout:5058ms
2019-09-12 11:40:38,569 [Thread-432] INFO  impl.RoleInfo (RoleInfo.java:shutdownFollowerState(121)) - 4255b290-7b6d-420f-97e2-6dfb55690bab: shutdown FollowerState
2019-09-12 11:40:38,569 [Thread-432] INFO  impl.RaftServerImpl (RaftServerImpl.java:setRole(171)) - 4255b290-7b6d-420f-97e2-6dfb55690bab:group-07CD55941DFC changes role from FOLLOWER to CANDIDATE at term 0 for changeToCandidate
2019-09-12 11:40:38,570 [Thread-432] INFO  impl.RoleInfo (RoleInfo.java:updateAndGet(143)) - 4255b290-7b6d-420f-97e2-6dfb55690bab: start LeaderElection
2019-09-12 11:40:38,575 [Thread-429] INFO  impl.FollowerState (FollowerState.java:run(106)) - 8668900b-06f4-40f9-8926-68eb6348aa5d:group-B270613A25B2 changes to CANDIDATE, lastRpcTime:5107, electionTimeout:5107ms
2019-09-12 11:40:38,575 [Thread-429] INFO  impl.RoleInfo (RoleInfo.java:shutdownFollowerState(121)) - 8668900b-06f4-40f9-8926-68eb6348aa5d: shutdown FollowerState
2019-09-12 11:40:38,576 [Thread-429] INFO  impl.RaftServerImpl (RaftServerImpl.java:setRole(171)) - 8668900b-06f4-40f9-8926-68eb6348aa5d:group-B270613A25B2 changes role from FOLLOWER to CANDIDATE at term 0 for changeToCandidate
2019-09-12 11:40:38,576 [Thread-429] INFO  impl.RoleInfo (RoleInfo.java:updateAndGet(143)) - 8668900b-06f4-40f9-8926-68eb6348aa5d: start LeaderElection
2019-09-12 11:40:38,576 [Thread-435] INFO  impl.FollowerState (FollowerState.java:run(106)) - b5e361a7-9275-4b10-aa61-1d8677ab7c49:group-420B97D8551B changes to CANDIDATE, lastRpcTime:5024, electionTimeout:5024ms
2019-09-12 11:40:38,576 [Thread-435] INFO  impl.RoleInfo (RoleInfo.java:shutdownFollowerState(121)) - b5e361a7-9275-4b10-aa61-1d8677ab7c49: shutdown FollowerState
2019-09-12 11:40:38,577 [Thread-435] INFO  impl.RaftServerImpl (RaftServerImpl.java:setRole(171)) - b5e361a7-9275-4b10-aa61-1d8677ab7c49:group-420B97D8551B changes role from FOLLOWER to CANDIDATE at term 0 for changeToCandidate
2019-09-12 11:40:38,577 [Thread-435] INFO  impl.RoleInfo (RoleInfo.java:updateAndGet(143)) - b5e361a7-9275-4b10-aa61-1d8677ab7c49: start LeaderElection
2019-09-12 11:40:38,595 [8668900b-06f4-40f9-8926-68eb6348aa5d:group-B270613A25B2:LeaderElection49] INFO  impl.LeaderElection (LeaderElection.java:askForVotes(181)) - 8668900b-06f4-40f9-8926-68eb6348aa5d:group-B270613A25B2:LeaderElection49: begin an election at term 1 for -1: [8668900b-06f4-40f9-8926-68eb6348aa5d:192.168.157.195:38608], old=null
2019-09-12 11:40:38,595 [b5e361a7-9275-4b10-aa61-1d8677ab7c49:group-420B97D8551B:LeaderElection50] INFO  impl.LeaderElection (LeaderElection.java:askForVotes(181)) - b5e361a7-9275-4b10-aa61-1d8677ab7c49:group-420B97D8551B:LeaderElection50: begin an election at term 1 for -1: [b5e361a7-9275-4b10-aa61-1d8677ab7c49:192.168.157.195:40278], old=null
2019-09-12 11:40:38,595 [8668900b-06f4-40f9-8926-68eb6348aa5d:group-B270613A25B2:LeaderElection49] INFO  impl.RoleInfo (RoleInfo.java:shutdownLeaderElection(134)) - 8668900b-06f4-40f9-8926-68eb6348aa5d: shutdown LeaderElection
2019-09-12 11:40:38,595 [4255b290-7b6d-420f-97e2-6dfb55690bab:group-07CD55941DFC:LeaderElection48] INFO  impl.LeaderElection (LeaderElection.java:askForVotes(181)) - 4255b290-7b6d-420f-97e2-6dfb55690bab:group-07CD55941DFC:LeaderElection48: begin an election at term 1 for -1: [4255b290-7b6d-420f-97e2-6dfb55690bab:192.168.157.195:45659], old=null
2019-09-12 11:40:38,595 [8668900b-06f4-40f9-8926-68eb6348aa5d:group-B270613A25B2:LeaderElection49] INFO  impl.RaftServerImpl (RaftServerImpl.java:setRole(171)) - 8668900b-06f4-40f9-8926-68eb6348aa5d:group-B270613A25B2 changes role from CANDIDATE to LEADER at term 1 for changeToLeader
2019-09-12 11:40:38,595 [b5e361a7-9275-4b10-aa61-1d8677ab7c49:group-420B97D8551B:LeaderElection50] INFO  impl.RoleInfo (RoleInfo.java:shutdownLeaderElection(134)) - b5e361a7-9275-4b10-aa61-1d8677ab7c49: shutdown LeaderElection
2019-09-12 11:40:38,596 [8668900b-06f4-40f9-8926-68eb6348aa5d:group-B270613A25B2:LeaderElection49] INFO  impl.RaftServerImpl (ServerState.java:setLeader(263)) - 8668900b-06f4-40f9-8926-68eb6348aa5d:group-B270613A25B2 change Leader from null to 8668900b-06f4-40f9-8926-68eb6348aa5d at term 1 for becomeLeader, leader elected after 5132ms
2019-09-12 11:40:38,596 [4255b290-7b6d-420f-97e2-6dfb55690bab:group-07CD55941DFC:LeaderElection48] INFO  impl.RoleInfo (RoleInfo.java:shutdownLeaderElection(134)) - 4255b290-7b6d-420f-97e2-6dfb55690bab: shutdown LeaderElection
2019-09-12 11:40:38,596 [b5e361a7-9275-4b10-aa61-1d8677ab7c49:group-420B97D8551B:LeaderElection50] INFO  impl.RaftServerImpl (RaftServerImpl.java:setRole(171)) - b5e361a7-9275-4b10-aa61-1d8677ab7c49:group-420B97D8551B changes role from CANDIDATE to LEADER at term 1 for changeToLeader
2019-09-12 11:40:38,596 [8668900b-06f4-40f9-8926-68eb6348aa5d:group-B270613A25B2:LeaderElection49] INFO  server.RaftServerConfigKeys (ConfUtils.java:logGet(43)) - raft.server.staging.catchup.gap = 1000 (default)
2019-09-12 11:40:38,596 [4255b290-7b6d-420f-97e2-6dfb55690bab:group-07CD55941DFC:LeaderElection48] INFO  impl.RaftServerImpl (RaftServerImpl.java:setRole(171)) - 4255b290-7b6d-420f-97e2-6dfb55690bab:group-07CD55941DFC changes role from CANDIDATE to LEADER at term 1 for changeToLeader
2019-09-12 11:40:38,596 [8668900b-06f4-40f9-8926-68eb6348aa5d:group-B270613A25B2:LeaderElection49] INFO  server.RaftServerConfigKeys (ConfUtils.java:logGet(43)) - raft.server.rpc.sleep.time = 25ms (default)
2019-09-12 11:40:38,596 [b5e361a7-9275-4b10-aa61-1d8677ab7c49:group-420B97D8551B:LeaderElection50] INFO  impl.RaftServerImpl (ServerState.java:setLeader(263)) - b5e361a7-9275-4b10-aa61-1d8677ab7c49:group-420B97D8551B change Leader from null to b5e361a7-9275-4b10-aa61-1d8677ab7c49 at term 1 for becomeLeader, leader elected after 5047ms
2019-09-12 11:40:38,596 [8668900b-06f4-40f9-8926-68eb6348aa5d:group-B270613A25B2:LeaderElection49] INFO  server.RaftServerConfigKeys (ConfUtils.java:logGet(43)) - raft.server.write.element-limit = 4096 (default)
2019-09-12 11:40:38,596 [4255b290-7b6d-420f-97e2-6dfb55690bab:group-07CD55941DFC:LeaderElection48] INFO  impl.RaftServerImpl (ServerState.java:setLeader(263)) - 4255b290-7b6d-420f-97e2-6dfb55690bab:group-07CD55941DFC change Leader from null to 4255b290-7b6d-420f-97e2-6dfb55690bab at term 1 for becomeLeader, leader elected after 5089ms
2019-09-12 11:40:38,597 [8668900b-06f4-40f9-8926-68eb6348aa5d:group-B270613A25B2:LeaderElection49] INFO  server.RaftServerConfigKeys (ConfUtils.java:logGet(43)) - raft.server.watch.timeout = 10s (default)
2019-09-12 11:40:38,597 [b5e361a7-9275-4b10-aa61-1d8677ab7c49:group-420B97D8551B:LeaderElection50] INFO  server.RaftServerConfigKeys (ConfUtils.java:logGet(43)) - raft.server.staging.catchup.gap = 1000 (default)
2019-09-12 11:40:38,597 [8668900b-06f4-40f9-8926-68eb6348aa5d:group-B270613A25B2:LeaderElection49] INFO  server.RaftServerConfigKeys (ConfUtils.java:logGet(43)) - raft.server.watch.timeout.denomination = 1s (default)
2019-09-12 11:40:38,597 [4255b290-7b6d-420f-97e2-6dfb55690bab:group-07CD55941DFC:LeaderElection48] INFO  server.RaftServerConfigKeys (ConfUtils.java:logGet(43)) - raft.server.staging.catchup.gap = 1000 (default)
2019-09-12 11:40:38,597 [8668900b-06f4-40f9-8926-68eb6348aa5d:group-B270613A25B2:LeaderElection49] INFO  server.RaftServerConfigKeys (ConfUtils.java:logGet(43)) - raft.server.watch.element-limit = 65536 (default)
2019-09-12 11:40:38,597 [b5e361a7-9275-4b10-aa61-1d8677ab7c49:group-420B97D8551B:LeaderElection50] INFO  server.RaftServerConfigKeys (ConfUtils.java:logGet(43)) - raft.server.rpc.sleep.time = 25ms (default)
2019-09-12 11:40:38,597 [4255b290-7b6d-420f-97e2-6dfb55690bab:group-07CD55941DFC:LeaderElection48] INFO  server.RaftServerConfigKeys (ConfUtils.java:logGet(43)) - raft.server.rpc.sleep.time = 25ms (default)
2019-09-12 11:40:38,598 [b5e361a7-9275-4b10-aa61-1d8677ab7c49:group-420B97D8551B:LeaderElection50] INFO  server.RaftServerConfigKeys (ConfUtils.java:logGet(43)) - raft.server.write.element-limit = 4096 (default)
2019-09-12 11:40:38,598 [8668900b-06f4-40f9-8926-68eb6348aa5d:group-B270613A25B2:LeaderElection49] INFO  impl.RoleInfo (RoleInfo.java:updateAndGet(143)) - 8668900b-06f4-40f9-8926-68eb6348aa5d: start LeaderState
2019-09-12 11:40:38,598 [b5e361a7-9275-4b10-aa61-1d8677ab7c49:group-420B97D8551B:LeaderElection50] INFO  server.RaftServerConfigKeys (ConfUtils.java:logGet(43)) - raft.server.watch.timeout = 10s (default)
2019-09-12 11:40:38,598 [4255b290-7b6d-420f-97e2-6dfb55690bab:group-07CD55941DFC:LeaderElection48] INFO  server.RaftServerConfigKeys (ConfUtils.java:logGet(43)) - raft.server.write.element-limit = 4096 (default)
2019-09-12 11:40:38,598 [8668900b-06f4-40f9-8926-68eb6348aa5d:group-B270613A25B2:LeaderElection49] INFO  segmented.SegmentedRaftLogWorker (SegmentedRaftLogWorker.java:startLogSegment(380)) - 8668900b-06f4-40f9-8926-68eb6348aa5d-SegmentedRaftLogWorker:Storage Directory /workdir/hadoop-ozone/ozonefs/target/test-dir/MiniOzoneClusterImpl-3f0ffa95-bfc9-4a1c-9a47-ff24715a0622/datanode-7/data/ratis/8415a60e-7d02-4ab8-8c7f-b270613a25b2: Starting segment from index:0
2019-09-12 11:40:38,598 [4255b290-7b6d-420f-97e2-6dfb55690bab:group-07CD55941DFC:LeaderElection48] INFO  server.RaftServerConfigKeys (ConfUtils.java:logGet(43)) - raft.server.watch.timeout = 10s (default)
2019-09-12 11:40:38,598 [b5e361a7-9275-4b10-aa61-1d8677ab7c49:group-420B97D8551B:LeaderElection50] INFO  server.RaftServerConfigKeys (ConfUtils.java:logGet(43)) - raft.server.watch.timeout.denomination = 1s (default)
2019-09-12 11:40:38,598 [4255b290-7b6d-420f-97e2-6dfb55690bab:group-07CD55941DFC:LeaderElection48] INFO  server.RaftServerConfigKeys (ConfUtils.java:logGet(43)) - raft.server.watch.timeout.denomination = 1s (default)
2019-09-12 11:40:38,598 [b5e361a7-9275-4b10-aa61-1d8677ab7c49:group-420B97D8551B:LeaderElection50] INFO  server.RaftServerConfigKeys (ConfUtils.java:logGet(43)) - raft.server.watch.element-limit = 65536 (default)
2019-09-12 11:40:38,599 [4255b290-7b6d-420f-97e2-6dfb55690bab:group-07CD55941DFC:LeaderElection48] INFO  server.RaftServerConfigKeys (ConfUtils.java:logGet(43)) - raft.server.watch.element-limit = 65536 (default)
2019-09-12 11:40:38,599 [8668900b-06f4-40f9-8926-68eb6348aa5d:group-B270613A25B2:LeaderElection49] INFO  impl.RaftServerImpl (ServerState.java:setRaftConf(361)) - 8668900b-06f4-40f9-8926-68eb6348aa5d:group-B270613A25B2 set configuration 0: [8668900b-06f4-40f9-8926-68eb6348aa5d:192.168.157.195:38608], old=null at 0
2019-09-12 11:40:38,599 [4255b290-7b6d-420f-97e2-6dfb55690bab:group-07CD55941DFC:LeaderElection48] INFO  impl.RoleInfo (RoleInfo.java:updateAndGet(143)) - 4255b290-7b6d-420f-97e2-6dfb55690bab: start LeaderState
2019-09-12 11:40:38,599 [b5e361a7-9275-4b10-aa61-1d8677ab7c49:group-420B97D8551B:LeaderElection50] INFO  impl.RoleInfo (RoleInfo.java:updateAndGet(143)) - b5e361a7-9275-4b10-aa61-1d8677ab7c49: start LeaderState
2019-09-12 11:40:38,599 [4255b290-7b6d-420f-97e2-6dfb55690bab:group-07CD55941DFC:LeaderElection48] INFO  segmented.SegmentedRaftLogWorker (SegmentedRaftLogWorker.java:startLogSegment(380)) - 4255b290-7b6d-420f-97e2-6dfb55690bab-SegmentedRaftLogWorker:Storage Directory /workdir/hadoop-ozone/ozonefs/target/test-dir/MiniOzoneClusterImpl-3f0ffa95-bfc9-4a1c-9a47-ff24715a0622/datanode-6/data/ratis/0486ff61-cdfe-4815-ab34-07cd55941dfc: Starting segment from index:0
2019-09-12 11:40:38,599 [b5e361a7-9275-4b10-aa61-1d8677ab7c49:group-420B97D8551B:LeaderElection50] INFO  segmented.SegmentedRaftLogWorker (SegmentedRaftLogWorker.java:startLogSegment(380)) - b5e361a7-9275-4b10-aa61-1d8677ab7c49-SegmentedRaftLogWorker:Storage Directory /workdir/hadoop-ozone/ozonefs/target/test-dir/MiniOzoneClusterImpl-3f0ffa95-bfc9-4a1c-9a47-ff24715a0622/datanode-8/data/ratis/fb668759-bb1e-4794-bc84-420b97d8551b: Starting segment from index:0
2019-09-12 11:40:38,600 [4255b290-7b6d-420f-97e2-6dfb55690bab:group-07CD55941DFC:LeaderElection48] INFO  impl.RaftServerImpl (ServerState.java:setRaftConf(361)) - 4255b290-7b6d-420f-97e2-6dfb55690bab:group-07CD55941DFC set configuration 0: [4255b290-7b6d-420f-97e2-6dfb55690bab:192.168.157.195:45659], old=null at 0
2019-09-12 11:40:38,600 [b5e361a7-9275-4b10-aa61-1d8677ab7c49:group-420B97D8551B:LeaderElection50] INFO  impl.RaftServerImpl (ServerState.java:setRaftConf(361)) - b5e361a7-9275-4b10-aa61-1d8677ab7c49:group-420B97D8551B set configuration 0: [b5e361a7-9275-4b10-aa61-1d8677ab7c49:192.168.157.195:40278], old=null at 0
2019-09-12 11:40:38,604 | INFO  | SCMAudit | user=jenkins1000 | ip=192.168.157.195 | op=SEND_HEARTBEAT {datanodeUUID=2da31971-fd5c-4baf-8dfe-b6048362baf8, command=[]} | ret=SUCCESS |  
2019-09-12 11:40:38,625 [Thread-438] INFO  impl.FollowerState (FollowerState.java:run(106)) - 8668900b-06f4-40f9-8926-68eb6348aa5d:group-EAD92128E0B6 changes to CANDIDATE, lastRpcTime:5031, electionTimeout:5031ms
2019-09-12 11:40:38,626 [Thread-438] INFO  impl.RoleInfo (RoleInfo.java:shutdownFollowerState(121)) - 8668900b-06f4-40f9-8926-68eb6348aa5d: shutdown FollowerState
2019-09-12 11:40:38,626 [Thread-438] INFO  impl.RaftServerImpl (RaftServerImpl.java:setRole(171)) - 8668900b-06f4-40f9-8926-68eb6348aa5d:group-EAD92128E0B6 changes role from FOLLOWER to CANDIDATE at term 0 for changeToCandidate
2019-09-12 11:40:38,626 [Thread-438] INFO  impl.RoleInfo (RoleInfo.java:updateAndGet(143)) - 8668900b-06f4-40f9-8926-68eb6348aa5d: start LeaderElection
2019-09-12 11:40:38,639 [8668900b-06f4-40f9-8926-68eb6348aa5d-SegmentedRaftLogWorker:Storage Directory /workdir/hadoop-ozone/ozonefs/target/test-dir/MiniOzoneClusterImpl-3f0ffa95-bfc9-4a1c-9a47-ff24715a0622/datanode-7/data/ratis/8415a60e-7d02-4ab8-8c7f-b270613a25b2] INFO  segmented.SegmentedRaftLogWorker (SegmentedRaftLogWorker.java:execute(569)) - 8668900b-06f4-40f9-8926-68eb6348aa5d-SegmentedRaftLogWorker:Storage Directory /workdir/hadoop-ozone/ozonefs/target/test-dir/MiniOzoneClusterImpl-3f0ffa95-bfc9-4a1c-9a47-ff24715a0622/datanode-7/data/ratis/8415a60e-7d02-4ab8-8c7f-b270613a25b2: created new log segment /workdir/hadoop-ozone/ozonefs/target/test-dir/MiniOzoneClusterImpl-3f0ffa95-bfc9-4a1c-9a47-ff24715a0622/datanode-7/data/ratis/8415a60e-7d02-4ab8-8c7f-b270613a25b2/current/log_inprogress_0
2019-09-12 11:40:38,639 [b5e361a7-9275-4b10-aa61-1d8677ab7c49-SegmentedRaftLogWorker:Storage Directory /workdir/hadoop-ozone/ozonefs/target/test-dir/MiniOzoneClusterImpl-3f0ffa95-bfc9-4a1c-9a47-ff24715a0622/datanode-8/data/ratis/fb668759-bb1e-4794-bc84-420b97d8551b] INFO  segmented.SegmentedRaftLogWorker (SegmentedRaftLogWorker.java:execute(569)) - b5e361a7-9275-4b10-aa61-1d8677ab7c49-SegmentedRaftLogWorker:Storage Directory /workdir/hadoop-ozone/ozonefs/target/test-dir/MiniOzoneClusterImpl-3f0ffa95-bfc9-4a1c-9a47-ff24715a0622/datanode-8/data/ratis/fb668759-bb1e-4794-bc84-420b97d8551b: created new log segment /workdir/hadoop-ozone/ozonefs/target/test-dir/MiniOzoneClusterImpl-3f0ffa95-bfc9-4a1c-9a47-ff24715a0622/datanode-8/data/ratis/fb668759-bb1e-4794-bc84-420b97d8551b/current/log_inprogress_0
2019-09-12 11:40:38,639 [4255b290-7b6d-420f-97e2-6dfb55690bab-SegmentedRaftLogWorker:Storage Directory /workdir/hadoop-ozone/ozonefs/target/test-dir/MiniOzoneClusterImpl-3f0ffa95-bfc9-4a1c-9a47-ff24715a0622/datanode-6/data/ratis/0486ff61-cdfe-4815-ab34-07cd55941dfc] INFO  segmented.SegmentedRaftLogWorker (SegmentedRaftLogWorker.java:execute(569)) - 4255b290-7b6d-420f-97e2-6dfb55690bab-SegmentedRaftLogWorker:Storage Directory /workdir/hadoop-ozone/ozonefs/target/test-dir/MiniOzoneClusterImpl-3f0ffa95-bfc9-4a1c-9a47-ff24715a0622/datanode-6/data/ratis/0486ff61-cdfe-4815-ab34-07cd55941dfc: created new log segment /workdir/hadoop-ozone/ozonefs/target/test-dir/MiniOzoneClusterImpl-3f0ffa95-bfc9-4a1c-9a47-ff24715a0622/datanode-6/data/ratis/0486ff61-cdfe-4815-ab34-07cd55941dfc/current/log_inprogress_0
2019-09-12 11:40:38,639 [8668900b-06f4-40f9-8926-68eb6348aa5d:group-EAD92128E0B6:LeaderElection51] INFO  impl.LeaderElection (LeaderElection.java:askForVotes(181)) - 8668900b-06f4-40f9-8926-68eb6348aa5d:group-EAD92128E0B6:LeaderElection51: begin an election at term 1 for -1: [8668900b-06f4-40f9-8926-68eb6348aa5d:192.168.157.195:38608], old=null
2019-09-12 11:40:38,640 [8668900b-06f4-40f9-8926-68eb6348aa5d:group-EAD92128E0B6:LeaderElection51] INFO  impl.RoleInfo (RoleInfo.java:shutdownLeaderElection(134)) - 8668900b-06f4-40f9-8926-68eb6348aa5d: shutdown LeaderElection
2019-09-12 11:40:38,640 [8668900b-06f4-40f9-8926-68eb6348aa5d:group-EAD92128E0B6:LeaderElection51] INFO  impl.RaftServerImpl (RaftServerImpl.java:setRole(171)) - 8668900b-06f4-40f9-8926-68eb6348aa5d:group-EAD92128E0B6 changes role from CANDIDATE to LEADER at term 1 for changeToLeader
2019-09-12 11:40:38,640 [8668900b-06f4-40f9-8926-68eb6348aa5d:group-EAD92128E0B6:LeaderElection51] INFO  impl.RaftServerImpl (ServerState.java:setLeader(263)) - 8668900b-06f4-40f9-8926-68eb6348aa5d:group-EAD92128E0B6 change Leader from null to 8668900b-06f4-40f9-8926-68eb6348aa5d at term 1 for becomeLeader, leader elected after 5050ms
2019-09-12 11:40:38,640 [8668900b-06f4-40f9-8926-68eb6348aa5d:group-EAD92128E0B6:LeaderElection51] INFO  server.RaftServerConfigKeys (ConfUtils.java:logGet(43)) - raft.server.staging.catchup.gap = 1000 (default)
2019-09-12 11:40:38,640 [8668900b-06f4-40f9-8926-68eb6348aa5d:group-EAD92128E0B6:LeaderElection51] INFO  server.RaftServerConfigKeys (ConfUtils.java:logGet(43)) - raft.server.rpc.sleep.time = 25ms (default)
2019-09-12 11:40:38,640 [8668900b-06f4-40f9-8926-68eb6348aa5d:group-EAD92128E0B6:LeaderElection51] INFO  server.RaftServerConfigKeys (ConfUtils.java:logGet(43)) - raft.server.write.element-limit = 4096 (default)
2019-09-12 11:40:38,640 [8668900b-06f4-40f9-8926-68eb6348aa5d:group-EAD92128E0B6:LeaderElection51] INFO  server.RaftServerConfigKeys (ConfUtils.java:logGet(43)) - raft.server.watch.timeout = 10s (default)
2019-09-12 11:40:38,641 [8668900b-06f4-40f9-8926-68eb6348aa5d:group-EAD92128E0B6:LeaderElection51] INFO  server.RaftServerConfigKeys (ConfUtils.java:logGet(43)) - raft.server.watch.timeout.denomination = 1s (default)
2019-09-12 11:40:38,641 [8668900b-06f4-40f9-8926-68eb6348aa5d:group-EAD92128E0B6:LeaderElection51] INFO  server.RaftServerConfigKeys (ConfUtils.java:logGet(43)) - raft.server.watch.element-limit = 65536 (default)
2019-09-12 11:40:38,641 [8668900b-06f4-40f9-8926-68eb6348aa5d:group-EAD92128E0B6:LeaderElection51] INFO  impl.RoleInfo (RoleInfo.java:updateAndGet(143)) - 8668900b-06f4-40f9-8926-68eb6348aa5d: start LeaderState
2019-09-12 11:40:38,641 [8668900b-06f4-40f9-8926-68eb6348aa5d:group-EAD92128E0B6:LeaderElection51] INFO  segmented.SegmentedRaftLogWorker (SegmentedRaftLogWorker.java:startLogSegment(380)) - 8668900b-06f4-40f9-8926-68eb6348aa5d-SegmentedRaftLogWorker:Storage Directory /workdir/hadoop-ozone/ozonefs/target/test-dir/MiniOzoneClusterImpl-3f0ffa95-bfc9-4a1c-9a47-ff24715a0622/datanode-7/data/ratis/b976aa1b-0529-48a3-9893-ead92128e0b6: Starting segment from index:0
2019-09-12 11:40:38,642 [8668900b-06f4-40f9-8926-68eb6348aa5d:group-EAD92128E0B6:LeaderElection51] INFO  impl.RaftServerImpl (ServerState.java:setRaftConf(361)) - 8668900b-06f4-40f9-8926-68eb6348aa5d:group-EAD92128E0B6 set configuration 0: [8668900b-06f4-40f9-8926-68eb6348aa5d:192.168.157.195:38608], old=null at 0
2019-09-12 11:40:38,662 | INFO  | SCMAudit | user=jenkins1000 | ip=192.168.157.195 | op=SEND_HEARTBEAT {datanodeUUID=dbf859ef-0f75-4843-8536-03105c97857a, command=[]} | ret=SUCCESS |  
2019-09-12 11:40:38,678 [8668900b-06f4-40f9-8926-68eb6348aa5d-SegmentedRaftLogWorker:Storage Directory /workdir/hadoop-ozone/ozonefs/target/test-dir/MiniOzoneClusterImpl-3f0ffa95-bfc9-4a1c-9a47-ff24715a0622/datanode-7/data/ratis/b976aa1b-0529-48a3-9893-ead92128e0b6] INFO  segmented.SegmentedRaftLogWorker (SegmentedRaftLogWorker.java:execute(569)) - 8668900b-06f4-40f9-8926-68eb6348aa5d-SegmentedRaftLogWorker:Storage Directory /workdir/hadoop-ozone/ozonefs/target/test-dir/MiniOzoneClusterImpl-3f0ffa95-bfc9-4a1c-9a47-ff24715a0622/datanode-7/data/ratis/b976aa1b-0529-48a3-9893-ead92128e0b6: created new log segment /workdir/hadoop-ozone/ozonefs/target/test-dir/MiniOzoneClusterImpl-3f0ffa95-bfc9-4a1c-9a47-ff24715a0622/datanode-7/data/ratis/b976aa1b-0529-48a3-9893-ead92128e0b6/current/log_inprogress_0
2019-09-12 11:40:38,718 [Thread-441] INFO  impl.FollowerState (FollowerState.java:run(106)) - b5e361a7-9275-4b10-aa61-1d8677ab7c49:group-1D64220CD5B5 changes to CANDIDATE, lastRpcTime:5083, electionTimeout:5083ms
2019-09-12 11:40:38,718 [Thread-441] INFO  impl.RoleInfo (RoleInfo.java:shutdownFollowerState(121)) - b5e361a7-9275-4b10-aa61-1d8677ab7c49: shutdown FollowerState
2019-09-12 11:40:38,718 [Thread-441] INFO  impl.RaftServerImpl (RaftServerImpl.java:setRole(171)) - b5e361a7-9275-4b10-aa61-1d8677ab7c49:group-1D64220CD5B5 changes role from FOLLOWER to CANDIDATE at term 0 for changeToCandidate
2019-09-12 11:40:38,718 [Thread-441] INFO  impl.RoleInfo (RoleInfo.java:updateAndGet(143)) - b5e361a7-9275-4b10-aa61-1d8677ab7c49: start LeaderElection
2019-09-12 11:40:38,732 [b5e361a7-9275-4b10-aa61-1d8677ab7c49:group-1D64220CD5B5:LeaderElection52] INFO  impl.LeaderElection (LeaderElection.java:askForVotes(181)) - b5e361a7-9275-4b10-aa61-1d8677ab7c49:group-1D64220CD5B5:LeaderElection52: begin an election at term 1 for -1: [b5e361a7-9275-4b10-aa61-1d8677ab7c49:192.168.157.195:40278], old=null
2019-09-12 11:40:38,732 [b5e361a7-9275-4b10-aa61-1d8677ab7c49:group-1D64220CD5B5:LeaderElection52] INFO  impl.RoleInfo (RoleInfo.java:shutdownLeaderElection(134)) - b5e361a7-9275-4b10-aa61-1d8677ab7c49: shutdown LeaderElection
2019-09-12 11:40:38,732 [b5e361a7-9275-4b10-aa61-1d8677ab7c49:group-1D64220CD5B5:LeaderElection52] INFO  impl.RaftServerImpl (RaftServerImpl.java:setRole(171)) - b5e361a7-9275-4b10-aa61-1d8677ab7c49:group-1D64220CD5B5 changes role from CANDIDATE to LEADER at term 1 for changeToLeader
2019-09-12 11:40:38,732 [b5e361a7-9275-4b10-aa61-1d8677ab7c49:group-1D64220CD5B5:LeaderElection52] INFO  impl.RaftServerImpl (ServerState.java:setLeader(263)) - b5e361a7-9275-4b10-aa61-1d8677ab7c49:group-1D64220CD5B5 change Leader from null to b5e361a7-9275-4b10-aa61-1d8677ab7c49 at term 1 for becomeLeader, leader elected after 5100ms
2019-09-12 11:40:38,732 [b5e361a7-9275-4b10-aa61-1d8677ab7c49:group-1D64220CD5B5:LeaderElection52] INFO  server.RaftServerConfigKeys (ConfUtils.java:logGet(43)) - raft.server.staging.catchup.gap = 1000 (default)
2019-09-12 11:40:38,733 [b5e361a7-9275-4b10-aa61-1d8677ab7c49:group-1D64220CD5B5:LeaderElection52] INFO  server.RaftServerConfigKeys (ConfUtils.java:logGet(43)) - raft.server.rpc.sleep.time = 25ms (default)
2019-09-12 11:40:38,733 [b5e361a7-9275-4b10-aa61-1d8677ab7c49:group-1D64220CD5B5:LeaderElection52] INFO  server.RaftServerConfigKeys (ConfUtils.java:logGet(43)) - raft.server.write.element-limit = 4096 (default)
2019-09-12 11:40:38,733 [b5e361a7-9275-4b10-aa61-1d8677ab7c49:group-1D64220CD5B5:LeaderElection52] INFO  server.RaftServerConfigKeys (ConfUtils.java:logGet(43)) - raft.server.watch.timeout = 10s (default)
2019-09-12 11:40:38,733 [b5e361a7-9275-4b10-aa61-1d8677ab7c49:group-1D64220CD5B5:LeaderElection52] INFO  server.RaftServerConfigKeys (ConfUtils.java:logGet(43)) - raft.server.watch.timeout.denomination = 1s (default)
2019-09-12 11:40:38,733 [b5e361a7-9275-4b10-aa61-1d8677ab7c49:group-1D64220CD5B5:LeaderElection52] INFO  server.RaftServerConfigKeys (ConfUtils.java:logGet(43)) - raft.server.watch.element-limit = 65536 (default)
2019-09-12 11:40:38,733 [b5e361a7-9275-4b10-aa61-1d8677ab7c49:group-1D64220CD5B5:LeaderElection52] INFO  impl.RoleInfo (RoleInfo.java:updateAndGet(143)) - b5e361a7-9275-4b10-aa61-1d8677ab7c49: start LeaderState
2019-09-12 11:40:38,734 [b5e361a7-9275-4b10-aa61-1d8677ab7c49:group-1D64220CD5B5:LeaderElection52] INFO  segmented.SegmentedRaftLogWorker (SegmentedRaftLogWorker.java:startLogSegment(380)) - b5e361a7-9275-4b10-aa61-1d8677ab7c49-SegmentedRaftLogWorker:Storage Directory /workdir/hadoop-ozone/ozonefs/target/test-dir/MiniOzoneClusterImpl-3f0ffa95-bfc9-4a1c-9a47-ff24715a0622/datanode-8/data/ratis/5fb8a087-ae53-495c-83d2-1d64220cd5b5: Starting segment from index:0
2019-09-12 11:40:38,734 [b5e361a7-9275-4b10-aa61-1d8677ab7c49:group-1D64220CD5B5:LeaderElection52] INFO  impl.RaftServerImpl (ServerState.java:setRaftConf(361)) - b5e361a7-9275-4b10-aa61-1d8677ab7c49:group-1D64220CD5B5 set configuration 0: [b5e361a7-9275-4b10-aa61-1d8677ab7c49:192.168.157.195:40278], old=null at 0
2019-09-12 11:40:38,753 | INFO  | SCMAudit | user=jenkins1000 | ip=192.168.157.195 | op=SEND_HEARTBEAT {datanodeUUID=875e3d5e-0813-40b8-b024-43837dd2f6d5, command=[]} | ret=SUCCESS |  
2019-09-12 11:40:38,780 [b5e361a7-9275-4b10-aa61-1d8677ab7c49-SegmentedRaftLogWorker:Storage Directory /workdir/hadoop-ozone/ozonefs/target/test-dir/MiniOzoneClusterImpl-3f0ffa95-bfc9-4a1c-9a47-ff24715a0622/datanode-8/data/ratis/5fb8a087-ae53-495c-83d2-1d64220cd5b5] INFO  segmented.SegmentedRaftLogWorker (SegmentedRaftLogWorker.java:execute(569)) - b5e361a7-9275-4b10-aa61-1d8677ab7c49-SegmentedRaftLogWorker:Storage Directory /workdir/hadoop-ozone/ozonefs/target/test-dir/MiniOzoneClusterImpl-3f0ffa95-bfc9-4a1c-9a47-ff24715a0622/datanode-8/data/ratis/5fb8a087-ae53-495c-83d2-1d64220cd5b5: created new log segment /workdir/hadoop-ozone/ozonefs/target/test-dir/MiniOzoneClusterImpl-3f0ffa95-bfc9-4a1c-9a47-ff24715a0622/datanode-8/data/ratis/5fb8a087-ae53-495c-83d2-1d64220cd5b5/current/log_inprogress_0
2019-09-12 11:40:38,803 [Thread-444] INFO  impl.FollowerState (FollowerState.java:run(106)) - 4255b290-7b6d-420f-97e2-6dfb55690bab:group-5E15922F14B8 changes to CANDIDATE, lastRpcTime:5126, electionTimeout:5126ms
2019-09-12 11:40:38,803 [Thread-444] INFO  impl.RoleInfo (RoleInfo.java:shutdownFollowerState(121)) - 4255b290-7b6d-420f-97e2-6dfb55690bab: shutdown FollowerState
2019-09-12 11:40:38,803 [Thread-444] INFO  impl.RaftServerImpl (RaftServerImpl.java:setRole(171)) - 4255b290-7b6d-420f-97e2-6dfb55690bab:group-5E15922F14B8 changes role from FOLLOWER to CANDIDATE at term 0 for changeToCandidate
2019-09-12 11:40:38,803 [Thread-444] INFO  impl.RoleInfo (RoleInfo.java:updateAndGet(143)) - 4255b290-7b6d-420f-97e2-6dfb55690bab: start LeaderElection
2019-09-12 11:40:38,817 [4255b290-7b6d-420f-97e2-6dfb55690bab:group-5E15922F14B8:LeaderElection53] INFO  impl.LeaderElection (LeaderElection.java:askForVotes(181)) - 4255b290-7b6d-420f-97e2-6dfb55690bab:group-5E15922F14B8:LeaderElection53: begin an election at term 1 for -1: [4255b290-7b6d-420f-97e2-6dfb55690bab:192.168.157.195:45659], old=null
2019-09-12 11:40:38,817 [4255b290-7b6d-420f-97e2-6dfb55690bab:group-5E15922F14B8:LeaderElection53] INFO  impl.RoleInfo (RoleInfo.java:shutdownLeaderElection(134)) - 4255b290-7b6d-420f-97e2-6dfb55690bab: shutdown LeaderElection
2019-09-12 11:40:38,817 [4255b290-7b6d-420f-97e2-6dfb55690bab:group-5E15922F14B8:LeaderElection53] INFO  impl.RaftServerImpl (RaftServerImpl.java:setRole(171)) - 4255b290-7b6d-420f-97e2-6dfb55690bab:group-5E15922F14B8 changes role from CANDIDATE to LEADER at term 1 for changeToLeader
2019-09-12 11:40:38,817 [4255b290-7b6d-420f-97e2-6dfb55690bab:group-5E15922F14B8:LeaderElection53] INFO  impl.RaftServerImpl (ServerState.java:setLeader(263)) - 4255b290-7b6d-420f-97e2-6dfb55690bab:group-5E15922F14B8 change Leader from null to 4255b290-7b6d-420f-97e2-6dfb55690bab at term 1 for becomeLeader, leader elected after 5143ms
2019-09-12 11:40:38,817 [4255b290-7b6d-420f-97e2-6dfb55690bab:group-5E15922F14B8:LeaderElection53] INFO  server.RaftServerConfigKeys (ConfUtils.java:logGet(43)) - raft.server.staging.catchup.gap = 1000 (default)
2019-09-12 11:40:38,817 [4255b290-7b6d-420f-97e2-6dfb55690bab:group-5E15922F14B8:LeaderElection53] INFO  server.RaftServerConfigKeys (ConfUtils.java:logGet(43)) - raft.server.rpc.sleep.time = 25ms (default)
2019-09-12 11:40:38,817 [4255b290-7b6d-420f-97e2-6dfb55690bab:group-5E15922F14B8:LeaderElection53] INFO  server.RaftServerConfigKeys (ConfUtils.java:logGet(43)) - raft.server.write.element-limit = 4096 (default)
2019-09-12 11:40:38,818 [4255b290-7b6d-420f-97e2-6dfb55690bab:group-5E15922F14B8:LeaderElection53] INFO  server.RaftServerConfigKeys (ConfUtils.java:logGet(43)) - raft.server.watch.timeout = 10s (default)
2019-09-12 11:40:38,818 [4255b290-7b6d-420f-97e2-6dfb55690bab:group-5E15922F14B8:LeaderElection53] INFO  server.RaftServerConfigKeys (ConfUtils.java:logGet(43)) - raft.server.watch.timeout.denomination = 1s (default)
2019-09-12 11:40:38,818 [4255b290-7b6d-420f-97e2-6dfb55690bab:group-5E15922F14B8:LeaderElection53] INFO  server.RaftServerConfigKeys (ConfUtils.java:logGet(43)) - raft.server.watch.element-limit = 65536 (default)
2019-09-12 11:40:38,818 [4255b290-7b6d-420f-97e2-6dfb55690bab:group-5E15922F14B8:LeaderElection53] INFO  impl.RoleInfo (RoleInfo.java:updateAndGet(143)) - 4255b290-7b6d-420f-97e2-6dfb55690bab: start LeaderState
2019-09-12 11:40:38,818 [4255b290-7b6d-420f-97e2-6dfb55690bab:group-5E15922F14B8:LeaderElection53] INFO  segmented.SegmentedRaftLogWorker (SegmentedRaftLogWorker.java:startLogSegment(380)) - 4255b290-7b6d-420f-97e2-6dfb55690bab-SegmentedRaftLogWorker:Storage Directory /workdir/hadoop-ozone/ozonefs/target/test-dir/MiniOzoneClusterImpl-3f0ffa95-bfc9-4a1c-9a47-ff24715a0622/datanode-6/data/ratis/846d4f30-8c6c-46be-8a74-5e15922f14b8: Starting segment from index:0
2019-09-12 11:40:38,819 [4255b290-7b6d-420f-97e2-6dfb55690bab:group-5E15922F14B8:LeaderElection53] INFO  impl.RaftServerImpl (ServerState.java:setRaftConf(361)) - 4255b290-7b6d-420f-97e2-6dfb55690bab:group-5E15922F14B8 set configuration 0: [4255b290-7b6d-420f-97e2-6dfb55690bab:192.168.157.195:45659], old=null at 0
2019-09-12 11:40:38,873 [4255b290-7b6d-420f-97e2-6dfb55690bab-SegmentedRaftLogWorker:Storage Directory /workdir/hadoop-ozone/ozonefs/target/test-dir/MiniOzoneClusterImpl-3f0ffa95-bfc9-4a1c-9a47-ff24715a0622/datanode-6/data/ratis/846d4f30-8c6c-46be-8a74-5e15922f14b8] INFO  segmented.SegmentedRaftLogWorker (SegmentedRaftLogWorker.java:execute(569)) - 4255b290-7b6d-420f-97e2-6dfb55690bab-SegmentedRaftLogWorker:Storage Directory /workdir/hadoop-ozone/ozonefs/target/test-dir/MiniOzoneClusterImpl-3f0ffa95-bfc9-4a1c-9a47-ff24715a0622/datanode-6/data/ratis/846d4f30-8c6c-46be-8a74-5e15922f14b8: created new log segment /workdir/hadoop-ozone/ozonefs/target/test-dir/MiniOzoneClusterImpl-3f0ffa95-bfc9-4a1c-9a47-ff24715a0622/datanode-6/data/ratis/846d4f30-8c6c-46be-8a74-5e15922f14b8/current/log_inprogress_0
2019-09-12 11:40:38,882 [Thread-447] INFO  impl.FollowerState (FollowerState.java:run(106)) - b5e361a7-9275-4b10-aa61-1d8677ab7c49:group-A3765296A424 changes to CANDIDATE, lastRpcTime:5158, electionTimeout:5157ms
2019-09-12 11:40:38,882 [Thread-447] INFO  impl.RoleInfo (RoleInfo.java:shutdownFollowerState(121)) - b5e361a7-9275-4b10-aa61-1d8677ab7c49: shutdown FollowerState
2019-09-12 11:40:38,882 [Thread-447] INFO  impl.RaftServerImpl (RaftServerImpl.java:setRole(171)) - b5e361a7-9275-4b10-aa61-1d8677ab7c49:group-A3765296A424 changes role from FOLLOWER to CANDIDATE at term 0 for changeToCandidate
2019-09-12 11:40:38,883 [Thread-447] INFO  impl.RoleInfo (RoleInfo.java:updateAndGet(143)) - b5e361a7-9275-4b10-aa61-1d8677ab7c49: start LeaderElection
2019-09-12 11:40:38,887 [b5e361a7-9275-4b10-aa61-1d8677ab7c49:group-A3765296A424:LeaderElection54] INFO  impl.LeaderElection (LeaderElection.java:askForVotes(181)) - b5e361a7-9275-4b10-aa61-1d8677ab7c49:group-A3765296A424:LeaderElection54: begin an election at term 1 for -1: [b5e361a7-9275-4b10-aa61-1d8677ab7c49:192.168.157.195:40278], old=null
2019-09-12 11:40:38,887 [b5e361a7-9275-4b10-aa61-1d8677ab7c49:group-A3765296A424:LeaderElection54] INFO  impl.RoleInfo (RoleInfo.java:shutdownLeaderElection(134)) - b5e361a7-9275-4b10-aa61-1d8677ab7c49: shutdown LeaderElection
2019-09-12 11:40:38,887 [b5e361a7-9275-4b10-aa61-1d8677ab7c49:group-A3765296A424:LeaderElection54] INFO  impl.RaftServerImpl (RaftServerImpl.java:setRole(171)) - b5e361a7-9275-4b10-aa61-1d8677ab7c49:group-A3765296A424 changes role from CANDIDATE to LEADER at term 1 for changeToLeader
2019-09-12 11:40:38,888 [b5e361a7-9275-4b10-aa61-1d8677ab7c49:group-A3765296A424:LeaderElection54] INFO  impl.RaftServerImpl (ServerState.java:setLeader(263)) - b5e361a7-9275-4b10-aa61-1d8677ab7c49:group-A3765296A424 change Leader from null to b5e361a7-9275-4b10-aa61-1d8677ab7c49 at term 1 for becomeLeader, leader elected after 5166ms
2019-09-12 11:40:38,888 [b5e361a7-9275-4b10-aa61-1d8677ab7c49:group-A3765296A424:LeaderElection54] INFO  server.RaftServerConfigKeys (ConfUtils.java:logGet(43)) - raft.server.staging.catchup.gap = 1000 (default)
2019-09-12 11:40:38,888 [b5e361a7-9275-4b10-aa61-1d8677ab7c49:group-A3765296A424:LeaderElection54] INFO  server.RaftServerConfigKeys (ConfUtils.java:logGet(43)) - raft.server.rpc.sleep.time = 25ms (default)
2019-09-12 11:40:38,888 [b5e361a7-9275-4b10-aa61-1d8677ab7c49:group-A3765296A424:LeaderElection54] INFO  server.RaftServerConfigKeys (ConfUtils.java:logGet(43)) - raft.server.write.element-limit = 4096 (default)
2019-09-12 11:40:38,888 [b5e361a7-9275-4b10-aa61-1d8677ab7c49:group-A3765296A424:LeaderElection54] INFO  server.RaftServerConfigKeys (ConfUtils.java:logGet(43)) - raft.server.watch.timeout = 10s (default)
2019-09-12 11:40:38,888 [b5e361a7-9275-4b10-aa61-1d8677ab7c49:group-A3765296A424:LeaderElection54] INFO  server.RaftServerConfigKeys (ConfUtils.java:logGet(43)) - raft.server.watch.timeout.denomination = 1s (default)
2019-09-12 11:40:38,889 [b5e361a7-9275-4b10-aa61-1d8677ab7c49:group-A3765296A424:LeaderElection54] INFO  server.RaftServerConfigKeys (ConfUtils.java:logGet(43)) - raft.server.watch.element-limit = 65536 (default)
2019-09-12 11:40:38,889 [b5e361a7-9275-4b10-aa61-1d8677ab7c49:group-A3765296A424:LeaderElection54] INFO  impl.RoleInfo (RoleInfo.java:updateAndGet(143)) - b5e361a7-9275-4b10-aa61-1d8677ab7c49: start LeaderState
2019-09-12 11:40:38,889 [b5e361a7-9275-4b10-aa61-1d8677ab7c49:group-A3765296A424:LeaderElection54] INFO  segmented.SegmentedRaftLogWorker (SegmentedRaftLogWorker.java:startLogSegment(380)) - b5e361a7-9275-4b10-aa61-1d8677ab7c49-SegmentedRaftLogWorker:Storage Directory /workdir/hadoop-ozone/ozonefs/target/test-dir/MiniOzoneClusterImpl-3f0ffa95-bfc9-4a1c-9a47-ff24715a0622/datanode-8/data/ratis/1a4f9f02-ea0d-43ca-a4c4-a3765296a424: Starting segment from index:0
2019-09-12 11:40:38,890 [b5e361a7-9275-4b10-aa61-1d8677ab7c49:group-A3765296A424:LeaderElection54] INFO  impl.RaftServerImpl (ServerState.java:setRaftConf(361)) - b5e361a7-9275-4b10-aa61-1d8677ab7c49:group-A3765296A424 set configuration 0: [b5e361a7-9275-4b10-aa61-1d8677ab7c49:192.168.157.195:40278], old=null at 0
2019-09-12 11:40:38,930 [b5e361a7-9275-4b10-aa61-1d8677ab7c49-SegmentedRaftLogWorker:Storage Directory /workdir/hadoop-ozone/ozonefs/target/test-dir/MiniOzoneClusterImpl-3f0ffa95-bfc9-4a1c-9a47-ff24715a0622/datanode-8/data/ratis/1a4f9f02-ea0d-43ca-a4c4-a3765296a424] INFO  segmented.SegmentedRaftLogWorker (SegmentedRaftLogWorker.java:execute(569)) - b5e361a7-9275-4b10-aa61-1d8677ab7c49-SegmentedRaftLogWorker:Storage Directory /workdir/hadoop-ozone/ozonefs/target/test-dir/MiniOzoneClusterImpl-3f0ffa95-bfc9-4a1c-9a47-ff24715a0622/datanode-8/data/ratis/1a4f9f02-ea0d-43ca-a4c4-a3765296a424: created new log segment /workdir/hadoop-ozone/ozonefs/target/test-dir/MiniOzoneClusterImpl-3f0ffa95-bfc9-4a1c-9a47-ff24715a0622/datanode-8/data/ratis/1a4f9f02-ea0d-43ca-a4c4-a3765296a424/current/log_inprogress_0
2019-09-12 11:40:38,931 [Thread-450] INFO  impl.FollowerState (FollowerState.java:run(106)) - dbf859ef-0f75-4843-8536-03105c97857a:group-DA4A6A84E4A9 changes to CANDIDATE, lastRpcTime:5158, electionTimeout:5158ms
2019-09-12 11:40:38,931 [Thread-450] INFO  impl.RoleInfo (RoleInfo.java:shutdownFollowerState(121)) - dbf859ef-0f75-4843-8536-03105c97857a: shutdown FollowerState
2019-09-12 11:40:38,931 [Thread-450] INFO  impl.RaftServerImpl (RaftServerImpl.java:setRole(171)) - dbf859ef-0f75-4843-8536-03105c97857a:group-DA4A6A84E4A9 changes role from FOLLOWER to CANDIDATE at term 0 for changeToCandidate
2019-09-12 11:40:38,931 [Thread-450] INFO  impl.RoleInfo (RoleInfo.java:updateAndGet(143)) - dbf859ef-0f75-4843-8536-03105c97857a: start LeaderElection
2019-09-12 11:40:38,934 [Thread-456] INFO  impl.FollowerState (FollowerState.java:run(106)) - dbf859ef-0f75-4843-8536-03105c97857a:group-73238FA741EA changes to CANDIDATE, lastRpcTime:5076, electionTimeout:5076ms
2019-09-12 11:40:38,935 [Thread-456] INFO  impl.RoleInfo (RoleInfo.java:shutdownFollowerState(121)) - dbf859ef-0f75-4843-8536-03105c97857a: shutdown FollowerState
2019-09-12 11:40:38,935 [Thread-456] INFO  impl.RaftServerImpl (RaftServerImpl.java:setRole(171)) - dbf859ef-0f75-4843-8536-03105c97857a:group-73238FA741EA changes role from FOLLOWER to CANDIDATE at term 0 for changeToCandidate
2019-09-12 11:40:38,935 [Thread-456] INFO  impl.RoleInfo (RoleInfo.java:updateAndGet(143)) - dbf859ef-0f75-4843-8536-03105c97857a: start LeaderElection
2019-09-12 11:40:38,941 | INFO  | SCMAudit | user=jenkins1000 | ip=192.168.157.195 | op=SEND_HEARTBEAT {datanodeUUID=abc6f9f9-8862-43ee-ac13-b67e1574492b, command=[]} | ret=SUCCESS |  
2019-09-12 11:40:38,946 [dbf859ef-0f75-4843-8536-03105c97857a:group-DA4A6A84E4A9:LeaderElection55] INFO  impl.LeaderElection (LeaderElection.java:askForVotes(181)) - dbf859ef-0f75-4843-8536-03105c97857a:group-DA4A6A84E4A9:LeaderElection55: begin an election at term 1 for -1: [dbf859ef-0f75-4843-8536-03105c97857a:192.168.157.195:35030], old=null
2019-09-12 11:40:38,946 [dbf859ef-0f75-4843-8536-03105c97857a:group-73238FA741EA:LeaderElection56] INFO  impl.LeaderElection (LeaderElection.java:askForVotes(181)) - dbf859ef-0f75-4843-8536-03105c97857a:group-73238FA741EA:LeaderElection56: begin an election at term 1 for -1: [dbf859ef-0f75-4843-8536-03105c97857a:192.168.157.195:35030], old=null
2019-09-12 11:40:38,946 [dbf859ef-0f75-4843-8536-03105c97857a:group-DA4A6A84E4A9:LeaderElection55] INFO  impl.RoleInfo (RoleInfo.java:shutdownLeaderElection(134)) - dbf859ef-0f75-4843-8536-03105c97857a: shutdown LeaderElection
2019-09-12 11:40:38,946 [dbf859ef-0f75-4843-8536-03105c97857a:group-73238FA741EA:LeaderElection56] INFO  impl.RoleInfo (RoleInfo.java:shutdownLeaderElection(134)) - dbf859ef-0f75-4843-8536-03105c97857a: shutdown LeaderElection
2019-09-12 11:40:38,946 [dbf859ef-0f75-4843-8536-03105c97857a:group-DA4A6A84E4A9:LeaderElection55] INFO  impl.RaftServerImpl (RaftServerImpl.java:setRole(171)) - dbf859ef-0f75-4843-8536-03105c97857a:group-DA4A6A84E4A9 changes role from CANDIDATE to LEADER at term 1 for changeToLeader
2019-09-12 11:40:38,946 [dbf859ef-0f75-4843-8536-03105c97857a:group-73238FA741EA:LeaderElection56] INFO  impl.RaftServerImpl (RaftServerImpl.java:setRole(171)) - dbf859ef-0f75-4843-8536-03105c97857a:group-73238FA741EA changes role from CANDIDATE to LEADER at term 1 for changeToLeader
2019-09-12 11:40:38,946 [dbf859ef-0f75-4843-8536-03105c97857a:group-DA4A6A84E4A9:LeaderElection55] INFO  impl.RaftServerImpl (ServerState.java:setLeader(263)) - dbf859ef-0f75-4843-8536-03105c97857a:group-DA4A6A84E4A9 change Leader from null to dbf859ef-0f75-4843-8536-03105c97857a at term 1 for becomeLeader, leader elected after 5178ms
2019-09-12 11:40:38,946 [dbf859ef-0f75-4843-8536-03105c97857a:group-73238FA741EA:LeaderElection56] INFO  impl.RaftServerImpl (ServerState.java:setLeader(263)) - dbf859ef-0f75-4843-8536-03105c97857a:group-73238FA741EA change Leader from null to dbf859ef-0f75-4843-8536-03105c97857a at term 1 for becomeLeader, leader elected after 5092ms
2019-09-12 11:40:38,947 [dbf859ef-0f75-4843-8536-03105c97857a:group-73238FA741EA:LeaderElection56] INFO  server.RaftServerConfigKeys (ConfUtils.java:logGet(43)) - raft.server.staging.catchup.gap = 1000 (default)
2019-09-12 11:40:38,947 [dbf859ef-0f75-4843-8536-03105c97857a:group-DA4A6A84E4A9:LeaderElection55] INFO  server.RaftServerConfigKeys (ConfUtils.java:logGet(43)) - raft.server.staging.catchup.gap = 1000 (default)
2019-09-12 11:40:38,947 [dbf859ef-0f75-4843-8536-03105c97857a:group-73238FA741EA:LeaderElection56] INFO  server.RaftServerConfigKeys (ConfUtils.java:logGet(43)) - raft.server.rpc.sleep.time = 25ms (default)
2019-09-12 11:40:38,947 [dbf859ef-0f75-4843-8536-03105c97857a:group-DA4A6A84E4A9:LeaderElection55] INFO  server.RaftServerConfigKeys (ConfUtils.java:logGet(43)) - raft.server.rpc.sleep.time = 25ms (default)
2019-09-12 11:40:38,947 [dbf859ef-0f75-4843-8536-03105c97857a:group-73238FA741EA:LeaderElection56] INFO  server.RaftServerConfigKeys (ConfUtils.java:logGet(43)) - raft.server.write.element-limit = 4096 (default)
2019-09-12 11:40:38,947 [dbf859ef-0f75-4843-8536-03105c97857a:group-DA4A6A84E4A9:LeaderElection55] INFO  server.RaftServerConfigKeys (ConfUtils.java:logGet(43)) - raft.server.write.element-limit = 4096 (default)
2019-09-12 11:40:38,947 [dbf859ef-0f75-4843-8536-03105c97857a:group-73238FA741EA:LeaderElection56] INFO  server.RaftServerConfigKeys (ConfUtils.java:logGet(43)) - raft.server.watch.timeout = 10s (default)
2019-09-12 11:40:38,947 [dbf859ef-0f75-4843-8536-03105c97857a:group-DA4A6A84E4A9:LeaderElection55] INFO  server.RaftServerConfigKeys (ConfUtils.java:logGet(43)) - raft.server.watch.timeout = 10s (default)
2019-09-12 11:40:38,947 [dbf859ef-0f75-4843-8536-03105c97857a:group-73238FA741EA:LeaderElection56] INFO  server.RaftServerConfigKeys (ConfUtils.java:logGet(43)) - raft.server.watch.timeout.denomination = 1s (default)
2019-09-12 11:40:38,947 [dbf859ef-0f75-4843-8536-03105c97857a:group-DA4A6A84E4A9:LeaderElection55] INFO  server.RaftServerConfigKeys (ConfUtils.java:logGet(43)) - raft.server.watch.timeout.denomination = 1s (default)
2019-09-12 11:40:38,948 [dbf859ef-0f75-4843-8536-03105c97857a:group-73238FA741EA:LeaderElection56] INFO  server.RaftServerConfigKeys (ConfUtils.java:logGet(43)) - raft.server.watch.element-limit = 65536 (default)
2019-09-12 11:40:38,948 [dbf859ef-0f75-4843-8536-03105c97857a:group-DA4A6A84E4A9:LeaderElection55] INFO  server.RaftServerConfigKeys (ConfUtils.java:logGet(43)) - raft.server.watch.element-limit = 65536 (default)
2019-09-12 11:40:38,948 [dbf859ef-0f75-4843-8536-03105c97857a:group-73238FA741EA:LeaderElection56] INFO  impl.RoleInfo (RoleInfo.java:updateAndGet(143)) - dbf859ef-0f75-4843-8536-03105c97857a: start LeaderState
2019-09-12 11:40:38,948 [dbf859ef-0f75-4843-8536-03105c97857a:group-DA4A6A84E4A9:LeaderElection55] INFO  impl.RoleInfo (RoleInfo.java:updateAndGet(143)) - dbf859ef-0f75-4843-8536-03105c97857a: start LeaderState
2019-09-12 11:40:38,948 [dbf859ef-0f75-4843-8536-03105c97857a:group-73238FA741EA:LeaderElection56] INFO  segmented.SegmentedRaftLogWorker (SegmentedRaftLogWorker.java:startLogSegment(380)) - dbf859ef-0f75-4843-8536-03105c97857a-SegmentedRaftLogWorker:Storage Directory /workdir/hadoop-ozone/ozonefs/target/test-dir/MiniOzoneClusterImpl-3f0ffa95-bfc9-4a1c-9a47-ff24715a0622/datanode-9/data/ratis/acc81ae9-7b82-4f98-b8c1-73238fa741ea: Starting segment from index:0
2019-09-12 11:40:38,948 [dbf859ef-0f75-4843-8536-03105c97857a:group-DA4A6A84E4A9:LeaderElection55] INFO  segmented.SegmentedRaftLogWorker (SegmentedRaftLogWorker.java:startLogSegment(380)) - dbf859ef-0f75-4843-8536-03105c97857a-SegmentedRaftLogWorker:Storage Directory /workdir/hadoop-ozone/ozonefs/target/test-dir/MiniOzoneClusterImpl-3f0ffa95-bfc9-4a1c-9a47-ff24715a0622/datanode-9/data/ratis/268112e0-ef5d-4135-af4e-da4a6a84e4a9: Starting segment from index:0
2019-09-12 11:40:38,949 [dbf859ef-0f75-4843-8536-03105c97857a:group-73238FA741EA:LeaderElection56] INFO  impl.RaftServerImpl (ServerState.java:setRaftConf(361)) - dbf859ef-0f75-4843-8536-03105c97857a:group-73238FA741EA set configuration 0: [dbf859ef-0f75-4843-8536-03105c97857a:192.168.157.195:35030], old=null at 0
2019-09-12 11:40:38,949 [dbf859ef-0f75-4843-8536-03105c97857a:group-DA4A6A84E4A9:LeaderElection55] INFO  impl.RaftServerImpl (ServerState.java:setRaftConf(361)) - dbf859ef-0f75-4843-8536-03105c97857a:group-DA4A6A84E4A9 set configuration 0: [dbf859ef-0f75-4843-8536-03105c97857a:192.168.157.195:35030], old=null at 0
2019-09-12 11:40:38,969 [Thread-453] INFO  impl.FollowerState (FollowerState.java:run(106)) - dbf859ef-0f75-4843-8536-03105c97857a:group-75B9D54D1966 changes to CANDIDATE, lastRpcTime:5151, electionTimeout:5151ms
2019-09-12 11:40:38,969 [Thread-453] INFO  impl.RoleInfo (RoleInfo.java:shutdownFollowerState(121)) - dbf859ef-0f75-4843-8536-03105c97857a: shutdown FollowerState
2019-09-12 11:40:38,969 [Thread-453] INFO  impl.RaftServerImpl (RaftServerImpl.java:setRole(171)) - dbf859ef-0f75-4843-8536-03105c97857a:group-75B9D54D1966 changes role from FOLLOWER to CANDIDATE at term 0 for changeToCandidate
2019-09-12 11:40:38,969 [Thread-453] INFO  impl.RoleInfo (RoleInfo.java:updateAndGet(143)) - dbf859ef-0f75-4843-8536-03105c97857a: start LeaderElection
2019-09-12 11:40:38,983 [dbf859ef-0f75-4843-8536-03105c97857a-SegmentedRaftLogWorker:Storage Directory /workdir/hadoop-ozone/ozonefs/target/test-dir/MiniOzoneClusterImpl-3f0ffa95-bfc9-4a1c-9a47-ff24715a0622/datanode-9/data/ratis/acc81ae9-7b82-4f98-b8c1-73238fa741ea] INFO  segmented.SegmentedRaftLogWorker (SegmentedRaftLogWorker.java:execute(569)) - dbf859ef-0f75-4843-8536-03105c97857a-SegmentedRaftLogWorker:Storage Directory /workdir/hadoop-ozone/ozonefs/target/test-dir/MiniOzoneClusterImpl-3f0ffa95-bfc9-4a1c-9a47-ff24715a0622/datanode-9/data/ratis/acc81ae9-7b82-4f98-b8c1-73238fa741ea: created new log segment /workdir/hadoop-ozone/ozonefs/target/test-dir/MiniOzoneClusterImpl-3f0ffa95-bfc9-4a1c-9a47-ff24715a0622/datanode-9/data/ratis/acc81ae9-7b82-4f98-b8c1-73238fa741ea/current/log_inprogress_0
2019-09-12 11:40:38,983 [dbf859ef-0f75-4843-8536-03105c97857a:group-75B9D54D1966:LeaderElection57] INFO  impl.LeaderElection (LeaderElection.java:askForVotes(181)) - dbf859ef-0f75-4843-8536-03105c97857a:group-75B9D54D1966:LeaderElection57: begin an election at term 1 for -1: [dbf859ef-0f75-4843-8536-03105c97857a:192.168.157.195:35030], old=null
2019-09-12 11:40:38,983 [dbf859ef-0f75-4843-8536-03105c97857a-SegmentedRaftLogWorker:Storage Directory /workdir/hadoop-ozone/ozonefs/target/test-dir/MiniOzoneClusterImpl-3f0ffa95-bfc9-4a1c-9a47-ff24715a0622/datanode-9/data/ratis/268112e0-ef5d-4135-af4e-da4a6a84e4a9] INFO  segmented.SegmentedRaftLogWorker (SegmentedRaftLogWorker.java:execute(569)) - dbf859ef-0f75-4843-8536-03105c97857a-SegmentedRaftLogWorker:Storage Directory /workdir/hadoop-ozone/ozonefs/target/test-dir/MiniOzoneClusterImpl-3f0ffa95-bfc9-4a1c-9a47-ff24715a0622/datanode-9/data/ratis/268112e0-ef5d-4135-af4e-da4a6a84e4a9: created new log segment /workdir/hadoop-ozone/ozonefs/target/test-dir/MiniOzoneClusterImpl-3f0ffa95-bfc9-4a1c-9a47-ff24715a0622/datanode-9/data/ratis/268112e0-ef5d-4135-af4e-da4a6a84e4a9/current/log_inprogress_0
2019-09-12 11:40:38,984 [dbf859ef-0f75-4843-8536-03105c97857a:group-75B9D54D1966:LeaderElection57] INFO  impl.RoleInfo (RoleInfo.java:shutdownLeaderElection(134)) - dbf859ef-0f75-4843-8536-03105c97857a: shutdown LeaderElection
2019-09-12 11:40:38,984 [dbf859ef-0f75-4843-8536-03105c97857a:group-75B9D54D1966:LeaderElection57] INFO  impl.RaftServerImpl (RaftServerImpl.java:setRole(171)) - dbf859ef-0f75-4843-8536-03105c97857a:group-75B9D54D1966 changes role from CANDIDATE to LEADER at term 1 for changeToLeader
2019-09-12 11:40:38,984 [dbf859ef-0f75-4843-8536-03105c97857a:group-75B9D54D1966:LeaderElection57] INFO  impl.RaftServerImpl (ServerState.java:setLeader(263)) - dbf859ef-0f75-4843-8536-03105c97857a:group-75B9D54D1966 change Leader from null to dbf859ef-0f75-4843-8536-03105c97857a at term 1 for becomeLeader, leader elected after 5171ms
2019-09-12 11:40:38,984 [dbf859ef-0f75-4843-8536-03105c97857a:group-75B9D54D1966:LeaderElection57] INFO  server.RaftServerConfigKeys (ConfUtils.java:logGet(43)) - raft.server.staging.catchup.gap = 1000 (default)
2019-09-12 11:40:38,984 [dbf859ef-0f75-4843-8536-03105c97857a:group-75B9D54D1966:LeaderElection57] INFO  server.RaftServerConfigKeys (ConfUtils.java:logGet(43)) - raft.server.rpc.sleep.time = 25ms (default)
2019-09-12 11:40:38,984 [dbf859ef-0f75-4843-8536-03105c97857a:group-75B9D54D1966:LeaderElection57] INFO  server.RaftServerConfigKeys (ConfUtils.java:logGet(43)) - raft.server.write.element-limit = 4096 (default)
2019-09-12 11:40:38,984 [dbf859ef-0f75-4843-8536-03105c97857a:group-75B9D54D1966:LeaderElection57] INFO  server.RaftServerConfigKeys (ConfUtils.java:logGet(43)) - raft.server.watch.timeout = 10s (default)
2019-09-12 11:40:38,985 [dbf859ef-0f75-4843-8536-03105c97857a:group-75B9D54D1966:LeaderElection57] INFO  server.RaftServerConfigKeys (ConfUtils.java:logGet(43)) - raft.server.watch.timeout.denomination = 1s (default)
2019-09-12 11:40:38,985 [dbf859ef-0f75-4843-8536-03105c97857a:group-75B9D54D1966:LeaderElection57] INFO  server.RaftServerConfigKeys (ConfUtils.java:logGet(43)) - raft.server.watch.element-limit = 65536 (default)
2019-09-12 11:40:38,985 [dbf859ef-0f75-4843-8536-03105c97857a:group-75B9D54D1966:LeaderElection57] INFO  impl.RoleInfo (RoleInfo.java:updateAndGet(143)) - dbf859ef-0f75-4843-8536-03105c97857a: start LeaderState
2019-09-12 11:40:38,985 [dbf859ef-0f75-4843-8536-03105c97857a:group-75B9D54D1966:LeaderElection57] INFO  segmented.SegmentedRaftLogWorker (SegmentedRaftLogWorker.java:startLogSegment(380)) - dbf859ef-0f75-4843-8536-03105c97857a-SegmentedRaftLogWorker:Storage Directory /workdir/hadoop-ozone/ozonefs/target/test-dir/MiniOzoneClusterImpl-3f0ffa95-bfc9-4a1c-9a47-ff24715a0622/datanode-9/data/ratis/f244dc86-21ad-4fcc-8603-75b9d54d1966: Starting segment from index:0
2019-09-12 11:40:38,986 [dbf859ef-0f75-4843-8536-03105c97857a:group-75B9D54D1966:LeaderElection57] INFO  impl.RaftServerImpl (ServerState.java:setRaftConf(361)) - dbf859ef-0f75-4843-8536-03105c97857a:group-75B9D54D1966 set configuration 0: [dbf859ef-0f75-4843-8536-03105c97857a:192.168.157.195:35030], old=null at 0
2019-09-12 11:40:38,999 | INFO  | SCMAudit | user=jenkins1000 | ip=192.168.157.195 | op=SEND_HEARTBEAT {datanodeUUID=4255b290-7b6d-420f-97e2-6dfb55690bab, command=[]} | ret=SUCCESS |  
2019-09-12 11:40:39,031 [Thread-462] INFO  impl.FollowerState (FollowerState.java:run(106)) - dbf859ef-0f75-4843-8536-03105c97857a:group-2E6DAC8C7E9E changes to CANDIDATE, lastRpcTime:5079, electionTimeout:5079ms
2019-09-12 11:40:39,032 [Thread-462] INFO  impl.RoleInfo (RoleInfo.java:shutdownFollowerState(121)) - dbf859ef-0f75-4843-8536-03105c97857a: shutdown FollowerState
2019-09-12 11:40:39,032 [Thread-462] INFO  impl.RaftServerImpl (RaftServerImpl.java:setRole(171)) - dbf859ef-0f75-4843-8536-03105c97857a:group-2E6DAC8C7E9E changes role from FOLLOWER to CANDIDATE at term 0 for changeToCandidate
2019-09-12 11:40:39,032 [Thread-462] INFO  impl.RoleInfo (RoleInfo.java:updateAndGet(143)) - dbf859ef-0f75-4843-8536-03105c97857a: start LeaderElection
2019-09-12 11:40:39,040 [dbf859ef-0f75-4843-8536-03105c97857a-SegmentedRaftLogWorker:Storage Directory /workdir/hadoop-ozone/ozonefs/target/test-dir/MiniOzoneClusterImpl-3f0ffa95-bfc9-4a1c-9a47-ff24715a0622/datanode-9/data/ratis/f244dc86-21ad-4fcc-8603-75b9d54d1966] INFO  segmented.SegmentedRaftLogWorker (SegmentedRaftLogWorker.java:execute(569)) - dbf859ef-0f75-4843-8536-03105c97857a-SegmentedRaftLogWorker:Storage Directory /workdir/hadoop-ozone/ozonefs/target/test-dir/MiniOzoneClusterImpl-3f0ffa95-bfc9-4a1c-9a47-ff24715a0622/datanode-9/data/ratis/f244dc86-21ad-4fcc-8603-75b9d54d1966: created new log segment /workdir/hadoop-ozone/ozonefs/target/test-dir/MiniOzoneClusterImpl-3f0ffa95-bfc9-4a1c-9a47-ff24715a0622/datanode-9/data/ratis/f244dc86-21ad-4fcc-8603-75b9d54d1966/current/log_inprogress_0
2019-09-12 11:40:39,040 [dbf859ef-0f75-4843-8536-03105c97857a:group-2E6DAC8C7E9E:LeaderElection58] INFO  impl.LeaderElection (LeaderElection.java:askForVotes(181)) - dbf859ef-0f75-4843-8536-03105c97857a:group-2E6DAC8C7E9E:LeaderElection58: begin an election at term 1 for -1: [dbf859ef-0f75-4843-8536-03105c97857a:192.168.157.195:35030], old=null
2019-09-12 11:40:39,041 [dbf859ef-0f75-4843-8536-03105c97857a:group-2E6DAC8C7E9E:LeaderElection58] INFO  impl.RoleInfo (RoleInfo.java:shutdownLeaderElection(134)) - dbf859ef-0f75-4843-8536-03105c97857a: shutdown LeaderElection
2019-09-12 11:40:39,041 [dbf859ef-0f75-4843-8536-03105c97857a:group-2E6DAC8C7E9E:LeaderElection58] INFO  impl.RaftServerImpl (RaftServerImpl.java:setRole(171)) - dbf859ef-0f75-4843-8536-03105c97857a:group-2E6DAC8C7E9E changes role from CANDIDATE to LEADER at term 1 for changeToLeader
2019-09-12 11:40:39,041 [dbf859ef-0f75-4843-8536-03105c97857a:group-2E6DAC8C7E9E:LeaderElection58] INFO  impl.RaftServerImpl (ServerState.java:setLeader(263)) - dbf859ef-0f75-4843-8536-03105c97857a:group-2E6DAC8C7E9E change Leader from null to dbf859ef-0f75-4843-8536-03105c97857a at term 1 for becomeLeader, leader elected after 5092ms
2019-09-12 11:40:39,041 [dbf859ef-0f75-4843-8536-03105c97857a:group-2E6DAC8C7E9E:LeaderElection58] INFO  server.RaftServerConfigKeys (ConfUtils.java:logGet(43)) - raft.server.staging.catchup.gap = 1000 (default)
2019-09-12 11:40:39,041 [dbf859ef-0f75-4843-8536-03105c97857a:group-2E6DAC8C7E9E:LeaderElection58] INFO  server.RaftServerConfigKeys (ConfUtils.java:logGet(43)) - raft.server.rpc.sleep.time = 25ms (default)
2019-09-12 11:40:39,041 [dbf859ef-0f75-4843-8536-03105c97857a:group-2E6DAC8C7E9E:LeaderElection58] INFO  server.RaftServerConfigKeys (ConfUtils.java:logGet(43)) - raft.server.write.element-limit = 4096 (default)
2019-09-12 11:40:39,041 [dbf859ef-0f75-4843-8536-03105c97857a:group-2E6DAC8C7E9E:LeaderElection58] INFO  server.RaftServerConfigKeys (ConfUtils.java:logGet(43)) - raft.server.watch.timeout = 10s (default)
2019-09-12 11:40:39,041 [dbf859ef-0f75-4843-8536-03105c97857a:group-2E6DAC8C7E9E:LeaderElection58] INFO  server.RaftServerConfigKeys (ConfUtils.java:logGet(43)) - raft.server.watch.timeout.denomination = 1s (default)
2019-09-12 11:40:39,042 [dbf859ef-0f75-4843-8536-03105c97857a:group-2E6DAC8C7E9E:LeaderElection58] INFO  server.RaftServerConfigKeys (ConfUtils.java:logGet(43)) - raft.server.watch.element-limit = 65536 (default)
2019-09-12 11:40:39,042 [dbf859ef-0f75-4843-8536-03105c97857a:group-2E6DAC8C7E9E:LeaderElection58] INFO  impl.RoleInfo (RoleInfo.java:updateAndGet(143)) - dbf859ef-0f75-4843-8536-03105c97857a: start LeaderState
2019-09-12 11:40:39,042 [dbf859ef-0f75-4843-8536-03105c97857a:group-2E6DAC8C7E9E:LeaderElection58] INFO  segmented.SegmentedRaftLogWorker (SegmentedRaftLogWorker.java:startLogSegment(380)) - dbf859ef-0f75-4843-8536-03105c97857a-SegmentedRaftLogWorker:Storage Directory /workdir/hadoop-ozone/ozonefs/target/test-dir/MiniOzoneClusterImpl-3f0ffa95-bfc9-4a1c-9a47-ff24715a0622/datanode-9/data/ratis/c7142de6-b5bb-4093-8e08-2e6dac8c7e9e: Starting segment from index:0
2019-09-12 11:40:39,042 [dbf859ef-0f75-4843-8536-03105c97857a:group-2E6DAC8C7E9E:LeaderElection58] INFO  impl.RaftServerImpl (ServerState.java:setRaftConf(361)) - dbf859ef-0f75-4843-8536-03105c97857a:group-2E6DAC8C7E9E set configuration 0: [dbf859ef-0f75-4843-8536-03105c97857a:192.168.157.195:35030], old=null at 0
2019-09-12 11:40:39,058 [Thread-459] INFO  impl.FollowerState (FollowerState.java:run(106)) - dbf859ef-0f75-4843-8536-03105c97857a:group-72EC42513B27 changes to CANDIDATE, lastRpcTime:5146, electionTimeout:5146ms
2019-09-12 11:40:39,058 [Thread-459] INFO  impl.RoleInfo (RoleInfo.java:shutdownFollowerState(121)) - dbf859ef-0f75-4843-8536-03105c97857a: shutdown FollowerState
2019-09-12 11:40:39,058 [Thread-459] INFO  impl.RaftServerImpl (RaftServerImpl.java:setRole(171)) - dbf859ef-0f75-4843-8536-03105c97857a:group-72EC42513B27 changes role from FOLLOWER to CANDIDATE at term 0 for changeToCandidate
2019-09-12 11:40:39,058 [Thread-459] INFO  impl.RoleInfo (RoleInfo.java:updateAndGet(143)) - dbf859ef-0f75-4843-8536-03105c97857a: start LeaderElection
2019-09-12 11:40:39,072 [dbf859ef-0f75-4843-8536-03105c97857a:group-72EC42513B27:LeaderElection59] INFO  impl.LeaderElection (LeaderElection.java:askForVotes(181)) - dbf859ef-0f75-4843-8536-03105c97857a:group-72EC42513B27:LeaderElection59: begin an election at term 1 for -1: [dbf859ef-0f75-4843-8536-03105c97857a:192.168.157.195:35030], old=null
2019-09-12 11:40:39,072 [dbf859ef-0f75-4843-8536-03105c97857a:group-72EC42513B27:LeaderElection59] INFO  impl.RoleInfo (RoleInfo.java:shutdownLeaderElection(134)) - dbf859ef-0f75-4843-8536-03105c97857a: shutdown LeaderElection
2019-09-12 11:40:39,072 [dbf859ef-0f75-4843-8536-03105c97857a:group-72EC42513B27:LeaderElection59] INFO  impl.RaftServerImpl (RaftServerImpl.java:setRole(171)) - dbf859ef-0f75-4843-8536-03105c97857a:group-72EC42513B27 changes role from CANDIDATE to LEADER at term 1 for changeToLeader
2019-09-12 11:40:39,072 [dbf859ef-0f75-4843-8536-03105c97857a:group-72EC42513B27:LeaderElection59] INFO  impl.RaftServerImpl (ServerState.java:setLeader(263)) - dbf859ef-0f75-4843-8536-03105c97857a:group-72EC42513B27 change Leader from null to dbf859ef-0f75-4843-8536-03105c97857a at term 1 for becomeLeader, leader elected after 5164ms
2019-09-12 11:40:39,072 [dbf859ef-0f75-4843-8536-03105c97857a:group-72EC42513B27:LeaderElection59] INFO  server.RaftServerConfigKeys (ConfUtils.java:logGet(43)) - raft.server.staging.catchup.gap = 1000 (default)
2019-09-12 11:40:39,072 [dbf859ef-0f75-4843-8536-03105c97857a:group-72EC42513B27:LeaderElection59] INFO  server.RaftServerConfigKeys (ConfUtils.java:logGet(43)) - raft.server.rpc.sleep.time = 25ms (default)
2019-09-12 11:40:39,073 [dbf859ef-0f75-4843-8536-03105c97857a:group-72EC42513B27:LeaderElection59] INFO  server.RaftServerConfigKeys (ConfUtils.java:logGet(43)) - raft.server.write.element-limit = 4096 (default)
2019-09-12 11:40:39,073 [dbf859ef-0f75-4843-8536-03105c97857a:group-72EC42513B27:LeaderElection59] INFO  server.RaftServerConfigKeys (ConfUtils.java:logGet(43)) - raft.server.watch.timeout = 10s (default)
2019-09-12 11:40:39,073 [dbf859ef-0f75-4843-8536-03105c97857a:group-72EC42513B27:LeaderElection59] INFO  server.RaftServerConfigKeys (ConfUtils.java:logGet(43)) - raft.server.watch.timeout.denomination = 1s (default)
2019-09-12 11:40:39,073 [dbf859ef-0f75-4843-8536-03105c97857a:group-72EC42513B27:LeaderElection59] INFO  server.RaftServerConfigKeys (ConfUtils.java:logGet(43)) - raft.server.watch.element-limit = 65536 (default)
2019-09-12 11:40:39,073 [dbf859ef-0f75-4843-8536-03105c97857a:group-72EC42513B27:LeaderElection59] INFO  impl.RoleInfo (RoleInfo.java:updateAndGet(143)) - dbf859ef-0f75-4843-8536-03105c97857a: start LeaderState
2019-09-12 11:40:39,073 [dbf859ef-0f75-4843-8536-03105c97857a:group-72EC42513B27:LeaderElection59] INFO  segmented.SegmentedRaftLogWorker (SegmentedRaftLogWorker.java:startLogSegment(380)) - dbf859ef-0f75-4843-8536-03105c97857a-SegmentedRaftLogWorker:Storage Directory /workdir/hadoop-ozone/ozonefs/target/test-dir/MiniOzoneClusterImpl-3f0ffa95-bfc9-4a1c-9a47-ff24715a0622/datanode-9/data/ratis/86e4268a-3bb2-402e-a79c-72ec42513b27: Starting segment from index:0
2019-09-12 11:40:39,073 [dbf859ef-0f75-4843-8536-03105c97857a-SegmentedRaftLogWorker:Storage Directory /workdir/hadoop-ozone/ozonefs/target/test-dir/MiniOzoneClusterImpl-3f0ffa95-bfc9-4a1c-9a47-ff24715a0622/datanode-9/data/ratis/c7142de6-b5bb-4093-8e08-2e6dac8c7e9e] INFO  segmented.SegmentedRaftLogWorker (SegmentedRaftLogWorker.java:execute(569)) - dbf859ef-0f75-4843-8536-03105c97857a-SegmentedRaftLogWorker:Storage Directory /workdir/hadoop-ozone/ozonefs/target/test-dir/MiniOzoneClusterImpl-3f0ffa95-bfc9-4a1c-9a47-ff24715a0622/datanode-9/data/ratis/c7142de6-b5bb-4093-8e08-2e6dac8c7e9e: created new log segment /workdir/hadoop-ozone/ozonefs/target/test-dir/MiniOzoneClusterImpl-3f0ffa95-bfc9-4a1c-9a47-ff24715a0622/datanode-9/data/ratis/c7142de6-b5bb-4093-8e08-2e6dac8c7e9e/current/log_inprogress_0
2019-09-12 11:40:39,074 [dbf859ef-0f75-4843-8536-03105c97857a:group-72EC42513B27:LeaderElection59] INFO  impl.RaftServerImpl (ServerState.java:setRaftConf(361)) - dbf859ef-0f75-4843-8536-03105c97857a:group-72EC42513B27 set configuration 0: [dbf859ef-0f75-4843-8536-03105c97857a:192.168.157.195:35030], old=null at 0
2019-09-12 11:40:39,116 [dbf859ef-0f75-4843-8536-03105c97857a-SegmentedRaftLogWorker:Storage Directory /workdir/hadoop-ozone/ozonefs/target/test-dir/MiniOzoneClusterImpl-3f0ffa95-bfc9-4a1c-9a47-ff24715a0622/datanode-9/data/ratis/86e4268a-3bb2-402e-a79c-72ec42513b27] INFO  segmented.SegmentedRaftLogWorker (SegmentedRaftLogWorker.java:execute(569)) - dbf859ef-0f75-4843-8536-03105c97857a-SegmentedRaftLogWorker:Storage Directory /workdir/hadoop-ozone/ozonefs/target/test-dir/MiniOzoneClusterImpl-3f0ffa95-bfc9-4a1c-9a47-ff24715a0622/datanode-9/data/ratis/86e4268a-3bb2-402e-a79c-72ec42513b27: created new log segment /workdir/hadoop-ozone/ozonefs/target/test-dir/MiniOzoneClusterImpl-3f0ffa95-bfc9-4a1c-9a47-ff24715a0622/datanode-9/data/ratis/86e4268a-3bb2-402e-a79c-72ec42513b27/current/log_inprogress_0
2019-09-12 11:40:39,129 [Thread-465] INFO  impl.FollowerState (FollowerState.java:run(106)) - dbf859ef-0f75-4843-8536-03105c97857a:group-C82988315492 changes to CANDIDATE, lastRpcTime:5138, electionTimeout:5138ms
2019-09-12 11:40:39,129 [Thread-465] INFO  impl.RoleInfo (RoleInfo.java:shutdownFollowerState(121)) - dbf859ef-0f75-4843-8536-03105c97857a: shutdown FollowerState
2019-09-12 11:40:39,129 [Thread-465] INFO  impl.RaftServerImpl (RaftServerImpl.java:setRole(171)) - dbf859ef-0f75-4843-8536-03105c97857a:group-C82988315492 changes role from FOLLOWER to CANDIDATE at term 0 for changeToCandidate
2019-09-12 11:40:39,129 [Thread-465] INFO  impl.RoleInfo (RoleInfo.java:updateAndGet(143)) - dbf859ef-0f75-4843-8536-03105c97857a: start LeaderElection
2019-09-12 11:40:39,143 [dbf859ef-0f75-4843-8536-03105c97857a:group-C82988315492:LeaderElection60] INFO  impl.LeaderElection (LeaderElection.java:askForVotes(181)) - dbf859ef-0f75-4843-8536-03105c97857a:group-C82988315492:LeaderElection60: begin an election at term 1 for -1: [dbf859ef-0f75-4843-8536-03105c97857a:192.168.157.195:35030], old=null
2019-09-12 11:40:39,143 [dbf859ef-0f75-4843-8536-03105c97857a:group-C82988315492:LeaderElection60] INFO  impl.RoleInfo (RoleInfo.java:shutdownLeaderElection(134)) - dbf859ef-0f75-4843-8536-03105c97857a: shutdown LeaderElection
2019-09-12 11:40:39,143 [dbf859ef-0f75-4843-8536-03105c97857a:group-C82988315492:LeaderElection60] INFO  impl.RaftServerImpl (RaftServerImpl.java:setRole(171)) - dbf859ef-0f75-4843-8536-03105c97857a:group-C82988315492 changes role from CANDIDATE to LEADER at term 1 for changeToLeader
2019-09-12 11:40:39,143 [dbf859ef-0f75-4843-8536-03105c97857a:group-C82988315492:LeaderElection60] INFO  impl.RaftServerImpl (ServerState.java:setLeader(263)) - dbf859ef-0f75-4843-8536-03105c97857a:group-C82988315492 change Leader from null to dbf859ef-0f75-4843-8536-03105c97857a at term 1 for becomeLeader, leader elected after 5155ms
2019-09-12 11:40:39,143 [dbf859ef-0f75-4843-8536-03105c97857a:group-C82988315492:LeaderElection60] INFO  server.RaftServerConfigKeys (ConfUtils.java:logGet(43)) - raft.server.staging.catchup.gap = 1000 (default)
2019-09-12 11:40:39,143 [dbf859ef-0f75-4843-8536-03105c97857a:group-C82988315492:LeaderElection60] INFO  server.RaftServerConfigKeys (ConfUtils.java:logGet(43)) - raft.server.rpc.sleep.time = 25ms (default)
2019-09-12 11:40:39,144 [dbf859ef-0f75-4843-8536-03105c97857a:group-C82988315492:LeaderElection60] INFO  server.RaftServerConfigKeys (ConfUtils.java:logGet(43)) - raft.server.write.element-limit = 4096 (default)
2019-09-12 11:40:39,144 [dbf859ef-0f75-4843-8536-03105c97857a:group-C82988315492:LeaderElection60] INFO  server.RaftServerConfigKeys (ConfUtils.java:logGet(43)) - raft.server.watch.timeout = 10s (default)
2019-09-12 11:40:39,144 [dbf859ef-0f75-4843-8536-03105c97857a:group-C82988315492:LeaderElection60] INFO  server.RaftServerConfigKeys (ConfUtils.java:logGet(43)) - raft.server.watch.timeout.denomination = 1s (default)
2019-09-12 11:40:39,144 [dbf859ef-0f75-4843-8536-03105c97857a:group-C82988315492:LeaderElection60] INFO  server.RaftServerConfigKeys (ConfUtils.java:logGet(43)) - raft.server.watch.element-limit = 65536 (default)
2019-09-12 11:40:39,144 [dbf859ef-0f75-4843-8536-03105c97857a:group-C82988315492:LeaderElection60] INFO  impl.RoleInfo (RoleInfo.java:updateAndGet(143)) - dbf859ef-0f75-4843-8536-03105c97857a: start LeaderState
2019-09-12 11:40:39,144 [dbf859ef-0f75-4843-8536-03105c97857a:group-C82988315492:LeaderElection60] INFO  segmented.SegmentedRaftLogWorker (SegmentedRaftLogWorker.java:startLogSegment(380)) - dbf859ef-0f75-4843-8536-03105c97857a-SegmentedRaftLogWorker:Storage Directory /workdir/hadoop-ozone/ozonefs/target/test-dir/MiniOzoneClusterImpl-3f0ffa95-bfc9-4a1c-9a47-ff24715a0622/datanode-9/data/ratis/1086e2f7-16dc-4abd-a5c4-c82988315492: Starting segment from index:0
2019-09-12 11:40:39,145 [dbf859ef-0f75-4843-8536-03105c97857a:group-C82988315492:LeaderElection60] INFO  impl.RaftServerImpl (ServerState.java:setRaftConf(361)) - dbf859ef-0f75-4843-8536-03105c97857a:group-C82988315492 set configuration 0: [dbf859ef-0f75-4843-8536-03105c97857a:192.168.157.195:35030], old=null at 0
2019-09-12 11:40:39,186 [dbf859ef-0f75-4843-8536-03105c97857a-SegmentedRaftLogWorker:Storage Directory /workdir/hadoop-ozone/ozonefs/target/test-dir/MiniOzoneClusterImpl-3f0ffa95-bfc9-4a1c-9a47-ff24715a0622/datanode-9/data/ratis/1086e2f7-16dc-4abd-a5c4-c82988315492] INFO  segmented.SegmentedRaftLogWorker (SegmentedRaftLogWorker.java:execute(569)) - dbf859ef-0f75-4843-8536-03105c97857a-SegmentedRaftLogWorker:Storage Directory /workdir/hadoop-ozone/ozonefs/target/test-dir/MiniOzoneClusterImpl-3f0ffa95-bfc9-4a1c-9a47-ff24715a0622/datanode-9/data/ratis/1086e2f7-16dc-4abd-a5c4-c82988315492: created new log segment /workdir/hadoop-ozone/ozonefs/target/test-dir/MiniOzoneClusterImpl-3f0ffa95-bfc9-4a1c-9a47-ff24715a0622/datanode-9/data/ratis/1086e2f7-16dc-4abd-a5c4-c82988315492/current/log_inprogress_0
2019-09-12 11:40:39,233 | INFO  | SCMAudit | user=jenkins1000 | ip=192.168.157.195 | op=SEND_HEARTBEAT {datanodeUUID=8668900b-06f4-40f9-8926-68eb6348aa5d, command=[]} | ret=SUCCESS |  
2019-09-12 11:40:39,309 | INFO  | SCMAudit | user=jenkins1000 | ip=192.168.157.195 | op=SEND_HEARTBEAT {datanodeUUID=5d0352ef-d446-4a04-a69e-b6b493d47759, command=[]} | ret=SUCCESS |  
2019-09-12 11:40:39,438 | INFO  | SCMAudit | user=jenkins1000 | ip=192.168.157.195 | op=SEND_HEARTBEAT {datanodeUUID=b5e361a7-9275-4b10-aa61-1d8677ab7c49, command=[]} | ret=SUCCESS |  
2019-09-12 11:40:39,519 | INFO  | SCMAudit | user=jenkins1000 | ip=192.168.157.195 | op=SEND_HEARTBEAT {datanodeUUID=f17fb2fb-971d-416e-b1f4-66e23bc05d05, command=[]} | ret=SUCCESS |  
2019-09-12 11:40:39,520 | INFO  | SCMAudit | user=jenkins1000 | ip=192.168.157.195 | op=SEND_HEARTBEAT {datanodeUUID=ef411258-a662-4696-ba26-405a55c9a048, command=[]} | ret=SUCCESS |  
2019-09-12 11:40:39,605 | INFO  | SCMAudit | user=jenkins1000 | ip=192.168.157.195 | op=SEND_HEARTBEAT {datanodeUUID=2da31971-fd5c-4baf-8dfe-b6048362baf8, command=[]} | ret=SUCCESS |  
2019-09-12 11:40:39,662 | INFO  | SCMAudit | user=jenkins1000 | ip=192.168.157.195 | op=SEND_HEARTBEAT {datanodeUUID=dbf859ef-0f75-4843-8536-03105c97857a, command=[]} | ret=SUCCESS |  
2019-09-12 11:40:39,753 | INFO  | SCMAudit | user=jenkins1000 | ip=192.168.157.195 | op=SEND_HEARTBEAT {datanodeUUID=875e3d5e-0813-40b8-b024-43837dd2f6d5, command=[]} | ret=SUCCESS |  
2019-09-12 11:40:39,939 | INFO  | SCMAudit | user=jenkins1000 | ip=192.168.157.195 | op=SEND_HEARTBEAT {datanodeUUID=abc6f9f9-8862-43ee-ac13-b67e1574492b, command=[]} | ret=SUCCESS |  
2019-09-12 11:40:41,418 | INFO  | SCMAudit | user=jenkins1000 | ip=192.168.157.195 | op=SEND_HEARTBEAT {datanodeUUID=abc6f9f9-8862-43ee-ac13-b67e1574492b, command=[]} | ret=SUCCESS |  
2019-09-12 11:40:41,419 | INFO  | SCMAudit | user=jenkins1000 | ip=192.168.157.195 | op=SEND_HEARTBEAT {datanodeUUID=875e3d5e-0813-40b8-b024-43837dd2f6d5, command=[]} | ret=SUCCESS |  
2019-09-12 11:40:41,419 | INFO  | SCMAudit | user=jenkins1000 | ip=192.168.157.195 | op=SEND_HEARTBEAT {datanodeUUID=dbf859ef-0f75-4843-8536-03105c97857a, command=[]} | ret=SUCCESS |  
2019-09-12 11:40:41,419 | INFO  | SCMAudit | user=jenkins1000 | ip=192.168.157.195 | op=SEND_HEARTBEAT {datanodeUUID=2da31971-fd5c-4baf-8dfe-b6048362baf8, command=[]} | ret=SUCCESS |  
2019-09-12 11:40:41,420 | INFO  | SCMAudit | user=jenkins1000 | ip=192.168.157.195 | op=SEND_HEARTBEAT {datanodeUUID=ef411258-a662-4696-ba26-405a55c9a048, command=[]} | ret=SUCCESS |  
2019-09-12 11:40:41,420 | INFO  | SCMAudit | user=jenkins1000 | ip=192.168.157.195 | op=SEND_HEARTBEAT {datanodeUUID=b5e361a7-9275-4b10-aa61-1d8677ab7c49, command=[]} | ret=SUCCESS |  
2019-09-12 11:40:41,420 | INFO  | SCMAudit | user=jenkins1000 | ip=192.168.157.195 | op=SEND_HEARTBEAT {datanodeUUID=f17fb2fb-971d-416e-b1f4-66e23bc05d05, command=[]} | ret=SUCCESS |  
2019-09-12 11:40:41,522 | INFO  | SCMAudit | user=jenkins1000 | ip=192.168.157.195 | op=SEND_HEARTBEAT {datanodeUUID=8668900b-06f4-40f9-8926-68eb6348aa5d, command=[]} | ret=SUCCESS |  
2019-09-12 11:40:41,522 | INFO  | SCMAudit | user=jenkins1000 | ip=192.168.157.195 | op=SEND_HEARTBEAT {datanodeUUID=4255b290-7b6d-420f-97e2-6dfb55690bab, command=[]} | ret=SUCCESS |  
2019-09-12 11:40:41,522 | INFO  | SCMAudit | user=jenkins1000 | ip=192.168.157.195 | op=SEND_HEARTBEAT {datanodeUUID=5d0352ef-d446-4a04-a69e-b6b493d47759, command=[]} | ret=SUCCESS |  
2019-09-12 11:40:41,540 | INFO  | SCMAudit | user=jenkins1000 | ip=192.168.157.195 | op=SEND_HEARTBEAT {datanodeUUID=5d0352ef-d446-4a04-a69e-b6b493d47759, command=[]} | ret=SUCCESS |  
2019-09-12 11:40:41,540 | INFO  | SCMAudit | user=jenkins1000 | ip=192.168.157.195 | op=SEND_HEARTBEAT {datanodeUUID=4255b290-7b6d-420f-97e2-6dfb55690bab, command=[]} | ret=SUCCESS |  
2019-09-12 11:40:41,540 | INFO  | SCMAudit | user=jenkins1000 | ip=192.168.157.195 | op=SEND_HEARTBEAT {datanodeUUID=8668900b-06f4-40f9-8926-68eb6348aa5d, command=[]} | ret=SUCCESS |  
2019-09-12 11:40:41,627 [IPC Server handler 14 on 43383] ERROR pipeline.PipelinePlacementPolicy (PipelinePlacementPolicy.java:meetCriteria(91)) - Pipeline Placement: Doesn't meet the criteria to be viable node. Heaviness: 6
2019-09-12 11:40:41,627 [IPC Server handler 14 on 43383] ERROR pipeline.PipelinePlacementPolicy (PipelinePlacementPolicy.java:meetCriteria(91)) - Pipeline Placement: Doesn't meet the criteria to be viable node. Heaviness: 6
2019-09-12 11:40:41,627 [IPC Server handler 14 on 43383] ERROR pipeline.PipelinePlacementPolicy (PipelinePlacementPolicy.java:meetCriteria(91)) - Pipeline Placement: Doesn't meet the criteria to be viable node. Heaviness: 6
2019-09-12 11:40:41,627 [IPC Server handler 14 on 43383] ERROR pipeline.PipelinePlacementPolicy (PipelinePlacementPolicy.java:meetCriteria(91)) - Pipeline Placement: Doesn't meet the criteria to be viable node. Heaviness: 6
2019-09-12 11:40:41,627 [IPC Server handler 14 on 43383] ERROR pipeline.PipelinePlacementPolicy (PipelinePlacementPolicy.java:meetCriteria(91)) - Pipeline Placement: Doesn't meet the criteria to be viable node. Heaviness: 6
2019-09-12 11:40:41,628 [IPC Server handler 14 on 43383] ERROR pipeline.PipelinePlacementPolicy (PipelinePlacementPolicy.java:meetCriteria(91)) - Pipeline Placement: Doesn't meet the criteria to be viable node. Heaviness: 6
2019-09-12 11:40:41,628 [IPC Server handler 14 on 43383] ERROR pipeline.PipelinePlacementPolicy (PipelinePlacementPolicy.java:meetCriteria(91)) - Pipeline Placement: Doesn't meet the criteria to be viable node. Heaviness: 6
2019-09-12 11:40:41,628 [IPC Server handler 14 on 43383] ERROR pipeline.PipelinePlacementPolicy (PipelinePlacementPolicy.java:meetCriteria(91)) - Pipeline Placement: Doesn't meet the criteria to be viable node. Heaviness: 6
2019-09-12 11:40:41,628 [IPC Server handler 14 on 43383] ERROR pipeline.PipelinePlacementPolicy (PipelinePlacementPolicy.java:meetCriteria(91)) - Pipeline Placement: Doesn't meet the criteria to be viable node. Heaviness: 6
2019-09-12 11:40:41,628 [IPC Server handler 14 on 43383] ERROR pipeline.PipelinePlacementPolicy (PipelinePlacementPolicy.java:meetCriteria(91)) - Pipeline Placement: Doesn't meet the criteria to be viable node. Heaviness: 6
2019-09-12 11:40:41,628 [IPC Server handler 14 on 43383] ERROR pipeline.PipelinePlacementPolicy (PipelinePlacementPolicy.java:filterViableNodes(146)) - Unable to find enough nodes that meet the criteria that cannot engage in more than 5 pipelines. Nodes required: 3 Found: 0, healthy nodes count inNodeManager: 10.
2019-09-12 11:40:41,628 [IPC Server handler 14 on 43383] ERROR pipeline.SCMPipelineManager (SCMPipelineManager.java:createPipeline(161)) - Pipeline creation failed due to exception: Unable to find enough nodes that meet the criteria that cannot engage in more than 5 pipelines. Nodes required: 3 Found: 0, healthy nodes count inNodeManager: 10.
2019-09-12 11:40:41,629 [IPC Server handler 14 on 43383] WARN  block.BlockManagerImpl (BlockManagerImpl.java:allocateBlock(192)) - Pipeline creation failed for type:RATIS factor:THREE. Retrying get pipelines call once.
org.apache.hadoop.hdds.scm.exceptions.SCMException: Unable to find enough nodes that meet the criteria that cannot engage in more than 5 pipelines. Nodes required: 3 Found: 0, healthy nodes count inNodeManager: 10.
	at org.apache.hadoop.hdds.scm.pipeline.PipelinePlacementPolicy.filterViableNodes(PipelinePlacementPolicy.java:147)
	at org.apache.hadoop.hdds.scm.pipeline.PipelinePlacementPolicy.chooseDatanodes(PipelinePlacementPolicy.java:170)
	at org.apache.hadoop.hdds.scm.pipeline.RatisPipelineProvider.create(RatisPipelineProvider.java:92)
	at org.apache.hadoop.hdds.scm.pipeline.PipelineFactory.create(PipelineFactory.java:57)
	at org.apache.hadoop.hdds.scm.pipeline.SCMPipelineManager.createPipeline(SCMPipelineManager.java:149)
	at org.apache.hadoop.hdds.scm.block.BlockManagerImpl.allocateBlock(BlockManagerImpl.java:190)
	at org.apache.hadoop.hdds.scm.server.SCMBlockProtocolServer.allocateBlock(SCMBlockProtocolServer.java:175)
	at org.apache.hadoop.ozone.protocolPB.ScmBlockLocationProtocolServerSideTranslatorPB.allocateScmBlock(ScmBlockLocationProtocolServerSideTranslatorPB.java:153)
	at org.apache.hadoop.ozone.protocolPB.ScmBlockLocationProtocolServerSideTranslatorPB.send(ScmBlockLocationProtocolServerSideTranslatorPB.java:112)
	at org.apache.hadoop.hdds.protocol.proto.ScmBlockLocationProtocolProtos$ScmBlockLocationProtocolService$2.callBlockingMethod(ScmBlockLocationProtocolProtos.java:13157)
	at org.apache.hadoop.ipc.ProtobufRpcEngine$Server$ProtoBufRpcInvoker.call(ProtobufRpcEngine.java:524)
	at org.apache.hadoop.ipc.RPC$Server.call(RPC.java:1025)
	at org.apache.hadoop.ipc.Server$RpcCall.run(Server.java:876)
	at org.apache.hadoop.ipc.Server$RpcCall.run(Server.java:822)
	at java.security.AccessController.doPrivileged(Native Method)
	at javax.security.auth.Subject.doAs(Subject.java:422)
	at org.apache.hadoop.security.UserGroupInformation.doAs(UserGroupInformation.java:1730)
	at org.apache.hadoop.ipc.Server$Handler.run(Server.java:2682)
2019-09-12 11:40:41,630 [IPC Server handler 14 on 43383] INFO  block.BlockManagerImpl (BlockManagerImpl.java:allocateBlock(198)) - Could not find available pipeline of type:RATIS and factor:THREE even after retrying
2019-09-12 11:40:41,630 [IPC Server handler 14 on 43383] ERROR block.BlockManagerImpl (BlockManagerImpl.java:allocateBlock(222)) - Unable to allocate a block for the size: 4194304, type: RATIS, factor: THREE
2019-09-12 11:40:41,630 | INFO  | SCMAudit | user=jenkins1000 | ip=192.168.157.195 | op=ALLOCATE_BLOCK {owner=d0768488-f811-4999-bceb-e30a1b9c4ede, size=4194304, type=RATIS, factor=THREE} | ret=SUCCESS |  
2019-09-12 11:40:41,635 | ERROR | OMAudit | user=jenkins1000 | ip=127.0.0.1 | op=CREATE_FILE {volume=volume24191, bucket=bucket73359, key=zh8RQ, dataSize=0, replicationType=RATIS, replicationFactor=THREE, keyLocationInfo=null} | ret=FAILURE | org.apache.hadoop.hdds.scm.exceptions.SCMException: Allocated 0 blocks. Requested 1 blocks
	at org.apache.hadoop.hdds.scm.protocolPB.ScmBlockLocationProtocolClientSideTranslatorPB.handleError(ScmBlockLocationProtocolClientSideTranslatorPB.java:118)
	at org.apache.hadoop.hdds.scm.protocolPB.ScmBlockLocationProtocolClientSideTranslatorPB.allocateBlock(ScmBlockLocationProtocolClientSideTranslatorPB.java:156) 
2019-09-12 11:40:41,639 [main] INFO  ozone.MiniOzoneClusterImpl (MiniOzoneClusterImpl.java:shutdown(321)) - Shutting down the Mini Ozone Cluster
2019-09-12 11:40:41,640 | INFO  | SCMAudit | user=null | ip=null | op=GET_SCM_INFO null | ret=SUCCESS |  
2019-09-12 11:40:41,640 [main] INFO  ozone.MiniOzoneClusterImpl (MiniOzoneClusterImpl.java:stop(336)) - Stopping the Mini Ozone Cluster
2019-09-12 11:40:41,640 [main] INFO  ozone.MiniOzoneClusterImpl (MiniOzoneClusterImpl.java:stop(338)) - Stopping the OzoneManager
2019-09-12 11:40:41,640 [main] INFO  ipc.Server (Server.java:stop(3082)) - Stopping server on 38329
2019-09-12 11:40:41,656 [IPC Server listener on 38329] INFO  ipc.Server (Server.java:run(1185)) - Stopping IPC Server listener on 38329
2019-09-12 11:40:41,657 [main] INFO  ratis.OzoneManagerDoubleBuffer (OzoneManagerDoubleBuffer.java:stop(248)) - Stopping OMDoubleBuffer flush thread
2019-09-12 11:40:41,666 [IPC Server Responder] INFO  ipc.Server (Server.java:run(1319)) - Stopping IPC Server Responder
2019-09-12 11:40:41,688 [OMDoubleBufferFlushThread] INFO  ratis.OzoneManagerDoubleBuffer (OzoneManagerDoubleBuffer.java:flushTransactions(191)) - OMDoubleBuffer flush thread OMDoubleBufferFlushThread is interrupted and will exit. OMDoubleBufferFlushThread
2019-09-12 11:40:41,693 [main] INFO  utils.BackgroundService (BackgroundService.java:shutdown(148)) - Shutting down service KeyDeletingService
2019-09-12 11:40:41,696 [main] INFO  handler.ContextHandler (ContextHandler.java:doStop(910)) - Stopped o.e.j.w.WebAppContext@2098d37d{/,null,UNAVAILABLE}{/ozoneManager}
2019-09-12 11:40:41,701 [main] INFO  server.AbstractConnector (AbstractConnector.java:doStop(318)) - Stopped ServerConnector@77b9d0c7{HTTP/1.1,[http/1.1]}{0.0.0.0:0}
2019-09-12 11:40:41,701 [main] INFO  handler.ContextHandler (ContextHandler.java:doStop(910)) - Stopped o.e.j.s.ServletContextHandler@e4d2696{/static,jar:file:/home/user/.m2/repository/org/apache/hadoop/hadoop-ozone-ozone-manager/0.5.0-SNAPSHOT/hadoop-ozone-ozone-manager-0.5.0-SNAPSHOT.jar!/webapps/static,UNAVAILABLE}
2019-09-12 11:40:41,701 [main] INFO  handler.ContextHandler (ContextHandler.java:doStop(910)) - Stopped o.e.j.s.ServletContextHandler@109d724c{/logs,file:///workdir/hadoop-ozone/ozonefs/target/log,UNAVAILABLE}
2019-09-12 11:40:41,706 [main] INFO  ozone.MiniOzoneClusterImpl (MiniOzoneClusterImpl.java:stop(344)) - Shutting the HddsDatanodes
2019-09-12 11:40:41,707 [main] INFO  datanode.ObjectStoreHandler (ObjectStoreHandler.java:close(155)) - Closing ObjectStoreHandler.
2019-09-12 11:40:41,707 [ForkJoinPool.commonPool-worker-1] INFO  datanode.ObjectStoreHandler (ObjectStoreHandler.java:close(155)) - Closing ObjectStoreHandler.
2019-09-12 11:40:41,710 [main] INFO  ozone.HddsDatanodeService (HddsDatanodeService.java:stop(451)) - Stopped plug-in org.apache.hadoop.ozone.web.OzoneHddsDatanodeService@2296127
2019-09-12 11:40:41,710 [ForkJoinPool.commonPool-worker-1] INFO  ozone.HddsDatanodeService (HddsDatanodeService.java:stop(451)) - Stopped plug-in org.apache.hadoop.ozone.web.OzoneHddsDatanodeService@530ee28b
2019-09-12 11:40:42,409 | INFO  | SCMAudit | user=jenkins1000 | ip=192.168.157.195 | op=SEND_HEARTBEAT {datanodeUUID=8668900b-06f4-40f9-8926-68eb6348aa5d, command=[]} | ret=SUCCESS |  
2019-09-12 11:40:42,409 | INFO  | SCMAudit | user=jenkins1000 | ip=192.168.157.195 | op=SEND_HEARTBEAT {datanodeUUID=5d0352ef-d446-4a04-a69e-b6b493d47759, command=[]} | ret=SUCCESS |  
2019-09-12 11:40:42,410 | INFO  | SCMAudit | user=jenkins1000 | ip=192.168.157.195 | op=SEND_HEARTBEAT {datanodeUUID=4255b290-7b6d-420f-97e2-6dfb55690bab, command=[]} | ret=SUCCESS |  
2019-09-12 11:40:42,410 [Datanode State Machine Thread - 0] INFO  statemachine.DatanodeStateMachine (DatanodeStateMachine.java:lambda$startDaemon$0(350)) - Ozone container server started.
2019-09-12 11:40:42,412 [Datanode State Machine Thread - 0] INFO  statemachine.DatanodeStateMachine (DatanodeStateMachine.java:lambda$startDaemon$0(350)) - Ozone container server started.
2019-09-12 11:40:42,418 | INFO  | SCMAudit | user=jenkins1000 | ip=192.168.157.195 | op=SEND_HEARTBEAT {datanodeUUID=f17fb2fb-971d-416e-b1f4-66e23bc05d05, command=[]} | ret=SUCCESS |  
2019-09-12 11:40:42,418 | INFO  | SCMAudit | user=jenkins1000 | ip=192.168.157.195 | op=SEND_HEARTBEAT {datanodeUUID=b5e361a7-9275-4b10-aa61-1d8677ab7c49, command=[]} | ret=SUCCESS |  
2019-09-12 11:40:42,418 | INFO  | SCMAudit | user=jenkins1000 | ip=192.168.157.195 | op=SEND_HEARTBEAT {datanodeUUID=dbf859ef-0f75-4843-8536-03105c97857a, command=[]} | ret=SUCCESS |  
2019-09-12 11:40:42,419 | INFO  | SCMAudit | user=jenkins1000 | ip=192.168.157.195 | op=SEND_HEARTBEAT {datanodeUUID=2da31971-fd5c-4baf-8dfe-b6048362baf8, command=[]} | ret=SUCCESS |  
2019-09-12 11:40:42,419 | INFO  | SCMAudit | user=jenkins1000 | ip=192.168.157.195 | op=SEND_HEARTBEAT {datanodeUUID=ef411258-a662-4696-ba26-405a55c9a048, command=[]} | ret=SUCCESS |  
2019-09-12 11:40:43,409 | INFO  | SCMAudit | user=jenkins1000 | ip=192.168.157.195 | op=SEND_HEARTBEAT {datanodeUUID=8668900b-06f4-40f9-8926-68eb6348aa5d, command=[]} | ret=SUCCESS |  
2019-09-12 11:40:43,409 | INFO  | SCMAudit | user=jenkins1000 | ip=192.168.157.195 | op=SEND_HEARTBEAT {datanodeUUID=5d0352ef-d446-4a04-a69e-b6b493d47759, command=[]} | ret=SUCCESS |  
2019-09-12 11:40:43,410 | INFO  | SCMAudit | user=jenkins1000 | ip=192.168.157.195 | op=SEND_HEARTBEAT {datanodeUUID=4255b290-7b6d-420f-97e2-6dfb55690bab, command=[]} | ret=SUCCESS |  
2019-09-12 11:40:43,417 | INFO  | SCMAudit | user=jenkins1000 | ip=192.168.157.195 | op=SEND_HEARTBEAT {datanodeUUID=f17fb2fb-971d-416e-b1f4-66e23bc05d05, command=[]} | ret=SUCCESS |  
2019-09-12 11:40:43,418 | INFO  | SCMAudit | user=jenkins1000 | ip=192.168.157.195 | op=SEND_HEARTBEAT {datanodeUUID=b5e361a7-9275-4b10-aa61-1d8677ab7c49, command=[]} | ret=SUCCESS |  
2019-09-12 11:40:43,418 | INFO  | SCMAudit | user=jenkins1000 | ip=192.168.157.195 | op=SEND_HEARTBEAT {datanodeUUID=dbf859ef-0f75-4843-8536-03105c97857a, command=[]} | ret=SUCCESS |  
2019-09-12 11:40:43,418 | INFO  | SCMAudit | user=jenkins1000 | ip=192.168.157.195 | op=SEND_HEARTBEAT {datanodeUUID=2da31971-fd5c-4baf-8dfe-b6048362baf8, command=[]} | ret=SUCCESS |  
2019-09-12 11:40:43,418 | INFO  | SCMAudit | user=jenkins1000 | ip=192.168.157.195 | op=SEND_HEARTBEAT {datanodeUUID=ef411258-a662-4696-ba26-405a55c9a048, command=[]} | ret=SUCCESS |  
2019-09-12 11:40:44,410 | INFO  | SCMAudit | user=jenkins1000 | ip=192.168.157.195 | op=SEND_HEARTBEAT {datanodeUUID=8668900b-06f4-40f9-8926-68eb6348aa5d, command=[]} | ret=SUCCESS |  
2019-09-12 11:40:44,410 | INFO  | SCMAudit | user=jenkins1000 | ip=192.168.157.195 | op=SEND_HEARTBEAT {datanodeUUID=5d0352ef-d446-4a04-a69e-b6b493d47759, command=[]} | ret=SUCCESS |  
2019-09-12 11:40:44,411 | INFO  | SCMAudit | user=jenkins1000 | ip=192.168.157.195 | op=SEND_HEARTBEAT {datanodeUUID=4255b290-7b6d-420f-97e2-6dfb55690bab, command=[]} | ret=SUCCESS |  
2019-09-12 11:40:44,417 | INFO  | SCMAudit | user=jenkins1000 | ip=192.168.157.195 | op=SEND_HEARTBEAT {datanodeUUID=f17fb2fb-971d-416e-b1f4-66e23bc05d05, command=[]} | ret=SUCCESS |  
2019-09-12 11:40:44,418 | INFO  | SCMAudit | user=jenkins1000 | ip=192.168.157.195 | op=SEND_HEARTBEAT {datanodeUUID=2da31971-fd5c-4baf-8dfe-b6048362baf8, command=[]} | ret=SUCCESS |  
2019-09-12 11:40:44,418 | INFO  | SCMAudit | user=jenkins1000 | ip=192.168.157.195 | op=SEND_HEARTBEAT {datanodeUUID=b5e361a7-9275-4b10-aa61-1d8677ab7c49, command=[]} | ret=SUCCESS |  
2019-09-12 11:40:44,419 | INFO  | SCMAudit | user=jenkins1000 | ip=192.168.157.195 | op=SEND_HEARTBEAT {datanodeUUID=dbf859ef-0f75-4843-8536-03105c97857a, command=[]} | ret=SUCCESS |  
2019-09-12 11:40:44,419 | INFO  | SCMAudit | user=jenkins1000 | ip=192.168.157.195 | op=SEND_HEARTBEAT {datanodeUUID=ef411258-a662-4696-ba26-405a55c9a048, command=[]} | ret=SUCCESS |  
2019-09-12 11:40:45,410 | INFO  | SCMAudit | user=jenkins1000 | ip=192.168.157.195 | op=SEND_HEARTBEAT {datanodeUUID=5d0352ef-d446-4a04-a69e-b6b493d47759, command=[]} | ret=SUCCESS |  
2019-09-12 11:40:45,411 | INFO  | SCMAudit | user=jenkins1000 | ip=192.168.157.195 | op=SEND_HEARTBEAT {datanodeUUID=8668900b-06f4-40f9-8926-68eb6348aa5d, command=[]} | ret=SUCCESS |  
2019-09-12 11:40:45,411 | INFO  | SCMAudit | user=jenkins1000 | ip=192.168.157.195 | op=SEND_HEARTBEAT {datanodeUUID=4255b290-7b6d-420f-97e2-6dfb55690bab, command=[]} | ret=SUCCESS |  
2019-09-12 11:40:45,417 | INFO  | SCMAudit | user=jenkins1000 | ip=192.168.157.195 | op=SEND_HEARTBEAT {datanodeUUID=f17fb2fb-971d-416e-b1f4-66e23bc05d05, command=[]} | ret=SUCCESS |  
2019-09-12 11:40:45,418 | INFO  | SCMAudit | user=jenkins1000 | ip=192.168.157.195 | op=SEND_HEARTBEAT {datanodeUUID=b5e361a7-9275-4b10-aa61-1d8677ab7c49, command=[]} | ret=SUCCESS |  
2019-09-12 11:40:45,418 | INFO  | SCMAudit | user=jenkins1000 | ip=192.168.157.195 | op=SEND_HEARTBEAT {datanodeUUID=dbf859ef-0f75-4843-8536-03105c97857a, command=[]} | ret=SUCCESS |  
2019-09-12 11:40:45,418 | INFO  | SCMAudit | user=jenkins1000 | ip=192.168.157.195 | op=SEND_HEARTBEAT {datanodeUUID=2da31971-fd5c-4baf-8dfe-b6048362baf8, command=[]} | ret=SUCCESS |  
2019-09-12 11:40:45,420 | INFO  | SCMAudit | user=jenkins1000 | ip=192.168.157.195 | op=SEND_HEARTBEAT {datanodeUUID=ef411258-a662-4696-ba26-405a55c9a048, command=[]} | ret=SUCCESS |  
2019-09-12 11:40:46,411 | INFO  | SCMAudit | user=jenkins1000 | ip=192.168.157.195 | op=SEND_HEARTBEAT {datanodeUUID=8668900b-06f4-40f9-8926-68eb6348aa5d, command=[]} | ret=SUCCESS |  
2019-09-12 11:40:46,411 | INFO  | SCMAudit | user=jenkins1000 | ip=192.168.157.195 | op=SEND_HEARTBEAT {datanodeUUID=4255b290-7b6d-420f-97e2-6dfb55690bab, command=[]} | ret=SUCCESS |  
2019-09-12 11:40:46,411 | INFO  | SCMAudit | user=jenkins1000 | ip=192.168.157.195 | op=SEND_HEARTBEAT {datanodeUUID=5d0352ef-d446-4a04-a69e-b6b493d47759, command=[]} | ret=SUCCESS |  
2019-09-12 11:40:46,418 | INFO  | SCMAudit | user=jenkins1000 | ip=192.168.157.195 | op=SEND_HEARTBEAT {datanodeUUID=dbf859ef-0f75-4843-8536-03105c97857a, command=[]} | ret=SUCCESS |  
2019-09-12 11:40:46,418 | INFO  | SCMAudit | user=jenkins1000 | ip=192.168.157.195 | op=SEND_HEARTBEAT {datanodeUUID=b5e361a7-9275-4b10-aa61-1d8677ab7c49, command=[]} | ret=SUCCESS |  
2019-09-12 11:40:46,418 | INFO  | SCMAudit | user=jenkins1000 | ip=192.168.157.195 | op=SEND_HEARTBEAT {datanodeUUID=f17fb2fb-971d-416e-b1f4-66e23bc05d05, command=[]} | ret=SUCCESS |  
2019-09-12 11:40:46,419 | INFO  | SCMAudit | user=jenkins1000 | ip=192.168.157.195 | op=SEND_HEARTBEAT {datanodeUUID=2da31971-fd5c-4baf-8dfe-b6048362baf8, command=[]} | ret=SUCCESS |  
2019-09-12 11:40:46,419 | INFO  | SCMAudit | user=jenkins1000 | ip=192.168.157.195 | op=SEND_HEARTBEAT {datanodeUUID=ef411258-a662-4696-ba26-405a55c9a048, command=[]} | ret=SUCCESS |  
2019-09-12 11:40:46,721 [main] INFO  ozoneimpl.OzoneContainer (OzoneContainer.java:stop(199)) - Attempting to stop container services.
2019-09-12 11:40:46,721 [ForkJoinPool.commonPool-worker-1] INFO  ozoneimpl.OzoneContainer (OzoneContainer.java:stop(199)) - Attempting to stop container services.
2019-09-12 11:40:46,723 [main] INFO  impl.RaftServerProxy (RaftServerProxy.java:lambda$close$4(314)) - 875e3d5e-0813-40b8-b024-43837dd2f6d5: close
2019-09-12 11:40:46,723 [ForkJoinPool.commonPool-worker-1] INFO  impl.RaftServerProxy (RaftServerProxy.java:lambda$close$4(314)) - abc6f9f9-8862-43ee-ac13-b67e1574492b: close
2019-09-12 11:40:46,727 [main] INFO  impl.RaftServerImpl (RaftServerImpl.java:lambda$shutdown$3(245)) - 875e3d5e-0813-40b8-b024-43837dd2f6d5: shutdown group-A87AF84CA360
2019-09-12 11:40:46,727 [ForkJoinPool.commonPool-worker-1] INFO  impl.RaftServerImpl (RaftServerImpl.java:lambda$shutdown$3(245)) - abc6f9f9-8862-43ee-ac13-b67e1574492b: shutdown group-19162728FDAB
2019-09-12 11:40:46,731 [main] INFO  util.JmxRegister (JmxRegister.java:unregister(73)) - Successfully un-registered JMX Bean with object name Ratis:service=RaftServer,group=group-A87AF84CA360,id=875e3d5e-0813-40b8-b024-43837dd2f6d5
2019-09-12 11:40:46,731 [ForkJoinPool.commonPool-worker-1] INFO  util.JmxRegister (JmxRegister.java:unregister(73)) - Successfully un-registered JMX Bean with object name Ratis:service=RaftServer,group=group-19162728FDAB,id=abc6f9f9-8862-43ee-ac13-b67e1574492b
2019-09-12 11:40:46,732 [main] INFO  impl.RoleInfo (RoleInfo.java:shutdownLeaderState(104)) - 875e3d5e-0813-40b8-b024-43837dd2f6d5: shutdown LeaderState
2019-09-12 11:40:46,732 [ForkJoinPool.commonPool-worker-1] INFO  impl.RoleInfo (RoleInfo.java:shutdownLeaderState(104)) - abc6f9f9-8862-43ee-ac13-b67e1574492b: shutdown LeaderState
2019-09-12 11:40:46,734 [main] INFO  impl.PendingRequests (PendingRequests.java:sendNotLeaderResponses(202)) - 875e3d5e-0813-40b8-b024-43837dd2f6d5-PendingRequests: sendNotLeaderResponses
2019-09-12 11:40:46,734 [ForkJoinPool.commonPool-worker-1] INFO  impl.PendingRequests (PendingRequests.java:sendNotLeaderResponses(202)) - abc6f9f9-8862-43ee-ac13-b67e1574492b-PendingRequests: sendNotLeaderResponses
2019-09-12 11:40:46,740 [ForkJoinPool.commonPool-worker-1] INFO  impl.StateMachineUpdater (StateMachineUpdater.java:stopAndJoin(115)) - StateMachineUpdater:abc6f9f9-8862-43ee-ac13-b67e1574492b:group-19162728FDAB: set stopIndex = 0
2019-09-12 11:40:46,740 [main] INFO  impl.StateMachineUpdater (StateMachineUpdater.java:stopAndJoin(115)) - StateMachineUpdater:875e3d5e-0813-40b8-b024-43837dd2f6d5:group-A87AF84CA360: set stopIndex = 0
2019-09-12 11:40:46,744 [main] INFO  impl.RaftServerImpl (ServerState.java:close(394)) - 875e3d5e-0813-40b8-b024-43837dd2f6d5:group-A87AF84CA360 closes. The last applied log index is 0
2019-09-12 11:40:46,744 [ForkJoinPool.commonPool-worker-1] INFO  impl.RaftServerImpl (ServerState.java:close(394)) - abc6f9f9-8862-43ee-ac13-b67e1574492b:group-19162728FDAB closes. The last applied log index is 0
2019-09-12 11:40:46,746 [875e3d5e-0813-40b8-b024-43837dd2f6d5-SegmentedRaftLogWorker:Storage Directory /workdir/hadoop-ozone/ozonefs/target/test-dir/MiniOzoneClusterImpl-3f0ffa95-bfc9-4a1c-9a47-ff24715a0622/datanode-5/data/ratis/d3ba69cb-8f1c-46a6-a51a-a87af84ca360] INFO  segmented.SegmentedRaftLogWorker (SegmentedRaftLogWorker.java:run(313)) - 875e3d5e-0813-40b8-b024-43837dd2f6d5-SegmentedRaftLogWorker:Storage Directory /workdir/hadoop-ozone/ozonefs/target/test-dir/MiniOzoneClusterImpl-3f0ffa95-bfc9-4a1c-9a47-ff24715a0622/datanode-5/data/ratis/d3ba69cb-8f1c-46a6-a51a-a87af84ca360 was interrupted, exiting. There are 0 tasks remaining in the queue.
2019-09-12 11:40:46,746 [abc6f9f9-8862-43ee-ac13-b67e1574492b-SegmentedRaftLogWorker:Storage Directory /workdir/hadoop-ozone/ozonefs/target/test-dir/MiniOzoneClusterImpl-3f0ffa95-bfc9-4a1c-9a47-ff24715a0622/datanode-2/data/ratis/c755a7cb-711b-41d8-83af-19162728fdab] INFO  segmented.SegmentedRaftLogWorker (SegmentedRaftLogWorker.java:run(313)) - abc6f9f9-8862-43ee-ac13-b67e1574492b-SegmentedRaftLogWorker:Storage Directory /workdir/hadoop-ozone/ozonefs/target/test-dir/MiniOzoneClusterImpl-3f0ffa95-bfc9-4a1c-9a47-ff24715a0622/datanode-2/data/ratis/c755a7cb-711b-41d8-83af-19162728fdab was interrupted, exiting. There are 0 tasks remaining in the queue.
2019-09-12 11:40:46,752 [main] INFO  segmented.SegmentedRaftLogWorker (SegmentedRaftLogWorker.java:close(228)) - 875e3d5e-0813-40b8-b024-43837dd2f6d5-SegmentedRaftLogWorker:Storage Directory /workdir/hadoop-ozone/ozonefs/target/test-dir/MiniOzoneClusterImpl-3f0ffa95-bfc9-4a1c-9a47-ff24715a0622/datanode-5/data/ratis/d3ba69cb-8f1c-46a6-a51a-a87af84ca360 close()
2019-09-12 11:40:46,752 [ForkJoinPool.commonPool-worker-1] INFO  segmented.SegmentedRaftLogWorker (SegmentedRaftLogWorker.java:close(228)) - abc6f9f9-8862-43ee-ac13-b67e1574492b-SegmentedRaftLogWorker:Storage Directory /workdir/hadoop-ozone/ozonefs/target/test-dir/MiniOzoneClusterImpl-3f0ffa95-bfc9-4a1c-9a47-ff24715a0622/datanode-2/data/ratis/c755a7cb-711b-41d8-83af-19162728fdab close()
2019-09-12 11:40:46,764 [ForkJoinPool.commonPool-worker-1] INFO  impl.RaftServerImpl (RaftServerImpl.java:lambda$shutdown$3(245)) - abc6f9f9-8862-43ee-ac13-b67e1574492b: shutdown group-8B7714052504
2019-09-12 11:40:46,764 [main] INFO  impl.RaftServerImpl (RaftServerImpl.java:lambda$shutdown$3(245)) - 875e3d5e-0813-40b8-b024-43837dd2f6d5: shutdown group-ADA921ECC105
2019-09-12 11:40:46,764 [ForkJoinPool.commonPool-worker-1] INFO  util.JmxRegister (JmxRegister.java:unregister(73)) - Successfully un-registered JMX Bean with object name Ratis:service=RaftServer,group=group-8B7714052504,id=abc6f9f9-8862-43ee-ac13-b67e1574492b
2019-09-12 11:40:46,765 [main] INFO  util.JmxRegister (JmxRegister.java:unregister(73)) - Successfully un-registered JMX Bean with object name Ratis:service=RaftServer,group=group-ADA921ECC105,id=875e3d5e-0813-40b8-b024-43837dd2f6d5
2019-09-12 11:40:46,765 [ForkJoinPool.commonPool-worker-1] INFO  impl.RoleInfo (RoleInfo.java:shutdownLeaderState(104)) - abc6f9f9-8862-43ee-ac13-b67e1574492b: shutdown LeaderState
2019-09-12 11:40:46,765 [main] INFO  impl.RoleInfo (RoleInfo.java:shutdownLeaderState(104)) - 875e3d5e-0813-40b8-b024-43837dd2f6d5: shutdown LeaderState
2019-09-12 11:40:46,766 [ForkJoinPool.commonPool-worker-1] INFO  impl.PendingRequests (PendingRequests.java:sendNotLeaderResponses(202)) - abc6f9f9-8862-43ee-ac13-b67e1574492b-PendingRequests: sendNotLeaderResponses
2019-09-12 11:40:46,766 [main] INFO  impl.PendingRequests (PendingRequests.java:sendNotLeaderResponses(202)) - 875e3d5e-0813-40b8-b024-43837dd2f6d5-PendingRequests: sendNotLeaderResponses
2019-09-12 11:40:46,766 [ForkJoinPool.commonPool-worker-1] INFO  impl.StateMachineUpdater (StateMachineUpdater.java:stopAndJoin(115)) - StateMachineUpdater:abc6f9f9-8862-43ee-ac13-b67e1574492b:group-8B7714052504: set stopIndex = 0
2019-09-12 11:40:46,767 [main] INFO  impl.StateMachineUpdater (StateMachineUpdater.java:stopAndJoin(115)) - StateMachineUpdater:875e3d5e-0813-40b8-b024-43837dd2f6d5:group-ADA921ECC105: set stopIndex = 0
2019-09-12 11:40:46,767 [ForkJoinPool.commonPool-worker-1] INFO  impl.RaftServerImpl (ServerState.java:close(394)) - abc6f9f9-8862-43ee-ac13-b67e1574492b:group-8B7714052504 closes. The last applied log index is 0
2019-09-12 11:40:46,767 [main] INFO  impl.RaftServerImpl (ServerState.java:close(394)) - 875e3d5e-0813-40b8-b024-43837dd2f6d5:group-ADA921ECC105 closes. The last applied log index is 0
2019-09-12 11:40:46,768 [abc6f9f9-8862-43ee-ac13-b67e1574492b-SegmentedRaftLogWorker:Storage Directory /workdir/hadoop-ozone/ozonefs/target/test-dir/MiniOzoneClusterImpl-3f0ffa95-bfc9-4a1c-9a47-ff24715a0622/datanode-2/data/ratis/4dfecc07-b0b5-48be-a715-8b7714052504] INFO  segmented.SegmentedRaftLogWorker (SegmentedRaftLogWorker.java:run(313)) - abc6f9f9-8862-43ee-ac13-b67e1574492b-SegmentedRaftLogWorker:Storage Directory /workdir/hadoop-ozone/ozonefs/target/test-dir/MiniOzoneClusterImpl-3f0ffa95-bfc9-4a1c-9a47-ff24715a0622/datanode-2/data/ratis/4dfecc07-b0b5-48be-a715-8b7714052504 was interrupted, exiting. There are 0 tasks remaining in the queue.
2019-09-12 11:40:46,768 [875e3d5e-0813-40b8-b024-43837dd2f6d5-SegmentedRaftLogWorker:Storage Directory /workdir/hadoop-ozone/ozonefs/target/test-dir/MiniOzoneClusterImpl-3f0ffa95-bfc9-4a1c-9a47-ff24715a0622/datanode-5/data/ratis/fe089f3e-4c21-49f2-95e7-ada921ecc105] INFO  segmented.SegmentedRaftLogWorker (SegmentedRaftLogWorker.java:run(313)) - 875e3d5e-0813-40b8-b024-43837dd2f6d5-SegmentedRaftLogWorker:Storage Directory /workdir/hadoop-ozone/ozonefs/target/test-dir/MiniOzoneClusterImpl-3f0ffa95-bfc9-4a1c-9a47-ff24715a0622/datanode-5/data/ratis/fe089f3e-4c21-49f2-95e7-ada921ecc105 was interrupted, exiting. There are 0 tasks remaining in the queue.
2019-09-12 11:40:46,771 [ForkJoinPool.commonPool-worker-1] INFO  segmented.SegmentedRaftLogWorker (SegmentedRaftLogWorker.java:close(228)) - abc6f9f9-8862-43ee-ac13-b67e1574492b-SegmentedRaftLogWorker:Storage Directory /workdir/hadoop-ozone/ozonefs/target/test-dir/MiniOzoneClusterImpl-3f0ffa95-bfc9-4a1c-9a47-ff24715a0622/datanode-2/data/ratis/4dfecc07-b0b5-48be-a715-8b7714052504 close()
2019-09-12 11:40:46,774 [main] INFO  segmented.SegmentedRaftLogWorker (SegmentedRaftLogWorker.java:close(228)) - 875e3d5e-0813-40b8-b024-43837dd2f6d5-SegmentedRaftLogWorker:Storage Directory /workdir/hadoop-ozone/ozonefs/target/test-dir/MiniOzoneClusterImpl-3f0ffa95-bfc9-4a1c-9a47-ff24715a0622/datanode-5/data/ratis/fe089f3e-4c21-49f2-95e7-ada921ecc105 close()
2019-09-12 11:40:46,779 [ForkJoinPool.commonPool-worker-1] INFO  impl.RaftServerImpl (RaftServerImpl.java:lambda$shutdown$3(245)) - abc6f9f9-8862-43ee-ac13-b67e1574492b: shutdown group-B091B5B35FA8
2019-09-12 11:40:46,784 [main] INFO  impl.RaftServerImpl (RaftServerImpl.java:lambda$shutdown$3(245)) - 875e3d5e-0813-40b8-b024-43837dd2f6d5: shutdown group-02739266B329
2019-09-12 11:40:46,784 [ForkJoinPool.commonPool-worker-1] INFO  util.JmxRegister (JmxRegister.java:unregister(73)) - Successfully un-registered JMX Bean with object name Ratis:service=RaftServer,group=group-B091B5B35FA8,id=abc6f9f9-8862-43ee-ac13-b67e1574492b
2019-09-12 11:40:46,785 [main] INFO  util.JmxRegister (JmxRegister.java:unregister(73)) - Successfully un-registered JMX Bean with object name Ratis:service=RaftServer,group=group-02739266B329,id=875e3d5e-0813-40b8-b024-43837dd2f6d5
2019-09-12 11:40:46,785 [ForkJoinPool.commonPool-worker-1] INFO  impl.RoleInfo (RoleInfo.java:shutdownLeaderState(104)) - abc6f9f9-8862-43ee-ac13-b67e1574492b: shutdown LeaderState
2019-09-12 11:40:46,786 [main] INFO  impl.RoleInfo (RoleInfo.java:shutdownLeaderState(104)) - 875e3d5e-0813-40b8-b024-43837dd2f6d5: shutdown LeaderState
2019-09-12 11:40:46,786 [ForkJoinPool.commonPool-worker-1] INFO  impl.PendingRequests (PendingRequests.java:sendNotLeaderResponses(202)) - abc6f9f9-8862-43ee-ac13-b67e1574492b-PendingRequests: sendNotLeaderResponses
2019-09-12 11:40:46,786 [main] INFO  impl.PendingRequests (PendingRequests.java:sendNotLeaderResponses(202)) - 875e3d5e-0813-40b8-b024-43837dd2f6d5-PendingRequests: sendNotLeaderResponses
2019-09-12 11:40:46,787 [ForkJoinPool.commonPool-worker-1] INFO  impl.StateMachineUpdater (StateMachineUpdater.java:stopAndJoin(115)) - StateMachineUpdater:abc6f9f9-8862-43ee-ac13-b67e1574492b:group-B091B5B35FA8: set stopIndex = 0
2019-09-12 11:40:46,787 [main] INFO  impl.StateMachineUpdater (StateMachineUpdater.java:stopAndJoin(115)) - StateMachineUpdater:875e3d5e-0813-40b8-b024-43837dd2f6d5:group-02739266B329: set stopIndex = 0
2019-09-12 11:40:46,787 [ForkJoinPool.commonPool-worker-1] INFO  impl.RaftServerImpl (ServerState.java:close(394)) - abc6f9f9-8862-43ee-ac13-b67e1574492b:group-B091B5B35FA8 closes. The last applied log index is 0
2019-09-12 11:40:46,788 [main] INFO  impl.RaftServerImpl (ServerState.java:close(394)) - 875e3d5e-0813-40b8-b024-43837dd2f6d5:group-02739266B329 closes. The last applied log index is 0
2019-09-12 11:40:46,788 [abc6f9f9-8862-43ee-ac13-b67e1574492b-SegmentedRaftLogWorker:Storage Directory /workdir/hadoop-ozone/ozonefs/target/test-dir/MiniOzoneClusterImpl-3f0ffa95-bfc9-4a1c-9a47-ff24715a0622/datanode-2/data/ratis/aa864350-ff14-4c0d-bdf4-b091b5b35fa8] INFO  segmented.SegmentedRaftLogWorker (SegmentedRaftLogWorker.java:run(313)) - abc6f9f9-8862-43ee-ac13-b67e1574492b-SegmentedRaftLogWorker:Storage Directory /workdir/hadoop-ozone/ozonefs/target/test-dir/MiniOzoneClusterImpl-3f0ffa95-bfc9-4a1c-9a47-ff24715a0622/datanode-2/data/ratis/aa864350-ff14-4c0d-bdf4-b091b5b35fa8 was interrupted, exiting. There are 0 tasks remaining in the queue.
2019-09-12 11:40:46,789 [875e3d5e-0813-40b8-b024-43837dd2f6d5-SegmentedRaftLogWorker:Storage Directory /workdir/hadoop-ozone/ozonefs/target/test-dir/MiniOzoneClusterImpl-3f0ffa95-bfc9-4a1c-9a47-ff24715a0622/datanode-5/data/ratis/108bdf98-4880-40d9-9d35-02739266b329] INFO  segmented.SegmentedRaftLogWorker (SegmentedRaftLogWorker.java:run(313)) - 875e3d5e-0813-40b8-b024-43837dd2f6d5-SegmentedRaftLogWorker:Storage Directory /workdir/hadoop-ozone/ozonefs/target/test-dir/MiniOzoneClusterImpl-3f0ffa95-bfc9-4a1c-9a47-ff24715a0622/datanode-5/data/ratis/108bdf98-4880-40d9-9d35-02739266b329 was interrupted, exiting. There are 0 tasks remaining in the queue.
2019-09-12 11:40:46,791 [ForkJoinPool.commonPool-worker-1] INFO  segmented.SegmentedRaftLogWorker (SegmentedRaftLogWorker.java:close(228)) - abc6f9f9-8862-43ee-ac13-b67e1574492b-SegmentedRaftLogWorker:Storage Directory /workdir/hadoop-ozone/ozonefs/target/test-dir/MiniOzoneClusterImpl-3f0ffa95-bfc9-4a1c-9a47-ff24715a0622/datanode-2/data/ratis/aa864350-ff14-4c0d-bdf4-b091b5b35fa8 close()
2019-09-12 11:40:46,794 [main] INFO  segmented.SegmentedRaftLogWorker (SegmentedRaftLogWorker.java:close(228)) - 875e3d5e-0813-40b8-b024-43837dd2f6d5-SegmentedRaftLogWorker:Storage Directory /workdir/hadoop-ozone/ozonefs/target/test-dir/MiniOzoneClusterImpl-3f0ffa95-bfc9-4a1c-9a47-ff24715a0622/datanode-5/data/ratis/108bdf98-4880-40d9-9d35-02739266b329 close()
2019-09-12 11:40:46,799 [ForkJoinPool.commonPool-worker-1] INFO  impl.RaftServerImpl (RaftServerImpl.java:lambda$shutdown$3(245)) - abc6f9f9-8862-43ee-ac13-b67e1574492b: shutdown group-974EEC7E57C9
2019-09-12 11:40:46,804 [main] INFO  impl.RaftServerImpl (RaftServerImpl.java:lambda$shutdown$3(245)) - 875e3d5e-0813-40b8-b024-43837dd2f6d5: shutdown group-AD8B6A236438
2019-09-12 11:40:46,804 [ForkJoinPool.commonPool-worker-1] INFO  util.JmxRegister (JmxRegister.java:unregister(73)) - Successfully un-registered JMX Bean with object name Ratis:service=RaftServer,group=group-974EEC7E57C9,id=abc6f9f9-8862-43ee-ac13-b67e1574492b
2019-09-12 11:40:46,805 [main] INFO  util.JmxRegister (JmxRegister.java:unregister(73)) - Successfully un-registered JMX Bean with object name Ratis:service=RaftServer,group=group-AD8B6A236438,id=875e3d5e-0813-40b8-b024-43837dd2f6d5
2019-09-12 11:40:46,805 [ForkJoinPool.commonPool-worker-1] INFO  impl.RoleInfo (RoleInfo.java:shutdownLeaderState(104)) - abc6f9f9-8862-43ee-ac13-b67e1574492b: shutdown LeaderState
2019-09-12 11:40:46,805 [main] INFO  impl.RoleInfo (RoleInfo.java:shutdownLeaderState(104)) - 875e3d5e-0813-40b8-b024-43837dd2f6d5: shutdown LeaderState
2019-09-12 11:40:46,806 [ForkJoinPool.commonPool-worker-1] INFO  impl.PendingRequests (PendingRequests.java:sendNotLeaderResponses(202)) - abc6f9f9-8862-43ee-ac13-b67e1574492b-PendingRequests: sendNotLeaderResponses
2019-09-12 11:40:46,806 [main] INFO  impl.PendingRequests (PendingRequests.java:sendNotLeaderResponses(202)) - 875e3d5e-0813-40b8-b024-43837dd2f6d5-PendingRequests: sendNotLeaderResponses
2019-09-12 11:40:46,806 [ForkJoinPool.commonPool-worker-1] INFO  impl.StateMachineUpdater (StateMachineUpdater.java:stopAndJoin(115)) - StateMachineUpdater:abc6f9f9-8862-43ee-ac13-b67e1574492b:group-974EEC7E57C9: set stopIndex = 0
2019-09-12 11:40:46,807 [main] INFO  impl.StateMachineUpdater (StateMachineUpdater.java:stopAndJoin(115)) - StateMachineUpdater:875e3d5e-0813-40b8-b024-43837dd2f6d5:group-AD8B6A236438: set stopIndex = 0
2019-09-12 11:40:46,807 [ForkJoinPool.commonPool-worker-1] INFO  impl.RaftServerImpl (ServerState.java:close(394)) - abc6f9f9-8862-43ee-ac13-b67e1574492b:group-974EEC7E57C9 closes. The last applied log index is 0
2019-09-12 11:40:46,807 [main] INFO  impl.RaftServerImpl (ServerState.java:close(394)) - 875e3d5e-0813-40b8-b024-43837dd2f6d5:group-AD8B6A236438 closes. The last applied log index is 0
2019-09-12 11:40:46,808 [abc6f9f9-8862-43ee-ac13-b67e1574492b-SegmentedRaftLogWorker:Storage Directory /workdir/hadoop-ozone/ozonefs/target/test-dir/MiniOzoneClusterImpl-3f0ffa95-bfc9-4a1c-9a47-ff24715a0622/datanode-2/data/ratis/f57b65ce-aafe-4429-aeaa-974eec7e57c9] INFO  segmented.SegmentedRaftLogWorker (SegmentedRaftLogWorker.java:run(313)) - abc6f9f9-8862-43ee-ac13-b67e1574492b-SegmentedRaftLogWorker:Storage Directory /workdir/hadoop-ozone/ozonefs/target/test-dir/MiniOzoneClusterImpl-3f0ffa95-bfc9-4a1c-9a47-ff24715a0622/datanode-2/data/ratis/f57b65ce-aafe-4429-aeaa-974eec7e57c9 was interrupted, exiting. There are 0 tasks remaining in the queue.
2019-09-12 11:40:46,808 [875e3d5e-0813-40b8-b024-43837dd2f6d5-SegmentedRaftLogWorker:Storage Directory /workdir/hadoop-ozone/ozonefs/target/test-dir/MiniOzoneClusterImpl-3f0ffa95-bfc9-4a1c-9a47-ff24715a0622/datanode-5/data/ratis/f7530d1c-cb34-4e3c-9ffe-ad8b6a236438] INFO  segmented.SegmentedRaftLogWorker (SegmentedRaftLogWorker.java:run(313)) - 875e3d5e-0813-40b8-b024-43837dd2f6d5-SegmentedRaftLogWorker:Storage Directory /workdir/hadoop-ozone/ozonefs/target/test-dir/MiniOzoneClusterImpl-3f0ffa95-bfc9-4a1c-9a47-ff24715a0622/datanode-5/data/ratis/f7530d1c-cb34-4e3c-9ffe-ad8b6a236438 was interrupted, exiting. There are 0 tasks remaining in the queue.
2019-09-12 11:40:46,811 [ForkJoinPool.commonPool-worker-1] INFO  segmented.SegmentedRaftLogWorker (SegmentedRaftLogWorker.java:close(228)) - abc6f9f9-8862-43ee-ac13-b67e1574492b-SegmentedRaftLogWorker:Storage Directory /workdir/hadoop-ozone/ozonefs/target/test-dir/MiniOzoneClusterImpl-3f0ffa95-bfc9-4a1c-9a47-ff24715a0622/datanode-2/data/ratis/f57b65ce-aafe-4429-aeaa-974eec7e57c9 close()
2019-09-12 11:40:46,813 [main] INFO  segmented.SegmentedRaftLogWorker (SegmentedRaftLogWorker.java:close(228)) - 875e3d5e-0813-40b8-b024-43837dd2f6d5-SegmentedRaftLogWorker:Storage Directory /workdir/hadoop-ozone/ozonefs/target/test-dir/MiniOzoneClusterImpl-3f0ffa95-bfc9-4a1c-9a47-ff24715a0622/datanode-5/data/ratis/f7530d1c-cb34-4e3c-9ffe-ad8b6a236438 close()
2019-09-12 11:40:46,818 [ForkJoinPool.commonPool-worker-1] INFO  impl.RaftServerImpl (RaftServerImpl.java:lambda$shutdown$3(245)) - abc6f9f9-8862-43ee-ac13-b67e1574492b: shutdown group-7170AE6FA3A0
2019-09-12 11:40:46,822 [main] INFO  impl.RaftServerImpl (RaftServerImpl.java:lambda$shutdown$3(245)) - 875e3d5e-0813-40b8-b024-43837dd2f6d5: shutdown group-798CD9815786
2019-09-12 11:40:46,823 [ForkJoinPool.commonPool-worker-1] INFO  util.JmxRegister (JmxRegister.java:unregister(73)) - Successfully un-registered JMX Bean with object name Ratis:service=RaftServer,group=group-7170AE6FA3A0,id=abc6f9f9-8862-43ee-ac13-b67e1574492b
2019-09-12 11:40:46,823 [main] INFO  util.JmxRegister (JmxRegister.java:unregister(73)) - Successfully un-registered JMX Bean with object name Ratis:service=RaftServer,group=group-798CD9815786,id=875e3d5e-0813-40b8-b024-43837dd2f6d5
2019-09-12 11:40:46,823 [ForkJoinPool.commonPool-worker-1] INFO  impl.RoleInfo (RoleInfo.java:shutdownLeaderState(104)) - abc6f9f9-8862-43ee-ac13-b67e1574492b: shutdown LeaderState
2019-09-12 11:40:46,824 [main] INFO  impl.RoleInfo (RoleInfo.java:shutdownLeaderState(104)) - 875e3d5e-0813-40b8-b024-43837dd2f6d5: shutdown LeaderState
2019-09-12 11:40:46,824 [ForkJoinPool.commonPool-worker-1] INFO  impl.PendingRequests (PendingRequests.java:sendNotLeaderResponses(202)) - abc6f9f9-8862-43ee-ac13-b67e1574492b-PendingRequests: sendNotLeaderResponses
2019-09-12 11:40:46,824 [main] INFO  impl.PendingRequests (PendingRequests.java:sendNotLeaderResponses(202)) - 875e3d5e-0813-40b8-b024-43837dd2f6d5-PendingRequests: sendNotLeaderResponses
2019-09-12 11:40:46,825 [ForkJoinPool.commonPool-worker-1] INFO  impl.StateMachineUpdater (StateMachineUpdater.java:stopAndJoin(115)) - StateMachineUpdater:abc6f9f9-8862-43ee-ac13-b67e1574492b:group-7170AE6FA3A0: set stopIndex = 0
2019-09-12 11:40:46,825 [main] INFO  impl.StateMachineUpdater (StateMachineUpdater.java:stopAndJoin(115)) - StateMachineUpdater:875e3d5e-0813-40b8-b024-43837dd2f6d5:group-798CD9815786: set stopIndex = 0
2019-09-12 11:40:46,825 [ForkJoinPool.commonPool-worker-1] INFO  impl.RaftServerImpl (ServerState.java:close(394)) - abc6f9f9-8862-43ee-ac13-b67e1574492b:group-7170AE6FA3A0 closes. The last applied log index is 0
2019-09-12 11:40:46,826 [main] INFO  impl.RaftServerImpl (ServerState.java:close(394)) - 875e3d5e-0813-40b8-b024-43837dd2f6d5:group-798CD9815786 closes. The last applied log index is 0
2019-09-12 11:40:46,826 [abc6f9f9-8862-43ee-ac13-b67e1574492b-SegmentedRaftLogWorker:Storage Directory /workdir/hadoop-ozone/ozonefs/target/test-dir/MiniOzoneClusterImpl-3f0ffa95-bfc9-4a1c-9a47-ff24715a0622/datanode-2/data/ratis/8f6ab6f8-421d-4b4a-af92-7170ae6fa3a0] INFO  segmented.SegmentedRaftLogWorker (SegmentedRaftLogWorker.java:run(313)) - abc6f9f9-8862-43ee-ac13-b67e1574492b-SegmentedRaftLogWorker:Storage Directory /workdir/hadoop-ozone/ozonefs/target/test-dir/MiniOzoneClusterImpl-3f0ffa95-bfc9-4a1c-9a47-ff24715a0622/datanode-2/data/ratis/8f6ab6f8-421d-4b4a-af92-7170ae6fa3a0 was interrupted, exiting. There are 0 tasks remaining in the queue.
2019-09-12 11:40:46,827 [875e3d5e-0813-40b8-b024-43837dd2f6d5-SegmentedRaftLogWorker:Storage Directory /workdir/hadoop-ozone/ozonefs/target/test-dir/MiniOzoneClusterImpl-3f0ffa95-bfc9-4a1c-9a47-ff24715a0622/datanode-5/data/ratis/544d20fb-c8b4-4ead-afbd-798cd9815786] INFO  segmented.SegmentedRaftLogWorker (SegmentedRaftLogWorker.java:run(313)) - 875e3d5e-0813-40b8-b024-43837dd2f6d5-SegmentedRaftLogWorker:Storage Directory /workdir/hadoop-ozone/ozonefs/target/test-dir/MiniOzoneClusterImpl-3f0ffa95-bfc9-4a1c-9a47-ff24715a0622/datanode-5/data/ratis/544d20fb-c8b4-4ead-afbd-798cd9815786 was interrupted, exiting. There are 0 tasks remaining in the queue.
2019-09-12 11:40:46,829 [ForkJoinPool.commonPool-worker-1] INFO  segmented.SegmentedRaftLogWorker (SegmentedRaftLogWorker.java:close(228)) - abc6f9f9-8862-43ee-ac13-b67e1574492b-SegmentedRaftLogWorker:Storage Directory /workdir/hadoop-ozone/ozonefs/target/test-dir/MiniOzoneClusterImpl-3f0ffa95-bfc9-4a1c-9a47-ff24715a0622/datanode-2/data/ratis/8f6ab6f8-421d-4b4a-af92-7170ae6fa3a0 close()
2019-09-12 11:40:46,831 [main] INFO  segmented.SegmentedRaftLogWorker (SegmentedRaftLogWorker.java:close(228)) - 875e3d5e-0813-40b8-b024-43837dd2f6d5-SegmentedRaftLogWorker:Storage Directory /workdir/hadoop-ozone/ozonefs/target/test-dir/MiniOzoneClusterImpl-3f0ffa95-bfc9-4a1c-9a47-ff24715a0622/datanode-5/data/ratis/544d20fb-c8b4-4ead-afbd-798cd9815786 close()
2019-09-12 11:40:46,836 [ForkJoinPool.commonPool-worker-1] INFO  impl.RaftServerImpl (RaftServerImpl.java:lambda$shutdown$3(245)) - abc6f9f9-8862-43ee-ac13-b67e1574492b: shutdown group-FA576FE5EC94
2019-09-12 11:40:46,852 [main] INFO  impl.RaftServerImpl (RaftServerImpl.java:lambda$shutdown$3(245)) - 875e3d5e-0813-40b8-b024-43837dd2f6d5: shutdown group-7CA5DDEA94E2
2019-09-12 11:40:46,853 [ForkJoinPool.commonPool-worker-1] INFO  util.JmxRegister (JmxRegister.java:unregister(73)) - Successfully un-registered JMX Bean with object name Ratis:service=RaftServer,group=group-FA576FE5EC94,id=abc6f9f9-8862-43ee-ac13-b67e1574492b
2019-09-12 11:40:46,853 [main] INFO  util.JmxRegister (JmxRegister.java:unregister(73)) - Successfully un-registered JMX Bean with object name Ratis:service=RaftServer,group=group-7CA5DDEA94E2,id=875e3d5e-0813-40b8-b024-43837dd2f6d5
2019-09-12 11:40:46,854 [main] INFO  impl.RoleInfo (RoleInfo.java:shutdownLeaderState(104)) - 875e3d5e-0813-40b8-b024-43837dd2f6d5: shutdown LeaderState
2019-09-12 11:40:46,853 [ForkJoinPool.commonPool-worker-1] INFO  impl.RoleInfo (RoleInfo.java:shutdownLeaderState(104)) - abc6f9f9-8862-43ee-ac13-b67e1574492b: shutdown LeaderState
2019-09-12 11:40:46,854 [main] INFO  impl.PendingRequests (PendingRequests.java:sendNotLeaderResponses(202)) - 875e3d5e-0813-40b8-b024-43837dd2f6d5-PendingRequests: sendNotLeaderResponses
2019-09-12 11:40:46,854 [ForkJoinPool.commonPool-worker-1] INFO  impl.PendingRequests (PendingRequests.java:sendNotLeaderResponses(202)) - abc6f9f9-8862-43ee-ac13-b67e1574492b-PendingRequests: sendNotLeaderResponses
2019-09-12 11:40:46,855 [main] INFO  impl.StateMachineUpdater (StateMachineUpdater.java:stopAndJoin(115)) - StateMachineUpdater:875e3d5e-0813-40b8-b024-43837dd2f6d5:group-7CA5DDEA94E2: set stopIndex = 0
2019-09-12 11:40:46,855 [ForkJoinPool.commonPool-worker-1] INFO  impl.StateMachineUpdater (StateMachineUpdater.java:stopAndJoin(115)) - StateMachineUpdater:abc6f9f9-8862-43ee-ac13-b67e1574492b:group-FA576FE5EC94: set stopIndex = 0
2019-09-12 11:40:46,855 [main] INFO  impl.RaftServerImpl (ServerState.java:close(394)) - 875e3d5e-0813-40b8-b024-43837dd2f6d5:group-7CA5DDEA94E2 closes. The last applied log index is 0
2019-09-12 11:40:46,856 [ForkJoinPool.commonPool-worker-1] INFO  impl.RaftServerImpl (ServerState.java:close(394)) - abc6f9f9-8862-43ee-ac13-b67e1574492b:group-FA576FE5EC94 closes. The last applied log index is 0
2019-09-12 11:40:46,856 [875e3d5e-0813-40b8-b024-43837dd2f6d5-SegmentedRaftLogWorker:Storage Directory /workdir/hadoop-ozone/ozonefs/target/test-dir/MiniOzoneClusterImpl-3f0ffa95-bfc9-4a1c-9a47-ff24715a0622/datanode-5/data/ratis/098bd499-b042-43b9-a87b-7ca5ddea94e2] INFO  segmented.SegmentedRaftLogWorker (SegmentedRaftLogWorker.java:run(313)) - 875e3d5e-0813-40b8-b024-43837dd2f6d5-SegmentedRaftLogWorker:Storage Directory /workdir/hadoop-ozone/ozonefs/target/test-dir/MiniOzoneClusterImpl-3f0ffa95-bfc9-4a1c-9a47-ff24715a0622/datanode-5/data/ratis/098bd499-b042-43b9-a87b-7ca5ddea94e2 was interrupted, exiting. There are 0 tasks remaining in the queue.
2019-09-12 11:40:46,857 [main] INFO  segmented.SegmentedRaftLogWorker (SegmentedRaftLogWorker.java:close(228)) - 875e3d5e-0813-40b8-b024-43837dd2f6d5-SegmentedRaftLogWorker:Storage Directory /workdir/hadoop-ozone/ozonefs/target/test-dir/MiniOzoneClusterImpl-3f0ffa95-bfc9-4a1c-9a47-ff24715a0622/datanode-5/data/ratis/098bd499-b042-43b9-a87b-7ca5ddea94e2 close()
2019-09-12 11:40:46,857 [abc6f9f9-8862-43ee-ac13-b67e1574492b-SegmentedRaftLogWorker:Storage Directory /workdir/hadoop-ozone/ozonefs/target/test-dir/MiniOzoneClusterImpl-3f0ffa95-bfc9-4a1c-9a47-ff24715a0622/datanode-2/data/ratis/90b8e983-0bdb-4887-94c8-fa576fe5ec94] INFO  segmented.SegmentedRaftLogWorker (SegmentedRaftLogWorker.java:run(313)) - abc6f9f9-8862-43ee-ac13-b67e1574492b-SegmentedRaftLogWorker:Storage Directory /workdir/hadoop-ozone/ozonefs/target/test-dir/MiniOzoneClusterImpl-3f0ffa95-bfc9-4a1c-9a47-ff24715a0622/datanode-2/data/ratis/90b8e983-0bdb-4887-94c8-fa576fe5ec94 was interrupted, exiting. There are 0 tasks remaining in the queue.
2019-09-12 11:40:46,862 [ForkJoinPool.commonPool-worker-1] INFO  segmented.SegmentedRaftLogWorker (SegmentedRaftLogWorker.java:close(228)) - abc6f9f9-8862-43ee-ac13-b67e1574492b-SegmentedRaftLogWorker:Storage Directory /workdir/hadoop-ozone/ozonefs/target/test-dir/MiniOzoneClusterImpl-3f0ffa95-bfc9-4a1c-9a47-ff24715a0622/datanode-2/data/ratis/90b8e983-0bdb-4887-94c8-fa576fe5ec94 close()
2019-09-12 11:40:46,862 [main] INFO  server.GrpcService (GrpcService.java:closeImpl(155)) - 875e3d5e-0813-40b8-b024-43837dd2f6d5: shutdown server with port 33574 now
2019-09-12 11:40:46,866 [ForkJoinPool.commonPool-worker-1] INFO  server.GrpcService (GrpcService.java:closeImpl(155)) - abc6f9f9-8862-43ee-ac13-b67e1574492b: shutdown server with port 32913 now
2019-09-12 11:40:46,872 [ForkJoinPool.commonPool-worker-1] INFO  server.GrpcService (GrpcService.java:closeImpl(163)) - abc6f9f9-8862-43ee-ac13-b67e1574492b: shutdown server with port 32913 successfully
2019-09-12 11:40:46,875 [main] INFO  server.GrpcService (GrpcService.java:closeImpl(163)) - 875e3d5e-0813-40b8-b024-43837dd2f6d5: shutdown server with port 33574 successfully
2019-09-12 11:40:46,878 [ForkJoinPool.commonPool-worker-1] INFO  utils.BackgroundService (BackgroundService.java:shutdown(148)) - Shutting down service BlockDeletingService
2019-09-12 11:40:46,885 [refreshUsed-/workdir/hadoop-ozone/ozonefs/target/test-dir/MiniOzoneClusterImpl-3f0ffa95-bfc9-4a1c-9a47-ff24715a0622/datanode-2/data/containers] WARN  fs.CachingGetSpaceUsed (CachingGetSpaceUsed.java:run(183)) - Thread Interrupted waiting to refresh disk information: sleep interrupted
2019-09-12 11:40:46,894 [main] INFO  utils.BackgroundService (BackgroundService.java:shutdown(148)) - Shutting down service BlockDeletingService
2019-09-12 11:40:46,899 [refreshUsed-/workdir/hadoop-ozone/ozonefs/target/test-dir/MiniOzoneClusterImpl-3f0ffa95-bfc9-4a1c-9a47-ff24715a0622/datanode-5/data/containers] WARN  fs.CachingGetSpaceUsed (CachingGetSpaceUsed.java:run(183)) - Thread Interrupted waiting to refresh disk information: sleep interrupted
2019-09-12 11:40:46,926 [ForkJoinPool.commonPool-worker-1] INFO  statemachine.DatanodeStateMachine (DatanodeStateMachine.java:stopDaemon(395)) - Ozone container server stopped.
2019-09-12 11:40:46,935 [ForkJoinPool.commonPool-worker-1] INFO  handler.ContextHandler (ContextHandler.java:doStop(910)) - Stopped o.e.j.w.WebAppContext@7a65c995{/,null,UNAVAILABLE}{/hddsDatanode}
2019-09-12 11:40:46,936 [ForkJoinPool.commonPool-worker-1] INFO  server.AbstractConnector (AbstractConnector.java:doStop(318)) - Stopped ServerConnector@7c950b3b{HTTP/1.1,[http/1.1]}{0.0.0.0:0}
2019-09-12 11:40:46,938 [ForkJoinPool.commonPool-worker-1] INFO  handler.ContextHandler (ContextHandler.java:doStop(910)) - Stopped o.e.j.s.ServletContextHandler@f5bf288{/static,jar:file:/home/user/.m2/repository/org/apache/hadoop/hadoop-hdds-container-service/0.5.0-SNAPSHOT/hadoop-hdds-container-service-0.5.0-SNAPSHOT.jar!/webapps/static,UNAVAILABLE}
2019-09-12 11:40:46,941 [ForkJoinPool.commonPool-worker-1] INFO  handler.ContextHandler (ContextHandler.java:doStop(910)) - Stopped o.e.j.s.ServletContextHandler@4c38cd16{/logs,file:///workdir/hadoop-ozone/ozonefs/target/log,UNAVAILABLE}
2019-09-12 11:40:46,943 [ForkJoinPool.commonPool-worker-1] INFO  datanode.ObjectStoreHandler (ObjectStoreHandler.java:close(155)) - Closing ObjectStoreHandler.
2019-09-12 11:40:46,943 [ForkJoinPool.commonPool-worker-1] INFO  ozone.HddsDatanodeService (HddsDatanodeService.java:stop(451)) - Stopped plug-in org.apache.hadoop.ozone.web.OzoneHddsDatanodeService@65600fb3
2019-09-12 11:40:46,954 [main] INFO  statemachine.DatanodeStateMachine (DatanodeStateMachine.java:stopDaemon(395)) - Ozone container server stopped.
2019-09-12 11:40:46,955 [main] INFO  handler.ContextHandler (ContextHandler.java:doStop(910)) - Stopped o.e.j.w.WebAppContext@7336fd8f{/,null,UNAVAILABLE}{/hddsDatanode}
2019-09-12 11:40:46,956 [main] INFO  server.AbstractConnector (AbstractConnector.java:doStop(318)) - Stopped ServerConnector@701c223a{HTTP/1.1,[http/1.1]}{0.0.0.0:0}
2019-09-12 11:40:46,956 [main] INFO  handler.ContextHandler (ContextHandler.java:doStop(910)) - Stopped o.e.j.s.ServletContextHandler@ac4915e{/static,jar:file:/home/user/.m2/repository/org/apache/hadoop/hadoop-hdds-container-service/0.5.0-SNAPSHOT/hadoop-hdds-container-service-0.5.0-SNAPSHOT.jar!/webapps/static,UNAVAILABLE}
2019-09-12 11:40:46,957 [main] INFO  handler.ContextHandler (ContextHandler.java:doStop(910)) - Stopped o.e.j.s.ServletContextHandler@19eea77c{/logs,file:///workdir/hadoop-ozone/ozonefs/target/log,UNAVAILABLE}
2019-09-12 11:40:46,958 [main] INFO  datanode.ObjectStoreHandler (ObjectStoreHandler.java:close(155)) - Closing ObjectStoreHandler.
2019-09-12 11:40:46,959 [main] INFO  ozone.HddsDatanodeService (HddsDatanodeService.java:stop(451)) - Stopped plug-in org.apache.hadoop.ozone.web.OzoneHddsDatanodeService@67afe909
2019-09-12 11:40:47,410 | INFO  | SCMAudit | user=jenkins1000 | ip=192.168.157.195 | op=SEND_HEARTBEAT {datanodeUUID=5d0352ef-d446-4a04-a69e-b6b493d47759, command=[]} | ret=SUCCESS |  
2019-09-12 11:40:47,410 | INFO  | SCMAudit | user=jenkins1000 | ip=192.168.157.195 | op=SEND_HEARTBEAT {datanodeUUID=8668900b-06f4-40f9-8926-68eb6348aa5d, command=[]} | ret=SUCCESS |  
2019-09-12 11:40:47,410 [Datanode State Machine Thread - 0] INFO  statemachine.DatanodeStateMachine (DatanodeStateMachine.java:lambda$startDaemon$0(350)) - Ozone container server started.
2019-09-12 11:40:47,417 [Datanode State Machine Thread - 0] INFO  statemachine.DatanodeStateMachine (DatanodeStateMachine.java:lambda$startDaemon$0(350)) - Ozone container server started.
2019-09-12 11:40:47,418 | INFO  | SCMAudit | user=jenkins1000 | ip=192.168.157.195 | op=SEND_HEARTBEAT {datanodeUUID=dbf859ef-0f75-4843-8536-03105c97857a, command=[]} | ret=SUCCESS |  
2019-09-12 11:40:47,418 | INFO  | SCMAudit | user=jenkins1000 | ip=192.168.157.195 | op=SEND_HEARTBEAT {datanodeUUID=2da31971-fd5c-4baf-8dfe-b6048362baf8, command=[]} | ret=SUCCESS |  
2019-09-12 11:40:47,418 | INFO  | SCMAudit | user=jenkins1000 | ip=192.168.157.195 | op=SEND_HEARTBEAT {datanodeUUID=b5e361a7-9275-4b10-aa61-1d8677ab7c49, command=[]} | ret=SUCCESS |  
2019-09-12 11:40:47,419 | INFO  | SCMAudit | user=jenkins1000 | ip=192.168.157.195 | op=SEND_HEARTBEAT {datanodeUUID=ef411258-a662-4696-ba26-405a55c9a048, command=[]} | ret=SUCCESS |  
2019-09-12 11:40:48,410 | INFO  | SCMAudit | user=jenkins1000 | ip=192.168.157.195 | op=SEND_HEARTBEAT {datanodeUUID=5d0352ef-d446-4a04-a69e-b6b493d47759, command=[]} | ret=SUCCESS |  
2019-09-12 11:40:48,411 | INFO  | SCMAudit | user=jenkins1000 | ip=192.168.157.195 | op=SEND_HEARTBEAT {datanodeUUID=8668900b-06f4-40f9-8926-68eb6348aa5d, command=[]} | ret=SUCCESS |  
2019-09-12 11:40:48,418 | INFO  | SCMAudit | user=jenkins1000 | ip=192.168.157.195 | op=SEND_HEARTBEAT {datanodeUUID=2da31971-fd5c-4baf-8dfe-b6048362baf8, command=[]} | ret=SUCCESS |  
2019-09-12 11:40:48,418 | INFO  | SCMAudit | user=jenkins1000 | ip=192.168.157.195 | op=SEND_HEARTBEAT {datanodeUUID=dbf859ef-0f75-4843-8536-03105c97857a, command=[]} | ret=SUCCESS |  
2019-09-12 11:40:48,418 | INFO  | SCMAudit | user=jenkins1000 | ip=192.168.157.195 | op=SEND_HEARTBEAT {datanodeUUID=b5e361a7-9275-4b10-aa61-1d8677ab7c49, command=[]} | ret=SUCCESS |  
2019-09-12 11:40:48,419 | INFO  | SCMAudit | user=jenkins1000 | ip=192.168.157.195 | op=SEND_HEARTBEAT {datanodeUUID=ef411258-a662-4696-ba26-405a55c9a048, command=[]} | ret=SUCCESS |  
2019-09-12 11:40:49,410 | INFO  | SCMAudit | user=jenkins1000 | ip=192.168.157.195 | op=SEND_HEARTBEAT {datanodeUUID=5d0352ef-d446-4a04-a69e-b6b493d47759, command=[]} | ret=SUCCESS |  
2019-09-12 11:40:49,411 | INFO  | SCMAudit | user=jenkins1000 | ip=192.168.157.195 | op=SEND_HEARTBEAT {datanodeUUID=8668900b-06f4-40f9-8926-68eb6348aa5d, command=[]} | ret=SUCCESS |  
2019-09-12 11:40:49,419 | INFO  | SCMAudit | user=jenkins1000 | ip=192.168.157.195 | op=SEND_HEARTBEAT {datanodeUUID=2da31971-fd5c-4baf-8dfe-b6048362baf8, command=[]} | ret=SUCCESS |  
2019-09-12 11:40:49,419 | INFO  | SCMAudit | user=jenkins1000 | ip=192.168.157.195 | op=SEND_HEARTBEAT {datanodeUUID=b5e361a7-9275-4b10-aa61-1d8677ab7c49, command=[]} | ret=SUCCESS |  
2019-09-12 11:40:49,419 | INFO  | SCMAudit | user=jenkins1000 | ip=192.168.157.195 | op=SEND_HEARTBEAT {datanodeUUID=dbf859ef-0f75-4843-8536-03105c97857a, command=[]} | ret=SUCCESS |  
2019-09-12 11:40:49,419 | INFO  | SCMAudit | user=jenkins1000 | ip=192.168.157.195 | op=SEND_HEARTBEAT {datanodeUUID=ef411258-a662-4696-ba26-405a55c9a048, command=[]} | ret=SUCCESS |  
2019-09-12 11:40:50,410 | INFO  | SCMAudit | user=jenkins1000 | ip=192.168.157.195 | op=SEND_HEARTBEAT {datanodeUUID=5d0352ef-d446-4a04-a69e-b6b493d47759, command=[]} | ret=SUCCESS |  
2019-09-12 11:40:50,411 | INFO  | SCMAudit | user=jenkins1000 | ip=192.168.157.195 | op=SEND_HEARTBEAT {datanodeUUID=8668900b-06f4-40f9-8926-68eb6348aa5d, command=[]} | ret=SUCCESS |  
2019-09-12 11:40:50,419 | INFO  | SCMAudit | user=jenkins1000 | ip=192.168.157.195 | op=SEND_HEARTBEAT {datanodeUUID=b5e361a7-9275-4b10-aa61-1d8677ab7c49, command=[]} | ret=SUCCESS |  
2019-09-12 11:40:50,419 | INFO  | SCMAudit | user=jenkins1000 | ip=192.168.157.195 | op=SEND_HEARTBEAT {datanodeUUID=dbf859ef-0f75-4843-8536-03105c97857a, command=[]} | ret=SUCCESS |  
2019-09-12 11:40:50,419 | INFO  | SCMAudit | user=jenkins1000 | ip=192.168.157.195 | op=SEND_HEARTBEAT {datanodeUUID=ef411258-a662-4696-ba26-405a55c9a048, command=[]} | ret=SUCCESS |  
2019-09-12 11:40:50,419 | INFO  | SCMAudit | user=jenkins1000 | ip=192.168.157.195 | op=SEND_HEARTBEAT {datanodeUUID=2da31971-fd5c-4baf-8dfe-b6048362baf8, command=[]} | ret=SUCCESS |  
2019-09-12 11:40:51,410 | INFO  | SCMAudit | user=jenkins1000 | ip=192.168.157.195 | op=SEND_HEARTBEAT {datanodeUUID=5d0352ef-d446-4a04-a69e-b6b493d47759, command=[]} | ret=SUCCESS |  
2019-09-12 11:40:51,412 | INFO  | SCMAudit | user=jenkins1000 | ip=192.168.157.195 | op=SEND_HEARTBEAT {datanodeUUID=8668900b-06f4-40f9-8926-68eb6348aa5d, command=[]} | ret=SUCCESS |  
2019-09-12 11:40:51,419 | INFO  | SCMAudit | user=jenkins1000 | ip=192.168.157.195 | op=SEND_HEARTBEAT {datanodeUUID=2da31971-fd5c-4baf-8dfe-b6048362baf8, command=[]} | ret=SUCCESS |  
2019-09-12 11:40:51,419 | INFO  | SCMAudit | user=jenkins1000 | ip=192.168.157.195 | op=SEND_HEARTBEAT {datanodeUUID=b5e361a7-9275-4b10-aa61-1d8677ab7c49, command=[]} | ret=SUCCESS |  
2019-09-12 11:40:51,419 | INFO  | SCMAudit | user=jenkins1000 | ip=192.168.157.195 | op=SEND_HEARTBEAT {datanodeUUID=dbf859ef-0f75-4843-8536-03105c97857a, command=[]} | ret=SUCCESS |  
2019-09-12 11:40:51,420 | INFO  | SCMAudit | user=jenkins1000 | ip=192.168.157.195 | op=SEND_HEARTBEAT {datanodeUUID=ef411258-a662-4696-ba26-405a55c9a048, command=[]} | ret=SUCCESS |  
2019-09-12 11:40:51,944 [ForkJoinPool.commonPool-worker-1] INFO  ozoneimpl.OzoneContainer (OzoneContainer.java:stop(199)) - Attempting to stop container services.
2019-09-12 11:40:51,945 [ForkJoinPool.commonPool-worker-1] INFO  impl.RaftServerProxy (RaftServerProxy.java:lambda$close$4(314)) - f17fb2fb-971d-416e-b1f4-66e23bc05d05: close
2019-09-12 11:40:51,945 [ForkJoinPool.commonPool-worker-1] INFO  impl.RaftServerImpl (RaftServerImpl.java:lambda$shutdown$3(245)) - f17fb2fb-971d-416e-b1f4-66e23bc05d05: shutdown group-34140F39FFA8
2019-09-12 11:40:51,945 [ForkJoinPool.commonPool-worker-1] INFO  util.JmxRegister (JmxRegister.java:unregister(73)) - Successfully un-registered JMX Bean with object name Ratis:service=RaftServer,group=group-34140F39FFA8,id=f17fb2fb-971d-416e-b1f4-66e23bc05d05
2019-09-12 11:40:51,945 [ForkJoinPool.commonPool-worker-1] INFO  impl.RoleInfo (RoleInfo.java:shutdownLeaderState(104)) - f17fb2fb-971d-416e-b1f4-66e23bc05d05: shutdown LeaderState
2019-09-12 11:40:51,946 [ForkJoinPool.commonPool-worker-1] INFO  impl.PendingRequests (PendingRequests.java:sendNotLeaderResponses(202)) - f17fb2fb-971d-416e-b1f4-66e23bc05d05-PendingRequests: sendNotLeaderResponses
2019-09-12 11:40:51,946 [ForkJoinPool.commonPool-worker-1] INFO  impl.StateMachineUpdater (StateMachineUpdater.java:stopAndJoin(115)) - StateMachineUpdater:f17fb2fb-971d-416e-b1f4-66e23bc05d05:group-34140F39FFA8: set stopIndex = 0
2019-09-12 11:40:51,946 [ForkJoinPool.commonPool-worker-1] INFO  impl.RaftServerImpl (ServerState.java:close(394)) - f17fb2fb-971d-416e-b1f4-66e23bc05d05:group-34140F39FFA8 closes. The last applied log index is 0
2019-09-12 11:40:51,947 [f17fb2fb-971d-416e-b1f4-66e23bc05d05-SegmentedRaftLogWorker:Storage Directory /workdir/hadoop-ozone/ozonefs/target/test-dir/MiniOzoneClusterImpl-3f0ffa95-bfc9-4a1c-9a47-ff24715a0622/datanode-3/data/ratis/e84a7189-326b-4570-b70c-34140f39ffa8] INFO  segmented.SegmentedRaftLogWorker (SegmentedRaftLogWorker.java:run(313)) - f17fb2fb-971d-416e-b1f4-66e23bc05d05-SegmentedRaftLogWorker:Storage Directory /workdir/hadoop-ozone/ozonefs/target/test-dir/MiniOzoneClusterImpl-3f0ffa95-bfc9-4a1c-9a47-ff24715a0622/datanode-3/data/ratis/e84a7189-326b-4570-b70c-34140f39ffa8 was interrupted, exiting. There are 0 tasks remaining in the queue.
2019-09-12 11:40:51,947 [ForkJoinPool.commonPool-worker-1] INFO  segmented.SegmentedRaftLogWorker (SegmentedRaftLogWorker.java:close(228)) - f17fb2fb-971d-416e-b1f4-66e23bc05d05-SegmentedRaftLogWorker:Storage Directory /workdir/hadoop-ozone/ozonefs/target/test-dir/MiniOzoneClusterImpl-3f0ffa95-bfc9-4a1c-9a47-ff24715a0622/datanode-3/data/ratis/e84a7189-326b-4570-b70c-34140f39ffa8 close()
2019-09-12 11:40:51,951 [ForkJoinPool.commonPool-worker-1] INFO  impl.RaftServerImpl (RaftServerImpl.java:lambda$shutdown$3(245)) - f17fb2fb-971d-416e-b1f4-66e23bc05d05: shutdown group-43DC697DF66F
2019-09-12 11:40:51,951 [ForkJoinPool.commonPool-worker-1] INFO  util.JmxRegister (JmxRegister.java:unregister(73)) - Successfully un-registered JMX Bean with object name Ratis:service=RaftServer,group=group-43DC697DF66F,id=f17fb2fb-971d-416e-b1f4-66e23bc05d05
2019-09-12 11:40:51,952 [ForkJoinPool.commonPool-worker-1] INFO  impl.RoleInfo (RoleInfo.java:shutdownLeaderState(104)) - f17fb2fb-971d-416e-b1f4-66e23bc05d05: shutdown LeaderState
2019-09-12 11:40:51,952 [ForkJoinPool.commonPool-worker-1] INFO  impl.PendingRequests (PendingRequests.java:sendNotLeaderResponses(202)) - f17fb2fb-971d-416e-b1f4-66e23bc05d05-PendingRequests: sendNotLeaderResponses
2019-09-12 11:40:51,952 [ForkJoinPool.commonPool-worker-1] INFO  impl.StateMachineUpdater (StateMachineUpdater.java:stopAndJoin(115)) - StateMachineUpdater:f17fb2fb-971d-416e-b1f4-66e23bc05d05:group-43DC697DF66F: set stopIndex = 0
2019-09-12 11:40:51,952 [ForkJoinPool.commonPool-worker-1] INFO  impl.RaftServerImpl (ServerState.java:close(394)) - f17fb2fb-971d-416e-b1f4-66e23bc05d05:group-43DC697DF66F closes. The last applied log index is 0
2019-09-12 11:40:51,953 [f17fb2fb-971d-416e-b1f4-66e23bc05d05-SegmentedRaftLogWorker:Storage Directory /workdir/hadoop-ozone/ozonefs/target/test-dir/MiniOzoneClusterImpl-3f0ffa95-bfc9-4a1c-9a47-ff24715a0622/datanode-3/data/ratis/b8f591d9-1d38-427f-81fd-43dc697df66f] INFO  segmented.SegmentedRaftLogWorker (SegmentedRaftLogWorker.java:run(313)) - f17fb2fb-971d-416e-b1f4-66e23bc05d05-SegmentedRaftLogWorker:Storage Directory /workdir/hadoop-ozone/ozonefs/target/test-dir/MiniOzoneClusterImpl-3f0ffa95-bfc9-4a1c-9a47-ff24715a0622/datanode-3/data/ratis/b8f591d9-1d38-427f-81fd-43dc697df66f was interrupted, exiting. There are 0 tasks remaining in the queue.
2019-09-12 11:40:51,953 [ForkJoinPool.commonPool-worker-1] INFO  segmented.SegmentedRaftLogWorker (SegmentedRaftLogWorker.java:close(228)) - f17fb2fb-971d-416e-b1f4-66e23bc05d05-SegmentedRaftLogWorker:Storage Directory /workdir/hadoop-ozone/ozonefs/target/test-dir/MiniOzoneClusterImpl-3f0ffa95-bfc9-4a1c-9a47-ff24715a0622/datanode-3/data/ratis/b8f591d9-1d38-427f-81fd-43dc697df66f close()
2019-09-12 11:40:51,956 [ForkJoinPool.commonPool-worker-1] INFO  impl.RaftServerImpl (RaftServerImpl.java:lambda$shutdown$3(245)) - f17fb2fb-971d-416e-b1f4-66e23bc05d05: shutdown group-5B89EC935673
2019-09-12 11:40:51,956 [ForkJoinPool.commonPool-worker-1] INFO  util.JmxRegister (JmxRegister.java:unregister(73)) - Successfully un-registered JMX Bean with object name Ratis:service=RaftServer,group=group-5B89EC935673,id=f17fb2fb-971d-416e-b1f4-66e23bc05d05
2019-09-12 11:40:51,956 [ForkJoinPool.commonPool-worker-1] INFO  impl.RoleInfo (RoleInfo.java:shutdownLeaderState(104)) - f17fb2fb-971d-416e-b1f4-66e23bc05d05: shutdown LeaderState
2019-09-12 11:40:51,956 [ForkJoinPool.commonPool-worker-1] INFO  impl.PendingRequests (PendingRequests.java:sendNotLeaderResponses(202)) - f17fb2fb-971d-416e-b1f4-66e23bc05d05-PendingRequests: sendNotLeaderResponses
2019-09-12 11:40:51,957 [ForkJoinPool.commonPool-worker-1] INFO  impl.StateMachineUpdater (StateMachineUpdater.java:stopAndJoin(115)) - StateMachineUpdater:f17fb2fb-971d-416e-b1f4-66e23bc05d05:group-5B89EC935673: set stopIndex = 0
2019-09-12 11:40:51,957 [ForkJoinPool.commonPool-worker-1] INFO  impl.RaftServerImpl (ServerState.java:close(394)) - f17fb2fb-971d-416e-b1f4-66e23bc05d05:group-5B89EC935673 closes. The last applied log index is 0
2019-09-12 11:40:51,957 [f17fb2fb-971d-416e-b1f4-66e23bc05d05-SegmentedRaftLogWorker:Storage Directory /workdir/hadoop-ozone/ozonefs/target/test-dir/MiniOzoneClusterImpl-3f0ffa95-bfc9-4a1c-9a47-ff24715a0622/datanode-3/data/ratis/a926077e-3957-4c85-bd59-5b89ec935673] INFO  segmented.SegmentedRaftLogWorker (SegmentedRaftLogWorker.java:run(313)) - f17fb2fb-971d-416e-b1f4-66e23bc05d05-SegmentedRaftLogWorker:Storage Directory /workdir/hadoop-ozone/ozonefs/target/test-dir/MiniOzoneClusterImpl-3f0ffa95-bfc9-4a1c-9a47-ff24715a0622/datanode-3/data/ratis/a926077e-3957-4c85-bd59-5b89ec935673 was interrupted, exiting. There are 0 tasks remaining in the queue.
2019-09-12 11:40:51,957 [ForkJoinPool.commonPool-worker-1] INFO  segmented.SegmentedRaftLogWorker (SegmentedRaftLogWorker.java:close(228)) - f17fb2fb-971d-416e-b1f4-66e23bc05d05-SegmentedRaftLogWorker:Storage Directory /workdir/hadoop-ozone/ozonefs/target/test-dir/MiniOzoneClusterImpl-3f0ffa95-bfc9-4a1c-9a47-ff24715a0622/datanode-3/data/ratis/a926077e-3957-4c85-bd59-5b89ec935673 close()
2019-09-12 11:40:51,960 [ForkJoinPool.commonPool-worker-1] INFO  impl.RaftServerImpl (RaftServerImpl.java:lambda$shutdown$3(245)) - f17fb2fb-971d-416e-b1f4-66e23bc05d05: shutdown group-6E4456B4CB68
2019-09-12 11:40:51,960 [ForkJoinPool.commonPool-worker-1] INFO  util.JmxRegister (JmxRegister.java:unregister(73)) - Successfully un-registered JMX Bean with object name Ratis:service=RaftServer,group=group-6E4456B4CB68,id=f17fb2fb-971d-416e-b1f4-66e23bc05d05
2019-09-12 11:40:51,960 [ForkJoinPool.commonPool-worker-1] INFO  impl.RoleInfo (RoleInfo.java:shutdownLeaderState(104)) - f17fb2fb-971d-416e-b1f4-66e23bc05d05: shutdown LeaderState
2019-09-12 11:40:51,961 [ForkJoinPool.commonPool-worker-1] INFO  impl.PendingRequests (PendingRequests.java:sendNotLeaderResponses(202)) - f17fb2fb-971d-416e-b1f4-66e23bc05d05-PendingRequests: sendNotLeaderResponses
2019-09-12 11:40:51,961 [ForkJoinPool.commonPool-worker-1] INFO  impl.StateMachineUpdater (StateMachineUpdater.java:stopAndJoin(115)) - StateMachineUpdater:f17fb2fb-971d-416e-b1f4-66e23bc05d05:group-6E4456B4CB68: set stopIndex = 0
2019-09-12 11:40:51,961 [ForkJoinPool.commonPool-worker-1] INFO  impl.RaftServerImpl (ServerState.java:close(394)) - f17fb2fb-971d-416e-b1f4-66e23bc05d05:group-6E4456B4CB68 closes. The last applied log index is 0
2019-09-12 11:40:51,961 [f17fb2fb-971d-416e-b1f4-66e23bc05d05-SegmentedRaftLogWorker:Storage Directory /workdir/hadoop-ozone/ozonefs/target/test-dir/MiniOzoneClusterImpl-3f0ffa95-bfc9-4a1c-9a47-ff24715a0622/datanode-3/data/ratis/0bcb5a2b-6f00-4b70-bd32-6e4456b4cb68] INFO  segmented.SegmentedRaftLogWorker (SegmentedRaftLogWorker.java:run(313)) - f17fb2fb-971d-416e-b1f4-66e23bc05d05-SegmentedRaftLogWorker:Storage Directory /workdir/hadoop-ozone/ozonefs/target/test-dir/MiniOzoneClusterImpl-3f0ffa95-bfc9-4a1c-9a47-ff24715a0622/datanode-3/data/ratis/0bcb5a2b-6f00-4b70-bd32-6e4456b4cb68 was interrupted, exiting. There are 0 tasks remaining in the queue.
2019-09-12 11:40:51,962 [ForkJoinPool.commonPool-worker-1] INFO  segmented.SegmentedRaftLogWorker (SegmentedRaftLogWorker.java:close(228)) - f17fb2fb-971d-416e-b1f4-66e23bc05d05-SegmentedRaftLogWorker:Storage Directory /workdir/hadoop-ozone/ozonefs/target/test-dir/MiniOzoneClusterImpl-3f0ffa95-bfc9-4a1c-9a47-ff24715a0622/datanode-3/data/ratis/0bcb5a2b-6f00-4b70-bd32-6e4456b4cb68 close()
2019-09-12 11:40:51,962 [main] INFO  ozoneimpl.OzoneContainer (OzoneContainer.java:stop(199)) - Attempting to stop container services.
2019-09-12 11:40:51,964 [ForkJoinPool.commonPool-worker-1] INFO  impl.RaftServerImpl (RaftServerImpl.java:lambda$shutdown$3(245)) - f17fb2fb-971d-416e-b1f4-66e23bc05d05: shutdown group-D0D556A80E52
2019-09-12 11:40:51,965 [main] INFO  impl.RaftServerProxy (RaftServerProxy.java:lambda$close$4(314)) - 4255b290-7b6d-420f-97e2-6dfb55690bab: close
2019-09-12 11:40:51,965 [ForkJoinPool.commonPool-worker-1] INFO  util.JmxRegister (JmxRegister.java:unregister(73)) - Successfully un-registered JMX Bean with object name Ratis:service=RaftServer,group=group-D0D556A80E52,id=f17fb2fb-971d-416e-b1f4-66e23bc05d05
2019-09-12 11:40:51,965 [main] INFO  impl.RaftServerImpl (RaftServerImpl.java:lambda$shutdown$3(245)) - 4255b290-7b6d-420f-97e2-6dfb55690bab: shutdown group-1E7F0DFCDB4C
2019-09-12 11:40:51,965 [ForkJoinPool.commonPool-worker-1] INFO  impl.RoleInfo (RoleInfo.java:shutdownLeaderState(104)) - f17fb2fb-971d-416e-b1f4-66e23bc05d05: shutdown LeaderState
2019-09-12 11:40:51,966 [main] INFO  util.JmxRegister (JmxRegister.java:unregister(73)) - Successfully un-registered JMX Bean with object name Ratis:service=RaftServer,group=group-1E7F0DFCDB4C,id=4255b290-7b6d-420f-97e2-6dfb55690bab
2019-09-12 11:40:51,966 [ForkJoinPool.commonPool-worker-1] INFO  impl.PendingRequests (PendingRequests.java:sendNotLeaderResponses(202)) - f17fb2fb-971d-416e-b1f4-66e23bc05d05-PendingRequests: sendNotLeaderResponses
2019-09-12 11:40:51,966 [main] INFO  impl.RoleInfo (RoleInfo.java:shutdownLeaderState(104)) - 4255b290-7b6d-420f-97e2-6dfb55690bab: shutdown LeaderState
2019-09-12 11:40:51,966 [ForkJoinPool.commonPool-worker-1] INFO  impl.StateMachineUpdater (StateMachineUpdater.java:stopAndJoin(115)) - StateMachineUpdater:f17fb2fb-971d-416e-b1f4-66e23bc05d05:group-D0D556A80E52: set stopIndex = 0
2019-09-12 11:40:51,967 [main] INFO  impl.PendingRequests (PendingRequests.java:sendNotLeaderResponses(202)) - 4255b290-7b6d-420f-97e2-6dfb55690bab-PendingRequests: sendNotLeaderResponses
2019-09-12 11:40:51,967 [ForkJoinPool.commonPool-worker-1] INFO  impl.RaftServerImpl (ServerState.java:close(394)) - f17fb2fb-971d-416e-b1f4-66e23bc05d05:group-D0D556A80E52 closes. The last applied log index is 0
2019-09-12 11:40:51,968 [main] INFO  impl.StateMachineUpdater (StateMachineUpdater.java:stopAndJoin(115)) - StateMachineUpdater:4255b290-7b6d-420f-97e2-6dfb55690bab:group-1E7F0DFCDB4C: set stopIndex = 0
2019-09-12 11:40:51,968 [f17fb2fb-971d-416e-b1f4-66e23bc05d05-SegmentedRaftLogWorker:Storage Directory /workdir/hadoop-ozone/ozonefs/target/test-dir/MiniOzoneClusterImpl-3f0ffa95-bfc9-4a1c-9a47-ff24715a0622/datanode-3/data/ratis/45a80931-55e1-4d04-bc7f-d0d556a80e52] INFO  segmented.SegmentedRaftLogWorker (SegmentedRaftLogWorker.java:run(313)) - f17fb2fb-971d-416e-b1f4-66e23bc05d05-SegmentedRaftLogWorker:Storage Directory /workdir/hadoop-ozone/ozonefs/target/test-dir/MiniOzoneClusterImpl-3f0ffa95-bfc9-4a1c-9a47-ff24715a0622/datanode-3/data/ratis/45a80931-55e1-4d04-bc7f-d0d556a80e52 was interrupted, exiting. There are 0 tasks remaining in the queue.
2019-09-12 11:40:51,968 [main] INFO  impl.RaftServerImpl (ServerState.java:close(394)) - 4255b290-7b6d-420f-97e2-6dfb55690bab:group-1E7F0DFCDB4C closes. The last applied log index is 0
2019-09-12 11:40:51,968 [ForkJoinPool.commonPool-worker-1] INFO  segmented.SegmentedRaftLogWorker (SegmentedRaftLogWorker.java:close(228)) - f17fb2fb-971d-416e-b1f4-66e23bc05d05-SegmentedRaftLogWorker:Storage Directory /workdir/hadoop-ozone/ozonefs/target/test-dir/MiniOzoneClusterImpl-3f0ffa95-bfc9-4a1c-9a47-ff24715a0622/datanode-3/data/ratis/45a80931-55e1-4d04-bc7f-d0d556a80e52 close()
2019-09-12 11:40:51,969 [4255b290-7b6d-420f-97e2-6dfb55690bab-SegmentedRaftLogWorker:Storage Directory /workdir/hadoop-ozone/ozonefs/target/test-dir/MiniOzoneClusterImpl-3f0ffa95-bfc9-4a1c-9a47-ff24715a0622/datanode-6/data/ratis/82d57363-2ca5-46b3-a6cb-1e7f0dfcdb4c] INFO  segmented.SegmentedRaftLogWorker (SegmentedRaftLogWorker.java:run(313)) - 4255b290-7b6d-420f-97e2-6dfb55690bab-SegmentedRaftLogWorker:Storage Directory /workdir/hadoop-ozone/ozonefs/target/test-dir/MiniOzoneClusterImpl-3f0ffa95-bfc9-4a1c-9a47-ff24715a0622/datanode-6/data/ratis/82d57363-2ca5-46b3-a6cb-1e7f0dfcdb4c was interrupted, exiting. There are 0 tasks remaining in the queue.
2019-09-12 11:40:51,971 [ForkJoinPool.commonPool-worker-1] INFO  impl.RaftServerImpl (RaftServerImpl.java:lambda$shutdown$3(245)) - f17fb2fb-971d-416e-b1f4-66e23bc05d05: shutdown group-0AB17BC2C189
2019-09-12 11:40:51,971 [main] INFO  segmented.SegmentedRaftLogWorker (SegmentedRaftLogWorker.java:close(228)) - 4255b290-7b6d-420f-97e2-6dfb55690bab-SegmentedRaftLogWorker:Storage Directory /workdir/hadoop-ozone/ozonefs/target/test-dir/MiniOzoneClusterImpl-3f0ffa95-bfc9-4a1c-9a47-ff24715a0622/datanode-6/data/ratis/82d57363-2ca5-46b3-a6cb-1e7f0dfcdb4c close()
2019-09-12 11:40:51,971 [ForkJoinPool.commonPool-worker-1] INFO  util.JmxRegister (JmxRegister.java:unregister(73)) - Successfully un-registered JMX Bean with object name Ratis:service=RaftServer,group=group-0AB17BC2C189,id=f17fb2fb-971d-416e-b1f4-66e23bc05d05
2019-09-12 11:40:51,974 [main] INFO  impl.RaftServerImpl (RaftServerImpl.java:lambda$shutdown$3(245)) - 4255b290-7b6d-420f-97e2-6dfb55690bab: shutdown group-0213836593EB
2019-09-12 11:40:51,974 [ForkJoinPool.commonPool-worker-1] INFO  impl.RoleInfo (RoleInfo.java:shutdownLeaderState(104)) - f17fb2fb-971d-416e-b1f4-66e23bc05d05: shutdown LeaderState
2019-09-12 11:40:51,975 [main] INFO  util.JmxRegister (JmxRegister.java:unregister(73)) - Successfully un-registered JMX Bean with object name Ratis:service=RaftServer,group=group-0213836593EB,id=4255b290-7b6d-420f-97e2-6dfb55690bab
2019-09-12 11:40:51,975 [ForkJoinPool.commonPool-worker-1] INFO  impl.PendingRequests (PendingRequests.java:sendNotLeaderResponses(202)) - f17fb2fb-971d-416e-b1f4-66e23bc05d05-PendingRequests: sendNotLeaderResponses
2019-09-12 11:40:51,975 [main] INFO  impl.RoleInfo (RoleInfo.java:shutdownLeaderState(104)) - 4255b290-7b6d-420f-97e2-6dfb55690bab: shutdown LeaderState
2019-09-12 11:40:51,975 [ForkJoinPool.commonPool-worker-1] INFO  impl.StateMachineUpdater (StateMachineUpdater.java:stopAndJoin(115)) - StateMachineUpdater:f17fb2fb-971d-416e-b1f4-66e23bc05d05:group-0AB17BC2C189: set stopIndex = 0
2019-09-12 11:40:51,976 [main] INFO  impl.PendingRequests (PendingRequests.java:sendNotLeaderResponses(202)) - 4255b290-7b6d-420f-97e2-6dfb55690bab-PendingRequests: sendNotLeaderResponses
2019-09-12 11:40:51,976 [ForkJoinPool.commonPool-worker-1] INFO  impl.RaftServerImpl (ServerState.java:close(394)) - f17fb2fb-971d-416e-b1f4-66e23bc05d05:group-0AB17BC2C189 closes. The last applied log index is 0
2019-09-12 11:40:51,976 [main] INFO  impl.StateMachineUpdater (StateMachineUpdater.java:stopAndJoin(115)) - StateMachineUpdater:4255b290-7b6d-420f-97e2-6dfb55690bab:group-0213836593EB: set stopIndex = 0
2019-09-12 11:40:51,977 [f17fb2fb-971d-416e-b1f4-66e23bc05d05-SegmentedRaftLogWorker:Storage Directory /workdir/hadoop-ozone/ozonefs/target/test-dir/MiniOzoneClusterImpl-3f0ffa95-bfc9-4a1c-9a47-ff24715a0622/datanode-3/data/ratis/dd639e63-b45f-46a0-98c9-0ab17bc2c189] INFO  segmented.SegmentedRaftLogWorker (SegmentedRaftLogWorker.java:run(313)) - f17fb2fb-971d-416e-b1f4-66e23bc05d05-SegmentedRaftLogWorker:Storage Directory /workdir/hadoop-ozone/ozonefs/target/test-dir/MiniOzoneClusterImpl-3f0ffa95-bfc9-4a1c-9a47-ff24715a0622/datanode-3/data/ratis/dd639e63-b45f-46a0-98c9-0ab17bc2c189 was interrupted, exiting. There are 0 tasks remaining in the queue.
2019-09-12 11:40:51,977 [main] INFO  impl.RaftServerImpl (ServerState.java:close(394)) - 4255b290-7b6d-420f-97e2-6dfb55690bab:group-0213836593EB closes. The last applied log index is 0
2019-09-12 11:40:51,977 [ForkJoinPool.commonPool-worker-1] INFO  segmented.SegmentedRaftLogWorker (SegmentedRaftLogWorker.java:close(228)) - f17fb2fb-971d-416e-b1f4-66e23bc05d05-SegmentedRaftLogWorker:Storage Directory /workdir/hadoop-ozone/ozonefs/target/test-dir/MiniOzoneClusterImpl-3f0ffa95-bfc9-4a1c-9a47-ff24715a0622/datanode-3/data/ratis/dd639e63-b45f-46a0-98c9-0ab17bc2c189 close()
2019-09-12 11:40:51,978 [4255b290-7b6d-420f-97e2-6dfb55690bab-SegmentedRaftLogWorker:Storage Directory /workdir/hadoop-ozone/ozonefs/target/test-dir/MiniOzoneClusterImpl-3f0ffa95-bfc9-4a1c-9a47-ff24715a0622/datanode-6/data/ratis/88774c40-bc47-4c1e-a954-0213836593eb] INFO  segmented.SegmentedRaftLogWorker (SegmentedRaftLogWorker.java:run(313)) - 4255b290-7b6d-420f-97e2-6dfb55690bab-SegmentedRaftLogWorker:Storage Directory /workdir/hadoop-ozone/ozonefs/target/test-dir/MiniOzoneClusterImpl-3f0ffa95-bfc9-4a1c-9a47-ff24715a0622/datanode-6/data/ratis/88774c40-bc47-4c1e-a954-0213836593eb was interrupted, exiting. There are 0 tasks remaining in the queue.
2019-09-12 11:40:51,980 [ForkJoinPool.commonPool-worker-1] INFO  server.GrpcService (GrpcService.java:closeImpl(155)) - f17fb2fb-971d-416e-b1f4-66e23bc05d05: shutdown server with port 35862 now
2019-09-12 11:40:51,980 [main] INFO  segmented.SegmentedRaftLogWorker (SegmentedRaftLogWorker.java:close(228)) - 4255b290-7b6d-420f-97e2-6dfb55690bab-SegmentedRaftLogWorker:Storage Directory /workdir/hadoop-ozone/ozonefs/target/test-dir/MiniOzoneClusterImpl-3f0ffa95-bfc9-4a1c-9a47-ff24715a0622/datanode-6/data/ratis/88774c40-bc47-4c1e-a954-0213836593eb close()
2019-09-12 11:40:51,983 [ForkJoinPool.commonPool-worker-1] INFO  server.GrpcService (GrpcService.java:closeImpl(163)) - f17fb2fb-971d-416e-b1f4-66e23bc05d05: shutdown server with port 35862 successfully
2019-09-12 11:40:51,993 [main] INFO  impl.RaftServerImpl (RaftServerImpl.java:lambda$shutdown$3(245)) - 4255b290-7b6d-420f-97e2-6dfb55690bab: shutdown group-5E15922F14B8
2019-09-12 11:40:51,994 [main] INFO  util.JmxRegister (JmxRegister.java:unregister(73)) - Successfully un-registered JMX Bean with object name Ratis:service=RaftServer,group=group-5E15922F14B8,id=4255b290-7b6d-420f-97e2-6dfb55690bab
2019-09-12 11:40:51,994 [main] INFO  impl.RoleInfo (RoleInfo.java:shutdownLeaderState(104)) - 4255b290-7b6d-420f-97e2-6dfb55690bab: shutdown LeaderState
2019-09-12 11:40:51,995 [main] INFO  impl.PendingRequests (PendingRequests.java:sendNotLeaderResponses(202)) - 4255b290-7b6d-420f-97e2-6dfb55690bab-PendingRequests: sendNotLeaderResponses
2019-09-12 11:40:51,995 [main] INFO  impl.StateMachineUpdater (StateMachineUpdater.java:stopAndJoin(115)) - StateMachineUpdater:4255b290-7b6d-420f-97e2-6dfb55690bab:group-5E15922F14B8: set stopIndex = 0
2019-09-12 11:40:51,996 [main] INFO  impl.RaftServerImpl (ServerState.java:close(394)) - 4255b290-7b6d-420f-97e2-6dfb55690bab:group-5E15922F14B8 closes. The last applied log index is 0
2019-09-12 11:40:51,996 [4255b290-7b6d-420f-97e2-6dfb55690bab-SegmentedRaftLogWorker:Storage Directory /workdir/hadoop-ozone/ozonefs/target/test-dir/MiniOzoneClusterImpl-3f0ffa95-bfc9-4a1c-9a47-ff24715a0622/datanode-6/data/ratis/846d4f30-8c6c-46be-8a74-5e15922f14b8] INFO  segmented.SegmentedRaftLogWorker (SegmentedRaftLogWorker.java:run(313)) - 4255b290-7b6d-420f-97e2-6dfb55690bab-SegmentedRaftLogWorker:Storage Directory /workdir/hadoop-ozone/ozonefs/target/test-dir/MiniOzoneClusterImpl-3f0ffa95-bfc9-4a1c-9a47-ff24715a0622/datanode-6/data/ratis/846d4f30-8c6c-46be-8a74-5e15922f14b8 was interrupted, exiting. There are 0 tasks remaining in the queue.
2019-09-12 11:40:51,996 [main] INFO  segmented.SegmentedRaftLogWorker (SegmentedRaftLogWorker.java:close(228)) - 4255b290-7b6d-420f-97e2-6dfb55690bab-SegmentedRaftLogWorker:Storage Directory /workdir/hadoop-ozone/ozonefs/target/test-dir/MiniOzoneClusterImpl-3f0ffa95-bfc9-4a1c-9a47-ff24715a0622/datanode-6/data/ratis/846d4f30-8c6c-46be-8a74-5e15922f14b8 close()
2019-09-12 11:40:51,997 [main] INFO  impl.RaftServerImpl (RaftServerImpl.java:lambda$shutdown$3(245)) - 4255b290-7b6d-420f-97e2-6dfb55690bab: shutdown group-4806DA791084
2019-09-12 11:40:51,997 [main] INFO  util.JmxRegister (JmxRegister.java:unregister(73)) - Successfully un-registered JMX Bean with object name Ratis:service=RaftServer,group=group-4806DA791084,id=4255b290-7b6d-420f-97e2-6dfb55690bab
2019-09-12 11:40:51,998 [main] INFO  impl.RoleInfo (RoleInfo.java:shutdownLeaderState(104)) - 4255b290-7b6d-420f-97e2-6dfb55690bab: shutdown LeaderState
2019-09-12 11:40:51,998 [main] INFO  impl.PendingRequests (PendingRequests.java:sendNotLeaderResponses(202)) - 4255b290-7b6d-420f-97e2-6dfb55690bab-PendingRequests: sendNotLeaderResponses
2019-09-12 11:40:51,999 [main] INFO  impl.StateMachineUpdater (StateMachineUpdater.java:stopAndJoin(115)) - StateMachineUpdater:4255b290-7b6d-420f-97e2-6dfb55690bab:group-4806DA791084: set stopIndex = 0
2019-09-12 11:40:51,999 [main] INFO  impl.RaftServerImpl (ServerState.java:close(394)) - 4255b290-7b6d-420f-97e2-6dfb55690bab:group-4806DA791084 closes. The last applied log index is 0
2019-09-12 11:40:52,000 [4255b290-7b6d-420f-97e2-6dfb55690bab-SegmentedRaftLogWorker:Storage Directory /workdir/hadoop-ozone/ozonefs/target/test-dir/MiniOzoneClusterImpl-3f0ffa95-bfc9-4a1c-9a47-ff24715a0622/datanode-6/data/ratis/1ba47c10-2ab7-4940-bd02-4806da791084] INFO  segmented.SegmentedRaftLogWorker (SegmentedRaftLogWorker.java:run(313)) - 4255b290-7b6d-420f-97e2-6dfb55690bab-SegmentedRaftLogWorker:Storage Directory /workdir/hadoop-ozone/ozonefs/target/test-dir/MiniOzoneClusterImpl-3f0ffa95-bfc9-4a1c-9a47-ff24715a0622/datanode-6/data/ratis/1ba47c10-2ab7-4940-bd02-4806da791084 was interrupted, exiting. There are 0 tasks remaining in the queue.
2019-09-12 11:40:52,000 [main] INFO  segmented.SegmentedRaftLogWorker (SegmentedRaftLogWorker.java:close(228)) - 4255b290-7b6d-420f-97e2-6dfb55690bab-SegmentedRaftLogWorker:Storage Directory /workdir/hadoop-ozone/ozonefs/target/test-dir/MiniOzoneClusterImpl-3f0ffa95-bfc9-4a1c-9a47-ff24715a0622/datanode-6/data/ratis/1ba47c10-2ab7-4940-bd02-4806da791084 close()
2019-09-12 11:40:52,001 [main] INFO  impl.RaftServerImpl (RaftServerImpl.java:lambda$shutdown$3(245)) - 4255b290-7b6d-420f-97e2-6dfb55690bab: shutdown group-07CD55941DFC
2019-09-12 11:40:52,001 [main] INFO  util.JmxRegister (JmxRegister.java:unregister(73)) - Successfully un-registered JMX Bean with object name Ratis:service=RaftServer,group=group-07CD55941DFC,id=4255b290-7b6d-420f-97e2-6dfb55690bab
2019-09-12 11:40:52,002 [main] INFO  impl.RoleInfo (RoleInfo.java:shutdownLeaderState(104)) - 4255b290-7b6d-420f-97e2-6dfb55690bab: shutdown LeaderState
2019-09-12 11:40:52,002 [ForkJoinPool.commonPool-worker-1] INFO  utils.BackgroundService (BackgroundService.java:shutdown(148)) - Shutting down service BlockDeletingService
2019-09-12 11:40:52,002 [main] INFO  impl.PendingRequests (PendingRequests.java:sendNotLeaderResponses(202)) - 4255b290-7b6d-420f-97e2-6dfb55690bab-PendingRequests: sendNotLeaderResponses
2019-09-12 11:40:52,003 [main] INFO  impl.StateMachineUpdater (StateMachineUpdater.java:stopAndJoin(115)) - StateMachineUpdater:4255b290-7b6d-420f-97e2-6dfb55690bab:group-07CD55941DFC: set stopIndex = 0
2019-09-12 11:40:52,003 [main] INFO  impl.RaftServerImpl (ServerState.java:close(394)) - 4255b290-7b6d-420f-97e2-6dfb55690bab:group-07CD55941DFC closes. The last applied log index is 0
2019-09-12 11:40:52,004 [4255b290-7b6d-420f-97e2-6dfb55690bab-SegmentedRaftLogWorker:Storage Directory /workdir/hadoop-ozone/ozonefs/target/test-dir/MiniOzoneClusterImpl-3f0ffa95-bfc9-4a1c-9a47-ff24715a0622/datanode-6/data/ratis/0486ff61-cdfe-4815-ab34-07cd55941dfc] INFO  segmented.SegmentedRaftLogWorker (SegmentedRaftLogWorker.java:run(313)) - 4255b290-7b6d-420f-97e2-6dfb55690bab-SegmentedRaftLogWorker:Storage Directory /workdir/hadoop-ozone/ozonefs/target/test-dir/MiniOzoneClusterImpl-3f0ffa95-bfc9-4a1c-9a47-ff24715a0622/datanode-6/data/ratis/0486ff61-cdfe-4815-ab34-07cd55941dfc was interrupted, exiting. There are 0 tasks remaining in the queue.
2019-09-12 11:40:52,004 [main] INFO  segmented.SegmentedRaftLogWorker (SegmentedRaftLogWorker.java:close(228)) - 4255b290-7b6d-420f-97e2-6dfb55690bab-SegmentedRaftLogWorker:Storage Directory /workdir/hadoop-ozone/ozonefs/target/test-dir/MiniOzoneClusterImpl-3f0ffa95-bfc9-4a1c-9a47-ff24715a0622/datanode-6/data/ratis/0486ff61-cdfe-4815-ab34-07cd55941dfc close()
2019-09-12 11:40:52,005 [main] INFO  impl.RaftServerImpl (RaftServerImpl.java:lambda$shutdown$3(245)) - 4255b290-7b6d-420f-97e2-6dfb55690bab: shutdown group-3089FDD7C898
2019-09-12 11:40:52,006 [main] INFO  util.JmxRegister (JmxRegister.java:unregister(73)) - Successfully un-registered JMX Bean with object name Ratis:service=RaftServer,group=group-3089FDD7C898,id=4255b290-7b6d-420f-97e2-6dfb55690bab
2019-09-12 11:40:52,006 [refreshUsed-/workdir/hadoop-ozone/ozonefs/target/test-dir/MiniOzoneClusterImpl-3f0ffa95-bfc9-4a1c-9a47-ff24715a0622/datanode-3/data/containers] WARN  fs.CachingGetSpaceUsed (CachingGetSpaceUsed.java:run(183)) - Thread Interrupted waiting to refresh disk information: sleep interrupted
2019-09-12 11:40:52,006 [main] INFO  impl.RoleInfo (RoleInfo.java:shutdownLeaderState(104)) - 4255b290-7b6d-420f-97e2-6dfb55690bab: shutdown LeaderState
2019-09-12 11:40:52,007 [main] INFO  impl.PendingRequests (PendingRequests.java:sendNotLeaderResponses(202)) - 4255b290-7b6d-420f-97e2-6dfb55690bab-PendingRequests: sendNotLeaderResponses
2019-09-12 11:40:52,007 [main] INFO  impl.StateMachineUpdater (StateMachineUpdater.java:stopAndJoin(115)) - StateMachineUpdater:4255b290-7b6d-420f-97e2-6dfb55690bab:group-3089FDD7C898: set stopIndex = 0
2019-09-12 11:40:52,007 [main] INFO  impl.RaftServerImpl (ServerState.java:close(394)) - 4255b290-7b6d-420f-97e2-6dfb55690bab:group-3089FDD7C898 closes. The last applied log index is 0
2019-09-12 11:40:52,008 [4255b290-7b6d-420f-97e2-6dfb55690bab-SegmentedRaftLogWorker:Storage Directory /workdir/hadoop-ozone/ozonefs/target/test-dir/MiniOzoneClusterImpl-3f0ffa95-bfc9-4a1c-9a47-ff24715a0622/datanode-6/data/ratis/71934dba-f2e5-4554-ab41-3089fdd7c898] INFO  segmented.SegmentedRaftLogWorker (SegmentedRaftLogWorker.java:run(313)) - 4255b290-7b6d-420f-97e2-6dfb55690bab-SegmentedRaftLogWorker:Storage Directory /workdir/hadoop-ozone/ozonefs/target/test-dir/MiniOzoneClusterImpl-3f0ffa95-bfc9-4a1c-9a47-ff24715a0622/datanode-6/data/ratis/71934dba-f2e5-4554-ab41-3089fdd7c898 was interrupted, exiting. There are 0 tasks remaining in the queue.
2019-09-12 11:40:52,008 [main] INFO  segmented.SegmentedRaftLogWorker (SegmentedRaftLogWorker.java:close(228)) - 4255b290-7b6d-420f-97e2-6dfb55690bab-SegmentedRaftLogWorker:Storage Directory /workdir/hadoop-ozone/ozonefs/target/test-dir/MiniOzoneClusterImpl-3f0ffa95-bfc9-4a1c-9a47-ff24715a0622/datanode-6/data/ratis/71934dba-f2e5-4554-ab41-3089fdd7c898 close()
2019-09-12 11:40:52,009 [main] INFO  server.GrpcService (GrpcService.java:closeImpl(155)) - 4255b290-7b6d-420f-97e2-6dfb55690bab: shutdown server with port 45659 now
2019-09-12 11:40:52,012 [main] INFO  server.GrpcService (GrpcService.java:closeImpl(163)) - 4255b290-7b6d-420f-97e2-6dfb55690bab: shutdown server with port 45659 successfully
2019-09-12 11:40:52,015 [main] INFO  utils.BackgroundService (BackgroundService.java:shutdown(148)) - Shutting down service BlockDeletingService
2019-09-12 11:40:52,017 [refreshUsed-/workdir/hadoop-ozone/ozonefs/target/test-dir/MiniOzoneClusterImpl-3f0ffa95-bfc9-4a1c-9a47-ff24715a0622/datanode-6/data/containers] WARN  fs.CachingGetSpaceUsed (CachingGetSpaceUsed.java:run(183)) - Thread Interrupted waiting to refresh disk information: sleep interrupted
2019-09-12 11:40:52,031 [ForkJoinPool.commonPool-worker-1] INFO  statemachine.DatanodeStateMachine (DatanodeStateMachine.java:stopDaemon(395)) - Ozone container server stopped.
2019-09-12 11:40:52,036 [ForkJoinPool.commonPool-worker-1] INFO  handler.ContextHandler (ContextHandler.java:doStop(910)) - Stopped o.e.j.w.WebAppContext@78d73b1b{/,null,UNAVAILABLE}{/hddsDatanode}
2019-09-12 11:40:52,037 [ForkJoinPool.commonPool-worker-1] INFO  server.AbstractConnector (AbstractConnector.java:doStop(318)) - Stopped ServerConnector@238291d4{HTTP/1.1,[http/1.1]}{0.0.0.0:0}
2019-09-12 11:40:52,039 [ForkJoinPool.commonPool-worker-1] INFO  handler.ContextHandler (ContextHandler.java:doStop(910)) - Stopped o.e.j.s.ServletContextHandler@7a606260{/static,jar:file:/home/user/.m2/repository/org/apache/hadoop/hadoop-hdds-container-service/0.5.0-SNAPSHOT/hadoop-hdds-container-service-0.5.0-SNAPSHOT.jar!/webapps/static,UNAVAILABLE}
2019-09-12 11:40:52,040 [ForkJoinPool.commonPool-worker-1] INFO  handler.ContextHandler (ContextHandler.java:doStop(910)) - Stopped o.e.j.s.ServletContextHandler@6b867ee7{/logs,file:///workdir/hadoop-ozone/ozonefs/target/log,UNAVAILABLE}
2019-09-12 11:40:52,042 [ForkJoinPool.commonPool-worker-1] INFO  datanode.ObjectStoreHandler (ObjectStoreHandler.java:close(155)) - Closing ObjectStoreHandler.
2019-09-12 11:40:52,042 [ForkJoinPool.commonPool-worker-1] INFO  ozone.HddsDatanodeService (HddsDatanodeService.java:stop(451)) - Stopped plug-in org.apache.hadoop.ozone.web.OzoneHddsDatanodeService@4b4a2fa8
2019-09-12 11:40:52,060 [main] INFO  statemachine.DatanodeStateMachine (DatanodeStateMachine.java:stopDaemon(395)) - Ozone container server stopped.
2019-09-12 11:40:52,061 [main] INFO  handler.ContextHandler (ContextHandler.java:doStop(910)) - Stopped o.e.j.w.WebAppContext@729cd862{/,null,UNAVAILABLE}{/hddsDatanode}
2019-09-12 11:40:52,062 [main] INFO  server.AbstractConnector (AbstractConnector.java:doStop(318)) - Stopped ServerConnector@23b71d24{HTTP/1.1,[http/1.1]}{0.0.0.0:0}
2019-09-12 11:40:52,062 [main] INFO  handler.ContextHandler (ContextHandler.java:doStop(910)) - Stopped o.e.j.s.ServletContextHandler@566fe83c{/static,jar:file:/home/user/.m2/repository/org/apache/hadoop/hadoop-hdds-container-service/0.5.0-SNAPSHOT/hadoop-hdds-container-service-0.5.0-SNAPSHOT.jar!/webapps/static,UNAVAILABLE}
2019-09-12 11:40:52,062 [main] INFO  handler.ContextHandler (ContextHandler.java:doStop(910)) - Stopped o.e.j.s.ServletContextHandler@61a704d3{/logs,file:///workdir/hadoop-ozone/ozonefs/target/log,UNAVAILABLE}
2019-09-12 11:40:52,064 [main] INFO  datanode.ObjectStoreHandler (ObjectStoreHandler.java:close(155)) - Closing ObjectStoreHandler.
2019-09-12 11:40:52,064 [main] INFO  ozone.HddsDatanodeService (HddsDatanodeService.java:stop(451)) - Stopped plug-in org.apache.hadoop.ozone.web.OzoneHddsDatanodeService@27db45f
2019-09-12 11:40:52,410 | INFO  | SCMAudit | user=jenkins1000 | ip=192.168.157.195 | op=SEND_HEARTBEAT {datanodeUUID=5d0352ef-d446-4a04-a69e-b6b493d47759, command=[]} | ret=SUCCESS |  
2019-09-12 11:40:52,411 | INFO  | SCMAudit | user=jenkins1000 | ip=192.168.157.195 | op=SEND_HEARTBEAT {datanodeUUID=8668900b-06f4-40f9-8926-68eb6348aa5d, command=[]} | ret=SUCCESS |  
2019-09-12 11:40:52,418 [Datanode State Machine Thread - 0] INFO  statemachine.DatanodeStateMachine (DatanodeStateMachine.java:lambda$startDaemon$0(350)) - Ozone container server started.
2019-09-12 11:40:52,418 [Datanode State Machine Thread - 0] INFO  statemachine.DatanodeStateMachine (DatanodeStateMachine.java:lambda$startDaemon$0(350)) - Ozone container server started.
2019-09-12 11:40:52,419 | INFO  | SCMAudit | user=jenkins1000 | ip=192.168.157.195 | op=SEND_HEARTBEAT {datanodeUUID=dbf859ef-0f75-4843-8536-03105c97857a, command=[]} | ret=SUCCESS |  
2019-09-12 11:40:52,419 | INFO  | SCMAudit | user=jenkins1000 | ip=192.168.157.195 | op=SEND_HEARTBEAT {datanodeUUID=2da31971-fd5c-4baf-8dfe-b6048362baf8, command=[]} | ret=SUCCESS |  
2019-09-12 11:40:53,410 | INFO  | SCMAudit | user=jenkins1000 | ip=192.168.157.195 | op=SEND_HEARTBEAT {datanodeUUID=5d0352ef-d446-4a04-a69e-b6b493d47759, command=[]} | ret=SUCCESS |  
2019-09-12 11:40:53,411 | INFO  | SCMAudit | user=jenkins1000 | ip=192.168.157.195 | op=SEND_HEARTBEAT {datanodeUUID=8668900b-06f4-40f9-8926-68eb6348aa5d, command=[]} | ret=SUCCESS |  
2019-09-12 11:40:53,419 | INFO  | SCMAudit | user=jenkins1000 | ip=192.168.157.195 | op=SEND_HEARTBEAT {datanodeUUID=dbf859ef-0f75-4843-8536-03105c97857a, command=[]} | ret=SUCCESS |  
2019-09-12 11:40:53,419 | INFO  | SCMAudit | user=jenkins1000 | ip=192.168.157.195 | op=SEND_HEARTBEAT {datanodeUUID=2da31971-fd5c-4baf-8dfe-b6048362baf8, command=[]} | ret=SUCCESS |  
2019-09-12 11:40:54,409 | INFO  | SCMAudit | user=jenkins1000 | ip=192.168.157.195 | op=SEND_HEARTBEAT {datanodeUUID=5d0352ef-d446-4a04-a69e-b6b493d47759, command=[]} | ret=SUCCESS |  
2019-09-12 11:40:54,412 | INFO  | SCMAudit | user=jenkins1000 | ip=192.168.157.195 | op=SEND_HEARTBEAT {datanodeUUID=8668900b-06f4-40f9-8926-68eb6348aa5d, command=[]} | ret=SUCCESS |  
2019-09-12 11:40:54,419 | INFO  | SCMAudit | user=jenkins1000 | ip=192.168.157.195 | op=SEND_HEARTBEAT {datanodeUUID=dbf859ef-0f75-4843-8536-03105c97857a, command=[]} | ret=SUCCESS |  
2019-09-12 11:40:54,419 | INFO  | SCMAudit | user=jenkins1000 | ip=192.168.157.195 | op=SEND_HEARTBEAT {datanodeUUID=2da31971-fd5c-4baf-8dfe-b6048362baf8, command=[]} | ret=SUCCESS |  
2019-09-12 11:40:55,410 | INFO  | SCMAudit | user=jenkins1000 | ip=192.168.157.195 | op=SEND_HEARTBEAT {datanodeUUID=5d0352ef-d446-4a04-a69e-b6b493d47759, command=[]} | ret=SUCCESS |  
2019-09-12 11:40:55,411 | INFO  | SCMAudit | user=jenkins1000 | ip=192.168.157.195 | op=SEND_HEARTBEAT {datanodeUUID=8668900b-06f4-40f9-8926-68eb6348aa5d, command=[]} | ret=SUCCESS |  
2019-09-12 11:40:55,419 | INFO  | SCMAudit | user=jenkins1000 | ip=192.168.157.195 | op=SEND_HEARTBEAT {datanodeUUID=2da31971-fd5c-4baf-8dfe-b6048362baf8, command=[]} | ret=SUCCESS |  
2019-09-12 11:40:55,420 | INFO  | SCMAudit | user=jenkins1000 | ip=192.168.157.195 | op=SEND_HEARTBEAT {datanodeUUID=dbf859ef-0f75-4843-8536-03105c97857a, command=[]} | ret=SUCCESS |  
2019-09-12 11:40:56,410 | INFO  | SCMAudit | user=jenkins1000 | ip=192.168.157.195 | op=SEND_HEARTBEAT {datanodeUUID=5d0352ef-d446-4a04-a69e-b6b493d47759, command=[]} | ret=SUCCESS |  
2019-09-12 11:40:56,411 | INFO  | SCMAudit | user=jenkins1000 | ip=192.168.157.195 | op=SEND_HEARTBEAT {datanodeUUID=8668900b-06f4-40f9-8926-68eb6348aa5d, command=[]} | ret=SUCCESS |  
2019-09-12 11:40:56,418 | INFO  | SCMAudit | user=jenkins1000 | ip=192.168.157.195 | op=SEND_HEARTBEAT {datanodeUUID=2da31971-fd5c-4baf-8dfe-b6048362baf8, command=[]} | ret=SUCCESS |  
2019-09-12 11:40:56,420 | INFO  | SCMAudit | user=jenkins1000 | ip=192.168.157.195 | op=SEND_HEARTBEAT {datanodeUUID=dbf859ef-0f75-4843-8536-03105c97857a, command=[]} | ret=SUCCESS |  
2019-09-12 11:40:57,043 [ForkJoinPool.commonPool-worker-1] INFO  ozoneimpl.OzoneContainer (OzoneContainer.java:stop(199)) - Attempting to stop container services.
2019-09-12 11:40:57,044 [ForkJoinPool.commonPool-worker-1] INFO  impl.RaftServerProxy (RaftServerProxy.java:lambda$close$4(314)) - ef411258-a662-4696-ba26-405a55c9a048: close
2019-09-12 11:40:57,044 [ForkJoinPool.commonPool-worker-1] INFO  impl.RaftServerImpl (RaftServerImpl.java:lambda$shutdown$3(245)) - ef411258-a662-4696-ba26-405a55c9a048: shutdown group-69A2CEC7BCA5
2019-09-12 11:40:57,045 [ForkJoinPool.commonPool-worker-1] INFO  util.JmxRegister (JmxRegister.java:unregister(73)) - Successfully un-registered JMX Bean with object name Ratis:service=RaftServer,group=group-69A2CEC7BCA5,id=ef411258-a662-4696-ba26-405a55c9a048
2019-09-12 11:40:57,045 [ForkJoinPool.commonPool-worker-1] INFO  impl.RoleInfo (RoleInfo.java:shutdownLeaderState(104)) - ef411258-a662-4696-ba26-405a55c9a048: shutdown LeaderState
2019-09-12 11:40:57,045 [ForkJoinPool.commonPool-worker-1] INFO  impl.PendingRequests (PendingRequests.java:sendNotLeaderResponses(202)) - ef411258-a662-4696-ba26-405a55c9a048-PendingRequests: sendNotLeaderResponses
2019-09-12 11:40:57,046 [ForkJoinPool.commonPool-worker-1] INFO  impl.StateMachineUpdater (StateMachineUpdater.java:stopAndJoin(115)) - StateMachineUpdater:ef411258-a662-4696-ba26-405a55c9a048:group-69A2CEC7BCA5: set stopIndex = 0
2019-09-12 11:40:57,046 [ForkJoinPool.commonPool-worker-1] INFO  impl.RaftServerImpl (ServerState.java:close(394)) - ef411258-a662-4696-ba26-405a55c9a048:group-69A2CEC7BCA5 closes. The last applied log index is 0
2019-09-12 11:40:57,047 [ef411258-a662-4696-ba26-405a55c9a048-SegmentedRaftLogWorker:Storage Directory /workdir/hadoop-ozone/ozonefs/target/test-dir/MiniOzoneClusterImpl-3f0ffa95-bfc9-4a1c-9a47-ff24715a0622/datanode-4/data/ratis/ee03322d-e67c-477e-a099-69a2cec7bca5] INFO  segmented.SegmentedRaftLogWorker (SegmentedRaftLogWorker.java:run(313)) - ef411258-a662-4696-ba26-405a55c9a048-SegmentedRaftLogWorker:Storage Directory /workdir/hadoop-ozone/ozonefs/target/test-dir/MiniOzoneClusterImpl-3f0ffa95-bfc9-4a1c-9a47-ff24715a0622/datanode-4/data/ratis/ee03322d-e67c-477e-a099-69a2cec7bca5 was interrupted, exiting. There are 0 tasks remaining in the queue.
2019-09-12 11:40:57,047 [ForkJoinPool.commonPool-worker-1] INFO  segmented.SegmentedRaftLogWorker (SegmentedRaftLogWorker.java:close(228)) - ef411258-a662-4696-ba26-405a55c9a048-SegmentedRaftLogWorker:Storage Directory /workdir/hadoop-ozone/ozonefs/target/test-dir/MiniOzoneClusterImpl-3f0ffa95-bfc9-4a1c-9a47-ff24715a0622/datanode-4/data/ratis/ee03322d-e67c-477e-a099-69a2cec7bca5 close()
2019-09-12 11:40:57,048 [ForkJoinPool.commonPool-worker-1] INFO  impl.RaftServerImpl (RaftServerImpl.java:lambda$shutdown$3(245)) - ef411258-a662-4696-ba26-405a55c9a048: shutdown group-38B1C67D44B8
2019-09-12 11:40:57,048 [ForkJoinPool.commonPool-worker-1] INFO  util.JmxRegister (JmxRegister.java:unregister(73)) - Successfully un-registered JMX Bean with object name Ratis:service=RaftServer,group=group-38B1C67D44B8,id=ef411258-a662-4696-ba26-405a55c9a048
2019-09-12 11:40:57,049 [ForkJoinPool.commonPool-worker-1] INFO  impl.RoleInfo (RoleInfo.java:shutdownLeaderState(104)) - ef411258-a662-4696-ba26-405a55c9a048: shutdown LeaderState
2019-09-12 11:40:57,049 [ForkJoinPool.commonPool-worker-1] INFO  impl.PendingRequests (PendingRequests.java:sendNotLeaderResponses(202)) - ef411258-a662-4696-ba26-405a55c9a048-PendingRequests: sendNotLeaderResponses
2019-09-12 11:40:57,050 [ForkJoinPool.commonPool-worker-1] INFO  impl.StateMachineUpdater (StateMachineUpdater.java:stopAndJoin(115)) - StateMachineUpdater:ef411258-a662-4696-ba26-405a55c9a048:group-38B1C67D44B8: set stopIndex = 0
2019-09-12 11:40:57,050 [ForkJoinPool.commonPool-worker-1] INFO  impl.RaftServerImpl (ServerState.java:close(394)) - ef411258-a662-4696-ba26-405a55c9a048:group-38B1C67D44B8 closes. The last applied log index is 0
2019-09-12 11:40:57,051 [ef411258-a662-4696-ba26-405a55c9a048-SegmentedRaftLogWorker:Storage Directory /workdir/hadoop-ozone/ozonefs/target/test-dir/MiniOzoneClusterImpl-3f0ffa95-bfc9-4a1c-9a47-ff24715a0622/datanode-4/data/ratis/40f2b69a-eb25-43d2-a82d-38b1c67d44b8] INFO  segmented.SegmentedRaftLogWorker (SegmentedRaftLogWorker.java:run(313)) - ef411258-a662-4696-ba26-405a55c9a048-SegmentedRaftLogWorker:Storage Directory /workdir/hadoop-ozone/ozonefs/target/test-dir/MiniOzoneClusterImpl-3f0ffa95-bfc9-4a1c-9a47-ff24715a0622/datanode-4/data/ratis/40f2b69a-eb25-43d2-a82d-38b1c67d44b8 was interrupted, exiting. There are 0 tasks remaining in the queue.
2019-09-12 11:40:57,051 [ForkJoinPool.commonPool-worker-1] INFO  segmented.SegmentedRaftLogWorker (SegmentedRaftLogWorker.java:close(228)) - ef411258-a662-4696-ba26-405a55c9a048-SegmentedRaftLogWorker:Storage Directory /workdir/hadoop-ozone/ozonefs/target/test-dir/MiniOzoneClusterImpl-3f0ffa95-bfc9-4a1c-9a47-ff24715a0622/datanode-4/data/ratis/40f2b69a-eb25-43d2-a82d-38b1c67d44b8 close()
2019-09-12 11:40:57,051 [ForkJoinPool.commonPool-worker-1] INFO  impl.RaftServerImpl (RaftServerImpl.java:lambda$shutdown$3(245)) - ef411258-a662-4696-ba26-405a55c9a048: shutdown group-F7C924FCDA8B
2019-09-12 11:40:57,052 [ForkJoinPool.commonPool-worker-1] INFO  util.JmxRegister (JmxRegister.java:unregister(73)) - Successfully un-registered JMX Bean with object name Ratis:service=RaftServer,group=group-F7C924FCDA8B,id=ef411258-a662-4696-ba26-405a55c9a048
2019-09-12 11:40:57,052 [ForkJoinPool.commonPool-worker-1] INFO  impl.RoleInfo (RoleInfo.java:shutdownLeaderState(104)) - ef411258-a662-4696-ba26-405a55c9a048: shutdown LeaderState
2019-09-12 11:40:57,053 [ForkJoinPool.commonPool-worker-1] INFO  impl.PendingRequests (PendingRequests.java:sendNotLeaderResponses(202)) - ef411258-a662-4696-ba26-405a55c9a048-PendingRequests: sendNotLeaderResponses
2019-09-12 11:40:57,053 [ForkJoinPool.commonPool-worker-1] INFO  impl.StateMachineUpdater (StateMachineUpdater.java:stopAndJoin(115)) - StateMachineUpdater:ef411258-a662-4696-ba26-405a55c9a048:group-F7C924FCDA8B: set stopIndex = 0
2019-09-12 11:40:57,053 [ForkJoinPool.commonPool-worker-1] INFO  impl.RaftServerImpl (ServerState.java:close(394)) - ef411258-a662-4696-ba26-405a55c9a048:group-F7C924FCDA8B closes. The last applied log index is 0
2019-09-12 11:40:57,054 [ef411258-a662-4696-ba26-405a55c9a048-SegmentedRaftLogWorker:Storage Directory /workdir/hadoop-ozone/ozonefs/target/test-dir/MiniOzoneClusterImpl-3f0ffa95-bfc9-4a1c-9a47-ff24715a0622/datanode-4/data/ratis/e4872088-161d-446a-a110-f7c924fcda8b] INFO  segmented.SegmentedRaftLogWorker (SegmentedRaftLogWorker.java:run(313)) - ef411258-a662-4696-ba26-405a55c9a048-SegmentedRaftLogWorker:Storage Directory /workdir/hadoop-ozone/ozonefs/target/test-dir/MiniOzoneClusterImpl-3f0ffa95-bfc9-4a1c-9a47-ff24715a0622/datanode-4/data/ratis/e4872088-161d-446a-a110-f7c924fcda8b was interrupted, exiting. There are 0 tasks remaining in the queue.
2019-09-12 11:40:57,054 [ForkJoinPool.commonPool-worker-1] INFO  segmented.SegmentedRaftLogWorker (SegmentedRaftLogWorker.java:close(228)) - ef411258-a662-4696-ba26-405a55c9a048-SegmentedRaftLogWorker:Storage Directory /workdir/hadoop-ozone/ozonefs/target/test-dir/MiniOzoneClusterImpl-3f0ffa95-bfc9-4a1c-9a47-ff24715a0622/datanode-4/data/ratis/e4872088-161d-446a-a110-f7c924fcda8b close()
2019-09-12 11:40:57,054 [ForkJoinPool.commonPool-worker-1] INFO  impl.RaftServerImpl (RaftServerImpl.java:lambda$shutdown$3(245)) - ef411258-a662-4696-ba26-405a55c9a048: shutdown group-533C70C43327
2019-09-12 11:40:57,055 [ForkJoinPool.commonPool-worker-1] INFO  util.JmxRegister (JmxRegister.java:unregister(73)) - Successfully un-registered JMX Bean with object name Ratis:service=RaftServer,group=group-533C70C43327,id=ef411258-a662-4696-ba26-405a55c9a048
2019-09-12 11:40:57,055 [ForkJoinPool.commonPool-worker-1] INFO  impl.RoleInfo (RoleInfo.java:shutdownLeaderState(104)) - ef411258-a662-4696-ba26-405a55c9a048: shutdown LeaderState
2019-09-12 11:40:57,055 [ForkJoinPool.commonPool-worker-1] INFO  impl.PendingRequests (PendingRequests.java:sendNotLeaderResponses(202)) - ef411258-a662-4696-ba26-405a55c9a048-PendingRequests: sendNotLeaderResponses
2019-09-12 11:40:57,056 [ForkJoinPool.commonPool-worker-1] INFO  impl.StateMachineUpdater (StateMachineUpdater.java:stopAndJoin(115)) - StateMachineUpdater:ef411258-a662-4696-ba26-405a55c9a048:group-533C70C43327: set stopIndex = 0
2019-09-12 11:40:57,056 [ForkJoinPool.commonPool-worker-1] INFO  impl.RaftServerImpl (ServerState.java:close(394)) - ef411258-a662-4696-ba26-405a55c9a048:group-533C70C43327 closes. The last applied log index is 0
2019-09-12 11:40:57,056 [ef411258-a662-4696-ba26-405a55c9a048-SegmentedRaftLogWorker:Storage Directory /workdir/hadoop-ozone/ozonefs/target/test-dir/MiniOzoneClusterImpl-3f0ffa95-bfc9-4a1c-9a47-ff24715a0622/datanode-4/data/ratis/abef79c6-a83e-4451-9f5b-533c70c43327] INFO  segmented.SegmentedRaftLogWorker (SegmentedRaftLogWorker.java:run(313)) - ef411258-a662-4696-ba26-405a55c9a048-SegmentedRaftLogWorker:Storage Directory /workdir/hadoop-ozone/ozonefs/target/test-dir/MiniOzoneClusterImpl-3f0ffa95-bfc9-4a1c-9a47-ff24715a0622/datanode-4/data/ratis/abef79c6-a83e-4451-9f5b-533c70c43327 was interrupted, exiting. There are 0 tasks remaining in the queue.
2019-09-12 11:40:57,057 [ForkJoinPool.commonPool-worker-1] INFO  segmented.SegmentedRaftLogWorker (SegmentedRaftLogWorker.java:close(228)) - ef411258-a662-4696-ba26-405a55c9a048-SegmentedRaftLogWorker:Storage Directory /workdir/hadoop-ozone/ozonefs/target/test-dir/MiniOzoneClusterImpl-3f0ffa95-bfc9-4a1c-9a47-ff24715a0622/datanode-4/data/ratis/abef79c6-a83e-4451-9f5b-533c70c43327 close()
2019-09-12 11:40:57,057 [ForkJoinPool.commonPool-worker-1] INFO  impl.RaftServerImpl (RaftServerImpl.java:lambda$shutdown$3(245)) - ef411258-a662-4696-ba26-405a55c9a048: shutdown group-BA51E7BB0F17
2019-09-12 11:40:57,057 [ForkJoinPool.commonPool-worker-1] INFO  util.JmxRegister (JmxRegister.java:unregister(73)) - Successfully un-registered JMX Bean with object name Ratis:service=RaftServer,group=group-BA51E7BB0F17,id=ef411258-a662-4696-ba26-405a55c9a048
2019-09-12 11:40:57,057 [ForkJoinPool.commonPool-worker-1] INFO  impl.RoleInfo (RoleInfo.java:shutdownLeaderState(104)) - ef411258-a662-4696-ba26-405a55c9a048: shutdown LeaderState
2019-09-12 11:40:57,058 [ForkJoinPool.commonPool-worker-1] INFO  impl.PendingRequests (PendingRequests.java:sendNotLeaderResponses(202)) - ef411258-a662-4696-ba26-405a55c9a048-PendingRequests: sendNotLeaderResponses
2019-09-12 11:40:57,058 [ForkJoinPool.commonPool-worker-1] INFO  impl.StateMachineUpdater (StateMachineUpdater.java:stopAndJoin(115)) - StateMachineUpdater:ef411258-a662-4696-ba26-405a55c9a048:group-BA51E7BB0F17: set stopIndex = 0
2019-09-12 11:40:57,058 [ForkJoinPool.commonPool-worker-1] INFO  impl.RaftServerImpl (ServerState.java:close(394)) - ef411258-a662-4696-ba26-405a55c9a048:group-BA51E7BB0F17 closes. The last applied log index is 0
2019-09-12 11:40:57,059 [ef411258-a662-4696-ba26-405a55c9a048-SegmentedRaftLogWorker:Storage Directory /workdir/hadoop-ozone/ozonefs/target/test-dir/MiniOzoneClusterImpl-3f0ffa95-bfc9-4a1c-9a47-ff24715a0622/datanode-4/data/ratis/ada6a7fb-1908-40f2-baa9-ba51e7bb0f17] INFO  segmented.SegmentedRaftLogWorker (SegmentedRaftLogWorker.java:run(313)) - ef411258-a662-4696-ba26-405a55c9a048-SegmentedRaftLogWorker:Storage Directory /workdir/hadoop-ozone/ozonefs/target/test-dir/MiniOzoneClusterImpl-3f0ffa95-bfc9-4a1c-9a47-ff24715a0622/datanode-4/data/ratis/ada6a7fb-1908-40f2-baa9-ba51e7bb0f17 was interrupted, exiting. There are 0 tasks remaining in the queue.
2019-09-12 11:40:57,059 [ForkJoinPool.commonPool-worker-1] INFO  segmented.SegmentedRaftLogWorker (SegmentedRaftLogWorker.java:close(228)) - ef411258-a662-4696-ba26-405a55c9a048-SegmentedRaftLogWorker:Storage Directory /workdir/hadoop-ozone/ozonefs/target/test-dir/MiniOzoneClusterImpl-3f0ffa95-bfc9-4a1c-9a47-ff24715a0622/datanode-4/data/ratis/ada6a7fb-1908-40f2-baa9-ba51e7bb0f17 close()
2019-09-12 11:40:57,060 [ForkJoinPool.commonPool-worker-1] INFO  impl.RaftServerImpl (RaftServerImpl.java:lambda$shutdown$3(245)) - ef411258-a662-4696-ba26-405a55c9a048: shutdown group-F22603D92D11
2019-09-12 11:40:57,060 [ForkJoinPool.commonPool-worker-1] INFO  util.JmxRegister (JmxRegister.java:unregister(73)) - Successfully un-registered JMX Bean with object name Ratis:service=RaftServer,group=group-F22603D92D11,id=ef411258-a662-4696-ba26-405a55c9a048
2019-09-12 11:40:57,060 [ForkJoinPool.commonPool-worker-1] INFO  impl.RoleInfo (RoleInfo.java:shutdownLeaderState(104)) - ef411258-a662-4696-ba26-405a55c9a048: shutdown LeaderState
2019-09-12 11:40:57,061 [ForkJoinPool.commonPool-worker-1] INFO  impl.PendingRequests (PendingRequests.java:sendNotLeaderResponses(202)) - ef411258-a662-4696-ba26-405a55c9a048-PendingRequests: sendNotLeaderResponses
2019-09-12 11:40:57,061 [ForkJoinPool.commonPool-worker-1] INFO  impl.StateMachineUpdater (StateMachineUpdater.java:stopAndJoin(115)) - StateMachineUpdater:ef411258-a662-4696-ba26-405a55c9a048:group-F22603D92D11: set stopIndex = 0
2019-09-12 11:40:57,061 [ForkJoinPool.commonPool-worker-1] INFO  impl.RaftServerImpl (ServerState.java:close(394)) - ef411258-a662-4696-ba26-405a55c9a048:group-F22603D92D11 closes. The last applied log index is 0
2019-09-12 11:40:57,062 [ef411258-a662-4696-ba26-405a55c9a048-SegmentedRaftLogWorker:Storage Directory /workdir/hadoop-ozone/ozonefs/target/test-dir/MiniOzoneClusterImpl-3f0ffa95-bfc9-4a1c-9a47-ff24715a0622/datanode-4/data/ratis/0745cfff-62cb-4888-948d-f22603d92d11] INFO  segmented.SegmentedRaftLogWorker (SegmentedRaftLogWorker.java:run(313)) - ef411258-a662-4696-ba26-405a55c9a048-SegmentedRaftLogWorker:Storage Directory /workdir/hadoop-ozone/ozonefs/target/test-dir/MiniOzoneClusterImpl-3f0ffa95-bfc9-4a1c-9a47-ff24715a0622/datanode-4/data/ratis/0745cfff-62cb-4888-948d-f22603d92d11 was interrupted, exiting. There are 0 tasks remaining in the queue.
2019-09-12 11:40:57,062 [ForkJoinPool.commonPool-worker-1] INFO  segmented.SegmentedRaftLogWorker (SegmentedRaftLogWorker.java:close(228)) - ef411258-a662-4696-ba26-405a55c9a048-SegmentedRaftLogWorker:Storage Directory /workdir/hadoop-ozone/ozonefs/target/test-dir/MiniOzoneClusterImpl-3f0ffa95-bfc9-4a1c-9a47-ff24715a0622/datanode-4/data/ratis/0745cfff-62cb-4888-948d-f22603d92d11 close()
2019-09-12 11:40:57,063 [ForkJoinPool.commonPool-worker-1] INFO  server.GrpcService (GrpcService.java:closeImpl(155)) - ef411258-a662-4696-ba26-405a55c9a048: shutdown server with port 37970 now
2019-09-12 11:40:57,066 [ForkJoinPool.commonPool-worker-1] INFO  server.GrpcService (GrpcService.java:closeImpl(163)) - ef411258-a662-4696-ba26-405a55c9a048: shutdown server with port 37970 successfully
2019-09-12 11:40:57,067 [main] INFO  ozoneimpl.OzoneContainer (OzoneContainer.java:stop(199)) - Attempting to stop container services.
2019-09-12 11:40:57,067 [main] INFO  impl.RaftServerProxy (RaftServerProxy.java:lambda$close$4(314)) - b5e361a7-9275-4b10-aa61-1d8677ab7c49: close
2019-09-12 11:40:57,068 [main] INFO  impl.RaftServerImpl (RaftServerImpl.java:lambda$shutdown$3(245)) - b5e361a7-9275-4b10-aa61-1d8677ab7c49: shutdown group-8F22F7E80142
2019-09-12 11:40:57,069 [main] INFO  util.JmxRegister (JmxRegister.java:unregister(73)) - Successfully un-registered JMX Bean with object name Ratis:service=RaftServer,group=group-8F22F7E80142,id=b5e361a7-9275-4b10-aa61-1d8677ab7c49
2019-09-12 11:40:57,069 [main] INFO  impl.RoleInfo (RoleInfo.java:shutdownLeaderState(104)) - b5e361a7-9275-4b10-aa61-1d8677ab7c49: shutdown LeaderState
2019-09-12 11:40:57,070 [main] INFO  impl.PendingRequests (PendingRequests.java:sendNotLeaderResponses(202)) - b5e361a7-9275-4b10-aa61-1d8677ab7c49-PendingRequests: sendNotLeaderResponses
2019-09-12 11:40:57,070 [main] INFO  impl.StateMachineUpdater (StateMachineUpdater.java:stopAndJoin(115)) - StateMachineUpdater:b5e361a7-9275-4b10-aa61-1d8677ab7c49:group-8F22F7E80142: set stopIndex = 0
2019-09-12 11:40:57,071 [main] INFO  impl.RaftServerImpl (ServerState.java:close(394)) - b5e361a7-9275-4b10-aa61-1d8677ab7c49:group-8F22F7E80142 closes. The last applied log index is 0
2019-09-12 11:40:57,071 [ForkJoinPool.commonPool-worker-1] INFO  utils.BackgroundService (BackgroundService.java:shutdown(148)) - Shutting down service BlockDeletingService
2019-09-12 11:40:57,072 [b5e361a7-9275-4b10-aa61-1d8677ab7c49-SegmentedRaftLogWorker:Storage Directory /workdir/hadoop-ozone/ozonefs/target/test-dir/MiniOzoneClusterImpl-3f0ffa95-bfc9-4a1c-9a47-ff24715a0622/datanode-8/data/ratis/da2217a3-bea2-4cbb-8f96-8f22f7e80142] INFO  segmented.SegmentedRaftLogWorker (SegmentedRaftLogWorker.java:run(313)) - b5e361a7-9275-4b10-aa61-1d8677ab7c49-SegmentedRaftLogWorker:Storage Directory /workdir/hadoop-ozone/ozonefs/target/test-dir/MiniOzoneClusterImpl-3f0ffa95-bfc9-4a1c-9a47-ff24715a0622/datanode-8/data/ratis/da2217a3-bea2-4cbb-8f96-8f22f7e80142 was interrupted, exiting. There are 0 tasks remaining in the queue.
2019-09-12 11:40:57,072 [main] INFO  segmented.SegmentedRaftLogWorker (SegmentedRaftLogWorker.java:close(228)) - b5e361a7-9275-4b10-aa61-1d8677ab7c49-SegmentedRaftLogWorker:Storage Directory /workdir/hadoop-ozone/ozonefs/target/test-dir/MiniOzoneClusterImpl-3f0ffa95-bfc9-4a1c-9a47-ff24715a0622/datanode-8/data/ratis/da2217a3-bea2-4cbb-8f96-8f22f7e80142 close()
2019-09-12 11:40:57,073 [main] INFO  impl.RaftServerImpl (RaftServerImpl.java:lambda$shutdown$3(245)) - b5e361a7-9275-4b10-aa61-1d8677ab7c49: shutdown group-420B97D8551B
2019-09-12 11:40:57,073 [main] INFO  util.JmxRegister (JmxRegister.java:unregister(73)) - Successfully un-registered JMX Bean with object name Ratis:service=RaftServer,group=group-420B97D8551B,id=b5e361a7-9275-4b10-aa61-1d8677ab7c49
2019-09-12 11:40:57,074 [main] INFO  impl.RoleInfo (RoleInfo.java:shutdownLeaderState(104)) - b5e361a7-9275-4b10-aa61-1d8677ab7c49: shutdown LeaderState
2019-09-12 11:40:57,075 [main] INFO  impl.PendingRequests (PendingRequests.java:sendNotLeaderResponses(202)) - b5e361a7-9275-4b10-aa61-1d8677ab7c49-PendingRequests: sendNotLeaderResponses
2019-09-12 11:40:57,075 [main] INFO  impl.StateMachineUpdater (StateMachineUpdater.java:stopAndJoin(115)) - StateMachineUpdater:b5e361a7-9275-4b10-aa61-1d8677ab7c49:group-420B97D8551B: set stopIndex = 0
2019-09-12 11:40:57,076 [main] INFO  impl.RaftServerImpl (ServerState.java:close(394)) - b5e361a7-9275-4b10-aa61-1d8677ab7c49:group-420B97D8551B closes. The last applied log index is 0
2019-09-12 11:40:57,076 [refreshUsed-/workdir/hadoop-ozone/ozonefs/target/test-dir/MiniOzoneClusterImpl-3f0ffa95-bfc9-4a1c-9a47-ff24715a0622/datanode-4/data/containers] WARN  fs.CachingGetSpaceUsed (CachingGetSpaceUsed.java:run(183)) - Thread Interrupted waiting to refresh disk information: sleep interrupted
2019-09-12 11:40:57,076 [b5e361a7-9275-4b10-aa61-1d8677ab7c49-SegmentedRaftLogWorker:Storage Directory /workdir/hadoop-ozone/ozonefs/target/test-dir/MiniOzoneClusterImpl-3f0ffa95-bfc9-4a1c-9a47-ff24715a0622/datanode-8/data/ratis/fb668759-bb1e-4794-bc84-420b97d8551b] INFO  segmented.SegmentedRaftLogWorker (SegmentedRaftLogWorker.java:run(313)) - b5e361a7-9275-4b10-aa61-1d8677ab7c49-SegmentedRaftLogWorker:Storage Directory /workdir/hadoop-ozone/ozonefs/target/test-dir/MiniOzoneClusterImpl-3f0ffa95-bfc9-4a1c-9a47-ff24715a0622/datanode-8/data/ratis/fb668759-bb1e-4794-bc84-420b97d8551b was interrupted, exiting. There are 0 tasks remaining in the queue.
2019-09-12 11:40:57,077 [main] INFO  segmented.SegmentedRaftLogWorker (SegmentedRaftLogWorker.java:close(228)) - b5e361a7-9275-4b10-aa61-1d8677ab7c49-SegmentedRaftLogWorker:Storage Directory /workdir/hadoop-ozone/ozonefs/target/test-dir/MiniOzoneClusterImpl-3f0ffa95-bfc9-4a1c-9a47-ff24715a0622/datanode-8/data/ratis/fb668759-bb1e-4794-bc84-420b97d8551b close()
2019-09-12 11:40:57,077 [main] INFO  impl.RaftServerImpl (RaftServerImpl.java:lambda$shutdown$3(245)) - b5e361a7-9275-4b10-aa61-1d8677ab7c49: shutdown group-A3765296A424
2019-09-12 11:40:57,078 [main] INFO  util.JmxRegister (JmxRegister.java:unregister(73)) - Successfully un-registered JMX Bean with object name Ratis:service=RaftServer,group=group-A3765296A424,id=b5e361a7-9275-4b10-aa61-1d8677ab7c49
2019-09-12 11:40:57,078 [main] INFO  impl.RoleInfo (RoleInfo.java:shutdownLeaderState(104)) - b5e361a7-9275-4b10-aa61-1d8677ab7c49: shutdown LeaderState
2019-09-12 11:40:57,079 [main] INFO  impl.PendingRequests (PendingRequests.java:sendNotLeaderResponses(202)) - b5e361a7-9275-4b10-aa61-1d8677ab7c49-PendingRequests: sendNotLeaderResponses
2019-09-12 11:40:57,080 [main] INFO  impl.StateMachineUpdater (StateMachineUpdater.java:stopAndJoin(115)) - StateMachineUpdater:b5e361a7-9275-4b10-aa61-1d8677ab7c49:group-A3765296A424: set stopIndex = 0
2019-09-12 11:40:57,080 [main] INFO  impl.RaftServerImpl (ServerState.java:close(394)) - b5e361a7-9275-4b10-aa61-1d8677ab7c49:group-A3765296A424 closes. The last applied log index is 0
2019-09-12 11:40:57,080 [b5e361a7-9275-4b10-aa61-1d8677ab7c49-SegmentedRaftLogWorker:Storage Directory /workdir/hadoop-ozone/ozonefs/target/test-dir/MiniOzoneClusterImpl-3f0ffa95-bfc9-4a1c-9a47-ff24715a0622/datanode-8/data/ratis/1a4f9f02-ea0d-43ca-a4c4-a3765296a424] INFO  segmented.SegmentedRaftLogWorker (SegmentedRaftLogWorker.java:run(313)) - b5e361a7-9275-4b10-aa61-1d8677ab7c49-SegmentedRaftLogWorker:Storage Directory /workdir/hadoop-ozone/ozonefs/target/test-dir/MiniOzoneClusterImpl-3f0ffa95-bfc9-4a1c-9a47-ff24715a0622/datanode-8/data/ratis/1a4f9f02-ea0d-43ca-a4c4-a3765296a424 was interrupted, exiting. There are 0 tasks remaining in the queue.
2019-09-12 11:40:57,081 [main] INFO  segmented.SegmentedRaftLogWorker (SegmentedRaftLogWorker.java:close(228)) - b5e361a7-9275-4b10-aa61-1d8677ab7c49-SegmentedRaftLogWorker:Storage Directory /workdir/hadoop-ozone/ozonefs/target/test-dir/MiniOzoneClusterImpl-3f0ffa95-bfc9-4a1c-9a47-ff24715a0622/datanode-8/data/ratis/1a4f9f02-ea0d-43ca-a4c4-a3765296a424 close()
2019-09-12 11:40:57,081 [main] INFO  impl.RaftServerImpl (RaftServerImpl.java:lambda$shutdown$3(245)) - b5e361a7-9275-4b10-aa61-1d8677ab7c49: shutdown group-766948FCFB11
2019-09-12 11:40:57,082 [main] INFO  util.JmxRegister (JmxRegister.java:unregister(73)) - Successfully un-registered JMX Bean with object name Ratis:service=RaftServer,group=group-766948FCFB11,id=b5e361a7-9275-4b10-aa61-1d8677ab7c49
2019-09-12 11:40:57,082 [main] INFO  impl.RoleInfo (RoleInfo.java:shutdownLeaderState(104)) - b5e361a7-9275-4b10-aa61-1d8677ab7c49: shutdown LeaderState
2019-09-12 11:40:57,082 [main] INFO  impl.PendingRequests (PendingRequests.java:sendNotLeaderResponses(202)) - b5e361a7-9275-4b10-aa61-1d8677ab7c49-PendingRequests: sendNotLeaderResponses
2019-09-12 11:40:57,083 [main] INFO  impl.StateMachineUpdater (StateMachineUpdater.java:stopAndJoin(115)) - StateMachineUpdater:b5e361a7-9275-4b10-aa61-1d8677ab7c49:group-766948FCFB11: set stopIndex = 0
2019-09-12 11:40:57,083 [main] INFO  impl.RaftServerImpl (ServerState.java:close(394)) - b5e361a7-9275-4b10-aa61-1d8677ab7c49:group-766948FCFB11 closes. The last applied log index is 0
2019-09-12 11:40:57,084 [b5e361a7-9275-4b10-aa61-1d8677ab7c49-SegmentedRaftLogWorker:Storage Directory /workdir/hadoop-ozone/ozonefs/target/test-dir/MiniOzoneClusterImpl-3f0ffa95-bfc9-4a1c-9a47-ff24715a0622/datanode-8/data/ratis/5926e119-6603-4ce2-9376-766948fcfb11] INFO  segmented.SegmentedRaftLogWorker (SegmentedRaftLogWorker.java:run(313)) - b5e361a7-9275-4b10-aa61-1d8677ab7c49-SegmentedRaftLogWorker:Storage Directory /workdir/hadoop-ozone/ozonefs/target/test-dir/MiniOzoneClusterImpl-3f0ffa95-bfc9-4a1c-9a47-ff24715a0622/datanode-8/data/ratis/5926e119-6603-4ce2-9376-766948fcfb11 was interrupted, exiting. There are 0 tasks remaining in the queue.
2019-09-12 11:40:57,084 [main] INFO  segmented.SegmentedRaftLogWorker (SegmentedRaftLogWorker.java:close(228)) - b5e361a7-9275-4b10-aa61-1d8677ab7c49-SegmentedRaftLogWorker:Storage Directory /workdir/hadoop-ozone/ozonefs/target/test-dir/MiniOzoneClusterImpl-3f0ffa95-bfc9-4a1c-9a47-ff24715a0622/datanode-8/data/ratis/5926e119-6603-4ce2-9376-766948fcfb11 close()
2019-09-12 11:40:57,085 [main] INFO  impl.RaftServerImpl (RaftServerImpl.java:lambda$shutdown$3(245)) - b5e361a7-9275-4b10-aa61-1d8677ab7c49: shutdown group-C50009447075
2019-09-12 11:40:57,085 [main] INFO  util.JmxRegister (JmxRegister.java:unregister(73)) - Successfully un-registered JMX Bean with object name Ratis:service=RaftServer,group=group-C50009447075,id=b5e361a7-9275-4b10-aa61-1d8677ab7c49
2019-09-12 11:40:57,086 [main] INFO  impl.RoleInfo (RoleInfo.java:shutdownLeaderState(104)) - b5e361a7-9275-4b10-aa61-1d8677ab7c49: shutdown LeaderState
2019-09-12 11:40:57,086 [main] INFO  impl.PendingRequests (PendingRequests.java:sendNotLeaderResponses(202)) - b5e361a7-9275-4b10-aa61-1d8677ab7c49-PendingRequests: sendNotLeaderResponses
2019-09-12 11:40:57,086 [main] INFO  impl.StateMachineUpdater (StateMachineUpdater.java:stopAndJoin(115)) - StateMachineUpdater:b5e361a7-9275-4b10-aa61-1d8677ab7c49:group-C50009447075: set stopIndex = 0
2019-09-12 11:40:57,087 [main] INFO  impl.RaftServerImpl (ServerState.java:close(394)) - b5e361a7-9275-4b10-aa61-1d8677ab7c49:group-C50009447075 closes. The last applied log index is 0
2019-09-12 11:40:57,087 [b5e361a7-9275-4b10-aa61-1d8677ab7c49-SegmentedRaftLogWorker:Storage Directory /workdir/hadoop-ozone/ozonefs/target/test-dir/MiniOzoneClusterImpl-3f0ffa95-bfc9-4a1c-9a47-ff24715a0622/datanode-8/data/ratis/1c4c53ad-dafe-4659-8e38-c50009447075] INFO  segmented.SegmentedRaftLogWorker (SegmentedRaftLogWorker.java:run(313)) - b5e361a7-9275-4b10-aa61-1d8677ab7c49-SegmentedRaftLogWorker:Storage Directory /workdir/hadoop-ozone/ozonefs/target/test-dir/MiniOzoneClusterImpl-3f0ffa95-bfc9-4a1c-9a47-ff24715a0622/datanode-8/data/ratis/1c4c53ad-dafe-4659-8e38-c50009447075 was interrupted, exiting. There are 0 tasks remaining in the queue.
2019-09-12 11:40:57,088 [main] INFO  segmented.SegmentedRaftLogWorker (SegmentedRaftLogWorker.java:close(228)) - b5e361a7-9275-4b10-aa61-1d8677ab7c49-SegmentedRaftLogWorker:Storage Directory /workdir/hadoop-ozone/ozonefs/target/test-dir/MiniOzoneClusterImpl-3f0ffa95-bfc9-4a1c-9a47-ff24715a0622/datanode-8/data/ratis/1c4c53ad-dafe-4659-8e38-c50009447075 close()
2019-09-12 11:40:57,088 [main] INFO  impl.RaftServerImpl (RaftServerImpl.java:lambda$shutdown$3(245)) - b5e361a7-9275-4b10-aa61-1d8677ab7c49: shutdown group-1D64220CD5B5
2019-09-12 11:40:57,089 [main] INFO  util.JmxRegister (JmxRegister.java:unregister(73)) - Successfully un-registered JMX Bean with object name Ratis:service=RaftServer,group=group-1D64220CD5B5,id=b5e361a7-9275-4b10-aa61-1d8677ab7c49
2019-09-12 11:40:57,089 [main] INFO  impl.RoleInfo (RoleInfo.java:shutdownLeaderState(104)) - b5e361a7-9275-4b10-aa61-1d8677ab7c49: shutdown LeaderState
2019-09-12 11:40:57,089 [main] INFO  impl.PendingRequests (PendingRequests.java:sendNotLeaderResponses(202)) - b5e361a7-9275-4b10-aa61-1d8677ab7c49-PendingRequests: sendNotLeaderResponses
2019-09-12 11:40:57,090 [main] INFO  impl.StateMachineUpdater (StateMachineUpdater.java:stopAndJoin(115)) - StateMachineUpdater:b5e361a7-9275-4b10-aa61-1d8677ab7c49:group-1D64220CD5B5: set stopIndex = 0
2019-09-12 11:40:57,090 [main] INFO  impl.RaftServerImpl (ServerState.java:close(394)) - b5e361a7-9275-4b10-aa61-1d8677ab7c49:group-1D64220CD5B5 closes. The last applied log index is 0
2019-09-12 11:40:57,091 [b5e361a7-9275-4b10-aa61-1d8677ab7c49-SegmentedRaftLogWorker:Storage Directory /workdir/hadoop-ozone/ozonefs/target/test-dir/MiniOzoneClusterImpl-3f0ffa95-bfc9-4a1c-9a47-ff24715a0622/datanode-8/data/ratis/5fb8a087-ae53-495c-83d2-1d64220cd5b5] INFO  segmented.SegmentedRaftLogWorker (SegmentedRaftLogWorker.java:run(313)) - b5e361a7-9275-4b10-aa61-1d8677ab7c49-SegmentedRaftLogWorker:Storage Directory /workdir/hadoop-ozone/ozonefs/target/test-dir/MiniOzoneClusterImpl-3f0ffa95-bfc9-4a1c-9a47-ff24715a0622/datanode-8/data/ratis/5fb8a087-ae53-495c-83d2-1d64220cd5b5 was interrupted, exiting. There are 0 tasks remaining in the queue.
2019-09-12 11:40:57,091 [main] INFO  segmented.SegmentedRaftLogWorker (SegmentedRaftLogWorker.java:close(228)) - b5e361a7-9275-4b10-aa61-1d8677ab7c49-SegmentedRaftLogWorker:Storage Directory /workdir/hadoop-ozone/ozonefs/target/test-dir/MiniOzoneClusterImpl-3f0ffa95-bfc9-4a1c-9a47-ff24715a0622/datanode-8/data/ratis/5fb8a087-ae53-495c-83d2-1d64220cd5b5 close()
2019-09-12 11:40:57,091 [main] INFO  server.GrpcService (GrpcService.java:closeImpl(155)) - b5e361a7-9275-4b10-aa61-1d8677ab7c49: shutdown server with port 40278 now
2019-09-12 11:40:57,094 [main] INFO  server.GrpcService (GrpcService.java:closeImpl(163)) - b5e361a7-9275-4b10-aa61-1d8677ab7c49: shutdown server with port 40278 successfully
2019-09-12 11:40:57,097 [main] INFO  utils.BackgroundService (BackgroundService.java:shutdown(148)) - Shutting down service BlockDeletingService
2019-09-12 11:40:57,100 [refreshUsed-/workdir/hadoop-ozone/ozonefs/target/test-dir/MiniOzoneClusterImpl-3f0ffa95-bfc9-4a1c-9a47-ff24715a0622/datanode-8/data/containers] WARN  fs.CachingGetSpaceUsed (CachingGetSpaceUsed.java:run(183)) - Thread Interrupted waiting to refresh disk information: sleep interrupted
2019-09-12 11:40:57,106 [ForkJoinPool.commonPool-worker-1] INFO  statemachine.DatanodeStateMachine (DatanodeStateMachine.java:stopDaemon(395)) - Ozone container server stopped.
2019-09-12 11:40:57,111 [ForkJoinPool.commonPool-worker-1] INFO  handler.ContextHandler (ContextHandler.java:doStop(910)) - Stopped o.e.j.w.WebAppContext@73bb573d{/,null,UNAVAILABLE}{/hddsDatanode}
2019-09-12 11:40:57,112 [ForkJoinPool.commonPool-worker-1] INFO  server.AbstractConnector (AbstractConnector.java:doStop(318)) - Stopped ServerConnector@7ac058a0{HTTP/1.1,[http/1.1]}{0.0.0.0:0}
2019-09-12 11:40:57,114 [ForkJoinPool.commonPool-worker-1] INFO  handler.ContextHandler (ContextHandler.java:doStop(910)) - Stopped o.e.j.s.ServletContextHandler@1be52861{/static,jar:file:/home/user/.m2/repository/org/apache/hadoop/hadoop-hdds-container-service/0.5.0-SNAPSHOT/hadoop-hdds-container-service-0.5.0-SNAPSHOT.jar!/webapps/static,UNAVAILABLE}
2019-09-12 11:40:57,116 [ForkJoinPool.commonPool-worker-1] INFO  handler.ContextHandler (ContextHandler.java:doStop(910)) - Stopped o.e.j.s.ServletContextHandler@649b5891{/logs,file:///workdir/hadoop-ozone/ozonefs/target/log,UNAVAILABLE}
2019-09-12 11:40:57,117 [ForkJoinPool.commonPool-worker-1] INFO  datanode.ObjectStoreHandler (ObjectStoreHandler.java:close(155)) - Closing ObjectStoreHandler.
2019-09-12 11:40:57,118 [ForkJoinPool.commonPool-worker-1] INFO  ozone.HddsDatanodeService (HddsDatanodeService.java:stop(451)) - Stopped plug-in org.apache.hadoop.ozone.web.OzoneHddsDatanodeService@b14b60a
2019-09-12 11:40:57,137 [main] INFO  statemachine.DatanodeStateMachine (DatanodeStateMachine.java:stopDaemon(395)) - Ozone container server stopped.
2019-09-12 11:40:57,139 [main] INFO  handler.ContextHandler (ContextHandler.java:doStop(910)) - Stopped o.e.j.w.WebAppContext@8851ec{/,null,UNAVAILABLE}{/hddsDatanode}
2019-09-12 11:40:57,139 [main] INFO  server.AbstractConnector (AbstractConnector.java:doStop(318)) - Stopped ServerConnector@18b40fe6{HTTP/1.1,[http/1.1]}{0.0.0.0:0}
2019-09-12 11:40:57,140 [main] INFO  handler.ContextHandler (ContextHandler.java:doStop(910)) - Stopped o.e.j.s.ServletContextHandler@40cf6254{/static,jar:file:/home/user/.m2/repository/org/apache/hadoop/hadoop-hdds-container-service/0.5.0-SNAPSHOT/hadoop-hdds-container-service-0.5.0-SNAPSHOT.jar!/webapps/static,UNAVAILABLE}
2019-09-12 11:40:57,140 [main] INFO  handler.ContextHandler (ContextHandler.java:doStop(910)) - Stopped o.e.j.s.ServletContextHandler@5ed65e4b{/logs,file:///workdir/hadoop-ozone/ozonefs/target/log,UNAVAILABLE}
2019-09-12 11:40:57,142 [main] INFO  datanode.ObjectStoreHandler (ObjectStoreHandler.java:close(155)) - Closing ObjectStoreHandler.
2019-09-12 11:40:57,144 [main] INFO  ozone.HddsDatanodeService (HddsDatanodeService.java:stop(451)) - Stopped plug-in org.apache.hadoop.ozone.web.OzoneHddsDatanodeService@500ec769
2019-09-12 11:40:57,410 [Datanode State Machine Thread - 0] INFO  statemachine.DatanodeStateMachine (DatanodeStateMachine.java:lambda$startDaemon$0(350)) - Ozone container server started.
2019-09-12 11:40:57,412 | INFO  | SCMAudit | user=jenkins1000 | ip=192.168.157.195 | op=SEND_HEARTBEAT {datanodeUUID=8668900b-06f4-40f9-8926-68eb6348aa5d, command=[]} | ret=SUCCESS |  
2019-09-12 11:40:57,419 | INFO  | SCMAudit | user=jenkins1000 | ip=192.168.157.195 | op=SEND_HEARTBEAT {datanodeUUID=2da31971-fd5c-4baf-8dfe-b6048362baf8, command=[]} | ret=SUCCESS |  
2019-09-12 11:40:57,420 [Datanode State Machine Thread - 0] INFO  statemachine.DatanodeStateMachine (DatanodeStateMachine.java:lambda$startDaemon$0(350)) - Ozone container server started.
2019-09-12 11:40:58,412 | INFO  | SCMAudit | user=jenkins1000 | ip=192.168.157.195 | op=SEND_HEARTBEAT {datanodeUUID=8668900b-06f4-40f9-8926-68eb6348aa5d, command=[]} | ret=SUCCESS |  
2019-09-12 11:40:58,419 | INFO  | SCMAudit | user=jenkins1000 | ip=192.168.157.195 | op=SEND_HEARTBEAT {datanodeUUID=2da31971-fd5c-4baf-8dfe-b6048362baf8, command=[]} | ret=SUCCESS |  
2019-09-12 11:40:59,412 | INFO  | SCMAudit | user=jenkins1000 | ip=192.168.157.195 | op=SEND_HEARTBEAT {datanodeUUID=8668900b-06f4-40f9-8926-68eb6348aa5d, command=[]} | ret=SUCCESS |  
2019-09-12 11:40:59,419 | INFO  | SCMAudit | user=jenkins1000 | ip=192.168.157.195 | op=SEND_HEARTBEAT {datanodeUUID=2da31971-fd5c-4baf-8dfe-b6048362baf8, command=[]} | ret=SUCCESS |  
2019-09-12 11:41:00,412 | INFO  | SCMAudit | user=jenkins1000 | ip=192.168.157.195 | op=SEND_HEARTBEAT {datanodeUUID=8668900b-06f4-40f9-8926-68eb6348aa5d, command=[]} | ret=SUCCESS |  
2019-09-12 11:41:00,420 | INFO  | SCMAudit | user=jenkins1000 | ip=192.168.157.195 | op=SEND_HEARTBEAT {datanodeUUID=2da31971-fd5c-4baf-8dfe-b6048362baf8, command=[]} | ret=SUCCESS |  
2019-09-12 11:41:01,412 | INFO  | SCMAudit | user=jenkins1000 | ip=192.168.157.195 | op=SEND_HEARTBEAT {datanodeUUID=8668900b-06f4-40f9-8926-68eb6348aa5d, command=[]} | ret=SUCCESS |  
2019-09-12 11:41:01,420 | INFO  | SCMAudit | user=jenkins1000 | ip=192.168.157.195 | op=SEND_HEARTBEAT {datanodeUUID=2da31971-fd5c-4baf-8dfe-b6048362baf8, command=[]} | ret=SUCCESS |  
2019-09-12 11:41:02,119 [ForkJoinPool.commonPool-worker-1] INFO  ozoneimpl.OzoneContainer (OzoneContainer.java:stop(199)) - Attempting to stop container services.
2019-09-12 11:41:02,120 [ForkJoinPool.commonPool-worker-1] INFO  impl.RaftServerProxy (RaftServerProxy.java:lambda$close$4(314)) - 5d0352ef-d446-4a04-a69e-b6b493d47759: close
2019-09-12 11:41:02,120 [ForkJoinPool.commonPool-worker-1] INFO  impl.RaftServerImpl (RaftServerImpl.java:lambda$shutdown$3(245)) - 5d0352ef-d446-4a04-a69e-b6b493d47759: shutdown group-BED454A870BB
2019-09-12 11:41:02,121 [ForkJoinPool.commonPool-worker-1] INFO  util.JmxRegister (JmxRegister.java:unregister(73)) - Successfully un-registered JMX Bean with object name Ratis:service=RaftServer,group=group-BED454A870BB,id=5d0352ef-d446-4a04-a69e-b6b493d47759
2019-09-12 11:41:02,121 [ForkJoinPool.commonPool-worker-1] INFO  impl.RoleInfo (RoleInfo.java:shutdownLeaderState(104)) - 5d0352ef-d446-4a04-a69e-b6b493d47759: shutdown LeaderState
2019-09-12 11:41:02,121 [ForkJoinPool.commonPool-worker-1] INFO  impl.PendingRequests (PendingRequests.java:sendNotLeaderResponses(202)) - 5d0352ef-d446-4a04-a69e-b6b493d47759-PendingRequests: sendNotLeaderResponses
2019-09-12 11:41:02,122 [ForkJoinPool.commonPool-worker-1] INFO  impl.StateMachineUpdater (StateMachineUpdater.java:stopAndJoin(115)) - StateMachineUpdater:5d0352ef-d446-4a04-a69e-b6b493d47759:group-BED454A870BB: set stopIndex = 0
2019-09-12 11:41:02,122 [ForkJoinPool.commonPool-worker-1] INFO  impl.RaftServerImpl (ServerState.java:close(394)) - 5d0352ef-d446-4a04-a69e-b6b493d47759:group-BED454A870BB closes. The last applied log index is 0
2019-09-12 11:41:02,123 [5d0352ef-d446-4a04-a69e-b6b493d47759-SegmentedRaftLogWorker:Storage Directory /workdir/hadoop-ozone/ozonefs/target/test-dir/MiniOzoneClusterImpl-3f0ffa95-bfc9-4a1c-9a47-ff24715a0622/datanode-0/data/ratis/b1a2cdc7-9b48-4095-a279-bed454a870bb] INFO  segmented.SegmentedRaftLogWorker (SegmentedRaftLogWorker.java:run(313)) - 5d0352ef-d446-4a04-a69e-b6b493d47759-SegmentedRaftLogWorker:Storage Directory /workdir/hadoop-ozone/ozonefs/target/test-dir/MiniOzoneClusterImpl-3f0ffa95-bfc9-4a1c-9a47-ff24715a0622/datanode-0/data/ratis/b1a2cdc7-9b48-4095-a279-bed454a870bb was interrupted, exiting. There are 0 tasks remaining in the queue.
2019-09-12 11:41:02,123 [ForkJoinPool.commonPool-worker-1] INFO  segmented.SegmentedRaftLogWorker (SegmentedRaftLogWorker.java:close(228)) - 5d0352ef-d446-4a04-a69e-b6b493d47759-SegmentedRaftLogWorker:Storage Directory /workdir/hadoop-ozone/ozonefs/target/test-dir/MiniOzoneClusterImpl-3f0ffa95-bfc9-4a1c-9a47-ff24715a0622/datanode-0/data/ratis/b1a2cdc7-9b48-4095-a279-bed454a870bb close()
2019-09-12 11:41:02,123 [ForkJoinPool.commonPool-worker-1] INFO  impl.RaftServerImpl (RaftServerImpl.java:lambda$shutdown$3(245)) - 5d0352ef-d446-4a04-a69e-b6b493d47759: shutdown group-A21204DAD08D
2019-09-12 11:41:02,124 [ForkJoinPool.commonPool-worker-1] INFO  util.JmxRegister (JmxRegister.java:unregister(73)) - Successfully un-registered JMX Bean with object name Ratis:service=RaftServer,group=group-A21204DAD08D,id=5d0352ef-d446-4a04-a69e-b6b493d47759
2019-09-12 11:41:02,124 [ForkJoinPool.commonPool-worker-1] INFO  impl.RoleInfo (RoleInfo.java:shutdownLeaderState(104)) - 5d0352ef-d446-4a04-a69e-b6b493d47759: shutdown LeaderState
2019-09-12 11:41:02,124 [ForkJoinPool.commonPool-worker-1] INFO  impl.PendingRequests (PendingRequests.java:sendNotLeaderResponses(202)) - 5d0352ef-d446-4a04-a69e-b6b493d47759-PendingRequests: sendNotLeaderResponses
2019-09-12 11:41:02,124 [ForkJoinPool.commonPool-worker-1] INFO  impl.StateMachineUpdater (StateMachineUpdater.java:stopAndJoin(115)) - StateMachineUpdater:5d0352ef-d446-4a04-a69e-b6b493d47759:group-A21204DAD08D: set stopIndex = 0
2019-09-12 11:41:02,125 [ForkJoinPool.commonPool-worker-1] INFO  impl.RaftServerImpl (ServerState.java:close(394)) - 5d0352ef-d446-4a04-a69e-b6b493d47759:group-A21204DAD08D closes. The last applied log index is 0
2019-09-12 11:41:02,125 [5d0352ef-d446-4a04-a69e-b6b493d47759-SegmentedRaftLogWorker:Storage Directory /workdir/hadoop-ozone/ozonefs/target/test-dir/MiniOzoneClusterImpl-3f0ffa95-bfc9-4a1c-9a47-ff24715a0622/datanode-0/data/ratis/21b0accb-2e5a-4120-8195-a21204dad08d] INFO  segmented.SegmentedRaftLogWorker (SegmentedRaftLogWorker.java:run(313)) - 5d0352ef-d446-4a04-a69e-b6b493d47759-SegmentedRaftLogWorker:Storage Directory /workdir/hadoop-ozone/ozonefs/target/test-dir/MiniOzoneClusterImpl-3f0ffa95-bfc9-4a1c-9a47-ff24715a0622/datanode-0/data/ratis/21b0accb-2e5a-4120-8195-a21204dad08d was interrupted, exiting. There are 0 tasks remaining in the queue.
2019-09-12 11:41:02,125 [ForkJoinPool.commonPool-worker-1] INFO  segmented.SegmentedRaftLogWorker (SegmentedRaftLogWorker.java:close(228)) - 5d0352ef-d446-4a04-a69e-b6b493d47759-SegmentedRaftLogWorker:Storage Directory /workdir/hadoop-ozone/ozonefs/target/test-dir/MiniOzoneClusterImpl-3f0ffa95-bfc9-4a1c-9a47-ff24715a0622/datanode-0/data/ratis/21b0accb-2e5a-4120-8195-a21204dad08d close()
2019-09-12 11:41:02,126 [ForkJoinPool.commonPool-worker-1] INFO  impl.RaftServerImpl (RaftServerImpl.java:lambda$shutdown$3(245)) - 5d0352ef-d446-4a04-a69e-b6b493d47759: shutdown group-A2BA0A5B9FFA
2019-09-12 11:41:02,126 [ForkJoinPool.commonPool-worker-1] INFO  util.JmxRegister (JmxRegister.java:unregister(73)) - Successfully un-registered JMX Bean with object name Ratis:service=RaftServer,group=group-A2BA0A5B9FFA,id=5d0352ef-d446-4a04-a69e-b6b493d47759
2019-09-12 11:41:02,126 [ForkJoinPool.commonPool-worker-1] INFO  impl.RoleInfo (RoleInfo.java:shutdownLeaderState(104)) - 5d0352ef-d446-4a04-a69e-b6b493d47759: shutdown LeaderState
2019-09-12 11:41:02,126 [ForkJoinPool.commonPool-worker-1] INFO  impl.PendingRequests (PendingRequests.java:sendNotLeaderResponses(202)) - 5d0352ef-d446-4a04-a69e-b6b493d47759-PendingRequests: sendNotLeaderResponses
2019-09-12 11:41:02,127 [ForkJoinPool.commonPool-worker-1] INFO  impl.StateMachineUpdater (StateMachineUpdater.java:stopAndJoin(115)) - StateMachineUpdater:5d0352ef-d446-4a04-a69e-b6b493d47759:group-A2BA0A5B9FFA: set stopIndex = 0
2019-09-12 11:41:02,127 [ForkJoinPool.commonPool-worker-1] INFO  impl.RaftServerImpl (ServerState.java:close(394)) - 5d0352ef-d446-4a04-a69e-b6b493d47759:group-A2BA0A5B9FFA closes. The last applied log index is 0
2019-09-12 11:41:02,131 [5d0352ef-d446-4a04-a69e-b6b493d47759-SegmentedRaftLogWorker:Storage Directory /workdir/hadoop-ozone/ozonefs/target/test-dir/MiniOzoneClusterImpl-3f0ffa95-bfc9-4a1c-9a47-ff24715a0622/datanode-0/data/ratis/c4edf266-8006-4d40-b434-a2ba0a5b9ffa] INFO  segmented.SegmentedRaftLogWorker (SegmentedRaftLogWorker.java:run(313)) - 5d0352ef-d446-4a04-a69e-b6b493d47759-SegmentedRaftLogWorker:Storage Directory /workdir/hadoop-ozone/ozonefs/target/test-dir/MiniOzoneClusterImpl-3f0ffa95-bfc9-4a1c-9a47-ff24715a0622/datanode-0/data/ratis/c4edf266-8006-4d40-b434-a2ba0a5b9ffa was interrupted, exiting. There are 0 tasks remaining in the queue.
2019-09-12 11:41:02,132 [ForkJoinPool.commonPool-worker-1] INFO  segmented.SegmentedRaftLogWorker (SegmentedRaftLogWorker.java:close(228)) - 5d0352ef-d446-4a04-a69e-b6b493d47759-SegmentedRaftLogWorker:Storage Directory /workdir/hadoop-ozone/ozonefs/target/test-dir/MiniOzoneClusterImpl-3f0ffa95-bfc9-4a1c-9a47-ff24715a0622/datanode-0/data/ratis/c4edf266-8006-4d40-b434-a2ba0a5b9ffa close()
2019-09-12 11:41:02,132 [ForkJoinPool.commonPool-worker-1] INFO  impl.RaftServerImpl (RaftServerImpl.java:lambda$shutdown$3(245)) - 5d0352ef-d446-4a04-a69e-b6b493d47759: shutdown group-8445DA14DAE7
2019-09-12 11:41:02,132 [ForkJoinPool.commonPool-worker-1] INFO  util.JmxRegister (JmxRegister.java:unregister(73)) - Successfully un-registered JMX Bean with object name Ratis:service=RaftServer,group=group-8445DA14DAE7,id=5d0352ef-d446-4a04-a69e-b6b493d47759
2019-09-12 11:41:02,132 [ForkJoinPool.commonPool-worker-1] INFO  impl.RoleInfo (RoleInfo.java:shutdownLeaderState(104)) - 5d0352ef-d446-4a04-a69e-b6b493d47759: shutdown LeaderState
2019-09-12 11:41:02,133 [ForkJoinPool.commonPool-worker-1] INFO  impl.PendingRequests (PendingRequests.java:sendNotLeaderResponses(202)) - 5d0352ef-d446-4a04-a69e-b6b493d47759-PendingRequests: sendNotLeaderResponses
2019-09-12 11:41:02,133 [ForkJoinPool.commonPool-worker-1] INFO  impl.StateMachineUpdater (StateMachineUpdater.java:stopAndJoin(115)) - StateMachineUpdater:5d0352ef-d446-4a04-a69e-b6b493d47759:group-8445DA14DAE7: set stopIndex = 0
2019-09-12 11:41:02,133 [ForkJoinPool.commonPool-worker-1] INFO  impl.RaftServerImpl (ServerState.java:close(394)) - 5d0352ef-d446-4a04-a69e-b6b493d47759:group-8445DA14DAE7 closes. The last applied log index is 0
2019-09-12 11:41:02,134 [5d0352ef-d446-4a04-a69e-b6b493d47759-SegmentedRaftLogWorker:Storage Directory /workdir/hadoop-ozone/ozonefs/target/test-dir/MiniOzoneClusterImpl-3f0ffa95-bfc9-4a1c-9a47-ff24715a0622/datanode-0/data/ratis/85ec12bc-c6a5-42f5-b235-8445da14dae7] INFO  segmented.SegmentedRaftLogWorker (SegmentedRaftLogWorker.java:run(313)) - 5d0352ef-d446-4a04-a69e-b6b493d47759-SegmentedRaftLogWorker:Storage Directory /workdir/hadoop-ozone/ozonefs/target/test-dir/MiniOzoneClusterImpl-3f0ffa95-bfc9-4a1c-9a47-ff24715a0622/datanode-0/data/ratis/85ec12bc-c6a5-42f5-b235-8445da14dae7 was interrupted, exiting. There are 0 tasks remaining in the queue.
2019-09-12 11:41:02,134 [ForkJoinPool.commonPool-worker-1] INFO  segmented.SegmentedRaftLogWorker (SegmentedRaftLogWorker.java:close(228)) - 5d0352ef-d446-4a04-a69e-b6b493d47759-SegmentedRaftLogWorker:Storage Directory /workdir/hadoop-ozone/ozonefs/target/test-dir/MiniOzoneClusterImpl-3f0ffa95-bfc9-4a1c-9a47-ff24715a0622/datanode-0/data/ratis/85ec12bc-c6a5-42f5-b235-8445da14dae7 close()
2019-09-12 11:41:02,134 [ForkJoinPool.commonPool-worker-1] INFO  impl.RaftServerImpl (RaftServerImpl.java:lambda$shutdown$3(245)) - 5d0352ef-d446-4a04-a69e-b6b493d47759: shutdown group-9C361074970D
2019-09-12 11:41:02,135 [ForkJoinPool.commonPool-worker-1] INFO  util.JmxRegister (JmxRegister.java:unregister(73)) - Successfully un-registered JMX Bean with object name Ratis:service=RaftServer,group=group-9C361074970D,id=5d0352ef-d446-4a04-a69e-b6b493d47759
2019-09-12 11:41:02,135 [ForkJoinPool.commonPool-worker-1] INFO  impl.RoleInfo (RoleInfo.java:shutdownLeaderState(104)) - 5d0352ef-d446-4a04-a69e-b6b493d47759: shutdown LeaderState
2019-09-12 11:41:02,135 [ForkJoinPool.commonPool-worker-1] INFO  impl.PendingRequests (PendingRequests.java:sendNotLeaderResponses(202)) - 5d0352ef-d446-4a04-a69e-b6b493d47759-PendingRequests: sendNotLeaderResponses
2019-09-12 11:41:02,135 [ForkJoinPool.commonPool-worker-1] INFO  impl.StateMachineUpdater (StateMachineUpdater.java:stopAndJoin(115)) - StateMachineUpdater:5d0352ef-d446-4a04-a69e-b6b493d47759:group-9C361074970D: set stopIndex = 0
2019-09-12 11:41:02,136 [ForkJoinPool.commonPool-worker-1] INFO  impl.RaftServerImpl (ServerState.java:close(394)) - 5d0352ef-d446-4a04-a69e-b6b493d47759:group-9C361074970D closes. The last applied log index is 0
2019-09-12 11:41:02,136 [5d0352ef-d446-4a04-a69e-b6b493d47759-SegmentedRaftLogWorker:Storage Directory /workdir/hadoop-ozone/ozonefs/target/test-dir/MiniOzoneClusterImpl-3f0ffa95-bfc9-4a1c-9a47-ff24715a0622/datanode-0/data/ratis/f7b85ff2-8c2f-4a79-b2fb-9c361074970d] INFO  segmented.SegmentedRaftLogWorker (SegmentedRaftLogWorker.java:run(313)) - 5d0352ef-d446-4a04-a69e-b6b493d47759-SegmentedRaftLogWorker:Storage Directory /workdir/hadoop-ozone/ozonefs/target/test-dir/MiniOzoneClusterImpl-3f0ffa95-bfc9-4a1c-9a47-ff24715a0622/datanode-0/data/ratis/f7b85ff2-8c2f-4a79-b2fb-9c361074970d was interrupted, exiting. There are 0 tasks remaining in the queue.
2019-09-12 11:41:02,136 [ForkJoinPool.commonPool-worker-1] INFO  segmented.SegmentedRaftLogWorker (SegmentedRaftLogWorker.java:close(228)) - 5d0352ef-d446-4a04-a69e-b6b493d47759-SegmentedRaftLogWorker:Storage Directory /workdir/hadoop-ozone/ozonefs/target/test-dir/MiniOzoneClusterImpl-3f0ffa95-bfc9-4a1c-9a47-ff24715a0622/datanode-0/data/ratis/f7b85ff2-8c2f-4a79-b2fb-9c361074970d close()
2019-09-12 11:41:02,137 [ForkJoinPool.commonPool-worker-1] INFO  impl.RaftServerImpl (RaftServerImpl.java:lambda$shutdown$3(245)) - 5d0352ef-d446-4a04-a69e-b6b493d47759: shutdown group-93B00C8A41D6
2019-09-12 11:41:02,137 [ForkJoinPool.commonPool-worker-1] INFO  util.JmxRegister (JmxRegister.java:unregister(73)) - Successfully un-registered JMX Bean with object name Ratis:service=RaftServer,group=group-93B00C8A41D6,id=5d0352ef-d446-4a04-a69e-b6b493d47759
2019-09-12 11:41:02,137 [ForkJoinPool.commonPool-worker-1] INFO  impl.RoleInfo (RoleInfo.java:shutdownLeaderState(104)) - 5d0352ef-d446-4a04-a69e-b6b493d47759: shutdown LeaderState
2019-09-12 11:41:02,137 [ForkJoinPool.commonPool-worker-1] INFO  impl.PendingRequests (PendingRequests.java:sendNotLeaderResponses(202)) - 5d0352ef-d446-4a04-a69e-b6b493d47759-PendingRequests: sendNotLeaderResponses
2019-09-12 11:41:02,138 [ForkJoinPool.commonPool-worker-1] INFO  impl.StateMachineUpdater (StateMachineUpdater.java:stopAndJoin(115)) - StateMachineUpdater:5d0352ef-d446-4a04-a69e-b6b493d47759:group-93B00C8A41D6: set stopIndex = 0
2019-09-12 11:41:02,138 [ForkJoinPool.commonPool-worker-1] INFO  impl.RaftServerImpl (ServerState.java:close(394)) - 5d0352ef-d446-4a04-a69e-b6b493d47759:group-93B00C8A41D6 closes. The last applied log index is 0
2019-09-12 11:41:02,138 [5d0352ef-d446-4a04-a69e-b6b493d47759-SegmentedRaftLogWorker:Storage Directory /workdir/hadoop-ozone/ozonefs/target/test-dir/MiniOzoneClusterImpl-3f0ffa95-bfc9-4a1c-9a47-ff24715a0622/datanode-0/data/ratis/bea218e6-f44b-4920-ba69-93b00c8a41d6] INFO  segmented.SegmentedRaftLogWorker (SegmentedRaftLogWorker.java:run(313)) - 5d0352ef-d446-4a04-a69e-b6b493d47759-SegmentedRaftLogWorker:Storage Directory /workdir/hadoop-ozone/ozonefs/target/test-dir/MiniOzoneClusterImpl-3f0ffa95-bfc9-4a1c-9a47-ff24715a0622/datanode-0/data/ratis/bea218e6-f44b-4920-ba69-93b00c8a41d6 was interrupted, exiting. There are 0 tasks remaining in the queue.
2019-09-12 11:41:02,139 [ForkJoinPool.commonPool-worker-1] INFO  segmented.SegmentedRaftLogWorker (SegmentedRaftLogWorker.java:close(228)) - 5d0352ef-d446-4a04-a69e-b6b493d47759-SegmentedRaftLogWorker:Storage Directory /workdir/hadoop-ozone/ozonefs/target/test-dir/MiniOzoneClusterImpl-3f0ffa95-bfc9-4a1c-9a47-ff24715a0622/datanode-0/data/ratis/bea218e6-f44b-4920-ba69-93b00c8a41d6 close()
2019-09-12 11:41:02,139 [ForkJoinPool.commonPool-worker-1] INFO  server.GrpcService (GrpcService.java:closeImpl(155)) - 5d0352ef-d446-4a04-a69e-b6b493d47759: shutdown server with port 35104 now
2019-09-12 11:41:02,142 [ForkJoinPool.commonPool-worker-1] INFO  server.GrpcService (GrpcService.java:closeImpl(163)) - 5d0352ef-d446-4a04-a69e-b6b493d47759: shutdown server with port 35104 successfully
2019-09-12 11:41:02,144 [main] INFO  ozoneimpl.OzoneContainer (OzoneContainer.java:stop(199)) - Attempting to stop container services.
2019-09-12 11:41:02,145 [main] INFO  impl.RaftServerProxy (RaftServerProxy.java:lambda$close$4(314)) - dbf859ef-0f75-4843-8536-03105c97857a: close
2019-09-12 11:41:02,145 [main] INFO  impl.RaftServerImpl (RaftServerImpl.java:lambda$shutdown$3(245)) - dbf859ef-0f75-4843-8536-03105c97857a: shutdown group-73238FA741EA
2019-09-12 11:41:02,146 [main] INFO  util.JmxRegister (JmxRegister.java:unregister(73)) - Successfully un-registered JMX Bean with object name Ratis:service=RaftServer,group=group-73238FA741EA,id=dbf859ef-0f75-4843-8536-03105c97857a
2019-09-12 11:41:02,146 [main] INFO  impl.RoleInfo (RoleInfo.java:shutdownLeaderState(104)) - dbf859ef-0f75-4843-8536-03105c97857a: shutdown LeaderState
2019-09-12 11:41:02,146 [main] INFO  impl.PendingRequests (PendingRequests.java:sendNotLeaderResponses(202)) - dbf859ef-0f75-4843-8536-03105c97857a-PendingRequests: sendNotLeaderResponses
2019-09-12 11:41:02,147 [main] INFO  impl.StateMachineUpdater (StateMachineUpdater.java:stopAndJoin(115)) - StateMachineUpdater:dbf859ef-0f75-4843-8536-03105c97857a:group-73238FA741EA: set stopIndex = 0
2019-09-12 11:41:02,147 [main] INFO  impl.RaftServerImpl (ServerState.java:close(394)) - dbf859ef-0f75-4843-8536-03105c97857a:group-73238FA741EA closes. The last applied log index is 0
2019-09-12 11:41:02,148 [dbf859ef-0f75-4843-8536-03105c97857a-SegmentedRaftLogWorker:Storage Directory /workdir/hadoop-ozone/ozonefs/target/test-dir/MiniOzoneClusterImpl-3f0ffa95-bfc9-4a1c-9a47-ff24715a0622/datanode-9/data/ratis/acc81ae9-7b82-4f98-b8c1-73238fa741ea] INFO  segmented.SegmentedRaftLogWorker (SegmentedRaftLogWorker.java:run(313)) - dbf859ef-0f75-4843-8536-03105c97857a-SegmentedRaftLogWorker:Storage Directory /workdir/hadoop-ozone/ozonefs/target/test-dir/MiniOzoneClusterImpl-3f0ffa95-bfc9-4a1c-9a47-ff24715a0622/datanode-9/data/ratis/acc81ae9-7b82-4f98-b8c1-73238fa741ea was interrupted, exiting. There are 0 tasks remaining in the queue.
2019-09-12 11:41:02,148 [main] INFO  segmented.SegmentedRaftLogWorker (SegmentedRaftLogWorker.java:close(228)) - dbf859ef-0f75-4843-8536-03105c97857a-SegmentedRaftLogWorker:Storage Directory /workdir/hadoop-ozone/ozonefs/target/test-dir/MiniOzoneClusterImpl-3f0ffa95-bfc9-4a1c-9a47-ff24715a0622/datanode-9/data/ratis/acc81ae9-7b82-4f98-b8c1-73238fa741ea close()
2019-09-12 11:41:02,148 [main] INFO  impl.RaftServerImpl (RaftServerImpl.java:lambda$shutdown$3(245)) - dbf859ef-0f75-4843-8536-03105c97857a: shutdown group-72EC42513B27
2019-09-12 11:41:02,149 [main] INFO  util.JmxRegister (JmxRegister.java:unregister(73)) - Successfully un-registered JMX Bean with object name Ratis:service=RaftServer,group=group-72EC42513B27,id=dbf859ef-0f75-4843-8536-03105c97857a
2019-09-12 11:41:02,149 [main] INFO  impl.RoleInfo (RoleInfo.java:shutdownLeaderState(104)) - dbf859ef-0f75-4843-8536-03105c97857a: shutdown LeaderState
2019-09-12 11:41:02,150 [main] INFO  impl.PendingRequests (PendingRequests.java:sendNotLeaderResponses(202)) - dbf859ef-0f75-4843-8536-03105c97857a-PendingRequests: sendNotLeaderResponses
2019-09-12 11:41:02,150 [main] INFO  impl.StateMachineUpdater (StateMachineUpdater.java:stopAndJoin(115)) - StateMachineUpdater:dbf859ef-0f75-4843-8536-03105c97857a:group-72EC42513B27: set stopIndex = 0
2019-09-12 11:41:02,150 [main] INFO  impl.RaftServerImpl (ServerState.java:close(394)) - dbf859ef-0f75-4843-8536-03105c97857a:group-72EC42513B27 closes. The last applied log index is 0
2019-09-12 11:41:02,151 [dbf859ef-0f75-4843-8536-03105c97857a-SegmentedRaftLogWorker:Storage Directory /workdir/hadoop-ozone/ozonefs/target/test-dir/MiniOzoneClusterImpl-3f0ffa95-bfc9-4a1c-9a47-ff24715a0622/datanode-9/data/ratis/86e4268a-3bb2-402e-a79c-72ec42513b27] INFO  segmented.SegmentedRaftLogWorker (SegmentedRaftLogWorker.java:run(313)) - dbf859ef-0f75-4843-8536-03105c97857a-SegmentedRaftLogWorker:Storage Directory /workdir/hadoop-ozone/ozonefs/target/test-dir/MiniOzoneClusterImpl-3f0ffa95-bfc9-4a1c-9a47-ff24715a0622/datanode-9/data/ratis/86e4268a-3bb2-402e-a79c-72ec42513b27 was interrupted, exiting. There are 0 tasks remaining in the queue.
2019-09-12 11:41:02,151 [main] INFO  segmented.SegmentedRaftLogWorker (SegmentedRaftLogWorker.java:close(228)) - dbf859ef-0f75-4843-8536-03105c97857a-SegmentedRaftLogWorker:Storage Directory /workdir/hadoop-ozone/ozonefs/target/test-dir/MiniOzoneClusterImpl-3f0ffa95-bfc9-4a1c-9a47-ff24715a0622/datanode-9/data/ratis/86e4268a-3bb2-402e-a79c-72ec42513b27 close()
2019-09-12 11:41:02,152 [main] INFO  impl.RaftServerImpl (RaftServerImpl.java:lambda$shutdown$3(245)) - dbf859ef-0f75-4843-8536-03105c97857a: shutdown group-DA4A6A84E4A9
2019-09-12 11:41:02,152 [main] INFO  util.JmxRegister (JmxRegister.java:unregister(73)) - Successfully un-registered JMX Bean with object name Ratis:service=RaftServer,group=group-DA4A6A84E4A9,id=dbf859ef-0f75-4843-8536-03105c97857a
2019-09-12 11:41:02,152 [main] INFO  impl.RoleInfo (RoleInfo.java:shutdownLeaderState(104)) - dbf859ef-0f75-4843-8536-03105c97857a: shutdown LeaderState
2019-09-12 11:41:02,153 [main] INFO  impl.PendingRequests (PendingRequests.java:sendNotLeaderResponses(202)) - dbf859ef-0f75-4843-8536-03105c97857a-PendingRequests: sendNotLeaderResponses
2019-09-12 11:41:02,153 [main] INFO  impl.StateMachineUpdater (StateMachineUpdater.java:stopAndJoin(115)) - StateMachineUpdater:dbf859ef-0f75-4843-8536-03105c97857a:group-DA4A6A84E4A9: set stopIndex = 0
2019-09-12 11:41:02,154 [ForkJoinPool.commonPool-worker-1] INFO  utils.BackgroundService (BackgroundService.java:shutdown(148)) - Shutting down service BlockDeletingService
2019-09-12 11:41:02,154 [main] INFO  impl.RaftServerImpl (ServerState.java:close(394)) - dbf859ef-0f75-4843-8536-03105c97857a:group-DA4A6A84E4A9 closes. The last applied log index is 0
2019-09-12 11:41:02,154 [dbf859ef-0f75-4843-8536-03105c97857a-SegmentedRaftLogWorker:Storage Directory /workdir/hadoop-ozone/ozonefs/target/test-dir/MiniOzoneClusterImpl-3f0ffa95-bfc9-4a1c-9a47-ff24715a0622/datanode-9/data/ratis/268112e0-ef5d-4135-af4e-da4a6a84e4a9] INFO  segmented.SegmentedRaftLogWorker (SegmentedRaftLogWorker.java:run(313)) - dbf859ef-0f75-4843-8536-03105c97857a-SegmentedRaftLogWorker:Storage Directory /workdir/hadoop-ozone/ozonefs/target/test-dir/MiniOzoneClusterImpl-3f0ffa95-bfc9-4a1c-9a47-ff24715a0622/datanode-9/data/ratis/268112e0-ef5d-4135-af4e-da4a6a84e4a9 was interrupted, exiting. There are 0 tasks remaining in the queue.
2019-09-12 11:41:02,155 [main] INFO  segmented.SegmentedRaftLogWorker (SegmentedRaftLogWorker.java:close(228)) - dbf859ef-0f75-4843-8536-03105c97857a-SegmentedRaftLogWorker:Storage Directory /workdir/hadoop-ozone/ozonefs/target/test-dir/MiniOzoneClusterImpl-3f0ffa95-bfc9-4a1c-9a47-ff24715a0622/datanode-9/data/ratis/268112e0-ef5d-4135-af4e-da4a6a84e4a9 close()
2019-09-12 11:41:02,155 [main] INFO  impl.RaftServerImpl (RaftServerImpl.java:lambda$shutdown$3(245)) - dbf859ef-0f75-4843-8536-03105c97857a: shutdown group-75B9D54D1966
2019-09-12 11:41:02,156 [main] INFO  util.JmxRegister (JmxRegister.java:unregister(73)) - Successfully un-registered JMX Bean with object name Ratis:service=RaftServer,group=group-75B9D54D1966,id=dbf859ef-0f75-4843-8536-03105c97857a
2019-09-12 11:41:02,156 [main] INFO  impl.RoleInfo (RoleInfo.java:shutdownLeaderState(104)) - dbf859ef-0f75-4843-8536-03105c97857a: shutdown LeaderState
2019-09-12 11:41:02,156 [main] INFO  impl.PendingRequests (PendingRequests.java:sendNotLeaderResponses(202)) - dbf859ef-0f75-4843-8536-03105c97857a-PendingRequests: sendNotLeaderResponses
2019-09-12 11:41:02,157 [main] INFO  impl.StateMachineUpdater (StateMachineUpdater.java:stopAndJoin(115)) - StateMachineUpdater:dbf859ef-0f75-4843-8536-03105c97857a:group-75B9D54D1966: set stopIndex = 0
2019-09-12 11:41:02,157 [main] INFO  impl.RaftServerImpl (ServerState.java:close(394)) - dbf859ef-0f75-4843-8536-03105c97857a:group-75B9D54D1966 closes. The last applied log index is 0
2019-09-12 11:41:02,158 [dbf859ef-0f75-4843-8536-03105c97857a-SegmentedRaftLogWorker:Storage Directory /workdir/hadoop-ozone/ozonefs/target/test-dir/MiniOzoneClusterImpl-3f0ffa95-bfc9-4a1c-9a47-ff24715a0622/datanode-9/data/ratis/f244dc86-21ad-4fcc-8603-75b9d54d1966] INFO  segmented.SegmentedRaftLogWorker (SegmentedRaftLogWorker.java:run(313)) - dbf859ef-0f75-4843-8536-03105c97857a-SegmentedRaftLogWorker:Storage Directory /workdir/hadoop-ozone/ozonefs/target/test-dir/MiniOzoneClusterImpl-3f0ffa95-bfc9-4a1c-9a47-ff24715a0622/datanode-9/data/ratis/f244dc86-21ad-4fcc-8603-75b9d54d1966 was interrupted, exiting. There are 0 tasks remaining in the queue.
2019-09-12 11:41:02,158 [main] INFO  segmented.SegmentedRaftLogWorker (SegmentedRaftLogWorker.java:close(228)) - dbf859ef-0f75-4843-8536-03105c97857a-SegmentedRaftLogWorker:Storage Directory /workdir/hadoop-ozone/ozonefs/target/test-dir/MiniOzoneClusterImpl-3f0ffa95-bfc9-4a1c-9a47-ff24715a0622/datanode-9/data/ratis/f244dc86-21ad-4fcc-8603-75b9d54d1966 close()
2019-09-12 11:41:02,158 [main] INFO  impl.RaftServerImpl (RaftServerImpl.java:lambda$shutdown$3(245)) - dbf859ef-0f75-4843-8536-03105c97857a: shutdown group-2E6DAC8C7E9E
2019-09-12 11:41:02,158 [refreshUsed-/workdir/hadoop-ozone/ozonefs/target/test-dir/MiniOzoneClusterImpl-3f0ffa95-bfc9-4a1c-9a47-ff24715a0622/datanode-0/data/containers] WARN  fs.CachingGetSpaceUsed (CachingGetSpaceUsed.java:run(183)) - Thread Interrupted waiting to refresh disk information: sleep interrupted
2019-09-12 11:41:02,159 [main] INFO  util.JmxRegister (JmxRegister.java:unregister(73)) - Successfully un-registered JMX Bean with object name Ratis:service=RaftServer,group=group-2E6DAC8C7E9E,id=dbf859ef-0f75-4843-8536-03105c97857a
2019-09-12 11:41:02,159 [main] INFO  impl.RoleInfo (RoleInfo.java:shutdownLeaderState(104)) - dbf859ef-0f75-4843-8536-03105c97857a: shutdown LeaderState
2019-09-12 11:41:02,159 [main] INFO  impl.PendingRequests (PendingRequests.java:sendNotLeaderResponses(202)) - dbf859ef-0f75-4843-8536-03105c97857a-PendingRequests: sendNotLeaderResponses
2019-09-12 11:41:02,159 [main] INFO  impl.StateMachineUpdater (StateMachineUpdater.java:stopAndJoin(115)) - StateMachineUpdater:dbf859ef-0f75-4843-8536-03105c97857a:group-2E6DAC8C7E9E: set stopIndex = 0
2019-09-12 11:41:02,160 [main] INFO  impl.RaftServerImpl (ServerState.java:close(394)) - dbf859ef-0f75-4843-8536-03105c97857a:group-2E6DAC8C7E9E closes. The last applied log index is 0
2019-09-12 11:41:02,160 [dbf859ef-0f75-4843-8536-03105c97857a-SegmentedRaftLogWorker:Storage Directory /workdir/hadoop-ozone/ozonefs/target/test-dir/MiniOzoneClusterImpl-3f0ffa95-bfc9-4a1c-9a47-ff24715a0622/datanode-9/data/ratis/c7142de6-b5bb-4093-8e08-2e6dac8c7e9e] INFO  segmented.SegmentedRaftLogWorker (SegmentedRaftLogWorker.java:run(313)) - dbf859ef-0f75-4843-8536-03105c97857a-SegmentedRaftLogWorker:Storage Directory /workdir/hadoop-ozone/ozonefs/target/test-dir/MiniOzoneClusterImpl-3f0ffa95-bfc9-4a1c-9a47-ff24715a0622/datanode-9/data/ratis/c7142de6-b5bb-4093-8e08-2e6dac8c7e9e was interrupted, exiting. There are 0 tasks remaining in the queue.
2019-09-12 11:41:02,160 [main] INFO  segmented.SegmentedRaftLogWorker (SegmentedRaftLogWorker.java:close(228)) - dbf859ef-0f75-4843-8536-03105c97857a-SegmentedRaftLogWorker:Storage Directory /workdir/hadoop-ozone/ozonefs/target/test-dir/MiniOzoneClusterImpl-3f0ffa95-bfc9-4a1c-9a47-ff24715a0622/datanode-9/data/ratis/c7142de6-b5bb-4093-8e08-2e6dac8c7e9e close()
2019-09-12 11:41:02,161 [main] INFO  impl.RaftServerImpl (RaftServerImpl.java:lambda$shutdown$3(245)) - dbf859ef-0f75-4843-8536-03105c97857a: shutdown group-C82988315492
2019-09-12 11:41:02,161 [main] INFO  util.JmxRegister (JmxRegister.java:unregister(73)) - Successfully un-registered JMX Bean with object name Ratis:service=RaftServer,group=group-C82988315492,id=dbf859ef-0f75-4843-8536-03105c97857a
2019-09-12 11:41:02,161 [main] INFO  impl.RoleInfo (RoleInfo.java:shutdownLeaderState(104)) - dbf859ef-0f75-4843-8536-03105c97857a: shutdown LeaderState
2019-09-12 11:41:02,161 [main] INFO  impl.PendingRequests (PendingRequests.java:sendNotLeaderResponses(202)) - dbf859ef-0f75-4843-8536-03105c97857a-PendingRequests: sendNotLeaderResponses
2019-09-12 11:41:02,162 [main] INFO  impl.StateMachineUpdater (StateMachineUpdater.java:stopAndJoin(115)) - StateMachineUpdater:dbf859ef-0f75-4843-8536-03105c97857a:group-C82988315492: set stopIndex = 0
2019-09-12 11:41:02,162 [main] INFO  impl.RaftServerImpl (ServerState.java:close(394)) - dbf859ef-0f75-4843-8536-03105c97857a:group-C82988315492 closes. The last applied log index is 0
2019-09-12 11:41:02,162 [dbf859ef-0f75-4843-8536-03105c97857a-SegmentedRaftLogWorker:Storage Directory /workdir/hadoop-ozone/ozonefs/target/test-dir/MiniOzoneClusterImpl-3f0ffa95-bfc9-4a1c-9a47-ff24715a0622/datanode-9/data/ratis/1086e2f7-16dc-4abd-a5c4-c82988315492] INFO  segmented.SegmentedRaftLogWorker (SegmentedRaftLogWorker.java:run(313)) - dbf859ef-0f75-4843-8536-03105c97857a-SegmentedRaftLogWorker:Storage Directory /workdir/hadoop-ozone/ozonefs/target/test-dir/MiniOzoneClusterImpl-3f0ffa95-bfc9-4a1c-9a47-ff24715a0622/datanode-9/data/ratis/1086e2f7-16dc-4abd-a5c4-c82988315492 was interrupted, exiting. There are 0 tasks remaining in the queue.
2019-09-12 11:41:02,163 [main] INFO  segmented.SegmentedRaftLogWorker (SegmentedRaftLogWorker.java:close(228)) - dbf859ef-0f75-4843-8536-03105c97857a-SegmentedRaftLogWorker:Storage Directory /workdir/hadoop-ozone/ozonefs/target/test-dir/MiniOzoneClusterImpl-3f0ffa95-bfc9-4a1c-9a47-ff24715a0622/datanode-9/data/ratis/1086e2f7-16dc-4abd-a5c4-c82988315492 close()
2019-09-12 11:41:02,163 [main] INFO  server.GrpcService (GrpcService.java:closeImpl(155)) - dbf859ef-0f75-4843-8536-03105c97857a: shutdown server with port 35030 now
2019-09-12 11:41:02,165 [main] INFO  server.GrpcService (GrpcService.java:closeImpl(163)) - dbf859ef-0f75-4843-8536-03105c97857a: shutdown server with port 35030 successfully
2019-09-12 11:41:02,166 [main] INFO  utils.BackgroundService (BackgroundService.java:shutdown(148)) - Shutting down service BlockDeletingService
2019-09-12 11:41:02,168 [refreshUsed-/workdir/hadoop-ozone/ozonefs/target/test-dir/MiniOzoneClusterImpl-3f0ffa95-bfc9-4a1c-9a47-ff24715a0622/datanode-9/data/containers] WARN  fs.CachingGetSpaceUsed (CachingGetSpaceUsed.java:run(183)) - Thread Interrupted waiting to refresh disk information: sleep interrupted
2019-09-12 11:41:02,187 [ForkJoinPool.commonPool-worker-1] INFO  statemachine.DatanodeStateMachine (DatanodeStateMachine.java:stopDaemon(395)) - Ozone container server stopped.
2019-09-12 11:41:02,190 [main] INFO  statemachine.DatanodeStateMachine (DatanodeStateMachine.java:stopDaemon(395)) - Ozone container server stopped.
2019-09-12 11:41:02,193 [ForkJoinPool.commonPool-worker-1] INFO  handler.ContextHandler (ContextHandler.java:doStop(910)) - Stopped o.e.j.w.WebAppContext@19a64eae{/,null,UNAVAILABLE}{/hddsDatanode}
2019-09-12 11:41:02,193 [main] INFO  handler.ContextHandler (ContextHandler.java:doStop(910)) - Stopped o.e.j.w.WebAppContext@65af05b2{/,null,UNAVAILABLE}{/hddsDatanode}
2019-09-12 11:41:02,194 [ForkJoinPool.commonPool-worker-1] INFO  server.AbstractConnector (AbstractConnector.java:doStop(318)) - Stopped ServerConnector@29a98d9f{HTTP/1.1,[http/1.1]}{0.0.0.0:0}
2019-09-12 11:41:02,195 [main] INFO  server.AbstractConnector (AbstractConnector.java:doStop(318)) - Stopped ServerConnector@11ad095c{HTTP/1.1,[http/1.1]}{0.0.0.0:0}
2019-09-12 11:41:02,195 [ForkJoinPool.commonPool-worker-1] INFO  handler.ContextHandler (ContextHandler.java:doStop(910)) - Stopped o.e.j.s.ServletContextHandler@3b27b497{/static,jar:file:/home/user/.m2/repository/org/apache/hadoop/hadoop-hdds-container-service/0.5.0-SNAPSHOT/hadoop-hdds-container-service-0.5.0-SNAPSHOT.jar!/webapps/static,UNAVAILABLE}
2019-09-12 11:41:02,195 [main] INFO  handler.ContextHandler (ContextHandler.java:doStop(910)) - Stopped o.e.j.s.ServletContextHandler@5f6a8efe{/static,jar:file:/home/user/.m2/repository/org/apache/hadoop/hadoop-hdds-container-service/0.5.0-SNAPSHOT/hadoop-hdds-container-service-0.5.0-SNAPSHOT.jar!/webapps/static,UNAVAILABLE}
2019-09-12 11:41:02,197 [ForkJoinPool.commonPool-worker-1] INFO  handler.ContextHandler (ContextHandler.java:doStop(910)) - Stopped o.e.j.s.ServletContextHandler@5c5d6175{/logs,file:///workdir/hadoop-ozone/ozonefs/target/log,UNAVAILABLE}
2019-09-12 11:41:02,197 [main] INFO  handler.ContextHandler (ContextHandler.java:doStop(910)) - Stopped o.e.j.s.ServletContextHandler@3d8d52be{/logs,file:///workdir/hadoop-ozone/ozonefs/target/log,UNAVAILABLE}
2019-09-12 11:41:02,199 [main] INFO  datanode.ObjectStoreHandler (ObjectStoreHandler.java:close(155)) - Closing ObjectStoreHandler.
2019-09-12 11:41:02,199 [ForkJoinPool.commonPool-worker-1] INFO  datanode.ObjectStoreHandler (ObjectStoreHandler.java:close(155)) - Closing ObjectStoreHandler.
2019-09-12 11:41:02,200 [main] INFO  ozone.HddsDatanodeService (HddsDatanodeService.java:stop(451)) - Stopped plug-in org.apache.hadoop.ozone.web.OzoneHddsDatanodeService@2f60cbf2
2019-09-12 11:41:02,200 [ForkJoinPool.commonPool-worker-1] INFO  ozone.HddsDatanodeService (HddsDatanodeService.java:stop(451)) - Stopped plug-in org.apache.hadoop.ozone.web.OzoneHddsDatanodeService@7971c2a9
2019-09-12 11:41:02,411 [Datanode State Machine Thread - 0] INFO  statemachine.DatanodeStateMachine (DatanodeStateMachine.java:lambda$startDaemon$0(350)) - Ozone container server started.
2019-09-12 11:41:02,419 [Datanode State Machine Thread - 0] INFO  statemachine.DatanodeStateMachine (DatanodeStateMachine.java:lambda$startDaemon$0(350)) - Ozone container server started.
2019-09-12 11:41:07,201 [main] INFO  ozoneimpl.OzoneContainer (OzoneContainer.java:stop(199)) - Attempting to stop container services.
2019-09-12 11:41:07,201 [ForkJoinPool.commonPool-worker-1] INFO  ozoneimpl.OzoneContainer (OzoneContainer.java:stop(199)) - Attempting to stop container services.
2019-09-12 11:41:07,201 [main] INFO  impl.RaftServerProxy (RaftServerProxy.java:lambda$close$4(314)) - 8668900b-06f4-40f9-8926-68eb6348aa5d: close
2019-09-12 11:41:07,201 [ForkJoinPool.commonPool-worker-1] INFO  impl.RaftServerProxy (RaftServerProxy.java:lambda$close$4(314)) - 2da31971-fd5c-4baf-8dfe-b6048362baf8: close
2019-09-12 11:41:07,202 [main] INFO  impl.RaftServerImpl (RaftServerImpl.java:lambda$shutdown$3(245)) - 8668900b-06f4-40f9-8926-68eb6348aa5d: shutdown group-B270613A25B2
2019-09-12 11:41:07,202 [ForkJoinPool.commonPool-worker-1] INFO  impl.RaftServerImpl (RaftServerImpl.java:lambda$shutdown$3(245)) - 2da31971-fd5c-4baf-8dfe-b6048362baf8: shutdown group-42F9D92787DD
2019-09-12 11:41:07,202 [main] INFO  util.JmxRegister (JmxRegister.java:unregister(73)) - Successfully un-registered JMX Bean with object name Ratis:service=RaftServer,group=group-B270613A25B2,id=8668900b-06f4-40f9-8926-68eb6348aa5d
2019-09-12 11:41:07,203 [ForkJoinPool.commonPool-worker-1] INFO  util.JmxRegister (JmxRegister.java:unregister(73)) - Successfully un-registered JMX Bean with object name Ratis:service=RaftServer,group=group-42F9D92787DD,id=2da31971-fd5c-4baf-8dfe-b6048362baf8
2019-09-12 11:41:07,203 [main] INFO  impl.RoleInfo (RoleInfo.java:shutdownLeaderState(104)) - 8668900b-06f4-40f9-8926-68eb6348aa5d: shutdown LeaderState
2019-09-12 11:41:07,203 [ForkJoinPool.commonPool-worker-1] INFO  impl.RoleInfo (RoleInfo.java:shutdownLeaderState(104)) - 2da31971-fd5c-4baf-8dfe-b6048362baf8: shutdown LeaderState
2019-09-12 11:41:07,204 [main] INFO  impl.PendingRequests (PendingRequests.java:sendNotLeaderResponses(202)) - 8668900b-06f4-40f9-8926-68eb6348aa5d-PendingRequests: sendNotLeaderResponses
2019-09-12 11:41:07,204 [ForkJoinPool.commonPool-worker-1] INFO  impl.PendingRequests (PendingRequests.java:sendNotLeaderResponses(202)) - 2da31971-fd5c-4baf-8dfe-b6048362baf8-PendingRequests: sendNotLeaderResponses
2019-09-12 11:41:07,204 [main] INFO  impl.StateMachineUpdater (StateMachineUpdater.java:stopAndJoin(115)) - StateMachineUpdater:8668900b-06f4-40f9-8926-68eb6348aa5d:group-B270613A25B2: set stopIndex = 0
2019-09-12 11:41:07,205 [ForkJoinPool.commonPool-worker-1] INFO  impl.StateMachineUpdater (StateMachineUpdater.java:stopAndJoin(115)) - StateMachineUpdater:2da31971-fd5c-4baf-8dfe-b6048362baf8:group-42F9D92787DD: set stopIndex = 0
2019-09-12 11:41:07,205 [main] INFO  impl.RaftServerImpl (ServerState.java:close(394)) - 8668900b-06f4-40f9-8926-68eb6348aa5d:group-B270613A25B2 closes. The last applied log index is 0
2019-09-12 11:41:07,205 [ForkJoinPool.commonPool-worker-1] INFO  impl.RaftServerImpl (ServerState.java:close(394)) - 2da31971-fd5c-4baf-8dfe-b6048362baf8:group-42F9D92787DD closes. The last applied log index is 0
2019-09-12 11:41:07,206 [8668900b-06f4-40f9-8926-68eb6348aa5d-SegmentedRaftLogWorker:Storage Directory /workdir/hadoop-ozone/ozonefs/target/test-dir/MiniOzoneClusterImpl-3f0ffa95-bfc9-4a1c-9a47-ff24715a0622/datanode-7/data/ratis/8415a60e-7d02-4ab8-8c7f-b270613a25b2] INFO  segmented.SegmentedRaftLogWorker (SegmentedRaftLogWorker.java:run(313)) - 8668900b-06f4-40f9-8926-68eb6348aa5d-SegmentedRaftLogWorker:Storage Directory /workdir/hadoop-ozone/ozonefs/target/test-dir/MiniOzoneClusterImpl-3f0ffa95-bfc9-4a1c-9a47-ff24715a0622/datanode-7/data/ratis/8415a60e-7d02-4ab8-8c7f-b270613a25b2 was interrupted, exiting. There are 0 tasks remaining in the queue.
2019-09-12 11:41:07,206 [2da31971-fd5c-4baf-8dfe-b6048362baf8-SegmentedRaftLogWorker:Storage Directory /workdir/hadoop-ozone/ozonefs/target/test-dir/MiniOzoneClusterImpl-3f0ffa95-bfc9-4a1c-9a47-ff24715a0622/datanode-1/data/ratis/502845d2-5637-4dcd-83a3-42f9d92787dd] INFO  segmented.SegmentedRaftLogWorker (SegmentedRaftLogWorker.java:run(313)) - 2da31971-fd5c-4baf-8dfe-b6048362baf8-SegmentedRaftLogWorker:Storage Directory /workdir/hadoop-ozone/ozonefs/target/test-dir/MiniOzoneClusterImpl-3f0ffa95-bfc9-4a1c-9a47-ff24715a0622/datanode-1/data/ratis/502845d2-5637-4dcd-83a3-42f9d92787dd was interrupted, exiting. There are 0 tasks remaining in the queue.
2019-09-12 11:41:07,206 [main] INFO  segmented.SegmentedRaftLogWorker (SegmentedRaftLogWorker.java:close(228)) - 8668900b-06f4-40f9-8926-68eb6348aa5d-SegmentedRaftLogWorker:Storage Directory /workdir/hadoop-ozone/ozonefs/target/test-dir/MiniOzoneClusterImpl-3f0ffa95-bfc9-4a1c-9a47-ff24715a0622/datanode-7/data/ratis/8415a60e-7d02-4ab8-8c7f-b270613a25b2 close()
2019-09-12 11:41:07,206 [ForkJoinPool.commonPool-worker-1] INFO  segmented.SegmentedRaftLogWorker (SegmentedRaftLogWorker.java:close(228)) - 2da31971-fd5c-4baf-8dfe-b6048362baf8-SegmentedRaftLogWorker:Storage Directory /workdir/hadoop-ozone/ozonefs/target/test-dir/MiniOzoneClusterImpl-3f0ffa95-bfc9-4a1c-9a47-ff24715a0622/datanode-1/data/ratis/502845d2-5637-4dcd-83a3-42f9d92787dd close()
2019-09-12 11:41:07,207 [main] INFO  impl.RaftServerImpl (RaftServerImpl.java:lambda$shutdown$3(245)) - 8668900b-06f4-40f9-8926-68eb6348aa5d: shutdown group-025826BE815E
2019-09-12 11:41:07,207 [ForkJoinPool.commonPool-worker-1] INFO  impl.RaftServerImpl (RaftServerImpl.java:lambda$shutdown$3(245)) - 2da31971-fd5c-4baf-8dfe-b6048362baf8: shutdown group-ED5CD0909695
2019-09-12 11:41:07,207 [main] INFO  util.JmxRegister (JmxRegister.java:unregister(73)) - Successfully un-registered JMX Bean with object name Ratis:service=RaftServer,group=group-025826BE815E,id=8668900b-06f4-40f9-8926-68eb6348aa5d
2019-09-12 11:41:07,208 [ForkJoinPool.commonPool-worker-1] INFO  util.JmxRegister (JmxRegister.java:unregister(73)) - Successfully un-registered JMX Bean with object name Ratis:service=RaftServer,group=group-ED5CD0909695,id=2da31971-fd5c-4baf-8dfe-b6048362baf8
2019-09-12 11:41:07,208 [main] INFO  impl.RoleInfo (RoleInfo.java:shutdownLeaderState(104)) - 8668900b-06f4-40f9-8926-68eb6348aa5d: shutdown LeaderState
2019-09-12 11:41:07,208 [ForkJoinPool.commonPool-worker-1] INFO  impl.RoleInfo (RoleInfo.java:shutdownLeaderState(104)) - 2da31971-fd5c-4baf-8dfe-b6048362baf8: shutdown LeaderState
2019-09-12 11:41:07,209 [main] INFO  impl.PendingRequests (PendingRequests.java:sendNotLeaderResponses(202)) - 8668900b-06f4-40f9-8926-68eb6348aa5d-PendingRequests: sendNotLeaderResponses
2019-09-12 11:41:07,209 [ForkJoinPool.commonPool-worker-1] INFO  impl.PendingRequests (PendingRequests.java:sendNotLeaderResponses(202)) - 2da31971-fd5c-4baf-8dfe-b6048362baf8-PendingRequests: sendNotLeaderResponses
2019-09-12 11:41:07,209 [main] INFO  impl.StateMachineUpdater (StateMachineUpdater.java:stopAndJoin(115)) - StateMachineUpdater:8668900b-06f4-40f9-8926-68eb6348aa5d:group-025826BE815E: set stopIndex = 0
2019-09-12 11:41:07,210 [main] INFO  impl.RaftServerImpl (ServerState.java:close(394)) - 8668900b-06f4-40f9-8926-68eb6348aa5d:group-025826BE815E closes. The last applied log index is 0
2019-09-12 11:41:07,210 [ForkJoinPool.commonPool-worker-1] INFO  impl.StateMachineUpdater (StateMachineUpdater.java:stopAndJoin(115)) - StateMachineUpdater:2da31971-fd5c-4baf-8dfe-b6048362baf8:group-ED5CD0909695: set stopIndex = 0
2019-09-12 11:41:07,210 [8668900b-06f4-40f9-8926-68eb6348aa5d-SegmentedRaftLogWorker:Storage Directory /workdir/hadoop-ozone/ozonefs/target/test-dir/MiniOzoneClusterImpl-3f0ffa95-bfc9-4a1c-9a47-ff24715a0622/datanode-7/data/ratis/69c102e9-e9c2-42be-b46f-025826be815e] INFO  segmented.SegmentedRaftLogWorker (SegmentedRaftLogWorker.java:run(313)) - 8668900b-06f4-40f9-8926-68eb6348aa5d-SegmentedRaftLogWorker:Storage Directory /workdir/hadoop-ozone/ozonefs/target/test-dir/MiniOzoneClusterImpl-3f0ffa95-bfc9-4a1c-9a47-ff24715a0622/datanode-7/data/ratis/69c102e9-e9c2-42be-b46f-025826be815e was interrupted, exiting. There are 0 tasks remaining in the queue.
2019-09-12 11:41:07,210 [ForkJoinPool.commonPool-worker-1] INFO  impl.RaftServerImpl (ServerState.java:close(394)) - 2da31971-fd5c-4baf-8dfe-b6048362baf8:group-ED5CD0909695 closes. The last applied log index is 0
2019-09-12 11:41:07,211 [main] INFO  segmented.SegmentedRaftLogWorker (SegmentedRaftLogWorker.java:close(228)) - 8668900b-06f4-40f9-8926-68eb6348aa5d-SegmentedRaftLogWorker:Storage Directory /workdir/hadoop-ozone/ozonefs/target/test-dir/MiniOzoneClusterImpl-3f0ffa95-bfc9-4a1c-9a47-ff24715a0622/datanode-7/data/ratis/69c102e9-e9c2-42be-b46f-025826be815e close()
2019-09-12 11:41:07,211 [2da31971-fd5c-4baf-8dfe-b6048362baf8-SegmentedRaftLogWorker:Storage Directory /workdir/hadoop-ozone/ozonefs/target/test-dir/MiniOzoneClusterImpl-3f0ffa95-bfc9-4a1c-9a47-ff24715a0622/datanode-1/data/ratis/f7699335-e7de-47fe-839f-ed5cd0909695] INFO  segmented.SegmentedRaftLogWorker (SegmentedRaftLogWorker.java:run(313)) - 2da31971-fd5c-4baf-8dfe-b6048362baf8-SegmentedRaftLogWorker:Storage Directory /workdir/hadoop-ozone/ozonefs/target/test-dir/MiniOzoneClusterImpl-3f0ffa95-bfc9-4a1c-9a47-ff24715a0622/datanode-1/data/ratis/f7699335-e7de-47fe-839f-ed5cd0909695 was interrupted, exiting. There are 0 tasks remaining in the queue.
2019-09-12 11:41:07,211 [main] INFO  impl.RaftServerImpl (RaftServerImpl.java:lambda$shutdown$3(245)) - 8668900b-06f4-40f9-8926-68eb6348aa5d: shutdown group-EAD92128E0B6
2019-09-12 11:41:07,211 [ForkJoinPool.commonPool-worker-1] INFO  segmented.SegmentedRaftLogWorker (SegmentedRaftLogWorker.java:close(228)) - 2da31971-fd5c-4baf-8dfe-b6048362baf8-SegmentedRaftLogWorker:Storage Directory /workdir/hadoop-ozone/ozonefs/target/test-dir/MiniOzoneClusterImpl-3f0ffa95-bfc9-4a1c-9a47-ff24715a0622/datanode-1/data/ratis/f7699335-e7de-47fe-839f-ed5cd0909695 close()
2019-09-12 11:41:07,212 [main] INFO  util.JmxRegister (JmxRegister.java:unregister(73)) - Successfully un-registered JMX Bean with object name Ratis:service=RaftServer,group=group-EAD92128E0B6,id=8668900b-06f4-40f9-8926-68eb6348aa5d
2019-09-12 11:41:07,212 [ForkJoinPool.commonPool-worker-1] INFO  impl.RaftServerImpl (RaftServerImpl.java:lambda$shutdown$3(245)) - 2da31971-fd5c-4baf-8dfe-b6048362baf8: shutdown group-0EDD090DB3D3
2019-09-12 11:41:07,212 [main] INFO  impl.RoleInfo (RoleInfo.java:shutdownLeaderState(104)) - 8668900b-06f4-40f9-8926-68eb6348aa5d: shutdown LeaderState
2019-09-12 11:41:07,213 [ForkJoinPool.commonPool-worker-1] INFO  util.JmxRegister (JmxRegister.java:unregister(73)) - Successfully un-registered JMX Bean with object name Ratis:service=RaftServer,group=group-0EDD090DB3D3,id=2da31971-fd5c-4baf-8dfe-b6048362baf8
2019-09-12 11:41:07,213 [main] INFO  impl.PendingRequests (PendingRequests.java:sendNotLeaderResponses(202)) - 8668900b-06f4-40f9-8926-68eb6348aa5d-PendingRequests: sendNotLeaderResponses
2019-09-12 11:41:07,213 [ForkJoinPool.commonPool-worker-1] INFO  impl.RoleInfo (RoleInfo.java:shutdownLeaderState(104)) - 2da31971-fd5c-4baf-8dfe-b6048362baf8: shutdown LeaderState
2019-09-12 11:41:07,214 [main] INFO  impl.StateMachineUpdater (StateMachineUpdater.java:stopAndJoin(115)) - StateMachineUpdater:8668900b-06f4-40f9-8926-68eb6348aa5d:group-EAD92128E0B6: set stopIndex = 0
2019-09-12 11:41:07,214 [ForkJoinPool.commonPool-worker-1] INFO  impl.PendingRequests (PendingRequests.java:sendNotLeaderResponses(202)) - 2da31971-fd5c-4baf-8dfe-b6048362baf8-PendingRequests: sendNotLeaderResponses
2019-09-12 11:41:07,214 [main] INFO  impl.RaftServerImpl (ServerState.java:close(394)) - 8668900b-06f4-40f9-8926-68eb6348aa5d:group-EAD92128E0B6 closes. The last applied log index is 0
2019-09-12 11:41:07,214 [ForkJoinPool.commonPool-worker-1] INFO  impl.StateMachineUpdater (StateMachineUpdater.java:stopAndJoin(115)) - StateMachineUpdater:2da31971-fd5c-4baf-8dfe-b6048362baf8:group-0EDD090DB3D3: set stopIndex = 0
2019-09-12 11:41:07,215 [8668900b-06f4-40f9-8926-68eb6348aa5d-SegmentedRaftLogWorker:Storage Directory /workdir/hadoop-ozone/ozonefs/target/test-dir/MiniOzoneClusterImpl-3f0ffa95-bfc9-4a1c-9a47-ff24715a0622/datanode-7/data/ratis/b976aa1b-0529-48a3-9893-ead92128e0b6] INFO  segmented.SegmentedRaftLogWorker (SegmentedRaftLogWorker.java:run(313)) - 8668900b-06f4-40f9-8926-68eb6348aa5d-SegmentedRaftLogWorker:Storage Directory /workdir/hadoop-ozone/ozonefs/target/test-dir/MiniOzoneClusterImpl-3f0ffa95-bfc9-4a1c-9a47-ff24715a0622/datanode-7/data/ratis/b976aa1b-0529-48a3-9893-ead92128e0b6 was interrupted, exiting. There are 0 tasks remaining in the queue.
2019-09-12 11:41:07,215 [ForkJoinPool.commonPool-worker-1] INFO  impl.RaftServerImpl (ServerState.java:close(394)) - 2da31971-fd5c-4baf-8dfe-b6048362baf8:group-0EDD090DB3D3 closes. The last applied log index is 0
2019-09-12 11:41:07,215 [main] INFO  segmented.SegmentedRaftLogWorker (SegmentedRaftLogWorker.java:close(228)) - 8668900b-06f4-40f9-8926-68eb6348aa5d-SegmentedRaftLogWorker:Storage Directory /workdir/hadoop-ozone/ozonefs/target/test-dir/MiniOzoneClusterImpl-3f0ffa95-bfc9-4a1c-9a47-ff24715a0622/datanode-7/data/ratis/b976aa1b-0529-48a3-9893-ead92128e0b6 close()
2019-09-12 11:41:07,215 [2da31971-fd5c-4baf-8dfe-b6048362baf8-SegmentedRaftLogWorker:Storage Directory /workdir/hadoop-ozone/ozonefs/target/test-dir/MiniOzoneClusterImpl-3f0ffa95-bfc9-4a1c-9a47-ff24715a0622/datanode-1/data/ratis/19e2168b-2ba1-4faa-9c2a-0edd090db3d3] INFO  segmented.SegmentedRaftLogWorker (SegmentedRaftLogWorker.java:run(313)) - 2da31971-fd5c-4baf-8dfe-b6048362baf8-SegmentedRaftLogWorker:Storage Directory /workdir/hadoop-ozone/ozonefs/target/test-dir/MiniOzoneClusterImpl-3f0ffa95-bfc9-4a1c-9a47-ff24715a0622/datanode-1/data/ratis/19e2168b-2ba1-4faa-9c2a-0edd090db3d3 was interrupted, exiting. There are 0 tasks remaining in the queue.
2019-09-12 11:41:07,216 [main] INFO  impl.RaftServerImpl (RaftServerImpl.java:lambda$shutdown$3(245)) - 8668900b-06f4-40f9-8926-68eb6348aa5d: shutdown group-CC705835F635
2019-09-12 11:41:07,216 [ForkJoinPool.commonPool-worker-1] INFO  segmented.SegmentedRaftLogWorker (SegmentedRaftLogWorker.java:close(228)) - 2da31971-fd5c-4baf-8dfe-b6048362baf8-SegmentedRaftLogWorker:Storage Directory /workdir/hadoop-ozone/ozonefs/target/test-dir/MiniOzoneClusterImpl-3f0ffa95-bfc9-4a1c-9a47-ff24715a0622/datanode-1/data/ratis/19e2168b-2ba1-4faa-9c2a-0edd090db3d3 close()
2019-09-12 11:41:07,216 [main] INFO  util.JmxRegister (JmxRegister.java:unregister(73)) - Successfully un-registered JMX Bean with object name Ratis:service=RaftServer,group=group-CC705835F635,id=8668900b-06f4-40f9-8926-68eb6348aa5d
2019-09-12 11:41:07,217 [main] INFO  impl.RoleInfo (RoleInfo.java:shutdownLeaderState(104)) - 8668900b-06f4-40f9-8926-68eb6348aa5d: shutdown LeaderState
2019-09-12 11:41:07,216 [ForkJoinPool.commonPool-worker-1] INFO  impl.RaftServerImpl (RaftServerImpl.java:lambda$shutdown$3(245)) - 2da31971-fd5c-4baf-8dfe-b6048362baf8: shutdown group-F68F4E050AE8
2019-09-12 11:41:07,217 [main] INFO  impl.PendingRequests (PendingRequests.java:sendNotLeaderResponses(202)) - 8668900b-06f4-40f9-8926-68eb6348aa5d-PendingRequests: sendNotLeaderResponses
2019-09-12 11:41:07,217 [ForkJoinPool.commonPool-worker-1] INFO  util.JmxRegister (JmxRegister.java:unregister(73)) - Successfully un-registered JMX Bean with object name Ratis:service=RaftServer,group=group-F68F4E050AE8,id=2da31971-fd5c-4baf-8dfe-b6048362baf8
2019-09-12 11:41:07,218 [main] INFO  impl.StateMachineUpdater (StateMachineUpdater.java:stopAndJoin(115)) - StateMachineUpdater:8668900b-06f4-40f9-8926-68eb6348aa5d:group-CC705835F635: set stopIndex = 0
2019-09-12 11:41:07,218 [ForkJoinPool.commonPool-worker-1] INFO  impl.RoleInfo (RoleInfo.java:shutdownLeaderState(104)) - 2da31971-fd5c-4baf-8dfe-b6048362baf8: shutdown LeaderState
2019-09-12 11:41:07,218 [main] INFO  impl.RaftServerImpl (ServerState.java:close(394)) - 8668900b-06f4-40f9-8926-68eb6348aa5d:group-CC705835F635 closes. The last applied log index is 0
2019-09-12 11:41:07,219 [ForkJoinPool.commonPool-worker-1] INFO  impl.PendingRequests (PendingRequests.java:sendNotLeaderResponses(202)) - 2da31971-fd5c-4baf-8dfe-b6048362baf8-PendingRequests: sendNotLeaderResponses
2019-09-12 11:41:07,219 [8668900b-06f4-40f9-8926-68eb6348aa5d-SegmentedRaftLogWorker:Storage Directory /workdir/hadoop-ozone/ozonefs/target/test-dir/MiniOzoneClusterImpl-3f0ffa95-bfc9-4a1c-9a47-ff24715a0622/datanode-7/data/ratis/9727e428-38de-4c66-98cf-cc705835f635] INFO  segmented.SegmentedRaftLogWorker (SegmentedRaftLogWorker.java:run(313)) - 8668900b-06f4-40f9-8926-68eb6348aa5d-SegmentedRaftLogWorker:Storage Directory /workdir/hadoop-ozone/ozonefs/target/test-dir/MiniOzoneClusterImpl-3f0ffa95-bfc9-4a1c-9a47-ff24715a0622/datanode-7/data/ratis/9727e428-38de-4c66-98cf-cc705835f635 was interrupted, exiting. There are 0 tasks remaining in the queue.
2019-09-12 11:41:07,219 [ForkJoinPool.commonPool-worker-1] INFO  impl.StateMachineUpdater (StateMachineUpdater.java:stopAndJoin(115)) - StateMachineUpdater:2da31971-fd5c-4baf-8dfe-b6048362baf8:group-F68F4E050AE8: set stopIndex = 0
2019-09-12 11:41:07,220 [main] INFO  segmented.SegmentedRaftLogWorker (SegmentedRaftLogWorker.java:close(228)) - 8668900b-06f4-40f9-8926-68eb6348aa5d-SegmentedRaftLogWorker:Storage Directory /workdir/hadoop-ozone/ozonefs/target/test-dir/MiniOzoneClusterImpl-3f0ffa95-bfc9-4a1c-9a47-ff24715a0622/datanode-7/data/ratis/9727e428-38de-4c66-98cf-cc705835f635 close()
2019-09-12 11:41:07,220 [ForkJoinPool.commonPool-worker-1] INFO  impl.RaftServerImpl (ServerState.java:close(394)) - 2da31971-fd5c-4baf-8dfe-b6048362baf8:group-F68F4E050AE8 closes. The last applied log index is 0
2019-09-12 11:41:07,220 [main] INFO  impl.RaftServerImpl (RaftServerImpl.java:lambda$shutdown$3(245)) - 8668900b-06f4-40f9-8926-68eb6348aa5d: shutdown group-22D4B8D9C6E0
2019-09-12 11:41:07,221 [2da31971-fd5c-4baf-8dfe-b6048362baf8-SegmentedRaftLogWorker:Storage Directory /workdir/hadoop-ozone/ozonefs/target/test-dir/MiniOzoneClusterImpl-3f0ffa95-bfc9-4a1c-9a47-ff24715a0622/datanode-1/data/ratis/af8b3387-bc83-4d31-a0b7-f68f4e050ae8] INFO  segmented.SegmentedRaftLogWorker (SegmentedRaftLogWorker.java:run(313)) - 2da31971-fd5c-4baf-8dfe-b6048362baf8-SegmentedRaftLogWorker:Storage Directory /workdir/hadoop-ozone/ozonefs/target/test-dir/MiniOzoneClusterImpl-3f0ffa95-bfc9-4a1c-9a47-ff24715a0622/datanode-1/data/ratis/af8b3387-bc83-4d31-a0b7-f68f4e050ae8 was interrupted, exiting. There are 0 tasks remaining in the queue.
2019-09-12 11:41:07,221 [main] INFO  util.JmxRegister (JmxRegister.java:unregister(73)) - Successfully un-registered JMX Bean with object name Ratis:service=RaftServer,group=group-22D4B8D9C6E0,id=8668900b-06f4-40f9-8926-68eb6348aa5d
2019-09-12 11:41:07,221 [ForkJoinPool.commonPool-worker-1] INFO  segmented.SegmentedRaftLogWorker (SegmentedRaftLogWorker.java:close(228)) - 2da31971-fd5c-4baf-8dfe-b6048362baf8-SegmentedRaftLogWorker:Storage Directory /workdir/hadoop-ozone/ozonefs/target/test-dir/MiniOzoneClusterImpl-3f0ffa95-bfc9-4a1c-9a47-ff24715a0622/datanode-1/data/ratis/af8b3387-bc83-4d31-a0b7-f68f4e050ae8 close()
2019-09-12 11:41:07,221 [main] INFO  impl.RoleInfo (RoleInfo.java:shutdownLeaderState(104)) - 8668900b-06f4-40f9-8926-68eb6348aa5d: shutdown LeaderState
2019-09-12 11:41:07,222 [ForkJoinPool.commonPool-worker-1] INFO  impl.RaftServerImpl (RaftServerImpl.java:lambda$shutdown$3(245)) - 2da31971-fd5c-4baf-8dfe-b6048362baf8: shutdown group-5E83C5BB66F1
2019-09-12 11:41:07,222 [main] INFO  impl.PendingRequests (PendingRequests.java:sendNotLeaderResponses(202)) - 8668900b-06f4-40f9-8926-68eb6348aa5d-PendingRequests: sendNotLeaderResponses
2019-09-12 11:41:07,222 [ForkJoinPool.commonPool-worker-1] INFO  util.JmxRegister (JmxRegister.java:unregister(73)) - Successfully un-registered JMX Bean with object name Ratis:service=RaftServer,group=group-5E83C5BB66F1,id=2da31971-fd5c-4baf-8dfe-b6048362baf8
2019-09-12 11:41:07,223 [main] INFO  impl.StateMachineUpdater (StateMachineUpdater.java:stopAndJoin(115)) - StateMachineUpdater:8668900b-06f4-40f9-8926-68eb6348aa5d:group-22D4B8D9C6E0: set stopIndex = 0
2019-09-12 11:41:07,223 [main] INFO  impl.RaftServerImpl (ServerState.java:close(394)) - 8668900b-06f4-40f9-8926-68eb6348aa5d:group-22D4B8D9C6E0 closes. The last applied log index is 0
2019-09-12 11:41:07,223 [ForkJoinPool.commonPool-worker-1] INFO  impl.RoleInfo (RoleInfo.java:shutdownLeaderState(104)) - 2da31971-fd5c-4baf-8dfe-b6048362baf8: shutdown LeaderState
2019-09-12 11:41:07,224 [8668900b-06f4-40f9-8926-68eb6348aa5d-SegmentedRaftLogWorker:Storage Directory /workdir/hadoop-ozone/ozonefs/target/test-dir/MiniOzoneClusterImpl-3f0ffa95-bfc9-4a1c-9a47-ff24715a0622/datanode-7/data/ratis/6e0e4793-5c95-4409-8035-22d4b8d9c6e0] INFO  segmented.SegmentedRaftLogWorker (SegmentedRaftLogWorker.java:run(313)) - 8668900b-06f4-40f9-8926-68eb6348aa5d-SegmentedRaftLogWorker:Storage Directory /workdir/hadoop-ozone/ozonefs/target/test-dir/MiniOzoneClusterImpl-3f0ffa95-bfc9-4a1c-9a47-ff24715a0622/datanode-7/data/ratis/6e0e4793-5c95-4409-8035-22d4b8d9c6e0 was interrupted, exiting. There are 0 tasks remaining in the queue.
2019-09-12 11:41:07,224 [ForkJoinPool.commonPool-worker-1] INFO  impl.PendingRequests (PendingRequests.java:sendNotLeaderResponses(202)) - 2da31971-fd5c-4baf-8dfe-b6048362baf8-PendingRequests: sendNotLeaderResponses
2019-09-12 11:41:07,224 [main] INFO  segmented.SegmentedRaftLogWorker (SegmentedRaftLogWorker.java:close(228)) - 8668900b-06f4-40f9-8926-68eb6348aa5d-SegmentedRaftLogWorker:Storage Directory /workdir/hadoop-ozone/ozonefs/target/test-dir/MiniOzoneClusterImpl-3f0ffa95-bfc9-4a1c-9a47-ff24715a0622/datanode-7/data/ratis/6e0e4793-5c95-4409-8035-22d4b8d9c6e0 close()
2019-09-12 11:41:07,224 [ForkJoinPool.commonPool-worker-1] INFO  impl.StateMachineUpdater (StateMachineUpdater.java:stopAndJoin(115)) - StateMachineUpdater:2da31971-fd5c-4baf-8dfe-b6048362baf8:group-5E83C5BB66F1: set stopIndex = 0
2019-09-12 11:41:07,225 [main] INFO  impl.RaftServerImpl (RaftServerImpl.java:lambda$shutdown$3(245)) - 8668900b-06f4-40f9-8926-68eb6348aa5d: shutdown group-05D08B075F79
2019-09-12 11:41:07,225 [ForkJoinPool.commonPool-worker-1] INFO  impl.RaftServerImpl (ServerState.java:close(394)) - 2da31971-fd5c-4baf-8dfe-b6048362baf8:group-5E83C5BB66F1 closes. The last applied log index is 0
2019-09-12 11:41:07,225 [main] INFO  util.JmxRegister (JmxRegister.java:unregister(73)) - Successfully un-registered JMX Bean with object name Ratis:service=RaftServer,group=group-05D08B075F79,id=8668900b-06f4-40f9-8926-68eb6348aa5d
2019-09-12 11:41:07,226 [main] INFO  impl.RoleInfo (RoleInfo.java:shutdownLeaderState(104)) - 8668900b-06f4-40f9-8926-68eb6348aa5d: shutdown LeaderState
2019-09-12 11:41:07,226 [2da31971-fd5c-4baf-8dfe-b6048362baf8-SegmentedRaftLogWorker:Storage Directory /workdir/hadoop-ozone/ozonefs/target/test-dir/MiniOzoneClusterImpl-3f0ffa95-bfc9-4a1c-9a47-ff24715a0622/datanode-1/data/ratis/7465b3c3-3920-4865-93f5-5e83c5bb66f1] INFO  segmented.SegmentedRaftLogWorker (SegmentedRaftLogWorker.java:run(313)) - 2da31971-fd5c-4baf-8dfe-b6048362baf8-SegmentedRaftLogWorker:Storage Directory /workdir/hadoop-ozone/ozonefs/target/test-dir/MiniOzoneClusterImpl-3f0ffa95-bfc9-4a1c-9a47-ff24715a0622/datanode-1/data/ratis/7465b3c3-3920-4865-93f5-5e83c5bb66f1 was interrupted, exiting. There are 0 tasks remaining in the queue.
2019-09-12 11:41:07,226 [main] INFO  impl.PendingRequests (PendingRequests.java:sendNotLeaderResponses(202)) - 8668900b-06f4-40f9-8926-68eb6348aa5d-PendingRequests: sendNotLeaderResponses
2019-09-12 11:41:07,226 [ForkJoinPool.commonPool-worker-1] INFO  segmented.SegmentedRaftLogWorker (SegmentedRaftLogWorker.java:close(228)) - 2da31971-fd5c-4baf-8dfe-b6048362baf8-SegmentedRaftLogWorker:Storage Directory /workdir/hadoop-ozone/ozonefs/target/test-dir/MiniOzoneClusterImpl-3f0ffa95-bfc9-4a1c-9a47-ff24715a0622/datanode-1/data/ratis/7465b3c3-3920-4865-93f5-5e83c5bb66f1 close()
2019-09-12 11:41:07,227 [main] INFO  impl.StateMachineUpdater (StateMachineUpdater.java:stopAndJoin(115)) - StateMachineUpdater:8668900b-06f4-40f9-8926-68eb6348aa5d:group-05D08B075F79: set stopIndex = 0
2019-09-12 11:41:07,227 [ForkJoinPool.commonPool-worker-1] INFO  impl.RaftServerImpl (RaftServerImpl.java:lambda$shutdown$3(245)) - 2da31971-fd5c-4baf-8dfe-b6048362baf8: shutdown group-2719F2740861
2019-09-12 11:41:07,227 [main] INFO  impl.RaftServerImpl (ServerState.java:close(394)) - 8668900b-06f4-40f9-8926-68eb6348aa5d:group-05D08B075F79 closes. The last applied log index is 0
2019-09-12 11:41:07,227 [ForkJoinPool.commonPool-worker-1] INFO  util.JmxRegister (JmxRegister.java:unregister(73)) - Successfully un-registered JMX Bean with object name Ratis:service=RaftServer,group=group-2719F2740861,id=2da31971-fd5c-4baf-8dfe-b6048362baf8
2019-09-12 11:41:07,228 [8668900b-06f4-40f9-8926-68eb6348aa5d-SegmentedRaftLogWorker:Storage Directory /workdir/hadoop-ozone/ozonefs/target/test-dir/MiniOzoneClusterImpl-3f0ffa95-bfc9-4a1c-9a47-ff24715a0622/datanode-7/data/ratis/bc0fd3ae-507d-4d96-b45e-05d08b075f79] INFO  segmented.SegmentedRaftLogWorker (SegmentedRaftLogWorker.java:run(313)) - 8668900b-06f4-40f9-8926-68eb6348aa5d-SegmentedRaftLogWorker:Storage Directory /workdir/hadoop-ozone/ozonefs/target/test-dir/MiniOzoneClusterImpl-3f0ffa95-bfc9-4a1c-9a47-ff24715a0622/datanode-7/data/ratis/bc0fd3ae-507d-4d96-b45e-05d08b075f79 was interrupted, exiting. There are 0 tasks remaining in the queue.
2019-09-12 11:41:07,228 [ForkJoinPool.commonPool-worker-1] INFO  impl.RoleInfo (RoleInfo.java:shutdownLeaderState(104)) - 2da31971-fd5c-4baf-8dfe-b6048362baf8: shutdown LeaderState
2019-09-12 11:41:07,228 [main] INFO  segmented.SegmentedRaftLogWorker (SegmentedRaftLogWorker.java:close(228)) - 8668900b-06f4-40f9-8926-68eb6348aa5d-SegmentedRaftLogWorker:Storage Directory /workdir/hadoop-ozone/ozonefs/target/test-dir/MiniOzoneClusterImpl-3f0ffa95-bfc9-4a1c-9a47-ff24715a0622/datanode-7/data/ratis/bc0fd3ae-507d-4d96-b45e-05d08b075f79 close()
2019-09-12 11:41:07,228 [ForkJoinPool.commonPool-worker-1] INFO  impl.PendingRequests (PendingRequests.java:sendNotLeaderResponses(202)) - 2da31971-fd5c-4baf-8dfe-b6048362baf8-PendingRequests: sendNotLeaderResponses
2019-09-12 11:41:07,229 [main] INFO  server.GrpcService (GrpcService.java:closeImpl(155)) - 8668900b-06f4-40f9-8926-68eb6348aa5d: shutdown server with port 38608 now
2019-09-12 11:41:07,229 [ForkJoinPool.commonPool-worker-1] INFO  impl.StateMachineUpdater (StateMachineUpdater.java:stopAndJoin(115)) - StateMachineUpdater:2da31971-fd5c-4baf-8dfe-b6048362baf8:group-2719F2740861: set stopIndex = 0
2019-09-12 11:41:07,231 [ForkJoinPool.commonPool-worker-1] INFO  impl.RaftServerImpl (ServerState.java:close(394)) - 2da31971-fd5c-4baf-8dfe-b6048362baf8:group-2719F2740861 closes. The last applied log index is 0
2019-09-12 11:41:07,231 [main] INFO  server.GrpcService (GrpcService.java:closeImpl(163)) - 8668900b-06f4-40f9-8926-68eb6348aa5d: shutdown server with port 38608 successfully
2019-09-12 11:41:07,231 [2da31971-fd5c-4baf-8dfe-b6048362baf8-SegmentedRaftLogWorker:Storage Directory /workdir/hadoop-ozone/ozonefs/target/test-dir/MiniOzoneClusterImpl-3f0ffa95-bfc9-4a1c-9a47-ff24715a0622/datanode-1/data/ratis/9a475d44-0a9d-4eb5-b428-2719f2740861] INFO  segmented.SegmentedRaftLogWorker (SegmentedRaftLogWorker.java:run(313)) - 2da31971-fd5c-4baf-8dfe-b6048362baf8-SegmentedRaftLogWorker:Storage Directory /workdir/hadoop-ozone/ozonefs/target/test-dir/MiniOzoneClusterImpl-3f0ffa95-bfc9-4a1c-9a47-ff24715a0622/datanode-1/data/ratis/9a475d44-0a9d-4eb5-b428-2719f2740861 was interrupted, exiting. There are 0 tasks remaining in the queue.
2019-09-12 11:41:07,232 [ForkJoinPool.commonPool-worker-1] INFO  segmented.SegmentedRaftLogWorker (SegmentedRaftLogWorker.java:close(228)) - 2da31971-fd5c-4baf-8dfe-b6048362baf8-SegmentedRaftLogWorker:Storage Directory /workdir/hadoop-ozone/ozonefs/target/test-dir/MiniOzoneClusterImpl-3f0ffa95-bfc9-4a1c-9a47-ff24715a0622/datanode-1/data/ratis/9a475d44-0a9d-4eb5-b428-2719f2740861 close()
2019-09-12 11:41:07,232 [ForkJoinPool.commonPool-worker-1] INFO  server.GrpcService (GrpcService.java:closeImpl(155)) - 2da31971-fd5c-4baf-8dfe-b6048362baf8: shutdown server with port 36166 now
2019-09-12 11:41:07,232 [main] INFO  utils.BackgroundService (BackgroundService.java:shutdown(148)) - Shutting down service BlockDeletingService
2019-09-12 11:41:07,234 [ForkJoinPool.commonPool-worker-1] INFO  server.GrpcService (GrpcService.java:closeImpl(163)) - 2da31971-fd5c-4baf-8dfe-b6048362baf8: shutdown server with port 36166 successfully
2019-09-12 11:41:07,235 [refreshUsed-/workdir/hadoop-ozone/ozonefs/target/test-dir/MiniOzoneClusterImpl-3f0ffa95-bfc9-4a1c-9a47-ff24715a0622/datanode-7/data/containers] WARN  fs.CachingGetSpaceUsed (CachingGetSpaceUsed.java:run(183)) - Thread Interrupted waiting to refresh disk information: sleep interrupted
2019-09-12 11:41:07,238 [ForkJoinPool.commonPool-worker-1] INFO  utils.BackgroundService (BackgroundService.java:shutdown(148)) - Shutting down service BlockDeletingService
2019-09-12 11:41:07,240 [refreshUsed-/workdir/hadoop-ozone/ozonefs/target/test-dir/MiniOzoneClusterImpl-3f0ffa95-bfc9-4a1c-9a47-ff24715a0622/datanode-1/data/containers] WARN  fs.CachingGetSpaceUsed (CachingGetSpaceUsed.java:run(183)) - Thread Interrupted waiting to refresh disk information: sleep interrupted
2019-09-12 11:41:07,254 [main] INFO  statemachine.DatanodeStateMachine (DatanodeStateMachine.java:stopDaemon(395)) - Ozone container server stopped.
2019-09-12 11:41:07,255 [main] INFO  handler.ContextHandler (ContextHandler.java:doStop(910)) - Stopped o.e.j.w.WebAppContext@6f0c45f4{/,null,UNAVAILABLE}{/hddsDatanode}
2019-09-12 11:41:07,256 [main] INFO  server.AbstractConnector (AbstractConnector.java:doStop(318)) - Stopped ServerConnector@45571cfc{HTTP/1.1,[http/1.1]}{0.0.0.0:0}
2019-09-12 11:41:07,256 [main] INFO  handler.ContextHandler (ContextHandler.java:doStop(910)) - Stopped o.e.j.s.ServletContextHandler@5e24592e{/static,jar:file:/home/user/.m2/repository/org/apache/hadoop/hadoop-hdds-container-service/0.5.0-SNAPSHOT/hadoop-hdds-container-service-0.5.0-SNAPSHOT.jar!/webapps/static,UNAVAILABLE}
2019-09-12 11:41:07,257 [main] INFO  handler.ContextHandler (ContextHandler.java:doStop(910)) - Stopped o.e.j.s.ServletContextHandler@3ac0a14b{/logs,file:///workdir/hadoop-ozone/ozonefs/target/log,UNAVAILABLE}
2019-09-12 11:41:07,260 [ForkJoinPool.commonPool-worker-1] INFO  statemachine.DatanodeStateMachine (DatanodeStateMachine.java:stopDaemon(395)) - Ozone container server stopped.
2019-09-12 11:41:07,262 [ForkJoinPool.commonPool-worker-1] INFO  handler.ContextHandler (ContextHandler.java:doStop(910)) - Stopped o.e.j.w.WebAppContext@475f5672{/,null,UNAVAILABLE}{/hddsDatanode}
2019-09-12 11:41:07,262 [ForkJoinPool.commonPool-worker-1] INFO  server.AbstractConnector (AbstractConnector.java:doStop(318)) - Stopped ServerConnector@616a06e3{HTTP/1.1,[http/1.1]}{0.0.0.0:0}
2019-09-12 11:41:07,263 [ForkJoinPool.commonPool-worker-1] INFO  handler.ContextHandler (ContextHandler.java:doStop(910)) - Stopped o.e.j.s.ServletContextHandler@7ce29a2d{/static,jar:file:/home/user/.m2/repository/org/apache/hadoop/hadoop-hdds-container-service/0.5.0-SNAPSHOT/hadoop-hdds-container-service-0.5.0-SNAPSHOT.jar!/webapps/static,UNAVAILABLE}
2019-09-12 11:41:07,264 [ForkJoinPool.commonPool-worker-1] INFO  handler.ContextHandler (ContextHandler.java:doStop(910)) - Stopped o.e.j.s.ServletContextHandler@62d40e31{/logs,file:///workdir/hadoop-ozone/ozonefs/target/log,UNAVAILABLE}
2019-09-12 11:41:07,264 [main] INFO  ozone.MiniOzoneClusterImpl (MiniOzoneClusterImpl.java:stop(353)) - Stopping the StorageContainerManager
2019-09-12 11:41:07,265 [main] INFO  server.StorageContainerManager (StorageContainerManager.java:stop(797)) - Stopping Replication Manager Service.
2019-09-12 11:41:07,265 [main] INFO  container.ReplicationManager (ReplicationManager.java:stop(192)) - Stopping Replication Monitor Thread.
2019-09-12 11:41:07,265 [main] INFO  server.StorageContainerManager (StorageContainerManager.java:stop(804)) - Stopping Lease Manager of the command watchers
2019-09-12 11:41:07,265 [main] INFO  server.StorageContainerManager (StorageContainerManager.java:stop(811)) - Stopping datanode service RPC server
2019-09-12 11:41:07,265 [main] INFO  server.SCMDatanodeProtocolServer (SCMDatanodeProtocolServer.java:stop(367)) - Stopping the RPC server for DataNodes
2019-09-12 11:41:07,266 [main] INFO  ipc.Server (Server.java:stop(3082)) - Stopping server on 43171
2019-09-12 11:41:07,267 [IPC Server Responder] INFO  ipc.Server (Server.java:run(1319)) - Stopping IPC Server Responder
2019-09-12 11:41:07,267 [IPC Server listener on 43171] INFO  ipc.Server (Server.java:run(1185)) - Stopping IPC Server listener on 43171
2019-09-12 11:41:07,278 [SCM Heartbeat Processing Thread - 0] WARN  node.NodeStateManager (NodeStateManager.java:scheduleNextHealthCheck(655)) - Current Thread is interrupted, shutting down HB processing thread for Node Manager.
2019-09-12 11:41:07,278 [main] INFO  server.StorageContainerManager (StorageContainerManager.java:stop(819)) - Stopping block service RPC server
2019-09-12 11:41:07,278 [main] INFO  server.SCMBlockProtocolServer (SCMBlockProtocolServer.java:stop(148)) - Stopping the RPC server for Block Protocol
2019-09-12 11:41:07,278 [main] INFO  ipc.Server (Server.java:stop(3082)) - Stopping server on 43383
2019-09-12 11:41:07,279 [IPC Server listener on 43383] INFO  ipc.Server (Server.java:run(1185)) - Stopping IPC Server listener on 43383
2019-09-12 11:41:07,279 [main] INFO  server.StorageContainerManager (StorageContainerManager.java:stop(826)) - Stopping the StorageContainerLocationProtocol RPC server
2019-09-12 11:41:07,280 [main] INFO  server.SCMClientProtocolServer (SCMClientProtocolServer.java:stop(159)) - Stopping the RPC server for Client Protocol
2019-09-12 11:41:07,280 [main] INFO  ipc.Server (Server.java:stop(3082)) - Stopping server on 39907
2019-09-12 11:41:07,281 [main] INFO  server.StorageContainerManager (StorageContainerManager.java:stop(833)) - Stopping Storage Container Manager HTTP server.
2019-09-12 11:41:07,281 [IPC Server Responder] INFO  ipc.Server (Server.java:run(1319)) - Stopping IPC Server Responder
2019-09-12 11:41:07,281 [IPC Server listener on 39907] INFO  ipc.Server (Server.java:run(1185)) - Stopping IPC Server listener on 39907
2019-09-12 11:41:07,281 [IPC Server Responder] INFO  ipc.Server (Server.java:run(1319)) - Stopping IPC Server Responder
2019-09-12 11:41:07,282 [main] INFO  handler.ContextHandler (ContextHandler.java:doStop(910)) - Stopped o.e.j.w.WebAppContext@433ffad1{/,null,UNAVAILABLE}{/scm}
2019-09-12 11:41:07,283 [main] INFO  server.AbstractConnector (AbstractConnector.java:doStop(318)) - Stopped ServerConnector@46cf05f7{HTTP/1.1,[http/1.1]}{0.0.0.0:0}
2019-09-12 11:41:07,283 [main] INFO  handler.ContextHandler (ContextHandler.java:doStop(910)) - Stopped o.e.j.s.ServletContextHandler@25b2cfcb{/static,jar:file:/home/user/.m2/repository/org/apache/hadoop/hadoop-hdds-server-scm/0.5.0-SNAPSHOT/hadoop-hdds-server-scm-0.5.0-SNAPSHOT.jar!/webapps/static,UNAVAILABLE}
2019-09-12 11:41:07,284 [main] INFO  handler.ContextHandler (ContextHandler.java:doStop(910)) - Stopped o.e.j.s.ServletContextHandler@6aecbb8d{/logs,file:///workdir/hadoop-ozone/ozonefs/target/log,UNAVAILABLE}
2019-09-12 11:41:07,285 [main] INFO  server.StorageContainerManager (StorageContainerManager.java:stop(844)) - Stopping Block Manager Service.
2019-09-12 11:41:07,285 [main] INFO  utils.BackgroundService (BackgroundService.java:shutdown(148)) - Shutting down service SCMBlockDeletingService
2019-09-12 11:41:07,285 [main] INFO  utils.BackgroundService (BackgroundService.java:shutdown(148)) - Shutting down service SCMBlockDeletingService
2019-09-12 11:41:07,286 [main] INFO  server.StorageContainerManager (StorageContainerManager.java:stop(866)) - Stopping SCM Event Queue.
2019-09-12 11:41:07,292 [main] INFO  impl.MetricsSystemImpl (MetricsSystemImpl.java:stop(210)) - Stopping HddsDatanode metrics system...
2019-09-12 11:41:07,299 [main] INFO  impl.MetricsSystemImpl (MetricsSystemImpl.java:stop(216)) - HddsDatanode metrics system stopped.
]]></system-out>
    <system-err><![CDATA[Sep 12, 2019 11:40:23 AM com.sun.jersey.server.impl.application.WebApplicationImpl _initiate
INFO: Initiating Jersey application, version 'Jersey: 1.19 02/11/2015 03:25 AM'
Sep 12, 2019 11:40:24 AM com.sun.jersey.server.impl.application.WebApplicationImpl _initiate
INFO: Initiating Jersey application, version 'Jersey: 1.19 02/11/2015 03:25 AM'
Sep 12, 2019 11:40:24 AM com.sun.jersey.server.impl.application.WebApplicationImpl _initiate
INFO: Initiating Jersey application, version 'Jersey: 1.19 02/11/2015 03:25 AM'
Sep 12, 2019 11:40:24 AM com.sun.jersey.server.impl.application.WebApplicationImpl _initiate
INFO: Initiating Jersey application, version 'Jersey: 1.19 02/11/2015 03:25 AM'
Sep 12, 2019 11:40:25 AM com.sun.jersey.server.impl.application.WebApplicationImpl _initiate
INFO: Initiating Jersey application, version 'Jersey: 1.19 02/11/2015 03:25 AM'
Sep 12, 2019 11:40:25 AM com.sun.jersey.server.impl.application.WebApplicationImpl _initiate
INFO: Initiating Jersey application, version 'Jersey: 1.19 02/11/2015 03:25 AM'
Sep 12, 2019 11:40:25 AM com.sun.jersey.server.impl.application.WebApplicationImpl _initiate
INFO: Initiating Jersey application, version 'Jersey: 1.19 02/11/2015 03:25 AM'
Sep 12, 2019 11:40:26 AM com.sun.jersey.server.impl.application.WebApplicationImpl _initiate
INFO: Initiating Jersey application, version 'Jersey: 1.19 02/11/2015 03:25 AM'
Sep 12, 2019 11:40:26 AM com.sun.jersey.server.impl.application.WebApplicationImpl _initiate
INFO: Initiating Jersey application, version 'Jersey: 1.19 02/11/2015 03:25 AM'
Sep 12, 2019 11:40:26 AM com.sun.jersey.server.impl.application.WebApplicationImpl _initiate
INFO: Initiating Jersey application, version 'Jersey: 1.19 02/11/2015 03:25 AM'
Sep 12, 2019 11:40:31 AM com.sun.jersey.server.impl.application.WebApplicationImpl _initiate
INFO: Initiating Jersey application, version 'Jersey: 1.19 02/11/2015 03:25 AM'
]]></system-err>
  </testcase>
</testsuite>