<?xml version="1.0" encoding="UTF-8"?>
<testsuite xmlns:xsi="http://www.w3.org/2001/XMLSchema-instance" xsi:noNamespaceSchemaLocation="https://maven.apache.org/surefire/maven-surefire-plugin/xsd/surefire-test-report.xsd" name="org.apache.hadoop.fs.ozone.TestOzoneFileSystem" time="132.936" tests="7" errors="4" skipped="0" failures="0">
  <properties>
    <property name="awt.toolkit" value="sun.awt.X11.XToolkit"/>
    <property name="file.encoding.pkg" value="sun.io"/>
    <property name="java.specification.version" value="1.8"/>
    <property name="sun.cpu.isalist" value=""/>
    <property name="sun.jnu.encoding" value="UTF-8"/>
    <property name="java.class.path" value="/workdir/hadoop-ozone/ozonefs/target/test-classes:/workdir/hadoop-ozone/ozonefs/target/classes:/home/user/.m2/repository/org/apache/hadoop/hadoop-common/3.2.0/hadoop-common-3.2.0.jar:/home/user/.m2/repository/org/apache/hadoop/hadoop-annotations/3.2.0/hadoop-annotations-3.2.0.jar:/usr/lib/jvm/java-1.8-openjdk/jre/../lib/tools.jar:/home/user/.m2/repository/com/google/guava/guava/11.0.2/guava-11.0.2.jar:/home/user/.m2/repository/commons-cli/commons-cli/1.2/commons-cli-1.2.jar:/home/user/.m2/repository/org/apache/commons/commons-math3/3.1.1/commons-math3-3.1.1.jar:/home/user/.m2/repository/org/apache/httpcomponents/httpclient/4.5.2/httpclient-4.5.2.jar:/home/user/.m2/repository/org/apache/httpcomponents/httpcore/4.4.4/httpcore-4.4.4.jar:/home/user/.m2/repository/commons-codec/commons-codec/1.11/commons-codec-1.11.jar:/home/user/.m2/repository/commons-io/commons-io/2.5/commons-io-2.5.jar:/home/user/.m2/repository/commons-net/commons-net/3.6/commons-net-3.6.jar:/home/user/.m2/repository/commons-collections/commons-collections/3.2.2/commons-collections-3.2.2.jar:/home/user/.m2/repository/javax/servlet/javax.servlet-api/3.1.0/javax.servlet-api-3.1.0.jar:/home/user/.m2/repository/org/eclipse/jetty/jetty-server/9.3.24.v20180605/jetty-server-9.3.24.v20180605.jar:/home/user/.m2/repository/org/eclipse/jetty/jetty-http/9.3.24.v20180605/jetty-http-9.3.24.v20180605.jar:/home/user/.m2/repository/org/eclipse/jetty/jetty-io/9.3.24.v20180605/jetty-io-9.3.24.v20180605.jar:/home/user/.m2/repository/org/eclipse/jetty/jetty-util/9.3.24.v20180605/jetty-util-9.3.24.v20180605.jar:/home/user/.m2/repository/org/eclipse/jetty/jetty-servlet/9.3.24.v20180605/jetty-servlet-9.3.24.v20180605.jar:/home/user/.m2/repository/org/eclipse/jetty/jetty-security/9.3.24.v20180605/jetty-security-9.3.24.v20180605.jar:/home/user/.m2/repository/org/eclipse/jetty/jetty-webapp/9.3.24.v20180605/jetty-webapp-9.3.24.v20180605.jar:/home/user/.m2/repository/org/eclipse/jetty/jetty-xml/9.3.24.v20180605/jetty-xml-9.3.24.v20180605.jar:/home/user/.m2/repository/javax/servlet/jsp/jsp-api/2.1/jsp-api-2.1.jar:/home/user/.m2/repository/com/sun/jersey/jersey-core/1.19/jersey-core-1.19.jar:/home/user/.m2/repository/javax/ws/rs/jsr311-api/1.1.1/jsr311-api-1.1.1.jar:/home/user/.m2/repository/com/sun/jersey/jersey-servlet/1.19/jersey-servlet-1.19.jar:/home/user/.m2/repository/com/sun/jersey/jersey-json/1.19/jersey-json-1.19.jar:/home/user/.m2/repository/org/codehaus/jettison/jettison/1.1/jettison-1.1.jar:/home/user/.m2/repository/com/sun/xml/bind/jaxb-impl/2.3.0.1/jaxb-impl-2.3.0.1.jar:/home/user/.m2/repository/org/codehaus/jackson/jackson-core-asl/1.9.13/jackson-core-asl-1.9.13.jar:/home/user/.m2/repository/org/codehaus/jackson/jackson-mapper-asl/1.9.13/jackson-mapper-asl-1.9.13.jar:/home/user/.m2/repository/org/codehaus/jackson/jackson-jaxrs/1.9.13/jackson-jaxrs-1.9.13.jar:/home/user/.m2/repository/org/codehaus/jackson/jackson-xc/1.9.13/jackson-xc-1.9.13.jar:/home/user/.m2/repository/com/sun/jersey/jersey-server/1.19/jersey-server-1.19.jar:/home/user/.m2/repository/commons-logging/commons-logging/1.1.3/commons-logging-1.1.3.jar:/home/user/.m2/repository/log4j/log4j/1.2.17/log4j-1.2.17.jar:/home/user/.m2/repository/commons-beanutils/commons-beanutils/1.9.3/commons-beanutils-1.9.3.jar:/home/user/.m2/repository/org/apache/commons/commons-configuration2/2.1.1/commons-configuration2-2.1.1.jar:/home/user/.m2/repository/org/apache/commons/commons-lang3/3.7/commons-lang3-3.7.jar:/home/user/.m2/repository/org/apache/commons/commons-text/1.4/commons-text-1.4.jar:/home/user/.m2/repository/org/slf4j/slf4j-api/1.7.25/slf4j-api-1.7.25.jar:/home/user/.m2/repository/org/slf4j/slf4j-log4j12/1.7.25/slf4j-log4j12-1.7.25.jar:/home/user/.m2/repository/org/apache/avro/avro/1.7.7/avro-1.7.7.jar:/home/user/.m2/repository/com/thoughtworks/paranamer/paranamer/2.3/paranamer-2.3.jar:/home/user/.m2/repository/org/xerial/snappy/snappy-java/1.0.5/snappy-java-1.0.5.jar:/home/user/.m2/repository/com/google/re2j/re2j/1.1/re2j-1.1.jar:/home/user/.m2/repository/com/google/protobuf/protobuf-java/2.5.0/protobuf-java-2.5.0.jar:/home/user/.m2/repository/com/google/code/gson/gson/2.2.4/gson-2.2.4.jar:/home/user/.m2/repository/org/apache/hadoop/hadoop-auth/3.2.0/hadoop-auth-3.2.0.jar:/home/user/.m2/repository/com/nimbusds/nimbus-jose-jwt/4.41.1/nimbus-jose-jwt-4.41.1.jar:/home/user/.m2/repository/com/github/stephenc/jcip/jcip-annotations/1.0-1/jcip-annotations-1.0-1.jar:/home/user/.m2/repository/net/minidev/json-smart/2.3/json-smart-2.3.jar:/home/user/.m2/repository/net/minidev/accessors-smart/1.2/accessors-smart-1.2.jar:/home/user/.m2/repository/org/apache/curator/curator-framework/2.12.0/curator-framework-2.12.0.jar:/home/user/.m2/repository/com/jcraft/jsch/0.1.54/jsch-0.1.54.jar:/home/user/.m2/repository/org/apache/curator/curator-client/2.12.0/curator-client-2.12.0.jar:/home/user/.m2/repository/org/apache/curator/curator-recipes/2.12.0/curator-recipes-2.12.0.jar:/home/user/.m2/repository/com/google/code/findbugs/jsr305/3.0.0/jsr305-3.0.0.jar:/home/user/.m2/repository/org/apache/htrace/htrace-core4/4.1.0-incubating/htrace-core4-4.1.0-incubating.jar:/home/user/.m2/repository/org/apache/zookeeper/zookeeper/3.4.13/zookeeper-3.4.13.jar:/home/user/.m2/repository/org/apache/yetus/audience-annotations/0.5.0/audience-annotations-0.5.0.jar:/home/user/.m2/repository/org/apache/commons/commons-compress/1.4.1/commons-compress-1.4.1.jar:/home/user/.m2/repository/org/tukaani/xz/1.0/xz-1.0.jar:/home/user/.m2/repository/org/apache/kerby/kerb-simplekdc/1.0.1/kerb-simplekdc-1.0.1.jar:/home/user/.m2/repository/org/apache/kerby/kerb-client/1.0.1/kerb-client-1.0.1.jar:/home/user/.m2/repository/org/apache/kerby/kerby-config/1.0.1/kerby-config-1.0.1.jar:/home/user/.m2/repository/org/apache/kerby/kerb-core/1.0.1/kerb-core-1.0.1.jar:/home/user/.m2/repository/org/apache/kerby/kerby-pkix/1.0.1/kerby-pkix-1.0.1.jar:/home/user/.m2/repository/org/apache/kerby/kerby-asn1/1.0.1/kerby-asn1-1.0.1.jar:/home/user/.m2/repository/org/apache/kerby/kerby-util/1.0.1/kerby-util-1.0.1.jar:/home/user/.m2/repository/org/apache/kerby/kerb-common/1.0.1/kerb-common-1.0.1.jar:/home/user/.m2/repository/org/apache/kerby/kerb-crypto/1.0.1/kerb-crypto-1.0.1.jar:/home/user/.m2/repository/org/apache/kerby/kerb-util/1.0.1/kerb-util-1.0.1.jar:/home/user/.m2/repository/org/apache/kerby/token-provider/1.0.1/token-provider-1.0.1.jar:/home/user/.m2/repository/org/apache/kerby/kerb-admin/1.0.1/kerb-admin-1.0.1.jar:/home/user/.m2/repository/org/apache/kerby/kerb-server/1.0.1/kerb-server-1.0.1.jar:/home/user/.m2/repository/org/apache/kerby/kerb-identity/1.0.1/kerb-identity-1.0.1.jar:/home/user/.m2/repository/org/apache/kerby/kerby-xdr/1.0.1/kerby-xdr-1.0.1.jar:/home/user/.m2/repository/com/fasterxml/jackson/core/jackson-databind/2.9.5/jackson-databind-2.9.5.jar:/home/user/.m2/repository/com/fasterxml/jackson/core/jackson-annotations/2.9.5/jackson-annotations-2.9.5.jar:/home/user/.m2/repository/com/fasterxml/jackson/core/jackson-core/2.9.5/jackson-core-2.9.5.jar:/home/user/.m2/repository/org/codehaus/woodstox/stax2-api/3.1.4/stax2-api-3.1.4.jar:/home/user/.m2/repository/com/fasterxml/woodstox/woodstox-core/5.0.3/woodstox-core-5.0.3.jar:/home/user/.m2/repository/dnsjava/dnsjava/2.1.7/dnsjava-2.1.7.jar:/home/user/.m2/repository/org/apache/hadoop/hadoop-hdfs/3.2.0/hadoop-hdfs-3.2.0.jar:/home/user/.m2/repository/org/eclipse/jetty/jetty-util-ajax/9.3.24.v20180605/jetty-util-ajax-9.3.24.v20180605.jar:/home/user/.m2/repository/commons-daemon/commons-daemon/1.0.13/commons-daemon-1.0.13.jar:/home/user/.m2/repository/io/netty/netty/3.10.5.Final/netty-3.10.5.Final.jar:/home/user/.m2/repository/io/netty/netty-all/4.0.52.Final/netty-all-4.0.52.Final.jar:/home/user/.m2/repository/org/fusesource/leveldbjni/leveldbjni-all/1.8/leveldbjni-all-1.8.jar:/home/user/.m2/repository/org/apache/hadoop/hadoop-hdds-common/0.5.0-SNAPSHOT/hadoop-hdds-common-0.5.0-SNAPSHOT.jar:/home/user/.m2/repository/org/apache/hadoop/hadoop-hdds-config/0.5.0-SNAPSHOT/hadoop-hdds-config-0.5.0-SNAPSHOT.jar:/home/user/.m2/repository/javax/annotation/javax.annotation-api/1.2/javax.annotation-api-1.2.jar:/home/user/.m2/repository/org/apache/ratis/ratis-server/0.4.0-2337318-SNAPSHOT/ratis-server-0.4.0-2337318-SNAPSHOT.jar:/home/user/.m2/repository/org/apache/ratis/ratis-thirdparty-misc/0.2.0/ratis-thirdparty-misc-0.2.0.jar:/home/user/.m2/repository/org/apache/ratis/ratis-proto/0.4.0-2337318-SNAPSHOT/ratis-proto-0.4.0-2337318-SNAPSHOT.jar:/home/user/.m2/repository/org/apache/ratis/ratis-common/0.4.0-2337318-SNAPSHOT/ratis-common-0.4.0-2337318-SNAPSHOT.jar:/home/user/.m2/repository/org/apache/ratis/ratis-client/0.4.0-2337318-SNAPSHOT/ratis-client-0.4.0-2337318-SNAPSHOT.jar:/home/user/.m2/repository/org/apache/ratis/ratis-metrics/0.4.0-2337318-SNAPSHOT/ratis-metrics-0.4.0-2337318-SNAPSHOT.jar:/home/user/.m2/repository/org/apache/ratis/ratis-netty/0.4.0-2337318-SNAPSHOT/ratis-netty-0.4.0-2337318-SNAPSHOT.jar:/home/user/.m2/repository/org/apache/ratis/ratis-grpc/0.4.0-2337318-SNAPSHOT/ratis-grpc-0.4.0-2337318-SNAPSHOT.jar:/home/user/.m2/repository/org/rocksdb/rocksdbjni/6.0.1/rocksdbjni-6.0.1.jar:/home/user/.m2/repository/org/apache/logging/log4j/log4j-api/2.11.0/log4j-api-2.11.0.jar:/home/user/.m2/repository/org/apache/logging/log4j/log4j-core/2.11.0/log4j-core-2.11.0.jar:/home/user/.m2/repository/com/lmax/disruptor/3.4.2/disruptor-3.4.2.jar:/home/user/.m2/repository/org/apache/commons/commons-pool2/2.6.0/commons-pool2-2.6.0.jar:/home/user/.m2/repository/org/bouncycastle/bcpkix-jdk15on/1.60/bcpkix-jdk15on-1.60.jar:/home/user/.m2/repository/commons-validator/commons-validator/1.6/commons-validator-1.6.jar:/home/user/.m2/repository/commons-digester/commons-digester/1.8.1/commons-digester-1.8.1.jar:/home/user/.m2/repository/io/jaegertracing/jaeger-client/0.33.1/jaeger-client-0.33.1.jar:/home/user/.m2/repository/io/jaegertracing/jaeger-thrift/0.33.1/jaeger-thrift-0.33.1.jar:/home/user/.m2/repository/org/apache/thrift/libthrift/0.11.0/libthrift-0.11.0.jar:/home/user/.m2/repository/com/squareup/okhttp3/okhttp/3.9.0/okhttp-3.9.0.jar:/home/user/.m2/repository/com/squareup/okio/okio/1.13.0/okio-1.13.0.jar:/home/user/.m2/repository/io/jaegertracing/jaeger-core/0.33.1/jaeger-core-0.33.1.jar:/home/user/.m2/repository/io/jaegertracing/jaeger-tracerresolver/0.33.1/jaeger-tracerresolver-0.33.1.jar:/home/user/.m2/repository/io/opentracing/contrib/opentracing-tracerresolver/0.1.5/opentracing-tracerresolver-0.1.5.jar:/home/user/.m2/repository/io/opentracing/opentracing-util/0.31.0/opentracing-util-0.31.0.jar:/home/user/.m2/repository/io/opentracing/opentracing-api/0.31.0/opentracing-api-0.31.0.jar:/home/user/.m2/repository/io/opentracing/opentracing-noop/0.31.0/opentracing-noop-0.31.0.jar:/home/user/.m2/repository/org/yaml/snakeyaml/1.16/snakeyaml-1.16.jar:/home/user/.m2/repository/org/apache/hadoop/hadoop-hdfs-client/3.2.0/hadoop-hdfs-client-3.2.0.jar:/home/user/.m2/repository/info/picocli/picocli/3.9.6/picocli-3.9.6.jar:/home/user/.m2/repository/org/apache/hadoop/hadoop-hdds-server-scm/0.5.0-SNAPSHOT/hadoop-hdds-server-scm-0.5.0-SNAPSHOT.jar:/home/user/.m2/repository/org/apache/hadoop/hadoop-hdds-docs/0.5.0-SNAPSHOT/hadoop-hdds-docs-0.5.0-SNAPSHOT.jar:/home/user/.m2/repository/io/dropwizard/metrics/metrics-core/3.2.4/metrics-core-3.2.4.jar:/home/user/.m2/repository/org/hamcrest/hamcrest-all/1.3/hamcrest-all-1.3.jar:/home/user/.m2/repository/org/bouncycastle/bcprov-jdk15on/1.60/bcprov-jdk15on-1.60.jar:/home/user/.m2/repository/org/apache/hadoop/hadoop-hdds-server-framework/0.5.0-SNAPSHOT/hadoop-hdds-server-framework-0.5.0-SNAPSHOT.jar:/home/user/.m2/repository/org/apache/hadoop/hadoop-ozone-ozone-manager/0.5.0-SNAPSHOT/hadoop-ozone-ozone-manager-0.5.0-SNAPSHOT.jar:/home/user/.m2/repository/org/apache/hadoop/hadoop-hdds-container-service/0.5.0-SNAPSHOT/hadoop-hdds-container-service-0.5.0-SNAPSHOT.jar:/home/user/.m2/repository/org/apache/hadoop/hadoop-hdds-client/0.5.0-SNAPSHOT/hadoop-hdds-client-0.5.0-SNAPSHOT.jar:/home/user/.m2/repository/org/apache/hadoop/hadoop-ozone-common/0.5.0-SNAPSHOT/hadoop-ozone-common-0.5.0-SNAPSHOT.jar:/home/user/.m2/repository/org/apache/hadoop/hadoop-hdds-tools/0.5.0-SNAPSHOT/hadoop-hdds-tools-0.5.0-SNAPSHOT.jar:/home/user/.m2/repository/org/xerial/sqlite-jdbc/3.25.2/sqlite-jdbc-3.25.2.jar:/home/user/.m2/repository/org/apache/hadoop/hadoop-ozone-objectstore-service/0.5.0-SNAPSHOT/hadoop-ozone-objectstore-service-0.5.0-SNAPSHOT.jar:/home/user/.m2/repository/com/google/code/findbugs/findbugs/3.0.1/findbugs-3.0.1.jar:/home/user/.m2/repository/net/jcip/jcip-annotations/1.0/jcip-annotations-1.0.jar:/home/user/.m2/repository/com/google/code/findbugs/bcel-findbugs/6.0/bcel-findbugs-6.0.jar:/home/user/.m2/repository/com/google/code/findbugs/jFormatString/2.0.1/jFormatString-2.0.1.jar:/home/user/.m2/repository/dom4j/dom4j/1.6.1/dom4j-1.6.1.jar:/home/user/.m2/repository/xml-apis/xml-apis/1.0.b2/xml-apis-1.0.b2.jar:/home/user/.m2/repository/org/ow2/asm/asm-debug-all/5.0.2/asm-debug-all-5.0.2.jar:/home/user/.m2/repository/org/ow2/asm/asm-commons/5.0.2/asm-commons-5.0.2.jar:/home/user/.m2/repository/org/ow2/asm/asm-tree/5.0.2/asm-tree-5.0.2.jar:/home/user/.m2/repository/org/ow2/asm/asm/5.0.4/asm-5.0.4.jar:/home/user/.m2/repository/commons-lang/commons-lang/2.6/commons-lang-2.6.jar:/home/user/.m2/repository/com/apple/AppleJavaExtensions/1.4/AppleJavaExtensions-1.4.jar:/home/user/.m2/repository/jaxen/jaxen/1.1.6/jaxen-1.1.6.jar:/home/user/.m2/repository/org/apache/hadoop/hadoop-common/3.2.0/hadoop-common-3.2.0-tests.jar:/home/user/.m2/repository/org/apache/hadoop/hadoop-ozone-client/0.5.0-SNAPSHOT/hadoop-ozone-client-0.5.0-SNAPSHOT.jar:/home/user/.m2/repository/org/apache/hadoop/hadoop-hdfs/3.2.0/hadoop-hdfs-3.2.0-tests.jar:/workdir/hadoop-ozone/integration-test/target/test-classes:/home/user/.m2/repository/org/apache/hadoop/hadoop-ozone-s3gateway/0.5.0-SNAPSHOT/hadoop-ozone-s3gateway-0.5.0-SNAPSHOT.jar:/home/user/.m2/repository/org/jboss/weld/servlet/weld-servlet/2.4.7.Final/weld-servlet-2.4.7.Final.jar:/home/user/.m2/repository/org/glassfish/jersey/containers/jersey-container-servlet-core/2.27/jersey-container-servlet-core-2.27.jar:/home/user/.m2/repository/org/glassfish/hk2/external/javax.inject/2.5.0-b42/javax.inject-2.5.0-b42.jar:/home/user/.m2/repository/org/glassfish/jersey/core/jersey-common/2.27/jersey-common-2.27.jar:/home/user/.m2/repository/org/glassfish/hk2/osgi-resource-locator/1.0.1/osgi-resource-locator-1.0.1.jar:/home/user/.m2/repository/javax/ws/rs/javax.ws.rs-api/2.1/javax.ws.rs-api-2.1.jar:/home/user/.m2/repository/org/glassfish/jersey/ext/cdi/jersey-cdi1x/2.27/jersey-cdi1x-2.27.jar:/home/user/.m2/repository/org/glassfish/jersey/inject/jersey-hk2/2.27/jersey-hk2-2.27.jar:/home/user/.m2/repository/org/glassfish/hk2/hk2-locator/2.5.0-b42/hk2-locator-2.5.0-b42.jar:/home/user/.m2/repository/org/javassist/javassist/3.22.0-CR2/javassist-3.22.0-CR2.jar:/home/user/.m2/repository/org/glassfish/hk2/hk2-api/2.5.0/hk2-api-2.5.0.jar:/home/user/.m2/repository/org/glassfish/hk2/external/jakarta.inject/2.5.0/jakarta.inject-2.5.0.jar:/home/user/.m2/repository/org/glassfish/hk2/hk2-utils/2.5.0/hk2-utils-2.5.0.jar:/home/user/.m2/repository/jakarta/annotation/jakarta.annotation-api/1.3.4/jakarta.annotation-api-1.3.4.jar:/home/user/.m2/repository/org/glassfish/hk2/external/aopalliance-repackaged/2.5.0/aopalliance-repackaged-2.5.0.jar:/home/user/.m2/repository/com/fasterxml/jackson/dataformat/jackson-dataformat-xml/2.9.0/jackson-dataformat-xml-2.9.0.jar:/home/user/.m2/repository/com/fasterxml/jackson/module/jackson-module-jaxb-annotations/2.9.5/jackson-module-jaxb-annotations-2.9.5.jar:/home/user/.m2/repository/javax/enterprise/cdi-api/1.2/cdi-api-1.2.jar:/home/user/.m2/repository/javax/el/javax.el-api/3.0.0/javax.el-api-3.0.0.jar:/home/user/.m2/repository/javax/interceptor/javax.interceptor-api/1.2/javax.interceptor-api-1.2.jar:/home/user/.m2/repository/javax/inject/javax.inject/1/javax.inject-1.jar:/home/user/.m2/repository/com/sun/xml/bind/jaxb-core/2.3.0.1/jaxb-core-2.3.0.1.jar:/home/user/.m2/repository/javax/xml/bind/jaxb-api/2.3.0/jaxb-api-2.3.0.jar:/home/user/.m2/repository/javax/activation/activation/1.1.1/activation-1.1.1.jar:/home/user/.m2/repository/org/apache/hadoop/hadoop-ozone-csi/0.5.0-SNAPSHOT/hadoop-ozone-csi-0.5.0-SNAPSHOT.jar:/home/user/.m2/repository/com/google/protobuf/protobuf-java-util/3.5.1/protobuf-java-util-3.5.1.jar:/home/user/.m2/repository/io/grpc/grpc-netty/1.17.1/grpc-netty-1.17.1.jar:/home/user/.m2/repository/io/grpc/grpc-core/1.17.1/grpc-core-1.17.1.jar:/home/user/.m2/repository/io/grpc/grpc-context/1.17.1/grpc-context-1.17.1.jar:/home/user/.m2/repository/com/google/errorprone/error_prone_annotations/2.2.0/error_prone_annotations-2.2.0.jar:/home/user/.m2/repository/org/codehaus/mojo/animal-sniffer-annotations/1.17/animal-sniffer-annotations-1.17.jar:/home/user/.m2/repository/io/opencensus/opencensus-api/0.17.0/opencensus-api-0.17.0.jar:/home/user/.m2/repository/io/opencensus/opencensus-contrib-grpc-metrics/0.17.0/opencensus-contrib-grpc-metrics-0.17.0.jar:/home/user/.m2/repository/io/netty/netty-codec-http2/4.1.30.Final/netty-codec-http2-4.1.30.Final.jar:/home/user/.m2/repository/io/netty/netty-codec-http/4.1.30.Final/netty-codec-http-4.1.30.Final.jar:/home/user/.m2/repository/io/netty/netty-codec/4.1.30.Final/netty-codec-4.1.30.Final.jar:/home/user/.m2/repository/io/netty/netty-handler/4.1.30.Final/netty-handler-4.1.30.Final.jar:/home/user/.m2/repository/io/netty/netty-handler-proxy/4.1.30.Final/netty-handler-proxy-4.1.30.Final.jar:/home/user/.m2/repository/io/netty/netty-codec-socks/4.1.30.Final/netty-codec-socks-4.1.30.Final.jar:/home/user/.m2/repository/io/netty/netty-transport-native-epoll/4.1.30.Final/netty-transport-native-epoll-4.1.30.Final.jar:/home/user/.m2/repository/io/netty/netty-common/4.1.30.Final/netty-common-4.1.30.Final.jar:/home/user/.m2/repository/io/netty/netty-buffer/4.1.30.Final/netty-buffer-4.1.30.Final.jar:/home/user/.m2/repository/io/netty/netty-transport/4.1.30.Final/netty-transport-4.1.30.Final.jar:/home/user/.m2/repository/io/netty/netty-resolver/4.1.30.Final/netty-resolver-4.1.30.Final.jar:/home/user/.m2/repository/io/netty/netty-transport-native-unix-common/4.1.30.Final/netty-transport-native-unix-common-4.1.30.Final.jar:/home/user/.m2/repository/io/grpc/grpc-protobuf/1.17.1/grpc-protobuf-1.17.1.jar:/home/user/.m2/repository/com/google/api/grpc/proto-google-common-protos/1.0.0/proto-google-common-protos-1.0.0.jar:/home/user/.m2/repository/io/grpc/grpc-protobuf-lite/1.17.1/grpc-protobuf-lite-1.17.1.jar:/home/user/.m2/repository/io/grpc/grpc-stub/1.17.1/grpc-stub-1.17.1.jar:/home/user/.m2/repository/org/apache/hadoop/hadoop-ozone-recon/0.5.0-SNAPSHOT/hadoop-ozone-recon-0.5.0-SNAPSHOT.jar:/home/user/.m2/repository/org/apache/hadoop/hadoop-ozone-reconcodegen/0.5.0-SNAPSHOT/hadoop-ozone-reconcodegen-0.5.0-SNAPSHOT.jar:/home/user/.m2/repository/com/google/inject/extensions/guice-multibindings/4.0/guice-multibindings-4.0.jar:/home/user/.m2/repository/com/google/inject/guice/4.0/guice-4.0.jar:/home/user/.m2/repository/aopalliance/aopalliance/1.0/aopalliance-1.0.jar:/home/user/.m2/repository/org/glassfish/jersey/containers/jersey-container-servlet/2.27/jersey-container-servlet-2.27.jar:/home/user/.m2/repository/org/glassfish/hk2/guice-bridge/2.5.0/guice-bridge-2.5.0.jar:/home/user/.m2/repository/org/glassfish/jersey/core/jersey-server/2.27/jersey-server-2.27.jar:/home/user/.m2/repository/org/glassfish/jersey/core/jersey-client/2.27/jersey-client-2.27.jar:/home/user/.m2/repository/org/glassfish/jersey/media/jersey-media-jaxb/2.27/jersey-media-jaxb-2.27.jar:/home/user/.m2/repository/javax/validation/validation-api/1.1.0.Final/validation-api-1.1.0.Final.jar:/home/user/.m2/repository/org/glassfish/jersey/media/jersey-media-json-jackson/2.27/jersey-media-json-jackson-2.27.jar:/home/user/.m2/repository/org/glassfish/jersey/ext/jersey-entity-filtering/2.27/jersey-entity-filtering-2.27.jar:/home/user/.m2/repository/com/google/inject/extensions/guice-assistedinject/4.0/guice-assistedinject-4.0.jar:/home/user/.m2/repository/org/jooq/jooq/3.11.10/jooq-3.11.10.jar:/home/user/.m2/repository/org/jooq/jooq-meta/3.11.10/jooq-meta-3.11.10.jar:/home/user/.m2/repository/org/jooq/jooq-codegen/3.11.10/jooq-codegen-3.11.10.jar:/home/user/.m2/repository/com/jolbox/bonecp/0.8.0.RELEASE/bonecp-0.8.0.RELEASE.jar:/home/user/.m2/repository/org/springframework/spring-jdbc/5.1.3.RELEASE/spring-jdbc-5.1.3.RELEASE.jar:/home/user/.m2/repository/org/springframework/spring-beans/5.1.3.RELEASE/spring-beans-5.1.3.RELEASE.jar:/home/user/.m2/repository/org/springframework/spring-core/5.1.3.RELEASE/spring-core-5.1.3.RELEASE.jar:/home/user/.m2/repository/org/springframework/spring-jcl/5.1.3.RELEASE/spring-jcl-5.1.3.RELEASE.jar:/home/user/.m2/repository/org/springframework/spring-tx/5.1.3.RELEASE/spring-tx-5.1.3.RELEASE.jar:/home/user/.m2/repository/org/mockito/mockito-all/1.10.19/mockito-all-1.10.19.jar:/home/user/.m2/repository/junit/junit/4.11/junit-4.11.jar:/home/user/.m2/repository/org/hamcrest/hamcrest-core/1.3/hamcrest-core-1.3.jar:/home/user/.m2/repository/org/apache/hadoop/hadoop-distcp/3.2.0/hadoop-distcp-3.2.0.jar:/home/user/.m2/repository/org/apache/hadoop/hadoop-distcp/3.2.0/hadoop-distcp-3.2.0-tests.jar:/home/user/.m2/repository/org/apache/hadoop/hadoop-mapreduce-client-jobclient/3.2.0/hadoop-mapreduce-client-jobclient-3.2.0.jar:/home/user/.m2/repository/org/apache/hadoop/hadoop-mapreduce-client-common/3.2.0/hadoop-mapreduce-client-common-3.2.0.jar:/home/user/.m2/repository/org/apache/hadoop/hadoop-yarn-common/3.2.0/hadoop-yarn-common-3.2.0.jar:/home/user/.m2/repository/org/apache/hadoop/hadoop-yarn-api/3.2.0/hadoop-yarn-api-3.2.0.jar:/home/user/.m2/repository/com/sun/jersey/jersey-client/1.19/jersey-client-1.19.jar:/home/user/.m2/repository/com/sun/jersey/contribs/jersey-guice/1.19/jersey-guice-1.19.jar:/home/user/.m2/repository/com/fasterxml/jackson/jaxrs/jackson-jaxrs-json-provider/2.9.5/jackson-jaxrs-json-provider-2.9.5.jar:/home/user/.m2/repository/com/fasterxml/jackson/jaxrs/jackson-jaxrs-base/2.9.5/jackson-jaxrs-base-2.9.5.jar:/home/user/.m2/repository/org/apache/hadoop/hadoop-yarn-client/3.2.0/hadoop-yarn-client-3.2.0.jar:/home/user/.m2/repository/org/apache/hadoop/hadoop-mapreduce-client-core/3.2.0/hadoop-mapreduce-client-core-3.2.0.jar:/home/user/.m2/repository/com/google/inject/extensions/guice-servlet/4.0/guice-servlet-4.0.jar:/home/user/.m2/repository/org/powermock/powermock-module-junit4/1.6.5/powermock-module-junit4-1.6.5.jar:/home/user/.m2/repository/org/powermock/powermock-module-junit4-common/1.6.5/powermock-module-junit4-common-1.6.5.jar:/home/user/.m2/repository/org/powermock/powermock-core/1.6.5/powermock-core-1.6.5.jar:/home/user/.m2/repository/org/powermock/powermock-reflect/1.6.5/powermock-reflect-1.6.5.jar:/home/user/.m2/repository/org/powermock/powermock-api-mockito/1.6.5/powermock-api-mockito-1.6.5.jar:/home/user/.m2/repository/org/mockito/mockito-core/1.10.19/mockito-core-1.10.19.jar:/home/user/.m2/repository/org/objenesis/objenesis/1.0/objenesis-1.0.jar:/home/user/.m2/repository/org/powermock/powermock-api-mockito-common/1.6.5/powermock-api-mockito-common-1.6.5.jar:/home/user/.m2/repository/org/powermock/powermock-api-support/1.6.5/powermock-api-support-1.6.5.jar:"/>
    <property name="java.vm.vendor" value="IcedTea"/>
    <property name="sun.arch.data.model" value="64"/>
    <property name="test.build.dir" value="/workdir/hadoop-ozone/ozonefs/target/test-dir"/>
    <property name="test.cache.data" value=""/>
    <property name="java.vendor.url" value="https://icedtea.classpath.org"/>
    <property name="user.timezone" value=""/>
    <property name="java.vm.specification.version" value="1.8"/>
    <property name="os.name" value="Linux"/>
    <property name="test.build.data" value="/workdir/hadoop-ozone/ozonefs/target/test-dir"/>
    <property name="user.country" value="US"/>
    <property name="sun.java.launcher" value="SUN_STANDARD"/>
    <property name="sun.boot.library.path" value="/usr/lib/jvm/java-1.8-openjdk/jre/lib/amd64"/>
    <property name="sun.java.command" value="/workdir/hadoop-ozone/ozonefs/target/surefire/surefirebooter7476207442922880710.jar /workdir/hadoop-ozone/ozonefs/target/surefire 2019-09-12T10-13-21_360-jvmRun1 surefire4536747420154558114tmp surefire_1021891041966489927215tmp"/>
    <property name="test" value="!TestMiniChaosOzoneCluster"/>
    <property name="surefire.test.class.path" value="/workdir/hadoop-ozone/ozonefs/target/test-classes:/workdir/hadoop-ozone/ozonefs/target/classes:/home/user/.m2/repository/org/apache/hadoop/hadoop-common/3.2.0/hadoop-common-3.2.0.jar:/home/user/.m2/repository/org/apache/hadoop/hadoop-annotations/3.2.0/hadoop-annotations-3.2.0.jar:/usr/lib/jvm/java-1.8-openjdk/jre/../lib/tools.jar:/home/user/.m2/repository/com/google/guava/guava/11.0.2/guava-11.0.2.jar:/home/user/.m2/repository/commons-cli/commons-cli/1.2/commons-cli-1.2.jar:/home/user/.m2/repository/org/apache/commons/commons-math3/3.1.1/commons-math3-3.1.1.jar:/home/user/.m2/repository/org/apache/httpcomponents/httpclient/4.5.2/httpclient-4.5.2.jar:/home/user/.m2/repository/org/apache/httpcomponents/httpcore/4.4.4/httpcore-4.4.4.jar:/home/user/.m2/repository/commons-codec/commons-codec/1.11/commons-codec-1.11.jar:/home/user/.m2/repository/commons-io/commons-io/2.5/commons-io-2.5.jar:/home/user/.m2/repository/commons-net/commons-net/3.6/commons-net-3.6.jar:/home/user/.m2/repository/commons-collections/commons-collections/3.2.2/commons-collections-3.2.2.jar:/home/user/.m2/repository/javax/servlet/javax.servlet-api/3.1.0/javax.servlet-api-3.1.0.jar:/home/user/.m2/repository/org/eclipse/jetty/jetty-server/9.3.24.v20180605/jetty-server-9.3.24.v20180605.jar:/home/user/.m2/repository/org/eclipse/jetty/jetty-http/9.3.24.v20180605/jetty-http-9.3.24.v20180605.jar:/home/user/.m2/repository/org/eclipse/jetty/jetty-io/9.3.24.v20180605/jetty-io-9.3.24.v20180605.jar:/home/user/.m2/repository/org/eclipse/jetty/jetty-util/9.3.24.v20180605/jetty-util-9.3.24.v20180605.jar:/home/user/.m2/repository/org/eclipse/jetty/jetty-servlet/9.3.24.v20180605/jetty-servlet-9.3.24.v20180605.jar:/home/user/.m2/repository/org/eclipse/jetty/jetty-security/9.3.24.v20180605/jetty-security-9.3.24.v20180605.jar:/home/user/.m2/repository/org/eclipse/jetty/jetty-webapp/9.3.24.v20180605/jetty-webapp-9.3.24.v20180605.jar:/home/user/.m2/repository/org/eclipse/jetty/jetty-xml/9.3.24.v20180605/jetty-xml-9.3.24.v20180605.jar:/home/user/.m2/repository/javax/servlet/jsp/jsp-api/2.1/jsp-api-2.1.jar:/home/user/.m2/repository/com/sun/jersey/jersey-core/1.19/jersey-core-1.19.jar:/home/user/.m2/repository/javax/ws/rs/jsr311-api/1.1.1/jsr311-api-1.1.1.jar:/home/user/.m2/repository/com/sun/jersey/jersey-servlet/1.19/jersey-servlet-1.19.jar:/home/user/.m2/repository/com/sun/jersey/jersey-json/1.19/jersey-json-1.19.jar:/home/user/.m2/repository/org/codehaus/jettison/jettison/1.1/jettison-1.1.jar:/home/user/.m2/repository/com/sun/xml/bind/jaxb-impl/2.3.0.1/jaxb-impl-2.3.0.1.jar:/home/user/.m2/repository/org/codehaus/jackson/jackson-core-asl/1.9.13/jackson-core-asl-1.9.13.jar:/home/user/.m2/repository/org/codehaus/jackson/jackson-mapper-asl/1.9.13/jackson-mapper-asl-1.9.13.jar:/home/user/.m2/repository/org/codehaus/jackson/jackson-jaxrs/1.9.13/jackson-jaxrs-1.9.13.jar:/home/user/.m2/repository/org/codehaus/jackson/jackson-xc/1.9.13/jackson-xc-1.9.13.jar:/home/user/.m2/repository/com/sun/jersey/jersey-server/1.19/jersey-server-1.19.jar:/home/user/.m2/repository/commons-logging/commons-logging/1.1.3/commons-logging-1.1.3.jar:/home/user/.m2/repository/log4j/log4j/1.2.17/log4j-1.2.17.jar:/home/user/.m2/repository/commons-beanutils/commons-beanutils/1.9.3/commons-beanutils-1.9.3.jar:/home/user/.m2/repository/org/apache/commons/commons-configuration2/2.1.1/commons-configuration2-2.1.1.jar:/home/user/.m2/repository/org/apache/commons/commons-lang3/3.7/commons-lang3-3.7.jar:/home/user/.m2/repository/org/apache/commons/commons-text/1.4/commons-text-1.4.jar:/home/user/.m2/repository/org/slf4j/slf4j-api/1.7.25/slf4j-api-1.7.25.jar:/home/user/.m2/repository/org/slf4j/slf4j-log4j12/1.7.25/slf4j-log4j12-1.7.25.jar:/home/user/.m2/repository/org/apache/avro/avro/1.7.7/avro-1.7.7.jar:/home/user/.m2/repository/com/thoughtworks/paranamer/paranamer/2.3/paranamer-2.3.jar:/home/user/.m2/repository/org/xerial/snappy/snappy-java/1.0.5/snappy-java-1.0.5.jar:/home/user/.m2/repository/com/google/re2j/re2j/1.1/re2j-1.1.jar:/home/user/.m2/repository/com/google/protobuf/protobuf-java/2.5.0/protobuf-java-2.5.0.jar:/home/user/.m2/repository/com/google/code/gson/gson/2.2.4/gson-2.2.4.jar:/home/user/.m2/repository/org/apache/hadoop/hadoop-auth/3.2.0/hadoop-auth-3.2.0.jar:/home/user/.m2/repository/com/nimbusds/nimbus-jose-jwt/4.41.1/nimbus-jose-jwt-4.41.1.jar:/home/user/.m2/repository/com/github/stephenc/jcip/jcip-annotations/1.0-1/jcip-annotations-1.0-1.jar:/home/user/.m2/repository/net/minidev/json-smart/2.3/json-smart-2.3.jar:/home/user/.m2/repository/net/minidev/accessors-smart/1.2/accessors-smart-1.2.jar:/home/user/.m2/repository/org/apache/curator/curator-framework/2.12.0/curator-framework-2.12.0.jar:/home/user/.m2/repository/com/jcraft/jsch/0.1.54/jsch-0.1.54.jar:/home/user/.m2/repository/org/apache/curator/curator-client/2.12.0/curator-client-2.12.0.jar:/home/user/.m2/repository/org/apache/curator/curator-recipes/2.12.0/curator-recipes-2.12.0.jar:/home/user/.m2/repository/com/google/code/findbugs/jsr305/3.0.0/jsr305-3.0.0.jar:/home/user/.m2/repository/org/apache/htrace/htrace-core4/4.1.0-incubating/htrace-core4-4.1.0-incubating.jar:/home/user/.m2/repository/org/apache/zookeeper/zookeeper/3.4.13/zookeeper-3.4.13.jar:/home/user/.m2/repository/org/apache/yetus/audience-annotations/0.5.0/audience-annotations-0.5.0.jar:/home/user/.m2/repository/org/apache/commons/commons-compress/1.4.1/commons-compress-1.4.1.jar:/home/user/.m2/repository/org/tukaani/xz/1.0/xz-1.0.jar:/home/user/.m2/repository/org/apache/kerby/kerb-simplekdc/1.0.1/kerb-simplekdc-1.0.1.jar:/home/user/.m2/repository/org/apache/kerby/kerb-client/1.0.1/kerb-client-1.0.1.jar:/home/user/.m2/repository/org/apache/kerby/kerby-config/1.0.1/kerby-config-1.0.1.jar:/home/user/.m2/repository/org/apache/kerby/kerb-core/1.0.1/kerb-core-1.0.1.jar:/home/user/.m2/repository/org/apache/kerby/kerby-pkix/1.0.1/kerby-pkix-1.0.1.jar:/home/user/.m2/repository/org/apache/kerby/kerby-asn1/1.0.1/kerby-asn1-1.0.1.jar:/home/user/.m2/repository/org/apache/kerby/kerby-util/1.0.1/kerby-util-1.0.1.jar:/home/user/.m2/repository/org/apache/kerby/kerb-common/1.0.1/kerb-common-1.0.1.jar:/home/user/.m2/repository/org/apache/kerby/kerb-crypto/1.0.1/kerb-crypto-1.0.1.jar:/home/user/.m2/repository/org/apache/kerby/kerb-util/1.0.1/kerb-util-1.0.1.jar:/home/user/.m2/repository/org/apache/kerby/token-provider/1.0.1/token-provider-1.0.1.jar:/home/user/.m2/repository/org/apache/kerby/kerb-admin/1.0.1/kerb-admin-1.0.1.jar:/home/user/.m2/repository/org/apache/kerby/kerb-server/1.0.1/kerb-server-1.0.1.jar:/home/user/.m2/repository/org/apache/kerby/kerb-identity/1.0.1/kerb-identity-1.0.1.jar:/home/user/.m2/repository/org/apache/kerby/kerby-xdr/1.0.1/kerby-xdr-1.0.1.jar:/home/user/.m2/repository/com/fasterxml/jackson/core/jackson-databind/2.9.5/jackson-databind-2.9.5.jar:/home/user/.m2/repository/com/fasterxml/jackson/core/jackson-annotations/2.9.5/jackson-annotations-2.9.5.jar:/home/user/.m2/repository/com/fasterxml/jackson/core/jackson-core/2.9.5/jackson-core-2.9.5.jar:/home/user/.m2/repository/org/codehaus/woodstox/stax2-api/3.1.4/stax2-api-3.1.4.jar:/home/user/.m2/repository/com/fasterxml/woodstox/woodstox-core/5.0.3/woodstox-core-5.0.3.jar:/home/user/.m2/repository/dnsjava/dnsjava/2.1.7/dnsjava-2.1.7.jar:/home/user/.m2/repository/org/apache/hadoop/hadoop-hdfs/3.2.0/hadoop-hdfs-3.2.0.jar:/home/user/.m2/repository/org/eclipse/jetty/jetty-util-ajax/9.3.24.v20180605/jetty-util-ajax-9.3.24.v20180605.jar:/home/user/.m2/repository/commons-daemon/commons-daemon/1.0.13/commons-daemon-1.0.13.jar:/home/user/.m2/repository/io/netty/netty/3.10.5.Final/netty-3.10.5.Final.jar:/home/user/.m2/repository/io/netty/netty-all/4.0.52.Final/netty-all-4.0.52.Final.jar:/home/user/.m2/repository/org/fusesource/leveldbjni/leveldbjni-all/1.8/leveldbjni-all-1.8.jar:/home/user/.m2/repository/org/apache/hadoop/hadoop-hdds-common/0.5.0-SNAPSHOT/hadoop-hdds-common-0.5.0-SNAPSHOT.jar:/home/user/.m2/repository/org/apache/hadoop/hadoop-hdds-config/0.5.0-SNAPSHOT/hadoop-hdds-config-0.5.0-SNAPSHOT.jar:/home/user/.m2/repository/javax/annotation/javax.annotation-api/1.2/javax.annotation-api-1.2.jar:/home/user/.m2/repository/org/apache/ratis/ratis-server/0.4.0-2337318-SNAPSHOT/ratis-server-0.4.0-2337318-SNAPSHOT.jar:/home/user/.m2/repository/org/apache/ratis/ratis-thirdparty-misc/0.2.0/ratis-thirdparty-misc-0.2.0.jar:/home/user/.m2/repository/org/apache/ratis/ratis-proto/0.4.0-2337318-SNAPSHOT/ratis-proto-0.4.0-2337318-SNAPSHOT.jar:/home/user/.m2/repository/org/apache/ratis/ratis-common/0.4.0-2337318-SNAPSHOT/ratis-common-0.4.0-2337318-SNAPSHOT.jar:/home/user/.m2/repository/org/apache/ratis/ratis-client/0.4.0-2337318-SNAPSHOT/ratis-client-0.4.0-2337318-SNAPSHOT.jar:/home/user/.m2/repository/org/apache/ratis/ratis-metrics/0.4.0-2337318-SNAPSHOT/ratis-metrics-0.4.0-2337318-SNAPSHOT.jar:/home/user/.m2/repository/org/apache/ratis/ratis-netty/0.4.0-2337318-SNAPSHOT/ratis-netty-0.4.0-2337318-SNAPSHOT.jar:/home/user/.m2/repository/org/apache/ratis/ratis-grpc/0.4.0-2337318-SNAPSHOT/ratis-grpc-0.4.0-2337318-SNAPSHOT.jar:/home/user/.m2/repository/org/rocksdb/rocksdbjni/6.0.1/rocksdbjni-6.0.1.jar:/home/user/.m2/repository/org/apache/logging/log4j/log4j-api/2.11.0/log4j-api-2.11.0.jar:/home/user/.m2/repository/org/apache/logging/log4j/log4j-core/2.11.0/log4j-core-2.11.0.jar:/home/user/.m2/repository/com/lmax/disruptor/3.4.2/disruptor-3.4.2.jar:/home/user/.m2/repository/org/apache/commons/commons-pool2/2.6.0/commons-pool2-2.6.0.jar:/home/user/.m2/repository/org/bouncycastle/bcpkix-jdk15on/1.60/bcpkix-jdk15on-1.60.jar:/home/user/.m2/repository/commons-validator/commons-validator/1.6/commons-validator-1.6.jar:/home/user/.m2/repository/commons-digester/commons-digester/1.8.1/commons-digester-1.8.1.jar:/home/user/.m2/repository/io/jaegertracing/jaeger-client/0.33.1/jaeger-client-0.33.1.jar:/home/user/.m2/repository/io/jaegertracing/jaeger-thrift/0.33.1/jaeger-thrift-0.33.1.jar:/home/user/.m2/repository/org/apache/thrift/libthrift/0.11.0/libthrift-0.11.0.jar:/home/user/.m2/repository/com/squareup/okhttp3/okhttp/3.9.0/okhttp-3.9.0.jar:/home/user/.m2/repository/com/squareup/okio/okio/1.13.0/okio-1.13.0.jar:/home/user/.m2/repository/io/jaegertracing/jaeger-core/0.33.1/jaeger-core-0.33.1.jar:/home/user/.m2/repository/io/jaegertracing/jaeger-tracerresolver/0.33.1/jaeger-tracerresolver-0.33.1.jar:/home/user/.m2/repository/io/opentracing/contrib/opentracing-tracerresolver/0.1.5/opentracing-tracerresolver-0.1.5.jar:/home/user/.m2/repository/io/opentracing/opentracing-util/0.31.0/opentracing-util-0.31.0.jar:/home/user/.m2/repository/io/opentracing/opentracing-api/0.31.0/opentracing-api-0.31.0.jar:/home/user/.m2/repository/io/opentracing/opentracing-noop/0.31.0/opentracing-noop-0.31.0.jar:/home/user/.m2/repository/org/yaml/snakeyaml/1.16/snakeyaml-1.16.jar:/home/user/.m2/repository/org/apache/hadoop/hadoop-hdfs-client/3.2.0/hadoop-hdfs-client-3.2.0.jar:/home/user/.m2/repository/info/picocli/picocli/3.9.6/picocli-3.9.6.jar:/home/user/.m2/repository/org/apache/hadoop/hadoop-hdds-server-scm/0.5.0-SNAPSHOT/hadoop-hdds-server-scm-0.5.0-SNAPSHOT.jar:/home/user/.m2/repository/org/apache/hadoop/hadoop-hdds-docs/0.5.0-SNAPSHOT/hadoop-hdds-docs-0.5.0-SNAPSHOT.jar:/home/user/.m2/repository/io/dropwizard/metrics/metrics-core/3.2.4/metrics-core-3.2.4.jar:/home/user/.m2/repository/org/hamcrest/hamcrest-all/1.3/hamcrest-all-1.3.jar:/home/user/.m2/repository/org/bouncycastle/bcprov-jdk15on/1.60/bcprov-jdk15on-1.60.jar:/home/user/.m2/repository/org/apache/hadoop/hadoop-hdds-server-framework/0.5.0-SNAPSHOT/hadoop-hdds-server-framework-0.5.0-SNAPSHOT.jar:/home/user/.m2/repository/org/apache/hadoop/hadoop-ozone-ozone-manager/0.5.0-SNAPSHOT/hadoop-ozone-ozone-manager-0.5.0-SNAPSHOT.jar:/home/user/.m2/repository/org/apache/hadoop/hadoop-hdds-container-service/0.5.0-SNAPSHOT/hadoop-hdds-container-service-0.5.0-SNAPSHOT.jar:/home/user/.m2/repository/org/apache/hadoop/hadoop-hdds-client/0.5.0-SNAPSHOT/hadoop-hdds-client-0.5.0-SNAPSHOT.jar:/home/user/.m2/repository/org/apache/hadoop/hadoop-ozone-common/0.5.0-SNAPSHOT/hadoop-ozone-common-0.5.0-SNAPSHOT.jar:/home/user/.m2/repository/org/apache/hadoop/hadoop-hdds-tools/0.5.0-SNAPSHOT/hadoop-hdds-tools-0.5.0-SNAPSHOT.jar:/home/user/.m2/repository/org/xerial/sqlite-jdbc/3.25.2/sqlite-jdbc-3.25.2.jar:/home/user/.m2/repository/org/apache/hadoop/hadoop-ozone-objectstore-service/0.5.0-SNAPSHOT/hadoop-ozone-objectstore-service-0.5.0-SNAPSHOT.jar:/home/user/.m2/repository/com/google/code/findbugs/findbugs/3.0.1/findbugs-3.0.1.jar:/home/user/.m2/repository/net/jcip/jcip-annotations/1.0/jcip-annotations-1.0.jar:/home/user/.m2/repository/com/google/code/findbugs/bcel-findbugs/6.0/bcel-findbugs-6.0.jar:/home/user/.m2/repository/com/google/code/findbugs/jFormatString/2.0.1/jFormatString-2.0.1.jar:/home/user/.m2/repository/dom4j/dom4j/1.6.1/dom4j-1.6.1.jar:/home/user/.m2/repository/xml-apis/xml-apis/1.0.b2/xml-apis-1.0.b2.jar:/home/user/.m2/repository/org/ow2/asm/asm-debug-all/5.0.2/asm-debug-all-5.0.2.jar:/home/user/.m2/repository/org/ow2/asm/asm-commons/5.0.2/asm-commons-5.0.2.jar:/home/user/.m2/repository/org/ow2/asm/asm-tree/5.0.2/asm-tree-5.0.2.jar:/home/user/.m2/repository/org/ow2/asm/asm/5.0.4/asm-5.0.4.jar:/home/user/.m2/repository/commons-lang/commons-lang/2.6/commons-lang-2.6.jar:/home/user/.m2/repository/com/apple/AppleJavaExtensions/1.4/AppleJavaExtensions-1.4.jar:/home/user/.m2/repository/jaxen/jaxen/1.1.6/jaxen-1.1.6.jar:/home/user/.m2/repository/org/apache/hadoop/hadoop-common/3.2.0/hadoop-common-3.2.0-tests.jar:/home/user/.m2/repository/org/apache/hadoop/hadoop-ozone-client/0.5.0-SNAPSHOT/hadoop-ozone-client-0.5.0-SNAPSHOT.jar:/home/user/.m2/repository/org/apache/hadoop/hadoop-hdfs/3.2.0/hadoop-hdfs-3.2.0-tests.jar:/workdir/hadoop-ozone/integration-test/target/test-classes:/home/user/.m2/repository/org/apache/hadoop/hadoop-ozone-s3gateway/0.5.0-SNAPSHOT/hadoop-ozone-s3gateway-0.5.0-SNAPSHOT.jar:/home/user/.m2/repository/org/jboss/weld/servlet/weld-servlet/2.4.7.Final/weld-servlet-2.4.7.Final.jar:/home/user/.m2/repository/org/glassfish/jersey/containers/jersey-container-servlet-core/2.27/jersey-container-servlet-core-2.27.jar:/home/user/.m2/repository/org/glassfish/hk2/external/javax.inject/2.5.0-b42/javax.inject-2.5.0-b42.jar:/home/user/.m2/repository/org/glassfish/jersey/core/jersey-common/2.27/jersey-common-2.27.jar:/home/user/.m2/repository/org/glassfish/hk2/osgi-resource-locator/1.0.1/osgi-resource-locator-1.0.1.jar:/home/user/.m2/repository/javax/ws/rs/javax.ws.rs-api/2.1/javax.ws.rs-api-2.1.jar:/home/user/.m2/repository/org/glassfish/jersey/ext/cdi/jersey-cdi1x/2.27/jersey-cdi1x-2.27.jar:/home/user/.m2/repository/org/glassfish/jersey/inject/jersey-hk2/2.27/jersey-hk2-2.27.jar:/home/user/.m2/repository/org/glassfish/hk2/hk2-locator/2.5.0-b42/hk2-locator-2.5.0-b42.jar:/home/user/.m2/repository/org/javassist/javassist/3.22.0-CR2/javassist-3.22.0-CR2.jar:/home/user/.m2/repository/org/glassfish/hk2/hk2-api/2.5.0/hk2-api-2.5.0.jar:/home/user/.m2/repository/org/glassfish/hk2/external/jakarta.inject/2.5.0/jakarta.inject-2.5.0.jar:/home/user/.m2/repository/org/glassfish/hk2/hk2-utils/2.5.0/hk2-utils-2.5.0.jar:/home/user/.m2/repository/jakarta/annotation/jakarta.annotation-api/1.3.4/jakarta.annotation-api-1.3.4.jar:/home/user/.m2/repository/org/glassfish/hk2/external/aopalliance-repackaged/2.5.0/aopalliance-repackaged-2.5.0.jar:/home/user/.m2/repository/com/fasterxml/jackson/dataformat/jackson-dataformat-xml/2.9.0/jackson-dataformat-xml-2.9.0.jar:/home/user/.m2/repository/com/fasterxml/jackson/module/jackson-module-jaxb-annotations/2.9.5/jackson-module-jaxb-annotations-2.9.5.jar:/home/user/.m2/repository/javax/enterprise/cdi-api/1.2/cdi-api-1.2.jar:/home/user/.m2/repository/javax/el/javax.el-api/3.0.0/javax.el-api-3.0.0.jar:/home/user/.m2/repository/javax/interceptor/javax.interceptor-api/1.2/javax.interceptor-api-1.2.jar:/home/user/.m2/repository/javax/inject/javax.inject/1/javax.inject-1.jar:/home/user/.m2/repository/com/sun/xml/bind/jaxb-core/2.3.0.1/jaxb-core-2.3.0.1.jar:/home/user/.m2/repository/javax/xml/bind/jaxb-api/2.3.0/jaxb-api-2.3.0.jar:/home/user/.m2/repository/javax/activation/activation/1.1.1/activation-1.1.1.jar:/home/user/.m2/repository/org/apache/hadoop/hadoop-ozone-csi/0.5.0-SNAPSHOT/hadoop-ozone-csi-0.5.0-SNAPSHOT.jar:/home/user/.m2/repository/com/google/protobuf/protobuf-java-util/3.5.1/protobuf-java-util-3.5.1.jar:/home/user/.m2/repository/io/grpc/grpc-netty/1.17.1/grpc-netty-1.17.1.jar:/home/user/.m2/repository/io/grpc/grpc-core/1.17.1/grpc-core-1.17.1.jar:/home/user/.m2/repository/io/grpc/grpc-context/1.17.1/grpc-context-1.17.1.jar:/home/user/.m2/repository/com/google/errorprone/error_prone_annotations/2.2.0/error_prone_annotations-2.2.0.jar:/home/user/.m2/repository/org/codehaus/mojo/animal-sniffer-annotations/1.17/animal-sniffer-annotations-1.17.jar:/home/user/.m2/repository/io/opencensus/opencensus-api/0.17.0/opencensus-api-0.17.0.jar:/home/user/.m2/repository/io/opencensus/opencensus-contrib-grpc-metrics/0.17.0/opencensus-contrib-grpc-metrics-0.17.0.jar:/home/user/.m2/repository/io/netty/netty-codec-http2/4.1.30.Final/netty-codec-http2-4.1.30.Final.jar:/home/user/.m2/repository/io/netty/netty-codec-http/4.1.30.Final/netty-codec-http-4.1.30.Final.jar:/home/user/.m2/repository/io/netty/netty-codec/4.1.30.Final/netty-codec-4.1.30.Final.jar:/home/user/.m2/repository/io/netty/netty-handler/4.1.30.Final/netty-handler-4.1.30.Final.jar:/home/user/.m2/repository/io/netty/netty-handler-proxy/4.1.30.Final/netty-handler-proxy-4.1.30.Final.jar:/home/user/.m2/repository/io/netty/netty-codec-socks/4.1.30.Final/netty-codec-socks-4.1.30.Final.jar:/home/user/.m2/repository/io/netty/netty-transport-native-epoll/4.1.30.Final/netty-transport-native-epoll-4.1.30.Final.jar:/home/user/.m2/repository/io/netty/netty-common/4.1.30.Final/netty-common-4.1.30.Final.jar:/home/user/.m2/repository/io/netty/netty-buffer/4.1.30.Final/netty-buffer-4.1.30.Final.jar:/home/user/.m2/repository/io/netty/netty-transport/4.1.30.Final/netty-transport-4.1.30.Final.jar:/home/user/.m2/repository/io/netty/netty-resolver/4.1.30.Final/netty-resolver-4.1.30.Final.jar:/home/user/.m2/repository/io/netty/netty-transport-native-unix-common/4.1.30.Final/netty-transport-native-unix-common-4.1.30.Final.jar:/home/user/.m2/repository/io/grpc/grpc-protobuf/1.17.1/grpc-protobuf-1.17.1.jar:/home/user/.m2/repository/com/google/api/grpc/proto-google-common-protos/1.0.0/proto-google-common-protos-1.0.0.jar:/home/user/.m2/repository/io/grpc/grpc-protobuf-lite/1.17.1/grpc-protobuf-lite-1.17.1.jar:/home/user/.m2/repository/io/grpc/grpc-stub/1.17.1/grpc-stub-1.17.1.jar:/home/user/.m2/repository/org/apache/hadoop/hadoop-ozone-recon/0.5.0-SNAPSHOT/hadoop-ozone-recon-0.5.0-SNAPSHOT.jar:/home/user/.m2/repository/org/apache/hadoop/hadoop-ozone-reconcodegen/0.5.0-SNAPSHOT/hadoop-ozone-reconcodegen-0.5.0-SNAPSHOT.jar:/home/user/.m2/repository/com/google/inject/extensions/guice-multibindings/4.0/guice-multibindings-4.0.jar:/home/user/.m2/repository/com/google/inject/guice/4.0/guice-4.0.jar:/home/user/.m2/repository/aopalliance/aopalliance/1.0/aopalliance-1.0.jar:/home/user/.m2/repository/org/glassfish/jersey/containers/jersey-container-servlet/2.27/jersey-container-servlet-2.27.jar:/home/user/.m2/repository/org/glassfish/hk2/guice-bridge/2.5.0/guice-bridge-2.5.0.jar:/home/user/.m2/repository/org/glassfish/jersey/core/jersey-server/2.27/jersey-server-2.27.jar:/home/user/.m2/repository/org/glassfish/jersey/core/jersey-client/2.27/jersey-client-2.27.jar:/home/user/.m2/repository/org/glassfish/jersey/media/jersey-media-jaxb/2.27/jersey-media-jaxb-2.27.jar:/home/user/.m2/repository/javax/validation/validation-api/1.1.0.Final/validation-api-1.1.0.Final.jar:/home/user/.m2/repository/org/glassfish/jersey/media/jersey-media-json-jackson/2.27/jersey-media-json-jackson-2.27.jar:/home/user/.m2/repository/org/glassfish/jersey/ext/jersey-entity-filtering/2.27/jersey-entity-filtering-2.27.jar:/home/user/.m2/repository/com/google/inject/extensions/guice-assistedinject/4.0/guice-assistedinject-4.0.jar:/home/user/.m2/repository/org/jooq/jooq/3.11.10/jooq-3.11.10.jar:/home/user/.m2/repository/org/jooq/jooq-meta/3.11.10/jooq-meta-3.11.10.jar:/home/user/.m2/repository/org/jooq/jooq-codegen/3.11.10/jooq-codegen-3.11.10.jar:/home/user/.m2/repository/com/jolbox/bonecp/0.8.0.RELEASE/bonecp-0.8.0.RELEASE.jar:/home/user/.m2/repository/org/springframework/spring-jdbc/5.1.3.RELEASE/spring-jdbc-5.1.3.RELEASE.jar:/home/user/.m2/repository/org/springframework/spring-beans/5.1.3.RELEASE/spring-beans-5.1.3.RELEASE.jar:/home/user/.m2/repository/org/springframework/spring-core/5.1.3.RELEASE/spring-core-5.1.3.RELEASE.jar:/home/user/.m2/repository/org/springframework/spring-jcl/5.1.3.RELEASE/spring-jcl-5.1.3.RELEASE.jar:/home/user/.m2/repository/org/springframework/spring-tx/5.1.3.RELEASE/spring-tx-5.1.3.RELEASE.jar:/home/user/.m2/repository/org/mockito/mockito-all/1.10.19/mockito-all-1.10.19.jar:/home/user/.m2/repository/junit/junit/4.11/junit-4.11.jar:/home/user/.m2/repository/org/hamcrest/hamcrest-core/1.3/hamcrest-core-1.3.jar:/home/user/.m2/repository/org/apache/hadoop/hadoop-distcp/3.2.0/hadoop-distcp-3.2.0.jar:/home/user/.m2/repository/org/apache/hadoop/hadoop-distcp/3.2.0/hadoop-distcp-3.2.0-tests.jar:/home/user/.m2/repository/org/apache/hadoop/hadoop-mapreduce-client-jobclient/3.2.0/hadoop-mapreduce-client-jobclient-3.2.0.jar:/home/user/.m2/repository/org/apache/hadoop/hadoop-mapreduce-client-common/3.2.0/hadoop-mapreduce-client-common-3.2.0.jar:/home/user/.m2/repository/org/apache/hadoop/hadoop-yarn-common/3.2.0/hadoop-yarn-common-3.2.0.jar:/home/user/.m2/repository/org/apache/hadoop/hadoop-yarn-api/3.2.0/hadoop-yarn-api-3.2.0.jar:/home/user/.m2/repository/com/sun/jersey/jersey-client/1.19/jersey-client-1.19.jar:/home/user/.m2/repository/com/sun/jersey/contribs/jersey-guice/1.19/jersey-guice-1.19.jar:/home/user/.m2/repository/com/fasterxml/jackson/jaxrs/jackson-jaxrs-json-provider/2.9.5/jackson-jaxrs-json-provider-2.9.5.jar:/home/user/.m2/repository/com/fasterxml/jackson/jaxrs/jackson-jaxrs-base/2.9.5/jackson-jaxrs-base-2.9.5.jar:/home/user/.m2/repository/org/apache/hadoop/hadoop-yarn-client/3.2.0/hadoop-yarn-client-3.2.0.jar:/home/user/.m2/repository/org/apache/hadoop/hadoop-mapreduce-client-core/3.2.0/hadoop-mapreduce-client-core-3.2.0.jar:/home/user/.m2/repository/com/google/inject/extensions/guice-servlet/4.0/guice-servlet-4.0.jar:/home/user/.m2/repository/org/powermock/powermock-module-junit4/1.6.5/powermock-module-junit4-1.6.5.jar:/home/user/.m2/repository/org/powermock/powermock-module-junit4-common/1.6.5/powermock-module-junit4-common-1.6.5.jar:/home/user/.m2/repository/org/powermock/powermock-core/1.6.5/powermock-core-1.6.5.jar:/home/user/.m2/repository/org/powermock/powermock-reflect/1.6.5/powermock-reflect-1.6.5.jar:/home/user/.m2/repository/org/powermock/powermock-api-mockito/1.6.5/powermock-api-mockito-1.6.5.jar:/home/user/.m2/repository/org/mockito/mockito-core/1.10.19/mockito-core-1.10.19.jar:/home/user/.m2/repository/org/objenesis/objenesis/1.0/objenesis-1.0.jar:/home/user/.m2/repository/org/powermock/powermock-api-mockito-common/1.6.5/powermock-api-mockito-common-1.6.5.jar:/home/user/.m2/repository/org/powermock/powermock-api-support/1.6.5/powermock-api-support-1.6.5.jar:"/>
    <property name="sun.cpu.endian" value="little"/>
    <property name="user.home" value="/home/user"/>
    <property name="user.language" value="en"/>
    <property name="java.specification.vendor" value="Oracle Corporation"/>
    <property name="java.home" value="/usr/lib/jvm/java-1.8-openjdk/jre"/>
    <property name="java.security.krb5.conf" value="/workdir/hadoop-ozone/ozonefs/target/test-classes/krb5.conf"/>
    <property name="basedir" value="/workdir/hadoop-ozone/ozonefs"/>
    <property name="file.separator" value="/"/>
    <property name="line.separator" value="&#10;"/>
    <property name="java.vm.specification.vendor" value="Oracle Corporation"/>
    <property name="java.specification.name" value="Java Platform API Specification"/>
    <property name="java.awt.graphicsenv" value="sun.awt.X11GraphicsEnvironment"/>
    <property name="surefire.real.class.path" value="/workdir/hadoop-ozone/ozonefs/target/surefire/surefirebooter7476207442922880710.jar"/>
    <property name="hadoop.log.dir" value="/workdir/hadoop-ozone/ozonefs/target/log"/>
    <property name="sun.boot.class.path" value="/usr/lib/jvm/java-1.8-openjdk/jre/lib/resources.jar:/usr/lib/jvm/java-1.8-openjdk/jre/lib/rt.jar:/usr/lib/jvm/java-1.8-openjdk/jre/lib/sunrsasign.jar:/usr/lib/jvm/java-1.8-openjdk/jre/lib/jsse.jar:/usr/lib/jvm/java-1.8-openjdk/jre/lib/jce.jar:/usr/lib/jvm/java-1.8-openjdk/jre/lib/charsets.jar:/usr/lib/jvm/java-1.8-openjdk/jre/lib/jfr.jar:/usr/lib/jvm/java-1.8-openjdk/jre/classes"/>
    <property name="sun.management.compiler" value="HotSpot 64-Bit Tiered Compilers"/>
    <property name="java.runtime.version" value="1.8.0_212-b04"/>
    <property name="java.net.preferIPv4Stack" value="true"/>
    <property name="user.name" value="jenkins1000"/>
    <property name="path.separator" value=":"/>
    <property name="java.security.egd" value="file:///dev/urandom"/>
    <property name="os.version" value="3.10.0-957.12.2.el7.x86_64"/>
    <property name="java.endorsed.dirs" value="/usr/lib/jvm/java-1.8-openjdk/jre/lib/endorsed"/>
    <property name="java.runtime.name" value="OpenJDK Runtime Environment"/>
    <property name="file.encoding" value="UTF-8"/>
    <property name="java.vm.name" value="OpenJDK 64-Bit Server VM"/>
    <property name="test.build.webapps" value=""/>
    <property name="localRepository" value="/home/user/.m2/repository"/>
    <property name="java.vendor.url.bug" value="https://icedtea.classpath.org/bugzilla"/>
    <property name="java.io.tmpdir" value="/tmp"/>
    <property name="require.test.libhadoop" value=""/>
    <property name="java.version" value="1.8.0_212"/>
    <property name="user.dir" value="/workdir/hadoop-ozone/ozonefs"/>
    <property name="os.arch" value="amd64"/>
    <property name="java.vm.specification.name" value="Java Virtual Machine Specification"/>
    <property name="test.build.classes" value="/workdir/hadoop-ozone/ozonefs/target/test-classes"/>
    <property name="java.awt.printerjob" value="sun.print.PSPrinterJob"/>
    <property name="sun.os.patch.level" value="unknown"/>
    <property name="hadoop.tmp.dir" value="/workdir/hadoop-ozone/ozonefs/target/tmp"/>
    <property name="java.library.path" value="/usr/lib/jvm/java-1.8-openjdk/jre/lib/amd64/server:/usr/lib/jvm/java-1.8-openjdk/jre/lib/amd64:/usr/lib/jvm/java-1.8-openjdk/jre/../lib/amd64:/workdir/hadoop-ozone/ozonefs/target/native/target/usr/local/lib:/workdir/hadoop-ozone/ozonefs/../../hadoop-common-project/hadoop-common/target/native/target/usr/local/lib:/usr/java/packages/lib/amd64:/usr/lib64:/lib64:/lib:/usr/lib"/>
    <property name="java.vm.info" value="mixed mode"/>
    <property name="java.vendor" value="IcedTea"/>
    <property name="java.vm.version" value="25.212-b04"/>
    <property name="java.ext.dirs" value="/usr/lib/jvm/java-1.8-openjdk/jre/lib/ext:/usr/java/packages/lib/ext"/>
    <property name="sun.io.unicode.encoding" value="UnicodeLittle"/>
    <property name="java.class.version" value="52.0"/>
  </properties>
  <testcase name="testOzoneFsServiceLoader" classname="org.apache.hadoop.fs.ozone.TestOzoneFileSystem" time="23.439"/>
  <testcase name="testListStatusOnRoot" classname="org.apache.hadoop.fs.ozone.TestOzoneFileSystem" time="17.948"/>
  <testcase name="testListStatusOnSubDirs" classname="org.apache.hadoop.fs.ozone.TestOzoneFileSystem" time="17.127">
    <error message="Allocated 0 blocks. Requested 1 blocks" type="INTERNAL_ERROR org.apache.hadoop.ozone.om.exceptions.OMException">INTERNAL_ERROR org.apache.hadoop.ozone.om.exceptions.OMException: Allocated 0 blocks. Requested 1 blocks
	at org.apache.hadoop.ozone.om.protocolPB.OzoneManagerProtocolClientSideTranslatorPB.handleError(OzoneManagerProtocolClientSideTranslatorPB.java:725)
	at org.apache.hadoop.ozone.om.protocolPB.OzoneManagerProtocolClientSideTranslatorPB.createFile(OzoneManagerProtocolClientSideTranslatorPB.java:1474)
	at org.apache.hadoop.ozone.client.rpc.RpcClient.createFile(RpcClient.java:984)
	at org.apache.hadoop.ozone.client.OzoneBucket.createFile(OzoneBucket.java:535)
	at org.apache.hadoop.fs.ozone.BasicOzoneClientAdapterImpl.createFile(BasicOzoneClientAdapterImpl.java:181)
	at org.apache.hadoop.fs.ozone.BasicOzoneFileSystem.createOutputStream(BasicOzoneFileSystem.java:249)
	at org.apache.hadoop.fs.ozone.BasicOzoneFileSystem.create(BasicOzoneFileSystem.java:230)
	at org.apache.hadoop.fs.FileSystem.create(FileSystem.java:1118)
	at org.apache.hadoop.fs.FileSystem.create(FileSystem.java:1098)
	at org.apache.hadoop.fs.FileSystem.create(FileSystem.java:987)
	at org.apache.hadoop.fs.contract.ContractTestUtils.createFile(ContractTestUtils.java:633)
	at org.apache.hadoop.fs.contract.ContractTestUtils.touch(ContractTestUtils.java:669)
	at org.apache.hadoop.fs.ozone.TestOzoneFileSystem.testListStatusOnSubDirs(TestOzoneFileSystem.java:271)
	at sun.reflect.NativeMethodAccessorImpl.invoke0(Native Method)
	at sun.reflect.NativeMethodAccessorImpl.invoke(NativeMethodAccessorImpl.java:62)
	at sun.reflect.DelegatingMethodAccessorImpl.invoke(DelegatingMethodAccessorImpl.java:43)
	at java.lang.reflect.Method.invoke(Method.java:498)
	at org.junit.runners.model.FrameworkMethod$1.runReflectiveCall(FrameworkMethod.java:47)
	at org.junit.internal.runners.model.ReflectiveCallable.run(ReflectiveCallable.java:12)
	at org.junit.runners.model.FrameworkMethod.invokeExplosively(FrameworkMethod.java:44)
	at org.junit.internal.runners.statements.InvokeMethod.evaluate(InvokeMethod.java:17)
	at org.junit.internal.runners.statements.RunBefores.evaluate(RunBefores.java:26)
	at org.junit.internal.runners.statements.RunAfters.evaluate(RunAfters.java:27)
	at org.junit.internal.runners.statements.FailOnTimeout$StatementThread.run(FailOnTimeout.java:74)
</error>
    <system-out><![CDATA[2019-09-12 11:41:50,265 [Thread-540] WARN  server.ServerUtils (ServerUtils.java:getScmDbDir(145)) - ozone.scm.db.dirs is not configured. We recommend adding this setting. Falling back to ozone.metadata.dirs instead.
2019-09-12 11:41:50,282 [Thread-540] WARN  server.ServerUtils (ServerUtils.java:getScmDbDir(145)) - ozone.scm.db.dirs is not configured. We recommend adding this setting. Falling back to ozone.metadata.dirs instead.
2019-09-12 11:41:50,282 [Thread-540] WARN  server.ServerUtils (ServerUtils.java:getScmDbDir(145)) - ozone.scm.db.dirs is not configured. We recommend adding this setting. Falling back to ozone.metadata.dirs instead.
2019-09-12 11:41:50,283 [Thread-540] INFO  db.DBStoreBuilder (DBStoreBuilder.java:addTable(110)) - using custom profile for table: deletedBlocks
2019-09-12 11:41:50,283 [Thread-540] INFO  db.DBStoreBuilder (DBStoreBuilder.java:processTables(161)) - Using default column profile:DBProfile.DISK for Table:deletedBlocks
2019-09-12 11:41:50,283 [Thread-540] INFO  db.DBStoreBuilder (DBStoreBuilder.java:addTable(110)) - using custom profile for table: validCerts
2019-09-12 11:41:50,283 [Thread-540] INFO  db.DBStoreBuilder (DBStoreBuilder.java:processTables(161)) - Using default column profile:DBProfile.DISK for Table:validCerts
2019-09-12 11:41:50,284 [Thread-540] INFO  db.DBStoreBuilder (DBStoreBuilder.java:addTable(110)) - using custom profile for table: revokedCerts
2019-09-12 11:41:50,284 [Thread-540] INFO  db.DBStoreBuilder (DBStoreBuilder.java:processTables(161)) - Using default column profile:DBProfile.DISK for Table:revokedCerts
2019-09-12 11:41:50,284 [Thread-540] INFO  db.DBStoreBuilder (DBStoreBuilder.java:addTable(110)) - using custom profile for table: default
2019-09-12 11:41:50,284 [Thread-540] INFO  db.DBStoreBuilder (DBStoreBuilder.java:processTables(167)) - Using default column profile:DBProfile.DISK for Table:default
2019-09-12 11:41:50,284 [Thread-540] INFO  db.DBStoreBuilder (DBStoreBuilder.java:getDbProfile(198)) - Using default options. DBProfile.DISK
2019-09-12 11:41:50,395 [Thread-540] INFO  net.NodeSchemaLoader (NodeSchemaLoader.java:loadSchemaFromFile(125)) - Loading file from sun.misc.CompoundEnumeration@1d93332b
2019-09-12 11:41:50,395 [Thread-540] INFO  net.NodeSchemaLoader (NodeSchemaLoader.java:loadSchema(171)) - Loading network topology layer schema file
2019-09-12 11:41:50,399 [Thread-540] WARN  server.ServerUtils (ServerUtils.java:sanitizeUserArgs(70)) - ozone.scm.stale.node.interval value = 300000 is larger than max = 100000 based on the key value of ozone.scm.heartbeat.thread.interval, reset to the max value 100000.
2019-09-12 11:41:50,400 [Thread-540] WARN  server.ServerUtils (ServerUtils.java:sanitizeUserArgs(70)) - ozone.scm.stale.node.interval value = 300000 is larger than max = 100000 based on the key value of ozone.scm.heartbeat.thread.interval, reset to the max value 100000.
2019-09-12 11:41:50,400 [Thread-540] INFO  node.SCMNodeManager (SCMNodeManager.java:<init>(121)) - Entering startup safe mode.
2019-09-12 11:41:50,401 [Thread-540] INFO  algorithms.ContainerPlacementPolicyFactory (ContainerPlacementPolicyFactory.java:getPolicy(56)) - Create container placement policy of type org.apache.hadoop.hdds.scm.container.placement.algorithms.SCMContainerPlacementRandom
2019-09-12 11:41:50,401 [Thread-540] WARN  server.ServerUtils (ServerUtils.java:getScmDbDir(145)) - ozone.scm.db.dirs is not configured. We recommend adding this setting. Falling back to ozone.metadata.dirs instead.
2019-09-12 11:41:50,422 [Thread-540] INFO  pipeline.SCMPipelineManager (SCMPipelineManager.java:initializePipelineState(126)) - No pipeline exists in current db
2019-09-12 11:41:50,422 [Thread-540] WARN  server.ServerUtils (ServerUtils.java:getScmDbDir(145)) - ozone.scm.db.dirs is not configured. We recommend adding this setting. Falling back to ozone.metadata.dirs instead.
2019-09-12 11:41:50,444 [Thread-540] WARN  events.EventQueue (EventQueue.java:fireEvent(175)) - No event handler registered for event TypedEvent{payloadType=SafeModeStatus, name='SafeModeStatus'}
2019-09-12 11:41:50,445 [Thread-540] INFO  ipc.CallQueueManager (CallQueueManager.java:<init>(84)) - Using callQueue: class java.util.concurrent.LinkedBlockingQueue, queueCapacity: 2000, scheduler: class org.apache.hadoop.ipc.DefaultRpcScheduler, ipcBackoff: false.
2019-09-12 11:41:50,446 [Socket Reader #1 for port 38143] INFO  ipc.Server (Server.java:run(1074)) - Starting Socket Reader #1 for port 38143
2019-09-12 11:41:50,447 [Thread-540] INFO  ipc.CallQueueManager (CallQueueManager.java:<init>(84)) - Using callQueue: class java.util.concurrent.LinkedBlockingQueue, queueCapacity: 2000, scheduler: class org.apache.hadoop.ipc.DefaultRpcScheduler, ipcBackoff: false.
2019-09-12 11:41:50,448 [Socket Reader #1 for port 44025] INFO  ipc.Server (Server.java:run(1074)) - Starting Socket Reader #1 for port 44025
2019-09-12 11:41:50,449 [Thread-540] INFO  ipc.CallQueueManager (CallQueueManager.java:<init>(84)) - Using callQueue: class java.util.concurrent.LinkedBlockingQueue, queueCapacity: 2000, scheduler: class org.apache.hadoop.ipc.DefaultRpcScheduler, ipcBackoff: false.
2019-09-12 11:41:50,450 [Socket Reader #1 for port 32788] INFO  ipc.Server (Server.java:run(1074)) - Starting Socket Reader #1 for port 32788
2019-09-12 11:41:50,452 [Thread-540] INFO  hdfs.DFSUtil (DFSUtil.java:httpServerTemplateForNNAndJN(1641)) - Starting Web-server for scm at: http://0.0.0.0:0
2019-09-12 11:41:50,455 [Thread-540] INFO  server.AuthenticationFilter (AuthenticationFilter.java:constructSecretProvider(240)) - Unable to initialize FileSignerSecretProvider, falling back to use random secrets.
2019-09-12 11:41:50,455 [Thread-540] WARN  http.HttpRequestLog (HttpRequestLog.java:getRequestLog(97)) - Jetty request log can only be enabled using Log4j
2019-09-12 11:41:50,458 [Thread-540] INFO  http.HttpServer2 (HttpServer2.java:addGlobalFilter(975)) - Added global filter 'safety' (class=org.apache.hadoop.http.HttpServer2$QuotingInputFilter)
2019-09-12 11:41:50,459 [Thread-540] INFO  http.HttpServer2 (HttpServer2.java:addFilter(948)) - Added filter static_user_filter (class=org.apache.hadoop.http.lib.StaticUserWebFilter$StaticUserFilter) to context scm
2019-09-12 11:41:50,459 [Thread-540] INFO  http.HttpServer2 (HttpServer2.java:addFilter(958)) - Added filter static_user_filter (class=org.apache.hadoop.http.lib.StaticUserWebFilter$StaticUserFilter) to context logs
2019-09-12 11:41:50,459 [Thread-540] INFO  http.HttpServer2 (HttpServer2.java:addFilter(958)) - Added filter static_user_filter (class=org.apache.hadoop.http.lib.StaticUserWebFilter$StaticUserFilter) to context static
2019-09-12 11:41:50,461 [Thread-540] INFO  server.StorageContainerManager (StorageContainerManager.java:start(759)) - StorageContainerLocationProtocol RPC server is listening at /0.0.0.0:32788
2019-09-12 11:41:50,463 [Thread-540] WARN  impl.MetricsConfig (MetricsConfig.java:loadFirst(134)) - Cannot locate configuration: tried hadoop-metrics2-storagecontainermanager.properties,hadoop-metrics2.properties
2019-09-12 11:41:50,464 [Thread-540] INFO  impl.MetricsSystemImpl (MetricsSystemImpl.java:startTimer(374)) - Scheduled Metric snapshot period at 10 second(s).
2019-09-12 11:41:50,465 [Thread-540] INFO  impl.MetricsSystemImpl (MetricsSystemImpl.java:start(191)) - StorageContainerManager metrics system started
2019-09-12 11:41:50,521 [Thread-540] INFO  server.SCMClientProtocolServer (SCMClientProtocolServer.java:start(151)) - RPC server for Client  is listening at /0.0.0.0:32788
2019-09-12 11:41:50,522 [IPC Server Responder] INFO  ipc.Server (Server.java:run(1314)) - IPC Server Responder: starting
2019-09-12 11:41:50,522 [IPC Server listener on 32788] INFO  ipc.Server (Server.java:run(1153)) - IPC Server listener on 32788: starting
2019-09-12 11:41:50,525 [Thread-540] INFO  server.StorageContainerManager (StorageContainerManager.java:start(769)) - ScmBlockLocationProtocol RPC server is listening at /0.0.0.0:44025
2019-09-12 11:41:50,526 [Thread-540] INFO  server.SCMBlockProtocolServer (SCMBlockProtocolServer.java:start(140)) - RPC server for Block Protocol is listening at /0.0.0.0:44025
2019-09-12 11:41:50,526 [IPC Server Responder] INFO  ipc.Server (Server.java:run(1314)) - IPC Server Responder: starting
2019-09-12 11:41:50,526 [IPC Server listener on 44025] INFO  ipc.Server (Server.java:run(1153)) - IPC Server listener on 44025: starting
2019-09-12 11:41:50,530 [Thread-540] INFO  server.StorageContainerManager (StorageContainerManager.java:start(773)) - ScmDatanodeProtocl RPC server is listening at /0.0.0.0:38143
2019-09-12 11:41:50,530 [Thread-540] INFO  server.SCMDatanodeProtocolServer (SCMDatanodeProtocolServer.java:start(191)) - RPC server for DataNodes is listening at /0.0.0.0:38143
2019-09-12 11:41:50,530 [IPC Server listener on 38143] INFO  ipc.Server (Server.java:run(1153)) - IPC Server listener on 38143: starting
2019-09-12 11:41:50,530 [IPC Server Responder] INFO  ipc.Server (Server.java:run(1314)) - IPC Server Responder: starting
2019-09-12 11:41:50,534 [Thread-540] INFO  http.HttpServer2 (HttpServer2.java:bindListener(1191)) - Jetty bound to port 35159
2019-09-12 11:41:50,534 [Thread-540] INFO  server.Server (Server.java:doStart(351)) - jetty-9.3.24.v20180605, build timestamp: 2018-06-05T17:11:56Z, git hash: 84205aa28f11a4f31f2a3b86d1bba2cc8ab69827
2019-09-12 11:41:50,536 [Thread-540] INFO  handler.ContextHandler (ContextHandler.java:doStart(781)) - Started o.e.j.s.ServletContextHandler@44b1b3b1{/logs,file:///workdir/hadoop-ozone/ozonefs/target/log,AVAILABLE}
2019-09-12 11:41:50,536 [Thread-540] INFO  handler.ContextHandler (ContextHandler.java:doStart(781)) - Started o.e.j.s.ServletContextHandler@57e855a4{/static,jar:file:/home/user/.m2/repository/org/apache/hadoop/hadoop-hdds-server-scm/0.5.0-SNAPSHOT/hadoop-hdds-server-scm-0.5.0-SNAPSHOT.jar!/webapps/static,AVAILABLE}
2019-09-12 11:41:50,578 [Thread-540] INFO  handler.ContextHandler (ContextHandler.java:doStart(781)) - Started o.e.j.w.WebAppContext@1b4d06a1{/,file:///tmp/jetty-0.0.0.0-35159-scm-_-any-2286583481583122391.dir/webapp/,AVAILABLE}{/scm}
2019-09-12 11:41:50,578 [Thread-540] INFO  server.AbstractConnector (AbstractConnector.java:doStart(278)) - Started ServerConnector@42a693c2{HTTP/1.1,[http/1.1]}{0.0.0.0:35159}
2019-09-12 11:41:50,579 [Thread-540] INFO  server.Server (Server.java:doStart(419)) - Started @42182ms
2019-09-12 11:41:50,580 [Thread-540] INFO  server.BaseHttpServer (BaseHttpServer.java:updateConnectorAddress(213)) - HTTP server of SCM is listening at http://0.0.0.0:35159
2019-09-12 11:41:50,581 [Thread-540] WARN  server.ServerUtils (ServerUtils.java:getDBPath(222)) - ozone.om.db.dirs is not configured. We recommend adding this setting. Falling back to ozone.metadata.dirs instead.
2019-09-12 11:41:50,581 [org.apache.hadoop.util.JvmPauseMonitor$Monitor@2503c594] INFO  util.JvmPauseMonitor (JvmPauseMonitor.java:run(188)) - Starting JVM pause monitor
2019-09-12 11:41:50,595 [Thread-540] WARN  server.ServerUtils (ServerUtils.java:getDBPath(222)) - ozone.om.db.dirs is not configured. We recommend adding this setting. Falling back to ozone.metadata.dirs instead.
2019-09-12 11:41:50,595 [Thread-540] WARN  server.ServerUtils (ServerUtils.java:getDBPath(222)) - ozone.om.db.dirs is not configured. We recommend adding this setting. Falling back to ozone.metadata.dirs instead.
2019-09-12 11:41:50,596 [Thread-540] INFO  om.OzoneManager (OzoneManager.java:setOMNodeDetails(645)) - OM Service ID is not set. Setting it to the default ID: omServiceIdDefault
2019-09-12 11:41:50,596 [Thread-540] INFO  om.OzoneManager (OzoneManager.java:setOMNodeDetails(651)) - OM Node ID is not set. Setting it to the OmStorage's OmID: fc9952eb-cab7-4a55-8cd2-5a3d20d70fc9
2019-09-12 11:41:50,596 [Thread-540] INFO  om.OzoneManager (OzoneManager.java:loadOMHAConfigs(602)) - Found matching OM address with OMServiceId: null, OMNodeId: null, RPC Address: localhost:0 and Ratis port: 9872
2019-09-12 11:41:50,601 | INFO  | SCMAudit | user=jenkins1000 | ip=192.168.157.195 | op=GET_SCM_INFO null | ret=SUCCESS |  
2019-09-12 11:41:50,605 [Thread-540] WARN  server.ServerUtils (ServerUtils.java:getDBPath(222)) - ozone.om.db.dirs is not configured. We recommend adding this setting. Falling back to ozone.metadata.dirs instead.
2019-09-12 11:41:50,607 [Thread-540] INFO  db.DBStoreBuilder (DBStoreBuilder.java:addTable(110)) - using custom profile for table: userTable
2019-09-12 11:41:50,607 [Thread-540] INFO  db.DBStoreBuilder (DBStoreBuilder.java:processTables(161)) - Using default column profile:DBProfile.DISK for Table:userTable
2019-09-12 11:41:50,607 [Thread-540] INFO  db.DBStoreBuilder (DBStoreBuilder.java:addTable(110)) - using custom profile for table: volumeTable
2019-09-12 11:41:50,607 [Thread-540] INFO  db.DBStoreBuilder (DBStoreBuilder.java:processTables(161)) - Using default column profile:DBProfile.DISK for Table:volumeTable
2019-09-12 11:41:50,607 [Thread-540] INFO  db.DBStoreBuilder (DBStoreBuilder.java:addTable(110)) - using custom profile for table: bucketTable
2019-09-12 11:41:50,607 [Thread-540] INFO  db.DBStoreBuilder (DBStoreBuilder.java:processTables(161)) - Using default column profile:DBProfile.DISK for Table:bucketTable
2019-09-12 11:41:50,608 [Thread-540] INFO  db.DBStoreBuilder (DBStoreBuilder.java:addTable(110)) - using custom profile for table: keyTable
2019-09-12 11:41:50,608 [Thread-540] INFO  db.DBStoreBuilder (DBStoreBuilder.java:processTables(161)) - Using default column profile:DBProfile.DISK for Table:keyTable
2019-09-12 11:41:50,608 [Thread-540] INFO  db.DBStoreBuilder (DBStoreBuilder.java:addTable(110)) - using custom profile for table: deletedTable
2019-09-12 11:41:50,608 [Thread-540] INFO  db.DBStoreBuilder (DBStoreBuilder.java:processTables(161)) - Using default column profile:DBProfile.DISK for Table:deletedTable
2019-09-12 11:41:50,608 [Thread-540] INFO  db.DBStoreBuilder (DBStoreBuilder.java:addTable(110)) - using custom profile for table: openKeyTable
2019-09-12 11:41:50,608 [Thread-540] INFO  db.DBStoreBuilder (DBStoreBuilder.java:processTables(161)) - Using default column profile:DBProfile.DISK for Table:openKeyTable
2019-09-12 11:41:50,609 [Thread-540] INFO  db.DBStoreBuilder (DBStoreBuilder.java:addTable(110)) - using custom profile for table: s3Table
2019-09-12 11:41:50,609 [Thread-540] INFO  db.DBStoreBuilder (DBStoreBuilder.java:processTables(161)) - Using default column profile:DBProfile.DISK for Table:s3Table
2019-09-12 11:41:50,609 [Thread-540] INFO  db.DBStoreBuilder (DBStoreBuilder.java:addTable(110)) - using custom profile for table: multipartInfoTable
2019-09-12 11:41:50,609 [Thread-540] INFO  db.DBStoreBuilder (DBStoreBuilder.java:processTables(161)) - Using default column profile:DBProfile.DISK for Table:multipartInfoTable
2019-09-12 11:41:50,609 [Thread-540] INFO  db.DBStoreBuilder (DBStoreBuilder.java:addTable(110)) - using custom profile for table: dTokenTable
2019-09-12 11:41:50,609 [Thread-540] INFO  db.DBStoreBuilder (DBStoreBuilder.java:processTables(161)) - Using default column profile:DBProfile.DISK for Table:dTokenTable
2019-09-12 11:41:50,609 [Thread-540] INFO  db.DBStoreBuilder (DBStoreBuilder.java:addTable(110)) - using custom profile for table: s3SecretTable
2019-09-12 11:41:50,609 [Thread-540] INFO  db.DBStoreBuilder (DBStoreBuilder.java:processTables(161)) - Using default column profile:DBProfile.DISK for Table:s3SecretTable
2019-09-12 11:41:50,610 [Thread-540] INFO  db.DBStoreBuilder (DBStoreBuilder.java:addTable(110)) - using custom profile for table: prefixTable
2019-09-12 11:41:50,610 [Thread-540] INFO  db.DBStoreBuilder (DBStoreBuilder.java:processTables(161)) - Using default column profile:DBProfile.DISK for Table:prefixTable
2019-09-12 11:41:50,610 [Thread-540] INFO  db.DBStoreBuilder (DBStoreBuilder.java:addTable(110)) - using custom profile for table: default
2019-09-12 11:41:50,610 [Thread-540] INFO  db.DBStoreBuilder (DBStoreBuilder.java:processTables(167)) - Using default column profile:DBProfile.DISK for Table:default
2019-09-12 11:41:50,610 [Thread-540] INFO  db.DBStoreBuilder (DBStoreBuilder.java:getDbProfile(198)) - Using default options. DBProfile.DISK
2019-09-12 11:41:50,975 [Thread-540] INFO  ipc.CallQueueManager (CallQueueManager.java:<init>(84)) - Using callQueue: class java.util.concurrent.LinkedBlockingQueue, queueCapacity: 2000, scheduler: class org.apache.hadoop.ipc.DefaultRpcScheduler, ipcBackoff: false.
2019-09-12 11:41:50,976 [Socket Reader #1 for port 34394] INFO  ipc.Server (Server.java:run(1074)) - Starting Socket Reader #1 for port 34394
2019-09-12 11:41:51,005 [Thread-540] INFO  om.OzoneManager (OzoneManager.java:start(1256)) - OzoneManager RPC server is listening at localhost/127.0.0.1:34394
2019-09-12 11:41:51,005 [Thread-540] INFO  impl.MetricsSystemImpl (MetricsSystemImpl.java:init(158)) - OzoneManager metrics system started (again)
2019-09-12 11:41:51,006 [IPC Server Responder] INFO  ipc.Server (Server.java:run(1314)) - IPC Server Responder: starting
2019-09-12 11:41:51,006 [IPC Server listener on 34394] INFO  ipc.Server (Server.java:run(1153)) - IPC Server listener on 34394: starting
2019-09-12 11:41:51,012 [Thread-540] INFO  hdfs.DFSUtil (DFSUtil.java:httpServerTemplateForNNAndJN(1641)) - Starting Web-server for ozoneManager at: http://0.0.0.0:0
2019-09-12 11:41:51,014 [Thread-540] INFO  server.AuthenticationFilter (AuthenticationFilter.java:constructSecretProvider(240)) - Unable to initialize FileSignerSecretProvider, falling back to use random secrets.
2019-09-12 11:41:51,015 [Thread-540] WARN  http.HttpRequestLog (HttpRequestLog.java:getRequestLog(97)) - Jetty request log can only be enabled using Log4j
2019-09-12 11:41:51,017 [Thread-540] INFO  http.HttpServer2 (HttpServer2.java:addGlobalFilter(975)) - Added global filter 'safety' (class=org.apache.hadoop.http.HttpServer2$QuotingInputFilter)
2019-09-12 11:41:51,017 [Thread-540] INFO  http.HttpServer2 (HttpServer2.java:addFilter(948)) - Added filter static_user_filter (class=org.apache.hadoop.http.lib.StaticUserWebFilter$StaticUserFilter) to context ozoneManager
2019-09-12 11:41:51,018 [Thread-540] INFO  http.HttpServer2 (HttpServer2.java:addFilter(958)) - Added filter static_user_filter (class=org.apache.hadoop.http.lib.StaticUserWebFilter$StaticUserFilter) to context static
2019-09-12 11:41:51,018 [Thread-540] INFO  http.HttpServer2 (HttpServer2.java:addFilter(958)) - Added filter static_user_filter (class=org.apache.hadoop.http.lib.StaticUserWebFilter$StaticUserFilter) to context logs
2019-09-12 11:41:51,019 [Thread-540] INFO  http.HttpServer2 (HttpServer2.java:bindListener(1191)) - Jetty bound to port 44565
2019-09-12 11:41:51,019 [Thread-540] INFO  server.Server (Server.java:doStart(351)) - jetty-9.3.24.v20180605, build timestamp: 2018-06-05T17:11:56Z, git hash: 84205aa28f11a4f31f2a3b86d1bba2cc8ab69827
2019-09-12 11:41:51,021 [Thread-540] INFO  handler.ContextHandler (ContextHandler.java:doStart(781)) - Started o.e.j.s.ServletContextHandler@77b9edf5{/logs,file:///workdir/hadoop-ozone/ozonefs/target/log,AVAILABLE}
2019-09-12 11:41:51,021 [Thread-540] INFO  handler.ContextHandler (ContextHandler.java:doStart(781)) - Started o.e.j.s.ServletContextHandler@3e12d513{/static,jar:file:/home/user/.m2/repository/org/apache/hadoop/hadoop-ozone-ozone-manager/0.5.0-SNAPSHOT/hadoop-ozone-ozone-manager-0.5.0-SNAPSHOT.jar!/webapps/static,AVAILABLE}
2019-09-12 11:41:51,069 [Thread-540] INFO  handler.ContextHandler (ContextHandler.java:doStart(781)) - Started o.e.j.w.WebAppContext@272542e1{/,file:///tmp/jetty-0.0.0.0-44565-ozoneManager-_-any-1914614650764977605.dir/webapp/,AVAILABLE}{/ozoneManager}
2019-09-12 11:41:51,071 [Thread-540] INFO  server.AbstractConnector (AbstractConnector.java:doStart(278)) - Started ServerConnector@3d5bdd6c{HTTP/1.1,[http/1.1]}{0.0.0.0:44565}
2019-09-12 11:41:51,071 [Thread-540] INFO  server.Server (Server.java:doStart(419)) - Started @42674ms
2019-09-12 11:41:51,072 [Thread-540] INFO  server.BaseHttpServer (BaseHttpServer.java:updateConnectorAddress(213)) - HTTP server of OZONEMANAGER is listening at http://0.0.0.0:44565
2019-09-12 11:41:51,081 [Thread-540] INFO  impl.MetricsSystemImpl (MetricsSystemImpl.java:init(158)) - HddsDatanode metrics system started (again)
2019-09-12 11:41:51,082 [Thread-540] INFO  ozone.HddsDatanodeService (HddsDatanodeService.java:start(184)) - HddsDatanodeService host:pr-hdds-1569-xtfnx-3545843844 ip:192.168.157.195
2019-09-12 11:41:51,090 [Thread-540] INFO  volume.HddsVolume (HddsVolume.java:<init>(176)) - Creating Volume: /workdir/hadoop-ozone/ozonefs/target/test-dir/MiniOzoneClusterImpl-d4b21612-7553-42f8-bcad-6f2a2d0d7ac7/datanode-0/data/containers/hdds of  storage type : DISK and capacity : 1482555576320
2019-09-12 11:41:51,091 [Thread-540] INFO  volume.VolumeSet (VolumeSet.java:initializeVolumeSet(170)) - Added Volume : /workdir/hadoop-ozone/ozonefs/target/test-dir/MiniOzoneClusterImpl-d4b21612-7553-42f8-bcad-6f2a2d0d7ac7/datanode-0/data/containers/hdds to VolumeSet
2019-09-12 11:41:51,091 [Thread-540] INFO  volume.ThrottledAsyncChecker (ThrottledAsyncChecker.java:schedule(140)) - Scheduling a check for org.apache.hadoop.ozone.container.common.volume.HddsVolume@7c633756
2019-09-12 11:41:51,092 [Thread-540] INFO  volume.HddsVolumeChecker (HddsVolumeChecker.java:checkAllVolumes(203)) - Scheduled health check for volume org.apache.hadoop.ozone.container.common.volume.HddsVolume@7c633756
2019-09-12 11:41:51,115 [Thread-540] INFO  impl.RaftServerProxy (ConfUtils.java:logGet(43)) - raft.rpc.type = GRPC (default)
2019-09-12 11:41:51,116 [Thread-540] INFO  grpc.GrpcFactory (GrpcFactory.java:checkPooledByteBufAllocatorUseCacheForAllThreads(45)) - PERFORMANCE WARNING: useCacheForAllThreads is true that may cause Netty to create a lot garbage objects and, as a result, trigger GC.
	It is recommended to disable useCacheForAllThreads by setting -Dorg.apache.ratis.thirdparty.io.netty.allocator.useCacheForAllThreads=false in command line.
2019-09-12 11:41:51,117 [Thread-540] INFO  grpc.GrpcConfigKeys$Server (ConfUtils.java:logGet(43)) - raft.grpc.server.port = 0 (default)
2019-09-12 11:41:51,118 [Thread-540] INFO  server.GrpcService (ConfUtils.java:logGet(43)) - raft.grpc.message.size.max = 33570816 (custom)
2019-09-12 11:41:51,118 [Thread-540] INFO  server.RaftServerConfigKeys (ConfUtils.java:logGet(43)) - raft.server.log.appender.buffer.byte-limit = 33554432 (custom)
2019-09-12 11:41:51,118 [Thread-540] INFO  server.GrpcService (ConfUtils.java:logGet(43)) - raft.grpc.flow.control.window = 1MB (=1048576) (default)
2019-09-12 11:41:51,118 [Thread-540] INFO  server.RaftServerConfigKeys (ConfUtils.java:logGet(43)) - raft.server.rpc.request.timeout = 3000ms (default)
2019-09-12 11:41:51,119 [Thread-540] INFO  server.RaftServerConfigKeys (ConfUtils.java:logGet(43)) - raft.server.storage.dir = [/workdir/hadoop-ozone/ozonefs/target/test-dir/MiniOzoneClusterImpl-d4b21612-7553-42f8-bcad-6f2a2d0d7ac7/datanode-0/data/ratis] (custom)
2019-09-12 11:41:51,119 [Thread-540] INFO  replication.SimpleContainerDownloader (SimpleContainerDownloader.java:<init>(72)) - Starting container downloader service to copy containers to replicate.
2019-09-12 11:41:51,122 [Thread-540] INFO  hdfs.DFSUtil (DFSUtil.java:httpServerTemplateForNNAndJN(1641)) - Starting Web-server for hddsDatanode at: http://0.0.0.0:0
2019-09-12 11:41:51,124 [Thread-540] INFO  server.AuthenticationFilter (AuthenticationFilter.java:constructSecretProvider(240)) - Unable to initialize FileSignerSecretProvider, falling back to use random secrets.
2019-09-12 11:41:51,124 [Thread-540] WARN  http.HttpRequestLog (HttpRequestLog.java:getRequestLog(97)) - Jetty request log can only be enabled using Log4j
2019-09-12 11:41:51,126 [Thread-540] INFO  http.HttpServer2 (HttpServer2.java:addGlobalFilter(975)) - Added global filter 'safety' (class=org.apache.hadoop.http.HttpServer2$QuotingInputFilter)
2019-09-12 11:41:51,126 [Thread-540] INFO  http.HttpServer2 (HttpServer2.java:addFilter(948)) - Added filter static_user_filter (class=org.apache.hadoop.http.lib.StaticUserWebFilter$StaticUserFilter) to context hddsDatanode
2019-09-12 11:41:51,127 [Thread-540] INFO  http.HttpServer2 (HttpServer2.java:addFilter(958)) - Added filter static_user_filter (class=org.apache.hadoop.http.lib.StaticUserWebFilter$StaticUserFilter) to context logs
2019-09-12 11:41:51,127 [Thread-540] INFO  http.HttpServer2 (HttpServer2.java:addFilter(958)) - Added filter static_user_filter (class=org.apache.hadoop.http.lib.StaticUserWebFilter$StaticUserFilter) to context static
2019-09-12 11:41:51,127 [Thread-540] INFO  http.HttpServer2 (HttpServer2.java:bindListener(1191)) - Jetty bound to port 45148
2019-09-12 11:41:51,127 [Thread-540] INFO  server.Server (Server.java:doStart(351)) - jetty-9.3.24.v20180605, build timestamp: 2018-06-05T17:11:56Z, git hash: 84205aa28f11a4f31f2a3b86d1bba2cc8ab69827
2019-09-12 11:41:51,129 [Thread-540] INFO  handler.ContextHandler (ContextHandler.java:doStart(781)) - Started o.e.j.s.ServletContextHandler@1fa26876{/logs,file:///workdir/hadoop-ozone/ozonefs/target/log,AVAILABLE}
2019-09-12 11:41:51,129 [Thread-540] INFO  handler.ContextHandler (ContextHandler.java:doStart(781)) - Started o.e.j.s.ServletContextHandler@4c7f6b41{/static,jar:file:/home/user/.m2/repository/org/apache/hadoop/hadoop-hdds-container-service/0.5.0-SNAPSHOT/hadoop-hdds-container-service-0.5.0-SNAPSHOT.jar!/webapps/static,AVAILABLE}
2019-09-12 11:41:51,156 [Thread-540] INFO  handler.ContextHandler (ContextHandler.java:doStart(781)) - Started o.e.j.w.WebAppContext@343fb7d5{/,file:///tmp/jetty-0.0.0.0-45148-hddsDatanode-_-any-3986502885746786573.dir/webapp/,AVAILABLE}{/hddsDatanode}
2019-09-12 11:41:51,157 [Thread-540] INFO  server.AbstractConnector (AbstractConnector.java:doStart(278)) - Started ServerConnector@39913011{HTTP/1.1,[http/1.1]}{0.0.0.0:45148}
2019-09-12 11:41:51,158 [Thread-540] INFO  server.Server (Server.java:doStart(419)) - Started @42760ms
2019-09-12 11:41:51,158 [Thread-540] INFO  server.BaseHttpServer (BaseHttpServer.java:updateConnectorAddress(213)) - HTTP server of HDDSDATANODE is listening at http://0.0.0.0:45148
2019-09-12 11:41:51,287 | INFO  | ObjectStoreRestHttpServer | Listening HDDS REST traffic on /0.0.0.0:34524 |  
2019-09-12 11:41:51,288 [Thread-540] INFO  ozone.HddsDatanodeService (HddsDatanodeService.java:startPlugins(395)) - Started plug-in org.apache.hadoop.ozone.web.OzoneHddsDatanodeService@5765d81c
2019-09-12 11:41:51,288 [Thread-540] INFO  impl.MetricsSystemImpl (MetricsSystemImpl.java:init(158)) - HddsDatanode metrics system started (again)
2019-09-12 11:41:51,291 [Thread-540] INFO  ozone.HddsDatanodeService (HddsDatanodeService.java:start(184)) - HddsDatanodeService host:pr-hdds-1569-xtfnx-3545843844 ip:192.168.157.195
2019-09-12 11:41:51,291 [org.apache.hadoop.util.JvmPauseMonitor$Monitor@3547902d] INFO  util.JvmPauseMonitor (JvmPauseMonitor.java:run(188)) - Starting JVM pause monitor
2019-09-12 11:41:51,295 [Datanode State Machine Thread - 0] INFO  datanode.InitDatanodeState (InitDatanodeState.java:persistContainerDatanodeDetails(140)) - DatanodeDetails is persisted to /workdir/hadoop-ozone/ozonefs/target/test-dir/MiniOzoneClusterImpl-d4b21612-7553-42f8-bcad-6f2a2d0d7ac7/datanode-0/meta/datanode.id
2019-09-12 11:41:51,298 [Thread-540] INFO  volume.HddsVolume (HddsVolume.java:<init>(176)) - Creating Volume: /workdir/hadoop-ozone/ozonefs/target/test-dir/MiniOzoneClusterImpl-d4b21612-7553-42f8-bcad-6f2a2d0d7ac7/datanode-1/data/containers/hdds of  storage type : DISK and capacity : 1482555576320
2019-09-12 11:41:51,299 [Thread-540] INFO  volume.VolumeSet (VolumeSet.java:initializeVolumeSet(170)) - Added Volume : /workdir/hadoop-ozone/ozonefs/target/test-dir/MiniOzoneClusterImpl-d4b21612-7553-42f8-bcad-6f2a2d0d7ac7/datanode-1/data/containers/hdds to VolumeSet
2019-09-12 11:41:51,299 [Thread-540] INFO  volume.ThrottledAsyncChecker (ThrottledAsyncChecker.java:schedule(140)) - Scheduling a check for org.apache.hadoop.ozone.container.common.volume.HddsVolume@5ca3fe64
2019-09-12 11:41:51,299 [Thread-540] INFO  volume.HddsVolumeChecker (HddsVolumeChecker.java:checkAllVolumes(203)) - Scheduled health check for volume org.apache.hadoop.ozone.container.common.volume.HddsVolume@5ca3fe64
2019-09-12 11:41:51,321 [Thread-540] INFO  impl.RaftServerProxy (ConfUtils.java:logGet(43)) - raft.rpc.type = GRPC (default)
2019-09-12 11:41:51,321 [Thread-540] INFO  grpc.GrpcFactory (GrpcFactory.java:checkPooledByteBufAllocatorUseCacheForAllThreads(45)) - PERFORMANCE WARNING: useCacheForAllThreads is true that may cause Netty to create a lot garbage objects and, as a result, trigger GC.
	It is recommended to disable useCacheForAllThreads by setting -Dorg.apache.ratis.thirdparty.io.netty.allocator.useCacheForAllThreads=false in command line.
2019-09-12 11:41:51,322 [Thread-540] INFO  grpc.GrpcConfigKeys$Server (ConfUtils.java:logGet(43)) - raft.grpc.server.port = 0 (default)
2019-09-12 11:41:51,322 [Thread-540] INFO  server.GrpcService (ConfUtils.java:logGet(43)) - raft.grpc.message.size.max = 33570816 (custom)
2019-09-12 11:41:51,322 [Thread-540] INFO  server.RaftServerConfigKeys (ConfUtils.java:logGet(43)) - raft.server.log.appender.buffer.byte-limit = 33554432 (custom)
2019-09-12 11:41:51,322 [Thread-540] INFO  server.GrpcService (ConfUtils.java:logGet(43)) - raft.grpc.flow.control.window = 1MB (=1048576) (default)
2019-09-12 11:41:51,323 [Thread-540] INFO  server.RaftServerConfigKeys (ConfUtils.java:logGet(43)) - raft.server.rpc.request.timeout = 3000ms (default)
2019-09-12 11:41:51,323 [Thread-540] INFO  server.RaftServerConfigKeys (ConfUtils.java:logGet(43)) - raft.server.storage.dir = [/workdir/hadoop-ozone/ozonefs/target/test-dir/MiniOzoneClusterImpl-d4b21612-7553-42f8-bcad-6f2a2d0d7ac7/datanode-1/data/ratis] (custom)
2019-09-12 11:41:51,324 [Thread-540] INFO  replication.SimpleContainerDownloader (SimpleContainerDownloader.java:<init>(72)) - Starting container downloader service to copy containers to replicate.
2019-09-12 11:41:51,325 [Thread-540] INFO  hdfs.DFSUtil (DFSUtil.java:httpServerTemplateForNNAndJN(1641)) - Starting Web-server for hddsDatanode at: http://0.0.0.0:0
2019-09-12 11:41:51,327 [Thread-540] INFO  server.AuthenticationFilter (AuthenticationFilter.java:constructSecretProvider(240)) - Unable to initialize FileSignerSecretProvider, falling back to use random secrets.
2019-09-12 11:41:51,327 [Thread-540] WARN  http.HttpRequestLog (HttpRequestLog.java:getRequestLog(97)) - Jetty request log can only be enabled using Log4j
2019-09-12 11:41:51,329 [Thread-540] INFO  http.HttpServer2 (HttpServer2.java:addGlobalFilter(975)) - Added global filter 'safety' (class=org.apache.hadoop.http.HttpServer2$QuotingInputFilter)
2019-09-12 11:41:51,329 [Thread-540] INFO  http.HttpServer2 (HttpServer2.java:addFilter(948)) - Added filter static_user_filter (class=org.apache.hadoop.http.lib.StaticUserWebFilter$StaticUserFilter) to context hddsDatanode
2019-09-12 11:41:51,330 [Thread-540] INFO  http.HttpServer2 (HttpServer2.java:addFilter(958)) - Added filter static_user_filter (class=org.apache.hadoop.http.lib.StaticUserWebFilter$StaticUserFilter) to context logs
2019-09-12 11:41:51,330 [Thread-540] INFO  http.HttpServer2 (HttpServer2.java:addFilter(958)) - Added filter static_user_filter (class=org.apache.hadoop.http.lib.StaticUserWebFilter$StaticUserFilter) to context static
2019-09-12 11:41:51,330 [Thread-540] INFO  http.HttpServer2 (HttpServer2.java:bindListener(1191)) - Jetty bound to port 42829
2019-09-12 11:41:51,330 [Thread-540] INFO  server.Server (Server.java:doStart(351)) - jetty-9.3.24.v20180605, build timestamp: 2018-06-05T17:11:56Z, git hash: 84205aa28f11a4f31f2a3b86d1bba2cc8ab69827
2019-09-12 11:41:51,332 [Thread-540] INFO  handler.ContextHandler (ContextHandler.java:doStart(781)) - Started o.e.j.s.ServletContextHandler@782f098b{/logs,file:///workdir/hadoop-ozone/ozonefs/target/log,AVAILABLE}
2019-09-12 11:41:51,333 [Thread-540] INFO  handler.ContextHandler (ContextHandler.java:doStart(781)) - Started o.e.j.s.ServletContextHandler@484a8f23{/static,jar:file:/home/user/.m2/repository/org/apache/hadoop/hadoop-hdds-container-service/0.5.0-SNAPSHOT/hadoop-hdds-container-service-0.5.0-SNAPSHOT.jar!/webapps/static,AVAILABLE}
2019-09-12 11:41:51,360 [Thread-540] INFO  handler.ContextHandler (ContextHandler.java:doStart(781)) - Started o.e.j.w.WebAppContext@44e4238d{/,file:///tmp/jetty-0.0.0.0-42829-hddsDatanode-_-any-1220157037165118036.dir/webapp/,AVAILABLE}{/hddsDatanode}
2019-09-12 11:41:51,360 [Thread-540] INFO  server.AbstractConnector (AbstractConnector.java:doStart(278)) - Started ServerConnector@59375221{HTTP/1.1,[http/1.1]}{0.0.0.0:42829}
2019-09-12 11:41:51,361 [Thread-540] INFO  server.Server (Server.java:doStart(419)) - Started @42964ms
2019-09-12 11:41:51,362 [Thread-540] INFO  server.BaseHttpServer (BaseHttpServer.java:updateConnectorAddress(213)) - HTTP server of HDDSDATANODE is listening at http://0.0.0.0:42829
2019-09-12 11:41:51,509 | INFO  | ObjectStoreRestHttpServer | Listening HDDS REST traffic on /0.0.0.0:38703 |  
2019-09-12 11:41:51,509 [Thread-540] INFO  ozone.HddsDatanodeService (HddsDatanodeService.java:startPlugins(395)) - Started plug-in org.apache.hadoop.ozone.web.OzoneHddsDatanodeService@51218b6a
2019-09-12 11:41:51,509 [Thread-540] INFO  impl.MetricsSystemImpl (MetricsSystemImpl.java:init(158)) - HddsDatanode metrics system started (again)
2019-09-12 11:41:51,515 [org.apache.hadoop.util.JvmPauseMonitor$Monitor@6d86b9a9] INFO  util.JvmPauseMonitor (JvmPauseMonitor.java:run(188)) - Starting JVM pause monitor
2019-09-12 11:41:51,516 [Thread-540] INFO  ozone.HddsDatanodeService (HddsDatanodeService.java:start(184)) - HddsDatanodeService host:pr-hdds-1569-xtfnx-3545843844 ip:192.168.157.195
2019-09-12 11:41:51,518 [Datanode State Machine Thread - 0] INFO  datanode.InitDatanodeState (InitDatanodeState.java:persistContainerDatanodeDetails(140)) - DatanodeDetails is persisted to /workdir/hadoop-ozone/ozonefs/target/test-dir/MiniOzoneClusterImpl-d4b21612-7553-42f8-bcad-6f2a2d0d7ac7/datanode-1/meta/datanode.id
2019-09-12 11:41:51,524 [Thread-540] INFO  volume.HddsVolume (HddsVolume.java:<init>(176)) - Creating Volume: /workdir/hadoop-ozone/ozonefs/target/test-dir/MiniOzoneClusterImpl-d4b21612-7553-42f8-bcad-6f2a2d0d7ac7/datanode-2/data/containers/hdds of  storage type : DISK and capacity : 1482555576320
2019-09-12 11:41:51,525 [Thread-540] INFO  volume.VolumeSet (VolumeSet.java:initializeVolumeSet(170)) - Added Volume : /workdir/hadoop-ozone/ozonefs/target/test-dir/MiniOzoneClusterImpl-d4b21612-7553-42f8-bcad-6f2a2d0d7ac7/datanode-2/data/containers/hdds to VolumeSet
2019-09-12 11:41:51,525 [Thread-540] INFO  volume.ThrottledAsyncChecker (ThrottledAsyncChecker.java:schedule(140)) - Scheduling a check for org.apache.hadoop.ozone.container.common.volume.HddsVolume@5bda3a2b
2019-09-12 11:41:51,527 [Thread-540] INFO  volume.HddsVolumeChecker (HddsVolumeChecker.java:checkAllVolumes(203)) - Scheduled health check for volume org.apache.hadoop.ozone.container.common.volume.HddsVolume@5bda3a2b
2019-09-12 11:41:51,571 [Thread-540] INFO  impl.RaftServerProxy (ConfUtils.java:logGet(43)) - raft.rpc.type = GRPC (default)
2019-09-12 11:41:51,571 [Thread-540] INFO  grpc.GrpcFactory (GrpcFactory.java:checkPooledByteBufAllocatorUseCacheForAllThreads(45)) - PERFORMANCE WARNING: useCacheForAllThreads is true that may cause Netty to create a lot garbage objects and, as a result, trigger GC.
	It is recommended to disable useCacheForAllThreads by setting -Dorg.apache.ratis.thirdparty.io.netty.allocator.useCacheForAllThreads=false in command line.
2019-09-12 11:41:51,571 [Thread-540] INFO  grpc.GrpcConfigKeys$Server (ConfUtils.java:logGet(43)) - raft.grpc.server.port = 0 (default)
2019-09-12 11:41:51,572 [Thread-540] INFO  server.GrpcService (ConfUtils.java:logGet(43)) - raft.grpc.message.size.max = 33570816 (custom)
2019-09-12 11:41:51,572 [Thread-540] INFO  server.RaftServerConfigKeys (ConfUtils.java:logGet(43)) - raft.server.log.appender.buffer.byte-limit = 33554432 (custom)
2019-09-12 11:41:51,572 [Thread-540] INFO  server.GrpcService (ConfUtils.java:logGet(43)) - raft.grpc.flow.control.window = 1MB (=1048576) (default)
2019-09-12 11:41:51,572 [Thread-540] INFO  server.RaftServerConfigKeys (ConfUtils.java:logGet(43)) - raft.server.rpc.request.timeout = 3000ms (default)
2019-09-12 11:41:51,573 [Thread-540] INFO  server.RaftServerConfigKeys (ConfUtils.java:logGet(43)) - raft.server.storage.dir = [/workdir/hadoop-ozone/ozonefs/target/test-dir/MiniOzoneClusterImpl-d4b21612-7553-42f8-bcad-6f2a2d0d7ac7/datanode-2/data/ratis] (custom)
2019-09-12 11:41:51,574 [Thread-540] INFO  replication.SimpleContainerDownloader (SimpleContainerDownloader.java:<init>(72)) - Starting container downloader service to copy containers to replicate.
2019-09-12 11:41:51,575 [Thread-540] INFO  hdfs.DFSUtil (DFSUtil.java:httpServerTemplateForNNAndJN(1641)) - Starting Web-server for hddsDatanode at: http://0.0.0.0:0
2019-09-12 11:41:51,578 [Thread-540] INFO  server.AuthenticationFilter (AuthenticationFilter.java:constructSecretProvider(240)) - Unable to initialize FileSignerSecretProvider, falling back to use random secrets.
2019-09-12 11:41:51,578 [Thread-540] WARN  http.HttpRequestLog (HttpRequestLog.java:getRequestLog(97)) - Jetty request log can only be enabled using Log4j
2019-09-12 11:41:51,580 [Thread-540] INFO  http.HttpServer2 (HttpServer2.java:addGlobalFilter(975)) - Added global filter 'safety' (class=org.apache.hadoop.http.HttpServer2$QuotingInputFilter)
2019-09-12 11:41:51,581 [Thread-540] INFO  http.HttpServer2 (HttpServer2.java:addFilter(948)) - Added filter static_user_filter (class=org.apache.hadoop.http.lib.StaticUserWebFilter$StaticUserFilter) to context hddsDatanode
2019-09-12 11:41:51,581 [Thread-540] INFO  http.HttpServer2 (HttpServer2.java:addFilter(958)) - Added filter static_user_filter (class=org.apache.hadoop.http.lib.StaticUserWebFilter$StaticUserFilter) to context logs
2019-09-12 11:41:51,582 [Thread-540] INFO  http.HttpServer2 (HttpServer2.java:addFilter(958)) - Added filter static_user_filter (class=org.apache.hadoop.http.lib.StaticUserWebFilter$StaticUserFilter) to context static
2019-09-12 11:41:51,583 [Thread-540] INFO  http.HttpServer2 (HttpServer2.java:bindListener(1191)) - Jetty bound to port 40745
2019-09-12 11:41:51,583 [Thread-540] INFO  server.Server (Server.java:doStart(351)) - jetty-9.3.24.v20180605, build timestamp: 2018-06-05T17:11:56Z, git hash: 84205aa28f11a4f31f2a3b86d1bba2cc8ab69827
2019-09-12 11:41:51,585 [Thread-540] INFO  handler.ContextHandler (ContextHandler.java:doStart(781)) - Started o.e.j.s.ServletContextHandler@1cbbd2ba{/logs,file:///workdir/hadoop-ozone/ozonefs/target/log,AVAILABLE}
2019-09-12 11:41:51,585 [Thread-540] INFO  handler.ContextHandler (ContextHandler.java:doStart(781)) - Started o.e.j.s.ServletContextHandler@333e7ef8{/static,jar:file:/home/user/.m2/repository/org/apache/hadoop/hadoop-hdds-container-service/0.5.0-SNAPSHOT/hadoop-hdds-container-service-0.5.0-SNAPSHOT.jar!/webapps/static,AVAILABLE}
2019-09-12 11:41:51,619 [Thread-540] INFO  handler.ContextHandler (ContextHandler.java:doStart(781)) - Started o.e.j.w.WebAppContext@3b28712f{/,file:///tmp/jetty-0.0.0.0-40745-hddsDatanode-_-any-1986611853143530726.dir/webapp/,AVAILABLE}{/hddsDatanode}
2019-09-12 11:41:51,620 [Thread-540] INFO  server.AbstractConnector (AbstractConnector.java:doStart(278)) - Started ServerConnector@1f29d58c{HTTP/1.1,[http/1.1]}{0.0.0.0:40745}
2019-09-12 11:41:51,622 [Thread-540] INFO  server.Server (Server.java:doStart(419)) - Started @43224ms
2019-09-12 11:41:51,623 [Thread-540] INFO  server.BaseHttpServer (BaseHttpServer.java:updateConnectorAddress(213)) - HTTP server of HDDSDATANODE is listening at http://0.0.0.0:40745
2019-09-12 11:41:51,762 | INFO  | ObjectStoreRestHttpServer | Listening HDDS REST traffic on /0.0.0.0:40857 |  
2019-09-12 11:41:51,762 [Thread-540] INFO  ozone.HddsDatanodeService (HddsDatanodeService.java:startPlugins(395)) - Started plug-in org.apache.hadoop.ozone.web.OzoneHddsDatanodeService@22bae4b5
2019-09-12 11:41:51,762 [Thread-540] INFO  ozone.MiniOzoneClusterImpl (MiniOzoneClusterImpl.java:lambda$waitForClusterToBeReady$0(142)) - Waiting for cluster to be ready. Got 0 of 3 DN Heartbeats.
2019-09-12 11:41:51,763 [org.apache.hadoop.util.JvmPauseMonitor$Monitor@36eaba5a] INFO  util.JvmPauseMonitor (JvmPauseMonitor.java:run(188)) - Starting JVM pause monitor
2019-09-12 11:41:51,766 [Datanode State Machine Thread - 0] INFO  datanode.InitDatanodeState (InitDatanodeState.java:persistContainerDatanodeDetails(140)) - DatanodeDetails is persisted to /workdir/hadoop-ozone/ozonefs/target/test-dir/MiniOzoneClusterImpl-d4b21612-7553-42f8-bcad-6f2a2d0d7ac7/datanode-2/meta/datanode.id
2019-09-12 11:41:52,763 [Thread-540] INFO  ozone.MiniOzoneClusterImpl (MiniOzoneClusterImpl.java:lambda$waitForClusterToBeReady$0(142)) - Waiting for cluster to be ready. Got 0 of 3 DN Heartbeats.
2019-09-12 11:41:53,296 | INFO  | SCMAudit | user=jenkins1000 | ip=192.168.157.195 | op=GET_VERSION null | ret=SUCCESS |  
2019-09-12 11:41:53,323 [Datanode State Machine Thread - 0] INFO  ozoneimpl.OzoneContainer (OzoneContainer.java:start(186)) - Attempting to start container services.
2019-09-12 11:41:53,323 [Datanode State Machine Thread - 0] INFO  ozoneimpl.OzoneContainer (OzoneContainer.java:startContainerScrub(160)) - Background container scrubber has been disabled by hdds.containerscrub.enabled
2019-09-12 11:41:53,323 [Datanode State Machine Thread - 0] INFO  ratis.XceiverServerRatis (XceiverServerRatis.java:start(404)) - Starting XceiverServerRatis 886466c9-5aa1-40b7-a815-0180689d2dd8 at port 0
2019-09-12 11:41:53,331 [Datanode State Machine Thread - 0] INFO  impl.RaftServerProxy (RaftServerProxy.java:lambda$start$3(299)) - 886466c9-5aa1-40b7-a815-0180689d2dd8: start RPC server
2019-09-12 11:41:53,334 [Datanode State Machine Thread - 0] INFO  server.GrpcService (GrpcService.java:startImpl(149)) - 886466c9-5aa1-40b7-a815-0180689d2dd8: GrpcService started, listening on 0.0.0.0/0.0.0.0:34621
2019-09-12 11:41:53,334 [Datanode State Machine Thread - 0] INFO  ratis.XceiverServerRatis (XceiverServerRatis.java:start(414)) - XceiverServerRatis 886466c9-5aa1-40b7-a815-0180689d2dd8 is started using port 34621
2019-09-12 11:41:53,336 [Datanode State Machine Thread - 0] INFO  server.XceiverServerGrpc (XceiverServerGrpc.java:start(163)) - XceiverServerGrpc 886466c9-5aa1-40b7-a815-0180689d2dd8 is started using port 35484
2019-09-12 11:41:53,517 | INFO  | SCMAudit | user=jenkins1000 | ip=192.168.157.195 | op=GET_VERSION null | ret=SUCCESS |  
2019-09-12 11:41:53,533 [Datanode State Machine Thread - 0] INFO  ozoneimpl.OzoneContainer (OzoneContainer.java:start(186)) - Attempting to start container services.
2019-09-12 11:41:53,533 [Datanode State Machine Thread - 0] INFO  ozoneimpl.OzoneContainer (OzoneContainer.java:startContainerScrub(160)) - Background container scrubber has been disabled by hdds.containerscrub.enabled
2019-09-12 11:41:53,534 [Datanode State Machine Thread - 0] INFO  ratis.XceiverServerRatis (XceiverServerRatis.java:start(404)) - Starting XceiverServerRatis c9117d98-403a-4e73-a5c3-67d4cb653b69 at port 0
2019-09-12 11:41:53,541 [Datanode State Machine Thread - 0] INFO  impl.RaftServerProxy (RaftServerProxy.java:lambda$start$3(299)) - c9117d98-403a-4e73-a5c3-67d4cb653b69: start RPC server
2019-09-12 11:41:53,542 [Datanode State Machine Thread - 0] INFO  server.GrpcService (GrpcService.java:startImpl(149)) - c9117d98-403a-4e73-a5c3-67d4cb653b69: GrpcService started, listening on 0.0.0.0/0.0.0.0:36936
2019-09-12 11:41:53,542 [Datanode State Machine Thread - 0] INFO  ratis.XceiverServerRatis (XceiverServerRatis.java:start(414)) - XceiverServerRatis c9117d98-403a-4e73-a5c3-67d4cb653b69 is started using port 36936
2019-09-12 11:41:53,544 [Datanode State Machine Thread - 0] INFO  server.XceiverServerGrpc (XceiverServerGrpc.java:start(163)) - XceiverServerGrpc c9117d98-403a-4e73-a5c3-67d4cb653b69 is started using port 46483
2019-09-12 11:41:53,763 [Thread-540] INFO  ozone.MiniOzoneClusterImpl (MiniOzoneClusterImpl.java:lambda$waitForClusterToBeReady$0(142)) - Waiting for cluster to be ready. Got 0 of 3 DN Heartbeats.
2019-09-12 11:41:53,765 | INFO  | SCMAudit | user=jenkins1000 | ip=192.168.157.195 | op=GET_VERSION null | ret=SUCCESS |  
2019-09-12 11:41:53,779 [Datanode State Machine Thread - 0] INFO  ozoneimpl.OzoneContainer (OzoneContainer.java:start(186)) - Attempting to start container services.
2019-09-12 11:41:53,779 [Datanode State Machine Thread - 0] INFO  ozoneimpl.OzoneContainer (OzoneContainer.java:startContainerScrub(160)) - Background container scrubber has been disabled by hdds.containerscrub.enabled
2019-09-12 11:41:53,779 [Datanode State Machine Thread - 0] INFO  ratis.XceiverServerRatis (XceiverServerRatis.java:start(404)) - Starting XceiverServerRatis 8b575f40-3d8f-4d38-a6fe-d6d3761177af at port 0
2019-09-12 11:41:53,786 [Datanode State Machine Thread - 0] INFO  impl.RaftServerProxy (RaftServerProxy.java:lambda$start$3(299)) - 8b575f40-3d8f-4d38-a6fe-d6d3761177af: start RPC server
2019-09-12 11:41:53,794 [Datanode State Machine Thread - 0] INFO  server.GrpcService (GrpcService.java:startImpl(149)) - 8b575f40-3d8f-4d38-a6fe-d6d3761177af: GrpcService started, listening on 0.0.0.0/0.0.0.0:33278
2019-09-12 11:41:53,794 [Datanode State Machine Thread - 0] INFO  ratis.XceiverServerRatis (XceiverServerRatis.java:start(414)) - XceiverServerRatis 8b575f40-3d8f-4d38-a6fe-d6d3761177af is started using port 33278
2019-09-12 11:41:53,794 [Datanode State Machine Thread - 0] INFO  server.XceiverServerGrpc (XceiverServerGrpc.java:start(163)) - XceiverServerGrpc 8b575f40-3d8f-4d38-a6fe-d6d3761177af is started using port 37483
2019-09-12 11:41:54,764 [Thread-540] INFO  ozone.MiniOzoneClusterImpl (MiniOzoneClusterImpl.java:lambda$waitForClusterToBeReady$0(142)) - Waiting for cluster to be ready. Got 0 of 3 DN Heartbeats.
2019-09-12 11:41:55,297 [IPC Server handler 1 on 38143] INFO  net.NetworkTopology (NetworkTopologyImpl.java:add(110)) - Added a new node: /default-rack/886466c9-5aa1-40b7-a815-0180689d2dd8
2019-09-12 11:41:55,298 [IPC Server handler 1 on 38143] INFO  node.SCMNodeManager (SCMNodeManager.java:register(273)) - Registered Data node : 886466c9-5aa1-40b7-a815-0180689d2dd8{ip: 192.168.157.195, host: pr-hdds-1569-xtfnx-3545843844, networkLocation: /default-rack, certSerialId: null}
2019-09-12 11:41:55,300 [EventQueue-NodeRegistrationContainerReportForDataNodeSafeModeRule] INFO  safemode.SCMSafeModeManager (DataNodeSafeModeRule.java:process(71)) - SCM in safe mode. 1 DataNodes registered, 1 required.
2019-09-12 11:41:55,301 [EventQueue-NodeRegistrationContainerReportForDataNodeSafeModeRule] INFO  safemode.SCMSafeModeManager (SCMSafeModeManager.java:validateSafeModeExitRules(177)) - ScmSafeModeManager, all rules are successfully validated
2019-09-12 11:41:55,301 [EventQueue-NodeRegistrationContainerReportForDataNodeSafeModeRule] INFO  safemode.SCMSafeModeManager (SCMSafeModeManager.java:exitSafeMode(193)) - SCM exiting safe mode.
2019-09-12 11:41:55,300 | INFO  | SCMAudit | user=jenkins1000 | ip=192.168.157.195 | op=REGISTER {datanodeDetails=886466c9-5aa1-40b7-a815-0180689d2dd8{ip: 192.168.157.195, host: pr-hdds-1569-xtfnx-3545843844, networkLocation: /default-rack, certSerialId: null}} | ret=SUCCESS |  
2019-09-12 11:41:55,323 [grpc-default-executor-0] INFO  impl.RaftServerProxy (RaftServerProxy.java:addNew(89)) - 886466c9-5aa1-40b7-a815-0180689d2dd8: addNew group-46258DE3630E:[886466c9-5aa1-40b7-a815-0180689d2dd8:192.168.157.195:34621] returns group-46258DE3630E:java.util.concurrent.CompletableFuture@3217dd4c[Not completed]
2019-09-12 11:41:55,325 [pool-133-thread-1] INFO  impl.RaftServerImpl (RaftServerImpl.java:<init>(93)) - 886466c9-5aa1-40b7-a815-0180689d2dd8: new RaftServerImpl for group-46258DE3630E:[886466c9-5aa1-40b7-a815-0180689d2dd8:192.168.157.195:34621] with ContainerStateMachine:uninitialized
2019-09-12 11:41:55,325 [pool-133-thread-1] INFO  server.RaftServerConfigKeys (ConfUtils.java:logGet(43)) - raft.server.rpc.timeout.min = 5s (custom)
2019-09-12 11:41:55,325 [pool-133-thread-1] INFO  server.RaftServerConfigKeys (ConfUtils.java:logGet(43)) - raft.server.rpc.timeout.max = 5200ms (custom)
2019-09-12 11:41:55,325 [pool-133-thread-1] INFO  server.RaftServerConfigKeys (ConfUtils.java:logGet(43)) - raft.server.rpcslowness.timeout = 120s (custom)
2019-09-12 11:41:55,326 [pool-133-thread-1] INFO  server.RaftServerConfigKeys (ConfUtils.java:logGet(43)) - raft.server.sleep.deviation.threshold = 300 (default)
2019-09-12 11:41:55,326 [pool-133-thread-1] INFO  server.RaftServerConfigKeys (ConfUtils.java:logGet(43)) - raft.server.log.appender.install.snapshot.enabled = false (custom)
2019-09-12 11:41:55,326 [pool-133-thread-1] INFO  impl.RaftServerImpl (ServerState.java:<init>(105)) - 886466c9-5aa1-40b7-a815-0180689d2dd8:group-46258DE3630E ConfigurationManager, init=-1: [886466c9-5aa1-40b7-a815-0180689d2dd8:192.168.157.195:34621], old=null, confs=<EMPTY_MAP>
2019-09-12 11:41:55,326 [pool-133-thread-1] INFO  server.RaftServerConfigKeys (ConfUtils.java:logGet(43)) - raft.server.storage.dir = [/workdir/hadoop-ozone/ozonefs/target/test-dir/MiniOzoneClusterImpl-d4b21612-7553-42f8-bcad-6f2a2d0d7ac7/datanode-0/data/ratis] (custom)
2019-09-12 11:41:55,327 [pool-133-thread-1] INFO  storage.RaftStorageDirectory (RaftStorageDirectory.java:analyzeStorage(246)) - The storage directory /workdir/hadoop-ozone/ozonefs/target/test-dir/MiniOzoneClusterImpl-d4b21612-7553-42f8-bcad-6f2a2d0d7ac7/datanode-0/data/ratis/650ec2c8-dc11-44e4-a203-46258de3630e does not exist. Creating ...
2019-09-12 11:41:55,341 [pool-133-thread-1] INFO  storage.RaftStorageDirectory (RaftStorageDirectory.java:tryLock(328)) - Lock on /workdir/hadoop-ozone/ozonefs/target/test-dir/MiniOzoneClusterImpl-d4b21612-7553-42f8-bcad-6f2a2d0d7ac7/datanode-0/data/ratis/650ec2c8-dc11-44e4-a203-46258de3630e/in_use.lock acquired by nodename 27663@pr-hdds-1569-xtfnx-3545843844
2019-09-12 11:41:55,354 [pool-133-thread-1] INFO  storage.RaftStorage (RaftStorage.java:format(72)) - Storage directory /workdir/hadoop-ozone/ozonefs/target/test-dir/MiniOzoneClusterImpl-d4b21612-7553-42f8-bcad-6f2a2d0d7ac7/datanode-0/data/ratis/650ec2c8-dc11-44e4-a203-46258de3630e has been successfully formatted.
2019-09-12 11:41:55,355 [pool-133-thread-1] INFO  ratis.ContainerStateMachine (ContainerStateMachine.java:loadSnapshot(226)) - group-46258DE3630E: The snapshot info is null. Setting the last applied indexto:(t:0, i:~)
2019-09-12 11:41:55,355 [pool-133-thread-1] INFO  server.RaftServerConfigKeys (ConfUtils.java:logGet(43)) - raft.server.leader.election.timeout = 120s (custom)
2019-09-12 11:41:55,355 [pool-133-thread-1] INFO  server.RaftServerConfigKeys (ConfUtils.java:logGet(43)) - raft.server.log.use.memory = false (default)
2019-09-12 11:41:55,355 [pool-133-thread-1] INFO  server.RaftServerConfigKeys (ConfUtils.java:logGet(43)) - raft.server.log.purge.gap = 1000000 (custom)
2019-09-12 11:41:55,356 [pool-133-thread-1] INFO  server.RaftServerConfigKeys (ConfUtils.java:logGet(43)) - raft.server.log.appender.buffer.byte-limit = 33554432 (custom)
2019-09-12 11:41:55,356 [pool-133-thread-1] INFO  server.RaftServerConfigKeys (ConfUtils.java:logGet(43)) - raft.server.log.segment.size.max = 1048576 (custom)
2019-09-12 11:41:55,356 [pool-133-thread-1] INFO  server.RaftServerConfigKeys (ConfUtils.java:logGet(43)) - raft.server.log.segment.cache.num.max = 2 (custom)
2019-09-12 11:41:55,356 [pool-133-thread-1] INFO  segmented.SegmentedRaftLogWorker (SegmentedRaftLogWorker.java:<init>(172)) - new 886466c9-5aa1-40b7-a815-0180689d2dd8-SegmentedRaftLogWorker:Storage Directory /workdir/hadoop-ozone/ozonefs/target/test-dir/MiniOzoneClusterImpl-d4b21612-7553-42f8-bcad-6f2a2d0d7ac7/datanode-0/data/ratis/650ec2c8-dc11-44e4-a203-46258de3630e for RaftStorage:Storage Directory /workdir/hadoop-ozone/ozonefs/target/test-dir/MiniOzoneClusterImpl-d4b21612-7553-42f8-bcad-6f2a2d0d7ac7/datanode-0/data/ratis/650ec2c8-dc11-44e4-a203-46258de3630e
2019-09-12 11:41:55,356 [pool-133-thread-1] INFO  server.RaftServerConfigKeys (ConfUtils.java:logGet(43)) - raft.server.log.queue.byte-limit = 2147483647 (custom)
2019-09-12 11:41:55,357 [pool-133-thread-1] INFO  server.RaftServerConfigKeys (ConfUtils.java:logGet(43)) - raft.server.log.queue.element-limit = 1024 (custom)
2019-09-12 11:41:55,357 [pool-133-thread-1] INFO  server.RaftServerConfigKeys (ConfUtils.java:logGet(43)) - raft.server.log.segment.size.max = 1048576 (custom)
2019-09-12 11:41:55,357 [pool-133-thread-1] INFO  server.RaftServerConfigKeys (ConfUtils.java:logGet(43)) - raft.server.log.preallocated.size = 16384 (custom)
2019-09-12 11:41:55,357 [pool-133-thread-1] INFO  server.RaftServerConfigKeys (ConfUtils.java:logGet(43)) - raft.server.log.write.buffer.size = 33554432 (custom)
2019-09-12 11:41:55,357 [pool-133-thread-1] INFO  server.RaftServerConfigKeys (ConfUtils.java:logGet(43)) - raft.server.log.force.sync.num = 128 (default)
2019-09-12 11:41:55,358 [pool-133-thread-1] INFO  server.RaftServerConfigKeys (ConfUtils.java:logGet(43)) - raft.server.log.statemachine.data.sync = true (default)
2019-09-12 11:41:55,358 [pool-133-thread-1] INFO  server.RaftServerConfigKeys (ConfUtils.java:logGet(43)) - raft.server.log.statemachine.data.sync.timeout = 10s (default)
2019-09-12 11:41:55,358 [pool-133-thread-1] INFO  server.RaftServerConfigKeys (ConfUtils.java:logGet(43)) - raft.server.log.statemachine.data.sync.timeout.retry = -1 (default)
2019-09-12 11:41:55,358 [pool-133-thread-1] INFO  server.RaftServerConfigKeys (ConfUtils.java:logGet(43)) - raft.server.log.statemachine.data.caching.enabled = true (custom)
2019-09-12 11:41:55,359 [pool-133-thread-1] INFO  segmented.SegmentedRaftLogWorker (SegmentedRaftLogWorker.java:lambda$new$0(132)) - 886466c9-5aa1-40b7-a815-0180689d2dd8-SegmentedRaftLogWorker:Storage Directory /workdir/hadoop-ozone/ozonefs/target/test-dir/MiniOzoneClusterImpl-d4b21612-7553-42f8-bcad-6f2a2d0d7ac7/datanode-0/data/ratis/650ec2c8-dc11-44e4-a203-46258de3630e: flushIndex: setUnconditionally 0 -> -1
2019-09-12 11:41:55,359 [pool-133-thread-1] INFO  server.RaftServerConfigKeys (ConfUtils.java:logGet(43)) - raft.server.snapshot.auto.trigger.enabled = true (custom)
2019-09-12 11:41:55,359 [pool-133-thread-1] INFO  server.RaftServerConfigKeys (ConfUtils.java:logGet(43)) - raft.server.snapshot.auto.trigger.threshold = 10000 (custom)
2019-09-12 11:41:55,359 [pool-133-thread-1] INFO  server.RaftServerConfigKeys (ConfUtils.java:logGet(43)) - raft.server.retrycache.expirytime = 600000ms (custom)
2019-09-12 11:41:55,360 [pool-133-thread-1] INFO  impl.RaftServerImpl (RaftServerImpl.java:start(180)) - 886466c9-5aa1-40b7-a815-0180689d2dd8: start group-46258DE3630E
2019-09-12 11:41:55,360 [pool-133-thread-1] INFO  impl.RaftServerImpl (RaftServerImpl.java:setRole(171)) - 886466c9-5aa1-40b7-a815-0180689d2dd8:group-46258DE3630E changes role from null to FOLLOWER at term 0 for startAsFollower
2019-09-12 11:41:55,360 [pool-133-thread-1] INFO  impl.RoleInfo (RoleInfo.java:updateAndGet(143)) - 886466c9-5aa1-40b7-a815-0180689d2dd8: start FollowerState
2019-09-12 11:41:55,361 [pool-133-thread-1] INFO  util.JmxRegister (JmxRegister.java:tryRegister(44)) - Successfully registered JMX Bean with object name Ratis:service=RaftServer,group=group-46258DE3630E,id=886466c9-5aa1-40b7-a815-0180689d2dd8
2019-09-12 11:41:55,377 [RatisPipelineUtilsThread] INFO  pipeline.PipelineStateManager (PipelineStateManager.java:addPipeline(56)) - Created pipeline Pipeline[ Id: 650ec2c8-dc11-44e4-a203-46258de3630e, Nodes: 886466c9-5aa1-40b7-a815-0180689d2dd8{ip: 192.168.157.195, host: pr-hdds-1569-xtfnx-3545843844, networkLocation: /default-rack, certSerialId: null}, Type:RATIS, Factor:ONE, State:OPEN]
2019-09-12 11:41:55,387 [grpc-default-executor-0] INFO  impl.RaftServerProxy (RaftServerProxy.java:addNew(89)) - 886466c9-5aa1-40b7-a815-0180689d2dd8: addNew group-4818F684B499:[886466c9-5aa1-40b7-a815-0180689d2dd8:192.168.157.195:34621] returns group-4818F684B499:java.util.concurrent.CompletableFuture@36f8f91[Not completed]
2019-09-12 11:41:55,389 [pool-133-thread-1] INFO  impl.RaftServerImpl (RaftServerImpl.java:<init>(93)) - 886466c9-5aa1-40b7-a815-0180689d2dd8: new RaftServerImpl for group-4818F684B499:[886466c9-5aa1-40b7-a815-0180689d2dd8:192.168.157.195:34621] with ContainerStateMachine:uninitialized
2019-09-12 11:41:55,389 [pool-133-thread-1] INFO  server.RaftServerConfigKeys (ConfUtils.java:logGet(43)) - raft.server.rpc.timeout.min = 5s (custom)
2019-09-12 11:41:55,389 [pool-133-thread-1] INFO  server.RaftServerConfigKeys (ConfUtils.java:logGet(43)) - raft.server.rpc.timeout.max = 5200ms (custom)
2019-09-12 11:41:55,389 [pool-133-thread-1] INFO  server.RaftServerConfigKeys (ConfUtils.java:logGet(43)) - raft.server.rpcslowness.timeout = 120s (custom)
2019-09-12 11:41:55,389 [pool-133-thread-1] INFO  server.RaftServerConfigKeys (ConfUtils.java:logGet(43)) - raft.server.sleep.deviation.threshold = 300 (default)
2019-09-12 11:41:55,389 [pool-133-thread-1] INFO  server.RaftServerConfigKeys (ConfUtils.java:logGet(43)) - raft.server.log.appender.install.snapshot.enabled = false (custom)
2019-09-12 11:41:55,390 [pool-133-thread-1] INFO  impl.RaftServerImpl (ServerState.java:<init>(105)) - 886466c9-5aa1-40b7-a815-0180689d2dd8:group-4818F684B499 ConfigurationManager, init=-1: [886466c9-5aa1-40b7-a815-0180689d2dd8:192.168.157.195:34621], old=null, confs=<EMPTY_MAP>
2019-09-12 11:41:55,390 [pool-133-thread-1] INFO  server.RaftServerConfigKeys (ConfUtils.java:logGet(43)) - raft.server.storage.dir = [/workdir/hadoop-ozone/ozonefs/target/test-dir/MiniOzoneClusterImpl-d4b21612-7553-42f8-bcad-6f2a2d0d7ac7/datanode-0/data/ratis] (custom)
2019-09-12 11:41:55,390 [pool-133-thread-1] INFO  storage.RaftStorageDirectory (RaftStorageDirectory.java:analyzeStorage(246)) - The storage directory /workdir/hadoop-ozone/ozonefs/target/test-dir/MiniOzoneClusterImpl-d4b21612-7553-42f8-bcad-6f2a2d0d7ac7/datanode-0/data/ratis/c4f93d06-624a-4188-9cb3-4818f684b499 does not exist. Creating ...
2019-09-12 11:41:55,403 [pool-133-thread-1] INFO  storage.RaftStorageDirectory (RaftStorageDirectory.java:tryLock(328)) - Lock on /workdir/hadoop-ozone/ozonefs/target/test-dir/MiniOzoneClusterImpl-d4b21612-7553-42f8-bcad-6f2a2d0d7ac7/datanode-0/data/ratis/c4f93d06-624a-4188-9cb3-4818f684b499/in_use.lock acquired by nodename 27663@pr-hdds-1569-xtfnx-3545843844
2019-09-12 11:41:55,416 [pool-133-thread-1] INFO  storage.RaftStorage (RaftStorage.java:format(72)) - Storage directory /workdir/hadoop-ozone/ozonefs/target/test-dir/MiniOzoneClusterImpl-d4b21612-7553-42f8-bcad-6f2a2d0d7ac7/datanode-0/data/ratis/c4f93d06-624a-4188-9cb3-4818f684b499 has been successfully formatted.
2019-09-12 11:41:55,417 [pool-133-thread-1] INFO  ratis.ContainerStateMachine (ContainerStateMachine.java:loadSnapshot(226)) - group-4818F684B499: The snapshot info is null. Setting the last applied indexto:(t:0, i:~)
2019-09-12 11:41:55,417 [pool-133-thread-1] INFO  server.RaftServerConfigKeys (ConfUtils.java:logGet(43)) - raft.server.leader.election.timeout = 120s (custom)
2019-09-12 11:41:55,417 [pool-133-thread-1] INFO  server.RaftServerConfigKeys (ConfUtils.java:logGet(43)) - raft.server.log.use.memory = false (default)
2019-09-12 11:41:55,417 [pool-133-thread-1] INFO  server.RaftServerConfigKeys (ConfUtils.java:logGet(43)) - raft.server.log.purge.gap = 1000000 (custom)
2019-09-12 11:41:55,418 [pool-133-thread-1] INFO  server.RaftServerConfigKeys (ConfUtils.java:logGet(43)) - raft.server.log.appender.buffer.byte-limit = 33554432 (custom)
2019-09-12 11:41:55,418 [pool-133-thread-1] INFO  server.RaftServerConfigKeys (ConfUtils.java:logGet(43)) - raft.server.log.segment.size.max = 1048576 (custom)
2019-09-12 11:41:55,418 [pool-133-thread-1] INFO  server.RaftServerConfigKeys (ConfUtils.java:logGet(43)) - raft.server.log.segment.cache.num.max = 2 (custom)
2019-09-12 11:41:55,418 [pool-133-thread-1] INFO  segmented.SegmentedRaftLogWorker (SegmentedRaftLogWorker.java:<init>(172)) - new 886466c9-5aa1-40b7-a815-0180689d2dd8-SegmentedRaftLogWorker:Storage Directory /workdir/hadoop-ozone/ozonefs/target/test-dir/MiniOzoneClusterImpl-d4b21612-7553-42f8-bcad-6f2a2d0d7ac7/datanode-0/data/ratis/c4f93d06-624a-4188-9cb3-4818f684b499 for RaftStorage:Storage Directory /workdir/hadoop-ozone/ozonefs/target/test-dir/MiniOzoneClusterImpl-d4b21612-7553-42f8-bcad-6f2a2d0d7ac7/datanode-0/data/ratis/c4f93d06-624a-4188-9cb3-4818f684b499
2019-09-12 11:41:55,418 [pool-133-thread-1] INFO  server.RaftServerConfigKeys (ConfUtils.java:logGet(43)) - raft.server.log.queue.byte-limit = 2147483647 (custom)
2019-09-12 11:41:55,418 [pool-133-thread-1] INFO  server.RaftServerConfigKeys (ConfUtils.java:logGet(43)) - raft.server.log.queue.element-limit = 1024 (custom)
2019-09-12 11:41:55,419 [pool-133-thread-1] INFO  server.RaftServerConfigKeys (ConfUtils.java:logGet(43)) - raft.server.log.segment.size.max = 1048576 (custom)
2019-09-12 11:41:55,419 [pool-133-thread-1] INFO  server.RaftServerConfigKeys (ConfUtils.java:logGet(43)) - raft.server.log.preallocated.size = 16384 (custom)
2019-09-12 11:41:55,419 [pool-133-thread-1] INFO  server.RaftServerConfigKeys (ConfUtils.java:logGet(43)) - raft.server.log.write.buffer.size = 33554432 (custom)
2019-09-12 11:41:55,419 [pool-133-thread-1] INFO  server.RaftServerConfigKeys (ConfUtils.java:logGet(43)) - raft.server.log.force.sync.num = 128 (default)
2019-09-12 11:41:55,419 [pool-133-thread-1] INFO  server.RaftServerConfigKeys (ConfUtils.java:logGet(43)) - raft.server.log.statemachine.data.sync = true (default)
2019-09-12 11:41:55,419 [pool-133-thread-1] INFO  server.RaftServerConfigKeys (ConfUtils.java:logGet(43)) - raft.server.log.statemachine.data.sync.timeout = 10s (default)
2019-09-12 11:41:55,419 [pool-133-thread-1] INFO  server.RaftServerConfigKeys (ConfUtils.java:logGet(43)) - raft.server.log.statemachine.data.sync.timeout.retry = -1 (default)
2019-09-12 11:41:55,420 [pool-133-thread-1] INFO  server.RaftServerConfigKeys (ConfUtils.java:logGet(43)) - raft.server.log.statemachine.data.caching.enabled = true (custom)
2019-09-12 11:41:55,420 [pool-133-thread-1] INFO  segmented.SegmentedRaftLogWorker (SegmentedRaftLogWorker.java:lambda$new$0(132)) - 886466c9-5aa1-40b7-a815-0180689d2dd8-SegmentedRaftLogWorker:Storage Directory /workdir/hadoop-ozone/ozonefs/target/test-dir/MiniOzoneClusterImpl-d4b21612-7553-42f8-bcad-6f2a2d0d7ac7/datanode-0/data/ratis/c4f93d06-624a-4188-9cb3-4818f684b499: flushIndex: setUnconditionally 0 -> -1
2019-09-12 11:41:55,420 [pool-133-thread-1] INFO  server.RaftServerConfigKeys (ConfUtils.java:logGet(43)) - raft.server.snapshot.auto.trigger.enabled = true (custom)
2019-09-12 11:41:55,421 [pool-133-thread-1] INFO  server.RaftServerConfigKeys (ConfUtils.java:logGet(43)) - raft.server.snapshot.auto.trigger.threshold = 10000 (custom)
2019-09-12 11:41:55,421 [pool-133-thread-1] INFO  server.RaftServerConfigKeys (ConfUtils.java:logGet(43)) - raft.server.retrycache.expirytime = 600000ms (custom)
2019-09-12 11:41:55,421 [pool-133-thread-1] INFO  impl.RaftServerImpl (RaftServerImpl.java:start(180)) - 886466c9-5aa1-40b7-a815-0180689d2dd8: start group-4818F684B499
2019-09-12 11:41:55,421 [pool-133-thread-1] INFO  impl.RaftServerImpl (RaftServerImpl.java:setRole(171)) - 886466c9-5aa1-40b7-a815-0180689d2dd8:group-4818F684B499 changes role from null to FOLLOWER at term 0 for startAsFollower
2019-09-12 11:41:55,421 [pool-133-thread-1] INFO  impl.RoleInfo (RoleInfo.java:updateAndGet(143)) - 886466c9-5aa1-40b7-a815-0180689d2dd8: start FollowerState
2019-09-12 11:41:55,422 [pool-133-thread-1] INFO  util.JmxRegister (JmxRegister.java:tryRegister(44)) - Successfully registered JMX Bean with object name Ratis:service=RaftServer,group=group-4818F684B499,id=886466c9-5aa1-40b7-a815-0180689d2dd8
2019-09-12 11:41:55,427 [RatisPipelineUtilsThread] INFO  pipeline.PipelineStateManager (PipelineStateManager.java:addPipeline(56)) - Created pipeline Pipeline[ Id: c4f93d06-624a-4188-9cb3-4818f684b499, Nodes: 886466c9-5aa1-40b7-a815-0180689d2dd8{ip: 192.168.157.195, host: pr-hdds-1569-xtfnx-3545843844, networkLocation: /default-rack, certSerialId: null}, Type:RATIS, Factor:ONE, State:OPEN]
2019-09-12 11:41:55,441 [grpc-default-executor-1] INFO  impl.RaftServerProxy (RaftServerProxy.java:addNew(89)) - 886466c9-5aa1-40b7-a815-0180689d2dd8: addNew group-C3D38CC9CF70:[886466c9-5aa1-40b7-a815-0180689d2dd8:192.168.157.195:34621] returns group-C3D38CC9CF70:java.util.concurrent.CompletableFuture@65108165[Not completed]
2019-09-12 11:41:55,443 [pool-133-thread-1] INFO  impl.RaftServerImpl (RaftServerImpl.java:<init>(93)) - 886466c9-5aa1-40b7-a815-0180689d2dd8: new RaftServerImpl for group-C3D38CC9CF70:[886466c9-5aa1-40b7-a815-0180689d2dd8:192.168.157.195:34621] with ContainerStateMachine:uninitialized
2019-09-12 11:41:55,443 [pool-133-thread-1] INFO  server.RaftServerConfigKeys (ConfUtils.java:logGet(43)) - raft.server.rpc.timeout.min = 5s (custom)
2019-09-12 11:41:55,443 [pool-133-thread-1] INFO  server.RaftServerConfigKeys (ConfUtils.java:logGet(43)) - raft.server.rpc.timeout.max = 5200ms (custom)
2019-09-12 11:41:55,443 [pool-133-thread-1] INFO  server.RaftServerConfigKeys (ConfUtils.java:logGet(43)) - raft.server.rpcslowness.timeout = 120s (custom)
2019-09-12 11:41:55,443 [pool-133-thread-1] INFO  server.RaftServerConfigKeys (ConfUtils.java:logGet(43)) - raft.server.sleep.deviation.threshold = 300 (default)
2019-09-12 11:41:55,443 [pool-133-thread-1] INFO  server.RaftServerConfigKeys (ConfUtils.java:logGet(43)) - raft.server.log.appender.install.snapshot.enabled = false (custom)
2019-09-12 11:41:55,444 [pool-133-thread-1] INFO  impl.RaftServerImpl (ServerState.java:<init>(105)) - 886466c9-5aa1-40b7-a815-0180689d2dd8:group-C3D38CC9CF70 ConfigurationManager, init=-1: [886466c9-5aa1-40b7-a815-0180689d2dd8:192.168.157.195:34621], old=null, confs=<EMPTY_MAP>
2019-09-12 11:41:55,444 [pool-133-thread-1] INFO  server.RaftServerConfigKeys (ConfUtils.java:logGet(43)) - raft.server.storage.dir = [/workdir/hadoop-ozone/ozonefs/target/test-dir/MiniOzoneClusterImpl-d4b21612-7553-42f8-bcad-6f2a2d0d7ac7/datanode-0/data/ratis] (custom)
2019-09-12 11:41:55,444 [pool-133-thread-1] INFO  storage.RaftStorageDirectory (RaftStorageDirectory.java:analyzeStorage(246)) - The storage directory /workdir/hadoop-ozone/ozonefs/target/test-dir/MiniOzoneClusterImpl-d4b21612-7553-42f8-bcad-6f2a2d0d7ac7/datanode-0/data/ratis/5c0a16ab-7b3b-4bf8-801e-c3d38cc9cf70 does not exist. Creating ...
2019-09-12 11:41:55,457 [pool-133-thread-1] INFO  storage.RaftStorageDirectory (RaftStorageDirectory.java:tryLock(328)) - Lock on /workdir/hadoop-ozone/ozonefs/target/test-dir/MiniOzoneClusterImpl-d4b21612-7553-42f8-bcad-6f2a2d0d7ac7/datanode-0/data/ratis/5c0a16ab-7b3b-4bf8-801e-c3d38cc9cf70/in_use.lock acquired by nodename 27663@pr-hdds-1569-xtfnx-3545843844
2019-09-12 11:41:55,470 [pool-133-thread-1] INFO  storage.RaftStorage (RaftStorage.java:format(72)) - Storage directory /workdir/hadoop-ozone/ozonefs/target/test-dir/MiniOzoneClusterImpl-d4b21612-7553-42f8-bcad-6f2a2d0d7ac7/datanode-0/data/ratis/5c0a16ab-7b3b-4bf8-801e-c3d38cc9cf70 has been successfully formatted.
2019-09-12 11:41:55,470 [pool-133-thread-1] INFO  ratis.ContainerStateMachine (ContainerStateMachine.java:loadSnapshot(226)) - group-C3D38CC9CF70: The snapshot info is null. Setting the last applied indexto:(t:0, i:~)
2019-09-12 11:41:55,471 [pool-133-thread-1] INFO  server.RaftServerConfigKeys (ConfUtils.java:logGet(43)) - raft.server.leader.election.timeout = 120s (custom)
2019-09-12 11:41:55,471 [pool-133-thread-1] INFO  server.RaftServerConfigKeys (ConfUtils.java:logGet(43)) - raft.server.log.use.memory = false (default)
2019-09-12 11:41:55,471 [pool-133-thread-1] INFO  server.RaftServerConfigKeys (ConfUtils.java:logGet(43)) - raft.server.log.purge.gap = 1000000 (custom)
2019-09-12 11:41:55,471 [pool-133-thread-1] INFO  server.RaftServerConfigKeys (ConfUtils.java:logGet(43)) - raft.server.log.appender.buffer.byte-limit = 33554432 (custom)
2019-09-12 11:41:55,471 [pool-133-thread-1] INFO  server.RaftServerConfigKeys (ConfUtils.java:logGet(43)) - raft.server.log.segment.size.max = 1048576 (custom)
2019-09-12 11:41:55,471 [pool-133-thread-1] INFO  server.RaftServerConfigKeys (ConfUtils.java:logGet(43)) - raft.server.log.segment.cache.num.max = 2 (custom)
2019-09-12 11:41:55,472 [pool-133-thread-1] INFO  segmented.SegmentedRaftLogWorker (SegmentedRaftLogWorker.java:<init>(172)) - new 886466c9-5aa1-40b7-a815-0180689d2dd8-SegmentedRaftLogWorker:Storage Directory /workdir/hadoop-ozone/ozonefs/target/test-dir/MiniOzoneClusterImpl-d4b21612-7553-42f8-bcad-6f2a2d0d7ac7/datanode-0/data/ratis/5c0a16ab-7b3b-4bf8-801e-c3d38cc9cf70 for RaftStorage:Storage Directory /workdir/hadoop-ozone/ozonefs/target/test-dir/MiniOzoneClusterImpl-d4b21612-7553-42f8-bcad-6f2a2d0d7ac7/datanode-0/data/ratis/5c0a16ab-7b3b-4bf8-801e-c3d38cc9cf70
2019-09-12 11:41:55,472 [pool-133-thread-1] INFO  server.RaftServerConfigKeys (ConfUtils.java:logGet(43)) - raft.server.log.queue.byte-limit = 2147483647 (custom)
2019-09-12 11:41:55,472 [pool-133-thread-1] INFO  server.RaftServerConfigKeys (ConfUtils.java:logGet(43)) - raft.server.log.queue.element-limit = 1024 (custom)
2019-09-12 11:41:55,472 [pool-133-thread-1] INFO  server.RaftServerConfigKeys (ConfUtils.java:logGet(43)) - raft.server.log.segment.size.max = 1048576 (custom)
2019-09-12 11:41:55,472 [pool-133-thread-1] INFO  server.RaftServerConfigKeys (ConfUtils.java:logGet(43)) - raft.server.log.preallocated.size = 16384 (custom)
2019-09-12 11:41:55,472 [pool-133-thread-1] INFO  server.RaftServerConfigKeys (ConfUtils.java:logGet(43)) - raft.server.log.write.buffer.size = 33554432 (custom)
2019-09-12 11:41:55,473 [pool-133-thread-1] INFO  server.RaftServerConfigKeys (ConfUtils.java:logGet(43)) - raft.server.log.force.sync.num = 128 (default)
2019-09-12 11:41:55,473 [pool-133-thread-1] INFO  server.RaftServerConfigKeys (ConfUtils.java:logGet(43)) - raft.server.log.statemachine.data.sync = true (default)
2019-09-12 11:41:55,473 [pool-133-thread-1] INFO  server.RaftServerConfigKeys (ConfUtils.java:logGet(43)) - raft.server.log.statemachine.data.sync.timeout = 10s (default)
2019-09-12 11:41:55,473 [pool-133-thread-1] INFO  server.RaftServerConfigKeys (ConfUtils.java:logGet(43)) - raft.server.log.statemachine.data.sync.timeout.retry = -1 (default)
2019-09-12 11:41:55,473 [pool-133-thread-1] INFO  server.RaftServerConfigKeys (ConfUtils.java:logGet(43)) - raft.server.log.statemachine.data.caching.enabled = true (custom)
2019-09-12 11:41:55,474 [pool-133-thread-1] INFO  segmented.SegmentedRaftLogWorker (SegmentedRaftLogWorker.java:lambda$new$0(132)) - 886466c9-5aa1-40b7-a815-0180689d2dd8-SegmentedRaftLogWorker:Storage Directory /workdir/hadoop-ozone/ozonefs/target/test-dir/MiniOzoneClusterImpl-d4b21612-7553-42f8-bcad-6f2a2d0d7ac7/datanode-0/data/ratis/5c0a16ab-7b3b-4bf8-801e-c3d38cc9cf70: flushIndex: setUnconditionally 0 -> -1
2019-09-12 11:41:55,474 [pool-133-thread-1] INFO  server.RaftServerConfigKeys (ConfUtils.java:logGet(43)) - raft.server.snapshot.auto.trigger.enabled = true (custom)
2019-09-12 11:41:55,474 [pool-133-thread-1] INFO  server.RaftServerConfigKeys (ConfUtils.java:logGet(43)) - raft.server.snapshot.auto.trigger.threshold = 10000 (custom)
2019-09-12 11:41:55,474 [pool-133-thread-1] INFO  server.RaftServerConfigKeys (ConfUtils.java:logGet(43)) - raft.server.retrycache.expirytime = 600000ms (custom)
2019-09-12 11:41:55,475 [pool-133-thread-1] INFO  impl.RaftServerImpl (RaftServerImpl.java:start(180)) - 886466c9-5aa1-40b7-a815-0180689d2dd8: start group-C3D38CC9CF70
2019-09-12 11:41:55,475 [pool-133-thread-1] INFO  impl.RaftServerImpl (RaftServerImpl.java:setRole(171)) - 886466c9-5aa1-40b7-a815-0180689d2dd8:group-C3D38CC9CF70 changes role from null to FOLLOWER at term 0 for startAsFollower
2019-09-12 11:41:55,475 [pool-133-thread-1] INFO  impl.RoleInfo (RoleInfo.java:updateAndGet(143)) - 886466c9-5aa1-40b7-a815-0180689d2dd8: start FollowerState
2019-09-12 11:41:55,475 [pool-133-thread-1] INFO  util.JmxRegister (JmxRegister.java:tryRegister(44)) - Successfully registered JMX Bean with object name Ratis:service=RaftServer,group=group-C3D38CC9CF70,id=886466c9-5aa1-40b7-a815-0180689d2dd8
2019-09-12 11:41:55,480 [RatisPipelineUtilsThread] INFO  pipeline.PipelineStateManager (PipelineStateManager.java:addPipeline(56)) - Created pipeline Pipeline[ Id: 5c0a16ab-7b3b-4bf8-801e-c3d38cc9cf70, Nodes: 886466c9-5aa1-40b7-a815-0180689d2dd8{ip: 192.168.157.195, host: pr-hdds-1569-xtfnx-3545843844, networkLocation: /default-rack, certSerialId: null}, Type:RATIS, Factor:ONE, State:OPEN]
2019-09-12 11:41:55,495 [grpc-default-executor-1] INFO  impl.RaftServerProxy (RaftServerProxy.java:addNew(89)) - 886466c9-5aa1-40b7-a815-0180689d2dd8: addNew group-8CD813E17F4E:[886466c9-5aa1-40b7-a815-0180689d2dd8:192.168.157.195:34621] returns group-8CD813E17F4E:java.util.concurrent.CompletableFuture@6fe8ea15[Not completed]
2019-09-12 11:41:55,497 [pool-133-thread-1] INFO  impl.RaftServerImpl (RaftServerImpl.java:<init>(93)) - 886466c9-5aa1-40b7-a815-0180689d2dd8: new RaftServerImpl for group-8CD813E17F4E:[886466c9-5aa1-40b7-a815-0180689d2dd8:192.168.157.195:34621] with ContainerStateMachine:uninitialized
2019-09-12 11:41:55,497 [pool-133-thread-1] INFO  server.RaftServerConfigKeys (ConfUtils.java:logGet(43)) - raft.server.rpc.timeout.min = 5s (custom)
2019-09-12 11:41:55,497 [pool-133-thread-1] INFO  server.RaftServerConfigKeys (ConfUtils.java:logGet(43)) - raft.server.rpc.timeout.max = 5200ms (custom)
2019-09-12 11:41:55,497 [pool-133-thread-1] INFO  server.RaftServerConfigKeys (ConfUtils.java:logGet(43)) - raft.server.rpcslowness.timeout = 120s (custom)
2019-09-12 11:41:55,497 [pool-133-thread-1] INFO  server.RaftServerConfigKeys (ConfUtils.java:logGet(43)) - raft.server.sleep.deviation.threshold = 300 (default)
2019-09-12 11:41:55,497 [pool-133-thread-1] INFO  server.RaftServerConfigKeys (ConfUtils.java:logGet(43)) - raft.server.log.appender.install.snapshot.enabled = false (custom)
2019-09-12 11:41:55,497 [pool-133-thread-1] INFO  impl.RaftServerImpl (ServerState.java:<init>(105)) - 886466c9-5aa1-40b7-a815-0180689d2dd8:group-8CD813E17F4E ConfigurationManager, init=-1: [886466c9-5aa1-40b7-a815-0180689d2dd8:192.168.157.195:34621], old=null, confs=<EMPTY_MAP>
2019-09-12 11:41:55,498 [pool-133-thread-1] INFO  server.RaftServerConfigKeys (ConfUtils.java:logGet(43)) - raft.server.storage.dir = [/workdir/hadoop-ozone/ozonefs/target/test-dir/MiniOzoneClusterImpl-d4b21612-7553-42f8-bcad-6f2a2d0d7ac7/datanode-0/data/ratis] (custom)
2019-09-12 11:41:55,498 [pool-133-thread-1] INFO  storage.RaftStorageDirectory (RaftStorageDirectory.java:analyzeStorage(246)) - The storage directory /workdir/hadoop-ozone/ozonefs/target/test-dir/MiniOzoneClusterImpl-d4b21612-7553-42f8-bcad-6f2a2d0d7ac7/datanode-0/data/ratis/a924de78-3014-44f2-bf83-8cd813e17f4e does not exist. Creating ...
2019-09-12 11:41:55,511 [pool-133-thread-1] INFO  storage.RaftStorageDirectory (RaftStorageDirectory.java:tryLock(328)) - Lock on /workdir/hadoop-ozone/ozonefs/target/test-dir/MiniOzoneClusterImpl-d4b21612-7553-42f8-bcad-6f2a2d0d7ac7/datanode-0/data/ratis/a924de78-3014-44f2-bf83-8cd813e17f4e/in_use.lock acquired by nodename 27663@pr-hdds-1569-xtfnx-3545843844
2019-09-12 11:41:55,517 [IPC Server handler 2 on 38143] INFO  net.NetworkTopology (NetworkTopologyImpl.java:add(110)) - Added a new node: /default-rack/c9117d98-403a-4e73-a5c3-67d4cb653b69
2019-09-12 11:41:55,517 [IPC Server handler 2 on 38143] INFO  node.SCMNodeManager (SCMNodeManager.java:register(273)) - Registered Data node : c9117d98-403a-4e73-a5c3-67d4cb653b69{ip: 192.168.157.195, host: pr-hdds-1569-xtfnx-3545843844, networkLocation: /default-rack, certSerialId: null}
2019-09-12 11:41:55,517 | INFO  | SCMAudit | user=jenkins1000 | ip=192.168.157.195 | op=REGISTER {datanodeDetails=c9117d98-403a-4e73-a5c3-67d4cb653b69{ip: 192.168.157.195, host: pr-hdds-1569-xtfnx-3545843844, networkLocation: /default-rack, certSerialId: null}} | ret=SUCCESS |  
2019-09-12 11:41:55,524 [pool-133-thread-1] INFO  storage.RaftStorage (RaftStorage.java:format(72)) - Storage directory /workdir/hadoop-ozone/ozonefs/target/test-dir/MiniOzoneClusterImpl-d4b21612-7553-42f8-bcad-6f2a2d0d7ac7/datanode-0/data/ratis/a924de78-3014-44f2-bf83-8cd813e17f4e has been successfully formatted.
2019-09-12 11:41:55,524 [pool-133-thread-1] INFO  ratis.ContainerStateMachine (ContainerStateMachine.java:loadSnapshot(226)) - group-8CD813E17F4E: The snapshot info is null. Setting the last applied indexto:(t:0, i:~)
2019-09-12 11:41:55,524 [pool-133-thread-1] INFO  server.RaftServerConfigKeys (ConfUtils.java:logGet(43)) - raft.server.leader.election.timeout = 120s (custom)
2019-09-12 11:41:55,525 [pool-133-thread-1] INFO  server.RaftServerConfigKeys (ConfUtils.java:logGet(43)) - raft.server.log.use.memory = false (default)
2019-09-12 11:41:55,525 [pool-133-thread-1] INFO  server.RaftServerConfigKeys (ConfUtils.java:logGet(43)) - raft.server.log.purge.gap = 1000000 (custom)
2019-09-12 11:41:55,525 [pool-133-thread-1] INFO  server.RaftServerConfigKeys (ConfUtils.java:logGet(43)) - raft.server.log.appender.buffer.byte-limit = 33554432 (custom)
2019-09-12 11:41:55,525 [pool-133-thread-1] INFO  server.RaftServerConfigKeys (ConfUtils.java:logGet(43)) - raft.server.log.segment.size.max = 1048576 (custom)
2019-09-12 11:41:55,525 [pool-133-thread-1] INFO  server.RaftServerConfigKeys (ConfUtils.java:logGet(43)) - raft.server.log.segment.cache.num.max = 2 (custom)
2019-09-12 11:41:55,526 [pool-133-thread-1] INFO  segmented.SegmentedRaftLogWorker (SegmentedRaftLogWorker.java:<init>(172)) - new 886466c9-5aa1-40b7-a815-0180689d2dd8-SegmentedRaftLogWorker:Storage Directory /workdir/hadoop-ozone/ozonefs/target/test-dir/MiniOzoneClusterImpl-d4b21612-7553-42f8-bcad-6f2a2d0d7ac7/datanode-0/data/ratis/a924de78-3014-44f2-bf83-8cd813e17f4e for RaftStorage:Storage Directory /workdir/hadoop-ozone/ozonefs/target/test-dir/MiniOzoneClusterImpl-d4b21612-7553-42f8-bcad-6f2a2d0d7ac7/datanode-0/data/ratis/a924de78-3014-44f2-bf83-8cd813e17f4e
2019-09-12 11:41:55,526 [pool-133-thread-1] INFO  server.RaftServerConfigKeys (ConfUtils.java:logGet(43)) - raft.server.log.queue.byte-limit = 2147483647 (custom)
2019-09-12 11:41:55,526 [pool-133-thread-1] INFO  server.RaftServerConfigKeys (ConfUtils.java:logGet(43)) - raft.server.log.queue.element-limit = 1024 (custom)
2019-09-12 11:41:55,526 [pool-133-thread-1] INFO  server.RaftServerConfigKeys (ConfUtils.java:logGet(43)) - raft.server.log.segment.size.max = 1048576 (custom)
2019-09-12 11:41:55,526 [pool-133-thread-1] INFO  server.RaftServerConfigKeys (ConfUtils.java:logGet(43)) - raft.server.log.preallocated.size = 16384 (custom)
2019-09-12 11:41:55,526 [pool-133-thread-1] INFO  server.RaftServerConfigKeys (ConfUtils.java:logGet(43)) - raft.server.log.write.buffer.size = 33554432 (custom)
2019-09-12 11:41:55,527 [pool-133-thread-1] INFO  server.RaftServerConfigKeys (ConfUtils.java:logGet(43)) - raft.server.log.force.sync.num = 128 (default)
2019-09-12 11:41:55,527 [pool-133-thread-1] INFO  server.RaftServerConfigKeys (ConfUtils.java:logGet(43)) - raft.server.log.statemachine.data.sync = true (default)
2019-09-12 11:41:55,527 [pool-133-thread-1] INFO  server.RaftServerConfigKeys (ConfUtils.java:logGet(43)) - raft.server.log.statemachine.data.sync.timeout = 10s (default)
2019-09-12 11:41:55,527 [pool-133-thread-1] INFO  server.RaftServerConfigKeys (ConfUtils.java:logGet(43)) - raft.server.log.statemachine.data.sync.timeout.retry = -1 (default)
2019-09-12 11:41:55,527 [pool-133-thread-1] INFO  server.RaftServerConfigKeys (ConfUtils.java:logGet(43)) - raft.server.log.statemachine.data.caching.enabled = true (custom)
2019-09-12 11:41:55,528 [pool-133-thread-1] INFO  segmented.SegmentedRaftLogWorker (SegmentedRaftLogWorker.java:lambda$new$0(132)) - 886466c9-5aa1-40b7-a815-0180689d2dd8-SegmentedRaftLogWorker:Storage Directory /workdir/hadoop-ozone/ozonefs/target/test-dir/MiniOzoneClusterImpl-d4b21612-7553-42f8-bcad-6f2a2d0d7ac7/datanode-0/data/ratis/a924de78-3014-44f2-bf83-8cd813e17f4e: flushIndex: setUnconditionally 0 -> -1
2019-09-12 11:41:55,528 [pool-133-thread-1] INFO  server.RaftServerConfigKeys (ConfUtils.java:logGet(43)) - raft.server.snapshot.auto.trigger.enabled = true (custom)
2019-09-12 11:41:55,528 [pool-133-thread-1] INFO  server.RaftServerConfigKeys (ConfUtils.java:logGet(43)) - raft.server.snapshot.auto.trigger.threshold = 10000 (custom)
2019-09-12 11:41:55,528 [pool-133-thread-1] INFO  server.RaftServerConfigKeys (ConfUtils.java:logGet(43)) - raft.server.retrycache.expirytime = 600000ms (custom)
2019-09-12 11:41:55,529 [pool-133-thread-1] INFO  impl.RaftServerImpl (RaftServerImpl.java:start(180)) - 886466c9-5aa1-40b7-a815-0180689d2dd8: start group-8CD813E17F4E
2019-09-12 11:41:55,529 [pool-133-thread-1] INFO  impl.RaftServerImpl (RaftServerImpl.java:setRole(171)) - 886466c9-5aa1-40b7-a815-0180689d2dd8:group-8CD813E17F4E changes role from null to FOLLOWER at term 0 for startAsFollower
2019-09-12 11:41:55,529 [pool-133-thread-1] INFO  impl.RoleInfo (RoleInfo.java:updateAndGet(143)) - 886466c9-5aa1-40b7-a815-0180689d2dd8: start FollowerState
2019-09-12 11:41:55,534 [pool-133-thread-1] INFO  util.JmxRegister (JmxRegister.java:tryRegister(44)) - Successfully registered JMX Bean with object name Ratis:service=RaftServer,group=group-8CD813E17F4E,id=886466c9-5aa1-40b7-a815-0180689d2dd8
2019-09-12 11:41:55,545 [RatisPipelineUtilsThread] INFO  pipeline.PipelineStateManager (PipelineStateManager.java:addPipeline(56)) - Created pipeline Pipeline[ Id: a924de78-3014-44f2-bf83-8cd813e17f4e, Nodes: 886466c9-5aa1-40b7-a815-0180689d2dd8{ip: 192.168.157.195, host: pr-hdds-1569-xtfnx-3545843844, networkLocation: /default-rack, certSerialId: null}, Type:RATIS, Factor:ONE, State:OPEN]
2019-09-12 11:41:55,551 [grpc-default-executor-1] INFO  impl.RaftServerProxy (RaftServerProxy.java:addNew(89)) - 886466c9-5aa1-40b7-a815-0180689d2dd8: addNew group-32BD94C3AE5A:[886466c9-5aa1-40b7-a815-0180689d2dd8:192.168.157.195:34621] returns group-32BD94C3AE5A:java.util.concurrent.CompletableFuture@4b10de1d[Not completed]
2019-09-12 11:41:55,552 [pool-133-thread-1] INFO  impl.RaftServerImpl (RaftServerImpl.java:<init>(93)) - 886466c9-5aa1-40b7-a815-0180689d2dd8: new RaftServerImpl for group-32BD94C3AE5A:[886466c9-5aa1-40b7-a815-0180689d2dd8:192.168.157.195:34621] with ContainerStateMachine:uninitialized
2019-09-12 11:41:55,552 [pool-133-thread-1] INFO  server.RaftServerConfigKeys (ConfUtils.java:logGet(43)) - raft.server.rpc.timeout.min = 5s (custom)
2019-09-12 11:41:55,552 [pool-133-thread-1] INFO  server.RaftServerConfigKeys (ConfUtils.java:logGet(43)) - raft.server.rpc.timeout.max = 5200ms (custom)
2019-09-12 11:41:55,553 [pool-133-thread-1] INFO  server.RaftServerConfigKeys (ConfUtils.java:logGet(43)) - raft.server.rpcslowness.timeout = 120s (custom)
2019-09-12 11:41:55,553 [pool-133-thread-1] INFO  server.RaftServerConfigKeys (ConfUtils.java:logGet(43)) - raft.server.sleep.deviation.threshold = 300 (default)
2019-09-12 11:41:55,553 [pool-133-thread-1] INFO  server.RaftServerConfigKeys (ConfUtils.java:logGet(43)) - raft.server.log.appender.install.snapshot.enabled = false (custom)
2019-09-12 11:41:55,553 [pool-133-thread-1] INFO  impl.RaftServerImpl (ServerState.java:<init>(105)) - 886466c9-5aa1-40b7-a815-0180689d2dd8:group-32BD94C3AE5A ConfigurationManager, init=-1: [886466c9-5aa1-40b7-a815-0180689d2dd8:192.168.157.195:34621], old=null, confs=<EMPTY_MAP>
2019-09-12 11:41:55,553 [pool-133-thread-1] INFO  server.RaftServerConfigKeys (ConfUtils.java:logGet(43)) - raft.server.storage.dir = [/workdir/hadoop-ozone/ozonefs/target/test-dir/MiniOzoneClusterImpl-d4b21612-7553-42f8-bcad-6f2a2d0d7ac7/datanode-0/data/ratis] (custom)
2019-09-12 11:41:55,554 [pool-133-thread-1] INFO  storage.RaftStorageDirectory (RaftStorageDirectory.java:analyzeStorage(246)) - The storage directory /workdir/hadoop-ozone/ozonefs/target/test-dir/MiniOzoneClusterImpl-d4b21612-7553-42f8-bcad-6f2a2d0d7ac7/datanode-0/data/ratis/260a2ed4-c1ea-4545-bd22-32bd94c3ae5a does not exist. Creating ...
2019-09-12 11:41:55,568 [pool-133-thread-1] INFO  storage.RaftStorageDirectory (RaftStorageDirectory.java:tryLock(328)) - Lock on /workdir/hadoop-ozone/ozonefs/target/test-dir/MiniOzoneClusterImpl-d4b21612-7553-42f8-bcad-6f2a2d0d7ac7/datanode-0/data/ratis/260a2ed4-c1ea-4545-bd22-32bd94c3ae5a/in_use.lock acquired by nodename 27663@pr-hdds-1569-xtfnx-3545843844
2019-09-12 11:41:55,581 [pool-133-thread-1] INFO  storage.RaftStorage (RaftStorage.java:format(72)) - Storage directory /workdir/hadoop-ozone/ozonefs/target/test-dir/MiniOzoneClusterImpl-d4b21612-7553-42f8-bcad-6f2a2d0d7ac7/datanode-0/data/ratis/260a2ed4-c1ea-4545-bd22-32bd94c3ae5a has been successfully formatted.
2019-09-12 11:41:55,581 [pool-133-thread-1] INFO  ratis.ContainerStateMachine (ContainerStateMachine.java:loadSnapshot(226)) - group-32BD94C3AE5A: The snapshot info is null. Setting the last applied indexto:(t:0, i:~)
2019-09-12 11:41:55,582 [pool-133-thread-1] INFO  server.RaftServerConfigKeys (ConfUtils.java:logGet(43)) - raft.server.leader.election.timeout = 120s (custom)
2019-09-12 11:41:55,582 [pool-133-thread-1] INFO  server.RaftServerConfigKeys (ConfUtils.java:logGet(43)) - raft.server.log.use.memory = false (default)
2019-09-12 11:41:55,582 [pool-133-thread-1] INFO  server.RaftServerConfigKeys (ConfUtils.java:logGet(43)) - raft.server.log.purge.gap = 1000000 (custom)
2019-09-12 11:41:55,582 [pool-133-thread-1] INFO  server.RaftServerConfigKeys (ConfUtils.java:logGet(43)) - raft.server.log.appender.buffer.byte-limit = 33554432 (custom)
2019-09-12 11:41:55,582 [pool-133-thread-1] INFO  server.RaftServerConfigKeys (ConfUtils.java:logGet(43)) - raft.server.log.segment.size.max = 1048576 (custom)
2019-09-12 11:41:55,582 [pool-133-thread-1] INFO  server.RaftServerConfigKeys (ConfUtils.java:logGet(43)) - raft.server.log.segment.cache.num.max = 2 (custom)
2019-09-12 11:41:55,582 [pool-133-thread-1] INFO  segmented.SegmentedRaftLogWorker (SegmentedRaftLogWorker.java:<init>(172)) - new 886466c9-5aa1-40b7-a815-0180689d2dd8-SegmentedRaftLogWorker:Storage Directory /workdir/hadoop-ozone/ozonefs/target/test-dir/MiniOzoneClusterImpl-d4b21612-7553-42f8-bcad-6f2a2d0d7ac7/datanode-0/data/ratis/260a2ed4-c1ea-4545-bd22-32bd94c3ae5a for RaftStorage:Storage Directory /workdir/hadoop-ozone/ozonefs/target/test-dir/MiniOzoneClusterImpl-d4b21612-7553-42f8-bcad-6f2a2d0d7ac7/datanode-0/data/ratis/260a2ed4-c1ea-4545-bd22-32bd94c3ae5a
2019-09-12 11:41:55,583 [pool-133-thread-1] INFO  server.RaftServerConfigKeys (ConfUtils.java:logGet(43)) - raft.server.log.queue.byte-limit = 2147483647 (custom)
2019-09-12 11:41:55,583 [pool-133-thread-1] INFO  server.RaftServerConfigKeys (ConfUtils.java:logGet(43)) - raft.server.log.queue.element-limit = 1024 (custom)
2019-09-12 11:41:55,583 [pool-133-thread-1] INFO  server.RaftServerConfigKeys (ConfUtils.java:logGet(43)) - raft.server.log.segment.size.max = 1048576 (custom)
2019-09-12 11:41:55,583 [pool-133-thread-1] INFO  server.RaftServerConfigKeys (ConfUtils.java:logGet(43)) - raft.server.log.preallocated.size = 16384 (custom)
2019-09-12 11:41:55,583 [pool-133-thread-1] INFO  server.RaftServerConfigKeys (ConfUtils.java:logGet(43)) - raft.server.log.write.buffer.size = 33554432 (custom)
2019-09-12 11:41:55,583 [pool-133-thread-1] INFO  server.RaftServerConfigKeys (ConfUtils.java:logGet(43)) - raft.server.log.force.sync.num = 128 (default)
2019-09-12 11:41:55,583 [pool-133-thread-1] INFO  server.RaftServerConfigKeys (ConfUtils.java:logGet(43)) - raft.server.log.statemachine.data.sync = true (default)
2019-09-12 11:41:55,584 [pool-133-thread-1] INFO  server.RaftServerConfigKeys (ConfUtils.java:logGet(43)) - raft.server.log.statemachine.data.sync.timeout = 10s (default)
2019-09-12 11:41:55,584 [pool-133-thread-1] INFO  server.RaftServerConfigKeys (ConfUtils.java:logGet(43)) - raft.server.log.statemachine.data.sync.timeout.retry = -1 (default)
2019-09-12 11:41:55,584 [pool-133-thread-1] INFO  server.RaftServerConfigKeys (ConfUtils.java:logGet(43)) - raft.server.log.statemachine.data.caching.enabled = true (custom)
2019-09-12 11:41:55,584 [pool-133-thread-1] INFO  segmented.SegmentedRaftLogWorker (SegmentedRaftLogWorker.java:lambda$new$0(132)) - 886466c9-5aa1-40b7-a815-0180689d2dd8-SegmentedRaftLogWorker:Storage Directory /workdir/hadoop-ozone/ozonefs/target/test-dir/MiniOzoneClusterImpl-d4b21612-7553-42f8-bcad-6f2a2d0d7ac7/datanode-0/data/ratis/260a2ed4-c1ea-4545-bd22-32bd94c3ae5a: flushIndex: setUnconditionally 0 -> -1
2019-09-12 11:41:55,585 [pool-133-thread-1] INFO  server.RaftServerConfigKeys (ConfUtils.java:logGet(43)) - raft.server.snapshot.auto.trigger.enabled = true (custom)
2019-09-12 11:41:55,585 [pool-133-thread-1] INFO  server.RaftServerConfigKeys (ConfUtils.java:logGet(43)) - raft.server.snapshot.auto.trigger.threshold = 10000 (custom)
2019-09-12 11:41:55,585 [pool-133-thread-1] INFO  server.RaftServerConfigKeys (ConfUtils.java:logGet(43)) - raft.server.retrycache.expirytime = 600000ms (custom)
2019-09-12 11:41:55,585 [pool-133-thread-1] INFO  impl.RaftServerImpl (RaftServerImpl.java:start(180)) - 886466c9-5aa1-40b7-a815-0180689d2dd8: start group-32BD94C3AE5A
2019-09-12 11:41:55,585 [pool-133-thread-1] INFO  impl.RaftServerImpl (RaftServerImpl.java:setRole(171)) - 886466c9-5aa1-40b7-a815-0180689d2dd8:group-32BD94C3AE5A changes role from null to FOLLOWER at term 0 for startAsFollower
2019-09-12 11:41:55,585 [pool-133-thread-1] INFO  impl.RoleInfo (RoleInfo.java:updateAndGet(143)) - 886466c9-5aa1-40b7-a815-0180689d2dd8: start FollowerState
2019-09-12 11:41:55,586 [pool-133-thread-1] INFO  util.JmxRegister (JmxRegister.java:tryRegister(44)) - Successfully registered JMX Bean with object name Ratis:service=RaftServer,group=group-32BD94C3AE5A,id=886466c9-5aa1-40b7-a815-0180689d2dd8
2019-09-12 11:41:55,589 [RatisPipelineUtilsThread] INFO  pipeline.PipelineStateManager (PipelineStateManager.java:addPipeline(56)) - Created pipeline Pipeline[ Id: 260a2ed4-c1ea-4545-bd22-32bd94c3ae5a, Nodes: 886466c9-5aa1-40b7-a815-0180689d2dd8{ip: 192.168.157.195, host: pr-hdds-1569-xtfnx-3545843844, networkLocation: /default-rack, certSerialId: null}, Type:RATIS, Factor:ONE, State:OPEN]
2019-09-12 11:41:55,596 [grpc-default-executor-1] INFO  impl.RaftServerProxy (RaftServerProxy.java:addNew(89)) - c9117d98-403a-4e73-a5c3-67d4cb653b69: addNew group-D4079944EDAC:[c9117d98-403a-4e73-a5c3-67d4cb653b69:192.168.157.195:36936] returns group-D4079944EDAC:java.util.concurrent.CompletableFuture@4ac586c3[Not completed]
2019-09-12 11:41:55,598 [pool-144-thread-1] INFO  impl.RaftServerImpl (RaftServerImpl.java:<init>(93)) - c9117d98-403a-4e73-a5c3-67d4cb653b69: new RaftServerImpl for group-D4079944EDAC:[c9117d98-403a-4e73-a5c3-67d4cb653b69:192.168.157.195:36936] with ContainerStateMachine:uninitialized
2019-09-12 11:41:55,598 [pool-144-thread-1] INFO  server.RaftServerConfigKeys (ConfUtils.java:logGet(43)) - raft.server.rpc.timeout.min = 5s (custom)
2019-09-12 11:41:55,598 [pool-144-thread-1] INFO  server.RaftServerConfigKeys (ConfUtils.java:logGet(43)) - raft.server.rpc.timeout.max = 5200ms (custom)
2019-09-12 11:41:55,598 [pool-144-thread-1] INFO  server.RaftServerConfigKeys (ConfUtils.java:logGet(43)) - raft.server.rpcslowness.timeout = 120s (custom)
2019-09-12 11:41:55,599 [pool-144-thread-1] INFO  server.RaftServerConfigKeys (ConfUtils.java:logGet(43)) - raft.server.sleep.deviation.threshold = 300 (default)
2019-09-12 11:41:55,599 [pool-144-thread-1] INFO  server.RaftServerConfigKeys (ConfUtils.java:logGet(43)) - raft.server.log.appender.install.snapshot.enabled = false (custom)
2019-09-12 11:41:55,599 [pool-144-thread-1] INFO  impl.RaftServerImpl (ServerState.java:<init>(105)) - c9117d98-403a-4e73-a5c3-67d4cb653b69:group-D4079944EDAC ConfigurationManager, init=-1: [c9117d98-403a-4e73-a5c3-67d4cb653b69:192.168.157.195:36936], old=null, confs=<EMPTY_MAP>
2019-09-12 11:41:55,599 [pool-144-thread-1] INFO  server.RaftServerConfigKeys (ConfUtils.java:logGet(43)) - raft.server.storage.dir = [/workdir/hadoop-ozone/ozonefs/target/test-dir/MiniOzoneClusterImpl-d4b21612-7553-42f8-bcad-6f2a2d0d7ac7/datanode-1/data/ratis] (custom)
2019-09-12 11:41:55,600 [pool-144-thread-1] INFO  storage.RaftStorageDirectory (RaftStorageDirectory.java:analyzeStorage(246)) - The storage directory /workdir/hadoop-ozone/ozonefs/target/test-dir/MiniOzoneClusterImpl-d4b21612-7553-42f8-bcad-6f2a2d0d7ac7/datanode-1/data/ratis/d83c252b-6e00-462d-8b1e-d4079944edac does not exist. Creating ...
2019-09-12 11:41:55,612 [pool-144-thread-1] INFO  storage.RaftStorageDirectory (RaftStorageDirectory.java:tryLock(328)) - Lock on /workdir/hadoop-ozone/ozonefs/target/test-dir/MiniOzoneClusterImpl-d4b21612-7553-42f8-bcad-6f2a2d0d7ac7/datanode-1/data/ratis/d83c252b-6e00-462d-8b1e-d4079944edac/in_use.lock acquired by nodename 27663@pr-hdds-1569-xtfnx-3545843844
2019-09-12 11:41:55,641 [pool-144-thread-1] INFO  storage.RaftStorage (RaftStorage.java:format(72)) - Storage directory /workdir/hadoop-ozone/ozonefs/target/test-dir/MiniOzoneClusterImpl-d4b21612-7553-42f8-bcad-6f2a2d0d7ac7/datanode-1/data/ratis/d83c252b-6e00-462d-8b1e-d4079944edac has been successfully formatted.
2019-09-12 11:41:55,642 [pool-144-thread-1] INFO  ratis.ContainerStateMachine (ContainerStateMachine.java:loadSnapshot(226)) - group-D4079944EDAC: The snapshot info is null. Setting the last applied indexto:(t:0, i:~)
2019-09-12 11:41:55,642 [pool-144-thread-1] INFO  server.RaftServerConfigKeys (ConfUtils.java:logGet(43)) - raft.server.leader.election.timeout = 120s (custom)
2019-09-12 11:41:55,642 [pool-144-thread-1] INFO  server.RaftServerConfigKeys (ConfUtils.java:logGet(43)) - raft.server.log.use.memory = false (default)
2019-09-12 11:41:55,642 [pool-144-thread-1] INFO  server.RaftServerConfigKeys (ConfUtils.java:logGet(43)) - raft.server.log.purge.gap = 1000000 (custom)
2019-09-12 11:41:55,642 [pool-144-thread-1] INFO  server.RaftServerConfigKeys (ConfUtils.java:logGet(43)) - raft.server.log.appender.buffer.byte-limit = 33554432 (custom)
2019-09-12 11:41:55,643 [pool-144-thread-1] INFO  server.RaftServerConfigKeys (ConfUtils.java:logGet(43)) - raft.server.log.segment.size.max = 1048576 (custom)
2019-09-12 11:41:55,643 [pool-144-thread-1] INFO  server.RaftServerConfigKeys (ConfUtils.java:logGet(43)) - raft.server.log.segment.cache.num.max = 2 (custom)
2019-09-12 11:41:55,643 [pool-144-thread-1] INFO  segmented.SegmentedRaftLogWorker (SegmentedRaftLogWorker.java:<init>(172)) - new c9117d98-403a-4e73-a5c3-67d4cb653b69-SegmentedRaftLogWorker:Storage Directory /workdir/hadoop-ozone/ozonefs/target/test-dir/MiniOzoneClusterImpl-d4b21612-7553-42f8-bcad-6f2a2d0d7ac7/datanode-1/data/ratis/d83c252b-6e00-462d-8b1e-d4079944edac for RaftStorage:Storage Directory /workdir/hadoop-ozone/ozonefs/target/test-dir/MiniOzoneClusterImpl-d4b21612-7553-42f8-bcad-6f2a2d0d7ac7/datanode-1/data/ratis/d83c252b-6e00-462d-8b1e-d4079944edac
2019-09-12 11:41:55,643 [pool-144-thread-1] INFO  server.RaftServerConfigKeys (ConfUtils.java:logGet(43)) - raft.server.log.queue.byte-limit = 2147483647 (custom)
2019-09-12 11:41:55,643 [pool-144-thread-1] INFO  server.RaftServerConfigKeys (ConfUtils.java:logGet(43)) - raft.server.log.queue.element-limit = 1024 (custom)
2019-09-12 11:41:55,644 [pool-144-thread-1] INFO  server.RaftServerConfigKeys (ConfUtils.java:logGet(43)) - raft.server.log.segment.size.max = 1048576 (custom)
2019-09-12 11:41:55,644 [pool-144-thread-1] INFO  server.RaftServerConfigKeys (ConfUtils.java:logGet(43)) - raft.server.log.preallocated.size = 16384 (custom)
2019-09-12 11:41:55,644 [pool-144-thread-1] INFO  server.RaftServerConfigKeys (ConfUtils.java:logGet(43)) - raft.server.log.write.buffer.size = 33554432 (custom)
2019-09-12 11:41:55,644 [pool-144-thread-1] INFO  server.RaftServerConfigKeys (ConfUtils.java:logGet(43)) - raft.server.log.force.sync.num = 128 (default)
2019-09-12 11:41:55,644 [pool-144-thread-1] INFO  server.RaftServerConfigKeys (ConfUtils.java:logGet(43)) - raft.server.log.statemachine.data.sync = true (default)
2019-09-12 11:41:55,645 [pool-144-thread-1] INFO  server.RaftServerConfigKeys (ConfUtils.java:logGet(43)) - raft.server.log.statemachine.data.sync.timeout = 10s (default)
2019-09-12 11:41:55,645 [pool-144-thread-1] INFO  server.RaftServerConfigKeys (ConfUtils.java:logGet(43)) - raft.server.log.statemachine.data.sync.timeout.retry = -1 (default)
2019-09-12 11:41:55,645 [pool-144-thread-1] INFO  server.RaftServerConfigKeys (ConfUtils.java:logGet(43)) - raft.server.log.statemachine.data.caching.enabled = true (custom)
2019-09-12 11:41:55,646 [pool-144-thread-1] INFO  segmented.SegmentedRaftLogWorker (SegmentedRaftLogWorker.java:lambda$new$0(132)) - c9117d98-403a-4e73-a5c3-67d4cb653b69-SegmentedRaftLogWorker:Storage Directory /workdir/hadoop-ozone/ozonefs/target/test-dir/MiniOzoneClusterImpl-d4b21612-7553-42f8-bcad-6f2a2d0d7ac7/datanode-1/data/ratis/d83c252b-6e00-462d-8b1e-d4079944edac: flushIndex: setUnconditionally 0 -> -1
2019-09-12 11:41:55,646 [pool-144-thread-1] INFO  server.RaftServerConfigKeys (ConfUtils.java:logGet(43)) - raft.server.snapshot.auto.trigger.enabled = true (custom)
2019-09-12 11:41:55,646 [pool-144-thread-1] INFO  server.RaftServerConfigKeys (ConfUtils.java:logGet(43)) - raft.server.snapshot.auto.trigger.threshold = 10000 (custom)
2019-09-12 11:41:55,646 [pool-144-thread-1] INFO  server.RaftServerConfigKeys (ConfUtils.java:logGet(43)) - raft.server.retrycache.expirytime = 600000ms (custom)
2019-09-12 11:41:55,647 [pool-144-thread-1] INFO  impl.RaftServerImpl (RaftServerImpl.java:start(180)) - c9117d98-403a-4e73-a5c3-67d4cb653b69: start group-D4079944EDAC
2019-09-12 11:41:55,647 [pool-144-thread-1] INFO  impl.RaftServerImpl (RaftServerImpl.java:setRole(171)) - c9117d98-403a-4e73-a5c3-67d4cb653b69:group-D4079944EDAC changes role from null to FOLLOWER at term 0 for startAsFollower
2019-09-12 11:41:55,647 [pool-144-thread-1] INFO  impl.RoleInfo (RoleInfo.java:updateAndGet(143)) - c9117d98-403a-4e73-a5c3-67d4cb653b69: start FollowerState
2019-09-12 11:41:55,647 [pool-144-thread-1] INFO  util.JmxRegister (JmxRegister.java:tryRegister(44)) - Successfully registered JMX Bean with object name Ratis:service=RaftServer,group=group-D4079944EDAC,id=c9117d98-403a-4e73-a5c3-67d4cb653b69
2019-09-12 11:41:55,650 [RatisPipelineUtilsThread] INFO  pipeline.PipelineStateManager (PipelineStateManager.java:addPipeline(56)) - Created pipeline Pipeline[ Id: d83c252b-6e00-462d-8b1e-d4079944edac, Nodes: c9117d98-403a-4e73-a5c3-67d4cb653b69{ip: 192.168.157.195, host: pr-hdds-1569-xtfnx-3545843844, networkLocation: /default-rack, certSerialId: null}, Type:RATIS, Factor:ONE, State:OPEN]
2019-09-12 11:41:55,657 [grpc-default-executor-1] INFO  impl.RaftServerProxy (RaftServerProxy.java:addNew(89)) - c9117d98-403a-4e73-a5c3-67d4cb653b69: addNew group-6A699F46692A:[c9117d98-403a-4e73-a5c3-67d4cb653b69:192.168.157.195:36936] returns group-6A699F46692A:java.util.concurrent.CompletableFuture@4e1bbd00[Not completed]
2019-09-12 11:41:55,658 [pool-144-thread-1] INFO  impl.RaftServerImpl (RaftServerImpl.java:<init>(93)) - c9117d98-403a-4e73-a5c3-67d4cb653b69: new RaftServerImpl for group-6A699F46692A:[c9117d98-403a-4e73-a5c3-67d4cb653b69:192.168.157.195:36936] with ContainerStateMachine:uninitialized
2019-09-12 11:41:55,658 [pool-144-thread-1] INFO  server.RaftServerConfigKeys (ConfUtils.java:logGet(43)) - raft.server.rpc.timeout.min = 5s (custom)
2019-09-12 11:41:55,658 [pool-144-thread-1] INFO  server.RaftServerConfigKeys (ConfUtils.java:logGet(43)) - raft.server.rpc.timeout.max = 5200ms (custom)
2019-09-12 11:41:55,659 [pool-144-thread-1] INFO  server.RaftServerConfigKeys (ConfUtils.java:logGet(43)) - raft.server.rpcslowness.timeout = 120s (custom)
2019-09-12 11:41:55,659 [pool-144-thread-1] INFO  server.RaftServerConfigKeys (ConfUtils.java:logGet(43)) - raft.server.sleep.deviation.threshold = 300 (default)
2019-09-12 11:41:55,659 [pool-144-thread-1] INFO  server.RaftServerConfigKeys (ConfUtils.java:logGet(43)) - raft.server.log.appender.install.snapshot.enabled = false (custom)
2019-09-12 11:41:55,659 [pool-144-thread-1] INFO  impl.RaftServerImpl (ServerState.java:<init>(105)) - c9117d98-403a-4e73-a5c3-67d4cb653b69:group-6A699F46692A ConfigurationManager, init=-1: [c9117d98-403a-4e73-a5c3-67d4cb653b69:192.168.157.195:36936], old=null, confs=<EMPTY_MAP>
2019-09-12 11:41:55,659 [pool-144-thread-1] INFO  server.RaftServerConfigKeys (ConfUtils.java:logGet(43)) - raft.server.storage.dir = [/workdir/hadoop-ozone/ozonefs/target/test-dir/MiniOzoneClusterImpl-d4b21612-7553-42f8-bcad-6f2a2d0d7ac7/datanode-1/data/ratis] (custom)
2019-09-12 11:41:55,660 [pool-144-thread-1] INFO  storage.RaftStorageDirectory (RaftStorageDirectory.java:analyzeStorage(246)) - The storage directory /workdir/hadoop-ozone/ozonefs/target/test-dir/MiniOzoneClusterImpl-d4b21612-7553-42f8-bcad-6f2a2d0d7ac7/datanode-1/data/ratis/3caf27ab-b0b5-4743-9a20-6a699f46692a does not exist. Creating ...
2019-09-12 11:41:55,673 [pool-144-thread-1] INFO  storage.RaftStorageDirectory (RaftStorageDirectory.java:tryLock(328)) - Lock on /workdir/hadoop-ozone/ozonefs/target/test-dir/MiniOzoneClusterImpl-d4b21612-7553-42f8-bcad-6f2a2d0d7ac7/datanode-1/data/ratis/3caf27ab-b0b5-4743-9a20-6a699f46692a/in_use.lock acquired by nodename 27663@pr-hdds-1569-xtfnx-3545843844
2019-09-12 11:41:55,694 [pool-144-thread-1] INFO  storage.RaftStorage (RaftStorage.java:format(72)) - Storage directory /workdir/hadoop-ozone/ozonefs/target/test-dir/MiniOzoneClusterImpl-d4b21612-7553-42f8-bcad-6f2a2d0d7ac7/datanode-1/data/ratis/3caf27ab-b0b5-4743-9a20-6a699f46692a has been successfully formatted.
2019-09-12 11:41:55,694 [pool-144-thread-1] INFO  ratis.ContainerStateMachine (ContainerStateMachine.java:loadSnapshot(226)) - group-6A699F46692A: The snapshot info is null. Setting the last applied indexto:(t:0, i:~)
2019-09-12 11:41:55,695 [pool-144-thread-1] INFO  server.RaftServerConfigKeys (ConfUtils.java:logGet(43)) - raft.server.leader.election.timeout = 120s (custom)
2019-09-12 11:41:55,695 [pool-144-thread-1] INFO  server.RaftServerConfigKeys (ConfUtils.java:logGet(43)) - raft.server.log.use.memory = false (default)
2019-09-12 11:41:55,695 [pool-144-thread-1] INFO  server.RaftServerConfigKeys (ConfUtils.java:logGet(43)) - raft.server.log.purge.gap = 1000000 (custom)
2019-09-12 11:41:55,695 [pool-144-thread-1] INFO  server.RaftServerConfigKeys (ConfUtils.java:logGet(43)) - raft.server.log.appender.buffer.byte-limit = 33554432 (custom)
2019-09-12 11:41:55,695 [pool-144-thread-1] INFO  server.RaftServerConfigKeys (ConfUtils.java:logGet(43)) - raft.server.log.segment.size.max = 1048576 (custom)
2019-09-12 11:41:55,695 [pool-144-thread-1] INFO  server.RaftServerConfigKeys (ConfUtils.java:logGet(43)) - raft.server.log.segment.cache.num.max = 2 (custom)
2019-09-12 11:41:55,696 [pool-144-thread-1] INFO  segmented.SegmentedRaftLogWorker (SegmentedRaftLogWorker.java:<init>(172)) - new c9117d98-403a-4e73-a5c3-67d4cb653b69-SegmentedRaftLogWorker:Storage Directory /workdir/hadoop-ozone/ozonefs/target/test-dir/MiniOzoneClusterImpl-d4b21612-7553-42f8-bcad-6f2a2d0d7ac7/datanode-1/data/ratis/3caf27ab-b0b5-4743-9a20-6a699f46692a for RaftStorage:Storage Directory /workdir/hadoop-ozone/ozonefs/target/test-dir/MiniOzoneClusterImpl-d4b21612-7553-42f8-bcad-6f2a2d0d7ac7/datanode-1/data/ratis/3caf27ab-b0b5-4743-9a20-6a699f46692a
2019-09-12 11:41:55,696 [pool-144-thread-1] INFO  server.RaftServerConfigKeys (ConfUtils.java:logGet(43)) - raft.server.log.queue.byte-limit = 2147483647 (custom)
2019-09-12 11:41:55,696 [pool-144-thread-1] INFO  server.RaftServerConfigKeys (ConfUtils.java:logGet(43)) - raft.server.log.queue.element-limit = 1024 (custom)
2019-09-12 11:41:55,696 [pool-144-thread-1] INFO  server.RaftServerConfigKeys (ConfUtils.java:logGet(43)) - raft.server.log.segment.size.max = 1048576 (custom)
2019-09-12 11:41:55,696 [pool-144-thread-1] INFO  server.RaftServerConfigKeys (ConfUtils.java:logGet(43)) - raft.server.log.preallocated.size = 16384 (custom)
2019-09-12 11:41:55,697 [pool-144-thread-1] INFO  server.RaftServerConfigKeys (ConfUtils.java:logGet(43)) - raft.server.log.write.buffer.size = 33554432 (custom)
2019-09-12 11:41:55,697 [pool-144-thread-1] INFO  server.RaftServerConfigKeys (ConfUtils.java:logGet(43)) - raft.server.log.force.sync.num = 128 (default)
2019-09-12 11:41:55,697 [pool-144-thread-1] INFO  server.RaftServerConfigKeys (ConfUtils.java:logGet(43)) - raft.server.log.statemachine.data.sync = true (default)
2019-09-12 11:41:55,697 [pool-144-thread-1] INFO  server.RaftServerConfigKeys (ConfUtils.java:logGet(43)) - raft.server.log.statemachine.data.sync.timeout = 10s (default)
2019-09-12 11:41:55,697 [pool-144-thread-1] INFO  server.RaftServerConfigKeys (ConfUtils.java:logGet(43)) - raft.server.log.statemachine.data.sync.timeout.retry = -1 (default)
2019-09-12 11:41:55,697 [pool-144-thread-1] INFO  server.RaftServerConfigKeys (ConfUtils.java:logGet(43)) - raft.server.log.statemachine.data.caching.enabled = true (custom)
2019-09-12 11:41:55,698 [pool-144-thread-1] INFO  segmented.SegmentedRaftLogWorker (SegmentedRaftLogWorker.java:lambda$new$0(132)) - c9117d98-403a-4e73-a5c3-67d4cb653b69-SegmentedRaftLogWorker:Storage Directory /workdir/hadoop-ozone/ozonefs/target/test-dir/MiniOzoneClusterImpl-d4b21612-7553-42f8-bcad-6f2a2d0d7ac7/datanode-1/data/ratis/3caf27ab-b0b5-4743-9a20-6a699f46692a: flushIndex: setUnconditionally 0 -> -1
2019-09-12 11:41:55,698 [pool-144-thread-1] INFO  server.RaftServerConfigKeys (ConfUtils.java:logGet(43)) - raft.server.snapshot.auto.trigger.enabled = true (custom)
2019-09-12 11:41:55,698 [pool-144-thread-1] INFO  server.RaftServerConfigKeys (ConfUtils.java:logGet(43)) - raft.server.snapshot.auto.trigger.threshold = 10000 (custom)
2019-09-12 11:41:55,698 [pool-144-thread-1] INFO  server.RaftServerConfigKeys (ConfUtils.java:logGet(43)) - raft.server.retrycache.expirytime = 600000ms (custom)
2019-09-12 11:41:55,699 [pool-144-thread-1] INFO  impl.RaftServerImpl (RaftServerImpl.java:start(180)) - c9117d98-403a-4e73-a5c3-67d4cb653b69: start group-6A699F46692A
2019-09-12 11:41:55,699 [pool-144-thread-1] INFO  impl.RaftServerImpl (RaftServerImpl.java:setRole(171)) - c9117d98-403a-4e73-a5c3-67d4cb653b69:group-6A699F46692A changes role from null to FOLLOWER at term 0 for startAsFollower
2019-09-12 11:41:55,699 [pool-144-thread-1] INFO  impl.RoleInfo (RoleInfo.java:updateAndGet(143)) - c9117d98-403a-4e73-a5c3-67d4cb653b69: start FollowerState
2019-09-12 11:41:55,699 [pool-144-thread-1] INFO  util.JmxRegister (JmxRegister.java:tryRegister(44)) - Successfully registered JMX Bean with object name Ratis:service=RaftServer,group=group-6A699F46692A,id=c9117d98-403a-4e73-a5c3-67d4cb653b69
2019-09-12 11:41:55,703 [RatisPipelineUtilsThread] INFO  pipeline.PipelineStateManager (PipelineStateManager.java:addPipeline(56)) - Created pipeline Pipeline[ Id: 3caf27ab-b0b5-4743-9a20-6a699f46692a, Nodes: c9117d98-403a-4e73-a5c3-67d4cb653b69{ip: 192.168.157.195, host: pr-hdds-1569-xtfnx-3545843844, networkLocation: /default-rack, certSerialId: null}, Type:RATIS, Factor:ONE, State:OPEN]
2019-09-12 11:41:55,709 [grpc-default-executor-1] INFO  impl.RaftServerProxy (RaftServerProxy.java:addNew(89)) - 886466c9-5aa1-40b7-a815-0180689d2dd8: addNew group-03669A170DB3:[886466c9-5aa1-40b7-a815-0180689d2dd8:192.168.157.195:34621] returns group-03669A170DB3:java.util.concurrent.CompletableFuture@4e8bb8af[Not completed]
2019-09-12 11:41:55,710 [pool-133-thread-1] INFO  impl.RaftServerImpl (RaftServerImpl.java:<init>(93)) - 886466c9-5aa1-40b7-a815-0180689d2dd8: new RaftServerImpl for group-03669A170DB3:[886466c9-5aa1-40b7-a815-0180689d2dd8:192.168.157.195:34621] with ContainerStateMachine:uninitialized
2019-09-12 11:41:55,711 [pool-133-thread-1] INFO  server.RaftServerConfigKeys (ConfUtils.java:logGet(43)) - raft.server.rpc.timeout.min = 5s (custom)
2019-09-12 11:41:55,711 [pool-133-thread-1] INFO  server.RaftServerConfigKeys (ConfUtils.java:logGet(43)) - raft.server.rpc.timeout.max = 5200ms (custom)
2019-09-12 11:41:55,711 [pool-133-thread-1] INFO  server.RaftServerConfigKeys (ConfUtils.java:logGet(43)) - raft.server.rpcslowness.timeout = 120s (custom)
2019-09-12 11:41:55,711 [pool-133-thread-1] INFO  server.RaftServerConfigKeys (ConfUtils.java:logGet(43)) - raft.server.sleep.deviation.threshold = 300 (default)
2019-09-12 11:41:55,711 [pool-133-thread-1] INFO  server.RaftServerConfigKeys (ConfUtils.java:logGet(43)) - raft.server.log.appender.install.snapshot.enabled = false (custom)
2019-09-12 11:41:55,711 [pool-133-thread-1] INFO  impl.RaftServerImpl (ServerState.java:<init>(105)) - 886466c9-5aa1-40b7-a815-0180689d2dd8:group-03669A170DB3 ConfigurationManager, init=-1: [886466c9-5aa1-40b7-a815-0180689d2dd8:192.168.157.195:34621], old=null, confs=<EMPTY_MAP>
2019-09-12 11:41:55,712 [pool-133-thread-1] INFO  server.RaftServerConfigKeys (ConfUtils.java:logGet(43)) - raft.server.storage.dir = [/workdir/hadoop-ozone/ozonefs/target/test-dir/MiniOzoneClusterImpl-d4b21612-7553-42f8-bcad-6f2a2d0d7ac7/datanode-0/data/ratis] (custom)
2019-09-12 11:41:55,712 [pool-133-thread-1] INFO  storage.RaftStorageDirectory (RaftStorageDirectory.java:analyzeStorage(246)) - The storage directory /workdir/hadoop-ozone/ozonefs/target/test-dir/MiniOzoneClusterImpl-d4b21612-7553-42f8-bcad-6f2a2d0d7ac7/datanode-0/data/ratis/877c2e32-bd18-49b0-bff0-03669a170db3 does not exist. Creating ...
2019-09-12 11:41:55,725 [pool-133-thread-1] INFO  storage.RaftStorageDirectory (RaftStorageDirectory.java:tryLock(328)) - Lock on /workdir/hadoop-ozone/ozonefs/target/test-dir/MiniOzoneClusterImpl-d4b21612-7553-42f8-bcad-6f2a2d0d7ac7/datanode-0/data/ratis/877c2e32-bd18-49b0-bff0-03669a170db3/in_use.lock acquired by nodename 27663@pr-hdds-1569-xtfnx-3545843844
2019-09-12 11:41:55,738 [pool-133-thread-1] INFO  storage.RaftStorage (RaftStorage.java:format(72)) - Storage directory /workdir/hadoop-ozone/ozonefs/target/test-dir/MiniOzoneClusterImpl-d4b21612-7553-42f8-bcad-6f2a2d0d7ac7/datanode-0/data/ratis/877c2e32-bd18-49b0-bff0-03669a170db3 has been successfully formatted.
2019-09-12 11:41:55,738 [pool-133-thread-1] INFO  ratis.ContainerStateMachine (ContainerStateMachine.java:loadSnapshot(226)) - group-03669A170DB3: The snapshot info is null. Setting the last applied indexto:(t:0, i:~)
2019-09-12 11:41:55,738 [pool-133-thread-1] INFO  server.RaftServerConfigKeys (ConfUtils.java:logGet(43)) - raft.server.leader.election.timeout = 120s (custom)
2019-09-12 11:41:55,739 [pool-133-thread-1] INFO  server.RaftServerConfigKeys (ConfUtils.java:logGet(43)) - raft.server.log.use.memory = false (default)
2019-09-12 11:41:55,739 [pool-133-thread-1] INFO  server.RaftServerConfigKeys (ConfUtils.java:logGet(43)) - raft.server.log.purge.gap = 1000000 (custom)
2019-09-12 11:41:55,739 [pool-133-thread-1] INFO  server.RaftServerConfigKeys (ConfUtils.java:logGet(43)) - raft.server.log.appender.buffer.byte-limit = 33554432 (custom)
2019-09-12 11:41:55,739 [pool-133-thread-1] INFO  server.RaftServerConfigKeys (ConfUtils.java:logGet(43)) - raft.server.log.segment.size.max = 1048576 (custom)
2019-09-12 11:41:55,739 [pool-133-thread-1] INFO  server.RaftServerConfigKeys (ConfUtils.java:logGet(43)) - raft.server.log.segment.cache.num.max = 2 (custom)
2019-09-12 11:41:55,739 [pool-133-thread-1] INFO  segmented.SegmentedRaftLogWorker (SegmentedRaftLogWorker.java:<init>(172)) - new 886466c9-5aa1-40b7-a815-0180689d2dd8-SegmentedRaftLogWorker:Storage Directory /workdir/hadoop-ozone/ozonefs/target/test-dir/MiniOzoneClusterImpl-d4b21612-7553-42f8-bcad-6f2a2d0d7ac7/datanode-0/data/ratis/877c2e32-bd18-49b0-bff0-03669a170db3 for RaftStorage:Storage Directory /workdir/hadoop-ozone/ozonefs/target/test-dir/MiniOzoneClusterImpl-d4b21612-7553-42f8-bcad-6f2a2d0d7ac7/datanode-0/data/ratis/877c2e32-bd18-49b0-bff0-03669a170db3
2019-09-12 11:41:55,740 [pool-133-thread-1] INFO  server.RaftServerConfigKeys (ConfUtils.java:logGet(43)) - raft.server.log.queue.byte-limit = 2147483647 (custom)
2019-09-12 11:41:55,740 [pool-133-thread-1] INFO  server.RaftServerConfigKeys (ConfUtils.java:logGet(43)) - raft.server.log.queue.element-limit = 1024 (custom)
2019-09-12 11:41:55,740 [pool-133-thread-1] INFO  server.RaftServerConfigKeys (ConfUtils.java:logGet(43)) - raft.server.log.segment.size.max = 1048576 (custom)
2019-09-12 11:41:55,740 [pool-133-thread-1] INFO  server.RaftServerConfigKeys (ConfUtils.java:logGet(43)) - raft.server.log.preallocated.size = 16384 (custom)
2019-09-12 11:41:55,740 [pool-133-thread-1] INFO  server.RaftServerConfigKeys (ConfUtils.java:logGet(43)) - raft.server.log.write.buffer.size = 33554432 (custom)
2019-09-12 11:41:55,740 [pool-133-thread-1] INFO  server.RaftServerConfigKeys (ConfUtils.java:logGet(43)) - raft.server.log.force.sync.num = 128 (default)
2019-09-12 11:41:55,741 [pool-133-thread-1] INFO  server.RaftServerConfigKeys (ConfUtils.java:logGet(43)) - raft.server.log.statemachine.data.sync = true (default)
2019-09-12 11:41:55,741 [pool-133-thread-1] INFO  server.RaftServerConfigKeys (ConfUtils.java:logGet(43)) - raft.server.log.statemachine.data.sync.timeout = 10s (default)
2019-09-12 11:41:55,741 [pool-133-thread-1] INFO  server.RaftServerConfigKeys (ConfUtils.java:logGet(43)) - raft.server.log.statemachine.data.sync.timeout.retry = -1 (default)
2019-09-12 11:41:55,741 [pool-133-thread-1] INFO  server.RaftServerConfigKeys (ConfUtils.java:logGet(43)) - raft.server.log.statemachine.data.caching.enabled = true (custom)
2019-09-12 11:41:55,742 [pool-133-thread-1] INFO  segmented.SegmentedRaftLogWorker (SegmentedRaftLogWorker.java:lambda$new$0(132)) - 886466c9-5aa1-40b7-a815-0180689d2dd8-SegmentedRaftLogWorker:Storage Directory /workdir/hadoop-ozone/ozonefs/target/test-dir/MiniOzoneClusterImpl-d4b21612-7553-42f8-bcad-6f2a2d0d7ac7/datanode-0/data/ratis/877c2e32-bd18-49b0-bff0-03669a170db3: flushIndex: setUnconditionally 0 -> -1
2019-09-12 11:41:55,742 [pool-133-thread-1] INFO  server.RaftServerConfigKeys (ConfUtils.java:logGet(43)) - raft.server.snapshot.auto.trigger.enabled = true (custom)
2019-09-12 11:41:55,742 [pool-133-thread-1] INFO  server.RaftServerConfigKeys (ConfUtils.java:logGet(43)) - raft.server.snapshot.auto.trigger.threshold = 10000 (custom)
2019-09-12 11:41:55,742 [pool-133-thread-1] INFO  server.RaftServerConfigKeys (ConfUtils.java:logGet(43)) - raft.server.retrycache.expirytime = 600000ms (custom)
2019-09-12 11:41:55,743 [pool-133-thread-1] INFO  impl.RaftServerImpl (RaftServerImpl.java:start(180)) - 886466c9-5aa1-40b7-a815-0180689d2dd8: start group-03669A170DB3
2019-09-12 11:41:55,743 [pool-133-thread-1] INFO  impl.RaftServerImpl (RaftServerImpl.java:setRole(171)) - 886466c9-5aa1-40b7-a815-0180689d2dd8:group-03669A170DB3 changes role from null to FOLLOWER at term 0 for startAsFollower
2019-09-12 11:41:55,743 [pool-133-thread-1] INFO  impl.RoleInfo (RoleInfo.java:updateAndGet(143)) - 886466c9-5aa1-40b7-a815-0180689d2dd8: start FollowerState
2019-09-12 11:41:55,743 [pool-133-thread-1] INFO  util.JmxRegister (JmxRegister.java:tryRegister(44)) - Successfully registered JMX Bean with object name Ratis:service=RaftServer,group=group-03669A170DB3,id=886466c9-5aa1-40b7-a815-0180689d2dd8
2019-09-12 11:41:55,747 [RatisPipelineUtilsThread] INFO  pipeline.PipelineStateManager (PipelineStateManager.java:addPipeline(56)) - Created pipeline Pipeline[ Id: 877c2e32-bd18-49b0-bff0-03669a170db3, Nodes: 886466c9-5aa1-40b7-a815-0180689d2dd8{ip: 192.168.157.195, host: pr-hdds-1569-xtfnx-3545843844, networkLocation: /default-rack, certSerialId: null}, Type:RATIS, Factor:ONE, State:OPEN]
2019-09-12 11:41:55,747 [RatisPipelineUtilsThread] ERROR pipeline.PipelinePlacementPolicy (PipelinePlacementPolicy.java:meetCriteria(91)) - Pipeline Placement: Doesn't meet the criteria to be viable node. Heaviness: 6
2019-09-12 11:41:55,754 [grpc-default-executor-1] INFO  impl.RaftServerProxy (RaftServerProxy.java:addNew(89)) - c9117d98-403a-4e73-a5c3-67d4cb653b69: addNew group-F1E35E884B8A:[c9117d98-403a-4e73-a5c3-67d4cb653b69:192.168.157.195:36936] returns group-F1E35E884B8A:java.util.concurrent.CompletableFuture@188b12c7[Not completed]
2019-09-12 11:41:55,756 [pool-144-thread-1] INFO  impl.RaftServerImpl (RaftServerImpl.java:<init>(93)) - c9117d98-403a-4e73-a5c3-67d4cb653b69: new RaftServerImpl for group-F1E35E884B8A:[c9117d98-403a-4e73-a5c3-67d4cb653b69:192.168.157.195:36936] with ContainerStateMachine:uninitialized
2019-09-12 11:41:55,756 [pool-144-thread-1] INFO  server.RaftServerConfigKeys (ConfUtils.java:logGet(43)) - raft.server.rpc.timeout.min = 5s (custom)
2019-09-12 11:41:55,757 [pool-144-thread-1] INFO  server.RaftServerConfigKeys (ConfUtils.java:logGet(43)) - raft.server.rpc.timeout.max = 5200ms (custom)
2019-09-12 11:41:55,757 [pool-144-thread-1] INFO  server.RaftServerConfigKeys (ConfUtils.java:logGet(43)) - raft.server.rpcslowness.timeout = 120s (custom)
2019-09-12 11:41:55,757 [pool-144-thread-1] INFO  server.RaftServerConfigKeys (ConfUtils.java:logGet(43)) - raft.server.sleep.deviation.threshold = 300 (default)
2019-09-12 11:41:55,758 [pool-144-thread-1] INFO  server.RaftServerConfigKeys (ConfUtils.java:logGet(43)) - raft.server.log.appender.install.snapshot.enabled = false (custom)
2019-09-12 11:41:55,758 [pool-144-thread-1] INFO  impl.RaftServerImpl (ServerState.java:<init>(105)) - c9117d98-403a-4e73-a5c3-67d4cb653b69:group-F1E35E884B8A ConfigurationManager, init=-1: [c9117d98-403a-4e73-a5c3-67d4cb653b69:192.168.157.195:36936], old=null, confs=<EMPTY_MAP>
2019-09-12 11:41:55,758 [pool-144-thread-1] INFO  server.RaftServerConfigKeys (ConfUtils.java:logGet(43)) - raft.server.storage.dir = [/workdir/hadoop-ozone/ozonefs/target/test-dir/MiniOzoneClusterImpl-d4b21612-7553-42f8-bcad-6f2a2d0d7ac7/datanode-1/data/ratis] (custom)
2019-09-12 11:41:55,759 [pool-144-thread-1] INFO  storage.RaftStorageDirectory (RaftStorageDirectory.java:analyzeStorage(246)) - The storage directory /workdir/hadoop-ozone/ozonefs/target/test-dir/MiniOzoneClusterImpl-d4b21612-7553-42f8-bcad-6f2a2d0d7ac7/datanode-1/data/ratis/e79b1350-6bdf-4e7e-a535-f1e35e884b8a does not exist. Creating ...
2019-09-12 11:41:55,764 [Thread-540] INFO  ozone.MiniOzoneClusterImpl (MiniOzoneClusterImpl.java:lambda$waitForClusterToBeReady$0(142)) - Waiting for cluster to be ready. Got 2 of 3 DN Heartbeats.
2019-09-12 11:41:55,766 [IPC Server handler 0 on 38143] INFO  net.NetworkTopology (NetworkTopologyImpl.java:add(110)) - Added a new node: /default-rack/8b575f40-3d8f-4d38-a6fe-d6d3761177af
2019-09-12 11:41:55,766 [IPC Server handler 0 on 38143] INFO  node.SCMNodeManager (SCMNodeManager.java:register(273)) - Registered Data node : 8b575f40-3d8f-4d38-a6fe-d6d3761177af{ip: 192.168.157.195, host: pr-hdds-1569-xtfnx-3545843844, networkLocation: /default-rack, certSerialId: null}
2019-09-12 11:41:55,766 | INFO  | SCMAudit | user=jenkins1000 | ip=192.168.157.195 | op=REGISTER {datanodeDetails=8b575f40-3d8f-4d38-a6fe-d6d3761177af{ip: 192.168.157.195, host: pr-hdds-1569-xtfnx-3545843844, networkLocation: /default-rack, certSerialId: null}} | ret=SUCCESS |  
2019-09-12 11:41:55,771 [pool-144-thread-1] INFO  storage.RaftStorageDirectory (RaftStorageDirectory.java:tryLock(328)) - Lock on /workdir/hadoop-ozone/ozonefs/target/test-dir/MiniOzoneClusterImpl-d4b21612-7553-42f8-bcad-6f2a2d0d7ac7/datanode-1/data/ratis/e79b1350-6bdf-4e7e-a535-f1e35e884b8a/in_use.lock acquired by nodename 27663@pr-hdds-1569-xtfnx-3545843844
2019-09-12 11:41:55,784 [pool-144-thread-1] INFO  storage.RaftStorage (RaftStorage.java:format(72)) - Storage directory /workdir/hadoop-ozone/ozonefs/target/test-dir/MiniOzoneClusterImpl-d4b21612-7553-42f8-bcad-6f2a2d0d7ac7/datanode-1/data/ratis/e79b1350-6bdf-4e7e-a535-f1e35e884b8a has been successfully formatted.
2019-09-12 11:41:55,785 [pool-144-thread-1] INFO  ratis.ContainerStateMachine (ContainerStateMachine.java:loadSnapshot(226)) - group-F1E35E884B8A: The snapshot info is null. Setting the last applied indexto:(t:0, i:~)
2019-09-12 11:41:55,785 [pool-144-thread-1] INFO  server.RaftServerConfigKeys (ConfUtils.java:logGet(43)) - raft.server.leader.election.timeout = 120s (custom)
2019-09-12 11:41:55,785 [pool-144-thread-1] INFO  server.RaftServerConfigKeys (ConfUtils.java:logGet(43)) - raft.server.log.use.memory = false (default)
2019-09-12 11:41:55,785 [pool-144-thread-1] INFO  server.RaftServerConfigKeys (ConfUtils.java:logGet(43)) - raft.server.log.purge.gap = 1000000 (custom)
2019-09-12 11:41:55,785 [pool-144-thread-1] INFO  server.RaftServerConfigKeys (ConfUtils.java:logGet(43)) - raft.server.log.appender.buffer.byte-limit = 33554432 (custom)
2019-09-12 11:41:55,785 [pool-144-thread-1] INFO  server.RaftServerConfigKeys (ConfUtils.java:logGet(43)) - raft.server.log.segment.size.max = 1048576 (custom)
2019-09-12 11:41:55,786 [pool-144-thread-1] INFO  server.RaftServerConfigKeys (ConfUtils.java:logGet(43)) - raft.server.log.segment.cache.num.max = 2 (custom)
2019-09-12 11:41:55,786 [pool-144-thread-1] INFO  segmented.SegmentedRaftLogWorker (SegmentedRaftLogWorker.java:<init>(172)) - new c9117d98-403a-4e73-a5c3-67d4cb653b69-SegmentedRaftLogWorker:Storage Directory /workdir/hadoop-ozone/ozonefs/target/test-dir/MiniOzoneClusterImpl-d4b21612-7553-42f8-bcad-6f2a2d0d7ac7/datanode-1/data/ratis/e79b1350-6bdf-4e7e-a535-f1e35e884b8a for RaftStorage:Storage Directory /workdir/hadoop-ozone/ozonefs/target/test-dir/MiniOzoneClusterImpl-d4b21612-7553-42f8-bcad-6f2a2d0d7ac7/datanode-1/data/ratis/e79b1350-6bdf-4e7e-a535-f1e35e884b8a
2019-09-12 11:41:55,786 [pool-144-thread-1] INFO  server.RaftServerConfigKeys (ConfUtils.java:logGet(43)) - raft.server.log.queue.byte-limit = 2147483647 (custom)
2019-09-12 11:41:55,786 [pool-144-thread-1] INFO  server.RaftServerConfigKeys (ConfUtils.java:logGet(43)) - raft.server.log.queue.element-limit = 1024 (custom)
2019-09-12 11:41:55,786 [pool-144-thread-1] INFO  server.RaftServerConfigKeys (ConfUtils.java:logGet(43)) - raft.server.log.segment.size.max = 1048576 (custom)
2019-09-12 11:41:55,786 [pool-144-thread-1] INFO  server.RaftServerConfigKeys (ConfUtils.java:logGet(43)) - raft.server.log.preallocated.size = 16384 (custom)
2019-09-12 11:41:55,787 [pool-144-thread-1] INFO  server.RaftServerConfigKeys (ConfUtils.java:logGet(43)) - raft.server.log.write.buffer.size = 33554432 (custom)
2019-09-12 11:41:55,787 [pool-144-thread-1] INFO  server.RaftServerConfigKeys (ConfUtils.java:logGet(43)) - raft.server.log.force.sync.num = 128 (default)
2019-09-12 11:41:55,787 [pool-144-thread-1] INFO  server.RaftServerConfigKeys (ConfUtils.java:logGet(43)) - raft.server.log.statemachine.data.sync = true (default)
2019-09-12 11:41:55,787 [pool-144-thread-1] INFO  server.RaftServerConfigKeys (ConfUtils.java:logGet(43)) - raft.server.log.statemachine.data.sync.timeout = 10s (default)
2019-09-12 11:41:55,787 [pool-144-thread-1] INFO  server.RaftServerConfigKeys (ConfUtils.java:logGet(43)) - raft.server.log.statemachine.data.sync.timeout.retry = -1 (default)
2019-09-12 11:41:55,787 [pool-144-thread-1] INFO  server.RaftServerConfigKeys (ConfUtils.java:logGet(43)) - raft.server.log.statemachine.data.caching.enabled = true (custom)
2019-09-12 11:41:55,788 [pool-144-thread-1] INFO  segmented.SegmentedRaftLogWorker (SegmentedRaftLogWorker.java:lambda$new$0(132)) - c9117d98-403a-4e73-a5c3-67d4cb653b69-SegmentedRaftLogWorker:Storage Directory /workdir/hadoop-ozone/ozonefs/target/test-dir/MiniOzoneClusterImpl-d4b21612-7553-42f8-bcad-6f2a2d0d7ac7/datanode-1/data/ratis/e79b1350-6bdf-4e7e-a535-f1e35e884b8a: flushIndex: setUnconditionally 0 -> -1
2019-09-12 11:41:55,789 [pool-144-thread-1] INFO  server.RaftServerConfigKeys (ConfUtils.java:logGet(43)) - raft.server.snapshot.auto.trigger.enabled = true (custom)
2019-09-12 11:41:55,789 [pool-144-thread-1] INFO  server.RaftServerConfigKeys (ConfUtils.java:logGet(43)) - raft.server.snapshot.auto.trigger.threshold = 10000 (custom)
2019-09-12 11:41:55,789 [pool-144-thread-1] INFO  server.RaftServerConfigKeys (ConfUtils.java:logGet(43)) - raft.server.retrycache.expirytime = 600000ms (custom)
2019-09-12 11:41:55,789 [pool-144-thread-1] INFO  impl.RaftServerImpl (RaftServerImpl.java:start(180)) - c9117d98-403a-4e73-a5c3-67d4cb653b69: start group-F1E35E884B8A
2019-09-12 11:41:55,789 [pool-144-thread-1] INFO  impl.RaftServerImpl (RaftServerImpl.java:setRole(171)) - c9117d98-403a-4e73-a5c3-67d4cb653b69:group-F1E35E884B8A changes role from null to FOLLOWER at term 0 for startAsFollower
2019-09-12 11:41:55,789 [pool-144-thread-1] INFO  impl.RoleInfo (RoleInfo.java:updateAndGet(143)) - c9117d98-403a-4e73-a5c3-67d4cb653b69: start FollowerState
2019-09-12 11:41:55,790 [pool-144-thread-1] INFO  util.JmxRegister (JmxRegister.java:tryRegister(44)) - Successfully registered JMX Bean with object name Ratis:service=RaftServer,group=group-F1E35E884B8A,id=c9117d98-403a-4e73-a5c3-67d4cb653b69
2019-09-12 11:41:55,793 [RatisPipelineUtilsThread] INFO  pipeline.PipelineStateManager (PipelineStateManager.java:addPipeline(56)) - Created pipeline Pipeline[ Id: e79b1350-6bdf-4e7e-a535-f1e35e884b8a, Nodes: c9117d98-403a-4e73-a5c3-67d4cb653b69{ip: 192.168.157.195, host: pr-hdds-1569-xtfnx-3545843844, networkLocation: /default-rack, certSerialId: null}, Type:RATIS, Factor:ONE, State:OPEN]
2019-09-12 11:41:55,794 [RatisPipelineUtilsThread] ERROR pipeline.PipelinePlacementPolicy (PipelinePlacementPolicy.java:meetCriteria(91)) - Pipeline Placement: Doesn't meet the criteria to be viable node. Heaviness: 6
2019-09-12 11:41:55,801 [grpc-default-executor-1] INFO  impl.RaftServerProxy (RaftServerProxy.java:addNew(89)) - c9117d98-403a-4e73-a5c3-67d4cb653b69: addNew group-1D4CB5FED270:[c9117d98-403a-4e73-a5c3-67d4cb653b69:192.168.157.195:36936] returns group-1D4CB5FED270:java.util.concurrent.CompletableFuture@5511c6d9[Not completed]
2019-09-12 11:41:55,802 [pool-144-thread-1] INFO  impl.RaftServerImpl (RaftServerImpl.java:<init>(93)) - c9117d98-403a-4e73-a5c3-67d4cb653b69: new RaftServerImpl for group-1D4CB5FED270:[c9117d98-403a-4e73-a5c3-67d4cb653b69:192.168.157.195:36936] with ContainerStateMachine:uninitialized
2019-09-12 11:41:55,802 [pool-144-thread-1] INFO  server.RaftServerConfigKeys (ConfUtils.java:logGet(43)) - raft.server.rpc.timeout.min = 5s (custom)
2019-09-12 11:41:55,802 [pool-144-thread-1] INFO  server.RaftServerConfigKeys (ConfUtils.java:logGet(43)) - raft.server.rpc.timeout.max = 5200ms (custom)
2019-09-12 11:41:55,802 [pool-144-thread-1] INFO  server.RaftServerConfigKeys (ConfUtils.java:logGet(43)) - raft.server.rpcslowness.timeout = 120s (custom)
2019-09-12 11:41:55,802 [pool-144-thread-1] INFO  server.RaftServerConfigKeys (ConfUtils.java:logGet(43)) - raft.server.sleep.deviation.threshold = 300 (default)
2019-09-12 11:41:55,803 [pool-144-thread-1] INFO  server.RaftServerConfigKeys (ConfUtils.java:logGet(43)) - raft.server.log.appender.install.snapshot.enabled = false (custom)
2019-09-12 11:41:55,803 [pool-144-thread-1] INFO  impl.RaftServerImpl (ServerState.java:<init>(105)) - c9117d98-403a-4e73-a5c3-67d4cb653b69:group-1D4CB5FED270 ConfigurationManager, init=-1: [c9117d98-403a-4e73-a5c3-67d4cb653b69:192.168.157.195:36936], old=null, confs=<EMPTY_MAP>
2019-09-12 11:41:55,803 [pool-144-thread-1] INFO  server.RaftServerConfigKeys (ConfUtils.java:logGet(43)) - raft.server.storage.dir = [/workdir/hadoop-ozone/ozonefs/target/test-dir/MiniOzoneClusterImpl-d4b21612-7553-42f8-bcad-6f2a2d0d7ac7/datanode-1/data/ratis] (custom)
2019-09-12 11:41:55,803 [pool-144-thread-1] INFO  storage.RaftStorageDirectory (RaftStorageDirectory.java:analyzeStorage(246)) - The storage directory /workdir/hadoop-ozone/ozonefs/target/test-dir/MiniOzoneClusterImpl-d4b21612-7553-42f8-bcad-6f2a2d0d7ac7/datanode-1/data/ratis/8f4acb89-1ed3-4d0a-bfc5-1d4cb5fed270 does not exist. Creating ...
2019-09-12 11:41:55,816 [pool-144-thread-1] INFO  storage.RaftStorageDirectory (RaftStorageDirectory.java:tryLock(328)) - Lock on /workdir/hadoop-ozone/ozonefs/target/test-dir/MiniOzoneClusterImpl-d4b21612-7553-42f8-bcad-6f2a2d0d7ac7/datanode-1/data/ratis/8f4acb89-1ed3-4d0a-bfc5-1d4cb5fed270/in_use.lock acquired by nodename 27663@pr-hdds-1569-xtfnx-3545843844
2019-09-12 11:41:55,829 [pool-144-thread-1] INFO  storage.RaftStorage (RaftStorage.java:format(72)) - Storage directory /workdir/hadoop-ozone/ozonefs/target/test-dir/MiniOzoneClusterImpl-d4b21612-7553-42f8-bcad-6f2a2d0d7ac7/datanode-1/data/ratis/8f4acb89-1ed3-4d0a-bfc5-1d4cb5fed270 has been successfully formatted.
2019-09-12 11:41:55,829 [pool-144-thread-1] INFO  ratis.ContainerStateMachine (ContainerStateMachine.java:loadSnapshot(226)) - group-1D4CB5FED270: The snapshot info is null. Setting the last applied indexto:(t:0, i:~)
2019-09-12 11:41:55,829 [pool-144-thread-1] INFO  server.RaftServerConfigKeys (ConfUtils.java:logGet(43)) - raft.server.leader.election.timeout = 120s (custom)
2019-09-12 11:41:55,829 [pool-144-thread-1] INFO  server.RaftServerConfigKeys (ConfUtils.java:logGet(43)) - raft.server.log.use.memory = false (default)
2019-09-12 11:41:55,830 [pool-144-thread-1] INFO  server.RaftServerConfigKeys (ConfUtils.java:logGet(43)) - raft.server.log.purge.gap = 1000000 (custom)
2019-09-12 11:41:55,830 [pool-144-thread-1] INFO  server.RaftServerConfigKeys (ConfUtils.java:logGet(43)) - raft.server.log.appender.buffer.byte-limit = 33554432 (custom)
2019-09-12 11:41:55,830 [pool-144-thread-1] INFO  server.RaftServerConfigKeys (ConfUtils.java:logGet(43)) - raft.server.log.segment.size.max = 1048576 (custom)
2019-09-12 11:41:55,830 [pool-144-thread-1] INFO  server.RaftServerConfigKeys (ConfUtils.java:logGet(43)) - raft.server.log.segment.cache.num.max = 2 (custom)
2019-09-12 11:41:55,830 [pool-144-thread-1] INFO  segmented.SegmentedRaftLogWorker (SegmentedRaftLogWorker.java:<init>(172)) - new c9117d98-403a-4e73-a5c3-67d4cb653b69-SegmentedRaftLogWorker:Storage Directory /workdir/hadoop-ozone/ozonefs/target/test-dir/MiniOzoneClusterImpl-d4b21612-7553-42f8-bcad-6f2a2d0d7ac7/datanode-1/data/ratis/8f4acb89-1ed3-4d0a-bfc5-1d4cb5fed270 for RaftStorage:Storage Directory /workdir/hadoop-ozone/ozonefs/target/test-dir/MiniOzoneClusterImpl-d4b21612-7553-42f8-bcad-6f2a2d0d7ac7/datanode-1/data/ratis/8f4acb89-1ed3-4d0a-bfc5-1d4cb5fed270
2019-09-12 11:41:55,830 [pool-144-thread-1] INFO  server.RaftServerConfigKeys (ConfUtils.java:logGet(43)) - raft.server.log.queue.byte-limit = 2147483647 (custom)
2019-09-12 11:41:55,830 [pool-144-thread-1] INFO  server.RaftServerConfigKeys (ConfUtils.java:logGet(43)) - raft.server.log.queue.element-limit = 1024 (custom)
2019-09-12 11:41:55,831 [pool-144-thread-1] INFO  server.RaftServerConfigKeys (ConfUtils.java:logGet(43)) - raft.server.log.segment.size.max = 1048576 (custom)
2019-09-12 11:41:55,831 [pool-144-thread-1] INFO  server.RaftServerConfigKeys (ConfUtils.java:logGet(43)) - raft.server.log.preallocated.size = 16384 (custom)
2019-09-12 11:41:55,831 [pool-144-thread-1] INFO  server.RaftServerConfigKeys (ConfUtils.java:logGet(43)) - raft.server.log.write.buffer.size = 33554432 (custom)
2019-09-12 11:41:55,831 [pool-144-thread-1] INFO  server.RaftServerConfigKeys (ConfUtils.java:logGet(43)) - raft.server.log.force.sync.num = 128 (default)
2019-09-12 11:41:55,831 [pool-144-thread-1] INFO  server.RaftServerConfigKeys (ConfUtils.java:logGet(43)) - raft.server.log.statemachine.data.sync = true (default)
2019-09-12 11:41:55,831 [pool-144-thread-1] INFO  server.RaftServerConfigKeys (ConfUtils.java:logGet(43)) - raft.server.log.statemachine.data.sync.timeout = 10s (default)
2019-09-12 11:41:55,831 [pool-144-thread-1] INFO  server.RaftServerConfigKeys (ConfUtils.java:logGet(43)) - raft.server.log.statemachine.data.sync.timeout.retry = -1 (default)
2019-09-12 11:41:55,832 [pool-144-thread-1] INFO  server.RaftServerConfigKeys (ConfUtils.java:logGet(43)) - raft.server.log.statemachine.data.caching.enabled = true (custom)
2019-09-12 11:41:55,832 [pool-144-thread-1] INFO  segmented.SegmentedRaftLogWorker (SegmentedRaftLogWorker.java:lambda$new$0(132)) - c9117d98-403a-4e73-a5c3-67d4cb653b69-SegmentedRaftLogWorker:Storage Directory /workdir/hadoop-ozone/ozonefs/target/test-dir/MiniOzoneClusterImpl-d4b21612-7553-42f8-bcad-6f2a2d0d7ac7/datanode-1/data/ratis/8f4acb89-1ed3-4d0a-bfc5-1d4cb5fed270: flushIndex: setUnconditionally 0 -> -1
2019-09-12 11:41:55,832 [pool-144-thread-1] INFO  server.RaftServerConfigKeys (ConfUtils.java:logGet(43)) - raft.server.snapshot.auto.trigger.enabled = true (custom)
2019-09-12 11:41:55,832 [pool-144-thread-1] INFO  server.RaftServerConfigKeys (ConfUtils.java:logGet(43)) - raft.server.snapshot.auto.trigger.threshold = 10000 (custom)
2019-09-12 11:41:55,832 [pool-144-thread-1] INFO  server.RaftServerConfigKeys (ConfUtils.java:logGet(43)) - raft.server.retrycache.expirytime = 600000ms (custom)
2019-09-12 11:41:55,833 [pool-144-thread-1] INFO  impl.RaftServerImpl (RaftServerImpl.java:start(180)) - c9117d98-403a-4e73-a5c3-67d4cb653b69: start group-1D4CB5FED270
2019-09-12 11:41:55,833 [pool-144-thread-1] INFO  impl.RaftServerImpl (RaftServerImpl.java:setRole(171)) - c9117d98-403a-4e73-a5c3-67d4cb653b69:group-1D4CB5FED270 changes role from null to FOLLOWER at term 0 for startAsFollower
2019-09-12 11:41:55,833 [pool-144-thread-1] INFO  impl.RoleInfo (RoleInfo.java:updateAndGet(143)) - c9117d98-403a-4e73-a5c3-67d4cb653b69: start FollowerState
2019-09-12 11:41:55,833 [pool-144-thread-1] INFO  util.JmxRegister (JmxRegister.java:tryRegister(44)) - Successfully registered JMX Bean with object name Ratis:service=RaftServer,group=group-1D4CB5FED270,id=c9117d98-403a-4e73-a5c3-67d4cb653b69
2019-09-12 11:41:55,836 [RatisPipelineUtilsThread] INFO  pipeline.PipelineStateManager (PipelineStateManager.java:addPipeline(56)) - Created pipeline Pipeline[ Id: 8f4acb89-1ed3-4d0a-bfc5-1d4cb5fed270, Nodes: c9117d98-403a-4e73-a5c3-67d4cb653b69{ip: 192.168.157.195, host: pr-hdds-1569-xtfnx-3545843844, networkLocation: /default-rack, certSerialId: null}, Type:RATIS, Factor:ONE, State:OPEN]
2019-09-12 11:41:55,837 [RatisPipelineUtilsThread] ERROR pipeline.PipelinePlacementPolicy (PipelinePlacementPolicy.java:meetCriteria(91)) - Pipeline Placement: Doesn't meet the criteria to be viable node. Heaviness: 6
2019-09-12 11:41:55,843 [grpc-default-executor-1] INFO  impl.RaftServerProxy (RaftServerProxy.java:addNew(89)) - c9117d98-403a-4e73-a5c3-67d4cb653b69: addNew group-E23A858CEFFB:[c9117d98-403a-4e73-a5c3-67d4cb653b69:192.168.157.195:36936] returns group-E23A858CEFFB:java.util.concurrent.CompletableFuture@449e9dfc[Not completed]
2019-09-12 11:41:55,844 [pool-144-thread-1] INFO  impl.RaftServerImpl (RaftServerImpl.java:<init>(93)) - c9117d98-403a-4e73-a5c3-67d4cb653b69: new RaftServerImpl for group-E23A858CEFFB:[c9117d98-403a-4e73-a5c3-67d4cb653b69:192.168.157.195:36936] with ContainerStateMachine:uninitialized
2019-09-12 11:41:55,844 [pool-144-thread-1] INFO  server.RaftServerConfigKeys (ConfUtils.java:logGet(43)) - raft.server.rpc.timeout.min = 5s (custom)
2019-09-12 11:41:55,844 [pool-144-thread-1] INFO  server.RaftServerConfigKeys (ConfUtils.java:logGet(43)) - raft.server.rpc.timeout.max = 5200ms (custom)
2019-09-12 11:41:55,844 [pool-144-thread-1] INFO  server.RaftServerConfigKeys (ConfUtils.java:logGet(43)) - raft.server.rpcslowness.timeout = 120s (custom)
2019-09-12 11:41:55,844 [pool-144-thread-1] INFO  server.RaftServerConfigKeys (ConfUtils.java:logGet(43)) - raft.server.sleep.deviation.threshold = 300 (default)
2019-09-12 11:41:55,844 [pool-144-thread-1] INFO  server.RaftServerConfigKeys (ConfUtils.java:logGet(43)) - raft.server.log.appender.install.snapshot.enabled = false (custom)
2019-09-12 11:41:55,844 [pool-144-thread-1] INFO  impl.RaftServerImpl (ServerState.java:<init>(105)) - c9117d98-403a-4e73-a5c3-67d4cb653b69:group-E23A858CEFFB ConfigurationManager, init=-1: [c9117d98-403a-4e73-a5c3-67d4cb653b69:192.168.157.195:36936], old=null, confs=<EMPTY_MAP>
2019-09-12 11:41:55,845 [pool-144-thread-1] INFO  server.RaftServerConfigKeys (ConfUtils.java:logGet(43)) - raft.server.storage.dir = [/workdir/hadoop-ozone/ozonefs/target/test-dir/MiniOzoneClusterImpl-d4b21612-7553-42f8-bcad-6f2a2d0d7ac7/datanode-1/data/ratis] (custom)
2019-09-12 11:41:55,845 [pool-144-thread-1] INFO  storage.RaftStorageDirectory (RaftStorageDirectory.java:analyzeStorage(246)) - The storage directory /workdir/hadoop-ozone/ozonefs/target/test-dir/MiniOzoneClusterImpl-d4b21612-7553-42f8-bcad-6f2a2d0d7ac7/datanode-1/data/ratis/5e5ba2e1-582a-4e3b-a67d-e23a858ceffb does not exist. Creating ...
2019-09-12 11:41:55,858 [pool-144-thread-1] INFO  storage.RaftStorageDirectory (RaftStorageDirectory.java:tryLock(328)) - Lock on /workdir/hadoop-ozone/ozonefs/target/test-dir/MiniOzoneClusterImpl-d4b21612-7553-42f8-bcad-6f2a2d0d7ac7/datanode-1/data/ratis/5e5ba2e1-582a-4e3b-a67d-e23a858ceffb/in_use.lock acquired by nodename 27663@pr-hdds-1569-xtfnx-3545843844
2019-09-12 11:41:55,877 [pool-144-thread-1] INFO  storage.RaftStorage (RaftStorage.java:format(72)) - Storage directory /workdir/hadoop-ozone/ozonefs/target/test-dir/MiniOzoneClusterImpl-d4b21612-7553-42f8-bcad-6f2a2d0d7ac7/datanode-1/data/ratis/5e5ba2e1-582a-4e3b-a67d-e23a858ceffb has been successfully formatted.
2019-09-12 11:41:55,877 [pool-144-thread-1] INFO  ratis.ContainerStateMachine (ContainerStateMachine.java:loadSnapshot(226)) - group-E23A858CEFFB: The snapshot info is null. Setting the last applied indexto:(t:0, i:~)
2019-09-12 11:41:55,878 [pool-144-thread-1] INFO  server.RaftServerConfigKeys (ConfUtils.java:logGet(43)) - raft.server.leader.election.timeout = 120s (custom)
2019-09-12 11:41:55,878 [pool-144-thread-1] INFO  server.RaftServerConfigKeys (ConfUtils.java:logGet(43)) - raft.server.log.use.memory = false (default)
2019-09-12 11:41:55,878 [pool-144-thread-1] INFO  server.RaftServerConfigKeys (ConfUtils.java:logGet(43)) - raft.server.log.purge.gap = 1000000 (custom)
2019-09-12 11:41:55,878 [pool-144-thread-1] INFO  server.RaftServerConfigKeys (ConfUtils.java:logGet(43)) - raft.server.log.appender.buffer.byte-limit = 33554432 (custom)
2019-09-12 11:41:55,878 [pool-144-thread-1] INFO  server.RaftServerConfigKeys (ConfUtils.java:logGet(43)) - raft.server.log.segment.size.max = 1048576 (custom)
2019-09-12 11:41:55,878 [pool-144-thread-1] INFO  server.RaftServerConfigKeys (ConfUtils.java:logGet(43)) - raft.server.log.segment.cache.num.max = 2 (custom)
2019-09-12 11:41:55,879 [pool-144-thread-1] INFO  segmented.SegmentedRaftLogWorker (SegmentedRaftLogWorker.java:<init>(172)) - new c9117d98-403a-4e73-a5c3-67d4cb653b69-SegmentedRaftLogWorker:Storage Directory /workdir/hadoop-ozone/ozonefs/target/test-dir/MiniOzoneClusterImpl-d4b21612-7553-42f8-bcad-6f2a2d0d7ac7/datanode-1/data/ratis/5e5ba2e1-582a-4e3b-a67d-e23a858ceffb for RaftStorage:Storage Directory /workdir/hadoop-ozone/ozonefs/target/test-dir/MiniOzoneClusterImpl-d4b21612-7553-42f8-bcad-6f2a2d0d7ac7/datanode-1/data/ratis/5e5ba2e1-582a-4e3b-a67d-e23a858ceffb
2019-09-12 11:41:55,879 [pool-144-thread-1] INFO  server.RaftServerConfigKeys (ConfUtils.java:logGet(43)) - raft.server.log.queue.byte-limit = 2147483647 (custom)
2019-09-12 11:41:55,879 [pool-144-thread-1] INFO  server.RaftServerConfigKeys (ConfUtils.java:logGet(43)) - raft.server.log.queue.element-limit = 1024 (custom)
2019-09-12 11:41:55,879 [pool-144-thread-1] INFO  server.RaftServerConfigKeys (ConfUtils.java:logGet(43)) - raft.server.log.segment.size.max = 1048576 (custom)
2019-09-12 11:41:55,879 [pool-144-thread-1] INFO  server.RaftServerConfigKeys (ConfUtils.java:logGet(43)) - raft.server.log.preallocated.size = 16384 (custom)
2019-09-12 11:41:55,879 [pool-144-thread-1] INFO  server.RaftServerConfigKeys (ConfUtils.java:logGet(43)) - raft.server.log.write.buffer.size = 33554432 (custom)
2019-09-12 11:41:55,879 [pool-144-thread-1] INFO  server.RaftServerConfigKeys (ConfUtils.java:logGet(43)) - raft.server.log.force.sync.num = 128 (default)
2019-09-12 11:41:55,880 [pool-144-thread-1] INFO  server.RaftServerConfigKeys (ConfUtils.java:logGet(43)) - raft.server.log.statemachine.data.sync = true (default)
2019-09-12 11:41:55,880 [pool-144-thread-1] INFO  server.RaftServerConfigKeys (ConfUtils.java:logGet(43)) - raft.server.log.statemachine.data.sync.timeout = 10s (default)
2019-09-12 11:41:55,880 [pool-144-thread-1] INFO  server.RaftServerConfigKeys (ConfUtils.java:logGet(43)) - raft.server.log.statemachine.data.sync.timeout.retry = -1 (default)
2019-09-12 11:41:55,880 [pool-144-thread-1] INFO  server.RaftServerConfigKeys (ConfUtils.java:logGet(43)) - raft.server.log.statemachine.data.caching.enabled = true (custom)
2019-09-12 11:41:55,880 [pool-144-thread-1] INFO  segmented.SegmentedRaftLogWorker (SegmentedRaftLogWorker.java:lambda$new$0(132)) - c9117d98-403a-4e73-a5c3-67d4cb653b69-SegmentedRaftLogWorker:Storage Directory /workdir/hadoop-ozone/ozonefs/target/test-dir/MiniOzoneClusterImpl-d4b21612-7553-42f8-bcad-6f2a2d0d7ac7/datanode-1/data/ratis/5e5ba2e1-582a-4e3b-a67d-e23a858ceffb: flushIndex: setUnconditionally 0 -> -1
2019-09-12 11:41:55,881 [pool-144-thread-1] INFO  server.RaftServerConfigKeys (ConfUtils.java:logGet(43)) - raft.server.snapshot.auto.trigger.enabled = true (custom)
2019-09-12 11:41:55,881 [pool-144-thread-1] INFO  server.RaftServerConfigKeys (ConfUtils.java:logGet(43)) - raft.server.snapshot.auto.trigger.threshold = 10000 (custom)
2019-09-12 11:41:55,881 [pool-144-thread-1] INFO  server.RaftServerConfigKeys (ConfUtils.java:logGet(43)) - raft.server.retrycache.expirytime = 600000ms (custom)
2019-09-12 11:41:55,881 [pool-144-thread-1] INFO  impl.RaftServerImpl (RaftServerImpl.java:start(180)) - c9117d98-403a-4e73-a5c3-67d4cb653b69: start group-E23A858CEFFB
2019-09-12 11:41:55,882 [pool-144-thread-1] INFO  impl.RaftServerImpl (RaftServerImpl.java:setRole(171)) - c9117d98-403a-4e73-a5c3-67d4cb653b69:group-E23A858CEFFB changes role from null to FOLLOWER at term 0 for startAsFollower
2019-09-12 11:41:55,882 [pool-144-thread-1] INFO  impl.RoleInfo (RoleInfo.java:updateAndGet(143)) - c9117d98-403a-4e73-a5c3-67d4cb653b69: start FollowerState
2019-09-12 11:41:55,882 [pool-144-thread-1] INFO  util.JmxRegister (JmxRegister.java:tryRegister(44)) - Successfully registered JMX Bean with object name Ratis:service=RaftServer,group=group-E23A858CEFFB,id=c9117d98-403a-4e73-a5c3-67d4cb653b69
2019-09-12 11:41:55,885 [RatisPipelineUtilsThread] INFO  pipeline.PipelineStateManager (PipelineStateManager.java:addPipeline(56)) - Created pipeline Pipeline[ Id: 5e5ba2e1-582a-4e3b-a67d-e23a858ceffb, Nodes: c9117d98-403a-4e73-a5c3-67d4cb653b69{ip: 192.168.157.195, host: pr-hdds-1569-xtfnx-3545843844, networkLocation: /default-rack, certSerialId: null}, Type:RATIS, Factor:ONE, State:OPEN]
2019-09-12 11:41:55,886 [RatisPipelineUtilsThread] ERROR pipeline.PipelinePlacementPolicy (PipelinePlacementPolicy.java:meetCriteria(91)) - Pipeline Placement: Doesn't meet the criteria to be viable node. Heaviness: 6
2019-09-12 11:41:55,892 [grpc-default-executor-1] INFO  impl.RaftServerProxy (RaftServerProxy.java:addNew(89)) - c9117d98-403a-4e73-a5c3-67d4cb653b69: addNew group-1CE136FB66E1:[c9117d98-403a-4e73-a5c3-67d4cb653b69:192.168.157.195:36936] returns group-1CE136FB66E1:java.util.concurrent.CompletableFuture@3b0947e1[Not completed]
2019-09-12 11:41:55,893 [pool-144-thread-1] INFO  impl.RaftServerImpl (RaftServerImpl.java:<init>(93)) - c9117d98-403a-4e73-a5c3-67d4cb653b69: new RaftServerImpl for group-1CE136FB66E1:[c9117d98-403a-4e73-a5c3-67d4cb653b69:192.168.157.195:36936] with ContainerStateMachine:uninitialized
2019-09-12 11:41:55,893 [pool-144-thread-1] INFO  server.RaftServerConfigKeys (ConfUtils.java:logGet(43)) - raft.server.rpc.timeout.min = 5s (custom)
2019-09-12 11:41:55,894 [pool-144-thread-1] INFO  server.RaftServerConfigKeys (ConfUtils.java:logGet(43)) - raft.server.rpc.timeout.max = 5200ms (custom)
2019-09-12 11:41:55,894 [pool-144-thread-1] INFO  server.RaftServerConfigKeys (ConfUtils.java:logGet(43)) - raft.server.rpcslowness.timeout = 120s (custom)
2019-09-12 11:41:55,894 [pool-144-thread-1] INFO  server.RaftServerConfigKeys (ConfUtils.java:logGet(43)) - raft.server.sleep.deviation.threshold = 300 (default)
2019-09-12 11:41:55,894 [pool-144-thread-1] INFO  server.RaftServerConfigKeys (ConfUtils.java:logGet(43)) - raft.server.log.appender.install.snapshot.enabled = false (custom)
2019-09-12 11:41:55,894 [pool-144-thread-1] INFO  impl.RaftServerImpl (ServerState.java:<init>(105)) - c9117d98-403a-4e73-a5c3-67d4cb653b69:group-1CE136FB66E1 ConfigurationManager, init=-1: [c9117d98-403a-4e73-a5c3-67d4cb653b69:192.168.157.195:36936], old=null, confs=<EMPTY_MAP>
2019-09-12 11:41:55,894 [pool-144-thread-1] INFO  server.RaftServerConfigKeys (ConfUtils.java:logGet(43)) - raft.server.storage.dir = [/workdir/hadoop-ozone/ozonefs/target/test-dir/MiniOzoneClusterImpl-d4b21612-7553-42f8-bcad-6f2a2d0d7ac7/datanode-1/data/ratis] (custom)
2019-09-12 11:41:55,895 [pool-144-thread-1] INFO  storage.RaftStorageDirectory (RaftStorageDirectory.java:analyzeStorage(246)) - The storage directory /workdir/hadoop-ozone/ozonefs/target/test-dir/MiniOzoneClusterImpl-d4b21612-7553-42f8-bcad-6f2a2d0d7ac7/datanode-1/data/ratis/ee2ef6da-ccfd-4927-a6e4-1ce136fb66e1 does not exist. Creating ...
2019-09-12 11:41:55,919 [pool-144-thread-1] INFO  storage.RaftStorageDirectory (RaftStorageDirectory.java:tryLock(328)) - Lock on /workdir/hadoop-ozone/ozonefs/target/test-dir/MiniOzoneClusterImpl-d4b21612-7553-42f8-bcad-6f2a2d0d7ac7/datanode-1/data/ratis/ee2ef6da-ccfd-4927-a6e4-1ce136fb66e1/in_use.lock acquired by nodename 27663@pr-hdds-1569-xtfnx-3545843844
2019-09-12 11:41:55,932 [pool-144-thread-1] INFO  storage.RaftStorage (RaftStorage.java:format(72)) - Storage directory /workdir/hadoop-ozone/ozonefs/target/test-dir/MiniOzoneClusterImpl-d4b21612-7553-42f8-bcad-6f2a2d0d7ac7/datanode-1/data/ratis/ee2ef6da-ccfd-4927-a6e4-1ce136fb66e1 has been successfully formatted.
2019-09-12 11:41:55,933 [pool-144-thread-1] INFO  ratis.ContainerStateMachine (ContainerStateMachine.java:loadSnapshot(226)) - group-1CE136FB66E1: The snapshot info is null. Setting the last applied indexto:(t:0, i:~)
2019-09-12 11:41:55,933 [pool-144-thread-1] INFO  server.RaftServerConfigKeys (ConfUtils.java:logGet(43)) - raft.server.leader.election.timeout = 120s (custom)
2019-09-12 11:41:55,933 [pool-144-thread-1] INFO  server.RaftServerConfigKeys (ConfUtils.java:logGet(43)) - raft.server.log.use.memory = false (default)
2019-09-12 11:41:55,933 [pool-144-thread-1] INFO  server.RaftServerConfigKeys (ConfUtils.java:logGet(43)) - raft.server.log.purge.gap = 1000000 (custom)
2019-09-12 11:41:55,933 [pool-144-thread-1] INFO  server.RaftServerConfigKeys (ConfUtils.java:logGet(43)) - raft.server.log.appender.buffer.byte-limit = 33554432 (custom)
2019-09-12 11:41:55,933 [pool-144-thread-1] INFO  server.RaftServerConfigKeys (ConfUtils.java:logGet(43)) - raft.server.log.segment.size.max = 1048576 (custom)
2019-09-12 11:41:55,934 [pool-144-thread-1] INFO  server.RaftServerConfigKeys (ConfUtils.java:logGet(43)) - raft.server.log.segment.cache.num.max = 2 (custom)
2019-09-12 11:41:55,934 [pool-144-thread-1] INFO  segmented.SegmentedRaftLogWorker (SegmentedRaftLogWorker.java:<init>(172)) - new c9117d98-403a-4e73-a5c3-67d4cb653b69-SegmentedRaftLogWorker:Storage Directory /workdir/hadoop-ozone/ozonefs/target/test-dir/MiniOzoneClusterImpl-d4b21612-7553-42f8-bcad-6f2a2d0d7ac7/datanode-1/data/ratis/ee2ef6da-ccfd-4927-a6e4-1ce136fb66e1 for RaftStorage:Storage Directory /workdir/hadoop-ozone/ozonefs/target/test-dir/MiniOzoneClusterImpl-d4b21612-7553-42f8-bcad-6f2a2d0d7ac7/datanode-1/data/ratis/ee2ef6da-ccfd-4927-a6e4-1ce136fb66e1
2019-09-12 11:41:55,934 [pool-144-thread-1] INFO  server.RaftServerConfigKeys (ConfUtils.java:logGet(43)) - raft.server.log.queue.byte-limit = 2147483647 (custom)
2019-09-12 11:41:55,934 [pool-144-thread-1] INFO  server.RaftServerConfigKeys (ConfUtils.java:logGet(43)) - raft.server.log.queue.element-limit = 1024 (custom)
2019-09-12 11:41:55,934 [pool-144-thread-1] INFO  server.RaftServerConfigKeys (ConfUtils.java:logGet(43)) - raft.server.log.segment.size.max = 1048576 (custom)
2019-09-12 11:41:55,934 [pool-144-thread-1] INFO  server.RaftServerConfigKeys (ConfUtils.java:logGet(43)) - raft.server.log.preallocated.size = 16384 (custom)
2019-09-12 11:41:55,934 [pool-144-thread-1] INFO  server.RaftServerConfigKeys (ConfUtils.java:logGet(43)) - raft.server.log.write.buffer.size = 33554432 (custom)
2019-09-12 11:41:55,935 [pool-144-thread-1] INFO  server.RaftServerConfigKeys (ConfUtils.java:logGet(43)) - raft.server.log.force.sync.num = 128 (default)
2019-09-12 11:41:55,935 [pool-144-thread-1] INFO  server.RaftServerConfigKeys (ConfUtils.java:logGet(43)) - raft.server.log.statemachine.data.sync = true (default)
2019-09-12 11:41:55,935 [pool-144-thread-1] INFO  server.RaftServerConfigKeys (ConfUtils.java:logGet(43)) - raft.server.log.statemachine.data.sync.timeout = 10s (default)
2019-09-12 11:41:55,935 [pool-144-thread-1] INFO  server.RaftServerConfigKeys (ConfUtils.java:logGet(43)) - raft.server.log.statemachine.data.sync.timeout.retry = -1 (default)
2019-09-12 11:41:55,935 [pool-144-thread-1] INFO  server.RaftServerConfigKeys (ConfUtils.java:logGet(43)) - raft.server.log.statemachine.data.caching.enabled = true (custom)
2019-09-12 11:41:55,936 [pool-144-thread-1] INFO  segmented.SegmentedRaftLogWorker (SegmentedRaftLogWorker.java:lambda$new$0(132)) - c9117d98-403a-4e73-a5c3-67d4cb653b69-SegmentedRaftLogWorker:Storage Directory /workdir/hadoop-ozone/ozonefs/target/test-dir/MiniOzoneClusterImpl-d4b21612-7553-42f8-bcad-6f2a2d0d7ac7/datanode-1/data/ratis/ee2ef6da-ccfd-4927-a6e4-1ce136fb66e1: flushIndex: setUnconditionally 0 -> -1
2019-09-12 11:41:55,936 [pool-144-thread-1] INFO  server.RaftServerConfigKeys (ConfUtils.java:logGet(43)) - raft.server.snapshot.auto.trigger.enabled = true (custom)
2019-09-12 11:41:55,936 [pool-144-thread-1] INFO  server.RaftServerConfigKeys (ConfUtils.java:logGet(43)) - raft.server.snapshot.auto.trigger.threshold = 10000 (custom)
2019-09-12 11:41:55,936 [pool-144-thread-1] INFO  server.RaftServerConfigKeys (ConfUtils.java:logGet(43)) - raft.server.retrycache.expirytime = 600000ms (custom)
2019-09-12 11:41:55,936 [pool-144-thread-1] INFO  impl.RaftServerImpl (RaftServerImpl.java:start(180)) - c9117d98-403a-4e73-a5c3-67d4cb653b69: start group-1CE136FB66E1
2019-09-12 11:41:55,937 [pool-144-thread-1] INFO  impl.RaftServerImpl (RaftServerImpl.java:setRole(171)) - c9117d98-403a-4e73-a5c3-67d4cb653b69:group-1CE136FB66E1 changes role from null to FOLLOWER at term 0 for startAsFollower
2019-09-12 11:41:55,937 [pool-144-thread-1] INFO  impl.RoleInfo (RoleInfo.java:updateAndGet(143)) - c9117d98-403a-4e73-a5c3-67d4cb653b69: start FollowerState
2019-09-12 11:41:55,937 [pool-144-thread-1] INFO  util.JmxRegister (JmxRegister.java:tryRegister(44)) - Successfully registered JMX Bean with object name Ratis:service=RaftServer,group=group-1CE136FB66E1,id=c9117d98-403a-4e73-a5c3-67d4cb653b69
2019-09-12 11:41:55,940 [RatisPipelineUtilsThread] INFO  pipeline.PipelineStateManager (PipelineStateManager.java:addPipeline(56)) - Created pipeline Pipeline[ Id: ee2ef6da-ccfd-4927-a6e4-1ce136fb66e1, Nodes: c9117d98-403a-4e73-a5c3-67d4cb653b69{ip: 192.168.157.195, host: pr-hdds-1569-xtfnx-3545843844, networkLocation: /default-rack, certSerialId: null}, Type:RATIS, Factor:ONE, State:OPEN]
2019-09-12 11:41:55,940 [RatisPipelineUtilsThread] ERROR pipeline.PipelinePlacementPolicy (PipelinePlacementPolicy.java:meetCriteria(91)) - Pipeline Placement: Doesn't meet the criteria to be viable node. Heaviness: 6
2019-09-12 11:41:55,940 [RatisPipelineUtilsThread] ERROR pipeline.PipelinePlacementPolicy (PipelinePlacementPolicy.java:meetCriteria(91)) - Pipeline Placement: Doesn't meet the criteria to be viable node. Heaviness: 6
2019-09-12 11:41:55,949 [grpc-default-executor-1] INFO  impl.RaftServerProxy (RaftServerProxy.java:addNew(89)) - 8b575f40-3d8f-4d38-a6fe-d6d3761177af: addNew group-FA71DC050377:[8b575f40-3d8f-4d38-a6fe-d6d3761177af:192.168.157.195:33278] returns group-FA71DC050377:java.util.concurrent.CompletableFuture@5969e9f8[Not completed]
2019-09-12 11:41:55,950 [pool-155-thread-1] INFO  impl.RaftServerImpl (RaftServerImpl.java:<init>(93)) - 8b575f40-3d8f-4d38-a6fe-d6d3761177af: new RaftServerImpl for group-FA71DC050377:[8b575f40-3d8f-4d38-a6fe-d6d3761177af:192.168.157.195:33278] with ContainerStateMachine:uninitialized
2019-09-12 11:41:55,951 [pool-155-thread-1] INFO  server.RaftServerConfigKeys (ConfUtils.java:logGet(43)) - raft.server.rpc.timeout.min = 5s (custom)
2019-09-12 11:41:55,951 [pool-155-thread-1] INFO  server.RaftServerConfigKeys (ConfUtils.java:logGet(43)) - raft.server.rpc.timeout.max = 5200ms (custom)
2019-09-12 11:41:55,951 [pool-155-thread-1] INFO  server.RaftServerConfigKeys (ConfUtils.java:logGet(43)) - raft.server.rpcslowness.timeout = 120s (custom)
2019-09-12 11:41:55,951 [pool-155-thread-1] INFO  server.RaftServerConfigKeys (ConfUtils.java:logGet(43)) - raft.server.sleep.deviation.threshold = 300 (default)
2019-09-12 11:41:55,951 [pool-155-thread-1] INFO  server.RaftServerConfigKeys (ConfUtils.java:logGet(43)) - raft.server.log.appender.install.snapshot.enabled = false (custom)
2019-09-12 11:41:55,951 [pool-155-thread-1] INFO  impl.RaftServerImpl (ServerState.java:<init>(105)) - 8b575f40-3d8f-4d38-a6fe-d6d3761177af:group-FA71DC050377 ConfigurationManager, init=-1: [8b575f40-3d8f-4d38-a6fe-d6d3761177af:192.168.157.195:33278], old=null, confs=<EMPTY_MAP>
2019-09-12 11:41:55,951 [pool-155-thread-1] INFO  server.RaftServerConfigKeys (ConfUtils.java:logGet(43)) - raft.server.storage.dir = [/workdir/hadoop-ozone/ozonefs/target/test-dir/MiniOzoneClusterImpl-d4b21612-7553-42f8-bcad-6f2a2d0d7ac7/datanode-2/data/ratis] (custom)
2019-09-12 11:41:55,952 [pool-155-thread-1] INFO  storage.RaftStorageDirectory (RaftStorageDirectory.java:analyzeStorage(246)) - The storage directory /workdir/hadoop-ozone/ozonefs/target/test-dir/MiniOzoneClusterImpl-d4b21612-7553-42f8-bcad-6f2a2d0d7ac7/datanode-2/data/ratis/37d9b3c7-5561-4f57-9319-fa71dc050377 does not exist. Creating ...
2019-09-12 11:41:55,965 [pool-155-thread-1] INFO  storage.RaftStorageDirectory (RaftStorageDirectory.java:tryLock(328)) - Lock on /workdir/hadoop-ozone/ozonefs/target/test-dir/MiniOzoneClusterImpl-d4b21612-7553-42f8-bcad-6f2a2d0d7ac7/datanode-2/data/ratis/37d9b3c7-5561-4f57-9319-fa71dc050377/in_use.lock acquired by nodename 27663@pr-hdds-1569-xtfnx-3545843844
2019-09-12 11:41:55,977 [pool-155-thread-1] INFO  storage.RaftStorage (RaftStorage.java:format(72)) - Storage directory /workdir/hadoop-ozone/ozonefs/target/test-dir/MiniOzoneClusterImpl-d4b21612-7553-42f8-bcad-6f2a2d0d7ac7/datanode-2/data/ratis/37d9b3c7-5561-4f57-9319-fa71dc050377 has been successfully formatted.
2019-09-12 11:41:55,977 [pool-155-thread-1] INFO  ratis.ContainerStateMachine (ContainerStateMachine.java:loadSnapshot(226)) - group-FA71DC050377: The snapshot info is null. Setting the last applied indexto:(t:0, i:~)
2019-09-12 11:41:55,978 [pool-155-thread-1] INFO  server.RaftServerConfigKeys (ConfUtils.java:logGet(43)) - raft.server.leader.election.timeout = 120s (custom)
2019-09-12 11:41:55,978 [pool-155-thread-1] INFO  server.RaftServerConfigKeys (ConfUtils.java:logGet(43)) - raft.server.log.use.memory = false (default)
2019-09-12 11:41:55,978 [pool-155-thread-1] INFO  server.RaftServerConfigKeys (ConfUtils.java:logGet(43)) - raft.server.log.purge.gap = 1000000 (custom)
2019-09-12 11:41:55,978 [pool-155-thread-1] INFO  server.RaftServerConfigKeys (ConfUtils.java:logGet(43)) - raft.server.log.appender.buffer.byte-limit = 33554432 (custom)
2019-09-12 11:41:55,978 [pool-155-thread-1] INFO  server.RaftServerConfigKeys (ConfUtils.java:logGet(43)) - raft.server.log.segment.size.max = 1048576 (custom)
2019-09-12 11:41:55,979 [pool-155-thread-1] INFO  server.RaftServerConfigKeys (ConfUtils.java:logGet(43)) - raft.server.log.segment.cache.num.max = 2 (custom)
2019-09-12 11:41:55,979 [pool-155-thread-1] INFO  segmented.SegmentedRaftLogWorker (SegmentedRaftLogWorker.java:<init>(172)) - new 8b575f40-3d8f-4d38-a6fe-d6d3761177af-SegmentedRaftLogWorker:Storage Directory /workdir/hadoop-ozone/ozonefs/target/test-dir/MiniOzoneClusterImpl-d4b21612-7553-42f8-bcad-6f2a2d0d7ac7/datanode-2/data/ratis/37d9b3c7-5561-4f57-9319-fa71dc050377 for RaftStorage:Storage Directory /workdir/hadoop-ozone/ozonefs/target/test-dir/MiniOzoneClusterImpl-d4b21612-7553-42f8-bcad-6f2a2d0d7ac7/datanode-2/data/ratis/37d9b3c7-5561-4f57-9319-fa71dc050377
2019-09-12 11:41:55,979 [pool-155-thread-1] INFO  server.RaftServerConfigKeys (ConfUtils.java:logGet(43)) - raft.server.log.queue.byte-limit = 2147483647 (custom)
2019-09-12 11:41:55,979 [pool-155-thread-1] INFO  server.RaftServerConfigKeys (ConfUtils.java:logGet(43)) - raft.server.log.queue.element-limit = 1024 (custom)
2019-09-12 11:41:55,980 [pool-155-thread-1] INFO  server.RaftServerConfigKeys (ConfUtils.java:logGet(43)) - raft.server.log.segment.size.max = 1048576 (custom)
2019-09-12 11:41:55,980 [pool-155-thread-1] INFO  server.RaftServerConfigKeys (ConfUtils.java:logGet(43)) - raft.server.log.preallocated.size = 16384 (custom)
2019-09-12 11:41:55,980 [pool-155-thread-1] INFO  server.RaftServerConfigKeys (ConfUtils.java:logGet(43)) - raft.server.log.write.buffer.size = 33554432 (custom)
2019-09-12 11:41:55,980 [pool-155-thread-1] INFO  server.RaftServerConfigKeys (ConfUtils.java:logGet(43)) - raft.server.log.force.sync.num = 128 (default)
2019-09-12 11:41:55,980 [pool-155-thread-1] INFO  server.RaftServerConfigKeys (ConfUtils.java:logGet(43)) - raft.server.log.statemachine.data.sync = true (default)
2019-09-12 11:41:55,980 [pool-155-thread-1] INFO  server.RaftServerConfigKeys (ConfUtils.java:logGet(43)) - raft.server.log.statemachine.data.sync.timeout = 10s (default)
2019-09-12 11:41:55,981 [pool-155-thread-1] INFO  server.RaftServerConfigKeys (ConfUtils.java:logGet(43)) - raft.server.log.statemachine.data.sync.timeout.retry = -1 (default)
2019-09-12 11:41:55,981 [pool-155-thread-1] INFO  server.RaftServerConfigKeys (ConfUtils.java:logGet(43)) - raft.server.log.statemachine.data.caching.enabled = true (custom)
2019-09-12 11:41:55,981 [pool-155-thread-1] INFO  segmented.SegmentedRaftLogWorker (SegmentedRaftLogWorker.java:lambda$new$0(132)) - 8b575f40-3d8f-4d38-a6fe-d6d3761177af-SegmentedRaftLogWorker:Storage Directory /workdir/hadoop-ozone/ozonefs/target/test-dir/MiniOzoneClusterImpl-d4b21612-7553-42f8-bcad-6f2a2d0d7ac7/datanode-2/data/ratis/37d9b3c7-5561-4f57-9319-fa71dc050377: flushIndex: setUnconditionally 0 -> -1
2019-09-12 11:41:55,982 [pool-155-thread-1] INFO  server.RaftServerConfigKeys (ConfUtils.java:logGet(43)) - raft.server.snapshot.auto.trigger.enabled = true (custom)
2019-09-12 11:41:55,982 [pool-155-thread-1] INFO  server.RaftServerConfigKeys (ConfUtils.java:logGet(43)) - raft.server.snapshot.auto.trigger.threshold = 10000 (custom)
2019-09-12 11:41:55,982 [pool-155-thread-1] INFO  server.RaftServerConfigKeys (ConfUtils.java:logGet(43)) - raft.server.retrycache.expirytime = 600000ms (custom)
2019-09-12 11:41:55,982 [pool-155-thread-1] INFO  impl.RaftServerImpl (RaftServerImpl.java:start(180)) - 8b575f40-3d8f-4d38-a6fe-d6d3761177af: start group-FA71DC050377
2019-09-12 11:41:55,983 [pool-155-thread-1] INFO  impl.RaftServerImpl (RaftServerImpl.java:setRole(171)) - 8b575f40-3d8f-4d38-a6fe-d6d3761177af:group-FA71DC050377 changes role from null to FOLLOWER at term 0 for startAsFollower
2019-09-12 11:41:55,983 [pool-155-thread-1] INFO  impl.RoleInfo (RoleInfo.java:updateAndGet(143)) - 8b575f40-3d8f-4d38-a6fe-d6d3761177af: start FollowerState
2019-09-12 11:41:55,983 [pool-155-thread-1] INFO  util.JmxRegister (JmxRegister.java:tryRegister(44)) - Successfully registered JMX Bean with object name Ratis:service=RaftServer,group=group-FA71DC050377,id=8b575f40-3d8f-4d38-a6fe-d6d3761177af
2019-09-12 11:41:55,989 [RatisPipelineUtilsThread] INFO  pipeline.PipelineStateManager (PipelineStateManager.java:addPipeline(56)) - Created pipeline Pipeline[ Id: 37d9b3c7-5561-4f57-9319-fa71dc050377, Nodes: 8b575f40-3d8f-4d38-a6fe-d6d3761177af{ip: 192.168.157.195, host: pr-hdds-1569-xtfnx-3545843844, networkLocation: /default-rack, certSerialId: null}, Type:RATIS, Factor:ONE, State:OPEN]
2019-09-12 11:41:55,989 [RatisPipelineUtilsThread] ERROR pipeline.PipelinePlacementPolicy (PipelinePlacementPolicy.java:meetCriteria(91)) - Pipeline Placement: Doesn't meet the criteria to be viable node. Heaviness: 6
2019-09-12 11:41:55,990 [RatisPipelineUtilsThread] ERROR pipeline.PipelinePlacementPolicy (PipelinePlacementPolicy.java:meetCriteria(91)) - Pipeline Placement: Doesn't meet the criteria to be viable node. Heaviness: 6
2019-09-12 11:41:55,996 [grpc-default-executor-1] INFO  impl.RaftServerProxy (RaftServerProxy.java:addNew(89)) - 8b575f40-3d8f-4d38-a6fe-d6d3761177af: addNew group-E9E972B62B8A:[8b575f40-3d8f-4d38-a6fe-d6d3761177af:192.168.157.195:33278] returns group-E9E972B62B8A:java.util.concurrent.CompletableFuture@3799cbf8[Not completed]
2019-09-12 11:41:55,997 [pool-155-thread-1] INFO  impl.RaftServerImpl (RaftServerImpl.java:<init>(93)) - 8b575f40-3d8f-4d38-a6fe-d6d3761177af: new RaftServerImpl for group-E9E972B62B8A:[8b575f40-3d8f-4d38-a6fe-d6d3761177af:192.168.157.195:33278] with ContainerStateMachine:uninitialized
2019-09-12 11:41:55,997 [pool-155-thread-1] INFO  server.RaftServerConfigKeys (ConfUtils.java:logGet(43)) - raft.server.rpc.timeout.min = 5s (custom)
2019-09-12 11:41:55,998 [pool-155-thread-1] INFO  server.RaftServerConfigKeys (ConfUtils.java:logGet(43)) - raft.server.rpc.timeout.max = 5200ms (custom)
2019-09-12 11:41:55,998 [pool-155-thread-1] INFO  server.RaftServerConfigKeys (ConfUtils.java:logGet(43)) - raft.server.rpcslowness.timeout = 120s (custom)
2019-09-12 11:41:55,998 [pool-155-thread-1] INFO  server.RaftServerConfigKeys (ConfUtils.java:logGet(43)) - raft.server.sleep.deviation.threshold = 300 (default)
2019-09-12 11:41:55,998 [pool-155-thread-1] INFO  server.RaftServerConfigKeys (ConfUtils.java:logGet(43)) - raft.server.log.appender.install.snapshot.enabled = false (custom)
2019-09-12 11:41:55,998 [pool-155-thread-1] INFO  impl.RaftServerImpl (ServerState.java:<init>(105)) - 8b575f40-3d8f-4d38-a6fe-d6d3761177af:group-E9E972B62B8A ConfigurationManager, init=-1: [8b575f40-3d8f-4d38-a6fe-d6d3761177af:192.168.157.195:33278], old=null, confs=<EMPTY_MAP>
2019-09-12 11:41:55,998 [pool-155-thread-1] INFO  server.RaftServerConfigKeys (ConfUtils.java:logGet(43)) - raft.server.storage.dir = [/workdir/hadoop-ozone/ozonefs/target/test-dir/MiniOzoneClusterImpl-d4b21612-7553-42f8-bcad-6f2a2d0d7ac7/datanode-2/data/ratis] (custom)
2019-09-12 11:41:55,999 [pool-155-thread-1] INFO  storage.RaftStorageDirectory (RaftStorageDirectory.java:analyzeStorage(246)) - The storage directory /workdir/hadoop-ozone/ozonefs/target/test-dir/MiniOzoneClusterImpl-d4b21612-7553-42f8-bcad-6f2a2d0d7ac7/datanode-2/data/ratis/cac68687-0415-4712-9d16-e9e972b62b8a does not exist. Creating ...
2019-09-12 11:41:56,013 [pool-155-thread-1] INFO  storage.RaftStorageDirectory (RaftStorageDirectory.java:tryLock(328)) - Lock on /workdir/hadoop-ozone/ozonefs/target/test-dir/MiniOzoneClusterImpl-d4b21612-7553-42f8-bcad-6f2a2d0d7ac7/datanode-2/data/ratis/cac68687-0415-4712-9d16-e9e972b62b8a/in_use.lock acquired by nodename 27663@pr-hdds-1569-xtfnx-3545843844
2019-09-12 11:41:56,026 [pool-155-thread-1] INFO  storage.RaftStorage (RaftStorage.java:format(72)) - Storage directory /workdir/hadoop-ozone/ozonefs/target/test-dir/MiniOzoneClusterImpl-d4b21612-7553-42f8-bcad-6f2a2d0d7ac7/datanode-2/data/ratis/cac68687-0415-4712-9d16-e9e972b62b8a has been successfully formatted.
2019-09-12 11:41:56,027 [pool-155-thread-1] INFO  ratis.ContainerStateMachine (ContainerStateMachine.java:loadSnapshot(226)) - group-E9E972B62B8A: The snapshot info is null. Setting the last applied indexto:(t:0, i:~)
2019-09-12 11:41:56,027 [pool-155-thread-1] INFO  server.RaftServerConfigKeys (ConfUtils.java:logGet(43)) - raft.server.leader.election.timeout = 120s (custom)
2019-09-12 11:41:56,027 [pool-155-thread-1] INFO  server.RaftServerConfigKeys (ConfUtils.java:logGet(43)) - raft.server.log.use.memory = false (default)
2019-09-12 11:41:56,027 [pool-155-thread-1] INFO  server.RaftServerConfigKeys (ConfUtils.java:logGet(43)) - raft.server.log.purge.gap = 1000000 (custom)
2019-09-12 11:41:56,027 [pool-155-thread-1] INFO  server.RaftServerConfigKeys (ConfUtils.java:logGet(43)) - raft.server.log.appender.buffer.byte-limit = 33554432 (custom)
2019-09-12 11:41:56,027 [pool-155-thread-1] INFO  server.RaftServerConfigKeys (ConfUtils.java:logGet(43)) - raft.server.log.segment.size.max = 1048576 (custom)
2019-09-12 11:41:56,028 [pool-155-thread-1] INFO  server.RaftServerConfigKeys (ConfUtils.java:logGet(43)) - raft.server.log.segment.cache.num.max = 2 (custom)
2019-09-12 11:41:56,028 [pool-155-thread-1] INFO  segmented.SegmentedRaftLogWorker (SegmentedRaftLogWorker.java:<init>(172)) - new 8b575f40-3d8f-4d38-a6fe-d6d3761177af-SegmentedRaftLogWorker:Storage Directory /workdir/hadoop-ozone/ozonefs/target/test-dir/MiniOzoneClusterImpl-d4b21612-7553-42f8-bcad-6f2a2d0d7ac7/datanode-2/data/ratis/cac68687-0415-4712-9d16-e9e972b62b8a for RaftStorage:Storage Directory /workdir/hadoop-ozone/ozonefs/target/test-dir/MiniOzoneClusterImpl-d4b21612-7553-42f8-bcad-6f2a2d0d7ac7/datanode-2/data/ratis/cac68687-0415-4712-9d16-e9e972b62b8a
2019-09-12 11:41:56,028 [pool-155-thread-1] INFO  server.RaftServerConfigKeys (ConfUtils.java:logGet(43)) - raft.server.log.queue.byte-limit = 2147483647 (custom)
2019-09-12 11:41:56,028 [pool-155-thread-1] INFO  server.RaftServerConfigKeys (ConfUtils.java:logGet(43)) - raft.server.log.queue.element-limit = 1024 (custom)
2019-09-12 11:41:56,028 [pool-155-thread-1] INFO  server.RaftServerConfigKeys (ConfUtils.java:logGet(43)) - raft.server.log.segment.size.max = 1048576 (custom)
2019-09-12 11:41:56,028 [pool-155-thread-1] INFO  server.RaftServerConfigKeys (ConfUtils.java:logGet(43)) - raft.server.log.preallocated.size = 16384 (custom)
2019-09-12 11:41:56,028 [pool-155-thread-1] INFO  server.RaftServerConfigKeys (ConfUtils.java:logGet(43)) - raft.server.log.write.buffer.size = 33554432 (custom)
2019-09-12 11:41:56,029 [pool-155-thread-1] INFO  server.RaftServerConfigKeys (ConfUtils.java:logGet(43)) - raft.server.log.force.sync.num = 128 (default)
2019-09-12 11:41:56,029 [pool-155-thread-1] INFO  server.RaftServerConfigKeys (ConfUtils.java:logGet(43)) - raft.server.log.statemachine.data.sync = true (default)
2019-09-12 11:41:56,029 [pool-155-thread-1] INFO  server.RaftServerConfigKeys (ConfUtils.java:logGet(43)) - raft.server.log.statemachine.data.sync.timeout = 10s (default)
2019-09-12 11:41:56,029 [pool-155-thread-1] INFO  server.RaftServerConfigKeys (ConfUtils.java:logGet(43)) - raft.server.log.statemachine.data.sync.timeout.retry = -1 (default)
2019-09-12 11:41:56,029 [pool-155-thread-1] INFO  server.RaftServerConfigKeys (ConfUtils.java:logGet(43)) - raft.server.log.statemachine.data.caching.enabled = true (custom)
2019-09-12 11:41:56,030 [pool-155-thread-1] INFO  segmented.SegmentedRaftLogWorker (SegmentedRaftLogWorker.java:lambda$new$0(132)) - 8b575f40-3d8f-4d38-a6fe-d6d3761177af-SegmentedRaftLogWorker:Storage Directory /workdir/hadoop-ozone/ozonefs/target/test-dir/MiniOzoneClusterImpl-d4b21612-7553-42f8-bcad-6f2a2d0d7ac7/datanode-2/data/ratis/cac68687-0415-4712-9d16-e9e972b62b8a: flushIndex: setUnconditionally 0 -> -1
2019-09-12 11:41:56,030 [pool-155-thread-1] INFO  server.RaftServerConfigKeys (ConfUtils.java:logGet(43)) - raft.server.snapshot.auto.trigger.enabled = true (custom)
2019-09-12 11:41:56,030 [pool-155-thread-1] INFO  server.RaftServerConfigKeys (ConfUtils.java:logGet(43)) - raft.server.snapshot.auto.trigger.threshold = 10000 (custom)
2019-09-12 11:41:56,030 [pool-155-thread-1] INFO  server.RaftServerConfigKeys (ConfUtils.java:logGet(43)) - raft.server.retrycache.expirytime = 600000ms (custom)
2019-09-12 11:41:56,031 [pool-155-thread-1] INFO  impl.RaftServerImpl (RaftServerImpl.java:start(180)) - 8b575f40-3d8f-4d38-a6fe-d6d3761177af: start group-E9E972B62B8A
2019-09-12 11:41:56,031 [pool-155-thread-1] INFO  impl.RaftServerImpl (RaftServerImpl.java:setRole(171)) - 8b575f40-3d8f-4d38-a6fe-d6d3761177af:group-E9E972B62B8A changes role from null to FOLLOWER at term 0 for startAsFollower
2019-09-12 11:41:56,031 [pool-155-thread-1] INFO  impl.RoleInfo (RoleInfo.java:updateAndGet(143)) - 8b575f40-3d8f-4d38-a6fe-d6d3761177af: start FollowerState
2019-09-12 11:41:56,031 [pool-155-thread-1] INFO  util.JmxRegister (JmxRegister.java:tryRegister(44)) - Successfully registered JMX Bean with object name Ratis:service=RaftServer,group=group-E9E972B62B8A,id=8b575f40-3d8f-4d38-a6fe-d6d3761177af
2019-09-12 11:41:56,034 [RatisPipelineUtilsThread] INFO  pipeline.PipelineStateManager (PipelineStateManager.java:addPipeline(56)) - Created pipeline Pipeline[ Id: cac68687-0415-4712-9d16-e9e972b62b8a, Nodes: 8b575f40-3d8f-4d38-a6fe-d6d3761177af{ip: 192.168.157.195, host: pr-hdds-1569-xtfnx-3545843844, networkLocation: /default-rack, certSerialId: null}, Type:RATIS, Factor:ONE, State:OPEN]
2019-09-12 11:41:56,035 [RatisPipelineUtilsThread] ERROR pipeline.PipelinePlacementPolicy (PipelinePlacementPolicy.java:meetCriteria(91)) - Pipeline Placement: Doesn't meet the criteria to be viable node. Heaviness: 6
2019-09-12 11:41:56,035 [RatisPipelineUtilsThread] ERROR pipeline.PipelinePlacementPolicy (PipelinePlacementPolicy.java:meetCriteria(91)) - Pipeline Placement: Doesn't meet the criteria to be viable node. Heaviness: 6
2019-09-12 11:41:56,041 [grpc-default-executor-1] INFO  impl.RaftServerProxy (RaftServerProxy.java:addNew(89)) - 8b575f40-3d8f-4d38-a6fe-d6d3761177af: addNew group-E157148184BD:[8b575f40-3d8f-4d38-a6fe-d6d3761177af:192.168.157.195:33278] returns group-E157148184BD:java.util.concurrent.CompletableFuture@6a1020f[Not completed]
2019-09-12 11:41:56,042 [pool-155-thread-1] INFO  impl.RaftServerImpl (RaftServerImpl.java:<init>(93)) - 8b575f40-3d8f-4d38-a6fe-d6d3761177af: new RaftServerImpl for group-E157148184BD:[8b575f40-3d8f-4d38-a6fe-d6d3761177af:192.168.157.195:33278] with ContainerStateMachine:uninitialized
2019-09-12 11:41:56,042 [pool-155-thread-1] INFO  server.RaftServerConfigKeys (ConfUtils.java:logGet(43)) - raft.server.rpc.timeout.min = 5s (custom)
2019-09-12 11:41:56,043 [pool-155-thread-1] INFO  server.RaftServerConfigKeys (ConfUtils.java:logGet(43)) - raft.server.rpc.timeout.max = 5200ms (custom)
2019-09-12 11:41:56,043 [pool-155-thread-1] INFO  server.RaftServerConfigKeys (ConfUtils.java:logGet(43)) - raft.server.rpcslowness.timeout = 120s (custom)
2019-09-12 11:41:56,043 [pool-155-thread-1] INFO  server.RaftServerConfigKeys (ConfUtils.java:logGet(43)) - raft.server.sleep.deviation.threshold = 300 (default)
2019-09-12 11:41:56,043 [pool-155-thread-1] INFO  server.RaftServerConfigKeys (ConfUtils.java:logGet(43)) - raft.server.log.appender.install.snapshot.enabled = false (custom)
2019-09-12 11:41:56,043 [pool-155-thread-1] INFO  impl.RaftServerImpl (ServerState.java:<init>(105)) - 8b575f40-3d8f-4d38-a6fe-d6d3761177af:group-E157148184BD ConfigurationManager, init=-1: [8b575f40-3d8f-4d38-a6fe-d6d3761177af:192.168.157.195:33278], old=null, confs=<EMPTY_MAP>
2019-09-12 11:41:56,043 [pool-155-thread-1] INFO  server.RaftServerConfigKeys (ConfUtils.java:logGet(43)) - raft.server.storage.dir = [/workdir/hadoop-ozone/ozonefs/target/test-dir/MiniOzoneClusterImpl-d4b21612-7553-42f8-bcad-6f2a2d0d7ac7/datanode-2/data/ratis] (custom)
2019-09-12 11:41:56,044 [pool-155-thread-1] INFO  storage.RaftStorageDirectory (RaftStorageDirectory.java:analyzeStorage(246)) - The storage directory /workdir/hadoop-ozone/ozonefs/target/test-dir/MiniOzoneClusterImpl-d4b21612-7553-42f8-bcad-6f2a2d0d7ac7/datanode-2/data/ratis/dcadb9fd-d800-4b42-b1e7-e157148184bd does not exist. Creating ...
2019-09-12 11:41:56,056 [pool-155-thread-1] INFO  storage.RaftStorageDirectory (RaftStorageDirectory.java:tryLock(328)) - Lock on /workdir/hadoop-ozone/ozonefs/target/test-dir/MiniOzoneClusterImpl-d4b21612-7553-42f8-bcad-6f2a2d0d7ac7/datanode-2/data/ratis/dcadb9fd-d800-4b42-b1e7-e157148184bd/in_use.lock acquired by nodename 27663@pr-hdds-1569-xtfnx-3545843844
2019-09-12 11:41:56,069 [pool-155-thread-1] INFO  storage.RaftStorage (RaftStorage.java:format(72)) - Storage directory /workdir/hadoop-ozone/ozonefs/target/test-dir/MiniOzoneClusterImpl-d4b21612-7553-42f8-bcad-6f2a2d0d7ac7/datanode-2/data/ratis/dcadb9fd-d800-4b42-b1e7-e157148184bd has been successfully formatted.
2019-09-12 11:41:56,070 [pool-155-thread-1] INFO  ratis.ContainerStateMachine (ContainerStateMachine.java:loadSnapshot(226)) - group-E157148184BD: The snapshot info is null. Setting the last applied indexto:(t:0, i:~)
2019-09-12 11:41:56,070 [pool-155-thread-1] INFO  server.RaftServerConfigKeys (ConfUtils.java:logGet(43)) - raft.server.leader.election.timeout = 120s (custom)
2019-09-12 11:41:56,070 [pool-155-thread-1] INFO  server.RaftServerConfigKeys (ConfUtils.java:logGet(43)) - raft.server.log.use.memory = false (default)
2019-09-12 11:41:56,070 [pool-155-thread-1] INFO  server.RaftServerConfigKeys (ConfUtils.java:logGet(43)) - raft.server.log.purge.gap = 1000000 (custom)
2019-09-12 11:41:56,070 [pool-155-thread-1] INFO  server.RaftServerConfigKeys (ConfUtils.java:logGet(43)) - raft.server.log.appender.buffer.byte-limit = 33554432 (custom)
2019-09-12 11:41:56,070 [pool-155-thread-1] INFO  server.RaftServerConfigKeys (ConfUtils.java:logGet(43)) - raft.server.log.segment.size.max = 1048576 (custom)
2019-09-12 11:41:56,071 [pool-155-thread-1] INFO  server.RaftServerConfigKeys (ConfUtils.java:logGet(43)) - raft.server.log.segment.cache.num.max = 2 (custom)
2019-09-12 11:41:56,071 [pool-155-thread-1] INFO  segmented.SegmentedRaftLogWorker (SegmentedRaftLogWorker.java:<init>(172)) - new 8b575f40-3d8f-4d38-a6fe-d6d3761177af-SegmentedRaftLogWorker:Storage Directory /workdir/hadoop-ozone/ozonefs/target/test-dir/MiniOzoneClusterImpl-d4b21612-7553-42f8-bcad-6f2a2d0d7ac7/datanode-2/data/ratis/dcadb9fd-d800-4b42-b1e7-e157148184bd for RaftStorage:Storage Directory /workdir/hadoop-ozone/ozonefs/target/test-dir/MiniOzoneClusterImpl-d4b21612-7553-42f8-bcad-6f2a2d0d7ac7/datanode-2/data/ratis/dcadb9fd-d800-4b42-b1e7-e157148184bd
2019-09-12 11:41:56,071 [pool-155-thread-1] INFO  server.RaftServerConfigKeys (ConfUtils.java:logGet(43)) - raft.server.log.queue.byte-limit = 2147483647 (custom)
2019-09-12 11:41:56,071 [pool-155-thread-1] INFO  server.RaftServerConfigKeys (ConfUtils.java:logGet(43)) - raft.server.log.queue.element-limit = 1024 (custom)
2019-09-12 11:41:56,071 [pool-155-thread-1] INFO  server.RaftServerConfigKeys (ConfUtils.java:logGet(43)) - raft.server.log.segment.size.max = 1048576 (custom)
2019-09-12 11:41:56,071 [pool-155-thread-1] INFO  server.RaftServerConfigKeys (ConfUtils.java:logGet(43)) - raft.server.log.preallocated.size = 16384 (custom)
2019-09-12 11:41:56,072 [pool-155-thread-1] INFO  server.RaftServerConfigKeys (ConfUtils.java:logGet(43)) - raft.server.log.write.buffer.size = 33554432 (custom)
2019-09-12 11:41:56,072 [pool-155-thread-1] INFO  server.RaftServerConfigKeys (ConfUtils.java:logGet(43)) - raft.server.log.force.sync.num = 128 (default)
2019-09-12 11:41:56,072 [pool-155-thread-1] INFO  server.RaftServerConfigKeys (ConfUtils.java:logGet(43)) - raft.server.log.statemachine.data.sync = true (default)
2019-09-12 11:41:56,072 [pool-155-thread-1] INFO  server.RaftServerConfigKeys (ConfUtils.java:logGet(43)) - raft.server.log.statemachine.data.sync.timeout = 10s (default)
2019-09-12 11:41:56,072 [pool-155-thread-1] INFO  server.RaftServerConfigKeys (ConfUtils.java:logGet(43)) - raft.server.log.statemachine.data.sync.timeout.retry = -1 (default)
2019-09-12 11:41:56,072 [pool-155-thread-1] INFO  server.RaftServerConfigKeys (ConfUtils.java:logGet(43)) - raft.server.log.statemachine.data.caching.enabled = true (custom)
2019-09-12 11:41:56,073 [pool-155-thread-1] INFO  segmented.SegmentedRaftLogWorker (SegmentedRaftLogWorker.java:lambda$new$0(132)) - 8b575f40-3d8f-4d38-a6fe-d6d3761177af-SegmentedRaftLogWorker:Storage Directory /workdir/hadoop-ozone/ozonefs/target/test-dir/MiniOzoneClusterImpl-d4b21612-7553-42f8-bcad-6f2a2d0d7ac7/datanode-2/data/ratis/dcadb9fd-d800-4b42-b1e7-e157148184bd: flushIndex: setUnconditionally 0 -> -1
2019-09-12 11:41:56,073 [pool-155-thread-1] INFO  server.RaftServerConfigKeys (ConfUtils.java:logGet(43)) - raft.server.snapshot.auto.trigger.enabled = true (custom)
2019-09-12 11:41:56,073 [pool-155-thread-1] INFO  server.RaftServerConfigKeys (ConfUtils.java:logGet(43)) - raft.server.snapshot.auto.trigger.threshold = 10000 (custom)
2019-09-12 11:41:56,073 [pool-155-thread-1] INFO  server.RaftServerConfigKeys (ConfUtils.java:logGet(43)) - raft.server.retrycache.expirytime = 600000ms (custom)
2019-09-12 11:41:56,074 [pool-155-thread-1] INFO  impl.RaftServerImpl (RaftServerImpl.java:start(180)) - 8b575f40-3d8f-4d38-a6fe-d6d3761177af: start group-E157148184BD
2019-09-12 11:41:56,074 [pool-155-thread-1] INFO  impl.RaftServerImpl (RaftServerImpl.java:setRole(171)) - 8b575f40-3d8f-4d38-a6fe-d6d3761177af:group-E157148184BD changes role from null to FOLLOWER at term 0 for startAsFollower
2019-09-12 11:41:56,074 [pool-155-thread-1] INFO  impl.RoleInfo (RoleInfo.java:updateAndGet(143)) - 8b575f40-3d8f-4d38-a6fe-d6d3761177af: start FollowerState
2019-09-12 11:41:56,074 [pool-155-thread-1] INFO  util.JmxRegister (JmxRegister.java:tryRegister(44)) - Successfully registered JMX Bean with object name Ratis:service=RaftServer,group=group-E157148184BD,id=8b575f40-3d8f-4d38-a6fe-d6d3761177af
2019-09-12 11:41:56,077 [RatisPipelineUtilsThread] INFO  pipeline.PipelineStateManager (PipelineStateManager.java:addPipeline(56)) - Created pipeline Pipeline[ Id: dcadb9fd-d800-4b42-b1e7-e157148184bd, Nodes: 8b575f40-3d8f-4d38-a6fe-d6d3761177af{ip: 192.168.157.195, host: pr-hdds-1569-xtfnx-3545843844, networkLocation: /default-rack, certSerialId: null}, Type:RATIS, Factor:ONE, State:OPEN]
2019-09-12 11:41:56,077 [RatisPipelineUtilsThread] ERROR pipeline.PipelinePlacementPolicy (PipelinePlacementPolicy.java:meetCriteria(91)) - Pipeline Placement: Doesn't meet the criteria to be viable node. Heaviness: 6
2019-09-12 11:41:56,078 [RatisPipelineUtilsThread] ERROR pipeline.PipelinePlacementPolicy (PipelinePlacementPolicy.java:meetCriteria(91)) - Pipeline Placement: Doesn't meet the criteria to be viable node. Heaviness: 6
2019-09-12 11:41:56,084 [grpc-default-executor-1] INFO  impl.RaftServerProxy (RaftServerProxy.java:addNew(89)) - 8b575f40-3d8f-4d38-a6fe-d6d3761177af: addNew group-00712A9343BB:[8b575f40-3d8f-4d38-a6fe-d6d3761177af:192.168.157.195:33278] returns group-00712A9343BB:java.util.concurrent.CompletableFuture@23b7e251[Not completed]
2019-09-12 11:41:56,085 [pool-155-thread-1] INFO  impl.RaftServerImpl (RaftServerImpl.java:<init>(93)) - 8b575f40-3d8f-4d38-a6fe-d6d3761177af: new RaftServerImpl for group-00712A9343BB:[8b575f40-3d8f-4d38-a6fe-d6d3761177af:192.168.157.195:33278] with ContainerStateMachine:uninitialized
2019-09-12 11:41:56,085 [pool-155-thread-1] INFO  server.RaftServerConfigKeys (ConfUtils.java:logGet(43)) - raft.server.rpc.timeout.min = 5s (custom)
2019-09-12 11:41:56,085 [pool-155-thread-1] INFO  server.RaftServerConfigKeys (ConfUtils.java:logGet(43)) - raft.server.rpc.timeout.max = 5200ms (custom)
2019-09-12 11:41:56,085 [pool-155-thread-1] INFO  server.RaftServerConfigKeys (ConfUtils.java:logGet(43)) - raft.server.rpcslowness.timeout = 120s (custom)
2019-09-12 11:41:56,086 [pool-155-thread-1] INFO  server.RaftServerConfigKeys (ConfUtils.java:logGet(43)) - raft.server.sleep.deviation.threshold = 300 (default)
2019-09-12 11:41:56,086 [pool-155-thread-1] INFO  server.RaftServerConfigKeys (ConfUtils.java:logGet(43)) - raft.server.log.appender.install.snapshot.enabled = false (custom)
2019-09-12 11:41:56,086 [pool-155-thread-1] INFO  impl.RaftServerImpl (ServerState.java:<init>(105)) - 8b575f40-3d8f-4d38-a6fe-d6d3761177af:group-00712A9343BB ConfigurationManager, init=-1: [8b575f40-3d8f-4d38-a6fe-d6d3761177af:192.168.157.195:33278], old=null, confs=<EMPTY_MAP>
2019-09-12 11:41:56,086 [pool-155-thread-1] INFO  server.RaftServerConfigKeys (ConfUtils.java:logGet(43)) - raft.server.storage.dir = [/workdir/hadoop-ozone/ozonefs/target/test-dir/MiniOzoneClusterImpl-d4b21612-7553-42f8-bcad-6f2a2d0d7ac7/datanode-2/data/ratis] (custom)
2019-09-12 11:41:56,086 [pool-155-thread-1] INFO  storage.RaftStorageDirectory (RaftStorageDirectory.java:analyzeStorage(246)) - The storage directory /workdir/hadoop-ozone/ozonefs/target/test-dir/MiniOzoneClusterImpl-d4b21612-7553-42f8-bcad-6f2a2d0d7ac7/datanode-2/data/ratis/aaa3b400-86ac-46e5-87e7-00712a9343bb does not exist. Creating ...
2019-09-12 11:41:56,099 [pool-155-thread-1] INFO  storage.RaftStorageDirectory (RaftStorageDirectory.java:tryLock(328)) - Lock on /workdir/hadoop-ozone/ozonefs/target/test-dir/MiniOzoneClusterImpl-d4b21612-7553-42f8-bcad-6f2a2d0d7ac7/datanode-2/data/ratis/aaa3b400-86ac-46e5-87e7-00712a9343bb/in_use.lock acquired by nodename 27663@pr-hdds-1569-xtfnx-3545843844
2019-09-12 11:41:56,102 [pool-155-thread-1] INFO  storage.RaftStorage (RaftStorage.java:format(72)) - Storage directory /workdir/hadoop-ozone/ozonefs/target/test-dir/MiniOzoneClusterImpl-d4b21612-7553-42f8-bcad-6f2a2d0d7ac7/datanode-2/data/ratis/aaa3b400-86ac-46e5-87e7-00712a9343bb has been successfully formatted.
2019-09-12 11:41:56,102 [pool-155-thread-1] INFO  ratis.ContainerStateMachine (ContainerStateMachine.java:loadSnapshot(226)) - group-00712A9343BB: The snapshot info is null. Setting the last applied indexto:(t:0, i:~)
2019-09-12 11:41:56,102 [pool-155-thread-1] INFO  server.RaftServerConfigKeys (ConfUtils.java:logGet(43)) - raft.server.leader.election.timeout = 120s (custom)
2019-09-12 11:41:56,102 [pool-155-thread-1] INFO  server.RaftServerConfigKeys (ConfUtils.java:logGet(43)) - raft.server.log.use.memory = false (default)
2019-09-12 11:41:56,103 [pool-155-thread-1] INFO  server.RaftServerConfigKeys (ConfUtils.java:logGet(43)) - raft.server.log.purge.gap = 1000000 (custom)
2019-09-12 11:41:56,103 [pool-155-thread-1] INFO  server.RaftServerConfigKeys (ConfUtils.java:logGet(43)) - raft.server.log.appender.buffer.byte-limit = 33554432 (custom)
2019-09-12 11:41:56,103 [pool-155-thread-1] INFO  server.RaftServerConfigKeys (ConfUtils.java:logGet(43)) - raft.server.log.segment.size.max = 1048576 (custom)
2019-09-12 11:41:56,103 [pool-155-thread-1] INFO  server.RaftServerConfigKeys (ConfUtils.java:logGet(43)) - raft.server.log.segment.cache.num.max = 2 (custom)
2019-09-12 11:41:56,103 [pool-155-thread-1] INFO  segmented.SegmentedRaftLogWorker (SegmentedRaftLogWorker.java:<init>(172)) - new 8b575f40-3d8f-4d38-a6fe-d6d3761177af-SegmentedRaftLogWorker:Storage Directory /workdir/hadoop-ozone/ozonefs/target/test-dir/MiniOzoneClusterImpl-d4b21612-7553-42f8-bcad-6f2a2d0d7ac7/datanode-2/data/ratis/aaa3b400-86ac-46e5-87e7-00712a9343bb for RaftStorage:Storage Directory /workdir/hadoop-ozone/ozonefs/target/test-dir/MiniOzoneClusterImpl-d4b21612-7553-42f8-bcad-6f2a2d0d7ac7/datanode-2/data/ratis/aaa3b400-86ac-46e5-87e7-00712a9343bb
2019-09-12 11:41:56,103 [pool-155-thread-1] INFO  server.RaftServerConfigKeys (ConfUtils.java:logGet(43)) - raft.server.log.queue.byte-limit = 2147483647 (custom)
2019-09-12 11:41:56,104 [pool-155-thread-1] INFO  server.RaftServerConfigKeys (ConfUtils.java:logGet(43)) - raft.server.log.queue.element-limit = 1024 (custom)
2019-09-12 11:41:56,104 [pool-155-thread-1] INFO  server.RaftServerConfigKeys (ConfUtils.java:logGet(43)) - raft.server.log.segment.size.max = 1048576 (custom)
2019-09-12 11:41:56,104 [pool-155-thread-1] INFO  server.RaftServerConfigKeys (ConfUtils.java:logGet(43)) - raft.server.log.preallocated.size = 16384 (custom)
2019-09-12 11:41:56,104 [pool-155-thread-1] INFO  server.RaftServerConfigKeys (ConfUtils.java:logGet(43)) - raft.server.log.write.buffer.size = 33554432 (custom)
2019-09-12 11:41:56,104 [pool-155-thread-1] INFO  server.RaftServerConfigKeys (ConfUtils.java:logGet(43)) - raft.server.log.force.sync.num = 128 (default)
2019-09-12 11:41:56,104 [pool-155-thread-1] INFO  server.RaftServerConfigKeys (ConfUtils.java:logGet(43)) - raft.server.log.statemachine.data.sync = true (default)
2019-09-12 11:41:56,104 [pool-155-thread-1] INFO  server.RaftServerConfigKeys (ConfUtils.java:logGet(43)) - raft.server.log.statemachine.data.sync.timeout = 10s (default)
2019-09-12 11:41:56,105 [pool-155-thread-1] INFO  server.RaftServerConfigKeys (ConfUtils.java:logGet(43)) - raft.server.log.statemachine.data.sync.timeout.retry = -1 (default)
2019-09-12 11:41:56,105 [pool-155-thread-1] INFO  server.RaftServerConfigKeys (ConfUtils.java:logGet(43)) - raft.server.log.statemachine.data.caching.enabled = true (custom)
2019-09-12 11:41:56,105 [pool-155-thread-1] INFO  segmented.SegmentedRaftLogWorker (SegmentedRaftLogWorker.java:lambda$new$0(132)) - 8b575f40-3d8f-4d38-a6fe-d6d3761177af-SegmentedRaftLogWorker:Storage Directory /workdir/hadoop-ozone/ozonefs/target/test-dir/MiniOzoneClusterImpl-d4b21612-7553-42f8-bcad-6f2a2d0d7ac7/datanode-2/data/ratis/aaa3b400-86ac-46e5-87e7-00712a9343bb: flushIndex: setUnconditionally 0 -> -1
2019-09-12 11:41:56,105 [pool-155-thread-1] INFO  server.RaftServerConfigKeys (ConfUtils.java:logGet(43)) - raft.server.snapshot.auto.trigger.enabled = true (custom)
2019-09-12 11:41:56,105 [pool-155-thread-1] INFO  server.RaftServerConfigKeys (ConfUtils.java:logGet(43)) - raft.server.snapshot.auto.trigger.threshold = 10000 (custom)
2019-09-12 11:41:56,106 [pool-155-thread-1] INFO  server.RaftServerConfigKeys (ConfUtils.java:logGet(43)) - raft.server.retrycache.expirytime = 600000ms (custom)
2019-09-12 11:41:56,106 [pool-155-thread-1] INFO  impl.RaftServerImpl (RaftServerImpl.java:start(180)) - 8b575f40-3d8f-4d38-a6fe-d6d3761177af: start group-00712A9343BB
2019-09-12 11:41:56,106 [pool-155-thread-1] INFO  impl.RaftServerImpl (RaftServerImpl.java:setRole(171)) - 8b575f40-3d8f-4d38-a6fe-d6d3761177af:group-00712A9343BB changes role from null to FOLLOWER at term 0 for startAsFollower
2019-09-12 11:41:56,106 [pool-155-thread-1] INFO  impl.RoleInfo (RoleInfo.java:updateAndGet(143)) - 8b575f40-3d8f-4d38-a6fe-d6d3761177af: start FollowerState
2019-09-12 11:41:56,106 [pool-155-thread-1] INFO  util.JmxRegister (JmxRegister.java:tryRegister(44)) - Successfully registered JMX Bean with object name Ratis:service=RaftServer,group=group-00712A9343BB,id=8b575f40-3d8f-4d38-a6fe-d6d3761177af
2019-09-12 11:41:56,109 [RatisPipelineUtilsThread] INFO  pipeline.PipelineStateManager (PipelineStateManager.java:addPipeline(56)) - Created pipeline Pipeline[ Id: aaa3b400-86ac-46e5-87e7-00712a9343bb, Nodes: 8b575f40-3d8f-4d38-a6fe-d6d3761177af{ip: 192.168.157.195, host: pr-hdds-1569-xtfnx-3545843844, networkLocation: /default-rack, certSerialId: null}, Type:RATIS, Factor:ONE, State:OPEN]
2019-09-12 11:41:56,110 [RatisPipelineUtilsThread] ERROR pipeline.PipelinePlacementPolicy (PipelinePlacementPolicy.java:meetCriteria(91)) - Pipeline Placement: Doesn't meet the criteria to be viable node. Heaviness: 6
2019-09-12 11:41:56,110 [RatisPipelineUtilsThread] ERROR pipeline.PipelinePlacementPolicy (PipelinePlacementPolicy.java:meetCriteria(91)) - Pipeline Placement: Doesn't meet the criteria to be viable node. Heaviness: 6
2019-09-12 11:41:56,115 [grpc-default-executor-1] INFO  impl.RaftServerProxy (RaftServerProxy.java:addNew(89)) - 8b575f40-3d8f-4d38-a6fe-d6d3761177af: addNew group-750949030ADC:[8b575f40-3d8f-4d38-a6fe-d6d3761177af:192.168.157.195:33278] returns group-750949030ADC:java.util.concurrent.CompletableFuture@35ff3a99[Not completed]
2019-09-12 11:41:56,116 [pool-155-thread-1] INFO  impl.RaftServerImpl (RaftServerImpl.java:<init>(93)) - 8b575f40-3d8f-4d38-a6fe-d6d3761177af: new RaftServerImpl for group-750949030ADC:[8b575f40-3d8f-4d38-a6fe-d6d3761177af:192.168.157.195:33278] with ContainerStateMachine:uninitialized
2019-09-12 11:41:56,116 [pool-155-thread-1] INFO  server.RaftServerConfigKeys (ConfUtils.java:logGet(43)) - raft.server.rpc.timeout.min = 5s (custom)
2019-09-12 11:41:56,116 [pool-155-thread-1] INFO  server.RaftServerConfigKeys (ConfUtils.java:logGet(43)) - raft.server.rpc.timeout.max = 5200ms (custom)
2019-09-12 11:41:56,116 [pool-155-thread-1] INFO  server.RaftServerConfigKeys (ConfUtils.java:logGet(43)) - raft.server.rpcslowness.timeout = 120s (custom)
2019-09-12 11:41:56,116 [pool-155-thread-1] INFO  server.RaftServerConfigKeys (ConfUtils.java:logGet(43)) - raft.server.sleep.deviation.threshold = 300 (default)
2019-09-12 11:41:56,116 [pool-155-thread-1] INFO  server.RaftServerConfigKeys (ConfUtils.java:logGet(43)) - raft.server.log.appender.install.snapshot.enabled = false (custom)
2019-09-12 11:41:56,117 [pool-155-thread-1] INFO  impl.RaftServerImpl (ServerState.java:<init>(105)) - 8b575f40-3d8f-4d38-a6fe-d6d3761177af:group-750949030ADC ConfigurationManager, init=-1: [8b575f40-3d8f-4d38-a6fe-d6d3761177af:192.168.157.195:33278], old=null, confs=<EMPTY_MAP>
2019-09-12 11:41:56,117 [pool-155-thread-1] INFO  server.RaftServerConfigKeys (ConfUtils.java:logGet(43)) - raft.server.storage.dir = [/workdir/hadoop-ozone/ozonefs/target/test-dir/MiniOzoneClusterImpl-d4b21612-7553-42f8-bcad-6f2a2d0d7ac7/datanode-2/data/ratis] (custom)
2019-09-12 11:41:56,117 [pool-155-thread-1] INFO  storage.RaftStorageDirectory (RaftStorageDirectory.java:analyzeStorage(246)) - The storage directory /workdir/hadoop-ozone/ozonefs/target/test-dir/MiniOzoneClusterImpl-d4b21612-7553-42f8-bcad-6f2a2d0d7ac7/datanode-2/data/ratis/e4d8f66d-e451-4cc5-a92b-750949030adc does not exist. Creating ...
2019-09-12 11:41:56,120 [pool-155-thread-1] INFO  storage.RaftStorageDirectory (RaftStorageDirectory.java:tryLock(328)) - Lock on /workdir/hadoop-ozone/ozonefs/target/test-dir/MiniOzoneClusterImpl-d4b21612-7553-42f8-bcad-6f2a2d0d7ac7/datanode-2/data/ratis/e4d8f66d-e451-4cc5-a92b-750949030adc/in_use.lock acquired by nodename 27663@pr-hdds-1569-xtfnx-3545843844
2019-09-12 11:41:56,139 [pool-155-thread-1] INFO  storage.RaftStorage (RaftStorage.java:format(72)) - Storage directory /workdir/hadoop-ozone/ozonefs/target/test-dir/MiniOzoneClusterImpl-d4b21612-7553-42f8-bcad-6f2a2d0d7ac7/datanode-2/data/ratis/e4d8f66d-e451-4cc5-a92b-750949030adc has been successfully formatted.
2019-09-12 11:41:56,139 [pool-155-thread-1] INFO  ratis.ContainerStateMachine (ContainerStateMachine.java:loadSnapshot(226)) - group-750949030ADC: The snapshot info is null. Setting the last applied indexto:(t:0, i:~)
2019-09-12 11:41:56,139 [pool-155-thread-1] INFO  server.RaftServerConfigKeys (ConfUtils.java:logGet(43)) - raft.server.leader.election.timeout = 120s (custom)
2019-09-12 11:41:56,139 [pool-155-thread-1] INFO  server.RaftServerConfigKeys (ConfUtils.java:logGet(43)) - raft.server.log.use.memory = false (default)
2019-09-12 11:41:56,139 [pool-155-thread-1] INFO  server.RaftServerConfigKeys (ConfUtils.java:logGet(43)) - raft.server.log.purge.gap = 1000000 (custom)
2019-09-12 11:41:56,139 [pool-155-thread-1] INFO  server.RaftServerConfigKeys (ConfUtils.java:logGet(43)) - raft.server.log.appender.buffer.byte-limit = 33554432 (custom)
2019-09-12 11:41:56,139 [pool-155-thread-1] INFO  server.RaftServerConfigKeys (ConfUtils.java:logGet(43)) - raft.server.log.segment.size.max = 1048576 (custom)
2019-09-12 11:41:56,140 [pool-155-thread-1] INFO  server.RaftServerConfigKeys (ConfUtils.java:logGet(43)) - raft.server.log.segment.cache.num.max = 2 (custom)
2019-09-12 11:41:56,140 [pool-155-thread-1] INFO  segmented.SegmentedRaftLogWorker (SegmentedRaftLogWorker.java:<init>(172)) - new 8b575f40-3d8f-4d38-a6fe-d6d3761177af-SegmentedRaftLogWorker:Storage Directory /workdir/hadoop-ozone/ozonefs/target/test-dir/MiniOzoneClusterImpl-d4b21612-7553-42f8-bcad-6f2a2d0d7ac7/datanode-2/data/ratis/e4d8f66d-e451-4cc5-a92b-750949030adc for RaftStorage:Storage Directory /workdir/hadoop-ozone/ozonefs/target/test-dir/MiniOzoneClusterImpl-d4b21612-7553-42f8-bcad-6f2a2d0d7ac7/datanode-2/data/ratis/e4d8f66d-e451-4cc5-a92b-750949030adc
2019-09-12 11:41:56,140 [pool-155-thread-1] INFO  server.RaftServerConfigKeys (ConfUtils.java:logGet(43)) - raft.server.log.queue.byte-limit = 2147483647 (custom)
2019-09-12 11:41:56,140 [pool-155-thread-1] INFO  server.RaftServerConfigKeys (ConfUtils.java:logGet(43)) - raft.server.log.queue.element-limit = 1024 (custom)
2019-09-12 11:41:56,140 [pool-155-thread-1] INFO  server.RaftServerConfigKeys (ConfUtils.java:logGet(43)) - raft.server.log.segment.size.max = 1048576 (custom)
2019-09-12 11:41:56,140 [pool-155-thread-1] INFO  server.RaftServerConfigKeys (ConfUtils.java:logGet(43)) - raft.server.log.preallocated.size = 16384 (custom)
2019-09-12 11:41:56,140 [pool-155-thread-1] INFO  server.RaftServerConfigKeys (ConfUtils.java:logGet(43)) - raft.server.log.write.buffer.size = 33554432 (custom)
2019-09-12 11:41:56,140 [pool-155-thread-1] INFO  server.RaftServerConfigKeys (ConfUtils.java:logGet(43)) - raft.server.log.force.sync.num = 128 (default)
2019-09-12 11:41:56,141 [pool-155-thread-1] INFO  server.RaftServerConfigKeys (ConfUtils.java:logGet(43)) - raft.server.log.statemachine.data.sync = true (default)
2019-09-12 11:41:56,141 [pool-155-thread-1] INFO  server.RaftServerConfigKeys (ConfUtils.java:logGet(43)) - raft.server.log.statemachine.data.sync.timeout = 10s (default)
2019-09-12 11:41:56,141 [pool-155-thread-1] INFO  server.RaftServerConfigKeys (ConfUtils.java:logGet(43)) - raft.server.log.statemachine.data.sync.timeout.retry = -1 (default)
2019-09-12 11:41:56,141 [pool-155-thread-1] INFO  server.RaftServerConfigKeys (ConfUtils.java:logGet(43)) - raft.server.log.statemachine.data.caching.enabled = true (custom)
2019-09-12 11:41:56,141 [pool-155-thread-1] INFO  segmented.SegmentedRaftLogWorker (SegmentedRaftLogWorker.java:lambda$new$0(132)) - 8b575f40-3d8f-4d38-a6fe-d6d3761177af-SegmentedRaftLogWorker:Storage Directory /workdir/hadoop-ozone/ozonefs/target/test-dir/MiniOzoneClusterImpl-d4b21612-7553-42f8-bcad-6f2a2d0d7ac7/datanode-2/data/ratis/e4d8f66d-e451-4cc5-a92b-750949030adc: flushIndex: setUnconditionally 0 -> -1
2019-09-12 11:41:56,142 [pool-155-thread-1] INFO  server.RaftServerConfigKeys (ConfUtils.java:logGet(43)) - raft.server.snapshot.auto.trigger.enabled = true (custom)
2019-09-12 11:41:56,142 [pool-155-thread-1] INFO  server.RaftServerConfigKeys (ConfUtils.java:logGet(43)) - raft.server.snapshot.auto.trigger.threshold = 10000 (custom)
2019-09-12 11:41:56,142 [pool-155-thread-1] INFO  server.RaftServerConfigKeys (ConfUtils.java:logGet(43)) - raft.server.retrycache.expirytime = 600000ms (custom)
2019-09-12 11:41:56,142 [pool-155-thread-1] INFO  impl.RaftServerImpl (RaftServerImpl.java:start(180)) - 8b575f40-3d8f-4d38-a6fe-d6d3761177af: start group-750949030ADC
2019-09-12 11:41:56,142 [pool-155-thread-1] INFO  impl.RaftServerImpl (RaftServerImpl.java:setRole(171)) - 8b575f40-3d8f-4d38-a6fe-d6d3761177af:group-750949030ADC changes role from null to FOLLOWER at term 0 for startAsFollower
2019-09-12 11:41:56,142 [pool-155-thread-1] INFO  impl.RoleInfo (RoleInfo.java:updateAndGet(143)) - 8b575f40-3d8f-4d38-a6fe-d6d3761177af: start FollowerState
2019-09-12 11:41:56,143 [pool-155-thread-1] INFO  util.JmxRegister (JmxRegister.java:tryRegister(44)) - Successfully registered JMX Bean with object name Ratis:service=RaftServer,group=group-750949030ADC,id=8b575f40-3d8f-4d38-a6fe-d6d3761177af
2019-09-12 11:41:56,146 [RatisPipelineUtilsThread] INFO  pipeline.PipelineStateManager (PipelineStateManager.java:addPipeline(56)) - Created pipeline Pipeline[ Id: e4d8f66d-e451-4cc5-a92b-750949030adc, Nodes: 8b575f40-3d8f-4d38-a6fe-d6d3761177af{ip: 192.168.157.195, host: pr-hdds-1569-xtfnx-3545843844, networkLocation: /default-rack, certSerialId: null}, Type:RATIS, Factor:ONE, State:OPEN]
2019-09-12 11:41:56,146 [RatisPipelineUtilsThread] ERROR pipeline.PipelinePlacementPolicy (PipelinePlacementPolicy.java:meetCriteria(91)) - Pipeline Placement: Doesn't meet the criteria to be viable node. Heaviness: 6
2019-09-12 11:41:56,146 [RatisPipelineUtilsThread] ERROR pipeline.PipelinePlacementPolicy (PipelinePlacementPolicy.java:meetCriteria(91)) - Pipeline Placement: Doesn't meet the criteria to be viable node. Heaviness: 6
2019-09-12 11:41:56,152 [grpc-default-executor-1] INFO  impl.RaftServerProxy (RaftServerProxy.java:addNew(89)) - 8b575f40-3d8f-4d38-a6fe-d6d3761177af: addNew group-A958DE9E43A2:[8b575f40-3d8f-4d38-a6fe-d6d3761177af:192.168.157.195:33278] returns group-A958DE9E43A2:java.util.concurrent.CompletableFuture@32f2e51b[Not completed]
2019-09-12 11:41:56,153 [pool-155-thread-1] INFO  impl.RaftServerImpl (RaftServerImpl.java:<init>(93)) - 8b575f40-3d8f-4d38-a6fe-d6d3761177af: new RaftServerImpl for group-A958DE9E43A2:[8b575f40-3d8f-4d38-a6fe-d6d3761177af:192.168.157.195:33278] with ContainerStateMachine:uninitialized
2019-09-12 11:41:56,153 [pool-155-thread-1] INFO  server.RaftServerConfigKeys (ConfUtils.java:logGet(43)) - raft.server.rpc.timeout.min = 5s (custom)
2019-09-12 11:41:56,153 [pool-155-thread-1] INFO  server.RaftServerConfigKeys (ConfUtils.java:logGet(43)) - raft.server.rpc.timeout.max = 5200ms (custom)
2019-09-12 11:41:56,153 [pool-155-thread-1] INFO  server.RaftServerConfigKeys (ConfUtils.java:logGet(43)) - raft.server.rpcslowness.timeout = 120s (custom)
2019-09-12 11:41:56,153 [pool-155-thread-1] INFO  server.RaftServerConfigKeys (ConfUtils.java:logGet(43)) - raft.server.sleep.deviation.threshold = 300 (default)
2019-09-12 11:41:56,153 [pool-155-thread-1] INFO  server.RaftServerConfigKeys (ConfUtils.java:logGet(43)) - raft.server.log.appender.install.snapshot.enabled = false (custom)
2019-09-12 11:41:56,153 [pool-155-thread-1] INFO  impl.RaftServerImpl (ServerState.java:<init>(105)) - 8b575f40-3d8f-4d38-a6fe-d6d3761177af:group-A958DE9E43A2 ConfigurationManager, init=-1: [8b575f40-3d8f-4d38-a6fe-d6d3761177af:192.168.157.195:33278], old=null, confs=<EMPTY_MAP>
2019-09-12 11:41:56,154 [pool-155-thread-1] INFO  server.RaftServerConfigKeys (ConfUtils.java:logGet(43)) - raft.server.storage.dir = [/workdir/hadoop-ozone/ozonefs/target/test-dir/MiniOzoneClusterImpl-d4b21612-7553-42f8-bcad-6f2a2d0d7ac7/datanode-2/data/ratis] (custom)
2019-09-12 11:41:56,154 [pool-155-thread-1] INFO  storage.RaftStorageDirectory (RaftStorageDirectory.java:analyzeStorage(246)) - The storage directory /workdir/hadoop-ozone/ozonefs/target/test-dir/MiniOzoneClusterImpl-d4b21612-7553-42f8-bcad-6f2a2d0d7ac7/datanode-2/data/ratis/56f50a56-6ddb-44e6-a0dd-a958de9e43a2 does not exist. Creating ...
2019-09-12 11:41:56,167 [pool-155-thread-1] INFO  storage.RaftStorageDirectory (RaftStorageDirectory.java:tryLock(328)) - Lock on /workdir/hadoop-ozone/ozonefs/target/test-dir/MiniOzoneClusterImpl-d4b21612-7553-42f8-bcad-6f2a2d0d7ac7/datanode-2/data/ratis/56f50a56-6ddb-44e6-a0dd-a958de9e43a2/in_use.lock acquired by nodename 27663@pr-hdds-1569-xtfnx-3545843844
2019-09-12 11:41:56,180 [pool-155-thread-1] INFO  storage.RaftStorage (RaftStorage.java:format(72)) - Storage directory /workdir/hadoop-ozone/ozonefs/target/test-dir/MiniOzoneClusterImpl-d4b21612-7553-42f8-bcad-6f2a2d0d7ac7/datanode-2/data/ratis/56f50a56-6ddb-44e6-a0dd-a958de9e43a2 has been successfully formatted.
2019-09-12 11:41:56,180 [pool-155-thread-1] INFO  ratis.ContainerStateMachine (ContainerStateMachine.java:loadSnapshot(226)) - group-A958DE9E43A2: The snapshot info is null. Setting the last applied indexto:(t:0, i:~)
2019-09-12 11:41:56,181 [pool-155-thread-1] INFO  server.RaftServerConfigKeys (ConfUtils.java:logGet(43)) - raft.server.leader.election.timeout = 120s (custom)
2019-09-12 11:41:56,181 [pool-155-thread-1] INFO  server.RaftServerConfigKeys (ConfUtils.java:logGet(43)) - raft.server.log.use.memory = false (default)
2019-09-12 11:41:56,181 [pool-155-thread-1] INFO  server.RaftServerConfigKeys (ConfUtils.java:logGet(43)) - raft.server.log.purge.gap = 1000000 (custom)
2019-09-12 11:41:56,181 [pool-155-thread-1] INFO  server.RaftServerConfigKeys (ConfUtils.java:logGet(43)) - raft.server.log.appender.buffer.byte-limit = 33554432 (custom)
2019-09-12 11:41:56,181 [pool-155-thread-1] INFO  server.RaftServerConfigKeys (ConfUtils.java:logGet(43)) - raft.server.log.segment.size.max = 1048576 (custom)
2019-09-12 11:41:56,181 [pool-155-thread-1] INFO  server.RaftServerConfigKeys (ConfUtils.java:logGet(43)) - raft.server.log.segment.cache.num.max = 2 (custom)
2019-09-12 11:41:56,181 [pool-155-thread-1] INFO  segmented.SegmentedRaftLogWorker (SegmentedRaftLogWorker.java:<init>(172)) - new 8b575f40-3d8f-4d38-a6fe-d6d3761177af-SegmentedRaftLogWorker:Storage Directory /workdir/hadoop-ozone/ozonefs/target/test-dir/MiniOzoneClusterImpl-d4b21612-7553-42f8-bcad-6f2a2d0d7ac7/datanode-2/data/ratis/56f50a56-6ddb-44e6-a0dd-a958de9e43a2 for RaftStorage:Storage Directory /workdir/hadoop-ozone/ozonefs/target/test-dir/MiniOzoneClusterImpl-d4b21612-7553-42f8-bcad-6f2a2d0d7ac7/datanode-2/data/ratis/56f50a56-6ddb-44e6-a0dd-a958de9e43a2
2019-09-12 11:41:56,181 [pool-155-thread-1] INFO  server.RaftServerConfigKeys (ConfUtils.java:logGet(43)) - raft.server.log.queue.byte-limit = 2147483647 (custom)
2019-09-12 11:41:56,182 [pool-155-thread-1] INFO  server.RaftServerConfigKeys (ConfUtils.java:logGet(43)) - raft.server.log.queue.element-limit = 1024 (custom)
2019-09-12 11:41:56,182 [pool-155-thread-1] INFO  server.RaftServerConfigKeys (ConfUtils.java:logGet(43)) - raft.server.log.segment.size.max = 1048576 (custom)
2019-09-12 11:41:56,182 [pool-155-thread-1] INFO  server.RaftServerConfigKeys (ConfUtils.java:logGet(43)) - raft.server.log.preallocated.size = 16384 (custom)
2019-09-12 11:41:56,182 [pool-155-thread-1] INFO  server.RaftServerConfigKeys (ConfUtils.java:logGet(43)) - raft.server.log.write.buffer.size = 33554432 (custom)
2019-09-12 11:41:56,182 [pool-155-thread-1] INFO  server.RaftServerConfigKeys (ConfUtils.java:logGet(43)) - raft.server.log.force.sync.num = 128 (default)
2019-09-12 11:41:56,182 [pool-155-thread-1] INFO  server.RaftServerConfigKeys (ConfUtils.java:logGet(43)) - raft.server.log.statemachine.data.sync = true (default)
2019-09-12 11:41:56,182 [pool-155-thread-1] INFO  server.RaftServerConfigKeys (ConfUtils.java:logGet(43)) - raft.server.log.statemachine.data.sync.timeout = 10s (default)
2019-09-12 11:41:56,182 [pool-155-thread-1] INFO  server.RaftServerConfigKeys (ConfUtils.java:logGet(43)) - raft.server.log.statemachine.data.sync.timeout.retry = -1 (default)
2019-09-12 11:41:56,182 [pool-155-thread-1] INFO  server.RaftServerConfigKeys (ConfUtils.java:logGet(43)) - raft.server.log.statemachine.data.caching.enabled = true (custom)
2019-09-12 11:41:56,183 [pool-155-thread-1] INFO  segmented.SegmentedRaftLogWorker (SegmentedRaftLogWorker.java:lambda$new$0(132)) - 8b575f40-3d8f-4d38-a6fe-d6d3761177af-SegmentedRaftLogWorker:Storage Directory /workdir/hadoop-ozone/ozonefs/target/test-dir/MiniOzoneClusterImpl-d4b21612-7553-42f8-bcad-6f2a2d0d7ac7/datanode-2/data/ratis/56f50a56-6ddb-44e6-a0dd-a958de9e43a2: flushIndex: setUnconditionally 0 -> -1
2019-09-12 11:41:56,183 [pool-155-thread-1] INFO  server.RaftServerConfigKeys (ConfUtils.java:logGet(43)) - raft.server.snapshot.auto.trigger.enabled = true (custom)
2019-09-12 11:41:56,183 [pool-155-thread-1] INFO  server.RaftServerConfigKeys (ConfUtils.java:logGet(43)) - raft.server.snapshot.auto.trigger.threshold = 10000 (custom)
2019-09-12 11:41:56,183 [pool-155-thread-1] INFO  server.RaftServerConfigKeys (ConfUtils.java:logGet(43)) - raft.server.retrycache.expirytime = 600000ms (custom)
2019-09-12 11:41:56,183 [pool-155-thread-1] INFO  impl.RaftServerImpl (RaftServerImpl.java:start(180)) - 8b575f40-3d8f-4d38-a6fe-d6d3761177af: start group-A958DE9E43A2
2019-09-12 11:41:56,184 [pool-155-thread-1] INFO  impl.RaftServerImpl (RaftServerImpl.java:setRole(171)) - 8b575f40-3d8f-4d38-a6fe-d6d3761177af:group-A958DE9E43A2 changes role from null to FOLLOWER at term 0 for startAsFollower
2019-09-12 11:41:56,184 [pool-155-thread-1] INFO  impl.RoleInfo (RoleInfo.java:updateAndGet(143)) - 8b575f40-3d8f-4d38-a6fe-d6d3761177af: start FollowerState
2019-09-12 11:41:56,184 [pool-155-thread-1] INFO  util.JmxRegister (JmxRegister.java:tryRegister(44)) - Successfully registered JMX Bean with object name Ratis:service=RaftServer,group=group-A958DE9E43A2,id=8b575f40-3d8f-4d38-a6fe-d6d3761177af
2019-09-12 11:41:56,188 [RatisPipelineUtilsThread] INFO  pipeline.PipelineStateManager (PipelineStateManager.java:addPipeline(56)) - Created pipeline Pipeline[ Id: 56f50a56-6ddb-44e6-a0dd-a958de9e43a2, Nodes: 8b575f40-3d8f-4d38-a6fe-d6d3761177af{ip: 192.168.157.195, host: pr-hdds-1569-xtfnx-3545843844, networkLocation: /default-rack, certSerialId: null}, Type:RATIS, Factor:ONE, State:OPEN]
2019-09-12 11:41:56,188 [RatisPipelineUtilsThread] ERROR pipeline.PipelinePlacementPolicy (PipelinePlacementPolicy.java:meetCriteria(91)) - Pipeline Placement: Doesn't meet the criteria to be viable node. Heaviness: 6
2019-09-12 11:41:56,188 [RatisPipelineUtilsThread] ERROR pipeline.PipelinePlacementPolicy (PipelinePlacementPolicy.java:meetCriteria(91)) - Pipeline Placement: Doesn't meet the criteria to be viable node. Heaviness: 6
2019-09-12 11:41:56,188 [RatisPipelineUtilsThread] ERROR pipeline.PipelinePlacementPolicy (PipelinePlacementPolicy.java:meetCriteria(91)) - Pipeline Placement: Doesn't meet the criteria to be viable node. Heaviness: 6
2019-09-12 11:41:56,188 [RatisPipelineUtilsThread] ERROR pipeline.PipelinePlacementPolicy (PipelinePlacementPolicy.java:filterViableNodes(146)) - Unable to find enough nodes that meet the criteria that cannot engage in more than 5 pipelines. Nodes required: 1 Found: 0, healthy nodes count inNodeManager: 3.
2019-09-12 11:41:56,189 [RatisPipelineUtilsThread] ERROR pipeline.SCMPipelineManager (SCMPipelineManager.java:createPipeline(161)) - Pipeline creation failed due to exception: Unable to find enough nodes that meet the criteria that cannot engage in more than 5 pipelines. Nodes required: 1 Found: 0, healthy nodes count inNodeManager: 3.
2019-09-12 11:41:56,189 [RatisPipelineUtilsThread] ERROR pipeline.PipelinePlacementPolicy (PipelinePlacementPolicy.java:meetCriteria(91)) - Pipeline Placement: Doesn't meet the criteria to be viable node. Heaviness: 6
2019-09-12 11:41:56,189 [RatisPipelineUtilsThread] ERROR pipeline.PipelinePlacementPolicy (PipelinePlacementPolicy.java:meetCriteria(91)) - Pipeline Placement: Doesn't meet the criteria to be viable node. Heaviness: 6
2019-09-12 11:41:56,189 [RatisPipelineUtilsThread] ERROR pipeline.PipelinePlacementPolicy (PipelinePlacementPolicy.java:meetCriteria(91)) - Pipeline Placement: Doesn't meet the criteria to be viable node. Heaviness: 6
2019-09-12 11:41:56,189 [RatisPipelineUtilsThread] ERROR pipeline.PipelinePlacementPolicy (PipelinePlacementPolicy.java:filterViableNodes(146)) - Unable to find enough nodes that meet the criteria that cannot engage in more than 5 pipelines. Nodes required: 3 Found: 0, healthy nodes count inNodeManager: 3.
2019-09-12 11:41:56,189 [RatisPipelineUtilsThread] ERROR pipeline.SCMPipelineManager (SCMPipelineManager.java:createPipeline(161)) - Pipeline creation failed due to exception: Unable to find enough nodes that meet the criteria that cannot engage in more than 5 pipelines. Nodes required: 3 Found: 0, healthy nodes count inNodeManager: 3.
2019-09-12 11:41:56,189 [RatisPipelineUtilsThread] ERROR pipeline.PipelinePlacementPolicy (PipelinePlacementPolicy.java:meetCriteria(91)) - Pipeline Placement: Doesn't meet the criteria to be viable node. Heaviness: 6
2019-09-12 11:41:56,190 [RatisPipelineUtilsThread] ERROR pipeline.PipelinePlacementPolicy (PipelinePlacementPolicy.java:meetCriteria(91)) - Pipeline Placement: Doesn't meet the criteria to be viable node. Heaviness: 6
2019-09-12 11:41:56,190 [RatisPipelineUtilsThread] ERROR pipeline.PipelinePlacementPolicy (PipelinePlacementPolicy.java:meetCriteria(91)) - Pipeline Placement: Doesn't meet the criteria to be viable node. Heaviness: 6
2019-09-12 11:41:56,190 [RatisPipelineUtilsThread] ERROR pipeline.PipelinePlacementPolicy (PipelinePlacementPolicy.java:filterViableNodes(146)) - Unable to find enough nodes that meet the criteria that cannot engage in more than 5 pipelines. Nodes required: 1 Found: 0, healthy nodes count inNodeManager: 3.
2019-09-12 11:41:56,190 [RatisPipelineUtilsThread] ERROR pipeline.SCMPipelineManager (SCMPipelineManager.java:createPipeline(161)) - Pipeline creation failed due to exception: Unable to find enough nodes that meet the criteria that cannot engage in more than 5 pipelines. Nodes required: 1 Found: 0, healthy nodes count inNodeManager: 3.
2019-09-12 11:41:56,190 [RatisPipelineUtilsThread] ERROR pipeline.PipelinePlacementPolicy (PipelinePlacementPolicy.java:meetCriteria(91)) - Pipeline Placement: Doesn't meet the criteria to be viable node. Heaviness: 6
2019-09-12 11:41:56,190 [RatisPipelineUtilsThread] ERROR pipeline.PipelinePlacementPolicy (PipelinePlacementPolicy.java:meetCriteria(91)) - Pipeline Placement: Doesn't meet the criteria to be viable node. Heaviness: 6
2019-09-12 11:41:56,191 [RatisPipelineUtilsThread] ERROR pipeline.PipelinePlacementPolicy (PipelinePlacementPolicy.java:meetCriteria(91)) - Pipeline Placement: Doesn't meet the criteria to be viable node. Heaviness: 6
2019-09-12 11:41:56,191 [RatisPipelineUtilsThread] ERROR pipeline.PipelinePlacementPolicy (PipelinePlacementPolicy.java:filterViableNodes(146)) - Unable to find enough nodes that meet the criteria that cannot engage in more than 5 pipelines. Nodes required: 3 Found: 0, healthy nodes count inNodeManager: 3.
2019-09-12 11:41:56,191 [RatisPipelineUtilsThread] ERROR pipeline.SCMPipelineManager (SCMPipelineManager.java:createPipeline(161)) - Pipeline creation failed due to exception: Unable to find enough nodes that meet the criteria that cannot engage in more than 5 pipelines. Nodes required: 3 Found: 0, healthy nodes count inNodeManager: 3.
2019-09-12 11:41:56,765 [Thread-540] INFO  ozone.MiniOzoneClusterImpl (MiniOzoneClusterImpl.java:lambda$waitForClusterToBeReady$0(142)) - Cluster is ready. Got 3 of 3 DN Heartbeats.
2019-09-12 11:41:56,948 | INFO  | OMAudit | user=jenkins1000 | ip=127.0.0.1 | op=CREATE_VOLUME {admin=admin91979, owner=user97529, volume=volume86100, creationTime=1568288516946, quotaInBytes=1152921504606846976} | ret=SUCCESS |  
2019-09-12 11:41:56,956 | INFO  | OMAudit | user=jenkins1000 | ip=127.0.0.1 | op=CREATE_BUCKET {volume=volume86100, bucket=bucket10269, acls=[], isVersionEnabled=false, storageType=DISK, creationTime=0} | ret=SUCCESS |  
2019-09-12 11:41:56,981 | INFO  | OMAudit | user=jenkins1000 | ip=127.0.0.1 | op=READ_VOLUME {volume=volume86100} | ret=SUCCESS |  
2019-09-12 11:41:56,983 | INFO  | OMAudit | user=jenkins1000 | ip=127.0.0.1 | op=READ_BUCKET {volume=volume86100, bucket=bucket10269} | ret=SUCCESS |  
2019-09-12 11:41:57,002 | INFO  | OMAudit | user=jenkins1000 | ip=127.0.0.1 | op=CREATE_DIRECTORY {volume=volume86100, bucket=bucket10269, key=dir1/dir11/dir111, dataSize=0, replicationType=null, replicationFactor=null, keyLocationInfo=null} | ret=SUCCESS |  
2019-09-12 11:41:57,004 | INFO  | OMAudit | user=jenkins1000 | ip=127.0.0.1 | op=CREATE_DIRECTORY {volume=volume86100, bucket=bucket10269, key=dir1/dir12, dataSize=0, replicationType=null, replicationFactor=null, keyLocationInfo=null} | ret=SUCCESS |  
2019-09-12 11:41:57,029 [IPC Server handler 3 on 44025] ERROR pipeline.PipelinePlacementPolicy (PipelinePlacementPolicy.java:meetCriteria(91)) - Pipeline Placement: Doesn't meet the criteria to be viable node. Heaviness: 6
2019-09-12 11:41:57,029 [IPC Server handler 3 on 44025] ERROR pipeline.PipelinePlacementPolicy (PipelinePlacementPolicy.java:meetCriteria(91)) - Pipeline Placement: Doesn't meet the criteria to be viable node. Heaviness: 6
2019-09-12 11:41:57,029 [IPC Server handler 3 on 44025] ERROR pipeline.PipelinePlacementPolicy (PipelinePlacementPolicy.java:meetCriteria(91)) - Pipeline Placement: Doesn't meet the criteria to be viable node. Heaviness: 6
2019-09-12 11:41:57,030 [IPC Server handler 3 on 44025] ERROR pipeline.PipelinePlacementPolicy (PipelinePlacementPolicy.java:filterViableNodes(146)) - Unable to find enough nodes that meet the criteria that cannot engage in more than 5 pipelines. Nodes required: 3 Found: 0, healthy nodes count inNodeManager: 3.
2019-09-12 11:41:57,030 [IPC Server handler 3 on 44025] ERROR pipeline.SCMPipelineManager (SCMPipelineManager.java:createPipeline(161)) - Pipeline creation failed due to exception: Unable to find enough nodes that meet the criteria that cannot engage in more than 5 pipelines. Nodes required: 3 Found: 0, healthy nodes count inNodeManager: 3.
2019-09-12 11:41:57,031 [IPC Server handler 3 on 44025] WARN  block.BlockManagerImpl (BlockManagerImpl.java:allocateBlock(192)) - Pipeline creation failed for type:RATIS factor:THREE. Retrying get pipelines call once.
org.apache.hadoop.hdds.scm.exceptions.SCMException: Unable to find enough nodes that meet the criteria that cannot engage in more than 5 pipelines. Nodes required: 3 Found: 0, healthy nodes count inNodeManager: 3.
	at org.apache.hadoop.hdds.scm.pipeline.PipelinePlacementPolicy.filterViableNodes(PipelinePlacementPolicy.java:147)
	at org.apache.hadoop.hdds.scm.pipeline.PipelinePlacementPolicy.chooseDatanodes(PipelinePlacementPolicy.java:170)
	at org.apache.hadoop.hdds.scm.pipeline.RatisPipelineProvider.create(RatisPipelineProvider.java:92)
	at org.apache.hadoop.hdds.scm.pipeline.PipelineFactory.create(PipelineFactory.java:57)
	at org.apache.hadoop.hdds.scm.pipeline.SCMPipelineManager.createPipeline(SCMPipelineManager.java:149)
	at org.apache.hadoop.hdds.scm.block.BlockManagerImpl.allocateBlock(BlockManagerImpl.java:190)
	at org.apache.hadoop.hdds.scm.server.SCMBlockProtocolServer.allocateBlock(SCMBlockProtocolServer.java:175)
	at org.apache.hadoop.ozone.protocolPB.ScmBlockLocationProtocolServerSideTranslatorPB.allocateScmBlock(ScmBlockLocationProtocolServerSideTranslatorPB.java:153)
	at org.apache.hadoop.ozone.protocolPB.ScmBlockLocationProtocolServerSideTranslatorPB.send(ScmBlockLocationProtocolServerSideTranslatorPB.java:112)
	at org.apache.hadoop.hdds.protocol.proto.ScmBlockLocationProtocolProtos$ScmBlockLocationProtocolService$2.callBlockingMethod(ScmBlockLocationProtocolProtos.java:13157)
	at org.apache.hadoop.ipc.ProtobufRpcEngine$Server$ProtoBufRpcInvoker.call(ProtobufRpcEngine.java:524)
	at org.apache.hadoop.ipc.RPC$Server.call(RPC.java:1025)
	at org.apache.hadoop.ipc.Server$RpcCall.run(Server.java:876)
	at org.apache.hadoop.ipc.Server$RpcCall.run(Server.java:822)
	at java.security.AccessController.doPrivileged(Native Method)
	at javax.security.auth.Subject.doAs(Subject.java:422)
	at org.apache.hadoop.security.UserGroupInformation.doAs(UserGroupInformation.java:1730)
	at org.apache.hadoop.ipc.Server$Handler.run(Server.java:2682)
2019-09-12 11:41:57,033 [IPC Server handler 3 on 44025] INFO  block.BlockManagerImpl (BlockManagerImpl.java:allocateBlock(198)) - Could not find available pipeline of type:RATIS and factor:THREE even after retrying
2019-09-12 11:41:57,033 [IPC Server handler 3 on 44025] ERROR block.BlockManagerImpl (BlockManagerImpl.java:allocateBlock(222)) - Unable to allocate a block for the size: 4194304, type: RATIS, factor: THREE
2019-09-12 11:41:57,033 | INFO  | SCMAudit | user=jenkins1000 | ip=192.168.157.195 | op=ALLOCATE_BLOCK {owner=fc9952eb-cab7-4a55-8cd2-5a3d20d70fc9, size=4194304, type=RATIS, factor=THREE} | ret=SUCCESS |  
2019-09-12 11:41:57,041 | ERROR | OMAudit | user=jenkins1000 | ip=127.0.0.1 | op=CREATE_FILE {volume=volume86100, bucket=bucket10269, key=dir1/dir12/file121, dataSize=0, replicationType=RATIS, replicationFactor=THREE, keyLocationInfo=null} | ret=FAILURE | org.apache.hadoop.hdds.scm.exceptions.SCMException: Allocated 0 blocks. Requested 1 blocks
	at org.apache.hadoop.hdds.scm.protocolPB.ScmBlockLocationProtocolClientSideTranslatorPB.handleError(ScmBlockLocationProtocolClientSideTranslatorPB.java:118)
	at org.apache.hadoop.hdds.scm.protocolPB.ScmBlockLocationProtocolClientSideTranslatorPB.allocateBlock(ScmBlockLocationProtocolClientSideTranslatorPB.java:156) 
2019-09-12 11:41:57,043 [Thread-540] INFO  ozone.MiniOzoneClusterImpl (MiniOzoneClusterImpl.java:shutdown(321)) - Shutting down the Mini Ozone Cluster
2019-09-12 11:41:57,043 | INFO  | SCMAudit | user=null | ip=null | op=GET_SCM_INFO null | ret=SUCCESS |  
2019-09-12 11:41:57,043 [Thread-540] INFO  ozone.MiniOzoneClusterImpl (MiniOzoneClusterImpl.java:stop(336)) - Stopping the Mini Ozone Cluster
2019-09-12 11:41:57,043 [Thread-540] INFO  ozone.MiniOzoneClusterImpl (MiniOzoneClusterImpl.java:stop(338)) - Stopping the OzoneManager
2019-09-12 11:41:57,044 [Thread-540] INFO  ipc.Server (Server.java:stop(3082)) - Stopping server on 34394
2019-09-12 11:41:57,046 [Thread-540] INFO  ratis.OzoneManagerDoubleBuffer (OzoneManagerDoubleBuffer.java:stop(248)) - Stopping OMDoubleBuffer flush thread
2019-09-12 11:41:57,046 [IPC Server listener on 34394] INFO  ipc.Server (Server.java:run(1185)) - Stopping IPC Server listener on 34394
2019-09-12 11:41:57,046 [IPC Server Responder] INFO  ipc.Server (Server.java:run(1319)) - Stopping IPC Server Responder
2019-09-12 11:41:57,049 [OMDoubleBufferFlushThread] INFO  ratis.OzoneManagerDoubleBuffer (OzoneManagerDoubleBuffer.java:flushTransactions(191)) - OMDoubleBuffer flush thread OMDoubleBufferFlushThread is interrupted and will exit. OMDoubleBufferFlushThread
2019-09-12 11:41:57,049 [Thread-540] INFO  utils.BackgroundService (BackgroundService.java:shutdown(148)) - Shutting down service KeyDeletingService
2019-09-12 11:41:57,050 [Thread-540] INFO  handler.ContextHandler (ContextHandler.java:doStop(910)) - Stopped o.e.j.w.WebAppContext@272542e1{/,null,UNAVAILABLE}{/ozoneManager}
2019-09-12 11:41:57,051 [Thread-540] INFO  server.AbstractConnector (AbstractConnector.java:doStop(318)) - Stopped ServerConnector@3d5bdd6c{HTTP/1.1,[http/1.1]}{0.0.0.0:0}
2019-09-12 11:41:57,052 [Thread-540] INFO  handler.ContextHandler (ContextHandler.java:doStop(910)) - Stopped o.e.j.s.ServletContextHandler@3e12d513{/static,jar:file:/home/user/.m2/repository/org/apache/hadoop/hadoop-ozone-ozone-manager/0.5.0-SNAPSHOT/hadoop-ozone-ozone-manager-0.5.0-SNAPSHOT.jar!/webapps/static,UNAVAILABLE}
2019-09-12 11:41:57,052 [Thread-540] INFO  handler.ContextHandler (ContextHandler.java:doStop(910)) - Stopped o.e.j.s.ServletContextHandler@77b9edf5{/logs,file:///workdir/hadoop-ozone/ozonefs/target/log,UNAVAILABLE}
2019-09-12 11:41:57,054 [Thread-540] INFO  ozone.MiniOzoneClusterImpl (MiniOzoneClusterImpl.java:stop(344)) - Shutting the HddsDatanodes
2019-09-12 11:41:57,054 [Thread-540] INFO  datanode.ObjectStoreHandler (ObjectStoreHandler.java:close(155)) - Closing ObjectStoreHandler.
2019-09-12 11:41:57,054 [ForkJoinPool.commonPool-worker-0] INFO  datanode.ObjectStoreHandler (ObjectStoreHandler.java:close(155)) - Closing ObjectStoreHandler.
2019-09-12 11:41:57,055 [Thread-540] INFO  ozone.HddsDatanodeService (HddsDatanodeService.java:stop(451)) - Stopped plug-in org.apache.hadoop.ozone.web.OzoneHddsDatanodeService@51218b6a
2019-09-12 11:41:57,055 [ForkJoinPool.commonPool-worker-0] INFO  ozone.HddsDatanodeService (HddsDatanodeService.java:stop(451)) - Stopped plug-in org.apache.hadoop.ozone.web.OzoneHddsDatanodeService@5765d81c
2019-09-12 11:41:57,292 [Datanode State Machine Thread - 0] INFO  statemachine.DatanodeStateMachine (DatanodeStateMachine.java:lambda$startDaemon$0(350)) - Ozone container server started.
2019-09-12 11:41:57,516 [Datanode State Machine Thread - 0] INFO  statemachine.DatanodeStateMachine (DatanodeStateMachine.java:lambda$startDaemon$0(350)) - Ozone container server started.
2019-09-12 11:41:57,765 | INFO  | SCMAudit | user=jenkins1000 | ip=192.168.157.195 | op=SEND_HEARTBEAT {datanodeUUID=8b575f40-3d8f-4d38-a6fe-d6d3761177af, command=[]} | ret=SUCCESS |  
2019-09-12 11:41:58,303 [Thread-712] INFO  container.ReplicationManager (ReplicationManager.java:start(151)) - Starting Replication Monitor Thread.
2019-09-12 11:41:58,305 [ReplicationMonitor] INFO  container.ReplicationManager (ReplicationManager.java:run(214)) - Replication Monitor Thread took 0 milliseconds for processing 0 containers.
2019-09-12 11:41:58,765 | INFO  | SCMAudit | user=jenkins1000 | ip=192.168.157.195 | op=SEND_HEARTBEAT {datanodeUUID=8b575f40-3d8f-4d38-a6fe-d6d3761177af, command=[]} | ret=SUCCESS |  
2019-09-12 11:41:59,765 | INFO  | SCMAudit | user=jenkins1000 | ip=192.168.157.195 | op=SEND_HEARTBEAT {datanodeUUID=8b575f40-3d8f-4d38-a6fe-d6d3761177af, command=[]} | ret=SUCCESS |  
2019-09-12 11:42:00,410 [Thread-714] INFO  impl.FollowerState (FollowerState.java:run(106)) - 886466c9-5aa1-40b7-a815-0180689d2dd8:group-46258DE3630E changes to CANDIDATE, lastRpcTime:5049, electionTimeout:5049ms
2019-09-12 11:42:00,410 [Thread-714] INFO  impl.RoleInfo (RoleInfo.java:shutdownFollowerState(121)) - 886466c9-5aa1-40b7-a815-0180689d2dd8: shutdown FollowerState
2019-09-12 11:42:00,410 [Thread-714] INFO  impl.RaftServerImpl (RaftServerImpl.java:setRole(171)) - 886466c9-5aa1-40b7-a815-0180689d2dd8:group-46258DE3630E changes role from FOLLOWER to CANDIDATE at term 0 for changeToCandidate
2019-09-12 11:42:00,411 [Thread-714] INFO  impl.RoleInfo (RoleInfo.java:updateAndGet(143)) - 886466c9-5aa1-40b7-a815-0180689d2dd8: start LeaderElection
2019-09-12 11:42:00,431 [886466c9-5aa1-40b7-a815-0180689d2dd8:group-46258DE3630E:LeaderElection37] INFO  impl.LeaderElection (LeaderElection.java:askForVotes(181)) - 886466c9-5aa1-40b7-a815-0180689d2dd8:group-46258DE3630E:LeaderElection37: begin an election at term 1 for -1: [886466c9-5aa1-40b7-a815-0180689d2dd8:192.168.157.195:34621], old=null
2019-09-12 11:42:00,431 [886466c9-5aa1-40b7-a815-0180689d2dd8:group-46258DE3630E:LeaderElection37] INFO  impl.RoleInfo (RoleInfo.java:shutdownLeaderElection(134)) - 886466c9-5aa1-40b7-a815-0180689d2dd8: shutdown LeaderElection
2019-09-12 11:42:00,432 [886466c9-5aa1-40b7-a815-0180689d2dd8:group-46258DE3630E:LeaderElection37] INFO  impl.RaftServerImpl (RaftServerImpl.java:setRole(171)) - 886466c9-5aa1-40b7-a815-0180689d2dd8:group-46258DE3630E changes role from CANDIDATE to LEADER at term 1 for changeToLeader
2019-09-12 11:42:00,432 [886466c9-5aa1-40b7-a815-0180689d2dd8:group-46258DE3630E:LeaderElection37] INFO  impl.RaftServerImpl (ServerState.java:setLeader(263)) - 886466c9-5aa1-40b7-a815-0180689d2dd8:group-46258DE3630E change Leader from null to 886466c9-5aa1-40b7-a815-0180689d2dd8 at term 1 for becomeLeader, leader elected after 5076ms
2019-09-12 11:42:00,432 [886466c9-5aa1-40b7-a815-0180689d2dd8:group-46258DE3630E:LeaderElection37] INFO  server.RaftServerConfigKeys (ConfUtils.java:logGet(43)) - raft.server.staging.catchup.gap = 1000 (default)
2019-09-12 11:42:00,432 [886466c9-5aa1-40b7-a815-0180689d2dd8:group-46258DE3630E:LeaderElection37] INFO  server.RaftServerConfigKeys (ConfUtils.java:logGet(43)) - raft.server.rpc.sleep.time = 25ms (default)
2019-09-12 11:42:00,432 [886466c9-5aa1-40b7-a815-0180689d2dd8:group-46258DE3630E:LeaderElection37] INFO  server.RaftServerConfigKeys (ConfUtils.java:logGet(43)) - raft.server.write.element-limit = 4096 (default)
2019-09-12 11:42:00,433 [886466c9-5aa1-40b7-a815-0180689d2dd8:group-46258DE3630E:LeaderElection37] INFO  server.RaftServerConfigKeys (ConfUtils.java:logGet(43)) - raft.server.watch.timeout = 10s (default)
2019-09-12 11:42:00,433 [886466c9-5aa1-40b7-a815-0180689d2dd8:group-46258DE3630E:LeaderElection37] INFO  server.RaftServerConfigKeys (ConfUtils.java:logGet(43)) - raft.server.watch.timeout.denomination = 1s (default)
2019-09-12 11:42:00,433 [886466c9-5aa1-40b7-a815-0180689d2dd8:group-46258DE3630E:LeaderElection37] INFO  server.RaftServerConfigKeys (ConfUtils.java:logGet(43)) - raft.server.watch.element-limit = 65536 (default)
2019-09-12 11:42:00,433 [886466c9-5aa1-40b7-a815-0180689d2dd8:group-46258DE3630E:LeaderElection37] INFO  impl.RoleInfo (RoleInfo.java:updateAndGet(143)) - 886466c9-5aa1-40b7-a815-0180689d2dd8: start LeaderState
2019-09-12 11:42:00,434 [886466c9-5aa1-40b7-a815-0180689d2dd8:group-46258DE3630E:LeaderElection37] INFO  segmented.SegmentedRaftLogWorker (SegmentedRaftLogWorker.java:startLogSegment(380)) - 886466c9-5aa1-40b7-a815-0180689d2dd8-SegmentedRaftLogWorker:Storage Directory /workdir/hadoop-ozone/ozonefs/target/test-dir/MiniOzoneClusterImpl-d4b21612-7553-42f8-bcad-6f2a2d0d7ac7/datanode-0/data/ratis/650ec2c8-dc11-44e4-a203-46258de3630e: Starting segment from index:0
2019-09-12 11:42:00,434 [886466c9-5aa1-40b7-a815-0180689d2dd8:group-46258DE3630E:LeaderElection37] INFO  impl.RaftServerImpl (ServerState.java:setRaftConf(361)) - 886466c9-5aa1-40b7-a815-0180689d2dd8:group-46258DE3630E set configuration 0: [886466c9-5aa1-40b7-a815-0180689d2dd8:192.168.157.195:34621], old=null at 0
2019-09-12 11:42:00,481 [Thread-717] INFO  impl.FollowerState (FollowerState.java:run(106)) - 886466c9-5aa1-40b7-a815-0180689d2dd8:group-4818F684B499 changes to CANDIDATE, lastRpcTime:5059, electionTimeout:5059ms
2019-09-12 11:42:00,481 [Thread-717] INFO  impl.RoleInfo (RoleInfo.java:shutdownFollowerState(121)) - 886466c9-5aa1-40b7-a815-0180689d2dd8: shutdown FollowerState
2019-09-12 11:42:00,481 [Thread-717] INFO  impl.RaftServerImpl (RaftServerImpl.java:setRole(171)) - 886466c9-5aa1-40b7-a815-0180689d2dd8:group-4818F684B499 changes role from FOLLOWER to CANDIDATE at term 0 for changeToCandidate
2019-09-12 11:42:00,482 [Thread-717] INFO  impl.RoleInfo (RoleInfo.java:updateAndGet(143)) - 886466c9-5aa1-40b7-a815-0180689d2dd8: start LeaderElection
2019-09-12 11:42:00,487 [886466c9-5aa1-40b7-a815-0180689d2dd8-SegmentedRaftLogWorker:Storage Directory /workdir/hadoop-ozone/ozonefs/target/test-dir/MiniOzoneClusterImpl-d4b21612-7553-42f8-bcad-6f2a2d0d7ac7/datanode-0/data/ratis/650ec2c8-dc11-44e4-a203-46258de3630e] INFO  segmented.SegmentedRaftLogWorker (SegmentedRaftLogWorker.java:execute(569)) - 886466c9-5aa1-40b7-a815-0180689d2dd8-SegmentedRaftLogWorker:Storage Directory /workdir/hadoop-ozone/ozonefs/target/test-dir/MiniOzoneClusterImpl-d4b21612-7553-42f8-bcad-6f2a2d0d7ac7/datanode-0/data/ratis/650ec2c8-dc11-44e4-a203-46258de3630e: created new log segment /workdir/hadoop-ozone/ozonefs/target/test-dir/MiniOzoneClusterImpl-d4b21612-7553-42f8-bcad-6f2a2d0d7ac7/datanode-0/data/ratis/650ec2c8-dc11-44e4-a203-46258de3630e/current/log_inprogress_0
2019-09-12 11:42:00,500 [886466c9-5aa1-40b7-a815-0180689d2dd8:group-4818F684B499:LeaderElection38] INFO  impl.LeaderElection (LeaderElection.java:askForVotes(181)) - 886466c9-5aa1-40b7-a815-0180689d2dd8:group-4818F684B499:LeaderElection38: begin an election at term 1 for -1: [886466c9-5aa1-40b7-a815-0180689d2dd8:192.168.157.195:34621], old=null
2019-09-12 11:42:00,501 [886466c9-5aa1-40b7-a815-0180689d2dd8:group-4818F684B499:LeaderElection38] INFO  impl.RoleInfo (RoleInfo.java:shutdownLeaderElection(134)) - 886466c9-5aa1-40b7-a815-0180689d2dd8: shutdown LeaderElection
2019-09-12 11:42:00,501 [886466c9-5aa1-40b7-a815-0180689d2dd8:group-4818F684B499:LeaderElection38] INFO  impl.RaftServerImpl (RaftServerImpl.java:setRole(171)) - 886466c9-5aa1-40b7-a815-0180689d2dd8:group-4818F684B499 changes role from CANDIDATE to LEADER at term 1 for changeToLeader
2019-09-12 11:42:00,501 [886466c9-5aa1-40b7-a815-0180689d2dd8:group-4818F684B499:LeaderElection38] INFO  impl.RaftServerImpl (ServerState.java:setLeader(263)) - 886466c9-5aa1-40b7-a815-0180689d2dd8:group-4818F684B499 change Leader from null to 886466c9-5aa1-40b7-a815-0180689d2dd8 at term 1 for becomeLeader, leader elected after 5084ms
2019-09-12 11:42:00,501 [886466c9-5aa1-40b7-a815-0180689d2dd8:group-4818F684B499:LeaderElection38] INFO  server.RaftServerConfigKeys (ConfUtils.java:logGet(43)) - raft.server.staging.catchup.gap = 1000 (default)
2019-09-12 11:42:00,501 [886466c9-5aa1-40b7-a815-0180689d2dd8:group-4818F684B499:LeaderElection38] INFO  server.RaftServerConfigKeys (ConfUtils.java:logGet(43)) - raft.server.rpc.sleep.time = 25ms (default)
2019-09-12 11:42:00,502 [886466c9-5aa1-40b7-a815-0180689d2dd8:group-4818F684B499:LeaderElection38] INFO  server.RaftServerConfigKeys (ConfUtils.java:logGet(43)) - raft.server.write.element-limit = 4096 (default)
2019-09-12 11:42:00,502 [886466c9-5aa1-40b7-a815-0180689d2dd8:group-4818F684B499:LeaderElection38] INFO  server.RaftServerConfigKeys (ConfUtils.java:logGet(43)) - raft.server.watch.timeout = 10s (default)
2019-09-12 11:42:00,502 [886466c9-5aa1-40b7-a815-0180689d2dd8:group-4818F684B499:LeaderElection38] INFO  server.RaftServerConfigKeys (ConfUtils.java:logGet(43)) - raft.server.watch.timeout.denomination = 1s (default)
2019-09-12 11:42:00,502 [886466c9-5aa1-40b7-a815-0180689d2dd8:group-4818F684B499:LeaderElection38] INFO  server.RaftServerConfigKeys (ConfUtils.java:logGet(43)) - raft.server.watch.element-limit = 65536 (default)
2019-09-12 11:42:00,503 [886466c9-5aa1-40b7-a815-0180689d2dd8:group-4818F684B499:LeaderElection38] INFO  impl.RoleInfo (RoleInfo.java:updateAndGet(143)) - 886466c9-5aa1-40b7-a815-0180689d2dd8: start LeaderState
2019-09-12 11:42:00,503 [886466c9-5aa1-40b7-a815-0180689d2dd8:group-4818F684B499:LeaderElection38] INFO  segmented.SegmentedRaftLogWorker (SegmentedRaftLogWorker.java:startLogSegment(380)) - 886466c9-5aa1-40b7-a815-0180689d2dd8-SegmentedRaftLogWorker:Storage Directory /workdir/hadoop-ozone/ozonefs/target/test-dir/MiniOzoneClusterImpl-d4b21612-7553-42f8-bcad-6f2a2d0d7ac7/datanode-0/data/ratis/c4f93d06-624a-4188-9cb3-4818f684b499: Starting segment from index:0
2019-09-12 11:42:00,504 [886466c9-5aa1-40b7-a815-0180689d2dd8:group-4818F684B499:LeaderElection38] INFO  impl.RaftServerImpl (ServerState.java:setRaftConf(361)) - 886466c9-5aa1-40b7-a815-0180689d2dd8:group-4818F684B499 set configuration 0: [886466c9-5aa1-40b7-a815-0180689d2dd8:192.168.157.195:34621], old=null at 0
2019-09-12 11:42:00,507 [Thread-720] INFO  impl.FollowerState (FollowerState.java:run(106)) - 886466c9-5aa1-40b7-a815-0180689d2dd8:group-C3D38CC9CF70 changes to CANDIDATE, lastRpcTime:5031, electionTimeout:5031ms
2019-09-12 11:42:00,507 [Thread-720] INFO  impl.RoleInfo (RoleInfo.java:shutdownFollowerState(121)) - 886466c9-5aa1-40b7-a815-0180689d2dd8: shutdown FollowerState
2019-09-12 11:42:00,507 [Thread-720] INFO  impl.RaftServerImpl (RaftServerImpl.java:setRole(171)) - 886466c9-5aa1-40b7-a815-0180689d2dd8:group-C3D38CC9CF70 changes role from FOLLOWER to CANDIDATE at term 0 for changeToCandidate
2019-09-12 11:42:00,507 [Thread-720] INFO  impl.RoleInfo (RoleInfo.java:updateAndGet(143)) - 886466c9-5aa1-40b7-a815-0180689d2dd8: start LeaderElection
2019-09-12 11:42:00,569 [886466c9-5aa1-40b7-a815-0180689d2dd8-SegmentedRaftLogWorker:Storage Directory /workdir/hadoop-ozone/ozonefs/target/test-dir/MiniOzoneClusterImpl-d4b21612-7553-42f8-bcad-6f2a2d0d7ac7/datanode-0/data/ratis/c4f93d06-624a-4188-9cb3-4818f684b499] INFO  segmented.SegmentedRaftLogWorker (SegmentedRaftLogWorker.java:execute(569)) - 886466c9-5aa1-40b7-a815-0180689d2dd8-SegmentedRaftLogWorker:Storage Directory /workdir/hadoop-ozone/ozonefs/target/test-dir/MiniOzoneClusterImpl-d4b21612-7553-42f8-bcad-6f2a2d0d7ac7/datanode-0/data/ratis/c4f93d06-624a-4188-9cb3-4818f684b499: created new log segment /workdir/hadoop-ozone/ozonefs/target/test-dir/MiniOzoneClusterImpl-d4b21612-7553-42f8-bcad-6f2a2d0d7ac7/datanode-0/data/ratis/c4f93d06-624a-4188-9cb3-4818f684b499/current/log_inprogress_0
2019-09-12 11:42:00,572 [886466c9-5aa1-40b7-a815-0180689d2dd8:group-C3D38CC9CF70:LeaderElection39] INFO  impl.LeaderElection (LeaderElection.java:askForVotes(181)) - 886466c9-5aa1-40b7-a815-0180689d2dd8:group-C3D38CC9CF70:LeaderElection39: begin an election at term 1 for -1: [886466c9-5aa1-40b7-a815-0180689d2dd8:192.168.157.195:34621], old=null
2019-09-12 11:42:00,572 [886466c9-5aa1-40b7-a815-0180689d2dd8:group-C3D38CC9CF70:LeaderElection39] INFO  impl.RoleInfo (RoleInfo.java:shutdownLeaderElection(134)) - 886466c9-5aa1-40b7-a815-0180689d2dd8: shutdown LeaderElection
2019-09-12 11:42:00,572 [886466c9-5aa1-40b7-a815-0180689d2dd8:group-C3D38CC9CF70:LeaderElection39] INFO  impl.RaftServerImpl (RaftServerImpl.java:setRole(171)) - 886466c9-5aa1-40b7-a815-0180689d2dd8:group-C3D38CC9CF70 changes role from CANDIDATE to LEADER at term 1 for changeToLeader
2019-09-12 11:42:00,572 [886466c9-5aa1-40b7-a815-0180689d2dd8:group-C3D38CC9CF70:LeaderElection39] INFO  impl.RaftServerImpl (ServerState.java:setLeader(263)) - 886466c9-5aa1-40b7-a815-0180689d2dd8:group-C3D38CC9CF70 change Leader from null to 886466c9-5aa1-40b7-a815-0180689d2dd8 at term 1 for becomeLeader, leader elected after 5101ms
2019-09-12 11:42:00,572 [886466c9-5aa1-40b7-a815-0180689d2dd8:group-C3D38CC9CF70:LeaderElection39] INFO  server.RaftServerConfigKeys (ConfUtils.java:logGet(43)) - raft.server.staging.catchup.gap = 1000 (default)
2019-09-12 11:42:00,573 [886466c9-5aa1-40b7-a815-0180689d2dd8:group-C3D38CC9CF70:LeaderElection39] INFO  server.RaftServerConfigKeys (ConfUtils.java:logGet(43)) - raft.server.rpc.sleep.time = 25ms (default)
2019-09-12 11:42:00,573 [886466c9-5aa1-40b7-a815-0180689d2dd8:group-C3D38CC9CF70:LeaderElection39] INFO  server.RaftServerConfigKeys (ConfUtils.java:logGet(43)) - raft.server.write.element-limit = 4096 (default)
2019-09-12 11:42:00,573 [886466c9-5aa1-40b7-a815-0180689d2dd8:group-C3D38CC9CF70:LeaderElection39] INFO  server.RaftServerConfigKeys (ConfUtils.java:logGet(43)) - raft.server.watch.timeout = 10s (default)
2019-09-12 11:42:00,573 [886466c9-5aa1-40b7-a815-0180689d2dd8:group-C3D38CC9CF70:LeaderElection39] INFO  server.RaftServerConfigKeys (ConfUtils.java:logGet(43)) - raft.server.watch.timeout.denomination = 1s (default)
2019-09-12 11:42:00,573 [886466c9-5aa1-40b7-a815-0180689d2dd8:group-C3D38CC9CF70:LeaderElection39] INFO  server.RaftServerConfigKeys (ConfUtils.java:logGet(43)) - raft.server.watch.element-limit = 65536 (default)
2019-09-12 11:42:00,574 [886466c9-5aa1-40b7-a815-0180689d2dd8:group-C3D38CC9CF70:LeaderElection39] INFO  impl.RoleInfo (RoleInfo.java:updateAndGet(143)) - 886466c9-5aa1-40b7-a815-0180689d2dd8: start LeaderState
2019-09-12 11:42:00,574 [886466c9-5aa1-40b7-a815-0180689d2dd8:group-C3D38CC9CF70:LeaderElection39] INFO  segmented.SegmentedRaftLogWorker (SegmentedRaftLogWorker.java:startLogSegment(380)) - 886466c9-5aa1-40b7-a815-0180689d2dd8-SegmentedRaftLogWorker:Storage Directory /workdir/hadoop-ozone/ozonefs/target/test-dir/MiniOzoneClusterImpl-d4b21612-7553-42f8-bcad-6f2a2d0d7ac7/datanode-0/data/ratis/5c0a16ab-7b3b-4bf8-801e-c3d38cc9cf70: Starting segment from index:0
2019-09-12 11:42:00,575 [886466c9-5aa1-40b7-a815-0180689d2dd8:group-C3D38CC9CF70:LeaderElection39] INFO  impl.RaftServerImpl (ServerState.java:setRaftConf(361)) - 886466c9-5aa1-40b7-a815-0180689d2dd8:group-C3D38CC9CF70 set configuration 0: [886466c9-5aa1-40b7-a815-0180689d2dd8:192.168.157.195:34621], old=null at 0
2019-09-12 11:42:00,625 [886466c9-5aa1-40b7-a815-0180689d2dd8-SegmentedRaftLogWorker:Storage Directory /workdir/hadoop-ozone/ozonefs/target/test-dir/MiniOzoneClusterImpl-d4b21612-7553-42f8-bcad-6f2a2d0d7ac7/datanode-0/data/ratis/5c0a16ab-7b3b-4bf8-801e-c3d38cc9cf70] INFO  segmented.SegmentedRaftLogWorker (SegmentedRaftLogWorker.java:execute(569)) - 886466c9-5aa1-40b7-a815-0180689d2dd8-SegmentedRaftLogWorker:Storage Directory /workdir/hadoop-ozone/ozonefs/target/test-dir/MiniOzoneClusterImpl-d4b21612-7553-42f8-bcad-6f2a2d0d7ac7/datanode-0/data/ratis/5c0a16ab-7b3b-4bf8-801e-c3d38cc9cf70: created new log segment /workdir/hadoop-ozone/ozonefs/target/test-dir/MiniOzoneClusterImpl-d4b21612-7553-42f8-bcad-6f2a2d0d7ac7/datanode-0/data/ratis/5c0a16ab-7b3b-4bf8-801e-c3d38cc9cf70/current/log_inprogress_0
2019-09-12 11:42:00,681 [Thread-729] INFO  impl.FollowerState (FollowerState.java:run(106)) - c9117d98-403a-4e73-a5c3-67d4cb653b69:group-D4079944EDAC changes to CANDIDATE, lastRpcTime:5033, electionTimeout:5033ms
2019-09-12 11:42:00,681 [Thread-729] INFO  impl.RoleInfo (RoleInfo.java:shutdownFollowerState(121)) - c9117d98-403a-4e73-a5c3-67d4cb653b69: shutdown FollowerState
2019-09-12 11:42:00,681 [Thread-729] INFO  impl.RaftServerImpl (RaftServerImpl.java:setRole(171)) - c9117d98-403a-4e73-a5c3-67d4cb653b69:group-D4079944EDAC changes role from FOLLOWER to CANDIDATE at term 0 for changeToCandidate
2019-09-12 11:42:00,681 [Thread-729] INFO  impl.RoleInfo (RoleInfo.java:updateAndGet(143)) - c9117d98-403a-4e73-a5c3-67d4cb653b69: start LeaderElection
2019-09-12 11:42:00,694 [c9117d98-403a-4e73-a5c3-67d4cb653b69:group-D4079944EDAC:LeaderElection40] INFO  impl.LeaderElection (LeaderElection.java:askForVotes(181)) - c9117d98-403a-4e73-a5c3-67d4cb653b69:group-D4079944EDAC:LeaderElection40: begin an election at term 1 for -1: [c9117d98-403a-4e73-a5c3-67d4cb653b69:192.168.157.195:36936], old=null
2019-09-12 11:42:00,694 [c9117d98-403a-4e73-a5c3-67d4cb653b69:group-D4079944EDAC:LeaderElection40] INFO  impl.RoleInfo (RoleInfo.java:shutdownLeaderElection(134)) - c9117d98-403a-4e73-a5c3-67d4cb653b69: shutdown LeaderElection
2019-09-12 11:42:00,694 [c9117d98-403a-4e73-a5c3-67d4cb653b69:group-D4079944EDAC:LeaderElection40] INFO  impl.RaftServerImpl (RaftServerImpl.java:setRole(171)) - c9117d98-403a-4e73-a5c3-67d4cb653b69:group-D4079944EDAC changes role from CANDIDATE to LEADER at term 1 for changeToLeader
2019-09-12 11:42:00,694 [c9117d98-403a-4e73-a5c3-67d4cb653b69:group-D4079944EDAC:LeaderElection40] INFO  impl.RaftServerImpl (ServerState.java:setLeader(263)) - c9117d98-403a-4e73-a5c3-67d4cb653b69:group-D4079944EDAC change Leader from null to c9117d98-403a-4e73-a5c3-67d4cb653b69 at term 1 for becomeLeader, leader elected after 5052ms
2019-09-12 11:42:00,695 [c9117d98-403a-4e73-a5c3-67d4cb653b69:group-D4079944EDAC:LeaderElection40] INFO  server.RaftServerConfigKeys (ConfUtils.java:logGet(43)) - raft.server.staging.catchup.gap = 1000 (default)
2019-09-12 11:42:00,695 [c9117d98-403a-4e73-a5c3-67d4cb653b69:group-D4079944EDAC:LeaderElection40] INFO  server.RaftServerConfigKeys (ConfUtils.java:logGet(43)) - raft.server.rpc.sleep.time = 25ms (default)
2019-09-12 11:42:00,695 [c9117d98-403a-4e73-a5c3-67d4cb653b69:group-D4079944EDAC:LeaderElection40] INFO  server.RaftServerConfigKeys (ConfUtils.java:logGet(43)) - raft.server.write.element-limit = 4096 (default)
2019-09-12 11:42:00,695 [c9117d98-403a-4e73-a5c3-67d4cb653b69:group-D4079944EDAC:LeaderElection40] INFO  server.RaftServerConfigKeys (ConfUtils.java:logGet(43)) - raft.server.watch.timeout = 10s (default)
2019-09-12 11:42:00,695 [c9117d98-403a-4e73-a5c3-67d4cb653b69:group-D4079944EDAC:LeaderElection40] INFO  server.RaftServerConfigKeys (ConfUtils.java:logGet(43)) - raft.server.watch.timeout.denomination = 1s (default)
2019-09-12 11:42:00,696 [c9117d98-403a-4e73-a5c3-67d4cb653b69:group-D4079944EDAC:LeaderElection40] INFO  server.RaftServerConfigKeys (ConfUtils.java:logGet(43)) - raft.server.watch.element-limit = 65536 (default)
2019-09-12 11:42:00,696 [c9117d98-403a-4e73-a5c3-67d4cb653b69:group-D4079944EDAC:LeaderElection40] INFO  impl.RoleInfo (RoleInfo.java:updateAndGet(143)) - c9117d98-403a-4e73-a5c3-67d4cb653b69: start LeaderState
2019-09-12 11:42:00,696 [c9117d98-403a-4e73-a5c3-67d4cb653b69:group-D4079944EDAC:LeaderElection40] INFO  segmented.SegmentedRaftLogWorker (SegmentedRaftLogWorker.java:startLogSegment(380)) - c9117d98-403a-4e73-a5c3-67d4cb653b69-SegmentedRaftLogWorker:Storage Directory /workdir/hadoop-ozone/ozonefs/target/test-dir/MiniOzoneClusterImpl-d4b21612-7553-42f8-bcad-6f2a2d0d7ac7/datanode-1/data/ratis/d83c252b-6e00-462d-8b1e-d4079944edac: Starting segment from index:0
2019-09-12 11:42:00,697 [c9117d98-403a-4e73-a5c3-67d4cb653b69:group-D4079944EDAC:LeaderElection40] INFO  impl.RaftServerImpl (ServerState.java:setRaftConf(361)) - c9117d98-403a-4e73-a5c3-67d4cb653b69:group-D4079944EDAC set configuration 0: [c9117d98-403a-4e73-a5c3-67d4cb653b69:192.168.157.195:36936], old=null at 0
2019-09-12 11:42:00,700 [Thread-723] INFO  impl.FollowerState (FollowerState.java:run(106)) - 886466c9-5aa1-40b7-a815-0180689d2dd8:group-8CD813E17F4E changes to CANDIDATE, lastRpcTime:5171, electionTimeout:5171ms
2019-09-12 11:42:00,701 [Thread-723] INFO  impl.RoleInfo (RoleInfo.java:shutdownFollowerState(121)) - 886466c9-5aa1-40b7-a815-0180689d2dd8: shutdown FollowerState
2019-09-12 11:42:00,701 [Thread-723] INFO  impl.RaftServerImpl (RaftServerImpl.java:setRole(171)) - 886466c9-5aa1-40b7-a815-0180689d2dd8:group-8CD813E17F4E changes role from FOLLOWER to CANDIDATE at term 0 for changeToCandidate
2019-09-12 11:42:00,701 [Thread-723] INFO  impl.RoleInfo (RoleInfo.java:updateAndGet(143)) - 886466c9-5aa1-40b7-a815-0180689d2dd8: start LeaderElection
2019-09-12 11:42:00,734 [Thread-726] INFO  impl.FollowerState (FollowerState.java:run(106)) - 886466c9-5aa1-40b7-a815-0180689d2dd8:group-32BD94C3AE5A changes to CANDIDATE, lastRpcTime:5148, electionTimeout:5148ms
2019-09-12 11:42:00,734 [Thread-726] INFO  impl.RoleInfo (RoleInfo.java:shutdownFollowerState(121)) - 886466c9-5aa1-40b7-a815-0180689d2dd8: shutdown FollowerState
2019-09-12 11:42:00,734 [Thread-726] INFO  impl.RaftServerImpl (RaftServerImpl.java:setRole(171)) - 886466c9-5aa1-40b7-a815-0180689d2dd8:group-32BD94C3AE5A changes role from FOLLOWER to CANDIDATE at term 0 for changeToCandidate
2019-09-12 11:42:00,734 [Thread-726] INFO  impl.RoleInfo (RoleInfo.java:updateAndGet(143)) - 886466c9-5aa1-40b7-a815-0180689d2dd8: start LeaderElection
2019-09-12 11:42:00,745 [c9117d98-403a-4e73-a5c3-67d4cb653b69-SegmentedRaftLogWorker:Storage Directory /workdir/hadoop-ozone/ozonefs/target/test-dir/MiniOzoneClusterImpl-d4b21612-7553-42f8-bcad-6f2a2d0d7ac7/datanode-1/data/ratis/d83c252b-6e00-462d-8b1e-d4079944edac] INFO  segmented.SegmentedRaftLogWorker (SegmentedRaftLogWorker.java:execute(569)) - c9117d98-403a-4e73-a5c3-67d4cb653b69-SegmentedRaftLogWorker:Storage Directory /workdir/hadoop-ozone/ozonefs/target/test-dir/MiniOzoneClusterImpl-d4b21612-7553-42f8-bcad-6f2a2d0d7ac7/datanode-1/data/ratis/d83c252b-6e00-462d-8b1e-d4079944edac: created new log segment /workdir/hadoop-ozone/ozonefs/target/test-dir/MiniOzoneClusterImpl-d4b21612-7553-42f8-bcad-6f2a2d0d7ac7/datanode-1/data/ratis/d83c252b-6e00-462d-8b1e-d4079944edac/current/log_inprogress_0
2019-09-12 11:42:00,746 [886466c9-5aa1-40b7-a815-0180689d2dd8:group-8CD813E17F4E:LeaderElection41] INFO  impl.LeaderElection (LeaderElection.java:askForVotes(181)) - 886466c9-5aa1-40b7-a815-0180689d2dd8:group-8CD813E17F4E:LeaderElection41: begin an election at term 1 for -1: [886466c9-5aa1-40b7-a815-0180689d2dd8:192.168.157.195:34621], old=null
2019-09-12 11:42:00,746 [886466c9-5aa1-40b7-a815-0180689d2dd8:group-32BD94C3AE5A:LeaderElection42] INFO  impl.LeaderElection (LeaderElection.java:askForVotes(181)) - 886466c9-5aa1-40b7-a815-0180689d2dd8:group-32BD94C3AE5A:LeaderElection42: begin an election at term 1 for -1: [886466c9-5aa1-40b7-a815-0180689d2dd8:192.168.157.195:34621], old=null
2019-09-12 11:42:00,746 [886466c9-5aa1-40b7-a815-0180689d2dd8:group-8CD813E17F4E:LeaderElection41] INFO  impl.RoleInfo (RoleInfo.java:shutdownLeaderElection(134)) - 886466c9-5aa1-40b7-a815-0180689d2dd8: shutdown LeaderElection
2019-09-12 11:42:00,746 [886466c9-5aa1-40b7-a815-0180689d2dd8:group-32BD94C3AE5A:LeaderElection42] INFO  impl.RoleInfo (RoleInfo.java:shutdownLeaderElection(134)) - 886466c9-5aa1-40b7-a815-0180689d2dd8: shutdown LeaderElection
2019-09-12 11:42:00,746 [886466c9-5aa1-40b7-a815-0180689d2dd8:group-8CD813E17F4E:LeaderElection41] INFO  impl.RaftServerImpl (RaftServerImpl.java:setRole(171)) - 886466c9-5aa1-40b7-a815-0180689d2dd8:group-8CD813E17F4E changes role from CANDIDATE to LEADER at term 1 for changeToLeader
2019-09-12 11:42:00,746 [886466c9-5aa1-40b7-a815-0180689d2dd8:group-32BD94C3AE5A:LeaderElection42] INFO  impl.RaftServerImpl (RaftServerImpl.java:setRole(171)) - 886466c9-5aa1-40b7-a815-0180689d2dd8:group-32BD94C3AE5A changes role from CANDIDATE to LEADER at term 1 for changeToLeader
2019-09-12 11:42:00,747 [886466c9-5aa1-40b7-a815-0180689d2dd8:group-8CD813E17F4E:LeaderElection41] INFO  impl.RaftServerImpl (ServerState.java:setLeader(263)) - 886466c9-5aa1-40b7-a815-0180689d2dd8:group-8CD813E17F4E change Leader from null to 886466c9-5aa1-40b7-a815-0180689d2dd8 at term 1 for becomeLeader, leader elected after 5222ms
2019-09-12 11:42:00,747 [886466c9-5aa1-40b7-a815-0180689d2dd8:group-32BD94C3AE5A:LeaderElection42] INFO  impl.RaftServerImpl (ServerState.java:setLeader(263)) - 886466c9-5aa1-40b7-a815-0180689d2dd8:group-32BD94C3AE5A change Leader from null to 886466c9-5aa1-40b7-a815-0180689d2dd8 at term 1 for becomeLeader, leader elected after 5165ms
2019-09-12 11:42:00,747 [886466c9-5aa1-40b7-a815-0180689d2dd8:group-8CD813E17F4E:LeaderElection41] INFO  server.RaftServerConfigKeys (ConfUtils.java:logGet(43)) - raft.server.staging.catchup.gap = 1000 (default)
2019-09-12 11:42:00,747 [886466c9-5aa1-40b7-a815-0180689d2dd8:group-32BD94C3AE5A:LeaderElection42] INFO  server.RaftServerConfigKeys (ConfUtils.java:logGet(43)) - raft.server.staging.catchup.gap = 1000 (default)
2019-09-12 11:42:00,747 [886466c9-5aa1-40b7-a815-0180689d2dd8:group-8CD813E17F4E:LeaderElection41] INFO  server.RaftServerConfigKeys (ConfUtils.java:logGet(43)) - raft.server.rpc.sleep.time = 25ms (default)
2019-09-12 11:42:00,747 [886466c9-5aa1-40b7-a815-0180689d2dd8:group-32BD94C3AE5A:LeaderElection42] INFO  server.RaftServerConfigKeys (ConfUtils.java:logGet(43)) - raft.server.rpc.sleep.time = 25ms (default)
2019-09-12 11:42:00,748 [886466c9-5aa1-40b7-a815-0180689d2dd8:group-8CD813E17F4E:LeaderElection41] INFO  server.RaftServerConfigKeys (ConfUtils.java:logGet(43)) - raft.server.write.element-limit = 4096 (default)
2019-09-12 11:42:00,748 [886466c9-5aa1-40b7-a815-0180689d2dd8:group-32BD94C3AE5A:LeaderElection42] INFO  server.RaftServerConfigKeys (ConfUtils.java:logGet(43)) - raft.server.write.element-limit = 4096 (default)
2019-09-12 11:42:00,748 [886466c9-5aa1-40b7-a815-0180689d2dd8:group-8CD813E17F4E:LeaderElection41] INFO  server.RaftServerConfigKeys (ConfUtils.java:logGet(43)) - raft.server.watch.timeout = 10s (default)
2019-09-12 11:42:00,748 [886466c9-5aa1-40b7-a815-0180689d2dd8:group-32BD94C3AE5A:LeaderElection42] INFO  server.RaftServerConfigKeys (ConfUtils.java:logGet(43)) - raft.server.watch.timeout = 10s (default)
2019-09-12 11:42:00,748 [886466c9-5aa1-40b7-a815-0180689d2dd8:group-8CD813E17F4E:LeaderElection41] INFO  server.RaftServerConfigKeys (ConfUtils.java:logGet(43)) - raft.server.watch.timeout.denomination = 1s (default)
2019-09-12 11:42:00,748 [886466c9-5aa1-40b7-a815-0180689d2dd8:group-32BD94C3AE5A:LeaderElection42] INFO  server.RaftServerConfigKeys (ConfUtils.java:logGet(43)) - raft.server.watch.timeout.denomination = 1s (default)
2019-09-12 11:42:00,749 [886466c9-5aa1-40b7-a815-0180689d2dd8:group-8CD813E17F4E:LeaderElection41] INFO  server.RaftServerConfigKeys (ConfUtils.java:logGet(43)) - raft.server.watch.element-limit = 65536 (default)
2019-09-12 11:42:00,749 [886466c9-5aa1-40b7-a815-0180689d2dd8:group-32BD94C3AE5A:LeaderElection42] INFO  server.RaftServerConfigKeys (ConfUtils.java:logGet(43)) - raft.server.watch.element-limit = 65536 (default)
2019-09-12 11:42:00,749 [886466c9-5aa1-40b7-a815-0180689d2dd8:group-8CD813E17F4E:LeaderElection41] INFO  impl.RoleInfo (RoleInfo.java:updateAndGet(143)) - 886466c9-5aa1-40b7-a815-0180689d2dd8: start LeaderState
2019-09-12 11:42:00,749 [886466c9-5aa1-40b7-a815-0180689d2dd8:group-32BD94C3AE5A:LeaderElection42] INFO  impl.RoleInfo (RoleInfo.java:updateAndGet(143)) - 886466c9-5aa1-40b7-a815-0180689d2dd8: start LeaderState
2019-09-12 11:42:00,749 [886466c9-5aa1-40b7-a815-0180689d2dd8:group-8CD813E17F4E:LeaderElection41] INFO  segmented.SegmentedRaftLogWorker (SegmentedRaftLogWorker.java:startLogSegment(380)) - 886466c9-5aa1-40b7-a815-0180689d2dd8-SegmentedRaftLogWorker:Storage Directory /workdir/hadoop-ozone/ozonefs/target/test-dir/MiniOzoneClusterImpl-d4b21612-7553-42f8-bcad-6f2a2d0d7ac7/datanode-0/data/ratis/a924de78-3014-44f2-bf83-8cd813e17f4e: Starting segment from index:0
2019-09-12 11:42:00,749 [886466c9-5aa1-40b7-a815-0180689d2dd8:group-32BD94C3AE5A:LeaderElection42] INFO  segmented.SegmentedRaftLogWorker (SegmentedRaftLogWorker.java:startLogSegment(380)) - 886466c9-5aa1-40b7-a815-0180689d2dd8-SegmentedRaftLogWorker:Storage Directory /workdir/hadoop-ozone/ozonefs/target/test-dir/MiniOzoneClusterImpl-d4b21612-7553-42f8-bcad-6f2a2d0d7ac7/datanode-0/data/ratis/260a2ed4-c1ea-4545-bd22-32bd94c3ae5a: Starting segment from index:0
2019-09-12 11:42:00,750 [886466c9-5aa1-40b7-a815-0180689d2dd8:group-8CD813E17F4E:LeaderElection41] INFO  impl.RaftServerImpl (ServerState.java:setRaftConf(361)) - 886466c9-5aa1-40b7-a815-0180689d2dd8:group-8CD813E17F4E set configuration 0: [886466c9-5aa1-40b7-a815-0180689d2dd8:192.168.157.195:34621], old=null at 0
2019-09-12 11:42:00,750 [886466c9-5aa1-40b7-a815-0180689d2dd8:group-32BD94C3AE5A:LeaderElection42] INFO  impl.RaftServerImpl (ServerState.java:setRaftConf(361)) - 886466c9-5aa1-40b7-a815-0180689d2dd8:group-32BD94C3AE5A set configuration 0: [886466c9-5aa1-40b7-a815-0180689d2dd8:192.168.157.195:34621], old=null at 0
2019-09-12 11:42:00,765 | INFO  | SCMAudit | user=jenkins1000 | ip=192.168.157.195 | op=SEND_HEARTBEAT {datanodeUUID=8b575f40-3d8f-4d38-a6fe-d6d3761177af, command=[]} | ret=SUCCESS |  
2019-09-12 11:42:00,799 [886466c9-5aa1-40b7-a815-0180689d2dd8-SegmentedRaftLogWorker:Storage Directory /workdir/hadoop-ozone/ozonefs/target/test-dir/MiniOzoneClusterImpl-d4b21612-7553-42f8-bcad-6f2a2d0d7ac7/datanode-0/data/ratis/a924de78-3014-44f2-bf83-8cd813e17f4e] INFO  segmented.SegmentedRaftLogWorker (SegmentedRaftLogWorker.java:execute(569)) - 886466c9-5aa1-40b7-a815-0180689d2dd8-SegmentedRaftLogWorker:Storage Directory /workdir/hadoop-ozone/ozonefs/target/test-dir/MiniOzoneClusterImpl-d4b21612-7553-42f8-bcad-6f2a2d0d7ac7/datanode-0/data/ratis/a924de78-3014-44f2-bf83-8cd813e17f4e: created new log segment /workdir/hadoop-ozone/ozonefs/target/test-dir/MiniOzoneClusterImpl-d4b21612-7553-42f8-bcad-6f2a2d0d7ac7/datanode-0/data/ratis/a924de78-3014-44f2-bf83-8cd813e17f4e/current/log_inprogress_0
2019-09-12 11:42:00,799 [886466c9-5aa1-40b7-a815-0180689d2dd8-SegmentedRaftLogWorker:Storage Directory /workdir/hadoop-ozone/ozonefs/target/test-dir/MiniOzoneClusterImpl-d4b21612-7553-42f8-bcad-6f2a2d0d7ac7/datanode-0/data/ratis/260a2ed4-c1ea-4545-bd22-32bd94c3ae5a] INFO  segmented.SegmentedRaftLogWorker (SegmentedRaftLogWorker.java:execute(569)) - 886466c9-5aa1-40b7-a815-0180689d2dd8-SegmentedRaftLogWorker:Storage Directory /workdir/hadoop-ozone/ozonefs/target/test-dir/MiniOzoneClusterImpl-d4b21612-7553-42f8-bcad-6f2a2d0d7ac7/datanode-0/data/ratis/260a2ed4-c1ea-4545-bd22-32bd94c3ae5a: created new log segment /workdir/hadoop-ozone/ozonefs/target/test-dir/MiniOzoneClusterImpl-d4b21612-7553-42f8-bcad-6f2a2d0d7ac7/datanode-0/data/ratis/260a2ed4-c1ea-4545-bd22-32bd94c3ae5a/current/log_inprogress_0
2019-09-12 11:42:00,838 [Thread-735] INFO  impl.FollowerState (FollowerState.java:run(106)) - 886466c9-5aa1-40b7-a815-0180689d2dd8:group-03669A170DB3 changes to CANDIDATE, lastRpcTime:5094, electionTimeout:5094ms
2019-09-12 11:42:00,838 [Thread-735] INFO  impl.RoleInfo (RoleInfo.java:shutdownFollowerState(121)) - 886466c9-5aa1-40b7-a815-0180689d2dd8: shutdown FollowerState
2019-09-12 11:42:00,838 [Thread-735] INFO  impl.RaftServerImpl (RaftServerImpl.java:setRole(171)) - 886466c9-5aa1-40b7-a815-0180689d2dd8:group-03669A170DB3 changes role from FOLLOWER to CANDIDATE at term 0 for changeToCandidate
2019-09-12 11:42:00,838 [Thread-735] INFO  impl.RoleInfo (RoleInfo.java:updateAndGet(143)) - 886466c9-5aa1-40b7-a815-0180689d2dd8: start LeaderElection
2019-09-12 11:42:00,848 [Thread-732] INFO  impl.FollowerState (FollowerState.java:run(106)) - c9117d98-403a-4e73-a5c3-67d4cb653b69:group-6A699F46692A changes to CANDIDATE, lastRpcTime:5148, electionTimeout:5148ms
2019-09-12 11:42:00,848 [Thread-732] INFO  impl.RoleInfo (RoleInfo.java:shutdownFollowerState(121)) - c9117d98-403a-4e73-a5c3-67d4cb653b69: shutdown FollowerState
2019-09-12 11:42:00,848 [Thread-732] INFO  impl.RaftServerImpl (RaftServerImpl.java:setRole(171)) - c9117d98-403a-4e73-a5c3-67d4cb653b69:group-6A699F46692A changes role from FOLLOWER to CANDIDATE at term 0 for changeToCandidate
2019-09-12 11:42:00,848 [Thread-732] INFO  impl.RoleInfo (RoleInfo.java:updateAndGet(143)) - c9117d98-403a-4e73-a5c3-67d4cb653b69: start LeaderElection
2019-09-12 11:42:00,854 [886466c9-5aa1-40b7-a815-0180689d2dd8:group-03669A170DB3:LeaderElection43] INFO  impl.LeaderElection (LeaderElection.java:askForVotes(181)) - 886466c9-5aa1-40b7-a815-0180689d2dd8:group-03669A170DB3:LeaderElection43: begin an election at term 1 for -1: [886466c9-5aa1-40b7-a815-0180689d2dd8:192.168.157.195:34621], old=null
2019-09-12 11:42:00,854 [c9117d98-403a-4e73-a5c3-67d4cb653b69:group-6A699F46692A:LeaderElection44] INFO  impl.LeaderElection (LeaderElection.java:askForVotes(181)) - c9117d98-403a-4e73-a5c3-67d4cb653b69:group-6A699F46692A:LeaderElection44: begin an election at term 1 for -1: [c9117d98-403a-4e73-a5c3-67d4cb653b69:192.168.157.195:36936], old=null
2019-09-12 11:42:00,854 [886466c9-5aa1-40b7-a815-0180689d2dd8:group-03669A170DB3:LeaderElection43] INFO  impl.RoleInfo (RoleInfo.java:shutdownLeaderElection(134)) - 886466c9-5aa1-40b7-a815-0180689d2dd8: shutdown LeaderElection
2019-09-12 11:42:00,854 [c9117d98-403a-4e73-a5c3-67d4cb653b69:group-6A699F46692A:LeaderElection44] INFO  impl.RoleInfo (RoleInfo.java:shutdownLeaderElection(134)) - c9117d98-403a-4e73-a5c3-67d4cb653b69: shutdown LeaderElection
2019-09-12 11:42:00,854 [886466c9-5aa1-40b7-a815-0180689d2dd8:group-03669A170DB3:LeaderElection43] INFO  impl.RaftServerImpl (RaftServerImpl.java:setRole(171)) - 886466c9-5aa1-40b7-a815-0180689d2dd8:group-03669A170DB3 changes role from CANDIDATE to LEADER at term 1 for changeToLeader
2019-09-12 11:42:00,855 [c9117d98-403a-4e73-a5c3-67d4cb653b69:group-6A699F46692A:LeaderElection44] INFO  impl.RaftServerImpl (RaftServerImpl.java:setRole(171)) - c9117d98-403a-4e73-a5c3-67d4cb653b69:group-6A699F46692A changes role from CANDIDATE to LEADER at term 1 for changeToLeader
2019-09-12 11:42:00,855 [886466c9-5aa1-40b7-a815-0180689d2dd8:group-03669A170DB3:LeaderElection43] INFO  impl.RaftServerImpl (ServerState.java:setLeader(263)) - 886466c9-5aa1-40b7-a815-0180689d2dd8:group-03669A170DB3 change Leader from null to 886466c9-5aa1-40b7-a815-0180689d2dd8 at term 1 for becomeLeader, leader elected after 5116ms
2019-09-12 11:42:00,855 [c9117d98-403a-4e73-a5c3-67d4cb653b69:group-6A699F46692A:LeaderElection44] INFO  impl.RaftServerImpl (ServerState.java:setLeader(263)) - c9117d98-403a-4e73-a5c3-67d4cb653b69:group-6A699F46692A change Leader from null to c9117d98-403a-4e73-a5c3-67d4cb653b69 at term 1 for becomeLeader, leader elected after 5160ms
2019-09-12 11:42:00,855 [886466c9-5aa1-40b7-a815-0180689d2dd8:group-03669A170DB3:LeaderElection43] INFO  server.RaftServerConfigKeys (ConfUtils.java:logGet(43)) - raft.server.staging.catchup.gap = 1000 (default)
2019-09-12 11:42:00,855 [c9117d98-403a-4e73-a5c3-67d4cb653b69:group-6A699F46692A:LeaderElection44] INFO  server.RaftServerConfigKeys (ConfUtils.java:logGet(43)) - raft.server.staging.catchup.gap = 1000 (default)
2019-09-12 11:42:00,855 [886466c9-5aa1-40b7-a815-0180689d2dd8:group-03669A170DB3:LeaderElection43] INFO  server.RaftServerConfigKeys (ConfUtils.java:logGet(43)) - raft.server.rpc.sleep.time = 25ms (default)
2019-09-12 11:42:00,856 [c9117d98-403a-4e73-a5c3-67d4cb653b69:group-6A699F46692A:LeaderElection44] INFO  server.RaftServerConfigKeys (ConfUtils.java:logGet(43)) - raft.server.rpc.sleep.time = 25ms (default)
2019-09-12 11:42:00,856 [886466c9-5aa1-40b7-a815-0180689d2dd8:group-03669A170DB3:LeaderElection43] INFO  server.RaftServerConfigKeys (ConfUtils.java:logGet(43)) - raft.server.write.element-limit = 4096 (default)
2019-09-12 11:42:00,856 [c9117d98-403a-4e73-a5c3-67d4cb653b69:group-6A699F46692A:LeaderElection44] INFO  server.RaftServerConfigKeys (ConfUtils.java:logGet(43)) - raft.server.write.element-limit = 4096 (default)
2019-09-12 11:42:00,856 [886466c9-5aa1-40b7-a815-0180689d2dd8:group-03669A170DB3:LeaderElection43] INFO  server.RaftServerConfigKeys (ConfUtils.java:logGet(43)) - raft.server.watch.timeout = 10s (default)
2019-09-12 11:42:00,856 [c9117d98-403a-4e73-a5c3-67d4cb653b69:group-6A699F46692A:LeaderElection44] INFO  server.RaftServerConfigKeys (ConfUtils.java:logGet(43)) - raft.server.watch.timeout = 10s (default)
2019-09-12 11:42:00,857 [886466c9-5aa1-40b7-a815-0180689d2dd8:group-03669A170DB3:LeaderElection43] INFO  server.RaftServerConfigKeys (ConfUtils.java:logGet(43)) - raft.server.watch.timeout.denomination = 1s (default)
2019-09-12 11:42:00,857 [c9117d98-403a-4e73-a5c3-67d4cb653b69:group-6A699F46692A:LeaderElection44] INFO  server.RaftServerConfigKeys (ConfUtils.java:logGet(43)) - raft.server.watch.timeout.denomination = 1s (default)
2019-09-12 11:42:00,857 [886466c9-5aa1-40b7-a815-0180689d2dd8:group-03669A170DB3:LeaderElection43] INFO  server.RaftServerConfigKeys (ConfUtils.java:logGet(43)) - raft.server.watch.element-limit = 65536 (default)
2019-09-12 11:42:00,857 [c9117d98-403a-4e73-a5c3-67d4cb653b69:group-6A699F46692A:LeaderElection44] INFO  server.RaftServerConfigKeys (ConfUtils.java:logGet(43)) - raft.server.watch.element-limit = 65536 (default)
2019-09-12 11:42:00,857 [886466c9-5aa1-40b7-a815-0180689d2dd8:group-03669A170DB3:LeaderElection43] INFO  impl.RoleInfo (RoleInfo.java:updateAndGet(143)) - 886466c9-5aa1-40b7-a815-0180689d2dd8: start LeaderState
2019-09-12 11:42:00,858 [c9117d98-403a-4e73-a5c3-67d4cb653b69:group-6A699F46692A:LeaderElection44] INFO  impl.RoleInfo (RoleInfo.java:updateAndGet(143)) - c9117d98-403a-4e73-a5c3-67d4cb653b69: start LeaderState
2019-09-12 11:42:00,858 [886466c9-5aa1-40b7-a815-0180689d2dd8:group-03669A170DB3:LeaderElection43] INFO  segmented.SegmentedRaftLogWorker (SegmentedRaftLogWorker.java:startLogSegment(380)) - 886466c9-5aa1-40b7-a815-0180689d2dd8-SegmentedRaftLogWorker:Storage Directory /workdir/hadoop-ozone/ozonefs/target/test-dir/MiniOzoneClusterImpl-d4b21612-7553-42f8-bcad-6f2a2d0d7ac7/datanode-0/data/ratis/877c2e32-bd18-49b0-bff0-03669a170db3: Starting segment from index:0
2019-09-12 11:42:00,858 [c9117d98-403a-4e73-a5c3-67d4cb653b69:group-6A699F46692A:LeaderElection44] INFO  segmented.SegmentedRaftLogWorker (SegmentedRaftLogWorker.java:startLogSegment(380)) - c9117d98-403a-4e73-a5c3-67d4cb653b69-SegmentedRaftLogWorker:Storage Directory /workdir/hadoop-ozone/ozonefs/target/test-dir/MiniOzoneClusterImpl-d4b21612-7553-42f8-bcad-6f2a2d0d7ac7/datanode-1/data/ratis/3caf27ab-b0b5-4743-9a20-6a699f46692a: Starting segment from index:0
2019-09-12 11:42:00,858 [886466c9-5aa1-40b7-a815-0180689d2dd8:group-03669A170DB3:LeaderElection43] INFO  impl.RaftServerImpl (ServerState.java:setRaftConf(361)) - 886466c9-5aa1-40b7-a815-0180689d2dd8:group-03669A170DB3 set configuration 0: [886466c9-5aa1-40b7-a815-0180689d2dd8:192.168.157.195:34621], old=null at 0
2019-09-12 11:42:00,859 [c9117d98-403a-4e73-a5c3-67d4cb653b69:group-6A699F46692A:LeaderElection44] INFO  impl.RaftServerImpl (ServerState.java:setRaftConf(361)) - c9117d98-403a-4e73-a5c3-67d4cb653b69:group-6A699F46692A set configuration 0: [c9117d98-403a-4e73-a5c3-67d4cb653b69:192.168.157.195:36936], old=null at 0
2019-09-12 11:42:00,912 [886466c9-5aa1-40b7-a815-0180689d2dd8-SegmentedRaftLogWorker:Storage Directory /workdir/hadoop-ozone/ozonefs/target/test-dir/MiniOzoneClusterImpl-d4b21612-7553-42f8-bcad-6f2a2d0d7ac7/datanode-0/data/ratis/877c2e32-bd18-49b0-bff0-03669a170db3] INFO  segmented.SegmentedRaftLogWorker (SegmentedRaftLogWorker.java:execute(569)) - 886466c9-5aa1-40b7-a815-0180689d2dd8-SegmentedRaftLogWorker:Storage Directory /workdir/hadoop-ozone/ozonefs/target/test-dir/MiniOzoneClusterImpl-d4b21612-7553-42f8-bcad-6f2a2d0d7ac7/datanode-0/data/ratis/877c2e32-bd18-49b0-bff0-03669a170db3: created new log segment /workdir/hadoop-ozone/ozonefs/target/test-dir/MiniOzoneClusterImpl-d4b21612-7553-42f8-bcad-6f2a2d0d7ac7/datanode-0/data/ratis/877c2e32-bd18-49b0-bff0-03669a170db3/current/log_inprogress_0
2019-09-12 11:42:00,912 [c9117d98-403a-4e73-a5c3-67d4cb653b69-SegmentedRaftLogWorker:Storage Directory /workdir/hadoop-ozone/ozonefs/target/test-dir/MiniOzoneClusterImpl-d4b21612-7553-42f8-bcad-6f2a2d0d7ac7/datanode-1/data/ratis/3caf27ab-b0b5-4743-9a20-6a699f46692a] INFO  segmented.SegmentedRaftLogWorker (SegmentedRaftLogWorker.java:execute(569)) - c9117d98-403a-4e73-a5c3-67d4cb653b69-SegmentedRaftLogWorker:Storage Directory /workdir/hadoop-ozone/ozonefs/target/test-dir/MiniOzoneClusterImpl-d4b21612-7553-42f8-bcad-6f2a2d0d7ac7/datanode-1/data/ratis/3caf27ab-b0b5-4743-9a20-6a699f46692a: created new log segment /workdir/hadoop-ozone/ozonefs/target/test-dir/MiniOzoneClusterImpl-d4b21612-7553-42f8-bcad-6f2a2d0d7ac7/datanode-1/data/ratis/3caf27ab-b0b5-4743-9a20-6a699f46692a/current/log_inprogress_0
2019-09-12 11:42:00,918 [Thread-738] INFO  impl.FollowerState (FollowerState.java:run(106)) - c9117d98-403a-4e73-a5c3-67d4cb653b69:group-F1E35E884B8A changes to CANDIDATE, lastRpcTime:5128, electionTimeout:5128ms
2019-09-12 11:42:00,918 [Thread-738] INFO  impl.RoleInfo (RoleInfo.java:shutdownFollowerState(121)) - c9117d98-403a-4e73-a5c3-67d4cb653b69: shutdown FollowerState
2019-09-12 11:42:00,918 [Thread-738] INFO  impl.RaftServerImpl (RaftServerImpl.java:setRole(171)) - c9117d98-403a-4e73-a5c3-67d4cb653b69:group-F1E35E884B8A changes role from FOLLOWER to CANDIDATE at term 0 for changeToCandidate
2019-09-12 11:42:00,918 [Thread-738] INFO  impl.RoleInfo (RoleInfo.java:updateAndGet(143)) - c9117d98-403a-4e73-a5c3-67d4cb653b69: start LeaderElection
2019-09-12 11:42:00,936 [c9117d98-403a-4e73-a5c3-67d4cb653b69:group-F1E35E884B8A:LeaderElection45] INFO  impl.LeaderElection (LeaderElection.java:askForVotes(181)) - c9117d98-403a-4e73-a5c3-67d4cb653b69:group-F1E35E884B8A:LeaderElection45: begin an election at term 1 for -1: [c9117d98-403a-4e73-a5c3-67d4cb653b69:192.168.157.195:36936], old=null
2019-09-12 11:42:00,936 [c9117d98-403a-4e73-a5c3-67d4cb653b69:group-F1E35E884B8A:LeaderElection45] INFO  impl.RoleInfo (RoleInfo.java:shutdownLeaderElection(134)) - c9117d98-403a-4e73-a5c3-67d4cb653b69: shutdown LeaderElection
2019-09-12 11:42:00,936 [c9117d98-403a-4e73-a5c3-67d4cb653b69:group-F1E35E884B8A:LeaderElection45] INFO  impl.RaftServerImpl (RaftServerImpl.java:setRole(171)) - c9117d98-403a-4e73-a5c3-67d4cb653b69:group-F1E35E884B8A changes role from CANDIDATE to LEADER at term 1 for changeToLeader
2019-09-12 11:42:00,936 [c9117d98-403a-4e73-a5c3-67d4cb653b69:group-F1E35E884B8A:LeaderElection45] INFO  impl.RaftServerImpl (ServerState.java:setLeader(263)) - c9117d98-403a-4e73-a5c3-67d4cb653b69:group-F1E35E884B8A change Leader from null to c9117d98-403a-4e73-a5c3-67d4cb653b69 at term 1 for becomeLeader, leader elected after 5151ms
2019-09-12 11:42:00,936 [c9117d98-403a-4e73-a5c3-67d4cb653b69:group-F1E35E884B8A:LeaderElection45] INFO  server.RaftServerConfigKeys (ConfUtils.java:logGet(43)) - raft.server.staging.catchup.gap = 1000 (default)
2019-09-12 11:42:00,937 [c9117d98-403a-4e73-a5c3-67d4cb653b69:group-F1E35E884B8A:LeaderElection45] INFO  server.RaftServerConfigKeys (ConfUtils.java:logGet(43)) - raft.server.rpc.sleep.time = 25ms (default)
2019-09-12 11:42:00,937 [c9117d98-403a-4e73-a5c3-67d4cb653b69:group-F1E35E884B8A:LeaderElection45] INFO  server.RaftServerConfigKeys (ConfUtils.java:logGet(43)) - raft.server.write.element-limit = 4096 (default)
2019-09-12 11:42:00,937 [c9117d98-403a-4e73-a5c3-67d4cb653b69:group-F1E35E884B8A:LeaderElection45] INFO  server.RaftServerConfigKeys (ConfUtils.java:logGet(43)) - raft.server.watch.timeout = 10s (default)
2019-09-12 11:42:00,937 [c9117d98-403a-4e73-a5c3-67d4cb653b69:group-F1E35E884B8A:LeaderElection45] INFO  server.RaftServerConfigKeys (ConfUtils.java:logGet(43)) - raft.server.watch.timeout.denomination = 1s (default)
2019-09-12 11:42:00,937 [c9117d98-403a-4e73-a5c3-67d4cb653b69:group-F1E35E884B8A:LeaderElection45] INFO  server.RaftServerConfigKeys (ConfUtils.java:logGet(43)) - raft.server.watch.element-limit = 65536 (default)
2019-09-12 11:42:00,938 [c9117d98-403a-4e73-a5c3-67d4cb653b69:group-F1E35E884B8A:LeaderElection45] INFO  impl.RoleInfo (RoleInfo.java:updateAndGet(143)) - c9117d98-403a-4e73-a5c3-67d4cb653b69: start LeaderState
2019-09-12 11:42:00,938 [c9117d98-403a-4e73-a5c3-67d4cb653b69:group-F1E35E884B8A:LeaderElection45] INFO  segmented.SegmentedRaftLogWorker (SegmentedRaftLogWorker.java:startLogSegment(380)) - c9117d98-403a-4e73-a5c3-67d4cb653b69-SegmentedRaftLogWorker:Storage Directory /workdir/hadoop-ozone/ozonefs/target/test-dir/MiniOzoneClusterImpl-d4b21612-7553-42f8-bcad-6f2a2d0d7ac7/datanode-1/data/ratis/e79b1350-6bdf-4e7e-a535-f1e35e884b8a: Starting segment from index:0
2019-09-12 11:42:00,939 [c9117d98-403a-4e73-a5c3-67d4cb653b69:group-F1E35E884B8A:LeaderElection45] INFO  impl.RaftServerImpl (ServerState.java:setRaftConf(361)) - c9117d98-403a-4e73-a5c3-67d4cb653b69:group-F1E35E884B8A set configuration 0: [c9117d98-403a-4e73-a5c3-67d4cb653b69:192.168.157.195:36936], old=null at 0
2019-09-12 11:42:00,949 [Thread-744] INFO  impl.FollowerState (FollowerState.java:run(106)) - c9117d98-403a-4e73-a5c3-67d4cb653b69:group-E23A858CEFFB changes to CANDIDATE, lastRpcTime:5067, electionTimeout:5067ms
2019-09-12 11:42:00,949 [Thread-744] INFO  impl.RoleInfo (RoleInfo.java:shutdownFollowerState(121)) - c9117d98-403a-4e73-a5c3-67d4cb653b69: shutdown FollowerState
2019-09-12 11:42:00,950 [Thread-744] INFO  impl.RaftServerImpl (RaftServerImpl.java:setRole(171)) - c9117d98-403a-4e73-a5c3-67d4cb653b69:group-E23A858CEFFB changes role from FOLLOWER to CANDIDATE at term 0 for changeToCandidate
2019-09-12 11:42:00,950 [Thread-744] INFO  impl.RoleInfo (RoleInfo.java:updateAndGet(143)) - c9117d98-403a-4e73-a5c3-67d4cb653b69: start LeaderElection
2019-09-12 11:42:00,986 [Thread-750] INFO  impl.FollowerState (FollowerState.java:run(106)) - 8b575f40-3d8f-4d38-a6fe-d6d3761177af:group-FA71DC050377 changes to CANDIDATE, lastRpcTime:5003, electionTimeout:5003ms
2019-09-12 11:42:00,987 [Thread-750] INFO  impl.RoleInfo (RoleInfo.java:shutdownFollowerState(121)) - 8b575f40-3d8f-4d38-a6fe-d6d3761177af: shutdown FollowerState
2019-09-12 11:42:00,987 [Thread-750] INFO  impl.RaftServerImpl (RaftServerImpl.java:setRole(171)) - 8b575f40-3d8f-4d38-a6fe-d6d3761177af:group-FA71DC050377 changes role from FOLLOWER to CANDIDATE at term 0 for changeToCandidate
2019-09-12 11:42:00,987 [Thread-750] INFO  impl.RoleInfo (RoleInfo.java:updateAndGet(143)) - 8b575f40-3d8f-4d38-a6fe-d6d3761177af: start LeaderElection
2019-09-12 11:42:00,992 [c9117d98-403a-4e73-a5c3-67d4cb653b69-SegmentedRaftLogWorker:Storage Directory /workdir/hadoop-ozone/ozonefs/target/test-dir/MiniOzoneClusterImpl-d4b21612-7553-42f8-bcad-6f2a2d0d7ac7/datanode-1/data/ratis/e79b1350-6bdf-4e7e-a535-f1e35e884b8a] INFO  segmented.SegmentedRaftLogWorker (SegmentedRaftLogWorker.java:execute(569)) - c9117d98-403a-4e73-a5c3-67d4cb653b69-SegmentedRaftLogWorker:Storage Directory /workdir/hadoop-ozone/ozonefs/target/test-dir/MiniOzoneClusterImpl-d4b21612-7553-42f8-bcad-6f2a2d0d7ac7/datanode-1/data/ratis/e79b1350-6bdf-4e7e-a535-f1e35e884b8a: created new log segment /workdir/hadoop-ozone/ozonefs/target/test-dir/MiniOzoneClusterImpl-d4b21612-7553-42f8-bcad-6f2a2d0d7ac7/datanode-1/data/ratis/e79b1350-6bdf-4e7e-a535-f1e35e884b8a/current/log_inprogress_0
2019-09-12 11:42:00,992 [c9117d98-403a-4e73-a5c3-67d4cb653b69:group-E23A858CEFFB:LeaderElection46] INFO  impl.LeaderElection (LeaderElection.java:askForVotes(181)) - c9117d98-403a-4e73-a5c3-67d4cb653b69:group-E23A858CEFFB:LeaderElection46: begin an election at term 1 for -1: [c9117d98-403a-4e73-a5c3-67d4cb653b69:192.168.157.195:36936], old=null
2019-09-12 11:42:00,992 [c9117d98-403a-4e73-a5c3-67d4cb653b69:group-E23A858CEFFB:LeaderElection46] INFO  impl.RoleInfo (RoleInfo.java:shutdownLeaderElection(134)) - c9117d98-403a-4e73-a5c3-67d4cb653b69: shutdown LeaderElection
2019-09-12 11:42:00,992 [c9117d98-403a-4e73-a5c3-67d4cb653b69:group-E23A858CEFFB:LeaderElection46] INFO  impl.RaftServerImpl (RaftServerImpl.java:setRole(171)) - c9117d98-403a-4e73-a5c3-67d4cb653b69:group-E23A858CEFFB changes role from CANDIDATE to LEADER at term 1 for changeToLeader
2019-09-12 11:42:00,992 [c9117d98-403a-4e73-a5c3-67d4cb653b69:group-E23A858CEFFB:LeaderElection46] INFO  impl.RaftServerImpl (ServerState.java:setLeader(263)) - c9117d98-403a-4e73-a5c3-67d4cb653b69:group-E23A858CEFFB change Leader from null to c9117d98-403a-4e73-a5c3-67d4cb653b69 at term 1 for becomeLeader, leader elected after 5114ms
2019-09-12 11:42:00,993 [c9117d98-403a-4e73-a5c3-67d4cb653b69:group-E23A858CEFFB:LeaderElection46] INFO  server.RaftServerConfigKeys (ConfUtils.java:logGet(43)) - raft.server.staging.catchup.gap = 1000 (default)
2019-09-12 11:42:00,993 [c9117d98-403a-4e73-a5c3-67d4cb653b69:group-E23A858CEFFB:LeaderElection46] INFO  server.RaftServerConfigKeys (ConfUtils.java:logGet(43)) - raft.server.rpc.sleep.time = 25ms (default)
2019-09-12 11:42:00,993 [c9117d98-403a-4e73-a5c3-67d4cb653b69:group-E23A858CEFFB:LeaderElection46] INFO  server.RaftServerConfigKeys (ConfUtils.java:logGet(43)) - raft.server.write.element-limit = 4096 (default)
2019-09-12 11:42:00,993 [c9117d98-403a-4e73-a5c3-67d4cb653b69:group-E23A858CEFFB:LeaderElection46] INFO  server.RaftServerConfigKeys (ConfUtils.java:logGet(43)) - raft.server.watch.timeout = 10s (default)
2019-09-12 11:42:00,993 [c9117d98-403a-4e73-a5c3-67d4cb653b69:group-E23A858CEFFB:LeaderElection46] INFO  server.RaftServerConfigKeys (ConfUtils.java:logGet(43)) - raft.server.watch.timeout.denomination = 1s (default)
2019-09-12 11:42:00,994 [c9117d98-403a-4e73-a5c3-67d4cb653b69:group-E23A858CEFFB:LeaderElection46] INFO  server.RaftServerConfigKeys (ConfUtils.java:logGet(43)) - raft.server.watch.element-limit = 65536 (default)
2019-09-12 11:42:00,994 [c9117d98-403a-4e73-a5c3-67d4cb653b69:group-E23A858CEFFB:LeaderElection46] INFO  impl.RoleInfo (RoleInfo.java:updateAndGet(143)) - c9117d98-403a-4e73-a5c3-67d4cb653b69: start LeaderState
2019-09-12 11:42:00,994 [c9117d98-403a-4e73-a5c3-67d4cb653b69:group-E23A858CEFFB:LeaderElection46] INFO  segmented.SegmentedRaftLogWorker (SegmentedRaftLogWorker.java:startLogSegment(380)) - c9117d98-403a-4e73-a5c3-67d4cb653b69-SegmentedRaftLogWorker:Storage Directory /workdir/hadoop-ozone/ozonefs/target/test-dir/MiniOzoneClusterImpl-d4b21612-7553-42f8-bcad-6f2a2d0d7ac7/datanode-1/data/ratis/5e5ba2e1-582a-4e3b-a67d-e23a858ceffb: Starting segment from index:0
2019-09-12 11:42:00,995 [c9117d98-403a-4e73-a5c3-67d4cb653b69:group-E23A858CEFFB:LeaderElection46] INFO  impl.RaftServerImpl (ServerState.java:setRaftConf(361)) - c9117d98-403a-4e73-a5c3-67d4cb653b69:group-E23A858CEFFB set configuration 0: [c9117d98-403a-4e73-a5c3-67d4cb653b69:192.168.157.195:36936], old=null at 0
2019-09-12 11:42:00,995 [8b575f40-3d8f-4d38-a6fe-d6d3761177af:group-FA71DC050377:LeaderElection47] INFO  impl.LeaderElection (LeaderElection.java:askForVotes(181)) - 8b575f40-3d8f-4d38-a6fe-d6d3761177af:group-FA71DC050377:LeaderElection47: begin an election at term 1 for -1: [8b575f40-3d8f-4d38-a6fe-d6d3761177af:192.168.157.195:33278], old=null
2019-09-12 11:42:00,995 [8b575f40-3d8f-4d38-a6fe-d6d3761177af:group-FA71DC050377:LeaderElection47] INFO  impl.RoleInfo (RoleInfo.java:shutdownLeaderElection(134)) - 8b575f40-3d8f-4d38-a6fe-d6d3761177af: shutdown LeaderElection
2019-09-12 11:42:00,995 [8b575f40-3d8f-4d38-a6fe-d6d3761177af:group-FA71DC050377:LeaderElection47] INFO  impl.RaftServerImpl (RaftServerImpl.java:setRole(171)) - 8b575f40-3d8f-4d38-a6fe-d6d3761177af:group-FA71DC050377 changes role from CANDIDATE to LEADER at term 1 for changeToLeader
2019-09-12 11:42:00,996 [8b575f40-3d8f-4d38-a6fe-d6d3761177af:group-FA71DC050377:LeaderElection47] INFO  impl.RaftServerImpl (ServerState.java:setLeader(263)) - 8b575f40-3d8f-4d38-a6fe-d6d3761177af:group-FA71DC050377 change Leader from null to 8b575f40-3d8f-4d38-a6fe-d6d3761177af at term 1 for becomeLeader, leader elected after 5017ms
2019-09-12 11:42:00,996 [8b575f40-3d8f-4d38-a6fe-d6d3761177af:group-FA71DC050377:LeaderElection47] INFO  server.RaftServerConfigKeys (ConfUtils.java:logGet(43)) - raft.server.staging.catchup.gap = 1000 (default)
2019-09-12 11:42:00,996 [8b575f40-3d8f-4d38-a6fe-d6d3761177af:group-FA71DC050377:LeaderElection47] INFO  server.RaftServerConfigKeys (ConfUtils.java:logGet(43)) - raft.server.rpc.sleep.time = 25ms (default)
2019-09-12 11:42:00,996 [8b575f40-3d8f-4d38-a6fe-d6d3761177af:group-FA71DC050377:LeaderElection47] INFO  server.RaftServerConfigKeys (ConfUtils.java:logGet(43)) - raft.server.write.element-limit = 4096 (default)
2019-09-12 11:42:00,996 [8b575f40-3d8f-4d38-a6fe-d6d3761177af:group-FA71DC050377:LeaderElection47] INFO  server.RaftServerConfigKeys (ConfUtils.java:logGet(43)) - raft.server.watch.timeout = 10s (default)
2019-09-12 11:42:00,996 [8b575f40-3d8f-4d38-a6fe-d6d3761177af:group-FA71DC050377:LeaderElection47] INFO  server.RaftServerConfigKeys (ConfUtils.java:logGet(43)) - raft.server.watch.timeout.denomination = 1s (default)
2019-09-12 11:42:00,997 [8b575f40-3d8f-4d38-a6fe-d6d3761177af:group-FA71DC050377:LeaderElection47] INFO  server.RaftServerConfigKeys (ConfUtils.java:logGet(43)) - raft.server.watch.element-limit = 65536 (default)
2019-09-12 11:42:00,997 [8b575f40-3d8f-4d38-a6fe-d6d3761177af:group-FA71DC050377:LeaderElection47] INFO  impl.RoleInfo (RoleInfo.java:updateAndGet(143)) - 8b575f40-3d8f-4d38-a6fe-d6d3761177af: start LeaderState
2019-09-12 11:42:00,997 [8b575f40-3d8f-4d38-a6fe-d6d3761177af:group-FA71DC050377:LeaderElection47] INFO  segmented.SegmentedRaftLogWorker (SegmentedRaftLogWorker.java:startLogSegment(380)) - 8b575f40-3d8f-4d38-a6fe-d6d3761177af-SegmentedRaftLogWorker:Storage Directory /workdir/hadoop-ozone/ozonefs/target/test-dir/MiniOzoneClusterImpl-d4b21612-7553-42f8-bcad-6f2a2d0d7ac7/datanode-2/data/ratis/37d9b3c7-5561-4f57-9319-fa71dc050377: Starting segment from index:0
2019-09-12 11:42:00,998 [8b575f40-3d8f-4d38-a6fe-d6d3761177af:group-FA71DC050377:LeaderElection47] INFO  impl.RaftServerImpl (ServerState.java:setRaftConf(361)) - 8b575f40-3d8f-4d38-a6fe-d6d3761177af:group-FA71DC050377 set configuration 0: [8b575f40-3d8f-4d38-a6fe-d6d3761177af:192.168.157.195:33278], old=null at 0
2019-09-12 11:42:00,999 [Thread-741] INFO  impl.FollowerState (FollowerState.java:run(106)) - c9117d98-403a-4e73-a5c3-67d4cb653b69:group-1D4CB5FED270 changes to CANDIDATE, lastRpcTime:5166, electionTimeout:5166ms
2019-09-12 11:42:01,000 [Thread-741] INFO  impl.RoleInfo (RoleInfo.java:shutdownFollowerState(121)) - c9117d98-403a-4e73-a5c3-67d4cb653b69: shutdown FollowerState
2019-09-12 11:42:01,000 [Thread-741] INFO  impl.RaftServerImpl (RaftServerImpl.java:setRole(171)) - c9117d98-403a-4e73-a5c3-67d4cb653b69:group-1D4CB5FED270 changes role from FOLLOWER to CANDIDATE at term 0 for changeToCandidate
2019-09-12 11:42:01,000 [Thread-741] INFO  impl.RoleInfo (RoleInfo.java:updateAndGet(143)) - c9117d98-403a-4e73-a5c3-67d4cb653b69: start LeaderElection
2019-09-12 11:42:01,048 [Thread-753] INFO  impl.FollowerState (FollowerState.java:run(106)) - 8b575f40-3d8f-4d38-a6fe-d6d3761177af:group-E9E972B62B8A changes to CANDIDATE, lastRpcTime:5017, electionTimeout:5017ms
2019-09-12 11:42:01,049 [Thread-753] INFO  impl.RoleInfo (RoleInfo.java:shutdownFollowerState(121)) - 8b575f40-3d8f-4d38-a6fe-d6d3761177af: shutdown FollowerState
2019-09-12 11:42:01,049 [Thread-753] INFO  impl.RaftServerImpl (RaftServerImpl.java:setRole(171)) - 8b575f40-3d8f-4d38-a6fe-d6d3761177af:group-E9E972B62B8A changes role from FOLLOWER to CANDIDATE at term 0 for changeToCandidate
2019-09-12 11:42:01,049 [Thread-753] INFO  impl.RoleInfo (RoleInfo.java:updateAndGet(143)) - 8b575f40-3d8f-4d38-a6fe-d6d3761177af: start LeaderElection
2019-09-12 11:42:01,065 [c9117d98-403a-4e73-a5c3-67d4cb653b69-SegmentedRaftLogWorker:Storage Directory /workdir/hadoop-ozone/ozonefs/target/test-dir/MiniOzoneClusterImpl-d4b21612-7553-42f8-bcad-6f2a2d0d7ac7/datanode-1/data/ratis/5e5ba2e1-582a-4e3b-a67d-e23a858ceffb] INFO  segmented.SegmentedRaftLogWorker (SegmentedRaftLogWorker.java:execute(569)) - c9117d98-403a-4e73-a5c3-67d4cb653b69-SegmentedRaftLogWorker:Storage Directory /workdir/hadoop-ozone/ozonefs/target/test-dir/MiniOzoneClusterImpl-d4b21612-7553-42f8-bcad-6f2a2d0d7ac7/datanode-1/data/ratis/5e5ba2e1-582a-4e3b-a67d-e23a858ceffb: created new log segment /workdir/hadoop-ozone/ozonefs/target/test-dir/MiniOzoneClusterImpl-d4b21612-7553-42f8-bcad-6f2a2d0d7ac7/datanode-1/data/ratis/5e5ba2e1-582a-4e3b-a67d-e23a858ceffb/current/log_inprogress_0
2019-09-12 11:42:01,065 [c9117d98-403a-4e73-a5c3-67d4cb653b69:group-1D4CB5FED270:LeaderElection48] INFO  impl.LeaderElection (LeaderElection.java:askForVotes(181)) - c9117d98-403a-4e73-a5c3-67d4cb653b69:group-1D4CB5FED270:LeaderElection48: begin an election at term 1 for -1: [c9117d98-403a-4e73-a5c3-67d4cb653b69:192.168.157.195:36936], old=null
2019-09-12 11:42:01,065 [8b575f40-3d8f-4d38-a6fe-d6d3761177af-SegmentedRaftLogWorker:Storage Directory /workdir/hadoop-ozone/ozonefs/target/test-dir/MiniOzoneClusterImpl-d4b21612-7553-42f8-bcad-6f2a2d0d7ac7/datanode-2/data/ratis/37d9b3c7-5561-4f57-9319-fa71dc050377] INFO  segmented.SegmentedRaftLogWorker (SegmentedRaftLogWorker.java:execute(569)) - 8b575f40-3d8f-4d38-a6fe-d6d3761177af-SegmentedRaftLogWorker:Storage Directory /workdir/hadoop-ozone/ozonefs/target/test-dir/MiniOzoneClusterImpl-d4b21612-7553-42f8-bcad-6f2a2d0d7ac7/datanode-2/data/ratis/37d9b3c7-5561-4f57-9319-fa71dc050377: created new log segment /workdir/hadoop-ozone/ozonefs/target/test-dir/MiniOzoneClusterImpl-d4b21612-7553-42f8-bcad-6f2a2d0d7ac7/datanode-2/data/ratis/37d9b3c7-5561-4f57-9319-fa71dc050377/current/log_inprogress_0
2019-09-12 11:42:01,066 [c9117d98-403a-4e73-a5c3-67d4cb653b69:group-1D4CB5FED270:LeaderElection48] INFO  impl.RoleInfo (RoleInfo.java:shutdownLeaderElection(134)) - c9117d98-403a-4e73-a5c3-67d4cb653b69: shutdown LeaderElection
2019-09-12 11:42:01,066 [8b575f40-3d8f-4d38-a6fe-d6d3761177af:group-E9E972B62B8A:LeaderElection49] INFO  impl.LeaderElection (LeaderElection.java:askForVotes(181)) - 8b575f40-3d8f-4d38-a6fe-d6d3761177af:group-E9E972B62B8A:LeaderElection49: begin an election at term 1 for -1: [8b575f40-3d8f-4d38-a6fe-d6d3761177af:192.168.157.195:33278], old=null
2019-09-12 11:42:01,066 [c9117d98-403a-4e73-a5c3-67d4cb653b69:group-1D4CB5FED270:LeaderElection48] INFO  impl.RaftServerImpl (RaftServerImpl.java:setRole(171)) - c9117d98-403a-4e73-a5c3-67d4cb653b69:group-1D4CB5FED270 changes role from CANDIDATE to LEADER at term 1 for changeToLeader
2019-09-12 11:42:01,066 [8b575f40-3d8f-4d38-a6fe-d6d3761177af:group-E9E972B62B8A:LeaderElection49] INFO  impl.RoleInfo (RoleInfo.java:shutdownLeaderElection(134)) - 8b575f40-3d8f-4d38-a6fe-d6d3761177af: shutdown LeaderElection
2019-09-12 11:42:01,066 [c9117d98-403a-4e73-a5c3-67d4cb653b69:group-1D4CB5FED270:LeaderElection48] INFO  impl.RaftServerImpl (ServerState.java:setLeader(263)) - c9117d98-403a-4e73-a5c3-67d4cb653b69:group-1D4CB5FED270 change Leader from null to c9117d98-403a-4e73-a5c3-67d4cb653b69 at term 1 for becomeLeader, leader elected after 5237ms
2019-09-12 11:42:01,067 [8b575f40-3d8f-4d38-a6fe-d6d3761177af:group-E9E972B62B8A:LeaderElection49] INFO  impl.RaftServerImpl (RaftServerImpl.java:setRole(171)) - 8b575f40-3d8f-4d38-a6fe-d6d3761177af:group-E9E972B62B8A changes role from CANDIDATE to LEADER at term 1 for changeToLeader
2019-09-12 11:42:01,067 [c9117d98-403a-4e73-a5c3-67d4cb653b69:group-1D4CB5FED270:LeaderElection48] INFO  server.RaftServerConfigKeys (ConfUtils.java:logGet(43)) - raft.server.staging.catchup.gap = 1000 (default)
2019-09-12 11:42:01,067 [8b575f40-3d8f-4d38-a6fe-d6d3761177af:group-E9E972B62B8A:LeaderElection49] INFO  impl.RaftServerImpl (ServerState.java:setLeader(263)) - 8b575f40-3d8f-4d38-a6fe-d6d3761177af:group-E9E972B62B8A change Leader from null to 8b575f40-3d8f-4d38-a6fe-d6d3761177af at term 1 for becomeLeader, leader elected after 5040ms
2019-09-12 11:42:01,067 [c9117d98-403a-4e73-a5c3-67d4cb653b69:group-1D4CB5FED270:LeaderElection48] INFO  server.RaftServerConfigKeys (ConfUtils.java:logGet(43)) - raft.server.rpc.sleep.time = 25ms (default)
2019-09-12 11:42:01,067 [8b575f40-3d8f-4d38-a6fe-d6d3761177af:group-E9E972B62B8A:LeaderElection49] INFO  server.RaftServerConfigKeys (ConfUtils.java:logGet(43)) - raft.server.staging.catchup.gap = 1000 (default)
2019-09-12 11:42:01,067 [c9117d98-403a-4e73-a5c3-67d4cb653b69:group-1D4CB5FED270:LeaderElection48] INFO  server.RaftServerConfigKeys (ConfUtils.java:logGet(43)) - raft.server.write.element-limit = 4096 (default)
2019-09-12 11:42:01,068 [8b575f40-3d8f-4d38-a6fe-d6d3761177af:group-E9E972B62B8A:LeaderElection49] INFO  server.RaftServerConfigKeys (ConfUtils.java:logGet(43)) - raft.server.rpc.sleep.time = 25ms (default)
2019-09-12 11:42:01,068 [c9117d98-403a-4e73-a5c3-67d4cb653b69:group-1D4CB5FED270:LeaderElection48] INFO  server.RaftServerConfigKeys (ConfUtils.java:logGet(43)) - raft.server.watch.timeout = 10s (default)
2019-09-12 11:42:01,068 [8b575f40-3d8f-4d38-a6fe-d6d3761177af:group-E9E972B62B8A:LeaderElection49] INFO  server.RaftServerConfigKeys (ConfUtils.java:logGet(43)) - raft.server.write.element-limit = 4096 (default)
2019-09-12 11:42:01,068 [c9117d98-403a-4e73-a5c3-67d4cb653b69:group-1D4CB5FED270:LeaderElection48] INFO  server.RaftServerConfigKeys (ConfUtils.java:logGet(43)) - raft.server.watch.timeout.denomination = 1s (default)
2019-09-12 11:42:01,068 [8b575f40-3d8f-4d38-a6fe-d6d3761177af:group-E9E972B62B8A:LeaderElection49] INFO  server.RaftServerConfigKeys (ConfUtils.java:logGet(43)) - raft.server.watch.timeout = 10s (default)
2019-09-12 11:42:01,068 [c9117d98-403a-4e73-a5c3-67d4cb653b69:group-1D4CB5FED270:LeaderElection48] INFO  server.RaftServerConfigKeys (ConfUtils.java:logGet(43)) - raft.server.watch.element-limit = 65536 (default)
2019-09-12 11:42:01,068 [8b575f40-3d8f-4d38-a6fe-d6d3761177af:group-E9E972B62B8A:LeaderElection49] INFO  server.RaftServerConfigKeys (ConfUtils.java:logGet(43)) - raft.server.watch.timeout.denomination = 1s (default)
2019-09-12 11:42:01,069 [c9117d98-403a-4e73-a5c3-67d4cb653b69:group-1D4CB5FED270:LeaderElection48] INFO  impl.RoleInfo (RoleInfo.java:updateAndGet(143)) - c9117d98-403a-4e73-a5c3-67d4cb653b69: start LeaderState
2019-09-12 11:42:01,069 [8b575f40-3d8f-4d38-a6fe-d6d3761177af:group-E9E972B62B8A:LeaderElection49] INFO  server.RaftServerConfigKeys (ConfUtils.java:logGet(43)) - raft.server.watch.element-limit = 65536 (default)
2019-09-12 11:42:01,069 [c9117d98-403a-4e73-a5c3-67d4cb653b69:group-1D4CB5FED270:LeaderElection48] INFO  segmented.SegmentedRaftLogWorker (SegmentedRaftLogWorker.java:startLogSegment(380)) - c9117d98-403a-4e73-a5c3-67d4cb653b69-SegmentedRaftLogWorker:Storage Directory /workdir/hadoop-ozone/ozonefs/target/test-dir/MiniOzoneClusterImpl-d4b21612-7553-42f8-bcad-6f2a2d0d7ac7/datanode-1/data/ratis/8f4acb89-1ed3-4d0a-bfc5-1d4cb5fed270: Starting segment from index:0
2019-09-12 11:42:01,069 [8b575f40-3d8f-4d38-a6fe-d6d3761177af:group-E9E972B62B8A:LeaderElection49] INFO  impl.RoleInfo (RoleInfo.java:updateAndGet(143)) - 8b575f40-3d8f-4d38-a6fe-d6d3761177af: start LeaderState
2019-09-12 11:42:01,070 [8b575f40-3d8f-4d38-a6fe-d6d3761177af:group-E9E972B62B8A:LeaderElection49] INFO  segmented.SegmentedRaftLogWorker (SegmentedRaftLogWorker.java:startLogSegment(380)) - 8b575f40-3d8f-4d38-a6fe-d6d3761177af-SegmentedRaftLogWorker:Storage Directory /workdir/hadoop-ozone/ozonefs/target/test-dir/MiniOzoneClusterImpl-d4b21612-7553-42f8-bcad-6f2a2d0d7ac7/datanode-2/data/ratis/cac68687-0415-4712-9d16-e9e972b62b8a: Starting segment from index:0
2019-09-12 11:42:01,070 [c9117d98-403a-4e73-a5c3-67d4cb653b69:group-1D4CB5FED270:LeaderElection48] INFO  impl.RaftServerImpl (ServerState.java:setRaftConf(361)) - c9117d98-403a-4e73-a5c3-67d4cb653b69:group-1D4CB5FED270 set configuration 0: [c9117d98-403a-4e73-a5c3-67d4cb653b69:192.168.157.195:36936], old=null at 0
2019-09-12 11:42:01,070 [8b575f40-3d8f-4d38-a6fe-d6d3761177af:group-E9E972B62B8A:LeaderElection49] INFO  impl.RaftServerImpl (ServerState.java:setRaftConf(361)) - 8b575f40-3d8f-4d38-a6fe-d6d3761177af:group-E9E972B62B8A set configuration 0: [8b575f40-3d8f-4d38-a6fe-d6d3761177af:192.168.157.195:33278], old=null at 0
2019-09-12 11:42:01,077 [Thread-747] INFO  impl.FollowerState (FollowerState.java:run(106)) - c9117d98-403a-4e73-a5c3-67d4cb653b69:group-1CE136FB66E1 changes to CANDIDATE, lastRpcTime:5140, electionTimeout:5140ms
2019-09-12 11:42:01,077 [Thread-747] INFO  impl.RoleInfo (RoleInfo.java:shutdownFollowerState(121)) - c9117d98-403a-4e73-a5c3-67d4cb653b69: shutdown FollowerState
2019-09-12 11:42:01,078 [Thread-747] INFO  impl.RaftServerImpl (RaftServerImpl.java:setRole(171)) - c9117d98-403a-4e73-a5c3-67d4cb653b69:group-1CE136FB66E1 changes role from FOLLOWER to CANDIDATE at term 0 for changeToCandidate
2019-09-12 11:42:01,078 [Thread-747] INFO  impl.RoleInfo (RoleInfo.java:updateAndGet(143)) - c9117d98-403a-4e73-a5c3-67d4cb653b69: start LeaderElection
2019-09-12 11:42:01,124 [c9117d98-403a-4e73-a5c3-67d4cb653b69-SegmentedRaftLogWorker:Storage Directory /workdir/hadoop-ozone/ozonefs/target/test-dir/MiniOzoneClusterImpl-d4b21612-7553-42f8-bcad-6f2a2d0d7ac7/datanode-1/data/ratis/8f4acb89-1ed3-4d0a-bfc5-1d4cb5fed270] INFO  segmented.SegmentedRaftLogWorker (SegmentedRaftLogWorker.java:execute(569)) - c9117d98-403a-4e73-a5c3-67d4cb653b69-SegmentedRaftLogWorker:Storage Directory /workdir/hadoop-ozone/ozonefs/target/test-dir/MiniOzoneClusterImpl-d4b21612-7553-42f8-bcad-6f2a2d0d7ac7/datanode-1/data/ratis/8f4acb89-1ed3-4d0a-bfc5-1d4cb5fed270: created new log segment /workdir/hadoop-ozone/ozonefs/target/test-dir/MiniOzoneClusterImpl-d4b21612-7553-42f8-bcad-6f2a2d0d7ac7/datanode-1/data/ratis/8f4acb89-1ed3-4d0a-bfc5-1d4cb5fed270/current/log_inprogress_0
2019-09-12 11:42:01,124 [c9117d98-403a-4e73-a5c3-67d4cb653b69:group-1CE136FB66E1:LeaderElection50] INFO  impl.LeaderElection (LeaderElection.java:askForVotes(181)) - c9117d98-403a-4e73-a5c3-67d4cb653b69:group-1CE136FB66E1:LeaderElection50: begin an election at term 1 for -1: [c9117d98-403a-4e73-a5c3-67d4cb653b69:192.168.157.195:36936], old=null
2019-09-12 11:42:01,124 [8b575f40-3d8f-4d38-a6fe-d6d3761177af-SegmentedRaftLogWorker:Storage Directory /workdir/hadoop-ozone/ozonefs/target/test-dir/MiniOzoneClusterImpl-d4b21612-7553-42f8-bcad-6f2a2d0d7ac7/datanode-2/data/ratis/cac68687-0415-4712-9d16-e9e972b62b8a] INFO  segmented.SegmentedRaftLogWorker (SegmentedRaftLogWorker.java:execute(569)) - 8b575f40-3d8f-4d38-a6fe-d6d3761177af-SegmentedRaftLogWorker:Storage Directory /workdir/hadoop-ozone/ozonefs/target/test-dir/MiniOzoneClusterImpl-d4b21612-7553-42f8-bcad-6f2a2d0d7ac7/datanode-2/data/ratis/cac68687-0415-4712-9d16-e9e972b62b8a: created new log segment /workdir/hadoop-ozone/ozonefs/target/test-dir/MiniOzoneClusterImpl-d4b21612-7553-42f8-bcad-6f2a2d0d7ac7/datanode-2/data/ratis/cac68687-0415-4712-9d16-e9e972b62b8a/current/log_inprogress_0
2019-09-12 11:42:01,125 [c9117d98-403a-4e73-a5c3-67d4cb653b69:group-1CE136FB66E1:LeaderElection50] INFO  impl.RoleInfo (RoleInfo.java:shutdownLeaderElection(134)) - c9117d98-403a-4e73-a5c3-67d4cb653b69: shutdown LeaderElection
2019-09-12 11:42:01,125 [c9117d98-403a-4e73-a5c3-67d4cb653b69:group-1CE136FB66E1:LeaderElection50] INFO  impl.RaftServerImpl (RaftServerImpl.java:setRole(171)) - c9117d98-403a-4e73-a5c3-67d4cb653b69:group-1CE136FB66E1 changes role from CANDIDATE to LEADER at term 1 for changeToLeader
2019-09-12 11:42:01,125 [c9117d98-403a-4e73-a5c3-67d4cb653b69:group-1CE136FB66E1:LeaderElection50] INFO  impl.RaftServerImpl (ServerState.java:setLeader(263)) - c9117d98-403a-4e73-a5c3-67d4cb653b69:group-1CE136FB66E1 change Leader from null to c9117d98-403a-4e73-a5c3-67d4cb653b69 at term 1 for becomeLeader, leader elected after 5192ms
2019-09-12 11:42:01,125 [c9117d98-403a-4e73-a5c3-67d4cb653b69:group-1CE136FB66E1:LeaderElection50] INFO  server.RaftServerConfigKeys (ConfUtils.java:logGet(43)) - raft.server.staging.catchup.gap = 1000 (default)
2019-09-12 11:42:01,125 [c9117d98-403a-4e73-a5c3-67d4cb653b69:group-1CE136FB66E1:LeaderElection50] INFO  server.RaftServerConfigKeys (ConfUtils.java:logGet(43)) - raft.server.rpc.sleep.time = 25ms (default)
2019-09-12 11:42:01,126 [c9117d98-403a-4e73-a5c3-67d4cb653b69:group-1CE136FB66E1:LeaderElection50] INFO  server.RaftServerConfigKeys (ConfUtils.java:logGet(43)) - raft.server.write.element-limit = 4096 (default)
2019-09-12 11:42:01,126 [c9117d98-403a-4e73-a5c3-67d4cb653b69:group-1CE136FB66E1:LeaderElection50] INFO  server.RaftServerConfigKeys (ConfUtils.java:logGet(43)) - raft.server.watch.timeout = 10s (default)
2019-09-12 11:42:01,126 [c9117d98-403a-4e73-a5c3-67d4cb653b69:group-1CE136FB66E1:LeaderElection50] INFO  server.RaftServerConfigKeys (ConfUtils.java:logGet(43)) - raft.server.watch.timeout.denomination = 1s (default)
2019-09-12 11:42:01,126 [c9117d98-403a-4e73-a5c3-67d4cb653b69:group-1CE136FB66E1:LeaderElection50] INFO  server.RaftServerConfigKeys (ConfUtils.java:logGet(43)) - raft.server.watch.element-limit = 65536 (default)
2019-09-12 11:42:01,126 [Thread-759] INFO  impl.FollowerState (FollowerState.java:run(106)) - 8b575f40-3d8f-4d38-a6fe-d6d3761177af:group-00712A9343BB changes to CANDIDATE, lastRpcTime:5020, electionTimeout:5020ms
2019-09-12 11:42:01,127 [c9117d98-403a-4e73-a5c3-67d4cb653b69:group-1CE136FB66E1:LeaderElection50] INFO  impl.RoleInfo (RoleInfo.java:updateAndGet(143)) - c9117d98-403a-4e73-a5c3-67d4cb653b69: start LeaderState
2019-09-12 11:42:01,127 [Thread-759] INFO  impl.RoleInfo (RoleInfo.java:shutdownFollowerState(121)) - 8b575f40-3d8f-4d38-a6fe-d6d3761177af: shutdown FollowerState
2019-09-12 11:42:01,127 [Thread-759] INFO  impl.RaftServerImpl (RaftServerImpl.java:setRole(171)) - 8b575f40-3d8f-4d38-a6fe-d6d3761177af:group-00712A9343BB changes role from FOLLOWER to CANDIDATE at term 0 for changeToCandidate
2019-09-12 11:42:01,127 [c9117d98-403a-4e73-a5c3-67d4cb653b69:group-1CE136FB66E1:LeaderElection50] INFO  segmented.SegmentedRaftLogWorker (SegmentedRaftLogWorker.java:startLogSegment(380)) - c9117d98-403a-4e73-a5c3-67d4cb653b69-SegmentedRaftLogWorker:Storage Directory /workdir/hadoop-ozone/ozonefs/target/test-dir/MiniOzoneClusterImpl-d4b21612-7553-42f8-bcad-6f2a2d0d7ac7/datanode-1/data/ratis/ee2ef6da-ccfd-4927-a6e4-1ce136fb66e1: Starting segment from index:0
2019-09-12 11:42:01,127 [Thread-759] INFO  impl.RoleInfo (RoleInfo.java:updateAndGet(143)) - 8b575f40-3d8f-4d38-a6fe-d6d3761177af: start LeaderElection
2019-09-12 11:42:01,171 [c9117d98-403a-4e73-a5c3-67d4cb653b69:group-1CE136FB66E1:LeaderElection50] INFO  impl.RaftServerImpl (ServerState.java:setRaftConf(361)) - c9117d98-403a-4e73-a5c3-67d4cb653b69:group-1CE136FB66E1 set configuration 0: [c9117d98-403a-4e73-a5c3-67d4cb653b69:192.168.157.195:36936], old=null at 0
2019-09-12 11:42:01,184 [c9117d98-403a-4e73-a5c3-67d4cb653b69-SegmentedRaftLogWorker:Storage Directory /workdir/hadoop-ozone/ozonefs/target/test-dir/MiniOzoneClusterImpl-d4b21612-7553-42f8-bcad-6f2a2d0d7ac7/datanode-1/data/ratis/ee2ef6da-ccfd-4927-a6e4-1ce136fb66e1] INFO  segmented.SegmentedRaftLogWorker (SegmentedRaftLogWorker.java:execute(569)) - c9117d98-403a-4e73-a5c3-67d4cb653b69-SegmentedRaftLogWorker:Storage Directory /workdir/hadoop-ozone/ozonefs/target/test-dir/MiniOzoneClusterImpl-d4b21612-7553-42f8-bcad-6f2a2d0d7ac7/datanode-1/data/ratis/ee2ef6da-ccfd-4927-a6e4-1ce136fb66e1: created new log segment /workdir/hadoop-ozone/ozonefs/target/test-dir/MiniOzoneClusterImpl-d4b21612-7553-42f8-bcad-6f2a2d0d7ac7/datanode-1/data/ratis/ee2ef6da-ccfd-4927-a6e4-1ce136fb66e1/current/log_inprogress_0
2019-09-12 11:42:01,185 [8b575f40-3d8f-4d38-a6fe-d6d3761177af:group-00712A9343BB:LeaderElection51] INFO  impl.LeaderElection (LeaderElection.java:askForVotes(181)) - 8b575f40-3d8f-4d38-a6fe-d6d3761177af:group-00712A9343BB:LeaderElection51: begin an election at term 1 for -1: [8b575f40-3d8f-4d38-a6fe-d6d3761177af:192.168.157.195:33278], old=null
2019-09-12 11:42:01,185 [8b575f40-3d8f-4d38-a6fe-d6d3761177af:group-00712A9343BB:LeaderElection51] INFO  impl.RoleInfo (RoleInfo.java:shutdownLeaderElection(134)) - 8b575f40-3d8f-4d38-a6fe-d6d3761177af: shutdown LeaderElection
2019-09-12 11:42:01,185 [8b575f40-3d8f-4d38-a6fe-d6d3761177af:group-00712A9343BB:LeaderElection51] INFO  impl.RaftServerImpl (RaftServerImpl.java:setRole(171)) - 8b575f40-3d8f-4d38-a6fe-d6d3761177af:group-00712A9343BB changes role from CANDIDATE to LEADER at term 1 for changeToLeader
2019-09-12 11:42:01,185 [8b575f40-3d8f-4d38-a6fe-d6d3761177af:group-00712A9343BB:LeaderElection51] INFO  impl.RaftServerImpl (ServerState.java:setLeader(263)) - 8b575f40-3d8f-4d38-a6fe-d6d3761177af:group-00712A9343BB change Leader from null to 8b575f40-3d8f-4d38-a6fe-d6d3761177af at term 1 for becomeLeader, leader elected after 5082ms
2019-09-12 11:42:01,185 [8b575f40-3d8f-4d38-a6fe-d6d3761177af:group-00712A9343BB:LeaderElection51] INFO  server.RaftServerConfigKeys (ConfUtils.java:logGet(43)) - raft.server.staging.catchup.gap = 1000 (default)
2019-09-12 11:42:01,186 [8b575f40-3d8f-4d38-a6fe-d6d3761177af:group-00712A9343BB:LeaderElection51] INFO  server.RaftServerConfigKeys (ConfUtils.java:logGet(43)) - raft.server.rpc.sleep.time = 25ms (default)
2019-09-12 11:42:01,186 [8b575f40-3d8f-4d38-a6fe-d6d3761177af:group-00712A9343BB:LeaderElection51] INFO  server.RaftServerConfigKeys (ConfUtils.java:logGet(43)) - raft.server.write.element-limit = 4096 (default)
2019-09-12 11:42:01,186 [8b575f40-3d8f-4d38-a6fe-d6d3761177af:group-00712A9343BB:LeaderElection51] INFO  server.RaftServerConfigKeys (ConfUtils.java:logGet(43)) - raft.server.watch.timeout = 10s (default)
2019-09-12 11:42:01,186 [8b575f40-3d8f-4d38-a6fe-d6d3761177af:group-00712A9343BB:LeaderElection51] INFO  server.RaftServerConfigKeys (ConfUtils.java:logGet(43)) - raft.server.watch.timeout.denomination = 1s (default)
2019-09-12 11:42:01,186 [8b575f40-3d8f-4d38-a6fe-d6d3761177af:group-00712A9343BB:LeaderElection51] INFO  server.RaftServerConfigKeys (ConfUtils.java:logGet(43)) - raft.server.watch.element-limit = 65536 (default)
2019-09-12 11:42:01,187 [8b575f40-3d8f-4d38-a6fe-d6d3761177af:group-00712A9343BB:LeaderElection51] INFO  impl.RoleInfo (RoleInfo.java:updateAndGet(143)) - 8b575f40-3d8f-4d38-a6fe-d6d3761177af: start LeaderState
2019-09-12 11:42:01,187 [8b575f40-3d8f-4d38-a6fe-d6d3761177af:group-00712A9343BB:LeaderElection51] INFO  segmented.SegmentedRaftLogWorker (SegmentedRaftLogWorker.java:startLogSegment(380)) - 8b575f40-3d8f-4d38-a6fe-d6d3761177af-SegmentedRaftLogWorker:Storage Directory /workdir/hadoop-ozone/ozonefs/target/test-dir/MiniOzoneClusterImpl-d4b21612-7553-42f8-bcad-6f2a2d0d7ac7/datanode-2/data/ratis/aaa3b400-86ac-46e5-87e7-00712a9343bb: Starting segment from index:0
2019-09-12 11:42:01,188 [8b575f40-3d8f-4d38-a6fe-d6d3761177af:group-00712A9343BB:LeaderElection51] INFO  impl.RaftServerImpl (ServerState.java:setRaftConf(361)) - 8b575f40-3d8f-4d38-a6fe-d6d3761177af:group-00712A9343BB set configuration 0: [8b575f40-3d8f-4d38-a6fe-d6d3761177af:192.168.157.195:33278], old=null at 0
2019-09-12 11:42:01,233 [Thread-765] INFO  impl.FollowerState (FollowerState.java:run(106)) - 8b575f40-3d8f-4d38-a6fe-d6d3761177af:group-A958DE9E43A2 changes to CANDIDATE, lastRpcTime:5049, electionTimeout:5049ms
2019-09-12 11:42:01,233 [Thread-765] INFO  impl.RoleInfo (RoleInfo.java:shutdownFollowerState(121)) - 8b575f40-3d8f-4d38-a6fe-d6d3761177af: shutdown FollowerState
2019-09-12 11:42:01,234 [Thread-765] INFO  impl.RaftServerImpl (RaftServerImpl.java:setRole(171)) - 8b575f40-3d8f-4d38-a6fe-d6d3761177af:group-A958DE9E43A2 changes role from FOLLOWER to CANDIDATE at term 0 for changeToCandidate
2019-09-12 11:42:01,234 [Thread-765] INFO  impl.RoleInfo (RoleInfo.java:updateAndGet(143)) - 8b575f40-3d8f-4d38-a6fe-d6d3761177af: start LeaderElection
2019-09-12 11:42:01,237 [8b575f40-3d8f-4d38-a6fe-d6d3761177af-SegmentedRaftLogWorker:Storage Directory /workdir/hadoop-ozone/ozonefs/target/test-dir/MiniOzoneClusterImpl-d4b21612-7553-42f8-bcad-6f2a2d0d7ac7/datanode-2/data/ratis/aaa3b400-86ac-46e5-87e7-00712a9343bb] INFO  segmented.SegmentedRaftLogWorker (SegmentedRaftLogWorker.java:execute(569)) - 8b575f40-3d8f-4d38-a6fe-d6d3761177af-SegmentedRaftLogWorker:Storage Directory /workdir/hadoop-ozone/ozonefs/target/test-dir/MiniOzoneClusterImpl-d4b21612-7553-42f8-bcad-6f2a2d0d7ac7/datanode-2/data/ratis/aaa3b400-86ac-46e5-87e7-00712a9343bb: created new log segment /workdir/hadoop-ozone/ozonefs/target/test-dir/MiniOzoneClusterImpl-d4b21612-7553-42f8-bcad-6f2a2d0d7ac7/datanode-2/data/ratis/aaa3b400-86ac-46e5-87e7-00712a9343bb/current/log_inprogress_0
2019-09-12 11:42:01,239 [8b575f40-3d8f-4d38-a6fe-d6d3761177af:group-A958DE9E43A2:LeaderElection52] INFO  impl.LeaderElection (LeaderElection.java:askForVotes(181)) - 8b575f40-3d8f-4d38-a6fe-d6d3761177af:group-A958DE9E43A2:LeaderElection52: begin an election at term 1 for -1: [8b575f40-3d8f-4d38-a6fe-d6d3761177af:192.168.157.195:33278], old=null
2019-09-12 11:42:01,239 [8b575f40-3d8f-4d38-a6fe-d6d3761177af:group-A958DE9E43A2:LeaderElection52] INFO  impl.RoleInfo (RoleInfo.java:shutdownLeaderElection(134)) - 8b575f40-3d8f-4d38-a6fe-d6d3761177af: shutdown LeaderElection
2019-09-12 11:42:01,239 [8b575f40-3d8f-4d38-a6fe-d6d3761177af:group-A958DE9E43A2:LeaderElection52] INFO  impl.RaftServerImpl (RaftServerImpl.java:setRole(171)) - 8b575f40-3d8f-4d38-a6fe-d6d3761177af:group-A958DE9E43A2 changes role from CANDIDATE to LEADER at term 1 for changeToLeader
2019-09-12 11:42:01,239 [8b575f40-3d8f-4d38-a6fe-d6d3761177af:group-A958DE9E43A2:LeaderElection52] INFO  impl.RaftServerImpl (ServerState.java:setLeader(263)) - 8b575f40-3d8f-4d38-a6fe-d6d3761177af:group-A958DE9E43A2 change Leader from null to 8b575f40-3d8f-4d38-a6fe-d6d3761177af at term 1 for becomeLeader, leader elected after 5058ms
2019-09-12 11:42:01,239 [8b575f40-3d8f-4d38-a6fe-d6d3761177af:group-A958DE9E43A2:LeaderElection52] INFO  server.RaftServerConfigKeys (ConfUtils.java:logGet(43)) - raft.server.staging.catchup.gap = 1000 (default)
2019-09-12 11:42:01,239 [8b575f40-3d8f-4d38-a6fe-d6d3761177af:group-A958DE9E43A2:LeaderElection52] INFO  server.RaftServerConfigKeys (ConfUtils.java:logGet(43)) - raft.server.rpc.sleep.time = 25ms (default)
2019-09-12 11:42:01,240 [8b575f40-3d8f-4d38-a6fe-d6d3761177af:group-A958DE9E43A2:LeaderElection52] INFO  server.RaftServerConfigKeys (ConfUtils.java:logGet(43)) - raft.server.write.element-limit = 4096 (default)
2019-09-12 11:42:01,240 [8b575f40-3d8f-4d38-a6fe-d6d3761177af:group-A958DE9E43A2:LeaderElection52] INFO  server.RaftServerConfigKeys (ConfUtils.java:logGet(43)) - raft.server.watch.timeout = 10s (default)
2019-09-12 11:42:01,240 [8b575f40-3d8f-4d38-a6fe-d6d3761177af:group-A958DE9E43A2:LeaderElection52] INFO  server.RaftServerConfigKeys (ConfUtils.java:logGet(43)) - raft.server.watch.timeout.denomination = 1s (default)
2019-09-12 11:42:01,240 [8b575f40-3d8f-4d38-a6fe-d6d3761177af:group-A958DE9E43A2:LeaderElection52] INFO  server.RaftServerConfigKeys (ConfUtils.java:logGet(43)) - raft.server.watch.element-limit = 65536 (default)
2019-09-12 11:42:01,240 [8b575f40-3d8f-4d38-a6fe-d6d3761177af:group-A958DE9E43A2:LeaderElection52] INFO  impl.RoleInfo (RoleInfo.java:updateAndGet(143)) - 8b575f40-3d8f-4d38-a6fe-d6d3761177af: start LeaderState
2019-09-12 11:42:01,241 [8b575f40-3d8f-4d38-a6fe-d6d3761177af:group-A958DE9E43A2:LeaderElection52] INFO  segmented.SegmentedRaftLogWorker (SegmentedRaftLogWorker.java:startLogSegment(380)) - 8b575f40-3d8f-4d38-a6fe-d6d3761177af-SegmentedRaftLogWorker:Storage Directory /workdir/hadoop-ozone/ozonefs/target/test-dir/MiniOzoneClusterImpl-d4b21612-7553-42f8-bcad-6f2a2d0d7ac7/datanode-2/data/ratis/56f50a56-6ddb-44e6-a0dd-a958de9e43a2: Starting segment from index:0
2019-09-12 11:42:01,241 [8b575f40-3d8f-4d38-a6fe-d6d3761177af:group-A958DE9E43A2:LeaderElection52] INFO  impl.RaftServerImpl (ServerState.java:setRaftConf(361)) - 8b575f40-3d8f-4d38-a6fe-d6d3761177af:group-A958DE9E43A2 set configuration 0: [8b575f40-3d8f-4d38-a6fe-d6d3761177af:192.168.157.195:33278], old=null at 0
2019-09-12 11:42:01,268 [Thread-756] INFO  impl.FollowerState (FollowerState.java:run(106)) - 8b575f40-3d8f-4d38-a6fe-d6d3761177af:group-E157148184BD changes to CANDIDATE, lastRpcTime:5194, electionTimeout:5194ms
2019-09-12 11:42:01,269 [Thread-756] INFO  impl.RoleInfo (RoleInfo.java:shutdownFollowerState(121)) - 8b575f40-3d8f-4d38-a6fe-d6d3761177af: shutdown FollowerState
2019-09-12 11:42:01,269 [Thread-756] INFO  impl.RaftServerImpl (RaftServerImpl.java:setRole(171)) - 8b575f40-3d8f-4d38-a6fe-d6d3761177af:group-E157148184BD changes role from FOLLOWER to CANDIDATE at term 0 for changeToCandidate
2019-09-12 11:42:01,269 [Thread-756] INFO  impl.RoleInfo (RoleInfo.java:updateAndGet(143)) - 8b575f40-3d8f-4d38-a6fe-d6d3761177af: start LeaderElection
2019-09-12 11:42:01,295 [8b575f40-3d8f-4d38-a6fe-d6d3761177af-SegmentedRaftLogWorker:Storage Directory /workdir/hadoop-ozone/ozonefs/target/test-dir/MiniOzoneClusterImpl-d4b21612-7553-42f8-bcad-6f2a2d0d7ac7/datanode-2/data/ratis/56f50a56-6ddb-44e6-a0dd-a958de9e43a2] INFO  segmented.SegmentedRaftLogWorker (SegmentedRaftLogWorker.java:execute(569)) - 8b575f40-3d8f-4d38-a6fe-d6d3761177af-SegmentedRaftLogWorker:Storage Directory /workdir/hadoop-ozone/ozonefs/target/test-dir/MiniOzoneClusterImpl-d4b21612-7553-42f8-bcad-6f2a2d0d7ac7/datanode-2/data/ratis/56f50a56-6ddb-44e6-a0dd-a958de9e43a2: created new log segment /workdir/hadoop-ozone/ozonefs/target/test-dir/MiniOzoneClusterImpl-d4b21612-7553-42f8-bcad-6f2a2d0d7ac7/datanode-2/data/ratis/56f50a56-6ddb-44e6-a0dd-a958de9e43a2/current/log_inprogress_0
2019-09-12 11:42:01,295 [8b575f40-3d8f-4d38-a6fe-d6d3761177af:group-E157148184BD:LeaderElection53] INFO  impl.LeaderElection (LeaderElection.java:askForVotes(181)) - 8b575f40-3d8f-4d38-a6fe-d6d3761177af:group-E157148184BD:LeaderElection53: begin an election at term 1 for -1: [8b575f40-3d8f-4d38-a6fe-d6d3761177af:192.168.157.195:33278], old=null
2019-09-12 11:42:01,296 [8b575f40-3d8f-4d38-a6fe-d6d3761177af:group-E157148184BD:LeaderElection53] INFO  impl.RoleInfo (RoleInfo.java:shutdownLeaderElection(134)) - 8b575f40-3d8f-4d38-a6fe-d6d3761177af: shutdown LeaderElection
2019-09-12 11:42:01,296 [8b575f40-3d8f-4d38-a6fe-d6d3761177af:group-E157148184BD:LeaderElection53] INFO  impl.RaftServerImpl (RaftServerImpl.java:setRole(171)) - 8b575f40-3d8f-4d38-a6fe-d6d3761177af:group-E157148184BD changes role from CANDIDATE to LEADER at term 1 for changeToLeader
2019-09-12 11:42:01,296 [8b575f40-3d8f-4d38-a6fe-d6d3761177af:group-E157148184BD:LeaderElection53] INFO  impl.RaftServerImpl (ServerState.java:setLeader(263)) - 8b575f40-3d8f-4d38-a6fe-d6d3761177af:group-E157148184BD change Leader from null to 8b575f40-3d8f-4d38-a6fe-d6d3761177af at term 1 for becomeLeader, leader elected after 5226ms
2019-09-12 11:42:01,296 [8b575f40-3d8f-4d38-a6fe-d6d3761177af:group-E157148184BD:LeaderElection53] INFO  server.RaftServerConfigKeys (ConfUtils.java:logGet(43)) - raft.server.staging.catchup.gap = 1000 (default)
2019-09-12 11:42:01,296 [8b575f40-3d8f-4d38-a6fe-d6d3761177af:group-E157148184BD:LeaderElection53] INFO  server.RaftServerConfigKeys (ConfUtils.java:logGet(43)) - raft.server.rpc.sleep.time = 25ms (default)
2019-09-12 11:42:01,297 [8b575f40-3d8f-4d38-a6fe-d6d3761177af:group-E157148184BD:LeaderElection53] INFO  server.RaftServerConfigKeys (ConfUtils.java:logGet(43)) - raft.server.write.element-limit = 4096 (default)
2019-09-12 11:42:01,297 [8b575f40-3d8f-4d38-a6fe-d6d3761177af:group-E157148184BD:LeaderElection53] INFO  server.RaftServerConfigKeys (ConfUtils.java:logGet(43)) - raft.server.watch.timeout = 10s (default)
2019-09-12 11:42:01,297 [8b575f40-3d8f-4d38-a6fe-d6d3761177af:group-E157148184BD:LeaderElection53] INFO  server.RaftServerConfigKeys (ConfUtils.java:logGet(43)) - raft.server.watch.timeout.denomination = 1s (default)
2019-09-12 11:42:01,297 [8b575f40-3d8f-4d38-a6fe-d6d3761177af:group-E157148184BD:LeaderElection53] INFO  server.RaftServerConfigKeys (ConfUtils.java:logGet(43)) - raft.server.watch.element-limit = 65536 (default)
2019-09-12 11:42:01,298 [8b575f40-3d8f-4d38-a6fe-d6d3761177af:group-E157148184BD:LeaderElection53] INFO  impl.RoleInfo (RoleInfo.java:updateAndGet(143)) - 8b575f40-3d8f-4d38-a6fe-d6d3761177af: start LeaderState
2019-09-12 11:42:01,298 [8b575f40-3d8f-4d38-a6fe-d6d3761177af:group-E157148184BD:LeaderElection53] INFO  segmented.SegmentedRaftLogWorker (SegmentedRaftLogWorker.java:startLogSegment(380)) - 8b575f40-3d8f-4d38-a6fe-d6d3761177af-SegmentedRaftLogWorker:Storage Directory /workdir/hadoop-ozone/ozonefs/target/test-dir/MiniOzoneClusterImpl-d4b21612-7553-42f8-bcad-6f2a2d0d7ac7/datanode-2/data/ratis/dcadb9fd-d800-4b42-b1e7-e157148184bd: Starting segment from index:0
2019-09-12 11:42:01,299 [8b575f40-3d8f-4d38-a6fe-d6d3761177af:group-E157148184BD:LeaderElection53] INFO  impl.RaftServerImpl (ServerState.java:setRaftConf(361)) - 8b575f40-3d8f-4d38-a6fe-d6d3761177af:group-E157148184BD set configuration 0: [8b575f40-3d8f-4d38-a6fe-d6d3761177af:192.168.157.195:33278], old=null at 0
2019-09-12 11:42:01,343 [Thread-762] INFO  impl.FollowerState (FollowerState.java:run(106)) - 8b575f40-3d8f-4d38-a6fe-d6d3761177af:group-750949030ADC changes to CANDIDATE, lastRpcTime:5200, electionTimeout:5200ms
2019-09-12 11:42:01,343 [Thread-762] INFO  impl.RoleInfo (RoleInfo.java:shutdownFollowerState(121)) - 8b575f40-3d8f-4d38-a6fe-d6d3761177af: shutdown FollowerState
2019-09-12 11:42:01,343 [Thread-762] INFO  impl.RaftServerImpl (RaftServerImpl.java:setRole(171)) - 8b575f40-3d8f-4d38-a6fe-d6d3761177af:group-750949030ADC changes role from FOLLOWER to CANDIDATE at term 0 for changeToCandidate
2019-09-12 11:42:01,343 [Thread-762] INFO  impl.RoleInfo (RoleInfo.java:updateAndGet(143)) - 8b575f40-3d8f-4d38-a6fe-d6d3761177af: start LeaderElection
2019-09-12 11:42:01,353 [8b575f40-3d8f-4d38-a6fe-d6d3761177af-SegmentedRaftLogWorker:Storage Directory /workdir/hadoop-ozone/ozonefs/target/test-dir/MiniOzoneClusterImpl-d4b21612-7553-42f8-bcad-6f2a2d0d7ac7/datanode-2/data/ratis/dcadb9fd-d800-4b42-b1e7-e157148184bd] INFO  segmented.SegmentedRaftLogWorker (SegmentedRaftLogWorker.java:execute(569)) - 8b575f40-3d8f-4d38-a6fe-d6d3761177af-SegmentedRaftLogWorker:Storage Directory /workdir/hadoop-ozone/ozonefs/target/test-dir/MiniOzoneClusterImpl-d4b21612-7553-42f8-bcad-6f2a2d0d7ac7/datanode-2/data/ratis/dcadb9fd-d800-4b42-b1e7-e157148184bd: created new log segment /workdir/hadoop-ozone/ozonefs/target/test-dir/MiniOzoneClusterImpl-d4b21612-7553-42f8-bcad-6f2a2d0d7ac7/datanode-2/data/ratis/dcadb9fd-d800-4b42-b1e7-e157148184bd/current/log_inprogress_0
2019-09-12 11:42:01,353 [8b575f40-3d8f-4d38-a6fe-d6d3761177af:group-750949030ADC:LeaderElection54] INFO  impl.LeaderElection (LeaderElection.java:askForVotes(181)) - 8b575f40-3d8f-4d38-a6fe-d6d3761177af:group-750949030ADC:LeaderElection54: begin an election at term 1 for -1: [8b575f40-3d8f-4d38-a6fe-d6d3761177af:192.168.157.195:33278], old=null
2019-09-12 11:42:01,353 [8b575f40-3d8f-4d38-a6fe-d6d3761177af:group-750949030ADC:LeaderElection54] INFO  impl.RoleInfo (RoleInfo.java:shutdownLeaderElection(134)) - 8b575f40-3d8f-4d38-a6fe-d6d3761177af: shutdown LeaderElection
2019-09-12 11:42:01,354 [8b575f40-3d8f-4d38-a6fe-d6d3761177af:group-750949030ADC:LeaderElection54] INFO  impl.RaftServerImpl (RaftServerImpl.java:setRole(171)) - 8b575f40-3d8f-4d38-a6fe-d6d3761177af:group-750949030ADC changes role from CANDIDATE to LEADER at term 1 for changeToLeader
2019-09-12 11:42:01,354 [8b575f40-3d8f-4d38-a6fe-d6d3761177af:group-750949030ADC:LeaderElection54] INFO  impl.RaftServerImpl (ServerState.java:setLeader(263)) - 8b575f40-3d8f-4d38-a6fe-d6d3761177af:group-750949030ADC change Leader from null to 8b575f40-3d8f-4d38-a6fe-d6d3761177af at term 1 for becomeLeader, leader elected after 5214ms
2019-09-12 11:42:01,354 [8b575f40-3d8f-4d38-a6fe-d6d3761177af:group-750949030ADC:LeaderElection54] INFO  server.RaftServerConfigKeys (ConfUtils.java:logGet(43)) - raft.server.staging.catchup.gap = 1000 (default)
2019-09-12 11:42:01,354 [8b575f40-3d8f-4d38-a6fe-d6d3761177af:group-750949030ADC:LeaderElection54] INFO  server.RaftServerConfigKeys (ConfUtils.java:logGet(43)) - raft.server.rpc.sleep.time = 25ms (default)
2019-09-12 11:42:01,355 [8b575f40-3d8f-4d38-a6fe-d6d3761177af:group-750949030ADC:LeaderElection54] INFO  server.RaftServerConfigKeys (ConfUtils.java:logGet(43)) - raft.server.write.element-limit = 4096 (default)
2019-09-12 11:42:01,355 [8b575f40-3d8f-4d38-a6fe-d6d3761177af:group-750949030ADC:LeaderElection54] INFO  server.RaftServerConfigKeys (ConfUtils.java:logGet(43)) - raft.server.watch.timeout = 10s (default)
2019-09-12 11:42:01,355 [8b575f40-3d8f-4d38-a6fe-d6d3761177af:group-750949030ADC:LeaderElection54] INFO  server.RaftServerConfigKeys (ConfUtils.java:logGet(43)) - raft.server.watch.timeout.denomination = 1s (default)
2019-09-12 11:42:01,355 [8b575f40-3d8f-4d38-a6fe-d6d3761177af:group-750949030ADC:LeaderElection54] INFO  server.RaftServerConfigKeys (ConfUtils.java:logGet(43)) - raft.server.watch.element-limit = 65536 (default)
2019-09-12 11:42:01,355 [8b575f40-3d8f-4d38-a6fe-d6d3761177af:group-750949030ADC:LeaderElection54] INFO  impl.RoleInfo (RoleInfo.java:updateAndGet(143)) - 8b575f40-3d8f-4d38-a6fe-d6d3761177af: start LeaderState
2019-09-12 11:42:01,356 [8b575f40-3d8f-4d38-a6fe-d6d3761177af:group-750949030ADC:LeaderElection54] INFO  segmented.SegmentedRaftLogWorker (SegmentedRaftLogWorker.java:startLogSegment(380)) - 8b575f40-3d8f-4d38-a6fe-d6d3761177af-SegmentedRaftLogWorker:Storage Directory /workdir/hadoop-ozone/ozonefs/target/test-dir/MiniOzoneClusterImpl-d4b21612-7553-42f8-bcad-6f2a2d0d7ac7/datanode-2/data/ratis/e4d8f66d-e451-4cc5-a92b-750949030adc: Starting segment from index:0
2019-09-12 11:42:01,356 [8b575f40-3d8f-4d38-a6fe-d6d3761177af:group-750949030ADC:LeaderElection54] INFO  impl.RaftServerImpl (ServerState.java:setRaftConf(361)) - 8b575f40-3d8f-4d38-a6fe-d6d3761177af:group-750949030ADC set configuration 0: [8b575f40-3d8f-4d38-a6fe-d6d3761177af:192.168.157.195:33278], old=null at 0
2019-09-12 11:42:01,407 [8b575f40-3d8f-4d38-a6fe-d6d3761177af-SegmentedRaftLogWorker:Storage Directory /workdir/hadoop-ozone/ozonefs/target/test-dir/MiniOzoneClusterImpl-d4b21612-7553-42f8-bcad-6f2a2d0d7ac7/datanode-2/data/ratis/e4d8f66d-e451-4cc5-a92b-750949030adc] INFO  segmented.SegmentedRaftLogWorker (SegmentedRaftLogWorker.java:execute(569)) - 8b575f40-3d8f-4d38-a6fe-d6d3761177af-SegmentedRaftLogWorker:Storage Directory /workdir/hadoop-ozone/ozonefs/target/test-dir/MiniOzoneClusterImpl-d4b21612-7553-42f8-bcad-6f2a2d0d7ac7/datanode-2/data/ratis/e4d8f66d-e451-4cc5-a92b-750949030adc: created new log segment /workdir/hadoop-ozone/ozonefs/target/test-dir/MiniOzoneClusterImpl-d4b21612-7553-42f8-bcad-6f2a2d0d7ac7/datanode-2/data/ratis/e4d8f66d-e451-4cc5-a92b-750949030adc/current/log_inprogress_0
2019-09-12 11:42:01,765 | INFO  | SCMAudit | user=jenkins1000 | ip=192.168.157.195 | op=SEND_HEARTBEAT {datanodeUUID=8b575f40-3d8f-4d38-a6fe-d6d3761177af, command=[]} | ret=SUCCESS |  
2019-09-12 11:42:02,056 [ForkJoinPool.commonPool-worker-0] INFO  ozoneimpl.OzoneContainer (OzoneContainer.java:stop(199)) - Attempting to stop container services.
2019-09-12 11:42:02,056 [Thread-540] INFO  ozoneimpl.OzoneContainer (OzoneContainer.java:stop(199)) - Attempting to stop container services.
2019-09-12 11:42:02,056 [ForkJoinPool.commonPool-worker-0] INFO  impl.RaftServerProxy (RaftServerProxy.java:lambda$close$4(314)) - 886466c9-5aa1-40b7-a815-0180689d2dd8: close
2019-09-12 11:42:02,057 [Thread-540] INFO  impl.RaftServerProxy (RaftServerProxy.java:lambda$close$4(314)) - c9117d98-403a-4e73-a5c3-67d4cb653b69: close
2019-09-12 11:42:02,057 [ForkJoinPool.commonPool-worker-0] INFO  impl.RaftServerImpl (RaftServerImpl.java:lambda$shutdown$3(245)) - 886466c9-5aa1-40b7-a815-0180689d2dd8: shutdown group-03669A170DB3
2019-09-12 11:42:02,057 [Thread-540] INFO  impl.RaftServerImpl (RaftServerImpl.java:lambda$shutdown$3(245)) - c9117d98-403a-4e73-a5c3-67d4cb653b69: shutdown group-6A699F46692A
2019-09-12 11:42:02,058 [ForkJoinPool.commonPool-worker-0] INFO  util.JmxRegister (JmxRegister.java:unregister(73)) - Successfully un-registered JMX Bean with object name Ratis:service=RaftServer,group=group-03669A170DB3,id=886466c9-5aa1-40b7-a815-0180689d2dd8
2019-09-12 11:42:02,058 [Thread-540] INFO  util.JmxRegister (JmxRegister.java:unregister(73)) - Successfully un-registered JMX Bean with object name Ratis:service=RaftServer,group=group-6A699F46692A,id=c9117d98-403a-4e73-a5c3-67d4cb653b69
2019-09-12 11:42:02,058 [ForkJoinPool.commonPool-worker-0] INFO  impl.RoleInfo (RoleInfo.java:shutdownLeaderState(104)) - 886466c9-5aa1-40b7-a815-0180689d2dd8: shutdown LeaderState
2019-09-12 11:42:02,059 [Thread-540] INFO  impl.RoleInfo (RoleInfo.java:shutdownLeaderState(104)) - c9117d98-403a-4e73-a5c3-67d4cb653b69: shutdown LeaderState
2019-09-12 11:42:02,059 [ForkJoinPool.commonPool-worker-0] INFO  impl.PendingRequests (PendingRequests.java:sendNotLeaderResponses(202)) - 886466c9-5aa1-40b7-a815-0180689d2dd8-PendingRequests: sendNotLeaderResponses
2019-09-12 11:42:02,059 [Thread-540] INFO  impl.PendingRequests (PendingRequests.java:sendNotLeaderResponses(202)) - c9117d98-403a-4e73-a5c3-67d4cb653b69-PendingRequests: sendNotLeaderResponses
2019-09-12 11:42:02,059 [ForkJoinPool.commonPool-worker-0] INFO  impl.StateMachineUpdater (StateMachineUpdater.java:stopAndJoin(115)) - StateMachineUpdater:886466c9-5aa1-40b7-a815-0180689d2dd8:group-03669A170DB3: set stopIndex = 0
2019-09-12 11:42:02,060 [Thread-540] INFO  impl.StateMachineUpdater (StateMachineUpdater.java:stopAndJoin(115)) - StateMachineUpdater:c9117d98-403a-4e73-a5c3-67d4cb653b69:group-6A699F46692A: set stopIndex = 0
2019-09-12 11:42:02,060 [ForkJoinPool.commonPool-worker-0] INFO  impl.RaftServerImpl (ServerState.java:close(394)) - 886466c9-5aa1-40b7-a815-0180689d2dd8:group-03669A170DB3 closes. The last applied log index is 0
2019-09-12 11:42:02,060 [Thread-540] INFO  impl.RaftServerImpl (ServerState.java:close(394)) - c9117d98-403a-4e73-a5c3-67d4cb653b69:group-6A699F46692A closes. The last applied log index is 0
2019-09-12 11:42:02,061 [886466c9-5aa1-40b7-a815-0180689d2dd8-SegmentedRaftLogWorker:Storage Directory /workdir/hadoop-ozone/ozonefs/target/test-dir/MiniOzoneClusterImpl-d4b21612-7553-42f8-bcad-6f2a2d0d7ac7/datanode-0/data/ratis/877c2e32-bd18-49b0-bff0-03669a170db3] INFO  segmented.SegmentedRaftLogWorker (SegmentedRaftLogWorker.java:run(313)) - 886466c9-5aa1-40b7-a815-0180689d2dd8-SegmentedRaftLogWorker:Storage Directory /workdir/hadoop-ozone/ozonefs/target/test-dir/MiniOzoneClusterImpl-d4b21612-7553-42f8-bcad-6f2a2d0d7ac7/datanode-0/data/ratis/877c2e32-bd18-49b0-bff0-03669a170db3 was interrupted, exiting. There are 0 tasks remaining in the queue.
2019-09-12 11:42:02,061 [c9117d98-403a-4e73-a5c3-67d4cb653b69-SegmentedRaftLogWorker:Storage Directory /workdir/hadoop-ozone/ozonefs/target/test-dir/MiniOzoneClusterImpl-d4b21612-7553-42f8-bcad-6f2a2d0d7ac7/datanode-1/data/ratis/3caf27ab-b0b5-4743-9a20-6a699f46692a] INFO  segmented.SegmentedRaftLogWorker (SegmentedRaftLogWorker.java:run(313)) - c9117d98-403a-4e73-a5c3-67d4cb653b69-SegmentedRaftLogWorker:Storage Directory /workdir/hadoop-ozone/ozonefs/target/test-dir/MiniOzoneClusterImpl-d4b21612-7553-42f8-bcad-6f2a2d0d7ac7/datanode-1/data/ratis/3caf27ab-b0b5-4743-9a20-6a699f46692a was interrupted, exiting. There are 0 tasks remaining in the queue.
2019-09-12 11:42:02,061 [ForkJoinPool.commonPool-worker-0] INFO  segmented.SegmentedRaftLogWorker (SegmentedRaftLogWorker.java:close(228)) - 886466c9-5aa1-40b7-a815-0180689d2dd8-SegmentedRaftLogWorker:Storage Directory /workdir/hadoop-ozone/ozonefs/target/test-dir/MiniOzoneClusterImpl-d4b21612-7553-42f8-bcad-6f2a2d0d7ac7/datanode-0/data/ratis/877c2e32-bd18-49b0-bff0-03669a170db3 close()
2019-09-12 11:42:02,061 [Thread-540] INFO  segmented.SegmentedRaftLogWorker (SegmentedRaftLogWorker.java:close(228)) - c9117d98-403a-4e73-a5c3-67d4cb653b69-SegmentedRaftLogWorker:Storage Directory /workdir/hadoop-ozone/ozonefs/target/test-dir/MiniOzoneClusterImpl-d4b21612-7553-42f8-bcad-6f2a2d0d7ac7/datanode-1/data/ratis/3caf27ab-b0b5-4743-9a20-6a699f46692a close()
2019-09-12 11:42:02,064 [ForkJoinPool.commonPool-worker-0] INFO  impl.RaftServerImpl (RaftServerImpl.java:lambda$shutdown$3(245)) - 886466c9-5aa1-40b7-a815-0180689d2dd8: shutdown group-C3D38CC9CF70
2019-09-12 11:42:02,065 [Thread-540] INFO  impl.RaftServerImpl (RaftServerImpl.java:lambda$shutdown$3(245)) - c9117d98-403a-4e73-a5c3-67d4cb653b69: shutdown group-1CE136FB66E1
2019-09-12 11:42:02,065 [ForkJoinPool.commonPool-worker-0] INFO  util.JmxRegister (JmxRegister.java:unregister(73)) - Successfully un-registered JMX Bean with object name Ratis:service=RaftServer,group=group-C3D38CC9CF70,id=886466c9-5aa1-40b7-a815-0180689d2dd8
2019-09-12 11:42:02,066 [Thread-540] INFO  util.JmxRegister (JmxRegister.java:unregister(73)) - Successfully un-registered JMX Bean with object name Ratis:service=RaftServer,group=group-1CE136FB66E1,id=c9117d98-403a-4e73-a5c3-67d4cb653b69
2019-09-12 11:42:02,066 [ForkJoinPool.commonPool-worker-0] INFO  impl.RoleInfo (RoleInfo.java:shutdownLeaderState(104)) - 886466c9-5aa1-40b7-a815-0180689d2dd8: shutdown LeaderState
2019-09-12 11:42:02,066 [Thread-540] INFO  impl.RoleInfo (RoleInfo.java:shutdownLeaderState(104)) - c9117d98-403a-4e73-a5c3-67d4cb653b69: shutdown LeaderState
2019-09-12 11:42:02,067 [ForkJoinPool.commonPool-worker-0] INFO  impl.PendingRequests (PendingRequests.java:sendNotLeaderResponses(202)) - 886466c9-5aa1-40b7-a815-0180689d2dd8-PendingRequests: sendNotLeaderResponses
2019-09-12 11:42:02,067 [Thread-540] INFO  impl.PendingRequests (PendingRequests.java:sendNotLeaderResponses(202)) - c9117d98-403a-4e73-a5c3-67d4cb653b69-PendingRequests: sendNotLeaderResponses
2019-09-12 11:42:02,068 [ForkJoinPool.commonPool-worker-0] INFO  impl.StateMachineUpdater (StateMachineUpdater.java:stopAndJoin(115)) - StateMachineUpdater:886466c9-5aa1-40b7-a815-0180689d2dd8:group-C3D38CC9CF70: set stopIndex = 0
2019-09-12 11:42:02,068 [Thread-540] INFO  impl.StateMachineUpdater (StateMachineUpdater.java:stopAndJoin(115)) - StateMachineUpdater:c9117d98-403a-4e73-a5c3-67d4cb653b69:group-1CE136FB66E1: set stopIndex = 0
2019-09-12 11:42:02,068 [ForkJoinPool.commonPool-worker-0] INFO  impl.RaftServerImpl (ServerState.java:close(394)) - 886466c9-5aa1-40b7-a815-0180689d2dd8:group-C3D38CC9CF70 closes. The last applied log index is 0
2019-09-12 11:42:02,068 [Thread-540] INFO  impl.RaftServerImpl (ServerState.java:close(394)) - c9117d98-403a-4e73-a5c3-67d4cb653b69:group-1CE136FB66E1 closes. The last applied log index is 0
2019-09-12 11:42:02,069 [886466c9-5aa1-40b7-a815-0180689d2dd8-SegmentedRaftLogWorker:Storage Directory /workdir/hadoop-ozone/ozonefs/target/test-dir/MiniOzoneClusterImpl-d4b21612-7553-42f8-bcad-6f2a2d0d7ac7/datanode-0/data/ratis/5c0a16ab-7b3b-4bf8-801e-c3d38cc9cf70] INFO  segmented.SegmentedRaftLogWorker (SegmentedRaftLogWorker.java:run(313)) - 886466c9-5aa1-40b7-a815-0180689d2dd8-SegmentedRaftLogWorker:Storage Directory /workdir/hadoop-ozone/ozonefs/target/test-dir/MiniOzoneClusterImpl-d4b21612-7553-42f8-bcad-6f2a2d0d7ac7/datanode-0/data/ratis/5c0a16ab-7b3b-4bf8-801e-c3d38cc9cf70 was interrupted, exiting. There are 0 tasks remaining in the queue.
2019-09-12 11:42:02,069 [c9117d98-403a-4e73-a5c3-67d4cb653b69-SegmentedRaftLogWorker:Storage Directory /workdir/hadoop-ozone/ozonefs/target/test-dir/MiniOzoneClusterImpl-d4b21612-7553-42f8-bcad-6f2a2d0d7ac7/datanode-1/data/ratis/ee2ef6da-ccfd-4927-a6e4-1ce136fb66e1] INFO  segmented.SegmentedRaftLogWorker (SegmentedRaftLogWorker.java:run(313)) - c9117d98-403a-4e73-a5c3-67d4cb653b69-SegmentedRaftLogWorker:Storage Directory /workdir/hadoop-ozone/ozonefs/target/test-dir/MiniOzoneClusterImpl-d4b21612-7553-42f8-bcad-6f2a2d0d7ac7/datanode-1/data/ratis/ee2ef6da-ccfd-4927-a6e4-1ce136fb66e1 was interrupted, exiting. There are 0 tasks remaining in the queue.
2019-09-12 11:42:02,069 [ForkJoinPool.commonPool-worker-0] INFO  segmented.SegmentedRaftLogWorker (SegmentedRaftLogWorker.java:close(228)) - 886466c9-5aa1-40b7-a815-0180689d2dd8-SegmentedRaftLogWorker:Storage Directory /workdir/hadoop-ozone/ozonefs/target/test-dir/MiniOzoneClusterImpl-d4b21612-7553-42f8-bcad-6f2a2d0d7ac7/datanode-0/data/ratis/5c0a16ab-7b3b-4bf8-801e-c3d38cc9cf70 close()
2019-09-12 11:42:02,069 [Thread-540] INFO  segmented.SegmentedRaftLogWorker (SegmentedRaftLogWorker.java:close(228)) - c9117d98-403a-4e73-a5c3-67d4cb653b69-SegmentedRaftLogWorker:Storage Directory /workdir/hadoop-ozone/ozonefs/target/test-dir/MiniOzoneClusterImpl-d4b21612-7553-42f8-bcad-6f2a2d0d7ac7/datanode-1/data/ratis/ee2ef6da-ccfd-4927-a6e4-1ce136fb66e1 close()
2019-09-12 11:42:02,071 [ForkJoinPool.commonPool-worker-0] INFO  impl.RaftServerImpl (RaftServerImpl.java:lambda$shutdown$3(245)) - 886466c9-5aa1-40b7-a815-0180689d2dd8: shutdown group-32BD94C3AE5A
2019-09-12 11:42:02,073 [Thread-540] INFO  impl.RaftServerImpl (RaftServerImpl.java:lambda$shutdown$3(245)) - c9117d98-403a-4e73-a5c3-67d4cb653b69: shutdown group-D4079944EDAC
2019-09-12 11:42:02,073 [ForkJoinPool.commonPool-worker-0] INFO  util.JmxRegister (JmxRegister.java:unregister(73)) - Successfully un-registered JMX Bean with object name Ratis:service=RaftServer,group=group-32BD94C3AE5A,id=886466c9-5aa1-40b7-a815-0180689d2dd8
2019-09-12 11:42:02,073 [Thread-540] INFO  util.JmxRegister (JmxRegister.java:unregister(73)) - Successfully un-registered JMX Bean with object name Ratis:service=RaftServer,group=group-D4079944EDAC,id=c9117d98-403a-4e73-a5c3-67d4cb653b69
2019-09-12 11:42:02,073 [ForkJoinPool.commonPool-worker-0] INFO  impl.RoleInfo (RoleInfo.java:shutdownLeaderState(104)) - 886466c9-5aa1-40b7-a815-0180689d2dd8: shutdown LeaderState
2019-09-12 11:42:02,074 [Thread-540] INFO  impl.RoleInfo (RoleInfo.java:shutdownLeaderState(104)) - c9117d98-403a-4e73-a5c3-67d4cb653b69: shutdown LeaderState
2019-09-12 11:42:02,074 [ForkJoinPool.commonPool-worker-0] INFO  impl.PendingRequests (PendingRequests.java:sendNotLeaderResponses(202)) - 886466c9-5aa1-40b7-a815-0180689d2dd8-PendingRequests: sendNotLeaderResponses
2019-09-12 11:42:02,074 [Thread-540] INFO  impl.PendingRequests (PendingRequests.java:sendNotLeaderResponses(202)) - c9117d98-403a-4e73-a5c3-67d4cb653b69-PendingRequests: sendNotLeaderResponses
2019-09-12 11:42:02,075 [ForkJoinPool.commonPool-worker-0] INFO  impl.StateMachineUpdater (StateMachineUpdater.java:stopAndJoin(115)) - StateMachineUpdater:886466c9-5aa1-40b7-a815-0180689d2dd8:group-32BD94C3AE5A: set stopIndex = 0
2019-09-12 11:42:02,075 [Thread-540] INFO  impl.StateMachineUpdater (StateMachineUpdater.java:stopAndJoin(115)) - StateMachineUpdater:c9117d98-403a-4e73-a5c3-67d4cb653b69:group-D4079944EDAC: set stopIndex = 0
2019-09-12 11:42:02,076 [Thread-540] INFO  impl.RaftServerImpl (ServerState.java:close(394)) - c9117d98-403a-4e73-a5c3-67d4cb653b69:group-D4079944EDAC closes. The last applied log index is 0
2019-09-12 11:42:02,075 [ForkJoinPool.commonPool-worker-0] INFO  impl.RaftServerImpl (ServerState.java:close(394)) - 886466c9-5aa1-40b7-a815-0180689d2dd8:group-32BD94C3AE5A closes. The last applied log index is 0
2019-09-12 11:42:02,076 [c9117d98-403a-4e73-a5c3-67d4cb653b69-SegmentedRaftLogWorker:Storage Directory /workdir/hadoop-ozone/ozonefs/target/test-dir/MiniOzoneClusterImpl-d4b21612-7553-42f8-bcad-6f2a2d0d7ac7/datanode-1/data/ratis/d83c252b-6e00-462d-8b1e-d4079944edac] INFO  segmented.SegmentedRaftLogWorker (SegmentedRaftLogWorker.java:run(313)) - c9117d98-403a-4e73-a5c3-67d4cb653b69-SegmentedRaftLogWorker:Storage Directory /workdir/hadoop-ozone/ozonefs/target/test-dir/MiniOzoneClusterImpl-d4b21612-7553-42f8-bcad-6f2a2d0d7ac7/datanode-1/data/ratis/d83c252b-6e00-462d-8b1e-d4079944edac was interrupted, exiting. There are 0 tasks remaining in the queue.
2019-09-12 11:42:02,076 [886466c9-5aa1-40b7-a815-0180689d2dd8-SegmentedRaftLogWorker:Storage Directory /workdir/hadoop-ozone/ozonefs/target/test-dir/MiniOzoneClusterImpl-d4b21612-7553-42f8-bcad-6f2a2d0d7ac7/datanode-0/data/ratis/260a2ed4-c1ea-4545-bd22-32bd94c3ae5a] INFO  segmented.SegmentedRaftLogWorker (SegmentedRaftLogWorker.java:run(313)) - 886466c9-5aa1-40b7-a815-0180689d2dd8-SegmentedRaftLogWorker:Storage Directory /workdir/hadoop-ozone/ozonefs/target/test-dir/MiniOzoneClusterImpl-d4b21612-7553-42f8-bcad-6f2a2d0d7ac7/datanode-0/data/ratis/260a2ed4-c1ea-4545-bd22-32bd94c3ae5a was interrupted, exiting. There are 0 tasks remaining in the queue.
2019-09-12 11:42:02,076 [Thread-540] INFO  segmented.SegmentedRaftLogWorker (SegmentedRaftLogWorker.java:close(228)) - c9117d98-403a-4e73-a5c3-67d4cb653b69-SegmentedRaftLogWorker:Storage Directory /workdir/hadoop-ozone/ozonefs/target/test-dir/MiniOzoneClusterImpl-d4b21612-7553-42f8-bcad-6f2a2d0d7ac7/datanode-1/data/ratis/d83c252b-6e00-462d-8b1e-d4079944edac close()
2019-09-12 11:42:02,077 [ForkJoinPool.commonPool-worker-0] INFO  segmented.SegmentedRaftLogWorker (SegmentedRaftLogWorker.java:close(228)) - 886466c9-5aa1-40b7-a815-0180689d2dd8-SegmentedRaftLogWorker:Storage Directory /workdir/hadoop-ozone/ozonefs/target/test-dir/MiniOzoneClusterImpl-d4b21612-7553-42f8-bcad-6f2a2d0d7ac7/datanode-0/data/ratis/260a2ed4-c1ea-4545-bd22-32bd94c3ae5a close()
2019-09-12 11:42:02,078 [Thread-540] INFO  impl.RaftServerImpl (RaftServerImpl.java:lambda$shutdown$3(245)) - c9117d98-403a-4e73-a5c3-67d4cb653b69: shutdown group-E23A858CEFFB
2019-09-12 11:42:02,080 [ForkJoinPool.commonPool-worker-0] INFO  impl.RaftServerImpl (RaftServerImpl.java:lambda$shutdown$3(245)) - 886466c9-5aa1-40b7-a815-0180689d2dd8: shutdown group-46258DE3630E
2019-09-12 11:42:02,080 [Thread-540] INFO  util.JmxRegister (JmxRegister.java:unregister(73)) - Successfully un-registered JMX Bean with object name Ratis:service=RaftServer,group=group-E23A858CEFFB,id=c9117d98-403a-4e73-a5c3-67d4cb653b69
2019-09-12 11:42:02,081 [Thread-540] INFO  impl.RoleInfo (RoleInfo.java:shutdownLeaderState(104)) - c9117d98-403a-4e73-a5c3-67d4cb653b69: shutdown LeaderState
2019-09-12 11:42:02,080 [ForkJoinPool.commonPool-worker-0] INFO  util.JmxRegister (JmxRegister.java:unregister(73)) - Successfully un-registered JMX Bean with object name Ratis:service=RaftServer,group=group-46258DE3630E,id=886466c9-5aa1-40b7-a815-0180689d2dd8
2019-09-12 11:42:02,081 [Thread-540] INFO  impl.PendingRequests (PendingRequests.java:sendNotLeaderResponses(202)) - c9117d98-403a-4e73-a5c3-67d4cb653b69-PendingRequests: sendNotLeaderResponses
2019-09-12 11:42:02,081 [ForkJoinPool.commonPool-worker-0] INFO  impl.RoleInfo (RoleInfo.java:shutdownLeaderState(104)) - 886466c9-5aa1-40b7-a815-0180689d2dd8: shutdown LeaderState
2019-09-12 11:42:02,082 [Thread-540] INFO  impl.StateMachineUpdater (StateMachineUpdater.java:stopAndJoin(115)) - StateMachineUpdater:c9117d98-403a-4e73-a5c3-67d4cb653b69:group-E23A858CEFFB: set stopIndex = 0
2019-09-12 11:42:02,082 [ForkJoinPool.commonPool-worker-0] INFO  impl.PendingRequests (PendingRequests.java:sendNotLeaderResponses(202)) - 886466c9-5aa1-40b7-a815-0180689d2dd8-PendingRequests: sendNotLeaderResponses
2019-09-12 11:42:02,082 [Thread-540] INFO  impl.RaftServerImpl (ServerState.java:close(394)) - c9117d98-403a-4e73-a5c3-67d4cb653b69:group-E23A858CEFFB closes. The last applied log index is 0
2019-09-12 11:42:02,083 [ForkJoinPool.commonPool-worker-0] INFO  impl.StateMachineUpdater (StateMachineUpdater.java:stopAndJoin(115)) - StateMachineUpdater:886466c9-5aa1-40b7-a815-0180689d2dd8:group-46258DE3630E: set stopIndex = 0
2019-09-12 11:42:02,083 [c9117d98-403a-4e73-a5c3-67d4cb653b69-SegmentedRaftLogWorker:Storage Directory /workdir/hadoop-ozone/ozonefs/target/test-dir/MiniOzoneClusterImpl-d4b21612-7553-42f8-bcad-6f2a2d0d7ac7/datanode-1/data/ratis/5e5ba2e1-582a-4e3b-a67d-e23a858ceffb] INFO  segmented.SegmentedRaftLogWorker (SegmentedRaftLogWorker.java:run(313)) - c9117d98-403a-4e73-a5c3-67d4cb653b69-SegmentedRaftLogWorker:Storage Directory /workdir/hadoop-ozone/ozonefs/target/test-dir/MiniOzoneClusterImpl-d4b21612-7553-42f8-bcad-6f2a2d0d7ac7/datanode-1/data/ratis/5e5ba2e1-582a-4e3b-a67d-e23a858ceffb was interrupted, exiting. There are 0 tasks remaining in the queue.
2019-09-12 11:42:02,083 [ForkJoinPool.commonPool-worker-0] INFO  impl.RaftServerImpl (ServerState.java:close(394)) - 886466c9-5aa1-40b7-a815-0180689d2dd8:group-46258DE3630E closes. The last applied log index is 0
2019-09-12 11:42:02,083 [Thread-540] INFO  segmented.SegmentedRaftLogWorker (SegmentedRaftLogWorker.java:close(228)) - c9117d98-403a-4e73-a5c3-67d4cb653b69-SegmentedRaftLogWorker:Storage Directory /workdir/hadoop-ozone/ozonefs/target/test-dir/MiniOzoneClusterImpl-d4b21612-7553-42f8-bcad-6f2a2d0d7ac7/datanode-1/data/ratis/5e5ba2e1-582a-4e3b-a67d-e23a858ceffb close()
2019-09-12 11:42:02,084 [886466c9-5aa1-40b7-a815-0180689d2dd8-SegmentedRaftLogWorker:Storage Directory /workdir/hadoop-ozone/ozonefs/target/test-dir/MiniOzoneClusterImpl-d4b21612-7553-42f8-bcad-6f2a2d0d7ac7/datanode-0/data/ratis/650ec2c8-dc11-44e4-a203-46258de3630e] INFO  segmented.SegmentedRaftLogWorker (SegmentedRaftLogWorker.java:run(313)) - 886466c9-5aa1-40b7-a815-0180689d2dd8-SegmentedRaftLogWorker:Storage Directory /workdir/hadoop-ozone/ozonefs/target/test-dir/MiniOzoneClusterImpl-d4b21612-7553-42f8-bcad-6f2a2d0d7ac7/datanode-0/data/ratis/650ec2c8-dc11-44e4-a203-46258de3630e was interrupted, exiting. There are 0 tasks remaining in the queue.
2019-09-12 11:42:02,085 [Thread-540] INFO  impl.RaftServerImpl (RaftServerImpl.java:lambda$shutdown$3(245)) - c9117d98-403a-4e73-a5c3-67d4cb653b69: shutdown group-1D4CB5FED270
2019-09-12 11:42:02,085 [ForkJoinPool.commonPool-worker-0] INFO  segmented.SegmentedRaftLogWorker (SegmentedRaftLogWorker.java:close(228)) - 886466c9-5aa1-40b7-a815-0180689d2dd8-SegmentedRaftLogWorker:Storage Directory /workdir/hadoop-ozone/ozonefs/target/test-dir/MiniOzoneClusterImpl-d4b21612-7553-42f8-bcad-6f2a2d0d7ac7/datanode-0/data/ratis/650ec2c8-dc11-44e4-a203-46258de3630e close()
2019-09-12 11:42:02,086 [Thread-540] INFO  util.JmxRegister (JmxRegister.java:unregister(73)) - Successfully un-registered JMX Bean with object name Ratis:service=RaftServer,group=group-1D4CB5FED270,id=c9117d98-403a-4e73-a5c3-67d4cb653b69
2019-09-12 11:42:02,087 [Thread-540] INFO  impl.RoleInfo (RoleInfo.java:shutdownLeaderState(104)) - c9117d98-403a-4e73-a5c3-67d4cb653b69: shutdown LeaderState
2019-09-12 11:42:02,087 [ForkJoinPool.commonPool-worker-0] INFO  impl.RaftServerImpl (RaftServerImpl.java:lambda$shutdown$3(245)) - 886466c9-5aa1-40b7-a815-0180689d2dd8: shutdown group-4818F684B499
2019-09-12 11:42:02,088 [Thread-540] INFO  impl.PendingRequests (PendingRequests.java:sendNotLeaderResponses(202)) - c9117d98-403a-4e73-a5c3-67d4cb653b69-PendingRequests: sendNotLeaderResponses
2019-09-12 11:42:02,088 [ForkJoinPool.commonPool-worker-0] INFO  util.JmxRegister (JmxRegister.java:unregister(73)) - Successfully un-registered JMX Bean with object name Ratis:service=RaftServer,group=group-4818F684B499,id=886466c9-5aa1-40b7-a815-0180689d2dd8
2019-09-12 11:42:02,089 [Thread-540] INFO  impl.StateMachineUpdater (StateMachineUpdater.java:stopAndJoin(115)) - StateMachineUpdater:c9117d98-403a-4e73-a5c3-67d4cb653b69:group-1D4CB5FED270: set stopIndex = 0
2019-09-12 11:42:02,089 [ForkJoinPool.commonPool-worker-0] INFO  impl.RoleInfo (RoleInfo.java:shutdownLeaderState(104)) - 886466c9-5aa1-40b7-a815-0180689d2dd8: shutdown LeaderState
2019-09-12 11:42:02,089 [Thread-540] INFO  impl.RaftServerImpl (ServerState.java:close(394)) - c9117d98-403a-4e73-a5c3-67d4cb653b69:group-1D4CB5FED270 closes. The last applied log index is 0
2019-09-12 11:42:02,089 [ForkJoinPool.commonPool-worker-0] INFO  impl.PendingRequests (PendingRequests.java:sendNotLeaderResponses(202)) - 886466c9-5aa1-40b7-a815-0180689d2dd8-PendingRequests: sendNotLeaderResponses
2019-09-12 11:42:02,090 [c9117d98-403a-4e73-a5c3-67d4cb653b69-SegmentedRaftLogWorker:Storage Directory /workdir/hadoop-ozone/ozonefs/target/test-dir/MiniOzoneClusterImpl-d4b21612-7553-42f8-bcad-6f2a2d0d7ac7/datanode-1/data/ratis/8f4acb89-1ed3-4d0a-bfc5-1d4cb5fed270] INFO  segmented.SegmentedRaftLogWorker (SegmentedRaftLogWorker.java:run(313)) - c9117d98-403a-4e73-a5c3-67d4cb653b69-SegmentedRaftLogWorker:Storage Directory /workdir/hadoop-ozone/ozonefs/target/test-dir/MiniOzoneClusterImpl-d4b21612-7553-42f8-bcad-6f2a2d0d7ac7/datanode-1/data/ratis/8f4acb89-1ed3-4d0a-bfc5-1d4cb5fed270 was interrupted, exiting. There are 0 tasks remaining in the queue.
2019-09-12 11:42:02,090 [ForkJoinPool.commonPool-worker-0] INFO  impl.StateMachineUpdater (StateMachineUpdater.java:stopAndJoin(115)) - StateMachineUpdater:886466c9-5aa1-40b7-a815-0180689d2dd8:group-4818F684B499: set stopIndex = 0
2019-09-12 11:42:02,090 [Thread-540] INFO  segmented.SegmentedRaftLogWorker (SegmentedRaftLogWorker.java:close(228)) - c9117d98-403a-4e73-a5c3-67d4cb653b69-SegmentedRaftLogWorker:Storage Directory /workdir/hadoop-ozone/ozonefs/target/test-dir/MiniOzoneClusterImpl-d4b21612-7553-42f8-bcad-6f2a2d0d7ac7/datanode-1/data/ratis/8f4acb89-1ed3-4d0a-bfc5-1d4cb5fed270 close()
2019-09-12 11:42:02,090 [ForkJoinPool.commonPool-worker-0] INFO  impl.RaftServerImpl (ServerState.java:close(394)) - 886466c9-5aa1-40b7-a815-0180689d2dd8:group-4818F684B499 closes. The last applied log index is 0
2019-09-12 11:42:02,092 [Thread-540] INFO  impl.RaftServerImpl (RaftServerImpl.java:lambda$shutdown$3(245)) - c9117d98-403a-4e73-a5c3-67d4cb653b69: shutdown group-F1E35E884B8A
2019-09-12 11:42:02,092 [886466c9-5aa1-40b7-a815-0180689d2dd8-SegmentedRaftLogWorker:Storage Directory /workdir/hadoop-ozone/ozonefs/target/test-dir/MiniOzoneClusterImpl-d4b21612-7553-42f8-bcad-6f2a2d0d7ac7/datanode-0/data/ratis/c4f93d06-624a-4188-9cb3-4818f684b499] INFO  segmented.SegmentedRaftLogWorker (SegmentedRaftLogWorker.java:run(313)) - 886466c9-5aa1-40b7-a815-0180689d2dd8-SegmentedRaftLogWorker:Storage Directory /workdir/hadoop-ozone/ozonefs/target/test-dir/MiniOzoneClusterImpl-d4b21612-7553-42f8-bcad-6f2a2d0d7ac7/datanode-0/data/ratis/c4f93d06-624a-4188-9cb3-4818f684b499 was interrupted, exiting. There are 0 tasks remaining in the queue.
2019-09-12 11:42:02,093 [Thread-540] INFO  util.JmxRegister (JmxRegister.java:unregister(73)) - Successfully un-registered JMX Bean with object name Ratis:service=RaftServer,group=group-F1E35E884B8A,id=c9117d98-403a-4e73-a5c3-67d4cb653b69
2019-09-12 11:42:02,093 [ForkJoinPool.commonPool-worker-0] INFO  segmented.SegmentedRaftLogWorker (SegmentedRaftLogWorker.java:close(228)) - 886466c9-5aa1-40b7-a815-0180689d2dd8-SegmentedRaftLogWorker:Storage Directory /workdir/hadoop-ozone/ozonefs/target/test-dir/MiniOzoneClusterImpl-d4b21612-7553-42f8-bcad-6f2a2d0d7ac7/datanode-0/data/ratis/c4f93d06-624a-4188-9cb3-4818f684b499 close()
2019-09-12 11:42:02,093 [Thread-540] INFO  impl.RoleInfo (RoleInfo.java:shutdownLeaderState(104)) - c9117d98-403a-4e73-a5c3-67d4cb653b69: shutdown LeaderState
2019-09-12 11:42:02,095 [ForkJoinPool.commonPool-worker-0] INFO  impl.RaftServerImpl (RaftServerImpl.java:lambda$shutdown$3(245)) - 886466c9-5aa1-40b7-a815-0180689d2dd8: shutdown group-8CD813E17F4E
2019-09-12 11:42:02,095 [Thread-540] INFO  impl.PendingRequests (PendingRequests.java:sendNotLeaderResponses(202)) - c9117d98-403a-4e73-a5c3-67d4cb653b69-PendingRequests: sendNotLeaderResponses
2019-09-12 11:42:02,095 [ForkJoinPool.commonPool-worker-0] INFO  util.JmxRegister (JmxRegister.java:unregister(73)) - Successfully un-registered JMX Bean with object name Ratis:service=RaftServer,group=group-8CD813E17F4E,id=886466c9-5aa1-40b7-a815-0180689d2dd8
2019-09-12 11:42:02,095 [Thread-540] INFO  impl.StateMachineUpdater (StateMachineUpdater.java:stopAndJoin(115)) - StateMachineUpdater:c9117d98-403a-4e73-a5c3-67d4cb653b69:group-F1E35E884B8A: set stopIndex = 0
2019-09-12 11:42:02,096 [ForkJoinPool.commonPool-worker-0] INFO  impl.RoleInfo (RoleInfo.java:shutdownLeaderState(104)) - 886466c9-5aa1-40b7-a815-0180689d2dd8: shutdown LeaderState
2019-09-12 11:42:02,096 [Thread-540] INFO  impl.RaftServerImpl (ServerState.java:close(394)) - c9117d98-403a-4e73-a5c3-67d4cb653b69:group-F1E35E884B8A closes. The last applied log index is 0
2019-09-12 11:42:02,096 [ForkJoinPool.commonPool-worker-0] INFO  impl.PendingRequests (PendingRequests.java:sendNotLeaderResponses(202)) - 886466c9-5aa1-40b7-a815-0180689d2dd8-PendingRequests: sendNotLeaderResponses
2019-09-12 11:42:02,097 [c9117d98-403a-4e73-a5c3-67d4cb653b69-SegmentedRaftLogWorker:Storage Directory /workdir/hadoop-ozone/ozonefs/target/test-dir/MiniOzoneClusterImpl-d4b21612-7553-42f8-bcad-6f2a2d0d7ac7/datanode-1/data/ratis/e79b1350-6bdf-4e7e-a535-f1e35e884b8a] INFO  segmented.SegmentedRaftLogWorker (SegmentedRaftLogWorker.java:run(313)) - c9117d98-403a-4e73-a5c3-67d4cb653b69-SegmentedRaftLogWorker:Storage Directory /workdir/hadoop-ozone/ozonefs/target/test-dir/MiniOzoneClusterImpl-d4b21612-7553-42f8-bcad-6f2a2d0d7ac7/datanode-1/data/ratis/e79b1350-6bdf-4e7e-a535-f1e35e884b8a was interrupted, exiting. There are 0 tasks remaining in the queue.
2019-09-12 11:42:02,097 [ForkJoinPool.commonPool-worker-0] INFO  impl.StateMachineUpdater (StateMachineUpdater.java:stopAndJoin(115)) - StateMachineUpdater:886466c9-5aa1-40b7-a815-0180689d2dd8:group-8CD813E17F4E: set stopIndex = 0
2019-09-12 11:42:02,097 [Thread-540] INFO  segmented.SegmentedRaftLogWorker (SegmentedRaftLogWorker.java:close(228)) - c9117d98-403a-4e73-a5c3-67d4cb653b69-SegmentedRaftLogWorker:Storage Directory /workdir/hadoop-ozone/ozonefs/target/test-dir/MiniOzoneClusterImpl-d4b21612-7553-42f8-bcad-6f2a2d0d7ac7/datanode-1/data/ratis/e79b1350-6bdf-4e7e-a535-f1e35e884b8a close()
2019-09-12 11:42:02,097 [ForkJoinPool.commonPool-worker-0] INFO  impl.RaftServerImpl (ServerState.java:close(394)) - 886466c9-5aa1-40b7-a815-0180689d2dd8:group-8CD813E17F4E closes. The last applied log index is 0
2019-09-12 11:42:02,099 [Thread-540] INFO  server.GrpcService (GrpcService.java:closeImpl(155)) - c9117d98-403a-4e73-a5c3-67d4cb653b69: shutdown server with port 36936 now
2019-09-12 11:42:02,099 [886466c9-5aa1-40b7-a815-0180689d2dd8-SegmentedRaftLogWorker:Storage Directory /workdir/hadoop-ozone/ozonefs/target/test-dir/MiniOzoneClusterImpl-d4b21612-7553-42f8-bcad-6f2a2d0d7ac7/datanode-0/data/ratis/a924de78-3014-44f2-bf83-8cd813e17f4e] INFO  segmented.SegmentedRaftLogWorker (SegmentedRaftLogWorker.java:run(313)) - 886466c9-5aa1-40b7-a815-0180689d2dd8-SegmentedRaftLogWorker:Storage Directory /workdir/hadoop-ozone/ozonefs/target/test-dir/MiniOzoneClusterImpl-d4b21612-7553-42f8-bcad-6f2a2d0d7ac7/datanode-0/data/ratis/a924de78-3014-44f2-bf83-8cd813e17f4e was interrupted, exiting. There are 0 tasks remaining in the queue.
2019-09-12 11:42:02,100 [ForkJoinPool.commonPool-worker-0] INFO  segmented.SegmentedRaftLogWorker (SegmentedRaftLogWorker.java:close(228)) - 886466c9-5aa1-40b7-a815-0180689d2dd8-SegmentedRaftLogWorker:Storage Directory /workdir/hadoop-ozone/ozonefs/target/test-dir/MiniOzoneClusterImpl-d4b21612-7553-42f8-bcad-6f2a2d0d7ac7/datanode-0/data/ratis/a924de78-3014-44f2-bf83-8cd813e17f4e close()
2019-09-12 11:42:02,101 [Thread-540] INFO  server.GrpcService (GrpcService.java:closeImpl(163)) - c9117d98-403a-4e73-a5c3-67d4cb653b69: shutdown server with port 36936 successfully
2019-09-12 11:42:02,102 [ForkJoinPool.commonPool-worker-0] INFO  server.GrpcService (GrpcService.java:closeImpl(155)) - 886466c9-5aa1-40b7-a815-0180689d2dd8: shutdown server with port 34621 now
2019-09-12 11:42:02,104 [ForkJoinPool.commonPool-worker-0] INFO  server.GrpcService (GrpcService.java:closeImpl(163)) - 886466c9-5aa1-40b7-a815-0180689d2dd8: shutdown server with port 34621 successfully
2019-09-12 11:42:02,105 [ForkJoinPool.commonPool-worker-0] INFO  utils.BackgroundService (BackgroundService.java:shutdown(148)) - Shutting down service BlockDeletingService
2019-09-12 11:42:02,106 [Thread-540] INFO  utils.BackgroundService (BackgroundService.java:shutdown(148)) - Shutting down service BlockDeletingService
2019-09-12 11:42:02,107 [refreshUsed-/workdir/hadoop-ozone/ozonefs/target/test-dir/MiniOzoneClusterImpl-d4b21612-7553-42f8-bcad-6f2a2d0d7ac7/datanode-0/data/containers] WARN  fs.CachingGetSpaceUsed (CachingGetSpaceUsed.java:run(183)) - Thread Interrupted waiting to refresh disk information: sleep interrupted
2019-09-12 11:42:02,107 [refreshUsed-/workdir/hadoop-ozone/ozonefs/target/test-dir/MiniOzoneClusterImpl-d4b21612-7553-42f8-bcad-6f2a2d0d7ac7/datanode-1/data/containers] WARN  fs.CachingGetSpaceUsed (CachingGetSpaceUsed.java:run(183)) - Thread Interrupted waiting to refresh disk information: sleep interrupted
2019-09-12 11:42:02,136 [ForkJoinPool.commonPool-worker-0] INFO  statemachine.DatanodeStateMachine (DatanodeStateMachine.java:stopDaemon(395)) - Ozone container server stopped.
2019-09-12 11:42:02,137 [Thread-540] INFO  statemachine.DatanodeStateMachine (DatanodeStateMachine.java:stopDaemon(395)) - Ozone container server stopped.
2019-09-12 11:42:02,140 [ForkJoinPool.commonPool-worker-0] INFO  handler.ContextHandler (ContextHandler.java:doStop(910)) - Stopped o.e.j.w.WebAppContext@343fb7d5{/,null,UNAVAILABLE}{/hddsDatanode}
2019-09-12 11:42:02,140 [Thread-540] INFO  handler.ContextHandler (ContextHandler.java:doStop(910)) - Stopped o.e.j.w.WebAppContext@44e4238d{/,null,UNAVAILABLE}{/hddsDatanode}
2019-09-12 11:42:02,141 [ForkJoinPool.commonPool-worker-0] INFO  server.AbstractConnector (AbstractConnector.java:doStop(318)) - Stopped ServerConnector@39913011{HTTP/1.1,[http/1.1]}{0.0.0.0:0}
2019-09-12 11:42:02,141 [Thread-540] INFO  server.AbstractConnector (AbstractConnector.java:doStop(318)) - Stopped ServerConnector@59375221{HTTP/1.1,[http/1.1]}{0.0.0.0:0}
2019-09-12 11:42:02,142 [ForkJoinPool.commonPool-worker-0] INFO  handler.ContextHandler (ContextHandler.java:doStop(910)) - Stopped o.e.j.s.ServletContextHandler@4c7f6b41{/static,jar:file:/home/user/.m2/repository/org/apache/hadoop/hadoop-hdds-container-service/0.5.0-SNAPSHOT/hadoop-hdds-container-service-0.5.0-SNAPSHOT.jar!/webapps/static,UNAVAILABLE}
2019-09-12 11:42:02,142 [Thread-540] INFO  handler.ContextHandler (ContextHandler.java:doStop(910)) - Stopped o.e.j.s.ServletContextHandler@484a8f23{/static,jar:file:/home/user/.m2/repository/org/apache/hadoop/hadoop-hdds-container-service/0.5.0-SNAPSHOT/hadoop-hdds-container-service-0.5.0-SNAPSHOT.jar!/webapps/static,UNAVAILABLE}
2019-09-12 11:42:02,143 [ForkJoinPool.commonPool-worker-0] INFO  handler.ContextHandler (ContextHandler.java:doStop(910)) - Stopped o.e.j.s.ServletContextHandler@1fa26876{/logs,file:///workdir/hadoop-ozone/ozonefs/target/log,UNAVAILABLE}
2019-09-12 11:42:02,143 [Thread-540] INFO  handler.ContextHandler (ContextHandler.java:doStop(910)) - Stopped o.e.j.s.ServletContextHandler@782f098b{/logs,file:///workdir/hadoop-ozone/ozonefs/target/log,UNAVAILABLE}
2019-09-12 11:42:02,144 [ForkJoinPool.commonPool-worker-0] INFO  datanode.ObjectStoreHandler (ObjectStoreHandler.java:close(155)) - Closing ObjectStoreHandler.
2019-09-12 11:42:02,144 [ForkJoinPool.commonPool-worker-0] INFO  ozone.HddsDatanodeService (HddsDatanodeService.java:stop(451)) - Stopped plug-in org.apache.hadoop.ozone.web.OzoneHddsDatanodeService@22bae4b5
2019-09-12 11:42:02,764 [Datanode State Machine Thread - 0] INFO  statemachine.DatanodeStateMachine (DatanodeStateMachine.java:lambda$startDaemon$0(350)) - Ozone container server started.
2019-09-12 11:42:07,145 [ForkJoinPool.commonPool-worker-0] INFO  ozoneimpl.OzoneContainer (OzoneContainer.java:stop(199)) - Attempting to stop container services.
2019-09-12 11:42:07,146 [ForkJoinPool.commonPool-worker-0] INFO  impl.RaftServerProxy (RaftServerProxy.java:lambda$close$4(314)) - 8b575f40-3d8f-4d38-a6fe-d6d3761177af: close
2019-09-12 11:42:07,147 [ForkJoinPool.commonPool-worker-0] INFO  impl.RaftServerImpl (RaftServerImpl.java:lambda$shutdown$3(245)) - 8b575f40-3d8f-4d38-a6fe-d6d3761177af: shutdown group-00712A9343BB
2019-09-12 11:42:07,147 [ForkJoinPool.commonPool-worker-0] INFO  util.JmxRegister (JmxRegister.java:unregister(73)) - Successfully un-registered JMX Bean with object name Ratis:service=RaftServer,group=group-00712A9343BB,id=8b575f40-3d8f-4d38-a6fe-d6d3761177af
2019-09-12 11:42:07,147 [ForkJoinPool.commonPool-worker-0] INFO  impl.RoleInfo (RoleInfo.java:shutdownLeaderState(104)) - 8b575f40-3d8f-4d38-a6fe-d6d3761177af: shutdown LeaderState
2019-09-12 11:42:07,148 [ForkJoinPool.commonPool-worker-0] INFO  impl.PendingRequests (PendingRequests.java:sendNotLeaderResponses(202)) - 8b575f40-3d8f-4d38-a6fe-d6d3761177af-PendingRequests: sendNotLeaderResponses
2019-09-12 11:42:07,148 [ForkJoinPool.commonPool-worker-0] INFO  impl.StateMachineUpdater (StateMachineUpdater.java:stopAndJoin(115)) - StateMachineUpdater:8b575f40-3d8f-4d38-a6fe-d6d3761177af:group-00712A9343BB: set stopIndex = 0
2019-09-12 11:42:07,149 [ForkJoinPool.commonPool-worker-0] INFO  impl.RaftServerImpl (ServerState.java:close(394)) - 8b575f40-3d8f-4d38-a6fe-d6d3761177af:group-00712A9343BB closes. The last applied log index is 0
2019-09-12 11:42:07,149 [8b575f40-3d8f-4d38-a6fe-d6d3761177af-SegmentedRaftLogWorker:Storage Directory /workdir/hadoop-ozone/ozonefs/target/test-dir/MiniOzoneClusterImpl-d4b21612-7553-42f8-bcad-6f2a2d0d7ac7/datanode-2/data/ratis/aaa3b400-86ac-46e5-87e7-00712a9343bb] INFO  segmented.SegmentedRaftLogWorker (SegmentedRaftLogWorker.java:run(313)) - 8b575f40-3d8f-4d38-a6fe-d6d3761177af-SegmentedRaftLogWorker:Storage Directory /workdir/hadoop-ozone/ozonefs/target/test-dir/MiniOzoneClusterImpl-d4b21612-7553-42f8-bcad-6f2a2d0d7ac7/datanode-2/data/ratis/aaa3b400-86ac-46e5-87e7-00712a9343bb was interrupted, exiting. There are 0 tasks remaining in the queue.
2019-09-12 11:42:07,149 [ForkJoinPool.commonPool-worker-0] INFO  segmented.SegmentedRaftLogWorker (SegmentedRaftLogWorker.java:close(228)) - 8b575f40-3d8f-4d38-a6fe-d6d3761177af-SegmentedRaftLogWorker:Storage Directory /workdir/hadoop-ozone/ozonefs/target/test-dir/MiniOzoneClusterImpl-d4b21612-7553-42f8-bcad-6f2a2d0d7ac7/datanode-2/data/ratis/aaa3b400-86ac-46e5-87e7-00712a9343bb close()
2019-09-12 11:42:07,151 [ForkJoinPool.commonPool-worker-0] INFO  impl.RaftServerImpl (RaftServerImpl.java:lambda$shutdown$3(245)) - 8b575f40-3d8f-4d38-a6fe-d6d3761177af: shutdown group-E9E972B62B8A
2019-09-12 11:42:07,152 [ForkJoinPool.commonPool-worker-0] INFO  util.JmxRegister (JmxRegister.java:unregister(73)) - Successfully un-registered JMX Bean with object name Ratis:service=RaftServer,group=group-E9E972B62B8A,id=8b575f40-3d8f-4d38-a6fe-d6d3761177af
2019-09-12 11:42:07,152 [ForkJoinPool.commonPool-worker-0] INFO  impl.RoleInfo (RoleInfo.java:shutdownLeaderState(104)) - 8b575f40-3d8f-4d38-a6fe-d6d3761177af: shutdown LeaderState
2019-09-12 11:42:07,152 [ForkJoinPool.commonPool-worker-0] INFO  impl.PendingRequests (PendingRequests.java:sendNotLeaderResponses(202)) - 8b575f40-3d8f-4d38-a6fe-d6d3761177af-PendingRequests: sendNotLeaderResponses
2019-09-12 11:42:07,153 [ForkJoinPool.commonPool-worker-0] INFO  impl.StateMachineUpdater (StateMachineUpdater.java:stopAndJoin(115)) - StateMachineUpdater:8b575f40-3d8f-4d38-a6fe-d6d3761177af:group-E9E972B62B8A: set stopIndex = 0
2019-09-12 11:42:07,153 [ForkJoinPool.commonPool-worker-0] INFO  impl.RaftServerImpl (ServerState.java:close(394)) - 8b575f40-3d8f-4d38-a6fe-d6d3761177af:group-E9E972B62B8A closes. The last applied log index is 0
2019-09-12 11:42:07,153 [8b575f40-3d8f-4d38-a6fe-d6d3761177af-SegmentedRaftLogWorker:Storage Directory /workdir/hadoop-ozone/ozonefs/target/test-dir/MiniOzoneClusterImpl-d4b21612-7553-42f8-bcad-6f2a2d0d7ac7/datanode-2/data/ratis/cac68687-0415-4712-9d16-e9e972b62b8a] INFO  segmented.SegmentedRaftLogWorker (SegmentedRaftLogWorker.java:run(313)) - 8b575f40-3d8f-4d38-a6fe-d6d3761177af-SegmentedRaftLogWorker:Storage Directory /workdir/hadoop-ozone/ozonefs/target/test-dir/MiniOzoneClusterImpl-d4b21612-7553-42f8-bcad-6f2a2d0d7ac7/datanode-2/data/ratis/cac68687-0415-4712-9d16-e9e972b62b8a was interrupted, exiting. There are 0 tasks remaining in the queue.
2019-09-12 11:42:07,154 [ForkJoinPool.commonPool-worker-0] INFO  segmented.SegmentedRaftLogWorker (SegmentedRaftLogWorker.java:close(228)) - 8b575f40-3d8f-4d38-a6fe-d6d3761177af-SegmentedRaftLogWorker:Storage Directory /workdir/hadoop-ozone/ozonefs/target/test-dir/MiniOzoneClusterImpl-d4b21612-7553-42f8-bcad-6f2a2d0d7ac7/datanode-2/data/ratis/cac68687-0415-4712-9d16-e9e972b62b8a close()
2019-09-12 11:42:07,155 [ForkJoinPool.commonPool-worker-0] INFO  impl.RaftServerImpl (RaftServerImpl.java:lambda$shutdown$3(245)) - 8b575f40-3d8f-4d38-a6fe-d6d3761177af: shutdown group-A958DE9E43A2
2019-09-12 11:42:07,155 [ForkJoinPool.commonPool-worker-0] INFO  util.JmxRegister (JmxRegister.java:unregister(73)) - Successfully un-registered JMX Bean with object name Ratis:service=RaftServer,group=group-A958DE9E43A2,id=8b575f40-3d8f-4d38-a6fe-d6d3761177af
2019-09-12 11:42:07,156 [ForkJoinPool.commonPool-worker-0] INFO  impl.RoleInfo (RoleInfo.java:shutdownLeaderState(104)) - 8b575f40-3d8f-4d38-a6fe-d6d3761177af: shutdown LeaderState
2019-09-12 11:42:07,156 [ForkJoinPool.commonPool-worker-0] INFO  impl.PendingRequests (PendingRequests.java:sendNotLeaderResponses(202)) - 8b575f40-3d8f-4d38-a6fe-d6d3761177af-PendingRequests: sendNotLeaderResponses
2019-09-12 11:42:07,156 [ForkJoinPool.commonPool-worker-0] INFO  impl.StateMachineUpdater (StateMachineUpdater.java:stopAndJoin(115)) - StateMachineUpdater:8b575f40-3d8f-4d38-a6fe-d6d3761177af:group-A958DE9E43A2: set stopIndex = 0
2019-09-12 11:42:07,157 [ForkJoinPool.commonPool-worker-0] INFO  impl.RaftServerImpl (ServerState.java:close(394)) - 8b575f40-3d8f-4d38-a6fe-d6d3761177af:group-A958DE9E43A2 closes. The last applied log index is 0
2019-09-12 11:42:07,157 [8b575f40-3d8f-4d38-a6fe-d6d3761177af-SegmentedRaftLogWorker:Storage Directory /workdir/hadoop-ozone/ozonefs/target/test-dir/MiniOzoneClusterImpl-d4b21612-7553-42f8-bcad-6f2a2d0d7ac7/datanode-2/data/ratis/56f50a56-6ddb-44e6-a0dd-a958de9e43a2] INFO  segmented.SegmentedRaftLogWorker (SegmentedRaftLogWorker.java:run(313)) - 8b575f40-3d8f-4d38-a6fe-d6d3761177af-SegmentedRaftLogWorker:Storage Directory /workdir/hadoop-ozone/ozonefs/target/test-dir/MiniOzoneClusterImpl-d4b21612-7553-42f8-bcad-6f2a2d0d7ac7/datanode-2/data/ratis/56f50a56-6ddb-44e6-a0dd-a958de9e43a2 was interrupted, exiting. There are 0 tasks remaining in the queue.
2019-09-12 11:42:07,157 [ForkJoinPool.commonPool-worker-0] INFO  segmented.SegmentedRaftLogWorker (SegmentedRaftLogWorker.java:close(228)) - 8b575f40-3d8f-4d38-a6fe-d6d3761177af-SegmentedRaftLogWorker:Storage Directory /workdir/hadoop-ozone/ozonefs/target/test-dir/MiniOzoneClusterImpl-d4b21612-7553-42f8-bcad-6f2a2d0d7ac7/datanode-2/data/ratis/56f50a56-6ddb-44e6-a0dd-a958de9e43a2 close()
2019-09-12 11:42:07,158 [ForkJoinPool.commonPool-worker-0] INFO  impl.RaftServerImpl (RaftServerImpl.java:lambda$shutdown$3(245)) - 8b575f40-3d8f-4d38-a6fe-d6d3761177af: shutdown group-FA71DC050377
2019-09-12 11:42:07,159 [ForkJoinPool.commonPool-worker-0] INFO  util.JmxRegister (JmxRegister.java:unregister(73)) - Successfully un-registered JMX Bean with object name Ratis:service=RaftServer,group=group-FA71DC050377,id=8b575f40-3d8f-4d38-a6fe-d6d3761177af
2019-09-12 11:42:07,159 [ForkJoinPool.commonPool-worker-0] INFO  impl.RoleInfo (RoleInfo.java:shutdownLeaderState(104)) - 8b575f40-3d8f-4d38-a6fe-d6d3761177af: shutdown LeaderState
2019-09-12 11:42:07,159 [ForkJoinPool.commonPool-worker-0] INFO  impl.PendingRequests (PendingRequests.java:sendNotLeaderResponses(202)) - 8b575f40-3d8f-4d38-a6fe-d6d3761177af-PendingRequests: sendNotLeaderResponses
2019-09-12 11:42:07,160 [ForkJoinPool.commonPool-worker-0] INFO  impl.StateMachineUpdater (StateMachineUpdater.java:stopAndJoin(115)) - StateMachineUpdater:8b575f40-3d8f-4d38-a6fe-d6d3761177af:group-FA71DC050377: set stopIndex = 0
2019-09-12 11:42:07,160 [ForkJoinPool.commonPool-worker-0] INFO  impl.RaftServerImpl (ServerState.java:close(394)) - 8b575f40-3d8f-4d38-a6fe-d6d3761177af:group-FA71DC050377 closes. The last applied log index is 0
2019-09-12 11:42:07,160 [8b575f40-3d8f-4d38-a6fe-d6d3761177af-SegmentedRaftLogWorker:Storage Directory /workdir/hadoop-ozone/ozonefs/target/test-dir/MiniOzoneClusterImpl-d4b21612-7553-42f8-bcad-6f2a2d0d7ac7/datanode-2/data/ratis/37d9b3c7-5561-4f57-9319-fa71dc050377] INFO  segmented.SegmentedRaftLogWorker (SegmentedRaftLogWorker.java:run(313)) - 8b575f40-3d8f-4d38-a6fe-d6d3761177af-SegmentedRaftLogWorker:Storage Directory /workdir/hadoop-ozone/ozonefs/target/test-dir/MiniOzoneClusterImpl-d4b21612-7553-42f8-bcad-6f2a2d0d7ac7/datanode-2/data/ratis/37d9b3c7-5561-4f57-9319-fa71dc050377 was interrupted, exiting. There are 0 tasks remaining in the queue.
2019-09-12 11:42:07,161 [ForkJoinPool.commonPool-worker-0] INFO  segmented.SegmentedRaftLogWorker (SegmentedRaftLogWorker.java:close(228)) - 8b575f40-3d8f-4d38-a6fe-d6d3761177af-SegmentedRaftLogWorker:Storage Directory /workdir/hadoop-ozone/ozonefs/target/test-dir/MiniOzoneClusterImpl-d4b21612-7553-42f8-bcad-6f2a2d0d7ac7/datanode-2/data/ratis/37d9b3c7-5561-4f57-9319-fa71dc050377 close()
2019-09-12 11:42:07,162 [ForkJoinPool.commonPool-worker-0] INFO  impl.RaftServerImpl (RaftServerImpl.java:lambda$shutdown$3(245)) - 8b575f40-3d8f-4d38-a6fe-d6d3761177af: shutdown group-750949030ADC
2019-09-12 11:42:07,162 [ForkJoinPool.commonPool-worker-0] INFO  util.JmxRegister (JmxRegister.java:unregister(73)) - Successfully un-registered JMX Bean with object name Ratis:service=RaftServer,group=group-750949030ADC,id=8b575f40-3d8f-4d38-a6fe-d6d3761177af
2019-09-12 11:42:07,163 [ForkJoinPool.commonPool-worker-0] INFO  impl.RoleInfo (RoleInfo.java:shutdownLeaderState(104)) - 8b575f40-3d8f-4d38-a6fe-d6d3761177af: shutdown LeaderState
2019-09-12 11:42:07,163 [ForkJoinPool.commonPool-worker-0] INFO  impl.PendingRequests (PendingRequests.java:sendNotLeaderResponses(202)) - 8b575f40-3d8f-4d38-a6fe-d6d3761177af-PendingRequests: sendNotLeaderResponses
2019-09-12 11:42:07,163 [ForkJoinPool.commonPool-worker-0] INFO  impl.StateMachineUpdater (StateMachineUpdater.java:stopAndJoin(115)) - StateMachineUpdater:8b575f40-3d8f-4d38-a6fe-d6d3761177af:group-750949030ADC: set stopIndex = 0
2019-09-12 11:42:07,164 [ForkJoinPool.commonPool-worker-0] INFO  impl.RaftServerImpl (ServerState.java:close(394)) - 8b575f40-3d8f-4d38-a6fe-d6d3761177af:group-750949030ADC closes. The last applied log index is 0
2019-09-12 11:42:07,164 [8b575f40-3d8f-4d38-a6fe-d6d3761177af-SegmentedRaftLogWorker:Storage Directory /workdir/hadoop-ozone/ozonefs/target/test-dir/MiniOzoneClusterImpl-d4b21612-7553-42f8-bcad-6f2a2d0d7ac7/datanode-2/data/ratis/e4d8f66d-e451-4cc5-a92b-750949030adc] INFO  segmented.SegmentedRaftLogWorker (SegmentedRaftLogWorker.java:run(313)) - 8b575f40-3d8f-4d38-a6fe-d6d3761177af-SegmentedRaftLogWorker:Storage Directory /workdir/hadoop-ozone/ozonefs/target/test-dir/MiniOzoneClusterImpl-d4b21612-7553-42f8-bcad-6f2a2d0d7ac7/datanode-2/data/ratis/e4d8f66d-e451-4cc5-a92b-750949030adc was interrupted, exiting. There are 0 tasks remaining in the queue.
2019-09-12 11:42:07,164 [ForkJoinPool.commonPool-worker-0] INFO  segmented.SegmentedRaftLogWorker (SegmentedRaftLogWorker.java:close(228)) - 8b575f40-3d8f-4d38-a6fe-d6d3761177af-SegmentedRaftLogWorker:Storage Directory /workdir/hadoop-ozone/ozonefs/target/test-dir/MiniOzoneClusterImpl-d4b21612-7553-42f8-bcad-6f2a2d0d7ac7/datanode-2/data/ratis/e4d8f66d-e451-4cc5-a92b-750949030adc close()
2019-09-12 11:42:07,166 [ForkJoinPool.commonPool-worker-0] INFO  impl.RaftServerImpl (RaftServerImpl.java:lambda$shutdown$3(245)) - 8b575f40-3d8f-4d38-a6fe-d6d3761177af: shutdown group-E157148184BD
2019-09-12 11:42:07,166 [ForkJoinPool.commonPool-worker-0] INFO  util.JmxRegister (JmxRegister.java:unregister(73)) - Successfully un-registered JMX Bean with object name Ratis:service=RaftServer,group=group-E157148184BD,id=8b575f40-3d8f-4d38-a6fe-d6d3761177af
2019-09-12 11:42:07,166 [ForkJoinPool.commonPool-worker-0] INFO  impl.RoleInfo (RoleInfo.java:shutdownLeaderState(104)) - 8b575f40-3d8f-4d38-a6fe-d6d3761177af: shutdown LeaderState
2019-09-12 11:42:07,166 [ForkJoinPool.commonPool-worker-0] INFO  impl.PendingRequests (PendingRequests.java:sendNotLeaderResponses(202)) - 8b575f40-3d8f-4d38-a6fe-d6d3761177af-PendingRequests: sendNotLeaderResponses
2019-09-12 11:42:07,167 [ForkJoinPool.commonPool-worker-0] INFO  impl.StateMachineUpdater (StateMachineUpdater.java:stopAndJoin(115)) - StateMachineUpdater:8b575f40-3d8f-4d38-a6fe-d6d3761177af:group-E157148184BD: set stopIndex = 0
2019-09-12 11:42:07,167 [ForkJoinPool.commonPool-worker-0] INFO  impl.RaftServerImpl (ServerState.java:close(394)) - 8b575f40-3d8f-4d38-a6fe-d6d3761177af:group-E157148184BD closes. The last applied log index is 0
2019-09-12 11:42:07,168 [8b575f40-3d8f-4d38-a6fe-d6d3761177af-SegmentedRaftLogWorker:Storage Directory /workdir/hadoop-ozone/ozonefs/target/test-dir/MiniOzoneClusterImpl-d4b21612-7553-42f8-bcad-6f2a2d0d7ac7/datanode-2/data/ratis/dcadb9fd-d800-4b42-b1e7-e157148184bd] INFO  segmented.SegmentedRaftLogWorker (SegmentedRaftLogWorker.java:run(313)) - 8b575f40-3d8f-4d38-a6fe-d6d3761177af-SegmentedRaftLogWorker:Storage Directory /workdir/hadoop-ozone/ozonefs/target/test-dir/MiniOzoneClusterImpl-d4b21612-7553-42f8-bcad-6f2a2d0d7ac7/datanode-2/data/ratis/dcadb9fd-d800-4b42-b1e7-e157148184bd was interrupted, exiting. There are 0 tasks remaining in the queue.
2019-09-12 11:42:07,168 [ForkJoinPool.commonPool-worker-0] INFO  segmented.SegmentedRaftLogWorker (SegmentedRaftLogWorker.java:close(228)) - 8b575f40-3d8f-4d38-a6fe-d6d3761177af-SegmentedRaftLogWorker:Storage Directory /workdir/hadoop-ozone/ozonefs/target/test-dir/MiniOzoneClusterImpl-d4b21612-7553-42f8-bcad-6f2a2d0d7ac7/datanode-2/data/ratis/dcadb9fd-d800-4b42-b1e7-e157148184bd close()
2019-09-12 11:42:07,169 [ForkJoinPool.commonPool-worker-0] INFO  server.GrpcService (GrpcService.java:closeImpl(155)) - 8b575f40-3d8f-4d38-a6fe-d6d3761177af: shutdown server with port 33278 now
2019-09-12 11:42:07,171 [ForkJoinPool.commonPool-worker-0] INFO  server.GrpcService (GrpcService.java:closeImpl(163)) - 8b575f40-3d8f-4d38-a6fe-d6d3761177af: shutdown server with port 33278 successfully
2019-09-12 11:42:07,177 [ForkJoinPool.commonPool-worker-0] INFO  utils.BackgroundService (BackgroundService.java:shutdown(148)) - Shutting down service BlockDeletingService
2019-09-12 11:42:07,178 [refreshUsed-/workdir/hadoop-ozone/ozonefs/target/test-dir/MiniOzoneClusterImpl-d4b21612-7553-42f8-bcad-6f2a2d0d7ac7/datanode-2/data/containers] WARN  fs.CachingGetSpaceUsed (CachingGetSpaceUsed.java:run(183)) - Thread Interrupted waiting to refresh disk information: sleep interrupted
2019-09-12 11:42:07,207 [ForkJoinPool.commonPool-worker-0] INFO  statemachine.DatanodeStateMachine (DatanodeStateMachine.java:stopDaemon(395)) - Ozone container server stopped.
2019-09-12 11:42:07,210 [ForkJoinPool.commonPool-worker-0] INFO  handler.ContextHandler (ContextHandler.java:doStop(910)) - Stopped o.e.j.w.WebAppContext@3b28712f{/,null,UNAVAILABLE}{/hddsDatanode}
2019-09-12 11:42:07,211 [ForkJoinPool.commonPool-worker-0] INFO  server.AbstractConnector (AbstractConnector.java:doStop(318)) - Stopped ServerConnector@1f29d58c{HTTP/1.1,[http/1.1]}{0.0.0.0:0}
2019-09-12 11:42:07,212 [ForkJoinPool.commonPool-worker-0] INFO  handler.ContextHandler (ContextHandler.java:doStop(910)) - Stopped o.e.j.s.ServletContextHandler@333e7ef8{/static,jar:file:/home/user/.m2/repository/org/apache/hadoop/hadoop-hdds-container-service/0.5.0-SNAPSHOT/hadoop-hdds-container-service-0.5.0-SNAPSHOT.jar!/webapps/static,UNAVAILABLE}
2019-09-12 11:42:07,213 [ForkJoinPool.commonPool-worker-0] INFO  handler.ContextHandler (ContextHandler.java:doStop(910)) - Stopped o.e.j.s.ServletContextHandler@1cbbd2ba{/logs,file:///workdir/hadoop-ozone/ozonefs/target/log,UNAVAILABLE}
2019-09-12 11:42:07,214 [Thread-540] INFO  ozone.MiniOzoneClusterImpl (MiniOzoneClusterImpl.java:stop(353)) - Stopping the StorageContainerManager
2019-09-12 11:42:07,214 [Thread-540] INFO  server.StorageContainerManager (StorageContainerManager.java:stop(797)) - Stopping Replication Manager Service.
2019-09-12 11:42:07,215 [Thread-540] INFO  container.ReplicationManager (ReplicationManager.java:stop(192)) - Stopping Replication Monitor Thread.
2019-09-12 11:42:07,215 [Thread-540] INFO  server.StorageContainerManager (StorageContainerManager.java:stop(804)) - Stopping Lease Manager of the command watchers
2019-09-12 11:42:07,215 [Thread-540] INFO  server.StorageContainerManager (StorageContainerManager.java:stop(811)) - Stopping datanode service RPC server
2019-09-12 11:42:07,215 [Thread-540] INFO  server.SCMDatanodeProtocolServer (SCMDatanodeProtocolServer.java:stop(367)) - Stopping the RPC server for DataNodes
2019-09-12 11:42:07,215 [Thread-540] INFO  ipc.Server (Server.java:stop(3082)) - Stopping server on 38143
2019-09-12 11:42:07,217 [IPC Server listener on 38143] INFO  ipc.Server (Server.java:run(1185)) - Stopping IPC Server listener on 38143
2019-09-12 11:42:07,218 [IPC Server Responder] INFO  ipc.Server (Server.java:run(1319)) - Stopping IPC Server Responder
2019-09-12 11:42:07,291 [SCM Heartbeat Processing Thread - 0] WARN  node.NodeStateManager (NodeStateManager.java:scheduleNextHealthCheck(655)) - Current Thread is interrupted, shutting down HB processing thread for Node Manager.
2019-09-12 11:42:07,292 [Thread-540] INFO  server.StorageContainerManager (StorageContainerManager.java:stop(819)) - Stopping block service RPC server
2019-09-12 11:42:07,292 [Thread-540] INFO  server.SCMBlockProtocolServer (SCMBlockProtocolServer.java:stop(148)) - Stopping the RPC server for Block Protocol
2019-09-12 11:42:07,292 [Thread-540] INFO  ipc.Server (Server.java:stop(3082)) - Stopping server on 44025
2019-09-12 11:42:07,294 [IPC Server listener on 44025] INFO  ipc.Server (Server.java:run(1185)) - Stopping IPC Server listener on 44025
2019-09-12 11:42:07,294 [Thread-540] INFO  server.StorageContainerManager (StorageContainerManager.java:stop(826)) - Stopping the StorageContainerLocationProtocol RPC server
2019-09-12 11:42:07,295 [Thread-540] INFO  server.SCMClientProtocolServer (SCMClientProtocolServer.java:stop(159)) - Stopping the RPC server for Client Protocol
2019-09-12 11:42:07,296 [Thread-540] INFO  ipc.Server (Server.java:stop(3082)) - Stopping server on 32788
2019-09-12 11:42:07,295 [IPC Server Responder] INFO  ipc.Server (Server.java:run(1319)) - Stopping IPC Server Responder
2019-09-12 11:42:07,298 [Thread-540] INFO  server.StorageContainerManager (StorageContainerManager.java:stop(833)) - Stopping Storage Container Manager HTTP server.
2019-09-12 11:42:07,298 [IPC Server listener on 32788] INFO  ipc.Server (Server.java:run(1185)) - Stopping IPC Server listener on 32788
2019-09-12 11:42:07,300 [IPC Server Responder] INFO  ipc.Server (Server.java:run(1319)) - Stopping IPC Server Responder
2019-09-12 11:42:07,302 [Thread-540] INFO  handler.ContextHandler (ContextHandler.java:doStop(910)) - Stopped o.e.j.w.WebAppContext@1b4d06a1{/,null,UNAVAILABLE}{/scm}
2019-09-12 11:42:07,302 [Thread-540] INFO  server.AbstractConnector (AbstractConnector.java:doStop(318)) - Stopped ServerConnector@42a693c2{HTTP/1.1,[http/1.1]}{0.0.0.0:0}
2019-09-12 11:42:07,303 [Thread-540] INFO  handler.ContextHandler (ContextHandler.java:doStop(910)) - Stopped o.e.j.s.ServletContextHandler@57e855a4{/static,jar:file:/home/user/.m2/repository/org/apache/hadoop/hadoop-hdds-server-scm/0.5.0-SNAPSHOT/hadoop-hdds-server-scm-0.5.0-SNAPSHOT.jar!/webapps/static,UNAVAILABLE}
2019-09-12 11:42:07,303 [Thread-540] INFO  handler.ContextHandler (ContextHandler.java:doStop(910)) - Stopped o.e.j.s.ServletContextHandler@44b1b3b1{/logs,file:///workdir/hadoop-ozone/ozonefs/target/log,UNAVAILABLE}
2019-09-12 11:42:07,304 [Thread-540] INFO  server.StorageContainerManager (StorageContainerManager.java:stop(844)) - Stopping Block Manager Service.
2019-09-12 11:42:07,304 [Thread-540] INFO  utils.BackgroundService (BackgroundService.java:shutdown(148)) - Shutting down service SCMBlockDeletingService
2019-09-12 11:42:07,305 [Thread-540] INFO  utils.BackgroundService (BackgroundService.java:shutdown(148)) - Shutting down service SCMBlockDeletingService
2019-09-12 11:42:07,305 [Thread-540] INFO  server.StorageContainerManager (StorageContainerManager.java:stop(866)) - Stopping SCM Event Queue.
2019-09-12 11:42:07,309 [Thread-540] INFO  impl.MetricsSystemImpl (MetricsSystemImpl.java:stop(210)) - Stopping HddsDatanode metrics system...
2019-09-12 11:42:07,319 [Thread-540] INFO  impl.MetricsSystemImpl (MetricsSystemImpl.java:stop(216)) - HddsDatanode metrics system stopped.
]]></system-out>
    <system-err><![CDATA[Sep 12, 2019 11:41:51 AM com.sun.jersey.server.impl.application.WebApplicationImpl _initiate
INFO: Initiating Jersey application, version 'Jersey: 1.19 02/11/2015 03:25 AM'
Sep 12, 2019 11:41:51 AM com.sun.jersey.server.impl.application.WebApplicationImpl _initiate
INFO: Initiating Jersey application, version 'Jersey: 1.19 02/11/2015 03:25 AM'
Sep 12, 2019 11:41:51 AM com.sun.jersey.server.impl.application.WebApplicationImpl _initiate
INFO: Initiating Jersey application, version 'Jersey: 1.19 02/11/2015 03:25 AM'
Sep 12, 2019 11:41:56 AM com.sun.jersey.server.impl.application.WebApplicationImpl _initiate
INFO: Initiating Jersey application, version 'Jersey: 1.19 02/11/2015 03:25 AM'
]]></system-err>
  </testcase>
  <testcase name="testListStatus" classname="org.apache.hadoop.fs.ozone.TestOzoneFileSystem" time="17.464">
    <error message="Allocated 0 blocks. Requested 1 blocks" type="INTERNAL_ERROR org.apache.hadoop.ozone.om.exceptions.OMException">INTERNAL_ERROR org.apache.hadoop.ozone.om.exceptions.OMException: Allocated 0 blocks. Requested 1 blocks
	at org.apache.hadoop.ozone.om.protocolPB.OzoneManagerProtocolClientSideTranslatorPB.handleError(OzoneManagerProtocolClientSideTranslatorPB.java:725)
	at org.apache.hadoop.ozone.om.protocolPB.OzoneManagerProtocolClientSideTranslatorPB.createFile(OzoneManagerProtocolClientSideTranslatorPB.java:1474)
	at org.apache.hadoop.ozone.client.rpc.RpcClient.createFile(RpcClient.java:984)
	at org.apache.hadoop.ozone.client.OzoneBucket.createFile(OzoneBucket.java:535)
	at org.apache.hadoop.fs.ozone.BasicOzoneClientAdapterImpl.createFile(BasicOzoneClientAdapterImpl.java:181)
	at org.apache.hadoop.fs.ozone.BasicOzoneFileSystem.createOutputStream(BasicOzoneFileSystem.java:249)
	at org.apache.hadoop.fs.ozone.BasicOzoneFileSystem.create(BasicOzoneFileSystem.java:230)
	at org.apache.hadoop.fs.FileSystem.create(FileSystem.java:1118)
	at org.apache.hadoop.fs.FileSystem.create(FileSystem.java:1098)
	at org.apache.hadoop.fs.FileSystem.create(FileSystem.java:987)
	at org.apache.hadoop.fs.contract.ContractTestUtils.createFile(ContractTestUtils.java:633)
	at org.apache.hadoop.fs.contract.ContractTestUtils.touch(ContractTestUtils.java:669)
	at org.apache.hadoop.fs.ozone.TestOzoneFileSystem.testListStatus(TestOzoneFileSystem.java:179)
	at sun.reflect.NativeMethodAccessorImpl.invoke0(Native Method)
	at sun.reflect.NativeMethodAccessorImpl.invoke(NativeMethodAccessorImpl.java:62)
	at sun.reflect.DelegatingMethodAccessorImpl.invoke(DelegatingMethodAccessorImpl.java:43)
	at java.lang.reflect.Method.invoke(Method.java:498)
	at org.junit.runners.model.FrameworkMethod$1.runReflectiveCall(FrameworkMethod.java:47)
	at org.junit.internal.runners.model.ReflectiveCallable.run(ReflectiveCallable.java:12)
	at org.junit.runners.model.FrameworkMethod.invokeExplosively(FrameworkMethod.java:44)
	at org.junit.internal.runners.statements.InvokeMethod.evaluate(InvokeMethod.java:17)
	at org.junit.internal.runners.statements.RunBefores.evaluate(RunBefores.java:26)
	at org.junit.internal.runners.statements.RunAfters.evaluate(RunAfters.java:27)
	at org.junit.internal.runners.statements.FailOnTimeout$StatementThread.run(FailOnTimeout.java:74)
</error>
    <system-out><![CDATA[2019-09-12 11:42:07,386 [Thread-806] WARN  server.ServerUtils (ServerUtils.java:getScmDbDir(145)) - ozone.scm.db.dirs is not configured. We recommend adding this setting. Falling back to ozone.metadata.dirs instead.
2019-09-12 11:42:07,428 [Thread-806] WARN  server.ServerUtils (ServerUtils.java:getScmDbDir(145)) - ozone.scm.db.dirs is not configured. We recommend adding this setting. Falling back to ozone.metadata.dirs instead.
2019-09-12 11:42:07,428 [Thread-806] WARN  server.ServerUtils (ServerUtils.java:getScmDbDir(145)) - ozone.scm.db.dirs is not configured. We recommend adding this setting. Falling back to ozone.metadata.dirs instead.
2019-09-12 11:42:07,429 [Thread-806] INFO  db.DBStoreBuilder (DBStoreBuilder.java:addTable(110)) - using custom profile for table: deletedBlocks
2019-09-12 11:42:07,429 [Thread-806] INFO  db.DBStoreBuilder (DBStoreBuilder.java:processTables(161)) - Using default column profile:DBProfile.DISK for Table:deletedBlocks
2019-09-12 11:42:07,429 [Thread-806] INFO  db.DBStoreBuilder (DBStoreBuilder.java:addTable(110)) - using custom profile for table: validCerts
2019-09-12 11:42:07,429 [Thread-806] INFO  db.DBStoreBuilder (DBStoreBuilder.java:processTables(161)) - Using default column profile:DBProfile.DISK for Table:validCerts
2019-09-12 11:42:07,430 [Thread-806] INFO  db.DBStoreBuilder (DBStoreBuilder.java:addTable(110)) - using custom profile for table: revokedCerts
2019-09-12 11:42:07,430 [Thread-806] INFO  db.DBStoreBuilder (DBStoreBuilder.java:processTables(161)) - Using default column profile:DBProfile.DISK for Table:revokedCerts
2019-09-12 11:42:07,430 [Thread-806] INFO  db.DBStoreBuilder (DBStoreBuilder.java:addTable(110)) - using custom profile for table: default
2019-09-12 11:42:07,431 [Thread-806] INFO  db.DBStoreBuilder (DBStoreBuilder.java:processTables(167)) - Using default column profile:DBProfile.DISK for Table:default
2019-09-12 11:42:07,431 [Thread-806] INFO  db.DBStoreBuilder (DBStoreBuilder.java:getDbProfile(198)) - Using default options. DBProfile.DISK
2019-09-12 11:42:07,610 [Thread-806] INFO  net.NodeSchemaLoader (NodeSchemaLoader.java:loadSchemaFromFile(125)) - Loading file from sun.misc.CompoundEnumeration@1c03239b
2019-09-12 11:42:07,611 [Thread-806] INFO  net.NodeSchemaLoader (NodeSchemaLoader.java:loadSchema(171)) - Loading network topology layer schema file
2019-09-12 11:42:07,616 [Thread-806] WARN  server.ServerUtils (ServerUtils.java:sanitizeUserArgs(70)) - ozone.scm.stale.node.interval value = 300000 is larger than max = 100000 based on the key value of ozone.scm.heartbeat.thread.interval, reset to the max value 100000.
2019-09-12 11:42:07,616 [Thread-806] WARN  server.ServerUtils (ServerUtils.java:sanitizeUserArgs(70)) - ozone.scm.stale.node.interval value = 300000 is larger than max = 100000 based on the key value of ozone.scm.heartbeat.thread.interval, reset to the max value 100000.
2019-09-12 11:42:07,617 [Thread-806] INFO  node.SCMNodeManager (SCMNodeManager.java:<init>(121)) - Entering startup safe mode.
2019-09-12 11:42:07,617 [Thread-806] INFO  algorithms.ContainerPlacementPolicyFactory (ContainerPlacementPolicyFactory.java:getPolicy(56)) - Create container placement policy of type org.apache.hadoop.hdds.scm.container.placement.algorithms.SCMContainerPlacementRandom
2019-09-12 11:42:07,618 [Thread-806] WARN  server.ServerUtils (ServerUtils.java:getScmDbDir(145)) - ozone.scm.db.dirs is not configured. We recommend adding this setting. Falling back to ozone.metadata.dirs instead.
2019-09-12 11:42:07,654 [Thread-806] INFO  pipeline.SCMPipelineManager (SCMPipelineManager.java:initializePipelineState(126)) - No pipeline exists in current db
2019-09-12 11:42:07,655 [Thread-806] WARN  server.ServerUtils (ServerUtils.java:getScmDbDir(145)) - ozone.scm.db.dirs is not configured. We recommend adding this setting. Falling back to ozone.metadata.dirs instead.
2019-09-12 11:42:07,732 [Thread-806] WARN  events.EventQueue (EventQueue.java:fireEvent(175)) - No event handler registered for event TypedEvent{payloadType=SafeModeStatus, name='SafeModeStatus'}
2019-09-12 11:42:07,733 [Thread-806] INFO  ipc.CallQueueManager (CallQueueManager.java:<init>(84)) - Using callQueue: class java.util.concurrent.LinkedBlockingQueue, queueCapacity: 2000, scheduler: class org.apache.hadoop.ipc.DefaultRpcScheduler, ipcBackoff: false.
2019-09-12 11:42:07,734 [Socket Reader #1 for port 41790] INFO  ipc.Server (Server.java:run(1074)) - Starting Socket Reader #1 for port 41790
2019-09-12 11:42:07,736 [Thread-806] INFO  ipc.CallQueueManager (CallQueueManager.java:<init>(84)) - Using callQueue: class java.util.concurrent.LinkedBlockingQueue, queueCapacity: 2000, scheduler: class org.apache.hadoop.ipc.DefaultRpcScheduler, ipcBackoff: false.
2019-09-12 11:42:07,736 [Socket Reader #1 for port 41981] INFO  ipc.Server (Server.java:run(1074)) - Starting Socket Reader #1 for port 41981
2019-09-12 11:42:07,738 [Thread-806] INFO  ipc.CallQueueManager (CallQueueManager.java:<init>(84)) - Using callQueue: class java.util.concurrent.LinkedBlockingQueue, queueCapacity: 2000, scheduler: class org.apache.hadoop.ipc.DefaultRpcScheduler, ipcBackoff: false.
2019-09-12 11:42:07,738 [Socket Reader #1 for port 45273] INFO  ipc.Server (Server.java:run(1074)) - Starting Socket Reader #1 for port 45273
2019-09-12 11:42:07,742 [Thread-806] INFO  hdfs.DFSUtil (DFSUtil.java:httpServerTemplateForNNAndJN(1641)) - Starting Web-server for scm at: http://0.0.0.0:0
2019-09-12 11:42:07,744 [Thread-806] INFO  server.AuthenticationFilter (AuthenticationFilter.java:constructSecretProvider(240)) - Unable to initialize FileSignerSecretProvider, falling back to use random secrets.
2019-09-12 11:42:07,745 [Thread-806] WARN  http.HttpRequestLog (HttpRequestLog.java:getRequestLog(97)) - Jetty request log can only be enabled using Log4j
2019-09-12 11:42:07,747 [Thread-806] INFO  http.HttpServer2 (HttpServer2.java:addGlobalFilter(975)) - Added global filter 'safety' (class=org.apache.hadoop.http.HttpServer2$QuotingInputFilter)
2019-09-12 11:42:07,747 [Thread-806] INFO  http.HttpServer2 (HttpServer2.java:addFilter(948)) - Added filter static_user_filter (class=org.apache.hadoop.http.lib.StaticUserWebFilter$StaticUserFilter) to context scm
2019-09-12 11:42:07,748 [Thread-806] INFO  http.HttpServer2 (HttpServer2.java:addFilter(958)) - Added filter static_user_filter (class=org.apache.hadoop.http.lib.StaticUserWebFilter$StaticUserFilter) to context logs
2019-09-12 11:42:07,748 [Thread-806] INFO  http.HttpServer2 (HttpServer2.java:addFilter(958)) - Added filter static_user_filter (class=org.apache.hadoop.http.lib.StaticUserWebFilter$StaticUserFilter) to context static
2019-09-12 11:42:07,749 [Thread-806] INFO  server.StorageContainerManager (StorageContainerManager.java:start(759)) - StorageContainerLocationProtocol RPC server is listening at /0.0.0.0:45273
2019-09-12 11:42:07,751 [Thread-806] WARN  impl.MetricsConfig (MetricsConfig.java:loadFirst(134)) - Cannot locate configuration: tried hadoop-metrics2-storagecontainermanager.properties,hadoop-metrics2.properties
2019-09-12 11:42:07,753 [Thread-806] INFO  impl.MetricsSystemImpl (MetricsSystemImpl.java:startTimer(374)) - Scheduled Metric snapshot period at 10 second(s).
2019-09-12 11:42:07,753 [Thread-806] INFO  impl.MetricsSystemImpl (MetricsSystemImpl.java:start(191)) - StorageContainerManager metrics system started
2019-09-12 11:42:07,801 [Thread-806] INFO  server.SCMClientProtocolServer (SCMClientProtocolServer.java:start(151)) - RPC server for Client  is listening at /0.0.0.0:45273
2019-09-12 11:42:07,802 [IPC Server Responder] INFO  ipc.Server (Server.java:run(1314)) - IPC Server Responder: starting
2019-09-12 11:42:07,802 [IPC Server listener on 45273] INFO  ipc.Server (Server.java:run(1153)) - IPC Server listener on 45273: starting
2019-09-12 11:42:07,806 [Thread-806] INFO  server.StorageContainerManager (StorageContainerManager.java:start(769)) - ScmBlockLocationProtocol RPC server is listening at /0.0.0.0:41981
2019-09-12 11:42:07,806 [Thread-806] INFO  server.SCMBlockProtocolServer (SCMBlockProtocolServer.java:start(140)) - RPC server for Block Protocol is listening at /0.0.0.0:41981
2019-09-12 11:42:07,806 [IPC Server Responder] INFO  ipc.Server (Server.java:run(1314)) - IPC Server Responder: starting
2019-09-12 11:42:07,806 [IPC Server listener on 41981] INFO  ipc.Server (Server.java:run(1153)) - IPC Server listener on 41981: starting
2019-09-12 11:42:07,810 [Thread-806] INFO  server.StorageContainerManager (StorageContainerManager.java:start(773)) - ScmDatanodeProtocl RPC server is listening at /0.0.0.0:41790
2019-09-12 11:42:07,810 [Thread-806] INFO  server.SCMDatanodeProtocolServer (SCMDatanodeProtocolServer.java:start(191)) - RPC server for DataNodes is listening at /0.0.0.0:41790
2019-09-12 11:42:07,811 [IPC Server Responder] INFO  ipc.Server (Server.java:run(1314)) - IPC Server Responder: starting
2019-09-12 11:42:07,811 [IPC Server listener on 41790] INFO  ipc.Server (Server.java:run(1153)) - IPC Server listener on 41790: starting
2019-09-12 11:42:07,815 [Thread-806] INFO  http.HttpServer2 (HttpServer2.java:bindListener(1191)) - Jetty bound to port 43082
2019-09-12 11:42:07,815 [Thread-806] INFO  server.Server (Server.java:doStart(351)) - jetty-9.3.24.v20180605, build timestamp: 2018-06-05T17:11:56Z, git hash: 84205aa28f11a4f31f2a3b86d1bba2cc8ab69827
2019-09-12 11:42:07,817 [Thread-806] INFO  handler.ContextHandler (ContextHandler.java:doStart(781)) - Started o.e.j.s.ServletContextHandler@6ffa80df{/logs,file:///workdir/hadoop-ozone/ozonefs/target/log,AVAILABLE}
2019-09-12 11:42:07,818 [Thread-806] INFO  handler.ContextHandler (ContextHandler.java:doStart(781)) - Started o.e.j.s.ServletContextHandler@539aea7c{/static,jar:file:/home/user/.m2/repository/org/apache/hadoop/hadoop-hdds-server-scm/0.5.0-SNAPSHOT/hadoop-hdds-server-scm-0.5.0-SNAPSHOT.jar!/webapps/static,AVAILABLE}
2019-09-12 11:42:07,867 [Thread-806] INFO  handler.ContextHandler (ContextHandler.java:doStart(781)) - Started o.e.j.w.WebAppContext@32ad1e62{/,file:///tmp/jetty-0.0.0.0-43082-scm-_-any-6028759919445579511.dir/webapp/,AVAILABLE}{/scm}
2019-09-12 11:42:07,868 [Thread-806] INFO  server.AbstractConnector (AbstractConnector.java:doStart(278)) - Started ServerConnector@42de636e{HTTP/1.1,[http/1.1]}{0.0.0.0:43082}
2019-09-12 11:42:07,868 [Thread-806] INFO  server.Server (Server.java:doStart(419)) - Started @59471ms
2019-09-12 11:42:07,869 [Thread-806] INFO  server.BaseHttpServer (BaseHttpServer.java:updateConnectorAddress(213)) - HTTP server of SCM is listening at http://0.0.0.0:43082
2019-09-12 11:42:07,870 [Thread-806] WARN  server.ServerUtils (ServerUtils.java:getDBPath(222)) - ozone.om.db.dirs is not configured. We recommend adding this setting. Falling back to ozone.metadata.dirs instead.
2019-09-12 11:42:07,871 [org.apache.hadoop.util.JvmPauseMonitor$Monitor@45a7cc94] INFO  util.JvmPauseMonitor (JvmPauseMonitor.java:run(188)) - Starting JVM pause monitor
2019-09-12 11:42:07,893 [Thread-806] WARN  server.ServerUtils (ServerUtils.java:getDBPath(222)) - ozone.om.db.dirs is not configured. We recommend adding this setting. Falling back to ozone.metadata.dirs instead.
2019-09-12 11:42:07,893 [Thread-806] WARN  server.ServerUtils (ServerUtils.java:getDBPath(222)) - ozone.om.db.dirs is not configured. We recommend adding this setting. Falling back to ozone.metadata.dirs instead.
2019-09-12 11:42:07,894 [Thread-806] INFO  om.OzoneManager (OzoneManager.java:setOMNodeDetails(645)) - OM Service ID is not set. Setting it to the default ID: omServiceIdDefault
2019-09-12 11:42:07,894 [Thread-806] INFO  om.OzoneManager (OzoneManager.java:setOMNodeDetails(651)) - OM Node ID is not set. Setting it to the OmStorage's OmID: 7f331716-80f7-445c-8578-f2bfeedb0eac
2019-09-12 11:42:07,894 [Thread-806] INFO  om.OzoneManager (OzoneManager.java:loadOMHAConfigs(602)) - Found matching OM address with OMServiceId: null, OMNodeId: null, RPC Address: localhost:0 and Ratis port: 9872
2019-09-12 11:42:07,898 | INFO  | SCMAudit | user=jenkins1000 | ip=192.168.157.195 | op=GET_SCM_INFO null | ret=SUCCESS |  
2019-09-12 11:42:07,900 [Thread-806] WARN  server.ServerUtils (ServerUtils.java:getDBPath(222)) - ozone.om.db.dirs is not configured. We recommend adding this setting. Falling back to ozone.metadata.dirs instead.
2019-09-12 11:42:07,901 [Thread-806] INFO  db.DBStoreBuilder (DBStoreBuilder.java:addTable(110)) - using custom profile for table: userTable
2019-09-12 11:42:07,901 [Thread-806] INFO  db.DBStoreBuilder (DBStoreBuilder.java:processTables(161)) - Using default column profile:DBProfile.DISK for Table:userTable
2019-09-12 11:42:07,901 [Thread-806] INFO  db.DBStoreBuilder (DBStoreBuilder.java:addTable(110)) - using custom profile for table: volumeTable
2019-09-12 11:42:07,901 [Thread-806] INFO  db.DBStoreBuilder (DBStoreBuilder.java:processTables(161)) - Using default column profile:DBProfile.DISK for Table:volumeTable
2019-09-12 11:42:07,901 [Thread-806] INFO  db.DBStoreBuilder (DBStoreBuilder.java:addTable(110)) - using custom profile for table: bucketTable
2019-09-12 11:42:07,901 [Thread-806] INFO  db.DBStoreBuilder (DBStoreBuilder.java:processTables(161)) - Using default column profile:DBProfile.DISK for Table:bucketTable
2019-09-12 11:42:07,902 [Thread-806] INFO  db.DBStoreBuilder (DBStoreBuilder.java:addTable(110)) - using custom profile for table: keyTable
2019-09-12 11:42:07,902 [Thread-806] INFO  db.DBStoreBuilder (DBStoreBuilder.java:processTables(161)) - Using default column profile:DBProfile.DISK for Table:keyTable
2019-09-12 11:42:07,902 [Thread-806] INFO  db.DBStoreBuilder (DBStoreBuilder.java:addTable(110)) - using custom profile for table: deletedTable
2019-09-12 11:42:07,902 [Thread-806] INFO  db.DBStoreBuilder (DBStoreBuilder.java:processTables(161)) - Using default column profile:DBProfile.DISK for Table:deletedTable
2019-09-12 11:42:07,902 [Thread-806] INFO  db.DBStoreBuilder (DBStoreBuilder.java:addTable(110)) - using custom profile for table: openKeyTable
2019-09-12 11:42:07,902 [Thread-806] INFO  db.DBStoreBuilder (DBStoreBuilder.java:processTables(161)) - Using default column profile:DBProfile.DISK for Table:openKeyTable
2019-09-12 11:42:07,903 [Thread-806] INFO  db.DBStoreBuilder (DBStoreBuilder.java:addTable(110)) - using custom profile for table: s3Table
2019-09-12 11:42:07,903 [Thread-806] INFO  db.DBStoreBuilder (DBStoreBuilder.java:processTables(161)) - Using default column profile:DBProfile.DISK for Table:s3Table
2019-09-12 11:42:07,903 [Thread-806] INFO  db.DBStoreBuilder (DBStoreBuilder.java:addTable(110)) - using custom profile for table: multipartInfoTable
2019-09-12 11:42:07,903 [Thread-806] INFO  db.DBStoreBuilder (DBStoreBuilder.java:processTables(161)) - Using default column profile:DBProfile.DISK for Table:multipartInfoTable
2019-09-12 11:42:07,903 [Thread-806] INFO  db.DBStoreBuilder (DBStoreBuilder.java:addTable(110)) - using custom profile for table: dTokenTable
2019-09-12 11:42:07,903 [Thread-806] INFO  db.DBStoreBuilder (DBStoreBuilder.java:processTables(161)) - Using default column profile:DBProfile.DISK for Table:dTokenTable
2019-09-12 11:42:07,904 [Thread-806] INFO  db.DBStoreBuilder (DBStoreBuilder.java:addTable(110)) - using custom profile for table: s3SecretTable
2019-09-12 11:42:07,904 [Thread-806] INFO  db.DBStoreBuilder (DBStoreBuilder.java:processTables(161)) - Using default column profile:DBProfile.DISK for Table:s3SecretTable
2019-09-12 11:42:07,904 [Thread-806] INFO  db.DBStoreBuilder (DBStoreBuilder.java:addTable(110)) - using custom profile for table: prefixTable
2019-09-12 11:42:07,904 [Thread-806] INFO  db.DBStoreBuilder (DBStoreBuilder.java:processTables(161)) - Using default column profile:DBProfile.DISK for Table:prefixTable
2019-09-12 11:42:07,904 [Thread-806] INFO  db.DBStoreBuilder (DBStoreBuilder.java:addTable(110)) - using custom profile for table: default
2019-09-12 11:42:07,904 [Thread-806] INFO  db.DBStoreBuilder (DBStoreBuilder.java:processTables(167)) - Using default column profile:DBProfile.DISK for Table:default
2019-09-12 11:42:07,905 [Thread-806] INFO  db.DBStoreBuilder (DBStoreBuilder.java:getDbProfile(198)) - Using default options. DBProfile.DISK
2019-09-12 11:42:08,523 [Thread-806] INFO  ipc.CallQueueManager (CallQueueManager.java:<init>(84)) - Using callQueue: class java.util.concurrent.LinkedBlockingQueue, queueCapacity: 2000, scheduler: class org.apache.hadoop.ipc.DefaultRpcScheduler, ipcBackoff: false.
2019-09-12 11:42:08,525 [Socket Reader #1 for port 40308] INFO  ipc.Server (Server.java:run(1074)) - Starting Socket Reader #1 for port 40308
2019-09-12 11:42:08,550 [Thread-806] INFO  om.OzoneManager (OzoneManager.java:start(1256)) - OzoneManager RPC server is listening at localhost/127.0.0.1:40308
2019-09-12 11:42:08,550 [Thread-806] INFO  impl.MetricsSystemImpl (MetricsSystemImpl.java:init(158)) - OzoneManager metrics system started (again)
2019-09-12 11:42:08,551 [IPC Server Responder] INFO  ipc.Server (Server.java:run(1314)) - IPC Server Responder: starting
2019-09-12 11:42:08,552 [IPC Server listener on 40308] INFO  ipc.Server (Server.java:run(1153)) - IPC Server listener on 40308: starting
2019-09-12 11:42:08,557 [Thread-806] INFO  hdfs.DFSUtil (DFSUtil.java:httpServerTemplateForNNAndJN(1641)) - Starting Web-server for ozoneManager at: http://0.0.0.0:0
2019-09-12 11:42:08,559 [Thread-806] INFO  server.AuthenticationFilter (AuthenticationFilter.java:constructSecretProvider(240)) - Unable to initialize FileSignerSecretProvider, falling back to use random secrets.
2019-09-12 11:42:08,560 [Thread-806] WARN  http.HttpRequestLog (HttpRequestLog.java:getRequestLog(97)) - Jetty request log can only be enabled using Log4j
2019-09-12 11:42:08,562 [Thread-806] INFO  http.HttpServer2 (HttpServer2.java:addGlobalFilter(975)) - Added global filter 'safety' (class=org.apache.hadoop.http.HttpServer2$QuotingInputFilter)
2019-09-12 11:42:08,563 [Thread-806] INFO  http.HttpServer2 (HttpServer2.java:addFilter(948)) - Added filter static_user_filter (class=org.apache.hadoop.http.lib.StaticUserWebFilter$StaticUserFilter) to context ozoneManager
2019-09-12 11:42:08,563 [Thread-806] INFO  http.HttpServer2 (HttpServer2.java:addFilter(958)) - Added filter static_user_filter (class=org.apache.hadoop.http.lib.StaticUserWebFilter$StaticUserFilter) to context logs
2019-09-12 11:42:08,563 [Thread-806] INFO  http.HttpServer2 (HttpServer2.java:addFilter(958)) - Added filter static_user_filter (class=org.apache.hadoop.http.lib.StaticUserWebFilter$StaticUserFilter) to context static
2019-09-12 11:42:08,564 [Thread-806] INFO  http.HttpServer2 (HttpServer2.java:bindListener(1191)) - Jetty bound to port 38123
2019-09-12 11:42:08,565 [Thread-806] INFO  server.Server (Server.java:doStart(351)) - jetty-9.3.24.v20180605, build timestamp: 2018-06-05T17:11:56Z, git hash: 84205aa28f11a4f31f2a3b86d1bba2cc8ab69827
2019-09-12 11:42:08,567 [Thread-806] INFO  handler.ContextHandler (ContextHandler.java:doStart(781)) - Started o.e.j.s.ServletContextHandler@4d2547ed{/logs,file:///workdir/hadoop-ozone/ozonefs/target/log,AVAILABLE}
2019-09-12 11:42:08,568 [Thread-806] INFO  handler.ContextHandler (ContextHandler.java:doStart(781)) - Started o.e.j.s.ServletContextHandler@424c93e5{/static,jar:file:/home/user/.m2/repository/org/apache/hadoop/hadoop-ozone-ozone-manager/0.5.0-SNAPSHOT/hadoop-ozone-ozone-manager-0.5.0-SNAPSHOT.jar!/webapps/static,AVAILABLE}
2019-09-12 11:42:08,633 [Thread-806] INFO  handler.ContextHandler (ContextHandler.java:doStart(781)) - Started o.e.j.w.WebAppContext@6e3b6747{/,file:///tmp/jetty-0.0.0.0-38123-ozoneManager-_-any-8846474350752520196.dir/webapp/,AVAILABLE}{/ozoneManager}
2019-09-12 11:42:08,634 [Thread-806] INFO  server.AbstractConnector (AbstractConnector.java:doStart(278)) - Started ServerConnector@7bd7150f{HTTP/1.1,[http/1.1]}{0.0.0.0:38123}
2019-09-12 11:42:08,635 [Thread-806] INFO  server.Server (Server.java:doStart(419)) - Started @60238ms
2019-09-12 11:42:08,636 [Thread-806] INFO  server.BaseHttpServer (BaseHttpServer.java:updateConnectorAddress(213)) - HTTP server of OZONEMANAGER is listening at http://0.0.0.0:38123
2019-09-12 11:42:08,644 [Thread-806] INFO  impl.MetricsSystemImpl (MetricsSystemImpl.java:init(158)) - HddsDatanode metrics system started (again)
2019-09-12 11:42:08,646 [Thread-806] INFO  ozone.HddsDatanodeService (HddsDatanodeService.java:start(184)) - HddsDatanodeService host:pr-hdds-1569-xtfnx-3545843844 ip:192.168.157.195
2019-09-12 11:42:08,654 [Thread-806] INFO  volume.HddsVolume (HddsVolume.java:<init>(176)) - Creating Volume: /workdir/hadoop-ozone/ozonefs/target/test-dir/MiniOzoneClusterImpl-a0aea141-3c1c-4ab4-ba0c-769bf23ae178/datanode-0/data/containers/hdds of  storage type : DISK and capacity : 1482555576320
2019-09-12 11:42:08,654 [Thread-806] INFO  volume.VolumeSet (VolumeSet.java:initializeVolumeSet(170)) - Added Volume : /workdir/hadoop-ozone/ozonefs/target/test-dir/MiniOzoneClusterImpl-a0aea141-3c1c-4ab4-ba0c-769bf23ae178/datanode-0/data/containers/hdds to VolumeSet
2019-09-12 11:42:08,654 [Thread-806] INFO  volume.ThrottledAsyncChecker (ThrottledAsyncChecker.java:schedule(140)) - Scheduling a check for org.apache.hadoop.ozone.container.common.volume.HddsVolume@6e125f8d
2019-09-12 11:42:08,654 [Thread-806] INFO  volume.HddsVolumeChecker (HddsVolumeChecker.java:checkAllVolumes(203)) - Scheduled health check for volume org.apache.hadoop.ozone.container.common.volume.HddsVolume@6e125f8d
2019-09-12 11:42:08,676 [Thread-806] INFO  impl.RaftServerProxy (ConfUtils.java:logGet(43)) - raft.rpc.type = GRPC (default)
2019-09-12 11:42:08,676 [Thread-806] INFO  grpc.GrpcFactory (GrpcFactory.java:checkPooledByteBufAllocatorUseCacheForAllThreads(45)) - PERFORMANCE WARNING: useCacheForAllThreads is true that may cause Netty to create a lot garbage objects and, as a result, trigger GC.
	It is recommended to disable useCacheForAllThreads by setting -Dorg.apache.ratis.thirdparty.io.netty.allocator.useCacheForAllThreads=false in command line.
2019-09-12 11:42:08,676 [Thread-806] INFO  grpc.GrpcConfigKeys$Server (ConfUtils.java:logGet(43)) - raft.grpc.server.port = 0 (default)
2019-09-12 11:42:08,676 [Thread-806] INFO  server.GrpcService (ConfUtils.java:logGet(43)) - raft.grpc.message.size.max = 33570816 (custom)
2019-09-12 11:42:08,676 [Thread-806] INFO  server.RaftServerConfigKeys (ConfUtils.java:logGet(43)) - raft.server.log.appender.buffer.byte-limit = 33554432 (custom)
2019-09-12 11:42:08,676 [Thread-806] INFO  server.GrpcService (ConfUtils.java:logGet(43)) - raft.grpc.flow.control.window = 1MB (=1048576) (default)
2019-09-12 11:42:08,677 [Thread-806] INFO  server.RaftServerConfigKeys (ConfUtils.java:logGet(43)) - raft.server.rpc.request.timeout = 3000ms (default)
2019-09-12 11:42:08,677 [Thread-806] INFO  server.RaftServerConfigKeys (ConfUtils.java:logGet(43)) - raft.server.storage.dir = [/workdir/hadoop-ozone/ozonefs/target/test-dir/MiniOzoneClusterImpl-a0aea141-3c1c-4ab4-ba0c-769bf23ae178/datanode-0/data/ratis] (custom)
2019-09-12 11:42:08,677 [Thread-806] INFO  replication.SimpleContainerDownloader (SimpleContainerDownloader.java:<init>(72)) - Starting container downloader service to copy containers to replicate.
2019-09-12 11:42:08,678 [Thread-806] INFO  hdfs.DFSUtil (DFSUtil.java:httpServerTemplateForNNAndJN(1641)) - Starting Web-server for hddsDatanode at: http://0.0.0.0:0
2019-09-12 11:42:08,680 [Thread-806] INFO  server.AuthenticationFilter (AuthenticationFilter.java:constructSecretProvider(240)) - Unable to initialize FileSignerSecretProvider, falling back to use random secrets.
2019-09-12 11:42:08,680 [Thread-806] WARN  http.HttpRequestLog (HttpRequestLog.java:getRequestLog(97)) - Jetty request log can only be enabled using Log4j
2019-09-12 11:42:08,682 [Thread-806] INFO  http.HttpServer2 (HttpServer2.java:addGlobalFilter(975)) - Added global filter 'safety' (class=org.apache.hadoop.http.HttpServer2$QuotingInputFilter)
2019-09-12 11:42:08,683 [Thread-806] INFO  http.HttpServer2 (HttpServer2.java:addFilter(948)) - Added filter static_user_filter (class=org.apache.hadoop.http.lib.StaticUserWebFilter$StaticUserFilter) to context hddsDatanode
2019-09-12 11:42:08,683 [Thread-806] INFO  http.HttpServer2 (HttpServer2.java:addFilter(958)) - Added filter static_user_filter (class=org.apache.hadoop.http.lib.StaticUserWebFilter$StaticUserFilter) to context logs
2019-09-12 11:42:08,683 [Thread-806] INFO  http.HttpServer2 (HttpServer2.java:addFilter(958)) - Added filter static_user_filter (class=org.apache.hadoop.http.lib.StaticUserWebFilter$StaticUserFilter) to context static
2019-09-12 11:42:08,684 [Thread-806] INFO  http.HttpServer2 (HttpServer2.java:bindListener(1191)) - Jetty bound to port 35706
2019-09-12 11:42:08,684 [Thread-806] INFO  server.Server (Server.java:doStart(351)) - jetty-9.3.24.v20180605, build timestamp: 2018-06-05T17:11:56Z, git hash: 84205aa28f11a4f31f2a3b86d1bba2cc8ab69827
2019-09-12 11:42:08,686 [Thread-806] INFO  handler.ContextHandler (ContextHandler.java:doStart(781)) - Started o.e.j.s.ServletContextHandler@49e842b0{/logs,file:///workdir/hadoop-ozone/ozonefs/target/log,AVAILABLE}
2019-09-12 11:42:08,686 [Thread-806] INFO  handler.ContextHandler (ContextHandler.java:doStart(781)) - Started o.e.j.s.ServletContextHandler@6a87142c{/static,jar:file:/home/user/.m2/repository/org/apache/hadoop/hadoop-hdds-container-service/0.5.0-SNAPSHOT/hadoop-hdds-container-service-0.5.0-SNAPSHOT.jar!/webapps/static,AVAILABLE}
2019-09-12 11:42:08,714 [Thread-806] INFO  handler.ContextHandler (ContextHandler.java:doStart(781)) - Started o.e.j.w.WebAppContext@2484b0b2{/,file:///tmp/jetty-0.0.0.0-35706-hddsDatanode-_-any-6233946997089031549.dir/webapp/,AVAILABLE}{/hddsDatanode}
2019-09-12 11:42:08,714 [Thread-806] INFO  server.AbstractConnector (AbstractConnector.java:doStart(278)) - Started ServerConnector@783a5842{HTTP/1.1,[http/1.1]}{0.0.0.0:35706}
2019-09-12 11:42:08,715 [Thread-806] INFO  server.Server (Server.java:doStart(419)) - Started @60318ms
2019-09-12 11:42:08,716 [Thread-806] INFO  server.BaseHttpServer (BaseHttpServer.java:updateConnectorAddress(213)) - HTTP server of HDDSDATANODE is listening at http://0.0.0.0:35706
2019-09-12 11:42:08,828 | INFO  | ObjectStoreRestHttpServer | Listening HDDS REST traffic on /0.0.0.0:34975 |  
2019-09-12 11:42:08,828 [Thread-806] INFO  ozone.HddsDatanodeService (HddsDatanodeService.java:startPlugins(395)) - Started plug-in org.apache.hadoop.ozone.web.OzoneHddsDatanodeService@663c6dfe
2019-09-12 11:42:08,829 [Thread-806] INFO  impl.MetricsSystemImpl (MetricsSystemImpl.java:init(158)) - HddsDatanode metrics system started (again)
2019-09-12 11:42:08,831 [org.apache.hadoop.util.JvmPauseMonitor$Monitor@31fb1914] INFO  util.JvmPauseMonitor (JvmPauseMonitor.java:run(188)) - Starting JVM pause monitor
2019-09-12 11:42:08,831 [Thread-806] INFO  ozone.HddsDatanodeService (HddsDatanodeService.java:start(184)) - HddsDatanodeService host:pr-hdds-1569-xtfnx-3545843844 ip:192.168.157.195
2019-09-12 11:42:08,834 [Datanode State Machine Thread - 0] INFO  datanode.InitDatanodeState (InitDatanodeState.java:persistContainerDatanodeDetails(140)) - DatanodeDetails is persisted to /workdir/hadoop-ozone/ozonefs/target/test-dir/MiniOzoneClusterImpl-a0aea141-3c1c-4ab4-ba0c-769bf23ae178/datanode-0/meta/datanode.id
2019-09-12 11:42:08,839 [Thread-806] INFO  volume.HddsVolume (HddsVolume.java:<init>(176)) - Creating Volume: /workdir/hadoop-ozone/ozonefs/target/test-dir/MiniOzoneClusterImpl-a0aea141-3c1c-4ab4-ba0c-769bf23ae178/datanode-1/data/containers/hdds of  storage type : DISK and capacity : 1482555576320
2019-09-12 11:42:08,839 [Thread-806] INFO  volume.VolumeSet (VolumeSet.java:initializeVolumeSet(170)) - Added Volume : /workdir/hadoop-ozone/ozonefs/target/test-dir/MiniOzoneClusterImpl-a0aea141-3c1c-4ab4-ba0c-769bf23ae178/datanode-1/data/containers/hdds to VolumeSet
2019-09-12 11:42:08,839 [Thread-806] INFO  volume.ThrottledAsyncChecker (ThrottledAsyncChecker.java:schedule(140)) - Scheduling a check for org.apache.hadoop.ozone.container.common.volume.HddsVolume@6586729d
2019-09-12 11:42:08,839 [Thread-806] INFO  volume.HddsVolumeChecker (HddsVolumeChecker.java:checkAllVolumes(203)) - Scheduled health check for volume org.apache.hadoop.ozone.container.common.volume.HddsVolume@6586729d
2019-09-12 11:42:08,858 [Thread-806] INFO  impl.RaftServerProxy (ConfUtils.java:logGet(43)) - raft.rpc.type = GRPC (default)
2019-09-12 11:42:08,858 [Thread-806] INFO  grpc.GrpcFactory (GrpcFactory.java:checkPooledByteBufAllocatorUseCacheForAllThreads(45)) - PERFORMANCE WARNING: useCacheForAllThreads is true that may cause Netty to create a lot garbage objects and, as a result, trigger GC.
	It is recommended to disable useCacheForAllThreads by setting -Dorg.apache.ratis.thirdparty.io.netty.allocator.useCacheForAllThreads=false in command line.
2019-09-12 11:42:08,859 [Thread-806] INFO  grpc.GrpcConfigKeys$Server (ConfUtils.java:logGet(43)) - raft.grpc.server.port = 0 (default)
2019-09-12 11:42:08,859 [Thread-806] INFO  server.GrpcService (ConfUtils.java:logGet(43)) - raft.grpc.message.size.max = 33570816 (custom)
2019-09-12 11:42:08,859 [Thread-806] INFO  server.RaftServerConfigKeys (ConfUtils.java:logGet(43)) - raft.server.log.appender.buffer.byte-limit = 33554432 (custom)
2019-09-12 11:42:08,859 [Thread-806] INFO  server.GrpcService (ConfUtils.java:logGet(43)) - raft.grpc.flow.control.window = 1MB (=1048576) (default)
2019-09-12 11:42:08,859 [Thread-806] INFO  server.RaftServerConfigKeys (ConfUtils.java:logGet(43)) - raft.server.rpc.request.timeout = 3000ms (default)
2019-09-12 11:42:08,860 [Thread-806] INFO  server.RaftServerConfigKeys (ConfUtils.java:logGet(43)) - raft.server.storage.dir = [/workdir/hadoop-ozone/ozonefs/target/test-dir/MiniOzoneClusterImpl-a0aea141-3c1c-4ab4-ba0c-769bf23ae178/datanode-1/data/ratis] (custom)
2019-09-12 11:42:08,860 [Thread-806] INFO  replication.SimpleContainerDownloader (SimpleContainerDownloader.java:<init>(72)) - Starting container downloader service to copy containers to replicate.
2019-09-12 11:42:08,861 [Thread-806] INFO  hdfs.DFSUtil (DFSUtil.java:httpServerTemplateForNNAndJN(1641)) - Starting Web-server for hddsDatanode at: http://0.0.0.0:0
2019-09-12 11:42:08,863 [Thread-806] INFO  server.AuthenticationFilter (AuthenticationFilter.java:constructSecretProvider(240)) - Unable to initialize FileSignerSecretProvider, falling back to use random secrets.
2019-09-12 11:42:08,863 [Thread-806] WARN  http.HttpRequestLog (HttpRequestLog.java:getRequestLog(97)) - Jetty request log can only be enabled using Log4j
2019-09-12 11:42:08,865 [Thread-806] INFO  http.HttpServer2 (HttpServer2.java:addGlobalFilter(975)) - Added global filter 'safety' (class=org.apache.hadoop.http.HttpServer2$QuotingInputFilter)
2019-09-12 11:42:08,865 [Thread-806] INFO  http.HttpServer2 (HttpServer2.java:addFilter(948)) - Added filter static_user_filter (class=org.apache.hadoop.http.lib.StaticUserWebFilter$StaticUserFilter) to context hddsDatanode
2019-09-12 11:42:08,865 [Thread-806] INFO  http.HttpServer2 (HttpServer2.java:addFilter(958)) - Added filter static_user_filter (class=org.apache.hadoop.http.lib.StaticUserWebFilter$StaticUserFilter) to context logs
2019-09-12 11:42:08,865 [Thread-806] INFO  http.HttpServer2 (HttpServer2.java:addFilter(958)) - Added filter static_user_filter (class=org.apache.hadoop.http.lib.StaticUserWebFilter$StaticUserFilter) to context static
2019-09-12 11:42:08,866 [Thread-806] INFO  http.HttpServer2 (HttpServer2.java:bindListener(1191)) - Jetty bound to port 43228
2019-09-12 11:42:08,866 [Thread-806] INFO  server.Server (Server.java:doStart(351)) - jetty-9.3.24.v20180605, build timestamp: 2018-06-05T17:11:56Z, git hash: 84205aa28f11a4f31f2a3b86d1bba2cc8ab69827
2019-09-12 11:42:08,868 [Thread-806] INFO  handler.ContextHandler (ContextHandler.java:doStart(781)) - Started o.e.j.s.ServletContextHandler@7135bbc7{/logs,file:///workdir/hadoop-ozone/ozonefs/target/log,AVAILABLE}
2019-09-12 11:42:08,868 [Thread-806] INFO  handler.ContextHandler (ContextHandler.java:doStart(781)) - Started o.e.j.s.ServletContextHandler@3c130597{/static,jar:file:/home/user/.m2/repository/org/apache/hadoop/hadoop-hdds-container-service/0.5.0-SNAPSHOT/hadoop-hdds-container-service-0.5.0-SNAPSHOT.jar!/webapps/static,AVAILABLE}
2019-09-12 11:42:08,894 [Thread-806] INFO  handler.ContextHandler (ContextHandler.java:doStart(781)) - Started o.e.j.w.WebAppContext@3ea95654{/,file:///tmp/jetty-0.0.0.0-43228-hddsDatanode-_-any-6994868606234261402.dir/webapp/,AVAILABLE}{/hddsDatanode}
2019-09-12 11:42:08,895 [Thread-806] INFO  server.AbstractConnector (AbstractConnector.java:doStart(278)) - Started ServerConnector@55d74dca{HTTP/1.1,[http/1.1]}{0.0.0.0:43228}
2019-09-12 11:42:08,896 [Thread-806] INFO  server.Server (Server.java:doStart(419)) - Started @60498ms
2019-09-12 11:42:08,897 [Thread-806] INFO  server.BaseHttpServer (BaseHttpServer.java:updateConnectorAddress(213)) - HTTP server of HDDSDATANODE is listening at http://0.0.0.0:43228
2019-09-12 11:42:09,005 | INFO  | ObjectStoreRestHttpServer | Listening HDDS REST traffic on /0.0.0.0:39226 |  
2019-09-12 11:42:09,005 [Thread-806] INFO  ozone.HddsDatanodeService (HddsDatanodeService.java:startPlugins(395)) - Started plug-in org.apache.hadoop.ozone.web.OzoneHddsDatanodeService@565593f2
2019-09-12 11:42:09,005 [Thread-806] INFO  impl.MetricsSystemImpl (MetricsSystemImpl.java:init(158)) - HddsDatanode metrics system started (again)
2019-09-12 11:42:09,008 [org.apache.hadoop.util.JvmPauseMonitor$Monitor@2a825f5a] INFO  util.JvmPauseMonitor (JvmPauseMonitor.java:run(188)) - Starting JVM pause monitor
2019-09-12 11:42:09,008 [Thread-806] INFO  ozone.HddsDatanodeService (HddsDatanodeService.java:start(184)) - HddsDatanodeService host:pr-hdds-1569-xtfnx-3545843844 ip:192.168.157.195
2019-09-12 11:42:09,010 [Datanode State Machine Thread - 0] INFO  datanode.InitDatanodeState (InitDatanodeState.java:persistContainerDatanodeDetails(140)) - DatanodeDetails is persisted to /workdir/hadoop-ozone/ozonefs/target/test-dir/MiniOzoneClusterImpl-a0aea141-3c1c-4ab4-ba0c-769bf23ae178/datanode-1/meta/datanode.id
2019-09-12 11:42:09,016 [Thread-806] INFO  volume.HddsVolume (HddsVolume.java:<init>(176)) - Creating Volume: /workdir/hadoop-ozone/ozonefs/target/test-dir/MiniOzoneClusterImpl-a0aea141-3c1c-4ab4-ba0c-769bf23ae178/datanode-2/data/containers/hdds of  storage type : DISK and capacity : 1482555576320
2019-09-12 11:42:09,016 [Thread-806] INFO  volume.VolumeSet (VolumeSet.java:initializeVolumeSet(170)) - Added Volume : /workdir/hadoop-ozone/ozonefs/target/test-dir/MiniOzoneClusterImpl-a0aea141-3c1c-4ab4-ba0c-769bf23ae178/datanode-2/data/containers/hdds to VolumeSet
2019-09-12 11:42:09,017 [Thread-806] INFO  volume.ThrottledAsyncChecker (ThrottledAsyncChecker.java:schedule(140)) - Scheduling a check for org.apache.hadoop.ozone.container.common.volume.HddsVolume@85a9a93
2019-09-12 11:42:09,017 [Thread-806] INFO  volume.HddsVolumeChecker (HddsVolumeChecker.java:checkAllVolumes(203)) - Scheduled health check for volume org.apache.hadoop.ozone.container.common.volume.HddsVolume@85a9a93
2019-09-12 11:42:09,038 [Thread-806] INFO  impl.RaftServerProxy (ConfUtils.java:logGet(43)) - raft.rpc.type = GRPC (default)
2019-09-12 11:42:09,039 [Thread-806] INFO  grpc.GrpcFactory (GrpcFactory.java:checkPooledByteBufAllocatorUseCacheForAllThreads(45)) - PERFORMANCE WARNING: useCacheForAllThreads is true that may cause Netty to create a lot garbage objects and, as a result, trigger GC.
	It is recommended to disable useCacheForAllThreads by setting -Dorg.apache.ratis.thirdparty.io.netty.allocator.useCacheForAllThreads=false in command line.
2019-09-12 11:42:09,039 [Thread-806] INFO  grpc.GrpcConfigKeys$Server (ConfUtils.java:logGet(43)) - raft.grpc.server.port = 0 (default)
2019-09-12 11:42:09,039 [Thread-806] INFO  server.GrpcService (ConfUtils.java:logGet(43)) - raft.grpc.message.size.max = 33570816 (custom)
2019-09-12 11:42:09,039 [Thread-806] INFO  server.RaftServerConfigKeys (ConfUtils.java:logGet(43)) - raft.server.log.appender.buffer.byte-limit = 33554432 (custom)
2019-09-12 11:42:09,040 [Thread-806] INFO  server.GrpcService (ConfUtils.java:logGet(43)) - raft.grpc.flow.control.window = 1MB (=1048576) (default)
2019-09-12 11:42:09,040 [Thread-806] INFO  server.RaftServerConfigKeys (ConfUtils.java:logGet(43)) - raft.server.rpc.request.timeout = 3000ms (default)
2019-09-12 11:42:09,041 [Thread-806] INFO  server.RaftServerConfigKeys (ConfUtils.java:logGet(43)) - raft.server.storage.dir = [/workdir/hadoop-ozone/ozonefs/target/test-dir/MiniOzoneClusterImpl-a0aea141-3c1c-4ab4-ba0c-769bf23ae178/datanode-2/data/ratis] (custom)
2019-09-12 11:42:09,041 [Thread-806] INFO  replication.SimpleContainerDownloader (SimpleContainerDownloader.java:<init>(72)) - Starting container downloader service to copy containers to replicate.
2019-09-12 11:42:09,043 [Thread-806] INFO  hdfs.DFSUtil (DFSUtil.java:httpServerTemplateForNNAndJN(1641)) - Starting Web-server for hddsDatanode at: http://0.0.0.0:0
2019-09-12 11:42:09,044 [Thread-806] INFO  server.AuthenticationFilter (AuthenticationFilter.java:constructSecretProvider(240)) - Unable to initialize FileSignerSecretProvider, falling back to use random secrets.
2019-09-12 11:42:09,045 [Thread-806] WARN  http.HttpRequestLog (HttpRequestLog.java:getRequestLog(97)) - Jetty request log can only be enabled using Log4j
2019-09-12 11:42:09,046 [Thread-806] INFO  http.HttpServer2 (HttpServer2.java:addGlobalFilter(975)) - Added global filter 'safety' (class=org.apache.hadoop.http.HttpServer2$QuotingInputFilter)
2019-09-12 11:42:09,047 [Thread-806] INFO  http.HttpServer2 (HttpServer2.java:addFilter(948)) - Added filter static_user_filter (class=org.apache.hadoop.http.lib.StaticUserWebFilter$StaticUserFilter) to context hddsDatanode
2019-09-12 11:42:09,047 [Thread-806] INFO  http.HttpServer2 (HttpServer2.java:addFilter(958)) - Added filter static_user_filter (class=org.apache.hadoop.http.lib.StaticUserWebFilter$StaticUserFilter) to context static
2019-09-12 11:42:09,047 [Thread-806] INFO  http.HttpServer2 (HttpServer2.java:addFilter(958)) - Added filter static_user_filter (class=org.apache.hadoop.http.lib.StaticUserWebFilter$StaticUserFilter) to context logs
2019-09-12 11:42:09,048 [Thread-806] INFO  http.HttpServer2 (HttpServer2.java:bindListener(1191)) - Jetty bound to port 33762
2019-09-12 11:42:09,048 [Thread-806] INFO  server.Server (Server.java:doStart(351)) - jetty-9.3.24.v20180605, build timestamp: 2018-06-05T17:11:56Z, git hash: 84205aa28f11a4f31f2a3b86d1bba2cc8ab69827
2019-09-12 11:42:09,050 [Thread-806] INFO  handler.ContextHandler (ContextHandler.java:doStart(781)) - Started o.e.j.s.ServletContextHandler@2704e4da{/logs,file:///workdir/hadoop-ozone/ozonefs/target/log,AVAILABLE}
2019-09-12 11:42:09,050 [Thread-806] INFO  handler.ContextHandler (ContextHandler.java:doStart(781)) - Started o.e.j.s.ServletContextHandler@5cebc471{/static,jar:file:/home/user/.m2/repository/org/apache/hadoop/hadoop-hdds-container-service/0.5.0-SNAPSHOT/hadoop-hdds-container-service-0.5.0-SNAPSHOT.jar!/webapps/static,AVAILABLE}
2019-09-12 11:42:09,080 [Thread-806] INFO  handler.ContextHandler (ContextHandler.java:doStart(781)) - Started o.e.j.w.WebAppContext@234c95d{/,file:///tmp/jetty-0.0.0.0-33762-hddsDatanode-_-any-8998235257878815685.dir/webapp/,AVAILABLE}{/hddsDatanode}
2019-09-12 11:42:09,081 [Thread-806] INFO  server.AbstractConnector (AbstractConnector.java:doStart(278)) - Started ServerConnector@eccd19d{HTTP/1.1,[http/1.1]}{0.0.0.0:33762}
2019-09-12 11:42:09,082 [Thread-806] INFO  server.Server (Server.java:doStart(419)) - Started @60684ms
2019-09-12 11:42:09,082 [Thread-806] INFO  server.BaseHttpServer (BaseHttpServer.java:updateConnectorAddress(213)) - HTTP server of HDDSDATANODE is listening at http://0.0.0.0:33762
2019-09-12 11:42:09,230 | INFO  | ObjectStoreRestHttpServer | Listening HDDS REST traffic on /0.0.0.0:33245 |  
2019-09-12 11:42:09,231 [Thread-806] INFO  ozone.HddsDatanodeService (HddsDatanodeService.java:startPlugins(395)) - Started plug-in org.apache.hadoop.ozone.web.OzoneHddsDatanodeService@4b49eb6a
2019-09-12 11:42:09,231 [Thread-806] INFO  ozone.MiniOzoneClusterImpl (MiniOzoneClusterImpl.java:lambda$waitForClusterToBeReady$0(142)) - Waiting for cluster to be ready. Got 0 of 3 DN Heartbeats.
2019-09-12 11:42:09,233 [org.apache.hadoop.util.JvmPauseMonitor$Monitor@162cea9a] INFO  util.JvmPauseMonitor (JvmPauseMonitor.java:run(188)) - Starting JVM pause monitor
2019-09-12 11:42:09,235 [Datanode State Machine Thread - 0] INFO  datanode.InitDatanodeState (InitDatanodeState.java:persistContainerDatanodeDetails(140)) - DatanodeDetails is persisted to /workdir/hadoop-ozone/ozonefs/target/test-dir/MiniOzoneClusterImpl-a0aea141-3c1c-4ab4-ba0c-769bf23ae178/datanode-2/meta/datanode.id
2019-09-12 11:42:10,231 [Thread-806] INFO  ozone.MiniOzoneClusterImpl (MiniOzoneClusterImpl.java:lambda$waitForClusterToBeReady$0(142)) - Waiting for cluster to be ready. Got 0 of 3 DN Heartbeats.
2019-09-12 11:42:10,836 | INFO  | SCMAudit | user=jenkins1000 | ip=192.168.157.195 | op=GET_VERSION null | ret=SUCCESS |  
2019-09-12 11:42:10,850 [Datanode State Machine Thread - 0] INFO  ozoneimpl.OzoneContainer (OzoneContainer.java:start(186)) - Attempting to start container services.
2019-09-12 11:42:10,850 [Datanode State Machine Thread - 0] INFO  ozoneimpl.OzoneContainer (OzoneContainer.java:startContainerScrub(160)) - Background container scrubber has been disabled by hdds.containerscrub.enabled
2019-09-12 11:42:10,851 [Datanode State Machine Thread - 0] INFO  ratis.XceiverServerRatis (XceiverServerRatis.java:start(404)) - Starting XceiverServerRatis a115745e-881a-487a-a400-83f63e770212 at port 0
2019-09-12 11:42:10,857 [Datanode State Machine Thread - 0] INFO  impl.RaftServerProxy (RaftServerProxy.java:lambda$start$3(299)) - a115745e-881a-487a-a400-83f63e770212: start RPC server
2019-09-12 11:42:10,859 [Datanode State Machine Thread - 0] INFO  server.GrpcService (GrpcService.java:startImpl(149)) - a115745e-881a-487a-a400-83f63e770212: GrpcService started, listening on 0.0.0.0/0.0.0.0:39450
2019-09-12 11:42:10,859 [Datanode State Machine Thread - 0] INFO  ratis.XceiverServerRatis (XceiverServerRatis.java:start(414)) - XceiverServerRatis a115745e-881a-487a-a400-83f63e770212 is started using port 39450
2019-09-12 11:42:10,863 [Datanode State Machine Thread - 0] INFO  server.XceiverServerGrpc (XceiverServerGrpc.java:start(163)) - XceiverServerGrpc a115745e-881a-487a-a400-83f63e770212 is started using port 39453
2019-09-12 11:42:11,009 | INFO  | SCMAudit | user=jenkins1000 | ip=192.168.157.195 | op=GET_VERSION null | ret=SUCCESS |  
2019-09-12 11:42:11,028 [Datanode State Machine Thread - 0] INFO  ozoneimpl.OzoneContainer (OzoneContainer.java:start(186)) - Attempting to start container services.
2019-09-12 11:42:11,028 [Datanode State Machine Thread - 0] INFO  ozoneimpl.OzoneContainer (OzoneContainer.java:startContainerScrub(160)) - Background container scrubber has been disabled by hdds.containerscrub.enabled
2019-09-12 11:42:11,029 [Datanode State Machine Thread - 0] INFO  ratis.XceiverServerRatis (XceiverServerRatis.java:start(404)) - Starting XceiverServerRatis 285e09b6-1e55-467e-a3cd-85fa996e047e at port 0
2019-09-12 11:42:11,036 [Datanode State Machine Thread - 0] INFO  impl.RaftServerProxy (RaftServerProxy.java:lambda$start$3(299)) - 285e09b6-1e55-467e-a3cd-85fa996e047e: start RPC server
2019-09-12 11:42:11,038 [Datanode State Machine Thread - 0] INFO  server.GrpcService (GrpcService.java:startImpl(149)) - 285e09b6-1e55-467e-a3cd-85fa996e047e: GrpcService started, listening on 0.0.0.0/0.0.0.0:35649
2019-09-12 11:42:11,038 [Datanode State Machine Thread - 0] INFO  ratis.XceiverServerRatis (XceiverServerRatis.java:start(414)) - XceiverServerRatis 285e09b6-1e55-467e-a3cd-85fa996e047e is started using port 35649
2019-09-12 11:42:11,039 [Datanode State Machine Thread - 0] INFO  server.XceiverServerGrpc (XceiverServerGrpc.java:start(163)) - XceiverServerGrpc 285e09b6-1e55-467e-a3cd-85fa996e047e is started using port 35350
2019-09-12 11:42:11,232 [Thread-806] INFO  ozone.MiniOzoneClusterImpl (MiniOzoneClusterImpl.java:lambda$waitForClusterToBeReady$0(142)) - Waiting for cluster to be ready. Got 0 of 3 DN Heartbeats.
2019-09-12 11:42:11,234 | INFO  | SCMAudit | user=jenkins1000 | ip=192.168.157.195 | op=GET_VERSION null | ret=SUCCESS |  
2019-09-12 11:42:11,263 [Datanode State Machine Thread - 0] INFO  ozoneimpl.OzoneContainer (OzoneContainer.java:start(186)) - Attempting to start container services.
2019-09-12 11:42:11,263 [Datanode State Machine Thread - 0] INFO  ozoneimpl.OzoneContainer (OzoneContainer.java:startContainerScrub(160)) - Background container scrubber has been disabled by hdds.containerscrub.enabled
2019-09-12 11:42:11,263 [Datanode State Machine Thread - 0] INFO  ratis.XceiverServerRatis (XceiverServerRatis.java:start(404)) - Starting XceiverServerRatis da2d6c50-3a54-44e9-82a6-2353152f6b4e at port 0
2019-09-12 11:42:11,271 [Datanode State Machine Thread - 0] INFO  impl.RaftServerProxy (RaftServerProxy.java:lambda$start$3(299)) - da2d6c50-3a54-44e9-82a6-2353152f6b4e: start RPC server
2019-09-12 11:42:11,272 [Datanode State Machine Thread - 0] INFO  server.GrpcService (GrpcService.java:startImpl(149)) - da2d6c50-3a54-44e9-82a6-2353152f6b4e: GrpcService started, listening on 0.0.0.0/0.0.0.0:34100
2019-09-12 11:42:11,272 [Datanode State Machine Thread - 0] INFO  ratis.XceiverServerRatis (XceiverServerRatis.java:start(414)) - XceiverServerRatis da2d6c50-3a54-44e9-82a6-2353152f6b4e is started using port 34100
2019-09-12 11:42:11,274 [Datanode State Machine Thread - 0] INFO  server.XceiverServerGrpc (XceiverServerGrpc.java:start(163)) - XceiverServerGrpc da2d6c50-3a54-44e9-82a6-2353152f6b4e is started using port 34446
2019-09-12 11:42:12,232 [Thread-806] INFO  ozone.MiniOzoneClusterImpl (MiniOzoneClusterImpl.java:lambda$waitForClusterToBeReady$0(142)) - Waiting for cluster to be ready. Got 0 of 3 DN Heartbeats.
2019-09-12 11:42:12,835 [IPC Server handler 2 on 41790] INFO  net.NetworkTopology (NetworkTopologyImpl.java:add(110)) - Added a new node: /default-rack/a115745e-881a-487a-a400-83f63e770212
2019-09-12 11:42:12,837 [IPC Server handler 2 on 41790] INFO  node.SCMNodeManager (SCMNodeManager.java:register(273)) - Registered Data node : a115745e-881a-487a-a400-83f63e770212{ip: 192.168.157.195, host: pr-hdds-1569-xtfnx-3545843844, networkLocation: /default-rack, certSerialId: null}
2019-09-12 11:42:12,837 [EventQueue-NodeRegistrationContainerReportForDataNodeSafeModeRule] INFO  safemode.SCMSafeModeManager (DataNodeSafeModeRule.java:process(71)) - SCM in safe mode. 1 DataNodes registered, 1 required.
2019-09-12 11:42:12,838 | INFO  | SCMAudit | user=jenkins1000 | ip=192.168.157.195 | op=REGISTER {datanodeDetails=a115745e-881a-487a-a400-83f63e770212{ip: 192.168.157.195, host: pr-hdds-1569-xtfnx-3545843844, networkLocation: /default-rack, certSerialId: null}} | ret=SUCCESS |  
2019-09-12 11:42:12,839 [EventQueue-NodeRegistrationContainerReportForDataNodeSafeModeRule] INFO  safemode.SCMSafeModeManager (SCMSafeModeManager.java:validateSafeModeExitRules(177)) - ScmSafeModeManager, all rules are successfully validated
2019-09-12 11:42:12,839 [EventQueue-NodeRegistrationContainerReportForDataNodeSafeModeRule] INFO  safemode.SCMSafeModeManager (SCMSafeModeManager.java:exitSafeMode(193)) - SCM exiting safe mode.
2019-09-12 11:42:12,851 [grpc-default-executor-0] INFO  impl.RaftServerProxy (RaftServerProxy.java:addNew(89)) - a115745e-881a-487a-a400-83f63e770212: addNew group-2E58215BB993:[a115745e-881a-487a-a400-83f63e770212:192.168.157.195:39450] returns group-2E58215BB993:java.util.concurrent.CompletableFuture@714ae5fb[Not completed]
2019-09-12 11:42:12,853 [pool-186-thread-1] INFO  impl.RaftServerImpl (RaftServerImpl.java:<init>(93)) - a115745e-881a-487a-a400-83f63e770212: new RaftServerImpl for group-2E58215BB993:[a115745e-881a-487a-a400-83f63e770212:192.168.157.195:39450] with ContainerStateMachine:uninitialized
2019-09-12 11:42:12,853 [pool-186-thread-1] INFO  server.RaftServerConfigKeys (ConfUtils.java:logGet(43)) - raft.server.rpc.timeout.min = 5s (custom)
2019-09-12 11:42:12,853 [pool-186-thread-1] INFO  server.RaftServerConfigKeys (ConfUtils.java:logGet(43)) - raft.server.rpc.timeout.max = 5200ms (custom)
2019-09-12 11:42:12,853 [pool-186-thread-1] INFO  server.RaftServerConfigKeys (ConfUtils.java:logGet(43)) - raft.server.rpcslowness.timeout = 120s (custom)
2019-09-12 11:42:12,853 [pool-186-thread-1] INFO  server.RaftServerConfigKeys (ConfUtils.java:logGet(43)) - raft.server.sleep.deviation.threshold = 300 (default)
2019-09-12 11:42:12,853 [pool-186-thread-1] INFO  server.RaftServerConfigKeys (ConfUtils.java:logGet(43)) - raft.server.log.appender.install.snapshot.enabled = false (custom)
2019-09-12 11:42:12,853 [pool-186-thread-1] INFO  impl.RaftServerImpl (ServerState.java:<init>(105)) - a115745e-881a-487a-a400-83f63e770212:group-2E58215BB993 ConfigurationManager, init=-1: [a115745e-881a-487a-a400-83f63e770212:192.168.157.195:39450], old=null, confs=<EMPTY_MAP>
2019-09-12 11:42:12,854 [pool-186-thread-1] INFO  server.RaftServerConfigKeys (ConfUtils.java:logGet(43)) - raft.server.storage.dir = [/workdir/hadoop-ozone/ozonefs/target/test-dir/MiniOzoneClusterImpl-a0aea141-3c1c-4ab4-ba0c-769bf23ae178/datanode-0/data/ratis] (custom)
2019-09-12 11:42:12,854 [pool-186-thread-1] INFO  storage.RaftStorageDirectory (RaftStorageDirectory.java:analyzeStorage(246)) - The storage directory /workdir/hadoop-ozone/ozonefs/target/test-dir/MiniOzoneClusterImpl-a0aea141-3c1c-4ab4-ba0c-769bf23ae178/datanode-0/data/ratis/31c13aa0-77d2-46c0-9b21-2e58215bb993 does not exist. Creating ...
2019-09-12 11:42:12,868 [pool-186-thread-1] INFO  storage.RaftStorageDirectory (RaftStorageDirectory.java:tryLock(328)) - Lock on /workdir/hadoop-ozone/ozonefs/target/test-dir/MiniOzoneClusterImpl-a0aea141-3c1c-4ab4-ba0c-769bf23ae178/datanode-0/data/ratis/31c13aa0-77d2-46c0-9b21-2e58215bb993/in_use.lock acquired by nodename 27663@pr-hdds-1569-xtfnx-3545843844
2019-09-12 11:42:12,880 [pool-186-thread-1] INFO  storage.RaftStorage (RaftStorage.java:format(72)) - Storage directory /workdir/hadoop-ozone/ozonefs/target/test-dir/MiniOzoneClusterImpl-a0aea141-3c1c-4ab4-ba0c-769bf23ae178/datanode-0/data/ratis/31c13aa0-77d2-46c0-9b21-2e58215bb993 has been successfully formatted.
2019-09-12 11:42:12,881 [pool-186-thread-1] INFO  ratis.ContainerStateMachine (ContainerStateMachine.java:loadSnapshot(226)) - group-2E58215BB993: The snapshot info is null. Setting the last applied indexto:(t:0, i:~)
2019-09-12 11:42:12,881 [pool-186-thread-1] INFO  server.RaftServerConfigKeys (ConfUtils.java:logGet(43)) - raft.server.leader.election.timeout = 120s (custom)
2019-09-12 11:42:12,881 [pool-186-thread-1] INFO  server.RaftServerConfigKeys (ConfUtils.java:logGet(43)) - raft.server.log.use.memory = false (default)
2019-09-12 11:42:12,881 [pool-186-thread-1] INFO  server.RaftServerConfigKeys (ConfUtils.java:logGet(43)) - raft.server.log.purge.gap = 1000000 (custom)
2019-09-12 11:42:12,882 [pool-186-thread-1] INFO  server.RaftServerConfigKeys (ConfUtils.java:logGet(43)) - raft.server.log.appender.buffer.byte-limit = 33554432 (custom)
2019-09-12 11:42:12,882 [pool-186-thread-1] INFO  server.RaftServerConfigKeys (ConfUtils.java:logGet(43)) - raft.server.log.segment.size.max = 1048576 (custom)
2019-09-12 11:42:12,882 [pool-186-thread-1] INFO  server.RaftServerConfigKeys (ConfUtils.java:logGet(43)) - raft.server.log.segment.cache.num.max = 2 (custom)
2019-09-12 11:42:12,882 [pool-186-thread-1] INFO  segmented.SegmentedRaftLogWorker (SegmentedRaftLogWorker.java:<init>(172)) - new a115745e-881a-487a-a400-83f63e770212-SegmentedRaftLogWorker:Storage Directory /workdir/hadoop-ozone/ozonefs/target/test-dir/MiniOzoneClusterImpl-a0aea141-3c1c-4ab4-ba0c-769bf23ae178/datanode-0/data/ratis/31c13aa0-77d2-46c0-9b21-2e58215bb993 for RaftStorage:Storage Directory /workdir/hadoop-ozone/ozonefs/target/test-dir/MiniOzoneClusterImpl-a0aea141-3c1c-4ab4-ba0c-769bf23ae178/datanode-0/data/ratis/31c13aa0-77d2-46c0-9b21-2e58215bb993
2019-09-12 11:42:12,882 [pool-186-thread-1] INFO  server.RaftServerConfigKeys (ConfUtils.java:logGet(43)) - raft.server.log.queue.byte-limit = 2147483647 (custom)
2019-09-12 11:42:12,882 [pool-186-thread-1] INFO  server.RaftServerConfigKeys (ConfUtils.java:logGet(43)) - raft.server.log.queue.element-limit = 1024 (custom)
2019-09-12 11:42:12,883 [pool-186-thread-1] INFO  server.RaftServerConfigKeys (ConfUtils.java:logGet(43)) - raft.server.log.segment.size.max = 1048576 (custom)
2019-09-12 11:42:12,883 [pool-186-thread-1] INFO  server.RaftServerConfigKeys (ConfUtils.java:logGet(43)) - raft.server.log.preallocated.size = 16384 (custom)
2019-09-12 11:42:12,883 [pool-186-thread-1] INFO  server.RaftServerConfigKeys (ConfUtils.java:logGet(43)) - raft.server.log.write.buffer.size = 33554432 (custom)
2019-09-12 11:42:12,883 [pool-186-thread-1] INFO  server.RaftServerConfigKeys (ConfUtils.java:logGet(43)) - raft.server.log.force.sync.num = 128 (default)
2019-09-12 11:42:12,883 [pool-186-thread-1] INFO  server.RaftServerConfigKeys (ConfUtils.java:logGet(43)) - raft.server.log.statemachine.data.sync = true (default)
2019-09-12 11:42:12,884 [pool-186-thread-1] INFO  server.RaftServerConfigKeys (ConfUtils.java:logGet(43)) - raft.server.log.statemachine.data.sync.timeout = 10s (default)
2019-09-12 11:42:12,884 [pool-186-thread-1] INFO  server.RaftServerConfigKeys (ConfUtils.java:logGet(43)) - raft.server.log.statemachine.data.sync.timeout.retry = -1 (default)
2019-09-12 11:42:12,884 [pool-186-thread-1] INFO  server.RaftServerConfigKeys (ConfUtils.java:logGet(43)) - raft.server.log.statemachine.data.caching.enabled = true (custom)
2019-09-12 11:42:12,884 [pool-186-thread-1] INFO  segmented.SegmentedRaftLogWorker (SegmentedRaftLogWorker.java:lambda$new$0(132)) - a115745e-881a-487a-a400-83f63e770212-SegmentedRaftLogWorker:Storage Directory /workdir/hadoop-ozone/ozonefs/target/test-dir/MiniOzoneClusterImpl-a0aea141-3c1c-4ab4-ba0c-769bf23ae178/datanode-0/data/ratis/31c13aa0-77d2-46c0-9b21-2e58215bb993: flushIndex: setUnconditionally 0 -> -1
2019-09-12 11:42:12,885 [pool-186-thread-1] INFO  server.RaftServerConfigKeys (ConfUtils.java:logGet(43)) - raft.server.snapshot.auto.trigger.enabled = true (custom)
2019-09-12 11:42:12,885 [pool-186-thread-1] INFO  server.RaftServerConfigKeys (ConfUtils.java:logGet(43)) - raft.server.snapshot.auto.trigger.threshold = 10000 (custom)
2019-09-12 11:42:12,886 [pool-186-thread-1] INFO  server.RaftServerConfigKeys (ConfUtils.java:logGet(43)) - raft.server.retrycache.expirytime = 600000ms (custom)
2019-09-12 11:42:12,886 [pool-186-thread-1] INFO  impl.RaftServerImpl (RaftServerImpl.java:start(180)) - a115745e-881a-487a-a400-83f63e770212: start group-2E58215BB993
2019-09-12 11:42:12,886 [pool-186-thread-1] INFO  impl.RaftServerImpl (RaftServerImpl.java:setRole(171)) - a115745e-881a-487a-a400-83f63e770212:group-2E58215BB993 changes role from null to FOLLOWER at term 0 for startAsFollower
2019-09-12 11:42:12,886 [pool-186-thread-1] INFO  impl.RoleInfo (RoleInfo.java:updateAndGet(143)) - a115745e-881a-487a-a400-83f63e770212: start FollowerState
2019-09-12 11:42:12,887 [pool-186-thread-1] INFO  util.JmxRegister (JmxRegister.java:tryRegister(44)) - Successfully registered JMX Bean with object name Ratis:service=RaftServer,group=group-2E58215BB993,id=a115745e-881a-487a-a400-83f63e770212
2019-09-12 11:42:12,891 [RatisPipelineUtilsThread] INFO  pipeline.PipelineStateManager (PipelineStateManager.java:addPipeline(56)) - Created pipeline Pipeline[ Id: 31c13aa0-77d2-46c0-9b21-2e58215bb993, Nodes: a115745e-881a-487a-a400-83f63e770212{ip: 192.168.157.195, host: pr-hdds-1569-xtfnx-3545843844, networkLocation: /default-rack, certSerialId: null}, Type:RATIS, Factor:ONE, State:OPEN]
2019-09-12 11:42:12,898 [grpc-default-executor-0] INFO  impl.RaftServerProxy (RaftServerProxy.java:addNew(89)) - a115745e-881a-487a-a400-83f63e770212: addNew group-4BE23386C732:[a115745e-881a-487a-a400-83f63e770212:192.168.157.195:39450] returns group-4BE23386C732:java.util.concurrent.CompletableFuture@4071b153[Not completed]
2019-09-12 11:42:12,899 [pool-186-thread-1] INFO  impl.RaftServerImpl (RaftServerImpl.java:<init>(93)) - a115745e-881a-487a-a400-83f63e770212: new RaftServerImpl for group-4BE23386C732:[a115745e-881a-487a-a400-83f63e770212:192.168.157.195:39450] with ContainerStateMachine:uninitialized
2019-09-12 11:42:12,900 [pool-186-thread-1] INFO  server.RaftServerConfigKeys (ConfUtils.java:logGet(43)) - raft.server.rpc.timeout.min = 5s (custom)
2019-09-12 11:42:12,900 [pool-186-thread-1] INFO  server.RaftServerConfigKeys (ConfUtils.java:logGet(43)) - raft.server.rpc.timeout.max = 5200ms (custom)
2019-09-12 11:42:12,900 [pool-186-thread-1] INFO  server.RaftServerConfigKeys (ConfUtils.java:logGet(43)) - raft.server.rpcslowness.timeout = 120s (custom)
2019-09-12 11:42:12,900 [pool-186-thread-1] INFO  server.RaftServerConfigKeys (ConfUtils.java:logGet(43)) - raft.server.sleep.deviation.threshold = 300 (default)
2019-09-12 11:42:12,900 [pool-186-thread-1] INFO  server.RaftServerConfigKeys (ConfUtils.java:logGet(43)) - raft.server.log.appender.install.snapshot.enabled = false (custom)
2019-09-12 11:42:12,900 [pool-186-thread-1] INFO  impl.RaftServerImpl (ServerState.java:<init>(105)) - a115745e-881a-487a-a400-83f63e770212:group-4BE23386C732 ConfigurationManager, init=-1: [a115745e-881a-487a-a400-83f63e770212:192.168.157.195:39450], old=null, confs=<EMPTY_MAP>
2019-09-12 11:42:12,900 [pool-186-thread-1] INFO  server.RaftServerConfigKeys (ConfUtils.java:logGet(43)) - raft.server.storage.dir = [/workdir/hadoop-ozone/ozonefs/target/test-dir/MiniOzoneClusterImpl-a0aea141-3c1c-4ab4-ba0c-769bf23ae178/datanode-0/data/ratis] (custom)
2019-09-12 11:42:12,901 [pool-186-thread-1] INFO  storage.RaftStorageDirectory (RaftStorageDirectory.java:analyzeStorage(246)) - The storage directory /workdir/hadoop-ozone/ozonefs/target/test-dir/MiniOzoneClusterImpl-a0aea141-3c1c-4ab4-ba0c-769bf23ae178/datanode-0/data/ratis/c0d0cdc1-4ae5-4df5-8ba4-4be23386c732 does not exist. Creating ...
2019-09-12 11:42:12,915 [pool-186-thread-1] INFO  storage.RaftStorageDirectory (RaftStorageDirectory.java:tryLock(328)) - Lock on /workdir/hadoop-ozone/ozonefs/target/test-dir/MiniOzoneClusterImpl-a0aea141-3c1c-4ab4-ba0c-769bf23ae178/datanode-0/data/ratis/c0d0cdc1-4ae5-4df5-8ba4-4be23386c732/in_use.lock acquired by nodename 27663@pr-hdds-1569-xtfnx-3545843844
2019-09-12 11:42:12,928 [pool-186-thread-1] INFO  storage.RaftStorage (RaftStorage.java:format(72)) - Storage directory /workdir/hadoop-ozone/ozonefs/target/test-dir/MiniOzoneClusterImpl-a0aea141-3c1c-4ab4-ba0c-769bf23ae178/datanode-0/data/ratis/c0d0cdc1-4ae5-4df5-8ba4-4be23386c732 has been successfully formatted.
2019-09-12 11:42:12,929 [pool-186-thread-1] INFO  ratis.ContainerStateMachine (ContainerStateMachine.java:loadSnapshot(226)) - group-4BE23386C732: The snapshot info is null. Setting the last applied indexto:(t:0, i:~)
2019-09-12 11:42:12,929 [pool-186-thread-1] INFO  server.RaftServerConfigKeys (ConfUtils.java:logGet(43)) - raft.server.leader.election.timeout = 120s (custom)
2019-09-12 11:42:12,929 [pool-186-thread-1] INFO  server.RaftServerConfigKeys (ConfUtils.java:logGet(43)) - raft.server.log.use.memory = false (default)
2019-09-12 11:42:12,929 [pool-186-thread-1] INFO  server.RaftServerConfigKeys (ConfUtils.java:logGet(43)) - raft.server.log.purge.gap = 1000000 (custom)
2019-09-12 11:42:12,929 [pool-186-thread-1] INFO  server.RaftServerConfigKeys (ConfUtils.java:logGet(43)) - raft.server.log.appender.buffer.byte-limit = 33554432 (custom)
2019-09-12 11:42:12,929 [pool-186-thread-1] INFO  server.RaftServerConfigKeys (ConfUtils.java:logGet(43)) - raft.server.log.segment.size.max = 1048576 (custom)
2019-09-12 11:42:12,930 [pool-186-thread-1] INFO  server.RaftServerConfigKeys (ConfUtils.java:logGet(43)) - raft.server.log.segment.cache.num.max = 2 (custom)
2019-09-12 11:42:12,930 [pool-186-thread-1] INFO  segmented.SegmentedRaftLogWorker (SegmentedRaftLogWorker.java:<init>(172)) - new a115745e-881a-487a-a400-83f63e770212-SegmentedRaftLogWorker:Storage Directory /workdir/hadoop-ozone/ozonefs/target/test-dir/MiniOzoneClusterImpl-a0aea141-3c1c-4ab4-ba0c-769bf23ae178/datanode-0/data/ratis/c0d0cdc1-4ae5-4df5-8ba4-4be23386c732 for RaftStorage:Storage Directory /workdir/hadoop-ozone/ozonefs/target/test-dir/MiniOzoneClusterImpl-a0aea141-3c1c-4ab4-ba0c-769bf23ae178/datanode-0/data/ratis/c0d0cdc1-4ae5-4df5-8ba4-4be23386c732
2019-09-12 11:42:12,930 [pool-186-thread-1] INFO  server.RaftServerConfigKeys (ConfUtils.java:logGet(43)) - raft.server.log.queue.byte-limit = 2147483647 (custom)
2019-09-12 11:42:12,930 [pool-186-thread-1] INFO  server.RaftServerConfigKeys (ConfUtils.java:logGet(43)) - raft.server.log.queue.element-limit = 1024 (custom)
2019-09-12 11:42:12,930 [pool-186-thread-1] INFO  server.RaftServerConfigKeys (ConfUtils.java:logGet(43)) - raft.server.log.segment.size.max = 1048576 (custom)
2019-09-12 11:42:12,930 [pool-186-thread-1] INFO  server.RaftServerConfigKeys (ConfUtils.java:logGet(43)) - raft.server.log.preallocated.size = 16384 (custom)
2019-09-12 11:42:12,930 [pool-186-thread-1] INFO  server.RaftServerConfigKeys (ConfUtils.java:logGet(43)) - raft.server.log.write.buffer.size = 33554432 (custom)
2019-09-12 11:42:12,931 [pool-186-thread-1] INFO  server.RaftServerConfigKeys (ConfUtils.java:logGet(43)) - raft.server.log.force.sync.num = 128 (default)
2019-09-12 11:42:12,931 [pool-186-thread-1] INFO  server.RaftServerConfigKeys (ConfUtils.java:logGet(43)) - raft.server.log.statemachine.data.sync = true (default)
2019-09-12 11:42:12,931 [pool-186-thread-1] INFO  server.RaftServerConfigKeys (ConfUtils.java:logGet(43)) - raft.server.log.statemachine.data.sync.timeout = 10s (default)
2019-09-12 11:42:12,931 [pool-186-thread-1] INFO  server.RaftServerConfigKeys (ConfUtils.java:logGet(43)) - raft.server.log.statemachine.data.sync.timeout.retry = -1 (default)
2019-09-12 11:42:12,931 [pool-186-thread-1] INFO  server.RaftServerConfigKeys (ConfUtils.java:logGet(43)) - raft.server.log.statemachine.data.caching.enabled = true (custom)
2019-09-12 11:42:12,932 [pool-186-thread-1] INFO  segmented.SegmentedRaftLogWorker (SegmentedRaftLogWorker.java:lambda$new$0(132)) - a115745e-881a-487a-a400-83f63e770212-SegmentedRaftLogWorker:Storage Directory /workdir/hadoop-ozone/ozonefs/target/test-dir/MiniOzoneClusterImpl-a0aea141-3c1c-4ab4-ba0c-769bf23ae178/datanode-0/data/ratis/c0d0cdc1-4ae5-4df5-8ba4-4be23386c732: flushIndex: setUnconditionally 0 -> -1
2019-09-12 11:42:12,932 [pool-186-thread-1] INFO  server.RaftServerConfigKeys (ConfUtils.java:logGet(43)) - raft.server.snapshot.auto.trigger.enabled = true (custom)
2019-09-12 11:42:12,932 [pool-186-thread-1] INFO  server.RaftServerConfigKeys (ConfUtils.java:logGet(43)) - raft.server.snapshot.auto.trigger.threshold = 10000 (custom)
2019-09-12 11:42:12,933 [pool-186-thread-1] INFO  server.RaftServerConfigKeys (ConfUtils.java:logGet(43)) - raft.server.retrycache.expirytime = 600000ms (custom)
2019-09-12 11:42:12,933 [pool-186-thread-1] INFO  impl.RaftServerImpl (RaftServerImpl.java:start(180)) - a115745e-881a-487a-a400-83f63e770212: start group-4BE23386C732
2019-09-12 11:42:12,933 [pool-186-thread-1] INFO  impl.RaftServerImpl (RaftServerImpl.java:setRole(171)) - a115745e-881a-487a-a400-83f63e770212:group-4BE23386C732 changes role from null to FOLLOWER at term 0 for startAsFollower
2019-09-12 11:42:12,933 [pool-186-thread-1] INFO  impl.RoleInfo (RoleInfo.java:updateAndGet(143)) - a115745e-881a-487a-a400-83f63e770212: start FollowerState
2019-09-12 11:42:12,934 [pool-186-thread-1] INFO  util.JmxRegister (JmxRegister.java:tryRegister(44)) - Successfully registered JMX Bean with object name Ratis:service=RaftServer,group=group-4BE23386C732,id=a115745e-881a-487a-a400-83f63e770212
2019-09-12 11:42:12,937 [RatisPipelineUtilsThread] INFO  pipeline.PipelineStateManager (PipelineStateManager.java:addPipeline(56)) - Created pipeline Pipeline[ Id: c0d0cdc1-4ae5-4df5-8ba4-4be23386c732, Nodes: a115745e-881a-487a-a400-83f63e770212{ip: 192.168.157.195, host: pr-hdds-1569-xtfnx-3545843844, networkLocation: /default-rack, certSerialId: null}, Type:RATIS, Factor:ONE, State:OPEN]
2019-09-12 11:42:12,945 [grpc-default-executor-0] INFO  impl.RaftServerProxy (RaftServerProxy.java:addNew(89)) - a115745e-881a-487a-a400-83f63e770212: addNew group-AF2884CE5C34:[a115745e-881a-487a-a400-83f63e770212:192.168.157.195:39450] returns group-AF2884CE5C34:java.util.concurrent.CompletableFuture@11651ab4[Not completed]
2019-09-12 11:42:12,946 [pool-186-thread-1] INFO  impl.RaftServerImpl (RaftServerImpl.java:<init>(93)) - a115745e-881a-487a-a400-83f63e770212: new RaftServerImpl for group-AF2884CE5C34:[a115745e-881a-487a-a400-83f63e770212:192.168.157.195:39450] with ContainerStateMachine:uninitialized
2019-09-12 11:42:12,946 [pool-186-thread-1] INFO  server.RaftServerConfigKeys (ConfUtils.java:logGet(43)) - raft.server.rpc.timeout.min = 5s (custom)
2019-09-12 11:42:12,947 [pool-186-thread-1] INFO  server.RaftServerConfigKeys (ConfUtils.java:logGet(43)) - raft.server.rpc.timeout.max = 5200ms (custom)
2019-09-12 11:42:12,947 [pool-186-thread-1] INFO  server.RaftServerConfigKeys (ConfUtils.java:logGet(43)) - raft.server.rpcslowness.timeout = 120s (custom)
2019-09-12 11:42:12,947 [pool-186-thread-1] INFO  server.RaftServerConfigKeys (ConfUtils.java:logGet(43)) - raft.server.sleep.deviation.threshold = 300 (default)
2019-09-12 11:42:12,947 [pool-186-thread-1] INFO  server.RaftServerConfigKeys (ConfUtils.java:logGet(43)) - raft.server.log.appender.install.snapshot.enabled = false (custom)
2019-09-12 11:42:12,947 [pool-186-thread-1] INFO  impl.RaftServerImpl (ServerState.java:<init>(105)) - a115745e-881a-487a-a400-83f63e770212:group-AF2884CE5C34 ConfigurationManager, init=-1: [a115745e-881a-487a-a400-83f63e770212:192.168.157.195:39450], old=null, confs=<EMPTY_MAP>
2019-09-12 11:42:12,947 [pool-186-thread-1] INFO  server.RaftServerConfigKeys (ConfUtils.java:logGet(43)) - raft.server.storage.dir = [/workdir/hadoop-ozone/ozonefs/target/test-dir/MiniOzoneClusterImpl-a0aea141-3c1c-4ab4-ba0c-769bf23ae178/datanode-0/data/ratis] (custom)
2019-09-12 11:42:12,948 [pool-186-thread-1] INFO  storage.RaftStorageDirectory (RaftStorageDirectory.java:analyzeStorage(246)) - The storage directory /workdir/hadoop-ozone/ozonefs/target/test-dir/MiniOzoneClusterImpl-a0aea141-3c1c-4ab4-ba0c-769bf23ae178/datanode-0/data/ratis/ea03e228-9ff9-4820-ab37-af2884ce5c34 does not exist. Creating ...
2019-09-12 11:42:12,961 [pool-186-thread-1] INFO  storage.RaftStorageDirectory (RaftStorageDirectory.java:tryLock(328)) - Lock on /workdir/hadoop-ozone/ozonefs/target/test-dir/MiniOzoneClusterImpl-a0aea141-3c1c-4ab4-ba0c-769bf23ae178/datanode-0/data/ratis/ea03e228-9ff9-4820-ab37-af2884ce5c34/in_use.lock acquired by nodename 27663@pr-hdds-1569-xtfnx-3545843844
2019-09-12 11:42:12,973 [pool-186-thread-1] INFO  storage.RaftStorage (RaftStorage.java:format(72)) - Storage directory /workdir/hadoop-ozone/ozonefs/target/test-dir/MiniOzoneClusterImpl-a0aea141-3c1c-4ab4-ba0c-769bf23ae178/datanode-0/data/ratis/ea03e228-9ff9-4820-ab37-af2884ce5c34 has been successfully formatted.
2019-09-12 11:42:12,974 [pool-186-thread-1] INFO  ratis.ContainerStateMachine (ContainerStateMachine.java:loadSnapshot(226)) - group-AF2884CE5C34: The snapshot info is null. Setting the last applied indexto:(t:0, i:~)
2019-09-12 11:42:12,974 [pool-186-thread-1] INFO  server.RaftServerConfigKeys (ConfUtils.java:logGet(43)) - raft.server.leader.election.timeout = 120s (custom)
2019-09-12 11:42:12,974 [pool-186-thread-1] INFO  server.RaftServerConfigKeys (ConfUtils.java:logGet(43)) - raft.server.log.use.memory = false (default)
2019-09-12 11:42:12,974 [pool-186-thread-1] INFO  server.RaftServerConfigKeys (ConfUtils.java:logGet(43)) - raft.server.log.purge.gap = 1000000 (custom)
2019-09-12 11:42:12,974 [pool-186-thread-1] INFO  server.RaftServerConfigKeys (ConfUtils.java:logGet(43)) - raft.server.log.appender.buffer.byte-limit = 33554432 (custom)
2019-09-12 11:42:12,974 [pool-186-thread-1] INFO  server.RaftServerConfigKeys (ConfUtils.java:logGet(43)) - raft.server.log.segment.size.max = 1048576 (custom)
2019-09-12 11:42:12,975 [pool-186-thread-1] INFO  server.RaftServerConfigKeys (ConfUtils.java:logGet(43)) - raft.server.log.segment.cache.num.max = 2 (custom)
2019-09-12 11:42:12,975 [pool-186-thread-1] INFO  segmented.SegmentedRaftLogWorker (SegmentedRaftLogWorker.java:<init>(172)) - new a115745e-881a-487a-a400-83f63e770212-SegmentedRaftLogWorker:Storage Directory /workdir/hadoop-ozone/ozonefs/target/test-dir/MiniOzoneClusterImpl-a0aea141-3c1c-4ab4-ba0c-769bf23ae178/datanode-0/data/ratis/ea03e228-9ff9-4820-ab37-af2884ce5c34 for RaftStorage:Storage Directory /workdir/hadoop-ozone/ozonefs/target/test-dir/MiniOzoneClusterImpl-a0aea141-3c1c-4ab4-ba0c-769bf23ae178/datanode-0/data/ratis/ea03e228-9ff9-4820-ab37-af2884ce5c34
2019-09-12 11:42:12,975 [pool-186-thread-1] INFO  server.RaftServerConfigKeys (ConfUtils.java:logGet(43)) - raft.server.log.queue.byte-limit = 2147483647 (custom)
2019-09-12 11:42:12,975 [pool-186-thread-1] INFO  server.RaftServerConfigKeys (ConfUtils.java:logGet(43)) - raft.server.log.queue.element-limit = 1024 (custom)
2019-09-12 11:42:12,975 [pool-186-thread-1] INFO  server.RaftServerConfigKeys (ConfUtils.java:logGet(43)) - raft.server.log.segment.size.max = 1048576 (custom)
2019-09-12 11:42:12,975 [pool-186-thread-1] INFO  server.RaftServerConfigKeys (ConfUtils.java:logGet(43)) - raft.server.log.preallocated.size = 16384 (custom)
2019-09-12 11:42:12,976 [pool-186-thread-1] INFO  server.RaftServerConfigKeys (ConfUtils.java:logGet(43)) - raft.server.log.write.buffer.size = 33554432 (custom)
2019-09-12 11:42:12,976 [pool-186-thread-1] INFO  server.RaftServerConfigKeys (ConfUtils.java:logGet(43)) - raft.server.log.force.sync.num = 128 (default)
2019-09-12 11:42:12,976 [pool-186-thread-1] INFO  server.RaftServerConfigKeys (ConfUtils.java:logGet(43)) - raft.server.log.statemachine.data.sync = true (default)
2019-09-12 11:42:12,976 [pool-186-thread-1] INFO  server.RaftServerConfigKeys (ConfUtils.java:logGet(43)) - raft.server.log.statemachine.data.sync.timeout = 10s (default)
2019-09-12 11:42:12,976 [pool-186-thread-1] INFO  server.RaftServerConfigKeys (ConfUtils.java:logGet(43)) - raft.server.log.statemachine.data.sync.timeout.retry = -1 (default)
2019-09-12 11:42:12,976 [pool-186-thread-1] INFO  server.RaftServerConfigKeys (ConfUtils.java:logGet(43)) - raft.server.log.statemachine.data.caching.enabled = true (custom)
2019-09-12 11:42:12,977 [pool-186-thread-1] INFO  segmented.SegmentedRaftLogWorker (SegmentedRaftLogWorker.java:lambda$new$0(132)) - a115745e-881a-487a-a400-83f63e770212-SegmentedRaftLogWorker:Storage Directory /workdir/hadoop-ozone/ozonefs/target/test-dir/MiniOzoneClusterImpl-a0aea141-3c1c-4ab4-ba0c-769bf23ae178/datanode-0/data/ratis/ea03e228-9ff9-4820-ab37-af2884ce5c34: flushIndex: setUnconditionally 0 -> -1
2019-09-12 11:42:12,977 [pool-186-thread-1] INFO  server.RaftServerConfigKeys (ConfUtils.java:logGet(43)) - raft.server.snapshot.auto.trigger.enabled = true (custom)
2019-09-12 11:42:12,977 [pool-186-thread-1] INFO  server.RaftServerConfigKeys (ConfUtils.java:logGet(43)) - raft.server.snapshot.auto.trigger.threshold = 10000 (custom)
2019-09-12 11:42:12,977 [pool-186-thread-1] INFO  server.RaftServerConfigKeys (ConfUtils.java:logGet(43)) - raft.server.retrycache.expirytime = 600000ms (custom)
2019-09-12 11:42:12,978 [pool-186-thread-1] INFO  impl.RaftServerImpl (RaftServerImpl.java:start(180)) - a115745e-881a-487a-a400-83f63e770212: start group-AF2884CE5C34
2019-09-12 11:42:12,978 [pool-186-thread-1] INFO  impl.RaftServerImpl (RaftServerImpl.java:setRole(171)) - a115745e-881a-487a-a400-83f63e770212:group-AF2884CE5C34 changes role from null to FOLLOWER at term 0 for startAsFollower
2019-09-12 11:42:12,978 [pool-186-thread-1] INFO  impl.RoleInfo (RoleInfo.java:updateAndGet(143)) - a115745e-881a-487a-a400-83f63e770212: start FollowerState
2019-09-12 11:42:12,979 [pool-186-thread-1] INFO  util.JmxRegister (JmxRegister.java:tryRegister(44)) - Successfully registered JMX Bean with object name Ratis:service=RaftServer,group=group-AF2884CE5C34,id=a115745e-881a-487a-a400-83f63e770212
2019-09-12 11:42:12,983 [RatisPipelineUtilsThread] INFO  pipeline.PipelineStateManager (PipelineStateManager.java:addPipeline(56)) - Created pipeline Pipeline[ Id: ea03e228-9ff9-4820-ab37-af2884ce5c34, Nodes: a115745e-881a-487a-a400-83f63e770212{ip: 192.168.157.195, host: pr-hdds-1569-xtfnx-3545843844, networkLocation: /default-rack, certSerialId: null}, Type:RATIS, Factor:ONE, State:OPEN]
2019-09-12 11:42:12,989 [grpc-default-executor-0] INFO  impl.RaftServerProxy (RaftServerProxy.java:addNew(89)) - a115745e-881a-487a-a400-83f63e770212: addNew group-2603E46C2602:[a115745e-881a-487a-a400-83f63e770212:192.168.157.195:39450] returns group-2603E46C2602:java.util.concurrent.CompletableFuture@29259bbc[Not completed]
2019-09-12 11:42:12,990 [pool-186-thread-1] INFO  impl.RaftServerImpl (RaftServerImpl.java:<init>(93)) - a115745e-881a-487a-a400-83f63e770212: new RaftServerImpl for group-2603E46C2602:[a115745e-881a-487a-a400-83f63e770212:192.168.157.195:39450] with ContainerStateMachine:uninitialized
2019-09-12 11:42:12,990 [pool-186-thread-1] INFO  server.RaftServerConfigKeys (ConfUtils.java:logGet(43)) - raft.server.rpc.timeout.min = 5s (custom)
2019-09-12 11:42:12,990 [pool-186-thread-1] INFO  server.RaftServerConfigKeys (ConfUtils.java:logGet(43)) - raft.server.rpc.timeout.max = 5200ms (custom)
2019-09-12 11:42:12,991 [pool-186-thread-1] INFO  server.RaftServerConfigKeys (ConfUtils.java:logGet(43)) - raft.server.rpcslowness.timeout = 120s (custom)
2019-09-12 11:42:12,991 [pool-186-thread-1] INFO  server.RaftServerConfigKeys (ConfUtils.java:logGet(43)) - raft.server.sleep.deviation.threshold = 300 (default)
2019-09-12 11:42:12,991 [pool-186-thread-1] INFO  server.RaftServerConfigKeys (ConfUtils.java:logGet(43)) - raft.server.log.appender.install.snapshot.enabled = false (custom)
2019-09-12 11:42:12,991 [pool-186-thread-1] INFO  impl.RaftServerImpl (ServerState.java:<init>(105)) - a115745e-881a-487a-a400-83f63e770212:group-2603E46C2602 ConfigurationManager, init=-1: [a115745e-881a-487a-a400-83f63e770212:192.168.157.195:39450], old=null, confs=<EMPTY_MAP>
2019-09-12 11:42:12,991 [pool-186-thread-1] INFO  server.RaftServerConfigKeys (ConfUtils.java:logGet(43)) - raft.server.storage.dir = [/workdir/hadoop-ozone/ozonefs/target/test-dir/MiniOzoneClusterImpl-a0aea141-3c1c-4ab4-ba0c-769bf23ae178/datanode-0/data/ratis] (custom)
2019-09-12 11:42:12,992 [pool-186-thread-1] INFO  storage.RaftStorageDirectory (RaftStorageDirectory.java:analyzeStorage(246)) - The storage directory /workdir/hadoop-ozone/ozonefs/target/test-dir/MiniOzoneClusterImpl-a0aea141-3c1c-4ab4-ba0c-769bf23ae178/datanode-0/data/ratis/8bbdd4d9-3361-47b9-b649-2603e46c2602 does not exist. Creating ...
2019-09-12 11:42:13,004 [pool-186-thread-1] INFO  storage.RaftStorageDirectory (RaftStorageDirectory.java:tryLock(328)) - Lock on /workdir/hadoop-ozone/ozonefs/target/test-dir/MiniOzoneClusterImpl-a0aea141-3c1c-4ab4-ba0c-769bf23ae178/datanode-0/data/ratis/8bbdd4d9-3361-47b9-b649-2603e46c2602/in_use.lock acquired by nodename 27663@pr-hdds-1569-xtfnx-3545843844
2019-09-12 11:42:13,009 [IPC Server handler 1 on 41790] INFO  net.NetworkTopology (NetworkTopologyImpl.java:add(110)) - Added a new node: /default-rack/285e09b6-1e55-467e-a3cd-85fa996e047e
2019-09-12 11:42:13,009 [IPC Server handler 1 on 41790] INFO  node.SCMNodeManager (SCMNodeManager.java:register(273)) - Registered Data node : 285e09b6-1e55-467e-a3cd-85fa996e047e{ip: 192.168.157.195, host: pr-hdds-1569-xtfnx-3545843844, networkLocation: /default-rack, certSerialId: null}
2019-09-12 11:42:13,010 | INFO  | SCMAudit | user=jenkins1000 | ip=192.168.157.195 | op=REGISTER {datanodeDetails=285e09b6-1e55-467e-a3cd-85fa996e047e{ip: 192.168.157.195, host: pr-hdds-1569-xtfnx-3545843844, networkLocation: /default-rack, certSerialId: null}} | ret=SUCCESS |  
2019-09-12 11:42:13,017 [pool-186-thread-1] INFO  storage.RaftStorage (RaftStorage.java:format(72)) - Storage directory /workdir/hadoop-ozone/ozonefs/target/test-dir/MiniOzoneClusterImpl-a0aea141-3c1c-4ab4-ba0c-769bf23ae178/datanode-0/data/ratis/8bbdd4d9-3361-47b9-b649-2603e46c2602 has been successfully formatted.
2019-09-12 11:42:13,017 [pool-186-thread-1] INFO  ratis.ContainerStateMachine (ContainerStateMachine.java:loadSnapshot(226)) - group-2603E46C2602: The snapshot info is null. Setting the last applied indexto:(t:0, i:~)
2019-09-12 11:42:13,017 [pool-186-thread-1] INFO  server.RaftServerConfigKeys (ConfUtils.java:logGet(43)) - raft.server.leader.election.timeout = 120s (custom)
2019-09-12 11:42:13,017 [pool-186-thread-1] INFO  server.RaftServerConfigKeys (ConfUtils.java:logGet(43)) - raft.server.log.use.memory = false (default)
2019-09-12 11:42:13,018 [pool-186-thread-1] INFO  server.RaftServerConfigKeys (ConfUtils.java:logGet(43)) - raft.server.log.purge.gap = 1000000 (custom)
2019-09-12 11:42:13,018 [pool-186-thread-1] INFO  server.RaftServerConfigKeys (ConfUtils.java:logGet(43)) - raft.server.log.appender.buffer.byte-limit = 33554432 (custom)
2019-09-12 11:42:13,018 [pool-186-thread-1] INFO  server.RaftServerConfigKeys (ConfUtils.java:logGet(43)) - raft.server.log.segment.size.max = 1048576 (custom)
2019-09-12 11:42:13,018 [pool-186-thread-1] INFO  server.RaftServerConfigKeys (ConfUtils.java:logGet(43)) - raft.server.log.segment.cache.num.max = 2 (custom)
2019-09-12 11:42:13,018 [pool-186-thread-1] INFO  segmented.SegmentedRaftLogWorker (SegmentedRaftLogWorker.java:<init>(172)) - new a115745e-881a-487a-a400-83f63e770212-SegmentedRaftLogWorker:Storage Directory /workdir/hadoop-ozone/ozonefs/target/test-dir/MiniOzoneClusterImpl-a0aea141-3c1c-4ab4-ba0c-769bf23ae178/datanode-0/data/ratis/8bbdd4d9-3361-47b9-b649-2603e46c2602 for RaftStorage:Storage Directory /workdir/hadoop-ozone/ozonefs/target/test-dir/MiniOzoneClusterImpl-a0aea141-3c1c-4ab4-ba0c-769bf23ae178/datanode-0/data/ratis/8bbdd4d9-3361-47b9-b649-2603e46c2602
2019-09-12 11:42:13,018 [pool-186-thread-1] INFO  server.RaftServerConfigKeys (ConfUtils.java:logGet(43)) - raft.server.log.queue.byte-limit = 2147483647 (custom)
2019-09-12 11:42:13,018 [pool-186-thread-1] INFO  server.RaftServerConfigKeys (ConfUtils.java:logGet(43)) - raft.server.log.queue.element-limit = 1024 (custom)
2019-09-12 11:42:13,019 [pool-186-thread-1] INFO  server.RaftServerConfigKeys (ConfUtils.java:logGet(43)) - raft.server.log.segment.size.max = 1048576 (custom)
2019-09-12 11:42:13,019 [pool-186-thread-1] INFO  server.RaftServerConfigKeys (ConfUtils.java:logGet(43)) - raft.server.log.preallocated.size = 16384 (custom)
2019-09-12 11:42:13,019 [pool-186-thread-1] INFO  server.RaftServerConfigKeys (ConfUtils.java:logGet(43)) - raft.server.log.write.buffer.size = 33554432 (custom)
2019-09-12 11:42:13,019 [pool-186-thread-1] INFO  server.RaftServerConfigKeys (ConfUtils.java:logGet(43)) - raft.server.log.force.sync.num = 128 (default)
2019-09-12 11:42:13,019 [pool-186-thread-1] INFO  server.RaftServerConfigKeys (ConfUtils.java:logGet(43)) - raft.server.log.statemachine.data.sync = true (default)
2019-09-12 11:42:13,019 [pool-186-thread-1] INFO  server.RaftServerConfigKeys (ConfUtils.java:logGet(43)) - raft.server.log.statemachine.data.sync.timeout = 10s (default)
2019-09-12 11:42:13,019 [pool-186-thread-1] INFO  server.RaftServerConfigKeys (ConfUtils.java:logGet(43)) - raft.server.log.statemachine.data.sync.timeout.retry = -1 (default)
2019-09-12 11:42:13,019 [pool-186-thread-1] INFO  server.RaftServerConfigKeys (ConfUtils.java:logGet(43)) - raft.server.log.statemachine.data.caching.enabled = true (custom)
2019-09-12 11:42:13,020 [pool-186-thread-1] INFO  segmented.SegmentedRaftLogWorker (SegmentedRaftLogWorker.java:lambda$new$0(132)) - a115745e-881a-487a-a400-83f63e770212-SegmentedRaftLogWorker:Storage Directory /workdir/hadoop-ozone/ozonefs/target/test-dir/MiniOzoneClusterImpl-a0aea141-3c1c-4ab4-ba0c-769bf23ae178/datanode-0/data/ratis/8bbdd4d9-3361-47b9-b649-2603e46c2602: flushIndex: setUnconditionally 0 -> -1
2019-09-12 11:42:13,020 [pool-186-thread-1] INFO  server.RaftServerConfigKeys (ConfUtils.java:logGet(43)) - raft.server.snapshot.auto.trigger.enabled = true (custom)
2019-09-12 11:42:13,020 [pool-186-thread-1] INFO  server.RaftServerConfigKeys (ConfUtils.java:logGet(43)) - raft.server.snapshot.auto.trigger.threshold = 10000 (custom)
2019-09-12 11:42:13,020 [pool-186-thread-1] INFO  server.RaftServerConfigKeys (ConfUtils.java:logGet(43)) - raft.server.retrycache.expirytime = 600000ms (custom)
2019-09-12 11:42:13,021 [pool-186-thread-1] INFO  impl.RaftServerImpl (RaftServerImpl.java:start(180)) - a115745e-881a-487a-a400-83f63e770212: start group-2603E46C2602
2019-09-12 11:42:13,021 [pool-186-thread-1] INFO  impl.RaftServerImpl (RaftServerImpl.java:setRole(171)) - a115745e-881a-487a-a400-83f63e770212:group-2603E46C2602 changes role from null to FOLLOWER at term 0 for startAsFollower
2019-09-12 11:42:13,021 [pool-186-thread-1] INFO  impl.RoleInfo (RoleInfo.java:updateAndGet(143)) - a115745e-881a-487a-a400-83f63e770212: start FollowerState
2019-09-12 11:42:13,021 [pool-186-thread-1] INFO  util.JmxRegister (JmxRegister.java:tryRegister(44)) - Successfully registered JMX Bean with object name Ratis:service=RaftServer,group=group-2603E46C2602,id=a115745e-881a-487a-a400-83f63e770212
2019-09-12 11:42:13,024 [RatisPipelineUtilsThread] INFO  pipeline.PipelineStateManager (PipelineStateManager.java:addPipeline(56)) - Created pipeline Pipeline[ Id: 8bbdd4d9-3361-47b9-b649-2603e46c2602, Nodes: a115745e-881a-487a-a400-83f63e770212{ip: 192.168.157.195, host: pr-hdds-1569-xtfnx-3545843844, networkLocation: /default-rack, certSerialId: null}, Type:RATIS, Factor:ONE, State:OPEN]
2019-09-12 11:42:13,030 [grpc-default-executor-0] INFO  impl.RaftServerProxy (RaftServerProxy.java:addNew(89)) - a115745e-881a-487a-a400-83f63e770212: addNew group-F8CF3A5E499B:[a115745e-881a-487a-a400-83f63e770212:192.168.157.195:39450] returns group-F8CF3A5E499B:java.util.concurrent.CompletableFuture@152be760[Not completed]
2019-09-12 11:42:13,031 [pool-186-thread-1] INFO  impl.RaftServerImpl (RaftServerImpl.java:<init>(93)) - a115745e-881a-487a-a400-83f63e770212: new RaftServerImpl for group-F8CF3A5E499B:[a115745e-881a-487a-a400-83f63e770212:192.168.157.195:39450] with ContainerStateMachine:uninitialized
2019-09-12 11:42:13,031 [pool-186-thread-1] INFO  server.RaftServerConfigKeys (ConfUtils.java:logGet(43)) - raft.server.rpc.timeout.min = 5s (custom)
2019-09-12 11:42:13,031 [pool-186-thread-1] INFO  server.RaftServerConfigKeys (ConfUtils.java:logGet(43)) - raft.server.rpc.timeout.max = 5200ms (custom)
2019-09-12 11:42:13,031 [pool-186-thread-1] INFO  server.RaftServerConfigKeys (ConfUtils.java:logGet(43)) - raft.server.rpcslowness.timeout = 120s (custom)
2019-09-12 11:42:13,031 [pool-186-thread-1] INFO  server.RaftServerConfigKeys (ConfUtils.java:logGet(43)) - raft.server.sleep.deviation.threshold = 300 (default)
2019-09-12 11:42:13,031 [pool-186-thread-1] INFO  server.RaftServerConfigKeys (ConfUtils.java:logGet(43)) - raft.server.log.appender.install.snapshot.enabled = false (custom)
2019-09-12 11:42:13,031 [pool-186-thread-1] INFO  impl.RaftServerImpl (ServerState.java:<init>(105)) - a115745e-881a-487a-a400-83f63e770212:group-F8CF3A5E499B ConfigurationManager, init=-1: [a115745e-881a-487a-a400-83f63e770212:192.168.157.195:39450], old=null, confs=<EMPTY_MAP>
2019-09-12 11:42:13,032 [pool-186-thread-1] INFO  server.RaftServerConfigKeys (ConfUtils.java:logGet(43)) - raft.server.storage.dir = [/workdir/hadoop-ozone/ozonefs/target/test-dir/MiniOzoneClusterImpl-a0aea141-3c1c-4ab4-ba0c-769bf23ae178/datanode-0/data/ratis] (custom)
2019-09-12 11:42:13,032 [pool-186-thread-1] INFO  storage.RaftStorageDirectory (RaftStorageDirectory.java:analyzeStorage(246)) - The storage directory /workdir/hadoop-ozone/ozonefs/target/test-dir/MiniOzoneClusterImpl-a0aea141-3c1c-4ab4-ba0c-769bf23ae178/datanode-0/data/ratis/2b28de52-22ad-496a-8455-f8cf3a5e499b does not exist. Creating ...
2019-09-12 11:42:13,044 [pool-186-thread-1] INFO  storage.RaftStorageDirectory (RaftStorageDirectory.java:tryLock(328)) - Lock on /workdir/hadoop-ozone/ozonefs/target/test-dir/MiniOzoneClusterImpl-a0aea141-3c1c-4ab4-ba0c-769bf23ae178/datanode-0/data/ratis/2b28de52-22ad-496a-8455-f8cf3a5e499b/in_use.lock acquired by nodename 27663@pr-hdds-1569-xtfnx-3545843844
2019-09-12 11:42:13,057 [pool-186-thread-1] INFO  storage.RaftStorage (RaftStorage.java:format(72)) - Storage directory /workdir/hadoop-ozone/ozonefs/target/test-dir/MiniOzoneClusterImpl-a0aea141-3c1c-4ab4-ba0c-769bf23ae178/datanode-0/data/ratis/2b28de52-22ad-496a-8455-f8cf3a5e499b has been successfully formatted.
2019-09-12 11:42:13,058 [pool-186-thread-1] INFO  ratis.ContainerStateMachine (ContainerStateMachine.java:loadSnapshot(226)) - group-F8CF3A5E499B: The snapshot info is null. Setting the last applied indexto:(t:0, i:~)
2019-09-12 11:42:13,058 [pool-186-thread-1] INFO  server.RaftServerConfigKeys (ConfUtils.java:logGet(43)) - raft.server.leader.election.timeout = 120s (custom)
2019-09-12 11:42:13,058 [pool-186-thread-1] INFO  server.RaftServerConfigKeys (ConfUtils.java:logGet(43)) - raft.server.log.use.memory = false (default)
2019-09-12 11:42:13,058 [pool-186-thread-1] INFO  server.RaftServerConfigKeys (ConfUtils.java:logGet(43)) - raft.server.log.purge.gap = 1000000 (custom)
2019-09-12 11:42:13,058 [pool-186-thread-1] INFO  server.RaftServerConfigKeys (ConfUtils.java:logGet(43)) - raft.server.log.appender.buffer.byte-limit = 33554432 (custom)
2019-09-12 11:42:13,058 [pool-186-thread-1] INFO  server.RaftServerConfigKeys (ConfUtils.java:logGet(43)) - raft.server.log.segment.size.max = 1048576 (custom)
2019-09-12 11:42:13,059 [pool-186-thread-1] INFO  server.RaftServerConfigKeys (ConfUtils.java:logGet(43)) - raft.server.log.segment.cache.num.max = 2 (custom)
2019-09-12 11:42:13,059 [pool-186-thread-1] INFO  segmented.SegmentedRaftLogWorker (SegmentedRaftLogWorker.java:<init>(172)) - new a115745e-881a-487a-a400-83f63e770212-SegmentedRaftLogWorker:Storage Directory /workdir/hadoop-ozone/ozonefs/target/test-dir/MiniOzoneClusterImpl-a0aea141-3c1c-4ab4-ba0c-769bf23ae178/datanode-0/data/ratis/2b28de52-22ad-496a-8455-f8cf3a5e499b for RaftStorage:Storage Directory /workdir/hadoop-ozone/ozonefs/target/test-dir/MiniOzoneClusterImpl-a0aea141-3c1c-4ab4-ba0c-769bf23ae178/datanode-0/data/ratis/2b28de52-22ad-496a-8455-f8cf3a5e499b
2019-09-12 11:42:13,059 [pool-186-thread-1] INFO  server.RaftServerConfigKeys (ConfUtils.java:logGet(43)) - raft.server.log.queue.byte-limit = 2147483647 (custom)
2019-09-12 11:42:13,059 [pool-186-thread-1] INFO  server.RaftServerConfigKeys (ConfUtils.java:logGet(43)) - raft.server.log.queue.element-limit = 1024 (custom)
2019-09-12 11:42:13,059 [pool-186-thread-1] INFO  server.RaftServerConfigKeys (ConfUtils.java:logGet(43)) - raft.server.log.segment.size.max = 1048576 (custom)
2019-09-12 11:42:13,059 [pool-186-thread-1] INFO  server.RaftServerConfigKeys (ConfUtils.java:logGet(43)) - raft.server.log.preallocated.size = 16384 (custom)
2019-09-12 11:42:13,059 [pool-186-thread-1] INFO  server.RaftServerConfigKeys (ConfUtils.java:logGet(43)) - raft.server.log.write.buffer.size = 33554432 (custom)
2019-09-12 11:42:13,060 [pool-186-thread-1] INFO  server.RaftServerConfigKeys (ConfUtils.java:logGet(43)) - raft.server.log.force.sync.num = 128 (default)
2019-09-12 11:42:13,060 [pool-186-thread-1] INFO  server.RaftServerConfigKeys (ConfUtils.java:logGet(43)) - raft.server.log.statemachine.data.sync = true (default)
2019-09-12 11:42:13,060 [pool-186-thread-1] INFO  server.RaftServerConfigKeys (ConfUtils.java:logGet(43)) - raft.server.log.statemachine.data.sync.timeout = 10s (default)
2019-09-12 11:42:13,060 [pool-186-thread-1] INFO  server.RaftServerConfigKeys (ConfUtils.java:logGet(43)) - raft.server.log.statemachine.data.sync.timeout.retry = -1 (default)
2019-09-12 11:42:13,060 [pool-186-thread-1] INFO  server.RaftServerConfigKeys (ConfUtils.java:logGet(43)) - raft.server.log.statemachine.data.caching.enabled = true (custom)
2019-09-12 11:42:13,061 [pool-186-thread-1] INFO  segmented.SegmentedRaftLogWorker (SegmentedRaftLogWorker.java:lambda$new$0(132)) - a115745e-881a-487a-a400-83f63e770212-SegmentedRaftLogWorker:Storage Directory /workdir/hadoop-ozone/ozonefs/target/test-dir/MiniOzoneClusterImpl-a0aea141-3c1c-4ab4-ba0c-769bf23ae178/datanode-0/data/ratis/2b28de52-22ad-496a-8455-f8cf3a5e499b: flushIndex: setUnconditionally 0 -> -1
2019-09-12 11:42:13,061 [pool-186-thread-1] INFO  server.RaftServerConfigKeys (ConfUtils.java:logGet(43)) - raft.server.snapshot.auto.trigger.enabled = true (custom)
2019-09-12 11:42:13,061 [pool-186-thread-1] INFO  server.RaftServerConfigKeys (ConfUtils.java:logGet(43)) - raft.server.snapshot.auto.trigger.threshold = 10000 (custom)
2019-09-12 11:42:13,061 [pool-186-thread-1] INFO  server.RaftServerConfigKeys (ConfUtils.java:logGet(43)) - raft.server.retrycache.expirytime = 600000ms (custom)
2019-09-12 11:42:13,061 [pool-186-thread-1] INFO  impl.RaftServerImpl (RaftServerImpl.java:start(180)) - a115745e-881a-487a-a400-83f63e770212: start group-F8CF3A5E499B
2019-09-12 11:42:13,062 [pool-186-thread-1] INFO  impl.RaftServerImpl (RaftServerImpl.java:setRole(171)) - a115745e-881a-487a-a400-83f63e770212:group-F8CF3A5E499B changes role from null to FOLLOWER at term 0 for startAsFollower
2019-09-12 11:42:13,062 [pool-186-thread-1] INFO  impl.RoleInfo (RoleInfo.java:updateAndGet(143)) - a115745e-881a-487a-a400-83f63e770212: start FollowerState
2019-09-12 11:42:13,062 [pool-186-thread-1] INFO  util.JmxRegister (JmxRegister.java:tryRegister(44)) - Successfully registered JMX Bean with object name Ratis:service=RaftServer,group=group-F8CF3A5E499B,id=a115745e-881a-487a-a400-83f63e770212
2019-09-12 11:42:13,065 [RatisPipelineUtilsThread] INFO  pipeline.PipelineStateManager (PipelineStateManager.java:addPipeline(56)) - Created pipeline Pipeline[ Id: 2b28de52-22ad-496a-8455-f8cf3a5e499b, Nodes: a115745e-881a-487a-a400-83f63e770212{ip: 192.168.157.195, host: pr-hdds-1569-xtfnx-3545843844, networkLocation: /default-rack, certSerialId: null}, Type:RATIS, Factor:ONE, State:OPEN]
2019-09-12 11:42:13,069 [grpc-default-executor-0] INFO  impl.RaftServerProxy (RaftServerProxy.java:addNew(89)) - a115745e-881a-487a-a400-83f63e770212: addNew group-18A4738F44CC:[a115745e-881a-487a-a400-83f63e770212:192.168.157.195:39450] returns group-18A4738F44CC:java.util.concurrent.CompletableFuture@6e9127de[Not completed]
2019-09-12 11:42:13,070 [pool-186-thread-1] INFO  impl.RaftServerImpl (RaftServerImpl.java:<init>(93)) - a115745e-881a-487a-a400-83f63e770212: new RaftServerImpl for group-18A4738F44CC:[a115745e-881a-487a-a400-83f63e770212:192.168.157.195:39450] with ContainerStateMachine:uninitialized
2019-09-12 11:42:13,070 [pool-186-thread-1] INFO  server.RaftServerConfigKeys (ConfUtils.java:logGet(43)) - raft.server.rpc.timeout.min = 5s (custom)
2019-09-12 11:42:13,070 [pool-186-thread-1] INFO  server.RaftServerConfigKeys (ConfUtils.java:logGet(43)) - raft.server.rpc.timeout.max = 5200ms (custom)
2019-09-12 11:42:13,071 [pool-186-thread-1] INFO  server.RaftServerConfigKeys (ConfUtils.java:logGet(43)) - raft.server.rpcslowness.timeout = 120s (custom)
2019-09-12 11:42:13,071 [pool-186-thread-1] INFO  server.RaftServerConfigKeys (ConfUtils.java:logGet(43)) - raft.server.sleep.deviation.threshold = 300 (default)
2019-09-12 11:42:13,071 [pool-186-thread-1] INFO  server.RaftServerConfigKeys (ConfUtils.java:logGet(43)) - raft.server.log.appender.install.snapshot.enabled = false (custom)
2019-09-12 11:42:13,071 [pool-186-thread-1] INFO  impl.RaftServerImpl (ServerState.java:<init>(105)) - a115745e-881a-487a-a400-83f63e770212:group-18A4738F44CC ConfigurationManager, init=-1: [a115745e-881a-487a-a400-83f63e770212:192.168.157.195:39450], old=null, confs=<EMPTY_MAP>
2019-09-12 11:42:13,071 [pool-186-thread-1] INFO  server.RaftServerConfigKeys (ConfUtils.java:logGet(43)) - raft.server.storage.dir = [/workdir/hadoop-ozone/ozonefs/target/test-dir/MiniOzoneClusterImpl-a0aea141-3c1c-4ab4-ba0c-769bf23ae178/datanode-0/data/ratis] (custom)
2019-09-12 11:42:13,071 [pool-186-thread-1] INFO  storage.RaftStorageDirectory (RaftStorageDirectory.java:analyzeStorage(246)) - The storage directory /workdir/hadoop-ozone/ozonefs/target/test-dir/MiniOzoneClusterImpl-a0aea141-3c1c-4ab4-ba0c-769bf23ae178/datanode-0/data/ratis/4b3ba4e9-a261-42e9-8770-18a4738f44cc does not exist. Creating ...
2019-09-12 11:42:13,074 [pool-186-thread-1] INFO  storage.RaftStorageDirectory (RaftStorageDirectory.java:tryLock(328)) - Lock on /workdir/hadoop-ozone/ozonefs/target/test-dir/MiniOzoneClusterImpl-a0aea141-3c1c-4ab4-ba0c-769bf23ae178/datanode-0/data/ratis/4b3ba4e9-a261-42e9-8770-18a4738f44cc/in_use.lock acquired by nodename 27663@pr-hdds-1569-xtfnx-3545843844
2019-09-12 11:42:13,077 [pool-186-thread-1] INFO  storage.RaftStorage (RaftStorage.java:format(72)) - Storage directory /workdir/hadoop-ozone/ozonefs/target/test-dir/MiniOzoneClusterImpl-a0aea141-3c1c-4ab4-ba0c-769bf23ae178/datanode-0/data/ratis/4b3ba4e9-a261-42e9-8770-18a4738f44cc has been successfully formatted.
2019-09-12 11:42:13,077 [pool-186-thread-1] INFO  ratis.ContainerStateMachine (ContainerStateMachine.java:loadSnapshot(226)) - group-18A4738F44CC: The snapshot info is null. Setting the last applied indexto:(t:0, i:~)
2019-09-12 11:42:13,077 [pool-186-thread-1] INFO  server.RaftServerConfigKeys (ConfUtils.java:logGet(43)) - raft.server.leader.election.timeout = 120s (custom)
2019-09-12 11:42:13,078 [pool-186-thread-1] INFO  server.RaftServerConfigKeys (ConfUtils.java:logGet(43)) - raft.server.log.use.memory = false (default)
2019-09-12 11:42:13,078 [pool-186-thread-1] INFO  server.RaftServerConfigKeys (ConfUtils.java:logGet(43)) - raft.server.log.purge.gap = 1000000 (custom)
2019-09-12 11:42:13,078 [pool-186-thread-1] INFO  server.RaftServerConfigKeys (ConfUtils.java:logGet(43)) - raft.server.log.appender.buffer.byte-limit = 33554432 (custom)
2019-09-12 11:42:13,078 [pool-186-thread-1] INFO  server.RaftServerConfigKeys (ConfUtils.java:logGet(43)) - raft.server.log.segment.size.max = 1048576 (custom)
2019-09-12 11:42:13,078 [pool-186-thread-1] INFO  server.RaftServerConfigKeys (ConfUtils.java:logGet(43)) - raft.server.log.segment.cache.num.max = 2 (custom)
2019-09-12 11:42:13,078 [pool-186-thread-1] INFO  segmented.SegmentedRaftLogWorker (SegmentedRaftLogWorker.java:<init>(172)) - new a115745e-881a-487a-a400-83f63e770212-SegmentedRaftLogWorker:Storage Directory /workdir/hadoop-ozone/ozonefs/target/test-dir/MiniOzoneClusterImpl-a0aea141-3c1c-4ab4-ba0c-769bf23ae178/datanode-0/data/ratis/4b3ba4e9-a261-42e9-8770-18a4738f44cc for RaftStorage:Storage Directory /workdir/hadoop-ozone/ozonefs/target/test-dir/MiniOzoneClusterImpl-a0aea141-3c1c-4ab4-ba0c-769bf23ae178/datanode-0/data/ratis/4b3ba4e9-a261-42e9-8770-18a4738f44cc
2019-09-12 11:42:13,078 [pool-186-thread-1] INFO  server.RaftServerConfigKeys (ConfUtils.java:logGet(43)) - raft.server.log.queue.byte-limit = 2147483647 (custom)
2019-09-12 11:42:13,078 [pool-186-thread-1] INFO  server.RaftServerConfigKeys (ConfUtils.java:logGet(43)) - raft.server.log.queue.element-limit = 1024 (custom)
2019-09-12 11:42:13,078 [pool-186-thread-1] INFO  server.RaftServerConfigKeys (ConfUtils.java:logGet(43)) - raft.server.log.segment.size.max = 1048576 (custom)
2019-09-12 11:42:13,079 [pool-186-thread-1] INFO  server.RaftServerConfigKeys (ConfUtils.java:logGet(43)) - raft.server.log.preallocated.size = 16384 (custom)
2019-09-12 11:42:13,079 [pool-186-thread-1] INFO  server.RaftServerConfigKeys (ConfUtils.java:logGet(43)) - raft.server.log.write.buffer.size = 33554432 (custom)
2019-09-12 11:42:13,079 [pool-186-thread-1] INFO  server.RaftServerConfigKeys (ConfUtils.java:logGet(43)) - raft.server.log.force.sync.num = 128 (default)
2019-09-12 11:42:13,079 [pool-186-thread-1] INFO  server.RaftServerConfigKeys (ConfUtils.java:logGet(43)) - raft.server.log.statemachine.data.sync = true (default)
2019-09-12 11:42:13,079 [pool-186-thread-1] INFO  server.RaftServerConfigKeys (ConfUtils.java:logGet(43)) - raft.server.log.statemachine.data.sync.timeout = 10s (default)
2019-09-12 11:42:13,079 [pool-186-thread-1] INFO  server.RaftServerConfigKeys (ConfUtils.java:logGet(43)) - raft.server.log.statemachine.data.sync.timeout.retry = -1 (default)
2019-09-12 11:42:13,079 [pool-186-thread-1] INFO  server.RaftServerConfigKeys (ConfUtils.java:logGet(43)) - raft.server.log.statemachine.data.caching.enabled = true (custom)
2019-09-12 11:42:13,079 [pool-186-thread-1] INFO  segmented.SegmentedRaftLogWorker (SegmentedRaftLogWorker.java:lambda$new$0(132)) - a115745e-881a-487a-a400-83f63e770212-SegmentedRaftLogWorker:Storage Directory /workdir/hadoop-ozone/ozonefs/target/test-dir/MiniOzoneClusterImpl-a0aea141-3c1c-4ab4-ba0c-769bf23ae178/datanode-0/data/ratis/4b3ba4e9-a261-42e9-8770-18a4738f44cc: flushIndex: setUnconditionally 0 -> -1
2019-09-12 11:42:13,080 [pool-186-thread-1] INFO  server.RaftServerConfigKeys (ConfUtils.java:logGet(43)) - raft.server.snapshot.auto.trigger.enabled = true (custom)
2019-09-12 11:42:13,080 [pool-186-thread-1] INFO  server.RaftServerConfigKeys (ConfUtils.java:logGet(43)) - raft.server.snapshot.auto.trigger.threshold = 10000 (custom)
2019-09-12 11:42:13,080 [pool-186-thread-1] INFO  server.RaftServerConfigKeys (ConfUtils.java:logGet(43)) - raft.server.retrycache.expirytime = 600000ms (custom)
2019-09-12 11:42:13,080 [pool-186-thread-1] INFO  impl.RaftServerImpl (RaftServerImpl.java:start(180)) - a115745e-881a-487a-a400-83f63e770212: start group-18A4738F44CC
2019-09-12 11:42:13,080 [pool-186-thread-1] INFO  impl.RaftServerImpl (RaftServerImpl.java:setRole(171)) - a115745e-881a-487a-a400-83f63e770212:group-18A4738F44CC changes role from null to FOLLOWER at term 0 for startAsFollower
2019-09-12 11:42:13,080 [pool-186-thread-1] INFO  impl.RoleInfo (RoleInfo.java:updateAndGet(143)) - a115745e-881a-487a-a400-83f63e770212: start FollowerState
2019-09-12 11:42:13,081 [pool-186-thread-1] INFO  util.JmxRegister (JmxRegister.java:tryRegister(44)) - Successfully registered JMX Bean with object name Ratis:service=RaftServer,group=group-18A4738F44CC,id=a115745e-881a-487a-a400-83f63e770212
2019-09-12 11:42:13,083 [RatisPipelineUtilsThread] INFO  pipeline.PipelineStateManager (PipelineStateManager.java:addPipeline(56)) - Created pipeline Pipeline[ Id: 4b3ba4e9-a261-42e9-8770-18a4738f44cc, Nodes: a115745e-881a-487a-a400-83f63e770212{ip: 192.168.157.195, host: pr-hdds-1569-xtfnx-3545843844, networkLocation: /default-rack, certSerialId: null}, Type:RATIS, Factor:ONE, State:OPEN]
2019-09-12 11:42:13,083 [RatisPipelineUtilsThread] ERROR pipeline.PipelinePlacementPolicy (PipelinePlacementPolicy.java:meetCriteria(91)) - Pipeline Placement: Doesn't meet the criteria to be viable node. Heaviness: 6
2019-09-12 11:42:13,089 [grpc-default-executor-0] INFO  impl.RaftServerProxy (RaftServerProxy.java:addNew(89)) - 285e09b6-1e55-467e-a3cd-85fa996e047e: addNew group-7EFDA6A10DF8:[285e09b6-1e55-467e-a3cd-85fa996e047e:192.168.157.195:35649] returns group-7EFDA6A10DF8:java.util.concurrent.CompletableFuture@11bc37ef[Not completed]
2019-09-12 11:42:13,089 [pool-197-thread-1] INFO  impl.RaftServerImpl (RaftServerImpl.java:<init>(93)) - 285e09b6-1e55-467e-a3cd-85fa996e047e: new RaftServerImpl for group-7EFDA6A10DF8:[285e09b6-1e55-467e-a3cd-85fa996e047e:192.168.157.195:35649] with ContainerStateMachine:uninitialized
2019-09-12 11:42:13,090 [pool-197-thread-1] INFO  server.RaftServerConfigKeys (ConfUtils.java:logGet(43)) - raft.server.rpc.timeout.min = 5s (custom)
2019-09-12 11:42:13,090 [pool-197-thread-1] INFO  server.RaftServerConfigKeys (ConfUtils.java:logGet(43)) - raft.server.rpc.timeout.max = 5200ms (custom)
2019-09-12 11:42:13,090 [pool-197-thread-1] INFO  server.RaftServerConfigKeys (ConfUtils.java:logGet(43)) - raft.server.rpcslowness.timeout = 120s (custom)
2019-09-12 11:42:13,090 [pool-197-thread-1] INFO  server.RaftServerConfigKeys (ConfUtils.java:logGet(43)) - raft.server.sleep.deviation.threshold = 300 (default)
2019-09-12 11:42:13,090 [pool-197-thread-1] INFO  server.RaftServerConfigKeys (ConfUtils.java:logGet(43)) - raft.server.log.appender.install.snapshot.enabled = false (custom)
2019-09-12 11:42:13,090 [pool-197-thread-1] INFO  impl.RaftServerImpl (ServerState.java:<init>(105)) - 285e09b6-1e55-467e-a3cd-85fa996e047e:group-7EFDA6A10DF8 ConfigurationManager, init=-1: [285e09b6-1e55-467e-a3cd-85fa996e047e:192.168.157.195:35649], old=null, confs=<EMPTY_MAP>
2019-09-12 11:42:13,090 [pool-197-thread-1] INFO  server.RaftServerConfigKeys (ConfUtils.java:logGet(43)) - raft.server.storage.dir = [/workdir/hadoop-ozone/ozonefs/target/test-dir/MiniOzoneClusterImpl-a0aea141-3c1c-4ab4-ba0c-769bf23ae178/datanode-1/data/ratis] (custom)
2019-09-12 11:42:13,091 [pool-197-thread-1] INFO  storage.RaftStorageDirectory (RaftStorageDirectory.java:analyzeStorage(246)) - The storage directory /workdir/hadoop-ozone/ozonefs/target/test-dir/MiniOzoneClusterImpl-a0aea141-3c1c-4ab4-ba0c-769bf23ae178/datanode-1/data/ratis/2759f3d7-af0f-4451-b850-7efda6a10df8 does not exist. Creating ...
2019-09-12 11:42:13,093 [pool-197-thread-1] INFO  storage.RaftStorageDirectory (RaftStorageDirectory.java:tryLock(328)) - Lock on /workdir/hadoop-ozone/ozonefs/target/test-dir/MiniOzoneClusterImpl-a0aea141-3c1c-4ab4-ba0c-769bf23ae178/datanode-1/data/ratis/2759f3d7-af0f-4451-b850-7efda6a10df8/in_use.lock acquired by nodename 27663@pr-hdds-1569-xtfnx-3545843844
2019-09-12 11:42:13,096 [pool-197-thread-1] INFO  storage.RaftStorage (RaftStorage.java:format(72)) - Storage directory /workdir/hadoop-ozone/ozonefs/target/test-dir/MiniOzoneClusterImpl-a0aea141-3c1c-4ab4-ba0c-769bf23ae178/datanode-1/data/ratis/2759f3d7-af0f-4451-b850-7efda6a10df8 has been successfully formatted.
2019-09-12 11:42:13,096 [pool-197-thread-1] INFO  ratis.ContainerStateMachine (ContainerStateMachine.java:loadSnapshot(226)) - group-7EFDA6A10DF8: The snapshot info is null. Setting the last applied indexto:(t:0, i:~)
2019-09-12 11:42:13,097 [pool-197-thread-1] INFO  server.RaftServerConfigKeys (ConfUtils.java:logGet(43)) - raft.server.leader.election.timeout = 120s (custom)
2019-09-12 11:42:13,097 [pool-197-thread-1] INFO  server.RaftServerConfigKeys (ConfUtils.java:logGet(43)) - raft.server.log.use.memory = false (default)
2019-09-12 11:42:13,097 [pool-197-thread-1] INFO  server.RaftServerConfigKeys (ConfUtils.java:logGet(43)) - raft.server.log.purge.gap = 1000000 (custom)
2019-09-12 11:42:13,097 [pool-197-thread-1] INFO  server.RaftServerConfigKeys (ConfUtils.java:logGet(43)) - raft.server.log.appender.buffer.byte-limit = 33554432 (custom)
2019-09-12 11:42:13,097 [pool-197-thread-1] INFO  server.RaftServerConfigKeys (ConfUtils.java:logGet(43)) - raft.server.log.segment.size.max = 1048576 (custom)
2019-09-12 11:42:13,097 [pool-197-thread-1] INFO  server.RaftServerConfigKeys (ConfUtils.java:logGet(43)) - raft.server.log.segment.cache.num.max = 2 (custom)
2019-09-12 11:42:13,098 [pool-197-thread-1] INFO  segmented.SegmentedRaftLogWorker (SegmentedRaftLogWorker.java:<init>(172)) - new 285e09b6-1e55-467e-a3cd-85fa996e047e-SegmentedRaftLogWorker:Storage Directory /workdir/hadoop-ozone/ozonefs/target/test-dir/MiniOzoneClusterImpl-a0aea141-3c1c-4ab4-ba0c-769bf23ae178/datanode-1/data/ratis/2759f3d7-af0f-4451-b850-7efda6a10df8 for RaftStorage:Storage Directory /workdir/hadoop-ozone/ozonefs/target/test-dir/MiniOzoneClusterImpl-a0aea141-3c1c-4ab4-ba0c-769bf23ae178/datanode-1/data/ratis/2759f3d7-af0f-4451-b850-7efda6a10df8
2019-09-12 11:42:13,098 [pool-197-thread-1] INFO  server.RaftServerConfigKeys (ConfUtils.java:logGet(43)) - raft.server.log.queue.byte-limit = 2147483647 (custom)
2019-09-12 11:42:13,098 [pool-197-thread-1] INFO  server.RaftServerConfigKeys (ConfUtils.java:logGet(43)) - raft.server.log.queue.element-limit = 1024 (custom)
2019-09-12 11:42:13,098 [pool-197-thread-1] INFO  server.RaftServerConfigKeys (ConfUtils.java:logGet(43)) - raft.server.log.segment.size.max = 1048576 (custom)
2019-09-12 11:42:13,098 [pool-197-thread-1] INFO  server.RaftServerConfigKeys (ConfUtils.java:logGet(43)) - raft.server.log.preallocated.size = 16384 (custom)
2019-09-12 11:42:13,099 [pool-197-thread-1] INFO  server.RaftServerConfigKeys (ConfUtils.java:logGet(43)) - raft.server.log.write.buffer.size = 33554432 (custom)
2019-09-12 11:42:13,099 [pool-197-thread-1] INFO  server.RaftServerConfigKeys (ConfUtils.java:logGet(43)) - raft.server.log.force.sync.num = 128 (default)
2019-09-12 11:42:13,099 [pool-197-thread-1] INFO  server.RaftServerConfigKeys (ConfUtils.java:logGet(43)) - raft.server.log.statemachine.data.sync = true (default)
2019-09-12 11:42:13,099 [pool-197-thread-1] INFO  server.RaftServerConfigKeys (ConfUtils.java:logGet(43)) - raft.server.log.statemachine.data.sync.timeout = 10s (default)
2019-09-12 11:42:13,099 [pool-197-thread-1] INFO  server.RaftServerConfigKeys (ConfUtils.java:logGet(43)) - raft.server.log.statemachine.data.sync.timeout.retry = -1 (default)
2019-09-12 11:42:13,099 [pool-197-thread-1] INFO  server.RaftServerConfigKeys (ConfUtils.java:logGet(43)) - raft.server.log.statemachine.data.caching.enabled = true (custom)
2019-09-12 11:42:13,099 [pool-197-thread-1] INFO  segmented.SegmentedRaftLogWorker (SegmentedRaftLogWorker.java:lambda$new$0(132)) - 285e09b6-1e55-467e-a3cd-85fa996e047e-SegmentedRaftLogWorker:Storage Directory /workdir/hadoop-ozone/ozonefs/target/test-dir/MiniOzoneClusterImpl-a0aea141-3c1c-4ab4-ba0c-769bf23ae178/datanode-1/data/ratis/2759f3d7-af0f-4451-b850-7efda6a10df8: flushIndex: setUnconditionally 0 -> -1
2019-09-12 11:42:13,100 [pool-197-thread-1] INFO  server.RaftServerConfigKeys (ConfUtils.java:logGet(43)) - raft.server.snapshot.auto.trigger.enabled = true (custom)
2019-09-12 11:42:13,100 [pool-197-thread-1] INFO  server.RaftServerConfigKeys (ConfUtils.java:logGet(43)) - raft.server.snapshot.auto.trigger.threshold = 10000 (custom)
2019-09-12 11:42:13,100 [pool-197-thread-1] INFO  server.RaftServerConfigKeys (ConfUtils.java:logGet(43)) - raft.server.retrycache.expirytime = 600000ms (custom)
2019-09-12 11:42:13,100 [pool-197-thread-1] INFO  impl.RaftServerImpl (RaftServerImpl.java:start(180)) - 285e09b6-1e55-467e-a3cd-85fa996e047e: start group-7EFDA6A10DF8
2019-09-12 11:42:13,100 [pool-197-thread-1] INFO  impl.RaftServerImpl (RaftServerImpl.java:setRole(171)) - 285e09b6-1e55-467e-a3cd-85fa996e047e:group-7EFDA6A10DF8 changes role from null to FOLLOWER at term 0 for startAsFollower
2019-09-12 11:42:13,100 [pool-197-thread-1] INFO  impl.RoleInfo (RoleInfo.java:updateAndGet(143)) - 285e09b6-1e55-467e-a3cd-85fa996e047e: start FollowerState
2019-09-12 11:42:13,101 [pool-197-thread-1] INFO  util.JmxRegister (JmxRegister.java:tryRegister(44)) - Successfully registered JMX Bean with object name Ratis:service=RaftServer,group=group-7EFDA6A10DF8,id=285e09b6-1e55-467e-a3cd-85fa996e047e
2019-09-12 11:42:13,102 [RatisPipelineUtilsThread] INFO  pipeline.PipelineStateManager (PipelineStateManager.java:addPipeline(56)) - Created pipeline Pipeline[ Id: 2759f3d7-af0f-4451-b850-7efda6a10df8, Nodes: 285e09b6-1e55-467e-a3cd-85fa996e047e{ip: 192.168.157.195, host: pr-hdds-1569-xtfnx-3545843844, networkLocation: /default-rack, certSerialId: null}, Type:RATIS, Factor:ONE, State:OPEN]
2019-09-12 11:42:13,103 [RatisPipelineUtilsThread] ERROR pipeline.PipelinePlacementPolicy (PipelinePlacementPolicy.java:meetCriteria(91)) - Pipeline Placement: Doesn't meet the criteria to be viable node. Heaviness: 6
2019-09-12 11:42:13,106 [grpc-default-executor-0] INFO  impl.RaftServerProxy (RaftServerProxy.java:addNew(89)) - 285e09b6-1e55-467e-a3cd-85fa996e047e: addNew group-DF9372B108CF:[285e09b6-1e55-467e-a3cd-85fa996e047e:192.168.157.195:35649] returns group-DF9372B108CF:java.util.concurrent.CompletableFuture@582f3156[Not completed]
2019-09-12 11:42:13,107 [pool-197-thread-1] INFO  impl.RaftServerImpl (RaftServerImpl.java:<init>(93)) - 285e09b6-1e55-467e-a3cd-85fa996e047e: new RaftServerImpl for group-DF9372B108CF:[285e09b6-1e55-467e-a3cd-85fa996e047e:192.168.157.195:35649] with ContainerStateMachine:uninitialized
2019-09-12 11:42:13,107 [pool-197-thread-1] INFO  server.RaftServerConfigKeys (ConfUtils.java:logGet(43)) - raft.server.rpc.timeout.min = 5s (custom)
2019-09-12 11:42:13,107 [pool-197-thread-1] INFO  server.RaftServerConfigKeys (ConfUtils.java:logGet(43)) - raft.server.rpc.timeout.max = 5200ms (custom)
2019-09-12 11:42:13,107 [pool-197-thread-1] INFO  server.RaftServerConfigKeys (ConfUtils.java:logGet(43)) - raft.server.rpcslowness.timeout = 120s (custom)
2019-09-12 11:42:13,107 [pool-197-thread-1] INFO  server.RaftServerConfigKeys (ConfUtils.java:logGet(43)) - raft.server.sleep.deviation.threshold = 300 (default)
2019-09-12 11:42:13,107 [pool-197-thread-1] INFO  server.RaftServerConfigKeys (ConfUtils.java:logGet(43)) - raft.server.log.appender.install.snapshot.enabled = false (custom)
2019-09-12 11:42:13,107 [pool-197-thread-1] INFO  impl.RaftServerImpl (ServerState.java:<init>(105)) - 285e09b6-1e55-467e-a3cd-85fa996e047e:group-DF9372B108CF ConfigurationManager, init=-1: [285e09b6-1e55-467e-a3cd-85fa996e047e:192.168.157.195:35649], old=null, confs=<EMPTY_MAP>
2019-09-12 11:42:13,107 [pool-197-thread-1] INFO  server.RaftServerConfigKeys (ConfUtils.java:logGet(43)) - raft.server.storage.dir = [/workdir/hadoop-ozone/ozonefs/target/test-dir/MiniOzoneClusterImpl-a0aea141-3c1c-4ab4-ba0c-769bf23ae178/datanode-1/data/ratis] (custom)
2019-09-12 11:42:13,108 [pool-197-thread-1] INFO  storage.RaftStorageDirectory (RaftStorageDirectory.java:analyzeStorage(246)) - The storage directory /workdir/hadoop-ozone/ozonefs/target/test-dir/MiniOzoneClusterImpl-a0aea141-3c1c-4ab4-ba0c-769bf23ae178/datanode-1/data/ratis/a0edf188-2816-4bb3-99d0-df9372b108cf does not exist. Creating ...
2019-09-12 11:42:13,111 [pool-197-thread-1] INFO  storage.RaftStorageDirectory (RaftStorageDirectory.java:tryLock(328)) - Lock on /workdir/hadoop-ozone/ozonefs/target/test-dir/MiniOzoneClusterImpl-a0aea141-3c1c-4ab4-ba0c-769bf23ae178/datanode-1/data/ratis/a0edf188-2816-4bb3-99d0-df9372b108cf/in_use.lock acquired by nodename 27663@pr-hdds-1569-xtfnx-3545843844
2019-09-12 11:42:13,114 [pool-197-thread-1] INFO  storage.RaftStorage (RaftStorage.java:format(72)) - Storage directory /workdir/hadoop-ozone/ozonefs/target/test-dir/MiniOzoneClusterImpl-a0aea141-3c1c-4ab4-ba0c-769bf23ae178/datanode-1/data/ratis/a0edf188-2816-4bb3-99d0-df9372b108cf has been successfully formatted.
2019-09-12 11:42:13,114 [pool-197-thread-1] INFO  ratis.ContainerStateMachine (ContainerStateMachine.java:loadSnapshot(226)) - group-DF9372B108CF: The snapshot info is null. Setting the last applied indexto:(t:0, i:~)
2019-09-12 11:42:13,114 [pool-197-thread-1] INFO  server.RaftServerConfigKeys (ConfUtils.java:logGet(43)) - raft.server.leader.election.timeout = 120s (custom)
2019-09-12 11:42:13,115 [pool-197-thread-1] INFO  server.RaftServerConfigKeys (ConfUtils.java:logGet(43)) - raft.server.log.use.memory = false (default)
2019-09-12 11:42:13,115 [pool-197-thread-1] INFO  server.RaftServerConfigKeys (ConfUtils.java:logGet(43)) - raft.server.log.purge.gap = 1000000 (custom)
2019-09-12 11:42:13,115 [pool-197-thread-1] INFO  server.RaftServerConfigKeys (ConfUtils.java:logGet(43)) - raft.server.log.appender.buffer.byte-limit = 33554432 (custom)
2019-09-12 11:42:13,115 [pool-197-thread-1] INFO  server.RaftServerConfigKeys (ConfUtils.java:logGet(43)) - raft.server.log.segment.size.max = 1048576 (custom)
2019-09-12 11:42:13,115 [pool-197-thread-1] INFO  server.RaftServerConfigKeys (ConfUtils.java:logGet(43)) - raft.server.log.segment.cache.num.max = 2 (custom)
2019-09-12 11:42:13,115 [pool-197-thread-1] INFO  segmented.SegmentedRaftLogWorker (SegmentedRaftLogWorker.java:<init>(172)) - new 285e09b6-1e55-467e-a3cd-85fa996e047e-SegmentedRaftLogWorker:Storage Directory /workdir/hadoop-ozone/ozonefs/target/test-dir/MiniOzoneClusterImpl-a0aea141-3c1c-4ab4-ba0c-769bf23ae178/datanode-1/data/ratis/a0edf188-2816-4bb3-99d0-df9372b108cf for RaftStorage:Storage Directory /workdir/hadoop-ozone/ozonefs/target/test-dir/MiniOzoneClusterImpl-a0aea141-3c1c-4ab4-ba0c-769bf23ae178/datanode-1/data/ratis/a0edf188-2816-4bb3-99d0-df9372b108cf
2019-09-12 11:42:13,116 [pool-197-thread-1] INFO  server.RaftServerConfigKeys (ConfUtils.java:logGet(43)) - raft.server.log.queue.byte-limit = 2147483647 (custom)
2019-09-12 11:42:13,116 [pool-197-thread-1] INFO  server.RaftServerConfigKeys (ConfUtils.java:logGet(43)) - raft.server.log.queue.element-limit = 1024 (custom)
2019-09-12 11:42:13,116 [pool-197-thread-1] INFO  server.RaftServerConfigKeys (ConfUtils.java:logGet(43)) - raft.server.log.segment.size.max = 1048576 (custom)
2019-09-12 11:42:13,116 [pool-197-thread-1] INFO  server.RaftServerConfigKeys (ConfUtils.java:logGet(43)) - raft.server.log.preallocated.size = 16384 (custom)
2019-09-12 11:42:13,116 [pool-197-thread-1] INFO  server.RaftServerConfigKeys (ConfUtils.java:logGet(43)) - raft.server.log.write.buffer.size = 33554432 (custom)
2019-09-12 11:42:13,116 [pool-197-thread-1] INFO  server.RaftServerConfigKeys (ConfUtils.java:logGet(43)) - raft.server.log.force.sync.num = 128 (default)
2019-09-12 11:42:13,116 [pool-197-thread-1] INFO  server.RaftServerConfigKeys (ConfUtils.java:logGet(43)) - raft.server.log.statemachine.data.sync = true (default)
2019-09-12 11:42:13,116 [pool-197-thread-1] INFO  server.RaftServerConfigKeys (ConfUtils.java:logGet(43)) - raft.server.log.statemachine.data.sync.timeout = 10s (default)
2019-09-12 11:42:13,116 [pool-197-thread-1] INFO  server.RaftServerConfigKeys (ConfUtils.java:logGet(43)) - raft.server.log.statemachine.data.sync.timeout.retry = -1 (default)
2019-09-12 11:42:13,117 [pool-197-thread-1] INFO  server.RaftServerConfigKeys (ConfUtils.java:logGet(43)) - raft.server.log.statemachine.data.caching.enabled = true (custom)
2019-09-12 11:42:13,117 [pool-197-thread-1] INFO  segmented.SegmentedRaftLogWorker (SegmentedRaftLogWorker.java:lambda$new$0(132)) - 285e09b6-1e55-467e-a3cd-85fa996e047e-SegmentedRaftLogWorker:Storage Directory /workdir/hadoop-ozone/ozonefs/target/test-dir/MiniOzoneClusterImpl-a0aea141-3c1c-4ab4-ba0c-769bf23ae178/datanode-1/data/ratis/a0edf188-2816-4bb3-99d0-df9372b108cf: flushIndex: setUnconditionally 0 -> -1
2019-09-12 11:42:13,117 [pool-197-thread-1] INFO  server.RaftServerConfigKeys (ConfUtils.java:logGet(43)) - raft.server.snapshot.auto.trigger.enabled = true (custom)
2019-09-12 11:42:13,117 [pool-197-thread-1] INFO  server.RaftServerConfigKeys (ConfUtils.java:logGet(43)) - raft.server.snapshot.auto.trigger.threshold = 10000 (custom)
2019-09-12 11:42:13,117 [pool-197-thread-1] INFO  server.RaftServerConfigKeys (ConfUtils.java:logGet(43)) - raft.server.retrycache.expirytime = 600000ms (custom)
2019-09-12 11:42:13,117 [pool-197-thread-1] INFO  impl.RaftServerImpl (RaftServerImpl.java:start(180)) - 285e09b6-1e55-467e-a3cd-85fa996e047e: start group-DF9372B108CF
2019-09-12 11:42:13,118 [pool-197-thread-1] INFO  impl.RaftServerImpl (RaftServerImpl.java:setRole(171)) - 285e09b6-1e55-467e-a3cd-85fa996e047e:group-DF9372B108CF changes role from null to FOLLOWER at term 0 for startAsFollower
2019-09-12 11:42:13,118 [pool-197-thread-1] INFO  impl.RoleInfo (RoleInfo.java:updateAndGet(143)) - 285e09b6-1e55-467e-a3cd-85fa996e047e: start FollowerState
2019-09-12 11:42:13,118 [pool-197-thread-1] INFO  util.JmxRegister (JmxRegister.java:tryRegister(44)) - Successfully registered JMX Bean with object name Ratis:service=RaftServer,group=group-DF9372B108CF,id=285e09b6-1e55-467e-a3cd-85fa996e047e
2019-09-12 11:42:13,120 [RatisPipelineUtilsThread] INFO  pipeline.PipelineStateManager (PipelineStateManager.java:addPipeline(56)) - Created pipeline Pipeline[ Id: a0edf188-2816-4bb3-99d0-df9372b108cf, Nodes: 285e09b6-1e55-467e-a3cd-85fa996e047e{ip: 192.168.157.195, host: pr-hdds-1569-xtfnx-3545843844, networkLocation: /default-rack, certSerialId: null}, Type:RATIS, Factor:ONE, State:OPEN]
2019-09-12 11:42:13,120 [RatisPipelineUtilsThread] ERROR pipeline.PipelinePlacementPolicy (PipelinePlacementPolicy.java:meetCriteria(91)) - Pipeline Placement: Doesn't meet the criteria to be viable node. Heaviness: 6
2019-09-12 11:42:13,124 [grpc-default-executor-0] INFO  impl.RaftServerProxy (RaftServerProxy.java:addNew(89)) - 285e09b6-1e55-467e-a3cd-85fa996e047e: addNew group-DEDB90C207B2:[285e09b6-1e55-467e-a3cd-85fa996e047e:192.168.157.195:35649] returns group-DEDB90C207B2:java.util.concurrent.CompletableFuture@1b29a7e2[Not completed]
2019-09-12 11:42:13,124 [pool-197-thread-1] INFO  impl.RaftServerImpl (RaftServerImpl.java:<init>(93)) - 285e09b6-1e55-467e-a3cd-85fa996e047e: new RaftServerImpl for group-DEDB90C207B2:[285e09b6-1e55-467e-a3cd-85fa996e047e:192.168.157.195:35649] with ContainerStateMachine:uninitialized
2019-09-12 11:42:13,125 [pool-197-thread-1] INFO  server.RaftServerConfigKeys (ConfUtils.java:logGet(43)) - raft.server.rpc.timeout.min = 5s (custom)
2019-09-12 11:42:13,125 [pool-197-thread-1] INFO  server.RaftServerConfigKeys (ConfUtils.java:logGet(43)) - raft.server.rpc.timeout.max = 5200ms (custom)
2019-09-12 11:42:13,125 [pool-197-thread-1] INFO  server.RaftServerConfigKeys (ConfUtils.java:logGet(43)) - raft.server.rpcslowness.timeout = 120s (custom)
2019-09-12 11:42:13,125 [pool-197-thread-1] INFO  server.RaftServerConfigKeys (ConfUtils.java:logGet(43)) - raft.server.sleep.deviation.threshold = 300 (default)
2019-09-12 11:42:13,125 [pool-197-thread-1] INFO  server.RaftServerConfigKeys (ConfUtils.java:logGet(43)) - raft.server.log.appender.install.snapshot.enabled = false (custom)
2019-09-12 11:42:13,125 [pool-197-thread-1] INFO  impl.RaftServerImpl (ServerState.java:<init>(105)) - 285e09b6-1e55-467e-a3cd-85fa996e047e:group-DEDB90C207B2 ConfigurationManager, init=-1: [285e09b6-1e55-467e-a3cd-85fa996e047e:192.168.157.195:35649], old=null, confs=<EMPTY_MAP>
2019-09-12 11:42:13,125 [pool-197-thread-1] INFO  server.RaftServerConfigKeys (ConfUtils.java:logGet(43)) - raft.server.storage.dir = [/workdir/hadoop-ozone/ozonefs/target/test-dir/MiniOzoneClusterImpl-a0aea141-3c1c-4ab4-ba0c-769bf23ae178/datanode-1/data/ratis] (custom)
2019-09-12 11:42:13,125 [pool-197-thread-1] INFO  storage.RaftStorageDirectory (RaftStorageDirectory.java:analyzeStorage(246)) - The storage directory /workdir/hadoop-ozone/ozonefs/target/test-dir/MiniOzoneClusterImpl-a0aea141-3c1c-4ab4-ba0c-769bf23ae178/datanode-1/data/ratis/7e01dc84-e8cb-4621-b8f3-dedb90c207b2 does not exist. Creating ...
2019-09-12 11:42:13,129 [pool-197-thread-1] INFO  storage.RaftStorageDirectory (RaftStorageDirectory.java:tryLock(328)) - Lock on /workdir/hadoop-ozone/ozonefs/target/test-dir/MiniOzoneClusterImpl-a0aea141-3c1c-4ab4-ba0c-769bf23ae178/datanode-1/data/ratis/7e01dc84-e8cb-4621-b8f3-dedb90c207b2/in_use.lock acquired by nodename 27663@pr-hdds-1569-xtfnx-3545843844
2019-09-12 11:42:13,132 [pool-197-thread-1] INFO  storage.RaftStorage (RaftStorage.java:format(72)) - Storage directory /workdir/hadoop-ozone/ozonefs/target/test-dir/MiniOzoneClusterImpl-a0aea141-3c1c-4ab4-ba0c-769bf23ae178/datanode-1/data/ratis/7e01dc84-e8cb-4621-b8f3-dedb90c207b2 has been successfully formatted.
2019-09-12 11:42:13,132 [pool-197-thread-1] INFO  ratis.ContainerStateMachine (ContainerStateMachine.java:loadSnapshot(226)) - group-DEDB90C207B2: The snapshot info is null. Setting the last applied indexto:(t:0, i:~)
2019-09-12 11:42:13,132 [pool-197-thread-1] INFO  server.RaftServerConfigKeys (ConfUtils.java:logGet(43)) - raft.server.leader.election.timeout = 120s (custom)
2019-09-12 11:42:13,132 [pool-197-thread-1] INFO  server.RaftServerConfigKeys (ConfUtils.java:logGet(43)) - raft.server.log.use.memory = false (default)
2019-09-12 11:42:13,132 [pool-197-thread-1] INFO  server.RaftServerConfigKeys (ConfUtils.java:logGet(43)) - raft.server.log.purge.gap = 1000000 (custom)
2019-09-12 11:42:13,132 [pool-197-thread-1] INFO  server.RaftServerConfigKeys (ConfUtils.java:logGet(43)) - raft.server.log.appender.buffer.byte-limit = 33554432 (custom)
2019-09-12 11:42:13,132 [pool-197-thread-1] INFO  server.RaftServerConfigKeys (ConfUtils.java:logGet(43)) - raft.server.log.segment.size.max = 1048576 (custom)
2019-09-12 11:42:13,132 [pool-197-thread-1] INFO  server.RaftServerConfigKeys (ConfUtils.java:logGet(43)) - raft.server.log.segment.cache.num.max = 2 (custom)
2019-09-12 11:42:13,133 [pool-197-thread-1] INFO  segmented.SegmentedRaftLogWorker (SegmentedRaftLogWorker.java:<init>(172)) - new 285e09b6-1e55-467e-a3cd-85fa996e047e-SegmentedRaftLogWorker:Storage Directory /workdir/hadoop-ozone/ozonefs/target/test-dir/MiniOzoneClusterImpl-a0aea141-3c1c-4ab4-ba0c-769bf23ae178/datanode-1/data/ratis/7e01dc84-e8cb-4621-b8f3-dedb90c207b2 for RaftStorage:Storage Directory /workdir/hadoop-ozone/ozonefs/target/test-dir/MiniOzoneClusterImpl-a0aea141-3c1c-4ab4-ba0c-769bf23ae178/datanode-1/data/ratis/7e01dc84-e8cb-4621-b8f3-dedb90c207b2
2019-09-12 11:42:13,133 [pool-197-thread-1] INFO  server.RaftServerConfigKeys (ConfUtils.java:logGet(43)) - raft.server.log.queue.byte-limit = 2147483647 (custom)
2019-09-12 11:42:13,133 [pool-197-thread-1] INFO  server.RaftServerConfigKeys (ConfUtils.java:logGet(43)) - raft.server.log.queue.element-limit = 1024 (custom)
2019-09-12 11:42:13,133 [pool-197-thread-1] INFO  server.RaftServerConfigKeys (ConfUtils.java:logGet(43)) - raft.server.log.segment.size.max = 1048576 (custom)
2019-09-12 11:42:13,133 [pool-197-thread-1] INFO  server.RaftServerConfigKeys (ConfUtils.java:logGet(43)) - raft.server.log.preallocated.size = 16384 (custom)
2019-09-12 11:42:13,133 [pool-197-thread-1] INFO  server.RaftServerConfigKeys (ConfUtils.java:logGet(43)) - raft.server.log.write.buffer.size = 33554432 (custom)
2019-09-12 11:42:13,133 [pool-197-thread-1] INFO  server.RaftServerConfigKeys (ConfUtils.java:logGet(43)) - raft.server.log.force.sync.num = 128 (default)
2019-09-12 11:42:13,133 [pool-197-thread-1] INFO  server.RaftServerConfigKeys (ConfUtils.java:logGet(43)) - raft.server.log.statemachine.data.sync = true (default)
2019-09-12 11:42:13,133 [pool-197-thread-1] INFO  server.RaftServerConfigKeys (ConfUtils.java:logGet(43)) - raft.server.log.statemachine.data.sync.timeout = 10s (default)
2019-09-12 11:42:13,133 [pool-197-thread-1] INFO  server.RaftServerConfigKeys (ConfUtils.java:logGet(43)) - raft.server.log.statemachine.data.sync.timeout.retry = -1 (default)
2019-09-12 11:42:13,134 [pool-197-thread-1] INFO  server.RaftServerConfigKeys (ConfUtils.java:logGet(43)) - raft.server.log.statemachine.data.caching.enabled = true (custom)
2019-09-12 11:42:13,134 [pool-197-thread-1] INFO  segmented.SegmentedRaftLogWorker (SegmentedRaftLogWorker.java:lambda$new$0(132)) - 285e09b6-1e55-467e-a3cd-85fa996e047e-SegmentedRaftLogWorker:Storage Directory /workdir/hadoop-ozone/ozonefs/target/test-dir/MiniOzoneClusterImpl-a0aea141-3c1c-4ab4-ba0c-769bf23ae178/datanode-1/data/ratis/7e01dc84-e8cb-4621-b8f3-dedb90c207b2: flushIndex: setUnconditionally 0 -> -1
2019-09-12 11:42:13,134 [pool-197-thread-1] INFO  server.RaftServerConfigKeys (ConfUtils.java:logGet(43)) - raft.server.snapshot.auto.trigger.enabled = true (custom)
2019-09-12 11:42:13,134 [pool-197-thread-1] INFO  server.RaftServerConfigKeys (ConfUtils.java:logGet(43)) - raft.server.snapshot.auto.trigger.threshold = 10000 (custom)
2019-09-12 11:42:13,134 [pool-197-thread-1] INFO  server.RaftServerConfigKeys (ConfUtils.java:logGet(43)) - raft.server.retrycache.expirytime = 600000ms (custom)
2019-09-12 11:42:13,134 [pool-197-thread-1] INFO  impl.RaftServerImpl (RaftServerImpl.java:start(180)) - 285e09b6-1e55-467e-a3cd-85fa996e047e: start group-DEDB90C207B2
2019-09-12 11:42:13,134 [pool-197-thread-1] INFO  impl.RaftServerImpl (RaftServerImpl.java:setRole(171)) - 285e09b6-1e55-467e-a3cd-85fa996e047e:group-DEDB90C207B2 changes role from null to FOLLOWER at term 0 for startAsFollower
2019-09-12 11:42:13,135 [pool-197-thread-1] INFO  impl.RoleInfo (RoleInfo.java:updateAndGet(143)) - 285e09b6-1e55-467e-a3cd-85fa996e047e: start FollowerState
2019-09-12 11:42:13,135 [pool-197-thread-1] INFO  util.JmxRegister (JmxRegister.java:tryRegister(44)) - Successfully registered JMX Bean with object name Ratis:service=RaftServer,group=group-DEDB90C207B2,id=285e09b6-1e55-467e-a3cd-85fa996e047e
2019-09-12 11:42:13,137 [RatisPipelineUtilsThread] INFO  pipeline.PipelineStateManager (PipelineStateManager.java:addPipeline(56)) - Created pipeline Pipeline[ Id: 7e01dc84-e8cb-4621-b8f3-dedb90c207b2, Nodes: 285e09b6-1e55-467e-a3cd-85fa996e047e{ip: 192.168.157.195, host: pr-hdds-1569-xtfnx-3545843844, networkLocation: /default-rack, certSerialId: null}, Type:RATIS, Factor:ONE, State:OPEN]
2019-09-12 11:42:13,137 [RatisPipelineUtilsThread] ERROR pipeline.PipelinePlacementPolicy (PipelinePlacementPolicy.java:meetCriteria(91)) - Pipeline Placement: Doesn't meet the criteria to be viable node. Heaviness: 6
2019-09-12 11:42:13,141 [grpc-default-executor-0] INFO  impl.RaftServerProxy (RaftServerProxy.java:addNew(89)) - 285e09b6-1e55-467e-a3cd-85fa996e047e: addNew group-9DC8A45EBAAC:[285e09b6-1e55-467e-a3cd-85fa996e047e:192.168.157.195:35649] returns group-9DC8A45EBAAC:java.util.concurrent.CompletableFuture@6ee3c6a8[Not completed]
2019-09-12 11:42:13,141 [pool-197-thread-1] INFO  impl.RaftServerImpl (RaftServerImpl.java:<init>(93)) - 285e09b6-1e55-467e-a3cd-85fa996e047e: new RaftServerImpl for group-9DC8A45EBAAC:[285e09b6-1e55-467e-a3cd-85fa996e047e:192.168.157.195:35649] with ContainerStateMachine:uninitialized
2019-09-12 11:42:13,142 [pool-197-thread-1] INFO  server.RaftServerConfigKeys (ConfUtils.java:logGet(43)) - raft.server.rpc.timeout.min = 5s (custom)
2019-09-12 11:42:13,142 [pool-197-thread-1] INFO  server.RaftServerConfigKeys (ConfUtils.java:logGet(43)) - raft.server.rpc.timeout.max = 5200ms (custom)
2019-09-12 11:42:13,142 [pool-197-thread-1] INFO  server.RaftServerConfigKeys (ConfUtils.java:logGet(43)) - raft.server.rpcslowness.timeout = 120s (custom)
2019-09-12 11:42:13,142 [pool-197-thread-1] INFO  server.RaftServerConfigKeys (ConfUtils.java:logGet(43)) - raft.server.sleep.deviation.threshold = 300 (default)
2019-09-12 11:42:13,142 [pool-197-thread-1] INFO  server.RaftServerConfigKeys (ConfUtils.java:logGet(43)) - raft.server.log.appender.install.snapshot.enabled = false (custom)
2019-09-12 11:42:13,142 [pool-197-thread-1] INFO  impl.RaftServerImpl (ServerState.java:<init>(105)) - 285e09b6-1e55-467e-a3cd-85fa996e047e:group-9DC8A45EBAAC ConfigurationManager, init=-1: [285e09b6-1e55-467e-a3cd-85fa996e047e:192.168.157.195:35649], old=null, confs=<EMPTY_MAP>
2019-09-12 11:42:13,142 [pool-197-thread-1] INFO  server.RaftServerConfigKeys (ConfUtils.java:logGet(43)) - raft.server.storage.dir = [/workdir/hadoop-ozone/ozonefs/target/test-dir/MiniOzoneClusterImpl-a0aea141-3c1c-4ab4-ba0c-769bf23ae178/datanode-1/data/ratis] (custom)
2019-09-12 11:42:13,142 [pool-197-thread-1] INFO  storage.RaftStorageDirectory (RaftStorageDirectory.java:analyzeStorage(246)) - The storage directory /workdir/hadoop-ozone/ozonefs/target/test-dir/MiniOzoneClusterImpl-a0aea141-3c1c-4ab4-ba0c-769bf23ae178/datanode-1/data/ratis/bed01bd2-4b60-4654-bb6f-9dc8a45ebaac does not exist. Creating ...
2019-09-12 11:42:13,155 [pool-197-thread-1] INFO  storage.RaftStorageDirectory (RaftStorageDirectory.java:tryLock(328)) - Lock on /workdir/hadoop-ozone/ozonefs/target/test-dir/MiniOzoneClusterImpl-a0aea141-3c1c-4ab4-ba0c-769bf23ae178/datanode-1/data/ratis/bed01bd2-4b60-4654-bb6f-9dc8a45ebaac/in_use.lock acquired by nodename 27663@pr-hdds-1569-xtfnx-3545843844
2019-09-12 11:42:13,168 [pool-197-thread-1] INFO  storage.RaftStorage (RaftStorage.java:format(72)) - Storage directory /workdir/hadoop-ozone/ozonefs/target/test-dir/MiniOzoneClusterImpl-a0aea141-3c1c-4ab4-ba0c-769bf23ae178/datanode-1/data/ratis/bed01bd2-4b60-4654-bb6f-9dc8a45ebaac has been successfully formatted.
2019-09-12 11:42:13,169 [pool-197-thread-1] INFO  ratis.ContainerStateMachine (ContainerStateMachine.java:loadSnapshot(226)) - group-9DC8A45EBAAC: The snapshot info is null. Setting the last applied indexto:(t:0, i:~)
2019-09-12 11:42:13,169 [pool-197-thread-1] INFO  server.RaftServerConfigKeys (ConfUtils.java:logGet(43)) - raft.server.leader.election.timeout = 120s (custom)
2019-09-12 11:42:13,169 [pool-197-thread-1] INFO  server.RaftServerConfigKeys (ConfUtils.java:logGet(43)) - raft.server.log.use.memory = false (default)
2019-09-12 11:42:13,169 [pool-197-thread-1] INFO  server.RaftServerConfigKeys (ConfUtils.java:logGet(43)) - raft.server.log.purge.gap = 1000000 (custom)
2019-09-12 11:42:13,169 [pool-197-thread-1] INFO  server.RaftServerConfigKeys (ConfUtils.java:logGet(43)) - raft.server.log.appender.buffer.byte-limit = 33554432 (custom)
2019-09-12 11:42:13,169 [pool-197-thread-1] INFO  server.RaftServerConfigKeys (ConfUtils.java:logGet(43)) - raft.server.log.segment.size.max = 1048576 (custom)
2019-09-12 11:42:13,169 [pool-197-thread-1] INFO  server.RaftServerConfigKeys (ConfUtils.java:logGet(43)) - raft.server.log.segment.cache.num.max = 2 (custom)
2019-09-12 11:42:13,169 [pool-197-thread-1] INFO  segmented.SegmentedRaftLogWorker (SegmentedRaftLogWorker.java:<init>(172)) - new 285e09b6-1e55-467e-a3cd-85fa996e047e-SegmentedRaftLogWorker:Storage Directory /workdir/hadoop-ozone/ozonefs/target/test-dir/MiniOzoneClusterImpl-a0aea141-3c1c-4ab4-ba0c-769bf23ae178/datanode-1/data/ratis/bed01bd2-4b60-4654-bb6f-9dc8a45ebaac for RaftStorage:Storage Directory /workdir/hadoop-ozone/ozonefs/target/test-dir/MiniOzoneClusterImpl-a0aea141-3c1c-4ab4-ba0c-769bf23ae178/datanode-1/data/ratis/bed01bd2-4b60-4654-bb6f-9dc8a45ebaac
2019-09-12 11:42:13,170 [pool-197-thread-1] INFO  server.RaftServerConfigKeys (ConfUtils.java:logGet(43)) - raft.server.log.queue.byte-limit = 2147483647 (custom)
2019-09-12 11:42:13,170 [pool-197-thread-1] INFO  server.RaftServerConfigKeys (ConfUtils.java:logGet(43)) - raft.server.log.queue.element-limit = 1024 (custom)
2019-09-12 11:42:13,170 [pool-197-thread-1] INFO  server.RaftServerConfigKeys (ConfUtils.java:logGet(43)) - raft.server.log.segment.size.max = 1048576 (custom)
2019-09-12 11:42:13,170 [pool-197-thread-1] INFO  server.RaftServerConfigKeys (ConfUtils.java:logGet(43)) - raft.server.log.preallocated.size = 16384 (custom)
2019-09-12 11:42:13,170 [pool-197-thread-1] INFO  server.RaftServerConfigKeys (ConfUtils.java:logGet(43)) - raft.server.log.write.buffer.size = 33554432 (custom)
2019-09-12 11:42:13,170 [pool-197-thread-1] INFO  server.RaftServerConfigKeys (ConfUtils.java:logGet(43)) - raft.server.log.force.sync.num = 128 (default)
2019-09-12 11:42:13,170 [pool-197-thread-1] INFO  server.RaftServerConfigKeys (ConfUtils.java:logGet(43)) - raft.server.log.statemachine.data.sync = true (default)
2019-09-12 11:42:13,170 [pool-197-thread-1] INFO  server.RaftServerConfigKeys (ConfUtils.java:logGet(43)) - raft.server.log.statemachine.data.sync.timeout = 10s (default)
2019-09-12 11:42:13,170 [pool-197-thread-1] INFO  server.RaftServerConfigKeys (ConfUtils.java:logGet(43)) - raft.server.log.statemachine.data.sync.timeout.retry = -1 (default)
2019-09-12 11:42:13,170 [pool-197-thread-1] INFO  server.RaftServerConfigKeys (ConfUtils.java:logGet(43)) - raft.server.log.statemachine.data.caching.enabled = true (custom)
2019-09-12 11:42:13,171 [pool-197-thread-1] INFO  segmented.SegmentedRaftLogWorker (SegmentedRaftLogWorker.java:lambda$new$0(132)) - 285e09b6-1e55-467e-a3cd-85fa996e047e-SegmentedRaftLogWorker:Storage Directory /workdir/hadoop-ozone/ozonefs/target/test-dir/MiniOzoneClusterImpl-a0aea141-3c1c-4ab4-ba0c-769bf23ae178/datanode-1/data/ratis/bed01bd2-4b60-4654-bb6f-9dc8a45ebaac: flushIndex: setUnconditionally 0 -> -1
2019-09-12 11:42:13,171 [pool-197-thread-1] INFO  server.RaftServerConfigKeys (ConfUtils.java:logGet(43)) - raft.server.snapshot.auto.trigger.enabled = true (custom)
2019-09-12 11:42:13,171 [pool-197-thread-1] INFO  server.RaftServerConfigKeys (ConfUtils.java:logGet(43)) - raft.server.snapshot.auto.trigger.threshold = 10000 (custom)
2019-09-12 11:42:13,171 [pool-197-thread-1] INFO  server.RaftServerConfigKeys (ConfUtils.java:logGet(43)) - raft.server.retrycache.expirytime = 600000ms (custom)
2019-09-12 11:42:13,171 [pool-197-thread-1] INFO  impl.RaftServerImpl (RaftServerImpl.java:start(180)) - 285e09b6-1e55-467e-a3cd-85fa996e047e: start group-9DC8A45EBAAC
2019-09-12 11:42:13,171 [pool-197-thread-1] INFO  impl.RaftServerImpl (RaftServerImpl.java:setRole(171)) - 285e09b6-1e55-467e-a3cd-85fa996e047e:group-9DC8A45EBAAC changes role from null to FOLLOWER at term 0 for startAsFollower
2019-09-12 11:42:13,171 [pool-197-thread-1] INFO  impl.RoleInfo (RoleInfo.java:updateAndGet(143)) - 285e09b6-1e55-467e-a3cd-85fa996e047e: start FollowerState
2019-09-12 11:42:13,172 [pool-197-thread-1] INFO  util.JmxRegister (JmxRegister.java:tryRegister(44)) - Successfully registered JMX Bean with object name Ratis:service=RaftServer,group=group-9DC8A45EBAAC,id=285e09b6-1e55-467e-a3cd-85fa996e047e
2019-09-12 11:42:13,175 [RatisPipelineUtilsThread] INFO  pipeline.PipelineStateManager (PipelineStateManager.java:addPipeline(56)) - Created pipeline Pipeline[ Id: bed01bd2-4b60-4654-bb6f-9dc8a45ebaac, Nodes: 285e09b6-1e55-467e-a3cd-85fa996e047e{ip: 192.168.157.195, host: pr-hdds-1569-xtfnx-3545843844, networkLocation: /default-rack, certSerialId: null}, Type:RATIS, Factor:ONE, State:OPEN]
2019-09-12 11:42:13,175 [RatisPipelineUtilsThread] ERROR pipeline.PipelinePlacementPolicy (PipelinePlacementPolicy.java:meetCriteria(91)) - Pipeline Placement: Doesn't meet the criteria to be viable node. Heaviness: 6
2019-09-12 11:42:13,180 [grpc-default-executor-0] INFO  impl.RaftServerProxy (RaftServerProxy.java:addNew(89)) - 285e09b6-1e55-467e-a3cd-85fa996e047e: addNew group-EE87327F2581:[285e09b6-1e55-467e-a3cd-85fa996e047e:192.168.157.195:35649] returns group-EE87327F2581:java.util.concurrent.CompletableFuture@474b5e0[Not completed]
2019-09-12 11:42:13,180 [pool-197-thread-1] INFO  impl.RaftServerImpl (RaftServerImpl.java:<init>(93)) - 285e09b6-1e55-467e-a3cd-85fa996e047e: new RaftServerImpl for group-EE87327F2581:[285e09b6-1e55-467e-a3cd-85fa996e047e:192.168.157.195:35649] with ContainerStateMachine:uninitialized
2019-09-12 11:42:13,180 [pool-197-thread-1] INFO  server.RaftServerConfigKeys (ConfUtils.java:logGet(43)) - raft.server.rpc.timeout.min = 5s (custom)
2019-09-12 11:42:13,180 [pool-197-thread-1] INFO  server.RaftServerConfigKeys (ConfUtils.java:logGet(43)) - raft.server.rpc.timeout.max = 5200ms (custom)
2019-09-12 11:42:13,180 [pool-197-thread-1] INFO  server.RaftServerConfigKeys (ConfUtils.java:logGet(43)) - raft.server.rpcslowness.timeout = 120s (custom)
2019-09-12 11:42:13,181 [pool-197-thread-1] INFO  server.RaftServerConfigKeys (ConfUtils.java:logGet(43)) - raft.server.sleep.deviation.threshold = 300 (default)
2019-09-12 11:42:13,181 [pool-197-thread-1] INFO  server.RaftServerConfigKeys (ConfUtils.java:logGet(43)) - raft.server.log.appender.install.snapshot.enabled = false (custom)
2019-09-12 11:42:13,181 [pool-197-thread-1] INFO  impl.RaftServerImpl (ServerState.java:<init>(105)) - 285e09b6-1e55-467e-a3cd-85fa996e047e:group-EE87327F2581 ConfigurationManager, init=-1: [285e09b6-1e55-467e-a3cd-85fa996e047e:192.168.157.195:35649], old=null, confs=<EMPTY_MAP>
2019-09-12 11:42:13,181 [pool-197-thread-1] INFO  server.RaftServerConfigKeys (ConfUtils.java:logGet(43)) - raft.server.storage.dir = [/workdir/hadoop-ozone/ozonefs/target/test-dir/MiniOzoneClusterImpl-a0aea141-3c1c-4ab4-ba0c-769bf23ae178/datanode-1/data/ratis] (custom)
2019-09-12 11:42:13,181 [pool-197-thread-1] INFO  storage.RaftStorageDirectory (RaftStorageDirectory.java:analyzeStorage(246)) - The storage directory /workdir/hadoop-ozone/ozonefs/target/test-dir/MiniOzoneClusterImpl-a0aea141-3c1c-4ab4-ba0c-769bf23ae178/datanode-1/data/ratis/e2d3c954-93a5-40b3-91f8-ee87327f2581 does not exist. Creating ...
2019-09-12 11:42:13,193 [pool-197-thread-1] INFO  storage.RaftStorageDirectory (RaftStorageDirectory.java:tryLock(328)) - Lock on /workdir/hadoop-ozone/ozonefs/target/test-dir/MiniOzoneClusterImpl-a0aea141-3c1c-4ab4-ba0c-769bf23ae178/datanode-1/data/ratis/e2d3c954-93a5-40b3-91f8-ee87327f2581/in_use.lock acquired by nodename 27663@pr-hdds-1569-xtfnx-3545843844
2019-09-12 11:42:13,214 [pool-197-thread-1] INFO  storage.RaftStorage (RaftStorage.java:format(72)) - Storage directory /workdir/hadoop-ozone/ozonefs/target/test-dir/MiniOzoneClusterImpl-a0aea141-3c1c-4ab4-ba0c-769bf23ae178/datanode-1/data/ratis/e2d3c954-93a5-40b3-91f8-ee87327f2581 has been successfully formatted.
2019-09-12 11:42:13,214 [pool-197-thread-1] INFO  ratis.ContainerStateMachine (ContainerStateMachine.java:loadSnapshot(226)) - group-EE87327F2581: The snapshot info is null. Setting the last applied indexto:(t:0, i:~)
2019-09-12 11:42:13,215 [pool-197-thread-1] INFO  server.RaftServerConfigKeys (ConfUtils.java:logGet(43)) - raft.server.leader.election.timeout = 120s (custom)
2019-09-12 11:42:13,215 [pool-197-thread-1] INFO  server.RaftServerConfigKeys (ConfUtils.java:logGet(43)) - raft.server.log.use.memory = false (default)
2019-09-12 11:42:13,215 [pool-197-thread-1] INFO  server.RaftServerConfigKeys (ConfUtils.java:logGet(43)) - raft.server.log.purge.gap = 1000000 (custom)
2019-09-12 11:42:13,215 [pool-197-thread-1] INFO  server.RaftServerConfigKeys (ConfUtils.java:logGet(43)) - raft.server.log.appender.buffer.byte-limit = 33554432 (custom)
2019-09-12 11:42:13,215 [pool-197-thread-1] INFO  server.RaftServerConfigKeys (ConfUtils.java:logGet(43)) - raft.server.log.segment.size.max = 1048576 (custom)
2019-09-12 11:42:13,215 [pool-197-thread-1] INFO  server.RaftServerConfigKeys (ConfUtils.java:logGet(43)) - raft.server.log.segment.cache.num.max = 2 (custom)
2019-09-12 11:42:13,215 [pool-197-thread-1] INFO  segmented.SegmentedRaftLogWorker (SegmentedRaftLogWorker.java:<init>(172)) - new 285e09b6-1e55-467e-a3cd-85fa996e047e-SegmentedRaftLogWorker:Storage Directory /workdir/hadoop-ozone/ozonefs/target/test-dir/MiniOzoneClusterImpl-a0aea141-3c1c-4ab4-ba0c-769bf23ae178/datanode-1/data/ratis/e2d3c954-93a5-40b3-91f8-ee87327f2581 for RaftStorage:Storage Directory /workdir/hadoop-ozone/ozonefs/target/test-dir/MiniOzoneClusterImpl-a0aea141-3c1c-4ab4-ba0c-769bf23ae178/datanode-1/data/ratis/e2d3c954-93a5-40b3-91f8-ee87327f2581
2019-09-12 11:42:13,216 [pool-197-thread-1] INFO  server.RaftServerConfigKeys (ConfUtils.java:logGet(43)) - raft.server.log.queue.byte-limit = 2147483647 (custom)
2019-09-12 11:42:13,216 [pool-197-thread-1] INFO  server.RaftServerConfigKeys (ConfUtils.java:logGet(43)) - raft.server.log.queue.element-limit = 1024 (custom)
2019-09-12 11:42:13,216 [pool-197-thread-1] INFO  server.RaftServerConfigKeys (ConfUtils.java:logGet(43)) - raft.server.log.segment.size.max = 1048576 (custom)
2019-09-12 11:42:13,216 [pool-197-thread-1] INFO  server.RaftServerConfigKeys (ConfUtils.java:logGet(43)) - raft.server.log.preallocated.size = 16384 (custom)
2019-09-12 11:42:13,216 [pool-197-thread-1] INFO  server.RaftServerConfigKeys (ConfUtils.java:logGet(43)) - raft.server.log.write.buffer.size = 33554432 (custom)
2019-09-12 11:42:13,216 [pool-197-thread-1] INFO  server.RaftServerConfigKeys (ConfUtils.java:logGet(43)) - raft.server.log.force.sync.num = 128 (default)
2019-09-12 11:42:13,216 [pool-197-thread-1] INFO  server.RaftServerConfigKeys (ConfUtils.java:logGet(43)) - raft.server.log.statemachine.data.sync = true (default)
2019-09-12 11:42:13,217 [pool-197-thread-1] INFO  server.RaftServerConfigKeys (ConfUtils.java:logGet(43)) - raft.server.log.statemachine.data.sync.timeout = 10s (default)
2019-09-12 11:42:13,217 [pool-197-thread-1] INFO  server.RaftServerConfigKeys (ConfUtils.java:logGet(43)) - raft.server.log.statemachine.data.sync.timeout.retry = -1 (default)
2019-09-12 11:42:13,217 [pool-197-thread-1] INFO  server.RaftServerConfigKeys (ConfUtils.java:logGet(43)) - raft.server.log.statemachine.data.caching.enabled = true (custom)
2019-09-12 11:42:13,217 [pool-197-thread-1] INFO  segmented.SegmentedRaftLogWorker (SegmentedRaftLogWorker.java:lambda$new$0(132)) - 285e09b6-1e55-467e-a3cd-85fa996e047e-SegmentedRaftLogWorker:Storage Directory /workdir/hadoop-ozone/ozonefs/target/test-dir/MiniOzoneClusterImpl-a0aea141-3c1c-4ab4-ba0c-769bf23ae178/datanode-1/data/ratis/e2d3c954-93a5-40b3-91f8-ee87327f2581: flushIndex: setUnconditionally 0 -> -1
2019-09-12 11:42:13,217 [pool-197-thread-1] INFO  server.RaftServerConfigKeys (ConfUtils.java:logGet(43)) - raft.server.snapshot.auto.trigger.enabled = true (custom)
2019-09-12 11:42:13,217 [pool-197-thread-1] INFO  server.RaftServerConfigKeys (ConfUtils.java:logGet(43)) - raft.server.snapshot.auto.trigger.threshold = 10000 (custom)
2019-09-12 11:42:13,218 [pool-197-thread-1] INFO  server.RaftServerConfigKeys (ConfUtils.java:logGet(43)) - raft.server.retrycache.expirytime = 600000ms (custom)
2019-09-12 11:42:13,218 [pool-197-thread-1] INFO  impl.RaftServerImpl (RaftServerImpl.java:start(180)) - 285e09b6-1e55-467e-a3cd-85fa996e047e: start group-EE87327F2581
2019-09-12 11:42:13,218 [pool-197-thread-1] INFO  impl.RaftServerImpl (RaftServerImpl.java:setRole(171)) - 285e09b6-1e55-467e-a3cd-85fa996e047e:group-EE87327F2581 changes role from null to FOLLOWER at term 0 for startAsFollower
2019-09-12 11:42:13,218 [pool-197-thread-1] INFO  impl.RoleInfo (RoleInfo.java:updateAndGet(143)) - 285e09b6-1e55-467e-a3cd-85fa996e047e: start FollowerState
2019-09-12 11:42:13,218 [pool-197-thread-1] INFO  util.JmxRegister (JmxRegister.java:tryRegister(44)) - Successfully registered JMX Bean with object name Ratis:service=RaftServer,group=group-EE87327F2581,id=285e09b6-1e55-467e-a3cd-85fa996e047e
2019-09-12 11:42:13,221 [RatisPipelineUtilsThread] INFO  pipeline.PipelineStateManager (PipelineStateManager.java:addPipeline(56)) - Created pipeline Pipeline[ Id: e2d3c954-93a5-40b3-91f8-ee87327f2581, Nodes: 285e09b6-1e55-467e-a3cd-85fa996e047e{ip: 192.168.157.195, host: pr-hdds-1569-xtfnx-3545843844, networkLocation: /default-rack, certSerialId: null}, Type:RATIS, Factor:ONE, State:OPEN]
2019-09-12 11:42:13,221 [RatisPipelineUtilsThread] ERROR pipeline.PipelinePlacementPolicy (PipelinePlacementPolicy.java:meetCriteria(91)) - Pipeline Placement: Doesn't meet the criteria to be viable node. Heaviness: 6
2019-09-12 11:42:13,226 [grpc-default-executor-0] INFO  impl.RaftServerProxy (RaftServerProxy.java:addNew(89)) - 285e09b6-1e55-467e-a3cd-85fa996e047e: addNew group-EDA0EC063D7D:[285e09b6-1e55-467e-a3cd-85fa996e047e:192.168.157.195:35649] returns group-EDA0EC063D7D:java.util.concurrent.CompletableFuture@499a3a7[Not completed]
2019-09-12 11:42:13,226 [pool-197-thread-1] INFO  impl.RaftServerImpl (RaftServerImpl.java:<init>(93)) - 285e09b6-1e55-467e-a3cd-85fa996e047e: new RaftServerImpl for group-EDA0EC063D7D:[285e09b6-1e55-467e-a3cd-85fa996e047e:192.168.157.195:35649] with ContainerStateMachine:uninitialized
2019-09-12 11:42:13,227 [pool-197-thread-1] INFO  server.RaftServerConfigKeys (ConfUtils.java:logGet(43)) - raft.server.rpc.timeout.min = 5s (custom)
2019-09-12 11:42:13,227 [pool-197-thread-1] INFO  server.RaftServerConfigKeys (ConfUtils.java:logGet(43)) - raft.server.rpc.timeout.max = 5200ms (custom)
2019-09-12 11:42:13,227 [pool-197-thread-1] INFO  server.RaftServerConfigKeys (ConfUtils.java:logGet(43)) - raft.server.rpcslowness.timeout = 120s (custom)
2019-09-12 11:42:13,227 [pool-197-thread-1] INFO  server.RaftServerConfigKeys (ConfUtils.java:logGet(43)) - raft.server.sleep.deviation.threshold = 300 (default)
2019-09-12 11:42:13,227 [pool-197-thread-1] INFO  server.RaftServerConfigKeys (ConfUtils.java:logGet(43)) - raft.server.log.appender.install.snapshot.enabled = false (custom)
2019-09-12 11:42:13,227 [pool-197-thread-1] INFO  impl.RaftServerImpl (ServerState.java:<init>(105)) - 285e09b6-1e55-467e-a3cd-85fa996e047e:group-EDA0EC063D7D ConfigurationManager, init=-1: [285e09b6-1e55-467e-a3cd-85fa996e047e:192.168.157.195:35649], old=null, confs=<EMPTY_MAP>
2019-09-12 11:42:13,227 [pool-197-thread-1] INFO  server.RaftServerConfigKeys (ConfUtils.java:logGet(43)) - raft.server.storage.dir = [/workdir/hadoop-ozone/ozonefs/target/test-dir/MiniOzoneClusterImpl-a0aea141-3c1c-4ab4-ba0c-769bf23ae178/datanode-1/data/ratis] (custom)
2019-09-12 11:42:13,227 [pool-197-thread-1] INFO  storage.RaftStorageDirectory (RaftStorageDirectory.java:analyzeStorage(246)) - The storage directory /workdir/hadoop-ozone/ozonefs/target/test-dir/MiniOzoneClusterImpl-a0aea141-3c1c-4ab4-ba0c-769bf23ae178/datanode-1/data/ratis/69d25f18-a21b-492f-8f83-eda0ec063d7d does not exist. Creating ...
2019-09-12 11:42:13,233 [Thread-806] INFO  ozone.MiniOzoneClusterImpl (MiniOzoneClusterImpl.java:lambda$waitForClusterToBeReady$0(142)) - Waiting for cluster to be ready. Got 2 of 3 DN Heartbeats.
2019-09-12 11:42:13,234 [IPC Server handler 0 on 41790] INFO  net.NetworkTopology (NetworkTopologyImpl.java:add(110)) - Added a new node: /default-rack/da2d6c50-3a54-44e9-82a6-2353152f6b4e
2019-09-12 11:42:13,234 [IPC Server handler 0 on 41790] INFO  node.SCMNodeManager (SCMNodeManager.java:register(273)) - Registered Data node : da2d6c50-3a54-44e9-82a6-2353152f6b4e{ip: 192.168.157.195, host: pr-hdds-1569-xtfnx-3545843844, networkLocation: /default-rack, certSerialId: null}
2019-09-12 11:42:13,235 | INFO  | SCMAudit | user=jenkins1000 | ip=192.168.157.195 | op=REGISTER {datanodeDetails=da2d6c50-3a54-44e9-82a6-2353152f6b4e{ip: 192.168.157.195, host: pr-hdds-1569-xtfnx-3545843844, networkLocation: /default-rack, certSerialId: null}} | ret=SUCCESS |  
2019-09-12 11:42:13,242 [pool-197-thread-1] INFO  storage.RaftStorageDirectory (RaftStorageDirectory.java:tryLock(328)) - Lock on /workdir/hadoop-ozone/ozonefs/target/test-dir/MiniOzoneClusterImpl-a0aea141-3c1c-4ab4-ba0c-769bf23ae178/datanode-1/data/ratis/69d25f18-a21b-492f-8f83-eda0ec063d7d/in_use.lock acquired by nodename 27663@pr-hdds-1569-xtfnx-3545843844
2019-09-12 11:42:13,254 [pool-197-thread-1] INFO  storage.RaftStorage (RaftStorage.java:format(72)) - Storage directory /workdir/hadoop-ozone/ozonefs/target/test-dir/MiniOzoneClusterImpl-a0aea141-3c1c-4ab4-ba0c-769bf23ae178/datanode-1/data/ratis/69d25f18-a21b-492f-8f83-eda0ec063d7d has been successfully formatted.
2019-09-12 11:42:13,255 [pool-197-thread-1] INFO  ratis.ContainerStateMachine (ContainerStateMachine.java:loadSnapshot(226)) - group-EDA0EC063D7D: The snapshot info is null. Setting the last applied indexto:(t:0, i:~)
2019-09-12 11:42:13,255 [pool-197-thread-1] INFO  server.RaftServerConfigKeys (ConfUtils.java:logGet(43)) - raft.server.leader.election.timeout = 120s (custom)
2019-09-12 11:42:13,255 [pool-197-thread-1] INFO  server.RaftServerConfigKeys (ConfUtils.java:logGet(43)) - raft.server.log.use.memory = false (default)
2019-09-12 11:42:13,255 [pool-197-thread-1] INFO  server.RaftServerConfigKeys (ConfUtils.java:logGet(43)) - raft.server.log.purge.gap = 1000000 (custom)
2019-09-12 11:42:13,255 [pool-197-thread-1] INFO  server.RaftServerConfigKeys (ConfUtils.java:logGet(43)) - raft.server.log.appender.buffer.byte-limit = 33554432 (custom)
2019-09-12 11:42:13,255 [pool-197-thread-1] INFO  server.RaftServerConfigKeys (ConfUtils.java:logGet(43)) - raft.server.log.segment.size.max = 1048576 (custom)
2019-09-12 11:42:13,255 [pool-197-thread-1] INFO  server.RaftServerConfigKeys (ConfUtils.java:logGet(43)) - raft.server.log.segment.cache.num.max = 2 (custom)
2019-09-12 11:42:13,255 [pool-197-thread-1] INFO  segmented.SegmentedRaftLogWorker (SegmentedRaftLogWorker.java:<init>(172)) - new 285e09b6-1e55-467e-a3cd-85fa996e047e-SegmentedRaftLogWorker:Storage Directory /workdir/hadoop-ozone/ozonefs/target/test-dir/MiniOzoneClusterImpl-a0aea141-3c1c-4ab4-ba0c-769bf23ae178/datanode-1/data/ratis/69d25f18-a21b-492f-8f83-eda0ec063d7d for RaftStorage:Storage Directory /workdir/hadoop-ozone/ozonefs/target/test-dir/MiniOzoneClusterImpl-a0aea141-3c1c-4ab4-ba0c-769bf23ae178/datanode-1/data/ratis/69d25f18-a21b-492f-8f83-eda0ec063d7d
2019-09-12 11:42:13,256 [pool-197-thread-1] INFO  server.RaftServerConfigKeys (ConfUtils.java:logGet(43)) - raft.server.log.queue.byte-limit = 2147483647 (custom)
2019-09-12 11:42:13,256 [pool-197-thread-1] INFO  server.RaftServerConfigKeys (ConfUtils.java:logGet(43)) - raft.server.log.queue.element-limit = 1024 (custom)
2019-09-12 11:42:13,256 [pool-197-thread-1] INFO  server.RaftServerConfigKeys (ConfUtils.java:logGet(43)) - raft.server.log.segment.size.max = 1048576 (custom)
2019-09-12 11:42:13,256 [pool-197-thread-1] INFO  server.RaftServerConfigKeys (ConfUtils.java:logGet(43)) - raft.server.log.preallocated.size = 16384 (custom)
2019-09-12 11:42:13,256 [pool-197-thread-1] INFO  server.RaftServerConfigKeys (ConfUtils.java:logGet(43)) - raft.server.log.write.buffer.size = 33554432 (custom)
2019-09-12 11:42:13,256 [pool-197-thread-1] INFO  server.RaftServerConfigKeys (ConfUtils.java:logGet(43)) - raft.server.log.force.sync.num = 128 (default)
2019-09-12 11:42:13,256 [pool-197-thread-1] INFO  server.RaftServerConfigKeys (ConfUtils.java:logGet(43)) - raft.server.log.statemachine.data.sync = true (default)
2019-09-12 11:42:13,256 [pool-197-thread-1] INFO  server.RaftServerConfigKeys (ConfUtils.java:logGet(43)) - raft.server.log.statemachine.data.sync.timeout = 10s (default)
2019-09-12 11:42:13,257 [pool-197-thread-1] INFO  server.RaftServerConfigKeys (ConfUtils.java:logGet(43)) - raft.server.log.statemachine.data.sync.timeout.retry = -1 (default)
2019-09-12 11:42:13,257 [pool-197-thread-1] INFO  server.RaftServerConfigKeys (ConfUtils.java:logGet(43)) - raft.server.log.statemachine.data.caching.enabled = true (custom)
2019-09-12 11:42:13,257 [pool-197-thread-1] INFO  segmented.SegmentedRaftLogWorker (SegmentedRaftLogWorker.java:lambda$new$0(132)) - 285e09b6-1e55-467e-a3cd-85fa996e047e-SegmentedRaftLogWorker:Storage Directory /workdir/hadoop-ozone/ozonefs/target/test-dir/MiniOzoneClusterImpl-a0aea141-3c1c-4ab4-ba0c-769bf23ae178/datanode-1/data/ratis/69d25f18-a21b-492f-8f83-eda0ec063d7d: flushIndex: setUnconditionally 0 -> -1
2019-09-12 11:42:13,257 [pool-197-thread-1] INFO  server.RaftServerConfigKeys (ConfUtils.java:logGet(43)) - raft.server.snapshot.auto.trigger.enabled = true (custom)
2019-09-12 11:42:13,257 [pool-197-thread-1] INFO  server.RaftServerConfigKeys (ConfUtils.java:logGet(43)) - raft.server.snapshot.auto.trigger.threshold = 10000 (custom)
2019-09-12 11:42:13,258 [pool-197-thread-1] INFO  server.RaftServerConfigKeys (ConfUtils.java:logGet(43)) - raft.server.retrycache.expirytime = 600000ms (custom)
2019-09-12 11:42:13,258 [pool-197-thread-1] INFO  impl.RaftServerImpl (RaftServerImpl.java:start(180)) - 285e09b6-1e55-467e-a3cd-85fa996e047e: start group-EDA0EC063D7D
2019-09-12 11:42:13,258 [pool-197-thread-1] INFO  impl.RaftServerImpl (RaftServerImpl.java:setRole(171)) - 285e09b6-1e55-467e-a3cd-85fa996e047e:group-EDA0EC063D7D changes role from null to FOLLOWER at term 0 for startAsFollower
2019-09-12 11:42:13,258 [pool-197-thread-1] INFO  impl.RoleInfo (RoleInfo.java:updateAndGet(143)) - 285e09b6-1e55-467e-a3cd-85fa996e047e: start FollowerState
2019-09-12 11:42:13,258 [pool-197-thread-1] INFO  util.JmxRegister (JmxRegister.java:tryRegister(44)) - Successfully registered JMX Bean with object name Ratis:service=RaftServer,group=group-EDA0EC063D7D,id=285e09b6-1e55-467e-a3cd-85fa996e047e
2019-09-12 11:42:13,261 [RatisPipelineUtilsThread] INFO  pipeline.PipelineStateManager (PipelineStateManager.java:addPipeline(56)) - Created pipeline Pipeline[ Id: 69d25f18-a21b-492f-8f83-eda0ec063d7d, Nodes: 285e09b6-1e55-467e-a3cd-85fa996e047e{ip: 192.168.157.195, host: pr-hdds-1569-xtfnx-3545843844, networkLocation: /default-rack, certSerialId: null}, Type:RATIS, Factor:ONE, State:OPEN]
2019-09-12 11:42:13,261 [RatisPipelineUtilsThread] ERROR pipeline.PipelinePlacementPolicy (PipelinePlacementPolicy.java:meetCriteria(91)) - Pipeline Placement: Doesn't meet the criteria to be viable node. Heaviness: 6
2019-09-12 11:42:13,261 [RatisPipelineUtilsThread] ERROR pipeline.PipelinePlacementPolicy (PipelinePlacementPolicy.java:meetCriteria(91)) - Pipeline Placement: Doesn't meet the criteria to be viable node. Heaviness: 6
2019-09-12 11:42:13,269 [grpc-default-executor-0] INFO  impl.RaftServerProxy (RaftServerProxy.java:addNew(89)) - da2d6c50-3a54-44e9-82a6-2353152f6b4e: addNew group-7382719DF382:[da2d6c50-3a54-44e9-82a6-2353152f6b4e:192.168.157.195:34100] returns group-7382719DF382:java.util.concurrent.CompletableFuture@5c0ed628[Not completed]
2019-09-12 11:42:13,270 [pool-208-thread-1] INFO  impl.RaftServerImpl (RaftServerImpl.java:<init>(93)) - da2d6c50-3a54-44e9-82a6-2353152f6b4e: new RaftServerImpl for group-7382719DF382:[da2d6c50-3a54-44e9-82a6-2353152f6b4e:192.168.157.195:34100] with ContainerStateMachine:uninitialized
2019-09-12 11:42:13,270 [pool-208-thread-1] INFO  server.RaftServerConfigKeys (ConfUtils.java:logGet(43)) - raft.server.rpc.timeout.min = 5s (custom)
2019-09-12 11:42:13,270 [pool-208-thread-1] INFO  server.RaftServerConfigKeys (ConfUtils.java:logGet(43)) - raft.server.rpc.timeout.max = 5200ms (custom)
2019-09-12 11:42:13,271 [pool-208-thread-1] INFO  server.RaftServerConfigKeys (ConfUtils.java:logGet(43)) - raft.server.rpcslowness.timeout = 120s (custom)
2019-09-12 11:42:13,271 [pool-208-thread-1] INFO  server.RaftServerConfigKeys (ConfUtils.java:logGet(43)) - raft.server.sleep.deviation.threshold = 300 (default)
2019-09-12 11:42:13,271 [pool-208-thread-1] INFO  server.RaftServerConfigKeys (ConfUtils.java:logGet(43)) - raft.server.log.appender.install.snapshot.enabled = false (custom)
2019-09-12 11:42:13,271 [pool-208-thread-1] INFO  impl.RaftServerImpl (ServerState.java:<init>(105)) - da2d6c50-3a54-44e9-82a6-2353152f6b4e:group-7382719DF382 ConfigurationManager, init=-1: [da2d6c50-3a54-44e9-82a6-2353152f6b4e:192.168.157.195:34100], old=null, confs=<EMPTY_MAP>
2019-09-12 11:42:13,271 [pool-208-thread-1] INFO  server.RaftServerConfigKeys (ConfUtils.java:logGet(43)) - raft.server.storage.dir = [/workdir/hadoop-ozone/ozonefs/target/test-dir/MiniOzoneClusterImpl-a0aea141-3c1c-4ab4-ba0c-769bf23ae178/datanode-2/data/ratis] (custom)
2019-09-12 11:42:13,272 [pool-208-thread-1] INFO  storage.RaftStorageDirectory (RaftStorageDirectory.java:analyzeStorage(246)) - The storage directory /workdir/hadoop-ozone/ozonefs/target/test-dir/MiniOzoneClusterImpl-a0aea141-3c1c-4ab4-ba0c-769bf23ae178/datanode-2/data/ratis/92639d34-d494-4aaf-b54e-7382719df382 does not exist. Creating ...
2019-09-12 11:42:13,284 [pool-208-thread-1] INFO  storage.RaftStorageDirectory (RaftStorageDirectory.java:tryLock(328)) - Lock on /workdir/hadoop-ozone/ozonefs/target/test-dir/MiniOzoneClusterImpl-a0aea141-3c1c-4ab4-ba0c-769bf23ae178/datanode-2/data/ratis/92639d34-d494-4aaf-b54e-7382719df382/in_use.lock acquired by nodename 27663@pr-hdds-1569-xtfnx-3545843844
2019-09-12 11:42:13,297 [pool-208-thread-1] INFO  storage.RaftStorage (RaftStorage.java:format(72)) - Storage directory /workdir/hadoop-ozone/ozonefs/target/test-dir/MiniOzoneClusterImpl-a0aea141-3c1c-4ab4-ba0c-769bf23ae178/datanode-2/data/ratis/92639d34-d494-4aaf-b54e-7382719df382 has been successfully formatted.
2019-09-12 11:42:13,297 [pool-208-thread-1] INFO  ratis.ContainerStateMachine (ContainerStateMachine.java:loadSnapshot(226)) - group-7382719DF382: The snapshot info is null. Setting the last applied indexto:(t:0, i:~)
2019-09-12 11:42:13,298 [pool-208-thread-1] INFO  server.RaftServerConfigKeys (ConfUtils.java:logGet(43)) - raft.server.leader.election.timeout = 120s (custom)
2019-09-12 11:42:13,298 [pool-208-thread-1] INFO  server.RaftServerConfigKeys (ConfUtils.java:logGet(43)) - raft.server.log.use.memory = false (default)
2019-09-12 11:42:13,298 [pool-208-thread-1] INFO  server.RaftServerConfigKeys (ConfUtils.java:logGet(43)) - raft.server.log.purge.gap = 1000000 (custom)
2019-09-12 11:42:13,298 [pool-208-thread-1] INFO  server.RaftServerConfigKeys (ConfUtils.java:logGet(43)) - raft.server.log.appender.buffer.byte-limit = 33554432 (custom)
2019-09-12 11:42:13,298 [pool-208-thread-1] INFO  server.RaftServerConfigKeys (ConfUtils.java:logGet(43)) - raft.server.log.segment.size.max = 1048576 (custom)
2019-09-12 11:42:13,298 [pool-208-thread-1] INFO  server.RaftServerConfigKeys (ConfUtils.java:logGet(43)) - raft.server.log.segment.cache.num.max = 2 (custom)
2019-09-12 11:42:13,299 [pool-208-thread-1] INFO  segmented.SegmentedRaftLogWorker (SegmentedRaftLogWorker.java:<init>(172)) - new da2d6c50-3a54-44e9-82a6-2353152f6b4e-SegmentedRaftLogWorker:Storage Directory /workdir/hadoop-ozone/ozonefs/target/test-dir/MiniOzoneClusterImpl-a0aea141-3c1c-4ab4-ba0c-769bf23ae178/datanode-2/data/ratis/92639d34-d494-4aaf-b54e-7382719df382 for RaftStorage:Storage Directory /workdir/hadoop-ozone/ozonefs/target/test-dir/MiniOzoneClusterImpl-a0aea141-3c1c-4ab4-ba0c-769bf23ae178/datanode-2/data/ratis/92639d34-d494-4aaf-b54e-7382719df382
2019-09-12 11:42:13,299 [pool-208-thread-1] INFO  server.RaftServerConfigKeys (ConfUtils.java:logGet(43)) - raft.server.log.queue.byte-limit = 2147483647 (custom)
2019-09-12 11:42:13,299 [pool-208-thread-1] INFO  server.RaftServerConfigKeys (ConfUtils.java:logGet(43)) - raft.server.log.queue.element-limit = 1024 (custom)
2019-09-12 11:42:13,299 [pool-208-thread-1] INFO  server.RaftServerConfigKeys (ConfUtils.java:logGet(43)) - raft.server.log.segment.size.max = 1048576 (custom)
2019-09-12 11:42:13,299 [pool-208-thread-1] INFO  server.RaftServerConfigKeys (ConfUtils.java:logGet(43)) - raft.server.log.preallocated.size = 16384 (custom)
2019-09-12 11:42:13,300 [pool-208-thread-1] INFO  server.RaftServerConfigKeys (ConfUtils.java:logGet(43)) - raft.server.log.write.buffer.size = 33554432 (custom)
2019-09-12 11:42:13,300 [pool-208-thread-1] INFO  server.RaftServerConfigKeys (ConfUtils.java:logGet(43)) - raft.server.log.force.sync.num = 128 (default)
2019-09-12 11:42:13,300 [pool-208-thread-1] INFO  server.RaftServerConfigKeys (ConfUtils.java:logGet(43)) - raft.server.log.statemachine.data.sync = true (default)
2019-09-12 11:42:13,300 [pool-208-thread-1] INFO  server.RaftServerConfigKeys (ConfUtils.java:logGet(43)) - raft.server.log.statemachine.data.sync.timeout = 10s (default)
2019-09-12 11:42:13,300 [pool-208-thread-1] INFO  server.RaftServerConfigKeys (ConfUtils.java:logGet(43)) - raft.server.log.statemachine.data.sync.timeout.retry = -1 (default)
2019-09-12 11:42:13,301 [pool-208-thread-1] INFO  server.RaftServerConfigKeys (ConfUtils.java:logGet(43)) - raft.server.log.statemachine.data.caching.enabled = true (custom)
2019-09-12 11:42:13,301 [pool-208-thread-1] INFO  segmented.SegmentedRaftLogWorker (SegmentedRaftLogWorker.java:lambda$new$0(132)) - da2d6c50-3a54-44e9-82a6-2353152f6b4e-SegmentedRaftLogWorker:Storage Directory /workdir/hadoop-ozone/ozonefs/target/test-dir/MiniOzoneClusterImpl-a0aea141-3c1c-4ab4-ba0c-769bf23ae178/datanode-2/data/ratis/92639d34-d494-4aaf-b54e-7382719df382: flushIndex: setUnconditionally 0 -> -1
2019-09-12 11:42:13,301 [pool-208-thread-1] INFO  server.RaftServerConfigKeys (ConfUtils.java:logGet(43)) - raft.server.snapshot.auto.trigger.enabled = true (custom)
2019-09-12 11:42:13,302 [pool-208-thread-1] INFO  server.RaftServerConfigKeys (ConfUtils.java:logGet(43)) - raft.server.snapshot.auto.trigger.threshold = 10000 (custom)
2019-09-12 11:42:13,302 [pool-208-thread-1] INFO  server.RaftServerConfigKeys (ConfUtils.java:logGet(43)) - raft.server.retrycache.expirytime = 600000ms (custom)
2019-09-12 11:42:13,302 [pool-208-thread-1] INFO  impl.RaftServerImpl (RaftServerImpl.java:start(180)) - da2d6c50-3a54-44e9-82a6-2353152f6b4e: start group-7382719DF382
2019-09-12 11:42:13,302 [pool-208-thread-1] INFO  impl.RaftServerImpl (RaftServerImpl.java:setRole(171)) - da2d6c50-3a54-44e9-82a6-2353152f6b4e:group-7382719DF382 changes role from null to FOLLOWER at term 0 for startAsFollower
2019-09-12 11:42:13,303 [pool-208-thread-1] INFO  impl.RoleInfo (RoleInfo.java:updateAndGet(143)) - da2d6c50-3a54-44e9-82a6-2353152f6b4e: start FollowerState
2019-09-12 11:42:13,303 [pool-208-thread-1] INFO  util.JmxRegister (JmxRegister.java:tryRegister(44)) - Successfully registered JMX Bean with object name Ratis:service=RaftServer,group=group-7382719DF382,id=da2d6c50-3a54-44e9-82a6-2353152f6b4e
2019-09-12 11:42:13,306 [RatisPipelineUtilsThread] INFO  pipeline.PipelineStateManager (PipelineStateManager.java:addPipeline(56)) - Created pipeline Pipeline[ Id: 92639d34-d494-4aaf-b54e-7382719df382, Nodes: da2d6c50-3a54-44e9-82a6-2353152f6b4e{ip: 192.168.157.195, host: pr-hdds-1569-xtfnx-3545843844, networkLocation: /default-rack, certSerialId: null}, Type:RATIS, Factor:ONE, State:OPEN]
2019-09-12 11:42:13,306 [RatisPipelineUtilsThread] ERROR pipeline.PipelinePlacementPolicy (PipelinePlacementPolicy.java:meetCriteria(91)) - Pipeline Placement: Doesn't meet the criteria to be viable node. Heaviness: 6
2019-09-12 11:42:13,307 [RatisPipelineUtilsThread] ERROR pipeline.PipelinePlacementPolicy (PipelinePlacementPolicy.java:meetCriteria(91)) - Pipeline Placement: Doesn't meet the criteria to be viable node. Heaviness: 6
2019-09-12 11:42:13,312 [grpc-default-executor-0] INFO  impl.RaftServerProxy (RaftServerProxy.java:addNew(89)) - da2d6c50-3a54-44e9-82a6-2353152f6b4e: addNew group-2CD7C6B34892:[da2d6c50-3a54-44e9-82a6-2353152f6b4e:192.168.157.195:34100] returns group-2CD7C6B34892:java.util.concurrent.CompletableFuture@24e82492[Not completed]
2019-09-12 11:42:13,313 [pool-208-thread-1] INFO  impl.RaftServerImpl (RaftServerImpl.java:<init>(93)) - da2d6c50-3a54-44e9-82a6-2353152f6b4e: new RaftServerImpl for group-2CD7C6B34892:[da2d6c50-3a54-44e9-82a6-2353152f6b4e:192.168.157.195:34100] with ContainerStateMachine:uninitialized
2019-09-12 11:42:13,314 [pool-208-thread-1] INFO  server.RaftServerConfigKeys (ConfUtils.java:logGet(43)) - raft.server.rpc.timeout.min = 5s (custom)
2019-09-12 11:42:13,314 [pool-208-thread-1] INFO  server.RaftServerConfigKeys (ConfUtils.java:logGet(43)) - raft.server.rpc.timeout.max = 5200ms (custom)
2019-09-12 11:42:13,314 [pool-208-thread-1] INFO  server.RaftServerConfigKeys (ConfUtils.java:logGet(43)) - raft.server.rpcslowness.timeout = 120s (custom)
2019-09-12 11:42:13,314 [pool-208-thread-1] INFO  server.RaftServerConfigKeys (ConfUtils.java:logGet(43)) - raft.server.sleep.deviation.threshold = 300 (default)
2019-09-12 11:42:13,314 [pool-208-thread-1] INFO  server.RaftServerConfigKeys (ConfUtils.java:logGet(43)) - raft.server.log.appender.install.snapshot.enabled = false (custom)
2019-09-12 11:42:13,315 [pool-208-thread-1] INFO  impl.RaftServerImpl (ServerState.java:<init>(105)) - da2d6c50-3a54-44e9-82a6-2353152f6b4e:group-2CD7C6B34892 ConfigurationManager, init=-1: [da2d6c50-3a54-44e9-82a6-2353152f6b4e:192.168.157.195:34100], old=null, confs=<EMPTY_MAP>
2019-09-12 11:42:13,315 [pool-208-thread-1] INFO  server.RaftServerConfigKeys (ConfUtils.java:logGet(43)) - raft.server.storage.dir = [/workdir/hadoop-ozone/ozonefs/target/test-dir/MiniOzoneClusterImpl-a0aea141-3c1c-4ab4-ba0c-769bf23ae178/datanode-2/data/ratis] (custom)
2019-09-12 11:42:13,315 [pool-208-thread-1] INFO  storage.RaftStorageDirectory (RaftStorageDirectory.java:analyzeStorage(246)) - The storage directory /workdir/hadoop-ozone/ozonefs/target/test-dir/MiniOzoneClusterImpl-a0aea141-3c1c-4ab4-ba0c-769bf23ae178/datanode-2/data/ratis/102b4b3f-1ab7-4b16-884f-2cd7c6b34892 does not exist. Creating ...
2019-09-12 11:42:13,328 [pool-208-thread-1] INFO  storage.RaftStorageDirectory (RaftStorageDirectory.java:tryLock(328)) - Lock on /workdir/hadoop-ozone/ozonefs/target/test-dir/MiniOzoneClusterImpl-a0aea141-3c1c-4ab4-ba0c-769bf23ae178/datanode-2/data/ratis/102b4b3f-1ab7-4b16-884f-2cd7c6b34892/in_use.lock acquired by nodename 27663@pr-hdds-1569-xtfnx-3545843844
2019-09-12 11:42:13,341 [pool-208-thread-1] INFO  storage.RaftStorage (RaftStorage.java:format(72)) - Storage directory /workdir/hadoop-ozone/ozonefs/target/test-dir/MiniOzoneClusterImpl-a0aea141-3c1c-4ab4-ba0c-769bf23ae178/datanode-2/data/ratis/102b4b3f-1ab7-4b16-884f-2cd7c6b34892 has been successfully formatted.
2019-09-12 11:42:13,342 [pool-208-thread-1] INFO  ratis.ContainerStateMachine (ContainerStateMachine.java:loadSnapshot(226)) - group-2CD7C6B34892: The snapshot info is null. Setting the last applied indexto:(t:0, i:~)
2019-09-12 11:42:13,342 [pool-208-thread-1] INFO  server.RaftServerConfigKeys (ConfUtils.java:logGet(43)) - raft.server.leader.election.timeout = 120s (custom)
2019-09-12 11:42:13,342 [pool-208-thread-1] INFO  server.RaftServerConfigKeys (ConfUtils.java:logGet(43)) - raft.server.log.use.memory = false (default)
2019-09-12 11:42:13,342 [pool-208-thread-1] INFO  server.RaftServerConfigKeys (ConfUtils.java:logGet(43)) - raft.server.log.purge.gap = 1000000 (custom)
2019-09-12 11:42:13,342 [pool-208-thread-1] INFO  server.RaftServerConfigKeys (ConfUtils.java:logGet(43)) - raft.server.log.appender.buffer.byte-limit = 33554432 (custom)
2019-09-12 11:42:13,342 [pool-208-thread-1] INFO  server.RaftServerConfigKeys (ConfUtils.java:logGet(43)) - raft.server.log.segment.size.max = 1048576 (custom)
2019-09-12 11:42:13,343 [pool-208-thread-1] INFO  server.RaftServerConfigKeys (ConfUtils.java:logGet(43)) - raft.server.log.segment.cache.num.max = 2 (custom)
2019-09-12 11:42:13,343 [pool-208-thread-1] INFO  segmented.SegmentedRaftLogWorker (SegmentedRaftLogWorker.java:<init>(172)) - new da2d6c50-3a54-44e9-82a6-2353152f6b4e-SegmentedRaftLogWorker:Storage Directory /workdir/hadoop-ozone/ozonefs/target/test-dir/MiniOzoneClusterImpl-a0aea141-3c1c-4ab4-ba0c-769bf23ae178/datanode-2/data/ratis/102b4b3f-1ab7-4b16-884f-2cd7c6b34892 for RaftStorage:Storage Directory /workdir/hadoop-ozone/ozonefs/target/test-dir/MiniOzoneClusterImpl-a0aea141-3c1c-4ab4-ba0c-769bf23ae178/datanode-2/data/ratis/102b4b3f-1ab7-4b16-884f-2cd7c6b34892
2019-09-12 11:42:13,343 [pool-208-thread-1] INFO  server.RaftServerConfigKeys (ConfUtils.java:logGet(43)) - raft.server.log.queue.byte-limit = 2147483647 (custom)
2019-09-12 11:42:13,343 [pool-208-thread-1] INFO  server.RaftServerConfigKeys (ConfUtils.java:logGet(43)) - raft.server.log.queue.element-limit = 1024 (custom)
2019-09-12 11:42:13,343 [pool-208-thread-1] INFO  server.RaftServerConfigKeys (ConfUtils.java:logGet(43)) - raft.server.log.segment.size.max = 1048576 (custom)
2019-09-12 11:42:13,343 [pool-208-thread-1] INFO  server.RaftServerConfigKeys (ConfUtils.java:logGet(43)) - raft.server.log.preallocated.size = 16384 (custom)
2019-09-12 11:42:13,344 [pool-208-thread-1] INFO  server.RaftServerConfigKeys (ConfUtils.java:logGet(43)) - raft.server.log.write.buffer.size = 33554432 (custom)
2019-09-12 11:42:13,344 [pool-208-thread-1] INFO  server.RaftServerConfigKeys (ConfUtils.java:logGet(43)) - raft.server.log.force.sync.num = 128 (default)
2019-09-12 11:42:13,344 [pool-208-thread-1] INFO  server.RaftServerConfigKeys (ConfUtils.java:logGet(43)) - raft.server.log.statemachine.data.sync = true (default)
2019-09-12 11:42:13,344 [pool-208-thread-1] INFO  server.RaftServerConfigKeys (ConfUtils.java:logGet(43)) - raft.server.log.statemachine.data.sync.timeout = 10s (default)
2019-09-12 11:42:13,344 [pool-208-thread-1] INFO  server.RaftServerConfigKeys (ConfUtils.java:logGet(43)) - raft.server.log.statemachine.data.sync.timeout.retry = -1 (default)
2019-09-12 11:42:13,344 [pool-208-thread-1] INFO  server.RaftServerConfigKeys (ConfUtils.java:logGet(43)) - raft.server.log.statemachine.data.caching.enabled = true (custom)
2019-09-12 11:42:13,345 [pool-208-thread-1] INFO  segmented.SegmentedRaftLogWorker (SegmentedRaftLogWorker.java:lambda$new$0(132)) - da2d6c50-3a54-44e9-82a6-2353152f6b4e-SegmentedRaftLogWorker:Storage Directory /workdir/hadoop-ozone/ozonefs/target/test-dir/MiniOzoneClusterImpl-a0aea141-3c1c-4ab4-ba0c-769bf23ae178/datanode-2/data/ratis/102b4b3f-1ab7-4b16-884f-2cd7c6b34892: flushIndex: setUnconditionally 0 -> -1
2019-09-12 11:42:13,345 [pool-208-thread-1] INFO  server.RaftServerConfigKeys (ConfUtils.java:logGet(43)) - raft.server.snapshot.auto.trigger.enabled = true (custom)
2019-09-12 11:42:13,345 [pool-208-thread-1] INFO  server.RaftServerConfigKeys (ConfUtils.java:logGet(43)) - raft.server.snapshot.auto.trigger.threshold = 10000 (custom)
2019-09-12 11:42:13,346 [pool-208-thread-1] INFO  server.RaftServerConfigKeys (ConfUtils.java:logGet(43)) - raft.server.retrycache.expirytime = 600000ms (custom)
2019-09-12 11:42:13,346 [pool-208-thread-1] INFO  impl.RaftServerImpl (RaftServerImpl.java:start(180)) - da2d6c50-3a54-44e9-82a6-2353152f6b4e: start group-2CD7C6B34892
2019-09-12 11:42:13,346 [pool-208-thread-1] INFO  impl.RaftServerImpl (RaftServerImpl.java:setRole(171)) - da2d6c50-3a54-44e9-82a6-2353152f6b4e:group-2CD7C6B34892 changes role from null to FOLLOWER at term 0 for startAsFollower
2019-09-12 11:42:13,346 [pool-208-thread-1] INFO  impl.RoleInfo (RoleInfo.java:updateAndGet(143)) - da2d6c50-3a54-44e9-82a6-2353152f6b4e: start FollowerState
2019-09-12 11:42:13,352 [pool-208-thread-1] INFO  util.JmxRegister (JmxRegister.java:tryRegister(44)) - Successfully registered JMX Bean with object name Ratis:service=RaftServer,group=group-2CD7C6B34892,id=da2d6c50-3a54-44e9-82a6-2353152f6b4e
2019-09-12 11:42:13,355 [RatisPipelineUtilsThread] INFO  pipeline.PipelineStateManager (PipelineStateManager.java:addPipeline(56)) - Created pipeline Pipeline[ Id: 102b4b3f-1ab7-4b16-884f-2cd7c6b34892, Nodes: da2d6c50-3a54-44e9-82a6-2353152f6b4e{ip: 192.168.157.195, host: pr-hdds-1569-xtfnx-3545843844, networkLocation: /default-rack, certSerialId: null}, Type:RATIS, Factor:ONE, State:OPEN]
2019-09-12 11:42:13,355 [RatisPipelineUtilsThread] ERROR pipeline.PipelinePlacementPolicy (PipelinePlacementPolicy.java:meetCriteria(91)) - Pipeline Placement: Doesn't meet the criteria to be viable node. Heaviness: 6
2019-09-12 11:42:13,355 [RatisPipelineUtilsThread] ERROR pipeline.PipelinePlacementPolicy (PipelinePlacementPolicy.java:meetCriteria(91)) - Pipeline Placement: Doesn't meet the criteria to be viable node. Heaviness: 6
2019-09-12 11:42:13,361 [grpc-default-executor-0] INFO  impl.RaftServerProxy (RaftServerProxy.java:addNew(89)) - da2d6c50-3a54-44e9-82a6-2353152f6b4e: addNew group-FBA4FED66001:[da2d6c50-3a54-44e9-82a6-2353152f6b4e:192.168.157.195:34100] returns group-FBA4FED66001:java.util.concurrent.CompletableFuture@4d5aff17[Not completed]
2019-09-12 11:42:13,362 [pool-208-thread-1] INFO  impl.RaftServerImpl (RaftServerImpl.java:<init>(93)) - da2d6c50-3a54-44e9-82a6-2353152f6b4e: new RaftServerImpl for group-FBA4FED66001:[da2d6c50-3a54-44e9-82a6-2353152f6b4e:192.168.157.195:34100] with ContainerStateMachine:uninitialized
2019-09-12 11:42:13,363 [pool-208-thread-1] INFO  server.RaftServerConfigKeys (ConfUtils.java:logGet(43)) - raft.server.rpc.timeout.min = 5s (custom)
2019-09-12 11:42:13,363 [pool-208-thread-1] INFO  server.RaftServerConfigKeys (ConfUtils.java:logGet(43)) - raft.server.rpc.timeout.max = 5200ms (custom)
2019-09-12 11:42:13,363 [pool-208-thread-1] INFO  server.RaftServerConfigKeys (ConfUtils.java:logGet(43)) - raft.server.rpcslowness.timeout = 120s (custom)
2019-09-12 11:42:13,363 [pool-208-thread-1] INFO  server.RaftServerConfigKeys (ConfUtils.java:logGet(43)) - raft.server.sleep.deviation.threshold = 300 (default)
2019-09-12 11:42:13,363 [pool-208-thread-1] INFO  server.RaftServerConfigKeys (ConfUtils.java:logGet(43)) - raft.server.log.appender.install.snapshot.enabled = false (custom)
2019-09-12 11:42:13,364 [pool-208-thread-1] INFO  impl.RaftServerImpl (ServerState.java:<init>(105)) - da2d6c50-3a54-44e9-82a6-2353152f6b4e:group-FBA4FED66001 ConfigurationManager, init=-1: [da2d6c50-3a54-44e9-82a6-2353152f6b4e:192.168.157.195:34100], old=null, confs=<EMPTY_MAP>
2019-09-12 11:42:13,364 [pool-208-thread-1] INFO  server.RaftServerConfigKeys (ConfUtils.java:logGet(43)) - raft.server.storage.dir = [/workdir/hadoop-ozone/ozonefs/target/test-dir/MiniOzoneClusterImpl-a0aea141-3c1c-4ab4-ba0c-769bf23ae178/datanode-2/data/ratis] (custom)
2019-09-12 11:42:13,364 [pool-208-thread-1] INFO  storage.RaftStorageDirectory (RaftStorageDirectory.java:analyzeStorage(246)) - The storage directory /workdir/hadoop-ozone/ozonefs/target/test-dir/MiniOzoneClusterImpl-a0aea141-3c1c-4ab4-ba0c-769bf23ae178/datanode-2/data/ratis/22443247-8582-412d-a510-fba4fed66001 does not exist. Creating ...
2019-09-12 11:42:13,377 [pool-208-thread-1] INFO  storage.RaftStorageDirectory (RaftStorageDirectory.java:tryLock(328)) - Lock on /workdir/hadoop-ozone/ozonefs/target/test-dir/MiniOzoneClusterImpl-a0aea141-3c1c-4ab4-ba0c-769bf23ae178/datanode-2/data/ratis/22443247-8582-412d-a510-fba4fed66001/in_use.lock acquired by nodename 27663@pr-hdds-1569-xtfnx-3545843844
2019-09-12 11:42:13,398 [pool-208-thread-1] INFO  storage.RaftStorage (RaftStorage.java:format(72)) - Storage directory /workdir/hadoop-ozone/ozonefs/target/test-dir/MiniOzoneClusterImpl-a0aea141-3c1c-4ab4-ba0c-769bf23ae178/datanode-2/data/ratis/22443247-8582-412d-a510-fba4fed66001 has been successfully formatted.
2019-09-12 11:42:13,398 [pool-208-thread-1] INFO  ratis.ContainerStateMachine (ContainerStateMachine.java:loadSnapshot(226)) - group-FBA4FED66001: The snapshot info is null. Setting the last applied indexto:(t:0, i:~)
2019-09-12 11:42:13,398 [pool-208-thread-1] INFO  server.RaftServerConfigKeys (ConfUtils.java:logGet(43)) - raft.server.leader.election.timeout = 120s (custom)
2019-09-12 11:42:13,398 [pool-208-thread-1] INFO  server.RaftServerConfigKeys (ConfUtils.java:logGet(43)) - raft.server.log.use.memory = false (default)
2019-09-12 11:42:13,398 [pool-208-thread-1] INFO  server.RaftServerConfigKeys (ConfUtils.java:logGet(43)) - raft.server.log.purge.gap = 1000000 (custom)
2019-09-12 11:42:13,399 [pool-208-thread-1] INFO  server.RaftServerConfigKeys (ConfUtils.java:logGet(43)) - raft.server.log.appender.buffer.byte-limit = 33554432 (custom)
2019-09-12 11:42:13,399 [pool-208-thread-1] INFO  server.RaftServerConfigKeys (ConfUtils.java:logGet(43)) - raft.server.log.segment.size.max = 1048576 (custom)
2019-09-12 11:42:13,399 [pool-208-thread-1] INFO  server.RaftServerConfigKeys (ConfUtils.java:logGet(43)) - raft.server.log.segment.cache.num.max = 2 (custom)
2019-09-12 11:42:13,399 [pool-208-thread-1] INFO  segmented.SegmentedRaftLogWorker (SegmentedRaftLogWorker.java:<init>(172)) - new da2d6c50-3a54-44e9-82a6-2353152f6b4e-SegmentedRaftLogWorker:Storage Directory /workdir/hadoop-ozone/ozonefs/target/test-dir/MiniOzoneClusterImpl-a0aea141-3c1c-4ab4-ba0c-769bf23ae178/datanode-2/data/ratis/22443247-8582-412d-a510-fba4fed66001 for RaftStorage:Storage Directory /workdir/hadoop-ozone/ozonefs/target/test-dir/MiniOzoneClusterImpl-a0aea141-3c1c-4ab4-ba0c-769bf23ae178/datanode-2/data/ratis/22443247-8582-412d-a510-fba4fed66001
2019-09-12 11:42:13,399 [pool-208-thread-1] INFO  server.RaftServerConfigKeys (ConfUtils.java:logGet(43)) - raft.server.log.queue.byte-limit = 2147483647 (custom)
2019-09-12 11:42:13,400 [pool-208-thread-1] INFO  server.RaftServerConfigKeys (ConfUtils.java:logGet(43)) - raft.server.log.queue.element-limit = 1024 (custom)
2019-09-12 11:42:13,400 [pool-208-thread-1] INFO  server.RaftServerConfigKeys (ConfUtils.java:logGet(43)) - raft.server.log.segment.size.max = 1048576 (custom)
2019-09-12 11:42:13,400 [pool-208-thread-1] INFO  server.RaftServerConfigKeys (ConfUtils.java:logGet(43)) - raft.server.log.preallocated.size = 16384 (custom)
2019-09-12 11:42:13,400 [pool-208-thread-1] INFO  server.RaftServerConfigKeys (ConfUtils.java:logGet(43)) - raft.server.log.write.buffer.size = 33554432 (custom)
2019-09-12 11:42:13,400 [pool-208-thread-1] INFO  server.RaftServerConfigKeys (ConfUtils.java:logGet(43)) - raft.server.log.force.sync.num = 128 (default)
2019-09-12 11:42:13,400 [pool-208-thread-1] INFO  server.RaftServerConfigKeys (ConfUtils.java:logGet(43)) - raft.server.log.statemachine.data.sync = true (default)
2019-09-12 11:42:13,401 [pool-208-thread-1] INFO  server.RaftServerConfigKeys (ConfUtils.java:logGet(43)) - raft.server.log.statemachine.data.sync.timeout = 10s (default)
2019-09-12 11:42:13,401 [pool-208-thread-1] INFO  server.RaftServerConfigKeys (ConfUtils.java:logGet(43)) - raft.server.log.statemachine.data.sync.timeout.retry = -1 (default)
2019-09-12 11:42:13,401 [pool-208-thread-1] INFO  server.RaftServerConfigKeys (ConfUtils.java:logGet(43)) - raft.server.log.statemachine.data.caching.enabled = true (custom)
2019-09-12 11:42:13,401 [pool-208-thread-1] INFO  segmented.SegmentedRaftLogWorker (SegmentedRaftLogWorker.java:lambda$new$0(132)) - da2d6c50-3a54-44e9-82a6-2353152f6b4e-SegmentedRaftLogWorker:Storage Directory /workdir/hadoop-ozone/ozonefs/target/test-dir/MiniOzoneClusterImpl-a0aea141-3c1c-4ab4-ba0c-769bf23ae178/datanode-2/data/ratis/22443247-8582-412d-a510-fba4fed66001: flushIndex: setUnconditionally 0 -> -1
2019-09-12 11:42:13,402 [pool-208-thread-1] INFO  server.RaftServerConfigKeys (ConfUtils.java:logGet(43)) - raft.server.snapshot.auto.trigger.enabled = true (custom)
2019-09-12 11:42:13,402 [pool-208-thread-1] INFO  server.RaftServerConfigKeys (ConfUtils.java:logGet(43)) - raft.server.snapshot.auto.trigger.threshold = 10000 (custom)
2019-09-12 11:42:13,402 [pool-208-thread-1] INFO  server.RaftServerConfigKeys (ConfUtils.java:logGet(43)) - raft.server.retrycache.expirytime = 600000ms (custom)
2019-09-12 11:42:13,402 [pool-208-thread-1] INFO  impl.RaftServerImpl (RaftServerImpl.java:start(180)) - da2d6c50-3a54-44e9-82a6-2353152f6b4e: start group-FBA4FED66001
2019-09-12 11:42:13,402 [pool-208-thread-1] INFO  impl.RaftServerImpl (RaftServerImpl.java:setRole(171)) - da2d6c50-3a54-44e9-82a6-2353152f6b4e:group-FBA4FED66001 changes role from null to FOLLOWER at term 0 for startAsFollower
2019-09-12 11:42:13,403 [pool-208-thread-1] INFO  impl.RoleInfo (RoleInfo.java:updateAndGet(143)) - da2d6c50-3a54-44e9-82a6-2353152f6b4e: start FollowerState
2019-09-12 11:42:13,403 [pool-208-thread-1] INFO  util.JmxRegister (JmxRegister.java:tryRegister(44)) - Successfully registered JMX Bean with object name Ratis:service=RaftServer,group=group-FBA4FED66001,id=da2d6c50-3a54-44e9-82a6-2353152f6b4e
2019-09-12 11:42:13,406 [RatisPipelineUtilsThread] INFO  pipeline.PipelineStateManager (PipelineStateManager.java:addPipeline(56)) - Created pipeline Pipeline[ Id: 22443247-8582-412d-a510-fba4fed66001, Nodes: da2d6c50-3a54-44e9-82a6-2353152f6b4e{ip: 192.168.157.195, host: pr-hdds-1569-xtfnx-3545843844, networkLocation: /default-rack, certSerialId: null}, Type:RATIS, Factor:ONE, State:OPEN]
2019-09-12 11:42:13,406 [RatisPipelineUtilsThread] ERROR pipeline.PipelinePlacementPolicy (PipelinePlacementPolicy.java:meetCriteria(91)) - Pipeline Placement: Doesn't meet the criteria to be viable node. Heaviness: 6
2019-09-12 11:42:13,406 [RatisPipelineUtilsThread] ERROR pipeline.PipelinePlacementPolicy (PipelinePlacementPolicy.java:meetCriteria(91)) - Pipeline Placement: Doesn't meet the criteria to be viable node. Heaviness: 6
2019-09-12 11:42:13,411 [grpc-default-executor-0] INFO  impl.RaftServerProxy (RaftServerProxy.java:addNew(89)) - da2d6c50-3a54-44e9-82a6-2353152f6b4e: addNew group-946E4BDCE0D4:[da2d6c50-3a54-44e9-82a6-2353152f6b4e:192.168.157.195:34100] returns group-946E4BDCE0D4:java.util.concurrent.CompletableFuture@232f3bb5[Not completed]
2019-09-12 11:42:13,413 [pool-208-thread-1] INFO  impl.RaftServerImpl (RaftServerImpl.java:<init>(93)) - da2d6c50-3a54-44e9-82a6-2353152f6b4e: new RaftServerImpl for group-946E4BDCE0D4:[da2d6c50-3a54-44e9-82a6-2353152f6b4e:192.168.157.195:34100] with ContainerStateMachine:uninitialized
2019-09-12 11:42:13,413 [pool-208-thread-1] INFO  server.RaftServerConfigKeys (ConfUtils.java:logGet(43)) - raft.server.rpc.timeout.min = 5s (custom)
2019-09-12 11:42:13,413 [pool-208-thread-1] INFO  server.RaftServerConfigKeys (ConfUtils.java:logGet(43)) - raft.server.rpc.timeout.max = 5200ms (custom)
2019-09-12 11:42:13,413 [pool-208-thread-1] INFO  server.RaftServerConfigKeys (ConfUtils.java:logGet(43)) - raft.server.rpcslowness.timeout = 120s (custom)
2019-09-12 11:42:13,413 [pool-208-thread-1] INFO  server.RaftServerConfigKeys (ConfUtils.java:logGet(43)) - raft.server.sleep.deviation.threshold = 300 (default)
2019-09-12 11:42:13,413 [pool-208-thread-1] INFO  server.RaftServerConfigKeys (ConfUtils.java:logGet(43)) - raft.server.log.appender.install.snapshot.enabled = false (custom)
2019-09-12 11:42:13,413 [pool-208-thread-1] INFO  impl.RaftServerImpl (ServerState.java:<init>(105)) - da2d6c50-3a54-44e9-82a6-2353152f6b4e:group-946E4BDCE0D4 ConfigurationManager, init=-1: [da2d6c50-3a54-44e9-82a6-2353152f6b4e:192.168.157.195:34100], old=null, confs=<EMPTY_MAP>
2019-09-12 11:42:13,414 [pool-208-thread-1] INFO  server.RaftServerConfigKeys (ConfUtils.java:logGet(43)) - raft.server.storage.dir = [/workdir/hadoop-ozone/ozonefs/target/test-dir/MiniOzoneClusterImpl-a0aea141-3c1c-4ab4-ba0c-769bf23ae178/datanode-2/data/ratis] (custom)
2019-09-12 11:42:13,414 [pool-208-thread-1] INFO  storage.RaftStorageDirectory (RaftStorageDirectory.java:analyzeStorage(246)) - The storage directory /workdir/hadoop-ozone/ozonefs/target/test-dir/MiniOzoneClusterImpl-a0aea141-3c1c-4ab4-ba0c-769bf23ae178/datanode-2/data/ratis/42141a4b-4576-4bb7-824d-946e4bdce0d4 does not exist. Creating ...
2019-09-12 11:42:13,436 [pool-208-thread-1] INFO  storage.RaftStorageDirectory (RaftStorageDirectory.java:tryLock(328)) - Lock on /workdir/hadoop-ozone/ozonefs/target/test-dir/MiniOzoneClusterImpl-a0aea141-3c1c-4ab4-ba0c-769bf23ae178/datanode-2/data/ratis/42141a4b-4576-4bb7-824d-946e4bdce0d4/in_use.lock acquired by nodename 27663@pr-hdds-1569-xtfnx-3545843844
2019-09-12 11:42:13,450 [pool-208-thread-1] INFO  storage.RaftStorage (RaftStorage.java:format(72)) - Storage directory /workdir/hadoop-ozone/ozonefs/target/test-dir/MiniOzoneClusterImpl-a0aea141-3c1c-4ab4-ba0c-769bf23ae178/datanode-2/data/ratis/42141a4b-4576-4bb7-824d-946e4bdce0d4 has been successfully formatted.
2019-09-12 11:42:13,450 [pool-208-thread-1] INFO  ratis.ContainerStateMachine (ContainerStateMachine.java:loadSnapshot(226)) - group-946E4BDCE0D4: The snapshot info is null. Setting the last applied indexto:(t:0, i:~)
2019-09-12 11:42:13,450 [pool-208-thread-1] INFO  server.RaftServerConfigKeys (ConfUtils.java:logGet(43)) - raft.server.leader.election.timeout = 120s (custom)
2019-09-12 11:42:13,450 [pool-208-thread-1] INFO  server.RaftServerConfigKeys (ConfUtils.java:logGet(43)) - raft.server.log.use.memory = false (default)
2019-09-12 11:42:13,451 [pool-208-thread-1] INFO  server.RaftServerConfigKeys (ConfUtils.java:logGet(43)) - raft.server.log.purge.gap = 1000000 (custom)
2019-09-12 11:42:13,451 [pool-208-thread-1] INFO  server.RaftServerConfigKeys (ConfUtils.java:logGet(43)) - raft.server.log.appender.buffer.byte-limit = 33554432 (custom)
2019-09-12 11:42:13,451 [pool-208-thread-1] INFO  server.RaftServerConfigKeys (ConfUtils.java:logGet(43)) - raft.server.log.segment.size.max = 1048576 (custom)
2019-09-12 11:42:13,451 [pool-208-thread-1] INFO  server.RaftServerConfigKeys (ConfUtils.java:logGet(43)) - raft.server.log.segment.cache.num.max = 2 (custom)
2019-09-12 11:42:13,451 [pool-208-thread-1] INFO  segmented.SegmentedRaftLogWorker (SegmentedRaftLogWorker.java:<init>(172)) - new da2d6c50-3a54-44e9-82a6-2353152f6b4e-SegmentedRaftLogWorker:Storage Directory /workdir/hadoop-ozone/ozonefs/target/test-dir/MiniOzoneClusterImpl-a0aea141-3c1c-4ab4-ba0c-769bf23ae178/datanode-2/data/ratis/42141a4b-4576-4bb7-824d-946e4bdce0d4 for RaftStorage:Storage Directory /workdir/hadoop-ozone/ozonefs/target/test-dir/MiniOzoneClusterImpl-a0aea141-3c1c-4ab4-ba0c-769bf23ae178/datanode-2/data/ratis/42141a4b-4576-4bb7-824d-946e4bdce0d4
2019-09-12 11:42:13,451 [pool-208-thread-1] INFO  server.RaftServerConfigKeys (ConfUtils.java:logGet(43)) - raft.server.log.queue.byte-limit = 2147483647 (custom)
2019-09-12 11:42:13,451 [pool-208-thread-1] INFO  server.RaftServerConfigKeys (ConfUtils.java:logGet(43)) - raft.server.log.queue.element-limit = 1024 (custom)
2019-09-12 11:42:13,452 [pool-208-thread-1] INFO  server.RaftServerConfigKeys (ConfUtils.java:logGet(43)) - raft.server.log.segment.size.max = 1048576 (custom)
2019-09-12 11:42:13,452 [pool-208-thread-1] INFO  server.RaftServerConfigKeys (ConfUtils.java:logGet(43)) - raft.server.log.preallocated.size = 16384 (custom)
2019-09-12 11:42:13,452 [pool-208-thread-1] INFO  server.RaftServerConfigKeys (ConfUtils.java:logGet(43)) - raft.server.log.write.buffer.size = 33554432 (custom)
2019-09-12 11:42:13,452 [pool-208-thread-1] INFO  server.RaftServerConfigKeys (ConfUtils.java:logGet(43)) - raft.server.log.force.sync.num = 128 (default)
2019-09-12 11:42:13,452 [pool-208-thread-1] INFO  server.RaftServerConfigKeys (ConfUtils.java:logGet(43)) - raft.server.log.statemachine.data.sync = true (default)
2019-09-12 11:42:13,452 [pool-208-thread-1] INFO  server.RaftServerConfigKeys (ConfUtils.java:logGet(43)) - raft.server.log.statemachine.data.sync.timeout = 10s (default)
2019-09-12 11:42:13,452 [pool-208-thread-1] INFO  server.RaftServerConfigKeys (ConfUtils.java:logGet(43)) - raft.server.log.statemachine.data.sync.timeout.retry = -1 (default)
2019-09-12 11:42:13,453 [pool-208-thread-1] INFO  server.RaftServerConfigKeys (ConfUtils.java:logGet(43)) - raft.server.log.statemachine.data.caching.enabled = true (custom)
2019-09-12 11:42:13,453 [pool-208-thread-1] INFO  segmented.SegmentedRaftLogWorker (SegmentedRaftLogWorker.java:lambda$new$0(132)) - da2d6c50-3a54-44e9-82a6-2353152f6b4e-SegmentedRaftLogWorker:Storage Directory /workdir/hadoop-ozone/ozonefs/target/test-dir/MiniOzoneClusterImpl-a0aea141-3c1c-4ab4-ba0c-769bf23ae178/datanode-2/data/ratis/42141a4b-4576-4bb7-824d-946e4bdce0d4: flushIndex: setUnconditionally 0 -> -1
2019-09-12 11:42:13,453 [pool-208-thread-1] INFO  server.RaftServerConfigKeys (ConfUtils.java:logGet(43)) - raft.server.snapshot.auto.trigger.enabled = true (custom)
2019-09-12 11:42:13,453 [pool-208-thread-1] INFO  server.RaftServerConfigKeys (ConfUtils.java:logGet(43)) - raft.server.snapshot.auto.trigger.threshold = 10000 (custom)
2019-09-12 11:42:13,454 [pool-208-thread-1] INFO  server.RaftServerConfigKeys (ConfUtils.java:logGet(43)) - raft.server.retrycache.expirytime = 600000ms (custom)
2019-09-12 11:42:13,454 [pool-208-thread-1] INFO  impl.RaftServerImpl (RaftServerImpl.java:start(180)) - da2d6c50-3a54-44e9-82a6-2353152f6b4e: start group-946E4BDCE0D4
2019-09-12 11:42:13,454 [pool-208-thread-1] INFO  impl.RaftServerImpl (RaftServerImpl.java:setRole(171)) - da2d6c50-3a54-44e9-82a6-2353152f6b4e:group-946E4BDCE0D4 changes role from null to FOLLOWER at term 0 for startAsFollower
2019-09-12 11:42:13,454 [pool-208-thread-1] INFO  impl.RoleInfo (RoleInfo.java:updateAndGet(143)) - da2d6c50-3a54-44e9-82a6-2353152f6b4e: start FollowerState
2019-09-12 11:42:13,455 [pool-208-thread-1] INFO  util.JmxRegister (JmxRegister.java:tryRegister(44)) - Successfully registered JMX Bean with object name Ratis:service=RaftServer,group=group-946E4BDCE0D4,id=da2d6c50-3a54-44e9-82a6-2353152f6b4e
2019-09-12 11:42:13,457 [RatisPipelineUtilsThread] INFO  pipeline.PipelineStateManager (PipelineStateManager.java:addPipeline(56)) - Created pipeline Pipeline[ Id: 42141a4b-4576-4bb7-824d-946e4bdce0d4, Nodes: da2d6c50-3a54-44e9-82a6-2353152f6b4e{ip: 192.168.157.195, host: pr-hdds-1569-xtfnx-3545843844, networkLocation: /default-rack, certSerialId: null}, Type:RATIS, Factor:ONE, State:OPEN]
2019-09-12 11:42:13,457 [RatisPipelineUtilsThread] ERROR pipeline.PipelinePlacementPolicy (PipelinePlacementPolicy.java:meetCriteria(91)) - Pipeline Placement: Doesn't meet the criteria to be viable node. Heaviness: 6
2019-09-12 11:42:13,458 [RatisPipelineUtilsThread] ERROR pipeline.PipelinePlacementPolicy (PipelinePlacementPolicy.java:meetCriteria(91)) - Pipeline Placement: Doesn't meet the criteria to be viable node. Heaviness: 6
2019-09-12 11:42:13,463 [grpc-default-executor-0] INFO  impl.RaftServerProxy (RaftServerProxy.java:addNew(89)) - da2d6c50-3a54-44e9-82a6-2353152f6b4e: addNew group-666646391A8F:[da2d6c50-3a54-44e9-82a6-2353152f6b4e:192.168.157.195:34100] returns group-666646391A8F:java.util.concurrent.CompletableFuture@20139acf[Not completed]
2019-09-12 11:42:13,464 [pool-208-thread-1] INFO  impl.RaftServerImpl (RaftServerImpl.java:<init>(93)) - da2d6c50-3a54-44e9-82a6-2353152f6b4e: new RaftServerImpl for group-666646391A8F:[da2d6c50-3a54-44e9-82a6-2353152f6b4e:192.168.157.195:34100] with ContainerStateMachine:uninitialized
2019-09-12 11:42:13,464 [pool-208-thread-1] INFO  server.RaftServerConfigKeys (ConfUtils.java:logGet(43)) - raft.server.rpc.timeout.min = 5s (custom)
2019-09-12 11:42:13,464 [pool-208-thread-1] INFO  server.RaftServerConfigKeys (ConfUtils.java:logGet(43)) - raft.server.rpc.timeout.max = 5200ms (custom)
2019-09-12 11:42:13,464 [pool-208-thread-1] INFO  server.RaftServerConfigKeys (ConfUtils.java:logGet(43)) - raft.server.rpcslowness.timeout = 120s (custom)
2019-09-12 11:42:13,464 [pool-208-thread-1] INFO  server.RaftServerConfigKeys (ConfUtils.java:logGet(43)) - raft.server.sleep.deviation.threshold = 300 (default)
2019-09-12 11:42:13,464 [pool-208-thread-1] INFO  server.RaftServerConfigKeys (ConfUtils.java:logGet(43)) - raft.server.log.appender.install.snapshot.enabled = false (custom)
2019-09-12 11:42:13,464 [pool-208-thread-1] INFO  impl.RaftServerImpl (ServerState.java:<init>(105)) - da2d6c50-3a54-44e9-82a6-2353152f6b4e:group-666646391A8F ConfigurationManager, init=-1: [da2d6c50-3a54-44e9-82a6-2353152f6b4e:192.168.157.195:34100], old=null, confs=<EMPTY_MAP>
2019-09-12 11:42:13,465 [pool-208-thread-1] INFO  server.RaftServerConfigKeys (ConfUtils.java:logGet(43)) - raft.server.storage.dir = [/workdir/hadoop-ozone/ozonefs/target/test-dir/MiniOzoneClusterImpl-a0aea141-3c1c-4ab4-ba0c-769bf23ae178/datanode-2/data/ratis] (custom)
2019-09-12 11:42:13,465 [pool-208-thread-1] INFO  storage.RaftStorageDirectory (RaftStorageDirectory.java:analyzeStorage(246)) - The storage directory /workdir/hadoop-ozone/ozonefs/target/test-dir/MiniOzoneClusterImpl-a0aea141-3c1c-4ab4-ba0c-769bf23ae178/datanode-2/data/ratis/858685b5-070f-4053-972e-666646391a8f does not exist. Creating ...
2019-09-12 11:42:13,478 [pool-208-thread-1] INFO  storage.RaftStorageDirectory (RaftStorageDirectory.java:tryLock(328)) - Lock on /workdir/hadoop-ozone/ozonefs/target/test-dir/MiniOzoneClusterImpl-a0aea141-3c1c-4ab4-ba0c-769bf23ae178/datanode-2/data/ratis/858685b5-070f-4053-972e-666646391a8f/in_use.lock acquired by nodename 27663@pr-hdds-1569-xtfnx-3545843844
2019-09-12 11:42:13,491 [pool-208-thread-1] INFO  storage.RaftStorage (RaftStorage.java:format(72)) - Storage directory /workdir/hadoop-ozone/ozonefs/target/test-dir/MiniOzoneClusterImpl-a0aea141-3c1c-4ab4-ba0c-769bf23ae178/datanode-2/data/ratis/858685b5-070f-4053-972e-666646391a8f has been successfully formatted.
2019-09-12 11:42:13,491 [pool-208-thread-1] INFO  ratis.ContainerStateMachine (ContainerStateMachine.java:loadSnapshot(226)) - group-666646391A8F: The snapshot info is null. Setting the last applied indexto:(t:0, i:~)
2019-09-12 11:42:13,491 [pool-208-thread-1] INFO  server.RaftServerConfigKeys (ConfUtils.java:logGet(43)) - raft.server.leader.election.timeout = 120s (custom)
2019-09-12 11:42:13,492 [pool-208-thread-1] INFO  server.RaftServerConfigKeys (ConfUtils.java:logGet(43)) - raft.server.log.use.memory = false (default)
2019-09-12 11:42:13,492 [pool-208-thread-1] INFO  server.RaftServerConfigKeys (ConfUtils.java:logGet(43)) - raft.server.log.purge.gap = 1000000 (custom)
2019-09-12 11:42:13,492 [pool-208-thread-1] INFO  server.RaftServerConfigKeys (ConfUtils.java:logGet(43)) - raft.server.log.appender.buffer.byte-limit = 33554432 (custom)
2019-09-12 11:42:13,492 [pool-208-thread-1] INFO  server.RaftServerConfigKeys (ConfUtils.java:logGet(43)) - raft.server.log.segment.size.max = 1048576 (custom)
2019-09-12 11:42:13,492 [pool-208-thread-1] INFO  server.RaftServerConfigKeys (ConfUtils.java:logGet(43)) - raft.server.log.segment.cache.num.max = 2 (custom)
2019-09-12 11:42:13,492 [pool-208-thread-1] INFO  segmented.SegmentedRaftLogWorker (SegmentedRaftLogWorker.java:<init>(172)) - new da2d6c50-3a54-44e9-82a6-2353152f6b4e-SegmentedRaftLogWorker:Storage Directory /workdir/hadoop-ozone/ozonefs/target/test-dir/MiniOzoneClusterImpl-a0aea141-3c1c-4ab4-ba0c-769bf23ae178/datanode-2/data/ratis/858685b5-070f-4053-972e-666646391a8f for RaftStorage:Storage Directory /workdir/hadoop-ozone/ozonefs/target/test-dir/MiniOzoneClusterImpl-a0aea141-3c1c-4ab4-ba0c-769bf23ae178/datanode-2/data/ratis/858685b5-070f-4053-972e-666646391a8f
2019-09-12 11:42:13,492 [pool-208-thread-1] INFO  server.RaftServerConfigKeys (ConfUtils.java:logGet(43)) - raft.server.log.queue.byte-limit = 2147483647 (custom)
2019-09-12 11:42:13,493 [pool-208-thread-1] INFO  server.RaftServerConfigKeys (ConfUtils.java:logGet(43)) - raft.server.log.queue.element-limit = 1024 (custom)
2019-09-12 11:42:13,493 [pool-208-thread-1] INFO  server.RaftServerConfigKeys (ConfUtils.java:logGet(43)) - raft.server.log.segment.size.max = 1048576 (custom)
2019-09-12 11:42:13,493 [pool-208-thread-1] INFO  server.RaftServerConfigKeys (ConfUtils.java:logGet(43)) - raft.server.log.preallocated.size = 16384 (custom)
2019-09-12 11:42:13,493 [pool-208-thread-1] INFO  server.RaftServerConfigKeys (ConfUtils.java:logGet(43)) - raft.server.log.write.buffer.size = 33554432 (custom)
2019-09-12 11:42:13,493 [pool-208-thread-1] INFO  server.RaftServerConfigKeys (ConfUtils.java:logGet(43)) - raft.server.log.force.sync.num = 128 (default)
2019-09-12 11:42:13,493 [pool-208-thread-1] INFO  server.RaftServerConfigKeys (ConfUtils.java:logGet(43)) - raft.server.log.statemachine.data.sync = true (default)
2019-09-12 11:42:13,493 [pool-208-thread-1] INFO  server.RaftServerConfigKeys (ConfUtils.java:logGet(43)) - raft.server.log.statemachine.data.sync.timeout = 10s (default)
2019-09-12 11:42:13,494 [pool-208-thread-1] INFO  server.RaftServerConfigKeys (ConfUtils.java:logGet(43)) - raft.server.log.statemachine.data.sync.timeout.retry = -1 (default)
2019-09-12 11:42:13,494 [pool-208-thread-1] INFO  server.RaftServerConfigKeys (ConfUtils.java:logGet(43)) - raft.server.log.statemachine.data.caching.enabled = true (custom)
2019-09-12 11:42:13,494 [pool-208-thread-1] INFO  segmented.SegmentedRaftLogWorker (SegmentedRaftLogWorker.java:lambda$new$0(132)) - da2d6c50-3a54-44e9-82a6-2353152f6b4e-SegmentedRaftLogWorker:Storage Directory /workdir/hadoop-ozone/ozonefs/target/test-dir/MiniOzoneClusterImpl-a0aea141-3c1c-4ab4-ba0c-769bf23ae178/datanode-2/data/ratis/858685b5-070f-4053-972e-666646391a8f: flushIndex: setUnconditionally 0 -> -1
2019-09-12 11:42:13,494 [pool-208-thread-1] INFO  server.RaftServerConfigKeys (ConfUtils.java:logGet(43)) - raft.server.snapshot.auto.trigger.enabled = true (custom)
2019-09-12 11:42:13,494 [pool-208-thread-1] INFO  server.RaftServerConfigKeys (ConfUtils.java:logGet(43)) - raft.server.snapshot.auto.trigger.threshold = 10000 (custom)
2019-09-12 11:42:13,495 [pool-208-thread-1] INFO  server.RaftServerConfigKeys (ConfUtils.java:logGet(43)) - raft.server.retrycache.expirytime = 600000ms (custom)
2019-09-12 11:42:13,495 [pool-208-thread-1] INFO  impl.RaftServerImpl (RaftServerImpl.java:start(180)) - da2d6c50-3a54-44e9-82a6-2353152f6b4e: start group-666646391A8F
2019-09-12 11:42:13,495 [pool-208-thread-1] INFO  impl.RaftServerImpl (RaftServerImpl.java:setRole(171)) - da2d6c50-3a54-44e9-82a6-2353152f6b4e:group-666646391A8F changes role from null to FOLLOWER at term 0 for startAsFollower
2019-09-12 11:42:13,495 [pool-208-thread-1] INFO  impl.RoleInfo (RoleInfo.java:updateAndGet(143)) - da2d6c50-3a54-44e9-82a6-2353152f6b4e: start FollowerState
2019-09-12 11:42:13,496 [pool-208-thread-1] INFO  util.JmxRegister (JmxRegister.java:tryRegister(44)) - Successfully registered JMX Bean with object name Ratis:service=RaftServer,group=group-666646391A8F,id=da2d6c50-3a54-44e9-82a6-2353152f6b4e
2019-09-12 11:42:13,498 [RatisPipelineUtilsThread] INFO  pipeline.PipelineStateManager (PipelineStateManager.java:addPipeline(56)) - Created pipeline Pipeline[ Id: 858685b5-070f-4053-972e-666646391a8f, Nodes: da2d6c50-3a54-44e9-82a6-2353152f6b4e{ip: 192.168.157.195, host: pr-hdds-1569-xtfnx-3545843844, networkLocation: /default-rack, certSerialId: null}, Type:RATIS, Factor:ONE, State:OPEN]
2019-09-12 11:42:13,498 [RatisPipelineUtilsThread] ERROR pipeline.PipelinePlacementPolicy (PipelinePlacementPolicy.java:meetCriteria(91)) - Pipeline Placement: Doesn't meet the criteria to be viable node. Heaviness: 6
2019-09-12 11:42:13,499 [RatisPipelineUtilsThread] ERROR pipeline.PipelinePlacementPolicy (PipelinePlacementPolicy.java:meetCriteria(91)) - Pipeline Placement: Doesn't meet the criteria to be viable node. Heaviness: 6
2019-09-12 11:42:13,504 [grpc-default-executor-0] INFO  impl.RaftServerProxy (RaftServerProxy.java:addNew(89)) - da2d6c50-3a54-44e9-82a6-2353152f6b4e: addNew group-BAAA043ECB47:[da2d6c50-3a54-44e9-82a6-2353152f6b4e:192.168.157.195:34100] returns group-BAAA043ECB47:java.util.concurrent.CompletableFuture@e137a6c[Not completed]
2019-09-12 11:42:13,505 [pool-208-thread-1] INFO  impl.RaftServerImpl (RaftServerImpl.java:<init>(93)) - da2d6c50-3a54-44e9-82a6-2353152f6b4e: new RaftServerImpl for group-BAAA043ECB47:[da2d6c50-3a54-44e9-82a6-2353152f6b4e:192.168.157.195:34100] with ContainerStateMachine:uninitialized
2019-09-12 11:42:13,505 [pool-208-thread-1] INFO  server.RaftServerConfigKeys (ConfUtils.java:logGet(43)) - raft.server.rpc.timeout.min = 5s (custom)
2019-09-12 11:42:13,505 [pool-208-thread-1] INFO  server.RaftServerConfigKeys (ConfUtils.java:logGet(43)) - raft.server.rpc.timeout.max = 5200ms (custom)
2019-09-12 11:42:13,505 [pool-208-thread-1] INFO  server.RaftServerConfigKeys (ConfUtils.java:logGet(43)) - raft.server.rpcslowness.timeout = 120s (custom)
2019-09-12 11:42:13,505 [pool-208-thread-1] INFO  server.RaftServerConfigKeys (ConfUtils.java:logGet(43)) - raft.server.sleep.deviation.threshold = 300 (default)
2019-09-12 11:42:13,505 [pool-208-thread-1] INFO  server.RaftServerConfigKeys (ConfUtils.java:logGet(43)) - raft.server.log.appender.install.snapshot.enabled = false (custom)
2019-09-12 11:42:13,505 [pool-208-thread-1] INFO  impl.RaftServerImpl (ServerState.java:<init>(105)) - da2d6c50-3a54-44e9-82a6-2353152f6b4e:group-BAAA043ECB47 ConfigurationManager, init=-1: [da2d6c50-3a54-44e9-82a6-2353152f6b4e:192.168.157.195:34100], old=null, confs=<EMPTY_MAP>
2019-09-12 11:42:13,506 [pool-208-thread-1] INFO  server.RaftServerConfigKeys (ConfUtils.java:logGet(43)) - raft.server.storage.dir = [/workdir/hadoop-ozone/ozonefs/target/test-dir/MiniOzoneClusterImpl-a0aea141-3c1c-4ab4-ba0c-769bf23ae178/datanode-2/data/ratis] (custom)
2019-09-12 11:42:13,506 [pool-208-thread-1] INFO  storage.RaftStorageDirectory (RaftStorageDirectory.java:analyzeStorage(246)) - The storage directory /workdir/hadoop-ozone/ozonefs/target/test-dir/MiniOzoneClusterImpl-a0aea141-3c1c-4ab4-ba0c-769bf23ae178/datanode-2/data/ratis/c7030e46-6230-4d5d-83d8-baaa043ecb47 does not exist. Creating ...
2019-09-12 11:42:13,519 [pool-208-thread-1] INFO  storage.RaftStorageDirectory (RaftStorageDirectory.java:tryLock(328)) - Lock on /workdir/hadoop-ozone/ozonefs/target/test-dir/MiniOzoneClusterImpl-a0aea141-3c1c-4ab4-ba0c-769bf23ae178/datanode-2/data/ratis/c7030e46-6230-4d5d-83d8-baaa043ecb47/in_use.lock acquired by nodename 27663@pr-hdds-1569-xtfnx-3545843844
2019-09-12 11:42:13,531 [pool-208-thread-1] INFO  storage.RaftStorage (RaftStorage.java:format(72)) - Storage directory /workdir/hadoop-ozone/ozonefs/target/test-dir/MiniOzoneClusterImpl-a0aea141-3c1c-4ab4-ba0c-769bf23ae178/datanode-2/data/ratis/c7030e46-6230-4d5d-83d8-baaa043ecb47 has been successfully formatted.
2019-09-12 11:42:13,532 [pool-208-thread-1] INFO  ratis.ContainerStateMachine (ContainerStateMachine.java:loadSnapshot(226)) - group-BAAA043ECB47: The snapshot info is null. Setting the last applied indexto:(t:0, i:~)
2019-09-12 11:42:13,532 [pool-208-thread-1] INFO  server.RaftServerConfigKeys (ConfUtils.java:logGet(43)) - raft.server.leader.election.timeout = 120s (custom)
2019-09-12 11:42:13,532 [pool-208-thread-1] INFO  server.RaftServerConfigKeys (ConfUtils.java:logGet(43)) - raft.server.log.use.memory = false (default)
2019-09-12 11:42:13,532 [pool-208-thread-1] INFO  server.RaftServerConfigKeys (ConfUtils.java:logGet(43)) - raft.server.log.purge.gap = 1000000 (custom)
2019-09-12 11:42:13,532 [pool-208-thread-1] INFO  server.RaftServerConfigKeys (ConfUtils.java:logGet(43)) - raft.server.log.appender.buffer.byte-limit = 33554432 (custom)
2019-09-12 11:42:13,532 [pool-208-thread-1] INFO  server.RaftServerConfigKeys (ConfUtils.java:logGet(43)) - raft.server.log.segment.size.max = 1048576 (custom)
2019-09-12 11:42:13,533 [pool-208-thread-1] INFO  server.RaftServerConfigKeys (ConfUtils.java:logGet(43)) - raft.server.log.segment.cache.num.max = 2 (custom)
2019-09-12 11:42:13,533 [pool-208-thread-1] INFO  segmented.SegmentedRaftLogWorker (SegmentedRaftLogWorker.java:<init>(172)) - new da2d6c50-3a54-44e9-82a6-2353152f6b4e-SegmentedRaftLogWorker:Storage Directory /workdir/hadoop-ozone/ozonefs/target/test-dir/MiniOzoneClusterImpl-a0aea141-3c1c-4ab4-ba0c-769bf23ae178/datanode-2/data/ratis/c7030e46-6230-4d5d-83d8-baaa043ecb47 for RaftStorage:Storage Directory /workdir/hadoop-ozone/ozonefs/target/test-dir/MiniOzoneClusterImpl-a0aea141-3c1c-4ab4-ba0c-769bf23ae178/datanode-2/data/ratis/c7030e46-6230-4d5d-83d8-baaa043ecb47
2019-09-12 11:42:13,533 [pool-208-thread-1] INFO  server.RaftServerConfigKeys (ConfUtils.java:logGet(43)) - raft.server.log.queue.byte-limit = 2147483647 (custom)
2019-09-12 11:42:13,533 [pool-208-thread-1] INFO  server.RaftServerConfigKeys (ConfUtils.java:logGet(43)) - raft.server.log.queue.element-limit = 1024 (custom)
2019-09-12 11:42:13,533 [pool-208-thread-1] INFO  server.RaftServerConfigKeys (ConfUtils.java:logGet(43)) - raft.server.log.segment.size.max = 1048576 (custom)
2019-09-12 11:42:13,533 [pool-208-thread-1] INFO  server.RaftServerConfigKeys (ConfUtils.java:logGet(43)) - raft.server.log.preallocated.size = 16384 (custom)
2019-09-12 11:42:13,533 [pool-208-thread-1] INFO  server.RaftServerConfigKeys (ConfUtils.java:logGet(43)) - raft.server.log.write.buffer.size = 33554432 (custom)
2019-09-12 11:42:13,533 [pool-208-thread-1] INFO  server.RaftServerConfigKeys (ConfUtils.java:logGet(43)) - raft.server.log.force.sync.num = 128 (default)
2019-09-12 11:42:13,533 [pool-208-thread-1] INFO  server.RaftServerConfigKeys (ConfUtils.java:logGet(43)) - raft.server.log.statemachine.data.sync = true (default)
2019-09-12 11:42:13,534 [pool-208-thread-1] INFO  server.RaftServerConfigKeys (ConfUtils.java:logGet(43)) - raft.server.log.statemachine.data.sync.timeout = 10s (default)
2019-09-12 11:42:13,534 [pool-208-thread-1] INFO  server.RaftServerConfigKeys (ConfUtils.java:logGet(43)) - raft.server.log.statemachine.data.sync.timeout.retry = -1 (default)
2019-09-12 11:42:13,534 [pool-208-thread-1] INFO  server.RaftServerConfigKeys (ConfUtils.java:logGet(43)) - raft.server.log.statemachine.data.caching.enabled = true (custom)
2019-09-12 11:42:13,534 [pool-208-thread-1] INFO  segmented.SegmentedRaftLogWorker (SegmentedRaftLogWorker.java:lambda$new$0(132)) - da2d6c50-3a54-44e9-82a6-2353152f6b4e-SegmentedRaftLogWorker:Storage Directory /workdir/hadoop-ozone/ozonefs/target/test-dir/MiniOzoneClusterImpl-a0aea141-3c1c-4ab4-ba0c-769bf23ae178/datanode-2/data/ratis/c7030e46-6230-4d5d-83d8-baaa043ecb47: flushIndex: setUnconditionally 0 -> -1
2019-09-12 11:42:13,534 [pool-208-thread-1] INFO  server.RaftServerConfigKeys (ConfUtils.java:logGet(43)) - raft.server.snapshot.auto.trigger.enabled = true (custom)
2019-09-12 11:42:13,534 [pool-208-thread-1] INFO  server.RaftServerConfigKeys (ConfUtils.java:logGet(43)) - raft.server.snapshot.auto.trigger.threshold = 10000 (custom)
2019-09-12 11:42:13,535 [pool-208-thread-1] INFO  server.RaftServerConfigKeys (ConfUtils.java:logGet(43)) - raft.server.retrycache.expirytime = 600000ms (custom)
2019-09-12 11:42:13,535 [pool-208-thread-1] INFO  impl.RaftServerImpl (RaftServerImpl.java:start(180)) - da2d6c50-3a54-44e9-82a6-2353152f6b4e: start group-BAAA043ECB47
2019-09-12 11:42:13,535 [pool-208-thread-1] INFO  impl.RaftServerImpl (RaftServerImpl.java:setRole(171)) - da2d6c50-3a54-44e9-82a6-2353152f6b4e:group-BAAA043ECB47 changes role from null to FOLLOWER at term 0 for startAsFollower
2019-09-12 11:42:13,535 [pool-208-thread-1] INFO  impl.RoleInfo (RoleInfo.java:updateAndGet(143)) - da2d6c50-3a54-44e9-82a6-2353152f6b4e: start FollowerState
2019-09-12 11:42:13,535 [pool-208-thread-1] INFO  util.JmxRegister (JmxRegister.java:tryRegister(44)) - Successfully registered JMX Bean with object name Ratis:service=RaftServer,group=group-BAAA043ECB47,id=da2d6c50-3a54-44e9-82a6-2353152f6b4e
2019-09-12 11:42:13,538 [RatisPipelineUtilsThread] INFO  pipeline.PipelineStateManager (PipelineStateManager.java:addPipeline(56)) - Created pipeline Pipeline[ Id: c7030e46-6230-4d5d-83d8-baaa043ecb47, Nodes: da2d6c50-3a54-44e9-82a6-2353152f6b4e{ip: 192.168.157.195, host: pr-hdds-1569-xtfnx-3545843844, networkLocation: /default-rack, certSerialId: null}, Type:RATIS, Factor:ONE, State:OPEN]
2019-09-12 11:42:13,538 [RatisPipelineUtilsThread] ERROR pipeline.PipelinePlacementPolicy (PipelinePlacementPolicy.java:meetCriteria(91)) - Pipeline Placement: Doesn't meet the criteria to be viable node. Heaviness: 6
2019-09-12 11:42:13,538 [RatisPipelineUtilsThread] ERROR pipeline.PipelinePlacementPolicy (PipelinePlacementPolicy.java:meetCriteria(91)) - Pipeline Placement: Doesn't meet the criteria to be viable node. Heaviness: 6
2019-09-12 11:42:13,538 [RatisPipelineUtilsThread] ERROR pipeline.PipelinePlacementPolicy (PipelinePlacementPolicy.java:meetCriteria(91)) - Pipeline Placement: Doesn't meet the criteria to be viable node. Heaviness: 6
2019-09-12 11:42:13,539 [RatisPipelineUtilsThread] ERROR pipeline.PipelinePlacementPolicy (PipelinePlacementPolicy.java:filterViableNodes(146)) - Unable to find enough nodes that meet the criteria that cannot engage in more than 5 pipelines. Nodes required: 1 Found: 0, healthy nodes count inNodeManager: 3.
2019-09-12 11:42:13,539 [RatisPipelineUtilsThread] ERROR pipeline.SCMPipelineManager (SCMPipelineManager.java:createPipeline(161)) - Pipeline creation failed due to exception: Unable to find enough nodes that meet the criteria that cannot engage in more than 5 pipelines. Nodes required: 1 Found: 0, healthy nodes count inNodeManager: 3.
2019-09-12 11:42:13,539 [RatisPipelineUtilsThread] ERROR pipeline.PipelinePlacementPolicy (PipelinePlacementPolicy.java:meetCriteria(91)) - Pipeline Placement: Doesn't meet the criteria to be viable node. Heaviness: 6
2019-09-12 11:42:13,539 [RatisPipelineUtilsThread] ERROR pipeline.PipelinePlacementPolicy (PipelinePlacementPolicy.java:meetCriteria(91)) - Pipeline Placement: Doesn't meet the criteria to be viable node. Heaviness: 6
2019-09-12 11:42:13,539 [RatisPipelineUtilsThread] ERROR pipeline.PipelinePlacementPolicy (PipelinePlacementPolicy.java:meetCriteria(91)) - Pipeline Placement: Doesn't meet the criteria to be viable node. Heaviness: 6
2019-09-12 11:42:13,539 [RatisPipelineUtilsThread] ERROR pipeline.PipelinePlacementPolicy (PipelinePlacementPolicy.java:filterViableNodes(146)) - Unable to find enough nodes that meet the criteria that cannot engage in more than 5 pipelines. Nodes required: 3 Found: 0, healthy nodes count inNodeManager: 3.
2019-09-12 11:42:13,540 [RatisPipelineUtilsThread] ERROR pipeline.SCMPipelineManager (SCMPipelineManager.java:createPipeline(161)) - Pipeline creation failed due to exception: Unable to find enough nodes that meet the criteria that cannot engage in more than 5 pipelines. Nodes required: 3 Found: 0, healthy nodes count inNodeManager: 3.
2019-09-12 11:42:13,540 [RatisPipelineUtilsThread] ERROR pipeline.PipelinePlacementPolicy (PipelinePlacementPolicy.java:meetCriteria(91)) - Pipeline Placement: Doesn't meet the criteria to be viable node. Heaviness: 6
2019-09-12 11:42:13,540 [RatisPipelineUtilsThread] ERROR pipeline.PipelinePlacementPolicy (PipelinePlacementPolicy.java:meetCriteria(91)) - Pipeline Placement: Doesn't meet the criteria to be viable node. Heaviness: 6
2019-09-12 11:42:13,540 [RatisPipelineUtilsThread] ERROR pipeline.PipelinePlacementPolicy (PipelinePlacementPolicy.java:meetCriteria(91)) - Pipeline Placement: Doesn't meet the criteria to be viable node. Heaviness: 6
2019-09-12 11:42:13,540 [RatisPipelineUtilsThread] ERROR pipeline.PipelinePlacementPolicy (PipelinePlacementPolicy.java:filterViableNodes(146)) - Unable to find enough nodes that meet the criteria that cannot engage in more than 5 pipelines. Nodes required: 1 Found: 0, healthy nodes count inNodeManager: 3.
2019-09-12 11:42:13,541 [RatisPipelineUtilsThread] ERROR pipeline.SCMPipelineManager (SCMPipelineManager.java:createPipeline(161)) - Pipeline creation failed due to exception: Unable to find enough nodes that meet the criteria that cannot engage in more than 5 pipelines. Nodes required: 1 Found: 0, healthy nodes count inNodeManager: 3.
2019-09-12 11:42:13,541 [RatisPipelineUtilsThread] ERROR pipeline.PipelinePlacementPolicy (PipelinePlacementPolicy.java:meetCriteria(91)) - Pipeline Placement: Doesn't meet the criteria to be viable node. Heaviness: 6
2019-09-12 11:42:13,541 [RatisPipelineUtilsThread] ERROR pipeline.PipelinePlacementPolicy (PipelinePlacementPolicy.java:meetCriteria(91)) - Pipeline Placement: Doesn't meet the criteria to be viable node. Heaviness: 6
2019-09-12 11:42:13,541 [RatisPipelineUtilsThread] ERROR pipeline.PipelinePlacementPolicy (PipelinePlacementPolicy.java:meetCriteria(91)) - Pipeline Placement: Doesn't meet the criteria to be viable node. Heaviness: 6
2019-09-12 11:42:13,541 [RatisPipelineUtilsThread] ERROR pipeline.PipelinePlacementPolicy (PipelinePlacementPolicy.java:filterViableNodes(146)) - Unable to find enough nodes that meet the criteria that cannot engage in more than 5 pipelines. Nodes required: 3 Found: 0, healthy nodes count inNodeManager: 3.
2019-09-12 11:42:13,541 [RatisPipelineUtilsThread] ERROR pipeline.SCMPipelineManager (SCMPipelineManager.java:createPipeline(161)) - Pipeline creation failed due to exception: Unable to find enough nodes that meet the criteria that cannot engage in more than 5 pipelines. Nodes required: 3 Found: 0, healthy nodes count inNodeManager: 3.
2019-09-12 11:42:14,233 [Thread-806] INFO  ozone.MiniOzoneClusterImpl (MiniOzoneClusterImpl.java:lambda$waitForClusterToBeReady$0(142)) - Cluster is ready. Got 3 of 3 DN Heartbeats.
2019-09-12 11:42:14,456 | INFO  | OMAudit | user=jenkins1000 | ip=127.0.0.1 | op=CREATE_VOLUME {admin=admin32298, owner=user30708, volume=volume38706, creationTime=1568288534455, quotaInBytes=1152921504606846976} | ret=SUCCESS |  
2019-09-12 11:42:14,466 | INFO  | OMAudit | user=jenkins1000 | ip=127.0.0.1 | op=CREATE_BUCKET {volume=volume38706, bucket=bucket79282, acls=[], isVersionEnabled=false, storageType=DISK, creationTime=0} | ret=SUCCESS |  
2019-09-12 11:42:14,488 | INFO  | OMAudit | user=jenkins1000 | ip=127.0.0.1 | op=READ_VOLUME {volume=volume38706} | ret=SUCCESS |  
2019-09-12 11:42:14,491 | INFO  | OMAudit | user=jenkins1000 | ip=127.0.0.1 | op=READ_BUCKET {volume=volume38706, bucket=bucket79282} | ret=SUCCESS |  
2019-09-12 11:42:14,516 [IPC Server handler 2 on 41981] ERROR pipeline.PipelinePlacementPolicy (PipelinePlacementPolicy.java:meetCriteria(91)) - Pipeline Placement: Doesn't meet the criteria to be viable node. Heaviness: 6
2019-09-12 11:42:14,517 [IPC Server handler 2 on 41981] ERROR pipeline.PipelinePlacementPolicy (PipelinePlacementPolicy.java:meetCriteria(91)) - Pipeline Placement: Doesn't meet the criteria to be viable node. Heaviness: 6
2019-09-12 11:42:14,517 [IPC Server handler 2 on 41981] ERROR pipeline.PipelinePlacementPolicy (PipelinePlacementPolicy.java:meetCriteria(91)) - Pipeline Placement: Doesn't meet the criteria to be viable node. Heaviness: 6
2019-09-12 11:42:14,517 [IPC Server handler 2 on 41981] ERROR pipeline.PipelinePlacementPolicy (PipelinePlacementPolicy.java:filterViableNodes(146)) - Unable to find enough nodes that meet the criteria that cannot engage in more than 5 pipelines. Nodes required: 3 Found: 0, healthy nodes count inNodeManager: 3.
2019-09-12 11:42:14,517 [IPC Server handler 2 on 41981] ERROR pipeline.SCMPipelineManager (SCMPipelineManager.java:createPipeline(161)) - Pipeline creation failed due to exception: Unable to find enough nodes that meet the criteria that cannot engage in more than 5 pipelines. Nodes required: 3 Found: 0, healthy nodes count inNodeManager: 3.
2019-09-12 11:42:14,518 [IPC Server handler 2 on 41981] WARN  block.BlockManagerImpl (BlockManagerImpl.java:allocateBlock(192)) - Pipeline creation failed for type:RATIS factor:THREE. Retrying get pipelines call once.
org.apache.hadoop.hdds.scm.exceptions.SCMException: Unable to find enough nodes that meet the criteria that cannot engage in more than 5 pipelines. Nodes required: 3 Found: 0, healthy nodes count inNodeManager: 3.
	at org.apache.hadoop.hdds.scm.pipeline.PipelinePlacementPolicy.filterViableNodes(PipelinePlacementPolicy.java:147)
	at org.apache.hadoop.hdds.scm.pipeline.PipelinePlacementPolicy.chooseDatanodes(PipelinePlacementPolicy.java:170)
	at org.apache.hadoop.hdds.scm.pipeline.RatisPipelineProvider.create(RatisPipelineProvider.java:92)
	at org.apache.hadoop.hdds.scm.pipeline.PipelineFactory.create(PipelineFactory.java:57)
	at org.apache.hadoop.hdds.scm.pipeline.SCMPipelineManager.createPipeline(SCMPipelineManager.java:149)
	at org.apache.hadoop.hdds.scm.block.BlockManagerImpl.allocateBlock(BlockManagerImpl.java:190)
	at org.apache.hadoop.hdds.scm.server.SCMBlockProtocolServer.allocateBlock(SCMBlockProtocolServer.java:175)
	at org.apache.hadoop.ozone.protocolPB.ScmBlockLocationProtocolServerSideTranslatorPB.allocateScmBlock(ScmBlockLocationProtocolServerSideTranslatorPB.java:153)
	at org.apache.hadoop.ozone.protocolPB.ScmBlockLocationProtocolServerSideTranslatorPB.send(ScmBlockLocationProtocolServerSideTranslatorPB.java:112)
	at org.apache.hadoop.hdds.protocol.proto.ScmBlockLocationProtocolProtos$ScmBlockLocationProtocolService$2.callBlockingMethod(ScmBlockLocationProtocolProtos.java:13157)
	at org.apache.hadoop.ipc.ProtobufRpcEngine$Server$ProtoBufRpcInvoker.call(ProtobufRpcEngine.java:524)
	at org.apache.hadoop.ipc.RPC$Server.call(RPC.java:1025)
	at org.apache.hadoop.ipc.Server$RpcCall.run(Server.java:876)
	at org.apache.hadoop.ipc.Server$RpcCall.run(Server.java:822)
	at java.security.AccessController.doPrivileged(Native Method)
	at javax.security.auth.Subject.doAs(Subject.java:422)
	at org.apache.hadoop.security.UserGroupInformation.doAs(UserGroupInformation.java:1730)
	at org.apache.hadoop.ipc.Server$Handler.run(Server.java:2682)
2019-09-12 11:42:14,518 [IPC Server handler 2 on 41981] INFO  block.BlockManagerImpl (BlockManagerImpl.java:allocateBlock(198)) - Could not find available pipeline of type:RATIS and factor:THREE even after retrying
2019-09-12 11:42:14,519 [IPC Server handler 2 on 41981] ERROR block.BlockManagerImpl (BlockManagerImpl.java:allocateBlock(222)) - Unable to allocate a block for the size: 4194304, type: RATIS, factor: THREE
2019-09-12 11:42:14,519 | INFO  | SCMAudit | user=jenkins1000 | ip=192.168.157.195 | op=ALLOCATE_BLOCK {owner=7f331716-80f7-445c-8578-f2bfeedb0eac, size=4194304, type=RATIS, factor=THREE} | ret=SUCCESS |  
2019-09-12 11:42:14,520 | ERROR | OMAudit | user=jenkins1000 | ip=127.0.0.1 | op=CREATE_FILE {volume=volume38706, bucket=bucket79282, key=testListStatus/key1, dataSize=0, replicationType=RATIS, replicationFactor=THREE, keyLocationInfo=null} | ret=FAILURE | org.apache.hadoop.hdds.scm.exceptions.SCMException: Allocated 0 blocks. Requested 1 blocks
	at org.apache.hadoop.hdds.scm.protocolPB.ScmBlockLocationProtocolClientSideTranslatorPB.handleError(ScmBlockLocationProtocolClientSideTranslatorPB.java:118)
	at org.apache.hadoop.hdds.scm.protocolPB.ScmBlockLocationProtocolClientSideTranslatorPB.allocateBlock(ScmBlockLocationProtocolClientSideTranslatorPB.java:156) 
2019-09-12 11:42:14,521 [Thread-806] INFO  ozone.MiniOzoneClusterImpl (MiniOzoneClusterImpl.java:shutdown(321)) - Shutting down the Mini Ozone Cluster
2019-09-12 11:42:14,521 | INFO  | SCMAudit | user=null | ip=null | op=GET_SCM_INFO null | ret=SUCCESS |  
2019-09-12 11:42:14,522 [Thread-806] INFO  ozone.MiniOzoneClusterImpl (MiniOzoneClusterImpl.java:stop(336)) - Stopping the Mini Ozone Cluster
2019-09-12 11:42:14,522 [Thread-806] INFO  ozone.MiniOzoneClusterImpl (MiniOzoneClusterImpl.java:stop(338)) - Stopping the OzoneManager
2019-09-12 11:42:14,522 [Thread-806] INFO  ipc.Server (Server.java:stop(3082)) - Stopping server on 40308
2019-09-12 11:42:14,526 [IPC Server listener on 40308] INFO  ipc.Server (Server.java:run(1185)) - Stopping IPC Server listener on 40308
2019-09-12 11:42:14,526 [Thread-806] INFO  ratis.OzoneManagerDoubleBuffer (OzoneManagerDoubleBuffer.java:stop(248)) - Stopping OMDoubleBuffer flush thread
2019-09-12 11:42:14,526 [IPC Server Responder] INFO  ipc.Server (Server.java:run(1319)) - Stopping IPC Server Responder
2019-09-12 11:42:14,528 [OMDoubleBufferFlushThread] INFO  ratis.OzoneManagerDoubleBuffer (OzoneManagerDoubleBuffer.java:flushTransactions(191)) - OMDoubleBuffer flush thread OMDoubleBufferFlushThread is interrupted and will exit. OMDoubleBufferFlushThread
2019-09-12 11:42:14,529 [Thread-806] INFO  utils.BackgroundService (BackgroundService.java:shutdown(148)) - Shutting down service KeyDeletingService
2019-09-12 11:42:14,531 [Thread-806] INFO  handler.ContextHandler (ContextHandler.java:doStop(910)) - Stopped o.e.j.w.WebAppContext@6e3b6747{/,null,UNAVAILABLE}{/ozoneManager}
2019-09-12 11:42:14,531 [Thread-806] INFO  server.AbstractConnector (AbstractConnector.java:doStop(318)) - Stopped ServerConnector@7bd7150f{HTTP/1.1,[http/1.1]}{0.0.0.0:0}
2019-09-12 11:42:14,532 [Thread-806] INFO  handler.ContextHandler (ContextHandler.java:doStop(910)) - Stopped o.e.j.s.ServletContextHandler@424c93e5{/static,jar:file:/home/user/.m2/repository/org/apache/hadoop/hadoop-ozone-ozone-manager/0.5.0-SNAPSHOT/hadoop-ozone-ozone-manager-0.5.0-SNAPSHOT.jar!/webapps/static,UNAVAILABLE}
2019-09-12 11:42:14,532 [Thread-806] INFO  handler.ContextHandler (ContextHandler.java:doStop(910)) - Stopped o.e.j.s.ServletContextHandler@4d2547ed{/logs,file:///workdir/hadoop-ozone/ozonefs/target/log,UNAVAILABLE}
2019-09-12 11:42:14,535 [Thread-806] INFO  ozone.MiniOzoneClusterImpl (MiniOzoneClusterImpl.java:stop(344)) - Shutting the HddsDatanodes
2019-09-12 11:42:14,535 [Thread-806] INFO  datanode.ObjectStoreHandler (ObjectStoreHandler.java:close(155)) - Closing ObjectStoreHandler.
2019-09-12 11:42:14,535 [ForkJoinPool.commonPool-worker-1] INFO  datanode.ObjectStoreHandler (ObjectStoreHandler.java:close(155)) - Closing ObjectStoreHandler.
2019-09-12 11:42:14,536 [Thread-806] INFO  ozone.HddsDatanodeService (HddsDatanodeService.java:stop(451)) - Stopped plug-in org.apache.hadoop.ozone.web.OzoneHddsDatanodeService@565593f2
2019-09-12 11:42:14,536 [ForkJoinPool.commonPool-worker-1] INFO  ozone.HddsDatanodeService (HddsDatanodeService.java:stop(451)) - Stopped plug-in org.apache.hadoop.ozone.web.OzoneHddsDatanodeService@663c6dfe
2019-09-12 11:42:14,830 [Datanode State Machine Thread - 0] INFO  statemachine.DatanodeStateMachine (DatanodeStateMachine.java:lambda$startDaemon$0(350)) - Ozone container server started.
2019-09-12 11:42:15,008 [Datanode State Machine Thread - 0] INFO  statemachine.DatanodeStateMachine (DatanodeStateMachine.java:lambda$startDaemon$0(350)) - Ozone container server started.
2019-09-12 11:42:15,234 | INFO  | SCMAudit | user=jenkins1000 | ip=192.168.157.195 | op=SEND_HEARTBEAT {datanodeUUID=da2d6c50-3a54-44e9-82a6-2353152f6b4e, command=[]} | ret=SUCCESS |  
2019-09-12 11:42:15,840 [Thread-978] INFO  container.ReplicationManager (ReplicationManager.java:start(151)) - Starting Replication Monitor Thread.
2019-09-12 11:42:15,843 [ReplicationMonitor] INFO  container.ReplicationManager (ReplicationManager.java:run(214)) - Replication Monitor Thread took 0 milliseconds for processing 0 containers.
2019-09-12 11:42:16,234 | INFO  | SCMAudit | user=jenkins1000 | ip=192.168.157.195 | op=SEND_HEARTBEAT {datanodeUUID=da2d6c50-3a54-44e9-82a6-2353152f6b4e, command=[]} | ret=SUCCESS |  
2019-09-12 11:42:17,234 | INFO  | SCMAudit | user=jenkins1000 | ip=192.168.157.195 | op=SEND_HEARTBEAT {datanodeUUID=da2d6c50-3a54-44e9-82a6-2353152f6b4e, command=[]} | ret=SUCCESS |  
2019-09-12 11:42:17,949 [Thread-983] INFO  impl.FollowerState (FollowerState.java:run(106)) - a115745e-881a-487a-a400-83f63e770212:group-4BE23386C732 changes to CANDIDATE, lastRpcTime:5015, electionTimeout:5015ms
2019-09-12 11:42:17,949 [Thread-983] INFO  impl.RoleInfo (RoleInfo.java:shutdownFollowerState(121)) - a115745e-881a-487a-a400-83f63e770212: shutdown FollowerState
2019-09-12 11:42:17,949 [Thread-983] INFO  impl.RaftServerImpl (RaftServerImpl.java:setRole(171)) - a115745e-881a-487a-a400-83f63e770212:group-4BE23386C732 changes role from FOLLOWER to CANDIDATE at term 0 for changeToCandidate
2019-09-12 11:42:17,950 [Thread-983] INFO  impl.RoleInfo (RoleInfo.java:updateAndGet(143)) - a115745e-881a-487a-a400-83f63e770212: start LeaderElection
2019-09-12 11:42:17,985 [a115745e-881a-487a-a400-83f63e770212:group-4BE23386C732:LeaderElection55] INFO  impl.LeaderElection (LeaderElection.java:askForVotes(181)) - a115745e-881a-487a-a400-83f63e770212:group-4BE23386C732:LeaderElection55: begin an election at term 1 for -1: [a115745e-881a-487a-a400-83f63e770212:192.168.157.195:39450], old=null
2019-09-12 11:42:17,985 [a115745e-881a-487a-a400-83f63e770212:group-4BE23386C732:LeaderElection55] INFO  impl.RoleInfo (RoleInfo.java:shutdownLeaderElection(134)) - a115745e-881a-487a-a400-83f63e770212: shutdown LeaderElection
2019-09-12 11:42:17,985 [a115745e-881a-487a-a400-83f63e770212:group-4BE23386C732:LeaderElection55] INFO  impl.RaftServerImpl (RaftServerImpl.java:setRole(171)) - a115745e-881a-487a-a400-83f63e770212:group-4BE23386C732 changes role from CANDIDATE to LEADER at term 1 for changeToLeader
2019-09-12 11:42:17,986 [a115745e-881a-487a-a400-83f63e770212:group-4BE23386C732:LeaderElection55] INFO  impl.RaftServerImpl (ServerState.java:setLeader(263)) - a115745e-881a-487a-a400-83f63e770212:group-4BE23386C732 change Leader from null to a115745e-881a-487a-a400-83f63e770212 at term 1 for becomeLeader, leader elected after 5056ms
2019-09-12 11:42:17,986 [a115745e-881a-487a-a400-83f63e770212:group-4BE23386C732:LeaderElection55] INFO  server.RaftServerConfigKeys (ConfUtils.java:logGet(43)) - raft.server.staging.catchup.gap = 1000 (default)
2019-09-12 11:42:17,986 [a115745e-881a-487a-a400-83f63e770212:group-4BE23386C732:LeaderElection55] INFO  server.RaftServerConfigKeys (ConfUtils.java:logGet(43)) - raft.server.rpc.sleep.time = 25ms (default)
2019-09-12 11:42:17,986 [a115745e-881a-487a-a400-83f63e770212:group-4BE23386C732:LeaderElection55] INFO  server.RaftServerConfigKeys (ConfUtils.java:logGet(43)) - raft.server.write.element-limit = 4096 (default)
2019-09-12 11:42:17,987 [a115745e-881a-487a-a400-83f63e770212:group-4BE23386C732:LeaderElection55] INFO  server.RaftServerConfigKeys (ConfUtils.java:logGet(43)) - raft.server.watch.timeout = 10s (default)
2019-09-12 11:42:17,987 [a115745e-881a-487a-a400-83f63e770212:group-4BE23386C732:LeaderElection55] INFO  server.RaftServerConfigKeys (ConfUtils.java:logGet(43)) - raft.server.watch.timeout.denomination = 1s (default)
2019-09-12 11:42:17,987 [a115745e-881a-487a-a400-83f63e770212:group-4BE23386C732:LeaderElection55] INFO  server.RaftServerConfigKeys (ConfUtils.java:logGet(43)) - raft.server.watch.element-limit = 65536 (default)
2019-09-12 11:42:17,987 [a115745e-881a-487a-a400-83f63e770212:group-4BE23386C732:LeaderElection55] INFO  impl.RoleInfo (RoleInfo.java:updateAndGet(143)) - a115745e-881a-487a-a400-83f63e770212: start LeaderState
2019-09-12 11:42:17,988 [a115745e-881a-487a-a400-83f63e770212:group-4BE23386C732:LeaderElection55] INFO  segmented.SegmentedRaftLogWorker (SegmentedRaftLogWorker.java:startLogSegment(380)) - a115745e-881a-487a-a400-83f63e770212-SegmentedRaftLogWorker:Storage Directory /workdir/hadoop-ozone/ozonefs/target/test-dir/MiniOzoneClusterImpl-a0aea141-3c1c-4ab4-ba0c-769bf23ae178/datanode-0/data/ratis/c0d0cdc1-4ae5-4df5-8ba4-4be23386c732: Starting segment from index:0
2019-09-12 11:42:17,989 [a115745e-881a-487a-a400-83f63e770212:group-4BE23386C732:LeaderElection55] INFO  impl.RaftServerImpl (ServerState.java:setRaftConf(361)) - a115745e-881a-487a-a400-83f63e770212:group-4BE23386C732 set configuration 0: [a115745e-881a-487a-a400-83f63e770212:192.168.157.195:39450], old=null at 0
2019-09-12 11:42:18,007 [Thread-980] INFO  impl.FollowerState (FollowerState.java:run(106)) - a115745e-881a-487a-a400-83f63e770212:group-2E58215BB993 changes to CANDIDATE, lastRpcTime:5120, electionTimeout:5120ms
2019-09-12 11:42:18,007 [Thread-980] INFO  impl.RoleInfo (RoleInfo.java:shutdownFollowerState(121)) - a115745e-881a-487a-a400-83f63e770212: shutdown FollowerState
2019-09-12 11:42:18,007 [Thread-980] INFO  impl.RaftServerImpl (RaftServerImpl.java:setRole(171)) - a115745e-881a-487a-a400-83f63e770212:group-2E58215BB993 changes role from FOLLOWER to CANDIDATE at term 0 for changeToCandidate
2019-09-12 11:42:18,008 [Thread-980] INFO  impl.RoleInfo (RoleInfo.java:updateAndGet(143)) - a115745e-881a-487a-a400-83f63e770212: start LeaderElection
2019-09-12 11:42:18,038 [a115745e-881a-487a-a400-83f63e770212-SegmentedRaftLogWorker:Storage Directory /workdir/hadoop-ozone/ozonefs/target/test-dir/MiniOzoneClusterImpl-a0aea141-3c1c-4ab4-ba0c-769bf23ae178/datanode-0/data/ratis/c0d0cdc1-4ae5-4df5-8ba4-4be23386c732] INFO  segmented.SegmentedRaftLogWorker (SegmentedRaftLogWorker.java:execute(569)) - a115745e-881a-487a-a400-83f63e770212-SegmentedRaftLogWorker:Storage Directory /workdir/hadoop-ozone/ozonefs/target/test-dir/MiniOzoneClusterImpl-a0aea141-3c1c-4ab4-ba0c-769bf23ae178/datanode-0/data/ratis/c0d0cdc1-4ae5-4df5-8ba4-4be23386c732: created new log segment /workdir/hadoop-ozone/ozonefs/target/test-dir/MiniOzoneClusterImpl-a0aea141-3c1c-4ab4-ba0c-769bf23ae178/datanode-0/data/ratis/c0d0cdc1-4ae5-4df5-8ba4-4be23386c732/current/log_inprogress_0
2019-09-12 11:42:18,038 [a115745e-881a-487a-a400-83f63e770212:group-2E58215BB993:LeaderElection56] INFO  impl.LeaderElection (LeaderElection.java:askForVotes(181)) - a115745e-881a-487a-a400-83f63e770212:group-2E58215BB993:LeaderElection56: begin an election at term 1 for -1: [a115745e-881a-487a-a400-83f63e770212:192.168.157.195:39450], old=null
2019-09-12 11:42:18,039 [a115745e-881a-487a-a400-83f63e770212:group-2E58215BB993:LeaderElection56] INFO  impl.RoleInfo (RoleInfo.java:shutdownLeaderElection(134)) - a115745e-881a-487a-a400-83f63e770212: shutdown LeaderElection
2019-09-12 11:42:18,039 [a115745e-881a-487a-a400-83f63e770212:group-2E58215BB993:LeaderElection56] INFO  impl.RaftServerImpl (RaftServerImpl.java:setRole(171)) - a115745e-881a-487a-a400-83f63e770212:group-2E58215BB993 changes role from CANDIDATE to LEADER at term 1 for changeToLeader
2019-09-12 11:42:18,039 [a115745e-881a-487a-a400-83f63e770212:group-2E58215BB993:LeaderElection56] INFO  impl.RaftServerImpl (ServerState.java:setLeader(263)) - a115745e-881a-487a-a400-83f63e770212:group-2E58215BB993 change Leader from null to a115745e-881a-487a-a400-83f63e770212 at term 1 for becomeLeader, leader elected after 5157ms
2019-09-12 11:42:18,039 [a115745e-881a-487a-a400-83f63e770212:group-2E58215BB993:LeaderElection56] INFO  server.RaftServerConfigKeys (ConfUtils.java:logGet(43)) - raft.server.staging.catchup.gap = 1000 (default)
2019-09-12 11:42:18,039 [a115745e-881a-487a-a400-83f63e770212:group-2E58215BB993:LeaderElection56] INFO  server.RaftServerConfigKeys (ConfUtils.java:logGet(43)) - raft.server.rpc.sleep.time = 25ms (default)
2019-09-12 11:42:18,039 [a115745e-881a-487a-a400-83f63e770212:group-2E58215BB993:LeaderElection56] INFO  server.RaftServerConfigKeys (ConfUtils.java:logGet(43)) - raft.server.write.element-limit = 4096 (default)
2019-09-12 11:42:18,040 [a115745e-881a-487a-a400-83f63e770212:group-2E58215BB993:LeaderElection56] INFO  server.RaftServerConfigKeys (ConfUtils.java:logGet(43)) - raft.server.watch.timeout = 10s (default)
2019-09-12 11:42:18,040 [a115745e-881a-487a-a400-83f63e770212:group-2E58215BB993:LeaderElection56] INFO  server.RaftServerConfigKeys (ConfUtils.java:logGet(43)) - raft.server.watch.timeout.denomination = 1s (default)
2019-09-12 11:42:18,040 [a115745e-881a-487a-a400-83f63e770212:group-2E58215BB993:LeaderElection56] INFO  server.RaftServerConfigKeys (ConfUtils.java:logGet(43)) - raft.server.watch.element-limit = 65536 (default)
2019-09-12 11:42:18,040 [a115745e-881a-487a-a400-83f63e770212:group-2E58215BB993:LeaderElection56] INFO  impl.RoleInfo (RoleInfo.java:updateAndGet(143)) - a115745e-881a-487a-a400-83f63e770212: start LeaderState
2019-09-12 11:42:18,041 [a115745e-881a-487a-a400-83f63e770212:group-2E58215BB993:LeaderElection56] INFO  segmented.SegmentedRaftLogWorker (SegmentedRaftLogWorker.java:startLogSegment(380)) - a115745e-881a-487a-a400-83f63e770212-SegmentedRaftLogWorker:Storage Directory /workdir/hadoop-ozone/ozonefs/target/test-dir/MiniOzoneClusterImpl-a0aea141-3c1c-4ab4-ba0c-769bf23ae178/datanode-0/data/ratis/31c13aa0-77d2-46c0-9b21-2e58215bb993: Starting segment from index:0
2019-09-12 11:42:18,041 [a115745e-881a-487a-a400-83f63e770212:group-2E58215BB993:LeaderElection56] INFO  impl.RaftServerImpl (ServerState.java:setRaftConf(361)) - a115745e-881a-487a-a400-83f63e770212:group-2E58215BB993 set configuration 0: [a115745e-881a-487a-a400-83f63e770212:192.168.157.195:39450], old=null at 0
2019-09-12 11:42:18,063 [Thread-986] INFO  impl.FollowerState (FollowerState.java:run(106)) - a115745e-881a-487a-a400-83f63e770212:group-AF2884CE5C34 changes to CANDIDATE, lastRpcTime:5084, electionTimeout:5084ms
2019-09-12 11:42:18,063 [Thread-986] INFO  impl.RoleInfo (RoleInfo.java:shutdownFollowerState(121)) - a115745e-881a-487a-a400-83f63e770212: shutdown FollowerState
2019-09-12 11:42:18,063 [Thread-986] INFO  impl.RaftServerImpl (RaftServerImpl.java:setRole(171)) - a115745e-881a-487a-a400-83f63e770212:group-AF2884CE5C34 changes role from FOLLOWER to CANDIDATE at term 0 for changeToCandidate
2019-09-12 11:42:18,063 [Thread-986] INFO  impl.RoleInfo (RoleInfo.java:updateAndGet(143)) - a115745e-881a-487a-a400-83f63e770212: start LeaderElection
2019-09-12 11:42:18,093 [Thread-995] INFO  impl.FollowerState (FollowerState.java:run(106)) - a115745e-881a-487a-a400-83f63e770212:group-18A4738F44CC changes to CANDIDATE, lastRpcTime:5012, electionTimeout:5012ms
2019-09-12 11:42:18,093 [Thread-995] INFO  impl.RoleInfo (RoleInfo.java:shutdownFollowerState(121)) - a115745e-881a-487a-a400-83f63e770212: shutdown FollowerState
2019-09-12 11:42:18,093 [Thread-995] INFO  impl.RaftServerImpl (RaftServerImpl.java:setRole(171)) - a115745e-881a-487a-a400-83f63e770212:group-18A4738F44CC changes role from FOLLOWER to CANDIDATE at term 0 for changeToCandidate
2019-09-12 11:42:18,093 [Thread-995] INFO  impl.RoleInfo (RoleInfo.java:updateAndGet(143)) - a115745e-881a-487a-a400-83f63e770212: start LeaderElection
2019-09-12 11:42:18,105 [a115745e-881a-487a-a400-83f63e770212-SegmentedRaftLogWorker:Storage Directory /workdir/hadoop-ozone/ozonefs/target/test-dir/MiniOzoneClusterImpl-a0aea141-3c1c-4ab4-ba0c-769bf23ae178/datanode-0/data/ratis/31c13aa0-77d2-46c0-9b21-2e58215bb993] INFO  segmented.SegmentedRaftLogWorker (SegmentedRaftLogWorker.java:execute(569)) - a115745e-881a-487a-a400-83f63e770212-SegmentedRaftLogWorker:Storage Directory /workdir/hadoop-ozone/ozonefs/target/test-dir/MiniOzoneClusterImpl-a0aea141-3c1c-4ab4-ba0c-769bf23ae178/datanode-0/data/ratis/31c13aa0-77d2-46c0-9b21-2e58215bb993: created new log segment /workdir/hadoop-ozone/ozonefs/target/test-dir/MiniOzoneClusterImpl-a0aea141-3c1c-4ab4-ba0c-769bf23ae178/datanode-0/data/ratis/31c13aa0-77d2-46c0-9b21-2e58215bb993/current/log_inprogress_0
2019-09-12 11:42:18,105 [a115745e-881a-487a-a400-83f63e770212:group-18A4738F44CC:LeaderElection58] INFO  impl.LeaderElection (LeaderElection.java:askForVotes(181)) - a115745e-881a-487a-a400-83f63e770212:group-18A4738F44CC:LeaderElection58: begin an election at term 1 for -1: [a115745e-881a-487a-a400-83f63e770212:192.168.157.195:39450], old=null
2019-09-12 11:42:18,105 [a115745e-881a-487a-a400-83f63e770212:group-AF2884CE5C34:LeaderElection57] INFO  impl.LeaderElection (LeaderElection.java:askForVotes(181)) - a115745e-881a-487a-a400-83f63e770212:group-AF2884CE5C34:LeaderElection57: begin an election at term 1 for -1: [a115745e-881a-487a-a400-83f63e770212:192.168.157.195:39450], old=null
2019-09-12 11:42:18,105 [a115745e-881a-487a-a400-83f63e770212:group-18A4738F44CC:LeaderElection58] INFO  impl.RoleInfo (RoleInfo.java:shutdownLeaderElection(134)) - a115745e-881a-487a-a400-83f63e770212: shutdown LeaderElection
2019-09-12 11:42:18,105 [a115745e-881a-487a-a400-83f63e770212:group-AF2884CE5C34:LeaderElection57] INFO  impl.RoleInfo (RoleInfo.java:shutdownLeaderElection(134)) - a115745e-881a-487a-a400-83f63e770212: shutdown LeaderElection
2019-09-12 11:42:18,105 [a115745e-881a-487a-a400-83f63e770212:group-18A4738F44CC:LeaderElection58] INFO  impl.RaftServerImpl (RaftServerImpl.java:setRole(171)) - a115745e-881a-487a-a400-83f63e770212:group-18A4738F44CC changes role from CANDIDATE to LEADER at term 1 for changeToLeader
2019-09-12 11:42:18,106 [a115745e-881a-487a-a400-83f63e770212:group-AF2884CE5C34:LeaderElection57] INFO  impl.RaftServerImpl (RaftServerImpl.java:setRole(171)) - a115745e-881a-487a-a400-83f63e770212:group-AF2884CE5C34 changes role from CANDIDATE to LEADER at term 1 for changeToLeader
2019-09-12 11:42:18,106 [a115745e-881a-487a-a400-83f63e770212:group-18A4738F44CC:LeaderElection58] INFO  impl.RaftServerImpl (ServerState.java:setLeader(263)) - a115745e-881a-487a-a400-83f63e770212:group-18A4738F44CC change Leader from null to a115745e-881a-487a-a400-83f63e770212 at term 1 for becomeLeader, leader elected after 5028ms
2019-09-12 11:42:18,106 [a115745e-881a-487a-a400-83f63e770212:group-AF2884CE5C34:LeaderElection57] INFO  impl.RaftServerImpl (ServerState.java:setLeader(263)) - a115745e-881a-487a-a400-83f63e770212:group-AF2884CE5C34 change Leader from null to a115745e-881a-487a-a400-83f63e770212 at term 1 for becomeLeader, leader elected after 5131ms
2019-09-12 11:42:18,106 [a115745e-881a-487a-a400-83f63e770212:group-18A4738F44CC:LeaderElection58] INFO  server.RaftServerConfigKeys (ConfUtils.java:logGet(43)) - raft.server.staging.catchup.gap = 1000 (default)
2019-09-12 11:42:18,106 [a115745e-881a-487a-a400-83f63e770212:group-AF2884CE5C34:LeaderElection57] INFO  server.RaftServerConfigKeys (ConfUtils.java:logGet(43)) - raft.server.staging.catchup.gap = 1000 (default)
2019-09-12 11:42:18,106 [a115745e-881a-487a-a400-83f63e770212:group-18A4738F44CC:LeaderElection58] INFO  server.RaftServerConfigKeys (ConfUtils.java:logGet(43)) - raft.server.rpc.sleep.time = 25ms (default)
2019-09-12 11:42:18,106 [a115745e-881a-487a-a400-83f63e770212:group-AF2884CE5C34:LeaderElection57] INFO  server.RaftServerConfigKeys (ConfUtils.java:logGet(43)) - raft.server.rpc.sleep.time = 25ms (default)
2019-09-12 11:42:18,107 [a115745e-881a-487a-a400-83f63e770212:group-18A4738F44CC:LeaderElection58] INFO  server.RaftServerConfigKeys (ConfUtils.java:logGet(43)) - raft.server.write.element-limit = 4096 (default)
2019-09-12 11:42:18,107 [a115745e-881a-487a-a400-83f63e770212:group-AF2884CE5C34:LeaderElection57] INFO  server.RaftServerConfigKeys (ConfUtils.java:logGet(43)) - raft.server.write.element-limit = 4096 (default)
2019-09-12 11:42:18,107 [a115745e-881a-487a-a400-83f63e770212:group-18A4738F44CC:LeaderElection58] INFO  server.RaftServerConfigKeys (ConfUtils.java:logGet(43)) - raft.server.watch.timeout = 10s (default)
2019-09-12 11:42:18,107 [a115745e-881a-487a-a400-83f63e770212:group-AF2884CE5C34:LeaderElection57] INFO  server.RaftServerConfigKeys (ConfUtils.java:logGet(43)) - raft.server.watch.timeout = 10s (default)
2019-09-12 11:42:18,107 [a115745e-881a-487a-a400-83f63e770212:group-18A4738F44CC:LeaderElection58] INFO  server.RaftServerConfigKeys (ConfUtils.java:logGet(43)) - raft.server.watch.timeout.denomination = 1s (default)
2019-09-12 11:42:18,107 [a115745e-881a-487a-a400-83f63e770212:group-AF2884CE5C34:LeaderElection57] INFO  server.RaftServerConfigKeys (ConfUtils.java:logGet(43)) - raft.server.watch.timeout.denomination = 1s (default)
2019-09-12 11:42:18,107 [a115745e-881a-487a-a400-83f63e770212:group-18A4738F44CC:LeaderElection58] INFO  server.RaftServerConfigKeys (ConfUtils.java:logGet(43)) - raft.server.watch.element-limit = 65536 (default)
2019-09-12 11:42:18,108 [a115745e-881a-487a-a400-83f63e770212:group-AF2884CE5C34:LeaderElection57] INFO  server.RaftServerConfigKeys (ConfUtils.java:logGet(43)) - raft.server.watch.element-limit = 65536 (default)
2019-09-12 11:42:18,108 [a115745e-881a-487a-a400-83f63e770212:group-18A4738F44CC:LeaderElection58] INFO  impl.RoleInfo (RoleInfo.java:updateAndGet(143)) - a115745e-881a-487a-a400-83f63e770212: start LeaderState
2019-09-12 11:42:18,108 [a115745e-881a-487a-a400-83f63e770212:group-AF2884CE5C34:LeaderElection57] INFO  impl.RoleInfo (RoleInfo.java:updateAndGet(143)) - a115745e-881a-487a-a400-83f63e770212: start LeaderState
2019-09-12 11:42:18,108 [a115745e-881a-487a-a400-83f63e770212:group-18A4738F44CC:LeaderElection58] INFO  segmented.SegmentedRaftLogWorker (SegmentedRaftLogWorker.java:startLogSegment(380)) - a115745e-881a-487a-a400-83f63e770212-SegmentedRaftLogWorker:Storage Directory /workdir/hadoop-ozone/ozonefs/target/test-dir/MiniOzoneClusterImpl-a0aea141-3c1c-4ab4-ba0c-769bf23ae178/datanode-0/data/ratis/4b3ba4e9-a261-42e9-8770-18a4738f44cc: Starting segment from index:0
2019-09-12 11:42:18,108 [a115745e-881a-487a-a400-83f63e770212:group-AF2884CE5C34:LeaderElection57] INFO  segmented.SegmentedRaftLogWorker (SegmentedRaftLogWorker.java:startLogSegment(380)) - a115745e-881a-487a-a400-83f63e770212-SegmentedRaftLogWorker:Storage Directory /workdir/hadoop-ozone/ozonefs/target/test-dir/MiniOzoneClusterImpl-a0aea141-3c1c-4ab4-ba0c-769bf23ae178/datanode-0/data/ratis/ea03e228-9ff9-4820-ab37-af2884ce5c34: Starting segment from index:0
2019-09-12 11:42:18,109 [a115745e-881a-487a-a400-83f63e770212:group-18A4738F44CC:LeaderElection58] INFO  impl.RaftServerImpl (ServerState.java:setRaftConf(361)) - a115745e-881a-487a-a400-83f63e770212:group-18A4738F44CC set configuration 0: [a115745e-881a-487a-a400-83f63e770212:192.168.157.195:39450], old=null at 0
2019-09-12 11:42:18,109 [a115745e-881a-487a-a400-83f63e770212:group-AF2884CE5C34:LeaderElection57] INFO  impl.RaftServerImpl (ServerState.java:setRaftConf(361)) - a115745e-881a-487a-a400-83f63e770212:group-AF2884CE5C34 set configuration 0: [a115745e-881a-487a-a400-83f63e770212:192.168.157.195:39450], old=null at 0
2019-09-12 11:42:18,145 [Thread-989] INFO  impl.FollowerState (FollowerState.java:run(106)) - a115745e-881a-487a-a400-83f63e770212:group-2603E46C2602 changes to CANDIDATE, lastRpcTime:5124, electionTimeout:5124ms
2019-09-12 11:42:18,146 [Thread-989] INFO  impl.RoleInfo (RoleInfo.java:shutdownFollowerState(121)) - a115745e-881a-487a-a400-83f63e770212: shutdown FollowerState
2019-09-12 11:42:18,146 [Thread-989] INFO  impl.RaftServerImpl (RaftServerImpl.java:setRole(171)) - a115745e-881a-487a-a400-83f63e770212:group-2603E46C2602 changes role from FOLLOWER to CANDIDATE at term 0 for changeToCandidate
2019-09-12 11:42:18,146 [Thread-989] INFO  impl.RoleInfo (RoleInfo.java:updateAndGet(143)) - a115745e-881a-487a-a400-83f63e770212: start LeaderElection
2019-09-12 11:42:18,156 [Thread-1004] INFO  impl.FollowerState (FollowerState.java:run(106)) - 285e09b6-1e55-467e-a3cd-85fa996e047e:group-DEDB90C207B2 changes to CANDIDATE, lastRpcTime:5021, electionTimeout:5021ms
2019-09-12 11:42:18,156 [Thread-1004] INFO  impl.RoleInfo (RoleInfo.java:shutdownFollowerState(121)) - 285e09b6-1e55-467e-a3cd-85fa996e047e: shutdown FollowerState
2019-09-12 11:42:18,156 [Thread-1004] INFO  impl.RaftServerImpl (RaftServerImpl.java:setRole(171)) - 285e09b6-1e55-467e-a3cd-85fa996e047e:group-DEDB90C207B2 changes role from FOLLOWER to CANDIDATE at term 0 for changeToCandidate
2019-09-12 11:42:18,156 [Thread-1004] INFO  impl.RoleInfo (RoleInfo.java:updateAndGet(143)) - 285e09b6-1e55-467e-a3cd-85fa996e047e: start LeaderElection
2019-09-12 11:42:18,160 [Thread-998] INFO  impl.FollowerState (FollowerState.java:run(106)) - 285e09b6-1e55-467e-a3cd-85fa996e047e:group-7EFDA6A10DF8 changes to CANDIDATE, lastRpcTime:5059, electionTimeout:5059ms
2019-09-12 11:42:18,160 [Thread-998] INFO  impl.RoleInfo (RoleInfo.java:shutdownFollowerState(121)) - 285e09b6-1e55-467e-a3cd-85fa996e047e: shutdown FollowerState
2019-09-12 11:42:18,160 [Thread-998] INFO  impl.RaftServerImpl (RaftServerImpl.java:setRole(171)) - 285e09b6-1e55-467e-a3cd-85fa996e047e:group-7EFDA6A10DF8 changes role from FOLLOWER to CANDIDATE at term 0 for changeToCandidate
2019-09-12 11:42:18,160 [Thread-998] INFO  impl.RoleInfo (RoleInfo.java:updateAndGet(143)) - 285e09b6-1e55-467e-a3cd-85fa996e047e: start LeaderElection
2019-09-12 11:42:18,165 [a115745e-881a-487a-a400-83f63e770212-SegmentedRaftLogWorker:Storage Directory /workdir/hadoop-ozone/ozonefs/target/test-dir/MiniOzoneClusterImpl-a0aea141-3c1c-4ab4-ba0c-769bf23ae178/datanode-0/data/ratis/4b3ba4e9-a261-42e9-8770-18a4738f44cc] INFO  segmented.SegmentedRaftLogWorker (SegmentedRaftLogWorker.java:execute(569)) - a115745e-881a-487a-a400-83f63e770212-SegmentedRaftLogWorker:Storage Directory /workdir/hadoop-ozone/ozonefs/target/test-dir/MiniOzoneClusterImpl-a0aea141-3c1c-4ab4-ba0c-769bf23ae178/datanode-0/data/ratis/4b3ba4e9-a261-42e9-8770-18a4738f44cc: created new log segment /workdir/hadoop-ozone/ozonefs/target/test-dir/MiniOzoneClusterImpl-a0aea141-3c1c-4ab4-ba0c-769bf23ae178/datanode-0/data/ratis/4b3ba4e9-a261-42e9-8770-18a4738f44cc/current/log_inprogress_0
2019-09-12 11:42:18,165 [a115745e-881a-487a-a400-83f63e770212:group-2603E46C2602:LeaderElection59] INFO  impl.LeaderElection (LeaderElection.java:askForVotes(181)) - a115745e-881a-487a-a400-83f63e770212:group-2603E46C2602:LeaderElection59: begin an election at term 1 for -1: [a115745e-881a-487a-a400-83f63e770212:192.168.157.195:39450], old=null
2019-09-12 11:42:18,165 [285e09b6-1e55-467e-a3cd-85fa996e047e:group-DEDB90C207B2:LeaderElection60] INFO  impl.LeaderElection (LeaderElection.java:askForVotes(181)) - 285e09b6-1e55-467e-a3cd-85fa996e047e:group-DEDB90C207B2:LeaderElection60: begin an election at term 1 for -1: [285e09b6-1e55-467e-a3cd-85fa996e047e:192.168.157.195:35649], old=null
2019-09-12 11:42:18,165 [a115745e-881a-487a-a400-83f63e770212-SegmentedRaftLogWorker:Storage Directory /workdir/hadoop-ozone/ozonefs/target/test-dir/MiniOzoneClusterImpl-a0aea141-3c1c-4ab4-ba0c-769bf23ae178/datanode-0/data/ratis/ea03e228-9ff9-4820-ab37-af2884ce5c34] INFO  segmented.SegmentedRaftLogWorker (SegmentedRaftLogWorker.java:execute(569)) - a115745e-881a-487a-a400-83f63e770212-SegmentedRaftLogWorker:Storage Directory /workdir/hadoop-ozone/ozonefs/target/test-dir/MiniOzoneClusterImpl-a0aea141-3c1c-4ab4-ba0c-769bf23ae178/datanode-0/data/ratis/ea03e228-9ff9-4820-ab37-af2884ce5c34: created new log segment /workdir/hadoop-ozone/ozonefs/target/test-dir/MiniOzoneClusterImpl-a0aea141-3c1c-4ab4-ba0c-769bf23ae178/datanode-0/data/ratis/ea03e228-9ff9-4820-ab37-af2884ce5c34/current/log_inprogress_0
2019-09-12 11:42:18,165 [285e09b6-1e55-467e-a3cd-85fa996e047e:group-DEDB90C207B2:LeaderElection60] INFO  impl.RoleInfo (RoleInfo.java:shutdownLeaderElection(134)) - 285e09b6-1e55-467e-a3cd-85fa996e047e: shutdown LeaderElection
2019-09-12 11:42:18,165 [a115745e-881a-487a-a400-83f63e770212:group-2603E46C2602:LeaderElection59] INFO  impl.RoleInfo (RoleInfo.java:shutdownLeaderElection(134)) - a115745e-881a-487a-a400-83f63e770212: shutdown LeaderElection
2019-09-12 11:42:18,166 [285e09b6-1e55-467e-a3cd-85fa996e047e:group-DEDB90C207B2:LeaderElection60] INFO  impl.RaftServerImpl (RaftServerImpl.java:setRole(171)) - 285e09b6-1e55-467e-a3cd-85fa996e047e:group-DEDB90C207B2 changes role from CANDIDATE to LEADER at term 1 for changeToLeader
2019-09-12 11:42:18,166 [a115745e-881a-487a-a400-83f63e770212:group-2603E46C2602:LeaderElection59] INFO  impl.RaftServerImpl (RaftServerImpl.java:setRole(171)) - a115745e-881a-487a-a400-83f63e770212:group-2603E46C2602 changes role from CANDIDATE to LEADER at term 1 for changeToLeader
2019-09-12 11:42:18,166 [285e09b6-1e55-467e-a3cd-85fa996e047e:group-DEDB90C207B2:LeaderElection60] INFO  impl.RaftServerImpl (ServerState.java:setLeader(263)) - 285e09b6-1e55-467e-a3cd-85fa996e047e:group-DEDB90C207B2 change Leader from null to 285e09b6-1e55-467e-a3cd-85fa996e047e at term 1 for becomeLeader, leader elected after 5033ms
2019-09-12 11:42:18,166 [a115745e-881a-487a-a400-83f63e770212:group-2603E46C2602:LeaderElection59] INFO  impl.RaftServerImpl (ServerState.java:setLeader(263)) - a115745e-881a-487a-a400-83f63e770212:group-2603E46C2602 change Leader from null to a115745e-881a-487a-a400-83f63e770212 at term 1 for becomeLeader, leader elected after 5148ms
2019-09-12 11:42:18,166 [285e09b6-1e55-467e-a3cd-85fa996e047e:group-DEDB90C207B2:LeaderElection60] INFO  server.RaftServerConfigKeys (ConfUtils.java:logGet(43)) - raft.server.staging.catchup.gap = 1000 (default)
2019-09-12 11:42:18,166 [a115745e-881a-487a-a400-83f63e770212:group-2603E46C2602:LeaderElection59] INFO  server.RaftServerConfigKeys (ConfUtils.java:logGet(43)) - raft.server.staging.catchup.gap = 1000 (default)
2019-09-12 11:42:18,167 [285e09b6-1e55-467e-a3cd-85fa996e047e:group-DEDB90C207B2:LeaderElection60] INFO  server.RaftServerConfigKeys (ConfUtils.java:logGet(43)) - raft.server.rpc.sleep.time = 25ms (default)
2019-09-12 11:42:18,167 [a115745e-881a-487a-a400-83f63e770212:group-2603E46C2602:LeaderElection59] INFO  server.RaftServerConfigKeys (ConfUtils.java:logGet(43)) - raft.server.rpc.sleep.time = 25ms (default)
2019-09-12 11:42:18,167 [285e09b6-1e55-467e-a3cd-85fa996e047e:group-DEDB90C207B2:LeaderElection60] INFO  server.RaftServerConfigKeys (ConfUtils.java:logGet(43)) - raft.server.write.element-limit = 4096 (default)
2019-09-12 11:42:18,167 [a115745e-881a-487a-a400-83f63e770212:group-2603E46C2602:LeaderElection59] INFO  server.RaftServerConfigKeys (ConfUtils.java:logGet(43)) - raft.server.write.element-limit = 4096 (default)
2019-09-12 11:42:18,167 [285e09b6-1e55-467e-a3cd-85fa996e047e:group-DEDB90C207B2:LeaderElection60] INFO  server.RaftServerConfigKeys (ConfUtils.java:logGet(43)) - raft.server.watch.timeout = 10s (default)
2019-09-12 11:42:18,167 [a115745e-881a-487a-a400-83f63e770212:group-2603E46C2602:LeaderElection59] INFO  server.RaftServerConfigKeys (ConfUtils.java:logGet(43)) - raft.server.watch.timeout = 10s (default)
2019-09-12 11:42:18,167 [285e09b6-1e55-467e-a3cd-85fa996e047e:group-DEDB90C207B2:LeaderElection60] INFO  server.RaftServerConfigKeys (ConfUtils.java:logGet(43)) - raft.server.watch.timeout.denomination = 1s (default)
2019-09-12 11:42:18,168 [a115745e-881a-487a-a400-83f63e770212:group-2603E46C2602:LeaderElection59] INFO  server.RaftServerConfigKeys (ConfUtils.java:logGet(43)) - raft.server.watch.timeout.denomination = 1s (default)
2019-09-12 11:42:18,168 [285e09b6-1e55-467e-a3cd-85fa996e047e:group-DEDB90C207B2:LeaderElection60] INFO  server.RaftServerConfigKeys (ConfUtils.java:logGet(43)) - raft.server.watch.element-limit = 65536 (default)
2019-09-12 11:42:18,168 [a115745e-881a-487a-a400-83f63e770212:group-2603E46C2602:LeaderElection59] INFO  server.RaftServerConfigKeys (ConfUtils.java:logGet(43)) - raft.server.watch.element-limit = 65536 (default)
2019-09-12 11:42:18,168 [285e09b6-1e55-467e-a3cd-85fa996e047e:group-DEDB90C207B2:LeaderElection60] INFO  impl.RoleInfo (RoleInfo.java:updateAndGet(143)) - 285e09b6-1e55-467e-a3cd-85fa996e047e: start LeaderState
2019-09-12 11:42:18,168 [a115745e-881a-487a-a400-83f63e770212:group-2603E46C2602:LeaderElection59] INFO  impl.RoleInfo (RoleInfo.java:updateAndGet(143)) - a115745e-881a-487a-a400-83f63e770212: start LeaderState
2019-09-12 11:42:18,168 [285e09b6-1e55-467e-a3cd-85fa996e047e:group-DEDB90C207B2:LeaderElection60] INFO  segmented.SegmentedRaftLogWorker (SegmentedRaftLogWorker.java:startLogSegment(380)) - 285e09b6-1e55-467e-a3cd-85fa996e047e-SegmentedRaftLogWorker:Storage Directory /workdir/hadoop-ozone/ozonefs/target/test-dir/MiniOzoneClusterImpl-a0aea141-3c1c-4ab4-ba0c-769bf23ae178/datanode-1/data/ratis/7e01dc84-e8cb-4621-b8f3-dedb90c207b2: Starting segment from index:0
2019-09-12 11:42:18,168 [a115745e-881a-487a-a400-83f63e770212:group-2603E46C2602:LeaderElection59] INFO  segmented.SegmentedRaftLogWorker (SegmentedRaftLogWorker.java:startLogSegment(380)) - a115745e-881a-487a-a400-83f63e770212-SegmentedRaftLogWorker:Storage Directory /workdir/hadoop-ozone/ozonefs/target/test-dir/MiniOzoneClusterImpl-a0aea141-3c1c-4ab4-ba0c-769bf23ae178/datanode-0/data/ratis/8bbdd4d9-3361-47b9-b649-2603e46c2602: Starting segment from index:0
2019-09-12 11:42:18,169 [285e09b6-1e55-467e-a3cd-85fa996e047e:group-DEDB90C207B2:LeaderElection60] INFO  impl.RaftServerImpl (ServerState.java:setRaftConf(361)) - 285e09b6-1e55-467e-a3cd-85fa996e047e:group-DEDB90C207B2 set configuration 0: [285e09b6-1e55-467e-a3cd-85fa996e047e:192.168.157.195:35649], old=null at 0
2019-09-12 11:42:18,169 [a115745e-881a-487a-a400-83f63e770212:group-2603E46C2602:LeaderElection59] INFO  impl.RaftServerImpl (ServerState.java:setRaftConf(361)) - a115745e-881a-487a-a400-83f63e770212:group-2603E46C2602 set configuration 0: [a115745e-881a-487a-a400-83f63e770212:192.168.157.195:39450], old=null at 0
2019-09-12 11:42:18,179 [285e09b6-1e55-467e-a3cd-85fa996e047e:group-7EFDA6A10DF8:LeaderElection61] INFO  impl.LeaderElection (LeaderElection.java:askForVotes(181)) - 285e09b6-1e55-467e-a3cd-85fa996e047e:group-7EFDA6A10DF8:LeaderElection61: begin an election at term 1 for -1: [285e09b6-1e55-467e-a3cd-85fa996e047e:192.168.157.195:35649], old=null
2019-09-12 11:42:18,179 [285e09b6-1e55-467e-a3cd-85fa996e047e:group-7EFDA6A10DF8:LeaderElection61] INFO  impl.RoleInfo (RoleInfo.java:shutdownLeaderElection(134)) - 285e09b6-1e55-467e-a3cd-85fa996e047e: shutdown LeaderElection
2019-09-12 11:42:18,179 [285e09b6-1e55-467e-a3cd-85fa996e047e:group-7EFDA6A10DF8:LeaderElection61] INFO  impl.RaftServerImpl (RaftServerImpl.java:setRole(171)) - 285e09b6-1e55-467e-a3cd-85fa996e047e:group-7EFDA6A10DF8 changes role from CANDIDATE to LEADER at term 1 for changeToLeader
2019-09-12 11:42:18,179 [285e09b6-1e55-467e-a3cd-85fa996e047e:group-7EFDA6A10DF8:LeaderElection61] INFO  impl.RaftServerImpl (ServerState.java:setLeader(263)) - 285e09b6-1e55-467e-a3cd-85fa996e047e:group-7EFDA6A10DF8 change Leader from null to 285e09b6-1e55-467e-a3cd-85fa996e047e at term 1 for becomeLeader, leader elected after 5082ms
2019-09-12 11:42:18,179 [285e09b6-1e55-467e-a3cd-85fa996e047e:group-7EFDA6A10DF8:LeaderElection61] INFO  server.RaftServerConfigKeys (ConfUtils.java:logGet(43)) - raft.server.staging.catchup.gap = 1000 (default)
2019-09-12 11:42:18,179 [285e09b6-1e55-467e-a3cd-85fa996e047e:group-7EFDA6A10DF8:LeaderElection61] INFO  server.RaftServerConfigKeys (ConfUtils.java:logGet(43)) - raft.server.rpc.sleep.time = 25ms (default)
2019-09-12 11:42:18,180 [285e09b6-1e55-467e-a3cd-85fa996e047e:group-7EFDA6A10DF8:LeaderElection61] INFO  server.RaftServerConfigKeys (ConfUtils.java:logGet(43)) - raft.server.write.element-limit = 4096 (default)
2019-09-12 11:42:18,180 [285e09b6-1e55-467e-a3cd-85fa996e047e:group-7EFDA6A10DF8:LeaderElection61] INFO  server.RaftServerConfigKeys (ConfUtils.java:logGet(43)) - raft.server.watch.timeout = 10s (default)
2019-09-12 11:42:18,180 [285e09b6-1e55-467e-a3cd-85fa996e047e:group-7EFDA6A10DF8:LeaderElection61] INFO  server.RaftServerConfigKeys (ConfUtils.java:logGet(43)) - raft.server.watch.timeout.denomination = 1s (default)
2019-09-12 11:42:18,180 [285e09b6-1e55-467e-a3cd-85fa996e047e:group-7EFDA6A10DF8:LeaderElection61] INFO  server.RaftServerConfigKeys (ConfUtils.java:logGet(43)) - raft.server.watch.element-limit = 65536 (default)
2019-09-12 11:42:18,180 [285e09b6-1e55-467e-a3cd-85fa996e047e:group-7EFDA6A10DF8:LeaderElection61] INFO  impl.RoleInfo (RoleInfo.java:updateAndGet(143)) - 285e09b6-1e55-467e-a3cd-85fa996e047e: start LeaderState
2019-09-12 11:42:18,180 [285e09b6-1e55-467e-a3cd-85fa996e047e:group-7EFDA6A10DF8:LeaderElection61] INFO  segmented.SegmentedRaftLogWorker (SegmentedRaftLogWorker.java:startLogSegment(380)) - 285e09b6-1e55-467e-a3cd-85fa996e047e-SegmentedRaftLogWorker:Storage Directory /workdir/hadoop-ozone/ozonefs/target/test-dir/MiniOzoneClusterImpl-a0aea141-3c1c-4ab4-ba0c-769bf23ae178/datanode-1/data/ratis/2759f3d7-af0f-4451-b850-7efda6a10df8: Starting segment from index:0
2019-09-12 11:42:18,181 [285e09b6-1e55-467e-a3cd-85fa996e047e:group-7EFDA6A10DF8:LeaderElection61] INFO  impl.RaftServerImpl (ServerState.java:setRaftConf(361)) - 285e09b6-1e55-467e-a3cd-85fa996e047e:group-7EFDA6A10DF8 set configuration 0: [285e09b6-1e55-467e-a3cd-85fa996e047e:192.168.157.195:35649], old=null at 0
2019-09-12 11:42:18,192 [Thread-1007] INFO  impl.FollowerState (FollowerState.java:run(106)) - 285e09b6-1e55-467e-a3cd-85fa996e047e:group-9DC8A45EBAAC changes to CANDIDATE, lastRpcTime:5020, electionTimeout:5020ms
2019-09-12 11:42:18,192 [Thread-1007] INFO  impl.RoleInfo (RoleInfo.java:shutdownFollowerState(121)) - 285e09b6-1e55-467e-a3cd-85fa996e047e: shutdown FollowerState
2019-09-12 11:42:18,192 [Thread-1007] INFO  impl.RaftServerImpl (RaftServerImpl.java:setRole(171)) - 285e09b6-1e55-467e-a3cd-85fa996e047e:group-9DC8A45EBAAC changes role from FOLLOWER to CANDIDATE at term 0 for changeToCandidate
2019-09-12 11:42:18,192 [Thread-1007] INFO  impl.RoleInfo (RoleInfo.java:updateAndGet(143)) - 285e09b6-1e55-467e-a3cd-85fa996e047e: start LeaderElection
2019-09-12 11:42:18,223 [Thread-1001] INFO  impl.FollowerState (FollowerState.java:run(106)) - 285e09b6-1e55-467e-a3cd-85fa996e047e:group-DF9372B108CF changes to CANDIDATE, lastRpcTime:5105, electionTimeout:5094ms
2019-09-12 11:42:18,223 [Thread-1001] INFO  impl.RoleInfo (RoleInfo.java:shutdownFollowerState(121)) - 285e09b6-1e55-467e-a3cd-85fa996e047e: shutdown FollowerState
2019-09-12 11:42:18,223 [Thread-1001] INFO  impl.RaftServerImpl (RaftServerImpl.java:setRole(171)) - 285e09b6-1e55-467e-a3cd-85fa996e047e:group-DF9372B108CF changes role from FOLLOWER to CANDIDATE at term 0 for changeToCandidate
2019-09-12 11:42:18,224 [Thread-1001] INFO  impl.RoleInfo (RoleInfo.java:updateAndGet(143)) - 285e09b6-1e55-467e-a3cd-85fa996e047e: start LeaderElection
2019-09-12 11:42:18,233 | INFO  | SCMAudit | user=jenkins1000 | ip=192.168.157.195 | op=SEND_HEARTBEAT {datanodeUUID=da2d6c50-3a54-44e9-82a6-2353152f6b4e, command=[]} | ret=SUCCESS |  
2019-09-12 11:42:18,247 [285e09b6-1e55-467e-a3cd-85fa996e047e-SegmentedRaftLogWorker:Storage Directory /workdir/hadoop-ozone/ozonefs/target/test-dir/MiniOzoneClusterImpl-a0aea141-3c1c-4ab4-ba0c-769bf23ae178/datanode-1/data/ratis/2759f3d7-af0f-4451-b850-7efda6a10df8] INFO  segmented.SegmentedRaftLogWorker (SegmentedRaftLogWorker.java:execute(569)) - 285e09b6-1e55-467e-a3cd-85fa996e047e-SegmentedRaftLogWorker:Storage Directory /workdir/hadoop-ozone/ozonefs/target/test-dir/MiniOzoneClusterImpl-a0aea141-3c1c-4ab4-ba0c-769bf23ae178/datanode-1/data/ratis/2759f3d7-af0f-4451-b850-7efda6a10df8: created new log segment /workdir/hadoop-ozone/ozonefs/target/test-dir/MiniOzoneClusterImpl-a0aea141-3c1c-4ab4-ba0c-769bf23ae178/datanode-1/data/ratis/2759f3d7-af0f-4451-b850-7efda6a10df8/current/log_inprogress_0
2019-09-12 11:42:18,247 [a115745e-881a-487a-a400-83f63e770212-SegmentedRaftLogWorker:Storage Directory /workdir/hadoop-ozone/ozonefs/target/test-dir/MiniOzoneClusterImpl-a0aea141-3c1c-4ab4-ba0c-769bf23ae178/datanode-0/data/ratis/8bbdd4d9-3361-47b9-b649-2603e46c2602] INFO  segmented.SegmentedRaftLogWorker (SegmentedRaftLogWorker.java:execute(569)) - a115745e-881a-487a-a400-83f63e770212-SegmentedRaftLogWorker:Storage Directory /workdir/hadoop-ozone/ozonefs/target/test-dir/MiniOzoneClusterImpl-a0aea141-3c1c-4ab4-ba0c-769bf23ae178/datanode-0/data/ratis/8bbdd4d9-3361-47b9-b649-2603e46c2602: created new log segment /workdir/hadoop-ozone/ozonefs/target/test-dir/MiniOzoneClusterImpl-a0aea141-3c1c-4ab4-ba0c-769bf23ae178/datanode-0/data/ratis/8bbdd4d9-3361-47b9-b649-2603e46c2602/current/log_inprogress_0
2019-09-12 11:42:18,248 [285e09b6-1e55-467e-a3cd-85fa996e047e:group-DF9372B108CF:LeaderElection63] INFO  impl.LeaderElection (LeaderElection.java:askForVotes(181)) - 285e09b6-1e55-467e-a3cd-85fa996e047e:group-DF9372B108CF:LeaderElection63: begin an election at term 1 for -1: [285e09b6-1e55-467e-a3cd-85fa996e047e:192.168.157.195:35649], old=null
2019-09-12 11:42:18,247 [285e09b6-1e55-467e-a3cd-85fa996e047e:group-9DC8A45EBAAC:LeaderElection62] INFO  impl.LeaderElection (LeaderElection.java:askForVotes(181)) - 285e09b6-1e55-467e-a3cd-85fa996e047e:group-9DC8A45EBAAC:LeaderElection62: begin an election at term 1 for -1: [285e09b6-1e55-467e-a3cd-85fa996e047e:192.168.157.195:35649], old=null
2019-09-12 11:42:18,247 [285e09b6-1e55-467e-a3cd-85fa996e047e-SegmentedRaftLogWorker:Storage Directory /workdir/hadoop-ozone/ozonefs/target/test-dir/MiniOzoneClusterImpl-a0aea141-3c1c-4ab4-ba0c-769bf23ae178/datanode-1/data/ratis/7e01dc84-e8cb-4621-b8f3-dedb90c207b2] INFO  segmented.SegmentedRaftLogWorker (SegmentedRaftLogWorker.java:execute(569)) - 285e09b6-1e55-467e-a3cd-85fa996e047e-SegmentedRaftLogWorker:Storage Directory /workdir/hadoop-ozone/ozonefs/target/test-dir/MiniOzoneClusterImpl-a0aea141-3c1c-4ab4-ba0c-769bf23ae178/datanode-1/data/ratis/7e01dc84-e8cb-4621-b8f3-dedb90c207b2: created new log segment /workdir/hadoop-ozone/ozonefs/target/test-dir/MiniOzoneClusterImpl-a0aea141-3c1c-4ab4-ba0c-769bf23ae178/datanode-1/data/ratis/7e01dc84-e8cb-4621-b8f3-dedb90c207b2/current/log_inprogress_0
2019-09-12 11:42:18,248 [285e09b6-1e55-467e-a3cd-85fa996e047e:group-9DC8A45EBAAC:LeaderElection62] INFO  impl.RoleInfo (RoleInfo.java:shutdownLeaderElection(134)) - 285e09b6-1e55-467e-a3cd-85fa996e047e: shutdown LeaderElection
2019-09-12 11:42:18,248 [285e09b6-1e55-467e-a3cd-85fa996e047e:group-DF9372B108CF:LeaderElection63] INFO  impl.RoleInfo (RoleInfo.java:shutdownLeaderElection(134)) - 285e09b6-1e55-467e-a3cd-85fa996e047e: shutdown LeaderElection
2019-09-12 11:42:18,248 [285e09b6-1e55-467e-a3cd-85fa996e047e:group-9DC8A45EBAAC:LeaderElection62] INFO  impl.RaftServerImpl (RaftServerImpl.java:setRole(171)) - 285e09b6-1e55-467e-a3cd-85fa996e047e:group-9DC8A45EBAAC changes role from CANDIDATE to LEADER at term 1 for changeToLeader
2019-09-12 11:42:18,249 [285e09b6-1e55-467e-a3cd-85fa996e047e:group-DF9372B108CF:LeaderElection63] INFO  impl.RaftServerImpl (RaftServerImpl.java:setRole(171)) - 285e09b6-1e55-467e-a3cd-85fa996e047e:group-DF9372B108CF changes role from CANDIDATE to LEADER at term 1 for changeToLeader
2019-09-12 11:42:18,249 [285e09b6-1e55-467e-a3cd-85fa996e047e:group-9DC8A45EBAAC:LeaderElection62] INFO  impl.RaftServerImpl (ServerState.java:setLeader(263)) - 285e09b6-1e55-467e-a3cd-85fa996e047e:group-9DC8A45EBAAC change Leader from null to 285e09b6-1e55-467e-a3cd-85fa996e047e at term 1 for becomeLeader, leader elected after 5079ms
2019-09-12 11:42:18,249 [285e09b6-1e55-467e-a3cd-85fa996e047e:group-DF9372B108CF:LeaderElection63] INFO  impl.RaftServerImpl (ServerState.java:setLeader(263)) - 285e09b6-1e55-467e-a3cd-85fa996e047e:group-DF9372B108CF change Leader from null to 285e09b6-1e55-467e-a3cd-85fa996e047e at term 1 for becomeLeader, leader elected after 5134ms
2019-09-12 11:42:18,249 [285e09b6-1e55-467e-a3cd-85fa996e047e:group-9DC8A45EBAAC:LeaderElection62] INFO  server.RaftServerConfigKeys (ConfUtils.java:logGet(43)) - raft.server.staging.catchup.gap = 1000 (default)
2019-09-12 11:42:18,249 [285e09b6-1e55-467e-a3cd-85fa996e047e:group-DF9372B108CF:LeaderElection63] INFO  server.RaftServerConfigKeys (ConfUtils.java:logGet(43)) - raft.server.staging.catchup.gap = 1000 (default)
2019-09-12 11:42:18,249 [285e09b6-1e55-467e-a3cd-85fa996e047e:group-9DC8A45EBAAC:LeaderElection62] INFO  server.RaftServerConfigKeys (ConfUtils.java:logGet(43)) - raft.server.rpc.sleep.time = 25ms (default)
2019-09-12 11:42:18,249 [285e09b6-1e55-467e-a3cd-85fa996e047e:group-DF9372B108CF:LeaderElection63] INFO  server.RaftServerConfigKeys (ConfUtils.java:logGet(43)) - raft.server.rpc.sleep.time = 25ms (default)
2019-09-12 11:42:18,249 [285e09b6-1e55-467e-a3cd-85fa996e047e:group-9DC8A45EBAAC:LeaderElection62] INFO  server.RaftServerConfigKeys (ConfUtils.java:logGet(43)) - raft.server.write.element-limit = 4096 (default)
2019-09-12 11:42:18,249 [285e09b6-1e55-467e-a3cd-85fa996e047e:group-DF9372B108CF:LeaderElection63] INFO  server.RaftServerConfigKeys (ConfUtils.java:logGet(43)) - raft.server.write.element-limit = 4096 (default)
2019-09-12 11:42:18,250 [285e09b6-1e55-467e-a3cd-85fa996e047e:group-9DC8A45EBAAC:LeaderElection62] INFO  server.RaftServerConfigKeys (ConfUtils.java:logGet(43)) - raft.server.watch.timeout = 10s (default)
2019-09-12 11:42:18,250 [285e09b6-1e55-467e-a3cd-85fa996e047e:group-DF9372B108CF:LeaderElection63] INFO  server.RaftServerConfigKeys (ConfUtils.java:logGet(43)) - raft.server.watch.timeout = 10s (default)
2019-09-12 11:42:18,250 [285e09b6-1e55-467e-a3cd-85fa996e047e:group-9DC8A45EBAAC:LeaderElection62] INFO  server.RaftServerConfigKeys (ConfUtils.java:logGet(43)) - raft.server.watch.timeout.denomination = 1s (default)
2019-09-12 11:42:18,250 [285e09b6-1e55-467e-a3cd-85fa996e047e:group-DF9372B108CF:LeaderElection63] INFO  server.RaftServerConfigKeys (ConfUtils.java:logGet(43)) - raft.server.watch.timeout.denomination = 1s (default)
2019-09-12 11:42:18,250 [285e09b6-1e55-467e-a3cd-85fa996e047e:group-9DC8A45EBAAC:LeaderElection62] INFO  server.RaftServerConfigKeys (ConfUtils.java:logGet(43)) - raft.server.watch.element-limit = 65536 (default)
2019-09-12 11:42:18,250 [285e09b6-1e55-467e-a3cd-85fa996e047e:group-DF9372B108CF:LeaderElection63] INFO  server.RaftServerConfigKeys (ConfUtils.java:logGet(43)) - raft.server.watch.element-limit = 65536 (default)
2019-09-12 11:42:18,250 [285e09b6-1e55-467e-a3cd-85fa996e047e:group-9DC8A45EBAAC:LeaderElection62] INFO  impl.RoleInfo (RoleInfo.java:updateAndGet(143)) - 285e09b6-1e55-467e-a3cd-85fa996e047e: start LeaderState
2019-09-12 11:42:18,250 [285e09b6-1e55-467e-a3cd-85fa996e047e:group-DF9372B108CF:LeaderElection63] INFO  impl.RoleInfo (RoleInfo.java:updateAndGet(143)) - 285e09b6-1e55-467e-a3cd-85fa996e047e: start LeaderState
2019-09-12 11:42:18,251 [285e09b6-1e55-467e-a3cd-85fa996e047e:group-DF9372B108CF:LeaderElection63] INFO  segmented.SegmentedRaftLogWorker (SegmentedRaftLogWorker.java:startLogSegment(380)) - 285e09b6-1e55-467e-a3cd-85fa996e047e-SegmentedRaftLogWorker:Storage Directory /workdir/hadoop-ozone/ozonefs/target/test-dir/MiniOzoneClusterImpl-a0aea141-3c1c-4ab4-ba0c-769bf23ae178/datanode-1/data/ratis/a0edf188-2816-4bb3-99d0-df9372b108cf: Starting segment from index:0
2019-09-12 11:42:18,251 [285e09b6-1e55-467e-a3cd-85fa996e047e:group-9DC8A45EBAAC:LeaderElection62] INFO  segmented.SegmentedRaftLogWorker (SegmentedRaftLogWorker.java:startLogSegment(380)) - 285e09b6-1e55-467e-a3cd-85fa996e047e-SegmentedRaftLogWorker:Storage Directory /workdir/hadoop-ozone/ozonefs/target/test-dir/MiniOzoneClusterImpl-a0aea141-3c1c-4ab4-ba0c-769bf23ae178/datanode-1/data/ratis/bed01bd2-4b60-4654-bb6f-9dc8a45ebaac: Starting segment from index:0
2019-09-12 11:42:18,251 [285e09b6-1e55-467e-a3cd-85fa996e047e:group-DF9372B108CF:LeaderElection63] INFO  impl.RaftServerImpl (ServerState.java:setRaftConf(361)) - 285e09b6-1e55-467e-a3cd-85fa996e047e:group-DF9372B108CF set configuration 0: [285e09b6-1e55-467e-a3cd-85fa996e047e:192.168.157.195:35649], old=null at 0
2019-09-12 11:42:18,251 [285e09b6-1e55-467e-a3cd-85fa996e047e:group-9DC8A45EBAAC:LeaderElection62] INFO  impl.RaftServerImpl (ServerState.java:setRaftConf(361)) - 285e09b6-1e55-467e-a3cd-85fa996e047e:group-9DC8A45EBAAC set configuration 0: [285e09b6-1e55-467e-a3cd-85fa996e047e:192.168.157.195:35649], old=null at 0
2019-09-12 11:42:18,262 [Thread-992] INFO  impl.FollowerState (FollowerState.java:run(106)) - a115745e-881a-487a-a400-83f63e770212:group-F8CF3A5E499B changes to CANDIDATE, lastRpcTime:5200, electionTimeout:5200ms
2019-09-12 11:42:18,262 [Thread-992] INFO  impl.RoleInfo (RoleInfo.java:shutdownFollowerState(121)) - a115745e-881a-487a-a400-83f63e770212: shutdown FollowerState
2019-09-12 11:42:18,262 [Thread-992] INFO  impl.RaftServerImpl (RaftServerImpl.java:setRole(171)) - a115745e-881a-487a-a400-83f63e770212:group-F8CF3A5E499B changes role from FOLLOWER to CANDIDATE at term 0 for changeToCandidate
2019-09-12 11:42:18,263 [Thread-992] INFO  impl.RoleInfo (RoleInfo.java:updateAndGet(143)) - a115745e-881a-487a-a400-83f63e770212: start LeaderElection
2019-09-12 11:42:18,305 [285e09b6-1e55-467e-a3cd-85fa996e047e-SegmentedRaftLogWorker:Storage Directory /workdir/hadoop-ozone/ozonefs/target/test-dir/MiniOzoneClusterImpl-a0aea141-3c1c-4ab4-ba0c-769bf23ae178/datanode-1/data/ratis/a0edf188-2816-4bb3-99d0-df9372b108cf] INFO  segmented.SegmentedRaftLogWorker (SegmentedRaftLogWorker.java:execute(569)) - 285e09b6-1e55-467e-a3cd-85fa996e047e-SegmentedRaftLogWorker:Storage Directory /workdir/hadoop-ozone/ozonefs/target/test-dir/MiniOzoneClusterImpl-a0aea141-3c1c-4ab4-ba0c-769bf23ae178/datanode-1/data/ratis/a0edf188-2816-4bb3-99d0-df9372b108cf: created new log segment /workdir/hadoop-ozone/ozonefs/target/test-dir/MiniOzoneClusterImpl-a0aea141-3c1c-4ab4-ba0c-769bf23ae178/datanode-1/data/ratis/a0edf188-2816-4bb3-99d0-df9372b108cf/current/log_inprogress_0
2019-09-12 11:42:18,305 [a115745e-881a-487a-a400-83f63e770212:group-F8CF3A5E499B:LeaderElection64] INFO  impl.LeaderElection (LeaderElection.java:askForVotes(181)) - a115745e-881a-487a-a400-83f63e770212:group-F8CF3A5E499B:LeaderElection64: begin an election at term 1 for -1: [a115745e-881a-487a-a400-83f63e770212:192.168.157.195:39450], old=null
2019-09-12 11:42:18,305 [285e09b6-1e55-467e-a3cd-85fa996e047e-SegmentedRaftLogWorker:Storage Directory /workdir/hadoop-ozone/ozonefs/target/test-dir/MiniOzoneClusterImpl-a0aea141-3c1c-4ab4-ba0c-769bf23ae178/datanode-1/data/ratis/bed01bd2-4b60-4654-bb6f-9dc8a45ebaac] INFO  segmented.SegmentedRaftLogWorker (SegmentedRaftLogWorker.java:execute(569)) - 285e09b6-1e55-467e-a3cd-85fa996e047e-SegmentedRaftLogWorker:Storage Directory /workdir/hadoop-ozone/ozonefs/target/test-dir/MiniOzoneClusterImpl-a0aea141-3c1c-4ab4-ba0c-769bf23ae178/datanode-1/data/ratis/bed01bd2-4b60-4654-bb6f-9dc8a45ebaac: created new log segment /workdir/hadoop-ozone/ozonefs/target/test-dir/MiniOzoneClusterImpl-a0aea141-3c1c-4ab4-ba0c-769bf23ae178/datanode-1/data/ratis/bed01bd2-4b60-4654-bb6f-9dc8a45ebaac/current/log_inprogress_0
2019-09-12 11:42:18,305 [a115745e-881a-487a-a400-83f63e770212:group-F8CF3A5E499B:LeaderElection64] INFO  impl.RoleInfo (RoleInfo.java:shutdownLeaderElection(134)) - a115745e-881a-487a-a400-83f63e770212: shutdown LeaderElection
2019-09-12 11:42:18,305 [a115745e-881a-487a-a400-83f63e770212:group-F8CF3A5E499B:LeaderElection64] INFO  impl.RaftServerImpl (RaftServerImpl.java:setRole(171)) - a115745e-881a-487a-a400-83f63e770212:group-F8CF3A5E499B changes role from CANDIDATE to LEADER at term 1 for changeToLeader
2019-09-12 11:42:18,305 [a115745e-881a-487a-a400-83f63e770212:group-F8CF3A5E499B:LeaderElection64] INFO  impl.RaftServerImpl (ServerState.java:setLeader(263)) - a115745e-881a-487a-a400-83f63e770212:group-F8CF3A5E499B change Leader from null to a115745e-881a-487a-a400-83f63e770212 at term 1 for becomeLeader, leader elected after 5247ms
2019-09-12 11:42:18,305 [a115745e-881a-487a-a400-83f63e770212:group-F8CF3A5E499B:LeaderElection64] INFO  server.RaftServerConfigKeys (ConfUtils.java:logGet(43)) - raft.server.staging.catchup.gap = 1000 (default)
2019-09-12 11:42:18,306 [a115745e-881a-487a-a400-83f63e770212:group-F8CF3A5E499B:LeaderElection64] INFO  server.RaftServerConfigKeys (ConfUtils.java:logGet(43)) - raft.server.rpc.sleep.time = 25ms (default)
2019-09-12 11:42:18,306 [a115745e-881a-487a-a400-83f63e770212:group-F8CF3A5E499B:LeaderElection64] INFO  server.RaftServerConfigKeys (ConfUtils.java:logGet(43)) - raft.server.write.element-limit = 4096 (default)
2019-09-12 11:42:18,306 [a115745e-881a-487a-a400-83f63e770212:group-F8CF3A5E499B:LeaderElection64] INFO  server.RaftServerConfigKeys (ConfUtils.java:logGet(43)) - raft.server.watch.timeout = 10s (default)
2019-09-12 11:42:18,306 [a115745e-881a-487a-a400-83f63e770212:group-F8CF3A5E499B:LeaderElection64] INFO  server.RaftServerConfigKeys (ConfUtils.java:logGet(43)) - raft.server.watch.timeout.denomination = 1s (default)
2019-09-12 11:42:18,306 [a115745e-881a-487a-a400-83f63e770212:group-F8CF3A5E499B:LeaderElection64] INFO  server.RaftServerConfigKeys (ConfUtils.java:logGet(43)) - raft.server.watch.element-limit = 65536 (default)
2019-09-12 11:42:18,306 [a115745e-881a-487a-a400-83f63e770212:group-F8CF3A5E499B:LeaderElection64] INFO  impl.RoleInfo (RoleInfo.java:updateAndGet(143)) - a115745e-881a-487a-a400-83f63e770212: start LeaderState
2019-09-12 11:42:18,306 [a115745e-881a-487a-a400-83f63e770212:group-F8CF3A5E499B:LeaderElection64] INFO  segmented.SegmentedRaftLogWorker (SegmentedRaftLogWorker.java:startLogSegment(380)) - a115745e-881a-487a-a400-83f63e770212-SegmentedRaftLogWorker:Storage Directory /workdir/hadoop-ozone/ozonefs/target/test-dir/MiniOzoneClusterImpl-a0aea141-3c1c-4ab4-ba0c-769bf23ae178/datanode-0/data/ratis/2b28de52-22ad-496a-8455-f8cf3a5e499b: Starting segment from index:0
2019-09-12 11:42:18,307 [a115745e-881a-487a-a400-83f63e770212:group-F8CF3A5E499B:LeaderElection64] INFO  impl.RaftServerImpl (ServerState.java:setRaftConf(361)) - a115745e-881a-487a-a400-83f63e770212:group-F8CF3A5E499B set configuration 0: [a115745e-881a-487a-a400-83f63e770212:192.168.157.195:39450], old=null at 0
2019-09-12 11:42:18,309 [Thread-1010] INFO  impl.FollowerState (FollowerState.java:run(106)) - 285e09b6-1e55-467e-a3cd-85fa996e047e:group-EE87327F2581 changes to CANDIDATE, lastRpcTime:5091, electionTimeout:5091ms
2019-09-12 11:42:18,310 [Thread-1010] INFO  impl.RoleInfo (RoleInfo.java:shutdownFollowerState(121)) - 285e09b6-1e55-467e-a3cd-85fa996e047e: shutdown FollowerState
2019-09-12 11:42:18,310 [Thread-1010] INFO  impl.RaftServerImpl (RaftServerImpl.java:setRole(171)) - 285e09b6-1e55-467e-a3cd-85fa996e047e:group-EE87327F2581 changes role from FOLLOWER to CANDIDATE at term 0 for changeToCandidate
2019-09-12 11:42:18,310 [Thread-1010] INFO  impl.RoleInfo (RoleInfo.java:updateAndGet(143)) - 285e09b6-1e55-467e-a3cd-85fa996e047e: start LeaderElection
2019-09-12 11:42:18,359 [a115745e-881a-487a-a400-83f63e770212-SegmentedRaftLogWorker:Storage Directory /workdir/hadoop-ozone/ozonefs/target/test-dir/MiniOzoneClusterImpl-a0aea141-3c1c-4ab4-ba0c-769bf23ae178/datanode-0/data/ratis/2b28de52-22ad-496a-8455-f8cf3a5e499b] INFO  segmented.SegmentedRaftLogWorker (SegmentedRaftLogWorker.java:execute(569)) - a115745e-881a-487a-a400-83f63e770212-SegmentedRaftLogWorker:Storage Directory /workdir/hadoop-ozone/ozonefs/target/test-dir/MiniOzoneClusterImpl-a0aea141-3c1c-4ab4-ba0c-769bf23ae178/datanode-0/data/ratis/2b28de52-22ad-496a-8455-f8cf3a5e499b: created new log segment /workdir/hadoop-ozone/ozonefs/target/test-dir/MiniOzoneClusterImpl-a0aea141-3c1c-4ab4-ba0c-769bf23ae178/datanode-0/data/ratis/2b28de52-22ad-496a-8455-f8cf3a5e499b/current/log_inprogress_0
2019-09-12 11:42:18,359 [285e09b6-1e55-467e-a3cd-85fa996e047e:group-EE87327F2581:LeaderElection65] INFO  impl.LeaderElection (LeaderElection.java:askForVotes(181)) - 285e09b6-1e55-467e-a3cd-85fa996e047e:group-EE87327F2581:LeaderElection65: begin an election at term 1 for -1: [285e09b6-1e55-467e-a3cd-85fa996e047e:192.168.157.195:35649], old=null
2019-09-12 11:42:18,359 [285e09b6-1e55-467e-a3cd-85fa996e047e:group-EE87327F2581:LeaderElection65] INFO  impl.RoleInfo (RoleInfo.java:shutdownLeaderElection(134)) - 285e09b6-1e55-467e-a3cd-85fa996e047e: shutdown LeaderElection
2019-09-12 11:42:18,359 [285e09b6-1e55-467e-a3cd-85fa996e047e:group-EE87327F2581:LeaderElection65] INFO  impl.RaftServerImpl (RaftServerImpl.java:setRole(171)) - 285e09b6-1e55-467e-a3cd-85fa996e047e:group-EE87327F2581 changes role from CANDIDATE to LEADER at term 1 for changeToLeader
2019-09-12 11:42:18,359 [285e09b6-1e55-467e-a3cd-85fa996e047e:group-EE87327F2581:LeaderElection65] INFO  impl.RaftServerImpl (ServerState.java:setLeader(263)) - 285e09b6-1e55-467e-a3cd-85fa996e047e:group-EE87327F2581 change Leader from null to 285e09b6-1e55-467e-a3cd-85fa996e047e at term 1 for becomeLeader, leader elected after 5144ms
2019-09-12 11:42:18,360 [285e09b6-1e55-467e-a3cd-85fa996e047e:group-EE87327F2581:LeaderElection65] INFO  server.RaftServerConfigKeys (ConfUtils.java:logGet(43)) - raft.server.staging.catchup.gap = 1000 (default)
2019-09-12 11:42:18,360 [285e09b6-1e55-467e-a3cd-85fa996e047e:group-EE87327F2581:LeaderElection65] INFO  server.RaftServerConfigKeys (ConfUtils.java:logGet(43)) - raft.server.rpc.sleep.time = 25ms (default)
2019-09-12 11:42:18,360 [285e09b6-1e55-467e-a3cd-85fa996e047e:group-EE87327F2581:LeaderElection65] INFO  server.RaftServerConfigKeys (ConfUtils.java:logGet(43)) - raft.server.write.element-limit = 4096 (default)
2019-09-12 11:42:18,360 [285e09b6-1e55-467e-a3cd-85fa996e047e:group-EE87327F2581:LeaderElection65] INFO  server.RaftServerConfigKeys (ConfUtils.java:logGet(43)) - raft.server.watch.timeout = 10s (default)
2019-09-12 11:42:18,360 [285e09b6-1e55-467e-a3cd-85fa996e047e:group-EE87327F2581:LeaderElection65] INFO  server.RaftServerConfigKeys (ConfUtils.java:logGet(43)) - raft.server.watch.timeout.denomination = 1s (default)
2019-09-12 11:42:18,360 [285e09b6-1e55-467e-a3cd-85fa996e047e:group-EE87327F2581:LeaderElection65] INFO  server.RaftServerConfigKeys (ConfUtils.java:logGet(43)) - raft.server.watch.element-limit = 65536 (default)
2019-09-12 11:42:18,361 [285e09b6-1e55-467e-a3cd-85fa996e047e:group-EE87327F2581:LeaderElection65] INFO  impl.RoleInfo (RoleInfo.java:updateAndGet(143)) - 285e09b6-1e55-467e-a3cd-85fa996e047e: start LeaderState
2019-09-12 11:42:18,361 [285e09b6-1e55-467e-a3cd-85fa996e047e:group-EE87327F2581:LeaderElection65] INFO  segmented.SegmentedRaftLogWorker (SegmentedRaftLogWorker.java:startLogSegment(380)) - 285e09b6-1e55-467e-a3cd-85fa996e047e-SegmentedRaftLogWorker:Storage Directory /workdir/hadoop-ozone/ozonefs/target/test-dir/MiniOzoneClusterImpl-a0aea141-3c1c-4ab4-ba0c-769bf23ae178/datanode-1/data/ratis/e2d3c954-93a5-40b3-91f8-ee87327f2581: Starting segment from index:0
2019-09-12 11:42:18,362 [285e09b6-1e55-467e-a3cd-85fa996e047e:group-EE87327F2581:LeaderElection65] INFO  impl.RaftServerImpl (ServerState.java:setRaftConf(361)) - 285e09b6-1e55-467e-a3cd-85fa996e047e:group-EE87327F2581 set configuration 0: [285e09b6-1e55-467e-a3cd-85fa996e047e:192.168.157.195:35649], old=null at 0
2019-09-12 11:42:18,384 [Thread-1019] INFO  impl.FollowerState (FollowerState.java:run(106)) - da2d6c50-3a54-44e9-82a6-2353152f6b4e:group-2CD7C6B34892 changes to CANDIDATE, lastRpcTime:5037, electionTimeout:5032ms
2019-09-12 11:42:18,384 [Thread-1019] INFO  impl.RoleInfo (RoleInfo.java:shutdownFollowerState(121)) - da2d6c50-3a54-44e9-82a6-2353152f6b4e: shutdown FollowerState
2019-09-12 11:42:18,384 [Thread-1019] INFO  impl.RaftServerImpl (RaftServerImpl.java:setRole(171)) - da2d6c50-3a54-44e9-82a6-2353152f6b4e:group-2CD7C6B34892 changes role from FOLLOWER to CANDIDATE at term 0 for changeToCandidate
2019-09-12 11:42:18,384 [Thread-1019] INFO  impl.RoleInfo (RoleInfo.java:updateAndGet(143)) - da2d6c50-3a54-44e9-82a6-2353152f6b4e: start LeaderElection
2019-09-12 11:42:18,410 [285e09b6-1e55-467e-a3cd-85fa996e047e-SegmentedRaftLogWorker:Storage Directory /workdir/hadoop-ozone/ozonefs/target/test-dir/MiniOzoneClusterImpl-a0aea141-3c1c-4ab4-ba0c-769bf23ae178/datanode-1/data/ratis/e2d3c954-93a5-40b3-91f8-ee87327f2581] INFO  segmented.SegmentedRaftLogWorker (SegmentedRaftLogWorker.java:execute(569)) - 285e09b6-1e55-467e-a3cd-85fa996e047e-SegmentedRaftLogWorker:Storage Directory /workdir/hadoop-ozone/ozonefs/target/test-dir/MiniOzoneClusterImpl-a0aea141-3c1c-4ab4-ba0c-769bf23ae178/datanode-1/data/ratis/e2d3c954-93a5-40b3-91f8-ee87327f2581: created new log segment /workdir/hadoop-ozone/ozonefs/target/test-dir/MiniOzoneClusterImpl-a0aea141-3c1c-4ab4-ba0c-769bf23ae178/datanode-1/data/ratis/e2d3c954-93a5-40b3-91f8-ee87327f2581/current/log_inprogress_0
2019-09-12 11:42:18,410 [da2d6c50-3a54-44e9-82a6-2353152f6b4e:group-2CD7C6B34892:LeaderElection66] INFO  impl.LeaderElection (LeaderElection.java:askForVotes(181)) - da2d6c50-3a54-44e9-82a6-2353152f6b4e:group-2CD7C6B34892:LeaderElection66: begin an election at term 1 for -1: [da2d6c50-3a54-44e9-82a6-2353152f6b4e:192.168.157.195:34100], old=null
2019-09-12 11:42:18,410 [da2d6c50-3a54-44e9-82a6-2353152f6b4e:group-2CD7C6B34892:LeaderElection66] INFO  impl.RoleInfo (RoleInfo.java:shutdownLeaderElection(134)) - da2d6c50-3a54-44e9-82a6-2353152f6b4e: shutdown LeaderElection
2019-09-12 11:42:18,410 [da2d6c50-3a54-44e9-82a6-2353152f6b4e:group-2CD7C6B34892:LeaderElection66] INFO  impl.RaftServerImpl (RaftServerImpl.java:setRole(171)) - da2d6c50-3a54-44e9-82a6-2353152f6b4e:group-2CD7C6B34892 changes role from CANDIDATE to LEADER at term 1 for changeToLeader
2019-09-12 11:42:18,411 [da2d6c50-3a54-44e9-82a6-2353152f6b4e:group-2CD7C6B34892:LeaderElection66] INFO  impl.RaftServerImpl (ServerState.java:setLeader(263)) - da2d6c50-3a54-44e9-82a6-2353152f6b4e:group-2CD7C6B34892 change Leader from null to da2d6c50-3a54-44e9-82a6-2353152f6b4e at term 1 for becomeLeader, leader elected after 5068ms
2019-09-12 11:42:18,411 [da2d6c50-3a54-44e9-82a6-2353152f6b4e:group-2CD7C6B34892:LeaderElection66] INFO  server.RaftServerConfigKeys (ConfUtils.java:logGet(43)) - raft.server.staging.catchup.gap = 1000 (default)
2019-09-12 11:42:18,411 [da2d6c50-3a54-44e9-82a6-2353152f6b4e:group-2CD7C6B34892:LeaderElection66] INFO  server.RaftServerConfigKeys (ConfUtils.java:logGet(43)) - raft.server.rpc.sleep.time = 25ms (default)
2019-09-12 11:42:18,411 [da2d6c50-3a54-44e9-82a6-2353152f6b4e:group-2CD7C6B34892:LeaderElection66] INFO  server.RaftServerConfigKeys (ConfUtils.java:logGet(43)) - raft.server.write.element-limit = 4096 (default)
2019-09-12 11:42:18,411 [da2d6c50-3a54-44e9-82a6-2353152f6b4e:group-2CD7C6B34892:LeaderElection66] INFO  server.RaftServerConfigKeys (ConfUtils.java:logGet(43)) - raft.server.watch.timeout = 10s (default)
2019-09-12 11:42:18,412 [da2d6c50-3a54-44e9-82a6-2353152f6b4e:group-2CD7C6B34892:LeaderElection66] INFO  server.RaftServerConfigKeys (ConfUtils.java:logGet(43)) - raft.server.watch.timeout.denomination = 1s (default)
2019-09-12 11:42:18,412 [da2d6c50-3a54-44e9-82a6-2353152f6b4e:group-2CD7C6B34892:LeaderElection66] INFO  server.RaftServerConfigKeys (ConfUtils.java:logGet(43)) - raft.server.watch.element-limit = 65536 (default)
2019-09-12 11:42:18,412 [da2d6c50-3a54-44e9-82a6-2353152f6b4e:group-2CD7C6B34892:LeaderElection66] INFO  impl.RoleInfo (RoleInfo.java:updateAndGet(143)) - da2d6c50-3a54-44e9-82a6-2353152f6b4e: start LeaderState
2019-09-12 11:42:18,412 [da2d6c50-3a54-44e9-82a6-2353152f6b4e:group-2CD7C6B34892:LeaderElection66] INFO  segmented.SegmentedRaftLogWorker (SegmentedRaftLogWorker.java:startLogSegment(380)) - da2d6c50-3a54-44e9-82a6-2353152f6b4e-SegmentedRaftLogWorker:Storage Directory /workdir/hadoop-ozone/ozonefs/target/test-dir/MiniOzoneClusterImpl-a0aea141-3c1c-4ab4-ba0c-769bf23ae178/datanode-2/data/ratis/102b4b3f-1ab7-4b16-884f-2cd7c6b34892: Starting segment from index:0
2019-09-12 11:42:18,413 [da2d6c50-3a54-44e9-82a6-2353152f6b4e:group-2CD7C6B34892:LeaderElection66] INFO  impl.RaftServerImpl (ServerState.java:setRaftConf(361)) - da2d6c50-3a54-44e9-82a6-2353152f6b4e:group-2CD7C6B34892 set configuration 0: [da2d6c50-3a54-44e9-82a6-2353152f6b4e:192.168.157.195:34100], old=null at 0
2019-09-12 11:42:18,418 [Thread-1016] INFO  impl.FollowerState (FollowerState.java:run(106)) - da2d6c50-3a54-44e9-82a6-2353152f6b4e:group-7382719DF382 changes to CANDIDATE, lastRpcTime:5115, electionTimeout:5115ms
2019-09-12 11:42:18,418 [Thread-1016] INFO  impl.RoleInfo (RoleInfo.java:shutdownFollowerState(121)) - da2d6c50-3a54-44e9-82a6-2353152f6b4e: shutdown FollowerState
2019-09-12 11:42:18,419 [Thread-1016] INFO  impl.RaftServerImpl (RaftServerImpl.java:setRole(171)) - da2d6c50-3a54-44e9-82a6-2353152f6b4e:group-7382719DF382 changes role from FOLLOWER to CANDIDATE at term 0 for changeToCandidate
2019-09-12 11:42:18,419 [Thread-1016] INFO  impl.RoleInfo (RoleInfo.java:updateAndGet(143)) - da2d6c50-3a54-44e9-82a6-2353152f6b4e: start LeaderElection
2019-09-12 11:42:18,453 [Thread-1013] INFO  impl.FollowerState (FollowerState.java:run(106)) - 285e09b6-1e55-467e-a3cd-85fa996e047e:group-EDA0EC063D7D changes to CANDIDATE, lastRpcTime:5195, electionTimeout:5183ms
2019-09-12 11:42:18,453 [Thread-1013] INFO  impl.RoleInfo (RoleInfo.java:shutdownFollowerState(121)) - 285e09b6-1e55-467e-a3cd-85fa996e047e: shutdown FollowerState
2019-09-12 11:42:18,453 [Thread-1013] INFO  impl.RaftServerImpl (RaftServerImpl.java:setRole(171)) - 285e09b6-1e55-467e-a3cd-85fa996e047e:group-EDA0EC063D7D changes role from FOLLOWER to CANDIDATE at term 0 for changeToCandidate
2019-09-12 11:42:18,454 [Thread-1013] INFO  impl.RoleInfo (RoleInfo.java:updateAndGet(143)) - 285e09b6-1e55-467e-a3cd-85fa996e047e: start LeaderElection
2019-09-12 11:42:18,466 [da2d6c50-3a54-44e9-82a6-2353152f6b4e-SegmentedRaftLogWorker:Storage Directory /workdir/hadoop-ozone/ozonefs/target/test-dir/MiniOzoneClusterImpl-a0aea141-3c1c-4ab4-ba0c-769bf23ae178/datanode-2/data/ratis/102b4b3f-1ab7-4b16-884f-2cd7c6b34892] INFO  segmented.SegmentedRaftLogWorker (SegmentedRaftLogWorker.java:execute(569)) - da2d6c50-3a54-44e9-82a6-2353152f6b4e-SegmentedRaftLogWorker:Storage Directory /workdir/hadoop-ozone/ozonefs/target/test-dir/MiniOzoneClusterImpl-a0aea141-3c1c-4ab4-ba0c-769bf23ae178/datanode-2/data/ratis/102b4b3f-1ab7-4b16-884f-2cd7c6b34892: created new log segment /workdir/hadoop-ozone/ozonefs/target/test-dir/MiniOzoneClusterImpl-a0aea141-3c1c-4ab4-ba0c-769bf23ae178/datanode-2/data/ratis/102b4b3f-1ab7-4b16-884f-2cd7c6b34892/current/log_inprogress_0
2019-09-12 11:42:18,466 [285e09b6-1e55-467e-a3cd-85fa996e047e:group-EDA0EC063D7D:LeaderElection68] INFO  impl.LeaderElection (LeaderElection.java:askForVotes(181)) - 285e09b6-1e55-467e-a3cd-85fa996e047e:group-EDA0EC063D7D:LeaderElection68: begin an election at term 1 for -1: [285e09b6-1e55-467e-a3cd-85fa996e047e:192.168.157.195:35649], old=null
2019-09-12 11:42:18,466 [da2d6c50-3a54-44e9-82a6-2353152f6b4e:group-7382719DF382:LeaderElection67] INFO  impl.LeaderElection (LeaderElection.java:askForVotes(181)) - da2d6c50-3a54-44e9-82a6-2353152f6b4e:group-7382719DF382:LeaderElection67: begin an election at term 1 for -1: [da2d6c50-3a54-44e9-82a6-2353152f6b4e:192.168.157.195:34100], old=null
2019-09-12 11:42:18,466 [285e09b6-1e55-467e-a3cd-85fa996e047e:group-EDA0EC063D7D:LeaderElection68] INFO  impl.RoleInfo (RoleInfo.java:shutdownLeaderElection(134)) - 285e09b6-1e55-467e-a3cd-85fa996e047e: shutdown LeaderElection
2019-09-12 11:42:18,466 [da2d6c50-3a54-44e9-82a6-2353152f6b4e:group-7382719DF382:LeaderElection67] INFO  impl.RoleInfo (RoleInfo.java:shutdownLeaderElection(134)) - da2d6c50-3a54-44e9-82a6-2353152f6b4e: shutdown LeaderElection
2019-09-12 11:42:18,466 [285e09b6-1e55-467e-a3cd-85fa996e047e:group-EDA0EC063D7D:LeaderElection68] INFO  impl.RaftServerImpl (RaftServerImpl.java:setRole(171)) - 285e09b6-1e55-467e-a3cd-85fa996e047e:group-EDA0EC063D7D changes role from CANDIDATE to LEADER at term 1 for changeToLeader
2019-09-12 11:42:18,467 [da2d6c50-3a54-44e9-82a6-2353152f6b4e:group-7382719DF382:LeaderElection67] INFO  impl.RaftServerImpl (RaftServerImpl.java:setRole(171)) - da2d6c50-3a54-44e9-82a6-2353152f6b4e:group-7382719DF382 changes role from CANDIDATE to LEADER at term 1 for changeToLeader
2019-09-12 11:42:18,467 [285e09b6-1e55-467e-a3cd-85fa996e047e:group-EDA0EC063D7D:LeaderElection68] INFO  impl.RaftServerImpl (ServerState.java:setLeader(263)) - 285e09b6-1e55-467e-a3cd-85fa996e047e:group-EDA0EC063D7D change Leader from null to 285e09b6-1e55-467e-a3cd-85fa996e047e at term 1 for becomeLeader, leader elected after 5212ms
2019-09-12 11:42:18,467 [da2d6c50-3a54-44e9-82a6-2353152f6b4e:group-7382719DF382:LeaderElection67] INFO  impl.RaftServerImpl (ServerState.java:setLeader(263)) - da2d6c50-3a54-44e9-82a6-2353152f6b4e:group-7382719DF382 change Leader from null to da2d6c50-3a54-44e9-82a6-2353152f6b4e at term 1 for becomeLeader, leader elected after 5169ms
2019-09-12 11:42:18,467 [285e09b6-1e55-467e-a3cd-85fa996e047e:group-EDA0EC063D7D:LeaderElection68] INFO  server.RaftServerConfigKeys (ConfUtils.java:logGet(43)) - raft.server.staging.catchup.gap = 1000 (default)
2019-09-12 11:42:18,467 [da2d6c50-3a54-44e9-82a6-2353152f6b4e:group-7382719DF382:LeaderElection67] INFO  server.RaftServerConfigKeys (ConfUtils.java:logGet(43)) - raft.server.staging.catchup.gap = 1000 (default)
2019-09-12 11:42:18,467 [285e09b6-1e55-467e-a3cd-85fa996e047e:group-EDA0EC063D7D:LeaderElection68] INFO  server.RaftServerConfigKeys (ConfUtils.java:logGet(43)) - raft.server.rpc.sleep.time = 25ms (default)
2019-09-12 11:42:18,467 [da2d6c50-3a54-44e9-82a6-2353152f6b4e:group-7382719DF382:LeaderElection67] INFO  server.RaftServerConfigKeys (ConfUtils.java:logGet(43)) - raft.server.rpc.sleep.time = 25ms (default)
2019-09-12 11:42:18,468 [285e09b6-1e55-467e-a3cd-85fa996e047e:group-EDA0EC063D7D:LeaderElection68] INFO  server.RaftServerConfigKeys (ConfUtils.java:logGet(43)) - raft.server.write.element-limit = 4096 (default)
2019-09-12 11:42:18,468 [da2d6c50-3a54-44e9-82a6-2353152f6b4e:group-7382719DF382:LeaderElection67] INFO  server.RaftServerConfigKeys (ConfUtils.java:logGet(43)) - raft.server.write.element-limit = 4096 (default)
2019-09-12 11:42:18,468 [285e09b6-1e55-467e-a3cd-85fa996e047e:group-EDA0EC063D7D:LeaderElection68] INFO  server.RaftServerConfigKeys (ConfUtils.java:logGet(43)) - raft.server.watch.timeout = 10s (default)
2019-09-12 11:42:18,468 [da2d6c50-3a54-44e9-82a6-2353152f6b4e:group-7382719DF382:LeaderElection67] INFO  server.RaftServerConfigKeys (ConfUtils.java:logGet(43)) - raft.server.watch.timeout = 10s (default)
2019-09-12 11:42:18,468 [285e09b6-1e55-467e-a3cd-85fa996e047e:group-EDA0EC063D7D:LeaderElection68] INFO  server.RaftServerConfigKeys (ConfUtils.java:logGet(43)) - raft.server.watch.timeout.denomination = 1s (default)
2019-09-12 11:42:18,468 [da2d6c50-3a54-44e9-82a6-2353152f6b4e:group-7382719DF382:LeaderElection67] INFO  server.RaftServerConfigKeys (ConfUtils.java:logGet(43)) - raft.server.watch.timeout.denomination = 1s (default)
2019-09-12 11:42:18,469 [285e09b6-1e55-467e-a3cd-85fa996e047e:group-EDA0EC063D7D:LeaderElection68] INFO  server.RaftServerConfigKeys (ConfUtils.java:logGet(43)) - raft.server.watch.element-limit = 65536 (default)
2019-09-12 11:42:18,469 [da2d6c50-3a54-44e9-82a6-2353152f6b4e:group-7382719DF382:LeaderElection67] INFO  server.RaftServerConfigKeys (ConfUtils.java:logGet(43)) - raft.server.watch.element-limit = 65536 (default)
2019-09-12 11:42:18,469 [285e09b6-1e55-467e-a3cd-85fa996e047e:group-EDA0EC063D7D:LeaderElection68] INFO  impl.RoleInfo (RoleInfo.java:updateAndGet(143)) - 285e09b6-1e55-467e-a3cd-85fa996e047e: start LeaderState
2019-09-12 11:42:18,469 [da2d6c50-3a54-44e9-82a6-2353152f6b4e:group-7382719DF382:LeaderElection67] INFO  impl.RoleInfo (RoleInfo.java:updateAndGet(143)) - da2d6c50-3a54-44e9-82a6-2353152f6b4e: start LeaderState
2019-09-12 11:42:18,469 [285e09b6-1e55-467e-a3cd-85fa996e047e:group-EDA0EC063D7D:LeaderElection68] INFO  segmented.SegmentedRaftLogWorker (SegmentedRaftLogWorker.java:startLogSegment(380)) - 285e09b6-1e55-467e-a3cd-85fa996e047e-SegmentedRaftLogWorker:Storage Directory /workdir/hadoop-ozone/ozonefs/target/test-dir/MiniOzoneClusterImpl-a0aea141-3c1c-4ab4-ba0c-769bf23ae178/datanode-1/data/ratis/69d25f18-a21b-492f-8f83-eda0ec063d7d: Starting segment from index:0
2019-09-12 11:42:18,469 [da2d6c50-3a54-44e9-82a6-2353152f6b4e:group-7382719DF382:LeaderElection67] INFO  segmented.SegmentedRaftLogWorker (SegmentedRaftLogWorker.java:startLogSegment(380)) - da2d6c50-3a54-44e9-82a6-2353152f6b4e-SegmentedRaftLogWorker:Storage Directory /workdir/hadoop-ozone/ozonefs/target/test-dir/MiniOzoneClusterImpl-a0aea141-3c1c-4ab4-ba0c-769bf23ae178/datanode-2/data/ratis/92639d34-d494-4aaf-b54e-7382719df382: Starting segment from index:0
2019-09-12 11:42:18,470 [285e09b6-1e55-467e-a3cd-85fa996e047e:group-EDA0EC063D7D:LeaderElection68] INFO  impl.RaftServerImpl (ServerState.java:setRaftConf(361)) - 285e09b6-1e55-467e-a3cd-85fa996e047e:group-EDA0EC063D7D set configuration 0: [285e09b6-1e55-467e-a3cd-85fa996e047e:192.168.157.195:35649], old=null at 0
2019-09-12 11:42:18,470 [da2d6c50-3a54-44e9-82a6-2353152f6b4e:group-7382719DF382:LeaderElection67] INFO  impl.RaftServerImpl (ServerState.java:setRaftConf(361)) - da2d6c50-3a54-44e9-82a6-2353152f6b4e:group-7382719DF382 set configuration 0: [da2d6c50-3a54-44e9-82a6-2353152f6b4e:192.168.157.195:34100], old=null at 0
2019-09-12 11:42:18,480 [Thread-1022] INFO  impl.FollowerState (FollowerState.java:run(106)) - da2d6c50-3a54-44e9-82a6-2353152f6b4e:group-FBA4FED66001 changes to CANDIDATE, lastRpcTime:5077, electionTimeout:5077ms
2019-09-12 11:42:18,481 [Thread-1022] INFO  impl.RoleInfo (RoleInfo.java:shutdownFollowerState(121)) - da2d6c50-3a54-44e9-82a6-2353152f6b4e: shutdown FollowerState
2019-09-12 11:42:18,481 [Thread-1022] INFO  impl.RaftServerImpl (RaftServerImpl.java:setRole(171)) - da2d6c50-3a54-44e9-82a6-2353152f6b4e:group-FBA4FED66001 changes role from FOLLOWER to CANDIDATE at term 0 for changeToCandidate
2019-09-12 11:42:18,481 [Thread-1022] INFO  impl.RoleInfo (RoleInfo.java:updateAndGet(143)) - da2d6c50-3a54-44e9-82a6-2353152f6b4e: start LeaderElection
2019-09-12 11:42:18,512 [Thread-1025] INFO  impl.FollowerState (FollowerState.java:run(106)) - da2d6c50-3a54-44e9-82a6-2353152f6b4e:group-946E4BDCE0D4 changes to CANDIDATE, lastRpcTime:5057, electionTimeout:5043ms
2019-09-12 11:42:18,512 [Thread-1025] INFO  impl.RoleInfo (RoleInfo.java:shutdownFollowerState(121)) - da2d6c50-3a54-44e9-82a6-2353152f6b4e: shutdown FollowerState
2019-09-12 11:42:18,512 [Thread-1025] INFO  impl.RaftServerImpl (RaftServerImpl.java:setRole(171)) - da2d6c50-3a54-44e9-82a6-2353152f6b4e:group-946E4BDCE0D4 changes role from FOLLOWER to CANDIDATE at term 0 for changeToCandidate
2019-09-12 11:42:18,512 [Thread-1025] INFO  impl.RoleInfo (RoleInfo.java:updateAndGet(143)) - da2d6c50-3a54-44e9-82a6-2353152f6b4e: start LeaderElection
2019-09-12 11:42:18,524 [da2d6c50-3a54-44e9-82a6-2353152f6b4e-SegmentedRaftLogWorker:Storage Directory /workdir/hadoop-ozone/ozonefs/target/test-dir/MiniOzoneClusterImpl-a0aea141-3c1c-4ab4-ba0c-769bf23ae178/datanode-2/data/ratis/92639d34-d494-4aaf-b54e-7382719df382] INFO  segmented.SegmentedRaftLogWorker (SegmentedRaftLogWorker.java:execute(569)) - da2d6c50-3a54-44e9-82a6-2353152f6b4e-SegmentedRaftLogWorker:Storage Directory /workdir/hadoop-ozone/ozonefs/target/test-dir/MiniOzoneClusterImpl-a0aea141-3c1c-4ab4-ba0c-769bf23ae178/datanode-2/data/ratis/92639d34-d494-4aaf-b54e-7382719df382: created new log segment /workdir/hadoop-ozone/ozonefs/target/test-dir/MiniOzoneClusterImpl-a0aea141-3c1c-4ab4-ba0c-769bf23ae178/datanode-2/data/ratis/92639d34-d494-4aaf-b54e-7382719df382/current/log_inprogress_0
2019-09-12 11:42:18,524 [285e09b6-1e55-467e-a3cd-85fa996e047e-SegmentedRaftLogWorker:Storage Directory /workdir/hadoop-ozone/ozonefs/target/test-dir/MiniOzoneClusterImpl-a0aea141-3c1c-4ab4-ba0c-769bf23ae178/datanode-1/data/ratis/69d25f18-a21b-492f-8f83-eda0ec063d7d] INFO  segmented.SegmentedRaftLogWorker (SegmentedRaftLogWorker.java:execute(569)) - 285e09b6-1e55-467e-a3cd-85fa996e047e-SegmentedRaftLogWorker:Storage Directory /workdir/hadoop-ozone/ozonefs/target/test-dir/MiniOzoneClusterImpl-a0aea141-3c1c-4ab4-ba0c-769bf23ae178/datanode-1/data/ratis/69d25f18-a21b-492f-8f83-eda0ec063d7d: created new log segment /workdir/hadoop-ozone/ozonefs/target/test-dir/MiniOzoneClusterImpl-a0aea141-3c1c-4ab4-ba0c-769bf23ae178/datanode-1/data/ratis/69d25f18-a21b-492f-8f83-eda0ec063d7d/current/log_inprogress_0
2019-09-12 11:42:18,524 [da2d6c50-3a54-44e9-82a6-2353152f6b4e:group-FBA4FED66001:LeaderElection69] INFO  impl.LeaderElection (LeaderElection.java:askForVotes(181)) - da2d6c50-3a54-44e9-82a6-2353152f6b4e:group-FBA4FED66001:LeaderElection69: begin an election at term 1 for -1: [da2d6c50-3a54-44e9-82a6-2353152f6b4e:192.168.157.195:34100], old=null
2019-09-12 11:42:18,524 [da2d6c50-3a54-44e9-82a6-2353152f6b4e:group-946E4BDCE0D4:LeaderElection70] INFO  impl.LeaderElection (LeaderElection.java:askForVotes(181)) - da2d6c50-3a54-44e9-82a6-2353152f6b4e:group-946E4BDCE0D4:LeaderElection70: begin an election at term 1 for -1: [da2d6c50-3a54-44e9-82a6-2353152f6b4e:192.168.157.195:34100], old=null
2019-09-12 11:42:18,525 [da2d6c50-3a54-44e9-82a6-2353152f6b4e:group-FBA4FED66001:LeaderElection69] INFO  impl.RoleInfo (RoleInfo.java:shutdownLeaderElection(134)) - da2d6c50-3a54-44e9-82a6-2353152f6b4e: shutdown LeaderElection
2019-09-12 11:42:18,525 [da2d6c50-3a54-44e9-82a6-2353152f6b4e:group-946E4BDCE0D4:LeaderElection70] INFO  impl.RoleInfo (RoleInfo.java:shutdownLeaderElection(134)) - da2d6c50-3a54-44e9-82a6-2353152f6b4e: shutdown LeaderElection
2019-09-12 11:42:18,525 [da2d6c50-3a54-44e9-82a6-2353152f6b4e:group-FBA4FED66001:LeaderElection69] INFO  impl.RaftServerImpl (RaftServerImpl.java:setRole(171)) - da2d6c50-3a54-44e9-82a6-2353152f6b4e:group-FBA4FED66001 changes role from CANDIDATE to LEADER at term 1 for changeToLeader
2019-09-12 11:42:18,525 [da2d6c50-3a54-44e9-82a6-2353152f6b4e:group-946E4BDCE0D4:LeaderElection70] INFO  impl.RaftServerImpl (RaftServerImpl.java:setRole(171)) - da2d6c50-3a54-44e9-82a6-2353152f6b4e:group-946E4BDCE0D4 changes role from CANDIDATE to LEADER at term 1 for changeToLeader
2019-09-12 11:42:18,525 [da2d6c50-3a54-44e9-82a6-2353152f6b4e:group-FBA4FED66001:LeaderElection69] INFO  impl.RaftServerImpl (ServerState.java:setLeader(263)) - da2d6c50-3a54-44e9-82a6-2353152f6b4e:group-FBA4FED66001 change Leader from null to da2d6c50-3a54-44e9-82a6-2353152f6b4e at term 1 for becomeLeader, leader elected after 5127ms
2019-09-12 11:42:18,525 [da2d6c50-3a54-44e9-82a6-2353152f6b4e:group-946E4BDCE0D4:LeaderElection70] INFO  impl.RaftServerImpl (ServerState.java:setLeader(263)) - da2d6c50-3a54-44e9-82a6-2353152f6b4e:group-946E4BDCE0D4 change Leader from null to da2d6c50-3a54-44e9-82a6-2353152f6b4e at term 1 for becomeLeader, leader elected after 5075ms
2019-09-12 11:42:18,526 [da2d6c50-3a54-44e9-82a6-2353152f6b4e:group-FBA4FED66001:LeaderElection69] INFO  server.RaftServerConfigKeys (ConfUtils.java:logGet(43)) - raft.server.staging.catchup.gap = 1000 (default)
2019-09-12 11:42:18,526 [da2d6c50-3a54-44e9-82a6-2353152f6b4e:group-946E4BDCE0D4:LeaderElection70] INFO  server.RaftServerConfigKeys (ConfUtils.java:logGet(43)) - raft.server.staging.catchup.gap = 1000 (default)
2019-09-12 11:42:18,526 [da2d6c50-3a54-44e9-82a6-2353152f6b4e:group-FBA4FED66001:LeaderElection69] INFO  server.RaftServerConfigKeys (ConfUtils.java:logGet(43)) - raft.server.rpc.sleep.time = 25ms (default)
2019-09-12 11:42:18,526 [da2d6c50-3a54-44e9-82a6-2353152f6b4e:group-946E4BDCE0D4:LeaderElection70] INFO  server.RaftServerConfigKeys (ConfUtils.java:logGet(43)) - raft.server.rpc.sleep.time = 25ms (default)
2019-09-12 11:42:18,526 [da2d6c50-3a54-44e9-82a6-2353152f6b4e:group-FBA4FED66001:LeaderElection69] INFO  server.RaftServerConfigKeys (ConfUtils.java:logGet(43)) - raft.server.write.element-limit = 4096 (default)
2019-09-12 11:42:18,526 [da2d6c50-3a54-44e9-82a6-2353152f6b4e:group-946E4BDCE0D4:LeaderElection70] INFO  server.RaftServerConfigKeys (ConfUtils.java:logGet(43)) - raft.server.write.element-limit = 4096 (default)
2019-09-12 11:42:18,526 [da2d6c50-3a54-44e9-82a6-2353152f6b4e:group-FBA4FED66001:LeaderElection69] INFO  server.RaftServerConfigKeys (ConfUtils.java:logGet(43)) - raft.server.watch.timeout = 10s (default)
2019-09-12 11:42:18,527 [da2d6c50-3a54-44e9-82a6-2353152f6b4e:group-946E4BDCE0D4:LeaderElection70] INFO  server.RaftServerConfigKeys (ConfUtils.java:logGet(43)) - raft.server.watch.timeout = 10s (default)
2019-09-12 11:42:18,527 [da2d6c50-3a54-44e9-82a6-2353152f6b4e:group-FBA4FED66001:LeaderElection69] INFO  server.RaftServerConfigKeys (ConfUtils.java:logGet(43)) - raft.server.watch.timeout.denomination = 1s (default)
2019-09-12 11:42:18,527 [da2d6c50-3a54-44e9-82a6-2353152f6b4e:group-946E4BDCE0D4:LeaderElection70] INFO  server.RaftServerConfigKeys (ConfUtils.java:logGet(43)) - raft.server.watch.timeout.denomination = 1s (default)
2019-09-12 11:42:18,527 [da2d6c50-3a54-44e9-82a6-2353152f6b4e:group-FBA4FED66001:LeaderElection69] INFO  server.RaftServerConfigKeys (ConfUtils.java:logGet(43)) - raft.server.watch.element-limit = 65536 (default)
2019-09-12 11:42:18,527 [da2d6c50-3a54-44e9-82a6-2353152f6b4e:group-946E4BDCE0D4:LeaderElection70] INFO  server.RaftServerConfigKeys (ConfUtils.java:logGet(43)) - raft.server.watch.element-limit = 65536 (default)
2019-09-12 11:42:18,527 [da2d6c50-3a54-44e9-82a6-2353152f6b4e:group-FBA4FED66001:LeaderElection69] INFO  impl.RoleInfo (RoleInfo.java:updateAndGet(143)) - da2d6c50-3a54-44e9-82a6-2353152f6b4e: start LeaderState
2019-09-12 11:42:18,527 [da2d6c50-3a54-44e9-82a6-2353152f6b4e:group-946E4BDCE0D4:LeaderElection70] INFO  impl.RoleInfo (RoleInfo.java:updateAndGet(143)) - da2d6c50-3a54-44e9-82a6-2353152f6b4e: start LeaderState
2019-09-12 11:42:18,528 [da2d6c50-3a54-44e9-82a6-2353152f6b4e:group-FBA4FED66001:LeaderElection69] INFO  segmented.SegmentedRaftLogWorker (SegmentedRaftLogWorker.java:startLogSegment(380)) - da2d6c50-3a54-44e9-82a6-2353152f6b4e-SegmentedRaftLogWorker:Storage Directory /workdir/hadoop-ozone/ozonefs/target/test-dir/MiniOzoneClusterImpl-a0aea141-3c1c-4ab4-ba0c-769bf23ae178/datanode-2/data/ratis/22443247-8582-412d-a510-fba4fed66001: Starting segment from index:0
2019-09-12 11:42:18,528 [da2d6c50-3a54-44e9-82a6-2353152f6b4e:group-946E4BDCE0D4:LeaderElection70] INFO  segmented.SegmentedRaftLogWorker (SegmentedRaftLogWorker.java:startLogSegment(380)) - da2d6c50-3a54-44e9-82a6-2353152f6b4e-SegmentedRaftLogWorker:Storage Directory /workdir/hadoop-ozone/ozonefs/target/test-dir/MiniOzoneClusterImpl-a0aea141-3c1c-4ab4-ba0c-769bf23ae178/datanode-2/data/ratis/42141a4b-4576-4bb7-824d-946e4bdce0d4: Starting segment from index:0
2019-09-12 11:42:18,528 [da2d6c50-3a54-44e9-82a6-2353152f6b4e:group-FBA4FED66001:LeaderElection69] INFO  impl.RaftServerImpl (ServerState.java:setRaftConf(361)) - da2d6c50-3a54-44e9-82a6-2353152f6b4e:group-FBA4FED66001 set configuration 0: [da2d6c50-3a54-44e9-82a6-2353152f6b4e:192.168.157.195:34100], old=null at 0
2019-09-12 11:42:18,529 [da2d6c50-3a54-44e9-82a6-2353152f6b4e:group-946E4BDCE0D4:LeaderElection70] INFO  impl.RaftServerImpl (ServerState.java:setRaftConf(361)) - da2d6c50-3a54-44e9-82a6-2353152f6b4e:group-946E4BDCE0D4 set configuration 0: [da2d6c50-3a54-44e9-82a6-2353152f6b4e:192.168.157.195:34100], old=null at 0
2019-09-12 11:42:18,581 [da2d6c50-3a54-44e9-82a6-2353152f6b4e-SegmentedRaftLogWorker:Storage Directory /workdir/hadoop-ozone/ozonefs/target/test-dir/MiniOzoneClusterImpl-a0aea141-3c1c-4ab4-ba0c-769bf23ae178/datanode-2/data/ratis/22443247-8582-412d-a510-fba4fed66001] INFO  segmented.SegmentedRaftLogWorker (SegmentedRaftLogWorker.java:execute(569)) - da2d6c50-3a54-44e9-82a6-2353152f6b4e-SegmentedRaftLogWorker:Storage Directory /workdir/hadoop-ozone/ozonefs/target/test-dir/MiniOzoneClusterImpl-a0aea141-3c1c-4ab4-ba0c-769bf23ae178/datanode-2/data/ratis/22443247-8582-412d-a510-fba4fed66001: created new log segment /workdir/hadoop-ozone/ozonefs/target/test-dir/MiniOzoneClusterImpl-a0aea141-3c1c-4ab4-ba0c-769bf23ae178/datanode-2/data/ratis/22443247-8582-412d-a510-fba4fed66001/current/log_inprogress_0
2019-09-12 11:42:18,581 [da2d6c50-3a54-44e9-82a6-2353152f6b4e-SegmentedRaftLogWorker:Storage Directory /workdir/hadoop-ozone/ozonefs/target/test-dir/MiniOzoneClusterImpl-a0aea141-3c1c-4ab4-ba0c-769bf23ae178/datanode-2/data/ratis/42141a4b-4576-4bb7-824d-946e4bdce0d4] INFO  segmented.SegmentedRaftLogWorker (SegmentedRaftLogWorker.java:execute(569)) - da2d6c50-3a54-44e9-82a6-2353152f6b4e-SegmentedRaftLogWorker:Storage Directory /workdir/hadoop-ozone/ozonefs/target/test-dir/MiniOzoneClusterImpl-a0aea141-3c1c-4ab4-ba0c-769bf23ae178/datanode-2/data/ratis/42141a4b-4576-4bb7-824d-946e4bdce0d4: created new log segment /workdir/hadoop-ozone/ozonefs/target/test-dir/MiniOzoneClusterImpl-a0aea141-3c1c-4ab4-ba0c-769bf23ae178/datanode-2/data/ratis/42141a4b-4576-4bb7-824d-946e4bdce0d4/current/log_inprogress_0
2019-09-12 11:42:18,640 [Thread-1028] INFO  impl.FollowerState (FollowerState.java:run(106)) - da2d6c50-3a54-44e9-82a6-2353152f6b4e:group-666646391A8F changes to CANDIDATE, lastRpcTime:5144, electionTimeout:5144ms
2019-09-12 11:42:18,640 [Thread-1028] INFO  impl.RoleInfo (RoleInfo.java:shutdownFollowerState(121)) - da2d6c50-3a54-44e9-82a6-2353152f6b4e: shutdown FollowerState
2019-09-12 11:42:18,640 [Thread-1028] INFO  impl.RaftServerImpl (RaftServerImpl.java:setRole(171)) - da2d6c50-3a54-44e9-82a6-2353152f6b4e:group-666646391A8F changes role from FOLLOWER to CANDIDATE at term 0 for changeToCandidate
2019-09-12 11:42:18,640 [Thread-1028] INFO  impl.RoleInfo (RoleInfo.java:updateAndGet(143)) - da2d6c50-3a54-44e9-82a6-2353152f6b4e: start LeaderElection
2019-09-12 11:42:18,657 [da2d6c50-3a54-44e9-82a6-2353152f6b4e:group-666646391A8F:LeaderElection71] INFO  impl.LeaderElection (LeaderElection.java:askForVotes(181)) - da2d6c50-3a54-44e9-82a6-2353152f6b4e:group-666646391A8F:LeaderElection71: begin an election at term 1 for -1: [da2d6c50-3a54-44e9-82a6-2353152f6b4e:192.168.157.195:34100], old=null
2019-09-12 11:42:18,657 [da2d6c50-3a54-44e9-82a6-2353152f6b4e:group-666646391A8F:LeaderElection71] INFO  impl.RoleInfo (RoleInfo.java:shutdownLeaderElection(134)) - da2d6c50-3a54-44e9-82a6-2353152f6b4e: shutdown LeaderElection
2019-09-12 11:42:18,657 [da2d6c50-3a54-44e9-82a6-2353152f6b4e:group-666646391A8F:LeaderElection71] INFO  impl.RaftServerImpl (RaftServerImpl.java:setRole(171)) - da2d6c50-3a54-44e9-82a6-2353152f6b4e:group-666646391A8F changes role from CANDIDATE to LEADER at term 1 for changeToLeader
2019-09-12 11:42:18,657 [da2d6c50-3a54-44e9-82a6-2353152f6b4e:group-666646391A8F:LeaderElection71] INFO  impl.RaftServerImpl (ServerState.java:setLeader(263)) - da2d6c50-3a54-44e9-82a6-2353152f6b4e:group-666646391A8F change Leader from null to da2d6c50-3a54-44e9-82a6-2353152f6b4e at term 1 for becomeLeader, leader elected after 5166ms
2019-09-12 11:42:18,658 [da2d6c50-3a54-44e9-82a6-2353152f6b4e:group-666646391A8F:LeaderElection71] INFO  server.RaftServerConfigKeys (ConfUtils.java:logGet(43)) - raft.server.staging.catchup.gap = 1000 (default)
2019-09-12 11:42:18,658 [da2d6c50-3a54-44e9-82a6-2353152f6b4e:group-666646391A8F:LeaderElection71] INFO  server.RaftServerConfigKeys (ConfUtils.java:logGet(43)) - raft.server.rpc.sleep.time = 25ms (default)
2019-09-12 11:42:18,658 [da2d6c50-3a54-44e9-82a6-2353152f6b4e:group-666646391A8F:LeaderElection71] INFO  server.RaftServerConfigKeys (ConfUtils.java:logGet(43)) - raft.server.write.element-limit = 4096 (default)
2019-09-12 11:42:18,658 [da2d6c50-3a54-44e9-82a6-2353152f6b4e:group-666646391A8F:LeaderElection71] INFO  server.RaftServerConfigKeys (ConfUtils.java:logGet(43)) - raft.server.watch.timeout = 10s (default)
2019-09-12 11:42:18,658 [da2d6c50-3a54-44e9-82a6-2353152f6b4e:group-666646391A8F:LeaderElection71] INFO  server.RaftServerConfigKeys (ConfUtils.java:logGet(43)) - raft.server.watch.timeout.denomination = 1s (default)
2019-09-12 11:42:18,658 [da2d6c50-3a54-44e9-82a6-2353152f6b4e:group-666646391A8F:LeaderElection71] INFO  server.RaftServerConfigKeys (ConfUtils.java:logGet(43)) - raft.server.watch.element-limit = 65536 (default)
2019-09-12 11:42:18,659 [da2d6c50-3a54-44e9-82a6-2353152f6b4e:group-666646391A8F:LeaderElection71] INFO  impl.RoleInfo (RoleInfo.java:updateAndGet(143)) - da2d6c50-3a54-44e9-82a6-2353152f6b4e: start LeaderState
2019-09-12 11:42:18,659 [da2d6c50-3a54-44e9-82a6-2353152f6b4e:group-666646391A8F:LeaderElection71] INFO  segmented.SegmentedRaftLogWorker (SegmentedRaftLogWorker.java:startLogSegment(380)) - da2d6c50-3a54-44e9-82a6-2353152f6b4e-SegmentedRaftLogWorker:Storage Directory /workdir/hadoop-ozone/ozonefs/target/test-dir/MiniOzoneClusterImpl-a0aea141-3c1c-4ab4-ba0c-769bf23ae178/datanode-2/data/ratis/858685b5-070f-4053-972e-666646391a8f: Starting segment from index:0
2019-09-12 11:42:18,660 [da2d6c50-3a54-44e9-82a6-2353152f6b4e:group-666646391A8F:LeaderElection71] INFO  impl.RaftServerImpl (ServerState.java:setRaftConf(361)) - da2d6c50-3a54-44e9-82a6-2353152f6b4e:group-666646391A8F set configuration 0: [da2d6c50-3a54-44e9-82a6-2353152f6b4e:192.168.157.195:34100], old=null at 0
2019-09-12 11:42:18,711 [da2d6c50-3a54-44e9-82a6-2353152f6b4e-SegmentedRaftLogWorker:Storage Directory /workdir/hadoop-ozone/ozonefs/target/test-dir/MiniOzoneClusterImpl-a0aea141-3c1c-4ab4-ba0c-769bf23ae178/datanode-2/data/ratis/858685b5-070f-4053-972e-666646391a8f] INFO  segmented.SegmentedRaftLogWorker (SegmentedRaftLogWorker.java:execute(569)) - da2d6c50-3a54-44e9-82a6-2353152f6b4e-SegmentedRaftLogWorker:Storage Directory /workdir/hadoop-ozone/ozonefs/target/test-dir/MiniOzoneClusterImpl-a0aea141-3c1c-4ab4-ba0c-769bf23ae178/datanode-2/data/ratis/858685b5-070f-4053-972e-666646391a8f: created new log segment /workdir/hadoop-ozone/ozonefs/target/test-dir/MiniOzoneClusterImpl-a0aea141-3c1c-4ab4-ba0c-769bf23ae178/datanode-2/data/ratis/858685b5-070f-4053-972e-666646391a8f/current/log_inprogress_0
2019-09-12 11:42:18,717 [Thread-1031] INFO  impl.FollowerState (FollowerState.java:run(106)) - da2d6c50-3a54-44e9-82a6-2353152f6b4e:group-BAAA043ECB47 changes to CANDIDATE, lastRpcTime:5181, electionTimeout:5181ms
2019-09-12 11:42:18,717 [Thread-1031] INFO  impl.RoleInfo (RoleInfo.java:shutdownFollowerState(121)) - da2d6c50-3a54-44e9-82a6-2353152f6b4e: shutdown FollowerState
2019-09-12 11:42:18,717 [Thread-1031] INFO  impl.RaftServerImpl (RaftServerImpl.java:setRole(171)) - da2d6c50-3a54-44e9-82a6-2353152f6b4e:group-BAAA043ECB47 changes role from FOLLOWER to CANDIDATE at term 0 for changeToCandidate
2019-09-12 11:42:18,717 [Thread-1031] INFO  impl.RoleInfo (RoleInfo.java:updateAndGet(143)) - da2d6c50-3a54-44e9-82a6-2353152f6b4e: start LeaderElection
2019-09-12 11:42:18,724 [da2d6c50-3a54-44e9-82a6-2353152f6b4e:group-BAAA043ECB47:LeaderElection72] INFO  impl.LeaderElection (LeaderElection.java:askForVotes(181)) - da2d6c50-3a54-44e9-82a6-2353152f6b4e:group-BAAA043ECB47:LeaderElection72: begin an election at term 1 for -1: [da2d6c50-3a54-44e9-82a6-2353152f6b4e:192.168.157.195:34100], old=null
2019-09-12 11:42:18,725 [da2d6c50-3a54-44e9-82a6-2353152f6b4e:group-BAAA043ECB47:LeaderElection72] INFO  impl.RoleInfo (RoleInfo.java:shutdownLeaderElection(134)) - da2d6c50-3a54-44e9-82a6-2353152f6b4e: shutdown LeaderElection
2019-09-12 11:42:18,725 [da2d6c50-3a54-44e9-82a6-2353152f6b4e:group-BAAA043ECB47:LeaderElection72] INFO  impl.RaftServerImpl (RaftServerImpl.java:setRole(171)) - da2d6c50-3a54-44e9-82a6-2353152f6b4e:group-BAAA043ECB47 changes role from CANDIDATE to LEADER at term 1 for changeToLeader
2019-09-12 11:42:18,725 [da2d6c50-3a54-44e9-82a6-2353152f6b4e:group-BAAA043ECB47:LeaderElection72] INFO  impl.RaftServerImpl (ServerState.java:setLeader(263)) - da2d6c50-3a54-44e9-82a6-2353152f6b4e:group-BAAA043ECB47 change Leader from null to da2d6c50-3a54-44e9-82a6-2353152f6b4e at term 1 for becomeLeader, leader elected after 5193ms
2019-09-12 11:42:18,725 [da2d6c50-3a54-44e9-82a6-2353152f6b4e:group-BAAA043ECB47:LeaderElection72] INFO  server.RaftServerConfigKeys (ConfUtils.java:logGet(43)) - raft.server.staging.catchup.gap = 1000 (default)
2019-09-12 11:42:18,725 [da2d6c50-3a54-44e9-82a6-2353152f6b4e:group-BAAA043ECB47:LeaderElection72] INFO  server.RaftServerConfigKeys (ConfUtils.java:logGet(43)) - raft.server.rpc.sleep.time = 25ms (default)
2019-09-12 11:42:18,726 [da2d6c50-3a54-44e9-82a6-2353152f6b4e:group-BAAA043ECB47:LeaderElection72] INFO  server.RaftServerConfigKeys (ConfUtils.java:logGet(43)) - raft.server.write.element-limit = 4096 (default)
2019-09-12 11:42:18,726 [da2d6c50-3a54-44e9-82a6-2353152f6b4e:group-BAAA043ECB47:LeaderElection72] INFO  server.RaftServerConfigKeys (ConfUtils.java:logGet(43)) - raft.server.watch.timeout = 10s (default)
2019-09-12 11:42:18,726 [da2d6c50-3a54-44e9-82a6-2353152f6b4e:group-BAAA043ECB47:LeaderElection72] INFO  server.RaftServerConfigKeys (ConfUtils.java:logGet(43)) - raft.server.watch.timeout.denomination = 1s (default)
2019-09-12 11:42:18,726 [da2d6c50-3a54-44e9-82a6-2353152f6b4e:group-BAAA043ECB47:LeaderElection72] INFO  server.RaftServerConfigKeys (ConfUtils.java:logGet(43)) - raft.server.watch.element-limit = 65536 (default)
2019-09-12 11:42:18,727 [da2d6c50-3a54-44e9-82a6-2353152f6b4e:group-BAAA043ECB47:LeaderElection72] INFO  impl.RoleInfo (RoleInfo.java:updateAndGet(143)) - da2d6c50-3a54-44e9-82a6-2353152f6b4e: start LeaderState
2019-09-12 11:42:18,727 [da2d6c50-3a54-44e9-82a6-2353152f6b4e:group-BAAA043ECB47:LeaderElection72] INFO  segmented.SegmentedRaftLogWorker (SegmentedRaftLogWorker.java:startLogSegment(380)) - da2d6c50-3a54-44e9-82a6-2353152f6b4e-SegmentedRaftLogWorker:Storage Directory /workdir/hadoop-ozone/ozonefs/target/test-dir/MiniOzoneClusterImpl-a0aea141-3c1c-4ab4-ba0c-769bf23ae178/datanode-2/data/ratis/c7030e46-6230-4d5d-83d8-baaa043ecb47: Starting segment from index:0
2019-09-12 11:42:18,728 [da2d6c50-3a54-44e9-82a6-2353152f6b4e:group-BAAA043ECB47:LeaderElection72] INFO  impl.RaftServerImpl (ServerState.java:setRaftConf(361)) - da2d6c50-3a54-44e9-82a6-2353152f6b4e:group-BAAA043ECB47 set configuration 0: [da2d6c50-3a54-44e9-82a6-2353152f6b4e:192.168.157.195:34100], old=null at 0
2019-09-12 11:42:18,781 [da2d6c50-3a54-44e9-82a6-2353152f6b4e-SegmentedRaftLogWorker:Storage Directory /workdir/hadoop-ozone/ozonefs/target/test-dir/MiniOzoneClusterImpl-a0aea141-3c1c-4ab4-ba0c-769bf23ae178/datanode-2/data/ratis/c7030e46-6230-4d5d-83d8-baaa043ecb47] INFO  segmented.SegmentedRaftLogWorker (SegmentedRaftLogWorker.java:execute(569)) - da2d6c50-3a54-44e9-82a6-2353152f6b4e-SegmentedRaftLogWorker:Storage Directory /workdir/hadoop-ozone/ozonefs/target/test-dir/MiniOzoneClusterImpl-a0aea141-3c1c-4ab4-ba0c-769bf23ae178/datanode-2/data/ratis/c7030e46-6230-4d5d-83d8-baaa043ecb47: created new log segment /workdir/hadoop-ozone/ozonefs/target/test-dir/MiniOzoneClusterImpl-a0aea141-3c1c-4ab4-ba0c-769bf23ae178/datanode-2/data/ratis/c7030e46-6230-4d5d-83d8-baaa043ecb47/current/log_inprogress_0
2019-09-12 11:42:19,234 | INFO  | SCMAudit | user=jenkins1000 | ip=192.168.157.195 | op=SEND_HEARTBEAT {datanodeUUID=da2d6c50-3a54-44e9-82a6-2353152f6b4e, command=[]} | ret=SUCCESS |  
2019-09-12 11:42:19,537 [Thread-806] INFO  ozoneimpl.OzoneContainer (OzoneContainer.java:stop(199)) - Attempting to stop container services.
2019-09-12 11:42:19,537 [ForkJoinPool.commonPool-worker-1] INFO  ozoneimpl.OzoneContainer (OzoneContainer.java:stop(199)) - Attempting to stop container services.
2019-09-12 11:42:19,537 [Thread-806] INFO  impl.RaftServerProxy (RaftServerProxy.java:lambda$close$4(314)) - 285e09b6-1e55-467e-a3cd-85fa996e047e: close
2019-09-12 11:42:19,540 [ForkJoinPool.commonPool-worker-1] INFO  impl.RaftServerProxy (RaftServerProxy.java:lambda$close$4(314)) - a115745e-881a-487a-a400-83f63e770212: close
2019-09-12 11:42:19,540 [Thread-806] INFO  impl.RaftServerImpl (RaftServerImpl.java:lambda$shutdown$3(245)) - 285e09b6-1e55-467e-a3cd-85fa996e047e: shutdown group-7EFDA6A10DF8
2019-09-12 11:42:19,541 [ForkJoinPool.commonPool-worker-1] INFO  impl.RaftServerImpl (RaftServerImpl.java:lambda$shutdown$3(245)) - a115745e-881a-487a-a400-83f63e770212: shutdown group-AF2884CE5C34
2019-09-12 11:42:19,541 [Thread-806] INFO  util.JmxRegister (JmxRegister.java:unregister(73)) - Successfully un-registered JMX Bean with object name Ratis:service=RaftServer,group=group-7EFDA6A10DF8,id=285e09b6-1e55-467e-a3cd-85fa996e047e
2019-09-12 11:42:19,541 [ForkJoinPool.commonPool-worker-1] INFO  util.JmxRegister (JmxRegister.java:unregister(73)) - Successfully un-registered JMX Bean with object name Ratis:service=RaftServer,group=group-AF2884CE5C34,id=a115745e-881a-487a-a400-83f63e770212
2019-09-12 11:42:19,542 [Thread-806] INFO  impl.RoleInfo (RoleInfo.java:shutdownLeaderState(104)) - 285e09b6-1e55-467e-a3cd-85fa996e047e: shutdown LeaderState
2019-09-12 11:42:19,542 [ForkJoinPool.commonPool-worker-1] INFO  impl.RoleInfo (RoleInfo.java:shutdownLeaderState(104)) - a115745e-881a-487a-a400-83f63e770212: shutdown LeaderState
2019-09-12 11:42:19,542 [Thread-806] INFO  impl.PendingRequests (PendingRequests.java:sendNotLeaderResponses(202)) - 285e09b6-1e55-467e-a3cd-85fa996e047e-PendingRequests: sendNotLeaderResponses
2019-09-12 11:42:19,543 [ForkJoinPool.commonPool-worker-1] INFO  impl.PendingRequests (PendingRequests.java:sendNotLeaderResponses(202)) - a115745e-881a-487a-a400-83f63e770212-PendingRequests: sendNotLeaderResponses
2019-09-12 11:42:19,543 [Thread-806] INFO  impl.StateMachineUpdater (StateMachineUpdater.java:stopAndJoin(115)) - StateMachineUpdater:285e09b6-1e55-467e-a3cd-85fa996e047e:group-7EFDA6A10DF8: set stopIndex = 0
2019-09-12 11:42:19,543 [ForkJoinPool.commonPool-worker-1] INFO  impl.StateMachineUpdater (StateMachineUpdater.java:stopAndJoin(115)) - StateMachineUpdater:a115745e-881a-487a-a400-83f63e770212:group-AF2884CE5C34: set stopIndex = 0
2019-09-12 11:42:19,544 [Thread-806] INFO  impl.RaftServerImpl (ServerState.java:close(394)) - 285e09b6-1e55-467e-a3cd-85fa996e047e:group-7EFDA6A10DF8 closes. The last applied log index is 0
2019-09-12 11:42:19,544 [ForkJoinPool.commonPool-worker-1] INFO  impl.RaftServerImpl (ServerState.java:close(394)) - a115745e-881a-487a-a400-83f63e770212:group-AF2884CE5C34 closes. The last applied log index is 0
2019-09-12 11:42:19,544 [285e09b6-1e55-467e-a3cd-85fa996e047e-SegmentedRaftLogWorker:Storage Directory /workdir/hadoop-ozone/ozonefs/target/test-dir/MiniOzoneClusterImpl-a0aea141-3c1c-4ab4-ba0c-769bf23ae178/datanode-1/data/ratis/2759f3d7-af0f-4451-b850-7efda6a10df8] INFO  segmented.SegmentedRaftLogWorker (SegmentedRaftLogWorker.java:run(313)) - 285e09b6-1e55-467e-a3cd-85fa996e047e-SegmentedRaftLogWorker:Storage Directory /workdir/hadoop-ozone/ozonefs/target/test-dir/MiniOzoneClusterImpl-a0aea141-3c1c-4ab4-ba0c-769bf23ae178/datanode-1/data/ratis/2759f3d7-af0f-4451-b850-7efda6a10df8 was interrupted, exiting. There are 0 tasks remaining in the queue.
2019-09-12 11:42:19,545 [a115745e-881a-487a-a400-83f63e770212-SegmentedRaftLogWorker:Storage Directory /workdir/hadoop-ozone/ozonefs/target/test-dir/MiniOzoneClusterImpl-a0aea141-3c1c-4ab4-ba0c-769bf23ae178/datanode-0/data/ratis/ea03e228-9ff9-4820-ab37-af2884ce5c34] INFO  segmented.SegmentedRaftLogWorker (SegmentedRaftLogWorker.java:run(313)) - a115745e-881a-487a-a400-83f63e770212-SegmentedRaftLogWorker:Storage Directory /workdir/hadoop-ozone/ozonefs/target/test-dir/MiniOzoneClusterImpl-a0aea141-3c1c-4ab4-ba0c-769bf23ae178/datanode-0/data/ratis/ea03e228-9ff9-4820-ab37-af2884ce5c34 was interrupted, exiting. There are 0 tasks remaining in the queue.
2019-09-12 11:42:19,545 [Thread-806] INFO  segmented.SegmentedRaftLogWorker (SegmentedRaftLogWorker.java:close(228)) - 285e09b6-1e55-467e-a3cd-85fa996e047e-SegmentedRaftLogWorker:Storage Directory /workdir/hadoop-ozone/ozonefs/target/test-dir/MiniOzoneClusterImpl-a0aea141-3c1c-4ab4-ba0c-769bf23ae178/datanode-1/data/ratis/2759f3d7-af0f-4451-b850-7efda6a10df8 close()
2019-09-12 11:42:19,545 [ForkJoinPool.commonPool-worker-1] INFO  segmented.SegmentedRaftLogWorker (SegmentedRaftLogWorker.java:close(228)) - a115745e-881a-487a-a400-83f63e770212-SegmentedRaftLogWorker:Storage Directory /workdir/hadoop-ozone/ozonefs/target/test-dir/MiniOzoneClusterImpl-a0aea141-3c1c-4ab4-ba0c-769bf23ae178/datanode-0/data/ratis/ea03e228-9ff9-4820-ab37-af2884ce5c34 close()
2019-09-12 11:42:19,547 [Thread-806] INFO  impl.RaftServerImpl (RaftServerImpl.java:lambda$shutdown$3(245)) - 285e09b6-1e55-467e-a3cd-85fa996e047e: shutdown group-EDA0EC063D7D
2019-09-12 11:42:19,548 [ForkJoinPool.commonPool-worker-1] INFO  impl.RaftServerImpl (RaftServerImpl.java:lambda$shutdown$3(245)) - a115745e-881a-487a-a400-83f63e770212: shutdown group-2E58215BB993
2019-09-12 11:42:19,549 [Thread-806] INFO  util.JmxRegister (JmxRegister.java:unregister(73)) - Successfully un-registered JMX Bean with object name Ratis:service=RaftServer,group=group-EDA0EC063D7D,id=285e09b6-1e55-467e-a3cd-85fa996e047e
2019-09-12 11:42:19,549 [ForkJoinPool.commonPool-worker-1] INFO  util.JmxRegister (JmxRegister.java:unregister(73)) - Successfully un-registered JMX Bean with object name Ratis:service=RaftServer,group=group-2E58215BB993,id=a115745e-881a-487a-a400-83f63e770212
2019-09-12 11:42:19,549 [Thread-806] INFO  impl.RoleInfo (RoleInfo.java:shutdownLeaderState(104)) - 285e09b6-1e55-467e-a3cd-85fa996e047e: shutdown LeaderState
2019-09-12 11:42:19,550 [ForkJoinPool.commonPool-worker-1] INFO  impl.RoleInfo (RoleInfo.java:shutdownLeaderState(104)) - a115745e-881a-487a-a400-83f63e770212: shutdown LeaderState
2019-09-12 11:42:19,550 [Thread-806] INFO  impl.PendingRequests (PendingRequests.java:sendNotLeaderResponses(202)) - 285e09b6-1e55-467e-a3cd-85fa996e047e-PendingRequests: sendNotLeaderResponses
2019-09-12 11:42:19,550 [ForkJoinPool.commonPool-worker-1] INFO  impl.PendingRequests (PendingRequests.java:sendNotLeaderResponses(202)) - a115745e-881a-487a-a400-83f63e770212-PendingRequests: sendNotLeaderResponses
2019-09-12 11:42:19,551 [Thread-806] INFO  impl.StateMachineUpdater (StateMachineUpdater.java:stopAndJoin(115)) - StateMachineUpdater:285e09b6-1e55-467e-a3cd-85fa996e047e:group-EDA0EC063D7D: set stopIndex = 0
2019-09-12 11:42:19,551 [ForkJoinPool.commonPool-worker-1] INFO  impl.StateMachineUpdater (StateMachineUpdater.java:stopAndJoin(115)) - StateMachineUpdater:a115745e-881a-487a-a400-83f63e770212:group-2E58215BB993: set stopIndex = 0
2019-09-12 11:42:19,551 [Thread-806] INFO  impl.RaftServerImpl (ServerState.java:close(394)) - 285e09b6-1e55-467e-a3cd-85fa996e047e:group-EDA0EC063D7D closes. The last applied log index is 0
2019-09-12 11:42:19,552 [ForkJoinPool.commonPool-worker-1] INFO  impl.RaftServerImpl (ServerState.java:close(394)) - a115745e-881a-487a-a400-83f63e770212:group-2E58215BB993 closes. The last applied log index is 0
2019-09-12 11:42:19,552 [285e09b6-1e55-467e-a3cd-85fa996e047e-SegmentedRaftLogWorker:Storage Directory /workdir/hadoop-ozone/ozonefs/target/test-dir/MiniOzoneClusterImpl-a0aea141-3c1c-4ab4-ba0c-769bf23ae178/datanode-1/data/ratis/69d25f18-a21b-492f-8f83-eda0ec063d7d] INFO  segmented.SegmentedRaftLogWorker (SegmentedRaftLogWorker.java:run(313)) - 285e09b6-1e55-467e-a3cd-85fa996e047e-SegmentedRaftLogWorker:Storage Directory /workdir/hadoop-ozone/ozonefs/target/test-dir/MiniOzoneClusterImpl-a0aea141-3c1c-4ab4-ba0c-769bf23ae178/datanode-1/data/ratis/69d25f18-a21b-492f-8f83-eda0ec063d7d was interrupted, exiting. There are 0 tasks remaining in the queue.
2019-09-12 11:42:19,552 [a115745e-881a-487a-a400-83f63e770212-SegmentedRaftLogWorker:Storage Directory /workdir/hadoop-ozone/ozonefs/target/test-dir/MiniOzoneClusterImpl-a0aea141-3c1c-4ab4-ba0c-769bf23ae178/datanode-0/data/ratis/31c13aa0-77d2-46c0-9b21-2e58215bb993] INFO  segmented.SegmentedRaftLogWorker (SegmentedRaftLogWorker.java:run(313)) - a115745e-881a-487a-a400-83f63e770212-SegmentedRaftLogWorker:Storage Directory /workdir/hadoop-ozone/ozonefs/target/test-dir/MiniOzoneClusterImpl-a0aea141-3c1c-4ab4-ba0c-769bf23ae178/datanode-0/data/ratis/31c13aa0-77d2-46c0-9b21-2e58215bb993 was interrupted, exiting. There are 0 tasks remaining in the queue.
2019-09-12 11:42:19,552 [Thread-806] INFO  segmented.SegmentedRaftLogWorker (SegmentedRaftLogWorker.java:close(228)) - 285e09b6-1e55-467e-a3cd-85fa996e047e-SegmentedRaftLogWorker:Storage Directory /workdir/hadoop-ozone/ozonefs/target/test-dir/MiniOzoneClusterImpl-a0aea141-3c1c-4ab4-ba0c-769bf23ae178/datanode-1/data/ratis/69d25f18-a21b-492f-8f83-eda0ec063d7d close()
2019-09-12 11:42:19,553 [ForkJoinPool.commonPool-worker-1] INFO  segmented.SegmentedRaftLogWorker (SegmentedRaftLogWorker.java:close(228)) - a115745e-881a-487a-a400-83f63e770212-SegmentedRaftLogWorker:Storage Directory /workdir/hadoop-ozone/ozonefs/target/test-dir/MiniOzoneClusterImpl-a0aea141-3c1c-4ab4-ba0c-769bf23ae178/datanode-0/data/ratis/31c13aa0-77d2-46c0-9b21-2e58215bb993 close()
2019-09-12 11:42:19,555 [Thread-806] INFO  impl.RaftServerImpl (RaftServerImpl.java:lambda$shutdown$3(245)) - 285e09b6-1e55-467e-a3cd-85fa996e047e: shutdown group-DEDB90C207B2
2019-09-12 11:42:19,557 [ForkJoinPool.commonPool-worker-1] INFO  impl.RaftServerImpl (RaftServerImpl.java:lambda$shutdown$3(245)) - a115745e-881a-487a-a400-83f63e770212: shutdown group-F8CF3A5E499B
2019-09-12 11:42:19,557 [Thread-806] INFO  util.JmxRegister (JmxRegister.java:unregister(73)) - Successfully un-registered JMX Bean with object name Ratis:service=RaftServer,group=group-DEDB90C207B2,id=285e09b6-1e55-467e-a3cd-85fa996e047e
2019-09-12 11:42:19,558 [Thread-806] INFO  impl.RoleInfo (RoleInfo.java:shutdownLeaderState(104)) - 285e09b6-1e55-467e-a3cd-85fa996e047e: shutdown LeaderState
2019-09-12 11:42:19,558 [ForkJoinPool.commonPool-worker-1] INFO  util.JmxRegister (JmxRegister.java:unregister(73)) - Successfully un-registered JMX Bean with object name Ratis:service=RaftServer,group=group-F8CF3A5E499B,id=a115745e-881a-487a-a400-83f63e770212
2019-09-12 11:42:19,559 [Thread-806] INFO  impl.PendingRequests (PendingRequests.java:sendNotLeaderResponses(202)) - 285e09b6-1e55-467e-a3cd-85fa996e047e-PendingRequests: sendNotLeaderResponses
2019-09-12 11:42:19,559 [ForkJoinPool.commonPool-worker-1] INFO  impl.RoleInfo (RoleInfo.java:shutdownLeaderState(104)) - a115745e-881a-487a-a400-83f63e770212: shutdown LeaderState
2019-09-12 11:42:19,559 [Thread-806] INFO  impl.StateMachineUpdater (StateMachineUpdater.java:stopAndJoin(115)) - StateMachineUpdater:285e09b6-1e55-467e-a3cd-85fa996e047e:group-DEDB90C207B2: set stopIndex = 0
2019-09-12 11:42:19,560 [ForkJoinPool.commonPool-worker-1] INFO  impl.PendingRequests (PendingRequests.java:sendNotLeaderResponses(202)) - a115745e-881a-487a-a400-83f63e770212-PendingRequests: sendNotLeaderResponses
2019-09-12 11:42:19,560 [Thread-806] INFO  impl.RaftServerImpl (ServerState.java:close(394)) - 285e09b6-1e55-467e-a3cd-85fa996e047e:group-DEDB90C207B2 closes. The last applied log index is 0
2019-09-12 11:42:19,560 [ForkJoinPool.commonPool-worker-1] INFO  impl.StateMachineUpdater (StateMachineUpdater.java:stopAndJoin(115)) - StateMachineUpdater:a115745e-881a-487a-a400-83f63e770212:group-F8CF3A5E499B: set stopIndex = 0
2019-09-12 11:42:19,561 [285e09b6-1e55-467e-a3cd-85fa996e047e-SegmentedRaftLogWorker:Storage Directory /workdir/hadoop-ozone/ozonefs/target/test-dir/MiniOzoneClusterImpl-a0aea141-3c1c-4ab4-ba0c-769bf23ae178/datanode-1/data/ratis/7e01dc84-e8cb-4621-b8f3-dedb90c207b2] INFO  segmented.SegmentedRaftLogWorker (SegmentedRaftLogWorker.java:run(313)) - 285e09b6-1e55-467e-a3cd-85fa996e047e-SegmentedRaftLogWorker:Storage Directory /workdir/hadoop-ozone/ozonefs/target/test-dir/MiniOzoneClusterImpl-a0aea141-3c1c-4ab4-ba0c-769bf23ae178/datanode-1/data/ratis/7e01dc84-e8cb-4621-b8f3-dedb90c207b2 was interrupted, exiting. There are 0 tasks remaining in the queue.
2019-09-12 11:42:19,561 [ForkJoinPool.commonPool-worker-1] INFO  impl.RaftServerImpl (ServerState.java:close(394)) - a115745e-881a-487a-a400-83f63e770212:group-F8CF3A5E499B closes. The last applied log index is 0
2019-09-12 11:42:19,561 [Thread-806] INFO  segmented.SegmentedRaftLogWorker (SegmentedRaftLogWorker.java:close(228)) - 285e09b6-1e55-467e-a3cd-85fa996e047e-SegmentedRaftLogWorker:Storage Directory /workdir/hadoop-ozone/ozonefs/target/test-dir/MiniOzoneClusterImpl-a0aea141-3c1c-4ab4-ba0c-769bf23ae178/datanode-1/data/ratis/7e01dc84-e8cb-4621-b8f3-dedb90c207b2 close()
2019-09-12 11:42:19,561 [a115745e-881a-487a-a400-83f63e770212-SegmentedRaftLogWorker:Storage Directory /workdir/hadoop-ozone/ozonefs/target/test-dir/MiniOzoneClusterImpl-a0aea141-3c1c-4ab4-ba0c-769bf23ae178/datanode-0/data/ratis/2b28de52-22ad-496a-8455-f8cf3a5e499b] INFO  segmented.SegmentedRaftLogWorker (SegmentedRaftLogWorker.java:run(313)) - a115745e-881a-487a-a400-83f63e770212-SegmentedRaftLogWorker:Storage Directory /workdir/hadoop-ozone/ozonefs/target/test-dir/MiniOzoneClusterImpl-a0aea141-3c1c-4ab4-ba0c-769bf23ae178/datanode-0/data/ratis/2b28de52-22ad-496a-8455-f8cf3a5e499b was interrupted, exiting. There are 0 tasks remaining in the queue.
2019-09-12 11:42:19,563 [Thread-806] INFO  impl.RaftServerImpl (RaftServerImpl.java:lambda$shutdown$3(245)) - 285e09b6-1e55-467e-a3cd-85fa996e047e: shutdown group-EE87327F2581
2019-09-12 11:42:19,563 [ForkJoinPool.commonPool-worker-1] INFO  segmented.SegmentedRaftLogWorker (SegmentedRaftLogWorker.java:close(228)) - a115745e-881a-487a-a400-83f63e770212-SegmentedRaftLogWorker:Storage Directory /workdir/hadoop-ozone/ozonefs/target/test-dir/MiniOzoneClusterImpl-a0aea141-3c1c-4ab4-ba0c-769bf23ae178/datanode-0/data/ratis/2b28de52-22ad-496a-8455-f8cf3a5e499b close()
2019-09-12 11:42:19,563 [Thread-806] INFO  util.JmxRegister (JmxRegister.java:unregister(73)) - Successfully un-registered JMX Bean with object name Ratis:service=RaftServer,group=group-EE87327F2581,id=285e09b6-1e55-467e-a3cd-85fa996e047e
2019-09-12 11:42:19,565 [ForkJoinPool.commonPool-worker-1] INFO  impl.RaftServerImpl (RaftServerImpl.java:lambda$shutdown$3(245)) - a115745e-881a-487a-a400-83f63e770212: shutdown group-4BE23386C732
2019-09-12 11:42:19,565 [Thread-806] INFO  impl.RoleInfo (RoleInfo.java:shutdownLeaderState(104)) - 285e09b6-1e55-467e-a3cd-85fa996e047e: shutdown LeaderState
2019-09-12 11:42:19,565 [ForkJoinPool.commonPool-worker-1] INFO  util.JmxRegister (JmxRegister.java:unregister(73)) - Successfully un-registered JMX Bean with object name Ratis:service=RaftServer,group=group-4BE23386C732,id=a115745e-881a-487a-a400-83f63e770212
2019-09-12 11:42:19,566 [Thread-806] INFO  impl.PendingRequests (PendingRequests.java:sendNotLeaderResponses(202)) - 285e09b6-1e55-467e-a3cd-85fa996e047e-PendingRequests: sendNotLeaderResponses
2019-09-12 11:42:19,566 [ForkJoinPool.commonPool-worker-1] INFO  impl.RoleInfo (RoleInfo.java:shutdownLeaderState(104)) - a115745e-881a-487a-a400-83f63e770212: shutdown LeaderState
2019-09-12 11:42:19,566 [Thread-806] INFO  impl.StateMachineUpdater (StateMachineUpdater.java:stopAndJoin(115)) - StateMachineUpdater:285e09b6-1e55-467e-a3cd-85fa996e047e:group-EE87327F2581: set stopIndex = 0
2019-09-12 11:42:19,566 [ForkJoinPool.commonPool-worker-1] INFO  impl.PendingRequests (PendingRequests.java:sendNotLeaderResponses(202)) - a115745e-881a-487a-a400-83f63e770212-PendingRequests: sendNotLeaderResponses
2019-09-12 11:42:19,567 [Thread-806] INFO  impl.RaftServerImpl (ServerState.java:close(394)) - 285e09b6-1e55-467e-a3cd-85fa996e047e:group-EE87327F2581 closes. The last applied log index is 0
2019-09-12 11:42:19,567 [ForkJoinPool.commonPool-worker-1] INFO  impl.StateMachineUpdater (StateMachineUpdater.java:stopAndJoin(115)) - StateMachineUpdater:a115745e-881a-487a-a400-83f63e770212:group-4BE23386C732: set stopIndex = 0
2019-09-12 11:42:19,567 [285e09b6-1e55-467e-a3cd-85fa996e047e-SegmentedRaftLogWorker:Storage Directory /workdir/hadoop-ozone/ozonefs/target/test-dir/MiniOzoneClusterImpl-a0aea141-3c1c-4ab4-ba0c-769bf23ae178/datanode-1/data/ratis/e2d3c954-93a5-40b3-91f8-ee87327f2581] INFO  segmented.SegmentedRaftLogWorker (SegmentedRaftLogWorker.java:run(313)) - 285e09b6-1e55-467e-a3cd-85fa996e047e-SegmentedRaftLogWorker:Storage Directory /workdir/hadoop-ozone/ozonefs/target/test-dir/MiniOzoneClusterImpl-a0aea141-3c1c-4ab4-ba0c-769bf23ae178/datanode-1/data/ratis/e2d3c954-93a5-40b3-91f8-ee87327f2581 was interrupted, exiting. There are 0 tasks remaining in the queue.
2019-09-12 11:42:19,568 [ForkJoinPool.commonPool-worker-1] INFO  impl.RaftServerImpl (ServerState.java:close(394)) - a115745e-881a-487a-a400-83f63e770212:group-4BE23386C732 closes. The last applied log index is 0
2019-09-12 11:42:19,568 [Thread-806] INFO  segmented.SegmentedRaftLogWorker (SegmentedRaftLogWorker.java:close(228)) - 285e09b6-1e55-467e-a3cd-85fa996e047e-SegmentedRaftLogWorker:Storage Directory /workdir/hadoop-ozone/ozonefs/target/test-dir/MiniOzoneClusterImpl-a0aea141-3c1c-4ab4-ba0c-769bf23ae178/datanode-1/data/ratis/e2d3c954-93a5-40b3-91f8-ee87327f2581 close()
2019-09-12 11:42:19,568 [a115745e-881a-487a-a400-83f63e770212-SegmentedRaftLogWorker:Storage Directory /workdir/hadoop-ozone/ozonefs/target/test-dir/MiniOzoneClusterImpl-a0aea141-3c1c-4ab4-ba0c-769bf23ae178/datanode-0/data/ratis/c0d0cdc1-4ae5-4df5-8ba4-4be23386c732] INFO  segmented.SegmentedRaftLogWorker (SegmentedRaftLogWorker.java:run(313)) - a115745e-881a-487a-a400-83f63e770212-SegmentedRaftLogWorker:Storage Directory /workdir/hadoop-ozone/ozonefs/target/test-dir/MiniOzoneClusterImpl-a0aea141-3c1c-4ab4-ba0c-769bf23ae178/datanode-0/data/ratis/c0d0cdc1-4ae5-4df5-8ba4-4be23386c732 was interrupted, exiting. There are 0 tasks remaining in the queue.
2019-09-12 11:42:19,570 [Thread-806] INFO  impl.RaftServerImpl (RaftServerImpl.java:lambda$shutdown$3(245)) - 285e09b6-1e55-467e-a3cd-85fa996e047e: shutdown group-9DC8A45EBAAC
2019-09-12 11:42:19,570 [ForkJoinPool.commonPool-worker-1] INFO  segmented.SegmentedRaftLogWorker (SegmentedRaftLogWorker.java:close(228)) - a115745e-881a-487a-a400-83f63e770212-SegmentedRaftLogWorker:Storage Directory /workdir/hadoop-ozone/ozonefs/target/test-dir/MiniOzoneClusterImpl-a0aea141-3c1c-4ab4-ba0c-769bf23ae178/datanode-0/data/ratis/c0d0cdc1-4ae5-4df5-8ba4-4be23386c732 close()
2019-09-12 11:42:19,570 [Thread-806] INFO  util.JmxRegister (JmxRegister.java:unregister(73)) - Successfully un-registered JMX Bean with object name Ratis:service=RaftServer,group=group-9DC8A45EBAAC,id=285e09b6-1e55-467e-a3cd-85fa996e047e
2019-09-12 11:42:19,572 [ForkJoinPool.commonPool-worker-1] INFO  impl.RaftServerImpl (RaftServerImpl.java:lambda$shutdown$3(245)) - a115745e-881a-487a-a400-83f63e770212: shutdown group-2603E46C2602
2019-09-12 11:42:19,572 [Thread-806] INFO  impl.RoleInfo (RoleInfo.java:shutdownLeaderState(104)) - 285e09b6-1e55-467e-a3cd-85fa996e047e: shutdown LeaderState
2019-09-12 11:42:19,572 [ForkJoinPool.commonPool-worker-1] INFO  util.JmxRegister (JmxRegister.java:unregister(73)) - Successfully un-registered JMX Bean with object name Ratis:service=RaftServer,group=group-2603E46C2602,id=a115745e-881a-487a-a400-83f63e770212
2019-09-12 11:42:19,572 [Thread-806] INFO  impl.PendingRequests (PendingRequests.java:sendNotLeaderResponses(202)) - 285e09b6-1e55-467e-a3cd-85fa996e047e-PendingRequests: sendNotLeaderResponses
2019-09-12 11:42:19,573 [ForkJoinPool.commonPool-worker-1] INFO  impl.RoleInfo (RoleInfo.java:shutdownLeaderState(104)) - a115745e-881a-487a-a400-83f63e770212: shutdown LeaderState
2019-09-12 11:42:19,573 [Thread-806] INFO  impl.StateMachineUpdater (StateMachineUpdater.java:stopAndJoin(115)) - StateMachineUpdater:285e09b6-1e55-467e-a3cd-85fa996e047e:group-9DC8A45EBAAC: set stopIndex = 0
2019-09-12 11:42:19,573 [Thread-806] INFO  impl.RaftServerImpl (ServerState.java:close(394)) - 285e09b6-1e55-467e-a3cd-85fa996e047e:group-9DC8A45EBAAC closes. The last applied log index is 0
2019-09-12 11:42:19,573 [ForkJoinPool.commonPool-worker-1] INFO  impl.PendingRequests (PendingRequests.java:sendNotLeaderResponses(202)) - a115745e-881a-487a-a400-83f63e770212-PendingRequests: sendNotLeaderResponses
2019-09-12 11:42:19,574 [285e09b6-1e55-467e-a3cd-85fa996e047e-SegmentedRaftLogWorker:Storage Directory /workdir/hadoop-ozone/ozonefs/target/test-dir/MiniOzoneClusterImpl-a0aea141-3c1c-4ab4-ba0c-769bf23ae178/datanode-1/data/ratis/bed01bd2-4b60-4654-bb6f-9dc8a45ebaac] INFO  segmented.SegmentedRaftLogWorker (SegmentedRaftLogWorker.java:run(313)) - 285e09b6-1e55-467e-a3cd-85fa996e047e-SegmentedRaftLogWorker:Storage Directory /workdir/hadoop-ozone/ozonefs/target/test-dir/MiniOzoneClusterImpl-a0aea141-3c1c-4ab4-ba0c-769bf23ae178/datanode-1/data/ratis/bed01bd2-4b60-4654-bb6f-9dc8a45ebaac was interrupted, exiting. There are 0 tasks remaining in the queue.
2019-09-12 11:42:19,574 [ForkJoinPool.commonPool-worker-1] INFO  impl.StateMachineUpdater (StateMachineUpdater.java:stopAndJoin(115)) - StateMachineUpdater:a115745e-881a-487a-a400-83f63e770212:group-2603E46C2602: set stopIndex = 0
2019-09-12 11:42:19,574 [Thread-806] INFO  segmented.SegmentedRaftLogWorker (SegmentedRaftLogWorker.java:close(228)) - 285e09b6-1e55-467e-a3cd-85fa996e047e-SegmentedRaftLogWorker:Storage Directory /workdir/hadoop-ozone/ozonefs/target/test-dir/MiniOzoneClusterImpl-a0aea141-3c1c-4ab4-ba0c-769bf23ae178/datanode-1/data/ratis/bed01bd2-4b60-4654-bb6f-9dc8a45ebaac close()
2019-09-12 11:42:19,574 [ForkJoinPool.commonPool-worker-1] INFO  impl.RaftServerImpl (ServerState.java:close(394)) - a115745e-881a-487a-a400-83f63e770212:group-2603E46C2602 closes. The last applied log index is 0
2019-09-12 11:42:19,576 [Thread-806] INFO  impl.RaftServerImpl (RaftServerImpl.java:lambda$shutdown$3(245)) - 285e09b6-1e55-467e-a3cd-85fa996e047e: shutdown group-DF9372B108CF
2019-09-12 11:42:19,576 [a115745e-881a-487a-a400-83f63e770212-SegmentedRaftLogWorker:Storage Directory /workdir/hadoop-ozone/ozonefs/target/test-dir/MiniOzoneClusterImpl-a0aea141-3c1c-4ab4-ba0c-769bf23ae178/datanode-0/data/ratis/8bbdd4d9-3361-47b9-b649-2603e46c2602] INFO  segmented.SegmentedRaftLogWorker (SegmentedRaftLogWorker.java:run(313)) - a115745e-881a-487a-a400-83f63e770212-SegmentedRaftLogWorker:Storage Directory /workdir/hadoop-ozone/ozonefs/target/test-dir/MiniOzoneClusterImpl-a0aea141-3c1c-4ab4-ba0c-769bf23ae178/datanode-0/data/ratis/8bbdd4d9-3361-47b9-b649-2603e46c2602 was interrupted, exiting. There are 0 tasks remaining in the queue.
2019-09-12 11:42:19,577 [Thread-806] INFO  util.JmxRegister (JmxRegister.java:unregister(73)) - Successfully un-registered JMX Bean with object name Ratis:service=RaftServer,group=group-DF9372B108CF,id=285e09b6-1e55-467e-a3cd-85fa996e047e
2019-09-12 11:42:19,577 [ForkJoinPool.commonPool-worker-1] INFO  segmented.SegmentedRaftLogWorker (SegmentedRaftLogWorker.java:close(228)) - a115745e-881a-487a-a400-83f63e770212-SegmentedRaftLogWorker:Storage Directory /workdir/hadoop-ozone/ozonefs/target/test-dir/MiniOzoneClusterImpl-a0aea141-3c1c-4ab4-ba0c-769bf23ae178/datanode-0/data/ratis/8bbdd4d9-3361-47b9-b649-2603e46c2602 close()
2019-09-12 11:42:19,577 [Thread-806] INFO  impl.RoleInfo (RoleInfo.java:shutdownLeaderState(104)) - 285e09b6-1e55-467e-a3cd-85fa996e047e: shutdown LeaderState
2019-09-12 11:42:19,579 [ForkJoinPool.commonPool-worker-1] INFO  impl.RaftServerImpl (RaftServerImpl.java:lambda$shutdown$3(245)) - a115745e-881a-487a-a400-83f63e770212: shutdown group-18A4738F44CC
2019-09-12 11:42:19,579 [Thread-806] INFO  impl.PendingRequests (PendingRequests.java:sendNotLeaderResponses(202)) - 285e09b6-1e55-467e-a3cd-85fa996e047e-PendingRequests: sendNotLeaderResponses
2019-09-12 11:42:19,579 [ForkJoinPool.commonPool-worker-1] INFO  util.JmxRegister (JmxRegister.java:unregister(73)) - Successfully un-registered JMX Bean with object name Ratis:service=RaftServer,group=group-18A4738F44CC,id=a115745e-881a-487a-a400-83f63e770212
2019-09-12 11:42:19,579 [Thread-806] INFO  impl.StateMachineUpdater (StateMachineUpdater.java:stopAndJoin(115)) - StateMachineUpdater:285e09b6-1e55-467e-a3cd-85fa996e047e:group-DF9372B108CF: set stopIndex = 0
2019-09-12 11:42:19,580 [ForkJoinPool.commonPool-worker-1] INFO  impl.RoleInfo (RoleInfo.java:shutdownLeaderState(104)) - a115745e-881a-487a-a400-83f63e770212: shutdown LeaderState
2019-09-12 11:42:19,580 [Thread-806] INFO  impl.RaftServerImpl (ServerState.java:close(394)) - 285e09b6-1e55-467e-a3cd-85fa996e047e:group-DF9372B108CF closes. The last applied log index is 0
2019-09-12 11:42:19,580 [ForkJoinPool.commonPool-worker-1] INFO  impl.PendingRequests (PendingRequests.java:sendNotLeaderResponses(202)) - a115745e-881a-487a-a400-83f63e770212-PendingRequests: sendNotLeaderResponses
2019-09-12 11:42:19,581 [285e09b6-1e55-467e-a3cd-85fa996e047e-SegmentedRaftLogWorker:Storage Directory /workdir/hadoop-ozone/ozonefs/target/test-dir/MiniOzoneClusterImpl-a0aea141-3c1c-4ab4-ba0c-769bf23ae178/datanode-1/data/ratis/a0edf188-2816-4bb3-99d0-df9372b108cf] INFO  segmented.SegmentedRaftLogWorker (SegmentedRaftLogWorker.java:run(313)) - 285e09b6-1e55-467e-a3cd-85fa996e047e-SegmentedRaftLogWorker:Storage Directory /workdir/hadoop-ozone/ozonefs/target/test-dir/MiniOzoneClusterImpl-a0aea141-3c1c-4ab4-ba0c-769bf23ae178/datanode-1/data/ratis/a0edf188-2816-4bb3-99d0-df9372b108cf was interrupted, exiting. There are 0 tasks remaining in the queue.
2019-09-12 11:42:19,581 [ForkJoinPool.commonPool-worker-1] INFO  impl.StateMachineUpdater (StateMachineUpdater.java:stopAndJoin(115)) - StateMachineUpdater:a115745e-881a-487a-a400-83f63e770212:group-18A4738F44CC: set stopIndex = 0
2019-09-12 11:42:19,581 [Thread-806] INFO  segmented.SegmentedRaftLogWorker (SegmentedRaftLogWorker.java:close(228)) - 285e09b6-1e55-467e-a3cd-85fa996e047e-SegmentedRaftLogWorker:Storage Directory /workdir/hadoop-ozone/ozonefs/target/test-dir/MiniOzoneClusterImpl-a0aea141-3c1c-4ab4-ba0c-769bf23ae178/datanode-1/data/ratis/a0edf188-2816-4bb3-99d0-df9372b108cf close()
2019-09-12 11:42:19,581 [ForkJoinPool.commonPool-worker-1] INFO  impl.RaftServerImpl (ServerState.java:close(394)) - a115745e-881a-487a-a400-83f63e770212:group-18A4738F44CC closes. The last applied log index is 0
2019-09-12 11:42:19,583 [Thread-806] INFO  server.GrpcService (GrpcService.java:closeImpl(155)) - 285e09b6-1e55-467e-a3cd-85fa996e047e: shutdown server with port 35649 now
2019-09-12 11:42:19,583 [a115745e-881a-487a-a400-83f63e770212-SegmentedRaftLogWorker:Storage Directory /workdir/hadoop-ozone/ozonefs/target/test-dir/MiniOzoneClusterImpl-a0aea141-3c1c-4ab4-ba0c-769bf23ae178/datanode-0/data/ratis/4b3ba4e9-a261-42e9-8770-18a4738f44cc] INFO  segmented.SegmentedRaftLogWorker (SegmentedRaftLogWorker.java:run(313)) - a115745e-881a-487a-a400-83f63e770212-SegmentedRaftLogWorker:Storage Directory /workdir/hadoop-ozone/ozonefs/target/test-dir/MiniOzoneClusterImpl-a0aea141-3c1c-4ab4-ba0c-769bf23ae178/datanode-0/data/ratis/4b3ba4e9-a261-42e9-8770-18a4738f44cc was interrupted, exiting. There are 0 tasks remaining in the queue.
2019-09-12 11:42:19,584 [ForkJoinPool.commonPool-worker-1] INFO  segmented.SegmentedRaftLogWorker (SegmentedRaftLogWorker.java:close(228)) - a115745e-881a-487a-a400-83f63e770212-SegmentedRaftLogWorker:Storage Directory /workdir/hadoop-ozone/ozonefs/target/test-dir/MiniOzoneClusterImpl-a0aea141-3c1c-4ab4-ba0c-769bf23ae178/datanode-0/data/ratis/4b3ba4e9-a261-42e9-8770-18a4738f44cc close()
2019-09-12 11:42:19,585 [Thread-806] INFO  server.GrpcService (GrpcService.java:closeImpl(163)) - 285e09b6-1e55-467e-a3cd-85fa996e047e: shutdown server with port 35649 successfully
2019-09-12 11:42:19,586 [ForkJoinPool.commonPool-worker-1] INFO  server.GrpcService (GrpcService.java:closeImpl(155)) - a115745e-881a-487a-a400-83f63e770212: shutdown server with port 39450 now
2019-09-12 11:42:19,588 [ForkJoinPool.commonPool-worker-1] INFO  server.GrpcService (GrpcService.java:closeImpl(163)) - a115745e-881a-487a-a400-83f63e770212: shutdown server with port 39450 successfully
2019-09-12 11:42:19,590 [ForkJoinPool.commonPool-worker-1] INFO  utils.BackgroundService (BackgroundService.java:shutdown(148)) - Shutting down service BlockDeletingService
2019-09-12 11:42:19,594 [refreshUsed-/workdir/hadoop-ozone/ozonefs/target/test-dir/MiniOzoneClusterImpl-a0aea141-3c1c-4ab4-ba0c-769bf23ae178/datanode-0/data/containers] WARN  fs.CachingGetSpaceUsed (CachingGetSpaceUsed.java:run(183)) - Thread Interrupted waiting to refresh disk information: sleep interrupted
2019-09-12 11:42:19,595 [Thread-806] INFO  utils.BackgroundService (BackgroundService.java:shutdown(148)) - Shutting down service BlockDeletingService
2019-09-12 11:42:19,597 [refreshUsed-/workdir/hadoop-ozone/ozonefs/target/test-dir/MiniOzoneClusterImpl-a0aea141-3c1c-4ab4-ba0c-769bf23ae178/datanode-1/data/containers] WARN  fs.CachingGetSpaceUsed (CachingGetSpaceUsed.java:run(183)) - Thread Interrupted waiting to refresh disk information: sleep interrupted
2019-09-12 11:42:19,619 [ForkJoinPool.commonPool-worker-1] INFO  statemachine.DatanodeStateMachine (DatanodeStateMachine.java:stopDaemon(395)) - Ozone container server stopped.
2019-09-12 11:42:19,627 [Thread-806] INFO  statemachine.DatanodeStateMachine (DatanodeStateMachine.java:stopDaemon(395)) - Ozone container server stopped.
2019-09-12 11:42:19,634 [Thread-806] INFO  handler.ContextHandler (ContextHandler.java:doStop(910)) - Stopped o.e.j.w.WebAppContext@3ea95654{/,null,UNAVAILABLE}{/hddsDatanode}
2019-09-12 11:42:19,634 [ForkJoinPool.commonPool-worker-1] INFO  handler.ContextHandler (ContextHandler.java:doStop(910)) - Stopped o.e.j.w.WebAppContext@2484b0b2{/,null,UNAVAILABLE}{/hddsDatanode}
2019-09-12 11:42:19,635 [ForkJoinPool.commonPool-worker-1] INFO  server.AbstractConnector (AbstractConnector.java:doStop(318)) - Stopped ServerConnector@783a5842{HTTP/1.1,[http/1.1]}{0.0.0.0:0}
2019-09-12 11:42:19,635 [Thread-806] INFO  server.AbstractConnector (AbstractConnector.java:doStop(318)) - Stopped ServerConnector@55d74dca{HTTP/1.1,[http/1.1]}{0.0.0.0:0}
2019-09-12 11:42:19,636 [ForkJoinPool.commonPool-worker-1] INFO  handler.ContextHandler (ContextHandler.java:doStop(910)) - Stopped o.e.j.s.ServletContextHandler@6a87142c{/static,jar:file:/home/user/.m2/repository/org/apache/hadoop/hadoop-hdds-container-service/0.5.0-SNAPSHOT/hadoop-hdds-container-service-0.5.0-SNAPSHOT.jar!/webapps/static,UNAVAILABLE}
2019-09-12 11:42:19,636 [Thread-806] INFO  handler.ContextHandler (ContextHandler.java:doStop(910)) - Stopped o.e.j.s.ServletContextHandler@3c130597{/static,jar:file:/home/user/.m2/repository/org/apache/hadoop/hadoop-hdds-container-service/0.5.0-SNAPSHOT/hadoop-hdds-container-service-0.5.0-SNAPSHOT.jar!/webapps/static,UNAVAILABLE}
2019-09-12 11:42:19,637 [ForkJoinPool.commonPool-worker-1] INFO  handler.ContextHandler (ContextHandler.java:doStop(910)) - Stopped o.e.j.s.ServletContextHandler@49e842b0{/logs,file:///workdir/hadoop-ozone/ozonefs/target/log,UNAVAILABLE}
2019-09-12 11:42:19,637 [Thread-806] INFO  handler.ContextHandler (ContextHandler.java:doStop(910)) - Stopped o.e.j.s.ServletContextHandler@7135bbc7{/logs,file:///workdir/hadoop-ozone/ozonefs/target/log,UNAVAILABLE}
2019-09-12 11:42:19,638 [ForkJoinPool.commonPool-worker-1] INFO  datanode.ObjectStoreHandler (ObjectStoreHandler.java:close(155)) - Closing ObjectStoreHandler.
2019-09-12 11:42:19,639 [ForkJoinPool.commonPool-worker-1] INFO  ozone.HddsDatanodeService (HddsDatanodeService.java:stop(451)) - Stopped plug-in org.apache.hadoop.ozone.web.OzoneHddsDatanodeService@4b49eb6a
2019-09-12 11:42:20,233 [Datanode State Machine Thread - 0] INFO  statemachine.DatanodeStateMachine (DatanodeStateMachine.java:lambda$startDaemon$0(350)) - Ozone container server started.
2019-09-12 11:42:24,640 [ForkJoinPool.commonPool-worker-1] INFO  ozoneimpl.OzoneContainer (OzoneContainer.java:stop(199)) - Attempting to stop container services.
2019-09-12 11:42:24,641 [ForkJoinPool.commonPool-worker-1] INFO  impl.RaftServerProxy (RaftServerProxy.java:lambda$close$4(314)) - da2d6c50-3a54-44e9-82a6-2353152f6b4e: close
2019-09-12 11:42:24,641 [ForkJoinPool.commonPool-worker-1] INFO  impl.RaftServerImpl (RaftServerImpl.java:lambda$shutdown$3(245)) - da2d6c50-3a54-44e9-82a6-2353152f6b4e: shutdown group-946E4BDCE0D4
2019-09-12 11:42:24,642 [ForkJoinPool.commonPool-worker-1] INFO  util.JmxRegister (JmxRegister.java:unregister(73)) - Successfully un-registered JMX Bean with object name Ratis:service=RaftServer,group=group-946E4BDCE0D4,id=da2d6c50-3a54-44e9-82a6-2353152f6b4e
2019-09-12 11:42:24,642 [ForkJoinPool.commonPool-worker-1] INFO  impl.RoleInfo (RoleInfo.java:shutdownLeaderState(104)) - da2d6c50-3a54-44e9-82a6-2353152f6b4e: shutdown LeaderState
2019-09-12 11:42:24,642 [ForkJoinPool.commonPool-worker-1] INFO  impl.PendingRequests (PendingRequests.java:sendNotLeaderResponses(202)) - da2d6c50-3a54-44e9-82a6-2353152f6b4e-PendingRequests: sendNotLeaderResponses
2019-09-12 11:42:24,643 [ForkJoinPool.commonPool-worker-1] INFO  impl.StateMachineUpdater (StateMachineUpdater.java:stopAndJoin(115)) - StateMachineUpdater:da2d6c50-3a54-44e9-82a6-2353152f6b4e:group-946E4BDCE0D4: set stopIndex = 0
2019-09-12 11:42:24,643 [ForkJoinPool.commonPool-worker-1] INFO  impl.RaftServerImpl (ServerState.java:close(394)) - da2d6c50-3a54-44e9-82a6-2353152f6b4e:group-946E4BDCE0D4 closes. The last applied log index is 0
2019-09-12 11:42:24,644 [da2d6c50-3a54-44e9-82a6-2353152f6b4e-SegmentedRaftLogWorker:Storage Directory /workdir/hadoop-ozone/ozonefs/target/test-dir/MiniOzoneClusterImpl-a0aea141-3c1c-4ab4-ba0c-769bf23ae178/datanode-2/data/ratis/42141a4b-4576-4bb7-824d-946e4bdce0d4] INFO  segmented.SegmentedRaftLogWorker (SegmentedRaftLogWorker.java:run(313)) - da2d6c50-3a54-44e9-82a6-2353152f6b4e-SegmentedRaftLogWorker:Storage Directory /workdir/hadoop-ozone/ozonefs/target/test-dir/MiniOzoneClusterImpl-a0aea141-3c1c-4ab4-ba0c-769bf23ae178/datanode-2/data/ratis/42141a4b-4576-4bb7-824d-946e4bdce0d4 was interrupted, exiting. There are 0 tasks remaining in the queue.
2019-09-12 11:42:24,644 [ForkJoinPool.commonPool-worker-1] INFO  segmented.SegmentedRaftLogWorker (SegmentedRaftLogWorker.java:close(228)) - da2d6c50-3a54-44e9-82a6-2353152f6b4e-SegmentedRaftLogWorker:Storage Directory /workdir/hadoop-ozone/ozonefs/target/test-dir/MiniOzoneClusterImpl-a0aea141-3c1c-4ab4-ba0c-769bf23ae178/datanode-2/data/ratis/42141a4b-4576-4bb7-824d-946e4bdce0d4 close()
2019-09-12 11:42:24,646 [ForkJoinPool.commonPool-worker-1] INFO  impl.RaftServerImpl (RaftServerImpl.java:lambda$shutdown$3(245)) - da2d6c50-3a54-44e9-82a6-2353152f6b4e: shutdown group-666646391A8F
2019-09-12 11:42:24,646 [ForkJoinPool.commonPool-worker-1] INFO  util.JmxRegister (JmxRegister.java:unregister(73)) - Successfully un-registered JMX Bean with object name Ratis:service=RaftServer,group=group-666646391A8F,id=da2d6c50-3a54-44e9-82a6-2353152f6b4e
2019-09-12 11:42:24,647 [ForkJoinPool.commonPool-worker-1] INFO  impl.RoleInfo (RoleInfo.java:shutdownLeaderState(104)) - da2d6c50-3a54-44e9-82a6-2353152f6b4e: shutdown LeaderState
2019-09-12 11:42:24,647 [ForkJoinPool.commonPool-worker-1] INFO  impl.PendingRequests (PendingRequests.java:sendNotLeaderResponses(202)) - da2d6c50-3a54-44e9-82a6-2353152f6b4e-PendingRequests: sendNotLeaderResponses
2019-09-12 11:42:24,647 [ForkJoinPool.commonPool-worker-1] INFO  impl.StateMachineUpdater (StateMachineUpdater.java:stopAndJoin(115)) - StateMachineUpdater:da2d6c50-3a54-44e9-82a6-2353152f6b4e:group-666646391A8F: set stopIndex = 0
2019-09-12 11:42:24,648 [ForkJoinPool.commonPool-worker-1] INFO  impl.RaftServerImpl (ServerState.java:close(394)) - da2d6c50-3a54-44e9-82a6-2353152f6b4e:group-666646391A8F closes. The last applied log index is 0
2019-09-12 11:42:24,648 [da2d6c50-3a54-44e9-82a6-2353152f6b4e-SegmentedRaftLogWorker:Storage Directory /workdir/hadoop-ozone/ozonefs/target/test-dir/MiniOzoneClusterImpl-a0aea141-3c1c-4ab4-ba0c-769bf23ae178/datanode-2/data/ratis/858685b5-070f-4053-972e-666646391a8f] INFO  segmented.SegmentedRaftLogWorker (SegmentedRaftLogWorker.java:run(313)) - da2d6c50-3a54-44e9-82a6-2353152f6b4e-SegmentedRaftLogWorker:Storage Directory /workdir/hadoop-ozone/ozonefs/target/test-dir/MiniOzoneClusterImpl-a0aea141-3c1c-4ab4-ba0c-769bf23ae178/datanode-2/data/ratis/858685b5-070f-4053-972e-666646391a8f was interrupted, exiting. There are 0 tasks remaining in the queue.
2019-09-12 11:42:24,649 [ForkJoinPool.commonPool-worker-1] INFO  segmented.SegmentedRaftLogWorker (SegmentedRaftLogWorker.java:close(228)) - da2d6c50-3a54-44e9-82a6-2353152f6b4e-SegmentedRaftLogWorker:Storage Directory /workdir/hadoop-ozone/ozonefs/target/test-dir/MiniOzoneClusterImpl-a0aea141-3c1c-4ab4-ba0c-769bf23ae178/datanode-2/data/ratis/858685b5-070f-4053-972e-666646391a8f close()
2019-09-12 11:42:24,650 [ForkJoinPool.commonPool-worker-1] INFO  impl.RaftServerImpl (RaftServerImpl.java:lambda$shutdown$3(245)) - da2d6c50-3a54-44e9-82a6-2353152f6b4e: shutdown group-BAAA043ECB47
2019-09-12 11:42:24,650 [ForkJoinPool.commonPool-worker-1] INFO  util.JmxRegister (JmxRegister.java:unregister(73)) - Successfully un-registered JMX Bean with object name Ratis:service=RaftServer,group=group-BAAA043ECB47,id=da2d6c50-3a54-44e9-82a6-2353152f6b4e
2019-09-12 11:42:24,650 [ForkJoinPool.commonPool-worker-1] INFO  impl.RoleInfo (RoleInfo.java:shutdownLeaderState(104)) - da2d6c50-3a54-44e9-82a6-2353152f6b4e: shutdown LeaderState
2019-09-12 11:42:24,651 [ForkJoinPool.commonPool-worker-1] INFO  impl.PendingRequests (PendingRequests.java:sendNotLeaderResponses(202)) - da2d6c50-3a54-44e9-82a6-2353152f6b4e-PendingRequests: sendNotLeaderResponses
2019-09-12 11:42:24,651 [ForkJoinPool.commonPool-worker-1] INFO  impl.StateMachineUpdater (StateMachineUpdater.java:stopAndJoin(115)) - StateMachineUpdater:da2d6c50-3a54-44e9-82a6-2353152f6b4e:group-BAAA043ECB47: set stopIndex = 0
2019-09-12 11:42:24,652 [ForkJoinPool.commonPool-worker-1] INFO  impl.RaftServerImpl (ServerState.java:close(394)) - da2d6c50-3a54-44e9-82a6-2353152f6b4e:group-BAAA043ECB47 closes. The last applied log index is 0
2019-09-12 11:42:24,652 [da2d6c50-3a54-44e9-82a6-2353152f6b4e-SegmentedRaftLogWorker:Storage Directory /workdir/hadoop-ozone/ozonefs/target/test-dir/MiniOzoneClusterImpl-a0aea141-3c1c-4ab4-ba0c-769bf23ae178/datanode-2/data/ratis/c7030e46-6230-4d5d-83d8-baaa043ecb47] INFO  segmented.SegmentedRaftLogWorker (SegmentedRaftLogWorker.java:run(313)) - da2d6c50-3a54-44e9-82a6-2353152f6b4e-SegmentedRaftLogWorker:Storage Directory /workdir/hadoop-ozone/ozonefs/target/test-dir/MiniOzoneClusterImpl-a0aea141-3c1c-4ab4-ba0c-769bf23ae178/datanode-2/data/ratis/c7030e46-6230-4d5d-83d8-baaa043ecb47 was interrupted, exiting. There are 0 tasks remaining in the queue.
2019-09-12 11:42:24,652 [ForkJoinPool.commonPool-worker-1] INFO  segmented.SegmentedRaftLogWorker (SegmentedRaftLogWorker.java:close(228)) - da2d6c50-3a54-44e9-82a6-2353152f6b4e-SegmentedRaftLogWorker:Storage Directory /workdir/hadoop-ozone/ozonefs/target/test-dir/MiniOzoneClusterImpl-a0aea141-3c1c-4ab4-ba0c-769bf23ae178/datanode-2/data/ratis/c7030e46-6230-4d5d-83d8-baaa043ecb47 close()
2019-09-12 11:42:24,654 [ForkJoinPool.commonPool-worker-1] INFO  impl.RaftServerImpl (RaftServerImpl.java:lambda$shutdown$3(245)) - da2d6c50-3a54-44e9-82a6-2353152f6b4e: shutdown group-2CD7C6B34892
2019-09-12 11:42:24,654 [ForkJoinPool.commonPool-worker-1] INFO  util.JmxRegister (JmxRegister.java:unregister(73)) - Successfully un-registered JMX Bean with object name Ratis:service=RaftServer,group=group-2CD7C6B34892,id=da2d6c50-3a54-44e9-82a6-2353152f6b4e
2019-09-12 11:42:24,654 [ForkJoinPool.commonPool-worker-1] INFO  impl.RoleInfo (RoleInfo.java:shutdownLeaderState(104)) - da2d6c50-3a54-44e9-82a6-2353152f6b4e: shutdown LeaderState
2019-09-12 11:42:24,655 [ForkJoinPool.commonPool-worker-1] INFO  impl.PendingRequests (PendingRequests.java:sendNotLeaderResponses(202)) - da2d6c50-3a54-44e9-82a6-2353152f6b4e-PendingRequests: sendNotLeaderResponses
2019-09-12 11:42:24,655 [ForkJoinPool.commonPool-worker-1] INFO  impl.StateMachineUpdater (StateMachineUpdater.java:stopAndJoin(115)) - StateMachineUpdater:da2d6c50-3a54-44e9-82a6-2353152f6b4e:group-2CD7C6B34892: set stopIndex = 0
2019-09-12 11:42:24,655 [ForkJoinPool.commonPool-worker-1] INFO  impl.RaftServerImpl (ServerState.java:close(394)) - da2d6c50-3a54-44e9-82a6-2353152f6b4e:group-2CD7C6B34892 closes. The last applied log index is 0
2019-09-12 11:42:24,656 [da2d6c50-3a54-44e9-82a6-2353152f6b4e-SegmentedRaftLogWorker:Storage Directory /workdir/hadoop-ozone/ozonefs/target/test-dir/MiniOzoneClusterImpl-a0aea141-3c1c-4ab4-ba0c-769bf23ae178/datanode-2/data/ratis/102b4b3f-1ab7-4b16-884f-2cd7c6b34892] INFO  segmented.SegmentedRaftLogWorker (SegmentedRaftLogWorker.java:run(313)) - da2d6c50-3a54-44e9-82a6-2353152f6b4e-SegmentedRaftLogWorker:Storage Directory /workdir/hadoop-ozone/ozonefs/target/test-dir/MiniOzoneClusterImpl-a0aea141-3c1c-4ab4-ba0c-769bf23ae178/datanode-2/data/ratis/102b4b3f-1ab7-4b16-884f-2cd7c6b34892 was interrupted, exiting. There are 0 tasks remaining in the queue.
2019-09-12 11:42:24,656 [ForkJoinPool.commonPool-worker-1] INFO  segmented.SegmentedRaftLogWorker (SegmentedRaftLogWorker.java:close(228)) - da2d6c50-3a54-44e9-82a6-2353152f6b4e-SegmentedRaftLogWorker:Storage Directory /workdir/hadoop-ozone/ozonefs/target/test-dir/MiniOzoneClusterImpl-a0aea141-3c1c-4ab4-ba0c-769bf23ae178/datanode-2/data/ratis/102b4b3f-1ab7-4b16-884f-2cd7c6b34892 close()
2019-09-12 11:42:24,657 [ForkJoinPool.commonPool-worker-1] INFO  impl.RaftServerImpl (RaftServerImpl.java:lambda$shutdown$3(245)) - da2d6c50-3a54-44e9-82a6-2353152f6b4e: shutdown group-7382719DF382
2019-09-12 11:42:24,657 [ForkJoinPool.commonPool-worker-1] INFO  util.JmxRegister (JmxRegister.java:unregister(73)) - Successfully un-registered JMX Bean with object name Ratis:service=RaftServer,group=group-7382719DF382,id=da2d6c50-3a54-44e9-82a6-2353152f6b4e
2019-09-12 11:42:24,658 [ForkJoinPool.commonPool-worker-1] INFO  impl.RoleInfo (RoleInfo.java:shutdownLeaderState(104)) - da2d6c50-3a54-44e9-82a6-2353152f6b4e: shutdown LeaderState
2019-09-12 11:42:24,658 [ForkJoinPool.commonPool-worker-1] INFO  impl.PendingRequests (PendingRequests.java:sendNotLeaderResponses(202)) - da2d6c50-3a54-44e9-82a6-2353152f6b4e-PendingRequests: sendNotLeaderResponses
2019-09-12 11:42:24,658 [ForkJoinPool.commonPool-worker-1] INFO  impl.StateMachineUpdater (StateMachineUpdater.java:stopAndJoin(115)) - StateMachineUpdater:da2d6c50-3a54-44e9-82a6-2353152f6b4e:group-7382719DF382: set stopIndex = 0
2019-09-12 11:42:24,659 [ForkJoinPool.commonPool-worker-1] INFO  impl.RaftServerImpl (ServerState.java:close(394)) - da2d6c50-3a54-44e9-82a6-2353152f6b4e:group-7382719DF382 closes. The last applied log index is 0
2019-09-12 11:42:24,659 [da2d6c50-3a54-44e9-82a6-2353152f6b4e-SegmentedRaftLogWorker:Storage Directory /workdir/hadoop-ozone/ozonefs/target/test-dir/MiniOzoneClusterImpl-a0aea141-3c1c-4ab4-ba0c-769bf23ae178/datanode-2/data/ratis/92639d34-d494-4aaf-b54e-7382719df382] INFO  segmented.SegmentedRaftLogWorker (SegmentedRaftLogWorker.java:run(313)) - da2d6c50-3a54-44e9-82a6-2353152f6b4e-SegmentedRaftLogWorker:Storage Directory /workdir/hadoop-ozone/ozonefs/target/test-dir/MiniOzoneClusterImpl-a0aea141-3c1c-4ab4-ba0c-769bf23ae178/datanode-2/data/ratis/92639d34-d494-4aaf-b54e-7382719df382 was interrupted, exiting. There are 0 tasks remaining in the queue.
2019-09-12 11:42:24,660 [ForkJoinPool.commonPool-worker-1] INFO  segmented.SegmentedRaftLogWorker (SegmentedRaftLogWorker.java:close(228)) - da2d6c50-3a54-44e9-82a6-2353152f6b4e-SegmentedRaftLogWorker:Storage Directory /workdir/hadoop-ozone/ozonefs/target/test-dir/MiniOzoneClusterImpl-a0aea141-3c1c-4ab4-ba0c-769bf23ae178/datanode-2/data/ratis/92639d34-d494-4aaf-b54e-7382719df382 close()
2019-09-12 11:42:24,661 [ForkJoinPool.commonPool-worker-1] INFO  impl.RaftServerImpl (RaftServerImpl.java:lambda$shutdown$3(245)) - da2d6c50-3a54-44e9-82a6-2353152f6b4e: shutdown group-FBA4FED66001
2019-09-12 11:42:24,661 [ForkJoinPool.commonPool-worker-1] INFO  util.JmxRegister (JmxRegister.java:unregister(73)) - Successfully un-registered JMX Bean with object name Ratis:service=RaftServer,group=group-FBA4FED66001,id=da2d6c50-3a54-44e9-82a6-2353152f6b4e
2019-09-12 11:42:24,662 [ForkJoinPool.commonPool-worker-1] INFO  impl.RoleInfo (RoleInfo.java:shutdownLeaderState(104)) - da2d6c50-3a54-44e9-82a6-2353152f6b4e: shutdown LeaderState
2019-09-12 11:42:24,662 [ForkJoinPool.commonPool-worker-1] INFO  impl.PendingRequests (PendingRequests.java:sendNotLeaderResponses(202)) - da2d6c50-3a54-44e9-82a6-2353152f6b4e-PendingRequests: sendNotLeaderResponses
2019-09-12 11:42:24,662 [ForkJoinPool.commonPool-worker-1] INFO  impl.StateMachineUpdater (StateMachineUpdater.java:stopAndJoin(115)) - StateMachineUpdater:da2d6c50-3a54-44e9-82a6-2353152f6b4e:group-FBA4FED66001: set stopIndex = 0
2019-09-12 11:42:24,663 [ForkJoinPool.commonPool-worker-1] INFO  impl.RaftServerImpl (ServerState.java:close(394)) - da2d6c50-3a54-44e9-82a6-2353152f6b4e:group-FBA4FED66001 closes. The last applied log index is 0
2019-09-12 11:42:24,663 [da2d6c50-3a54-44e9-82a6-2353152f6b4e-SegmentedRaftLogWorker:Storage Directory /workdir/hadoop-ozone/ozonefs/target/test-dir/MiniOzoneClusterImpl-a0aea141-3c1c-4ab4-ba0c-769bf23ae178/datanode-2/data/ratis/22443247-8582-412d-a510-fba4fed66001] INFO  segmented.SegmentedRaftLogWorker (SegmentedRaftLogWorker.java:run(313)) - da2d6c50-3a54-44e9-82a6-2353152f6b4e-SegmentedRaftLogWorker:Storage Directory /workdir/hadoop-ozone/ozonefs/target/test-dir/MiniOzoneClusterImpl-a0aea141-3c1c-4ab4-ba0c-769bf23ae178/datanode-2/data/ratis/22443247-8582-412d-a510-fba4fed66001 was interrupted, exiting. There are 0 tasks remaining in the queue.
2019-09-12 11:42:24,663 [ForkJoinPool.commonPool-worker-1] INFO  segmented.SegmentedRaftLogWorker (SegmentedRaftLogWorker.java:close(228)) - da2d6c50-3a54-44e9-82a6-2353152f6b4e-SegmentedRaftLogWorker:Storage Directory /workdir/hadoop-ozone/ozonefs/target/test-dir/MiniOzoneClusterImpl-a0aea141-3c1c-4ab4-ba0c-769bf23ae178/datanode-2/data/ratis/22443247-8582-412d-a510-fba4fed66001 close()
2019-09-12 11:42:24,665 [ForkJoinPool.commonPool-worker-1] INFO  server.GrpcService (GrpcService.java:closeImpl(155)) - da2d6c50-3a54-44e9-82a6-2353152f6b4e: shutdown server with port 34100 now
2019-09-12 11:42:24,666 [ForkJoinPool.commonPool-worker-1] INFO  server.GrpcService (GrpcService.java:closeImpl(163)) - da2d6c50-3a54-44e9-82a6-2353152f6b4e: shutdown server with port 34100 successfully
2019-09-12 11:42:24,668 [ForkJoinPool.commonPool-worker-1] INFO  utils.BackgroundService (BackgroundService.java:shutdown(148)) - Shutting down service BlockDeletingService
2019-09-12 11:42:24,670 [refreshUsed-/workdir/hadoop-ozone/ozonefs/target/test-dir/MiniOzoneClusterImpl-a0aea141-3c1c-4ab4-ba0c-769bf23ae178/datanode-2/data/containers] WARN  fs.CachingGetSpaceUsed (CachingGetSpaceUsed.java:run(183)) - Thread Interrupted waiting to refresh disk information: sleep interrupted
2019-09-12 11:42:24,705 [ForkJoinPool.commonPool-worker-1] INFO  statemachine.DatanodeStateMachine (DatanodeStateMachine.java:stopDaemon(395)) - Ozone container server stopped.
2019-09-12 11:42:24,722 [ForkJoinPool.commonPool-worker-1] INFO  handler.ContextHandler (ContextHandler.java:doStop(910)) - Stopped o.e.j.w.WebAppContext@234c95d{/,null,UNAVAILABLE}{/hddsDatanode}
2019-09-12 11:42:24,723 [ForkJoinPool.commonPool-worker-1] INFO  server.AbstractConnector (AbstractConnector.java:doStop(318)) - Stopped ServerConnector@eccd19d{HTTP/1.1,[http/1.1]}{0.0.0.0:0}
2019-09-12 11:42:24,726 [ForkJoinPool.commonPool-worker-1] INFO  handler.ContextHandler (ContextHandler.java:doStop(910)) - Stopped o.e.j.s.ServletContextHandler@5cebc471{/static,jar:file:/home/user/.m2/repository/org/apache/hadoop/hadoop-hdds-container-service/0.5.0-SNAPSHOT/hadoop-hdds-container-service-0.5.0-SNAPSHOT.jar!/webapps/static,UNAVAILABLE}
2019-09-12 11:42:24,726 [ForkJoinPool.commonPool-worker-1] INFO  handler.ContextHandler (ContextHandler.java:doStop(910)) - Stopped o.e.j.s.ServletContextHandler@2704e4da{/logs,file:///workdir/hadoop-ozone/ozonefs/target/log,UNAVAILABLE}
2019-09-12 11:42:24,728 [Thread-806] INFO  ozone.MiniOzoneClusterImpl (MiniOzoneClusterImpl.java:stop(353)) - Stopping the StorageContainerManager
2019-09-12 11:42:24,728 [Thread-806] INFO  server.StorageContainerManager (StorageContainerManager.java:stop(797)) - Stopping Replication Manager Service.
2019-09-12 11:42:24,728 [Thread-806] INFO  container.ReplicationManager (ReplicationManager.java:stop(192)) - Stopping Replication Monitor Thread.
2019-09-12 11:42:24,729 [Thread-806] INFO  server.StorageContainerManager (StorageContainerManager.java:stop(804)) - Stopping Lease Manager of the command watchers
2019-09-12 11:42:24,729 [Thread-806] INFO  server.StorageContainerManager (StorageContainerManager.java:stop(811)) - Stopping datanode service RPC server
2019-09-12 11:42:24,729 [Thread-806] INFO  server.SCMDatanodeProtocolServer (SCMDatanodeProtocolServer.java:stop(367)) - Stopping the RPC server for DataNodes
2019-09-12 11:42:24,729 [Thread-806] INFO  ipc.Server (Server.java:stop(3082)) - Stopping server on 41790
2019-09-12 11:42:24,731 [IPC Server listener on 41790] INFO  ipc.Server (Server.java:run(1185)) - Stopping IPC Server listener on 41790
2019-09-12 11:42:24,731 [IPC Server Responder] INFO  ipc.Server (Server.java:run(1319)) - Stopping IPC Server Responder
2019-09-12 11:42:24,763 [SCM Heartbeat Processing Thread - 0] WARN  node.NodeStateManager (NodeStateManager.java:scheduleNextHealthCheck(655)) - Current Thread is interrupted, shutting down HB processing thread for Node Manager.
2019-09-12 11:42:24,764 [Thread-806] INFO  server.StorageContainerManager (StorageContainerManager.java:stop(819)) - Stopping block service RPC server
2019-09-12 11:42:24,764 [Thread-806] INFO  server.SCMBlockProtocolServer (SCMBlockProtocolServer.java:stop(148)) - Stopping the RPC server for Block Protocol
2019-09-12 11:42:24,764 [Thread-806] INFO  ipc.Server (Server.java:stop(3082)) - Stopping server on 41981
2019-09-12 11:42:24,766 [IPC Server listener on 41981] INFO  ipc.Server (Server.java:run(1185)) - Stopping IPC Server listener on 41981
2019-09-12 11:42:24,766 [IPC Server Responder] INFO  ipc.Server (Server.java:run(1319)) - Stopping IPC Server Responder
2019-09-12 11:42:24,766 [Thread-806] INFO  server.StorageContainerManager (StorageContainerManager.java:stop(826)) - Stopping the StorageContainerLocationProtocol RPC server
2019-09-12 11:42:24,768 [Thread-806] INFO  server.SCMClientProtocolServer (SCMClientProtocolServer.java:stop(159)) - Stopping the RPC server for Client Protocol
2019-09-12 11:42:24,768 [Thread-806] INFO  ipc.Server (Server.java:stop(3082)) - Stopping server on 45273
2019-09-12 11:42:24,770 [IPC Server listener on 45273] INFO  ipc.Server (Server.java:run(1185)) - Stopping IPC Server listener on 45273
2019-09-12 11:42:24,770 [Thread-806] INFO  server.StorageContainerManager (StorageContainerManager.java:stop(833)) - Stopping Storage Container Manager HTTP server.
2019-09-12 11:42:24,770 [IPC Server Responder] INFO  ipc.Server (Server.java:run(1319)) - Stopping IPC Server Responder
2019-09-12 11:42:24,774 [Thread-806] INFO  handler.ContextHandler (ContextHandler.java:doStop(910)) - Stopped o.e.j.w.WebAppContext@32ad1e62{/,null,UNAVAILABLE}{/scm}
2019-09-12 11:42:24,775 [Thread-806] INFO  server.AbstractConnector (AbstractConnector.java:doStop(318)) - Stopped ServerConnector@42de636e{HTTP/1.1,[http/1.1]}{0.0.0.0:0}
2019-09-12 11:42:24,776 [Thread-806] INFO  handler.ContextHandler (ContextHandler.java:doStop(910)) - Stopped o.e.j.s.ServletContextHandler@539aea7c{/static,jar:file:/home/user/.m2/repository/org/apache/hadoop/hadoop-hdds-server-scm/0.5.0-SNAPSHOT/hadoop-hdds-server-scm-0.5.0-SNAPSHOT.jar!/webapps/static,UNAVAILABLE}
2019-09-12 11:42:24,776 [Thread-806] INFO  handler.ContextHandler (ContextHandler.java:doStop(910)) - Stopped o.e.j.s.ServletContextHandler@6ffa80df{/logs,file:///workdir/hadoop-ozone/ozonefs/target/log,UNAVAILABLE}
2019-09-12 11:42:24,777 [Thread-806] INFO  server.StorageContainerManager (StorageContainerManager.java:stop(844)) - Stopping Block Manager Service.
2019-09-12 11:42:24,777 [Thread-806] INFO  utils.BackgroundService (BackgroundService.java:shutdown(148)) - Shutting down service SCMBlockDeletingService
2019-09-12 11:42:24,778 [Thread-806] INFO  utils.BackgroundService (BackgroundService.java:shutdown(148)) - Shutting down service SCMBlockDeletingService
2019-09-12 11:42:24,778 [Thread-806] INFO  server.StorageContainerManager (StorageContainerManager.java:stop(866)) - Stopping SCM Event Queue.
2019-09-12 11:42:24,782 [Thread-806] INFO  impl.MetricsSystemImpl (MetricsSystemImpl.java:stop(210)) - Stopping HddsDatanode metrics system...
2019-09-12 11:42:24,796 [Thread-806] INFO  impl.MetricsSystemImpl (MetricsSystemImpl.java:stop(216)) - HddsDatanode metrics system stopped.
]]></system-out>
    <system-err><![CDATA[Sep 12, 2019 11:42:08 AM com.sun.jersey.server.impl.application.WebApplicationImpl _initiate
INFO: Initiating Jersey application, version 'Jersey: 1.19 02/11/2015 03:25 AM'
Sep 12, 2019 11:42:08 AM com.sun.jersey.server.impl.application.WebApplicationImpl _initiate
INFO: Initiating Jersey application, version 'Jersey: 1.19 02/11/2015 03:25 AM'
Sep 12, 2019 11:42:09 AM com.sun.jersey.server.impl.application.WebApplicationImpl _initiate
INFO: Initiating Jersey application, version 'Jersey: 1.19 02/11/2015 03:25 AM'
Sep 12, 2019 11:42:14 AM com.sun.jersey.server.impl.application.WebApplicationImpl _initiate
INFO: Initiating Jersey application, version 'Jersey: 1.19 02/11/2015 03:25 AM'
]]></system-err>
  </testcase>
  <testcase name="testCreateDoesNotAddParentDirKeys" classname="org.apache.hadoop.fs.ozone.TestOzoneFileSystem" time="17.652">
    <error message="Allocated 0 blocks. Requested 1 blocks" type="INTERNAL_ERROR org.apache.hadoop.ozone.om.exceptions.OMException">INTERNAL_ERROR org.apache.hadoop.ozone.om.exceptions.OMException: Allocated 0 blocks. Requested 1 blocks
	at org.apache.hadoop.ozone.om.protocolPB.OzoneManagerProtocolClientSideTranslatorPB.handleError(OzoneManagerProtocolClientSideTranslatorPB.java:725)
	at org.apache.hadoop.ozone.om.protocolPB.OzoneManagerProtocolClientSideTranslatorPB.createFile(OzoneManagerProtocolClientSideTranslatorPB.java:1474)
	at org.apache.hadoop.ozone.client.rpc.RpcClient.createFile(RpcClient.java:984)
	at org.apache.hadoop.ozone.client.OzoneBucket.createFile(OzoneBucket.java:535)
	at org.apache.hadoop.fs.ozone.BasicOzoneClientAdapterImpl.createFile(BasicOzoneClientAdapterImpl.java:181)
	at org.apache.hadoop.fs.ozone.BasicOzoneFileSystem.createOutputStream(BasicOzoneFileSystem.java:249)
	at org.apache.hadoop.fs.ozone.BasicOzoneFileSystem.create(BasicOzoneFileSystem.java:230)
	at org.apache.hadoop.fs.FileSystem.create(FileSystem.java:1118)
	at org.apache.hadoop.fs.FileSystem.create(FileSystem.java:1098)
	at org.apache.hadoop.fs.FileSystem.create(FileSystem.java:987)
	at org.apache.hadoop.fs.contract.ContractTestUtils.createFile(ContractTestUtils.java:633)
	at org.apache.hadoop.fs.contract.ContractTestUtils.touch(ContractTestUtils.java:669)
	at org.apache.hadoop.fs.ozone.TestOzoneFileSystem.testCreateDoesNotAddParentDirKeys(TestOzoneFileSystem.java:130)
	at sun.reflect.NativeMethodAccessorImpl.invoke0(Native Method)
	at sun.reflect.NativeMethodAccessorImpl.invoke(NativeMethodAccessorImpl.java:62)
	at sun.reflect.DelegatingMethodAccessorImpl.invoke(DelegatingMethodAccessorImpl.java:43)
	at java.lang.reflect.Method.invoke(Method.java:498)
	at org.junit.runners.model.FrameworkMethod$1.runReflectiveCall(FrameworkMethod.java:47)
	at org.junit.internal.runners.model.ReflectiveCallable.run(ReflectiveCallable.java:12)
	at org.junit.runners.model.FrameworkMethod.invokeExplosively(FrameworkMethod.java:44)
	at org.junit.internal.runners.statements.InvokeMethod.evaluate(InvokeMethod.java:17)
	at org.junit.internal.runners.statements.RunBefores.evaluate(RunBefores.java:26)
	at org.junit.internal.runners.statements.RunAfters.evaluate(RunAfters.java:27)
	at org.junit.internal.runners.statements.FailOnTimeout$StatementThread.run(FailOnTimeout.java:74)
</error>
    <system-out><![CDATA[2019-09-12 11:42:24,849 [Thread-1072] WARN  server.ServerUtils (ServerUtils.java:getScmDbDir(145)) - ozone.scm.db.dirs is not configured. We recommend adding this setting. Falling back to ozone.metadata.dirs instead.
2019-09-12 11:42:24,883 [Thread-1072] WARN  server.ServerUtils (ServerUtils.java:getScmDbDir(145)) - ozone.scm.db.dirs is not configured. We recommend adding this setting. Falling back to ozone.metadata.dirs instead.
2019-09-12 11:42:24,883 [Thread-1072] WARN  server.ServerUtils (ServerUtils.java:getScmDbDir(145)) - ozone.scm.db.dirs is not configured. We recommend adding this setting. Falling back to ozone.metadata.dirs instead.
2019-09-12 11:42:24,884 [Thread-1072] INFO  db.DBStoreBuilder (DBStoreBuilder.java:addTable(110)) - using custom profile for table: deletedBlocks
2019-09-12 11:42:24,884 [Thread-1072] INFO  db.DBStoreBuilder (DBStoreBuilder.java:processTables(161)) - Using default column profile:DBProfile.DISK for Table:deletedBlocks
2019-09-12 11:42:24,885 [Thread-1072] INFO  db.DBStoreBuilder (DBStoreBuilder.java:addTable(110)) - using custom profile for table: validCerts
2019-09-12 11:42:24,885 [Thread-1072] INFO  db.DBStoreBuilder (DBStoreBuilder.java:processTables(161)) - Using default column profile:DBProfile.DISK for Table:validCerts
2019-09-12 11:42:24,885 [Thread-1072] INFO  db.DBStoreBuilder (DBStoreBuilder.java:addTable(110)) - using custom profile for table: revokedCerts
2019-09-12 11:42:24,885 [Thread-1072] INFO  db.DBStoreBuilder (DBStoreBuilder.java:processTables(161)) - Using default column profile:DBProfile.DISK for Table:revokedCerts
2019-09-12 11:42:24,886 [Thread-1072] INFO  db.DBStoreBuilder (DBStoreBuilder.java:addTable(110)) - using custom profile for table: default
2019-09-12 11:42:24,886 [Thread-1072] INFO  db.DBStoreBuilder (DBStoreBuilder.java:processTables(167)) - Using default column profile:DBProfile.DISK for Table:default
2019-09-12 11:42:24,886 [Thread-1072] INFO  db.DBStoreBuilder (DBStoreBuilder.java:getDbProfile(198)) - Using default options. DBProfile.DISK
2019-09-12 11:42:25,063 [Thread-1072] INFO  net.NodeSchemaLoader (NodeSchemaLoader.java:loadSchemaFromFile(125)) - Loading file from sun.misc.CompoundEnumeration@51465117
2019-09-12 11:42:25,063 [Thread-1072] INFO  net.NodeSchemaLoader (NodeSchemaLoader.java:loadSchema(171)) - Loading network topology layer schema file
2019-09-12 11:42:25,068 [Thread-1072] WARN  server.ServerUtils (ServerUtils.java:sanitizeUserArgs(70)) - ozone.scm.stale.node.interval value = 300000 is larger than max = 100000 based on the key value of ozone.scm.heartbeat.thread.interval, reset to the max value 100000.
2019-09-12 11:42:25,068 [Thread-1072] WARN  server.ServerUtils (ServerUtils.java:sanitizeUserArgs(70)) - ozone.scm.stale.node.interval value = 300000 is larger than max = 100000 based on the key value of ozone.scm.heartbeat.thread.interval, reset to the max value 100000.
2019-09-12 11:42:25,069 [Thread-1072] INFO  node.SCMNodeManager (SCMNodeManager.java:<init>(121)) - Entering startup safe mode.
2019-09-12 11:42:25,069 [Thread-1072] INFO  algorithms.ContainerPlacementPolicyFactory (ContainerPlacementPolicyFactory.java:getPolicy(56)) - Create container placement policy of type org.apache.hadoop.hdds.scm.container.placement.algorithms.SCMContainerPlacementRandom
2019-09-12 11:42:25,070 [Thread-1072] WARN  server.ServerUtils (ServerUtils.java:getScmDbDir(145)) - ozone.scm.db.dirs is not configured. We recommend adding this setting. Falling back to ozone.metadata.dirs instead.
2019-09-12 11:42:25,099 [Thread-1072] INFO  pipeline.SCMPipelineManager (SCMPipelineManager.java:initializePipelineState(126)) - No pipeline exists in current db
2019-09-12 11:42:25,100 [Thread-1072] WARN  server.ServerUtils (ServerUtils.java:getScmDbDir(145)) - ozone.scm.db.dirs is not configured. We recommend adding this setting. Falling back to ozone.metadata.dirs instead.
2019-09-12 11:42:25,150 [Thread-1072] WARN  events.EventQueue (EventQueue.java:fireEvent(175)) - No event handler registered for event TypedEvent{payloadType=SafeModeStatus, name='SafeModeStatus'}
2019-09-12 11:42:25,152 [Thread-1072] INFO  ipc.CallQueueManager (CallQueueManager.java:<init>(84)) - Using callQueue: class java.util.concurrent.LinkedBlockingQueue, queueCapacity: 2000, scheduler: class org.apache.hadoop.ipc.DefaultRpcScheduler, ipcBackoff: false.
2019-09-12 11:42:25,153 [Socket Reader #1 for port 33448] INFO  ipc.Server (Server.java:run(1074)) - Starting Socket Reader #1 for port 33448
2019-09-12 11:42:25,155 [Thread-1072] INFO  ipc.CallQueueManager (CallQueueManager.java:<init>(84)) - Using callQueue: class java.util.concurrent.LinkedBlockingQueue, queueCapacity: 2000, scheduler: class org.apache.hadoop.ipc.DefaultRpcScheduler, ipcBackoff: false.
2019-09-12 11:42:25,156 [Socket Reader #1 for port 46077] INFO  ipc.Server (Server.java:run(1074)) - Starting Socket Reader #1 for port 46077
2019-09-12 11:42:25,158 [Thread-1072] INFO  ipc.CallQueueManager (CallQueueManager.java:<init>(84)) - Using callQueue: class java.util.concurrent.LinkedBlockingQueue, queueCapacity: 2000, scheduler: class org.apache.hadoop.ipc.DefaultRpcScheduler, ipcBackoff: false.
2019-09-12 11:42:25,159 [Socket Reader #1 for port 37047] INFO  ipc.Server (Server.java:run(1074)) - Starting Socket Reader #1 for port 37047
2019-09-12 11:42:25,163 [Thread-1072] INFO  hdfs.DFSUtil (DFSUtil.java:httpServerTemplateForNNAndJN(1641)) - Starting Web-server for scm at: http://0.0.0.0:0
2019-09-12 11:42:25,168 [Thread-1072] INFO  server.AuthenticationFilter (AuthenticationFilter.java:constructSecretProvider(240)) - Unable to initialize FileSignerSecretProvider, falling back to use random secrets.
2019-09-12 11:42:25,169 [Thread-1072] WARN  http.HttpRequestLog (HttpRequestLog.java:getRequestLog(97)) - Jetty request log can only be enabled using Log4j
2019-09-12 11:42:25,172 [Thread-1072] INFO  http.HttpServer2 (HttpServer2.java:addGlobalFilter(975)) - Added global filter 'safety' (class=org.apache.hadoop.http.HttpServer2$QuotingInputFilter)
2019-09-12 11:42:25,174 [Thread-1072] INFO  http.HttpServer2 (HttpServer2.java:addFilter(948)) - Added filter static_user_filter (class=org.apache.hadoop.http.lib.StaticUserWebFilter$StaticUserFilter) to context scm
2019-09-12 11:42:25,174 [Thread-1072] INFO  http.HttpServer2 (HttpServer2.java:addFilter(958)) - Added filter static_user_filter (class=org.apache.hadoop.http.lib.StaticUserWebFilter$StaticUserFilter) to context static
2019-09-12 11:42:25,174 [Thread-1072] INFO  http.HttpServer2 (HttpServer2.java:addFilter(958)) - Added filter static_user_filter (class=org.apache.hadoop.http.lib.StaticUserWebFilter$StaticUserFilter) to context logs
2019-09-12 11:42:25,177 [Thread-1072] INFO  server.StorageContainerManager (StorageContainerManager.java:start(759)) - StorageContainerLocationProtocol RPC server is listening at /0.0.0.0:37047
2019-09-12 11:42:25,181 [Thread-1072] WARN  impl.MetricsConfig (MetricsConfig.java:loadFirst(134)) - Cannot locate configuration: tried hadoop-metrics2-storagecontainermanager.properties,hadoop-metrics2.properties
2019-09-12 11:42:25,183 [Thread-1072] INFO  impl.MetricsSystemImpl (MetricsSystemImpl.java:startTimer(374)) - Scheduled Metric snapshot period at 10 second(s).
2019-09-12 11:42:25,183 [Thread-1072] INFO  impl.MetricsSystemImpl (MetricsSystemImpl.java:start(191)) - StorageContainerManager metrics system started
2019-09-12 11:42:25,560 [Thread-1072] INFO  server.SCMClientProtocolServer (SCMClientProtocolServer.java:start(151)) - RPC server for Client  is listening at /0.0.0.0:37047
2019-09-12 11:42:25,561 [IPC Server Responder] INFO  ipc.Server (Server.java:run(1314)) - IPC Server Responder: starting
2019-09-12 11:42:25,561 [IPC Server listener on 37047] INFO  ipc.Server (Server.java:run(1153)) - IPC Server listener on 37047: starting
2019-09-12 11:42:25,564 [Thread-1072] INFO  server.StorageContainerManager (StorageContainerManager.java:start(769)) - ScmBlockLocationProtocol RPC server is listening at /0.0.0.0:46077
2019-09-12 11:42:25,564 [Thread-1072] INFO  server.SCMBlockProtocolServer (SCMBlockProtocolServer.java:start(140)) - RPC server for Block Protocol is listening at /0.0.0.0:46077
2019-09-12 11:42:25,565 [IPC Server Responder] INFO  ipc.Server (Server.java:run(1314)) - IPC Server Responder: starting
2019-09-12 11:42:25,565 [IPC Server listener on 46077] INFO  ipc.Server (Server.java:run(1153)) - IPC Server listener on 46077: starting
2019-09-12 11:42:25,568 [Thread-1072] INFO  server.StorageContainerManager (StorageContainerManager.java:start(773)) - ScmDatanodeProtocl RPC server is listening at /0.0.0.0:33448
2019-09-12 11:42:25,568 [Thread-1072] INFO  server.SCMDatanodeProtocolServer (SCMDatanodeProtocolServer.java:start(191)) - RPC server for DataNodes is listening at /0.0.0.0:33448
2019-09-12 11:42:25,568 [IPC Server Responder] INFO  ipc.Server (Server.java:run(1314)) - IPC Server Responder: starting
2019-09-12 11:42:25,568 [IPC Server listener on 33448] INFO  ipc.Server (Server.java:run(1153)) - IPC Server listener on 33448: starting
2019-09-12 11:42:25,572 [Thread-1072] INFO  http.HttpServer2 (HttpServer2.java:bindListener(1191)) - Jetty bound to port 39340
2019-09-12 11:42:25,572 [Thread-1072] INFO  server.Server (Server.java:doStart(351)) - jetty-9.3.24.v20180605, build timestamp: 2018-06-05T17:11:56Z, git hash: 84205aa28f11a4f31f2a3b86d1bba2cc8ab69827
2019-09-12 11:42:25,574 [Thread-1072] INFO  handler.ContextHandler (ContextHandler.java:doStart(781)) - Started o.e.j.s.ServletContextHandler@49ccdd13{/logs,file:///workdir/hadoop-ozone/ozonefs/target/log,AVAILABLE}
2019-09-12 11:42:25,575 [Thread-1072] INFO  handler.ContextHandler (ContextHandler.java:doStart(781)) - Started o.e.j.s.ServletContextHandler@440203f1{/static,jar:file:/home/user/.m2/repository/org/apache/hadoop/hadoop-hdds-server-scm/0.5.0-SNAPSHOT/hadoop-hdds-server-scm-0.5.0-SNAPSHOT.jar!/webapps/static,AVAILABLE}
2019-09-12 11:42:25,618 [Thread-1072] INFO  handler.ContextHandler (ContextHandler.java:doStart(781)) - Started o.e.j.w.WebAppContext@1f49b5a8{/,file:///tmp/jetty-0.0.0.0-39340-scm-_-any-2861101132757020230.dir/webapp/,AVAILABLE}{/scm}
2019-09-12 11:42:25,619 [Thread-1072] INFO  server.AbstractConnector (AbstractConnector.java:doStart(278)) - Started ServerConnector@5a7aa2bb{HTTP/1.1,[http/1.1]}{0.0.0.0:39340}
2019-09-12 11:42:25,622 [Thread-1072] INFO  server.Server (Server.java:doStart(419)) - Started @77225ms
2019-09-12 11:42:25,623 [Thread-1072] INFO  server.BaseHttpServer (BaseHttpServer.java:updateConnectorAddress(213)) - HTTP server of SCM is listening at http://0.0.0.0:39340
2019-09-12 11:42:25,626 [Thread-1072] WARN  server.ServerUtils (ServerUtils.java:getDBPath(222)) - ozone.om.db.dirs is not configured. We recommend adding this setting. Falling back to ozone.metadata.dirs instead.
2019-09-12 11:42:25,626 [org.apache.hadoop.util.JvmPauseMonitor$Monitor@265f094f] INFO  util.JvmPauseMonitor (JvmPauseMonitor.java:run(188)) - Starting JVM pause monitor
2019-09-12 11:42:25,640 [Thread-1072] WARN  server.ServerUtils (ServerUtils.java:getDBPath(222)) - ozone.om.db.dirs is not configured. We recommend adding this setting. Falling back to ozone.metadata.dirs instead.
2019-09-12 11:42:25,640 [Thread-1072] WARN  server.ServerUtils (ServerUtils.java:getDBPath(222)) - ozone.om.db.dirs is not configured. We recommend adding this setting. Falling back to ozone.metadata.dirs instead.
2019-09-12 11:42:25,641 [Thread-1072] INFO  om.OzoneManager (OzoneManager.java:setOMNodeDetails(645)) - OM Service ID is not set. Setting it to the default ID: omServiceIdDefault
2019-09-12 11:42:25,641 [Thread-1072] INFO  om.OzoneManager (OzoneManager.java:setOMNodeDetails(651)) - OM Node ID is not set. Setting it to the OmStorage's OmID: a6ee587e-0f6d-42c1-97be-9c50cd2d6bc8
2019-09-12 11:42:25,641 [Thread-1072] INFO  om.OzoneManager (OzoneManager.java:loadOMHAConfigs(602)) - Found matching OM address with OMServiceId: null, OMNodeId: null, RPC Address: localhost:0 and Ratis port: 9872
2019-09-12 11:42:25,646 | INFO  | SCMAudit | user=jenkins1000 | ip=192.168.157.195 | op=GET_SCM_INFO null | ret=SUCCESS |  
2019-09-12 11:42:25,649 [Thread-1072] WARN  server.ServerUtils (ServerUtils.java:getDBPath(222)) - ozone.om.db.dirs is not configured. We recommend adding this setting. Falling back to ozone.metadata.dirs instead.
2019-09-12 11:42:25,650 [Thread-1072] INFO  db.DBStoreBuilder (DBStoreBuilder.java:addTable(110)) - using custom profile for table: userTable
2019-09-12 11:42:25,650 [Thread-1072] INFO  db.DBStoreBuilder (DBStoreBuilder.java:processTables(161)) - Using default column profile:DBProfile.DISK for Table:userTable
2019-09-12 11:42:25,650 [Thread-1072] INFO  db.DBStoreBuilder (DBStoreBuilder.java:addTable(110)) - using custom profile for table: volumeTable
2019-09-12 11:42:25,651 [Thread-1072] INFO  db.DBStoreBuilder (DBStoreBuilder.java:processTables(161)) - Using default column profile:DBProfile.DISK for Table:volumeTable
2019-09-12 11:42:25,651 [Thread-1072] INFO  db.DBStoreBuilder (DBStoreBuilder.java:addTable(110)) - using custom profile for table: bucketTable
2019-09-12 11:42:25,651 [Thread-1072] INFO  db.DBStoreBuilder (DBStoreBuilder.java:processTables(161)) - Using default column profile:DBProfile.DISK for Table:bucketTable
2019-09-12 11:42:25,651 [Thread-1072] INFO  db.DBStoreBuilder (DBStoreBuilder.java:addTable(110)) - using custom profile for table: keyTable
2019-09-12 11:42:25,651 [Thread-1072] INFO  db.DBStoreBuilder (DBStoreBuilder.java:processTables(161)) - Using default column profile:DBProfile.DISK for Table:keyTable
2019-09-12 11:42:25,652 [Thread-1072] INFO  db.DBStoreBuilder (DBStoreBuilder.java:addTable(110)) - using custom profile for table: deletedTable
2019-09-12 11:42:25,652 [Thread-1072] INFO  db.DBStoreBuilder (DBStoreBuilder.java:processTables(161)) - Using default column profile:DBProfile.DISK for Table:deletedTable
2019-09-12 11:42:25,652 [Thread-1072] INFO  db.DBStoreBuilder (DBStoreBuilder.java:addTable(110)) - using custom profile for table: openKeyTable
2019-09-12 11:42:25,652 [Thread-1072] INFO  db.DBStoreBuilder (DBStoreBuilder.java:processTables(161)) - Using default column profile:DBProfile.DISK for Table:openKeyTable
2019-09-12 11:42:25,653 [Thread-1072] INFO  db.DBStoreBuilder (DBStoreBuilder.java:addTable(110)) - using custom profile for table: s3Table
2019-09-12 11:42:25,653 [Thread-1072] INFO  db.DBStoreBuilder (DBStoreBuilder.java:processTables(161)) - Using default column profile:DBProfile.DISK for Table:s3Table
2019-09-12 11:42:25,653 [Thread-1072] INFO  db.DBStoreBuilder (DBStoreBuilder.java:addTable(110)) - using custom profile for table: multipartInfoTable
2019-09-12 11:42:25,653 [Thread-1072] INFO  db.DBStoreBuilder (DBStoreBuilder.java:processTables(161)) - Using default column profile:DBProfile.DISK for Table:multipartInfoTable
2019-09-12 11:42:25,653 [Thread-1072] INFO  db.DBStoreBuilder (DBStoreBuilder.java:addTable(110)) - using custom profile for table: dTokenTable
2019-09-12 11:42:25,653 [Thread-1072] INFO  db.DBStoreBuilder (DBStoreBuilder.java:processTables(161)) - Using default column profile:DBProfile.DISK for Table:dTokenTable
2019-09-12 11:42:25,654 [Thread-1072] INFO  db.DBStoreBuilder (DBStoreBuilder.java:addTable(110)) - using custom profile for table: s3SecretTable
2019-09-12 11:42:25,654 [Thread-1072] INFO  db.DBStoreBuilder (DBStoreBuilder.java:processTables(161)) - Using default column profile:DBProfile.DISK for Table:s3SecretTable
2019-09-12 11:42:25,654 [Thread-1072] INFO  db.DBStoreBuilder (DBStoreBuilder.java:addTable(110)) - using custom profile for table: prefixTable
2019-09-12 11:42:25,654 [Thread-1072] INFO  db.DBStoreBuilder (DBStoreBuilder.java:processTables(161)) - Using default column profile:DBProfile.DISK for Table:prefixTable
2019-09-12 11:42:25,654 [Thread-1072] INFO  db.DBStoreBuilder (DBStoreBuilder.java:addTable(110)) - using custom profile for table: default
2019-09-12 11:42:25,655 [Thread-1072] INFO  db.DBStoreBuilder (DBStoreBuilder.java:processTables(167)) - Using default column profile:DBProfile.DISK for Table:default
2019-09-12 11:42:25,655 [Thread-1072] INFO  db.DBStoreBuilder (DBStoreBuilder.java:getDbProfile(198)) - Using default options. DBProfile.DISK
2019-09-12 11:42:26,176 [Thread-1072] INFO  ipc.CallQueueManager (CallQueueManager.java:<init>(84)) - Using callQueue: class java.util.concurrent.LinkedBlockingQueue, queueCapacity: 2000, scheduler: class org.apache.hadoop.ipc.DefaultRpcScheduler, ipcBackoff: false.
2019-09-12 11:42:26,177 [Socket Reader #1 for port 46652] INFO  ipc.Server (Server.java:run(1074)) - Starting Socket Reader #1 for port 46652
2019-09-12 11:42:26,198 [Thread-1072] INFO  om.OzoneManager (OzoneManager.java:start(1256)) - OzoneManager RPC server is listening at localhost/127.0.0.1:46652
2019-09-12 11:42:26,198 [Thread-1072] INFO  impl.MetricsSystemImpl (MetricsSystemImpl.java:init(158)) - OzoneManager metrics system started (again)
2019-09-12 11:42:26,199 [IPC Server Responder] INFO  ipc.Server (Server.java:run(1314)) - IPC Server Responder: starting
2019-09-12 11:42:26,200 [IPC Server listener on 46652] INFO  ipc.Server (Server.java:run(1153)) - IPC Server listener on 46652: starting
2019-09-12 11:42:26,204 [Thread-1072] INFO  hdfs.DFSUtil (DFSUtil.java:httpServerTemplateForNNAndJN(1641)) - Starting Web-server for ozoneManager at: http://0.0.0.0:0
2019-09-12 11:42:26,206 [Thread-1072] INFO  server.AuthenticationFilter (AuthenticationFilter.java:constructSecretProvider(240)) - Unable to initialize FileSignerSecretProvider, falling back to use random secrets.
2019-09-12 11:42:26,207 [Thread-1072] WARN  http.HttpRequestLog (HttpRequestLog.java:getRequestLog(97)) - Jetty request log can only be enabled using Log4j
2019-09-12 11:42:26,210 [Thread-1072] INFO  http.HttpServer2 (HttpServer2.java:addGlobalFilter(975)) - Added global filter 'safety' (class=org.apache.hadoop.http.HttpServer2$QuotingInputFilter)
2019-09-12 11:42:26,211 [Thread-1072] INFO  http.HttpServer2 (HttpServer2.java:addFilter(948)) - Added filter static_user_filter (class=org.apache.hadoop.http.lib.StaticUserWebFilter$StaticUserFilter) to context ozoneManager
2019-09-12 11:42:26,211 [Thread-1072] INFO  http.HttpServer2 (HttpServer2.java:addFilter(958)) - Added filter static_user_filter (class=org.apache.hadoop.http.lib.StaticUserWebFilter$StaticUserFilter) to context logs
2019-09-12 11:42:26,211 [Thread-1072] INFO  http.HttpServer2 (HttpServer2.java:addFilter(958)) - Added filter static_user_filter (class=org.apache.hadoop.http.lib.StaticUserWebFilter$StaticUserFilter) to context static
2019-09-12 11:42:26,212 [Thread-1072] INFO  http.HttpServer2 (HttpServer2.java:bindListener(1191)) - Jetty bound to port 42876
2019-09-12 11:42:26,213 [Thread-1072] INFO  server.Server (Server.java:doStart(351)) - jetty-9.3.24.v20180605, build timestamp: 2018-06-05T17:11:56Z, git hash: 84205aa28f11a4f31f2a3b86d1bba2cc8ab69827
2019-09-12 11:42:26,215 [Thread-1072] INFO  handler.ContextHandler (ContextHandler.java:doStart(781)) - Started o.e.j.s.ServletContextHandler@675b2eea{/logs,file:///workdir/hadoop-ozone/ozonefs/target/log,AVAILABLE}
2019-09-12 11:42:26,216 [Thread-1072] INFO  handler.ContextHandler (ContextHandler.java:doStart(781)) - Started o.e.j.s.ServletContextHandler@63a1939{/static,jar:file:/home/user/.m2/repository/org/apache/hadoop/hadoop-ozone-ozone-manager/0.5.0-SNAPSHOT/hadoop-ozone-ozone-manager-0.5.0-SNAPSHOT.jar!/webapps/static,AVAILABLE}
2019-09-12 11:42:26,286 [Thread-1072] INFO  handler.ContextHandler (ContextHandler.java:doStart(781)) - Started o.e.j.w.WebAppContext@3a0c3ec6{/,file:///tmp/jetty-0.0.0.0-42876-ozoneManager-_-any-1485639230322647026.dir/webapp/,AVAILABLE}{/ozoneManager}
2019-09-12 11:42:26,287 [Thread-1072] INFO  server.AbstractConnector (AbstractConnector.java:doStart(278)) - Started ServerConnector@54b0b4fa{HTTP/1.1,[http/1.1]}{0.0.0.0:42876}
2019-09-12 11:42:26,288 [Thread-1072] INFO  server.Server (Server.java:doStart(419)) - Started @77890ms
2019-09-12 11:42:26,289 [Thread-1072] INFO  server.BaseHttpServer (BaseHttpServer.java:updateConnectorAddress(213)) - HTTP server of OZONEMANAGER is listening at http://0.0.0.0:42876
2019-09-12 11:42:26,297 [Thread-1072] INFO  impl.MetricsSystemImpl (MetricsSystemImpl.java:init(158)) - HddsDatanode metrics system started (again)
2019-09-12 11:42:26,300 [Thread-1072] INFO  ozone.HddsDatanodeService (HddsDatanodeService.java:start(184)) - HddsDatanodeService host:pr-hdds-1569-xtfnx-3545843844 ip:192.168.157.195
2019-09-12 11:42:26,309 [Thread-1072] INFO  volume.HddsVolume (HddsVolume.java:<init>(176)) - Creating Volume: /workdir/hadoop-ozone/ozonefs/target/test-dir/MiniOzoneClusterImpl-fdcb41f5-4f3a-4aa8-8a5f-fd4c24aaf455/datanode-0/data/containers/hdds of  storage type : DISK and capacity : 1482555576320
2019-09-12 11:42:26,309 [Thread-1072] INFO  volume.VolumeSet (VolumeSet.java:initializeVolumeSet(170)) - Added Volume : /workdir/hadoop-ozone/ozonefs/target/test-dir/MiniOzoneClusterImpl-fdcb41f5-4f3a-4aa8-8a5f-fd4c24aaf455/datanode-0/data/containers/hdds to VolumeSet
2019-09-12 11:42:26,309 [Thread-1072] INFO  volume.ThrottledAsyncChecker (ThrottledAsyncChecker.java:schedule(140)) - Scheduling a check for org.apache.hadoop.ozone.container.common.volume.HddsVolume@6968363
2019-09-12 11:42:26,310 [Thread-1072] INFO  volume.HddsVolumeChecker (HddsVolumeChecker.java:checkAllVolumes(203)) - Scheduled health check for volume org.apache.hadoop.ozone.container.common.volume.HddsVolume@6968363
2019-09-12 11:42:26,333 [Thread-1072] INFO  impl.RaftServerProxy (ConfUtils.java:logGet(43)) - raft.rpc.type = GRPC (default)
2019-09-12 11:42:26,333 [Thread-1072] INFO  grpc.GrpcFactory (GrpcFactory.java:checkPooledByteBufAllocatorUseCacheForAllThreads(45)) - PERFORMANCE WARNING: useCacheForAllThreads is true that may cause Netty to create a lot garbage objects and, as a result, trigger GC.
	It is recommended to disable useCacheForAllThreads by setting -Dorg.apache.ratis.thirdparty.io.netty.allocator.useCacheForAllThreads=false in command line.
2019-09-12 11:42:26,333 [Thread-1072] INFO  grpc.GrpcConfigKeys$Server (ConfUtils.java:logGet(43)) - raft.grpc.server.port = 0 (default)
2019-09-12 11:42:26,333 [Thread-1072] INFO  server.GrpcService (ConfUtils.java:logGet(43)) - raft.grpc.message.size.max = 33570816 (custom)
2019-09-12 11:42:26,334 [Thread-1072] INFO  server.RaftServerConfigKeys (ConfUtils.java:logGet(43)) - raft.server.log.appender.buffer.byte-limit = 33554432 (custom)
2019-09-12 11:42:26,334 [Thread-1072] INFO  server.GrpcService (ConfUtils.java:logGet(43)) - raft.grpc.flow.control.window = 1MB (=1048576) (default)
2019-09-12 11:42:26,334 [Thread-1072] INFO  server.RaftServerConfigKeys (ConfUtils.java:logGet(43)) - raft.server.rpc.request.timeout = 3000ms (default)
2019-09-12 11:42:26,334 [Thread-1072] INFO  server.RaftServerConfigKeys (ConfUtils.java:logGet(43)) - raft.server.storage.dir = [/workdir/hadoop-ozone/ozonefs/target/test-dir/MiniOzoneClusterImpl-fdcb41f5-4f3a-4aa8-8a5f-fd4c24aaf455/datanode-0/data/ratis] (custom)
2019-09-12 11:42:26,335 [Thread-1072] INFO  replication.SimpleContainerDownloader (SimpleContainerDownloader.java:<init>(72)) - Starting container downloader service to copy containers to replicate.
2019-09-12 11:42:26,336 [Thread-1072] INFO  hdfs.DFSUtil (DFSUtil.java:httpServerTemplateForNNAndJN(1641)) - Starting Web-server for hddsDatanode at: http://0.0.0.0:0
2019-09-12 11:42:26,338 [Thread-1072] INFO  server.AuthenticationFilter (AuthenticationFilter.java:constructSecretProvider(240)) - Unable to initialize FileSignerSecretProvider, falling back to use random secrets.
2019-09-12 11:42:26,338 [Thread-1072] WARN  http.HttpRequestLog (HttpRequestLog.java:getRequestLog(97)) - Jetty request log can only be enabled using Log4j
2019-09-12 11:42:26,339 [Thread-1072] INFO  http.HttpServer2 (HttpServer2.java:addGlobalFilter(975)) - Added global filter 'safety' (class=org.apache.hadoop.http.HttpServer2$QuotingInputFilter)
2019-09-12 11:42:26,340 [Thread-1072] INFO  http.HttpServer2 (HttpServer2.java:addFilter(948)) - Added filter static_user_filter (class=org.apache.hadoop.http.lib.StaticUserWebFilter$StaticUserFilter) to context hddsDatanode
2019-09-12 11:42:26,340 [Thread-1072] INFO  http.HttpServer2 (HttpServer2.java:addFilter(958)) - Added filter static_user_filter (class=org.apache.hadoop.http.lib.StaticUserWebFilter$StaticUserFilter) to context static
2019-09-12 11:42:26,340 [Thread-1072] INFO  http.HttpServer2 (HttpServer2.java:addFilter(958)) - Added filter static_user_filter (class=org.apache.hadoop.http.lib.StaticUserWebFilter$StaticUserFilter) to context logs
2019-09-12 11:42:26,341 [Thread-1072] INFO  http.HttpServer2 (HttpServer2.java:bindListener(1191)) - Jetty bound to port 34953
2019-09-12 11:42:26,341 [Thread-1072] INFO  server.Server (Server.java:doStart(351)) - jetty-9.3.24.v20180605, build timestamp: 2018-06-05T17:11:56Z, git hash: 84205aa28f11a4f31f2a3b86d1bba2cc8ab69827
2019-09-12 11:42:26,343 [Thread-1072] INFO  handler.ContextHandler (ContextHandler.java:doStart(781)) - Started o.e.j.s.ServletContextHandler@43d26ffe{/logs,file:///workdir/hadoop-ozone/ozonefs/target/log,AVAILABLE}
2019-09-12 11:42:26,344 [Thread-1072] INFO  handler.ContextHandler (ContextHandler.java:doStart(781)) - Started o.e.j.s.ServletContextHandler@18863cfc{/static,jar:file:/home/user/.m2/repository/org/apache/hadoop/hadoop-hdds-container-service/0.5.0-SNAPSHOT/hadoop-hdds-container-service-0.5.0-SNAPSHOT.jar!/webapps/static,AVAILABLE}
2019-09-12 11:42:26,370 [Thread-1072] INFO  handler.ContextHandler (ContextHandler.java:doStart(781)) - Started o.e.j.w.WebAppContext@7ec9ef6b{/,file:///tmp/jetty-0.0.0.0-34953-hddsDatanode-_-any-4794701529963331999.dir/webapp/,AVAILABLE}{/hddsDatanode}
2019-09-12 11:42:26,371 [Thread-1072] INFO  server.AbstractConnector (AbstractConnector.java:doStart(278)) - Started ServerConnector@594bdb74{HTTP/1.1,[http/1.1]}{0.0.0.0:34953}
2019-09-12 11:42:26,372 [Thread-1072] INFO  server.Server (Server.java:doStart(419)) - Started @77974ms
2019-09-12 11:42:26,372 [Thread-1072] INFO  server.BaseHttpServer (BaseHttpServer.java:updateConnectorAddress(213)) - HTTP server of HDDSDATANODE is listening at http://0.0.0.0:34953
2019-09-12 11:42:26,524 | INFO  | ObjectStoreRestHttpServer | Listening HDDS REST traffic on /0.0.0.0:33559 |  
2019-09-12 11:42:26,524 [Thread-1072] INFO  ozone.HddsDatanodeService (HddsDatanodeService.java:startPlugins(395)) - Started plug-in org.apache.hadoop.ozone.web.OzoneHddsDatanodeService@723196aa
2019-09-12 11:42:26,525 [Thread-1072] INFO  impl.MetricsSystemImpl (MetricsSystemImpl.java:init(158)) - HddsDatanode metrics system started (again)
2019-09-12 11:42:26,527 [org.apache.hadoop.util.JvmPauseMonitor$Monitor@5f0849] INFO  util.JvmPauseMonitor (JvmPauseMonitor.java:run(188)) - Starting JVM pause monitor
2019-09-12 11:42:26,527 [Thread-1072] INFO  ozone.HddsDatanodeService (HddsDatanodeService.java:start(184)) - HddsDatanodeService host:pr-hdds-1569-xtfnx-3545843844 ip:192.168.157.195
2019-09-12 11:42:26,529 [Datanode State Machine Thread - 0] INFO  datanode.InitDatanodeState (InitDatanodeState.java:persistContainerDatanodeDetails(140)) - DatanodeDetails is persisted to /workdir/hadoop-ozone/ozonefs/target/test-dir/MiniOzoneClusterImpl-fdcb41f5-4f3a-4aa8-8a5f-fd4c24aaf455/datanode-0/meta/datanode.id
2019-09-12 11:42:26,535 [Thread-1072] INFO  volume.HddsVolume (HddsVolume.java:<init>(176)) - Creating Volume: /workdir/hadoop-ozone/ozonefs/target/test-dir/MiniOzoneClusterImpl-fdcb41f5-4f3a-4aa8-8a5f-fd4c24aaf455/datanode-1/data/containers/hdds of  storage type : DISK and capacity : 1482555576320
2019-09-12 11:42:26,535 [Thread-1072] INFO  volume.VolumeSet (VolumeSet.java:initializeVolumeSet(170)) - Added Volume : /workdir/hadoop-ozone/ozonefs/target/test-dir/MiniOzoneClusterImpl-fdcb41f5-4f3a-4aa8-8a5f-fd4c24aaf455/datanode-1/data/containers/hdds to VolumeSet
2019-09-12 11:42:26,535 [Thread-1072] INFO  volume.ThrottledAsyncChecker (ThrottledAsyncChecker.java:schedule(140)) - Scheduling a check for org.apache.hadoop.ozone.container.common.volume.HddsVolume@2249868
2019-09-12 11:42:26,536 [Thread-1072] INFO  volume.HddsVolumeChecker (HddsVolumeChecker.java:checkAllVolumes(203)) - Scheduled health check for volume org.apache.hadoop.ozone.container.common.volume.HddsVolume@2249868
2019-09-12 11:42:26,559 [Thread-1072] INFO  impl.RaftServerProxy (ConfUtils.java:logGet(43)) - raft.rpc.type = GRPC (default)
2019-09-12 11:42:26,560 [Thread-1072] INFO  grpc.GrpcFactory (GrpcFactory.java:checkPooledByteBufAllocatorUseCacheForAllThreads(45)) - PERFORMANCE WARNING: useCacheForAllThreads is true that may cause Netty to create a lot garbage objects and, as a result, trigger GC.
	It is recommended to disable useCacheForAllThreads by setting -Dorg.apache.ratis.thirdparty.io.netty.allocator.useCacheForAllThreads=false in command line.
2019-09-12 11:42:26,560 [Thread-1072] INFO  grpc.GrpcConfigKeys$Server (ConfUtils.java:logGet(43)) - raft.grpc.server.port = 0 (default)
2019-09-12 11:42:26,560 [Thread-1072] INFO  server.GrpcService (ConfUtils.java:logGet(43)) - raft.grpc.message.size.max = 33570816 (custom)
2019-09-12 11:42:26,560 [Thread-1072] INFO  server.RaftServerConfigKeys (ConfUtils.java:logGet(43)) - raft.server.log.appender.buffer.byte-limit = 33554432 (custom)
2019-09-12 11:42:26,560 [Thread-1072] INFO  server.GrpcService (ConfUtils.java:logGet(43)) - raft.grpc.flow.control.window = 1MB (=1048576) (default)
2019-09-12 11:42:26,561 [Thread-1072] INFO  server.RaftServerConfigKeys (ConfUtils.java:logGet(43)) - raft.server.rpc.request.timeout = 3000ms (default)
2019-09-12 11:42:26,561 [Thread-1072] INFO  server.RaftServerConfigKeys (ConfUtils.java:logGet(43)) - raft.server.storage.dir = [/workdir/hadoop-ozone/ozonefs/target/test-dir/MiniOzoneClusterImpl-fdcb41f5-4f3a-4aa8-8a5f-fd4c24aaf455/datanode-1/data/ratis] (custom)
2019-09-12 11:42:26,561 [Thread-1072] INFO  replication.SimpleContainerDownloader (SimpleContainerDownloader.java:<init>(72)) - Starting container downloader service to copy containers to replicate.
2019-09-12 11:42:26,563 [Thread-1072] INFO  hdfs.DFSUtil (DFSUtil.java:httpServerTemplateForNNAndJN(1641)) - Starting Web-server for hddsDatanode at: http://0.0.0.0:0
2019-09-12 11:42:26,565 [Thread-1072] INFO  server.AuthenticationFilter (AuthenticationFilter.java:constructSecretProvider(240)) - Unable to initialize FileSignerSecretProvider, falling back to use random secrets.
2019-09-12 11:42:26,565 [Thread-1072] WARN  http.HttpRequestLog (HttpRequestLog.java:getRequestLog(97)) - Jetty request log can only be enabled using Log4j
2019-09-12 11:42:26,567 [Thread-1072] INFO  http.HttpServer2 (HttpServer2.java:addGlobalFilter(975)) - Added global filter 'safety' (class=org.apache.hadoop.http.HttpServer2$QuotingInputFilter)
2019-09-12 11:42:26,568 [Thread-1072] INFO  http.HttpServer2 (HttpServer2.java:addFilter(948)) - Added filter static_user_filter (class=org.apache.hadoop.http.lib.StaticUserWebFilter$StaticUserFilter) to context hddsDatanode
2019-09-12 11:42:26,568 [Thread-1072] INFO  http.HttpServer2 (HttpServer2.java:addFilter(958)) - Added filter static_user_filter (class=org.apache.hadoop.http.lib.StaticUserWebFilter$StaticUserFilter) to context logs
2019-09-12 11:42:26,568 [Thread-1072] INFO  http.HttpServer2 (HttpServer2.java:addFilter(958)) - Added filter static_user_filter (class=org.apache.hadoop.http.lib.StaticUserWebFilter$StaticUserFilter) to context static
2019-09-12 11:42:26,569 [Thread-1072] INFO  http.HttpServer2 (HttpServer2.java:bindListener(1191)) - Jetty bound to port 37458
2019-09-12 11:42:26,569 [Thread-1072] INFO  server.Server (Server.java:doStart(351)) - jetty-9.3.24.v20180605, build timestamp: 2018-06-05T17:11:56Z, git hash: 84205aa28f11a4f31f2a3b86d1bba2cc8ab69827
2019-09-12 11:42:26,571 [Thread-1072] INFO  handler.ContextHandler (ContextHandler.java:doStart(781)) - Started o.e.j.s.ServletContextHandler@7cac821a{/logs,file:///workdir/hadoop-ozone/ozonefs/target/log,AVAILABLE}
2019-09-12 11:42:26,571 [Thread-1072] INFO  handler.ContextHandler (ContextHandler.java:doStart(781)) - Started o.e.j.s.ServletContextHandler@1156c3a8{/static,jar:file:/home/user/.m2/repository/org/apache/hadoop/hadoop-hdds-container-service/0.5.0-SNAPSHOT/hadoop-hdds-container-service-0.5.0-SNAPSHOT.jar!/webapps/static,AVAILABLE}
2019-09-12 11:42:26,598 [Thread-1072] INFO  handler.ContextHandler (ContextHandler.java:doStart(781)) - Started o.e.j.w.WebAppContext@1eaac1c8{/,file:///tmp/jetty-0.0.0.0-37458-hddsDatanode-_-any-8979160093343236069.dir/webapp/,AVAILABLE}{/hddsDatanode}
2019-09-12 11:42:26,598 [Thread-1072] INFO  server.AbstractConnector (AbstractConnector.java:doStart(278)) - Started ServerConnector@28789ded{HTTP/1.1,[http/1.1]}{0.0.0.0:37458}
2019-09-12 11:42:26,599 [Thread-1072] INFO  server.Server (Server.java:doStart(419)) - Started @78202ms
2019-09-12 11:42:26,600 [Thread-1072] INFO  server.BaseHttpServer (BaseHttpServer.java:updateConnectorAddress(213)) - HTTP server of HDDSDATANODE is listening at http://0.0.0.0:37458
2019-09-12 11:42:26,768 | INFO  | ObjectStoreRestHttpServer | Listening HDDS REST traffic on /0.0.0.0:35703 |  
2019-09-12 11:42:26,768 [Thread-1072] INFO  ozone.HddsDatanodeService (HddsDatanodeService.java:startPlugins(395)) - Started plug-in org.apache.hadoop.ozone.web.OzoneHddsDatanodeService@1bfc3ad7
2019-09-12 11:42:26,768 [Thread-1072] INFO  impl.MetricsSystemImpl (MetricsSystemImpl.java:init(158)) - HddsDatanode metrics system started (again)
2019-09-12 11:42:26,771 [org.apache.hadoop.util.JvmPauseMonitor$Monitor@505c0ff] INFO  util.JvmPauseMonitor (JvmPauseMonitor.java:run(188)) - Starting JVM pause monitor
2019-09-12 11:42:26,771 [Thread-1072] INFO  ozone.HddsDatanodeService (HddsDatanodeService.java:start(184)) - HddsDatanodeService host:pr-hdds-1569-xtfnx-3545843844 ip:192.168.157.195
2019-09-12 11:42:26,773 [Datanode State Machine Thread - 0] INFO  datanode.InitDatanodeState (InitDatanodeState.java:persistContainerDatanodeDetails(140)) - DatanodeDetails is persisted to /workdir/hadoop-ozone/ozonefs/target/test-dir/MiniOzoneClusterImpl-fdcb41f5-4f3a-4aa8-8a5f-fd4c24aaf455/datanode-1/meta/datanode.id
2019-09-12 11:42:26,780 [Thread-1072] INFO  volume.HddsVolume (HddsVolume.java:<init>(176)) - Creating Volume: /workdir/hadoop-ozone/ozonefs/target/test-dir/MiniOzoneClusterImpl-fdcb41f5-4f3a-4aa8-8a5f-fd4c24aaf455/datanode-2/data/containers/hdds of  storage type : DISK and capacity : 1482555576320
2019-09-12 11:42:26,780 [Thread-1072] INFO  volume.VolumeSet (VolumeSet.java:initializeVolumeSet(170)) - Added Volume : /workdir/hadoop-ozone/ozonefs/target/test-dir/MiniOzoneClusterImpl-fdcb41f5-4f3a-4aa8-8a5f-fd4c24aaf455/datanode-2/data/containers/hdds to VolumeSet
2019-09-12 11:42:26,780 [Thread-1072] INFO  volume.ThrottledAsyncChecker (ThrottledAsyncChecker.java:schedule(140)) - Scheduling a check for org.apache.hadoop.ozone.container.common.volume.HddsVolume@2a1ac0a8
2019-09-12 11:42:26,780 [Thread-1072] INFO  volume.HddsVolumeChecker (HddsVolumeChecker.java:checkAllVolumes(203)) - Scheduled health check for volume org.apache.hadoop.ozone.container.common.volume.HddsVolume@2a1ac0a8
2019-09-12 11:42:26,805 [Thread-1072] INFO  impl.RaftServerProxy (ConfUtils.java:logGet(43)) - raft.rpc.type = GRPC (default)
2019-09-12 11:42:26,805 [Thread-1072] INFO  grpc.GrpcFactory (GrpcFactory.java:checkPooledByteBufAllocatorUseCacheForAllThreads(45)) - PERFORMANCE WARNING: useCacheForAllThreads is true that may cause Netty to create a lot garbage objects and, as a result, trigger GC.
	It is recommended to disable useCacheForAllThreads by setting -Dorg.apache.ratis.thirdparty.io.netty.allocator.useCacheForAllThreads=false in command line.
2019-09-12 11:42:26,805 [Thread-1072] INFO  grpc.GrpcConfigKeys$Server (ConfUtils.java:logGet(43)) - raft.grpc.server.port = 0 (default)
2019-09-12 11:42:26,806 [Thread-1072] INFO  server.GrpcService (ConfUtils.java:logGet(43)) - raft.grpc.message.size.max = 33570816 (custom)
2019-09-12 11:42:26,806 [Thread-1072] INFO  server.RaftServerConfigKeys (ConfUtils.java:logGet(43)) - raft.server.log.appender.buffer.byte-limit = 33554432 (custom)
2019-09-12 11:42:26,806 [Thread-1072] INFO  server.GrpcService (ConfUtils.java:logGet(43)) - raft.grpc.flow.control.window = 1MB (=1048576) (default)
2019-09-12 11:42:26,806 [Thread-1072] INFO  server.RaftServerConfigKeys (ConfUtils.java:logGet(43)) - raft.server.rpc.request.timeout = 3000ms (default)
2019-09-12 11:42:26,807 [Thread-1072] INFO  server.RaftServerConfigKeys (ConfUtils.java:logGet(43)) - raft.server.storage.dir = [/workdir/hadoop-ozone/ozonefs/target/test-dir/MiniOzoneClusterImpl-fdcb41f5-4f3a-4aa8-8a5f-fd4c24aaf455/datanode-2/data/ratis] (custom)
2019-09-12 11:42:26,807 [Thread-1072] INFO  replication.SimpleContainerDownloader (SimpleContainerDownloader.java:<init>(72)) - Starting container downloader service to copy containers to replicate.
2019-09-12 11:42:26,808 [Thread-1072] INFO  hdfs.DFSUtil (DFSUtil.java:httpServerTemplateForNNAndJN(1641)) - Starting Web-server for hddsDatanode at: http://0.0.0.0:0
2019-09-12 11:42:26,811 [Thread-1072] INFO  server.AuthenticationFilter (AuthenticationFilter.java:constructSecretProvider(240)) - Unable to initialize FileSignerSecretProvider, falling back to use random secrets.
2019-09-12 11:42:26,812 [Thread-1072] WARN  http.HttpRequestLog (HttpRequestLog.java:getRequestLog(97)) - Jetty request log can only be enabled using Log4j
2019-09-12 11:42:26,815 [Thread-1072] INFO  http.HttpServer2 (HttpServer2.java:addGlobalFilter(975)) - Added global filter 'safety' (class=org.apache.hadoop.http.HttpServer2$QuotingInputFilter)
2019-09-12 11:42:26,816 [Thread-1072] INFO  http.HttpServer2 (HttpServer2.java:addFilter(948)) - Added filter static_user_filter (class=org.apache.hadoop.http.lib.StaticUserWebFilter$StaticUserFilter) to context hddsDatanode
2019-09-12 11:42:26,816 [Thread-1072] INFO  http.HttpServer2 (HttpServer2.java:addFilter(958)) - Added filter static_user_filter (class=org.apache.hadoop.http.lib.StaticUserWebFilter$StaticUserFilter) to context static
2019-09-12 11:42:26,816 [Thread-1072] INFO  http.HttpServer2 (HttpServer2.java:addFilter(958)) - Added filter static_user_filter (class=org.apache.hadoop.http.lib.StaticUserWebFilter$StaticUserFilter) to context logs
2019-09-12 11:42:26,818 [Thread-1072] INFO  http.HttpServer2 (HttpServer2.java:bindListener(1191)) - Jetty bound to port 33256
2019-09-12 11:42:26,818 [Thread-1072] INFO  server.Server (Server.java:doStart(351)) - jetty-9.3.24.v20180605, build timestamp: 2018-06-05T17:11:56Z, git hash: 84205aa28f11a4f31f2a3b86d1bba2cc8ab69827
2019-09-12 11:42:26,820 [Thread-1072] INFO  handler.ContextHandler (ContextHandler.java:doStart(781)) - Started o.e.j.s.ServletContextHandler@733e9fb1{/logs,file:///workdir/hadoop-ozone/ozonefs/target/log,AVAILABLE}
2019-09-12 11:42:26,820 [Thread-1072] INFO  handler.ContextHandler (ContextHandler.java:doStart(781)) - Started o.e.j.s.ServletContextHandler@380031f6{/static,jar:file:/home/user/.m2/repository/org/apache/hadoop/hadoop-hdds-container-service/0.5.0-SNAPSHOT/hadoop-hdds-container-service-0.5.0-SNAPSHOT.jar!/webapps/static,AVAILABLE}
2019-09-12 11:42:26,868 [Thread-1072] INFO  handler.ContextHandler (ContextHandler.java:doStart(781)) - Started o.e.j.w.WebAppContext@c7afb7f{/,file:///tmp/jetty-0.0.0.0-33256-hddsDatanode-_-any-7323722693604578944.dir/webapp/,AVAILABLE}{/hddsDatanode}
2019-09-12 11:42:26,868 [Thread-1072] INFO  server.AbstractConnector (AbstractConnector.java:doStart(278)) - Started ServerConnector@2ed16d88{HTTP/1.1,[http/1.1]}{0.0.0.0:33256}
2019-09-12 11:42:26,870 [Thread-1072] INFO  server.Server (Server.java:doStart(419)) - Started @78472ms
2019-09-12 11:42:26,871 [Thread-1072] INFO  server.BaseHttpServer (BaseHttpServer.java:updateConnectorAddress(213)) - HTTP server of HDDSDATANODE is listening at http://0.0.0.0:33256
2019-09-12 11:42:27,004 | INFO  | ObjectStoreRestHttpServer | Listening HDDS REST traffic on /0.0.0.0:46554 |  
2019-09-12 11:42:27,004 [Thread-1072] INFO  ozone.HddsDatanodeService (HddsDatanodeService.java:startPlugins(395)) - Started plug-in org.apache.hadoop.ozone.web.OzoneHddsDatanodeService@287d49b0
2019-09-12 11:42:27,005 [Thread-1072] INFO  ozone.MiniOzoneClusterImpl (MiniOzoneClusterImpl.java:lambda$waitForClusterToBeReady$0(142)) - Waiting for cluster to be ready. Got 0 of 3 DN Heartbeats.
2019-09-12 11:42:27,006 [org.apache.hadoop.util.JvmPauseMonitor$Monitor@748f2ad7] INFO  util.JvmPauseMonitor (JvmPauseMonitor.java:run(188)) - Starting JVM pause monitor
2019-09-12 11:42:27,008 [Datanode State Machine Thread - 0] INFO  datanode.InitDatanodeState (InitDatanodeState.java:persistContainerDatanodeDetails(140)) - DatanodeDetails is persisted to /workdir/hadoop-ozone/ozonefs/target/test-dir/MiniOzoneClusterImpl-fdcb41f5-4f3a-4aa8-8a5f-fd4c24aaf455/datanode-2/meta/datanode.id
2019-09-12 11:42:28,005 [Thread-1072] INFO  ozone.MiniOzoneClusterImpl (MiniOzoneClusterImpl.java:lambda$waitForClusterToBeReady$0(142)) - Waiting for cluster to be ready. Got 0 of 3 DN Heartbeats.
2019-09-12 11:42:28,531 | INFO  | SCMAudit | user=jenkins1000 | ip=192.168.157.195 | op=GET_VERSION null | ret=SUCCESS |  
2019-09-12 11:42:28,545 [Datanode State Machine Thread - 0] INFO  ozoneimpl.OzoneContainer (OzoneContainer.java:start(186)) - Attempting to start container services.
2019-09-12 11:42:28,545 [Datanode State Machine Thread - 0] INFO  ozoneimpl.OzoneContainer (OzoneContainer.java:startContainerScrub(160)) - Background container scrubber has been disabled by hdds.containerscrub.enabled
2019-09-12 11:42:28,545 [Datanode State Machine Thread - 0] INFO  ratis.XceiverServerRatis (XceiverServerRatis.java:start(404)) - Starting XceiverServerRatis 79dd4a67-b0bc-4c7d-8a5b-15c0f4627f39 at port 0
2019-09-12 11:42:28,551 [Datanode State Machine Thread - 0] INFO  impl.RaftServerProxy (RaftServerProxy.java:lambda$start$3(299)) - 79dd4a67-b0bc-4c7d-8a5b-15c0f4627f39: start RPC server
2019-09-12 11:42:28,554 [Datanode State Machine Thread - 0] INFO  server.GrpcService (GrpcService.java:startImpl(149)) - 79dd4a67-b0bc-4c7d-8a5b-15c0f4627f39: GrpcService started, listening on 0.0.0.0/0.0.0.0:34031
2019-09-12 11:42:28,554 [Datanode State Machine Thread - 0] INFO  ratis.XceiverServerRatis (XceiverServerRatis.java:start(414)) - XceiverServerRatis 79dd4a67-b0bc-4c7d-8a5b-15c0f4627f39 is started using port 34031
2019-09-12 11:42:28,554 [Datanode State Machine Thread - 0] INFO  server.XceiverServerGrpc (XceiverServerGrpc.java:start(163)) - XceiverServerGrpc 79dd4a67-b0bc-4c7d-8a5b-15c0f4627f39 is started using port 37345
2019-09-12 11:42:28,772 | INFO  | SCMAudit | user=jenkins1000 | ip=192.168.157.195 | op=GET_VERSION null | ret=SUCCESS |  
2019-09-12 11:42:28,785 [Datanode State Machine Thread - 0] INFO  ozoneimpl.OzoneContainer (OzoneContainer.java:start(186)) - Attempting to start container services.
2019-09-12 11:42:28,785 [Datanode State Machine Thread - 0] INFO  ozoneimpl.OzoneContainer (OzoneContainer.java:startContainerScrub(160)) - Background container scrubber has been disabled by hdds.containerscrub.enabled
2019-09-12 11:42:28,785 [Datanode State Machine Thread - 0] INFO  ratis.XceiverServerRatis (XceiverServerRatis.java:start(404)) - Starting XceiverServerRatis 0125f011-55c1-4065-977c-843a08f08196 at port 0
2019-09-12 11:42:28,792 [Datanode State Machine Thread - 0] INFO  impl.RaftServerProxy (RaftServerProxy.java:lambda$start$3(299)) - 0125f011-55c1-4065-977c-843a08f08196: start RPC server
2019-09-12 11:42:28,793 [Datanode State Machine Thread - 0] INFO  server.GrpcService (GrpcService.java:startImpl(149)) - 0125f011-55c1-4065-977c-843a08f08196: GrpcService started, listening on 0.0.0.0/0.0.0.0:45066
2019-09-12 11:42:28,793 [Datanode State Machine Thread - 0] INFO  ratis.XceiverServerRatis (XceiverServerRatis.java:start(414)) - XceiverServerRatis 0125f011-55c1-4065-977c-843a08f08196 is started using port 45066
2019-09-12 11:42:28,794 [Datanode State Machine Thread - 0] INFO  server.XceiverServerGrpc (XceiverServerGrpc.java:start(163)) - XceiverServerGrpc 0125f011-55c1-4065-977c-843a08f08196 is started using port 45991
2019-09-12 11:42:29,006 [Thread-1072] INFO  ozone.MiniOzoneClusterImpl (MiniOzoneClusterImpl.java:lambda$waitForClusterToBeReady$0(142)) - Waiting for cluster to be ready. Got 0 of 3 DN Heartbeats.
2019-09-12 11:42:29,008 | INFO  | SCMAudit | user=jenkins1000 | ip=192.168.157.195 | op=GET_VERSION null | ret=SUCCESS |  
2019-09-12 11:42:29,024 [Datanode State Machine Thread - 0] INFO  ozoneimpl.OzoneContainer (OzoneContainer.java:start(186)) - Attempting to start container services.
2019-09-12 11:42:29,025 [Datanode State Machine Thread - 0] INFO  ozoneimpl.OzoneContainer (OzoneContainer.java:startContainerScrub(160)) - Background container scrubber has been disabled by hdds.containerscrub.enabled
2019-09-12 11:42:29,025 [Datanode State Machine Thread - 0] INFO  ratis.XceiverServerRatis (XceiverServerRatis.java:start(404)) - Starting XceiverServerRatis 3e1721dd-7503-4079-878a-cd8da34f7a9a at port 0
2019-09-12 11:42:29,032 [Datanode State Machine Thread - 0] INFO  impl.RaftServerProxy (RaftServerProxy.java:lambda$start$3(299)) - 3e1721dd-7503-4079-878a-cd8da34f7a9a: start RPC server
2019-09-12 11:42:29,033 [Datanode State Machine Thread - 0] INFO  server.GrpcService (GrpcService.java:startImpl(149)) - 3e1721dd-7503-4079-878a-cd8da34f7a9a: GrpcService started, listening on 0.0.0.0/0.0.0.0:40369
2019-09-12 11:42:29,033 [Datanode State Machine Thread - 0] INFO  ratis.XceiverServerRatis (XceiverServerRatis.java:start(414)) - XceiverServerRatis 3e1721dd-7503-4079-878a-cd8da34f7a9a is started using port 40369
2019-09-12 11:42:29,034 [Datanode State Machine Thread - 0] INFO  server.XceiverServerGrpc (XceiverServerGrpc.java:start(163)) - XceiverServerGrpc 3e1721dd-7503-4079-878a-cd8da34f7a9a is started using port 34330
2019-09-12 11:42:30,006 [Thread-1072] INFO  ozone.MiniOzoneClusterImpl (MiniOzoneClusterImpl.java:lambda$waitForClusterToBeReady$0(142)) - Waiting for cluster to be ready. Got 0 of 3 DN Heartbeats.
2019-09-12 11:42:30,532 [IPC Server handler 1 on 33448] INFO  net.NetworkTopology (NetworkTopologyImpl.java:add(110)) - Added a new node: /default-rack/79dd4a67-b0bc-4c7d-8a5b-15c0f4627f39
2019-09-12 11:42:30,534 [IPC Server handler 1 on 33448] INFO  node.SCMNodeManager (SCMNodeManager.java:register(273)) - Registered Data node : 79dd4a67-b0bc-4c7d-8a5b-15c0f4627f39{ip: 192.168.157.195, host: pr-hdds-1569-xtfnx-3545843844, networkLocation: /default-rack, certSerialId: null}
2019-09-12 11:42:30,535 [EventQueue-NodeRegistrationContainerReportForDataNodeSafeModeRule] INFO  safemode.SCMSafeModeManager (DataNodeSafeModeRule.java:process(71)) - SCM in safe mode. 1 DataNodes registered, 1 required.
2019-09-12 11:42:30,536 [EventQueue-NodeRegistrationContainerReportForContainerSafeModeRule] INFO  safemode.SCMSafeModeManager (SCMSafeModeManager.java:validateSafeModeExitRules(177)) - ScmSafeModeManager, all rules are successfully validated
2019-09-12 11:42:30,537 [EventQueue-NodeRegistrationContainerReportForContainerSafeModeRule] INFO  safemode.SCMSafeModeManager (SCMSafeModeManager.java:exitSafeMode(193)) - SCM exiting safe mode.
2019-09-12 11:42:30,537 | INFO  | SCMAudit | user=jenkins1000 | ip=192.168.157.195 | op=REGISTER {datanodeDetails=79dd4a67-b0bc-4c7d-8a5b-15c0f4627f39{ip: 192.168.157.195, host: pr-hdds-1569-xtfnx-3545843844, networkLocation: /default-rack, certSerialId: null}} | ret=SUCCESS |  
2019-09-12 11:42:30,554 [grpc-default-executor-0] INFO  impl.RaftServerProxy (RaftServerProxy.java:addNew(89)) - 79dd4a67-b0bc-4c7d-8a5b-15c0f4627f39: addNew group-95ABE4D04945:[79dd4a67-b0bc-4c7d-8a5b-15c0f4627f39:192.168.157.195:34031] returns group-95ABE4D04945:java.util.concurrent.CompletableFuture@206f7a62[Not completed]
2019-09-12 11:42:30,556 [pool-239-thread-1] INFO  impl.RaftServerImpl (RaftServerImpl.java:<init>(93)) - 79dd4a67-b0bc-4c7d-8a5b-15c0f4627f39: new RaftServerImpl for group-95ABE4D04945:[79dd4a67-b0bc-4c7d-8a5b-15c0f4627f39:192.168.157.195:34031] with ContainerStateMachine:uninitialized
2019-09-12 11:42:30,557 [pool-239-thread-1] INFO  server.RaftServerConfigKeys (ConfUtils.java:logGet(43)) - raft.server.rpc.timeout.min = 5s (custom)
2019-09-12 11:42:30,557 [pool-239-thread-1] INFO  server.RaftServerConfigKeys (ConfUtils.java:logGet(43)) - raft.server.rpc.timeout.max = 5200ms (custom)
2019-09-12 11:42:30,557 [pool-239-thread-1] INFO  server.RaftServerConfigKeys (ConfUtils.java:logGet(43)) - raft.server.rpcslowness.timeout = 120s (custom)
2019-09-12 11:42:30,557 [pool-239-thread-1] INFO  server.RaftServerConfigKeys (ConfUtils.java:logGet(43)) - raft.server.sleep.deviation.threshold = 300 (default)
2019-09-12 11:42:30,557 [pool-239-thread-1] INFO  server.RaftServerConfigKeys (ConfUtils.java:logGet(43)) - raft.server.log.appender.install.snapshot.enabled = false (custom)
2019-09-12 11:42:30,558 [pool-239-thread-1] INFO  impl.RaftServerImpl (ServerState.java:<init>(105)) - 79dd4a67-b0bc-4c7d-8a5b-15c0f4627f39:group-95ABE4D04945 ConfigurationManager, init=-1: [79dd4a67-b0bc-4c7d-8a5b-15c0f4627f39:192.168.157.195:34031], old=null, confs=<EMPTY_MAP>
2019-09-12 11:42:30,558 [pool-239-thread-1] INFO  server.RaftServerConfigKeys (ConfUtils.java:logGet(43)) - raft.server.storage.dir = [/workdir/hadoop-ozone/ozonefs/target/test-dir/MiniOzoneClusterImpl-fdcb41f5-4f3a-4aa8-8a5f-fd4c24aaf455/datanode-0/data/ratis] (custom)
2019-09-12 11:42:30,559 [pool-239-thread-1] INFO  storage.RaftStorageDirectory (RaftStorageDirectory.java:analyzeStorage(246)) - The storage directory /workdir/hadoop-ozone/ozonefs/target/test-dir/MiniOzoneClusterImpl-fdcb41f5-4f3a-4aa8-8a5f-fd4c24aaf455/datanode-0/data/ratis/46218b7a-5849-4742-a4a4-95abe4d04945 does not exist. Creating ...
2019-09-12 11:42:30,572 [pool-239-thread-1] INFO  storage.RaftStorageDirectory (RaftStorageDirectory.java:tryLock(328)) - Lock on /workdir/hadoop-ozone/ozonefs/target/test-dir/MiniOzoneClusterImpl-fdcb41f5-4f3a-4aa8-8a5f-fd4c24aaf455/datanode-0/data/ratis/46218b7a-5849-4742-a4a4-95abe4d04945/in_use.lock acquired by nodename 27663@pr-hdds-1569-xtfnx-3545843844
2019-09-12 11:42:30,586 [pool-239-thread-1] INFO  storage.RaftStorage (RaftStorage.java:format(72)) - Storage directory /workdir/hadoop-ozone/ozonefs/target/test-dir/MiniOzoneClusterImpl-fdcb41f5-4f3a-4aa8-8a5f-fd4c24aaf455/datanode-0/data/ratis/46218b7a-5849-4742-a4a4-95abe4d04945 has been successfully formatted.
2019-09-12 11:42:30,586 [pool-239-thread-1] INFO  ratis.ContainerStateMachine (ContainerStateMachine.java:loadSnapshot(226)) - group-95ABE4D04945: The snapshot info is null. Setting the last applied indexto:(t:0, i:~)
2019-09-12 11:42:30,586 [pool-239-thread-1] INFO  server.RaftServerConfigKeys (ConfUtils.java:logGet(43)) - raft.server.leader.election.timeout = 120s (custom)
2019-09-12 11:42:30,586 [pool-239-thread-1] INFO  server.RaftServerConfigKeys (ConfUtils.java:logGet(43)) - raft.server.log.use.memory = false (default)
2019-09-12 11:42:30,587 [pool-239-thread-1] INFO  server.RaftServerConfigKeys (ConfUtils.java:logGet(43)) - raft.server.log.purge.gap = 1000000 (custom)
2019-09-12 11:42:30,587 [pool-239-thread-1] INFO  server.RaftServerConfigKeys (ConfUtils.java:logGet(43)) - raft.server.log.appender.buffer.byte-limit = 33554432 (custom)
2019-09-12 11:42:30,587 [pool-239-thread-1] INFO  server.RaftServerConfigKeys (ConfUtils.java:logGet(43)) - raft.server.log.segment.size.max = 1048576 (custom)
2019-09-12 11:42:30,587 [pool-239-thread-1] INFO  server.RaftServerConfigKeys (ConfUtils.java:logGet(43)) - raft.server.log.segment.cache.num.max = 2 (custom)
2019-09-12 11:42:30,588 [pool-239-thread-1] INFO  segmented.SegmentedRaftLogWorker (SegmentedRaftLogWorker.java:<init>(172)) - new 79dd4a67-b0bc-4c7d-8a5b-15c0f4627f39-SegmentedRaftLogWorker:Storage Directory /workdir/hadoop-ozone/ozonefs/target/test-dir/MiniOzoneClusterImpl-fdcb41f5-4f3a-4aa8-8a5f-fd4c24aaf455/datanode-0/data/ratis/46218b7a-5849-4742-a4a4-95abe4d04945 for RaftStorage:Storage Directory /workdir/hadoop-ozone/ozonefs/target/test-dir/MiniOzoneClusterImpl-fdcb41f5-4f3a-4aa8-8a5f-fd4c24aaf455/datanode-0/data/ratis/46218b7a-5849-4742-a4a4-95abe4d04945
2019-09-12 11:42:30,588 [pool-239-thread-1] INFO  server.RaftServerConfigKeys (ConfUtils.java:logGet(43)) - raft.server.log.queue.byte-limit = 2147483647 (custom)
2019-09-12 11:42:30,588 [pool-239-thread-1] INFO  server.RaftServerConfigKeys (ConfUtils.java:logGet(43)) - raft.server.log.queue.element-limit = 1024 (custom)
2019-09-12 11:42:30,588 [pool-239-thread-1] INFO  server.RaftServerConfigKeys (ConfUtils.java:logGet(43)) - raft.server.log.segment.size.max = 1048576 (custom)
2019-09-12 11:42:30,589 [pool-239-thread-1] INFO  server.RaftServerConfigKeys (ConfUtils.java:logGet(43)) - raft.server.log.preallocated.size = 16384 (custom)
2019-09-12 11:42:30,589 [pool-239-thread-1] INFO  server.RaftServerConfigKeys (ConfUtils.java:logGet(43)) - raft.server.log.write.buffer.size = 33554432 (custom)
2019-09-12 11:42:30,589 [pool-239-thread-1] INFO  server.RaftServerConfigKeys (ConfUtils.java:logGet(43)) - raft.server.log.force.sync.num = 128 (default)
2019-09-12 11:42:30,589 [pool-239-thread-1] INFO  server.RaftServerConfigKeys (ConfUtils.java:logGet(43)) - raft.server.log.statemachine.data.sync = true (default)
2019-09-12 11:42:30,589 [pool-239-thread-1] INFO  server.RaftServerConfigKeys (ConfUtils.java:logGet(43)) - raft.server.log.statemachine.data.sync.timeout = 10s (default)
2019-09-12 11:42:30,589 [pool-239-thread-1] INFO  server.RaftServerConfigKeys (ConfUtils.java:logGet(43)) - raft.server.log.statemachine.data.sync.timeout.retry = -1 (default)
2019-09-12 11:42:30,590 [pool-239-thread-1] INFO  server.RaftServerConfigKeys (ConfUtils.java:logGet(43)) - raft.server.log.statemachine.data.caching.enabled = true (custom)
2019-09-12 11:42:30,590 [pool-239-thread-1] INFO  segmented.SegmentedRaftLogWorker (SegmentedRaftLogWorker.java:lambda$new$0(132)) - 79dd4a67-b0bc-4c7d-8a5b-15c0f4627f39-SegmentedRaftLogWorker:Storage Directory /workdir/hadoop-ozone/ozonefs/target/test-dir/MiniOzoneClusterImpl-fdcb41f5-4f3a-4aa8-8a5f-fd4c24aaf455/datanode-0/data/ratis/46218b7a-5849-4742-a4a4-95abe4d04945: flushIndex: setUnconditionally 0 -> -1
2019-09-12 11:42:30,591 [pool-239-thread-1] INFO  server.RaftServerConfigKeys (ConfUtils.java:logGet(43)) - raft.server.snapshot.auto.trigger.enabled = true (custom)
2019-09-12 11:42:30,591 [pool-239-thread-1] INFO  server.RaftServerConfigKeys (ConfUtils.java:logGet(43)) - raft.server.snapshot.auto.trigger.threshold = 10000 (custom)
2019-09-12 11:42:30,591 [pool-239-thread-1] INFO  server.RaftServerConfigKeys (ConfUtils.java:logGet(43)) - raft.server.retrycache.expirytime = 600000ms (custom)
2019-09-12 11:42:30,591 [pool-239-thread-1] INFO  impl.RaftServerImpl (RaftServerImpl.java:start(180)) - 79dd4a67-b0bc-4c7d-8a5b-15c0f4627f39: start group-95ABE4D04945
2019-09-12 11:42:30,591 [pool-239-thread-1] INFO  impl.RaftServerImpl (RaftServerImpl.java:setRole(171)) - 79dd4a67-b0bc-4c7d-8a5b-15c0f4627f39:group-95ABE4D04945 changes role from null to FOLLOWER at term 0 for startAsFollower
2019-09-12 11:42:30,592 [pool-239-thread-1] INFO  impl.RoleInfo (RoleInfo.java:updateAndGet(143)) - 79dd4a67-b0bc-4c7d-8a5b-15c0f4627f39: start FollowerState
2019-09-12 11:42:30,593 [pool-239-thread-1] INFO  util.JmxRegister (JmxRegister.java:tryRegister(44)) - Successfully registered JMX Bean with object name Ratis:service=RaftServer,group=group-95ABE4D04945,id=79dd4a67-b0bc-4c7d-8a5b-15c0f4627f39
2019-09-12 11:42:30,596 [RatisPipelineUtilsThread] INFO  pipeline.PipelineStateManager (PipelineStateManager.java:addPipeline(56)) - Created pipeline Pipeline[ Id: 46218b7a-5849-4742-a4a4-95abe4d04945, Nodes: 79dd4a67-b0bc-4c7d-8a5b-15c0f4627f39{ip: 192.168.157.195, host: pr-hdds-1569-xtfnx-3545843844, networkLocation: /default-rack, certSerialId: null}, Type:RATIS, Factor:ONE, State:OPEN]
2019-09-12 11:42:30,603 [grpc-default-executor-0] INFO  impl.RaftServerProxy (RaftServerProxy.java:addNew(89)) - 79dd4a67-b0bc-4c7d-8a5b-15c0f4627f39: addNew group-A75211E8FDEF:[79dd4a67-b0bc-4c7d-8a5b-15c0f4627f39:192.168.157.195:34031] returns group-A75211E8FDEF:java.util.concurrent.CompletableFuture@1185da6a[Not completed]
2019-09-12 11:42:30,604 [pool-239-thread-1] INFO  impl.RaftServerImpl (RaftServerImpl.java:<init>(93)) - 79dd4a67-b0bc-4c7d-8a5b-15c0f4627f39: new RaftServerImpl for group-A75211E8FDEF:[79dd4a67-b0bc-4c7d-8a5b-15c0f4627f39:192.168.157.195:34031] with ContainerStateMachine:uninitialized
2019-09-12 11:42:30,604 [pool-239-thread-1] INFO  server.RaftServerConfigKeys (ConfUtils.java:logGet(43)) - raft.server.rpc.timeout.min = 5s (custom)
2019-09-12 11:42:30,604 [pool-239-thread-1] INFO  server.RaftServerConfigKeys (ConfUtils.java:logGet(43)) - raft.server.rpc.timeout.max = 5200ms (custom)
2019-09-12 11:42:30,604 [pool-239-thread-1] INFO  server.RaftServerConfigKeys (ConfUtils.java:logGet(43)) - raft.server.rpcslowness.timeout = 120s (custom)
2019-09-12 11:42:30,604 [pool-239-thread-1] INFO  server.RaftServerConfigKeys (ConfUtils.java:logGet(43)) - raft.server.sleep.deviation.threshold = 300 (default)
2019-09-12 11:42:30,605 [pool-239-thread-1] INFO  server.RaftServerConfigKeys (ConfUtils.java:logGet(43)) - raft.server.log.appender.install.snapshot.enabled = false (custom)
2019-09-12 11:42:30,605 [pool-239-thread-1] INFO  impl.RaftServerImpl (ServerState.java:<init>(105)) - 79dd4a67-b0bc-4c7d-8a5b-15c0f4627f39:group-A75211E8FDEF ConfigurationManager, init=-1: [79dd4a67-b0bc-4c7d-8a5b-15c0f4627f39:192.168.157.195:34031], old=null, confs=<EMPTY_MAP>
2019-09-12 11:42:30,605 [pool-239-thread-1] INFO  server.RaftServerConfigKeys (ConfUtils.java:logGet(43)) - raft.server.storage.dir = [/workdir/hadoop-ozone/ozonefs/target/test-dir/MiniOzoneClusterImpl-fdcb41f5-4f3a-4aa8-8a5f-fd4c24aaf455/datanode-0/data/ratis] (custom)
2019-09-12 11:42:30,605 [pool-239-thread-1] INFO  storage.RaftStorageDirectory (RaftStorageDirectory.java:analyzeStorage(246)) - The storage directory /workdir/hadoop-ozone/ozonefs/target/test-dir/MiniOzoneClusterImpl-fdcb41f5-4f3a-4aa8-8a5f-fd4c24aaf455/datanode-0/data/ratis/4570f3aa-223a-4178-9981-a75211e8fdef does not exist. Creating ...
2019-09-12 11:42:30,618 [pool-239-thread-1] INFO  storage.RaftStorageDirectory (RaftStorageDirectory.java:tryLock(328)) - Lock on /workdir/hadoop-ozone/ozonefs/target/test-dir/MiniOzoneClusterImpl-fdcb41f5-4f3a-4aa8-8a5f-fd4c24aaf455/datanode-0/data/ratis/4570f3aa-223a-4178-9981-a75211e8fdef/in_use.lock acquired by nodename 27663@pr-hdds-1569-xtfnx-3545843844
2019-09-12 11:42:30,632 [pool-239-thread-1] INFO  storage.RaftStorage (RaftStorage.java:format(72)) - Storage directory /workdir/hadoop-ozone/ozonefs/target/test-dir/MiniOzoneClusterImpl-fdcb41f5-4f3a-4aa8-8a5f-fd4c24aaf455/datanode-0/data/ratis/4570f3aa-223a-4178-9981-a75211e8fdef has been successfully formatted.
2019-09-12 11:42:30,632 [pool-239-thread-1] INFO  ratis.ContainerStateMachine (ContainerStateMachine.java:loadSnapshot(226)) - group-A75211E8FDEF: The snapshot info is null. Setting the last applied indexto:(t:0, i:~)
2019-09-12 11:42:30,632 [pool-239-thread-1] INFO  server.RaftServerConfigKeys (ConfUtils.java:logGet(43)) - raft.server.leader.election.timeout = 120s (custom)
2019-09-12 11:42:30,632 [pool-239-thread-1] INFO  server.RaftServerConfigKeys (ConfUtils.java:logGet(43)) - raft.server.log.use.memory = false (default)
2019-09-12 11:42:30,632 [pool-239-thread-1] INFO  server.RaftServerConfigKeys (ConfUtils.java:logGet(43)) - raft.server.log.purge.gap = 1000000 (custom)
2019-09-12 11:42:30,633 [pool-239-thread-1] INFO  server.RaftServerConfigKeys (ConfUtils.java:logGet(43)) - raft.server.log.appender.buffer.byte-limit = 33554432 (custom)
2019-09-12 11:42:30,633 [pool-239-thread-1] INFO  server.RaftServerConfigKeys (ConfUtils.java:logGet(43)) - raft.server.log.segment.size.max = 1048576 (custom)
2019-09-12 11:42:30,633 [pool-239-thread-1] INFO  server.RaftServerConfigKeys (ConfUtils.java:logGet(43)) - raft.server.log.segment.cache.num.max = 2 (custom)
2019-09-12 11:42:30,633 [pool-239-thread-1] INFO  segmented.SegmentedRaftLogWorker (SegmentedRaftLogWorker.java:<init>(172)) - new 79dd4a67-b0bc-4c7d-8a5b-15c0f4627f39-SegmentedRaftLogWorker:Storage Directory /workdir/hadoop-ozone/ozonefs/target/test-dir/MiniOzoneClusterImpl-fdcb41f5-4f3a-4aa8-8a5f-fd4c24aaf455/datanode-0/data/ratis/4570f3aa-223a-4178-9981-a75211e8fdef for RaftStorage:Storage Directory /workdir/hadoop-ozone/ozonefs/target/test-dir/MiniOzoneClusterImpl-fdcb41f5-4f3a-4aa8-8a5f-fd4c24aaf455/datanode-0/data/ratis/4570f3aa-223a-4178-9981-a75211e8fdef
2019-09-12 11:42:30,633 [pool-239-thread-1] INFO  server.RaftServerConfigKeys (ConfUtils.java:logGet(43)) - raft.server.log.queue.byte-limit = 2147483647 (custom)
2019-09-12 11:42:30,633 [pool-239-thread-1] INFO  server.RaftServerConfigKeys (ConfUtils.java:logGet(43)) - raft.server.log.queue.element-limit = 1024 (custom)
2019-09-12 11:42:30,634 [pool-239-thread-1] INFO  server.RaftServerConfigKeys (ConfUtils.java:logGet(43)) - raft.server.log.segment.size.max = 1048576 (custom)
2019-09-12 11:42:30,634 [pool-239-thread-1] INFO  server.RaftServerConfigKeys (ConfUtils.java:logGet(43)) - raft.server.log.preallocated.size = 16384 (custom)
2019-09-12 11:42:30,634 [pool-239-thread-1] INFO  server.RaftServerConfigKeys (ConfUtils.java:logGet(43)) - raft.server.log.write.buffer.size = 33554432 (custom)
2019-09-12 11:42:30,634 [pool-239-thread-1] INFO  server.RaftServerConfigKeys (ConfUtils.java:logGet(43)) - raft.server.log.force.sync.num = 128 (default)
2019-09-12 11:42:30,634 [pool-239-thread-1] INFO  server.RaftServerConfigKeys (ConfUtils.java:logGet(43)) - raft.server.log.statemachine.data.sync = true (default)
2019-09-12 11:42:30,634 [pool-239-thread-1] INFO  server.RaftServerConfigKeys (ConfUtils.java:logGet(43)) - raft.server.log.statemachine.data.sync.timeout = 10s (default)
2019-09-12 11:42:30,634 [pool-239-thread-1] INFO  server.RaftServerConfigKeys (ConfUtils.java:logGet(43)) - raft.server.log.statemachine.data.sync.timeout.retry = -1 (default)
2019-09-12 11:42:30,635 [pool-239-thread-1] INFO  server.RaftServerConfigKeys (ConfUtils.java:logGet(43)) - raft.server.log.statemachine.data.caching.enabled = true (custom)
2019-09-12 11:42:30,635 [pool-239-thread-1] INFO  segmented.SegmentedRaftLogWorker (SegmentedRaftLogWorker.java:lambda$new$0(132)) - 79dd4a67-b0bc-4c7d-8a5b-15c0f4627f39-SegmentedRaftLogWorker:Storage Directory /workdir/hadoop-ozone/ozonefs/target/test-dir/MiniOzoneClusterImpl-fdcb41f5-4f3a-4aa8-8a5f-fd4c24aaf455/datanode-0/data/ratis/4570f3aa-223a-4178-9981-a75211e8fdef: flushIndex: setUnconditionally 0 -> -1
2019-09-12 11:42:30,635 [pool-239-thread-1] INFO  server.RaftServerConfigKeys (ConfUtils.java:logGet(43)) - raft.server.snapshot.auto.trigger.enabled = true (custom)
2019-09-12 11:42:30,635 [pool-239-thread-1] INFO  server.RaftServerConfigKeys (ConfUtils.java:logGet(43)) - raft.server.snapshot.auto.trigger.threshold = 10000 (custom)
2019-09-12 11:42:30,635 [pool-239-thread-1] INFO  server.RaftServerConfigKeys (ConfUtils.java:logGet(43)) - raft.server.retrycache.expirytime = 600000ms (custom)
2019-09-12 11:42:30,636 [pool-239-thread-1] INFO  impl.RaftServerImpl (RaftServerImpl.java:start(180)) - 79dd4a67-b0bc-4c7d-8a5b-15c0f4627f39: start group-A75211E8FDEF
2019-09-12 11:42:30,636 [pool-239-thread-1] INFO  impl.RaftServerImpl (RaftServerImpl.java:setRole(171)) - 79dd4a67-b0bc-4c7d-8a5b-15c0f4627f39:group-A75211E8FDEF changes role from null to FOLLOWER at term 0 for startAsFollower
2019-09-12 11:42:30,636 [pool-239-thread-1] INFO  impl.RoleInfo (RoleInfo.java:updateAndGet(143)) - 79dd4a67-b0bc-4c7d-8a5b-15c0f4627f39: start FollowerState
2019-09-12 11:42:30,636 [pool-239-thread-1] INFO  util.JmxRegister (JmxRegister.java:tryRegister(44)) - Successfully registered JMX Bean with object name Ratis:service=RaftServer,group=group-A75211E8FDEF,id=79dd4a67-b0bc-4c7d-8a5b-15c0f4627f39
2019-09-12 11:42:30,639 [RatisPipelineUtilsThread] INFO  pipeline.PipelineStateManager (PipelineStateManager.java:addPipeline(56)) - Created pipeline Pipeline[ Id: 4570f3aa-223a-4178-9981-a75211e8fdef, Nodes: 79dd4a67-b0bc-4c7d-8a5b-15c0f4627f39{ip: 192.168.157.195, host: pr-hdds-1569-xtfnx-3545843844, networkLocation: /default-rack, certSerialId: null}, Type:RATIS, Factor:ONE, State:OPEN]
2019-09-12 11:42:30,645 [grpc-default-executor-0] INFO  impl.RaftServerProxy (RaftServerProxy.java:addNew(89)) - 79dd4a67-b0bc-4c7d-8a5b-15c0f4627f39: addNew group-291434862A17:[79dd4a67-b0bc-4c7d-8a5b-15c0f4627f39:192.168.157.195:34031] returns group-291434862A17:java.util.concurrent.CompletableFuture@4040852d[Not completed]
2019-09-12 11:42:30,646 [pool-239-thread-1] INFO  impl.RaftServerImpl (RaftServerImpl.java:<init>(93)) - 79dd4a67-b0bc-4c7d-8a5b-15c0f4627f39: new RaftServerImpl for group-291434862A17:[79dd4a67-b0bc-4c7d-8a5b-15c0f4627f39:192.168.157.195:34031] with ContainerStateMachine:uninitialized
2019-09-12 11:42:30,646 [pool-239-thread-1] INFO  server.RaftServerConfigKeys (ConfUtils.java:logGet(43)) - raft.server.rpc.timeout.min = 5s (custom)
2019-09-12 11:42:30,646 [pool-239-thread-1] INFO  server.RaftServerConfigKeys (ConfUtils.java:logGet(43)) - raft.server.rpc.timeout.max = 5200ms (custom)
2019-09-12 11:42:30,646 [pool-239-thread-1] INFO  server.RaftServerConfigKeys (ConfUtils.java:logGet(43)) - raft.server.rpcslowness.timeout = 120s (custom)
2019-09-12 11:42:30,646 [pool-239-thread-1] INFO  server.RaftServerConfigKeys (ConfUtils.java:logGet(43)) - raft.server.sleep.deviation.threshold = 300 (default)
2019-09-12 11:42:30,647 [pool-239-thread-1] INFO  server.RaftServerConfigKeys (ConfUtils.java:logGet(43)) - raft.server.log.appender.install.snapshot.enabled = false (custom)
2019-09-12 11:42:30,647 [pool-239-thread-1] INFO  impl.RaftServerImpl (ServerState.java:<init>(105)) - 79dd4a67-b0bc-4c7d-8a5b-15c0f4627f39:group-291434862A17 ConfigurationManager, init=-1: [79dd4a67-b0bc-4c7d-8a5b-15c0f4627f39:192.168.157.195:34031], old=null, confs=<EMPTY_MAP>
2019-09-12 11:42:30,647 [pool-239-thread-1] INFO  server.RaftServerConfigKeys (ConfUtils.java:logGet(43)) - raft.server.storage.dir = [/workdir/hadoop-ozone/ozonefs/target/test-dir/MiniOzoneClusterImpl-fdcb41f5-4f3a-4aa8-8a5f-fd4c24aaf455/datanode-0/data/ratis] (custom)
2019-09-12 11:42:30,647 [pool-239-thread-1] INFO  storage.RaftStorageDirectory (RaftStorageDirectory.java:analyzeStorage(246)) - The storage directory /workdir/hadoop-ozone/ozonefs/target/test-dir/MiniOzoneClusterImpl-fdcb41f5-4f3a-4aa8-8a5f-fd4c24aaf455/datanode-0/data/ratis/2af98a91-d1f9-4e9d-b93b-291434862a17 does not exist. Creating ...
2019-09-12 11:42:30,672 [pool-239-thread-1] INFO  storage.RaftStorageDirectory (RaftStorageDirectory.java:tryLock(328)) - Lock on /workdir/hadoop-ozone/ozonefs/target/test-dir/MiniOzoneClusterImpl-fdcb41f5-4f3a-4aa8-8a5f-fd4c24aaf455/datanode-0/data/ratis/2af98a91-d1f9-4e9d-b93b-291434862a17/in_use.lock acquired by nodename 27663@pr-hdds-1569-xtfnx-3545843844
2019-09-12 11:42:30,697 [pool-239-thread-1] INFO  storage.RaftStorage (RaftStorage.java:format(72)) - Storage directory /workdir/hadoop-ozone/ozonefs/target/test-dir/MiniOzoneClusterImpl-fdcb41f5-4f3a-4aa8-8a5f-fd4c24aaf455/datanode-0/data/ratis/2af98a91-d1f9-4e9d-b93b-291434862a17 has been successfully formatted.
2019-09-12 11:42:30,697 [pool-239-thread-1] INFO  ratis.ContainerStateMachine (ContainerStateMachine.java:loadSnapshot(226)) - group-291434862A17: The snapshot info is null. Setting the last applied indexto:(t:0, i:~)
2019-09-12 11:42:30,697 [pool-239-thread-1] INFO  server.RaftServerConfigKeys (ConfUtils.java:logGet(43)) - raft.server.leader.election.timeout = 120s (custom)
2019-09-12 11:42:30,698 [pool-239-thread-1] INFO  server.RaftServerConfigKeys (ConfUtils.java:logGet(43)) - raft.server.log.use.memory = false (default)
2019-09-12 11:42:30,698 [pool-239-thread-1] INFO  server.RaftServerConfigKeys (ConfUtils.java:logGet(43)) - raft.server.log.purge.gap = 1000000 (custom)
2019-09-12 11:42:30,698 [pool-239-thread-1] INFO  server.RaftServerConfigKeys (ConfUtils.java:logGet(43)) - raft.server.log.appender.buffer.byte-limit = 33554432 (custom)
2019-09-12 11:42:30,698 [pool-239-thread-1] INFO  server.RaftServerConfigKeys (ConfUtils.java:logGet(43)) - raft.server.log.segment.size.max = 1048576 (custom)
2019-09-12 11:42:30,698 [pool-239-thread-1] INFO  server.RaftServerConfigKeys (ConfUtils.java:logGet(43)) - raft.server.log.segment.cache.num.max = 2 (custom)
2019-09-12 11:42:30,698 [pool-239-thread-1] INFO  segmented.SegmentedRaftLogWorker (SegmentedRaftLogWorker.java:<init>(172)) - new 79dd4a67-b0bc-4c7d-8a5b-15c0f4627f39-SegmentedRaftLogWorker:Storage Directory /workdir/hadoop-ozone/ozonefs/target/test-dir/MiniOzoneClusterImpl-fdcb41f5-4f3a-4aa8-8a5f-fd4c24aaf455/datanode-0/data/ratis/2af98a91-d1f9-4e9d-b93b-291434862a17 for RaftStorage:Storage Directory /workdir/hadoop-ozone/ozonefs/target/test-dir/MiniOzoneClusterImpl-fdcb41f5-4f3a-4aa8-8a5f-fd4c24aaf455/datanode-0/data/ratis/2af98a91-d1f9-4e9d-b93b-291434862a17
2019-09-12 11:42:30,699 [pool-239-thread-1] INFO  server.RaftServerConfigKeys (ConfUtils.java:logGet(43)) - raft.server.log.queue.byte-limit = 2147483647 (custom)
2019-09-12 11:42:30,699 [pool-239-thread-1] INFO  server.RaftServerConfigKeys (ConfUtils.java:logGet(43)) - raft.server.log.queue.element-limit = 1024 (custom)
2019-09-12 11:42:30,699 [pool-239-thread-1] INFO  server.RaftServerConfigKeys (ConfUtils.java:logGet(43)) - raft.server.log.segment.size.max = 1048576 (custom)
2019-09-12 11:42:30,699 [pool-239-thread-1] INFO  server.RaftServerConfigKeys (ConfUtils.java:logGet(43)) - raft.server.log.preallocated.size = 16384 (custom)
2019-09-12 11:42:30,699 [pool-239-thread-1] INFO  server.RaftServerConfigKeys (ConfUtils.java:logGet(43)) - raft.server.log.write.buffer.size = 33554432 (custom)
2019-09-12 11:42:30,699 [pool-239-thread-1] INFO  server.RaftServerConfigKeys (ConfUtils.java:logGet(43)) - raft.server.log.force.sync.num = 128 (default)
2019-09-12 11:42:30,699 [pool-239-thread-1] INFO  server.RaftServerConfigKeys (ConfUtils.java:logGet(43)) - raft.server.log.statemachine.data.sync = true (default)
2019-09-12 11:42:30,700 [pool-239-thread-1] INFO  server.RaftServerConfigKeys (ConfUtils.java:logGet(43)) - raft.server.log.statemachine.data.sync.timeout = 10s (default)
2019-09-12 11:42:30,700 [pool-239-thread-1] INFO  server.RaftServerConfigKeys (ConfUtils.java:logGet(43)) - raft.server.log.statemachine.data.sync.timeout.retry = -1 (default)
2019-09-12 11:42:30,700 [pool-239-thread-1] INFO  server.RaftServerConfigKeys (ConfUtils.java:logGet(43)) - raft.server.log.statemachine.data.caching.enabled = true (custom)
2019-09-12 11:42:30,700 [pool-239-thread-1] INFO  segmented.SegmentedRaftLogWorker (SegmentedRaftLogWorker.java:lambda$new$0(132)) - 79dd4a67-b0bc-4c7d-8a5b-15c0f4627f39-SegmentedRaftLogWorker:Storage Directory /workdir/hadoop-ozone/ozonefs/target/test-dir/MiniOzoneClusterImpl-fdcb41f5-4f3a-4aa8-8a5f-fd4c24aaf455/datanode-0/data/ratis/2af98a91-d1f9-4e9d-b93b-291434862a17: flushIndex: setUnconditionally 0 -> -1
2019-09-12 11:42:30,701 [pool-239-thread-1] INFO  server.RaftServerConfigKeys (ConfUtils.java:logGet(43)) - raft.server.snapshot.auto.trigger.enabled = true (custom)
2019-09-12 11:42:30,701 [pool-239-thread-1] INFO  server.RaftServerConfigKeys (ConfUtils.java:logGet(43)) - raft.server.snapshot.auto.trigger.threshold = 10000 (custom)
2019-09-12 11:42:30,701 [pool-239-thread-1] INFO  server.RaftServerConfigKeys (ConfUtils.java:logGet(43)) - raft.server.retrycache.expirytime = 600000ms (custom)
2019-09-12 11:42:30,701 [pool-239-thread-1] INFO  impl.RaftServerImpl (RaftServerImpl.java:start(180)) - 79dd4a67-b0bc-4c7d-8a5b-15c0f4627f39: start group-291434862A17
2019-09-12 11:42:30,702 [pool-239-thread-1] INFO  impl.RaftServerImpl (RaftServerImpl.java:setRole(171)) - 79dd4a67-b0bc-4c7d-8a5b-15c0f4627f39:group-291434862A17 changes role from null to FOLLOWER at term 0 for startAsFollower
2019-09-12 11:42:30,702 [pool-239-thread-1] INFO  impl.RoleInfo (RoleInfo.java:updateAndGet(143)) - 79dd4a67-b0bc-4c7d-8a5b-15c0f4627f39: start FollowerState
2019-09-12 11:42:30,702 [pool-239-thread-1] INFO  util.JmxRegister (JmxRegister.java:tryRegister(44)) - Successfully registered JMX Bean with object name Ratis:service=RaftServer,group=group-291434862A17,id=79dd4a67-b0bc-4c7d-8a5b-15c0f4627f39
2019-09-12 11:42:30,705 [RatisPipelineUtilsThread] INFO  pipeline.PipelineStateManager (PipelineStateManager.java:addPipeline(56)) - Created pipeline Pipeline[ Id: 2af98a91-d1f9-4e9d-b93b-291434862a17, Nodes: 79dd4a67-b0bc-4c7d-8a5b-15c0f4627f39{ip: 192.168.157.195, host: pr-hdds-1569-xtfnx-3545843844, networkLocation: /default-rack, certSerialId: null}, Type:RATIS, Factor:ONE, State:OPEN]
2019-09-12 11:42:30,711 [grpc-default-executor-0] INFO  impl.RaftServerProxy (RaftServerProxy.java:addNew(89)) - 79dd4a67-b0bc-4c7d-8a5b-15c0f4627f39: addNew group-11AE2632F4E5:[79dd4a67-b0bc-4c7d-8a5b-15c0f4627f39:192.168.157.195:34031] returns group-11AE2632F4E5:java.util.concurrent.CompletableFuture@21a74435[Not completed]
2019-09-12 11:42:30,712 [pool-239-thread-1] INFO  impl.RaftServerImpl (RaftServerImpl.java:<init>(93)) - 79dd4a67-b0bc-4c7d-8a5b-15c0f4627f39: new RaftServerImpl for group-11AE2632F4E5:[79dd4a67-b0bc-4c7d-8a5b-15c0f4627f39:192.168.157.195:34031] with ContainerStateMachine:uninitialized
2019-09-12 11:42:30,713 [pool-239-thread-1] INFO  server.RaftServerConfigKeys (ConfUtils.java:logGet(43)) - raft.server.rpc.timeout.min = 5s (custom)
2019-09-12 11:42:30,713 [pool-239-thread-1] INFO  server.RaftServerConfigKeys (ConfUtils.java:logGet(43)) - raft.server.rpc.timeout.max = 5200ms (custom)
2019-09-12 11:42:30,713 [pool-239-thread-1] INFO  server.RaftServerConfigKeys (ConfUtils.java:logGet(43)) - raft.server.rpcslowness.timeout = 120s (custom)
2019-09-12 11:42:30,713 [pool-239-thread-1] INFO  server.RaftServerConfigKeys (ConfUtils.java:logGet(43)) - raft.server.sleep.deviation.threshold = 300 (default)
2019-09-12 11:42:30,713 [pool-239-thread-1] INFO  server.RaftServerConfigKeys (ConfUtils.java:logGet(43)) - raft.server.log.appender.install.snapshot.enabled = false (custom)
2019-09-12 11:42:30,713 [pool-239-thread-1] INFO  impl.RaftServerImpl (ServerState.java:<init>(105)) - 79dd4a67-b0bc-4c7d-8a5b-15c0f4627f39:group-11AE2632F4E5 ConfigurationManager, init=-1: [79dd4a67-b0bc-4c7d-8a5b-15c0f4627f39:192.168.157.195:34031], old=null, confs=<EMPTY_MAP>
2019-09-12 11:42:30,714 [pool-239-thread-1] INFO  server.RaftServerConfigKeys (ConfUtils.java:logGet(43)) - raft.server.storage.dir = [/workdir/hadoop-ozone/ozonefs/target/test-dir/MiniOzoneClusterImpl-fdcb41f5-4f3a-4aa8-8a5f-fd4c24aaf455/datanode-0/data/ratis] (custom)
2019-09-12 11:42:30,714 [pool-239-thread-1] INFO  storage.RaftStorageDirectory (RaftStorageDirectory.java:analyzeStorage(246)) - The storage directory /workdir/hadoop-ozone/ozonefs/target/test-dir/MiniOzoneClusterImpl-fdcb41f5-4f3a-4aa8-8a5f-fd4c24aaf455/datanode-0/data/ratis/ab7316b3-469f-439b-b2a4-11ae2632f4e5 does not exist. Creating ...
2019-09-12 11:42:30,727 [pool-239-thread-1] INFO  storage.RaftStorageDirectory (RaftStorageDirectory.java:tryLock(328)) - Lock on /workdir/hadoop-ozone/ozonefs/target/test-dir/MiniOzoneClusterImpl-fdcb41f5-4f3a-4aa8-8a5f-fd4c24aaf455/datanode-0/data/ratis/ab7316b3-469f-439b-b2a4-11ae2632f4e5/in_use.lock acquired by nodename 27663@pr-hdds-1569-xtfnx-3545843844
2019-09-12 11:42:30,740 [pool-239-thread-1] INFO  storage.RaftStorage (RaftStorage.java:format(72)) - Storage directory /workdir/hadoop-ozone/ozonefs/target/test-dir/MiniOzoneClusterImpl-fdcb41f5-4f3a-4aa8-8a5f-fd4c24aaf455/datanode-0/data/ratis/ab7316b3-469f-439b-b2a4-11ae2632f4e5 has been successfully formatted.
2019-09-12 11:42:30,740 [pool-239-thread-1] INFO  ratis.ContainerStateMachine (ContainerStateMachine.java:loadSnapshot(226)) - group-11AE2632F4E5: The snapshot info is null. Setting the last applied indexto:(t:0, i:~)
2019-09-12 11:42:30,740 [pool-239-thread-1] INFO  server.RaftServerConfigKeys (ConfUtils.java:logGet(43)) - raft.server.leader.election.timeout = 120s (custom)
2019-09-12 11:42:30,741 [pool-239-thread-1] INFO  server.RaftServerConfigKeys (ConfUtils.java:logGet(43)) - raft.server.log.use.memory = false (default)
2019-09-12 11:42:30,741 [pool-239-thread-1] INFO  server.RaftServerConfigKeys (ConfUtils.java:logGet(43)) - raft.server.log.purge.gap = 1000000 (custom)
2019-09-12 11:42:30,741 [pool-239-thread-1] INFO  server.RaftServerConfigKeys (ConfUtils.java:logGet(43)) - raft.server.log.appender.buffer.byte-limit = 33554432 (custom)
2019-09-12 11:42:30,741 [pool-239-thread-1] INFO  server.RaftServerConfigKeys (ConfUtils.java:logGet(43)) - raft.server.log.segment.size.max = 1048576 (custom)
2019-09-12 11:42:30,741 [pool-239-thread-1] INFO  server.RaftServerConfigKeys (ConfUtils.java:logGet(43)) - raft.server.log.segment.cache.num.max = 2 (custom)
2019-09-12 11:42:30,741 [pool-239-thread-1] INFO  segmented.SegmentedRaftLogWorker (SegmentedRaftLogWorker.java:<init>(172)) - new 79dd4a67-b0bc-4c7d-8a5b-15c0f4627f39-SegmentedRaftLogWorker:Storage Directory /workdir/hadoop-ozone/ozonefs/target/test-dir/MiniOzoneClusterImpl-fdcb41f5-4f3a-4aa8-8a5f-fd4c24aaf455/datanode-0/data/ratis/ab7316b3-469f-439b-b2a4-11ae2632f4e5 for RaftStorage:Storage Directory /workdir/hadoop-ozone/ozonefs/target/test-dir/MiniOzoneClusterImpl-fdcb41f5-4f3a-4aa8-8a5f-fd4c24aaf455/datanode-0/data/ratis/ab7316b3-469f-439b-b2a4-11ae2632f4e5
2019-09-12 11:42:30,742 [pool-239-thread-1] INFO  server.RaftServerConfigKeys (ConfUtils.java:logGet(43)) - raft.server.log.queue.byte-limit = 2147483647 (custom)
2019-09-12 11:42:30,742 [pool-239-thread-1] INFO  server.RaftServerConfigKeys (ConfUtils.java:logGet(43)) - raft.server.log.queue.element-limit = 1024 (custom)
2019-09-12 11:42:30,742 [pool-239-thread-1] INFO  server.RaftServerConfigKeys (ConfUtils.java:logGet(43)) - raft.server.log.segment.size.max = 1048576 (custom)
2019-09-12 11:42:30,742 [pool-239-thread-1] INFO  server.RaftServerConfigKeys (ConfUtils.java:logGet(43)) - raft.server.log.preallocated.size = 16384 (custom)
2019-09-12 11:42:30,742 [pool-239-thread-1] INFO  server.RaftServerConfigKeys (ConfUtils.java:logGet(43)) - raft.server.log.write.buffer.size = 33554432 (custom)
2019-09-12 11:42:30,742 [pool-239-thread-1] INFO  server.RaftServerConfigKeys (ConfUtils.java:logGet(43)) - raft.server.log.force.sync.num = 128 (default)
2019-09-12 11:42:30,742 [pool-239-thread-1] INFO  server.RaftServerConfigKeys (ConfUtils.java:logGet(43)) - raft.server.log.statemachine.data.sync = true (default)
2019-09-12 11:42:30,743 [pool-239-thread-1] INFO  server.RaftServerConfigKeys (ConfUtils.java:logGet(43)) - raft.server.log.statemachine.data.sync.timeout = 10s (default)
2019-09-12 11:42:30,743 [pool-239-thread-1] INFO  server.RaftServerConfigKeys (ConfUtils.java:logGet(43)) - raft.server.log.statemachine.data.sync.timeout.retry = -1 (default)
2019-09-12 11:42:30,743 [pool-239-thread-1] INFO  server.RaftServerConfigKeys (ConfUtils.java:logGet(43)) - raft.server.log.statemachine.data.caching.enabled = true (custom)
2019-09-12 11:42:30,743 [pool-239-thread-1] INFO  segmented.SegmentedRaftLogWorker (SegmentedRaftLogWorker.java:lambda$new$0(132)) - 79dd4a67-b0bc-4c7d-8a5b-15c0f4627f39-SegmentedRaftLogWorker:Storage Directory /workdir/hadoop-ozone/ozonefs/target/test-dir/MiniOzoneClusterImpl-fdcb41f5-4f3a-4aa8-8a5f-fd4c24aaf455/datanode-0/data/ratis/ab7316b3-469f-439b-b2a4-11ae2632f4e5: flushIndex: setUnconditionally 0 -> -1
2019-09-12 11:42:30,744 [pool-239-thread-1] INFO  server.RaftServerConfigKeys (ConfUtils.java:logGet(43)) - raft.server.snapshot.auto.trigger.enabled = true (custom)
2019-09-12 11:42:30,744 [pool-239-thread-1] INFO  server.RaftServerConfigKeys (ConfUtils.java:logGet(43)) - raft.server.snapshot.auto.trigger.threshold = 10000 (custom)
2019-09-12 11:42:30,744 [pool-239-thread-1] INFO  server.RaftServerConfigKeys (ConfUtils.java:logGet(43)) - raft.server.retrycache.expirytime = 600000ms (custom)
2019-09-12 11:42:30,744 [pool-239-thread-1] INFO  impl.RaftServerImpl (RaftServerImpl.java:start(180)) - 79dd4a67-b0bc-4c7d-8a5b-15c0f4627f39: start group-11AE2632F4E5
2019-09-12 11:42:30,744 [pool-239-thread-1] INFO  impl.RaftServerImpl (RaftServerImpl.java:setRole(171)) - 79dd4a67-b0bc-4c7d-8a5b-15c0f4627f39:group-11AE2632F4E5 changes role from null to FOLLOWER at term 0 for startAsFollower
2019-09-12 11:42:30,744 [pool-239-thread-1] INFO  impl.RoleInfo (RoleInfo.java:updateAndGet(143)) - 79dd4a67-b0bc-4c7d-8a5b-15c0f4627f39: start FollowerState
2019-09-12 11:42:30,745 [pool-239-thread-1] INFO  util.JmxRegister (JmxRegister.java:tryRegister(44)) - Successfully registered JMX Bean with object name Ratis:service=RaftServer,group=group-11AE2632F4E5,id=79dd4a67-b0bc-4c7d-8a5b-15c0f4627f39
2019-09-12 11:42:30,748 [RatisPipelineUtilsThread] INFO  pipeline.PipelineStateManager (PipelineStateManager.java:addPipeline(56)) - Created pipeline Pipeline[ Id: ab7316b3-469f-439b-b2a4-11ae2632f4e5, Nodes: 79dd4a67-b0bc-4c7d-8a5b-15c0f4627f39{ip: 192.168.157.195, host: pr-hdds-1569-xtfnx-3545843844, networkLocation: /default-rack, certSerialId: null}, Type:RATIS, Factor:ONE, State:OPEN]
2019-09-12 11:42:30,754 [grpc-default-executor-0] INFO  impl.RaftServerProxy (RaftServerProxy.java:addNew(89)) - 79dd4a67-b0bc-4c7d-8a5b-15c0f4627f39: addNew group-2A9DFCED1A4C:[79dd4a67-b0bc-4c7d-8a5b-15c0f4627f39:192.168.157.195:34031] returns group-2A9DFCED1A4C:java.util.concurrent.CompletableFuture@440eb9cc[Not completed]
2019-09-12 11:42:30,755 [pool-239-thread-1] INFO  impl.RaftServerImpl (RaftServerImpl.java:<init>(93)) - 79dd4a67-b0bc-4c7d-8a5b-15c0f4627f39: new RaftServerImpl for group-2A9DFCED1A4C:[79dd4a67-b0bc-4c7d-8a5b-15c0f4627f39:192.168.157.195:34031] with ContainerStateMachine:uninitialized
2019-09-12 11:42:30,755 [pool-239-thread-1] INFO  server.RaftServerConfigKeys (ConfUtils.java:logGet(43)) - raft.server.rpc.timeout.min = 5s (custom)
2019-09-12 11:42:30,755 [pool-239-thread-1] INFO  server.RaftServerConfigKeys (ConfUtils.java:logGet(43)) - raft.server.rpc.timeout.max = 5200ms (custom)
2019-09-12 11:42:30,755 [pool-239-thread-1] INFO  server.RaftServerConfigKeys (ConfUtils.java:logGet(43)) - raft.server.rpcslowness.timeout = 120s (custom)
2019-09-12 11:42:30,755 [pool-239-thread-1] INFO  server.RaftServerConfigKeys (ConfUtils.java:logGet(43)) - raft.server.sleep.deviation.threshold = 300 (default)
2019-09-12 11:42:30,756 [pool-239-thread-1] INFO  server.RaftServerConfigKeys (ConfUtils.java:logGet(43)) - raft.server.log.appender.install.snapshot.enabled = false (custom)
2019-09-12 11:42:30,756 [pool-239-thread-1] INFO  impl.RaftServerImpl (ServerState.java:<init>(105)) - 79dd4a67-b0bc-4c7d-8a5b-15c0f4627f39:group-2A9DFCED1A4C ConfigurationManager, init=-1: [79dd4a67-b0bc-4c7d-8a5b-15c0f4627f39:192.168.157.195:34031], old=null, confs=<EMPTY_MAP>
2019-09-12 11:42:30,756 [pool-239-thread-1] INFO  server.RaftServerConfigKeys (ConfUtils.java:logGet(43)) - raft.server.storage.dir = [/workdir/hadoop-ozone/ozonefs/target/test-dir/MiniOzoneClusterImpl-fdcb41f5-4f3a-4aa8-8a5f-fd4c24aaf455/datanode-0/data/ratis] (custom)
2019-09-12 11:42:30,756 [pool-239-thread-1] INFO  storage.RaftStorageDirectory (RaftStorageDirectory.java:analyzeStorage(246)) - The storage directory /workdir/hadoop-ozone/ozonefs/target/test-dir/MiniOzoneClusterImpl-fdcb41f5-4f3a-4aa8-8a5f-fd4c24aaf455/datanode-0/data/ratis/125f228e-1d76-4627-8d6c-2a9dfced1a4c does not exist. Creating ...
2019-09-12 11:42:30,769 [pool-239-thread-1] INFO  storage.RaftStorageDirectory (RaftStorageDirectory.java:tryLock(328)) - Lock on /workdir/hadoop-ozone/ozonefs/target/test-dir/MiniOzoneClusterImpl-fdcb41f5-4f3a-4aa8-8a5f-fd4c24aaf455/datanode-0/data/ratis/125f228e-1d76-4627-8d6c-2a9dfced1a4c/in_use.lock acquired by nodename 27663@pr-hdds-1569-xtfnx-3545843844
2019-09-12 11:42:30,771 [pool-239-thread-1] INFO  storage.RaftStorage (RaftStorage.java:format(72)) - Storage directory /workdir/hadoop-ozone/ozonefs/target/test-dir/MiniOzoneClusterImpl-fdcb41f5-4f3a-4aa8-8a5f-fd4c24aaf455/datanode-0/data/ratis/125f228e-1d76-4627-8d6c-2a9dfced1a4c has been successfully formatted.
2019-09-12 11:42:30,772 [pool-239-thread-1] INFO  ratis.ContainerStateMachine (ContainerStateMachine.java:loadSnapshot(226)) - group-2A9DFCED1A4C: The snapshot info is null. Setting the last applied indexto:(t:0, i:~)
2019-09-12 11:42:30,772 [pool-239-thread-1] INFO  server.RaftServerConfigKeys (ConfUtils.java:logGet(43)) - raft.server.leader.election.timeout = 120s (custom)
2019-09-12 11:42:30,772 [pool-239-thread-1] INFO  server.RaftServerConfigKeys (ConfUtils.java:logGet(43)) - raft.server.log.use.memory = false (default)
2019-09-12 11:42:30,772 [pool-239-thread-1] INFO  server.RaftServerConfigKeys (ConfUtils.java:logGet(43)) - raft.server.log.purge.gap = 1000000 (custom)
2019-09-12 11:42:30,773 [pool-239-thread-1] INFO  server.RaftServerConfigKeys (ConfUtils.java:logGet(43)) - raft.server.log.appender.buffer.byte-limit = 33554432 (custom)
2019-09-12 11:42:30,773 [IPC Server handler 2 on 33448] INFO  net.NetworkTopology (NetworkTopologyImpl.java:add(110)) - Added a new node: /default-rack/0125f011-55c1-4065-977c-843a08f08196
2019-09-12 11:42:30,773 [pool-239-thread-1] INFO  server.RaftServerConfigKeys (ConfUtils.java:logGet(43)) - raft.server.log.segment.size.max = 1048576 (custom)
2019-09-12 11:42:30,773 [IPC Server handler 2 on 33448] INFO  node.SCMNodeManager (SCMNodeManager.java:register(273)) - Registered Data node : 0125f011-55c1-4065-977c-843a08f08196{ip: 192.168.157.195, host: pr-hdds-1569-xtfnx-3545843844, networkLocation: /default-rack, certSerialId: null}
2019-09-12 11:42:30,773 [pool-239-thread-1] INFO  server.RaftServerConfigKeys (ConfUtils.java:logGet(43)) - raft.server.log.segment.cache.num.max = 2 (custom)
2019-09-12 11:42:30,774 [pool-239-thread-1] INFO  segmented.SegmentedRaftLogWorker (SegmentedRaftLogWorker.java:<init>(172)) - new 79dd4a67-b0bc-4c7d-8a5b-15c0f4627f39-SegmentedRaftLogWorker:Storage Directory /workdir/hadoop-ozone/ozonefs/target/test-dir/MiniOzoneClusterImpl-fdcb41f5-4f3a-4aa8-8a5f-fd4c24aaf455/datanode-0/data/ratis/125f228e-1d76-4627-8d6c-2a9dfced1a4c for RaftStorage:Storage Directory /workdir/hadoop-ozone/ozonefs/target/test-dir/MiniOzoneClusterImpl-fdcb41f5-4f3a-4aa8-8a5f-fd4c24aaf455/datanode-0/data/ratis/125f228e-1d76-4627-8d6c-2a9dfced1a4c
2019-09-12 11:42:30,774 [pool-239-thread-1] INFO  server.RaftServerConfigKeys (ConfUtils.java:logGet(43)) - raft.server.log.queue.byte-limit = 2147483647 (custom)
2019-09-12 11:42:30,774 | INFO  | SCMAudit | user=jenkins1000 | ip=192.168.157.195 | op=REGISTER {datanodeDetails=0125f011-55c1-4065-977c-843a08f08196{ip: 192.168.157.195, host: pr-hdds-1569-xtfnx-3545843844, networkLocation: /default-rack, certSerialId: null}} | ret=SUCCESS |  
2019-09-12 11:42:30,774 [pool-239-thread-1] INFO  server.RaftServerConfigKeys (ConfUtils.java:logGet(43)) - raft.server.log.queue.element-limit = 1024 (custom)
2019-09-12 11:42:30,774 [pool-239-thread-1] INFO  server.RaftServerConfigKeys (ConfUtils.java:logGet(43)) - raft.server.log.segment.size.max = 1048576 (custom)
2019-09-12 11:42:30,775 [pool-239-thread-1] INFO  server.RaftServerConfigKeys (ConfUtils.java:logGet(43)) - raft.server.log.preallocated.size = 16384 (custom)
2019-09-12 11:42:30,775 [pool-239-thread-1] INFO  server.RaftServerConfigKeys (ConfUtils.java:logGet(43)) - raft.server.log.write.buffer.size = 33554432 (custom)
2019-09-12 11:42:30,775 [pool-239-thread-1] INFO  server.RaftServerConfigKeys (ConfUtils.java:logGet(43)) - raft.server.log.force.sync.num = 128 (default)
2019-09-12 11:42:30,775 [pool-239-thread-1] INFO  server.RaftServerConfigKeys (ConfUtils.java:logGet(43)) - raft.server.log.statemachine.data.sync = true (default)
2019-09-12 11:42:30,775 [pool-239-thread-1] INFO  server.RaftServerConfigKeys (ConfUtils.java:logGet(43)) - raft.server.log.statemachine.data.sync.timeout = 10s (default)
2019-09-12 11:42:30,775 [pool-239-thread-1] INFO  server.RaftServerConfigKeys (ConfUtils.java:logGet(43)) - raft.server.log.statemachine.data.sync.timeout.retry = -1 (default)
2019-09-12 11:42:30,776 [pool-239-thread-1] INFO  server.RaftServerConfigKeys (ConfUtils.java:logGet(43)) - raft.server.log.statemachine.data.caching.enabled = true (custom)
2019-09-12 11:42:30,776 [pool-239-thread-1] INFO  segmented.SegmentedRaftLogWorker (SegmentedRaftLogWorker.java:lambda$new$0(132)) - 79dd4a67-b0bc-4c7d-8a5b-15c0f4627f39-SegmentedRaftLogWorker:Storage Directory /workdir/hadoop-ozone/ozonefs/target/test-dir/MiniOzoneClusterImpl-fdcb41f5-4f3a-4aa8-8a5f-fd4c24aaf455/datanode-0/data/ratis/125f228e-1d76-4627-8d6c-2a9dfced1a4c: flushIndex: setUnconditionally 0 -> -1
2019-09-12 11:42:30,776 [pool-239-thread-1] INFO  server.RaftServerConfigKeys (ConfUtils.java:logGet(43)) - raft.server.snapshot.auto.trigger.enabled = true (custom)
2019-09-12 11:42:30,776 [pool-239-thread-1] INFO  server.RaftServerConfigKeys (ConfUtils.java:logGet(43)) - raft.server.snapshot.auto.trigger.threshold = 10000 (custom)
2019-09-12 11:42:30,777 [pool-239-thread-1] INFO  server.RaftServerConfigKeys (ConfUtils.java:logGet(43)) - raft.server.retrycache.expirytime = 600000ms (custom)
2019-09-12 11:42:30,777 [pool-239-thread-1] INFO  impl.RaftServerImpl (RaftServerImpl.java:start(180)) - 79dd4a67-b0bc-4c7d-8a5b-15c0f4627f39: start group-2A9DFCED1A4C
2019-09-12 11:42:30,777 [pool-239-thread-1] INFO  impl.RaftServerImpl (RaftServerImpl.java:setRole(171)) - 79dd4a67-b0bc-4c7d-8a5b-15c0f4627f39:group-2A9DFCED1A4C changes role from null to FOLLOWER at term 0 for startAsFollower
2019-09-12 11:42:30,777 [pool-239-thread-1] INFO  impl.RoleInfo (RoleInfo.java:updateAndGet(143)) - 79dd4a67-b0bc-4c7d-8a5b-15c0f4627f39: start FollowerState
2019-09-12 11:42:30,777 [pool-239-thread-1] INFO  util.JmxRegister (JmxRegister.java:tryRegister(44)) - Successfully registered JMX Bean with object name Ratis:service=RaftServer,group=group-2A9DFCED1A4C,id=79dd4a67-b0bc-4c7d-8a5b-15c0f4627f39
2019-09-12 11:42:30,781 [RatisPipelineUtilsThread] INFO  pipeline.PipelineStateManager (PipelineStateManager.java:addPipeline(56)) - Created pipeline Pipeline[ Id: 125f228e-1d76-4627-8d6c-2a9dfced1a4c, Nodes: 79dd4a67-b0bc-4c7d-8a5b-15c0f4627f39{ip: 192.168.157.195, host: pr-hdds-1569-xtfnx-3545843844, networkLocation: /default-rack, certSerialId: null}, Type:RATIS, Factor:ONE, State:OPEN]
2019-09-12 11:42:30,787 [grpc-default-executor-0] INFO  impl.RaftServerProxy (RaftServerProxy.java:addNew(89)) - 79dd4a67-b0bc-4c7d-8a5b-15c0f4627f39: addNew group-26BB09185567:[79dd4a67-b0bc-4c7d-8a5b-15c0f4627f39:192.168.157.195:34031] returns group-26BB09185567:java.util.concurrent.CompletableFuture@35ef33ad[Not completed]
2019-09-12 11:42:30,788 [pool-239-thread-1] INFO  impl.RaftServerImpl (RaftServerImpl.java:<init>(93)) - 79dd4a67-b0bc-4c7d-8a5b-15c0f4627f39: new RaftServerImpl for group-26BB09185567:[79dd4a67-b0bc-4c7d-8a5b-15c0f4627f39:192.168.157.195:34031] with ContainerStateMachine:uninitialized
2019-09-12 11:42:30,788 [pool-239-thread-1] INFO  server.RaftServerConfigKeys (ConfUtils.java:logGet(43)) - raft.server.rpc.timeout.min = 5s (custom)
2019-09-12 11:42:30,788 [pool-239-thread-1] INFO  server.RaftServerConfigKeys (ConfUtils.java:logGet(43)) - raft.server.rpc.timeout.max = 5200ms (custom)
2019-09-12 11:42:30,788 [pool-239-thread-1] INFO  server.RaftServerConfigKeys (ConfUtils.java:logGet(43)) - raft.server.rpcslowness.timeout = 120s (custom)
2019-09-12 11:42:30,788 [pool-239-thread-1] INFO  server.RaftServerConfigKeys (ConfUtils.java:logGet(43)) - raft.server.sleep.deviation.threshold = 300 (default)
2019-09-12 11:42:30,788 [pool-239-thread-1] INFO  server.RaftServerConfigKeys (ConfUtils.java:logGet(43)) - raft.server.log.appender.install.snapshot.enabled = false (custom)
2019-09-12 11:42:30,789 [pool-239-thread-1] INFO  impl.RaftServerImpl (ServerState.java:<init>(105)) - 79dd4a67-b0bc-4c7d-8a5b-15c0f4627f39:group-26BB09185567 ConfigurationManager, init=-1: [79dd4a67-b0bc-4c7d-8a5b-15c0f4627f39:192.168.157.195:34031], old=null, confs=<EMPTY_MAP>
2019-09-12 11:42:30,789 [pool-239-thread-1] INFO  server.RaftServerConfigKeys (ConfUtils.java:logGet(43)) - raft.server.storage.dir = [/workdir/hadoop-ozone/ozonefs/target/test-dir/MiniOzoneClusterImpl-fdcb41f5-4f3a-4aa8-8a5f-fd4c24aaf455/datanode-0/data/ratis] (custom)
2019-09-12 11:42:30,789 [pool-239-thread-1] INFO  storage.RaftStorageDirectory (RaftStorageDirectory.java:analyzeStorage(246)) - The storage directory /workdir/hadoop-ozone/ozonefs/target/test-dir/MiniOzoneClusterImpl-fdcb41f5-4f3a-4aa8-8a5f-fd4c24aaf455/datanode-0/data/ratis/2f3988e6-ab03-4977-b1f2-26bb09185567 does not exist. Creating ...
2019-09-12 11:42:30,792 [pool-239-thread-1] INFO  storage.RaftStorageDirectory (RaftStorageDirectory.java:tryLock(328)) - Lock on /workdir/hadoop-ozone/ozonefs/target/test-dir/MiniOzoneClusterImpl-fdcb41f5-4f3a-4aa8-8a5f-fd4c24aaf455/datanode-0/data/ratis/2f3988e6-ab03-4977-b1f2-26bb09185567/in_use.lock acquired by nodename 27663@pr-hdds-1569-xtfnx-3545843844
2019-09-12 11:42:30,796 [pool-239-thread-1] INFO  storage.RaftStorage (RaftStorage.java:format(72)) - Storage directory /workdir/hadoop-ozone/ozonefs/target/test-dir/MiniOzoneClusterImpl-fdcb41f5-4f3a-4aa8-8a5f-fd4c24aaf455/datanode-0/data/ratis/2f3988e6-ab03-4977-b1f2-26bb09185567 has been successfully formatted.
2019-09-12 11:42:30,796 [pool-239-thread-1] INFO  ratis.ContainerStateMachine (ContainerStateMachine.java:loadSnapshot(226)) - group-26BB09185567: The snapshot info is null. Setting the last applied indexto:(t:0, i:~)
2019-09-12 11:42:30,796 [pool-239-thread-1] INFO  server.RaftServerConfigKeys (ConfUtils.java:logGet(43)) - raft.server.leader.election.timeout = 120s (custom)
2019-09-12 11:42:30,796 [pool-239-thread-1] INFO  server.RaftServerConfigKeys (ConfUtils.java:logGet(43)) - raft.server.log.use.memory = false (default)
2019-09-12 11:42:30,796 [pool-239-thread-1] INFO  server.RaftServerConfigKeys (ConfUtils.java:logGet(43)) - raft.server.log.purge.gap = 1000000 (custom)
2019-09-12 11:42:30,797 [pool-239-thread-1] INFO  server.RaftServerConfigKeys (ConfUtils.java:logGet(43)) - raft.server.log.appender.buffer.byte-limit = 33554432 (custom)
2019-09-12 11:42:30,797 [pool-239-thread-1] INFO  server.RaftServerConfigKeys (ConfUtils.java:logGet(43)) - raft.server.log.segment.size.max = 1048576 (custom)
2019-09-12 11:42:30,797 [pool-239-thread-1] INFO  server.RaftServerConfigKeys (ConfUtils.java:logGet(43)) - raft.server.log.segment.cache.num.max = 2 (custom)
2019-09-12 11:42:30,797 [pool-239-thread-1] INFO  segmented.SegmentedRaftLogWorker (SegmentedRaftLogWorker.java:<init>(172)) - new 79dd4a67-b0bc-4c7d-8a5b-15c0f4627f39-SegmentedRaftLogWorker:Storage Directory /workdir/hadoop-ozone/ozonefs/target/test-dir/MiniOzoneClusterImpl-fdcb41f5-4f3a-4aa8-8a5f-fd4c24aaf455/datanode-0/data/ratis/2f3988e6-ab03-4977-b1f2-26bb09185567 for RaftStorage:Storage Directory /workdir/hadoop-ozone/ozonefs/target/test-dir/MiniOzoneClusterImpl-fdcb41f5-4f3a-4aa8-8a5f-fd4c24aaf455/datanode-0/data/ratis/2f3988e6-ab03-4977-b1f2-26bb09185567
2019-09-12 11:42:30,797 [pool-239-thread-1] INFO  server.RaftServerConfigKeys (ConfUtils.java:logGet(43)) - raft.server.log.queue.byte-limit = 2147483647 (custom)
2019-09-12 11:42:30,797 [pool-239-thread-1] INFO  server.RaftServerConfigKeys (ConfUtils.java:logGet(43)) - raft.server.log.queue.element-limit = 1024 (custom)
2019-09-12 11:42:30,798 [pool-239-thread-1] INFO  server.RaftServerConfigKeys (ConfUtils.java:logGet(43)) - raft.server.log.segment.size.max = 1048576 (custom)
2019-09-12 11:42:30,798 [pool-239-thread-1] INFO  server.RaftServerConfigKeys (ConfUtils.java:logGet(43)) - raft.server.log.preallocated.size = 16384 (custom)
2019-09-12 11:42:30,798 [pool-239-thread-1] INFO  server.RaftServerConfigKeys (ConfUtils.java:logGet(43)) - raft.server.log.write.buffer.size = 33554432 (custom)
2019-09-12 11:42:30,798 [pool-239-thread-1] INFO  server.RaftServerConfigKeys (ConfUtils.java:logGet(43)) - raft.server.log.force.sync.num = 128 (default)
2019-09-12 11:42:30,798 [pool-239-thread-1] INFO  server.RaftServerConfigKeys (ConfUtils.java:logGet(43)) - raft.server.log.statemachine.data.sync = true (default)
2019-09-12 11:42:30,798 [pool-239-thread-1] INFO  server.RaftServerConfigKeys (ConfUtils.java:logGet(43)) - raft.server.log.statemachine.data.sync.timeout = 10s (default)
2019-09-12 11:42:30,798 [pool-239-thread-1] INFO  server.RaftServerConfigKeys (ConfUtils.java:logGet(43)) - raft.server.log.statemachine.data.sync.timeout.retry = -1 (default)
2019-09-12 11:42:30,799 [pool-239-thread-1] INFO  server.RaftServerConfigKeys (ConfUtils.java:logGet(43)) - raft.server.log.statemachine.data.caching.enabled = true (custom)
2019-09-12 11:42:30,799 [pool-239-thread-1] INFO  segmented.SegmentedRaftLogWorker (SegmentedRaftLogWorker.java:lambda$new$0(132)) - 79dd4a67-b0bc-4c7d-8a5b-15c0f4627f39-SegmentedRaftLogWorker:Storage Directory /workdir/hadoop-ozone/ozonefs/target/test-dir/MiniOzoneClusterImpl-fdcb41f5-4f3a-4aa8-8a5f-fd4c24aaf455/datanode-0/data/ratis/2f3988e6-ab03-4977-b1f2-26bb09185567: flushIndex: setUnconditionally 0 -> -1
2019-09-12 11:42:30,799 [pool-239-thread-1] INFO  server.RaftServerConfigKeys (ConfUtils.java:logGet(43)) - raft.server.snapshot.auto.trigger.enabled = true (custom)
2019-09-12 11:42:30,800 [pool-239-thread-1] INFO  server.RaftServerConfigKeys (ConfUtils.java:logGet(43)) - raft.server.snapshot.auto.trigger.threshold = 10000 (custom)
2019-09-12 11:42:30,800 [pool-239-thread-1] INFO  server.RaftServerConfigKeys (ConfUtils.java:logGet(43)) - raft.server.retrycache.expirytime = 600000ms (custom)
2019-09-12 11:42:30,800 [pool-239-thread-1] INFO  impl.RaftServerImpl (RaftServerImpl.java:start(180)) - 79dd4a67-b0bc-4c7d-8a5b-15c0f4627f39: start group-26BB09185567
2019-09-12 11:42:30,800 [pool-239-thread-1] INFO  impl.RaftServerImpl (RaftServerImpl.java:setRole(171)) - 79dd4a67-b0bc-4c7d-8a5b-15c0f4627f39:group-26BB09185567 changes role from null to FOLLOWER at term 0 for startAsFollower
2019-09-12 11:42:30,800 [pool-239-thread-1] INFO  impl.RoleInfo (RoleInfo.java:updateAndGet(143)) - 79dd4a67-b0bc-4c7d-8a5b-15c0f4627f39: start FollowerState
2019-09-12 11:42:30,801 [pool-239-thread-1] INFO  util.JmxRegister (JmxRegister.java:tryRegister(44)) - Successfully registered JMX Bean with object name Ratis:service=RaftServer,group=group-26BB09185567,id=79dd4a67-b0bc-4c7d-8a5b-15c0f4627f39
2019-09-12 11:42:30,803 [RatisPipelineUtilsThread] INFO  pipeline.PipelineStateManager (PipelineStateManager.java:addPipeline(56)) - Created pipeline Pipeline[ Id: 2f3988e6-ab03-4977-b1f2-26bb09185567, Nodes: 79dd4a67-b0bc-4c7d-8a5b-15c0f4627f39{ip: 192.168.157.195, host: pr-hdds-1569-xtfnx-3545843844, networkLocation: /default-rack, certSerialId: null}, Type:RATIS, Factor:ONE, State:OPEN]
2019-09-12 11:42:30,804 [RatisPipelineUtilsThread] ERROR pipeline.PipelinePlacementPolicy (PipelinePlacementPolicy.java:meetCriteria(91)) - Pipeline Placement: Doesn't meet the criteria to be viable node. Heaviness: 6
2019-09-12 11:42:30,812 [grpc-default-executor-0] INFO  impl.RaftServerProxy (RaftServerProxy.java:addNew(89)) - 0125f011-55c1-4065-977c-843a08f08196: addNew group-C04AEEE52AAD:[0125f011-55c1-4065-977c-843a08f08196:192.168.157.195:45066] returns group-C04AEEE52AAD:java.util.concurrent.CompletableFuture@21678768[Not completed]
2019-09-12 11:42:30,813 [pool-250-thread-1] INFO  impl.RaftServerImpl (RaftServerImpl.java:<init>(93)) - 0125f011-55c1-4065-977c-843a08f08196: new RaftServerImpl for group-C04AEEE52AAD:[0125f011-55c1-4065-977c-843a08f08196:192.168.157.195:45066] with ContainerStateMachine:uninitialized
2019-09-12 11:42:30,813 [pool-250-thread-1] INFO  server.RaftServerConfigKeys (ConfUtils.java:logGet(43)) - raft.server.rpc.timeout.min = 5s (custom)
2019-09-12 11:42:30,813 [pool-250-thread-1] INFO  server.RaftServerConfigKeys (ConfUtils.java:logGet(43)) - raft.server.rpc.timeout.max = 5200ms (custom)
2019-09-12 11:42:30,813 [pool-250-thread-1] INFO  server.RaftServerConfigKeys (ConfUtils.java:logGet(43)) - raft.server.rpcslowness.timeout = 120s (custom)
2019-09-12 11:42:30,813 [pool-250-thread-1] INFO  server.RaftServerConfigKeys (ConfUtils.java:logGet(43)) - raft.server.sleep.deviation.threshold = 300 (default)
2019-09-12 11:42:30,814 [pool-250-thread-1] INFO  server.RaftServerConfigKeys (ConfUtils.java:logGet(43)) - raft.server.log.appender.install.snapshot.enabled = false (custom)
2019-09-12 11:42:30,814 [pool-250-thread-1] INFO  impl.RaftServerImpl (ServerState.java:<init>(105)) - 0125f011-55c1-4065-977c-843a08f08196:group-C04AEEE52AAD ConfigurationManager, init=-1: [0125f011-55c1-4065-977c-843a08f08196:192.168.157.195:45066], old=null, confs=<EMPTY_MAP>
2019-09-12 11:42:30,814 [pool-250-thread-1] INFO  server.RaftServerConfigKeys (ConfUtils.java:logGet(43)) - raft.server.storage.dir = [/workdir/hadoop-ozone/ozonefs/target/test-dir/MiniOzoneClusterImpl-fdcb41f5-4f3a-4aa8-8a5f-fd4c24aaf455/datanode-1/data/ratis] (custom)
2019-09-12 11:42:30,814 [pool-250-thread-1] INFO  storage.RaftStorageDirectory (RaftStorageDirectory.java:analyzeStorage(246)) - The storage directory /workdir/hadoop-ozone/ozonefs/target/test-dir/MiniOzoneClusterImpl-fdcb41f5-4f3a-4aa8-8a5f-fd4c24aaf455/datanode-1/data/ratis/ef8ad3d0-4027-4d2d-94ea-c04aeee52aad does not exist. Creating ...
2019-09-12 11:42:30,818 [pool-250-thread-1] INFO  storage.RaftStorageDirectory (RaftStorageDirectory.java:tryLock(328)) - Lock on /workdir/hadoop-ozone/ozonefs/target/test-dir/MiniOzoneClusterImpl-fdcb41f5-4f3a-4aa8-8a5f-fd4c24aaf455/datanode-1/data/ratis/ef8ad3d0-4027-4d2d-94ea-c04aeee52aad/in_use.lock acquired by nodename 27663@pr-hdds-1569-xtfnx-3545843844
2019-09-12 11:42:30,824 [pool-250-thread-1] INFO  storage.RaftStorage (RaftStorage.java:format(72)) - Storage directory /workdir/hadoop-ozone/ozonefs/target/test-dir/MiniOzoneClusterImpl-fdcb41f5-4f3a-4aa8-8a5f-fd4c24aaf455/datanode-1/data/ratis/ef8ad3d0-4027-4d2d-94ea-c04aeee52aad has been successfully formatted.
2019-09-12 11:42:30,824 [pool-250-thread-1] INFO  ratis.ContainerStateMachine (ContainerStateMachine.java:loadSnapshot(226)) - group-C04AEEE52AAD: The snapshot info is null. Setting the last applied indexto:(t:0, i:~)
2019-09-12 11:42:30,824 [pool-250-thread-1] INFO  server.RaftServerConfigKeys (ConfUtils.java:logGet(43)) - raft.server.leader.election.timeout = 120s (custom)
2019-09-12 11:42:30,824 [pool-250-thread-1] INFO  server.RaftServerConfigKeys (ConfUtils.java:logGet(43)) - raft.server.log.use.memory = false (default)
2019-09-12 11:42:30,824 [pool-250-thread-1] INFO  server.RaftServerConfigKeys (ConfUtils.java:logGet(43)) - raft.server.log.purge.gap = 1000000 (custom)
2019-09-12 11:42:30,824 [pool-250-thread-1] INFO  server.RaftServerConfigKeys (ConfUtils.java:logGet(43)) - raft.server.log.appender.buffer.byte-limit = 33554432 (custom)
2019-09-12 11:42:30,825 [pool-250-thread-1] INFO  server.RaftServerConfigKeys (ConfUtils.java:logGet(43)) - raft.server.log.segment.size.max = 1048576 (custom)
2019-09-12 11:42:30,825 [pool-250-thread-1] INFO  server.RaftServerConfigKeys (ConfUtils.java:logGet(43)) - raft.server.log.segment.cache.num.max = 2 (custom)
2019-09-12 11:42:30,825 [pool-250-thread-1] INFO  segmented.SegmentedRaftLogWorker (SegmentedRaftLogWorker.java:<init>(172)) - new 0125f011-55c1-4065-977c-843a08f08196-SegmentedRaftLogWorker:Storage Directory /workdir/hadoop-ozone/ozonefs/target/test-dir/MiniOzoneClusterImpl-fdcb41f5-4f3a-4aa8-8a5f-fd4c24aaf455/datanode-1/data/ratis/ef8ad3d0-4027-4d2d-94ea-c04aeee52aad for RaftStorage:Storage Directory /workdir/hadoop-ozone/ozonefs/target/test-dir/MiniOzoneClusterImpl-fdcb41f5-4f3a-4aa8-8a5f-fd4c24aaf455/datanode-1/data/ratis/ef8ad3d0-4027-4d2d-94ea-c04aeee52aad
2019-09-12 11:42:30,825 [pool-250-thread-1] INFO  server.RaftServerConfigKeys (ConfUtils.java:logGet(43)) - raft.server.log.queue.byte-limit = 2147483647 (custom)
2019-09-12 11:42:30,825 [pool-250-thread-1] INFO  server.RaftServerConfigKeys (ConfUtils.java:logGet(43)) - raft.server.log.queue.element-limit = 1024 (custom)
2019-09-12 11:42:30,825 [pool-250-thread-1] INFO  server.RaftServerConfigKeys (ConfUtils.java:logGet(43)) - raft.server.log.segment.size.max = 1048576 (custom)
2019-09-12 11:42:30,826 [pool-250-thread-1] INFO  server.RaftServerConfigKeys (ConfUtils.java:logGet(43)) - raft.server.log.preallocated.size = 16384 (custom)
2019-09-12 11:42:30,826 [pool-250-thread-1] INFO  server.RaftServerConfigKeys (ConfUtils.java:logGet(43)) - raft.server.log.write.buffer.size = 33554432 (custom)
2019-09-12 11:42:30,826 [pool-250-thread-1] INFO  server.RaftServerConfigKeys (ConfUtils.java:logGet(43)) - raft.server.log.force.sync.num = 128 (default)
2019-09-12 11:42:30,826 [pool-250-thread-1] INFO  server.RaftServerConfigKeys (ConfUtils.java:logGet(43)) - raft.server.log.statemachine.data.sync = true (default)
2019-09-12 11:42:30,826 [pool-250-thread-1] INFO  server.RaftServerConfigKeys (ConfUtils.java:logGet(43)) - raft.server.log.statemachine.data.sync.timeout = 10s (default)
2019-09-12 11:42:30,826 [pool-250-thread-1] INFO  server.RaftServerConfigKeys (ConfUtils.java:logGet(43)) - raft.server.log.statemachine.data.sync.timeout.retry = -1 (default)
2019-09-12 11:42:30,826 [pool-250-thread-1] INFO  server.RaftServerConfigKeys (ConfUtils.java:logGet(43)) - raft.server.log.statemachine.data.caching.enabled = true (custom)
2019-09-12 11:42:30,827 [pool-250-thread-1] INFO  segmented.SegmentedRaftLogWorker (SegmentedRaftLogWorker.java:lambda$new$0(132)) - 0125f011-55c1-4065-977c-843a08f08196-SegmentedRaftLogWorker:Storage Directory /workdir/hadoop-ozone/ozonefs/target/test-dir/MiniOzoneClusterImpl-fdcb41f5-4f3a-4aa8-8a5f-fd4c24aaf455/datanode-1/data/ratis/ef8ad3d0-4027-4d2d-94ea-c04aeee52aad: flushIndex: setUnconditionally 0 -> -1
2019-09-12 11:42:30,827 [pool-250-thread-1] INFO  server.RaftServerConfigKeys (ConfUtils.java:logGet(43)) - raft.server.snapshot.auto.trigger.enabled = true (custom)
2019-09-12 11:42:30,827 [pool-250-thread-1] INFO  server.RaftServerConfigKeys (ConfUtils.java:logGet(43)) - raft.server.snapshot.auto.trigger.threshold = 10000 (custom)
2019-09-12 11:42:30,827 [pool-250-thread-1] INFO  server.RaftServerConfigKeys (ConfUtils.java:logGet(43)) - raft.server.retrycache.expirytime = 600000ms (custom)
2019-09-12 11:42:30,828 [pool-250-thread-1] INFO  impl.RaftServerImpl (RaftServerImpl.java:start(180)) - 0125f011-55c1-4065-977c-843a08f08196: start group-C04AEEE52AAD
2019-09-12 11:42:30,828 [pool-250-thread-1] INFO  impl.RaftServerImpl (RaftServerImpl.java:setRole(171)) - 0125f011-55c1-4065-977c-843a08f08196:group-C04AEEE52AAD changes role from null to FOLLOWER at term 0 for startAsFollower
2019-09-12 11:42:30,828 [pool-250-thread-1] INFO  impl.RoleInfo (RoleInfo.java:updateAndGet(143)) - 0125f011-55c1-4065-977c-843a08f08196: start FollowerState
2019-09-12 11:42:30,828 [pool-250-thread-1] INFO  util.JmxRegister (JmxRegister.java:tryRegister(44)) - Successfully registered JMX Bean with object name Ratis:service=RaftServer,group=group-C04AEEE52AAD,id=0125f011-55c1-4065-977c-843a08f08196
2019-09-12 11:42:30,831 [RatisPipelineUtilsThread] INFO  pipeline.PipelineStateManager (PipelineStateManager.java:addPipeline(56)) - Created pipeline Pipeline[ Id: ef8ad3d0-4027-4d2d-94ea-c04aeee52aad, Nodes: 0125f011-55c1-4065-977c-843a08f08196{ip: 192.168.157.195, host: pr-hdds-1569-xtfnx-3545843844, networkLocation: /default-rack, certSerialId: null}, Type:RATIS, Factor:ONE, State:OPEN]
2019-09-12 11:42:30,831 [RatisPipelineUtilsThread] ERROR pipeline.PipelinePlacementPolicy (PipelinePlacementPolicy.java:meetCriteria(91)) - Pipeline Placement: Doesn't meet the criteria to be viable node. Heaviness: 6
2019-09-12 11:42:30,836 [grpc-default-executor-0] INFO  impl.RaftServerProxy (RaftServerProxy.java:addNew(89)) - 0125f011-55c1-4065-977c-843a08f08196: addNew group-3491F7A6FFA3:[0125f011-55c1-4065-977c-843a08f08196:192.168.157.195:45066] returns group-3491F7A6FFA3:java.util.concurrent.CompletableFuture@293b3ad7[Not completed]
2019-09-12 11:42:30,837 [pool-250-thread-1] INFO  impl.RaftServerImpl (RaftServerImpl.java:<init>(93)) - 0125f011-55c1-4065-977c-843a08f08196: new RaftServerImpl for group-3491F7A6FFA3:[0125f011-55c1-4065-977c-843a08f08196:192.168.157.195:45066] with ContainerStateMachine:uninitialized
2019-09-12 11:42:30,838 [pool-250-thread-1] INFO  server.RaftServerConfigKeys (ConfUtils.java:logGet(43)) - raft.server.rpc.timeout.min = 5s (custom)
2019-09-12 11:42:30,838 [pool-250-thread-1] INFO  server.RaftServerConfigKeys (ConfUtils.java:logGet(43)) - raft.server.rpc.timeout.max = 5200ms (custom)
2019-09-12 11:42:30,838 [pool-250-thread-1] INFO  server.RaftServerConfigKeys (ConfUtils.java:logGet(43)) - raft.server.rpcslowness.timeout = 120s (custom)
2019-09-12 11:42:30,838 [pool-250-thread-1] INFO  server.RaftServerConfigKeys (ConfUtils.java:logGet(43)) - raft.server.sleep.deviation.threshold = 300 (default)
2019-09-12 11:42:30,838 [pool-250-thread-1] INFO  server.RaftServerConfigKeys (ConfUtils.java:logGet(43)) - raft.server.log.appender.install.snapshot.enabled = false (custom)
2019-09-12 11:42:30,838 [pool-250-thread-1] INFO  impl.RaftServerImpl (ServerState.java:<init>(105)) - 0125f011-55c1-4065-977c-843a08f08196:group-3491F7A6FFA3 ConfigurationManager, init=-1: [0125f011-55c1-4065-977c-843a08f08196:192.168.157.195:45066], old=null, confs=<EMPTY_MAP>
2019-09-12 11:42:30,838 [pool-250-thread-1] INFO  server.RaftServerConfigKeys (ConfUtils.java:logGet(43)) - raft.server.storage.dir = [/workdir/hadoop-ozone/ozonefs/target/test-dir/MiniOzoneClusterImpl-fdcb41f5-4f3a-4aa8-8a5f-fd4c24aaf455/datanode-1/data/ratis] (custom)
2019-09-12 11:42:30,839 [pool-250-thread-1] INFO  storage.RaftStorageDirectory (RaftStorageDirectory.java:analyzeStorage(246)) - The storage directory /workdir/hadoop-ozone/ozonefs/target/test-dir/MiniOzoneClusterImpl-fdcb41f5-4f3a-4aa8-8a5f-fd4c24aaf455/datanode-1/data/ratis/75208e7f-275a-492b-aeb3-3491f7a6ffa3 does not exist. Creating ...
2019-09-12 11:42:30,852 [pool-250-thread-1] INFO  storage.RaftStorageDirectory (RaftStorageDirectory.java:tryLock(328)) - Lock on /workdir/hadoop-ozone/ozonefs/target/test-dir/MiniOzoneClusterImpl-fdcb41f5-4f3a-4aa8-8a5f-fd4c24aaf455/datanode-1/data/ratis/75208e7f-275a-492b-aeb3-3491f7a6ffa3/in_use.lock acquired by nodename 27663@pr-hdds-1569-xtfnx-3545843844
2019-09-12 11:42:30,864 [pool-250-thread-1] INFO  storage.RaftStorage (RaftStorage.java:format(72)) - Storage directory /workdir/hadoop-ozone/ozonefs/target/test-dir/MiniOzoneClusterImpl-fdcb41f5-4f3a-4aa8-8a5f-fd4c24aaf455/datanode-1/data/ratis/75208e7f-275a-492b-aeb3-3491f7a6ffa3 has been successfully formatted.
2019-09-12 11:42:30,865 [pool-250-thread-1] INFO  ratis.ContainerStateMachine (ContainerStateMachine.java:loadSnapshot(226)) - group-3491F7A6FFA3: The snapshot info is null. Setting the last applied indexto:(t:0, i:~)
2019-09-12 11:42:30,865 [pool-250-thread-1] INFO  server.RaftServerConfigKeys (ConfUtils.java:logGet(43)) - raft.server.leader.election.timeout = 120s (custom)
2019-09-12 11:42:30,865 [pool-250-thread-1] INFO  server.RaftServerConfigKeys (ConfUtils.java:logGet(43)) - raft.server.log.use.memory = false (default)
2019-09-12 11:42:30,865 [pool-250-thread-1] INFO  server.RaftServerConfigKeys (ConfUtils.java:logGet(43)) - raft.server.log.purge.gap = 1000000 (custom)
2019-09-12 11:42:30,865 [pool-250-thread-1] INFO  server.RaftServerConfigKeys (ConfUtils.java:logGet(43)) - raft.server.log.appender.buffer.byte-limit = 33554432 (custom)
2019-09-12 11:42:30,865 [pool-250-thread-1] INFO  server.RaftServerConfigKeys (ConfUtils.java:logGet(43)) - raft.server.log.segment.size.max = 1048576 (custom)
2019-09-12 11:42:30,865 [pool-250-thread-1] INFO  server.RaftServerConfigKeys (ConfUtils.java:logGet(43)) - raft.server.log.segment.cache.num.max = 2 (custom)
2019-09-12 11:42:30,865 [pool-250-thread-1] INFO  segmented.SegmentedRaftLogWorker (SegmentedRaftLogWorker.java:<init>(172)) - new 0125f011-55c1-4065-977c-843a08f08196-SegmentedRaftLogWorker:Storage Directory /workdir/hadoop-ozone/ozonefs/target/test-dir/MiniOzoneClusterImpl-fdcb41f5-4f3a-4aa8-8a5f-fd4c24aaf455/datanode-1/data/ratis/75208e7f-275a-492b-aeb3-3491f7a6ffa3 for RaftStorage:Storage Directory /workdir/hadoop-ozone/ozonefs/target/test-dir/MiniOzoneClusterImpl-fdcb41f5-4f3a-4aa8-8a5f-fd4c24aaf455/datanode-1/data/ratis/75208e7f-275a-492b-aeb3-3491f7a6ffa3
2019-09-12 11:42:30,866 [pool-250-thread-1] INFO  server.RaftServerConfigKeys (ConfUtils.java:logGet(43)) - raft.server.log.queue.byte-limit = 2147483647 (custom)
2019-09-12 11:42:30,866 [pool-250-thread-1] INFO  server.RaftServerConfigKeys (ConfUtils.java:logGet(43)) - raft.server.log.queue.element-limit = 1024 (custom)
2019-09-12 11:42:30,866 [pool-250-thread-1] INFO  server.RaftServerConfigKeys (ConfUtils.java:logGet(43)) - raft.server.log.segment.size.max = 1048576 (custom)
2019-09-12 11:42:30,866 [pool-250-thread-1] INFO  server.RaftServerConfigKeys (ConfUtils.java:logGet(43)) - raft.server.log.preallocated.size = 16384 (custom)
2019-09-12 11:42:30,866 [pool-250-thread-1] INFO  server.RaftServerConfigKeys (ConfUtils.java:logGet(43)) - raft.server.log.write.buffer.size = 33554432 (custom)
2019-09-12 11:42:30,866 [pool-250-thread-1] INFO  server.RaftServerConfigKeys (ConfUtils.java:logGet(43)) - raft.server.log.force.sync.num = 128 (default)
2019-09-12 11:42:30,866 [pool-250-thread-1] INFO  server.RaftServerConfigKeys (ConfUtils.java:logGet(43)) - raft.server.log.statemachine.data.sync = true (default)
2019-09-12 11:42:30,866 [pool-250-thread-1] INFO  server.RaftServerConfigKeys (ConfUtils.java:logGet(43)) - raft.server.log.statemachine.data.sync.timeout = 10s (default)
2019-09-12 11:42:30,867 [pool-250-thread-1] INFO  server.RaftServerConfigKeys (ConfUtils.java:logGet(43)) - raft.server.log.statemachine.data.sync.timeout.retry = -1 (default)
2019-09-12 11:42:30,867 [pool-250-thread-1] INFO  server.RaftServerConfigKeys (ConfUtils.java:logGet(43)) - raft.server.log.statemachine.data.caching.enabled = true (custom)
2019-09-12 11:42:30,867 [pool-250-thread-1] INFO  segmented.SegmentedRaftLogWorker (SegmentedRaftLogWorker.java:lambda$new$0(132)) - 0125f011-55c1-4065-977c-843a08f08196-SegmentedRaftLogWorker:Storage Directory /workdir/hadoop-ozone/ozonefs/target/test-dir/MiniOzoneClusterImpl-fdcb41f5-4f3a-4aa8-8a5f-fd4c24aaf455/datanode-1/data/ratis/75208e7f-275a-492b-aeb3-3491f7a6ffa3: flushIndex: setUnconditionally 0 -> -1
2019-09-12 11:42:30,867 [pool-250-thread-1] INFO  server.RaftServerConfigKeys (ConfUtils.java:logGet(43)) - raft.server.snapshot.auto.trigger.enabled = true (custom)
2019-09-12 11:42:30,867 [pool-250-thread-1] INFO  server.RaftServerConfigKeys (ConfUtils.java:logGet(43)) - raft.server.snapshot.auto.trigger.threshold = 10000 (custom)
2019-09-12 11:42:30,868 [pool-250-thread-1] INFO  server.RaftServerConfigKeys (ConfUtils.java:logGet(43)) - raft.server.retrycache.expirytime = 600000ms (custom)
2019-09-12 11:42:30,868 [pool-250-thread-1] INFO  impl.RaftServerImpl (RaftServerImpl.java:start(180)) - 0125f011-55c1-4065-977c-843a08f08196: start group-3491F7A6FFA3
2019-09-12 11:42:30,868 [pool-250-thread-1] INFO  impl.RaftServerImpl (RaftServerImpl.java:setRole(171)) - 0125f011-55c1-4065-977c-843a08f08196:group-3491F7A6FFA3 changes role from null to FOLLOWER at term 0 for startAsFollower
2019-09-12 11:42:30,868 [pool-250-thread-1] INFO  impl.RoleInfo (RoleInfo.java:updateAndGet(143)) - 0125f011-55c1-4065-977c-843a08f08196: start FollowerState
2019-09-12 11:42:30,869 [pool-250-thread-1] INFO  util.JmxRegister (JmxRegister.java:tryRegister(44)) - Successfully registered JMX Bean with object name Ratis:service=RaftServer,group=group-3491F7A6FFA3,id=0125f011-55c1-4065-977c-843a08f08196
2019-09-12 11:42:30,872 [RatisPipelineUtilsThread] INFO  pipeline.PipelineStateManager (PipelineStateManager.java:addPipeline(56)) - Created pipeline Pipeline[ Id: 75208e7f-275a-492b-aeb3-3491f7a6ffa3, Nodes: 0125f011-55c1-4065-977c-843a08f08196{ip: 192.168.157.195, host: pr-hdds-1569-xtfnx-3545843844, networkLocation: /default-rack, certSerialId: null}, Type:RATIS, Factor:ONE, State:OPEN]
2019-09-12 11:42:30,872 [RatisPipelineUtilsThread] ERROR pipeline.PipelinePlacementPolicy (PipelinePlacementPolicy.java:meetCriteria(91)) - Pipeline Placement: Doesn't meet the criteria to be viable node. Heaviness: 6
2019-09-12 11:42:30,878 [grpc-default-executor-0] INFO  impl.RaftServerProxy (RaftServerProxy.java:addNew(89)) - 0125f011-55c1-4065-977c-843a08f08196: addNew group-20880C39E89B:[0125f011-55c1-4065-977c-843a08f08196:192.168.157.195:45066] returns group-20880C39E89B:java.util.concurrent.CompletableFuture@49b42a11[Not completed]
2019-09-12 11:42:30,879 [pool-250-thread-1] INFO  impl.RaftServerImpl (RaftServerImpl.java:<init>(93)) - 0125f011-55c1-4065-977c-843a08f08196: new RaftServerImpl for group-20880C39E89B:[0125f011-55c1-4065-977c-843a08f08196:192.168.157.195:45066] with ContainerStateMachine:uninitialized
2019-09-12 11:42:30,879 [pool-250-thread-1] INFO  server.RaftServerConfigKeys (ConfUtils.java:logGet(43)) - raft.server.rpc.timeout.min = 5s (custom)
2019-09-12 11:42:30,879 [pool-250-thread-1] INFO  server.RaftServerConfigKeys (ConfUtils.java:logGet(43)) - raft.server.rpc.timeout.max = 5200ms (custom)
2019-09-12 11:42:30,879 [pool-250-thread-1] INFO  server.RaftServerConfigKeys (ConfUtils.java:logGet(43)) - raft.server.rpcslowness.timeout = 120s (custom)
2019-09-12 11:42:30,879 [pool-250-thread-1] INFO  server.RaftServerConfigKeys (ConfUtils.java:logGet(43)) - raft.server.sleep.deviation.threshold = 300 (default)
2019-09-12 11:42:30,879 [pool-250-thread-1] INFO  server.RaftServerConfigKeys (ConfUtils.java:logGet(43)) - raft.server.log.appender.install.snapshot.enabled = false (custom)
2019-09-12 11:42:30,880 [pool-250-thread-1] INFO  impl.RaftServerImpl (ServerState.java:<init>(105)) - 0125f011-55c1-4065-977c-843a08f08196:group-20880C39E89B ConfigurationManager, init=-1: [0125f011-55c1-4065-977c-843a08f08196:192.168.157.195:45066], old=null, confs=<EMPTY_MAP>
2019-09-12 11:42:30,880 [pool-250-thread-1] INFO  server.RaftServerConfigKeys (ConfUtils.java:logGet(43)) - raft.server.storage.dir = [/workdir/hadoop-ozone/ozonefs/target/test-dir/MiniOzoneClusterImpl-fdcb41f5-4f3a-4aa8-8a5f-fd4c24aaf455/datanode-1/data/ratis] (custom)
2019-09-12 11:42:30,880 [pool-250-thread-1] INFO  storage.RaftStorageDirectory (RaftStorageDirectory.java:analyzeStorage(246)) - The storage directory /workdir/hadoop-ozone/ozonefs/target/test-dir/MiniOzoneClusterImpl-fdcb41f5-4f3a-4aa8-8a5f-fd4c24aaf455/datanode-1/data/ratis/f0e7152a-8f72-4fcd-8f9d-20880c39e89b does not exist. Creating ...
2019-09-12 11:42:30,905 [pool-250-thread-1] INFO  storage.RaftStorageDirectory (RaftStorageDirectory.java:tryLock(328)) - Lock on /workdir/hadoop-ozone/ozonefs/target/test-dir/MiniOzoneClusterImpl-fdcb41f5-4f3a-4aa8-8a5f-fd4c24aaf455/datanode-1/data/ratis/f0e7152a-8f72-4fcd-8f9d-20880c39e89b/in_use.lock acquired by nodename 27663@pr-hdds-1569-xtfnx-3545843844
2019-09-12 11:42:30,918 [pool-250-thread-1] INFO  storage.RaftStorage (RaftStorage.java:format(72)) - Storage directory /workdir/hadoop-ozone/ozonefs/target/test-dir/MiniOzoneClusterImpl-fdcb41f5-4f3a-4aa8-8a5f-fd4c24aaf455/datanode-1/data/ratis/f0e7152a-8f72-4fcd-8f9d-20880c39e89b has been successfully formatted.
2019-09-12 11:42:30,918 [pool-250-thread-1] INFO  ratis.ContainerStateMachine (ContainerStateMachine.java:loadSnapshot(226)) - group-20880C39E89B: The snapshot info is null. Setting the last applied indexto:(t:0, i:~)
2019-09-12 11:42:30,919 [pool-250-thread-1] INFO  server.RaftServerConfigKeys (ConfUtils.java:logGet(43)) - raft.server.leader.election.timeout = 120s (custom)
2019-09-12 11:42:30,919 [pool-250-thread-1] INFO  server.RaftServerConfigKeys (ConfUtils.java:logGet(43)) - raft.server.log.use.memory = false (default)
2019-09-12 11:42:30,919 [pool-250-thread-1] INFO  server.RaftServerConfigKeys (ConfUtils.java:logGet(43)) - raft.server.log.purge.gap = 1000000 (custom)
2019-09-12 11:42:30,919 [pool-250-thread-1] INFO  server.RaftServerConfigKeys (ConfUtils.java:logGet(43)) - raft.server.log.appender.buffer.byte-limit = 33554432 (custom)
2019-09-12 11:42:30,919 [pool-250-thread-1] INFO  server.RaftServerConfigKeys (ConfUtils.java:logGet(43)) - raft.server.log.segment.size.max = 1048576 (custom)
2019-09-12 11:42:30,919 [pool-250-thread-1] INFO  server.RaftServerConfigKeys (ConfUtils.java:logGet(43)) - raft.server.log.segment.cache.num.max = 2 (custom)
2019-09-12 11:42:30,919 [pool-250-thread-1] INFO  segmented.SegmentedRaftLogWorker (SegmentedRaftLogWorker.java:<init>(172)) - new 0125f011-55c1-4065-977c-843a08f08196-SegmentedRaftLogWorker:Storage Directory /workdir/hadoop-ozone/ozonefs/target/test-dir/MiniOzoneClusterImpl-fdcb41f5-4f3a-4aa8-8a5f-fd4c24aaf455/datanode-1/data/ratis/f0e7152a-8f72-4fcd-8f9d-20880c39e89b for RaftStorage:Storage Directory /workdir/hadoop-ozone/ozonefs/target/test-dir/MiniOzoneClusterImpl-fdcb41f5-4f3a-4aa8-8a5f-fd4c24aaf455/datanode-1/data/ratis/f0e7152a-8f72-4fcd-8f9d-20880c39e89b
2019-09-12 11:42:30,919 [pool-250-thread-1] INFO  server.RaftServerConfigKeys (ConfUtils.java:logGet(43)) - raft.server.log.queue.byte-limit = 2147483647 (custom)
2019-09-12 11:42:30,920 [pool-250-thread-1] INFO  server.RaftServerConfigKeys (ConfUtils.java:logGet(43)) - raft.server.log.queue.element-limit = 1024 (custom)
2019-09-12 11:42:30,920 [pool-250-thread-1] INFO  server.RaftServerConfigKeys (ConfUtils.java:logGet(43)) - raft.server.log.segment.size.max = 1048576 (custom)
2019-09-12 11:42:30,920 [pool-250-thread-1] INFO  server.RaftServerConfigKeys (ConfUtils.java:logGet(43)) - raft.server.log.preallocated.size = 16384 (custom)
2019-09-12 11:42:30,920 [pool-250-thread-1] INFO  server.RaftServerConfigKeys (ConfUtils.java:logGet(43)) - raft.server.log.write.buffer.size = 33554432 (custom)
2019-09-12 11:42:30,920 [pool-250-thread-1] INFO  server.RaftServerConfigKeys (ConfUtils.java:logGet(43)) - raft.server.log.force.sync.num = 128 (default)
2019-09-12 11:42:30,920 [pool-250-thread-1] INFO  server.RaftServerConfigKeys (ConfUtils.java:logGet(43)) - raft.server.log.statemachine.data.sync = true (default)
2019-09-12 11:42:30,920 [pool-250-thread-1] INFO  server.RaftServerConfigKeys (ConfUtils.java:logGet(43)) - raft.server.log.statemachine.data.sync.timeout = 10s (default)
2019-09-12 11:42:30,920 [pool-250-thread-1] INFO  server.RaftServerConfigKeys (ConfUtils.java:logGet(43)) - raft.server.log.statemachine.data.sync.timeout.retry = -1 (default)
2019-09-12 11:42:30,921 [pool-250-thread-1] INFO  server.RaftServerConfigKeys (ConfUtils.java:logGet(43)) - raft.server.log.statemachine.data.caching.enabled = true (custom)
2019-09-12 11:42:30,921 [pool-250-thread-1] INFO  segmented.SegmentedRaftLogWorker (SegmentedRaftLogWorker.java:lambda$new$0(132)) - 0125f011-55c1-4065-977c-843a08f08196-SegmentedRaftLogWorker:Storage Directory /workdir/hadoop-ozone/ozonefs/target/test-dir/MiniOzoneClusterImpl-fdcb41f5-4f3a-4aa8-8a5f-fd4c24aaf455/datanode-1/data/ratis/f0e7152a-8f72-4fcd-8f9d-20880c39e89b: flushIndex: setUnconditionally 0 -> -1
2019-09-12 11:42:30,921 [pool-250-thread-1] INFO  server.RaftServerConfigKeys (ConfUtils.java:logGet(43)) - raft.server.snapshot.auto.trigger.enabled = true (custom)
2019-09-12 11:42:30,921 [pool-250-thread-1] INFO  server.RaftServerConfigKeys (ConfUtils.java:logGet(43)) - raft.server.snapshot.auto.trigger.threshold = 10000 (custom)
2019-09-12 11:42:30,921 [pool-250-thread-1] INFO  server.RaftServerConfigKeys (ConfUtils.java:logGet(43)) - raft.server.retrycache.expirytime = 600000ms (custom)
2019-09-12 11:42:30,922 [pool-250-thread-1] INFO  impl.RaftServerImpl (RaftServerImpl.java:start(180)) - 0125f011-55c1-4065-977c-843a08f08196: start group-20880C39E89B
2019-09-12 11:42:30,922 [pool-250-thread-1] INFO  impl.RaftServerImpl (RaftServerImpl.java:setRole(171)) - 0125f011-55c1-4065-977c-843a08f08196:group-20880C39E89B changes role from null to FOLLOWER at term 0 for startAsFollower
2019-09-12 11:42:30,922 [pool-250-thread-1] INFO  impl.RoleInfo (RoleInfo.java:updateAndGet(143)) - 0125f011-55c1-4065-977c-843a08f08196: start FollowerState
2019-09-12 11:42:30,922 [pool-250-thread-1] INFO  util.JmxRegister (JmxRegister.java:tryRegister(44)) - Successfully registered JMX Bean with object name Ratis:service=RaftServer,group=group-20880C39E89B,id=0125f011-55c1-4065-977c-843a08f08196
2019-09-12 11:42:30,925 [RatisPipelineUtilsThread] INFO  pipeline.PipelineStateManager (PipelineStateManager.java:addPipeline(56)) - Created pipeline Pipeline[ Id: f0e7152a-8f72-4fcd-8f9d-20880c39e89b, Nodes: 0125f011-55c1-4065-977c-843a08f08196{ip: 192.168.157.195, host: pr-hdds-1569-xtfnx-3545843844, networkLocation: /default-rack, certSerialId: null}, Type:RATIS, Factor:ONE, State:OPEN]
2019-09-12 11:42:30,925 [RatisPipelineUtilsThread] ERROR pipeline.PipelinePlacementPolicy (PipelinePlacementPolicy.java:meetCriteria(91)) - Pipeline Placement: Doesn't meet the criteria to be viable node. Heaviness: 6
2019-09-12 11:42:30,931 [grpc-default-executor-0] INFO  impl.RaftServerProxy (RaftServerProxy.java:addNew(89)) - 0125f011-55c1-4065-977c-843a08f08196: addNew group-BF6EDA36B616:[0125f011-55c1-4065-977c-843a08f08196:192.168.157.195:45066] returns group-BF6EDA36B616:java.util.concurrent.CompletableFuture@198577c9[Not completed]
2019-09-12 11:42:30,932 [pool-250-thread-1] INFO  impl.RaftServerImpl (RaftServerImpl.java:<init>(93)) - 0125f011-55c1-4065-977c-843a08f08196: new RaftServerImpl for group-BF6EDA36B616:[0125f011-55c1-4065-977c-843a08f08196:192.168.157.195:45066] with ContainerStateMachine:uninitialized
2019-09-12 11:42:30,932 [pool-250-thread-1] INFO  server.RaftServerConfigKeys (ConfUtils.java:logGet(43)) - raft.server.rpc.timeout.min = 5s (custom)
2019-09-12 11:42:30,932 [pool-250-thread-1] INFO  server.RaftServerConfigKeys (ConfUtils.java:logGet(43)) - raft.server.rpc.timeout.max = 5200ms (custom)
2019-09-12 11:42:30,932 [pool-250-thread-1] INFO  server.RaftServerConfigKeys (ConfUtils.java:logGet(43)) - raft.server.rpcslowness.timeout = 120s (custom)
2019-09-12 11:42:30,932 [pool-250-thread-1] INFO  server.RaftServerConfigKeys (ConfUtils.java:logGet(43)) - raft.server.sleep.deviation.threshold = 300 (default)
2019-09-12 11:42:30,932 [pool-250-thread-1] INFO  server.RaftServerConfigKeys (ConfUtils.java:logGet(43)) - raft.server.log.appender.install.snapshot.enabled = false (custom)
2019-09-12 11:42:30,933 [pool-250-thread-1] INFO  impl.RaftServerImpl (ServerState.java:<init>(105)) - 0125f011-55c1-4065-977c-843a08f08196:group-BF6EDA36B616 ConfigurationManager, init=-1: [0125f011-55c1-4065-977c-843a08f08196:192.168.157.195:45066], old=null, confs=<EMPTY_MAP>
2019-09-12 11:42:30,933 [pool-250-thread-1] INFO  server.RaftServerConfigKeys (ConfUtils.java:logGet(43)) - raft.server.storage.dir = [/workdir/hadoop-ozone/ozonefs/target/test-dir/MiniOzoneClusterImpl-fdcb41f5-4f3a-4aa8-8a5f-fd4c24aaf455/datanode-1/data/ratis] (custom)
2019-09-12 11:42:30,933 [pool-250-thread-1] INFO  storage.RaftStorageDirectory (RaftStorageDirectory.java:analyzeStorage(246)) - The storage directory /workdir/hadoop-ozone/ozonefs/target/test-dir/MiniOzoneClusterImpl-fdcb41f5-4f3a-4aa8-8a5f-fd4c24aaf455/datanode-1/data/ratis/74c48088-f358-44f7-94ca-bf6eda36b616 does not exist. Creating ...
2019-09-12 11:42:30,945 [pool-250-thread-1] INFO  storage.RaftStorageDirectory (RaftStorageDirectory.java:tryLock(328)) - Lock on /workdir/hadoop-ozone/ozonefs/target/test-dir/MiniOzoneClusterImpl-fdcb41f5-4f3a-4aa8-8a5f-fd4c24aaf455/datanode-1/data/ratis/74c48088-f358-44f7-94ca-bf6eda36b616/in_use.lock acquired by nodename 27663@pr-hdds-1569-xtfnx-3545843844
2019-09-12 11:42:30,958 [pool-250-thread-1] INFO  storage.RaftStorage (RaftStorage.java:format(72)) - Storage directory /workdir/hadoop-ozone/ozonefs/target/test-dir/MiniOzoneClusterImpl-fdcb41f5-4f3a-4aa8-8a5f-fd4c24aaf455/datanode-1/data/ratis/74c48088-f358-44f7-94ca-bf6eda36b616 has been successfully formatted.
2019-09-12 11:42:30,958 [pool-250-thread-1] INFO  ratis.ContainerStateMachine (ContainerStateMachine.java:loadSnapshot(226)) - group-BF6EDA36B616: The snapshot info is null. Setting the last applied indexto:(t:0, i:~)
2019-09-12 11:42:30,958 [pool-250-thread-1] INFO  server.RaftServerConfigKeys (ConfUtils.java:logGet(43)) - raft.server.leader.election.timeout = 120s (custom)
2019-09-12 11:42:30,958 [pool-250-thread-1] INFO  server.RaftServerConfigKeys (ConfUtils.java:logGet(43)) - raft.server.log.use.memory = false (default)
2019-09-12 11:42:30,959 [pool-250-thread-1] INFO  server.RaftServerConfigKeys (ConfUtils.java:logGet(43)) - raft.server.log.purge.gap = 1000000 (custom)
2019-09-12 11:42:30,959 [pool-250-thread-1] INFO  server.RaftServerConfigKeys (ConfUtils.java:logGet(43)) - raft.server.log.appender.buffer.byte-limit = 33554432 (custom)
2019-09-12 11:42:30,959 [pool-250-thread-1] INFO  server.RaftServerConfigKeys (ConfUtils.java:logGet(43)) - raft.server.log.segment.size.max = 1048576 (custom)
2019-09-12 11:42:30,959 [pool-250-thread-1] INFO  server.RaftServerConfigKeys (ConfUtils.java:logGet(43)) - raft.server.log.segment.cache.num.max = 2 (custom)
2019-09-12 11:42:30,959 [pool-250-thread-1] INFO  segmented.SegmentedRaftLogWorker (SegmentedRaftLogWorker.java:<init>(172)) - new 0125f011-55c1-4065-977c-843a08f08196-SegmentedRaftLogWorker:Storage Directory /workdir/hadoop-ozone/ozonefs/target/test-dir/MiniOzoneClusterImpl-fdcb41f5-4f3a-4aa8-8a5f-fd4c24aaf455/datanode-1/data/ratis/74c48088-f358-44f7-94ca-bf6eda36b616 for RaftStorage:Storage Directory /workdir/hadoop-ozone/ozonefs/target/test-dir/MiniOzoneClusterImpl-fdcb41f5-4f3a-4aa8-8a5f-fd4c24aaf455/datanode-1/data/ratis/74c48088-f358-44f7-94ca-bf6eda36b616
2019-09-12 11:42:30,959 [pool-250-thread-1] INFO  server.RaftServerConfigKeys (ConfUtils.java:logGet(43)) - raft.server.log.queue.byte-limit = 2147483647 (custom)
2019-09-12 11:42:30,959 [pool-250-thread-1] INFO  server.RaftServerConfigKeys (ConfUtils.java:logGet(43)) - raft.server.log.queue.element-limit = 1024 (custom)
2019-09-12 11:42:30,960 [pool-250-thread-1] INFO  server.RaftServerConfigKeys (ConfUtils.java:logGet(43)) - raft.server.log.segment.size.max = 1048576 (custom)
2019-09-12 11:42:30,960 [pool-250-thread-1] INFO  server.RaftServerConfigKeys (ConfUtils.java:logGet(43)) - raft.server.log.preallocated.size = 16384 (custom)
2019-09-12 11:42:30,960 [pool-250-thread-1] INFO  server.RaftServerConfigKeys (ConfUtils.java:logGet(43)) - raft.server.log.write.buffer.size = 33554432 (custom)
2019-09-12 11:42:30,960 [pool-250-thread-1] INFO  server.RaftServerConfigKeys (ConfUtils.java:logGet(43)) - raft.server.log.force.sync.num = 128 (default)
2019-09-12 11:42:30,960 [pool-250-thread-1] INFO  server.RaftServerConfigKeys (ConfUtils.java:logGet(43)) - raft.server.log.statemachine.data.sync = true (default)
2019-09-12 11:42:30,960 [pool-250-thread-1] INFO  server.RaftServerConfigKeys (ConfUtils.java:logGet(43)) - raft.server.log.statemachine.data.sync.timeout = 10s (default)
2019-09-12 11:42:30,960 [pool-250-thread-1] INFO  server.RaftServerConfigKeys (ConfUtils.java:logGet(43)) - raft.server.log.statemachine.data.sync.timeout.retry = -1 (default)
2019-09-12 11:42:30,960 [pool-250-thread-1] INFO  server.RaftServerConfigKeys (ConfUtils.java:logGet(43)) - raft.server.log.statemachine.data.caching.enabled = true (custom)
2019-09-12 11:42:30,961 [pool-250-thread-1] INFO  segmented.SegmentedRaftLogWorker (SegmentedRaftLogWorker.java:lambda$new$0(132)) - 0125f011-55c1-4065-977c-843a08f08196-SegmentedRaftLogWorker:Storage Directory /workdir/hadoop-ozone/ozonefs/target/test-dir/MiniOzoneClusterImpl-fdcb41f5-4f3a-4aa8-8a5f-fd4c24aaf455/datanode-1/data/ratis/74c48088-f358-44f7-94ca-bf6eda36b616: flushIndex: setUnconditionally 0 -> -1
2019-09-12 11:42:30,961 [pool-250-thread-1] INFO  server.RaftServerConfigKeys (ConfUtils.java:logGet(43)) - raft.server.snapshot.auto.trigger.enabled = true (custom)
2019-09-12 11:42:30,961 [pool-250-thread-1] INFO  server.RaftServerConfigKeys (ConfUtils.java:logGet(43)) - raft.server.snapshot.auto.trigger.threshold = 10000 (custom)
2019-09-12 11:42:30,961 [pool-250-thread-1] INFO  server.RaftServerConfigKeys (ConfUtils.java:logGet(43)) - raft.server.retrycache.expirytime = 600000ms (custom)
2019-09-12 11:42:30,962 [pool-250-thread-1] INFO  impl.RaftServerImpl (RaftServerImpl.java:start(180)) - 0125f011-55c1-4065-977c-843a08f08196: start group-BF6EDA36B616
2019-09-12 11:42:30,962 [pool-250-thread-1] INFO  impl.RaftServerImpl (RaftServerImpl.java:setRole(171)) - 0125f011-55c1-4065-977c-843a08f08196:group-BF6EDA36B616 changes role from null to FOLLOWER at term 0 for startAsFollower
2019-09-12 11:42:30,962 [pool-250-thread-1] INFO  impl.RoleInfo (RoleInfo.java:updateAndGet(143)) - 0125f011-55c1-4065-977c-843a08f08196: start FollowerState
2019-09-12 11:42:30,962 [pool-250-thread-1] INFO  util.JmxRegister (JmxRegister.java:tryRegister(44)) - Successfully registered JMX Bean with object name Ratis:service=RaftServer,group=group-BF6EDA36B616,id=0125f011-55c1-4065-977c-843a08f08196
2019-09-12 11:42:30,965 [RatisPipelineUtilsThread] INFO  pipeline.PipelineStateManager (PipelineStateManager.java:addPipeline(56)) - Created pipeline Pipeline[ Id: 74c48088-f358-44f7-94ca-bf6eda36b616, Nodes: 0125f011-55c1-4065-977c-843a08f08196{ip: 192.168.157.195, host: pr-hdds-1569-xtfnx-3545843844, networkLocation: /default-rack, certSerialId: null}, Type:RATIS, Factor:ONE, State:OPEN]
2019-09-12 11:42:30,966 [RatisPipelineUtilsThread] ERROR pipeline.PipelinePlacementPolicy (PipelinePlacementPolicy.java:meetCriteria(91)) - Pipeline Placement: Doesn't meet the criteria to be viable node. Heaviness: 6
2019-09-12 11:42:30,971 [grpc-default-executor-0] INFO  impl.RaftServerProxy (RaftServerProxy.java:addNew(89)) - 0125f011-55c1-4065-977c-843a08f08196: addNew group-6F642B1AEBC3:[0125f011-55c1-4065-977c-843a08f08196:192.168.157.195:45066] returns group-6F642B1AEBC3:java.util.concurrent.CompletableFuture@85cb95b[Not completed]
2019-09-12 11:42:30,972 [pool-250-thread-1] INFO  impl.RaftServerImpl (RaftServerImpl.java:<init>(93)) - 0125f011-55c1-4065-977c-843a08f08196: new RaftServerImpl for group-6F642B1AEBC3:[0125f011-55c1-4065-977c-843a08f08196:192.168.157.195:45066] with ContainerStateMachine:uninitialized
2019-09-12 11:42:30,973 [pool-250-thread-1] INFO  server.RaftServerConfigKeys (ConfUtils.java:logGet(43)) - raft.server.rpc.timeout.min = 5s (custom)
2019-09-12 11:42:30,973 [pool-250-thread-1] INFO  server.RaftServerConfigKeys (ConfUtils.java:logGet(43)) - raft.server.rpc.timeout.max = 5200ms (custom)
2019-09-12 11:42:30,973 [pool-250-thread-1] INFO  server.RaftServerConfigKeys (ConfUtils.java:logGet(43)) - raft.server.rpcslowness.timeout = 120s (custom)
2019-09-12 11:42:30,973 [pool-250-thread-1] INFO  server.RaftServerConfigKeys (ConfUtils.java:logGet(43)) - raft.server.sleep.deviation.threshold = 300 (default)
2019-09-12 11:42:30,973 [pool-250-thread-1] INFO  server.RaftServerConfigKeys (ConfUtils.java:logGet(43)) - raft.server.log.appender.install.snapshot.enabled = false (custom)
2019-09-12 11:42:30,973 [pool-250-thread-1] INFO  impl.RaftServerImpl (ServerState.java:<init>(105)) - 0125f011-55c1-4065-977c-843a08f08196:group-6F642B1AEBC3 ConfigurationManager, init=-1: [0125f011-55c1-4065-977c-843a08f08196:192.168.157.195:45066], old=null, confs=<EMPTY_MAP>
2019-09-12 11:42:30,973 [pool-250-thread-1] INFO  server.RaftServerConfigKeys (ConfUtils.java:logGet(43)) - raft.server.storage.dir = [/workdir/hadoop-ozone/ozonefs/target/test-dir/MiniOzoneClusterImpl-fdcb41f5-4f3a-4aa8-8a5f-fd4c24aaf455/datanode-1/data/ratis] (custom)
2019-09-12 11:42:30,974 [pool-250-thread-1] INFO  storage.RaftStorageDirectory (RaftStorageDirectory.java:analyzeStorage(246)) - The storage directory /workdir/hadoop-ozone/ozonefs/target/test-dir/MiniOzoneClusterImpl-fdcb41f5-4f3a-4aa8-8a5f-fd4c24aaf455/datanode-1/data/ratis/60651d6e-b370-4945-a9fb-6f642b1aebc3 does not exist. Creating ...
2019-09-12 11:42:30,988 [pool-250-thread-1] INFO  storage.RaftStorageDirectory (RaftStorageDirectory.java:tryLock(328)) - Lock on /workdir/hadoop-ozone/ozonefs/target/test-dir/MiniOzoneClusterImpl-fdcb41f5-4f3a-4aa8-8a5f-fd4c24aaf455/datanode-1/data/ratis/60651d6e-b370-4945-a9fb-6f642b1aebc3/in_use.lock acquired by nodename 27663@pr-hdds-1569-xtfnx-3545843844
2019-09-12 11:42:31,001 [pool-250-thread-1] INFO  storage.RaftStorage (RaftStorage.java:format(72)) - Storage directory /workdir/hadoop-ozone/ozonefs/target/test-dir/MiniOzoneClusterImpl-fdcb41f5-4f3a-4aa8-8a5f-fd4c24aaf455/datanode-1/data/ratis/60651d6e-b370-4945-a9fb-6f642b1aebc3 has been successfully formatted.
2019-09-12 11:42:31,001 [pool-250-thread-1] INFO  ratis.ContainerStateMachine (ContainerStateMachine.java:loadSnapshot(226)) - group-6F642B1AEBC3: The snapshot info is null. Setting the last applied indexto:(t:0, i:~)
2019-09-12 11:42:31,001 [pool-250-thread-1] INFO  server.RaftServerConfigKeys (ConfUtils.java:logGet(43)) - raft.server.leader.election.timeout = 120s (custom)
2019-09-12 11:42:31,001 [pool-250-thread-1] INFO  server.RaftServerConfigKeys (ConfUtils.java:logGet(43)) - raft.server.log.use.memory = false (default)
2019-09-12 11:42:31,001 [pool-250-thread-1] INFO  server.RaftServerConfigKeys (ConfUtils.java:logGet(43)) - raft.server.log.purge.gap = 1000000 (custom)
2019-09-12 11:42:31,001 [pool-250-thread-1] INFO  server.RaftServerConfigKeys (ConfUtils.java:logGet(43)) - raft.server.log.appender.buffer.byte-limit = 33554432 (custom)
2019-09-12 11:42:31,002 [pool-250-thread-1] INFO  server.RaftServerConfigKeys (ConfUtils.java:logGet(43)) - raft.server.log.segment.size.max = 1048576 (custom)
2019-09-12 11:42:31,002 [pool-250-thread-1] INFO  server.RaftServerConfigKeys (ConfUtils.java:logGet(43)) - raft.server.log.segment.cache.num.max = 2 (custom)
2019-09-12 11:42:31,002 [pool-250-thread-1] INFO  segmented.SegmentedRaftLogWorker (SegmentedRaftLogWorker.java:<init>(172)) - new 0125f011-55c1-4065-977c-843a08f08196-SegmentedRaftLogWorker:Storage Directory /workdir/hadoop-ozone/ozonefs/target/test-dir/MiniOzoneClusterImpl-fdcb41f5-4f3a-4aa8-8a5f-fd4c24aaf455/datanode-1/data/ratis/60651d6e-b370-4945-a9fb-6f642b1aebc3 for RaftStorage:Storage Directory /workdir/hadoop-ozone/ozonefs/target/test-dir/MiniOzoneClusterImpl-fdcb41f5-4f3a-4aa8-8a5f-fd4c24aaf455/datanode-1/data/ratis/60651d6e-b370-4945-a9fb-6f642b1aebc3
2019-09-12 11:42:31,002 [pool-250-thread-1] INFO  server.RaftServerConfigKeys (ConfUtils.java:logGet(43)) - raft.server.log.queue.byte-limit = 2147483647 (custom)
2019-09-12 11:42:31,002 [pool-250-thread-1] INFO  server.RaftServerConfigKeys (ConfUtils.java:logGet(43)) - raft.server.log.queue.element-limit = 1024 (custom)
2019-09-12 11:42:31,002 [pool-250-thread-1] INFO  server.RaftServerConfigKeys (ConfUtils.java:logGet(43)) - raft.server.log.segment.size.max = 1048576 (custom)
2019-09-12 11:42:31,002 [pool-250-thread-1] INFO  server.RaftServerConfigKeys (ConfUtils.java:logGet(43)) - raft.server.log.preallocated.size = 16384 (custom)
2019-09-12 11:42:31,002 [pool-250-thread-1] INFO  server.RaftServerConfigKeys (ConfUtils.java:logGet(43)) - raft.server.log.write.buffer.size = 33554432 (custom)
2019-09-12 11:42:31,002 [pool-250-thread-1] INFO  server.RaftServerConfigKeys (ConfUtils.java:logGet(43)) - raft.server.log.force.sync.num = 128 (default)
2019-09-12 11:42:31,002 [pool-250-thread-1] INFO  server.RaftServerConfigKeys (ConfUtils.java:logGet(43)) - raft.server.log.statemachine.data.sync = true (default)
2019-09-12 11:42:31,003 [pool-250-thread-1] INFO  server.RaftServerConfigKeys (ConfUtils.java:logGet(43)) - raft.server.log.statemachine.data.sync.timeout = 10s (default)
2019-09-12 11:42:31,003 [pool-250-thread-1] INFO  server.RaftServerConfigKeys (ConfUtils.java:logGet(43)) - raft.server.log.statemachine.data.sync.timeout.retry = -1 (default)
2019-09-12 11:42:31,003 [pool-250-thread-1] INFO  server.RaftServerConfigKeys (ConfUtils.java:logGet(43)) - raft.server.log.statemachine.data.caching.enabled = true (custom)
2019-09-12 11:42:31,003 [pool-250-thread-1] INFO  segmented.SegmentedRaftLogWorker (SegmentedRaftLogWorker.java:lambda$new$0(132)) - 0125f011-55c1-4065-977c-843a08f08196-SegmentedRaftLogWorker:Storage Directory /workdir/hadoop-ozone/ozonefs/target/test-dir/MiniOzoneClusterImpl-fdcb41f5-4f3a-4aa8-8a5f-fd4c24aaf455/datanode-1/data/ratis/60651d6e-b370-4945-a9fb-6f642b1aebc3: flushIndex: setUnconditionally 0 -> -1
2019-09-12 11:42:31,003 [pool-250-thread-1] INFO  server.RaftServerConfigKeys (ConfUtils.java:logGet(43)) - raft.server.snapshot.auto.trigger.enabled = true (custom)
2019-09-12 11:42:31,004 [pool-250-thread-1] INFO  server.RaftServerConfigKeys (ConfUtils.java:logGet(43)) - raft.server.snapshot.auto.trigger.threshold = 10000 (custom)
2019-09-12 11:42:31,004 [pool-250-thread-1] INFO  server.RaftServerConfigKeys (ConfUtils.java:logGet(43)) - raft.server.retrycache.expirytime = 600000ms (custom)
2019-09-12 11:42:31,004 [pool-250-thread-1] INFO  impl.RaftServerImpl (RaftServerImpl.java:start(180)) - 0125f011-55c1-4065-977c-843a08f08196: start group-6F642B1AEBC3
2019-09-12 11:42:31,004 [pool-250-thread-1] INFO  impl.RaftServerImpl (RaftServerImpl.java:setRole(171)) - 0125f011-55c1-4065-977c-843a08f08196:group-6F642B1AEBC3 changes role from null to FOLLOWER at term 0 for startAsFollower
2019-09-12 11:42:31,004 [pool-250-thread-1] INFO  impl.RoleInfo (RoleInfo.java:updateAndGet(143)) - 0125f011-55c1-4065-977c-843a08f08196: start FollowerState
2019-09-12 11:42:31,004 [pool-250-thread-1] INFO  util.JmxRegister (JmxRegister.java:tryRegister(44)) - Successfully registered JMX Bean with object name Ratis:service=RaftServer,group=group-6F642B1AEBC3,id=0125f011-55c1-4065-977c-843a08f08196
2019-09-12 11:42:31,007 [Thread-1072] INFO  ozone.MiniOzoneClusterImpl (MiniOzoneClusterImpl.java:lambda$waitForClusterToBeReady$0(142)) - Waiting for cluster to be ready. Got 2 of 3 DN Heartbeats.
2019-09-12 11:42:31,007 [IPC Server handler 1 on 33448] INFO  net.NetworkTopology (NetworkTopologyImpl.java:add(110)) - Added a new node: /default-rack/3e1721dd-7503-4079-878a-cd8da34f7a9a
2019-09-12 11:42:31,007 [RatisPipelineUtilsThread] INFO  pipeline.PipelineStateManager (PipelineStateManager.java:addPipeline(56)) - Created pipeline Pipeline[ Id: 60651d6e-b370-4945-a9fb-6f642b1aebc3, Nodes: 0125f011-55c1-4065-977c-843a08f08196{ip: 192.168.157.195, host: pr-hdds-1569-xtfnx-3545843844, networkLocation: /default-rack, certSerialId: null}, Type:RATIS, Factor:ONE, State:OPEN]
2019-09-12 11:42:31,007 [IPC Server handler 1 on 33448] INFO  node.SCMNodeManager (SCMNodeManager.java:register(273)) - Registered Data node : 3e1721dd-7503-4079-878a-cd8da34f7a9a{ip: 192.168.157.195, host: pr-hdds-1569-xtfnx-3545843844, networkLocation: /default-rack, certSerialId: null}
2019-09-12 11:42:31,008 [RatisPipelineUtilsThread] ERROR pipeline.PipelinePlacementPolicy (PipelinePlacementPolicy.java:meetCriteria(91)) - Pipeline Placement: Doesn't meet the criteria to be viable node. Heaviness: 6
2019-09-12 11:42:31,008 | INFO  | SCMAudit | user=jenkins1000 | ip=192.168.157.195 | op=REGISTER {datanodeDetails=3e1721dd-7503-4079-878a-cd8da34f7a9a{ip: 192.168.157.195, host: pr-hdds-1569-xtfnx-3545843844, networkLocation: /default-rack, certSerialId: null}} | ret=SUCCESS |  
2019-09-12 11:42:31,013 [grpc-default-executor-0] INFO  impl.RaftServerProxy (RaftServerProxy.java:addNew(89)) - 0125f011-55c1-4065-977c-843a08f08196: addNew group-37BEB99A3CA3:[0125f011-55c1-4065-977c-843a08f08196:192.168.157.195:45066] returns group-37BEB99A3CA3:java.util.concurrent.CompletableFuture@1349f0dc[Not completed]
2019-09-12 11:42:31,013 [pool-250-thread-1] INFO  impl.RaftServerImpl (RaftServerImpl.java:<init>(93)) - 0125f011-55c1-4065-977c-843a08f08196: new RaftServerImpl for group-37BEB99A3CA3:[0125f011-55c1-4065-977c-843a08f08196:192.168.157.195:45066] with ContainerStateMachine:uninitialized
2019-09-12 11:42:31,014 [pool-250-thread-1] INFO  server.RaftServerConfigKeys (ConfUtils.java:logGet(43)) - raft.server.rpc.timeout.min = 5s (custom)
2019-09-12 11:42:31,014 [pool-250-thread-1] INFO  server.RaftServerConfigKeys (ConfUtils.java:logGet(43)) - raft.server.rpc.timeout.max = 5200ms (custom)
2019-09-12 11:42:31,014 [pool-250-thread-1] INFO  server.RaftServerConfigKeys (ConfUtils.java:logGet(43)) - raft.server.rpcslowness.timeout = 120s (custom)
2019-09-12 11:42:31,014 [pool-250-thread-1] INFO  server.RaftServerConfigKeys (ConfUtils.java:logGet(43)) - raft.server.sleep.deviation.threshold = 300 (default)
2019-09-12 11:42:31,014 [pool-250-thread-1] INFO  server.RaftServerConfigKeys (ConfUtils.java:logGet(43)) - raft.server.log.appender.install.snapshot.enabled = false (custom)
2019-09-12 11:42:31,014 [pool-250-thread-1] INFO  impl.RaftServerImpl (ServerState.java:<init>(105)) - 0125f011-55c1-4065-977c-843a08f08196:group-37BEB99A3CA3 ConfigurationManager, init=-1: [0125f011-55c1-4065-977c-843a08f08196:192.168.157.195:45066], old=null, confs=<EMPTY_MAP>
2019-09-12 11:42:31,014 [pool-250-thread-1] INFO  server.RaftServerConfigKeys (ConfUtils.java:logGet(43)) - raft.server.storage.dir = [/workdir/hadoop-ozone/ozonefs/target/test-dir/MiniOzoneClusterImpl-fdcb41f5-4f3a-4aa8-8a5f-fd4c24aaf455/datanode-1/data/ratis] (custom)
2019-09-12 11:42:31,014 [pool-250-thread-1] INFO  storage.RaftStorageDirectory (RaftStorageDirectory.java:analyzeStorage(246)) - The storage directory /workdir/hadoop-ozone/ozonefs/target/test-dir/MiniOzoneClusterImpl-fdcb41f5-4f3a-4aa8-8a5f-fd4c24aaf455/datanode-1/data/ratis/f85638d4-3ea8-4d14-9133-37beb99a3ca3 does not exist. Creating ...
2019-09-12 11:42:31,027 [pool-250-thread-1] INFO  storage.RaftStorageDirectory (RaftStorageDirectory.java:tryLock(328)) - Lock on /workdir/hadoop-ozone/ozonefs/target/test-dir/MiniOzoneClusterImpl-fdcb41f5-4f3a-4aa8-8a5f-fd4c24aaf455/datanode-1/data/ratis/f85638d4-3ea8-4d14-9133-37beb99a3ca3/in_use.lock acquired by nodename 27663@pr-hdds-1569-xtfnx-3545843844
2019-09-12 11:42:31,039 [pool-250-thread-1] INFO  storage.RaftStorage (RaftStorage.java:format(72)) - Storage directory /workdir/hadoop-ozone/ozonefs/target/test-dir/MiniOzoneClusterImpl-fdcb41f5-4f3a-4aa8-8a5f-fd4c24aaf455/datanode-1/data/ratis/f85638d4-3ea8-4d14-9133-37beb99a3ca3 has been successfully formatted.
2019-09-12 11:42:31,040 [pool-250-thread-1] INFO  ratis.ContainerStateMachine (ContainerStateMachine.java:loadSnapshot(226)) - group-37BEB99A3CA3: The snapshot info is null. Setting the last applied indexto:(t:0, i:~)
2019-09-12 11:42:31,040 [pool-250-thread-1] INFO  server.RaftServerConfigKeys (ConfUtils.java:logGet(43)) - raft.server.leader.election.timeout = 120s (custom)
2019-09-12 11:42:31,040 [pool-250-thread-1] INFO  server.RaftServerConfigKeys (ConfUtils.java:logGet(43)) - raft.server.log.use.memory = false (default)
2019-09-12 11:42:31,040 [pool-250-thread-1] INFO  server.RaftServerConfigKeys (ConfUtils.java:logGet(43)) - raft.server.log.purge.gap = 1000000 (custom)
2019-09-12 11:42:31,040 [pool-250-thread-1] INFO  server.RaftServerConfigKeys (ConfUtils.java:logGet(43)) - raft.server.log.appender.buffer.byte-limit = 33554432 (custom)
2019-09-12 11:42:31,040 [pool-250-thread-1] INFO  server.RaftServerConfigKeys (ConfUtils.java:logGet(43)) - raft.server.log.segment.size.max = 1048576 (custom)
2019-09-12 11:42:31,040 [pool-250-thread-1] INFO  server.RaftServerConfigKeys (ConfUtils.java:logGet(43)) - raft.server.log.segment.cache.num.max = 2 (custom)
2019-09-12 11:42:31,040 [pool-250-thread-1] INFO  segmented.SegmentedRaftLogWorker (SegmentedRaftLogWorker.java:<init>(172)) - new 0125f011-55c1-4065-977c-843a08f08196-SegmentedRaftLogWorker:Storage Directory /workdir/hadoop-ozone/ozonefs/target/test-dir/MiniOzoneClusterImpl-fdcb41f5-4f3a-4aa8-8a5f-fd4c24aaf455/datanode-1/data/ratis/f85638d4-3ea8-4d14-9133-37beb99a3ca3 for RaftStorage:Storage Directory /workdir/hadoop-ozone/ozonefs/target/test-dir/MiniOzoneClusterImpl-fdcb41f5-4f3a-4aa8-8a5f-fd4c24aaf455/datanode-1/data/ratis/f85638d4-3ea8-4d14-9133-37beb99a3ca3
2019-09-12 11:42:31,041 [pool-250-thread-1] INFO  server.RaftServerConfigKeys (ConfUtils.java:logGet(43)) - raft.server.log.queue.byte-limit = 2147483647 (custom)
2019-09-12 11:42:31,041 [pool-250-thread-1] INFO  server.RaftServerConfigKeys (ConfUtils.java:logGet(43)) - raft.server.log.queue.element-limit = 1024 (custom)
2019-09-12 11:42:31,041 [pool-250-thread-1] INFO  server.RaftServerConfigKeys (ConfUtils.java:logGet(43)) - raft.server.log.segment.size.max = 1048576 (custom)
2019-09-12 11:42:31,041 [pool-250-thread-1] INFO  server.RaftServerConfigKeys (ConfUtils.java:logGet(43)) - raft.server.log.preallocated.size = 16384 (custom)
2019-09-12 11:42:31,041 [pool-250-thread-1] INFO  server.RaftServerConfigKeys (ConfUtils.java:logGet(43)) - raft.server.log.write.buffer.size = 33554432 (custom)
2019-09-12 11:42:31,041 [pool-250-thread-1] INFO  server.RaftServerConfigKeys (ConfUtils.java:logGet(43)) - raft.server.log.force.sync.num = 128 (default)
2019-09-12 11:42:31,041 [pool-250-thread-1] INFO  server.RaftServerConfigKeys (ConfUtils.java:logGet(43)) - raft.server.log.statemachine.data.sync = true (default)
2019-09-12 11:42:31,041 [pool-250-thread-1] INFO  server.RaftServerConfigKeys (ConfUtils.java:logGet(43)) - raft.server.log.statemachine.data.sync.timeout = 10s (default)
2019-09-12 11:42:31,041 [pool-250-thread-1] INFO  server.RaftServerConfigKeys (ConfUtils.java:logGet(43)) - raft.server.log.statemachine.data.sync.timeout.retry = -1 (default)
2019-09-12 11:42:31,041 [pool-250-thread-1] INFO  server.RaftServerConfigKeys (ConfUtils.java:logGet(43)) - raft.server.log.statemachine.data.caching.enabled = true (custom)
2019-09-12 11:42:31,042 [pool-250-thread-1] INFO  segmented.SegmentedRaftLogWorker (SegmentedRaftLogWorker.java:lambda$new$0(132)) - 0125f011-55c1-4065-977c-843a08f08196-SegmentedRaftLogWorker:Storage Directory /workdir/hadoop-ozone/ozonefs/target/test-dir/MiniOzoneClusterImpl-fdcb41f5-4f3a-4aa8-8a5f-fd4c24aaf455/datanode-1/data/ratis/f85638d4-3ea8-4d14-9133-37beb99a3ca3: flushIndex: setUnconditionally 0 -> -1
2019-09-12 11:42:31,042 [pool-250-thread-1] INFO  server.RaftServerConfigKeys (ConfUtils.java:logGet(43)) - raft.server.snapshot.auto.trigger.enabled = true (custom)
2019-09-12 11:42:31,042 [pool-250-thread-1] INFO  server.RaftServerConfigKeys (ConfUtils.java:logGet(43)) - raft.server.snapshot.auto.trigger.threshold = 10000 (custom)
2019-09-12 11:42:31,042 [pool-250-thread-1] INFO  server.RaftServerConfigKeys (ConfUtils.java:logGet(43)) - raft.server.retrycache.expirytime = 600000ms (custom)
2019-09-12 11:42:31,042 [pool-250-thread-1] INFO  impl.RaftServerImpl (RaftServerImpl.java:start(180)) - 0125f011-55c1-4065-977c-843a08f08196: start group-37BEB99A3CA3
2019-09-12 11:42:31,043 [pool-250-thread-1] INFO  impl.RaftServerImpl (RaftServerImpl.java:setRole(171)) - 0125f011-55c1-4065-977c-843a08f08196:group-37BEB99A3CA3 changes role from null to FOLLOWER at term 0 for startAsFollower
2019-09-12 11:42:31,043 [pool-250-thread-1] INFO  impl.RoleInfo (RoleInfo.java:updateAndGet(143)) - 0125f011-55c1-4065-977c-843a08f08196: start FollowerState
2019-09-12 11:42:31,043 [pool-250-thread-1] INFO  util.JmxRegister (JmxRegister.java:tryRegister(44)) - Successfully registered JMX Bean with object name Ratis:service=RaftServer,group=group-37BEB99A3CA3,id=0125f011-55c1-4065-977c-843a08f08196
2019-09-12 11:42:31,046 [RatisPipelineUtilsThread] INFO  pipeline.PipelineStateManager (PipelineStateManager.java:addPipeline(56)) - Created pipeline Pipeline[ Id: f85638d4-3ea8-4d14-9133-37beb99a3ca3, Nodes: 0125f011-55c1-4065-977c-843a08f08196{ip: 192.168.157.195, host: pr-hdds-1569-xtfnx-3545843844, networkLocation: /default-rack, certSerialId: null}, Type:RATIS, Factor:ONE, State:OPEN]
2019-09-12 11:42:31,046 [RatisPipelineUtilsThread] ERROR pipeline.PipelinePlacementPolicy (PipelinePlacementPolicy.java:meetCriteria(91)) - Pipeline Placement: Doesn't meet the criteria to be viable node. Heaviness: 6
2019-09-12 11:42:31,046 [RatisPipelineUtilsThread] ERROR pipeline.PipelinePlacementPolicy (PipelinePlacementPolicy.java:meetCriteria(91)) - Pipeline Placement: Doesn't meet the criteria to be viable node. Heaviness: 6
2019-09-12 11:42:31,054 [grpc-default-executor-0] INFO  impl.RaftServerProxy (RaftServerProxy.java:addNew(89)) - 3e1721dd-7503-4079-878a-cd8da34f7a9a: addNew group-A75C175D1550:[3e1721dd-7503-4079-878a-cd8da34f7a9a:192.168.157.195:40369] returns group-A75C175D1550:java.util.concurrent.CompletableFuture@3ffc9453[Not completed]
2019-09-12 11:42:31,055 [pool-261-thread-1] INFO  impl.RaftServerImpl (RaftServerImpl.java:<init>(93)) - 3e1721dd-7503-4079-878a-cd8da34f7a9a: new RaftServerImpl for group-A75C175D1550:[3e1721dd-7503-4079-878a-cd8da34f7a9a:192.168.157.195:40369] with ContainerStateMachine:uninitialized
2019-09-12 11:42:31,055 [pool-261-thread-1] INFO  server.RaftServerConfigKeys (ConfUtils.java:logGet(43)) - raft.server.rpc.timeout.min = 5s (custom)
2019-09-12 11:42:31,055 [pool-261-thread-1] INFO  server.RaftServerConfigKeys (ConfUtils.java:logGet(43)) - raft.server.rpc.timeout.max = 5200ms (custom)
2019-09-12 11:42:31,055 [pool-261-thread-1] INFO  server.RaftServerConfigKeys (ConfUtils.java:logGet(43)) - raft.server.rpcslowness.timeout = 120s (custom)
2019-09-12 11:42:31,055 [pool-261-thread-1] INFO  server.RaftServerConfigKeys (ConfUtils.java:logGet(43)) - raft.server.sleep.deviation.threshold = 300 (default)
2019-09-12 11:42:31,055 [pool-261-thread-1] INFO  server.RaftServerConfigKeys (ConfUtils.java:logGet(43)) - raft.server.log.appender.install.snapshot.enabled = false (custom)
2019-09-12 11:42:31,055 [pool-261-thread-1] INFO  impl.RaftServerImpl (ServerState.java:<init>(105)) - 3e1721dd-7503-4079-878a-cd8da34f7a9a:group-A75C175D1550 ConfigurationManager, init=-1: [3e1721dd-7503-4079-878a-cd8da34f7a9a:192.168.157.195:40369], old=null, confs=<EMPTY_MAP>
2019-09-12 11:42:31,056 [pool-261-thread-1] INFO  server.RaftServerConfigKeys (ConfUtils.java:logGet(43)) - raft.server.storage.dir = [/workdir/hadoop-ozone/ozonefs/target/test-dir/MiniOzoneClusterImpl-fdcb41f5-4f3a-4aa8-8a5f-fd4c24aaf455/datanode-2/data/ratis] (custom)
2019-09-12 11:42:31,056 [pool-261-thread-1] INFO  storage.RaftStorageDirectory (RaftStorageDirectory.java:analyzeStorage(246)) - The storage directory /workdir/hadoop-ozone/ozonefs/target/test-dir/MiniOzoneClusterImpl-fdcb41f5-4f3a-4aa8-8a5f-fd4c24aaf455/datanode-2/data/ratis/d7ed6e96-b98d-4cb0-98f8-a75c175d1550 does not exist. Creating ...
2019-09-12 11:42:31,058 [pool-261-thread-1] INFO  storage.RaftStorageDirectory (RaftStorageDirectory.java:tryLock(328)) - Lock on /workdir/hadoop-ozone/ozonefs/target/test-dir/MiniOzoneClusterImpl-fdcb41f5-4f3a-4aa8-8a5f-fd4c24aaf455/datanode-2/data/ratis/d7ed6e96-b98d-4cb0-98f8-a75c175d1550/in_use.lock acquired by nodename 27663@pr-hdds-1569-xtfnx-3545843844
2019-09-12 11:42:31,062 [pool-261-thread-1] INFO  storage.RaftStorage (RaftStorage.java:format(72)) - Storage directory /workdir/hadoop-ozone/ozonefs/target/test-dir/MiniOzoneClusterImpl-fdcb41f5-4f3a-4aa8-8a5f-fd4c24aaf455/datanode-2/data/ratis/d7ed6e96-b98d-4cb0-98f8-a75c175d1550 has been successfully formatted.
2019-09-12 11:42:31,063 [pool-261-thread-1] INFO  ratis.ContainerStateMachine (ContainerStateMachine.java:loadSnapshot(226)) - group-A75C175D1550: The snapshot info is null. Setting the last applied indexto:(t:0, i:~)
2019-09-12 11:42:31,063 [pool-261-thread-1] INFO  server.RaftServerConfigKeys (ConfUtils.java:logGet(43)) - raft.server.leader.election.timeout = 120s (custom)
2019-09-12 11:42:31,063 [pool-261-thread-1] INFO  server.RaftServerConfigKeys (ConfUtils.java:logGet(43)) - raft.server.log.use.memory = false (default)
2019-09-12 11:42:31,063 [pool-261-thread-1] INFO  server.RaftServerConfigKeys (ConfUtils.java:logGet(43)) - raft.server.log.purge.gap = 1000000 (custom)
2019-09-12 11:42:31,064 [pool-261-thread-1] INFO  server.RaftServerConfigKeys (ConfUtils.java:logGet(43)) - raft.server.log.appender.buffer.byte-limit = 33554432 (custom)
2019-09-12 11:42:31,064 [pool-261-thread-1] INFO  server.RaftServerConfigKeys (ConfUtils.java:logGet(43)) - raft.server.log.segment.size.max = 1048576 (custom)
2019-09-12 11:42:31,064 [pool-261-thread-1] INFO  server.RaftServerConfigKeys (ConfUtils.java:logGet(43)) - raft.server.log.segment.cache.num.max = 2 (custom)
2019-09-12 11:42:31,064 [pool-261-thread-1] INFO  segmented.SegmentedRaftLogWorker (SegmentedRaftLogWorker.java:<init>(172)) - new 3e1721dd-7503-4079-878a-cd8da34f7a9a-SegmentedRaftLogWorker:Storage Directory /workdir/hadoop-ozone/ozonefs/target/test-dir/MiniOzoneClusterImpl-fdcb41f5-4f3a-4aa8-8a5f-fd4c24aaf455/datanode-2/data/ratis/d7ed6e96-b98d-4cb0-98f8-a75c175d1550 for RaftStorage:Storage Directory /workdir/hadoop-ozone/ozonefs/target/test-dir/MiniOzoneClusterImpl-fdcb41f5-4f3a-4aa8-8a5f-fd4c24aaf455/datanode-2/data/ratis/d7ed6e96-b98d-4cb0-98f8-a75c175d1550
2019-09-12 11:42:31,065 [pool-261-thread-1] INFO  server.RaftServerConfigKeys (ConfUtils.java:logGet(43)) - raft.server.log.queue.byte-limit = 2147483647 (custom)
2019-09-12 11:42:31,065 [pool-261-thread-1] INFO  server.RaftServerConfigKeys (ConfUtils.java:logGet(43)) - raft.server.log.queue.element-limit = 1024 (custom)
2019-09-12 11:42:31,065 [pool-261-thread-1] INFO  server.RaftServerConfigKeys (ConfUtils.java:logGet(43)) - raft.server.log.segment.size.max = 1048576 (custom)
2019-09-12 11:42:31,066 [pool-261-thread-1] INFO  server.RaftServerConfigKeys (ConfUtils.java:logGet(43)) - raft.server.log.preallocated.size = 16384 (custom)
2019-09-12 11:42:31,066 [pool-261-thread-1] INFO  server.RaftServerConfigKeys (ConfUtils.java:logGet(43)) - raft.server.log.write.buffer.size = 33554432 (custom)
2019-09-12 11:42:31,066 [pool-261-thread-1] INFO  server.RaftServerConfigKeys (ConfUtils.java:logGet(43)) - raft.server.log.force.sync.num = 128 (default)
2019-09-12 11:42:31,066 [pool-261-thread-1] INFO  server.RaftServerConfigKeys (ConfUtils.java:logGet(43)) - raft.server.log.statemachine.data.sync = true (default)
2019-09-12 11:42:31,067 [pool-261-thread-1] INFO  server.RaftServerConfigKeys (ConfUtils.java:logGet(43)) - raft.server.log.statemachine.data.sync.timeout = 10s (default)
2019-09-12 11:42:31,067 [pool-261-thread-1] INFO  server.RaftServerConfigKeys (ConfUtils.java:logGet(43)) - raft.server.log.statemachine.data.sync.timeout.retry = -1 (default)
2019-09-12 11:42:31,067 [pool-261-thread-1] INFO  server.RaftServerConfigKeys (ConfUtils.java:logGet(43)) - raft.server.log.statemachine.data.caching.enabled = true (custom)
2019-09-12 11:42:31,068 [pool-261-thread-1] INFO  segmented.SegmentedRaftLogWorker (SegmentedRaftLogWorker.java:lambda$new$0(132)) - 3e1721dd-7503-4079-878a-cd8da34f7a9a-SegmentedRaftLogWorker:Storage Directory /workdir/hadoop-ozone/ozonefs/target/test-dir/MiniOzoneClusterImpl-fdcb41f5-4f3a-4aa8-8a5f-fd4c24aaf455/datanode-2/data/ratis/d7ed6e96-b98d-4cb0-98f8-a75c175d1550: flushIndex: setUnconditionally 0 -> -1
2019-09-12 11:42:31,068 [pool-261-thread-1] INFO  server.RaftServerConfigKeys (ConfUtils.java:logGet(43)) - raft.server.snapshot.auto.trigger.enabled = true (custom)
2019-09-12 11:42:31,068 [pool-261-thread-1] INFO  server.RaftServerConfigKeys (ConfUtils.java:logGet(43)) - raft.server.snapshot.auto.trigger.threshold = 10000 (custom)
2019-09-12 11:42:31,069 [pool-261-thread-1] INFO  server.RaftServerConfigKeys (ConfUtils.java:logGet(43)) - raft.server.retrycache.expirytime = 600000ms (custom)
2019-09-12 11:42:31,069 [pool-261-thread-1] INFO  impl.RaftServerImpl (RaftServerImpl.java:start(180)) - 3e1721dd-7503-4079-878a-cd8da34f7a9a: start group-A75C175D1550
2019-09-12 11:42:31,069 [pool-261-thread-1] INFO  impl.RaftServerImpl (RaftServerImpl.java:setRole(171)) - 3e1721dd-7503-4079-878a-cd8da34f7a9a:group-A75C175D1550 changes role from null to FOLLOWER at term 0 for startAsFollower
2019-09-12 11:42:31,069 [pool-261-thread-1] INFO  impl.RoleInfo (RoleInfo.java:updateAndGet(143)) - 3e1721dd-7503-4079-878a-cd8da34f7a9a: start FollowerState
2019-09-12 11:42:31,070 [pool-261-thread-1] INFO  util.JmxRegister (JmxRegister.java:tryRegister(44)) - Successfully registered JMX Bean with object name Ratis:service=RaftServer,group=group-A75C175D1550,id=3e1721dd-7503-4079-878a-cd8da34f7a9a
2019-09-12 11:42:31,073 [RatisPipelineUtilsThread] INFO  pipeline.PipelineStateManager (PipelineStateManager.java:addPipeline(56)) - Created pipeline Pipeline[ Id: d7ed6e96-b98d-4cb0-98f8-a75c175d1550, Nodes: 3e1721dd-7503-4079-878a-cd8da34f7a9a{ip: 192.168.157.195, host: pr-hdds-1569-xtfnx-3545843844, networkLocation: /default-rack, certSerialId: null}, Type:RATIS, Factor:ONE, State:OPEN]
2019-09-12 11:42:31,073 [RatisPipelineUtilsThread] ERROR pipeline.PipelinePlacementPolicy (PipelinePlacementPolicy.java:meetCriteria(91)) - Pipeline Placement: Doesn't meet the criteria to be viable node. Heaviness: 6
2019-09-12 11:42:31,074 [RatisPipelineUtilsThread] ERROR pipeline.PipelinePlacementPolicy (PipelinePlacementPolicy.java:meetCriteria(91)) - Pipeline Placement: Doesn't meet the criteria to be viable node. Heaviness: 6
2019-09-12 11:42:31,080 [grpc-default-executor-0] INFO  impl.RaftServerProxy (RaftServerProxy.java:addNew(89)) - 3e1721dd-7503-4079-878a-cd8da34f7a9a: addNew group-5E1A405FAF00:[3e1721dd-7503-4079-878a-cd8da34f7a9a:192.168.157.195:40369] returns group-5E1A405FAF00:java.util.concurrent.CompletableFuture@1d813ed7[Not completed]
2019-09-12 11:42:31,081 [pool-261-thread-1] INFO  impl.RaftServerImpl (RaftServerImpl.java:<init>(93)) - 3e1721dd-7503-4079-878a-cd8da34f7a9a: new RaftServerImpl for group-5E1A405FAF00:[3e1721dd-7503-4079-878a-cd8da34f7a9a:192.168.157.195:40369] with ContainerStateMachine:uninitialized
2019-09-12 11:42:31,081 [pool-261-thread-1] INFO  server.RaftServerConfigKeys (ConfUtils.java:logGet(43)) - raft.server.rpc.timeout.min = 5s (custom)
2019-09-12 11:42:31,081 [pool-261-thread-1] INFO  server.RaftServerConfigKeys (ConfUtils.java:logGet(43)) - raft.server.rpc.timeout.max = 5200ms (custom)
2019-09-12 11:42:31,081 [pool-261-thread-1] INFO  server.RaftServerConfigKeys (ConfUtils.java:logGet(43)) - raft.server.rpcslowness.timeout = 120s (custom)
2019-09-12 11:42:31,082 [pool-261-thread-1] INFO  server.RaftServerConfigKeys (ConfUtils.java:logGet(43)) - raft.server.sleep.deviation.threshold = 300 (default)
2019-09-12 11:42:31,082 [pool-261-thread-1] INFO  server.RaftServerConfigKeys (ConfUtils.java:logGet(43)) - raft.server.log.appender.install.snapshot.enabled = false (custom)
2019-09-12 11:42:31,082 [pool-261-thread-1] INFO  impl.RaftServerImpl (ServerState.java:<init>(105)) - 3e1721dd-7503-4079-878a-cd8da34f7a9a:group-5E1A405FAF00 ConfigurationManager, init=-1: [3e1721dd-7503-4079-878a-cd8da34f7a9a:192.168.157.195:40369], old=null, confs=<EMPTY_MAP>
2019-09-12 11:42:31,082 [pool-261-thread-1] INFO  server.RaftServerConfigKeys (ConfUtils.java:logGet(43)) - raft.server.storage.dir = [/workdir/hadoop-ozone/ozonefs/target/test-dir/MiniOzoneClusterImpl-fdcb41f5-4f3a-4aa8-8a5f-fd4c24aaf455/datanode-2/data/ratis] (custom)
2019-09-12 11:42:31,082 [pool-261-thread-1] INFO  storage.RaftStorageDirectory (RaftStorageDirectory.java:analyzeStorage(246)) - The storage directory /workdir/hadoop-ozone/ozonefs/target/test-dir/MiniOzoneClusterImpl-fdcb41f5-4f3a-4aa8-8a5f-fd4c24aaf455/datanode-2/data/ratis/9cf5aec5-b587-405a-9b77-5e1a405faf00 does not exist. Creating ...
2019-09-12 11:42:31,095 [pool-261-thread-1] INFO  storage.RaftStorageDirectory (RaftStorageDirectory.java:tryLock(328)) - Lock on /workdir/hadoop-ozone/ozonefs/target/test-dir/MiniOzoneClusterImpl-fdcb41f5-4f3a-4aa8-8a5f-fd4c24aaf455/datanode-2/data/ratis/9cf5aec5-b587-405a-9b77-5e1a405faf00/in_use.lock acquired by nodename 27663@pr-hdds-1569-xtfnx-3545843844
2019-09-12 11:42:31,128 [pool-261-thread-1] INFO  storage.RaftStorage (RaftStorage.java:format(72)) - Storage directory /workdir/hadoop-ozone/ozonefs/target/test-dir/MiniOzoneClusterImpl-fdcb41f5-4f3a-4aa8-8a5f-fd4c24aaf455/datanode-2/data/ratis/9cf5aec5-b587-405a-9b77-5e1a405faf00 has been successfully formatted.
2019-09-12 11:42:31,129 [pool-261-thread-1] INFO  ratis.ContainerStateMachine (ContainerStateMachine.java:loadSnapshot(226)) - group-5E1A405FAF00: The snapshot info is null. Setting the last applied indexto:(t:0, i:~)
2019-09-12 11:42:31,129 [pool-261-thread-1] INFO  server.RaftServerConfigKeys (ConfUtils.java:logGet(43)) - raft.server.leader.election.timeout = 120s (custom)
2019-09-12 11:42:31,129 [pool-261-thread-1] INFO  server.RaftServerConfigKeys (ConfUtils.java:logGet(43)) - raft.server.log.use.memory = false (default)
2019-09-12 11:42:31,129 [pool-261-thread-1] INFO  server.RaftServerConfigKeys (ConfUtils.java:logGet(43)) - raft.server.log.purge.gap = 1000000 (custom)
2019-09-12 11:42:31,129 [pool-261-thread-1] INFO  server.RaftServerConfigKeys (ConfUtils.java:logGet(43)) - raft.server.log.appender.buffer.byte-limit = 33554432 (custom)
2019-09-12 11:42:31,129 [pool-261-thread-1] INFO  server.RaftServerConfigKeys (ConfUtils.java:logGet(43)) - raft.server.log.segment.size.max = 1048576 (custom)
2019-09-12 11:42:31,129 [pool-261-thread-1] INFO  server.RaftServerConfigKeys (ConfUtils.java:logGet(43)) - raft.server.log.segment.cache.num.max = 2 (custom)
2019-09-12 11:42:31,129 [pool-261-thread-1] INFO  segmented.SegmentedRaftLogWorker (SegmentedRaftLogWorker.java:<init>(172)) - new 3e1721dd-7503-4079-878a-cd8da34f7a9a-SegmentedRaftLogWorker:Storage Directory /workdir/hadoop-ozone/ozonefs/target/test-dir/MiniOzoneClusterImpl-fdcb41f5-4f3a-4aa8-8a5f-fd4c24aaf455/datanode-2/data/ratis/9cf5aec5-b587-405a-9b77-5e1a405faf00 for RaftStorage:Storage Directory /workdir/hadoop-ozone/ozonefs/target/test-dir/MiniOzoneClusterImpl-fdcb41f5-4f3a-4aa8-8a5f-fd4c24aaf455/datanode-2/data/ratis/9cf5aec5-b587-405a-9b77-5e1a405faf00
2019-09-12 11:42:31,129 [pool-261-thread-1] INFO  server.RaftServerConfigKeys (ConfUtils.java:logGet(43)) - raft.server.log.queue.byte-limit = 2147483647 (custom)
2019-09-12 11:42:31,130 [pool-261-thread-1] INFO  server.RaftServerConfigKeys (ConfUtils.java:logGet(43)) - raft.server.log.queue.element-limit = 1024 (custom)
2019-09-12 11:42:31,130 [pool-261-thread-1] INFO  server.RaftServerConfigKeys (ConfUtils.java:logGet(43)) - raft.server.log.segment.size.max = 1048576 (custom)
2019-09-12 11:42:31,130 [pool-261-thread-1] INFO  server.RaftServerConfigKeys (ConfUtils.java:logGet(43)) - raft.server.log.preallocated.size = 16384 (custom)
2019-09-12 11:42:31,130 [pool-261-thread-1] INFO  server.RaftServerConfigKeys (ConfUtils.java:logGet(43)) - raft.server.log.write.buffer.size = 33554432 (custom)
2019-09-12 11:42:31,130 [pool-261-thread-1] INFO  server.RaftServerConfigKeys (ConfUtils.java:logGet(43)) - raft.server.log.force.sync.num = 128 (default)
2019-09-12 11:42:31,130 [pool-261-thread-1] INFO  server.RaftServerConfigKeys (ConfUtils.java:logGet(43)) - raft.server.log.statemachine.data.sync = true (default)
2019-09-12 11:42:31,130 [pool-261-thread-1] INFO  server.RaftServerConfigKeys (ConfUtils.java:logGet(43)) - raft.server.log.statemachine.data.sync.timeout = 10s (default)
2019-09-12 11:42:31,130 [pool-261-thread-1] INFO  server.RaftServerConfigKeys (ConfUtils.java:logGet(43)) - raft.server.log.statemachine.data.sync.timeout.retry = -1 (default)
2019-09-12 11:42:31,130 [pool-261-thread-1] INFO  server.RaftServerConfigKeys (ConfUtils.java:logGet(43)) - raft.server.log.statemachine.data.caching.enabled = true (custom)
2019-09-12 11:42:31,131 [pool-261-thread-1] INFO  segmented.SegmentedRaftLogWorker (SegmentedRaftLogWorker.java:lambda$new$0(132)) - 3e1721dd-7503-4079-878a-cd8da34f7a9a-SegmentedRaftLogWorker:Storage Directory /workdir/hadoop-ozone/ozonefs/target/test-dir/MiniOzoneClusterImpl-fdcb41f5-4f3a-4aa8-8a5f-fd4c24aaf455/datanode-2/data/ratis/9cf5aec5-b587-405a-9b77-5e1a405faf00: flushIndex: setUnconditionally 0 -> -1
2019-09-12 11:42:31,131 [pool-261-thread-1] INFO  server.RaftServerConfigKeys (ConfUtils.java:logGet(43)) - raft.server.snapshot.auto.trigger.enabled = true (custom)
2019-09-12 11:42:31,131 [pool-261-thread-1] INFO  server.RaftServerConfigKeys (ConfUtils.java:logGet(43)) - raft.server.snapshot.auto.trigger.threshold = 10000 (custom)
2019-09-12 11:42:31,131 [pool-261-thread-1] INFO  server.RaftServerConfigKeys (ConfUtils.java:logGet(43)) - raft.server.retrycache.expirytime = 600000ms (custom)
2019-09-12 11:42:31,131 [pool-261-thread-1] INFO  impl.RaftServerImpl (RaftServerImpl.java:start(180)) - 3e1721dd-7503-4079-878a-cd8da34f7a9a: start group-5E1A405FAF00
2019-09-12 11:42:31,131 [pool-261-thread-1] INFO  impl.RaftServerImpl (RaftServerImpl.java:setRole(171)) - 3e1721dd-7503-4079-878a-cd8da34f7a9a:group-5E1A405FAF00 changes role from null to FOLLOWER at term 0 for startAsFollower
2019-09-12 11:42:31,131 [pool-261-thread-1] INFO  impl.RoleInfo (RoleInfo.java:updateAndGet(143)) - 3e1721dd-7503-4079-878a-cd8da34f7a9a: start FollowerState
2019-09-12 11:42:31,132 [pool-261-thread-1] INFO  util.JmxRegister (JmxRegister.java:tryRegister(44)) - Successfully registered JMX Bean with object name Ratis:service=RaftServer,group=group-5E1A405FAF00,id=3e1721dd-7503-4079-878a-cd8da34f7a9a
2019-09-12 11:42:31,135 [RatisPipelineUtilsThread] INFO  pipeline.PipelineStateManager (PipelineStateManager.java:addPipeline(56)) - Created pipeline Pipeline[ Id: 9cf5aec5-b587-405a-9b77-5e1a405faf00, Nodes: 3e1721dd-7503-4079-878a-cd8da34f7a9a{ip: 192.168.157.195, host: pr-hdds-1569-xtfnx-3545843844, networkLocation: /default-rack, certSerialId: null}, Type:RATIS, Factor:ONE, State:OPEN]
2019-09-12 11:42:31,135 [RatisPipelineUtilsThread] ERROR pipeline.PipelinePlacementPolicy (PipelinePlacementPolicy.java:meetCriteria(91)) - Pipeline Placement: Doesn't meet the criteria to be viable node. Heaviness: 6
2019-09-12 11:42:31,135 [RatisPipelineUtilsThread] ERROR pipeline.PipelinePlacementPolicy (PipelinePlacementPolicy.java:meetCriteria(91)) - Pipeline Placement: Doesn't meet the criteria to be viable node. Heaviness: 6
2019-09-12 11:42:31,140 [grpc-default-executor-0] INFO  impl.RaftServerProxy (RaftServerProxy.java:addNew(89)) - 3e1721dd-7503-4079-878a-cd8da34f7a9a: addNew group-3D21BA294D39:[3e1721dd-7503-4079-878a-cd8da34f7a9a:192.168.157.195:40369] returns group-3D21BA294D39:java.util.concurrent.CompletableFuture@a6ef4b0[Not completed]
2019-09-12 11:42:31,141 [pool-261-thread-1] INFO  impl.RaftServerImpl (RaftServerImpl.java:<init>(93)) - 3e1721dd-7503-4079-878a-cd8da34f7a9a: new RaftServerImpl for group-3D21BA294D39:[3e1721dd-7503-4079-878a-cd8da34f7a9a:192.168.157.195:40369] with ContainerStateMachine:uninitialized
2019-09-12 11:42:31,141 [pool-261-thread-1] INFO  server.RaftServerConfigKeys (ConfUtils.java:logGet(43)) - raft.server.rpc.timeout.min = 5s (custom)
2019-09-12 11:42:31,141 [pool-261-thread-1] INFO  server.RaftServerConfigKeys (ConfUtils.java:logGet(43)) - raft.server.rpc.timeout.max = 5200ms (custom)
2019-09-12 11:42:31,141 [pool-261-thread-1] INFO  server.RaftServerConfigKeys (ConfUtils.java:logGet(43)) - raft.server.rpcslowness.timeout = 120s (custom)
2019-09-12 11:42:31,141 [pool-261-thread-1] INFO  server.RaftServerConfigKeys (ConfUtils.java:logGet(43)) - raft.server.sleep.deviation.threshold = 300 (default)
2019-09-12 11:42:31,141 [pool-261-thread-1] INFO  server.RaftServerConfigKeys (ConfUtils.java:logGet(43)) - raft.server.log.appender.install.snapshot.enabled = false (custom)
2019-09-12 11:42:31,141 [pool-261-thread-1] INFO  impl.RaftServerImpl (ServerState.java:<init>(105)) - 3e1721dd-7503-4079-878a-cd8da34f7a9a:group-3D21BA294D39 ConfigurationManager, init=-1: [3e1721dd-7503-4079-878a-cd8da34f7a9a:192.168.157.195:40369], old=null, confs=<EMPTY_MAP>
2019-09-12 11:42:31,141 [pool-261-thread-1] INFO  server.RaftServerConfigKeys (ConfUtils.java:logGet(43)) - raft.server.storage.dir = [/workdir/hadoop-ozone/ozonefs/target/test-dir/MiniOzoneClusterImpl-fdcb41f5-4f3a-4aa8-8a5f-fd4c24aaf455/datanode-2/data/ratis] (custom)
2019-09-12 11:42:31,142 [pool-261-thread-1] INFO  storage.RaftStorageDirectory (RaftStorageDirectory.java:analyzeStorage(246)) - The storage directory /workdir/hadoop-ozone/ozonefs/target/test-dir/MiniOzoneClusterImpl-fdcb41f5-4f3a-4aa8-8a5f-fd4c24aaf455/datanode-2/data/ratis/673205c4-8323-4195-9d91-3d21ba294d39 does not exist. Creating ...
2019-09-12 11:42:31,154 [pool-261-thread-1] INFO  storage.RaftStorageDirectory (RaftStorageDirectory.java:tryLock(328)) - Lock on /workdir/hadoop-ozone/ozonefs/target/test-dir/MiniOzoneClusterImpl-fdcb41f5-4f3a-4aa8-8a5f-fd4c24aaf455/datanode-2/data/ratis/673205c4-8323-4195-9d91-3d21ba294d39/in_use.lock acquired by nodename 27663@pr-hdds-1569-xtfnx-3545843844
2019-09-12 11:42:31,167 [pool-261-thread-1] INFO  storage.RaftStorage (RaftStorage.java:format(72)) - Storage directory /workdir/hadoop-ozone/ozonefs/target/test-dir/MiniOzoneClusterImpl-fdcb41f5-4f3a-4aa8-8a5f-fd4c24aaf455/datanode-2/data/ratis/673205c4-8323-4195-9d91-3d21ba294d39 has been successfully formatted.
2019-09-12 11:42:31,168 [pool-261-thread-1] INFO  ratis.ContainerStateMachine (ContainerStateMachine.java:loadSnapshot(226)) - group-3D21BA294D39: The snapshot info is null. Setting the last applied indexto:(t:0, i:~)
2019-09-12 11:42:31,168 [pool-261-thread-1] INFO  server.RaftServerConfigKeys (ConfUtils.java:logGet(43)) - raft.server.leader.election.timeout = 120s (custom)
2019-09-12 11:42:31,168 [pool-261-thread-1] INFO  server.RaftServerConfigKeys (ConfUtils.java:logGet(43)) - raft.server.log.use.memory = false (default)
2019-09-12 11:42:31,168 [pool-261-thread-1] INFO  server.RaftServerConfigKeys (ConfUtils.java:logGet(43)) - raft.server.log.purge.gap = 1000000 (custom)
2019-09-12 11:42:31,168 [pool-261-thread-1] INFO  server.RaftServerConfigKeys (ConfUtils.java:logGet(43)) - raft.server.log.appender.buffer.byte-limit = 33554432 (custom)
2019-09-12 11:42:31,168 [pool-261-thread-1] INFO  server.RaftServerConfigKeys (ConfUtils.java:logGet(43)) - raft.server.log.segment.size.max = 1048576 (custom)
2019-09-12 11:42:31,168 [pool-261-thread-1] INFO  server.RaftServerConfigKeys (ConfUtils.java:logGet(43)) - raft.server.log.segment.cache.num.max = 2 (custom)
2019-09-12 11:42:31,169 [pool-261-thread-1] INFO  segmented.SegmentedRaftLogWorker (SegmentedRaftLogWorker.java:<init>(172)) - new 3e1721dd-7503-4079-878a-cd8da34f7a9a-SegmentedRaftLogWorker:Storage Directory /workdir/hadoop-ozone/ozonefs/target/test-dir/MiniOzoneClusterImpl-fdcb41f5-4f3a-4aa8-8a5f-fd4c24aaf455/datanode-2/data/ratis/673205c4-8323-4195-9d91-3d21ba294d39 for RaftStorage:Storage Directory /workdir/hadoop-ozone/ozonefs/target/test-dir/MiniOzoneClusterImpl-fdcb41f5-4f3a-4aa8-8a5f-fd4c24aaf455/datanode-2/data/ratis/673205c4-8323-4195-9d91-3d21ba294d39
2019-09-12 11:42:31,169 [pool-261-thread-1] INFO  server.RaftServerConfigKeys (ConfUtils.java:logGet(43)) - raft.server.log.queue.byte-limit = 2147483647 (custom)
2019-09-12 11:42:31,169 [pool-261-thread-1] INFO  server.RaftServerConfigKeys (ConfUtils.java:logGet(43)) - raft.server.log.queue.element-limit = 1024 (custom)
2019-09-12 11:42:31,169 [pool-261-thread-1] INFO  server.RaftServerConfigKeys (ConfUtils.java:logGet(43)) - raft.server.log.segment.size.max = 1048576 (custom)
2019-09-12 11:42:31,169 [pool-261-thread-1] INFO  server.RaftServerConfigKeys (ConfUtils.java:logGet(43)) - raft.server.log.preallocated.size = 16384 (custom)
2019-09-12 11:42:31,169 [pool-261-thread-1] INFO  server.RaftServerConfigKeys (ConfUtils.java:logGet(43)) - raft.server.log.write.buffer.size = 33554432 (custom)
2019-09-12 11:42:31,169 [pool-261-thread-1] INFO  server.RaftServerConfigKeys (ConfUtils.java:logGet(43)) - raft.server.log.force.sync.num = 128 (default)
2019-09-12 11:42:31,169 [pool-261-thread-1] INFO  server.RaftServerConfigKeys (ConfUtils.java:logGet(43)) - raft.server.log.statemachine.data.sync = true (default)
2019-09-12 11:42:31,169 [pool-261-thread-1] INFO  server.RaftServerConfigKeys (ConfUtils.java:logGet(43)) - raft.server.log.statemachine.data.sync.timeout = 10s (default)
2019-09-12 11:42:31,170 [pool-261-thread-1] INFO  server.RaftServerConfigKeys (ConfUtils.java:logGet(43)) - raft.server.log.statemachine.data.sync.timeout.retry = -1 (default)
2019-09-12 11:42:31,170 [pool-261-thread-1] INFO  server.RaftServerConfigKeys (ConfUtils.java:logGet(43)) - raft.server.log.statemachine.data.caching.enabled = true (custom)
2019-09-12 11:42:31,170 [pool-261-thread-1] INFO  segmented.SegmentedRaftLogWorker (SegmentedRaftLogWorker.java:lambda$new$0(132)) - 3e1721dd-7503-4079-878a-cd8da34f7a9a-SegmentedRaftLogWorker:Storage Directory /workdir/hadoop-ozone/ozonefs/target/test-dir/MiniOzoneClusterImpl-fdcb41f5-4f3a-4aa8-8a5f-fd4c24aaf455/datanode-2/data/ratis/673205c4-8323-4195-9d91-3d21ba294d39: flushIndex: setUnconditionally 0 -> -1
2019-09-12 11:42:31,170 [pool-261-thread-1] INFO  server.RaftServerConfigKeys (ConfUtils.java:logGet(43)) - raft.server.snapshot.auto.trigger.enabled = true (custom)
2019-09-12 11:42:31,170 [pool-261-thread-1] INFO  server.RaftServerConfigKeys (ConfUtils.java:logGet(43)) - raft.server.snapshot.auto.trigger.threshold = 10000 (custom)
2019-09-12 11:42:31,170 [pool-261-thread-1] INFO  server.RaftServerConfigKeys (ConfUtils.java:logGet(43)) - raft.server.retrycache.expirytime = 600000ms (custom)
2019-09-12 11:42:31,171 [pool-261-thread-1] INFO  impl.RaftServerImpl (RaftServerImpl.java:start(180)) - 3e1721dd-7503-4079-878a-cd8da34f7a9a: start group-3D21BA294D39
2019-09-12 11:42:31,171 [pool-261-thread-1] INFO  impl.RaftServerImpl (RaftServerImpl.java:setRole(171)) - 3e1721dd-7503-4079-878a-cd8da34f7a9a:group-3D21BA294D39 changes role from null to FOLLOWER at term 0 for startAsFollower
2019-09-12 11:42:31,171 [pool-261-thread-1] INFO  impl.RoleInfo (RoleInfo.java:updateAndGet(143)) - 3e1721dd-7503-4079-878a-cd8da34f7a9a: start FollowerState
2019-09-12 11:42:31,171 [pool-261-thread-1] INFO  util.JmxRegister (JmxRegister.java:tryRegister(44)) - Successfully registered JMX Bean with object name Ratis:service=RaftServer,group=group-3D21BA294D39,id=3e1721dd-7503-4079-878a-cd8da34f7a9a
2019-09-12 11:42:31,174 [RatisPipelineUtilsThread] INFO  pipeline.PipelineStateManager (PipelineStateManager.java:addPipeline(56)) - Created pipeline Pipeline[ Id: 673205c4-8323-4195-9d91-3d21ba294d39, Nodes: 3e1721dd-7503-4079-878a-cd8da34f7a9a{ip: 192.168.157.195, host: pr-hdds-1569-xtfnx-3545843844, networkLocation: /default-rack, certSerialId: null}, Type:RATIS, Factor:ONE, State:OPEN]
2019-09-12 11:42:31,174 [RatisPipelineUtilsThread] ERROR pipeline.PipelinePlacementPolicy (PipelinePlacementPolicy.java:meetCriteria(91)) - Pipeline Placement: Doesn't meet the criteria to be viable node. Heaviness: 6
2019-09-12 11:42:31,174 [RatisPipelineUtilsThread] ERROR pipeline.PipelinePlacementPolicy (PipelinePlacementPolicy.java:meetCriteria(91)) - Pipeline Placement: Doesn't meet the criteria to be viable node. Heaviness: 6
2019-09-12 11:42:31,179 [grpc-default-executor-0] INFO  impl.RaftServerProxy (RaftServerProxy.java:addNew(89)) - 3e1721dd-7503-4079-878a-cd8da34f7a9a: addNew group-7E9CD5E9C2C6:[3e1721dd-7503-4079-878a-cd8da34f7a9a:192.168.157.195:40369] returns group-7E9CD5E9C2C6:java.util.concurrent.CompletableFuture@71846ef[Not completed]
2019-09-12 11:42:31,180 [pool-261-thread-1] INFO  impl.RaftServerImpl (RaftServerImpl.java:<init>(93)) - 3e1721dd-7503-4079-878a-cd8da34f7a9a: new RaftServerImpl for group-7E9CD5E9C2C6:[3e1721dd-7503-4079-878a-cd8da34f7a9a:192.168.157.195:40369] with ContainerStateMachine:uninitialized
2019-09-12 11:42:31,180 [pool-261-thread-1] INFO  server.RaftServerConfigKeys (ConfUtils.java:logGet(43)) - raft.server.rpc.timeout.min = 5s (custom)
2019-09-12 11:42:31,180 [pool-261-thread-1] INFO  server.RaftServerConfigKeys (ConfUtils.java:logGet(43)) - raft.server.rpc.timeout.max = 5200ms (custom)
2019-09-12 11:42:31,180 [pool-261-thread-1] INFO  server.RaftServerConfigKeys (ConfUtils.java:logGet(43)) - raft.server.rpcslowness.timeout = 120s (custom)
2019-09-12 11:42:31,180 [pool-261-thread-1] INFO  server.RaftServerConfigKeys (ConfUtils.java:logGet(43)) - raft.server.sleep.deviation.threshold = 300 (default)
2019-09-12 11:42:31,180 [pool-261-thread-1] INFO  server.RaftServerConfigKeys (ConfUtils.java:logGet(43)) - raft.server.log.appender.install.snapshot.enabled = false (custom)
2019-09-12 11:42:31,180 [pool-261-thread-1] INFO  impl.RaftServerImpl (ServerState.java:<init>(105)) - 3e1721dd-7503-4079-878a-cd8da34f7a9a:group-7E9CD5E9C2C6 ConfigurationManager, init=-1: [3e1721dd-7503-4079-878a-cd8da34f7a9a:192.168.157.195:40369], old=null, confs=<EMPTY_MAP>
2019-09-12 11:42:31,180 [pool-261-thread-1] INFO  server.RaftServerConfigKeys (ConfUtils.java:logGet(43)) - raft.server.storage.dir = [/workdir/hadoop-ozone/ozonefs/target/test-dir/MiniOzoneClusterImpl-fdcb41f5-4f3a-4aa8-8a5f-fd4c24aaf455/datanode-2/data/ratis] (custom)
2019-09-12 11:42:31,181 [pool-261-thread-1] INFO  storage.RaftStorageDirectory (RaftStorageDirectory.java:analyzeStorage(246)) - The storage directory /workdir/hadoop-ozone/ozonefs/target/test-dir/MiniOzoneClusterImpl-fdcb41f5-4f3a-4aa8-8a5f-fd4c24aaf455/datanode-2/data/ratis/333651b9-8bc8-460e-bdef-7e9cd5e9c2c6 does not exist. Creating ...
2019-09-12 11:42:31,193 [pool-261-thread-1] INFO  storage.RaftStorageDirectory (RaftStorageDirectory.java:tryLock(328)) - Lock on /workdir/hadoop-ozone/ozonefs/target/test-dir/MiniOzoneClusterImpl-fdcb41f5-4f3a-4aa8-8a5f-fd4c24aaf455/datanode-2/data/ratis/333651b9-8bc8-460e-bdef-7e9cd5e9c2c6/in_use.lock acquired by nodename 27663@pr-hdds-1569-xtfnx-3545843844
2019-09-12 11:42:31,206 [pool-261-thread-1] INFO  storage.RaftStorage (RaftStorage.java:format(72)) - Storage directory /workdir/hadoop-ozone/ozonefs/target/test-dir/MiniOzoneClusterImpl-fdcb41f5-4f3a-4aa8-8a5f-fd4c24aaf455/datanode-2/data/ratis/333651b9-8bc8-460e-bdef-7e9cd5e9c2c6 has been successfully formatted.
2019-09-12 11:42:31,206 [pool-261-thread-1] INFO  ratis.ContainerStateMachine (ContainerStateMachine.java:loadSnapshot(226)) - group-7E9CD5E9C2C6: The snapshot info is null. Setting the last applied indexto:(t:0, i:~)
2019-09-12 11:42:31,206 [pool-261-thread-1] INFO  server.RaftServerConfigKeys (ConfUtils.java:logGet(43)) - raft.server.leader.election.timeout = 120s (custom)
2019-09-12 11:42:31,207 [pool-261-thread-1] INFO  server.RaftServerConfigKeys (ConfUtils.java:logGet(43)) - raft.server.log.use.memory = false (default)
2019-09-12 11:42:31,207 [pool-261-thread-1] INFO  server.RaftServerConfigKeys (ConfUtils.java:logGet(43)) - raft.server.log.purge.gap = 1000000 (custom)
2019-09-12 11:42:31,207 [pool-261-thread-1] INFO  server.RaftServerConfigKeys (ConfUtils.java:logGet(43)) - raft.server.log.appender.buffer.byte-limit = 33554432 (custom)
2019-09-12 11:42:31,207 [pool-261-thread-1] INFO  server.RaftServerConfigKeys (ConfUtils.java:logGet(43)) - raft.server.log.segment.size.max = 1048576 (custom)
2019-09-12 11:42:31,207 [pool-261-thread-1] INFO  server.RaftServerConfigKeys (ConfUtils.java:logGet(43)) - raft.server.log.segment.cache.num.max = 2 (custom)
2019-09-12 11:42:31,207 [pool-261-thread-1] INFO  segmented.SegmentedRaftLogWorker (SegmentedRaftLogWorker.java:<init>(172)) - new 3e1721dd-7503-4079-878a-cd8da34f7a9a-SegmentedRaftLogWorker:Storage Directory /workdir/hadoop-ozone/ozonefs/target/test-dir/MiniOzoneClusterImpl-fdcb41f5-4f3a-4aa8-8a5f-fd4c24aaf455/datanode-2/data/ratis/333651b9-8bc8-460e-bdef-7e9cd5e9c2c6 for RaftStorage:Storage Directory /workdir/hadoop-ozone/ozonefs/target/test-dir/MiniOzoneClusterImpl-fdcb41f5-4f3a-4aa8-8a5f-fd4c24aaf455/datanode-2/data/ratis/333651b9-8bc8-460e-bdef-7e9cd5e9c2c6
2019-09-12 11:42:31,207 [pool-261-thread-1] INFO  server.RaftServerConfigKeys (ConfUtils.java:logGet(43)) - raft.server.log.queue.byte-limit = 2147483647 (custom)
2019-09-12 11:42:31,208 [pool-261-thread-1] INFO  server.RaftServerConfigKeys (ConfUtils.java:logGet(43)) - raft.server.log.queue.element-limit = 1024 (custom)
2019-09-12 11:42:31,208 [pool-261-thread-1] INFO  server.RaftServerConfigKeys (ConfUtils.java:logGet(43)) - raft.server.log.segment.size.max = 1048576 (custom)
2019-09-12 11:42:31,208 [pool-261-thread-1] INFO  server.RaftServerConfigKeys (ConfUtils.java:logGet(43)) - raft.server.log.preallocated.size = 16384 (custom)
2019-09-12 11:42:31,208 [pool-261-thread-1] INFO  server.RaftServerConfigKeys (ConfUtils.java:logGet(43)) - raft.server.log.write.buffer.size = 33554432 (custom)
2019-09-12 11:42:31,208 [pool-261-thread-1] INFO  server.RaftServerConfigKeys (ConfUtils.java:logGet(43)) - raft.server.log.force.sync.num = 128 (default)
2019-09-12 11:42:31,208 [pool-261-thread-1] INFO  server.RaftServerConfigKeys (ConfUtils.java:logGet(43)) - raft.server.log.statemachine.data.sync = true (default)
2019-09-12 11:42:31,208 [pool-261-thread-1] INFO  server.RaftServerConfigKeys (ConfUtils.java:logGet(43)) - raft.server.log.statemachine.data.sync.timeout = 10s (default)
2019-09-12 11:42:31,208 [pool-261-thread-1] INFO  server.RaftServerConfigKeys (ConfUtils.java:logGet(43)) - raft.server.log.statemachine.data.sync.timeout.retry = -1 (default)
2019-09-12 11:42:31,209 [pool-261-thread-1] INFO  server.RaftServerConfigKeys (ConfUtils.java:logGet(43)) - raft.server.log.statemachine.data.caching.enabled = true (custom)
2019-09-12 11:42:31,209 [pool-261-thread-1] INFO  segmented.SegmentedRaftLogWorker (SegmentedRaftLogWorker.java:lambda$new$0(132)) - 3e1721dd-7503-4079-878a-cd8da34f7a9a-SegmentedRaftLogWorker:Storage Directory /workdir/hadoop-ozone/ozonefs/target/test-dir/MiniOzoneClusterImpl-fdcb41f5-4f3a-4aa8-8a5f-fd4c24aaf455/datanode-2/data/ratis/333651b9-8bc8-460e-bdef-7e9cd5e9c2c6: flushIndex: setUnconditionally 0 -> -1
2019-09-12 11:42:31,209 [pool-261-thread-1] INFO  server.RaftServerConfigKeys (ConfUtils.java:logGet(43)) - raft.server.snapshot.auto.trigger.enabled = true (custom)
2019-09-12 11:42:31,209 [pool-261-thread-1] INFO  server.RaftServerConfigKeys (ConfUtils.java:logGet(43)) - raft.server.snapshot.auto.trigger.threshold = 10000 (custom)
2019-09-12 11:42:31,210 [pool-261-thread-1] INFO  server.RaftServerConfigKeys (ConfUtils.java:logGet(43)) - raft.server.retrycache.expirytime = 600000ms (custom)
2019-09-12 11:42:31,210 [pool-261-thread-1] INFO  impl.RaftServerImpl (RaftServerImpl.java:start(180)) - 3e1721dd-7503-4079-878a-cd8da34f7a9a: start group-7E9CD5E9C2C6
2019-09-12 11:42:31,210 [pool-261-thread-1] INFO  impl.RaftServerImpl (RaftServerImpl.java:setRole(171)) - 3e1721dd-7503-4079-878a-cd8da34f7a9a:group-7E9CD5E9C2C6 changes role from null to FOLLOWER at term 0 for startAsFollower
2019-09-12 11:42:31,210 [pool-261-thread-1] INFO  impl.RoleInfo (RoleInfo.java:updateAndGet(143)) - 3e1721dd-7503-4079-878a-cd8da34f7a9a: start FollowerState
2019-09-12 11:42:31,210 [pool-261-thread-1] INFO  util.JmxRegister (JmxRegister.java:tryRegister(44)) - Successfully registered JMX Bean with object name Ratis:service=RaftServer,group=group-7E9CD5E9C2C6,id=3e1721dd-7503-4079-878a-cd8da34f7a9a
2019-09-12 11:42:31,213 [RatisPipelineUtilsThread] INFO  pipeline.PipelineStateManager (PipelineStateManager.java:addPipeline(56)) - Created pipeline Pipeline[ Id: 333651b9-8bc8-460e-bdef-7e9cd5e9c2c6, Nodes: 3e1721dd-7503-4079-878a-cd8da34f7a9a{ip: 192.168.157.195, host: pr-hdds-1569-xtfnx-3545843844, networkLocation: /default-rack, certSerialId: null}, Type:RATIS, Factor:ONE, State:OPEN]
2019-09-12 11:42:31,213 [RatisPipelineUtilsThread] ERROR pipeline.PipelinePlacementPolicy (PipelinePlacementPolicy.java:meetCriteria(91)) - Pipeline Placement: Doesn't meet the criteria to be viable node. Heaviness: 6
2019-09-12 11:42:31,213 [RatisPipelineUtilsThread] ERROR pipeline.PipelinePlacementPolicy (PipelinePlacementPolicy.java:meetCriteria(91)) - Pipeline Placement: Doesn't meet the criteria to be viable node. Heaviness: 6
2019-09-12 11:42:31,218 [grpc-default-executor-0] INFO  impl.RaftServerProxy (RaftServerProxy.java:addNew(89)) - 3e1721dd-7503-4079-878a-cd8da34f7a9a: addNew group-820B53B85454:[3e1721dd-7503-4079-878a-cd8da34f7a9a:192.168.157.195:40369] returns group-820B53B85454:java.util.concurrent.CompletableFuture@762fc945[Not completed]
2019-09-12 11:42:31,218 [pool-261-thread-1] INFO  impl.RaftServerImpl (RaftServerImpl.java:<init>(93)) - 3e1721dd-7503-4079-878a-cd8da34f7a9a: new RaftServerImpl for group-820B53B85454:[3e1721dd-7503-4079-878a-cd8da34f7a9a:192.168.157.195:40369] with ContainerStateMachine:uninitialized
2019-09-12 11:42:31,219 [pool-261-thread-1] INFO  server.RaftServerConfigKeys (ConfUtils.java:logGet(43)) - raft.server.rpc.timeout.min = 5s (custom)
2019-09-12 11:42:31,219 [pool-261-thread-1] INFO  server.RaftServerConfigKeys (ConfUtils.java:logGet(43)) - raft.server.rpc.timeout.max = 5200ms (custom)
2019-09-12 11:42:31,219 [pool-261-thread-1] INFO  server.RaftServerConfigKeys (ConfUtils.java:logGet(43)) - raft.server.rpcslowness.timeout = 120s (custom)
2019-09-12 11:42:31,219 [pool-261-thread-1] INFO  server.RaftServerConfigKeys (ConfUtils.java:logGet(43)) - raft.server.sleep.deviation.threshold = 300 (default)
2019-09-12 11:42:31,219 [pool-261-thread-1] INFO  server.RaftServerConfigKeys (ConfUtils.java:logGet(43)) - raft.server.log.appender.install.snapshot.enabled = false (custom)
2019-09-12 11:42:31,219 [pool-261-thread-1] INFO  impl.RaftServerImpl (ServerState.java:<init>(105)) - 3e1721dd-7503-4079-878a-cd8da34f7a9a:group-820B53B85454 ConfigurationManager, init=-1: [3e1721dd-7503-4079-878a-cd8da34f7a9a:192.168.157.195:40369], old=null, confs=<EMPTY_MAP>
2019-09-12 11:42:31,219 [pool-261-thread-1] INFO  server.RaftServerConfigKeys (ConfUtils.java:logGet(43)) - raft.server.storage.dir = [/workdir/hadoop-ozone/ozonefs/target/test-dir/MiniOzoneClusterImpl-fdcb41f5-4f3a-4aa8-8a5f-fd4c24aaf455/datanode-2/data/ratis] (custom)
2019-09-12 11:42:31,219 [pool-261-thread-1] INFO  storage.RaftStorageDirectory (RaftStorageDirectory.java:analyzeStorage(246)) - The storage directory /workdir/hadoop-ozone/ozonefs/target/test-dir/MiniOzoneClusterImpl-fdcb41f5-4f3a-4aa8-8a5f-fd4c24aaf455/datanode-2/data/ratis/262ed77f-63f8-4163-bd8b-820b53b85454 does not exist. Creating ...
2019-09-12 11:42:31,232 [pool-261-thread-1] INFO  storage.RaftStorageDirectory (RaftStorageDirectory.java:tryLock(328)) - Lock on /workdir/hadoop-ozone/ozonefs/target/test-dir/MiniOzoneClusterImpl-fdcb41f5-4f3a-4aa8-8a5f-fd4c24aaf455/datanode-2/data/ratis/262ed77f-63f8-4163-bd8b-820b53b85454/in_use.lock acquired by nodename 27663@pr-hdds-1569-xtfnx-3545843844
2019-09-12 11:42:31,245 [pool-261-thread-1] INFO  storage.RaftStorage (RaftStorage.java:format(72)) - Storage directory /workdir/hadoop-ozone/ozonefs/target/test-dir/MiniOzoneClusterImpl-fdcb41f5-4f3a-4aa8-8a5f-fd4c24aaf455/datanode-2/data/ratis/262ed77f-63f8-4163-bd8b-820b53b85454 has been successfully formatted.
2019-09-12 11:42:31,245 [pool-261-thread-1] INFO  ratis.ContainerStateMachine (ContainerStateMachine.java:loadSnapshot(226)) - group-820B53B85454: The snapshot info is null. Setting the last applied indexto:(t:0, i:~)
2019-09-12 11:42:31,246 [pool-261-thread-1] INFO  server.RaftServerConfigKeys (ConfUtils.java:logGet(43)) - raft.server.leader.election.timeout = 120s (custom)
2019-09-12 11:42:31,246 [pool-261-thread-1] INFO  server.RaftServerConfigKeys (ConfUtils.java:logGet(43)) - raft.server.log.use.memory = false (default)
2019-09-12 11:42:31,246 [pool-261-thread-1] INFO  server.RaftServerConfigKeys (ConfUtils.java:logGet(43)) - raft.server.log.purge.gap = 1000000 (custom)
2019-09-12 11:42:31,246 [pool-261-thread-1] INFO  server.RaftServerConfigKeys (ConfUtils.java:logGet(43)) - raft.server.log.appender.buffer.byte-limit = 33554432 (custom)
2019-09-12 11:42:31,246 [pool-261-thread-1] INFO  server.RaftServerConfigKeys (ConfUtils.java:logGet(43)) - raft.server.log.segment.size.max = 1048576 (custom)
2019-09-12 11:42:31,246 [pool-261-thread-1] INFO  server.RaftServerConfigKeys (ConfUtils.java:logGet(43)) - raft.server.log.segment.cache.num.max = 2 (custom)
2019-09-12 11:42:31,246 [pool-261-thread-1] INFO  segmented.SegmentedRaftLogWorker (SegmentedRaftLogWorker.java:<init>(172)) - new 3e1721dd-7503-4079-878a-cd8da34f7a9a-SegmentedRaftLogWorker:Storage Directory /workdir/hadoop-ozone/ozonefs/target/test-dir/MiniOzoneClusterImpl-fdcb41f5-4f3a-4aa8-8a5f-fd4c24aaf455/datanode-2/data/ratis/262ed77f-63f8-4163-bd8b-820b53b85454 for RaftStorage:Storage Directory /workdir/hadoop-ozone/ozonefs/target/test-dir/MiniOzoneClusterImpl-fdcb41f5-4f3a-4aa8-8a5f-fd4c24aaf455/datanode-2/data/ratis/262ed77f-63f8-4163-bd8b-820b53b85454
2019-09-12 11:42:31,246 [pool-261-thread-1] INFO  server.RaftServerConfigKeys (ConfUtils.java:logGet(43)) - raft.server.log.queue.byte-limit = 2147483647 (custom)
2019-09-12 11:42:31,246 [pool-261-thread-1] INFO  server.RaftServerConfigKeys (ConfUtils.java:logGet(43)) - raft.server.log.queue.element-limit = 1024 (custom)
2019-09-12 11:42:31,247 [pool-261-thread-1] INFO  server.RaftServerConfigKeys (ConfUtils.java:logGet(43)) - raft.server.log.segment.size.max = 1048576 (custom)
2019-09-12 11:42:31,247 [pool-261-thread-1] INFO  server.RaftServerConfigKeys (ConfUtils.java:logGet(43)) - raft.server.log.preallocated.size = 16384 (custom)
2019-09-12 11:42:31,247 [pool-261-thread-1] INFO  server.RaftServerConfigKeys (ConfUtils.java:logGet(43)) - raft.server.log.write.buffer.size = 33554432 (custom)
2019-09-12 11:42:31,247 [pool-261-thread-1] INFO  server.RaftServerConfigKeys (ConfUtils.java:logGet(43)) - raft.server.log.force.sync.num = 128 (default)
2019-09-12 11:42:31,247 [pool-261-thread-1] INFO  server.RaftServerConfigKeys (ConfUtils.java:logGet(43)) - raft.server.log.statemachine.data.sync = true (default)
2019-09-12 11:42:31,247 [pool-261-thread-1] INFO  server.RaftServerConfigKeys (ConfUtils.java:logGet(43)) - raft.server.log.statemachine.data.sync.timeout = 10s (default)
2019-09-12 11:42:31,247 [pool-261-thread-1] INFO  server.RaftServerConfigKeys (ConfUtils.java:logGet(43)) - raft.server.log.statemachine.data.sync.timeout.retry = -1 (default)
2019-09-12 11:42:31,247 [pool-261-thread-1] INFO  server.RaftServerConfigKeys (ConfUtils.java:logGet(43)) - raft.server.log.statemachine.data.caching.enabled = true (custom)
2019-09-12 11:42:31,247 [pool-261-thread-1] INFO  segmented.SegmentedRaftLogWorker (SegmentedRaftLogWorker.java:lambda$new$0(132)) - 3e1721dd-7503-4079-878a-cd8da34f7a9a-SegmentedRaftLogWorker:Storage Directory /workdir/hadoop-ozone/ozonefs/target/test-dir/MiniOzoneClusterImpl-fdcb41f5-4f3a-4aa8-8a5f-fd4c24aaf455/datanode-2/data/ratis/262ed77f-63f8-4163-bd8b-820b53b85454: flushIndex: setUnconditionally 0 -> -1
2019-09-12 11:42:31,248 [pool-261-thread-1] INFO  server.RaftServerConfigKeys (ConfUtils.java:logGet(43)) - raft.server.snapshot.auto.trigger.enabled = true (custom)
2019-09-12 11:42:31,248 [pool-261-thread-1] INFO  server.RaftServerConfigKeys (ConfUtils.java:logGet(43)) - raft.server.snapshot.auto.trigger.threshold = 10000 (custom)
2019-09-12 11:42:31,248 [pool-261-thread-1] INFO  server.RaftServerConfigKeys (ConfUtils.java:logGet(43)) - raft.server.retrycache.expirytime = 600000ms (custom)
2019-09-12 11:42:31,248 [pool-261-thread-1] INFO  impl.RaftServerImpl (RaftServerImpl.java:start(180)) - 3e1721dd-7503-4079-878a-cd8da34f7a9a: start group-820B53B85454
2019-09-12 11:42:31,248 [pool-261-thread-1] INFO  impl.RaftServerImpl (RaftServerImpl.java:setRole(171)) - 3e1721dd-7503-4079-878a-cd8da34f7a9a:group-820B53B85454 changes role from null to FOLLOWER at term 0 for startAsFollower
2019-09-12 11:42:31,248 [pool-261-thread-1] INFO  impl.RoleInfo (RoleInfo.java:updateAndGet(143)) - 3e1721dd-7503-4079-878a-cd8da34f7a9a: start FollowerState
2019-09-12 11:42:31,249 [pool-261-thread-1] INFO  util.JmxRegister (JmxRegister.java:tryRegister(44)) - Successfully registered JMX Bean with object name Ratis:service=RaftServer,group=group-820B53B85454,id=3e1721dd-7503-4079-878a-cd8da34f7a9a
2019-09-12 11:42:31,250 [RatisPipelineUtilsThread] INFO  pipeline.PipelineStateManager (PipelineStateManager.java:addPipeline(56)) - Created pipeline Pipeline[ Id: 262ed77f-63f8-4163-bd8b-820b53b85454, Nodes: 3e1721dd-7503-4079-878a-cd8da34f7a9a{ip: 192.168.157.195, host: pr-hdds-1569-xtfnx-3545843844, networkLocation: /default-rack, certSerialId: null}, Type:RATIS, Factor:ONE, State:OPEN]
2019-09-12 11:42:31,251 [RatisPipelineUtilsThread] ERROR pipeline.PipelinePlacementPolicy (PipelinePlacementPolicy.java:meetCriteria(91)) - Pipeline Placement: Doesn't meet the criteria to be viable node. Heaviness: 6
2019-09-12 11:42:31,251 [RatisPipelineUtilsThread] ERROR pipeline.PipelinePlacementPolicy (PipelinePlacementPolicy.java:meetCriteria(91)) - Pipeline Placement: Doesn't meet the criteria to be viable node. Heaviness: 6
2019-09-12 11:42:31,254 [grpc-default-executor-0] INFO  impl.RaftServerProxy (RaftServerProxy.java:addNew(89)) - 3e1721dd-7503-4079-878a-cd8da34f7a9a: addNew group-68B6885CD539:[3e1721dd-7503-4079-878a-cd8da34f7a9a:192.168.157.195:40369] returns group-68B6885CD539:java.util.concurrent.CompletableFuture@7dde29bb[Not completed]
2019-09-12 11:42:31,255 [pool-261-thread-1] INFO  impl.RaftServerImpl (RaftServerImpl.java:<init>(93)) - 3e1721dd-7503-4079-878a-cd8da34f7a9a: new RaftServerImpl for group-68B6885CD539:[3e1721dd-7503-4079-878a-cd8da34f7a9a:192.168.157.195:40369] with ContainerStateMachine:uninitialized
2019-09-12 11:42:31,255 [pool-261-thread-1] INFO  server.RaftServerConfigKeys (ConfUtils.java:logGet(43)) - raft.server.rpc.timeout.min = 5s (custom)
2019-09-12 11:42:31,255 [pool-261-thread-1] INFO  server.RaftServerConfigKeys (ConfUtils.java:logGet(43)) - raft.server.rpc.timeout.max = 5200ms (custom)
2019-09-12 11:42:31,255 [pool-261-thread-1] INFO  server.RaftServerConfigKeys (ConfUtils.java:logGet(43)) - raft.server.rpcslowness.timeout = 120s (custom)
2019-09-12 11:42:31,256 [pool-261-thread-1] INFO  server.RaftServerConfigKeys (ConfUtils.java:logGet(43)) - raft.server.sleep.deviation.threshold = 300 (default)
2019-09-12 11:42:31,256 [pool-261-thread-1] INFO  server.RaftServerConfigKeys (ConfUtils.java:logGet(43)) - raft.server.log.appender.install.snapshot.enabled = false (custom)
2019-09-12 11:42:31,256 [pool-261-thread-1] INFO  impl.RaftServerImpl (ServerState.java:<init>(105)) - 3e1721dd-7503-4079-878a-cd8da34f7a9a:group-68B6885CD539 ConfigurationManager, init=-1: [3e1721dd-7503-4079-878a-cd8da34f7a9a:192.168.157.195:40369], old=null, confs=<EMPTY_MAP>
2019-09-12 11:42:31,256 [pool-261-thread-1] INFO  server.RaftServerConfigKeys (ConfUtils.java:logGet(43)) - raft.server.storage.dir = [/workdir/hadoop-ozone/ozonefs/target/test-dir/MiniOzoneClusterImpl-fdcb41f5-4f3a-4aa8-8a5f-fd4c24aaf455/datanode-2/data/ratis] (custom)
2019-09-12 11:42:31,256 [pool-261-thread-1] INFO  storage.RaftStorageDirectory (RaftStorageDirectory.java:analyzeStorage(246)) - The storage directory /workdir/hadoop-ozone/ozonefs/target/test-dir/MiniOzoneClusterImpl-fdcb41f5-4f3a-4aa8-8a5f-fd4c24aaf455/datanode-2/data/ratis/3ded5f51-cdcd-4685-b5d1-68b6885cd539 does not exist. Creating ...
2019-09-12 11:42:31,269 [pool-261-thread-1] INFO  storage.RaftStorageDirectory (RaftStorageDirectory.java:tryLock(328)) - Lock on /workdir/hadoop-ozone/ozonefs/target/test-dir/MiniOzoneClusterImpl-fdcb41f5-4f3a-4aa8-8a5f-fd4c24aaf455/datanode-2/data/ratis/3ded5f51-cdcd-4685-b5d1-68b6885cd539/in_use.lock acquired by nodename 27663@pr-hdds-1569-xtfnx-3545843844
2019-09-12 11:42:31,281 [pool-261-thread-1] INFO  storage.RaftStorage (RaftStorage.java:format(72)) - Storage directory /workdir/hadoop-ozone/ozonefs/target/test-dir/MiniOzoneClusterImpl-fdcb41f5-4f3a-4aa8-8a5f-fd4c24aaf455/datanode-2/data/ratis/3ded5f51-cdcd-4685-b5d1-68b6885cd539 has been successfully formatted.
2019-09-12 11:42:31,282 [pool-261-thread-1] INFO  ratis.ContainerStateMachine (ContainerStateMachine.java:loadSnapshot(226)) - group-68B6885CD539: The snapshot info is null. Setting the last applied indexto:(t:0, i:~)
2019-09-12 11:42:31,282 [pool-261-thread-1] INFO  server.RaftServerConfigKeys (ConfUtils.java:logGet(43)) - raft.server.leader.election.timeout = 120s (custom)
2019-09-12 11:42:31,282 [pool-261-thread-1] INFO  server.RaftServerConfigKeys (ConfUtils.java:logGet(43)) - raft.server.log.use.memory = false (default)
2019-09-12 11:42:31,282 [pool-261-thread-1] INFO  server.RaftServerConfigKeys (ConfUtils.java:logGet(43)) - raft.server.log.purge.gap = 1000000 (custom)
2019-09-12 11:42:31,282 [pool-261-thread-1] INFO  server.RaftServerConfigKeys (ConfUtils.java:logGet(43)) - raft.server.log.appender.buffer.byte-limit = 33554432 (custom)
2019-09-12 11:42:31,282 [pool-261-thread-1] INFO  server.RaftServerConfigKeys (ConfUtils.java:logGet(43)) - raft.server.log.segment.size.max = 1048576 (custom)
2019-09-12 11:42:31,283 [pool-261-thread-1] INFO  server.RaftServerConfigKeys (ConfUtils.java:logGet(43)) - raft.server.log.segment.cache.num.max = 2 (custom)
2019-09-12 11:42:31,283 [pool-261-thread-1] INFO  segmented.SegmentedRaftLogWorker (SegmentedRaftLogWorker.java:<init>(172)) - new 3e1721dd-7503-4079-878a-cd8da34f7a9a-SegmentedRaftLogWorker:Storage Directory /workdir/hadoop-ozone/ozonefs/target/test-dir/MiniOzoneClusterImpl-fdcb41f5-4f3a-4aa8-8a5f-fd4c24aaf455/datanode-2/data/ratis/3ded5f51-cdcd-4685-b5d1-68b6885cd539 for RaftStorage:Storage Directory /workdir/hadoop-ozone/ozonefs/target/test-dir/MiniOzoneClusterImpl-fdcb41f5-4f3a-4aa8-8a5f-fd4c24aaf455/datanode-2/data/ratis/3ded5f51-cdcd-4685-b5d1-68b6885cd539
2019-09-12 11:42:31,283 [pool-261-thread-1] INFO  server.RaftServerConfigKeys (ConfUtils.java:logGet(43)) - raft.server.log.queue.byte-limit = 2147483647 (custom)
2019-09-12 11:42:31,283 [pool-261-thread-1] INFO  server.RaftServerConfigKeys (ConfUtils.java:logGet(43)) - raft.server.log.queue.element-limit = 1024 (custom)
2019-09-12 11:42:31,283 [pool-261-thread-1] INFO  server.RaftServerConfigKeys (ConfUtils.java:logGet(43)) - raft.server.log.segment.size.max = 1048576 (custom)
2019-09-12 11:42:31,283 [pool-261-thread-1] INFO  server.RaftServerConfigKeys (ConfUtils.java:logGet(43)) - raft.server.log.preallocated.size = 16384 (custom)
2019-09-12 11:42:31,283 [pool-261-thread-1] INFO  server.RaftServerConfigKeys (ConfUtils.java:logGet(43)) - raft.server.log.write.buffer.size = 33554432 (custom)
2019-09-12 11:42:31,283 [pool-261-thread-1] INFO  server.RaftServerConfigKeys (ConfUtils.java:logGet(43)) - raft.server.log.force.sync.num = 128 (default)
2019-09-12 11:42:31,284 [pool-261-thread-1] INFO  server.RaftServerConfigKeys (ConfUtils.java:logGet(43)) - raft.server.log.statemachine.data.sync = true (default)
2019-09-12 11:42:31,284 [pool-261-thread-1] INFO  server.RaftServerConfigKeys (ConfUtils.java:logGet(43)) - raft.server.log.statemachine.data.sync.timeout = 10s (default)
2019-09-12 11:42:31,284 [pool-261-thread-1] INFO  server.RaftServerConfigKeys (ConfUtils.java:logGet(43)) - raft.server.log.statemachine.data.sync.timeout.retry = -1 (default)
2019-09-12 11:42:31,284 [pool-261-thread-1] INFO  server.RaftServerConfigKeys (ConfUtils.java:logGet(43)) - raft.server.log.statemachine.data.caching.enabled = true (custom)
2019-09-12 11:42:31,284 [pool-261-thread-1] INFO  segmented.SegmentedRaftLogWorker (SegmentedRaftLogWorker.java:lambda$new$0(132)) - 3e1721dd-7503-4079-878a-cd8da34f7a9a-SegmentedRaftLogWorker:Storage Directory /workdir/hadoop-ozone/ozonefs/target/test-dir/MiniOzoneClusterImpl-fdcb41f5-4f3a-4aa8-8a5f-fd4c24aaf455/datanode-2/data/ratis/3ded5f51-cdcd-4685-b5d1-68b6885cd539: flushIndex: setUnconditionally 0 -> -1
2019-09-12 11:42:31,285 [pool-261-thread-1] INFO  server.RaftServerConfigKeys (ConfUtils.java:logGet(43)) - raft.server.snapshot.auto.trigger.enabled = true (custom)
2019-09-12 11:42:31,285 [pool-261-thread-1] INFO  server.RaftServerConfigKeys (ConfUtils.java:logGet(43)) - raft.server.snapshot.auto.trigger.threshold = 10000 (custom)
2019-09-12 11:42:31,285 [pool-261-thread-1] INFO  server.RaftServerConfigKeys (ConfUtils.java:logGet(43)) - raft.server.retrycache.expirytime = 600000ms (custom)
2019-09-12 11:42:31,285 [pool-261-thread-1] INFO  impl.RaftServerImpl (RaftServerImpl.java:start(180)) - 3e1721dd-7503-4079-878a-cd8da34f7a9a: start group-68B6885CD539
2019-09-12 11:42:31,285 [pool-261-thread-1] INFO  impl.RaftServerImpl (RaftServerImpl.java:setRole(171)) - 3e1721dd-7503-4079-878a-cd8da34f7a9a:group-68B6885CD539 changes role from null to FOLLOWER at term 0 for startAsFollower
2019-09-12 11:42:31,285 [pool-261-thread-1] INFO  impl.RoleInfo (RoleInfo.java:updateAndGet(143)) - 3e1721dd-7503-4079-878a-cd8da34f7a9a: start FollowerState
2019-09-12 11:42:31,286 [pool-261-thread-1] INFO  util.JmxRegister (JmxRegister.java:tryRegister(44)) - Successfully registered JMX Bean with object name Ratis:service=RaftServer,group=group-68B6885CD539,id=3e1721dd-7503-4079-878a-cd8da34f7a9a
2019-09-12 11:42:31,289 [RatisPipelineUtilsThread] INFO  pipeline.PipelineStateManager (PipelineStateManager.java:addPipeline(56)) - Created pipeline Pipeline[ Id: 3ded5f51-cdcd-4685-b5d1-68b6885cd539, Nodes: 3e1721dd-7503-4079-878a-cd8da34f7a9a{ip: 192.168.157.195, host: pr-hdds-1569-xtfnx-3545843844, networkLocation: /default-rack, certSerialId: null}, Type:RATIS, Factor:ONE, State:OPEN]
2019-09-12 11:42:31,289 [RatisPipelineUtilsThread] ERROR pipeline.PipelinePlacementPolicy (PipelinePlacementPolicy.java:meetCriteria(91)) - Pipeline Placement: Doesn't meet the criteria to be viable node. Heaviness: 6
2019-09-12 11:42:31,289 [RatisPipelineUtilsThread] ERROR pipeline.PipelinePlacementPolicy (PipelinePlacementPolicy.java:meetCriteria(91)) - Pipeline Placement: Doesn't meet the criteria to be viable node. Heaviness: 6
2019-09-12 11:42:31,289 [RatisPipelineUtilsThread] ERROR pipeline.PipelinePlacementPolicy (PipelinePlacementPolicy.java:meetCriteria(91)) - Pipeline Placement: Doesn't meet the criteria to be viable node. Heaviness: 6
2019-09-12 11:42:31,290 [RatisPipelineUtilsThread] ERROR pipeline.PipelinePlacementPolicy (PipelinePlacementPolicy.java:filterViableNodes(146)) - Unable to find enough nodes that meet the criteria that cannot engage in more than 5 pipelines. Nodes required: 1 Found: 0, healthy nodes count inNodeManager: 3.
2019-09-12 11:42:31,290 [RatisPipelineUtilsThread] ERROR pipeline.SCMPipelineManager (SCMPipelineManager.java:createPipeline(161)) - Pipeline creation failed due to exception: Unable to find enough nodes that meet the criteria that cannot engage in more than 5 pipelines. Nodes required: 1 Found: 0, healthy nodes count inNodeManager: 3.
2019-09-12 11:42:31,290 [RatisPipelineUtilsThread] ERROR pipeline.PipelinePlacementPolicy (PipelinePlacementPolicy.java:meetCriteria(91)) - Pipeline Placement: Doesn't meet the criteria to be viable node. Heaviness: 6
2019-09-12 11:42:31,290 [RatisPipelineUtilsThread] ERROR pipeline.PipelinePlacementPolicy (PipelinePlacementPolicy.java:meetCriteria(91)) - Pipeline Placement: Doesn't meet the criteria to be viable node. Heaviness: 6
2019-09-12 11:42:31,290 [RatisPipelineUtilsThread] ERROR pipeline.PipelinePlacementPolicy (PipelinePlacementPolicy.java:meetCriteria(91)) - Pipeline Placement: Doesn't meet the criteria to be viable node. Heaviness: 6
2019-09-12 11:42:31,290 [RatisPipelineUtilsThread] ERROR pipeline.PipelinePlacementPolicy (PipelinePlacementPolicy.java:filterViableNodes(146)) - Unable to find enough nodes that meet the criteria that cannot engage in more than 5 pipelines. Nodes required: 3 Found: 0, healthy nodes count inNodeManager: 3.
2019-09-12 11:42:31,290 [RatisPipelineUtilsThread] ERROR pipeline.SCMPipelineManager (SCMPipelineManager.java:createPipeline(161)) - Pipeline creation failed due to exception: Unable to find enough nodes that meet the criteria that cannot engage in more than 5 pipelines. Nodes required: 3 Found: 0, healthy nodes count inNodeManager: 3.
2019-09-12 11:42:31,291 [RatisPipelineUtilsThread] ERROR pipeline.PipelinePlacementPolicy (PipelinePlacementPolicy.java:meetCriteria(91)) - Pipeline Placement: Doesn't meet the criteria to be viable node. Heaviness: 6
2019-09-12 11:42:31,291 [RatisPipelineUtilsThread] ERROR pipeline.PipelinePlacementPolicy (PipelinePlacementPolicy.java:meetCriteria(91)) - Pipeline Placement: Doesn't meet the criteria to be viable node. Heaviness: 6
2019-09-12 11:42:31,291 [RatisPipelineUtilsThread] ERROR pipeline.PipelinePlacementPolicy (PipelinePlacementPolicy.java:meetCriteria(91)) - Pipeline Placement: Doesn't meet the criteria to be viable node. Heaviness: 6
2019-09-12 11:42:31,291 [RatisPipelineUtilsThread] ERROR pipeline.PipelinePlacementPolicy (PipelinePlacementPolicy.java:filterViableNodes(146)) - Unable to find enough nodes that meet the criteria that cannot engage in more than 5 pipelines. Nodes required: 1 Found: 0, healthy nodes count inNodeManager: 3.
2019-09-12 11:42:31,291 [RatisPipelineUtilsThread] ERROR pipeline.SCMPipelineManager (SCMPipelineManager.java:createPipeline(161)) - Pipeline creation failed due to exception: Unable to find enough nodes that meet the criteria that cannot engage in more than 5 pipelines. Nodes required: 1 Found: 0, healthy nodes count inNodeManager: 3.
2019-09-12 11:42:31,291 [RatisPipelineUtilsThread] ERROR pipeline.PipelinePlacementPolicy (PipelinePlacementPolicy.java:meetCriteria(91)) - Pipeline Placement: Doesn't meet the criteria to be viable node. Heaviness: 6
2019-09-12 11:42:31,292 [RatisPipelineUtilsThread] ERROR pipeline.PipelinePlacementPolicy (PipelinePlacementPolicy.java:meetCriteria(91)) - Pipeline Placement: Doesn't meet the criteria to be viable node. Heaviness: 6
2019-09-12 11:42:31,292 [RatisPipelineUtilsThread] ERROR pipeline.PipelinePlacementPolicy (PipelinePlacementPolicy.java:meetCriteria(91)) - Pipeline Placement: Doesn't meet the criteria to be viable node. Heaviness: 6
2019-09-12 11:42:31,292 [RatisPipelineUtilsThread] ERROR pipeline.PipelinePlacementPolicy (PipelinePlacementPolicy.java:filterViableNodes(146)) - Unable to find enough nodes that meet the criteria that cannot engage in more than 5 pipelines. Nodes required: 3 Found: 0, healthy nodes count inNodeManager: 3.
2019-09-12 11:42:31,292 [RatisPipelineUtilsThread] ERROR pipeline.SCMPipelineManager (SCMPipelineManager.java:createPipeline(161)) - Pipeline creation failed due to exception: Unable to find enough nodes that meet the criteria that cannot engage in more than 5 pipelines. Nodes required: 3 Found: 0, healthy nodes count inNodeManager: 3.
2019-09-12 11:42:32,007 [Thread-1072] INFO  ozone.MiniOzoneClusterImpl (MiniOzoneClusterImpl.java:lambda$waitForClusterToBeReady$0(142)) - Cluster is ready. Got 3 of 3 DN Heartbeats.
2019-09-12 11:42:32,174 | INFO  | OMAudit | user=jenkins1000 | ip=127.0.0.1 | op=CREATE_VOLUME {admin=admin59813, owner=user42056, volume=volume20547, creationTime=1568288552173, quotaInBytes=1152921504606846976} | ret=SUCCESS |  
2019-09-12 11:42:32,181 | INFO  | OMAudit | user=jenkins1000 | ip=127.0.0.1 | op=CREATE_BUCKET {volume=volume20547, bucket=bucket80534, acls=[], isVersionEnabled=false, storageType=DISK, creationTime=0} | ret=SUCCESS |  
2019-09-12 11:42:32,209 | INFO  | OMAudit | user=jenkins1000 | ip=127.0.0.1 | op=READ_VOLUME {volume=volume20547} | ret=SUCCESS |  
2019-09-12 11:42:32,211 | INFO  | OMAudit | user=jenkins1000 | ip=127.0.0.1 | op=READ_BUCKET {volume=volume20547, bucket=bucket80534} | ret=SUCCESS |  
2019-09-12 11:42:32,236 [IPC Server handler 1 on 46077] ERROR pipeline.PipelinePlacementPolicy (PipelinePlacementPolicy.java:meetCriteria(91)) - Pipeline Placement: Doesn't meet the criteria to be viable node. Heaviness: 6
2019-09-12 11:42:32,237 [IPC Server handler 1 on 46077] ERROR pipeline.PipelinePlacementPolicy (PipelinePlacementPolicy.java:meetCriteria(91)) - Pipeline Placement: Doesn't meet the criteria to be viable node. Heaviness: 6
2019-09-12 11:42:32,237 [IPC Server handler 1 on 46077] ERROR pipeline.PipelinePlacementPolicy (PipelinePlacementPolicy.java:meetCriteria(91)) - Pipeline Placement: Doesn't meet the criteria to be viable node. Heaviness: 6
2019-09-12 11:42:32,237 [IPC Server handler 1 on 46077] ERROR pipeline.PipelinePlacementPolicy (PipelinePlacementPolicy.java:filterViableNodes(146)) - Unable to find enough nodes that meet the criteria that cannot engage in more than 5 pipelines. Nodes required: 3 Found: 0, healthy nodes count inNodeManager: 3.
2019-09-12 11:42:32,237 [IPC Server handler 1 on 46077] ERROR pipeline.SCMPipelineManager (SCMPipelineManager.java:createPipeline(161)) - Pipeline creation failed due to exception: Unable to find enough nodes that meet the criteria that cannot engage in more than 5 pipelines. Nodes required: 3 Found: 0, healthy nodes count inNodeManager: 3.
2019-09-12 11:42:32,238 [IPC Server handler 1 on 46077] WARN  block.BlockManagerImpl (BlockManagerImpl.java:allocateBlock(192)) - Pipeline creation failed for type:RATIS factor:THREE. Retrying get pipelines call once.
org.apache.hadoop.hdds.scm.exceptions.SCMException: Unable to find enough nodes that meet the criteria that cannot engage in more than 5 pipelines. Nodes required: 3 Found: 0, healthy nodes count inNodeManager: 3.
	at org.apache.hadoop.hdds.scm.pipeline.PipelinePlacementPolicy.filterViableNodes(PipelinePlacementPolicy.java:147)
	at org.apache.hadoop.hdds.scm.pipeline.PipelinePlacementPolicy.chooseDatanodes(PipelinePlacementPolicy.java:170)
	at org.apache.hadoop.hdds.scm.pipeline.RatisPipelineProvider.create(RatisPipelineProvider.java:92)
	at org.apache.hadoop.hdds.scm.pipeline.PipelineFactory.create(PipelineFactory.java:57)
	at org.apache.hadoop.hdds.scm.pipeline.SCMPipelineManager.createPipeline(SCMPipelineManager.java:149)
	at org.apache.hadoop.hdds.scm.block.BlockManagerImpl.allocateBlock(BlockManagerImpl.java:190)
	at org.apache.hadoop.hdds.scm.server.SCMBlockProtocolServer.allocateBlock(SCMBlockProtocolServer.java:175)
	at org.apache.hadoop.ozone.protocolPB.ScmBlockLocationProtocolServerSideTranslatorPB.allocateScmBlock(ScmBlockLocationProtocolServerSideTranslatorPB.java:153)
	at org.apache.hadoop.ozone.protocolPB.ScmBlockLocationProtocolServerSideTranslatorPB.send(ScmBlockLocationProtocolServerSideTranslatorPB.java:112)
	at org.apache.hadoop.hdds.protocol.proto.ScmBlockLocationProtocolProtos$ScmBlockLocationProtocolService$2.callBlockingMethod(ScmBlockLocationProtocolProtos.java:13157)
	at org.apache.hadoop.ipc.ProtobufRpcEngine$Server$ProtoBufRpcInvoker.call(ProtobufRpcEngine.java:524)
	at org.apache.hadoop.ipc.RPC$Server.call(RPC.java:1025)
	at org.apache.hadoop.ipc.Server$RpcCall.run(Server.java:876)
	at org.apache.hadoop.ipc.Server$RpcCall.run(Server.java:822)
	at java.security.AccessController.doPrivileged(Native Method)
	at javax.security.auth.Subject.doAs(Subject.java:422)
	at org.apache.hadoop.security.UserGroupInformation.doAs(UserGroupInformation.java:1730)
	at org.apache.hadoop.ipc.Server$Handler.run(Server.java:2682)
2019-09-12 11:42:32,238 [IPC Server handler 1 on 46077] INFO  block.BlockManagerImpl (BlockManagerImpl.java:allocateBlock(198)) - Could not find available pipeline of type:RATIS and factor:THREE even after retrying
2019-09-12 11:42:32,239 [IPC Server handler 1 on 46077] ERROR block.BlockManagerImpl (BlockManagerImpl.java:allocateBlock(222)) - Unable to allocate a block for the size: 4194304, type: RATIS, factor: THREE
2019-09-12 11:42:32,239 | INFO  | SCMAudit | user=jenkins1000 | ip=192.168.157.195 | op=ALLOCATE_BLOCK {owner=a6ee587e-0f6d-42c1-97be-9c50cd2d6bc8, size=4194304, type=RATIS, factor=THREE} | ret=SUCCESS |  
2019-09-12 11:42:32,241 | ERROR | OMAudit | user=jenkins1000 | ip=127.0.0.1 | op=CREATE_FILE {volume=volume20547, bucket=bucket80534, key=testCreateDoesNotAddParentDirKeys/parent/child, dataSize=0, replicationType=RATIS, replicationFactor=THREE, keyLocationInfo=null} | ret=FAILURE | org.apache.hadoop.hdds.scm.exceptions.SCMException: Allocated 0 blocks. Requested 1 blocks
	at org.apache.hadoop.hdds.scm.protocolPB.ScmBlockLocationProtocolClientSideTranslatorPB.handleError(ScmBlockLocationProtocolClientSideTranslatorPB.java:118)
	at org.apache.hadoop.hdds.scm.protocolPB.ScmBlockLocationProtocolClientSideTranslatorPB.allocateBlock(ScmBlockLocationProtocolClientSideTranslatorPB.java:156) 
2019-09-12 11:42:32,243 [Thread-1072] INFO  ozone.MiniOzoneClusterImpl (MiniOzoneClusterImpl.java:shutdown(321)) - Shutting down the Mini Ozone Cluster
2019-09-12 11:42:32,243 | INFO  | SCMAudit | user=null | ip=null | op=GET_SCM_INFO null | ret=SUCCESS |  
2019-09-12 11:42:32,243 [Thread-1072] INFO  ozone.MiniOzoneClusterImpl (MiniOzoneClusterImpl.java:stop(336)) - Stopping the Mini Ozone Cluster
2019-09-12 11:42:32,243 [Thread-1072] INFO  ozone.MiniOzoneClusterImpl (MiniOzoneClusterImpl.java:stop(338)) - Stopping the OzoneManager
2019-09-12 11:42:32,243 [Thread-1072] INFO  ipc.Server (Server.java:stop(3082)) - Stopping server on 46652
2019-09-12 11:42:32,246 [IPC Server listener on 46652] INFO  ipc.Server (Server.java:run(1185)) - Stopping IPC Server listener on 46652
2019-09-12 11:42:32,246 [IPC Server Responder] INFO  ipc.Server (Server.java:run(1319)) - Stopping IPC Server Responder
2019-09-12 11:42:32,246 [Thread-1072] INFO  ratis.OzoneManagerDoubleBuffer (OzoneManagerDoubleBuffer.java:stop(248)) - Stopping OMDoubleBuffer flush thread
2019-09-12 11:42:32,252 [OMDoubleBufferFlushThread] INFO  ratis.OzoneManagerDoubleBuffer (OzoneManagerDoubleBuffer.java:flushTransactions(191)) - OMDoubleBuffer flush thread OMDoubleBufferFlushThread is interrupted and will exit. OMDoubleBufferFlushThread
2019-09-12 11:42:32,253 [Thread-1072] INFO  utils.BackgroundService (BackgroundService.java:shutdown(148)) - Shutting down service KeyDeletingService
2019-09-12 11:42:32,254 [Thread-1072] INFO  handler.ContextHandler (ContextHandler.java:doStop(910)) - Stopped o.e.j.w.WebAppContext@3a0c3ec6{/,null,UNAVAILABLE}{/ozoneManager}
2019-09-12 11:42:32,254 [Thread-1072] INFO  server.AbstractConnector (AbstractConnector.java:doStop(318)) - Stopped ServerConnector@54b0b4fa{HTTP/1.1,[http/1.1]}{0.0.0.0:0}
2019-09-12 11:42:32,254 [Thread-1072] INFO  handler.ContextHandler (ContextHandler.java:doStop(910)) - Stopped o.e.j.s.ServletContextHandler@63a1939{/static,jar:file:/home/user/.m2/repository/org/apache/hadoop/hadoop-ozone-ozone-manager/0.5.0-SNAPSHOT/hadoop-ozone-ozone-manager-0.5.0-SNAPSHOT.jar!/webapps/static,UNAVAILABLE}
2019-09-12 11:42:32,254 [Thread-1072] INFO  handler.ContextHandler (ContextHandler.java:doStop(910)) - Stopped o.e.j.s.ServletContextHandler@675b2eea{/logs,file:///workdir/hadoop-ozone/ozonefs/target/log,UNAVAILABLE}
2019-09-12 11:42:32,256 [Thread-1072] INFO  ozone.MiniOzoneClusterImpl (MiniOzoneClusterImpl.java:stop(344)) - Shutting the HddsDatanodes
2019-09-12 11:42:32,256 [Thread-1072] INFO  datanode.ObjectStoreHandler (ObjectStoreHandler.java:close(155)) - Closing ObjectStoreHandler.
2019-09-12 11:42:32,256 [ForkJoinPool.commonPool-worker-0] INFO  datanode.ObjectStoreHandler (ObjectStoreHandler.java:close(155)) - Closing ObjectStoreHandler.
2019-09-12 11:42:32,257 [Thread-1072] INFO  ozone.HddsDatanodeService (HddsDatanodeService.java:stop(451)) - Stopped plug-in org.apache.hadoop.ozone.web.OzoneHddsDatanodeService@1bfc3ad7
2019-09-12 11:42:32,257 [ForkJoinPool.commonPool-worker-0] INFO  ozone.HddsDatanodeService (HddsDatanodeService.java:stop(451)) - Stopped plug-in org.apache.hadoop.ozone.web.OzoneHddsDatanodeService@723196aa
2019-09-12 11:42:32,527 [Datanode State Machine Thread - 0] INFO  statemachine.DatanodeStateMachine (DatanodeStateMachine.java:lambda$startDaemon$0(350)) - Ozone container server started.
2019-09-12 11:42:32,771 [Datanode State Machine Thread - 0] INFO  statemachine.DatanodeStateMachine (DatanodeStateMachine.java:lambda$startDaemon$0(350)) - Ozone container server started.
2019-09-12 11:42:33,007 | INFO  | SCMAudit | user=jenkins1000 | ip=192.168.157.195 | op=SEND_HEARTBEAT {datanodeUUID=3e1721dd-7503-4079-878a-cd8da34f7a9a, command=[]} | ret=SUCCESS |  
2019-09-12 11:42:33,538 [Thread-1244] INFO  container.ReplicationManager (ReplicationManager.java:start(151)) - Starting Replication Monitor Thread.
2019-09-12 11:42:33,540 [ReplicationMonitor] INFO  container.ReplicationManager (ReplicationManager.java:run(214)) - Replication Monitor Thread took 0 milliseconds for processing 0 containers.
2019-09-12 11:42:34,007 | INFO  | SCMAudit | user=jenkins1000 | ip=192.168.157.195 | op=SEND_HEARTBEAT {datanodeUUID=3e1721dd-7503-4079-878a-cd8da34f7a9a, command=[]} | ret=SUCCESS |  
2019-09-12 11:42:35,007 | INFO  | SCMAudit | user=jenkins1000 | ip=192.168.157.195 | op=SEND_HEARTBEAT {datanodeUUID=3e1721dd-7503-4079-878a-cd8da34f7a9a, command=[]} | ret=SUCCESS |  
2019-09-12 11:42:35,611 [Thread-1246] INFO  impl.FollowerState (FollowerState.java:run(106)) - 79dd4a67-b0bc-4c7d-8a5b-15c0f4627f39:group-95ABE4D04945 changes to CANDIDATE, lastRpcTime:5019, electionTimeout:5019ms
2019-09-12 11:42:35,611 [Thread-1246] INFO  impl.RoleInfo (RoleInfo.java:shutdownFollowerState(121)) - 79dd4a67-b0bc-4c7d-8a5b-15c0f4627f39: shutdown FollowerState
2019-09-12 11:42:35,611 [Thread-1246] INFO  impl.RaftServerImpl (RaftServerImpl.java:setRole(171)) - 79dd4a67-b0bc-4c7d-8a5b-15c0f4627f39:group-95ABE4D04945 changes role from FOLLOWER to CANDIDATE at term 0 for changeToCandidate
2019-09-12 11:42:35,612 [Thread-1246] INFO  impl.RoleInfo (RoleInfo.java:updateAndGet(143)) - 79dd4a67-b0bc-4c7d-8a5b-15c0f4627f39: start LeaderElection
2019-09-12 11:42:35,628 [79dd4a67-b0bc-4c7d-8a5b-15c0f4627f39:group-95ABE4D04945:LeaderElection73] INFO  impl.LeaderElection (LeaderElection.java:askForVotes(181)) - 79dd4a67-b0bc-4c7d-8a5b-15c0f4627f39:group-95ABE4D04945:LeaderElection73: begin an election at term 1 for -1: [79dd4a67-b0bc-4c7d-8a5b-15c0f4627f39:192.168.157.195:34031], old=null
2019-09-12 11:42:35,629 [79dd4a67-b0bc-4c7d-8a5b-15c0f4627f39:group-95ABE4D04945:LeaderElection73] INFO  impl.RoleInfo (RoleInfo.java:shutdownLeaderElection(134)) - 79dd4a67-b0bc-4c7d-8a5b-15c0f4627f39: shutdown LeaderElection
2019-09-12 11:42:35,629 [79dd4a67-b0bc-4c7d-8a5b-15c0f4627f39:group-95ABE4D04945:LeaderElection73] INFO  impl.RaftServerImpl (RaftServerImpl.java:setRole(171)) - 79dd4a67-b0bc-4c7d-8a5b-15c0f4627f39:group-95ABE4D04945 changes role from CANDIDATE to LEADER at term 1 for changeToLeader
2019-09-12 11:42:35,629 [79dd4a67-b0bc-4c7d-8a5b-15c0f4627f39:group-95ABE4D04945:LeaderElection73] INFO  impl.RaftServerImpl (ServerState.java:setLeader(263)) - 79dd4a67-b0bc-4c7d-8a5b-15c0f4627f39:group-95ABE4D04945 change Leader from null to 79dd4a67-b0bc-4c7d-8a5b-15c0f4627f39 at term 1 for becomeLeader, leader elected after 5042ms
2019-09-12 11:42:35,629 [79dd4a67-b0bc-4c7d-8a5b-15c0f4627f39:group-95ABE4D04945:LeaderElection73] INFO  server.RaftServerConfigKeys (ConfUtils.java:logGet(43)) - raft.server.staging.catchup.gap = 1000 (default)
2019-09-12 11:42:35,629 [79dd4a67-b0bc-4c7d-8a5b-15c0f4627f39:group-95ABE4D04945:LeaderElection73] INFO  server.RaftServerConfigKeys (ConfUtils.java:logGet(43)) - raft.server.rpc.sleep.time = 25ms (default)
2019-09-12 11:42:35,629 [79dd4a67-b0bc-4c7d-8a5b-15c0f4627f39:group-95ABE4D04945:LeaderElection73] INFO  server.RaftServerConfigKeys (ConfUtils.java:logGet(43)) - raft.server.write.element-limit = 4096 (default)
2019-09-12 11:42:35,630 [79dd4a67-b0bc-4c7d-8a5b-15c0f4627f39:group-95ABE4D04945:LeaderElection73] INFO  server.RaftServerConfigKeys (ConfUtils.java:logGet(43)) - raft.server.watch.timeout = 10s (default)
2019-09-12 11:42:35,630 [79dd4a67-b0bc-4c7d-8a5b-15c0f4627f39:group-95ABE4D04945:LeaderElection73] INFO  server.RaftServerConfigKeys (ConfUtils.java:logGet(43)) - raft.server.watch.timeout.denomination = 1s (default)
2019-09-12 11:42:35,630 [79dd4a67-b0bc-4c7d-8a5b-15c0f4627f39:group-95ABE4D04945:LeaderElection73] INFO  server.RaftServerConfigKeys (ConfUtils.java:logGet(43)) - raft.server.watch.element-limit = 65536 (default)
2019-09-12 11:42:35,630 [79dd4a67-b0bc-4c7d-8a5b-15c0f4627f39:group-95ABE4D04945:LeaderElection73] INFO  impl.RoleInfo (RoleInfo.java:updateAndGet(143)) - 79dd4a67-b0bc-4c7d-8a5b-15c0f4627f39: start LeaderState
2019-09-12 11:42:35,631 [79dd4a67-b0bc-4c7d-8a5b-15c0f4627f39:group-95ABE4D04945:LeaderElection73] INFO  segmented.SegmentedRaftLogWorker (SegmentedRaftLogWorker.java:startLogSegment(380)) - 79dd4a67-b0bc-4c7d-8a5b-15c0f4627f39-SegmentedRaftLogWorker:Storage Directory /workdir/hadoop-ozone/ozonefs/target/test-dir/MiniOzoneClusterImpl-fdcb41f5-4f3a-4aa8-8a5f-fd4c24aaf455/datanode-0/data/ratis/46218b7a-5849-4742-a4a4-95abe4d04945: Starting segment from index:0
2019-09-12 11:42:35,631 [79dd4a67-b0bc-4c7d-8a5b-15c0f4627f39:group-95ABE4D04945:LeaderElection73] INFO  impl.RaftServerImpl (ServerState.java:setRaftConf(361)) - 79dd4a67-b0bc-4c7d-8a5b-15c0f4627f39:group-95ABE4D04945 set configuration 0: [79dd4a67-b0bc-4c7d-8a5b-15c0f4627f39:192.168.157.195:34031], old=null at 0
2019-09-12 11:42:35,652 [Thread-1249] INFO  impl.FollowerState (FollowerState.java:run(106)) - 79dd4a67-b0bc-4c7d-8a5b-15c0f4627f39:group-A75211E8FDEF changes to CANDIDATE, lastRpcTime:5015, electionTimeout:5015ms
2019-09-12 11:42:35,652 [Thread-1249] INFO  impl.RoleInfo (RoleInfo.java:shutdownFollowerState(121)) - 79dd4a67-b0bc-4c7d-8a5b-15c0f4627f39: shutdown FollowerState
2019-09-12 11:42:35,652 [Thread-1249] INFO  impl.RaftServerImpl (RaftServerImpl.java:setRole(171)) - 79dd4a67-b0bc-4c7d-8a5b-15c0f4627f39:group-A75211E8FDEF changes role from FOLLOWER to CANDIDATE at term 0 for changeToCandidate
2019-09-12 11:42:35,652 [Thread-1249] INFO  impl.RoleInfo (RoleInfo.java:updateAndGet(143)) - 79dd4a67-b0bc-4c7d-8a5b-15c0f4627f39: start LeaderElection
2019-09-12 11:42:35,683 [79dd4a67-b0bc-4c7d-8a5b-15c0f4627f39-SegmentedRaftLogWorker:Storage Directory /workdir/hadoop-ozone/ozonefs/target/test-dir/MiniOzoneClusterImpl-fdcb41f5-4f3a-4aa8-8a5f-fd4c24aaf455/datanode-0/data/ratis/46218b7a-5849-4742-a4a4-95abe4d04945] INFO  segmented.SegmentedRaftLogWorker (SegmentedRaftLogWorker.java:execute(569)) - 79dd4a67-b0bc-4c7d-8a5b-15c0f4627f39-SegmentedRaftLogWorker:Storage Directory /workdir/hadoop-ozone/ozonefs/target/test-dir/MiniOzoneClusterImpl-fdcb41f5-4f3a-4aa8-8a5f-fd4c24aaf455/datanode-0/data/ratis/46218b7a-5849-4742-a4a4-95abe4d04945: created new log segment /workdir/hadoop-ozone/ozonefs/target/test-dir/MiniOzoneClusterImpl-fdcb41f5-4f3a-4aa8-8a5f-fd4c24aaf455/datanode-0/data/ratis/46218b7a-5849-4742-a4a4-95abe4d04945/current/log_inprogress_0
2019-09-12 11:42:35,683 [79dd4a67-b0bc-4c7d-8a5b-15c0f4627f39:group-A75211E8FDEF:LeaderElection74] INFO  impl.LeaderElection (LeaderElection.java:askForVotes(181)) - 79dd4a67-b0bc-4c7d-8a5b-15c0f4627f39:group-A75211E8FDEF:LeaderElection74: begin an election at term 1 for -1: [79dd4a67-b0bc-4c7d-8a5b-15c0f4627f39:192.168.157.195:34031], old=null
2019-09-12 11:42:35,683 [79dd4a67-b0bc-4c7d-8a5b-15c0f4627f39:group-A75211E8FDEF:LeaderElection74] INFO  impl.RoleInfo (RoleInfo.java:shutdownLeaderElection(134)) - 79dd4a67-b0bc-4c7d-8a5b-15c0f4627f39: shutdown LeaderElection
2019-09-12 11:42:35,684 [79dd4a67-b0bc-4c7d-8a5b-15c0f4627f39:group-A75211E8FDEF:LeaderElection74] INFO  impl.RaftServerImpl (RaftServerImpl.java:setRole(171)) - 79dd4a67-b0bc-4c7d-8a5b-15c0f4627f39:group-A75211E8FDEF changes role from CANDIDATE to LEADER at term 1 for changeToLeader
2019-09-12 11:42:35,684 [79dd4a67-b0bc-4c7d-8a5b-15c0f4627f39:group-A75211E8FDEF:LeaderElection74] INFO  impl.RaftServerImpl (ServerState.java:setLeader(263)) - 79dd4a67-b0bc-4c7d-8a5b-15c0f4627f39:group-A75211E8FDEF change Leader from null to 79dd4a67-b0bc-4c7d-8a5b-15c0f4627f39 at term 1 for becomeLeader, leader elected after 5051ms
2019-09-12 11:42:35,684 [79dd4a67-b0bc-4c7d-8a5b-15c0f4627f39:group-A75211E8FDEF:LeaderElection74] INFO  server.RaftServerConfigKeys (ConfUtils.java:logGet(43)) - raft.server.staging.catchup.gap = 1000 (default)
2019-09-12 11:42:35,684 [79dd4a67-b0bc-4c7d-8a5b-15c0f4627f39:group-A75211E8FDEF:LeaderElection74] INFO  server.RaftServerConfigKeys (ConfUtils.java:logGet(43)) - raft.server.rpc.sleep.time = 25ms (default)
2019-09-12 11:42:35,684 [79dd4a67-b0bc-4c7d-8a5b-15c0f4627f39:group-A75211E8FDEF:LeaderElection74] INFO  server.RaftServerConfigKeys (ConfUtils.java:logGet(43)) - raft.server.write.element-limit = 4096 (default)
2019-09-12 11:42:35,685 [79dd4a67-b0bc-4c7d-8a5b-15c0f4627f39:group-A75211E8FDEF:LeaderElection74] INFO  server.RaftServerConfigKeys (ConfUtils.java:logGet(43)) - raft.server.watch.timeout = 10s (default)
2019-09-12 11:42:35,685 [79dd4a67-b0bc-4c7d-8a5b-15c0f4627f39:group-A75211E8FDEF:LeaderElection74] INFO  server.RaftServerConfigKeys (ConfUtils.java:logGet(43)) - raft.server.watch.timeout.denomination = 1s (default)
2019-09-12 11:42:35,685 [79dd4a67-b0bc-4c7d-8a5b-15c0f4627f39:group-A75211E8FDEF:LeaderElection74] INFO  server.RaftServerConfigKeys (ConfUtils.java:logGet(43)) - raft.server.watch.element-limit = 65536 (default)
2019-09-12 11:42:35,685 [79dd4a67-b0bc-4c7d-8a5b-15c0f4627f39:group-A75211E8FDEF:LeaderElection74] INFO  impl.RoleInfo (RoleInfo.java:updateAndGet(143)) - 79dd4a67-b0bc-4c7d-8a5b-15c0f4627f39: start LeaderState
2019-09-12 11:42:35,685 [79dd4a67-b0bc-4c7d-8a5b-15c0f4627f39:group-A75211E8FDEF:LeaderElection74] INFO  segmented.SegmentedRaftLogWorker (SegmentedRaftLogWorker.java:startLogSegment(380)) - 79dd4a67-b0bc-4c7d-8a5b-15c0f4627f39-SegmentedRaftLogWorker:Storage Directory /workdir/hadoop-ozone/ozonefs/target/test-dir/MiniOzoneClusterImpl-fdcb41f5-4f3a-4aa8-8a5f-fd4c24aaf455/datanode-0/data/ratis/4570f3aa-223a-4178-9981-a75211e8fdef: Starting segment from index:0
2019-09-12 11:42:35,686 [79dd4a67-b0bc-4c7d-8a5b-15c0f4627f39:group-A75211E8FDEF:LeaderElection74] INFO  impl.RaftServerImpl (ServerState.java:setRaftConf(361)) - 79dd4a67-b0bc-4c7d-8a5b-15c0f4627f39:group-A75211E8FDEF set configuration 0: [79dd4a67-b0bc-4c7d-8a5b-15c0f4627f39:192.168.157.195:34031], old=null at 0
2019-09-12 11:42:35,741 [79dd4a67-b0bc-4c7d-8a5b-15c0f4627f39-SegmentedRaftLogWorker:Storage Directory /workdir/hadoop-ozone/ozonefs/target/test-dir/MiniOzoneClusterImpl-fdcb41f5-4f3a-4aa8-8a5f-fd4c24aaf455/datanode-0/data/ratis/4570f3aa-223a-4178-9981-a75211e8fdef] INFO  segmented.SegmentedRaftLogWorker (SegmentedRaftLogWorker.java:execute(569)) - 79dd4a67-b0bc-4c7d-8a5b-15c0f4627f39-SegmentedRaftLogWorker:Storage Directory /workdir/hadoop-ozone/ozonefs/target/test-dir/MiniOzoneClusterImpl-fdcb41f5-4f3a-4aa8-8a5f-fd4c24aaf455/datanode-0/data/ratis/4570f3aa-223a-4178-9981-a75211e8fdef: created new log segment /workdir/hadoop-ozone/ozonefs/target/test-dir/MiniOzoneClusterImpl-fdcb41f5-4f3a-4aa8-8a5f-fd4c24aaf455/datanode-0/data/ratis/4570f3aa-223a-4178-9981-a75211e8fdef/current/log_inprogress_0
2019-09-12 11:42:35,750 [Thread-1252] INFO  impl.FollowerState (FollowerState.java:run(106)) - 79dd4a67-b0bc-4c7d-8a5b-15c0f4627f39:group-291434862A17 changes to CANDIDATE, lastRpcTime:5048, electionTimeout:5048ms
2019-09-12 11:42:35,750 [Thread-1252] INFO  impl.RoleInfo (RoleInfo.java:shutdownFollowerState(121)) - 79dd4a67-b0bc-4c7d-8a5b-15c0f4627f39: shutdown FollowerState
2019-09-12 11:42:35,751 [Thread-1252] INFO  impl.RaftServerImpl (RaftServerImpl.java:setRole(171)) - 79dd4a67-b0bc-4c7d-8a5b-15c0f4627f39:group-291434862A17 changes role from FOLLOWER to CANDIDATE at term 0 for changeToCandidate
2019-09-12 11:42:35,751 [Thread-1252] INFO  impl.RoleInfo (RoleInfo.java:updateAndGet(143)) - 79dd4a67-b0bc-4c7d-8a5b-15c0f4627f39: start LeaderElection
2019-09-12 11:42:35,755 [79dd4a67-b0bc-4c7d-8a5b-15c0f4627f39:group-291434862A17:LeaderElection75] INFO  impl.LeaderElection (LeaderElection.java:askForVotes(181)) - 79dd4a67-b0bc-4c7d-8a5b-15c0f4627f39:group-291434862A17:LeaderElection75: begin an election at term 1 for -1: [79dd4a67-b0bc-4c7d-8a5b-15c0f4627f39:192.168.157.195:34031], old=null
2019-09-12 11:42:35,755 [79dd4a67-b0bc-4c7d-8a5b-15c0f4627f39:group-291434862A17:LeaderElection75] INFO  impl.RoleInfo (RoleInfo.java:shutdownLeaderElection(134)) - 79dd4a67-b0bc-4c7d-8a5b-15c0f4627f39: shutdown LeaderElection
2019-09-12 11:42:35,755 [79dd4a67-b0bc-4c7d-8a5b-15c0f4627f39:group-291434862A17:LeaderElection75] INFO  impl.RaftServerImpl (RaftServerImpl.java:setRole(171)) - 79dd4a67-b0bc-4c7d-8a5b-15c0f4627f39:group-291434862A17 changes role from CANDIDATE to LEADER at term 1 for changeToLeader
2019-09-12 11:42:35,755 [79dd4a67-b0bc-4c7d-8a5b-15c0f4627f39:group-291434862A17:LeaderElection75] INFO  impl.RaftServerImpl (ServerState.java:setLeader(263)) - 79dd4a67-b0bc-4c7d-8a5b-15c0f4627f39:group-291434862A17 change Leader from null to 79dd4a67-b0bc-4c7d-8a5b-15c0f4627f39 at term 1 for becomeLeader, leader elected after 5057ms
2019-09-12 11:42:35,755 [79dd4a67-b0bc-4c7d-8a5b-15c0f4627f39:group-291434862A17:LeaderElection75] INFO  server.RaftServerConfigKeys (ConfUtils.java:logGet(43)) - raft.server.staging.catchup.gap = 1000 (default)
2019-09-12 11:42:35,755 [79dd4a67-b0bc-4c7d-8a5b-15c0f4627f39:group-291434862A17:LeaderElection75] INFO  server.RaftServerConfigKeys (ConfUtils.java:logGet(43)) - raft.server.rpc.sleep.time = 25ms (default)
2019-09-12 11:42:35,756 [79dd4a67-b0bc-4c7d-8a5b-15c0f4627f39:group-291434862A17:LeaderElection75] INFO  server.RaftServerConfigKeys (ConfUtils.java:logGet(43)) - raft.server.write.element-limit = 4096 (default)
2019-09-12 11:42:35,756 [79dd4a67-b0bc-4c7d-8a5b-15c0f4627f39:group-291434862A17:LeaderElection75] INFO  server.RaftServerConfigKeys (ConfUtils.java:logGet(43)) - raft.server.watch.timeout = 10s (default)
2019-09-12 11:42:35,756 [79dd4a67-b0bc-4c7d-8a5b-15c0f4627f39:group-291434862A17:LeaderElection75] INFO  server.RaftServerConfigKeys (ConfUtils.java:logGet(43)) - raft.server.watch.timeout.denomination = 1s (default)
2019-09-12 11:42:35,756 [79dd4a67-b0bc-4c7d-8a5b-15c0f4627f39:group-291434862A17:LeaderElection75] INFO  server.RaftServerConfigKeys (ConfUtils.java:logGet(43)) - raft.server.watch.element-limit = 65536 (default)
2019-09-12 11:42:35,756 [79dd4a67-b0bc-4c7d-8a5b-15c0f4627f39:group-291434862A17:LeaderElection75] INFO  impl.RoleInfo (RoleInfo.java:updateAndGet(143)) - 79dd4a67-b0bc-4c7d-8a5b-15c0f4627f39: start LeaderState
2019-09-12 11:42:35,757 [79dd4a67-b0bc-4c7d-8a5b-15c0f4627f39:group-291434862A17:LeaderElection75] INFO  segmented.SegmentedRaftLogWorker (SegmentedRaftLogWorker.java:startLogSegment(380)) - 79dd4a67-b0bc-4c7d-8a5b-15c0f4627f39-SegmentedRaftLogWorker:Storage Directory /workdir/hadoop-ozone/ozonefs/target/test-dir/MiniOzoneClusterImpl-fdcb41f5-4f3a-4aa8-8a5f-fd4c24aaf455/datanode-0/data/ratis/2af98a91-d1f9-4e9d-b93b-291434862a17: Starting segment from index:0
2019-09-12 11:42:35,757 [79dd4a67-b0bc-4c7d-8a5b-15c0f4627f39:group-291434862A17:LeaderElection75] INFO  impl.RaftServerImpl (ServerState.java:setRaftConf(361)) - 79dd4a67-b0bc-4c7d-8a5b-15c0f4627f39:group-291434862A17 set configuration 0: [79dd4a67-b0bc-4c7d-8a5b-15c0f4627f39:192.168.157.195:34031], old=null at 0
2019-09-12 11:42:35,806 [Thread-1258] INFO  impl.FollowerState (FollowerState.java:run(106)) - 79dd4a67-b0bc-4c7d-8a5b-15c0f4627f39:group-2A9DFCED1A4C changes to CANDIDATE, lastRpcTime:5028, electionTimeout:5028ms
2019-09-12 11:42:35,806 [Thread-1258] INFO  impl.RoleInfo (RoleInfo.java:shutdownFollowerState(121)) - 79dd4a67-b0bc-4c7d-8a5b-15c0f4627f39: shutdown FollowerState
2019-09-12 11:42:35,806 [Thread-1258] INFO  impl.RaftServerImpl (RaftServerImpl.java:setRole(171)) - 79dd4a67-b0bc-4c7d-8a5b-15c0f4627f39:group-2A9DFCED1A4C changes role from FOLLOWER to CANDIDATE at term 0 for changeToCandidate
2019-09-12 11:42:35,806 [Thread-1258] INFO  impl.RoleInfo (RoleInfo.java:updateAndGet(143)) - 79dd4a67-b0bc-4c7d-8a5b-15c0f4627f39: start LeaderElection
2019-09-12 11:42:35,808 [79dd4a67-b0bc-4c7d-8a5b-15c0f4627f39-SegmentedRaftLogWorker:Storage Directory /workdir/hadoop-ozone/ozonefs/target/test-dir/MiniOzoneClusterImpl-fdcb41f5-4f3a-4aa8-8a5f-fd4c24aaf455/datanode-0/data/ratis/2af98a91-d1f9-4e9d-b93b-291434862a17] INFO  segmented.SegmentedRaftLogWorker (SegmentedRaftLogWorker.java:execute(569)) - 79dd4a67-b0bc-4c7d-8a5b-15c0f4627f39-SegmentedRaftLogWorker:Storage Directory /workdir/hadoop-ozone/ozonefs/target/test-dir/MiniOzoneClusterImpl-fdcb41f5-4f3a-4aa8-8a5f-fd4c24aaf455/datanode-0/data/ratis/2af98a91-d1f9-4e9d-b93b-291434862a17: created new log segment /workdir/hadoop-ozone/ozonefs/target/test-dir/MiniOzoneClusterImpl-fdcb41f5-4f3a-4aa8-8a5f-fd4c24aaf455/datanode-0/data/ratis/2af98a91-d1f9-4e9d-b93b-291434862a17/current/log_inprogress_0
2019-09-12 11:42:35,821 [79dd4a67-b0bc-4c7d-8a5b-15c0f4627f39:group-2A9DFCED1A4C:LeaderElection76] INFO  impl.LeaderElection (LeaderElection.java:askForVotes(181)) - 79dd4a67-b0bc-4c7d-8a5b-15c0f4627f39:group-2A9DFCED1A4C:LeaderElection76: begin an election at term 1 for -1: [79dd4a67-b0bc-4c7d-8a5b-15c0f4627f39:192.168.157.195:34031], old=null
2019-09-12 11:42:35,821 [79dd4a67-b0bc-4c7d-8a5b-15c0f4627f39:group-2A9DFCED1A4C:LeaderElection76] INFO  impl.RoleInfo (RoleInfo.java:shutdownLeaderElection(134)) - 79dd4a67-b0bc-4c7d-8a5b-15c0f4627f39: shutdown LeaderElection
2019-09-12 11:42:35,821 [79dd4a67-b0bc-4c7d-8a5b-15c0f4627f39:group-2A9DFCED1A4C:LeaderElection76] INFO  impl.RaftServerImpl (RaftServerImpl.java:setRole(171)) - 79dd4a67-b0bc-4c7d-8a5b-15c0f4627f39:group-2A9DFCED1A4C changes role from CANDIDATE to LEADER at term 1 for changeToLeader
2019-09-12 11:42:35,821 [79dd4a67-b0bc-4c7d-8a5b-15c0f4627f39:group-2A9DFCED1A4C:LeaderElection76] INFO  impl.RaftServerImpl (ServerState.java:setLeader(263)) - 79dd4a67-b0bc-4c7d-8a5b-15c0f4627f39:group-2A9DFCED1A4C change Leader from null to 79dd4a67-b0bc-4c7d-8a5b-15c0f4627f39 at term 1 for becomeLeader, leader elected after 5049ms
2019-09-12 11:42:35,822 [79dd4a67-b0bc-4c7d-8a5b-15c0f4627f39:group-2A9DFCED1A4C:LeaderElection76] INFO  server.RaftServerConfigKeys (ConfUtils.java:logGet(43)) - raft.server.staging.catchup.gap = 1000 (default)
2019-09-12 11:42:35,822 [79dd4a67-b0bc-4c7d-8a5b-15c0f4627f39:group-2A9DFCED1A4C:LeaderElection76] INFO  server.RaftServerConfigKeys (ConfUtils.java:logGet(43)) - raft.server.rpc.sleep.time = 25ms (default)
2019-09-12 11:42:35,822 [79dd4a67-b0bc-4c7d-8a5b-15c0f4627f39:group-2A9DFCED1A4C:LeaderElection76] INFO  server.RaftServerConfigKeys (ConfUtils.java:logGet(43)) - raft.server.write.element-limit = 4096 (default)
2019-09-12 11:42:35,822 [79dd4a67-b0bc-4c7d-8a5b-15c0f4627f39:group-2A9DFCED1A4C:LeaderElection76] INFO  server.RaftServerConfigKeys (ConfUtils.java:logGet(43)) - raft.server.watch.timeout = 10s (default)
2019-09-12 11:42:35,822 [79dd4a67-b0bc-4c7d-8a5b-15c0f4627f39:group-2A9DFCED1A4C:LeaderElection76] INFO  server.RaftServerConfigKeys (ConfUtils.java:logGet(43)) - raft.server.watch.timeout.denomination = 1s (default)
2019-09-12 11:42:35,822 [79dd4a67-b0bc-4c7d-8a5b-15c0f4627f39:group-2A9DFCED1A4C:LeaderElection76] INFO  server.RaftServerConfigKeys (ConfUtils.java:logGet(43)) - raft.server.watch.element-limit = 65536 (default)
2019-09-12 11:42:35,823 [79dd4a67-b0bc-4c7d-8a5b-15c0f4627f39:group-2A9DFCED1A4C:LeaderElection76] INFO  impl.RoleInfo (RoleInfo.java:updateAndGet(143)) - 79dd4a67-b0bc-4c7d-8a5b-15c0f4627f39: start LeaderState
2019-09-12 11:42:35,823 [79dd4a67-b0bc-4c7d-8a5b-15c0f4627f39:group-2A9DFCED1A4C:LeaderElection76] INFO  segmented.SegmentedRaftLogWorker (SegmentedRaftLogWorker.java:startLogSegment(380)) - 79dd4a67-b0bc-4c7d-8a5b-15c0f4627f39-SegmentedRaftLogWorker:Storage Directory /workdir/hadoop-ozone/ozonefs/target/test-dir/MiniOzoneClusterImpl-fdcb41f5-4f3a-4aa8-8a5f-fd4c24aaf455/datanode-0/data/ratis/125f228e-1d76-4627-8d6c-2a9dfced1a4c: Starting segment from index:0
2019-09-12 11:42:35,823 [79dd4a67-b0bc-4c7d-8a5b-15c0f4627f39:group-2A9DFCED1A4C:LeaderElection76] INFO  impl.RaftServerImpl (ServerState.java:setRaftConf(361)) - 79dd4a67-b0bc-4c7d-8a5b-15c0f4627f39:group-2A9DFCED1A4C set configuration 0: [79dd4a67-b0bc-4c7d-8a5b-15c0f4627f39:192.168.157.195:34031], old=null at 0
2019-09-12 11:42:35,829 [Thread-1264] INFO  impl.FollowerState (FollowerState.java:run(106)) - 0125f011-55c1-4065-977c-843a08f08196:group-C04AEEE52AAD changes to CANDIDATE, lastRpcTime:5001, electionTimeout:5001ms
2019-09-12 11:42:35,829 [Thread-1264] INFO  impl.RoleInfo (RoleInfo.java:shutdownFollowerState(121)) - 0125f011-55c1-4065-977c-843a08f08196: shutdown FollowerState
2019-09-12 11:42:35,829 [Thread-1264] INFO  impl.RaftServerImpl (RaftServerImpl.java:setRole(171)) - 0125f011-55c1-4065-977c-843a08f08196:group-C04AEEE52AAD changes role from FOLLOWER to CANDIDATE at term 0 for changeToCandidate
2019-09-12 11:42:35,830 [Thread-1264] INFO  impl.RoleInfo (RoleInfo.java:updateAndGet(143)) - 0125f011-55c1-4065-977c-843a08f08196: start LeaderElection
2019-09-12 11:42:35,838 [Thread-1261] INFO  impl.FollowerState (FollowerState.java:run(106)) - 79dd4a67-b0bc-4c7d-8a5b-15c0f4627f39:group-26BB09185567 changes to CANDIDATE, lastRpcTime:5037, electionTimeout:5037ms
2019-09-12 11:42:35,838 [Thread-1261] INFO  impl.RoleInfo (RoleInfo.java:shutdownFollowerState(121)) - 79dd4a67-b0bc-4c7d-8a5b-15c0f4627f39: shutdown FollowerState
2019-09-12 11:42:35,838 [Thread-1261] INFO  impl.RaftServerImpl (RaftServerImpl.java:setRole(171)) - 79dd4a67-b0bc-4c7d-8a5b-15c0f4627f39:group-26BB09185567 changes role from FOLLOWER to CANDIDATE at term 0 for changeToCandidate
2019-09-12 11:42:35,838 [Thread-1261] INFO  impl.RoleInfo (RoleInfo.java:updateAndGet(143)) - 79dd4a67-b0bc-4c7d-8a5b-15c0f4627f39: start LeaderElection
2019-09-12 11:42:35,842 [0125f011-55c1-4065-977c-843a08f08196:group-C04AEEE52AAD:LeaderElection77] INFO  impl.LeaderElection (LeaderElection.java:askForVotes(181)) - 0125f011-55c1-4065-977c-843a08f08196:group-C04AEEE52AAD:LeaderElection77: begin an election at term 1 for -1: [0125f011-55c1-4065-977c-843a08f08196:192.168.157.195:45066], old=null
2019-09-12 11:42:35,842 [79dd4a67-b0bc-4c7d-8a5b-15c0f4627f39:group-26BB09185567:LeaderElection78] INFO  impl.LeaderElection (LeaderElection.java:askForVotes(181)) - 79dd4a67-b0bc-4c7d-8a5b-15c0f4627f39:group-26BB09185567:LeaderElection78: begin an election at term 1 for -1: [79dd4a67-b0bc-4c7d-8a5b-15c0f4627f39:192.168.157.195:34031], old=null
2019-09-12 11:42:35,842 [0125f011-55c1-4065-977c-843a08f08196:group-C04AEEE52AAD:LeaderElection77] INFO  impl.RoleInfo (RoleInfo.java:shutdownLeaderElection(134)) - 0125f011-55c1-4065-977c-843a08f08196: shutdown LeaderElection
2019-09-12 11:42:35,842 [79dd4a67-b0bc-4c7d-8a5b-15c0f4627f39:group-26BB09185567:LeaderElection78] INFO  impl.RoleInfo (RoleInfo.java:shutdownLeaderElection(134)) - 79dd4a67-b0bc-4c7d-8a5b-15c0f4627f39: shutdown LeaderElection
2019-09-12 11:42:35,843 [0125f011-55c1-4065-977c-843a08f08196:group-C04AEEE52AAD:LeaderElection77] INFO  impl.RaftServerImpl (RaftServerImpl.java:setRole(171)) - 0125f011-55c1-4065-977c-843a08f08196:group-C04AEEE52AAD changes role from CANDIDATE to LEADER at term 1 for changeToLeader
2019-09-12 11:42:35,843 [79dd4a67-b0bc-4c7d-8a5b-15c0f4627f39:group-26BB09185567:LeaderElection78] INFO  impl.RaftServerImpl (RaftServerImpl.java:setRole(171)) - 79dd4a67-b0bc-4c7d-8a5b-15c0f4627f39:group-26BB09185567 changes role from CANDIDATE to LEADER at term 1 for changeToLeader
2019-09-12 11:42:35,843 [0125f011-55c1-4065-977c-843a08f08196:group-C04AEEE52AAD:LeaderElection77] INFO  impl.RaftServerImpl (ServerState.java:setLeader(263)) - 0125f011-55c1-4065-977c-843a08f08196:group-C04AEEE52AAD change Leader from null to 0125f011-55c1-4065-977c-843a08f08196 at term 1 for becomeLeader, leader elected after 5018ms
2019-09-12 11:42:35,843 [79dd4a67-b0bc-4c7d-8a5b-15c0f4627f39:group-26BB09185567:LeaderElection78] INFO  impl.RaftServerImpl (ServerState.java:setLeader(263)) - 79dd4a67-b0bc-4c7d-8a5b-15c0f4627f39:group-26BB09185567 change Leader from null to 79dd4a67-b0bc-4c7d-8a5b-15c0f4627f39 at term 1 for becomeLeader, leader elected after 5046ms
2019-09-12 11:42:35,843 [0125f011-55c1-4065-977c-843a08f08196:group-C04AEEE52AAD:LeaderElection77] INFO  server.RaftServerConfigKeys (ConfUtils.java:logGet(43)) - raft.server.staging.catchup.gap = 1000 (default)
2019-09-12 11:42:35,843 [79dd4a67-b0bc-4c7d-8a5b-15c0f4627f39:group-26BB09185567:LeaderElection78] INFO  server.RaftServerConfigKeys (ConfUtils.java:logGet(43)) - raft.server.staging.catchup.gap = 1000 (default)
2019-09-12 11:42:35,843 [0125f011-55c1-4065-977c-843a08f08196:group-C04AEEE52AAD:LeaderElection77] INFO  server.RaftServerConfigKeys (ConfUtils.java:logGet(43)) - raft.server.rpc.sleep.time = 25ms (default)
2019-09-12 11:42:35,843 [79dd4a67-b0bc-4c7d-8a5b-15c0f4627f39:group-26BB09185567:LeaderElection78] INFO  server.RaftServerConfigKeys (ConfUtils.java:logGet(43)) - raft.server.rpc.sleep.time = 25ms (default)
2019-09-12 11:42:35,843 [0125f011-55c1-4065-977c-843a08f08196:group-C04AEEE52AAD:LeaderElection77] INFO  server.RaftServerConfigKeys (ConfUtils.java:logGet(43)) - raft.server.write.element-limit = 4096 (default)
2019-09-12 11:42:35,844 [79dd4a67-b0bc-4c7d-8a5b-15c0f4627f39:group-26BB09185567:LeaderElection78] INFO  server.RaftServerConfigKeys (ConfUtils.java:logGet(43)) - raft.server.write.element-limit = 4096 (default)
2019-09-12 11:42:35,844 [0125f011-55c1-4065-977c-843a08f08196:group-C04AEEE52AAD:LeaderElection77] INFO  server.RaftServerConfigKeys (ConfUtils.java:logGet(43)) - raft.server.watch.timeout = 10s (default)
2019-09-12 11:42:35,844 [79dd4a67-b0bc-4c7d-8a5b-15c0f4627f39:group-26BB09185567:LeaderElection78] INFO  server.RaftServerConfigKeys (ConfUtils.java:logGet(43)) - raft.server.watch.timeout = 10s (default)
2019-09-12 11:42:35,844 [0125f011-55c1-4065-977c-843a08f08196:group-C04AEEE52AAD:LeaderElection77] INFO  server.RaftServerConfigKeys (ConfUtils.java:logGet(43)) - raft.server.watch.timeout.denomination = 1s (default)
2019-09-12 11:42:35,844 [79dd4a67-b0bc-4c7d-8a5b-15c0f4627f39:group-26BB09185567:LeaderElection78] INFO  server.RaftServerConfigKeys (ConfUtils.java:logGet(43)) - raft.server.watch.timeout.denomination = 1s (default)
2019-09-12 11:42:35,844 [0125f011-55c1-4065-977c-843a08f08196:group-C04AEEE52AAD:LeaderElection77] INFO  server.RaftServerConfigKeys (ConfUtils.java:logGet(43)) - raft.server.watch.element-limit = 65536 (default)
2019-09-12 11:42:35,844 [79dd4a67-b0bc-4c7d-8a5b-15c0f4627f39:group-26BB09185567:LeaderElection78] INFO  server.RaftServerConfigKeys (ConfUtils.java:logGet(43)) - raft.server.watch.element-limit = 65536 (default)
2019-09-12 11:42:35,844 [0125f011-55c1-4065-977c-843a08f08196:group-C04AEEE52AAD:LeaderElection77] INFO  impl.RoleInfo (RoleInfo.java:updateAndGet(143)) - 0125f011-55c1-4065-977c-843a08f08196: start LeaderState
2019-09-12 11:42:35,845 [79dd4a67-b0bc-4c7d-8a5b-15c0f4627f39:group-26BB09185567:LeaderElection78] INFO  impl.RoleInfo (RoleInfo.java:updateAndGet(143)) - 79dd4a67-b0bc-4c7d-8a5b-15c0f4627f39: start LeaderState
2019-09-12 11:42:35,845 [0125f011-55c1-4065-977c-843a08f08196:group-C04AEEE52AAD:LeaderElection77] INFO  segmented.SegmentedRaftLogWorker (SegmentedRaftLogWorker.java:startLogSegment(380)) - 0125f011-55c1-4065-977c-843a08f08196-SegmentedRaftLogWorker:Storage Directory /workdir/hadoop-ozone/ozonefs/target/test-dir/MiniOzoneClusterImpl-fdcb41f5-4f3a-4aa8-8a5f-fd4c24aaf455/datanode-1/data/ratis/ef8ad3d0-4027-4d2d-94ea-c04aeee52aad: Starting segment from index:0
2019-09-12 11:42:35,845 [79dd4a67-b0bc-4c7d-8a5b-15c0f4627f39:group-26BB09185567:LeaderElection78] INFO  segmented.SegmentedRaftLogWorker (SegmentedRaftLogWorker.java:startLogSegment(380)) - 79dd4a67-b0bc-4c7d-8a5b-15c0f4627f39-SegmentedRaftLogWorker:Storage Directory /workdir/hadoop-ozone/ozonefs/target/test-dir/MiniOzoneClusterImpl-fdcb41f5-4f3a-4aa8-8a5f-fd4c24aaf455/datanode-0/data/ratis/2f3988e6-ab03-4977-b1f2-26bb09185567: Starting segment from index:0
2019-09-12 11:42:35,845 [0125f011-55c1-4065-977c-843a08f08196:group-C04AEEE52AAD:LeaderElection77] INFO  impl.RaftServerImpl (ServerState.java:setRaftConf(361)) - 0125f011-55c1-4065-977c-843a08f08196:group-C04AEEE52AAD set configuration 0: [0125f011-55c1-4065-977c-843a08f08196:192.168.157.195:45066], old=null at 0
2019-09-12 11:42:35,845 [79dd4a67-b0bc-4c7d-8a5b-15c0f4627f39:group-26BB09185567:LeaderElection78] INFO  impl.RaftServerImpl (ServerState.java:setRaftConf(361)) - 79dd4a67-b0bc-4c7d-8a5b-15c0f4627f39:group-26BB09185567 set configuration 0: [79dd4a67-b0bc-4c7d-8a5b-15c0f4627f39:192.168.157.195:34031], old=null at 0
2019-09-12 11:42:35,848 [Thread-1255] INFO  impl.FollowerState (FollowerState.java:run(106)) - 79dd4a67-b0bc-4c7d-8a5b-15c0f4627f39:group-11AE2632F4E5 changes to CANDIDATE, lastRpcTime:5103, electionTimeout:5103ms
2019-09-12 11:42:35,848 [Thread-1255] INFO  impl.RoleInfo (RoleInfo.java:shutdownFollowerState(121)) - 79dd4a67-b0bc-4c7d-8a5b-15c0f4627f39: shutdown FollowerState
2019-09-12 11:42:35,848 [Thread-1255] INFO  impl.RaftServerImpl (RaftServerImpl.java:setRole(171)) - 79dd4a67-b0bc-4c7d-8a5b-15c0f4627f39:group-11AE2632F4E5 changes role from FOLLOWER to CANDIDATE at term 0 for changeToCandidate
2019-09-12 11:42:35,848 [Thread-1255] INFO  impl.RoleInfo (RoleInfo.java:updateAndGet(143)) - 79dd4a67-b0bc-4c7d-8a5b-15c0f4627f39: start LeaderElection
2019-09-12 11:42:35,852 [79dd4a67-b0bc-4c7d-8a5b-15c0f4627f39:group-11AE2632F4E5:LeaderElection79] INFO  impl.LeaderElection (LeaderElection.java:askForVotes(181)) - 79dd4a67-b0bc-4c7d-8a5b-15c0f4627f39:group-11AE2632F4E5:LeaderElection79: begin an election at term 1 for -1: [79dd4a67-b0bc-4c7d-8a5b-15c0f4627f39:192.168.157.195:34031], old=null
2019-09-12 11:42:35,853 [79dd4a67-b0bc-4c7d-8a5b-15c0f4627f39:group-11AE2632F4E5:LeaderElection79] INFO  impl.RoleInfo (RoleInfo.java:shutdownLeaderElection(134)) - 79dd4a67-b0bc-4c7d-8a5b-15c0f4627f39: shutdown LeaderElection
2019-09-12 11:42:35,853 [79dd4a67-b0bc-4c7d-8a5b-15c0f4627f39:group-11AE2632F4E5:LeaderElection79] INFO  impl.RaftServerImpl (RaftServerImpl.java:setRole(171)) - 79dd4a67-b0bc-4c7d-8a5b-15c0f4627f39:group-11AE2632F4E5 changes role from CANDIDATE to LEADER at term 1 for changeToLeader
2019-09-12 11:42:35,853 [79dd4a67-b0bc-4c7d-8a5b-15c0f4627f39:group-11AE2632F4E5:LeaderElection79] INFO  impl.RaftServerImpl (ServerState.java:setLeader(263)) - 79dd4a67-b0bc-4c7d-8a5b-15c0f4627f39:group-11AE2632F4E5 change Leader from null to 79dd4a67-b0bc-4c7d-8a5b-15c0f4627f39 at term 1 for becomeLeader, leader elected after 5112ms
2019-09-12 11:42:35,853 [79dd4a67-b0bc-4c7d-8a5b-15c0f4627f39:group-11AE2632F4E5:LeaderElection79] INFO  server.RaftServerConfigKeys (ConfUtils.java:logGet(43)) - raft.server.staging.catchup.gap = 1000 (default)
2019-09-12 11:42:35,853 [79dd4a67-b0bc-4c7d-8a5b-15c0f4627f39:group-11AE2632F4E5:LeaderElection79] INFO  server.RaftServerConfigKeys (ConfUtils.java:logGet(43)) - raft.server.rpc.sleep.time = 25ms (default)
2019-09-12 11:42:35,853 [79dd4a67-b0bc-4c7d-8a5b-15c0f4627f39:group-11AE2632F4E5:LeaderElection79] INFO  server.RaftServerConfigKeys (ConfUtils.java:logGet(43)) - raft.server.write.element-limit = 4096 (default)
2019-09-12 11:42:35,854 [79dd4a67-b0bc-4c7d-8a5b-15c0f4627f39:group-11AE2632F4E5:LeaderElection79] INFO  server.RaftServerConfigKeys (ConfUtils.java:logGet(43)) - raft.server.watch.timeout = 10s (default)
2019-09-12 11:42:35,854 [79dd4a67-b0bc-4c7d-8a5b-15c0f4627f39:group-11AE2632F4E5:LeaderElection79] INFO  server.RaftServerConfigKeys (ConfUtils.java:logGet(43)) - raft.server.watch.timeout.denomination = 1s (default)
2019-09-12 11:42:35,854 [79dd4a67-b0bc-4c7d-8a5b-15c0f4627f39:group-11AE2632F4E5:LeaderElection79] INFO  server.RaftServerConfigKeys (ConfUtils.java:logGet(43)) - raft.server.watch.element-limit = 65536 (default)
2019-09-12 11:42:35,854 [79dd4a67-b0bc-4c7d-8a5b-15c0f4627f39:group-11AE2632F4E5:LeaderElection79] INFO  impl.RoleInfo (RoleInfo.java:updateAndGet(143)) - 79dd4a67-b0bc-4c7d-8a5b-15c0f4627f39: start LeaderState
2019-09-12 11:42:35,854 [79dd4a67-b0bc-4c7d-8a5b-15c0f4627f39:group-11AE2632F4E5:LeaderElection79] INFO  segmented.SegmentedRaftLogWorker (SegmentedRaftLogWorker.java:startLogSegment(380)) - 79dd4a67-b0bc-4c7d-8a5b-15c0f4627f39-SegmentedRaftLogWorker:Storage Directory /workdir/hadoop-ozone/ozonefs/target/test-dir/MiniOzoneClusterImpl-fdcb41f5-4f3a-4aa8-8a5f-fd4c24aaf455/datanode-0/data/ratis/ab7316b3-469f-439b-b2a4-11ae2632f4e5: Starting segment from index:0
2019-09-12 11:42:35,855 [79dd4a67-b0bc-4c7d-8a5b-15c0f4627f39:group-11AE2632F4E5:LeaderElection79] INFO  impl.RaftServerImpl (ServerState.java:setRaftConf(361)) - 79dd4a67-b0bc-4c7d-8a5b-15c0f4627f39:group-11AE2632F4E5 set configuration 0: [79dd4a67-b0bc-4c7d-8a5b-15c0f4627f39:192.168.157.195:34031], old=null at 0
2019-09-12 11:42:35,869 [79dd4a67-b0bc-4c7d-8a5b-15c0f4627f39-SegmentedRaftLogWorker:Storage Directory /workdir/hadoop-ozone/ozonefs/target/test-dir/MiniOzoneClusterImpl-fdcb41f5-4f3a-4aa8-8a5f-fd4c24aaf455/datanode-0/data/ratis/125f228e-1d76-4627-8d6c-2a9dfced1a4c] INFO  segmented.SegmentedRaftLogWorker (SegmentedRaftLogWorker.java:execute(569)) - 79dd4a67-b0bc-4c7d-8a5b-15c0f4627f39-SegmentedRaftLogWorker:Storage Directory /workdir/hadoop-ozone/ozonefs/target/test-dir/MiniOzoneClusterImpl-fdcb41f5-4f3a-4aa8-8a5f-fd4c24aaf455/datanode-0/data/ratis/125f228e-1d76-4627-8d6c-2a9dfced1a4c: created new log segment /workdir/hadoop-ozone/ozonefs/target/test-dir/MiniOzoneClusterImpl-fdcb41f5-4f3a-4aa8-8a5f-fd4c24aaf455/datanode-0/data/ratis/125f228e-1d76-4627-8d6c-2a9dfced1a4c/current/log_inprogress_0
2019-09-12 11:42:35,890 [79dd4a67-b0bc-4c7d-8a5b-15c0f4627f39-SegmentedRaftLogWorker:Storage Directory /workdir/hadoop-ozone/ozonefs/target/test-dir/MiniOzoneClusterImpl-fdcb41f5-4f3a-4aa8-8a5f-fd4c24aaf455/datanode-0/data/ratis/2f3988e6-ab03-4977-b1f2-26bb09185567] INFO  segmented.SegmentedRaftLogWorker (SegmentedRaftLogWorker.java:execute(569)) - 79dd4a67-b0bc-4c7d-8a5b-15c0f4627f39-SegmentedRaftLogWorker:Storage Directory /workdir/hadoop-ozone/ozonefs/target/test-dir/MiniOzoneClusterImpl-fdcb41f5-4f3a-4aa8-8a5f-fd4c24aaf455/datanode-0/data/ratis/2f3988e6-ab03-4977-b1f2-26bb09185567: created new log segment /workdir/hadoop-ozone/ozonefs/target/test-dir/MiniOzoneClusterImpl-fdcb41f5-4f3a-4aa8-8a5f-fd4c24aaf455/datanode-0/data/ratis/2f3988e6-ab03-4977-b1f2-26bb09185567/current/log_inprogress_0
2019-09-12 11:42:35,890 [0125f011-55c1-4065-977c-843a08f08196-SegmentedRaftLogWorker:Storage Directory /workdir/hadoop-ozone/ozonefs/target/test-dir/MiniOzoneClusterImpl-fdcb41f5-4f3a-4aa8-8a5f-fd4c24aaf455/datanode-1/data/ratis/ef8ad3d0-4027-4d2d-94ea-c04aeee52aad] INFO  segmented.SegmentedRaftLogWorker (SegmentedRaftLogWorker.java:execute(569)) - 0125f011-55c1-4065-977c-843a08f08196-SegmentedRaftLogWorker:Storage Directory /workdir/hadoop-ozone/ozonefs/target/test-dir/MiniOzoneClusterImpl-fdcb41f5-4f3a-4aa8-8a5f-fd4c24aaf455/datanode-1/data/ratis/ef8ad3d0-4027-4d2d-94ea-c04aeee52aad: created new log segment /workdir/hadoop-ozone/ozonefs/target/test-dir/MiniOzoneClusterImpl-fdcb41f5-4f3a-4aa8-8a5f-fd4c24aaf455/datanode-1/data/ratis/ef8ad3d0-4027-4d2d-94ea-c04aeee52aad/current/log_inprogress_0
2019-09-12 11:42:35,892 [79dd4a67-b0bc-4c7d-8a5b-15c0f4627f39-SegmentedRaftLogWorker:Storage Directory /workdir/hadoop-ozone/ozonefs/target/test-dir/MiniOzoneClusterImpl-fdcb41f5-4f3a-4aa8-8a5f-fd4c24aaf455/datanode-0/data/ratis/ab7316b3-469f-439b-b2a4-11ae2632f4e5] INFO  segmented.SegmentedRaftLogWorker (SegmentedRaftLogWorker.java:execute(569)) - 79dd4a67-b0bc-4c7d-8a5b-15c0f4627f39-SegmentedRaftLogWorker:Storage Directory /workdir/hadoop-ozone/ozonefs/target/test-dir/MiniOzoneClusterImpl-fdcb41f5-4f3a-4aa8-8a5f-fd4c24aaf455/datanode-0/data/ratis/ab7316b3-469f-439b-b2a4-11ae2632f4e5: created new log segment /workdir/hadoop-ozone/ozonefs/target/test-dir/MiniOzoneClusterImpl-fdcb41f5-4f3a-4aa8-8a5f-fd4c24aaf455/datanode-0/data/ratis/ab7316b3-469f-439b-b2a4-11ae2632f4e5/current/log_inprogress_0
2019-09-12 11:42:35,979 [Thread-1270] INFO  impl.FollowerState (FollowerState.java:run(106)) - 0125f011-55c1-4065-977c-843a08f08196:group-20880C39E89B changes to CANDIDATE, lastRpcTime:5057, electionTimeout:5057ms
2019-09-12 11:42:35,979 [Thread-1270] INFO  impl.RoleInfo (RoleInfo.java:shutdownFollowerState(121)) - 0125f011-55c1-4065-977c-843a08f08196: shutdown FollowerState
2019-09-12 11:42:35,980 [Thread-1270] INFO  impl.RaftServerImpl (RaftServerImpl.java:setRole(171)) - 0125f011-55c1-4065-977c-843a08f08196:group-20880C39E89B changes role from FOLLOWER to CANDIDATE at term 0 for changeToCandidate
2019-09-12 11:42:35,980 [Thread-1270] INFO  impl.RoleInfo (RoleInfo.java:updateAndGet(143)) - 0125f011-55c1-4065-977c-843a08f08196: start LeaderElection
2019-09-12 11:42:35,993 [Thread-1267] INFO  impl.FollowerState (FollowerState.java:run(106)) - 0125f011-55c1-4065-977c-843a08f08196:group-3491F7A6FFA3 changes to CANDIDATE, lastRpcTime:5124, electionTimeout:5124ms
2019-09-12 11:42:35,993 [Thread-1267] INFO  impl.RoleInfo (RoleInfo.java:shutdownFollowerState(121)) - 0125f011-55c1-4065-977c-843a08f08196: shutdown FollowerState
2019-09-12 11:42:35,993 [Thread-1267] INFO  impl.RaftServerImpl (RaftServerImpl.java:setRole(171)) - 0125f011-55c1-4065-977c-843a08f08196:group-3491F7A6FFA3 changes role from FOLLOWER to CANDIDATE at term 0 for changeToCandidate
2019-09-12 11:42:35,993 [Thread-1267] INFO  impl.RoleInfo (RoleInfo.java:updateAndGet(143)) - 0125f011-55c1-4065-977c-843a08f08196: start LeaderElection
2019-09-12 11:42:35,994 [0125f011-55c1-4065-977c-843a08f08196:group-20880C39E89B:LeaderElection80] INFO  impl.LeaderElection (LeaderElection.java:askForVotes(181)) - 0125f011-55c1-4065-977c-843a08f08196:group-20880C39E89B:LeaderElection80: begin an election at term 1 for -1: [0125f011-55c1-4065-977c-843a08f08196:192.168.157.195:45066], old=null
2019-09-12 11:42:35,994 [0125f011-55c1-4065-977c-843a08f08196:group-20880C39E89B:LeaderElection80] INFO  impl.RoleInfo (RoleInfo.java:shutdownLeaderElection(134)) - 0125f011-55c1-4065-977c-843a08f08196: shutdown LeaderElection
2019-09-12 11:42:35,994 [0125f011-55c1-4065-977c-843a08f08196:group-20880C39E89B:LeaderElection80] INFO  impl.RaftServerImpl (RaftServerImpl.java:setRole(171)) - 0125f011-55c1-4065-977c-843a08f08196:group-20880C39E89B changes role from CANDIDATE to LEADER at term 1 for changeToLeader
2019-09-12 11:42:35,994 [0125f011-55c1-4065-977c-843a08f08196:group-20880C39E89B:LeaderElection80] INFO  impl.RaftServerImpl (ServerState.java:setLeader(263)) - 0125f011-55c1-4065-977c-843a08f08196:group-20880C39E89B change Leader from null to 0125f011-55c1-4065-977c-843a08f08196 at term 1 for becomeLeader, leader elected after 5075ms
2019-09-12 11:42:35,995 [0125f011-55c1-4065-977c-843a08f08196:group-20880C39E89B:LeaderElection80] INFO  server.RaftServerConfigKeys (ConfUtils.java:logGet(43)) - raft.server.staging.catchup.gap = 1000 (default)
2019-09-12 11:42:35,995 [0125f011-55c1-4065-977c-843a08f08196:group-20880C39E89B:LeaderElection80] INFO  server.RaftServerConfigKeys (ConfUtils.java:logGet(43)) - raft.server.rpc.sleep.time = 25ms (default)
2019-09-12 11:42:35,995 [0125f011-55c1-4065-977c-843a08f08196:group-20880C39E89B:LeaderElection80] INFO  server.RaftServerConfigKeys (ConfUtils.java:logGet(43)) - raft.server.write.element-limit = 4096 (default)
2019-09-12 11:42:35,995 [0125f011-55c1-4065-977c-843a08f08196:group-20880C39E89B:LeaderElection80] INFO  server.RaftServerConfigKeys (ConfUtils.java:logGet(43)) - raft.server.watch.timeout = 10s (default)
2019-09-12 11:42:35,995 [0125f011-55c1-4065-977c-843a08f08196:group-20880C39E89B:LeaderElection80] INFO  server.RaftServerConfigKeys (ConfUtils.java:logGet(43)) - raft.server.watch.timeout.denomination = 1s (default)
2019-09-12 11:42:35,995 [0125f011-55c1-4065-977c-843a08f08196:group-20880C39E89B:LeaderElection80] INFO  server.RaftServerConfigKeys (ConfUtils.java:logGet(43)) - raft.server.watch.element-limit = 65536 (default)
2019-09-12 11:42:35,996 [0125f011-55c1-4065-977c-843a08f08196:group-20880C39E89B:LeaderElection80] INFO  impl.RoleInfo (RoleInfo.java:updateAndGet(143)) - 0125f011-55c1-4065-977c-843a08f08196: start LeaderState
2019-09-12 11:42:35,996 [0125f011-55c1-4065-977c-843a08f08196:group-20880C39E89B:LeaderElection80] INFO  segmented.SegmentedRaftLogWorker (SegmentedRaftLogWorker.java:startLogSegment(380)) - 0125f011-55c1-4065-977c-843a08f08196-SegmentedRaftLogWorker:Storage Directory /workdir/hadoop-ozone/ozonefs/target/test-dir/MiniOzoneClusterImpl-fdcb41f5-4f3a-4aa8-8a5f-fd4c24aaf455/datanode-1/data/ratis/f0e7152a-8f72-4fcd-8f9d-20880c39e89b: Starting segment from index:0
2019-09-12 11:42:35,997 [0125f011-55c1-4065-977c-843a08f08196:group-20880C39E89B:LeaderElection80] INFO  impl.RaftServerImpl (ServerState.java:setRaftConf(361)) - 0125f011-55c1-4065-977c-843a08f08196:group-20880C39E89B set configuration 0: [0125f011-55c1-4065-977c-843a08f08196:192.168.157.195:45066], old=null at 0
2019-09-12 11:42:36,007 [0125f011-55c1-4065-977c-843a08f08196:group-3491F7A6FFA3:LeaderElection81] INFO  impl.LeaderElection (LeaderElection.java:askForVotes(181)) - 0125f011-55c1-4065-977c-843a08f08196:group-3491F7A6FFA3:LeaderElection81: begin an election at term 1 for -1: [0125f011-55c1-4065-977c-843a08f08196:192.168.157.195:45066], old=null
2019-09-12 11:42:36,007 [0125f011-55c1-4065-977c-843a08f08196:group-3491F7A6FFA3:LeaderElection81] INFO  impl.RoleInfo (RoleInfo.java:shutdownLeaderElection(134)) - 0125f011-55c1-4065-977c-843a08f08196: shutdown LeaderElection
2019-09-12 11:42:36,007 [0125f011-55c1-4065-977c-843a08f08196:group-3491F7A6FFA3:LeaderElection81] INFO  impl.RaftServerImpl (RaftServerImpl.java:setRole(171)) - 0125f011-55c1-4065-977c-843a08f08196:group-3491F7A6FFA3 changes role from CANDIDATE to LEADER at term 1 for changeToLeader
2019-09-12 11:42:36,007 [0125f011-55c1-4065-977c-843a08f08196:group-3491F7A6FFA3:LeaderElection81] INFO  impl.RaftServerImpl (ServerState.java:setLeader(263)) - 0125f011-55c1-4065-977c-843a08f08196:group-3491F7A6FFA3 change Leader from null to 0125f011-55c1-4065-977c-843a08f08196 at term 1 for becomeLeader, leader elected after 5142ms
2019-09-12 11:42:36,007 | INFO  | SCMAudit | user=jenkins1000 | ip=192.168.157.195 | op=SEND_HEARTBEAT {datanodeUUID=3e1721dd-7503-4079-878a-cd8da34f7a9a, command=[]} | ret=SUCCESS |  
2019-09-12 11:42:36,007 [0125f011-55c1-4065-977c-843a08f08196:group-3491F7A6FFA3:LeaderElection81] INFO  server.RaftServerConfigKeys (ConfUtils.java:logGet(43)) - raft.server.staging.catchup.gap = 1000 (default)
2019-09-12 11:42:36,007 [0125f011-55c1-4065-977c-843a08f08196:group-3491F7A6FFA3:LeaderElection81] INFO  server.RaftServerConfigKeys (ConfUtils.java:logGet(43)) - raft.server.rpc.sleep.time = 25ms (default)
2019-09-12 11:42:36,008 [0125f011-55c1-4065-977c-843a08f08196:group-3491F7A6FFA3:LeaderElection81] INFO  server.RaftServerConfigKeys (ConfUtils.java:logGet(43)) - raft.server.write.element-limit = 4096 (default)
2019-09-12 11:42:36,008 [0125f011-55c1-4065-977c-843a08f08196:group-3491F7A6FFA3:LeaderElection81] INFO  server.RaftServerConfigKeys (ConfUtils.java:logGet(43)) - raft.server.watch.timeout = 10s (default)
2019-09-12 11:42:36,008 [0125f011-55c1-4065-977c-843a08f08196:group-3491F7A6FFA3:LeaderElection81] INFO  server.RaftServerConfigKeys (ConfUtils.java:logGet(43)) - raft.server.watch.timeout.denomination = 1s (default)
2019-09-12 11:42:36,008 [0125f011-55c1-4065-977c-843a08f08196:group-3491F7A6FFA3:LeaderElection81] INFO  server.RaftServerConfigKeys (ConfUtils.java:logGet(43)) - raft.server.watch.element-limit = 65536 (default)
2019-09-12 11:42:36,008 [0125f011-55c1-4065-977c-843a08f08196:group-3491F7A6FFA3:LeaderElection81] INFO  impl.RoleInfo (RoleInfo.java:updateAndGet(143)) - 0125f011-55c1-4065-977c-843a08f08196: start LeaderState
2019-09-12 11:42:36,008 [0125f011-55c1-4065-977c-843a08f08196:group-3491F7A6FFA3:LeaderElection81] INFO  segmented.SegmentedRaftLogWorker (SegmentedRaftLogWorker.java:startLogSegment(380)) - 0125f011-55c1-4065-977c-843a08f08196-SegmentedRaftLogWorker:Storage Directory /workdir/hadoop-ozone/ozonefs/target/test-dir/MiniOzoneClusterImpl-fdcb41f5-4f3a-4aa8-8a5f-fd4c24aaf455/datanode-1/data/ratis/75208e7f-275a-492b-aeb3-3491f7a6ffa3: Starting segment from index:0
2019-09-12 11:42:36,009 [0125f011-55c1-4065-977c-843a08f08196:group-3491F7A6FFA3:LeaderElection81] INFO  impl.RaftServerImpl (ServerState.java:setRaftConf(361)) - 0125f011-55c1-4065-977c-843a08f08196:group-3491F7A6FFA3 set configuration 0: [0125f011-55c1-4065-977c-843a08f08196:192.168.157.195:45066], old=null at 0
2019-09-12 11:42:36,048 [0125f011-55c1-4065-977c-843a08f08196-SegmentedRaftLogWorker:Storage Directory /workdir/hadoop-ozone/ozonefs/target/test-dir/MiniOzoneClusterImpl-fdcb41f5-4f3a-4aa8-8a5f-fd4c24aaf455/datanode-1/data/ratis/f0e7152a-8f72-4fcd-8f9d-20880c39e89b] INFO  segmented.SegmentedRaftLogWorker (SegmentedRaftLogWorker.java:execute(569)) - 0125f011-55c1-4065-977c-843a08f08196-SegmentedRaftLogWorker:Storage Directory /workdir/hadoop-ozone/ozonefs/target/test-dir/MiniOzoneClusterImpl-fdcb41f5-4f3a-4aa8-8a5f-fd4c24aaf455/datanode-1/data/ratis/f0e7152a-8f72-4fcd-8f9d-20880c39e89b: created new log segment /workdir/hadoop-ozone/ozonefs/target/test-dir/MiniOzoneClusterImpl-fdcb41f5-4f3a-4aa8-8a5f-fd4c24aaf455/datanode-1/data/ratis/f0e7152a-8f72-4fcd-8f9d-20880c39e89b/current/log_inprogress_0
2019-09-12 11:42:36,061 [0125f011-55c1-4065-977c-843a08f08196-SegmentedRaftLogWorker:Storage Directory /workdir/hadoop-ozone/ozonefs/target/test-dir/MiniOzoneClusterImpl-fdcb41f5-4f3a-4aa8-8a5f-fd4c24aaf455/datanode-1/data/ratis/75208e7f-275a-492b-aeb3-3491f7a6ffa3] INFO  segmented.SegmentedRaftLogWorker (SegmentedRaftLogWorker.java:execute(569)) - 0125f011-55c1-4065-977c-843a08f08196-SegmentedRaftLogWorker:Storage Directory /workdir/hadoop-ozone/ozonefs/target/test-dir/MiniOzoneClusterImpl-fdcb41f5-4f3a-4aa8-8a5f-fd4c24aaf455/datanode-1/data/ratis/75208e7f-275a-492b-aeb3-3491f7a6ffa3: created new log segment /workdir/hadoop-ozone/ozonefs/target/test-dir/MiniOzoneClusterImpl-fdcb41f5-4f3a-4aa8-8a5f-fd4c24aaf455/datanode-1/data/ratis/75208e7f-275a-492b-aeb3-3491f7a6ffa3/current/log_inprogress_0
2019-09-12 11:42:36,062 [Thread-1279] INFO  impl.FollowerState (FollowerState.java:run(106)) - 0125f011-55c1-4065-977c-843a08f08196:group-37BEB99A3CA3 changes to CANDIDATE, lastRpcTime:5019, electionTimeout:5019ms
2019-09-12 11:42:36,062 [Thread-1279] INFO  impl.RoleInfo (RoleInfo.java:shutdownFollowerState(121)) - 0125f011-55c1-4065-977c-843a08f08196: shutdown FollowerState
2019-09-12 11:42:36,062 [Thread-1279] INFO  impl.RaftServerImpl (RaftServerImpl.java:setRole(171)) - 0125f011-55c1-4065-977c-843a08f08196:group-37BEB99A3CA3 changes role from FOLLOWER to CANDIDATE at term 0 for changeToCandidate
2019-09-12 11:42:36,063 [Thread-1279] INFO  impl.RoleInfo (RoleInfo.java:updateAndGet(143)) - 0125f011-55c1-4065-977c-843a08f08196: start LeaderElection
2019-09-12 11:42:36,066 [0125f011-55c1-4065-977c-843a08f08196:group-37BEB99A3CA3:LeaderElection82] INFO  impl.LeaderElection (LeaderElection.java:askForVotes(181)) - 0125f011-55c1-4065-977c-843a08f08196:group-37BEB99A3CA3:LeaderElection82: begin an election at term 1 for -1: [0125f011-55c1-4065-977c-843a08f08196:192.168.157.195:45066], old=null
2019-09-12 11:42:36,066 [0125f011-55c1-4065-977c-843a08f08196:group-37BEB99A3CA3:LeaderElection82] INFO  impl.RoleInfo (RoleInfo.java:shutdownLeaderElection(134)) - 0125f011-55c1-4065-977c-843a08f08196: shutdown LeaderElection
2019-09-12 11:42:36,067 [0125f011-55c1-4065-977c-843a08f08196:group-37BEB99A3CA3:LeaderElection82] INFO  impl.RaftServerImpl (RaftServerImpl.java:setRole(171)) - 0125f011-55c1-4065-977c-843a08f08196:group-37BEB99A3CA3 changes role from CANDIDATE to LEADER at term 1 for changeToLeader
2019-09-12 11:42:36,067 [0125f011-55c1-4065-977c-843a08f08196:group-37BEB99A3CA3:LeaderElection82] INFO  impl.RaftServerImpl (ServerState.java:setLeader(263)) - 0125f011-55c1-4065-977c-843a08f08196:group-37BEB99A3CA3 change Leader from null to 0125f011-55c1-4065-977c-843a08f08196 at term 1 for becomeLeader, leader elected after 5027ms
2019-09-12 11:42:36,067 [0125f011-55c1-4065-977c-843a08f08196:group-37BEB99A3CA3:LeaderElection82] INFO  server.RaftServerConfigKeys (ConfUtils.java:logGet(43)) - raft.server.staging.catchup.gap = 1000 (default)
2019-09-12 11:42:36,067 [0125f011-55c1-4065-977c-843a08f08196:group-37BEB99A3CA3:LeaderElection82] INFO  server.RaftServerConfigKeys (ConfUtils.java:logGet(43)) - raft.server.rpc.sleep.time = 25ms (default)
2019-09-12 11:42:36,067 [0125f011-55c1-4065-977c-843a08f08196:group-37BEB99A3CA3:LeaderElection82] INFO  server.RaftServerConfigKeys (ConfUtils.java:logGet(43)) - raft.server.write.element-limit = 4096 (default)
2019-09-12 11:42:36,068 [0125f011-55c1-4065-977c-843a08f08196:group-37BEB99A3CA3:LeaderElection82] INFO  server.RaftServerConfigKeys (ConfUtils.java:logGet(43)) - raft.server.watch.timeout = 10s (default)
2019-09-12 11:42:36,068 [0125f011-55c1-4065-977c-843a08f08196:group-37BEB99A3CA3:LeaderElection82] INFO  server.RaftServerConfigKeys (ConfUtils.java:logGet(43)) - raft.server.watch.timeout.denomination = 1s (default)
2019-09-12 11:42:36,068 [0125f011-55c1-4065-977c-843a08f08196:group-37BEB99A3CA3:LeaderElection82] INFO  server.RaftServerConfigKeys (ConfUtils.java:logGet(43)) - raft.server.watch.element-limit = 65536 (default)
2019-09-12 11:42:36,068 [0125f011-55c1-4065-977c-843a08f08196:group-37BEB99A3CA3:LeaderElection82] INFO  impl.RoleInfo (RoleInfo.java:updateAndGet(143)) - 0125f011-55c1-4065-977c-843a08f08196: start LeaderState
2019-09-12 11:42:36,068 [0125f011-55c1-4065-977c-843a08f08196:group-37BEB99A3CA3:LeaderElection82] INFO  segmented.SegmentedRaftLogWorker (SegmentedRaftLogWorker.java:startLogSegment(380)) - 0125f011-55c1-4065-977c-843a08f08196-SegmentedRaftLogWorker:Storage Directory /workdir/hadoop-ozone/ozonefs/target/test-dir/MiniOzoneClusterImpl-fdcb41f5-4f3a-4aa8-8a5f-fd4c24aaf455/datanode-1/data/ratis/f85638d4-3ea8-4d14-9133-37beb99a3ca3: Starting segment from index:0
2019-09-12 11:42:36,069 [0125f011-55c1-4065-977c-843a08f08196:group-37BEB99A3CA3:LeaderElection82] INFO  impl.RaftServerImpl (ServerState.java:setRaftConf(361)) - 0125f011-55c1-4065-977c-843a08f08196:group-37BEB99A3CA3 set configuration 0: [0125f011-55c1-4065-977c-843a08f08196:192.168.157.195:45066], old=null at 0
2019-09-12 11:42:36,084 [Thread-1276] INFO  impl.FollowerState (FollowerState.java:run(106)) - 0125f011-55c1-4065-977c-843a08f08196:group-6F642B1AEBC3 changes to CANDIDATE, lastRpcTime:5079, electionTimeout:5079ms
2019-09-12 11:42:36,084 [Thread-1276] INFO  impl.RoleInfo (RoleInfo.java:shutdownFollowerState(121)) - 0125f011-55c1-4065-977c-843a08f08196: shutdown FollowerState
2019-09-12 11:42:36,084 [Thread-1276] INFO  impl.RaftServerImpl (RaftServerImpl.java:setRole(171)) - 0125f011-55c1-4065-977c-843a08f08196:group-6F642B1AEBC3 changes role from FOLLOWER to CANDIDATE at term 0 for changeToCandidate
2019-09-12 11:42:36,084 [Thread-1276] INFO  impl.RoleInfo (RoleInfo.java:updateAndGet(143)) - 0125f011-55c1-4065-977c-843a08f08196: start LeaderElection
2019-09-12 11:42:36,096 [0125f011-55c1-4065-977c-843a08f08196:group-6F642B1AEBC3:LeaderElection83] INFO  impl.LeaderElection (LeaderElection.java:askForVotes(181)) - 0125f011-55c1-4065-977c-843a08f08196:group-6F642B1AEBC3:LeaderElection83: begin an election at term 1 for -1: [0125f011-55c1-4065-977c-843a08f08196:192.168.157.195:45066], old=null
2019-09-12 11:42:36,096 [0125f011-55c1-4065-977c-843a08f08196:group-6F642B1AEBC3:LeaderElection83] INFO  impl.RoleInfo (RoleInfo.java:shutdownLeaderElection(134)) - 0125f011-55c1-4065-977c-843a08f08196: shutdown LeaderElection
2019-09-12 11:42:36,096 [0125f011-55c1-4065-977c-843a08f08196:group-6F642B1AEBC3:LeaderElection83] INFO  impl.RaftServerImpl (RaftServerImpl.java:setRole(171)) - 0125f011-55c1-4065-977c-843a08f08196:group-6F642B1AEBC3 changes role from CANDIDATE to LEADER at term 1 for changeToLeader
2019-09-12 11:42:36,097 [0125f011-55c1-4065-977c-843a08f08196:group-6F642B1AEBC3:LeaderElection83] INFO  impl.RaftServerImpl (ServerState.java:setLeader(263)) - 0125f011-55c1-4065-977c-843a08f08196:group-6F642B1AEBC3 change Leader from null to 0125f011-55c1-4065-977c-843a08f08196 at term 1 for becomeLeader, leader elected after 5095ms
2019-09-12 11:42:36,097 [0125f011-55c1-4065-977c-843a08f08196:group-6F642B1AEBC3:LeaderElection83] INFO  server.RaftServerConfigKeys (ConfUtils.java:logGet(43)) - raft.server.staging.catchup.gap = 1000 (default)
2019-09-12 11:42:36,097 [0125f011-55c1-4065-977c-843a08f08196:group-6F642B1AEBC3:LeaderElection83] INFO  server.RaftServerConfigKeys (ConfUtils.java:logGet(43)) - raft.server.rpc.sleep.time = 25ms (default)
2019-09-12 11:42:36,097 [0125f011-55c1-4065-977c-843a08f08196:group-6F642B1AEBC3:LeaderElection83] INFO  server.RaftServerConfigKeys (ConfUtils.java:logGet(43)) - raft.server.write.element-limit = 4096 (default)
2019-09-12 11:42:36,097 [0125f011-55c1-4065-977c-843a08f08196:group-6F642B1AEBC3:LeaderElection83] INFO  server.RaftServerConfigKeys (ConfUtils.java:logGet(43)) - raft.server.watch.timeout = 10s (default)
2019-09-12 11:42:36,097 [0125f011-55c1-4065-977c-843a08f08196:group-6F642B1AEBC3:LeaderElection83] INFO  server.RaftServerConfigKeys (ConfUtils.java:logGet(43)) - raft.server.watch.timeout.denomination = 1s (default)
2019-09-12 11:42:36,098 [0125f011-55c1-4065-977c-843a08f08196:group-6F642B1AEBC3:LeaderElection83] INFO  server.RaftServerConfigKeys (ConfUtils.java:logGet(43)) - raft.server.watch.element-limit = 65536 (default)
2019-09-12 11:42:36,098 [0125f011-55c1-4065-977c-843a08f08196:group-6F642B1AEBC3:LeaderElection83] INFO  impl.RoleInfo (RoleInfo.java:updateAndGet(143)) - 0125f011-55c1-4065-977c-843a08f08196: start LeaderState
2019-09-12 11:42:36,098 [0125f011-55c1-4065-977c-843a08f08196:group-6F642B1AEBC3:LeaderElection83] INFO  segmented.SegmentedRaftLogWorker (SegmentedRaftLogWorker.java:startLogSegment(380)) - 0125f011-55c1-4065-977c-843a08f08196-SegmentedRaftLogWorker:Storage Directory /workdir/hadoop-ozone/ozonefs/target/test-dir/MiniOzoneClusterImpl-fdcb41f5-4f3a-4aa8-8a5f-fd4c24aaf455/datanode-1/data/ratis/60651d6e-b370-4945-a9fb-6f642b1aebc3: Starting segment from index:0
2019-09-12 11:42:36,099 [0125f011-55c1-4065-977c-843a08f08196:group-6F642B1AEBC3:LeaderElection83] INFO  impl.RaftServerImpl (ServerState.java:setRaftConf(361)) - 0125f011-55c1-4065-977c-843a08f08196:group-6F642B1AEBC3 set configuration 0: [0125f011-55c1-4065-977c-843a08f08196:192.168.157.195:45066], old=null at 0
2019-09-12 11:42:36,110 [0125f011-55c1-4065-977c-843a08f08196-SegmentedRaftLogWorker:Storage Directory /workdir/hadoop-ozone/ozonefs/target/test-dir/MiniOzoneClusterImpl-fdcb41f5-4f3a-4aa8-8a5f-fd4c24aaf455/datanode-1/data/ratis/f85638d4-3ea8-4d14-9133-37beb99a3ca3] INFO  segmented.SegmentedRaftLogWorker (SegmentedRaftLogWorker.java:execute(569)) - 0125f011-55c1-4065-977c-843a08f08196-SegmentedRaftLogWorker:Storage Directory /workdir/hadoop-ozone/ozonefs/target/test-dir/MiniOzoneClusterImpl-fdcb41f5-4f3a-4aa8-8a5f-fd4c24aaf455/datanode-1/data/ratis/f85638d4-3ea8-4d14-9133-37beb99a3ca3: created new log segment /workdir/hadoop-ozone/ozonefs/target/test-dir/MiniOzoneClusterImpl-fdcb41f5-4f3a-4aa8-8a5f-fd4c24aaf455/datanode-1/data/ratis/f85638d4-3ea8-4d14-9133-37beb99a3ca3/current/log_inprogress_0
2019-09-12 11:42:36,124 [Thread-1273] INFO  impl.FollowerState (FollowerState.java:run(106)) - 0125f011-55c1-4065-977c-843a08f08196:group-BF6EDA36B616 changes to CANDIDATE, lastRpcTime:5162, electionTimeout:5162ms
2019-09-12 11:42:36,125 [Thread-1273] INFO  impl.RoleInfo (RoleInfo.java:shutdownFollowerState(121)) - 0125f011-55c1-4065-977c-843a08f08196: shutdown FollowerState
2019-09-12 11:42:36,125 [Thread-1273] INFO  impl.RaftServerImpl (RaftServerImpl.java:setRole(171)) - 0125f011-55c1-4065-977c-843a08f08196:group-BF6EDA36B616 changes role from FOLLOWER to CANDIDATE at term 0 for changeToCandidate
2019-09-12 11:42:36,125 [Thread-1273] INFO  impl.RoleInfo (RoleInfo.java:updateAndGet(143)) - 0125f011-55c1-4065-977c-843a08f08196: start LeaderElection
2019-09-12 11:42:36,129 [0125f011-55c1-4065-977c-843a08f08196:group-BF6EDA36B616:LeaderElection84] INFO  impl.LeaderElection (LeaderElection.java:askForVotes(181)) - 0125f011-55c1-4065-977c-843a08f08196:group-BF6EDA36B616:LeaderElection84: begin an election at term 1 for -1: [0125f011-55c1-4065-977c-843a08f08196:192.168.157.195:45066], old=null
2019-09-12 11:42:36,130 [0125f011-55c1-4065-977c-843a08f08196:group-BF6EDA36B616:LeaderElection84] INFO  impl.RoleInfo (RoleInfo.java:shutdownLeaderElection(134)) - 0125f011-55c1-4065-977c-843a08f08196: shutdown LeaderElection
2019-09-12 11:42:36,130 [0125f011-55c1-4065-977c-843a08f08196:group-BF6EDA36B616:LeaderElection84] INFO  impl.RaftServerImpl (RaftServerImpl.java:setRole(171)) - 0125f011-55c1-4065-977c-843a08f08196:group-BF6EDA36B616 changes role from CANDIDATE to LEADER at term 1 for changeToLeader
2019-09-12 11:42:36,130 [0125f011-55c1-4065-977c-843a08f08196:group-BF6EDA36B616:LeaderElection84] INFO  impl.RaftServerImpl (ServerState.java:setLeader(263)) - 0125f011-55c1-4065-977c-843a08f08196:group-BF6EDA36B616 change Leader from null to 0125f011-55c1-4065-977c-843a08f08196 at term 1 for becomeLeader, leader elected after 5171ms
2019-09-12 11:42:36,130 [0125f011-55c1-4065-977c-843a08f08196:group-BF6EDA36B616:LeaderElection84] INFO  server.RaftServerConfigKeys (ConfUtils.java:logGet(43)) - raft.server.staging.catchup.gap = 1000 (default)
2019-09-12 11:42:36,130 [0125f011-55c1-4065-977c-843a08f08196:group-BF6EDA36B616:LeaderElection84] INFO  server.RaftServerConfigKeys (ConfUtils.java:logGet(43)) - raft.server.rpc.sleep.time = 25ms (default)
2019-09-12 11:42:36,131 [0125f011-55c1-4065-977c-843a08f08196:group-BF6EDA36B616:LeaderElection84] INFO  server.RaftServerConfigKeys (ConfUtils.java:logGet(43)) - raft.server.write.element-limit = 4096 (default)
2019-09-12 11:42:36,131 [0125f011-55c1-4065-977c-843a08f08196:group-BF6EDA36B616:LeaderElection84] INFO  server.RaftServerConfigKeys (ConfUtils.java:logGet(43)) - raft.server.watch.timeout = 10s (default)
2019-09-12 11:42:36,131 [0125f011-55c1-4065-977c-843a08f08196:group-BF6EDA36B616:LeaderElection84] INFO  server.RaftServerConfigKeys (ConfUtils.java:logGet(43)) - raft.server.watch.timeout.denomination = 1s (default)
2019-09-12 11:42:36,131 [0125f011-55c1-4065-977c-843a08f08196:group-BF6EDA36B616:LeaderElection84] INFO  server.RaftServerConfigKeys (ConfUtils.java:logGet(43)) - raft.server.watch.element-limit = 65536 (default)
2019-09-12 11:42:36,131 [0125f011-55c1-4065-977c-843a08f08196:group-BF6EDA36B616:LeaderElection84] INFO  impl.RoleInfo (RoleInfo.java:updateAndGet(143)) - 0125f011-55c1-4065-977c-843a08f08196: start LeaderState
2019-09-12 11:42:36,132 [0125f011-55c1-4065-977c-843a08f08196:group-BF6EDA36B616:LeaderElection84] INFO  segmented.SegmentedRaftLogWorker (SegmentedRaftLogWorker.java:startLogSegment(380)) - 0125f011-55c1-4065-977c-843a08f08196-SegmentedRaftLogWorker:Storage Directory /workdir/hadoop-ozone/ozonefs/target/test-dir/MiniOzoneClusterImpl-fdcb41f5-4f3a-4aa8-8a5f-fd4c24aaf455/datanode-1/data/ratis/74c48088-f358-44f7-94ca-bf6eda36b616: Starting segment from index:0
2019-09-12 11:42:36,132 [0125f011-55c1-4065-977c-843a08f08196:group-BF6EDA36B616:LeaderElection84] INFO  impl.RaftServerImpl (ServerState.java:setRaftConf(361)) - 0125f011-55c1-4065-977c-843a08f08196:group-BF6EDA36B616 set configuration 0: [0125f011-55c1-4065-977c-843a08f08196:192.168.157.195:45066], old=null at 0
2019-09-12 11:42:36,148 [0125f011-55c1-4065-977c-843a08f08196-SegmentedRaftLogWorker:Storage Directory /workdir/hadoop-ozone/ozonefs/target/test-dir/MiniOzoneClusterImpl-fdcb41f5-4f3a-4aa8-8a5f-fd4c24aaf455/datanode-1/data/ratis/60651d6e-b370-4945-a9fb-6f642b1aebc3] INFO  segmented.SegmentedRaftLogWorker (SegmentedRaftLogWorker.java:execute(569)) - 0125f011-55c1-4065-977c-843a08f08196-SegmentedRaftLogWorker:Storage Directory /workdir/hadoop-ozone/ozonefs/target/test-dir/MiniOzoneClusterImpl-fdcb41f5-4f3a-4aa8-8a5f-fd4c24aaf455/datanode-1/data/ratis/60651d6e-b370-4945-a9fb-6f642b1aebc3: created new log segment /workdir/hadoop-ozone/ozonefs/target/test-dir/MiniOzoneClusterImpl-fdcb41f5-4f3a-4aa8-8a5f-fd4c24aaf455/datanode-1/data/ratis/60651d6e-b370-4945-a9fb-6f642b1aebc3/current/log_inprogress_0
2019-09-12 11:42:36,163 [Thread-1285] INFO  impl.FollowerState (FollowerState.java:run(106)) - 3e1721dd-7503-4079-878a-cd8da34f7a9a:group-5E1A405FAF00 changes to CANDIDATE, lastRpcTime:5031, electionTimeout:5031ms
2019-09-12 11:42:36,163 [Thread-1285] INFO  impl.RoleInfo (RoleInfo.java:shutdownFollowerState(121)) - 3e1721dd-7503-4079-878a-cd8da34f7a9a: shutdown FollowerState
2019-09-12 11:42:36,163 [Thread-1285] INFO  impl.RaftServerImpl (RaftServerImpl.java:setRole(171)) - 3e1721dd-7503-4079-878a-cd8da34f7a9a:group-5E1A405FAF00 changes role from FOLLOWER to CANDIDATE at term 0 for changeToCandidate
2019-09-12 11:42:36,163 [Thread-1285] INFO  impl.RoleInfo (RoleInfo.java:updateAndGet(143)) - 3e1721dd-7503-4079-878a-cd8da34f7a9a: start LeaderElection
2019-09-12 11:42:36,176 [0125f011-55c1-4065-977c-843a08f08196-SegmentedRaftLogWorker:Storage Directory /workdir/hadoop-ozone/ozonefs/target/test-dir/MiniOzoneClusterImpl-fdcb41f5-4f3a-4aa8-8a5f-fd4c24aaf455/datanode-1/data/ratis/74c48088-f358-44f7-94ca-bf6eda36b616] INFO  segmented.SegmentedRaftLogWorker (SegmentedRaftLogWorker.java:execute(569)) - 0125f011-55c1-4065-977c-843a08f08196-SegmentedRaftLogWorker:Storage Directory /workdir/hadoop-ozone/ozonefs/target/test-dir/MiniOzoneClusterImpl-fdcb41f5-4f3a-4aa8-8a5f-fd4c24aaf455/datanode-1/data/ratis/74c48088-f358-44f7-94ca-bf6eda36b616: created new log segment /workdir/hadoop-ozone/ozonefs/target/test-dir/MiniOzoneClusterImpl-fdcb41f5-4f3a-4aa8-8a5f-fd4c24aaf455/datanode-1/data/ratis/74c48088-f358-44f7-94ca-bf6eda36b616/current/log_inprogress_0
2019-09-12 11:42:36,176 [3e1721dd-7503-4079-878a-cd8da34f7a9a:group-5E1A405FAF00:LeaderElection85] INFO  impl.LeaderElection (LeaderElection.java:askForVotes(181)) - 3e1721dd-7503-4079-878a-cd8da34f7a9a:group-5E1A405FAF00:LeaderElection85: begin an election at term 1 for -1: [3e1721dd-7503-4079-878a-cd8da34f7a9a:192.168.157.195:40369], old=null
2019-09-12 11:42:36,176 [3e1721dd-7503-4079-878a-cd8da34f7a9a:group-5E1A405FAF00:LeaderElection85] INFO  impl.RoleInfo (RoleInfo.java:shutdownLeaderElection(134)) - 3e1721dd-7503-4079-878a-cd8da34f7a9a: shutdown LeaderElection
2019-09-12 11:42:36,176 [3e1721dd-7503-4079-878a-cd8da34f7a9a:group-5E1A405FAF00:LeaderElection85] INFO  impl.RaftServerImpl (RaftServerImpl.java:setRole(171)) - 3e1721dd-7503-4079-878a-cd8da34f7a9a:group-5E1A405FAF00 changes role from CANDIDATE to LEADER at term 1 for changeToLeader
2019-09-12 11:42:36,176 [3e1721dd-7503-4079-878a-cd8da34f7a9a:group-5E1A405FAF00:LeaderElection85] INFO  impl.RaftServerImpl (ServerState.java:setLeader(263)) - 3e1721dd-7503-4079-878a-cd8da34f7a9a:group-5E1A405FAF00 change Leader from null to 3e1721dd-7503-4079-878a-cd8da34f7a9a at term 1 for becomeLeader, leader elected after 5047ms
2019-09-12 11:42:36,176 [3e1721dd-7503-4079-878a-cd8da34f7a9a:group-5E1A405FAF00:LeaderElection85] INFO  server.RaftServerConfigKeys (ConfUtils.java:logGet(43)) - raft.server.staging.catchup.gap = 1000 (default)
2019-09-12 11:42:36,177 [3e1721dd-7503-4079-878a-cd8da34f7a9a:group-5E1A405FAF00:LeaderElection85] INFO  server.RaftServerConfigKeys (ConfUtils.java:logGet(43)) - raft.server.rpc.sleep.time = 25ms (default)
2019-09-12 11:42:36,177 [3e1721dd-7503-4079-878a-cd8da34f7a9a:group-5E1A405FAF00:LeaderElection85] INFO  server.RaftServerConfigKeys (ConfUtils.java:logGet(43)) - raft.server.write.element-limit = 4096 (default)
2019-09-12 11:42:36,177 [3e1721dd-7503-4079-878a-cd8da34f7a9a:group-5E1A405FAF00:LeaderElection85] INFO  server.RaftServerConfigKeys (ConfUtils.java:logGet(43)) - raft.server.watch.timeout = 10s (default)
2019-09-12 11:42:36,177 [3e1721dd-7503-4079-878a-cd8da34f7a9a:group-5E1A405FAF00:LeaderElection85] INFO  server.RaftServerConfigKeys (ConfUtils.java:logGet(43)) - raft.server.watch.timeout.denomination = 1s (default)
2019-09-12 11:42:36,177 [3e1721dd-7503-4079-878a-cd8da34f7a9a:group-5E1A405FAF00:LeaderElection85] INFO  server.RaftServerConfigKeys (ConfUtils.java:logGet(43)) - raft.server.watch.element-limit = 65536 (default)
2019-09-12 11:42:36,177 [3e1721dd-7503-4079-878a-cd8da34f7a9a:group-5E1A405FAF00:LeaderElection85] INFO  impl.RoleInfo (RoleInfo.java:updateAndGet(143)) - 3e1721dd-7503-4079-878a-cd8da34f7a9a: start LeaderState
2019-09-12 11:42:36,178 [3e1721dd-7503-4079-878a-cd8da34f7a9a:group-5E1A405FAF00:LeaderElection85] INFO  segmented.SegmentedRaftLogWorker (SegmentedRaftLogWorker.java:startLogSegment(380)) - 3e1721dd-7503-4079-878a-cd8da34f7a9a-SegmentedRaftLogWorker:Storage Directory /workdir/hadoop-ozone/ozonefs/target/test-dir/MiniOzoneClusterImpl-fdcb41f5-4f3a-4aa8-8a5f-fd4c24aaf455/datanode-2/data/ratis/9cf5aec5-b587-405a-9b77-5e1a405faf00: Starting segment from index:0
2019-09-12 11:42:36,178 [3e1721dd-7503-4079-878a-cd8da34f7a9a:group-5E1A405FAF00:LeaderElection85] INFO  impl.RaftServerImpl (ServerState.java:setRaftConf(361)) - 3e1721dd-7503-4079-878a-cd8da34f7a9a:group-5E1A405FAF00 set configuration 0: [3e1721dd-7503-4079-878a-cd8da34f7a9a:192.168.157.195:40369], old=null at 0
2019-09-12 11:42:36,209 [3e1721dd-7503-4079-878a-cd8da34f7a9a-SegmentedRaftLogWorker:Storage Directory /workdir/hadoop-ozone/ozonefs/target/test-dir/MiniOzoneClusterImpl-fdcb41f5-4f3a-4aa8-8a5f-fd4c24aaf455/datanode-2/data/ratis/9cf5aec5-b587-405a-9b77-5e1a405faf00] INFO  segmented.SegmentedRaftLogWorker (SegmentedRaftLogWorker.java:execute(569)) - 3e1721dd-7503-4079-878a-cd8da34f7a9a-SegmentedRaftLogWorker:Storage Directory /workdir/hadoop-ozone/ozonefs/target/test-dir/MiniOzoneClusterImpl-fdcb41f5-4f3a-4aa8-8a5f-fd4c24aaf455/datanode-2/data/ratis/9cf5aec5-b587-405a-9b77-5e1a405faf00: created new log segment /workdir/hadoop-ozone/ozonefs/target/test-dir/MiniOzoneClusterImpl-fdcb41f5-4f3a-4aa8-8a5f-fd4c24aaf455/datanode-2/data/ratis/9cf5aec5-b587-405a-9b77-5e1a405faf00/current/log_inprogress_0
2019-09-12 11:42:36,220 [Thread-1282] INFO  impl.FollowerState (FollowerState.java:run(106)) - 3e1721dd-7503-4079-878a-cd8da34f7a9a:group-A75C175D1550 changes to CANDIDATE, lastRpcTime:5150, electionTimeout:5150ms
2019-09-12 11:42:36,220 [Thread-1282] INFO  impl.RoleInfo (RoleInfo.java:shutdownFollowerState(121)) - 3e1721dd-7503-4079-878a-cd8da34f7a9a: shutdown FollowerState
2019-09-12 11:42:36,220 [Thread-1282] INFO  impl.RaftServerImpl (RaftServerImpl.java:setRole(171)) - 3e1721dd-7503-4079-878a-cd8da34f7a9a:group-A75C175D1550 changes role from FOLLOWER to CANDIDATE at term 0 for changeToCandidate
2019-09-12 11:42:36,220 [Thread-1282] INFO  impl.RoleInfo (RoleInfo.java:updateAndGet(143)) - 3e1721dd-7503-4079-878a-cd8da34f7a9a: start LeaderElection
2019-09-12 11:42:36,228 [3e1721dd-7503-4079-878a-cd8da34f7a9a:group-A75C175D1550:LeaderElection86] INFO  impl.LeaderElection (LeaderElection.java:askForVotes(181)) - 3e1721dd-7503-4079-878a-cd8da34f7a9a:group-A75C175D1550:LeaderElection86: begin an election at term 1 for -1: [3e1721dd-7503-4079-878a-cd8da34f7a9a:192.168.157.195:40369], old=null
2019-09-12 11:42:36,228 [3e1721dd-7503-4079-878a-cd8da34f7a9a:group-A75C175D1550:LeaderElection86] INFO  impl.RoleInfo (RoleInfo.java:shutdownLeaderElection(134)) - 3e1721dd-7503-4079-878a-cd8da34f7a9a: shutdown LeaderElection
2019-09-12 11:42:36,228 [3e1721dd-7503-4079-878a-cd8da34f7a9a:group-A75C175D1550:LeaderElection86] INFO  impl.RaftServerImpl (RaftServerImpl.java:setRole(171)) - 3e1721dd-7503-4079-878a-cd8da34f7a9a:group-A75C175D1550 changes role from CANDIDATE to LEADER at term 1 for changeToLeader
2019-09-12 11:42:36,228 [3e1721dd-7503-4079-878a-cd8da34f7a9a:group-A75C175D1550:LeaderElection86] INFO  impl.RaftServerImpl (ServerState.java:setLeader(263)) - 3e1721dd-7503-4079-878a-cd8da34f7a9a:group-A75C175D1550 change Leader from null to 3e1721dd-7503-4079-878a-cd8da34f7a9a at term 1 for becomeLeader, leader elected after 5165ms
2019-09-12 11:42:36,228 [3e1721dd-7503-4079-878a-cd8da34f7a9a:group-A75C175D1550:LeaderElection86] INFO  server.RaftServerConfigKeys (ConfUtils.java:logGet(43)) - raft.server.staging.catchup.gap = 1000 (default)
2019-09-12 11:42:36,229 [3e1721dd-7503-4079-878a-cd8da34f7a9a:group-A75C175D1550:LeaderElection86] INFO  server.RaftServerConfigKeys (ConfUtils.java:logGet(43)) - raft.server.rpc.sleep.time = 25ms (default)
2019-09-12 11:42:36,229 [3e1721dd-7503-4079-878a-cd8da34f7a9a:group-A75C175D1550:LeaderElection86] INFO  server.RaftServerConfigKeys (ConfUtils.java:logGet(43)) - raft.server.write.element-limit = 4096 (default)
2019-09-12 11:42:36,229 [3e1721dd-7503-4079-878a-cd8da34f7a9a:group-A75C175D1550:LeaderElection86] INFO  server.RaftServerConfigKeys (ConfUtils.java:logGet(43)) - raft.server.watch.timeout = 10s (default)
2019-09-12 11:42:36,229 [3e1721dd-7503-4079-878a-cd8da34f7a9a:group-A75C175D1550:LeaderElection86] INFO  server.RaftServerConfigKeys (ConfUtils.java:logGet(43)) - raft.server.watch.timeout.denomination = 1s (default)
2019-09-12 11:42:36,229 [3e1721dd-7503-4079-878a-cd8da34f7a9a:group-A75C175D1550:LeaderElection86] INFO  server.RaftServerConfigKeys (ConfUtils.java:logGet(43)) - raft.server.watch.element-limit = 65536 (default)
2019-09-12 11:42:36,229 [3e1721dd-7503-4079-878a-cd8da34f7a9a:group-A75C175D1550:LeaderElection86] INFO  impl.RoleInfo (RoleInfo.java:updateAndGet(143)) - 3e1721dd-7503-4079-878a-cd8da34f7a9a: start LeaderState
2019-09-12 11:42:36,230 [3e1721dd-7503-4079-878a-cd8da34f7a9a:group-A75C175D1550:LeaderElection86] INFO  segmented.SegmentedRaftLogWorker (SegmentedRaftLogWorker.java:startLogSegment(380)) - 3e1721dd-7503-4079-878a-cd8da34f7a9a-SegmentedRaftLogWorker:Storage Directory /workdir/hadoop-ozone/ozonefs/target/test-dir/MiniOzoneClusterImpl-fdcb41f5-4f3a-4aa8-8a5f-fd4c24aaf455/datanode-2/data/ratis/d7ed6e96-b98d-4cb0-98f8-a75c175d1550: Starting segment from index:0
2019-09-12 11:42:36,230 [3e1721dd-7503-4079-878a-cd8da34f7a9a:group-A75C175D1550:LeaderElection86] INFO  impl.RaftServerImpl (ServerState.java:setRaftConf(361)) - 3e1721dd-7503-4079-878a-cd8da34f7a9a:group-A75C175D1550 set configuration 0: [3e1721dd-7503-4079-878a-cd8da34f7a9a:192.168.157.195:40369], old=null at 0
2019-09-12 11:42:36,280 [3e1721dd-7503-4079-878a-cd8da34f7a9a-SegmentedRaftLogWorker:Storage Directory /workdir/hadoop-ozone/ozonefs/target/test-dir/MiniOzoneClusterImpl-fdcb41f5-4f3a-4aa8-8a5f-fd4c24aaf455/datanode-2/data/ratis/d7ed6e96-b98d-4cb0-98f8-a75c175d1550] INFO  segmented.SegmentedRaftLogWorker (SegmentedRaftLogWorker.java:execute(569)) - 3e1721dd-7503-4079-878a-cd8da34f7a9a-SegmentedRaftLogWorker:Storage Directory /workdir/hadoop-ozone/ozonefs/target/test-dir/MiniOzoneClusterImpl-fdcb41f5-4f3a-4aa8-8a5f-fd4c24aaf455/datanode-2/data/ratis/d7ed6e96-b98d-4cb0-98f8-a75c175d1550: created new log segment /workdir/hadoop-ozone/ozonefs/target/test-dir/MiniOzoneClusterImpl-fdcb41f5-4f3a-4aa8-8a5f-fd4c24aaf455/datanode-2/data/ratis/d7ed6e96-b98d-4cb0-98f8-a75c175d1550/current/log_inprogress_0
2019-09-12 11:42:36,302 [Thread-1288] INFO  impl.FollowerState (FollowerState.java:run(106)) - 3e1721dd-7503-4079-878a-cd8da34f7a9a:group-3D21BA294D39 changes to CANDIDATE, lastRpcTime:5131, electionTimeout:5131ms
2019-09-12 11:42:36,302 [Thread-1288] INFO  impl.RoleInfo (RoleInfo.java:shutdownFollowerState(121)) - 3e1721dd-7503-4079-878a-cd8da34f7a9a: shutdown FollowerState
2019-09-12 11:42:36,302 [Thread-1288] INFO  impl.RaftServerImpl (RaftServerImpl.java:setRole(171)) - 3e1721dd-7503-4079-878a-cd8da34f7a9a:group-3D21BA294D39 changes role from FOLLOWER to CANDIDATE at term 0 for changeToCandidate
2019-09-12 11:42:36,303 [Thread-1288] INFO  impl.RoleInfo (RoleInfo.java:updateAndGet(143)) - 3e1721dd-7503-4079-878a-cd8da34f7a9a: start LeaderElection
2019-09-12 11:42:36,314 [Thread-1291] INFO  impl.FollowerState (FollowerState.java:run(106)) - 3e1721dd-7503-4079-878a-cd8da34f7a9a:group-7E9CD5E9C2C6 changes to CANDIDATE, lastRpcTime:5103, electionTimeout:5103ms
2019-09-12 11:42:36,314 [Thread-1291] INFO  impl.RoleInfo (RoleInfo.java:shutdownFollowerState(121)) - 3e1721dd-7503-4079-878a-cd8da34f7a9a: shutdown FollowerState
2019-09-12 11:42:36,314 [Thread-1291] INFO  impl.RaftServerImpl (RaftServerImpl.java:setRole(171)) - 3e1721dd-7503-4079-878a-cd8da34f7a9a:group-7E9CD5E9C2C6 changes role from FOLLOWER to CANDIDATE at term 0 for changeToCandidate
2019-09-12 11:42:36,314 [Thread-1291] INFO  impl.RoleInfo (RoleInfo.java:updateAndGet(143)) - 3e1721dd-7503-4079-878a-cd8da34f7a9a: start LeaderElection
2019-09-12 11:42:36,316 [3e1721dd-7503-4079-878a-cd8da34f7a9a:group-3D21BA294D39:LeaderElection87] INFO  impl.LeaderElection (LeaderElection.java:askForVotes(181)) - 3e1721dd-7503-4079-878a-cd8da34f7a9a:group-3D21BA294D39:LeaderElection87: begin an election at term 1 for -1: [3e1721dd-7503-4079-878a-cd8da34f7a9a:192.168.157.195:40369], old=null
2019-09-12 11:42:36,316 [3e1721dd-7503-4079-878a-cd8da34f7a9a:group-3D21BA294D39:LeaderElection87] INFO  impl.RoleInfo (RoleInfo.java:shutdownLeaderElection(134)) - 3e1721dd-7503-4079-878a-cd8da34f7a9a: shutdown LeaderElection
2019-09-12 11:42:36,316 [3e1721dd-7503-4079-878a-cd8da34f7a9a:group-3D21BA294D39:LeaderElection87] INFO  impl.RaftServerImpl (RaftServerImpl.java:setRole(171)) - 3e1721dd-7503-4079-878a-cd8da34f7a9a:group-3D21BA294D39 changes role from CANDIDATE to LEADER at term 1 for changeToLeader
2019-09-12 11:42:36,316 [3e1721dd-7503-4079-878a-cd8da34f7a9a:group-3D21BA294D39:LeaderElection87] INFO  impl.RaftServerImpl (ServerState.java:setLeader(263)) - 3e1721dd-7503-4079-878a-cd8da34f7a9a:group-3D21BA294D39 change Leader from null to 3e1721dd-7503-4079-878a-cd8da34f7a9a at term 1 for becomeLeader, leader elected after 5148ms
2019-09-12 11:42:36,317 [3e1721dd-7503-4079-878a-cd8da34f7a9a:group-3D21BA294D39:LeaderElection87] INFO  server.RaftServerConfigKeys (ConfUtils.java:logGet(43)) - raft.server.staging.catchup.gap = 1000 (default)
2019-09-12 11:42:36,317 [3e1721dd-7503-4079-878a-cd8da34f7a9a:group-3D21BA294D39:LeaderElection87] INFO  server.RaftServerConfigKeys (ConfUtils.java:logGet(43)) - raft.server.rpc.sleep.time = 25ms (default)
2019-09-12 11:42:36,317 [3e1721dd-7503-4079-878a-cd8da34f7a9a:group-3D21BA294D39:LeaderElection87] INFO  server.RaftServerConfigKeys (ConfUtils.java:logGet(43)) - raft.server.write.element-limit = 4096 (default)
2019-09-12 11:42:36,317 [3e1721dd-7503-4079-878a-cd8da34f7a9a:group-3D21BA294D39:LeaderElection87] INFO  server.RaftServerConfigKeys (ConfUtils.java:logGet(43)) - raft.server.watch.timeout = 10s (default)
2019-09-12 11:42:36,317 [3e1721dd-7503-4079-878a-cd8da34f7a9a:group-3D21BA294D39:LeaderElection87] INFO  server.RaftServerConfigKeys (ConfUtils.java:logGet(43)) - raft.server.watch.timeout.denomination = 1s (default)
2019-09-12 11:42:36,318 [3e1721dd-7503-4079-878a-cd8da34f7a9a:group-3D21BA294D39:LeaderElection87] INFO  server.RaftServerConfigKeys (ConfUtils.java:logGet(43)) - raft.server.watch.element-limit = 65536 (default)
2019-09-12 11:42:36,318 [3e1721dd-7503-4079-878a-cd8da34f7a9a:group-3D21BA294D39:LeaderElection87] INFO  impl.RoleInfo (RoleInfo.java:updateAndGet(143)) - 3e1721dd-7503-4079-878a-cd8da34f7a9a: start LeaderState
2019-09-12 11:42:36,318 [3e1721dd-7503-4079-878a-cd8da34f7a9a:group-7E9CD5E9C2C6:LeaderElection88] INFO  impl.LeaderElection (LeaderElection.java:askForVotes(181)) - 3e1721dd-7503-4079-878a-cd8da34f7a9a:group-7E9CD5E9C2C6:LeaderElection88: begin an election at term 1 for -1: [3e1721dd-7503-4079-878a-cd8da34f7a9a:192.168.157.195:40369], old=null
2019-09-12 11:42:36,318 [3e1721dd-7503-4079-878a-cd8da34f7a9a:group-7E9CD5E9C2C6:LeaderElection88] INFO  impl.RoleInfo (RoleInfo.java:shutdownLeaderElection(134)) - 3e1721dd-7503-4079-878a-cd8da34f7a9a: shutdown LeaderElection
2019-09-12 11:42:36,318 [3e1721dd-7503-4079-878a-cd8da34f7a9a:group-3D21BA294D39:LeaderElection87] INFO  segmented.SegmentedRaftLogWorker (SegmentedRaftLogWorker.java:startLogSegment(380)) - 3e1721dd-7503-4079-878a-cd8da34f7a9a-SegmentedRaftLogWorker:Storage Directory /workdir/hadoop-ozone/ozonefs/target/test-dir/MiniOzoneClusterImpl-fdcb41f5-4f3a-4aa8-8a5f-fd4c24aaf455/datanode-2/data/ratis/673205c4-8323-4195-9d91-3d21ba294d39: Starting segment from index:0
2019-09-12 11:42:36,318 [3e1721dd-7503-4079-878a-cd8da34f7a9a:group-7E9CD5E9C2C6:LeaderElection88] INFO  impl.RaftServerImpl (RaftServerImpl.java:setRole(171)) - 3e1721dd-7503-4079-878a-cd8da34f7a9a:group-7E9CD5E9C2C6 changes role from CANDIDATE to LEADER at term 1 for changeToLeader
2019-09-12 11:42:36,319 [3e1721dd-7503-4079-878a-cd8da34f7a9a:group-7E9CD5E9C2C6:LeaderElection88] INFO  impl.RaftServerImpl (ServerState.java:setLeader(263)) - 3e1721dd-7503-4079-878a-cd8da34f7a9a:group-7E9CD5E9C2C6 change Leader from null to 3e1721dd-7503-4079-878a-cd8da34f7a9a at term 1 for becomeLeader, leader elected after 5112ms
2019-09-12 11:42:36,319 [3e1721dd-7503-4079-878a-cd8da34f7a9a:group-7E9CD5E9C2C6:LeaderElection88] INFO  server.RaftServerConfigKeys (ConfUtils.java:logGet(43)) - raft.server.staging.catchup.gap = 1000 (default)
2019-09-12 11:42:36,319 [3e1721dd-7503-4079-878a-cd8da34f7a9a:group-7E9CD5E9C2C6:LeaderElection88] INFO  server.RaftServerConfigKeys (ConfUtils.java:logGet(43)) - raft.server.rpc.sleep.time = 25ms (default)
2019-09-12 11:42:36,319 [3e1721dd-7503-4079-878a-cd8da34f7a9a:group-3D21BA294D39:LeaderElection87] INFO  impl.RaftServerImpl (ServerState.java:setRaftConf(361)) - 3e1721dd-7503-4079-878a-cd8da34f7a9a:group-3D21BA294D39 set configuration 0: [3e1721dd-7503-4079-878a-cd8da34f7a9a:192.168.157.195:40369], old=null at 0
2019-09-12 11:42:36,319 [3e1721dd-7503-4079-878a-cd8da34f7a9a:group-7E9CD5E9C2C6:LeaderElection88] INFO  server.RaftServerConfigKeys (ConfUtils.java:logGet(43)) - raft.server.write.element-limit = 4096 (default)
2019-09-12 11:42:36,319 [3e1721dd-7503-4079-878a-cd8da34f7a9a:group-7E9CD5E9C2C6:LeaderElection88] INFO  server.RaftServerConfigKeys (ConfUtils.java:logGet(43)) - raft.server.watch.timeout = 10s (default)
2019-09-12 11:42:36,320 [3e1721dd-7503-4079-878a-cd8da34f7a9a:group-7E9CD5E9C2C6:LeaderElection88] INFO  server.RaftServerConfigKeys (ConfUtils.java:logGet(43)) - raft.server.watch.timeout.denomination = 1s (default)
2019-09-12 11:42:36,320 [3e1721dd-7503-4079-878a-cd8da34f7a9a:group-7E9CD5E9C2C6:LeaderElection88] INFO  server.RaftServerConfigKeys (ConfUtils.java:logGet(43)) - raft.server.watch.element-limit = 65536 (default)
2019-09-12 11:42:36,320 [3e1721dd-7503-4079-878a-cd8da34f7a9a:group-7E9CD5E9C2C6:LeaderElection88] INFO  impl.RoleInfo (RoleInfo.java:updateAndGet(143)) - 3e1721dd-7503-4079-878a-cd8da34f7a9a: start LeaderState
2019-09-12 11:42:36,320 [3e1721dd-7503-4079-878a-cd8da34f7a9a:group-7E9CD5E9C2C6:LeaderElection88] INFO  segmented.SegmentedRaftLogWorker (SegmentedRaftLogWorker.java:startLogSegment(380)) - 3e1721dd-7503-4079-878a-cd8da34f7a9a-SegmentedRaftLogWorker:Storage Directory /workdir/hadoop-ozone/ozonefs/target/test-dir/MiniOzoneClusterImpl-fdcb41f5-4f3a-4aa8-8a5f-fd4c24aaf455/datanode-2/data/ratis/333651b9-8bc8-460e-bdef-7e9cd5e9c2c6: Starting segment from index:0
2019-09-12 11:42:36,321 [3e1721dd-7503-4079-878a-cd8da34f7a9a:group-7E9CD5E9C2C6:LeaderElection88] INFO  impl.RaftServerImpl (ServerState.java:setRaftConf(361)) - 3e1721dd-7503-4079-878a-cd8da34f7a9a:group-7E9CD5E9C2C6 set configuration 0: [3e1721dd-7503-4079-878a-cd8da34f7a9a:192.168.157.195:40369], old=null at 0
2019-09-12 11:42:36,368 [Thread-1294] INFO  impl.FollowerState (FollowerState.java:run(106)) - 3e1721dd-7503-4079-878a-cd8da34f7a9a:group-820B53B85454 changes to CANDIDATE, lastRpcTime:5119, electionTimeout:5119ms
2019-09-12 11:42:36,368 [Thread-1294] INFO  impl.RoleInfo (RoleInfo.java:shutdownFollowerState(121)) - 3e1721dd-7503-4079-878a-cd8da34f7a9a: shutdown FollowerState
2019-09-12 11:42:36,368 [Thread-1294] INFO  impl.RaftServerImpl (RaftServerImpl.java:setRole(171)) - 3e1721dd-7503-4079-878a-cd8da34f7a9a:group-820B53B85454 changes role from FOLLOWER to CANDIDATE at term 0 for changeToCandidate
2019-09-12 11:42:36,368 [Thread-1294] INFO  impl.RoleInfo (RoleInfo.java:updateAndGet(143)) - 3e1721dd-7503-4079-878a-cd8da34f7a9a: start LeaderElection
2019-09-12 11:42:36,372 [3e1721dd-7503-4079-878a-cd8da34f7a9a-SegmentedRaftLogWorker:Storage Directory /workdir/hadoop-ozone/ozonefs/target/test-dir/MiniOzoneClusterImpl-fdcb41f5-4f3a-4aa8-8a5f-fd4c24aaf455/datanode-2/data/ratis/673205c4-8323-4195-9d91-3d21ba294d39] INFO  segmented.SegmentedRaftLogWorker (SegmentedRaftLogWorker.java:execute(569)) - 3e1721dd-7503-4079-878a-cd8da34f7a9a-SegmentedRaftLogWorker:Storage Directory /workdir/hadoop-ozone/ozonefs/target/test-dir/MiniOzoneClusterImpl-fdcb41f5-4f3a-4aa8-8a5f-fd4c24aaf455/datanode-2/data/ratis/673205c4-8323-4195-9d91-3d21ba294d39: created new log segment /workdir/hadoop-ozone/ozonefs/target/test-dir/MiniOzoneClusterImpl-fdcb41f5-4f3a-4aa8-8a5f-fd4c24aaf455/datanode-2/data/ratis/673205c4-8323-4195-9d91-3d21ba294d39/current/log_inprogress_0
2019-09-12 11:42:36,372 [3e1721dd-7503-4079-878a-cd8da34f7a9a-SegmentedRaftLogWorker:Storage Directory /workdir/hadoop-ozone/ozonefs/target/test-dir/MiniOzoneClusterImpl-fdcb41f5-4f3a-4aa8-8a5f-fd4c24aaf455/datanode-2/data/ratis/333651b9-8bc8-460e-bdef-7e9cd5e9c2c6] INFO  segmented.SegmentedRaftLogWorker (SegmentedRaftLogWorker.java:execute(569)) - 3e1721dd-7503-4079-878a-cd8da34f7a9a-SegmentedRaftLogWorker:Storage Directory /workdir/hadoop-ozone/ozonefs/target/test-dir/MiniOzoneClusterImpl-fdcb41f5-4f3a-4aa8-8a5f-fd4c24aaf455/datanode-2/data/ratis/333651b9-8bc8-460e-bdef-7e9cd5e9c2c6: created new log segment /workdir/hadoop-ozone/ozonefs/target/test-dir/MiniOzoneClusterImpl-fdcb41f5-4f3a-4aa8-8a5f-fd4c24aaf455/datanode-2/data/ratis/333651b9-8bc8-460e-bdef-7e9cd5e9c2c6/current/log_inprogress_0
2019-09-12 11:42:36,375 [3e1721dd-7503-4079-878a-cd8da34f7a9a:group-820B53B85454:LeaderElection89] INFO  impl.LeaderElection (LeaderElection.java:askForVotes(181)) - 3e1721dd-7503-4079-878a-cd8da34f7a9a:group-820B53B85454:LeaderElection89: begin an election at term 1 for -1: [3e1721dd-7503-4079-878a-cd8da34f7a9a:192.168.157.195:40369], old=null
2019-09-12 11:42:36,375 [3e1721dd-7503-4079-878a-cd8da34f7a9a:group-820B53B85454:LeaderElection89] INFO  impl.RoleInfo (RoleInfo.java:shutdownLeaderElection(134)) - 3e1721dd-7503-4079-878a-cd8da34f7a9a: shutdown LeaderElection
2019-09-12 11:42:36,375 [3e1721dd-7503-4079-878a-cd8da34f7a9a:group-820B53B85454:LeaderElection89] INFO  impl.RaftServerImpl (RaftServerImpl.java:setRole(171)) - 3e1721dd-7503-4079-878a-cd8da34f7a9a:group-820B53B85454 changes role from CANDIDATE to LEADER at term 1 for changeToLeader
2019-09-12 11:42:36,375 [3e1721dd-7503-4079-878a-cd8da34f7a9a:group-820B53B85454:LeaderElection89] INFO  impl.RaftServerImpl (ServerState.java:setLeader(263)) - 3e1721dd-7503-4079-878a-cd8da34f7a9a:group-820B53B85454 change Leader from null to 3e1721dd-7503-4079-878a-cd8da34f7a9a at term 1 for becomeLeader, leader elected after 5129ms
2019-09-12 11:42:36,375 [3e1721dd-7503-4079-878a-cd8da34f7a9a:group-820B53B85454:LeaderElection89] INFO  server.RaftServerConfigKeys (ConfUtils.java:logGet(43)) - raft.server.staging.catchup.gap = 1000 (default)
2019-09-12 11:42:36,376 [3e1721dd-7503-4079-878a-cd8da34f7a9a:group-820B53B85454:LeaderElection89] INFO  server.RaftServerConfigKeys (ConfUtils.java:logGet(43)) - raft.server.rpc.sleep.time = 25ms (default)
2019-09-12 11:42:36,376 [3e1721dd-7503-4079-878a-cd8da34f7a9a:group-820B53B85454:LeaderElection89] INFO  server.RaftServerConfigKeys (ConfUtils.java:logGet(43)) - raft.server.write.element-limit = 4096 (default)
2019-09-12 11:42:36,376 [3e1721dd-7503-4079-878a-cd8da34f7a9a:group-820B53B85454:LeaderElection89] INFO  server.RaftServerConfigKeys (ConfUtils.java:logGet(43)) - raft.server.watch.timeout = 10s (default)
2019-09-12 11:42:36,376 [3e1721dd-7503-4079-878a-cd8da34f7a9a:group-820B53B85454:LeaderElection89] INFO  server.RaftServerConfigKeys (ConfUtils.java:logGet(43)) - raft.server.watch.timeout.denomination = 1s (default)
2019-09-12 11:42:36,376 [3e1721dd-7503-4079-878a-cd8da34f7a9a:group-820B53B85454:LeaderElection89] INFO  server.RaftServerConfigKeys (ConfUtils.java:logGet(43)) - raft.server.watch.element-limit = 65536 (default)
2019-09-12 11:42:36,376 [3e1721dd-7503-4079-878a-cd8da34f7a9a:group-820B53B85454:LeaderElection89] INFO  impl.RoleInfo (RoleInfo.java:updateAndGet(143)) - 3e1721dd-7503-4079-878a-cd8da34f7a9a: start LeaderState
2019-09-12 11:42:36,377 [3e1721dd-7503-4079-878a-cd8da34f7a9a:group-820B53B85454:LeaderElection89] INFO  segmented.SegmentedRaftLogWorker (SegmentedRaftLogWorker.java:startLogSegment(380)) - 3e1721dd-7503-4079-878a-cd8da34f7a9a-SegmentedRaftLogWorker:Storage Directory /workdir/hadoop-ozone/ozonefs/target/test-dir/MiniOzoneClusterImpl-fdcb41f5-4f3a-4aa8-8a5f-fd4c24aaf455/datanode-2/data/ratis/262ed77f-63f8-4163-bd8b-820b53b85454: Starting segment from index:0
2019-09-12 11:42:36,377 [3e1721dd-7503-4079-878a-cd8da34f7a9a:group-820B53B85454:LeaderElection89] INFO  impl.RaftServerImpl (ServerState.java:setRaftConf(361)) - 3e1721dd-7503-4079-878a-cd8da34f7a9a:group-820B53B85454 set configuration 0: [3e1721dd-7503-4079-878a-cd8da34f7a9a:192.168.157.195:40369], old=null at 0
2019-09-12 11:42:36,426 [3e1721dd-7503-4079-878a-cd8da34f7a9a-SegmentedRaftLogWorker:Storage Directory /workdir/hadoop-ozone/ozonefs/target/test-dir/MiniOzoneClusterImpl-fdcb41f5-4f3a-4aa8-8a5f-fd4c24aaf455/datanode-2/data/ratis/262ed77f-63f8-4163-bd8b-820b53b85454] INFO  segmented.SegmentedRaftLogWorker (SegmentedRaftLogWorker.java:execute(569)) - 3e1721dd-7503-4079-878a-cd8da34f7a9a-SegmentedRaftLogWorker:Storage Directory /workdir/hadoop-ozone/ozonefs/target/test-dir/MiniOzoneClusterImpl-fdcb41f5-4f3a-4aa8-8a5f-fd4c24aaf455/datanode-2/data/ratis/262ed77f-63f8-4163-bd8b-820b53b85454: created new log segment /workdir/hadoop-ozone/ozonefs/target/test-dir/MiniOzoneClusterImpl-fdcb41f5-4f3a-4aa8-8a5f-fd4c24aaf455/datanode-2/data/ratis/262ed77f-63f8-4163-bd8b-820b53b85454/current/log_inprogress_0
2019-09-12 11:42:36,480 [Thread-1297] INFO  impl.FollowerState (FollowerState.java:run(106)) - 3e1721dd-7503-4079-878a-cd8da34f7a9a:group-68B6885CD539 changes to CANDIDATE, lastRpcTime:5194, electionTimeout:5194ms
2019-09-12 11:42:36,480 [Thread-1297] INFO  impl.RoleInfo (RoleInfo.java:shutdownFollowerState(121)) - 3e1721dd-7503-4079-878a-cd8da34f7a9a: shutdown FollowerState
2019-09-12 11:42:36,480 [Thread-1297] INFO  impl.RaftServerImpl (RaftServerImpl.java:setRole(171)) - 3e1721dd-7503-4079-878a-cd8da34f7a9a:group-68B6885CD539 changes role from FOLLOWER to CANDIDATE at term 0 for changeToCandidate
2019-09-12 11:42:36,480 [Thread-1297] INFO  impl.RoleInfo (RoleInfo.java:updateAndGet(143)) - 3e1721dd-7503-4079-878a-cd8da34f7a9a: start LeaderElection
2019-09-12 11:42:36,493 [3e1721dd-7503-4079-878a-cd8da34f7a9a:group-68B6885CD539:LeaderElection90] INFO  impl.LeaderElection (LeaderElection.java:askForVotes(181)) - 3e1721dd-7503-4079-878a-cd8da34f7a9a:group-68B6885CD539:LeaderElection90: begin an election at term 1 for -1: [3e1721dd-7503-4079-878a-cd8da34f7a9a:192.168.157.195:40369], old=null
2019-09-12 11:42:36,493 [3e1721dd-7503-4079-878a-cd8da34f7a9a:group-68B6885CD539:LeaderElection90] INFO  impl.RoleInfo (RoleInfo.java:shutdownLeaderElection(134)) - 3e1721dd-7503-4079-878a-cd8da34f7a9a: shutdown LeaderElection
2019-09-12 11:42:36,493 [3e1721dd-7503-4079-878a-cd8da34f7a9a:group-68B6885CD539:LeaderElection90] INFO  impl.RaftServerImpl (RaftServerImpl.java:setRole(171)) - 3e1721dd-7503-4079-878a-cd8da34f7a9a:group-68B6885CD539 changes role from CANDIDATE to LEADER at term 1 for changeToLeader
2019-09-12 11:42:36,493 [3e1721dd-7503-4079-878a-cd8da34f7a9a:group-68B6885CD539:LeaderElection90] INFO  impl.RaftServerImpl (ServerState.java:setLeader(263)) - 3e1721dd-7503-4079-878a-cd8da34f7a9a:group-68B6885CD539 change Leader from null to 3e1721dd-7503-4079-878a-cd8da34f7a9a at term 1 for becomeLeader, leader elected after 5211ms
2019-09-12 11:42:36,493 [3e1721dd-7503-4079-878a-cd8da34f7a9a:group-68B6885CD539:LeaderElection90] INFO  server.RaftServerConfigKeys (ConfUtils.java:logGet(43)) - raft.server.staging.catchup.gap = 1000 (default)
2019-09-12 11:42:36,493 [3e1721dd-7503-4079-878a-cd8da34f7a9a:group-68B6885CD539:LeaderElection90] INFO  server.RaftServerConfigKeys (ConfUtils.java:logGet(43)) - raft.server.rpc.sleep.time = 25ms (default)
2019-09-12 11:42:36,494 [3e1721dd-7503-4079-878a-cd8da34f7a9a:group-68B6885CD539:LeaderElection90] INFO  server.RaftServerConfigKeys (ConfUtils.java:logGet(43)) - raft.server.write.element-limit = 4096 (default)
2019-09-12 11:42:36,494 [3e1721dd-7503-4079-878a-cd8da34f7a9a:group-68B6885CD539:LeaderElection90] INFO  server.RaftServerConfigKeys (ConfUtils.java:logGet(43)) - raft.server.watch.timeout = 10s (default)
2019-09-12 11:42:36,494 [3e1721dd-7503-4079-878a-cd8da34f7a9a:group-68B6885CD539:LeaderElection90] INFO  server.RaftServerConfigKeys (ConfUtils.java:logGet(43)) - raft.server.watch.timeout.denomination = 1s (default)
2019-09-12 11:42:36,494 [3e1721dd-7503-4079-878a-cd8da34f7a9a:group-68B6885CD539:LeaderElection90] INFO  server.RaftServerConfigKeys (ConfUtils.java:logGet(43)) - raft.server.watch.element-limit = 65536 (default)
2019-09-12 11:42:36,494 [3e1721dd-7503-4079-878a-cd8da34f7a9a:group-68B6885CD539:LeaderElection90] INFO  impl.RoleInfo (RoleInfo.java:updateAndGet(143)) - 3e1721dd-7503-4079-878a-cd8da34f7a9a: start LeaderState
2019-09-12 11:42:36,495 [3e1721dd-7503-4079-878a-cd8da34f7a9a:group-68B6885CD539:LeaderElection90] INFO  segmented.SegmentedRaftLogWorker (SegmentedRaftLogWorker.java:startLogSegment(380)) - 3e1721dd-7503-4079-878a-cd8da34f7a9a-SegmentedRaftLogWorker:Storage Directory /workdir/hadoop-ozone/ozonefs/target/test-dir/MiniOzoneClusterImpl-fdcb41f5-4f3a-4aa8-8a5f-fd4c24aaf455/datanode-2/data/ratis/3ded5f51-cdcd-4685-b5d1-68b6885cd539: Starting segment from index:0
2019-09-12 11:42:36,495 [3e1721dd-7503-4079-878a-cd8da34f7a9a:group-68B6885CD539:LeaderElection90] INFO  impl.RaftServerImpl (ServerState.java:setRaftConf(361)) - 3e1721dd-7503-4079-878a-cd8da34f7a9a:group-68B6885CD539 set configuration 0: [3e1721dd-7503-4079-878a-cd8da34f7a9a:192.168.157.195:40369], old=null at 0
2019-09-12 11:42:36,546 [3e1721dd-7503-4079-878a-cd8da34f7a9a-SegmentedRaftLogWorker:Storage Directory /workdir/hadoop-ozone/ozonefs/target/test-dir/MiniOzoneClusterImpl-fdcb41f5-4f3a-4aa8-8a5f-fd4c24aaf455/datanode-2/data/ratis/3ded5f51-cdcd-4685-b5d1-68b6885cd539] INFO  segmented.SegmentedRaftLogWorker (SegmentedRaftLogWorker.java:execute(569)) - 3e1721dd-7503-4079-878a-cd8da34f7a9a-SegmentedRaftLogWorker:Storage Directory /workdir/hadoop-ozone/ozonefs/target/test-dir/MiniOzoneClusterImpl-fdcb41f5-4f3a-4aa8-8a5f-fd4c24aaf455/datanode-2/data/ratis/3ded5f51-cdcd-4685-b5d1-68b6885cd539: created new log segment /workdir/hadoop-ozone/ozonefs/target/test-dir/MiniOzoneClusterImpl-fdcb41f5-4f3a-4aa8-8a5f-fd4c24aaf455/datanode-2/data/ratis/3ded5f51-cdcd-4685-b5d1-68b6885cd539/current/log_inprogress_0
2019-09-12 11:42:37,007 | INFO  | SCMAudit | user=jenkins1000 | ip=192.168.157.195 | op=SEND_HEARTBEAT {datanodeUUID=3e1721dd-7503-4079-878a-cd8da34f7a9a, command=[]} | ret=SUCCESS |  
2019-09-12 11:42:37,257 [Thread-1072] INFO  ozoneimpl.OzoneContainer (OzoneContainer.java:stop(199)) - Attempting to stop container services.
2019-09-12 11:42:37,258 [Thread-1072] INFO  impl.RaftServerProxy (RaftServerProxy.java:lambda$close$4(314)) - 0125f011-55c1-4065-977c-843a08f08196: close
2019-09-12 11:42:37,258 [ForkJoinPool.commonPool-worker-0] INFO  ozoneimpl.OzoneContainer (OzoneContainer.java:stop(199)) - Attempting to stop container services.
2019-09-12 11:42:37,258 [Thread-1072] INFO  impl.RaftServerImpl (RaftServerImpl.java:lambda$shutdown$3(245)) - 0125f011-55c1-4065-977c-843a08f08196: shutdown group-20880C39E89B
2019-09-12 11:42:37,259 [ForkJoinPool.commonPool-worker-0] INFO  impl.RaftServerProxy (RaftServerProxy.java:lambda$close$4(314)) - 79dd4a67-b0bc-4c7d-8a5b-15c0f4627f39: close
2019-09-12 11:42:37,259 [Thread-1072] INFO  util.JmxRegister (JmxRegister.java:unregister(73)) - Successfully un-registered JMX Bean with object name Ratis:service=RaftServer,group=group-20880C39E89B,id=0125f011-55c1-4065-977c-843a08f08196
2019-09-12 11:42:37,260 [ForkJoinPool.commonPool-worker-0] INFO  impl.RaftServerImpl (RaftServerImpl.java:lambda$shutdown$3(245)) - 79dd4a67-b0bc-4c7d-8a5b-15c0f4627f39: shutdown group-2A9DFCED1A4C
2019-09-12 11:42:37,260 [ForkJoinPool.commonPool-worker-0] INFO  util.JmxRegister (JmxRegister.java:unregister(73)) - Successfully un-registered JMX Bean with object name Ratis:service=RaftServer,group=group-2A9DFCED1A4C,id=79dd4a67-b0bc-4c7d-8a5b-15c0f4627f39
2019-09-12 11:42:37,261 [ForkJoinPool.commonPool-worker-0] INFO  impl.RoleInfo (RoleInfo.java:shutdownLeaderState(104)) - 79dd4a67-b0bc-4c7d-8a5b-15c0f4627f39: shutdown LeaderState
2019-09-12 11:42:37,261 [ForkJoinPool.commonPool-worker-0] INFO  impl.PendingRequests (PendingRequests.java:sendNotLeaderResponses(202)) - 79dd4a67-b0bc-4c7d-8a5b-15c0f4627f39-PendingRequests: sendNotLeaderResponses
2019-09-12 11:42:37,262 [ForkJoinPool.commonPool-worker-0] INFO  impl.StateMachineUpdater (StateMachineUpdater.java:stopAndJoin(115)) - StateMachineUpdater:79dd4a67-b0bc-4c7d-8a5b-15c0f4627f39:group-2A9DFCED1A4C: set stopIndex = 0
2019-09-12 11:42:37,262 [ForkJoinPool.commonPool-worker-0] INFO  impl.RaftServerImpl (ServerState.java:close(394)) - 79dd4a67-b0bc-4c7d-8a5b-15c0f4627f39:group-2A9DFCED1A4C closes. The last applied log index is 0
2019-09-12 11:42:37,263 [79dd4a67-b0bc-4c7d-8a5b-15c0f4627f39-SegmentedRaftLogWorker:Storage Directory /workdir/hadoop-ozone/ozonefs/target/test-dir/MiniOzoneClusterImpl-fdcb41f5-4f3a-4aa8-8a5f-fd4c24aaf455/datanode-0/data/ratis/125f228e-1d76-4627-8d6c-2a9dfced1a4c] INFO  segmented.SegmentedRaftLogWorker (SegmentedRaftLogWorker.java:run(313)) - 79dd4a67-b0bc-4c7d-8a5b-15c0f4627f39-SegmentedRaftLogWorker:Storage Directory /workdir/hadoop-ozone/ozonefs/target/test-dir/MiniOzoneClusterImpl-fdcb41f5-4f3a-4aa8-8a5f-fd4c24aaf455/datanode-0/data/ratis/125f228e-1d76-4627-8d6c-2a9dfced1a4c was interrupted, exiting. There are 0 tasks remaining in the queue.
2019-09-12 11:42:37,263 [Thread-1072] INFO  impl.RoleInfo (RoleInfo.java:shutdownLeaderState(104)) - 0125f011-55c1-4065-977c-843a08f08196: shutdown LeaderState
2019-09-12 11:42:37,263 [ForkJoinPool.commonPool-worker-0] INFO  segmented.SegmentedRaftLogWorker (SegmentedRaftLogWorker.java:close(228)) - 79dd4a67-b0bc-4c7d-8a5b-15c0f4627f39-SegmentedRaftLogWorker:Storage Directory /workdir/hadoop-ozone/ozonefs/target/test-dir/MiniOzoneClusterImpl-fdcb41f5-4f3a-4aa8-8a5f-fd4c24aaf455/datanode-0/data/ratis/125f228e-1d76-4627-8d6c-2a9dfced1a4c close()
2019-09-12 11:42:37,267 [ForkJoinPool.commonPool-worker-0] INFO  impl.RaftServerImpl (RaftServerImpl.java:lambda$shutdown$3(245)) - 79dd4a67-b0bc-4c7d-8a5b-15c0f4627f39: shutdown group-291434862A17
2019-09-12 11:42:37,267 [ForkJoinPool.commonPool-worker-0] INFO  util.JmxRegister (JmxRegister.java:unregister(73)) - Successfully un-registered JMX Bean with object name Ratis:service=RaftServer,group=group-291434862A17,id=79dd4a67-b0bc-4c7d-8a5b-15c0f4627f39
2019-09-12 11:42:37,268 [Thread-1072] INFO  impl.PendingRequests (PendingRequests.java:sendNotLeaderResponses(202)) - 0125f011-55c1-4065-977c-843a08f08196-PendingRequests: sendNotLeaderResponses
2019-09-12 11:42:37,268 [ForkJoinPool.commonPool-worker-0] INFO  impl.RoleInfo (RoleInfo.java:shutdownLeaderState(104)) - 79dd4a67-b0bc-4c7d-8a5b-15c0f4627f39: shutdown LeaderState
2019-09-12 11:42:37,268 [Thread-1072] INFO  impl.StateMachineUpdater (StateMachineUpdater.java:stopAndJoin(115)) - StateMachineUpdater:0125f011-55c1-4065-977c-843a08f08196:group-20880C39E89B: set stopIndex = 0
2019-09-12 11:42:37,269 [Thread-1072] INFO  impl.RaftServerImpl (ServerState.java:close(394)) - 0125f011-55c1-4065-977c-843a08f08196:group-20880C39E89B closes. The last applied log index is 0
2019-09-12 11:42:37,269 [ForkJoinPool.commonPool-worker-0] INFO  impl.PendingRequests (PendingRequests.java:sendNotLeaderResponses(202)) - 79dd4a67-b0bc-4c7d-8a5b-15c0f4627f39-PendingRequests: sendNotLeaderResponses
2019-09-12 11:42:37,269 [0125f011-55c1-4065-977c-843a08f08196-SegmentedRaftLogWorker:Storage Directory /workdir/hadoop-ozone/ozonefs/target/test-dir/MiniOzoneClusterImpl-fdcb41f5-4f3a-4aa8-8a5f-fd4c24aaf455/datanode-1/data/ratis/f0e7152a-8f72-4fcd-8f9d-20880c39e89b] INFO  segmented.SegmentedRaftLogWorker (SegmentedRaftLogWorker.java:run(313)) - 0125f011-55c1-4065-977c-843a08f08196-SegmentedRaftLogWorker:Storage Directory /workdir/hadoop-ozone/ozonefs/target/test-dir/MiniOzoneClusterImpl-fdcb41f5-4f3a-4aa8-8a5f-fd4c24aaf455/datanode-1/data/ratis/f0e7152a-8f72-4fcd-8f9d-20880c39e89b was interrupted, exiting. There are 0 tasks remaining in the queue.
2019-09-12 11:42:37,270 [Thread-1072] INFO  segmented.SegmentedRaftLogWorker (SegmentedRaftLogWorker.java:close(228)) - 0125f011-55c1-4065-977c-843a08f08196-SegmentedRaftLogWorker:Storage Directory /workdir/hadoop-ozone/ozonefs/target/test-dir/MiniOzoneClusterImpl-fdcb41f5-4f3a-4aa8-8a5f-fd4c24aaf455/datanode-1/data/ratis/f0e7152a-8f72-4fcd-8f9d-20880c39e89b close()
2019-09-12 11:42:37,270 [ForkJoinPool.commonPool-worker-0] INFO  impl.StateMachineUpdater (StateMachineUpdater.java:stopAndJoin(115)) - StateMachineUpdater:79dd4a67-b0bc-4c7d-8a5b-15c0f4627f39:group-291434862A17: set stopIndex = 0
2019-09-12 11:42:37,277 [Thread-1072] INFO  impl.RaftServerImpl (RaftServerImpl.java:lambda$shutdown$3(245)) - 0125f011-55c1-4065-977c-843a08f08196: shutdown group-BF6EDA36B616
2019-09-12 11:42:37,277 [ForkJoinPool.commonPool-worker-0] INFO  impl.RaftServerImpl (ServerState.java:close(394)) - 79dd4a67-b0bc-4c7d-8a5b-15c0f4627f39:group-291434862A17 closes. The last applied log index is 0
2019-09-12 11:42:37,278 [Thread-1072] INFO  util.JmxRegister (JmxRegister.java:unregister(73)) - Successfully un-registered JMX Bean with object name Ratis:service=RaftServer,group=group-BF6EDA36B616,id=0125f011-55c1-4065-977c-843a08f08196
2019-09-12 11:42:37,278 [79dd4a67-b0bc-4c7d-8a5b-15c0f4627f39-SegmentedRaftLogWorker:Storage Directory /workdir/hadoop-ozone/ozonefs/target/test-dir/MiniOzoneClusterImpl-fdcb41f5-4f3a-4aa8-8a5f-fd4c24aaf455/datanode-0/data/ratis/2af98a91-d1f9-4e9d-b93b-291434862a17] INFO  segmented.SegmentedRaftLogWorker (SegmentedRaftLogWorker.java:run(313)) - 79dd4a67-b0bc-4c7d-8a5b-15c0f4627f39-SegmentedRaftLogWorker:Storage Directory /workdir/hadoop-ozone/ozonefs/target/test-dir/MiniOzoneClusterImpl-fdcb41f5-4f3a-4aa8-8a5f-fd4c24aaf455/datanode-0/data/ratis/2af98a91-d1f9-4e9d-b93b-291434862a17 was interrupted, exiting. There are 0 tasks remaining in the queue.
2019-09-12 11:42:37,278 [Thread-1072] INFO  impl.RoleInfo (RoleInfo.java:shutdownLeaderState(104)) - 0125f011-55c1-4065-977c-843a08f08196: shutdown LeaderState
2019-09-12 11:42:37,279 [ForkJoinPool.commonPool-worker-0] INFO  segmented.SegmentedRaftLogWorker (SegmentedRaftLogWorker.java:close(228)) - 79dd4a67-b0bc-4c7d-8a5b-15c0f4627f39-SegmentedRaftLogWorker:Storage Directory /workdir/hadoop-ozone/ozonefs/target/test-dir/MiniOzoneClusterImpl-fdcb41f5-4f3a-4aa8-8a5f-fd4c24aaf455/datanode-0/data/ratis/2af98a91-d1f9-4e9d-b93b-291434862a17 close()
2019-09-12 11:42:37,279 [Thread-1072] INFO  impl.PendingRequests (PendingRequests.java:sendNotLeaderResponses(202)) - 0125f011-55c1-4065-977c-843a08f08196-PendingRequests: sendNotLeaderResponses
2019-09-12 11:42:37,279 [ForkJoinPool.commonPool-worker-0] INFO  impl.RaftServerImpl (RaftServerImpl.java:lambda$shutdown$3(245)) - 79dd4a67-b0bc-4c7d-8a5b-15c0f4627f39: shutdown group-11AE2632F4E5
2019-09-12 11:42:37,279 [Thread-1072] INFO  impl.StateMachineUpdater (StateMachineUpdater.java:stopAndJoin(115)) - StateMachineUpdater:0125f011-55c1-4065-977c-843a08f08196:group-BF6EDA36B616: set stopIndex = 0
2019-09-12 11:42:37,279 [ForkJoinPool.commonPool-worker-0] INFO  util.JmxRegister (JmxRegister.java:unregister(73)) - Successfully un-registered JMX Bean with object name Ratis:service=RaftServer,group=group-11AE2632F4E5,id=79dd4a67-b0bc-4c7d-8a5b-15c0f4627f39
2019-09-12 11:42:37,280 [Thread-1072] INFO  impl.RaftServerImpl (ServerState.java:close(394)) - 0125f011-55c1-4065-977c-843a08f08196:group-BF6EDA36B616 closes. The last applied log index is 0
2019-09-12 11:42:37,280 [ForkJoinPool.commonPool-worker-0] INFO  impl.RoleInfo (RoleInfo.java:shutdownLeaderState(104)) - 79dd4a67-b0bc-4c7d-8a5b-15c0f4627f39: shutdown LeaderState
2019-09-12 11:42:37,280 [0125f011-55c1-4065-977c-843a08f08196-SegmentedRaftLogWorker:Storage Directory /workdir/hadoop-ozone/ozonefs/target/test-dir/MiniOzoneClusterImpl-fdcb41f5-4f3a-4aa8-8a5f-fd4c24aaf455/datanode-1/data/ratis/74c48088-f358-44f7-94ca-bf6eda36b616] INFO  segmented.SegmentedRaftLogWorker (SegmentedRaftLogWorker.java:run(313)) - 0125f011-55c1-4065-977c-843a08f08196-SegmentedRaftLogWorker:Storage Directory /workdir/hadoop-ozone/ozonefs/target/test-dir/MiniOzoneClusterImpl-fdcb41f5-4f3a-4aa8-8a5f-fd4c24aaf455/datanode-1/data/ratis/74c48088-f358-44f7-94ca-bf6eda36b616 was interrupted, exiting. There are 0 tasks remaining in the queue.
2019-09-12 11:42:37,281 [ForkJoinPool.commonPool-worker-0] INFO  impl.PendingRequests (PendingRequests.java:sendNotLeaderResponses(202)) - 79dd4a67-b0bc-4c7d-8a5b-15c0f4627f39-PendingRequests: sendNotLeaderResponses
2019-09-12 11:42:37,281 [Thread-1072] INFO  segmented.SegmentedRaftLogWorker (SegmentedRaftLogWorker.java:close(228)) - 0125f011-55c1-4065-977c-843a08f08196-SegmentedRaftLogWorker:Storage Directory /workdir/hadoop-ozone/ozonefs/target/test-dir/MiniOzoneClusterImpl-fdcb41f5-4f3a-4aa8-8a5f-fd4c24aaf455/datanode-1/data/ratis/74c48088-f358-44f7-94ca-bf6eda36b616 close()
2019-09-12 11:42:37,281 [ForkJoinPool.commonPool-worker-0] INFO  impl.StateMachineUpdater (StateMachineUpdater.java:stopAndJoin(115)) - StateMachineUpdater:79dd4a67-b0bc-4c7d-8a5b-15c0f4627f39:group-11AE2632F4E5: set stopIndex = 0
2019-09-12 11:42:37,281 [Thread-1072] INFO  impl.RaftServerImpl (RaftServerImpl.java:lambda$shutdown$3(245)) - 0125f011-55c1-4065-977c-843a08f08196: shutdown group-C04AEEE52AAD
2019-09-12 11:42:37,281 [ForkJoinPool.commonPool-worker-0] INFO  impl.RaftServerImpl (ServerState.java:close(394)) - 79dd4a67-b0bc-4c7d-8a5b-15c0f4627f39:group-11AE2632F4E5 closes. The last applied log index is 0
2019-09-12 11:42:37,282 [Thread-1072] INFO  util.JmxRegister (JmxRegister.java:unregister(73)) - Successfully un-registered JMX Bean with object name Ratis:service=RaftServer,group=group-C04AEEE52AAD,id=0125f011-55c1-4065-977c-843a08f08196
2019-09-12 11:42:37,282 [79dd4a67-b0bc-4c7d-8a5b-15c0f4627f39-SegmentedRaftLogWorker:Storage Directory /workdir/hadoop-ozone/ozonefs/target/test-dir/MiniOzoneClusterImpl-fdcb41f5-4f3a-4aa8-8a5f-fd4c24aaf455/datanode-0/data/ratis/ab7316b3-469f-439b-b2a4-11ae2632f4e5] INFO  segmented.SegmentedRaftLogWorker (SegmentedRaftLogWorker.java:run(313)) - 79dd4a67-b0bc-4c7d-8a5b-15c0f4627f39-SegmentedRaftLogWorker:Storage Directory /workdir/hadoop-ozone/ozonefs/target/test-dir/MiniOzoneClusterImpl-fdcb41f5-4f3a-4aa8-8a5f-fd4c24aaf455/datanode-0/data/ratis/ab7316b3-469f-439b-b2a4-11ae2632f4e5 was interrupted, exiting. There are 0 tasks remaining in the queue.
2019-09-12 11:42:37,282 [Thread-1072] INFO  impl.RoleInfo (RoleInfo.java:shutdownLeaderState(104)) - 0125f011-55c1-4065-977c-843a08f08196: shutdown LeaderState
2019-09-12 11:42:37,282 [ForkJoinPool.commonPool-worker-0] INFO  segmented.SegmentedRaftLogWorker (SegmentedRaftLogWorker.java:close(228)) - 79dd4a67-b0bc-4c7d-8a5b-15c0f4627f39-SegmentedRaftLogWorker:Storage Directory /workdir/hadoop-ozone/ozonefs/target/test-dir/MiniOzoneClusterImpl-fdcb41f5-4f3a-4aa8-8a5f-fd4c24aaf455/datanode-0/data/ratis/ab7316b3-469f-439b-b2a4-11ae2632f4e5 close()
2019-09-12 11:42:37,283 [Thread-1072] INFO  impl.PendingRequests (PendingRequests.java:sendNotLeaderResponses(202)) - 0125f011-55c1-4065-977c-843a08f08196-PendingRequests: sendNotLeaderResponses
2019-09-12 11:42:37,283 [ForkJoinPool.commonPool-worker-0] INFO  impl.RaftServerImpl (RaftServerImpl.java:lambda$shutdown$3(245)) - 79dd4a67-b0bc-4c7d-8a5b-15c0f4627f39: shutdown group-95ABE4D04945
2019-09-12 11:42:37,283 [Thread-1072] INFO  impl.StateMachineUpdater (StateMachineUpdater.java:stopAndJoin(115)) - StateMachineUpdater:0125f011-55c1-4065-977c-843a08f08196:group-C04AEEE52AAD: set stopIndex = 0
2019-09-12 11:42:37,284 [ForkJoinPool.commonPool-worker-0] INFO  util.JmxRegister (JmxRegister.java:unregister(73)) - Successfully un-registered JMX Bean with object name Ratis:service=RaftServer,group=group-95ABE4D04945,id=79dd4a67-b0bc-4c7d-8a5b-15c0f4627f39
2019-09-12 11:42:37,284 [Thread-1072] INFO  impl.RaftServerImpl (ServerState.java:close(394)) - 0125f011-55c1-4065-977c-843a08f08196:group-C04AEEE52AAD closes. The last applied log index is 0
2019-09-12 11:42:37,284 [ForkJoinPool.commonPool-worker-0] INFO  impl.RoleInfo (RoleInfo.java:shutdownLeaderState(104)) - 79dd4a67-b0bc-4c7d-8a5b-15c0f4627f39: shutdown LeaderState
2019-09-12 11:42:37,285 [0125f011-55c1-4065-977c-843a08f08196-SegmentedRaftLogWorker:Storage Directory /workdir/hadoop-ozone/ozonefs/target/test-dir/MiniOzoneClusterImpl-fdcb41f5-4f3a-4aa8-8a5f-fd4c24aaf455/datanode-1/data/ratis/ef8ad3d0-4027-4d2d-94ea-c04aeee52aad] INFO  segmented.SegmentedRaftLogWorker (SegmentedRaftLogWorker.java:run(313)) - 0125f011-55c1-4065-977c-843a08f08196-SegmentedRaftLogWorker:Storage Directory /workdir/hadoop-ozone/ozonefs/target/test-dir/MiniOzoneClusterImpl-fdcb41f5-4f3a-4aa8-8a5f-fd4c24aaf455/datanode-1/data/ratis/ef8ad3d0-4027-4d2d-94ea-c04aeee52aad was interrupted, exiting. There are 0 tasks remaining in the queue.
2019-09-12 11:42:37,285 [ForkJoinPool.commonPool-worker-0] INFO  impl.PendingRequests (PendingRequests.java:sendNotLeaderResponses(202)) - 79dd4a67-b0bc-4c7d-8a5b-15c0f4627f39-PendingRequests: sendNotLeaderResponses
2019-09-12 11:42:37,285 [Thread-1072] INFO  segmented.SegmentedRaftLogWorker (SegmentedRaftLogWorker.java:close(228)) - 0125f011-55c1-4065-977c-843a08f08196-SegmentedRaftLogWorker:Storage Directory /workdir/hadoop-ozone/ozonefs/target/test-dir/MiniOzoneClusterImpl-fdcb41f5-4f3a-4aa8-8a5f-fd4c24aaf455/datanode-1/data/ratis/ef8ad3d0-4027-4d2d-94ea-c04aeee52aad close()
2019-09-12 11:42:37,285 [ForkJoinPool.commonPool-worker-0] INFO  impl.StateMachineUpdater (StateMachineUpdater.java:stopAndJoin(115)) - StateMachineUpdater:79dd4a67-b0bc-4c7d-8a5b-15c0f4627f39:group-95ABE4D04945: set stopIndex = 0
2019-09-12 11:42:37,285 [Thread-1072] INFO  impl.RaftServerImpl (RaftServerImpl.java:lambda$shutdown$3(245)) - 0125f011-55c1-4065-977c-843a08f08196: shutdown group-6F642B1AEBC3
2019-09-12 11:42:37,286 [ForkJoinPool.commonPool-worker-0] INFO  impl.RaftServerImpl (ServerState.java:close(394)) - 79dd4a67-b0bc-4c7d-8a5b-15c0f4627f39:group-95ABE4D04945 closes. The last applied log index is 0
2019-09-12 11:42:37,286 [Thread-1072] INFO  util.JmxRegister (JmxRegister.java:unregister(73)) - Successfully un-registered JMX Bean with object name Ratis:service=RaftServer,group=group-6F642B1AEBC3,id=0125f011-55c1-4065-977c-843a08f08196
2019-09-12 11:42:37,286 [79dd4a67-b0bc-4c7d-8a5b-15c0f4627f39-SegmentedRaftLogWorker:Storage Directory /workdir/hadoop-ozone/ozonefs/target/test-dir/MiniOzoneClusterImpl-fdcb41f5-4f3a-4aa8-8a5f-fd4c24aaf455/datanode-0/data/ratis/46218b7a-5849-4742-a4a4-95abe4d04945] INFO  segmented.SegmentedRaftLogWorker (SegmentedRaftLogWorker.java:run(313)) - 79dd4a67-b0bc-4c7d-8a5b-15c0f4627f39-SegmentedRaftLogWorker:Storage Directory /workdir/hadoop-ozone/ozonefs/target/test-dir/MiniOzoneClusterImpl-fdcb41f5-4f3a-4aa8-8a5f-fd4c24aaf455/datanode-0/data/ratis/46218b7a-5849-4742-a4a4-95abe4d04945 was interrupted, exiting. There are 0 tasks remaining in the queue.
2019-09-12 11:42:37,286 [Thread-1072] INFO  impl.RoleInfo (RoleInfo.java:shutdownLeaderState(104)) - 0125f011-55c1-4065-977c-843a08f08196: shutdown LeaderState
2019-09-12 11:42:37,287 [ForkJoinPool.commonPool-worker-0] INFO  segmented.SegmentedRaftLogWorker (SegmentedRaftLogWorker.java:close(228)) - 79dd4a67-b0bc-4c7d-8a5b-15c0f4627f39-SegmentedRaftLogWorker:Storage Directory /workdir/hadoop-ozone/ozonefs/target/test-dir/MiniOzoneClusterImpl-fdcb41f5-4f3a-4aa8-8a5f-fd4c24aaf455/datanode-0/data/ratis/46218b7a-5849-4742-a4a4-95abe4d04945 close()
2019-09-12 11:42:37,287 [Thread-1072] INFO  impl.PendingRequests (PendingRequests.java:sendNotLeaderResponses(202)) - 0125f011-55c1-4065-977c-843a08f08196-PendingRequests: sendNotLeaderResponses
2019-09-12 11:42:37,287 [ForkJoinPool.commonPool-worker-0] INFO  impl.RaftServerImpl (RaftServerImpl.java:lambda$shutdown$3(245)) - 79dd4a67-b0bc-4c7d-8a5b-15c0f4627f39: shutdown group-A75211E8FDEF
2019-09-12 11:42:37,287 [Thread-1072] INFO  impl.StateMachineUpdater (StateMachineUpdater.java:stopAndJoin(115)) - StateMachineUpdater:0125f011-55c1-4065-977c-843a08f08196:group-6F642B1AEBC3: set stopIndex = 0
2019-09-12 11:42:37,288 [ForkJoinPool.commonPool-worker-0] INFO  util.JmxRegister (JmxRegister.java:unregister(73)) - Successfully un-registered JMX Bean with object name Ratis:service=RaftServer,group=group-A75211E8FDEF,id=79dd4a67-b0bc-4c7d-8a5b-15c0f4627f39
2019-09-12 11:42:37,288 [Thread-1072] INFO  impl.RaftServerImpl (ServerState.java:close(394)) - 0125f011-55c1-4065-977c-843a08f08196:group-6F642B1AEBC3 closes. The last applied log index is 0
2019-09-12 11:42:37,288 [ForkJoinPool.commonPool-worker-0] INFO  impl.RoleInfo (RoleInfo.java:shutdownLeaderState(104)) - 79dd4a67-b0bc-4c7d-8a5b-15c0f4627f39: shutdown LeaderState
2019-09-12 11:42:37,291 [0125f011-55c1-4065-977c-843a08f08196-SegmentedRaftLogWorker:Storage Directory /workdir/hadoop-ozone/ozonefs/target/test-dir/MiniOzoneClusterImpl-fdcb41f5-4f3a-4aa8-8a5f-fd4c24aaf455/datanode-1/data/ratis/60651d6e-b370-4945-a9fb-6f642b1aebc3] INFO  segmented.SegmentedRaftLogWorker (SegmentedRaftLogWorker.java:run(313)) - 0125f011-55c1-4065-977c-843a08f08196-SegmentedRaftLogWorker:Storage Directory /workdir/hadoop-ozone/ozonefs/target/test-dir/MiniOzoneClusterImpl-fdcb41f5-4f3a-4aa8-8a5f-fd4c24aaf455/datanode-1/data/ratis/60651d6e-b370-4945-a9fb-6f642b1aebc3 was interrupted, exiting. There are 0 tasks remaining in the queue.
2019-09-12 11:42:37,291 [ForkJoinPool.commonPool-worker-0] INFO  impl.PendingRequests (PendingRequests.java:sendNotLeaderResponses(202)) - 79dd4a67-b0bc-4c7d-8a5b-15c0f4627f39-PendingRequests: sendNotLeaderResponses
2019-09-12 11:42:37,291 [Thread-1072] INFO  segmented.SegmentedRaftLogWorker (SegmentedRaftLogWorker.java:close(228)) - 0125f011-55c1-4065-977c-843a08f08196-SegmentedRaftLogWorker:Storage Directory /workdir/hadoop-ozone/ozonefs/target/test-dir/MiniOzoneClusterImpl-fdcb41f5-4f3a-4aa8-8a5f-fd4c24aaf455/datanode-1/data/ratis/60651d6e-b370-4945-a9fb-6f642b1aebc3 close()
2019-09-12 11:42:37,292 [ForkJoinPool.commonPool-worker-0] INFO  impl.StateMachineUpdater (StateMachineUpdater.java:stopAndJoin(115)) - StateMachineUpdater:79dd4a67-b0bc-4c7d-8a5b-15c0f4627f39:group-A75211E8FDEF: set stopIndex = 0
2019-09-12 11:42:37,292 [Thread-1072] INFO  impl.RaftServerImpl (RaftServerImpl.java:lambda$shutdown$3(245)) - 0125f011-55c1-4065-977c-843a08f08196: shutdown group-3491F7A6FFA3
2019-09-12 11:42:37,292 [ForkJoinPool.commonPool-worker-0] INFO  impl.RaftServerImpl (ServerState.java:close(394)) - 79dd4a67-b0bc-4c7d-8a5b-15c0f4627f39:group-A75211E8FDEF closes. The last applied log index is 0
2019-09-12 11:42:37,292 [Thread-1072] INFO  util.JmxRegister (JmxRegister.java:unregister(73)) - Successfully un-registered JMX Bean with object name Ratis:service=RaftServer,group=group-3491F7A6FFA3,id=0125f011-55c1-4065-977c-843a08f08196
2019-09-12 11:42:37,293 [79dd4a67-b0bc-4c7d-8a5b-15c0f4627f39-SegmentedRaftLogWorker:Storage Directory /workdir/hadoop-ozone/ozonefs/target/test-dir/MiniOzoneClusterImpl-fdcb41f5-4f3a-4aa8-8a5f-fd4c24aaf455/datanode-0/data/ratis/4570f3aa-223a-4178-9981-a75211e8fdef] INFO  segmented.SegmentedRaftLogWorker (SegmentedRaftLogWorker.java:run(313)) - 79dd4a67-b0bc-4c7d-8a5b-15c0f4627f39-SegmentedRaftLogWorker:Storage Directory /workdir/hadoop-ozone/ozonefs/target/test-dir/MiniOzoneClusterImpl-fdcb41f5-4f3a-4aa8-8a5f-fd4c24aaf455/datanode-0/data/ratis/4570f3aa-223a-4178-9981-a75211e8fdef was interrupted, exiting. There are 0 tasks remaining in the queue.
2019-09-12 11:42:37,293 [Thread-1072] INFO  impl.RoleInfo (RoleInfo.java:shutdownLeaderState(104)) - 0125f011-55c1-4065-977c-843a08f08196: shutdown LeaderState
2019-09-12 11:42:37,293 [ForkJoinPool.commonPool-worker-0] INFO  segmented.SegmentedRaftLogWorker (SegmentedRaftLogWorker.java:close(228)) - 79dd4a67-b0bc-4c7d-8a5b-15c0f4627f39-SegmentedRaftLogWorker:Storage Directory /workdir/hadoop-ozone/ozonefs/target/test-dir/MiniOzoneClusterImpl-fdcb41f5-4f3a-4aa8-8a5f-fd4c24aaf455/datanode-0/data/ratis/4570f3aa-223a-4178-9981-a75211e8fdef close()
2019-09-12 11:42:37,293 [Thread-1072] INFO  impl.PendingRequests (PendingRequests.java:sendNotLeaderResponses(202)) - 0125f011-55c1-4065-977c-843a08f08196-PendingRequests: sendNotLeaderResponses
2019-09-12 11:42:37,294 [ForkJoinPool.commonPool-worker-0] INFO  impl.RaftServerImpl (RaftServerImpl.java:lambda$shutdown$3(245)) - 79dd4a67-b0bc-4c7d-8a5b-15c0f4627f39: shutdown group-26BB09185567
2019-09-12 11:42:37,294 [Thread-1072] INFO  impl.StateMachineUpdater (StateMachineUpdater.java:stopAndJoin(115)) - StateMachineUpdater:0125f011-55c1-4065-977c-843a08f08196:group-3491F7A6FFA3: set stopIndex = 0
2019-09-12 11:42:37,294 [ForkJoinPool.commonPool-worker-0] INFO  util.JmxRegister (JmxRegister.java:unregister(73)) - Successfully un-registered JMX Bean with object name Ratis:service=RaftServer,group=group-26BB09185567,id=79dd4a67-b0bc-4c7d-8a5b-15c0f4627f39
2019-09-12 11:42:37,294 [Thread-1072] INFO  impl.RaftServerImpl (ServerState.java:close(394)) - 0125f011-55c1-4065-977c-843a08f08196:group-3491F7A6FFA3 closes. The last applied log index is 0
2019-09-12 11:42:37,295 [ForkJoinPool.commonPool-worker-0] INFO  impl.RoleInfo (RoleInfo.java:shutdownLeaderState(104)) - 79dd4a67-b0bc-4c7d-8a5b-15c0f4627f39: shutdown LeaderState
2019-09-12 11:42:37,295 [0125f011-55c1-4065-977c-843a08f08196-SegmentedRaftLogWorker:Storage Directory /workdir/hadoop-ozone/ozonefs/target/test-dir/MiniOzoneClusterImpl-fdcb41f5-4f3a-4aa8-8a5f-fd4c24aaf455/datanode-1/data/ratis/75208e7f-275a-492b-aeb3-3491f7a6ffa3] INFO  segmented.SegmentedRaftLogWorker (SegmentedRaftLogWorker.java:run(313)) - 0125f011-55c1-4065-977c-843a08f08196-SegmentedRaftLogWorker:Storage Directory /workdir/hadoop-ozone/ozonefs/target/test-dir/MiniOzoneClusterImpl-fdcb41f5-4f3a-4aa8-8a5f-fd4c24aaf455/datanode-1/data/ratis/75208e7f-275a-492b-aeb3-3491f7a6ffa3 was interrupted, exiting. There are 0 tasks remaining in the queue.
2019-09-12 11:42:37,295 [ForkJoinPool.commonPool-worker-0] INFO  impl.PendingRequests (PendingRequests.java:sendNotLeaderResponses(202)) - 79dd4a67-b0bc-4c7d-8a5b-15c0f4627f39-PendingRequests: sendNotLeaderResponses
2019-09-12 11:42:37,295 [Thread-1072] INFO  segmented.SegmentedRaftLogWorker (SegmentedRaftLogWorker.java:close(228)) - 0125f011-55c1-4065-977c-843a08f08196-SegmentedRaftLogWorker:Storage Directory /workdir/hadoop-ozone/ozonefs/target/test-dir/MiniOzoneClusterImpl-fdcb41f5-4f3a-4aa8-8a5f-fd4c24aaf455/datanode-1/data/ratis/75208e7f-275a-492b-aeb3-3491f7a6ffa3 close()
2019-09-12 11:42:37,295 [ForkJoinPool.commonPool-worker-0] INFO  impl.StateMachineUpdater (StateMachineUpdater.java:stopAndJoin(115)) - StateMachineUpdater:79dd4a67-b0bc-4c7d-8a5b-15c0f4627f39:group-26BB09185567: set stopIndex = 0
2019-09-12 11:42:37,296 [Thread-1072] INFO  impl.RaftServerImpl (RaftServerImpl.java:lambda$shutdown$3(245)) - 0125f011-55c1-4065-977c-843a08f08196: shutdown group-37BEB99A3CA3
2019-09-12 11:42:37,296 [ForkJoinPool.commonPool-worker-0] INFO  impl.RaftServerImpl (ServerState.java:close(394)) - 79dd4a67-b0bc-4c7d-8a5b-15c0f4627f39:group-26BB09185567 closes. The last applied log index is 0
2019-09-12 11:42:37,296 [Thread-1072] INFO  util.JmxRegister (JmxRegister.java:unregister(73)) - Successfully un-registered JMX Bean with object name Ratis:service=RaftServer,group=group-37BEB99A3CA3,id=0125f011-55c1-4065-977c-843a08f08196
2019-09-12 11:42:37,297 [Thread-1072] INFO  impl.RoleInfo (RoleInfo.java:shutdownLeaderState(104)) - 0125f011-55c1-4065-977c-843a08f08196: shutdown LeaderState
2019-09-12 11:42:37,297 [79dd4a67-b0bc-4c7d-8a5b-15c0f4627f39-SegmentedRaftLogWorker:Storage Directory /workdir/hadoop-ozone/ozonefs/target/test-dir/MiniOzoneClusterImpl-fdcb41f5-4f3a-4aa8-8a5f-fd4c24aaf455/datanode-0/data/ratis/2f3988e6-ab03-4977-b1f2-26bb09185567] INFO  segmented.SegmentedRaftLogWorker (SegmentedRaftLogWorker.java:run(313)) - 79dd4a67-b0bc-4c7d-8a5b-15c0f4627f39-SegmentedRaftLogWorker:Storage Directory /workdir/hadoop-ozone/ozonefs/target/test-dir/MiniOzoneClusterImpl-fdcb41f5-4f3a-4aa8-8a5f-fd4c24aaf455/datanode-0/data/ratis/2f3988e6-ab03-4977-b1f2-26bb09185567 was interrupted, exiting. There are 0 tasks remaining in the queue.
2019-09-12 11:42:37,297 [Thread-1072] INFO  impl.PendingRequests (PendingRequests.java:sendNotLeaderResponses(202)) - 0125f011-55c1-4065-977c-843a08f08196-PendingRequests: sendNotLeaderResponses
2019-09-12 11:42:37,297 [ForkJoinPool.commonPool-worker-0] INFO  segmented.SegmentedRaftLogWorker (SegmentedRaftLogWorker.java:close(228)) - 79dd4a67-b0bc-4c7d-8a5b-15c0f4627f39-SegmentedRaftLogWorker:Storage Directory /workdir/hadoop-ozone/ozonefs/target/test-dir/MiniOzoneClusterImpl-fdcb41f5-4f3a-4aa8-8a5f-fd4c24aaf455/datanode-0/data/ratis/2f3988e6-ab03-4977-b1f2-26bb09185567 close()
2019-09-12 11:42:37,297 [Thread-1072] INFO  impl.StateMachineUpdater (StateMachineUpdater.java:stopAndJoin(115)) - StateMachineUpdater:0125f011-55c1-4065-977c-843a08f08196:group-37BEB99A3CA3: set stopIndex = 0
2019-09-12 11:42:37,298 [ForkJoinPool.commonPool-worker-0] INFO  server.GrpcService (GrpcService.java:closeImpl(155)) - 79dd4a67-b0bc-4c7d-8a5b-15c0f4627f39: shutdown server with port 34031 now
2019-09-12 11:42:37,298 [Thread-1072] INFO  impl.RaftServerImpl (ServerState.java:close(394)) - 0125f011-55c1-4065-977c-843a08f08196:group-37BEB99A3CA3 closes. The last applied log index is 0
2019-09-12 11:42:37,300 [0125f011-55c1-4065-977c-843a08f08196-SegmentedRaftLogWorker:Storage Directory /workdir/hadoop-ozone/ozonefs/target/test-dir/MiniOzoneClusterImpl-fdcb41f5-4f3a-4aa8-8a5f-fd4c24aaf455/datanode-1/data/ratis/f85638d4-3ea8-4d14-9133-37beb99a3ca3] INFO  segmented.SegmentedRaftLogWorker (SegmentedRaftLogWorker.java:run(313)) - 0125f011-55c1-4065-977c-843a08f08196-SegmentedRaftLogWorker:Storage Directory /workdir/hadoop-ozone/ozonefs/target/test-dir/MiniOzoneClusterImpl-fdcb41f5-4f3a-4aa8-8a5f-fd4c24aaf455/datanode-1/data/ratis/f85638d4-3ea8-4d14-9133-37beb99a3ca3 was interrupted, exiting. There are 0 tasks remaining in the queue.
2019-09-12 11:42:37,300 [ForkJoinPool.commonPool-worker-0] INFO  server.GrpcService (GrpcService.java:closeImpl(163)) - 79dd4a67-b0bc-4c7d-8a5b-15c0f4627f39: shutdown server with port 34031 successfully
2019-09-12 11:42:37,300 [Thread-1072] INFO  segmented.SegmentedRaftLogWorker (SegmentedRaftLogWorker.java:close(228)) - 0125f011-55c1-4065-977c-843a08f08196-SegmentedRaftLogWorker:Storage Directory /workdir/hadoop-ozone/ozonefs/target/test-dir/MiniOzoneClusterImpl-fdcb41f5-4f3a-4aa8-8a5f-fd4c24aaf455/datanode-1/data/ratis/f85638d4-3ea8-4d14-9133-37beb99a3ca3 close()
2019-09-12 11:42:37,301 [Thread-1072] INFO  server.GrpcService (GrpcService.java:closeImpl(155)) - 0125f011-55c1-4065-977c-843a08f08196: shutdown server with port 45066 now
2019-09-12 11:42:37,301 [ForkJoinPool.commonPool-worker-0] INFO  utils.BackgroundService (BackgroundService.java:shutdown(148)) - Shutting down service BlockDeletingService
2019-09-12 11:42:37,302 [Thread-1072] INFO  server.GrpcService (GrpcService.java:closeImpl(163)) - 0125f011-55c1-4065-977c-843a08f08196: shutdown server with port 45066 successfully
2019-09-12 11:42:37,303 [refreshUsed-/workdir/hadoop-ozone/ozonefs/target/test-dir/MiniOzoneClusterImpl-fdcb41f5-4f3a-4aa8-8a5f-fd4c24aaf455/datanode-0/data/containers] WARN  fs.CachingGetSpaceUsed (CachingGetSpaceUsed.java:run(183)) - Thread Interrupted waiting to refresh disk information: sleep interrupted
2019-09-12 11:42:37,304 [Thread-1072] INFO  utils.BackgroundService (BackgroundService.java:shutdown(148)) - Shutting down service BlockDeletingService
2019-09-12 11:42:37,305 [refreshUsed-/workdir/hadoop-ozone/ozonefs/target/test-dir/MiniOzoneClusterImpl-fdcb41f5-4f3a-4aa8-8a5f-fd4c24aaf455/datanode-1/data/containers] WARN  fs.CachingGetSpaceUsed (CachingGetSpaceUsed.java:run(183)) - Thread Interrupted waiting to refresh disk information: sleep interrupted
2019-09-12 11:42:37,329 [ForkJoinPool.commonPool-worker-0] INFO  statemachine.DatanodeStateMachine (DatanodeStateMachine.java:stopDaemon(395)) - Ozone container server stopped.
2019-09-12 11:42:37,332 [ForkJoinPool.commonPool-worker-0] INFO  handler.ContextHandler (ContextHandler.java:doStop(910)) - Stopped o.e.j.w.WebAppContext@7ec9ef6b{/,null,UNAVAILABLE}{/hddsDatanode}
2019-09-12 11:42:37,333 [ForkJoinPool.commonPool-worker-0] INFO  server.AbstractConnector (AbstractConnector.java:doStop(318)) - Stopped ServerConnector@594bdb74{HTTP/1.1,[http/1.1]}{0.0.0.0:0}
2019-09-12 11:42:37,334 [ForkJoinPool.commonPool-worker-0] INFO  handler.ContextHandler (ContextHandler.java:doStop(910)) - Stopped o.e.j.s.ServletContextHandler@18863cfc{/static,jar:file:/home/user/.m2/repository/org/apache/hadoop/hadoop-hdds-container-service/0.5.0-SNAPSHOT/hadoop-hdds-container-service-0.5.0-SNAPSHOT.jar!/webapps/static,UNAVAILABLE}
2019-09-12 11:42:37,335 [ForkJoinPool.commonPool-worker-0] INFO  handler.ContextHandler (ContextHandler.java:doStop(910)) - Stopped o.e.j.s.ServletContextHandler@43d26ffe{/logs,file:///workdir/hadoop-ozone/ozonefs/target/log,UNAVAILABLE}
2019-09-12 11:42:37,336 [ForkJoinPool.commonPool-worker-0] INFO  datanode.ObjectStoreHandler (ObjectStoreHandler.java:close(155)) - Closing ObjectStoreHandler.
2019-09-12 11:42:37,337 [Thread-1072] INFO  statemachine.DatanodeStateMachine (DatanodeStateMachine.java:stopDaemon(395)) - Ozone container server stopped.
2019-09-12 11:42:37,337 [ForkJoinPool.commonPool-worker-0] INFO  ozone.HddsDatanodeService (HddsDatanodeService.java:stop(451)) - Stopped plug-in org.apache.hadoop.ozone.web.OzoneHddsDatanodeService@287d49b0
2019-09-12 11:42:37,338 [Thread-1072] INFO  handler.ContextHandler (ContextHandler.java:doStop(910)) - Stopped o.e.j.w.WebAppContext@1eaac1c8{/,null,UNAVAILABLE}{/hddsDatanode}
2019-09-12 11:42:37,338 [Thread-1072] INFO  server.AbstractConnector (AbstractConnector.java:doStop(318)) - Stopped ServerConnector@28789ded{HTTP/1.1,[http/1.1]}{0.0.0.0:0}
2019-09-12 11:42:37,339 [Thread-1072] INFO  handler.ContextHandler (ContextHandler.java:doStop(910)) - Stopped o.e.j.s.ServletContextHandler@1156c3a8{/static,jar:file:/home/user/.m2/repository/org/apache/hadoop/hadoop-hdds-container-service/0.5.0-SNAPSHOT/hadoop-hdds-container-service-0.5.0-SNAPSHOT.jar!/webapps/static,UNAVAILABLE}
2019-09-12 11:42:37,339 [Thread-1072] INFO  handler.ContextHandler (ContextHandler.java:doStop(910)) - Stopped o.e.j.s.ServletContextHandler@7cac821a{/logs,file:///workdir/hadoop-ozone/ozonefs/target/log,UNAVAILABLE}
2019-09-12 11:42:38,006 [Datanode State Machine Thread - 0] INFO  statemachine.DatanodeStateMachine (DatanodeStateMachine.java:lambda$startDaemon$0(350)) - Ozone container server started.
2019-09-12 11:42:42,338 [ForkJoinPool.commonPool-worker-0] INFO  ozoneimpl.OzoneContainer (OzoneContainer.java:stop(199)) - Attempting to stop container services.
2019-09-12 11:42:42,339 [ForkJoinPool.commonPool-worker-0] INFO  impl.RaftServerProxy (RaftServerProxy.java:lambda$close$4(314)) - 3e1721dd-7503-4079-878a-cd8da34f7a9a: close
2019-09-12 11:42:42,339 [ForkJoinPool.commonPool-worker-0] INFO  impl.RaftServerImpl (RaftServerImpl.java:lambda$shutdown$3(245)) - 3e1721dd-7503-4079-878a-cd8da34f7a9a: shutdown group-7E9CD5E9C2C6
2019-09-12 11:42:42,339 [ForkJoinPool.commonPool-worker-0] INFO  util.JmxRegister (JmxRegister.java:unregister(73)) - Successfully un-registered JMX Bean with object name Ratis:service=RaftServer,group=group-7E9CD5E9C2C6,id=3e1721dd-7503-4079-878a-cd8da34f7a9a
2019-09-12 11:42:42,340 [ForkJoinPool.commonPool-worker-0] INFO  impl.RoleInfo (RoleInfo.java:shutdownLeaderState(104)) - 3e1721dd-7503-4079-878a-cd8da34f7a9a: shutdown LeaderState
2019-09-12 11:42:42,340 [ForkJoinPool.commonPool-worker-0] INFO  impl.PendingRequests (PendingRequests.java:sendNotLeaderResponses(202)) - 3e1721dd-7503-4079-878a-cd8da34f7a9a-PendingRequests: sendNotLeaderResponses
2019-09-12 11:42:42,340 [ForkJoinPool.commonPool-worker-0] INFO  impl.StateMachineUpdater (StateMachineUpdater.java:stopAndJoin(115)) - StateMachineUpdater:3e1721dd-7503-4079-878a-cd8da34f7a9a:group-7E9CD5E9C2C6: set stopIndex = 0
2019-09-12 11:42:42,340 [ForkJoinPool.commonPool-worker-0] INFO  impl.RaftServerImpl (ServerState.java:close(394)) - 3e1721dd-7503-4079-878a-cd8da34f7a9a:group-7E9CD5E9C2C6 closes. The last applied log index is 0
2019-09-12 11:42:42,341 [3e1721dd-7503-4079-878a-cd8da34f7a9a-SegmentedRaftLogWorker:Storage Directory /workdir/hadoop-ozone/ozonefs/target/test-dir/MiniOzoneClusterImpl-fdcb41f5-4f3a-4aa8-8a5f-fd4c24aaf455/datanode-2/data/ratis/333651b9-8bc8-460e-bdef-7e9cd5e9c2c6] INFO  segmented.SegmentedRaftLogWorker (SegmentedRaftLogWorker.java:run(313)) - 3e1721dd-7503-4079-878a-cd8da34f7a9a-SegmentedRaftLogWorker:Storage Directory /workdir/hadoop-ozone/ozonefs/target/test-dir/MiniOzoneClusterImpl-fdcb41f5-4f3a-4aa8-8a5f-fd4c24aaf455/datanode-2/data/ratis/333651b9-8bc8-460e-bdef-7e9cd5e9c2c6 was interrupted, exiting. There are 0 tasks remaining in the queue.
2019-09-12 11:42:42,341 [ForkJoinPool.commonPool-worker-0] INFO  segmented.SegmentedRaftLogWorker (SegmentedRaftLogWorker.java:close(228)) - 3e1721dd-7503-4079-878a-cd8da34f7a9a-SegmentedRaftLogWorker:Storage Directory /workdir/hadoop-ozone/ozonefs/target/test-dir/MiniOzoneClusterImpl-fdcb41f5-4f3a-4aa8-8a5f-fd4c24aaf455/datanode-2/data/ratis/333651b9-8bc8-460e-bdef-7e9cd5e9c2c6 close()
2019-09-12 11:42:42,342 [ForkJoinPool.commonPool-worker-0] INFO  impl.RaftServerImpl (RaftServerImpl.java:lambda$shutdown$3(245)) - 3e1721dd-7503-4079-878a-cd8da34f7a9a: shutdown group-820B53B85454
2019-09-12 11:42:42,342 [ForkJoinPool.commonPool-worker-0] INFO  util.JmxRegister (JmxRegister.java:unregister(73)) - Successfully un-registered JMX Bean with object name Ratis:service=RaftServer,group=group-820B53B85454,id=3e1721dd-7503-4079-878a-cd8da34f7a9a
2019-09-12 11:42:42,342 [ForkJoinPool.commonPool-worker-0] INFO  impl.RoleInfo (RoleInfo.java:shutdownLeaderState(104)) - 3e1721dd-7503-4079-878a-cd8da34f7a9a: shutdown LeaderState
2019-09-12 11:42:42,343 [ForkJoinPool.commonPool-worker-0] INFO  impl.PendingRequests (PendingRequests.java:sendNotLeaderResponses(202)) - 3e1721dd-7503-4079-878a-cd8da34f7a9a-PendingRequests: sendNotLeaderResponses
2019-09-12 11:42:42,343 [ForkJoinPool.commonPool-worker-0] INFO  impl.StateMachineUpdater (StateMachineUpdater.java:stopAndJoin(115)) - StateMachineUpdater:3e1721dd-7503-4079-878a-cd8da34f7a9a:group-820B53B85454: set stopIndex = 0
2019-09-12 11:42:42,343 [ForkJoinPool.commonPool-worker-0] INFO  impl.RaftServerImpl (ServerState.java:close(394)) - 3e1721dd-7503-4079-878a-cd8da34f7a9a:group-820B53B85454 closes. The last applied log index is 0
2019-09-12 11:42:42,344 [3e1721dd-7503-4079-878a-cd8da34f7a9a-SegmentedRaftLogWorker:Storage Directory /workdir/hadoop-ozone/ozonefs/target/test-dir/MiniOzoneClusterImpl-fdcb41f5-4f3a-4aa8-8a5f-fd4c24aaf455/datanode-2/data/ratis/262ed77f-63f8-4163-bd8b-820b53b85454] INFO  segmented.SegmentedRaftLogWorker (SegmentedRaftLogWorker.java:run(313)) - 3e1721dd-7503-4079-878a-cd8da34f7a9a-SegmentedRaftLogWorker:Storage Directory /workdir/hadoop-ozone/ozonefs/target/test-dir/MiniOzoneClusterImpl-fdcb41f5-4f3a-4aa8-8a5f-fd4c24aaf455/datanode-2/data/ratis/262ed77f-63f8-4163-bd8b-820b53b85454 was interrupted, exiting. There are 0 tasks remaining in the queue.
2019-09-12 11:42:42,344 [ForkJoinPool.commonPool-worker-0] INFO  segmented.SegmentedRaftLogWorker (SegmentedRaftLogWorker.java:close(228)) - 3e1721dd-7503-4079-878a-cd8da34f7a9a-SegmentedRaftLogWorker:Storage Directory /workdir/hadoop-ozone/ozonefs/target/test-dir/MiniOzoneClusterImpl-fdcb41f5-4f3a-4aa8-8a5f-fd4c24aaf455/datanode-2/data/ratis/262ed77f-63f8-4163-bd8b-820b53b85454 close()
2019-09-12 11:42:42,344 [ForkJoinPool.commonPool-worker-0] INFO  impl.RaftServerImpl (RaftServerImpl.java:lambda$shutdown$3(245)) - 3e1721dd-7503-4079-878a-cd8da34f7a9a: shutdown group-68B6885CD539
2019-09-12 11:42:42,344 [ForkJoinPool.commonPool-worker-0] INFO  util.JmxRegister (JmxRegister.java:unregister(73)) - Successfully un-registered JMX Bean with object name Ratis:service=RaftServer,group=group-68B6885CD539,id=3e1721dd-7503-4079-878a-cd8da34f7a9a
2019-09-12 11:42:42,345 [ForkJoinPool.commonPool-worker-0] INFO  impl.RoleInfo (RoleInfo.java:shutdownLeaderState(104)) - 3e1721dd-7503-4079-878a-cd8da34f7a9a: shutdown LeaderState
2019-09-12 11:42:42,345 [ForkJoinPool.commonPool-worker-0] INFO  impl.PendingRequests (PendingRequests.java:sendNotLeaderResponses(202)) - 3e1721dd-7503-4079-878a-cd8da34f7a9a-PendingRequests: sendNotLeaderResponses
2019-09-12 11:42:42,345 [ForkJoinPool.commonPool-worker-0] INFO  impl.StateMachineUpdater (StateMachineUpdater.java:stopAndJoin(115)) - StateMachineUpdater:3e1721dd-7503-4079-878a-cd8da34f7a9a:group-68B6885CD539: set stopIndex = 0
2019-09-12 11:42:42,345 [ForkJoinPool.commonPool-worker-0] INFO  impl.RaftServerImpl (ServerState.java:close(394)) - 3e1721dd-7503-4079-878a-cd8da34f7a9a:group-68B6885CD539 closes. The last applied log index is 0
2019-09-12 11:42:42,346 [3e1721dd-7503-4079-878a-cd8da34f7a9a-SegmentedRaftLogWorker:Storage Directory /workdir/hadoop-ozone/ozonefs/target/test-dir/MiniOzoneClusterImpl-fdcb41f5-4f3a-4aa8-8a5f-fd4c24aaf455/datanode-2/data/ratis/3ded5f51-cdcd-4685-b5d1-68b6885cd539] INFO  segmented.SegmentedRaftLogWorker (SegmentedRaftLogWorker.java:run(313)) - 3e1721dd-7503-4079-878a-cd8da34f7a9a-SegmentedRaftLogWorker:Storage Directory /workdir/hadoop-ozone/ozonefs/target/test-dir/MiniOzoneClusterImpl-fdcb41f5-4f3a-4aa8-8a5f-fd4c24aaf455/datanode-2/data/ratis/3ded5f51-cdcd-4685-b5d1-68b6885cd539 was interrupted, exiting. There are 0 tasks remaining in the queue.
2019-09-12 11:42:42,346 [ForkJoinPool.commonPool-worker-0] INFO  segmented.SegmentedRaftLogWorker (SegmentedRaftLogWorker.java:close(228)) - 3e1721dd-7503-4079-878a-cd8da34f7a9a-SegmentedRaftLogWorker:Storage Directory /workdir/hadoop-ozone/ozonefs/target/test-dir/MiniOzoneClusterImpl-fdcb41f5-4f3a-4aa8-8a5f-fd4c24aaf455/datanode-2/data/ratis/3ded5f51-cdcd-4685-b5d1-68b6885cd539 close()
2019-09-12 11:42:42,346 [ForkJoinPool.commonPool-worker-0] INFO  impl.RaftServerImpl (RaftServerImpl.java:lambda$shutdown$3(245)) - 3e1721dd-7503-4079-878a-cd8da34f7a9a: shutdown group-3D21BA294D39
2019-09-12 11:42:42,346 [ForkJoinPool.commonPool-worker-0] INFO  util.JmxRegister (JmxRegister.java:unregister(73)) - Successfully un-registered JMX Bean with object name Ratis:service=RaftServer,group=group-3D21BA294D39,id=3e1721dd-7503-4079-878a-cd8da34f7a9a
2019-09-12 11:42:42,346 [ForkJoinPool.commonPool-worker-0] INFO  impl.RoleInfo (RoleInfo.java:shutdownLeaderState(104)) - 3e1721dd-7503-4079-878a-cd8da34f7a9a: shutdown LeaderState
2019-09-12 11:42:42,347 [ForkJoinPool.commonPool-worker-0] INFO  impl.PendingRequests (PendingRequests.java:sendNotLeaderResponses(202)) - 3e1721dd-7503-4079-878a-cd8da34f7a9a-PendingRequests: sendNotLeaderResponses
2019-09-12 11:42:42,347 [ForkJoinPool.commonPool-worker-0] INFO  impl.StateMachineUpdater (StateMachineUpdater.java:stopAndJoin(115)) - StateMachineUpdater:3e1721dd-7503-4079-878a-cd8da34f7a9a:group-3D21BA294D39: set stopIndex = 0
2019-09-12 11:42:42,347 [ForkJoinPool.commonPool-worker-0] INFO  impl.RaftServerImpl (ServerState.java:close(394)) - 3e1721dd-7503-4079-878a-cd8da34f7a9a:group-3D21BA294D39 closes. The last applied log index is 0
2019-09-12 11:42:42,348 [3e1721dd-7503-4079-878a-cd8da34f7a9a-SegmentedRaftLogWorker:Storage Directory /workdir/hadoop-ozone/ozonefs/target/test-dir/MiniOzoneClusterImpl-fdcb41f5-4f3a-4aa8-8a5f-fd4c24aaf455/datanode-2/data/ratis/673205c4-8323-4195-9d91-3d21ba294d39] INFO  segmented.SegmentedRaftLogWorker (SegmentedRaftLogWorker.java:run(313)) - 3e1721dd-7503-4079-878a-cd8da34f7a9a-SegmentedRaftLogWorker:Storage Directory /workdir/hadoop-ozone/ozonefs/target/test-dir/MiniOzoneClusterImpl-fdcb41f5-4f3a-4aa8-8a5f-fd4c24aaf455/datanode-2/data/ratis/673205c4-8323-4195-9d91-3d21ba294d39 was interrupted, exiting. There are 0 tasks remaining in the queue.
2019-09-12 11:42:42,348 [ForkJoinPool.commonPool-worker-0] INFO  segmented.SegmentedRaftLogWorker (SegmentedRaftLogWorker.java:close(228)) - 3e1721dd-7503-4079-878a-cd8da34f7a9a-SegmentedRaftLogWorker:Storage Directory /workdir/hadoop-ozone/ozonefs/target/test-dir/MiniOzoneClusterImpl-fdcb41f5-4f3a-4aa8-8a5f-fd4c24aaf455/datanode-2/data/ratis/673205c4-8323-4195-9d91-3d21ba294d39 close()
2019-09-12 11:42:42,348 [ForkJoinPool.commonPool-worker-0] INFO  impl.RaftServerImpl (RaftServerImpl.java:lambda$shutdown$3(245)) - 3e1721dd-7503-4079-878a-cd8da34f7a9a: shutdown group-A75C175D1550
2019-09-12 11:42:42,348 [ForkJoinPool.commonPool-worker-0] INFO  util.JmxRegister (JmxRegister.java:unregister(73)) - Successfully un-registered JMX Bean with object name Ratis:service=RaftServer,group=group-A75C175D1550,id=3e1721dd-7503-4079-878a-cd8da34f7a9a
2019-09-12 11:42:42,349 [ForkJoinPool.commonPool-worker-0] INFO  impl.RoleInfo (RoleInfo.java:shutdownLeaderState(104)) - 3e1721dd-7503-4079-878a-cd8da34f7a9a: shutdown LeaderState
2019-09-12 11:42:42,349 [ForkJoinPool.commonPool-worker-0] INFO  impl.PendingRequests (PendingRequests.java:sendNotLeaderResponses(202)) - 3e1721dd-7503-4079-878a-cd8da34f7a9a-PendingRequests: sendNotLeaderResponses
2019-09-12 11:42:42,349 [ForkJoinPool.commonPool-worker-0] INFO  impl.StateMachineUpdater (StateMachineUpdater.java:stopAndJoin(115)) - StateMachineUpdater:3e1721dd-7503-4079-878a-cd8da34f7a9a:group-A75C175D1550: set stopIndex = 0
2019-09-12 11:42:42,349 [ForkJoinPool.commonPool-worker-0] INFO  impl.RaftServerImpl (ServerState.java:close(394)) - 3e1721dd-7503-4079-878a-cd8da34f7a9a:group-A75C175D1550 closes. The last applied log index is 0
2019-09-12 11:42:42,349 [3e1721dd-7503-4079-878a-cd8da34f7a9a-SegmentedRaftLogWorker:Storage Directory /workdir/hadoop-ozone/ozonefs/target/test-dir/MiniOzoneClusterImpl-fdcb41f5-4f3a-4aa8-8a5f-fd4c24aaf455/datanode-2/data/ratis/d7ed6e96-b98d-4cb0-98f8-a75c175d1550] INFO  segmented.SegmentedRaftLogWorker (SegmentedRaftLogWorker.java:run(313)) - 3e1721dd-7503-4079-878a-cd8da34f7a9a-SegmentedRaftLogWorker:Storage Directory /workdir/hadoop-ozone/ozonefs/target/test-dir/MiniOzoneClusterImpl-fdcb41f5-4f3a-4aa8-8a5f-fd4c24aaf455/datanode-2/data/ratis/d7ed6e96-b98d-4cb0-98f8-a75c175d1550 was interrupted, exiting. There are 0 tasks remaining in the queue.
2019-09-12 11:42:42,350 [ForkJoinPool.commonPool-worker-0] INFO  segmented.SegmentedRaftLogWorker (SegmentedRaftLogWorker.java:close(228)) - 3e1721dd-7503-4079-878a-cd8da34f7a9a-SegmentedRaftLogWorker:Storage Directory /workdir/hadoop-ozone/ozonefs/target/test-dir/MiniOzoneClusterImpl-fdcb41f5-4f3a-4aa8-8a5f-fd4c24aaf455/datanode-2/data/ratis/d7ed6e96-b98d-4cb0-98f8-a75c175d1550 close()
2019-09-12 11:42:42,350 [ForkJoinPool.commonPool-worker-0] INFO  impl.RaftServerImpl (RaftServerImpl.java:lambda$shutdown$3(245)) - 3e1721dd-7503-4079-878a-cd8da34f7a9a: shutdown group-5E1A405FAF00
2019-09-12 11:42:42,350 [ForkJoinPool.commonPool-worker-0] INFO  util.JmxRegister (JmxRegister.java:unregister(73)) - Successfully un-registered JMX Bean with object name Ratis:service=RaftServer,group=group-5E1A405FAF00,id=3e1721dd-7503-4079-878a-cd8da34f7a9a
2019-09-12 11:42:42,350 [ForkJoinPool.commonPool-worker-0] INFO  impl.RoleInfo (RoleInfo.java:shutdownLeaderState(104)) - 3e1721dd-7503-4079-878a-cd8da34f7a9a: shutdown LeaderState
2019-09-12 11:42:42,351 [ForkJoinPool.commonPool-worker-0] INFO  impl.PendingRequests (PendingRequests.java:sendNotLeaderResponses(202)) - 3e1721dd-7503-4079-878a-cd8da34f7a9a-PendingRequests: sendNotLeaderResponses
2019-09-12 11:42:42,351 [ForkJoinPool.commonPool-worker-0] INFO  impl.StateMachineUpdater (StateMachineUpdater.java:stopAndJoin(115)) - StateMachineUpdater:3e1721dd-7503-4079-878a-cd8da34f7a9a:group-5E1A405FAF00: set stopIndex = 0
2019-09-12 11:42:42,351 [ForkJoinPool.commonPool-worker-0] INFO  impl.RaftServerImpl (ServerState.java:close(394)) - 3e1721dd-7503-4079-878a-cd8da34f7a9a:group-5E1A405FAF00 closes. The last applied log index is 0
2019-09-12 11:42:42,351 [3e1721dd-7503-4079-878a-cd8da34f7a9a-SegmentedRaftLogWorker:Storage Directory /workdir/hadoop-ozone/ozonefs/target/test-dir/MiniOzoneClusterImpl-fdcb41f5-4f3a-4aa8-8a5f-fd4c24aaf455/datanode-2/data/ratis/9cf5aec5-b587-405a-9b77-5e1a405faf00] INFO  segmented.SegmentedRaftLogWorker (SegmentedRaftLogWorker.java:run(313)) - 3e1721dd-7503-4079-878a-cd8da34f7a9a-SegmentedRaftLogWorker:Storage Directory /workdir/hadoop-ozone/ozonefs/target/test-dir/MiniOzoneClusterImpl-fdcb41f5-4f3a-4aa8-8a5f-fd4c24aaf455/datanode-2/data/ratis/9cf5aec5-b587-405a-9b77-5e1a405faf00 was interrupted, exiting. There are 0 tasks remaining in the queue.
2019-09-12 11:42:42,351 [ForkJoinPool.commonPool-worker-0] INFO  segmented.SegmentedRaftLogWorker (SegmentedRaftLogWorker.java:close(228)) - 3e1721dd-7503-4079-878a-cd8da34f7a9a-SegmentedRaftLogWorker:Storage Directory /workdir/hadoop-ozone/ozonefs/target/test-dir/MiniOzoneClusterImpl-fdcb41f5-4f3a-4aa8-8a5f-fd4c24aaf455/datanode-2/data/ratis/9cf5aec5-b587-405a-9b77-5e1a405faf00 close()
2019-09-12 11:42:42,352 [ForkJoinPool.commonPool-worker-0] INFO  server.GrpcService (GrpcService.java:closeImpl(155)) - 3e1721dd-7503-4079-878a-cd8da34f7a9a: shutdown server with port 40369 now
2019-09-12 11:42:42,353 [ForkJoinPool.commonPool-worker-0] INFO  server.GrpcService (GrpcService.java:closeImpl(163)) - 3e1721dd-7503-4079-878a-cd8da34f7a9a: shutdown server with port 40369 successfully
2019-09-12 11:42:42,355 [ForkJoinPool.commonPool-worker-0] INFO  utils.BackgroundService (BackgroundService.java:shutdown(148)) - Shutting down service BlockDeletingService
2019-09-12 11:42:42,359 [refreshUsed-/workdir/hadoop-ozone/ozonefs/target/test-dir/MiniOzoneClusterImpl-fdcb41f5-4f3a-4aa8-8a5f-fd4c24aaf455/datanode-2/data/containers] WARN  fs.CachingGetSpaceUsed (CachingGetSpaceUsed.java:run(183)) - Thread Interrupted waiting to refresh disk information: sleep interrupted
2019-09-12 11:42:42,378 [ForkJoinPool.commonPool-worker-0] INFO  statemachine.DatanodeStateMachine (DatanodeStateMachine.java:stopDaemon(395)) - Ozone container server stopped.
2019-09-12 11:42:42,380 [ForkJoinPool.commonPool-worker-0] INFO  handler.ContextHandler (ContextHandler.java:doStop(910)) - Stopped o.e.j.w.WebAppContext@c7afb7f{/,null,UNAVAILABLE}{/hddsDatanode}
2019-09-12 11:42:42,381 [ForkJoinPool.commonPool-worker-0] INFO  server.AbstractConnector (AbstractConnector.java:doStop(318)) - Stopped ServerConnector@2ed16d88{HTTP/1.1,[http/1.1]}{0.0.0.0:0}
2019-09-12 11:42:42,381 [ForkJoinPool.commonPool-worker-0] INFO  handler.ContextHandler (ContextHandler.java:doStop(910)) - Stopped o.e.j.s.ServletContextHandler@380031f6{/static,jar:file:/home/user/.m2/repository/org/apache/hadoop/hadoop-hdds-container-service/0.5.0-SNAPSHOT/hadoop-hdds-container-service-0.5.0-SNAPSHOT.jar!/webapps/static,UNAVAILABLE}
2019-09-12 11:42:42,382 [ForkJoinPool.commonPool-worker-0] INFO  handler.ContextHandler (ContextHandler.java:doStop(910)) - Stopped o.e.j.s.ServletContextHandler@733e9fb1{/logs,file:///workdir/hadoop-ozone/ozonefs/target/log,UNAVAILABLE}
2019-09-12 11:42:42,383 [Thread-1072] INFO  ozone.MiniOzoneClusterImpl (MiniOzoneClusterImpl.java:stop(353)) - Stopping the StorageContainerManager
2019-09-12 11:42:42,383 [Thread-1072] INFO  server.StorageContainerManager (StorageContainerManager.java:stop(797)) - Stopping Replication Manager Service.
2019-09-12 11:42:42,383 [Thread-1072] INFO  container.ReplicationManager (ReplicationManager.java:stop(192)) - Stopping Replication Monitor Thread.
2019-09-12 11:42:42,384 [Thread-1072] INFO  server.StorageContainerManager (StorageContainerManager.java:stop(804)) - Stopping Lease Manager of the command watchers
2019-09-12 11:42:42,384 [Thread-1072] INFO  server.StorageContainerManager (StorageContainerManager.java:stop(811)) - Stopping datanode service RPC server
2019-09-12 11:42:42,384 [Thread-1072] INFO  server.SCMDatanodeProtocolServer (SCMDatanodeProtocolServer.java:stop(367)) - Stopping the RPC server for DataNodes
2019-09-12 11:42:42,384 [Thread-1072] INFO  ipc.Server (Server.java:stop(3082)) - Stopping server on 33448
2019-09-12 11:42:42,388 [IPC Server listener on 33448] INFO  ipc.Server (Server.java:run(1185)) - Stopping IPC Server listener on 33448
2019-09-12 11:42:42,388 [IPC Server Responder] INFO  ipc.Server (Server.java:run(1319)) - Stopping IPC Server Responder
2019-09-12 11:42:42,437 [SCM Heartbeat Processing Thread - 0] WARN  node.NodeStateManager (NodeStateManager.java:scheduleNextHealthCheck(655)) - Current Thread is interrupted, shutting down HB processing thread for Node Manager.
2019-09-12 11:42:42,437 [Thread-1072] INFO  server.StorageContainerManager (StorageContainerManager.java:stop(819)) - Stopping block service RPC server
2019-09-12 11:42:42,437 [Thread-1072] INFO  server.SCMBlockProtocolServer (SCMBlockProtocolServer.java:stop(148)) - Stopping the RPC server for Block Protocol
2019-09-12 11:42:42,437 [Thread-1072] INFO  ipc.Server (Server.java:stop(3082)) - Stopping server on 46077
2019-09-12 11:42:42,438 [Thread-1072] INFO  server.StorageContainerManager (StorageContainerManager.java:stop(826)) - Stopping the StorageContainerLocationProtocol RPC server
2019-09-12 11:42:42,439 [Thread-1072] INFO  server.SCMClientProtocolServer (SCMClientProtocolServer.java:stop(159)) - Stopping the RPC server for Client Protocol
2019-09-12 11:42:42,440 [Thread-1072] INFO  ipc.Server (Server.java:stop(3082)) - Stopping server on 37047
2019-09-12 11:42:42,442 [IPC Server Responder] INFO  ipc.Server (Server.java:run(1319)) - Stopping IPC Server Responder
2019-09-12 11:42:42,442 [Thread-1072] INFO  server.StorageContainerManager (StorageContainerManager.java:stop(833)) - Stopping Storage Container Manager HTTP server.
2019-09-12 11:42:42,442 [IPC Server listener on 46077] INFO  ipc.Server (Server.java:run(1185)) - Stopping IPC Server listener on 46077
2019-09-12 11:42:42,443 [IPC Server listener on 37047] INFO  ipc.Server (Server.java:run(1185)) - Stopping IPC Server listener on 37047
2019-09-12 11:42:42,443 [IPC Server Responder] INFO  ipc.Server (Server.java:run(1319)) - Stopping IPC Server Responder
2019-09-12 11:42:42,445 [Thread-1072] INFO  handler.ContextHandler (ContextHandler.java:doStop(910)) - Stopped o.e.j.w.WebAppContext@1f49b5a8{/,null,UNAVAILABLE}{/scm}
2019-09-12 11:42:42,446 [Thread-1072] INFO  server.AbstractConnector (AbstractConnector.java:doStop(318)) - Stopped ServerConnector@5a7aa2bb{HTTP/1.1,[http/1.1]}{0.0.0.0:0}
2019-09-12 11:42:42,446 [Thread-1072] INFO  handler.ContextHandler (ContextHandler.java:doStop(910)) - Stopped o.e.j.s.ServletContextHandler@440203f1{/static,jar:file:/home/user/.m2/repository/org/apache/hadoop/hadoop-hdds-server-scm/0.5.0-SNAPSHOT/hadoop-hdds-server-scm-0.5.0-SNAPSHOT.jar!/webapps/static,UNAVAILABLE}
2019-09-12 11:42:42,447 [Thread-1072] INFO  handler.ContextHandler (ContextHandler.java:doStop(910)) - Stopped o.e.j.s.ServletContextHandler@49ccdd13{/logs,file:///workdir/hadoop-ozone/ozonefs/target/log,UNAVAILABLE}
2019-09-12 11:42:42,448 [Thread-1072] INFO  server.StorageContainerManager (StorageContainerManager.java:stop(844)) - Stopping Block Manager Service.
2019-09-12 11:42:42,449 [Thread-1072] INFO  utils.BackgroundService (BackgroundService.java:shutdown(148)) - Shutting down service SCMBlockDeletingService
2019-09-12 11:42:42,449 [Thread-1072] INFO  utils.BackgroundService (BackgroundService.java:shutdown(148)) - Shutting down service SCMBlockDeletingService
2019-09-12 11:42:42,450 [Thread-1072] INFO  server.StorageContainerManager (StorageContainerManager.java:stop(866)) - Stopping SCM Event Queue.
2019-09-12 11:42:42,453 [Thread-1072] INFO  impl.MetricsSystemImpl (MetricsSystemImpl.java:stop(210)) - Stopping HddsDatanode metrics system...
2019-09-12 11:42:42,457 [Thread-1072] INFO  impl.MetricsSystemImpl (MetricsSystemImpl.java:stop(216)) - HddsDatanode metrics system stopped.
]]></system-out>
    <system-err><![CDATA[Sep 12, 2019 11:42:26 AM com.sun.jersey.server.impl.application.WebApplicationImpl _initiate
INFO: Initiating Jersey application, version 'Jersey: 1.19 02/11/2015 03:25 AM'
Sep 12, 2019 11:42:26 AM com.sun.jersey.server.impl.application.WebApplicationImpl _initiate
INFO: Initiating Jersey application, version 'Jersey: 1.19 02/11/2015 03:25 AM'
Sep 12, 2019 11:42:26 AM com.sun.jersey.server.impl.application.WebApplicationImpl _initiate
INFO: Initiating Jersey application, version 'Jersey: 1.19 02/11/2015 03:25 AM'
Sep 12, 2019 11:42:32 AM com.sun.jersey.server.impl.application.WebApplicationImpl _initiate
INFO: Initiating Jersey application, version 'Jersey: 1.19 02/11/2015 03:25 AM'
]]></system-err>
  </testcase>
  <testcase name="testDeleteCreatesFakeParentDir" classname="org.apache.hadoop.fs.ozone.TestOzoneFileSystem" time="17.173">
    <error message="Allocated 0 blocks. Requested 1 blocks" type="INTERNAL_ERROR org.apache.hadoop.ozone.om.exceptions.OMException">INTERNAL_ERROR org.apache.hadoop.ozone.om.exceptions.OMException: Allocated 0 blocks. Requested 1 blocks
	at org.apache.hadoop.ozone.om.protocolPB.OzoneManagerProtocolClientSideTranslatorPB.handleError(OzoneManagerProtocolClientSideTranslatorPB.java:725)
	at org.apache.hadoop.ozone.om.protocolPB.OzoneManagerProtocolClientSideTranslatorPB.createFile(OzoneManagerProtocolClientSideTranslatorPB.java:1474)
	at org.apache.hadoop.ozone.client.rpc.RpcClient.createFile(RpcClient.java:984)
	at org.apache.hadoop.ozone.client.OzoneBucket.createFile(OzoneBucket.java:535)
	at org.apache.hadoop.fs.ozone.BasicOzoneClientAdapterImpl.createFile(BasicOzoneClientAdapterImpl.java:181)
	at org.apache.hadoop.fs.ozone.BasicOzoneFileSystem.createOutputStream(BasicOzoneFileSystem.java:249)
	at org.apache.hadoop.fs.ozone.BasicOzoneFileSystem.create(BasicOzoneFileSystem.java:230)
	at org.apache.hadoop.fs.FileSystem.create(FileSystem.java:1118)
	at org.apache.hadoop.fs.FileSystem.create(FileSystem.java:1098)
	at org.apache.hadoop.fs.FileSystem.create(FileSystem.java:987)
	at org.apache.hadoop.fs.contract.ContractTestUtils.createFile(ContractTestUtils.java:633)
	at org.apache.hadoop.fs.contract.ContractTestUtils.touch(ContractTestUtils.java:669)
	at org.apache.hadoop.fs.ozone.TestOzoneFileSystem.testDeleteCreatesFakeParentDir(TestOzoneFileSystem.java:154)
	at sun.reflect.NativeMethodAccessorImpl.invoke0(Native Method)
	at sun.reflect.NativeMethodAccessorImpl.invoke(NativeMethodAccessorImpl.java:62)
	at sun.reflect.DelegatingMethodAccessorImpl.invoke(DelegatingMethodAccessorImpl.java:43)
	at java.lang.reflect.Method.invoke(Method.java:498)
	at org.junit.runners.model.FrameworkMethod$1.runReflectiveCall(FrameworkMethod.java:47)
	at org.junit.internal.runners.model.ReflectiveCallable.run(ReflectiveCallable.java:12)
	at org.junit.runners.model.FrameworkMethod.invokeExplosively(FrameworkMethod.java:44)
	at org.junit.internal.runners.statements.InvokeMethod.evaluate(InvokeMethod.java:17)
	at org.junit.internal.runners.statements.RunBefores.evaluate(RunBefores.java:26)
	at org.junit.internal.runners.statements.RunAfters.evaluate(RunAfters.java:27)
	at org.junit.internal.runners.statements.FailOnTimeout$StatementThread.run(FailOnTimeout.java:74)
</error>
    <system-out><![CDATA[2019-09-12 11:42:42,501 [Thread-1338] WARN  server.ServerUtils (ServerUtils.java:getScmDbDir(145)) - ozone.scm.db.dirs is not configured. We recommend adding this setting. Falling back to ozone.metadata.dirs instead.
2019-09-12 11:42:42,517 [Thread-1338] WARN  server.ServerUtils (ServerUtils.java:getScmDbDir(145)) - ozone.scm.db.dirs is not configured. We recommend adding this setting. Falling back to ozone.metadata.dirs instead.
2019-09-12 11:42:42,518 [Thread-1338] WARN  server.ServerUtils (ServerUtils.java:getScmDbDir(145)) - ozone.scm.db.dirs is not configured. We recommend adding this setting. Falling back to ozone.metadata.dirs instead.
2019-09-12 11:42:42,518 [Thread-1338] INFO  db.DBStoreBuilder (DBStoreBuilder.java:addTable(110)) - using custom profile for table: deletedBlocks
2019-09-12 11:42:42,519 [Thread-1338] INFO  db.DBStoreBuilder (DBStoreBuilder.java:processTables(161)) - Using default column profile:DBProfile.DISK for Table:deletedBlocks
2019-09-12 11:42:42,519 [Thread-1338] INFO  db.DBStoreBuilder (DBStoreBuilder.java:addTable(110)) - using custom profile for table: validCerts
2019-09-12 11:42:42,519 [Thread-1338] INFO  db.DBStoreBuilder (DBStoreBuilder.java:processTables(161)) - Using default column profile:DBProfile.DISK for Table:validCerts
2019-09-12 11:42:42,519 [Thread-1338] INFO  db.DBStoreBuilder (DBStoreBuilder.java:addTable(110)) - using custom profile for table: revokedCerts
2019-09-12 11:42:42,519 [Thread-1338] INFO  db.DBStoreBuilder (DBStoreBuilder.java:processTables(161)) - Using default column profile:DBProfile.DISK for Table:revokedCerts
2019-09-12 11:42:42,520 [Thread-1338] INFO  db.DBStoreBuilder (DBStoreBuilder.java:addTable(110)) - using custom profile for table: default
2019-09-12 11:42:42,520 [Thread-1338] INFO  db.DBStoreBuilder (DBStoreBuilder.java:processTables(167)) - Using default column profile:DBProfile.DISK for Table:default
2019-09-12 11:42:42,520 [Thread-1338] INFO  db.DBStoreBuilder (DBStoreBuilder.java:getDbProfile(198)) - Using default options. DBProfile.DISK
2019-09-12 11:42:42,632 [Thread-1338] INFO  net.NodeSchemaLoader (NodeSchemaLoader.java:loadSchemaFromFile(125)) - Loading file from sun.misc.CompoundEnumeration@66b1a00b
2019-09-12 11:42:42,632 [Thread-1338] INFO  net.NodeSchemaLoader (NodeSchemaLoader.java:loadSchema(171)) - Loading network topology layer schema file
2019-09-12 11:42:42,638 [Thread-1338] WARN  server.ServerUtils (ServerUtils.java:sanitizeUserArgs(70)) - ozone.scm.stale.node.interval value = 300000 is larger than max = 100000 based on the key value of ozone.scm.heartbeat.thread.interval, reset to the max value 100000.
2019-09-12 11:42:42,638 [Thread-1338] WARN  server.ServerUtils (ServerUtils.java:sanitizeUserArgs(70)) - ozone.scm.stale.node.interval value = 300000 is larger than max = 100000 based on the key value of ozone.scm.heartbeat.thread.interval, reset to the max value 100000.
2019-09-12 11:42:42,638 [Thread-1338] INFO  node.SCMNodeManager (SCMNodeManager.java:<init>(121)) - Entering startup safe mode.
2019-09-12 11:42:42,639 [Thread-1338] INFO  algorithms.ContainerPlacementPolicyFactory (ContainerPlacementPolicyFactory.java:getPolicy(56)) - Create container placement policy of type org.apache.hadoop.hdds.scm.container.placement.algorithms.SCMContainerPlacementRandom
2019-09-12 11:42:42,639 [Thread-1338] WARN  server.ServerUtils (ServerUtils.java:getScmDbDir(145)) - ozone.scm.db.dirs is not configured. We recommend adding this setting. Falling back to ozone.metadata.dirs instead.
2019-09-12 11:42:42,662 [Thread-1338] INFO  pipeline.SCMPipelineManager (SCMPipelineManager.java:initializePipelineState(126)) - No pipeline exists in current db
2019-09-12 11:42:42,662 [Thread-1338] WARN  server.ServerUtils (ServerUtils.java:getScmDbDir(145)) - ozone.scm.db.dirs is not configured. We recommend adding this setting. Falling back to ozone.metadata.dirs instead.
2019-09-12 11:42:42,701 [Thread-1338] WARN  events.EventQueue (EventQueue.java:fireEvent(175)) - No event handler registered for event TypedEvent{payloadType=SafeModeStatus, name='SafeModeStatus'}
2019-09-12 11:42:42,702 [Thread-1338] INFO  ipc.CallQueueManager (CallQueueManager.java:<init>(84)) - Using callQueue: class java.util.concurrent.LinkedBlockingQueue, queueCapacity: 2000, scheduler: class org.apache.hadoop.ipc.DefaultRpcScheduler, ipcBackoff: false.
2019-09-12 11:42:42,703 [Socket Reader #1 for port 44637] INFO  ipc.Server (Server.java:run(1074)) - Starting Socket Reader #1 for port 44637
2019-09-12 11:42:42,705 [Thread-1338] INFO  ipc.CallQueueManager (CallQueueManager.java:<init>(84)) - Using callQueue: class java.util.concurrent.LinkedBlockingQueue, queueCapacity: 2000, scheduler: class org.apache.hadoop.ipc.DefaultRpcScheduler, ipcBackoff: false.
2019-09-12 11:42:42,706 [Socket Reader #1 for port 35592] INFO  ipc.Server (Server.java:run(1074)) - Starting Socket Reader #1 for port 35592
2019-09-12 11:42:42,707 [Thread-1338] INFO  ipc.CallQueueManager (CallQueueManager.java:<init>(84)) - Using callQueue: class java.util.concurrent.LinkedBlockingQueue, queueCapacity: 2000, scheduler: class org.apache.hadoop.ipc.DefaultRpcScheduler, ipcBackoff: false.
2019-09-12 11:42:42,708 [Socket Reader #1 for port 38202] INFO  ipc.Server (Server.java:run(1074)) - Starting Socket Reader #1 for port 38202
2019-09-12 11:42:42,713 [Thread-1338] INFO  hdfs.DFSUtil (DFSUtil.java:httpServerTemplateForNNAndJN(1641)) - Starting Web-server for scm at: http://0.0.0.0:0
2019-09-12 11:42:42,716 [Thread-1338] INFO  server.AuthenticationFilter (AuthenticationFilter.java:constructSecretProvider(240)) - Unable to initialize FileSignerSecretProvider, falling back to use random secrets.
2019-09-12 11:42:42,717 [Thread-1338] WARN  http.HttpRequestLog (HttpRequestLog.java:getRequestLog(97)) - Jetty request log can only be enabled using Log4j
2019-09-12 11:42:42,719 [Thread-1338] INFO  http.HttpServer2 (HttpServer2.java:addGlobalFilter(975)) - Added global filter 'safety' (class=org.apache.hadoop.http.HttpServer2$QuotingInputFilter)
2019-09-12 11:42:42,720 [Thread-1338] INFO  http.HttpServer2 (HttpServer2.java:addFilter(948)) - Added filter static_user_filter (class=org.apache.hadoop.http.lib.StaticUserWebFilter$StaticUserFilter) to context scm
2019-09-12 11:42:42,720 [Thread-1338] INFO  http.HttpServer2 (HttpServer2.java:addFilter(958)) - Added filter static_user_filter (class=org.apache.hadoop.http.lib.StaticUserWebFilter$StaticUserFilter) to context logs
2019-09-12 11:42:42,720 [Thread-1338] INFO  http.HttpServer2 (HttpServer2.java:addFilter(958)) - Added filter static_user_filter (class=org.apache.hadoop.http.lib.StaticUserWebFilter$StaticUserFilter) to context static
2019-09-12 11:42:42,722 [Thread-1338] INFO  server.StorageContainerManager (StorageContainerManager.java:start(759)) - StorageContainerLocationProtocol RPC server is listening at /0.0.0.0:38202
2019-09-12 11:42:42,725 [Thread-1338] WARN  impl.MetricsConfig (MetricsConfig.java:loadFirst(134)) - Cannot locate configuration: tried hadoop-metrics2-storagecontainermanager.properties,hadoop-metrics2.properties
2019-09-12 11:42:42,726 [Thread-1338] INFO  impl.MetricsSystemImpl (MetricsSystemImpl.java:startTimer(374)) - Scheduled Metric snapshot period at 10 second(s).
2019-09-12 11:42:42,726 [Thread-1338] INFO  impl.MetricsSystemImpl (MetricsSystemImpl.java:start(191)) - StorageContainerManager metrics system started
2019-09-12 11:42:42,790 [Thread-1338] INFO  server.SCMClientProtocolServer (SCMClientProtocolServer.java:start(151)) - RPC server for Client  is listening at /0.0.0.0:38202
2019-09-12 11:42:42,791 [IPC Server Responder] INFO  ipc.Server (Server.java:run(1314)) - IPC Server Responder: starting
2019-09-12 11:42:42,791 [IPC Server listener on 38202] INFO  ipc.Server (Server.java:run(1153)) - IPC Server listener on 38202: starting
2019-09-12 11:42:42,795 [Thread-1338] INFO  server.StorageContainerManager (StorageContainerManager.java:start(769)) - ScmBlockLocationProtocol RPC server is listening at /0.0.0.0:35592
2019-09-12 11:42:42,795 [Thread-1338] INFO  server.SCMBlockProtocolServer (SCMBlockProtocolServer.java:start(140)) - RPC server for Block Protocol is listening at /0.0.0.0:35592
2019-09-12 11:42:42,796 [IPC Server Responder] INFO  ipc.Server (Server.java:run(1314)) - IPC Server Responder: starting
2019-09-12 11:42:42,796 [IPC Server listener on 35592] INFO  ipc.Server (Server.java:run(1153)) - IPC Server listener on 35592: starting
2019-09-12 11:42:42,800 [Thread-1338] INFO  server.StorageContainerManager (StorageContainerManager.java:start(773)) - ScmDatanodeProtocl RPC server is listening at /0.0.0.0:44637
2019-09-12 11:42:42,800 [Thread-1338] INFO  server.SCMDatanodeProtocolServer (SCMDatanodeProtocolServer.java:start(191)) - RPC server for DataNodes is listening at /0.0.0.0:44637
2019-09-12 11:42:42,800 [IPC Server Responder] INFO  ipc.Server (Server.java:run(1314)) - IPC Server Responder: starting
2019-09-12 11:42:42,801 [IPC Server listener on 44637] INFO  ipc.Server (Server.java:run(1153)) - IPC Server listener on 44637: starting
2019-09-12 11:42:42,806 [Thread-1338] INFO  http.HttpServer2 (HttpServer2.java:bindListener(1191)) - Jetty bound to port 36149
2019-09-12 11:42:42,806 [Thread-1338] INFO  server.Server (Server.java:doStart(351)) - jetty-9.3.24.v20180605, build timestamp: 2018-06-05T17:11:56Z, git hash: 84205aa28f11a4f31f2a3b86d1bba2cc8ab69827
2019-09-12 11:42:42,808 [Thread-1338] INFO  handler.ContextHandler (ContextHandler.java:doStart(781)) - Started o.e.j.s.ServletContextHandler@5a131c00{/logs,file:///workdir/hadoop-ozone/ozonefs/target/log,AVAILABLE}
2019-09-12 11:42:42,809 [Thread-1338] INFO  handler.ContextHandler (ContextHandler.java:doStart(781)) - Started o.e.j.s.ServletContextHandler@7e958149{/static,jar:file:/home/user/.m2/repository/org/apache/hadoop/hadoop-hdds-server-scm/0.5.0-SNAPSHOT/hadoop-hdds-server-scm-0.5.0-SNAPSHOT.jar!/webapps/static,AVAILABLE}
2019-09-12 11:42:42,864 [Thread-1338] INFO  handler.ContextHandler (ContextHandler.java:doStart(781)) - Started o.e.j.w.WebAppContext@7e98a489{/,file:///tmp/jetty-0.0.0.0-36149-scm-_-any-8770013829424905285.dir/webapp/,AVAILABLE}{/scm}
2019-09-12 11:42:42,867 [Thread-1338] INFO  server.AbstractConnector (AbstractConnector.java:doStart(278)) - Started ServerConnector@39f512d7{HTTP/1.1,[http/1.1]}{0.0.0.0:36149}
2019-09-12 11:42:42,867 [Thread-1338] INFO  server.Server (Server.java:doStart(419)) - Started @94469ms
2019-09-12 11:42:42,868 [Thread-1338] INFO  server.BaseHttpServer (BaseHttpServer.java:updateConnectorAddress(213)) - HTTP server of SCM is listening at http://0.0.0.0:36149
2019-09-12 11:42:42,869 [Thread-1338] WARN  server.ServerUtils (ServerUtils.java:getDBPath(222)) - ozone.om.db.dirs is not configured. We recommend adding this setting. Falling back to ozone.metadata.dirs instead.
2019-09-12 11:42:42,869 [org.apache.hadoop.util.JvmPauseMonitor$Monitor@4cfa06d6] INFO  util.JvmPauseMonitor (JvmPauseMonitor.java:run(188)) - Starting JVM pause monitor
2019-09-12 11:42:42,891 [Thread-1338] WARN  server.ServerUtils (ServerUtils.java:getDBPath(222)) - ozone.om.db.dirs is not configured. We recommend adding this setting. Falling back to ozone.metadata.dirs instead.
2019-09-12 11:42:42,891 [Thread-1338] WARN  server.ServerUtils (ServerUtils.java:getDBPath(222)) - ozone.om.db.dirs is not configured. We recommend adding this setting. Falling back to ozone.metadata.dirs instead.
2019-09-12 11:42:42,892 [Thread-1338] INFO  om.OzoneManager (OzoneManager.java:setOMNodeDetails(645)) - OM Service ID is not set. Setting it to the default ID: omServiceIdDefault
2019-09-12 11:42:42,892 [Thread-1338] INFO  om.OzoneManager (OzoneManager.java:setOMNodeDetails(651)) - OM Node ID is not set. Setting it to the OmStorage's OmID: fc13e863-22ad-4bc5-9fce-149f916d6023
2019-09-12 11:42:42,892 [Thread-1338] INFO  om.OzoneManager (OzoneManager.java:loadOMHAConfigs(602)) - Found matching OM address with OMServiceId: null, OMNodeId: null, RPC Address: localhost:0 and Ratis port: 9872
2019-09-12 11:42:42,902 | INFO  | SCMAudit | user=jenkins1000 | ip=192.168.157.195 | op=GET_SCM_INFO null | ret=SUCCESS |  
2019-09-12 11:42:42,905 [Thread-1338] WARN  server.ServerUtils (ServerUtils.java:getDBPath(222)) - ozone.om.db.dirs is not configured. We recommend adding this setting. Falling back to ozone.metadata.dirs instead.
2019-09-12 11:42:42,906 [Thread-1338] INFO  db.DBStoreBuilder (DBStoreBuilder.java:addTable(110)) - using custom profile for table: userTable
2019-09-12 11:42:42,906 [Thread-1338] INFO  db.DBStoreBuilder (DBStoreBuilder.java:processTables(161)) - Using default column profile:DBProfile.DISK for Table:userTable
2019-09-12 11:42:42,906 [Thread-1338] INFO  db.DBStoreBuilder (DBStoreBuilder.java:addTable(110)) - using custom profile for table: volumeTable
2019-09-12 11:42:42,906 [Thread-1338] INFO  db.DBStoreBuilder (DBStoreBuilder.java:processTables(161)) - Using default column profile:DBProfile.DISK for Table:volumeTable
2019-09-12 11:42:42,907 [Thread-1338] INFO  db.DBStoreBuilder (DBStoreBuilder.java:addTable(110)) - using custom profile for table: bucketTable
2019-09-12 11:42:42,907 [Thread-1338] INFO  db.DBStoreBuilder (DBStoreBuilder.java:processTables(161)) - Using default column profile:DBProfile.DISK for Table:bucketTable
2019-09-12 11:42:42,907 [Thread-1338] INFO  db.DBStoreBuilder (DBStoreBuilder.java:addTable(110)) - using custom profile for table: keyTable
2019-09-12 11:42:42,907 [Thread-1338] INFO  db.DBStoreBuilder (DBStoreBuilder.java:processTables(161)) - Using default column profile:DBProfile.DISK for Table:keyTable
2019-09-12 11:42:42,908 [Thread-1338] INFO  db.DBStoreBuilder (DBStoreBuilder.java:addTable(110)) - using custom profile for table: deletedTable
2019-09-12 11:42:42,908 [Thread-1338] INFO  db.DBStoreBuilder (DBStoreBuilder.java:processTables(161)) - Using default column profile:DBProfile.DISK for Table:deletedTable
2019-09-12 11:42:42,908 [Thread-1338] INFO  db.DBStoreBuilder (DBStoreBuilder.java:addTable(110)) - using custom profile for table: openKeyTable
2019-09-12 11:42:42,908 [Thread-1338] INFO  db.DBStoreBuilder (DBStoreBuilder.java:processTables(161)) - Using default column profile:DBProfile.DISK for Table:openKeyTable
2019-09-12 11:42:42,908 [Thread-1338] INFO  db.DBStoreBuilder (DBStoreBuilder.java:addTable(110)) - using custom profile for table: s3Table
2019-09-12 11:42:42,909 [Thread-1338] INFO  db.DBStoreBuilder (DBStoreBuilder.java:processTables(161)) - Using default column profile:DBProfile.DISK for Table:s3Table
2019-09-12 11:42:42,909 [Thread-1338] INFO  db.DBStoreBuilder (DBStoreBuilder.java:addTable(110)) - using custom profile for table: multipartInfoTable
2019-09-12 11:42:42,909 [Thread-1338] INFO  db.DBStoreBuilder (DBStoreBuilder.java:processTables(161)) - Using default column profile:DBProfile.DISK for Table:multipartInfoTable
2019-09-12 11:42:42,909 [Thread-1338] INFO  db.DBStoreBuilder (DBStoreBuilder.java:addTable(110)) - using custom profile for table: dTokenTable
2019-09-12 11:42:42,909 [Thread-1338] INFO  db.DBStoreBuilder (DBStoreBuilder.java:processTables(161)) - Using default column profile:DBProfile.DISK for Table:dTokenTable
2019-09-12 11:42:42,910 [Thread-1338] INFO  db.DBStoreBuilder (DBStoreBuilder.java:addTable(110)) - using custom profile for table: s3SecretTable
2019-09-12 11:42:42,910 [Thread-1338] INFO  db.DBStoreBuilder (DBStoreBuilder.java:processTables(161)) - Using default column profile:DBProfile.DISK for Table:s3SecretTable
2019-09-12 11:42:42,910 [Thread-1338] INFO  db.DBStoreBuilder (DBStoreBuilder.java:addTable(110)) - using custom profile for table: prefixTable
2019-09-12 11:42:42,910 [Thread-1338] INFO  db.DBStoreBuilder (DBStoreBuilder.java:processTables(161)) - Using default column profile:DBProfile.DISK for Table:prefixTable
2019-09-12 11:42:42,911 [Thread-1338] INFO  db.DBStoreBuilder (DBStoreBuilder.java:addTable(110)) - using custom profile for table: default
2019-09-12 11:42:42,911 [Thread-1338] INFO  db.DBStoreBuilder (DBStoreBuilder.java:processTables(167)) - Using default column profile:DBProfile.DISK for Table:default
2019-09-12 11:42:42,911 [Thread-1338] INFO  db.DBStoreBuilder (DBStoreBuilder.java:getDbProfile(198)) - Using default options. DBProfile.DISK
2019-09-12 11:42:43,442 [Thread-1338] INFO  ipc.CallQueueManager (CallQueueManager.java:<init>(84)) - Using callQueue: class java.util.concurrent.LinkedBlockingQueue, queueCapacity: 2000, scheduler: class org.apache.hadoop.ipc.DefaultRpcScheduler, ipcBackoff: false.
2019-09-12 11:42:43,443 [Socket Reader #1 for port 46261] INFO  ipc.Server (Server.java:run(1074)) - Starting Socket Reader #1 for port 46261
2019-09-12 11:42:43,470 [Thread-1338] INFO  om.OzoneManager (OzoneManager.java:start(1256)) - OzoneManager RPC server is listening at localhost/127.0.0.1:46261
2019-09-12 11:42:43,470 [Thread-1338] INFO  impl.MetricsSystemImpl (MetricsSystemImpl.java:init(158)) - OzoneManager metrics system started (again)
2019-09-12 11:42:43,471 [IPC Server Responder] INFO  ipc.Server (Server.java:run(1314)) - IPC Server Responder: starting
2019-09-12 11:42:43,471 [IPC Server listener on 46261] INFO  ipc.Server (Server.java:run(1153)) - IPC Server listener on 46261: starting
2019-09-12 11:42:43,476 [Thread-1338] INFO  hdfs.DFSUtil (DFSUtil.java:httpServerTemplateForNNAndJN(1641)) - Starting Web-server for ozoneManager at: http://0.0.0.0:0
2019-09-12 11:42:43,479 [Thread-1338] INFO  server.AuthenticationFilter (AuthenticationFilter.java:constructSecretProvider(240)) - Unable to initialize FileSignerSecretProvider, falling back to use random secrets.
2019-09-12 11:42:43,480 [Thread-1338] WARN  http.HttpRequestLog (HttpRequestLog.java:getRequestLog(97)) - Jetty request log can only be enabled using Log4j
2019-09-12 11:42:43,483 [Thread-1338] INFO  http.HttpServer2 (HttpServer2.java:addGlobalFilter(975)) - Added global filter 'safety' (class=org.apache.hadoop.http.HttpServer2$QuotingInputFilter)
2019-09-12 11:42:43,484 [Thread-1338] INFO  http.HttpServer2 (HttpServer2.java:addFilter(948)) - Added filter static_user_filter (class=org.apache.hadoop.http.lib.StaticUserWebFilter$StaticUserFilter) to context ozoneManager
2019-09-12 11:42:43,484 [Thread-1338] INFO  http.HttpServer2 (HttpServer2.java:addFilter(958)) - Added filter static_user_filter (class=org.apache.hadoop.http.lib.StaticUserWebFilter$StaticUserFilter) to context logs
2019-09-12 11:42:43,484 [Thread-1338] INFO  http.HttpServer2 (HttpServer2.java:addFilter(958)) - Added filter static_user_filter (class=org.apache.hadoop.http.lib.StaticUserWebFilter$StaticUserFilter) to context static
2019-09-12 11:42:43,485 [Thread-1338] INFO  http.HttpServer2 (HttpServer2.java:bindListener(1191)) - Jetty bound to port 36014
2019-09-12 11:42:43,485 [Thread-1338] INFO  server.Server (Server.java:doStart(351)) - jetty-9.3.24.v20180605, build timestamp: 2018-06-05T17:11:56Z, git hash: 84205aa28f11a4f31f2a3b86d1bba2cc8ab69827
2019-09-12 11:42:43,488 [Thread-1338] INFO  handler.ContextHandler (ContextHandler.java:doStart(781)) - Started o.e.j.s.ServletContextHandler@6e0bb03e{/logs,file:///workdir/hadoop-ozone/ozonefs/target/log,AVAILABLE}
2019-09-12 11:42:43,488 [Thread-1338] INFO  handler.ContextHandler (ContextHandler.java:doStart(781)) - Started o.e.j.s.ServletContextHandler@54eda310{/static,jar:file:/home/user/.m2/repository/org/apache/hadoop/hadoop-ozone-ozone-manager/0.5.0-SNAPSHOT/hadoop-ozone-ozone-manager-0.5.0-SNAPSHOT.jar!/webapps/static,AVAILABLE}
2019-09-12 11:42:43,553 [Thread-1338] INFO  handler.ContextHandler (ContextHandler.java:doStart(781)) - Started o.e.j.w.WebAppContext@3f923f85{/,file:///tmp/jetty-0.0.0.0-36014-ozoneManager-_-any-2178362256197712310.dir/webapp/,AVAILABLE}{/ozoneManager}
2019-09-12 11:42:43,553 [Thread-1338] INFO  server.AbstractConnector (AbstractConnector.java:doStart(278)) - Started ServerConnector@665c8fe{HTTP/1.1,[http/1.1]}{0.0.0.0:36014}
2019-09-12 11:42:43,554 [Thread-1338] INFO  server.Server (Server.java:doStart(419)) - Started @95157ms
2019-09-12 11:42:43,555 [Thread-1338] INFO  server.BaseHttpServer (BaseHttpServer.java:updateConnectorAddress(213)) - HTTP server of OZONEMANAGER is listening at http://0.0.0.0:36014
2019-09-12 11:42:43,564 [Thread-1338] INFO  impl.MetricsSystemImpl (MetricsSystemImpl.java:init(158)) - HddsDatanode metrics system started (again)
2019-09-12 11:42:43,566 [Thread-1338] INFO  ozone.HddsDatanodeService (HddsDatanodeService.java:start(184)) - HddsDatanodeService host:pr-hdds-1569-xtfnx-3545843844 ip:192.168.157.195
2019-09-12 11:42:43,576 [Thread-1338] INFO  volume.HddsVolume (HddsVolume.java:<init>(176)) - Creating Volume: /workdir/hadoop-ozone/ozonefs/target/test-dir/MiniOzoneClusterImpl-e692d26f-e14c-4f96-93da-7a5844c944d0/datanode-0/data/containers/hdds of  storage type : DISK and capacity : 1482555576320
2019-09-12 11:42:43,576 [Thread-1338] INFO  volume.VolumeSet (VolumeSet.java:initializeVolumeSet(170)) - Added Volume : /workdir/hadoop-ozone/ozonefs/target/test-dir/MiniOzoneClusterImpl-e692d26f-e14c-4f96-93da-7a5844c944d0/datanode-0/data/containers/hdds to VolumeSet
2019-09-12 11:42:43,577 [Thread-1338] INFO  volume.ThrottledAsyncChecker (ThrottledAsyncChecker.java:schedule(140)) - Scheduling a check for org.apache.hadoop.ozone.container.common.volume.HddsVolume@20b05f39
2019-09-12 11:42:43,577 [Thread-1338] INFO  volume.HddsVolumeChecker (HddsVolumeChecker.java:checkAllVolumes(203)) - Scheduled health check for volume org.apache.hadoop.ozone.container.common.volume.HddsVolume@20b05f39
2019-09-12 11:42:43,608 [Thread-1338] INFO  impl.RaftServerProxy (ConfUtils.java:logGet(43)) - raft.rpc.type = GRPC (default)
2019-09-12 11:42:43,608 [Thread-1338] INFO  grpc.GrpcFactory (GrpcFactory.java:checkPooledByteBufAllocatorUseCacheForAllThreads(45)) - PERFORMANCE WARNING: useCacheForAllThreads is true that may cause Netty to create a lot garbage objects and, as a result, trigger GC.
	It is recommended to disable useCacheForAllThreads by setting -Dorg.apache.ratis.thirdparty.io.netty.allocator.useCacheForAllThreads=false in command line.
2019-09-12 11:42:43,608 [Thread-1338] INFO  grpc.GrpcConfigKeys$Server (ConfUtils.java:logGet(43)) - raft.grpc.server.port = 0 (default)
2019-09-12 11:42:43,609 [Thread-1338] INFO  server.GrpcService (ConfUtils.java:logGet(43)) - raft.grpc.message.size.max = 33570816 (custom)
2019-09-12 11:42:43,609 [Thread-1338] INFO  server.RaftServerConfigKeys (ConfUtils.java:logGet(43)) - raft.server.log.appender.buffer.byte-limit = 33554432 (custom)
2019-09-12 11:42:43,609 [Thread-1338] INFO  server.GrpcService (ConfUtils.java:logGet(43)) - raft.grpc.flow.control.window = 1MB (=1048576) (default)
2019-09-12 11:42:43,609 [Thread-1338] INFO  server.RaftServerConfigKeys (ConfUtils.java:logGet(43)) - raft.server.rpc.request.timeout = 3000ms (default)
2019-09-12 11:42:43,610 [Thread-1338] INFO  server.RaftServerConfigKeys (ConfUtils.java:logGet(43)) - raft.server.storage.dir = [/workdir/hadoop-ozone/ozonefs/target/test-dir/MiniOzoneClusterImpl-e692d26f-e14c-4f96-93da-7a5844c944d0/datanode-0/data/ratis] (custom)
2019-09-12 11:42:43,611 [Thread-1338] INFO  replication.SimpleContainerDownloader (SimpleContainerDownloader.java:<init>(72)) - Starting container downloader service to copy containers to replicate.
2019-09-12 11:42:43,613 [Thread-1338] INFO  hdfs.DFSUtil (DFSUtil.java:httpServerTemplateForNNAndJN(1641)) - Starting Web-server for hddsDatanode at: http://0.0.0.0:0
2019-09-12 11:42:43,615 [Thread-1338] INFO  server.AuthenticationFilter (AuthenticationFilter.java:constructSecretProvider(240)) - Unable to initialize FileSignerSecretProvider, falling back to use random secrets.
2019-09-12 11:42:43,616 [Thread-1338] WARN  http.HttpRequestLog (HttpRequestLog.java:getRequestLog(97)) - Jetty request log can only be enabled using Log4j
2019-09-12 11:42:43,619 [Thread-1338] INFO  http.HttpServer2 (HttpServer2.java:addGlobalFilter(975)) - Added global filter 'safety' (class=org.apache.hadoop.http.HttpServer2$QuotingInputFilter)
2019-09-12 11:42:43,620 [Thread-1338] INFO  http.HttpServer2 (HttpServer2.java:addFilter(948)) - Added filter static_user_filter (class=org.apache.hadoop.http.lib.StaticUserWebFilter$StaticUserFilter) to context hddsDatanode
2019-09-12 11:42:43,620 [Thread-1338] INFO  http.HttpServer2 (HttpServer2.java:addFilter(958)) - Added filter static_user_filter (class=org.apache.hadoop.http.lib.StaticUserWebFilter$StaticUserFilter) to context static
2019-09-12 11:42:43,620 [Thread-1338] INFO  http.HttpServer2 (HttpServer2.java:addFilter(958)) - Added filter static_user_filter (class=org.apache.hadoop.http.lib.StaticUserWebFilter$StaticUserFilter) to context logs
2019-09-12 11:42:43,621 [Thread-1338] INFO  http.HttpServer2 (HttpServer2.java:bindListener(1191)) - Jetty bound to port 44358
2019-09-12 11:42:43,621 [Thread-1338] INFO  server.Server (Server.java:doStart(351)) - jetty-9.3.24.v20180605, build timestamp: 2018-06-05T17:11:56Z, git hash: 84205aa28f11a4f31f2a3b86d1bba2cc8ab69827
2019-09-12 11:42:43,624 [Thread-1338] INFO  handler.ContextHandler (ContextHandler.java:doStart(781)) - Started o.e.j.s.ServletContextHandler@5313893d{/logs,file:///workdir/hadoop-ozone/ozonefs/target/log,AVAILABLE}
2019-09-12 11:42:43,625 [Thread-1338] INFO  handler.ContextHandler (ContextHandler.java:doStart(781)) - Started o.e.j.s.ServletContextHandler@41de4589{/static,jar:file:/home/user/.m2/repository/org/apache/hadoop/hadoop-hdds-container-service/0.5.0-SNAPSHOT/hadoop-hdds-container-service-0.5.0-SNAPSHOT.jar!/webapps/static,AVAILABLE}
2019-09-12 11:42:43,668 [Thread-1338] INFO  handler.ContextHandler (ContextHandler.java:doStart(781)) - Started o.e.j.w.WebAppContext@45686ece{/,file:///tmp/jetty-0.0.0.0-44358-hddsDatanode-_-any-5774667380424643320.dir/webapp/,AVAILABLE}{/hddsDatanode}
2019-09-12 11:42:43,669 [Thread-1338] INFO  server.AbstractConnector (AbstractConnector.java:doStart(278)) - Started ServerConnector@27766a86{HTTP/1.1,[http/1.1]}{0.0.0.0:44358}
2019-09-12 11:42:43,670 [Thread-1338] INFO  server.Server (Server.java:doStart(419)) - Started @95273ms
2019-09-12 11:42:43,671 [Thread-1338] INFO  server.BaseHttpServer (BaseHttpServer.java:updateConnectorAddress(213)) - HTTP server of HDDSDATANODE is listening at http://0.0.0.0:44358
2019-09-12 11:42:43,821 | INFO  | ObjectStoreRestHttpServer | Listening HDDS REST traffic on /0.0.0.0:41853 |  
2019-09-12 11:42:43,821 [Thread-1338] INFO  ozone.HddsDatanodeService (HddsDatanodeService.java:startPlugins(395)) - Started plug-in org.apache.hadoop.ozone.web.OzoneHddsDatanodeService@65ac49e6
2019-09-12 11:42:43,822 [Thread-1338] INFO  impl.MetricsSystemImpl (MetricsSystemImpl.java:init(158)) - HddsDatanode metrics system started (again)
2019-09-12 11:42:43,825 [org.apache.hadoop.util.JvmPauseMonitor$Monitor@28f2c107] INFO  util.JvmPauseMonitor (JvmPauseMonitor.java:run(188)) - Starting JVM pause monitor
2019-09-12 11:42:43,826 [Thread-1338] INFO  ozone.HddsDatanodeService (HddsDatanodeService.java:start(184)) - HddsDatanodeService host:pr-hdds-1569-xtfnx-3545843844 ip:192.168.157.195
2019-09-12 11:42:43,828 [Datanode State Machine Thread - 0] INFO  datanode.InitDatanodeState (InitDatanodeState.java:persistContainerDatanodeDetails(140)) - DatanodeDetails is persisted to /workdir/hadoop-ozone/ozonefs/target/test-dir/MiniOzoneClusterImpl-e692d26f-e14c-4f96-93da-7a5844c944d0/datanode-0/meta/datanode.id
2019-09-12 11:42:43,835 [Thread-1338] INFO  volume.HddsVolume (HddsVolume.java:<init>(176)) - Creating Volume: /workdir/hadoop-ozone/ozonefs/target/test-dir/MiniOzoneClusterImpl-e692d26f-e14c-4f96-93da-7a5844c944d0/datanode-1/data/containers/hdds of  storage type : DISK and capacity : 1482555576320
2019-09-12 11:42:43,835 [Thread-1338] INFO  volume.VolumeSet (VolumeSet.java:initializeVolumeSet(170)) - Added Volume : /workdir/hadoop-ozone/ozonefs/target/test-dir/MiniOzoneClusterImpl-e692d26f-e14c-4f96-93da-7a5844c944d0/datanode-1/data/containers/hdds to VolumeSet
2019-09-12 11:42:43,836 [Thread-1338] INFO  volume.ThrottledAsyncChecker (ThrottledAsyncChecker.java:schedule(140)) - Scheduling a check for org.apache.hadoop.ozone.container.common.volume.HddsVolume@5ce50186
2019-09-12 11:42:43,836 [Thread-1338] INFO  volume.HddsVolumeChecker (HddsVolumeChecker.java:checkAllVolumes(203)) - Scheduled health check for volume org.apache.hadoop.ozone.container.common.volume.HddsVolume@5ce50186
2019-09-12 11:42:43,856 [Thread-1338] INFO  impl.RaftServerProxy (ConfUtils.java:logGet(43)) - raft.rpc.type = GRPC (default)
2019-09-12 11:42:43,856 [Thread-1338] INFO  grpc.GrpcFactory (GrpcFactory.java:checkPooledByteBufAllocatorUseCacheForAllThreads(45)) - PERFORMANCE WARNING: useCacheForAllThreads is true that may cause Netty to create a lot garbage objects and, as a result, trigger GC.
	It is recommended to disable useCacheForAllThreads by setting -Dorg.apache.ratis.thirdparty.io.netty.allocator.useCacheForAllThreads=false in command line.
2019-09-12 11:42:43,856 [Thread-1338] INFO  grpc.GrpcConfigKeys$Server (ConfUtils.java:logGet(43)) - raft.grpc.server.port = 0 (default)
2019-09-12 11:42:43,857 [Thread-1338] INFO  server.GrpcService (ConfUtils.java:logGet(43)) - raft.grpc.message.size.max = 33570816 (custom)
2019-09-12 11:42:43,857 [Thread-1338] INFO  server.RaftServerConfigKeys (ConfUtils.java:logGet(43)) - raft.server.log.appender.buffer.byte-limit = 33554432 (custom)
2019-09-12 11:42:43,857 [Thread-1338] INFO  server.GrpcService (ConfUtils.java:logGet(43)) - raft.grpc.flow.control.window = 1MB (=1048576) (default)
2019-09-12 11:42:43,857 [Thread-1338] INFO  server.RaftServerConfigKeys (ConfUtils.java:logGet(43)) - raft.server.rpc.request.timeout = 3000ms (default)
2019-09-12 11:42:43,857 [Thread-1338] INFO  server.RaftServerConfigKeys (ConfUtils.java:logGet(43)) - raft.server.storage.dir = [/workdir/hadoop-ozone/ozonefs/target/test-dir/MiniOzoneClusterImpl-e692d26f-e14c-4f96-93da-7a5844c944d0/datanode-1/data/ratis] (custom)
2019-09-12 11:42:43,858 [Thread-1338] INFO  replication.SimpleContainerDownloader (SimpleContainerDownloader.java:<init>(72)) - Starting container downloader service to copy containers to replicate.
2019-09-12 11:42:43,859 [Thread-1338] INFO  hdfs.DFSUtil (DFSUtil.java:httpServerTemplateForNNAndJN(1641)) - Starting Web-server for hddsDatanode at: http://0.0.0.0:0
2019-09-12 11:42:43,860 [Thread-1338] INFO  server.AuthenticationFilter (AuthenticationFilter.java:constructSecretProvider(240)) - Unable to initialize FileSignerSecretProvider, falling back to use random secrets.
2019-09-12 11:42:43,861 [Thread-1338] WARN  http.HttpRequestLog (HttpRequestLog.java:getRequestLog(97)) - Jetty request log can only be enabled using Log4j
2019-09-12 11:42:43,862 [Thread-1338] INFO  http.HttpServer2 (HttpServer2.java:addGlobalFilter(975)) - Added global filter 'safety' (class=org.apache.hadoop.http.HttpServer2$QuotingInputFilter)
2019-09-12 11:42:43,863 [Thread-1338] INFO  http.HttpServer2 (HttpServer2.java:addFilter(948)) - Added filter static_user_filter (class=org.apache.hadoop.http.lib.StaticUserWebFilter$StaticUserFilter) to context hddsDatanode
2019-09-12 11:42:43,863 [Thread-1338] INFO  http.HttpServer2 (HttpServer2.java:addFilter(958)) - Added filter static_user_filter (class=org.apache.hadoop.http.lib.StaticUserWebFilter$StaticUserFilter) to context static
2019-09-12 11:42:43,863 [Thread-1338] INFO  http.HttpServer2 (HttpServer2.java:addFilter(958)) - Added filter static_user_filter (class=org.apache.hadoop.http.lib.StaticUserWebFilter$StaticUserFilter) to context logs
2019-09-12 11:42:43,864 [Thread-1338] INFO  http.HttpServer2 (HttpServer2.java:bindListener(1191)) - Jetty bound to port 33810
2019-09-12 11:42:43,864 [Thread-1338] INFO  server.Server (Server.java:doStart(351)) - jetty-9.3.24.v20180605, build timestamp: 2018-06-05T17:11:56Z, git hash: 84205aa28f11a4f31f2a3b86d1bba2cc8ab69827
2019-09-12 11:42:43,865 [Thread-1338] INFO  handler.ContextHandler (ContextHandler.java:doStart(781)) - Started o.e.j.s.ServletContextHandler@882859f{/logs,file:///workdir/hadoop-ozone/ozonefs/target/log,AVAILABLE}
2019-09-12 11:42:43,866 [Thread-1338] INFO  handler.ContextHandler (ContextHandler.java:doStart(781)) - Started o.e.j.s.ServletContextHandler@23665963{/static,jar:file:/home/user/.m2/repository/org/apache/hadoop/hadoop-hdds-container-service/0.5.0-SNAPSHOT/hadoop-hdds-container-service-0.5.0-SNAPSHOT.jar!/webapps/static,AVAILABLE}
2019-09-12 11:42:43,892 [Thread-1338] INFO  handler.ContextHandler (ContextHandler.java:doStart(781)) - Started o.e.j.w.WebAppContext@6c330658{/,file:///tmp/jetty-0.0.0.0-33810-hddsDatanode-_-any-670935172181896466.dir/webapp/,AVAILABLE}{/hddsDatanode}
2019-09-12 11:42:43,892 [Thread-1338] INFO  server.AbstractConnector (AbstractConnector.java:doStart(278)) - Started ServerConnector@71792b0d{HTTP/1.1,[http/1.1]}{0.0.0.0:33810}
2019-09-12 11:42:43,893 [Thread-1338] INFO  server.Server (Server.java:doStart(419)) - Started @95496ms
2019-09-12 11:42:43,894 [Thread-1338] INFO  server.BaseHttpServer (BaseHttpServer.java:updateConnectorAddress(213)) - HTTP server of HDDSDATANODE is listening at http://0.0.0.0:33810
2019-09-12 11:42:44,009 | INFO  | ObjectStoreRestHttpServer | Listening HDDS REST traffic on /0.0.0.0:37127 |  
2019-09-12 11:42:44,009 [Thread-1338] INFO  ozone.HddsDatanodeService (HddsDatanodeService.java:startPlugins(395)) - Started plug-in org.apache.hadoop.ozone.web.OzoneHddsDatanodeService@55ae3ff1
2019-09-12 11:42:44,009 [Thread-1338] INFO  impl.MetricsSystemImpl (MetricsSystemImpl.java:init(158)) - HddsDatanode metrics system started (again)
2019-09-12 11:42:44,012 [Thread-1338] INFO  ozone.HddsDatanodeService (HddsDatanodeService.java:start(184)) - HddsDatanodeService host:pr-hdds-1569-xtfnx-3545843844 ip:192.168.157.195
2019-09-12 11:42:44,012 [org.apache.hadoop.util.JvmPauseMonitor$Monitor@284b656e] INFO  util.JvmPauseMonitor (JvmPauseMonitor.java:run(188)) - Starting JVM pause monitor
2019-09-12 11:42:44,015 [Datanode State Machine Thread - 0] INFO  datanode.InitDatanodeState (InitDatanodeState.java:persistContainerDatanodeDetails(140)) - DatanodeDetails is persisted to /workdir/hadoop-ozone/ozonefs/target/test-dir/MiniOzoneClusterImpl-e692d26f-e14c-4f96-93da-7a5844c944d0/datanode-1/meta/datanode.id
2019-09-12 11:42:44,021 [Thread-1338] INFO  volume.HddsVolume (HddsVolume.java:<init>(176)) - Creating Volume: /workdir/hadoop-ozone/ozonefs/target/test-dir/MiniOzoneClusterImpl-e692d26f-e14c-4f96-93da-7a5844c944d0/datanode-2/data/containers/hdds of  storage type : DISK and capacity : 1482555576320
2019-09-12 11:42:44,021 [Thread-1338] INFO  volume.VolumeSet (VolumeSet.java:initializeVolumeSet(170)) - Added Volume : /workdir/hadoop-ozone/ozonefs/target/test-dir/MiniOzoneClusterImpl-e692d26f-e14c-4f96-93da-7a5844c944d0/datanode-2/data/containers/hdds to VolumeSet
2019-09-12 11:42:44,022 [Thread-1338] INFO  volume.ThrottledAsyncChecker (ThrottledAsyncChecker.java:schedule(140)) - Scheduling a check for org.apache.hadoop.ozone.container.common.volume.HddsVolume@528efa33
2019-09-12 11:42:44,022 [Thread-1338] INFO  volume.HddsVolumeChecker (HddsVolumeChecker.java:checkAllVolumes(203)) - Scheduled health check for volume org.apache.hadoop.ozone.container.common.volume.HddsVolume@528efa33
2019-09-12 11:42:44,051 [Thread-1338] INFO  impl.RaftServerProxy (ConfUtils.java:logGet(43)) - raft.rpc.type = GRPC (default)
2019-09-12 11:42:44,051 [Thread-1338] INFO  grpc.GrpcFactory (GrpcFactory.java:checkPooledByteBufAllocatorUseCacheForAllThreads(45)) - PERFORMANCE WARNING: useCacheForAllThreads is true that may cause Netty to create a lot garbage objects and, as a result, trigger GC.
	It is recommended to disable useCacheForAllThreads by setting -Dorg.apache.ratis.thirdparty.io.netty.allocator.useCacheForAllThreads=false in command line.
2019-09-12 11:42:44,051 [Thread-1338] INFO  grpc.GrpcConfigKeys$Server (ConfUtils.java:logGet(43)) - raft.grpc.server.port = 0 (default)
2019-09-12 11:42:44,052 [Thread-1338] INFO  server.GrpcService (ConfUtils.java:logGet(43)) - raft.grpc.message.size.max = 33570816 (custom)
2019-09-12 11:42:44,052 [Thread-1338] INFO  server.RaftServerConfigKeys (ConfUtils.java:logGet(43)) - raft.server.log.appender.buffer.byte-limit = 33554432 (custom)
2019-09-12 11:42:44,052 [Thread-1338] INFO  server.GrpcService (ConfUtils.java:logGet(43)) - raft.grpc.flow.control.window = 1MB (=1048576) (default)
2019-09-12 11:42:44,052 [Thread-1338] INFO  server.RaftServerConfigKeys (ConfUtils.java:logGet(43)) - raft.server.rpc.request.timeout = 3000ms (default)
2019-09-12 11:42:44,053 [Thread-1338] INFO  server.RaftServerConfigKeys (ConfUtils.java:logGet(43)) - raft.server.storage.dir = [/workdir/hadoop-ozone/ozonefs/target/test-dir/MiniOzoneClusterImpl-e692d26f-e14c-4f96-93da-7a5844c944d0/datanode-2/data/ratis] (custom)
2019-09-12 11:42:44,053 [Thread-1338] INFO  replication.SimpleContainerDownloader (SimpleContainerDownloader.java:<init>(72)) - Starting container downloader service to copy containers to replicate.
2019-09-12 11:42:44,055 [Thread-1338] INFO  hdfs.DFSUtil (DFSUtil.java:httpServerTemplateForNNAndJN(1641)) - Starting Web-server for hddsDatanode at: http://0.0.0.0:0
2019-09-12 11:42:44,057 [Thread-1338] INFO  server.AuthenticationFilter (AuthenticationFilter.java:constructSecretProvider(240)) - Unable to initialize FileSignerSecretProvider, falling back to use random secrets.
2019-09-12 11:42:44,058 [Thread-1338] WARN  http.HttpRequestLog (HttpRequestLog.java:getRequestLog(97)) - Jetty request log can only be enabled using Log4j
2019-09-12 11:42:44,061 [Thread-1338] INFO  http.HttpServer2 (HttpServer2.java:addGlobalFilter(975)) - Added global filter 'safety' (class=org.apache.hadoop.http.HttpServer2$QuotingInputFilter)
2019-09-12 11:42:44,062 [Thread-1338] INFO  http.HttpServer2 (HttpServer2.java:addFilter(948)) - Added filter static_user_filter (class=org.apache.hadoop.http.lib.StaticUserWebFilter$StaticUserFilter) to context hddsDatanode
2019-09-12 11:42:44,062 [Thread-1338] INFO  http.HttpServer2 (HttpServer2.java:addFilter(958)) - Added filter static_user_filter (class=org.apache.hadoop.http.lib.StaticUserWebFilter$StaticUserFilter) to context static
2019-09-12 11:42:44,062 [Thread-1338] INFO  http.HttpServer2 (HttpServer2.java:addFilter(958)) - Added filter static_user_filter (class=org.apache.hadoop.http.lib.StaticUserWebFilter$StaticUserFilter) to context logs
2019-09-12 11:42:44,063 [Thread-1338] INFO  http.HttpServer2 (HttpServer2.java:bindListener(1191)) - Jetty bound to port 37862
2019-09-12 11:42:44,063 [Thread-1338] INFO  server.Server (Server.java:doStart(351)) - jetty-9.3.24.v20180605, build timestamp: 2018-06-05T17:11:56Z, git hash: 84205aa28f11a4f31f2a3b86d1bba2cc8ab69827
2019-09-12 11:42:44,066 [Thread-1338] INFO  handler.ContextHandler (ContextHandler.java:doStart(781)) - Started o.e.j.s.ServletContextHandler@11efabc7{/logs,file:///workdir/hadoop-ozone/ozonefs/target/log,AVAILABLE}
2019-09-12 11:42:44,066 [Thread-1338] INFO  handler.ContextHandler (ContextHandler.java:doStart(781)) - Started o.e.j.s.ServletContextHandler@54a8335e{/static,jar:file:/home/user/.m2/repository/org/apache/hadoop/hadoop-hdds-container-service/0.5.0-SNAPSHOT/hadoop-hdds-container-service-0.5.0-SNAPSHOT.jar!/webapps/static,AVAILABLE}
2019-09-12 11:42:44,109 [Thread-1338] INFO  handler.ContextHandler (ContextHandler.java:doStart(781)) - Started o.e.j.w.WebAppContext@498d946d{/,file:///tmp/jetty-0.0.0.0-37862-hddsDatanode-_-any-4857035690326194694.dir/webapp/,AVAILABLE}{/hddsDatanode}
2019-09-12 11:42:44,109 [Thread-1338] INFO  server.AbstractConnector (AbstractConnector.java:doStart(278)) - Started ServerConnector@4cc8ad07{HTTP/1.1,[http/1.1]}{0.0.0.0:37862}
2019-09-12 11:42:44,111 [Thread-1338] INFO  server.Server (Server.java:doStart(419)) - Started @95713ms
2019-09-12 11:42:44,112 [Thread-1338] INFO  server.BaseHttpServer (BaseHttpServer.java:updateConnectorAddress(213)) - HTTP server of HDDSDATANODE is listening at http://0.0.0.0:37862
2019-09-12 11:42:44,235 | INFO  | ObjectStoreRestHttpServer | Listening HDDS REST traffic on /0.0.0.0:40549 |  
2019-09-12 11:42:44,235 [Thread-1338] INFO  ozone.HddsDatanodeService (HddsDatanodeService.java:startPlugins(395)) - Started plug-in org.apache.hadoop.ozone.web.OzoneHddsDatanodeService@5065c68c
2019-09-12 11:42:44,236 [Thread-1338] INFO  ozone.MiniOzoneClusterImpl (MiniOzoneClusterImpl.java:lambda$waitForClusterToBeReady$0(142)) - Waiting for cluster to be ready. Got 0 of 3 DN Heartbeats.
2019-09-12 11:42:44,237 [org.apache.hadoop.util.JvmPauseMonitor$Monitor@7fc4e413] INFO  util.JvmPauseMonitor (JvmPauseMonitor.java:run(188)) - Starting JVM pause monitor
2019-09-12 11:42:44,240 [Datanode State Machine Thread - 0] INFO  datanode.InitDatanodeState (InitDatanodeState.java:persistContainerDatanodeDetails(140)) - DatanodeDetails is persisted to /workdir/hadoop-ozone/ozonefs/target/test-dir/MiniOzoneClusterImpl-e692d26f-e14c-4f96-93da-7a5844c944d0/datanode-2/meta/datanode.id
2019-09-12 11:42:45,236 [Thread-1338] INFO  ozone.MiniOzoneClusterImpl (MiniOzoneClusterImpl.java:lambda$waitForClusterToBeReady$0(142)) - Waiting for cluster to be ready. Got 0 of 3 DN Heartbeats.
2019-09-12 11:42:45,829 | INFO  | SCMAudit | user=jenkins1000 | ip=192.168.157.195 | op=GET_VERSION null | ret=SUCCESS |  
2019-09-12 11:42:45,845 [Datanode State Machine Thread - 0] INFO  ozoneimpl.OzoneContainer (OzoneContainer.java:start(186)) - Attempting to start container services.
2019-09-12 11:42:45,845 [Datanode State Machine Thread - 0] INFO  ozoneimpl.OzoneContainer (OzoneContainer.java:startContainerScrub(160)) - Background container scrubber has been disabled by hdds.containerscrub.enabled
2019-09-12 11:42:45,845 [Datanode State Machine Thread - 0] INFO  ratis.XceiverServerRatis (XceiverServerRatis.java:start(404)) - Starting XceiverServerRatis 6715b0c2-2cac-4432-b20f-e5b2d82a5ebf at port 0
2019-09-12 11:42:45,852 [Datanode State Machine Thread - 0] INFO  impl.RaftServerProxy (RaftServerProxy.java:lambda$start$3(299)) - 6715b0c2-2cac-4432-b20f-e5b2d82a5ebf: start RPC server
2019-09-12 11:42:45,854 [Datanode State Machine Thread - 0] INFO  server.GrpcService (GrpcService.java:startImpl(149)) - 6715b0c2-2cac-4432-b20f-e5b2d82a5ebf: GrpcService started, listening on 0.0.0.0/0.0.0.0:38481
2019-09-12 11:42:45,855 [Datanode State Machine Thread - 0] INFO  ratis.XceiverServerRatis (XceiverServerRatis.java:start(414)) - XceiverServerRatis 6715b0c2-2cac-4432-b20f-e5b2d82a5ebf is started using port 38481
2019-09-12 11:42:45,855 [Datanode State Machine Thread - 0] INFO  server.XceiverServerGrpc (XceiverServerGrpc.java:start(163)) - XceiverServerGrpc 6715b0c2-2cac-4432-b20f-e5b2d82a5ebf is started using port 38596
2019-09-12 11:42:46,013 | INFO  | SCMAudit | user=jenkins1000 | ip=192.168.157.195 | op=GET_VERSION null | ret=SUCCESS |  
2019-09-12 11:42:46,040 [Datanode State Machine Thread - 0] INFO  ozoneimpl.OzoneContainer (OzoneContainer.java:start(186)) - Attempting to start container services.
2019-09-12 11:42:46,040 [Datanode State Machine Thread - 0] INFO  ozoneimpl.OzoneContainer (OzoneContainer.java:startContainerScrub(160)) - Background container scrubber has been disabled by hdds.containerscrub.enabled
2019-09-12 11:42:46,040 [Datanode State Machine Thread - 0] INFO  ratis.XceiverServerRatis (XceiverServerRatis.java:start(404)) - Starting XceiverServerRatis ad30ec37-d18e-401b-ae2e-6142b59ef57e at port 0
2019-09-12 11:42:46,048 [Datanode State Machine Thread - 0] INFO  impl.RaftServerProxy (RaftServerProxy.java:lambda$start$3(299)) - ad30ec37-d18e-401b-ae2e-6142b59ef57e: start RPC server
2019-09-12 11:42:46,049 [Datanode State Machine Thread - 0] INFO  server.GrpcService (GrpcService.java:startImpl(149)) - ad30ec37-d18e-401b-ae2e-6142b59ef57e: GrpcService started, listening on 0.0.0.0/0.0.0.0:33926
2019-09-12 11:42:46,049 [Datanode State Machine Thread - 0] INFO  ratis.XceiverServerRatis (XceiverServerRatis.java:start(414)) - XceiverServerRatis ad30ec37-d18e-401b-ae2e-6142b59ef57e is started using port 33926
2019-09-12 11:42:46,049 [Datanode State Machine Thread - 0] INFO  server.XceiverServerGrpc (XceiverServerGrpc.java:start(163)) - XceiverServerGrpc ad30ec37-d18e-401b-ae2e-6142b59ef57e is started using port 41084
2019-09-12 11:42:46,236 [Thread-1338] INFO  ozone.MiniOzoneClusterImpl (MiniOzoneClusterImpl.java:lambda$waitForClusterToBeReady$0(142)) - Waiting for cluster to be ready. Got 0 of 3 DN Heartbeats.
2019-09-12 11:42:46,238 | INFO  | SCMAudit | user=jenkins1000 | ip=192.168.157.195 | op=GET_VERSION null | ret=SUCCESS |  
2019-09-12 11:42:46,253 [Datanode State Machine Thread - 0] INFO  ozoneimpl.OzoneContainer (OzoneContainer.java:start(186)) - Attempting to start container services.
2019-09-12 11:42:46,254 [Datanode State Machine Thread - 0] INFO  ozoneimpl.OzoneContainer (OzoneContainer.java:startContainerScrub(160)) - Background container scrubber has been disabled by hdds.containerscrub.enabled
2019-09-12 11:42:46,254 [Datanode State Machine Thread - 0] INFO  ratis.XceiverServerRatis (XceiverServerRatis.java:start(404)) - Starting XceiverServerRatis 09dcba98-4a13-46c9-a161-8b5a08f93115 at port 0
2019-09-12 11:42:46,263 [Datanode State Machine Thread - 0] INFO  impl.RaftServerProxy (RaftServerProxy.java:lambda$start$3(299)) - 09dcba98-4a13-46c9-a161-8b5a08f93115: start RPC server
2019-09-12 11:42:46,264 [Datanode State Machine Thread - 0] INFO  server.GrpcService (GrpcService.java:startImpl(149)) - 09dcba98-4a13-46c9-a161-8b5a08f93115: GrpcService started, listening on 0.0.0.0/0.0.0.0:43521
2019-09-12 11:42:46,264 [Datanode State Machine Thread - 0] INFO  ratis.XceiverServerRatis (XceiverServerRatis.java:start(414)) - XceiverServerRatis 09dcba98-4a13-46c9-a161-8b5a08f93115 is started using port 43521
2019-09-12 11:42:46,265 [Datanode State Machine Thread - 0] INFO  server.XceiverServerGrpc (XceiverServerGrpc.java:start(163)) - XceiverServerGrpc 09dcba98-4a13-46c9-a161-8b5a08f93115 is started using port 40742
2019-09-12 11:42:47,237 [Thread-1338] INFO  ozone.MiniOzoneClusterImpl (MiniOzoneClusterImpl.java:lambda$waitForClusterToBeReady$0(142)) - Waiting for cluster to be ready. Got 0 of 3 DN Heartbeats.
2019-09-12 11:42:47,829 [IPC Server handler 0 on 44637] INFO  net.NetworkTopology (NetworkTopologyImpl.java:add(110)) - Added a new node: /default-rack/6715b0c2-2cac-4432-b20f-e5b2d82a5ebf
2019-09-12 11:42:47,831 [IPC Server handler 0 on 44637] INFO  node.SCMNodeManager (SCMNodeManager.java:register(273)) - Registered Data node : 6715b0c2-2cac-4432-b20f-e5b2d82a5ebf{ip: 192.168.157.195, host: pr-hdds-1569-xtfnx-3545843844, networkLocation: /default-rack, certSerialId: null}
2019-09-12 11:42:47,832 | INFO  | SCMAudit | user=jenkins1000 | ip=192.168.157.195 | op=REGISTER {datanodeDetails=6715b0c2-2cac-4432-b20f-e5b2d82a5ebf{ip: 192.168.157.195, host: pr-hdds-1569-xtfnx-3545843844, networkLocation: /default-rack, certSerialId: null}} | ret=SUCCESS |  
2019-09-12 11:42:47,832 [EventQueue-NodeRegistrationContainerReportForDataNodeSafeModeRule] INFO  safemode.SCMSafeModeManager (DataNodeSafeModeRule.java:process(71)) - SCM in safe mode. 1 DataNodes registered, 1 required.
2019-09-12 11:42:47,834 [EventQueue-NodeRegistrationContainerReportForDataNodeSafeModeRule] INFO  safemode.SCMSafeModeManager (SCMSafeModeManager.java:validateSafeModeExitRules(177)) - ScmSafeModeManager, all rules are successfully validated
2019-09-12 11:42:47,834 [EventQueue-NodeRegistrationContainerReportForDataNodeSafeModeRule] INFO  safemode.SCMSafeModeManager (SCMSafeModeManager.java:exitSafeMode(193)) - SCM exiting safe mode.
2019-09-12 11:42:47,845 [grpc-default-executor-0] INFO  impl.RaftServerProxy (RaftServerProxy.java:addNew(89)) - 6715b0c2-2cac-4432-b20f-e5b2d82a5ebf: addNew group-335D2E0244D1:[6715b0c2-2cac-4432-b20f-e5b2d82a5ebf:192.168.157.195:38481] returns group-335D2E0244D1:java.util.concurrent.CompletableFuture@1247cc4e[Not completed]
2019-09-12 11:42:47,847 [pool-292-thread-1] INFO  impl.RaftServerImpl (RaftServerImpl.java:<init>(93)) - 6715b0c2-2cac-4432-b20f-e5b2d82a5ebf: new RaftServerImpl for group-335D2E0244D1:[6715b0c2-2cac-4432-b20f-e5b2d82a5ebf:192.168.157.195:38481] with ContainerStateMachine:uninitialized
2019-09-12 11:42:47,847 [pool-292-thread-1] INFO  server.RaftServerConfigKeys (ConfUtils.java:logGet(43)) - raft.server.rpc.timeout.min = 5s (custom)
2019-09-12 11:42:47,847 [pool-292-thread-1] INFO  server.RaftServerConfigKeys (ConfUtils.java:logGet(43)) - raft.server.rpc.timeout.max = 5200ms (custom)
2019-09-12 11:42:47,847 [pool-292-thread-1] INFO  server.RaftServerConfigKeys (ConfUtils.java:logGet(43)) - raft.server.rpcslowness.timeout = 120s (custom)
2019-09-12 11:42:47,847 [pool-292-thread-1] INFO  server.RaftServerConfigKeys (ConfUtils.java:logGet(43)) - raft.server.sleep.deviation.threshold = 300 (default)
2019-09-12 11:42:47,848 [pool-292-thread-1] INFO  server.RaftServerConfigKeys (ConfUtils.java:logGet(43)) - raft.server.log.appender.install.snapshot.enabled = false (custom)
2019-09-12 11:42:47,848 [pool-292-thread-1] INFO  impl.RaftServerImpl (ServerState.java:<init>(105)) - 6715b0c2-2cac-4432-b20f-e5b2d82a5ebf:group-335D2E0244D1 ConfigurationManager, init=-1: [6715b0c2-2cac-4432-b20f-e5b2d82a5ebf:192.168.157.195:38481], old=null, confs=<EMPTY_MAP>
2019-09-12 11:42:47,848 [pool-292-thread-1] INFO  server.RaftServerConfigKeys (ConfUtils.java:logGet(43)) - raft.server.storage.dir = [/workdir/hadoop-ozone/ozonefs/target/test-dir/MiniOzoneClusterImpl-e692d26f-e14c-4f96-93da-7a5844c944d0/datanode-0/data/ratis] (custom)
2019-09-12 11:42:47,848 [pool-292-thread-1] INFO  storage.RaftStorageDirectory (RaftStorageDirectory.java:analyzeStorage(246)) - The storage directory /workdir/hadoop-ozone/ozonefs/target/test-dir/MiniOzoneClusterImpl-e692d26f-e14c-4f96-93da-7a5844c944d0/datanode-0/data/ratis/a72210bb-ec1c-417f-a204-335d2e0244d1 does not exist. Creating ...
2019-09-12 11:42:47,862 [pool-292-thread-1] INFO  storage.RaftStorageDirectory (RaftStorageDirectory.java:tryLock(328)) - Lock on /workdir/hadoop-ozone/ozonefs/target/test-dir/MiniOzoneClusterImpl-e692d26f-e14c-4f96-93da-7a5844c944d0/datanode-0/data/ratis/a72210bb-ec1c-417f-a204-335d2e0244d1/in_use.lock acquired by nodename 27663@pr-hdds-1569-xtfnx-3545843844
2019-09-12 11:42:47,874 [pool-292-thread-1] INFO  storage.RaftStorage (RaftStorage.java:format(72)) - Storage directory /workdir/hadoop-ozone/ozonefs/target/test-dir/MiniOzoneClusterImpl-e692d26f-e14c-4f96-93da-7a5844c944d0/datanode-0/data/ratis/a72210bb-ec1c-417f-a204-335d2e0244d1 has been successfully formatted.
2019-09-12 11:42:47,875 [pool-292-thread-1] INFO  ratis.ContainerStateMachine (ContainerStateMachine.java:loadSnapshot(226)) - group-335D2E0244D1: The snapshot info is null. Setting the last applied indexto:(t:0, i:~)
2019-09-12 11:42:47,875 [pool-292-thread-1] INFO  server.RaftServerConfigKeys (ConfUtils.java:logGet(43)) - raft.server.leader.election.timeout = 120s (custom)
2019-09-12 11:42:47,875 [pool-292-thread-1] INFO  server.RaftServerConfigKeys (ConfUtils.java:logGet(43)) - raft.server.log.use.memory = false (default)
2019-09-12 11:42:47,875 [pool-292-thread-1] INFO  server.RaftServerConfigKeys (ConfUtils.java:logGet(43)) - raft.server.log.purge.gap = 1000000 (custom)
2019-09-12 11:42:47,875 [pool-292-thread-1] INFO  server.RaftServerConfigKeys (ConfUtils.java:logGet(43)) - raft.server.log.appender.buffer.byte-limit = 33554432 (custom)
2019-09-12 11:42:47,876 [pool-292-thread-1] INFO  server.RaftServerConfigKeys (ConfUtils.java:logGet(43)) - raft.server.log.segment.size.max = 1048576 (custom)
2019-09-12 11:42:47,876 [pool-292-thread-1] INFO  server.RaftServerConfigKeys (ConfUtils.java:logGet(43)) - raft.server.log.segment.cache.num.max = 2 (custom)
2019-09-12 11:42:47,876 [pool-292-thread-1] INFO  segmented.SegmentedRaftLogWorker (SegmentedRaftLogWorker.java:<init>(172)) - new 6715b0c2-2cac-4432-b20f-e5b2d82a5ebf-SegmentedRaftLogWorker:Storage Directory /workdir/hadoop-ozone/ozonefs/target/test-dir/MiniOzoneClusterImpl-e692d26f-e14c-4f96-93da-7a5844c944d0/datanode-0/data/ratis/a72210bb-ec1c-417f-a204-335d2e0244d1 for RaftStorage:Storage Directory /workdir/hadoop-ozone/ozonefs/target/test-dir/MiniOzoneClusterImpl-e692d26f-e14c-4f96-93da-7a5844c944d0/datanode-0/data/ratis/a72210bb-ec1c-417f-a204-335d2e0244d1
2019-09-12 11:42:47,876 [pool-292-thread-1] INFO  server.RaftServerConfigKeys (ConfUtils.java:logGet(43)) - raft.server.log.queue.byte-limit = 2147483647 (custom)
2019-09-12 11:42:47,876 [pool-292-thread-1] INFO  server.RaftServerConfigKeys (ConfUtils.java:logGet(43)) - raft.server.log.queue.element-limit = 1024 (custom)
2019-09-12 11:42:47,877 [pool-292-thread-1] INFO  server.RaftServerConfigKeys (ConfUtils.java:logGet(43)) - raft.server.log.segment.size.max = 1048576 (custom)
2019-09-12 11:42:47,877 [pool-292-thread-1] INFO  server.RaftServerConfigKeys (ConfUtils.java:logGet(43)) - raft.server.log.preallocated.size = 16384 (custom)
2019-09-12 11:42:47,877 [pool-292-thread-1] INFO  server.RaftServerConfigKeys (ConfUtils.java:logGet(43)) - raft.server.log.write.buffer.size = 33554432 (custom)
2019-09-12 11:42:47,877 [pool-292-thread-1] INFO  server.RaftServerConfigKeys (ConfUtils.java:logGet(43)) - raft.server.log.force.sync.num = 128 (default)
2019-09-12 11:42:47,877 [pool-292-thread-1] INFO  server.RaftServerConfigKeys (ConfUtils.java:logGet(43)) - raft.server.log.statemachine.data.sync = true (default)
2019-09-12 11:42:47,877 [pool-292-thread-1] INFO  server.RaftServerConfigKeys (ConfUtils.java:logGet(43)) - raft.server.log.statemachine.data.sync.timeout = 10s (default)
2019-09-12 11:42:47,878 [pool-292-thread-1] INFO  server.RaftServerConfigKeys (ConfUtils.java:logGet(43)) - raft.server.log.statemachine.data.sync.timeout.retry = -1 (default)
2019-09-12 11:42:47,878 [pool-292-thread-1] INFO  server.RaftServerConfigKeys (ConfUtils.java:logGet(43)) - raft.server.log.statemachine.data.caching.enabled = true (custom)
2019-09-12 11:42:47,878 [pool-292-thread-1] INFO  segmented.SegmentedRaftLogWorker (SegmentedRaftLogWorker.java:lambda$new$0(132)) - 6715b0c2-2cac-4432-b20f-e5b2d82a5ebf-SegmentedRaftLogWorker:Storage Directory /workdir/hadoop-ozone/ozonefs/target/test-dir/MiniOzoneClusterImpl-e692d26f-e14c-4f96-93da-7a5844c944d0/datanode-0/data/ratis/a72210bb-ec1c-417f-a204-335d2e0244d1: flushIndex: setUnconditionally 0 -> -1
2019-09-12 11:42:47,879 [pool-292-thread-1] INFO  server.RaftServerConfigKeys (ConfUtils.java:logGet(43)) - raft.server.snapshot.auto.trigger.enabled = true (custom)
2019-09-12 11:42:47,879 [pool-292-thread-1] INFO  server.RaftServerConfigKeys (ConfUtils.java:logGet(43)) - raft.server.snapshot.auto.trigger.threshold = 10000 (custom)
2019-09-12 11:42:47,879 [pool-292-thread-1] INFO  server.RaftServerConfigKeys (ConfUtils.java:logGet(43)) - raft.server.retrycache.expirytime = 600000ms (custom)
2019-09-12 11:42:47,879 [pool-292-thread-1] INFO  impl.RaftServerImpl (RaftServerImpl.java:start(180)) - 6715b0c2-2cac-4432-b20f-e5b2d82a5ebf: start group-335D2E0244D1
2019-09-12 11:42:47,879 [pool-292-thread-1] INFO  impl.RaftServerImpl (RaftServerImpl.java:setRole(171)) - 6715b0c2-2cac-4432-b20f-e5b2d82a5ebf:group-335D2E0244D1 changes role from null to FOLLOWER at term 0 for startAsFollower
2019-09-12 11:42:47,879 [pool-292-thread-1] INFO  impl.RoleInfo (RoleInfo.java:updateAndGet(143)) - 6715b0c2-2cac-4432-b20f-e5b2d82a5ebf: start FollowerState
2019-09-12 11:42:47,880 [pool-292-thread-1] INFO  util.JmxRegister (JmxRegister.java:tryRegister(44)) - Successfully registered JMX Bean with object name Ratis:service=RaftServer,group=group-335D2E0244D1,id=6715b0c2-2cac-4432-b20f-e5b2d82a5ebf
2019-09-12 11:42:47,883 [RatisPipelineUtilsThread] INFO  pipeline.PipelineStateManager (PipelineStateManager.java:addPipeline(56)) - Created pipeline Pipeline[ Id: a72210bb-ec1c-417f-a204-335d2e0244d1, Nodes: 6715b0c2-2cac-4432-b20f-e5b2d82a5ebf{ip: 192.168.157.195, host: pr-hdds-1569-xtfnx-3545843844, networkLocation: /default-rack, certSerialId: null}, Type:RATIS, Factor:ONE, State:OPEN]
2019-09-12 11:42:47,889 [grpc-default-executor-0] INFO  impl.RaftServerProxy (RaftServerProxy.java:addNew(89)) - 6715b0c2-2cac-4432-b20f-e5b2d82a5ebf: addNew group-36F3E52732BD:[6715b0c2-2cac-4432-b20f-e5b2d82a5ebf:192.168.157.195:38481] returns group-36F3E52732BD:java.util.concurrent.CompletableFuture@239f7ed6[Not completed]
2019-09-12 11:42:47,891 [pool-292-thread-1] INFO  impl.RaftServerImpl (RaftServerImpl.java:<init>(93)) - 6715b0c2-2cac-4432-b20f-e5b2d82a5ebf: new RaftServerImpl for group-36F3E52732BD:[6715b0c2-2cac-4432-b20f-e5b2d82a5ebf:192.168.157.195:38481] with ContainerStateMachine:uninitialized
2019-09-12 11:42:47,891 [pool-292-thread-1] INFO  server.RaftServerConfigKeys (ConfUtils.java:logGet(43)) - raft.server.rpc.timeout.min = 5s (custom)
2019-09-12 11:42:47,891 [pool-292-thread-1] INFO  server.RaftServerConfigKeys (ConfUtils.java:logGet(43)) - raft.server.rpc.timeout.max = 5200ms (custom)
2019-09-12 11:42:47,891 [pool-292-thread-1] INFO  server.RaftServerConfigKeys (ConfUtils.java:logGet(43)) - raft.server.rpcslowness.timeout = 120s (custom)
2019-09-12 11:42:47,891 [pool-292-thread-1] INFO  server.RaftServerConfigKeys (ConfUtils.java:logGet(43)) - raft.server.sleep.deviation.threshold = 300 (default)
2019-09-12 11:42:47,892 [pool-292-thread-1] INFO  server.RaftServerConfigKeys (ConfUtils.java:logGet(43)) - raft.server.log.appender.install.snapshot.enabled = false (custom)
2019-09-12 11:42:47,892 [pool-292-thread-1] INFO  impl.RaftServerImpl (ServerState.java:<init>(105)) - 6715b0c2-2cac-4432-b20f-e5b2d82a5ebf:group-36F3E52732BD ConfigurationManager, init=-1: [6715b0c2-2cac-4432-b20f-e5b2d82a5ebf:192.168.157.195:38481], old=null, confs=<EMPTY_MAP>
2019-09-12 11:42:47,892 [pool-292-thread-1] INFO  server.RaftServerConfigKeys (ConfUtils.java:logGet(43)) - raft.server.storage.dir = [/workdir/hadoop-ozone/ozonefs/target/test-dir/MiniOzoneClusterImpl-e692d26f-e14c-4f96-93da-7a5844c944d0/datanode-0/data/ratis] (custom)
2019-09-12 11:42:47,892 [pool-292-thread-1] INFO  storage.RaftStorageDirectory (RaftStorageDirectory.java:analyzeStorage(246)) - The storage directory /workdir/hadoop-ozone/ozonefs/target/test-dir/MiniOzoneClusterImpl-e692d26f-e14c-4f96-93da-7a5844c944d0/datanode-0/data/ratis/5363147f-20b6-48fd-820e-36f3e52732bd does not exist. Creating ...
2019-09-12 11:42:47,906 [pool-292-thread-1] INFO  storage.RaftStorageDirectory (RaftStorageDirectory.java:tryLock(328)) - Lock on /workdir/hadoop-ozone/ozonefs/target/test-dir/MiniOzoneClusterImpl-e692d26f-e14c-4f96-93da-7a5844c944d0/datanode-0/data/ratis/5363147f-20b6-48fd-820e-36f3e52732bd/in_use.lock acquired by nodename 27663@pr-hdds-1569-xtfnx-3545843844
2019-09-12 11:42:47,920 [pool-292-thread-1] INFO  storage.RaftStorage (RaftStorage.java:format(72)) - Storage directory /workdir/hadoop-ozone/ozonefs/target/test-dir/MiniOzoneClusterImpl-e692d26f-e14c-4f96-93da-7a5844c944d0/datanode-0/data/ratis/5363147f-20b6-48fd-820e-36f3e52732bd has been successfully formatted.
2019-09-12 11:42:47,920 [pool-292-thread-1] INFO  ratis.ContainerStateMachine (ContainerStateMachine.java:loadSnapshot(226)) - group-36F3E52732BD: The snapshot info is null. Setting the last applied indexto:(t:0, i:~)
2019-09-12 11:42:47,920 [pool-292-thread-1] INFO  server.RaftServerConfigKeys (ConfUtils.java:logGet(43)) - raft.server.leader.election.timeout = 120s (custom)
2019-09-12 11:42:47,920 [pool-292-thread-1] INFO  server.RaftServerConfigKeys (ConfUtils.java:logGet(43)) - raft.server.log.use.memory = false (default)
2019-09-12 11:42:47,920 [pool-292-thread-1] INFO  server.RaftServerConfigKeys (ConfUtils.java:logGet(43)) - raft.server.log.purge.gap = 1000000 (custom)
2019-09-12 11:42:47,920 [pool-292-thread-1] INFO  server.RaftServerConfigKeys (ConfUtils.java:logGet(43)) - raft.server.log.appender.buffer.byte-limit = 33554432 (custom)
2019-09-12 11:42:47,921 [pool-292-thread-1] INFO  server.RaftServerConfigKeys (ConfUtils.java:logGet(43)) - raft.server.log.segment.size.max = 1048576 (custom)
2019-09-12 11:42:47,921 [pool-292-thread-1] INFO  server.RaftServerConfigKeys (ConfUtils.java:logGet(43)) - raft.server.log.segment.cache.num.max = 2 (custom)
2019-09-12 11:42:47,921 [pool-292-thread-1] INFO  segmented.SegmentedRaftLogWorker (SegmentedRaftLogWorker.java:<init>(172)) - new 6715b0c2-2cac-4432-b20f-e5b2d82a5ebf-SegmentedRaftLogWorker:Storage Directory /workdir/hadoop-ozone/ozonefs/target/test-dir/MiniOzoneClusterImpl-e692d26f-e14c-4f96-93da-7a5844c944d0/datanode-0/data/ratis/5363147f-20b6-48fd-820e-36f3e52732bd for RaftStorage:Storage Directory /workdir/hadoop-ozone/ozonefs/target/test-dir/MiniOzoneClusterImpl-e692d26f-e14c-4f96-93da-7a5844c944d0/datanode-0/data/ratis/5363147f-20b6-48fd-820e-36f3e52732bd
2019-09-12 11:42:47,921 [pool-292-thread-1] INFO  server.RaftServerConfigKeys (ConfUtils.java:logGet(43)) - raft.server.log.queue.byte-limit = 2147483647 (custom)
2019-09-12 11:42:47,921 [pool-292-thread-1] INFO  server.RaftServerConfigKeys (ConfUtils.java:logGet(43)) - raft.server.log.queue.element-limit = 1024 (custom)
2019-09-12 11:42:47,921 [pool-292-thread-1] INFO  server.RaftServerConfigKeys (ConfUtils.java:logGet(43)) - raft.server.log.segment.size.max = 1048576 (custom)
2019-09-12 11:42:47,921 [pool-292-thread-1] INFO  server.RaftServerConfigKeys (ConfUtils.java:logGet(43)) - raft.server.log.preallocated.size = 16384 (custom)
2019-09-12 11:42:47,922 [pool-292-thread-1] INFO  server.RaftServerConfigKeys (ConfUtils.java:logGet(43)) - raft.server.log.write.buffer.size = 33554432 (custom)
2019-09-12 11:42:47,922 [pool-292-thread-1] INFO  server.RaftServerConfigKeys (ConfUtils.java:logGet(43)) - raft.server.log.force.sync.num = 128 (default)
2019-09-12 11:42:47,922 [pool-292-thread-1] INFO  server.RaftServerConfigKeys (ConfUtils.java:logGet(43)) - raft.server.log.statemachine.data.sync = true (default)
2019-09-12 11:42:47,922 [pool-292-thread-1] INFO  server.RaftServerConfigKeys (ConfUtils.java:logGet(43)) - raft.server.log.statemachine.data.sync.timeout = 10s (default)
2019-09-12 11:42:47,922 [pool-292-thread-1] INFO  server.RaftServerConfigKeys (ConfUtils.java:logGet(43)) - raft.server.log.statemachine.data.sync.timeout.retry = -1 (default)
2019-09-12 11:42:47,922 [pool-292-thread-1] INFO  server.RaftServerConfigKeys (ConfUtils.java:logGet(43)) - raft.server.log.statemachine.data.caching.enabled = true (custom)
2019-09-12 11:42:47,923 [pool-292-thread-1] INFO  segmented.SegmentedRaftLogWorker (SegmentedRaftLogWorker.java:lambda$new$0(132)) - 6715b0c2-2cac-4432-b20f-e5b2d82a5ebf-SegmentedRaftLogWorker:Storage Directory /workdir/hadoop-ozone/ozonefs/target/test-dir/MiniOzoneClusterImpl-e692d26f-e14c-4f96-93da-7a5844c944d0/datanode-0/data/ratis/5363147f-20b6-48fd-820e-36f3e52732bd: flushIndex: setUnconditionally 0 -> -1
2019-09-12 11:42:47,923 [pool-292-thread-1] INFO  server.RaftServerConfigKeys (ConfUtils.java:logGet(43)) - raft.server.snapshot.auto.trigger.enabled = true (custom)
2019-09-12 11:42:47,923 [pool-292-thread-1] INFO  server.RaftServerConfigKeys (ConfUtils.java:logGet(43)) - raft.server.snapshot.auto.trigger.threshold = 10000 (custom)
2019-09-12 11:42:47,923 [pool-292-thread-1] INFO  server.RaftServerConfigKeys (ConfUtils.java:logGet(43)) - raft.server.retrycache.expirytime = 600000ms (custom)
2019-09-12 11:42:47,923 [pool-292-thread-1] INFO  impl.RaftServerImpl (RaftServerImpl.java:start(180)) - 6715b0c2-2cac-4432-b20f-e5b2d82a5ebf: start group-36F3E52732BD
2019-09-12 11:42:47,923 [pool-292-thread-1] INFO  impl.RaftServerImpl (RaftServerImpl.java:setRole(171)) - 6715b0c2-2cac-4432-b20f-e5b2d82a5ebf:group-36F3E52732BD changes role from null to FOLLOWER at term 0 for startAsFollower
2019-09-12 11:42:47,924 [pool-292-thread-1] INFO  impl.RoleInfo (RoleInfo.java:updateAndGet(143)) - 6715b0c2-2cac-4432-b20f-e5b2d82a5ebf: start FollowerState
2019-09-12 11:42:47,924 [pool-292-thread-1] INFO  util.JmxRegister (JmxRegister.java:tryRegister(44)) - Successfully registered JMX Bean with object name Ratis:service=RaftServer,group=group-36F3E52732BD,id=6715b0c2-2cac-4432-b20f-e5b2d82a5ebf
2019-09-12 11:42:47,927 [RatisPipelineUtilsThread] INFO  pipeline.PipelineStateManager (PipelineStateManager.java:addPipeline(56)) - Created pipeline Pipeline[ Id: 5363147f-20b6-48fd-820e-36f3e52732bd, Nodes: 6715b0c2-2cac-4432-b20f-e5b2d82a5ebf{ip: 192.168.157.195, host: pr-hdds-1569-xtfnx-3545843844, networkLocation: /default-rack, certSerialId: null}, Type:RATIS, Factor:ONE, State:OPEN]
2019-09-12 11:42:47,933 [grpc-default-executor-0] INFO  impl.RaftServerProxy (RaftServerProxy.java:addNew(89)) - 6715b0c2-2cac-4432-b20f-e5b2d82a5ebf: addNew group-0AF73B41127E:[6715b0c2-2cac-4432-b20f-e5b2d82a5ebf:192.168.157.195:38481] returns group-0AF73B41127E:java.util.concurrent.CompletableFuture@72683301[Not completed]
2019-09-12 11:42:47,934 [pool-292-thread-1] INFO  impl.RaftServerImpl (RaftServerImpl.java:<init>(93)) - 6715b0c2-2cac-4432-b20f-e5b2d82a5ebf: new RaftServerImpl for group-0AF73B41127E:[6715b0c2-2cac-4432-b20f-e5b2d82a5ebf:192.168.157.195:38481] with ContainerStateMachine:uninitialized
2019-09-12 11:42:47,934 [pool-292-thread-1] INFO  server.RaftServerConfigKeys (ConfUtils.java:logGet(43)) - raft.server.rpc.timeout.min = 5s (custom)
2019-09-12 11:42:47,934 [pool-292-thread-1] INFO  server.RaftServerConfigKeys (ConfUtils.java:logGet(43)) - raft.server.rpc.timeout.max = 5200ms (custom)
2019-09-12 11:42:47,934 [pool-292-thread-1] INFO  server.RaftServerConfigKeys (ConfUtils.java:logGet(43)) - raft.server.rpcslowness.timeout = 120s (custom)
2019-09-12 11:42:47,934 [pool-292-thread-1] INFO  server.RaftServerConfigKeys (ConfUtils.java:logGet(43)) - raft.server.sleep.deviation.threshold = 300 (default)
2019-09-12 11:42:47,934 [pool-292-thread-1] INFO  server.RaftServerConfigKeys (ConfUtils.java:logGet(43)) - raft.server.log.appender.install.snapshot.enabled = false (custom)
2019-09-12 11:42:47,935 [pool-292-thread-1] INFO  impl.RaftServerImpl (ServerState.java:<init>(105)) - 6715b0c2-2cac-4432-b20f-e5b2d82a5ebf:group-0AF73B41127E ConfigurationManager, init=-1: [6715b0c2-2cac-4432-b20f-e5b2d82a5ebf:192.168.157.195:38481], old=null, confs=<EMPTY_MAP>
2019-09-12 11:42:47,935 [pool-292-thread-1] INFO  server.RaftServerConfigKeys (ConfUtils.java:logGet(43)) - raft.server.storage.dir = [/workdir/hadoop-ozone/ozonefs/target/test-dir/MiniOzoneClusterImpl-e692d26f-e14c-4f96-93da-7a5844c944d0/datanode-0/data/ratis] (custom)
2019-09-12 11:42:47,935 [pool-292-thread-1] INFO  storage.RaftStorageDirectory (RaftStorageDirectory.java:analyzeStorage(246)) - The storage directory /workdir/hadoop-ozone/ozonefs/target/test-dir/MiniOzoneClusterImpl-e692d26f-e14c-4f96-93da-7a5844c944d0/datanode-0/data/ratis/34a689fe-e394-4b2e-9f80-0af73b41127e does not exist. Creating ...
2019-09-12 11:42:47,947 [pool-292-thread-1] INFO  storage.RaftStorageDirectory (RaftStorageDirectory.java:tryLock(328)) - Lock on /workdir/hadoop-ozone/ozonefs/target/test-dir/MiniOzoneClusterImpl-e692d26f-e14c-4f96-93da-7a5844c944d0/datanode-0/data/ratis/34a689fe-e394-4b2e-9f80-0af73b41127e/in_use.lock acquired by nodename 27663@pr-hdds-1569-xtfnx-3545843844
2019-09-12 11:42:47,960 [pool-292-thread-1] INFO  storage.RaftStorage (RaftStorage.java:format(72)) - Storage directory /workdir/hadoop-ozone/ozonefs/target/test-dir/MiniOzoneClusterImpl-e692d26f-e14c-4f96-93da-7a5844c944d0/datanode-0/data/ratis/34a689fe-e394-4b2e-9f80-0af73b41127e has been successfully formatted.
2019-09-12 11:42:47,961 [pool-292-thread-1] INFO  ratis.ContainerStateMachine (ContainerStateMachine.java:loadSnapshot(226)) - group-0AF73B41127E: The snapshot info is null. Setting the last applied indexto:(t:0, i:~)
2019-09-12 11:42:47,961 [pool-292-thread-1] INFO  server.RaftServerConfigKeys (ConfUtils.java:logGet(43)) - raft.server.leader.election.timeout = 120s (custom)
2019-09-12 11:42:47,961 [pool-292-thread-1] INFO  server.RaftServerConfigKeys (ConfUtils.java:logGet(43)) - raft.server.log.use.memory = false (default)
2019-09-12 11:42:47,961 [pool-292-thread-1] INFO  server.RaftServerConfigKeys (ConfUtils.java:logGet(43)) - raft.server.log.purge.gap = 1000000 (custom)
2019-09-12 11:42:47,961 [pool-292-thread-1] INFO  server.RaftServerConfigKeys (ConfUtils.java:logGet(43)) - raft.server.log.appender.buffer.byte-limit = 33554432 (custom)
2019-09-12 11:42:47,962 [pool-292-thread-1] INFO  server.RaftServerConfigKeys (ConfUtils.java:logGet(43)) - raft.server.log.segment.size.max = 1048576 (custom)
2019-09-12 11:42:47,962 [pool-292-thread-1] INFO  server.RaftServerConfigKeys (ConfUtils.java:logGet(43)) - raft.server.log.segment.cache.num.max = 2 (custom)
2019-09-12 11:42:47,962 [pool-292-thread-1] INFO  segmented.SegmentedRaftLogWorker (SegmentedRaftLogWorker.java:<init>(172)) - new 6715b0c2-2cac-4432-b20f-e5b2d82a5ebf-SegmentedRaftLogWorker:Storage Directory /workdir/hadoop-ozone/ozonefs/target/test-dir/MiniOzoneClusterImpl-e692d26f-e14c-4f96-93da-7a5844c944d0/datanode-0/data/ratis/34a689fe-e394-4b2e-9f80-0af73b41127e for RaftStorage:Storage Directory /workdir/hadoop-ozone/ozonefs/target/test-dir/MiniOzoneClusterImpl-e692d26f-e14c-4f96-93da-7a5844c944d0/datanode-0/data/ratis/34a689fe-e394-4b2e-9f80-0af73b41127e
2019-09-12 11:42:47,962 [pool-292-thread-1] INFO  server.RaftServerConfigKeys (ConfUtils.java:logGet(43)) - raft.server.log.queue.byte-limit = 2147483647 (custom)
2019-09-12 11:42:47,962 [pool-292-thread-1] INFO  server.RaftServerConfigKeys (ConfUtils.java:logGet(43)) - raft.server.log.queue.element-limit = 1024 (custom)
2019-09-12 11:42:47,962 [pool-292-thread-1] INFO  server.RaftServerConfigKeys (ConfUtils.java:logGet(43)) - raft.server.log.segment.size.max = 1048576 (custom)
2019-09-12 11:42:47,962 [pool-292-thread-1] INFO  server.RaftServerConfigKeys (ConfUtils.java:logGet(43)) - raft.server.log.preallocated.size = 16384 (custom)
2019-09-12 11:42:47,962 [pool-292-thread-1] INFO  server.RaftServerConfigKeys (ConfUtils.java:logGet(43)) - raft.server.log.write.buffer.size = 33554432 (custom)
2019-09-12 11:42:47,962 [pool-292-thread-1] INFO  server.RaftServerConfigKeys (ConfUtils.java:logGet(43)) - raft.server.log.force.sync.num = 128 (default)
2019-09-12 11:42:47,963 [pool-292-thread-1] INFO  server.RaftServerConfigKeys (ConfUtils.java:logGet(43)) - raft.server.log.statemachine.data.sync = true (default)
2019-09-12 11:42:47,963 [pool-292-thread-1] INFO  server.RaftServerConfigKeys (ConfUtils.java:logGet(43)) - raft.server.log.statemachine.data.sync.timeout = 10s (default)
2019-09-12 11:42:47,963 [pool-292-thread-1] INFO  server.RaftServerConfigKeys (ConfUtils.java:logGet(43)) - raft.server.log.statemachine.data.sync.timeout.retry = -1 (default)
2019-09-12 11:42:47,963 [pool-292-thread-1] INFO  server.RaftServerConfigKeys (ConfUtils.java:logGet(43)) - raft.server.log.statemachine.data.caching.enabled = true (custom)
2019-09-12 11:42:47,963 [pool-292-thread-1] INFO  segmented.SegmentedRaftLogWorker (SegmentedRaftLogWorker.java:lambda$new$0(132)) - 6715b0c2-2cac-4432-b20f-e5b2d82a5ebf-SegmentedRaftLogWorker:Storage Directory /workdir/hadoop-ozone/ozonefs/target/test-dir/MiniOzoneClusterImpl-e692d26f-e14c-4f96-93da-7a5844c944d0/datanode-0/data/ratis/34a689fe-e394-4b2e-9f80-0af73b41127e: flushIndex: setUnconditionally 0 -> -1
2019-09-12 11:42:47,964 [pool-292-thread-1] INFO  server.RaftServerConfigKeys (ConfUtils.java:logGet(43)) - raft.server.snapshot.auto.trigger.enabled = true (custom)
2019-09-12 11:42:47,964 [pool-292-thread-1] INFO  server.RaftServerConfigKeys (ConfUtils.java:logGet(43)) - raft.server.snapshot.auto.trigger.threshold = 10000 (custom)
2019-09-12 11:42:47,964 [pool-292-thread-1] INFO  server.RaftServerConfigKeys (ConfUtils.java:logGet(43)) - raft.server.retrycache.expirytime = 600000ms (custom)
2019-09-12 11:42:47,964 [pool-292-thread-1] INFO  impl.RaftServerImpl (RaftServerImpl.java:start(180)) - 6715b0c2-2cac-4432-b20f-e5b2d82a5ebf: start group-0AF73B41127E
2019-09-12 11:42:47,964 [pool-292-thread-1] INFO  impl.RaftServerImpl (RaftServerImpl.java:setRole(171)) - 6715b0c2-2cac-4432-b20f-e5b2d82a5ebf:group-0AF73B41127E changes role from null to FOLLOWER at term 0 for startAsFollower
2019-09-12 11:42:47,964 [pool-292-thread-1] INFO  impl.RoleInfo (RoleInfo.java:updateAndGet(143)) - 6715b0c2-2cac-4432-b20f-e5b2d82a5ebf: start FollowerState
2019-09-12 11:42:47,965 [pool-292-thread-1] INFO  util.JmxRegister (JmxRegister.java:tryRegister(44)) - Successfully registered JMX Bean with object name Ratis:service=RaftServer,group=group-0AF73B41127E,id=6715b0c2-2cac-4432-b20f-e5b2d82a5ebf
2019-09-12 11:42:47,968 [RatisPipelineUtilsThread] INFO  pipeline.PipelineStateManager (PipelineStateManager.java:addPipeline(56)) - Created pipeline Pipeline[ Id: 34a689fe-e394-4b2e-9f80-0af73b41127e, Nodes: 6715b0c2-2cac-4432-b20f-e5b2d82a5ebf{ip: 192.168.157.195, host: pr-hdds-1569-xtfnx-3545843844, networkLocation: /default-rack, certSerialId: null}, Type:RATIS, Factor:ONE, State:OPEN]
2019-09-12 11:42:47,974 [grpc-default-executor-0] INFO  impl.RaftServerProxy (RaftServerProxy.java:addNew(89)) - 6715b0c2-2cac-4432-b20f-e5b2d82a5ebf: addNew group-F72BA229B1CF:[6715b0c2-2cac-4432-b20f-e5b2d82a5ebf:192.168.157.195:38481] returns group-F72BA229B1CF:java.util.concurrent.CompletableFuture@165e5d7b[Not completed]
2019-09-12 11:42:47,975 [pool-292-thread-1] INFO  impl.RaftServerImpl (RaftServerImpl.java:<init>(93)) - 6715b0c2-2cac-4432-b20f-e5b2d82a5ebf: new RaftServerImpl for group-F72BA229B1CF:[6715b0c2-2cac-4432-b20f-e5b2d82a5ebf:192.168.157.195:38481] with ContainerStateMachine:uninitialized
2019-09-12 11:42:47,976 [pool-292-thread-1] INFO  server.RaftServerConfigKeys (ConfUtils.java:logGet(43)) - raft.server.rpc.timeout.min = 5s (custom)
2019-09-12 11:42:47,976 [pool-292-thread-1] INFO  server.RaftServerConfigKeys (ConfUtils.java:logGet(43)) - raft.server.rpc.timeout.max = 5200ms (custom)
2019-09-12 11:42:47,976 [pool-292-thread-1] INFO  server.RaftServerConfigKeys (ConfUtils.java:logGet(43)) - raft.server.rpcslowness.timeout = 120s (custom)
2019-09-12 11:42:47,976 [pool-292-thread-1] INFO  server.RaftServerConfigKeys (ConfUtils.java:logGet(43)) - raft.server.sleep.deviation.threshold = 300 (default)
2019-09-12 11:42:47,976 [pool-292-thread-1] INFO  server.RaftServerConfigKeys (ConfUtils.java:logGet(43)) - raft.server.log.appender.install.snapshot.enabled = false (custom)
2019-09-12 11:42:47,976 [pool-292-thread-1] INFO  impl.RaftServerImpl (ServerState.java:<init>(105)) - 6715b0c2-2cac-4432-b20f-e5b2d82a5ebf:group-F72BA229B1CF ConfigurationManager, init=-1: [6715b0c2-2cac-4432-b20f-e5b2d82a5ebf:192.168.157.195:38481], old=null, confs=<EMPTY_MAP>
2019-09-12 11:42:47,976 [pool-292-thread-1] INFO  server.RaftServerConfigKeys (ConfUtils.java:logGet(43)) - raft.server.storage.dir = [/workdir/hadoop-ozone/ozonefs/target/test-dir/MiniOzoneClusterImpl-e692d26f-e14c-4f96-93da-7a5844c944d0/datanode-0/data/ratis] (custom)
2019-09-12 11:42:47,977 [pool-292-thread-1] INFO  storage.RaftStorageDirectory (RaftStorageDirectory.java:analyzeStorage(246)) - The storage directory /workdir/hadoop-ozone/ozonefs/target/test-dir/MiniOzoneClusterImpl-e692d26f-e14c-4f96-93da-7a5844c944d0/datanode-0/data/ratis/d9c89eae-6add-4eb4-87f5-f72ba229b1cf does not exist. Creating ...
2019-09-12 11:42:47,989 [pool-292-thread-1] INFO  storage.RaftStorageDirectory (RaftStorageDirectory.java:tryLock(328)) - Lock on /workdir/hadoop-ozone/ozonefs/target/test-dir/MiniOzoneClusterImpl-e692d26f-e14c-4f96-93da-7a5844c944d0/datanode-0/data/ratis/d9c89eae-6add-4eb4-87f5-f72ba229b1cf/in_use.lock acquired by nodename 27663@pr-hdds-1569-xtfnx-3545843844
2019-09-12 11:42:48,001 [pool-292-thread-1] INFO  storage.RaftStorage (RaftStorage.java:format(72)) - Storage directory /workdir/hadoop-ozone/ozonefs/target/test-dir/MiniOzoneClusterImpl-e692d26f-e14c-4f96-93da-7a5844c944d0/datanode-0/data/ratis/d9c89eae-6add-4eb4-87f5-f72ba229b1cf has been successfully formatted.
2019-09-12 11:42:48,002 [pool-292-thread-1] INFO  ratis.ContainerStateMachine (ContainerStateMachine.java:loadSnapshot(226)) - group-F72BA229B1CF: The snapshot info is null. Setting the last applied indexto:(t:0, i:~)
2019-09-12 11:42:48,002 [pool-292-thread-1] INFO  server.RaftServerConfigKeys (ConfUtils.java:logGet(43)) - raft.server.leader.election.timeout = 120s (custom)
2019-09-12 11:42:48,002 [pool-292-thread-1] INFO  server.RaftServerConfigKeys (ConfUtils.java:logGet(43)) - raft.server.log.use.memory = false (default)
2019-09-12 11:42:48,002 [pool-292-thread-1] INFO  server.RaftServerConfigKeys (ConfUtils.java:logGet(43)) - raft.server.log.purge.gap = 1000000 (custom)
2019-09-12 11:42:48,002 [pool-292-thread-1] INFO  server.RaftServerConfigKeys (ConfUtils.java:logGet(43)) - raft.server.log.appender.buffer.byte-limit = 33554432 (custom)
2019-09-12 11:42:48,003 [pool-292-thread-1] INFO  server.RaftServerConfigKeys (ConfUtils.java:logGet(43)) - raft.server.log.segment.size.max = 1048576 (custom)
2019-09-12 11:42:48,003 [pool-292-thread-1] INFO  server.RaftServerConfigKeys (ConfUtils.java:logGet(43)) - raft.server.log.segment.cache.num.max = 2 (custom)
2019-09-12 11:42:48,003 [pool-292-thread-1] INFO  segmented.SegmentedRaftLogWorker (SegmentedRaftLogWorker.java:<init>(172)) - new 6715b0c2-2cac-4432-b20f-e5b2d82a5ebf-SegmentedRaftLogWorker:Storage Directory /workdir/hadoop-ozone/ozonefs/target/test-dir/MiniOzoneClusterImpl-e692d26f-e14c-4f96-93da-7a5844c944d0/datanode-0/data/ratis/d9c89eae-6add-4eb4-87f5-f72ba229b1cf for RaftStorage:Storage Directory /workdir/hadoop-ozone/ozonefs/target/test-dir/MiniOzoneClusterImpl-e692d26f-e14c-4f96-93da-7a5844c944d0/datanode-0/data/ratis/d9c89eae-6add-4eb4-87f5-f72ba229b1cf
2019-09-12 11:42:48,003 [pool-292-thread-1] INFO  server.RaftServerConfigKeys (ConfUtils.java:logGet(43)) - raft.server.log.queue.byte-limit = 2147483647 (custom)
2019-09-12 11:42:48,003 [pool-292-thread-1] INFO  server.RaftServerConfigKeys (ConfUtils.java:logGet(43)) - raft.server.log.queue.element-limit = 1024 (custom)
2019-09-12 11:42:48,003 [pool-292-thread-1] INFO  server.RaftServerConfigKeys (ConfUtils.java:logGet(43)) - raft.server.log.segment.size.max = 1048576 (custom)
2019-09-12 11:42:48,003 [pool-292-thread-1] INFO  server.RaftServerConfigKeys (ConfUtils.java:logGet(43)) - raft.server.log.preallocated.size = 16384 (custom)
2019-09-12 11:42:48,003 [pool-292-thread-1] INFO  server.RaftServerConfigKeys (ConfUtils.java:logGet(43)) - raft.server.log.write.buffer.size = 33554432 (custom)
2019-09-12 11:42:48,004 [pool-292-thread-1] INFO  server.RaftServerConfigKeys (ConfUtils.java:logGet(43)) - raft.server.log.force.sync.num = 128 (default)
2019-09-12 11:42:48,004 [pool-292-thread-1] INFO  server.RaftServerConfigKeys (ConfUtils.java:logGet(43)) - raft.server.log.statemachine.data.sync = true (default)
2019-09-12 11:42:48,004 [pool-292-thread-1] INFO  server.RaftServerConfigKeys (ConfUtils.java:logGet(43)) - raft.server.log.statemachine.data.sync.timeout = 10s (default)
2019-09-12 11:42:48,004 [pool-292-thread-1] INFO  server.RaftServerConfigKeys (ConfUtils.java:logGet(43)) - raft.server.log.statemachine.data.sync.timeout.retry = -1 (default)
2019-09-12 11:42:48,004 [pool-292-thread-1] INFO  server.RaftServerConfigKeys (ConfUtils.java:logGet(43)) - raft.server.log.statemachine.data.caching.enabled = true (custom)
2019-09-12 11:42:48,004 [pool-292-thread-1] INFO  segmented.SegmentedRaftLogWorker (SegmentedRaftLogWorker.java:lambda$new$0(132)) - 6715b0c2-2cac-4432-b20f-e5b2d82a5ebf-SegmentedRaftLogWorker:Storage Directory /workdir/hadoop-ozone/ozonefs/target/test-dir/MiniOzoneClusterImpl-e692d26f-e14c-4f96-93da-7a5844c944d0/datanode-0/data/ratis/d9c89eae-6add-4eb4-87f5-f72ba229b1cf: flushIndex: setUnconditionally 0 -> -1
2019-09-12 11:42:48,005 [pool-292-thread-1] INFO  server.RaftServerConfigKeys (ConfUtils.java:logGet(43)) - raft.server.snapshot.auto.trigger.enabled = true (custom)
2019-09-12 11:42:48,005 [pool-292-thread-1] INFO  server.RaftServerConfigKeys (ConfUtils.java:logGet(43)) - raft.server.snapshot.auto.trigger.threshold = 10000 (custom)
2019-09-12 11:42:48,005 [pool-292-thread-1] INFO  server.RaftServerConfigKeys (ConfUtils.java:logGet(43)) - raft.server.retrycache.expirytime = 600000ms (custom)
2019-09-12 11:42:48,005 [pool-292-thread-1] INFO  impl.RaftServerImpl (RaftServerImpl.java:start(180)) - 6715b0c2-2cac-4432-b20f-e5b2d82a5ebf: start group-F72BA229B1CF
2019-09-12 11:42:48,005 [pool-292-thread-1] INFO  impl.RaftServerImpl (RaftServerImpl.java:setRole(171)) - 6715b0c2-2cac-4432-b20f-e5b2d82a5ebf:group-F72BA229B1CF changes role from null to FOLLOWER at term 0 for startAsFollower
2019-09-12 11:42:48,005 [pool-292-thread-1] INFO  impl.RoleInfo (RoleInfo.java:updateAndGet(143)) - 6715b0c2-2cac-4432-b20f-e5b2d82a5ebf: start FollowerState
2019-09-12 11:42:48,006 [pool-292-thread-1] INFO  util.JmxRegister (JmxRegister.java:tryRegister(44)) - Successfully registered JMX Bean with object name Ratis:service=RaftServer,group=group-F72BA229B1CF,id=6715b0c2-2cac-4432-b20f-e5b2d82a5ebf
2019-09-12 11:42:48,008 [RatisPipelineUtilsThread] INFO  pipeline.PipelineStateManager (PipelineStateManager.java:addPipeline(56)) - Created pipeline Pipeline[ Id: d9c89eae-6add-4eb4-87f5-f72ba229b1cf, Nodes: 6715b0c2-2cac-4432-b20f-e5b2d82a5ebf{ip: 192.168.157.195, host: pr-hdds-1569-xtfnx-3545843844, networkLocation: /default-rack, certSerialId: null}, Type:RATIS, Factor:ONE, State:OPEN]
2019-09-12 11:42:48,014 [IPC Server handler 1 on 44637] INFO  net.NetworkTopology (NetworkTopologyImpl.java:add(110)) - Added a new node: /default-rack/ad30ec37-d18e-401b-ae2e-6142b59ef57e
2019-09-12 11:42:48,014 [IPC Server handler 1 on 44637] INFO  node.SCMNodeManager (SCMNodeManager.java:register(273)) - Registered Data node : ad30ec37-d18e-401b-ae2e-6142b59ef57e{ip: 192.168.157.195, host: pr-hdds-1569-xtfnx-3545843844, networkLocation: /default-rack, certSerialId: null}
2019-09-12 11:42:48,014 [grpc-default-executor-0] INFO  impl.RaftServerProxy (RaftServerProxy.java:addNew(89)) - 6715b0c2-2cac-4432-b20f-e5b2d82a5ebf: addNew group-E09FF3C8725B:[6715b0c2-2cac-4432-b20f-e5b2d82a5ebf:192.168.157.195:38481] returns group-E09FF3C8725B:java.util.concurrent.CompletableFuture@76262dd0[Not completed]
2019-09-12 11:42:48,014 | INFO  | SCMAudit | user=jenkins1000 | ip=192.168.157.195 | op=REGISTER {datanodeDetails=ad30ec37-d18e-401b-ae2e-6142b59ef57e{ip: 192.168.157.195, host: pr-hdds-1569-xtfnx-3545843844, networkLocation: /default-rack, certSerialId: null}} | ret=SUCCESS |  
2019-09-12 11:42:48,015 [pool-292-thread-1] INFO  impl.RaftServerImpl (RaftServerImpl.java:<init>(93)) - 6715b0c2-2cac-4432-b20f-e5b2d82a5ebf: new RaftServerImpl for group-E09FF3C8725B:[6715b0c2-2cac-4432-b20f-e5b2d82a5ebf:192.168.157.195:38481] with ContainerStateMachine:uninitialized
2019-09-12 11:42:48,015 [pool-292-thread-1] INFO  server.RaftServerConfigKeys (ConfUtils.java:logGet(43)) - raft.server.rpc.timeout.min = 5s (custom)
2019-09-12 11:42:48,015 [pool-292-thread-1] INFO  server.RaftServerConfigKeys (ConfUtils.java:logGet(43)) - raft.server.rpc.timeout.max = 5200ms (custom)
2019-09-12 11:42:48,015 [pool-292-thread-1] INFO  server.RaftServerConfigKeys (ConfUtils.java:logGet(43)) - raft.server.rpcslowness.timeout = 120s (custom)
2019-09-12 11:42:48,015 [pool-292-thread-1] INFO  server.RaftServerConfigKeys (ConfUtils.java:logGet(43)) - raft.server.sleep.deviation.threshold = 300 (default)
2019-09-12 11:42:48,016 [pool-292-thread-1] INFO  server.RaftServerConfigKeys (ConfUtils.java:logGet(43)) - raft.server.log.appender.install.snapshot.enabled = false (custom)
2019-09-12 11:42:48,016 [pool-292-thread-1] INFO  impl.RaftServerImpl (ServerState.java:<init>(105)) - 6715b0c2-2cac-4432-b20f-e5b2d82a5ebf:group-E09FF3C8725B ConfigurationManager, init=-1: [6715b0c2-2cac-4432-b20f-e5b2d82a5ebf:192.168.157.195:38481], old=null, confs=<EMPTY_MAP>
2019-09-12 11:42:48,016 [pool-292-thread-1] INFO  server.RaftServerConfigKeys (ConfUtils.java:logGet(43)) - raft.server.storage.dir = [/workdir/hadoop-ozone/ozonefs/target/test-dir/MiniOzoneClusterImpl-e692d26f-e14c-4f96-93da-7a5844c944d0/datanode-0/data/ratis] (custom)
2019-09-12 11:42:48,016 [pool-292-thread-1] INFO  storage.RaftStorageDirectory (RaftStorageDirectory.java:analyzeStorage(246)) - The storage directory /workdir/hadoop-ozone/ozonefs/target/test-dir/MiniOzoneClusterImpl-e692d26f-e14c-4f96-93da-7a5844c944d0/datanode-0/data/ratis/a825f36f-9fe6-41b3-a6fd-e09ff3c8725b does not exist. Creating ...
2019-09-12 11:42:48,029 [pool-292-thread-1] INFO  storage.RaftStorageDirectory (RaftStorageDirectory.java:tryLock(328)) - Lock on /workdir/hadoop-ozone/ozonefs/target/test-dir/MiniOzoneClusterImpl-e692d26f-e14c-4f96-93da-7a5844c944d0/datanode-0/data/ratis/a825f36f-9fe6-41b3-a6fd-e09ff3c8725b/in_use.lock acquired by nodename 27663@pr-hdds-1569-xtfnx-3545843844
2019-09-12 11:42:48,042 [pool-292-thread-1] INFO  storage.RaftStorage (RaftStorage.java:format(72)) - Storage directory /workdir/hadoop-ozone/ozonefs/target/test-dir/MiniOzoneClusterImpl-e692d26f-e14c-4f96-93da-7a5844c944d0/datanode-0/data/ratis/a825f36f-9fe6-41b3-a6fd-e09ff3c8725b has been successfully formatted.
2019-09-12 11:42:48,042 [pool-292-thread-1] INFO  ratis.ContainerStateMachine (ContainerStateMachine.java:loadSnapshot(226)) - group-E09FF3C8725B: The snapshot info is null. Setting the last applied indexto:(t:0, i:~)
2019-09-12 11:42:48,042 [pool-292-thread-1] INFO  server.RaftServerConfigKeys (ConfUtils.java:logGet(43)) - raft.server.leader.election.timeout = 120s (custom)
2019-09-12 11:42:48,042 [pool-292-thread-1] INFO  server.RaftServerConfigKeys (ConfUtils.java:logGet(43)) - raft.server.log.use.memory = false (default)
2019-09-12 11:42:48,042 [pool-292-thread-1] INFO  server.RaftServerConfigKeys (ConfUtils.java:logGet(43)) - raft.server.log.purge.gap = 1000000 (custom)
2019-09-12 11:42:48,042 [pool-292-thread-1] INFO  server.RaftServerConfigKeys (ConfUtils.java:logGet(43)) - raft.server.log.appender.buffer.byte-limit = 33554432 (custom)
2019-09-12 11:42:48,043 [pool-292-thread-1] INFO  server.RaftServerConfigKeys (ConfUtils.java:logGet(43)) - raft.server.log.segment.size.max = 1048576 (custom)
2019-09-12 11:42:48,043 [pool-292-thread-1] INFO  server.RaftServerConfigKeys (ConfUtils.java:logGet(43)) - raft.server.log.segment.cache.num.max = 2 (custom)
2019-09-12 11:42:48,043 [pool-292-thread-1] INFO  segmented.SegmentedRaftLogWorker (SegmentedRaftLogWorker.java:<init>(172)) - new 6715b0c2-2cac-4432-b20f-e5b2d82a5ebf-SegmentedRaftLogWorker:Storage Directory /workdir/hadoop-ozone/ozonefs/target/test-dir/MiniOzoneClusterImpl-e692d26f-e14c-4f96-93da-7a5844c944d0/datanode-0/data/ratis/a825f36f-9fe6-41b3-a6fd-e09ff3c8725b for RaftStorage:Storage Directory /workdir/hadoop-ozone/ozonefs/target/test-dir/MiniOzoneClusterImpl-e692d26f-e14c-4f96-93da-7a5844c944d0/datanode-0/data/ratis/a825f36f-9fe6-41b3-a6fd-e09ff3c8725b
2019-09-12 11:42:48,043 [pool-292-thread-1] INFO  server.RaftServerConfigKeys (ConfUtils.java:logGet(43)) - raft.server.log.queue.byte-limit = 2147483647 (custom)
2019-09-12 11:42:48,043 [pool-292-thread-1] INFO  server.RaftServerConfigKeys (ConfUtils.java:logGet(43)) - raft.server.log.queue.element-limit = 1024 (custom)
2019-09-12 11:42:48,043 [pool-292-thread-1] INFO  server.RaftServerConfigKeys (ConfUtils.java:logGet(43)) - raft.server.log.segment.size.max = 1048576 (custom)
2019-09-12 11:42:48,043 [pool-292-thread-1] INFO  server.RaftServerConfigKeys (ConfUtils.java:logGet(43)) - raft.server.log.preallocated.size = 16384 (custom)
2019-09-12 11:42:48,043 [pool-292-thread-1] INFO  server.RaftServerConfigKeys (ConfUtils.java:logGet(43)) - raft.server.log.write.buffer.size = 33554432 (custom)
2019-09-12 11:42:48,043 [pool-292-thread-1] INFO  server.RaftServerConfigKeys (ConfUtils.java:logGet(43)) - raft.server.log.force.sync.num = 128 (default)
2019-09-12 11:42:48,043 [pool-292-thread-1] INFO  server.RaftServerConfigKeys (ConfUtils.java:logGet(43)) - raft.server.log.statemachine.data.sync = true (default)
2019-09-12 11:42:48,044 [pool-292-thread-1] INFO  server.RaftServerConfigKeys (ConfUtils.java:logGet(43)) - raft.server.log.statemachine.data.sync.timeout = 10s (default)
2019-09-12 11:42:48,044 [pool-292-thread-1] INFO  server.RaftServerConfigKeys (ConfUtils.java:logGet(43)) - raft.server.log.statemachine.data.sync.timeout.retry = -1 (default)
2019-09-12 11:42:48,044 [pool-292-thread-1] INFO  server.RaftServerConfigKeys (ConfUtils.java:logGet(43)) - raft.server.log.statemachine.data.caching.enabled = true (custom)
2019-09-12 11:42:48,044 [pool-292-thread-1] INFO  segmented.SegmentedRaftLogWorker (SegmentedRaftLogWorker.java:lambda$new$0(132)) - 6715b0c2-2cac-4432-b20f-e5b2d82a5ebf-SegmentedRaftLogWorker:Storage Directory /workdir/hadoop-ozone/ozonefs/target/test-dir/MiniOzoneClusterImpl-e692d26f-e14c-4f96-93da-7a5844c944d0/datanode-0/data/ratis/a825f36f-9fe6-41b3-a6fd-e09ff3c8725b: flushIndex: setUnconditionally 0 -> -1
2019-09-12 11:42:48,044 [pool-292-thread-1] INFO  server.RaftServerConfigKeys (ConfUtils.java:logGet(43)) - raft.server.snapshot.auto.trigger.enabled = true (custom)
2019-09-12 11:42:48,045 [pool-292-thread-1] INFO  server.RaftServerConfigKeys (ConfUtils.java:logGet(43)) - raft.server.snapshot.auto.trigger.threshold = 10000 (custom)
2019-09-12 11:42:48,045 [pool-292-thread-1] INFO  server.RaftServerConfigKeys (ConfUtils.java:logGet(43)) - raft.server.retrycache.expirytime = 600000ms (custom)
2019-09-12 11:42:48,045 [pool-292-thread-1] INFO  impl.RaftServerImpl (RaftServerImpl.java:start(180)) - 6715b0c2-2cac-4432-b20f-e5b2d82a5ebf: start group-E09FF3C8725B
2019-09-12 11:42:48,045 [pool-292-thread-1] INFO  impl.RaftServerImpl (RaftServerImpl.java:setRole(171)) - 6715b0c2-2cac-4432-b20f-e5b2d82a5ebf:group-E09FF3C8725B changes role from null to FOLLOWER at term 0 for startAsFollower
2019-09-12 11:42:48,045 [pool-292-thread-1] INFO  impl.RoleInfo (RoleInfo.java:updateAndGet(143)) - 6715b0c2-2cac-4432-b20f-e5b2d82a5ebf: start FollowerState
2019-09-12 11:42:48,045 [pool-292-thread-1] INFO  util.JmxRegister (JmxRegister.java:tryRegister(44)) - Successfully registered JMX Bean with object name Ratis:service=RaftServer,group=group-E09FF3C8725B,id=6715b0c2-2cac-4432-b20f-e5b2d82a5ebf
2019-09-12 11:42:48,048 [RatisPipelineUtilsThread] INFO  pipeline.PipelineStateManager (PipelineStateManager.java:addPipeline(56)) - Created pipeline Pipeline[ Id: a825f36f-9fe6-41b3-a6fd-e09ff3c8725b, Nodes: 6715b0c2-2cac-4432-b20f-e5b2d82a5ebf{ip: 192.168.157.195, host: pr-hdds-1569-xtfnx-3545843844, networkLocation: /default-rack, certSerialId: null}, Type:RATIS, Factor:ONE, State:OPEN]
2019-09-12 11:42:48,057 [grpc-default-executor-0] INFO  impl.RaftServerProxy (RaftServerProxy.java:addNew(89)) - ad30ec37-d18e-401b-ae2e-6142b59ef57e: addNew group-C97904A9F77E:[ad30ec37-d18e-401b-ae2e-6142b59ef57e:192.168.157.195:33926] returns group-C97904A9F77E:java.util.concurrent.CompletableFuture@49c9a7d5[Not completed]
2019-09-12 11:42:48,058 [pool-303-thread-1] INFO  impl.RaftServerImpl (RaftServerImpl.java:<init>(93)) - ad30ec37-d18e-401b-ae2e-6142b59ef57e: new RaftServerImpl for group-C97904A9F77E:[ad30ec37-d18e-401b-ae2e-6142b59ef57e:192.168.157.195:33926] with ContainerStateMachine:uninitialized
2019-09-12 11:42:48,058 [pool-303-thread-1] INFO  server.RaftServerConfigKeys (ConfUtils.java:logGet(43)) - raft.server.rpc.timeout.min = 5s (custom)
2019-09-12 11:42:48,058 [pool-303-thread-1] INFO  server.RaftServerConfigKeys (ConfUtils.java:logGet(43)) - raft.server.rpc.timeout.max = 5200ms (custom)
2019-09-12 11:42:48,058 [pool-303-thread-1] INFO  server.RaftServerConfigKeys (ConfUtils.java:logGet(43)) - raft.server.rpcslowness.timeout = 120s (custom)
2019-09-12 11:42:48,059 [pool-303-thread-1] INFO  server.RaftServerConfigKeys (ConfUtils.java:logGet(43)) - raft.server.sleep.deviation.threshold = 300 (default)
2019-09-12 11:42:48,059 [pool-303-thread-1] INFO  server.RaftServerConfigKeys (ConfUtils.java:logGet(43)) - raft.server.log.appender.install.snapshot.enabled = false (custom)
2019-09-12 11:42:48,059 [pool-303-thread-1] INFO  impl.RaftServerImpl (ServerState.java:<init>(105)) - ad30ec37-d18e-401b-ae2e-6142b59ef57e:group-C97904A9F77E ConfigurationManager, init=-1: [ad30ec37-d18e-401b-ae2e-6142b59ef57e:192.168.157.195:33926], old=null, confs=<EMPTY_MAP>
2019-09-12 11:42:48,059 [pool-303-thread-1] INFO  server.RaftServerConfigKeys (ConfUtils.java:logGet(43)) - raft.server.storage.dir = [/workdir/hadoop-ozone/ozonefs/target/test-dir/MiniOzoneClusterImpl-e692d26f-e14c-4f96-93da-7a5844c944d0/datanode-1/data/ratis] (custom)
2019-09-12 11:42:48,060 [pool-303-thread-1] INFO  storage.RaftStorageDirectory (RaftStorageDirectory.java:analyzeStorage(246)) - The storage directory /workdir/hadoop-ozone/ozonefs/target/test-dir/MiniOzoneClusterImpl-e692d26f-e14c-4f96-93da-7a5844c944d0/datanode-1/data/ratis/61d73440-5e2f-4f71-a2f2-c97904a9f77e does not exist. Creating ...
2019-09-12 11:42:48,063 [pool-303-thread-1] INFO  storage.RaftStorageDirectory (RaftStorageDirectory.java:tryLock(328)) - Lock on /workdir/hadoop-ozone/ozonefs/target/test-dir/MiniOzoneClusterImpl-e692d26f-e14c-4f96-93da-7a5844c944d0/datanode-1/data/ratis/61d73440-5e2f-4f71-a2f2-c97904a9f77e/in_use.lock acquired by nodename 27663@pr-hdds-1569-xtfnx-3545843844
2019-09-12 11:42:48,066 [pool-303-thread-1] INFO  storage.RaftStorage (RaftStorage.java:format(72)) - Storage directory /workdir/hadoop-ozone/ozonefs/target/test-dir/MiniOzoneClusterImpl-e692d26f-e14c-4f96-93da-7a5844c944d0/datanode-1/data/ratis/61d73440-5e2f-4f71-a2f2-c97904a9f77e has been successfully formatted.
2019-09-12 11:42:48,066 [pool-303-thread-1] INFO  ratis.ContainerStateMachine (ContainerStateMachine.java:loadSnapshot(226)) - group-C97904A9F77E: The snapshot info is null. Setting the last applied indexto:(t:0, i:~)
2019-09-12 11:42:48,067 [pool-303-thread-1] INFO  server.RaftServerConfigKeys (ConfUtils.java:logGet(43)) - raft.server.leader.election.timeout = 120s (custom)
2019-09-12 11:42:48,067 [pool-303-thread-1] INFO  server.RaftServerConfigKeys (ConfUtils.java:logGet(43)) - raft.server.log.use.memory = false (default)
2019-09-12 11:42:48,067 [pool-303-thread-1] INFO  server.RaftServerConfigKeys (ConfUtils.java:logGet(43)) - raft.server.log.purge.gap = 1000000 (custom)
2019-09-12 11:42:48,067 [pool-303-thread-1] INFO  server.RaftServerConfigKeys (ConfUtils.java:logGet(43)) - raft.server.log.appender.buffer.byte-limit = 33554432 (custom)
2019-09-12 11:42:48,067 [pool-303-thread-1] INFO  server.RaftServerConfigKeys (ConfUtils.java:logGet(43)) - raft.server.log.segment.size.max = 1048576 (custom)
2019-09-12 11:42:48,067 [pool-303-thread-1] INFO  server.RaftServerConfigKeys (ConfUtils.java:logGet(43)) - raft.server.log.segment.cache.num.max = 2 (custom)
2019-09-12 11:42:48,067 [pool-303-thread-1] INFO  segmented.SegmentedRaftLogWorker (SegmentedRaftLogWorker.java:<init>(172)) - new ad30ec37-d18e-401b-ae2e-6142b59ef57e-SegmentedRaftLogWorker:Storage Directory /workdir/hadoop-ozone/ozonefs/target/test-dir/MiniOzoneClusterImpl-e692d26f-e14c-4f96-93da-7a5844c944d0/datanode-1/data/ratis/61d73440-5e2f-4f71-a2f2-c97904a9f77e for RaftStorage:Storage Directory /workdir/hadoop-ozone/ozonefs/target/test-dir/MiniOzoneClusterImpl-e692d26f-e14c-4f96-93da-7a5844c944d0/datanode-1/data/ratis/61d73440-5e2f-4f71-a2f2-c97904a9f77e
2019-09-12 11:42:48,068 [pool-303-thread-1] INFO  server.RaftServerConfigKeys (ConfUtils.java:logGet(43)) - raft.server.log.queue.byte-limit = 2147483647 (custom)
2019-09-12 11:42:48,068 [pool-303-thread-1] INFO  server.RaftServerConfigKeys (ConfUtils.java:logGet(43)) - raft.server.log.queue.element-limit = 1024 (custom)
2019-09-12 11:42:48,068 [pool-303-thread-1] INFO  server.RaftServerConfigKeys (ConfUtils.java:logGet(43)) - raft.server.log.segment.size.max = 1048576 (custom)
2019-09-12 11:42:48,068 [pool-303-thread-1] INFO  server.RaftServerConfigKeys (ConfUtils.java:logGet(43)) - raft.server.log.preallocated.size = 16384 (custom)
2019-09-12 11:42:48,068 [pool-303-thread-1] INFO  server.RaftServerConfigKeys (ConfUtils.java:logGet(43)) - raft.server.log.write.buffer.size = 33554432 (custom)
2019-09-12 11:42:48,068 [pool-303-thread-1] INFO  server.RaftServerConfigKeys (ConfUtils.java:logGet(43)) - raft.server.log.force.sync.num = 128 (default)
2019-09-12 11:42:48,068 [pool-303-thread-1] INFO  server.RaftServerConfigKeys (ConfUtils.java:logGet(43)) - raft.server.log.statemachine.data.sync = true (default)
2019-09-12 11:42:48,069 [pool-303-thread-1] INFO  server.RaftServerConfigKeys (ConfUtils.java:logGet(43)) - raft.server.log.statemachine.data.sync.timeout = 10s (default)
2019-09-12 11:42:48,069 [pool-303-thread-1] INFO  server.RaftServerConfigKeys (ConfUtils.java:logGet(43)) - raft.server.log.statemachine.data.sync.timeout.retry = -1 (default)
2019-09-12 11:42:48,069 [pool-303-thread-1] INFO  server.RaftServerConfigKeys (ConfUtils.java:logGet(43)) - raft.server.log.statemachine.data.caching.enabled = true (custom)
2019-09-12 11:42:48,069 [pool-303-thread-1] INFO  segmented.SegmentedRaftLogWorker (SegmentedRaftLogWorker.java:lambda$new$0(132)) - ad30ec37-d18e-401b-ae2e-6142b59ef57e-SegmentedRaftLogWorker:Storage Directory /workdir/hadoop-ozone/ozonefs/target/test-dir/MiniOzoneClusterImpl-e692d26f-e14c-4f96-93da-7a5844c944d0/datanode-1/data/ratis/61d73440-5e2f-4f71-a2f2-c97904a9f77e: flushIndex: setUnconditionally 0 -> -1
2019-09-12 11:42:48,070 [pool-303-thread-1] INFO  server.RaftServerConfigKeys (ConfUtils.java:logGet(43)) - raft.server.snapshot.auto.trigger.enabled = true (custom)
2019-09-12 11:42:48,070 [pool-303-thread-1] INFO  server.RaftServerConfigKeys (ConfUtils.java:logGet(43)) - raft.server.snapshot.auto.trigger.threshold = 10000 (custom)
2019-09-12 11:42:48,070 [pool-303-thread-1] INFO  server.RaftServerConfigKeys (ConfUtils.java:logGet(43)) - raft.server.retrycache.expirytime = 600000ms (custom)
2019-09-12 11:42:48,070 [pool-303-thread-1] INFO  impl.RaftServerImpl (RaftServerImpl.java:start(180)) - ad30ec37-d18e-401b-ae2e-6142b59ef57e: start group-C97904A9F77E
2019-09-12 11:42:48,070 [pool-303-thread-1] INFO  impl.RaftServerImpl (RaftServerImpl.java:setRole(171)) - ad30ec37-d18e-401b-ae2e-6142b59ef57e:group-C97904A9F77E changes role from null to FOLLOWER at term 0 for startAsFollower
2019-09-12 11:42:48,070 [pool-303-thread-1] INFO  impl.RoleInfo (RoleInfo.java:updateAndGet(143)) - ad30ec37-d18e-401b-ae2e-6142b59ef57e: start FollowerState
2019-09-12 11:42:48,071 [pool-303-thread-1] INFO  util.JmxRegister (JmxRegister.java:tryRegister(44)) - Successfully registered JMX Bean with object name Ratis:service=RaftServer,group=group-C97904A9F77E,id=ad30ec37-d18e-401b-ae2e-6142b59ef57e
2019-09-12 11:42:48,073 [RatisPipelineUtilsThread] INFO  pipeline.PipelineStateManager (PipelineStateManager.java:addPipeline(56)) - Created pipeline Pipeline[ Id: 61d73440-5e2f-4f71-a2f2-c97904a9f77e, Nodes: ad30ec37-d18e-401b-ae2e-6142b59ef57e{ip: 192.168.157.195, host: pr-hdds-1569-xtfnx-3545843844, networkLocation: /default-rack, certSerialId: null}, Type:RATIS, Factor:ONE, State:OPEN]
2019-09-12 11:42:48,079 [grpc-default-executor-0] INFO  impl.RaftServerProxy (RaftServerProxy.java:addNew(89)) - ad30ec37-d18e-401b-ae2e-6142b59ef57e: addNew group-4A71D00468F1:[ad30ec37-d18e-401b-ae2e-6142b59ef57e:192.168.157.195:33926] returns group-4A71D00468F1:java.util.concurrent.CompletableFuture@67dfb0fa[Not completed]
2019-09-12 11:42:48,080 [pool-303-thread-1] INFO  impl.RaftServerImpl (RaftServerImpl.java:<init>(93)) - ad30ec37-d18e-401b-ae2e-6142b59ef57e: new RaftServerImpl for group-4A71D00468F1:[ad30ec37-d18e-401b-ae2e-6142b59ef57e:192.168.157.195:33926] with ContainerStateMachine:uninitialized
2019-09-12 11:42:48,080 [pool-303-thread-1] INFO  server.RaftServerConfigKeys (ConfUtils.java:logGet(43)) - raft.server.rpc.timeout.min = 5s (custom)
2019-09-12 11:42:48,080 [pool-303-thread-1] INFO  server.RaftServerConfigKeys (ConfUtils.java:logGet(43)) - raft.server.rpc.timeout.max = 5200ms (custom)
2019-09-12 11:42:48,080 [pool-303-thread-1] INFO  server.RaftServerConfigKeys (ConfUtils.java:logGet(43)) - raft.server.rpcslowness.timeout = 120s (custom)
2019-09-12 11:42:48,080 [pool-303-thread-1] INFO  server.RaftServerConfigKeys (ConfUtils.java:logGet(43)) - raft.server.sleep.deviation.threshold = 300 (default)
2019-09-12 11:42:48,081 [pool-303-thread-1] INFO  server.RaftServerConfigKeys (ConfUtils.java:logGet(43)) - raft.server.log.appender.install.snapshot.enabled = false (custom)
2019-09-12 11:42:48,081 [pool-303-thread-1] INFO  impl.RaftServerImpl (ServerState.java:<init>(105)) - ad30ec37-d18e-401b-ae2e-6142b59ef57e:group-4A71D00468F1 ConfigurationManager, init=-1: [ad30ec37-d18e-401b-ae2e-6142b59ef57e:192.168.157.195:33926], old=null, confs=<EMPTY_MAP>
2019-09-12 11:42:48,081 [pool-303-thread-1] INFO  server.RaftServerConfigKeys (ConfUtils.java:logGet(43)) - raft.server.storage.dir = [/workdir/hadoop-ozone/ozonefs/target/test-dir/MiniOzoneClusterImpl-e692d26f-e14c-4f96-93da-7a5844c944d0/datanode-1/data/ratis] (custom)
2019-09-12 11:42:48,081 [pool-303-thread-1] INFO  storage.RaftStorageDirectory (RaftStorageDirectory.java:analyzeStorage(246)) - The storage directory /workdir/hadoop-ozone/ozonefs/target/test-dir/MiniOzoneClusterImpl-e692d26f-e14c-4f96-93da-7a5844c944d0/datanode-1/data/ratis/1796e9a8-3a31-4978-ae9a-4a71d00468f1 does not exist. Creating ...
2019-09-12 11:42:48,085 [pool-303-thread-1] INFO  storage.RaftStorageDirectory (RaftStorageDirectory.java:tryLock(328)) - Lock on /workdir/hadoop-ozone/ozonefs/target/test-dir/MiniOzoneClusterImpl-e692d26f-e14c-4f96-93da-7a5844c944d0/datanode-1/data/ratis/1796e9a8-3a31-4978-ae9a-4a71d00468f1/in_use.lock acquired by nodename 27663@pr-hdds-1569-xtfnx-3545843844
2019-09-12 11:42:48,088 [pool-303-thread-1] INFO  storage.RaftStorage (RaftStorage.java:format(72)) - Storage directory /workdir/hadoop-ozone/ozonefs/target/test-dir/MiniOzoneClusterImpl-e692d26f-e14c-4f96-93da-7a5844c944d0/datanode-1/data/ratis/1796e9a8-3a31-4978-ae9a-4a71d00468f1 has been successfully formatted.
2019-09-12 11:42:48,088 [pool-303-thread-1] INFO  ratis.ContainerStateMachine (ContainerStateMachine.java:loadSnapshot(226)) - group-4A71D00468F1: The snapshot info is null. Setting the last applied indexto:(t:0, i:~)
2019-09-12 11:42:48,088 [pool-303-thread-1] INFO  server.RaftServerConfigKeys (ConfUtils.java:logGet(43)) - raft.server.leader.election.timeout = 120s (custom)
2019-09-12 11:42:48,088 [pool-303-thread-1] INFO  server.RaftServerConfigKeys (ConfUtils.java:logGet(43)) - raft.server.log.use.memory = false (default)
2019-09-12 11:42:48,088 [pool-303-thread-1] INFO  server.RaftServerConfigKeys (ConfUtils.java:logGet(43)) - raft.server.log.purge.gap = 1000000 (custom)
2019-09-12 11:42:48,089 [pool-303-thread-1] INFO  server.RaftServerConfigKeys (ConfUtils.java:logGet(43)) - raft.server.log.appender.buffer.byte-limit = 33554432 (custom)
2019-09-12 11:42:48,089 [pool-303-thread-1] INFO  server.RaftServerConfigKeys (ConfUtils.java:logGet(43)) - raft.server.log.segment.size.max = 1048576 (custom)
2019-09-12 11:42:48,089 [pool-303-thread-1] INFO  server.RaftServerConfigKeys (ConfUtils.java:logGet(43)) - raft.server.log.segment.cache.num.max = 2 (custom)
2019-09-12 11:42:48,089 [pool-303-thread-1] INFO  segmented.SegmentedRaftLogWorker (SegmentedRaftLogWorker.java:<init>(172)) - new ad30ec37-d18e-401b-ae2e-6142b59ef57e-SegmentedRaftLogWorker:Storage Directory /workdir/hadoop-ozone/ozonefs/target/test-dir/MiniOzoneClusterImpl-e692d26f-e14c-4f96-93da-7a5844c944d0/datanode-1/data/ratis/1796e9a8-3a31-4978-ae9a-4a71d00468f1 for RaftStorage:Storage Directory /workdir/hadoop-ozone/ozonefs/target/test-dir/MiniOzoneClusterImpl-e692d26f-e14c-4f96-93da-7a5844c944d0/datanode-1/data/ratis/1796e9a8-3a31-4978-ae9a-4a71d00468f1
2019-09-12 11:42:48,089 [pool-303-thread-1] INFO  server.RaftServerConfigKeys (ConfUtils.java:logGet(43)) - raft.server.log.queue.byte-limit = 2147483647 (custom)
2019-09-12 11:42:48,089 [pool-303-thread-1] INFO  server.RaftServerConfigKeys (ConfUtils.java:logGet(43)) - raft.server.log.queue.element-limit = 1024 (custom)
2019-09-12 11:42:48,089 [pool-303-thread-1] INFO  server.RaftServerConfigKeys (ConfUtils.java:logGet(43)) - raft.server.log.segment.size.max = 1048576 (custom)
2019-09-12 11:42:48,089 [pool-303-thread-1] INFO  server.RaftServerConfigKeys (ConfUtils.java:logGet(43)) - raft.server.log.preallocated.size = 16384 (custom)
2019-09-12 11:42:48,089 [pool-303-thread-1] INFO  server.RaftServerConfigKeys (ConfUtils.java:logGet(43)) - raft.server.log.write.buffer.size = 33554432 (custom)
2019-09-12 11:42:48,090 [pool-303-thread-1] INFO  server.RaftServerConfigKeys (ConfUtils.java:logGet(43)) - raft.server.log.force.sync.num = 128 (default)
2019-09-12 11:42:48,090 [pool-303-thread-1] INFO  server.RaftServerConfigKeys (ConfUtils.java:logGet(43)) - raft.server.log.statemachine.data.sync = true (default)
2019-09-12 11:42:48,090 [pool-303-thread-1] INFO  server.RaftServerConfigKeys (ConfUtils.java:logGet(43)) - raft.server.log.statemachine.data.sync.timeout = 10s (default)
2019-09-12 11:42:48,090 [pool-303-thread-1] INFO  server.RaftServerConfigKeys (ConfUtils.java:logGet(43)) - raft.server.log.statemachine.data.sync.timeout.retry = -1 (default)
2019-09-12 11:42:48,090 [pool-303-thread-1] INFO  server.RaftServerConfigKeys (ConfUtils.java:logGet(43)) - raft.server.log.statemachine.data.caching.enabled = true (custom)
2019-09-12 11:42:48,090 [pool-303-thread-1] INFO  segmented.SegmentedRaftLogWorker (SegmentedRaftLogWorker.java:lambda$new$0(132)) - ad30ec37-d18e-401b-ae2e-6142b59ef57e-SegmentedRaftLogWorker:Storage Directory /workdir/hadoop-ozone/ozonefs/target/test-dir/MiniOzoneClusterImpl-e692d26f-e14c-4f96-93da-7a5844c944d0/datanode-1/data/ratis/1796e9a8-3a31-4978-ae9a-4a71d00468f1: flushIndex: setUnconditionally 0 -> -1
2019-09-12 11:42:48,091 [pool-303-thread-1] INFO  server.RaftServerConfigKeys (ConfUtils.java:logGet(43)) - raft.server.snapshot.auto.trigger.enabled = true (custom)
2019-09-12 11:42:48,091 [pool-303-thread-1] INFO  server.RaftServerConfigKeys (ConfUtils.java:logGet(43)) - raft.server.snapshot.auto.trigger.threshold = 10000 (custom)
2019-09-12 11:42:48,091 [pool-303-thread-1] INFO  server.RaftServerConfigKeys (ConfUtils.java:logGet(43)) - raft.server.retrycache.expirytime = 600000ms (custom)
2019-09-12 11:42:48,091 [pool-303-thread-1] INFO  impl.RaftServerImpl (RaftServerImpl.java:start(180)) - ad30ec37-d18e-401b-ae2e-6142b59ef57e: start group-4A71D00468F1
2019-09-12 11:42:48,091 [pool-303-thread-1] INFO  impl.RaftServerImpl (RaftServerImpl.java:setRole(171)) - ad30ec37-d18e-401b-ae2e-6142b59ef57e:group-4A71D00468F1 changes role from null to FOLLOWER at term 0 for startAsFollower
2019-09-12 11:42:48,091 [pool-303-thread-1] INFO  impl.RoleInfo (RoleInfo.java:updateAndGet(143)) - ad30ec37-d18e-401b-ae2e-6142b59ef57e: start FollowerState
2019-09-12 11:42:48,092 [pool-303-thread-1] INFO  util.JmxRegister (JmxRegister.java:tryRegister(44)) - Successfully registered JMX Bean with object name Ratis:service=RaftServer,group=group-4A71D00468F1,id=ad30ec37-d18e-401b-ae2e-6142b59ef57e
2019-09-12 11:42:48,094 [RatisPipelineUtilsThread] INFO  pipeline.PipelineStateManager (PipelineStateManager.java:addPipeline(56)) - Created pipeline Pipeline[ Id: 1796e9a8-3a31-4978-ae9a-4a71d00468f1, Nodes: ad30ec37-d18e-401b-ae2e-6142b59ef57e{ip: 192.168.157.195, host: pr-hdds-1569-xtfnx-3545843844, networkLocation: /default-rack, certSerialId: null}, Type:RATIS, Factor:ONE, State:OPEN]
2019-09-12 11:42:48,100 [grpc-default-executor-0] INFO  impl.RaftServerProxy (RaftServerProxy.java:addNew(89)) - ad30ec37-d18e-401b-ae2e-6142b59ef57e: addNew group-3648E9DCB6F7:[ad30ec37-d18e-401b-ae2e-6142b59ef57e:192.168.157.195:33926] returns group-3648E9DCB6F7:java.util.concurrent.CompletableFuture@67499bb5[Not completed]
2019-09-12 11:42:48,101 [pool-303-thread-1] INFO  impl.RaftServerImpl (RaftServerImpl.java:<init>(93)) - ad30ec37-d18e-401b-ae2e-6142b59ef57e: new RaftServerImpl for group-3648E9DCB6F7:[ad30ec37-d18e-401b-ae2e-6142b59ef57e:192.168.157.195:33926] with ContainerStateMachine:uninitialized
2019-09-12 11:42:48,101 [pool-303-thread-1] INFO  server.RaftServerConfigKeys (ConfUtils.java:logGet(43)) - raft.server.rpc.timeout.min = 5s (custom)
2019-09-12 11:42:48,102 [pool-303-thread-1] INFO  server.RaftServerConfigKeys (ConfUtils.java:logGet(43)) - raft.server.rpc.timeout.max = 5200ms (custom)
2019-09-12 11:42:48,102 [pool-303-thread-1] INFO  server.RaftServerConfigKeys (ConfUtils.java:logGet(43)) - raft.server.rpcslowness.timeout = 120s (custom)
2019-09-12 11:42:48,102 [pool-303-thread-1] INFO  server.RaftServerConfigKeys (ConfUtils.java:logGet(43)) - raft.server.sleep.deviation.threshold = 300 (default)
2019-09-12 11:42:48,102 [pool-303-thread-1] INFO  server.RaftServerConfigKeys (ConfUtils.java:logGet(43)) - raft.server.log.appender.install.snapshot.enabled = false (custom)
2019-09-12 11:42:48,102 [pool-303-thread-1] INFO  impl.RaftServerImpl (ServerState.java:<init>(105)) - ad30ec37-d18e-401b-ae2e-6142b59ef57e:group-3648E9DCB6F7 ConfigurationManager, init=-1: [ad30ec37-d18e-401b-ae2e-6142b59ef57e:192.168.157.195:33926], old=null, confs=<EMPTY_MAP>
2019-09-12 11:42:48,102 [pool-303-thread-1] INFO  server.RaftServerConfigKeys (ConfUtils.java:logGet(43)) - raft.server.storage.dir = [/workdir/hadoop-ozone/ozonefs/target/test-dir/MiniOzoneClusterImpl-e692d26f-e14c-4f96-93da-7a5844c944d0/datanode-1/data/ratis] (custom)
2019-09-12 11:42:48,102 [pool-303-thread-1] INFO  storage.RaftStorageDirectory (RaftStorageDirectory.java:analyzeStorage(246)) - The storage directory /workdir/hadoop-ozone/ozonefs/target/test-dir/MiniOzoneClusterImpl-e692d26f-e14c-4f96-93da-7a5844c944d0/datanode-1/data/ratis/bef8a0a6-b27f-425f-833c-3648e9dcb6f7 does not exist. Creating ...
2019-09-12 11:42:48,107 [pool-303-thread-1] INFO  storage.RaftStorageDirectory (RaftStorageDirectory.java:tryLock(328)) - Lock on /workdir/hadoop-ozone/ozonefs/target/test-dir/MiniOzoneClusterImpl-e692d26f-e14c-4f96-93da-7a5844c944d0/datanode-1/data/ratis/bef8a0a6-b27f-425f-833c-3648e9dcb6f7/in_use.lock acquired by nodename 27663@pr-hdds-1569-xtfnx-3545843844
2019-09-12 11:42:48,118 [pool-303-thread-1] INFO  storage.RaftStorage (RaftStorage.java:format(72)) - Storage directory /workdir/hadoop-ozone/ozonefs/target/test-dir/MiniOzoneClusterImpl-e692d26f-e14c-4f96-93da-7a5844c944d0/datanode-1/data/ratis/bef8a0a6-b27f-425f-833c-3648e9dcb6f7 has been successfully formatted.
2019-09-12 11:42:48,118 [pool-303-thread-1] INFO  ratis.ContainerStateMachine (ContainerStateMachine.java:loadSnapshot(226)) - group-3648E9DCB6F7: The snapshot info is null. Setting the last applied indexto:(t:0, i:~)
2019-09-12 11:42:48,119 [pool-303-thread-1] INFO  server.RaftServerConfigKeys (ConfUtils.java:logGet(43)) - raft.server.leader.election.timeout = 120s (custom)
2019-09-12 11:42:48,119 [pool-303-thread-1] INFO  server.RaftServerConfigKeys (ConfUtils.java:logGet(43)) - raft.server.log.use.memory = false (default)
2019-09-12 11:42:48,119 [pool-303-thread-1] INFO  server.RaftServerConfigKeys (ConfUtils.java:logGet(43)) - raft.server.log.purge.gap = 1000000 (custom)
2019-09-12 11:42:48,119 [pool-303-thread-1] INFO  server.RaftServerConfigKeys (ConfUtils.java:logGet(43)) - raft.server.log.appender.buffer.byte-limit = 33554432 (custom)
2019-09-12 11:42:48,119 [pool-303-thread-1] INFO  server.RaftServerConfigKeys (ConfUtils.java:logGet(43)) - raft.server.log.segment.size.max = 1048576 (custom)
2019-09-12 11:42:48,119 [pool-303-thread-1] INFO  server.RaftServerConfigKeys (ConfUtils.java:logGet(43)) - raft.server.log.segment.cache.num.max = 2 (custom)
2019-09-12 11:42:48,119 [pool-303-thread-1] INFO  segmented.SegmentedRaftLogWorker (SegmentedRaftLogWorker.java:<init>(172)) - new ad30ec37-d18e-401b-ae2e-6142b59ef57e-SegmentedRaftLogWorker:Storage Directory /workdir/hadoop-ozone/ozonefs/target/test-dir/MiniOzoneClusterImpl-e692d26f-e14c-4f96-93da-7a5844c944d0/datanode-1/data/ratis/bef8a0a6-b27f-425f-833c-3648e9dcb6f7 for RaftStorage:Storage Directory /workdir/hadoop-ozone/ozonefs/target/test-dir/MiniOzoneClusterImpl-e692d26f-e14c-4f96-93da-7a5844c944d0/datanode-1/data/ratis/bef8a0a6-b27f-425f-833c-3648e9dcb6f7
2019-09-12 11:42:48,119 [pool-303-thread-1] INFO  server.RaftServerConfigKeys (ConfUtils.java:logGet(43)) - raft.server.log.queue.byte-limit = 2147483647 (custom)
2019-09-12 11:42:48,119 [pool-303-thread-1] INFO  server.RaftServerConfigKeys (ConfUtils.java:logGet(43)) - raft.server.log.queue.element-limit = 1024 (custom)
2019-09-12 11:42:48,119 [pool-303-thread-1] INFO  server.RaftServerConfigKeys (ConfUtils.java:logGet(43)) - raft.server.log.segment.size.max = 1048576 (custom)
2019-09-12 11:42:48,120 [pool-303-thread-1] INFO  server.RaftServerConfigKeys (ConfUtils.java:logGet(43)) - raft.server.log.preallocated.size = 16384 (custom)
2019-09-12 11:42:48,120 [pool-303-thread-1] INFO  server.RaftServerConfigKeys (ConfUtils.java:logGet(43)) - raft.server.log.write.buffer.size = 33554432 (custom)
2019-09-12 11:42:48,120 [pool-303-thread-1] INFO  server.RaftServerConfigKeys (ConfUtils.java:logGet(43)) - raft.server.log.force.sync.num = 128 (default)
2019-09-12 11:42:48,120 [pool-303-thread-1] INFO  server.RaftServerConfigKeys (ConfUtils.java:logGet(43)) - raft.server.log.statemachine.data.sync = true (default)
2019-09-12 11:42:48,120 [pool-303-thread-1] INFO  server.RaftServerConfigKeys (ConfUtils.java:logGet(43)) - raft.server.log.statemachine.data.sync.timeout = 10s (default)
2019-09-12 11:42:48,120 [pool-303-thread-1] INFO  server.RaftServerConfigKeys (ConfUtils.java:logGet(43)) - raft.server.log.statemachine.data.sync.timeout.retry = -1 (default)
2019-09-12 11:42:48,120 [pool-303-thread-1] INFO  server.RaftServerConfigKeys (ConfUtils.java:logGet(43)) - raft.server.log.statemachine.data.caching.enabled = true (custom)
2019-09-12 11:42:48,120 [pool-303-thread-1] INFO  segmented.SegmentedRaftLogWorker (SegmentedRaftLogWorker.java:lambda$new$0(132)) - ad30ec37-d18e-401b-ae2e-6142b59ef57e-SegmentedRaftLogWorker:Storage Directory /workdir/hadoop-ozone/ozonefs/target/test-dir/MiniOzoneClusterImpl-e692d26f-e14c-4f96-93da-7a5844c944d0/datanode-1/data/ratis/bef8a0a6-b27f-425f-833c-3648e9dcb6f7: flushIndex: setUnconditionally 0 -> -1
2019-09-12 11:42:48,121 [pool-303-thread-1] INFO  server.RaftServerConfigKeys (ConfUtils.java:logGet(43)) - raft.server.snapshot.auto.trigger.enabled = true (custom)
2019-09-12 11:42:48,121 [pool-303-thread-1] INFO  server.RaftServerConfigKeys (ConfUtils.java:logGet(43)) - raft.server.snapshot.auto.trigger.threshold = 10000 (custom)
2019-09-12 11:42:48,121 [pool-303-thread-1] INFO  server.RaftServerConfigKeys (ConfUtils.java:logGet(43)) - raft.server.retrycache.expirytime = 600000ms (custom)
2019-09-12 11:42:48,121 [pool-303-thread-1] INFO  impl.RaftServerImpl (RaftServerImpl.java:start(180)) - ad30ec37-d18e-401b-ae2e-6142b59ef57e: start group-3648E9DCB6F7
2019-09-12 11:42:48,121 [pool-303-thread-1] INFO  impl.RaftServerImpl (RaftServerImpl.java:setRole(171)) - ad30ec37-d18e-401b-ae2e-6142b59ef57e:group-3648E9DCB6F7 changes role from null to FOLLOWER at term 0 for startAsFollower
2019-09-12 11:42:48,121 [pool-303-thread-1] INFO  impl.RoleInfo (RoleInfo.java:updateAndGet(143)) - ad30ec37-d18e-401b-ae2e-6142b59ef57e: start FollowerState
2019-09-12 11:42:48,121 [pool-303-thread-1] INFO  util.JmxRegister (JmxRegister.java:tryRegister(44)) - Successfully registered JMX Bean with object name Ratis:service=RaftServer,group=group-3648E9DCB6F7,id=ad30ec37-d18e-401b-ae2e-6142b59ef57e
2019-09-12 11:42:48,124 [RatisPipelineUtilsThread] INFO  pipeline.PipelineStateManager (PipelineStateManager.java:addPipeline(56)) - Created pipeline Pipeline[ Id: bef8a0a6-b27f-425f-833c-3648e9dcb6f7, Nodes: ad30ec37-d18e-401b-ae2e-6142b59ef57e{ip: 192.168.157.195, host: pr-hdds-1569-xtfnx-3545843844, networkLocation: /default-rack, certSerialId: null}, Type:RATIS, Factor:ONE, State:OPEN]
2019-09-12 11:42:48,130 [grpc-default-executor-0] INFO  impl.RaftServerProxy (RaftServerProxy.java:addNew(89)) - ad30ec37-d18e-401b-ae2e-6142b59ef57e: addNew group-831FDA0C70B8:[ad30ec37-d18e-401b-ae2e-6142b59ef57e:192.168.157.195:33926] returns group-831FDA0C70B8:java.util.concurrent.CompletableFuture@41ad6de9[Not completed]
2019-09-12 11:42:48,131 [pool-303-thread-1] INFO  impl.RaftServerImpl (RaftServerImpl.java:<init>(93)) - ad30ec37-d18e-401b-ae2e-6142b59ef57e: new RaftServerImpl for group-831FDA0C70B8:[ad30ec37-d18e-401b-ae2e-6142b59ef57e:192.168.157.195:33926] with ContainerStateMachine:uninitialized
2019-09-12 11:42:48,131 [pool-303-thread-1] INFO  server.RaftServerConfigKeys (ConfUtils.java:logGet(43)) - raft.server.rpc.timeout.min = 5s (custom)
2019-09-12 11:42:48,131 [pool-303-thread-1] INFO  server.RaftServerConfigKeys (ConfUtils.java:logGet(43)) - raft.server.rpc.timeout.max = 5200ms (custom)
2019-09-12 11:42:48,131 [pool-303-thread-1] INFO  server.RaftServerConfigKeys (ConfUtils.java:logGet(43)) - raft.server.rpcslowness.timeout = 120s (custom)
2019-09-12 11:42:48,131 [pool-303-thread-1] INFO  server.RaftServerConfigKeys (ConfUtils.java:logGet(43)) - raft.server.sleep.deviation.threshold = 300 (default)
2019-09-12 11:42:48,131 [pool-303-thread-1] INFO  server.RaftServerConfigKeys (ConfUtils.java:logGet(43)) - raft.server.log.appender.install.snapshot.enabled = false (custom)
2019-09-12 11:42:48,131 [pool-303-thread-1] INFO  impl.RaftServerImpl (ServerState.java:<init>(105)) - ad30ec37-d18e-401b-ae2e-6142b59ef57e:group-831FDA0C70B8 ConfigurationManager, init=-1: [ad30ec37-d18e-401b-ae2e-6142b59ef57e:192.168.157.195:33926], old=null, confs=<EMPTY_MAP>
2019-09-12 11:42:48,132 [pool-303-thread-1] INFO  server.RaftServerConfigKeys (ConfUtils.java:logGet(43)) - raft.server.storage.dir = [/workdir/hadoop-ozone/ozonefs/target/test-dir/MiniOzoneClusterImpl-e692d26f-e14c-4f96-93da-7a5844c944d0/datanode-1/data/ratis] (custom)
2019-09-12 11:42:48,132 [pool-303-thread-1] INFO  storage.RaftStorageDirectory (RaftStorageDirectory.java:analyzeStorage(246)) - The storage directory /workdir/hadoop-ozone/ozonefs/target/test-dir/MiniOzoneClusterImpl-e692d26f-e14c-4f96-93da-7a5844c944d0/datanode-1/data/ratis/86f113bf-d8f5-44ca-8dde-831fda0c70b8 does not exist. Creating ...
2019-09-12 11:42:48,139 [pool-303-thread-1] INFO  storage.RaftStorageDirectory (RaftStorageDirectory.java:tryLock(328)) - Lock on /workdir/hadoop-ozone/ozonefs/target/test-dir/MiniOzoneClusterImpl-e692d26f-e14c-4f96-93da-7a5844c944d0/datanode-1/data/ratis/86f113bf-d8f5-44ca-8dde-831fda0c70b8/in_use.lock acquired by nodename 27663@pr-hdds-1569-xtfnx-3545843844
2019-09-12 11:42:48,159 [pool-303-thread-1] INFO  storage.RaftStorage (RaftStorage.java:format(72)) - Storage directory /workdir/hadoop-ozone/ozonefs/target/test-dir/MiniOzoneClusterImpl-e692d26f-e14c-4f96-93da-7a5844c944d0/datanode-1/data/ratis/86f113bf-d8f5-44ca-8dde-831fda0c70b8 has been successfully formatted.
2019-09-12 11:42:48,160 [pool-303-thread-1] INFO  ratis.ContainerStateMachine (ContainerStateMachine.java:loadSnapshot(226)) - group-831FDA0C70B8: The snapshot info is null. Setting the last applied indexto:(t:0, i:~)
2019-09-12 11:42:48,160 [pool-303-thread-1] INFO  server.RaftServerConfigKeys (ConfUtils.java:logGet(43)) - raft.server.leader.election.timeout = 120s (custom)
2019-09-12 11:42:48,160 [pool-303-thread-1] INFO  server.RaftServerConfigKeys (ConfUtils.java:logGet(43)) - raft.server.log.use.memory = false (default)
2019-09-12 11:42:48,160 [pool-303-thread-1] INFO  server.RaftServerConfigKeys (ConfUtils.java:logGet(43)) - raft.server.log.purge.gap = 1000000 (custom)
2019-09-12 11:42:48,160 [pool-303-thread-1] INFO  server.RaftServerConfigKeys (ConfUtils.java:logGet(43)) - raft.server.log.appender.buffer.byte-limit = 33554432 (custom)
2019-09-12 11:42:48,161 [pool-303-thread-1] INFO  server.RaftServerConfigKeys (ConfUtils.java:logGet(43)) - raft.server.log.segment.size.max = 1048576 (custom)
2019-09-12 11:42:48,161 [pool-303-thread-1] INFO  server.RaftServerConfigKeys (ConfUtils.java:logGet(43)) - raft.server.log.segment.cache.num.max = 2 (custom)
2019-09-12 11:42:48,161 [pool-303-thread-1] INFO  segmented.SegmentedRaftLogWorker (SegmentedRaftLogWorker.java:<init>(172)) - new ad30ec37-d18e-401b-ae2e-6142b59ef57e-SegmentedRaftLogWorker:Storage Directory /workdir/hadoop-ozone/ozonefs/target/test-dir/MiniOzoneClusterImpl-e692d26f-e14c-4f96-93da-7a5844c944d0/datanode-1/data/ratis/86f113bf-d8f5-44ca-8dde-831fda0c70b8 for RaftStorage:Storage Directory /workdir/hadoop-ozone/ozonefs/target/test-dir/MiniOzoneClusterImpl-e692d26f-e14c-4f96-93da-7a5844c944d0/datanode-1/data/ratis/86f113bf-d8f5-44ca-8dde-831fda0c70b8
2019-09-12 11:42:48,161 [pool-303-thread-1] INFO  server.RaftServerConfigKeys (ConfUtils.java:logGet(43)) - raft.server.log.queue.byte-limit = 2147483647 (custom)
2019-09-12 11:42:48,161 [pool-303-thread-1] INFO  server.RaftServerConfigKeys (ConfUtils.java:logGet(43)) - raft.server.log.queue.element-limit = 1024 (custom)
2019-09-12 11:42:48,161 [pool-303-thread-1] INFO  server.RaftServerConfigKeys (ConfUtils.java:logGet(43)) - raft.server.log.segment.size.max = 1048576 (custom)
2019-09-12 11:42:48,162 [pool-303-thread-1] INFO  server.RaftServerConfigKeys (ConfUtils.java:logGet(43)) - raft.server.log.preallocated.size = 16384 (custom)
2019-09-12 11:42:48,162 [pool-303-thread-1] INFO  server.RaftServerConfigKeys (ConfUtils.java:logGet(43)) - raft.server.log.write.buffer.size = 33554432 (custom)
2019-09-12 11:42:48,162 [pool-303-thread-1] INFO  server.RaftServerConfigKeys (ConfUtils.java:logGet(43)) - raft.server.log.force.sync.num = 128 (default)
2019-09-12 11:42:48,162 [pool-303-thread-1] INFO  server.RaftServerConfigKeys (ConfUtils.java:logGet(43)) - raft.server.log.statemachine.data.sync = true (default)
2019-09-12 11:42:48,162 [pool-303-thread-1] INFO  server.RaftServerConfigKeys (ConfUtils.java:logGet(43)) - raft.server.log.statemachine.data.sync.timeout = 10s (default)
2019-09-12 11:42:48,162 [pool-303-thread-1] INFO  server.RaftServerConfigKeys (ConfUtils.java:logGet(43)) - raft.server.log.statemachine.data.sync.timeout.retry = -1 (default)
2019-09-12 11:42:48,163 [pool-303-thread-1] INFO  server.RaftServerConfigKeys (ConfUtils.java:logGet(43)) - raft.server.log.statemachine.data.caching.enabled = true (custom)
2019-09-12 11:42:48,163 [pool-303-thread-1] INFO  segmented.SegmentedRaftLogWorker (SegmentedRaftLogWorker.java:lambda$new$0(132)) - ad30ec37-d18e-401b-ae2e-6142b59ef57e-SegmentedRaftLogWorker:Storage Directory /workdir/hadoop-ozone/ozonefs/target/test-dir/MiniOzoneClusterImpl-e692d26f-e14c-4f96-93da-7a5844c944d0/datanode-1/data/ratis/86f113bf-d8f5-44ca-8dde-831fda0c70b8: flushIndex: setUnconditionally 0 -> -1
2019-09-12 11:42:48,163 [pool-303-thread-1] INFO  server.RaftServerConfigKeys (ConfUtils.java:logGet(43)) - raft.server.snapshot.auto.trigger.enabled = true (custom)
2019-09-12 11:42:48,164 [pool-303-thread-1] INFO  server.RaftServerConfigKeys (ConfUtils.java:logGet(43)) - raft.server.snapshot.auto.trigger.threshold = 10000 (custom)
2019-09-12 11:42:48,164 [pool-303-thread-1] INFO  server.RaftServerConfigKeys (ConfUtils.java:logGet(43)) - raft.server.retrycache.expirytime = 600000ms (custom)
2019-09-12 11:42:48,164 [pool-303-thread-1] INFO  impl.RaftServerImpl (RaftServerImpl.java:start(180)) - ad30ec37-d18e-401b-ae2e-6142b59ef57e: start group-831FDA0C70B8
2019-09-12 11:42:48,164 [pool-303-thread-1] INFO  impl.RaftServerImpl (RaftServerImpl.java:setRole(171)) - ad30ec37-d18e-401b-ae2e-6142b59ef57e:group-831FDA0C70B8 changes role from null to FOLLOWER at term 0 for startAsFollower
2019-09-12 11:42:48,164 [pool-303-thread-1] INFO  impl.RoleInfo (RoleInfo.java:updateAndGet(143)) - ad30ec37-d18e-401b-ae2e-6142b59ef57e: start FollowerState
2019-09-12 11:42:48,165 [pool-303-thread-1] INFO  util.JmxRegister (JmxRegister.java:tryRegister(44)) - Successfully registered JMX Bean with object name Ratis:service=RaftServer,group=group-831FDA0C70B8,id=ad30ec37-d18e-401b-ae2e-6142b59ef57e
2019-09-12 11:42:48,168 [RatisPipelineUtilsThread] INFO  pipeline.PipelineStateManager (PipelineStateManager.java:addPipeline(56)) - Created pipeline Pipeline[ Id: 86f113bf-d8f5-44ca-8dde-831fda0c70b8, Nodes: ad30ec37-d18e-401b-ae2e-6142b59ef57e{ip: 192.168.157.195, host: pr-hdds-1569-xtfnx-3545843844, networkLocation: /default-rack, certSerialId: null}, Type:RATIS, Factor:ONE, State:OPEN]
2019-09-12 11:42:48,173 [grpc-default-executor-0] INFO  impl.RaftServerProxy (RaftServerProxy.java:addNew(89)) - 6715b0c2-2cac-4432-b20f-e5b2d82a5ebf: addNew group-4AE864D36B6A:[6715b0c2-2cac-4432-b20f-e5b2d82a5ebf:192.168.157.195:38481] returns group-4AE864D36B6A:java.util.concurrent.CompletableFuture@5ae031c6[Not completed]
2019-09-12 11:42:48,174 [pool-292-thread-1] INFO  impl.RaftServerImpl (RaftServerImpl.java:<init>(93)) - 6715b0c2-2cac-4432-b20f-e5b2d82a5ebf: new RaftServerImpl for group-4AE864D36B6A:[6715b0c2-2cac-4432-b20f-e5b2d82a5ebf:192.168.157.195:38481] with ContainerStateMachine:uninitialized
2019-09-12 11:42:48,174 [pool-292-thread-1] INFO  server.RaftServerConfigKeys (ConfUtils.java:logGet(43)) - raft.server.rpc.timeout.min = 5s (custom)
2019-09-12 11:42:48,174 [pool-292-thread-1] INFO  server.RaftServerConfigKeys (ConfUtils.java:logGet(43)) - raft.server.rpc.timeout.max = 5200ms (custom)
2019-09-12 11:42:48,174 [pool-292-thread-1] INFO  server.RaftServerConfigKeys (ConfUtils.java:logGet(43)) - raft.server.rpcslowness.timeout = 120s (custom)
2019-09-12 11:42:48,174 [pool-292-thread-1] INFO  server.RaftServerConfigKeys (ConfUtils.java:logGet(43)) - raft.server.sleep.deviation.threshold = 300 (default)
2019-09-12 11:42:48,175 [pool-292-thread-1] INFO  server.RaftServerConfigKeys (ConfUtils.java:logGet(43)) - raft.server.log.appender.install.snapshot.enabled = false (custom)
2019-09-12 11:42:48,175 [pool-292-thread-1] INFO  impl.RaftServerImpl (ServerState.java:<init>(105)) - 6715b0c2-2cac-4432-b20f-e5b2d82a5ebf:group-4AE864D36B6A ConfigurationManager, init=-1: [6715b0c2-2cac-4432-b20f-e5b2d82a5ebf:192.168.157.195:38481], old=null, confs=<EMPTY_MAP>
2019-09-12 11:42:48,175 [pool-292-thread-1] INFO  server.RaftServerConfigKeys (ConfUtils.java:logGet(43)) - raft.server.storage.dir = [/workdir/hadoop-ozone/ozonefs/target/test-dir/MiniOzoneClusterImpl-e692d26f-e14c-4f96-93da-7a5844c944d0/datanode-0/data/ratis] (custom)
2019-09-12 11:42:48,175 [pool-292-thread-1] INFO  storage.RaftStorageDirectory (RaftStorageDirectory.java:analyzeStorage(246)) - The storage directory /workdir/hadoop-ozone/ozonefs/target/test-dir/MiniOzoneClusterImpl-e692d26f-e14c-4f96-93da-7a5844c944d0/datanode-0/data/ratis/492e4957-e23b-4b17-a50b-4ae864d36b6a does not exist. Creating ...
2019-09-12 11:42:48,199 [pool-292-thread-1] INFO  storage.RaftStorageDirectory (RaftStorageDirectory.java:tryLock(328)) - Lock on /workdir/hadoop-ozone/ozonefs/target/test-dir/MiniOzoneClusterImpl-e692d26f-e14c-4f96-93da-7a5844c944d0/datanode-0/data/ratis/492e4957-e23b-4b17-a50b-4ae864d36b6a/in_use.lock acquired by nodename 27663@pr-hdds-1569-xtfnx-3545843844
2019-09-12 11:42:48,212 [pool-292-thread-1] INFO  storage.RaftStorage (RaftStorage.java:format(72)) - Storage directory /workdir/hadoop-ozone/ozonefs/target/test-dir/MiniOzoneClusterImpl-e692d26f-e14c-4f96-93da-7a5844c944d0/datanode-0/data/ratis/492e4957-e23b-4b17-a50b-4ae864d36b6a has been successfully formatted.
2019-09-12 11:42:48,212 [pool-292-thread-1] INFO  ratis.ContainerStateMachine (ContainerStateMachine.java:loadSnapshot(226)) - group-4AE864D36B6A: The snapshot info is null. Setting the last applied indexto:(t:0, i:~)
2019-09-12 11:42:48,212 [pool-292-thread-1] INFO  server.RaftServerConfigKeys (ConfUtils.java:logGet(43)) - raft.server.leader.election.timeout = 120s (custom)
2019-09-12 11:42:48,212 [pool-292-thread-1] INFO  server.RaftServerConfigKeys (ConfUtils.java:logGet(43)) - raft.server.log.use.memory = false (default)
2019-09-12 11:42:48,213 [pool-292-thread-1] INFO  server.RaftServerConfigKeys (ConfUtils.java:logGet(43)) - raft.server.log.purge.gap = 1000000 (custom)
2019-09-12 11:42:48,213 [pool-292-thread-1] INFO  server.RaftServerConfigKeys (ConfUtils.java:logGet(43)) - raft.server.log.appender.buffer.byte-limit = 33554432 (custom)
2019-09-12 11:42:48,213 [pool-292-thread-1] INFO  server.RaftServerConfigKeys (ConfUtils.java:logGet(43)) - raft.server.log.segment.size.max = 1048576 (custom)
2019-09-12 11:42:48,213 [pool-292-thread-1] INFO  server.RaftServerConfigKeys (ConfUtils.java:logGet(43)) - raft.server.log.segment.cache.num.max = 2 (custom)
2019-09-12 11:42:48,213 [pool-292-thread-1] INFO  segmented.SegmentedRaftLogWorker (SegmentedRaftLogWorker.java:<init>(172)) - new 6715b0c2-2cac-4432-b20f-e5b2d82a5ebf-SegmentedRaftLogWorker:Storage Directory /workdir/hadoop-ozone/ozonefs/target/test-dir/MiniOzoneClusterImpl-e692d26f-e14c-4f96-93da-7a5844c944d0/datanode-0/data/ratis/492e4957-e23b-4b17-a50b-4ae864d36b6a for RaftStorage:Storage Directory /workdir/hadoop-ozone/ozonefs/target/test-dir/MiniOzoneClusterImpl-e692d26f-e14c-4f96-93da-7a5844c944d0/datanode-0/data/ratis/492e4957-e23b-4b17-a50b-4ae864d36b6a
2019-09-12 11:42:48,213 [pool-292-thread-1] INFO  server.RaftServerConfigKeys (ConfUtils.java:logGet(43)) - raft.server.log.queue.byte-limit = 2147483647 (custom)
2019-09-12 11:42:48,213 [pool-292-thread-1] INFO  server.RaftServerConfigKeys (ConfUtils.java:logGet(43)) - raft.server.log.queue.element-limit = 1024 (custom)
2019-09-12 11:42:48,213 [pool-292-thread-1] INFO  server.RaftServerConfigKeys (ConfUtils.java:logGet(43)) - raft.server.log.segment.size.max = 1048576 (custom)
2019-09-12 11:42:48,213 [pool-292-thread-1] INFO  server.RaftServerConfigKeys (ConfUtils.java:logGet(43)) - raft.server.log.preallocated.size = 16384 (custom)
2019-09-12 11:42:48,214 [pool-292-thread-1] INFO  server.RaftServerConfigKeys (ConfUtils.java:logGet(43)) - raft.server.log.write.buffer.size = 33554432 (custom)
2019-09-12 11:42:48,214 [pool-292-thread-1] INFO  server.RaftServerConfigKeys (ConfUtils.java:logGet(43)) - raft.server.log.force.sync.num = 128 (default)
2019-09-12 11:42:48,214 [pool-292-thread-1] INFO  server.RaftServerConfigKeys (ConfUtils.java:logGet(43)) - raft.server.log.statemachine.data.sync = true (default)
2019-09-12 11:42:48,214 [pool-292-thread-1] INFO  server.RaftServerConfigKeys (ConfUtils.java:logGet(43)) - raft.server.log.statemachine.data.sync.timeout = 10s (default)
2019-09-12 11:42:48,214 [pool-292-thread-1] INFO  server.RaftServerConfigKeys (ConfUtils.java:logGet(43)) - raft.server.log.statemachine.data.sync.timeout.retry = -1 (default)
2019-09-12 11:42:48,214 [pool-292-thread-1] INFO  server.RaftServerConfigKeys (ConfUtils.java:logGet(43)) - raft.server.log.statemachine.data.caching.enabled = true (custom)
2019-09-12 11:42:48,214 [pool-292-thread-1] INFO  segmented.SegmentedRaftLogWorker (SegmentedRaftLogWorker.java:lambda$new$0(132)) - 6715b0c2-2cac-4432-b20f-e5b2d82a5ebf-SegmentedRaftLogWorker:Storage Directory /workdir/hadoop-ozone/ozonefs/target/test-dir/MiniOzoneClusterImpl-e692d26f-e14c-4f96-93da-7a5844c944d0/datanode-0/data/ratis/492e4957-e23b-4b17-a50b-4ae864d36b6a: flushIndex: setUnconditionally 0 -> -1
2019-09-12 11:42:48,215 [pool-292-thread-1] INFO  server.RaftServerConfigKeys (ConfUtils.java:logGet(43)) - raft.server.snapshot.auto.trigger.enabled = true (custom)
2019-09-12 11:42:48,215 [pool-292-thread-1] INFO  server.RaftServerConfigKeys (ConfUtils.java:logGet(43)) - raft.server.snapshot.auto.trigger.threshold = 10000 (custom)
2019-09-12 11:42:48,215 [pool-292-thread-1] INFO  server.RaftServerConfigKeys (ConfUtils.java:logGet(43)) - raft.server.retrycache.expirytime = 600000ms (custom)
2019-09-12 11:42:48,215 [pool-292-thread-1] INFO  impl.RaftServerImpl (RaftServerImpl.java:start(180)) - 6715b0c2-2cac-4432-b20f-e5b2d82a5ebf: start group-4AE864D36B6A
2019-09-12 11:42:48,215 [pool-292-thread-1] INFO  impl.RaftServerImpl (RaftServerImpl.java:setRole(171)) - 6715b0c2-2cac-4432-b20f-e5b2d82a5ebf:group-4AE864D36B6A changes role from null to FOLLOWER at term 0 for startAsFollower
2019-09-12 11:42:48,215 [pool-292-thread-1] INFO  impl.RoleInfo (RoleInfo.java:updateAndGet(143)) - 6715b0c2-2cac-4432-b20f-e5b2d82a5ebf: start FollowerState
2019-09-12 11:42:48,216 [pool-292-thread-1] INFO  util.JmxRegister (JmxRegister.java:tryRegister(44)) - Successfully registered JMX Bean with object name Ratis:service=RaftServer,group=group-4AE864D36B6A,id=6715b0c2-2cac-4432-b20f-e5b2d82a5ebf
2019-09-12 11:42:48,218 [RatisPipelineUtilsThread] INFO  pipeline.PipelineStateManager (PipelineStateManager.java:addPipeline(56)) - Created pipeline Pipeline[ Id: 492e4957-e23b-4b17-a50b-4ae864d36b6a, Nodes: 6715b0c2-2cac-4432-b20f-e5b2d82a5ebf{ip: 192.168.157.195, host: pr-hdds-1569-xtfnx-3545843844, networkLocation: /default-rack, certSerialId: null}, Type:RATIS, Factor:ONE, State:OPEN]
2019-09-12 11:42:48,218 [RatisPipelineUtilsThread] ERROR pipeline.PipelinePlacementPolicy (PipelinePlacementPolicy.java:meetCriteria(91)) - Pipeline Placement: Doesn't meet the criteria to be viable node. Heaviness: 6
2019-09-12 11:42:48,224 [grpc-default-executor-0] INFO  impl.RaftServerProxy (RaftServerProxy.java:addNew(89)) - ad30ec37-d18e-401b-ae2e-6142b59ef57e: addNew group-A9DCB514B52F:[ad30ec37-d18e-401b-ae2e-6142b59ef57e:192.168.157.195:33926] returns group-A9DCB514B52F:java.util.concurrent.CompletableFuture@5136e30d[Not completed]
2019-09-12 11:42:48,225 [pool-303-thread-1] INFO  impl.RaftServerImpl (RaftServerImpl.java:<init>(93)) - ad30ec37-d18e-401b-ae2e-6142b59ef57e: new RaftServerImpl for group-A9DCB514B52F:[ad30ec37-d18e-401b-ae2e-6142b59ef57e:192.168.157.195:33926] with ContainerStateMachine:uninitialized
2019-09-12 11:42:48,225 [pool-303-thread-1] INFO  server.RaftServerConfigKeys (ConfUtils.java:logGet(43)) - raft.server.rpc.timeout.min = 5s (custom)
2019-09-12 11:42:48,225 [pool-303-thread-1] INFO  server.RaftServerConfigKeys (ConfUtils.java:logGet(43)) - raft.server.rpc.timeout.max = 5200ms (custom)
2019-09-12 11:42:48,225 [pool-303-thread-1] INFO  server.RaftServerConfigKeys (ConfUtils.java:logGet(43)) - raft.server.rpcslowness.timeout = 120s (custom)
2019-09-12 11:42:48,225 [pool-303-thread-1] INFO  server.RaftServerConfigKeys (ConfUtils.java:logGet(43)) - raft.server.sleep.deviation.threshold = 300 (default)
2019-09-12 11:42:48,225 [pool-303-thread-1] INFO  server.RaftServerConfigKeys (ConfUtils.java:logGet(43)) - raft.server.log.appender.install.snapshot.enabled = false (custom)
2019-09-12 11:42:48,226 [pool-303-thread-1] INFO  impl.RaftServerImpl (ServerState.java:<init>(105)) - ad30ec37-d18e-401b-ae2e-6142b59ef57e:group-A9DCB514B52F ConfigurationManager, init=-1: [ad30ec37-d18e-401b-ae2e-6142b59ef57e:192.168.157.195:33926], old=null, confs=<EMPTY_MAP>
2019-09-12 11:42:48,226 [pool-303-thread-1] INFO  server.RaftServerConfigKeys (ConfUtils.java:logGet(43)) - raft.server.storage.dir = [/workdir/hadoop-ozone/ozonefs/target/test-dir/MiniOzoneClusterImpl-e692d26f-e14c-4f96-93da-7a5844c944d0/datanode-1/data/ratis] (custom)
2019-09-12 11:42:48,226 [pool-303-thread-1] INFO  storage.RaftStorageDirectory (RaftStorageDirectory.java:analyzeStorage(246)) - The storage directory /workdir/hadoop-ozone/ozonefs/target/test-dir/MiniOzoneClusterImpl-e692d26f-e14c-4f96-93da-7a5844c944d0/datanode-1/data/ratis/28a439e2-75cc-4298-aaed-a9dcb514b52f does not exist. Creating ...
2019-09-12 11:42:48,237 [Thread-1338] INFO  ozone.MiniOzoneClusterImpl (MiniOzoneClusterImpl.java:lambda$waitForClusterToBeReady$0(142)) - Waiting for cluster to be ready. Got 2 of 3 DN Heartbeats.
2019-09-12 11:42:48,239 [IPC Server handler 3 on 44637] INFO  net.NetworkTopology (NetworkTopologyImpl.java:add(110)) - Added a new node: /default-rack/09dcba98-4a13-46c9-a161-8b5a08f93115
2019-09-12 11:42:48,240 [IPC Server handler 3 on 44637] INFO  node.SCMNodeManager (SCMNodeManager.java:register(273)) - Registered Data node : 09dcba98-4a13-46c9-a161-8b5a08f93115{ip: 192.168.157.195, host: pr-hdds-1569-xtfnx-3545843844, networkLocation: /default-rack, certSerialId: null}
2019-09-12 11:42:48,240 [pool-303-thread-1] INFO  storage.RaftStorageDirectory (RaftStorageDirectory.java:tryLock(328)) - Lock on /workdir/hadoop-ozone/ozonefs/target/test-dir/MiniOzoneClusterImpl-e692d26f-e14c-4f96-93da-7a5844c944d0/datanode-1/data/ratis/28a439e2-75cc-4298-aaed-a9dcb514b52f/in_use.lock acquired by nodename 27663@pr-hdds-1569-xtfnx-3545843844
2019-09-12 11:42:48,240 | INFO  | SCMAudit | user=jenkins1000 | ip=192.168.157.195 | op=REGISTER {datanodeDetails=09dcba98-4a13-46c9-a161-8b5a08f93115{ip: 192.168.157.195, host: pr-hdds-1569-xtfnx-3545843844, networkLocation: /default-rack, certSerialId: null}} | ret=SUCCESS |  
2019-09-12 11:42:48,253 [pool-303-thread-1] INFO  storage.RaftStorage (RaftStorage.java:format(72)) - Storage directory /workdir/hadoop-ozone/ozonefs/target/test-dir/MiniOzoneClusterImpl-e692d26f-e14c-4f96-93da-7a5844c944d0/datanode-1/data/ratis/28a439e2-75cc-4298-aaed-a9dcb514b52f has been successfully formatted.
2019-09-12 11:42:48,253 [pool-303-thread-1] INFO  ratis.ContainerStateMachine (ContainerStateMachine.java:loadSnapshot(226)) - group-A9DCB514B52F: The snapshot info is null. Setting the last applied indexto:(t:0, i:~)
2019-09-12 11:42:48,253 [pool-303-thread-1] INFO  server.RaftServerConfigKeys (ConfUtils.java:logGet(43)) - raft.server.leader.election.timeout = 120s (custom)
2019-09-12 11:42:48,253 [pool-303-thread-1] INFO  server.RaftServerConfigKeys (ConfUtils.java:logGet(43)) - raft.server.log.use.memory = false (default)
2019-09-12 11:42:48,253 [pool-303-thread-1] INFO  server.RaftServerConfigKeys (ConfUtils.java:logGet(43)) - raft.server.log.purge.gap = 1000000 (custom)
2019-09-12 11:42:48,254 [pool-303-thread-1] INFO  server.RaftServerConfigKeys (ConfUtils.java:logGet(43)) - raft.server.log.appender.buffer.byte-limit = 33554432 (custom)
2019-09-12 11:42:48,254 [pool-303-thread-1] INFO  server.RaftServerConfigKeys (ConfUtils.java:logGet(43)) - raft.server.log.segment.size.max = 1048576 (custom)
2019-09-12 11:42:48,254 [pool-303-thread-1] INFO  server.RaftServerConfigKeys (ConfUtils.java:logGet(43)) - raft.server.log.segment.cache.num.max = 2 (custom)
2019-09-12 11:42:48,254 [pool-303-thread-1] INFO  segmented.SegmentedRaftLogWorker (SegmentedRaftLogWorker.java:<init>(172)) - new ad30ec37-d18e-401b-ae2e-6142b59ef57e-SegmentedRaftLogWorker:Storage Directory /workdir/hadoop-ozone/ozonefs/target/test-dir/MiniOzoneClusterImpl-e692d26f-e14c-4f96-93da-7a5844c944d0/datanode-1/data/ratis/28a439e2-75cc-4298-aaed-a9dcb514b52f for RaftStorage:Storage Directory /workdir/hadoop-ozone/ozonefs/target/test-dir/MiniOzoneClusterImpl-e692d26f-e14c-4f96-93da-7a5844c944d0/datanode-1/data/ratis/28a439e2-75cc-4298-aaed-a9dcb514b52f
2019-09-12 11:42:48,254 [pool-303-thread-1] INFO  server.RaftServerConfigKeys (ConfUtils.java:logGet(43)) - raft.server.log.queue.byte-limit = 2147483647 (custom)
2019-09-12 11:42:48,254 [pool-303-thread-1] INFO  server.RaftServerConfigKeys (ConfUtils.java:logGet(43)) - raft.server.log.queue.element-limit = 1024 (custom)
2019-09-12 11:42:48,254 [pool-303-thread-1] INFO  server.RaftServerConfigKeys (ConfUtils.java:logGet(43)) - raft.server.log.segment.size.max = 1048576 (custom)
2019-09-12 11:42:48,255 [pool-303-thread-1] INFO  server.RaftServerConfigKeys (ConfUtils.java:logGet(43)) - raft.server.log.preallocated.size = 16384 (custom)
2019-09-12 11:42:48,255 [pool-303-thread-1] INFO  server.RaftServerConfigKeys (ConfUtils.java:logGet(43)) - raft.server.log.write.buffer.size = 33554432 (custom)
2019-09-12 11:42:48,255 [pool-303-thread-1] INFO  server.RaftServerConfigKeys (ConfUtils.java:logGet(43)) - raft.server.log.force.sync.num = 128 (default)
2019-09-12 11:42:48,255 [pool-303-thread-1] INFO  server.RaftServerConfigKeys (ConfUtils.java:logGet(43)) - raft.server.log.statemachine.data.sync = true (default)
2019-09-12 11:42:48,255 [pool-303-thread-1] INFO  server.RaftServerConfigKeys (ConfUtils.java:logGet(43)) - raft.server.log.statemachine.data.sync.timeout = 10s (default)
2019-09-12 11:42:48,255 [pool-303-thread-1] INFO  server.RaftServerConfigKeys (ConfUtils.java:logGet(43)) - raft.server.log.statemachine.data.sync.timeout.retry = -1 (default)
2019-09-12 11:42:48,255 [pool-303-thread-1] INFO  server.RaftServerConfigKeys (ConfUtils.java:logGet(43)) - raft.server.log.statemachine.data.caching.enabled = true (custom)
2019-09-12 11:42:48,256 [pool-303-thread-1] INFO  segmented.SegmentedRaftLogWorker (SegmentedRaftLogWorker.java:lambda$new$0(132)) - ad30ec37-d18e-401b-ae2e-6142b59ef57e-SegmentedRaftLogWorker:Storage Directory /workdir/hadoop-ozone/ozonefs/target/test-dir/MiniOzoneClusterImpl-e692d26f-e14c-4f96-93da-7a5844c944d0/datanode-1/data/ratis/28a439e2-75cc-4298-aaed-a9dcb514b52f: flushIndex: setUnconditionally 0 -> -1
2019-09-12 11:42:48,256 [pool-303-thread-1] INFO  server.RaftServerConfigKeys (ConfUtils.java:logGet(43)) - raft.server.snapshot.auto.trigger.enabled = true (custom)
2019-09-12 11:42:48,256 [pool-303-thread-1] INFO  server.RaftServerConfigKeys (ConfUtils.java:logGet(43)) - raft.server.snapshot.auto.trigger.threshold = 10000 (custom)
2019-09-12 11:42:48,256 [pool-303-thread-1] INFO  server.RaftServerConfigKeys (ConfUtils.java:logGet(43)) - raft.server.retrycache.expirytime = 600000ms (custom)
2019-09-12 11:42:48,257 [pool-303-thread-1] INFO  impl.RaftServerImpl (RaftServerImpl.java:start(180)) - ad30ec37-d18e-401b-ae2e-6142b59ef57e: start group-A9DCB514B52F
2019-09-12 11:42:48,257 [pool-303-thread-1] INFO  impl.RaftServerImpl (RaftServerImpl.java:setRole(171)) - ad30ec37-d18e-401b-ae2e-6142b59ef57e:group-A9DCB514B52F changes role from null to FOLLOWER at term 0 for startAsFollower
2019-09-12 11:42:48,257 [pool-303-thread-1] INFO  impl.RoleInfo (RoleInfo.java:updateAndGet(143)) - ad30ec37-d18e-401b-ae2e-6142b59ef57e: start FollowerState
2019-09-12 11:42:48,257 [pool-303-thread-1] INFO  util.JmxRegister (JmxRegister.java:tryRegister(44)) - Successfully registered JMX Bean with object name Ratis:service=RaftServer,group=group-A9DCB514B52F,id=ad30ec37-d18e-401b-ae2e-6142b59ef57e
2019-09-12 11:42:48,260 [RatisPipelineUtilsThread] INFO  pipeline.PipelineStateManager (PipelineStateManager.java:addPipeline(56)) - Created pipeline Pipeline[ Id: 28a439e2-75cc-4298-aaed-a9dcb514b52f, Nodes: ad30ec37-d18e-401b-ae2e-6142b59ef57e{ip: 192.168.157.195, host: pr-hdds-1569-xtfnx-3545843844, networkLocation: /default-rack, certSerialId: null}, Type:RATIS, Factor:ONE, State:OPEN]
2019-09-12 11:42:48,260 [RatisPipelineUtilsThread] ERROR pipeline.PipelinePlacementPolicy (PipelinePlacementPolicy.java:meetCriteria(91)) - Pipeline Placement: Doesn't meet the criteria to be viable node. Heaviness: 6
2019-09-12 11:42:48,268 [grpc-default-executor-0] INFO  impl.RaftServerProxy (RaftServerProxy.java:addNew(89)) - 09dcba98-4a13-46c9-a161-8b5a08f93115: addNew group-62AEA5EBEEF5:[09dcba98-4a13-46c9-a161-8b5a08f93115:192.168.157.195:43521] returns group-62AEA5EBEEF5:java.util.concurrent.CompletableFuture@c1a19d0[Not completed]
2019-09-12 11:42:48,270 [pool-314-thread-1] INFO  impl.RaftServerImpl (RaftServerImpl.java:<init>(93)) - 09dcba98-4a13-46c9-a161-8b5a08f93115: new RaftServerImpl for group-62AEA5EBEEF5:[09dcba98-4a13-46c9-a161-8b5a08f93115:192.168.157.195:43521] with ContainerStateMachine:uninitialized
2019-09-12 11:42:48,270 [pool-314-thread-1] INFO  server.RaftServerConfigKeys (ConfUtils.java:logGet(43)) - raft.server.rpc.timeout.min = 5s (custom)
2019-09-12 11:42:48,270 [pool-314-thread-1] INFO  server.RaftServerConfigKeys (ConfUtils.java:logGet(43)) - raft.server.rpc.timeout.max = 5200ms (custom)
2019-09-12 11:42:48,270 [pool-314-thread-1] INFO  server.RaftServerConfigKeys (ConfUtils.java:logGet(43)) - raft.server.rpcslowness.timeout = 120s (custom)
2019-09-12 11:42:48,270 [pool-314-thread-1] INFO  server.RaftServerConfigKeys (ConfUtils.java:logGet(43)) - raft.server.sleep.deviation.threshold = 300 (default)
2019-09-12 11:42:48,270 [pool-314-thread-1] INFO  server.RaftServerConfigKeys (ConfUtils.java:logGet(43)) - raft.server.log.appender.install.snapshot.enabled = false (custom)
2019-09-12 11:42:48,270 [pool-314-thread-1] INFO  impl.RaftServerImpl (ServerState.java:<init>(105)) - 09dcba98-4a13-46c9-a161-8b5a08f93115:group-62AEA5EBEEF5 ConfigurationManager, init=-1: [09dcba98-4a13-46c9-a161-8b5a08f93115:192.168.157.195:43521], old=null, confs=<EMPTY_MAP>
2019-09-12 11:42:48,271 [pool-314-thread-1] INFO  server.RaftServerConfigKeys (ConfUtils.java:logGet(43)) - raft.server.storage.dir = [/workdir/hadoop-ozone/ozonefs/target/test-dir/MiniOzoneClusterImpl-e692d26f-e14c-4f96-93da-7a5844c944d0/datanode-2/data/ratis] (custom)
2019-09-12 11:42:48,271 [pool-314-thread-1] INFO  storage.RaftStorageDirectory (RaftStorageDirectory.java:analyzeStorage(246)) - The storage directory /workdir/hadoop-ozone/ozonefs/target/test-dir/MiniOzoneClusterImpl-e692d26f-e14c-4f96-93da-7a5844c944d0/datanode-2/data/ratis/a2d02737-2dd6-49af-8835-62aea5ebeef5 does not exist. Creating ...
2019-09-12 11:42:48,284 [pool-314-thread-1] INFO  storage.RaftStorageDirectory (RaftStorageDirectory.java:tryLock(328)) - Lock on /workdir/hadoop-ozone/ozonefs/target/test-dir/MiniOzoneClusterImpl-e692d26f-e14c-4f96-93da-7a5844c944d0/datanode-2/data/ratis/a2d02737-2dd6-49af-8835-62aea5ebeef5/in_use.lock acquired by nodename 27663@pr-hdds-1569-xtfnx-3545843844
2019-09-12 11:42:48,297 [pool-314-thread-1] INFO  storage.RaftStorage (RaftStorage.java:format(72)) - Storage directory /workdir/hadoop-ozone/ozonefs/target/test-dir/MiniOzoneClusterImpl-e692d26f-e14c-4f96-93da-7a5844c944d0/datanode-2/data/ratis/a2d02737-2dd6-49af-8835-62aea5ebeef5 has been successfully formatted.
2019-09-12 11:42:48,298 [pool-314-thread-1] INFO  ratis.ContainerStateMachine (ContainerStateMachine.java:loadSnapshot(226)) - group-62AEA5EBEEF5: The snapshot info is null. Setting the last applied indexto:(t:0, i:~)
2019-09-12 11:42:48,298 [pool-314-thread-1] INFO  server.RaftServerConfigKeys (ConfUtils.java:logGet(43)) - raft.server.leader.election.timeout = 120s (custom)
2019-09-12 11:42:48,298 [pool-314-thread-1] INFO  server.RaftServerConfigKeys (ConfUtils.java:logGet(43)) - raft.server.log.use.memory = false (default)
2019-09-12 11:42:48,298 [pool-314-thread-1] INFO  server.RaftServerConfigKeys (ConfUtils.java:logGet(43)) - raft.server.log.purge.gap = 1000000 (custom)
2019-09-12 11:42:48,298 [pool-314-thread-1] INFO  server.RaftServerConfigKeys (ConfUtils.java:logGet(43)) - raft.server.log.appender.buffer.byte-limit = 33554432 (custom)
2019-09-12 11:42:48,298 [pool-314-thread-1] INFO  server.RaftServerConfigKeys (ConfUtils.java:logGet(43)) - raft.server.log.segment.size.max = 1048576 (custom)
2019-09-12 11:42:48,299 [pool-314-thread-1] INFO  server.RaftServerConfigKeys (ConfUtils.java:logGet(43)) - raft.server.log.segment.cache.num.max = 2 (custom)
2019-09-12 11:42:48,299 [pool-314-thread-1] INFO  segmented.SegmentedRaftLogWorker (SegmentedRaftLogWorker.java:<init>(172)) - new 09dcba98-4a13-46c9-a161-8b5a08f93115-SegmentedRaftLogWorker:Storage Directory /workdir/hadoop-ozone/ozonefs/target/test-dir/MiniOzoneClusterImpl-e692d26f-e14c-4f96-93da-7a5844c944d0/datanode-2/data/ratis/a2d02737-2dd6-49af-8835-62aea5ebeef5 for RaftStorage:Storage Directory /workdir/hadoop-ozone/ozonefs/target/test-dir/MiniOzoneClusterImpl-e692d26f-e14c-4f96-93da-7a5844c944d0/datanode-2/data/ratis/a2d02737-2dd6-49af-8835-62aea5ebeef5
2019-09-12 11:42:48,299 [pool-314-thread-1] INFO  server.RaftServerConfigKeys (ConfUtils.java:logGet(43)) - raft.server.log.queue.byte-limit = 2147483647 (custom)
2019-09-12 11:42:48,299 [pool-314-thread-1] INFO  server.RaftServerConfigKeys (ConfUtils.java:logGet(43)) - raft.server.log.queue.element-limit = 1024 (custom)
2019-09-12 11:42:48,300 [pool-314-thread-1] INFO  server.RaftServerConfigKeys (ConfUtils.java:logGet(43)) - raft.server.log.segment.size.max = 1048576 (custom)
2019-09-12 11:42:48,300 [pool-314-thread-1] INFO  server.RaftServerConfigKeys (ConfUtils.java:logGet(43)) - raft.server.log.preallocated.size = 16384 (custom)
2019-09-12 11:42:48,300 [pool-314-thread-1] INFO  server.RaftServerConfigKeys (ConfUtils.java:logGet(43)) - raft.server.log.write.buffer.size = 33554432 (custom)
2019-09-12 11:42:48,300 [pool-314-thread-1] INFO  server.RaftServerConfigKeys (ConfUtils.java:logGet(43)) - raft.server.log.force.sync.num = 128 (default)
2019-09-12 11:42:48,300 [pool-314-thread-1] INFO  server.RaftServerConfigKeys (ConfUtils.java:logGet(43)) - raft.server.log.statemachine.data.sync = true (default)
2019-09-12 11:42:48,300 [pool-314-thread-1] INFO  server.RaftServerConfigKeys (ConfUtils.java:logGet(43)) - raft.server.log.statemachine.data.sync.timeout = 10s (default)
2019-09-12 11:42:48,300 [pool-314-thread-1] INFO  server.RaftServerConfigKeys (ConfUtils.java:logGet(43)) - raft.server.log.statemachine.data.sync.timeout.retry = -1 (default)
2019-09-12 11:42:48,301 [pool-314-thread-1] INFO  server.RaftServerConfigKeys (ConfUtils.java:logGet(43)) - raft.server.log.statemachine.data.caching.enabled = true (custom)
2019-09-12 11:42:48,301 [pool-314-thread-1] INFO  segmented.SegmentedRaftLogWorker (SegmentedRaftLogWorker.java:lambda$new$0(132)) - 09dcba98-4a13-46c9-a161-8b5a08f93115-SegmentedRaftLogWorker:Storage Directory /workdir/hadoop-ozone/ozonefs/target/test-dir/MiniOzoneClusterImpl-e692d26f-e14c-4f96-93da-7a5844c944d0/datanode-2/data/ratis/a2d02737-2dd6-49af-8835-62aea5ebeef5: flushIndex: setUnconditionally 0 -> -1
2019-09-12 11:42:48,301 [pool-314-thread-1] INFO  server.RaftServerConfigKeys (ConfUtils.java:logGet(43)) - raft.server.snapshot.auto.trigger.enabled = true (custom)
2019-09-12 11:42:48,302 [pool-314-thread-1] INFO  server.RaftServerConfigKeys (ConfUtils.java:logGet(43)) - raft.server.snapshot.auto.trigger.threshold = 10000 (custom)
2019-09-12 11:42:48,302 [pool-314-thread-1] INFO  server.RaftServerConfigKeys (ConfUtils.java:logGet(43)) - raft.server.retrycache.expirytime = 600000ms (custom)
2019-09-12 11:42:48,302 [pool-314-thread-1] INFO  impl.RaftServerImpl (RaftServerImpl.java:start(180)) - 09dcba98-4a13-46c9-a161-8b5a08f93115: start group-62AEA5EBEEF5
2019-09-12 11:42:48,302 [pool-314-thread-1] INFO  impl.RaftServerImpl (RaftServerImpl.java:setRole(171)) - 09dcba98-4a13-46c9-a161-8b5a08f93115:group-62AEA5EBEEF5 changes role from null to FOLLOWER at term 0 for startAsFollower
2019-09-12 11:42:48,302 [pool-314-thread-1] INFO  impl.RoleInfo (RoleInfo.java:updateAndGet(143)) - 09dcba98-4a13-46c9-a161-8b5a08f93115: start FollowerState
2019-09-12 11:42:48,303 [pool-314-thread-1] INFO  util.JmxRegister (JmxRegister.java:tryRegister(44)) - Successfully registered JMX Bean with object name Ratis:service=RaftServer,group=group-62AEA5EBEEF5,id=09dcba98-4a13-46c9-a161-8b5a08f93115
2019-09-12 11:42:48,305 [RatisPipelineUtilsThread] INFO  pipeline.PipelineStateManager (PipelineStateManager.java:addPipeline(56)) - Created pipeline Pipeline[ Id: a2d02737-2dd6-49af-8835-62aea5ebeef5, Nodes: 09dcba98-4a13-46c9-a161-8b5a08f93115{ip: 192.168.157.195, host: pr-hdds-1569-xtfnx-3545843844, networkLocation: /default-rack, certSerialId: null}, Type:RATIS, Factor:ONE, State:OPEN]
2019-09-12 11:42:48,306 [RatisPipelineUtilsThread] ERROR pipeline.PipelinePlacementPolicy (PipelinePlacementPolicy.java:meetCriteria(91)) - Pipeline Placement: Doesn't meet the criteria to be viable node. Heaviness: 6
2019-09-12 11:42:48,311 [grpc-default-executor-0] INFO  impl.RaftServerProxy (RaftServerProxy.java:addNew(89)) - ad30ec37-d18e-401b-ae2e-6142b59ef57e: addNew group-2EF6AC57BBC4:[ad30ec37-d18e-401b-ae2e-6142b59ef57e:192.168.157.195:33926] returns group-2EF6AC57BBC4:java.util.concurrent.CompletableFuture@bbc1aaa[Not completed]
2019-09-12 11:42:48,312 [pool-303-thread-1] INFO  impl.RaftServerImpl (RaftServerImpl.java:<init>(93)) - ad30ec37-d18e-401b-ae2e-6142b59ef57e: new RaftServerImpl for group-2EF6AC57BBC4:[ad30ec37-d18e-401b-ae2e-6142b59ef57e:192.168.157.195:33926] with ContainerStateMachine:uninitialized
2019-09-12 11:42:48,312 [pool-303-thread-1] INFO  server.RaftServerConfigKeys (ConfUtils.java:logGet(43)) - raft.server.rpc.timeout.min = 5s (custom)
2019-09-12 11:42:48,312 [pool-303-thread-1] INFO  server.RaftServerConfigKeys (ConfUtils.java:logGet(43)) - raft.server.rpc.timeout.max = 5200ms (custom)
2019-09-12 11:42:48,313 [pool-303-thread-1] INFO  server.RaftServerConfigKeys (ConfUtils.java:logGet(43)) - raft.server.rpcslowness.timeout = 120s (custom)
2019-09-12 11:42:48,313 [pool-303-thread-1] INFO  server.RaftServerConfigKeys (ConfUtils.java:logGet(43)) - raft.server.sleep.deviation.threshold = 300 (default)
2019-09-12 11:42:48,313 [pool-303-thread-1] INFO  server.RaftServerConfigKeys (ConfUtils.java:logGet(43)) - raft.server.log.appender.install.snapshot.enabled = false (custom)
2019-09-12 11:42:48,313 [pool-303-thread-1] INFO  impl.RaftServerImpl (ServerState.java:<init>(105)) - ad30ec37-d18e-401b-ae2e-6142b59ef57e:group-2EF6AC57BBC4 ConfigurationManager, init=-1: [ad30ec37-d18e-401b-ae2e-6142b59ef57e:192.168.157.195:33926], old=null, confs=<EMPTY_MAP>
2019-09-12 11:42:48,313 [pool-303-thread-1] INFO  server.RaftServerConfigKeys (ConfUtils.java:logGet(43)) - raft.server.storage.dir = [/workdir/hadoop-ozone/ozonefs/target/test-dir/MiniOzoneClusterImpl-e692d26f-e14c-4f96-93da-7a5844c944d0/datanode-1/data/ratis] (custom)
2019-09-12 11:42:48,314 [pool-303-thread-1] INFO  storage.RaftStorageDirectory (RaftStorageDirectory.java:analyzeStorage(246)) - The storage directory /workdir/hadoop-ozone/ozonefs/target/test-dir/MiniOzoneClusterImpl-e692d26f-e14c-4f96-93da-7a5844c944d0/datanode-1/data/ratis/7af4c930-e99e-4ec5-aa5f-2ef6ac57bbc4 does not exist. Creating ...
2019-09-12 11:42:48,326 [pool-303-thread-1] INFO  storage.RaftStorageDirectory (RaftStorageDirectory.java:tryLock(328)) - Lock on /workdir/hadoop-ozone/ozonefs/target/test-dir/MiniOzoneClusterImpl-e692d26f-e14c-4f96-93da-7a5844c944d0/datanode-1/data/ratis/7af4c930-e99e-4ec5-aa5f-2ef6ac57bbc4/in_use.lock acquired by nodename 27663@pr-hdds-1569-xtfnx-3545843844
2019-09-12 11:42:48,339 [pool-303-thread-1] INFO  storage.RaftStorage (RaftStorage.java:format(72)) - Storage directory /workdir/hadoop-ozone/ozonefs/target/test-dir/MiniOzoneClusterImpl-e692d26f-e14c-4f96-93da-7a5844c944d0/datanode-1/data/ratis/7af4c930-e99e-4ec5-aa5f-2ef6ac57bbc4 has been successfully formatted.
2019-09-12 11:42:48,340 [pool-303-thread-1] INFO  ratis.ContainerStateMachine (ContainerStateMachine.java:loadSnapshot(226)) - group-2EF6AC57BBC4: The snapshot info is null. Setting the last applied indexto:(t:0, i:~)
2019-09-12 11:42:48,340 [pool-303-thread-1] INFO  server.RaftServerConfigKeys (ConfUtils.java:logGet(43)) - raft.server.leader.election.timeout = 120s (custom)
2019-09-12 11:42:48,340 [pool-303-thread-1] INFO  server.RaftServerConfigKeys (ConfUtils.java:logGet(43)) - raft.server.log.use.memory = false (default)
2019-09-12 11:42:48,340 [pool-303-thread-1] INFO  server.RaftServerConfigKeys (ConfUtils.java:logGet(43)) - raft.server.log.purge.gap = 1000000 (custom)
2019-09-12 11:42:48,340 [pool-303-thread-1] INFO  server.RaftServerConfigKeys (ConfUtils.java:logGet(43)) - raft.server.log.appender.buffer.byte-limit = 33554432 (custom)
2019-09-12 11:42:48,341 [pool-303-thread-1] INFO  server.RaftServerConfigKeys (ConfUtils.java:logGet(43)) - raft.server.log.segment.size.max = 1048576 (custom)
2019-09-12 11:42:48,341 [pool-303-thread-1] INFO  server.RaftServerConfigKeys (ConfUtils.java:logGet(43)) - raft.server.log.segment.cache.num.max = 2 (custom)
2019-09-12 11:42:48,341 [pool-303-thread-1] INFO  segmented.SegmentedRaftLogWorker (SegmentedRaftLogWorker.java:<init>(172)) - new ad30ec37-d18e-401b-ae2e-6142b59ef57e-SegmentedRaftLogWorker:Storage Directory /workdir/hadoop-ozone/ozonefs/target/test-dir/MiniOzoneClusterImpl-e692d26f-e14c-4f96-93da-7a5844c944d0/datanode-1/data/ratis/7af4c930-e99e-4ec5-aa5f-2ef6ac57bbc4 for RaftStorage:Storage Directory /workdir/hadoop-ozone/ozonefs/target/test-dir/MiniOzoneClusterImpl-e692d26f-e14c-4f96-93da-7a5844c944d0/datanode-1/data/ratis/7af4c930-e99e-4ec5-aa5f-2ef6ac57bbc4
2019-09-12 11:42:48,341 [pool-303-thread-1] INFO  server.RaftServerConfigKeys (ConfUtils.java:logGet(43)) - raft.server.log.queue.byte-limit = 2147483647 (custom)
2019-09-12 11:42:48,341 [pool-303-thread-1] INFO  server.RaftServerConfigKeys (ConfUtils.java:logGet(43)) - raft.server.log.queue.element-limit = 1024 (custom)
2019-09-12 11:42:48,341 [pool-303-thread-1] INFO  server.RaftServerConfigKeys (ConfUtils.java:logGet(43)) - raft.server.log.segment.size.max = 1048576 (custom)
2019-09-12 11:42:48,341 [pool-303-thread-1] INFO  server.RaftServerConfigKeys (ConfUtils.java:logGet(43)) - raft.server.log.preallocated.size = 16384 (custom)
2019-09-12 11:42:48,341 [pool-303-thread-1] INFO  server.RaftServerConfigKeys (ConfUtils.java:logGet(43)) - raft.server.log.write.buffer.size = 33554432 (custom)
2019-09-12 11:42:48,342 [pool-303-thread-1] INFO  server.RaftServerConfigKeys (ConfUtils.java:logGet(43)) - raft.server.log.force.sync.num = 128 (default)
2019-09-12 11:42:48,342 [pool-303-thread-1] INFO  server.RaftServerConfigKeys (ConfUtils.java:logGet(43)) - raft.server.log.statemachine.data.sync = true (default)
2019-09-12 11:42:48,342 [pool-303-thread-1] INFO  server.RaftServerConfigKeys (ConfUtils.java:logGet(43)) - raft.server.log.statemachine.data.sync.timeout = 10s (default)
2019-09-12 11:42:48,342 [pool-303-thread-1] INFO  server.RaftServerConfigKeys (ConfUtils.java:logGet(43)) - raft.server.log.statemachine.data.sync.timeout.retry = -1 (default)
2019-09-12 11:42:48,342 [pool-303-thread-1] INFO  server.RaftServerConfigKeys (ConfUtils.java:logGet(43)) - raft.server.log.statemachine.data.caching.enabled = true (custom)
2019-09-12 11:42:48,342 [pool-303-thread-1] INFO  segmented.SegmentedRaftLogWorker (SegmentedRaftLogWorker.java:lambda$new$0(132)) - ad30ec37-d18e-401b-ae2e-6142b59ef57e-SegmentedRaftLogWorker:Storage Directory /workdir/hadoop-ozone/ozonefs/target/test-dir/MiniOzoneClusterImpl-e692d26f-e14c-4f96-93da-7a5844c944d0/datanode-1/data/ratis/7af4c930-e99e-4ec5-aa5f-2ef6ac57bbc4: flushIndex: setUnconditionally 0 -> -1
2019-09-12 11:42:48,343 [pool-303-thread-1] INFO  server.RaftServerConfigKeys (ConfUtils.java:logGet(43)) - raft.server.snapshot.auto.trigger.enabled = true (custom)
2019-09-12 11:42:48,343 [pool-303-thread-1] INFO  server.RaftServerConfigKeys (ConfUtils.java:logGet(43)) - raft.server.snapshot.auto.trigger.threshold = 10000 (custom)
2019-09-12 11:42:48,343 [pool-303-thread-1] INFO  server.RaftServerConfigKeys (ConfUtils.java:logGet(43)) - raft.server.retrycache.expirytime = 600000ms (custom)
2019-09-12 11:42:48,343 [pool-303-thread-1] INFO  impl.RaftServerImpl (RaftServerImpl.java:start(180)) - ad30ec37-d18e-401b-ae2e-6142b59ef57e: start group-2EF6AC57BBC4
2019-09-12 11:42:48,343 [pool-303-thread-1] INFO  impl.RaftServerImpl (RaftServerImpl.java:setRole(171)) - ad30ec37-d18e-401b-ae2e-6142b59ef57e:group-2EF6AC57BBC4 changes role from null to FOLLOWER at term 0 for startAsFollower
2019-09-12 11:42:48,344 [pool-303-thread-1] INFO  impl.RoleInfo (RoleInfo.java:updateAndGet(143)) - ad30ec37-d18e-401b-ae2e-6142b59ef57e: start FollowerState
2019-09-12 11:42:48,344 [pool-303-thread-1] INFO  util.JmxRegister (JmxRegister.java:tryRegister(44)) - Successfully registered JMX Bean with object name Ratis:service=RaftServer,group=group-2EF6AC57BBC4,id=ad30ec37-d18e-401b-ae2e-6142b59ef57e
2019-09-12 11:42:48,347 [RatisPipelineUtilsThread] INFO  pipeline.PipelineStateManager (PipelineStateManager.java:addPipeline(56)) - Created pipeline Pipeline[ Id: 7af4c930-e99e-4ec5-aa5f-2ef6ac57bbc4, Nodes: ad30ec37-d18e-401b-ae2e-6142b59ef57e{ip: 192.168.157.195, host: pr-hdds-1569-xtfnx-3545843844, networkLocation: /default-rack, certSerialId: null}, Type:RATIS, Factor:ONE, State:OPEN]
2019-09-12 11:42:48,348 [RatisPipelineUtilsThread] ERROR pipeline.PipelinePlacementPolicy (PipelinePlacementPolicy.java:meetCriteria(91)) - Pipeline Placement: Doesn't meet the criteria to be viable node. Heaviness: 6
2019-09-12 11:42:48,348 [RatisPipelineUtilsThread] ERROR pipeline.PipelinePlacementPolicy (PipelinePlacementPolicy.java:meetCriteria(91)) - Pipeline Placement: Doesn't meet the criteria to be viable node. Heaviness: 6
2019-09-12 11:42:48,353 [grpc-default-executor-0] INFO  impl.RaftServerProxy (RaftServerProxy.java:addNew(89)) - 09dcba98-4a13-46c9-a161-8b5a08f93115: addNew group-799792831379:[09dcba98-4a13-46c9-a161-8b5a08f93115:192.168.157.195:43521] returns group-799792831379:java.util.concurrent.CompletableFuture@463d9458[Not completed]
2019-09-12 11:42:48,354 [pool-314-thread-1] INFO  impl.RaftServerImpl (RaftServerImpl.java:<init>(93)) - 09dcba98-4a13-46c9-a161-8b5a08f93115: new RaftServerImpl for group-799792831379:[09dcba98-4a13-46c9-a161-8b5a08f93115:192.168.157.195:43521] with ContainerStateMachine:uninitialized
2019-09-12 11:42:48,354 [pool-314-thread-1] INFO  server.RaftServerConfigKeys (ConfUtils.java:logGet(43)) - raft.server.rpc.timeout.min = 5s (custom)
2019-09-12 11:42:48,354 [pool-314-thread-1] INFO  server.RaftServerConfigKeys (ConfUtils.java:logGet(43)) - raft.server.rpc.timeout.max = 5200ms (custom)
2019-09-12 11:42:48,354 [pool-314-thread-1] INFO  server.RaftServerConfigKeys (ConfUtils.java:logGet(43)) - raft.server.rpcslowness.timeout = 120s (custom)
2019-09-12 11:42:48,354 [pool-314-thread-1] INFO  server.RaftServerConfigKeys (ConfUtils.java:logGet(43)) - raft.server.sleep.deviation.threshold = 300 (default)
2019-09-12 11:42:48,355 [pool-314-thread-1] INFO  server.RaftServerConfigKeys (ConfUtils.java:logGet(43)) - raft.server.log.appender.install.snapshot.enabled = false (custom)
2019-09-12 11:42:48,355 [pool-314-thread-1] INFO  impl.RaftServerImpl (ServerState.java:<init>(105)) - 09dcba98-4a13-46c9-a161-8b5a08f93115:group-799792831379 ConfigurationManager, init=-1: [09dcba98-4a13-46c9-a161-8b5a08f93115:192.168.157.195:43521], old=null, confs=<EMPTY_MAP>
2019-09-12 11:42:48,355 [pool-314-thread-1] INFO  server.RaftServerConfigKeys (ConfUtils.java:logGet(43)) - raft.server.storage.dir = [/workdir/hadoop-ozone/ozonefs/target/test-dir/MiniOzoneClusterImpl-e692d26f-e14c-4f96-93da-7a5844c944d0/datanode-2/data/ratis] (custom)
2019-09-12 11:42:48,355 [pool-314-thread-1] INFO  storage.RaftStorageDirectory (RaftStorageDirectory.java:analyzeStorage(246)) - The storage directory /workdir/hadoop-ozone/ozonefs/target/test-dir/MiniOzoneClusterImpl-e692d26f-e14c-4f96-93da-7a5844c944d0/datanode-2/data/ratis/ba19a07a-240a-4f44-90a7-799792831379 does not exist. Creating ...
2019-09-12 11:42:48,368 [pool-314-thread-1] INFO  storage.RaftStorageDirectory (RaftStorageDirectory.java:tryLock(328)) - Lock on /workdir/hadoop-ozone/ozonefs/target/test-dir/MiniOzoneClusterImpl-e692d26f-e14c-4f96-93da-7a5844c944d0/datanode-2/data/ratis/ba19a07a-240a-4f44-90a7-799792831379/in_use.lock acquired by nodename 27663@pr-hdds-1569-xtfnx-3545843844
2019-09-12 11:42:48,371 [pool-314-thread-1] INFO  storage.RaftStorage (RaftStorage.java:format(72)) - Storage directory /workdir/hadoop-ozone/ozonefs/target/test-dir/MiniOzoneClusterImpl-e692d26f-e14c-4f96-93da-7a5844c944d0/datanode-2/data/ratis/ba19a07a-240a-4f44-90a7-799792831379 has been successfully formatted.
2019-09-12 11:42:48,371 [pool-314-thread-1] INFO  ratis.ContainerStateMachine (ContainerStateMachine.java:loadSnapshot(226)) - group-799792831379: The snapshot info is null. Setting the last applied indexto:(t:0, i:~)
2019-09-12 11:42:48,371 [pool-314-thread-1] INFO  server.RaftServerConfigKeys (ConfUtils.java:logGet(43)) - raft.server.leader.election.timeout = 120s (custom)
2019-09-12 11:42:48,371 [pool-314-thread-1] INFO  server.RaftServerConfigKeys (ConfUtils.java:logGet(43)) - raft.server.log.use.memory = false (default)
2019-09-12 11:42:48,372 [pool-314-thread-1] INFO  server.RaftServerConfigKeys (ConfUtils.java:logGet(43)) - raft.server.log.purge.gap = 1000000 (custom)
2019-09-12 11:42:48,372 [pool-314-thread-1] INFO  server.RaftServerConfigKeys (ConfUtils.java:logGet(43)) - raft.server.log.appender.buffer.byte-limit = 33554432 (custom)
2019-09-12 11:42:48,372 [pool-314-thread-1] INFO  server.RaftServerConfigKeys (ConfUtils.java:logGet(43)) - raft.server.log.segment.size.max = 1048576 (custom)
2019-09-12 11:42:48,372 [pool-314-thread-1] INFO  server.RaftServerConfigKeys (ConfUtils.java:logGet(43)) - raft.server.log.segment.cache.num.max = 2 (custom)
2019-09-12 11:42:48,372 [pool-314-thread-1] INFO  segmented.SegmentedRaftLogWorker (SegmentedRaftLogWorker.java:<init>(172)) - new 09dcba98-4a13-46c9-a161-8b5a08f93115-SegmentedRaftLogWorker:Storage Directory /workdir/hadoop-ozone/ozonefs/target/test-dir/MiniOzoneClusterImpl-e692d26f-e14c-4f96-93da-7a5844c944d0/datanode-2/data/ratis/ba19a07a-240a-4f44-90a7-799792831379 for RaftStorage:Storage Directory /workdir/hadoop-ozone/ozonefs/target/test-dir/MiniOzoneClusterImpl-e692d26f-e14c-4f96-93da-7a5844c944d0/datanode-2/data/ratis/ba19a07a-240a-4f44-90a7-799792831379
2019-09-12 11:42:48,372 [pool-314-thread-1] INFO  server.RaftServerConfigKeys (ConfUtils.java:logGet(43)) - raft.server.log.queue.byte-limit = 2147483647 (custom)
2019-09-12 11:42:48,372 [pool-314-thread-1] INFO  server.RaftServerConfigKeys (ConfUtils.java:logGet(43)) - raft.server.log.queue.element-limit = 1024 (custom)
2019-09-12 11:42:48,373 [pool-314-thread-1] INFO  server.RaftServerConfigKeys (ConfUtils.java:logGet(43)) - raft.server.log.segment.size.max = 1048576 (custom)
2019-09-12 11:42:48,373 [pool-314-thread-1] INFO  server.RaftServerConfigKeys (ConfUtils.java:logGet(43)) - raft.server.log.preallocated.size = 16384 (custom)
2019-09-12 11:42:48,373 [pool-314-thread-1] INFO  server.RaftServerConfigKeys (ConfUtils.java:logGet(43)) - raft.server.log.write.buffer.size = 33554432 (custom)
2019-09-12 11:42:48,373 [pool-314-thread-1] INFO  server.RaftServerConfigKeys (ConfUtils.java:logGet(43)) - raft.server.log.force.sync.num = 128 (default)
2019-09-12 11:42:48,373 [pool-314-thread-1] INFO  server.RaftServerConfigKeys (ConfUtils.java:logGet(43)) - raft.server.log.statemachine.data.sync = true (default)
2019-09-12 11:42:48,373 [pool-314-thread-1] INFO  server.RaftServerConfigKeys (ConfUtils.java:logGet(43)) - raft.server.log.statemachine.data.sync.timeout = 10s (default)
2019-09-12 11:42:48,373 [pool-314-thread-1] INFO  server.RaftServerConfigKeys (ConfUtils.java:logGet(43)) - raft.server.log.statemachine.data.sync.timeout.retry = -1 (default)
2019-09-12 11:42:48,373 [pool-314-thread-1] INFO  server.RaftServerConfigKeys (ConfUtils.java:logGet(43)) - raft.server.log.statemachine.data.caching.enabled = true (custom)
2019-09-12 11:42:48,374 [pool-314-thread-1] INFO  segmented.SegmentedRaftLogWorker (SegmentedRaftLogWorker.java:lambda$new$0(132)) - 09dcba98-4a13-46c9-a161-8b5a08f93115-SegmentedRaftLogWorker:Storage Directory /workdir/hadoop-ozone/ozonefs/target/test-dir/MiniOzoneClusterImpl-e692d26f-e14c-4f96-93da-7a5844c944d0/datanode-2/data/ratis/ba19a07a-240a-4f44-90a7-799792831379: flushIndex: setUnconditionally 0 -> -1
2019-09-12 11:42:48,374 [pool-314-thread-1] INFO  server.RaftServerConfigKeys (ConfUtils.java:logGet(43)) - raft.server.snapshot.auto.trigger.enabled = true (custom)
2019-09-12 11:42:48,374 [pool-314-thread-1] INFO  server.RaftServerConfigKeys (ConfUtils.java:logGet(43)) - raft.server.snapshot.auto.trigger.threshold = 10000 (custom)
2019-09-12 11:42:48,374 [pool-314-thread-1] INFO  server.RaftServerConfigKeys (ConfUtils.java:logGet(43)) - raft.server.retrycache.expirytime = 600000ms (custom)
2019-09-12 11:42:48,375 [pool-314-thread-1] INFO  impl.RaftServerImpl (RaftServerImpl.java:start(180)) - 09dcba98-4a13-46c9-a161-8b5a08f93115: start group-799792831379
2019-09-12 11:42:48,375 [pool-314-thread-1] INFO  impl.RaftServerImpl (RaftServerImpl.java:setRole(171)) - 09dcba98-4a13-46c9-a161-8b5a08f93115:group-799792831379 changes role from null to FOLLOWER at term 0 for startAsFollower
2019-09-12 11:42:48,375 [pool-314-thread-1] INFO  impl.RoleInfo (RoleInfo.java:updateAndGet(143)) - 09dcba98-4a13-46c9-a161-8b5a08f93115: start FollowerState
2019-09-12 11:42:48,375 [pool-314-thread-1] INFO  util.JmxRegister (JmxRegister.java:tryRegister(44)) - Successfully registered JMX Bean with object name Ratis:service=RaftServer,group=group-799792831379,id=09dcba98-4a13-46c9-a161-8b5a08f93115
2019-09-12 11:42:48,378 [RatisPipelineUtilsThread] INFO  pipeline.PipelineStateManager (PipelineStateManager.java:addPipeline(56)) - Created pipeline Pipeline[ Id: ba19a07a-240a-4f44-90a7-799792831379, Nodes: 09dcba98-4a13-46c9-a161-8b5a08f93115{ip: 192.168.157.195, host: pr-hdds-1569-xtfnx-3545843844, networkLocation: /default-rack, certSerialId: null}, Type:RATIS, Factor:ONE, State:OPEN]
2019-09-12 11:42:48,378 [RatisPipelineUtilsThread] ERROR pipeline.PipelinePlacementPolicy (PipelinePlacementPolicy.java:meetCriteria(91)) - Pipeline Placement: Doesn't meet the criteria to be viable node. Heaviness: 6
2019-09-12 11:42:48,378 [RatisPipelineUtilsThread] ERROR pipeline.PipelinePlacementPolicy (PipelinePlacementPolicy.java:meetCriteria(91)) - Pipeline Placement: Doesn't meet the criteria to be viable node. Heaviness: 6
2019-09-12 11:42:48,383 [grpc-default-executor-0] INFO  impl.RaftServerProxy (RaftServerProxy.java:addNew(89)) - 09dcba98-4a13-46c9-a161-8b5a08f93115: addNew group-E1563034ECD9:[09dcba98-4a13-46c9-a161-8b5a08f93115:192.168.157.195:43521] returns group-E1563034ECD9:java.util.concurrent.CompletableFuture@527c8180[Not completed]
2019-09-12 11:42:48,384 [pool-314-thread-1] INFO  impl.RaftServerImpl (RaftServerImpl.java:<init>(93)) - 09dcba98-4a13-46c9-a161-8b5a08f93115: new RaftServerImpl for group-E1563034ECD9:[09dcba98-4a13-46c9-a161-8b5a08f93115:192.168.157.195:43521] with ContainerStateMachine:uninitialized
2019-09-12 11:42:48,384 [pool-314-thread-1] INFO  server.RaftServerConfigKeys (ConfUtils.java:logGet(43)) - raft.server.rpc.timeout.min = 5s (custom)
2019-09-12 11:42:48,384 [pool-314-thread-1] INFO  server.RaftServerConfigKeys (ConfUtils.java:logGet(43)) - raft.server.rpc.timeout.max = 5200ms (custom)
2019-09-12 11:42:48,384 [pool-314-thread-1] INFO  server.RaftServerConfigKeys (ConfUtils.java:logGet(43)) - raft.server.rpcslowness.timeout = 120s (custom)
2019-09-12 11:42:48,385 [pool-314-thread-1] INFO  server.RaftServerConfigKeys (ConfUtils.java:logGet(43)) - raft.server.sleep.deviation.threshold = 300 (default)
2019-09-12 11:42:48,385 [pool-314-thread-1] INFO  server.RaftServerConfigKeys (ConfUtils.java:logGet(43)) - raft.server.log.appender.install.snapshot.enabled = false (custom)
2019-09-12 11:42:48,385 [pool-314-thread-1] INFO  impl.RaftServerImpl (ServerState.java:<init>(105)) - 09dcba98-4a13-46c9-a161-8b5a08f93115:group-E1563034ECD9 ConfigurationManager, init=-1: [09dcba98-4a13-46c9-a161-8b5a08f93115:192.168.157.195:43521], old=null, confs=<EMPTY_MAP>
2019-09-12 11:42:48,385 [pool-314-thread-1] INFO  server.RaftServerConfigKeys (ConfUtils.java:logGet(43)) - raft.server.storage.dir = [/workdir/hadoop-ozone/ozonefs/target/test-dir/MiniOzoneClusterImpl-e692d26f-e14c-4f96-93da-7a5844c944d0/datanode-2/data/ratis] (custom)
2019-09-12 11:42:48,385 [pool-314-thread-1] INFO  storage.RaftStorageDirectory (RaftStorageDirectory.java:analyzeStorage(246)) - The storage directory /workdir/hadoop-ozone/ozonefs/target/test-dir/MiniOzoneClusterImpl-e692d26f-e14c-4f96-93da-7a5844c944d0/datanode-2/data/ratis/c28fc7da-4dd2-4de0-af02-e1563034ecd9 does not exist. Creating ...
2019-09-12 11:42:48,390 [pool-314-thread-1] INFO  storage.RaftStorageDirectory (RaftStorageDirectory.java:tryLock(328)) - Lock on /workdir/hadoop-ozone/ozonefs/target/test-dir/MiniOzoneClusterImpl-e692d26f-e14c-4f96-93da-7a5844c944d0/datanode-2/data/ratis/c28fc7da-4dd2-4de0-af02-e1563034ecd9/in_use.lock acquired by nodename 27663@pr-hdds-1569-xtfnx-3545843844
2019-09-12 11:42:48,405 [pool-314-thread-1] INFO  storage.RaftStorage (RaftStorage.java:format(72)) - Storage directory /workdir/hadoop-ozone/ozonefs/target/test-dir/MiniOzoneClusterImpl-e692d26f-e14c-4f96-93da-7a5844c944d0/datanode-2/data/ratis/c28fc7da-4dd2-4de0-af02-e1563034ecd9 has been successfully formatted.
2019-09-12 11:42:48,405 [pool-314-thread-1] INFO  ratis.ContainerStateMachine (ContainerStateMachine.java:loadSnapshot(226)) - group-E1563034ECD9: The snapshot info is null. Setting the last applied indexto:(t:0, i:~)
2019-09-12 11:42:48,405 [pool-314-thread-1] INFO  server.RaftServerConfigKeys (ConfUtils.java:logGet(43)) - raft.server.leader.election.timeout = 120s (custom)
2019-09-12 11:42:48,405 [pool-314-thread-1] INFO  server.RaftServerConfigKeys (ConfUtils.java:logGet(43)) - raft.server.log.use.memory = false (default)
2019-09-12 11:42:48,405 [pool-314-thread-1] INFO  server.RaftServerConfigKeys (ConfUtils.java:logGet(43)) - raft.server.log.purge.gap = 1000000 (custom)
2019-09-12 11:42:48,405 [pool-314-thread-1] INFO  server.RaftServerConfigKeys (ConfUtils.java:logGet(43)) - raft.server.log.appender.buffer.byte-limit = 33554432 (custom)
2019-09-12 11:42:48,405 [pool-314-thread-1] INFO  server.RaftServerConfigKeys (ConfUtils.java:logGet(43)) - raft.server.log.segment.size.max = 1048576 (custom)
2019-09-12 11:42:48,406 [pool-314-thread-1] INFO  server.RaftServerConfigKeys (ConfUtils.java:logGet(43)) - raft.server.log.segment.cache.num.max = 2 (custom)
2019-09-12 11:42:48,406 [pool-314-thread-1] INFO  segmented.SegmentedRaftLogWorker (SegmentedRaftLogWorker.java:<init>(172)) - new 09dcba98-4a13-46c9-a161-8b5a08f93115-SegmentedRaftLogWorker:Storage Directory /workdir/hadoop-ozone/ozonefs/target/test-dir/MiniOzoneClusterImpl-e692d26f-e14c-4f96-93da-7a5844c944d0/datanode-2/data/ratis/c28fc7da-4dd2-4de0-af02-e1563034ecd9 for RaftStorage:Storage Directory /workdir/hadoop-ozone/ozonefs/target/test-dir/MiniOzoneClusterImpl-e692d26f-e14c-4f96-93da-7a5844c944d0/datanode-2/data/ratis/c28fc7da-4dd2-4de0-af02-e1563034ecd9
2019-09-12 11:42:48,406 [pool-314-thread-1] INFO  server.RaftServerConfigKeys (ConfUtils.java:logGet(43)) - raft.server.log.queue.byte-limit = 2147483647 (custom)
2019-09-12 11:42:48,406 [pool-314-thread-1] INFO  server.RaftServerConfigKeys (ConfUtils.java:logGet(43)) - raft.server.log.queue.element-limit = 1024 (custom)
2019-09-12 11:42:48,406 [pool-314-thread-1] INFO  server.RaftServerConfigKeys (ConfUtils.java:logGet(43)) - raft.server.log.segment.size.max = 1048576 (custom)
2019-09-12 11:42:48,406 [pool-314-thread-1] INFO  server.RaftServerConfigKeys (ConfUtils.java:logGet(43)) - raft.server.log.preallocated.size = 16384 (custom)
2019-09-12 11:42:48,406 [pool-314-thread-1] INFO  server.RaftServerConfigKeys (ConfUtils.java:logGet(43)) - raft.server.log.write.buffer.size = 33554432 (custom)
2019-09-12 11:42:48,406 [pool-314-thread-1] INFO  server.RaftServerConfigKeys (ConfUtils.java:logGet(43)) - raft.server.log.force.sync.num = 128 (default)
2019-09-12 11:42:48,407 [pool-314-thread-1] INFO  server.RaftServerConfigKeys (ConfUtils.java:logGet(43)) - raft.server.log.statemachine.data.sync = true (default)
2019-09-12 11:42:48,407 [pool-314-thread-1] INFO  server.RaftServerConfigKeys (ConfUtils.java:logGet(43)) - raft.server.log.statemachine.data.sync.timeout = 10s (default)
2019-09-12 11:42:48,407 [pool-314-thread-1] INFO  server.RaftServerConfigKeys (ConfUtils.java:logGet(43)) - raft.server.log.statemachine.data.sync.timeout.retry = -1 (default)
2019-09-12 11:42:48,407 [pool-314-thread-1] INFO  server.RaftServerConfigKeys (ConfUtils.java:logGet(43)) - raft.server.log.statemachine.data.caching.enabled = true (custom)
2019-09-12 11:42:48,407 [pool-314-thread-1] INFO  segmented.SegmentedRaftLogWorker (SegmentedRaftLogWorker.java:lambda$new$0(132)) - 09dcba98-4a13-46c9-a161-8b5a08f93115-SegmentedRaftLogWorker:Storage Directory /workdir/hadoop-ozone/ozonefs/target/test-dir/MiniOzoneClusterImpl-e692d26f-e14c-4f96-93da-7a5844c944d0/datanode-2/data/ratis/c28fc7da-4dd2-4de0-af02-e1563034ecd9: flushIndex: setUnconditionally 0 -> -1
2019-09-12 11:42:48,408 [pool-314-thread-1] INFO  server.RaftServerConfigKeys (ConfUtils.java:logGet(43)) - raft.server.snapshot.auto.trigger.enabled = true (custom)
2019-09-12 11:42:48,408 [pool-314-thread-1] INFO  server.RaftServerConfigKeys (ConfUtils.java:logGet(43)) - raft.server.snapshot.auto.trigger.threshold = 10000 (custom)
2019-09-12 11:42:48,408 [pool-314-thread-1] INFO  server.RaftServerConfigKeys (ConfUtils.java:logGet(43)) - raft.server.retrycache.expirytime = 600000ms (custom)
2019-09-12 11:42:48,408 [pool-314-thread-1] INFO  impl.RaftServerImpl (RaftServerImpl.java:start(180)) - 09dcba98-4a13-46c9-a161-8b5a08f93115: start group-E1563034ECD9
2019-09-12 11:42:48,408 [pool-314-thread-1] INFO  impl.RaftServerImpl (RaftServerImpl.java:setRole(171)) - 09dcba98-4a13-46c9-a161-8b5a08f93115:group-E1563034ECD9 changes role from null to FOLLOWER at term 0 for startAsFollower
2019-09-12 11:42:48,408 [pool-314-thread-1] INFO  impl.RoleInfo (RoleInfo.java:updateAndGet(143)) - 09dcba98-4a13-46c9-a161-8b5a08f93115: start FollowerState
2019-09-12 11:42:48,409 [pool-314-thread-1] INFO  util.JmxRegister (JmxRegister.java:tryRegister(44)) - Successfully registered JMX Bean with object name Ratis:service=RaftServer,group=group-E1563034ECD9,id=09dcba98-4a13-46c9-a161-8b5a08f93115
2019-09-12 11:42:48,412 [RatisPipelineUtilsThread] INFO  pipeline.PipelineStateManager (PipelineStateManager.java:addPipeline(56)) - Created pipeline Pipeline[ Id: c28fc7da-4dd2-4de0-af02-e1563034ecd9, Nodes: 09dcba98-4a13-46c9-a161-8b5a08f93115{ip: 192.168.157.195, host: pr-hdds-1569-xtfnx-3545843844, networkLocation: /default-rack, certSerialId: null}, Type:RATIS, Factor:ONE, State:OPEN]
2019-09-12 11:42:48,412 [RatisPipelineUtilsThread] ERROR pipeline.PipelinePlacementPolicy (PipelinePlacementPolicy.java:meetCriteria(91)) - Pipeline Placement: Doesn't meet the criteria to be viable node. Heaviness: 6
2019-09-12 11:42:48,413 [RatisPipelineUtilsThread] ERROR pipeline.PipelinePlacementPolicy (PipelinePlacementPolicy.java:meetCriteria(91)) - Pipeline Placement: Doesn't meet the criteria to be viable node. Heaviness: 6
2019-09-12 11:42:48,418 [grpc-default-executor-0] INFO  impl.RaftServerProxy (RaftServerProxy.java:addNew(89)) - 09dcba98-4a13-46c9-a161-8b5a08f93115: addNew group-B305037FABD4:[09dcba98-4a13-46c9-a161-8b5a08f93115:192.168.157.195:43521] returns group-B305037FABD4:java.util.concurrent.CompletableFuture@4c1a59a3[Not completed]
2019-09-12 11:42:48,419 [pool-314-thread-1] INFO  impl.RaftServerImpl (RaftServerImpl.java:<init>(93)) - 09dcba98-4a13-46c9-a161-8b5a08f93115: new RaftServerImpl for group-B305037FABD4:[09dcba98-4a13-46c9-a161-8b5a08f93115:192.168.157.195:43521] with ContainerStateMachine:uninitialized
2019-09-12 11:42:48,419 [pool-314-thread-1] INFO  server.RaftServerConfigKeys (ConfUtils.java:logGet(43)) - raft.server.rpc.timeout.min = 5s (custom)
2019-09-12 11:42:48,419 [pool-314-thread-1] INFO  server.RaftServerConfigKeys (ConfUtils.java:logGet(43)) - raft.server.rpc.timeout.max = 5200ms (custom)
2019-09-12 11:42:48,420 [pool-314-thread-1] INFO  server.RaftServerConfigKeys (ConfUtils.java:logGet(43)) - raft.server.rpcslowness.timeout = 120s (custom)
2019-09-12 11:42:48,420 [pool-314-thread-1] INFO  server.RaftServerConfigKeys (ConfUtils.java:logGet(43)) - raft.server.sleep.deviation.threshold = 300 (default)
2019-09-12 11:42:48,420 [pool-314-thread-1] INFO  server.RaftServerConfigKeys (ConfUtils.java:logGet(43)) - raft.server.log.appender.install.snapshot.enabled = false (custom)
2019-09-12 11:42:48,420 [pool-314-thread-1] INFO  impl.RaftServerImpl (ServerState.java:<init>(105)) - 09dcba98-4a13-46c9-a161-8b5a08f93115:group-B305037FABD4 ConfigurationManager, init=-1: [09dcba98-4a13-46c9-a161-8b5a08f93115:192.168.157.195:43521], old=null, confs=<EMPTY_MAP>
2019-09-12 11:42:48,420 [pool-314-thread-1] INFO  server.RaftServerConfigKeys (ConfUtils.java:logGet(43)) - raft.server.storage.dir = [/workdir/hadoop-ozone/ozonefs/target/test-dir/MiniOzoneClusterImpl-e692d26f-e14c-4f96-93da-7a5844c944d0/datanode-2/data/ratis] (custom)
2019-09-12 11:42:48,420 [pool-314-thread-1] INFO  storage.RaftStorageDirectory (RaftStorageDirectory.java:analyzeStorage(246)) - The storage directory /workdir/hadoop-ozone/ozonefs/target/test-dir/MiniOzoneClusterImpl-e692d26f-e14c-4f96-93da-7a5844c944d0/datanode-2/data/ratis/fab30338-a298-4a9d-a561-b305037fabd4 does not exist. Creating ...
2019-09-12 11:42:48,444 [pool-314-thread-1] INFO  storage.RaftStorageDirectory (RaftStorageDirectory.java:tryLock(328)) - Lock on /workdir/hadoop-ozone/ozonefs/target/test-dir/MiniOzoneClusterImpl-e692d26f-e14c-4f96-93da-7a5844c944d0/datanode-2/data/ratis/fab30338-a298-4a9d-a561-b305037fabd4/in_use.lock acquired by nodename 27663@pr-hdds-1569-xtfnx-3545843844
2019-09-12 11:42:48,457 [pool-314-thread-1] INFO  storage.RaftStorage (RaftStorage.java:format(72)) - Storage directory /workdir/hadoop-ozone/ozonefs/target/test-dir/MiniOzoneClusterImpl-e692d26f-e14c-4f96-93da-7a5844c944d0/datanode-2/data/ratis/fab30338-a298-4a9d-a561-b305037fabd4 has been successfully formatted.
2019-09-12 11:42:48,457 [pool-314-thread-1] INFO  ratis.ContainerStateMachine (ContainerStateMachine.java:loadSnapshot(226)) - group-B305037FABD4: The snapshot info is null. Setting the last applied indexto:(t:0, i:~)
2019-09-12 11:42:48,457 [pool-314-thread-1] INFO  server.RaftServerConfigKeys (ConfUtils.java:logGet(43)) - raft.server.leader.election.timeout = 120s (custom)
2019-09-12 11:42:48,457 [pool-314-thread-1] INFO  server.RaftServerConfigKeys (ConfUtils.java:logGet(43)) - raft.server.log.use.memory = false (default)
2019-09-12 11:42:48,457 [pool-314-thread-1] INFO  server.RaftServerConfigKeys (ConfUtils.java:logGet(43)) - raft.server.log.purge.gap = 1000000 (custom)
2019-09-12 11:42:48,458 [pool-314-thread-1] INFO  server.RaftServerConfigKeys (ConfUtils.java:logGet(43)) - raft.server.log.appender.buffer.byte-limit = 33554432 (custom)
2019-09-12 11:42:48,458 [pool-314-thread-1] INFO  server.RaftServerConfigKeys (ConfUtils.java:logGet(43)) - raft.server.log.segment.size.max = 1048576 (custom)
2019-09-12 11:42:48,458 [pool-314-thread-1] INFO  server.RaftServerConfigKeys (ConfUtils.java:logGet(43)) - raft.server.log.segment.cache.num.max = 2 (custom)
2019-09-12 11:42:48,458 [pool-314-thread-1] INFO  segmented.SegmentedRaftLogWorker (SegmentedRaftLogWorker.java:<init>(172)) - new 09dcba98-4a13-46c9-a161-8b5a08f93115-SegmentedRaftLogWorker:Storage Directory /workdir/hadoop-ozone/ozonefs/target/test-dir/MiniOzoneClusterImpl-e692d26f-e14c-4f96-93da-7a5844c944d0/datanode-2/data/ratis/fab30338-a298-4a9d-a561-b305037fabd4 for RaftStorage:Storage Directory /workdir/hadoop-ozone/ozonefs/target/test-dir/MiniOzoneClusterImpl-e692d26f-e14c-4f96-93da-7a5844c944d0/datanode-2/data/ratis/fab30338-a298-4a9d-a561-b305037fabd4
2019-09-12 11:42:48,458 [pool-314-thread-1] INFO  server.RaftServerConfigKeys (ConfUtils.java:logGet(43)) - raft.server.log.queue.byte-limit = 2147483647 (custom)
2019-09-12 11:42:48,458 [pool-314-thread-1] INFO  server.RaftServerConfigKeys (ConfUtils.java:logGet(43)) - raft.server.log.queue.element-limit = 1024 (custom)
2019-09-12 11:42:48,458 [pool-314-thread-1] INFO  server.RaftServerConfigKeys (ConfUtils.java:logGet(43)) - raft.server.log.segment.size.max = 1048576 (custom)
2019-09-12 11:42:48,458 [pool-314-thread-1] INFO  server.RaftServerConfigKeys (ConfUtils.java:logGet(43)) - raft.server.log.preallocated.size = 16384 (custom)
2019-09-12 11:42:48,458 [pool-314-thread-1] INFO  server.RaftServerConfigKeys (ConfUtils.java:logGet(43)) - raft.server.log.write.buffer.size = 33554432 (custom)
2019-09-12 11:42:48,458 [pool-314-thread-1] INFO  server.RaftServerConfigKeys (ConfUtils.java:logGet(43)) - raft.server.log.force.sync.num = 128 (default)
2019-09-12 11:42:48,459 [pool-314-thread-1] INFO  server.RaftServerConfigKeys (ConfUtils.java:logGet(43)) - raft.server.log.statemachine.data.sync = true (default)
2019-09-12 11:42:48,459 [pool-314-thread-1] INFO  server.RaftServerConfigKeys (ConfUtils.java:logGet(43)) - raft.server.log.statemachine.data.sync.timeout = 10s (default)
2019-09-12 11:42:48,459 [pool-314-thread-1] INFO  server.RaftServerConfigKeys (ConfUtils.java:logGet(43)) - raft.server.log.statemachine.data.sync.timeout.retry = -1 (default)
2019-09-12 11:42:48,459 [pool-314-thread-1] INFO  server.RaftServerConfigKeys (ConfUtils.java:logGet(43)) - raft.server.log.statemachine.data.caching.enabled = true (custom)
2019-09-12 11:42:48,459 [pool-314-thread-1] INFO  segmented.SegmentedRaftLogWorker (SegmentedRaftLogWorker.java:lambda$new$0(132)) - 09dcba98-4a13-46c9-a161-8b5a08f93115-SegmentedRaftLogWorker:Storage Directory /workdir/hadoop-ozone/ozonefs/target/test-dir/MiniOzoneClusterImpl-e692d26f-e14c-4f96-93da-7a5844c944d0/datanode-2/data/ratis/fab30338-a298-4a9d-a561-b305037fabd4: flushIndex: setUnconditionally 0 -> -1
2019-09-12 11:42:48,459 [pool-314-thread-1] INFO  server.RaftServerConfigKeys (ConfUtils.java:logGet(43)) - raft.server.snapshot.auto.trigger.enabled = true (custom)
2019-09-12 11:42:48,460 [pool-314-thread-1] INFO  server.RaftServerConfigKeys (ConfUtils.java:logGet(43)) - raft.server.snapshot.auto.trigger.threshold = 10000 (custom)
2019-09-12 11:42:48,460 [pool-314-thread-1] INFO  server.RaftServerConfigKeys (ConfUtils.java:logGet(43)) - raft.server.retrycache.expirytime = 600000ms (custom)
2019-09-12 11:42:48,460 [pool-314-thread-1] INFO  impl.RaftServerImpl (RaftServerImpl.java:start(180)) - 09dcba98-4a13-46c9-a161-8b5a08f93115: start group-B305037FABD4
2019-09-12 11:42:48,460 [pool-314-thread-1] INFO  impl.RaftServerImpl (RaftServerImpl.java:setRole(171)) - 09dcba98-4a13-46c9-a161-8b5a08f93115:group-B305037FABD4 changes role from null to FOLLOWER at term 0 for startAsFollower
2019-09-12 11:42:48,460 [pool-314-thread-1] INFO  impl.RoleInfo (RoleInfo.java:updateAndGet(143)) - 09dcba98-4a13-46c9-a161-8b5a08f93115: start FollowerState
2019-09-12 11:42:48,460 [pool-314-thread-1] INFO  util.JmxRegister (JmxRegister.java:tryRegister(44)) - Successfully registered JMX Bean with object name Ratis:service=RaftServer,group=group-B305037FABD4,id=09dcba98-4a13-46c9-a161-8b5a08f93115
2019-09-12 11:42:48,463 [RatisPipelineUtilsThread] INFO  pipeline.PipelineStateManager (PipelineStateManager.java:addPipeline(56)) - Created pipeline Pipeline[ Id: fab30338-a298-4a9d-a561-b305037fabd4, Nodes: 09dcba98-4a13-46c9-a161-8b5a08f93115{ip: 192.168.157.195, host: pr-hdds-1569-xtfnx-3545843844, networkLocation: /default-rack, certSerialId: null}, Type:RATIS, Factor:ONE, State:OPEN]
2019-09-12 11:42:48,464 [RatisPipelineUtilsThread] ERROR pipeline.PipelinePlacementPolicy (PipelinePlacementPolicy.java:meetCriteria(91)) - Pipeline Placement: Doesn't meet the criteria to be viable node. Heaviness: 6
2019-09-12 11:42:48,464 [RatisPipelineUtilsThread] ERROR pipeline.PipelinePlacementPolicy (PipelinePlacementPolicy.java:meetCriteria(91)) - Pipeline Placement: Doesn't meet the criteria to be viable node. Heaviness: 6
2019-09-12 11:42:48,469 [grpc-default-executor-0] INFO  impl.RaftServerProxy (RaftServerProxy.java:addNew(89)) - 09dcba98-4a13-46c9-a161-8b5a08f93115: addNew group-1D935C2442F4:[09dcba98-4a13-46c9-a161-8b5a08f93115:192.168.157.195:43521] returns group-1D935C2442F4:java.util.concurrent.CompletableFuture@36c4b8b3[Not completed]
2019-09-12 11:42:48,470 [pool-314-thread-1] INFO  impl.RaftServerImpl (RaftServerImpl.java:<init>(93)) - 09dcba98-4a13-46c9-a161-8b5a08f93115: new RaftServerImpl for group-1D935C2442F4:[09dcba98-4a13-46c9-a161-8b5a08f93115:192.168.157.195:43521] with ContainerStateMachine:uninitialized
2019-09-12 11:42:48,470 [pool-314-thread-1] INFO  server.RaftServerConfigKeys (ConfUtils.java:logGet(43)) - raft.server.rpc.timeout.min = 5s (custom)
2019-09-12 11:42:48,470 [pool-314-thread-1] INFO  server.RaftServerConfigKeys (ConfUtils.java:logGet(43)) - raft.server.rpc.timeout.max = 5200ms (custom)
2019-09-12 11:42:48,470 [pool-314-thread-1] INFO  server.RaftServerConfigKeys (ConfUtils.java:logGet(43)) - raft.server.rpcslowness.timeout = 120s (custom)
2019-09-12 11:42:48,470 [pool-314-thread-1] INFO  server.RaftServerConfigKeys (ConfUtils.java:logGet(43)) - raft.server.sleep.deviation.threshold = 300 (default)
2019-09-12 11:42:48,470 [pool-314-thread-1] INFO  server.RaftServerConfigKeys (ConfUtils.java:logGet(43)) - raft.server.log.appender.install.snapshot.enabled = false (custom)
2019-09-12 11:42:48,470 [pool-314-thread-1] INFO  impl.RaftServerImpl (ServerState.java:<init>(105)) - 09dcba98-4a13-46c9-a161-8b5a08f93115:group-1D935C2442F4 ConfigurationManager, init=-1: [09dcba98-4a13-46c9-a161-8b5a08f93115:192.168.157.195:43521], old=null, confs=<EMPTY_MAP>
2019-09-12 11:42:48,471 [pool-314-thread-1] INFO  server.RaftServerConfigKeys (ConfUtils.java:logGet(43)) - raft.server.storage.dir = [/workdir/hadoop-ozone/ozonefs/target/test-dir/MiniOzoneClusterImpl-e692d26f-e14c-4f96-93da-7a5844c944d0/datanode-2/data/ratis] (custom)
2019-09-12 11:42:48,471 [pool-314-thread-1] INFO  storage.RaftStorageDirectory (RaftStorageDirectory.java:analyzeStorage(246)) - The storage directory /workdir/hadoop-ozone/ozonefs/target/test-dir/MiniOzoneClusterImpl-e692d26f-e14c-4f96-93da-7a5844c944d0/datanode-2/data/ratis/6eb35068-fc68-41cc-bb10-1d935c2442f4 does not exist. Creating ...
2019-09-12 11:42:48,483 [pool-314-thread-1] INFO  storage.RaftStorageDirectory (RaftStorageDirectory.java:tryLock(328)) - Lock on /workdir/hadoop-ozone/ozonefs/target/test-dir/MiniOzoneClusterImpl-e692d26f-e14c-4f96-93da-7a5844c944d0/datanode-2/data/ratis/6eb35068-fc68-41cc-bb10-1d935c2442f4/in_use.lock acquired by nodename 27663@pr-hdds-1569-xtfnx-3545843844
2019-09-12 11:42:48,496 [pool-314-thread-1] INFO  storage.RaftStorage (RaftStorage.java:format(72)) - Storage directory /workdir/hadoop-ozone/ozonefs/target/test-dir/MiniOzoneClusterImpl-e692d26f-e14c-4f96-93da-7a5844c944d0/datanode-2/data/ratis/6eb35068-fc68-41cc-bb10-1d935c2442f4 has been successfully formatted.
2019-09-12 11:42:48,496 [pool-314-thread-1] INFO  ratis.ContainerStateMachine (ContainerStateMachine.java:loadSnapshot(226)) - group-1D935C2442F4: The snapshot info is null. Setting the last applied indexto:(t:0, i:~)
2019-09-12 11:42:48,496 [pool-314-thread-1] INFO  server.RaftServerConfigKeys (ConfUtils.java:logGet(43)) - raft.server.leader.election.timeout = 120s (custom)
2019-09-12 11:42:48,496 [pool-314-thread-1] INFO  server.RaftServerConfigKeys (ConfUtils.java:logGet(43)) - raft.server.log.use.memory = false (default)
2019-09-12 11:42:48,496 [pool-314-thread-1] INFO  server.RaftServerConfigKeys (ConfUtils.java:logGet(43)) - raft.server.log.purge.gap = 1000000 (custom)
2019-09-12 11:42:48,496 [pool-314-thread-1] INFO  server.RaftServerConfigKeys (ConfUtils.java:logGet(43)) - raft.server.log.appender.buffer.byte-limit = 33554432 (custom)
2019-09-12 11:42:48,496 [pool-314-thread-1] INFO  server.RaftServerConfigKeys (ConfUtils.java:logGet(43)) - raft.server.log.segment.size.max = 1048576 (custom)
2019-09-12 11:42:48,497 [pool-314-thread-1] INFO  server.RaftServerConfigKeys (ConfUtils.java:logGet(43)) - raft.server.log.segment.cache.num.max = 2 (custom)
2019-09-12 11:42:48,497 [pool-314-thread-1] INFO  segmented.SegmentedRaftLogWorker (SegmentedRaftLogWorker.java:<init>(172)) - new 09dcba98-4a13-46c9-a161-8b5a08f93115-SegmentedRaftLogWorker:Storage Directory /workdir/hadoop-ozone/ozonefs/target/test-dir/MiniOzoneClusterImpl-e692d26f-e14c-4f96-93da-7a5844c944d0/datanode-2/data/ratis/6eb35068-fc68-41cc-bb10-1d935c2442f4 for RaftStorage:Storage Directory /workdir/hadoop-ozone/ozonefs/target/test-dir/MiniOzoneClusterImpl-e692d26f-e14c-4f96-93da-7a5844c944d0/datanode-2/data/ratis/6eb35068-fc68-41cc-bb10-1d935c2442f4
2019-09-12 11:42:48,497 [pool-314-thread-1] INFO  server.RaftServerConfigKeys (ConfUtils.java:logGet(43)) - raft.server.log.queue.byte-limit = 2147483647 (custom)
2019-09-12 11:42:48,497 [pool-314-thread-1] INFO  server.RaftServerConfigKeys (ConfUtils.java:logGet(43)) - raft.server.log.queue.element-limit = 1024 (custom)
2019-09-12 11:42:48,497 [pool-314-thread-1] INFO  server.RaftServerConfigKeys (ConfUtils.java:logGet(43)) - raft.server.log.segment.size.max = 1048576 (custom)
2019-09-12 11:42:48,497 [pool-314-thread-1] INFO  server.RaftServerConfigKeys (ConfUtils.java:logGet(43)) - raft.server.log.preallocated.size = 16384 (custom)
2019-09-12 11:42:48,497 [pool-314-thread-1] INFO  server.RaftServerConfigKeys (ConfUtils.java:logGet(43)) - raft.server.log.write.buffer.size = 33554432 (custom)
2019-09-12 11:42:48,497 [pool-314-thread-1] INFO  server.RaftServerConfigKeys (ConfUtils.java:logGet(43)) - raft.server.log.force.sync.num = 128 (default)
2019-09-12 11:42:48,497 [pool-314-thread-1] INFO  server.RaftServerConfigKeys (ConfUtils.java:logGet(43)) - raft.server.log.statemachine.data.sync = true (default)
2019-09-12 11:42:48,497 [pool-314-thread-1] INFO  server.RaftServerConfigKeys (ConfUtils.java:logGet(43)) - raft.server.log.statemachine.data.sync.timeout = 10s (default)
2019-09-12 11:42:48,498 [pool-314-thread-1] INFO  server.RaftServerConfigKeys (ConfUtils.java:logGet(43)) - raft.server.log.statemachine.data.sync.timeout.retry = -1 (default)
2019-09-12 11:42:48,498 [pool-314-thread-1] INFO  server.RaftServerConfigKeys (ConfUtils.java:logGet(43)) - raft.server.log.statemachine.data.caching.enabled = true (custom)
2019-09-12 11:42:48,498 [pool-314-thread-1] INFO  segmented.SegmentedRaftLogWorker (SegmentedRaftLogWorker.java:lambda$new$0(132)) - 09dcba98-4a13-46c9-a161-8b5a08f93115-SegmentedRaftLogWorker:Storage Directory /workdir/hadoop-ozone/ozonefs/target/test-dir/MiniOzoneClusterImpl-e692d26f-e14c-4f96-93da-7a5844c944d0/datanode-2/data/ratis/6eb35068-fc68-41cc-bb10-1d935c2442f4: flushIndex: setUnconditionally 0 -> -1
2019-09-12 11:42:48,498 [pool-314-thread-1] INFO  server.RaftServerConfigKeys (ConfUtils.java:logGet(43)) - raft.server.snapshot.auto.trigger.enabled = true (custom)
2019-09-12 11:42:48,498 [pool-314-thread-1] INFO  server.RaftServerConfigKeys (ConfUtils.java:logGet(43)) - raft.server.snapshot.auto.trigger.threshold = 10000 (custom)
2019-09-12 11:42:48,498 [pool-314-thread-1] INFO  server.RaftServerConfigKeys (ConfUtils.java:logGet(43)) - raft.server.retrycache.expirytime = 600000ms (custom)
2019-09-12 11:42:48,499 [pool-314-thread-1] INFO  impl.RaftServerImpl (RaftServerImpl.java:start(180)) - 09dcba98-4a13-46c9-a161-8b5a08f93115: start group-1D935C2442F4
2019-09-12 11:42:48,499 [pool-314-thread-1] INFO  impl.RaftServerImpl (RaftServerImpl.java:setRole(171)) - 09dcba98-4a13-46c9-a161-8b5a08f93115:group-1D935C2442F4 changes role from null to FOLLOWER at term 0 for startAsFollower
2019-09-12 11:42:48,499 [pool-314-thread-1] INFO  impl.RoleInfo (RoleInfo.java:updateAndGet(143)) - 09dcba98-4a13-46c9-a161-8b5a08f93115: start FollowerState
2019-09-12 11:42:48,499 [pool-314-thread-1] INFO  util.JmxRegister (JmxRegister.java:tryRegister(44)) - Successfully registered JMX Bean with object name Ratis:service=RaftServer,group=group-1D935C2442F4,id=09dcba98-4a13-46c9-a161-8b5a08f93115
2019-09-12 11:42:48,502 [RatisPipelineUtilsThread] INFO  pipeline.PipelineStateManager (PipelineStateManager.java:addPipeline(56)) - Created pipeline Pipeline[ Id: 6eb35068-fc68-41cc-bb10-1d935c2442f4, Nodes: 09dcba98-4a13-46c9-a161-8b5a08f93115{ip: 192.168.157.195, host: pr-hdds-1569-xtfnx-3545843844, networkLocation: /default-rack, certSerialId: null}, Type:RATIS, Factor:ONE, State:OPEN]
2019-09-12 11:42:48,503 [RatisPipelineUtilsThread] ERROR pipeline.PipelinePlacementPolicy (PipelinePlacementPolicy.java:meetCriteria(91)) - Pipeline Placement: Doesn't meet the criteria to be viable node. Heaviness: 6
2019-09-12 11:42:48,503 [RatisPipelineUtilsThread] ERROR pipeline.PipelinePlacementPolicy (PipelinePlacementPolicy.java:meetCriteria(91)) - Pipeline Placement: Doesn't meet the criteria to be viable node. Heaviness: 6
2019-09-12 11:42:48,507 [grpc-default-executor-0] INFO  impl.RaftServerProxy (RaftServerProxy.java:addNew(89)) - 09dcba98-4a13-46c9-a161-8b5a08f93115: addNew group-301659EA8929:[09dcba98-4a13-46c9-a161-8b5a08f93115:192.168.157.195:43521] returns group-301659EA8929:java.util.concurrent.CompletableFuture@324bbf3d[Not completed]
2019-09-12 11:42:48,508 [pool-314-thread-1] INFO  impl.RaftServerImpl (RaftServerImpl.java:<init>(93)) - 09dcba98-4a13-46c9-a161-8b5a08f93115: new RaftServerImpl for group-301659EA8929:[09dcba98-4a13-46c9-a161-8b5a08f93115:192.168.157.195:43521] with ContainerStateMachine:uninitialized
2019-09-12 11:42:48,508 [pool-314-thread-1] INFO  server.RaftServerConfigKeys (ConfUtils.java:logGet(43)) - raft.server.rpc.timeout.min = 5s (custom)
2019-09-12 11:42:48,508 [pool-314-thread-1] INFO  server.RaftServerConfigKeys (ConfUtils.java:logGet(43)) - raft.server.rpc.timeout.max = 5200ms (custom)
2019-09-12 11:42:48,508 [pool-314-thread-1] INFO  server.RaftServerConfigKeys (ConfUtils.java:logGet(43)) - raft.server.rpcslowness.timeout = 120s (custom)
2019-09-12 11:42:48,508 [pool-314-thread-1] INFO  server.RaftServerConfigKeys (ConfUtils.java:logGet(43)) - raft.server.sleep.deviation.threshold = 300 (default)
2019-09-12 11:42:48,508 [pool-314-thread-1] INFO  server.RaftServerConfigKeys (ConfUtils.java:logGet(43)) - raft.server.log.appender.install.snapshot.enabled = false (custom)
2019-09-12 11:42:48,509 [pool-314-thread-1] INFO  impl.RaftServerImpl (ServerState.java:<init>(105)) - 09dcba98-4a13-46c9-a161-8b5a08f93115:group-301659EA8929 ConfigurationManager, init=-1: [09dcba98-4a13-46c9-a161-8b5a08f93115:192.168.157.195:43521], old=null, confs=<EMPTY_MAP>
2019-09-12 11:42:48,509 [pool-314-thread-1] INFO  server.RaftServerConfigKeys (ConfUtils.java:logGet(43)) - raft.server.storage.dir = [/workdir/hadoop-ozone/ozonefs/target/test-dir/MiniOzoneClusterImpl-e692d26f-e14c-4f96-93da-7a5844c944d0/datanode-2/data/ratis] (custom)
2019-09-12 11:42:48,509 [pool-314-thread-1] INFO  storage.RaftStorageDirectory (RaftStorageDirectory.java:analyzeStorage(246)) - The storage directory /workdir/hadoop-ozone/ozonefs/target/test-dir/MiniOzoneClusterImpl-e692d26f-e14c-4f96-93da-7a5844c944d0/datanode-2/data/ratis/9b96bc99-79f0-4d7b-bef5-301659ea8929 does not exist. Creating ...
2019-09-12 11:42:48,522 [pool-314-thread-1] INFO  storage.RaftStorageDirectory (RaftStorageDirectory.java:tryLock(328)) - Lock on /workdir/hadoop-ozone/ozonefs/target/test-dir/MiniOzoneClusterImpl-e692d26f-e14c-4f96-93da-7a5844c944d0/datanode-2/data/ratis/9b96bc99-79f0-4d7b-bef5-301659ea8929/in_use.lock acquired by nodename 27663@pr-hdds-1569-xtfnx-3545843844
2019-09-12 11:42:48,535 [pool-314-thread-1] INFO  storage.RaftStorage (RaftStorage.java:format(72)) - Storage directory /workdir/hadoop-ozone/ozonefs/target/test-dir/MiniOzoneClusterImpl-e692d26f-e14c-4f96-93da-7a5844c944d0/datanode-2/data/ratis/9b96bc99-79f0-4d7b-bef5-301659ea8929 has been successfully formatted.
2019-09-12 11:42:48,535 [pool-314-thread-1] INFO  ratis.ContainerStateMachine (ContainerStateMachine.java:loadSnapshot(226)) - group-301659EA8929: The snapshot info is null. Setting the last applied indexto:(t:0, i:~)
2019-09-12 11:42:48,535 [pool-314-thread-1] INFO  server.RaftServerConfigKeys (ConfUtils.java:logGet(43)) - raft.server.leader.election.timeout = 120s (custom)
2019-09-12 11:42:48,535 [pool-314-thread-1] INFO  server.RaftServerConfigKeys (ConfUtils.java:logGet(43)) - raft.server.log.use.memory = false (default)
2019-09-12 11:42:48,535 [pool-314-thread-1] INFO  server.RaftServerConfigKeys (ConfUtils.java:logGet(43)) - raft.server.log.purge.gap = 1000000 (custom)
2019-09-12 11:42:48,536 [pool-314-thread-1] INFO  server.RaftServerConfigKeys (ConfUtils.java:logGet(43)) - raft.server.log.appender.buffer.byte-limit = 33554432 (custom)
2019-09-12 11:42:48,536 [pool-314-thread-1] INFO  server.RaftServerConfigKeys (ConfUtils.java:logGet(43)) - raft.server.log.segment.size.max = 1048576 (custom)
2019-09-12 11:42:48,536 [pool-314-thread-1] INFO  server.RaftServerConfigKeys (ConfUtils.java:logGet(43)) - raft.server.log.segment.cache.num.max = 2 (custom)
2019-09-12 11:42:48,536 [pool-314-thread-1] INFO  segmented.SegmentedRaftLogWorker (SegmentedRaftLogWorker.java:<init>(172)) - new 09dcba98-4a13-46c9-a161-8b5a08f93115-SegmentedRaftLogWorker:Storage Directory /workdir/hadoop-ozone/ozonefs/target/test-dir/MiniOzoneClusterImpl-e692d26f-e14c-4f96-93da-7a5844c944d0/datanode-2/data/ratis/9b96bc99-79f0-4d7b-bef5-301659ea8929 for RaftStorage:Storage Directory /workdir/hadoop-ozone/ozonefs/target/test-dir/MiniOzoneClusterImpl-e692d26f-e14c-4f96-93da-7a5844c944d0/datanode-2/data/ratis/9b96bc99-79f0-4d7b-bef5-301659ea8929
2019-09-12 11:42:48,536 [pool-314-thread-1] INFO  server.RaftServerConfigKeys (ConfUtils.java:logGet(43)) - raft.server.log.queue.byte-limit = 2147483647 (custom)
2019-09-12 11:42:48,536 [pool-314-thread-1] INFO  server.RaftServerConfigKeys (ConfUtils.java:logGet(43)) - raft.server.log.queue.element-limit = 1024 (custom)
2019-09-12 11:42:48,536 [pool-314-thread-1] INFO  server.RaftServerConfigKeys (ConfUtils.java:logGet(43)) - raft.server.log.segment.size.max = 1048576 (custom)
2019-09-12 11:42:48,536 [pool-314-thread-1] INFO  server.RaftServerConfigKeys (ConfUtils.java:logGet(43)) - raft.server.log.preallocated.size = 16384 (custom)
2019-09-12 11:42:48,536 [pool-314-thread-1] INFO  server.RaftServerConfigKeys (ConfUtils.java:logGet(43)) - raft.server.log.write.buffer.size = 33554432 (custom)
2019-09-12 11:42:48,537 [pool-314-thread-1] INFO  server.RaftServerConfigKeys (ConfUtils.java:logGet(43)) - raft.server.log.force.sync.num = 128 (default)
2019-09-12 11:42:48,537 [pool-314-thread-1] INFO  server.RaftServerConfigKeys (ConfUtils.java:logGet(43)) - raft.server.log.statemachine.data.sync = true (default)
2019-09-12 11:42:48,537 [pool-314-thread-1] INFO  server.RaftServerConfigKeys (ConfUtils.java:logGet(43)) - raft.server.log.statemachine.data.sync.timeout = 10s (default)
2019-09-12 11:42:48,537 [pool-314-thread-1] INFO  server.RaftServerConfigKeys (ConfUtils.java:logGet(43)) - raft.server.log.statemachine.data.sync.timeout.retry = -1 (default)
2019-09-12 11:42:48,537 [pool-314-thread-1] INFO  server.RaftServerConfigKeys (ConfUtils.java:logGet(43)) - raft.server.log.statemachine.data.caching.enabled = true (custom)
2019-09-12 11:42:48,537 [pool-314-thread-1] INFO  segmented.SegmentedRaftLogWorker (SegmentedRaftLogWorker.java:lambda$new$0(132)) - 09dcba98-4a13-46c9-a161-8b5a08f93115-SegmentedRaftLogWorker:Storage Directory /workdir/hadoop-ozone/ozonefs/target/test-dir/MiniOzoneClusterImpl-e692d26f-e14c-4f96-93da-7a5844c944d0/datanode-2/data/ratis/9b96bc99-79f0-4d7b-bef5-301659ea8929: flushIndex: setUnconditionally 0 -> -1
2019-09-12 11:42:48,538 [pool-314-thread-1] INFO  server.RaftServerConfigKeys (ConfUtils.java:logGet(43)) - raft.server.snapshot.auto.trigger.enabled = true (custom)
2019-09-12 11:42:48,538 [pool-314-thread-1] INFO  server.RaftServerConfigKeys (ConfUtils.java:logGet(43)) - raft.server.snapshot.auto.trigger.threshold = 10000 (custom)
2019-09-12 11:42:48,538 [pool-314-thread-1] INFO  server.RaftServerConfigKeys (ConfUtils.java:logGet(43)) - raft.server.retrycache.expirytime = 600000ms (custom)
2019-09-12 11:42:48,538 [pool-314-thread-1] INFO  impl.RaftServerImpl (RaftServerImpl.java:start(180)) - 09dcba98-4a13-46c9-a161-8b5a08f93115: start group-301659EA8929
2019-09-12 11:42:48,538 [pool-314-thread-1] INFO  impl.RaftServerImpl (RaftServerImpl.java:setRole(171)) - 09dcba98-4a13-46c9-a161-8b5a08f93115:group-301659EA8929 changes role from null to FOLLOWER at term 0 for startAsFollower
2019-09-12 11:42:48,538 [pool-314-thread-1] INFO  impl.RoleInfo (RoleInfo.java:updateAndGet(143)) - 09dcba98-4a13-46c9-a161-8b5a08f93115: start FollowerState
2019-09-12 11:42:48,539 [pool-314-thread-1] INFO  util.JmxRegister (JmxRegister.java:tryRegister(44)) - Successfully registered JMX Bean with object name Ratis:service=RaftServer,group=group-301659EA8929,id=09dcba98-4a13-46c9-a161-8b5a08f93115
2019-09-12 11:42:48,541 [RatisPipelineUtilsThread] INFO  pipeline.PipelineStateManager (PipelineStateManager.java:addPipeline(56)) - Created pipeline Pipeline[ Id: 9b96bc99-79f0-4d7b-bef5-301659ea8929, Nodes: 09dcba98-4a13-46c9-a161-8b5a08f93115{ip: 192.168.157.195, host: pr-hdds-1569-xtfnx-3545843844, networkLocation: /default-rack, certSerialId: null}, Type:RATIS, Factor:ONE, State:OPEN]
2019-09-12 11:42:48,541 [RatisPipelineUtilsThread] ERROR pipeline.PipelinePlacementPolicy (PipelinePlacementPolicy.java:meetCriteria(91)) - Pipeline Placement: Doesn't meet the criteria to be viable node. Heaviness: 6
2019-09-12 11:42:48,541 [RatisPipelineUtilsThread] ERROR pipeline.PipelinePlacementPolicy (PipelinePlacementPolicy.java:meetCriteria(91)) - Pipeline Placement: Doesn't meet the criteria to be viable node. Heaviness: 6
2019-09-12 11:42:48,542 [RatisPipelineUtilsThread] ERROR pipeline.PipelinePlacementPolicy (PipelinePlacementPolicy.java:meetCriteria(91)) - Pipeline Placement: Doesn't meet the criteria to be viable node. Heaviness: 6
2019-09-12 11:42:48,542 [RatisPipelineUtilsThread] ERROR pipeline.PipelinePlacementPolicy (PipelinePlacementPolicy.java:filterViableNodes(146)) - Unable to find enough nodes that meet the criteria that cannot engage in more than 5 pipelines. Nodes required: 1 Found: 0, healthy nodes count inNodeManager: 3.
2019-09-12 11:42:48,542 [RatisPipelineUtilsThread] ERROR pipeline.SCMPipelineManager (SCMPipelineManager.java:createPipeline(161)) - Pipeline creation failed due to exception: Unable to find enough nodes that meet the criteria that cannot engage in more than 5 pipelines. Nodes required: 1 Found: 0, healthy nodes count inNodeManager: 3.
2019-09-12 11:42:48,542 [RatisPipelineUtilsThread] ERROR pipeline.PipelinePlacementPolicy (PipelinePlacementPolicy.java:meetCriteria(91)) - Pipeline Placement: Doesn't meet the criteria to be viable node. Heaviness: 6
2019-09-12 11:42:48,542 [RatisPipelineUtilsThread] ERROR pipeline.PipelinePlacementPolicy (PipelinePlacementPolicy.java:meetCriteria(91)) - Pipeline Placement: Doesn't meet the criteria to be viable node. Heaviness: 6
2019-09-12 11:42:48,542 [RatisPipelineUtilsThread] ERROR pipeline.PipelinePlacementPolicy (PipelinePlacementPolicy.java:meetCriteria(91)) - Pipeline Placement: Doesn't meet the criteria to be viable node. Heaviness: 6
2019-09-12 11:42:48,542 [RatisPipelineUtilsThread] ERROR pipeline.PipelinePlacementPolicy (PipelinePlacementPolicy.java:filterViableNodes(146)) - Unable to find enough nodes that meet the criteria that cannot engage in more than 5 pipelines. Nodes required: 3 Found: 0, healthy nodes count inNodeManager: 3.
2019-09-12 11:42:48,542 [RatisPipelineUtilsThread] ERROR pipeline.SCMPipelineManager (SCMPipelineManager.java:createPipeline(161)) - Pipeline creation failed due to exception: Unable to find enough nodes that meet the criteria that cannot engage in more than 5 pipelines. Nodes required: 3 Found: 0, healthy nodes count inNodeManager: 3.
2019-09-12 11:42:48,542 [RatisPipelineUtilsThread] ERROR pipeline.PipelinePlacementPolicy (PipelinePlacementPolicy.java:meetCriteria(91)) - Pipeline Placement: Doesn't meet the criteria to be viable node. Heaviness: 6
2019-09-12 11:42:48,543 [RatisPipelineUtilsThread] ERROR pipeline.PipelinePlacementPolicy (PipelinePlacementPolicy.java:meetCriteria(91)) - Pipeline Placement: Doesn't meet the criteria to be viable node. Heaviness: 6
2019-09-12 11:42:48,543 [RatisPipelineUtilsThread] ERROR pipeline.PipelinePlacementPolicy (PipelinePlacementPolicy.java:meetCriteria(91)) - Pipeline Placement: Doesn't meet the criteria to be viable node. Heaviness: 6
2019-09-12 11:42:48,543 [RatisPipelineUtilsThread] ERROR pipeline.PipelinePlacementPolicy (PipelinePlacementPolicy.java:filterViableNodes(146)) - Unable to find enough nodes that meet the criteria that cannot engage in more than 5 pipelines. Nodes required: 1 Found: 0, healthy nodes count inNodeManager: 3.
2019-09-12 11:42:48,543 [RatisPipelineUtilsThread] ERROR pipeline.SCMPipelineManager (SCMPipelineManager.java:createPipeline(161)) - Pipeline creation failed due to exception: Unable to find enough nodes that meet the criteria that cannot engage in more than 5 pipelines. Nodes required: 1 Found: 0, healthy nodes count inNodeManager: 3.
2019-09-12 11:42:48,543 [RatisPipelineUtilsThread] ERROR pipeline.PipelinePlacementPolicy (PipelinePlacementPolicy.java:meetCriteria(91)) - Pipeline Placement: Doesn't meet the criteria to be viable node. Heaviness: 6
2019-09-12 11:42:48,543 [RatisPipelineUtilsThread] ERROR pipeline.PipelinePlacementPolicy (PipelinePlacementPolicy.java:meetCriteria(91)) - Pipeline Placement: Doesn't meet the criteria to be viable node. Heaviness: 6
2019-09-12 11:42:48,543 [RatisPipelineUtilsThread] ERROR pipeline.PipelinePlacementPolicy (PipelinePlacementPolicy.java:meetCriteria(91)) - Pipeline Placement: Doesn't meet the criteria to be viable node. Heaviness: 6
2019-09-12 11:42:48,543 [RatisPipelineUtilsThread] ERROR pipeline.PipelinePlacementPolicy (PipelinePlacementPolicy.java:filterViableNodes(146)) - Unable to find enough nodes that meet the criteria that cannot engage in more than 5 pipelines. Nodes required: 3 Found: 0, healthy nodes count inNodeManager: 3.
2019-09-12 11:42:48,544 [RatisPipelineUtilsThread] ERROR pipeline.SCMPipelineManager (SCMPipelineManager.java:createPipeline(161)) - Pipeline creation failed due to exception: Unable to find enough nodes that meet the criteria that cannot engage in more than 5 pipelines. Nodes required: 3 Found: 0, healthy nodes count inNodeManager: 3.
2019-09-12 11:42:49,238 [Thread-1338] INFO  ozone.MiniOzoneClusterImpl (MiniOzoneClusterImpl.java:lambda$waitForClusterToBeReady$0(142)) - Cluster is ready. Got 3 of 3 DN Heartbeats.
2019-09-12 11:42:49,361 | INFO  | OMAudit | user=jenkins1000 | ip=127.0.0.1 | op=CREATE_VOLUME {admin=admin16598, owner=user62641, volume=volume65239, creationTime=1568288569360, quotaInBytes=1152921504606846976} | ret=SUCCESS |  
2019-09-12 11:42:49,368 | INFO  | OMAudit | user=jenkins1000 | ip=127.0.0.1 | op=CREATE_BUCKET {volume=volume65239, bucket=bucket45021, acls=[], isVersionEnabled=false, storageType=DISK, creationTime=0} | ret=SUCCESS |  
2019-09-12 11:42:49,384 | INFO  | OMAudit | user=jenkins1000 | ip=127.0.0.1 | op=READ_VOLUME {volume=volume65239} | ret=SUCCESS |  
2019-09-12 11:42:49,386 | INFO  | OMAudit | user=jenkins1000 | ip=127.0.0.1 | op=READ_BUCKET {volume=volume65239, bucket=bucket45021} | ret=SUCCESS |  
2019-09-12 11:42:49,413 [IPC Server handler 2 on 35592] ERROR pipeline.PipelinePlacementPolicy (PipelinePlacementPolicy.java:meetCriteria(91)) - Pipeline Placement: Doesn't meet the criteria to be viable node. Heaviness: 6
2019-09-12 11:42:49,414 [IPC Server handler 2 on 35592] ERROR pipeline.PipelinePlacementPolicy (PipelinePlacementPolicy.java:meetCriteria(91)) - Pipeline Placement: Doesn't meet the criteria to be viable node. Heaviness: 6
2019-09-12 11:42:49,414 [IPC Server handler 2 on 35592] ERROR pipeline.PipelinePlacementPolicy (PipelinePlacementPolicy.java:meetCriteria(91)) - Pipeline Placement: Doesn't meet the criteria to be viable node. Heaviness: 6
2019-09-12 11:42:49,414 [IPC Server handler 2 on 35592] ERROR pipeline.PipelinePlacementPolicy (PipelinePlacementPolicy.java:filterViableNodes(146)) - Unable to find enough nodes that meet the criteria that cannot engage in more than 5 pipelines. Nodes required: 3 Found: 0, healthy nodes count inNodeManager: 3.
2019-09-12 11:42:49,415 [IPC Server handler 2 on 35592] ERROR pipeline.SCMPipelineManager (SCMPipelineManager.java:createPipeline(161)) - Pipeline creation failed due to exception: Unable to find enough nodes that meet the criteria that cannot engage in more than 5 pipelines. Nodes required: 3 Found: 0, healthy nodes count inNodeManager: 3.
2019-09-12 11:42:49,415 [IPC Server handler 2 on 35592] WARN  block.BlockManagerImpl (BlockManagerImpl.java:allocateBlock(192)) - Pipeline creation failed for type:RATIS factor:THREE. Retrying get pipelines call once.
org.apache.hadoop.hdds.scm.exceptions.SCMException: Unable to find enough nodes that meet the criteria that cannot engage in more than 5 pipelines. Nodes required: 3 Found: 0, healthy nodes count inNodeManager: 3.
	at org.apache.hadoop.hdds.scm.pipeline.PipelinePlacementPolicy.filterViableNodes(PipelinePlacementPolicy.java:147)
	at org.apache.hadoop.hdds.scm.pipeline.PipelinePlacementPolicy.chooseDatanodes(PipelinePlacementPolicy.java:170)
	at org.apache.hadoop.hdds.scm.pipeline.RatisPipelineProvider.create(RatisPipelineProvider.java:92)
	at org.apache.hadoop.hdds.scm.pipeline.PipelineFactory.create(PipelineFactory.java:57)
	at org.apache.hadoop.hdds.scm.pipeline.SCMPipelineManager.createPipeline(SCMPipelineManager.java:149)
	at org.apache.hadoop.hdds.scm.block.BlockManagerImpl.allocateBlock(BlockManagerImpl.java:190)
	at org.apache.hadoop.hdds.scm.server.SCMBlockProtocolServer.allocateBlock(SCMBlockProtocolServer.java:175)
	at org.apache.hadoop.ozone.protocolPB.ScmBlockLocationProtocolServerSideTranslatorPB.allocateScmBlock(ScmBlockLocationProtocolServerSideTranslatorPB.java:153)
	at org.apache.hadoop.ozone.protocolPB.ScmBlockLocationProtocolServerSideTranslatorPB.send(ScmBlockLocationProtocolServerSideTranslatorPB.java:112)
	at org.apache.hadoop.hdds.protocol.proto.ScmBlockLocationProtocolProtos$ScmBlockLocationProtocolService$2.callBlockingMethod(ScmBlockLocationProtocolProtos.java:13157)
	at org.apache.hadoop.ipc.ProtobufRpcEngine$Server$ProtoBufRpcInvoker.call(ProtobufRpcEngine.java:524)
	at org.apache.hadoop.ipc.RPC$Server.call(RPC.java:1025)
	at org.apache.hadoop.ipc.Server$RpcCall.run(Server.java:876)
	at org.apache.hadoop.ipc.Server$RpcCall.run(Server.java:822)
	at java.security.AccessController.doPrivileged(Native Method)
	at javax.security.auth.Subject.doAs(Subject.java:422)
	at org.apache.hadoop.security.UserGroupInformation.doAs(UserGroupInformation.java:1730)
	at org.apache.hadoop.ipc.Server$Handler.run(Server.java:2682)
2019-09-12 11:42:49,415 [IPC Server handler 2 on 35592] INFO  block.BlockManagerImpl (BlockManagerImpl.java:allocateBlock(198)) - Could not find available pipeline of type:RATIS and factor:THREE even after retrying
2019-09-12 11:42:49,415 [IPC Server handler 2 on 35592] ERROR block.BlockManagerImpl (BlockManagerImpl.java:allocateBlock(222)) - Unable to allocate a block for the size: 4194304, type: RATIS, factor: THREE
2019-09-12 11:42:49,416 | INFO  | SCMAudit | user=jenkins1000 | ip=192.168.157.195 | op=ALLOCATE_BLOCK {owner=fc13e863-22ad-4bc5-9fce-149f916d6023, size=4194304, type=RATIS, factor=THREE} | ret=SUCCESS |  
2019-09-12 11:42:49,417 | ERROR | OMAudit | user=jenkins1000 | ip=127.0.0.1 | op=CREATE_FILE {volume=volume65239, bucket=bucket45021, key=testDeleteCreatesFakeParentDir/parent/child, dataSize=0, replicationType=RATIS, replicationFactor=THREE, keyLocationInfo=null} | ret=FAILURE | org.apache.hadoop.hdds.scm.exceptions.SCMException: Allocated 0 blocks. Requested 1 blocks
	at org.apache.hadoop.hdds.scm.protocolPB.ScmBlockLocationProtocolClientSideTranslatorPB.handleError(ScmBlockLocationProtocolClientSideTranslatorPB.java:118)
	at org.apache.hadoop.hdds.scm.protocolPB.ScmBlockLocationProtocolClientSideTranslatorPB.allocateBlock(ScmBlockLocationProtocolClientSideTranslatorPB.java:156) 
2019-09-12 11:42:49,420 [Thread-1338] INFO  ozone.MiniOzoneClusterImpl (MiniOzoneClusterImpl.java:shutdown(321)) - Shutting down the Mini Ozone Cluster
2019-09-12 11:42:49,420 | INFO  | SCMAudit | user=null | ip=null | op=GET_SCM_INFO null | ret=SUCCESS |  
2019-09-12 11:42:49,420 [Thread-1338] INFO  ozone.MiniOzoneClusterImpl (MiniOzoneClusterImpl.java:stop(336)) - Stopping the Mini Ozone Cluster
2019-09-12 11:42:49,420 [Thread-1338] INFO  ozone.MiniOzoneClusterImpl (MiniOzoneClusterImpl.java:stop(338)) - Stopping the OzoneManager
2019-09-12 11:42:49,420 [Thread-1338] INFO  ipc.Server (Server.java:stop(3082)) - Stopping server on 46261
2019-09-12 11:42:49,423 [Thread-1338] INFO  ratis.OzoneManagerDoubleBuffer (OzoneManagerDoubleBuffer.java:stop(248)) - Stopping OMDoubleBuffer flush thread
2019-09-12 11:42:49,424 [IPC Server listener on 46261] INFO  ipc.Server (Server.java:run(1185)) - Stopping IPC Server listener on 46261
2019-09-12 11:42:49,424 [IPC Server Responder] INFO  ipc.Server (Server.java:run(1319)) - Stopping IPC Server Responder
2019-09-12 11:42:49,424 [OMDoubleBufferFlushThread] INFO  ratis.OzoneManagerDoubleBuffer (OzoneManagerDoubleBuffer.java:flushTransactions(191)) - OMDoubleBuffer flush thread OMDoubleBufferFlushThread is interrupted and will exit. OMDoubleBufferFlushThread
2019-09-12 11:42:49,426 [Thread-1338] INFO  utils.BackgroundService (BackgroundService.java:shutdown(148)) - Shutting down service KeyDeletingService
2019-09-12 11:42:49,427 [Thread-1338] INFO  handler.ContextHandler (ContextHandler.java:doStop(910)) - Stopped o.e.j.w.WebAppContext@3f923f85{/,null,UNAVAILABLE}{/ozoneManager}
2019-09-12 11:42:49,428 [Thread-1338] INFO  server.AbstractConnector (AbstractConnector.java:doStop(318)) - Stopped ServerConnector@665c8fe{HTTP/1.1,[http/1.1]}{0.0.0.0:0}
2019-09-12 11:42:49,428 [Thread-1338] INFO  handler.ContextHandler (ContextHandler.java:doStop(910)) - Stopped o.e.j.s.ServletContextHandler@54eda310{/static,jar:file:/home/user/.m2/repository/org/apache/hadoop/hadoop-ozone-ozone-manager/0.5.0-SNAPSHOT/hadoop-ozone-ozone-manager-0.5.0-SNAPSHOT.jar!/webapps/static,UNAVAILABLE}
2019-09-12 11:42:49,429 [Thread-1338] INFO  handler.ContextHandler (ContextHandler.java:doStop(910)) - Stopped o.e.j.s.ServletContextHandler@6e0bb03e{/logs,file:///workdir/hadoop-ozone/ozonefs/target/log,UNAVAILABLE}
2019-09-12 11:42:49,430 [Thread-1338] INFO  ozone.MiniOzoneClusterImpl (MiniOzoneClusterImpl.java:stop(344)) - Shutting the HddsDatanodes
2019-09-12 11:42:49,430 [Thread-1338] INFO  datanode.ObjectStoreHandler (ObjectStoreHandler.java:close(155)) - Closing ObjectStoreHandler.
2019-09-12 11:42:49,431 [ForkJoinPool.commonPool-worker-1] INFO  datanode.ObjectStoreHandler (ObjectStoreHandler.java:close(155)) - Closing ObjectStoreHandler.
2019-09-12 11:42:49,431 [Thread-1338] INFO  ozone.HddsDatanodeService (HddsDatanodeService.java:stop(451)) - Stopped plug-in org.apache.hadoop.ozone.web.OzoneHddsDatanodeService@55ae3ff1
2019-09-12 11:42:49,431 [ForkJoinPool.commonPool-worker-1] INFO  ozone.HddsDatanodeService (HddsDatanodeService.java:stop(451)) - Stopped plug-in org.apache.hadoop.ozone.web.OzoneHddsDatanodeService@65ac49e6
2019-09-12 11:42:49,825 [Datanode State Machine Thread - 0] INFO  statemachine.DatanodeStateMachine (DatanodeStateMachine.java:lambda$startDaemon$0(350)) - Ozone container server started.
2019-09-12 11:42:50,011 [Datanode State Machine Thread - 0] INFO  statemachine.DatanodeStateMachine (DatanodeStateMachine.java:lambda$startDaemon$0(350)) - Ozone container server started.
2019-09-12 11:42:50,239 | INFO  | SCMAudit | user=jenkins1000 | ip=192.168.157.195 | op=SEND_HEARTBEAT {datanodeUUID=09dcba98-4a13-46c9-a161-8b5a08f93115, command=[]} | ret=SUCCESS |  
2019-09-12 11:42:50,835 [Thread-1510] INFO  container.ReplicationManager (ReplicationManager.java:start(151)) - Starting Replication Monitor Thread.
2019-09-12 11:42:50,838 [ReplicationMonitor] INFO  container.ReplicationManager (ReplicationManager.java:run(214)) - Replication Monitor Thread took 0 milliseconds for processing 0 containers.
2019-09-12 11:42:51,239 | INFO  | SCMAudit | user=jenkins1000 | ip=192.168.157.195 | op=SEND_HEARTBEAT {datanodeUUID=09dcba98-4a13-46c9-a161-8b5a08f93115, command=[]} | ret=SUCCESS |  
2019-09-12 11:42:52,239 | INFO  | SCMAudit | user=jenkins1000 | ip=192.168.157.195 | op=SEND_HEARTBEAT {datanodeUUID=09dcba98-4a13-46c9-a161-8b5a08f93115, command=[]} | ret=SUCCESS |  
2019-09-12 11:42:52,969 [Thread-1515] INFO  impl.FollowerState (FollowerState.java:run(106)) - 6715b0c2-2cac-4432-b20f-e5b2d82a5ebf:group-36F3E52732BD changes to CANDIDATE, lastRpcTime:5045, electionTimeout:5045ms
2019-09-12 11:42:52,969 [Thread-1515] INFO  impl.RoleInfo (RoleInfo.java:shutdownFollowerState(121)) - 6715b0c2-2cac-4432-b20f-e5b2d82a5ebf: shutdown FollowerState
2019-09-12 11:42:52,969 [Thread-1515] INFO  impl.RaftServerImpl (RaftServerImpl.java:setRole(171)) - 6715b0c2-2cac-4432-b20f-e5b2d82a5ebf:group-36F3E52732BD changes role from FOLLOWER to CANDIDATE at term 0 for changeToCandidate
2019-09-12 11:42:52,970 [Thread-1515] INFO  impl.RoleInfo (RoleInfo.java:updateAndGet(143)) - 6715b0c2-2cac-4432-b20f-e5b2d82a5ebf: start LeaderElection
2019-09-12 11:42:52,998 [6715b0c2-2cac-4432-b20f-e5b2d82a5ebf:group-36F3E52732BD:LeaderElection91] INFO  impl.LeaderElection (LeaderElection.java:askForVotes(181)) - 6715b0c2-2cac-4432-b20f-e5b2d82a5ebf:group-36F3E52732BD:LeaderElection91: begin an election at term 1 for -1: [6715b0c2-2cac-4432-b20f-e5b2d82a5ebf:192.168.157.195:38481], old=null
2019-09-12 11:42:52,998 [6715b0c2-2cac-4432-b20f-e5b2d82a5ebf:group-36F3E52732BD:LeaderElection91] INFO  impl.RoleInfo (RoleInfo.java:shutdownLeaderElection(134)) - 6715b0c2-2cac-4432-b20f-e5b2d82a5ebf: shutdown LeaderElection
2019-09-12 11:42:52,998 [6715b0c2-2cac-4432-b20f-e5b2d82a5ebf:group-36F3E52732BD:LeaderElection91] INFO  impl.RaftServerImpl (RaftServerImpl.java:setRole(171)) - 6715b0c2-2cac-4432-b20f-e5b2d82a5ebf:group-36F3E52732BD changes role from CANDIDATE to LEADER at term 1 for changeToLeader
2019-09-12 11:42:52,999 [6715b0c2-2cac-4432-b20f-e5b2d82a5ebf:group-36F3E52732BD:LeaderElection91] INFO  impl.RaftServerImpl (ServerState.java:setLeader(263)) - 6715b0c2-2cac-4432-b20f-e5b2d82a5ebf:group-36F3E52732BD change Leader from null to 6715b0c2-2cac-4432-b20f-e5b2d82a5ebf at term 1 for becomeLeader, leader elected after 5078ms
2019-09-12 11:42:52,999 [6715b0c2-2cac-4432-b20f-e5b2d82a5ebf:group-36F3E52732BD:LeaderElection91] INFO  server.RaftServerConfigKeys (ConfUtils.java:logGet(43)) - raft.server.staging.catchup.gap = 1000 (default)
2019-09-12 11:42:52,999 [6715b0c2-2cac-4432-b20f-e5b2d82a5ebf:group-36F3E52732BD:LeaderElection91] INFO  server.RaftServerConfigKeys (ConfUtils.java:logGet(43)) - raft.server.rpc.sleep.time = 25ms (default)
2019-09-12 11:42:52,999 [6715b0c2-2cac-4432-b20f-e5b2d82a5ebf:group-36F3E52732BD:LeaderElection91] INFO  server.RaftServerConfigKeys (ConfUtils.java:logGet(43)) - raft.server.write.element-limit = 4096 (default)
2019-09-12 11:42:52,999 [6715b0c2-2cac-4432-b20f-e5b2d82a5ebf:group-36F3E52732BD:LeaderElection91] INFO  server.RaftServerConfigKeys (ConfUtils.java:logGet(43)) - raft.server.watch.timeout = 10s (default)
2019-09-12 11:42:52,999 [6715b0c2-2cac-4432-b20f-e5b2d82a5ebf:group-36F3E52732BD:LeaderElection91] INFO  server.RaftServerConfigKeys (ConfUtils.java:logGet(43)) - raft.server.watch.timeout.denomination = 1s (default)
2019-09-12 11:42:53,000 [6715b0c2-2cac-4432-b20f-e5b2d82a5ebf:group-36F3E52732BD:LeaderElection91] INFO  server.RaftServerConfigKeys (ConfUtils.java:logGet(43)) - raft.server.watch.element-limit = 65536 (default)
2019-09-12 11:42:53,000 [6715b0c2-2cac-4432-b20f-e5b2d82a5ebf:group-36F3E52732BD:LeaderElection91] INFO  impl.RoleInfo (RoleInfo.java:updateAndGet(143)) - 6715b0c2-2cac-4432-b20f-e5b2d82a5ebf: start LeaderState
2019-09-12 11:42:53,000 [6715b0c2-2cac-4432-b20f-e5b2d82a5ebf:group-36F3E52732BD:LeaderElection91] INFO  segmented.SegmentedRaftLogWorker (SegmentedRaftLogWorker.java:startLogSegment(380)) - 6715b0c2-2cac-4432-b20f-e5b2d82a5ebf-SegmentedRaftLogWorker:Storage Directory /workdir/hadoop-ozone/ozonefs/target/test-dir/MiniOzoneClusterImpl-e692d26f-e14c-4f96-93da-7a5844c944d0/datanode-0/data/ratis/5363147f-20b6-48fd-820e-36f3e52732bd: Starting segment from index:0
2019-09-12 11:42:53,001 [6715b0c2-2cac-4432-b20f-e5b2d82a5ebf:group-36F3E52732BD:LeaderElection91] INFO  impl.RaftServerImpl (ServerState.java:setRaftConf(361)) - 6715b0c2-2cac-4432-b20f-e5b2d82a5ebf:group-36F3E52732BD set configuration 0: [6715b0c2-2cac-4432-b20f-e5b2d82a5ebf:192.168.157.195:38481], old=null at 0
2019-09-12 11:42:53,022 [Thread-1512] INFO  impl.FollowerState (FollowerState.java:run(106)) - 6715b0c2-2cac-4432-b20f-e5b2d82a5ebf:group-335D2E0244D1 changes to CANDIDATE, lastRpcTime:5142, electionTimeout:5142ms
2019-09-12 11:42:53,022 [Thread-1512] INFO  impl.RoleInfo (RoleInfo.java:shutdownFollowerState(121)) - 6715b0c2-2cac-4432-b20f-e5b2d82a5ebf: shutdown FollowerState
2019-09-12 11:42:53,022 [Thread-1512] INFO  impl.RaftServerImpl (RaftServerImpl.java:setRole(171)) - 6715b0c2-2cac-4432-b20f-e5b2d82a5ebf:group-335D2E0244D1 changes role from FOLLOWER to CANDIDATE at term 0 for changeToCandidate
2019-09-12 11:42:53,023 [Thread-1512] INFO  impl.RoleInfo (RoleInfo.java:updateAndGet(143)) - 6715b0c2-2cac-4432-b20f-e5b2d82a5ebf: start LeaderElection
2019-09-12 11:42:53,053 [6715b0c2-2cac-4432-b20f-e5b2d82a5ebf-SegmentedRaftLogWorker:Storage Directory /workdir/hadoop-ozone/ozonefs/target/test-dir/MiniOzoneClusterImpl-e692d26f-e14c-4f96-93da-7a5844c944d0/datanode-0/data/ratis/5363147f-20b6-48fd-820e-36f3e52732bd] INFO  segmented.SegmentedRaftLogWorker (SegmentedRaftLogWorker.java:execute(569)) - 6715b0c2-2cac-4432-b20f-e5b2d82a5ebf-SegmentedRaftLogWorker:Storage Directory /workdir/hadoop-ozone/ozonefs/target/test-dir/MiniOzoneClusterImpl-e692d26f-e14c-4f96-93da-7a5844c944d0/datanode-0/data/ratis/5363147f-20b6-48fd-820e-36f3e52732bd: created new log segment /workdir/hadoop-ozone/ozonefs/target/test-dir/MiniOzoneClusterImpl-e692d26f-e14c-4f96-93da-7a5844c944d0/datanode-0/data/ratis/5363147f-20b6-48fd-820e-36f3e52732bd/current/log_inprogress_0
2019-09-12 11:42:53,053 [6715b0c2-2cac-4432-b20f-e5b2d82a5ebf:group-335D2E0244D1:LeaderElection92] INFO  impl.LeaderElection (LeaderElection.java:askForVotes(181)) - 6715b0c2-2cac-4432-b20f-e5b2d82a5ebf:group-335D2E0244D1:LeaderElection92: begin an election at term 1 for -1: [6715b0c2-2cac-4432-b20f-e5b2d82a5ebf:192.168.157.195:38481], old=null
2019-09-12 11:42:53,054 [6715b0c2-2cac-4432-b20f-e5b2d82a5ebf:group-335D2E0244D1:LeaderElection92] INFO  impl.RoleInfo (RoleInfo.java:shutdownLeaderElection(134)) - 6715b0c2-2cac-4432-b20f-e5b2d82a5ebf: shutdown LeaderElection
2019-09-12 11:42:53,054 [6715b0c2-2cac-4432-b20f-e5b2d82a5ebf:group-335D2E0244D1:LeaderElection92] INFO  impl.RaftServerImpl (RaftServerImpl.java:setRole(171)) - 6715b0c2-2cac-4432-b20f-e5b2d82a5ebf:group-335D2E0244D1 changes role from CANDIDATE to LEADER at term 1 for changeToLeader
2019-09-12 11:42:53,054 [6715b0c2-2cac-4432-b20f-e5b2d82a5ebf:group-335D2E0244D1:LeaderElection92] INFO  impl.RaftServerImpl (ServerState.java:setLeader(263)) - 6715b0c2-2cac-4432-b20f-e5b2d82a5ebf:group-335D2E0244D1 change Leader from null to 6715b0c2-2cac-4432-b20f-e5b2d82a5ebf at term 1 for becomeLeader, leader elected after 5179ms
2019-09-12 11:42:53,054 [6715b0c2-2cac-4432-b20f-e5b2d82a5ebf:group-335D2E0244D1:LeaderElection92] INFO  server.RaftServerConfigKeys (ConfUtils.java:logGet(43)) - raft.server.staging.catchup.gap = 1000 (default)
2019-09-12 11:42:53,054 [6715b0c2-2cac-4432-b20f-e5b2d82a5ebf:group-335D2E0244D1:LeaderElection92] INFO  server.RaftServerConfigKeys (ConfUtils.java:logGet(43)) - raft.server.rpc.sleep.time = 25ms (default)
2019-09-12 11:42:53,055 [6715b0c2-2cac-4432-b20f-e5b2d82a5ebf:group-335D2E0244D1:LeaderElection92] INFO  server.RaftServerConfigKeys (ConfUtils.java:logGet(43)) - raft.server.write.element-limit = 4096 (default)
2019-09-12 11:42:53,055 [6715b0c2-2cac-4432-b20f-e5b2d82a5ebf:group-335D2E0244D1:LeaderElection92] INFO  server.RaftServerConfigKeys (ConfUtils.java:logGet(43)) - raft.server.watch.timeout = 10s (default)
2019-09-12 11:42:53,055 [6715b0c2-2cac-4432-b20f-e5b2d82a5ebf:group-335D2E0244D1:LeaderElection92] INFO  server.RaftServerConfigKeys (ConfUtils.java:logGet(43)) - raft.server.watch.timeout.denomination = 1s (default)
2019-09-12 11:42:53,055 [6715b0c2-2cac-4432-b20f-e5b2d82a5ebf:group-335D2E0244D1:LeaderElection92] INFO  server.RaftServerConfigKeys (ConfUtils.java:logGet(43)) - raft.server.watch.element-limit = 65536 (default)
2019-09-12 11:42:53,055 [6715b0c2-2cac-4432-b20f-e5b2d82a5ebf:group-335D2E0244D1:LeaderElection92] INFO  impl.RoleInfo (RoleInfo.java:updateAndGet(143)) - 6715b0c2-2cac-4432-b20f-e5b2d82a5ebf: start LeaderState
2019-09-12 11:42:53,055 [6715b0c2-2cac-4432-b20f-e5b2d82a5ebf:group-335D2E0244D1:LeaderElection92] INFO  segmented.SegmentedRaftLogWorker (SegmentedRaftLogWorker.java:startLogSegment(380)) - 6715b0c2-2cac-4432-b20f-e5b2d82a5ebf-SegmentedRaftLogWorker:Storage Directory /workdir/hadoop-ozone/ozonefs/target/test-dir/MiniOzoneClusterImpl-e692d26f-e14c-4f96-93da-7a5844c944d0/datanode-0/data/ratis/a72210bb-ec1c-417f-a204-335d2e0244d1: Starting segment from index:0
2019-09-12 11:42:53,056 [6715b0c2-2cac-4432-b20f-e5b2d82a5ebf:group-335D2E0244D1:LeaderElection92] INFO  impl.RaftServerImpl (ServerState.java:setRaftConf(361)) - 6715b0c2-2cac-4432-b20f-e5b2d82a5ebf:group-335D2E0244D1 set configuration 0: [6715b0c2-2cac-4432-b20f-e5b2d82a5ebf:192.168.157.195:38481], old=null at 0
2019-09-12 11:42:53,104 [Thread-1521] INFO  impl.FollowerState (FollowerState.java:run(106)) - 6715b0c2-2cac-4432-b20f-e5b2d82a5ebf:group-F72BA229B1CF changes to CANDIDATE, lastRpcTime:5098, electionTimeout:5098ms
2019-09-12 11:42:53,104 [Thread-1521] INFO  impl.RoleInfo (RoleInfo.java:shutdownFollowerState(121)) - 6715b0c2-2cac-4432-b20f-e5b2d82a5ebf: shutdown FollowerState
2019-09-12 11:42:53,104 [Thread-1521] INFO  impl.RaftServerImpl (RaftServerImpl.java:setRole(171)) - 6715b0c2-2cac-4432-b20f-e5b2d82a5ebf:group-F72BA229B1CF changes role from FOLLOWER to CANDIDATE at term 0 for changeToCandidate
2019-09-12 11:42:53,104 [Thread-1521] INFO  impl.RoleInfo (RoleInfo.java:updateAndGet(143)) - 6715b0c2-2cac-4432-b20f-e5b2d82a5ebf: start LeaderElection
2019-09-12 11:42:53,107 [Thread-1518] INFO  impl.FollowerState (FollowerState.java:run(106)) - 6715b0c2-2cac-4432-b20f-e5b2d82a5ebf:group-0AF73B41127E changes to CANDIDATE, lastRpcTime:5142, electionTimeout:5142ms
2019-09-12 11:42:53,107 [Thread-1518] INFO  impl.RoleInfo (RoleInfo.java:shutdownFollowerState(121)) - 6715b0c2-2cac-4432-b20f-e5b2d82a5ebf: shutdown FollowerState
2019-09-12 11:42:53,107 [Thread-1518] INFO  impl.RaftServerImpl (RaftServerImpl.java:setRole(171)) - 6715b0c2-2cac-4432-b20f-e5b2d82a5ebf:group-0AF73B41127E changes role from FOLLOWER to CANDIDATE at term 0 for changeToCandidate
2019-09-12 11:42:53,107 [Thread-1518] INFO  impl.RoleInfo (RoleInfo.java:updateAndGet(143)) - 6715b0c2-2cac-4432-b20f-e5b2d82a5ebf: start LeaderElection
2019-09-12 11:42:53,109 [6715b0c2-2cac-4432-b20f-e5b2d82a5ebf-SegmentedRaftLogWorker:Storage Directory /workdir/hadoop-ozone/ozonefs/target/test-dir/MiniOzoneClusterImpl-e692d26f-e14c-4f96-93da-7a5844c944d0/datanode-0/data/ratis/a72210bb-ec1c-417f-a204-335d2e0244d1] INFO  segmented.SegmentedRaftLogWorker (SegmentedRaftLogWorker.java:execute(569)) - 6715b0c2-2cac-4432-b20f-e5b2d82a5ebf-SegmentedRaftLogWorker:Storage Directory /workdir/hadoop-ozone/ozonefs/target/test-dir/MiniOzoneClusterImpl-e692d26f-e14c-4f96-93da-7a5844c944d0/datanode-0/data/ratis/a72210bb-ec1c-417f-a204-335d2e0244d1: created new log segment /workdir/hadoop-ozone/ozonefs/target/test-dir/MiniOzoneClusterImpl-e692d26f-e14c-4f96-93da-7a5844c944d0/datanode-0/data/ratis/a72210bb-ec1c-417f-a204-335d2e0244d1/current/log_inprogress_0
2019-09-12 11:42:53,111 [Thread-1530] INFO  impl.FollowerState (FollowerState.java:run(106)) - ad30ec37-d18e-401b-ae2e-6142b59ef57e:group-4A71D00468F1 changes to CANDIDATE, lastRpcTime:5019, electionTimeout:5019ms
2019-09-12 11:42:53,111 [Thread-1530] INFO  impl.RoleInfo (RoleInfo.java:shutdownFollowerState(121)) - ad30ec37-d18e-401b-ae2e-6142b59ef57e: shutdown FollowerState
2019-09-12 11:42:53,111 [Thread-1530] INFO  impl.RaftServerImpl (RaftServerImpl.java:setRole(171)) - ad30ec37-d18e-401b-ae2e-6142b59ef57e:group-4A71D00468F1 changes role from FOLLOWER to CANDIDATE at term 0 for changeToCandidate
2019-09-12 11:42:53,111 [Thread-1530] INFO  impl.RoleInfo (RoleInfo.java:updateAndGet(143)) - ad30ec37-d18e-401b-ae2e-6142b59ef57e: start LeaderElection
2019-09-12 11:42:53,121 [ad30ec37-d18e-401b-ae2e-6142b59ef57e:group-4A71D00468F1:LeaderElection95] INFO  impl.LeaderElection (LeaderElection.java:askForVotes(181)) - ad30ec37-d18e-401b-ae2e-6142b59ef57e:group-4A71D00468F1:LeaderElection95: begin an election at term 1 for -1: [ad30ec37-d18e-401b-ae2e-6142b59ef57e:192.168.157.195:33926], old=null
2019-09-12 11:42:53,121 [6715b0c2-2cac-4432-b20f-e5b2d82a5ebf:group-0AF73B41127E:LeaderElection94] INFO  impl.LeaderElection (LeaderElection.java:askForVotes(181)) - 6715b0c2-2cac-4432-b20f-e5b2d82a5ebf:group-0AF73B41127E:LeaderElection94: begin an election at term 1 for -1: [6715b0c2-2cac-4432-b20f-e5b2d82a5ebf:192.168.157.195:38481], old=null
2019-09-12 11:42:53,121 [ad30ec37-d18e-401b-ae2e-6142b59ef57e:group-4A71D00468F1:LeaderElection95] INFO  impl.RoleInfo (RoleInfo.java:shutdownLeaderElection(134)) - ad30ec37-d18e-401b-ae2e-6142b59ef57e: shutdown LeaderElection
2019-09-12 11:42:53,121 [6715b0c2-2cac-4432-b20f-e5b2d82a5ebf:group-F72BA229B1CF:LeaderElection93] INFO  impl.LeaderElection (LeaderElection.java:askForVotes(181)) - 6715b0c2-2cac-4432-b20f-e5b2d82a5ebf:group-F72BA229B1CF:LeaderElection93: begin an election at term 1 for -1: [6715b0c2-2cac-4432-b20f-e5b2d82a5ebf:192.168.157.195:38481], old=null
2019-09-12 11:42:53,121 [ad30ec37-d18e-401b-ae2e-6142b59ef57e:group-4A71D00468F1:LeaderElection95] INFO  impl.RaftServerImpl (RaftServerImpl.java:setRole(171)) - ad30ec37-d18e-401b-ae2e-6142b59ef57e:group-4A71D00468F1 changes role from CANDIDATE to LEADER at term 1 for changeToLeader
2019-09-12 11:42:53,122 [ad30ec37-d18e-401b-ae2e-6142b59ef57e:group-4A71D00468F1:LeaderElection95] INFO  impl.RaftServerImpl (ServerState.java:setLeader(263)) - ad30ec37-d18e-401b-ae2e-6142b59ef57e:group-4A71D00468F1 change Leader from null to ad30ec37-d18e-401b-ae2e-6142b59ef57e at term 1 for becomeLeader, leader elected after 5033ms
2019-09-12 11:42:53,121 [6715b0c2-2cac-4432-b20f-e5b2d82a5ebf:group-0AF73B41127E:LeaderElection94] INFO  impl.RoleInfo (RoleInfo.java:shutdownLeaderElection(134)) - 6715b0c2-2cac-4432-b20f-e5b2d82a5ebf: shutdown LeaderElection
2019-09-12 11:42:53,122 [ad30ec37-d18e-401b-ae2e-6142b59ef57e:group-4A71D00468F1:LeaderElection95] INFO  server.RaftServerConfigKeys (ConfUtils.java:logGet(43)) - raft.server.staging.catchup.gap = 1000 (default)
2019-09-12 11:42:53,122 [6715b0c2-2cac-4432-b20f-e5b2d82a5ebf:group-F72BA229B1CF:LeaderElection93] INFO  impl.RoleInfo (RoleInfo.java:shutdownLeaderElection(134)) - 6715b0c2-2cac-4432-b20f-e5b2d82a5ebf: shutdown LeaderElection
2019-09-12 11:42:53,122 [ad30ec37-d18e-401b-ae2e-6142b59ef57e:group-4A71D00468F1:LeaderElection95] INFO  server.RaftServerConfigKeys (ConfUtils.java:logGet(43)) - raft.server.rpc.sleep.time = 25ms (default)
2019-09-12 11:42:53,122 [6715b0c2-2cac-4432-b20f-e5b2d82a5ebf:group-0AF73B41127E:LeaderElection94] INFO  impl.RaftServerImpl (RaftServerImpl.java:setRole(171)) - 6715b0c2-2cac-4432-b20f-e5b2d82a5ebf:group-0AF73B41127E changes role from CANDIDATE to LEADER at term 1 for changeToLeader
2019-09-12 11:42:53,122 [ad30ec37-d18e-401b-ae2e-6142b59ef57e:group-4A71D00468F1:LeaderElection95] INFO  server.RaftServerConfigKeys (ConfUtils.java:logGet(43)) - raft.server.write.element-limit = 4096 (default)
2019-09-12 11:42:53,122 [6715b0c2-2cac-4432-b20f-e5b2d82a5ebf:group-F72BA229B1CF:LeaderElection93] INFO  impl.RaftServerImpl (RaftServerImpl.java:setRole(171)) - 6715b0c2-2cac-4432-b20f-e5b2d82a5ebf:group-F72BA229B1CF changes role from CANDIDATE to LEADER at term 1 for changeToLeader
2019-09-12 11:42:53,122 [ad30ec37-d18e-401b-ae2e-6142b59ef57e:group-4A71D00468F1:LeaderElection95] INFO  server.RaftServerConfigKeys (ConfUtils.java:logGet(43)) - raft.server.watch.timeout = 10s (default)
2019-09-12 11:42:53,122 [6715b0c2-2cac-4432-b20f-e5b2d82a5ebf:group-0AF73B41127E:LeaderElection94] INFO  impl.RaftServerImpl (ServerState.java:setLeader(263)) - 6715b0c2-2cac-4432-b20f-e5b2d82a5ebf:group-0AF73B41127E change Leader from null to 6715b0c2-2cac-4432-b20f-e5b2d82a5ebf at term 1 for becomeLeader, leader elected after 5161ms
2019-09-12 11:42:53,123 [ad30ec37-d18e-401b-ae2e-6142b59ef57e:group-4A71D00468F1:LeaderElection95] INFO  server.RaftServerConfigKeys (ConfUtils.java:logGet(43)) - raft.server.watch.timeout.denomination = 1s (default)
2019-09-12 11:42:53,123 [6715b0c2-2cac-4432-b20f-e5b2d82a5ebf:group-F72BA229B1CF:LeaderElection93] INFO  impl.RaftServerImpl (ServerState.java:setLeader(263)) - 6715b0c2-2cac-4432-b20f-e5b2d82a5ebf:group-F72BA229B1CF change Leader from null to 6715b0c2-2cac-4432-b20f-e5b2d82a5ebf at term 1 for becomeLeader, leader elected after 5120ms
2019-09-12 11:42:53,123 [ad30ec37-d18e-401b-ae2e-6142b59ef57e:group-4A71D00468F1:LeaderElection95] INFO  server.RaftServerConfigKeys (ConfUtils.java:logGet(43)) - raft.server.watch.element-limit = 65536 (default)
2019-09-12 11:42:53,123 [6715b0c2-2cac-4432-b20f-e5b2d82a5ebf:group-0AF73B41127E:LeaderElection94] INFO  server.RaftServerConfigKeys (ConfUtils.java:logGet(43)) - raft.server.staging.catchup.gap = 1000 (default)
2019-09-12 11:42:53,123 [ad30ec37-d18e-401b-ae2e-6142b59ef57e:group-4A71D00468F1:LeaderElection95] INFO  impl.RoleInfo (RoleInfo.java:updateAndGet(143)) - ad30ec37-d18e-401b-ae2e-6142b59ef57e: start LeaderState
2019-09-12 11:42:53,123 [6715b0c2-2cac-4432-b20f-e5b2d82a5ebf:group-F72BA229B1CF:LeaderElection93] INFO  server.RaftServerConfigKeys (ConfUtils.java:logGet(43)) - raft.server.staging.catchup.gap = 1000 (default)
2019-09-12 11:42:53,123 [6715b0c2-2cac-4432-b20f-e5b2d82a5ebf:group-0AF73B41127E:LeaderElection94] INFO  server.RaftServerConfigKeys (ConfUtils.java:logGet(43)) - raft.server.rpc.sleep.time = 25ms (default)
2019-09-12 11:42:53,123 [6715b0c2-2cac-4432-b20f-e5b2d82a5ebf:group-F72BA229B1CF:LeaderElection93] INFO  server.RaftServerConfigKeys (ConfUtils.java:logGet(43)) - raft.server.rpc.sleep.time = 25ms (default)
2019-09-12 11:42:53,123 [ad30ec37-d18e-401b-ae2e-6142b59ef57e:group-4A71D00468F1:LeaderElection95] INFO  segmented.SegmentedRaftLogWorker (SegmentedRaftLogWorker.java:startLogSegment(380)) - ad30ec37-d18e-401b-ae2e-6142b59ef57e-SegmentedRaftLogWorker:Storage Directory /workdir/hadoop-ozone/ozonefs/target/test-dir/MiniOzoneClusterImpl-e692d26f-e14c-4f96-93da-7a5844c944d0/datanode-1/data/ratis/1796e9a8-3a31-4978-ae9a-4a71d00468f1: Starting segment from index:0
2019-09-12 11:42:53,124 [6715b0c2-2cac-4432-b20f-e5b2d82a5ebf:group-F72BA229B1CF:LeaderElection93] INFO  server.RaftServerConfigKeys (ConfUtils.java:logGet(43)) - raft.server.write.element-limit = 4096 (default)
2019-09-12 11:42:53,124 [6715b0c2-2cac-4432-b20f-e5b2d82a5ebf:group-0AF73B41127E:LeaderElection94] INFO  server.RaftServerConfigKeys (ConfUtils.java:logGet(43)) - raft.server.write.element-limit = 4096 (default)
2019-09-12 11:42:53,124 [6715b0c2-2cac-4432-b20f-e5b2d82a5ebf:group-F72BA229B1CF:LeaderElection93] INFO  server.RaftServerConfigKeys (ConfUtils.java:logGet(43)) - raft.server.watch.timeout = 10s (default)
2019-09-12 11:42:53,124 [6715b0c2-2cac-4432-b20f-e5b2d82a5ebf:group-0AF73B41127E:LeaderElection94] INFO  server.RaftServerConfigKeys (ConfUtils.java:logGet(43)) - raft.server.watch.timeout = 10s (default)
2019-09-12 11:42:53,124 [6715b0c2-2cac-4432-b20f-e5b2d82a5ebf:group-F72BA229B1CF:LeaderElection93] INFO  server.RaftServerConfigKeys (ConfUtils.java:logGet(43)) - raft.server.watch.timeout.denomination = 1s (default)
2019-09-12 11:42:53,124 [ad30ec37-d18e-401b-ae2e-6142b59ef57e:group-4A71D00468F1:LeaderElection95] INFO  impl.RaftServerImpl (ServerState.java:setRaftConf(361)) - ad30ec37-d18e-401b-ae2e-6142b59ef57e:group-4A71D00468F1 set configuration 0: [ad30ec37-d18e-401b-ae2e-6142b59ef57e:192.168.157.195:33926], old=null at 0
2019-09-12 11:42:53,125 [6715b0c2-2cac-4432-b20f-e5b2d82a5ebf:group-F72BA229B1CF:LeaderElection93] INFO  server.RaftServerConfigKeys (ConfUtils.java:logGet(43)) - raft.server.watch.element-limit = 65536 (default)
2019-09-12 11:42:53,124 [6715b0c2-2cac-4432-b20f-e5b2d82a5ebf:group-0AF73B41127E:LeaderElection94] INFO  server.RaftServerConfigKeys (ConfUtils.java:logGet(43)) - raft.server.watch.timeout.denomination = 1s (default)
2019-09-12 11:42:53,125 [6715b0c2-2cac-4432-b20f-e5b2d82a5ebf:group-F72BA229B1CF:LeaderElection93] INFO  impl.RoleInfo (RoleInfo.java:updateAndGet(143)) - 6715b0c2-2cac-4432-b20f-e5b2d82a5ebf: start LeaderState
2019-09-12 11:42:53,125 [6715b0c2-2cac-4432-b20f-e5b2d82a5ebf:group-0AF73B41127E:LeaderElection94] INFO  server.RaftServerConfigKeys (ConfUtils.java:logGet(43)) - raft.server.watch.element-limit = 65536 (default)
2019-09-12 11:42:53,125 [6715b0c2-2cac-4432-b20f-e5b2d82a5ebf:group-F72BA229B1CF:LeaderElection93] INFO  segmented.SegmentedRaftLogWorker (SegmentedRaftLogWorker.java:startLogSegment(380)) - 6715b0c2-2cac-4432-b20f-e5b2d82a5ebf-SegmentedRaftLogWorker:Storage Directory /workdir/hadoop-ozone/ozonefs/target/test-dir/MiniOzoneClusterImpl-e692d26f-e14c-4f96-93da-7a5844c944d0/datanode-0/data/ratis/d9c89eae-6add-4eb4-87f5-f72ba229b1cf: Starting segment from index:0
2019-09-12 11:42:53,125 [6715b0c2-2cac-4432-b20f-e5b2d82a5ebf:group-0AF73B41127E:LeaderElection94] INFO  impl.RoleInfo (RoleInfo.java:updateAndGet(143)) - 6715b0c2-2cac-4432-b20f-e5b2d82a5ebf: start LeaderState
2019-09-12 11:42:53,125 [6715b0c2-2cac-4432-b20f-e5b2d82a5ebf:group-0AF73B41127E:LeaderElection94] INFO  segmented.SegmentedRaftLogWorker (SegmentedRaftLogWorker.java:startLogSegment(380)) - 6715b0c2-2cac-4432-b20f-e5b2d82a5ebf-SegmentedRaftLogWorker:Storage Directory /workdir/hadoop-ozone/ozonefs/target/test-dir/MiniOzoneClusterImpl-e692d26f-e14c-4f96-93da-7a5844c944d0/datanode-0/data/ratis/34a689fe-e394-4b2e-9f80-0af73b41127e: Starting segment from index:0
2019-09-12 11:42:53,126 [6715b0c2-2cac-4432-b20f-e5b2d82a5ebf:group-F72BA229B1CF:LeaderElection93] INFO  impl.RaftServerImpl (ServerState.java:setRaftConf(361)) - 6715b0c2-2cac-4432-b20f-e5b2d82a5ebf:group-F72BA229B1CF set configuration 0: [6715b0c2-2cac-4432-b20f-e5b2d82a5ebf:192.168.157.195:38481], old=null at 0
2019-09-12 11:42:53,126 [6715b0c2-2cac-4432-b20f-e5b2d82a5ebf:group-0AF73B41127E:LeaderElection94] INFO  impl.RaftServerImpl (ServerState.java:setRaftConf(361)) - 6715b0c2-2cac-4432-b20f-e5b2d82a5ebf:group-0AF73B41127E set configuration 0: [6715b0c2-2cac-4432-b20f-e5b2d82a5ebf:192.168.157.195:38481], old=null at 0
2019-09-12 11:42:53,168 [Thread-1524] INFO  impl.FollowerState (FollowerState.java:run(106)) - 6715b0c2-2cac-4432-b20f-e5b2d82a5ebf:group-E09FF3C8725B changes to CANDIDATE, lastRpcTime:5122, electionTimeout:5122ms
2019-09-12 11:42:53,168 [Thread-1524] INFO  impl.RoleInfo (RoleInfo.java:shutdownFollowerState(121)) - 6715b0c2-2cac-4432-b20f-e5b2d82a5ebf: shutdown FollowerState
2019-09-12 11:42:53,168 [Thread-1524] INFO  impl.RaftServerImpl (RaftServerImpl.java:setRole(171)) - 6715b0c2-2cac-4432-b20f-e5b2d82a5ebf:group-E09FF3C8725B changes role from FOLLOWER to CANDIDATE at term 0 for changeToCandidate
2019-09-12 11:42:53,168 [Thread-1524] INFO  impl.RoleInfo (RoleInfo.java:updateAndGet(143)) - 6715b0c2-2cac-4432-b20f-e5b2d82a5ebf: start LeaderElection
2019-09-12 11:42:53,170 [6715b0c2-2cac-4432-b20f-e5b2d82a5ebf-SegmentedRaftLogWorker:Storage Directory /workdir/hadoop-ozone/ozonefs/target/test-dir/MiniOzoneClusterImpl-e692d26f-e14c-4f96-93da-7a5844c944d0/datanode-0/data/ratis/34a689fe-e394-4b2e-9f80-0af73b41127e] INFO  segmented.SegmentedRaftLogWorker (SegmentedRaftLogWorker.java:execute(569)) - 6715b0c2-2cac-4432-b20f-e5b2d82a5ebf-SegmentedRaftLogWorker:Storage Directory /workdir/hadoop-ozone/ozonefs/target/test-dir/MiniOzoneClusterImpl-e692d26f-e14c-4f96-93da-7a5844c944d0/datanode-0/data/ratis/34a689fe-e394-4b2e-9f80-0af73b41127e: created new log segment /workdir/hadoop-ozone/ozonefs/target/test-dir/MiniOzoneClusterImpl-e692d26f-e14c-4f96-93da-7a5844c944d0/datanode-0/data/ratis/34a689fe-e394-4b2e-9f80-0af73b41127e/current/log_inprogress_0
2019-09-12 11:42:53,170 [6715b0c2-2cac-4432-b20f-e5b2d82a5ebf-SegmentedRaftLogWorker:Storage Directory /workdir/hadoop-ozone/ozonefs/target/test-dir/MiniOzoneClusterImpl-e692d26f-e14c-4f96-93da-7a5844c944d0/datanode-0/data/ratis/d9c89eae-6add-4eb4-87f5-f72ba229b1cf] INFO  segmented.SegmentedRaftLogWorker (SegmentedRaftLogWorker.java:execute(569)) - 6715b0c2-2cac-4432-b20f-e5b2d82a5ebf-SegmentedRaftLogWorker:Storage Directory /workdir/hadoop-ozone/ozonefs/target/test-dir/MiniOzoneClusterImpl-e692d26f-e14c-4f96-93da-7a5844c944d0/datanode-0/data/ratis/d9c89eae-6add-4eb4-87f5-f72ba229b1cf: created new log segment /workdir/hadoop-ozone/ozonefs/target/test-dir/MiniOzoneClusterImpl-e692d26f-e14c-4f96-93da-7a5844c944d0/datanode-0/data/ratis/d9c89eae-6add-4eb4-87f5-f72ba229b1cf/current/log_inprogress_0
2019-09-12 11:42:53,170 [ad30ec37-d18e-401b-ae2e-6142b59ef57e-SegmentedRaftLogWorker:Storage Directory /workdir/hadoop-ozone/ozonefs/target/test-dir/MiniOzoneClusterImpl-e692d26f-e14c-4f96-93da-7a5844c944d0/datanode-1/data/ratis/1796e9a8-3a31-4978-ae9a-4a71d00468f1] INFO  segmented.SegmentedRaftLogWorker (SegmentedRaftLogWorker.java:execute(569)) - ad30ec37-d18e-401b-ae2e-6142b59ef57e-SegmentedRaftLogWorker:Storage Directory /workdir/hadoop-ozone/ozonefs/target/test-dir/MiniOzoneClusterImpl-e692d26f-e14c-4f96-93da-7a5844c944d0/datanode-1/data/ratis/1796e9a8-3a31-4978-ae9a-4a71d00468f1: created new log segment /workdir/hadoop-ozone/ozonefs/target/test-dir/MiniOzoneClusterImpl-e692d26f-e14c-4f96-93da-7a5844c944d0/datanode-1/data/ratis/1796e9a8-3a31-4978-ae9a-4a71d00468f1/current/log_inprogress_0
2019-09-12 11:42:53,173 [6715b0c2-2cac-4432-b20f-e5b2d82a5ebf:group-E09FF3C8725B:LeaderElection96] INFO  impl.LeaderElection (LeaderElection.java:askForVotes(181)) - 6715b0c2-2cac-4432-b20f-e5b2d82a5ebf:group-E09FF3C8725B:LeaderElection96: begin an election at term 1 for -1: [6715b0c2-2cac-4432-b20f-e5b2d82a5ebf:192.168.157.195:38481], old=null
2019-09-12 11:42:53,174 [6715b0c2-2cac-4432-b20f-e5b2d82a5ebf:group-E09FF3C8725B:LeaderElection96] INFO  impl.RoleInfo (RoleInfo.java:shutdownLeaderElection(134)) - 6715b0c2-2cac-4432-b20f-e5b2d82a5ebf: shutdown LeaderElection
2019-09-12 11:42:53,174 [6715b0c2-2cac-4432-b20f-e5b2d82a5ebf:group-E09FF3C8725B:LeaderElection96] INFO  impl.RaftServerImpl (RaftServerImpl.java:setRole(171)) - 6715b0c2-2cac-4432-b20f-e5b2d82a5ebf:group-E09FF3C8725B changes role from CANDIDATE to LEADER at term 1 for changeToLeader
2019-09-12 11:42:53,174 [6715b0c2-2cac-4432-b20f-e5b2d82a5ebf:group-E09FF3C8725B:LeaderElection96] INFO  impl.RaftServerImpl (ServerState.java:setLeader(263)) - 6715b0c2-2cac-4432-b20f-e5b2d82a5ebf:group-E09FF3C8725B change Leader from null to 6715b0c2-2cac-4432-b20f-e5b2d82a5ebf at term 1 for becomeLeader, leader elected after 5131ms
2019-09-12 11:42:53,174 [6715b0c2-2cac-4432-b20f-e5b2d82a5ebf:group-E09FF3C8725B:LeaderElection96] INFO  server.RaftServerConfigKeys (ConfUtils.java:logGet(43)) - raft.server.staging.catchup.gap = 1000 (default)
2019-09-12 11:42:53,174 [6715b0c2-2cac-4432-b20f-e5b2d82a5ebf:group-E09FF3C8725B:LeaderElection96] INFO  server.RaftServerConfigKeys (ConfUtils.java:logGet(43)) - raft.server.rpc.sleep.time = 25ms (default)
2019-09-12 11:42:53,174 [6715b0c2-2cac-4432-b20f-e5b2d82a5ebf:group-E09FF3C8725B:LeaderElection96] INFO  server.RaftServerConfigKeys (ConfUtils.java:logGet(43)) - raft.server.write.element-limit = 4096 (default)
2019-09-12 11:42:53,174 [6715b0c2-2cac-4432-b20f-e5b2d82a5ebf:group-E09FF3C8725B:LeaderElection96] INFO  server.RaftServerConfigKeys (ConfUtils.java:logGet(43)) - raft.server.watch.timeout = 10s (default)
2019-09-12 11:42:53,175 [6715b0c2-2cac-4432-b20f-e5b2d82a5ebf:group-E09FF3C8725B:LeaderElection96] INFO  server.RaftServerConfigKeys (ConfUtils.java:logGet(43)) - raft.server.watch.timeout.denomination = 1s (default)
2019-09-12 11:42:53,175 [6715b0c2-2cac-4432-b20f-e5b2d82a5ebf:group-E09FF3C8725B:LeaderElection96] INFO  server.RaftServerConfigKeys (ConfUtils.java:logGet(43)) - raft.server.watch.element-limit = 65536 (default)
2019-09-12 11:42:53,175 [6715b0c2-2cac-4432-b20f-e5b2d82a5ebf:group-E09FF3C8725B:LeaderElection96] INFO  impl.RoleInfo (RoleInfo.java:updateAndGet(143)) - 6715b0c2-2cac-4432-b20f-e5b2d82a5ebf: start LeaderState
2019-09-12 11:42:53,175 [6715b0c2-2cac-4432-b20f-e5b2d82a5ebf:group-E09FF3C8725B:LeaderElection96] INFO  segmented.SegmentedRaftLogWorker (SegmentedRaftLogWorker.java:startLogSegment(380)) - 6715b0c2-2cac-4432-b20f-e5b2d82a5ebf-SegmentedRaftLogWorker:Storage Directory /workdir/hadoop-ozone/ozonefs/target/test-dir/MiniOzoneClusterImpl-e692d26f-e14c-4f96-93da-7a5844c944d0/datanode-0/data/ratis/a825f36f-9fe6-41b3-a6fd-e09ff3c8725b: Starting segment from index:0
2019-09-12 11:42:53,175 [6715b0c2-2cac-4432-b20f-e5b2d82a5ebf:group-E09FF3C8725B:LeaderElection96] INFO  impl.RaftServerImpl (ServerState.java:setRaftConf(361)) - 6715b0c2-2cac-4432-b20f-e5b2d82a5ebf:group-E09FF3C8725B set configuration 0: [6715b0c2-2cac-4432-b20f-e5b2d82a5ebf:192.168.157.195:38481], old=null at 0
2019-09-12 11:42:53,205 [6715b0c2-2cac-4432-b20f-e5b2d82a5ebf-SegmentedRaftLogWorker:Storage Directory /workdir/hadoop-ozone/ozonefs/target/test-dir/MiniOzoneClusterImpl-e692d26f-e14c-4f96-93da-7a5844c944d0/datanode-0/data/ratis/a825f36f-9fe6-41b3-a6fd-e09ff3c8725b] INFO  segmented.SegmentedRaftLogWorker (SegmentedRaftLogWorker.java:execute(569)) - 6715b0c2-2cac-4432-b20f-e5b2d82a5ebf-SegmentedRaftLogWorker:Storage Directory /workdir/hadoop-ozone/ozonefs/target/test-dir/MiniOzoneClusterImpl-e692d26f-e14c-4f96-93da-7a5844c944d0/datanode-0/data/ratis/a825f36f-9fe6-41b3-a6fd-e09ff3c8725b: created new log segment /workdir/hadoop-ozone/ozonefs/target/test-dir/MiniOzoneClusterImpl-e692d26f-e14c-4f96-93da-7a5844c944d0/datanode-0/data/ratis/a825f36f-9fe6-41b3-a6fd-e09ff3c8725b/current/log_inprogress_0
2019-09-12 11:42:53,207 [Thread-1527] INFO  impl.FollowerState (FollowerState.java:run(106)) - ad30ec37-d18e-401b-ae2e-6142b59ef57e:group-C97904A9F77E changes to CANDIDATE, lastRpcTime:5136, electionTimeout:5136ms
2019-09-12 11:42:53,207 [Thread-1527] INFO  impl.RoleInfo (RoleInfo.java:shutdownFollowerState(121)) - ad30ec37-d18e-401b-ae2e-6142b59ef57e: shutdown FollowerState
2019-09-12 11:42:53,207 [Thread-1527] INFO  impl.RaftServerImpl (RaftServerImpl.java:setRole(171)) - ad30ec37-d18e-401b-ae2e-6142b59ef57e:group-C97904A9F77E changes role from FOLLOWER to CANDIDATE at term 0 for changeToCandidate
2019-09-12 11:42:53,207 [Thread-1527] INFO  impl.RoleInfo (RoleInfo.java:updateAndGet(143)) - ad30ec37-d18e-401b-ae2e-6142b59ef57e: start LeaderElection
2019-09-12 11:42:53,212 [ad30ec37-d18e-401b-ae2e-6142b59ef57e:group-C97904A9F77E:LeaderElection97] INFO  impl.LeaderElection (LeaderElection.java:askForVotes(181)) - ad30ec37-d18e-401b-ae2e-6142b59ef57e:group-C97904A9F77E:LeaderElection97: begin an election at term 1 for -1: [ad30ec37-d18e-401b-ae2e-6142b59ef57e:192.168.157.195:33926], old=null
2019-09-12 11:42:53,212 [ad30ec37-d18e-401b-ae2e-6142b59ef57e:group-C97904A9F77E:LeaderElection97] INFO  impl.RoleInfo (RoleInfo.java:shutdownLeaderElection(134)) - ad30ec37-d18e-401b-ae2e-6142b59ef57e: shutdown LeaderElection
2019-09-12 11:42:53,212 [ad30ec37-d18e-401b-ae2e-6142b59ef57e:group-C97904A9F77E:LeaderElection97] INFO  impl.RaftServerImpl (RaftServerImpl.java:setRole(171)) - ad30ec37-d18e-401b-ae2e-6142b59ef57e:group-C97904A9F77E changes role from CANDIDATE to LEADER at term 1 for changeToLeader
2019-09-12 11:42:53,212 [ad30ec37-d18e-401b-ae2e-6142b59ef57e:group-C97904A9F77E:LeaderElection97] INFO  impl.RaftServerImpl (ServerState.java:setLeader(263)) - ad30ec37-d18e-401b-ae2e-6142b59ef57e:group-C97904A9F77E change Leader from null to ad30ec37-d18e-401b-ae2e-6142b59ef57e at term 1 for becomeLeader, leader elected after 5145ms
2019-09-12 11:42:53,212 [ad30ec37-d18e-401b-ae2e-6142b59ef57e:group-C97904A9F77E:LeaderElection97] INFO  server.RaftServerConfigKeys (ConfUtils.java:logGet(43)) - raft.server.staging.catchup.gap = 1000 (default)
2019-09-12 11:42:53,212 [ad30ec37-d18e-401b-ae2e-6142b59ef57e:group-C97904A9F77E:LeaderElection97] INFO  server.RaftServerConfigKeys (ConfUtils.java:logGet(43)) - raft.server.rpc.sleep.time = 25ms (default)
2019-09-12 11:42:53,212 [ad30ec37-d18e-401b-ae2e-6142b59ef57e:group-C97904A9F77E:LeaderElection97] INFO  server.RaftServerConfigKeys (ConfUtils.java:logGet(43)) - raft.server.write.element-limit = 4096 (default)
2019-09-12 11:42:53,212 [ad30ec37-d18e-401b-ae2e-6142b59ef57e:group-C97904A9F77E:LeaderElection97] INFO  server.RaftServerConfigKeys (ConfUtils.java:logGet(43)) - raft.server.watch.timeout = 10s (default)
2019-09-12 11:42:53,212 [ad30ec37-d18e-401b-ae2e-6142b59ef57e:group-C97904A9F77E:LeaderElection97] INFO  server.RaftServerConfigKeys (ConfUtils.java:logGet(43)) - raft.server.watch.timeout.denomination = 1s (default)
2019-09-12 11:42:53,213 [ad30ec37-d18e-401b-ae2e-6142b59ef57e:group-C97904A9F77E:LeaderElection97] INFO  server.RaftServerConfigKeys (ConfUtils.java:logGet(43)) - raft.server.watch.element-limit = 65536 (default)
2019-09-12 11:42:53,213 [ad30ec37-d18e-401b-ae2e-6142b59ef57e:group-C97904A9F77E:LeaderElection97] INFO  impl.RoleInfo (RoleInfo.java:updateAndGet(143)) - ad30ec37-d18e-401b-ae2e-6142b59ef57e: start LeaderState
2019-09-12 11:42:53,213 [ad30ec37-d18e-401b-ae2e-6142b59ef57e:group-C97904A9F77E:LeaderElection97] INFO  segmented.SegmentedRaftLogWorker (SegmentedRaftLogWorker.java:startLogSegment(380)) - ad30ec37-d18e-401b-ae2e-6142b59ef57e-SegmentedRaftLogWorker:Storage Directory /workdir/hadoop-ozone/ozonefs/target/test-dir/MiniOzoneClusterImpl-e692d26f-e14c-4f96-93da-7a5844c944d0/datanode-1/data/ratis/61d73440-5e2f-4f71-a2f2-c97904a9f77e: Starting segment from index:0
2019-09-12 11:42:53,213 [ad30ec37-d18e-401b-ae2e-6142b59ef57e:group-C97904A9F77E:LeaderElection97] INFO  impl.RaftServerImpl (ServerState.java:setRaftConf(361)) - ad30ec37-d18e-401b-ae2e-6142b59ef57e:group-C97904A9F77E set configuration 0: [ad30ec37-d18e-401b-ae2e-6142b59ef57e:192.168.157.195:33926], old=null at 0
2019-09-12 11:42:53,239 | INFO  | SCMAudit | user=jenkins1000 | ip=192.168.157.195 | op=SEND_HEARTBEAT {datanodeUUID=09dcba98-4a13-46c9-a161-8b5a08f93115, command=[]} | ret=SUCCESS |  
2019-09-12 11:42:53,276 [ad30ec37-d18e-401b-ae2e-6142b59ef57e-SegmentedRaftLogWorker:Storage Directory /workdir/hadoop-ozone/ozonefs/target/test-dir/MiniOzoneClusterImpl-e692d26f-e14c-4f96-93da-7a5844c944d0/datanode-1/data/ratis/61d73440-5e2f-4f71-a2f2-c97904a9f77e] INFO  segmented.SegmentedRaftLogWorker (SegmentedRaftLogWorker.java:execute(569)) - ad30ec37-d18e-401b-ae2e-6142b59ef57e-SegmentedRaftLogWorker:Storage Directory /workdir/hadoop-ozone/ozonefs/target/test-dir/MiniOzoneClusterImpl-e692d26f-e14c-4f96-93da-7a5844c944d0/datanode-1/data/ratis/61d73440-5e2f-4f71-a2f2-c97904a9f77e: created new log segment /workdir/hadoop-ozone/ozonefs/target/test-dir/MiniOzoneClusterImpl-e692d26f-e14c-4f96-93da-7a5844c944d0/datanode-1/data/ratis/61d73440-5e2f-4f71-a2f2-c97904a9f77e/current/log_inprogress_0
2019-09-12 11:42:53,286 [Thread-1533] INFO  impl.FollowerState (FollowerState.java:run(106)) - ad30ec37-d18e-401b-ae2e-6142b59ef57e:group-3648E9DCB6F7 changes to CANDIDATE, lastRpcTime:5164, electionTimeout:5164ms
2019-09-12 11:42:53,286 [Thread-1533] INFO  impl.RoleInfo (RoleInfo.java:shutdownFollowerState(121)) - ad30ec37-d18e-401b-ae2e-6142b59ef57e: shutdown FollowerState
2019-09-12 11:42:53,286 [Thread-1533] INFO  impl.RaftServerImpl (RaftServerImpl.java:setRole(171)) - ad30ec37-d18e-401b-ae2e-6142b59ef57e:group-3648E9DCB6F7 changes role from FOLLOWER to CANDIDATE at term 0 for changeToCandidate
2019-09-12 11:42:53,286 [Thread-1533] INFO  impl.RoleInfo (RoleInfo.java:updateAndGet(143)) - ad30ec37-d18e-401b-ae2e-6142b59ef57e: start LeaderElection
2019-09-12 11:42:53,301 [ad30ec37-d18e-401b-ae2e-6142b59ef57e:group-3648E9DCB6F7:LeaderElection98] INFO  impl.LeaderElection (LeaderElection.java:askForVotes(181)) - ad30ec37-d18e-401b-ae2e-6142b59ef57e:group-3648E9DCB6F7:LeaderElection98: begin an election at term 1 for -1: [ad30ec37-d18e-401b-ae2e-6142b59ef57e:192.168.157.195:33926], old=null
2019-09-12 11:42:53,301 [ad30ec37-d18e-401b-ae2e-6142b59ef57e:group-3648E9DCB6F7:LeaderElection98] INFO  impl.RoleInfo (RoleInfo.java:shutdownLeaderElection(134)) - ad30ec37-d18e-401b-ae2e-6142b59ef57e: shutdown LeaderElection
2019-09-12 11:42:53,301 [ad30ec37-d18e-401b-ae2e-6142b59ef57e:group-3648E9DCB6F7:LeaderElection98] INFO  impl.RaftServerImpl (RaftServerImpl.java:setRole(171)) - ad30ec37-d18e-401b-ae2e-6142b59ef57e:group-3648E9DCB6F7 changes role from CANDIDATE to LEADER at term 1 for changeToLeader
2019-09-12 11:42:53,301 [ad30ec37-d18e-401b-ae2e-6142b59ef57e:group-3648E9DCB6F7:LeaderElection98] INFO  impl.RaftServerImpl (ServerState.java:setLeader(263)) - ad30ec37-d18e-401b-ae2e-6142b59ef57e:group-3648E9DCB6F7 change Leader from null to ad30ec37-d18e-401b-ae2e-6142b59ef57e at term 1 for becomeLeader, leader elected after 5182ms
2019-09-12 11:42:53,301 [ad30ec37-d18e-401b-ae2e-6142b59ef57e:group-3648E9DCB6F7:LeaderElection98] INFO  server.RaftServerConfigKeys (ConfUtils.java:logGet(43)) - raft.server.staging.catchup.gap = 1000 (default)
2019-09-12 11:42:53,302 [ad30ec37-d18e-401b-ae2e-6142b59ef57e:group-3648E9DCB6F7:LeaderElection98] INFO  server.RaftServerConfigKeys (ConfUtils.java:logGet(43)) - raft.server.rpc.sleep.time = 25ms (default)
2019-09-12 11:42:53,302 [ad30ec37-d18e-401b-ae2e-6142b59ef57e:group-3648E9DCB6F7:LeaderElection98] INFO  server.RaftServerConfigKeys (ConfUtils.java:logGet(43)) - raft.server.write.element-limit = 4096 (default)
2019-09-12 11:42:53,302 [Thread-1536] INFO  impl.FollowerState (FollowerState.java:run(106)) - ad30ec37-d18e-401b-ae2e-6142b59ef57e:group-831FDA0C70B8 changes to CANDIDATE, lastRpcTime:5137, electionTimeout:5137ms
2019-09-12 11:42:53,302 [ad30ec37-d18e-401b-ae2e-6142b59ef57e:group-3648E9DCB6F7:LeaderElection98] INFO  server.RaftServerConfigKeys (ConfUtils.java:logGet(43)) - raft.server.watch.timeout = 10s (default)
2019-09-12 11:42:53,302 [Thread-1536] INFO  impl.RoleInfo (RoleInfo.java:shutdownFollowerState(121)) - ad30ec37-d18e-401b-ae2e-6142b59ef57e: shutdown FollowerState
2019-09-12 11:42:53,302 [ad30ec37-d18e-401b-ae2e-6142b59ef57e:group-3648E9DCB6F7:LeaderElection98] INFO  server.RaftServerConfigKeys (ConfUtils.java:logGet(43)) - raft.server.watch.timeout.denomination = 1s (default)
2019-09-12 11:42:53,302 [Thread-1536] INFO  impl.RaftServerImpl (RaftServerImpl.java:setRole(171)) - ad30ec37-d18e-401b-ae2e-6142b59ef57e:group-831FDA0C70B8 changes role from FOLLOWER to CANDIDATE at term 0 for changeToCandidate
2019-09-12 11:42:53,303 [ad30ec37-d18e-401b-ae2e-6142b59ef57e:group-3648E9DCB6F7:LeaderElection98] INFO  server.RaftServerConfigKeys (ConfUtils.java:logGet(43)) - raft.server.watch.element-limit = 65536 (default)
2019-09-12 11:42:53,303 [Thread-1536] INFO  impl.RoleInfo (RoleInfo.java:updateAndGet(143)) - ad30ec37-d18e-401b-ae2e-6142b59ef57e: start LeaderElection
2019-09-12 11:42:53,303 [ad30ec37-d18e-401b-ae2e-6142b59ef57e:group-3648E9DCB6F7:LeaderElection98] INFO  impl.RoleInfo (RoleInfo.java:updateAndGet(143)) - ad30ec37-d18e-401b-ae2e-6142b59ef57e: start LeaderState
2019-09-12 11:42:53,303 [ad30ec37-d18e-401b-ae2e-6142b59ef57e:group-3648E9DCB6F7:LeaderElection98] INFO  segmented.SegmentedRaftLogWorker (SegmentedRaftLogWorker.java:startLogSegment(380)) - ad30ec37-d18e-401b-ae2e-6142b59ef57e-SegmentedRaftLogWorker:Storage Directory /workdir/hadoop-ozone/ozonefs/target/test-dir/MiniOzoneClusterImpl-e692d26f-e14c-4f96-93da-7a5844c944d0/datanode-1/data/ratis/bef8a0a6-b27f-425f-833c-3648e9dcb6f7: Starting segment from index:0
2019-09-12 11:42:53,305 [ad30ec37-d18e-401b-ae2e-6142b59ef57e:group-3648E9DCB6F7:LeaderElection98] INFO  impl.RaftServerImpl (ServerState.java:setRaftConf(361)) - ad30ec37-d18e-401b-ae2e-6142b59ef57e:group-3648E9DCB6F7 set configuration 0: [ad30ec37-d18e-401b-ae2e-6142b59ef57e:192.168.157.195:33926], old=null at 0
2019-09-12 11:42:53,318 [ad30ec37-d18e-401b-ae2e-6142b59ef57e:group-831FDA0C70B8:LeaderElection99] INFO  impl.LeaderElection (LeaderElection.java:askForVotes(181)) - ad30ec37-d18e-401b-ae2e-6142b59ef57e:group-831FDA0C70B8:LeaderElection99: begin an election at term 1 for -1: [ad30ec37-d18e-401b-ae2e-6142b59ef57e:192.168.157.195:33926], old=null
2019-09-12 11:42:53,318 [ad30ec37-d18e-401b-ae2e-6142b59ef57e:group-831FDA0C70B8:LeaderElection99] INFO  impl.RoleInfo (RoleInfo.java:shutdownLeaderElection(134)) - ad30ec37-d18e-401b-ae2e-6142b59ef57e: shutdown LeaderElection
2019-09-12 11:42:53,318 [ad30ec37-d18e-401b-ae2e-6142b59ef57e:group-831FDA0C70B8:LeaderElection99] INFO  impl.RaftServerImpl (RaftServerImpl.java:setRole(171)) - ad30ec37-d18e-401b-ae2e-6142b59ef57e:group-831FDA0C70B8 changes role from CANDIDATE to LEADER at term 1 for changeToLeader
2019-09-12 11:42:53,318 [ad30ec37-d18e-401b-ae2e-6142b59ef57e:group-831FDA0C70B8:LeaderElection99] INFO  impl.RaftServerImpl (ServerState.java:setLeader(263)) - ad30ec37-d18e-401b-ae2e-6142b59ef57e:group-831FDA0C70B8 change Leader from null to ad30ec37-d18e-401b-ae2e-6142b59ef57e at term 1 for becomeLeader, leader elected after 5158ms
2019-09-12 11:42:53,319 [ad30ec37-d18e-401b-ae2e-6142b59ef57e:group-831FDA0C70B8:LeaderElection99] INFO  server.RaftServerConfigKeys (ConfUtils.java:logGet(43)) - raft.server.staging.catchup.gap = 1000 (default)
2019-09-12 11:42:53,319 [ad30ec37-d18e-401b-ae2e-6142b59ef57e:group-831FDA0C70B8:LeaderElection99] INFO  server.RaftServerConfigKeys (ConfUtils.java:logGet(43)) - raft.server.rpc.sleep.time = 25ms (default)
2019-09-12 11:42:53,319 [ad30ec37-d18e-401b-ae2e-6142b59ef57e:group-831FDA0C70B8:LeaderElection99] INFO  server.RaftServerConfigKeys (ConfUtils.java:logGet(43)) - raft.server.write.element-limit = 4096 (default)
2019-09-12 11:42:53,319 [ad30ec37-d18e-401b-ae2e-6142b59ef57e:group-831FDA0C70B8:LeaderElection99] INFO  server.RaftServerConfigKeys (ConfUtils.java:logGet(43)) - raft.server.watch.timeout = 10s (default)
2019-09-12 11:42:53,319 [ad30ec37-d18e-401b-ae2e-6142b59ef57e:group-831FDA0C70B8:LeaderElection99] INFO  server.RaftServerConfigKeys (ConfUtils.java:logGet(43)) - raft.server.watch.timeout.denomination = 1s (default)
2019-09-12 11:42:53,319 [ad30ec37-d18e-401b-ae2e-6142b59ef57e:group-831FDA0C70B8:LeaderElection99] INFO  server.RaftServerConfigKeys (ConfUtils.java:logGet(43)) - raft.server.watch.element-limit = 65536 (default)
2019-09-12 11:42:53,320 [ad30ec37-d18e-401b-ae2e-6142b59ef57e:group-831FDA0C70B8:LeaderElection99] INFO  impl.RoleInfo (RoleInfo.java:updateAndGet(143)) - ad30ec37-d18e-401b-ae2e-6142b59ef57e: start LeaderState
2019-09-12 11:42:53,320 [ad30ec37-d18e-401b-ae2e-6142b59ef57e:group-831FDA0C70B8:LeaderElection99] INFO  segmented.SegmentedRaftLogWorker (SegmentedRaftLogWorker.java:startLogSegment(380)) - ad30ec37-d18e-401b-ae2e-6142b59ef57e-SegmentedRaftLogWorker:Storage Directory /workdir/hadoop-ozone/ozonefs/target/test-dir/MiniOzoneClusterImpl-e692d26f-e14c-4f96-93da-7a5844c944d0/datanode-1/data/ratis/86f113bf-d8f5-44ca-8dde-831fda0c70b8: Starting segment from index:0
2019-09-12 11:42:53,320 [ad30ec37-d18e-401b-ae2e-6142b59ef57e:group-831FDA0C70B8:LeaderElection99] INFO  impl.RaftServerImpl (ServerState.java:setRaftConf(361)) - ad30ec37-d18e-401b-ae2e-6142b59ef57e:group-831FDA0C70B8 set configuration 0: [ad30ec37-d18e-401b-ae2e-6142b59ef57e:192.168.157.195:33926], old=null at 0
2019-09-12 11:42:53,336 [Thread-1539] INFO  impl.FollowerState (FollowerState.java:run(106)) - 6715b0c2-2cac-4432-b20f-e5b2d82a5ebf:group-4AE864D36B6A changes to CANDIDATE, lastRpcTime:5120, electionTimeout:5120ms
2019-09-12 11:42:53,336 [Thread-1539] INFO  impl.RoleInfo (RoleInfo.java:shutdownFollowerState(121)) - 6715b0c2-2cac-4432-b20f-e5b2d82a5ebf: shutdown FollowerState
2019-09-12 11:42:53,336 [Thread-1539] INFO  impl.RaftServerImpl (RaftServerImpl.java:setRole(171)) - 6715b0c2-2cac-4432-b20f-e5b2d82a5ebf:group-4AE864D36B6A changes role from FOLLOWER to CANDIDATE at term 0 for changeToCandidate
2019-09-12 11:42:53,336 [Thread-1539] INFO  impl.RoleInfo (RoleInfo.java:updateAndGet(143)) - 6715b0c2-2cac-4432-b20f-e5b2d82a5ebf: start LeaderElection
2019-09-12 11:42:53,375 [ad30ec37-d18e-401b-ae2e-6142b59ef57e-SegmentedRaftLogWorker:Storage Directory /workdir/hadoop-ozone/ozonefs/target/test-dir/MiniOzoneClusterImpl-e692d26f-e14c-4f96-93da-7a5844c944d0/datanode-1/data/ratis/86f113bf-d8f5-44ca-8dde-831fda0c70b8] INFO  segmented.SegmentedRaftLogWorker (SegmentedRaftLogWorker.java:execute(569)) - ad30ec37-d18e-401b-ae2e-6142b59ef57e-SegmentedRaftLogWorker:Storage Directory /workdir/hadoop-ozone/ozonefs/target/test-dir/MiniOzoneClusterImpl-e692d26f-e14c-4f96-93da-7a5844c944d0/datanode-1/data/ratis/86f113bf-d8f5-44ca-8dde-831fda0c70b8: created new log segment /workdir/hadoop-ozone/ozonefs/target/test-dir/MiniOzoneClusterImpl-e692d26f-e14c-4f96-93da-7a5844c944d0/datanode-1/data/ratis/86f113bf-d8f5-44ca-8dde-831fda0c70b8/current/log_inprogress_0
2019-09-12 11:42:53,375 [6715b0c2-2cac-4432-b20f-e5b2d82a5ebf:group-4AE864D36B6A:LeaderElection100] INFO  impl.LeaderElection (LeaderElection.java:askForVotes(181)) - 6715b0c2-2cac-4432-b20f-e5b2d82a5ebf:group-4AE864D36B6A:LeaderElection100: begin an election at term 1 for -1: [6715b0c2-2cac-4432-b20f-e5b2d82a5ebf:192.168.157.195:38481], old=null
2019-09-12 11:42:53,375 [ad30ec37-d18e-401b-ae2e-6142b59ef57e-SegmentedRaftLogWorker:Storage Directory /workdir/hadoop-ozone/ozonefs/target/test-dir/MiniOzoneClusterImpl-e692d26f-e14c-4f96-93da-7a5844c944d0/datanode-1/data/ratis/bef8a0a6-b27f-425f-833c-3648e9dcb6f7] INFO  segmented.SegmentedRaftLogWorker (SegmentedRaftLogWorker.java:execute(569)) - ad30ec37-d18e-401b-ae2e-6142b59ef57e-SegmentedRaftLogWorker:Storage Directory /workdir/hadoop-ozone/ozonefs/target/test-dir/MiniOzoneClusterImpl-e692d26f-e14c-4f96-93da-7a5844c944d0/datanode-1/data/ratis/bef8a0a6-b27f-425f-833c-3648e9dcb6f7: created new log segment /workdir/hadoop-ozone/ozonefs/target/test-dir/MiniOzoneClusterImpl-e692d26f-e14c-4f96-93da-7a5844c944d0/datanode-1/data/ratis/bef8a0a6-b27f-425f-833c-3648e9dcb6f7/current/log_inprogress_0
2019-09-12 11:42:53,375 [6715b0c2-2cac-4432-b20f-e5b2d82a5ebf:group-4AE864D36B6A:LeaderElection100] INFO  impl.RoleInfo (RoleInfo.java:shutdownLeaderElection(134)) - 6715b0c2-2cac-4432-b20f-e5b2d82a5ebf: shutdown LeaderElection
2019-09-12 11:42:53,376 [6715b0c2-2cac-4432-b20f-e5b2d82a5ebf:group-4AE864D36B6A:LeaderElection100] INFO  impl.RaftServerImpl (RaftServerImpl.java:setRole(171)) - 6715b0c2-2cac-4432-b20f-e5b2d82a5ebf:group-4AE864D36B6A changes role from CANDIDATE to LEADER at term 1 for changeToLeader
2019-09-12 11:42:53,376 [6715b0c2-2cac-4432-b20f-e5b2d82a5ebf:group-4AE864D36B6A:LeaderElection100] INFO  impl.RaftServerImpl (ServerState.java:setLeader(263)) - 6715b0c2-2cac-4432-b20f-e5b2d82a5ebf:group-4AE864D36B6A change Leader from null to 6715b0c2-2cac-4432-b20f-e5b2d82a5ebf at term 1 for becomeLeader, leader elected after 5163ms
2019-09-12 11:42:53,376 [6715b0c2-2cac-4432-b20f-e5b2d82a5ebf:group-4AE864D36B6A:LeaderElection100] INFO  server.RaftServerConfigKeys (ConfUtils.java:logGet(43)) - raft.server.staging.catchup.gap = 1000 (default)
2019-09-12 11:42:53,376 [6715b0c2-2cac-4432-b20f-e5b2d82a5ebf:group-4AE864D36B6A:LeaderElection100] INFO  server.RaftServerConfigKeys (ConfUtils.java:logGet(43)) - raft.server.rpc.sleep.time = 25ms (default)
2019-09-12 11:42:53,376 [6715b0c2-2cac-4432-b20f-e5b2d82a5ebf:group-4AE864D36B6A:LeaderElection100] INFO  server.RaftServerConfigKeys (ConfUtils.java:logGet(43)) - raft.server.write.element-limit = 4096 (default)
2019-09-12 11:42:53,377 [6715b0c2-2cac-4432-b20f-e5b2d82a5ebf:group-4AE864D36B6A:LeaderElection100] INFO  server.RaftServerConfigKeys (ConfUtils.java:logGet(43)) - raft.server.watch.timeout = 10s (default)
2019-09-12 11:42:53,377 [6715b0c2-2cac-4432-b20f-e5b2d82a5ebf:group-4AE864D36B6A:LeaderElection100] INFO  server.RaftServerConfigKeys (ConfUtils.java:logGet(43)) - raft.server.watch.timeout.denomination = 1s (default)
2019-09-12 11:42:53,377 [6715b0c2-2cac-4432-b20f-e5b2d82a5ebf:group-4AE864D36B6A:LeaderElection100] INFO  server.RaftServerConfigKeys (ConfUtils.java:logGet(43)) - raft.server.watch.element-limit = 65536 (default)
2019-09-12 11:42:53,377 [Thread-1548] INFO  impl.FollowerState (FollowerState.java:run(106)) - ad30ec37-d18e-401b-ae2e-6142b59ef57e:group-2EF6AC57BBC4 changes to CANDIDATE, lastRpcTime:5033, electionTimeout:5033ms
2019-09-12 11:42:53,377 [6715b0c2-2cac-4432-b20f-e5b2d82a5ebf:group-4AE864D36B6A:LeaderElection100] INFO  impl.RoleInfo (RoleInfo.java:updateAndGet(143)) - 6715b0c2-2cac-4432-b20f-e5b2d82a5ebf: start LeaderState
2019-09-12 11:42:53,377 [Thread-1548] INFO  impl.RoleInfo (RoleInfo.java:shutdownFollowerState(121)) - ad30ec37-d18e-401b-ae2e-6142b59ef57e: shutdown FollowerState
2019-09-12 11:42:53,378 [Thread-1548] INFO  impl.RaftServerImpl (RaftServerImpl.java:setRole(171)) - ad30ec37-d18e-401b-ae2e-6142b59ef57e:group-2EF6AC57BBC4 changes role from FOLLOWER to CANDIDATE at term 0 for changeToCandidate
2019-09-12 11:42:53,378 [6715b0c2-2cac-4432-b20f-e5b2d82a5ebf:group-4AE864D36B6A:LeaderElection100] INFO  segmented.SegmentedRaftLogWorker (SegmentedRaftLogWorker.java:startLogSegment(380)) - 6715b0c2-2cac-4432-b20f-e5b2d82a5ebf-SegmentedRaftLogWorker:Storage Directory /workdir/hadoop-ozone/ozonefs/target/test-dir/MiniOzoneClusterImpl-e692d26f-e14c-4f96-93da-7a5844c944d0/datanode-0/data/ratis/492e4957-e23b-4b17-a50b-4ae864d36b6a: Starting segment from index:0
2019-09-12 11:42:53,378 [Thread-1548] INFO  impl.RoleInfo (RoleInfo.java:updateAndGet(143)) - ad30ec37-d18e-401b-ae2e-6142b59ef57e: start LeaderElection
2019-09-12 11:42:53,418 [Thread-1545] INFO  impl.FollowerState (FollowerState.java:run(106)) - 09dcba98-4a13-46c9-a161-8b5a08f93115:group-62AEA5EBEEF5 changes to CANDIDATE, lastRpcTime:5115, electionTimeout:5081ms
2019-09-12 11:42:53,418 [Thread-1545] INFO  impl.RoleInfo (RoleInfo.java:shutdownFollowerState(121)) - 09dcba98-4a13-46c9-a161-8b5a08f93115: shutdown FollowerState
2019-09-12 11:42:53,418 [6715b0c2-2cac-4432-b20f-e5b2d82a5ebf:group-4AE864D36B6A:LeaderElection100] INFO  impl.RaftServerImpl (ServerState.java:setRaftConf(361)) - 6715b0c2-2cac-4432-b20f-e5b2d82a5ebf:group-4AE864D36B6A set configuration 0: [6715b0c2-2cac-4432-b20f-e5b2d82a5ebf:192.168.157.195:38481], old=null at 0
2019-09-12 11:42:53,418 [Thread-1545] INFO  impl.RaftServerImpl (RaftServerImpl.java:setRole(171)) - 09dcba98-4a13-46c9-a161-8b5a08f93115:group-62AEA5EBEEF5 changes role from FOLLOWER to CANDIDATE at term 0 for changeToCandidate
2019-09-12 11:42:53,419 [Thread-1545] INFO  impl.RoleInfo (RoleInfo.java:updateAndGet(143)) - 09dcba98-4a13-46c9-a161-8b5a08f93115: start LeaderElection
2019-09-12 11:42:53,432 [6715b0c2-2cac-4432-b20f-e5b2d82a5ebf-SegmentedRaftLogWorker:Storage Directory /workdir/hadoop-ozone/ozonefs/target/test-dir/MiniOzoneClusterImpl-e692d26f-e14c-4f96-93da-7a5844c944d0/datanode-0/data/ratis/492e4957-e23b-4b17-a50b-4ae864d36b6a] INFO  segmented.SegmentedRaftLogWorker (SegmentedRaftLogWorker.java:execute(569)) - 6715b0c2-2cac-4432-b20f-e5b2d82a5ebf-SegmentedRaftLogWorker:Storage Directory /workdir/hadoop-ozone/ozonefs/target/test-dir/MiniOzoneClusterImpl-e692d26f-e14c-4f96-93da-7a5844c944d0/datanode-0/data/ratis/492e4957-e23b-4b17-a50b-4ae864d36b6a: created new log segment /workdir/hadoop-ozone/ozonefs/target/test-dir/MiniOzoneClusterImpl-e692d26f-e14c-4f96-93da-7a5844c944d0/datanode-0/data/ratis/492e4957-e23b-4b17-a50b-4ae864d36b6a/current/log_inprogress_0
2019-09-12 11:42:53,432 [09dcba98-4a13-46c9-a161-8b5a08f93115:group-62AEA5EBEEF5:LeaderElection102] INFO  impl.LeaderElection (LeaderElection.java:askForVotes(181)) - 09dcba98-4a13-46c9-a161-8b5a08f93115:group-62AEA5EBEEF5:LeaderElection102: begin an election at term 1 for -1: [09dcba98-4a13-46c9-a161-8b5a08f93115:192.168.157.195:43521], old=null
2019-09-12 11:42:53,432 [ad30ec37-d18e-401b-ae2e-6142b59ef57e:group-2EF6AC57BBC4:LeaderElection101] INFO  impl.LeaderElection (LeaderElection.java:askForVotes(181)) - ad30ec37-d18e-401b-ae2e-6142b59ef57e:group-2EF6AC57BBC4:LeaderElection101: begin an election at term 1 for -1: [ad30ec37-d18e-401b-ae2e-6142b59ef57e:192.168.157.195:33926], old=null
2019-09-12 11:42:53,432 [09dcba98-4a13-46c9-a161-8b5a08f93115:group-62AEA5EBEEF5:LeaderElection102] INFO  impl.RoleInfo (RoleInfo.java:shutdownLeaderElection(134)) - 09dcba98-4a13-46c9-a161-8b5a08f93115: shutdown LeaderElection
2019-09-12 11:42:53,432 [ad30ec37-d18e-401b-ae2e-6142b59ef57e:group-2EF6AC57BBC4:LeaderElection101] INFO  impl.RoleInfo (RoleInfo.java:shutdownLeaderElection(134)) - ad30ec37-d18e-401b-ae2e-6142b59ef57e: shutdown LeaderElection
2019-09-12 11:42:53,432 [09dcba98-4a13-46c9-a161-8b5a08f93115:group-62AEA5EBEEF5:LeaderElection102] INFO  impl.RaftServerImpl (RaftServerImpl.java:setRole(171)) - 09dcba98-4a13-46c9-a161-8b5a08f93115:group-62AEA5EBEEF5 changes role from CANDIDATE to LEADER at term 1 for changeToLeader
2019-09-12 11:42:53,432 [ad30ec37-d18e-401b-ae2e-6142b59ef57e:group-2EF6AC57BBC4:LeaderElection101] INFO  impl.RaftServerImpl (RaftServerImpl.java:setRole(171)) - ad30ec37-d18e-401b-ae2e-6142b59ef57e:group-2EF6AC57BBC4 changes role from CANDIDATE to LEADER at term 1 for changeToLeader
2019-09-12 11:42:53,432 [09dcba98-4a13-46c9-a161-8b5a08f93115:group-62AEA5EBEEF5:LeaderElection102] INFO  impl.RaftServerImpl (ServerState.java:setLeader(263)) - 09dcba98-4a13-46c9-a161-8b5a08f93115:group-62AEA5EBEEF5 change Leader from null to 09dcba98-4a13-46c9-a161-8b5a08f93115 at term 1 for becomeLeader, leader elected after 5134ms
2019-09-12 11:42:53,432 [ad30ec37-d18e-401b-ae2e-6142b59ef57e:group-2EF6AC57BBC4:LeaderElection101] INFO  impl.RaftServerImpl (ServerState.java:setLeader(263)) - ad30ec37-d18e-401b-ae2e-6142b59ef57e:group-2EF6AC57BBC4 change Leader from null to ad30ec37-d18e-401b-ae2e-6142b59ef57e at term 1 for becomeLeader, leader elected after 5092ms
2019-09-12 11:42:53,433 [09dcba98-4a13-46c9-a161-8b5a08f93115:group-62AEA5EBEEF5:LeaderElection102] INFO  server.RaftServerConfigKeys (ConfUtils.java:logGet(43)) - raft.server.staging.catchup.gap = 1000 (default)
2019-09-12 11:42:53,433 [ad30ec37-d18e-401b-ae2e-6142b59ef57e:group-2EF6AC57BBC4:LeaderElection101] INFO  server.RaftServerConfigKeys (ConfUtils.java:logGet(43)) - raft.server.staging.catchup.gap = 1000 (default)
2019-09-12 11:42:53,433 [09dcba98-4a13-46c9-a161-8b5a08f93115:group-62AEA5EBEEF5:LeaderElection102] INFO  server.RaftServerConfigKeys (ConfUtils.java:logGet(43)) - raft.server.rpc.sleep.time = 25ms (default)
2019-09-12 11:42:53,433 [ad30ec37-d18e-401b-ae2e-6142b59ef57e:group-2EF6AC57BBC4:LeaderElection101] INFO  server.RaftServerConfigKeys (ConfUtils.java:logGet(43)) - raft.server.rpc.sleep.time = 25ms (default)
2019-09-12 11:42:53,433 [09dcba98-4a13-46c9-a161-8b5a08f93115:group-62AEA5EBEEF5:LeaderElection102] INFO  server.RaftServerConfigKeys (ConfUtils.java:logGet(43)) - raft.server.write.element-limit = 4096 (default)
2019-09-12 11:42:53,433 [Thread-1542] INFO  impl.FollowerState (FollowerState.java:run(106)) - ad30ec37-d18e-401b-ae2e-6142b59ef57e:group-A9DCB514B52F changes to CANDIDATE, lastRpcTime:5176, electionTimeout:5176ms
2019-09-12 11:42:53,433 [ad30ec37-d18e-401b-ae2e-6142b59ef57e:group-2EF6AC57BBC4:LeaderElection101] INFO  server.RaftServerConfigKeys (ConfUtils.java:logGet(43)) - raft.server.write.element-limit = 4096 (default)
2019-09-12 11:42:53,434 [Thread-1542] INFO  impl.RoleInfo (RoleInfo.java:shutdownFollowerState(121)) - ad30ec37-d18e-401b-ae2e-6142b59ef57e: shutdown FollowerState
2019-09-12 11:42:53,433 [09dcba98-4a13-46c9-a161-8b5a08f93115:group-62AEA5EBEEF5:LeaderElection102] INFO  server.RaftServerConfigKeys (ConfUtils.java:logGet(43)) - raft.server.watch.timeout = 10s (default)
2019-09-12 11:42:53,434 [Thread-1542] INFO  impl.RaftServerImpl (RaftServerImpl.java:setRole(171)) - ad30ec37-d18e-401b-ae2e-6142b59ef57e:group-A9DCB514B52F changes role from FOLLOWER to CANDIDATE at term 0 for changeToCandidate
2019-09-12 11:42:53,434 [ad30ec37-d18e-401b-ae2e-6142b59ef57e:group-2EF6AC57BBC4:LeaderElection101] INFO  server.RaftServerConfigKeys (ConfUtils.java:logGet(43)) - raft.server.watch.timeout = 10s (default)
2019-09-12 11:42:53,434 [Thread-1542] INFO  impl.RoleInfo (RoleInfo.java:updateAndGet(143)) - ad30ec37-d18e-401b-ae2e-6142b59ef57e: start LeaderElection
2019-09-12 11:42:53,434 [09dcba98-4a13-46c9-a161-8b5a08f93115:group-62AEA5EBEEF5:LeaderElection102] INFO  server.RaftServerConfigKeys (ConfUtils.java:logGet(43)) - raft.server.watch.timeout.denomination = 1s (default)
2019-09-12 11:42:53,434 [ad30ec37-d18e-401b-ae2e-6142b59ef57e:group-2EF6AC57BBC4:LeaderElection101] INFO  server.RaftServerConfigKeys (ConfUtils.java:logGet(43)) - raft.server.watch.timeout.denomination = 1s (default)
2019-09-12 11:42:53,435 [09dcba98-4a13-46c9-a161-8b5a08f93115:group-62AEA5EBEEF5:LeaderElection102] INFO  server.RaftServerConfigKeys (ConfUtils.java:logGet(43)) - raft.server.watch.element-limit = 65536 (default)
2019-09-12 11:42:53,436 [ad30ec37-d18e-401b-ae2e-6142b59ef57e:group-2EF6AC57BBC4:LeaderElection101] INFO  server.RaftServerConfigKeys (ConfUtils.java:logGet(43)) - raft.server.watch.element-limit = 65536 (default)
2019-09-12 11:42:53,436 [09dcba98-4a13-46c9-a161-8b5a08f93115:group-62AEA5EBEEF5:LeaderElection102] INFO  impl.RoleInfo (RoleInfo.java:updateAndGet(143)) - 09dcba98-4a13-46c9-a161-8b5a08f93115: start LeaderState
2019-09-12 11:42:53,437 [ad30ec37-d18e-401b-ae2e-6142b59ef57e:group-2EF6AC57BBC4:LeaderElection101] INFO  impl.RoleInfo (RoleInfo.java:updateAndGet(143)) - ad30ec37-d18e-401b-ae2e-6142b59ef57e: start LeaderState
2019-09-12 11:42:53,437 [09dcba98-4a13-46c9-a161-8b5a08f93115:group-62AEA5EBEEF5:LeaderElection102] INFO  segmented.SegmentedRaftLogWorker (SegmentedRaftLogWorker.java:startLogSegment(380)) - 09dcba98-4a13-46c9-a161-8b5a08f93115-SegmentedRaftLogWorker:Storage Directory /workdir/hadoop-ozone/ozonefs/target/test-dir/MiniOzoneClusterImpl-e692d26f-e14c-4f96-93da-7a5844c944d0/datanode-2/data/ratis/a2d02737-2dd6-49af-8835-62aea5ebeef5: Starting segment from index:0
2019-09-12 11:42:53,437 [ad30ec37-d18e-401b-ae2e-6142b59ef57e:group-2EF6AC57BBC4:LeaderElection101] INFO  segmented.SegmentedRaftLogWorker (SegmentedRaftLogWorker.java:startLogSegment(380)) - ad30ec37-d18e-401b-ae2e-6142b59ef57e-SegmentedRaftLogWorker:Storage Directory /workdir/hadoop-ozone/ozonefs/target/test-dir/MiniOzoneClusterImpl-e692d26f-e14c-4f96-93da-7a5844c944d0/datanode-1/data/ratis/7af4c930-e99e-4ec5-aa5f-2ef6ac57bbc4: Starting segment from index:0
2019-09-12 11:42:53,437 [09dcba98-4a13-46c9-a161-8b5a08f93115:group-62AEA5EBEEF5:LeaderElection102] INFO  impl.RaftServerImpl (ServerState.java:setRaftConf(361)) - 09dcba98-4a13-46c9-a161-8b5a08f93115:group-62AEA5EBEEF5 set configuration 0: [09dcba98-4a13-46c9-a161-8b5a08f93115:192.168.157.195:43521], old=null at 0
2019-09-12 11:42:53,438 [ad30ec37-d18e-401b-ae2e-6142b59ef57e:group-2EF6AC57BBC4:LeaderElection101] INFO  impl.RaftServerImpl (ServerState.java:setRaftConf(361)) - ad30ec37-d18e-401b-ae2e-6142b59ef57e:group-2EF6AC57BBC4 set configuration 0: [ad30ec37-d18e-401b-ae2e-6142b59ef57e:192.168.157.195:33926], old=null at 0
2019-09-12 11:42:53,445 [ad30ec37-d18e-401b-ae2e-6142b59ef57e:group-A9DCB514B52F:LeaderElection103] INFO  impl.LeaderElection (LeaderElection.java:askForVotes(181)) - ad30ec37-d18e-401b-ae2e-6142b59ef57e:group-A9DCB514B52F:LeaderElection103: begin an election at term 1 for -1: [ad30ec37-d18e-401b-ae2e-6142b59ef57e:192.168.157.195:33926], old=null
2019-09-12 11:42:53,445 [ad30ec37-d18e-401b-ae2e-6142b59ef57e:group-A9DCB514B52F:LeaderElection103] INFO  impl.RoleInfo (RoleInfo.java:shutdownLeaderElection(134)) - ad30ec37-d18e-401b-ae2e-6142b59ef57e: shutdown LeaderElection
2019-09-12 11:42:53,445 [ad30ec37-d18e-401b-ae2e-6142b59ef57e:group-A9DCB514B52F:LeaderElection103] INFO  impl.RaftServerImpl (RaftServerImpl.java:setRole(171)) - ad30ec37-d18e-401b-ae2e-6142b59ef57e:group-A9DCB514B52F changes role from CANDIDATE to LEADER at term 1 for changeToLeader
2019-09-12 11:42:53,445 [ad30ec37-d18e-401b-ae2e-6142b59ef57e:group-A9DCB514B52F:LeaderElection103] INFO  impl.RaftServerImpl (ServerState.java:setLeader(263)) - ad30ec37-d18e-401b-ae2e-6142b59ef57e:group-A9DCB514B52F change Leader from null to ad30ec37-d18e-401b-ae2e-6142b59ef57e at term 1 for becomeLeader, leader elected after 5191ms
2019-09-12 11:42:53,445 [ad30ec37-d18e-401b-ae2e-6142b59ef57e:group-A9DCB514B52F:LeaderElection103] INFO  server.RaftServerConfigKeys (ConfUtils.java:logGet(43)) - raft.server.staging.catchup.gap = 1000 (default)
2019-09-12 11:42:53,445 [ad30ec37-d18e-401b-ae2e-6142b59ef57e:group-A9DCB514B52F:LeaderElection103] INFO  server.RaftServerConfigKeys (ConfUtils.java:logGet(43)) - raft.server.rpc.sleep.time = 25ms (default)
2019-09-12 11:42:53,446 [ad30ec37-d18e-401b-ae2e-6142b59ef57e:group-A9DCB514B52F:LeaderElection103] INFO  server.RaftServerConfigKeys (ConfUtils.java:logGet(43)) - raft.server.write.element-limit = 4096 (default)
2019-09-12 11:42:53,446 [ad30ec37-d18e-401b-ae2e-6142b59ef57e:group-A9DCB514B52F:LeaderElection103] INFO  server.RaftServerConfigKeys (ConfUtils.java:logGet(43)) - raft.server.watch.timeout = 10s (default)
2019-09-12 11:42:53,446 [ad30ec37-d18e-401b-ae2e-6142b59ef57e:group-A9DCB514B52F:LeaderElection103] INFO  server.RaftServerConfigKeys (ConfUtils.java:logGet(43)) - raft.server.watch.timeout.denomination = 1s (default)
2019-09-12 11:42:53,446 [ad30ec37-d18e-401b-ae2e-6142b59ef57e:group-A9DCB514B52F:LeaderElection103] INFO  server.RaftServerConfigKeys (ConfUtils.java:logGet(43)) - raft.server.watch.element-limit = 65536 (default)
2019-09-12 11:42:53,446 [ad30ec37-d18e-401b-ae2e-6142b59ef57e:group-A9DCB514B52F:LeaderElection103] INFO  impl.RoleInfo (RoleInfo.java:updateAndGet(143)) - ad30ec37-d18e-401b-ae2e-6142b59ef57e: start LeaderState
2019-09-12 11:42:53,446 [ad30ec37-d18e-401b-ae2e-6142b59ef57e:group-A9DCB514B52F:LeaderElection103] INFO  segmented.SegmentedRaftLogWorker (SegmentedRaftLogWorker.java:startLogSegment(380)) - ad30ec37-d18e-401b-ae2e-6142b59ef57e-SegmentedRaftLogWorker:Storage Directory /workdir/hadoop-ozone/ozonefs/target/test-dir/MiniOzoneClusterImpl-e692d26f-e14c-4f96-93da-7a5844c944d0/datanode-1/data/ratis/28a439e2-75cc-4298-aaed-a9dcb514b52f: Starting segment from index:0
2019-09-12 11:42:53,447 [ad30ec37-d18e-401b-ae2e-6142b59ef57e:group-A9DCB514B52F:LeaderElection103] INFO  impl.RaftServerImpl (ServerState.java:setRaftConf(361)) - ad30ec37-d18e-401b-ae2e-6142b59ef57e:group-A9DCB514B52F set configuration 0: [ad30ec37-d18e-401b-ae2e-6142b59ef57e:192.168.157.195:33926], old=null at 0
2019-09-12 11:42:53,461 [Thread-1557] INFO  impl.FollowerState (FollowerState.java:run(106)) - 09dcba98-4a13-46c9-a161-8b5a08f93115:group-B305037FABD4 changes to CANDIDATE, lastRpcTime:5000, electionTimeout:5000ms
2019-09-12 11:42:53,461 [Thread-1557] INFO  impl.RoleInfo (RoleInfo.java:shutdownFollowerState(121)) - 09dcba98-4a13-46c9-a161-8b5a08f93115: shutdown FollowerState
2019-09-12 11:42:53,461 [Thread-1557] INFO  impl.RaftServerImpl (RaftServerImpl.java:setRole(171)) - 09dcba98-4a13-46c9-a161-8b5a08f93115:group-B305037FABD4 changes role from FOLLOWER to CANDIDATE at term 0 for changeToCandidate
2019-09-12 11:42:53,461 [Thread-1557] INFO  impl.RoleInfo (RoleInfo.java:updateAndGet(143)) - 09dcba98-4a13-46c9-a161-8b5a08f93115: start LeaderElection
2019-09-12 11:42:53,491 [Thread-1554] INFO  impl.FollowerState (FollowerState.java:run(106)) - 09dcba98-4a13-46c9-a161-8b5a08f93115:group-E1563034ECD9 changes to CANDIDATE, lastRpcTime:5082, electionTimeout:5082ms
2019-09-12 11:42:53,491 [Thread-1554] INFO  impl.RoleInfo (RoleInfo.java:shutdownFollowerState(121)) - 09dcba98-4a13-46c9-a161-8b5a08f93115: shutdown FollowerState
2019-09-12 11:42:53,491 [Thread-1554] INFO  impl.RaftServerImpl (RaftServerImpl.java:setRole(171)) - 09dcba98-4a13-46c9-a161-8b5a08f93115:group-E1563034ECD9 changes role from FOLLOWER to CANDIDATE at term 0 for changeToCandidate
2019-09-12 11:42:53,491 [Thread-1554] INFO  impl.RoleInfo (RoleInfo.java:updateAndGet(143)) - 09dcba98-4a13-46c9-a161-8b5a08f93115: start LeaderElection
2019-09-12 11:42:53,513 [ad30ec37-d18e-401b-ae2e-6142b59ef57e-SegmentedRaftLogWorker:Storage Directory /workdir/hadoop-ozone/ozonefs/target/test-dir/MiniOzoneClusterImpl-e692d26f-e14c-4f96-93da-7a5844c944d0/datanode-1/data/ratis/7af4c930-e99e-4ec5-aa5f-2ef6ac57bbc4] INFO  segmented.SegmentedRaftLogWorker (SegmentedRaftLogWorker.java:execute(569)) - ad30ec37-d18e-401b-ae2e-6142b59ef57e-SegmentedRaftLogWorker:Storage Directory /workdir/hadoop-ozone/ozonefs/target/test-dir/MiniOzoneClusterImpl-e692d26f-e14c-4f96-93da-7a5844c944d0/datanode-1/data/ratis/7af4c930-e99e-4ec5-aa5f-2ef6ac57bbc4: created new log segment /workdir/hadoop-ozone/ozonefs/target/test-dir/MiniOzoneClusterImpl-e692d26f-e14c-4f96-93da-7a5844c944d0/datanode-1/data/ratis/7af4c930-e99e-4ec5-aa5f-2ef6ac57bbc4/current/log_inprogress_0
2019-09-12 11:42:53,514 [09dcba98-4a13-46c9-a161-8b5a08f93115:group-E1563034ECD9:LeaderElection105] INFO  impl.LeaderElection (LeaderElection.java:askForVotes(181)) - 09dcba98-4a13-46c9-a161-8b5a08f93115:group-E1563034ECD9:LeaderElection105: begin an election at term 1 for -1: [09dcba98-4a13-46c9-a161-8b5a08f93115:192.168.157.195:43521], old=null
2019-09-12 11:42:53,514 [09dcba98-4a13-46c9-a161-8b5a08f93115:group-B305037FABD4:LeaderElection104] INFO  impl.LeaderElection (LeaderElection.java:askForVotes(181)) - 09dcba98-4a13-46c9-a161-8b5a08f93115:group-B305037FABD4:LeaderElection104: begin an election at term 1 for -1: [09dcba98-4a13-46c9-a161-8b5a08f93115:192.168.157.195:43521], old=null
2019-09-12 11:42:53,514 [09dcba98-4a13-46c9-a161-8b5a08f93115:group-B305037FABD4:LeaderElection104] INFO  impl.RoleInfo (RoleInfo.java:shutdownLeaderElection(134)) - 09dcba98-4a13-46c9-a161-8b5a08f93115: shutdown LeaderElection
2019-09-12 11:42:53,513 [09dcba98-4a13-46c9-a161-8b5a08f93115-SegmentedRaftLogWorker:Storage Directory /workdir/hadoop-ozone/ozonefs/target/test-dir/MiniOzoneClusterImpl-e692d26f-e14c-4f96-93da-7a5844c944d0/datanode-2/data/ratis/a2d02737-2dd6-49af-8835-62aea5ebeef5] INFO  segmented.SegmentedRaftLogWorker (SegmentedRaftLogWorker.java:execute(569)) - 09dcba98-4a13-46c9-a161-8b5a08f93115-SegmentedRaftLogWorker:Storage Directory /workdir/hadoop-ozone/ozonefs/target/test-dir/MiniOzoneClusterImpl-e692d26f-e14c-4f96-93da-7a5844c944d0/datanode-2/data/ratis/a2d02737-2dd6-49af-8835-62aea5ebeef5: created new log segment /workdir/hadoop-ozone/ozonefs/target/test-dir/MiniOzoneClusterImpl-e692d26f-e14c-4f96-93da-7a5844c944d0/datanode-2/data/ratis/a2d02737-2dd6-49af-8835-62aea5ebeef5/current/log_inprogress_0
2019-09-12 11:42:53,513 [ad30ec37-d18e-401b-ae2e-6142b59ef57e-SegmentedRaftLogWorker:Storage Directory /workdir/hadoop-ozone/ozonefs/target/test-dir/MiniOzoneClusterImpl-e692d26f-e14c-4f96-93da-7a5844c944d0/datanode-1/data/ratis/28a439e2-75cc-4298-aaed-a9dcb514b52f] INFO  segmented.SegmentedRaftLogWorker (SegmentedRaftLogWorker.java:execute(569)) - ad30ec37-d18e-401b-ae2e-6142b59ef57e-SegmentedRaftLogWorker:Storage Directory /workdir/hadoop-ozone/ozonefs/target/test-dir/MiniOzoneClusterImpl-e692d26f-e14c-4f96-93da-7a5844c944d0/datanode-1/data/ratis/28a439e2-75cc-4298-aaed-a9dcb514b52f: created new log segment /workdir/hadoop-ozone/ozonefs/target/test-dir/MiniOzoneClusterImpl-e692d26f-e14c-4f96-93da-7a5844c944d0/datanode-1/data/ratis/28a439e2-75cc-4298-aaed-a9dcb514b52f/current/log_inprogress_0
2019-09-12 11:42:53,514 [09dcba98-4a13-46c9-a161-8b5a08f93115:group-B305037FABD4:LeaderElection104] INFO  impl.RaftServerImpl (RaftServerImpl.java:setRole(171)) - 09dcba98-4a13-46c9-a161-8b5a08f93115:group-B305037FABD4 changes role from CANDIDATE to LEADER at term 1 for changeToLeader
2019-09-12 11:42:53,514 [09dcba98-4a13-46c9-a161-8b5a08f93115:group-E1563034ECD9:LeaderElection105] INFO  impl.RoleInfo (RoleInfo.java:shutdownLeaderElection(134)) - 09dcba98-4a13-46c9-a161-8b5a08f93115: shutdown LeaderElection
2019-09-12 11:42:53,515 [09dcba98-4a13-46c9-a161-8b5a08f93115:group-B305037FABD4:LeaderElection104] INFO  impl.RaftServerImpl (ServerState.java:setLeader(263)) - 09dcba98-4a13-46c9-a161-8b5a08f93115:group-B305037FABD4 change Leader from null to 09dcba98-4a13-46c9-a161-8b5a08f93115 at term 1 for becomeLeader, leader elected after 5057ms
2019-09-12 11:42:53,515 [09dcba98-4a13-46c9-a161-8b5a08f93115:group-E1563034ECD9:LeaderElection105] INFO  impl.RaftServerImpl (RaftServerImpl.java:setRole(171)) - 09dcba98-4a13-46c9-a161-8b5a08f93115:group-E1563034ECD9 changes role from CANDIDATE to LEADER at term 1 for changeToLeader
2019-09-12 11:42:53,515 [09dcba98-4a13-46c9-a161-8b5a08f93115:group-B305037FABD4:LeaderElection104] INFO  server.RaftServerConfigKeys (ConfUtils.java:logGet(43)) - raft.server.staging.catchup.gap = 1000 (default)
2019-09-12 11:42:53,515 [09dcba98-4a13-46c9-a161-8b5a08f93115:group-E1563034ECD9:LeaderElection105] INFO  impl.RaftServerImpl (ServerState.java:setLeader(263)) - 09dcba98-4a13-46c9-a161-8b5a08f93115:group-E1563034ECD9 change Leader from null to 09dcba98-4a13-46c9-a161-8b5a08f93115 at term 1 for becomeLeader, leader elected after 5110ms
2019-09-12 11:42:53,515 [09dcba98-4a13-46c9-a161-8b5a08f93115:group-B305037FABD4:LeaderElection104] INFO  server.RaftServerConfigKeys (ConfUtils.java:logGet(43)) - raft.server.rpc.sleep.time = 25ms (default)
2019-09-12 11:42:53,515 [09dcba98-4a13-46c9-a161-8b5a08f93115:group-E1563034ECD9:LeaderElection105] INFO  server.RaftServerConfigKeys (ConfUtils.java:logGet(43)) - raft.server.staging.catchup.gap = 1000 (default)
2019-09-12 11:42:53,516 [09dcba98-4a13-46c9-a161-8b5a08f93115:group-B305037FABD4:LeaderElection104] INFO  server.RaftServerConfigKeys (ConfUtils.java:logGet(43)) - raft.server.write.element-limit = 4096 (default)
2019-09-12 11:42:53,516 [09dcba98-4a13-46c9-a161-8b5a08f93115:group-E1563034ECD9:LeaderElection105] INFO  server.RaftServerConfigKeys (ConfUtils.java:logGet(43)) - raft.server.rpc.sleep.time = 25ms (default)
2019-09-12 11:42:53,516 [09dcba98-4a13-46c9-a161-8b5a08f93115:group-B305037FABD4:LeaderElection104] INFO  server.RaftServerConfigKeys (ConfUtils.java:logGet(43)) - raft.server.watch.timeout = 10s (default)
2019-09-12 11:42:53,516 [09dcba98-4a13-46c9-a161-8b5a08f93115:group-E1563034ECD9:LeaderElection105] INFO  server.RaftServerConfigKeys (ConfUtils.java:logGet(43)) - raft.server.write.element-limit = 4096 (default)
2019-09-12 11:42:53,516 [09dcba98-4a13-46c9-a161-8b5a08f93115:group-B305037FABD4:LeaderElection104] INFO  server.RaftServerConfigKeys (ConfUtils.java:logGet(43)) - raft.server.watch.timeout.denomination = 1s (default)
2019-09-12 11:42:53,516 [09dcba98-4a13-46c9-a161-8b5a08f93115:group-E1563034ECD9:LeaderElection105] INFO  server.RaftServerConfigKeys (ConfUtils.java:logGet(43)) - raft.server.watch.timeout = 10s (default)
2019-09-12 11:42:53,516 [09dcba98-4a13-46c9-a161-8b5a08f93115:group-B305037FABD4:LeaderElection104] INFO  server.RaftServerConfigKeys (ConfUtils.java:logGet(43)) - raft.server.watch.element-limit = 65536 (default)
2019-09-12 11:42:53,516 [09dcba98-4a13-46c9-a161-8b5a08f93115:group-E1563034ECD9:LeaderElection105] INFO  server.RaftServerConfigKeys (ConfUtils.java:logGet(43)) - raft.server.watch.timeout.denomination = 1s (default)
2019-09-12 11:42:53,517 [09dcba98-4a13-46c9-a161-8b5a08f93115:group-B305037FABD4:LeaderElection104] INFO  impl.RoleInfo (RoleInfo.java:updateAndGet(143)) - 09dcba98-4a13-46c9-a161-8b5a08f93115: start LeaderState
2019-09-12 11:42:53,517 [09dcba98-4a13-46c9-a161-8b5a08f93115:group-E1563034ECD9:LeaderElection105] INFO  server.RaftServerConfigKeys (ConfUtils.java:logGet(43)) - raft.server.watch.element-limit = 65536 (default)
2019-09-12 11:42:53,517 [09dcba98-4a13-46c9-a161-8b5a08f93115:group-B305037FABD4:LeaderElection104] INFO  segmented.SegmentedRaftLogWorker (SegmentedRaftLogWorker.java:startLogSegment(380)) - 09dcba98-4a13-46c9-a161-8b5a08f93115-SegmentedRaftLogWorker:Storage Directory /workdir/hadoop-ozone/ozonefs/target/test-dir/MiniOzoneClusterImpl-e692d26f-e14c-4f96-93da-7a5844c944d0/datanode-2/data/ratis/fab30338-a298-4a9d-a561-b305037fabd4: Starting segment from index:0
2019-09-12 11:42:53,517 [09dcba98-4a13-46c9-a161-8b5a08f93115:group-E1563034ECD9:LeaderElection105] INFO  impl.RoleInfo (RoleInfo.java:updateAndGet(143)) - 09dcba98-4a13-46c9-a161-8b5a08f93115: start LeaderState
2019-09-12 11:42:53,517 [09dcba98-4a13-46c9-a161-8b5a08f93115:group-E1563034ECD9:LeaderElection105] INFO  segmented.SegmentedRaftLogWorker (SegmentedRaftLogWorker.java:startLogSegment(380)) - 09dcba98-4a13-46c9-a161-8b5a08f93115-SegmentedRaftLogWorker:Storage Directory /workdir/hadoop-ozone/ozonefs/target/test-dir/MiniOzoneClusterImpl-e692d26f-e14c-4f96-93da-7a5844c944d0/datanode-2/data/ratis/c28fc7da-4dd2-4de0-af02-e1563034ecd9: Starting segment from index:0
2019-09-12 11:42:53,518 [09dcba98-4a13-46c9-a161-8b5a08f93115:group-B305037FABD4:LeaderElection104] INFO  impl.RaftServerImpl (ServerState.java:setRaftConf(361)) - 09dcba98-4a13-46c9-a161-8b5a08f93115:group-B305037FABD4 set configuration 0: [09dcba98-4a13-46c9-a161-8b5a08f93115:192.168.157.195:43521], old=null at 0
2019-09-12 11:42:53,518 [09dcba98-4a13-46c9-a161-8b5a08f93115:group-E1563034ECD9:LeaderElection105] INFO  impl.RaftServerImpl (ServerState.java:setRaftConf(361)) - 09dcba98-4a13-46c9-a161-8b5a08f93115:group-E1563034ECD9 set configuration 0: [09dcba98-4a13-46c9-a161-8b5a08f93115:192.168.157.195:43521], old=null at 0
2019-09-12 11:42:53,528 [Thread-1560] INFO  impl.FollowerState (FollowerState.java:run(106)) - 09dcba98-4a13-46c9-a161-8b5a08f93115:group-1D935C2442F4 changes to CANDIDATE, lastRpcTime:5029, electionTimeout:5029ms
2019-09-12 11:42:53,528 [Thread-1560] INFO  impl.RoleInfo (RoleInfo.java:shutdownFollowerState(121)) - 09dcba98-4a13-46c9-a161-8b5a08f93115: shutdown FollowerState
2019-09-12 11:42:53,529 [Thread-1560] INFO  impl.RaftServerImpl (RaftServerImpl.java:setRole(171)) - 09dcba98-4a13-46c9-a161-8b5a08f93115:group-1D935C2442F4 changes role from FOLLOWER to CANDIDATE at term 0 for changeToCandidate
2019-09-12 11:42:53,529 [Thread-1560] INFO  impl.RoleInfo (RoleInfo.java:updateAndGet(143)) - 09dcba98-4a13-46c9-a161-8b5a08f93115: start LeaderElection
2019-09-12 11:42:53,567 [Thread-1551] INFO  impl.FollowerState (FollowerState.java:run(106)) - 09dcba98-4a13-46c9-a161-8b5a08f93115:group-799792831379 changes to CANDIDATE, lastRpcTime:5192, electionTimeout:5192ms
2019-09-12 11:42:53,567 [Thread-1551] INFO  impl.RoleInfo (RoleInfo.java:shutdownFollowerState(121)) - 09dcba98-4a13-46c9-a161-8b5a08f93115: shutdown FollowerState
2019-09-12 11:42:53,567 [Thread-1551] INFO  impl.RaftServerImpl (RaftServerImpl.java:setRole(171)) - 09dcba98-4a13-46c9-a161-8b5a08f93115:group-799792831379 changes role from FOLLOWER to CANDIDATE at term 0 for changeToCandidate
2019-09-12 11:42:53,568 [Thread-1551] INFO  impl.RoleInfo (RoleInfo.java:updateAndGet(143)) - 09dcba98-4a13-46c9-a161-8b5a08f93115: start LeaderElection
2019-09-12 11:42:53,575 [09dcba98-4a13-46c9-a161-8b5a08f93115-SegmentedRaftLogWorker:Storage Directory /workdir/hadoop-ozone/ozonefs/target/test-dir/MiniOzoneClusterImpl-e692d26f-e14c-4f96-93da-7a5844c944d0/datanode-2/data/ratis/c28fc7da-4dd2-4de0-af02-e1563034ecd9] INFO  segmented.SegmentedRaftLogWorker (SegmentedRaftLogWorker.java:execute(569)) - 09dcba98-4a13-46c9-a161-8b5a08f93115-SegmentedRaftLogWorker:Storage Directory /workdir/hadoop-ozone/ozonefs/target/test-dir/MiniOzoneClusterImpl-e692d26f-e14c-4f96-93da-7a5844c944d0/datanode-2/data/ratis/c28fc7da-4dd2-4de0-af02-e1563034ecd9: created new log segment /workdir/hadoop-ozone/ozonefs/target/test-dir/MiniOzoneClusterImpl-e692d26f-e14c-4f96-93da-7a5844c944d0/datanode-2/data/ratis/c28fc7da-4dd2-4de0-af02-e1563034ecd9/current/log_inprogress_0
2019-09-12 11:42:53,575 [09dcba98-4a13-46c9-a161-8b5a08f93115:group-1D935C2442F4:LeaderElection106] INFO  impl.LeaderElection (LeaderElection.java:askForVotes(181)) - 09dcba98-4a13-46c9-a161-8b5a08f93115:group-1D935C2442F4:LeaderElection106: begin an election at term 1 for -1: [09dcba98-4a13-46c9-a161-8b5a08f93115:192.168.157.195:43521], old=null
2019-09-12 11:42:53,575 [09dcba98-4a13-46c9-a161-8b5a08f93115:group-799792831379:LeaderElection107] INFO  impl.LeaderElection (LeaderElection.java:askForVotes(181)) - 09dcba98-4a13-46c9-a161-8b5a08f93115:group-799792831379:LeaderElection107: begin an election at term 1 for -1: [09dcba98-4a13-46c9-a161-8b5a08f93115:192.168.157.195:43521], old=null
2019-09-12 11:42:53,575 [09dcba98-4a13-46c9-a161-8b5a08f93115-SegmentedRaftLogWorker:Storage Directory /workdir/hadoop-ozone/ozonefs/target/test-dir/MiniOzoneClusterImpl-e692d26f-e14c-4f96-93da-7a5844c944d0/datanode-2/data/ratis/fab30338-a298-4a9d-a561-b305037fabd4] INFO  segmented.SegmentedRaftLogWorker (SegmentedRaftLogWorker.java:execute(569)) - 09dcba98-4a13-46c9-a161-8b5a08f93115-SegmentedRaftLogWorker:Storage Directory /workdir/hadoop-ozone/ozonefs/target/test-dir/MiniOzoneClusterImpl-e692d26f-e14c-4f96-93da-7a5844c944d0/datanode-2/data/ratis/fab30338-a298-4a9d-a561-b305037fabd4: created new log segment /workdir/hadoop-ozone/ozonefs/target/test-dir/MiniOzoneClusterImpl-e692d26f-e14c-4f96-93da-7a5844c944d0/datanode-2/data/ratis/fab30338-a298-4a9d-a561-b305037fabd4/current/log_inprogress_0
2019-09-12 11:42:53,576 [09dcba98-4a13-46c9-a161-8b5a08f93115:group-799792831379:LeaderElection107] INFO  impl.RoleInfo (RoleInfo.java:shutdownLeaderElection(134)) - 09dcba98-4a13-46c9-a161-8b5a08f93115: shutdown LeaderElection
2019-09-12 11:42:53,576 [09dcba98-4a13-46c9-a161-8b5a08f93115:group-1D935C2442F4:LeaderElection106] INFO  impl.RoleInfo (RoleInfo.java:shutdownLeaderElection(134)) - 09dcba98-4a13-46c9-a161-8b5a08f93115: shutdown LeaderElection
2019-09-12 11:42:53,576 [09dcba98-4a13-46c9-a161-8b5a08f93115:group-799792831379:LeaderElection107] INFO  impl.RaftServerImpl (RaftServerImpl.java:setRole(171)) - 09dcba98-4a13-46c9-a161-8b5a08f93115:group-799792831379 changes role from CANDIDATE to LEADER at term 1 for changeToLeader
2019-09-12 11:42:53,576 [09dcba98-4a13-46c9-a161-8b5a08f93115:group-1D935C2442F4:LeaderElection106] INFO  impl.RaftServerImpl (RaftServerImpl.java:setRole(171)) - 09dcba98-4a13-46c9-a161-8b5a08f93115:group-1D935C2442F4 changes role from CANDIDATE to LEADER at term 1 for changeToLeader
2019-09-12 11:42:53,576 [09dcba98-4a13-46c9-a161-8b5a08f93115:group-799792831379:LeaderElection107] INFO  impl.RaftServerImpl (ServerState.java:setLeader(263)) - 09dcba98-4a13-46c9-a161-8b5a08f93115:group-799792831379 change Leader from null to 09dcba98-4a13-46c9-a161-8b5a08f93115 at term 1 for becomeLeader, leader elected after 5204ms
2019-09-12 11:42:53,576 [09dcba98-4a13-46c9-a161-8b5a08f93115:group-1D935C2442F4:LeaderElection106] INFO  impl.RaftServerImpl (ServerState.java:setLeader(263)) - 09dcba98-4a13-46c9-a161-8b5a08f93115:group-1D935C2442F4 change Leader from null to 09dcba98-4a13-46c9-a161-8b5a08f93115 at term 1 for becomeLeader, leader elected after 5080ms
2019-09-12 11:42:53,577 [09dcba98-4a13-46c9-a161-8b5a08f93115:group-799792831379:LeaderElection107] INFO  server.RaftServerConfigKeys (ConfUtils.java:logGet(43)) - raft.server.staging.catchup.gap = 1000 (default)
2019-09-12 11:42:53,577 [09dcba98-4a13-46c9-a161-8b5a08f93115:group-1D935C2442F4:LeaderElection106] INFO  server.RaftServerConfigKeys (ConfUtils.java:logGet(43)) - raft.server.staging.catchup.gap = 1000 (default)
2019-09-12 11:42:53,577 [09dcba98-4a13-46c9-a161-8b5a08f93115:group-799792831379:LeaderElection107] INFO  server.RaftServerConfigKeys (ConfUtils.java:logGet(43)) - raft.server.rpc.sleep.time = 25ms (default)
2019-09-12 11:42:53,577 [09dcba98-4a13-46c9-a161-8b5a08f93115:group-1D935C2442F4:LeaderElection106] INFO  server.RaftServerConfigKeys (ConfUtils.java:logGet(43)) - raft.server.rpc.sleep.time = 25ms (default)
2019-09-12 11:42:53,577 [09dcba98-4a13-46c9-a161-8b5a08f93115:group-799792831379:LeaderElection107] INFO  server.RaftServerConfigKeys (ConfUtils.java:logGet(43)) - raft.server.write.element-limit = 4096 (default)
2019-09-12 11:42:53,577 [09dcba98-4a13-46c9-a161-8b5a08f93115:group-1D935C2442F4:LeaderElection106] INFO  server.RaftServerConfigKeys (ConfUtils.java:logGet(43)) - raft.server.write.element-limit = 4096 (default)
2019-09-12 11:42:53,577 [09dcba98-4a13-46c9-a161-8b5a08f93115:group-799792831379:LeaderElection107] INFO  server.RaftServerConfigKeys (ConfUtils.java:logGet(43)) - raft.server.watch.timeout = 10s (default)
2019-09-12 11:42:53,577 [09dcba98-4a13-46c9-a161-8b5a08f93115:group-1D935C2442F4:LeaderElection106] INFO  server.RaftServerConfigKeys (ConfUtils.java:logGet(43)) - raft.server.watch.timeout = 10s (default)
2019-09-12 11:42:53,578 [09dcba98-4a13-46c9-a161-8b5a08f93115:group-799792831379:LeaderElection107] INFO  server.RaftServerConfigKeys (ConfUtils.java:logGet(43)) - raft.server.watch.timeout.denomination = 1s (default)
2019-09-12 11:42:53,578 [09dcba98-4a13-46c9-a161-8b5a08f93115:group-1D935C2442F4:LeaderElection106] INFO  server.RaftServerConfigKeys (ConfUtils.java:logGet(43)) - raft.server.watch.timeout.denomination = 1s (default)
2019-09-12 11:42:53,578 [09dcba98-4a13-46c9-a161-8b5a08f93115:group-799792831379:LeaderElection107] INFO  server.RaftServerConfigKeys (ConfUtils.java:logGet(43)) - raft.server.watch.element-limit = 65536 (default)
2019-09-12 11:42:53,578 [09dcba98-4a13-46c9-a161-8b5a08f93115:group-1D935C2442F4:LeaderElection106] INFO  server.RaftServerConfigKeys (ConfUtils.java:logGet(43)) - raft.server.watch.element-limit = 65536 (default)
2019-09-12 11:42:53,578 [09dcba98-4a13-46c9-a161-8b5a08f93115:group-799792831379:LeaderElection107] INFO  impl.RoleInfo (RoleInfo.java:updateAndGet(143)) - 09dcba98-4a13-46c9-a161-8b5a08f93115: start LeaderState
2019-09-12 11:42:53,578 [09dcba98-4a13-46c9-a161-8b5a08f93115:group-1D935C2442F4:LeaderElection106] INFO  impl.RoleInfo (RoleInfo.java:updateAndGet(143)) - 09dcba98-4a13-46c9-a161-8b5a08f93115: start LeaderState
2019-09-12 11:42:53,578 [09dcba98-4a13-46c9-a161-8b5a08f93115:group-799792831379:LeaderElection107] INFO  segmented.SegmentedRaftLogWorker (SegmentedRaftLogWorker.java:startLogSegment(380)) - 09dcba98-4a13-46c9-a161-8b5a08f93115-SegmentedRaftLogWorker:Storage Directory /workdir/hadoop-ozone/ozonefs/target/test-dir/MiniOzoneClusterImpl-e692d26f-e14c-4f96-93da-7a5844c944d0/datanode-2/data/ratis/ba19a07a-240a-4f44-90a7-799792831379: Starting segment from index:0
2019-09-12 11:42:53,579 [09dcba98-4a13-46c9-a161-8b5a08f93115:group-1D935C2442F4:LeaderElection106] INFO  segmented.SegmentedRaftLogWorker (SegmentedRaftLogWorker.java:startLogSegment(380)) - 09dcba98-4a13-46c9-a161-8b5a08f93115-SegmentedRaftLogWorker:Storage Directory /workdir/hadoop-ozone/ozonefs/target/test-dir/MiniOzoneClusterImpl-e692d26f-e14c-4f96-93da-7a5844c944d0/datanode-2/data/ratis/6eb35068-fc68-41cc-bb10-1d935c2442f4: Starting segment from index:0
2019-09-12 11:42:53,579 [09dcba98-4a13-46c9-a161-8b5a08f93115:group-799792831379:LeaderElection107] INFO  impl.RaftServerImpl (ServerState.java:setRaftConf(361)) - 09dcba98-4a13-46c9-a161-8b5a08f93115:group-799792831379 set configuration 0: [09dcba98-4a13-46c9-a161-8b5a08f93115:192.168.157.195:43521], old=null at 0
2019-09-12 11:42:53,579 [09dcba98-4a13-46c9-a161-8b5a08f93115:group-1D935C2442F4:LeaderElection106] INFO  impl.RaftServerImpl (ServerState.java:setRaftConf(361)) - 09dcba98-4a13-46c9-a161-8b5a08f93115:group-1D935C2442F4 set configuration 0: [09dcba98-4a13-46c9-a161-8b5a08f93115:192.168.157.195:43521], old=null at 0
2019-09-12 11:42:53,629 [09dcba98-4a13-46c9-a161-8b5a08f93115-SegmentedRaftLogWorker:Storage Directory /workdir/hadoop-ozone/ozonefs/target/test-dir/MiniOzoneClusterImpl-e692d26f-e14c-4f96-93da-7a5844c944d0/datanode-2/data/ratis/ba19a07a-240a-4f44-90a7-799792831379] INFO  segmented.SegmentedRaftLogWorker (SegmentedRaftLogWorker.java:execute(569)) - 09dcba98-4a13-46c9-a161-8b5a08f93115-SegmentedRaftLogWorker:Storage Directory /workdir/hadoop-ozone/ozonefs/target/test-dir/MiniOzoneClusterImpl-e692d26f-e14c-4f96-93da-7a5844c944d0/datanode-2/data/ratis/ba19a07a-240a-4f44-90a7-799792831379: created new log segment /workdir/hadoop-ozone/ozonefs/target/test-dir/MiniOzoneClusterImpl-e692d26f-e14c-4f96-93da-7a5844c944d0/datanode-2/data/ratis/ba19a07a-240a-4f44-90a7-799792831379/current/log_inprogress_0
2019-09-12 11:42:53,629 [09dcba98-4a13-46c9-a161-8b5a08f93115-SegmentedRaftLogWorker:Storage Directory /workdir/hadoop-ozone/ozonefs/target/test-dir/MiniOzoneClusterImpl-e692d26f-e14c-4f96-93da-7a5844c944d0/datanode-2/data/ratis/6eb35068-fc68-41cc-bb10-1d935c2442f4] INFO  segmented.SegmentedRaftLogWorker (SegmentedRaftLogWorker.java:execute(569)) - 09dcba98-4a13-46c9-a161-8b5a08f93115-SegmentedRaftLogWorker:Storage Directory /workdir/hadoop-ozone/ozonefs/target/test-dir/MiniOzoneClusterImpl-e692d26f-e14c-4f96-93da-7a5844c944d0/datanode-2/data/ratis/6eb35068-fc68-41cc-bb10-1d935c2442f4: created new log segment /workdir/hadoop-ozone/ozonefs/target/test-dir/MiniOzoneClusterImpl-e692d26f-e14c-4f96-93da-7a5844c944d0/datanode-2/data/ratis/6eb35068-fc68-41cc-bb10-1d935c2442f4/current/log_inprogress_0
2019-09-12 11:42:53,636 [Thread-1563] INFO  impl.FollowerState (FollowerState.java:run(106)) - 09dcba98-4a13-46c9-a161-8b5a08f93115:group-301659EA8929 changes to CANDIDATE, lastRpcTime:5097, electionTimeout:5097ms
2019-09-12 11:42:53,636 [Thread-1563] INFO  impl.RoleInfo (RoleInfo.java:shutdownFollowerState(121)) - 09dcba98-4a13-46c9-a161-8b5a08f93115: shutdown FollowerState
2019-09-12 11:42:53,636 [Thread-1563] INFO  impl.RaftServerImpl (RaftServerImpl.java:setRole(171)) - 09dcba98-4a13-46c9-a161-8b5a08f93115:group-301659EA8929 changes role from FOLLOWER to CANDIDATE at term 0 for changeToCandidate
2019-09-12 11:42:53,636 [Thread-1563] INFO  impl.RoleInfo (RoleInfo.java:updateAndGet(143)) - 09dcba98-4a13-46c9-a161-8b5a08f93115: start LeaderElection
2019-09-12 11:42:53,660 [09dcba98-4a13-46c9-a161-8b5a08f93115:group-301659EA8929:LeaderElection108] INFO  impl.LeaderElection (LeaderElection.java:askForVotes(181)) - 09dcba98-4a13-46c9-a161-8b5a08f93115:group-301659EA8929:LeaderElection108: begin an election at term 1 for -1: [09dcba98-4a13-46c9-a161-8b5a08f93115:192.168.157.195:43521], old=null
2019-09-12 11:42:53,661 [09dcba98-4a13-46c9-a161-8b5a08f93115:group-301659EA8929:LeaderElection108] INFO  impl.RoleInfo (RoleInfo.java:shutdownLeaderElection(134)) - 09dcba98-4a13-46c9-a161-8b5a08f93115: shutdown LeaderElection
2019-09-12 11:42:53,661 [09dcba98-4a13-46c9-a161-8b5a08f93115:group-301659EA8929:LeaderElection108] INFO  impl.RaftServerImpl (RaftServerImpl.java:setRole(171)) - 09dcba98-4a13-46c9-a161-8b5a08f93115:group-301659EA8929 changes role from CANDIDATE to LEADER at term 1 for changeToLeader
2019-09-12 11:42:53,661 [09dcba98-4a13-46c9-a161-8b5a08f93115:group-301659EA8929:LeaderElection108] INFO  impl.RaftServerImpl (ServerState.java:setLeader(263)) - 09dcba98-4a13-46c9-a161-8b5a08f93115:group-301659EA8929 change Leader from null to 09dcba98-4a13-46c9-a161-8b5a08f93115 at term 1 for becomeLeader, leader elected after 5125ms
2019-09-12 11:42:53,661 [09dcba98-4a13-46c9-a161-8b5a08f93115:group-301659EA8929:LeaderElection108] INFO  server.RaftServerConfigKeys (ConfUtils.java:logGet(43)) - raft.server.staging.catchup.gap = 1000 (default)
2019-09-12 11:42:53,661 [09dcba98-4a13-46c9-a161-8b5a08f93115:group-301659EA8929:LeaderElection108] INFO  server.RaftServerConfigKeys (ConfUtils.java:logGet(43)) - raft.server.rpc.sleep.time = 25ms (default)
2019-09-12 11:42:53,661 [09dcba98-4a13-46c9-a161-8b5a08f93115:group-301659EA8929:LeaderElection108] INFO  server.RaftServerConfigKeys (ConfUtils.java:logGet(43)) - raft.server.write.element-limit = 4096 (default)
2019-09-12 11:42:53,661 [09dcba98-4a13-46c9-a161-8b5a08f93115:group-301659EA8929:LeaderElection108] INFO  server.RaftServerConfigKeys (ConfUtils.java:logGet(43)) - raft.server.watch.timeout = 10s (default)
2019-09-12 11:42:53,662 [09dcba98-4a13-46c9-a161-8b5a08f93115:group-301659EA8929:LeaderElection108] INFO  server.RaftServerConfigKeys (ConfUtils.java:logGet(43)) - raft.server.watch.timeout.denomination = 1s (default)
2019-09-12 11:42:53,662 [09dcba98-4a13-46c9-a161-8b5a08f93115:group-301659EA8929:LeaderElection108] INFO  server.RaftServerConfigKeys (ConfUtils.java:logGet(43)) - raft.server.watch.element-limit = 65536 (default)
2019-09-12 11:42:53,662 [09dcba98-4a13-46c9-a161-8b5a08f93115:group-301659EA8929:LeaderElection108] INFO  impl.RoleInfo (RoleInfo.java:updateAndGet(143)) - 09dcba98-4a13-46c9-a161-8b5a08f93115: start LeaderState
2019-09-12 11:42:53,662 [09dcba98-4a13-46c9-a161-8b5a08f93115:group-301659EA8929:LeaderElection108] INFO  segmented.SegmentedRaftLogWorker (SegmentedRaftLogWorker.java:startLogSegment(380)) - 09dcba98-4a13-46c9-a161-8b5a08f93115-SegmentedRaftLogWorker:Storage Directory /workdir/hadoop-ozone/ozonefs/target/test-dir/MiniOzoneClusterImpl-e692d26f-e14c-4f96-93da-7a5844c944d0/datanode-2/data/ratis/9b96bc99-79f0-4d7b-bef5-301659ea8929: Starting segment from index:0
2019-09-12 11:42:53,663 [09dcba98-4a13-46c9-a161-8b5a08f93115:group-301659EA8929:LeaderElection108] INFO  impl.RaftServerImpl (ServerState.java:setRaftConf(361)) - 09dcba98-4a13-46c9-a161-8b5a08f93115:group-301659EA8929 set configuration 0: [09dcba98-4a13-46c9-a161-8b5a08f93115:192.168.157.195:43521], old=null at 0
2019-09-12 11:42:53,702 [09dcba98-4a13-46c9-a161-8b5a08f93115-SegmentedRaftLogWorker:Storage Directory /workdir/hadoop-ozone/ozonefs/target/test-dir/MiniOzoneClusterImpl-e692d26f-e14c-4f96-93da-7a5844c944d0/datanode-2/data/ratis/9b96bc99-79f0-4d7b-bef5-301659ea8929] INFO  segmented.SegmentedRaftLogWorker (SegmentedRaftLogWorker.java:execute(569)) - 09dcba98-4a13-46c9-a161-8b5a08f93115-SegmentedRaftLogWorker:Storage Directory /workdir/hadoop-ozone/ozonefs/target/test-dir/MiniOzoneClusterImpl-e692d26f-e14c-4f96-93da-7a5844c944d0/datanode-2/data/ratis/9b96bc99-79f0-4d7b-bef5-301659ea8929: created new log segment /workdir/hadoop-ozone/ozonefs/target/test-dir/MiniOzoneClusterImpl-e692d26f-e14c-4f96-93da-7a5844c944d0/datanode-2/data/ratis/9b96bc99-79f0-4d7b-bef5-301659ea8929/current/log_inprogress_0
2019-09-12 11:42:54,240 | INFO  | SCMAudit | user=jenkins1000 | ip=192.168.157.195 | op=SEND_HEARTBEAT {datanodeUUID=09dcba98-4a13-46c9-a161-8b5a08f93115, command=[]} | ret=SUCCESS |  
2019-09-12 11:42:54,432 [Thread-1338] INFO  ozoneimpl.OzoneContainer (OzoneContainer.java:stop(199)) - Attempting to stop container services.
2019-09-12 11:42:54,432 [ForkJoinPool.commonPool-worker-1] INFO  ozoneimpl.OzoneContainer (OzoneContainer.java:stop(199)) - Attempting to stop container services.
2019-09-12 11:42:54,432 [Thread-1338] INFO  impl.RaftServerProxy (RaftServerProxy.java:lambda$close$4(314)) - ad30ec37-d18e-401b-ae2e-6142b59ef57e: close
2019-09-12 11:42:54,433 [ForkJoinPool.commonPool-worker-1] INFO  impl.RaftServerProxy (RaftServerProxy.java:lambda$close$4(314)) - 6715b0c2-2cac-4432-b20f-e5b2d82a5ebf: close
2019-09-12 11:42:54,433 [Thread-1338] INFO  impl.RaftServerImpl (RaftServerImpl.java:lambda$shutdown$3(245)) - ad30ec37-d18e-401b-ae2e-6142b59ef57e: shutdown group-831FDA0C70B8
2019-09-12 11:42:54,433 [ForkJoinPool.commonPool-worker-1] INFO  impl.RaftServerImpl (RaftServerImpl.java:lambda$shutdown$3(245)) - 6715b0c2-2cac-4432-b20f-e5b2d82a5ebf: shutdown group-F72BA229B1CF
2019-09-12 11:42:54,434 [Thread-1338] INFO  util.JmxRegister (JmxRegister.java:unregister(73)) - Successfully un-registered JMX Bean with object name Ratis:service=RaftServer,group=group-831FDA0C70B8,id=ad30ec37-d18e-401b-ae2e-6142b59ef57e
2019-09-12 11:42:54,435 [Thread-1338] INFO  impl.RoleInfo (RoleInfo.java:shutdownLeaderState(104)) - ad30ec37-d18e-401b-ae2e-6142b59ef57e: shutdown LeaderState
2019-09-12 11:42:54,434 [ForkJoinPool.commonPool-worker-1] INFO  util.JmxRegister (JmxRegister.java:unregister(73)) - Successfully un-registered JMX Bean with object name Ratis:service=RaftServer,group=group-F72BA229B1CF,id=6715b0c2-2cac-4432-b20f-e5b2d82a5ebf
2019-09-12 11:42:54,435 [Thread-1338] INFO  impl.PendingRequests (PendingRequests.java:sendNotLeaderResponses(202)) - ad30ec37-d18e-401b-ae2e-6142b59ef57e-PendingRequests: sendNotLeaderResponses
2019-09-12 11:42:54,435 [ForkJoinPool.commonPool-worker-1] INFO  impl.RoleInfo (RoleInfo.java:shutdownLeaderState(104)) - 6715b0c2-2cac-4432-b20f-e5b2d82a5ebf: shutdown LeaderState
2019-09-12 11:42:54,436 [Thread-1338] INFO  impl.StateMachineUpdater (StateMachineUpdater.java:stopAndJoin(115)) - StateMachineUpdater:ad30ec37-d18e-401b-ae2e-6142b59ef57e:group-831FDA0C70B8: set stopIndex = 0
2019-09-12 11:42:54,436 [ForkJoinPool.commonPool-worker-1] INFO  impl.PendingRequests (PendingRequests.java:sendNotLeaderResponses(202)) - 6715b0c2-2cac-4432-b20f-e5b2d82a5ebf-PendingRequests: sendNotLeaderResponses
2019-09-12 11:42:54,437 [Thread-1338] INFO  impl.RaftServerImpl (ServerState.java:close(394)) - ad30ec37-d18e-401b-ae2e-6142b59ef57e:group-831FDA0C70B8 closes. The last applied log index is 0
2019-09-12 11:42:54,437 [ForkJoinPool.commonPool-worker-1] INFO  impl.StateMachineUpdater (StateMachineUpdater.java:stopAndJoin(115)) - StateMachineUpdater:6715b0c2-2cac-4432-b20f-e5b2d82a5ebf:group-F72BA229B1CF: set stopIndex = 0
2019-09-12 11:42:54,438 [ad30ec37-d18e-401b-ae2e-6142b59ef57e-SegmentedRaftLogWorker:Storage Directory /workdir/hadoop-ozone/ozonefs/target/test-dir/MiniOzoneClusterImpl-e692d26f-e14c-4f96-93da-7a5844c944d0/datanode-1/data/ratis/86f113bf-d8f5-44ca-8dde-831fda0c70b8] INFO  segmented.SegmentedRaftLogWorker (SegmentedRaftLogWorker.java:run(313)) - ad30ec37-d18e-401b-ae2e-6142b59ef57e-SegmentedRaftLogWorker:Storage Directory /workdir/hadoop-ozone/ozonefs/target/test-dir/MiniOzoneClusterImpl-e692d26f-e14c-4f96-93da-7a5844c944d0/datanode-1/data/ratis/86f113bf-d8f5-44ca-8dde-831fda0c70b8 was interrupted, exiting. There are 0 tasks remaining in the queue.
2019-09-12 11:42:54,438 [ForkJoinPool.commonPool-worker-1] INFO  impl.RaftServerImpl (ServerState.java:close(394)) - 6715b0c2-2cac-4432-b20f-e5b2d82a5ebf:group-F72BA229B1CF closes. The last applied log index is 0
2019-09-12 11:42:54,438 [Thread-1338] INFO  segmented.SegmentedRaftLogWorker (SegmentedRaftLogWorker.java:close(228)) - ad30ec37-d18e-401b-ae2e-6142b59ef57e-SegmentedRaftLogWorker:Storage Directory /workdir/hadoop-ozone/ozonefs/target/test-dir/MiniOzoneClusterImpl-e692d26f-e14c-4f96-93da-7a5844c944d0/datanode-1/data/ratis/86f113bf-d8f5-44ca-8dde-831fda0c70b8 close()
2019-09-12 11:42:54,438 [6715b0c2-2cac-4432-b20f-e5b2d82a5ebf-SegmentedRaftLogWorker:Storage Directory /workdir/hadoop-ozone/ozonefs/target/test-dir/MiniOzoneClusterImpl-e692d26f-e14c-4f96-93da-7a5844c944d0/datanode-0/data/ratis/d9c89eae-6add-4eb4-87f5-f72ba229b1cf] INFO  segmented.SegmentedRaftLogWorker (SegmentedRaftLogWorker.java:run(313)) - 6715b0c2-2cac-4432-b20f-e5b2d82a5ebf-SegmentedRaftLogWorker:Storage Directory /workdir/hadoop-ozone/ozonefs/target/test-dir/MiniOzoneClusterImpl-e692d26f-e14c-4f96-93da-7a5844c944d0/datanode-0/data/ratis/d9c89eae-6add-4eb4-87f5-f72ba229b1cf was interrupted, exiting. There are 0 tasks remaining in the queue.
2019-09-12 11:42:54,440 [Thread-1338] INFO  impl.RaftServerImpl (RaftServerImpl.java:lambda$shutdown$3(245)) - ad30ec37-d18e-401b-ae2e-6142b59ef57e: shutdown group-C97904A9F77E
2019-09-12 11:42:54,440 [ForkJoinPool.commonPool-worker-1] INFO  segmented.SegmentedRaftLogWorker (SegmentedRaftLogWorker.java:close(228)) - 6715b0c2-2cac-4432-b20f-e5b2d82a5ebf-SegmentedRaftLogWorker:Storage Directory /workdir/hadoop-ozone/ozonefs/target/test-dir/MiniOzoneClusterImpl-e692d26f-e14c-4f96-93da-7a5844c944d0/datanode-0/data/ratis/d9c89eae-6add-4eb4-87f5-f72ba229b1cf close()
2019-09-12 11:42:54,441 [Thread-1338] INFO  util.JmxRegister (JmxRegister.java:unregister(73)) - Successfully un-registered JMX Bean with object name Ratis:service=RaftServer,group=group-C97904A9F77E,id=ad30ec37-d18e-401b-ae2e-6142b59ef57e
2019-09-12 11:42:54,442 [Thread-1338] INFO  impl.RoleInfo (RoleInfo.java:shutdownLeaderState(104)) - ad30ec37-d18e-401b-ae2e-6142b59ef57e: shutdown LeaderState
2019-09-12 11:42:54,442 [ForkJoinPool.commonPool-worker-1] INFO  impl.RaftServerImpl (RaftServerImpl.java:lambda$shutdown$3(245)) - 6715b0c2-2cac-4432-b20f-e5b2d82a5ebf: shutdown group-335D2E0244D1
2019-09-12 11:42:54,443 [Thread-1338] INFO  impl.PendingRequests (PendingRequests.java:sendNotLeaderResponses(202)) - ad30ec37-d18e-401b-ae2e-6142b59ef57e-PendingRequests: sendNotLeaderResponses
2019-09-12 11:42:54,443 [ForkJoinPool.commonPool-worker-1] INFO  util.JmxRegister (JmxRegister.java:unregister(73)) - Successfully un-registered JMX Bean with object name Ratis:service=RaftServer,group=group-335D2E0244D1,id=6715b0c2-2cac-4432-b20f-e5b2d82a5ebf
2019-09-12 11:42:54,444 [Thread-1338] INFO  impl.StateMachineUpdater (StateMachineUpdater.java:stopAndJoin(115)) - StateMachineUpdater:ad30ec37-d18e-401b-ae2e-6142b59ef57e:group-C97904A9F77E: set stopIndex = 0
2019-09-12 11:42:54,444 [ForkJoinPool.commonPool-worker-1] INFO  impl.RoleInfo (RoleInfo.java:shutdownLeaderState(104)) - 6715b0c2-2cac-4432-b20f-e5b2d82a5ebf: shutdown LeaderState
2019-09-12 11:42:54,444 [Thread-1338] INFO  impl.RaftServerImpl (ServerState.java:close(394)) - ad30ec37-d18e-401b-ae2e-6142b59ef57e:group-C97904A9F77E closes. The last applied log index is 0
2019-09-12 11:42:54,445 [ForkJoinPool.commonPool-worker-1] INFO  impl.PendingRequests (PendingRequests.java:sendNotLeaderResponses(202)) - 6715b0c2-2cac-4432-b20f-e5b2d82a5ebf-PendingRequests: sendNotLeaderResponses
2019-09-12 11:42:54,445 [ad30ec37-d18e-401b-ae2e-6142b59ef57e-SegmentedRaftLogWorker:Storage Directory /workdir/hadoop-ozone/ozonefs/target/test-dir/MiniOzoneClusterImpl-e692d26f-e14c-4f96-93da-7a5844c944d0/datanode-1/data/ratis/61d73440-5e2f-4f71-a2f2-c97904a9f77e] INFO  segmented.SegmentedRaftLogWorker (SegmentedRaftLogWorker.java:run(313)) - ad30ec37-d18e-401b-ae2e-6142b59ef57e-SegmentedRaftLogWorker:Storage Directory /workdir/hadoop-ozone/ozonefs/target/test-dir/MiniOzoneClusterImpl-e692d26f-e14c-4f96-93da-7a5844c944d0/datanode-1/data/ratis/61d73440-5e2f-4f71-a2f2-c97904a9f77e was interrupted, exiting. There are 0 tasks remaining in the queue.
2019-09-12 11:42:54,445 [ForkJoinPool.commonPool-worker-1] INFO  impl.StateMachineUpdater (StateMachineUpdater.java:stopAndJoin(115)) - StateMachineUpdater:6715b0c2-2cac-4432-b20f-e5b2d82a5ebf:group-335D2E0244D1: set stopIndex = 0
2019-09-12 11:42:54,446 [Thread-1338] INFO  segmented.SegmentedRaftLogWorker (SegmentedRaftLogWorker.java:close(228)) - ad30ec37-d18e-401b-ae2e-6142b59ef57e-SegmentedRaftLogWorker:Storage Directory /workdir/hadoop-ozone/ozonefs/target/test-dir/MiniOzoneClusterImpl-e692d26f-e14c-4f96-93da-7a5844c944d0/datanode-1/data/ratis/61d73440-5e2f-4f71-a2f2-c97904a9f77e close()
2019-09-12 11:42:54,446 [ForkJoinPool.commonPool-worker-1] INFO  impl.RaftServerImpl (ServerState.java:close(394)) - 6715b0c2-2cac-4432-b20f-e5b2d82a5ebf:group-335D2E0244D1 closes. The last applied log index is 0
2019-09-12 11:42:54,447 [Thread-1338] INFO  impl.RaftServerImpl (RaftServerImpl.java:lambda$shutdown$3(245)) - ad30ec37-d18e-401b-ae2e-6142b59ef57e: shutdown group-2EF6AC57BBC4
2019-09-12 11:42:54,447 [6715b0c2-2cac-4432-b20f-e5b2d82a5ebf-SegmentedRaftLogWorker:Storage Directory /workdir/hadoop-ozone/ozonefs/target/test-dir/MiniOzoneClusterImpl-e692d26f-e14c-4f96-93da-7a5844c944d0/datanode-0/data/ratis/a72210bb-ec1c-417f-a204-335d2e0244d1] INFO  segmented.SegmentedRaftLogWorker (SegmentedRaftLogWorker.java:run(313)) - 6715b0c2-2cac-4432-b20f-e5b2d82a5ebf-SegmentedRaftLogWorker:Storage Directory /workdir/hadoop-ozone/ozonefs/target/test-dir/MiniOzoneClusterImpl-e692d26f-e14c-4f96-93da-7a5844c944d0/datanode-0/data/ratis/a72210bb-ec1c-417f-a204-335d2e0244d1 was interrupted, exiting. There are 0 tasks remaining in the queue.
2019-09-12 11:42:54,448 [Thread-1338] INFO  util.JmxRegister (JmxRegister.java:unregister(73)) - Successfully un-registered JMX Bean with object name Ratis:service=RaftServer,group=group-2EF6AC57BBC4,id=ad30ec37-d18e-401b-ae2e-6142b59ef57e
2019-09-12 11:42:54,448 [ForkJoinPool.commonPool-worker-1] INFO  segmented.SegmentedRaftLogWorker (SegmentedRaftLogWorker.java:close(228)) - 6715b0c2-2cac-4432-b20f-e5b2d82a5ebf-SegmentedRaftLogWorker:Storage Directory /workdir/hadoop-ozone/ozonefs/target/test-dir/MiniOzoneClusterImpl-e692d26f-e14c-4f96-93da-7a5844c944d0/datanode-0/data/ratis/a72210bb-ec1c-417f-a204-335d2e0244d1 close()
2019-09-12 11:42:54,448 [Thread-1338] INFO  impl.RoleInfo (RoleInfo.java:shutdownLeaderState(104)) - ad30ec37-d18e-401b-ae2e-6142b59ef57e: shutdown LeaderState
2019-09-12 11:42:54,450 [ForkJoinPool.commonPool-worker-1] INFO  impl.RaftServerImpl (RaftServerImpl.java:lambda$shutdown$3(245)) - 6715b0c2-2cac-4432-b20f-e5b2d82a5ebf: shutdown group-36F3E52732BD
2019-09-12 11:42:54,450 [Thread-1338] INFO  impl.PendingRequests (PendingRequests.java:sendNotLeaderResponses(202)) - ad30ec37-d18e-401b-ae2e-6142b59ef57e-PendingRequests: sendNotLeaderResponses
2019-09-12 11:42:54,450 [ForkJoinPool.commonPool-worker-1] INFO  util.JmxRegister (JmxRegister.java:unregister(73)) - Successfully un-registered JMX Bean with object name Ratis:service=RaftServer,group=group-36F3E52732BD,id=6715b0c2-2cac-4432-b20f-e5b2d82a5ebf
2019-09-12 11:42:54,451 [Thread-1338] INFO  impl.StateMachineUpdater (StateMachineUpdater.java:stopAndJoin(115)) - StateMachineUpdater:ad30ec37-d18e-401b-ae2e-6142b59ef57e:group-2EF6AC57BBC4: set stopIndex = 0
2019-09-12 11:42:54,451 [ForkJoinPool.commonPool-worker-1] INFO  impl.RoleInfo (RoleInfo.java:shutdownLeaderState(104)) - 6715b0c2-2cac-4432-b20f-e5b2d82a5ebf: shutdown LeaderState
2019-09-12 11:42:54,451 [Thread-1338] INFO  impl.RaftServerImpl (ServerState.java:close(394)) - ad30ec37-d18e-401b-ae2e-6142b59ef57e:group-2EF6AC57BBC4 closes. The last applied log index is 0
2019-09-12 11:42:54,452 [ForkJoinPool.commonPool-worker-1] INFO  impl.PendingRequests (PendingRequests.java:sendNotLeaderResponses(202)) - 6715b0c2-2cac-4432-b20f-e5b2d82a5ebf-PendingRequests: sendNotLeaderResponses
2019-09-12 11:42:54,452 [ad30ec37-d18e-401b-ae2e-6142b59ef57e-SegmentedRaftLogWorker:Storage Directory /workdir/hadoop-ozone/ozonefs/target/test-dir/MiniOzoneClusterImpl-e692d26f-e14c-4f96-93da-7a5844c944d0/datanode-1/data/ratis/7af4c930-e99e-4ec5-aa5f-2ef6ac57bbc4] INFO  segmented.SegmentedRaftLogWorker (SegmentedRaftLogWorker.java:run(313)) - ad30ec37-d18e-401b-ae2e-6142b59ef57e-SegmentedRaftLogWorker:Storage Directory /workdir/hadoop-ozone/ozonefs/target/test-dir/MiniOzoneClusterImpl-e692d26f-e14c-4f96-93da-7a5844c944d0/datanode-1/data/ratis/7af4c930-e99e-4ec5-aa5f-2ef6ac57bbc4 was interrupted, exiting. There are 0 tasks remaining in the queue.
2019-09-12 11:42:54,452 [ForkJoinPool.commonPool-worker-1] INFO  impl.StateMachineUpdater (StateMachineUpdater.java:stopAndJoin(115)) - StateMachineUpdater:6715b0c2-2cac-4432-b20f-e5b2d82a5ebf:group-36F3E52732BD: set stopIndex = 0
2019-09-12 11:42:54,453 [Thread-1338] INFO  segmented.SegmentedRaftLogWorker (SegmentedRaftLogWorker.java:close(228)) - ad30ec37-d18e-401b-ae2e-6142b59ef57e-SegmentedRaftLogWorker:Storage Directory /workdir/hadoop-ozone/ozonefs/target/test-dir/MiniOzoneClusterImpl-e692d26f-e14c-4f96-93da-7a5844c944d0/datanode-1/data/ratis/7af4c930-e99e-4ec5-aa5f-2ef6ac57bbc4 close()
2019-09-12 11:42:54,453 [ForkJoinPool.commonPool-worker-1] INFO  impl.RaftServerImpl (ServerState.java:close(394)) - 6715b0c2-2cac-4432-b20f-e5b2d82a5ebf:group-36F3E52732BD closes. The last applied log index is 0
2019-09-12 11:42:54,454 [Thread-1338] INFO  impl.RaftServerImpl (RaftServerImpl.java:lambda$shutdown$3(245)) - ad30ec37-d18e-401b-ae2e-6142b59ef57e: shutdown group-3648E9DCB6F7
2019-09-12 11:42:54,454 [6715b0c2-2cac-4432-b20f-e5b2d82a5ebf-SegmentedRaftLogWorker:Storage Directory /workdir/hadoop-ozone/ozonefs/target/test-dir/MiniOzoneClusterImpl-e692d26f-e14c-4f96-93da-7a5844c944d0/datanode-0/data/ratis/5363147f-20b6-48fd-820e-36f3e52732bd] INFO  segmented.SegmentedRaftLogWorker (SegmentedRaftLogWorker.java:run(313)) - 6715b0c2-2cac-4432-b20f-e5b2d82a5ebf-SegmentedRaftLogWorker:Storage Directory /workdir/hadoop-ozone/ozonefs/target/test-dir/MiniOzoneClusterImpl-e692d26f-e14c-4f96-93da-7a5844c944d0/datanode-0/data/ratis/5363147f-20b6-48fd-820e-36f3e52732bd was interrupted, exiting. There are 0 tasks remaining in the queue.
2019-09-12 11:42:54,455 [Thread-1338] INFO  util.JmxRegister (JmxRegister.java:unregister(73)) - Successfully un-registered JMX Bean with object name Ratis:service=RaftServer,group=group-3648E9DCB6F7,id=ad30ec37-d18e-401b-ae2e-6142b59ef57e
2019-09-12 11:42:54,455 [Thread-1338] INFO  impl.RoleInfo (RoleInfo.java:shutdownLeaderState(104)) - ad30ec37-d18e-401b-ae2e-6142b59ef57e: shutdown LeaderState
2019-09-12 11:42:54,455 [ForkJoinPool.commonPool-worker-1] INFO  segmented.SegmentedRaftLogWorker (SegmentedRaftLogWorker.java:close(228)) - 6715b0c2-2cac-4432-b20f-e5b2d82a5ebf-SegmentedRaftLogWorker:Storage Directory /workdir/hadoop-ozone/ozonefs/target/test-dir/MiniOzoneClusterImpl-e692d26f-e14c-4f96-93da-7a5844c944d0/datanode-0/data/ratis/5363147f-20b6-48fd-820e-36f3e52732bd close()
2019-09-12 11:42:54,456 [Thread-1338] INFO  impl.PendingRequests (PendingRequests.java:sendNotLeaderResponses(202)) - ad30ec37-d18e-401b-ae2e-6142b59ef57e-PendingRequests: sendNotLeaderResponses
2019-09-12 11:42:54,457 [ForkJoinPool.commonPool-worker-1] INFO  impl.RaftServerImpl (RaftServerImpl.java:lambda$shutdown$3(245)) - 6715b0c2-2cac-4432-b20f-e5b2d82a5ebf: shutdown group-0AF73B41127E
2019-09-12 11:42:54,457 [Thread-1338] INFO  impl.StateMachineUpdater (StateMachineUpdater.java:stopAndJoin(115)) - StateMachineUpdater:ad30ec37-d18e-401b-ae2e-6142b59ef57e:group-3648E9DCB6F7: set stopIndex = 0
2019-09-12 11:42:54,458 [ForkJoinPool.commonPool-worker-1] INFO  util.JmxRegister (JmxRegister.java:unregister(73)) - Successfully un-registered JMX Bean with object name Ratis:service=RaftServer,group=group-0AF73B41127E,id=6715b0c2-2cac-4432-b20f-e5b2d82a5ebf
2019-09-12 11:42:54,458 [Thread-1338] INFO  impl.RaftServerImpl (ServerState.java:close(394)) - ad30ec37-d18e-401b-ae2e-6142b59ef57e:group-3648E9DCB6F7 closes. The last applied log index is 0
2019-09-12 11:42:54,458 [ForkJoinPool.commonPool-worker-1] INFO  impl.RoleInfo (RoleInfo.java:shutdownLeaderState(104)) - 6715b0c2-2cac-4432-b20f-e5b2d82a5ebf: shutdown LeaderState
2019-09-12 11:42:54,459 [ad30ec37-d18e-401b-ae2e-6142b59ef57e-SegmentedRaftLogWorker:Storage Directory /workdir/hadoop-ozone/ozonefs/target/test-dir/MiniOzoneClusterImpl-e692d26f-e14c-4f96-93da-7a5844c944d0/datanode-1/data/ratis/bef8a0a6-b27f-425f-833c-3648e9dcb6f7] INFO  segmented.SegmentedRaftLogWorker (SegmentedRaftLogWorker.java:run(313)) - ad30ec37-d18e-401b-ae2e-6142b59ef57e-SegmentedRaftLogWorker:Storage Directory /workdir/hadoop-ozone/ozonefs/target/test-dir/MiniOzoneClusterImpl-e692d26f-e14c-4f96-93da-7a5844c944d0/datanode-1/data/ratis/bef8a0a6-b27f-425f-833c-3648e9dcb6f7 was interrupted, exiting. There are 0 tasks remaining in the queue.
2019-09-12 11:42:54,459 [ForkJoinPool.commonPool-worker-1] INFO  impl.PendingRequests (PendingRequests.java:sendNotLeaderResponses(202)) - 6715b0c2-2cac-4432-b20f-e5b2d82a5ebf-PendingRequests: sendNotLeaderResponses
2019-09-12 11:42:54,459 [Thread-1338] INFO  segmented.SegmentedRaftLogWorker (SegmentedRaftLogWorker.java:close(228)) - ad30ec37-d18e-401b-ae2e-6142b59ef57e-SegmentedRaftLogWorker:Storage Directory /workdir/hadoop-ozone/ozonefs/target/test-dir/MiniOzoneClusterImpl-e692d26f-e14c-4f96-93da-7a5844c944d0/datanode-1/data/ratis/bef8a0a6-b27f-425f-833c-3648e9dcb6f7 close()
2019-09-12 11:42:54,459 [ForkJoinPool.commonPool-worker-1] INFO  impl.StateMachineUpdater (StateMachineUpdater.java:stopAndJoin(115)) - StateMachineUpdater:6715b0c2-2cac-4432-b20f-e5b2d82a5ebf:group-0AF73B41127E: set stopIndex = 0
2019-09-12 11:42:54,461 [Thread-1338] INFO  impl.RaftServerImpl (RaftServerImpl.java:lambda$shutdown$3(245)) - ad30ec37-d18e-401b-ae2e-6142b59ef57e: shutdown group-A9DCB514B52F
2019-09-12 11:42:54,461 [ForkJoinPool.commonPool-worker-1] INFO  impl.RaftServerImpl (ServerState.java:close(394)) - 6715b0c2-2cac-4432-b20f-e5b2d82a5ebf:group-0AF73B41127E closes. The last applied log index is 0
2019-09-12 11:42:54,461 [Thread-1338] INFO  util.JmxRegister (JmxRegister.java:unregister(73)) - Successfully un-registered JMX Bean with object name Ratis:service=RaftServer,group=group-A9DCB514B52F,id=ad30ec37-d18e-401b-ae2e-6142b59ef57e
2019-09-12 11:42:54,461 [6715b0c2-2cac-4432-b20f-e5b2d82a5ebf-SegmentedRaftLogWorker:Storage Directory /workdir/hadoop-ozone/ozonefs/target/test-dir/MiniOzoneClusterImpl-e692d26f-e14c-4f96-93da-7a5844c944d0/datanode-0/data/ratis/34a689fe-e394-4b2e-9f80-0af73b41127e] INFO  segmented.SegmentedRaftLogWorker (SegmentedRaftLogWorker.java:run(313)) - 6715b0c2-2cac-4432-b20f-e5b2d82a5ebf-SegmentedRaftLogWorker:Storage Directory /workdir/hadoop-ozone/ozonefs/target/test-dir/MiniOzoneClusterImpl-e692d26f-e14c-4f96-93da-7a5844c944d0/datanode-0/data/ratis/34a689fe-e394-4b2e-9f80-0af73b41127e was interrupted, exiting. There are 0 tasks remaining in the queue.
2019-09-12 11:42:54,461 [Thread-1338] INFO  impl.RoleInfo (RoleInfo.java:shutdownLeaderState(104)) - ad30ec37-d18e-401b-ae2e-6142b59ef57e: shutdown LeaderState
2019-09-12 11:42:54,462 [ForkJoinPool.commonPool-worker-1] INFO  segmented.SegmentedRaftLogWorker (SegmentedRaftLogWorker.java:close(228)) - 6715b0c2-2cac-4432-b20f-e5b2d82a5ebf-SegmentedRaftLogWorker:Storage Directory /workdir/hadoop-ozone/ozonefs/target/test-dir/MiniOzoneClusterImpl-e692d26f-e14c-4f96-93da-7a5844c944d0/datanode-0/data/ratis/34a689fe-e394-4b2e-9f80-0af73b41127e close()
2019-09-12 11:42:54,462 [Thread-1338] INFO  impl.PendingRequests (PendingRequests.java:sendNotLeaderResponses(202)) - ad30ec37-d18e-401b-ae2e-6142b59ef57e-PendingRequests: sendNotLeaderResponses
2019-09-12 11:42:54,463 [ForkJoinPool.commonPool-worker-1] INFO  impl.RaftServerImpl (RaftServerImpl.java:lambda$shutdown$3(245)) - 6715b0c2-2cac-4432-b20f-e5b2d82a5ebf: shutdown group-E09FF3C8725B
2019-09-12 11:42:54,463 [Thread-1338] INFO  impl.StateMachineUpdater (StateMachineUpdater.java:stopAndJoin(115)) - StateMachineUpdater:ad30ec37-d18e-401b-ae2e-6142b59ef57e:group-A9DCB514B52F: set stopIndex = 0
2019-09-12 11:42:54,464 [Thread-1338] INFO  impl.RaftServerImpl (ServerState.java:close(394)) - ad30ec37-d18e-401b-ae2e-6142b59ef57e:group-A9DCB514B52F closes. The last applied log index is 0
2019-09-12 11:42:54,464 [ForkJoinPool.commonPool-worker-1] INFO  util.JmxRegister (JmxRegister.java:unregister(73)) - Successfully un-registered JMX Bean with object name Ratis:service=RaftServer,group=group-E09FF3C8725B,id=6715b0c2-2cac-4432-b20f-e5b2d82a5ebf
2019-09-12 11:42:54,464 [ad30ec37-d18e-401b-ae2e-6142b59ef57e-SegmentedRaftLogWorker:Storage Directory /workdir/hadoop-ozone/ozonefs/target/test-dir/MiniOzoneClusterImpl-e692d26f-e14c-4f96-93da-7a5844c944d0/datanode-1/data/ratis/28a439e2-75cc-4298-aaed-a9dcb514b52f] INFO  segmented.SegmentedRaftLogWorker (SegmentedRaftLogWorker.java:run(313)) - ad30ec37-d18e-401b-ae2e-6142b59ef57e-SegmentedRaftLogWorker:Storage Directory /workdir/hadoop-ozone/ozonefs/target/test-dir/MiniOzoneClusterImpl-e692d26f-e14c-4f96-93da-7a5844c944d0/datanode-1/data/ratis/28a439e2-75cc-4298-aaed-a9dcb514b52f was interrupted, exiting. There are 0 tasks remaining in the queue.
2019-09-12 11:42:54,464 [ForkJoinPool.commonPool-worker-1] INFO  impl.RoleInfo (RoleInfo.java:shutdownLeaderState(104)) - 6715b0c2-2cac-4432-b20f-e5b2d82a5ebf: shutdown LeaderState
2019-09-12 11:42:54,465 [Thread-1338] INFO  segmented.SegmentedRaftLogWorker (SegmentedRaftLogWorker.java:close(228)) - ad30ec37-d18e-401b-ae2e-6142b59ef57e-SegmentedRaftLogWorker:Storage Directory /workdir/hadoop-ozone/ozonefs/target/test-dir/MiniOzoneClusterImpl-e692d26f-e14c-4f96-93da-7a5844c944d0/datanode-1/data/ratis/28a439e2-75cc-4298-aaed-a9dcb514b52f close()
2019-09-12 11:42:54,465 [ForkJoinPool.commonPool-worker-1] INFO  impl.PendingRequests (PendingRequests.java:sendNotLeaderResponses(202)) - 6715b0c2-2cac-4432-b20f-e5b2d82a5ebf-PendingRequests: sendNotLeaderResponses
2019-09-12 11:42:54,466 [Thread-1338] INFO  impl.RaftServerImpl (RaftServerImpl.java:lambda$shutdown$3(245)) - ad30ec37-d18e-401b-ae2e-6142b59ef57e: shutdown group-4A71D00468F1
2019-09-12 11:42:54,466 [ForkJoinPool.commonPool-worker-1] INFO  impl.StateMachineUpdater (StateMachineUpdater.java:stopAndJoin(115)) - StateMachineUpdater:6715b0c2-2cac-4432-b20f-e5b2d82a5ebf:group-E09FF3C8725B: set stopIndex = 0
2019-09-12 11:42:54,466 [Thread-1338] INFO  util.JmxRegister (JmxRegister.java:unregister(73)) - Successfully un-registered JMX Bean with object name Ratis:service=RaftServer,group=group-4A71D00468F1,id=ad30ec37-d18e-401b-ae2e-6142b59ef57e
2019-09-12 11:42:54,466 [ForkJoinPool.commonPool-worker-1] INFO  impl.RaftServerImpl (ServerState.java:close(394)) - 6715b0c2-2cac-4432-b20f-e5b2d82a5ebf:group-E09FF3C8725B closes. The last applied log index is 0
2019-09-12 11:42:54,467 [Thread-1338] INFO  impl.RoleInfo (RoleInfo.java:shutdownLeaderState(104)) - ad30ec37-d18e-401b-ae2e-6142b59ef57e: shutdown LeaderState
2019-09-12 11:42:54,467 [6715b0c2-2cac-4432-b20f-e5b2d82a5ebf-SegmentedRaftLogWorker:Storage Directory /workdir/hadoop-ozone/ozonefs/target/test-dir/MiniOzoneClusterImpl-e692d26f-e14c-4f96-93da-7a5844c944d0/datanode-0/data/ratis/a825f36f-9fe6-41b3-a6fd-e09ff3c8725b] INFO  segmented.SegmentedRaftLogWorker (SegmentedRaftLogWorker.java:run(313)) - 6715b0c2-2cac-4432-b20f-e5b2d82a5ebf-SegmentedRaftLogWorker:Storage Directory /workdir/hadoop-ozone/ozonefs/target/test-dir/MiniOzoneClusterImpl-e692d26f-e14c-4f96-93da-7a5844c944d0/datanode-0/data/ratis/a825f36f-9fe6-41b3-a6fd-e09ff3c8725b was interrupted, exiting. There are 0 tasks remaining in the queue.
2019-09-12 11:42:54,467 [Thread-1338] INFO  impl.PendingRequests (PendingRequests.java:sendNotLeaderResponses(202)) - ad30ec37-d18e-401b-ae2e-6142b59ef57e-PendingRequests: sendNotLeaderResponses
2019-09-12 11:42:54,467 [ForkJoinPool.commonPool-worker-1] INFO  segmented.SegmentedRaftLogWorker (SegmentedRaftLogWorker.java:close(228)) - 6715b0c2-2cac-4432-b20f-e5b2d82a5ebf-SegmentedRaftLogWorker:Storage Directory /workdir/hadoop-ozone/ozonefs/target/test-dir/MiniOzoneClusterImpl-e692d26f-e14c-4f96-93da-7a5844c944d0/datanode-0/data/ratis/a825f36f-9fe6-41b3-a6fd-e09ff3c8725b close()
2019-09-12 11:42:54,468 [Thread-1338] INFO  impl.StateMachineUpdater (StateMachineUpdater.java:stopAndJoin(115)) - StateMachineUpdater:ad30ec37-d18e-401b-ae2e-6142b59ef57e:group-4A71D00468F1: set stopIndex = 0
2019-09-12 11:42:54,469 [ForkJoinPool.commonPool-worker-1] INFO  impl.RaftServerImpl (RaftServerImpl.java:lambda$shutdown$3(245)) - 6715b0c2-2cac-4432-b20f-e5b2d82a5ebf: shutdown group-4AE864D36B6A
2019-09-12 11:42:54,469 [Thread-1338] INFO  impl.RaftServerImpl (ServerState.java:close(394)) - ad30ec37-d18e-401b-ae2e-6142b59ef57e:group-4A71D00468F1 closes. The last applied log index is 0
2019-09-12 11:42:54,469 [ForkJoinPool.commonPool-worker-1] INFO  util.JmxRegister (JmxRegister.java:unregister(73)) - Successfully un-registered JMX Bean with object name Ratis:service=RaftServer,group=group-4AE864D36B6A,id=6715b0c2-2cac-4432-b20f-e5b2d82a5ebf
2019-09-12 11:42:54,470 [ad30ec37-d18e-401b-ae2e-6142b59ef57e-SegmentedRaftLogWorker:Storage Directory /workdir/hadoop-ozone/ozonefs/target/test-dir/MiniOzoneClusterImpl-e692d26f-e14c-4f96-93da-7a5844c944d0/datanode-1/data/ratis/1796e9a8-3a31-4978-ae9a-4a71d00468f1] INFO  segmented.SegmentedRaftLogWorker (SegmentedRaftLogWorker.java:run(313)) - ad30ec37-d18e-401b-ae2e-6142b59ef57e-SegmentedRaftLogWorker:Storage Directory /workdir/hadoop-ozone/ozonefs/target/test-dir/MiniOzoneClusterImpl-e692d26f-e14c-4f96-93da-7a5844c944d0/datanode-1/data/ratis/1796e9a8-3a31-4978-ae9a-4a71d00468f1 was interrupted, exiting. There are 0 tasks remaining in the queue.
2019-09-12 11:42:54,470 [ForkJoinPool.commonPool-worker-1] INFO  impl.RoleInfo (RoleInfo.java:shutdownLeaderState(104)) - 6715b0c2-2cac-4432-b20f-e5b2d82a5ebf: shutdown LeaderState
2019-09-12 11:42:54,470 [Thread-1338] INFO  segmented.SegmentedRaftLogWorker (SegmentedRaftLogWorker.java:close(228)) - ad30ec37-d18e-401b-ae2e-6142b59ef57e-SegmentedRaftLogWorker:Storage Directory /workdir/hadoop-ozone/ozonefs/target/test-dir/MiniOzoneClusterImpl-e692d26f-e14c-4f96-93da-7a5844c944d0/datanode-1/data/ratis/1796e9a8-3a31-4978-ae9a-4a71d00468f1 close()
2019-09-12 11:42:54,470 [ForkJoinPool.commonPool-worker-1] INFO  impl.PendingRequests (PendingRequests.java:sendNotLeaderResponses(202)) - 6715b0c2-2cac-4432-b20f-e5b2d82a5ebf-PendingRequests: sendNotLeaderResponses
2019-09-12 11:42:54,471 [Thread-1338] INFO  server.GrpcService (GrpcService.java:closeImpl(155)) - ad30ec37-d18e-401b-ae2e-6142b59ef57e: shutdown server with port 33926 now
2019-09-12 11:42:54,471 [ForkJoinPool.commonPool-worker-1] INFO  impl.StateMachineUpdater (StateMachineUpdater.java:stopAndJoin(115)) - StateMachineUpdater:6715b0c2-2cac-4432-b20f-e5b2d82a5ebf:group-4AE864D36B6A: set stopIndex = 0
2019-09-12 11:42:54,472 [ForkJoinPool.commonPool-worker-1] INFO  impl.RaftServerImpl (ServerState.java:close(394)) - 6715b0c2-2cac-4432-b20f-e5b2d82a5ebf:group-4AE864D36B6A closes. The last applied log index is 0
2019-09-12 11:42:54,473 [Thread-1338] INFO  server.GrpcService (GrpcService.java:closeImpl(163)) - ad30ec37-d18e-401b-ae2e-6142b59ef57e: shutdown server with port 33926 successfully
2019-09-12 11:42:54,473 [6715b0c2-2cac-4432-b20f-e5b2d82a5ebf-SegmentedRaftLogWorker:Storage Directory /workdir/hadoop-ozone/ozonefs/target/test-dir/MiniOzoneClusterImpl-e692d26f-e14c-4f96-93da-7a5844c944d0/datanode-0/data/ratis/492e4957-e23b-4b17-a50b-4ae864d36b6a] INFO  segmented.SegmentedRaftLogWorker (SegmentedRaftLogWorker.java:run(313)) - 6715b0c2-2cac-4432-b20f-e5b2d82a5ebf-SegmentedRaftLogWorker:Storage Directory /workdir/hadoop-ozone/ozonefs/target/test-dir/MiniOzoneClusterImpl-e692d26f-e14c-4f96-93da-7a5844c944d0/datanode-0/data/ratis/492e4957-e23b-4b17-a50b-4ae864d36b6a was interrupted, exiting. There are 0 tasks remaining in the queue.
2019-09-12 11:42:54,473 [ForkJoinPool.commonPool-worker-1] INFO  segmented.SegmentedRaftLogWorker (SegmentedRaftLogWorker.java:close(228)) - 6715b0c2-2cac-4432-b20f-e5b2d82a5ebf-SegmentedRaftLogWorker:Storage Directory /workdir/hadoop-ozone/ozonefs/target/test-dir/MiniOzoneClusterImpl-e692d26f-e14c-4f96-93da-7a5844c944d0/datanode-0/data/ratis/492e4957-e23b-4b17-a50b-4ae864d36b6a close()
2019-09-12 11:42:54,474 [Thread-1338] INFO  utils.BackgroundService (BackgroundService.java:shutdown(148)) - Shutting down service BlockDeletingService
2019-09-12 11:42:54,475 [ForkJoinPool.commonPool-worker-1] INFO  server.GrpcService (GrpcService.java:closeImpl(155)) - 6715b0c2-2cac-4432-b20f-e5b2d82a5ebf: shutdown server with port 38481 now
2019-09-12 11:42:54,476 [ForkJoinPool.commonPool-worker-1] INFO  server.GrpcService (GrpcService.java:closeImpl(163)) - 6715b0c2-2cac-4432-b20f-e5b2d82a5ebf: shutdown server with port 38481 successfully
2019-09-12 11:42:54,476 [refreshUsed-/workdir/hadoop-ozone/ozonefs/target/test-dir/MiniOzoneClusterImpl-e692d26f-e14c-4f96-93da-7a5844c944d0/datanode-1/data/containers] WARN  fs.CachingGetSpaceUsed (CachingGetSpaceUsed.java:run(183)) - Thread Interrupted waiting to refresh disk information: sleep interrupted
2019-09-12 11:42:54,477 [ForkJoinPool.commonPool-worker-1] INFO  utils.BackgroundService (BackgroundService.java:shutdown(148)) - Shutting down service BlockDeletingService
2019-09-12 11:42:54,478 [refreshUsed-/workdir/hadoop-ozone/ozonefs/target/test-dir/MiniOzoneClusterImpl-e692d26f-e14c-4f96-93da-7a5844c944d0/datanode-0/data/containers] WARN  fs.CachingGetSpaceUsed (CachingGetSpaceUsed.java:run(183)) - Thread Interrupted waiting to refresh disk information: sleep interrupted
2019-09-12 11:42:54,506 [ForkJoinPool.commonPool-worker-1] INFO  statemachine.DatanodeStateMachine (DatanodeStateMachine.java:stopDaemon(395)) - Ozone container server stopped.
2019-09-12 11:42:54,510 [ForkJoinPool.commonPool-worker-1] INFO  handler.ContextHandler (ContextHandler.java:doStop(910)) - Stopped o.e.j.w.WebAppContext@45686ece{/,null,UNAVAILABLE}{/hddsDatanode}
2019-09-12 11:42:54,511 [Thread-1338] INFO  statemachine.DatanodeStateMachine (DatanodeStateMachine.java:stopDaemon(395)) - Ozone container server stopped.
2019-09-12 11:42:54,511 [ForkJoinPool.commonPool-worker-1] INFO  server.AbstractConnector (AbstractConnector.java:doStop(318)) - Stopped ServerConnector@27766a86{HTTP/1.1,[http/1.1]}{0.0.0.0:0}
2019-09-12 11:42:54,512 [ForkJoinPool.commonPool-worker-1] INFO  handler.ContextHandler (ContextHandler.java:doStop(910)) - Stopped o.e.j.s.ServletContextHandler@41de4589{/static,jar:file:/home/user/.m2/repository/org/apache/hadoop/hadoop-hdds-container-service/0.5.0-SNAPSHOT/hadoop-hdds-container-service-0.5.0-SNAPSHOT.jar!/webapps/static,UNAVAILABLE}
2019-09-12 11:42:54,512 [Thread-1338] INFO  handler.ContextHandler (ContextHandler.java:doStop(910)) - Stopped o.e.j.w.WebAppContext@6c330658{/,null,UNAVAILABLE}{/hddsDatanode}
2019-09-12 11:42:54,513 [ForkJoinPool.commonPool-worker-1] INFO  handler.ContextHandler (ContextHandler.java:doStop(910)) - Stopped o.e.j.s.ServletContextHandler@5313893d{/logs,file:///workdir/hadoop-ozone/ozonefs/target/log,UNAVAILABLE}
2019-09-12 11:42:54,514 [Thread-1338] INFO  server.AbstractConnector (AbstractConnector.java:doStop(318)) - Stopped ServerConnector@71792b0d{HTTP/1.1,[http/1.1]}{0.0.0.0:0}
2019-09-12 11:42:54,514 [ForkJoinPool.commonPool-worker-1] INFO  datanode.ObjectStoreHandler (ObjectStoreHandler.java:close(155)) - Closing ObjectStoreHandler.
2019-09-12 11:42:54,514 [Thread-1338] INFO  handler.ContextHandler (ContextHandler.java:doStop(910)) - Stopped o.e.j.s.ServletContextHandler@23665963{/static,jar:file:/home/user/.m2/repository/org/apache/hadoop/hadoop-hdds-container-service/0.5.0-SNAPSHOT/hadoop-hdds-container-service-0.5.0-SNAPSHOT.jar!/webapps/static,UNAVAILABLE}
2019-09-12 11:42:54,514 [ForkJoinPool.commonPool-worker-1] INFO  ozone.HddsDatanodeService (HddsDatanodeService.java:stop(451)) - Stopped plug-in org.apache.hadoop.ozone.web.OzoneHddsDatanodeService@5065c68c
2019-09-12 11:42:54,514 [Thread-1338] INFO  handler.ContextHandler (ContextHandler.java:doStop(910)) - Stopped o.e.j.s.ServletContextHandler@882859f{/logs,file:///workdir/hadoop-ozone/ozonefs/target/log,UNAVAILABLE}
2019-09-12 11:42:55,239 [Datanode State Machine Thread - 0] INFO  statemachine.DatanodeStateMachine (DatanodeStateMachine.java:lambda$startDaemon$0(350)) - Ozone container server started.
2019-09-12 11:42:59,515 [ForkJoinPool.commonPool-worker-1] INFO  ozoneimpl.OzoneContainer (OzoneContainer.java:stop(199)) - Attempting to stop container services.
2019-09-12 11:42:59,516 [ForkJoinPool.commonPool-worker-1] INFO  impl.RaftServerProxy (RaftServerProxy.java:lambda$close$4(314)) - 09dcba98-4a13-46c9-a161-8b5a08f93115: close
2019-09-12 11:42:59,516 [ForkJoinPool.commonPool-worker-1] INFO  impl.RaftServerImpl (RaftServerImpl.java:lambda$shutdown$3(245)) - 09dcba98-4a13-46c9-a161-8b5a08f93115: shutdown group-301659EA8929
2019-09-12 11:42:59,516 [ForkJoinPool.commonPool-worker-1] INFO  util.JmxRegister (JmxRegister.java:unregister(73)) - Successfully un-registered JMX Bean with object name Ratis:service=RaftServer,group=group-301659EA8929,id=09dcba98-4a13-46c9-a161-8b5a08f93115
2019-09-12 11:42:59,516 [ForkJoinPool.commonPool-worker-1] INFO  impl.RoleInfo (RoleInfo.java:shutdownLeaderState(104)) - 09dcba98-4a13-46c9-a161-8b5a08f93115: shutdown LeaderState
2019-09-12 11:42:59,517 [ForkJoinPool.commonPool-worker-1] INFO  impl.PendingRequests (PendingRequests.java:sendNotLeaderResponses(202)) - 09dcba98-4a13-46c9-a161-8b5a08f93115-PendingRequests: sendNotLeaderResponses
2019-09-12 11:42:59,517 [ForkJoinPool.commonPool-worker-1] INFO  impl.StateMachineUpdater (StateMachineUpdater.java:stopAndJoin(115)) - StateMachineUpdater:09dcba98-4a13-46c9-a161-8b5a08f93115:group-301659EA8929: set stopIndex = 0
2019-09-12 11:42:59,517 [ForkJoinPool.commonPool-worker-1] INFO  impl.RaftServerImpl (ServerState.java:close(394)) - 09dcba98-4a13-46c9-a161-8b5a08f93115:group-301659EA8929 closes. The last applied log index is 0
2019-09-12 11:42:59,517 [09dcba98-4a13-46c9-a161-8b5a08f93115-SegmentedRaftLogWorker:Storage Directory /workdir/hadoop-ozone/ozonefs/target/test-dir/MiniOzoneClusterImpl-e692d26f-e14c-4f96-93da-7a5844c944d0/datanode-2/data/ratis/9b96bc99-79f0-4d7b-bef5-301659ea8929] INFO  segmented.SegmentedRaftLogWorker (SegmentedRaftLogWorker.java:run(313)) - 09dcba98-4a13-46c9-a161-8b5a08f93115-SegmentedRaftLogWorker:Storage Directory /workdir/hadoop-ozone/ozonefs/target/test-dir/MiniOzoneClusterImpl-e692d26f-e14c-4f96-93da-7a5844c944d0/datanode-2/data/ratis/9b96bc99-79f0-4d7b-bef5-301659ea8929 was interrupted, exiting. There are 0 tasks remaining in the queue.
2019-09-12 11:42:59,518 [ForkJoinPool.commonPool-worker-1] INFO  segmented.SegmentedRaftLogWorker (SegmentedRaftLogWorker.java:close(228)) - 09dcba98-4a13-46c9-a161-8b5a08f93115-SegmentedRaftLogWorker:Storage Directory /workdir/hadoop-ozone/ozonefs/target/test-dir/MiniOzoneClusterImpl-e692d26f-e14c-4f96-93da-7a5844c944d0/datanode-2/data/ratis/9b96bc99-79f0-4d7b-bef5-301659ea8929 close()
2019-09-12 11:42:59,519 [ForkJoinPool.commonPool-worker-1] INFO  impl.RaftServerImpl (RaftServerImpl.java:lambda$shutdown$3(245)) - 09dcba98-4a13-46c9-a161-8b5a08f93115: shutdown group-799792831379
2019-09-12 11:42:59,519 [ForkJoinPool.commonPool-worker-1] INFO  util.JmxRegister (JmxRegister.java:unregister(73)) - Successfully un-registered JMX Bean with object name Ratis:service=RaftServer,group=group-799792831379,id=09dcba98-4a13-46c9-a161-8b5a08f93115
2019-09-12 11:42:59,519 [ForkJoinPool.commonPool-worker-1] INFO  impl.RoleInfo (RoleInfo.java:shutdownLeaderState(104)) - 09dcba98-4a13-46c9-a161-8b5a08f93115: shutdown LeaderState
2019-09-12 11:42:59,520 [ForkJoinPool.commonPool-worker-1] INFO  impl.PendingRequests (PendingRequests.java:sendNotLeaderResponses(202)) - 09dcba98-4a13-46c9-a161-8b5a08f93115-PendingRequests: sendNotLeaderResponses
2019-09-12 11:42:59,520 [ForkJoinPool.commonPool-worker-1] INFO  impl.StateMachineUpdater (StateMachineUpdater.java:stopAndJoin(115)) - StateMachineUpdater:09dcba98-4a13-46c9-a161-8b5a08f93115:group-799792831379: set stopIndex = 0
2019-09-12 11:42:59,520 [ForkJoinPool.commonPool-worker-1] INFO  impl.RaftServerImpl (ServerState.java:close(394)) - 09dcba98-4a13-46c9-a161-8b5a08f93115:group-799792831379 closes. The last applied log index is 0
2019-09-12 11:42:59,520 [09dcba98-4a13-46c9-a161-8b5a08f93115-SegmentedRaftLogWorker:Storage Directory /workdir/hadoop-ozone/ozonefs/target/test-dir/MiniOzoneClusterImpl-e692d26f-e14c-4f96-93da-7a5844c944d0/datanode-2/data/ratis/ba19a07a-240a-4f44-90a7-799792831379] INFO  segmented.SegmentedRaftLogWorker (SegmentedRaftLogWorker.java:run(313)) - 09dcba98-4a13-46c9-a161-8b5a08f93115-SegmentedRaftLogWorker:Storage Directory /workdir/hadoop-ozone/ozonefs/target/test-dir/MiniOzoneClusterImpl-e692d26f-e14c-4f96-93da-7a5844c944d0/datanode-2/data/ratis/ba19a07a-240a-4f44-90a7-799792831379 was interrupted, exiting. There are 0 tasks remaining in the queue.
2019-09-12 11:42:59,520 [ForkJoinPool.commonPool-worker-1] INFO  segmented.SegmentedRaftLogWorker (SegmentedRaftLogWorker.java:close(228)) - 09dcba98-4a13-46c9-a161-8b5a08f93115-SegmentedRaftLogWorker:Storage Directory /workdir/hadoop-ozone/ozonefs/target/test-dir/MiniOzoneClusterImpl-e692d26f-e14c-4f96-93da-7a5844c944d0/datanode-2/data/ratis/ba19a07a-240a-4f44-90a7-799792831379 close()
2019-09-12 11:42:59,522 [ForkJoinPool.commonPool-worker-1] INFO  impl.RaftServerImpl (RaftServerImpl.java:lambda$shutdown$3(245)) - 09dcba98-4a13-46c9-a161-8b5a08f93115: shutdown group-B305037FABD4
2019-09-12 11:42:59,522 [ForkJoinPool.commonPool-worker-1] INFO  util.JmxRegister (JmxRegister.java:unregister(73)) - Successfully un-registered JMX Bean with object name Ratis:service=RaftServer,group=group-B305037FABD4,id=09dcba98-4a13-46c9-a161-8b5a08f93115
2019-09-12 11:42:59,522 [ForkJoinPool.commonPool-worker-1] INFO  impl.RoleInfo (RoleInfo.java:shutdownLeaderState(104)) - 09dcba98-4a13-46c9-a161-8b5a08f93115: shutdown LeaderState
2019-09-12 11:42:59,522 [ForkJoinPool.commonPool-worker-1] INFO  impl.PendingRequests (PendingRequests.java:sendNotLeaderResponses(202)) - 09dcba98-4a13-46c9-a161-8b5a08f93115-PendingRequests: sendNotLeaderResponses
2019-09-12 11:42:59,523 [ForkJoinPool.commonPool-worker-1] INFO  impl.StateMachineUpdater (StateMachineUpdater.java:stopAndJoin(115)) - StateMachineUpdater:09dcba98-4a13-46c9-a161-8b5a08f93115:group-B305037FABD4: set stopIndex = 0
2019-09-12 11:42:59,523 [ForkJoinPool.commonPool-worker-1] INFO  impl.RaftServerImpl (ServerState.java:close(394)) - 09dcba98-4a13-46c9-a161-8b5a08f93115:group-B305037FABD4 closes. The last applied log index is 0
2019-09-12 11:42:59,523 [09dcba98-4a13-46c9-a161-8b5a08f93115-SegmentedRaftLogWorker:Storage Directory /workdir/hadoop-ozone/ozonefs/target/test-dir/MiniOzoneClusterImpl-e692d26f-e14c-4f96-93da-7a5844c944d0/datanode-2/data/ratis/fab30338-a298-4a9d-a561-b305037fabd4] INFO  segmented.SegmentedRaftLogWorker (SegmentedRaftLogWorker.java:run(313)) - 09dcba98-4a13-46c9-a161-8b5a08f93115-SegmentedRaftLogWorker:Storage Directory /workdir/hadoop-ozone/ozonefs/target/test-dir/MiniOzoneClusterImpl-e692d26f-e14c-4f96-93da-7a5844c944d0/datanode-2/data/ratis/fab30338-a298-4a9d-a561-b305037fabd4 was interrupted, exiting. There are 0 tasks remaining in the queue.
2019-09-12 11:42:59,523 [ForkJoinPool.commonPool-worker-1] INFO  segmented.SegmentedRaftLogWorker (SegmentedRaftLogWorker.java:close(228)) - 09dcba98-4a13-46c9-a161-8b5a08f93115-SegmentedRaftLogWorker:Storage Directory /workdir/hadoop-ozone/ozonefs/target/test-dir/MiniOzoneClusterImpl-e692d26f-e14c-4f96-93da-7a5844c944d0/datanode-2/data/ratis/fab30338-a298-4a9d-a561-b305037fabd4 close()
2019-09-12 11:42:59,525 [ForkJoinPool.commonPool-worker-1] INFO  impl.RaftServerImpl (RaftServerImpl.java:lambda$shutdown$3(245)) - 09dcba98-4a13-46c9-a161-8b5a08f93115: shutdown group-62AEA5EBEEF5
2019-09-12 11:42:59,525 [ForkJoinPool.commonPool-worker-1] INFO  util.JmxRegister (JmxRegister.java:unregister(73)) - Successfully un-registered JMX Bean with object name Ratis:service=RaftServer,group=group-62AEA5EBEEF5,id=09dcba98-4a13-46c9-a161-8b5a08f93115
2019-09-12 11:42:59,525 [ForkJoinPool.commonPool-worker-1] INFO  impl.RoleInfo (RoleInfo.java:shutdownLeaderState(104)) - 09dcba98-4a13-46c9-a161-8b5a08f93115: shutdown LeaderState
2019-09-12 11:42:59,525 [ForkJoinPool.commonPool-worker-1] INFO  impl.PendingRequests (PendingRequests.java:sendNotLeaderResponses(202)) - 09dcba98-4a13-46c9-a161-8b5a08f93115-PendingRequests: sendNotLeaderResponses
2019-09-12 11:42:59,526 [ForkJoinPool.commonPool-worker-1] INFO  impl.StateMachineUpdater (StateMachineUpdater.java:stopAndJoin(115)) - StateMachineUpdater:09dcba98-4a13-46c9-a161-8b5a08f93115:group-62AEA5EBEEF5: set stopIndex = 0
2019-09-12 11:42:59,526 [ForkJoinPool.commonPool-worker-1] INFO  impl.RaftServerImpl (ServerState.java:close(394)) - 09dcba98-4a13-46c9-a161-8b5a08f93115:group-62AEA5EBEEF5 closes. The last applied log index is 0
2019-09-12 11:42:59,526 [09dcba98-4a13-46c9-a161-8b5a08f93115-SegmentedRaftLogWorker:Storage Directory /workdir/hadoop-ozone/ozonefs/target/test-dir/MiniOzoneClusterImpl-e692d26f-e14c-4f96-93da-7a5844c944d0/datanode-2/data/ratis/a2d02737-2dd6-49af-8835-62aea5ebeef5] INFO  segmented.SegmentedRaftLogWorker (SegmentedRaftLogWorker.java:run(313)) - 09dcba98-4a13-46c9-a161-8b5a08f93115-SegmentedRaftLogWorker:Storage Directory /workdir/hadoop-ozone/ozonefs/target/test-dir/MiniOzoneClusterImpl-e692d26f-e14c-4f96-93da-7a5844c944d0/datanode-2/data/ratis/a2d02737-2dd6-49af-8835-62aea5ebeef5 was interrupted, exiting. There are 0 tasks remaining in the queue.
2019-09-12 11:42:59,526 [ForkJoinPool.commonPool-worker-1] INFO  segmented.SegmentedRaftLogWorker (SegmentedRaftLogWorker.java:close(228)) - 09dcba98-4a13-46c9-a161-8b5a08f93115-SegmentedRaftLogWorker:Storage Directory /workdir/hadoop-ozone/ozonefs/target/test-dir/MiniOzoneClusterImpl-e692d26f-e14c-4f96-93da-7a5844c944d0/datanode-2/data/ratis/a2d02737-2dd6-49af-8835-62aea5ebeef5 close()
2019-09-12 11:42:59,528 [ForkJoinPool.commonPool-worker-1] INFO  impl.RaftServerImpl (RaftServerImpl.java:lambda$shutdown$3(245)) - 09dcba98-4a13-46c9-a161-8b5a08f93115: shutdown group-1D935C2442F4
2019-09-12 11:42:59,528 [ForkJoinPool.commonPool-worker-1] INFO  util.JmxRegister (JmxRegister.java:unregister(73)) - Successfully un-registered JMX Bean with object name Ratis:service=RaftServer,group=group-1D935C2442F4,id=09dcba98-4a13-46c9-a161-8b5a08f93115
2019-09-12 11:42:59,528 [ForkJoinPool.commonPool-worker-1] INFO  impl.RoleInfo (RoleInfo.java:shutdownLeaderState(104)) - 09dcba98-4a13-46c9-a161-8b5a08f93115: shutdown LeaderState
2019-09-12 11:42:59,528 [ForkJoinPool.commonPool-worker-1] INFO  impl.PendingRequests (PendingRequests.java:sendNotLeaderResponses(202)) - 09dcba98-4a13-46c9-a161-8b5a08f93115-PendingRequests: sendNotLeaderResponses
2019-09-12 11:42:59,529 [ForkJoinPool.commonPool-worker-1] INFO  impl.StateMachineUpdater (StateMachineUpdater.java:stopAndJoin(115)) - StateMachineUpdater:09dcba98-4a13-46c9-a161-8b5a08f93115:group-1D935C2442F4: set stopIndex = 0
2019-09-12 11:42:59,529 [ForkJoinPool.commonPool-worker-1] INFO  impl.RaftServerImpl (ServerState.java:close(394)) - 09dcba98-4a13-46c9-a161-8b5a08f93115:group-1D935C2442F4 closes. The last applied log index is 0
2019-09-12 11:42:59,529 [09dcba98-4a13-46c9-a161-8b5a08f93115-SegmentedRaftLogWorker:Storage Directory /workdir/hadoop-ozone/ozonefs/target/test-dir/MiniOzoneClusterImpl-e692d26f-e14c-4f96-93da-7a5844c944d0/datanode-2/data/ratis/6eb35068-fc68-41cc-bb10-1d935c2442f4] INFO  segmented.SegmentedRaftLogWorker (SegmentedRaftLogWorker.java:run(313)) - 09dcba98-4a13-46c9-a161-8b5a08f93115-SegmentedRaftLogWorker:Storage Directory /workdir/hadoop-ozone/ozonefs/target/test-dir/MiniOzoneClusterImpl-e692d26f-e14c-4f96-93da-7a5844c944d0/datanode-2/data/ratis/6eb35068-fc68-41cc-bb10-1d935c2442f4 was interrupted, exiting. There are 0 tasks remaining in the queue.
2019-09-12 11:42:59,529 [ForkJoinPool.commonPool-worker-1] INFO  segmented.SegmentedRaftLogWorker (SegmentedRaftLogWorker.java:close(228)) - 09dcba98-4a13-46c9-a161-8b5a08f93115-SegmentedRaftLogWorker:Storage Directory /workdir/hadoop-ozone/ozonefs/target/test-dir/MiniOzoneClusterImpl-e692d26f-e14c-4f96-93da-7a5844c944d0/datanode-2/data/ratis/6eb35068-fc68-41cc-bb10-1d935c2442f4 close()
2019-09-12 11:42:59,531 [ForkJoinPool.commonPool-worker-1] INFO  impl.RaftServerImpl (RaftServerImpl.java:lambda$shutdown$3(245)) - 09dcba98-4a13-46c9-a161-8b5a08f93115: shutdown group-E1563034ECD9
2019-09-12 11:42:59,531 [ForkJoinPool.commonPool-worker-1] INFO  util.JmxRegister (JmxRegister.java:unregister(73)) - Successfully un-registered JMX Bean with object name Ratis:service=RaftServer,group=group-E1563034ECD9,id=09dcba98-4a13-46c9-a161-8b5a08f93115
2019-09-12 11:42:59,531 [ForkJoinPool.commonPool-worker-1] INFO  impl.RoleInfo (RoleInfo.java:shutdownLeaderState(104)) - 09dcba98-4a13-46c9-a161-8b5a08f93115: shutdown LeaderState
2019-09-12 11:42:59,531 [ForkJoinPool.commonPool-worker-1] INFO  impl.PendingRequests (PendingRequests.java:sendNotLeaderResponses(202)) - 09dcba98-4a13-46c9-a161-8b5a08f93115-PendingRequests: sendNotLeaderResponses
2019-09-12 11:42:59,532 [ForkJoinPool.commonPool-worker-1] INFO  impl.StateMachineUpdater (StateMachineUpdater.java:stopAndJoin(115)) - StateMachineUpdater:09dcba98-4a13-46c9-a161-8b5a08f93115:group-E1563034ECD9: set stopIndex = 0
2019-09-12 11:42:59,532 [ForkJoinPool.commonPool-worker-1] INFO  impl.RaftServerImpl (ServerState.java:close(394)) - 09dcba98-4a13-46c9-a161-8b5a08f93115:group-E1563034ECD9 closes. The last applied log index is 0
2019-09-12 11:42:59,532 [09dcba98-4a13-46c9-a161-8b5a08f93115-SegmentedRaftLogWorker:Storage Directory /workdir/hadoop-ozone/ozonefs/target/test-dir/MiniOzoneClusterImpl-e692d26f-e14c-4f96-93da-7a5844c944d0/datanode-2/data/ratis/c28fc7da-4dd2-4de0-af02-e1563034ecd9] INFO  segmented.SegmentedRaftLogWorker (SegmentedRaftLogWorker.java:run(313)) - 09dcba98-4a13-46c9-a161-8b5a08f93115-SegmentedRaftLogWorker:Storage Directory /workdir/hadoop-ozone/ozonefs/target/test-dir/MiniOzoneClusterImpl-e692d26f-e14c-4f96-93da-7a5844c944d0/datanode-2/data/ratis/c28fc7da-4dd2-4de0-af02-e1563034ecd9 was interrupted, exiting. There are 0 tasks remaining in the queue.
2019-09-12 11:42:59,532 [ForkJoinPool.commonPool-worker-1] INFO  segmented.SegmentedRaftLogWorker (SegmentedRaftLogWorker.java:close(228)) - 09dcba98-4a13-46c9-a161-8b5a08f93115-SegmentedRaftLogWorker:Storage Directory /workdir/hadoop-ozone/ozonefs/target/test-dir/MiniOzoneClusterImpl-e692d26f-e14c-4f96-93da-7a5844c944d0/datanode-2/data/ratis/c28fc7da-4dd2-4de0-af02-e1563034ecd9 close()
2019-09-12 11:42:59,534 [ForkJoinPool.commonPool-worker-1] INFO  server.GrpcService (GrpcService.java:closeImpl(155)) - 09dcba98-4a13-46c9-a161-8b5a08f93115: shutdown server with port 43521 now
2019-09-12 11:42:59,535 [ForkJoinPool.commonPool-worker-1] INFO  server.GrpcService (GrpcService.java:closeImpl(163)) - 09dcba98-4a13-46c9-a161-8b5a08f93115: shutdown server with port 43521 successfully
2019-09-12 11:42:59,537 [ForkJoinPool.commonPool-worker-1] INFO  utils.BackgroundService (BackgroundService.java:shutdown(148)) - Shutting down service BlockDeletingService
2019-09-12 11:42:59,539 [refreshUsed-/workdir/hadoop-ozone/ozonefs/target/test-dir/MiniOzoneClusterImpl-e692d26f-e14c-4f96-93da-7a5844c944d0/datanode-2/data/containers] WARN  fs.CachingGetSpaceUsed (CachingGetSpaceUsed.java:run(183)) - Thread Interrupted waiting to refresh disk information: sleep interrupted
2019-09-12 11:42:59,562 [ForkJoinPool.commonPool-worker-1] INFO  statemachine.DatanodeStateMachine (DatanodeStateMachine.java:stopDaemon(395)) - Ozone container server stopped.
2019-09-12 11:42:59,566 [ForkJoinPool.commonPool-worker-1] INFO  handler.ContextHandler (ContextHandler.java:doStop(910)) - Stopped o.e.j.w.WebAppContext@498d946d{/,null,UNAVAILABLE}{/hddsDatanode}
2019-09-12 11:42:59,567 [ForkJoinPool.commonPool-worker-1] INFO  server.AbstractConnector (AbstractConnector.java:doStop(318)) - Stopped ServerConnector@4cc8ad07{HTTP/1.1,[http/1.1]}{0.0.0.0:0}
2019-09-12 11:42:59,568 [ForkJoinPool.commonPool-worker-1] INFO  handler.ContextHandler (ContextHandler.java:doStop(910)) - Stopped o.e.j.s.ServletContextHandler@54a8335e{/static,jar:file:/home/user/.m2/repository/org/apache/hadoop/hadoop-hdds-container-service/0.5.0-SNAPSHOT/hadoop-hdds-container-service-0.5.0-SNAPSHOT.jar!/webapps/static,UNAVAILABLE}
2019-09-12 11:42:59,569 [ForkJoinPool.commonPool-worker-1] INFO  handler.ContextHandler (ContextHandler.java:doStop(910)) - Stopped o.e.j.s.ServletContextHandler@11efabc7{/logs,file:///workdir/hadoop-ozone/ozonefs/target/log,UNAVAILABLE}
2019-09-12 11:42:59,570 [Thread-1338] INFO  ozone.MiniOzoneClusterImpl (MiniOzoneClusterImpl.java:stop(353)) - Stopping the StorageContainerManager
2019-09-12 11:42:59,570 [Thread-1338] INFO  server.StorageContainerManager (StorageContainerManager.java:stop(797)) - Stopping Replication Manager Service.
2019-09-12 11:42:59,570 [Thread-1338] INFO  container.ReplicationManager (ReplicationManager.java:stop(192)) - Stopping Replication Monitor Thread.
2019-09-12 11:42:59,570 [Thread-1338] INFO  server.StorageContainerManager (StorageContainerManager.java:stop(804)) - Stopping Lease Manager of the command watchers
2019-09-12 11:42:59,571 [Thread-1338] INFO  server.StorageContainerManager (StorageContainerManager.java:stop(811)) - Stopping datanode service RPC server
2019-09-12 11:42:59,571 [Thread-1338] INFO  server.SCMDatanodeProtocolServer (SCMDatanodeProtocolServer.java:stop(367)) - Stopping the RPC server for DataNodes
2019-09-12 11:42:59,571 [Thread-1338] INFO  ipc.Server (Server.java:stop(3082)) - Stopping server on 44637
2019-09-12 11:42:59,573 [IPC Server listener on 44637] INFO  ipc.Server (Server.java:run(1185)) - Stopping IPC Server listener on 44637
2019-09-12 11:42:59,575 [IPC Server Responder] INFO  ipc.Server (Server.java:run(1319)) - Stopping IPC Server Responder
2019-09-12 11:42:59,598 [SCM Heartbeat Processing Thread - 0] WARN  node.NodeStateManager (NodeStateManager.java:scheduleNextHealthCheck(655)) - Current Thread is interrupted, shutting down HB processing thread for Node Manager.
2019-09-12 11:42:59,598 [Thread-1338] INFO  server.StorageContainerManager (StorageContainerManager.java:stop(819)) - Stopping block service RPC server
2019-09-12 11:42:59,599 [Thread-1338] INFO  server.SCMBlockProtocolServer (SCMBlockProtocolServer.java:stop(148)) - Stopping the RPC server for Block Protocol
2019-09-12 11:42:59,599 [Thread-1338] INFO  ipc.Server (Server.java:stop(3082)) - Stopping server on 35592
2019-09-12 11:42:59,600 [IPC Server listener on 35592] INFO  ipc.Server (Server.java:run(1185)) - Stopping IPC Server listener on 35592
2019-09-12 11:42:59,604 [IPC Server Responder] INFO  ipc.Server (Server.java:run(1319)) - Stopping IPC Server Responder
2019-09-12 11:42:59,604 [Thread-1338] INFO  server.StorageContainerManager (StorageContainerManager.java:stop(826)) - Stopping the StorageContainerLocationProtocol RPC server
2019-09-12 11:42:59,604 [Thread-1338] INFO  server.SCMClientProtocolServer (SCMClientProtocolServer.java:stop(159)) - Stopping the RPC server for Client Protocol
2019-09-12 11:42:59,604 [Thread-1338] INFO  ipc.Server (Server.java:stop(3082)) - Stopping server on 38202
2019-09-12 11:42:59,606 [IPC Server listener on 38202] INFO  ipc.Server (Server.java:run(1185)) - Stopping IPC Server listener on 38202
2019-09-12 11:42:59,607 [Thread-1338] INFO  server.StorageContainerManager (StorageContainerManager.java:stop(833)) - Stopping Storage Container Manager HTTP server.
2019-09-12 11:42:59,607 [IPC Server Responder] INFO  ipc.Server (Server.java:run(1319)) - Stopping IPC Server Responder
2019-09-12 11:42:59,609 [Thread-1338] INFO  handler.ContextHandler (ContextHandler.java:doStop(910)) - Stopped o.e.j.w.WebAppContext@7e98a489{/,null,UNAVAILABLE}{/scm}
2019-09-12 11:42:59,610 [Thread-1338] INFO  server.AbstractConnector (AbstractConnector.java:doStop(318)) - Stopped ServerConnector@39f512d7{HTTP/1.1,[http/1.1]}{0.0.0.0:0}
2019-09-12 11:42:59,610 [Thread-1338] INFO  handler.ContextHandler (ContextHandler.java:doStop(910)) - Stopped o.e.j.s.ServletContextHandler@7e958149{/static,jar:file:/home/user/.m2/repository/org/apache/hadoop/hadoop-hdds-server-scm/0.5.0-SNAPSHOT/hadoop-hdds-server-scm-0.5.0-SNAPSHOT.jar!/webapps/static,UNAVAILABLE}
2019-09-12 11:42:59,610 [Thread-1338] INFO  handler.ContextHandler (ContextHandler.java:doStop(910)) - Stopped o.e.j.s.ServletContextHandler@5a131c00{/logs,file:///workdir/hadoop-ozone/ozonefs/target/log,UNAVAILABLE}
2019-09-12 11:42:59,611 [Thread-1338] INFO  server.StorageContainerManager (StorageContainerManager.java:stop(844)) - Stopping Block Manager Service.
2019-09-12 11:42:59,611 [Thread-1338] INFO  utils.BackgroundService (BackgroundService.java:shutdown(148)) - Shutting down service SCMBlockDeletingService
2019-09-12 11:42:59,612 [Thread-1338] INFO  utils.BackgroundService (BackgroundService.java:shutdown(148)) - Shutting down service SCMBlockDeletingService
2019-09-12 11:42:59,612 [Thread-1338] INFO  server.StorageContainerManager (StorageContainerManager.java:stop(866)) - Stopping SCM Event Queue.
2019-09-12 11:42:59,616 [Thread-1338] INFO  impl.MetricsSystemImpl (MetricsSystemImpl.java:stop(210)) - Stopping HddsDatanode metrics system...
2019-09-12 11:42:59,628 [Thread-1338] INFO  impl.MetricsSystemImpl (MetricsSystemImpl.java:stop(216)) - HddsDatanode metrics system stopped.
]]></system-out>
    <system-err><![CDATA[Sep 12, 2019 11:42:43 AM com.sun.jersey.server.impl.application.WebApplicationImpl _initiate
INFO: Initiating Jersey application, version 'Jersey: 1.19 02/11/2015 03:25 AM'
Sep 12, 2019 11:42:43 AM com.sun.jersey.server.impl.application.WebApplicationImpl _initiate
INFO: Initiating Jersey application, version 'Jersey: 1.19 02/11/2015 03:25 AM'
Sep 12, 2019 11:42:44 AM com.sun.jersey.server.impl.application.WebApplicationImpl _initiate
INFO: Initiating Jersey application, version 'Jersey: 1.19 02/11/2015 03:25 AM'
Sep 12, 2019 11:42:49 AM com.sun.jersey.server.impl.application.WebApplicationImpl _initiate
INFO: Initiating Jersey application, version 'Jersey: 1.19 02/11/2015 03:25 AM'
]]></system-err>
  </testcase>
  <testcase name="testListStatusOnLargeDirectory" classname="org.apache.hadoop.fs.ozone.TestOzoneFileSystem" time="22.05"/>
</testsuite>