<?xml version="1.0" encoding="UTF-8"?>
<testsuite xmlns:xsi="http://www.w3.org/2001/XMLSchema-instance" xsi:noNamespaceSchemaLocation="https://maven.apache.org/surefire/maven-surefire-plugin/xsd/surefire-test-report.xsd" name="org.apache.hadoop.fs.ozone.TestOzoneFileInterfaces" time="215.102" tests="12" errors="2" skipped="0" failures="0">
  <properties>
    <property name="awt.toolkit" value="sun.awt.X11.XToolkit"/>
    <property name="file.encoding.pkg" value="sun.io"/>
    <property name="java.specification.version" value="1.8"/>
    <property name="sun.cpu.isalist" value=""/>
    <property name="sun.jnu.encoding" value="UTF-8"/>
    <property name="java.class.path" value="/workdir/hadoop-ozone/ozonefs/target/test-classes:/workdir/hadoop-ozone/ozonefs/target/classes:/home/user/.m2/repository/org/apache/hadoop/hadoop-common/3.2.0/hadoop-common-3.2.0.jar:/home/user/.m2/repository/org/apache/hadoop/hadoop-annotations/3.2.0/hadoop-annotations-3.2.0.jar:/usr/lib/jvm/java-1.8-openjdk/jre/../lib/tools.jar:/home/user/.m2/repository/com/google/guava/guava/11.0.2/guava-11.0.2.jar:/home/user/.m2/repository/commons-cli/commons-cli/1.2/commons-cli-1.2.jar:/home/user/.m2/repository/org/apache/commons/commons-math3/3.1.1/commons-math3-3.1.1.jar:/home/user/.m2/repository/org/apache/httpcomponents/httpclient/4.5.2/httpclient-4.5.2.jar:/home/user/.m2/repository/org/apache/httpcomponents/httpcore/4.4.4/httpcore-4.4.4.jar:/home/user/.m2/repository/commons-codec/commons-codec/1.11/commons-codec-1.11.jar:/home/user/.m2/repository/commons-io/commons-io/2.5/commons-io-2.5.jar:/home/user/.m2/repository/commons-net/commons-net/3.6/commons-net-3.6.jar:/home/user/.m2/repository/commons-collections/commons-collections/3.2.2/commons-collections-3.2.2.jar:/home/user/.m2/repository/javax/servlet/javax.servlet-api/3.1.0/javax.servlet-api-3.1.0.jar:/home/user/.m2/repository/org/eclipse/jetty/jetty-server/9.3.24.v20180605/jetty-server-9.3.24.v20180605.jar:/home/user/.m2/repository/org/eclipse/jetty/jetty-http/9.3.24.v20180605/jetty-http-9.3.24.v20180605.jar:/home/user/.m2/repository/org/eclipse/jetty/jetty-io/9.3.24.v20180605/jetty-io-9.3.24.v20180605.jar:/home/user/.m2/repository/org/eclipse/jetty/jetty-util/9.3.24.v20180605/jetty-util-9.3.24.v20180605.jar:/home/user/.m2/repository/org/eclipse/jetty/jetty-servlet/9.3.24.v20180605/jetty-servlet-9.3.24.v20180605.jar:/home/user/.m2/repository/org/eclipse/jetty/jetty-security/9.3.24.v20180605/jetty-security-9.3.24.v20180605.jar:/home/user/.m2/repository/org/eclipse/jetty/jetty-webapp/9.3.24.v20180605/jetty-webapp-9.3.24.v20180605.jar:/home/user/.m2/repository/org/eclipse/jetty/jetty-xml/9.3.24.v20180605/jetty-xml-9.3.24.v20180605.jar:/home/user/.m2/repository/javax/servlet/jsp/jsp-api/2.1/jsp-api-2.1.jar:/home/user/.m2/repository/com/sun/jersey/jersey-core/1.19/jersey-core-1.19.jar:/home/user/.m2/repository/javax/ws/rs/jsr311-api/1.1.1/jsr311-api-1.1.1.jar:/home/user/.m2/repository/com/sun/jersey/jersey-servlet/1.19/jersey-servlet-1.19.jar:/home/user/.m2/repository/com/sun/jersey/jersey-json/1.19/jersey-json-1.19.jar:/home/user/.m2/repository/org/codehaus/jettison/jettison/1.1/jettison-1.1.jar:/home/user/.m2/repository/com/sun/xml/bind/jaxb-impl/2.3.0.1/jaxb-impl-2.3.0.1.jar:/home/user/.m2/repository/org/codehaus/jackson/jackson-core-asl/1.9.13/jackson-core-asl-1.9.13.jar:/home/user/.m2/repository/org/codehaus/jackson/jackson-mapper-asl/1.9.13/jackson-mapper-asl-1.9.13.jar:/home/user/.m2/repository/org/codehaus/jackson/jackson-jaxrs/1.9.13/jackson-jaxrs-1.9.13.jar:/home/user/.m2/repository/org/codehaus/jackson/jackson-xc/1.9.13/jackson-xc-1.9.13.jar:/home/user/.m2/repository/com/sun/jersey/jersey-server/1.19/jersey-server-1.19.jar:/home/user/.m2/repository/commons-logging/commons-logging/1.1.3/commons-logging-1.1.3.jar:/home/user/.m2/repository/log4j/log4j/1.2.17/log4j-1.2.17.jar:/home/user/.m2/repository/commons-beanutils/commons-beanutils/1.9.3/commons-beanutils-1.9.3.jar:/home/user/.m2/repository/org/apache/commons/commons-configuration2/2.1.1/commons-configuration2-2.1.1.jar:/home/user/.m2/repository/org/apache/commons/commons-lang3/3.7/commons-lang3-3.7.jar:/home/user/.m2/repository/org/apache/commons/commons-text/1.4/commons-text-1.4.jar:/home/user/.m2/repository/org/slf4j/slf4j-api/1.7.25/slf4j-api-1.7.25.jar:/home/user/.m2/repository/org/slf4j/slf4j-log4j12/1.7.25/slf4j-log4j12-1.7.25.jar:/home/user/.m2/repository/org/apache/avro/avro/1.7.7/avro-1.7.7.jar:/home/user/.m2/repository/com/thoughtworks/paranamer/paranamer/2.3/paranamer-2.3.jar:/home/user/.m2/repository/org/xerial/snappy/snappy-java/1.0.5/snappy-java-1.0.5.jar:/home/user/.m2/repository/com/google/re2j/re2j/1.1/re2j-1.1.jar:/home/user/.m2/repository/com/google/protobuf/protobuf-java/2.5.0/protobuf-java-2.5.0.jar:/home/user/.m2/repository/com/google/code/gson/gson/2.2.4/gson-2.2.4.jar:/home/user/.m2/repository/org/apache/hadoop/hadoop-auth/3.2.0/hadoop-auth-3.2.0.jar:/home/user/.m2/repository/com/nimbusds/nimbus-jose-jwt/4.41.1/nimbus-jose-jwt-4.41.1.jar:/home/user/.m2/repository/com/github/stephenc/jcip/jcip-annotations/1.0-1/jcip-annotations-1.0-1.jar:/home/user/.m2/repository/net/minidev/json-smart/2.3/json-smart-2.3.jar:/home/user/.m2/repository/net/minidev/accessors-smart/1.2/accessors-smart-1.2.jar:/home/user/.m2/repository/org/apache/curator/curator-framework/2.12.0/curator-framework-2.12.0.jar:/home/user/.m2/repository/com/jcraft/jsch/0.1.54/jsch-0.1.54.jar:/home/user/.m2/repository/org/apache/curator/curator-client/2.12.0/curator-client-2.12.0.jar:/home/user/.m2/repository/org/apache/curator/curator-recipes/2.12.0/curator-recipes-2.12.0.jar:/home/user/.m2/repository/com/google/code/findbugs/jsr305/3.0.0/jsr305-3.0.0.jar:/home/user/.m2/repository/org/apache/htrace/htrace-core4/4.1.0-incubating/htrace-core4-4.1.0-incubating.jar:/home/user/.m2/repository/org/apache/zookeeper/zookeeper/3.4.13/zookeeper-3.4.13.jar:/home/user/.m2/repository/org/apache/yetus/audience-annotations/0.5.0/audience-annotations-0.5.0.jar:/home/user/.m2/repository/org/apache/commons/commons-compress/1.4.1/commons-compress-1.4.1.jar:/home/user/.m2/repository/org/tukaani/xz/1.0/xz-1.0.jar:/home/user/.m2/repository/org/apache/kerby/kerb-simplekdc/1.0.1/kerb-simplekdc-1.0.1.jar:/home/user/.m2/repository/org/apache/kerby/kerb-client/1.0.1/kerb-client-1.0.1.jar:/home/user/.m2/repository/org/apache/kerby/kerby-config/1.0.1/kerby-config-1.0.1.jar:/home/user/.m2/repository/org/apache/kerby/kerb-core/1.0.1/kerb-core-1.0.1.jar:/home/user/.m2/repository/org/apache/kerby/kerby-pkix/1.0.1/kerby-pkix-1.0.1.jar:/home/user/.m2/repository/org/apache/kerby/kerby-asn1/1.0.1/kerby-asn1-1.0.1.jar:/home/user/.m2/repository/org/apache/kerby/kerby-util/1.0.1/kerby-util-1.0.1.jar:/home/user/.m2/repository/org/apache/kerby/kerb-common/1.0.1/kerb-common-1.0.1.jar:/home/user/.m2/repository/org/apache/kerby/kerb-crypto/1.0.1/kerb-crypto-1.0.1.jar:/home/user/.m2/repository/org/apache/kerby/kerb-util/1.0.1/kerb-util-1.0.1.jar:/home/user/.m2/repository/org/apache/kerby/token-provider/1.0.1/token-provider-1.0.1.jar:/home/user/.m2/repository/org/apache/kerby/kerb-admin/1.0.1/kerb-admin-1.0.1.jar:/home/user/.m2/repository/org/apache/kerby/kerb-server/1.0.1/kerb-server-1.0.1.jar:/home/user/.m2/repository/org/apache/kerby/kerb-identity/1.0.1/kerb-identity-1.0.1.jar:/home/user/.m2/repository/org/apache/kerby/kerby-xdr/1.0.1/kerby-xdr-1.0.1.jar:/home/user/.m2/repository/com/fasterxml/jackson/core/jackson-databind/2.9.5/jackson-databind-2.9.5.jar:/home/user/.m2/repository/com/fasterxml/jackson/core/jackson-annotations/2.9.5/jackson-annotations-2.9.5.jar:/home/user/.m2/repository/com/fasterxml/jackson/core/jackson-core/2.9.5/jackson-core-2.9.5.jar:/home/user/.m2/repository/org/codehaus/woodstox/stax2-api/3.1.4/stax2-api-3.1.4.jar:/home/user/.m2/repository/com/fasterxml/woodstox/woodstox-core/5.0.3/woodstox-core-5.0.3.jar:/home/user/.m2/repository/dnsjava/dnsjava/2.1.7/dnsjava-2.1.7.jar:/home/user/.m2/repository/org/apache/hadoop/hadoop-hdfs/3.2.0/hadoop-hdfs-3.2.0.jar:/home/user/.m2/repository/org/eclipse/jetty/jetty-util-ajax/9.3.24.v20180605/jetty-util-ajax-9.3.24.v20180605.jar:/home/user/.m2/repository/commons-daemon/commons-daemon/1.0.13/commons-daemon-1.0.13.jar:/home/user/.m2/repository/io/netty/netty/3.10.5.Final/netty-3.10.5.Final.jar:/home/user/.m2/repository/io/netty/netty-all/4.0.52.Final/netty-all-4.0.52.Final.jar:/home/user/.m2/repository/org/fusesource/leveldbjni/leveldbjni-all/1.8/leveldbjni-all-1.8.jar:/home/user/.m2/repository/org/apache/hadoop/hadoop-hdds-common/0.5.0-SNAPSHOT/hadoop-hdds-common-0.5.0-SNAPSHOT.jar:/home/user/.m2/repository/org/apache/hadoop/hadoop-hdds-config/0.5.0-SNAPSHOT/hadoop-hdds-config-0.5.0-SNAPSHOT.jar:/home/user/.m2/repository/javax/annotation/javax.annotation-api/1.2/javax.annotation-api-1.2.jar:/home/user/.m2/repository/org/apache/ratis/ratis-server/0.4.0-2337318-SNAPSHOT/ratis-server-0.4.0-2337318-SNAPSHOT.jar:/home/user/.m2/repository/org/apache/ratis/ratis-thirdparty-misc/0.2.0/ratis-thirdparty-misc-0.2.0.jar:/home/user/.m2/repository/org/apache/ratis/ratis-proto/0.4.0-2337318-SNAPSHOT/ratis-proto-0.4.0-2337318-SNAPSHOT.jar:/home/user/.m2/repository/org/apache/ratis/ratis-common/0.4.0-2337318-SNAPSHOT/ratis-common-0.4.0-2337318-SNAPSHOT.jar:/home/user/.m2/repository/org/apache/ratis/ratis-client/0.4.0-2337318-SNAPSHOT/ratis-client-0.4.0-2337318-SNAPSHOT.jar:/home/user/.m2/repository/org/apache/ratis/ratis-metrics/0.4.0-2337318-SNAPSHOT/ratis-metrics-0.4.0-2337318-SNAPSHOT.jar:/home/user/.m2/repository/org/apache/ratis/ratis-netty/0.4.0-2337318-SNAPSHOT/ratis-netty-0.4.0-2337318-SNAPSHOT.jar:/home/user/.m2/repository/org/apache/ratis/ratis-grpc/0.4.0-2337318-SNAPSHOT/ratis-grpc-0.4.0-2337318-SNAPSHOT.jar:/home/user/.m2/repository/org/rocksdb/rocksdbjni/6.0.1/rocksdbjni-6.0.1.jar:/home/user/.m2/repository/org/apache/logging/log4j/log4j-api/2.11.0/log4j-api-2.11.0.jar:/home/user/.m2/repository/org/apache/logging/log4j/log4j-core/2.11.0/log4j-core-2.11.0.jar:/home/user/.m2/repository/com/lmax/disruptor/3.4.2/disruptor-3.4.2.jar:/home/user/.m2/repository/org/apache/commons/commons-pool2/2.6.0/commons-pool2-2.6.0.jar:/home/user/.m2/repository/org/bouncycastle/bcpkix-jdk15on/1.60/bcpkix-jdk15on-1.60.jar:/home/user/.m2/repository/commons-validator/commons-validator/1.6/commons-validator-1.6.jar:/home/user/.m2/repository/commons-digester/commons-digester/1.8.1/commons-digester-1.8.1.jar:/home/user/.m2/repository/io/jaegertracing/jaeger-client/0.33.1/jaeger-client-0.33.1.jar:/home/user/.m2/repository/io/jaegertracing/jaeger-thrift/0.33.1/jaeger-thrift-0.33.1.jar:/home/user/.m2/repository/org/apache/thrift/libthrift/0.11.0/libthrift-0.11.0.jar:/home/user/.m2/repository/com/squareup/okhttp3/okhttp/3.9.0/okhttp-3.9.0.jar:/home/user/.m2/repository/com/squareup/okio/okio/1.13.0/okio-1.13.0.jar:/home/user/.m2/repository/io/jaegertracing/jaeger-core/0.33.1/jaeger-core-0.33.1.jar:/home/user/.m2/repository/io/jaegertracing/jaeger-tracerresolver/0.33.1/jaeger-tracerresolver-0.33.1.jar:/home/user/.m2/repository/io/opentracing/contrib/opentracing-tracerresolver/0.1.5/opentracing-tracerresolver-0.1.5.jar:/home/user/.m2/repository/io/opentracing/opentracing-util/0.31.0/opentracing-util-0.31.0.jar:/home/user/.m2/repository/io/opentracing/opentracing-api/0.31.0/opentracing-api-0.31.0.jar:/home/user/.m2/repository/io/opentracing/opentracing-noop/0.31.0/opentracing-noop-0.31.0.jar:/home/user/.m2/repository/org/yaml/snakeyaml/1.16/snakeyaml-1.16.jar:/home/user/.m2/repository/org/apache/hadoop/hadoop-hdfs-client/3.2.0/hadoop-hdfs-client-3.2.0.jar:/home/user/.m2/repository/info/picocli/picocli/3.9.6/picocli-3.9.6.jar:/home/user/.m2/repository/org/apache/hadoop/hadoop-hdds-server-scm/0.5.0-SNAPSHOT/hadoop-hdds-server-scm-0.5.0-SNAPSHOT.jar:/home/user/.m2/repository/org/apache/hadoop/hadoop-hdds-docs/0.5.0-SNAPSHOT/hadoop-hdds-docs-0.5.0-SNAPSHOT.jar:/home/user/.m2/repository/io/dropwizard/metrics/metrics-core/3.2.4/metrics-core-3.2.4.jar:/home/user/.m2/repository/org/hamcrest/hamcrest-all/1.3/hamcrest-all-1.3.jar:/home/user/.m2/repository/org/bouncycastle/bcprov-jdk15on/1.60/bcprov-jdk15on-1.60.jar:/home/user/.m2/repository/org/apache/hadoop/hadoop-hdds-server-framework/0.5.0-SNAPSHOT/hadoop-hdds-server-framework-0.5.0-SNAPSHOT.jar:/home/user/.m2/repository/org/apache/hadoop/hadoop-ozone-ozone-manager/0.5.0-SNAPSHOT/hadoop-ozone-ozone-manager-0.5.0-SNAPSHOT.jar:/home/user/.m2/repository/org/apache/hadoop/hadoop-hdds-container-service/0.5.0-SNAPSHOT/hadoop-hdds-container-service-0.5.0-SNAPSHOT.jar:/home/user/.m2/repository/org/apache/hadoop/hadoop-hdds-client/0.5.0-SNAPSHOT/hadoop-hdds-client-0.5.0-SNAPSHOT.jar:/home/user/.m2/repository/org/apache/hadoop/hadoop-ozone-common/0.5.0-SNAPSHOT/hadoop-ozone-common-0.5.0-SNAPSHOT.jar:/home/user/.m2/repository/org/apache/hadoop/hadoop-hdds-tools/0.5.0-SNAPSHOT/hadoop-hdds-tools-0.5.0-SNAPSHOT.jar:/home/user/.m2/repository/org/xerial/sqlite-jdbc/3.25.2/sqlite-jdbc-3.25.2.jar:/home/user/.m2/repository/org/apache/hadoop/hadoop-ozone-objectstore-service/0.5.0-SNAPSHOT/hadoop-ozone-objectstore-service-0.5.0-SNAPSHOT.jar:/home/user/.m2/repository/com/google/code/findbugs/findbugs/3.0.1/findbugs-3.0.1.jar:/home/user/.m2/repository/net/jcip/jcip-annotations/1.0/jcip-annotations-1.0.jar:/home/user/.m2/repository/com/google/code/findbugs/bcel-findbugs/6.0/bcel-findbugs-6.0.jar:/home/user/.m2/repository/com/google/code/findbugs/jFormatString/2.0.1/jFormatString-2.0.1.jar:/home/user/.m2/repository/dom4j/dom4j/1.6.1/dom4j-1.6.1.jar:/home/user/.m2/repository/xml-apis/xml-apis/1.0.b2/xml-apis-1.0.b2.jar:/home/user/.m2/repository/org/ow2/asm/asm-debug-all/5.0.2/asm-debug-all-5.0.2.jar:/home/user/.m2/repository/org/ow2/asm/asm-commons/5.0.2/asm-commons-5.0.2.jar:/home/user/.m2/repository/org/ow2/asm/asm-tree/5.0.2/asm-tree-5.0.2.jar:/home/user/.m2/repository/org/ow2/asm/asm/5.0.4/asm-5.0.4.jar:/home/user/.m2/repository/commons-lang/commons-lang/2.6/commons-lang-2.6.jar:/home/user/.m2/repository/com/apple/AppleJavaExtensions/1.4/AppleJavaExtensions-1.4.jar:/home/user/.m2/repository/jaxen/jaxen/1.1.6/jaxen-1.1.6.jar:/home/user/.m2/repository/org/apache/hadoop/hadoop-common/3.2.0/hadoop-common-3.2.0-tests.jar:/home/user/.m2/repository/org/apache/hadoop/hadoop-ozone-client/0.5.0-SNAPSHOT/hadoop-ozone-client-0.5.0-SNAPSHOT.jar:/home/user/.m2/repository/org/apache/hadoop/hadoop-hdfs/3.2.0/hadoop-hdfs-3.2.0-tests.jar:/workdir/hadoop-ozone/integration-test/target/test-classes:/home/user/.m2/repository/org/apache/hadoop/hadoop-ozone-s3gateway/0.5.0-SNAPSHOT/hadoop-ozone-s3gateway-0.5.0-SNAPSHOT.jar:/home/user/.m2/repository/org/jboss/weld/servlet/weld-servlet/2.4.7.Final/weld-servlet-2.4.7.Final.jar:/home/user/.m2/repository/org/glassfish/jersey/containers/jersey-container-servlet-core/2.27/jersey-container-servlet-core-2.27.jar:/home/user/.m2/repository/org/glassfish/hk2/external/javax.inject/2.5.0-b42/javax.inject-2.5.0-b42.jar:/home/user/.m2/repository/org/glassfish/jersey/core/jersey-common/2.27/jersey-common-2.27.jar:/home/user/.m2/repository/org/glassfish/hk2/osgi-resource-locator/1.0.1/osgi-resource-locator-1.0.1.jar:/home/user/.m2/repository/javax/ws/rs/javax.ws.rs-api/2.1/javax.ws.rs-api-2.1.jar:/home/user/.m2/repository/org/glassfish/jersey/ext/cdi/jersey-cdi1x/2.27/jersey-cdi1x-2.27.jar:/home/user/.m2/repository/org/glassfish/jersey/inject/jersey-hk2/2.27/jersey-hk2-2.27.jar:/home/user/.m2/repository/org/glassfish/hk2/hk2-locator/2.5.0-b42/hk2-locator-2.5.0-b42.jar:/home/user/.m2/repository/org/javassist/javassist/3.22.0-CR2/javassist-3.22.0-CR2.jar:/home/user/.m2/repository/org/glassfish/hk2/hk2-api/2.5.0/hk2-api-2.5.0.jar:/home/user/.m2/repository/org/glassfish/hk2/external/jakarta.inject/2.5.0/jakarta.inject-2.5.0.jar:/home/user/.m2/repository/org/glassfish/hk2/hk2-utils/2.5.0/hk2-utils-2.5.0.jar:/home/user/.m2/repository/jakarta/annotation/jakarta.annotation-api/1.3.4/jakarta.annotation-api-1.3.4.jar:/home/user/.m2/repository/org/glassfish/hk2/external/aopalliance-repackaged/2.5.0/aopalliance-repackaged-2.5.0.jar:/home/user/.m2/repository/com/fasterxml/jackson/dataformat/jackson-dataformat-xml/2.9.0/jackson-dataformat-xml-2.9.0.jar:/home/user/.m2/repository/com/fasterxml/jackson/module/jackson-module-jaxb-annotations/2.9.5/jackson-module-jaxb-annotations-2.9.5.jar:/home/user/.m2/repository/javax/enterprise/cdi-api/1.2/cdi-api-1.2.jar:/home/user/.m2/repository/javax/el/javax.el-api/3.0.0/javax.el-api-3.0.0.jar:/home/user/.m2/repository/javax/interceptor/javax.interceptor-api/1.2/javax.interceptor-api-1.2.jar:/home/user/.m2/repository/javax/inject/javax.inject/1/javax.inject-1.jar:/home/user/.m2/repository/com/sun/xml/bind/jaxb-core/2.3.0.1/jaxb-core-2.3.0.1.jar:/home/user/.m2/repository/javax/xml/bind/jaxb-api/2.3.0/jaxb-api-2.3.0.jar:/home/user/.m2/repository/javax/activation/activation/1.1.1/activation-1.1.1.jar:/home/user/.m2/repository/org/apache/hadoop/hadoop-ozone-csi/0.5.0-SNAPSHOT/hadoop-ozone-csi-0.5.0-SNAPSHOT.jar:/home/user/.m2/repository/com/google/protobuf/protobuf-java-util/3.5.1/protobuf-java-util-3.5.1.jar:/home/user/.m2/repository/io/grpc/grpc-netty/1.17.1/grpc-netty-1.17.1.jar:/home/user/.m2/repository/io/grpc/grpc-core/1.17.1/grpc-core-1.17.1.jar:/home/user/.m2/repository/io/grpc/grpc-context/1.17.1/grpc-context-1.17.1.jar:/home/user/.m2/repository/com/google/errorprone/error_prone_annotations/2.2.0/error_prone_annotations-2.2.0.jar:/home/user/.m2/repository/org/codehaus/mojo/animal-sniffer-annotations/1.17/animal-sniffer-annotations-1.17.jar:/home/user/.m2/repository/io/opencensus/opencensus-api/0.17.0/opencensus-api-0.17.0.jar:/home/user/.m2/repository/io/opencensus/opencensus-contrib-grpc-metrics/0.17.0/opencensus-contrib-grpc-metrics-0.17.0.jar:/home/user/.m2/repository/io/netty/netty-codec-http2/4.1.30.Final/netty-codec-http2-4.1.30.Final.jar:/home/user/.m2/repository/io/netty/netty-codec-http/4.1.30.Final/netty-codec-http-4.1.30.Final.jar:/home/user/.m2/repository/io/netty/netty-codec/4.1.30.Final/netty-codec-4.1.30.Final.jar:/home/user/.m2/repository/io/netty/netty-handler/4.1.30.Final/netty-handler-4.1.30.Final.jar:/home/user/.m2/repository/io/netty/netty-handler-proxy/4.1.30.Final/netty-handler-proxy-4.1.30.Final.jar:/home/user/.m2/repository/io/netty/netty-codec-socks/4.1.30.Final/netty-codec-socks-4.1.30.Final.jar:/home/user/.m2/repository/io/netty/netty-transport-native-epoll/4.1.30.Final/netty-transport-native-epoll-4.1.30.Final.jar:/home/user/.m2/repository/io/netty/netty-common/4.1.30.Final/netty-common-4.1.30.Final.jar:/home/user/.m2/repository/io/netty/netty-buffer/4.1.30.Final/netty-buffer-4.1.30.Final.jar:/home/user/.m2/repository/io/netty/netty-transport/4.1.30.Final/netty-transport-4.1.30.Final.jar:/home/user/.m2/repository/io/netty/netty-resolver/4.1.30.Final/netty-resolver-4.1.30.Final.jar:/home/user/.m2/repository/io/netty/netty-transport-native-unix-common/4.1.30.Final/netty-transport-native-unix-common-4.1.30.Final.jar:/home/user/.m2/repository/io/grpc/grpc-protobuf/1.17.1/grpc-protobuf-1.17.1.jar:/home/user/.m2/repository/com/google/api/grpc/proto-google-common-protos/1.0.0/proto-google-common-protos-1.0.0.jar:/home/user/.m2/repository/io/grpc/grpc-protobuf-lite/1.17.1/grpc-protobuf-lite-1.17.1.jar:/home/user/.m2/repository/io/grpc/grpc-stub/1.17.1/grpc-stub-1.17.1.jar:/home/user/.m2/repository/org/apache/hadoop/hadoop-ozone-recon/0.5.0-SNAPSHOT/hadoop-ozone-recon-0.5.0-SNAPSHOT.jar:/home/user/.m2/repository/org/apache/hadoop/hadoop-ozone-reconcodegen/0.5.0-SNAPSHOT/hadoop-ozone-reconcodegen-0.5.0-SNAPSHOT.jar:/home/user/.m2/repository/com/google/inject/extensions/guice-multibindings/4.0/guice-multibindings-4.0.jar:/home/user/.m2/repository/com/google/inject/guice/4.0/guice-4.0.jar:/home/user/.m2/repository/aopalliance/aopalliance/1.0/aopalliance-1.0.jar:/home/user/.m2/repository/org/glassfish/jersey/containers/jersey-container-servlet/2.27/jersey-container-servlet-2.27.jar:/home/user/.m2/repository/org/glassfish/hk2/guice-bridge/2.5.0/guice-bridge-2.5.0.jar:/home/user/.m2/repository/org/glassfish/jersey/core/jersey-server/2.27/jersey-server-2.27.jar:/home/user/.m2/repository/org/glassfish/jersey/core/jersey-client/2.27/jersey-client-2.27.jar:/home/user/.m2/repository/org/glassfish/jersey/media/jersey-media-jaxb/2.27/jersey-media-jaxb-2.27.jar:/home/user/.m2/repository/javax/validation/validation-api/1.1.0.Final/validation-api-1.1.0.Final.jar:/home/user/.m2/repository/org/glassfish/jersey/media/jersey-media-json-jackson/2.27/jersey-media-json-jackson-2.27.jar:/home/user/.m2/repository/org/glassfish/jersey/ext/jersey-entity-filtering/2.27/jersey-entity-filtering-2.27.jar:/home/user/.m2/repository/com/google/inject/extensions/guice-assistedinject/4.0/guice-assistedinject-4.0.jar:/home/user/.m2/repository/org/jooq/jooq/3.11.10/jooq-3.11.10.jar:/home/user/.m2/repository/org/jooq/jooq-meta/3.11.10/jooq-meta-3.11.10.jar:/home/user/.m2/repository/org/jooq/jooq-codegen/3.11.10/jooq-codegen-3.11.10.jar:/home/user/.m2/repository/com/jolbox/bonecp/0.8.0.RELEASE/bonecp-0.8.0.RELEASE.jar:/home/user/.m2/repository/org/springframework/spring-jdbc/5.1.3.RELEASE/spring-jdbc-5.1.3.RELEASE.jar:/home/user/.m2/repository/org/springframework/spring-beans/5.1.3.RELEASE/spring-beans-5.1.3.RELEASE.jar:/home/user/.m2/repository/org/springframework/spring-core/5.1.3.RELEASE/spring-core-5.1.3.RELEASE.jar:/home/user/.m2/repository/org/springframework/spring-jcl/5.1.3.RELEASE/spring-jcl-5.1.3.RELEASE.jar:/home/user/.m2/repository/org/springframework/spring-tx/5.1.3.RELEASE/spring-tx-5.1.3.RELEASE.jar:/home/user/.m2/repository/org/mockito/mockito-all/1.10.19/mockito-all-1.10.19.jar:/home/user/.m2/repository/junit/junit/4.11/junit-4.11.jar:/home/user/.m2/repository/org/hamcrest/hamcrest-core/1.3/hamcrest-core-1.3.jar:/home/user/.m2/repository/org/apache/hadoop/hadoop-distcp/3.2.0/hadoop-distcp-3.2.0.jar:/home/user/.m2/repository/org/apache/hadoop/hadoop-distcp/3.2.0/hadoop-distcp-3.2.0-tests.jar:/home/user/.m2/repository/org/apache/hadoop/hadoop-mapreduce-client-jobclient/3.2.0/hadoop-mapreduce-client-jobclient-3.2.0.jar:/home/user/.m2/repository/org/apache/hadoop/hadoop-mapreduce-client-common/3.2.0/hadoop-mapreduce-client-common-3.2.0.jar:/home/user/.m2/repository/org/apache/hadoop/hadoop-yarn-common/3.2.0/hadoop-yarn-common-3.2.0.jar:/home/user/.m2/repository/org/apache/hadoop/hadoop-yarn-api/3.2.0/hadoop-yarn-api-3.2.0.jar:/home/user/.m2/repository/com/sun/jersey/jersey-client/1.19/jersey-client-1.19.jar:/home/user/.m2/repository/com/sun/jersey/contribs/jersey-guice/1.19/jersey-guice-1.19.jar:/home/user/.m2/repository/com/fasterxml/jackson/jaxrs/jackson-jaxrs-json-provider/2.9.5/jackson-jaxrs-json-provider-2.9.5.jar:/home/user/.m2/repository/com/fasterxml/jackson/jaxrs/jackson-jaxrs-base/2.9.5/jackson-jaxrs-base-2.9.5.jar:/home/user/.m2/repository/org/apache/hadoop/hadoop-yarn-client/3.2.0/hadoop-yarn-client-3.2.0.jar:/home/user/.m2/repository/org/apache/hadoop/hadoop-mapreduce-client-core/3.2.0/hadoop-mapreduce-client-core-3.2.0.jar:/home/user/.m2/repository/com/google/inject/extensions/guice-servlet/4.0/guice-servlet-4.0.jar:/home/user/.m2/repository/org/powermock/powermock-module-junit4/1.6.5/powermock-module-junit4-1.6.5.jar:/home/user/.m2/repository/org/powermock/powermock-module-junit4-common/1.6.5/powermock-module-junit4-common-1.6.5.jar:/home/user/.m2/repository/org/powermock/powermock-core/1.6.5/powermock-core-1.6.5.jar:/home/user/.m2/repository/org/powermock/powermock-reflect/1.6.5/powermock-reflect-1.6.5.jar:/home/user/.m2/repository/org/powermock/powermock-api-mockito/1.6.5/powermock-api-mockito-1.6.5.jar:/home/user/.m2/repository/org/mockito/mockito-core/1.10.19/mockito-core-1.10.19.jar:/home/user/.m2/repository/org/objenesis/objenesis/1.0/objenesis-1.0.jar:/home/user/.m2/repository/org/powermock/powermock-api-mockito-common/1.6.5/powermock-api-mockito-common-1.6.5.jar:/home/user/.m2/repository/org/powermock/powermock-api-support/1.6.5/powermock-api-support-1.6.5.jar:"/>
    <property name="java.vm.vendor" value="IcedTea"/>
    <property name="sun.arch.data.model" value="64"/>
    <property name="test.build.dir" value="/workdir/hadoop-ozone/ozonefs/target/test-dir"/>
    <property name="test.cache.data" value=""/>
    <property name="java.vendor.url" value="https://icedtea.classpath.org"/>
    <property name="user.timezone" value=""/>
    <property name="java.vm.specification.version" value="1.8"/>
    <property name="os.name" value="Linux"/>
    <property name="test.build.data" value="/workdir/hadoop-ozone/ozonefs/target/test-dir"/>
    <property name="user.country" value="US"/>
    <property name="sun.java.launcher" value="SUN_STANDARD"/>
    <property name="sun.boot.library.path" value="/usr/lib/jvm/java-1.8-openjdk/jre/lib/amd64"/>
    <property name="sun.java.command" value="/workdir/hadoop-ozone/ozonefs/target/surefire/surefirebooter4492453707323902319.jar /workdir/hadoop-ozone/ozonefs/target/surefire 2019-09-12T10-13-21_360-jvmRun1 surefire9124289304591278255tmp surefire_1145486838719679397623tmp"/>
    <property name="test" value="!TestMiniChaosOzoneCluster"/>
    <property name="surefire.test.class.path" value="/workdir/hadoop-ozone/ozonefs/target/test-classes:/workdir/hadoop-ozone/ozonefs/target/classes:/home/user/.m2/repository/org/apache/hadoop/hadoop-common/3.2.0/hadoop-common-3.2.0.jar:/home/user/.m2/repository/org/apache/hadoop/hadoop-annotations/3.2.0/hadoop-annotations-3.2.0.jar:/usr/lib/jvm/java-1.8-openjdk/jre/../lib/tools.jar:/home/user/.m2/repository/com/google/guava/guava/11.0.2/guava-11.0.2.jar:/home/user/.m2/repository/commons-cli/commons-cli/1.2/commons-cli-1.2.jar:/home/user/.m2/repository/org/apache/commons/commons-math3/3.1.1/commons-math3-3.1.1.jar:/home/user/.m2/repository/org/apache/httpcomponents/httpclient/4.5.2/httpclient-4.5.2.jar:/home/user/.m2/repository/org/apache/httpcomponents/httpcore/4.4.4/httpcore-4.4.4.jar:/home/user/.m2/repository/commons-codec/commons-codec/1.11/commons-codec-1.11.jar:/home/user/.m2/repository/commons-io/commons-io/2.5/commons-io-2.5.jar:/home/user/.m2/repository/commons-net/commons-net/3.6/commons-net-3.6.jar:/home/user/.m2/repository/commons-collections/commons-collections/3.2.2/commons-collections-3.2.2.jar:/home/user/.m2/repository/javax/servlet/javax.servlet-api/3.1.0/javax.servlet-api-3.1.0.jar:/home/user/.m2/repository/org/eclipse/jetty/jetty-server/9.3.24.v20180605/jetty-server-9.3.24.v20180605.jar:/home/user/.m2/repository/org/eclipse/jetty/jetty-http/9.3.24.v20180605/jetty-http-9.3.24.v20180605.jar:/home/user/.m2/repository/org/eclipse/jetty/jetty-io/9.3.24.v20180605/jetty-io-9.3.24.v20180605.jar:/home/user/.m2/repository/org/eclipse/jetty/jetty-util/9.3.24.v20180605/jetty-util-9.3.24.v20180605.jar:/home/user/.m2/repository/org/eclipse/jetty/jetty-servlet/9.3.24.v20180605/jetty-servlet-9.3.24.v20180605.jar:/home/user/.m2/repository/org/eclipse/jetty/jetty-security/9.3.24.v20180605/jetty-security-9.3.24.v20180605.jar:/home/user/.m2/repository/org/eclipse/jetty/jetty-webapp/9.3.24.v20180605/jetty-webapp-9.3.24.v20180605.jar:/home/user/.m2/repository/org/eclipse/jetty/jetty-xml/9.3.24.v20180605/jetty-xml-9.3.24.v20180605.jar:/home/user/.m2/repository/javax/servlet/jsp/jsp-api/2.1/jsp-api-2.1.jar:/home/user/.m2/repository/com/sun/jersey/jersey-core/1.19/jersey-core-1.19.jar:/home/user/.m2/repository/javax/ws/rs/jsr311-api/1.1.1/jsr311-api-1.1.1.jar:/home/user/.m2/repository/com/sun/jersey/jersey-servlet/1.19/jersey-servlet-1.19.jar:/home/user/.m2/repository/com/sun/jersey/jersey-json/1.19/jersey-json-1.19.jar:/home/user/.m2/repository/org/codehaus/jettison/jettison/1.1/jettison-1.1.jar:/home/user/.m2/repository/com/sun/xml/bind/jaxb-impl/2.3.0.1/jaxb-impl-2.3.0.1.jar:/home/user/.m2/repository/org/codehaus/jackson/jackson-core-asl/1.9.13/jackson-core-asl-1.9.13.jar:/home/user/.m2/repository/org/codehaus/jackson/jackson-mapper-asl/1.9.13/jackson-mapper-asl-1.9.13.jar:/home/user/.m2/repository/org/codehaus/jackson/jackson-jaxrs/1.9.13/jackson-jaxrs-1.9.13.jar:/home/user/.m2/repository/org/codehaus/jackson/jackson-xc/1.9.13/jackson-xc-1.9.13.jar:/home/user/.m2/repository/com/sun/jersey/jersey-server/1.19/jersey-server-1.19.jar:/home/user/.m2/repository/commons-logging/commons-logging/1.1.3/commons-logging-1.1.3.jar:/home/user/.m2/repository/log4j/log4j/1.2.17/log4j-1.2.17.jar:/home/user/.m2/repository/commons-beanutils/commons-beanutils/1.9.3/commons-beanutils-1.9.3.jar:/home/user/.m2/repository/org/apache/commons/commons-configuration2/2.1.1/commons-configuration2-2.1.1.jar:/home/user/.m2/repository/org/apache/commons/commons-lang3/3.7/commons-lang3-3.7.jar:/home/user/.m2/repository/org/apache/commons/commons-text/1.4/commons-text-1.4.jar:/home/user/.m2/repository/org/slf4j/slf4j-api/1.7.25/slf4j-api-1.7.25.jar:/home/user/.m2/repository/org/slf4j/slf4j-log4j12/1.7.25/slf4j-log4j12-1.7.25.jar:/home/user/.m2/repository/org/apache/avro/avro/1.7.7/avro-1.7.7.jar:/home/user/.m2/repository/com/thoughtworks/paranamer/paranamer/2.3/paranamer-2.3.jar:/home/user/.m2/repository/org/xerial/snappy/snappy-java/1.0.5/snappy-java-1.0.5.jar:/home/user/.m2/repository/com/google/re2j/re2j/1.1/re2j-1.1.jar:/home/user/.m2/repository/com/google/protobuf/protobuf-java/2.5.0/protobuf-java-2.5.0.jar:/home/user/.m2/repository/com/google/code/gson/gson/2.2.4/gson-2.2.4.jar:/home/user/.m2/repository/org/apache/hadoop/hadoop-auth/3.2.0/hadoop-auth-3.2.0.jar:/home/user/.m2/repository/com/nimbusds/nimbus-jose-jwt/4.41.1/nimbus-jose-jwt-4.41.1.jar:/home/user/.m2/repository/com/github/stephenc/jcip/jcip-annotations/1.0-1/jcip-annotations-1.0-1.jar:/home/user/.m2/repository/net/minidev/json-smart/2.3/json-smart-2.3.jar:/home/user/.m2/repository/net/minidev/accessors-smart/1.2/accessors-smart-1.2.jar:/home/user/.m2/repository/org/apache/curator/curator-framework/2.12.0/curator-framework-2.12.0.jar:/home/user/.m2/repository/com/jcraft/jsch/0.1.54/jsch-0.1.54.jar:/home/user/.m2/repository/org/apache/curator/curator-client/2.12.0/curator-client-2.12.0.jar:/home/user/.m2/repository/org/apache/curator/curator-recipes/2.12.0/curator-recipes-2.12.0.jar:/home/user/.m2/repository/com/google/code/findbugs/jsr305/3.0.0/jsr305-3.0.0.jar:/home/user/.m2/repository/org/apache/htrace/htrace-core4/4.1.0-incubating/htrace-core4-4.1.0-incubating.jar:/home/user/.m2/repository/org/apache/zookeeper/zookeeper/3.4.13/zookeeper-3.4.13.jar:/home/user/.m2/repository/org/apache/yetus/audience-annotations/0.5.0/audience-annotations-0.5.0.jar:/home/user/.m2/repository/org/apache/commons/commons-compress/1.4.1/commons-compress-1.4.1.jar:/home/user/.m2/repository/org/tukaani/xz/1.0/xz-1.0.jar:/home/user/.m2/repository/org/apache/kerby/kerb-simplekdc/1.0.1/kerb-simplekdc-1.0.1.jar:/home/user/.m2/repository/org/apache/kerby/kerb-client/1.0.1/kerb-client-1.0.1.jar:/home/user/.m2/repository/org/apache/kerby/kerby-config/1.0.1/kerby-config-1.0.1.jar:/home/user/.m2/repository/org/apache/kerby/kerb-core/1.0.1/kerb-core-1.0.1.jar:/home/user/.m2/repository/org/apache/kerby/kerby-pkix/1.0.1/kerby-pkix-1.0.1.jar:/home/user/.m2/repository/org/apache/kerby/kerby-asn1/1.0.1/kerby-asn1-1.0.1.jar:/home/user/.m2/repository/org/apache/kerby/kerby-util/1.0.1/kerby-util-1.0.1.jar:/home/user/.m2/repository/org/apache/kerby/kerb-common/1.0.1/kerb-common-1.0.1.jar:/home/user/.m2/repository/org/apache/kerby/kerb-crypto/1.0.1/kerb-crypto-1.0.1.jar:/home/user/.m2/repository/org/apache/kerby/kerb-util/1.0.1/kerb-util-1.0.1.jar:/home/user/.m2/repository/org/apache/kerby/token-provider/1.0.1/token-provider-1.0.1.jar:/home/user/.m2/repository/org/apache/kerby/kerb-admin/1.0.1/kerb-admin-1.0.1.jar:/home/user/.m2/repository/org/apache/kerby/kerb-server/1.0.1/kerb-server-1.0.1.jar:/home/user/.m2/repository/org/apache/kerby/kerb-identity/1.0.1/kerb-identity-1.0.1.jar:/home/user/.m2/repository/org/apache/kerby/kerby-xdr/1.0.1/kerby-xdr-1.0.1.jar:/home/user/.m2/repository/com/fasterxml/jackson/core/jackson-databind/2.9.5/jackson-databind-2.9.5.jar:/home/user/.m2/repository/com/fasterxml/jackson/core/jackson-annotations/2.9.5/jackson-annotations-2.9.5.jar:/home/user/.m2/repository/com/fasterxml/jackson/core/jackson-core/2.9.5/jackson-core-2.9.5.jar:/home/user/.m2/repository/org/codehaus/woodstox/stax2-api/3.1.4/stax2-api-3.1.4.jar:/home/user/.m2/repository/com/fasterxml/woodstox/woodstox-core/5.0.3/woodstox-core-5.0.3.jar:/home/user/.m2/repository/dnsjava/dnsjava/2.1.7/dnsjava-2.1.7.jar:/home/user/.m2/repository/org/apache/hadoop/hadoop-hdfs/3.2.0/hadoop-hdfs-3.2.0.jar:/home/user/.m2/repository/org/eclipse/jetty/jetty-util-ajax/9.3.24.v20180605/jetty-util-ajax-9.3.24.v20180605.jar:/home/user/.m2/repository/commons-daemon/commons-daemon/1.0.13/commons-daemon-1.0.13.jar:/home/user/.m2/repository/io/netty/netty/3.10.5.Final/netty-3.10.5.Final.jar:/home/user/.m2/repository/io/netty/netty-all/4.0.52.Final/netty-all-4.0.52.Final.jar:/home/user/.m2/repository/org/fusesource/leveldbjni/leveldbjni-all/1.8/leveldbjni-all-1.8.jar:/home/user/.m2/repository/org/apache/hadoop/hadoop-hdds-common/0.5.0-SNAPSHOT/hadoop-hdds-common-0.5.0-SNAPSHOT.jar:/home/user/.m2/repository/org/apache/hadoop/hadoop-hdds-config/0.5.0-SNAPSHOT/hadoop-hdds-config-0.5.0-SNAPSHOT.jar:/home/user/.m2/repository/javax/annotation/javax.annotation-api/1.2/javax.annotation-api-1.2.jar:/home/user/.m2/repository/org/apache/ratis/ratis-server/0.4.0-2337318-SNAPSHOT/ratis-server-0.4.0-2337318-SNAPSHOT.jar:/home/user/.m2/repository/org/apache/ratis/ratis-thirdparty-misc/0.2.0/ratis-thirdparty-misc-0.2.0.jar:/home/user/.m2/repository/org/apache/ratis/ratis-proto/0.4.0-2337318-SNAPSHOT/ratis-proto-0.4.0-2337318-SNAPSHOT.jar:/home/user/.m2/repository/org/apache/ratis/ratis-common/0.4.0-2337318-SNAPSHOT/ratis-common-0.4.0-2337318-SNAPSHOT.jar:/home/user/.m2/repository/org/apache/ratis/ratis-client/0.4.0-2337318-SNAPSHOT/ratis-client-0.4.0-2337318-SNAPSHOT.jar:/home/user/.m2/repository/org/apache/ratis/ratis-metrics/0.4.0-2337318-SNAPSHOT/ratis-metrics-0.4.0-2337318-SNAPSHOT.jar:/home/user/.m2/repository/org/apache/ratis/ratis-netty/0.4.0-2337318-SNAPSHOT/ratis-netty-0.4.0-2337318-SNAPSHOT.jar:/home/user/.m2/repository/org/apache/ratis/ratis-grpc/0.4.0-2337318-SNAPSHOT/ratis-grpc-0.4.0-2337318-SNAPSHOT.jar:/home/user/.m2/repository/org/rocksdb/rocksdbjni/6.0.1/rocksdbjni-6.0.1.jar:/home/user/.m2/repository/org/apache/logging/log4j/log4j-api/2.11.0/log4j-api-2.11.0.jar:/home/user/.m2/repository/org/apache/logging/log4j/log4j-core/2.11.0/log4j-core-2.11.0.jar:/home/user/.m2/repository/com/lmax/disruptor/3.4.2/disruptor-3.4.2.jar:/home/user/.m2/repository/org/apache/commons/commons-pool2/2.6.0/commons-pool2-2.6.0.jar:/home/user/.m2/repository/org/bouncycastle/bcpkix-jdk15on/1.60/bcpkix-jdk15on-1.60.jar:/home/user/.m2/repository/commons-validator/commons-validator/1.6/commons-validator-1.6.jar:/home/user/.m2/repository/commons-digester/commons-digester/1.8.1/commons-digester-1.8.1.jar:/home/user/.m2/repository/io/jaegertracing/jaeger-client/0.33.1/jaeger-client-0.33.1.jar:/home/user/.m2/repository/io/jaegertracing/jaeger-thrift/0.33.1/jaeger-thrift-0.33.1.jar:/home/user/.m2/repository/org/apache/thrift/libthrift/0.11.0/libthrift-0.11.0.jar:/home/user/.m2/repository/com/squareup/okhttp3/okhttp/3.9.0/okhttp-3.9.0.jar:/home/user/.m2/repository/com/squareup/okio/okio/1.13.0/okio-1.13.0.jar:/home/user/.m2/repository/io/jaegertracing/jaeger-core/0.33.1/jaeger-core-0.33.1.jar:/home/user/.m2/repository/io/jaegertracing/jaeger-tracerresolver/0.33.1/jaeger-tracerresolver-0.33.1.jar:/home/user/.m2/repository/io/opentracing/contrib/opentracing-tracerresolver/0.1.5/opentracing-tracerresolver-0.1.5.jar:/home/user/.m2/repository/io/opentracing/opentracing-util/0.31.0/opentracing-util-0.31.0.jar:/home/user/.m2/repository/io/opentracing/opentracing-api/0.31.0/opentracing-api-0.31.0.jar:/home/user/.m2/repository/io/opentracing/opentracing-noop/0.31.0/opentracing-noop-0.31.0.jar:/home/user/.m2/repository/org/yaml/snakeyaml/1.16/snakeyaml-1.16.jar:/home/user/.m2/repository/org/apache/hadoop/hadoop-hdfs-client/3.2.0/hadoop-hdfs-client-3.2.0.jar:/home/user/.m2/repository/info/picocli/picocli/3.9.6/picocli-3.9.6.jar:/home/user/.m2/repository/org/apache/hadoop/hadoop-hdds-server-scm/0.5.0-SNAPSHOT/hadoop-hdds-server-scm-0.5.0-SNAPSHOT.jar:/home/user/.m2/repository/org/apache/hadoop/hadoop-hdds-docs/0.5.0-SNAPSHOT/hadoop-hdds-docs-0.5.0-SNAPSHOT.jar:/home/user/.m2/repository/io/dropwizard/metrics/metrics-core/3.2.4/metrics-core-3.2.4.jar:/home/user/.m2/repository/org/hamcrest/hamcrest-all/1.3/hamcrest-all-1.3.jar:/home/user/.m2/repository/org/bouncycastle/bcprov-jdk15on/1.60/bcprov-jdk15on-1.60.jar:/home/user/.m2/repository/org/apache/hadoop/hadoop-hdds-server-framework/0.5.0-SNAPSHOT/hadoop-hdds-server-framework-0.5.0-SNAPSHOT.jar:/home/user/.m2/repository/org/apache/hadoop/hadoop-ozone-ozone-manager/0.5.0-SNAPSHOT/hadoop-ozone-ozone-manager-0.5.0-SNAPSHOT.jar:/home/user/.m2/repository/org/apache/hadoop/hadoop-hdds-container-service/0.5.0-SNAPSHOT/hadoop-hdds-container-service-0.5.0-SNAPSHOT.jar:/home/user/.m2/repository/org/apache/hadoop/hadoop-hdds-client/0.5.0-SNAPSHOT/hadoop-hdds-client-0.5.0-SNAPSHOT.jar:/home/user/.m2/repository/org/apache/hadoop/hadoop-ozone-common/0.5.0-SNAPSHOT/hadoop-ozone-common-0.5.0-SNAPSHOT.jar:/home/user/.m2/repository/org/apache/hadoop/hadoop-hdds-tools/0.5.0-SNAPSHOT/hadoop-hdds-tools-0.5.0-SNAPSHOT.jar:/home/user/.m2/repository/org/xerial/sqlite-jdbc/3.25.2/sqlite-jdbc-3.25.2.jar:/home/user/.m2/repository/org/apache/hadoop/hadoop-ozone-objectstore-service/0.5.0-SNAPSHOT/hadoop-ozone-objectstore-service-0.5.0-SNAPSHOT.jar:/home/user/.m2/repository/com/google/code/findbugs/findbugs/3.0.1/findbugs-3.0.1.jar:/home/user/.m2/repository/net/jcip/jcip-annotations/1.0/jcip-annotations-1.0.jar:/home/user/.m2/repository/com/google/code/findbugs/bcel-findbugs/6.0/bcel-findbugs-6.0.jar:/home/user/.m2/repository/com/google/code/findbugs/jFormatString/2.0.1/jFormatString-2.0.1.jar:/home/user/.m2/repository/dom4j/dom4j/1.6.1/dom4j-1.6.1.jar:/home/user/.m2/repository/xml-apis/xml-apis/1.0.b2/xml-apis-1.0.b2.jar:/home/user/.m2/repository/org/ow2/asm/asm-debug-all/5.0.2/asm-debug-all-5.0.2.jar:/home/user/.m2/repository/org/ow2/asm/asm-commons/5.0.2/asm-commons-5.0.2.jar:/home/user/.m2/repository/org/ow2/asm/asm-tree/5.0.2/asm-tree-5.0.2.jar:/home/user/.m2/repository/org/ow2/asm/asm/5.0.4/asm-5.0.4.jar:/home/user/.m2/repository/commons-lang/commons-lang/2.6/commons-lang-2.6.jar:/home/user/.m2/repository/com/apple/AppleJavaExtensions/1.4/AppleJavaExtensions-1.4.jar:/home/user/.m2/repository/jaxen/jaxen/1.1.6/jaxen-1.1.6.jar:/home/user/.m2/repository/org/apache/hadoop/hadoop-common/3.2.0/hadoop-common-3.2.0-tests.jar:/home/user/.m2/repository/org/apache/hadoop/hadoop-ozone-client/0.5.0-SNAPSHOT/hadoop-ozone-client-0.5.0-SNAPSHOT.jar:/home/user/.m2/repository/org/apache/hadoop/hadoop-hdfs/3.2.0/hadoop-hdfs-3.2.0-tests.jar:/workdir/hadoop-ozone/integration-test/target/test-classes:/home/user/.m2/repository/org/apache/hadoop/hadoop-ozone-s3gateway/0.5.0-SNAPSHOT/hadoop-ozone-s3gateway-0.5.0-SNAPSHOT.jar:/home/user/.m2/repository/org/jboss/weld/servlet/weld-servlet/2.4.7.Final/weld-servlet-2.4.7.Final.jar:/home/user/.m2/repository/org/glassfish/jersey/containers/jersey-container-servlet-core/2.27/jersey-container-servlet-core-2.27.jar:/home/user/.m2/repository/org/glassfish/hk2/external/javax.inject/2.5.0-b42/javax.inject-2.5.0-b42.jar:/home/user/.m2/repository/org/glassfish/jersey/core/jersey-common/2.27/jersey-common-2.27.jar:/home/user/.m2/repository/org/glassfish/hk2/osgi-resource-locator/1.0.1/osgi-resource-locator-1.0.1.jar:/home/user/.m2/repository/javax/ws/rs/javax.ws.rs-api/2.1/javax.ws.rs-api-2.1.jar:/home/user/.m2/repository/org/glassfish/jersey/ext/cdi/jersey-cdi1x/2.27/jersey-cdi1x-2.27.jar:/home/user/.m2/repository/org/glassfish/jersey/inject/jersey-hk2/2.27/jersey-hk2-2.27.jar:/home/user/.m2/repository/org/glassfish/hk2/hk2-locator/2.5.0-b42/hk2-locator-2.5.0-b42.jar:/home/user/.m2/repository/org/javassist/javassist/3.22.0-CR2/javassist-3.22.0-CR2.jar:/home/user/.m2/repository/org/glassfish/hk2/hk2-api/2.5.0/hk2-api-2.5.0.jar:/home/user/.m2/repository/org/glassfish/hk2/external/jakarta.inject/2.5.0/jakarta.inject-2.5.0.jar:/home/user/.m2/repository/org/glassfish/hk2/hk2-utils/2.5.0/hk2-utils-2.5.0.jar:/home/user/.m2/repository/jakarta/annotation/jakarta.annotation-api/1.3.4/jakarta.annotation-api-1.3.4.jar:/home/user/.m2/repository/org/glassfish/hk2/external/aopalliance-repackaged/2.5.0/aopalliance-repackaged-2.5.0.jar:/home/user/.m2/repository/com/fasterxml/jackson/dataformat/jackson-dataformat-xml/2.9.0/jackson-dataformat-xml-2.9.0.jar:/home/user/.m2/repository/com/fasterxml/jackson/module/jackson-module-jaxb-annotations/2.9.5/jackson-module-jaxb-annotations-2.9.5.jar:/home/user/.m2/repository/javax/enterprise/cdi-api/1.2/cdi-api-1.2.jar:/home/user/.m2/repository/javax/el/javax.el-api/3.0.0/javax.el-api-3.0.0.jar:/home/user/.m2/repository/javax/interceptor/javax.interceptor-api/1.2/javax.interceptor-api-1.2.jar:/home/user/.m2/repository/javax/inject/javax.inject/1/javax.inject-1.jar:/home/user/.m2/repository/com/sun/xml/bind/jaxb-core/2.3.0.1/jaxb-core-2.3.0.1.jar:/home/user/.m2/repository/javax/xml/bind/jaxb-api/2.3.0/jaxb-api-2.3.0.jar:/home/user/.m2/repository/javax/activation/activation/1.1.1/activation-1.1.1.jar:/home/user/.m2/repository/org/apache/hadoop/hadoop-ozone-csi/0.5.0-SNAPSHOT/hadoop-ozone-csi-0.5.0-SNAPSHOT.jar:/home/user/.m2/repository/com/google/protobuf/protobuf-java-util/3.5.1/protobuf-java-util-3.5.1.jar:/home/user/.m2/repository/io/grpc/grpc-netty/1.17.1/grpc-netty-1.17.1.jar:/home/user/.m2/repository/io/grpc/grpc-core/1.17.1/grpc-core-1.17.1.jar:/home/user/.m2/repository/io/grpc/grpc-context/1.17.1/grpc-context-1.17.1.jar:/home/user/.m2/repository/com/google/errorprone/error_prone_annotations/2.2.0/error_prone_annotations-2.2.0.jar:/home/user/.m2/repository/org/codehaus/mojo/animal-sniffer-annotations/1.17/animal-sniffer-annotations-1.17.jar:/home/user/.m2/repository/io/opencensus/opencensus-api/0.17.0/opencensus-api-0.17.0.jar:/home/user/.m2/repository/io/opencensus/opencensus-contrib-grpc-metrics/0.17.0/opencensus-contrib-grpc-metrics-0.17.0.jar:/home/user/.m2/repository/io/netty/netty-codec-http2/4.1.30.Final/netty-codec-http2-4.1.30.Final.jar:/home/user/.m2/repository/io/netty/netty-codec-http/4.1.30.Final/netty-codec-http-4.1.30.Final.jar:/home/user/.m2/repository/io/netty/netty-codec/4.1.30.Final/netty-codec-4.1.30.Final.jar:/home/user/.m2/repository/io/netty/netty-handler/4.1.30.Final/netty-handler-4.1.30.Final.jar:/home/user/.m2/repository/io/netty/netty-handler-proxy/4.1.30.Final/netty-handler-proxy-4.1.30.Final.jar:/home/user/.m2/repository/io/netty/netty-codec-socks/4.1.30.Final/netty-codec-socks-4.1.30.Final.jar:/home/user/.m2/repository/io/netty/netty-transport-native-epoll/4.1.30.Final/netty-transport-native-epoll-4.1.30.Final.jar:/home/user/.m2/repository/io/netty/netty-common/4.1.30.Final/netty-common-4.1.30.Final.jar:/home/user/.m2/repository/io/netty/netty-buffer/4.1.30.Final/netty-buffer-4.1.30.Final.jar:/home/user/.m2/repository/io/netty/netty-transport/4.1.30.Final/netty-transport-4.1.30.Final.jar:/home/user/.m2/repository/io/netty/netty-resolver/4.1.30.Final/netty-resolver-4.1.30.Final.jar:/home/user/.m2/repository/io/netty/netty-transport-native-unix-common/4.1.30.Final/netty-transport-native-unix-common-4.1.30.Final.jar:/home/user/.m2/repository/io/grpc/grpc-protobuf/1.17.1/grpc-protobuf-1.17.1.jar:/home/user/.m2/repository/com/google/api/grpc/proto-google-common-protos/1.0.0/proto-google-common-protos-1.0.0.jar:/home/user/.m2/repository/io/grpc/grpc-protobuf-lite/1.17.1/grpc-protobuf-lite-1.17.1.jar:/home/user/.m2/repository/io/grpc/grpc-stub/1.17.1/grpc-stub-1.17.1.jar:/home/user/.m2/repository/org/apache/hadoop/hadoop-ozone-recon/0.5.0-SNAPSHOT/hadoop-ozone-recon-0.5.0-SNAPSHOT.jar:/home/user/.m2/repository/org/apache/hadoop/hadoop-ozone-reconcodegen/0.5.0-SNAPSHOT/hadoop-ozone-reconcodegen-0.5.0-SNAPSHOT.jar:/home/user/.m2/repository/com/google/inject/extensions/guice-multibindings/4.0/guice-multibindings-4.0.jar:/home/user/.m2/repository/com/google/inject/guice/4.0/guice-4.0.jar:/home/user/.m2/repository/aopalliance/aopalliance/1.0/aopalliance-1.0.jar:/home/user/.m2/repository/org/glassfish/jersey/containers/jersey-container-servlet/2.27/jersey-container-servlet-2.27.jar:/home/user/.m2/repository/org/glassfish/hk2/guice-bridge/2.5.0/guice-bridge-2.5.0.jar:/home/user/.m2/repository/org/glassfish/jersey/core/jersey-server/2.27/jersey-server-2.27.jar:/home/user/.m2/repository/org/glassfish/jersey/core/jersey-client/2.27/jersey-client-2.27.jar:/home/user/.m2/repository/org/glassfish/jersey/media/jersey-media-jaxb/2.27/jersey-media-jaxb-2.27.jar:/home/user/.m2/repository/javax/validation/validation-api/1.1.0.Final/validation-api-1.1.0.Final.jar:/home/user/.m2/repository/org/glassfish/jersey/media/jersey-media-json-jackson/2.27/jersey-media-json-jackson-2.27.jar:/home/user/.m2/repository/org/glassfish/jersey/ext/jersey-entity-filtering/2.27/jersey-entity-filtering-2.27.jar:/home/user/.m2/repository/com/google/inject/extensions/guice-assistedinject/4.0/guice-assistedinject-4.0.jar:/home/user/.m2/repository/org/jooq/jooq/3.11.10/jooq-3.11.10.jar:/home/user/.m2/repository/org/jooq/jooq-meta/3.11.10/jooq-meta-3.11.10.jar:/home/user/.m2/repository/org/jooq/jooq-codegen/3.11.10/jooq-codegen-3.11.10.jar:/home/user/.m2/repository/com/jolbox/bonecp/0.8.0.RELEASE/bonecp-0.8.0.RELEASE.jar:/home/user/.m2/repository/org/springframework/spring-jdbc/5.1.3.RELEASE/spring-jdbc-5.1.3.RELEASE.jar:/home/user/.m2/repository/org/springframework/spring-beans/5.1.3.RELEASE/spring-beans-5.1.3.RELEASE.jar:/home/user/.m2/repository/org/springframework/spring-core/5.1.3.RELEASE/spring-core-5.1.3.RELEASE.jar:/home/user/.m2/repository/org/springframework/spring-jcl/5.1.3.RELEASE/spring-jcl-5.1.3.RELEASE.jar:/home/user/.m2/repository/org/springframework/spring-tx/5.1.3.RELEASE/spring-tx-5.1.3.RELEASE.jar:/home/user/.m2/repository/org/mockito/mockito-all/1.10.19/mockito-all-1.10.19.jar:/home/user/.m2/repository/junit/junit/4.11/junit-4.11.jar:/home/user/.m2/repository/org/hamcrest/hamcrest-core/1.3/hamcrest-core-1.3.jar:/home/user/.m2/repository/org/apache/hadoop/hadoop-distcp/3.2.0/hadoop-distcp-3.2.0.jar:/home/user/.m2/repository/org/apache/hadoop/hadoop-distcp/3.2.0/hadoop-distcp-3.2.0-tests.jar:/home/user/.m2/repository/org/apache/hadoop/hadoop-mapreduce-client-jobclient/3.2.0/hadoop-mapreduce-client-jobclient-3.2.0.jar:/home/user/.m2/repository/org/apache/hadoop/hadoop-mapreduce-client-common/3.2.0/hadoop-mapreduce-client-common-3.2.0.jar:/home/user/.m2/repository/org/apache/hadoop/hadoop-yarn-common/3.2.0/hadoop-yarn-common-3.2.0.jar:/home/user/.m2/repository/org/apache/hadoop/hadoop-yarn-api/3.2.0/hadoop-yarn-api-3.2.0.jar:/home/user/.m2/repository/com/sun/jersey/jersey-client/1.19/jersey-client-1.19.jar:/home/user/.m2/repository/com/sun/jersey/contribs/jersey-guice/1.19/jersey-guice-1.19.jar:/home/user/.m2/repository/com/fasterxml/jackson/jaxrs/jackson-jaxrs-json-provider/2.9.5/jackson-jaxrs-json-provider-2.9.5.jar:/home/user/.m2/repository/com/fasterxml/jackson/jaxrs/jackson-jaxrs-base/2.9.5/jackson-jaxrs-base-2.9.5.jar:/home/user/.m2/repository/org/apache/hadoop/hadoop-yarn-client/3.2.0/hadoop-yarn-client-3.2.0.jar:/home/user/.m2/repository/org/apache/hadoop/hadoop-mapreduce-client-core/3.2.0/hadoop-mapreduce-client-core-3.2.0.jar:/home/user/.m2/repository/com/google/inject/extensions/guice-servlet/4.0/guice-servlet-4.0.jar:/home/user/.m2/repository/org/powermock/powermock-module-junit4/1.6.5/powermock-module-junit4-1.6.5.jar:/home/user/.m2/repository/org/powermock/powermock-module-junit4-common/1.6.5/powermock-module-junit4-common-1.6.5.jar:/home/user/.m2/repository/org/powermock/powermock-core/1.6.5/powermock-core-1.6.5.jar:/home/user/.m2/repository/org/powermock/powermock-reflect/1.6.5/powermock-reflect-1.6.5.jar:/home/user/.m2/repository/org/powermock/powermock-api-mockito/1.6.5/powermock-api-mockito-1.6.5.jar:/home/user/.m2/repository/org/mockito/mockito-core/1.10.19/mockito-core-1.10.19.jar:/home/user/.m2/repository/org/objenesis/objenesis/1.0/objenesis-1.0.jar:/home/user/.m2/repository/org/powermock/powermock-api-mockito-common/1.6.5/powermock-api-mockito-common-1.6.5.jar:/home/user/.m2/repository/org/powermock/powermock-api-support/1.6.5/powermock-api-support-1.6.5.jar:"/>
    <property name="sun.cpu.endian" value="little"/>
    <property name="user.home" value="/home/user"/>
    <property name="user.language" value="en"/>
    <property name="java.specification.vendor" value="Oracle Corporation"/>
    <property name="java.home" value="/usr/lib/jvm/java-1.8-openjdk/jre"/>
    <property name="java.security.krb5.conf" value="/workdir/hadoop-ozone/ozonefs/target/test-classes/krb5.conf"/>
    <property name="basedir" value="/workdir/hadoop-ozone/ozonefs"/>
    <property name="file.separator" value="/"/>
    <property name="line.separator" value="&#10;"/>
    <property name="java.vm.specification.vendor" value="Oracle Corporation"/>
    <property name="java.specification.name" value="Java Platform API Specification"/>
    <property name="java.awt.graphicsenv" value="sun.awt.X11GraphicsEnvironment"/>
    <property name="surefire.real.class.path" value="/workdir/hadoop-ozone/ozonefs/target/surefire/surefirebooter4492453707323902319.jar"/>
    <property name="hadoop.log.dir" value="/workdir/hadoop-ozone/ozonefs/target/log"/>
    <property name="sun.boot.class.path" value="/usr/lib/jvm/java-1.8-openjdk/jre/lib/resources.jar:/usr/lib/jvm/java-1.8-openjdk/jre/lib/rt.jar:/usr/lib/jvm/java-1.8-openjdk/jre/lib/sunrsasign.jar:/usr/lib/jvm/java-1.8-openjdk/jre/lib/jsse.jar:/usr/lib/jvm/java-1.8-openjdk/jre/lib/jce.jar:/usr/lib/jvm/java-1.8-openjdk/jre/lib/charsets.jar:/usr/lib/jvm/java-1.8-openjdk/jre/lib/jfr.jar:/usr/lib/jvm/java-1.8-openjdk/jre/classes"/>
    <property name="sun.management.compiler" value="HotSpot 64-Bit Tiered Compilers"/>
    <property name="java.runtime.version" value="1.8.0_212-b04"/>
    <property name="java.net.preferIPv4Stack" value="true"/>
    <property name="user.name" value="jenkins1000"/>
    <property name="path.separator" value=":"/>
    <property name="java.security.egd" value="file:///dev/urandom"/>
    <property name="os.version" value="3.10.0-957.12.2.el7.x86_64"/>
    <property name="java.endorsed.dirs" value="/usr/lib/jvm/java-1.8-openjdk/jre/lib/endorsed"/>
    <property name="java.runtime.name" value="OpenJDK Runtime Environment"/>
    <property name="file.encoding" value="UTF-8"/>
    <property name="java.vm.name" value="OpenJDK 64-Bit Server VM"/>
    <property name="test.build.webapps" value=""/>
    <property name="localRepository" value="/home/user/.m2/repository"/>
    <property name="java.vendor.url.bug" value="https://icedtea.classpath.org/bugzilla"/>
    <property name="java.io.tmpdir" value="/tmp"/>
    <property name="require.test.libhadoop" value=""/>
    <property name="java.version" value="1.8.0_212"/>
    <property name="user.dir" value="/workdir/hadoop-ozone/ozonefs"/>
    <property name="os.arch" value="amd64"/>
    <property name="java.vm.specification.name" value="Java Virtual Machine Specification"/>
    <property name="test.build.classes" value="/workdir/hadoop-ozone/ozonefs/target/test-classes"/>
    <property name="java.awt.printerjob" value="sun.print.PSPrinterJob"/>
    <property name="sun.os.patch.level" value="unknown"/>
    <property name="hadoop.tmp.dir" value="/workdir/hadoop-ozone/ozonefs/target/tmp"/>
    <property name="java.library.path" value="/usr/lib/jvm/java-1.8-openjdk/jre/lib/amd64/server:/usr/lib/jvm/java-1.8-openjdk/jre/lib/amd64:/usr/lib/jvm/java-1.8-openjdk/jre/../lib/amd64:/workdir/hadoop-ozone/ozonefs/target/native/target/usr/local/lib:/workdir/hadoop-ozone/ozonefs/../../hadoop-common-project/hadoop-common/target/native/target/usr/local/lib:/usr/java/packages/lib/amd64:/usr/lib64:/lib64:/lib:/usr/lib"/>
    <property name="java.vm.info" value="mixed mode"/>
    <property name="java.vendor" value="IcedTea"/>
    <property name="java.vm.version" value="25.212-b04"/>
    <property name="java.ext.dirs" value="/usr/lib/jvm/java-1.8-openjdk/jre/lib/ext:/usr/java/packages/lib/ext"/>
    <property name="sun.io.unicode.encoding" value="UnicodeLittle"/>
    <property name="java.class.version" value="52.0"/>
  </properties>
  <testcase name="testOzoneManagerFileSystemInterface[0]" classname="org.apache.hadoop.fs.ozone.TestOzoneFileInterfaces" time="23.63"/>
  <testcase name="testListStatus[0]" classname="org.apache.hadoop.fs.ozone.TestOzoneFileInterfaces" time="17.286"/>
  <testcase name="testDirectory[0]" classname="org.apache.hadoop.fs.ozone.TestOzoneFileInterfaces" time="17.7"/>
  <testcase name="testPathToKey[0]" classname="org.apache.hadoop.fs.ozone.TestOzoneFileInterfaces" time="17.64"/>
  <testcase name="testFileSystemInit[0]" classname="org.apache.hadoop.fs.ozone.TestOzoneFileInterfaces" time="17.205"/>
  <testcase name="testOzFsReadWrite[0]" classname="org.apache.hadoop.fs.ozone.TestOzoneFileInterfaces" time="17.2">
    <error message="Allocated 0 blocks. Requested 1 blocks" type="INTERNAL_ERROR org.apache.hadoop.ozone.om.exceptions.OMException">INTERNAL_ERROR org.apache.hadoop.ozone.om.exceptions.OMException: Allocated 0 blocks. Requested 1 blocks
	at org.apache.hadoop.ozone.om.protocolPB.OzoneManagerProtocolClientSideTranslatorPB.handleError(OzoneManagerProtocolClientSideTranslatorPB.java:725)
	at org.apache.hadoop.ozone.om.protocolPB.OzoneManagerProtocolClientSideTranslatorPB.createFile(OzoneManagerProtocolClientSideTranslatorPB.java:1474)
	at org.apache.hadoop.ozone.client.rpc.RpcClient.createFile(RpcClient.java:984)
	at org.apache.hadoop.ozone.client.OzoneBucket.createFile(OzoneBucket.java:535)
	at org.apache.hadoop.fs.ozone.BasicOzoneClientAdapterImpl.createFile(BasicOzoneClientAdapterImpl.java:181)
	at org.apache.hadoop.fs.ozone.BasicOzoneFileSystem.createOutputStream(BasicOzoneFileSystem.java:249)
	at org.apache.hadoop.fs.ozone.BasicOzoneFileSystem.create(BasicOzoneFileSystem.java:230)
	at org.apache.hadoop.fs.FileSystem.create(FileSystem.java:1118)
	at org.apache.hadoop.fs.FileSystem.create(FileSystem.java:1098)
	at org.apache.hadoop.fs.FileSystem.create(FileSystem.java:987)
	at org.apache.hadoop.fs.FileSystem.create(FileSystem.java:975)
	at org.apache.hadoop.fs.ozone.TestOzoneFileInterfaces.testOzFsReadWrite(TestOzoneFileInterfaces.java:186)
	at sun.reflect.NativeMethodAccessorImpl.invoke0(Native Method)
	at sun.reflect.NativeMethodAccessorImpl.invoke(NativeMethodAccessorImpl.java:62)
	at sun.reflect.DelegatingMethodAccessorImpl.invoke(DelegatingMethodAccessorImpl.java:43)
	at java.lang.reflect.Method.invoke(Method.java:498)
	at org.junit.runners.model.FrameworkMethod$1.runReflectiveCall(FrameworkMethod.java:47)
	at org.junit.internal.runners.model.ReflectiveCallable.run(ReflectiveCallable.java:12)
	at org.junit.runners.model.FrameworkMethod.invokeExplosively(FrameworkMethod.java:44)
	at org.junit.internal.runners.statements.InvokeMethod.evaluate(InvokeMethod.java:17)
	at org.junit.internal.runners.statements.RunBefores.evaluate(RunBefores.java:26)
	at org.junit.internal.runners.statements.RunAfters.evaluate(RunAfters.java:27)
	at org.junit.runners.ParentRunner.runLeaf(ParentRunner.java:271)
	at org.junit.runners.BlockJUnit4ClassRunner.runChild(BlockJUnit4ClassRunner.java:70)
	at org.junit.runners.BlockJUnit4ClassRunner.runChild(BlockJUnit4ClassRunner.java:50)
	at org.junit.runners.ParentRunner$3.run(ParentRunner.java:238)
	at org.junit.runners.ParentRunner$1.schedule(ParentRunner.java:63)
	at org.junit.runners.ParentRunner.runChildren(ParentRunner.java:236)
	at org.junit.runners.ParentRunner.access$000(ParentRunner.java:53)
	at org.junit.runners.ParentRunner$2.evaluate(ParentRunner.java:229)
	at org.junit.runners.ParentRunner.run(ParentRunner.java:309)
	at org.junit.runners.Suite.runChild(Suite.java:127)
	at org.junit.runners.Suite.runChild(Suite.java:26)
	at org.junit.runners.ParentRunner$3.run(ParentRunner.java:238)
	at org.junit.runners.ParentRunner$1.schedule(ParentRunner.java:63)
	at org.junit.runners.ParentRunner.runChildren(ParentRunner.java:236)
	at org.junit.runners.ParentRunner.access$000(ParentRunner.java:53)
	at org.junit.runners.ParentRunner$2.evaluate(ParentRunner.java:229)
	at org.junit.runners.ParentRunner.run(ParentRunner.java:309)
	at org.apache.maven.surefire.junit4.JUnit4Provider.execute(JUnit4Provider.java:365)
	at org.apache.maven.surefire.junit4.JUnit4Provider.executeWithRerun(JUnit4Provider.java:273)
	at org.apache.maven.surefire.junit4.JUnit4Provider.executeTestSet(JUnit4Provider.java:238)
	at org.apache.maven.surefire.junit4.JUnit4Provider.invoke(JUnit4Provider.java:159)
	at org.apache.maven.surefire.booter.ForkedBooter.invokeProviderInSameClassLoader(ForkedBooter.java:384)
	at org.apache.maven.surefire.booter.ForkedBooter.runSuitesInProcess(ForkedBooter.java:345)
	at org.apache.maven.surefire.booter.ForkedBooter.execute(ForkedBooter.java:126)
	at org.apache.maven.surefire.booter.ForkedBooter.main(ForkedBooter.java:418)
</error>
    <system-out><![CDATA[2019-09-12 11:51:06,422 [main] WARN  server.ServerUtils (ServerUtils.java:getScmDbDir(145)) - ozone.scm.db.dirs is not configured. We recommend adding this setting. Falling back to ozone.metadata.dirs instead.
2019-09-12 11:51:06,437 [main] WARN  server.ServerUtils (ServerUtils.java:getScmDbDir(145)) - ozone.scm.db.dirs is not configured. We recommend adding this setting. Falling back to ozone.metadata.dirs instead.
2019-09-12 11:51:06,438 [main] WARN  server.ServerUtils (ServerUtils.java:getScmDbDir(145)) - ozone.scm.db.dirs is not configured. We recommend adding this setting. Falling back to ozone.metadata.dirs instead.
2019-09-12 11:51:06,438 [main] INFO  db.DBStoreBuilder (DBStoreBuilder.java:addTable(110)) - using custom profile for table: deletedBlocks
2019-09-12 11:51:06,439 [main] INFO  db.DBStoreBuilder (DBStoreBuilder.java:processTables(161)) - Using default column profile:DBProfile.DISK for Table:deletedBlocks
2019-09-12 11:51:06,439 [main] INFO  db.DBStoreBuilder (DBStoreBuilder.java:addTable(110)) - using custom profile for table: validCerts
2019-09-12 11:51:06,439 [main] INFO  db.DBStoreBuilder (DBStoreBuilder.java:processTables(161)) - Using default column profile:DBProfile.DISK for Table:validCerts
2019-09-12 11:51:06,439 [main] INFO  db.DBStoreBuilder (DBStoreBuilder.java:addTable(110)) - using custom profile for table: revokedCerts
2019-09-12 11:51:06,440 [main] INFO  db.DBStoreBuilder (DBStoreBuilder.java:processTables(161)) - Using default column profile:DBProfile.DISK for Table:revokedCerts
2019-09-12 11:51:06,440 [main] INFO  db.DBStoreBuilder (DBStoreBuilder.java:addTable(110)) - using custom profile for table: default
2019-09-12 11:51:06,440 [main] INFO  db.DBStoreBuilder (DBStoreBuilder.java:processTables(167)) - Using default column profile:DBProfile.DISK for Table:default
2019-09-12 11:51:06,440 [main] INFO  db.DBStoreBuilder (DBStoreBuilder.java:getDbProfile(198)) - Using default options. DBProfile.DISK
2019-09-12 11:51:06,595 [main] INFO  net.NodeSchemaLoader (NodeSchemaLoader.java:loadSchemaFromFile(125)) - Loading file from sun.misc.CompoundEnumeration@464abed
2019-09-12 11:51:06,595 [main] INFO  net.NodeSchemaLoader (NodeSchemaLoader.java:loadSchema(171)) - Loading network topology layer schema file
2019-09-12 11:51:06,600 [main] WARN  server.ServerUtils (ServerUtils.java:sanitizeUserArgs(70)) - ozone.scm.stale.node.interval value = 300000 is larger than max = 100000 based on the key value of ozone.scm.heartbeat.thread.interval, reset to the max value 100000.
2019-09-12 11:51:06,601 [main] WARN  server.ServerUtils (ServerUtils.java:sanitizeUserArgs(70)) - ozone.scm.stale.node.interval value = 300000 is larger than max = 100000 based on the key value of ozone.scm.heartbeat.thread.interval, reset to the max value 100000.
2019-09-12 11:51:06,601 [main] INFO  node.SCMNodeManager (SCMNodeManager.java:<init>(121)) - Entering startup safe mode.
2019-09-12 11:51:06,602 [main] INFO  algorithms.ContainerPlacementPolicyFactory (ContainerPlacementPolicyFactory.java:getPolicy(56)) - Create container placement policy of type org.apache.hadoop.hdds.scm.container.placement.algorithms.SCMContainerPlacementRandom
2019-09-12 11:51:06,602 [main] WARN  server.ServerUtils (ServerUtils.java:getScmDbDir(145)) - ozone.scm.db.dirs is not configured. We recommend adding this setting. Falling back to ozone.metadata.dirs instead.
2019-09-12 11:51:06,623 [main] INFO  pipeline.SCMPipelineManager (SCMPipelineManager.java:initializePipelineState(126)) - No pipeline exists in current db
2019-09-12 11:51:06,623 [main] WARN  server.ServerUtils (ServerUtils.java:getScmDbDir(145)) - ozone.scm.db.dirs is not configured. We recommend adding this setting. Falling back to ozone.metadata.dirs instead.
2019-09-12 11:51:06,709 [main] WARN  events.EventQueue (EventQueue.java:fireEvent(175)) - No event handler registered for event TypedEvent{payloadType=SafeModeStatus, name='SafeModeStatus'}
2019-09-12 11:51:06,709 [main] INFO  ipc.CallQueueManager (CallQueueManager.java:<init>(84)) - Using callQueue: class java.util.concurrent.LinkedBlockingQueue, queueCapacity: 2000, scheduler: class org.apache.hadoop.ipc.DefaultRpcScheduler, ipcBackoff: false.
2019-09-12 11:51:06,710 [Socket Reader #1 for port 40128] INFO  ipc.Server (Server.java:run(1074)) - Starting Socket Reader #1 for port 40128
2019-09-12 11:51:06,711 [main] INFO  ipc.CallQueueManager (CallQueueManager.java:<init>(84)) - Using callQueue: class java.util.concurrent.LinkedBlockingQueue, queueCapacity: 2000, scheduler: class org.apache.hadoop.ipc.DefaultRpcScheduler, ipcBackoff: false.
2019-09-12 11:51:06,712 [Socket Reader #1 for port 33188] INFO  ipc.Server (Server.java:run(1074)) - Starting Socket Reader #1 for port 33188
2019-09-12 11:51:06,712 [main] INFO  ipc.CallQueueManager (CallQueueManager.java:<init>(84)) - Using callQueue: class java.util.concurrent.LinkedBlockingQueue, queueCapacity: 2000, scheduler: class org.apache.hadoop.ipc.DefaultRpcScheduler, ipcBackoff: false.
2019-09-12 11:51:06,713 [Socket Reader #1 for port 39331] INFO  ipc.Server (Server.java:run(1074)) - Starting Socket Reader #1 for port 39331
2019-09-12 11:51:06,715 [main] INFO  hdfs.DFSUtil (DFSUtil.java:httpServerTemplateForNNAndJN(1641)) - Starting Web-server for scm at: http://0.0.0.0:0
2019-09-12 11:51:06,717 [main] INFO  server.AuthenticationFilter (AuthenticationFilter.java:constructSecretProvider(240)) - Unable to initialize FileSignerSecretProvider, falling back to use random secrets.
2019-09-12 11:51:06,717 [main] WARN  http.HttpRequestLog (HttpRequestLog.java:getRequestLog(97)) - Jetty request log can only be enabled using Log4j
2019-09-12 11:51:06,719 [main] INFO  http.HttpServer2 (HttpServer2.java:addGlobalFilter(975)) - Added global filter 'safety' (class=org.apache.hadoop.http.HttpServer2$QuotingInputFilter)
2019-09-12 11:51:06,719 [main] INFO  http.HttpServer2 (HttpServer2.java:addFilter(948)) - Added filter static_user_filter (class=org.apache.hadoop.http.lib.StaticUserWebFilter$StaticUserFilter) to context scm
2019-09-12 11:51:06,719 [main] INFO  http.HttpServer2 (HttpServer2.java:addFilter(958)) - Added filter static_user_filter (class=org.apache.hadoop.http.lib.StaticUserWebFilter$StaticUserFilter) to context logs
2019-09-12 11:51:06,719 [main] INFO  http.HttpServer2 (HttpServer2.java:addFilter(958)) - Added filter static_user_filter (class=org.apache.hadoop.http.lib.StaticUserWebFilter$StaticUserFilter) to context static
2019-09-12 11:51:06,721 [main] INFO  server.StorageContainerManager (StorageContainerManager.java:start(759)) - StorageContainerLocationProtocol RPC server is listening at /0.0.0.0:39331
2019-09-12 11:51:06,722 [main] WARN  impl.MetricsConfig (MetricsConfig.java:loadFirst(134)) - Cannot locate configuration: tried hadoop-metrics2-storagecontainermanager.properties,hadoop-metrics2.properties
2019-09-12 11:51:06,723 [main] INFO  impl.MetricsSystemImpl (MetricsSystemImpl.java:startTimer(374)) - Scheduled Metric snapshot period at 10 second(s).
2019-09-12 11:51:06,723 [main] INFO  impl.MetricsSystemImpl (MetricsSystemImpl.java:start(191)) - StorageContainerManager metrics system started
2019-09-12 11:51:06,759 [main] INFO  server.SCMClientProtocolServer (SCMClientProtocolServer.java:start(151)) - RPC server for Client  is listening at /0.0.0.0:39331
2019-09-12 11:51:06,759 [IPC Server listener on 39331] INFO  ipc.Server (Server.java:run(1153)) - IPC Server listener on 39331: starting
2019-09-12 11:51:06,759 [IPC Server Responder] INFO  ipc.Server (Server.java:run(1314)) - IPC Server Responder: starting
2019-09-12 11:51:06,761 [main] INFO  server.StorageContainerManager (StorageContainerManager.java:start(769)) - ScmBlockLocationProtocol RPC server is listening at /0.0.0.0:33188
2019-09-12 11:51:06,761 [main] INFO  server.SCMBlockProtocolServer (SCMBlockProtocolServer.java:start(140)) - RPC server for Block Protocol is listening at /0.0.0.0:33188
2019-09-12 11:51:06,762 [IPC Server listener on 33188] INFO  ipc.Server (Server.java:run(1153)) - IPC Server listener on 33188: starting
2019-09-12 11:51:06,762 [IPC Server Responder] INFO  ipc.Server (Server.java:run(1314)) - IPC Server Responder: starting
2019-09-12 11:51:06,764 [main] INFO  server.StorageContainerManager (StorageContainerManager.java:start(773)) - ScmDatanodeProtocl RPC server is listening at /0.0.0.0:40128
2019-09-12 11:51:06,764 [main] INFO  server.SCMDatanodeProtocolServer (SCMDatanodeProtocolServer.java:start(191)) - RPC server for DataNodes is listening at /0.0.0.0:40128
2019-09-12 11:51:06,764 [IPC Server Responder] INFO  ipc.Server (Server.java:run(1314)) - IPC Server Responder: starting
2019-09-12 11:51:06,766 [IPC Server listener on 40128] INFO  ipc.Server (Server.java:run(1153)) - IPC Server listener on 40128: starting
2019-09-12 11:51:06,768 [main] INFO  http.HttpServer2 (HttpServer2.java:bindListener(1191)) - Jetty bound to port 43149
2019-09-12 11:51:06,768 [main] INFO  server.Server (Server.java:doStart(351)) - jetty-9.3.24.v20180605, build timestamp: 2018-06-05T17:11:56Z, git hash: 84205aa28f11a4f31f2a3b86d1bba2cc8ab69827
2019-09-12 11:51:06,770 [main] INFO  handler.ContextHandler (ContextHandler.java:doStart(781)) - Started o.e.j.s.ServletContextHandler@70efdd18{/logs,file:///workdir/hadoop-ozone/ozonefs/target/log,AVAILABLE}
2019-09-12 11:51:06,771 [main] INFO  handler.ContextHandler (ContextHandler.java:doStart(781)) - Started o.e.j.s.ServletContextHandler@4c05f83b{/static,jar:file:/home/user/.m2/repository/org/apache/hadoop/hadoop-hdds-server-scm/0.5.0-SNAPSHOT/hadoop-hdds-server-scm-0.5.0-SNAPSHOT.jar!/webapps/static,AVAILABLE}
2019-09-12 11:51:06,806 [main] INFO  handler.ContextHandler (ContextHandler.java:doStart(781)) - Started o.e.j.w.WebAppContext@2b76ecd5{/,file:///tmp/jetty-0.0.0.0-43149-scm-_-any-7308192565084129147.dir/webapp/,AVAILABLE}{/scm}
2019-09-12 11:51:06,806 [main] INFO  server.AbstractConnector (AbstractConnector.java:doStart(278)) - Started ServerConnector@7bd7c4cf{HTTP/1.1,[http/1.1]}{0.0.0.0:43149}
2019-09-12 11:51:06,807 [main] INFO  server.Server (Server.java:doStart(419)) - Started @94316ms
2019-09-12 11:51:06,808 [main] INFO  server.BaseHttpServer (BaseHttpServer.java:updateConnectorAddress(213)) - HTTP server of SCM is listening at http://0.0.0.0:43149
2019-09-12 11:51:06,809 [main] WARN  server.ServerUtils (ServerUtils.java:getDBPath(222)) - ozone.om.db.dirs is not configured. We recommend adding this setting. Falling back to ozone.metadata.dirs instead.
2019-09-12 11:51:06,809 [org.apache.hadoop.util.JvmPauseMonitor$Monitor@67b20b4c] INFO  util.JvmPauseMonitor (JvmPauseMonitor.java:run(188)) - Starting JVM pause monitor
2019-09-12 11:51:06,831 [main] WARN  server.ServerUtils (ServerUtils.java:getDBPath(222)) - ozone.om.db.dirs is not configured. We recommend adding this setting. Falling back to ozone.metadata.dirs instead.
2019-09-12 11:51:06,831 [main] WARN  server.ServerUtils (ServerUtils.java:getDBPath(222)) - ozone.om.db.dirs is not configured. We recommend adding this setting. Falling back to ozone.metadata.dirs instead.
2019-09-12 11:51:06,831 [main] INFO  om.OzoneManager (OzoneManager.java:setOMNodeDetails(645)) - OM Service ID is not set. Setting it to the default ID: omServiceIdDefault
2019-09-12 11:51:06,832 [main] INFO  om.OzoneManager (OzoneManager.java:setOMNodeDetails(651)) - OM Node ID is not set. Setting it to the OmStorage's OmID: 43d167eb-edd0-4250-b795-064fdd95b110
2019-09-12 11:51:06,832 [main] INFO  om.OzoneManager (OzoneManager.java:loadOMHAConfigs(602)) - Found matching OM address with OMServiceId: null, OMNodeId: null, RPC Address: localhost:0 and Ratis port: 9872
2019-09-12 11:51:06,839 | INFO  | SCMAudit | user=jenkins1000 | ip=192.168.157.195 | op=GET_SCM_INFO null | ret=SUCCESS |  
2019-09-12 11:51:06,840 [main] WARN  server.ServerUtils (ServerUtils.java:getDBPath(222)) - ozone.om.db.dirs is not configured. We recommend adding this setting. Falling back to ozone.metadata.dirs instead.
2019-09-12 11:51:06,840 [main] INFO  db.DBStoreBuilder (DBStoreBuilder.java:addTable(110)) - using custom profile for table: userTable
2019-09-12 11:51:06,840 [main] INFO  db.DBStoreBuilder (DBStoreBuilder.java:processTables(161)) - Using default column profile:DBProfile.DISK for Table:userTable
2019-09-12 11:51:06,841 [main] INFO  db.DBStoreBuilder (DBStoreBuilder.java:addTable(110)) - using custom profile for table: volumeTable
2019-09-12 11:51:06,841 [main] INFO  db.DBStoreBuilder (DBStoreBuilder.java:processTables(161)) - Using default column profile:DBProfile.DISK for Table:volumeTable
2019-09-12 11:51:06,841 [main] INFO  db.DBStoreBuilder (DBStoreBuilder.java:addTable(110)) - using custom profile for table: bucketTable
2019-09-12 11:51:06,841 [main] INFO  db.DBStoreBuilder (DBStoreBuilder.java:processTables(161)) - Using default column profile:DBProfile.DISK for Table:bucketTable
2019-09-12 11:51:06,841 [main] INFO  db.DBStoreBuilder (DBStoreBuilder.java:addTable(110)) - using custom profile for table: keyTable
2019-09-12 11:51:06,841 [main] INFO  db.DBStoreBuilder (DBStoreBuilder.java:processTables(161)) - Using default column profile:DBProfile.DISK for Table:keyTable
2019-09-12 11:51:06,842 [main] INFO  db.DBStoreBuilder (DBStoreBuilder.java:addTable(110)) - using custom profile for table: deletedTable
2019-09-12 11:51:06,842 [main] INFO  db.DBStoreBuilder (DBStoreBuilder.java:processTables(161)) - Using default column profile:DBProfile.DISK for Table:deletedTable
2019-09-12 11:51:06,842 [main] INFO  db.DBStoreBuilder (DBStoreBuilder.java:addTable(110)) - using custom profile for table: openKeyTable
2019-09-12 11:51:06,842 [main] INFO  db.DBStoreBuilder (DBStoreBuilder.java:processTables(161)) - Using default column profile:DBProfile.DISK for Table:openKeyTable
2019-09-12 11:51:06,842 [main] INFO  db.DBStoreBuilder (DBStoreBuilder.java:addTable(110)) - using custom profile for table: s3Table
2019-09-12 11:51:06,842 [main] INFO  db.DBStoreBuilder (DBStoreBuilder.java:processTables(161)) - Using default column profile:DBProfile.DISK for Table:s3Table
2019-09-12 11:51:06,842 [main] INFO  db.DBStoreBuilder (DBStoreBuilder.java:addTable(110)) - using custom profile for table: multipartInfoTable
2019-09-12 11:51:06,843 [main] INFO  db.DBStoreBuilder (DBStoreBuilder.java:processTables(161)) - Using default column profile:DBProfile.DISK for Table:multipartInfoTable
2019-09-12 11:51:06,843 [main] INFO  db.DBStoreBuilder (DBStoreBuilder.java:addTable(110)) - using custom profile for table: dTokenTable
2019-09-12 11:51:06,843 [main] INFO  db.DBStoreBuilder (DBStoreBuilder.java:processTables(161)) - Using default column profile:DBProfile.DISK for Table:dTokenTable
2019-09-12 11:51:06,843 [main] INFO  db.DBStoreBuilder (DBStoreBuilder.java:addTable(110)) - using custom profile for table: s3SecretTable
2019-09-12 11:51:06,843 [main] INFO  db.DBStoreBuilder (DBStoreBuilder.java:processTables(161)) - Using default column profile:DBProfile.DISK for Table:s3SecretTable
2019-09-12 11:51:06,843 [main] INFO  db.DBStoreBuilder (DBStoreBuilder.java:addTable(110)) - using custom profile for table: prefixTable
2019-09-12 11:51:06,843 [main] INFO  db.DBStoreBuilder (DBStoreBuilder.java:processTables(161)) - Using default column profile:DBProfile.DISK for Table:prefixTable
2019-09-12 11:51:06,844 [main] INFO  db.DBStoreBuilder (DBStoreBuilder.java:addTable(110)) - using custom profile for table: default
2019-09-12 11:51:06,844 [main] INFO  db.DBStoreBuilder (DBStoreBuilder.java:processTables(167)) - Using default column profile:DBProfile.DISK for Table:default
2019-09-12 11:51:06,844 [main] INFO  db.DBStoreBuilder (DBStoreBuilder.java:getDbProfile(198)) - Using default options. DBProfile.DISK
2019-09-12 11:51:07,282 [main] INFO  ipc.CallQueueManager (CallQueueManager.java:<init>(84)) - Using callQueue: class java.util.concurrent.LinkedBlockingQueue, queueCapacity: 2000, scheduler: class org.apache.hadoop.ipc.DefaultRpcScheduler, ipcBackoff: false.
2019-09-12 11:51:07,283 [Socket Reader #1 for port 42167] INFO  ipc.Server (Server.java:run(1074)) - Starting Socket Reader #1 for port 42167
2019-09-12 11:51:07,302 [main] INFO  om.OzoneManager (OzoneManager.java:start(1256)) - OzoneManager RPC server is listening at localhost/127.0.0.1:42167
2019-09-12 11:51:07,302 [main] INFO  impl.MetricsSystemImpl (MetricsSystemImpl.java:init(158)) - OzoneManager metrics system started (again)
2019-09-12 11:51:07,303 [IPC Server Responder] INFO  ipc.Server (Server.java:run(1314)) - IPC Server Responder: starting
2019-09-12 11:51:07,303 [IPC Server listener on 42167] INFO  ipc.Server (Server.java:run(1153)) - IPC Server listener on 42167: starting
2019-09-12 11:51:07,309 [main] INFO  hdfs.DFSUtil (DFSUtil.java:httpServerTemplateForNNAndJN(1641)) - Starting Web-server for ozoneManager at: http://0.0.0.0:0
2019-09-12 11:51:07,312 [main] INFO  server.AuthenticationFilter (AuthenticationFilter.java:constructSecretProvider(240)) - Unable to initialize FileSignerSecretProvider, falling back to use random secrets.
2019-09-12 11:51:07,312 [main] WARN  http.HttpRequestLog (HttpRequestLog.java:getRequestLog(97)) - Jetty request log can only be enabled using Log4j
2019-09-12 11:51:07,315 [main] INFO  http.HttpServer2 (HttpServer2.java:addGlobalFilter(975)) - Added global filter 'safety' (class=org.apache.hadoop.http.HttpServer2$QuotingInputFilter)
2019-09-12 11:51:07,316 [main] INFO  http.HttpServer2 (HttpServer2.java:addFilter(948)) - Added filter static_user_filter (class=org.apache.hadoop.http.lib.StaticUserWebFilter$StaticUserFilter) to context ozoneManager
2019-09-12 11:51:07,316 [main] INFO  http.HttpServer2 (HttpServer2.java:addFilter(958)) - Added filter static_user_filter (class=org.apache.hadoop.http.lib.StaticUserWebFilter$StaticUserFilter) to context static
2019-09-12 11:51:07,317 [main] INFO  http.HttpServer2 (HttpServer2.java:addFilter(958)) - Added filter static_user_filter (class=org.apache.hadoop.http.lib.StaticUserWebFilter$StaticUserFilter) to context logs
2019-09-12 11:51:07,318 [main] INFO  http.HttpServer2 (HttpServer2.java:bindListener(1191)) - Jetty bound to port 38228
2019-09-12 11:51:07,318 [main] INFO  server.Server (Server.java:doStart(351)) - jetty-9.3.24.v20180605, build timestamp: 2018-06-05T17:11:56Z, git hash: 84205aa28f11a4f31f2a3b86d1bba2cc8ab69827
2019-09-12 11:51:07,321 [main] INFO  handler.ContextHandler (ContextHandler.java:doStart(781)) - Started o.e.j.s.ServletContextHandler@1fc386f8{/logs,file:///workdir/hadoop-ozone/ozonefs/target/log,AVAILABLE}
2019-09-12 11:51:07,321 [main] INFO  handler.ContextHandler (ContextHandler.java:doStart(781)) - Started o.e.j.s.ServletContextHandler@3777fc44{/static,jar:file:/home/user/.m2/repository/org/apache/hadoop/hadoop-ozone-ozone-manager/0.5.0-SNAPSHOT/hadoop-ozone-ozone-manager-0.5.0-SNAPSHOT.jar!/webapps/static,AVAILABLE}
2019-09-12 11:51:07,368 [main] INFO  handler.ContextHandler (ContextHandler.java:doStart(781)) - Started o.e.j.w.WebAppContext@68a97fc1{/,file:///tmp/jetty-0.0.0.0-38228-ozoneManager-_-any-2597619532413111370.dir/webapp/,AVAILABLE}{/ozoneManager}
2019-09-12 11:51:07,368 [main] INFO  server.AbstractConnector (AbstractConnector.java:doStart(278)) - Started ServerConnector@227fc322{HTTP/1.1,[http/1.1]}{0.0.0.0:38228}
2019-09-12 11:51:07,370 [main] INFO  server.Server (Server.java:doStart(419)) - Started @94878ms
2019-09-12 11:51:07,371 [main] INFO  server.BaseHttpServer (BaseHttpServer.java:updateConnectorAddress(213)) - HTTP server of OZONEMANAGER is listening at http://0.0.0.0:38228
2019-09-12 11:51:07,381 [main] INFO  impl.MetricsSystemImpl (MetricsSystemImpl.java:init(158)) - HddsDatanode metrics system started (again)
2019-09-12 11:51:07,383 [main] INFO  ozone.HddsDatanodeService (HddsDatanodeService.java:start(184)) - HddsDatanodeService host:pr-hdds-1569-xtfnx-3545843844 ip:192.168.157.195
2019-09-12 11:51:07,392 [main] INFO  volume.HddsVolume (HddsVolume.java:<init>(176)) - Creating Volume: /workdir/hadoop-ozone/ozonefs/target/test-dir/MiniOzoneClusterImpl-2036787f-4a5c-4c85-b727-13a1bbcfb7f9/datanode-0/data/containers/hdds of  storage type : DISK and capacity : 1482555576320
2019-09-12 11:51:07,393 [main] INFO  volume.VolumeSet (VolumeSet.java:initializeVolumeSet(170)) - Added Volume : /workdir/hadoop-ozone/ozonefs/target/test-dir/MiniOzoneClusterImpl-2036787f-4a5c-4c85-b727-13a1bbcfb7f9/datanode-0/data/containers/hdds to VolumeSet
2019-09-12 11:51:07,393 [main] INFO  volume.ThrottledAsyncChecker (ThrottledAsyncChecker.java:schedule(140)) - Scheduling a check for org.apache.hadoop.ozone.container.common.volume.HddsVolume@2d94279f
2019-09-12 11:51:07,393 [main] INFO  volume.HddsVolumeChecker (HddsVolumeChecker.java:checkAllVolumes(203)) - Scheduled health check for volume org.apache.hadoop.ozone.container.common.volume.HddsVolume@2d94279f
2019-09-12 11:51:07,414 [main] INFO  impl.RaftServerProxy (ConfUtils.java:logGet(43)) - raft.rpc.type = GRPC (default)
2019-09-12 11:51:07,415 [main] INFO  grpc.GrpcFactory (GrpcFactory.java:checkPooledByteBufAllocatorUseCacheForAllThreads(45)) - PERFORMANCE WARNING: useCacheForAllThreads is true that may cause Netty to create a lot garbage objects and, as a result, trigger GC.
	It is recommended to disable useCacheForAllThreads by setting -Dorg.apache.ratis.thirdparty.io.netty.allocator.useCacheForAllThreads=false in command line.
2019-09-12 11:51:07,415 [main] INFO  grpc.GrpcConfigKeys$Server (ConfUtils.java:logGet(43)) - raft.grpc.server.port = 0 (default)
2019-09-12 11:51:07,415 [main] INFO  server.GrpcService (ConfUtils.java:logGet(43)) - raft.grpc.message.size.max = 33570816 (custom)
2019-09-12 11:51:07,415 [main] INFO  server.RaftServerConfigKeys (ConfUtils.java:logGet(43)) - raft.server.log.appender.buffer.byte-limit = 33554432 (custom)
2019-09-12 11:51:07,415 [main] INFO  server.GrpcService (ConfUtils.java:logGet(43)) - raft.grpc.flow.control.window = 1MB (=1048576) (default)
2019-09-12 11:51:07,416 [main] INFO  server.RaftServerConfigKeys (ConfUtils.java:logGet(43)) - raft.server.rpc.request.timeout = 3000ms (default)
2019-09-12 11:51:07,416 [main] INFO  server.RaftServerConfigKeys (ConfUtils.java:logGet(43)) - raft.server.storage.dir = [/workdir/hadoop-ozone/ozonefs/target/test-dir/MiniOzoneClusterImpl-2036787f-4a5c-4c85-b727-13a1bbcfb7f9/datanode-0/data/ratis] (custom)
2019-09-12 11:51:07,417 [main] INFO  replication.SimpleContainerDownloader (SimpleContainerDownloader.java:<init>(72)) - Starting container downloader service to copy containers to replicate.
2019-09-12 11:51:07,419 [main] INFO  hdfs.DFSUtil (DFSUtil.java:httpServerTemplateForNNAndJN(1641)) - Starting Web-server for hddsDatanode at: http://0.0.0.0:0
2019-09-12 11:51:07,421 [main] INFO  server.AuthenticationFilter (AuthenticationFilter.java:constructSecretProvider(240)) - Unable to initialize FileSignerSecretProvider, falling back to use random secrets.
2019-09-12 11:51:07,421 [main] WARN  http.HttpRequestLog (HttpRequestLog.java:getRequestLog(97)) - Jetty request log can only be enabled using Log4j
2019-09-12 11:51:07,423 [main] INFO  http.HttpServer2 (HttpServer2.java:addGlobalFilter(975)) - Added global filter 'safety' (class=org.apache.hadoop.http.HttpServer2$QuotingInputFilter)
2019-09-12 11:51:07,424 [main] INFO  http.HttpServer2 (HttpServer2.java:addFilter(948)) - Added filter static_user_filter (class=org.apache.hadoop.http.lib.StaticUserWebFilter$StaticUserFilter) to context hddsDatanode
2019-09-12 11:51:07,424 [main] INFO  http.HttpServer2 (HttpServer2.java:addFilter(958)) - Added filter static_user_filter (class=org.apache.hadoop.http.lib.StaticUserWebFilter$StaticUserFilter) to context static
2019-09-12 11:51:07,424 [main] INFO  http.HttpServer2 (HttpServer2.java:addFilter(958)) - Added filter static_user_filter (class=org.apache.hadoop.http.lib.StaticUserWebFilter$StaticUserFilter) to context logs
2019-09-12 11:51:07,425 [main] INFO  http.HttpServer2 (HttpServer2.java:bindListener(1191)) - Jetty bound to port 35207
2019-09-12 11:51:07,425 [main] INFO  server.Server (Server.java:doStart(351)) - jetty-9.3.24.v20180605, build timestamp: 2018-06-05T17:11:56Z, git hash: 84205aa28f11a4f31f2a3b86d1bba2cc8ab69827
2019-09-12 11:51:07,427 [main] INFO  handler.ContextHandler (ContextHandler.java:doStart(781)) - Started o.e.j.s.ServletContextHandler@670aac24{/logs,file:///workdir/hadoop-ozone/ozonefs/target/log,AVAILABLE}
2019-09-12 11:51:07,428 [main] INFO  handler.ContextHandler (ContextHandler.java:doStart(781)) - Started o.e.j.s.ServletContextHandler@1977b0df{/static,jar:file:/home/user/.m2/repository/org/apache/hadoop/hadoop-hdds-container-service/0.5.0-SNAPSHOT/hadoop-hdds-container-service-0.5.0-SNAPSHOT.jar!/webapps/static,AVAILABLE}
2019-09-12 11:51:07,457 [main] INFO  handler.ContextHandler (ContextHandler.java:doStart(781)) - Started o.e.j.w.WebAppContext@7da6d695{/,file:///tmp/jetty-0.0.0.0-35207-hddsDatanode-_-any-1167821156650997113.dir/webapp/,AVAILABLE}{/hddsDatanode}
2019-09-12 11:51:07,457 [main] INFO  server.AbstractConnector (AbstractConnector.java:doStart(278)) - Started ServerConnector@74a991cf{HTTP/1.1,[http/1.1]}{0.0.0.0:35207}
2019-09-12 11:51:07,458 [main] INFO  server.Server (Server.java:doStart(419)) - Started @94967ms
2019-09-12 11:51:07,459 [main] INFO  server.BaseHttpServer (BaseHttpServer.java:updateConnectorAddress(213)) - HTTP server of HDDSDATANODE is listening at http://0.0.0.0:35207
2019-09-12 11:51:07,591 | INFO  | ObjectStoreRestHttpServer | Listening HDDS REST traffic on /0.0.0.0:33628 |  
2019-09-12 11:51:07,591 [main] INFO  ozone.HddsDatanodeService (HddsDatanodeService.java:startPlugins(395)) - Started plug-in org.apache.hadoop.ozone.web.OzoneHddsDatanodeService@32153bbe
2019-09-12 11:51:07,592 [main] INFO  impl.MetricsSystemImpl (MetricsSystemImpl.java:init(158)) - HddsDatanode metrics system started (again)
2019-09-12 11:51:07,594 [org.apache.hadoop.util.JvmPauseMonitor$Monitor@168c29b9] INFO  util.JvmPauseMonitor (JvmPauseMonitor.java:run(188)) - Starting JVM pause monitor
2019-09-12 11:51:07,594 [main] INFO  ozone.HddsDatanodeService (HddsDatanodeService.java:start(184)) - HddsDatanodeService host:pr-hdds-1569-xtfnx-3545843844 ip:192.168.157.195
2019-09-12 11:51:07,598 [Datanode State Machine Thread - 0] INFO  datanode.InitDatanodeState (InitDatanodeState.java:persistContainerDatanodeDetails(140)) - DatanodeDetails is persisted to /workdir/hadoop-ozone/ozonefs/target/test-dir/MiniOzoneClusterImpl-2036787f-4a5c-4c85-b727-13a1bbcfb7f9/datanode-0/meta/datanode.id
2019-09-12 11:51:07,602 [main] INFO  volume.HddsVolume (HddsVolume.java:<init>(176)) - Creating Volume: /workdir/hadoop-ozone/ozonefs/target/test-dir/MiniOzoneClusterImpl-2036787f-4a5c-4c85-b727-13a1bbcfb7f9/datanode-1/data/containers/hdds of  storage type : DISK and capacity : 1482555576320
2019-09-12 11:51:07,603 [main] INFO  volume.VolumeSet (VolumeSet.java:initializeVolumeSet(170)) - Added Volume : /workdir/hadoop-ozone/ozonefs/target/test-dir/MiniOzoneClusterImpl-2036787f-4a5c-4c85-b727-13a1bbcfb7f9/datanode-1/data/containers/hdds to VolumeSet
2019-09-12 11:51:07,603 [main] INFO  volume.ThrottledAsyncChecker (ThrottledAsyncChecker.java:schedule(140)) - Scheduling a check for org.apache.hadoop.ozone.container.common.volume.HddsVolume@112a50a1
2019-09-12 11:51:07,604 [main] INFO  volume.HddsVolumeChecker (HddsVolumeChecker.java:checkAllVolumes(203)) - Scheduled health check for volume org.apache.hadoop.ozone.container.common.volume.HddsVolume@112a50a1
2019-09-12 11:51:07,624 [main] INFO  impl.RaftServerProxy (ConfUtils.java:logGet(43)) - raft.rpc.type = GRPC (default)
2019-09-12 11:51:07,624 [main] INFO  grpc.GrpcFactory (GrpcFactory.java:checkPooledByteBufAllocatorUseCacheForAllThreads(45)) - PERFORMANCE WARNING: useCacheForAllThreads is true that may cause Netty to create a lot garbage objects and, as a result, trigger GC.
	It is recommended to disable useCacheForAllThreads by setting -Dorg.apache.ratis.thirdparty.io.netty.allocator.useCacheForAllThreads=false in command line.
2019-09-12 11:51:07,624 [main] INFO  grpc.GrpcConfigKeys$Server (ConfUtils.java:logGet(43)) - raft.grpc.server.port = 0 (default)
2019-09-12 11:51:07,624 [main] INFO  server.GrpcService (ConfUtils.java:logGet(43)) - raft.grpc.message.size.max = 33570816 (custom)
2019-09-12 11:51:07,625 [main] INFO  server.RaftServerConfigKeys (ConfUtils.java:logGet(43)) - raft.server.log.appender.buffer.byte-limit = 33554432 (custom)
2019-09-12 11:51:07,625 [main] INFO  server.GrpcService (ConfUtils.java:logGet(43)) - raft.grpc.flow.control.window = 1MB (=1048576) (default)
2019-09-12 11:51:07,625 [main] INFO  server.RaftServerConfigKeys (ConfUtils.java:logGet(43)) - raft.server.rpc.request.timeout = 3000ms (default)
2019-09-12 11:51:07,626 [main] INFO  server.RaftServerConfigKeys (ConfUtils.java:logGet(43)) - raft.server.storage.dir = [/workdir/hadoop-ozone/ozonefs/target/test-dir/MiniOzoneClusterImpl-2036787f-4a5c-4c85-b727-13a1bbcfb7f9/datanode-1/data/ratis] (custom)
2019-09-12 11:51:07,626 [main] INFO  replication.SimpleContainerDownloader (SimpleContainerDownloader.java:<init>(72)) - Starting container downloader service to copy containers to replicate.
2019-09-12 11:51:07,627 [main] INFO  hdfs.DFSUtil (DFSUtil.java:httpServerTemplateForNNAndJN(1641)) - Starting Web-server for hddsDatanode at: http://0.0.0.0:0
2019-09-12 11:51:07,629 [main] INFO  server.AuthenticationFilter (AuthenticationFilter.java:constructSecretProvider(240)) - Unable to initialize FileSignerSecretProvider, falling back to use random secrets.
2019-09-12 11:51:07,629 [main] WARN  http.HttpRequestLog (HttpRequestLog.java:getRequestLog(97)) - Jetty request log can only be enabled using Log4j
2019-09-12 11:51:07,631 [main] INFO  http.HttpServer2 (HttpServer2.java:addGlobalFilter(975)) - Added global filter 'safety' (class=org.apache.hadoop.http.HttpServer2$QuotingInputFilter)
2019-09-12 11:51:07,631 [main] INFO  http.HttpServer2 (HttpServer2.java:addFilter(948)) - Added filter static_user_filter (class=org.apache.hadoop.http.lib.StaticUserWebFilter$StaticUserFilter) to context hddsDatanode
2019-09-12 11:51:07,631 [main] INFO  http.HttpServer2 (HttpServer2.java:addFilter(958)) - Added filter static_user_filter (class=org.apache.hadoop.http.lib.StaticUserWebFilter$StaticUserFilter) to context static
2019-09-12 11:51:07,632 [main] INFO  http.HttpServer2 (HttpServer2.java:addFilter(958)) - Added filter static_user_filter (class=org.apache.hadoop.http.lib.StaticUserWebFilter$StaticUserFilter) to context logs
2019-09-12 11:51:07,632 [main] INFO  http.HttpServer2 (HttpServer2.java:bindListener(1191)) - Jetty bound to port 40536
2019-09-12 11:51:07,632 [main] INFO  server.Server (Server.java:doStart(351)) - jetty-9.3.24.v20180605, build timestamp: 2018-06-05T17:11:56Z, git hash: 84205aa28f11a4f31f2a3b86d1bba2cc8ab69827
2019-09-12 11:51:07,634 [main] INFO  handler.ContextHandler (ContextHandler.java:doStart(781)) - Started o.e.j.s.ServletContextHandler@739be7ec{/logs,file:///workdir/hadoop-ozone/ozonefs/target/log,AVAILABLE}
2019-09-12 11:51:07,635 [main] INFO  handler.ContextHandler (ContextHandler.java:doStart(781)) - Started o.e.j.s.ServletContextHandler@4d0d568f{/static,jar:file:/home/user/.m2/repository/org/apache/hadoop/hadoop-hdds-container-service/0.5.0-SNAPSHOT/hadoop-hdds-container-service-0.5.0-SNAPSHOT.jar!/webapps/static,AVAILABLE}
2019-09-12 11:51:07,661 [main] INFO  handler.ContextHandler (ContextHandler.java:doStart(781)) - Started o.e.j.w.WebAppContext@7b9d602c{/,file:///tmp/jetty-0.0.0.0-40536-hddsDatanode-_-any-6161338666803914672.dir/webapp/,AVAILABLE}{/hddsDatanode}
2019-09-12 11:51:07,662 [main] INFO  server.AbstractConnector (AbstractConnector.java:doStart(278)) - Started ServerConnector@30a5a58d{HTTP/1.1,[http/1.1]}{0.0.0.0:40536}
2019-09-12 11:51:07,662 [main] INFO  server.Server (Server.java:doStart(419)) - Started @95171ms
2019-09-12 11:51:07,663 [main] INFO  server.BaseHttpServer (BaseHttpServer.java:updateConnectorAddress(213)) - HTTP server of HDDSDATANODE is listening at http://0.0.0.0:40536
2019-09-12 11:51:07,797 | INFO  | ObjectStoreRestHttpServer | Listening HDDS REST traffic on /0.0.0.0:46101 |  
2019-09-12 11:51:07,797 [main] INFO  ozone.HddsDatanodeService (HddsDatanodeService.java:startPlugins(395)) - Started plug-in org.apache.hadoop.ozone.web.OzoneHddsDatanodeService@63b2418e
2019-09-12 11:51:07,797 [main] INFO  impl.MetricsSystemImpl (MetricsSystemImpl.java:init(158)) - HddsDatanode metrics system started (again)
2019-09-12 11:51:07,800 [org.apache.hadoop.util.JvmPauseMonitor$Monitor@723d6053] INFO  util.JvmPauseMonitor (JvmPauseMonitor.java:run(188)) - Starting JVM pause monitor
2019-09-12 11:51:07,800 [main] INFO  ozone.HddsDatanodeService (HddsDatanodeService.java:start(184)) - HddsDatanodeService host:pr-hdds-1569-xtfnx-3545843844 ip:192.168.157.195
2019-09-12 11:51:07,803 [Datanode State Machine Thread - 0] INFO  datanode.InitDatanodeState (InitDatanodeState.java:persistContainerDatanodeDetails(140)) - DatanodeDetails is persisted to /workdir/hadoop-ozone/ozonefs/target/test-dir/MiniOzoneClusterImpl-2036787f-4a5c-4c85-b727-13a1bbcfb7f9/datanode-1/meta/datanode.id
2019-09-12 11:51:07,808 [main] INFO  volume.HddsVolume (HddsVolume.java:<init>(176)) - Creating Volume: /workdir/hadoop-ozone/ozonefs/target/test-dir/MiniOzoneClusterImpl-2036787f-4a5c-4c85-b727-13a1bbcfb7f9/datanode-2/data/containers/hdds of  storage type : DISK and capacity : 1482555576320
2019-09-12 11:51:07,808 [main] INFO  volume.VolumeSet (VolumeSet.java:initializeVolumeSet(170)) - Added Volume : /workdir/hadoop-ozone/ozonefs/target/test-dir/MiniOzoneClusterImpl-2036787f-4a5c-4c85-b727-13a1bbcfb7f9/datanode-2/data/containers/hdds to VolumeSet
2019-09-12 11:51:07,808 [main] INFO  volume.ThrottledAsyncChecker (ThrottledAsyncChecker.java:schedule(140)) - Scheduling a check for org.apache.hadoop.ozone.container.common.volume.HddsVolume@51d2d336
2019-09-12 11:51:07,809 [main] INFO  volume.HddsVolumeChecker (HddsVolumeChecker.java:checkAllVolumes(203)) - Scheduled health check for volume org.apache.hadoop.ozone.container.common.volume.HddsVolume@51d2d336
2019-09-12 11:51:07,828 [main] INFO  impl.RaftServerProxy (ConfUtils.java:logGet(43)) - raft.rpc.type = GRPC (default)
2019-09-12 11:51:07,828 [main] INFO  grpc.GrpcFactory (GrpcFactory.java:checkPooledByteBufAllocatorUseCacheForAllThreads(45)) - PERFORMANCE WARNING: useCacheForAllThreads is true that may cause Netty to create a lot garbage objects and, as a result, trigger GC.
	It is recommended to disable useCacheForAllThreads by setting -Dorg.apache.ratis.thirdparty.io.netty.allocator.useCacheForAllThreads=false in command line.
2019-09-12 11:51:07,828 [main] INFO  grpc.GrpcConfigKeys$Server (ConfUtils.java:logGet(43)) - raft.grpc.server.port = 0 (default)
2019-09-12 11:51:07,828 [main] INFO  server.GrpcService (ConfUtils.java:logGet(43)) - raft.grpc.message.size.max = 33570816 (custom)
2019-09-12 11:51:07,829 [main] INFO  server.RaftServerConfigKeys (ConfUtils.java:logGet(43)) - raft.server.log.appender.buffer.byte-limit = 33554432 (custom)
2019-09-12 11:51:07,829 [main] INFO  server.GrpcService (ConfUtils.java:logGet(43)) - raft.grpc.flow.control.window = 1MB (=1048576) (default)
2019-09-12 11:51:07,829 [main] INFO  server.RaftServerConfigKeys (ConfUtils.java:logGet(43)) - raft.server.rpc.request.timeout = 3000ms (default)
2019-09-12 11:51:07,829 [main] INFO  server.RaftServerConfigKeys (ConfUtils.java:logGet(43)) - raft.server.storage.dir = [/workdir/hadoop-ozone/ozonefs/target/test-dir/MiniOzoneClusterImpl-2036787f-4a5c-4c85-b727-13a1bbcfb7f9/datanode-2/data/ratis] (custom)
2019-09-12 11:51:07,830 [main] INFO  replication.SimpleContainerDownloader (SimpleContainerDownloader.java:<init>(72)) - Starting container downloader service to copy containers to replicate.
2019-09-12 11:51:07,831 [main] INFO  hdfs.DFSUtil (DFSUtil.java:httpServerTemplateForNNAndJN(1641)) - Starting Web-server for hddsDatanode at: http://0.0.0.0:0
2019-09-12 11:51:07,832 [main] INFO  server.AuthenticationFilter (AuthenticationFilter.java:constructSecretProvider(240)) - Unable to initialize FileSignerSecretProvider, falling back to use random secrets.
2019-09-12 11:51:07,833 [main] WARN  http.HttpRequestLog (HttpRequestLog.java:getRequestLog(97)) - Jetty request log can only be enabled using Log4j
2019-09-12 11:51:07,835 [main] INFO  http.HttpServer2 (HttpServer2.java:addGlobalFilter(975)) - Added global filter 'safety' (class=org.apache.hadoop.http.HttpServer2$QuotingInputFilter)
2019-09-12 11:51:07,835 [main] INFO  http.HttpServer2 (HttpServer2.java:addFilter(948)) - Added filter static_user_filter (class=org.apache.hadoop.http.lib.StaticUserWebFilter$StaticUserFilter) to context hddsDatanode
2019-09-12 11:51:07,835 [main] INFO  http.HttpServer2 (HttpServer2.java:addFilter(958)) - Added filter static_user_filter (class=org.apache.hadoop.http.lib.StaticUserWebFilter$StaticUserFilter) to context static
2019-09-12 11:51:07,835 [main] INFO  http.HttpServer2 (HttpServer2.java:addFilter(958)) - Added filter static_user_filter (class=org.apache.hadoop.http.lib.StaticUserWebFilter$StaticUserFilter) to context logs
2019-09-12 11:51:07,836 [main] INFO  http.HttpServer2 (HttpServer2.java:bindListener(1191)) - Jetty bound to port 37140
2019-09-12 11:51:07,836 [main] INFO  server.Server (Server.java:doStart(351)) - jetty-9.3.24.v20180605, build timestamp: 2018-06-05T17:11:56Z, git hash: 84205aa28f11a4f31f2a3b86d1bba2cc8ab69827
2019-09-12 11:51:07,838 [main] INFO  handler.ContextHandler (ContextHandler.java:doStart(781)) - Started o.e.j.s.ServletContextHandler@4ef10d3b{/logs,file:///workdir/hadoop-ozone/ozonefs/target/log,AVAILABLE}
2019-09-12 11:51:07,839 [main] INFO  handler.ContextHandler (ContextHandler.java:doStart(781)) - Started o.e.j.s.ServletContextHandler@690e7b89{/static,jar:file:/home/user/.m2/repository/org/apache/hadoop/hadoop-hdds-container-service/0.5.0-SNAPSHOT/hadoop-hdds-container-service-0.5.0-SNAPSHOT.jar!/webapps/static,AVAILABLE}
2019-09-12 11:51:07,866 [main] INFO  handler.ContextHandler (ContextHandler.java:doStart(781)) - Started o.e.j.w.WebAppContext@7ca7bddd{/,file:///tmp/jetty-0.0.0.0-37140-hddsDatanode-_-any-3088888939794937637.dir/webapp/,AVAILABLE}{/hddsDatanode}
2019-09-12 11:51:07,866 [main] INFO  server.AbstractConnector (AbstractConnector.java:doStart(278)) - Started ServerConnector@206e5183{HTTP/1.1,[http/1.1]}{0.0.0.0:37140}
2019-09-12 11:51:07,867 [main] INFO  server.Server (Server.java:doStart(419)) - Started @95376ms
2019-09-12 11:51:07,868 [main] INFO  server.BaseHttpServer (BaseHttpServer.java:updateConnectorAddress(213)) - HTTP server of HDDSDATANODE is listening at http://0.0.0.0:37140
2019-09-12 11:51:08,000 | INFO  | ObjectStoreRestHttpServer | Listening HDDS REST traffic on /0.0.0.0:43534 |  
2019-09-12 11:51:08,000 [main] INFO  ozone.HddsDatanodeService (HddsDatanodeService.java:startPlugins(395)) - Started plug-in org.apache.hadoop.ozone.web.OzoneHddsDatanodeService@1ce45e18
2019-09-12 11:51:08,001 [main] INFO  ozone.MiniOzoneClusterImpl (MiniOzoneClusterImpl.java:lambda$waitForClusterToBeReady$0(142)) - Waiting for cluster to be ready. Got 0 of 3 DN Heartbeats.
2019-09-12 11:51:08,002 [org.apache.hadoop.util.JvmPauseMonitor$Monitor@23d451c7] INFO  util.JvmPauseMonitor (JvmPauseMonitor.java:run(188)) - Starting JVM pause monitor
2019-09-12 11:51:08,004 [Datanode State Machine Thread - 0] INFO  datanode.InitDatanodeState (InitDatanodeState.java:persistContainerDatanodeDetails(140)) - DatanodeDetails is persisted to /workdir/hadoop-ozone/ozonefs/target/test-dir/MiniOzoneClusterImpl-2036787f-4a5c-4c85-b727-13a1bbcfb7f9/datanode-2/meta/datanode.id
2019-09-12 11:51:09,001 [main] INFO  ozone.MiniOzoneClusterImpl (MiniOzoneClusterImpl.java:lambda$waitForClusterToBeReady$0(142)) - Waiting for cluster to be ready. Got 0 of 3 DN Heartbeats.
2019-09-12 11:51:09,599 | INFO  | SCMAudit | user=jenkins1000 | ip=192.168.157.195 | op=GET_VERSION null | ret=SUCCESS |  
2019-09-12 11:51:09,615 [Datanode State Machine Thread - 0] INFO  ozoneimpl.OzoneContainer (OzoneContainer.java:start(186)) - Attempting to start container services.
2019-09-12 11:51:09,615 [Datanode State Machine Thread - 0] INFO  ozoneimpl.OzoneContainer (OzoneContainer.java:startContainerScrub(160)) - Background container scrubber has been disabled by hdds.containerscrub.enabled
2019-09-12 11:51:09,615 [Datanode State Machine Thread - 0] INFO  ratis.XceiverServerRatis (XceiverServerRatis.java:start(404)) - Starting XceiverServerRatis a4e89051-4cc5-4cb7-a8c4-6efddc76418c at port 0
2019-09-12 11:51:09,622 [Datanode State Machine Thread - 0] INFO  impl.RaftServerProxy (RaftServerProxy.java:lambda$start$3(299)) - a4e89051-4cc5-4cb7-a8c4-6efddc76418c: start RPC server
2019-09-12 11:51:09,625 [Datanode State Machine Thread - 0] INFO  server.GrpcService (GrpcService.java:startImpl(149)) - a4e89051-4cc5-4cb7-a8c4-6efddc76418c: GrpcService started, listening on 0.0.0.0/0.0.0.0:44245
2019-09-12 11:51:09,625 [Datanode State Machine Thread - 0] INFO  ratis.XceiverServerRatis (XceiverServerRatis.java:start(414)) - XceiverServerRatis a4e89051-4cc5-4cb7-a8c4-6efddc76418c is started using port 44245
2019-09-12 11:51:09,626 [Datanode State Machine Thread - 0] INFO  server.XceiverServerGrpc (XceiverServerGrpc.java:start(163)) - XceiverServerGrpc a4e89051-4cc5-4cb7-a8c4-6efddc76418c is started using port 45897
2019-09-12 11:51:09,801 | INFO  | SCMAudit | user=jenkins1000 | ip=192.168.157.195 | op=GET_VERSION null | ret=SUCCESS |  
2019-09-12 11:51:09,814 [Datanode State Machine Thread - 0] INFO  ozoneimpl.OzoneContainer (OzoneContainer.java:start(186)) - Attempting to start container services.
2019-09-12 11:51:09,814 [Datanode State Machine Thread - 0] INFO  ozoneimpl.OzoneContainer (OzoneContainer.java:startContainerScrub(160)) - Background container scrubber has been disabled by hdds.containerscrub.enabled
2019-09-12 11:51:09,814 [Datanode State Machine Thread - 0] INFO  ratis.XceiverServerRatis (XceiverServerRatis.java:start(404)) - Starting XceiverServerRatis 0c68de6a-5794-4c46-b75f-96dd4df51bcf at port 0
2019-09-12 11:51:09,820 [Datanode State Machine Thread - 0] INFO  impl.RaftServerProxy (RaftServerProxy.java:lambda$start$3(299)) - 0c68de6a-5794-4c46-b75f-96dd4df51bcf: start RPC server
2019-09-12 11:51:09,822 [Datanode State Machine Thread - 0] INFO  server.GrpcService (GrpcService.java:startImpl(149)) - 0c68de6a-5794-4c46-b75f-96dd4df51bcf: GrpcService started, listening on 0.0.0.0/0.0.0.0:40992
2019-09-12 11:51:09,822 [Datanode State Machine Thread - 0] INFO  ratis.XceiverServerRatis (XceiverServerRatis.java:start(414)) - XceiverServerRatis 0c68de6a-5794-4c46-b75f-96dd4df51bcf is started using port 40992
2019-09-12 11:51:09,823 [Datanode State Machine Thread - 0] INFO  server.XceiverServerGrpc (XceiverServerGrpc.java:start(163)) - XceiverServerGrpc 0c68de6a-5794-4c46-b75f-96dd4df51bcf is started using port 43710
2019-09-12 11:51:10,002 [main] INFO  ozone.MiniOzoneClusterImpl (MiniOzoneClusterImpl.java:lambda$waitForClusterToBeReady$0(142)) - Waiting for cluster to be ready. Got 0 of 3 DN Heartbeats.
2019-09-12 11:51:10,004 | INFO  | SCMAudit | user=jenkins1000 | ip=192.168.157.195 | op=GET_VERSION null | ret=SUCCESS |  
2019-09-12 11:51:10,021 [Datanode State Machine Thread - 0] INFO  ozoneimpl.OzoneContainer (OzoneContainer.java:start(186)) - Attempting to start container services.
2019-09-12 11:51:10,022 [Datanode State Machine Thread - 0] INFO  ozoneimpl.OzoneContainer (OzoneContainer.java:startContainerScrub(160)) - Background container scrubber has been disabled by hdds.containerscrub.enabled
2019-09-12 11:51:10,022 [Datanode State Machine Thread - 0] INFO  ratis.XceiverServerRatis (XceiverServerRatis.java:start(404)) - Starting XceiverServerRatis ebc8f44e-82c8-4fec-8a1c-a2914bafe39a at port 0
2019-09-12 11:51:10,029 [Datanode State Machine Thread - 0] INFO  impl.RaftServerProxy (RaftServerProxy.java:lambda$start$3(299)) - ebc8f44e-82c8-4fec-8a1c-a2914bafe39a: start RPC server
2019-09-12 11:51:10,031 [Datanode State Machine Thread - 0] INFO  server.GrpcService (GrpcService.java:startImpl(149)) - ebc8f44e-82c8-4fec-8a1c-a2914bafe39a: GrpcService started, listening on 0.0.0.0/0.0.0.0:44850
2019-09-12 11:51:10,031 [Datanode State Machine Thread - 0] INFO  ratis.XceiverServerRatis (XceiverServerRatis.java:start(414)) - XceiverServerRatis ebc8f44e-82c8-4fec-8a1c-a2914bafe39a is started using port 44850
2019-09-12 11:51:10,033 [Datanode State Machine Thread - 0] INFO  server.XceiverServerGrpc (XceiverServerGrpc.java:start(163)) - XceiverServerGrpc ebc8f44e-82c8-4fec-8a1c-a2914bafe39a is started using port 45414
2019-09-12 11:51:11,002 [main] INFO  ozone.MiniOzoneClusterImpl (MiniOzoneClusterImpl.java:lambda$waitForClusterToBeReady$0(142)) - Waiting for cluster to be ready. Got 0 of 3 DN Heartbeats.
2019-09-12 11:51:11,600 [IPC Server handler 3 on 40128] INFO  net.NetworkTopology (NetworkTopologyImpl.java:add(110)) - Added a new node: /default-rack/a4e89051-4cc5-4cb7-a8c4-6efddc76418c
2019-09-12 11:51:11,602 [IPC Server handler 3 on 40128] INFO  node.SCMNodeManager (SCMNodeManager.java:register(273)) - Registered Data node : a4e89051-4cc5-4cb7-a8c4-6efddc76418c{ip: 192.168.157.195, host: pr-hdds-1569-xtfnx-3545843844, networkLocation: /default-rack, certSerialId: null}
2019-09-12 11:51:11,604 [EventQueue-NodeRegistrationContainerReportForDataNodeSafeModeRule] INFO  safemode.SCMSafeModeManager (DataNodeSafeModeRule.java:process(71)) - SCM in safe mode. 1 DataNodes registered, 1 required.
2019-09-12 11:51:11,604 | INFO  | SCMAudit | user=jenkins1000 | ip=192.168.157.195 | op=REGISTER {datanodeDetails=a4e89051-4cc5-4cb7-a8c4-6efddc76418c{ip: 192.168.157.195, host: pr-hdds-1569-xtfnx-3545843844, networkLocation: /default-rack, certSerialId: null}} | ret=SUCCESS |  
2019-09-12 11:51:11,605 [EventQueue-NodeRegistrationContainerReportForDataNodeSafeModeRule] INFO  safemode.SCMSafeModeManager (SCMSafeModeManager.java:validateSafeModeExitRules(177)) - ScmSafeModeManager, all rules are successfully validated
2019-09-12 11:51:11,605 [EventQueue-NodeRegistrationContainerReportForDataNodeSafeModeRule] INFO  safemode.SCMSafeModeManager (SCMSafeModeManager.java:exitSafeMode(193)) - SCM exiting safe mode.
2019-09-12 11:51:11,618 [grpc-default-executor-0] INFO  impl.RaftServerProxy (RaftServerProxy.java:addNew(89)) - a4e89051-4cc5-4cb7-a8c4-6efddc76418c: addNew group-5D88A9C95165:[a4e89051-4cc5-4cb7-a8c4-6efddc76418c:192.168.157.195:44245] returns group-5D88A9C95165:java.util.concurrent.CompletableFuture@5c59c596[Not completed]
2019-09-12 11:51:11,620 [pool-292-thread-1] INFO  impl.RaftServerImpl (RaftServerImpl.java:<init>(93)) - a4e89051-4cc5-4cb7-a8c4-6efddc76418c: new RaftServerImpl for group-5D88A9C95165:[a4e89051-4cc5-4cb7-a8c4-6efddc76418c:192.168.157.195:44245] with ContainerStateMachine:uninitialized
2019-09-12 11:51:11,620 [pool-292-thread-1] INFO  server.RaftServerConfigKeys (ConfUtils.java:logGet(43)) - raft.server.rpc.timeout.min = 5s (custom)
2019-09-12 11:51:11,620 [pool-292-thread-1] INFO  server.RaftServerConfigKeys (ConfUtils.java:logGet(43)) - raft.server.rpc.timeout.max = 5200ms (custom)
2019-09-12 11:51:11,621 [pool-292-thread-1] INFO  server.RaftServerConfigKeys (ConfUtils.java:logGet(43)) - raft.server.rpcslowness.timeout = 120s (custom)
2019-09-12 11:51:11,621 [pool-292-thread-1] INFO  server.RaftServerConfigKeys (ConfUtils.java:logGet(43)) - raft.server.sleep.deviation.threshold = 300 (default)
2019-09-12 11:51:11,621 [pool-292-thread-1] INFO  server.RaftServerConfigKeys (ConfUtils.java:logGet(43)) - raft.server.log.appender.install.snapshot.enabled = false (custom)
2019-09-12 11:51:11,621 [pool-292-thread-1] INFO  impl.RaftServerImpl (ServerState.java:<init>(105)) - a4e89051-4cc5-4cb7-a8c4-6efddc76418c:group-5D88A9C95165 ConfigurationManager, init=-1: [a4e89051-4cc5-4cb7-a8c4-6efddc76418c:192.168.157.195:44245], old=null, confs=<EMPTY_MAP>
2019-09-12 11:51:11,621 [pool-292-thread-1] INFO  server.RaftServerConfigKeys (ConfUtils.java:logGet(43)) - raft.server.storage.dir = [/workdir/hadoop-ozone/ozonefs/target/test-dir/MiniOzoneClusterImpl-2036787f-4a5c-4c85-b727-13a1bbcfb7f9/datanode-0/data/ratis] (custom)
2019-09-12 11:51:11,622 [pool-292-thread-1] INFO  storage.RaftStorageDirectory (RaftStorageDirectory.java:analyzeStorage(246)) - The storage directory /workdir/hadoop-ozone/ozonefs/target/test-dir/MiniOzoneClusterImpl-2036787f-4a5c-4c85-b727-13a1bbcfb7f9/datanode-0/data/ratis/e23b87cf-8a0c-4016-8cfd-5d88a9c95165 does not exist. Creating ...
2019-09-12 11:51:11,647 [pool-292-thread-1] INFO  storage.RaftStorageDirectory (RaftStorageDirectory.java:tryLock(328)) - Lock on /workdir/hadoop-ozone/ozonefs/target/test-dir/MiniOzoneClusterImpl-2036787f-4a5c-4c85-b727-13a1bbcfb7f9/datanode-0/data/ratis/e23b87cf-8a0c-4016-8cfd-5d88a9c95165/in_use.lock acquired by nodename 9769@pr-hdds-1569-xtfnx-3545843844
2019-09-12 11:51:11,660 [pool-292-thread-1] INFO  storage.RaftStorage (RaftStorage.java:format(72)) - Storage directory /workdir/hadoop-ozone/ozonefs/target/test-dir/MiniOzoneClusterImpl-2036787f-4a5c-4c85-b727-13a1bbcfb7f9/datanode-0/data/ratis/e23b87cf-8a0c-4016-8cfd-5d88a9c95165 has been successfully formatted.
2019-09-12 11:51:11,660 [pool-292-thread-1] INFO  ratis.ContainerStateMachine (ContainerStateMachine.java:loadSnapshot(226)) - group-5D88A9C95165: The snapshot info is null. Setting the last applied indexto:(t:0, i:~)
2019-09-12 11:51:11,660 [pool-292-thread-1] INFO  server.RaftServerConfigKeys (ConfUtils.java:logGet(43)) - raft.server.leader.election.timeout = 120s (custom)
2019-09-12 11:51:11,660 [pool-292-thread-1] INFO  server.RaftServerConfigKeys (ConfUtils.java:logGet(43)) - raft.server.log.use.memory = false (default)
2019-09-12 11:51:11,660 [pool-292-thread-1] INFO  server.RaftServerConfigKeys (ConfUtils.java:logGet(43)) - raft.server.log.purge.gap = 1000000 (custom)
2019-09-12 11:51:11,661 [pool-292-thread-1] INFO  server.RaftServerConfigKeys (ConfUtils.java:logGet(43)) - raft.server.log.appender.buffer.byte-limit = 33554432 (custom)
2019-09-12 11:51:11,661 [pool-292-thread-1] INFO  server.RaftServerConfigKeys (ConfUtils.java:logGet(43)) - raft.server.log.segment.size.max = 1048576 (custom)
2019-09-12 11:51:11,661 [pool-292-thread-1] INFO  server.RaftServerConfigKeys (ConfUtils.java:logGet(43)) - raft.server.log.segment.cache.num.max = 2 (custom)
2019-09-12 11:51:11,661 [pool-292-thread-1] INFO  segmented.SegmentedRaftLogWorker (SegmentedRaftLogWorker.java:<init>(172)) - new a4e89051-4cc5-4cb7-a8c4-6efddc76418c-SegmentedRaftLogWorker:Storage Directory /workdir/hadoop-ozone/ozonefs/target/test-dir/MiniOzoneClusterImpl-2036787f-4a5c-4c85-b727-13a1bbcfb7f9/datanode-0/data/ratis/e23b87cf-8a0c-4016-8cfd-5d88a9c95165 for RaftStorage:Storage Directory /workdir/hadoop-ozone/ozonefs/target/test-dir/MiniOzoneClusterImpl-2036787f-4a5c-4c85-b727-13a1bbcfb7f9/datanode-0/data/ratis/e23b87cf-8a0c-4016-8cfd-5d88a9c95165
2019-09-12 11:51:11,661 [pool-292-thread-1] INFO  server.RaftServerConfigKeys (ConfUtils.java:logGet(43)) - raft.server.log.queue.byte-limit = 2147483647 (custom)
2019-09-12 11:51:11,662 [pool-292-thread-1] INFO  server.RaftServerConfigKeys (ConfUtils.java:logGet(43)) - raft.server.log.queue.element-limit = 1024 (custom)
2019-09-12 11:51:11,662 [pool-292-thread-1] INFO  server.RaftServerConfigKeys (ConfUtils.java:logGet(43)) - raft.server.log.segment.size.max = 1048576 (custom)
2019-09-12 11:51:11,662 [pool-292-thread-1] INFO  server.RaftServerConfigKeys (ConfUtils.java:logGet(43)) - raft.server.log.preallocated.size = 16384 (custom)
2019-09-12 11:51:11,662 [pool-292-thread-1] INFO  server.RaftServerConfigKeys (ConfUtils.java:logGet(43)) - raft.server.log.write.buffer.size = 33554432 (custom)
2019-09-12 11:51:11,662 [pool-292-thread-1] INFO  server.RaftServerConfigKeys (ConfUtils.java:logGet(43)) - raft.server.log.force.sync.num = 128 (default)
2019-09-12 11:51:11,663 [pool-292-thread-1] INFO  server.RaftServerConfigKeys (ConfUtils.java:logGet(43)) - raft.server.log.statemachine.data.sync = true (default)
2019-09-12 11:51:11,663 [pool-292-thread-1] INFO  server.RaftServerConfigKeys (ConfUtils.java:logGet(43)) - raft.server.log.statemachine.data.sync.timeout = 10s (default)
2019-09-12 11:51:11,663 [pool-292-thread-1] INFO  server.RaftServerConfigKeys (ConfUtils.java:logGet(43)) - raft.server.log.statemachine.data.sync.timeout.retry = -1 (default)
2019-09-12 11:51:11,663 [pool-292-thread-1] INFO  server.RaftServerConfigKeys (ConfUtils.java:logGet(43)) - raft.server.log.statemachine.data.caching.enabled = true (custom)
2019-09-12 11:51:11,664 [pool-292-thread-1] INFO  segmented.SegmentedRaftLogWorker (SegmentedRaftLogWorker.java:lambda$new$0(132)) - a4e89051-4cc5-4cb7-a8c4-6efddc76418c-SegmentedRaftLogWorker:Storage Directory /workdir/hadoop-ozone/ozonefs/target/test-dir/MiniOzoneClusterImpl-2036787f-4a5c-4c85-b727-13a1bbcfb7f9/datanode-0/data/ratis/e23b87cf-8a0c-4016-8cfd-5d88a9c95165: flushIndex: setUnconditionally 0 -> -1
2019-09-12 11:51:11,664 [pool-292-thread-1] INFO  server.RaftServerConfigKeys (ConfUtils.java:logGet(43)) - raft.server.snapshot.auto.trigger.enabled = true (custom)
2019-09-12 11:51:11,664 [pool-292-thread-1] INFO  server.RaftServerConfigKeys (ConfUtils.java:logGet(43)) - raft.server.snapshot.auto.trigger.threshold = 10000 (custom)
2019-09-12 11:51:11,664 [pool-292-thread-1] INFO  server.RaftServerConfigKeys (ConfUtils.java:logGet(43)) - raft.server.retrycache.expirytime = 600000ms (custom)
2019-09-12 11:51:11,665 [pool-292-thread-1] INFO  impl.RaftServerImpl (RaftServerImpl.java:start(180)) - a4e89051-4cc5-4cb7-a8c4-6efddc76418c: start group-5D88A9C95165
2019-09-12 11:51:11,665 [pool-292-thread-1] INFO  impl.RaftServerImpl (RaftServerImpl.java:setRole(171)) - a4e89051-4cc5-4cb7-a8c4-6efddc76418c:group-5D88A9C95165 changes role from null to FOLLOWER at term 0 for startAsFollower
2019-09-12 11:51:11,665 [pool-292-thread-1] INFO  impl.RoleInfo (RoleInfo.java:updateAndGet(143)) - a4e89051-4cc5-4cb7-a8c4-6efddc76418c: start FollowerState
2019-09-12 11:51:11,665 [pool-292-thread-1] INFO  util.JmxRegister (JmxRegister.java:tryRegister(44)) - Successfully registered JMX Bean with object name Ratis:service=RaftServer,group=group-5D88A9C95165,id=a4e89051-4cc5-4cb7-a8c4-6efddc76418c
2019-09-12 11:51:11,670 [RatisPipelineUtilsThread] INFO  pipeline.PipelineStateManager (PipelineStateManager.java:addPipeline(56)) - Created pipeline Pipeline[ Id: e23b87cf-8a0c-4016-8cfd-5d88a9c95165, Nodes: a4e89051-4cc5-4cb7-a8c4-6efddc76418c{ip: 192.168.157.195, host: pr-hdds-1569-xtfnx-3545843844, networkLocation: /default-rack, certSerialId: null}, Type:RATIS, Factor:ONE, State:OPEN]
2019-09-12 11:51:11,676 [grpc-default-executor-0] INFO  impl.RaftServerProxy (RaftServerProxy.java:addNew(89)) - a4e89051-4cc5-4cb7-a8c4-6efddc76418c: addNew group-45716079D263:[a4e89051-4cc5-4cb7-a8c4-6efddc76418c:192.168.157.195:44245] returns group-45716079D263:java.util.concurrent.CompletableFuture@6d4fbf18[Not completed]
2019-09-12 11:51:11,677 [pool-292-thread-1] INFO  impl.RaftServerImpl (RaftServerImpl.java:<init>(93)) - a4e89051-4cc5-4cb7-a8c4-6efddc76418c: new RaftServerImpl for group-45716079D263:[a4e89051-4cc5-4cb7-a8c4-6efddc76418c:192.168.157.195:44245] with ContainerStateMachine:uninitialized
2019-09-12 11:51:11,677 [pool-292-thread-1] INFO  server.RaftServerConfigKeys (ConfUtils.java:logGet(43)) - raft.server.rpc.timeout.min = 5s (custom)
2019-09-12 11:51:11,677 [pool-292-thread-1] INFO  server.RaftServerConfigKeys (ConfUtils.java:logGet(43)) - raft.server.rpc.timeout.max = 5200ms (custom)
2019-09-12 11:51:11,677 [pool-292-thread-1] INFO  server.RaftServerConfigKeys (ConfUtils.java:logGet(43)) - raft.server.rpcslowness.timeout = 120s (custom)
2019-09-12 11:51:11,677 [pool-292-thread-1] INFO  server.RaftServerConfigKeys (ConfUtils.java:logGet(43)) - raft.server.sleep.deviation.threshold = 300 (default)
2019-09-12 11:51:11,677 [pool-292-thread-1] INFO  server.RaftServerConfigKeys (ConfUtils.java:logGet(43)) - raft.server.log.appender.install.snapshot.enabled = false (custom)
2019-09-12 11:51:11,678 [pool-292-thread-1] INFO  impl.RaftServerImpl (ServerState.java:<init>(105)) - a4e89051-4cc5-4cb7-a8c4-6efddc76418c:group-45716079D263 ConfigurationManager, init=-1: [a4e89051-4cc5-4cb7-a8c4-6efddc76418c:192.168.157.195:44245], old=null, confs=<EMPTY_MAP>
2019-09-12 11:51:11,678 [pool-292-thread-1] INFO  server.RaftServerConfigKeys (ConfUtils.java:logGet(43)) - raft.server.storage.dir = [/workdir/hadoop-ozone/ozonefs/target/test-dir/MiniOzoneClusterImpl-2036787f-4a5c-4c85-b727-13a1bbcfb7f9/datanode-0/data/ratis] (custom)
2019-09-12 11:51:11,678 [pool-292-thread-1] INFO  storage.RaftStorageDirectory (RaftStorageDirectory.java:analyzeStorage(246)) - The storage directory /workdir/hadoop-ozone/ozonefs/target/test-dir/MiniOzoneClusterImpl-2036787f-4a5c-4c85-b727-13a1bbcfb7f9/datanode-0/data/ratis/f60151ba-9c89-4866-98cb-45716079d263 does not exist. Creating ...
2019-09-12 11:51:11,692 [pool-292-thread-1] INFO  storage.RaftStorageDirectory (RaftStorageDirectory.java:tryLock(328)) - Lock on /workdir/hadoop-ozone/ozonefs/target/test-dir/MiniOzoneClusterImpl-2036787f-4a5c-4c85-b727-13a1bbcfb7f9/datanode-0/data/ratis/f60151ba-9c89-4866-98cb-45716079d263/in_use.lock acquired by nodename 9769@pr-hdds-1569-xtfnx-3545843844
2019-09-12 11:51:11,705 [pool-292-thread-1] INFO  storage.RaftStorage (RaftStorage.java:format(72)) - Storage directory /workdir/hadoop-ozone/ozonefs/target/test-dir/MiniOzoneClusterImpl-2036787f-4a5c-4c85-b727-13a1bbcfb7f9/datanode-0/data/ratis/f60151ba-9c89-4866-98cb-45716079d263 has been successfully formatted.
2019-09-12 11:51:11,705 [pool-292-thread-1] INFO  ratis.ContainerStateMachine (ContainerStateMachine.java:loadSnapshot(226)) - group-45716079D263: The snapshot info is null. Setting the last applied indexto:(t:0, i:~)
2019-09-12 11:51:11,705 [pool-292-thread-1] INFO  server.RaftServerConfigKeys (ConfUtils.java:logGet(43)) - raft.server.leader.election.timeout = 120s (custom)
2019-09-12 11:51:11,705 [pool-292-thread-1] INFO  server.RaftServerConfigKeys (ConfUtils.java:logGet(43)) - raft.server.log.use.memory = false (default)
2019-09-12 11:51:11,705 [pool-292-thread-1] INFO  server.RaftServerConfigKeys (ConfUtils.java:logGet(43)) - raft.server.log.purge.gap = 1000000 (custom)
2019-09-12 11:51:11,705 [pool-292-thread-1] INFO  server.RaftServerConfigKeys (ConfUtils.java:logGet(43)) - raft.server.log.appender.buffer.byte-limit = 33554432 (custom)
2019-09-12 11:51:11,706 [pool-292-thread-1] INFO  server.RaftServerConfigKeys (ConfUtils.java:logGet(43)) - raft.server.log.segment.size.max = 1048576 (custom)
2019-09-12 11:51:11,706 [pool-292-thread-1] INFO  server.RaftServerConfigKeys (ConfUtils.java:logGet(43)) - raft.server.log.segment.cache.num.max = 2 (custom)
2019-09-12 11:51:11,706 [pool-292-thread-1] INFO  segmented.SegmentedRaftLogWorker (SegmentedRaftLogWorker.java:<init>(172)) - new a4e89051-4cc5-4cb7-a8c4-6efddc76418c-SegmentedRaftLogWorker:Storage Directory /workdir/hadoop-ozone/ozonefs/target/test-dir/MiniOzoneClusterImpl-2036787f-4a5c-4c85-b727-13a1bbcfb7f9/datanode-0/data/ratis/f60151ba-9c89-4866-98cb-45716079d263 for RaftStorage:Storage Directory /workdir/hadoop-ozone/ozonefs/target/test-dir/MiniOzoneClusterImpl-2036787f-4a5c-4c85-b727-13a1bbcfb7f9/datanode-0/data/ratis/f60151ba-9c89-4866-98cb-45716079d263
2019-09-12 11:51:11,706 [pool-292-thread-1] INFO  server.RaftServerConfigKeys (ConfUtils.java:logGet(43)) - raft.server.log.queue.byte-limit = 2147483647 (custom)
2019-09-12 11:51:11,706 [pool-292-thread-1] INFO  server.RaftServerConfigKeys (ConfUtils.java:logGet(43)) - raft.server.log.queue.element-limit = 1024 (custom)
2019-09-12 11:51:11,706 [pool-292-thread-1] INFO  server.RaftServerConfigKeys (ConfUtils.java:logGet(43)) - raft.server.log.segment.size.max = 1048576 (custom)
2019-09-12 11:51:11,706 [pool-292-thread-1] INFO  server.RaftServerConfigKeys (ConfUtils.java:logGet(43)) - raft.server.log.preallocated.size = 16384 (custom)
2019-09-12 11:51:11,707 [pool-292-thread-1] INFO  server.RaftServerConfigKeys (ConfUtils.java:logGet(43)) - raft.server.log.write.buffer.size = 33554432 (custom)
2019-09-12 11:51:11,707 [pool-292-thread-1] INFO  server.RaftServerConfigKeys (ConfUtils.java:logGet(43)) - raft.server.log.force.sync.num = 128 (default)
2019-09-12 11:51:11,707 [pool-292-thread-1] INFO  server.RaftServerConfigKeys (ConfUtils.java:logGet(43)) - raft.server.log.statemachine.data.sync = true (default)
2019-09-12 11:51:11,707 [pool-292-thread-1] INFO  server.RaftServerConfigKeys (ConfUtils.java:logGet(43)) - raft.server.log.statemachine.data.sync.timeout = 10s (default)
2019-09-12 11:51:11,707 [pool-292-thread-1] INFO  server.RaftServerConfigKeys (ConfUtils.java:logGet(43)) - raft.server.log.statemachine.data.sync.timeout.retry = -1 (default)
2019-09-12 11:51:11,707 [pool-292-thread-1] INFO  server.RaftServerConfigKeys (ConfUtils.java:logGet(43)) - raft.server.log.statemachine.data.caching.enabled = true (custom)
2019-09-12 11:51:11,708 [pool-292-thread-1] INFO  segmented.SegmentedRaftLogWorker (SegmentedRaftLogWorker.java:lambda$new$0(132)) - a4e89051-4cc5-4cb7-a8c4-6efddc76418c-SegmentedRaftLogWorker:Storage Directory /workdir/hadoop-ozone/ozonefs/target/test-dir/MiniOzoneClusterImpl-2036787f-4a5c-4c85-b727-13a1bbcfb7f9/datanode-0/data/ratis/f60151ba-9c89-4866-98cb-45716079d263: flushIndex: setUnconditionally 0 -> -1
2019-09-12 11:51:11,708 [pool-292-thread-1] INFO  server.RaftServerConfigKeys (ConfUtils.java:logGet(43)) - raft.server.snapshot.auto.trigger.enabled = true (custom)
2019-09-12 11:51:11,708 [pool-292-thread-1] INFO  server.RaftServerConfigKeys (ConfUtils.java:logGet(43)) - raft.server.snapshot.auto.trigger.threshold = 10000 (custom)
2019-09-12 11:51:11,708 [pool-292-thread-1] INFO  server.RaftServerConfigKeys (ConfUtils.java:logGet(43)) - raft.server.retrycache.expirytime = 600000ms (custom)
2019-09-12 11:51:11,708 [pool-292-thread-1] INFO  impl.RaftServerImpl (RaftServerImpl.java:start(180)) - a4e89051-4cc5-4cb7-a8c4-6efddc76418c: start group-45716079D263
2019-09-12 11:51:11,709 [pool-292-thread-1] INFO  impl.RaftServerImpl (RaftServerImpl.java:setRole(171)) - a4e89051-4cc5-4cb7-a8c4-6efddc76418c:group-45716079D263 changes role from null to FOLLOWER at term 0 for startAsFollower
2019-09-12 11:51:11,709 [pool-292-thread-1] INFO  impl.RoleInfo (RoleInfo.java:updateAndGet(143)) - a4e89051-4cc5-4cb7-a8c4-6efddc76418c: start FollowerState
2019-09-12 11:51:11,709 [pool-292-thread-1] INFO  util.JmxRegister (JmxRegister.java:tryRegister(44)) - Successfully registered JMX Bean with object name Ratis:service=RaftServer,group=group-45716079D263,id=a4e89051-4cc5-4cb7-a8c4-6efddc76418c
2019-09-12 11:51:11,712 [RatisPipelineUtilsThread] INFO  pipeline.PipelineStateManager (PipelineStateManager.java:addPipeline(56)) - Created pipeline Pipeline[ Id: f60151ba-9c89-4866-98cb-45716079d263, Nodes: a4e89051-4cc5-4cb7-a8c4-6efddc76418c{ip: 192.168.157.195, host: pr-hdds-1569-xtfnx-3545843844, networkLocation: /default-rack, certSerialId: null}, Type:RATIS, Factor:ONE, State:OPEN]
2019-09-12 11:51:11,718 [grpc-default-executor-0] INFO  impl.RaftServerProxy (RaftServerProxy.java:addNew(89)) - a4e89051-4cc5-4cb7-a8c4-6efddc76418c: addNew group-021E76AE19BA:[a4e89051-4cc5-4cb7-a8c4-6efddc76418c:192.168.157.195:44245] returns group-021E76AE19BA:java.util.concurrent.CompletableFuture@3c763ad9[Not completed]
2019-09-12 11:51:11,718 [pool-292-thread-1] INFO  impl.RaftServerImpl (RaftServerImpl.java:<init>(93)) - a4e89051-4cc5-4cb7-a8c4-6efddc76418c: new RaftServerImpl for group-021E76AE19BA:[a4e89051-4cc5-4cb7-a8c4-6efddc76418c:192.168.157.195:44245] with ContainerStateMachine:uninitialized
2019-09-12 11:51:11,719 [pool-292-thread-1] INFO  server.RaftServerConfigKeys (ConfUtils.java:logGet(43)) - raft.server.rpc.timeout.min = 5s (custom)
2019-09-12 11:51:11,719 [pool-292-thread-1] INFO  server.RaftServerConfigKeys (ConfUtils.java:logGet(43)) - raft.server.rpc.timeout.max = 5200ms (custom)
2019-09-12 11:51:11,719 [pool-292-thread-1] INFO  server.RaftServerConfigKeys (ConfUtils.java:logGet(43)) - raft.server.rpcslowness.timeout = 120s (custom)
2019-09-12 11:51:11,719 [pool-292-thread-1] INFO  server.RaftServerConfigKeys (ConfUtils.java:logGet(43)) - raft.server.sleep.deviation.threshold = 300 (default)
2019-09-12 11:51:11,719 [pool-292-thread-1] INFO  server.RaftServerConfigKeys (ConfUtils.java:logGet(43)) - raft.server.log.appender.install.snapshot.enabled = false (custom)
2019-09-12 11:51:11,719 [pool-292-thread-1] INFO  impl.RaftServerImpl (ServerState.java:<init>(105)) - a4e89051-4cc5-4cb7-a8c4-6efddc76418c:group-021E76AE19BA ConfigurationManager, init=-1: [a4e89051-4cc5-4cb7-a8c4-6efddc76418c:192.168.157.195:44245], old=null, confs=<EMPTY_MAP>
2019-09-12 11:51:11,719 [pool-292-thread-1] INFO  server.RaftServerConfigKeys (ConfUtils.java:logGet(43)) - raft.server.storage.dir = [/workdir/hadoop-ozone/ozonefs/target/test-dir/MiniOzoneClusterImpl-2036787f-4a5c-4c85-b727-13a1bbcfb7f9/datanode-0/data/ratis] (custom)
2019-09-12 11:51:11,720 [pool-292-thread-1] INFO  storage.RaftStorageDirectory (RaftStorageDirectory.java:analyzeStorage(246)) - The storage directory /workdir/hadoop-ozone/ozonefs/target/test-dir/MiniOzoneClusterImpl-2036787f-4a5c-4c85-b727-13a1bbcfb7f9/datanode-0/data/ratis/9f0cbb09-0dcb-46b5-9118-021e76ae19ba does not exist. Creating ...
2019-09-12 11:51:11,731 [pool-292-thread-1] INFO  storage.RaftStorageDirectory (RaftStorageDirectory.java:tryLock(328)) - Lock on /workdir/hadoop-ozone/ozonefs/target/test-dir/MiniOzoneClusterImpl-2036787f-4a5c-4c85-b727-13a1bbcfb7f9/datanode-0/data/ratis/9f0cbb09-0dcb-46b5-9118-021e76ae19ba/in_use.lock acquired by nodename 9769@pr-hdds-1569-xtfnx-3545843844
2019-09-12 11:51:11,744 [pool-292-thread-1] INFO  storage.RaftStorage (RaftStorage.java:format(72)) - Storage directory /workdir/hadoop-ozone/ozonefs/target/test-dir/MiniOzoneClusterImpl-2036787f-4a5c-4c85-b727-13a1bbcfb7f9/datanode-0/data/ratis/9f0cbb09-0dcb-46b5-9118-021e76ae19ba has been successfully formatted.
2019-09-12 11:51:11,744 [pool-292-thread-1] INFO  ratis.ContainerStateMachine (ContainerStateMachine.java:loadSnapshot(226)) - group-021E76AE19BA: The snapshot info is null. Setting the last applied indexto:(t:0, i:~)
2019-09-12 11:51:11,744 [pool-292-thread-1] INFO  server.RaftServerConfigKeys (ConfUtils.java:logGet(43)) - raft.server.leader.election.timeout = 120s (custom)
2019-09-12 11:51:11,744 [pool-292-thread-1] INFO  server.RaftServerConfigKeys (ConfUtils.java:logGet(43)) - raft.server.log.use.memory = false (default)
2019-09-12 11:51:11,744 [pool-292-thread-1] INFO  server.RaftServerConfigKeys (ConfUtils.java:logGet(43)) - raft.server.log.purge.gap = 1000000 (custom)
2019-09-12 11:51:11,744 [pool-292-thread-1] INFO  server.RaftServerConfigKeys (ConfUtils.java:logGet(43)) - raft.server.log.appender.buffer.byte-limit = 33554432 (custom)
2019-09-12 11:51:11,745 [pool-292-thread-1] INFO  server.RaftServerConfigKeys (ConfUtils.java:logGet(43)) - raft.server.log.segment.size.max = 1048576 (custom)
2019-09-12 11:51:11,745 [pool-292-thread-1] INFO  server.RaftServerConfigKeys (ConfUtils.java:logGet(43)) - raft.server.log.segment.cache.num.max = 2 (custom)
2019-09-12 11:51:11,745 [pool-292-thread-1] INFO  segmented.SegmentedRaftLogWorker (SegmentedRaftLogWorker.java:<init>(172)) - new a4e89051-4cc5-4cb7-a8c4-6efddc76418c-SegmentedRaftLogWorker:Storage Directory /workdir/hadoop-ozone/ozonefs/target/test-dir/MiniOzoneClusterImpl-2036787f-4a5c-4c85-b727-13a1bbcfb7f9/datanode-0/data/ratis/9f0cbb09-0dcb-46b5-9118-021e76ae19ba for RaftStorage:Storage Directory /workdir/hadoop-ozone/ozonefs/target/test-dir/MiniOzoneClusterImpl-2036787f-4a5c-4c85-b727-13a1bbcfb7f9/datanode-0/data/ratis/9f0cbb09-0dcb-46b5-9118-021e76ae19ba
2019-09-12 11:51:11,745 [pool-292-thread-1] INFO  server.RaftServerConfigKeys (ConfUtils.java:logGet(43)) - raft.server.log.queue.byte-limit = 2147483647 (custom)
2019-09-12 11:51:11,745 [pool-292-thread-1] INFO  server.RaftServerConfigKeys (ConfUtils.java:logGet(43)) - raft.server.log.queue.element-limit = 1024 (custom)
2019-09-12 11:51:11,745 [pool-292-thread-1] INFO  server.RaftServerConfigKeys (ConfUtils.java:logGet(43)) - raft.server.log.segment.size.max = 1048576 (custom)
2019-09-12 11:51:11,745 [pool-292-thread-1] INFO  server.RaftServerConfigKeys (ConfUtils.java:logGet(43)) - raft.server.log.preallocated.size = 16384 (custom)
2019-09-12 11:51:11,745 [pool-292-thread-1] INFO  server.RaftServerConfigKeys (ConfUtils.java:logGet(43)) - raft.server.log.write.buffer.size = 33554432 (custom)
2019-09-12 11:51:11,746 [pool-292-thread-1] INFO  server.RaftServerConfigKeys (ConfUtils.java:logGet(43)) - raft.server.log.force.sync.num = 128 (default)
2019-09-12 11:51:11,746 [pool-292-thread-1] INFO  server.RaftServerConfigKeys (ConfUtils.java:logGet(43)) - raft.server.log.statemachine.data.sync = true (default)
2019-09-12 11:51:11,746 [pool-292-thread-1] INFO  server.RaftServerConfigKeys (ConfUtils.java:logGet(43)) - raft.server.log.statemachine.data.sync.timeout = 10s (default)
2019-09-12 11:51:11,746 [pool-292-thread-1] INFO  server.RaftServerConfigKeys (ConfUtils.java:logGet(43)) - raft.server.log.statemachine.data.sync.timeout.retry = -1 (default)
2019-09-12 11:51:11,746 [pool-292-thread-1] INFO  server.RaftServerConfigKeys (ConfUtils.java:logGet(43)) - raft.server.log.statemachine.data.caching.enabled = true (custom)
2019-09-12 11:51:11,746 [pool-292-thread-1] INFO  segmented.SegmentedRaftLogWorker (SegmentedRaftLogWorker.java:lambda$new$0(132)) - a4e89051-4cc5-4cb7-a8c4-6efddc76418c-SegmentedRaftLogWorker:Storage Directory /workdir/hadoop-ozone/ozonefs/target/test-dir/MiniOzoneClusterImpl-2036787f-4a5c-4c85-b727-13a1bbcfb7f9/datanode-0/data/ratis/9f0cbb09-0dcb-46b5-9118-021e76ae19ba: flushIndex: setUnconditionally 0 -> -1
2019-09-12 11:51:11,747 [pool-292-thread-1] INFO  server.RaftServerConfigKeys (ConfUtils.java:logGet(43)) - raft.server.snapshot.auto.trigger.enabled = true (custom)
2019-09-12 11:51:11,747 [pool-292-thread-1] INFO  server.RaftServerConfigKeys (ConfUtils.java:logGet(43)) - raft.server.snapshot.auto.trigger.threshold = 10000 (custom)
2019-09-12 11:51:11,747 [pool-292-thread-1] INFO  server.RaftServerConfigKeys (ConfUtils.java:logGet(43)) - raft.server.retrycache.expirytime = 600000ms (custom)
2019-09-12 11:51:11,747 [pool-292-thread-1] INFO  impl.RaftServerImpl (RaftServerImpl.java:start(180)) - a4e89051-4cc5-4cb7-a8c4-6efddc76418c: start group-021E76AE19BA
2019-09-12 11:51:11,747 [pool-292-thread-1] INFO  impl.RaftServerImpl (RaftServerImpl.java:setRole(171)) - a4e89051-4cc5-4cb7-a8c4-6efddc76418c:group-021E76AE19BA changes role from null to FOLLOWER at term 0 for startAsFollower
2019-09-12 11:51:11,747 [pool-292-thread-1] INFO  impl.RoleInfo (RoleInfo.java:updateAndGet(143)) - a4e89051-4cc5-4cb7-a8c4-6efddc76418c: start FollowerState
2019-09-12 11:51:11,748 [pool-292-thread-1] INFO  util.JmxRegister (JmxRegister.java:tryRegister(44)) - Successfully registered JMX Bean with object name Ratis:service=RaftServer,group=group-021E76AE19BA,id=a4e89051-4cc5-4cb7-a8c4-6efddc76418c
2019-09-12 11:51:11,751 [RatisPipelineUtilsThread] INFO  pipeline.PipelineStateManager (PipelineStateManager.java:addPipeline(56)) - Created pipeline Pipeline[ Id: 9f0cbb09-0dcb-46b5-9118-021e76ae19ba, Nodes: a4e89051-4cc5-4cb7-a8c4-6efddc76418c{ip: 192.168.157.195, host: pr-hdds-1569-xtfnx-3545843844, networkLocation: /default-rack, certSerialId: null}, Type:RATIS, Factor:ONE, State:OPEN]
2019-09-12 11:51:11,756 [grpc-default-executor-0] INFO  impl.RaftServerProxy (RaftServerProxy.java:addNew(89)) - a4e89051-4cc5-4cb7-a8c4-6efddc76418c: addNew group-9F29298583AE:[a4e89051-4cc5-4cb7-a8c4-6efddc76418c:192.168.157.195:44245] returns group-9F29298583AE:java.util.concurrent.CompletableFuture@125cb543[Not completed]
2019-09-12 11:51:11,757 [pool-292-thread-1] INFO  impl.RaftServerImpl (RaftServerImpl.java:<init>(93)) - a4e89051-4cc5-4cb7-a8c4-6efddc76418c: new RaftServerImpl for group-9F29298583AE:[a4e89051-4cc5-4cb7-a8c4-6efddc76418c:192.168.157.195:44245] with ContainerStateMachine:uninitialized
2019-09-12 11:51:11,757 [pool-292-thread-1] INFO  server.RaftServerConfigKeys (ConfUtils.java:logGet(43)) - raft.server.rpc.timeout.min = 5s (custom)
2019-09-12 11:51:11,758 [pool-292-thread-1] INFO  server.RaftServerConfigKeys (ConfUtils.java:logGet(43)) - raft.server.rpc.timeout.max = 5200ms (custom)
2019-09-12 11:51:11,758 [pool-292-thread-1] INFO  server.RaftServerConfigKeys (ConfUtils.java:logGet(43)) - raft.server.rpcslowness.timeout = 120s (custom)
2019-09-12 11:51:11,758 [pool-292-thread-1] INFO  server.RaftServerConfigKeys (ConfUtils.java:logGet(43)) - raft.server.sleep.deviation.threshold = 300 (default)
2019-09-12 11:51:11,758 [pool-292-thread-1] INFO  server.RaftServerConfigKeys (ConfUtils.java:logGet(43)) - raft.server.log.appender.install.snapshot.enabled = false (custom)
2019-09-12 11:51:11,758 [pool-292-thread-1] INFO  impl.RaftServerImpl (ServerState.java:<init>(105)) - a4e89051-4cc5-4cb7-a8c4-6efddc76418c:group-9F29298583AE ConfigurationManager, init=-1: [a4e89051-4cc5-4cb7-a8c4-6efddc76418c:192.168.157.195:44245], old=null, confs=<EMPTY_MAP>
2019-09-12 11:51:11,758 [pool-292-thread-1] INFO  server.RaftServerConfigKeys (ConfUtils.java:logGet(43)) - raft.server.storage.dir = [/workdir/hadoop-ozone/ozonefs/target/test-dir/MiniOzoneClusterImpl-2036787f-4a5c-4c85-b727-13a1bbcfb7f9/datanode-0/data/ratis] (custom)
2019-09-12 11:51:11,759 [pool-292-thread-1] INFO  storage.RaftStorageDirectory (RaftStorageDirectory.java:analyzeStorage(246)) - The storage directory /workdir/hadoop-ozone/ozonefs/target/test-dir/MiniOzoneClusterImpl-2036787f-4a5c-4c85-b727-13a1bbcfb7f9/datanode-0/data/ratis/eb264516-7601-4212-9737-9f29298583ae does not exist. Creating ...
2019-09-12 11:51:11,771 [pool-292-thread-1] INFO  storage.RaftStorageDirectory (RaftStorageDirectory.java:tryLock(328)) - Lock on /workdir/hadoop-ozone/ozonefs/target/test-dir/MiniOzoneClusterImpl-2036787f-4a5c-4c85-b727-13a1bbcfb7f9/datanode-0/data/ratis/eb264516-7601-4212-9737-9f29298583ae/in_use.lock acquired by nodename 9769@pr-hdds-1569-xtfnx-3545843844
2019-09-12 11:51:11,784 [pool-292-thread-1] INFO  storage.RaftStorage (RaftStorage.java:format(72)) - Storage directory /workdir/hadoop-ozone/ozonefs/target/test-dir/MiniOzoneClusterImpl-2036787f-4a5c-4c85-b727-13a1bbcfb7f9/datanode-0/data/ratis/eb264516-7601-4212-9737-9f29298583ae has been successfully formatted.
2019-09-12 11:51:11,784 [pool-292-thread-1] INFO  ratis.ContainerStateMachine (ContainerStateMachine.java:loadSnapshot(226)) - group-9F29298583AE: The snapshot info is null. Setting the last applied indexto:(t:0, i:~)
2019-09-12 11:51:11,784 [pool-292-thread-1] INFO  server.RaftServerConfigKeys (ConfUtils.java:logGet(43)) - raft.server.leader.election.timeout = 120s (custom)
2019-09-12 11:51:11,784 [pool-292-thread-1] INFO  server.RaftServerConfigKeys (ConfUtils.java:logGet(43)) - raft.server.log.use.memory = false (default)
2019-09-12 11:51:11,784 [pool-292-thread-1] INFO  server.RaftServerConfigKeys (ConfUtils.java:logGet(43)) - raft.server.log.purge.gap = 1000000 (custom)
2019-09-12 11:51:11,784 [pool-292-thread-1] INFO  server.RaftServerConfigKeys (ConfUtils.java:logGet(43)) - raft.server.log.appender.buffer.byte-limit = 33554432 (custom)
2019-09-12 11:51:11,785 [pool-292-thread-1] INFO  server.RaftServerConfigKeys (ConfUtils.java:logGet(43)) - raft.server.log.segment.size.max = 1048576 (custom)
2019-09-12 11:51:11,785 [pool-292-thread-1] INFO  server.RaftServerConfigKeys (ConfUtils.java:logGet(43)) - raft.server.log.segment.cache.num.max = 2 (custom)
2019-09-12 11:51:11,785 [pool-292-thread-1] INFO  segmented.SegmentedRaftLogWorker (SegmentedRaftLogWorker.java:<init>(172)) - new a4e89051-4cc5-4cb7-a8c4-6efddc76418c-SegmentedRaftLogWorker:Storage Directory /workdir/hadoop-ozone/ozonefs/target/test-dir/MiniOzoneClusterImpl-2036787f-4a5c-4c85-b727-13a1bbcfb7f9/datanode-0/data/ratis/eb264516-7601-4212-9737-9f29298583ae for RaftStorage:Storage Directory /workdir/hadoop-ozone/ozonefs/target/test-dir/MiniOzoneClusterImpl-2036787f-4a5c-4c85-b727-13a1bbcfb7f9/datanode-0/data/ratis/eb264516-7601-4212-9737-9f29298583ae
2019-09-12 11:51:11,785 [pool-292-thread-1] INFO  server.RaftServerConfigKeys (ConfUtils.java:logGet(43)) - raft.server.log.queue.byte-limit = 2147483647 (custom)
2019-09-12 11:51:11,785 [pool-292-thread-1] INFO  server.RaftServerConfigKeys (ConfUtils.java:logGet(43)) - raft.server.log.queue.element-limit = 1024 (custom)
2019-09-12 11:51:11,785 [pool-292-thread-1] INFO  server.RaftServerConfigKeys (ConfUtils.java:logGet(43)) - raft.server.log.segment.size.max = 1048576 (custom)
2019-09-12 11:51:11,785 [pool-292-thread-1] INFO  server.RaftServerConfigKeys (ConfUtils.java:logGet(43)) - raft.server.log.preallocated.size = 16384 (custom)
2019-09-12 11:51:11,785 [pool-292-thread-1] INFO  server.RaftServerConfigKeys (ConfUtils.java:logGet(43)) - raft.server.log.write.buffer.size = 33554432 (custom)
2019-09-12 11:51:11,785 [pool-292-thread-1] INFO  server.RaftServerConfigKeys (ConfUtils.java:logGet(43)) - raft.server.log.force.sync.num = 128 (default)
2019-09-12 11:51:11,786 [pool-292-thread-1] INFO  server.RaftServerConfigKeys (ConfUtils.java:logGet(43)) - raft.server.log.statemachine.data.sync = true (default)
2019-09-12 11:51:11,786 [pool-292-thread-1] INFO  server.RaftServerConfigKeys (ConfUtils.java:logGet(43)) - raft.server.log.statemachine.data.sync.timeout = 10s (default)
2019-09-12 11:51:11,786 [pool-292-thread-1] INFO  server.RaftServerConfigKeys (ConfUtils.java:logGet(43)) - raft.server.log.statemachine.data.sync.timeout.retry = -1 (default)
2019-09-12 11:51:11,786 [pool-292-thread-1] INFO  server.RaftServerConfigKeys (ConfUtils.java:logGet(43)) - raft.server.log.statemachine.data.caching.enabled = true (custom)
2019-09-12 11:51:11,786 [pool-292-thread-1] INFO  segmented.SegmentedRaftLogWorker (SegmentedRaftLogWorker.java:lambda$new$0(132)) - a4e89051-4cc5-4cb7-a8c4-6efddc76418c-SegmentedRaftLogWorker:Storage Directory /workdir/hadoop-ozone/ozonefs/target/test-dir/MiniOzoneClusterImpl-2036787f-4a5c-4c85-b727-13a1bbcfb7f9/datanode-0/data/ratis/eb264516-7601-4212-9737-9f29298583ae: flushIndex: setUnconditionally 0 -> -1
2019-09-12 11:51:11,787 [pool-292-thread-1] INFO  server.RaftServerConfigKeys (ConfUtils.java:logGet(43)) - raft.server.snapshot.auto.trigger.enabled = true (custom)
2019-09-12 11:51:11,787 [pool-292-thread-1] INFO  server.RaftServerConfigKeys (ConfUtils.java:logGet(43)) - raft.server.snapshot.auto.trigger.threshold = 10000 (custom)
2019-09-12 11:51:11,787 [pool-292-thread-1] INFO  server.RaftServerConfigKeys (ConfUtils.java:logGet(43)) - raft.server.retrycache.expirytime = 600000ms (custom)
2019-09-12 11:51:11,787 [pool-292-thread-1] INFO  impl.RaftServerImpl (RaftServerImpl.java:start(180)) - a4e89051-4cc5-4cb7-a8c4-6efddc76418c: start group-9F29298583AE
2019-09-12 11:51:11,787 [pool-292-thread-1] INFO  impl.RaftServerImpl (RaftServerImpl.java:setRole(171)) - a4e89051-4cc5-4cb7-a8c4-6efddc76418c:group-9F29298583AE changes role from null to FOLLOWER at term 0 for startAsFollower
2019-09-12 11:51:11,787 [pool-292-thread-1] INFO  impl.RoleInfo (RoleInfo.java:updateAndGet(143)) - a4e89051-4cc5-4cb7-a8c4-6efddc76418c: start FollowerState
2019-09-12 11:51:11,787 [pool-292-thread-1] INFO  util.JmxRegister (JmxRegister.java:tryRegister(44)) - Successfully registered JMX Bean with object name Ratis:service=RaftServer,group=group-9F29298583AE,id=a4e89051-4cc5-4cb7-a8c4-6efddc76418c
2019-09-12 11:51:11,790 [RatisPipelineUtilsThread] INFO  pipeline.PipelineStateManager (PipelineStateManager.java:addPipeline(56)) - Created pipeline Pipeline[ Id: eb264516-7601-4212-9737-9f29298583ae, Nodes: a4e89051-4cc5-4cb7-a8c4-6efddc76418c{ip: 192.168.157.195, host: pr-hdds-1569-xtfnx-3545843844, networkLocation: /default-rack, certSerialId: null}, Type:RATIS, Factor:ONE, State:OPEN]
2019-09-12 11:51:11,796 [grpc-default-executor-0] INFO  impl.RaftServerProxy (RaftServerProxy.java:addNew(89)) - a4e89051-4cc5-4cb7-a8c4-6efddc76418c: addNew group-6D475289B7D8:[a4e89051-4cc5-4cb7-a8c4-6efddc76418c:192.168.157.195:44245] returns group-6D475289B7D8:java.util.concurrent.CompletableFuture@3838e206[Not completed]
2019-09-12 11:51:11,797 [pool-292-thread-1] INFO  impl.RaftServerImpl (RaftServerImpl.java:<init>(93)) - a4e89051-4cc5-4cb7-a8c4-6efddc76418c: new RaftServerImpl for group-6D475289B7D8:[a4e89051-4cc5-4cb7-a8c4-6efddc76418c:192.168.157.195:44245] with ContainerStateMachine:uninitialized
2019-09-12 11:51:11,797 [pool-292-thread-1] INFO  server.RaftServerConfigKeys (ConfUtils.java:logGet(43)) - raft.server.rpc.timeout.min = 5s (custom)
2019-09-12 11:51:11,797 [pool-292-thread-1] INFO  server.RaftServerConfigKeys (ConfUtils.java:logGet(43)) - raft.server.rpc.timeout.max = 5200ms (custom)
2019-09-12 11:51:11,797 [pool-292-thread-1] INFO  server.RaftServerConfigKeys (ConfUtils.java:logGet(43)) - raft.server.rpcslowness.timeout = 120s (custom)
2019-09-12 11:51:11,797 [pool-292-thread-1] INFO  server.RaftServerConfigKeys (ConfUtils.java:logGet(43)) - raft.server.sleep.deviation.threshold = 300 (default)
2019-09-12 11:51:11,797 [pool-292-thread-1] INFO  server.RaftServerConfigKeys (ConfUtils.java:logGet(43)) - raft.server.log.appender.install.snapshot.enabled = false (custom)
2019-09-12 11:51:11,797 [pool-292-thread-1] INFO  impl.RaftServerImpl (ServerState.java:<init>(105)) - a4e89051-4cc5-4cb7-a8c4-6efddc76418c:group-6D475289B7D8 ConfigurationManager, init=-1: [a4e89051-4cc5-4cb7-a8c4-6efddc76418c:192.168.157.195:44245], old=null, confs=<EMPTY_MAP>
2019-09-12 11:51:11,798 [pool-292-thread-1] INFO  server.RaftServerConfigKeys (ConfUtils.java:logGet(43)) - raft.server.storage.dir = [/workdir/hadoop-ozone/ozonefs/target/test-dir/MiniOzoneClusterImpl-2036787f-4a5c-4c85-b727-13a1bbcfb7f9/datanode-0/data/ratis] (custom)
2019-09-12 11:51:11,798 [pool-292-thread-1] INFO  storage.RaftStorageDirectory (RaftStorageDirectory.java:analyzeStorage(246)) - The storage directory /workdir/hadoop-ozone/ozonefs/target/test-dir/MiniOzoneClusterImpl-2036787f-4a5c-4c85-b727-13a1bbcfb7f9/datanode-0/data/ratis/536a2361-7abb-4328-b016-6d475289b7d8 does not exist. Creating ...
2019-09-12 11:51:11,802 [IPC Server handler 1 on 40128] INFO  net.NetworkTopology (NetworkTopologyImpl.java:add(110)) - Added a new node: /default-rack/0c68de6a-5794-4c46-b75f-96dd4df51bcf
2019-09-12 11:51:11,803 [IPC Server handler 1 on 40128] INFO  node.SCMNodeManager (SCMNodeManager.java:register(273)) - Registered Data node : 0c68de6a-5794-4c46-b75f-96dd4df51bcf{ip: 192.168.157.195, host: pr-hdds-1569-xtfnx-3545843844, networkLocation: /default-rack, certSerialId: null}
2019-09-12 11:51:11,803 | INFO  | SCMAudit | user=jenkins1000 | ip=192.168.157.195 | op=REGISTER {datanodeDetails=0c68de6a-5794-4c46-b75f-96dd4df51bcf{ip: 192.168.157.195, host: pr-hdds-1569-xtfnx-3545843844, networkLocation: /default-rack, certSerialId: null}} | ret=SUCCESS |  
2019-09-12 11:51:11,810 [pool-292-thread-1] INFO  storage.RaftStorageDirectory (RaftStorageDirectory.java:tryLock(328)) - Lock on /workdir/hadoop-ozone/ozonefs/target/test-dir/MiniOzoneClusterImpl-2036787f-4a5c-4c85-b727-13a1bbcfb7f9/datanode-0/data/ratis/536a2361-7abb-4328-b016-6d475289b7d8/in_use.lock acquired by nodename 9769@pr-hdds-1569-xtfnx-3545843844
2019-09-12 11:51:11,823 [pool-292-thread-1] INFO  storage.RaftStorage (RaftStorage.java:format(72)) - Storage directory /workdir/hadoop-ozone/ozonefs/target/test-dir/MiniOzoneClusterImpl-2036787f-4a5c-4c85-b727-13a1bbcfb7f9/datanode-0/data/ratis/536a2361-7abb-4328-b016-6d475289b7d8 has been successfully formatted.
2019-09-12 11:51:11,824 [pool-292-thread-1] INFO  ratis.ContainerStateMachine (ContainerStateMachine.java:loadSnapshot(226)) - group-6D475289B7D8: The snapshot info is null. Setting the last applied indexto:(t:0, i:~)
2019-09-12 11:51:11,824 [pool-292-thread-1] INFO  server.RaftServerConfigKeys (ConfUtils.java:logGet(43)) - raft.server.leader.election.timeout = 120s (custom)
2019-09-12 11:51:11,824 [pool-292-thread-1] INFO  server.RaftServerConfigKeys (ConfUtils.java:logGet(43)) - raft.server.log.use.memory = false (default)
2019-09-12 11:51:11,824 [pool-292-thread-1] INFO  server.RaftServerConfigKeys (ConfUtils.java:logGet(43)) - raft.server.log.purge.gap = 1000000 (custom)
2019-09-12 11:51:11,824 [pool-292-thread-1] INFO  server.RaftServerConfigKeys (ConfUtils.java:logGet(43)) - raft.server.log.appender.buffer.byte-limit = 33554432 (custom)
2019-09-12 11:51:11,824 [pool-292-thread-1] INFO  server.RaftServerConfigKeys (ConfUtils.java:logGet(43)) - raft.server.log.segment.size.max = 1048576 (custom)
2019-09-12 11:51:11,824 [pool-292-thread-1] INFO  server.RaftServerConfigKeys (ConfUtils.java:logGet(43)) - raft.server.log.segment.cache.num.max = 2 (custom)
2019-09-12 11:51:11,824 [pool-292-thread-1] INFO  segmented.SegmentedRaftLogWorker (SegmentedRaftLogWorker.java:<init>(172)) - new a4e89051-4cc5-4cb7-a8c4-6efddc76418c-SegmentedRaftLogWorker:Storage Directory /workdir/hadoop-ozone/ozonefs/target/test-dir/MiniOzoneClusterImpl-2036787f-4a5c-4c85-b727-13a1bbcfb7f9/datanode-0/data/ratis/536a2361-7abb-4328-b016-6d475289b7d8 for RaftStorage:Storage Directory /workdir/hadoop-ozone/ozonefs/target/test-dir/MiniOzoneClusterImpl-2036787f-4a5c-4c85-b727-13a1bbcfb7f9/datanode-0/data/ratis/536a2361-7abb-4328-b016-6d475289b7d8
2019-09-12 11:51:11,825 [pool-292-thread-1] INFO  server.RaftServerConfigKeys (ConfUtils.java:logGet(43)) - raft.server.log.queue.byte-limit = 2147483647 (custom)
2019-09-12 11:51:11,825 [pool-292-thread-1] INFO  server.RaftServerConfigKeys (ConfUtils.java:logGet(43)) - raft.server.log.queue.element-limit = 1024 (custom)
2019-09-12 11:51:11,825 [pool-292-thread-1] INFO  server.RaftServerConfigKeys (ConfUtils.java:logGet(43)) - raft.server.log.segment.size.max = 1048576 (custom)
2019-09-12 11:51:11,825 [pool-292-thread-1] INFO  server.RaftServerConfigKeys (ConfUtils.java:logGet(43)) - raft.server.log.preallocated.size = 16384 (custom)
2019-09-12 11:51:11,825 [pool-292-thread-1] INFO  server.RaftServerConfigKeys (ConfUtils.java:logGet(43)) - raft.server.log.write.buffer.size = 33554432 (custom)
2019-09-12 11:51:11,825 [pool-292-thread-1] INFO  server.RaftServerConfigKeys (ConfUtils.java:logGet(43)) - raft.server.log.force.sync.num = 128 (default)
2019-09-12 11:51:11,825 [pool-292-thread-1] INFO  server.RaftServerConfigKeys (ConfUtils.java:logGet(43)) - raft.server.log.statemachine.data.sync = true (default)
2019-09-12 11:51:11,825 [pool-292-thread-1] INFO  server.RaftServerConfigKeys (ConfUtils.java:logGet(43)) - raft.server.log.statemachine.data.sync.timeout = 10s (default)
2019-09-12 11:51:11,826 [pool-292-thread-1] INFO  server.RaftServerConfigKeys (ConfUtils.java:logGet(43)) - raft.server.log.statemachine.data.sync.timeout.retry = -1 (default)
2019-09-12 11:51:11,826 [pool-292-thread-1] INFO  server.RaftServerConfigKeys (ConfUtils.java:logGet(43)) - raft.server.log.statemachine.data.caching.enabled = true (custom)
2019-09-12 11:51:11,826 [pool-292-thread-1] INFO  segmented.SegmentedRaftLogWorker (SegmentedRaftLogWorker.java:lambda$new$0(132)) - a4e89051-4cc5-4cb7-a8c4-6efddc76418c-SegmentedRaftLogWorker:Storage Directory /workdir/hadoop-ozone/ozonefs/target/test-dir/MiniOzoneClusterImpl-2036787f-4a5c-4c85-b727-13a1bbcfb7f9/datanode-0/data/ratis/536a2361-7abb-4328-b016-6d475289b7d8: flushIndex: setUnconditionally 0 -> -1
2019-09-12 11:51:11,826 [pool-292-thread-1] INFO  server.RaftServerConfigKeys (ConfUtils.java:logGet(43)) - raft.server.snapshot.auto.trigger.enabled = true (custom)
2019-09-12 11:51:11,826 [pool-292-thread-1] INFO  server.RaftServerConfigKeys (ConfUtils.java:logGet(43)) - raft.server.snapshot.auto.trigger.threshold = 10000 (custom)
2019-09-12 11:51:11,827 [pool-292-thread-1] INFO  server.RaftServerConfigKeys (ConfUtils.java:logGet(43)) - raft.server.retrycache.expirytime = 600000ms (custom)
2019-09-12 11:51:11,827 [pool-292-thread-1] INFO  impl.RaftServerImpl (RaftServerImpl.java:start(180)) - a4e89051-4cc5-4cb7-a8c4-6efddc76418c: start group-6D475289B7D8
2019-09-12 11:51:11,827 [pool-292-thread-1] INFO  impl.RaftServerImpl (RaftServerImpl.java:setRole(171)) - a4e89051-4cc5-4cb7-a8c4-6efddc76418c:group-6D475289B7D8 changes role from null to FOLLOWER at term 0 for startAsFollower
2019-09-12 11:51:11,827 [pool-292-thread-1] INFO  impl.RoleInfo (RoleInfo.java:updateAndGet(143)) - a4e89051-4cc5-4cb7-a8c4-6efddc76418c: start FollowerState
2019-09-12 11:51:11,827 [pool-292-thread-1] INFO  util.JmxRegister (JmxRegister.java:tryRegister(44)) - Successfully registered JMX Bean with object name Ratis:service=RaftServer,group=group-6D475289B7D8,id=a4e89051-4cc5-4cb7-a8c4-6efddc76418c
2019-09-12 11:51:11,830 [RatisPipelineUtilsThread] INFO  pipeline.PipelineStateManager (PipelineStateManager.java:addPipeline(56)) - Created pipeline Pipeline[ Id: 536a2361-7abb-4328-b016-6d475289b7d8, Nodes: a4e89051-4cc5-4cb7-a8c4-6efddc76418c{ip: 192.168.157.195, host: pr-hdds-1569-xtfnx-3545843844, networkLocation: /default-rack, certSerialId: null}, Type:RATIS, Factor:ONE, State:OPEN]
2019-09-12 11:51:11,838 [grpc-default-executor-0] INFO  impl.RaftServerProxy (RaftServerProxy.java:addNew(89)) - 0c68de6a-5794-4c46-b75f-96dd4df51bcf: addNew group-AE653EC4D585:[0c68de6a-5794-4c46-b75f-96dd4df51bcf:192.168.157.195:40992] returns group-AE653EC4D585:java.util.concurrent.CompletableFuture@e496a80[Not completed]
2019-09-12 11:51:11,840 [pool-303-thread-1] INFO  impl.RaftServerImpl (RaftServerImpl.java:<init>(93)) - 0c68de6a-5794-4c46-b75f-96dd4df51bcf: new RaftServerImpl for group-AE653EC4D585:[0c68de6a-5794-4c46-b75f-96dd4df51bcf:192.168.157.195:40992] with ContainerStateMachine:uninitialized
2019-09-12 11:51:11,840 [pool-303-thread-1] INFO  server.RaftServerConfigKeys (ConfUtils.java:logGet(43)) - raft.server.rpc.timeout.min = 5s (custom)
2019-09-12 11:51:11,840 [pool-303-thread-1] INFO  server.RaftServerConfigKeys (ConfUtils.java:logGet(43)) - raft.server.rpc.timeout.max = 5200ms (custom)
2019-09-12 11:51:11,841 [pool-303-thread-1] INFO  server.RaftServerConfigKeys (ConfUtils.java:logGet(43)) - raft.server.rpcslowness.timeout = 120s (custom)
2019-09-12 11:51:11,841 [pool-303-thread-1] INFO  server.RaftServerConfigKeys (ConfUtils.java:logGet(43)) - raft.server.sleep.deviation.threshold = 300 (default)
2019-09-12 11:51:11,841 [pool-303-thread-1] INFO  server.RaftServerConfigKeys (ConfUtils.java:logGet(43)) - raft.server.log.appender.install.snapshot.enabled = false (custom)
2019-09-12 11:51:11,841 [pool-303-thread-1] INFO  impl.RaftServerImpl (ServerState.java:<init>(105)) - 0c68de6a-5794-4c46-b75f-96dd4df51bcf:group-AE653EC4D585 ConfigurationManager, init=-1: [0c68de6a-5794-4c46-b75f-96dd4df51bcf:192.168.157.195:40992], old=null, confs=<EMPTY_MAP>
2019-09-12 11:51:11,841 [pool-303-thread-1] INFO  server.RaftServerConfigKeys (ConfUtils.java:logGet(43)) - raft.server.storage.dir = [/workdir/hadoop-ozone/ozonefs/target/test-dir/MiniOzoneClusterImpl-2036787f-4a5c-4c85-b727-13a1bbcfb7f9/datanode-1/data/ratis] (custom)
2019-09-12 11:51:11,842 [pool-303-thread-1] INFO  storage.RaftStorageDirectory (RaftStorageDirectory.java:analyzeStorage(246)) - The storage directory /workdir/hadoop-ozone/ozonefs/target/test-dir/MiniOzoneClusterImpl-2036787f-4a5c-4c85-b727-13a1bbcfb7f9/datanode-1/data/ratis/607a5d98-f1c4-4304-b569-ae653ec4d585 does not exist. Creating ...
2019-09-12 11:51:11,853 [pool-303-thread-1] INFO  storage.RaftStorageDirectory (RaftStorageDirectory.java:tryLock(328)) - Lock on /workdir/hadoop-ozone/ozonefs/target/test-dir/MiniOzoneClusterImpl-2036787f-4a5c-4c85-b727-13a1bbcfb7f9/datanode-1/data/ratis/607a5d98-f1c4-4304-b569-ae653ec4d585/in_use.lock acquired by nodename 9769@pr-hdds-1569-xtfnx-3545843844
2019-09-12 11:51:11,856 [pool-303-thread-1] INFO  storage.RaftStorage (RaftStorage.java:format(72)) - Storage directory /workdir/hadoop-ozone/ozonefs/target/test-dir/MiniOzoneClusterImpl-2036787f-4a5c-4c85-b727-13a1bbcfb7f9/datanode-1/data/ratis/607a5d98-f1c4-4304-b569-ae653ec4d585 has been successfully formatted.
2019-09-12 11:51:11,857 [pool-303-thread-1] INFO  ratis.ContainerStateMachine (ContainerStateMachine.java:loadSnapshot(226)) - group-AE653EC4D585: The snapshot info is null. Setting the last applied indexto:(t:0, i:~)
2019-09-12 11:51:11,857 [pool-303-thread-1] INFO  server.RaftServerConfigKeys (ConfUtils.java:logGet(43)) - raft.server.leader.election.timeout = 120s (custom)
2019-09-12 11:51:11,857 [pool-303-thread-1] INFO  server.RaftServerConfigKeys (ConfUtils.java:logGet(43)) - raft.server.log.use.memory = false (default)
2019-09-12 11:51:11,857 [pool-303-thread-1] INFO  server.RaftServerConfigKeys (ConfUtils.java:logGet(43)) - raft.server.log.purge.gap = 1000000 (custom)
2019-09-12 11:51:11,857 [pool-303-thread-1] INFO  server.RaftServerConfigKeys (ConfUtils.java:logGet(43)) - raft.server.log.appender.buffer.byte-limit = 33554432 (custom)
2019-09-12 11:51:11,858 [pool-303-thread-1] INFO  server.RaftServerConfigKeys (ConfUtils.java:logGet(43)) - raft.server.log.segment.size.max = 1048576 (custom)
2019-09-12 11:51:11,858 [pool-303-thread-1] INFO  server.RaftServerConfigKeys (ConfUtils.java:logGet(43)) - raft.server.log.segment.cache.num.max = 2 (custom)
2019-09-12 11:51:11,858 [pool-303-thread-1] INFO  segmented.SegmentedRaftLogWorker (SegmentedRaftLogWorker.java:<init>(172)) - new 0c68de6a-5794-4c46-b75f-96dd4df51bcf-SegmentedRaftLogWorker:Storage Directory /workdir/hadoop-ozone/ozonefs/target/test-dir/MiniOzoneClusterImpl-2036787f-4a5c-4c85-b727-13a1bbcfb7f9/datanode-1/data/ratis/607a5d98-f1c4-4304-b569-ae653ec4d585 for RaftStorage:Storage Directory /workdir/hadoop-ozone/ozonefs/target/test-dir/MiniOzoneClusterImpl-2036787f-4a5c-4c85-b727-13a1bbcfb7f9/datanode-1/data/ratis/607a5d98-f1c4-4304-b569-ae653ec4d585
2019-09-12 11:51:11,858 [pool-303-thread-1] INFO  server.RaftServerConfigKeys (ConfUtils.java:logGet(43)) - raft.server.log.queue.byte-limit = 2147483647 (custom)
2019-09-12 11:51:11,858 [pool-303-thread-1] INFO  server.RaftServerConfigKeys (ConfUtils.java:logGet(43)) - raft.server.log.queue.element-limit = 1024 (custom)
2019-09-12 11:51:11,859 [pool-303-thread-1] INFO  server.RaftServerConfigKeys (ConfUtils.java:logGet(43)) - raft.server.log.segment.size.max = 1048576 (custom)
2019-09-12 11:51:11,859 [pool-303-thread-1] INFO  server.RaftServerConfigKeys (ConfUtils.java:logGet(43)) - raft.server.log.preallocated.size = 16384 (custom)
2019-09-12 11:51:11,859 [pool-303-thread-1] INFO  server.RaftServerConfigKeys (ConfUtils.java:logGet(43)) - raft.server.log.write.buffer.size = 33554432 (custom)
2019-09-12 11:51:11,859 [pool-303-thread-1] INFO  server.RaftServerConfigKeys (ConfUtils.java:logGet(43)) - raft.server.log.force.sync.num = 128 (default)
2019-09-12 11:51:11,859 [pool-303-thread-1] INFO  server.RaftServerConfigKeys (ConfUtils.java:logGet(43)) - raft.server.log.statemachine.data.sync = true (default)
2019-09-12 11:51:11,859 [pool-303-thread-1] INFO  server.RaftServerConfigKeys (ConfUtils.java:logGet(43)) - raft.server.log.statemachine.data.sync.timeout = 10s (default)
2019-09-12 11:51:11,860 [pool-303-thread-1] INFO  server.RaftServerConfigKeys (ConfUtils.java:logGet(43)) - raft.server.log.statemachine.data.sync.timeout.retry = -1 (default)
2019-09-12 11:51:11,860 [pool-303-thread-1] INFO  server.RaftServerConfigKeys (ConfUtils.java:logGet(43)) - raft.server.log.statemachine.data.caching.enabled = true (custom)
2019-09-12 11:51:11,860 [pool-303-thread-1] INFO  segmented.SegmentedRaftLogWorker (SegmentedRaftLogWorker.java:lambda$new$0(132)) - 0c68de6a-5794-4c46-b75f-96dd4df51bcf-SegmentedRaftLogWorker:Storage Directory /workdir/hadoop-ozone/ozonefs/target/test-dir/MiniOzoneClusterImpl-2036787f-4a5c-4c85-b727-13a1bbcfb7f9/datanode-1/data/ratis/607a5d98-f1c4-4304-b569-ae653ec4d585: flushIndex: setUnconditionally 0 -> -1
2019-09-12 11:51:11,861 [pool-303-thread-1] INFO  server.RaftServerConfigKeys (ConfUtils.java:logGet(43)) - raft.server.snapshot.auto.trigger.enabled = true (custom)
2019-09-12 11:51:11,861 [pool-303-thread-1] INFO  server.RaftServerConfigKeys (ConfUtils.java:logGet(43)) - raft.server.snapshot.auto.trigger.threshold = 10000 (custom)
2019-09-12 11:51:11,861 [pool-303-thread-1] INFO  server.RaftServerConfigKeys (ConfUtils.java:logGet(43)) - raft.server.retrycache.expirytime = 600000ms (custom)
2019-09-12 11:51:11,861 [pool-303-thread-1] INFO  impl.RaftServerImpl (RaftServerImpl.java:start(180)) - 0c68de6a-5794-4c46-b75f-96dd4df51bcf: start group-AE653EC4D585
2019-09-12 11:51:11,862 [pool-303-thread-1] INFO  impl.RaftServerImpl (RaftServerImpl.java:setRole(171)) - 0c68de6a-5794-4c46-b75f-96dd4df51bcf:group-AE653EC4D585 changes role from null to FOLLOWER at term 0 for startAsFollower
2019-09-12 11:51:11,862 [pool-303-thread-1] INFO  impl.RoleInfo (RoleInfo.java:updateAndGet(143)) - 0c68de6a-5794-4c46-b75f-96dd4df51bcf: start FollowerState
2019-09-12 11:51:11,862 [pool-303-thread-1] INFO  util.JmxRegister (JmxRegister.java:tryRegister(44)) - Successfully registered JMX Bean with object name Ratis:service=RaftServer,group=group-AE653EC4D585,id=0c68de6a-5794-4c46-b75f-96dd4df51bcf
2019-09-12 11:51:11,865 [RatisPipelineUtilsThread] INFO  pipeline.PipelineStateManager (PipelineStateManager.java:addPipeline(56)) - Created pipeline Pipeline[ Id: 607a5d98-f1c4-4304-b569-ae653ec4d585, Nodes: 0c68de6a-5794-4c46-b75f-96dd4df51bcf{ip: 192.168.157.195, host: pr-hdds-1569-xtfnx-3545843844, networkLocation: /default-rack, certSerialId: null}, Type:RATIS, Factor:ONE, State:OPEN]
2019-09-12 11:51:11,871 [grpc-default-executor-0] INFO  impl.RaftServerProxy (RaftServerProxy.java:addNew(89)) - 0c68de6a-5794-4c46-b75f-96dd4df51bcf: addNew group-8AC27B14C9FA:[0c68de6a-5794-4c46-b75f-96dd4df51bcf:192.168.157.195:40992] returns group-8AC27B14C9FA:java.util.concurrent.CompletableFuture@1a0654c9[Not completed]
2019-09-12 11:51:11,872 [pool-303-thread-1] INFO  impl.RaftServerImpl (RaftServerImpl.java:<init>(93)) - 0c68de6a-5794-4c46-b75f-96dd4df51bcf: new RaftServerImpl for group-8AC27B14C9FA:[0c68de6a-5794-4c46-b75f-96dd4df51bcf:192.168.157.195:40992] with ContainerStateMachine:uninitialized
2019-09-12 11:51:11,872 [pool-303-thread-1] INFO  server.RaftServerConfigKeys (ConfUtils.java:logGet(43)) - raft.server.rpc.timeout.min = 5s (custom)
2019-09-12 11:51:11,872 [pool-303-thread-1] INFO  server.RaftServerConfigKeys (ConfUtils.java:logGet(43)) - raft.server.rpc.timeout.max = 5200ms (custom)
2019-09-12 11:51:11,873 [pool-303-thread-1] INFO  server.RaftServerConfigKeys (ConfUtils.java:logGet(43)) - raft.server.rpcslowness.timeout = 120s (custom)
2019-09-12 11:51:11,873 [pool-303-thread-1] INFO  server.RaftServerConfigKeys (ConfUtils.java:logGet(43)) - raft.server.sleep.deviation.threshold = 300 (default)
2019-09-12 11:51:11,873 [pool-303-thread-1] INFO  server.RaftServerConfigKeys (ConfUtils.java:logGet(43)) - raft.server.log.appender.install.snapshot.enabled = false (custom)
2019-09-12 11:51:11,873 [pool-303-thread-1] INFO  impl.RaftServerImpl (ServerState.java:<init>(105)) - 0c68de6a-5794-4c46-b75f-96dd4df51bcf:group-8AC27B14C9FA ConfigurationManager, init=-1: [0c68de6a-5794-4c46-b75f-96dd4df51bcf:192.168.157.195:40992], old=null, confs=<EMPTY_MAP>
2019-09-12 11:51:11,873 [pool-303-thread-1] INFO  server.RaftServerConfigKeys (ConfUtils.java:logGet(43)) - raft.server.storage.dir = [/workdir/hadoop-ozone/ozonefs/target/test-dir/MiniOzoneClusterImpl-2036787f-4a5c-4c85-b727-13a1bbcfb7f9/datanode-1/data/ratis] (custom)
2019-09-12 11:51:11,874 [pool-303-thread-1] INFO  storage.RaftStorageDirectory (RaftStorageDirectory.java:analyzeStorage(246)) - The storage directory /workdir/hadoop-ozone/ozonefs/target/test-dir/MiniOzoneClusterImpl-2036787f-4a5c-4c85-b727-13a1bbcfb7f9/datanode-1/data/ratis/3318c27e-1f4c-4059-b454-8ac27b14c9fa does not exist. Creating ...
2019-09-12 11:51:11,876 [pool-303-thread-1] INFO  storage.RaftStorageDirectory (RaftStorageDirectory.java:tryLock(328)) - Lock on /workdir/hadoop-ozone/ozonefs/target/test-dir/MiniOzoneClusterImpl-2036787f-4a5c-4c85-b727-13a1bbcfb7f9/datanode-1/data/ratis/3318c27e-1f4c-4059-b454-8ac27b14c9fa/in_use.lock acquired by nodename 9769@pr-hdds-1569-xtfnx-3545843844
2019-09-12 11:51:11,880 [pool-303-thread-1] INFO  storage.RaftStorage (RaftStorage.java:format(72)) - Storage directory /workdir/hadoop-ozone/ozonefs/target/test-dir/MiniOzoneClusterImpl-2036787f-4a5c-4c85-b727-13a1bbcfb7f9/datanode-1/data/ratis/3318c27e-1f4c-4059-b454-8ac27b14c9fa has been successfully formatted.
2019-09-12 11:51:11,880 [pool-303-thread-1] INFO  ratis.ContainerStateMachine (ContainerStateMachine.java:loadSnapshot(226)) - group-8AC27B14C9FA: The snapshot info is null. Setting the last applied indexto:(t:0, i:~)
2019-09-12 11:51:11,880 [pool-303-thread-1] INFO  server.RaftServerConfigKeys (ConfUtils.java:logGet(43)) - raft.server.leader.election.timeout = 120s (custom)
2019-09-12 11:51:11,880 [pool-303-thread-1] INFO  server.RaftServerConfigKeys (ConfUtils.java:logGet(43)) - raft.server.log.use.memory = false (default)
2019-09-12 11:51:11,881 [pool-303-thread-1] INFO  server.RaftServerConfigKeys (ConfUtils.java:logGet(43)) - raft.server.log.purge.gap = 1000000 (custom)
2019-09-12 11:51:11,881 [pool-303-thread-1] INFO  server.RaftServerConfigKeys (ConfUtils.java:logGet(43)) - raft.server.log.appender.buffer.byte-limit = 33554432 (custom)
2019-09-12 11:51:11,881 [pool-303-thread-1] INFO  server.RaftServerConfigKeys (ConfUtils.java:logGet(43)) - raft.server.log.segment.size.max = 1048576 (custom)
2019-09-12 11:51:11,881 [pool-303-thread-1] INFO  server.RaftServerConfigKeys (ConfUtils.java:logGet(43)) - raft.server.log.segment.cache.num.max = 2 (custom)
2019-09-12 11:51:11,881 [pool-303-thread-1] INFO  segmented.SegmentedRaftLogWorker (SegmentedRaftLogWorker.java:<init>(172)) - new 0c68de6a-5794-4c46-b75f-96dd4df51bcf-SegmentedRaftLogWorker:Storage Directory /workdir/hadoop-ozone/ozonefs/target/test-dir/MiniOzoneClusterImpl-2036787f-4a5c-4c85-b727-13a1bbcfb7f9/datanode-1/data/ratis/3318c27e-1f4c-4059-b454-8ac27b14c9fa for RaftStorage:Storage Directory /workdir/hadoop-ozone/ozonefs/target/test-dir/MiniOzoneClusterImpl-2036787f-4a5c-4c85-b727-13a1bbcfb7f9/datanode-1/data/ratis/3318c27e-1f4c-4059-b454-8ac27b14c9fa
2019-09-12 11:51:11,881 [pool-303-thread-1] INFO  server.RaftServerConfigKeys (ConfUtils.java:logGet(43)) - raft.server.log.queue.byte-limit = 2147483647 (custom)
2019-09-12 11:51:11,881 [pool-303-thread-1] INFO  server.RaftServerConfigKeys (ConfUtils.java:logGet(43)) - raft.server.log.queue.element-limit = 1024 (custom)
2019-09-12 11:51:11,882 [pool-303-thread-1] INFO  server.RaftServerConfigKeys (ConfUtils.java:logGet(43)) - raft.server.log.segment.size.max = 1048576 (custom)
2019-09-12 11:51:11,882 [pool-303-thread-1] INFO  server.RaftServerConfigKeys (ConfUtils.java:logGet(43)) - raft.server.log.preallocated.size = 16384 (custom)
2019-09-12 11:51:11,882 [pool-303-thread-1] INFO  server.RaftServerConfigKeys (ConfUtils.java:logGet(43)) - raft.server.log.write.buffer.size = 33554432 (custom)
2019-09-12 11:51:11,882 [pool-303-thread-1] INFO  server.RaftServerConfigKeys (ConfUtils.java:logGet(43)) - raft.server.log.force.sync.num = 128 (default)
2019-09-12 11:51:11,882 [pool-303-thread-1] INFO  server.RaftServerConfigKeys (ConfUtils.java:logGet(43)) - raft.server.log.statemachine.data.sync = true (default)
2019-09-12 11:51:11,882 [pool-303-thread-1] INFO  server.RaftServerConfigKeys (ConfUtils.java:logGet(43)) - raft.server.log.statemachine.data.sync.timeout = 10s (default)
2019-09-12 11:51:11,882 [pool-303-thread-1] INFO  server.RaftServerConfigKeys (ConfUtils.java:logGet(43)) - raft.server.log.statemachine.data.sync.timeout.retry = -1 (default)
2019-09-12 11:51:11,883 [pool-303-thread-1] INFO  server.RaftServerConfigKeys (ConfUtils.java:logGet(43)) - raft.server.log.statemachine.data.caching.enabled = true (custom)
2019-09-12 11:51:11,883 [pool-303-thread-1] INFO  segmented.SegmentedRaftLogWorker (SegmentedRaftLogWorker.java:lambda$new$0(132)) - 0c68de6a-5794-4c46-b75f-96dd4df51bcf-SegmentedRaftLogWorker:Storage Directory /workdir/hadoop-ozone/ozonefs/target/test-dir/MiniOzoneClusterImpl-2036787f-4a5c-4c85-b727-13a1bbcfb7f9/datanode-1/data/ratis/3318c27e-1f4c-4059-b454-8ac27b14c9fa: flushIndex: setUnconditionally 0 -> -1
2019-09-12 11:51:11,883 [pool-303-thread-1] INFO  server.RaftServerConfigKeys (ConfUtils.java:logGet(43)) - raft.server.snapshot.auto.trigger.enabled = true (custom)
2019-09-12 11:51:11,883 [pool-303-thread-1] INFO  server.RaftServerConfigKeys (ConfUtils.java:logGet(43)) - raft.server.snapshot.auto.trigger.threshold = 10000 (custom)
2019-09-12 11:51:11,883 [pool-303-thread-1] INFO  server.RaftServerConfigKeys (ConfUtils.java:logGet(43)) - raft.server.retrycache.expirytime = 600000ms (custom)
2019-09-12 11:51:11,884 [pool-303-thread-1] INFO  impl.RaftServerImpl (RaftServerImpl.java:start(180)) - 0c68de6a-5794-4c46-b75f-96dd4df51bcf: start group-8AC27B14C9FA
2019-09-12 11:51:11,884 [pool-303-thread-1] INFO  impl.RaftServerImpl (RaftServerImpl.java:setRole(171)) - 0c68de6a-5794-4c46-b75f-96dd4df51bcf:group-8AC27B14C9FA changes role from null to FOLLOWER at term 0 for startAsFollower
2019-09-12 11:51:11,884 [pool-303-thread-1] INFO  impl.RoleInfo (RoleInfo.java:updateAndGet(143)) - 0c68de6a-5794-4c46-b75f-96dd4df51bcf: start FollowerState
2019-09-12 11:51:11,884 [pool-303-thread-1] INFO  util.JmxRegister (JmxRegister.java:tryRegister(44)) - Successfully registered JMX Bean with object name Ratis:service=RaftServer,group=group-8AC27B14C9FA,id=0c68de6a-5794-4c46-b75f-96dd4df51bcf
2019-09-12 11:51:11,887 [RatisPipelineUtilsThread] INFO  pipeline.PipelineStateManager (PipelineStateManager.java:addPipeline(56)) - Created pipeline Pipeline[ Id: 3318c27e-1f4c-4059-b454-8ac27b14c9fa, Nodes: 0c68de6a-5794-4c46-b75f-96dd4df51bcf{ip: 192.168.157.195, host: pr-hdds-1569-xtfnx-3545843844, networkLocation: /default-rack, certSerialId: null}, Type:RATIS, Factor:ONE, State:OPEN]
2019-09-12 11:51:11,892 [grpc-default-executor-0] INFO  impl.RaftServerProxy (RaftServerProxy.java:addNew(89)) - a4e89051-4cc5-4cb7-a8c4-6efddc76418c: addNew group-4CAFF01426E5:[a4e89051-4cc5-4cb7-a8c4-6efddc76418c:192.168.157.195:44245] returns group-4CAFF01426E5:java.util.concurrent.CompletableFuture@49040208[Not completed]
2019-09-12 11:51:11,893 [pool-292-thread-1] INFO  impl.RaftServerImpl (RaftServerImpl.java:<init>(93)) - a4e89051-4cc5-4cb7-a8c4-6efddc76418c: new RaftServerImpl for group-4CAFF01426E5:[a4e89051-4cc5-4cb7-a8c4-6efddc76418c:192.168.157.195:44245] with ContainerStateMachine:uninitialized
2019-09-12 11:51:11,893 [pool-292-thread-1] INFO  server.RaftServerConfigKeys (ConfUtils.java:logGet(43)) - raft.server.rpc.timeout.min = 5s (custom)
2019-09-12 11:51:11,894 [pool-292-thread-1] INFO  server.RaftServerConfigKeys (ConfUtils.java:logGet(43)) - raft.server.rpc.timeout.max = 5200ms (custom)
2019-09-12 11:51:11,894 [pool-292-thread-1] INFO  server.RaftServerConfigKeys (ConfUtils.java:logGet(43)) - raft.server.rpcslowness.timeout = 120s (custom)
2019-09-12 11:51:11,894 [pool-292-thread-1] INFO  server.RaftServerConfigKeys (ConfUtils.java:logGet(43)) - raft.server.sleep.deviation.threshold = 300 (default)
2019-09-12 11:51:11,894 [pool-292-thread-1] INFO  server.RaftServerConfigKeys (ConfUtils.java:logGet(43)) - raft.server.log.appender.install.snapshot.enabled = false (custom)
2019-09-12 11:51:11,894 [pool-292-thread-1] INFO  impl.RaftServerImpl (ServerState.java:<init>(105)) - a4e89051-4cc5-4cb7-a8c4-6efddc76418c:group-4CAFF01426E5 ConfigurationManager, init=-1: [a4e89051-4cc5-4cb7-a8c4-6efddc76418c:192.168.157.195:44245], old=null, confs=<EMPTY_MAP>
2019-09-12 11:51:11,894 [pool-292-thread-1] INFO  server.RaftServerConfigKeys (ConfUtils.java:logGet(43)) - raft.server.storage.dir = [/workdir/hadoop-ozone/ozonefs/target/test-dir/MiniOzoneClusterImpl-2036787f-4a5c-4c85-b727-13a1bbcfb7f9/datanode-0/data/ratis] (custom)
2019-09-12 11:51:11,895 [pool-292-thread-1] INFO  storage.RaftStorageDirectory (RaftStorageDirectory.java:analyzeStorage(246)) - The storage directory /workdir/hadoop-ozone/ozonefs/target/test-dir/MiniOzoneClusterImpl-2036787f-4a5c-4c85-b727-13a1bbcfb7f9/datanode-0/data/ratis/82eeec46-922a-42db-80c6-4caff01426e5 does not exist. Creating ...
2019-09-12 11:51:11,925 [pool-292-thread-1] INFO  storage.RaftStorageDirectory (RaftStorageDirectory.java:tryLock(328)) - Lock on /workdir/hadoop-ozone/ozonefs/target/test-dir/MiniOzoneClusterImpl-2036787f-4a5c-4c85-b727-13a1bbcfb7f9/datanode-0/data/ratis/82eeec46-922a-42db-80c6-4caff01426e5/in_use.lock acquired by nodename 9769@pr-hdds-1569-xtfnx-3545843844
2019-09-12 11:51:11,950 [pool-292-thread-1] INFO  storage.RaftStorage (RaftStorage.java:format(72)) - Storage directory /workdir/hadoop-ozone/ozonefs/target/test-dir/MiniOzoneClusterImpl-2036787f-4a5c-4c85-b727-13a1bbcfb7f9/datanode-0/data/ratis/82eeec46-922a-42db-80c6-4caff01426e5 has been successfully formatted.
2019-09-12 11:51:11,951 [pool-292-thread-1] INFO  ratis.ContainerStateMachine (ContainerStateMachine.java:loadSnapshot(226)) - group-4CAFF01426E5: The snapshot info is null. Setting the last applied indexto:(t:0, i:~)
2019-09-12 11:51:11,951 [pool-292-thread-1] INFO  server.RaftServerConfigKeys (ConfUtils.java:logGet(43)) - raft.server.leader.election.timeout = 120s (custom)
2019-09-12 11:51:11,951 [pool-292-thread-1] INFO  server.RaftServerConfigKeys (ConfUtils.java:logGet(43)) - raft.server.log.use.memory = false (default)
2019-09-12 11:51:11,951 [pool-292-thread-1] INFO  server.RaftServerConfigKeys (ConfUtils.java:logGet(43)) - raft.server.log.purge.gap = 1000000 (custom)
2019-09-12 11:51:11,951 [pool-292-thread-1] INFO  server.RaftServerConfigKeys (ConfUtils.java:logGet(43)) - raft.server.log.appender.buffer.byte-limit = 33554432 (custom)
2019-09-12 11:51:11,952 [pool-292-thread-1] INFO  server.RaftServerConfigKeys (ConfUtils.java:logGet(43)) - raft.server.log.segment.size.max = 1048576 (custom)
2019-09-12 11:51:11,952 [pool-292-thread-1] INFO  server.RaftServerConfigKeys (ConfUtils.java:logGet(43)) - raft.server.log.segment.cache.num.max = 2 (custom)
2019-09-12 11:51:11,952 [pool-292-thread-1] INFO  segmented.SegmentedRaftLogWorker (SegmentedRaftLogWorker.java:<init>(172)) - new a4e89051-4cc5-4cb7-a8c4-6efddc76418c-SegmentedRaftLogWorker:Storage Directory /workdir/hadoop-ozone/ozonefs/target/test-dir/MiniOzoneClusterImpl-2036787f-4a5c-4c85-b727-13a1bbcfb7f9/datanode-0/data/ratis/82eeec46-922a-42db-80c6-4caff01426e5 for RaftStorage:Storage Directory /workdir/hadoop-ozone/ozonefs/target/test-dir/MiniOzoneClusterImpl-2036787f-4a5c-4c85-b727-13a1bbcfb7f9/datanode-0/data/ratis/82eeec46-922a-42db-80c6-4caff01426e5
2019-09-12 11:51:11,952 [pool-292-thread-1] INFO  server.RaftServerConfigKeys (ConfUtils.java:logGet(43)) - raft.server.log.queue.byte-limit = 2147483647 (custom)
2019-09-12 11:51:11,952 [pool-292-thread-1] INFO  server.RaftServerConfigKeys (ConfUtils.java:logGet(43)) - raft.server.log.queue.element-limit = 1024 (custom)
2019-09-12 11:51:11,952 [pool-292-thread-1] INFO  server.RaftServerConfigKeys (ConfUtils.java:logGet(43)) - raft.server.log.segment.size.max = 1048576 (custom)
2019-09-12 11:51:11,953 [pool-292-thread-1] INFO  server.RaftServerConfigKeys (ConfUtils.java:logGet(43)) - raft.server.log.preallocated.size = 16384 (custom)
2019-09-12 11:51:11,953 [pool-292-thread-1] INFO  server.RaftServerConfigKeys (ConfUtils.java:logGet(43)) - raft.server.log.write.buffer.size = 33554432 (custom)
2019-09-12 11:51:11,953 [pool-292-thread-1] INFO  server.RaftServerConfigKeys (ConfUtils.java:logGet(43)) - raft.server.log.force.sync.num = 128 (default)
2019-09-12 11:51:11,953 [pool-292-thread-1] INFO  server.RaftServerConfigKeys (ConfUtils.java:logGet(43)) - raft.server.log.statemachine.data.sync = true (default)
2019-09-12 11:51:11,953 [pool-292-thread-1] INFO  server.RaftServerConfigKeys (ConfUtils.java:logGet(43)) - raft.server.log.statemachine.data.sync.timeout = 10s (default)
2019-09-12 11:51:11,954 [pool-292-thread-1] INFO  server.RaftServerConfigKeys (ConfUtils.java:logGet(43)) - raft.server.log.statemachine.data.sync.timeout.retry = -1 (default)
2019-09-12 11:51:11,954 [pool-292-thread-1] INFO  server.RaftServerConfigKeys (ConfUtils.java:logGet(43)) - raft.server.log.statemachine.data.caching.enabled = true (custom)
2019-09-12 11:51:11,954 [pool-292-thread-1] INFO  segmented.SegmentedRaftLogWorker (SegmentedRaftLogWorker.java:lambda$new$0(132)) - a4e89051-4cc5-4cb7-a8c4-6efddc76418c-SegmentedRaftLogWorker:Storage Directory /workdir/hadoop-ozone/ozonefs/target/test-dir/MiniOzoneClusterImpl-2036787f-4a5c-4c85-b727-13a1bbcfb7f9/datanode-0/data/ratis/82eeec46-922a-42db-80c6-4caff01426e5: flushIndex: setUnconditionally 0 -> -1
2019-09-12 11:51:11,954 [pool-292-thread-1] INFO  server.RaftServerConfigKeys (ConfUtils.java:logGet(43)) - raft.server.snapshot.auto.trigger.enabled = true (custom)
2019-09-12 11:51:11,955 [pool-292-thread-1] INFO  server.RaftServerConfigKeys (ConfUtils.java:logGet(43)) - raft.server.snapshot.auto.trigger.threshold = 10000 (custom)
2019-09-12 11:51:11,955 [pool-292-thread-1] INFO  server.RaftServerConfigKeys (ConfUtils.java:logGet(43)) - raft.server.retrycache.expirytime = 600000ms (custom)
2019-09-12 11:51:11,955 [pool-292-thread-1] INFO  impl.RaftServerImpl (RaftServerImpl.java:start(180)) - a4e89051-4cc5-4cb7-a8c4-6efddc76418c: start group-4CAFF01426E5
2019-09-12 11:51:11,955 [pool-292-thread-1] INFO  impl.RaftServerImpl (RaftServerImpl.java:setRole(171)) - a4e89051-4cc5-4cb7-a8c4-6efddc76418c:group-4CAFF01426E5 changes role from null to FOLLOWER at term 0 for startAsFollower
2019-09-12 11:51:11,955 [pool-292-thread-1] INFO  impl.RoleInfo (RoleInfo.java:updateAndGet(143)) - a4e89051-4cc5-4cb7-a8c4-6efddc76418c: start FollowerState
2019-09-12 11:51:11,956 [pool-292-thread-1] INFO  util.JmxRegister (JmxRegister.java:tryRegister(44)) - Successfully registered JMX Bean with object name Ratis:service=RaftServer,group=group-4CAFF01426E5,id=a4e89051-4cc5-4cb7-a8c4-6efddc76418c
2019-09-12 11:51:11,959 [RatisPipelineUtilsThread] INFO  pipeline.PipelineStateManager (PipelineStateManager.java:addPipeline(56)) - Created pipeline Pipeline[ Id: 82eeec46-922a-42db-80c6-4caff01426e5, Nodes: a4e89051-4cc5-4cb7-a8c4-6efddc76418c{ip: 192.168.157.195, host: pr-hdds-1569-xtfnx-3545843844, networkLocation: /default-rack, certSerialId: null}, Type:RATIS, Factor:ONE, State:OPEN]
2019-09-12 11:51:11,959 [RatisPipelineUtilsThread] ERROR pipeline.PipelinePlacementPolicy (PipelinePlacementPolicy.java:meetCriteria(91)) - Pipeline Placement: Doesn't meet the criteria to be viable node. Heaviness: 6
2019-09-12 11:51:11,964 [grpc-default-executor-0] INFO  impl.RaftServerProxy (RaftServerProxy.java:addNew(89)) - 0c68de6a-5794-4c46-b75f-96dd4df51bcf: addNew group-A0A2EB3725E6:[0c68de6a-5794-4c46-b75f-96dd4df51bcf:192.168.157.195:40992] returns group-A0A2EB3725E6:java.util.concurrent.CompletableFuture@641bd59b[Not completed]
2019-09-12 11:51:11,966 [pool-303-thread-1] INFO  impl.RaftServerImpl (RaftServerImpl.java:<init>(93)) - 0c68de6a-5794-4c46-b75f-96dd4df51bcf: new RaftServerImpl for group-A0A2EB3725E6:[0c68de6a-5794-4c46-b75f-96dd4df51bcf:192.168.157.195:40992] with ContainerStateMachine:uninitialized
2019-09-12 11:51:11,966 [pool-303-thread-1] INFO  server.RaftServerConfigKeys (ConfUtils.java:logGet(43)) - raft.server.rpc.timeout.min = 5s (custom)
2019-09-12 11:51:11,966 [pool-303-thread-1] INFO  server.RaftServerConfigKeys (ConfUtils.java:logGet(43)) - raft.server.rpc.timeout.max = 5200ms (custom)
2019-09-12 11:51:11,966 [pool-303-thread-1] INFO  server.RaftServerConfigKeys (ConfUtils.java:logGet(43)) - raft.server.rpcslowness.timeout = 120s (custom)
2019-09-12 11:51:11,966 [pool-303-thread-1] INFO  server.RaftServerConfigKeys (ConfUtils.java:logGet(43)) - raft.server.sleep.deviation.threshold = 300 (default)
2019-09-12 11:51:11,966 [pool-303-thread-1] INFO  server.RaftServerConfigKeys (ConfUtils.java:logGet(43)) - raft.server.log.appender.install.snapshot.enabled = false (custom)
2019-09-12 11:51:11,966 [pool-303-thread-1] INFO  impl.RaftServerImpl (ServerState.java:<init>(105)) - 0c68de6a-5794-4c46-b75f-96dd4df51bcf:group-A0A2EB3725E6 ConfigurationManager, init=-1: [0c68de6a-5794-4c46-b75f-96dd4df51bcf:192.168.157.195:40992], old=null, confs=<EMPTY_MAP>
2019-09-12 11:51:11,967 [pool-303-thread-1] INFO  server.RaftServerConfigKeys (ConfUtils.java:logGet(43)) - raft.server.storage.dir = [/workdir/hadoop-ozone/ozonefs/target/test-dir/MiniOzoneClusterImpl-2036787f-4a5c-4c85-b727-13a1bbcfb7f9/datanode-1/data/ratis] (custom)
2019-09-12 11:51:11,967 [pool-303-thread-1] INFO  storage.RaftStorageDirectory (RaftStorageDirectory.java:analyzeStorage(246)) - The storage directory /workdir/hadoop-ozone/ozonefs/target/test-dir/MiniOzoneClusterImpl-2036787f-4a5c-4c85-b727-13a1bbcfb7f9/datanode-1/data/ratis/16d3b60b-7720-4155-b272-a0a2eb3725e6 does not exist. Creating ...
2019-09-12 11:51:11,980 [pool-303-thread-1] INFO  storage.RaftStorageDirectory (RaftStorageDirectory.java:tryLock(328)) - Lock on /workdir/hadoop-ozone/ozonefs/target/test-dir/MiniOzoneClusterImpl-2036787f-4a5c-4c85-b727-13a1bbcfb7f9/datanode-1/data/ratis/16d3b60b-7720-4155-b272-a0a2eb3725e6/in_use.lock acquired by nodename 9769@pr-hdds-1569-xtfnx-3545843844
2019-09-12 11:51:11,992 [pool-303-thread-1] INFO  storage.RaftStorage (RaftStorage.java:format(72)) - Storage directory /workdir/hadoop-ozone/ozonefs/target/test-dir/MiniOzoneClusterImpl-2036787f-4a5c-4c85-b727-13a1bbcfb7f9/datanode-1/data/ratis/16d3b60b-7720-4155-b272-a0a2eb3725e6 has been successfully formatted.
2019-09-12 11:51:11,992 [pool-303-thread-1] INFO  ratis.ContainerStateMachine (ContainerStateMachine.java:loadSnapshot(226)) - group-A0A2EB3725E6: The snapshot info is null. Setting the last applied indexto:(t:0, i:~)
2019-09-12 11:51:11,993 [pool-303-thread-1] INFO  server.RaftServerConfigKeys (ConfUtils.java:logGet(43)) - raft.server.leader.election.timeout = 120s (custom)
2019-09-12 11:51:11,993 [pool-303-thread-1] INFO  server.RaftServerConfigKeys (ConfUtils.java:logGet(43)) - raft.server.log.use.memory = false (default)
2019-09-12 11:51:11,993 [pool-303-thread-1] INFO  server.RaftServerConfigKeys (ConfUtils.java:logGet(43)) - raft.server.log.purge.gap = 1000000 (custom)
2019-09-12 11:51:11,993 [pool-303-thread-1] INFO  server.RaftServerConfigKeys (ConfUtils.java:logGet(43)) - raft.server.log.appender.buffer.byte-limit = 33554432 (custom)
2019-09-12 11:51:11,993 [pool-303-thread-1] INFO  server.RaftServerConfigKeys (ConfUtils.java:logGet(43)) - raft.server.log.segment.size.max = 1048576 (custom)
2019-09-12 11:51:11,993 [pool-303-thread-1] INFO  server.RaftServerConfigKeys (ConfUtils.java:logGet(43)) - raft.server.log.segment.cache.num.max = 2 (custom)
2019-09-12 11:51:11,994 [pool-303-thread-1] INFO  segmented.SegmentedRaftLogWorker (SegmentedRaftLogWorker.java:<init>(172)) - new 0c68de6a-5794-4c46-b75f-96dd4df51bcf-SegmentedRaftLogWorker:Storage Directory /workdir/hadoop-ozone/ozonefs/target/test-dir/MiniOzoneClusterImpl-2036787f-4a5c-4c85-b727-13a1bbcfb7f9/datanode-1/data/ratis/16d3b60b-7720-4155-b272-a0a2eb3725e6 for RaftStorage:Storage Directory /workdir/hadoop-ozone/ozonefs/target/test-dir/MiniOzoneClusterImpl-2036787f-4a5c-4c85-b727-13a1bbcfb7f9/datanode-1/data/ratis/16d3b60b-7720-4155-b272-a0a2eb3725e6
2019-09-12 11:51:11,994 [pool-303-thread-1] INFO  server.RaftServerConfigKeys (ConfUtils.java:logGet(43)) - raft.server.log.queue.byte-limit = 2147483647 (custom)
2019-09-12 11:51:11,994 [pool-303-thread-1] INFO  server.RaftServerConfigKeys (ConfUtils.java:logGet(43)) - raft.server.log.queue.element-limit = 1024 (custom)
2019-09-12 11:51:11,994 [pool-303-thread-1] INFO  server.RaftServerConfigKeys (ConfUtils.java:logGet(43)) - raft.server.log.segment.size.max = 1048576 (custom)
2019-09-12 11:51:11,994 [pool-303-thread-1] INFO  server.RaftServerConfigKeys (ConfUtils.java:logGet(43)) - raft.server.log.preallocated.size = 16384 (custom)
2019-09-12 11:51:11,994 [pool-303-thread-1] INFO  server.RaftServerConfigKeys (ConfUtils.java:logGet(43)) - raft.server.log.write.buffer.size = 33554432 (custom)
2019-09-12 11:51:11,994 [pool-303-thread-1] INFO  server.RaftServerConfigKeys (ConfUtils.java:logGet(43)) - raft.server.log.force.sync.num = 128 (default)
2019-09-12 11:51:11,995 [pool-303-thread-1] INFO  server.RaftServerConfigKeys (ConfUtils.java:logGet(43)) - raft.server.log.statemachine.data.sync = true (default)
2019-09-12 11:51:11,995 [pool-303-thread-1] INFO  server.RaftServerConfigKeys (ConfUtils.java:logGet(43)) - raft.server.log.statemachine.data.sync.timeout = 10s (default)
2019-09-12 11:51:11,995 [pool-303-thread-1] INFO  server.RaftServerConfigKeys (ConfUtils.java:logGet(43)) - raft.server.log.statemachine.data.sync.timeout.retry = -1 (default)
2019-09-12 11:51:11,995 [pool-303-thread-1] INFO  server.RaftServerConfigKeys (ConfUtils.java:logGet(43)) - raft.server.log.statemachine.data.caching.enabled = true (custom)
2019-09-12 11:51:11,995 [pool-303-thread-1] INFO  segmented.SegmentedRaftLogWorker (SegmentedRaftLogWorker.java:lambda$new$0(132)) - 0c68de6a-5794-4c46-b75f-96dd4df51bcf-SegmentedRaftLogWorker:Storage Directory /workdir/hadoop-ozone/ozonefs/target/test-dir/MiniOzoneClusterImpl-2036787f-4a5c-4c85-b727-13a1bbcfb7f9/datanode-1/data/ratis/16d3b60b-7720-4155-b272-a0a2eb3725e6: flushIndex: setUnconditionally 0 -> -1
2019-09-12 11:51:11,996 [pool-303-thread-1] INFO  server.RaftServerConfigKeys (ConfUtils.java:logGet(43)) - raft.server.snapshot.auto.trigger.enabled = true (custom)
2019-09-12 11:51:11,996 [pool-303-thread-1] INFO  server.RaftServerConfigKeys (ConfUtils.java:logGet(43)) - raft.server.snapshot.auto.trigger.threshold = 10000 (custom)
2019-09-12 11:51:11,996 [pool-303-thread-1] INFO  server.RaftServerConfigKeys (ConfUtils.java:logGet(43)) - raft.server.retrycache.expirytime = 600000ms (custom)
2019-09-12 11:51:11,996 [pool-303-thread-1] INFO  impl.RaftServerImpl (RaftServerImpl.java:start(180)) - 0c68de6a-5794-4c46-b75f-96dd4df51bcf: start group-A0A2EB3725E6
2019-09-12 11:51:11,996 [pool-303-thread-1] INFO  impl.RaftServerImpl (RaftServerImpl.java:setRole(171)) - 0c68de6a-5794-4c46-b75f-96dd4df51bcf:group-A0A2EB3725E6 changes role from null to FOLLOWER at term 0 for startAsFollower
2019-09-12 11:51:11,996 [pool-303-thread-1] INFO  impl.RoleInfo (RoleInfo.java:updateAndGet(143)) - 0c68de6a-5794-4c46-b75f-96dd4df51bcf: start FollowerState
2019-09-12 11:51:11,997 [pool-303-thread-1] INFO  util.JmxRegister (JmxRegister.java:tryRegister(44)) - Successfully registered JMX Bean with object name Ratis:service=RaftServer,group=group-A0A2EB3725E6,id=0c68de6a-5794-4c46-b75f-96dd4df51bcf
2019-09-12 11:51:12,000 [RatisPipelineUtilsThread] INFO  pipeline.PipelineStateManager (PipelineStateManager.java:addPipeline(56)) - Created pipeline Pipeline[ Id: 16d3b60b-7720-4155-b272-a0a2eb3725e6, Nodes: 0c68de6a-5794-4c46-b75f-96dd4df51bcf{ip: 192.168.157.195, host: pr-hdds-1569-xtfnx-3545843844, networkLocation: /default-rack, certSerialId: null}, Type:RATIS, Factor:ONE, State:OPEN]
2019-09-12 11:51:12,000 [RatisPipelineUtilsThread] ERROR pipeline.PipelinePlacementPolicy (PipelinePlacementPolicy.java:meetCriteria(91)) - Pipeline Placement: Doesn't meet the criteria to be viable node. Heaviness: 6
2019-09-12 11:51:12,003 [main] INFO  ozone.MiniOzoneClusterImpl (MiniOzoneClusterImpl.java:lambda$waitForClusterToBeReady$0(142)) - Waiting for cluster to be ready. Got 2 of 3 DN Heartbeats.
2019-09-12 11:51:12,005 [grpc-default-executor-0] INFO  impl.RaftServerProxy (RaftServerProxy.java:addNew(89)) - 0c68de6a-5794-4c46-b75f-96dd4df51bcf: addNew group-1F8CEF61183A:[0c68de6a-5794-4c46-b75f-96dd4df51bcf:192.168.157.195:40992] returns group-1F8CEF61183A:java.util.concurrent.CompletableFuture@62f6dd76[Not completed]
2019-09-12 11:51:12,006 [IPC Server handler 3 on 40128] INFO  net.NetworkTopology (NetworkTopologyImpl.java:add(110)) - Added a new node: /default-rack/ebc8f44e-82c8-4fec-8a1c-a2914bafe39a
2019-09-12 11:51:12,006 [IPC Server handler 3 on 40128] INFO  node.SCMNodeManager (SCMNodeManager.java:register(273)) - Registered Data node : ebc8f44e-82c8-4fec-8a1c-a2914bafe39a{ip: 192.168.157.195, host: pr-hdds-1569-xtfnx-3545843844, networkLocation: /default-rack, certSerialId: null}
2019-09-12 11:51:12,006 [pool-303-thread-1] INFO  impl.RaftServerImpl (RaftServerImpl.java:<init>(93)) - 0c68de6a-5794-4c46-b75f-96dd4df51bcf: new RaftServerImpl for group-1F8CEF61183A:[0c68de6a-5794-4c46-b75f-96dd4df51bcf:192.168.157.195:40992] with ContainerStateMachine:uninitialized
2019-09-12 11:51:12,006 [pool-303-thread-1] INFO  server.RaftServerConfigKeys (ConfUtils.java:logGet(43)) - raft.server.rpc.timeout.min = 5s (custom)
2019-09-12 11:51:12,006 [pool-303-thread-1] INFO  server.RaftServerConfigKeys (ConfUtils.java:logGet(43)) - raft.server.rpc.timeout.max = 5200ms (custom)
2019-09-12 11:51:12,006 | INFO  | SCMAudit | user=jenkins1000 | ip=192.168.157.195 | op=REGISTER {datanodeDetails=ebc8f44e-82c8-4fec-8a1c-a2914bafe39a{ip: 192.168.157.195, host: pr-hdds-1569-xtfnx-3545843844, networkLocation: /default-rack, certSerialId: null}} | ret=SUCCESS |  
2019-09-12 11:51:12,006 [pool-303-thread-1] INFO  server.RaftServerConfigKeys (ConfUtils.java:logGet(43)) - raft.server.rpcslowness.timeout = 120s (custom)
2019-09-12 11:51:12,007 [pool-303-thread-1] INFO  server.RaftServerConfigKeys (ConfUtils.java:logGet(43)) - raft.server.sleep.deviation.threshold = 300 (default)
2019-09-12 11:51:12,007 [pool-303-thread-1] INFO  server.RaftServerConfigKeys (ConfUtils.java:logGet(43)) - raft.server.log.appender.install.snapshot.enabled = false (custom)
2019-09-12 11:51:12,007 [pool-303-thread-1] INFO  impl.RaftServerImpl (ServerState.java:<init>(105)) - 0c68de6a-5794-4c46-b75f-96dd4df51bcf:group-1F8CEF61183A ConfigurationManager, init=-1: [0c68de6a-5794-4c46-b75f-96dd4df51bcf:192.168.157.195:40992], old=null, confs=<EMPTY_MAP>
2019-09-12 11:51:12,007 [pool-303-thread-1] INFO  server.RaftServerConfigKeys (ConfUtils.java:logGet(43)) - raft.server.storage.dir = [/workdir/hadoop-ozone/ozonefs/target/test-dir/MiniOzoneClusterImpl-2036787f-4a5c-4c85-b727-13a1bbcfb7f9/datanode-1/data/ratis] (custom)
2019-09-12 11:51:12,007 [pool-303-thread-1] INFO  storage.RaftStorageDirectory (RaftStorageDirectory.java:analyzeStorage(246)) - The storage directory /workdir/hadoop-ozone/ozonefs/target/test-dir/MiniOzoneClusterImpl-2036787f-4a5c-4c85-b727-13a1bbcfb7f9/datanode-1/data/ratis/91364742-13ae-45b3-ac78-1f8cef61183a does not exist. Creating ...
2019-09-12 11:51:12,020 [pool-303-thread-1] INFO  storage.RaftStorageDirectory (RaftStorageDirectory.java:tryLock(328)) - Lock on /workdir/hadoop-ozone/ozonefs/target/test-dir/MiniOzoneClusterImpl-2036787f-4a5c-4c85-b727-13a1bbcfb7f9/datanode-1/data/ratis/91364742-13ae-45b3-ac78-1f8cef61183a/in_use.lock acquired by nodename 9769@pr-hdds-1569-xtfnx-3545843844
2019-09-12 11:51:12,032 [pool-303-thread-1] INFO  storage.RaftStorage (RaftStorage.java:format(72)) - Storage directory /workdir/hadoop-ozone/ozonefs/target/test-dir/MiniOzoneClusterImpl-2036787f-4a5c-4c85-b727-13a1bbcfb7f9/datanode-1/data/ratis/91364742-13ae-45b3-ac78-1f8cef61183a has been successfully formatted.
2019-09-12 11:51:12,033 [pool-303-thread-1] INFO  ratis.ContainerStateMachine (ContainerStateMachine.java:loadSnapshot(226)) - group-1F8CEF61183A: The snapshot info is null. Setting the last applied indexto:(t:0, i:~)
2019-09-12 11:51:12,033 [pool-303-thread-1] INFO  server.RaftServerConfigKeys (ConfUtils.java:logGet(43)) - raft.server.leader.election.timeout = 120s (custom)
2019-09-12 11:51:12,033 [pool-303-thread-1] INFO  server.RaftServerConfigKeys (ConfUtils.java:logGet(43)) - raft.server.log.use.memory = false (default)
2019-09-12 11:51:12,033 [pool-303-thread-1] INFO  server.RaftServerConfigKeys (ConfUtils.java:logGet(43)) - raft.server.log.purge.gap = 1000000 (custom)
2019-09-12 11:51:12,033 [pool-303-thread-1] INFO  server.RaftServerConfigKeys (ConfUtils.java:logGet(43)) - raft.server.log.appender.buffer.byte-limit = 33554432 (custom)
2019-09-12 11:51:12,033 [pool-303-thread-1] INFO  server.RaftServerConfigKeys (ConfUtils.java:logGet(43)) - raft.server.log.segment.size.max = 1048576 (custom)
2019-09-12 11:51:12,034 [pool-303-thread-1] INFO  server.RaftServerConfigKeys (ConfUtils.java:logGet(43)) - raft.server.log.segment.cache.num.max = 2 (custom)
2019-09-12 11:51:12,034 [pool-303-thread-1] INFO  segmented.SegmentedRaftLogWorker (SegmentedRaftLogWorker.java:<init>(172)) - new 0c68de6a-5794-4c46-b75f-96dd4df51bcf-SegmentedRaftLogWorker:Storage Directory /workdir/hadoop-ozone/ozonefs/target/test-dir/MiniOzoneClusterImpl-2036787f-4a5c-4c85-b727-13a1bbcfb7f9/datanode-1/data/ratis/91364742-13ae-45b3-ac78-1f8cef61183a for RaftStorage:Storage Directory /workdir/hadoop-ozone/ozonefs/target/test-dir/MiniOzoneClusterImpl-2036787f-4a5c-4c85-b727-13a1bbcfb7f9/datanode-1/data/ratis/91364742-13ae-45b3-ac78-1f8cef61183a
2019-09-12 11:51:12,034 [pool-303-thread-1] INFO  server.RaftServerConfigKeys (ConfUtils.java:logGet(43)) - raft.server.log.queue.byte-limit = 2147483647 (custom)
2019-09-12 11:51:12,034 [pool-303-thread-1] INFO  server.RaftServerConfigKeys (ConfUtils.java:logGet(43)) - raft.server.log.queue.element-limit = 1024 (custom)
2019-09-12 11:51:12,034 [pool-303-thread-1] INFO  server.RaftServerConfigKeys (ConfUtils.java:logGet(43)) - raft.server.log.segment.size.max = 1048576 (custom)
2019-09-12 11:51:12,034 [pool-303-thread-1] INFO  server.RaftServerConfigKeys (ConfUtils.java:logGet(43)) - raft.server.log.preallocated.size = 16384 (custom)
2019-09-12 11:51:12,034 [pool-303-thread-1] INFO  server.RaftServerConfigKeys (ConfUtils.java:logGet(43)) - raft.server.log.write.buffer.size = 33554432 (custom)
2019-09-12 11:51:12,034 [pool-303-thread-1] INFO  server.RaftServerConfigKeys (ConfUtils.java:logGet(43)) - raft.server.log.force.sync.num = 128 (default)
2019-09-12 11:51:12,035 [pool-303-thread-1] INFO  server.RaftServerConfigKeys (ConfUtils.java:logGet(43)) - raft.server.log.statemachine.data.sync = true (default)
2019-09-12 11:51:12,035 [pool-303-thread-1] INFO  server.RaftServerConfigKeys (ConfUtils.java:logGet(43)) - raft.server.log.statemachine.data.sync.timeout = 10s (default)
2019-09-12 11:51:12,035 [pool-303-thread-1] INFO  server.RaftServerConfigKeys (ConfUtils.java:logGet(43)) - raft.server.log.statemachine.data.sync.timeout.retry = -1 (default)
2019-09-12 11:51:12,035 [pool-303-thread-1] INFO  server.RaftServerConfigKeys (ConfUtils.java:logGet(43)) - raft.server.log.statemachine.data.caching.enabled = true (custom)
2019-09-12 11:51:12,035 [pool-303-thread-1] INFO  segmented.SegmentedRaftLogWorker (SegmentedRaftLogWorker.java:lambda$new$0(132)) - 0c68de6a-5794-4c46-b75f-96dd4df51bcf-SegmentedRaftLogWorker:Storage Directory /workdir/hadoop-ozone/ozonefs/target/test-dir/MiniOzoneClusterImpl-2036787f-4a5c-4c85-b727-13a1bbcfb7f9/datanode-1/data/ratis/91364742-13ae-45b3-ac78-1f8cef61183a: flushIndex: setUnconditionally 0 -> -1
2019-09-12 11:51:12,036 [pool-303-thread-1] INFO  server.RaftServerConfigKeys (ConfUtils.java:logGet(43)) - raft.server.snapshot.auto.trigger.enabled = true (custom)
2019-09-12 11:51:12,036 [pool-303-thread-1] INFO  server.RaftServerConfigKeys (ConfUtils.java:logGet(43)) - raft.server.snapshot.auto.trigger.threshold = 10000 (custom)
2019-09-12 11:51:12,036 [pool-303-thread-1] INFO  server.RaftServerConfigKeys (ConfUtils.java:logGet(43)) - raft.server.retrycache.expirytime = 600000ms (custom)
2019-09-12 11:51:12,036 [pool-303-thread-1] INFO  impl.RaftServerImpl (RaftServerImpl.java:start(180)) - 0c68de6a-5794-4c46-b75f-96dd4df51bcf: start group-1F8CEF61183A
2019-09-12 11:51:12,036 [pool-303-thread-1] INFO  impl.RaftServerImpl (RaftServerImpl.java:setRole(171)) - 0c68de6a-5794-4c46-b75f-96dd4df51bcf:group-1F8CEF61183A changes role from null to FOLLOWER at term 0 for startAsFollower
2019-09-12 11:51:12,036 [pool-303-thread-1] INFO  impl.RoleInfo (RoleInfo.java:updateAndGet(143)) - 0c68de6a-5794-4c46-b75f-96dd4df51bcf: start FollowerState
2019-09-12 11:51:12,037 [pool-303-thread-1] INFO  util.JmxRegister (JmxRegister.java:tryRegister(44)) - Successfully registered JMX Bean with object name Ratis:service=RaftServer,group=group-1F8CEF61183A,id=0c68de6a-5794-4c46-b75f-96dd4df51bcf
2019-09-12 11:51:12,039 [RatisPipelineUtilsThread] INFO  pipeline.PipelineStateManager (PipelineStateManager.java:addPipeline(56)) - Created pipeline Pipeline[ Id: 91364742-13ae-45b3-ac78-1f8cef61183a, Nodes: 0c68de6a-5794-4c46-b75f-96dd4df51bcf{ip: 192.168.157.195, host: pr-hdds-1569-xtfnx-3545843844, networkLocation: /default-rack, certSerialId: null}, Type:RATIS, Factor:ONE, State:OPEN]
2019-09-12 11:51:12,040 [RatisPipelineUtilsThread] ERROR pipeline.PipelinePlacementPolicy (PipelinePlacementPolicy.java:meetCriteria(91)) - Pipeline Placement: Doesn't meet the criteria to be viable node. Heaviness: 6
2019-09-12 11:51:12,045 [grpc-default-executor-0] INFO  impl.RaftServerProxy (RaftServerProxy.java:addNew(89)) - 0c68de6a-5794-4c46-b75f-96dd4df51bcf: addNew group-DD2E326F9185:[0c68de6a-5794-4c46-b75f-96dd4df51bcf:192.168.157.195:40992] returns group-DD2E326F9185:java.util.concurrent.CompletableFuture@f39e8c4[Not completed]
2019-09-12 11:51:12,046 [pool-303-thread-1] INFO  impl.RaftServerImpl (RaftServerImpl.java:<init>(93)) - 0c68de6a-5794-4c46-b75f-96dd4df51bcf: new RaftServerImpl for group-DD2E326F9185:[0c68de6a-5794-4c46-b75f-96dd4df51bcf:192.168.157.195:40992] with ContainerStateMachine:uninitialized
2019-09-12 11:51:12,046 [pool-303-thread-1] INFO  server.RaftServerConfigKeys (ConfUtils.java:logGet(43)) - raft.server.rpc.timeout.min = 5s (custom)
2019-09-12 11:51:12,046 [pool-303-thread-1] INFO  server.RaftServerConfigKeys (ConfUtils.java:logGet(43)) - raft.server.rpc.timeout.max = 5200ms (custom)
2019-09-12 11:51:12,046 [pool-303-thread-1] INFO  server.RaftServerConfigKeys (ConfUtils.java:logGet(43)) - raft.server.rpcslowness.timeout = 120s (custom)
2019-09-12 11:51:12,046 [pool-303-thread-1] INFO  server.RaftServerConfigKeys (ConfUtils.java:logGet(43)) - raft.server.sleep.deviation.threshold = 300 (default)
2019-09-12 11:51:12,046 [pool-303-thread-1] INFO  server.RaftServerConfigKeys (ConfUtils.java:logGet(43)) - raft.server.log.appender.install.snapshot.enabled = false (custom)
2019-09-12 11:51:12,046 [pool-303-thread-1] INFO  impl.RaftServerImpl (ServerState.java:<init>(105)) - 0c68de6a-5794-4c46-b75f-96dd4df51bcf:group-DD2E326F9185 ConfigurationManager, init=-1: [0c68de6a-5794-4c46-b75f-96dd4df51bcf:192.168.157.195:40992], old=null, confs=<EMPTY_MAP>
2019-09-12 11:51:12,046 [pool-303-thread-1] INFO  server.RaftServerConfigKeys (ConfUtils.java:logGet(43)) - raft.server.storage.dir = [/workdir/hadoop-ozone/ozonefs/target/test-dir/MiniOzoneClusterImpl-2036787f-4a5c-4c85-b727-13a1bbcfb7f9/datanode-1/data/ratis] (custom)
2019-09-12 11:51:12,047 [pool-303-thread-1] INFO  storage.RaftStorageDirectory (RaftStorageDirectory.java:analyzeStorage(246)) - The storage directory /workdir/hadoop-ozone/ozonefs/target/test-dir/MiniOzoneClusterImpl-2036787f-4a5c-4c85-b727-13a1bbcfb7f9/datanode-1/data/ratis/548d8a07-1394-4864-84a1-dd2e326f9185 does not exist. Creating ...
2019-09-12 11:51:12,061 [pool-303-thread-1] INFO  storage.RaftStorageDirectory (RaftStorageDirectory.java:tryLock(328)) - Lock on /workdir/hadoop-ozone/ozonefs/target/test-dir/MiniOzoneClusterImpl-2036787f-4a5c-4c85-b727-13a1bbcfb7f9/datanode-1/data/ratis/548d8a07-1394-4864-84a1-dd2e326f9185/in_use.lock acquired by nodename 9769@pr-hdds-1569-xtfnx-3545843844
2019-09-12 11:51:12,073 [pool-303-thread-1] INFO  storage.RaftStorage (RaftStorage.java:format(72)) - Storage directory /workdir/hadoop-ozone/ozonefs/target/test-dir/MiniOzoneClusterImpl-2036787f-4a5c-4c85-b727-13a1bbcfb7f9/datanode-1/data/ratis/548d8a07-1394-4864-84a1-dd2e326f9185 has been successfully formatted.
2019-09-12 11:51:12,073 [pool-303-thread-1] INFO  ratis.ContainerStateMachine (ContainerStateMachine.java:loadSnapshot(226)) - group-DD2E326F9185: The snapshot info is null. Setting the last applied indexto:(t:0, i:~)
2019-09-12 11:51:12,074 [pool-303-thread-1] INFO  server.RaftServerConfigKeys (ConfUtils.java:logGet(43)) - raft.server.leader.election.timeout = 120s (custom)
2019-09-12 11:51:12,074 [pool-303-thread-1] INFO  server.RaftServerConfigKeys (ConfUtils.java:logGet(43)) - raft.server.log.use.memory = false (default)
2019-09-12 11:51:12,074 [pool-303-thread-1] INFO  server.RaftServerConfigKeys (ConfUtils.java:logGet(43)) - raft.server.log.purge.gap = 1000000 (custom)
2019-09-12 11:51:12,074 [pool-303-thread-1] INFO  server.RaftServerConfigKeys (ConfUtils.java:logGet(43)) - raft.server.log.appender.buffer.byte-limit = 33554432 (custom)
2019-09-12 11:51:12,074 [pool-303-thread-1] INFO  server.RaftServerConfigKeys (ConfUtils.java:logGet(43)) - raft.server.log.segment.size.max = 1048576 (custom)
2019-09-12 11:51:12,074 [pool-303-thread-1] INFO  server.RaftServerConfigKeys (ConfUtils.java:logGet(43)) - raft.server.log.segment.cache.num.max = 2 (custom)
2019-09-12 11:51:12,074 [pool-303-thread-1] INFO  segmented.SegmentedRaftLogWorker (SegmentedRaftLogWorker.java:<init>(172)) - new 0c68de6a-5794-4c46-b75f-96dd4df51bcf-SegmentedRaftLogWorker:Storage Directory /workdir/hadoop-ozone/ozonefs/target/test-dir/MiniOzoneClusterImpl-2036787f-4a5c-4c85-b727-13a1bbcfb7f9/datanode-1/data/ratis/548d8a07-1394-4864-84a1-dd2e326f9185 for RaftStorage:Storage Directory /workdir/hadoop-ozone/ozonefs/target/test-dir/MiniOzoneClusterImpl-2036787f-4a5c-4c85-b727-13a1bbcfb7f9/datanode-1/data/ratis/548d8a07-1394-4864-84a1-dd2e326f9185
2019-09-12 11:51:12,074 [pool-303-thread-1] INFO  server.RaftServerConfigKeys (ConfUtils.java:logGet(43)) - raft.server.log.queue.byte-limit = 2147483647 (custom)
2019-09-12 11:51:12,075 [pool-303-thread-1] INFO  server.RaftServerConfigKeys (ConfUtils.java:logGet(43)) - raft.server.log.queue.element-limit = 1024 (custom)
2019-09-12 11:51:12,075 [pool-303-thread-1] INFO  server.RaftServerConfigKeys (ConfUtils.java:logGet(43)) - raft.server.log.segment.size.max = 1048576 (custom)
2019-09-12 11:51:12,075 [pool-303-thread-1] INFO  server.RaftServerConfigKeys (ConfUtils.java:logGet(43)) - raft.server.log.preallocated.size = 16384 (custom)
2019-09-12 11:51:12,075 [pool-303-thread-1] INFO  server.RaftServerConfigKeys (ConfUtils.java:logGet(43)) - raft.server.log.write.buffer.size = 33554432 (custom)
2019-09-12 11:51:12,075 [pool-303-thread-1] INFO  server.RaftServerConfigKeys (ConfUtils.java:logGet(43)) - raft.server.log.force.sync.num = 128 (default)
2019-09-12 11:51:12,075 [pool-303-thread-1] INFO  server.RaftServerConfigKeys (ConfUtils.java:logGet(43)) - raft.server.log.statemachine.data.sync = true (default)
2019-09-12 11:51:12,075 [pool-303-thread-1] INFO  server.RaftServerConfigKeys (ConfUtils.java:logGet(43)) - raft.server.log.statemachine.data.sync.timeout = 10s (default)
2019-09-12 11:51:12,075 [pool-303-thread-1] INFO  server.RaftServerConfigKeys (ConfUtils.java:logGet(43)) - raft.server.log.statemachine.data.sync.timeout.retry = -1 (default)
2019-09-12 11:51:12,076 [pool-303-thread-1] INFO  server.RaftServerConfigKeys (ConfUtils.java:logGet(43)) - raft.server.log.statemachine.data.caching.enabled = true (custom)
2019-09-12 11:51:12,076 [pool-303-thread-1] INFO  segmented.SegmentedRaftLogWorker (SegmentedRaftLogWorker.java:lambda$new$0(132)) - 0c68de6a-5794-4c46-b75f-96dd4df51bcf-SegmentedRaftLogWorker:Storage Directory /workdir/hadoop-ozone/ozonefs/target/test-dir/MiniOzoneClusterImpl-2036787f-4a5c-4c85-b727-13a1bbcfb7f9/datanode-1/data/ratis/548d8a07-1394-4864-84a1-dd2e326f9185: flushIndex: setUnconditionally 0 -> -1
2019-09-12 11:51:12,076 [pool-303-thread-1] INFO  server.RaftServerConfigKeys (ConfUtils.java:logGet(43)) - raft.server.snapshot.auto.trigger.enabled = true (custom)
2019-09-12 11:51:12,076 [pool-303-thread-1] INFO  server.RaftServerConfigKeys (ConfUtils.java:logGet(43)) - raft.server.snapshot.auto.trigger.threshold = 10000 (custom)
2019-09-12 11:51:12,076 [pool-303-thread-1] INFO  server.RaftServerConfigKeys (ConfUtils.java:logGet(43)) - raft.server.retrycache.expirytime = 600000ms (custom)
2019-09-12 11:51:12,077 [pool-303-thread-1] INFO  impl.RaftServerImpl (RaftServerImpl.java:start(180)) - 0c68de6a-5794-4c46-b75f-96dd4df51bcf: start group-DD2E326F9185
2019-09-12 11:51:12,077 [pool-303-thread-1] INFO  impl.RaftServerImpl (RaftServerImpl.java:setRole(171)) - 0c68de6a-5794-4c46-b75f-96dd4df51bcf:group-DD2E326F9185 changes role from null to FOLLOWER at term 0 for startAsFollower
2019-09-12 11:51:12,077 [pool-303-thread-1] INFO  impl.RoleInfo (RoleInfo.java:updateAndGet(143)) - 0c68de6a-5794-4c46-b75f-96dd4df51bcf: start FollowerState
2019-09-12 11:51:12,077 [pool-303-thread-1] INFO  util.JmxRegister (JmxRegister.java:tryRegister(44)) - Successfully registered JMX Bean with object name Ratis:service=RaftServer,group=group-DD2E326F9185,id=0c68de6a-5794-4c46-b75f-96dd4df51bcf
2019-09-12 11:51:12,080 [RatisPipelineUtilsThread] INFO  pipeline.PipelineStateManager (PipelineStateManager.java:addPipeline(56)) - Created pipeline Pipeline[ Id: 548d8a07-1394-4864-84a1-dd2e326f9185, Nodes: 0c68de6a-5794-4c46-b75f-96dd4df51bcf{ip: 192.168.157.195, host: pr-hdds-1569-xtfnx-3545843844, networkLocation: /default-rack, certSerialId: null}, Type:RATIS, Factor:ONE, State:OPEN]
2019-09-12 11:51:12,081 [RatisPipelineUtilsThread] ERROR pipeline.PipelinePlacementPolicy (PipelinePlacementPolicy.java:meetCriteria(91)) - Pipeline Placement: Doesn't meet the criteria to be viable node. Heaviness: 6
2019-09-12 11:51:12,089 [grpc-default-executor-0] INFO  impl.RaftServerProxy (RaftServerProxy.java:addNew(89)) - ebc8f44e-82c8-4fec-8a1c-a2914bafe39a: addNew group-8CEF8147E005:[ebc8f44e-82c8-4fec-8a1c-a2914bafe39a:192.168.157.195:44850] returns group-8CEF8147E005:java.util.concurrent.CompletableFuture@1b7a5f9e[Not completed]
2019-09-12 11:51:12,090 [pool-314-thread-1] INFO  impl.RaftServerImpl (RaftServerImpl.java:<init>(93)) - ebc8f44e-82c8-4fec-8a1c-a2914bafe39a: new RaftServerImpl for group-8CEF8147E005:[ebc8f44e-82c8-4fec-8a1c-a2914bafe39a:192.168.157.195:44850] with ContainerStateMachine:uninitialized
2019-09-12 11:51:12,090 [pool-314-thread-1] INFO  server.RaftServerConfigKeys (ConfUtils.java:logGet(43)) - raft.server.rpc.timeout.min = 5s (custom)
2019-09-12 11:51:12,090 [pool-314-thread-1] INFO  server.RaftServerConfigKeys (ConfUtils.java:logGet(43)) - raft.server.rpc.timeout.max = 5200ms (custom)
2019-09-12 11:51:12,090 [pool-314-thread-1] INFO  server.RaftServerConfigKeys (ConfUtils.java:logGet(43)) - raft.server.rpcslowness.timeout = 120s (custom)
2019-09-12 11:51:12,090 [pool-314-thread-1] INFO  server.RaftServerConfigKeys (ConfUtils.java:logGet(43)) - raft.server.sleep.deviation.threshold = 300 (default)
2019-09-12 11:51:12,090 [pool-314-thread-1] INFO  server.RaftServerConfigKeys (ConfUtils.java:logGet(43)) - raft.server.log.appender.install.snapshot.enabled = false (custom)
2019-09-12 11:51:12,090 [pool-314-thread-1] INFO  impl.RaftServerImpl (ServerState.java:<init>(105)) - ebc8f44e-82c8-4fec-8a1c-a2914bafe39a:group-8CEF8147E005 ConfigurationManager, init=-1: [ebc8f44e-82c8-4fec-8a1c-a2914bafe39a:192.168.157.195:44850], old=null, confs=<EMPTY_MAP>
2019-09-12 11:51:12,091 [pool-314-thread-1] INFO  server.RaftServerConfigKeys (ConfUtils.java:logGet(43)) - raft.server.storage.dir = [/workdir/hadoop-ozone/ozonefs/target/test-dir/MiniOzoneClusterImpl-2036787f-4a5c-4c85-b727-13a1bbcfb7f9/datanode-2/data/ratis] (custom)
2019-09-12 11:51:12,091 [pool-314-thread-1] INFO  storage.RaftStorageDirectory (RaftStorageDirectory.java:analyzeStorage(246)) - The storage directory /workdir/hadoop-ozone/ozonefs/target/test-dir/MiniOzoneClusterImpl-2036787f-4a5c-4c85-b727-13a1bbcfb7f9/datanode-2/data/ratis/84272618-870e-47b2-a34a-8cef8147e005 does not exist. Creating ...
2019-09-12 11:51:12,112 [pool-314-thread-1] INFO  storage.RaftStorageDirectory (RaftStorageDirectory.java:tryLock(328)) - Lock on /workdir/hadoop-ozone/ozonefs/target/test-dir/MiniOzoneClusterImpl-2036787f-4a5c-4c85-b727-13a1bbcfb7f9/datanode-2/data/ratis/84272618-870e-47b2-a34a-8cef8147e005/in_use.lock acquired by nodename 9769@pr-hdds-1569-xtfnx-3545843844
2019-09-12 11:51:12,138 [pool-314-thread-1] INFO  storage.RaftStorage (RaftStorage.java:format(72)) - Storage directory /workdir/hadoop-ozone/ozonefs/target/test-dir/MiniOzoneClusterImpl-2036787f-4a5c-4c85-b727-13a1bbcfb7f9/datanode-2/data/ratis/84272618-870e-47b2-a34a-8cef8147e005 has been successfully formatted.
2019-09-12 11:51:12,138 [pool-314-thread-1] INFO  ratis.ContainerStateMachine (ContainerStateMachine.java:loadSnapshot(226)) - group-8CEF8147E005: The snapshot info is null. Setting the last applied indexto:(t:0, i:~)
2019-09-12 11:51:12,138 [pool-314-thread-1] INFO  server.RaftServerConfigKeys (ConfUtils.java:logGet(43)) - raft.server.leader.election.timeout = 120s (custom)
2019-09-12 11:51:12,138 [pool-314-thread-1] INFO  server.RaftServerConfigKeys (ConfUtils.java:logGet(43)) - raft.server.log.use.memory = false (default)
2019-09-12 11:51:12,138 [pool-314-thread-1] INFO  server.RaftServerConfigKeys (ConfUtils.java:logGet(43)) - raft.server.log.purge.gap = 1000000 (custom)
2019-09-12 11:51:12,139 [pool-314-thread-1] INFO  server.RaftServerConfigKeys (ConfUtils.java:logGet(43)) - raft.server.log.appender.buffer.byte-limit = 33554432 (custom)
2019-09-12 11:51:12,139 [pool-314-thread-1] INFO  server.RaftServerConfigKeys (ConfUtils.java:logGet(43)) - raft.server.log.segment.size.max = 1048576 (custom)
2019-09-12 11:51:12,139 [pool-314-thread-1] INFO  server.RaftServerConfigKeys (ConfUtils.java:logGet(43)) - raft.server.log.segment.cache.num.max = 2 (custom)
2019-09-12 11:51:12,139 [pool-314-thread-1] INFO  segmented.SegmentedRaftLogWorker (SegmentedRaftLogWorker.java:<init>(172)) - new ebc8f44e-82c8-4fec-8a1c-a2914bafe39a-SegmentedRaftLogWorker:Storage Directory /workdir/hadoop-ozone/ozonefs/target/test-dir/MiniOzoneClusterImpl-2036787f-4a5c-4c85-b727-13a1bbcfb7f9/datanode-2/data/ratis/84272618-870e-47b2-a34a-8cef8147e005 for RaftStorage:Storage Directory /workdir/hadoop-ozone/ozonefs/target/test-dir/MiniOzoneClusterImpl-2036787f-4a5c-4c85-b727-13a1bbcfb7f9/datanode-2/data/ratis/84272618-870e-47b2-a34a-8cef8147e005
2019-09-12 11:51:12,139 [pool-314-thread-1] INFO  server.RaftServerConfigKeys (ConfUtils.java:logGet(43)) - raft.server.log.queue.byte-limit = 2147483647 (custom)
2019-09-12 11:51:12,140 [pool-314-thread-1] INFO  server.RaftServerConfigKeys (ConfUtils.java:logGet(43)) - raft.server.log.queue.element-limit = 1024 (custom)
2019-09-12 11:51:12,140 [pool-314-thread-1] INFO  server.RaftServerConfigKeys (ConfUtils.java:logGet(43)) - raft.server.log.segment.size.max = 1048576 (custom)
2019-09-12 11:51:12,140 [pool-314-thread-1] INFO  server.RaftServerConfigKeys (ConfUtils.java:logGet(43)) - raft.server.log.preallocated.size = 16384 (custom)
2019-09-12 11:51:12,140 [pool-314-thread-1] INFO  server.RaftServerConfigKeys (ConfUtils.java:logGet(43)) - raft.server.log.write.buffer.size = 33554432 (custom)
2019-09-12 11:51:12,140 [pool-314-thread-1] INFO  server.RaftServerConfigKeys (ConfUtils.java:logGet(43)) - raft.server.log.force.sync.num = 128 (default)
2019-09-12 11:51:12,140 [pool-314-thread-1] INFO  server.RaftServerConfigKeys (ConfUtils.java:logGet(43)) - raft.server.log.statemachine.data.sync = true (default)
2019-09-12 11:51:12,141 [pool-314-thread-1] INFO  server.RaftServerConfigKeys (ConfUtils.java:logGet(43)) - raft.server.log.statemachine.data.sync.timeout = 10s (default)
2019-09-12 11:51:12,141 [pool-314-thread-1] INFO  server.RaftServerConfigKeys (ConfUtils.java:logGet(43)) - raft.server.log.statemachine.data.sync.timeout.retry = -1 (default)
2019-09-12 11:51:12,141 [pool-314-thread-1] INFO  server.RaftServerConfigKeys (ConfUtils.java:logGet(43)) - raft.server.log.statemachine.data.caching.enabled = true (custom)
2019-09-12 11:51:12,142 [pool-314-thread-1] INFO  segmented.SegmentedRaftLogWorker (SegmentedRaftLogWorker.java:lambda$new$0(132)) - ebc8f44e-82c8-4fec-8a1c-a2914bafe39a-SegmentedRaftLogWorker:Storage Directory /workdir/hadoop-ozone/ozonefs/target/test-dir/MiniOzoneClusterImpl-2036787f-4a5c-4c85-b727-13a1bbcfb7f9/datanode-2/data/ratis/84272618-870e-47b2-a34a-8cef8147e005: flushIndex: setUnconditionally 0 -> -1
2019-09-12 11:51:12,142 [pool-314-thread-1] INFO  server.RaftServerConfigKeys (ConfUtils.java:logGet(43)) - raft.server.snapshot.auto.trigger.enabled = true (custom)
2019-09-12 11:51:12,142 [pool-314-thread-1] INFO  server.RaftServerConfigKeys (ConfUtils.java:logGet(43)) - raft.server.snapshot.auto.trigger.threshold = 10000 (custom)
2019-09-12 11:51:12,142 [pool-314-thread-1] INFO  server.RaftServerConfigKeys (ConfUtils.java:logGet(43)) - raft.server.retrycache.expirytime = 600000ms (custom)
2019-09-12 11:51:12,142 [pool-314-thread-1] INFO  impl.RaftServerImpl (RaftServerImpl.java:start(180)) - ebc8f44e-82c8-4fec-8a1c-a2914bafe39a: start group-8CEF8147E005
2019-09-12 11:51:12,143 [pool-314-thread-1] INFO  impl.RaftServerImpl (RaftServerImpl.java:setRole(171)) - ebc8f44e-82c8-4fec-8a1c-a2914bafe39a:group-8CEF8147E005 changes role from null to FOLLOWER at term 0 for startAsFollower
2019-09-12 11:51:12,143 [pool-314-thread-1] INFO  impl.RoleInfo (RoleInfo.java:updateAndGet(143)) - ebc8f44e-82c8-4fec-8a1c-a2914bafe39a: start FollowerState
2019-09-12 11:51:12,143 [pool-314-thread-1] INFO  util.JmxRegister (JmxRegister.java:tryRegister(44)) - Successfully registered JMX Bean with object name Ratis:service=RaftServer,group=group-8CEF8147E005,id=ebc8f44e-82c8-4fec-8a1c-a2914bafe39a
2019-09-12 11:51:12,146 [RatisPipelineUtilsThread] INFO  pipeline.PipelineStateManager (PipelineStateManager.java:addPipeline(56)) - Created pipeline Pipeline[ Id: 84272618-870e-47b2-a34a-8cef8147e005, Nodes: ebc8f44e-82c8-4fec-8a1c-a2914bafe39a{ip: 192.168.157.195, host: pr-hdds-1569-xtfnx-3545843844, networkLocation: /default-rack, certSerialId: null}, Type:RATIS, Factor:ONE, State:OPEN]
2019-09-12 11:51:12,146 [RatisPipelineUtilsThread] ERROR pipeline.PipelinePlacementPolicy (PipelinePlacementPolicy.java:meetCriteria(91)) - Pipeline Placement: Doesn't meet the criteria to be viable node. Heaviness: 6
2019-09-12 11:51:12,153 [grpc-default-executor-0] INFO  impl.RaftServerProxy (RaftServerProxy.java:addNew(89)) - 0c68de6a-5794-4c46-b75f-96dd4df51bcf: addNew group-8B5D2851D1E9:[0c68de6a-5794-4c46-b75f-96dd4df51bcf:192.168.157.195:40992] returns group-8B5D2851D1E9:java.util.concurrent.CompletableFuture@3d8465ab[Not completed]
2019-09-12 11:51:12,153 [pool-303-thread-1] INFO  impl.RaftServerImpl (RaftServerImpl.java:<init>(93)) - 0c68de6a-5794-4c46-b75f-96dd4df51bcf: new RaftServerImpl for group-8B5D2851D1E9:[0c68de6a-5794-4c46-b75f-96dd4df51bcf:192.168.157.195:40992] with ContainerStateMachine:uninitialized
2019-09-12 11:51:12,154 [pool-303-thread-1] INFO  server.RaftServerConfigKeys (ConfUtils.java:logGet(43)) - raft.server.rpc.timeout.min = 5s (custom)
2019-09-12 11:51:12,154 [pool-303-thread-1] INFO  server.RaftServerConfigKeys (ConfUtils.java:logGet(43)) - raft.server.rpc.timeout.max = 5200ms (custom)
2019-09-12 11:51:12,154 [pool-303-thread-1] INFO  server.RaftServerConfigKeys (ConfUtils.java:logGet(43)) - raft.server.rpcslowness.timeout = 120s (custom)
2019-09-12 11:51:12,154 [pool-303-thread-1] INFO  server.RaftServerConfigKeys (ConfUtils.java:logGet(43)) - raft.server.sleep.deviation.threshold = 300 (default)
2019-09-12 11:51:12,154 [pool-303-thread-1] INFO  server.RaftServerConfigKeys (ConfUtils.java:logGet(43)) - raft.server.log.appender.install.snapshot.enabled = false (custom)
2019-09-12 11:51:12,154 [pool-303-thread-1] INFO  impl.RaftServerImpl (ServerState.java:<init>(105)) - 0c68de6a-5794-4c46-b75f-96dd4df51bcf:group-8B5D2851D1E9 ConfigurationManager, init=-1: [0c68de6a-5794-4c46-b75f-96dd4df51bcf:192.168.157.195:40992], old=null, confs=<EMPTY_MAP>
2019-09-12 11:51:12,154 [pool-303-thread-1] INFO  server.RaftServerConfigKeys (ConfUtils.java:logGet(43)) - raft.server.storage.dir = [/workdir/hadoop-ozone/ozonefs/target/test-dir/MiniOzoneClusterImpl-2036787f-4a5c-4c85-b727-13a1bbcfb7f9/datanode-1/data/ratis] (custom)
2019-09-12 11:51:12,155 [pool-303-thread-1] INFO  storage.RaftStorageDirectory (RaftStorageDirectory.java:analyzeStorage(246)) - The storage directory /workdir/hadoop-ozone/ozonefs/target/test-dir/MiniOzoneClusterImpl-2036787f-4a5c-4c85-b727-13a1bbcfb7f9/datanode-1/data/ratis/26c38b0e-96ad-4957-81eb-8b5d2851d1e9 does not exist. Creating ...
2019-09-12 11:51:12,166 [pool-303-thread-1] INFO  storage.RaftStorageDirectory (RaftStorageDirectory.java:tryLock(328)) - Lock on /workdir/hadoop-ozone/ozonefs/target/test-dir/MiniOzoneClusterImpl-2036787f-4a5c-4c85-b727-13a1bbcfb7f9/datanode-1/data/ratis/26c38b0e-96ad-4957-81eb-8b5d2851d1e9/in_use.lock acquired by nodename 9769@pr-hdds-1569-xtfnx-3545843844
2019-09-12 11:51:12,169 [pool-303-thread-1] INFO  storage.RaftStorage (RaftStorage.java:format(72)) - Storage directory /workdir/hadoop-ozone/ozonefs/target/test-dir/MiniOzoneClusterImpl-2036787f-4a5c-4c85-b727-13a1bbcfb7f9/datanode-1/data/ratis/26c38b0e-96ad-4957-81eb-8b5d2851d1e9 has been successfully formatted.
2019-09-12 11:51:12,169 [pool-303-thread-1] INFO  ratis.ContainerStateMachine (ContainerStateMachine.java:loadSnapshot(226)) - group-8B5D2851D1E9: The snapshot info is null. Setting the last applied indexto:(t:0, i:~)
2019-09-12 11:51:12,169 [pool-303-thread-1] INFO  server.RaftServerConfigKeys (ConfUtils.java:logGet(43)) - raft.server.leader.election.timeout = 120s (custom)
2019-09-12 11:51:12,169 [pool-303-thread-1] INFO  server.RaftServerConfigKeys (ConfUtils.java:logGet(43)) - raft.server.log.use.memory = false (default)
2019-09-12 11:51:12,169 [pool-303-thread-1] INFO  server.RaftServerConfigKeys (ConfUtils.java:logGet(43)) - raft.server.log.purge.gap = 1000000 (custom)
2019-09-12 11:51:12,170 [pool-303-thread-1] INFO  server.RaftServerConfigKeys (ConfUtils.java:logGet(43)) - raft.server.log.appender.buffer.byte-limit = 33554432 (custom)
2019-09-12 11:51:12,170 [pool-303-thread-1] INFO  server.RaftServerConfigKeys (ConfUtils.java:logGet(43)) - raft.server.log.segment.size.max = 1048576 (custom)
2019-09-12 11:51:12,170 [pool-303-thread-1] INFO  server.RaftServerConfigKeys (ConfUtils.java:logGet(43)) - raft.server.log.segment.cache.num.max = 2 (custom)
2019-09-12 11:51:12,170 [pool-303-thread-1] INFO  segmented.SegmentedRaftLogWorker (SegmentedRaftLogWorker.java:<init>(172)) - new 0c68de6a-5794-4c46-b75f-96dd4df51bcf-SegmentedRaftLogWorker:Storage Directory /workdir/hadoop-ozone/ozonefs/target/test-dir/MiniOzoneClusterImpl-2036787f-4a5c-4c85-b727-13a1bbcfb7f9/datanode-1/data/ratis/26c38b0e-96ad-4957-81eb-8b5d2851d1e9 for RaftStorage:Storage Directory /workdir/hadoop-ozone/ozonefs/target/test-dir/MiniOzoneClusterImpl-2036787f-4a5c-4c85-b727-13a1bbcfb7f9/datanode-1/data/ratis/26c38b0e-96ad-4957-81eb-8b5d2851d1e9
2019-09-12 11:51:12,170 [pool-303-thread-1] INFO  server.RaftServerConfigKeys (ConfUtils.java:logGet(43)) - raft.server.log.queue.byte-limit = 2147483647 (custom)
2019-09-12 11:51:12,170 [pool-303-thread-1] INFO  server.RaftServerConfigKeys (ConfUtils.java:logGet(43)) - raft.server.log.queue.element-limit = 1024 (custom)
2019-09-12 11:51:12,170 [pool-303-thread-1] INFO  server.RaftServerConfigKeys (ConfUtils.java:logGet(43)) - raft.server.log.segment.size.max = 1048576 (custom)
2019-09-12 11:51:12,170 [pool-303-thread-1] INFO  server.RaftServerConfigKeys (ConfUtils.java:logGet(43)) - raft.server.log.preallocated.size = 16384 (custom)
2019-09-12 11:51:12,171 [pool-303-thread-1] INFO  server.RaftServerConfigKeys (ConfUtils.java:logGet(43)) - raft.server.log.write.buffer.size = 33554432 (custom)
2019-09-12 11:51:12,171 [pool-303-thread-1] INFO  server.RaftServerConfigKeys (ConfUtils.java:logGet(43)) - raft.server.log.force.sync.num = 128 (default)
2019-09-12 11:51:12,171 [pool-303-thread-1] INFO  server.RaftServerConfigKeys (ConfUtils.java:logGet(43)) - raft.server.log.statemachine.data.sync = true (default)
2019-09-12 11:51:12,171 [pool-303-thread-1] INFO  server.RaftServerConfigKeys (ConfUtils.java:logGet(43)) - raft.server.log.statemachine.data.sync.timeout = 10s (default)
2019-09-12 11:51:12,171 [pool-303-thread-1] INFO  server.RaftServerConfigKeys (ConfUtils.java:logGet(43)) - raft.server.log.statemachine.data.sync.timeout.retry = -1 (default)
2019-09-12 11:51:12,171 [pool-303-thread-1] INFO  server.RaftServerConfigKeys (ConfUtils.java:logGet(43)) - raft.server.log.statemachine.data.caching.enabled = true (custom)
2019-09-12 11:51:12,171 [pool-303-thread-1] INFO  segmented.SegmentedRaftLogWorker (SegmentedRaftLogWorker.java:lambda$new$0(132)) - 0c68de6a-5794-4c46-b75f-96dd4df51bcf-SegmentedRaftLogWorker:Storage Directory /workdir/hadoop-ozone/ozonefs/target/test-dir/MiniOzoneClusterImpl-2036787f-4a5c-4c85-b727-13a1bbcfb7f9/datanode-1/data/ratis/26c38b0e-96ad-4957-81eb-8b5d2851d1e9: flushIndex: setUnconditionally 0 -> -1
2019-09-12 11:51:12,172 [pool-303-thread-1] INFO  server.RaftServerConfigKeys (ConfUtils.java:logGet(43)) - raft.server.snapshot.auto.trigger.enabled = true (custom)
2019-09-12 11:51:12,172 [pool-303-thread-1] INFO  server.RaftServerConfigKeys (ConfUtils.java:logGet(43)) - raft.server.snapshot.auto.trigger.threshold = 10000 (custom)
2019-09-12 11:51:12,172 [pool-303-thread-1] INFO  server.RaftServerConfigKeys (ConfUtils.java:logGet(43)) - raft.server.retrycache.expirytime = 600000ms (custom)
2019-09-12 11:51:12,172 [pool-303-thread-1] INFO  impl.RaftServerImpl (RaftServerImpl.java:start(180)) - 0c68de6a-5794-4c46-b75f-96dd4df51bcf: start group-8B5D2851D1E9
2019-09-12 11:51:12,172 [pool-303-thread-1] INFO  impl.RaftServerImpl (RaftServerImpl.java:setRole(171)) - 0c68de6a-5794-4c46-b75f-96dd4df51bcf:group-8B5D2851D1E9 changes role from null to FOLLOWER at term 0 for startAsFollower
2019-09-12 11:51:12,172 [pool-303-thread-1] INFO  impl.RoleInfo (RoleInfo.java:updateAndGet(143)) - 0c68de6a-5794-4c46-b75f-96dd4df51bcf: start FollowerState
2019-09-12 11:51:12,172 [pool-303-thread-1] INFO  util.JmxRegister (JmxRegister.java:tryRegister(44)) - Successfully registered JMX Bean with object name Ratis:service=RaftServer,group=group-8B5D2851D1E9,id=0c68de6a-5794-4c46-b75f-96dd4df51bcf
2019-09-12 11:51:12,175 [RatisPipelineUtilsThread] INFO  pipeline.PipelineStateManager (PipelineStateManager.java:addPipeline(56)) - Created pipeline Pipeline[ Id: 26c38b0e-96ad-4957-81eb-8b5d2851d1e9, Nodes: 0c68de6a-5794-4c46-b75f-96dd4df51bcf{ip: 192.168.157.195, host: pr-hdds-1569-xtfnx-3545843844, networkLocation: /default-rack, certSerialId: null}, Type:RATIS, Factor:ONE, State:OPEN]
2019-09-12 11:51:12,175 [RatisPipelineUtilsThread] ERROR pipeline.PipelinePlacementPolicy (PipelinePlacementPolicy.java:meetCriteria(91)) - Pipeline Placement: Doesn't meet the criteria to be viable node. Heaviness: 6
2019-09-12 11:51:12,176 [RatisPipelineUtilsThread] ERROR pipeline.PipelinePlacementPolicy (PipelinePlacementPolicy.java:meetCriteria(91)) - Pipeline Placement: Doesn't meet the criteria to be viable node. Heaviness: 6
2019-09-12 11:51:12,181 [grpc-default-executor-0] INFO  impl.RaftServerProxy (RaftServerProxy.java:addNew(89)) - ebc8f44e-82c8-4fec-8a1c-a2914bafe39a: addNew group-5486122981BE:[ebc8f44e-82c8-4fec-8a1c-a2914bafe39a:192.168.157.195:44850] returns group-5486122981BE:java.util.concurrent.CompletableFuture@d04c403[Not completed]
2019-09-12 11:51:12,182 [pool-314-thread-1] INFO  impl.RaftServerImpl (RaftServerImpl.java:<init>(93)) - ebc8f44e-82c8-4fec-8a1c-a2914bafe39a: new RaftServerImpl for group-5486122981BE:[ebc8f44e-82c8-4fec-8a1c-a2914bafe39a:192.168.157.195:44850] with ContainerStateMachine:uninitialized
2019-09-12 11:51:12,182 [pool-314-thread-1] INFO  server.RaftServerConfigKeys (ConfUtils.java:logGet(43)) - raft.server.rpc.timeout.min = 5s (custom)
2019-09-12 11:51:12,183 [pool-314-thread-1] INFO  server.RaftServerConfigKeys (ConfUtils.java:logGet(43)) - raft.server.rpc.timeout.max = 5200ms (custom)
2019-09-12 11:51:12,183 [pool-314-thread-1] INFO  server.RaftServerConfigKeys (ConfUtils.java:logGet(43)) - raft.server.rpcslowness.timeout = 120s (custom)
2019-09-12 11:51:12,183 [pool-314-thread-1] INFO  server.RaftServerConfigKeys (ConfUtils.java:logGet(43)) - raft.server.sleep.deviation.threshold = 300 (default)
2019-09-12 11:51:12,183 [pool-314-thread-1] INFO  server.RaftServerConfigKeys (ConfUtils.java:logGet(43)) - raft.server.log.appender.install.snapshot.enabled = false (custom)
2019-09-12 11:51:12,183 [pool-314-thread-1] INFO  impl.RaftServerImpl (ServerState.java:<init>(105)) - ebc8f44e-82c8-4fec-8a1c-a2914bafe39a:group-5486122981BE ConfigurationManager, init=-1: [ebc8f44e-82c8-4fec-8a1c-a2914bafe39a:192.168.157.195:44850], old=null, confs=<EMPTY_MAP>
2019-09-12 11:51:12,183 [pool-314-thread-1] INFO  server.RaftServerConfigKeys (ConfUtils.java:logGet(43)) - raft.server.storage.dir = [/workdir/hadoop-ozone/ozonefs/target/test-dir/MiniOzoneClusterImpl-2036787f-4a5c-4c85-b727-13a1bbcfb7f9/datanode-2/data/ratis] (custom)
2019-09-12 11:51:12,184 [pool-314-thread-1] INFO  storage.RaftStorageDirectory (RaftStorageDirectory.java:analyzeStorage(246)) - The storage directory /workdir/hadoop-ozone/ozonefs/target/test-dir/MiniOzoneClusterImpl-2036787f-4a5c-4c85-b727-13a1bbcfb7f9/datanode-2/data/ratis/904e0347-7d4d-493c-8e67-5486122981be does not exist. Creating ...
2019-09-12 11:51:12,200 [pool-314-thread-1] INFO  storage.RaftStorageDirectory (RaftStorageDirectory.java:tryLock(328)) - Lock on /workdir/hadoop-ozone/ozonefs/target/test-dir/MiniOzoneClusterImpl-2036787f-4a5c-4c85-b727-13a1bbcfb7f9/datanode-2/data/ratis/904e0347-7d4d-493c-8e67-5486122981be/in_use.lock acquired by nodename 9769@pr-hdds-1569-xtfnx-3545843844
2019-09-12 11:51:12,213 [pool-314-thread-1] INFO  storage.RaftStorage (RaftStorage.java:format(72)) - Storage directory /workdir/hadoop-ozone/ozonefs/target/test-dir/MiniOzoneClusterImpl-2036787f-4a5c-4c85-b727-13a1bbcfb7f9/datanode-2/data/ratis/904e0347-7d4d-493c-8e67-5486122981be has been successfully formatted.
2019-09-12 11:51:12,214 [pool-314-thread-1] INFO  ratis.ContainerStateMachine (ContainerStateMachine.java:loadSnapshot(226)) - group-5486122981BE: The snapshot info is null. Setting the last applied indexto:(t:0, i:~)
2019-09-12 11:51:12,214 [pool-314-thread-1] INFO  server.RaftServerConfigKeys (ConfUtils.java:logGet(43)) - raft.server.leader.election.timeout = 120s (custom)
2019-09-12 11:51:12,214 [pool-314-thread-1] INFO  server.RaftServerConfigKeys (ConfUtils.java:logGet(43)) - raft.server.log.use.memory = false (default)
2019-09-12 11:51:12,214 [pool-314-thread-1] INFO  server.RaftServerConfigKeys (ConfUtils.java:logGet(43)) - raft.server.log.purge.gap = 1000000 (custom)
2019-09-12 11:51:12,215 [pool-314-thread-1] INFO  server.RaftServerConfigKeys (ConfUtils.java:logGet(43)) - raft.server.log.appender.buffer.byte-limit = 33554432 (custom)
2019-09-12 11:51:12,215 [pool-314-thread-1] INFO  server.RaftServerConfigKeys (ConfUtils.java:logGet(43)) - raft.server.log.segment.size.max = 1048576 (custom)
2019-09-12 11:51:12,215 [pool-314-thread-1] INFO  server.RaftServerConfigKeys (ConfUtils.java:logGet(43)) - raft.server.log.segment.cache.num.max = 2 (custom)
2019-09-12 11:51:12,215 [pool-314-thread-1] INFO  segmented.SegmentedRaftLogWorker (SegmentedRaftLogWorker.java:<init>(172)) - new ebc8f44e-82c8-4fec-8a1c-a2914bafe39a-SegmentedRaftLogWorker:Storage Directory /workdir/hadoop-ozone/ozonefs/target/test-dir/MiniOzoneClusterImpl-2036787f-4a5c-4c85-b727-13a1bbcfb7f9/datanode-2/data/ratis/904e0347-7d4d-493c-8e67-5486122981be for RaftStorage:Storage Directory /workdir/hadoop-ozone/ozonefs/target/test-dir/MiniOzoneClusterImpl-2036787f-4a5c-4c85-b727-13a1bbcfb7f9/datanode-2/data/ratis/904e0347-7d4d-493c-8e67-5486122981be
2019-09-12 11:51:12,215 [pool-314-thread-1] INFO  server.RaftServerConfigKeys (ConfUtils.java:logGet(43)) - raft.server.log.queue.byte-limit = 2147483647 (custom)
2019-09-12 11:51:12,216 [pool-314-thread-1] INFO  server.RaftServerConfigKeys (ConfUtils.java:logGet(43)) - raft.server.log.queue.element-limit = 1024 (custom)
2019-09-12 11:51:12,216 [pool-314-thread-1] INFO  server.RaftServerConfigKeys (ConfUtils.java:logGet(43)) - raft.server.log.segment.size.max = 1048576 (custom)
2019-09-12 11:51:12,216 [pool-314-thread-1] INFO  server.RaftServerConfigKeys (ConfUtils.java:logGet(43)) - raft.server.log.preallocated.size = 16384 (custom)
2019-09-12 11:51:12,216 [pool-314-thread-1] INFO  server.RaftServerConfigKeys (ConfUtils.java:logGet(43)) - raft.server.log.write.buffer.size = 33554432 (custom)
2019-09-12 11:51:12,216 [pool-314-thread-1] INFO  server.RaftServerConfigKeys (ConfUtils.java:logGet(43)) - raft.server.log.force.sync.num = 128 (default)
2019-09-12 11:51:12,216 [pool-314-thread-1] INFO  server.RaftServerConfigKeys (ConfUtils.java:logGet(43)) - raft.server.log.statemachine.data.sync = true (default)
2019-09-12 11:51:12,217 [pool-314-thread-1] INFO  server.RaftServerConfigKeys (ConfUtils.java:logGet(43)) - raft.server.log.statemachine.data.sync.timeout = 10s (default)
2019-09-12 11:51:12,217 [pool-314-thread-1] INFO  server.RaftServerConfigKeys (ConfUtils.java:logGet(43)) - raft.server.log.statemachine.data.sync.timeout.retry = -1 (default)
2019-09-12 11:51:12,217 [pool-314-thread-1] INFO  server.RaftServerConfigKeys (ConfUtils.java:logGet(43)) - raft.server.log.statemachine.data.caching.enabled = true (custom)
2019-09-12 11:51:12,217 [pool-314-thread-1] INFO  segmented.SegmentedRaftLogWorker (SegmentedRaftLogWorker.java:lambda$new$0(132)) - ebc8f44e-82c8-4fec-8a1c-a2914bafe39a-SegmentedRaftLogWorker:Storage Directory /workdir/hadoop-ozone/ozonefs/target/test-dir/MiniOzoneClusterImpl-2036787f-4a5c-4c85-b727-13a1bbcfb7f9/datanode-2/data/ratis/904e0347-7d4d-493c-8e67-5486122981be: flushIndex: setUnconditionally 0 -> -1
2019-09-12 11:51:12,218 [pool-314-thread-1] INFO  server.RaftServerConfigKeys (ConfUtils.java:logGet(43)) - raft.server.snapshot.auto.trigger.enabled = true (custom)
2019-09-12 11:51:12,218 [pool-314-thread-1] INFO  server.RaftServerConfigKeys (ConfUtils.java:logGet(43)) - raft.server.snapshot.auto.trigger.threshold = 10000 (custom)
2019-09-12 11:51:12,218 [pool-314-thread-1] INFO  server.RaftServerConfigKeys (ConfUtils.java:logGet(43)) - raft.server.retrycache.expirytime = 600000ms (custom)
2019-09-12 11:51:12,218 [pool-314-thread-1] INFO  impl.RaftServerImpl (RaftServerImpl.java:start(180)) - ebc8f44e-82c8-4fec-8a1c-a2914bafe39a: start group-5486122981BE
2019-09-12 11:51:12,218 [pool-314-thread-1] INFO  impl.RaftServerImpl (RaftServerImpl.java:setRole(171)) - ebc8f44e-82c8-4fec-8a1c-a2914bafe39a:group-5486122981BE changes role from null to FOLLOWER at term 0 for startAsFollower
2019-09-12 11:51:12,219 [pool-314-thread-1] INFO  impl.RoleInfo (RoleInfo.java:updateAndGet(143)) - ebc8f44e-82c8-4fec-8a1c-a2914bafe39a: start FollowerState
2019-09-12 11:51:12,219 [pool-314-thread-1] INFO  util.JmxRegister (JmxRegister.java:tryRegister(44)) - Successfully registered JMX Bean with object name Ratis:service=RaftServer,group=group-5486122981BE,id=ebc8f44e-82c8-4fec-8a1c-a2914bafe39a
2019-09-12 11:51:12,222 [RatisPipelineUtilsThread] INFO  pipeline.PipelineStateManager (PipelineStateManager.java:addPipeline(56)) - Created pipeline Pipeline[ Id: 904e0347-7d4d-493c-8e67-5486122981be, Nodes: ebc8f44e-82c8-4fec-8a1c-a2914bafe39a{ip: 192.168.157.195, host: pr-hdds-1569-xtfnx-3545843844, networkLocation: /default-rack, certSerialId: null}, Type:RATIS, Factor:ONE, State:OPEN]
2019-09-12 11:51:12,223 [RatisPipelineUtilsThread] ERROR pipeline.PipelinePlacementPolicy (PipelinePlacementPolicy.java:meetCriteria(91)) - Pipeline Placement: Doesn't meet the criteria to be viable node. Heaviness: 6
2019-09-12 11:51:12,223 [RatisPipelineUtilsThread] ERROR pipeline.PipelinePlacementPolicy (PipelinePlacementPolicy.java:meetCriteria(91)) - Pipeline Placement: Doesn't meet the criteria to be viable node. Heaviness: 6
2019-09-12 11:51:12,229 [grpc-default-executor-0] INFO  impl.RaftServerProxy (RaftServerProxy.java:addNew(89)) - ebc8f44e-82c8-4fec-8a1c-a2914bafe39a: addNew group-977F5BD0F074:[ebc8f44e-82c8-4fec-8a1c-a2914bafe39a:192.168.157.195:44850] returns group-977F5BD0F074:java.util.concurrent.CompletableFuture@67ddd7e6[Not completed]
2019-09-12 11:51:12,230 [pool-314-thread-1] INFO  impl.RaftServerImpl (RaftServerImpl.java:<init>(93)) - ebc8f44e-82c8-4fec-8a1c-a2914bafe39a: new RaftServerImpl for group-977F5BD0F074:[ebc8f44e-82c8-4fec-8a1c-a2914bafe39a:192.168.157.195:44850] with ContainerStateMachine:uninitialized
2019-09-12 11:51:12,230 [pool-314-thread-1] INFO  server.RaftServerConfigKeys (ConfUtils.java:logGet(43)) - raft.server.rpc.timeout.min = 5s (custom)
2019-09-12 11:51:12,230 [pool-314-thread-1] INFO  server.RaftServerConfigKeys (ConfUtils.java:logGet(43)) - raft.server.rpc.timeout.max = 5200ms (custom)
2019-09-12 11:51:12,231 [pool-314-thread-1] INFO  server.RaftServerConfigKeys (ConfUtils.java:logGet(43)) - raft.server.rpcslowness.timeout = 120s (custom)
2019-09-12 11:51:12,231 [pool-314-thread-1] INFO  server.RaftServerConfigKeys (ConfUtils.java:logGet(43)) - raft.server.sleep.deviation.threshold = 300 (default)
2019-09-12 11:51:12,231 [pool-314-thread-1] INFO  server.RaftServerConfigKeys (ConfUtils.java:logGet(43)) - raft.server.log.appender.install.snapshot.enabled = false (custom)
2019-09-12 11:51:12,231 [pool-314-thread-1] INFO  impl.RaftServerImpl (ServerState.java:<init>(105)) - ebc8f44e-82c8-4fec-8a1c-a2914bafe39a:group-977F5BD0F074 ConfigurationManager, init=-1: [ebc8f44e-82c8-4fec-8a1c-a2914bafe39a:192.168.157.195:44850], old=null, confs=<EMPTY_MAP>
2019-09-12 11:51:12,231 [pool-314-thread-1] INFO  server.RaftServerConfigKeys (ConfUtils.java:logGet(43)) - raft.server.storage.dir = [/workdir/hadoop-ozone/ozonefs/target/test-dir/MiniOzoneClusterImpl-2036787f-4a5c-4c85-b727-13a1bbcfb7f9/datanode-2/data/ratis] (custom)
2019-09-12 11:51:12,232 [pool-314-thread-1] INFO  storage.RaftStorageDirectory (RaftStorageDirectory.java:analyzeStorage(246)) - The storage directory /workdir/hadoop-ozone/ozonefs/target/test-dir/MiniOzoneClusterImpl-2036787f-4a5c-4c85-b727-13a1bbcfb7f9/datanode-2/data/ratis/04928c2d-5154-43c0-b928-977f5bd0f074 does not exist. Creating ...
2019-09-12 11:51:12,237 [pool-314-thread-1] INFO  storage.RaftStorageDirectory (RaftStorageDirectory.java:tryLock(328)) - Lock on /workdir/hadoop-ozone/ozonefs/target/test-dir/MiniOzoneClusterImpl-2036787f-4a5c-4c85-b727-13a1bbcfb7f9/datanode-2/data/ratis/04928c2d-5154-43c0-b928-977f5bd0f074/in_use.lock acquired by nodename 9769@pr-hdds-1569-xtfnx-3545843844
2019-09-12 11:51:12,253 [pool-314-thread-1] INFO  storage.RaftStorage (RaftStorage.java:format(72)) - Storage directory /workdir/hadoop-ozone/ozonefs/target/test-dir/MiniOzoneClusterImpl-2036787f-4a5c-4c85-b727-13a1bbcfb7f9/datanode-2/data/ratis/04928c2d-5154-43c0-b928-977f5bd0f074 has been successfully formatted.
2019-09-12 11:51:12,253 [pool-314-thread-1] INFO  ratis.ContainerStateMachine (ContainerStateMachine.java:loadSnapshot(226)) - group-977F5BD0F074: The snapshot info is null. Setting the last applied indexto:(t:0, i:~)
2019-09-12 11:51:12,253 [pool-314-thread-1] INFO  server.RaftServerConfigKeys (ConfUtils.java:logGet(43)) - raft.server.leader.election.timeout = 120s (custom)
2019-09-12 11:51:12,253 [pool-314-thread-1] INFO  server.RaftServerConfigKeys (ConfUtils.java:logGet(43)) - raft.server.log.use.memory = false (default)
2019-09-12 11:51:12,254 [pool-314-thread-1] INFO  server.RaftServerConfigKeys (ConfUtils.java:logGet(43)) - raft.server.log.purge.gap = 1000000 (custom)
2019-09-12 11:51:12,254 [pool-314-thread-1] INFO  server.RaftServerConfigKeys (ConfUtils.java:logGet(43)) - raft.server.log.appender.buffer.byte-limit = 33554432 (custom)
2019-09-12 11:51:12,254 [pool-314-thread-1] INFO  server.RaftServerConfigKeys (ConfUtils.java:logGet(43)) - raft.server.log.segment.size.max = 1048576 (custom)
2019-09-12 11:51:12,254 [pool-314-thread-1] INFO  server.RaftServerConfigKeys (ConfUtils.java:logGet(43)) - raft.server.log.segment.cache.num.max = 2 (custom)
2019-09-12 11:51:12,254 [pool-314-thread-1] INFO  segmented.SegmentedRaftLogWorker (SegmentedRaftLogWorker.java:<init>(172)) - new ebc8f44e-82c8-4fec-8a1c-a2914bafe39a-SegmentedRaftLogWorker:Storage Directory /workdir/hadoop-ozone/ozonefs/target/test-dir/MiniOzoneClusterImpl-2036787f-4a5c-4c85-b727-13a1bbcfb7f9/datanode-2/data/ratis/04928c2d-5154-43c0-b928-977f5bd0f074 for RaftStorage:Storage Directory /workdir/hadoop-ozone/ozonefs/target/test-dir/MiniOzoneClusterImpl-2036787f-4a5c-4c85-b727-13a1bbcfb7f9/datanode-2/data/ratis/04928c2d-5154-43c0-b928-977f5bd0f074
2019-09-12 11:51:12,255 [pool-314-thread-1] INFO  server.RaftServerConfigKeys (ConfUtils.java:logGet(43)) - raft.server.log.queue.byte-limit = 2147483647 (custom)
2019-09-12 11:51:12,255 [pool-314-thread-1] INFO  server.RaftServerConfigKeys (ConfUtils.java:logGet(43)) - raft.server.log.queue.element-limit = 1024 (custom)
2019-09-12 11:51:12,255 [pool-314-thread-1] INFO  server.RaftServerConfigKeys (ConfUtils.java:logGet(43)) - raft.server.log.segment.size.max = 1048576 (custom)
2019-09-12 11:51:12,255 [pool-314-thread-1] INFO  server.RaftServerConfigKeys (ConfUtils.java:logGet(43)) - raft.server.log.preallocated.size = 16384 (custom)
2019-09-12 11:51:12,256 [pool-314-thread-1] INFO  server.RaftServerConfigKeys (ConfUtils.java:logGet(43)) - raft.server.log.write.buffer.size = 33554432 (custom)
2019-09-12 11:51:12,256 [pool-314-thread-1] INFO  server.RaftServerConfigKeys (ConfUtils.java:logGet(43)) - raft.server.log.force.sync.num = 128 (default)
2019-09-12 11:51:12,256 [pool-314-thread-1] INFO  server.RaftServerConfigKeys (ConfUtils.java:logGet(43)) - raft.server.log.statemachine.data.sync = true (default)
2019-09-12 11:51:12,256 [pool-314-thread-1] INFO  server.RaftServerConfigKeys (ConfUtils.java:logGet(43)) - raft.server.log.statemachine.data.sync.timeout = 10s (default)
2019-09-12 11:51:12,256 [pool-314-thread-1] INFO  server.RaftServerConfigKeys (ConfUtils.java:logGet(43)) - raft.server.log.statemachine.data.sync.timeout.retry = -1 (default)
2019-09-12 11:51:12,257 [pool-314-thread-1] INFO  server.RaftServerConfigKeys (ConfUtils.java:logGet(43)) - raft.server.log.statemachine.data.caching.enabled = true (custom)
2019-09-12 11:51:12,257 [pool-314-thread-1] INFO  segmented.SegmentedRaftLogWorker (SegmentedRaftLogWorker.java:lambda$new$0(132)) - ebc8f44e-82c8-4fec-8a1c-a2914bafe39a-SegmentedRaftLogWorker:Storage Directory /workdir/hadoop-ozone/ozonefs/target/test-dir/MiniOzoneClusterImpl-2036787f-4a5c-4c85-b727-13a1bbcfb7f9/datanode-2/data/ratis/04928c2d-5154-43c0-b928-977f5bd0f074: flushIndex: setUnconditionally 0 -> -1
2019-09-12 11:51:12,257 [pool-314-thread-1] INFO  server.RaftServerConfigKeys (ConfUtils.java:logGet(43)) - raft.server.snapshot.auto.trigger.enabled = true (custom)
2019-09-12 11:51:12,258 [pool-314-thread-1] INFO  server.RaftServerConfigKeys (ConfUtils.java:logGet(43)) - raft.server.snapshot.auto.trigger.threshold = 10000 (custom)
2019-09-12 11:51:12,258 [pool-314-thread-1] INFO  server.RaftServerConfigKeys (ConfUtils.java:logGet(43)) - raft.server.retrycache.expirytime = 600000ms (custom)
2019-09-12 11:51:12,258 [pool-314-thread-1] INFO  impl.RaftServerImpl (RaftServerImpl.java:start(180)) - ebc8f44e-82c8-4fec-8a1c-a2914bafe39a: start group-977F5BD0F074
2019-09-12 11:51:12,258 [pool-314-thread-1] INFO  impl.RaftServerImpl (RaftServerImpl.java:setRole(171)) - ebc8f44e-82c8-4fec-8a1c-a2914bafe39a:group-977F5BD0F074 changes role from null to FOLLOWER at term 0 for startAsFollower
2019-09-12 11:51:12,258 [pool-314-thread-1] INFO  impl.RoleInfo (RoleInfo.java:updateAndGet(143)) - ebc8f44e-82c8-4fec-8a1c-a2914bafe39a: start FollowerState
2019-09-12 11:51:12,259 [pool-314-thread-1] INFO  util.JmxRegister (JmxRegister.java:tryRegister(44)) - Successfully registered JMX Bean with object name Ratis:service=RaftServer,group=group-977F5BD0F074,id=ebc8f44e-82c8-4fec-8a1c-a2914bafe39a
2019-09-12 11:51:12,262 [RatisPipelineUtilsThread] INFO  pipeline.PipelineStateManager (PipelineStateManager.java:addPipeline(56)) - Created pipeline Pipeline[ Id: 04928c2d-5154-43c0-b928-977f5bd0f074, Nodes: ebc8f44e-82c8-4fec-8a1c-a2914bafe39a{ip: 192.168.157.195, host: pr-hdds-1569-xtfnx-3545843844, networkLocation: /default-rack, certSerialId: null}, Type:RATIS, Factor:ONE, State:OPEN]
2019-09-12 11:51:12,262 [RatisPipelineUtilsThread] ERROR pipeline.PipelinePlacementPolicy (PipelinePlacementPolicy.java:meetCriteria(91)) - Pipeline Placement: Doesn't meet the criteria to be viable node. Heaviness: 6
2019-09-12 11:51:12,263 [RatisPipelineUtilsThread] ERROR pipeline.PipelinePlacementPolicy (PipelinePlacementPolicy.java:meetCriteria(91)) - Pipeline Placement: Doesn't meet the criteria to be viable node. Heaviness: 6
2019-09-12 11:51:12,268 [grpc-default-executor-0] INFO  impl.RaftServerProxy (RaftServerProxy.java:addNew(89)) - ebc8f44e-82c8-4fec-8a1c-a2914bafe39a: addNew group-ADD191BAE697:[ebc8f44e-82c8-4fec-8a1c-a2914bafe39a:192.168.157.195:44850] returns group-ADD191BAE697:java.util.concurrent.CompletableFuture@57aff7c0[Not completed]
2019-09-12 11:51:12,269 [pool-314-thread-1] INFO  impl.RaftServerImpl (RaftServerImpl.java:<init>(93)) - ebc8f44e-82c8-4fec-8a1c-a2914bafe39a: new RaftServerImpl for group-ADD191BAE697:[ebc8f44e-82c8-4fec-8a1c-a2914bafe39a:192.168.157.195:44850] with ContainerStateMachine:uninitialized
2019-09-12 11:51:12,269 [pool-314-thread-1] INFO  server.RaftServerConfigKeys (ConfUtils.java:logGet(43)) - raft.server.rpc.timeout.min = 5s (custom)
2019-09-12 11:51:12,270 [pool-314-thread-1] INFO  server.RaftServerConfigKeys (ConfUtils.java:logGet(43)) - raft.server.rpc.timeout.max = 5200ms (custom)
2019-09-12 11:51:12,270 [pool-314-thread-1] INFO  server.RaftServerConfigKeys (ConfUtils.java:logGet(43)) - raft.server.rpcslowness.timeout = 120s (custom)
2019-09-12 11:51:12,270 [pool-314-thread-1] INFO  server.RaftServerConfigKeys (ConfUtils.java:logGet(43)) - raft.server.sleep.deviation.threshold = 300 (default)
2019-09-12 11:51:12,270 [pool-314-thread-1] INFO  server.RaftServerConfigKeys (ConfUtils.java:logGet(43)) - raft.server.log.appender.install.snapshot.enabled = false (custom)
2019-09-12 11:51:12,270 [pool-314-thread-1] INFO  impl.RaftServerImpl (ServerState.java:<init>(105)) - ebc8f44e-82c8-4fec-8a1c-a2914bafe39a:group-ADD191BAE697 ConfigurationManager, init=-1: [ebc8f44e-82c8-4fec-8a1c-a2914bafe39a:192.168.157.195:44850], old=null, confs=<EMPTY_MAP>
2019-09-12 11:51:12,271 [pool-314-thread-1] INFO  server.RaftServerConfigKeys (ConfUtils.java:logGet(43)) - raft.server.storage.dir = [/workdir/hadoop-ozone/ozonefs/target/test-dir/MiniOzoneClusterImpl-2036787f-4a5c-4c85-b727-13a1bbcfb7f9/datanode-2/data/ratis] (custom)
2019-09-12 11:51:12,271 [pool-314-thread-1] INFO  storage.RaftStorageDirectory (RaftStorageDirectory.java:analyzeStorage(246)) - The storage directory /workdir/hadoop-ozone/ozonefs/target/test-dir/MiniOzoneClusterImpl-2036787f-4a5c-4c85-b727-13a1bbcfb7f9/datanode-2/data/ratis/d1abfbbe-8bc2-44ac-91b3-add191bae697 does not exist. Creating ...
2019-09-12 11:51:12,294 [pool-314-thread-1] INFO  storage.RaftStorageDirectory (RaftStorageDirectory.java:tryLock(328)) - Lock on /workdir/hadoop-ozone/ozonefs/target/test-dir/MiniOzoneClusterImpl-2036787f-4a5c-4c85-b727-13a1bbcfb7f9/datanode-2/data/ratis/d1abfbbe-8bc2-44ac-91b3-add191bae697/in_use.lock acquired by nodename 9769@pr-hdds-1569-xtfnx-3545843844
2019-09-12 11:51:12,307 [pool-314-thread-1] INFO  storage.RaftStorage (RaftStorage.java:format(72)) - Storage directory /workdir/hadoop-ozone/ozonefs/target/test-dir/MiniOzoneClusterImpl-2036787f-4a5c-4c85-b727-13a1bbcfb7f9/datanode-2/data/ratis/d1abfbbe-8bc2-44ac-91b3-add191bae697 has been successfully formatted.
2019-09-12 11:51:12,307 [pool-314-thread-1] INFO  ratis.ContainerStateMachine (ContainerStateMachine.java:loadSnapshot(226)) - group-ADD191BAE697: The snapshot info is null. Setting the last applied indexto:(t:0, i:~)
2019-09-12 11:51:12,307 [pool-314-thread-1] INFO  server.RaftServerConfigKeys (ConfUtils.java:logGet(43)) - raft.server.leader.election.timeout = 120s (custom)
2019-09-12 11:51:12,308 [pool-314-thread-1] INFO  server.RaftServerConfigKeys (ConfUtils.java:logGet(43)) - raft.server.log.use.memory = false (default)
2019-09-12 11:51:12,308 [pool-314-thread-1] INFO  server.RaftServerConfigKeys (ConfUtils.java:logGet(43)) - raft.server.log.purge.gap = 1000000 (custom)
2019-09-12 11:51:12,308 [pool-314-thread-1] INFO  server.RaftServerConfigKeys (ConfUtils.java:logGet(43)) - raft.server.log.appender.buffer.byte-limit = 33554432 (custom)
2019-09-12 11:51:12,308 [pool-314-thread-1] INFO  server.RaftServerConfigKeys (ConfUtils.java:logGet(43)) - raft.server.log.segment.size.max = 1048576 (custom)
2019-09-12 11:51:12,308 [pool-314-thread-1] INFO  server.RaftServerConfigKeys (ConfUtils.java:logGet(43)) - raft.server.log.segment.cache.num.max = 2 (custom)
2019-09-12 11:51:12,308 [pool-314-thread-1] INFO  segmented.SegmentedRaftLogWorker (SegmentedRaftLogWorker.java:<init>(172)) - new ebc8f44e-82c8-4fec-8a1c-a2914bafe39a-SegmentedRaftLogWorker:Storage Directory /workdir/hadoop-ozone/ozonefs/target/test-dir/MiniOzoneClusterImpl-2036787f-4a5c-4c85-b727-13a1bbcfb7f9/datanode-2/data/ratis/d1abfbbe-8bc2-44ac-91b3-add191bae697 for RaftStorage:Storage Directory /workdir/hadoop-ozone/ozonefs/target/test-dir/MiniOzoneClusterImpl-2036787f-4a5c-4c85-b727-13a1bbcfb7f9/datanode-2/data/ratis/d1abfbbe-8bc2-44ac-91b3-add191bae697
2019-09-12 11:51:12,309 [pool-314-thread-1] INFO  server.RaftServerConfigKeys (ConfUtils.java:logGet(43)) - raft.server.log.queue.byte-limit = 2147483647 (custom)
2019-09-12 11:51:12,309 [pool-314-thread-1] INFO  server.RaftServerConfigKeys (ConfUtils.java:logGet(43)) - raft.server.log.queue.element-limit = 1024 (custom)
2019-09-12 11:51:12,309 [pool-314-thread-1] INFO  server.RaftServerConfigKeys (ConfUtils.java:logGet(43)) - raft.server.log.segment.size.max = 1048576 (custom)
2019-09-12 11:51:12,309 [pool-314-thread-1] INFO  server.RaftServerConfigKeys (ConfUtils.java:logGet(43)) - raft.server.log.preallocated.size = 16384 (custom)
2019-09-12 11:51:12,309 [pool-314-thread-1] INFO  server.RaftServerConfigKeys (ConfUtils.java:logGet(43)) - raft.server.log.write.buffer.size = 33554432 (custom)
2019-09-12 11:51:12,309 [pool-314-thread-1] INFO  server.RaftServerConfigKeys (ConfUtils.java:logGet(43)) - raft.server.log.force.sync.num = 128 (default)
2019-09-12 11:51:12,309 [pool-314-thread-1] INFO  server.RaftServerConfigKeys (ConfUtils.java:logGet(43)) - raft.server.log.statemachine.data.sync = true (default)
2019-09-12 11:51:12,310 [pool-314-thread-1] INFO  server.RaftServerConfigKeys (ConfUtils.java:logGet(43)) - raft.server.log.statemachine.data.sync.timeout = 10s (default)
2019-09-12 11:51:12,310 [pool-314-thread-1] INFO  server.RaftServerConfigKeys (ConfUtils.java:logGet(43)) - raft.server.log.statemachine.data.sync.timeout.retry = -1 (default)
2019-09-12 11:51:12,310 [pool-314-thread-1] INFO  server.RaftServerConfigKeys (ConfUtils.java:logGet(43)) - raft.server.log.statemachine.data.caching.enabled = true (custom)
2019-09-12 11:51:12,310 [pool-314-thread-1] INFO  segmented.SegmentedRaftLogWorker (SegmentedRaftLogWorker.java:lambda$new$0(132)) - ebc8f44e-82c8-4fec-8a1c-a2914bafe39a-SegmentedRaftLogWorker:Storage Directory /workdir/hadoop-ozone/ozonefs/target/test-dir/MiniOzoneClusterImpl-2036787f-4a5c-4c85-b727-13a1bbcfb7f9/datanode-2/data/ratis/d1abfbbe-8bc2-44ac-91b3-add191bae697: flushIndex: setUnconditionally 0 -> -1
2019-09-12 11:51:12,311 [pool-314-thread-1] INFO  server.RaftServerConfigKeys (ConfUtils.java:logGet(43)) - raft.server.snapshot.auto.trigger.enabled = true (custom)
2019-09-12 11:51:12,311 [pool-314-thread-1] INFO  server.RaftServerConfigKeys (ConfUtils.java:logGet(43)) - raft.server.snapshot.auto.trigger.threshold = 10000 (custom)
2019-09-12 11:51:12,311 [pool-314-thread-1] INFO  server.RaftServerConfigKeys (ConfUtils.java:logGet(43)) - raft.server.retrycache.expirytime = 600000ms (custom)
2019-09-12 11:51:12,311 [pool-314-thread-1] INFO  impl.RaftServerImpl (RaftServerImpl.java:start(180)) - ebc8f44e-82c8-4fec-8a1c-a2914bafe39a: start group-ADD191BAE697
2019-09-12 11:51:12,311 [pool-314-thread-1] INFO  impl.RaftServerImpl (RaftServerImpl.java:setRole(171)) - ebc8f44e-82c8-4fec-8a1c-a2914bafe39a:group-ADD191BAE697 changes role from null to FOLLOWER at term 0 for startAsFollower
2019-09-12 11:51:12,312 [pool-314-thread-1] INFO  impl.RoleInfo (RoleInfo.java:updateAndGet(143)) - ebc8f44e-82c8-4fec-8a1c-a2914bafe39a: start FollowerState
2019-09-12 11:51:12,312 [pool-314-thread-1] INFO  util.JmxRegister (JmxRegister.java:tryRegister(44)) - Successfully registered JMX Bean with object name Ratis:service=RaftServer,group=group-ADD191BAE697,id=ebc8f44e-82c8-4fec-8a1c-a2914bafe39a
2019-09-12 11:51:12,315 [RatisPipelineUtilsThread] INFO  pipeline.PipelineStateManager (PipelineStateManager.java:addPipeline(56)) - Created pipeline Pipeline[ Id: d1abfbbe-8bc2-44ac-91b3-add191bae697, Nodes: ebc8f44e-82c8-4fec-8a1c-a2914bafe39a{ip: 192.168.157.195, host: pr-hdds-1569-xtfnx-3545843844, networkLocation: /default-rack, certSerialId: null}, Type:RATIS, Factor:ONE, State:OPEN]
2019-09-12 11:51:12,315 [RatisPipelineUtilsThread] ERROR pipeline.PipelinePlacementPolicy (PipelinePlacementPolicy.java:meetCriteria(91)) - Pipeline Placement: Doesn't meet the criteria to be viable node. Heaviness: 6
2019-09-12 11:51:12,316 [RatisPipelineUtilsThread] ERROR pipeline.PipelinePlacementPolicy (PipelinePlacementPolicy.java:meetCriteria(91)) - Pipeline Placement: Doesn't meet the criteria to be viable node. Heaviness: 6
2019-09-12 11:51:12,321 [grpc-default-executor-0] INFO  impl.RaftServerProxy (RaftServerProxy.java:addNew(89)) - ebc8f44e-82c8-4fec-8a1c-a2914bafe39a: addNew group-9799FE40C469:[ebc8f44e-82c8-4fec-8a1c-a2914bafe39a:192.168.157.195:44850] returns group-9799FE40C469:java.util.concurrent.CompletableFuture@75e75b4c[Not completed]
2019-09-12 11:51:12,322 [pool-314-thread-1] INFO  impl.RaftServerImpl (RaftServerImpl.java:<init>(93)) - ebc8f44e-82c8-4fec-8a1c-a2914bafe39a: new RaftServerImpl for group-9799FE40C469:[ebc8f44e-82c8-4fec-8a1c-a2914bafe39a:192.168.157.195:44850] with ContainerStateMachine:uninitialized
2019-09-12 11:51:12,322 [pool-314-thread-1] INFO  server.RaftServerConfigKeys (ConfUtils.java:logGet(43)) - raft.server.rpc.timeout.min = 5s (custom)
2019-09-12 11:51:12,323 [pool-314-thread-1] INFO  server.RaftServerConfigKeys (ConfUtils.java:logGet(43)) - raft.server.rpc.timeout.max = 5200ms (custom)
2019-09-12 11:51:12,323 [pool-314-thread-1] INFO  server.RaftServerConfigKeys (ConfUtils.java:logGet(43)) - raft.server.rpcslowness.timeout = 120s (custom)
2019-09-12 11:51:12,323 [pool-314-thread-1] INFO  server.RaftServerConfigKeys (ConfUtils.java:logGet(43)) - raft.server.sleep.deviation.threshold = 300 (default)
2019-09-12 11:51:12,323 [pool-314-thread-1] INFO  server.RaftServerConfigKeys (ConfUtils.java:logGet(43)) - raft.server.log.appender.install.snapshot.enabled = false (custom)
2019-09-12 11:51:12,323 [pool-314-thread-1] INFO  impl.RaftServerImpl (ServerState.java:<init>(105)) - ebc8f44e-82c8-4fec-8a1c-a2914bafe39a:group-9799FE40C469 ConfigurationManager, init=-1: [ebc8f44e-82c8-4fec-8a1c-a2914bafe39a:192.168.157.195:44850], old=null, confs=<EMPTY_MAP>
2019-09-12 11:51:12,323 [pool-314-thread-1] INFO  server.RaftServerConfigKeys (ConfUtils.java:logGet(43)) - raft.server.storage.dir = [/workdir/hadoop-ozone/ozonefs/target/test-dir/MiniOzoneClusterImpl-2036787f-4a5c-4c85-b727-13a1bbcfb7f9/datanode-2/data/ratis] (custom)
2019-09-12 11:51:12,324 [pool-314-thread-1] INFO  storage.RaftStorageDirectory (RaftStorageDirectory.java:analyzeStorage(246)) - The storage directory /workdir/hadoop-ozone/ozonefs/target/test-dir/MiniOzoneClusterImpl-2036787f-4a5c-4c85-b727-13a1bbcfb7f9/datanode-2/data/ratis/54a69998-5d81-4deb-bd87-9799fe40c469 does not exist. Creating ...
2019-09-12 11:51:12,336 [pool-314-thread-1] INFO  storage.RaftStorageDirectory (RaftStorageDirectory.java:tryLock(328)) - Lock on /workdir/hadoop-ozone/ozonefs/target/test-dir/MiniOzoneClusterImpl-2036787f-4a5c-4c85-b727-13a1bbcfb7f9/datanode-2/data/ratis/54a69998-5d81-4deb-bd87-9799fe40c469/in_use.lock acquired by nodename 9769@pr-hdds-1569-xtfnx-3545843844
2019-09-12 11:51:12,349 [pool-314-thread-1] INFO  storage.RaftStorage (RaftStorage.java:format(72)) - Storage directory /workdir/hadoop-ozone/ozonefs/target/test-dir/MiniOzoneClusterImpl-2036787f-4a5c-4c85-b727-13a1bbcfb7f9/datanode-2/data/ratis/54a69998-5d81-4deb-bd87-9799fe40c469 has been successfully formatted.
2019-09-12 11:51:12,349 [pool-314-thread-1] INFO  ratis.ContainerStateMachine (ContainerStateMachine.java:loadSnapshot(226)) - group-9799FE40C469: The snapshot info is null. Setting the last applied indexto:(t:0, i:~)
2019-09-12 11:51:12,349 [pool-314-thread-1] INFO  server.RaftServerConfigKeys (ConfUtils.java:logGet(43)) - raft.server.leader.election.timeout = 120s (custom)
2019-09-12 11:51:12,349 [pool-314-thread-1] INFO  server.RaftServerConfigKeys (ConfUtils.java:logGet(43)) - raft.server.log.use.memory = false (default)
2019-09-12 11:51:12,349 [pool-314-thread-1] INFO  server.RaftServerConfigKeys (ConfUtils.java:logGet(43)) - raft.server.log.purge.gap = 1000000 (custom)
2019-09-12 11:51:12,350 [pool-314-thread-1] INFO  server.RaftServerConfigKeys (ConfUtils.java:logGet(43)) - raft.server.log.appender.buffer.byte-limit = 33554432 (custom)
2019-09-12 11:51:12,350 [pool-314-thread-1] INFO  server.RaftServerConfigKeys (ConfUtils.java:logGet(43)) - raft.server.log.segment.size.max = 1048576 (custom)
2019-09-12 11:51:12,350 [pool-314-thread-1] INFO  server.RaftServerConfigKeys (ConfUtils.java:logGet(43)) - raft.server.log.segment.cache.num.max = 2 (custom)
2019-09-12 11:51:12,350 [pool-314-thread-1] INFO  segmented.SegmentedRaftLogWorker (SegmentedRaftLogWorker.java:<init>(172)) - new ebc8f44e-82c8-4fec-8a1c-a2914bafe39a-SegmentedRaftLogWorker:Storage Directory /workdir/hadoop-ozone/ozonefs/target/test-dir/MiniOzoneClusterImpl-2036787f-4a5c-4c85-b727-13a1bbcfb7f9/datanode-2/data/ratis/54a69998-5d81-4deb-bd87-9799fe40c469 for RaftStorage:Storage Directory /workdir/hadoop-ozone/ozonefs/target/test-dir/MiniOzoneClusterImpl-2036787f-4a5c-4c85-b727-13a1bbcfb7f9/datanode-2/data/ratis/54a69998-5d81-4deb-bd87-9799fe40c469
2019-09-12 11:51:12,350 [pool-314-thread-1] INFO  server.RaftServerConfigKeys (ConfUtils.java:logGet(43)) - raft.server.log.queue.byte-limit = 2147483647 (custom)
2019-09-12 11:51:12,350 [pool-314-thread-1] INFO  server.RaftServerConfigKeys (ConfUtils.java:logGet(43)) - raft.server.log.queue.element-limit = 1024 (custom)
2019-09-12 11:51:12,350 [pool-314-thread-1] INFO  server.RaftServerConfigKeys (ConfUtils.java:logGet(43)) - raft.server.log.segment.size.max = 1048576 (custom)
2019-09-12 11:51:12,351 [pool-314-thread-1] INFO  server.RaftServerConfigKeys (ConfUtils.java:logGet(43)) - raft.server.log.preallocated.size = 16384 (custom)
2019-09-12 11:51:12,351 [pool-314-thread-1] INFO  server.RaftServerConfigKeys (ConfUtils.java:logGet(43)) - raft.server.log.write.buffer.size = 33554432 (custom)
2019-09-12 11:51:12,351 [pool-314-thread-1] INFO  server.RaftServerConfigKeys (ConfUtils.java:logGet(43)) - raft.server.log.force.sync.num = 128 (default)
2019-09-12 11:51:12,351 [pool-314-thread-1] INFO  server.RaftServerConfigKeys (ConfUtils.java:logGet(43)) - raft.server.log.statemachine.data.sync = true (default)
2019-09-12 11:51:12,351 [pool-314-thread-1] INFO  server.RaftServerConfigKeys (ConfUtils.java:logGet(43)) - raft.server.log.statemachine.data.sync.timeout = 10s (default)
2019-09-12 11:51:12,351 [pool-314-thread-1] INFO  server.RaftServerConfigKeys (ConfUtils.java:logGet(43)) - raft.server.log.statemachine.data.sync.timeout.retry = -1 (default)
2019-09-12 11:51:12,351 [pool-314-thread-1] INFO  server.RaftServerConfigKeys (ConfUtils.java:logGet(43)) - raft.server.log.statemachine.data.caching.enabled = true (custom)
2019-09-12 11:51:12,352 [pool-314-thread-1] INFO  segmented.SegmentedRaftLogWorker (SegmentedRaftLogWorker.java:lambda$new$0(132)) - ebc8f44e-82c8-4fec-8a1c-a2914bafe39a-SegmentedRaftLogWorker:Storage Directory /workdir/hadoop-ozone/ozonefs/target/test-dir/MiniOzoneClusterImpl-2036787f-4a5c-4c85-b727-13a1bbcfb7f9/datanode-2/data/ratis/54a69998-5d81-4deb-bd87-9799fe40c469: flushIndex: setUnconditionally 0 -> -1
2019-09-12 11:51:12,352 [pool-314-thread-1] INFO  server.RaftServerConfigKeys (ConfUtils.java:logGet(43)) - raft.server.snapshot.auto.trigger.enabled = true (custom)
2019-09-12 11:51:12,352 [pool-314-thread-1] INFO  server.RaftServerConfigKeys (ConfUtils.java:logGet(43)) - raft.server.snapshot.auto.trigger.threshold = 10000 (custom)
2019-09-12 11:51:12,352 [pool-314-thread-1] INFO  server.RaftServerConfigKeys (ConfUtils.java:logGet(43)) - raft.server.retrycache.expirytime = 600000ms (custom)
2019-09-12 11:51:12,352 [pool-314-thread-1] INFO  impl.RaftServerImpl (RaftServerImpl.java:start(180)) - ebc8f44e-82c8-4fec-8a1c-a2914bafe39a: start group-9799FE40C469
2019-09-12 11:51:12,353 [pool-314-thread-1] INFO  impl.RaftServerImpl (RaftServerImpl.java:setRole(171)) - ebc8f44e-82c8-4fec-8a1c-a2914bafe39a:group-9799FE40C469 changes role from null to FOLLOWER at term 0 for startAsFollower
2019-09-12 11:51:12,353 [pool-314-thread-1] INFO  impl.RoleInfo (RoleInfo.java:updateAndGet(143)) - ebc8f44e-82c8-4fec-8a1c-a2914bafe39a: start FollowerState
2019-09-12 11:51:12,353 [pool-314-thread-1] INFO  util.JmxRegister (JmxRegister.java:tryRegister(44)) - Successfully registered JMX Bean with object name Ratis:service=RaftServer,group=group-9799FE40C469,id=ebc8f44e-82c8-4fec-8a1c-a2914bafe39a
2019-09-12 11:51:12,356 [RatisPipelineUtilsThread] INFO  pipeline.PipelineStateManager (PipelineStateManager.java:addPipeline(56)) - Created pipeline Pipeline[ Id: 54a69998-5d81-4deb-bd87-9799fe40c469, Nodes: ebc8f44e-82c8-4fec-8a1c-a2914bafe39a{ip: 192.168.157.195, host: pr-hdds-1569-xtfnx-3545843844, networkLocation: /default-rack, certSerialId: null}, Type:RATIS, Factor:ONE, State:OPEN]
2019-09-12 11:51:12,357 [RatisPipelineUtilsThread] ERROR pipeline.PipelinePlacementPolicy (PipelinePlacementPolicy.java:meetCriteria(91)) - Pipeline Placement: Doesn't meet the criteria to be viable node. Heaviness: 6
2019-09-12 11:51:12,357 [RatisPipelineUtilsThread] ERROR pipeline.PipelinePlacementPolicy (PipelinePlacementPolicy.java:meetCriteria(91)) - Pipeline Placement: Doesn't meet the criteria to be viable node. Heaviness: 6
2019-09-12 11:51:12,363 [grpc-default-executor-0] INFO  impl.RaftServerProxy (RaftServerProxy.java:addNew(89)) - ebc8f44e-82c8-4fec-8a1c-a2914bafe39a: addNew group-8E236F9F8702:[ebc8f44e-82c8-4fec-8a1c-a2914bafe39a:192.168.157.195:44850] returns group-8E236F9F8702:java.util.concurrent.CompletableFuture@21064e33[Not completed]
2019-09-12 11:51:12,363 [pool-314-thread-1] INFO  impl.RaftServerImpl (RaftServerImpl.java:<init>(93)) - ebc8f44e-82c8-4fec-8a1c-a2914bafe39a: new RaftServerImpl for group-8E236F9F8702:[ebc8f44e-82c8-4fec-8a1c-a2914bafe39a:192.168.157.195:44850] with ContainerStateMachine:uninitialized
2019-09-12 11:51:12,364 [pool-314-thread-1] INFO  server.RaftServerConfigKeys (ConfUtils.java:logGet(43)) - raft.server.rpc.timeout.min = 5s (custom)
2019-09-12 11:51:12,364 [pool-314-thread-1] INFO  server.RaftServerConfigKeys (ConfUtils.java:logGet(43)) - raft.server.rpc.timeout.max = 5200ms (custom)
2019-09-12 11:51:12,364 [pool-314-thread-1] INFO  server.RaftServerConfigKeys (ConfUtils.java:logGet(43)) - raft.server.rpcslowness.timeout = 120s (custom)
2019-09-12 11:51:12,364 [pool-314-thread-1] INFO  server.RaftServerConfigKeys (ConfUtils.java:logGet(43)) - raft.server.sleep.deviation.threshold = 300 (default)
2019-09-12 11:51:12,364 [pool-314-thread-1] INFO  server.RaftServerConfigKeys (ConfUtils.java:logGet(43)) - raft.server.log.appender.install.snapshot.enabled = false (custom)
2019-09-12 11:51:12,364 [pool-314-thread-1] INFO  impl.RaftServerImpl (ServerState.java:<init>(105)) - ebc8f44e-82c8-4fec-8a1c-a2914bafe39a:group-8E236F9F8702 ConfigurationManager, init=-1: [ebc8f44e-82c8-4fec-8a1c-a2914bafe39a:192.168.157.195:44850], old=null, confs=<EMPTY_MAP>
2019-09-12 11:51:12,364 [pool-314-thread-1] INFO  server.RaftServerConfigKeys (ConfUtils.java:logGet(43)) - raft.server.storage.dir = [/workdir/hadoop-ozone/ozonefs/target/test-dir/MiniOzoneClusterImpl-2036787f-4a5c-4c85-b727-13a1bbcfb7f9/datanode-2/data/ratis] (custom)
2019-09-12 11:51:12,365 [pool-314-thread-1] INFO  storage.RaftStorageDirectory (RaftStorageDirectory.java:analyzeStorage(246)) - The storage directory /workdir/hadoop-ozone/ozonefs/target/test-dir/MiniOzoneClusterImpl-2036787f-4a5c-4c85-b727-13a1bbcfb7f9/datanode-2/data/ratis/a09df969-db62-4ff0-bafc-8e236f9f8702 does not exist. Creating ...
2019-09-12 11:51:12,377 [pool-314-thread-1] INFO  storage.RaftStorageDirectory (RaftStorageDirectory.java:tryLock(328)) - Lock on /workdir/hadoop-ozone/ozonefs/target/test-dir/MiniOzoneClusterImpl-2036787f-4a5c-4c85-b727-13a1bbcfb7f9/datanode-2/data/ratis/a09df969-db62-4ff0-bafc-8e236f9f8702/in_use.lock acquired by nodename 9769@pr-hdds-1569-xtfnx-3545843844
2019-09-12 11:51:12,390 [pool-314-thread-1] INFO  storage.RaftStorage (RaftStorage.java:format(72)) - Storage directory /workdir/hadoop-ozone/ozonefs/target/test-dir/MiniOzoneClusterImpl-2036787f-4a5c-4c85-b727-13a1bbcfb7f9/datanode-2/data/ratis/a09df969-db62-4ff0-bafc-8e236f9f8702 has been successfully formatted.
2019-09-12 11:51:12,390 [pool-314-thread-1] INFO  ratis.ContainerStateMachine (ContainerStateMachine.java:loadSnapshot(226)) - group-8E236F9F8702: The snapshot info is null. Setting the last applied indexto:(t:0, i:~)
2019-09-12 11:51:12,391 [pool-314-thread-1] INFO  server.RaftServerConfigKeys (ConfUtils.java:logGet(43)) - raft.server.leader.election.timeout = 120s (custom)
2019-09-12 11:51:12,391 [pool-314-thread-1] INFO  server.RaftServerConfigKeys (ConfUtils.java:logGet(43)) - raft.server.log.use.memory = false (default)
2019-09-12 11:51:12,391 [pool-314-thread-1] INFO  server.RaftServerConfigKeys (ConfUtils.java:logGet(43)) - raft.server.log.purge.gap = 1000000 (custom)
2019-09-12 11:51:12,391 [pool-314-thread-1] INFO  server.RaftServerConfigKeys (ConfUtils.java:logGet(43)) - raft.server.log.appender.buffer.byte-limit = 33554432 (custom)
2019-09-12 11:51:12,391 [pool-314-thread-1] INFO  server.RaftServerConfigKeys (ConfUtils.java:logGet(43)) - raft.server.log.segment.size.max = 1048576 (custom)
2019-09-12 11:51:12,391 [pool-314-thread-1] INFO  server.RaftServerConfigKeys (ConfUtils.java:logGet(43)) - raft.server.log.segment.cache.num.max = 2 (custom)
2019-09-12 11:51:12,391 [pool-314-thread-1] INFO  segmented.SegmentedRaftLogWorker (SegmentedRaftLogWorker.java:<init>(172)) - new ebc8f44e-82c8-4fec-8a1c-a2914bafe39a-SegmentedRaftLogWorker:Storage Directory /workdir/hadoop-ozone/ozonefs/target/test-dir/MiniOzoneClusterImpl-2036787f-4a5c-4c85-b727-13a1bbcfb7f9/datanode-2/data/ratis/a09df969-db62-4ff0-bafc-8e236f9f8702 for RaftStorage:Storage Directory /workdir/hadoop-ozone/ozonefs/target/test-dir/MiniOzoneClusterImpl-2036787f-4a5c-4c85-b727-13a1bbcfb7f9/datanode-2/data/ratis/a09df969-db62-4ff0-bafc-8e236f9f8702
2019-09-12 11:51:12,391 [pool-314-thread-1] INFO  server.RaftServerConfigKeys (ConfUtils.java:logGet(43)) - raft.server.log.queue.byte-limit = 2147483647 (custom)
2019-09-12 11:51:12,391 [pool-314-thread-1] INFO  server.RaftServerConfigKeys (ConfUtils.java:logGet(43)) - raft.server.log.queue.element-limit = 1024 (custom)
2019-09-12 11:51:12,392 [pool-314-thread-1] INFO  server.RaftServerConfigKeys (ConfUtils.java:logGet(43)) - raft.server.log.segment.size.max = 1048576 (custom)
2019-09-12 11:51:12,392 [pool-314-thread-1] INFO  server.RaftServerConfigKeys (ConfUtils.java:logGet(43)) - raft.server.log.preallocated.size = 16384 (custom)
2019-09-12 11:51:12,392 [pool-314-thread-1] INFO  server.RaftServerConfigKeys (ConfUtils.java:logGet(43)) - raft.server.log.write.buffer.size = 33554432 (custom)
2019-09-12 11:51:12,392 [pool-314-thread-1] INFO  server.RaftServerConfigKeys (ConfUtils.java:logGet(43)) - raft.server.log.force.sync.num = 128 (default)
2019-09-12 11:51:12,392 [pool-314-thread-1] INFO  server.RaftServerConfigKeys (ConfUtils.java:logGet(43)) - raft.server.log.statemachine.data.sync = true (default)
2019-09-12 11:51:12,392 [pool-314-thread-1] INFO  server.RaftServerConfigKeys (ConfUtils.java:logGet(43)) - raft.server.log.statemachine.data.sync.timeout = 10s (default)
2019-09-12 11:51:12,392 [pool-314-thread-1] INFO  server.RaftServerConfigKeys (ConfUtils.java:logGet(43)) - raft.server.log.statemachine.data.sync.timeout.retry = -1 (default)
2019-09-12 11:51:12,392 [pool-314-thread-1] INFO  server.RaftServerConfigKeys (ConfUtils.java:logGet(43)) - raft.server.log.statemachine.data.caching.enabled = true (custom)
2019-09-12 11:51:12,392 [pool-314-thread-1] INFO  segmented.SegmentedRaftLogWorker (SegmentedRaftLogWorker.java:lambda$new$0(132)) - ebc8f44e-82c8-4fec-8a1c-a2914bafe39a-SegmentedRaftLogWorker:Storage Directory /workdir/hadoop-ozone/ozonefs/target/test-dir/MiniOzoneClusterImpl-2036787f-4a5c-4c85-b727-13a1bbcfb7f9/datanode-2/data/ratis/a09df969-db62-4ff0-bafc-8e236f9f8702: flushIndex: setUnconditionally 0 -> -1
2019-09-12 11:51:12,393 [pool-314-thread-1] INFO  server.RaftServerConfigKeys (ConfUtils.java:logGet(43)) - raft.server.snapshot.auto.trigger.enabled = true (custom)
2019-09-12 11:51:12,393 [pool-314-thread-1] INFO  server.RaftServerConfigKeys (ConfUtils.java:logGet(43)) - raft.server.snapshot.auto.trigger.threshold = 10000 (custom)
2019-09-12 11:51:12,393 [pool-314-thread-1] INFO  server.RaftServerConfigKeys (ConfUtils.java:logGet(43)) - raft.server.retrycache.expirytime = 600000ms (custom)
2019-09-12 11:51:12,393 [pool-314-thread-1] INFO  impl.RaftServerImpl (RaftServerImpl.java:start(180)) - ebc8f44e-82c8-4fec-8a1c-a2914bafe39a: start group-8E236F9F8702
2019-09-12 11:51:12,393 [pool-314-thread-1] INFO  impl.RaftServerImpl (RaftServerImpl.java:setRole(171)) - ebc8f44e-82c8-4fec-8a1c-a2914bafe39a:group-8E236F9F8702 changes role from null to FOLLOWER at term 0 for startAsFollower
2019-09-12 11:51:12,393 [pool-314-thread-1] INFO  impl.RoleInfo (RoleInfo.java:updateAndGet(143)) - ebc8f44e-82c8-4fec-8a1c-a2914bafe39a: start FollowerState
2019-09-12 11:51:12,394 [pool-314-thread-1] INFO  util.JmxRegister (JmxRegister.java:tryRegister(44)) - Successfully registered JMX Bean with object name Ratis:service=RaftServer,group=group-8E236F9F8702,id=ebc8f44e-82c8-4fec-8a1c-a2914bafe39a
2019-09-12 11:51:12,396 [RatisPipelineUtilsThread] INFO  pipeline.PipelineStateManager (PipelineStateManager.java:addPipeline(56)) - Created pipeline Pipeline[ Id: a09df969-db62-4ff0-bafc-8e236f9f8702, Nodes: ebc8f44e-82c8-4fec-8a1c-a2914bafe39a{ip: 192.168.157.195, host: pr-hdds-1569-xtfnx-3545843844, networkLocation: /default-rack, certSerialId: null}, Type:RATIS, Factor:ONE, State:OPEN]
2019-09-12 11:51:12,397 [RatisPipelineUtilsThread] ERROR pipeline.PipelinePlacementPolicy (PipelinePlacementPolicy.java:meetCriteria(91)) - Pipeline Placement: Doesn't meet the criteria to be viable node. Heaviness: 6
2019-09-12 11:51:12,397 [RatisPipelineUtilsThread] ERROR pipeline.PipelinePlacementPolicy (PipelinePlacementPolicy.java:meetCriteria(91)) - Pipeline Placement: Doesn't meet the criteria to be viable node. Heaviness: 6
2019-09-12 11:51:12,397 [RatisPipelineUtilsThread] ERROR pipeline.PipelinePlacementPolicy (PipelinePlacementPolicy.java:meetCriteria(91)) - Pipeline Placement: Doesn't meet the criteria to be viable node. Heaviness: 6
2019-09-12 11:51:12,397 [RatisPipelineUtilsThread] ERROR pipeline.PipelinePlacementPolicy (PipelinePlacementPolicy.java:filterViableNodes(146)) - Unable to find enough nodes that meet the criteria that cannot engage in more than 5 pipelines. Nodes required: 1 Found: 0, healthy nodes count inNodeManager: 3.
2019-09-12 11:51:12,398 [RatisPipelineUtilsThread] ERROR pipeline.SCMPipelineManager (SCMPipelineManager.java:createPipeline(161)) - Pipeline creation failed due to exception: Unable to find enough nodes that meet the criteria that cannot engage in more than 5 pipelines. Nodes required: 1 Found: 0, healthy nodes count inNodeManager: 3.
2019-09-12 11:51:12,398 [RatisPipelineUtilsThread] ERROR pipeline.PipelinePlacementPolicy (PipelinePlacementPolicy.java:meetCriteria(91)) - Pipeline Placement: Doesn't meet the criteria to be viable node. Heaviness: 6
2019-09-12 11:51:12,398 [RatisPipelineUtilsThread] ERROR pipeline.PipelinePlacementPolicy (PipelinePlacementPolicy.java:meetCriteria(91)) - Pipeline Placement: Doesn't meet the criteria to be viable node. Heaviness: 6
2019-09-12 11:51:12,398 [RatisPipelineUtilsThread] ERROR pipeline.PipelinePlacementPolicy (PipelinePlacementPolicy.java:meetCriteria(91)) - Pipeline Placement: Doesn't meet the criteria to be viable node. Heaviness: 6
2019-09-12 11:51:12,398 [RatisPipelineUtilsThread] ERROR pipeline.PipelinePlacementPolicy (PipelinePlacementPolicy.java:filterViableNodes(146)) - Unable to find enough nodes that meet the criteria that cannot engage in more than 5 pipelines. Nodes required: 3 Found: 0, healthy nodes count inNodeManager: 3.
2019-09-12 11:51:12,399 [RatisPipelineUtilsThread] ERROR pipeline.SCMPipelineManager (SCMPipelineManager.java:createPipeline(161)) - Pipeline creation failed due to exception: Unable to find enough nodes that meet the criteria that cannot engage in more than 5 pipelines. Nodes required: 3 Found: 0, healthy nodes count inNodeManager: 3.
2019-09-12 11:51:12,399 [RatisPipelineUtilsThread] ERROR pipeline.PipelinePlacementPolicy (PipelinePlacementPolicy.java:meetCriteria(91)) - Pipeline Placement: Doesn't meet the criteria to be viable node. Heaviness: 6
2019-09-12 11:51:12,399 [RatisPipelineUtilsThread] ERROR pipeline.PipelinePlacementPolicy (PipelinePlacementPolicy.java:meetCriteria(91)) - Pipeline Placement: Doesn't meet the criteria to be viable node. Heaviness: 6
2019-09-12 11:51:12,399 [RatisPipelineUtilsThread] ERROR pipeline.PipelinePlacementPolicy (PipelinePlacementPolicy.java:meetCriteria(91)) - Pipeline Placement: Doesn't meet the criteria to be viable node. Heaviness: 6
2019-09-12 11:51:12,400 [RatisPipelineUtilsThread] ERROR pipeline.PipelinePlacementPolicy (PipelinePlacementPolicy.java:filterViableNodes(146)) - Unable to find enough nodes that meet the criteria that cannot engage in more than 5 pipelines. Nodes required: 1 Found: 0, healthy nodes count inNodeManager: 3.
2019-09-12 11:51:12,400 [RatisPipelineUtilsThread] ERROR pipeline.SCMPipelineManager (SCMPipelineManager.java:createPipeline(161)) - Pipeline creation failed due to exception: Unable to find enough nodes that meet the criteria that cannot engage in more than 5 pipelines. Nodes required: 1 Found: 0, healthy nodes count inNodeManager: 3.
2019-09-12 11:51:12,400 [RatisPipelineUtilsThread] ERROR pipeline.PipelinePlacementPolicy (PipelinePlacementPolicy.java:meetCriteria(91)) - Pipeline Placement: Doesn't meet the criteria to be viable node. Heaviness: 6
2019-09-12 11:51:12,400 [RatisPipelineUtilsThread] ERROR pipeline.PipelinePlacementPolicy (PipelinePlacementPolicy.java:meetCriteria(91)) - Pipeline Placement: Doesn't meet the criteria to be viable node. Heaviness: 6
2019-09-12 11:51:12,400 [RatisPipelineUtilsThread] ERROR pipeline.PipelinePlacementPolicy (PipelinePlacementPolicy.java:meetCriteria(91)) - Pipeline Placement: Doesn't meet the criteria to be viable node. Heaviness: 6
2019-09-12 11:51:12,401 [RatisPipelineUtilsThread] ERROR pipeline.PipelinePlacementPolicy (PipelinePlacementPolicy.java:filterViableNodes(146)) - Unable to find enough nodes that meet the criteria that cannot engage in more than 5 pipelines. Nodes required: 3 Found: 0, healthy nodes count inNodeManager: 3.
2019-09-12 11:51:12,401 [RatisPipelineUtilsThread] ERROR pipeline.SCMPipelineManager (SCMPipelineManager.java:createPipeline(161)) - Pipeline creation failed due to exception: Unable to find enough nodes that meet the criteria that cannot engage in more than 5 pipelines. Nodes required: 3 Found: 0, healthy nodes count inNodeManager: 3.
2019-09-12 11:51:13,003 [main] INFO  ozone.MiniOzoneClusterImpl (MiniOzoneClusterImpl.java:lambda$waitForClusterToBeReady$0(142)) - Cluster is ready. Got 3 of 3 DN Heartbeats.
2019-09-12 11:51:13,185 | INFO  | OMAudit | user=jenkins1000 | ip=127.0.0.1 | op=CREATE_VOLUME {admin=admin24791, owner=user38448, volume=volume96325, creationTime=1568289073184, quotaInBytes=1152921504606846976} | ret=SUCCESS |  
2019-09-12 11:51:13,199 | INFO  | OMAudit | user=jenkins1000 | ip=127.0.0.1 | op=CREATE_BUCKET {volume=volume96325, bucket=bucket46321, acls=[], isVersionEnabled=false, storageType=DISK, creationTime=0} | ret=SUCCESS |  
2019-09-12 11:51:13,222 | INFO  | OMAudit | user=jenkins1000 | ip=127.0.0.1 | op=READ_VOLUME {volume=volume96325} | ret=SUCCESS |  
2019-09-12 11:51:13,224 | INFO  | OMAudit | user=jenkins1000 | ip=127.0.0.1 | op=READ_BUCKET {volume=volume96325, bucket=bucket46321} | ret=SUCCESS |  
2019-09-12 11:51:13,268 [IPC Server handler 1 on 33188] ERROR pipeline.PipelinePlacementPolicy (PipelinePlacementPolicy.java:meetCriteria(91)) - Pipeline Placement: Doesn't meet the criteria to be viable node. Heaviness: 6
2019-09-12 11:51:13,268 [IPC Server handler 1 on 33188] ERROR pipeline.PipelinePlacementPolicy (PipelinePlacementPolicy.java:meetCriteria(91)) - Pipeline Placement: Doesn't meet the criteria to be viable node. Heaviness: 6
2019-09-12 11:51:13,268 [IPC Server handler 1 on 33188] ERROR pipeline.PipelinePlacementPolicy (PipelinePlacementPolicy.java:meetCriteria(91)) - Pipeline Placement: Doesn't meet the criteria to be viable node. Heaviness: 6
2019-09-12 11:51:13,268 [IPC Server handler 1 on 33188] ERROR pipeline.PipelinePlacementPolicy (PipelinePlacementPolicy.java:filterViableNodes(146)) - Unable to find enough nodes that meet the criteria that cannot engage in more than 5 pipelines. Nodes required: 3 Found: 0, healthy nodes count inNodeManager: 3.
2019-09-12 11:51:13,269 [IPC Server handler 1 on 33188] ERROR pipeline.SCMPipelineManager (SCMPipelineManager.java:createPipeline(161)) - Pipeline creation failed due to exception: Unable to find enough nodes that meet the criteria that cannot engage in more than 5 pipelines. Nodes required: 3 Found: 0, healthy nodes count inNodeManager: 3.
2019-09-12 11:51:13,269 [IPC Server handler 1 on 33188] WARN  block.BlockManagerImpl (BlockManagerImpl.java:allocateBlock(192)) - Pipeline creation failed for type:RATIS factor:THREE. Retrying get pipelines call once.
org.apache.hadoop.hdds.scm.exceptions.SCMException: Unable to find enough nodes that meet the criteria that cannot engage in more than 5 pipelines. Nodes required: 3 Found: 0, healthy nodes count inNodeManager: 3.
	at org.apache.hadoop.hdds.scm.pipeline.PipelinePlacementPolicy.filterViableNodes(PipelinePlacementPolicy.java:147)
	at org.apache.hadoop.hdds.scm.pipeline.PipelinePlacementPolicy.chooseDatanodes(PipelinePlacementPolicy.java:170)
	at org.apache.hadoop.hdds.scm.pipeline.RatisPipelineProvider.create(RatisPipelineProvider.java:92)
	at org.apache.hadoop.hdds.scm.pipeline.PipelineFactory.create(PipelineFactory.java:57)
	at org.apache.hadoop.hdds.scm.pipeline.SCMPipelineManager.createPipeline(SCMPipelineManager.java:149)
	at org.apache.hadoop.hdds.scm.block.BlockManagerImpl.allocateBlock(BlockManagerImpl.java:190)
	at org.apache.hadoop.hdds.scm.server.SCMBlockProtocolServer.allocateBlock(SCMBlockProtocolServer.java:175)
	at org.apache.hadoop.ozone.protocolPB.ScmBlockLocationProtocolServerSideTranslatorPB.allocateScmBlock(ScmBlockLocationProtocolServerSideTranslatorPB.java:153)
	at org.apache.hadoop.ozone.protocolPB.ScmBlockLocationProtocolServerSideTranslatorPB.send(ScmBlockLocationProtocolServerSideTranslatorPB.java:112)
	at org.apache.hadoop.hdds.protocol.proto.ScmBlockLocationProtocolProtos$ScmBlockLocationProtocolService$2.callBlockingMethod(ScmBlockLocationProtocolProtos.java:13157)
	at org.apache.hadoop.ipc.ProtobufRpcEngine$Server$ProtoBufRpcInvoker.call(ProtobufRpcEngine.java:524)
	at org.apache.hadoop.ipc.RPC$Server.call(RPC.java:1025)
	at org.apache.hadoop.ipc.Server$RpcCall.run(Server.java:876)
	at org.apache.hadoop.ipc.Server$RpcCall.run(Server.java:822)
	at java.security.AccessController.doPrivileged(Native Method)
	at javax.security.auth.Subject.doAs(Subject.java:422)
	at org.apache.hadoop.security.UserGroupInformation.doAs(UserGroupInformation.java:1730)
	at org.apache.hadoop.ipc.Server$Handler.run(Server.java:2682)
2019-09-12 11:51:13,272 [IPC Server handler 1 on 33188] INFO  block.BlockManagerImpl (BlockManagerImpl.java:allocateBlock(198)) - Could not find available pipeline of type:RATIS and factor:THREE even after retrying
2019-09-12 11:51:13,272 [IPC Server handler 1 on 33188] ERROR block.BlockManagerImpl (BlockManagerImpl.java:allocateBlock(222)) - Unable to allocate a block for the size: 4194304, type: RATIS, factor: THREE
2019-09-12 11:51:13,272 | INFO  | SCMAudit | user=jenkins1000 | ip=192.168.157.195 | op=ALLOCATE_BLOCK {owner=43d167eb-edd0-4250-b795-064fdd95b110, size=4194304, type=RATIS, factor=THREE} | ret=SUCCESS |  
2019-09-12 11:51:13,279 | ERROR | OMAudit | user=jenkins1000 | ip=127.0.0.1 | op=CREATE_FILE {volume=volume96325, bucket=bucket46321, key=HZ7t5, dataSize=0, replicationType=RATIS, replicationFactor=THREE, keyLocationInfo=null} | ret=FAILURE | org.apache.hadoop.hdds.scm.exceptions.SCMException: Allocated 0 blocks. Requested 1 blocks
	at org.apache.hadoop.hdds.scm.protocolPB.ScmBlockLocationProtocolClientSideTranslatorPB.handleError(ScmBlockLocationProtocolClientSideTranslatorPB.java:118)
	at org.apache.hadoop.hdds.scm.protocolPB.ScmBlockLocationProtocolClientSideTranslatorPB.allocateBlock(ScmBlockLocationProtocolClientSideTranslatorPB.java:156) 
2019-09-12 11:51:13,283 [main] INFO  ozone.MiniOzoneClusterImpl (MiniOzoneClusterImpl.java:shutdown(321)) - Shutting down the Mini Ozone Cluster
2019-09-12 11:51:13,283 | INFO  | SCMAudit | user=null | ip=null | op=GET_SCM_INFO null | ret=SUCCESS |  
2019-09-12 11:51:13,283 [main] INFO  ozone.MiniOzoneClusterImpl (MiniOzoneClusterImpl.java:stop(336)) - Stopping the Mini Ozone Cluster
2019-09-12 11:51:13,284 [main] INFO  ozone.MiniOzoneClusterImpl (MiniOzoneClusterImpl.java:stop(338)) - Stopping the OzoneManager
2019-09-12 11:51:13,284 [main] INFO  ipc.Server (Server.java:stop(3082)) - Stopping server on 42167
2019-09-12 11:51:13,288 [IPC Server listener on 42167] INFO  ipc.Server (Server.java:run(1185)) - Stopping IPC Server listener on 42167
2019-09-12 11:51:13,288 [IPC Server Responder] INFO  ipc.Server (Server.java:run(1319)) - Stopping IPC Server Responder
2019-09-12 11:51:13,288 [main] INFO  ratis.OzoneManagerDoubleBuffer (OzoneManagerDoubleBuffer.java:stop(248)) - Stopping OMDoubleBuffer flush thread
2019-09-12 11:51:13,291 [OMDoubleBufferFlushThread] INFO  ratis.OzoneManagerDoubleBuffer (OzoneManagerDoubleBuffer.java:flushTransactions(191)) - OMDoubleBuffer flush thread OMDoubleBufferFlushThread is interrupted and will exit. OMDoubleBufferFlushThread
2019-09-12 11:51:13,292 [main] INFO  utils.BackgroundService (BackgroundService.java:shutdown(148)) - Shutting down service KeyDeletingService
2019-09-12 11:51:13,293 [main] INFO  handler.ContextHandler (ContextHandler.java:doStop(910)) - Stopped o.e.j.w.WebAppContext@68a97fc1{/,null,UNAVAILABLE}{/ozoneManager}
2019-09-12 11:51:13,294 [main] INFO  server.AbstractConnector (AbstractConnector.java:doStop(318)) - Stopped ServerConnector@227fc322{HTTP/1.1,[http/1.1]}{0.0.0.0:0}
2019-09-12 11:51:13,295 [main] INFO  handler.ContextHandler (ContextHandler.java:doStop(910)) - Stopped o.e.j.s.ServletContextHandler@3777fc44{/static,jar:file:/home/user/.m2/repository/org/apache/hadoop/hadoop-ozone-ozone-manager/0.5.0-SNAPSHOT/hadoop-ozone-ozone-manager-0.5.0-SNAPSHOT.jar!/webapps/static,UNAVAILABLE}
2019-09-12 11:51:13,295 [main] INFO  handler.ContextHandler (ContextHandler.java:doStop(910)) - Stopped o.e.j.s.ServletContextHandler@1fc386f8{/logs,file:///workdir/hadoop-ozone/ozonefs/target/log,UNAVAILABLE}
2019-09-12 11:51:13,298 [main] INFO  ozone.MiniOzoneClusterImpl (MiniOzoneClusterImpl.java:stop(344)) - Shutting the HddsDatanodes
2019-09-12 11:51:13,298 [main] INFO  datanode.ObjectStoreHandler (ObjectStoreHandler.java:close(155)) - Closing ObjectStoreHandler.
2019-09-12 11:51:13,299 [ForkJoinPool.commonPool-worker-1] INFO  datanode.ObjectStoreHandler (ObjectStoreHandler.java:close(155)) - Closing ObjectStoreHandler.
2019-09-12 11:51:13,299 [main] INFO  ozone.HddsDatanodeService (HddsDatanodeService.java:stop(451)) - Stopped plug-in org.apache.hadoop.ozone.web.OzoneHddsDatanodeService@63b2418e
2019-09-12 11:51:13,299 [ForkJoinPool.commonPool-worker-1] INFO  ozone.HddsDatanodeService (HddsDatanodeService.java:stop(451)) - Stopped plug-in org.apache.hadoop.ozone.web.OzoneHddsDatanodeService@32153bbe
2019-09-12 11:51:13,596 [Datanode State Machine Thread - 0] INFO  statemachine.DatanodeStateMachine (DatanodeStateMachine.java:lambda$startDaemon$0(350)) - Ozone container server started.
2019-09-12 11:51:13,800 [Datanode State Machine Thread - 0] INFO  statemachine.DatanodeStateMachine (DatanodeStateMachine.java:lambda$startDaemon$0(350)) - Ozone container server started.
2019-09-12 11:51:14,006 | INFO  | SCMAudit | user=jenkins1000 | ip=192.168.157.195 | op=SEND_HEARTBEAT {datanodeUUID=ebc8f44e-82c8-4fec-8a1c-a2914bafe39a, command=[]} | ret=SUCCESS |  
2019-09-12 11:51:14,606 [Thread-1504] INFO  container.ReplicationManager (ReplicationManager.java:start(151)) - Starting Replication Monitor Thread.
2019-09-12 11:51:14,609 [ReplicationMonitor] INFO  container.ReplicationManager (ReplicationManager.java:run(214)) - Replication Monitor Thread took 0 milliseconds for processing 0 containers.
2019-09-12 11:51:15,006 | INFO  | SCMAudit | user=jenkins1000 | ip=192.168.157.195 | op=SEND_HEARTBEAT {datanodeUUID=ebc8f44e-82c8-4fec-8a1c-a2914bafe39a, command=[]} | ret=SUCCESS |  
2019-09-12 11:51:16,006 | INFO  | SCMAudit | user=jenkins1000 | ip=192.168.157.195 | op=SEND_HEARTBEAT {datanodeUUID=ebc8f44e-82c8-4fec-8a1c-a2914bafe39a, command=[]} | ret=SUCCESS |  
2019-09-12 11:51:16,751 [Thread-1506] INFO  impl.FollowerState (FollowerState.java:run(106)) - a4e89051-4cc5-4cb7-a8c4-6efddc76418c:group-5D88A9C95165 changes to CANDIDATE, lastRpcTime:5085, electionTimeout:5085ms
2019-09-12 11:51:16,751 [Thread-1506] INFO  impl.RoleInfo (RoleInfo.java:shutdownFollowerState(121)) - a4e89051-4cc5-4cb7-a8c4-6efddc76418c: shutdown FollowerState
2019-09-12 11:51:16,751 [Thread-1506] INFO  impl.RaftServerImpl (RaftServerImpl.java:setRole(171)) - a4e89051-4cc5-4cb7-a8c4-6efddc76418c:group-5D88A9C95165 changes role from FOLLOWER to CANDIDATE at term 0 for changeToCandidate
2019-09-12 11:51:16,751 [Thread-1506] INFO  impl.RoleInfo (RoleInfo.java:updateAndGet(143)) - a4e89051-4cc5-4cb7-a8c4-6efddc76418c: start LeaderElection
2019-09-12 11:51:16,779 [a4e89051-4cc5-4cb7-a8c4-6efddc76418c:group-5D88A9C95165:LeaderElection91] INFO  impl.LeaderElection (LeaderElection.java:askForVotes(181)) - a4e89051-4cc5-4cb7-a8c4-6efddc76418c:group-5D88A9C95165:LeaderElection91: begin an election at term 1 for -1: [a4e89051-4cc5-4cb7-a8c4-6efddc76418c:192.168.157.195:44245], old=null
2019-09-12 11:51:16,779 [a4e89051-4cc5-4cb7-a8c4-6efddc76418c:group-5D88A9C95165:LeaderElection91] INFO  impl.RoleInfo (RoleInfo.java:shutdownLeaderElection(134)) - a4e89051-4cc5-4cb7-a8c4-6efddc76418c: shutdown LeaderElection
2019-09-12 11:51:16,780 [a4e89051-4cc5-4cb7-a8c4-6efddc76418c:group-5D88A9C95165:LeaderElection91] INFO  impl.RaftServerImpl (RaftServerImpl.java:setRole(171)) - a4e89051-4cc5-4cb7-a8c4-6efddc76418c:group-5D88A9C95165 changes role from CANDIDATE to LEADER at term 1 for changeToLeader
2019-09-12 11:51:16,780 [a4e89051-4cc5-4cb7-a8c4-6efddc76418c:group-5D88A9C95165:LeaderElection91] INFO  impl.RaftServerImpl (ServerState.java:setLeader(263)) - a4e89051-4cc5-4cb7-a8c4-6efddc76418c:group-5D88A9C95165 change Leader from null to a4e89051-4cc5-4cb7-a8c4-6efddc76418c at term 1 for becomeLeader, leader elected after 5119ms
2019-09-12 11:51:16,780 [a4e89051-4cc5-4cb7-a8c4-6efddc76418c:group-5D88A9C95165:LeaderElection91] INFO  server.RaftServerConfigKeys (ConfUtils.java:logGet(43)) - raft.server.staging.catchup.gap = 1000 (default)
2019-09-12 11:51:16,780 [a4e89051-4cc5-4cb7-a8c4-6efddc76418c:group-5D88A9C95165:LeaderElection91] INFO  server.RaftServerConfigKeys (ConfUtils.java:logGet(43)) - raft.server.rpc.sleep.time = 25ms (default)
2019-09-12 11:51:16,780 [a4e89051-4cc5-4cb7-a8c4-6efddc76418c:group-5D88A9C95165:LeaderElection91] INFO  server.RaftServerConfigKeys (ConfUtils.java:logGet(43)) - raft.server.write.element-limit = 4096 (default)
2019-09-12 11:51:16,780 [a4e89051-4cc5-4cb7-a8c4-6efddc76418c:group-5D88A9C95165:LeaderElection91] INFO  server.RaftServerConfigKeys (ConfUtils.java:logGet(43)) - raft.server.watch.timeout = 10s (default)
2019-09-12 11:51:16,781 [a4e89051-4cc5-4cb7-a8c4-6efddc76418c:group-5D88A9C95165:LeaderElection91] INFO  server.RaftServerConfigKeys (ConfUtils.java:logGet(43)) - raft.server.watch.timeout.denomination = 1s (default)
2019-09-12 11:51:16,781 [a4e89051-4cc5-4cb7-a8c4-6efddc76418c:group-5D88A9C95165:LeaderElection91] INFO  server.RaftServerConfigKeys (ConfUtils.java:logGet(43)) - raft.server.watch.element-limit = 65536 (default)
2019-09-12 11:51:16,781 [a4e89051-4cc5-4cb7-a8c4-6efddc76418c:group-5D88A9C95165:LeaderElection91] INFO  impl.RoleInfo (RoleInfo.java:updateAndGet(143)) - a4e89051-4cc5-4cb7-a8c4-6efddc76418c: start LeaderState
2019-09-12 11:51:16,781 [a4e89051-4cc5-4cb7-a8c4-6efddc76418c:group-5D88A9C95165:LeaderElection91] INFO  segmented.SegmentedRaftLogWorker (SegmentedRaftLogWorker.java:startLogSegment(380)) - a4e89051-4cc5-4cb7-a8c4-6efddc76418c-SegmentedRaftLogWorker:Storage Directory /workdir/hadoop-ozone/ozonefs/target/test-dir/MiniOzoneClusterImpl-2036787f-4a5c-4c85-b727-13a1bbcfb7f9/datanode-0/data/ratis/e23b87cf-8a0c-4016-8cfd-5d88a9c95165: Starting segment from index:0
2019-09-12 11:51:16,782 [a4e89051-4cc5-4cb7-a8c4-6efddc76418c:group-5D88A9C95165:LeaderElection91] INFO  impl.RaftServerImpl (ServerState.java:setRaftConf(361)) - a4e89051-4cc5-4cb7-a8c4-6efddc76418c:group-5D88A9C95165 set configuration 0: [a4e89051-4cc5-4cb7-a8c4-6efddc76418c:192.168.157.195:44245], old=null at 0
2019-09-12 11:51:16,840 [Thread-1512] INFO  impl.FollowerState (FollowerState.java:run(106)) - a4e89051-4cc5-4cb7-a8c4-6efddc76418c:group-021E76AE19BA changes to CANDIDATE, lastRpcTime:5092, electionTimeout:5092ms
2019-09-12 11:51:16,840 [Thread-1512] INFO  impl.RoleInfo (RoleInfo.java:shutdownFollowerState(121)) - a4e89051-4cc5-4cb7-a8c4-6efddc76418c: shutdown FollowerState
2019-09-12 11:51:16,840 [Thread-1512] INFO  impl.RaftServerImpl (RaftServerImpl.java:setRole(171)) - a4e89051-4cc5-4cb7-a8c4-6efddc76418c:group-021E76AE19BA changes role from FOLLOWER to CANDIDATE at term 0 for changeToCandidate
2019-09-12 11:51:16,840 [Thread-1512] INFO  impl.RoleInfo (RoleInfo.java:updateAndGet(143)) - a4e89051-4cc5-4cb7-a8c4-6efddc76418c: start LeaderElection
2019-09-12 11:51:16,840 [Thread-1518] INFO  impl.FollowerState (FollowerState.java:run(106)) - a4e89051-4cc5-4cb7-a8c4-6efddc76418c:group-6D475289B7D8 changes to CANDIDATE, lastRpcTime:5013, electionTimeout:5013ms
2019-09-12 11:51:16,841 [Thread-1518] INFO  impl.RoleInfo (RoleInfo.java:shutdownFollowerState(121)) - a4e89051-4cc5-4cb7-a8c4-6efddc76418c: shutdown FollowerState
2019-09-12 11:51:16,843 [Thread-1518] INFO  impl.RaftServerImpl (RaftServerImpl.java:setRole(171)) - a4e89051-4cc5-4cb7-a8c4-6efddc76418c:group-6D475289B7D8 changes role from FOLLOWER to CANDIDATE at term 0 for changeToCandidate
2019-09-12 11:51:16,843 [a4e89051-4cc5-4cb7-a8c4-6efddc76418c-SegmentedRaftLogWorker:Storage Directory /workdir/hadoop-ozone/ozonefs/target/test-dir/MiniOzoneClusterImpl-2036787f-4a5c-4c85-b727-13a1bbcfb7f9/datanode-0/data/ratis/e23b87cf-8a0c-4016-8cfd-5d88a9c95165] INFO  segmented.SegmentedRaftLogWorker (SegmentedRaftLogWorker.java:execute(569)) - a4e89051-4cc5-4cb7-a8c4-6efddc76418c-SegmentedRaftLogWorker:Storage Directory /workdir/hadoop-ozone/ozonefs/target/test-dir/MiniOzoneClusterImpl-2036787f-4a5c-4c85-b727-13a1bbcfb7f9/datanode-0/data/ratis/e23b87cf-8a0c-4016-8cfd-5d88a9c95165: created new log segment /workdir/hadoop-ozone/ozonefs/target/test-dir/MiniOzoneClusterImpl-2036787f-4a5c-4c85-b727-13a1bbcfb7f9/datanode-0/data/ratis/e23b87cf-8a0c-4016-8cfd-5d88a9c95165/current/log_inprogress_0
2019-09-12 11:51:16,843 [Thread-1518] INFO  impl.RoleInfo (RoleInfo.java:updateAndGet(143)) - a4e89051-4cc5-4cb7-a8c4-6efddc76418c: start LeaderElection
2019-09-12 11:51:16,868 [a4e89051-4cc5-4cb7-a8c4-6efddc76418c:group-021E76AE19BA:LeaderElection92] INFO  impl.LeaderElection (LeaderElection.java:askForVotes(181)) - a4e89051-4cc5-4cb7-a8c4-6efddc76418c:group-021E76AE19BA:LeaderElection92: begin an election at term 1 for -1: [a4e89051-4cc5-4cb7-a8c4-6efddc76418c:192.168.157.195:44245], old=null
2019-09-12 11:51:16,868 [a4e89051-4cc5-4cb7-a8c4-6efddc76418c:group-6D475289B7D8:LeaderElection93] INFO  impl.LeaderElection (LeaderElection.java:askForVotes(181)) - a4e89051-4cc5-4cb7-a8c4-6efddc76418c:group-6D475289B7D8:LeaderElection93: begin an election at term 1 for -1: [a4e89051-4cc5-4cb7-a8c4-6efddc76418c:192.168.157.195:44245], old=null
2019-09-12 11:51:16,868 [a4e89051-4cc5-4cb7-a8c4-6efddc76418c:group-021E76AE19BA:LeaderElection92] INFO  impl.RoleInfo (RoleInfo.java:shutdownLeaderElection(134)) - a4e89051-4cc5-4cb7-a8c4-6efddc76418c: shutdown LeaderElection
2019-09-12 11:51:16,868 [a4e89051-4cc5-4cb7-a8c4-6efddc76418c:group-6D475289B7D8:LeaderElection93] INFO  impl.RoleInfo (RoleInfo.java:shutdownLeaderElection(134)) - a4e89051-4cc5-4cb7-a8c4-6efddc76418c: shutdown LeaderElection
2019-09-12 11:51:16,868 [a4e89051-4cc5-4cb7-a8c4-6efddc76418c:group-021E76AE19BA:LeaderElection92] INFO  impl.RaftServerImpl (RaftServerImpl.java:setRole(171)) - a4e89051-4cc5-4cb7-a8c4-6efddc76418c:group-021E76AE19BA changes role from CANDIDATE to LEADER at term 1 for changeToLeader
2019-09-12 11:51:16,868 [a4e89051-4cc5-4cb7-a8c4-6efddc76418c:group-6D475289B7D8:LeaderElection93] INFO  impl.RaftServerImpl (RaftServerImpl.java:setRole(171)) - a4e89051-4cc5-4cb7-a8c4-6efddc76418c:group-6D475289B7D8 changes role from CANDIDATE to LEADER at term 1 for changeToLeader
2019-09-12 11:51:16,868 [a4e89051-4cc5-4cb7-a8c4-6efddc76418c:group-021E76AE19BA:LeaderElection92] INFO  impl.RaftServerImpl (ServerState.java:setLeader(263)) - a4e89051-4cc5-4cb7-a8c4-6efddc76418c:group-021E76AE19BA change Leader from null to a4e89051-4cc5-4cb7-a8c4-6efddc76418c at term 1 for becomeLeader, leader elected after 5124ms
2019-09-12 11:51:16,869 [a4e89051-4cc5-4cb7-a8c4-6efddc76418c:group-6D475289B7D8:LeaderElection93] INFO  impl.RaftServerImpl (ServerState.java:setLeader(263)) - a4e89051-4cc5-4cb7-a8c4-6efddc76418c:group-6D475289B7D8 change Leader from null to a4e89051-4cc5-4cb7-a8c4-6efddc76418c at term 1 for becomeLeader, leader elected after 5044ms
2019-09-12 11:51:16,869 [a4e89051-4cc5-4cb7-a8c4-6efddc76418c:group-021E76AE19BA:LeaderElection92] INFO  server.RaftServerConfigKeys (ConfUtils.java:logGet(43)) - raft.server.staging.catchup.gap = 1000 (default)
2019-09-12 11:51:16,869 [a4e89051-4cc5-4cb7-a8c4-6efddc76418c:group-6D475289B7D8:LeaderElection93] INFO  server.RaftServerConfigKeys (ConfUtils.java:logGet(43)) - raft.server.staging.catchup.gap = 1000 (default)
2019-09-12 11:51:16,869 [a4e89051-4cc5-4cb7-a8c4-6efddc76418c:group-021E76AE19BA:LeaderElection92] INFO  server.RaftServerConfigKeys (ConfUtils.java:logGet(43)) - raft.server.rpc.sleep.time = 25ms (default)
2019-09-12 11:51:16,869 [a4e89051-4cc5-4cb7-a8c4-6efddc76418c:group-6D475289B7D8:LeaderElection93] INFO  server.RaftServerConfigKeys (ConfUtils.java:logGet(43)) - raft.server.rpc.sleep.time = 25ms (default)
2019-09-12 11:51:16,869 [a4e89051-4cc5-4cb7-a8c4-6efddc76418c:group-021E76AE19BA:LeaderElection92] INFO  server.RaftServerConfigKeys (ConfUtils.java:logGet(43)) - raft.server.write.element-limit = 4096 (default)
2019-09-12 11:51:16,869 [a4e89051-4cc5-4cb7-a8c4-6efddc76418c:group-6D475289B7D8:LeaderElection93] INFO  server.RaftServerConfigKeys (ConfUtils.java:logGet(43)) - raft.server.write.element-limit = 4096 (default)
2019-09-12 11:51:16,869 [a4e89051-4cc5-4cb7-a8c4-6efddc76418c:group-021E76AE19BA:LeaderElection92] INFO  server.RaftServerConfigKeys (ConfUtils.java:logGet(43)) - raft.server.watch.timeout = 10s (default)
2019-09-12 11:51:16,870 [a4e89051-4cc5-4cb7-a8c4-6efddc76418c:group-6D475289B7D8:LeaderElection93] INFO  server.RaftServerConfigKeys (ConfUtils.java:logGet(43)) - raft.server.watch.timeout = 10s (default)
2019-09-12 11:51:16,870 [a4e89051-4cc5-4cb7-a8c4-6efddc76418c:group-021E76AE19BA:LeaderElection92] INFO  server.RaftServerConfigKeys (ConfUtils.java:logGet(43)) - raft.server.watch.timeout.denomination = 1s (default)
2019-09-12 11:51:16,870 [a4e89051-4cc5-4cb7-a8c4-6efddc76418c:group-6D475289B7D8:LeaderElection93] INFO  server.RaftServerConfigKeys (ConfUtils.java:logGet(43)) - raft.server.watch.timeout.denomination = 1s (default)
2019-09-12 11:51:16,870 [a4e89051-4cc5-4cb7-a8c4-6efddc76418c:group-021E76AE19BA:LeaderElection92] INFO  server.RaftServerConfigKeys (ConfUtils.java:logGet(43)) - raft.server.watch.element-limit = 65536 (default)
2019-09-12 11:51:16,870 [a4e89051-4cc5-4cb7-a8c4-6efddc76418c:group-6D475289B7D8:LeaderElection93] INFO  server.RaftServerConfigKeys (ConfUtils.java:logGet(43)) - raft.server.watch.element-limit = 65536 (default)
2019-09-12 11:51:16,870 [a4e89051-4cc5-4cb7-a8c4-6efddc76418c:group-021E76AE19BA:LeaderElection92] INFO  impl.RoleInfo (RoleInfo.java:updateAndGet(143)) - a4e89051-4cc5-4cb7-a8c4-6efddc76418c: start LeaderState
2019-09-12 11:51:16,870 [a4e89051-4cc5-4cb7-a8c4-6efddc76418c:group-6D475289B7D8:LeaderElection93] INFO  impl.RoleInfo (RoleInfo.java:updateAndGet(143)) - a4e89051-4cc5-4cb7-a8c4-6efddc76418c: start LeaderState
2019-09-12 11:51:16,870 [a4e89051-4cc5-4cb7-a8c4-6efddc76418c:group-021E76AE19BA:LeaderElection92] INFO  segmented.SegmentedRaftLogWorker (SegmentedRaftLogWorker.java:startLogSegment(380)) - a4e89051-4cc5-4cb7-a8c4-6efddc76418c-SegmentedRaftLogWorker:Storage Directory /workdir/hadoop-ozone/ozonefs/target/test-dir/MiniOzoneClusterImpl-2036787f-4a5c-4c85-b727-13a1bbcfb7f9/datanode-0/data/ratis/9f0cbb09-0dcb-46b5-9118-021e76ae19ba: Starting segment from index:0
2019-09-12 11:51:16,871 [a4e89051-4cc5-4cb7-a8c4-6efddc76418c:group-6D475289B7D8:LeaderElection93] INFO  segmented.SegmentedRaftLogWorker (SegmentedRaftLogWorker.java:startLogSegment(380)) - a4e89051-4cc5-4cb7-a8c4-6efddc76418c-SegmentedRaftLogWorker:Storage Directory /workdir/hadoop-ozone/ozonefs/target/test-dir/MiniOzoneClusterImpl-2036787f-4a5c-4c85-b727-13a1bbcfb7f9/datanode-0/data/ratis/536a2361-7abb-4328-b016-6d475289b7d8: Starting segment from index:0
2019-09-12 11:51:16,871 [a4e89051-4cc5-4cb7-a8c4-6efddc76418c:group-021E76AE19BA:LeaderElection92] INFO  impl.RaftServerImpl (ServerState.java:setRaftConf(361)) - a4e89051-4cc5-4cb7-a8c4-6efddc76418c:group-021E76AE19BA set configuration 0: [a4e89051-4cc5-4cb7-a8c4-6efddc76418c:192.168.157.195:44245], old=null at 0
2019-09-12 11:51:16,871 [a4e89051-4cc5-4cb7-a8c4-6efddc76418c:group-6D475289B7D8:LeaderElection93] INFO  impl.RaftServerImpl (ServerState.java:setRaftConf(361)) - a4e89051-4cc5-4cb7-a8c4-6efddc76418c:group-6D475289B7D8 set configuration 0: [a4e89051-4cc5-4cb7-a8c4-6efddc76418c:192.168.157.195:44245], old=null at 0
2019-09-12 11:51:16,906 [Thread-1509] INFO  impl.FollowerState (FollowerState.java:run(106)) - a4e89051-4cc5-4cb7-a8c4-6efddc76418c:group-45716079D263 changes to CANDIDATE, lastRpcTime:5197, electionTimeout:5197ms
2019-09-12 11:51:16,906 [Thread-1509] INFO  impl.RoleInfo (RoleInfo.java:shutdownFollowerState(121)) - a4e89051-4cc5-4cb7-a8c4-6efddc76418c: shutdown FollowerState
2019-09-12 11:51:16,907 [Thread-1509] INFO  impl.RaftServerImpl (RaftServerImpl.java:setRole(171)) - a4e89051-4cc5-4cb7-a8c4-6efddc76418c:group-45716079D263 changes role from FOLLOWER to CANDIDATE at term 0 for changeToCandidate
2019-09-12 11:51:16,907 [Thread-1509] INFO  impl.RoleInfo (RoleInfo.java:updateAndGet(143)) - a4e89051-4cc5-4cb7-a8c4-6efddc76418c: start LeaderElection
2019-09-12 11:51:16,917 [a4e89051-4cc5-4cb7-a8c4-6efddc76418c-SegmentedRaftLogWorker:Storage Directory /workdir/hadoop-ozone/ozonefs/target/test-dir/MiniOzoneClusterImpl-2036787f-4a5c-4c85-b727-13a1bbcfb7f9/datanode-0/data/ratis/536a2361-7abb-4328-b016-6d475289b7d8] INFO  segmented.SegmentedRaftLogWorker (SegmentedRaftLogWorker.java:execute(569)) - a4e89051-4cc5-4cb7-a8c4-6efddc76418c-SegmentedRaftLogWorker:Storage Directory /workdir/hadoop-ozone/ozonefs/target/test-dir/MiniOzoneClusterImpl-2036787f-4a5c-4c85-b727-13a1bbcfb7f9/datanode-0/data/ratis/536a2361-7abb-4328-b016-6d475289b7d8: created new log segment /workdir/hadoop-ozone/ozonefs/target/test-dir/MiniOzoneClusterImpl-2036787f-4a5c-4c85-b727-13a1bbcfb7f9/datanode-0/data/ratis/536a2361-7abb-4328-b016-6d475289b7d8/current/log_inprogress_0
2019-09-12 11:51:16,917 [a4e89051-4cc5-4cb7-a8c4-6efddc76418c:group-45716079D263:LeaderElection94] INFO  impl.LeaderElection (LeaderElection.java:askForVotes(181)) - a4e89051-4cc5-4cb7-a8c4-6efddc76418c:group-45716079D263:LeaderElection94: begin an election at term 1 for -1: [a4e89051-4cc5-4cb7-a8c4-6efddc76418c:192.168.157.195:44245], old=null
2019-09-12 11:51:16,917 [a4e89051-4cc5-4cb7-a8c4-6efddc76418c-SegmentedRaftLogWorker:Storage Directory /workdir/hadoop-ozone/ozonefs/target/test-dir/MiniOzoneClusterImpl-2036787f-4a5c-4c85-b727-13a1bbcfb7f9/datanode-0/data/ratis/9f0cbb09-0dcb-46b5-9118-021e76ae19ba] INFO  segmented.SegmentedRaftLogWorker (SegmentedRaftLogWorker.java:execute(569)) - a4e89051-4cc5-4cb7-a8c4-6efddc76418c-SegmentedRaftLogWorker:Storage Directory /workdir/hadoop-ozone/ozonefs/target/test-dir/MiniOzoneClusterImpl-2036787f-4a5c-4c85-b727-13a1bbcfb7f9/datanode-0/data/ratis/9f0cbb09-0dcb-46b5-9118-021e76ae19ba: created new log segment /workdir/hadoop-ozone/ozonefs/target/test-dir/MiniOzoneClusterImpl-2036787f-4a5c-4c85-b727-13a1bbcfb7f9/datanode-0/data/ratis/9f0cbb09-0dcb-46b5-9118-021e76ae19ba/current/log_inprogress_0
2019-09-12 11:51:16,917 [a4e89051-4cc5-4cb7-a8c4-6efddc76418c:group-45716079D263:LeaderElection94] INFO  impl.RoleInfo (RoleInfo.java:shutdownLeaderElection(134)) - a4e89051-4cc5-4cb7-a8c4-6efddc76418c: shutdown LeaderElection
2019-09-12 11:51:16,918 [a4e89051-4cc5-4cb7-a8c4-6efddc76418c:group-45716079D263:LeaderElection94] INFO  impl.RaftServerImpl (RaftServerImpl.java:setRole(171)) - a4e89051-4cc5-4cb7-a8c4-6efddc76418c:group-45716079D263 changes role from CANDIDATE to LEADER at term 1 for changeToLeader
2019-09-12 11:51:16,918 [a4e89051-4cc5-4cb7-a8c4-6efddc76418c:group-45716079D263:LeaderElection94] INFO  impl.RaftServerImpl (ServerState.java:setLeader(263)) - a4e89051-4cc5-4cb7-a8c4-6efddc76418c:group-45716079D263 change Leader from null to a4e89051-4cc5-4cb7-a8c4-6efddc76418c at term 1 for becomeLeader, leader elected after 5212ms
2019-09-12 11:51:16,918 [a4e89051-4cc5-4cb7-a8c4-6efddc76418c:group-45716079D263:LeaderElection94] INFO  server.RaftServerConfigKeys (ConfUtils.java:logGet(43)) - raft.server.staging.catchup.gap = 1000 (default)
2019-09-12 11:51:16,918 [a4e89051-4cc5-4cb7-a8c4-6efddc76418c:group-45716079D263:LeaderElection94] INFO  server.RaftServerConfigKeys (ConfUtils.java:logGet(43)) - raft.server.rpc.sleep.time = 25ms (default)
2019-09-12 11:51:16,918 [a4e89051-4cc5-4cb7-a8c4-6efddc76418c:group-45716079D263:LeaderElection94] INFO  server.RaftServerConfigKeys (ConfUtils.java:logGet(43)) - raft.server.write.element-limit = 4096 (default)
2019-09-12 11:51:16,918 [a4e89051-4cc5-4cb7-a8c4-6efddc76418c:group-45716079D263:LeaderElection94] INFO  server.RaftServerConfigKeys (ConfUtils.java:logGet(43)) - raft.server.watch.timeout = 10s (default)
2019-09-12 11:51:16,918 [a4e89051-4cc5-4cb7-a8c4-6efddc76418c:group-45716079D263:LeaderElection94] INFO  server.RaftServerConfigKeys (ConfUtils.java:logGet(43)) - raft.server.watch.timeout.denomination = 1s (default)
2019-09-12 11:51:16,918 [a4e89051-4cc5-4cb7-a8c4-6efddc76418c:group-45716079D263:LeaderElection94] INFO  server.RaftServerConfigKeys (ConfUtils.java:logGet(43)) - raft.server.watch.element-limit = 65536 (default)
2019-09-12 11:51:16,919 [a4e89051-4cc5-4cb7-a8c4-6efddc76418c:group-45716079D263:LeaderElection94] INFO  impl.RoleInfo (RoleInfo.java:updateAndGet(143)) - a4e89051-4cc5-4cb7-a8c4-6efddc76418c: start LeaderState
2019-09-12 11:51:16,919 [a4e89051-4cc5-4cb7-a8c4-6efddc76418c:group-45716079D263:LeaderElection94] INFO  segmented.SegmentedRaftLogWorker (SegmentedRaftLogWorker.java:startLogSegment(380)) - a4e89051-4cc5-4cb7-a8c4-6efddc76418c-SegmentedRaftLogWorker:Storage Directory /workdir/hadoop-ozone/ozonefs/target/test-dir/MiniOzoneClusterImpl-2036787f-4a5c-4c85-b727-13a1bbcfb7f9/datanode-0/data/ratis/f60151ba-9c89-4866-98cb-45716079d263: Starting segment from index:0
2019-09-12 11:51:16,919 [a4e89051-4cc5-4cb7-a8c4-6efddc76418c:group-45716079D263:LeaderElection94] INFO  impl.RaftServerImpl (ServerState.java:setRaftConf(361)) - a4e89051-4cc5-4cb7-a8c4-6efddc76418c:group-45716079D263 set configuration 0: [a4e89051-4cc5-4cb7-a8c4-6efddc76418c:192.168.157.195:44245], old=null at 0
2019-09-12 11:51:16,960 [a4e89051-4cc5-4cb7-a8c4-6efddc76418c-SegmentedRaftLogWorker:Storage Directory /workdir/hadoop-ozone/ozonefs/target/test-dir/MiniOzoneClusterImpl-2036787f-4a5c-4c85-b727-13a1bbcfb7f9/datanode-0/data/ratis/f60151ba-9c89-4866-98cb-45716079d263] INFO  segmented.SegmentedRaftLogWorker (SegmentedRaftLogWorker.java:execute(569)) - a4e89051-4cc5-4cb7-a8c4-6efddc76418c-SegmentedRaftLogWorker:Storage Directory /workdir/hadoop-ozone/ozonefs/target/test-dir/MiniOzoneClusterImpl-2036787f-4a5c-4c85-b727-13a1bbcfb7f9/datanode-0/data/ratis/f60151ba-9c89-4866-98cb-45716079d263: created new log segment /workdir/hadoop-ozone/ozonefs/target/test-dir/MiniOzoneClusterImpl-2036787f-4a5c-4c85-b727-13a1bbcfb7f9/datanode-0/data/ratis/f60151ba-9c89-4866-98cb-45716079d263/current/log_inprogress_0
2019-09-12 11:51:16,967 [Thread-1515] INFO  impl.FollowerState (FollowerState.java:run(106)) - a4e89051-4cc5-4cb7-a8c4-6efddc76418c:group-9F29298583AE changes to CANDIDATE, lastRpcTime:5179, electionTimeout:5179ms
2019-09-12 11:51:16,967 [Thread-1515] INFO  impl.RoleInfo (RoleInfo.java:shutdownFollowerState(121)) - a4e89051-4cc5-4cb7-a8c4-6efddc76418c: shutdown FollowerState
2019-09-12 11:51:16,967 [Thread-1515] INFO  impl.RaftServerImpl (RaftServerImpl.java:setRole(171)) - a4e89051-4cc5-4cb7-a8c4-6efddc76418c:group-9F29298583AE changes role from FOLLOWER to CANDIDATE at term 0 for changeToCandidate
2019-09-12 11:51:16,967 [Thread-1515] INFO  impl.RoleInfo (RoleInfo.java:updateAndGet(143)) - a4e89051-4cc5-4cb7-a8c4-6efddc76418c: start LeaderElection
2019-09-12 11:51:16,973 [a4e89051-4cc5-4cb7-a8c4-6efddc76418c:group-9F29298583AE:LeaderElection95] INFO  impl.LeaderElection (LeaderElection.java:askForVotes(181)) - a4e89051-4cc5-4cb7-a8c4-6efddc76418c:group-9F29298583AE:LeaderElection95: begin an election at term 1 for -1: [a4e89051-4cc5-4cb7-a8c4-6efddc76418c:192.168.157.195:44245], old=null
2019-09-12 11:51:16,973 [a4e89051-4cc5-4cb7-a8c4-6efddc76418c:group-9F29298583AE:LeaderElection95] INFO  impl.RoleInfo (RoleInfo.java:shutdownLeaderElection(134)) - a4e89051-4cc5-4cb7-a8c4-6efddc76418c: shutdown LeaderElection
2019-09-12 11:51:16,973 [a4e89051-4cc5-4cb7-a8c4-6efddc76418c:group-9F29298583AE:LeaderElection95] INFO  impl.RaftServerImpl (RaftServerImpl.java:setRole(171)) - a4e89051-4cc5-4cb7-a8c4-6efddc76418c:group-9F29298583AE changes role from CANDIDATE to LEADER at term 1 for changeToLeader
2019-09-12 11:51:16,973 [a4e89051-4cc5-4cb7-a8c4-6efddc76418c:group-9F29298583AE:LeaderElection95] INFO  impl.RaftServerImpl (ServerState.java:setLeader(263)) - a4e89051-4cc5-4cb7-a8c4-6efddc76418c:group-9F29298583AE change Leader from null to a4e89051-4cc5-4cb7-a8c4-6efddc76418c at term 1 for becomeLeader, leader elected after 5188ms
2019-09-12 11:51:16,973 [a4e89051-4cc5-4cb7-a8c4-6efddc76418c:group-9F29298583AE:LeaderElection95] INFO  server.RaftServerConfigKeys (ConfUtils.java:logGet(43)) - raft.server.staging.catchup.gap = 1000 (default)
2019-09-12 11:51:16,973 [a4e89051-4cc5-4cb7-a8c4-6efddc76418c:group-9F29298583AE:LeaderElection95] INFO  server.RaftServerConfigKeys (ConfUtils.java:logGet(43)) - raft.server.rpc.sleep.time = 25ms (default)
2019-09-12 11:51:16,973 [a4e89051-4cc5-4cb7-a8c4-6efddc76418c:group-9F29298583AE:LeaderElection95] INFO  server.RaftServerConfigKeys (ConfUtils.java:logGet(43)) - raft.server.write.element-limit = 4096 (default)
2019-09-12 11:51:16,973 [a4e89051-4cc5-4cb7-a8c4-6efddc76418c:group-9F29298583AE:LeaderElection95] INFO  server.RaftServerConfigKeys (ConfUtils.java:logGet(43)) - raft.server.watch.timeout = 10s (default)
2019-09-12 11:51:16,974 [a4e89051-4cc5-4cb7-a8c4-6efddc76418c:group-9F29298583AE:LeaderElection95] INFO  server.RaftServerConfigKeys (ConfUtils.java:logGet(43)) - raft.server.watch.timeout.denomination = 1s (default)
2019-09-12 11:51:16,974 [a4e89051-4cc5-4cb7-a8c4-6efddc76418c:group-9F29298583AE:LeaderElection95] INFO  server.RaftServerConfigKeys (ConfUtils.java:logGet(43)) - raft.server.watch.element-limit = 65536 (default)
2019-09-12 11:51:16,974 [a4e89051-4cc5-4cb7-a8c4-6efddc76418c:group-9F29298583AE:LeaderElection95] INFO  impl.RoleInfo (RoleInfo.java:updateAndGet(143)) - a4e89051-4cc5-4cb7-a8c4-6efddc76418c: start LeaderState
2019-09-12 11:51:16,974 [a4e89051-4cc5-4cb7-a8c4-6efddc76418c:group-9F29298583AE:LeaderElection95] INFO  segmented.SegmentedRaftLogWorker (SegmentedRaftLogWorker.java:startLogSegment(380)) - a4e89051-4cc5-4cb7-a8c4-6efddc76418c-SegmentedRaftLogWorker:Storage Directory /workdir/hadoop-ozone/ozonefs/target/test-dir/MiniOzoneClusterImpl-2036787f-4a5c-4c85-b727-13a1bbcfb7f9/datanode-0/data/ratis/eb264516-7601-4212-9737-9f29298583ae: Starting segment from index:0
2019-09-12 11:51:16,974 [a4e89051-4cc5-4cb7-a8c4-6efddc76418c:group-9F29298583AE:LeaderElection95] INFO  impl.RaftServerImpl (ServerState.java:setRaftConf(361)) - a4e89051-4cc5-4cb7-a8c4-6efddc76418c:group-9F29298583AE set configuration 0: [a4e89051-4cc5-4cb7-a8c4-6efddc76418c:192.168.157.195:44245], old=null at 0
2019-09-12 11:51:16,994 [Thread-1524] INFO  impl.FollowerState (FollowerState.java:run(106)) - 0c68de6a-5794-4c46-b75f-96dd4df51bcf:group-8AC27B14C9FA changes to CANDIDATE, lastRpcTime:5110, electionTimeout:5110ms
2019-09-12 11:51:16,994 [Thread-1524] INFO  impl.RoleInfo (RoleInfo.java:shutdownFollowerState(121)) - 0c68de6a-5794-4c46-b75f-96dd4df51bcf: shutdown FollowerState
2019-09-12 11:51:16,995 [Thread-1524] INFO  impl.RaftServerImpl (RaftServerImpl.java:setRole(171)) - 0c68de6a-5794-4c46-b75f-96dd4df51bcf:group-8AC27B14C9FA changes role from FOLLOWER to CANDIDATE at term 0 for changeToCandidate
2019-09-12 11:51:16,995 [Thread-1524] INFO  impl.RoleInfo (RoleInfo.java:updateAndGet(143)) - 0c68de6a-5794-4c46-b75f-96dd4df51bcf: start LeaderElection
2019-09-12 11:51:17,006 | INFO  | SCMAudit | user=jenkins1000 | ip=192.168.157.195 | op=SEND_HEARTBEAT {datanodeUUID=ebc8f44e-82c8-4fec-8a1c-a2914bafe39a, command=[]} | ret=SUCCESS |  
2019-09-12 11:51:17,006 [a4e89051-4cc5-4cb7-a8c4-6efddc76418c-SegmentedRaftLogWorker:Storage Directory /workdir/hadoop-ozone/ozonefs/target/test-dir/MiniOzoneClusterImpl-2036787f-4a5c-4c85-b727-13a1bbcfb7f9/datanode-0/data/ratis/eb264516-7601-4212-9737-9f29298583ae] INFO  segmented.SegmentedRaftLogWorker (SegmentedRaftLogWorker.java:execute(569)) - a4e89051-4cc5-4cb7-a8c4-6efddc76418c-SegmentedRaftLogWorker:Storage Directory /workdir/hadoop-ozone/ozonefs/target/test-dir/MiniOzoneClusterImpl-2036787f-4a5c-4c85-b727-13a1bbcfb7f9/datanode-0/data/ratis/eb264516-7601-4212-9737-9f29298583ae: created new log segment /workdir/hadoop-ozone/ozonefs/target/test-dir/MiniOzoneClusterImpl-2036787f-4a5c-4c85-b727-13a1bbcfb7f9/datanode-0/data/ratis/eb264516-7601-4212-9737-9f29298583ae/current/log_inprogress_0
2019-09-12 11:51:17,006 [0c68de6a-5794-4c46-b75f-96dd4df51bcf:group-8AC27B14C9FA:LeaderElection96] INFO  impl.LeaderElection (LeaderElection.java:askForVotes(181)) - 0c68de6a-5794-4c46-b75f-96dd4df51bcf:group-8AC27B14C9FA:LeaderElection96: begin an election at term 1 for -1: [0c68de6a-5794-4c46-b75f-96dd4df51bcf:192.168.157.195:40992], old=null
2019-09-12 11:51:17,006 [0c68de6a-5794-4c46-b75f-96dd4df51bcf:group-8AC27B14C9FA:LeaderElection96] INFO  impl.RoleInfo (RoleInfo.java:shutdownLeaderElection(134)) - 0c68de6a-5794-4c46-b75f-96dd4df51bcf: shutdown LeaderElection
2019-09-12 11:51:17,007 [0c68de6a-5794-4c46-b75f-96dd4df51bcf:group-8AC27B14C9FA:LeaderElection96] INFO  impl.RaftServerImpl (RaftServerImpl.java:setRole(171)) - 0c68de6a-5794-4c46-b75f-96dd4df51bcf:group-8AC27B14C9FA changes role from CANDIDATE to LEADER at term 1 for changeToLeader
2019-09-12 11:51:17,007 [0c68de6a-5794-4c46-b75f-96dd4df51bcf:group-8AC27B14C9FA:LeaderElection96] INFO  impl.RaftServerImpl (ServerState.java:setLeader(263)) - 0c68de6a-5794-4c46-b75f-96dd4df51bcf:group-8AC27B14C9FA change Leader from null to 0c68de6a-5794-4c46-b75f-96dd4df51bcf at term 1 for becomeLeader, leader elected after 5126ms
2019-09-12 11:51:17,007 [0c68de6a-5794-4c46-b75f-96dd4df51bcf:group-8AC27B14C9FA:LeaderElection96] INFO  server.RaftServerConfigKeys (ConfUtils.java:logGet(43)) - raft.server.staging.catchup.gap = 1000 (default)
2019-09-12 11:51:17,007 [0c68de6a-5794-4c46-b75f-96dd4df51bcf:group-8AC27B14C9FA:LeaderElection96] INFO  server.RaftServerConfigKeys (ConfUtils.java:logGet(43)) - raft.server.rpc.sleep.time = 25ms (default)
2019-09-12 11:51:17,007 [0c68de6a-5794-4c46-b75f-96dd4df51bcf:group-8AC27B14C9FA:LeaderElection96] INFO  server.RaftServerConfigKeys (ConfUtils.java:logGet(43)) - raft.server.write.element-limit = 4096 (default)
2019-09-12 11:51:17,007 [0c68de6a-5794-4c46-b75f-96dd4df51bcf:group-8AC27B14C9FA:LeaderElection96] INFO  server.RaftServerConfigKeys (ConfUtils.java:logGet(43)) - raft.server.watch.timeout = 10s (default)
2019-09-12 11:51:17,007 [0c68de6a-5794-4c46-b75f-96dd4df51bcf:group-8AC27B14C9FA:LeaderElection96] INFO  server.RaftServerConfigKeys (ConfUtils.java:logGet(43)) - raft.server.watch.timeout.denomination = 1s (default)
2019-09-12 11:51:17,007 [0c68de6a-5794-4c46-b75f-96dd4df51bcf:group-8AC27B14C9FA:LeaderElection96] INFO  server.RaftServerConfigKeys (ConfUtils.java:logGet(43)) - raft.server.watch.element-limit = 65536 (default)
2019-09-12 11:51:17,008 [0c68de6a-5794-4c46-b75f-96dd4df51bcf:group-8AC27B14C9FA:LeaderElection96] INFO  impl.RoleInfo (RoleInfo.java:updateAndGet(143)) - 0c68de6a-5794-4c46-b75f-96dd4df51bcf: start LeaderState
2019-09-12 11:51:17,008 [0c68de6a-5794-4c46-b75f-96dd4df51bcf:group-8AC27B14C9FA:LeaderElection96] INFO  segmented.SegmentedRaftLogWorker (SegmentedRaftLogWorker.java:startLogSegment(380)) - 0c68de6a-5794-4c46-b75f-96dd4df51bcf-SegmentedRaftLogWorker:Storage Directory /workdir/hadoop-ozone/ozonefs/target/test-dir/MiniOzoneClusterImpl-2036787f-4a5c-4c85-b727-13a1bbcfb7f9/datanode-1/data/ratis/3318c27e-1f4c-4059-b454-8ac27b14c9fa: Starting segment from index:0
2019-09-12 11:51:17,008 [0c68de6a-5794-4c46-b75f-96dd4df51bcf:group-8AC27B14C9FA:LeaderElection96] INFO  impl.RaftServerImpl (ServerState.java:setRaftConf(361)) - 0c68de6a-5794-4c46-b75f-96dd4df51bcf:group-8AC27B14C9FA set configuration 0: [0c68de6a-5794-4c46-b75f-96dd4df51bcf:192.168.157.195:40992], old=null at 0
2019-09-12 11:51:17,024 [Thread-1530] INFO  impl.FollowerState (FollowerState.java:run(106)) - 0c68de6a-5794-4c46-b75f-96dd4df51bcf:group-A0A2EB3725E6 changes to CANDIDATE, lastRpcTime:5027, electionTimeout:5027ms
2019-09-12 11:51:17,024 [Thread-1530] INFO  impl.RoleInfo (RoleInfo.java:shutdownFollowerState(121)) - 0c68de6a-5794-4c46-b75f-96dd4df51bcf: shutdown FollowerState
2019-09-12 11:51:17,024 [Thread-1530] INFO  impl.RaftServerImpl (RaftServerImpl.java:setRole(171)) - 0c68de6a-5794-4c46-b75f-96dd4df51bcf:group-A0A2EB3725E6 changes role from FOLLOWER to CANDIDATE at term 0 for changeToCandidate
2019-09-12 11:51:17,024 [Thread-1530] INFO  impl.RoleInfo (RoleInfo.java:updateAndGet(143)) - 0c68de6a-5794-4c46-b75f-96dd4df51bcf: start LeaderElection
2019-09-12 11:51:17,043 [Thread-1521] INFO  impl.FollowerState (FollowerState.java:run(106)) - 0c68de6a-5794-4c46-b75f-96dd4df51bcf:group-AE653EC4D585 changes to CANDIDATE, lastRpcTime:5181, electionTimeout:5181ms
2019-09-12 11:51:17,043 [Thread-1521] INFO  impl.RoleInfo (RoleInfo.java:shutdownFollowerState(121)) - 0c68de6a-5794-4c46-b75f-96dd4df51bcf: shutdown FollowerState
2019-09-12 11:51:17,044 [Thread-1521] INFO  impl.RaftServerImpl (RaftServerImpl.java:setRole(171)) - 0c68de6a-5794-4c46-b75f-96dd4df51bcf:group-AE653EC4D585 changes role from FOLLOWER to CANDIDATE at term 0 for changeToCandidate
2019-09-12 11:51:17,044 [Thread-1521] INFO  impl.RoleInfo (RoleInfo.java:updateAndGet(143)) - 0c68de6a-5794-4c46-b75f-96dd4df51bcf: start LeaderElection
2019-09-12 11:51:17,053 [0c68de6a-5794-4c46-b75f-96dd4df51bcf-SegmentedRaftLogWorker:Storage Directory /workdir/hadoop-ozone/ozonefs/target/test-dir/MiniOzoneClusterImpl-2036787f-4a5c-4c85-b727-13a1bbcfb7f9/datanode-1/data/ratis/3318c27e-1f4c-4059-b454-8ac27b14c9fa] INFO  segmented.SegmentedRaftLogWorker (SegmentedRaftLogWorker.java:execute(569)) - 0c68de6a-5794-4c46-b75f-96dd4df51bcf-SegmentedRaftLogWorker:Storage Directory /workdir/hadoop-ozone/ozonefs/target/test-dir/MiniOzoneClusterImpl-2036787f-4a5c-4c85-b727-13a1bbcfb7f9/datanode-1/data/ratis/3318c27e-1f4c-4059-b454-8ac27b14c9fa: created new log segment /workdir/hadoop-ozone/ozonefs/target/test-dir/MiniOzoneClusterImpl-2036787f-4a5c-4c85-b727-13a1bbcfb7f9/datanode-1/data/ratis/3318c27e-1f4c-4059-b454-8ac27b14c9fa/current/log_inprogress_0
2019-09-12 11:51:17,053 [0c68de6a-5794-4c46-b75f-96dd4df51bcf:group-AE653EC4D585:LeaderElection98] INFO  impl.LeaderElection (LeaderElection.java:askForVotes(181)) - 0c68de6a-5794-4c46-b75f-96dd4df51bcf:group-AE653EC4D585:LeaderElection98: begin an election at term 1 for -1: [0c68de6a-5794-4c46-b75f-96dd4df51bcf:192.168.157.195:40992], old=null
2019-09-12 11:51:17,053 [0c68de6a-5794-4c46-b75f-96dd4df51bcf:group-A0A2EB3725E6:LeaderElection97] INFO  impl.LeaderElection (LeaderElection.java:askForVotes(181)) - 0c68de6a-5794-4c46-b75f-96dd4df51bcf:group-A0A2EB3725E6:LeaderElection97: begin an election at term 1 for -1: [0c68de6a-5794-4c46-b75f-96dd4df51bcf:192.168.157.195:40992], old=null
2019-09-12 11:51:17,053 [0c68de6a-5794-4c46-b75f-96dd4df51bcf:group-AE653EC4D585:LeaderElection98] INFO  impl.RoleInfo (RoleInfo.java:shutdownLeaderElection(134)) - 0c68de6a-5794-4c46-b75f-96dd4df51bcf: shutdown LeaderElection
2019-09-12 11:51:17,054 [0c68de6a-5794-4c46-b75f-96dd4df51bcf:group-A0A2EB3725E6:LeaderElection97] INFO  impl.RoleInfo (RoleInfo.java:shutdownLeaderElection(134)) - 0c68de6a-5794-4c46-b75f-96dd4df51bcf: shutdown LeaderElection
2019-09-12 11:51:17,054 [0c68de6a-5794-4c46-b75f-96dd4df51bcf:group-AE653EC4D585:LeaderElection98] INFO  impl.RaftServerImpl (RaftServerImpl.java:setRole(171)) - 0c68de6a-5794-4c46-b75f-96dd4df51bcf:group-AE653EC4D585 changes role from CANDIDATE to LEADER at term 1 for changeToLeader
2019-09-12 11:51:17,054 [0c68de6a-5794-4c46-b75f-96dd4df51bcf:group-A0A2EB3725E6:LeaderElection97] INFO  impl.RaftServerImpl (RaftServerImpl.java:setRole(171)) - 0c68de6a-5794-4c46-b75f-96dd4df51bcf:group-A0A2EB3725E6 changes role from CANDIDATE to LEADER at term 1 for changeToLeader
2019-09-12 11:51:17,054 [0c68de6a-5794-4c46-b75f-96dd4df51bcf:group-AE653EC4D585:LeaderElection98] INFO  impl.RaftServerImpl (ServerState.java:setLeader(263)) - 0c68de6a-5794-4c46-b75f-96dd4df51bcf:group-AE653EC4D585 change Leader from null to 0c68de6a-5794-4c46-b75f-96dd4df51bcf at term 1 for becomeLeader, leader elected after 5197ms
2019-09-12 11:51:17,054 [0c68de6a-5794-4c46-b75f-96dd4df51bcf:group-A0A2EB3725E6:LeaderElection97] INFO  impl.RaftServerImpl (ServerState.java:setLeader(263)) - 0c68de6a-5794-4c46-b75f-96dd4df51bcf:group-A0A2EB3725E6 change Leader from null to 0c68de6a-5794-4c46-b75f-96dd4df51bcf at term 1 for becomeLeader, leader elected after 5061ms
2019-09-12 11:51:17,054 [0c68de6a-5794-4c46-b75f-96dd4df51bcf:group-AE653EC4D585:LeaderElection98] INFO  server.RaftServerConfigKeys (ConfUtils.java:logGet(43)) - raft.server.staging.catchup.gap = 1000 (default)
2019-09-12 11:51:17,054 [0c68de6a-5794-4c46-b75f-96dd4df51bcf:group-A0A2EB3725E6:LeaderElection97] INFO  server.RaftServerConfigKeys (ConfUtils.java:logGet(43)) - raft.server.staging.catchup.gap = 1000 (default)
2019-09-12 11:51:17,054 [0c68de6a-5794-4c46-b75f-96dd4df51bcf:group-AE653EC4D585:LeaderElection98] INFO  server.RaftServerConfigKeys (ConfUtils.java:logGet(43)) - raft.server.rpc.sleep.time = 25ms (default)
2019-09-12 11:51:17,054 [0c68de6a-5794-4c46-b75f-96dd4df51bcf:group-A0A2EB3725E6:LeaderElection97] INFO  server.RaftServerConfigKeys (ConfUtils.java:logGet(43)) - raft.server.rpc.sleep.time = 25ms (default)
2019-09-12 11:51:17,054 [0c68de6a-5794-4c46-b75f-96dd4df51bcf:group-AE653EC4D585:LeaderElection98] INFO  server.RaftServerConfigKeys (ConfUtils.java:logGet(43)) - raft.server.write.element-limit = 4096 (default)
2019-09-12 11:51:17,055 [0c68de6a-5794-4c46-b75f-96dd4df51bcf:group-A0A2EB3725E6:LeaderElection97] INFO  server.RaftServerConfigKeys (ConfUtils.java:logGet(43)) - raft.server.write.element-limit = 4096 (default)
2019-09-12 11:51:17,055 [0c68de6a-5794-4c46-b75f-96dd4df51bcf:group-AE653EC4D585:LeaderElection98] INFO  server.RaftServerConfigKeys (ConfUtils.java:logGet(43)) - raft.server.watch.timeout = 10s (default)
2019-09-12 11:51:17,055 [0c68de6a-5794-4c46-b75f-96dd4df51bcf:group-A0A2EB3725E6:LeaderElection97] INFO  server.RaftServerConfigKeys (ConfUtils.java:logGet(43)) - raft.server.watch.timeout = 10s (default)
2019-09-12 11:51:17,055 [0c68de6a-5794-4c46-b75f-96dd4df51bcf:group-AE653EC4D585:LeaderElection98] INFO  server.RaftServerConfigKeys (ConfUtils.java:logGet(43)) - raft.server.watch.timeout.denomination = 1s (default)
2019-09-12 11:51:17,055 [0c68de6a-5794-4c46-b75f-96dd4df51bcf:group-A0A2EB3725E6:LeaderElection97] INFO  server.RaftServerConfigKeys (ConfUtils.java:logGet(43)) - raft.server.watch.timeout.denomination = 1s (default)
2019-09-12 11:51:17,055 [0c68de6a-5794-4c46-b75f-96dd4df51bcf:group-AE653EC4D585:LeaderElection98] INFO  server.RaftServerConfigKeys (ConfUtils.java:logGet(43)) - raft.server.watch.element-limit = 65536 (default)
2019-09-12 11:51:17,055 [0c68de6a-5794-4c46-b75f-96dd4df51bcf:group-A0A2EB3725E6:LeaderElection97] INFO  server.RaftServerConfigKeys (ConfUtils.java:logGet(43)) - raft.server.watch.element-limit = 65536 (default)
2019-09-12 11:51:17,055 [0c68de6a-5794-4c46-b75f-96dd4df51bcf:group-AE653EC4D585:LeaderElection98] INFO  impl.RoleInfo (RoleInfo.java:updateAndGet(143)) - 0c68de6a-5794-4c46-b75f-96dd4df51bcf: start LeaderState
2019-09-12 11:51:17,055 [0c68de6a-5794-4c46-b75f-96dd4df51bcf:group-A0A2EB3725E6:LeaderElection97] INFO  impl.RoleInfo (RoleInfo.java:updateAndGet(143)) - 0c68de6a-5794-4c46-b75f-96dd4df51bcf: start LeaderState
2019-09-12 11:51:17,056 [0c68de6a-5794-4c46-b75f-96dd4df51bcf:group-AE653EC4D585:LeaderElection98] INFO  segmented.SegmentedRaftLogWorker (SegmentedRaftLogWorker.java:startLogSegment(380)) - 0c68de6a-5794-4c46-b75f-96dd4df51bcf-SegmentedRaftLogWorker:Storage Directory /workdir/hadoop-ozone/ozonefs/target/test-dir/MiniOzoneClusterImpl-2036787f-4a5c-4c85-b727-13a1bbcfb7f9/datanode-1/data/ratis/607a5d98-f1c4-4304-b569-ae653ec4d585: Starting segment from index:0
2019-09-12 11:51:17,056 [0c68de6a-5794-4c46-b75f-96dd4df51bcf:group-A0A2EB3725E6:LeaderElection97] INFO  segmented.SegmentedRaftLogWorker (SegmentedRaftLogWorker.java:startLogSegment(380)) - 0c68de6a-5794-4c46-b75f-96dd4df51bcf-SegmentedRaftLogWorker:Storage Directory /workdir/hadoop-ozone/ozonefs/target/test-dir/MiniOzoneClusterImpl-2036787f-4a5c-4c85-b727-13a1bbcfb7f9/datanode-1/data/ratis/16d3b60b-7720-4155-b272-a0a2eb3725e6: Starting segment from index:0
2019-09-12 11:51:17,056 [0c68de6a-5794-4c46-b75f-96dd4df51bcf:group-AE653EC4D585:LeaderElection98] INFO  impl.RaftServerImpl (ServerState.java:setRaftConf(361)) - 0c68de6a-5794-4c46-b75f-96dd4df51bcf:group-AE653EC4D585 set configuration 0: [0c68de6a-5794-4c46-b75f-96dd4df51bcf:192.168.157.195:40992], old=null at 0
2019-09-12 11:51:17,056 [0c68de6a-5794-4c46-b75f-96dd4df51bcf:group-A0A2EB3725E6:LeaderElection97] INFO  impl.RaftServerImpl (ServerState.java:setRaftConf(361)) - 0c68de6a-5794-4c46-b75f-96dd4df51bcf:group-A0A2EB3725E6 set configuration 0: [0c68de6a-5794-4c46-b75f-96dd4df51bcf:192.168.157.195:40992], old=null at 0
2019-09-12 11:51:17,079 [Thread-1527] INFO  impl.FollowerState (FollowerState.java:run(106)) - a4e89051-4cc5-4cb7-a8c4-6efddc76418c:group-4CAFF01426E5 changes to CANDIDATE, lastRpcTime:5123, electionTimeout:5123ms
2019-09-12 11:51:17,079 [Thread-1527] INFO  impl.RoleInfo (RoleInfo.java:shutdownFollowerState(121)) - a4e89051-4cc5-4cb7-a8c4-6efddc76418c: shutdown FollowerState
2019-09-12 11:51:17,079 [Thread-1527] INFO  impl.RaftServerImpl (RaftServerImpl.java:setRole(171)) - a4e89051-4cc5-4cb7-a8c4-6efddc76418c:group-4CAFF01426E5 changes role from FOLLOWER to CANDIDATE at term 0 for changeToCandidate
2019-09-12 11:51:17,079 [Thread-1527] INFO  impl.RoleInfo (RoleInfo.java:updateAndGet(143)) - a4e89051-4cc5-4cb7-a8c4-6efddc76418c: start LeaderElection
2019-09-12 11:51:17,117 [0c68de6a-5794-4c46-b75f-96dd4df51bcf-SegmentedRaftLogWorker:Storage Directory /workdir/hadoop-ozone/ozonefs/target/test-dir/MiniOzoneClusterImpl-2036787f-4a5c-4c85-b727-13a1bbcfb7f9/datanode-1/data/ratis/607a5d98-f1c4-4304-b569-ae653ec4d585] INFO  segmented.SegmentedRaftLogWorker (SegmentedRaftLogWorker.java:execute(569)) - 0c68de6a-5794-4c46-b75f-96dd4df51bcf-SegmentedRaftLogWorker:Storage Directory /workdir/hadoop-ozone/ozonefs/target/test-dir/MiniOzoneClusterImpl-2036787f-4a5c-4c85-b727-13a1bbcfb7f9/datanode-1/data/ratis/607a5d98-f1c4-4304-b569-ae653ec4d585: created new log segment /workdir/hadoop-ozone/ozonefs/target/test-dir/MiniOzoneClusterImpl-2036787f-4a5c-4c85-b727-13a1bbcfb7f9/datanode-1/data/ratis/607a5d98-f1c4-4304-b569-ae653ec4d585/current/log_inprogress_0
2019-09-12 11:51:17,117 [a4e89051-4cc5-4cb7-a8c4-6efddc76418c:group-4CAFF01426E5:LeaderElection99] INFO  impl.LeaderElection (LeaderElection.java:askForVotes(181)) - a4e89051-4cc5-4cb7-a8c4-6efddc76418c:group-4CAFF01426E5:LeaderElection99: begin an election at term 1 for -1: [a4e89051-4cc5-4cb7-a8c4-6efddc76418c:192.168.157.195:44245], old=null
2019-09-12 11:51:17,117 [0c68de6a-5794-4c46-b75f-96dd4df51bcf-SegmentedRaftLogWorker:Storage Directory /workdir/hadoop-ozone/ozonefs/target/test-dir/MiniOzoneClusterImpl-2036787f-4a5c-4c85-b727-13a1bbcfb7f9/datanode-1/data/ratis/16d3b60b-7720-4155-b272-a0a2eb3725e6] INFO  segmented.SegmentedRaftLogWorker (SegmentedRaftLogWorker.java:execute(569)) - 0c68de6a-5794-4c46-b75f-96dd4df51bcf-SegmentedRaftLogWorker:Storage Directory /workdir/hadoop-ozone/ozonefs/target/test-dir/MiniOzoneClusterImpl-2036787f-4a5c-4c85-b727-13a1bbcfb7f9/datanode-1/data/ratis/16d3b60b-7720-4155-b272-a0a2eb3725e6: created new log segment /workdir/hadoop-ozone/ozonefs/target/test-dir/MiniOzoneClusterImpl-2036787f-4a5c-4c85-b727-13a1bbcfb7f9/datanode-1/data/ratis/16d3b60b-7720-4155-b272-a0a2eb3725e6/current/log_inprogress_0
2019-09-12 11:51:17,118 [a4e89051-4cc5-4cb7-a8c4-6efddc76418c:group-4CAFF01426E5:LeaderElection99] INFO  impl.RoleInfo (RoleInfo.java:shutdownLeaderElection(134)) - a4e89051-4cc5-4cb7-a8c4-6efddc76418c: shutdown LeaderElection
2019-09-12 11:51:17,118 [a4e89051-4cc5-4cb7-a8c4-6efddc76418c:group-4CAFF01426E5:LeaderElection99] INFO  impl.RaftServerImpl (RaftServerImpl.java:setRole(171)) - a4e89051-4cc5-4cb7-a8c4-6efddc76418c:group-4CAFF01426E5 changes role from CANDIDATE to LEADER at term 1 for changeToLeader
2019-09-12 11:51:17,118 [a4e89051-4cc5-4cb7-a8c4-6efddc76418c:group-4CAFF01426E5:LeaderElection99] INFO  impl.RaftServerImpl (ServerState.java:setLeader(263)) - a4e89051-4cc5-4cb7-a8c4-6efddc76418c:group-4CAFF01426E5 change Leader from null to a4e89051-4cc5-4cb7-a8c4-6efddc76418c at term 1 for becomeLeader, leader elected after 5167ms
2019-09-12 11:51:17,118 [a4e89051-4cc5-4cb7-a8c4-6efddc76418c:group-4CAFF01426E5:LeaderElection99] INFO  server.RaftServerConfigKeys (ConfUtils.java:logGet(43)) - raft.server.staging.catchup.gap = 1000 (default)
2019-09-12 11:51:17,118 [a4e89051-4cc5-4cb7-a8c4-6efddc76418c:group-4CAFF01426E5:LeaderElection99] INFO  server.RaftServerConfigKeys (ConfUtils.java:logGet(43)) - raft.server.rpc.sleep.time = 25ms (default)
2019-09-12 11:51:17,118 [a4e89051-4cc5-4cb7-a8c4-6efddc76418c:group-4CAFF01426E5:LeaderElection99] INFO  server.RaftServerConfigKeys (ConfUtils.java:logGet(43)) - raft.server.write.element-limit = 4096 (default)
2019-09-12 11:51:17,119 [a4e89051-4cc5-4cb7-a8c4-6efddc76418c:group-4CAFF01426E5:LeaderElection99] INFO  server.RaftServerConfigKeys (ConfUtils.java:logGet(43)) - raft.server.watch.timeout = 10s (default)
2019-09-12 11:51:17,119 [a4e89051-4cc5-4cb7-a8c4-6efddc76418c:group-4CAFF01426E5:LeaderElection99] INFO  server.RaftServerConfigKeys (ConfUtils.java:logGet(43)) - raft.server.watch.timeout.denomination = 1s (default)
2019-09-12 11:51:17,119 [a4e89051-4cc5-4cb7-a8c4-6efddc76418c:group-4CAFF01426E5:LeaderElection99] INFO  server.RaftServerConfigKeys (ConfUtils.java:logGet(43)) - raft.server.watch.element-limit = 65536 (default)
2019-09-12 11:51:17,119 [a4e89051-4cc5-4cb7-a8c4-6efddc76418c:group-4CAFF01426E5:LeaderElection99] INFO  impl.RoleInfo (RoleInfo.java:updateAndGet(143)) - a4e89051-4cc5-4cb7-a8c4-6efddc76418c: start LeaderState
2019-09-12 11:51:17,119 [a4e89051-4cc5-4cb7-a8c4-6efddc76418c:group-4CAFF01426E5:LeaderElection99] INFO  segmented.SegmentedRaftLogWorker (SegmentedRaftLogWorker.java:startLogSegment(380)) - a4e89051-4cc5-4cb7-a8c4-6efddc76418c-SegmentedRaftLogWorker:Storage Directory /workdir/hadoop-ozone/ozonefs/target/test-dir/MiniOzoneClusterImpl-2036787f-4a5c-4c85-b727-13a1bbcfb7f9/datanode-0/data/ratis/82eeec46-922a-42db-80c6-4caff01426e5: Starting segment from index:0
2019-09-12 11:51:17,120 [a4e89051-4cc5-4cb7-a8c4-6efddc76418c:group-4CAFF01426E5:LeaderElection99] INFO  impl.RaftServerImpl (ServerState.java:setRaftConf(361)) - a4e89051-4cc5-4cb7-a8c4-6efddc76418c:group-4CAFF01426E5 set configuration 0: [a4e89051-4cc5-4cb7-a8c4-6efddc76418c:192.168.157.195:44245], old=null at 0
2019-09-12 11:51:17,158 [a4e89051-4cc5-4cb7-a8c4-6efddc76418c-SegmentedRaftLogWorker:Storage Directory /workdir/hadoop-ozone/ozonefs/target/test-dir/MiniOzoneClusterImpl-2036787f-4a5c-4c85-b727-13a1bbcfb7f9/datanode-0/data/ratis/82eeec46-922a-42db-80c6-4caff01426e5] INFO  segmented.SegmentedRaftLogWorker (SegmentedRaftLogWorker.java:execute(569)) - a4e89051-4cc5-4cb7-a8c4-6efddc76418c-SegmentedRaftLogWorker:Storage Directory /workdir/hadoop-ozone/ozonefs/target/test-dir/MiniOzoneClusterImpl-2036787f-4a5c-4c85-b727-13a1bbcfb7f9/datanode-0/data/ratis/82eeec46-922a-42db-80c6-4caff01426e5: created new log segment /workdir/hadoop-ozone/ozonefs/target/test-dir/MiniOzoneClusterImpl-2036787f-4a5c-4c85-b727-13a1bbcfb7f9/datanode-0/data/ratis/82eeec46-922a-42db-80c6-4caff01426e5/current/log_inprogress_0
2019-09-12 11:51:17,237 [Thread-1533] INFO  impl.FollowerState (FollowerState.java:run(106)) - 0c68de6a-5794-4c46-b75f-96dd4df51bcf:group-1F8CEF61183A changes to CANDIDATE, lastRpcTime:5200, electionTimeout:5200ms
2019-09-12 11:51:17,237 [Thread-1533] INFO  impl.RoleInfo (RoleInfo.java:shutdownFollowerState(121)) - 0c68de6a-5794-4c46-b75f-96dd4df51bcf: shutdown FollowerState
2019-09-12 11:51:17,237 [Thread-1533] INFO  impl.RaftServerImpl (RaftServerImpl.java:setRole(171)) - 0c68de6a-5794-4c46-b75f-96dd4df51bcf:group-1F8CEF61183A changes role from FOLLOWER to CANDIDATE at term 0 for changeToCandidate
2019-09-12 11:51:17,237 [Thread-1533] INFO  impl.RoleInfo (RoleInfo.java:updateAndGet(143)) - 0c68de6a-5794-4c46-b75f-96dd4df51bcf: start LeaderElection
2019-09-12 11:51:17,239 [Thread-1539] INFO  impl.FollowerState (FollowerState.java:run(106)) - ebc8f44e-82c8-4fec-8a1c-a2914bafe39a:group-8CEF8147E005 changes to CANDIDATE, lastRpcTime:5096, electionTimeout:5096ms
2019-09-12 11:51:17,240 [Thread-1539] INFO  impl.RoleInfo (RoleInfo.java:shutdownFollowerState(121)) - ebc8f44e-82c8-4fec-8a1c-a2914bafe39a: shutdown FollowerState
2019-09-12 11:51:17,240 [Thread-1539] INFO  impl.RaftServerImpl (RaftServerImpl.java:setRole(171)) - ebc8f44e-82c8-4fec-8a1c-a2914bafe39a:group-8CEF8147E005 changes role from FOLLOWER to CANDIDATE at term 0 for changeToCandidate
2019-09-12 11:51:17,240 [Thread-1539] INFO  impl.RoleInfo (RoleInfo.java:updateAndGet(143)) - ebc8f44e-82c8-4fec-8a1c-a2914bafe39a: start LeaderElection
2019-09-12 11:51:17,266 [0c68de6a-5794-4c46-b75f-96dd4df51bcf:group-1F8CEF61183A:LeaderElection100] INFO  impl.LeaderElection (LeaderElection.java:askForVotes(181)) - 0c68de6a-5794-4c46-b75f-96dd4df51bcf:group-1F8CEF61183A:LeaderElection100: begin an election at term 1 for -1: [0c68de6a-5794-4c46-b75f-96dd4df51bcf:192.168.157.195:40992], old=null
2019-09-12 11:51:17,266 [ebc8f44e-82c8-4fec-8a1c-a2914bafe39a:group-8CEF8147E005:LeaderElection101] INFO  impl.LeaderElection (LeaderElection.java:askForVotes(181)) - ebc8f44e-82c8-4fec-8a1c-a2914bafe39a:group-8CEF8147E005:LeaderElection101: begin an election at term 1 for -1: [ebc8f44e-82c8-4fec-8a1c-a2914bafe39a:192.168.157.195:44850], old=null
2019-09-12 11:51:17,266 [0c68de6a-5794-4c46-b75f-96dd4df51bcf:group-1F8CEF61183A:LeaderElection100] INFO  impl.RoleInfo (RoleInfo.java:shutdownLeaderElection(134)) - 0c68de6a-5794-4c46-b75f-96dd4df51bcf: shutdown LeaderElection
2019-09-12 11:51:17,266 [ebc8f44e-82c8-4fec-8a1c-a2914bafe39a:group-8CEF8147E005:LeaderElection101] INFO  impl.RoleInfo (RoleInfo.java:shutdownLeaderElection(134)) - ebc8f44e-82c8-4fec-8a1c-a2914bafe39a: shutdown LeaderElection
2019-09-12 11:51:17,266 [0c68de6a-5794-4c46-b75f-96dd4df51bcf:group-1F8CEF61183A:LeaderElection100] INFO  impl.RaftServerImpl (RaftServerImpl.java:setRole(171)) - 0c68de6a-5794-4c46-b75f-96dd4df51bcf:group-1F8CEF61183A changes role from CANDIDATE to LEADER at term 1 for changeToLeader
2019-09-12 11:51:17,266 [ebc8f44e-82c8-4fec-8a1c-a2914bafe39a:group-8CEF8147E005:LeaderElection101] INFO  impl.RaftServerImpl (RaftServerImpl.java:setRole(171)) - ebc8f44e-82c8-4fec-8a1c-a2914bafe39a:group-8CEF8147E005 changes role from CANDIDATE to LEADER at term 1 for changeToLeader
2019-09-12 11:51:17,266 [0c68de6a-5794-4c46-b75f-96dd4df51bcf:group-1F8CEF61183A:LeaderElection100] INFO  impl.RaftServerImpl (ServerState.java:setLeader(263)) - 0c68de6a-5794-4c46-b75f-96dd4df51bcf:group-1F8CEF61183A change Leader from null to 0c68de6a-5794-4c46-b75f-96dd4df51bcf at term 1 for becomeLeader, leader elected after 5233ms
2019-09-12 11:51:17,267 [ebc8f44e-82c8-4fec-8a1c-a2914bafe39a:group-8CEF8147E005:LeaderElection101] INFO  impl.RaftServerImpl (ServerState.java:setLeader(263)) - ebc8f44e-82c8-4fec-8a1c-a2914bafe39a:group-8CEF8147E005 change Leader from null to ebc8f44e-82c8-4fec-8a1c-a2914bafe39a at term 1 for becomeLeader, leader elected after 5128ms
2019-09-12 11:51:17,267 [0c68de6a-5794-4c46-b75f-96dd4df51bcf:group-1F8CEF61183A:LeaderElection100] INFO  server.RaftServerConfigKeys (ConfUtils.java:logGet(43)) - raft.server.staging.catchup.gap = 1000 (default)
2019-09-12 11:51:17,267 [ebc8f44e-82c8-4fec-8a1c-a2914bafe39a:group-8CEF8147E005:LeaderElection101] INFO  server.RaftServerConfigKeys (ConfUtils.java:logGet(43)) - raft.server.staging.catchup.gap = 1000 (default)
2019-09-12 11:51:17,267 [0c68de6a-5794-4c46-b75f-96dd4df51bcf:group-1F8CEF61183A:LeaderElection100] INFO  server.RaftServerConfigKeys (ConfUtils.java:logGet(43)) - raft.server.rpc.sleep.time = 25ms (default)
2019-09-12 11:51:17,267 [ebc8f44e-82c8-4fec-8a1c-a2914bafe39a:group-8CEF8147E005:LeaderElection101] INFO  server.RaftServerConfigKeys (ConfUtils.java:logGet(43)) - raft.server.rpc.sleep.time = 25ms (default)
2019-09-12 11:51:17,267 [0c68de6a-5794-4c46-b75f-96dd4df51bcf:group-1F8CEF61183A:LeaderElection100] INFO  server.RaftServerConfigKeys (ConfUtils.java:logGet(43)) - raft.server.write.element-limit = 4096 (default)
2019-09-12 11:51:17,267 [ebc8f44e-82c8-4fec-8a1c-a2914bafe39a:group-8CEF8147E005:LeaderElection101] INFO  server.RaftServerConfigKeys (ConfUtils.java:logGet(43)) - raft.server.write.element-limit = 4096 (default)
2019-09-12 11:51:17,267 [0c68de6a-5794-4c46-b75f-96dd4df51bcf:group-1F8CEF61183A:LeaderElection100] INFO  server.RaftServerConfigKeys (ConfUtils.java:logGet(43)) - raft.server.watch.timeout = 10s (default)
2019-09-12 11:51:17,267 [ebc8f44e-82c8-4fec-8a1c-a2914bafe39a:group-8CEF8147E005:LeaderElection101] INFO  server.RaftServerConfigKeys (ConfUtils.java:logGet(43)) - raft.server.watch.timeout = 10s (default)
2019-09-12 11:51:17,267 [0c68de6a-5794-4c46-b75f-96dd4df51bcf:group-1F8CEF61183A:LeaderElection100] INFO  server.RaftServerConfigKeys (ConfUtils.java:logGet(43)) - raft.server.watch.timeout.denomination = 1s (default)
2019-09-12 11:51:17,267 [ebc8f44e-82c8-4fec-8a1c-a2914bafe39a:group-8CEF8147E005:LeaderElection101] INFO  server.RaftServerConfigKeys (ConfUtils.java:logGet(43)) - raft.server.watch.timeout.denomination = 1s (default)
2019-09-12 11:51:17,267 [0c68de6a-5794-4c46-b75f-96dd4df51bcf:group-1F8CEF61183A:LeaderElection100] INFO  server.RaftServerConfigKeys (ConfUtils.java:logGet(43)) - raft.server.watch.element-limit = 65536 (default)
2019-09-12 11:51:17,267 [ebc8f44e-82c8-4fec-8a1c-a2914bafe39a:group-8CEF8147E005:LeaderElection101] INFO  server.RaftServerConfigKeys (ConfUtils.java:logGet(43)) - raft.server.watch.element-limit = 65536 (default)
2019-09-12 11:51:17,268 [0c68de6a-5794-4c46-b75f-96dd4df51bcf:group-1F8CEF61183A:LeaderElection100] INFO  impl.RoleInfo (RoleInfo.java:updateAndGet(143)) - 0c68de6a-5794-4c46-b75f-96dd4df51bcf: start LeaderState
2019-09-12 11:51:17,268 [ebc8f44e-82c8-4fec-8a1c-a2914bafe39a:group-8CEF8147E005:LeaderElection101] INFO  impl.RoleInfo (RoleInfo.java:updateAndGet(143)) - ebc8f44e-82c8-4fec-8a1c-a2914bafe39a: start LeaderState
2019-09-12 11:51:17,268 [0c68de6a-5794-4c46-b75f-96dd4df51bcf:group-1F8CEF61183A:LeaderElection100] INFO  segmented.SegmentedRaftLogWorker (SegmentedRaftLogWorker.java:startLogSegment(380)) - 0c68de6a-5794-4c46-b75f-96dd4df51bcf-SegmentedRaftLogWorker:Storage Directory /workdir/hadoop-ozone/ozonefs/target/test-dir/MiniOzoneClusterImpl-2036787f-4a5c-4c85-b727-13a1bbcfb7f9/datanode-1/data/ratis/91364742-13ae-45b3-ac78-1f8cef61183a: Starting segment from index:0
2019-09-12 11:51:17,268 [ebc8f44e-82c8-4fec-8a1c-a2914bafe39a:group-8CEF8147E005:LeaderElection101] INFO  segmented.SegmentedRaftLogWorker (SegmentedRaftLogWorker.java:startLogSegment(380)) - ebc8f44e-82c8-4fec-8a1c-a2914bafe39a-SegmentedRaftLogWorker:Storage Directory /workdir/hadoop-ozone/ozonefs/target/test-dir/MiniOzoneClusterImpl-2036787f-4a5c-4c85-b727-13a1bbcfb7f9/datanode-2/data/ratis/84272618-870e-47b2-a34a-8cef8147e005: Starting segment from index:0
2019-09-12 11:51:17,268 [0c68de6a-5794-4c46-b75f-96dd4df51bcf:group-1F8CEF61183A:LeaderElection100] INFO  impl.RaftServerImpl (ServerState.java:setRaftConf(361)) - 0c68de6a-5794-4c46-b75f-96dd4df51bcf:group-1F8CEF61183A set configuration 0: [0c68de6a-5794-4c46-b75f-96dd4df51bcf:192.168.157.195:40992], old=null at 0
2019-09-12 11:51:17,268 [Thread-1536] INFO  impl.FollowerState (FollowerState.java:run(106)) - 0c68de6a-5794-4c46-b75f-96dd4df51bcf:group-DD2E326F9185 changes to CANDIDATE, lastRpcTime:5191, electionTimeout:5191ms
2019-09-12 11:51:17,268 [ebc8f44e-82c8-4fec-8a1c-a2914bafe39a:group-8CEF8147E005:LeaderElection101] INFO  impl.RaftServerImpl (ServerState.java:setRaftConf(361)) - ebc8f44e-82c8-4fec-8a1c-a2914bafe39a:group-8CEF8147E005 set configuration 0: [ebc8f44e-82c8-4fec-8a1c-a2914bafe39a:192.168.157.195:44850], old=null at 0
2019-09-12 11:51:17,268 [Thread-1536] INFO  impl.RoleInfo (RoleInfo.java:shutdownFollowerState(121)) - 0c68de6a-5794-4c46-b75f-96dd4df51bcf: shutdown FollowerState
2019-09-12 11:51:17,269 [Thread-1536] INFO  impl.RaftServerImpl (RaftServerImpl.java:setRole(171)) - 0c68de6a-5794-4c46-b75f-96dd4df51bcf:group-DD2E326F9185 changes role from FOLLOWER to CANDIDATE at term 0 for changeToCandidate
2019-09-12 11:51:17,269 [Thread-1536] INFO  impl.RoleInfo (RoleInfo.java:updateAndGet(143)) - 0c68de6a-5794-4c46-b75f-96dd4df51bcf: start LeaderElection
2019-09-12 11:51:17,333 [Thread-1545] INFO  impl.FollowerState (FollowerState.java:run(106)) - ebc8f44e-82c8-4fec-8a1c-a2914bafe39a:group-5486122981BE changes to CANDIDATE, lastRpcTime:5114, electionTimeout:5114ms
2019-09-12 11:51:17,333 [Thread-1545] INFO  impl.RoleInfo (RoleInfo.java:shutdownFollowerState(121)) - ebc8f44e-82c8-4fec-8a1c-a2914bafe39a: shutdown FollowerState
2019-09-12 11:51:17,333 [Thread-1545] INFO  impl.RaftServerImpl (RaftServerImpl.java:setRole(171)) - ebc8f44e-82c8-4fec-8a1c-a2914bafe39a:group-5486122981BE changes role from FOLLOWER to CANDIDATE at term 0 for changeToCandidate
2019-09-12 11:51:17,333 [Thread-1545] INFO  impl.RoleInfo (RoleInfo.java:updateAndGet(143)) - ebc8f44e-82c8-4fec-8a1c-a2914bafe39a: start LeaderElection
2019-09-12 11:51:17,338 [0c68de6a-5794-4c46-b75f-96dd4df51bcf-SegmentedRaftLogWorker:Storage Directory /workdir/hadoop-ozone/ozonefs/target/test-dir/MiniOzoneClusterImpl-2036787f-4a5c-4c85-b727-13a1bbcfb7f9/datanode-1/data/ratis/91364742-13ae-45b3-ac78-1f8cef61183a] INFO  segmented.SegmentedRaftLogWorker (SegmentedRaftLogWorker.java:execute(569)) - 0c68de6a-5794-4c46-b75f-96dd4df51bcf-SegmentedRaftLogWorker:Storage Directory /workdir/hadoop-ozone/ozonefs/target/test-dir/MiniOzoneClusterImpl-2036787f-4a5c-4c85-b727-13a1bbcfb7f9/datanode-1/data/ratis/91364742-13ae-45b3-ac78-1f8cef61183a: created new log segment /workdir/hadoop-ozone/ozonefs/target/test-dir/MiniOzoneClusterImpl-2036787f-4a5c-4c85-b727-13a1bbcfb7f9/datanode-1/data/ratis/91364742-13ae-45b3-ac78-1f8cef61183a/current/log_inprogress_0
2019-09-12 11:51:17,338 [ebc8f44e-82c8-4fec-8a1c-a2914bafe39a-SegmentedRaftLogWorker:Storage Directory /workdir/hadoop-ozone/ozonefs/target/test-dir/MiniOzoneClusterImpl-2036787f-4a5c-4c85-b727-13a1bbcfb7f9/datanode-2/data/ratis/84272618-870e-47b2-a34a-8cef8147e005] INFO  segmented.SegmentedRaftLogWorker (SegmentedRaftLogWorker.java:execute(569)) - ebc8f44e-82c8-4fec-8a1c-a2914bafe39a-SegmentedRaftLogWorker:Storage Directory /workdir/hadoop-ozone/ozonefs/target/test-dir/MiniOzoneClusterImpl-2036787f-4a5c-4c85-b727-13a1bbcfb7f9/datanode-2/data/ratis/84272618-870e-47b2-a34a-8cef8147e005: created new log segment /workdir/hadoop-ozone/ozonefs/target/test-dir/MiniOzoneClusterImpl-2036787f-4a5c-4c85-b727-13a1bbcfb7f9/datanode-2/data/ratis/84272618-870e-47b2-a34a-8cef8147e005/current/log_inprogress_0
2019-09-12 11:51:17,349 [0c68de6a-5794-4c46-b75f-96dd4df51bcf:group-DD2E326F9185:LeaderElection102] INFO  impl.LeaderElection (LeaderElection.java:askForVotes(181)) - 0c68de6a-5794-4c46-b75f-96dd4df51bcf:group-DD2E326F9185:LeaderElection102: begin an election at term 1 for -1: [0c68de6a-5794-4c46-b75f-96dd4df51bcf:192.168.157.195:40992], old=null
2019-09-12 11:51:17,350 [0c68de6a-5794-4c46-b75f-96dd4df51bcf:group-DD2E326F9185:LeaderElection102] INFO  impl.RoleInfo (RoleInfo.java:shutdownLeaderElection(134)) - 0c68de6a-5794-4c46-b75f-96dd4df51bcf: shutdown LeaderElection
2019-09-12 11:51:17,350 [0c68de6a-5794-4c46-b75f-96dd4df51bcf:group-DD2E326F9185:LeaderElection102] INFO  impl.RaftServerImpl (RaftServerImpl.java:setRole(171)) - 0c68de6a-5794-4c46-b75f-96dd4df51bcf:group-DD2E326F9185 changes role from CANDIDATE to LEADER at term 1 for changeToLeader
2019-09-12 11:51:17,350 [0c68de6a-5794-4c46-b75f-96dd4df51bcf:group-DD2E326F9185:LeaderElection102] INFO  impl.RaftServerImpl (ServerState.java:setLeader(263)) - 0c68de6a-5794-4c46-b75f-96dd4df51bcf:group-DD2E326F9185 change Leader from null to 0c68de6a-5794-4c46-b75f-96dd4df51bcf at term 1 for becomeLeader, leader elected after 5276ms
2019-09-12 11:51:17,350 [0c68de6a-5794-4c46-b75f-96dd4df51bcf:group-DD2E326F9185:LeaderElection102] INFO  server.RaftServerConfigKeys (ConfUtils.java:logGet(43)) - raft.server.staging.catchup.gap = 1000 (default)
2019-09-12 11:51:17,350 [0c68de6a-5794-4c46-b75f-96dd4df51bcf:group-DD2E326F9185:LeaderElection102] INFO  server.RaftServerConfigKeys (ConfUtils.java:logGet(43)) - raft.server.rpc.sleep.time = 25ms (default)
2019-09-12 11:51:17,351 [Thread-1542] INFO  impl.FollowerState (FollowerState.java:run(106)) - 0c68de6a-5794-4c46-b75f-96dd4df51bcf:group-8B5D2851D1E9 changes to CANDIDATE, lastRpcTime:5178, electionTimeout:5178ms
2019-09-12 11:51:17,351 [0c68de6a-5794-4c46-b75f-96dd4df51bcf:group-DD2E326F9185:LeaderElection102] INFO  server.RaftServerConfigKeys (ConfUtils.java:logGet(43)) - raft.server.write.element-limit = 4096 (default)
2019-09-12 11:51:17,351 [ebc8f44e-82c8-4fec-8a1c-a2914bafe39a:group-5486122981BE:LeaderElection103] INFO  impl.LeaderElection (LeaderElection.java:askForVotes(181)) - ebc8f44e-82c8-4fec-8a1c-a2914bafe39a:group-5486122981BE:LeaderElection103: begin an election at term 1 for -1: [ebc8f44e-82c8-4fec-8a1c-a2914bafe39a:192.168.157.195:44850], old=null
2019-09-12 11:51:17,351 [0c68de6a-5794-4c46-b75f-96dd4df51bcf:group-DD2E326F9185:LeaderElection102] INFO  server.RaftServerConfigKeys (ConfUtils.java:logGet(43)) - raft.server.watch.timeout = 10s (default)
2019-09-12 11:51:17,351 [Thread-1542] INFO  impl.RoleInfo (RoleInfo.java:shutdownFollowerState(121)) - 0c68de6a-5794-4c46-b75f-96dd4df51bcf: shutdown FollowerState
2019-09-12 11:51:17,351 [0c68de6a-5794-4c46-b75f-96dd4df51bcf:group-DD2E326F9185:LeaderElection102] INFO  server.RaftServerConfigKeys (ConfUtils.java:logGet(43)) - raft.server.watch.timeout.denomination = 1s (default)
2019-09-12 11:51:17,351 [ebc8f44e-82c8-4fec-8a1c-a2914bafe39a:group-5486122981BE:LeaderElection103] INFO  impl.RoleInfo (RoleInfo.java:shutdownLeaderElection(134)) - ebc8f44e-82c8-4fec-8a1c-a2914bafe39a: shutdown LeaderElection
2019-09-12 11:51:17,351 [0c68de6a-5794-4c46-b75f-96dd4df51bcf:group-DD2E326F9185:LeaderElection102] INFO  server.RaftServerConfigKeys (ConfUtils.java:logGet(43)) - raft.server.watch.element-limit = 65536 (default)
2019-09-12 11:51:17,351 [Thread-1542] INFO  impl.RaftServerImpl (RaftServerImpl.java:setRole(171)) - 0c68de6a-5794-4c46-b75f-96dd4df51bcf:group-8B5D2851D1E9 changes role from FOLLOWER to CANDIDATE at term 0 for changeToCandidate
2019-09-12 11:51:17,352 [ebc8f44e-82c8-4fec-8a1c-a2914bafe39a:group-5486122981BE:LeaderElection103] INFO  impl.RaftServerImpl (RaftServerImpl.java:setRole(171)) - ebc8f44e-82c8-4fec-8a1c-a2914bafe39a:group-5486122981BE changes role from CANDIDATE to LEADER at term 1 for changeToLeader
2019-09-12 11:51:17,352 [0c68de6a-5794-4c46-b75f-96dd4df51bcf:group-DD2E326F9185:LeaderElection102] INFO  impl.RoleInfo (RoleInfo.java:updateAndGet(143)) - 0c68de6a-5794-4c46-b75f-96dd4df51bcf: start LeaderState
2019-09-12 11:51:17,352 [Thread-1542] INFO  impl.RoleInfo (RoleInfo.java:updateAndGet(143)) - 0c68de6a-5794-4c46-b75f-96dd4df51bcf: start LeaderElection
2019-09-12 11:51:17,352 [ebc8f44e-82c8-4fec-8a1c-a2914bafe39a:group-5486122981BE:LeaderElection103] INFO  impl.RaftServerImpl (ServerState.java:setLeader(263)) - ebc8f44e-82c8-4fec-8a1c-a2914bafe39a:group-5486122981BE change Leader from null to ebc8f44e-82c8-4fec-8a1c-a2914bafe39a at term 1 for becomeLeader, leader elected after 5137ms
2019-09-12 11:51:17,352 [0c68de6a-5794-4c46-b75f-96dd4df51bcf:group-DD2E326F9185:LeaderElection102] INFO  segmented.SegmentedRaftLogWorker (SegmentedRaftLogWorker.java:startLogSegment(380)) - 0c68de6a-5794-4c46-b75f-96dd4df51bcf-SegmentedRaftLogWorker:Storage Directory /workdir/hadoop-ozone/ozonefs/target/test-dir/MiniOzoneClusterImpl-2036787f-4a5c-4c85-b727-13a1bbcfb7f9/datanode-1/data/ratis/548d8a07-1394-4864-84a1-dd2e326f9185: Starting segment from index:0
2019-09-12 11:51:17,354 [ebc8f44e-82c8-4fec-8a1c-a2914bafe39a:group-5486122981BE:LeaderElection103] INFO  server.RaftServerConfigKeys (ConfUtils.java:logGet(43)) - raft.server.staging.catchup.gap = 1000 (default)
2019-09-12 11:51:17,354 [ebc8f44e-82c8-4fec-8a1c-a2914bafe39a:group-5486122981BE:LeaderElection103] INFO  server.RaftServerConfigKeys (ConfUtils.java:logGet(43)) - raft.server.rpc.sleep.time = 25ms (default)
2019-09-12 11:51:17,354 [0c68de6a-5794-4c46-b75f-96dd4df51bcf:group-DD2E326F9185:LeaderElection102] INFO  impl.RaftServerImpl (ServerState.java:setRaftConf(361)) - 0c68de6a-5794-4c46-b75f-96dd4df51bcf:group-DD2E326F9185 set configuration 0: [0c68de6a-5794-4c46-b75f-96dd4df51bcf:192.168.157.195:40992], old=null at 0
2019-09-12 11:51:17,354 [ebc8f44e-82c8-4fec-8a1c-a2914bafe39a:group-5486122981BE:LeaderElection103] INFO  server.RaftServerConfigKeys (ConfUtils.java:logGet(43)) - raft.server.write.element-limit = 4096 (default)
2019-09-12 11:51:17,355 [ebc8f44e-82c8-4fec-8a1c-a2914bafe39a:group-5486122981BE:LeaderElection103] INFO  server.RaftServerConfigKeys (ConfUtils.java:logGet(43)) - raft.server.watch.timeout = 10s (default)
2019-09-12 11:51:17,355 [ebc8f44e-82c8-4fec-8a1c-a2914bafe39a:group-5486122981BE:LeaderElection103] INFO  server.RaftServerConfigKeys (ConfUtils.java:logGet(43)) - raft.server.watch.timeout.denomination = 1s (default)
2019-09-12 11:51:17,355 [ebc8f44e-82c8-4fec-8a1c-a2914bafe39a:group-5486122981BE:LeaderElection103] INFO  server.RaftServerConfigKeys (ConfUtils.java:logGet(43)) - raft.server.watch.element-limit = 65536 (default)
2019-09-12 11:51:17,355 [Thread-1551] INFO  impl.FollowerState (FollowerState.java:run(106)) - ebc8f44e-82c8-4fec-8a1c-a2914bafe39a:group-ADD191BAE697 changes to CANDIDATE, lastRpcTime:5043, electionTimeout:5043ms
2019-09-12 11:51:17,355 [ebc8f44e-82c8-4fec-8a1c-a2914bafe39a:group-5486122981BE:LeaderElection103] INFO  impl.RoleInfo (RoleInfo.java:updateAndGet(143)) - ebc8f44e-82c8-4fec-8a1c-a2914bafe39a: start LeaderState
2019-09-12 11:51:17,355 [Thread-1551] INFO  impl.RoleInfo (RoleInfo.java:shutdownFollowerState(121)) - ebc8f44e-82c8-4fec-8a1c-a2914bafe39a: shutdown FollowerState
2019-09-12 11:51:17,356 [ebc8f44e-82c8-4fec-8a1c-a2914bafe39a:group-5486122981BE:LeaderElection103] INFO  segmented.SegmentedRaftLogWorker (SegmentedRaftLogWorker.java:startLogSegment(380)) - ebc8f44e-82c8-4fec-8a1c-a2914bafe39a-SegmentedRaftLogWorker:Storage Directory /workdir/hadoop-ozone/ozonefs/target/test-dir/MiniOzoneClusterImpl-2036787f-4a5c-4c85-b727-13a1bbcfb7f9/datanode-2/data/ratis/904e0347-7d4d-493c-8e67-5486122981be: Starting segment from index:0
2019-09-12 11:51:17,356 [Thread-1551] INFO  impl.RaftServerImpl (RaftServerImpl.java:setRole(171)) - ebc8f44e-82c8-4fec-8a1c-a2914bafe39a:group-ADD191BAE697 changes role from FOLLOWER to CANDIDATE at term 0 for changeToCandidate
2019-09-12 11:51:17,356 [Thread-1551] INFO  impl.RoleInfo (RoleInfo.java:updateAndGet(143)) - ebc8f44e-82c8-4fec-8a1c-a2914bafe39a: start LeaderElection
2019-09-12 11:51:17,356 [ebc8f44e-82c8-4fec-8a1c-a2914bafe39a:group-5486122981BE:LeaderElection103] INFO  impl.RaftServerImpl (ServerState.java:setRaftConf(361)) - ebc8f44e-82c8-4fec-8a1c-a2914bafe39a:group-5486122981BE set configuration 0: [ebc8f44e-82c8-4fec-8a1c-a2914bafe39a:192.168.157.195:44850], old=null at 0
2019-09-12 11:51:17,387 [0c68de6a-5794-4c46-b75f-96dd4df51bcf:group-8B5D2851D1E9:LeaderElection104] INFO  impl.LeaderElection (LeaderElection.java:askForVotes(181)) - 0c68de6a-5794-4c46-b75f-96dd4df51bcf:group-8B5D2851D1E9:LeaderElection104: begin an election at term 1 for -1: [0c68de6a-5794-4c46-b75f-96dd4df51bcf:192.168.157.195:40992], old=null
2019-09-12 11:51:17,387 [0c68de6a-5794-4c46-b75f-96dd4df51bcf:group-8B5D2851D1E9:LeaderElection104] INFO  impl.RoleInfo (RoleInfo.java:shutdownLeaderElection(134)) - 0c68de6a-5794-4c46-b75f-96dd4df51bcf: shutdown LeaderElection
2019-09-12 11:51:17,387 [0c68de6a-5794-4c46-b75f-96dd4df51bcf:group-8B5D2851D1E9:LeaderElection104] INFO  impl.RaftServerImpl (RaftServerImpl.java:setRole(171)) - 0c68de6a-5794-4c46-b75f-96dd4df51bcf:group-8B5D2851D1E9 changes role from CANDIDATE to LEADER at term 1 for changeToLeader
2019-09-12 11:51:17,387 [0c68de6a-5794-4c46-b75f-96dd4df51bcf:group-8B5D2851D1E9:LeaderElection104] INFO  impl.RaftServerImpl (ServerState.java:setLeader(263)) - 0c68de6a-5794-4c46-b75f-96dd4df51bcf:group-8B5D2851D1E9 change Leader from null to 0c68de6a-5794-4c46-b75f-96dd4df51bcf at term 1 for becomeLeader, leader elected after 5218ms
2019-09-12 11:51:17,387 [0c68de6a-5794-4c46-b75f-96dd4df51bcf:group-8B5D2851D1E9:LeaderElection104] INFO  server.RaftServerConfigKeys (ConfUtils.java:logGet(43)) - raft.server.staging.catchup.gap = 1000 (default)
2019-09-12 11:51:17,388 [0c68de6a-5794-4c46-b75f-96dd4df51bcf:group-8B5D2851D1E9:LeaderElection104] INFO  server.RaftServerConfigKeys (ConfUtils.java:logGet(43)) - raft.server.rpc.sleep.time = 25ms (default)
2019-09-12 11:51:17,388 [0c68de6a-5794-4c46-b75f-96dd4df51bcf:group-8B5D2851D1E9:LeaderElection104] INFO  server.RaftServerConfigKeys (ConfUtils.java:logGet(43)) - raft.server.write.element-limit = 4096 (default)
2019-09-12 11:51:17,388 [0c68de6a-5794-4c46-b75f-96dd4df51bcf:group-8B5D2851D1E9:LeaderElection104] INFO  server.RaftServerConfigKeys (ConfUtils.java:logGet(43)) - raft.server.watch.timeout = 10s (default)
2019-09-12 11:51:17,388 [0c68de6a-5794-4c46-b75f-96dd4df51bcf:group-8B5D2851D1E9:LeaderElection104] INFO  server.RaftServerConfigKeys (ConfUtils.java:logGet(43)) - raft.server.watch.timeout.denomination = 1s (default)
2019-09-12 11:51:17,388 [0c68de6a-5794-4c46-b75f-96dd4df51bcf:group-8B5D2851D1E9:LeaderElection104] INFO  server.RaftServerConfigKeys (ConfUtils.java:logGet(43)) - raft.server.watch.element-limit = 65536 (default)
2019-09-12 11:51:17,388 [0c68de6a-5794-4c46-b75f-96dd4df51bcf:group-8B5D2851D1E9:LeaderElection104] INFO  impl.RoleInfo (RoleInfo.java:updateAndGet(143)) - 0c68de6a-5794-4c46-b75f-96dd4df51bcf: start LeaderState
2019-09-12 11:51:17,388 [0c68de6a-5794-4c46-b75f-96dd4df51bcf:group-8B5D2851D1E9:LeaderElection104] INFO  segmented.SegmentedRaftLogWorker (SegmentedRaftLogWorker.java:startLogSegment(380)) - 0c68de6a-5794-4c46-b75f-96dd4df51bcf-SegmentedRaftLogWorker:Storage Directory /workdir/hadoop-ozone/ozonefs/target/test-dir/MiniOzoneClusterImpl-2036787f-4a5c-4c85-b727-13a1bbcfb7f9/datanode-1/data/ratis/26c38b0e-96ad-4957-81eb-8b5d2851d1e9: Starting segment from index:0
2019-09-12 11:51:17,389 [0c68de6a-5794-4c46-b75f-96dd4df51bcf:group-8B5D2851D1E9:LeaderElection104] INFO  impl.RaftServerImpl (ServerState.java:setRaftConf(361)) - 0c68de6a-5794-4c46-b75f-96dd4df51bcf:group-8B5D2851D1E9 set configuration 0: [0c68de6a-5794-4c46-b75f-96dd4df51bcf:192.168.157.195:40992], old=null at 0
2019-09-12 11:51:17,399 [Thread-1548] INFO  impl.FollowerState (FollowerState.java:run(106)) - ebc8f44e-82c8-4fec-8a1c-a2914bafe39a:group-977F5BD0F074 changes to CANDIDATE, lastRpcTime:5140, electionTimeout:5140ms
2019-09-12 11:51:17,399 [Thread-1548] INFO  impl.RoleInfo (RoleInfo.java:shutdownFollowerState(121)) - ebc8f44e-82c8-4fec-8a1c-a2914bafe39a: shutdown FollowerState
2019-09-12 11:51:17,399 [Thread-1548] INFO  impl.RaftServerImpl (RaftServerImpl.java:setRole(171)) - ebc8f44e-82c8-4fec-8a1c-a2914bafe39a:group-977F5BD0F074 changes role from FOLLOWER to CANDIDATE at term 0 for changeToCandidate
2019-09-12 11:51:17,399 [Thread-1548] INFO  impl.RoleInfo (RoleInfo.java:updateAndGet(143)) - ebc8f44e-82c8-4fec-8a1c-a2914bafe39a: start LeaderElection
2019-09-12 11:51:17,414 [0c68de6a-5794-4c46-b75f-96dd4df51bcf-SegmentedRaftLogWorker:Storage Directory /workdir/hadoop-ozone/ozonefs/target/test-dir/MiniOzoneClusterImpl-2036787f-4a5c-4c85-b727-13a1bbcfb7f9/datanode-1/data/ratis/548d8a07-1394-4864-84a1-dd2e326f9185] INFO  segmented.SegmentedRaftLogWorker (SegmentedRaftLogWorker.java:execute(569)) - 0c68de6a-5794-4c46-b75f-96dd4df51bcf-SegmentedRaftLogWorker:Storage Directory /workdir/hadoop-ozone/ozonefs/target/test-dir/MiniOzoneClusterImpl-2036787f-4a5c-4c85-b727-13a1bbcfb7f9/datanode-1/data/ratis/548d8a07-1394-4864-84a1-dd2e326f9185: created new log segment /workdir/hadoop-ozone/ozonefs/target/test-dir/MiniOzoneClusterImpl-2036787f-4a5c-4c85-b727-13a1bbcfb7f9/datanode-1/data/ratis/548d8a07-1394-4864-84a1-dd2e326f9185/current/log_inprogress_0
2019-09-12 11:51:17,414 [ebc8f44e-82c8-4fec-8a1c-a2914bafe39a-SegmentedRaftLogWorker:Storage Directory /workdir/hadoop-ozone/ozonefs/target/test-dir/MiniOzoneClusterImpl-2036787f-4a5c-4c85-b727-13a1bbcfb7f9/datanode-2/data/ratis/904e0347-7d4d-493c-8e67-5486122981be] INFO  segmented.SegmentedRaftLogWorker (SegmentedRaftLogWorker.java:execute(569)) - ebc8f44e-82c8-4fec-8a1c-a2914bafe39a-SegmentedRaftLogWorker:Storage Directory /workdir/hadoop-ozone/ozonefs/target/test-dir/MiniOzoneClusterImpl-2036787f-4a5c-4c85-b727-13a1bbcfb7f9/datanode-2/data/ratis/904e0347-7d4d-493c-8e67-5486122981be: created new log segment /workdir/hadoop-ozone/ozonefs/target/test-dir/MiniOzoneClusterImpl-2036787f-4a5c-4c85-b727-13a1bbcfb7f9/datanode-2/data/ratis/904e0347-7d4d-493c-8e67-5486122981be/current/log_inprogress_0
2019-09-12 11:51:17,414 [ebc8f44e-82c8-4fec-8a1c-a2914bafe39a:group-ADD191BAE697:LeaderElection105] INFO  impl.LeaderElection (LeaderElection.java:askForVotes(181)) - ebc8f44e-82c8-4fec-8a1c-a2914bafe39a:group-ADD191BAE697:LeaderElection105: begin an election at term 1 for -1: [ebc8f44e-82c8-4fec-8a1c-a2914bafe39a:192.168.157.195:44850], old=null
2019-09-12 11:51:17,414 [ebc8f44e-82c8-4fec-8a1c-a2914bafe39a:group-ADD191BAE697:LeaderElection105] INFO  impl.RoleInfo (RoleInfo.java:shutdownLeaderElection(134)) - ebc8f44e-82c8-4fec-8a1c-a2914bafe39a: shutdown LeaderElection
2019-09-12 11:51:17,414 [ebc8f44e-82c8-4fec-8a1c-a2914bafe39a:group-ADD191BAE697:LeaderElection105] INFO  impl.RaftServerImpl (RaftServerImpl.java:setRole(171)) - ebc8f44e-82c8-4fec-8a1c-a2914bafe39a:group-ADD191BAE697 changes role from CANDIDATE to LEADER at term 1 for changeToLeader
2019-09-12 11:51:17,414 [ebc8f44e-82c8-4fec-8a1c-a2914bafe39a:group-ADD191BAE697:LeaderElection105] INFO  impl.RaftServerImpl (ServerState.java:setLeader(263)) - ebc8f44e-82c8-4fec-8a1c-a2914bafe39a:group-ADD191BAE697 change Leader from null to ebc8f44e-82c8-4fec-8a1c-a2914bafe39a at term 1 for becomeLeader, leader elected after 5106ms
2019-09-12 11:51:17,414 [ebc8f44e-82c8-4fec-8a1c-a2914bafe39a:group-ADD191BAE697:LeaderElection105] INFO  server.RaftServerConfigKeys (ConfUtils.java:logGet(43)) - raft.server.staging.catchup.gap = 1000 (default)
2019-09-12 11:51:17,415 [ebc8f44e-82c8-4fec-8a1c-a2914bafe39a:group-ADD191BAE697:LeaderElection105] INFO  server.RaftServerConfigKeys (ConfUtils.java:logGet(43)) - raft.server.rpc.sleep.time = 25ms (default)
2019-09-12 11:51:17,415 [ebc8f44e-82c8-4fec-8a1c-a2914bafe39a:group-ADD191BAE697:LeaderElection105] INFO  server.RaftServerConfigKeys (ConfUtils.java:logGet(43)) - raft.server.write.element-limit = 4096 (default)
2019-09-12 11:51:17,415 [ebc8f44e-82c8-4fec-8a1c-a2914bafe39a:group-ADD191BAE697:LeaderElection105] INFO  server.RaftServerConfigKeys (ConfUtils.java:logGet(43)) - raft.server.watch.timeout = 10s (default)
2019-09-12 11:51:17,415 [ebc8f44e-82c8-4fec-8a1c-a2914bafe39a:group-ADD191BAE697:LeaderElection105] INFO  server.RaftServerConfigKeys (ConfUtils.java:logGet(43)) - raft.server.watch.timeout.denomination = 1s (default)
2019-09-12 11:51:17,415 [ebc8f44e-82c8-4fec-8a1c-a2914bafe39a:group-ADD191BAE697:LeaderElection105] INFO  server.RaftServerConfigKeys (ConfUtils.java:logGet(43)) - raft.server.watch.element-limit = 65536 (default)
2019-09-12 11:51:17,415 [ebc8f44e-82c8-4fec-8a1c-a2914bafe39a:group-ADD191BAE697:LeaderElection105] INFO  impl.RoleInfo (RoleInfo.java:updateAndGet(143)) - ebc8f44e-82c8-4fec-8a1c-a2914bafe39a: start LeaderState
2019-09-12 11:51:17,415 [ebc8f44e-82c8-4fec-8a1c-a2914bafe39a:group-ADD191BAE697:LeaderElection105] INFO  segmented.SegmentedRaftLogWorker (SegmentedRaftLogWorker.java:startLogSegment(380)) - ebc8f44e-82c8-4fec-8a1c-a2914bafe39a-SegmentedRaftLogWorker:Storage Directory /workdir/hadoop-ozone/ozonefs/target/test-dir/MiniOzoneClusterImpl-2036787f-4a5c-4c85-b727-13a1bbcfb7f9/datanode-2/data/ratis/d1abfbbe-8bc2-44ac-91b3-add191bae697: Starting segment from index:0
2019-09-12 11:51:17,416 [ebc8f44e-82c8-4fec-8a1c-a2914bafe39a:group-ADD191BAE697:LeaderElection105] INFO  impl.RaftServerImpl (ServerState.java:setRaftConf(361)) - ebc8f44e-82c8-4fec-8a1c-a2914bafe39a:group-ADD191BAE697 set configuration 0: [ebc8f44e-82c8-4fec-8a1c-a2914bafe39a:192.168.157.195:44850], old=null at 0
2019-09-12 11:51:17,428 [0c68de6a-5794-4c46-b75f-96dd4df51bcf-SegmentedRaftLogWorker:Storage Directory /workdir/hadoop-ozone/ozonefs/target/test-dir/MiniOzoneClusterImpl-2036787f-4a5c-4c85-b727-13a1bbcfb7f9/datanode-1/data/ratis/26c38b0e-96ad-4957-81eb-8b5d2851d1e9] INFO  segmented.SegmentedRaftLogWorker (SegmentedRaftLogWorker.java:execute(569)) - 0c68de6a-5794-4c46-b75f-96dd4df51bcf-SegmentedRaftLogWorker:Storage Directory /workdir/hadoop-ozone/ozonefs/target/test-dir/MiniOzoneClusterImpl-2036787f-4a5c-4c85-b727-13a1bbcfb7f9/datanode-1/data/ratis/26c38b0e-96ad-4957-81eb-8b5d2851d1e9: created new log segment /workdir/hadoop-ozone/ozonefs/target/test-dir/MiniOzoneClusterImpl-2036787f-4a5c-4c85-b727-13a1bbcfb7f9/datanode-1/data/ratis/26c38b0e-96ad-4957-81eb-8b5d2851d1e9/current/log_inprogress_0
2019-09-12 11:51:17,428 [ebc8f44e-82c8-4fec-8a1c-a2914bafe39a:group-977F5BD0F074:LeaderElection106] INFO  impl.LeaderElection (LeaderElection.java:askForVotes(181)) - ebc8f44e-82c8-4fec-8a1c-a2914bafe39a:group-977F5BD0F074:LeaderElection106: begin an election at term 1 for -1: [ebc8f44e-82c8-4fec-8a1c-a2914bafe39a:192.168.157.195:44850], old=null
2019-09-12 11:51:17,428 [ebc8f44e-82c8-4fec-8a1c-a2914bafe39a:group-977F5BD0F074:LeaderElection106] INFO  impl.RoleInfo (RoleInfo.java:shutdownLeaderElection(134)) - ebc8f44e-82c8-4fec-8a1c-a2914bafe39a: shutdown LeaderElection
2019-09-12 11:51:17,428 [ebc8f44e-82c8-4fec-8a1c-a2914bafe39a:group-977F5BD0F074:LeaderElection106] INFO  impl.RaftServerImpl (RaftServerImpl.java:setRole(171)) - ebc8f44e-82c8-4fec-8a1c-a2914bafe39a:group-977F5BD0F074 changes role from CANDIDATE to LEADER at term 1 for changeToLeader
2019-09-12 11:51:17,429 [ebc8f44e-82c8-4fec-8a1c-a2914bafe39a:group-977F5BD0F074:LeaderElection106] INFO  impl.RaftServerImpl (ServerState.java:setLeader(263)) - ebc8f44e-82c8-4fec-8a1c-a2914bafe39a:group-977F5BD0F074 change Leader from null to ebc8f44e-82c8-4fec-8a1c-a2914bafe39a at term 1 for becomeLeader, leader elected after 5175ms
2019-09-12 11:51:17,429 [ebc8f44e-82c8-4fec-8a1c-a2914bafe39a:group-977F5BD0F074:LeaderElection106] INFO  server.RaftServerConfigKeys (ConfUtils.java:logGet(43)) - raft.server.staging.catchup.gap = 1000 (default)
2019-09-12 11:51:17,429 [ebc8f44e-82c8-4fec-8a1c-a2914bafe39a:group-977F5BD0F074:LeaderElection106] INFO  server.RaftServerConfigKeys (ConfUtils.java:logGet(43)) - raft.server.rpc.sleep.time = 25ms (default)
2019-09-12 11:51:17,429 [ebc8f44e-82c8-4fec-8a1c-a2914bafe39a:group-977F5BD0F074:LeaderElection106] INFO  server.RaftServerConfigKeys (ConfUtils.java:logGet(43)) - raft.server.write.element-limit = 4096 (default)
2019-09-12 11:51:17,429 [ebc8f44e-82c8-4fec-8a1c-a2914bafe39a:group-977F5BD0F074:LeaderElection106] INFO  server.RaftServerConfigKeys (ConfUtils.java:logGet(43)) - raft.server.watch.timeout = 10s (default)
2019-09-12 11:51:17,429 [ebc8f44e-82c8-4fec-8a1c-a2914bafe39a:group-977F5BD0F074:LeaderElection106] INFO  server.RaftServerConfigKeys (ConfUtils.java:logGet(43)) - raft.server.watch.timeout.denomination = 1s (default)
2019-09-12 11:51:17,429 [ebc8f44e-82c8-4fec-8a1c-a2914bafe39a:group-977F5BD0F074:LeaderElection106] INFO  server.RaftServerConfigKeys (ConfUtils.java:logGet(43)) - raft.server.watch.element-limit = 65536 (default)
2019-09-12 11:51:17,429 [ebc8f44e-82c8-4fec-8a1c-a2914bafe39a:group-977F5BD0F074:LeaderElection106] INFO  impl.RoleInfo (RoleInfo.java:updateAndGet(143)) - ebc8f44e-82c8-4fec-8a1c-a2914bafe39a: start LeaderState
2019-09-12 11:51:17,429 [ebc8f44e-82c8-4fec-8a1c-a2914bafe39a:group-977F5BD0F074:LeaderElection106] INFO  segmented.SegmentedRaftLogWorker (SegmentedRaftLogWorker.java:startLogSegment(380)) - ebc8f44e-82c8-4fec-8a1c-a2914bafe39a-SegmentedRaftLogWorker:Storage Directory /workdir/hadoop-ozone/ozonefs/target/test-dir/MiniOzoneClusterImpl-2036787f-4a5c-4c85-b727-13a1bbcfb7f9/datanode-2/data/ratis/04928c2d-5154-43c0-b928-977f5bd0f074: Starting segment from index:0
2019-09-12 11:51:17,430 [ebc8f44e-82c8-4fec-8a1c-a2914bafe39a:group-977F5BD0F074:LeaderElection106] INFO  impl.RaftServerImpl (ServerState.java:setRaftConf(361)) - ebc8f44e-82c8-4fec-8a1c-a2914bafe39a:group-977F5BD0F074 set configuration 0: [ebc8f44e-82c8-4fec-8a1c-a2914bafe39a:192.168.157.195:44850], old=null at 0
2019-09-12 11:51:17,455 [ebc8f44e-82c8-4fec-8a1c-a2914bafe39a-SegmentedRaftLogWorker:Storage Directory /workdir/hadoop-ozone/ozonefs/target/test-dir/MiniOzoneClusterImpl-2036787f-4a5c-4c85-b727-13a1bbcfb7f9/datanode-2/data/ratis/d1abfbbe-8bc2-44ac-91b3-add191bae697] INFO  segmented.SegmentedRaftLogWorker (SegmentedRaftLogWorker.java:execute(569)) - ebc8f44e-82c8-4fec-8a1c-a2914bafe39a-SegmentedRaftLogWorker:Storage Directory /workdir/hadoop-ozone/ozonefs/target/test-dir/MiniOzoneClusterImpl-2036787f-4a5c-4c85-b727-13a1bbcfb7f9/datanode-2/data/ratis/d1abfbbe-8bc2-44ac-91b3-add191bae697: created new log segment /workdir/hadoop-ozone/ozonefs/target/test-dir/MiniOzoneClusterImpl-2036787f-4a5c-4c85-b727-13a1bbcfb7f9/datanode-2/data/ratis/d1abfbbe-8bc2-44ac-91b3-add191bae697/current/log_inprogress_0
2019-09-12 11:51:17,455 [ebc8f44e-82c8-4fec-8a1c-a2914bafe39a-SegmentedRaftLogWorker:Storage Directory /workdir/hadoop-ozone/ozonefs/target/test-dir/MiniOzoneClusterImpl-2036787f-4a5c-4c85-b727-13a1bbcfb7f9/datanode-2/data/ratis/04928c2d-5154-43c0-b928-977f5bd0f074] INFO  segmented.SegmentedRaftLogWorker (SegmentedRaftLogWorker.java:execute(569)) - ebc8f44e-82c8-4fec-8a1c-a2914bafe39a-SegmentedRaftLogWorker:Storage Directory /workdir/hadoop-ozone/ozonefs/target/test-dir/MiniOzoneClusterImpl-2036787f-4a5c-4c85-b727-13a1bbcfb7f9/datanode-2/data/ratis/04928c2d-5154-43c0-b928-977f5bd0f074: created new log segment /workdir/hadoop-ozone/ozonefs/target/test-dir/MiniOzoneClusterImpl-2036787f-4a5c-4c85-b727-13a1bbcfb7f9/datanode-2/data/ratis/04928c2d-5154-43c0-b928-977f5bd0f074/current/log_inprogress_0
2019-09-12 11:51:17,474 [Thread-1557] INFO  impl.FollowerState (FollowerState.java:run(106)) - ebc8f44e-82c8-4fec-8a1c-a2914bafe39a:group-8E236F9F8702 changes to CANDIDATE, lastRpcTime:5080, electionTimeout:5080ms
2019-09-12 11:51:17,474 [Thread-1557] INFO  impl.RoleInfo (RoleInfo.java:shutdownFollowerState(121)) - ebc8f44e-82c8-4fec-8a1c-a2914bafe39a: shutdown FollowerState
2019-09-12 11:51:17,474 [Thread-1557] INFO  impl.RaftServerImpl (RaftServerImpl.java:setRole(171)) - ebc8f44e-82c8-4fec-8a1c-a2914bafe39a:group-8E236F9F8702 changes role from FOLLOWER to CANDIDATE at term 0 for changeToCandidate
2019-09-12 11:51:17,474 [Thread-1557] INFO  impl.RoleInfo (RoleInfo.java:updateAndGet(143)) - ebc8f44e-82c8-4fec-8a1c-a2914bafe39a: start LeaderElection
2019-09-12 11:51:17,474 [Thread-1554] INFO  impl.FollowerState (FollowerState.java:run(106)) - ebc8f44e-82c8-4fec-8a1c-a2914bafe39a:group-9799FE40C469 changes to CANDIDATE, lastRpcTime:5121, electionTimeout:5121ms
2019-09-12 11:51:17,474 [Thread-1554] INFO  impl.RoleInfo (RoleInfo.java:shutdownFollowerState(121)) - ebc8f44e-82c8-4fec-8a1c-a2914bafe39a: shutdown FollowerState
2019-09-12 11:51:17,476 [Thread-1554] INFO  impl.RaftServerImpl (RaftServerImpl.java:setRole(171)) - ebc8f44e-82c8-4fec-8a1c-a2914bafe39a:group-9799FE40C469 changes role from FOLLOWER to CANDIDATE at term 0 for changeToCandidate
2019-09-12 11:51:17,477 [Thread-1554] INFO  impl.RoleInfo (RoleInfo.java:updateAndGet(143)) - ebc8f44e-82c8-4fec-8a1c-a2914bafe39a: start LeaderElection
2019-09-12 11:51:17,491 [ebc8f44e-82c8-4fec-8a1c-a2914bafe39a:group-8E236F9F8702:LeaderElection107] INFO  impl.LeaderElection (LeaderElection.java:askForVotes(181)) - ebc8f44e-82c8-4fec-8a1c-a2914bafe39a:group-8E236F9F8702:LeaderElection107: begin an election at term 1 for -1: [ebc8f44e-82c8-4fec-8a1c-a2914bafe39a:192.168.157.195:44850], old=null
2019-09-12 11:51:17,491 [ebc8f44e-82c8-4fec-8a1c-a2914bafe39a:group-9799FE40C469:LeaderElection108] INFO  impl.LeaderElection (LeaderElection.java:askForVotes(181)) - ebc8f44e-82c8-4fec-8a1c-a2914bafe39a:group-9799FE40C469:LeaderElection108: begin an election at term 1 for -1: [ebc8f44e-82c8-4fec-8a1c-a2914bafe39a:192.168.157.195:44850], old=null
2019-09-12 11:51:17,491 [ebc8f44e-82c8-4fec-8a1c-a2914bafe39a:group-8E236F9F8702:LeaderElection107] INFO  impl.RoleInfo (RoleInfo.java:shutdownLeaderElection(134)) - ebc8f44e-82c8-4fec-8a1c-a2914bafe39a: shutdown LeaderElection
2019-09-12 11:51:17,491 [ebc8f44e-82c8-4fec-8a1c-a2914bafe39a:group-9799FE40C469:LeaderElection108] INFO  impl.RoleInfo (RoleInfo.java:shutdownLeaderElection(134)) - ebc8f44e-82c8-4fec-8a1c-a2914bafe39a: shutdown LeaderElection
2019-09-12 11:51:17,491 [ebc8f44e-82c8-4fec-8a1c-a2914bafe39a:group-8E236F9F8702:LeaderElection107] INFO  impl.RaftServerImpl (RaftServerImpl.java:setRole(171)) - ebc8f44e-82c8-4fec-8a1c-a2914bafe39a:group-8E236F9F8702 changes role from CANDIDATE to LEADER at term 1 for changeToLeader
2019-09-12 11:51:17,492 [ebc8f44e-82c8-4fec-8a1c-a2914bafe39a:group-9799FE40C469:LeaderElection108] INFO  impl.RaftServerImpl (RaftServerImpl.java:setRole(171)) - ebc8f44e-82c8-4fec-8a1c-a2914bafe39a:group-9799FE40C469 changes role from CANDIDATE to LEADER at term 1 for changeToLeader
2019-09-12 11:51:17,492 [ebc8f44e-82c8-4fec-8a1c-a2914bafe39a:group-8E236F9F8702:LeaderElection107] INFO  impl.RaftServerImpl (ServerState.java:setLeader(263)) - ebc8f44e-82c8-4fec-8a1c-a2914bafe39a:group-8E236F9F8702 change Leader from null to ebc8f44e-82c8-4fec-8a1c-a2914bafe39a at term 1 for becomeLeader, leader elected after 5101ms
2019-09-12 11:51:17,492 [ebc8f44e-82c8-4fec-8a1c-a2914bafe39a:group-9799FE40C469:LeaderElection108] INFO  impl.RaftServerImpl (ServerState.java:setLeader(263)) - ebc8f44e-82c8-4fec-8a1c-a2914bafe39a:group-9799FE40C469 change Leader from null to ebc8f44e-82c8-4fec-8a1c-a2914bafe39a at term 1 for becomeLeader, leader elected after 5142ms
2019-09-12 11:51:17,492 [ebc8f44e-82c8-4fec-8a1c-a2914bafe39a:group-8E236F9F8702:LeaderElection107] INFO  server.RaftServerConfigKeys (ConfUtils.java:logGet(43)) - raft.server.staging.catchup.gap = 1000 (default)
2019-09-12 11:51:17,492 [ebc8f44e-82c8-4fec-8a1c-a2914bafe39a:group-9799FE40C469:LeaderElection108] INFO  server.RaftServerConfigKeys (ConfUtils.java:logGet(43)) - raft.server.staging.catchup.gap = 1000 (default)
2019-09-12 11:51:17,492 [ebc8f44e-82c8-4fec-8a1c-a2914bafe39a:group-8E236F9F8702:LeaderElection107] INFO  server.RaftServerConfigKeys (ConfUtils.java:logGet(43)) - raft.server.rpc.sleep.time = 25ms (default)
2019-09-12 11:51:17,492 [ebc8f44e-82c8-4fec-8a1c-a2914bafe39a:group-9799FE40C469:LeaderElection108] INFO  server.RaftServerConfigKeys (ConfUtils.java:logGet(43)) - raft.server.rpc.sleep.time = 25ms (default)
2019-09-12 11:51:17,492 [ebc8f44e-82c8-4fec-8a1c-a2914bafe39a:group-8E236F9F8702:LeaderElection107] INFO  server.RaftServerConfigKeys (ConfUtils.java:logGet(43)) - raft.server.write.element-limit = 4096 (default)
2019-09-12 11:51:17,493 [ebc8f44e-82c8-4fec-8a1c-a2914bafe39a:group-9799FE40C469:LeaderElection108] INFO  server.RaftServerConfigKeys (ConfUtils.java:logGet(43)) - raft.server.write.element-limit = 4096 (default)
2019-09-12 11:51:17,493 [ebc8f44e-82c8-4fec-8a1c-a2914bafe39a:group-8E236F9F8702:LeaderElection107] INFO  server.RaftServerConfigKeys (ConfUtils.java:logGet(43)) - raft.server.watch.timeout = 10s (default)
2019-09-12 11:51:17,493 [ebc8f44e-82c8-4fec-8a1c-a2914bafe39a:group-9799FE40C469:LeaderElection108] INFO  server.RaftServerConfigKeys (ConfUtils.java:logGet(43)) - raft.server.watch.timeout = 10s (default)
2019-09-12 11:51:17,493 [ebc8f44e-82c8-4fec-8a1c-a2914bafe39a:group-8E236F9F8702:LeaderElection107] INFO  server.RaftServerConfigKeys (ConfUtils.java:logGet(43)) - raft.server.watch.timeout.denomination = 1s (default)
2019-09-12 11:51:17,493 [ebc8f44e-82c8-4fec-8a1c-a2914bafe39a:group-9799FE40C469:LeaderElection108] INFO  server.RaftServerConfigKeys (ConfUtils.java:logGet(43)) - raft.server.watch.timeout.denomination = 1s (default)
2019-09-12 11:51:17,493 [ebc8f44e-82c8-4fec-8a1c-a2914bafe39a:group-8E236F9F8702:LeaderElection107] INFO  server.RaftServerConfigKeys (ConfUtils.java:logGet(43)) - raft.server.watch.element-limit = 65536 (default)
2019-09-12 11:51:17,493 [ebc8f44e-82c8-4fec-8a1c-a2914bafe39a:group-9799FE40C469:LeaderElection108] INFO  server.RaftServerConfigKeys (ConfUtils.java:logGet(43)) - raft.server.watch.element-limit = 65536 (default)
2019-09-12 11:51:17,493 [ebc8f44e-82c8-4fec-8a1c-a2914bafe39a:group-8E236F9F8702:LeaderElection107] INFO  impl.RoleInfo (RoleInfo.java:updateAndGet(143)) - ebc8f44e-82c8-4fec-8a1c-a2914bafe39a: start LeaderState
2019-09-12 11:51:17,494 [ebc8f44e-82c8-4fec-8a1c-a2914bafe39a:group-9799FE40C469:LeaderElection108] INFO  impl.RoleInfo (RoleInfo.java:updateAndGet(143)) - ebc8f44e-82c8-4fec-8a1c-a2914bafe39a: start LeaderState
2019-09-12 11:51:17,494 [ebc8f44e-82c8-4fec-8a1c-a2914bafe39a:group-8E236F9F8702:LeaderElection107] INFO  segmented.SegmentedRaftLogWorker (SegmentedRaftLogWorker.java:startLogSegment(380)) - ebc8f44e-82c8-4fec-8a1c-a2914bafe39a-SegmentedRaftLogWorker:Storage Directory /workdir/hadoop-ozone/ozonefs/target/test-dir/MiniOzoneClusterImpl-2036787f-4a5c-4c85-b727-13a1bbcfb7f9/datanode-2/data/ratis/a09df969-db62-4ff0-bafc-8e236f9f8702: Starting segment from index:0
2019-09-12 11:51:17,494 [ebc8f44e-82c8-4fec-8a1c-a2914bafe39a:group-9799FE40C469:LeaderElection108] INFO  segmented.SegmentedRaftLogWorker (SegmentedRaftLogWorker.java:startLogSegment(380)) - ebc8f44e-82c8-4fec-8a1c-a2914bafe39a-SegmentedRaftLogWorker:Storage Directory /workdir/hadoop-ozone/ozonefs/target/test-dir/MiniOzoneClusterImpl-2036787f-4a5c-4c85-b727-13a1bbcfb7f9/datanode-2/data/ratis/54a69998-5d81-4deb-bd87-9799fe40c469: Starting segment from index:0
2019-09-12 11:51:17,494 [ebc8f44e-82c8-4fec-8a1c-a2914bafe39a:group-8E236F9F8702:LeaderElection107] INFO  impl.RaftServerImpl (ServerState.java:setRaftConf(361)) - ebc8f44e-82c8-4fec-8a1c-a2914bafe39a:group-8E236F9F8702 set configuration 0: [ebc8f44e-82c8-4fec-8a1c-a2914bafe39a:192.168.157.195:44850], old=null at 0
2019-09-12 11:51:17,495 [ebc8f44e-82c8-4fec-8a1c-a2914bafe39a:group-9799FE40C469:LeaderElection108] INFO  impl.RaftServerImpl (ServerState.java:setRaftConf(361)) - ebc8f44e-82c8-4fec-8a1c-a2914bafe39a:group-9799FE40C469 set configuration 0: [ebc8f44e-82c8-4fec-8a1c-a2914bafe39a:192.168.157.195:44850], old=null at 0
2019-09-12 11:51:17,533 [ebc8f44e-82c8-4fec-8a1c-a2914bafe39a-SegmentedRaftLogWorker:Storage Directory /workdir/hadoop-ozone/ozonefs/target/test-dir/MiniOzoneClusterImpl-2036787f-4a5c-4c85-b727-13a1bbcfb7f9/datanode-2/data/ratis/54a69998-5d81-4deb-bd87-9799fe40c469] INFO  segmented.SegmentedRaftLogWorker (SegmentedRaftLogWorker.java:execute(569)) - ebc8f44e-82c8-4fec-8a1c-a2914bafe39a-SegmentedRaftLogWorker:Storage Directory /workdir/hadoop-ozone/ozonefs/target/test-dir/MiniOzoneClusterImpl-2036787f-4a5c-4c85-b727-13a1bbcfb7f9/datanode-2/data/ratis/54a69998-5d81-4deb-bd87-9799fe40c469: created new log segment /workdir/hadoop-ozone/ozonefs/target/test-dir/MiniOzoneClusterImpl-2036787f-4a5c-4c85-b727-13a1bbcfb7f9/datanode-2/data/ratis/54a69998-5d81-4deb-bd87-9799fe40c469/current/log_inprogress_0
2019-09-12 11:51:17,533 [ebc8f44e-82c8-4fec-8a1c-a2914bafe39a-SegmentedRaftLogWorker:Storage Directory /workdir/hadoop-ozone/ozonefs/target/test-dir/MiniOzoneClusterImpl-2036787f-4a5c-4c85-b727-13a1bbcfb7f9/datanode-2/data/ratis/a09df969-db62-4ff0-bafc-8e236f9f8702] INFO  segmented.SegmentedRaftLogWorker (SegmentedRaftLogWorker.java:execute(569)) - ebc8f44e-82c8-4fec-8a1c-a2914bafe39a-SegmentedRaftLogWorker:Storage Directory /workdir/hadoop-ozone/ozonefs/target/test-dir/MiniOzoneClusterImpl-2036787f-4a5c-4c85-b727-13a1bbcfb7f9/datanode-2/data/ratis/a09df969-db62-4ff0-bafc-8e236f9f8702: created new log segment /workdir/hadoop-ozone/ozonefs/target/test-dir/MiniOzoneClusterImpl-2036787f-4a5c-4c85-b727-13a1bbcfb7f9/datanode-2/data/ratis/a09df969-db62-4ff0-bafc-8e236f9f8702/current/log_inprogress_0
2019-09-12 11:51:18,006 | INFO  | SCMAudit | user=jenkins1000 | ip=192.168.157.195 | op=SEND_HEARTBEAT {datanodeUUID=ebc8f44e-82c8-4fec-8a1c-a2914bafe39a, command=[]} | ret=SUCCESS |  
2019-09-12 11:51:18,300 [main] INFO  ozoneimpl.OzoneContainer (OzoneContainer.java:stop(199)) - Attempting to stop container services.
2019-09-12 11:51:18,300 [ForkJoinPool.commonPool-worker-1] INFO  ozoneimpl.OzoneContainer (OzoneContainer.java:stop(199)) - Attempting to stop container services.
2019-09-12 11:51:18,301 [main] INFO  impl.RaftServerProxy (RaftServerProxy.java:lambda$close$4(314)) - 0c68de6a-5794-4c46-b75f-96dd4df51bcf: close
2019-09-12 11:51:18,301 [ForkJoinPool.commonPool-worker-1] INFO  impl.RaftServerProxy (RaftServerProxy.java:lambda$close$4(314)) - a4e89051-4cc5-4cb7-a8c4-6efddc76418c: close
2019-09-12 11:51:18,301 [main] INFO  impl.RaftServerImpl (RaftServerImpl.java:lambda$shutdown$3(245)) - 0c68de6a-5794-4c46-b75f-96dd4df51bcf: shutdown group-1F8CEF61183A
2019-09-12 11:51:18,301 [ForkJoinPool.commonPool-worker-1] INFO  impl.RaftServerImpl (RaftServerImpl.java:lambda$shutdown$3(245)) - a4e89051-4cc5-4cb7-a8c4-6efddc76418c: shutdown group-45716079D263
2019-09-12 11:51:18,302 [main] INFO  util.JmxRegister (JmxRegister.java:unregister(73)) - Successfully un-registered JMX Bean with object name Ratis:service=RaftServer,group=group-1F8CEF61183A,id=0c68de6a-5794-4c46-b75f-96dd4df51bcf
2019-09-12 11:51:18,302 [ForkJoinPool.commonPool-worker-1] INFO  util.JmxRegister (JmxRegister.java:unregister(73)) - Successfully un-registered JMX Bean with object name Ratis:service=RaftServer,group=group-45716079D263,id=a4e89051-4cc5-4cb7-a8c4-6efddc76418c
2019-09-12 11:51:18,302 [main] INFO  impl.RoleInfo (RoleInfo.java:shutdownLeaderState(104)) - 0c68de6a-5794-4c46-b75f-96dd4df51bcf: shutdown LeaderState
2019-09-12 11:51:18,302 [ForkJoinPool.commonPool-worker-1] INFO  impl.RoleInfo (RoleInfo.java:shutdownLeaderState(104)) - a4e89051-4cc5-4cb7-a8c4-6efddc76418c: shutdown LeaderState
2019-09-12 11:51:18,303 [main] INFO  impl.PendingRequests (PendingRequests.java:sendNotLeaderResponses(202)) - 0c68de6a-5794-4c46-b75f-96dd4df51bcf-PendingRequests: sendNotLeaderResponses
2019-09-12 11:51:18,303 [ForkJoinPool.commonPool-worker-1] INFO  impl.PendingRequests (PendingRequests.java:sendNotLeaderResponses(202)) - a4e89051-4cc5-4cb7-a8c4-6efddc76418c-PendingRequests: sendNotLeaderResponses
2019-09-12 11:51:18,303 [main] INFO  impl.StateMachineUpdater (StateMachineUpdater.java:stopAndJoin(115)) - StateMachineUpdater:0c68de6a-5794-4c46-b75f-96dd4df51bcf:group-1F8CEF61183A: set stopIndex = 0
2019-09-12 11:51:18,304 [ForkJoinPool.commonPool-worker-1] INFO  impl.StateMachineUpdater (StateMachineUpdater.java:stopAndJoin(115)) - StateMachineUpdater:a4e89051-4cc5-4cb7-a8c4-6efddc76418c:group-45716079D263: set stopIndex = 0
2019-09-12 11:51:18,304 [main] INFO  impl.RaftServerImpl (ServerState.java:close(394)) - 0c68de6a-5794-4c46-b75f-96dd4df51bcf:group-1F8CEF61183A closes. The last applied log index is 0
2019-09-12 11:51:18,304 [ForkJoinPool.commonPool-worker-1] INFO  impl.RaftServerImpl (ServerState.java:close(394)) - a4e89051-4cc5-4cb7-a8c4-6efddc76418c:group-45716079D263 closes. The last applied log index is 0
2019-09-12 11:51:18,305 [0c68de6a-5794-4c46-b75f-96dd4df51bcf-SegmentedRaftLogWorker:Storage Directory /workdir/hadoop-ozone/ozonefs/target/test-dir/MiniOzoneClusterImpl-2036787f-4a5c-4c85-b727-13a1bbcfb7f9/datanode-1/data/ratis/91364742-13ae-45b3-ac78-1f8cef61183a] INFO  segmented.SegmentedRaftLogWorker (SegmentedRaftLogWorker.java:run(313)) - 0c68de6a-5794-4c46-b75f-96dd4df51bcf-SegmentedRaftLogWorker:Storage Directory /workdir/hadoop-ozone/ozonefs/target/test-dir/MiniOzoneClusterImpl-2036787f-4a5c-4c85-b727-13a1bbcfb7f9/datanode-1/data/ratis/91364742-13ae-45b3-ac78-1f8cef61183a was interrupted, exiting. There are 0 tasks remaining in the queue.
2019-09-12 11:51:18,305 [a4e89051-4cc5-4cb7-a8c4-6efddc76418c-SegmentedRaftLogWorker:Storage Directory /workdir/hadoop-ozone/ozonefs/target/test-dir/MiniOzoneClusterImpl-2036787f-4a5c-4c85-b727-13a1bbcfb7f9/datanode-0/data/ratis/f60151ba-9c89-4866-98cb-45716079d263] INFO  segmented.SegmentedRaftLogWorker (SegmentedRaftLogWorker.java:run(313)) - a4e89051-4cc5-4cb7-a8c4-6efddc76418c-SegmentedRaftLogWorker:Storage Directory /workdir/hadoop-ozone/ozonefs/target/test-dir/MiniOzoneClusterImpl-2036787f-4a5c-4c85-b727-13a1bbcfb7f9/datanode-0/data/ratis/f60151ba-9c89-4866-98cb-45716079d263 was interrupted, exiting. There are 0 tasks remaining in the queue.
2019-09-12 11:51:18,305 [main] INFO  segmented.SegmentedRaftLogWorker (SegmentedRaftLogWorker.java:close(228)) - 0c68de6a-5794-4c46-b75f-96dd4df51bcf-SegmentedRaftLogWorker:Storage Directory /workdir/hadoop-ozone/ozonefs/target/test-dir/MiniOzoneClusterImpl-2036787f-4a5c-4c85-b727-13a1bbcfb7f9/datanode-1/data/ratis/91364742-13ae-45b3-ac78-1f8cef61183a close()
2019-09-12 11:51:18,305 [ForkJoinPool.commonPool-worker-1] INFO  segmented.SegmentedRaftLogWorker (SegmentedRaftLogWorker.java:close(228)) - a4e89051-4cc5-4cb7-a8c4-6efddc76418c-SegmentedRaftLogWorker:Storage Directory /workdir/hadoop-ozone/ozonefs/target/test-dir/MiniOzoneClusterImpl-2036787f-4a5c-4c85-b727-13a1bbcfb7f9/datanode-0/data/ratis/f60151ba-9c89-4866-98cb-45716079d263 close()
2019-09-12 11:51:18,308 [main] INFO  impl.RaftServerImpl (RaftServerImpl.java:lambda$shutdown$3(245)) - 0c68de6a-5794-4c46-b75f-96dd4df51bcf: shutdown group-8B5D2851D1E9
2019-09-12 11:51:18,310 [ForkJoinPool.commonPool-worker-1] INFO  impl.RaftServerImpl (RaftServerImpl.java:lambda$shutdown$3(245)) - a4e89051-4cc5-4cb7-a8c4-6efddc76418c: shutdown group-9F29298583AE
2019-09-12 11:51:18,310 [main] INFO  util.JmxRegister (JmxRegister.java:unregister(73)) - Successfully un-registered JMX Bean with object name Ratis:service=RaftServer,group=group-8B5D2851D1E9,id=0c68de6a-5794-4c46-b75f-96dd4df51bcf
2019-09-12 11:51:18,310 [ForkJoinPool.commonPool-worker-1] INFO  util.JmxRegister (JmxRegister.java:unregister(73)) - Successfully un-registered JMX Bean with object name Ratis:service=RaftServer,group=group-9F29298583AE,id=a4e89051-4cc5-4cb7-a8c4-6efddc76418c
2019-09-12 11:51:18,310 [main] INFO  impl.RoleInfo (RoleInfo.java:shutdownLeaderState(104)) - 0c68de6a-5794-4c46-b75f-96dd4df51bcf: shutdown LeaderState
2019-09-12 11:51:18,311 [ForkJoinPool.commonPool-worker-1] INFO  impl.RoleInfo (RoleInfo.java:shutdownLeaderState(104)) - a4e89051-4cc5-4cb7-a8c4-6efddc76418c: shutdown LeaderState
2019-09-12 11:51:18,311 [main] INFO  impl.PendingRequests (PendingRequests.java:sendNotLeaderResponses(202)) - 0c68de6a-5794-4c46-b75f-96dd4df51bcf-PendingRequests: sendNotLeaderResponses
2019-09-12 11:51:18,311 [ForkJoinPool.commonPool-worker-1] INFO  impl.PendingRequests (PendingRequests.java:sendNotLeaderResponses(202)) - a4e89051-4cc5-4cb7-a8c4-6efddc76418c-PendingRequests: sendNotLeaderResponses
2019-09-12 11:51:18,312 [main] INFO  impl.StateMachineUpdater (StateMachineUpdater.java:stopAndJoin(115)) - StateMachineUpdater:0c68de6a-5794-4c46-b75f-96dd4df51bcf:group-8B5D2851D1E9: set stopIndex = 0
2019-09-12 11:51:18,312 [ForkJoinPool.commonPool-worker-1] INFO  impl.StateMachineUpdater (StateMachineUpdater.java:stopAndJoin(115)) - StateMachineUpdater:a4e89051-4cc5-4cb7-a8c4-6efddc76418c:group-9F29298583AE: set stopIndex = 0
2019-09-12 11:51:18,312 [main] INFO  impl.RaftServerImpl (ServerState.java:close(394)) - 0c68de6a-5794-4c46-b75f-96dd4df51bcf:group-8B5D2851D1E9 closes. The last applied log index is 0
2019-09-12 11:51:18,313 [ForkJoinPool.commonPool-worker-1] INFO  impl.RaftServerImpl (ServerState.java:close(394)) - a4e89051-4cc5-4cb7-a8c4-6efddc76418c:group-9F29298583AE closes. The last applied log index is 0
2019-09-12 11:51:18,313 [0c68de6a-5794-4c46-b75f-96dd4df51bcf-SegmentedRaftLogWorker:Storage Directory /workdir/hadoop-ozone/ozonefs/target/test-dir/MiniOzoneClusterImpl-2036787f-4a5c-4c85-b727-13a1bbcfb7f9/datanode-1/data/ratis/26c38b0e-96ad-4957-81eb-8b5d2851d1e9] INFO  segmented.SegmentedRaftLogWorker (SegmentedRaftLogWorker.java:run(313)) - 0c68de6a-5794-4c46-b75f-96dd4df51bcf-SegmentedRaftLogWorker:Storage Directory /workdir/hadoop-ozone/ozonefs/target/test-dir/MiniOzoneClusterImpl-2036787f-4a5c-4c85-b727-13a1bbcfb7f9/datanode-1/data/ratis/26c38b0e-96ad-4957-81eb-8b5d2851d1e9 was interrupted, exiting. There are 0 tasks remaining in the queue.
2019-09-12 11:51:18,313 [a4e89051-4cc5-4cb7-a8c4-6efddc76418c-SegmentedRaftLogWorker:Storage Directory /workdir/hadoop-ozone/ozonefs/target/test-dir/MiniOzoneClusterImpl-2036787f-4a5c-4c85-b727-13a1bbcfb7f9/datanode-0/data/ratis/eb264516-7601-4212-9737-9f29298583ae] INFO  segmented.SegmentedRaftLogWorker (SegmentedRaftLogWorker.java:run(313)) - a4e89051-4cc5-4cb7-a8c4-6efddc76418c-SegmentedRaftLogWorker:Storage Directory /workdir/hadoop-ozone/ozonefs/target/test-dir/MiniOzoneClusterImpl-2036787f-4a5c-4c85-b727-13a1bbcfb7f9/datanode-0/data/ratis/eb264516-7601-4212-9737-9f29298583ae was interrupted, exiting. There are 0 tasks remaining in the queue.
2019-09-12 11:51:18,313 [main] INFO  segmented.SegmentedRaftLogWorker (SegmentedRaftLogWorker.java:close(228)) - 0c68de6a-5794-4c46-b75f-96dd4df51bcf-SegmentedRaftLogWorker:Storage Directory /workdir/hadoop-ozone/ozonefs/target/test-dir/MiniOzoneClusterImpl-2036787f-4a5c-4c85-b727-13a1bbcfb7f9/datanode-1/data/ratis/26c38b0e-96ad-4957-81eb-8b5d2851d1e9 close()
2019-09-12 11:51:18,314 [ForkJoinPool.commonPool-worker-1] INFO  segmented.SegmentedRaftLogWorker (SegmentedRaftLogWorker.java:close(228)) - a4e89051-4cc5-4cb7-a8c4-6efddc76418c-SegmentedRaftLogWorker:Storage Directory /workdir/hadoop-ozone/ozonefs/target/test-dir/MiniOzoneClusterImpl-2036787f-4a5c-4c85-b727-13a1bbcfb7f9/datanode-0/data/ratis/eb264516-7601-4212-9737-9f29298583ae close()
2019-09-12 11:51:18,315 [main] INFO  impl.RaftServerImpl (RaftServerImpl.java:lambda$shutdown$3(245)) - 0c68de6a-5794-4c46-b75f-96dd4df51bcf: shutdown group-8AC27B14C9FA
2019-09-12 11:51:18,317 [ForkJoinPool.commonPool-worker-1] INFO  impl.RaftServerImpl (RaftServerImpl.java:lambda$shutdown$3(245)) - a4e89051-4cc5-4cb7-a8c4-6efddc76418c: shutdown group-5D88A9C95165
2019-09-12 11:51:18,317 [main] INFO  util.JmxRegister (JmxRegister.java:unregister(73)) - Successfully un-registered JMX Bean with object name Ratis:service=RaftServer,group=group-8AC27B14C9FA,id=0c68de6a-5794-4c46-b75f-96dd4df51bcf
2019-09-12 11:51:18,317 [main] INFO  impl.RoleInfo (RoleInfo.java:shutdownLeaderState(104)) - 0c68de6a-5794-4c46-b75f-96dd4df51bcf: shutdown LeaderState
2019-09-12 11:51:18,317 [ForkJoinPool.commonPool-worker-1] INFO  util.JmxRegister (JmxRegister.java:unregister(73)) - Successfully un-registered JMX Bean with object name Ratis:service=RaftServer,group=group-5D88A9C95165,id=a4e89051-4cc5-4cb7-a8c4-6efddc76418c
2019-09-12 11:51:18,318 [main] INFO  impl.PendingRequests (PendingRequests.java:sendNotLeaderResponses(202)) - 0c68de6a-5794-4c46-b75f-96dd4df51bcf-PendingRequests: sendNotLeaderResponses
2019-09-12 11:51:18,318 [ForkJoinPool.commonPool-worker-1] INFO  impl.RoleInfo (RoleInfo.java:shutdownLeaderState(104)) - a4e89051-4cc5-4cb7-a8c4-6efddc76418c: shutdown LeaderState
2019-09-12 11:51:18,318 [main] INFO  impl.StateMachineUpdater (StateMachineUpdater.java:stopAndJoin(115)) - StateMachineUpdater:0c68de6a-5794-4c46-b75f-96dd4df51bcf:group-8AC27B14C9FA: set stopIndex = 0
2019-09-12 11:51:18,319 [ForkJoinPool.commonPool-worker-1] INFO  impl.PendingRequests (PendingRequests.java:sendNotLeaderResponses(202)) - a4e89051-4cc5-4cb7-a8c4-6efddc76418c-PendingRequests: sendNotLeaderResponses
2019-09-12 11:51:18,319 [main] INFO  impl.RaftServerImpl (ServerState.java:close(394)) - 0c68de6a-5794-4c46-b75f-96dd4df51bcf:group-8AC27B14C9FA closes. The last applied log index is 0
2019-09-12 11:51:18,319 [ForkJoinPool.commonPool-worker-1] INFO  impl.StateMachineUpdater (StateMachineUpdater.java:stopAndJoin(115)) - StateMachineUpdater:a4e89051-4cc5-4cb7-a8c4-6efddc76418c:group-5D88A9C95165: set stopIndex = 0
2019-09-12 11:51:18,320 [0c68de6a-5794-4c46-b75f-96dd4df51bcf-SegmentedRaftLogWorker:Storage Directory /workdir/hadoop-ozone/ozonefs/target/test-dir/MiniOzoneClusterImpl-2036787f-4a5c-4c85-b727-13a1bbcfb7f9/datanode-1/data/ratis/3318c27e-1f4c-4059-b454-8ac27b14c9fa] INFO  segmented.SegmentedRaftLogWorker (SegmentedRaftLogWorker.java:run(313)) - 0c68de6a-5794-4c46-b75f-96dd4df51bcf-SegmentedRaftLogWorker:Storage Directory /workdir/hadoop-ozone/ozonefs/target/test-dir/MiniOzoneClusterImpl-2036787f-4a5c-4c85-b727-13a1bbcfb7f9/datanode-1/data/ratis/3318c27e-1f4c-4059-b454-8ac27b14c9fa was interrupted, exiting. There are 0 tasks remaining in the queue.
2019-09-12 11:51:18,320 [ForkJoinPool.commonPool-worker-1] INFO  impl.RaftServerImpl (ServerState.java:close(394)) - a4e89051-4cc5-4cb7-a8c4-6efddc76418c:group-5D88A9C95165 closes. The last applied log index is 0
2019-09-12 11:51:18,320 [main] INFO  segmented.SegmentedRaftLogWorker (SegmentedRaftLogWorker.java:close(228)) - 0c68de6a-5794-4c46-b75f-96dd4df51bcf-SegmentedRaftLogWorker:Storage Directory /workdir/hadoop-ozone/ozonefs/target/test-dir/MiniOzoneClusterImpl-2036787f-4a5c-4c85-b727-13a1bbcfb7f9/datanode-1/data/ratis/3318c27e-1f4c-4059-b454-8ac27b14c9fa close()
2019-09-12 11:51:18,321 [a4e89051-4cc5-4cb7-a8c4-6efddc76418c-SegmentedRaftLogWorker:Storage Directory /workdir/hadoop-ozone/ozonefs/target/test-dir/MiniOzoneClusterImpl-2036787f-4a5c-4c85-b727-13a1bbcfb7f9/datanode-0/data/ratis/e23b87cf-8a0c-4016-8cfd-5d88a9c95165] INFO  segmented.SegmentedRaftLogWorker (SegmentedRaftLogWorker.java:run(313)) - a4e89051-4cc5-4cb7-a8c4-6efddc76418c-SegmentedRaftLogWorker:Storage Directory /workdir/hadoop-ozone/ozonefs/target/test-dir/MiniOzoneClusterImpl-2036787f-4a5c-4c85-b727-13a1bbcfb7f9/datanode-0/data/ratis/e23b87cf-8a0c-4016-8cfd-5d88a9c95165 was interrupted, exiting. There are 0 tasks remaining in the queue.
2019-09-12 11:51:18,322 [main] INFO  impl.RaftServerImpl (RaftServerImpl.java:lambda$shutdown$3(245)) - 0c68de6a-5794-4c46-b75f-96dd4df51bcf: shutdown group-A0A2EB3725E6
2019-09-12 11:51:18,323 [main] INFO  util.JmxRegister (JmxRegister.java:unregister(73)) - Successfully un-registered JMX Bean with object name Ratis:service=RaftServer,group=group-A0A2EB3725E6,id=0c68de6a-5794-4c46-b75f-96dd4df51bcf
2019-09-12 11:51:18,323 [main] INFO  impl.RoleInfo (RoleInfo.java:shutdownLeaderState(104)) - 0c68de6a-5794-4c46-b75f-96dd4df51bcf: shutdown LeaderState
2019-09-12 11:51:18,322 [ForkJoinPool.commonPool-worker-1] INFO  segmented.SegmentedRaftLogWorker (SegmentedRaftLogWorker.java:close(228)) - a4e89051-4cc5-4cb7-a8c4-6efddc76418c-SegmentedRaftLogWorker:Storage Directory /workdir/hadoop-ozone/ozonefs/target/test-dir/MiniOzoneClusterImpl-2036787f-4a5c-4c85-b727-13a1bbcfb7f9/datanode-0/data/ratis/e23b87cf-8a0c-4016-8cfd-5d88a9c95165 close()
2019-09-12 11:51:18,323 [main] INFO  impl.PendingRequests (PendingRequests.java:sendNotLeaderResponses(202)) - 0c68de6a-5794-4c46-b75f-96dd4df51bcf-PendingRequests: sendNotLeaderResponses
2019-09-12 11:51:18,325 [ForkJoinPool.commonPool-worker-1] INFO  impl.RaftServerImpl (RaftServerImpl.java:lambda$shutdown$3(245)) - a4e89051-4cc5-4cb7-a8c4-6efddc76418c: shutdown group-4CAFF01426E5
2019-09-12 11:51:18,325 [main] INFO  impl.StateMachineUpdater (StateMachineUpdater.java:stopAndJoin(115)) - StateMachineUpdater:0c68de6a-5794-4c46-b75f-96dd4df51bcf:group-A0A2EB3725E6: set stopIndex = 0
2019-09-12 11:51:18,326 [ForkJoinPool.commonPool-worker-1] INFO  util.JmxRegister (JmxRegister.java:unregister(73)) - Successfully un-registered JMX Bean with object name Ratis:service=RaftServer,group=group-4CAFF01426E5,id=a4e89051-4cc5-4cb7-a8c4-6efddc76418c
2019-09-12 11:51:18,326 [main] INFO  impl.RaftServerImpl (ServerState.java:close(394)) - 0c68de6a-5794-4c46-b75f-96dd4df51bcf:group-A0A2EB3725E6 closes. The last applied log index is 0
2019-09-12 11:51:18,326 [ForkJoinPool.commonPool-worker-1] INFO  impl.RoleInfo (RoleInfo.java:shutdownLeaderState(104)) - a4e89051-4cc5-4cb7-a8c4-6efddc76418c: shutdown LeaderState
2019-09-12 11:51:18,327 [0c68de6a-5794-4c46-b75f-96dd4df51bcf-SegmentedRaftLogWorker:Storage Directory /workdir/hadoop-ozone/ozonefs/target/test-dir/MiniOzoneClusterImpl-2036787f-4a5c-4c85-b727-13a1bbcfb7f9/datanode-1/data/ratis/16d3b60b-7720-4155-b272-a0a2eb3725e6] INFO  segmented.SegmentedRaftLogWorker (SegmentedRaftLogWorker.java:run(313)) - 0c68de6a-5794-4c46-b75f-96dd4df51bcf-SegmentedRaftLogWorker:Storage Directory /workdir/hadoop-ozone/ozonefs/target/test-dir/MiniOzoneClusterImpl-2036787f-4a5c-4c85-b727-13a1bbcfb7f9/datanode-1/data/ratis/16d3b60b-7720-4155-b272-a0a2eb3725e6 was interrupted, exiting. There are 0 tasks remaining in the queue.
2019-09-12 11:51:18,327 [ForkJoinPool.commonPool-worker-1] INFO  impl.PendingRequests (PendingRequests.java:sendNotLeaderResponses(202)) - a4e89051-4cc5-4cb7-a8c4-6efddc76418c-PendingRequests: sendNotLeaderResponses
2019-09-12 11:51:18,327 [main] INFO  segmented.SegmentedRaftLogWorker (SegmentedRaftLogWorker.java:close(228)) - 0c68de6a-5794-4c46-b75f-96dd4df51bcf-SegmentedRaftLogWorker:Storage Directory /workdir/hadoop-ozone/ozonefs/target/test-dir/MiniOzoneClusterImpl-2036787f-4a5c-4c85-b727-13a1bbcfb7f9/datanode-1/data/ratis/16d3b60b-7720-4155-b272-a0a2eb3725e6 close()
2019-09-12 11:51:18,327 [ForkJoinPool.commonPool-worker-1] INFO  impl.StateMachineUpdater (StateMachineUpdater.java:stopAndJoin(115)) - StateMachineUpdater:a4e89051-4cc5-4cb7-a8c4-6efddc76418c:group-4CAFF01426E5: set stopIndex = 0
2019-09-12 11:51:18,329 [main] INFO  impl.RaftServerImpl (RaftServerImpl.java:lambda$shutdown$3(245)) - 0c68de6a-5794-4c46-b75f-96dd4df51bcf: shutdown group-AE653EC4D585
2019-09-12 11:51:18,329 [ForkJoinPool.commonPool-worker-1] INFO  impl.RaftServerImpl (ServerState.java:close(394)) - a4e89051-4cc5-4cb7-a8c4-6efddc76418c:group-4CAFF01426E5 closes. The last applied log index is 0
2019-09-12 11:51:18,330 [main] INFO  util.JmxRegister (JmxRegister.java:unregister(73)) - Successfully un-registered JMX Bean with object name Ratis:service=RaftServer,group=group-AE653EC4D585,id=0c68de6a-5794-4c46-b75f-96dd4df51bcf
2019-09-12 11:51:18,330 [a4e89051-4cc5-4cb7-a8c4-6efddc76418c-SegmentedRaftLogWorker:Storage Directory /workdir/hadoop-ozone/ozonefs/target/test-dir/MiniOzoneClusterImpl-2036787f-4a5c-4c85-b727-13a1bbcfb7f9/datanode-0/data/ratis/82eeec46-922a-42db-80c6-4caff01426e5] INFO  segmented.SegmentedRaftLogWorker (SegmentedRaftLogWorker.java:run(313)) - a4e89051-4cc5-4cb7-a8c4-6efddc76418c-SegmentedRaftLogWorker:Storage Directory /workdir/hadoop-ozone/ozonefs/target/test-dir/MiniOzoneClusterImpl-2036787f-4a5c-4c85-b727-13a1bbcfb7f9/datanode-0/data/ratis/82eeec46-922a-42db-80c6-4caff01426e5 was interrupted, exiting. There are 0 tasks remaining in the queue.
2019-09-12 11:51:18,330 [main] INFO  impl.RoleInfo (RoleInfo.java:shutdownLeaderState(104)) - 0c68de6a-5794-4c46-b75f-96dd4df51bcf: shutdown LeaderState
2019-09-12 11:51:18,331 [ForkJoinPool.commonPool-worker-1] INFO  segmented.SegmentedRaftLogWorker (SegmentedRaftLogWorker.java:close(228)) - a4e89051-4cc5-4cb7-a8c4-6efddc76418c-SegmentedRaftLogWorker:Storage Directory /workdir/hadoop-ozone/ozonefs/target/test-dir/MiniOzoneClusterImpl-2036787f-4a5c-4c85-b727-13a1bbcfb7f9/datanode-0/data/ratis/82eeec46-922a-42db-80c6-4caff01426e5 close()
2019-09-12 11:51:18,331 [main] INFO  impl.PendingRequests (PendingRequests.java:sendNotLeaderResponses(202)) - 0c68de6a-5794-4c46-b75f-96dd4df51bcf-PendingRequests: sendNotLeaderResponses
2019-09-12 11:51:18,333 [ForkJoinPool.commonPool-worker-1] INFO  impl.RaftServerImpl (RaftServerImpl.java:lambda$shutdown$3(245)) - a4e89051-4cc5-4cb7-a8c4-6efddc76418c: shutdown group-6D475289B7D8
2019-09-12 11:51:18,333 [main] INFO  impl.StateMachineUpdater (StateMachineUpdater.java:stopAndJoin(115)) - StateMachineUpdater:0c68de6a-5794-4c46-b75f-96dd4df51bcf:group-AE653EC4D585: set stopIndex = 0
2019-09-12 11:51:18,333 [ForkJoinPool.commonPool-worker-1] INFO  util.JmxRegister (JmxRegister.java:unregister(73)) - Successfully un-registered JMX Bean with object name Ratis:service=RaftServer,group=group-6D475289B7D8,id=a4e89051-4cc5-4cb7-a8c4-6efddc76418c
2019-09-12 11:51:18,334 [ForkJoinPool.commonPool-worker-1] INFO  impl.RoleInfo (RoleInfo.java:shutdownLeaderState(104)) - a4e89051-4cc5-4cb7-a8c4-6efddc76418c: shutdown LeaderState
2019-09-12 11:51:18,333 [main] INFO  impl.RaftServerImpl (ServerState.java:close(394)) - 0c68de6a-5794-4c46-b75f-96dd4df51bcf:group-AE653EC4D585 closes. The last applied log index is 0
2019-09-12 11:51:18,334 [ForkJoinPool.commonPool-worker-1] INFO  impl.PendingRequests (PendingRequests.java:sendNotLeaderResponses(202)) - a4e89051-4cc5-4cb7-a8c4-6efddc76418c-PendingRequests: sendNotLeaderResponses
2019-09-12 11:51:18,335 [0c68de6a-5794-4c46-b75f-96dd4df51bcf-SegmentedRaftLogWorker:Storage Directory /workdir/hadoop-ozone/ozonefs/target/test-dir/MiniOzoneClusterImpl-2036787f-4a5c-4c85-b727-13a1bbcfb7f9/datanode-1/data/ratis/607a5d98-f1c4-4304-b569-ae653ec4d585] INFO  segmented.SegmentedRaftLogWorker (SegmentedRaftLogWorker.java:run(313)) - 0c68de6a-5794-4c46-b75f-96dd4df51bcf-SegmentedRaftLogWorker:Storage Directory /workdir/hadoop-ozone/ozonefs/target/test-dir/MiniOzoneClusterImpl-2036787f-4a5c-4c85-b727-13a1bbcfb7f9/datanode-1/data/ratis/607a5d98-f1c4-4304-b569-ae653ec4d585 was interrupted, exiting. There are 0 tasks remaining in the queue.
2019-09-12 11:51:18,335 [ForkJoinPool.commonPool-worker-1] INFO  impl.StateMachineUpdater (StateMachineUpdater.java:stopAndJoin(115)) - StateMachineUpdater:a4e89051-4cc5-4cb7-a8c4-6efddc76418c:group-6D475289B7D8: set stopIndex = 0
2019-09-12 11:51:18,335 [main] INFO  segmented.SegmentedRaftLogWorker (SegmentedRaftLogWorker.java:close(228)) - 0c68de6a-5794-4c46-b75f-96dd4df51bcf-SegmentedRaftLogWorker:Storage Directory /workdir/hadoop-ozone/ozonefs/target/test-dir/MiniOzoneClusterImpl-2036787f-4a5c-4c85-b727-13a1bbcfb7f9/datanode-1/data/ratis/607a5d98-f1c4-4304-b569-ae653ec4d585 close()
2019-09-12 11:51:18,335 [ForkJoinPool.commonPool-worker-1] INFO  impl.RaftServerImpl (ServerState.java:close(394)) - a4e89051-4cc5-4cb7-a8c4-6efddc76418c:group-6D475289B7D8 closes. The last applied log index is 0
2019-09-12 11:51:18,337 [main] INFO  impl.RaftServerImpl (RaftServerImpl.java:lambda$shutdown$3(245)) - 0c68de6a-5794-4c46-b75f-96dd4df51bcf: shutdown group-DD2E326F9185
2019-09-12 11:51:18,337 [a4e89051-4cc5-4cb7-a8c4-6efddc76418c-SegmentedRaftLogWorker:Storage Directory /workdir/hadoop-ozone/ozonefs/target/test-dir/MiniOzoneClusterImpl-2036787f-4a5c-4c85-b727-13a1bbcfb7f9/datanode-0/data/ratis/536a2361-7abb-4328-b016-6d475289b7d8] INFO  segmented.SegmentedRaftLogWorker (SegmentedRaftLogWorker.java:run(313)) - a4e89051-4cc5-4cb7-a8c4-6efddc76418c-SegmentedRaftLogWorker:Storage Directory /workdir/hadoop-ozone/ozonefs/target/test-dir/MiniOzoneClusterImpl-2036787f-4a5c-4c85-b727-13a1bbcfb7f9/datanode-0/data/ratis/536a2361-7abb-4328-b016-6d475289b7d8 was interrupted, exiting. There are 0 tasks remaining in the queue.
2019-09-12 11:51:18,337 [main] INFO  util.JmxRegister (JmxRegister.java:unregister(73)) - Successfully un-registered JMX Bean with object name Ratis:service=RaftServer,group=group-DD2E326F9185,id=0c68de6a-5794-4c46-b75f-96dd4df51bcf
2019-09-12 11:51:18,338 [ForkJoinPool.commonPool-worker-1] INFO  segmented.SegmentedRaftLogWorker (SegmentedRaftLogWorker.java:close(228)) - a4e89051-4cc5-4cb7-a8c4-6efddc76418c-SegmentedRaftLogWorker:Storage Directory /workdir/hadoop-ozone/ozonefs/target/test-dir/MiniOzoneClusterImpl-2036787f-4a5c-4c85-b727-13a1bbcfb7f9/datanode-0/data/ratis/536a2361-7abb-4328-b016-6d475289b7d8 close()
2019-09-12 11:51:18,338 [main] INFO  impl.RoleInfo (RoleInfo.java:shutdownLeaderState(104)) - 0c68de6a-5794-4c46-b75f-96dd4df51bcf: shutdown LeaderState
2019-09-12 11:51:18,339 [ForkJoinPool.commonPool-worker-1] INFO  impl.RaftServerImpl (RaftServerImpl.java:lambda$shutdown$3(245)) - a4e89051-4cc5-4cb7-a8c4-6efddc76418c: shutdown group-021E76AE19BA
2019-09-12 11:51:18,340 [main] INFO  impl.PendingRequests (PendingRequests.java:sendNotLeaderResponses(202)) - 0c68de6a-5794-4c46-b75f-96dd4df51bcf-PendingRequests: sendNotLeaderResponses
2019-09-12 11:51:18,340 [ForkJoinPool.commonPool-worker-1] INFO  util.JmxRegister (JmxRegister.java:unregister(73)) - Successfully un-registered JMX Bean with object name Ratis:service=RaftServer,group=group-021E76AE19BA,id=a4e89051-4cc5-4cb7-a8c4-6efddc76418c
2019-09-12 11:51:18,340 [main] INFO  impl.StateMachineUpdater (StateMachineUpdater.java:stopAndJoin(115)) - StateMachineUpdater:0c68de6a-5794-4c46-b75f-96dd4df51bcf:group-DD2E326F9185: set stopIndex = 0
2019-09-12 11:51:18,341 [main] INFO  impl.RaftServerImpl (ServerState.java:close(394)) - 0c68de6a-5794-4c46-b75f-96dd4df51bcf:group-DD2E326F9185 closes. The last applied log index is 0
2019-09-12 11:51:18,340 [ForkJoinPool.commonPool-worker-1] INFO  impl.RoleInfo (RoleInfo.java:shutdownLeaderState(104)) - a4e89051-4cc5-4cb7-a8c4-6efddc76418c: shutdown LeaderState
2019-09-12 11:51:18,341 [0c68de6a-5794-4c46-b75f-96dd4df51bcf-SegmentedRaftLogWorker:Storage Directory /workdir/hadoop-ozone/ozonefs/target/test-dir/MiniOzoneClusterImpl-2036787f-4a5c-4c85-b727-13a1bbcfb7f9/datanode-1/data/ratis/548d8a07-1394-4864-84a1-dd2e326f9185] INFO  segmented.SegmentedRaftLogWorker (SegmentedRaftLogWorker.java:run(313)) - 0c68de6a-5794-4c46-b75f-96dd4df51bcf-SegmentedRaftLogWorker:Storage Directory /workdir/hadoop-ozone/ozonefs/target/test-dir/MiniOzoneClusterImpl-2036787f-4a5c-4c85-b727-13a1bbcfb7f9/datanode-1/data/ratis/548d8a07-1394-4864-84a1-dd2e326f9185 was interrupted, exiting. There are 0 tasks remaining in the queue.
2019-09-12 11:51:18,341 [ForkJoinPool.commonPool-worker-1] INFO  impl.PendingRequests (PendingRequests.java:sendNotLeaderResponses(202)) - a4e89051-4cc5-4cb7-a8c4-6efddc76418c-PendingRequests: sendNotLeaderResponses
2019-09-12 11:51:18,342 [main] INFO  segmented.SegmentedRaftLogWorker (SegmentedRaftLogWorker.java:close(228)) - 0c68de6a-5794-4c46-b75f-96dd4df51bcf-SegmentedRaftLogWorker:Storage Directory /workdir/hadoop-ozone/ozonefs/target/test-dir/MiniOzoneClusterImpl-2036787f-4a5c-4c85-b727-13a1bbcfb7f9/datanode-1/data/ratis/548d8a07-1394-4864-84a1-dd2e326f9185 close()
2019-09-12 11:51:18,342 [ForkJoinPool.commonPool-worker-1] INFO  impl.StateMachineUpdater (StateMachineUpdater.java:stopAndJoin(115)) - StateMachineUpdater:a4e89051-4cc5-4cb7-a8c4-6efddc76418c:group-021E76AE19BA: set stopIndex = 0
2019-09-12 11:51:18,344 [main] INFO  server.GrpcService (GrpcService.java:closeImpl(155)) - 0c68de6a-5794-4c46-b75f-96dd4df51bcf: shutdown server with port 40992 now
2019-09-12 11:51:18,344 [ForkJoinPool.commonPool-worker-1] INFO  impl.RaftServerImpl (ServerState.java:close(394)) - a4e89051-4cc5-4cb7-a8c4-6efddc76418c:group-021E76AE19BA closes. The last applied log index is 0
2019-09-12 11:51:18,346 [main] INFO  server.GrpcService (GrpcService.java:closeImpl(163)) - 0c68de6a-5794-4c46-b75f-96dd4df51bcf: shutdown server with port 40992 successfully
2019-09-12 11:51:18,346 [a4e89051-4cc5-4cb7-a8c4-6efddc76418c-SegmentedRaftLogWorker:Storage Directory /workdir/hadoop-ozone/ozonefs/target/test-dir/MiniOzoneClusterImpl-2036787f-4a5c-4c85-b727-13a1bbcfb7f9/datanode-0/data/ratis/9f0cbb09-0dcb-46b5-9118-021e76ae19ba] INFO  segmented.SegmentedRaftLogWorker (SegmentedRaftLogWorker.java:run(313)) - a4e89051-4cc5-4cb7-a8c4-6efddc76418c-SegmentedRaftLogWorker:Storage Directory /workdir/hadoop-ozone/ozonefs/target/test-dir/MiniOzoneClusterImpl-2036787f-4a5c-4c85-b727-13a1bbcfb7f9/datanode-0/data/ratis/9f0cbb09-0dcb-46b5-9118-021e76ae19ba was interrupted, exiting. There are 0 tasks remaining in the queue.
2019-09-12 11:51:18,347 [ForkJoinPool.commonPool-worker-1] INFO  segmented.SegmentedRaftLogWorker (SegmentedRaftLogWorker.java:close(228)) - a4e89051-4cc5-4cb7-a8c4-6efddc76418c-SegmentedRaftLogWorker:Storage Directory /workdir/hadoop-ozone/ozonefs/target/test-dir/MiniOzoneClusterImpl-2036787f-4a5c-4c85-b727-13a1bbcfb7f9/datanode-0/data/ratis/9f0cbb09-0dcb-46b5-9118-021e76ae19ba close()
2019-09-12 11:51:18,348 [ForkJoinPool.commonPool-worker-1] INFO  server.GrpcService (GrpcService.java:closeImpl(155)) - a4e89051-4cc5-4cb7-a8c4-6efddc76418c: shutdown server with port 44245 now
2019-09-12 11:51:18,348 [main] INFO  utils.BackgroundService (BackgroundService.java:shutdown(148)) - Shutting down service BlockDeletingService
2019-09-12 11:51:18,349 [ForkJoinPool.commonPool-worker-1] INFO  server.GrpcService (GrpcService.java:closeImpl(163)) - a4e89051-4cc5-4cb7-a8c4-6efddc76418c: shutdown server with port 44245 successfully
2019-09-12 11:51:18,350 [refreshUsed-/workdir/hadoop-ozone/ozonefs/target/test-dir/MiniOzoneClusterImpl-2036787f-4a5c-4c85-b727-13a1bbcfb7f9/datanode-1/data/containers] WARN  fs.CachingGetSpaceUsed (CachingGetSpaceUsed.java:run(183)) - Thread Interrupted waiting to refresh disk information: sleep interrupted
2019-09-12 11:51:18,353 [ForkJoinPool.commonPool-worker-1] INFO  utils.BackgroundService (BackgroundService.java:shutdown(148)) - Shutting down service BlockDeletingService
2019-09-12 11:51:18,355 [refreshUsed-/workdir/hadoop-ozone/ozonefs/target/test-dir/MiniOzoneClusterImpl-2036787f-4a5c-4c85-b727-13a1bbcfb7f9/datanode-0/data/containers] WARN  fs.CachingGetSpaceUsed (CachingGetSpaceUsed.java:run(183)) - Thread Interrupted waiting to refresh disk information: sleep interrupted
2019-09-12 11:51:18,376 [main] INFO  statemachine.DatanodeStateMachine (DatanodeStateMachine.java:stopDaemon(395)) - Ozone container server stopped.
2019-09-12 11:51:18,377 [main] INFO  handler.ContextHandler (ContextHandler.java:doStop(910)) - Stopped o.e.j.w.WebAppContext@7b9d602c{/,null,UNAVAILABLE}{/hddsDatanode}
2019-09-12 11:51:18,378 [main] INFO  server.AbstractConnector (AbstractConnector.java:doStop(318)) - Stopped ServerConnector@30a5a58d{HTTP/1.1,[http/1.1]}{0.0.0.0:0}
2019-09-12 11:51:18,378 [main] INFO  handler.ContextHandler (ContextHandler.java:doStop(910)) - Stopped o.e.j.s.ServletContextHandler@4d0d568f{/static,jar:file:/home/user/.m2/repository/org/apache/hadoop/hadoop-hdds-container-service/0.5.0-SNAPSHOT/hadoop-hdds-container-service-0.5.0-SNAPSHOT.jar!/webapps/static,UNAVAILABLE}
2019-09-12 11:51:18,378 [main] INFO  handler.ContextHandler (ContextHandler.java:doStop(910)) - Stopped o.e.j.s.ServletContextHandler@739be7ec{/logs,file:///workdir/hadoop-ozone/ozonefs/target/log,UNAVAILABLE}
2019-09-12 11:51:18,379 [main] INFO  datanode.ObjectStoreHandler (ObjectStoreHandler.java:close(155)) - Closing ObjectStoreHandler.
2019-09-12 11:51:18,379 [main] INFO  ozone.HddsDatanodeService (HddsDatanodeService.java:stop(451)) - Stopped plug-in org.apache.hadoop.ozone.web.OzoneHddsDatanodeService@1ce45e18
2019-09-12 11:51:18,388 [ForkJoinPool.commonPool-worker-1] INFO  statemachine.DatanodeStateMachine (DatanodeStateMachine.java:stopDaemon(395)) - Ozone container server stopped.
2019-09-12 11:51:18,391 [ForkJoinPool.commonPool-worker-1] INFO  handler.ContextHandler (ContextHandler.java:doStop(910)) - Stopped o.e.j.w.WebAppContext@7da6d695{/,null,UNAVAILABLE}{/hddsDatanode}
2019-09-12 11:51:18,391 [ForkJoinPool.commonPool-worker-1] INFO  server.AbstractConnector (AbstractConnector.java:doStop(318)) - Stopped ServerConnector@74a991cf{HTTP/1.1,[http/1.1]}{0.0.0.0:0}
2019-09-12 11:51:18,392 [ForkJoinPool.commonPool-worker-1] INFO  handler.ContextHandler (ContextHandler.java:doStop(910)) - Stopped o.e.j.s.ServletContextHandler@1977b0df{/static,jar:file:/home/user/.m2/repository/org/apache/hadoop/hadoop-hdds-container-service/0.5.0-SNAPSHOT/hadoop-hdds-container-service-0.5.0-SNAPSHOT.jar!/webapps/static,UNAVAILABLE}
2019-09-12 11:51:18,393 [ForkJoinPool.commonPool-worker-1] INFO  handler.ContextHandler (ContextHandler.java:doStop(910)) - Stopped o.e.j.s.ServletContextHandler@670aac24{/logs,file:///workdir/hadoop-ozone/ozonefs/target/log,UNAVAILABLE}
2019-09-12 11:51:19,005 [Datanode State Machine Thread - 0] INFO  statemachine.DatanodeStateMachine (DatanodeStateMachine.java:lambda$startDaemon$0(350)) - Ozone container server started.
2019-09-12 11:51:23,380 [main] INFO  ozoneimpl.OzoneContainer (OzoneContainer.java:stop(199)) - Attempting to stop container services.
2019-09-12 11:51:23,381 [main] INFO  impl.RaftServerProxy (RaftServerProxy.java:lambda$close$4(314)) - ebc8f44e-82c8-4fec-8a1c-a2914bafe39a: close
2019-09-12 11:51:23,382 [main] INFO  impl.RaftServerImpl (RaftServerImpl.java:lambda$shutdown$3(245)) - ebc8f44e-82c8-4fec-8a1c-a2914bafe39a: shutdown group-8CEF8147E005
2019-09-12 11:51:23,382 [ForkJoinPool.commonPool-worker-0] INFO  impl.RaftServerImpl (RaftServerImpl.java:lambda$shutdown$3(245)) - ebc8f44e-82c8-4fec-8a1c-a2914bafe39a: shutdown group-977F5BD0F074
2019-09-12 11:51:23,383 [main] INFO  util.JmxRegister (JmxRegister.java:unregister(73)) - Successfully un-registered JMX Bean with object name Ratis:service=RaftServer,group=group-8CEF8147E005,id=ebc8f44e-82c8-4fec-8a1c-a2914bafe39a
2019-09-12 11:51:23,383 [ForkJoinPool.commonPool-worker-0] INFO  util.JmxRegister (JmxRegister.java:unregister(73)) - Successfully un-registered JMX Bean with object name Ratis:service=RaftServer,group=group-977F5BD0F074,id=ebc8f44e-82c8-4fec-8a1c-a2914bafe39a
2019-09-12 11:51:23,384 [main] INFO  impl.RoleInfo (RoleInfo.java:shutdownLeaderState(104)) - ebc8f44e-82c8-4fec-8a1c-a2914bafe39a: shutdown LeaderState
2019-09-12 11:51:23,384 [ForkJoinPool.commonPool-worker-0] INFO  impl.RoleInfo (RoleInfo.java:shutdownLeaderState(104)) - ebc8f44e-82c8-4fec-8a1c-a2914bafe39a: shutdown LeaderState
2019-09-12 11:51:23,385 [ForkJoinPool.commonPool-worker-0] INFO  impl.PendingRequests (PendingRequests.java:sendNotLeaderResponses(202)) - ebc8f44e-82c8-4fec-8a1c-a2914bafe39a-PendingRequests: sendNotLeaderResponses
2019-09-12 11:51:23,385 [main] INFO  impl.PendingRequests (PendingRequests.java:sendNotLeaderResponses(202)) - ebc8f44e-82c8-4fec-8a1c-a2914bafe39a-PendingRequests: sendNotLeaderResponses
2019-09-12 11:51:23,385 [ForkJoinPool.commonPool-worker-0] INFO  impl.StateMachineUpdater (StateMachineUpdater.java:stopAndJoin(115)) - StateMachineUpdater:ebc8f44e-82c8-4fec-8a1c-a2914bafe39a:group-977F5BD0F074: set stopIndex = 0
2019-09-12 11:51:23,386 [main] INFO  impl.StateMachineUpdater (StateMachineUpdater.java:stopAndJoin(115)) - StateMachineUpdater:ebc8f44e-82c8-4fec-8a1c-a2914bafe39a:group-8CEF8147E005: set stopIndex = 0
2019-09-12 11:51:23,386 [ForkJoinPool.commonPool-worker-0] INFO  impl.RaftServerImpl (ServerState.java:close(394)) - ebc8f44e-82c8-4fec-8a1c-a2914bafe39a:group-977F5BD0F074 closes. The last applied log index is 0
2019-09-12 11:51:23,386 [main] INFO  impl.RaftServerImpl (ServerState.java:close(394)) - ebc8f44e-82c8-4fec-8a1c-a2914bafe39a:group-8CEF8147E005 closes. The last applied log index is 0
2019-09-12 11:51:23,387 [ebc8f44e-82c8-4fec-8a1c-a2914bafe39a-SegmentedRaftLogWorker:Storage Directory /workdir/hadoop-ozone/ozonefs/target/test-dir/MiniOzoneClusterImpl-2036787f-4a5c-4c85-b727-13a1bbcfb7f9/datanode-2/data/ratis/04928c2d-5154-43c0-b928-977f5bd0f074] INFO  segmented.SegmentedRaftLogWorker (SegmentedRaftLogWorker.java:run(313)) - ebc8f44e-82c8-4fec-8a1c-a2914bafe39a-SegmentedRaftLogWorker:Storage Directory /workdir/hadoop-ozone/ozonefs/target/test-dir/MiniOzoneClusterImpl-2036787f-4a5c-4c85-b727-13a1bbcfb7f9/datanode-2/data/ratis/04928c2d-5154-43c0-b928-977f5bd0f074 was interrupted, exiting. There are 0 tasks remaining in the queue.
2019-09-12 11:51:23,387 [ebc8f44e-82c8-4fec-8a1c-a2914bafe39a-SegmentedRaftLogWorker:Storage Directory /workdir/hadoop-ozone/ozonefs/target/test-dir/MiniOzoneClusterImpl-2036787f-4a5c-4c85-b727-13a1bbcfb7f9/datanode-2/data/ratis/84272618-870e-47b2-a34a-8cef8147e005] INFO  segmented.SegmentedRaftLogWorker (SegmentedRaftLogWorker.java:run(313)) - ebc8f44e-82c8-4fec-8a1c-a2914bafe39a-SegmentedRaftLogWorker:Storage Directory /workdir/hadoop-ozone/ozonefs/target/test-dir/MiniOzoneClusterImpl-2036787f-4a5c-4c85-b727-13a1bbcfb7f9/datanode-2/data/ratis/84272618-870e-47b2-a34a-8cef8147e005 was interrupted, exiting. There are 0 tasks remaining in the queue.
2019-09-12 11:51:23,387 [ForkJoinPool.commonPool-worker-0] INFO  segmented.SegmentedRaftLogWorker (SegmentedRaftLogWorker.java:close(228)) - ebc8f44e-82c8-4fec-8a1c-a2914bafe39a-SegmentedRaftLogWorker:Storage Directory /workdir/hadoop-ozone/ozonefs/target/test-dir/MiniOzoneClusterImpl-2036787f-4a5c-4c85-b727-13a1bbcfb7f9/datanode-2/data/ratis/04928c2d-5154-43c0-b928-977f5bd0f074 close()
2019-09-12 11:51:23,387 [main] INFO  segmented.SegmentedRaftLogWorker (SegmentedRaftLogWorker.java:close(228)) - ebc8f44e-82c8-4fec-8a1c-a2914bafe39a-SegmentedRaftLogWorker:Storage Directory /workdir/hadoop-ozone/ozonefs/target/test-dir/MiniOzoneClusterImpl-2036787f-4a5c-4c85-b727-13a1bbcfb7f9/datanode-2/data/ratis/84272618-870e-47b2-a34a-8cef8147e005 close()
2019-09-12 11:51:23,389 [ForkJoinPool.commonPool-worker-0] INFO  impl.RaftServerImpl (RaftServerImpl.java:lambda$shutdown$3(245)) - ebc8f44e-82c8-4fec-8a1c-a2914bafe39a: shutdown group-5486122981BE
2019-09-12 11:51:23,390 [main] INFO  impl.RaftServerImpl (RaftServerImpl.java:lambda$shutdown$3(245)) - ebc8f44e-82c8-4fec-8a1c-a2914bafe39a: shutdown group-ADD191BAE697
2019-09-12 11:51:23,390 [ForkJoinPool.commonPool-worker-0] INFO  util.JmxRegister (JmxRegister.java:unregister(73)) - Successfully un-registered JMX Bean with object name Ratis:service=RaftServer,group=group-5486122981BE,id=ebc8f44e-82c8-4fec-8a1c-a2914bafe39a
2019-09-12 11:51:23,390 [main] INFO  util.JmxRegister (JmxRegister.java:unregister(73)) - Successfully un-registered JMX Bean with object name Ratis:service=RaftServer,group=group-ADD191BAE697,id=ebc8f44e-82c8-4fec-8a1c-a2914bafe39a
2019-09-12 11:51:23,391 [ForkJoinPool.commonPool-worker-0] INFO  impl.RoleInfo (RoleInfo.java:shutdownLeaderState(104)) - ebc8f44e-82c8-4fec-8a1c-a2914bafe39a: shutdown LeaderState
2019-09-12 11:51:23,391 [main] INFO  impl.RoleInfo (RoleInfo.java:shutdownLeaderState(104)) - ebc8f44e-82c8-4fec-8a1c-a2914bafe39a: shutdown LeaderState
2019-09-12 11:51:23,391 [ForkJoinPool.commonPool-worker-0] INFO  impl.PendingRequests (PendingRequests.java:sendNotLeaderResponses(202)) - ebc8f44e-82c8-4fec-8a1c-a2914bafe39a-PendingRequests: sendNotLeaderResponses
2019-09-12 11:51:23,392 [main] INFO  impl.PendingRequests (PendingRequests.java:sendNotLeaderResponses(202)) - ebc8f44e-82c8-4fec-8a1c-a2914bafe39a-PendingRequests: sendNotLeaderResponses
2019-09-12 11:51:23,392 [ForkJoinPool.commonPool-worker-0] INFO  impl.StateMachineUpdater (StateMachineUpdater.java:stopAndJoin(115)) - StateMachineUpdater:ebc8f44e-82c8-4fec-8a1c-a2914bafe39a:group-5486122981BE: set stopIndex = 0
2019-09-12 11:51:23,392 [main] INFO  impl.StateMachineUpdater (StateMachineUpdater.java:stopAndJoin(115)) - StateMachineUpdater:ebc8f44e-82c8-4fec-8a1c-a2914bafe39a:group-ADD191BAE697: set stopIndex = 0
2019-09-12 11:51:23,393 [main] INFO  impl.RaftServerImpl (ServerState.java:close(394)) - ebc8f44e-82c8-4fec-8a1c-a2914bafe39a:group-ADD191BAE697 closes. The last applied log index is 0
2019-09-12 11:51:23,393 [ForkJoinPool.commonPool-worker-0] INFO  impl.RaftServerImpl (ServerState.java:close(394)) - ebc8f44e-82c8-4fec-8a1c-a2914bafe39a:group-5486122981BE closes. The last applied log index is 0
2019-09-12 11:51:23,394 [ebc8f44e-82c8-4fec-8a1c-a2914bafe39a-SegmentedRaftLogWorker:Storage Directory /workdir/hadoop-ozone/ozonefs/target/test-dir/MiniOzoneClusterImpl-2036787f-4a5c-4c85-b727-13a1bbcfb7f9/datanode-2/data/ratis/d1abfbbe-8bc2-44ac-91b3-add191bae697] INFO  segmented.SegmentedRaftLogWorker (SegmentedRaftLogWorker.java:run(313)) - ebc8f44e-82c8-4fec-8a1c-a2914bafe39a-SegmentedRaftLogWorker:Storage Directory /workdir/hadoop-ozone/ozonefs/target/test-dir/MiniOzoneClusterImpl-2036787f-4a5c-4c85-b727-13a1bbcfb7f9/datanode-2/data/ratis/d1abfbbe-8bc2-44ac-91b3-add191bae697 was interrupted, exiting. There are 0 tasks remaining in the queue.
2019-09-12 11:51:23,394 [main] INFO  segmented.SegmentedRaftLogWorker (SegmentedRaftLogWorker.java:close(228)) - ebc8f44e-82c8-4fec-8a1c-a2914bafe39a-SegmentedRaftLogWorker:Storage Directory /workdir/hadoop-ozone/ozonefs/target/test-dir/MiniOzoneClusterImpl-2036787f-4a5c-4c85-b727-13a1bbcfb7f9/datanode-2/data/ratis/d1abfbbe-8bc2-44ac-91b3-add191bae697 close()
2019-09-12 11:51:23,394 [ebc8f44e-82c8-4fec-8a1c-a2914bafe39a-SegmentedRaftLogWorker:Storage Directory /workdir/hadoop-ozone/ozonefs/target/test-dir/MiniOzoneClusterImpl-2036787f-4a5c-4c85-b727-13a1bbcfb7f9/datanode-2/data/ratis/904e0347-7d4d-493c-8e67-5486122981be] INFO  segmented.SegmentedRaftLogWorker (SegmentedRaftLogWorker.java:run(313)) - ebc8f44e-82c8-4fec-8a1c-a2914bafe39a-SegmentedRaftLogWorker:Storage Directory /workdir/hadoop-ozone/ozonefs/target/test-dir/MiniOzoneClusterImpl-2036787f-4a5c-4c85-b727-13a1bbcfb7f9/datanode-2/data/ratis/904e0347-7d4d-493c-8e67-5486122981be was interrupted, exiting. There are 0 tasks remaining in the queue.
2019-09-12 11:51:23,395 [main] INFO  impl.RaftServerImpl (RaftServerImpl.java:lambda$shutdown$3(245)) - ebc8f44e-82c8-4fec-8a1c-a2914bafe39a: shutdown group-8E236F9F8702
2019-09-12 11:51:23,396 [ForkJoinPool.commonPool-worker-0] INFO  segmented.SegmentedRaftLogWorker (SegmentedRaftLogWorker.java:close(228)) - ebc8f44e-82c8-4fec-8a1c-a2914bafe39a-SegmentedRaftLogWorker:Storage Directory /workdir/hadoop-ozone/ozonefs/target/test-dir/MiniOzoneClusterImpl-2036787f-4a5c-4c85-b727-13a1bbcfb7f9/datanode-2/data/ratis/904e0347-7d4d-493c-8e67-5486122981be close()
2019-09-12 11:51:23,396 [main] INFO  util.JmxRegister (JmxRegister.java:unregister(73)) - Successfully un-registered JMX Bean with object name Ratis:service=RaftServer,group=group-8E236F9F8702,id=ebc8f44e-82c8-4fec-8a1c-a2914bafe39a
2019-09-12 11:51:23,397 [main] INFO  impl.RoleInfo (RoleInfo.java:shutdownLeaderState(104)) - ebc8f44e-82c8-4fec-8a1c-a2914bafe39a: shutdown LeaderState
2019-09-12 11:51:23,397 [ForkJoinPool.commonPool-worker-0] INFO  impl.RaftServerImpl (RaftServerImpl.java:lambda$shutdown$3(245)) - ebc8f44e-82c8-4fec-8a1c-a2914bafe39a: shutdown group-9799FE40C469
2019-09-12 11:51:23,398 [main] INFO  impl.PendingRequests (PendingRequests.java:sendNotLeaderResponses(202)) - ebc8f44e-82c8-4fec-8a1c-a2914bafe39a-PendingRequests: sendNotLeaderResponses
2019-09-12 11:51:23,398 [ForkJoinPool.commonPool-worker-0] INFO  util.JmxRegister (JmxRegister.java:unregister(73)) - Successfully un-registered JMX Bean with object name Ratis:service=RaftServer,group=group-9799FE40C469,id=ebc8f44e-82c8-4fec-8a1c-a2914bafe39a
2019-09-12 11:51:23,398 [main] INFO  impl.StateMachineUpdater (StateMachineUpdater.java:stopAndJoin(115)) - StateMachineUpdater:ebc8f44e-82c8-4fec-8a1c-a2914bafe39a:group-8E236F9F8702: set stopIndex = 0
2019-09-12 11:51:23,399 [ForkJoinPool.commonPool-worker-0] INFO  impl.RoleInfo (RoleInfo.java:shutdownLeaderState(104)) - ebc8f44e-82c8-4fec-8a1c-a2914bafe39a: shutdown LeaderState
2019-09-12 11:51:23,399 [main] INFO  impl.RaftServerImpl (ServerState.java:close(394)) - ebc8f44e-82c8-4fec-8a1c-a2914bafe39a:group-8E236F9F8702 closes. The last applied log index is 0
2019-09-12 11:51:23,399 [ForkJoinPool.commonPool-worker-0] INFO  impl.PendingRequests (PendingRequests.java:sendNotLeaderResponses(202)) - ebc8f44e-82c8-4fec-8a1c-a2914bafe39a-PendingRequests: sendNotLeaderResponses
2019-09-12 11:51:23,400 [ebc8f44e-82c8-4fec-8a1c-a2914bafe39a-SegmentedRaftLogWorker:Storage Directory /workdir/hadoop-ozone/ozonefs/target/test-dir/MiniOzoneClusterImpl-2036787f-4a5c-4c85-b727-13a1bbcfb7f9/datanode-2/data/ratis/a09df969-db62-4ff0-bafc-8e236f9f8702] INFO  segmented.SegmentedRaftLogWorker (SegmentedRaftLogWorker.java:run(313)) - ebc8f44e-82c8-4fec-8a1c-a2914bafe39a-SegmentedRaftLogWorker:Storage Directory /workdir/hadoop-ozone/ozonefs/target/test-dir/MiniOzoneClusterImpl-2036787f-4a5c-4c85-b727-13a1bbcfb7f9/datanode-2/data/ratis/a09df969-db62-4ff0-bafc-8e236f9f8702 was interrupted, exiting. There are 0 tasks remaining in the queue.
2019-09-12 11:51:23,400 [ForkJoinPool.commonPool-worker-0] INFO  impl.StateMachineUpdater (StateMachineUpdater.java:stopAndJoin(115)) - StateMachineUpdater:ebc8f44e-82c8-4fec-8a1c-a2914bafe39a:group-9799FE40C469: set stopIndex = 0
2019-09-12 11:51:23,400 [main] INFO  segmented.SegmentedRaftLogWorker (SegmentedRaftLogWorker.java:close(228)) - ebc8f44e-82c8-4fec-8a1c-a2914bafe39a-SegmentedRaftLogWorker:Storage Directory /workdir/hadoop-ozone/ozonefs/target/test-dir/MiniOzoneClusterImpl-2036787f-4a5c-4c85-b727-13a1bbcfb7f9/datanode-2/data/ratis/a09df969-db62-4ff0-bafc-8e236f9f8702 close()
2019-09-12 11:51:23,400 [ForkJoinPool.commonPool-worker-0] INFO  impl.RaftServerImpl (ServerState.java:close(394)) - ebc8f44e-82c8-4fec-8a1c-a2914bafe39a:group-9799FE40C469 closes. The last applied log index is 0
2019-09-12 11:51:23,402 [ebc8f44e-82c8-4fec-8a1c-a2914bafe39a-SegmentedRaftLogWorker:Storage Directory /workdir/hadoop-ozone/ozonefs/target/test-dir/MiniOzoneClusterImpl-2036787f-4a5c-4c85-b727-13a1bbcfb7f9/datanode-2/data/ratis/54a69998-5d81-4deb-bd87-9799fe40c469] INFO  segmented.SegmentedRaftLogWorker (SegmentedRaftLogWorker.java:run(313)) - ebc8f44e-82c8-4fec-8a1c-a2914bafe39a-SegmentedRaftLogWorker:Storage Directory /workdir/hadoop-ozone/ozonefs/target/test-dir/MiniOzoneClusterImpl-2036787f-4a5c-4c85-b727-13a1bbcfb7f9/datanode-2/data/ratis/54a69998-5d81-4deb-bd87-9799fe40c469 was interrupted, exiting. There are 0 tasks remaining in the queue.
2019-09-12 11:51:23,402 [ForkJoinPool.commonPool-worker-0] INFO  segmented.SegmentedRaftLogWorker (SegmentedRaftLogWorker.java:close(228)) - ebc8f44e-82c8-4fec-8a1c-a2914bafe39a-SegmentedRaftLogWorker:Storage Directory /workdir/hadoop-ozone/ozonefs/target/test-dir/MiniOzoneClusterImpl-2036787f-4a5c-4c85-b727-13a1bbcfb7f9/datanode-2/data/ratis/54a69998-5d81-4deb-bd87-9799fe40c469 close()
2019-09-12 11:51:23,403 [main] INFO  server.GrpcService (GrpcService.java:closeImpl(155)) - ebc8f44e-82c8-4fec-8a1c-a2914bafe39a: shutdown server with port 44850 now
2019-09-12 11:51:23,405 [main] INFO  server.GrpcService (GrpcService.java:closeImpl(163)) - ebc8f44e-82c8-4fec-8a1c-a2914bafe39a: shutdown server with port 44850 successfully
2019-09-12 11:51:23,410 [main] INFO  utils.BackgroundService (BackgroundService.java:shutdown(148)) - Shutting down service BlockDeletingService
2019-09-12 11:51:23,411 [refreshUsed-/workdir/hadoop-ozone/ozonefs/target/test-dir/MiniOzoneClusterImpl-2036787f-4a5c-4c85-b727-13a1bbcfb7f9/datanode-2/data/containers] WARN  fs.CachingGetSpaceUsed (CachingGetSpaceUsed.java:run(183)) - Thread Interrupted waiting to refresh disk information: sleep interrupted
2019-09-12 11:51:23,441 [main] INFO  statemachine.DatanodeStateMachine (DatanodeStateMachine.java:stopDaemon(395)) - Ozone container server stopped.
2019-09-12 11:51:23,442 [main] INFO  handler.ContextHandler (ContextHandler.java:doStop(910)) - Stopped o.e.j.w.WebAppContext@7ca7bddd{/,null,UNAVAILABLE}{/hddsDatanode}
2019-09-12 11:51:23,443 [main] INFO  server.AbstractConnector (AbstractConnector.java:doStop(318)) - Stopped ServerConnector@206e5183{HTTP/1.1,[http/1.1]}{0.0.0.0:0}
2019-09-12 11:51:23,444 [main] INFO  handler.ContextHandler (ContextHandler.java:doStop(910)) - Stopped o.e.j.s.ServletContextHandler@690e7b89{/static,jar:file:/home/user/.m2/repository/org/apache/hadoop/hadoop-hdds-container-service/0.5.0-SNAPSHOT/hadoop-hdds-container-service-0.5.0-SNAPSHOT.jar!/webapps/static,UNAVAILABLE}
2019-09-12 11:51:23,444 [main] INFO  handler.ContextHandler (ContextHandler.java:doStop(910)) - Stopped o.e.j.s.ServletContextHandler@4ef10d3b{/logs,file:///workdir/hadoop-ozone/ozonefs/target/log,UNAVAILABLE}
2019-09-12 11:51:23,446 [main] INFO  ozone.MiniOzoneClusterImpl (MiniOzoneClusterImpl.java:stop(353)) - Stopping the StorageContainerManager
2019-09-12 11:51:23,446 [main] INFO  server.StorageContainerManager (StorageContainerManager.java:stop(797)) - Stopping Replication Manager Service.
2019-09-12 11:51:23,446 [main] INFO  container.ReplicationManager (ReplicationManager.java:stop(192)) - Stopping Replication Monitor Thread.
2019-09-12 11:51:23,446 [main] INFO  server.StorageContainerManager (StorageContainerManager.java:stop(804)) - Stopping Lease Manager of the command watchers
2019-09-12 11:51:23,447 [main] INFO  server.StorageContainerManager (StorageContainerManager.java:stop(811)) - Stopping datanode service RPC server
2019-09-12 11:51:23,447 [main] INFO  server.SCMDatanodeProtocolServer (SCMDatanodeProtocolServer.java:stop(367)) - Stopping the RPC server for DataNodes
2019-09-12 11:51:23,447 [main] INFO  ipc.Server (Server.java:stop(3082)) - Stopping server on 40128
2019-09-12 11:51:23,450 [IPC Server listener on 40128] INFO  ipc.Server (Server.java:run(1185)) - Stopping IPC Server listener on 40128
2019-09-12 11:51:23,450 [IPC Server Responder] INFO  ipc.Server (Server.java:run(1319)) - Stopping IPC Server Responder
2019-09-12 11:51:23,528 [SCM Heartbeat Processing Thread - 0] WARN  node.NodeStateManager (NodeStateManager.java:scheduleNextHealthCheck(655)) - Current Thread is interrupted, shutting down HB processing thread for Node Manager.
2019-09-12 11:51:23,528 [main] INFO  server.StorageContainerManager (StorageContainerManager.java:stop(819)) - Stopping block service RPC server
2019-09-12 11:51:23,529 [main] INFO  server.SCMBlockProtocolServer (SCMBlockProtocolServer.java:stop(148)) - Stopping the RPC server for Block Protocol
2019-09-12 11:51:23,529 [main] INFO  ipc.Server (Server.java:stop(3082)) - Stopping server on 33188
2019-09-12 11:51:23,531 [IPC Server listener on 33188] INFO  ipc.Server (Server.java:run(1185)) - Stopping IPC Server listener on 33188
2019-09-12 11:51:23,534 [main] INFO  server.StorageContainerManager (StorageContainerManager.java:stop(826)) - Stopping the StorageContainerLocationProtocol RPC server
2019-09-12 11:51:23,535 [main] INFO  server.SCMClientProtocolServer (SCMClientProtocolServer.java:stop(159)) - Stopping the RPC server for Client Protocol
2019-09-12 11:51:23,535 [main] INFO  ipc.Server (Server.java:stop(3082)) - Stopping server on 39331
2019-09-12 11:51:23,535 [IPC Server Responder] INFO  ipc.Server (Server.java:run(1319)) - Stopping IPC Server Responder
2019-09-12 11:51:23,539 [IPC Server listener on 39331] INFO  ipc.Server (Server.java:run(1185)) - Stopping IPC Server listener on 39331
2019-09-12 11:51:23,539 [main] INFO  server.StorageContainerManager (StorageContainerManager.java:stop(833)) - Stopping Storage Container Manager HTTP server.
2019-09-12 11:51:23,539 [IPC Server Responder] INFO  ipc.Server (Server.java:run(1319)) - Stopping IPC Server Responder
2019-09-12 11:51:23,541 [main] INFO  handler.ContextHandler (ContextHandler.java:doStop(910)) - Stopped o.e.j.w.WebAppContext@2b76ecd5{/,null,UNAVAILABLE}{/scm}
2019-09-12 11:51:23,542 [main] INFO  server.AbstractConnector (AbstractConnector.java:doStop(318)) - Stopped ServerConnector@7bd7c4cf{HTTP/1.1,[http/1.1]}{0.0.0.0:0}
2019-09-12 11:51:23,542 [main] INFO  handler.ContextHandler (ContextHandler.java:doStop(910)) - Stopped o.e.j.s.ServletContextHandler@4c05f83b{/static,jar:file:/home/user/.m2/repository/org/apache/hadoop/hadoop-hdds-server-scm/0.5.0-SNAPSHOT/hadoop-hdds-server-scm-0.5.0-SNAPSHOT.jar!/webapps/static,UNAVAILABLE}
2019-09-12 11:51:23,543 [main] INFO  handler.ContextHandler (ContextHandler.java:doStop(910)) - Stopped o.e.j.s.ServletContextHandler@70efdd18{/logs,file:///workdir/hadoop-ozone/ozonefs/target/log,UNAVAILABLE}
2019-09-12 11:51:23,544 [main] INFO  server.StorageContainerManager (StorageContainerManager.java:stop(844)) - Stopping Block Manager Service.
2019-09-12 11:51:23,544 [main] INFO  utils.BackgroundService (BackgroundService.java:shutdown(148)) - Shutting down service SCMBlockDeletingService
2019-09-12 11:51:23,545 [main] INFO  utils.BackgroundService (BackgroundService.java:shutdown(148)) - Shutting down service SCMBlockDeletingService
2019-09-12 11:51:23,545 [main] INFO  server.StorageContainerManager (StorageContainerManager.java:stop(866)) - Stopping SCM Event Queue.
2019-09-12 11:51:23,550 [main] INFO  impl.MetricsSystemImpl (MetricsSystemImpl.java:stop(210)) - Stopping HddsDatanode metrics system...
2019-09-12 11:51:23,562 [main] INFO  impl.MetricsSystemImpl (MetricsSystemImpl.java:stop(216)) - HddsDatanode metrics system stopped.
]]></system-out>
    <system-err><![CDATA[Sep 12, 2019 11:51:07 AM com.sun.jersey.server.impl.application.WebApplicationImpl _initiate
INFO: Initiating Jersey application, version 'Jersey: 1.19 02/11/2015 03:25 AM'
Sep 12, 2019 11:51:07 AM com.sun.jersey.server.impl.application.WebApplicationImpl _initiate
INFO: Initiating Jersey application, version 'Jersey: 1.19 02/11/2015 03:25 AM'
Sep 12, 2019 11:51:07 AM com.sun.jersey.server.impl.application.WebApplicationImpl _initiate
INFO: Initiating Jersey application, version 'Jersey: 1.19 02/11/2015 03:25 AM'
Sep 12, 2019 11:51:13 AM com.sun.jersey.server.impl.application.WebApplicationImpl _initiate
INFO: Initiating Jersey application, version 'Jersey: 1.19 02/11/2015 03:25 AM'
]]></system-err>
  </testcase>
  <testcase name="testOzoneManagerFileSystemInterface[1]" classname="org.apache.hadoop.fs.ozone.TestOzoneFileInterfaces" time="17.485"/>
  <testcase name="testListStatus[1]" classname="org.apache.hadoop.fs.ozone.TestOzoneFileInterfaces" time="17.283"/>
  <testcase name="testDirectory[1]" classname="org.apache.hadoop.fs.ozone.TestOzoneFileInterfaces" time="17.557"/>
  <testcase name="testPathToKey[1]" classname="org.apache.hadoop.fs.ozone.TestOzoneFileInterfaces" time="17.165"/>
  <testcase name="testFileSystemInit[1]" classname="org.apache.hadoop.fs.ozone.TestOzoneFileInterfaces" time="17.365"/>
  <testcase name="testOzFsReadWrite[1]" classname="org.apache.hadoop.fs.ozone.TestOzoneFileInterfaces" time="17.499">
    <error message="Allocated 0 blocks. Requested 1 blocks" type="INTERNAL_ERROR org.apache.hadoop.ozone.om.exceptions.OMException">INTERNAL_ERROR org.apache.hadoop.ozone.om.exceptions.OMException: Allocated 0 blocks. Requested 1 blocks
	at org.apache.hadoop.ozone.om.protocolPB.OzoneManagerProtocolClientSideTranslatorPB.handleError(OzoneManagerProtocolClientSideTranslatorPB.java:725)
	at org.apache.hadoop.ozone.om.protocolPB.OzoneManagerProtocolClientSideTranslatorPB.createFile(OzoneManagerProtocolClientSideTranslatorPB.java:1474)
	at org.apache.hadoop.ozone.client.rpc.RpcClient.createFile(RpcClient.java:984)
	at org.apache.hadoop.ozone.client.OzoneBucket.createFile(OzoneBucket.java:535)
	at org.apache.hadoop.fs.ozone.BasicOzoneClientAdapterImpl.createFile(BasicOzoneClientAdapterImpl.java:181)
	at org.apache.hadoop.fs.ozone.BasicOzoneFileSystem.createOutputStream(BasicOzoneFileSystem.java:249)
	at org.apache.hadoop.fs.ozone.BasicOzoneFileSystem.create(BasicOzoneFileSystem.java:230)
	at org.apache.hadoop.fs.FileSystem.create(FileSystem.java:1118)
	at org.apache.hadoop.fs.FileSystem.create(FileSystem.java:1098)
	at org.apache.hadoop.fs.FileSystem.create(FileSystem.java:987)
	at org.apache.hadoop.fs.FileSystem.create(FileSystem.java:975)
	at org.apache.hadoop.fs.ozone.TestOzoneFileInterfaces.testOzFsReadWrite(TestOzoneFileInterfaces.java:186)
	at sun.reflect.NativeMethodAccessorImpl.invoke0(Native Method)
	at sun.reflect.NativeMethodAccessorImpl.invoke(NativeMethodAccessorImpl.java:62)
	at sun.reflect.DelegatingMethodAccessorImpl.invoke(DelegatingMethodAccessorImpl.java:43)
	at java.lang.reflect.Method.invoke(Method.java:498)
	at org.junit.runners.model.FrameworkMethod$1.runReflectiveCall(FrameworkMethod.java:47)
	at org.junit.internal.runners.model.ReflectiveCallable.run(ReflectiveCallable.java:12)
	at org.junit.runners.model.FrameworkMethod.invokeExplosively(FrameworkMethod.java:44)
	at org.junit.internal.runners.statements.InvokeMethod.evaluate(InvokeMethod.java:17)
	at org.junit.internal.runners.statements.RunBefores.evaluate(RunBefores.java:26)
	at org.junit.internal.runners.statements.RunAfters.evaluate(RunAfters.java:27)
	at org.junit.runners.ParentRunner.runLeaf(ParentRunner.java:271)
	at org.junit.runners.BlockJUnit4ClassRunner.runChild(BlockJUnit4ClassRunner.java:70)
	at org.junit.runners.BlockJUnit4ClassRunner.runChild(BlockJUnit4ClassRunner.java:50)
	at org.junit.runners.ParentRunner$3.run(ParentRunner.java:238)
	at org.junit.runners.ParentRunner$1.schedule(ParentRunner.java:63)
	at org.junit.runners.ParentRunner.runChildren(ParentRunner.java:236)
	at org.junit.runners.ParentRunner.access$000(ParentRunner.java:53)
	at org.junit.runners.ParentRunner$2.evaluate(ParentRunner.java:229)
	at org.junit.runners.ParentRunner.run(ParentRunner.java:309)
	at org.junit.runners.Suite.runChild(Suite.java:127)
	at org.junit.runners.Suite.runChild(Suite.java:26)
	at org.junit.runners.ParentRunner$3.run(ParentRunner.java:238)
	at org.junit.runners.ParentRunner$1.schedule(ParentRunner.java:63)
	at org.junit.runners.ParentRunner.runChildren(ParentRunner.java:236)
	at org.junit.runners.ParentRunner.access$000(ParentRunner.java:53)
	at org.junit.runners.ParentRunner$2.evaluate(ParentRunner.java:229)
	at org.junit.runners.ParentRunner.run(ParentRunner.java:309)
	at org.apache.maven.surefire.junit4.JUnit4Provider.execute(JUnit4Provider.java:365)
	at org.apache.maven.surefire.junit4.JUnit4Provider.executeWithRerun(JUnit4Provider.java:273)
	at org.apache.maven.surefire.junit4.JUnit4Provider.executeTestSet(JUnit4Provider.java:238)
	at org.apache.maven.surefire.junit4.JUnit4Provider.invoke(JUnit4Provider.java:159)
	at org.apache.maven.surefire.booter.ForkedBooter.invokeProviderInSameClassLoader(ForkedBooter.java:384)
	at org.apache.maven.surefire.booter.ForkedBooter.runSuitesInProcess(ForkedBooter.java:345)
	at org.apache.maven.surefire.booter.ForkedBooter.execute(ForkedBooter.java:126)
	at org.apache.maven.surefire.booter.ForkedBooter.main(ForkedBooter.java:418)
</error>
    <system-out><![CDATA[2019-09-12 11:52:50,474 [main] WARN  server.ServerUtils (ServerUtils.java:getScmDbDir(145)) - ozone.scm.db.dirs is not configured. We recommend adding this setting. Falling back to ozone.metadata.dirs instead.
2019-09-12 11:52:50,488 [main] WARN  server.ServerUtils (ServerUtils.java:getScmDbDir(145)) - ozone.scm.db.dirs is not configured. We recommend adding this setting. Falling back to ozone.metadata.dirs instead.
2019-09-12 11:52:50,488 [main] WARN  server.ServerUtils (ServerUtils.java:getScmDbDir(145)) - ozone.scm.db.dirs is not configured. We recommend adding this setting. Falling back to ozone.metadata.dirs instead.
2019-09-12 11:52:50,489 [main] INFO  db.DBStoreBuilder (DBStoreBuilder.java:addTable(110)) - using custom profile for table: deletedBlocks
2019-09-12 11:52:50,489 [main] INFO  db.DBStoreBuilder (DBStoreBuilder.java:processTables(161)) - Using default column profile:DBProfile.DISK for Table:deletedBlocks
2019-09-12 11:52:50,489 [main] INFO  db.DBStoreBuilder (DBStoreBuilder.java:addTable(110)) - using custom profile for table: validCerts
2019-09-12 11:52:50,489 [main] INFO  db.DBStoreBuilder (DBStoreBuilder.java:processTables(161)) - Using default column profile:DBProfile.DISK for Table:validCerts
2019-09-12 11:52:50,490 [main] INFO  db.DBStoreBuilder (DBStoreBuilder.java:addTable(110)) - using custom profile for table: revokedCerts
2019-09-12 11:52:50,490 [main] INFO  db.DBStoreBuilder (DBStoreBuilder.java:processTables(161)) - Using default column profile:DBProfile.DISK for Table:revokedCerts
2019-09-12 11:52:50,490 [main] INFO  db.DBStoreBuilder (DBStoreBuilder.java:addTable(110)) - using custom profile for table: default
2019-09-12 11:52:50,490 [main] INFO  db.DBStoreBuilder (DBStoreBuilder.java:processTables(167)) - Using default column profile:DBProfile.DISK for Table:default
2019-09-12 11:52:50,490 [main] INFO  db.DBStoreBuilder (DBStoreBuilder.java:getDbProfile(198)) - Using default options. DBProfile.DISK
2019-09-12 11:52:50,627 [main] INFO  net.NodeSchemaLoader (NodeSchemaLoader.java:loadSchemaFromFile(125)) - Loading file from sun.misc.CompoundEnumeration@5271c49b
2019-09-12 11:52:50,628 [main] INFO  net.NodeSchemaLoader (NodeSchemaLoader.java:loadSchema(171)) - Loading network topology layer schema file
2019-09-12 11:52:50,631 [main] WARN  server.ServerUtils (ServerUtils.java:sanitizeUserArgs(70)) - ozone.scm.stale.node.interval value = 300000 is larger than max = 100000 based on the key value of ozone.scm.heartbeat.thread.interval, reset to the max value 100000.
2019-09-12 11:52:50,631 [main] WARN  server.ServerUtils (ServerUtils.java:sanitizeUserArgs(70)) - ozone.scm.stale.node.interval value = 300000 is larger than max = 100000 based on the key value of ozone.scm.heartbeat.thread.interval, reset to the max value 100000.
2019-09-12 11:52:50,632 [main] INFO  node.SCMNodeManager (SCMNodeManager.java:<init>(121)) - Entering startup safe mode.
2019-09-12 11:52:50,632 [main] INFO  algorithms.ContainerPlacementPolicyFactory (ContainerPlacementPolicyFactory.java:getPolicy(56)) - Create container placement policy of type org.apache.hadoop.hdds.scm.container.placement.algorithms.SCMContainerPlacementRandom
2019-09-12 11:52:50,632 [main] WARN  server.ServerUtils (ServerUtils.java:getScmDbDir(145)) - ozone.scm.db.dirs is not configured. We recommend adding this setting. Falling back to ozone.metadata.dirs instead.
2019-09-12 11:52:50,680 [main] INFO  pipeline.SCMPipelineManager (SCMPipelineManager.java:initializePipelineState(126)) - No pipeline exists in current db
2019-09-12 11:52:50,681 [main] WARN  server.ServerUtils (ServerUtils.java:getScmDbDir(145)) - ozone.scm.db.dirs is not configured. We recommend adding this setting. Falling back to ozone.metadata.dirs instead.
2019-09-12 11:52:50,730 [main] WARN  events.EventQueue (EventQueue.java:fireEvent(175)) - No event handler registered for event TypedEvent{payloadType=SafeModeStatus, name='SafeModeStatus'}
2019-09-12 11:52:50,731 [main] INFO  ipc.CallQueueManager (CallQueueManager.java:<init>(84)) - Using callQueue: class java.util.concurrent.LinkedBlockingQueue, queueCapacity: 2000, scheduler: class org.apache.hadoop.ipc.DefaultRpcScheduler, ipcBackoff: false.
2019-09-12 11:52:50,732 [Socket Reader #1 for port 40878] INFO  ipc.Server (Server.java:run(1074)) - Starting Socket Reader #1 for port 40878
2019-09-12 11:52:50,734 [main] INFO  ipc.CallQueueManager (CallQueueManager.java:<init>(84)) - Using callQueue: class java.util.concurrent.LinkedBlockingQueue, queueCapacity: 2000, scheduler: class org.apache.hadoop.ipc.DefaultRpcScheduler, ipcBackoff: false.
2019-09-12 11:52:50,734 [Socket Reader #1 for port 39473] INFO  ipc.Server (Server.java:run(1074)) - Starting Socket Reader #1 for port 39473
2019-09-12 11:52:50,735 [main] INFO  ipc.CallQueueManager (CallQueueManager.java:<init>(84)) - Using callQueue: class java.util.concurrent.LinkedBlockingQueue, queueCapacity: 2000, scheduler: class org.apache.hadoop.ipc.DefaultRpcScheduler, ipcBackoff: false.
2019-09-12 11:52:50,736 [Socket Reader #1 for port 40688] INFO  ipc.Server (Server.java:run(1074)) - Starting Socket Reader #1 for port 40688
2019-09-12 11:52:50,738 [main] INFO  hdfs.DFSUtil (DFSUtil.java:httpServerTemplateForNNAndJN(1641)) - Starting Web-server for scm at: http://0.0.0.0:0
2019-09-12 11:52:50,740 [main] INFO  server.AuthenticationFilter (AuthenticationFilter.java:constructSecretProvider(240)) - Unable to initialize FileSignerSecretProvider, falling back to use random secrets.
2019-09-12 11:52:50,741 [main] WARN  http.HttpRequestLog (HttpRequestLog.java:getRequestLog(97)) - Jetty request log can only be enabled using Log4j
2019-09-12 11:52:50,743 [main] INFO  http.HttpServer2 (HttpServer2.java:addGlobalFilter(975)) - Added global filter 'safety' (class=org.apache.hadoop.http.HttpServer2$QuotingInputFilter)
2019-09-12 11:52:50,744 [main] INFO  http.HttpServer2 (HttpServer2.java:addFilter(948)) - Added filter static_user_filter (class=org.apache.hadoop.http.lib.StaticUserWebFilter$StaticUserFilter) to context scm
2019-09-12 11:52:50,744 [main] INFO  http.HttpServer2 (HttpServer2.java:addFilter(958)) - Added filter static_user_filter (class=org.apache.hadoop.http.lib.StaticUserWebFilter$StaticUserFilter) to context logs
2019-09-12 11:52:50,744 [main] INFO  http.HttpServer2 (HttpServer2.java:addFilter(958)) - Added filter static_user_filter (class=org.apache.hadoop.http.lib.StaticUserWebFilter$StaticUserFilter) to context static
2019-09-12 11:52:50,746 [main] INFO  server.StorageContainerManager (StorageContainerManager.java:start(759)) - StorageContainerLocationProtocol RPC server is listening at /0.0.0.0:40688
2019-09-12 11:52:50,750 [main] WARN  impl.MetricsConfig (MetricsConfig.java:loadFirst(134)) - Cannot locate configuration: tried hadoop-metrics2-storagecontainermanager.properties,hadoop-metrics2.properties
2019-09-12 11:52:50,752 [main] INFO  impl.MetricsSystemImpl (MetricsSystemImpl.java:startTimer(374)) - Scheduled Metric snapshot period at 10 second(s).
2019-09-12 11:52:50,752 [main] INFO  impl.MetricsSystemImpl (MetricsSystemImpl.java:start(191)) - StorageContainerManager metrics system started
2019-09-12 11:52:50,846 [main] INFO  server.SCMClientProtocolServer (SCMClientProtocolServer.java:start(151)) - RPC server for Client  is listening at /0.0.0.0:40688
2019-09-12 11:52:50,846 [IPC Server Responder] INFO  ipc.Server (Server.java:run(1314)) - IPC Server Responder: starting
2019-09-12 11:52:50,846 [IPC Server listener on 40688] INFO  ipc.Server (Server.java:run(1153)) - IPC Server listener on 40688: starting
2019-09-12 11:52:50,850 [main] INFO  server.StorageContainerManager (StorageContainerManager.java:start(769)) - ScmBlockLocationProtocol RPC server is listening at /0.0.0.0:39473
2019-09-12 11:52:50,850 [main] INFO  server.SCMBlockProtocolServer (SCMBlockProtocolServer.java:start(140)) - RPC server for Block Protocol is listening at /0.0.0.0:39473
2019-09-12 11:52:50,850 [IPC Server Responder] INFO  ipc.Server (Server.java:run(1314)) - IPC Server Responder: starting
2019-09-12 11:52:50,850 [IPC Server listener on 39473] INFO  ipc.Server (Server.java:run(1153)) - IPC Server listener on 39473: starting
2019-09-12 11:52:50,853 [main] INFO  server.StorageContainerManager (StorageContainerManager.java:start(773)) - ScmDatanodeProtocl RPC server is listening at /0.0.0.0:40878
2019-09-12 11:52:50,853 [main] INFO  server.SCMDatanodeProtocolServer (SCMDatanodeProtocolServer.java:start(191)) - RPC server for DataNodes is listening at /0.0.0.0:40878
2019-09-12 11:52:50,853 [IPC Server Responder] INFO  ipc.Server (Server.java:run(1314)) - IPC Server Responder: starting
2019-09-12 11:52:50,853 [IPC Server listener on 40878] INFO  ipc.Server (Server.java:run(1153)) - IPC Server listener on 40878: starting
2019-09-12 11:52:50,857 [main] INFO  http.HttpServer2 (HttpServer2.java:bindListener(1191)) - Jetty bound to port 45046
2019-09-12 11:52:50,857 [main] INFO  server.Server (Server.java:doStart(351)) - jetty-9.3.24.v20180605, build timestamp: 2018-06-05T17:11:56Z, git hash: 84205aa28f11a4f31f2a3b86d1bba2cc8ab69827
2019-09-12 11:52:50,859 [main] INFO  handler.ContextHandler (ContextHandler.java:doStart(781)) - Started o.e.j.s.ServletContextHandler@4b2713b1{/logs,file:///workdir/hadoop-ozone/ozonefs/target/log,AVAILABLE}
2019-09-12 11:52:50,860 [main] INFO  handler.ContextHandler (ContextHandler.java:doStart(781)) - Started o.e.j.s.ServletContextHandler@604a9d87{/static,jar:file:/home/user/.m2/repository/org/apache/hadoop/hadoop-hdds-server-scm/0.5.0-SNAPSHOT/hadoop-hdds-server-scm-0.5.0-SNAPSHOT.jar!/webapps/static,AVAILABLE}
2019-09-12 11:52:50,917 [main] INFO  handler.ContextHandler (ContextHandler.java:doStart(781)) - Started o.e.j.w.WebAppContext@3c1fe350{/,file:///tmp/jetty-0.0.0.0-45046-scm-_-any-5205171589828957572.dir/webapp/,AVAILABLE}{/scm}
2019-09-12 11:52:50,918 [main] INFO  server.AbstractConnector (AbstractConnector.java:doStart(278)) - Started ServerConnector@2bb7229e{HTTP/1.1,[http/1.1]}{0.0.0.0:45046}
2019-09-12 11:52:50,918 [main] INFO  server.Server (Server.java:doStart(419)) - Started @198427ms
2019-09-12 11:52:50,921 [main] INFO  server.BaseHttpServer (BaseHttpServer.java:updateConnectorAddress(213)) - HTTP server of SCM is listening at http://0.0.0.0:45046
2019-09-12 11:52:50,922 [main] WARN  server.ServerUtils (ServerUtils.java:getDBPath(222)) - ozone.om.db.dirs is not configured. We recommend adding this setting. Falling back to ozone.metadata.dirs instead.
2019-09-12 11:52:50,923 [org.apache.hadoop.util.JvmPauseMonitor$Monitor@5a49c1e] INFO  util.JvmPauseMonitor (JvmPauseMonitor.java:run(188)) - Starting JVM pause monitor
2019-09-12 11:52:50,937 [main] WARN  server.ServerUtils (ServerUtils.java:getDBPath(222)) - ozone.om.db.dirs is not configured. We recommend adding this setting. Falling back to ozone.metadata.dirs instead.
2019-09-12 11:52:50,937 [main] WARN  server.ServerUtils (ServerUtils.java:getDBPath(222)) - ozone.om.db.dirs is not configured. We recommend adding this setting. Falling back to ozone.metadata.dirs instead.
2019-09-12 11:52:50,938 [main] INFO  om.OzoneManager (OzoneManager.java:setOMNodeDetails(645)) - OM Service ID is not set. Setting it to the default ID: omServiceIdDefault
2019-09-12 11:52:50,938 [main] INFO  om.OzoneManager (OzoneManager.java:setOMNodeDetails(651)) - OM Node ID is not set. Setting it to the OmStorage's OmID: 095b515b-ecda-4b6c-a10c-d094a39a9624
2019-09-12 11:52:50,938 [main] INFO  om.OzoneManager (OzoneManager.java:loadOMHAConfigs(602)) - Found matching OM address with OMServiceId: null, OMNodeId: null, RPC Address: localhost:0 and Ratis port: 9872
2019-09-12 11:52:50,945 | INFO  | SCMAudit | user=jenkins1000 | ip=192.168.157.195 | op=GET_SCM_INFO null | ret=SUCCESS |  
2019-09-12 11:52:50,949 [main] WARN  server.ServerUtils (ServerUtils.java:getDBPath(222)) - ozone.om.db.dirs is not configured. We recommend adding this setting. Falling back to ozone.metadata.dirs instead.
2019-09-12 11:52:50,950 [main] INFO  db.DBStoreBuilder (DBStoreBuilder.java:addTable(110)) - using custom profile for table: userTable
2019-09-12 11:52:50,950 [main] INFO  db.DBStoreBuilder (DBStoreBuilder.java:processTables(161)) - Using default column profile:DBProfile.DISK for Table:userTable
2019-09-12 11:52:50,950 [main] INFO  db.DBStoreBuilder (DBStoreBuilder.java:addTable(110)) - using custom profile for table: volumeTable
2019-09-12 11:52:50,951 [main] INFO  db.DBStoreBuilder (DBStoreBuilder.java:processTables(161)) - Using default column profile:DBProfile.DISK for Table:volumeTable
2019-09-12 11:52:50,951 [main] INFO  db.DBStoreBuilder (DBStoreBuilder.java:addTable(110)) - using custom profile for table: bucketTable
2019-09-12 11:52:50,951 [main] INFO  db.DBStoreBuilder (DBStoreBuilder.java:processTables(161)) - Using default column profile:DBProfile.DISK for Table:bucketTable
2019-09-12 11:52:50,952 [main] INFO  db.DBStoreBuilder (DBStoreBuilder.java:addTable(110)) - using custom profile for table: keyTable
2019-09-12 11:52:50,952 [main] INFO  db.DBStoreBuilder (DBStoreBuilder.java:processTables(161)) - Using default column profile:DBProfile.DISK for Table:keyTable
2019-09-12 11:52:50,952 [main] INFO  db.DBStoreBuilder (DBStoreBuilder.java:addTable(110)) - using custom profile for table: deletedTable
2019-09-12 11:52:50,952 [main] INFO  db.DBStoreBuilder (DBStoreBuilder.java:processTables(161)) - Using default column profile:DBProfile.DISK for Table:deletedTable
2019-09-12 11:52:50,953 [main] INFO  db.DBStoreBuilder (DBStoreBuilder.java:addTable(110)) - using custom profile for table: openKeyTable
2019-09-12 11:52:50,953 [main] INFO  db.DBStoreBuilder (DBStoreBuilder.java:processTables(161)) - Using default column profile:DBProfile.DISK for Table:openKeyTable
2019-09-12 11:52:50,953 [main] INFO  db.DBStoreBuilder (DBStoreBuilder.java:addTable(110)) - using custom profile for table: s3Table
2019-09-12 11:52:50,953 [main] INFO  db.DBStoreBuilder (DBStoreBuilder.java:processTables(161)) - Using default column profile:DBProfile.DISK for Table:s3Table
2019-09-12 11:52:50,954 [main] INFO  db.DBStoreBuilder (DBStoreBuilder.java:addTable(110)) - using custom profile for table: multipartInfoTable
2019-09-12 11:52:50,954 [main] INFO  db.DBStoreBuilder (DBStoreBuilder.java:processTables(161)) - Using default column profile:DBProfile.DISK for Table:multipartInfoTable
2019-09-12 11:52:50,954 [main] INFO  db.DBStoreBuilder (DBStoreBuilder.java:addTable(110)) - using custom profile for table: dTokenTable
2019-09-12 11:52:50,955 [main] INFO  db.DBStoreBuilder (DBStoreBuilder.java:processTables(161)) - Using default column profile:DBProfile.DISK for Table:dTokenTable
2019-09-12 11:52:50,955 [main] INFO  db.DBStoreBuilder (DBStoreBuilder.java:addTable(110)) - using custom profile for table: s3SecretTable
2019-09-12 11:52:50,955 [main] INFO  db.DBStoreBuilder (DBStoreBuilder.java:processTables(161)) - Using default column profile:DBProfile.DISK for Table:s3SecretTable
2019-09-12 11:52:50,955 [main] INFO  db.DBStoreBuilder (DBStoreBuilder.java:addTable(110)) - using custom profile for table: prefixTable
2019-09-12 11:52:50,956 [main] INFO  db.DBStoreBuilder (DBStoreBuilder.java:processTables(161)) - Using default column profile:DBProfile.DISK for Table:prefixTable
2019-09-12 11:52:50,956 [main] INFO  db.DBStoreBuilder (DBStoreBuilder.java:addTable(110)) - using custom profile for table: default
2019-09-12 11:52:50,956 [main] INFO  db.DBStoreBuilder (DBStoreBuilder.java:processTables(167)) - Using default column profile:DBProfile.DISK for Table:default
2019-09-12 11:52:50,956 [main] INFO  db.DBStoreBuilder (DBStoreBuilder.java:getDbProfile(198)) - Using default options. DBProfile.DISK
2019-09-12 11:52:51,377 [main] INFO  ipc.CallQueueManager (CallQueueManager.java:<init>(84)) - Using callQueue: class java.util.concurrent.LinkedBlockingQueue, queueCapacity: 2000, scheduler: class org.apache.hadoop.ipc.DefaultRpcScheduler, ipcBackoff: false.
2019-09-12 11:52:51,378 [Socket Reader #1 for port 44089] INFO  ipc.Server (Server.java:run(1074)) - Starting Socket Reader #1 for port 44089
2019-09-12 11:52:51,397 [main] INFO  om.OzoneManager (OzoneManager.java:start(1256)) - OzoneManager RPC server is listening at localhost/127.0.0.1:44089
2019-09-12 11:52:51,397 [main] INFO  impl.MetricsSystemImpl (MetricsSystemImpl.java:init(158)) - OzoneManager metrics system started (again)
2019-09-12 11:52:51,398 [IPC Server listener on 44089] INFO  ipc.Server (Server.java:run(1153)) - IPC Server listener on 44089: starting
2019-09-12 11:52:51,398 [IPC Server Responder] INFO  ipc.Server (Server.java:run(1314)) - IPC Server Responder: starting
2019-09-12 11:52:51,405 [main] INFO  hdfs.DFSUtil (DFSUtil.java:httpServerTemplateForNNAndJN(1641)) - Starting Web-server for ozoneManager at: http://0.0.0.0:0
2019-09-12 11:52:51,406 [main] INFO  server.AuthenticationFilter (AuthenticationFilter.java:constructSecretProvider(240)) - Unable to initialize FileSignerSecretProvider, falling back to use random secrets.
2019-09-12 11:52:51,407 [main] WARN  http.HttpRequestLog (HttpRequestLog.java:getRequestLog(97)) - Jetty request log can only be enabled using Log4j
2019-09-12 11:52:51,408 [main] INFO  http.HttpServer2 (HttpServer2.java:addGlobalFilter(975)) - Added global filter 'safety' (class=org.apache.hadoop.http.HttpServer2$QuotingInputFilter)
2019-09-12 11:52:51,409 [main] INFO  http.HttpServer2 (HttpServer2.java:addFilter(948)) - Added filter static_user_filter (class=org.apache.hadoop.http.lib.StaticUserWebFilter$StaticUserFilter) to context ozoneManager
2019-09-12 11:52:51,409 [main] INFO  http.HttpServer2 (HttpServer2.java:addFilter(958)) - Added filter static_user_filter (class=org.apache.hadoop.http.lib.StaticUserWebFilter$StaticUserFilter) to context logs
2019-09-12 11:52:51,409 [main] INFO  http.HttpServer2 (HttpServer2.java:addFilter(958)) - Added filter static_user_filter (class=org.apache.hadoop.http.lib.StaticUserWebFilter$StaticUserFilter) to context static
2019-09-12 11:52:51,409 [main] INFO  http.HttpServer2 (HttpServer2.java:bindListener(1191)) - Jetty bound to port 38982
2019-09-12 11:52:51,410 [main] INFO  server.Server (Server.java:doStart(351)) - jetty-9.3.24.v20180605, build timestamp: 2018-06-05T17:11:56Z, git hash: 84205aa28f11a4f31f2a3b86d1bba2cc8ab69827
2019-09-12 11:52:51,411 [main] INFO  handler.ContextHandler (ContextHandler.java:doStart(781)) - Started o.e.j.s.ServletContextHandler@49e69196{/logs,file:///workdir/hadoop-ozone/ozonefs/target/log,AVAILABLE}
2019-09-12 11:52:51,412 [main] INFO  handler.ContextHandler (ContextHandler.java:doStart(781)) - Started o.e.j.s.ServletContextHandler@68178281{/static,jar:file:/home/user/.m2/repository/org/apache/hadoop/hadoop-ozone-ozone-manager/0.5.0-SNAPSHOT/hadoop-ozone-ozone-manager-0.5.0-SNAPSHOT.jar!/webapps/static,AVAILABLE}
2019-09-12 11:52:51,465 [main] INFO  handler.ContextHandler (ContextHandler.java:doStart(781)) - Started o.e.j.w.WebAppContext@3366a998{/,file:///tmp/jetty-0.0.0.0-38982-ozoneManager-_-any-7485570779550927378.dir/webapp/,AVAILABLE}{/ozoneManager}
2019-09-12 11:52:51,465 [main] INFO  server.AbstractConnector (AbstractConnector.java:doStart(278)) - Started ServerConnector@3c0403a{HTTP/1.1,[http/1.1]}{0.0.0.0:38982}
2019-09-12 11:52:51,467 [main] INFO  server.Server (Server.java:doStart(419)) - Started @198975ms
2019-09-12 11:52:51,468 [main] INFO  server.BaseHttpServer (BaseHttpServer.java:updateConnectorAddress(213)) - HTTP server of OZONEMANAGER is listening at http://0.0.0.0:38982
2019-09-12 11:52:51,479 [main] INFO  impl.MetricsSystemImpl (MetricsSystemImpl.java:init(158)) - HddsDatanode metrics system started (again)
2019-09-12 11:52:51,482 [main] INFO  ozone.HddsDatanodeService (HddsDatanodeService.java:start(184)) - HddsDatanodeService host:pr-hdds-1569-xtfnx-3545843844 ip:192.168.157.195
2019-09-12 11:52:51,493 [main] INFO  volume.HddsVolume (HddsVolume.java:<init>(176)) - Creating Volume: /workdir/hadoop-ozone/ozonefs/target/test-dir/MiniOzoneClusterImpl-646a9a0c-8e87-4326-8e6b-0cedd78f9de8/datanode-0/data/containers/hdds of  storage type : DISK and capacity : 1482555576320
2019-09-12 11:52:51,494 [main] INFO  volume.VolumeSet (VolumeSet.java:initializeVolumeSet(170)) - Added Volume : /workdir/hadoop-ozone/ozonefs/target/test-dir/MiniOzoneClusterImpl-646a9a0c-8e87-4326-8e6b-0cedd78f9de8/datanode-0/data/containers/hdds to VolumeSet
2019-09-12 11:52:51,494 [main] INFO  volume.ThrottledAsyncChecker (ThrottledAsyncChecker.java:schedule(140)) - Scheduling a check for org.apache.hadoop.ozone.container.common.volume.HddsVolume@1b3aa246
2019-09-12 11:52:51,496 [main] INFO  volume.HddsVolumeChecker (HddsVolumeChecker.java:checkAllVolumes(203)) - Scheduled health check for volume org.apache.hadoop.ozone.container.common.volume.HddsVolume@1b3aa246
2019-09-12 11:52:51,524 [main] INFO  impl.RaftServerProxy (ConfUtils.java:logGet(43)) - raft.rpc.type = GRPC (default)
2019-09-12 11:52:51,524 [main] INFO  grpc.GrpcFactory (GrpcFactory.java:checkPooledByteBufAllocatorUseCacheForAllThreads(45)) - PERFORMANCE WARNING: useCacheForAllThreads is true that may cause Netty to create a lot garbage objects and, as a result, trigger GC.
	It is recommended to disable useCacheForAllThreads by setting -Dorg.apache.ratis.thirdparty.io.netty.allocator.useCacheForAllThreads=false in command line.
2019-09-12 11:52:51,525 [main] INFO  grpc.GrpcConfigKeys$Server (ConfUtils.java:logGet(43)) - raft.grpc.server.port = 0 (default)
2019-09-12 11:52:51,525 [main] INFO  server.GrpcService (ConfUtils.java:logGet(43)) - raft.grpc.message.size.max = 33570816 (custom)
2019-09-12 11:52:51,525 [main] INFO  server.RaftServerConfigKeys (ConfUtils.java:logGet(43)) - raft.server.log.appender.buffer.byte-limit = 33554432 (custom)
2019-09-12 11:52:51,525 [main] INFO  server.GrpcService (ConfUtils.java:logGet(43)) - raft.grpc.flow.control.window = 1MB (=1048576) (default)
2019-09-12 11:52:51,526 [main] INFO  server.RaftServerConfigKeys (ConfUtils.java:logGet(43)) - raft.server.rpc.request.timeout = 3000ms (default)
2019-09-12 11:52:51,526 [main] INFO  server.RaftServerConfigKeys (ConfUtils.java:logGet(43)) - raft.server.storage.dir = [/workdir/hadoop-ozone/ozonefs/target/test-dir/MiniOzoneClusterImpl-646a9a0c-8e87-4326-8e6b-0cedd78f9de8/datanode-0/data/ratis] (custom)
2019-09-12 11:52:51,527 [main] INFO  replication.SimpleContainerDownloader (SimpleContainerDownloader.java:<init>(72)) - Starting container downloader service to copy containers to replicate.
2019-09-12 11:52:51,528 [main] INFO  hdfs.DFSUtil (DFSUtil.java:httpServerTemplateForNNAndJN(1641)) - Starting Web-server for hddsDatanode at: http://0.0.0.0:0
2019-09-12 11:52:51,530 [main] INFO  server.AuthenticationFilter (AuthenticationFilter.java:constructSecretProvider(240)) - Unable to initialize FileSignerSecretProvider, falling back to use random secrets.
2019-09-12 11:52:51,530 [main] WARN  http.HttpRequestLog (HttpRequestLog.java:getRequestLog(97)) - Jetty request log can only be enabled using Log4j
2019-09-12 11:52:51,532 [main] INFO  http.HttpServer2 (HttpServer2.java:addGlobalFilter(975)) - Added global filter 'safety' (class=org.apache.hadoop.http.HttpServer2$QuotingInputFilter)
2019-09-12 11:52:51,533 [main] INFO  http.HttpServer2 (HttpServer2.java:addFilter(948)) - Added filter static_user_filter (class=org.apache.hadoop.http.lib.StaticUserWebFilter$StaticUserFilter) to context hddsDatanode
2019-09-12 11:52:51,533 [main] INFO  http.HttpServer2 (HttpServer2.java:addFilter(958)) - Added filter static_user_filter (class=org.apache.hadoop.http.lib.StaticUserWebFilter$StaticUserFilter) to context logs
2019-09-12 11:52:51,533 [main] INFO  http.HttpServer2 (HttpServer2.java:addFilter(958)) - Added filter static_user_filter (class=org.apache.hadoop.http.lib.StaticUserWebFilter$StaticUserFilter) to context static
2019-09-12 11:52:51,534 [main] INFO  http.HttpServer2 (HttpServer2.java:bindListener(1191)) - Jetty bound to port 36516
2019-09-12 11:52:51,534 [main] INFO  server.Server (Server.java:doStart(351)) - jetty-9.3.24.v20180605, build timestamp: 2018-06-05T17:11:56Z, git hash: 84205aa28f11a4f31f2a3b86d1bba2cc8ab69827
2019-09-12 11:52:51,536 [main] INFO  handler.ContextHandler (ContextHandler.java:doStart(781)) - Started o.e.j.s.ServletContextHandler@33c9910e{/logs,file:///workdir/hadoop-ozone/ozonefs/target/log,AVAILABLE}
2019-09-12 11:52:51,537 [main] INFO  handler.ContextHandler (ContextHandler.java:doStart(781)) - Started o.e.j.s.ServletContextHandler@70b2de98{/static,jar:file:/home/user/.m2/repository/org/apache/hadoop/hadoop-hdds-container-service/0.5.0-SNAPSHOT/hadoop-hdds-container-service-0.5.0-SNAPSHOT.jar!/webapps/static,AVAILABLE}
2019-09-12 11:52:51,569 [main] INFO  handler.ContextHandler (ContextHandler.java:doStart(781)) - Started o.e.j.w.WebAppContext@ad7d724{/,file:///tmp/jetty-0.0.0.0-36516-hddsDatanode-_-any-5993441835308074836.dir/webapp/,AVAILABLE}{/hddsDatanode}
2019-09-12 11:52:51,570 [main] INFO  server.AbstractConnector (AbstractConnector.java:doStart(278)) - Started ServerConnector@e8acdfc{HTTP/1.1,[http/1.1]}{0.0.0.0:36516}
2019-09-12 11:52:51,571 [main] INFO  server.Server (Server.java:doStart(419)) - Started @199080ms
2019-09-12 11:52:51,572 [main] INFO  server.BaseHttpServer (BaseHttpServer.java:updateConnectorAddress(213)) - HTTP server of HDDSDATANODE is listening at http://0.0.0.0:36516
2019-09-12 11:52:51,710 | INFO  | ObjectStoreRestHttpServer | Listening HDDS REST traffic on /0.0.0.0:37484 |  
2019-09-12 11:52:51,710 [main] INFO  ozone.HddsDatanodeService (HddsDatanodeService.java:startPlugins(395)) - Started plug-in org.apache.hadoop.ozone.web.OzoneHddsDatanodeService@2407f1a8
2019-09-12 11:52:51,710 [main] INFO  impl.MetricsSystemImpl (MetricsSystemImpl.java:init(158)) - HddsDatanode metrics system started (again)
2019-09-12 11:52:51,712 [org.apache.hadoop.util.JvmPauseMonitor$Monitor@4b545846] INFO  util.JvmPauseMonitor (JvmPauseMonitor.java:run(188)) - Starting JVM pause monitor
2019-09-12 11:52:51,713 [main] INFO  ozone.HddsDatanodeService (HddsDatanodeService.java:start(184)) - HddsDatanodeService host:pr-hdds-1569-xtfnx-3545843844 ip:192.168.157.195
2019-09-12 11:52:51,715 [Datanode State Machine Thread - 0] INFO  datanode.InitDatanodeState (InitDatanodeState.java:persistContainerDatanodeDetails(140)) - DatanodeDetails is persisted to /workdir/hadoop-ozone/ozonefs/target/test-dir/MiniOzoneClusterImpl-646a9a0c-8e87-4326-8e6b-0cedd78f9de8/datanode-0/meta/datanode.id
2019-09-12 11:52:51,722 [main] INFO  volume.HddsVolume (HddsVolume.java:<init>(176)) - Creating Volume: /workdir/hadoop-ozone/ozonefs/target/test-dir/MiniOzoneClusterImpl-646a9a0c-8e87-4326-8e6b-0cedd78f9de8/datanode-1/data/containers/hdds of  storage type : DISK and capacity : 1482555576320
2019-09-12 11:52:51,723 [main] INFO  volume.VolumeSet (VolumeSet.java:initializeVolumeSet(170)) - Added Volume : /workdir/hadoop-ozone/ozonefs/target/test-dir/MiniOzoneClusterImpl-646a9a0c-8e87-4326-8e6b-0cedd78f9de8/datanode-1/data/containers/hdds to VolumeSet
2019-09-12 11:52:51,723 [main] INFO  volume.ThrottledAsyncChecker (ThrottledAsyncChecker.java:schedule(140)) - Scheduling a check for org.apache.hadoop.ozone.container.common.volume.HddsVolume@64f248ea
2019-09-12 11:52:51,723 [main] INFO  volume.HddsVolumeChecker (HddsVolumeChecker.java:checkAllVolumes(203)) - Scheduled health check for volume org.apache.hadoop.ozone.container.common.volume.HddsVolume@64f248ea
2019-09-12 11:52:51,742 [main] INFO  impl.RaftServerProxy (ConfUtils.java:logGet(43)) - raft.rpc.type = GRPC (default)
2019-09-12 11:52:51,742 [main] INFO  grpc.GrpcFactory (GrpcFactory.java:checkPooledByteBufAllocatorUseCacheForAllThreads(45)) - PERFORMANCE WARNING: useCacheForAllThreads is true that may cause Netty to create a lot garbage objects and, as a result, trigger GC.
	It is recommended to disable useCacheForAllThreads by setting -Dorg.apache.ratis.thirdparty.io.netty.allocator.useCacheForAllThreads=false in command line.
2019-09-12 11:52:51,742 [main] INFO  grpc.GrpcConfigKeys$Server (ConfUtils.java:logGet(43)) - raft.grpc.server.port = 0 (default)
2019-09-12 11:52:51,743 [main] INFO  server.GrpcService (ConfUtils.java:logGet(43)) - raft.grpc.message.size.max = 33570816 (custom)
2019-09-12 11:52:51,743 [main] INFO  server.RaftServerConfigKeys (ConfUtils.java:logGet(43)) - raft.server.log.appender.buffer.byte-limit = 33554432 (custom)
2019-09-12 11:52:51,743 [main] INFO  server.GrpcService (ConfUtils.java:logGet(43)) - raft.grpc.flow.control.window = 1MB (=1048576) (default)
2019-09-12 11:52:51,743 [main] INFO  server.RaftServerConfigKeys (ConfUtils.java:logGet(43)) - raft.server.rpc.request.timeout = 3000ms (default)
2019-09-12 11:52:51,744 [main] INFO  server.RaftServerConfigKeys (ConfUtils.java:logGet(43)) - raft.server.storage.dir = [/workdir/hadoop-ozone/ozonefs/target/test-dir/MiniOzoneClusterImpl-646a9a0c-8e87-4326-8e6b-0cedd78f9de8/datanode-1/data/ratis] (custom)
2019-09-12 11:52:51,744 [main] INFO  replication.SimpleContainerDownloader (SimpleContainerDownloader.java:<init>(72)) - Starting container downloader service to copy containers to replicate.
2019-09-12 11:52:51,745 [main] INFO  hdfs.DFSUtil (DFSUtil.java:httpServerTemplateForNNAndJN(1641)) - Starting Web-server for hddsDatanode at: http://0.0.0.0:0
2019-09-12 11:52:51,746 [main] INFO  server.AuthenticationFilter (AuthenticationFilter.java:constructSecretProvider(240)) - Unable to initialize FileSignerSecretProvider, falling back to use random secrets.
2019-09-12 11:52:51,747 [main] WARN  http.HttpRequestLog (HttpRequestLog.java:getRequestLog(97)) - Jetty request log can only be enabled using Log4j
2019-09-12 11:52:51,748 [main] INFO  http.HttpServer2 (HttpServer2.java:addGlobalFilter(975)) - Added global filter 'safety' (class=org.apache.hadoop.http.HttpServer2$QuotingInputFilter)
2019-09-12 11:52:51,749 [main] INFO  http.HttpServer2 (HttpServer2.java:addFilter(948)) - Added filter static_user_filter (class=org.apache.hadoop.http.lib.StaticUserWebFilter$StaticUserFilter) to context hddsDatanode
2019-09-12 11:52:51,749 [main] INFO  http.HttpServer2 (HttpServer2.java:addFilter(958)) - Added filter static_user_filter (class=org.apache.hadoop.http.lib.StaticUserWebFilter$StaticUserFilter) to context logs
2019-09-12 11:52:51,749 [main] INFO  http.HttpServer2 (HttpServer2.java:addFilter(958)) - Added filter static_user_filter (class=org.apache.hadoop.http.lib.StaticUserWebFilter$StaticUserFilter) to context static
2019-09-12 11:52:51,750 [main] INFO  http.HttpServer2 (HttpServer2.java:bindListener(1191)) - Jetty bound to port 35802
2019-09-12 11:52:51,750 [main] INFO  server.Server (Server.java:doStart(351)) - jetty-9.3.24.v20180605, build timestamp: 2018-06-05T17:11:56Z, git hash: 84205aa28f11a4f31f2a3b86d1bba2cc8ab69827
2019-09-12 11:52:51,751 [main] INFO  handler.ContextHandler (ContextHandler.java:doStart(781)) - Started o.e.j.s.ServletContextHandler@2d3697ae{/logs,file:///workdir/hadoop-ozone/ozonefs/target/log,AVAILABLE}
2019-09-12 11:52:51,752 [main] INFO  handler.ContextHandler (ContextHandler.java:doStart(781)) - Started o.e.j.s.ServletContextHandler@20c642ef{/static,jar:file:/home/user/.m2/repository/org/apache/hadoop/hadoop-hdds-container-service/0.5.0-SNAPSHOT/hadoop-hdds-container-service-0.5.0-SNAPSHOT.jar!/webapps/static,AVAILABLE}
2019-09-12 11:52:51,778 [main] INFO  handler.ContextHandler (ContextHandler.java:doStart(781)) - Started o.e.j.w.WebAppContext@6e6d4a64{/,file:///tmp/jetty-0.0.0.0-35802-hddsDatanode-_-any-3771054176547565664.dir/webapp/,AVAILABLE}{/hddsDatanode}
2019-09-12 11:52:51,778 [main] INFO  server.AbstractConnector (AbstractConnector.java:doStart(278)) - Started ServerConnector@b96101b{HTTP/1.1,[http/1.1]}{0.0.0.0:35802}
2019-09-12 11:52:51,779 [main] INFO  server.Server (Server.java:doStart(419)) - Started @199288ms
2019-09-12 11:52:51,780 [main] INFO  server.BaseHttpServer (BaseHttpServer.java:updateConnectorAddress(213)) - HTTP server of HDDSDATANODE is listening at http://0.0.0.0:35802
2019-09-12 11:52:51,905 | INFO  | ObjectStoreRestHttpServer | Listening HDDS REST traffic on /0.0.0.0:35866 |  
2019-09-12 11:52:51,905 [main] INFO  ozone.HddsDatanodeService (HddsDatanodeService.java:startPlugins(395)) - Started plug-in org.apache.hadoop.ozone.web.OzoneHddsDatanodeService@69cf9acb
2019-09-12 11:52:51,905 [main] INFO  impl.MetricsSystemImpl (MetricsSystemImpl.java:init(158)) - HddsDatanode metrics system started (again)
2019-09-12 11:52:51,907 [main] INFO  ozone.HddsDatanodeService (HddsDatanodeService.java:start(184)) - HddsDatanodeService host:pr-hdds-1569-xtfnx-3545843844 ip:192.168.157.195
2019-09-12 11:52:51,907 [org.apache.hadoop.util.JvmPauseMonitor$Monitor@2131a051] INFO  util.JvmPauseMonitor (JvmPauseMonitor.java:run(188)) - Starting JVM pause monitor
2019-09-12 11:52:51,909 [Datanode State Machine Thread - 0] INFO  datanode.InitDatanodeState (InitDatanodeState.java:persistContainerDatanodeDetails(140)) - DatanodeDetails is persisted to /workdir/hadoop-ozone/ozonefs/target/test-dir/MiniOzoneClusterImpl-646a9a0c-8e87-4326-8e6b-0cedd78f9de8/datanode-1/meta/datanode.id
2019-09-12 11:52:51,918 [main] INFO  volume.HddsVolume (HddsVolume.java:<init>(176)) - Creating Volume: /workdir/hadoop-ozone/ozonefs/target/test-dir/MiniOzoneClusterImpl-646a9a0c-8e87-4326-8e6b-0cedd78f9de8/datanode-2/data/containers/hdds of  storage type : DISK and capacity : 1482555576320
2019-09-12 11:52:51,918 [main] INFO  volume.VolumeSet (VolumeSet.java:initializeVolumeSet(170)) - Added Volume : /workdir/hadoop-ozone/ozonefs/target/test-dir/MiniOzoneClusterImpl-646a9a0c-8e87-4326-8e6b-0cedd78f9de8/datanode-2/data/containers/hdds to VolumeSet
2019-09-12 11:52:51,918 [main] INFO  volume.ThrottledAsyncChecker (ThrottledAsyncChecker.java:schedule(140)) - Scheduling a check for org.apache.hadoop.ozone.container.common.volume.HddsVolume@276961df
2019-09-12 11:52:51,919 [main] INFO  volume.HddsVolumeChecker (HddsVolumeChecker.java:checkAllVolumes(203)) - Scheduled health check for volume org.apache.hadoop.ozone.container.common.volume.HddsVolume@276961df
2019-09-12 11:52:51,938 [main] INFO  impl.RaftServerProxy (ConfUtils.java:logGet(43)) - raft.rpc.type = GRPC (default)
2019-09-12 11:52:51,938 [main] INFO  grpc.GrpcFactory (GrpcFactory.java:checkPooledByteBufAllocatorUseCacheForAllThreads(45)) - PERFORMANCE WARNING: useCacheForAllThreads is true that may cause Netty to create a lot garbage objects and, as a result, trigger GC.
	It is recommended to disable useCacheForAllThreads by setting -Dorg.apache.ratis.thirdparty.io.netty.allocator.useCacheForAllThreads=false in command line.
2019-09-12 11:52:51,938 [main] INFO  grpc.GrpcConfigKeys$Server (ConfUtils.java:logGet(43)) - raft.grpc.server.port = 0 (default)
2019-09-12 11:52:51,938 [main] INFO  server.GrpcService (ConfUtils.java:logGet(43)) - raft.grpc.message.size.max = 33570816 (custom)
2019-09-12 11:52:51,938 [main] INFO  server.RaftServerConfigKeys (ConfUtils.java:logGet(43)) - raft.server.log.appender.buffer.byte-limit = 33554432 (custom)
2019-09-12 11:52:51,938 [main] INFO  server.GrpcService (ConfUtils.java:logGet(43)) - raft.grpc.flow.control.window = 1MB (=1048576) (default)
2019-09-12 11:52:51,939 [main] INFO  server.RaftServerConfigKeys (ConfUtils.java:logGet(43)) - raft.server.rpc.request.timeout = 3000ms (default)
2019-09-12 11:52:51,939 [main] INFO  server.RaftServerConfigKeys (ConfUtils.java:logGet(43)) - raft.server.storage.dir = [/workdir/hadoop-ozone/ozonefs/target/test-dir/MiniOzoneClusterImpl-646a9a0c-8e87-4326-8e6b-0cedd78f9de8/datanode-2/data/ratis] (custom)
2019-09-12 11:52:51,939 [main] INFO  replication.SimpleContainerDownloader (SimpleContainerDownloader.java:<init>(72)) - Starting container downloader service to copy containers to replicate.
2019-09-12 11:52:51,940 [main] INFO  hdfs.DFSUtil (DFSUtil.java:httpServerTemplateForNNAndJN(1641)) - Starting Web-server for hddsDatanode at: http://0.0.0.0:0
2019-09-12 11:52:51,942 [main] INFO  server.AuthenticationFilter (AuthenticationFilter.java:constructSecretProvider(240)) - Unable to initialize FileSignerSecretProvider, falling back to use random secrets.
2019-09-12 11:52:51,942 [main] WARN  http.HttpRequestLog (HttpRequestLog.java:getRequestLog(97)) - Jetty request log can only be enabled using Log4j
2019-09-12 11:52:51,947 [main] INFO  http.HttpServer2 (HttpServer2.java:addGlobalFilter(975)) - Added global filter 'safety' (class=org.apache.hadoop.http.HttpServer2$QuotingInputFilter)
2019-09-12 11:52:51,947 [main] INFO  http.HttpServer2 (HttpServer2.java:addFilter(948)) - Added filter static_user_filter (class=org.apache.hadoop.http.lib.StaticUserWebFilter$StaticUserFilter) to context hddsDatanode
2019-09-12 11:52:51,948 [main] INFO  http.HttpServer2 (HttpServer2.java:addFilter(958)) - Added filter static_user_filter (class=org.apache.hadoop.http.lib.StaticUserWebFilter$StaticUserFilter) to context static
2019-09-12 11:52:51,948 [main] INFO  http.HttpServer2 (HttpServer2.java:addFilter(958)) - Added filter static_user_filter (class=org.apache.hadoop.http.lib.StaticUserWebFilter$StaticUserFilter) to context logs
2019-09-12 11:52:51,948 [main] INFO  http.HttpServer2 (HttpServer2.java:bindListener(1191)) - Jetty bound to port 44091
2019-09-12 11:52:51,948 [main] INFO  server.Server (Server.java:doStart(351)) - jetty-9.3.24.v20180605, build timestamp: 2018-06-05T17:11:56Z, git hash: 84205aa28f11a4f31f2a3b86d1bba2cc8ab69827
2019-09-12 11:52:51,950 [main] INFO  handler.ContextHandler (ContextHandler.java:doStart(781)) - Started o.e.j.s.ServletContextHandler@3005133e{/logs,file:///workdir/hadoop-ozone/ozonefs/target/log,AVAILABLE}
2019-09-12 11:52:51,950 [main] INFO  handler.ContextHandler (ContextHandler.java:doStart(781)) - Started o.e.j.s.ServletContextHandler@22ccd80f{/static,jar:file:/home/user/.m2/repository/org/apache/hadoop/hadoop-hdds-container-service/0.5.0-SNAPSHOT/hadoop-hdds-container-service-0.5.0-SNAPSHOT.jar!/webapps/static,AVAILABLE}
2019-09-12 11:52:51,982 [main] INFO  handler.ContextHandler (ContextHandler.java:doStart(781)) - Started o.e.j.w.WebAppContext@31475919{/,file:///tmp/jetty-0.0.0.0-44091-hddsDatanode-_-any-2022907913089424924.dir/webapp/,AVAILABLE}{/hddsDatanode}
2019-09-12 11:52:51,982 [main] INFO  server.AbstractConnector (AbstractConnector.java:doStart(278)) - Started ServerConnector@13e6b26c{HTTP/1.1,[http/1.1]}{0.0.0.0:44091}
2019-09-12 11:52:51,984 [main] INFO  server.Server (Server.java:doStart(419)) - Started @199492ms
2019-09-12 11:52:51,984 [main] INFO  server.BaseHttpServer (BaseHttpServer.java:updateConnectorAddress(213)) - HTTP server of HDDSDATANODE is listening at http://0.0.0.0:44091
2019-09-12 11:52:52,109 | INFO  | ObjectStoreRestHttpServer | Listening HDDS REST traffic on /0.0.0.0:45856 |  
2019-09-12 11:52:52,109 [main] INFO  ozone.HddsDatanodeService (HddsDatanodeService.java:startPlugins(395)) - Started plug-in org.apache.hadoop.ozone.web.OzoneHddsDatanodeService@69e67993
2019-09-12 11:52:52,109 [main] INFO  ozone.MiniOzoneClusterImpl (MiniOzoneClusterImpl.java:lambda$waitForClusterToBeReady$0(142)) - Waiting for cluster to be ready. Got 0 of 3 DN Heartbeats.
2019-09-12 11:52:52,111 [org.apache.hadoop.util.JvmPauseMonitor$Monitor@3a1040c3] INFO  util.JvmPauseMonitor (JvmPauseMonitor.java:run(188)) - Starting JVM pause monitor
2019-09-12 11:52:52,112 [Datanode State Machine Thread - 0] INFO  datanode.InitDatanodeState (InitDatanodeState.java:persistContainerDatanodeDetails(140)) - DatanodeDetails is persisted to /workdir/hadoop-ozone/ozonefs/target/test-dir/MiniOzoneClusterImpl-646a9a0c-8e87-4326-8e6b-0cedd78f9de8/datanode-2/meta/datanode.id
2019-09-12 11:52:53,110 [main] INFO  ozone.MiniOzoneClusterImpl (MiniOzoneClusterImpl.java:lambda$waitForClusterToBeReady$0(142)) - Waiting for cluster to be ready. Got 0 of 3 DN Heartbeats.
2019-09-12 11:52:53,717 | INFO  | SCMAudit | user=jenkins1000 | ip=192.168.157.195 | op=GET_VERSION null | ret=SUCCESS |  
2019-09-12 11:52:53,732 [Datanode State Machine Thread - 0] INFO  ozoneimpl.OzoneContainer (OzoneContainer.java:start(186)) - Attempting to start container services.
2019-09-12 11:52:53,732 [Datanode State Machine Thread - 0] INFO  ozoneimpl.OzoneContainer (OzoneContainer.java:startContainerScrub(160)) - Background container scrubber has been disabled by hdds.containerscrub.enabled
2019-09-12 11:52:53,733 [Datanode State Machine Thread - 0] INFO  ratis.XceiverServerRatis (XceiverServerRatis.java:start(404)) - Starting XceiverServerRatis c51fd1b3-2db3-4e28-b21a-7e66a3359c4c at port 0
2019-09-12 11:52:53,739 [Datanode State Machine Thread - 0] INFO  impl.RaftServerProxy (RaftServerProxy.java:lambda$start$3(299)) - c51fd1b3-2db3-4e28-b21a-7e66a3359c4c: start RPC server
2019-09-12 11:52:53,741 [Datanode State Machine Thread - 0] INFO  server.GrpcService (GrpcService.java:startImpl(149)) - c51fd1b3-2db3-4e28-b21a-7e66a3359c4c: GrpcService started, listening on 0.0.0.0/0.0.0.0:36922
2019-09-12 11:52:53,741 [Datanode State Machine Thread - 0] INFO  ratis.XceiverServerRatis (XceiverServerRatis.java:start(414)) - XceiverServerRatis c51fd1b3-2db3-4e28-b21a-7e66a3359c4c is started using port 36922
2019-09-12 11:52:53,746 [Datanode State Machine Thread - 0] INFO  server.XceiverServerGrpc (XceiverServerGrpc.java:start(163)) - XceiverServerGrpc c51fd1b3-2db3-4e28-b21a-7e66a3359c4c is started using port 43355
2019-09-12 11:52:53,908 | INFO  | SCMAudit | user=jenkins1000 | ip=192.168.157.195 | op=GET_VERSION null | ret=SUCCESS |  
2019-09-12 11:52:53,922 [Datanode State Machine Thread - 0] INFO  ozoneimpl.OzoneContainer (OzoneContainer.java:start(186)) - Attempting to start container services.
2019-09-12 11:52:53,923 [Datanode State Machine Thread - 0] INFO  ozoneimpl.OzoneContainer (OzoneContainer.java:startContainerScrub(160)) - Background container scrubber has been disabled by hdds.containerscrub.enabled
2019-09-12 11:52:53,923 [Datanode State Machine Thread - 0] INFO  ratis.XceiverServerRatis (XceiverServerRatis.java:start(404)) - Starting XceiverServerRatis e22a5129-42d8-4cd6-b866-283bf38ecbc9 at port 0
2019-09-12 11:52:53,929 [Datanode State Machine Thread - 0] INFO  impl.RaftServerProxy (RaftServerProxy.java:lambda$start$3(299)) - e22a5129-42d8-4cd6-b866-283bf38ecbc9: start RPC server
2019-09-12 11:52:53,930 [Datanode State Machine Thread - 0] INFO  server.GrpcService (GrpcService.java:startImpl(149)) - e22a5129-42d8-4cd6-b866-283bf38ecbc9: GrpcService started, listening on 0.0.0.0/0.0.0.0:33451
2019-09-12 11:52:53,930 [Datanode State Machine Thread - 0] INFO  ratis.XceiverServerRatis (XceiverServerRatis.java:start(414)) - XceiverServerRatis e22a5129-42d8-4cd6-b866-283bf38ecbc9 is started using port 33451
2019-09-12 11:52:53,931 [Datanode State Machine Thread - 0] INFO  server.XceiverServerGrpc (XceiverServerGrpc.java:start(163)) - XceiverServerGrpc e22a5129-42d8-4cd6-b866-283bf38ecbc9 is started using port 45653
2019-09-12 11:52:54,110 [main] INFO  ozone.MiniOzoneClusterImpl (MiniOzoneClusterImpl.java:lambda$waitForClusterToBeReady$0(142)) - Waiting for cluster to be ready. Got 0 of 3 DN Heartbeats.
2019-09-12 11:52:54,112 | INFO  | SCMAudit | user=jenkins1000 | ip=192.168.157.195 | op=GET_VERSION null | ret=SUCCESS |  
2019-09-12 11:52:54,128 [Datanode State Machine Thread - 0] INFO  ozoneimpl.OzoneContainer (OzoneContainer.java:start(186)) - Attempting to start container services.
2019-09-12 11:52:54,128 [Datanode State Machine Thread - 0] INFO  ozoneimpl.OzoneContainer (OzoneContainer.java:startContainerScrub(160)) - Background container scrubber has been disabled by hdds.containerscrub.enabled
2019-09-12 11:52:54,128 [Datanode State Machine Thread - 0] INFO  ratis.XceiverServerRatis (XceiverServerRatis.java:start(404)) - Starting XceiverServerRatis 33be2364-dcc7-44bf-aa9c-22b983fb7304 at port 0
2019-09-12 11:52:54,135 [Datanode State Machine Thread - 0] INFO  impl.RaftServerProxy (RaftServerProxy.java:lambda$start$3(299)) - 33be2364-dcc7-44bf-aa9c-22b983fb7304: start RPC server
2019-09-12 11:52:54,136 [Datanode State Machine Thread - 0] INFO  server.GrpcService (GrpcService.java:startImpl(149)) - 33be2364-dcc7-44bf-aa9c-22b983fb7304: GrpcService started, listening on 0.0.0.0/0.0.0.0:36665
2019-09-12 11:52:54,136 [Datanode State Machine Thread - 0] INFO  ratis.XceiverServerRatis (XceiverServerRatis.java:start(414)) - XceiverServerRatis 33be2364-dcc7-44bf-aa9c-22b983fb7304 is started using port 36665
2019-09-12 11:52:54,138 [Datanode State Machine Thread - 0] INFO  server.XceiverServerGrpc (XceiverServerGrpc.java:start(163)) - XceiverServerGrpc 33be2364-dcc7-44bf-aa9c-22b983fb7304 is started using port 34079
2019-09-12 11:52:55,111 [main] INFO  ozone.MiniOzoneClusterImpl (MiniOzoneClusterImpl.java:lambda$waitForClusterToBeReady$0(142)) - Waiting for cluster to be ready. Got 0 of 3 DN Heartbeats.
2019-09-12 11:52:55,715 [IPC Server handler 2 on 40878] INFO  net.NetworkTopology (NetworkTopologyImpl.java:add(110)) - Added a new node: /default-rack/c51fd1b3-2db3-4e28-b21a-7e66a3359c4c
2019-09-12 11:52:55,716 [IPC Server handler 2 on 40878] INFO  node.SCMNodeManager (SCMNodeManager.java:register(273)) - Registered Data node : c51fd1b3-2db3-4e28-b21a-7e66a3359c4c{ip: 192.168.157.195, host: pr-hdds-1569-xtfnx-3545843844, networkLocation: /default-rack, certSerialId: null}
2019-09-12 11:52:55,717 | INFO  | SCMAudit | user=jenkins1000 | ip=192.168.157.195 | op=REGISTER {datanodeDetails=c51fd1b3-2db3-4e28-b21a-7e66a3359c4c{ip: 192.168.157.195, host: pr-hdds-1569-xtfnx-3545843844, networkLocation: /default-rack, certSerialId: null}} | ret=SUCCESS |  
2019-09-12 11:52:55,717 [EventQueue-NodeRegistrationContainerReportForDataNodeSafeModeRule] INFO  safemode.SCMSafeModeManager (DataNodeSafeModeRule.java:process(71)) - SCM in safe mode. 1 DataNodes registered, 1 required.
2019-09-12 11:52:55,718 [EventQueue-NodeRegistrationContainerReportForDataNodeSafeModeRule] INFO  safemode.SCMSafeModeManager (SCMSafeModeManager.java:validateSafeModeExitRules(177)) - ScmSafeModeManager, all rules are successfully validated
2019-09-12 11:52:55,718 [EventQueue-NodeRegistrationContainerReportForDataNodeSafeModeRule] INFO  safemode.SCMSafeModeManager (SCMSafeModeManager.java:exitSafeMode(193)) - SCM exiting safe mode.
2019-09-12 11:52:55,727 [grpc-default-executor-0] INFO  impl.RaftServerProxy (RaftServerProxy.java:addNew(89)) - c51fd1b3-2db3-4e28-b21a-7e66a3359c4c: addNew group-F1B23150327C:[c51fd1b3-2db3-4e28-b21a-7e66a3359c4c:192.168.157.195:36922] returns group-F1B23150327C:java.util.concurrent.CompletableFuture@5e8d79c3[Not completed]
2019-09-12 11:52:55,728 [pool-610-thread-1] INFO  impl.RaftServerImpl (RaftServerImpl.java:<init>(93)) - c51fd1b3-2db3-4e28-b21a-7e66a3359c4c: new RaftServerImpl for group-F1B23150327C:[c51fd1b3-2db3-4e28-b21a-7e66a3359c4c:192.168.157.195:36922] with ContainerStateMachine:uninitialized
2019-09-12 11:52:55,728 [pool-610-thread-1] INFO  server.RaftServerConfigKeys (ConfUtils.java:logGet(43)) - raft.server.rpc.timeout.min = 5s (custom)
2019-09-12 11:52:55,728 [pool-610-thread-1] INFO  server.RaftServerConfigKeys (ConfUtils.java:logGet(43)) - raft.server.rpc.timeout.max = 5200ms (custom)
2019-09-12 11:52:55,728 [pool-610-thread-1] INFO  server.RaftServerConfigKeys (ConfUtils.java:logGet(43)) - raft.server.rpcslowness.timeout = 120s (custom)
2019-09-12 11:52:55,728 [pool-610-thread-1] INFO  server.RaftServerConfigKeys (ConfUtils.java:logGet(43)) - raft.server.sleep.deviation.threshold = 300 (default)
2019-09-12 11:52:55,729 [pool-610-thread-1] INFO  server.RaftServerConfigKeys (ConfUtils.java:logGet(43)) - raft.server.log.appender.install.snapshot.enabled = false (custom)
2019-09-12 11:52:55,729 [pool-610-thread-1] INFO  impl.RaftServerImpl (ServerState.java:<init>(105)) - c51fd1b3-2db3-4e28-b21a-7e66a3359c4c:group-F1B23150327C ConfigurationManager, init=-1: [c51fd1b3-2db3-4e28-b21a-7e66a3359c4c:192.168.157.195:36922], old=null, confs=<EMPTY_MAP>
2019-09-12 11:52:55,729 [pool-610-thread-1] INFO  server.RaftServerConfigKeys (ConfUtils.java:logGet(43)) - raft.server.storage.dir = [/workdir/hadoop-ozone/ozonefs/target/test-dir/MiniOzoneClusterImpl-646a9a0c-8e87-4326-8e6b-0cedd78f9de8/datanode-0/data/ratis] (custom)
2019-09-12 11:52:55,729 [pool-610-thread-1] INFO  storage.RaftStorageDirectory (RaftStorageDirectory.java:analyzeStorage(246)) - The storage directory /workdir/hadoop-ozone/ozonefs/target/test-dir/MiniOzoneClusterImpl-646a9a0c-8e87-4326-8e6b-0cedd78f9de8/datanode-0/data/ratis/24b864f4-cc3f-4324-9d13-f1b23150327c does not exist. Creating ...
2019-09-12 11:52:55,742 [pool-610-thread-1] INFO  storage.RaftStorageDirectory (RaftStorageDirectory.java:tryLock(328)) - Lock on /workdir/hadoop-ozone/ozonefs/target/test-dir/MiniOzoneClusterImpl-646a9a0c-8e87-4326-8e6b-0cedd78f9de8/datanode-0/data/ratis/24b864f4-cc3f-4324-9d13-f1b23150327c/in_use.lock acquired by nodename 9769@pr-hdds-1569-xtfnx-3545843844
2019-09-12 11:52:55,755 [pool-610-thread-1] INFO  storage.RaftStorage (RaftStorage.java:format(72)) - Storage directory /workdir/hadoop-ozone/ozonefs/target/test-dir/MiniOzoneClusterImpl-646a9a0c-8e87-4326-8e6b-0cedd78f9de8/datanode-0/data/ratis/24b864f4-cc3f-4324-9d13-f1b23150327c has been successfully formatted.
2019-09-12 11:52:55,756 [pool-610-thread-1] INFO  ratis.ContainerStateMachine (ContainerStateMachine.java:loadSnapshot(226)) - group-F1B23150327C: The snapshot info is null. Setting the last applied indexto:(t:0, i:~)
2019-09-12 11:52:55,756 [pool-610-thread-1] INFO  server.RaftServerConfigKeys (ConfUtils.java:logGet(43)) - raft.server.leader.election.timeout = 120s (custom)
2019-09-12 11:52:55,756 [pool-610-thread-1] INFO  server.RaftServerConfigKeys (ConfUtils.java:logGet(43)) - raft.server.log.use.memory = false (default)
2019-09-12 11:52:55,756 [pool-610-thread-1] INFO  server.RaftServerConfigKeys (ConfUtils.java:logGet(43)) - raft.server.log.purge.gap = 1000000 (custom)
2019-09-12 11:52:55,756 [pool-610-thread-1] INFO  server.RaftServerConfigKeys (ConfUtils.java:logGet(43)) - raft.server.log.appender.buffer.byte-limit = 33554432 (custom)
2019-09-12 11:52:55,756 [pool-610-thread-1] INFO  server.RaftServerConfigKeys (ConfUtils.java:logGet(43)) - raft.server.log.segment.size.max = 1048576 (custom)
2019-09-12 11:52:55,756 [pool-610-thread-1] INFO  server.RaftServerConfigKeys (ConfUtils.java:logGet(43)) - raft.server.log.segment.cache.num.max = 2 (custom)
2019-09-12 11:52:55,756 [pool-610-thread-1] INFO  segmented.SegmentedRaftLogWorker (SegmentedRaftLogWorker.java:<init>(172)) - new c51fd1b3-2db3-4e28-b21a-7e66a3359c4c-SegmentedRaftLogWorker:Storage Directory /workdir/hadoop-ozone/ozonefs/target/test-dir/MiniOzoneClusterImpl-646a9a0c-8e87-4326-8e6b-0cedd78f9de8/datanode-0/data/ratis/24b864f4-cc3f-4324-9d13-f1b23150327c for RaftStorage:Storage Directory /workdir/hadoop-ozone/ozonefs/target/test-dir/MiniOzoneClusterImpl-646a9a0c-8e87-4326-8e6b-0cedd78f9de8/datanode-0/data/ratis/24b864f4-cc3f-4324-9d13-f1b23150327c
2019-09-12 11:52:55,757 [pool-610-thread-1] INFO  server.RaftServerConfigKeys (ConfUtils.java:logGet(43)) - raft.server.log.queue.byte-limit = 2147483647 (custom)
2019-09-12 11:52:55,757 [pool-610-thread-1] INFO  server.RaftServerConfigKeys (ConfUtils.java:logGet(43)) - raft.server.log.queue.element-limit = 1024 (custom)
2019-09-12 11:52:55,757 [pool-610-thread-1] INFO  server.RaftServerConfigKeys (ConfUtils.java:logGet(43)) - raft.server.log.segment.size.max = 1048576 (custom)
2019-09-12 11:52:55,757 [pool-610-thread-1] INFO  server.RaftServerConfigKeys (ConfUtils.java:logGet(43)) - raft.server.log.preallocated.size = 16384 (custom)
2019-09-12 11:52:55,757 [pool-610-thread-1] INFO  server.RaftServerConfigKeys (ConfUtils.java:logGet(43)) - raft.server.log.write.buffer.size = 33554432 (custom)
2019-09-12 11:52:55,757 [pool-610-thread-1] INFO  server.RaftServerConfigKeys (ConfUtils.java:logGet(43)) - raft.server.log.force.sync.num = 128 (default)
2019-09-12 11:52:55,757 [pool-610-thread-1] INFO  server.RaftServerConfigKeys (ConfUtils.java:logGet(43)) - raft.server.log.statemachine.data.sync = true (default)
2019-09-12 11:52:55,758 [pool-610-thread-1] INFO  server.RaftServerConfigKeys (ConfUtils.java:logGet(43)) - raft.server.log.statemachine.data.sync.timeout = 10s (default)
2019-09-12 11:52:55,758 [pool-610-thread-1] INFO  server.RaftServerConfigKeys (ConfUtils.java:logGet(43)) - raft.server.log.statemachine.data.sync.timeout.retry = -1 (default)
2019-09-12 11:52:55,758 [pool-610-thread-1] INFO  server.RaftServerConfigKeys (ConfUtils.java:logGet(43)) - raft.server.log.statemachine.data.caching.enabled = true (custom)
2019-09-12 11:52:55,758 [pool-610-thread-1] INFO  segmented.SegmentedRaftLogWorker (SegmentedRaftLogWorker.java:lambda$new$0(132)) - c51fd1b3-2db3-4e28-b21a-7e66a3359c4c-SegmentedRaftLogWorker:Storage Directory /workdir/hadoop-ozone/ozonefs/target/test-dir/MiniOzoneClusterImpl-646a9a0c-8e87-4326-8e6b-0cedd78f9de8/datanode-0/data/ratis/24b864f4-cc3f-4324-9d13-f1b23150327c: flushIndex: setUnconditionally 0 -> -1
2019-09-12 11:52:55,759 [pool-610-thread-1] INFO  server.RaftServerConfigKeys (ConfUtils.java:logGet(43)) - raft.server.snapshot.auto.trigger.enabled = true (custom)
2019-09-12 11:52:55,759 [pool-610-thread-1] INFO  server.RaftServerConfigKeys (ConfUtils.java:logGet(43)) - raft.server.snapshot.auto.trigger.threshold = 10000 (custom)
2019-09-12 11:52:55,759 [pool-610-thread-1] INFO  server.RaftServerConfigKeys (ConfUtils.java:logGet(43)) - raft.server.retrycache.expirytime = 600000ms (custom)
2019-09-12 11:52:55,759 [pool-610-thread-1] INFO  impl.RaftServerImpl (RaftServerImpl.java:start(180)) - c51fd1b3-2db3-4e28-b21a-7e66a3359c4c: start group-F1B23150327C
2019-09-12 11:52:55,759 [pool-610-thread-1] INFO  impl.RaftServerImpl (RaftServerImpl.java:setRole(171)) - c51fd1b3-2db3-4e28-b21a-7e66a3359c4c:group-F1B23150327C changes role from null to FOLLOWER at term 0 for startAsFollower
2019-09-12 11:52:55,759 [pool-610-thread-1] INFO  impl.RoleInfo (RoleInfo.java:updateAndGet(143)) - c51fd1b3-2db3-4e28-b21a-7e66a3359c4c: start FollowerState
2019-09-12 11:52:55,760 [pool-610-thread-1] INFO  util.JmxRegister (JmxRegister.java:tryRegister(44)) - Successfully registered JMX Bean with object name Ratis:service=RaftServer,group=group-F1B23150327C,id=c51fd1b3-2db3-4e28-b21a-7e66a3359c4c
2019-09-12 11:52:55,762 [RatisPipelineUtilsThread] INFO  pipeline.PipelineStateManager (PipelineStateManager.java:addPipeline(56)) - Created pipeline Pipeline[ Id: 24b864f4-cc3f-4324-9d13-f1b23150327c, Nodes: c51fd1b3-2db3-4e28-b21a-7e66a3359c4c{ip: 192.168.157.195, host: pr-hdds-1569-xtfnx-3545843844, networkLocation: /default-rack, certSerialId: null}, Type:RATIS, Factor:ONE, State:OPEN]
2019-09-12 11:52:55,765 [grpc-default-executor-0] INFO  impl.RaftServerProxy (RaftServerProxy.java:addNew(89)) - c51fd1b3-2db3-4e28-b21a-7e66a3359c4c: addNew group-2CACB2D02417:[c51fd1b3-2db3-4e28-b21a-7e66a3359c4c:192.168.157.195:36922] returns group-2CACB2D02417:java.util.concurrent.CompletableFuture@6f99c535[Not completed]
2019-09-12 11:52:55,766 [pool-610-thread-1] INFO  impl.RaftServerImpl (RaftServerImpl.java:<init>(93)) - c51fd1b3-2db3-4e28-b21a-7e66a3359c4c: new RaftServerImpl for group-2CACB2D02417:[c51fd1b3-2db3-4e28-b21a-7e66a3359c4c:192.168.157.195:36922] with ContainerStateMachine:uninitialized
2019-09-12 11:52:55,766 [pool-610-thread-1] INFO  server.RaftServerConfigKeys (ConfUtils.java:logGet(43)) - raft.server.rpc.timeout.min = 5s (custom)
2019-09-12 11:52:55,766 [pool-610-thread-1] INFO  server.RaftServerConfigKeys (ConfUtils.java:logGet(43)) - raft.server.rpc.timeout.max = 5200ms (custom)
2019-09-12 11:52:55,766 [pool-610-thread-1] INFO  server.RaftServerConfigKeys (ConfUtils.java:logGet(43)) - raft.server.rpcslowness.timeout = 120s (custom)
2019-09-12 11:52:55,766 [pool-610-thread-1] INFO  server.RaftServerConfigKeys (ConfUtils.java:logGet(43)) - raft.server.sleep.deviation.threshold = 300 (default)
2019-09-12 11:52:55,766 [pool-610-thread-1] INFO  server.RaftServerConfigKeys (ConfUtils.java:logGet(43)) - raft.server.log.appender.install.snapshot.enabled = false (custom)
2019-09-12 11:52:55,766 [pool-610-thread-1] INFO  impl.RaftServerImpl (ServerState.java:<init>(105)) - c51fd1b3-2db3-4e28-b21a-7e66a3359c4c:group-2CACB2D02417 ConfigurationManager, init=-1: [c51fd1b3-2db3-4e28-b21a-7e66a3359c4c:192.168.157.195:36922], old=null, confs=<EMPTY_MAP>
2019-09-12 11:52:55,767 [pool-610-thread-1] INFO  server.RaftServerConfigKeys (ConfUtils.java:logGet(43)) - raft.server.storage.dir = [/workdir/hadoop-ozone/ozonefs/target/test-dir/MiniOzoneClusterImpl-646a9a0c-8e87-4326-8e6b-0cedd78f9de8/datanode-0/data/ratis] (custom)
2019-09-12 11:52:55,767 [pool-610-thread-1] INFO  storage.RaftStorageDirectory (RaftStorageDirectory.java:analyzeStorage(246)) - The storage directory /workdir/hadoop-ozone/ozonefs/target/test-dir/MiniOzoneClusterImpl-646a9a0c-8e87-4326-8e6b-0cedd78f9de8/datanode-0/data/ratis/9d74caef-2a35-47f2-8ab1-2cacb2d02417 does not exist. Creating ...
2019-09-12 11:52:55,780 [pool-610-thread-1] INFO  storage.RaftStorageDirectory (RaftStorageDirectory.java:tryLock(328)) - Lock on /workdir/hadoop-ozone/ozonefs/target/test-dir/MiniOzoneClusterImpl-646a9a0c-8e87-4326-8e6b-0cedd78f9de8/datanode-0/data/ratis/9d74caef-2a35-47f2-8ab1-2cacb2d02417/in_use.lock acquired by nodename 9769@pr-hdds-1569-xtfnx-3545843844
2019-09-12 11:52:55,793 [pool-610-thread-1] INFO  storage.RaftStorage (RaftStorage.java:format(72)) - Storage directory /workdir/hadoop-ozone/ozonefs/target/test-dir/MiniOzoneClusterImpl-646a9a0c-8e87-4326-8e6b-0cedd78f9de8/datanode-0/data/ratis/9d74caef-2a35-47f2-8ab1-2cacb2d02417 has been successfully formatted.
2019-09-12 11:52:55,793 [pool-610-thread-1] INFO  ratis.ContainerStateMachine (ContainerStateMachine.java:loadSnapshot(226)) - group-2CACB2D02417: The snapshot info is null. Setting the last applied indexto:(t:0, i:~)
2019-09-12 11:52:55,793 [pool-610-thread-1] INFO  server.RaftServerConfigKeys (ConfUtils.java:logGet(43)) - raft.server.leader.election.timeout = 120s (custom)
2019-09-12 11:52:55,793 [pool-610-thread-1] INFO  server.RaftServerConfigKeys (ConfUtils.java:logGet(43)) - raft.server.log.use.memory = false (default)
2019-09-12 11:52:55,793 [pool-610-thread-1] INFO  server.RaftServerConfigKeys (ConfUtils.java:logGet(43)) - raft.server.log.purge.gap = 1000000 (custom)
2019-09-12 11:52:55,794 [pool-610-thread-1] INFO  server.RaftServerConfigKeys (ConfUtils.java:logGet(43)) - raft.server.log.appender.buffer.byte-limit = 33554432 (custom)
2019-09-12 11:52:55,794 [pool-610-thread-1] INFO  server.RaftServerConfigKeys (ConfUtils.java:logGet(43)) - raft.server.log.segment.size.max = 1048576 (custom)
2019-09-12 11:52:55,794 [pool-610-thread-1] INFO  server.RaftServerConfigKeys (ConfUtils.java:logGet(43)) - raft.server.log.segment.cache.num.max = 2 (custom)
2019-09-12 11:52:55,794 [pool-610-thread-1] INFO  segmented.SegmentedRaftLogWorker (SegmentedRaftLogWorker.java:<init>(172)) - new c51fd1b3-2db3-4e28-b21a-7e66a3359c4c-SegmentedRaftLogWorker:Storage Directory /workdir/hadoop-ozone/ozonefs/target/test-dir/MiniOzoneClusterImpl-646a9a0c-8e87-4326-8e6b-0cedd78f9de8/datanode-0/data/ratis/9d74caef-2a35-47f2-8ab1-2cacb2d02417 for RaftStorage:Storage Directory /workdir/hadoop-ozone/ozonefs/target/test-dir/MiniOzoneClusterImpl-646a9a0c-8e87-4326-8e6b-0cedd78f9de8/datanode-0/data/ratis/9d74caef-2a35-47f2-8ab1-2cacb2d02417
2019-09-12 11:52:55,794 [pool-610-thread-1] INFO  server.RaftServerConfigKeys (ConfUtils.java:logGet(43)) - raft.server.log.queue.byte-limit = 2147483647 (custom)
2019-09-12 11:52:55,794 [pool-610-thread-1] INFO  server.RaftServerConfigKeys (ConfUtils.java:logGet(43)) - raft.server.log.queue.element-limit = 1024 (custom)
2019-09-12 11:52:55,794 [pool-610-thread-1] INFO  server.RaftServerConfigKeys (ConfUtils.java:logGet(43)) - raft.server.log.segment.size.max = 1048576 (custom)
2019-09-12 11:52:55,794 [pool-610-thread-1] INFO  server.RaftServerConfigKeys (ConfUtils.java:logGet(43)) - raft.server.log.preallocated.size = 16384 (custom)
2019-09-12 11:52:55,794 [pool-610-thread-1] INFO  server.RaftServerConfigKeys (ConfUtils.java:logGet(43)) - raft.server.log.write.buffer.size = 33554432 (custom)
2019-09-12 11:52:55,795 [pool-610-thread-1] INFO  server.RaftServerConfigKeys (ConfUtils.java:logGet(43)) - raft.server.log.force.sync.num = 128 (default)
2019-09-12 11:52:55,795 [pool-610-thread-1] INFO  server.RaftServerConfigKeys (ConfUtils.java:logGet(43)) - raft.server.log.statemachine.data.sync = true (default)
2019-09-12 11:52:55,795 [pool-610-thread-1] INFO  server.RaftServerConfigKeys (ConfUtils.java:logGet(43)) - raft.server.log.statemachine.data.sync.timeout = 10s (default)
2019-09-12 11:52:55,795 [pool-610-thread-1] INFO  server.RaftServerConfigKeys (ConfUtils.java:logGet(43)) - raft.server.log.statemachine.data.sync.timeout.retry = -1 (default)
2019-09-12 11:52:55,795 [pool-610-thread-1] INFO  server.RaftServerConfigKeys (ConfUtils.java:logGet(43)) - raft.server.log.statemachine.data.caching.enabled = true (custom)
2019-09-12 11:52:55,795 [pool-610-thread-1] INFO  segmented.SegmentedRaftLogWorker (SegmentedRaftLogWorker.java:lambda$new$0(132)) - c51fd1b3-2db3-4e28-b21a-7e66a3359c4c-SegmentedRaftLogWorker:Storage Directory /workdir/hadoop-ozone/ozonefs/target/test-dir/MiniOzoneClusterImpl-646a9a0c-8e87-4326-8e6b-0cedd78f9de8/datanode-0/data/ratis/9d74caef-2a35-47f2-8ab1-2cacb2d02417: flushIndex: setUnconditionally 0 -> -1
2019-09-12 11:52:55,796 [pool-610-thread-1] INFO  server.RaftServerConfigKeys (ConfUtils.java:logGet(43)) - raft.server.snapshot.auto.trigger.enabled = true (custom)
2019-09-12 11:52:55,796 [pool-610-thread-1] INFO  server.RaftServerConfigKeys (ConfUtils.java:logGet(43)) - raft.server.snapshot.auto.trigger.threshold = 10000 (custom)
2019-09-12 11:52:55,796 [pool-610-thread-1] INFO  server.RaftServerConfigKeys (ConfUtils.java:logGet(43)) - raft.server.retrycache.expirytime = 600000ms (custom)
2019-09-12 11:52:55,796 [pool-610-thread-1] INFO  impl.RaftServerImpl (RaftServerImpl.java:start(180)) - c51fd1b3-2db3-4e28-b21a-7e66a3359c4c: start group-2CACB2D02417
2019-09-12 11:52:55,796 [pool-610-thread-1] INFO  impl.RaftServerImpl (RaftServerImpl.java:setRole(171)) - c51fd1b3-2db3-4e28-b21a-7e66a3359c4c:group-2CACB2D02417 changes role from null to FOLLOWER at term 0 for startAsFollower
2019-09-12 11:52:55,796 [pool-610-thread-1] INFO  impl.RoleInfo (RoleInfo.java:updateAndGet(143)) - c51fd1b3-2db3-4e28-b21a-7e66a3359c4c: start FollowerState
2019-09-12 11:52:55,796 [pool-610-thread-1] INFO  util.JmxRegister (JmxRegister.java:tryRegister(44)) - Successfully registered JMX Bean with object name Ratis:service=RaftServer,group=group-2CACB2D02417,id=c51fd1b3-2db3-4e28-b21a-7e66a3359c4c
2019-09-12 11:52:55,798 [RatisPipelineUtilsThread] INFO  pipeline.PipelineStateManager (PipelineStateManager.java:addPipeline(56)) - Created pipeline Pipeline[ Id: 9d74caef-2a35-47f2-8ab1-2cacb2d02417, Nodes: c51fd1b3-2db3-4e28-b21a-7e66a3359c4c{ip: 192.168.157.195, host: pr-hdds-1569-xtfnx-3545843844, networkLocation: /default-rack, certSerialId: null}, Type:RATIS, Factor:ONE, State:OPEN]
2019-09-12 11:52:55,802 [grpc-default-executor-0] INFO  impl.RaftServerProxy (RaftServerProxy.java:addNew(89)) - c51fd1b3-2db3-4e28-b21a-7e66a3359c4c: addNew group-603410E9CC9B:[c51fd1b3-2db3-4e28-b21a-7e66a3359c4c:192.168.157.195:36922] returns group-603410E9CC9B:java.util.concurrent.CompletableFuture@3ea2868c[Not completed]
2019-09-12 11:52:55,802 [pool-610-thread-1] INFO  impl.RaftServerImpl (RaftServerImpl.java:<init>(93)) - c51fd1b3-2db3-4e28-b21a-7e66a3359c4c: new RaftServerImpl for group-603410E9CC9B:[c51fd1b3-2db3-4e28-b21a-7e66a3359c4c:192.168.157.195:36922] with ContainerStateMachine:uninitialized
2019-09-12 11:52:55,803 [pool-610-thread-1] INFO  server.RaftServerConfigKeys (ConfUtils.java:logGet(43)) - raft.server.rpc.timeout.min = 5s (custom)
2019-09-12 11:52:55,803 [pool-610-thread-1] INFO  server.RaftServerConfigKeys (ConfUtils.java:logGet(43)) - raft.server.rpc.timeout.max = 5200ms (custom)
2019-09-12 11:52:55,803 [pool-610-thread-1] INFO  server.RaftServerConfigKeys (ConfUtils.java:logGet(43)) - raft.server.rpcslowness.timeout = 120s (custom)
2019-09-12 11:52:55,803 [pool-610-thread-1] INFO  server.RaftServerConfigKeys (ConfUtils.java:logGet(43)) - raft.server.sleep.deviation.threshold = 300 (default)
2019-09-12 11:52:55,803 [pool-610-thread-1] INFO  server.RaftServerConfigKeys (ConfUtils.java:logGet(43)) - raft.server.log.appender.install.snapshot.enabled = false (custom)
2019-09-12 11:52:55,803 [pool-610-thread-1] INFO  impl.RaftServerImpl (ServerState.java:<init>(105)) - c51fd1b3-2db3-4e28-b21a-7e66a3359c4c:group-603410E9CC9B ConfigurationManager, init=-1: [c51fd1b3-2db3-4e28-b21a-7e66a3359c4c:192.168.157.195:36922], old=null, confs=<EMPTY_MAP>
2019-09-12 11:52:55,803 [pool-610-thread-1] INFO  server.RaftServerConfigKeys (ConfUtils.java:logGet(43)) - raft.server.storage.dir = [/workdir/hadoop-ozone/ozonefs/target/test-dir/MiniOzoneClusterImpl-646a9a0c-8e87-4326-8e6b-0cedd78f9de8/datanode-0/data/ratis] (custom)
2019-09-12 11:52:55,803 [pool-610-thread-1] INFO  storage.RaftStorageDirectory (RaftStorageDirectory.java:analyzeStorage(246)) - The storage directory /workdir/hadoop-ozone/ozonefs/target/test-dir/MiniOzoneClusterImpl-646a9a0c-8e87-4326-8e6b-0cedd78f9de8/datanode-0/data/ratis/48cc1e97-80a3-4697-b356-603410e9cc9b does not exist. Creating ...
2019-09-12 11:52:55,816 [pool-610-thread-1] INFO  storage.RaftStorageDirectory (RaftStorageDirectory.java:tryLock(328)) - Lock on /workdir/hadoop-ozone/ozonefs/target/test-dir/MiniOzoneClusterImpl-646a9a0c-8e87-4326-8e6b-0cedd78f9de8/datanode-0/data/ratis/48cc1e97-80a3-4697-b356-603410e9cc9b/in_use.lock acquired by nodename 9769@pr-hdds-1569-xtfnx-3545843844
2019-09-12 11:52:55,828 [pool-610-thread-1] INFO  storage.RaftStorage (RaftStorage.java:format(72)) - Storage directory /workdir/hadoop-ozone/ozonefs/target/test-dir/MiniOzoneClusterImpl-646a9a0c-8e87-4326-8e6b-0cedd78f9de8/datanode-0/data/ratis/48cc1e97-80a3-4697-b356-603410e9cc9b has been successfully formatted.
2019-09-12 11:52:55,828 [pool-610-thread-1] INFO  ratis.ContainerStateMachine (ContainerStateMachine.java:loadSnapshot(226)) - group-603410E9CC9B: The snapshot info is null. Setting the last applied indexto:(t:0, i:~)
2019-09-12 11:52:55,828 [pool-610-thread-1] INFO  server.RaftServerConfigKeys (ConfUtils.java:logGet(43)) - raft.server.leader.election.timeout = 120s (custom)
2019-09-12 11:52:55,828 [pool-610-thread-1] INFO  server.RaftServerConfigKeys (ConfUtils.java:logGet(43)) - raft.server.log.use.memory = false (default)
2019-09-12 11:52:55,828 [pool-610-thread-1] INFO  server.RaftServerConfigKeys (ConfUtils.java:logGet(43)) - raft.server.log.purge.gap = 1000000 (custom)
2019-09-12 11:52:55,829 [pool-610-thread-1] INFO  server.RaftServerConfigKeys (ConfUtils.java:logGet(43)) - raft.server.log.appender.buffer.byte-limit = 33554432 (custom)
2019-09-12 11:52:55,829 [pool-610-thread-1] INFO  server.RaftServerConfigKeys (ConfUtils.java:logGet(43)) - raft.server.log.segment.size.max = 1048576 (custom)
2019-09-12 11:52:55,829 [pool-610-thread-1] INFO  server.RaftServerConfigKeys (ConfUtils.java:logGet(43)) - raft.server.log.segment.cache.num.max = 2 (custom)
2019-09-12 11:52:55,829 [pool-610-thread-1] INFO  segmented.SegmentedRaftLogWorker (SegmentedRaftLogWorker.java:<init>(172)) - new c51fd1b3-2db3-4e28-b21a-7e66a3359c4c-SegmentedRaftLogWorker:Storage Directory /workdir/hadoop-ozone/ozonefs/target/test-dir/MiniOzoneClusterImpl-646a9a0c-8e87-4326-8e6b-0cedd78f9de8/datanode-0/data/ratis/48cc1e97-80a3-4697-b356-603410e9cc9b for RaftStorage:Storage Directory /workdir/hadoop-ozone/ozonefs/target/test-dir/MiniOzoneClusterImpl-646a9a0c-8e87-4326-8e6b-0cedd78f9de8/datanode-0/data/ratis/48cc1e97-80a3-4697-b356-603410e9cc9b
2019-09-12 11:52:55,829 [pool-610-thread-1] INFO  server.RaftServerConfigKeys (ConfUtils.java:logGet(43)) - raft.server.log.queue.byte-limit = 2147483647 (custom)
2019-09-12 11:52:55,829 [pool-610-thread-1] INFO  server.RaftServerConfigKeys (ConfUtils.java:logGet(43)) - raft.server.log.queue.element-limit = 1024 (custom)
2019-09-12 11:52:55,829 [pool-610-thread-1] INFO  server.RaftServerConfigKeys (ConfUtils.java:logGet(43)) - raft.server.log.segment.size.max = 1048576 (custom)
2019-09-12 11:52:55,829 [pool-610-thread-1] INFO  server.RaftServerConfigKeys (ConfUtils.java:logGet(43)) - raft.server.log.preallocated.size = 16384 (custom)
2019-09-12 11:52:55,830 [pool-610-thread-1] INFO  server.RaftServerConfigKeys (ConfUtils.java:logGet(43)) - raft.server.log.write.buffer.size = 33554432 (custom)
2019-09-12 11:52:55,830 [pool-610-thread-1] INFO  server.RaftServerConfigKeys (ConfUtils.java:logGet(43)) - raft.server.log.force.sync.num = 128 (default)
2019-09-12 11:52:55,830 [pool-610-thread-1] INFO  server.RaftServerConfigKeys (ConfUtils.java:logGet(43)) - raft.server.log.statemachine.data.sync = true (default)
2019-09-12 11:52:55,830 [pool-610-thread-1] INFO  server.RaftServerConfigKeys (ConfUtils.java:logGet(43)) - raft.server.log.statemachine.data.sync.timeout = 10s (default)
2019-09-12 11:52:55,830 [pool-610-thread-1] INFO  server.RaftServerConfigKeys (ConfUtils.java:logGet(43)) - raft.server.log.statemachine.data.sync.timeout.retry = -1 (default)
2019-09-12 11:52:55,830 [pool-610-thread-1] INFO  server.RaftServerConfigKeys (ConfUtils.java:logGet(43)) - raft.server.log.statemachine.data.caching.enabled = true (custom)
2019-09-12 11:52:55,830 [pool-610-thread-1] INFO  segmented.SegmentedRaftLogWorker (SegmentedRaftLogWorker.java:lambda$new$0(132)) - c51fd1b3-2db3-4e28-b21a-7e66a3359c4c-SegmentedRaftLogWorker:Storage Directory /workdir/hadoop-ozone/ozonefs/target/test-dir/MiniOzoneClusterImpl-646a9a0c-8e87-4326-8e6b-0cedd78f9de8/datanode-0/data/ratis/48cc1e97-80a3-4697-b356-603410e9cc9b: flushIndex: setUnconditionally 0 -> -1
2019-09-12 11:52:55,831 [pool-610-thread-1] INFO  server.RaftServerConfigKeys (ConfUtils.java:logGet(43)) - raft.server.snapshot.auto.trigger.enabled = true (custom)
2019-09-12 11:52:55,831 [pool-610-thread-1] INFO  server.RaftServerConfigKeys (ConfUtils.java:logGet(43)) - raft.server.snapshot.auto.trigger.threshold = 10000 (custom)
2019-09-12 11:52:55,831 [pool-610-thread-1] INFO  server.RaftServerConfigKeys (ConfUtils.java:logGet(43)) - raft.server.retrycache.expirytime = 600000ms (custom)
2019-09-12 11:52:55,831 [pool-610-thread-1] INFO  impl.RaftServerImpl (RaftServerImpl.java:start(180)) - c51fd1b3-2db3-4e28-b21a-7e66a3359c4c: start group-603410E9CC9B
2019-09-12 11:52:55,831 [pool-610-thread-1] INFO  impl.RaftServerImpl (RaftServerImpl.java:setRole(171)) - c51fd1b3-2db3-4e28-b21a-7e66a3359c4c:group-603410E9CC9B changes role from null to FOLLOWER at term 0 for startAsFollower
2019-09-12 11:52:55,831 [pool-610-thread-1] INFO  impl.RoleInfo (RoleInfo.java:updateAndGet(143)) - c51fd1b3-2db3-4e28-b21a-7e66a3359c4c: start FollowerState
2019-09-12 11:52:55,832 [pool-610-thread-1] INFO  util.JmxRegister (JmxRegister.java:tryRegister(44)) - Successfully registered JMX Bean with object name Ratis:service=RaftServer,group=group-603410E9CC9B,id=c51fd1b3-2db3-4e28-b21a-7e66a3359c4c
2019-09-12 11:52:55,834 [RatisPipelineUtilsThread] INFO  pipeline.PipelineStateManager (PipelineStateManager.java:addPipeline(56)) - Created pipeline Pipeline[ Id: 48cc1e97-80a3-4697-b356-603410e9cc9b, Nodes: c51fd1b3-2db3-4e28-b21a-7e66a3359c4c{ip: 192.168.157.195, host: pr-hdds-1569-xtfnx-3545843844, networkLocation: /default-rack, certSerialId: null}, Type:RATIS, Factor:ONE, State:OPEN]
2019-09-12 11:52:55,837 [grpc-default-executor-0] INFO  impl.RaftServerProxy (RaftServerProxy.java:addNew(89)) - c51fd1b3-2db3-4e28-b21a-7e66a3359c4c: addNew group-FF834C582619:[c51fd1b3-2db3-4e28-b21a-7e66a3359c4c:192.168.157.195:36922] returns group-FF834C582619:java.util.concurrent.CompletableFuture@3e804276[Not completed]
2019-09-12 11:52:55,838 [pool-610-thread-1] INFO  impl.RaftServerImpl (RaftServerImpl.java:<init>(93)) - c51fd1b3-2db3-4e28-b21a-7e66a3359c4c: new RaftServerImpl for group-FF834C582619:[c51fd1b3-2db3-4e28-b21a-7e66a3359c4c:192.168.157.195:36922] with ContainerStateMachine:uninitialized
2019-09-12 11:52:55,838 [pool-610-thread-1] INFO  server.RaftServerConfigKeys (ConfUtils.java:logGet(43)) - raft.server.rpc.timeout.min = 5s (custom)
2019-09-12 11:52:55,839 [pool-610-thread-1] INFO  server.RaftServerConfigKeys (ConfUtils.java:logGet(43)) - raft.server.rpc.timeout.max = 5200ms (custom)
2019-09-12 11:52:55,839 [pool-610-thread-1] INFO  server.RaftServerConfigKeys (ConfUtils.java:logGet(43)) - raft.server.rpcslowness.timeout = 120s (custom)
2019-09-12 11:52:55,839 [pool-610-thread-1] INFO  server.RaftServerConfigKeys (ConfUtils.java:logGet(43)) - raft.server.sleep.deviation.threshold = 300 (default)
2019-09-12 11:52:55,839 [pool-610-thread-1] INFO  server.RaftServerConfigKeys (ConfUtils.java:logGet(43)) - raft.server.log.appender.install.snapshot.enabled = false (custom)
2019-09-12 11:52:55,839 [pool-610-thread-1] INFO  impl.RaftServerImpl (ServerState.java:<init>(105)) - c51fd1b3-2db3-4e28-b21a-7e66a3359c4c:group-FF834C582619 ConfigurationManager, init=-1: [c51fd1b3-2db3-4e28-b21a-7e66a3359c4c:192.168.157.195:36922], old=null, confs=<EMPTY_MAP>
2019-09-12 11:52:55,839 [pool-610-thread-1] INFO  server.RaftServerConfigKeys (ConfUtils.java:logGet(43)) - raft.server.storage.dir = [/workdir/hadoop-ozone/ozonefs/target/test-dir/MiniOzoneClusterImpl-646a9a0c-8e87-4326-8e6b-0cedd78f9de8/datanode-0/data/ratis] (custom)
2019-09-12 11:52:55,840 [pool-610-thread-1] INFO  storage.RaftStorageDirectory (RaftStorageDirectory.java:analyzeStorage(246)) - The storage directory /workdir/hadoop-ozone/ozonefs/target/test-dir/MiniOzoneClusterImpl-646a9a0c-8e87-4326-8e6b-0cedd78f9de8/datanode-0/data/ratis/70109d1c-6278-4122-a200-ff834c582619 does not exist. Creating ...
2019-09-12 11:52:55,852 [pool-610-thread-1] INFO  storage.RaftStorageDirectory (RaftStorageDirectory.java:tryLock(328)) - Lock on /workdir/hadoop-ozone/ozonefs/target/test-dir/MiniOzoneClusterImpl-646a9a0c-8e87-4326-8e6b-0cedd78f9de8/datanode-0/data/ratis/70109d1c-6278-4122-a200-ff834c582619/in_use.lock acquired by nodename 9769@pr-hdds-1569-xtfnx-3545843844
2019-09-12 11:52:55,865 [pool-610-thread-1] INFO  storage.RaftStorage (RaftStorage.java:format(72)) - Storage directory /workdir/hadoop-ozone/ozonefs/target/test-dir/MiniOzoneClusterImpl-646a9a0c-8e87-4326-8e6b-0cedd78f9de8/datanode-0/data/ratis/70109d1c-6278-4122-a200-ff834c582619 has been successfully formatted.
2019-09-12 11:52:55,865 [pool-610-thread-1] INFO  ratis.ContainerStateMachine (ContainerStateMachine.java:loadSnapshot(226)) - group-FF834C582619: The snapshot info is null. Setting the last applied indexto:(t:0, i:~)
2019-09-12 11:52:55,865 [pool-610-thread-1] INFO  server.RaftServerConfigKeys (ConfUtils.java:logGet(43)) - raft.server.leader.election.timeout = 120s (custom)
2019-09-12 11:52:55,865 [pool-610-thread-1] INFO  server.RaftServerConfigKeys (ConfUtils.java:logGet(43)) - raft.server.log.use.memory = false (default)
2019-09-12 11:52:55,865 [pool-610-thread-1] INFO  server.RaftServerConfigKeys (ConfUtils.java:logGet(43)) - raft.server.log.purge.gap = 1000000 (custom)
2019-09-12 11:52:55,866 [pool-610-thread-1] INFO  server.RaftServerConfigKeys (ConfUtils.java:logGet(43)) - raft.server.log.appender.buffer.byte-limit = 33554432 (custom)
2019-09-12 11:52:55,866 [pool-610-thread-1] INFO  server.RaftServerConfigKeys (ConfUtils.java:logGet(43)) - raft.server.log.segment.size.max = 1048576 (custom)
2019-09-12 11:52:55,866 [pool-610-thread-1] INFO  server.RaftServerConfigKeys (ConfUtils.java:logGet(43)) - raft.server.log.segment.cache.num.max = 2 (custom)
2019-09-12 11:52:55,866 [pool-610-thread-1] INFO  segmented.SegmentedRaftLogWorker (SegmentedRaftLogWorker.java:<init>(172)) - new c51fd1b3-2db3-4e28-b21a-7e66a3359c4c-SegmentedRaftLogWorker:Storage Directory /workdir/hadoop-ozone/ozonefs/target/test-dir/MiniOzoneClusterImpl-646a9a0c-8e87-4326-8e6b-0cedd78f9de8/datanode-0/data/ratis/70109d1c-6278-4122-a200-ff834c582619 for RaftStorage:Storage Directory /workdir/hadoop-ozone/ozonefs/target/test-dir/MiniOzoneClusterImpl-646a9a0c-8e87-4326-8e6b-0cedd78f9de8/datanode-0/data/ratis/70109d1c-6278-4122-a200-ff834c582619
2019-09-12 11:52:55,866 [pool-610-thread-1] INFO  server.RaftServerConfigKeys (ConfUtils.java:logGet(43)) - raft.server.log.queue.byte-limit = 2147483647 (custom)
2019-09-12 11:52:55,866 [pool-610-thread-1] INFO  server.RaftServerConfigKeys (ConfUtils.java:logGet(43)) - raft.server.log.queue.element-limit = 1024 (custom)
2019-09-12 11:52:55,867 [pool-610-thread-1] INFO  server.RaftServerConfigKeys (ConfUtils.java:logGet(43)) - raft.server.log.segment.size.max = 1048576 (custom)
2019-09-12 11:52:55,867 [pool-610-thread-1] INFO  server.RaftServerConfigKeys (ConfUtils.java:logGet(43)) - raft.server.log.preallocated.size = 16384 (custom)
2019-09-12 11:52:55,867 [pool-610-thread-1] INFO  server.RaftServerConfigKeys (ConfUtils.java:logGet(43)) - raft.server.log.write.buffer.size = 33554432 (custom)
2019-09-12 11:52:55,867 [pool-610-thread-1] INFO  server.RaftServerConfigKeys (ConfUtils.java:logGet(43)) - raft.server.log.force.sync.num = 128 (default)
2019-09-12 11:52:55,867 [pool-610-thread-1] INFO  server.RaftServerConfigKeys (ConfUtils.java:logGet(43)) - raft.server.log.statemachine.data.sync = true (default)
2019-09-12 11:52:55,867 [pool-610-thread-1] INFO  server.RaftServerConfigKeys (ConfUtils.java:logGet(43)) - raft.server.log.statemachine.data.sync.timeout = 10s (default)
2019-09-12 11:52:55,867 [pool-610-thread-1] INFO  server.RaftServerConfigKeys (ConfUtils.java:logGet(43)) - raft.server.log.statemachine.data.sync.timeout.retry = -1 (default)
2019-09-12 11:52:55,868 [pool-610-thread-1] INFO  server.RaftServerConfigKeys (ConfUtils.java:logGet(43)) - raft.server.log.statemachine.data.caching.enabled = true (custom)
2019-09-12 11:52:55,868 [pool-610-thread-1] INFO  segmented.SegmentedRaftLogWorker (SegmentedRaftLogWorker.java:lambda$new$0(132)) - c51fd1b3-2db3-4e28-b21a-7e66a3359c4c-SegmentedRaftLogWorker:Storage Directory /workdir/hadoop-ozone/ozonefs/target/test-dir/MiniOzoneClusterImpl-646a9a0c-8e87-4326-8e6b-0cedd78f9de8/datanode-0/data/ratis/70109d1c-6278-4122-a200-ff834c582619: flushIndex: setUnconditionally 0 -> -1
2019-09-12 11:52:55,868 [pool-610-thread-1] INFO  server.RaftServerConfigKeys (ConfUtils.java:logGet(43)) - raft.server.snapshot.auto.trigger.enabled = true (custom)
2019-09-12 11:52:55,868 [pool-610-thread-1] INFO  server.RaftServerConfigKeys (ConfUtils.java:logGet(43)) - raft.server.snapshot.auto.trigger.threshold = 10000 (custom)
2019-09-12 11:52:55,869 [pool-610-thread-1] INFO  server.RaftServerConfigKeys (ConfUtils.java:logGet(43)) - raft.server.retrycache.expirytime = 600000ms (custom)
2019-09-12 11:52:55,869 [pool-610-thread-1] INFO  impl.RaftServerImpl (RaftServerImpl.java:start(180)) - c51fd1b3-2db3-4e28-b21a-7e66a3359c4c: start group-FF834C582619
2019-09-12 11:52:55,869 [pool-610-thread-1] INFO  impl.RaftServerImpl (RaftServerImpl.java:setRole(171)) - c51fd1b3-2db3-4e28-b21a-7e66a3359c4c:group-FF834C582619 changes role from null to FOLLOWER at term 0 for startAsFollower
2019-09-12 11:52:55,869 [pool-610-thread-1] INFO  impl.RoleInfo (RoleInfo.java:updateAndGet(143)) - c51fd1b3-2db3-4e28-b21a-7e66a3359c4c: start FollowerState
2019-09-12 11:52:55,869 [pool-610-thread-1] INFO  util.JmxRegister (JmxRegister.java:tryRegister(44)) - Successfully registered JMX Bean with object name Ratis:service=RaftServer,group=group-FF834C582619,id=c51fd1b3-2db3-4e28-b21a-7e66a3359c4c
2019-09-12 11:52:55,871 [RatisPipelineUtilsThread] INFO  pipeline.PipelineStateManager (PipelineStateManager.java:addPipeline(56)) - Created pipeline Pipeline[ Id: 70109d1c-6278-4122-a200-ff834c582619, Nodes: c51fd1b3-2db3-4e28-b21a-7e66a3359c4c{ip: 192.168.157.195, host: pr-hdds-1569-xtfnx-3545843844, networkLocation: /default-rack, certSerialId: null}, Type:RATIS, Factor:ONE, State:OPEN]
2019-09-12 11:52:55,876 [grpc-default-executor-0] INFO  impl.RaftServerProxy (RaftServerProxy.java:addNew(89)) - c51fd1b3-2db3-4e28-b21a-7e66a3359c4c: addNew group-3AA6DA7D4F79:[c51fd1b3-2db3-4e28-b21a-7e66a3359c4c:192.168.157.195:36922] returns group-3AA6DA7D4F79:java.util.concurrent.CompletableFuture@3aec5c97[Not completed]
2019-09-12 11:52:55,876 [pool-610-thread-1] INFO  impl.RaftServerImpl (RaftServerImpl.java:<init>(93)) - c51fd1b3-2db3-4e28-b21a-7e66a3359c4c: new RaftServerImpl for group-3AA6DA7D4F79:[c51fd1b3-2db3-4e28-b21a-7e66a3359c4c:192.168.157.195:36922] with ContainerStateMachine:uninitialized
2019-09-12 11:52:55,877 [pool-610-thread-1] INFO  server.RaftServerConfigKeys (ConfUtils.java:logGet(43)) - raft.server.rpc.timeout.min = 5s (custom)
2019-09-12 11:52:55,877 [pool-610-thread-1] INFO  server.RaftServerConfigKeys (ConfUtils.java:logGet(43)) - raft.server.rpc.timeout.max = 5200ms (custom)
2019-09-12 11:52:55,877 [pool-610-thread-1] INFO  server.RaftServerConfigKeys (ConfUtils.java:logGet(43)) - raft.server.rpcslowness.timeout = 120s (custom)
2019-09-12 11:52:55,877 [pool-610-thread-1] INFO  server.RaftServerConfigKeys (ConfUtils.java:logGet(43)) - raft.server.sleep.deviation.threshold = 300 (default)
2019-09-12 11:52:55,877 [pool-610-thread-1] INFO  server.RaftServerConfigKeys (ConfUtils.java:logGet(43)) - raft.server.log.appender.install.snapshot.enabled = false (custom)
2019-09-12 11:52:55,877 [pool-610-thread-1] INFO  impl.RaftServerImpl (ServerState.java:<init>(105)) - c51fd1b3-2db3-4e28-b21a-7e66a3359c4c:group-3AA6DA7D4F79 ConfigurationManager, init=-1: [c51fd1b3-2db3-4e28-b21a-7e66a3359c4c:192.168.157.195:36922], old=null, confs=<EMPTY_MAP>
2019-09-12 11:52:55,877 [pool-610-thread-1] INFO  server.RaftServerConfigKeys (ConfUtils.java:logGet(43)) - raft.server.storage.dir = [/workdir/hadoop-ozone/ozonefs/target/test-dir/MiniOzoneClusterImpl-646a9a0c-8e87-4326-8e6b-0cedd78f9de8/datanode-0/data/ratis] (custom)
2019-09-12 11:52:55,878 [pool-610-thread-1] INFO  storage.RaftStorageDirectory (RaftStorageDirectory.java:analyzeStorage(246)) - The storage directory /workdir/hadoop-ozone/ozonefs/target/test-dir/MiniOzoneClusterImpl-646a9a0c-8e87-4326-8e6b-0cedd78f9de8/datanode-0/data/ratis/e24cad6d-510b-4a50-8921-3aa6da7d4f79 does not exist. Creating ...
2019-09-12 11:52:55,891 [pool-610-thread-1] INFO  storage.RaftStorageDirectory (RaftStorageDirectory.java:tryLock(328)) - Lock on /workdir/hadoop-ozone/ozonefs/target/test-dir/MiniOzoneClusterImpl-646a9a0c-8e87-4326-8e6b-0cedd78f9de8/datanode-0/data/ratis/e24cad6d-510b-4a50-8921-3aa6da7d4f79/in_use.lock acquired by nodename 9769@pr-hdds-1569-xtfnx-3545843844
2019-09-12 11:52:55,903 [pool-610-thread-1] INFO  storage.RaftStorage (RaftStorage.java:format(72)) - Storage directory /workdir/hadoop-ozone/ozonefs/target/test-dir/MiniOzoneClusterImpl-646a9a0c-8e87-4326-8e6b-0cedd78f9de8/datanode-0/data/ratis/e24cad6d-510b-4a50-8921-3aa6da7d4f79 has been successfully formatted.
2019-09-12 11:52:55,903 [pool-610-thread-1] INFO  ratis.ContainerStateMachine (ContainerStateMachine.java:loadSnapshot(226)) - group-3AA6DA7D4F79: The snapshot info is null. Setting the last applied indexto:(t:0, i:~)
2019-09-12 11:52:55,903 [pool-610-thread-1] INFO  server.RaftServerConfigKeys (ConfUtils.java:logGet(43)) - raft.server.leader.election.timeout = 120s (custom)
2019-09-12 11:52:55,904 [pool-610-thread-1] INFO  server.RaftServerConfigKeys (ConfUtils.java:logGet(43)) - raft.server.log.use.memory = false (default)
2019-09-12 11:52:55,904 [pool-610-thread-1] INFO  server.RaftServerConfigKeys (ConfUtils.java:logGet(43)) - raft.server.log.purge.gap = 1000000 (custom)
2019-09-12 11:52:55,904 [pool-610-thread-1] INFO  server.RaftServerConfigKeys (ConfUtils.java:logGet(43)) - raft.server.log.appender.buffer.byte-limit = 33554432 (custom)
2019-09-12 11:52:55,904 [pool-610-thread-1] INFO  server.RaftServerConfigKeys (ConfUtils.java:logGet(43)) - raft.server.log.segment.size.max = 1048576 (custom)
2019-09-12 11:52:55,904 [pool-610-thread-1] INFO  server.RaftServerConfigKeys (ConfUtils.java:logGet(43)) - raft.server.log.segment.cache.num.max = 2 (custom)
2019-09-12 11:52:55,904 [pool-610-thread-1] INFO  segmented.SegmentedRaftLogWorker (SegmentedRaftLogWorker.java:<init>(172)) - new c51fd1b3-2db3-4e28-b21a-7e66a3359c4c-SegmentedRaftLogWorker:Storage Directory /workdir/hadoop-ozone/ozonefs/target/test-dir/MiniOzoneClusterImpl-646a9a0c-8e87-4326-8e6b-0cedd78f9de8/datanode-0/data/ratis/e24cad6d-510b-4a50-8921-3aa6da7d4f79 for RaftStorage:Storage Directory /workdir/hadoop-ozone/ozonefs/target/test-dir/MiniOzoneClusterImpl-646a9a0c-8e87-4326-8e6b-0cedd78f9de8/datanode-0/data/ratis/e24cad6d-510b-4a50-8921-3aa6da7d4f79
2019-09-12 11:52:55,904 [pool-610-thread-1] INFO  server.RaftServerConfigKeys (ConfUtils.java:logGet(43)) - raft.server.log.queue.byte-limit = 2147483647 (custom)
2019-09-12 11:52:55,904 [pool-610-thread-1] INFO  server.RaftServerConfigKeys (ConfUtils.java:logGet(43)) - raft.server.log.queue.element-limit = 1024 (custom)
2019-09-12 11:52:55,904 [pool-610-thread-1] INFO  server.RaftServerConfigKeys (ConfUtils.java:logGet(43)) - raft.server.log.segment.size.max = 1048576 (custom)
2019-09-12 11:52:55,904 [pool-610-thread-1] INFO  server.RaftServerConfigKeys (ConfUtils.java:logGet(43)) - raft.server.log.preallocated.size = 16384 (custom)
2019-09-12 11:52:55,904 [pool-610-thread-1] INFO  server.RaftServerConfigKeys (ConfUtils.java:logGet(43)) - raft.server.log.write.buffer.size = 33554432 (custom)
2019-09-12 11:52:55,905 [pool-610-thread-1] INFO  server.RaftServerConfigKeys (ConfUtils.java:logGet(43)) - raft.server.log.force.sync.num = 128 (default)
2019-09-12 11:52:55,905 [pool-610-thread-1] INFO  server.RaftServerConfigKeys (ConfUtils.java:logGet(43)) - raft.server.log.statemachine.data.sync = true (default)
2019-09-12 11:52:55,905 [pool-610-thread-1] INFO  server.RaftServerConfigKeys (ConfUtils.java:logGet(43)) - raft.server.log.statemachine.data.sync.timeout = 10s (default)
2019-09-12 11:52:55,905 [pool-610-thread-1] INFO  server.RaftServerConfigKeys (ConfUtils.java:logGet(43)) - raft.server.log.statemachine.data.sync.timeout.retry = -1 (default)
2019-09-12 11:52:55,905 [pool-610-thread-1] INFO  server.RaftServerConfigKeys (ConfUtils.java:logGet(43)) - raft.server.log.statemachine.data.caching.enabled = true (custom)
2019-09-12 11:52:55,905 [pool-610-thread-1] INFO  segmented.SegmentedRaftLogWorker (SegmentedRaftLogWorker.java:lambda$new$0(132)) - c51fd1b3-2db3-4e28-b21a-7e66a3359c4c-SegmentedRaftLogWorker:Storage Directory /workdir/hadoop-ozone/ozonefs/target/test-dir/MiniOzoneClusterImpl-646a9a0c-8e87-4326-8e6b-0cedd78f9de8/datanode-0/data/ratis/e24cad6d-510b-4a50-8921-3aa6da7d4f79: flushIndex: setUnconditionally 0 -> -1
2019-09-12 11:52:55,905 [pool-610-thread-1] INFO  server.RaftServerConfigKeys (ConfUtils.java:logGet(43)) - raft.server.snapshot.auto.trigger.enabled = true (custom)
2019-09-12 11:52:55,905 [pool-610-thread-1] INFO  server.RaftServerConfigKeys (ConfUtils.java:logGet(43)) - raft.server.snapshot.auto.trigger.threshold = 10000 (custom)
2019-09-12 11:52:55,906 [pool-610-thread-1] INFO  server.RaftServerConfigKeys (ConfUtils.java:logGet(43)) - raft.server.retrycache.expirytime = 600000ms (custom)
2019-09-12 11:52:55,906 [pool-610-thread-1] INFO  impl.RaftServerImpl (RaftServerImpl.java:start(180)) - c51fd1b3-2db3-4e28-b21a-7e66a3359c4c: start group-3AA6DA7D4F79
2019-09-12 11:52:55,906 [pool-610-thread-1] INFO  impl.RaftServerImpl (RaftServerImpl.java:setRole(171)) - c51fd1b3-2db3-4e28-b21a-7e66a3359c4c:group-3AA6DA7D4F79 changes role from null to FOLLOWER at term 0 for startAsFollower
2019-09-12 11:52:55,906 [pool-610-thread-1] INFO  impl.RoleInfo (RoleInfo.java:updateAndGet(143)) - c51fd1b3-2db3-4e28-b21a-7e66a3359c4c: start FollowerState
2019-09-12 11:52:55,906 [pool-610-thread-1] INFO  util.JmxRegister (JmxRegister.java:tryRegister(44)) - Successfully registered JMX Bean with object name Ratis:service=RaftServer,group=group-3AA6DA7D4F79,id=c51fd1b3-2db3-4e28-b21a-7e66a3359c4c
2019-09-12 11:52:55,908 [RatisPipelineUtilsThread] INFO  pipeline.PipelineStateManager (PipelineStateManager.java:addPipeline(56)) - Created pipeline Pipeline[ Id: e24cad6d-510b-4a50-8921-3aa6da7d4f79, Nodes: c51fd1b3-2db3-4e28-b21a-7e66a3359c4c{ip: 192.168.157.195, host: pr-hdds-1569-xtfnx-3545843844, networkLocation: /default-rack, certSerialId: null}, Type:RATIS, Factor:ONE, State:OPEN]
2019-09-12 11:52:55,909 [IPC Server handler 1 on 40878] INFO  net.NetworkTopology (NetworkTopologyImpl.java:add(110)) - Added a new node: /default-rack/e22a5129-42d8-4cd6-b866-283bf38ecbc9
2019-09-12 11:52:55,909 [IPC Server handler 1 on 40878] INFO  node.SCMNodeManager (SCMNodeManager.java:register(273)) - Registered Data node : e22a5129-42d8-4cd6-b866-283bf38ecbc9{ip: 192.168.157.195, host: pr-hdds-1569-xtfnx-3545843844, networkLocation: /default-rack, certSerialId: null}
2019-09-12 11:52:55,909 | INFO  | SCMAudit | user=jenkins1000 | ip=192.168.157.195 | op=REGISTER {datanodeDetails=e22a5129-42d8-4cd6-b866-283bf38ecbc9{ip: 192.168.157.195, host: pr-hdds-1569-xtfnx-3545843844, networkLocation: /default-rack, certSerialId: null}} | ret=SUCCESS |  
2019-09-12 11:52:55,912 [grpc-default-executor-0] INFO  impl.RaftServerProxy (RaftServerProxy.java:addNew(89)) - c51fd1b3-2db3-4e28-b21a-7e66a3359c4c: addNew group-5DB7562F2AA0:[c51fd1b3-2db3-4e28-b21a-7e66a3359c4c:192.168.157.195:36922] returns group-5DB7562F2AA0:java.util.concurrent.CompletableFuture@15a7a45f[Not completed]
2019-09-12 11:52:55,912 [pool-610-thread-1] INFO  impl.RaftServerImpl (RaftServerImpl.java:<init>(93)) - c51fd1b3-2db3-4e28-b21a-7e66a3359c4c: new RaftServerImpl for group-5DB7562F2AA0:[c51fd1b3-2db3-4e28-b21a-7e66a3359c4c:192.168.157.195:36922] with ContainerStateMachine:uninitialized
2019-09-12 11:52:55,913 [pool-610-thread-1] INFO  server.RaftServerConfigKeys (ConfUtils.java:logGet(43)) - raft.server.rpc.timeout.min = 5s (custom)
2019-09-12 11:52:55,913 [pool-610-thread-1] INFO  server.RaftServerConfigKeys (ConfUtils.java:logGet(43)) - raft.server.rpc.timeout.max = 5200ms (custom)
2019-09-12 11:52:55,913 [pool-610-thread-1] INFO  server.RaftServerConfigKeys (ConfUtils.java:logGet(43)) - raft.server.rpcslowness.timeout = 120s (custom)
2019-09-12 11:52:55,913 [pool-610-thread-1] INFO  server.RaftServerConfigKeys (ConfUtils.java:logGet(43)) - raft.server.sleep.deviation.threshold = 300 (default)
2019-09-12 11:52:55,913 [pool-610-thread-1] INFO  server.RaftServerConfigKeys (ConfUtils.java:logGet(43)) - raft.server.log.appender.install.snapshot.enabled = false (custom)
2019-09-12 11:52:55,913 [pool-610-thread-1] INFO  impl.RaftServerImpl (ServerState.java:<init>(105)) - c51fd1b3-2db3-4e28-b21a-7e66a3359c4c:group-5DB7562F2AA0 ConfigurationManager, init=-1: [c51fd1b3-2db3-4e28-b21a-7e66a3359c4c:192.168.157.195:36922], old=null, confs=<EMPTY_MAP>
2019-09-12 11:52:55,913 [pool-610-thread-1] INFO  server.RaftServerConfigKeys (ConfUtils.java:logGet(43)) - raft.server.storage.dir = [/workdir/hadoop-ozone/ozonefs/target/test-dir/MiniOzoneClusterImpl-646a9a0c-8e87-4326-8e6b-0cedd78f9de8/datanode-0/data/ratis] (custom)
2019-09-12 11:52:55,913 [pool-610-thread-1] INFO  storage.RaftStorageDirectory (RaftStorageDirectory.java:analyzeStorage(246)) - The storage directory /workdir/hadoop-ozone/ozonefs/target/test-dir/MiniOzoneClusterImpl-646a9a0c-8e87-4326-8e6b-0cedd78f9de8/datanode-0/data/ratis/d562fdd0-3f7c-4673-86e9-5db7562f2aa0 does not exist. Creating ...
2019-09-12 11:52:55,926 [pool-610-thread-1] INFO  storage.RaftStorageDirectory (RaftStorageDirectory.java:tryLock(328)) - Lock on /workdir/hadoop-ozone/ozonefs/target/test-dir/MiniOzoneClusterImpl-646a9a0c-8e87-4326-8e6b-0cedd78f9de8/datanode-0/data/ratis/d562fdd0-3f7c-4673-86e9-5db7562f2aa0/in_use.lock acquired by nodename 9769@pr-hdds-1569-xtfnx-3545843844
2019-09-12 11:52:55,929 [pool-610-thread-1] INFO  storage.RaftStorage (RaftStorage.java:format(72)) - Storage directory /workdir/hadoop-ozone/ozonefs/target/test-dir/MiniOzoneClusterImpl-646a9a0c-8e87-4326-8e6b-0cedd78f9de8/datanode-0/data/ratis/d562fdd0-3f7c-4673-86e9-5db7562f2aa0 has been successfully formatted.
2019-09-12 11:52:55,929 [pool-610-thread-1] INFO  ratis.ContainerStateMachine (ContainerStateMachine.java:loadSnapshot(226)) - group-5DB7562F2AA0: The snapshot info is null. Setting the last applied indexto:(t:0, i:~)
2019-09-12 11:52:55,929 [pool-610-thread-1] INFO  server.RaftServerConfigKeys (ConfUtils.java:logGet(43)) - raft.server.leader.election.timeout = 120s (custom)
2019-09-12 11:52:55,929 [pool-610-thread-1] INFO  server.RaftServerConfigKeys (ConfUtils.java:logGet(43)) - raft.server.log.use.memory = false (default)
2019-09-12 11:52:55,929 [pool-610-thread-1] INFO  server.RaftServerConfigKeys (ConfUtils.java:logGet(43)) - raft.server.log.purge.gap = 1000000 (custom)
2019-09-12 11:52:55,929 [pool-610-thread-1] INFO  server.RaftServerConfigKeys (ConfUtils.java:logGet(43)) - raft.server.log.appender.buffer.byte-limit = 33554432 (custom)
2019-09-12 11:52:55,929 [pool-610-thread-1] INFO  server.RaftServerConfigKeys (ConfUtils.java:logGet(43)) - raft.server.log.segment.size.max = 1048576 (custom)
2019-09-12 11:52:55,929 [pool-610-thread-1] INFO  server.RaftServerConfigKeys (ConfUtils.java:logGet(43)) - raft.server.log.segment.cache.num.max = 2 (custom)
2019-09-12 11:52:55,929 [pool-610-thread-1] INFO  segmented.SegmentedRaftLogWorker (SegmentedRaftLogWorker.java:<init>(172)) - new c51fd1b3-2db3-4e28-b21a-7e66a3359c4c-SegmentedRaftLogWorker:Storage Directory /workdir/hadoop-ozone/ozonefs/target/test-dir/MiniOzoneClusterImpl-646a9a0c-8e87-4326-8e6b-0cedd78f9de8/datanode-0/data/ratis/d562fdd0-3f7c-4673-86e9-5db7562f2aa0 for RaftStorage:Storage Directory /workdir/hadoop-ozone/ozonefs/target/test-dir/MiniOzoneClusterImpl-646a9a0c-8e87-4326-8e6b-0cedd78f9de8/datanode-0/data/ratis/d562fdd0-3f7c-4673-86e9-5db7562f2aa0
2019-09-12 11:52:55,930 [pool-610-thread-1] INFO  server.RaftServerConfigKeys (ConfUtils.java:logGet(43)) - raft.server.log.queue.byte-limit = 2147483647 (custom)
2019-09-12 11:52:55,930 [pool-610-thread-1] INFO  server.RaftServerConfigKeys (ConfUtils.java:logGet(43)) - raft.server.log.queue.element-limit = 1024 (custom)
2019-09-12 11:52:55,930 [pool-610-thread-1] INFO  server.RaftServerConfigKeys (ConfUtils.java:logGet(43)) - raft.server.log.segment.size.max = 1048576 (custom)
2019-09-12 11:52:55,930 [pool-610-thread-1] INFO  server.RaftServerConfigKeys (ConfUtils.java:logGet(43)) - raft.server.log.preallocated.size = 16384 (custom)
2019-09-12 11:52:55,930 [pool-610-thread-1] INFO  server.RaftServerConfigKeys (ConfUtils.java:logGet(43)) - raft.server.log.write.buffer.size = 33554432 (custom)
2019-09-12 11:52:55,930 [pool-610-thread-1] INFO  server.RaftServerConfigKeys (ConfUtils.java:logGet(43)) - raft.server.log.force.sync.num = 128 (default)
2019-09-12 11:52:55,930 [pool-610-thread-1] INFO  server.RaftServerConfigKeys (ConfUtils.java:logGet(43)) - raft.server.log.statemachine.data.sync = true (default)
2019-09-12 11:52:55,930 [pool-610-thread-1] INFO  server.RaftServerConfigKeys (ConfUtils.java:logGet(43)) - raft.server.log.statemachine.data.sync.timeout = 10s (default)
2019-09-12 11:52:55,930 [pool-610-thread-1] INFO  server.RaftServerConfigKeys (ConfUtils.java:logGet(43)) - raft.server.log.statemachine.data.sync.timeout.retry = -1 (default)
2019-09-12 11:52:55,930 [pool-610-thread-1] INFO  server.RaftServerConfigKeys (ConfUtils.java:logGet(43)) - raft.server.log.statemachine.data.caching.enabled = true (custom)
2019-09-12 11:52:55,930 [pool-610-thread-1] INFO  segmented.SegmentedRaftLogWorker (SegmentedRaftLogWorker.java:lambda$new$0(132)) - c51fd1b3-2db3-4e28-b21a-7e66a3359c4c-SegmentedRaftLogWorker:Storage Directory /workdir/hadoop-ozone/ozonefs/target/test-dir/MiniOzoneClusterImpl-646a9a0c-8e87-4326-8e6b-0cedd78f9de8/datanode-0/data/ratis/d562fdd0-3f7c-4673-86e9-5db7562f2aa0: flushIndex: setUnconditionally 0 -> -1
2019-09-12 11:52:55,931 [pool-610-thread-1] INFO  server.RaftServerConfigKeys (ConfUtils.java:logGet(43)) - raft.server.snapshot.auto.trigger.enabled = true (custom)
2019-09-12 11:52:55,931 [pool-610-thread-1] INFO  server.RaftServerConfigKeys (ConfUtils.java:logGet(43)) - raft.server.snapshot.auto.trigger.threshold = 10000 (custom)
2019-09-12 11:52:55,931 [pool-610-thread-1] INFO  server.RaftServerConfigKeys (ConfUtils.java:logGet(43)) - raft.server.retrycache.expirytime = 600000ms (custom)
2019-09-12 11:52:55,931 [pool-610-thread-1] INFO  impl.RaftServerImpl (RaftServerImpl.java:start(180)) - c51fd1b3-2db3-4e28-b21a-7e66a3359c4c: start group-5DB7562F2AA0
2019-09-12 11:52:55,931 [pool-610-thread-1] INFO  impl.RaftServerImpl (RaftServerImpl.java:setRole(171)) - c51fd1b3-2db3-4e28-b21a-7e66a3359c4c:group-5DB7562F2AA0 changes role from null to FOLLOWER at term 0 for startAsFollower
2019-09-12 11:52:55,931 [pool-610-thread-1] INFO  impl.RoleInfo (RoleInfo.java:updateAndGet(143)) - c51fd1b3-2db3-4e28-b21a-7e66a3359c4c: start FollowerState
2019-09-12 11:52:55,931 [pool-610-thread-1] INFO  util.JmxRegister (JmxRegister.java:tryRegister(44)) - Successfully registered JMX Bean with object name Ratis:service=RaftServer,group=group-5DB7562F2AA0,id=c51fd1b3-2db3-4e28-b21a-7e66a3359c4c
2019-09-12 11:52:55,933 [RatisPipelineUtilsThread] INFO  pipeline.PipelineStateManager (PipelineStateManager.java:addPipeline(56)) - Created pipeline Pipeline[ Id: d562fdd0-3f7c-4673-86e9-5db7562f2aa0, Nodes: c51fd1b3-2db3-4e28-b21a-7e66a3359c4c{ip: 192.168.157.195, host: pr-hdds-1569-xtfnx-3545843844, networkLocation: /default-rack, certSerialId: null}, Type:RATIS, Factor:ONE, State:OPEN]
2019-09-12 11:52:55,933 [RatisPipelineUtilsThread] ERROR pipeline.PipelinePlacementPolicy (PipelinePlacementPolicy.java:meetCriteria(91)) - Pipeline Placement: Doesn't meet the criteria to be viable node. Heaviness: 6
2019-09-12 11:52:55,939 [grpc-default-executor-0] INFO  impl.RaftServerProxy (RaftServerProxy.java:addNew(89)) - e22a5129-42d8-4cd6-b866-283bf38ecbc9: addNew group-9E232FCD3343:[e22a5129-42d8-4cd6-b866-283bf38ecbc9:192.168.157.195:33451] returns group-9E232FCD3343:java.util.concurrent.CompletableFuture@33216f09[Not completed]
2019-09-12 11:52:55,940 [pool-621-thread-1] INFO  impl.RaftServerImpl (RaftServerImpl.java:<init>(93)) - e22a5129-42d8-4cd6-b866-283bf38ecbc9: new RaftServerImpl for group-9E232FCD3343:[e22a5129-42d8-4cd6-b866-283bf38ecbc9:192.168.157.195:33451] with ContainerStateMachine:uninitialized
2019-09-12 11:52:55,940 [pool-621-thread-1] INFO  server.RaftServerConfigKeys (ConfUtils.java:logGet(43)) - raft.server.rpc.timeout.min = 5s (custom)
2019-09-12 11:52:55,940 [pool-621-thread-1] INFO  server.RaftServerConfigKeys (ConfUtils.java:logGet(43)) - raft.server.rpc.timeout.max = 5200ms (custom)
2019-09-12 11:52:55,940 [pool-621-thread-1] INFO  server.RaftServerConfigKeys (ConfUtils.java:logGet(43)) - raft.server.rpcslowness.timeout = 120s (custom)
2019-09-12 11:52:55,940 [pool-621-thread-1] INFO  server.RaftServerConfigKeys (ConfUtils.java:logGet(43)) - raft.server.sleep.deviation.threshold = 300 (default)
2019-09-12 11:52:55,940 [pool-621-thread-1] INFO  server.RaftServerConfigKeys (ConfUtils.java:logGet(43)) - raft.server.log.appender.install.snapshot.enabled = false (custom)
2019-09-12 11:52:55,940 [pool-621-thread-1] INFO  impl.RaftServerImpl (ServerState.java:<init>(105)) - e22a5129-42d8-4cd6-b866-283bf38ecbc9:group-9E232FCD3343 ConfigurationManager, init=-1: [e22a5129-42d8-4cd6-b866-283bf38ecbc9:192.168.157.195:33451], old=null, confs=<EMPTY_MAP>
2019-09-12 11:52:55,940 [pool-621-thread-1] INFO  server.RaftServerConfigKeys (ConfUtils.java:logGet(43)) - raft.server.storage.dir = [/workdir/hadoop-ozone/ozonefs/target/test-dir/MiniOzoneClusterImpl-646a9a0c-8e87-4326-8e6b-0cedd78f9de8/datanode-1/data/ratis] (custom)
2019-09-12 11:52:55,941 [pool-621-thread-1] INFO  storage.RaftStorageDirectory (RaftStorageDirectory.java:analyzeStorage(246)) - The storage directory /workdir/hadoop-ozone/ozonefs/target/test-dir/MiniOzoneClusterImpl-646a9a0c-8e87-4326-8e6b-0cedd78f9de8/datanode-1/data/ratis/3fb2e59d-b480-4e1d-ae5d-9e232fcd3343 does not exist. Creating ...
2019-09-12 11:52:55,944 [pool-621-thread-1] INFO  storage.RaftStorageDirectory (RaftStorageDirectory.java:tryLock(328)) - Lock on /workdir/hadoop-ozone/ozonefs/target/test-dir/MiniOzoneClusterImpl-646a9a0c-8e87-4326-8e6b-0cedd78f9de8/datanode-1/data/ratis/3fb2e59d-b480-4e1d-ae5d-9e232fcd3343/in_use.lock acquired by nodename 9769@pr-hdds-1569-xtfnx-3545843844
2019-09-12 11:52:55,947 [pool-621-thread-1] INFO  storage.RaftStorage (RaftStorage.java:format(72)) - Storage directory /workdir/hadoop-ozone/ozonefs/target/test-dir/MiniOzoneClusterImpl-646a9a0c-8e87-4326-8e6b-0cedd78f9de8/datanode-1/data/ratis/3fb2e59d-b480-4e1d-ae5d-9e232fcd3343 has been successfully formatted.
2019-09-12 11:52:55,948 [pool-621-thread-1] INFO  ratis.ContainerStateMachine (ContainerStateMachine.java:loadSnapshot(226)) - group-9E232FCD3343: The snapshot info is null. Setting the last applied indexto:(t:0, i:~)
2019-09-12 11:52:55,948 [pool-621-thread-1] INFO  server.RaftServerConfigKeys (ConfUtils.java:logGet(43)) - raft.server.leader.election.timeout = 120s (custom)
2019-09-12 11:52:55,948 [pool-621-thread-1] INFO  server.RaftServerConfigKeys (ConfUtils.java:logGet(43)) - raft.server.log.use.memory = false (default)
2019-09-12 11:52:55,948 [pool-621-thread-1] INFO  server.RaftServerConfigKeys (ConfUtils.java:logGet(43)) - raft.server.log.purge.gap = 1000000 (custom)
2019-09-12 11:52:55,948 [pool-621-thread-1] INFO  server.RaftServerConfigKeys (ConfUtils.java:logGet(43)) - raft.server.log.appender.buffer.byte-limit = 33554432 (custom)
2019-09-12 11:52:55,948 [pool-621-thread-1] INFO  server.RaftServerConfigKeys (ConfUtils.java:logGet(43)) - raft.server.log.segment.size.max = 1048576 (custom)
2019-09-12 11:52:55,949 [pool-621-thread-1] INFO  server.RaftServerConfigKeys (ConfUtils.java:logGet(43)) - raft.server.log.segment.cache.num.max = 2 (custom)
2019-09-12 11:52:55,949 [pool-621-thread-1] INFO  segmented.SegmentedRaftLogWorker (SegmentedRaftLogWorker.java:<init>(172)) - new e22a5129-42d8-4cd6-b866-283bf38ecbc9-SegmentedRaftLogWorker:Storage Directory /workdir/hadoop-ozone/ozonefs/target/test-dir/MiniOzoneClusterImpl-646a9a0c-8e87-4326-8e6b-0cedd78f9de8/datanode-1/data/ratis/3fb2e59d-b480-4e1d-ae5d-9e232fcd3343 for RaftStorage:Storage Directory /workdir/hadoop-ozone/ozonefs/target/test-dir/MiniOzoneClusterImpl-646a9a0c-8e87-4326-8e6b-0cedd78f9de8/datanode-1/data/ratis/3fb2e59d-b480-4e1d-ae5d-9e232fcd3343
2019-09-12 11:52:55,949 [pool-621-thread-1] INFO  server.RaftServerConfigKeys (ConfUtils.java:logGet(43)) - raft.server.log.queue.byte-limit = 2147483647 (custom)
2019-09-12 11:52:55,949 [pool-621-thread-1] INFO  server.RaftServerConfigKeys (ConfUtils.java:logGet(43)) - raft.server.log.queue.element-limit = 1024 (custom)
2019-09-12 11:52:55,949 [pool-621-thread-1] INFO  server.RaftServerConfigKeys (ConfUtils.java:logGet(43)) - raft.server.log.segment.size.max = 1048576 (custom)
2019-09-12 11:52:55,949 [pool-621-thread-1] INFO  server.RaftServerConfigKeys (ConfUtils.java:logGet(43)) - raft.server.log.preallocated.size = 16384 (custom)
2019-09-12 11:52:55,949 [pool-621-thread-1] INFO  server.RaftServerConfigKeys (ConfUtils.java:logGet(43)) - raft.server.log.write.buffer.size = 33554432 (custom)
2019-09-12 11:52:55,950 [pool-621-thread-1] INFO  server.RaftServerConfigKeys (ConfUtils.java:logGet(43)) - raft.server.log.force.sync.num = 128 (default)
2019-09-12 11:52:55,950 [pool-621-thread-1] INFO  server.RaftServerConfigKeys (ConfUtils.java:logGet(43)) - raft.server.log.statemachine.data.sync = true (default)
2019-09-12 11:52:55,950 [pool-621-thread-1] INFO  server.RaftServerConfigKeys (ConfUtils.java:logGet(43)) - raft.server.log.statemachine.data.sync.timeout = 10s (default)
2019-09-12 11:52:55,950 [pool-621-thread-1] INFO  server.RaftServerConfigKeys (ConfUtils.java:logGet(43)) - raft.server.log.statemachine.data.sync.timeout.retry = -1 (default)
2019-09-12 11:52:55,950 [pool-621-thread-1] INFO  server.RaftServerConfigKeys (ConfUtils.java:logGet(43)) - raft.server.log.statemachine.data.caching.enabled = true (custom)
2019-09-12 11:52:55,950 [pool-621-thread-1] INFO  segmented.SegmentedRaftLogWorker (SegmentedRaftLogWorker.java:lambda$new$0(132)) - e22a5129-42d8-4cd6-b866-283bf38ecbc9-SegmentedRaftLogWorker:Storage Directory /workdir/hadoop-ozone/ozonefs/target/test-dir/MiniOzoneClusterImpl-646a9a0c-8e87-4326-8e6b-0cedd78f9de8/datanode-1/data/ratis/3fb2e59d-b480-4e1d-ae5d-9e232fcd3343: flushIndex: setUnconditionally 0 -> -1
2019-09-12 11:52:55,951 [pool-621-thread-1] INFO  server.RaftServerConfigKeys (ConfUtils.java:logGet(43)) - raft.server.snapshot.auto.trigger.enabled = true (custom)
2019-09-12 11:52:55,951 [pool-621-thread-1] INFO  server.RaftServerConfigKeys (ConfUtils.java:logGet(43)) - raft.server.snapshot.auto.trigger.threshold = 10000 (custom)
2019-09-12 11:52:55,951 [pool-621-thread-1] INFO  server.RaftServerConfigKeys (ConfUtils.java:logGet(43)) - raft.server.retrycache.expirytime = 600000ms (custom)
2019-09-12 11:52:55,951 [pool-621-thread-1] INFO  impl.RaftServerImpl (RaftServerImpl.java:start(180)) - e22a5129-42d8-4cd6-b866-283bf38ecbc9: start group-9E232FCD3343
2019-09-12 11:52:55,951 [pool-621-thread-1] INFO  impl.RaftServerImpl (RaftServerImpl.java:setRole(171)) - e22a5129-42d8-4cd6-b866-283bf38ecbc9:group-9E232FCD3343 changes role from null to FOLLOWER at term 0 for startAsFollower
2019-09-12 11:52:55,951 [pool-621-thread-1] INFO  impl.RoleInfo (RoleInfo.java:updateAndGet(143)) - e22a5129-42d8-4cd6-b866-283bf38ecbc9: start FollowerState
2019-09-12 11:52:55,952 [pool-621-thread-1] INFO  util.JmxRegister (JmxRegister.java:tryRegister(44)) - Successfully registered JMX Bean with object name Ratis:service=RaftServer,group=group-9E232FCD3343,id=e22a5129-42d8-4cd6-b866-283bf38ecbc9
2019-09-12 11:52:55,953 [RatisPipelineUtilsThread] INFO  pipeline.PipelineStateManager (PipelineStateManager.java:addPipeline(56)) - Created pipeline Pipeline[ Id: 3fb2e59d-b480-4e1d-ae5d-9e232fcd3343, Nodes: e22a5129-42d8-4cd6-b866-283bf38ecbc9{ip: 192.168.157.195, host: pr-hdds-1569-xtfnx-3545843844, networkLocation: /default-rack, certSerialId: null}, Type:RATIS, Factor:ONE, State:OPEN]
2019-09-12 11:52:55,954 [RatisPipelineUtilsThread] ERROR pipeline.PipelinePlacementPolicy (PipelinePlacementPolicy.java:meetCriteria(91)) - Pipeline Placement: Doesn't meet the criteria to be viable node. Heaviness: 6
2019-09-12 11:52:55,957 [grpc-default-executor-0] INFO  impl.RaftServerProxy (RaftServerProxy.java:addNew(89)) - e22a5129-42d8-4cd6-b866-283bf38ecbc9: addNew group-7B946DCD04E1:[e22a5129-42d8-4cd6-b866-283bf38ecbc9:192.168.157.195:33451] returns group-7B946DCD04E1:java.util.concurrent.CompletableFuture@132d4dc2[Not completed]
2019-09-12 11:52:55,958 [pool-621-thread-1] INFO  impl.RaftServerImpl (RaftServerImpl.java:<init>(93)) - e22a5129-42d8-4cd6-b866-283bf38ecbc9: new RaftServerImpl for group-7B946DCD04E1:[e22a5129-42d8-4cd6-b866-283bf38ecbc9:192.168.157.195:33451] with ContainerStateMachine:uninitialized
2019-09-12 11:52:55,958 [pool-621-thread-1] INFO  server.RaftServerConfigKeys (ConfUtils.java:logGet(43)) - raft.server.rpc.timeout.min = 5s (custom)
2019-09-12 11:52:55,958 [pool-621-thread-1] INFO  server.RaftServerConfigKeys (ConfUtils.java:logGet(43)) - raft.server.rpc.timeout.max = 5200ms (custom)
2019-09-12 11:52:55,958 [pool-621-thread-1] INFO  server.RaftServerConfigKeys (ConfUtils.java:logGet(43)) - raft.server.rpcslowness.timeout = 120s (custom)
2019-09-12 11:52:55,958 [pool-621-thread-1] INFO  server.RaftServerConfigKeys (ConfUtils.java:logGet(43)) - raft.server.sleep.deviation.threshold = 300 (default)
2019-09-12 11:52:55,959 [pool-621-thread-1] INFO  server.RaftServerConfigKeys (ConfUtils.java:logGet(43)) - raft.server.log.appender.install.snapshot.enabled = false (custom)
2019-09-12 11:52:55,959 [pool-621-thread-1] INFO  impl.RaftServerImpl (ServerState.java:<init>(105)) - e22a5129-42d8-4cd6-b866-283bf38ecbc9:group-7B946DCD04E1 ConfigurationManager, init=-1: [e22a5129-42d8-4cd6-b866-283bf38ecbc9:192.168.157.195:33451], old=null, confs=<EMPTY_MAP>
2019-09-12 11:52:55,959 [pool-621-thread-1] INFO  server.RaftServerConfigKeys (ConfUtils.java:logGet(43)) - raft.server.storage.dir = [/workdir/hadoop-ozone/ozonefs/target/test-dir/MiniOzoneClusterImpl-646a9a0c-8e87-4326-8e6b-0cedd78f9de8/datanode-1/data/ratis] (custom)
2019-09-12 11:52:55,959 [pool-621-thread-1] INFO  storage.RaftStorageDirectory (RaftStorageDirectory.java:analyzeStorage(246)) - The storage directory /workdir/hadoop-ozone/ozonefs/target/test-dir/MiniOzoneClusterImpl-646a9a0c-8e87-4326-8e6b-0cedd78f9de8/datanode-1/data/ratis/9be5d055-ddfc-4612-a010-7b946dcd04e1 does not exist. Creating ...
2019-09-12 11:52:55,971 [pool-621-thread-1] INFO  storage.RaftStorageDirectory (RaftStorageDirectory.java:tryLock(328)) - Lock on /workdir/hadoop-ozone/ozonefs/target/test-dir/MiniOzoneClusterImpl-646a9a0c-8e87-4326-8e6b-0cedd78f9de8/datanode-1/data/ratis/9be5d055-ddfc-4612-a010-7b946dcd04e1/in_use.lock acquired by nodename 9769@pr-hdds-1569-xtfnx-3545843844
2019-09-12 11:52:55,975 [pool-621-thread-1] INFO  storage.RaftStorage (RaftStorage.java:format(72)) - Storage directory /workdir/hadoop-ozone/ozonefs/target/test-dir/MiniOzoneClusterImpl-646a9a0c-8e87-4326-8e6b-0cedd78f9de8/datanode-1/data/ratis/9be5d055-ddfc-4612-a010-7b946dcd04e1 has been successfully formatted.
2019-09-12 11:52:55,976 [pool-621-thread-1] INFO  ratis.ContainerStateMachine (ContainerStateMachine.java:loadSnapshot(226)) - group-7B946DCD04E1: The snapshot info is null. Setting the last applied indexto:(t:0, i:~)
2019-09-12 11:52:55,976 [pool-621-thread-1] INFO  server.RaftServerConfigKeys (ConfUtils.java:logGet(43)) - raft.server.leader.election.timeout = 120s (custom)
2019-09-12 11:52:55,976 [pool-621-thread-1] INFO  server.RaftServerConfigKeys (ConfUtils.java:logGet(43)) - raft.server.log.use.memory = false (default)
2019-09-12 11:52:55,976 [pool-621-thread-1] INFO  server.RaftServerConfigKeys (ConfUtils.java:logGet(43)) - raft.server.log.purge.gap = 1000000 (custom)
2019-09-12 11:52:55,976 [pool-621-thread-1] INFO  server.RaftServerConfigKeys (ConfUtils.java:logGet(43)) - raft.server.log.appender.buffer.byte-limit = 33554432 (custom)
2019-09-12 11:52:55,976 [pool-621-thread-1] INFO  server.RaftServerConfigKeys (ConfUtils.java:logGet(43)) - raft.server.log.segment.size.max = 1048576 (custom)
2019-09-12 11:52:55,976 [pool-621-thread-1] INFO  server.RaftServerConfigKeys (ConfUtils.java:logGet(43)) - raft.server.log.segment.cache.num.max = 2 (custom)
2019-09-12 11:52:55,976 [pool-621-thread-1] INFO  segmented.SegmentedRaftLogWorker (SegmentedRaftLogWorker.java:<init>(172)) - new e22a5129-42d8-4cd6-b866-283bf38ecbc9-SegmentedRaftLogWorker:Storage Directory /workdir/hadoop-ozone/ozonefs/target/test-dir/MiniOzoneClusterImpl-646a9a0c-8e87-4326-8e6b-0cedd78f9de8/datanode-1/data/ratis/9be5d055-ddfc-4612-a010-7b946dcd04e1 for RaftStorage:Storage Directory /workdir/hadoop-ozone/ozonefs/target/test-dir/MiniOzoneClusterImpl-646a9a0c-8e87-4326-8e6b-0cedd78f9de8/datanode-1/data/ratis/9be5d055-ddfc-4612-a010-7b946dcd04e1
2019-09-12 11:52:55,976 [pool-621-thread-1] INFO  server.RaftServerConfigKeys (ConfUtils.java:logGet(43)) - raft.server.log.queue.byte-limit = 2147483647 (custom)
2019-09-12 11:52:55,976 [pool-621-thread-1] INFO  server.RaftServerConfigKeys (ConfUtils.java:logGet(43)) - raft.server.log.queue.element-limit = 1024 (custom)
2019-09-12 11:52:55,976 [pool-621-thread-1] INFO  server.RaftServerConfigKeys (ConfUtils.java:logGet(43)) - raft.server.log.segment.size.max = 1048576 (custom)
2019-09-12 11:52:55,977 [pool-621-thread-1] INFO  server.RaftServerConfigKeys (ConfUtils.java:logGet(43)) - raft.server.log.preallocated.size = 16384 (custom)
2019-09-12 11:52:55,977 [pool-621-thread-1] INFO  server.RaftServerConfigKeys (ConfUtils.java:logGet(43)) - raft.server.log.write.buffer.size = 33554432 (custom)
2019-09-12 11:52:55,977 [pool-621-thread-1] INFO  server.RaftServerConfigKeys (ConfUtils.java:logGet(43)) - raft.server.log.force.sync.num = 128 (default)
2019-09-12 11:52:55,977 [pool-621-thread-1] INFO  server.RaftServerConfigKeys (ConfUtils.java:logGet(43)) - raft.server.log.statemachine.data.sync = true (default)
2019-09-12 11:52:55,977 [pool-621-thread-1] INFO  server.RaftServerConfigKeys (ConfUtils.java:logGet(43)) - raft.server.log.statemachine.data.sync.timeout = 10s (default)
2019-09-12 11:52:55,977 [pool-621-thread-1] INFO  server.RaftServerConfigKeys (ConfUtils.java:logGet(43)) - raft.server.log.statemachine.data.sync.timeout.retry = -1 (default)
2019-09-12 11:52:55,977 [pool-621-thread-1] INFO  server.RaftServerConfigKeys (ConfUtils.java:logGet(43)) - raft.server.log.statemachine.data.caching.enabled = true (custom)
2019-09-12 11:52:55,977 [pool-621-thread-1] INFO  segmented.SegmentedRaftLogWorker (SegmentedRaftLogWorker.java:lambda$new$0(132)) - e22a5129-42d8-4cd6-b866-283bf38ecbc9-SegmentedRaftLogWorker:Storage Directory /workdir/hadoop-ozone/ozonefs/target/test-dir/MiniOzoneClusterImpl-646a9a0c-8e87-4326-8e6b-0cedd78f9de8/datanode-1/data/ratis/9be5d055-ddfc-4612-a010-7b946dcd04e1: flushIndex: setUnconditionally 0 -> -1
2019-09-12 11:52:55,977 [pool-621-thread-1] INFO  server.RaftServerConfigKeys (ConfUtils.java:logGet(43)) - raft.server.snapshot.auto.trigger.enabled = true (custom)
2019-09-12 11:52:55,978 [pool-621-thread-1] INFO  server.RaftServerConfigKeys (ConfUtils.java:logGet(43)) - raft.server.snapshot.auto.trigger.threshold = 10000 (custom)
2019-09-12 11:52:55,978 [pool-621-thread-1] INFO  server.RaftServerConfigKeys (ConfUtils.java:logGet(43)) - raft.server.retrycache.expirytime = 600000ms (custom)
2019-09-12 11:52:55,978 [pool-621-thread-1] INFO  impl.RaftServerImpl (RaftServerImpl.java:start(180)) - e22a5129-42d8-4cd6-b866-283bf38ecbc9: start group-7B946DCD04E1
2019-09-12 11:52:55,978 [pool-621-thread-1] INFO  impl.RaftServerImpl (RaftServerImpl.java:setRole(171)) - e22a5129-42d8-4cd6-b866-283bf38ecbc9:group-7B946DCD04E1 changes role from null to FOLLOWER at term 0 for startAsFollower
2019-09-12 11:52:55,978 [pool-621-thread-1] INFO  impl.RoleInfo (RoleInfo.java:updateAndGet(143)) - e22a5129-42d8-4cd6-b866-283bf38ecbc9: start FollowerState
2019-09-12 11:52:55,978 [pool-621-thread-1] INFO  util.JmxRegister (JmxRegister.java:tryRegister(44)) - Successfully registered JMX Bean with object name Ratis:service=RaftServer,group=group-7B946DCD04E1,id=e22a5129-42d8-4cd6-b866-283bf38ecbc9
2019-09-12 11:52:55,980 [RatisPipelineUtilsThread] INFO  pipeline.PipelineStateManager (PipelineStateManager.java:addPipeline(56)) - Created pipeline Pipeline[ Id: 9be5d055-ddfc-4612-a010-7b946dcd04e1, Nodes: e22a5129-42d8-4cd6-b866-283bf38ecbc9{ip: 192.168.157.195, host: pr-hdds-1569-xtfnx-3545843844, networkLocation: /default-rack, certSerialId: null}, Type:RATIS, Factor:ONE, State:OPEN]
2019-09-12 11:52:55,980 [RatisPipelineUtilsThread] ERROR pipeline.PipelinePlacementPolicy (PipelinePlacementPolicy.java:meetCriteria(91)) - Pipeline Placement: Doesn't meet the criteria to be viable node. Heaviness: 6
2019-09-12 11:52:55,984 [grpc-default-executor-0] INFO  impl.RaftServerProxy (RaftServerProxy.java:addNew(89)) - e22a5129-42d8-4cd6-b866-283bf38ecbc9: addNew group-19EC28189B30:[e22a5129-42d8-4cd6-b866-283bf38ecbc9:192.168.157.195:33451] returns group-19EC28189B30:java.util.concurrent.CompletableFuture@7c8584dd[Not completed]
2019-09-12 11:52:55,984 [pool-621-thread-1] INFO  impl.RaftServerImpl (RaftServerImpl.java:<init>(93)) - e22a5129-42d8-4cd6-b866-283bf38ecbc9: new RaftServerImpl for group-19EC28189B30:[e22a5129-42d8-4cd6-b866-283bf38ecbc9:192.168.157.195:33451] with ContainerStateMachine:uninitialized
2019-09-12 11:52:55,985 [pool-621-thread-1] INFO  server.RaftServerConfigKeys (ConfUtils.java:logGet(43)) - raft.server.rpc.timeout.min = 5s (custom)
2019-09-12 11:52:55,985 [pool-621-thread-1] INFO  server.RaftServerConfigKeys (ConfUtils.java:logGet(43)) - raft.server.rpc.timeout.max = 5200ms (custom)
2019-09-12 11:52:55,985 [pool-621-thread-1] INFO  server.RaftServerConfigKeys (ConfUtils.java:logGet(43)) - raft.server.rpcslowness.timeout = 120s (custom)
2019-09-12 11:52:55,985 [pool-621-thread-1] INFO  server.RaftServerConfigKeys (ConfUtils.java:logGet(43)) - raft.server.sleep.deviation.threshold = 300 (default)
2019-09-12 11:52:55,985 [pool-621-thread-1] INFO  server.RaftServerConfigKeys (ConfUtils.java:logGet(43)) - raft.server.log.appender.install.snapshot.enabled = false (custom)
2019-09-12 11:52:55,985 [pool-621-thread-1] INFO  impl.RaftServerImpl (ServerState.java:<init>(105)) - e22a5129-42d8-4cd6-b866-283bf38ecbc9:group-19EC28189B30 ConfigurationManager, init=-1: [e22a5129-42d8-4cd6-b866-283bf38ecbc9:192.168.157.195:33451], old=null, confs=<EMPTY_MAP>
2019-09-12 11:52:55,985 [pool-621-thread-1] INFO  server.RaftServerConfigKeys (ConfUtils.java:logGet(43)) - raft.server.storage.dir = [/workdir/hadoop-ozone/ozonefs/target/test-dir/MiniOzoneClusterImpl-646a9a0c-8e87-4326-8e6b-0cedd78f9de8/datanode-1/data/ratis] (custom)
2019-09-12 11:52:55,985 [pool-621-thread-1] INFO  storage.RaftStorageDirectory (RaftStorageDirectory.java:analyzeStorage(246)) - The storage directory /workdir/hadoop-ozone/ozonefs/target/test-dir/MiniOzoneClusterImpl-646a9a0c-8e87-4326-8e6b-0cedd78f9de8/datanode-1/data/ratis/e8586d85-a5cf-4d25-878f-19ec28189b30 does not exist. Creating ...
2019-09-12 11:52:55,988 [pool-621-thread-1] INFO  storage.RaftStorageDirectory (RaftStorageDirectory.java:tryLock(328)) - Lock on /workdir/hadoop-ozone/ozonefs/target/test-dir/MiniOzoneClusterImpl-646a9a0c-8e87-4326-8e6b-0cedd78f9de8/datanode-1/data/ratis/e8586d85-a5cf-4d25-878f-19ec28189b30/in_use.lock acquired by nodename 9769@pr-hdds-1569-xtfnx-3545843844
2019-09-12 11:52:55,990 [pool-621-thread-1] INFO  storage.RaftStorage (RaftStorage.java:format(72)) - Storage directory /workdir/hadoop-ozone/ozonefs/target/test-dir/MiniOzoneClusterImpl-646a9a0c-8e87-4326-8e6b-0cedd78f9de8/datanode-1/data/ratis/e8586d85-a5cf-4d25-878f-19ec28189b30 has been successfully formatted.
2019-09-12 11:52:55,991 [pool-621-thread-1] INFO  ratis.ContainerStateMachine (ContainerStateMachine.java:loadSnapshot(226)) - group-19EC28189B30: The snapshot info is null. Setting the last applied indexto:(t:0, i:~)
2019-09-12 11:52:55,991 [pool-621-thread-1] INFO  server.RaftServerConfigKeys (ConfUtils.java:logGet(43)) - raft.server.leader.election.timeout = 120s (custom)
2019-09-12 11:52:55,991 [pool-621-thread-1] INFO  server.RaftServerConfigKeys (ConfUtils.java:logGet(43)) - raft.server.log.use.memory = false (default)
2019-09-12 11:52:55,991 [pool-621-thread-1] INFO  server.RaftServerConfigKeys (ConfUtils.java:logGet(43)) - raft.server.log.purge.gap = 1000000 (custom)
2019-09-12 11:52:55,991 [pool-621-thread-1] INFO  server.RaftServerConfigKeys (ConfUtils.java:logGet(43)) - raft.server.log.appender.buffer.byte-limit = 33554432 (custom)
2019-09-12 11:52:55,991 [pool-621-thread-1] INFO  server.RaftServerConfigKeys (ConfUtils.java:logGet(43)) - raft.server.log.segment.size.max = 1048576 (custom)
2019-09-12 11:52:55,991 [pool-621-thread-1] INFO  server.RaftServerConfigKeys (ConfUtils.java:logGet(43)) - raft.server.log.segment.cache.num.max = 2 (custom)
2019-09-12 11:52:55,991 [pool-621-thread-1] INFO  segmented.SegmentedRaftLogWorker (SegmentedRaftLogWorker.java:<init>(172)) - new e22a5129-42d8-4cd6-b866-283bf38ecbc9-SegmentedRaftLogWorker:Storage Directory /workdir/hadoop-ozone/ozonefs/target/test-dir/MiniOzoneClusterImpl-646a9a0c-8e87-4326-8e6b-0cedd78f9de8/datanode-1/data/ratis/e8586d85-a5cf-4d25-878f-19ec28189b30 for RaftStorage:Storage Directory /workdir/hadoop-ozone/ozonefs/target/test-dir/MiniOzoneClusterImpl-646a9a0c-8e87-4326-8e6b-0cedd78f9de8/datanode-1/data/ratis/e8586d85-a5cf-4d25-878f-19ec28189b30
2019-09-12 11:52:55,991 [pool-621-thread-1] INFO  server.RaftServerConfigKeys (ConfUtils.java:logGet(43)) - raft.server.log.queue.byte-limit = 2147483647 (custom)
2019-09-12 11:52:55,991 [pool-621-thread-1] INFO  server.RaftServerConfigKeys (ConfUtils.java:logGet(43)) - raft.server.log.queue.element-limit = 1024 (custom)
2019-09-12 11:52:55,991 [pool-621-thread-1] INFO  server.RaftServerConfigKeys (ConfUtils.java:logGet(43)) - raft.server.log.segment.size.max = 1048576 (custom)
2019-09-12 11:52:55,992 [pool-621-thread-1] INFO  server.RaftServerConfigKeys (ConfUtils.java:logGet(43)) - raft.server.log.preallocated.size = 16384 (custom)
2019-09-12 11:52:55,992 [pool-621-thread-1] INFO  server.RaftServerConfigKeys (ConfUtils.java:logGet(43)) - raft.server.log.write.buffer.size = 33554432 (custom)
2019-09-12 11:52:55,992 [pool-621-thread-1] INFO  server.RaftServerConfigKeys (ConfUtils.java:logGet(43)) - raft.server.log.force.sync.num = 128 (default)
2019-09-12 11:52:55,992 [pool-621-thread-1] INFO  server.RaftServerConfigKeys (ConfUtils.java:logGet(43)) - raft.server.log.statemachine.data.sync = true (default)
2019-09-12 11:52:55,992 [pool-621-thread-1] INFO  server.RaftServerConfigKeys (ConfUtils.java:logGet(43)) - raft.server.log.statemachine.data.sync.timeout = 10s (default)
2019-09-12 11:52:55,992 [pool-621-thread-1] INFO  server.RaftServerConfigKeys (ConfUtils.java:logGet(43)) - raft.server.log.statemachine.data.sync.timeout.retry = -1 (default)
2019-09-12 11:52:55,992 [pool-621-thread-1] INFO  server.RaftServerConfigKeys (ConfUtils.java:logGet(43)) - raft.server.log.statemachine.data.caching.enabled = true (custom)
2019-09-12 11:52:55,992 [pool-621-thread-1] INFO  segmented.SegmentedRaftLogWorker (SegmentedRaftLogWorker.java:lambda$new$0(132)) - e22a5129-42d8-4cd6-b866-283bf38ecbc9-SegmentedRaftLogWorker:Storage Directory /workdir/hadoop-ozone/ozonefs/target/test-dir/MiniOzoneClusterImpl-646a9a0c-8e87-4326-8e6b-0cedd78f9de8/datanode-1/data/ratis/e8586d85-a5cf-4d25-878f-19ec28189b30: flushIndex: setUnconditionally 0 -> -1
2019-09-12 11:52:55,992 [pool-621-thread-1] INFO  server.RaftServerConfigKeys (ConfUtils.java:logGet(43)) - raft.server.snapshot.auto.trigger.enabled = true (custom)
2019-09-12 11:52:55,992 [pool-621-thread-1] INFO  server.RaftServerConfigKeys (ConfUtils.java:logGet(43)) - raft.server.snapshot.auto.trigger.threshold = 10000 (custom)
2019-09-12 11:52:55,993 [pool-621-thread-1] INFO  server.RaftServerConfigKeys (ConfUtils.java:logGet(43)) - raft.server.retrycache.expirytime = 600000ms (custom)
2019-09-12 11:52:55,993 [pool-621-thread-1] INFO  impl.RaftServerImpl (RaftServerImpl.java:start(180)) - e22a5129-42d8-4cd6-b866-283bf38ecbc9: start group-19EC28189B30
2019-09-12 11:52:55,993 [pool-621-thread-1] INFO  impl.RaftServerImpl (RaftServerImpl.java:setRole(171)) - e22a5129-42d8-4cd6-b866-283bf38ecbc9:group-19EC28189B30 changes role from null to FOLLOWER at term 0 for startAsFollower
2019-09-12 11:52:55,993 [pool-621-thread-1] INFO  impl.RoleInfo (RoleInfo.java:updateAndGet(143)) - e22a5129-42d8-4cd6-b866-283bf38ecbc9: start FollowerState
2019-09-12 11:52:55,993 [pool-621-thread-1] INFO  util.JmxRegister (JmxRegister.java:tryRegister(44)) - Successfully registered JMX Bean with object name Ratis:service=RaftServer,group=group-19EC28189B30,id=e22a5129-42d8-4cd6-b866-283bf38ecbc9
2019-09-12 11:52:55,995 [RatisPipelineUtilsThread] INFO  pipeline.PipelineStateManager (PipelineStateManager.java:addPipeline(56)) - Created pipeline Pipeline[ Id: e8586d85-a5cf-4d25-878f-19ec28189b30, Nodes: e22a5129-42d8-4cd6-b866-283bf38ecbc9{ip: 192.168.157.195, host: pr-hdds-1569-xtfnx-3545843844, networkLocation: /default-rack, certSerialId: null}, Type:RATIS, Factor:ONE, State:OPEN]
2019-09-12 11:52:55,995 [RatisPipelineUtilsThread] ERROR pipeline.PipelinePlacementPolicy (PipelinePlacementPolicy.java:meetCriteria(91)) - Pipeline Placement: Doesn't meet the criteria to be viable node. Heaviness: 6
2019-09-12 11:52:55,998 [grpc-default-executor-0] INFO  impl.RaftServerProxy (RaftServerProxy.java:addNew(89)) - e22a5129-42d8-4cd6-b866-283bf38ecbc9: addNew group-86C521C3E160:[e22a5129-42d8-4cd6-b866-283bf38ecbc9:192.168.157.195:33451] returns group-86C521C3E160:java.util.concurrent.CompletableFuture@7bce4a32[Not completed]
2019-09-12 11:52:55,999 [pool-621-thread-1] INFO  impl.RaftServerImpl (RaftServerImpl.java:<init>(93)) - e22a5129-42d8-4cd6-b866-283bf38ecbc9: new RaftServerImpl for group-86C521C3E160:[e22a5129-42d8-4cd6-b866-283bf38ecbc9:192.168.157.195:33451] with ContainerStateMachine:uninitialized
2019-09-12 11:52:55,999 [pool-621-thread-1] INFO  server.RaftServerConfigKeys (ConfUtils.java:logGet(43)) - raft.server.rpc.timeout.min = 5s (custom)
2019-09-12 11:52:55,999 [pool-621-thread-1] INFO  server.RaftServerConfigKeys (ConfUtils.java:logGet(43)) - raft.server.rpc.timeout.max = 5200ms (custom)
2019-09-12 11:52:55,999 [pool-621-thread-1] INFO  server.RaftServerConfigKeys (ConfUtils.java:logGet(43)) - raft.server.rpcslowness.timeout = 120s (custom)
2019-09-12 11:52:55,999 [pool-621-thread-1] INFO  server.RaftServerConfigKeys (ConfUtils.java:logGet(43)) - raft.server.sleep.deviation.threshold = 300 (default)
2019-09-12 11:52:55,999 [pool-621-thread-1] INFO  server.RaftServerConfigKeys (ConfUtils.java:logGet(43)) - raft.server.log.appender.install.snapshot.enabled = false (custom)
2019-09-12 11:52:55,999 [pool-621-thread-1] INFO  impl.RaftServerImpl (ServerState.java:<init>(105)) - e22a5129-42d8-4cd6-b866-283bf38ecbc9:group-86C521C3E160 ConfigurationManager, init=-1: [e22a5129-42d8-4cd6-b866-283bf38ecbc9:192.168.157.195:33451], old=null, confs=<EMPTY_MAP>
2019-09-12 11:52:56,000 [pool-621-thread-1] INFO  server.RaftServerConfigKeys (ConfUtils.java:logGet(43)) - raft.server.storage.dir = [/workdir/hadoop-ozone/ozonefs/target/test-dir/MiniOzoneClusterImpl-646a9a0c-8e87-4326-8e6b-0cedd78f9de8/datanode-1/data/ratis] (custom)
2019-09-12 11:52:56,000 [pool-621-thread-1] INFO  storage.RaftStorageDirectory (RaftStorageDirectory.java:analyzeStorage(246)) - The storage directory /workdir/hadoop-ozone/ozonefs/target/test-dir/MiniOzoneClusterImpl-646a9a0c-8e87-4326-8e6b-0cedd78f9de8/datanode-1/data/ratis/eca2cd46-02c7-4622-bf4a-86c521c3e160 does not exist. Creating ...
2019-09-12 11:52:56,014 [pool-621-thread-1] INFO  storage.RaftStorageDirectory (RaftStorageDirectory.java:tryLock(328)) - Lock on /workdir/hadoop-ozone/ozonefs/target/test-dir/MiniOzoneClusterImpl-646a9a0c-8e87-4326-8e6b-0cedd78f9de8/datanode-1/data/ratis/eca2cd46-02c7-4622-bf4a-86c521c3e160/in_use.lock acquired by nodename 9769@pr-hdds-1569-xtfnx-3545843844
2019-09-12 11:52:56,027 [pool-621-thread-1] INFO  storage.RaftStorage (RaftStorage.java:format(72)) - Storage directory /workdir/hadoop-ozone/ozonefs/target/test-dir/MiniOzoneClusterImpl-646a9a0c-8e87-4326-8e6b-0cedd78f9de8/datanode-1/data/ratis/eca2cd46-02c7-4622-bf4a-86c521c3e160 has been successfully formatted.
2019-09-12 11:52:56,027 [pool-621-thread-1] INFO  ratis.ContainerStateMachine (ContainerStateMachine.java:loadSnapshot(226)) - group-86C521C3E160: The snapshot info is null. Setting the last applied indexto:(t:0, i:~)
2019-09-12 11:52:56,028 [pool-621-thread-1] INFO  server.RaftServerConfigKeys (ConfUtils.java:logGet(43)) - raft.server.leader.election.timeout = 120s (custom)
2019-09-12 11:52:56,028 [pool-621-thread-1] INFO  server.RaftServerConfigKeys (ConfUtils.java:logGet(43)) - raft.server.log.use.memory = false (default)
2019-09-12 11:52:56,028 [pool-621-thread-1] INFO  server.RaftServerConfigKeys (ConfUtils.java:logGet(43)) - raft.server.log.purge.gap = 1000000 (custom)
2019-09-12 11:52:56,028 [pool-621-thread-1] INFO  server.RaftServerConfigKeys (ConfUtils.java:logGet(43)) - raft.server.log.appender.buffer.byte-limit = 33554432 (custom)
2019-09-12 11:52:56,028 [pool-621-thread-1] INFO  server.RaftServerConfigKeys (ConfUtils.java:logGet(43)) - raft.server.log.segment.size.max = 1048576 (custom)
2019-09-12 11:52:56,028 [pool-621-thread-1] INFO  server.RaftServerConfigKeys (ConfUtils.java:logGet(43)) - raft.server.log.segment.cache.num.max = 2 (custom)
2019-09-12 11:52:56,028 [pool-621-thread-1] INFO  segmented.SegmentedRaftLogWorker (SegmentedRaftLogWorker.java:<init>(172)) - new e22a5129-42d8-4cd6-b866-283bf38ecbc9-SegmentedRaftLogWorker:Storage Directory /workdir/hadoop-ozone/ozonefs/target/test-dir/MiniOzoneClusterImpl-646a9a0c-8e87-4326-8e6b-0cedd78f9de8/datanode-1/data/ratis/eca2cd46-02c7-4622-bf4a-86c521c3e160 for RaftStorage:Storage Directory /workdir/hadoop-ozone/ozonefs/target/test-dir/MiniOzoneClusterImpl-646a9a0c-8e87-4326-8e6b-0cedd78f9de8/datanode-1/data/ratis/eca2cd46-02c7-4622-bf4a-86c521c3e160
2019-09-12 11:52:56,028 [pool-621-thread-1] INFO  server.RaftServerConfigKeys (ConfUtils.java:logGet(43)) - raft.server.log.queue.byte-limit = 2147483647 (custom)
2019-09-12 11:52:56,028 [pool-621-thread-1] INFO  server.RaftServerConfigKeys (ConfUtils.java:logGet(43)) - raft.server.log.queue.element-limit = 1024 (custom)
2019-09-12 11:52:56,028 [pool-621-thread-1] INFO  server.RaftServerConfigKeys (ConfUtils.java:logGet(43)) - raft.server.log.segment.size.max = 1048576 (custom)
2019-09-12 11:52:56,028 [pool-621-thread-1] INFO  server.RaftServerConfigKeys (ConfUtils.java:logGet(43)) - raft.server.log.preallocated.size = 16384 (custom)
2019-09-12 11:52:56,029 [pool-621-thread-1] INFO  server.RaftServerConfigKeys (ConfUtils.java:logGet(43)) - raft.server.log.write.buffer.size = 33554432 (custom)
2019-09-12 11:52:56,029 [pool-621-thread-1] INFO  server.RaftServerConfigKeys (ConfUtils.java:logGet(43)) - raft.server.log.force.sync.num = 128 (default)
2019-09-12 11:52:56,029 [pool-621-thread-1] INFO  server.RaftServerConfigKeys (ConfUtils.java:logGet(43)) - raft.server.log.statemachine.data.sync = true (default)
2019-09-12 11:52:56,029 [pool-621-thread-1] INFO  server.RaftServerConfigKeys (ConfUtils.java:logGet(43)) - raft.server.log.statemachine.data.sync.timeout = 10s (default)
2019-09-12 11:52:56,029 [pool-621-thread-1] INFO  server.RaftServerConfigKeys (ConfUtils.java:logGet(43)) - raft.server.log.statemachine.data.sync.timeout.retry = -1 (default)
2019-09-12 11:52:56,029 [pool-621-thread-1] INFO  server.RaftServerConfigKeys (ConfUtils.java:logGet(43)) - raft.server.log.statemachine.data.caching.enabled = true (custom)
2019-09-12 11:52:56,029 [pool-621-thread-1] INFO  segmented.SegmentedRaftLogWorker (SegmentedRaftLogWorker.java:lambda$new$0(132)) - e22a5129-42d8-4cd6-b866-283bf38ecbc9-SegmentedRaftLogWorker:Storage Directory /workdir/hadoop-ozone/ozonefs/target/test-dir/MiniOzoneClusterImpl-646a9a0c-8e87-4326-8e6b-0cedd78f9de8/datanode-1/data/ratis/eca2cd46-02c7-4622-bf4a-86c521c3e160: flushIndex: setUnconditionally 0 -> -1
2019-09-12 11:52:56,029 [pool-621-thread-1] INFO  server.RaftServerConfigKeys (ConfUtils.java:logGet(43)) - raft.server.snapshot.auto.trigger.enabled = true (custom)
2019-09-12 11:52:56,029 [pool-621-thread-1] INFO  server.RaftServerConfigKeys (ConfUtils.java:logGet(43)) - raft.server.snapshot.auto.trigger.threshold = 10000 (custom)
2019-09-12 11:52:56,030 [pool-621-thread-1] INFO  server.RaftServerConfigKeys (ConfUtils.java:logGet(43)) - raft.server.retrycache.expirytime = 600000ms (custom)
2019-09-12 11:52:56,030 [pool-621-thread-1] INFO  impl.RaftServerImpl (RaftServerImpl.java:start(180)) - e22a5129-42d8-4cd6-b866-283bf38ecbc9: start group-86C521C3E160
2019-09-12 11:52:56,030 [pool-621-thread-1] INFO  impl.RaftServerImpl (RaftServerImpl.java:setRole(171)) - e22a5129-42d8-4cd6-b866-283bf38ecbc9:group-86C521C3E160 changes role from null to FOLLOWER at term 0 for startAsFollower
2019-09-12 11:52:56,030 [pool-621-thread-1] INFO  impl.RoleInfo (RoleInfo.java:updateAndGet(143)) - e22a5129-42d8-4cd6-b866-283bf38ecbc9: start FollowerState
2019-09-12 11:52:56,030 [pool-621-thread-1] INFO  util.JmxRegister (JmxRegister.java:tryRegister(44)) - Successfully registered JMX Bean with object name Ratis:service=RaftServer,group=group-86C521C3E160,id=e22a5129-42d8-4cd6-b866-283bf38ecbc9
2019-09-12 11:52:56,032 [RatisPipelineUtilsThread] INFO  pipeline.PipelineStateManager (PipelineStateManager.java:addPipeline(56)) - Created pipeline Pipeline[ Id: eca2cd46-02c7-4622-bf4a-86c521c3e160, Nodes: e22a5129-42d8-4cd6-b866-283bf38ecbc9{ip: 192.168.157.195, host: pr-hdds-1569-xtfnx-3545843844, networkLocation: /default-rack, certSerialId: null}, Type:RATIS, Factor:ONE, State:OPEN]
2019-09-12 11:52:56,032 [RatisPipelineUtilsThread] ERROR pipeline.PipelinePlacementPolicy (PipelinePlacementPolicy.java:meetCriteria(91)) - Pipeline Placement: Doesn't meet the criteria to be viable node. Heaviness: 6
2019-09-12 11:52:56,036 [grpc-default-executor-0] INFO  impl.RaftServerProxy (RaftServerProxy.java:addNew(89)) - e22a5129-42d8-4cd6-b866-283bf38ecbc9: addNew group-DCF6613E1293:[e22a5129-42d8-4cd6-b866-283bf38ecbc9:192.168.157.195:33451] returns group-DCF6613E1293:java.util.concurrent.CompletableFuture@48a9f494[Not completed]
2019-09-12 11:52:56,037 [pool-621-thread-1] INFO  impl.RaftServerImpl (RaftServerImpl.java:<init>(93)) - e22a5129-42d8-4cd6-b866-283bf38ecbc9: new RaftServerImpl for group-DCF6613E1293:[e22a5129-42d8-4cd6-b866-283bf38ecbc9:192.168.157.195:33451] with ContainerStateMachine:uninitialized
2019-09-12 11:52:56,037 [pool-621-thread-1] INFO  server.RaftServerConfigKeys (ConfUtils.java:logGet(43)) - raft.server.rpc.timeout.min = 5s (custom)
2019-09-12 11:52:56,037 [pool-621-thread-1] INFO  server.RaftServerConfigKeys (ConfUtils.java:logGet(43)) - raft.server.rpc.timeout.max = 5200ms (custom)
2019-09-12 11:52:56,037 [pool-621-thread-1] INFO  server.RaftServerConfigKeys (ConfUtils.java:logGet(43)) - raft.server.rpcslowness.timeout = 120s (custom)
2019-09-12 11:52:56,037 [pool-621-thread-1] INFO  server.RaftServerConfigKeys (ConfUtils.java:logGet(43)) - raft.server.sleep.deviation.threshold = 300 (default)
2019-09-12 11:52:56,037 [pool-621-thread-1] INFO  server.RaftServerConfigKeys (ConfUtils.java:logGet(43)) - raft.server.log.appender.install.snapshot.enabled = false (custom)
2019-09-12 11:52:56,037 [pool-621-thread-1] INFO  impl.RaftServerImpl (ServerState.java:<init>(105)) - e22a5129-42d8-4cd6-b866-283bf38ecbc9:group-DCF6613E1293 ConfigurationManager, init=-1: [e22a5129-42d8-4cd6-b866-283bf38ecbc9:192.168.157.195:33451], old=null, confs=<EMPTY_MAP>
2019-09-12 11:52:56,037 [pool-621-thread-1] INFO  server.RaftServerConfigKeys (ConfUtils.java:logGet(43)) - raft.server.storage.dir = [/workdir/hadoop-ozone/ozonefs/target/test-dir/MiniOzoneClusterImpl-646a9a0c-8e87-4326-8e6b-0cedd78f9de8/datanode-1/data/ratis] (custom)
2019-09-12 11:52:56,038 [pool-621-thread-1] INFO  storage.RaftStorageDirectory (RaftStorageDirectory.java:analyzeStorage(246)) - The storage directory /workdir/hadoop-ozone/ozonefs/target/test-dir/MiniOzoneClusterImpl-646a9a0c-8e87-4326-8e6b-0cedd78f9de8/datanode-1/data/ratis/e86894b9-234c-45d7-b659-dcf6613e1293 does not exist. Creating ...
2019-09-12 11:52:56,042 [pool-621-thread-1] INFO  storage.RaftStorageDirectory (RaftStorageDirectory.java:tryLock(328)) - Lock on /workdir/hadoop-ozone/ozonefs/target/test-dir/MiniOzoneClusterImpl-646a9a0c-8e87-4326-8e6b-0cedd78f9de8/datanode-1/data/ratis/e86894b9-234c-45d7-b659-dcf6613e1293/in_use.lock acquired by nodename 9769@pr-hdds-1569-xtfnx-3545843844
2019-09-12 11:52:56,055 [pool-621-thread-1] INFO  storage.RaftStorage (RaftStorage.java:format(72)) - Storage directory /workdir/hadoop-ozone/ozonefs/target/test-dir/MiniOzoneClusterImpl-646a9a0c-8e87-4326-8e6b-0cedd78f9de8/datanode-1/data/ratis/e86894b9-234c-45d7-b659-dcf6613e1293 has been successfully formatted.
2019-09-12 11:52:56,055 [pool-621-thread-1] INFO  ratis.ContainerStateMachine (ContainerStateMachine.java:loadSnapshot(226)) - group-DCF6613E1293: The snapshot info is null. Setting the last applied indexto:(t:0, i:~)
2019-09-12 11:52:56,055 [pool-621-thread-1] INFO  server.RaftServerConfigKeys (ConfUtils.java:logGet(43)) - raft.server.leader.election.timeout = 120s (custom)
2019-09-12 11:52:56,055 [pool-621-thread-1] INFO  server.RaftServerConfigKeys (ConfUtils.java:logGet(43)) - raft.server.log.use.memory = false (default)
2019-09-12 11:52:56,055 [pool-621-thread-1] INFO  server.RaftServerConfigKeys (ConfUtils.java:logGet(43)) - raft.server.log.purge.gap = 1000000 (custom)
2019-09-12 11:52:56,055 [pool-621-thread-1] INFO  server.RaftServerConfigKeys (ConfUtils.java:logGet(43)) - raft.server.log.appender.buffer.byte-limit = 33554432 (custom)
2019-09-12 11:52:56,055 [pool-621-thread-1] INFO  server.RaftServerConfigKeys (ConfUtils.java:logGet(43)) - raft.server.log.segment.size.max = 1048576 (custom)
2019-09-12 11:52:56,055 [pool-621-thread-1] INFO  server.RaftServerConfigKeys (ConfUtils.java:logGet(43)) - raft.server.log.segment.cache.num.max = 2 (custom)
2019-09-12 11:52:56,055 [pool-621-thread-1] INFO  segmented.SegmentedRaftLogWorker (SegmentedRaftLogWorker.java:<init>(172)) - new e22a5129-42d8-4cd6-b866-283bf38ecbc9-SegmentedRaftLogWorker:Storage Directory /workdir/hadoop-ozone/ozonefs/target/test-dir/MiniOzoneClusterImpl-646a9a0c-8e87-4326-8e6b-0cedd78f9de8/datanode-1/data/ratis/e86894b9-234c-45d7-b659-dcf6613e1293 for RaftStorage:Storage Directory /workdir/hadoop-ozone/ozonefs/target/test-dir/MiniOzoneClusterImpl-646a9a0c-8e87-4326-8e6b-0cedd78f9de8/datanode-1/data/ratis/e86894b9-234c-45d7-b659-dcf6613e1293
2019-09-12 11:52:56,055 [pool-621-thread-1] INFO  server.RaftServerConfigKeys (ConfUtils.java:logGet(43)) - raft.server.log.queue.byte-limit = 2147483647 (custom)
2019-09-12 11:52:56,056 [pool-621-thread-1] INFO  server.RaftServerConfigKeys (ConfUtils.java:logGet(43)) - raft.server.log.queue.element-limit = 1024 (custom)
2019-09-12 11:52:56,056 [pool-621-thread-1] INFO  server.RaftServerConfigKeys (ConfUtils.java:logGet(43)) - raft.server.log.segment.size.max = 1048576 (custom)
2019-09-12 11:52:56,056 [pool-621-thread-1] INFO  server.RaftServerConfigKeys (ConfUtils.java:logGet(43)) - raft.server.log.preallocated.size = 16384 (custom)
2019-09-12 11:52:56,056 [pool-621-thread-1] INFO  server.RaftServerConfigKeys (ConfUtils.java:logGet(43)) - raft.server.log.write.buffer.size = 33554432 (custom)
2019-09-12 11:52:56,056 [pool-621-thread-1] INFO  server.RaftServerConfigKeys (ConfUtils.java:logGet(43)) - raft.server.log.force.sync.num = 128 (default)
2019-09-12 11:52:56,056 [pool-621-thread-1] INFO  server.RaftServerConfigKeys (ConfUtils.java:logGet(43)) - raft.server.log.statemachine.data.sync = true (default)
2019-09-12 11:52:56,056 [pool-621-thread-1] INFO  server.RaftServerConfigKeys (ConfUtils.java:logGet(43)) - raft.server.log.statemachine.data.sync.timeout = 10s (default)
2019-09-12 11:52:56,056 [pool-621-thread-1] INFO  server.RaftServerConfigKeys (ConfUtils.java:logGet(43)) - raft.server.log.statemachine.data.sync.timeout.retry = -1 (default)
2019-09-12 11:52:56,056 [pool-621-thread-1] INFO  server.RaftServerConfigKeys (ConfUtils.java:logGet(43)) - raft.server.log.statemachine.data.caching.enabled = true (custom)
2019-09-12 11:52:56,056 [pool-621-thread-1] INFO  segmented.SegmentedRaftLogWorker (SegmentedRaftLogWorker.java:lambda$new$0(132)) - e22a5129-42d8-4cd6-b866-283bf38ecbc9-SegmentedRaftLogWorker:Storage Directory /workdir/hadoop-ozone/ozonefs/target/test-dir/MiniOzoneClusterImpl-646a9a0c-8e87-4326-8e6b-0cedd78f9de8/datanode-1/data/ratis/e86894b9-234c-45d7-b659-dcf6613e1293: flushIndex: setUnconditionally 0 -> -1
2019-09-12 11:52:56,057 [pool-621-thread-1] INFO  server.RaftServerConfigKeys (ConfUtils.java:logGet(43)) - raft.server.snapshot.auto.trigger.enabled = true (custom)
2019-09-12 11:52:56,057 [pool-621-thread-1] INFO  server.RaftServerConfigKeys (ConfUtils.java:logGet(43)) - raft.server.snapshot.auto.trigger.threshold = 10000 (custom)
2019-09-12 11:52:56,057 [pool-621-thread-1] INFO  server.RaftServerConfigKeys (ConfUtils.java:logGet(43)) - raft.server.retrycache.expirytime = 600000ms (custom)
2019-09-12 11:52:56,057 [pool-621-thread-1] INFO  impl.RaftServerImpl (RaftServerImpl.java:start(180)) - e22a5129-42d8-4cd6-b866-283bf38ecbc9: start group-DCF6613E1293
2019-09-12 11:52:56,057 [pool-621-thread-1] INFO  impl.RaftServerImpl (RaftServerImpl.java:setRole(171)) - e22a5129-42d8-4cd6-b866-283bf38ecbc9:group-DCF6613E1293 changes role from null to FOLLOWER at term 0 for startAsFollower
2019-09-12 11:52:56,057 [pool-621-thread-1] INFO  impl.RoleInfo (RoleInfo.java:updateAndGet(143)) - e22a5129-42d8-4cd6-b866-283bf38ecbc9: start FollowerState
2019-09-12 11:52:56,057 [pool-621-thread-1] INFO  util.JmxRegister (JmxRegister.java:tryRegister(44)) - Successfully registered JMX Bean with object name Ratis:service=RaftServer,group=group-DCF6613E1293,id=e22a5129-42d8-4cd6-b866-283bf38ecbc9
2019-09-12 11:52:56,059 [RatisPipelineUtilsThread] INFO  pipeline.PipelineStateManager (PipelineStateManager.java:addPipeline(56)) - Created pipeline Pipeline[ Id: e86894b9-234c-45d7-b659-dcf6613e1293, Nodes: e22a5129-42d8-4cd6-b866-283bf38ecbc9{ip: 192.168.157.195, host: pr-hdds-1569-xtfnx-3545843844, networkLocation: /default-rack, certSerialId: null}, Type:RATIS, Factor:ONE, State:OPEN]
2019-09-12 11:52:56,059 [RatisPipelineUtilsThread] ERROR pipeline.PipelinePlacementPolicy (PipelinePlacementPolicy.java:meetCriteria(91)) - Pipeline Placement: Doesn't meet the criteria to be viable node. Heaviness: 6
2019-09-12 11:52:56,063 [grpc-default-executor-0] INFO  impl.RaftServerProxy (RaftServerProxy.java:addNew(89)) - e22a5129-42d8-4cd6-b866-283bf38ecbc9: addNew group-62B5A89CB1B2:[e22a5129-42d8-4cd6-b866-283bf38ecbc9:192.168.157.195:33451] returns group-62B5A89CB1B2:java.util.concurrent.CompletableFuture@61cc3a5d[Not completed]
2019-09-12 11:52:56,063 [pool-621-thread-1] INFO  impl.RaftServerImpl (RaftServerImpl.java:<init>(93)) - e22a5129-42d8-4cd6-b866-283bf38ecbc9: new RaftServerImpl for group-62B5A89CB1B2:[e22a5129-42d8-4cd6-b866-283bf38ecbc9:192.168.157.195:33451] with ContainerStateMachine:uninitialized
2019-09-12 11:52:56,063 [pool-621-thread-1] INFO  server.RaftServerConfigKeys (ConfUtils.java:logGet(43)) - raft.server.rpc.timeout.min = 5s (custom)
2019-09-12 11:52:56,064 [pool-621-thread-1] INFO  server.RaftServerConfigKeys (ConfUtils.java:logGet(43)) - raft.server.rpc.timeout.max = 5200ms (custom)
2019-09-12 11:52:56,064 [pool-621-thread-1] INFO  server.RaftServerConfigKeys (ConfUtils.java:logGet(43)) - raft.server.rpcslowness.timeout = 120s (custom)
2019-09-12 11:52:56,064 [pool-621-thread-1] INFO  server.RaftServerConfigKeys (ConfUtils.java:logGet(43)) - raft.server.sleep.deviation.threshold = 300 (default)
2019-09-12 11:52:56,064 [pool-621-thread-1] INFO  server.RaftServerConfigKeys (ConfUtils.java:logGet(43)) - raft.server.log.appender.install.snapshot.enabled = false (custom)
2019-09-12 11:52:56,064 [pool-621-thread-1] INFO  impl.RaftServerImpl (ServerState.java:<init>(105)) - e22a5129-42d8-4cd6-b866-283bf38ecbc9:group-62B5A89CB1B2 ConfigurationManager, init=-1: [e22a5129-42d8-4cd6-b866-283bf38ecbc9:192.168.157.195:33451], old=null, confs=<EMPTY_MAP>
2019-09-12 11:52:56,064 [pool-621-thread-1] INFO  server.RaftServerConfigKeys (ConfUtils.java:logGet(43)) - raft.server.storage.dir = [/workdir/hadoop-ozone/ozonefs/target/test-dir/MiniOzoneClusterImpl-646a9a0c-8e87-4326-8e6b-0cedd78f9de8/datanode-1/data/ratis] (custom)
2019-09-12 11:52:56,064 [pool-621-thread-1] INFO  storage.RaftStorageDirectory (RaftStorageDirectory.java:analyzeStorage(246)) - The storage directory /workdir/hadoop-ozone/ozonefs/target/test-dir/MiniOzoneClusterImpl-646a9a0c-8e87-4326-8e6b-0cedd78f9de8/datanode-1/data/ratis/75dad78d-6c11-4f17-ab51-62b5a89cb1b2 does not exist. Creating ...
2019-09-12 11:52:56,076 [pool-621-thread-1] INFO  storage.RaftStorageDirectory (RaftStorageDirectory.java:tryLock(328)) - Lock on /workdir/hadoop-ozone/ozonefs/target/test-dir/MiniOzoneClusterImpl-646a9a0c-8e87-4326-8e6b-0cedd78f9de8/datanode-1/data/ratis/75dad78d-6c11-4f17-ab51-62b5a89cb1b2/in_use.lock acquired by nodename 9769@pr-hdds-1569-xtfnx-3545843844
2019-09-12 11:52:56,089 [pool-621-thread-1] INFO  storage.RaftStorage (RaftStorage.java:format(72)) - Storage directory /workdir/hadoop-ozone/ozonefs/target/test-dir/MiniOzoneClusterImpl-646a9a0c-8e87-4326-8e6b-0cedd78f9de8/datanode-1/data/ratis/75dad78d-6c11-4f17-ab51-62b5a89cb1b2 has been successfully formatted.
2019-09-12 11:52:56,089 [pool-621-thread-1] INFO  ratis.ContainerStateMachine (ContainerStateMachine.java:loadSnapshot(226)) - group-62B5A89CB1B2: The snapshot info is null. Setting the last applied indexto:(t:0, i:~)
2019-09-12 11:52:56,089 [pool-621-thread-1] INFO  server.RaftServerConfigKeys (ConfUtils.java:logGet(43)) - raft.server.leader.election.timeout = 120s (custom)
2019-09-12 11:52:56,089 [pool-621-thread-1] INFO  server.RaftServerConfigKeys (ConfUtils.java:logGet(43)) - raft.server.log.use.memory = false (default)
2019-09-12 11:52:56,089 [pool-621-thread-1] INFO  server.RaftServerConfigKeys (ConfUtils.java:logGet(43)) - raft.server.log.purge.gap = 1000000 (custom)
2019-09-12 11:52:56,090 [pool-621-thread-1] INFO  server.RaftServerConfigKeys (ConfUtils.java:logGet(43)) - raft.server.log.appender.buffer.byte-limit = 33554432 (custom)
2019-09-12 11:52:56,090 [pool-621-thread-1] INFO  server.RaftServerConfigKeys (ConfUtils.java:logGet(43)) - raft.server.log.segment.size.max = 1048576 (custom)
2019-09-12 11:52:56,090 [pool-621-thread-1] INFO  server.RaftServerConfigKeys (ConfUtils.java:logGet(43)) - raft.server.log.segment.cache.num.max = 2 (custom)
2019-09-12 11:52:56,090 [pool-621-thread-1] INFO  segmented.SegmentedRaftLogWorker (SegmentedRaftLogWorker.java:<init>(172)) - new e22a5129-42d8-4cd6-b866-283bf38ecbc9-SegmentedRaftLogWorker:Storage Directory /workdir/hadoop-ozone/ozonefs/target/test-dir/MiniOzoneClusterImpl-646a9a0c-8e87-4326-8e6b-0cedd78f9de8/datanode-1/data/ratis/75dad78d-6c11-4f17-ab51-62b5a89cb1b2 for RaftStorage:Storage Directory /workdir/hadoop-ozone/ozonefs/target/test-dir/MiniOzoneClusterImpl-646a9a0c-8e87-4326-8e6b-0cedd78f9de8/datanode-1/data/ratis/75dad78d-6c11-4f17-ab51-62b5a89cb1b2
2019-09-12 11:52:56,090 [pool-621-thread-1] INFO  server.RaftServerConfigKeys (ConfUtils.java:logGet(43)) - raft.server.log.queue.byte-limit = 2147483647 (custom)
2019-09-12 11:52:56,090 [pool-621-thread-1] INFO  server.RaftServerConfigKeys (ConfUtils.java:logGet(43)) - raft.server.log.queue.element-limit = 1024 (custom)
2019-09-12 11:52:56,090 [pool-621-thread-1] INFO  server.RaftServerConfigKeys (ConfUtils.java:logGet(43)) - raft.server.log.segment.size.max = 1048576 (custom)
2019-09-12 11:52:56,090 [pool-621-thread-1] INFO  server.RaftServerConfigKeys (ConfUtils.java:logGet(43)) - raft.server.log.preallocated.size = 16384 (custom)
2019-09-12 11:52:56,090 [pool-621-thread-1] INFO  server.RaftServerConfigKeys (ConfUtils.java:logGet(43)) - raft.server.log.write.buffer.size = 33554432 (custom)
2019-09-12 11:52:56,090 [pool-621-thread-1] INFO  server.RaftServerConfigKeys (ConfUtils.java:logGet(43)) - raft.server.log.force.sync.num = 128 (default)
2019-09-12 11:52:56,090 [pool-621-thread-1] INFO  server.RaftServerConfigKeys (ConfUtils.java:logGet(43)) - raft.server.log.statemachine.data.sync = true (default)
2019-09-12 11:52:56,090 [pool-621-thread-1] INFO  server.RaftServerConfigKeys (ConfUtils.java:logGet(43)) - raft.server.log.statemachine.data.sync.timeout = 10s (default)
2019-09-12 11:52:56,090 [pool-621-thread-1] INFO  server.RaftServerConfigKeys (ConfUtils.java:logGet(43)) - raft.server.log.statemachine.data.sync.timeout.retry = -1 (default)
2019-09-12 11:52:56,090 [pool-621-thread-1] INFO  server.RaftServerConfigKeys (ConfUtils.java:logGet(43)) - raft.server.log.statemachine.data.caching.enabled = true (custom)
2019-09-12 11:52:56,091 [pool-621-thread-1] INFO  segmented.SegmentedRaftLogWorker (SegmentedRaftLogWorker.java:lambda$new$0(132)) - e22a5129-42d8-4cd6-b866-283bf38ecbc9-SegmentedRaftLogWorker:Storage Directory /workdir/hadoop-ozone/ozonefs/target/test-dir/MiniOzoneClusterImpl-646a9a0c-8e87-4326-8e6b-0cedd78f9de8/datanode-1/data/ratis/75dad78d-6c11-4f17-ab51-62b5a89cb1b2: flushIndex: setUnconditionally 0 -> -1
2019-09-12 11:52:56,091 [pool-621-thread-1] INFO  server.RaftServerConfigKeys (ConfUtils.java:logGet(43)) - raft.server.snapshot.auto.trigger.enabled = true (custom)
2019-09-12 11:52:56,091 [pool-621-thread-1] INFO  server.RaftServerConfigKeys (ConfUtils.java:logGet(43)) - raft.server.snapshot.auto.trigger.threshold = 10000 (custom)
2019-09-12 11:52:56,091 [pool-621-thread-1] INFO  server.RaftServerConfigKeys (ConfUtils.java:logGet(43)) - raft.server.retrycache.expirytime = 600000ms (custom)
2019-09-12 11:52:56,091 [pool-621-thread-1] INFO  impl.RaftServerImpl (RaftServerImpl.java:start(180)) - e22a5129-42d8-4cd6-b866-283bf38ecbc9: start group-62B5A89CB1B2
2019-09-12 11:52:56,091 [pool-621-thread-1] INFO  impl.RaftServerImpl (RaftServerImpl.java:setRole(171)) - e22a5129-42d8-4cd6-b866-283bf38ecbc9:group-62B5A89CB1B2 changes role from null to FOLLOWER at term 0 for startAsFollower
2019-09-12 11:52:56,091 [pool-621-thread-1] INFO  impl.RoleInfo (RoleInfo.java:updateAndGet(143)) - e22a5129-42d8-4cd6-b866-283bf38ecbc9: start FollowerState
2019-09-12 11:52:56,092 [pool-621-thread-1] INFO  util.JmxRegister (JmxRegister.java:tryRegister(44)) - Successfully registered JMX Bean with object name Ratis:service=RaftServer,group=group-62B5A89CB1B2,id=e22a5129-42d8-4cd6-b866-283bf38ecbc9
2019-09-12 11:52:56,093 [RatisPipelineUtilsThread] INFO  pipeline.PipelineStateManager (PipelineStateManager.java:addPipeline(56)) - Created pipeline Pipeline[ Id: 75dad78d-6c11-4f17-ab51-62b5a89cb1b2, Nodes: e22a5129-42d8-4cd6-b866-283bf38ecbc9{ip: 192.168.157.195, host: pr-hdds-1569-xtfnx-3545843844, networkLocation: /default-rack, certSerialId: null}, Type:RATIS, Factor:ONE, State:OPEN]
2019-09-12 11:52:56,093 [RatisPipelineUtilsThread] ERROR pipeline.PipelinePlacementPolicy (PipelinePlacementPolicy.java:meetCriteria(91)) - Pipeline Placement: Doesn't meet the criteria to be viable node. Heaviness: 6
2019-09-12 11:52:56,094 [RatisPipelineUtilsThread] ERROR pipeline.PipelinePlacementPolicy (PipelinePlacementPolicy.java:meetCriteria(91)) - Pipeline Placement: Doesn't meet the criteria to be viable node. Heaviness: 6
2019-09-12 11:52:56,094 [RatisPipelineUtilsThread] ERROR pipeline.PipelinePlacementPolicy (PipelinePlacementPolicy.java:filterViableNodes(146)) - Unable to find enough nodes that meet the criteria that cannot engage in more than 5 pipelines. Nodes required: 1 Found: 0, healthy nodes count inNodeManager: 2.
2019-09-12 11:52:56,094 [RatisPipelineUtilsThread] ERROR pipeline.SCMPipelineManager (SCMPipelineManager.java:createPipeline(161)) - Pipeline creation failed due to exception: Unable to find enough nodes that meet the criteria that cannot engage in more than 5 pipelines. Nodes required: 1 Found: 0, healthy nodes count inNodeManager: 2.
2019-09-12 11:52:56,094 [RatisPipelineUtilsThread] ERROR pipeline.PipelinePlacementPolicy (PipelinePlacementPolicy.java:filterViableNodes(129)) - Not enough healthy nodes to allocate pipeline. 3  datanodes required. Found 2
2019-09-12 11:52:56,094 [RatisPipelineUtilsThread] ERROR pipeline.SCMPipelineManager (SCMPipelineManager.java:createPipeline(161)) - Pipeline creation failed due to exception: Not enough healthy nodes to allocate pipeline. 3  datanodes required. Found 2
2019-09-12 11:52:56,094 [RatisPipelineUtilsThread] ERROR pipeline.PipelinePlacementPolicy (PipelinePlacementPolicy.java:meetCriteria(91)) - Pipeline Placement: Doesn't meet the criteria to be viable node. Heaviness: 6
2019-09-12 11:52:56,094 [RatisPipelineUtilsThread] ERROR pipeline.PipelinePlacementPolicy (PipelinePlacementPolicy.java:meetCriteria(91)) - Pipeline Placement: Doesn't meet the criteria to be viable node. Heaviness: 6
2019-09-12 11:52:56,095 [RatisPipelineUtilsThread] ERROR pipeline.PipelinePlacementPolicy (PipelinePlacementPolicy.java:filterViableNodes(146)) - Unable to find enough nodes that meet the criteria that cannot engage in more than 5 pipelines. Nodes required: 1 Found: 0, healthy nodes count inNodeManager: 2.
2019-09-12 11:52:56,095 [RatisPipelineUtilsThread] ERROR pipeline.SCMPipelineManager (SCMPipelineManager.java:createPipeline(161)) - Pipeline creation failed due to exception: Unable to find enough nodes that meet the criteria that cannot engage in more than 5 pipelines. Nodes required: 1 Found: 0, healthy nodes count inNodeManager: 2.
2019-09-12 11:52:56,095 [RatisPipelineUtilsThread] ERROR pipeline.PipelinePlacementPolicy (PipelinePlacementPolicy.java:filterViableNodes(129)) - Not enough healthy nodes to allocate pipeline. 3  datanodes required. Found 2
2019-09-12 11:52:56,095 [RatisPipelineUtilsThread] ERROR pipeline.SCMPipelineManager (SCMPipelineManager.java:createPipeline(161)) - Pipeline creation failed due to exception: Not enough healthy nodes to allocate pipeline. 3  datanodes required. Found 2
2019-09-12 11:52:56,111 [main] INFO  ozone.MiniOzoneClusterImpl (MiniOzoneClusterImpl.java:lambda$waitForClusterToBeReady$0(142)) - Waiting for cluster to be ready. Got 2 of 3 DN Heartbeats.
2019-09-12 11:52:56,112 [IPC Server handler 2 on 40878] INFO  net.NetworkTopology (NetworkTopologyImpl.java:add(110)) - Added a new node: /default-rack/33be2364-dcc7-44bf-aa9c-22b983fb7304
2019-09-12 11:52:56,112 [RatisPipelineUtilsThread] ERROR pipeline.PipelinePlacementPolicy (PipelinePlacementPolicy.java:meetCriteria(91)) - Pipeline Placement: Doesn't meet the criteria to be viable node. Heaviness: 6
2019-09-12 11:52:56,112 [RatisPipelineUtilsThread] ERROR pipeline.PipelinePlacementPolicy (PipelinePlacementPolicy.java:meetCriteria(91)) - Pipeline Placement: Doesn't meet the criteria to be viable node. Heaviness: 6
2019-09-12 11:52:56,112 [IPC Server handler 2 on 40878] INFO  node.SCMNodeManager (SCMNodeManager.java:register(273)) - Registered Data node : 33be2364-dcc7-44bf-aa9c-22b983fb7304{ip: 192.168.157.195, host: pr-hdds-1569-xtfnx-3545843844, networkLocation: /default-rack, certSerialId: null}
2019-09-12 11:52:56,113 | INFO  | SCMAudit | user=jenkins1000 | ip=192.168.157.195 | op=REGISTER {datanodeDetails=33be2364-dcc7-44bf-aa9c-22b983fb7304{ip: 192.168.157.195, host: pr-hdds-1569-xtfnx-3545843844, networkLocation: /default-rack, certSerialId: null}} | ret=SUCCESS |  
2019-09-12 11:52:56,118 [grpc-default-executor-0] INFO  impl.RaftServerProxy (RaftServerProxy.java:addNew(89)) - 33be2364-dcc7-44bf-aa9c-22b983fb7304: addNew group-F435565D268F:[33be2364-dcc7-44bf-aa9c-22b983fb7304:192.168.157.195:36665] returns group-F435565D268F:java.util.concurrent.CompletableFuture@1460711f[Not completed]
2019-09-12 11:52:56,118 [pool-632-thread-1] INFO  impl.RaftServerImpl (RaftServerImpl.java:<init>(93)) - 33be2364-dcc7-44bf-aa9c-22b983fb7304: new RaftServerImpl for group-F435565D268F:[33be2364-dcc7-44bf-aa9c-22b983fb7304:192.168.157.195:36665] with ContainerStateMachine:uninitialized
2019-09-12 11:52:56,119 [pool-632-thread-1] INFO  server.RaftServerConfigKeys (ConfUtils.java:logGet(43)) - raft.server.rpc.timeout.min = 5s (custom)
2019-09-12 11:52:56,119 [pool-632-thread-1] INFO  server.RaftServerConfigKeys (ConfUtils.java:logGet(43)) - raft.server.rpc.timeout.max = 5200ms (custom)
2019-09-12 11:52:56,119 [pool-632-thread-1] INFO  server.RaftServerConfigKeys (ConfUtils.java:logGet(43)) - raft.server.rpcslowness.timeout = 120s (custom)
2019-09-12 11:52:56,119 [pool-632-thread-1] INFO  server.RaftServerConfigKeys (ConfUtils.java:logGet(43)) - raft.server.sleep.deviation.threshold = 300 (default)
2019-09-12 11:52:56,119 [pool-632-thread-1] INFO  server.RaftServerConfigKeys (ConfUtils.java:logGet(43)) - raft.server.log.appender.install.snapshot.enabled = false (custom)
2019-09-12 11:52:56,119 [pool-632-thread-1] INFO  impl.RaftServerImpl (ServerState.java:<init>(105)) - 33be2364-dcc7-44bf-aa9c-22b983fb7304:group-F435565D268F ConfigurationManager, init=-1: [33be2364-dcc7-44bf-aa9c-22b983fb7304:192.168.157.195:36665], old=null, confs=<EMPTY_MAP>
2019-09-12 11:52:56,119 [pool-632-thread-1] INFO  server.RaftServerConfigKeys (ConfUtils.java:logGet(43)) - raft.server.storage.dir = [/workdir/hadoop-ozone/ozonefs/target/test-dir/MiniOzoneClusterImpl-646a9a0c-8e87-4326-8e6b-0cedd78f9de8/datanode-2/data/ratis] (custom)
2019-09-12 11:52:56,119 [pool-632-thread-1] INFO  storage.RaftStorageDirectory (RaftStorageDirectory.java:analyzeStorage(246)) - The storage directory /workdir/hadoop-ozone/ozonefs/target/test-dir/MiniOzoneClusterImpl-646a9a0c-8e87-4326-8e6b-0cedd78f9de8/datanode-2/data/ratis/b77a5e06-c742-497f-a4ba-f435565d268f does not exist. Creating ...
2019-09-12 11:52:56,132 [pool-632-thread-1] INFO  storage.RaftStorageDirectory (RaftStorageDirectory.java:tryLock(328)) - Lock on /workdir/hadoop-ozone/ozonefs/target/test-dir/MiniOzoneClusterImpl-646a9a0c-8e87-4326-8e6b-0cedd78f9de8/datanode-2/data/ratis/b77a5e06-c742-497f-a4ba-f435565d268f/in_use.lock acquired by nodename 9769@pr-hdds-1569-xtfnx-3545843844
2019-09-12 11:52:56,144 [pool-632-thread-1] INFO  storage.RaftStorage (RaftStorage.java:format(72)) - Storage directory /workdir/hadoop-ozone/ozonefs/target/test-dir/MiniOzoneClusterImpl-646a9a0c-8e87-4326-8e6b-0cedd78f9de8/datanode-2/data/ratis/b77a5e06-c742-497f-a4ba-f435565d268f has been successfully formatted.
2019-09-12 11:52:56,144 [pool-632-thread-1] INFO  ratis.ContainerStateMachine (ContainerStateMachine.java:loadSnapshot(226)) - group-F435565D268F: The snapshot info is null. Setting the last applied indexto:(t:0, i:~)
2019-09-12 11:52:56,144 [pool-632-thread-1] INFO  server.RaftServerConfigKeys (ConfUtils.java:logGet(43)) - raft.server.leader.election.timeout = 120s (custom)
2019-09-12 11:52:56,145 [pool-632-thread-1] INFO  server.RaftServerConfigKeys (ConfUtils.java:logGet(43)) - raft.server.log.use.memory = false (default)
2019-09-12 11:52:56,145 [pool-632-thread-1] INFO  server.RaftServerConfigKeys (ConfUtils.java:logGet(43)) - raft.server.log.purge.gap = 1000000 (custom)
2019-09-12 11:52:56,145 [pool-632-thread-1] INFO  server.RaftServerConfigKeys (ConfUtils.java:logGet(43)) - raft.server.log.appender.buffer.byte-limit = 33554432 (custom)
2019-09-12 11:52:56,145 [pool-632-thread-1] INFO  server.RaftServerConfigKeys (ConfUtils.java:logGet(43)) - raft.server.log.segment.size.max = 1048576 (custom)
2019-09-12 11:52:56,145 [pool-632-thread-1] INFO  server.RaftServerConfigKeys (ConfUtils.java:logGet(43)) - raft.server.log.segment.cache.num.max = 2 (custom)
2019-09-12 11:52:56,145 [pool-632-thread-1] INFO  segmented.SegmentedRaftLogWorker (SegmentedRaftLogWorker.java:<init>(172)) - new 33be2364-dcc7-44bf-aa9c-22b983fb7304-SegmentedRaftLogWorker:Storage Directory /workdir/hadoop-ozone/ozonefs/target/test-dir/MiniOzoneClusterImpl-646a9a0c-8e87-4326-8e6b-0cedd78f9de8/datanode-2/data/ratis/b77a5e06-c742-497f-a4ba-f435565d268f for RaftStorage:Storage Directory /workdir/hadoop-ozone/ozonefs/target/test-dir/MiniOzoneClusterImpl-646a9a0c-8e87-4326-8e6b-0cedd78f9de8/datanode-2/data/ratis/b77a5e06-c742-497f-a4ba-f435565d268f
2019-09-12 11:52:56,145 [pool-632-thread-1] INFO  server.RaftServerConfigKeys (ConfUtils.java:logGet(43)) - raft.server.log.queue.byte-limit = 2147483647 (custom)
2019-09-12 11:52:56,145 [pool-632-thread-1] INFO  server.RaftServerConfigKeys (ConfUtils.java:logGet(43)) - raft.server.log.queue.element-limit = 1024 (custom)
2019-09-12 11:52:56,145 [pool-632-thread-1] INFO  server.RaftServerConfigKeys (ConfUtils.java:logGet(43)) - raft.server.log.segment.size.max = 1048576 (custom)
2019-09-12 11:52:56,145 [pool-632-thread-1] INFO  server.RaftServerConfigKeys (ConfUtils.java:logGet(43)) - raft.server.log.preallocated.size = 16384 (custom)
2019-09-12 11:52:56,146 [pool-632-thread-1] INFO  server.RaftServerConfigKeys (ConfUtils.java:logGet(43)) - raft.server.log.write.buffer.size = 33554432 (custom)
2019-09-12 11:52:56,146 [pool-632-thread-1] INFO  server.RaftServerConfigKeys (ConfUtils.java:logGet(43)) - raft.server.log.force.sync.num = 128 (default)
2019-09-12 11:52:56,146 [pool-632-thread-1] INFO  server.RaftServerConfigKeys (ConfUtils.java:logGet(43)) - raft.server.log.statemachine.data.sync = true (default)
2019-09-12 11:52:56,146 [pool-632-thread-1] INFO  server.RaftServerConfigKeys (ConfUtils.java:logGet(43)) - raft.server.log.statemachine.data.sync.timeout = 10s (default)
2019-09-12 11:52:56,146 [pool-632-thread-1] INFO  server.RaftServerConfigKeys (ConfUtils.java:logGet(43)) - raft.server.log.statemachine.data.sync.timeout.retry = -1 (default)
2019-09-12 11:52:56,146 [pool-632-thread-1] INFO  server.RaftServerConfigKeys (ConfUtils.java:logGet(43)) - raft.server.log.statemachine.data.caching.enabled = true (custom)
2019-09-12 11:52:56,146 [pool-632-thread-1] INFO  segmented.SegmentedRaftLogWorker (SegmentedRaftLogWorker.java:lambda$new$0(132)) - 33be2364-dcc7-44bf-aa9c-22b983fb7304-SegmentedRaftLogWorker:Storage Directory /workdir/hadoop-ozone/ozonefs/target/test-dir/MiniOzoneClusterImpl-646a9a0c-8e87-4326-8e6b-0cedd78f9de8/datanode-2/data/ratis/b77a5e06-c742-497f-a4ba-f435565d268f: flushIndex: setUnconditionally 0 -> -1
2019-09-12 11:52:56,147 [pool-632-thread-1] INFO  server.RaftServerConfigKeys (ConfUtils.java:logGet(43)) - raft.server.snapshot.auto.trigger.enabled = true (custom)
2019-09-12 11:52:56,147 [pool-632-thread-1] INFO  server.RaftServerConfigKeys (ConfUtils.java:logGet(43)) - raft.server.snapshot.auto.trigger.threshold = 10000 (custom)
2019-09-12 11:52:56,147 [pool-632-thread-1] INFO  server.RaftServerConfigKeys (ConfUtils.java:logGet(43)) - raft.server.retrycache.expirytime = 600000ms (custom)
2019-09-12 11:52:56,147 [pool-632-thread-1] INFO  impl.RaftServerImpl (RaftServerImpl.java:start(180)) - 33be2364-dcc7-44bf-aa9c-22b983fb7304: start group-F435565D268F
2019-09-12 11:52:56,147 [pool-632-thread-1] INFO  impl.RaftServerImpl (RaftServerImpl.java:setRole(171)) - 33be2364-dcc7-44bf-aa9c-22b983fb7304:group-F435565D268F changes role from null to FOLLOWER at term 0 for startAsFollower
2019-09-12 11:52:56,147 [pool-632-thread-1] INFO  impl.RoleInfo (RoleInfo.java:updateAndGet(143)) - 33be2364-dcc7-44bf-aa9c-22b983fb7304: start FollowerState
2019-09-12 11:52:56,147 [pool-632-thread-1] INFO  util.JmxRegister (JmxRegister.java:tryRegister(44)) - Successfully registered JMX Bean with object name Ratis:service=RaftServer,group=group-F435565D268F,id=33be2364-dcc7-44bf-aa9c-22b983fb7304
2019-09-12 11:52:56,149 [RatisPipelineUtilsThread] INFO  pipeline.PipelineStateManager (PipelineStateManager.java:addPipeline(56)) - Created pipeline Pipeline[ Id: b77a5e06-c742-497f-a4ba-f435565d268f, Nodes: 33be2364-dcc7-44bf-aa9c-22b983fb7304{ip: 192.168.157.195, host: pr-hdds-1569-xtfnx-3545843844, networkLocation: /default-rack, certSerialId: null}, Type:RATIS, Factor:ONE, State:OPEN]
2019-09-12 11:52:56,150 [RatisPipelineUtilsThread] ERROR pipeline.PipelinePlacementPolicy (PipelinePlacementPolicy.java:meetCriteria(91)) - Pipeline Placement: Doesn't meet the criteria to be viable node. Heaviness: 6
2019-09-12 11:52:56,150 [RatisPipelineUtilsThread] ERROR pipeline.PipelinePlacementPolicy (PipelinePlacementPolicy.java:meetCriteria(91)) - Pipeline Placement: Doesn't meet the criteria to be viable node. Heaviness: 6
2019-09-12 11:52:56,153 [grpc-default-executor-0] INFO  impl.RaftServerProxy (RaftServerProxy.java:addNew(89)) - 33be2364-dcc7-44bf-aa9c-22b983fb7304: addNew group-9B13239026DA:[33be2364-dcc7-44bf-aa9c-22b983fb7304:192.168.157.195:36665] returns group-9B13239026DA:java.util.concurrent.CompletableFuture@4f936e64[Not completed]
2019-09-12 11:52:56,154 [pool-632-thread-1] INFO  impl.RaftServerImpl (RaftServerImpl.java:<init>(93)) - 33be2364-dcc7-44bf-aa9c-22b983fb7304: new RaftServerImpl for group-9B13239026DA:[33be2364-dcc7-44bf-aa9c-22b983fb7304:192.168.157.195:36665] with ContainerStateMachine:uninitialized
2019-09-12 11:52:56,154 [pool-632-thread-1] INFO  server.RaftServerConfigKeys (ConfUtils.java:logGet(43)) - raft.server.rpc.timeout.min = 5s (custom)
2019-09-12 11:52:56,154 [pool-632-thread-1] INFO  server.RaftServerConfigKeys (ConfUtils.java:logGet(43)) - raft.server.rpc.timeout.max = 5200ms (custom)
2019-09-12 11:52:56,154 [pool-632-thread-1] INFO  server.RaftServerConfigKeys (ConfUtils.java:logGet(43)) - raft.server.rpcslowness.timeout = 120s (custom)
2019-09-12 11:52:56,155 [pool-632-thread-1] INFO  server.RaftServerConfigKeys (ConfUtils.java:logGet(43)) - raft.server.sleep.deviation.threshold = 300 (default)
2019-09-12 11:52:56,155 [pool-632-thread-1] INFO  server.RaftServerConfigKeys (ConfUtils.java:logGet(43)) - raft.server.log.appender.install.snapshot.enabled = false (custom)
2019-09-12 11:52:56,155 [pool-632-thread-1] INFO  impl.RaftServerImpl (ServerState.java:<init>(105)) - 33be2364-dcc7-44bf-aa9c-22b983fb7304:group-9B13239026DA ConfigurationManager, init=-1: [33be2364-dcc7-44bf-aa9c-22b983fb7304:192.168.157.195:36665], old=null, confs=<EMPTY_MAP>
2019-09-12 11:52:56,155 [pool-632-thread-1] INFO  server.RaftServerConfigKeys (ConfUtils.java:logGet(43)) - raft.server.storage.dir = [/workdir/hadoop-ozone/ozonefs/target/test-dir/MiniOzoneClusterImpl-646a9a0c-8e87-4326-8e6b-0cedd78f9de8/datanode-2/data/ratis] (custom)
2019-09-12 11:52:56,155 [pool-632-thread-1] INFO  storage.RaftStorageDirectory (RaftStorageDirectory.java:analyzeStorage(246)) - The storage directory /workdir/hadoop-ozone/ozonefs/target/test-dir/MiniOzoneClusterImpl-646a9a0c-8e87-4326-8e6b-0cedd78f9de8/datanode-2/data/ratis/64363b11-c7df-44c5-abb4-9b13239026da does not exist. Creating ...
2019-09-12 11:52:56,168 [pool-632-thread-1] INFO  storage.RaftStorageDirectory (RaftStorageDirectory.java:tryLock(328)) - Lock on /workdir/hadoop-ozone/ozonefs/target/test-dir/MiniOzoneClusterImpl-646a9a0c-8e87-4326-8e6b-0cedd78f9de8/datanode-2/data/ratis/64363b11-c7df-44c5-abb4-9b13239026da/in_use.lock acquired by nodename 9769@pr-hdds-1569-xtfnx-3545843844
2019-09-12 11:52:56,180 [pool-632-thread-1] INFO  storage.RaftStorage (RaftStorage.java:format(72)) - Storage directory /workdir/hadoop-ozone/ozonefs/target/test-dir/MiniOzoneClusterImpl-646a9a0c-8e87-4326-8e6b-0cedd78f9de8/datanode-2/data/ratis/64363b11-c7df-44c5-abb4-9b13239026da has been successfully formatted.
2019-09-12 11:52:56,180 [pool-632-thread-1] INFO  ratis.ContainerStateMachine (ContainerStateMachine.java:loadSnapshot(226)) - group-9B13239026DA: The snapshot info is null. Setting the last applied indexto:(t:0, i:~)
2019-09-12 11:52:56,180 [pool-632-thread-1] INFO  server.RaftServerConfigKeys (ConfUtils.java:logGet(43)) - raft.server.leader.election.timeout = 120s (custom)
2019-09-12 11:52:56,180 [pool-632-thread-1] INFO  server.RaftServerConfigKeys (ConfUtils.java:logGet(43)) - raft.server.log.use.memory = false (default)
2019-09-12 11:52:56,180 [pool-632-thread-1] INFO  server.RaftServerConfigKeys (ConfUtils.java:logGet(43)) - raft.server.log.purge.gap = 1000000 (custom)
2019-09-12 11:52:56,180 [pool-632-thread-1] INFO  server.RaftServerConfigKeys (ConfUtils.java:logGet(43)) - raft.server.log.appender.buffer.byte-limit = 33554432 (custom)
2019-09-12 11:52:56,181 [pool-632-thread-1] INFO  server.RaftServerConfigKeys (ConfUtils.java:logGet(43)) - raft.server.log.segment.size.max = 1048576 (custom)
2019-09-12 11:52:56,181 [pool-632-thread-1] INFO  server.RaftServerConfigKeys (ConfUtils.java:logGet(43)) - raft.server.log.segment.cache.num.max = 2 (custom)
2019-09-12 11:52:56,181 [pool-632-thread-1] INFO  segmented.SegmentedRaftLogWorker (SegmentedRaftLogWorker.java:<init>(172)) - new 33be2364-dcc7-44bf-aa9c-22b983fb7304-SegmentedRaftLogWorker:Storage Directory /workdir/hadoop-ozone/ozonefs/target/test-dir/MiniOzoneClusterImpl-646a9a0c-8e87-4326-8e6b-0cedd78f9de8/datanode-2/data/ratis/64363b11-c7df-44c5-abb4-9b13239026da for RaftStorage:Storage Directory /workdir/hadoop-ozone/ozonefs/target/test-dir/MiniOzoneClusterImpl-646a9a0c-8e87-4326-8e6b-0cedd78f9de8/datanode-2/data/ratis/64363b11-c7df-44c5-abb4-9b13239026da
2019-09-12 11:52:56,181 [pool-632-thread-1] INFO  server.RaftServerConfigKeys (ConfUtils.java:logGet(43)) - raft.server.log.queue.byte-limit = 2147483647 (custom)
2019-09-12 11:52:56,181 [pool-632-thread-1] INFO  server.RaftServerConfigKeys (ConfUtils.java:logGet(43)) - raft.server.log.queue.element-limit = 1024 (custom)
2019-09-12 11:52:56,181 [pool-632-thread-1] INFO  server.RaftServerConfigKeys (ConfUtils.java:logGet(43)) - raft.server.log.segment.size.max = 1048576 (custom)
2019-09-12 11:52:56,181 [pool-632-thread-1] INFO  server.RaftServerConfigKeys (ConfUtils.java:logGet(43)) - raft.server.log.preallocated.size = 16384 (custom)
2019-09-12 11:52:56,181 [pool-632-thread-1] INFO  server.RaftServerConfigKeys (ConfUtils.java:logGet(43)) - raft.server.log.write.buffer.size = 33554432 (custom)
2019-09-12 11:52:56,181 [pool-632-thread-1] INFO  server.RaftServerConfigKeys (ConfUtils.java:logGet(43)) - raft.server.log.force.sync.num = 128 (default)
2019-09-12 11:52:56,182 [pool-632-thread-1] INFO  server.RaftServerConfigKeys (ConfUtils.java:logGet(43)) - raft.server.log.statemachine.data.sync = true (default)
2019-09-12 11:52:56,182 [pool-632-thread-1] INFO  server.RaftServerConfigKeys (ConfUtils.java:logGet(43)) - raft.server.log.statemachine.data.sync.timeout = 10s (default)
2019-09-12 11:52:56,182 [pool-632-thread-1] INFO  server.RaftServerConfigKeys (ConfUtils.java:logGet(43)) - raft.server.log.statemachine.data.sync.timeout.retry = -1 (default)
2019-09-12 11:52:56,182 [pool-632-thread-1] INFO  server.RaftServerConfigKeys (ConfUtils.java:logGet(43)) - raft.server.log.statemachine.data.caching.enabled = true (custom)
2019-09-12 11:52:56,182 [pool-632-thread-1] INFO  segmented.SegmentedRaftLogWorker (SegmentedRaftLogWorker.java:lambda$new$0(132)) - 33be2364-dcc7-44bf-aa9c-22b983fb7304-SegmentedRaftLogWorker:Storage Directory /workdir/hadoop-ozone/ozonefs/target/test-dir/MiniOzoneClusterImpl-646a9a0c-8e87-4326-8e6b-0cedd78f9de8/datanode-2/data/ratis/64363b11-c7df-44c5-abb4-9b13239026da: flushIndex: setUnconditionally 0 -> -1
2019-09-12 11:52:56,182 [pool-632-thread-1] INFO  server.RaftServerConfigKeys (ConfUtils.java:logGet(43)) - raft.server.snapshot.auto.trigger.enabled = true (custom)
2019-09-12 11:52:56,182 [pool-632-thread-1] INFO  server.RaftServerConfigKeys (ConfUtils.java:logGet(43)) - raft.server.snapshot.auto.trigger.threshold = 10000 (custom)
2019-09-12 11:52:56,182 [pool-632-thread-1] INFO  server.RaftServerConfigKeys (ConfUtils.java:logGet(43)) - raft.server.retrycache.expirytime = 600000ms (custom)
2019-09-12 11:52:56,183 [pool-632-thread-1] INFO  impl.RaftServerImpl (RaftServerImpl.java:start(180)) - 33be2364-dcc7-44bf-aa9c-22b983fb7304: start group-9B13239026DA
2019-09-12 11:52:56,183 [pool-632-thread-1] INFO  impl.RaftServerImpl (RaftServerImpl.java:setRole(171)) - 33be2364-dcc7-44bf-aa9c-22b983fb7304:group-9B13239026DA changes role from null to FOLLOWER at term 0 for startAsFollower
2019-09-12 11:52:56,183 [pool-632-thread-1] INFO  impl.RoleInfo (RoleInfo.java:updateAndGet(143)) - 33be2364-dcc7-44bf-aa9c-22b983fb7304: start FollowerState
2019-09-12 11:52:56,183 [pool-632-thread-1] INFO  util.JmxRegister (JmxRegister.java:tryRegister(44)) - Successfully registered JMX Bean with object name Ratis:service=RaftServer,group=group-9B13239026DA,id=33be2364-dcc7-44bf-aa9c-22b983fb7304
2019-09-12 11:52:56,185 [RatisPipelineUtilsThread] INFO  pipeline.PipelineStateManager (PipelineStateManager.java:addPipeline(56)) - Created pipeline Pipeline[ Id: 64363b11-c7df-44c5-abb4-9b13239026da, Nodes: 33be2364-dcc7-44bf-aa9c-22b983fb7304{ip: 192.168.157.195, host: pr-hdds-1569-xtfnx-3545843844, networkLocation: /default-rack, certSerialId: null}, Type:RATIS, Factor:ONE, State:OPEN]
2019-09-12 11:52:56,185 [RatisPipelineUtilsThread] ERROR pipeline.PipelinePlacementPolicy (PipelinePlacementPolicy.java:meetCriteria(91)) - Pipeline Placement: Doesn't meet the criteria to be viable node. Heaviness: 6
2019-09-12 11:52:56,185 [RatisPipelineUtilsThread] ERROR pipeline.PipelinePlacementPolicy (PipelinePlacementPolicy.java:meetCriteria(91)) - Pipeline Placement: Doesn't meet the criteria to be viable node. Heaviness: 6
2019-09-12 11:52:56,189 [grpc-default-executor-0] INFO  impl.RaftServerProxy (RaftServerProxy.java:addNew(89)) - 33be2364-dcc7-44bf-aa9c-22b983fb7304: addNew group-57A342FF5708:[33be2364-dcc7-44bf-aa9c-22b983fb7304:192.168.157.195:36665] returns group-57A342FF5708:java.util.concurrent.CompletableFuture@563875d8[Not completed]
2019-09-12 11:52:56,190 [pool-632-thread-1] INFO  impl.RaftServerImpl (RaftServerImpl.java:<init>(93)) - 33be2364-dcc7-44bf-aa9c-22b983fb7304: new RaftServerImpl for group-57A342FF5708:[33be2364-dcc7-44bf-aa9c-22b983fb7304:192.168.157.195:36665] with ContainerStateMachine:uninitialized
2019-09-12 11:52:56,190 [pool-632-thread-1] INFO  server.RaftServerConfigKeys (ConfUtils.java:logGet(43)) - raft.server.rpc.timeout.min = 5s (custom)
2019-09-12 11:52:56,190 [pool-632-thread-1] INFO  server.RaftServerConfigKeys (ConfUtils.java:logGet(43)) - raft.server.rpc.timeout.max = 5200ms (custom)
2019-09-12 11:52:56,190 [pool-632-thread-1] INFO  server.RaftServerConfigKeys (ConfUtils.java:logGet(43)) - raft.server.rpcslowness.timeout = 120s (custom)
2019-09-12 11:52:56,190 [pool-632-thread-1] INFO  server.RaftServerConfigKeys (ConfUtils.java:logGet(43)) - raft.server.sleep.deviation.threshold = 300 (default)
2019-09-12 11:52:56,190 [pool-632-thread-1] INFO  server.RaftServerConfigKeys (ConfUtils.java:logGet(43)) - raft.server.log.appender.install.snapshot.enabled = false (custom)
2019-09-12 11:52:56,190 [pool-632-thread-1] INFO  impl.RaftServerImpl (ServerState.java:<init>(105)) - 33be2364-dcc7-44bf-aa9c-22b983fb7304:group-57A342FF5708 ConfigurationManager, init=-1: [33be2364-dcc7-44bf-aa9c-22b983fb7304:192.168.157.195:36665], old=null, confs=<EMPTY_MAP>
2019-09-12 11:52:56,190 [pool-632-thread-1] INFO  server.RaftServerConfigKeys (ConfUtils.java:logGet(43)) - raft.server.storage.dir = [/workdir/hadoop-ozone/ozonefs/target/test-dir/MiniOzoneClusterImpl-646a9a0c-8e87-4326-8e6b-0cedd78f9de8/datanode-2/data/ratis] (custom)
2019-09-12 11:52:56,191 [pool-632-thread-1] INFO  storage.RaftStorageDirectory (RaftStorageDirectory.java:analyzeStorage(246)) - The storage directory /workdir/hadoop-ozone/ozonefs/target/test-dir/MiniOzoneClusterImpl-646a9a0c-8e87-4326-8e6b-0cedd78f9de8/datanode-2/data/ratis/bc889531-1ad1-4b6b-8481-57a342ff5708 does not exist. Creating ...
2019-09-12 11:52:56,203 [pool-632-thread-1] INFO  storage.RaftStorageDirectory (RaftStorageDirectory.java:tryLock(328)) - Lock on /workdir/hadoop-ozone/ozonefs/target/test-dir/MiniOzoneClusterImpl-646a9a0c-8e87-4326-8e6b-0cedd78f9de8/datanode-2/data/ratis/bc889531-1ad1-4b6b-8481-57a342ff5708/in_use.lock acquired by nodename 9769@pr-hdds-1569-xtfnx-3545843844
2019-09-12 11:52:56,215 [pool-632-thread-1] INFO  storage.RaftStorage (RaftStorage.java:format(72)) - Storage directory /workdir/hadoop-ozone/ozonefs/target/test-dir/MiniOzoneClusterImpl-646a9a0c-8e87-4326-8e6b-0cedd78f9de8/datanode-2/data/ratis/bc889531-1ad1-4b6b-8481-57a342ff5708 has been successfully formatted.
2019-09-12 11:52:56,215 [pool-632-thread-1] INFO  ratis.ContainerStateMachine (ContainerStateMachine.java:loadSnapshot(226)) - group-57A342FF5708: The snapshot info is null. Setting the last applied indexto:(t:0, i:~)
2019-09-12 11:52:56,215 [pool-632-thread-1] INFO  server.RaftServerConfigKeys (ConfUtils.java:logGet(43)) - raft.server.leader.election.timeout = 120s (custom)
2019-09-12 11:52:56,216 [pool-632-thread-1] INFO  server.RaftServerConfigKeys (ConfUtils.java:logGet(43)) - raft.server.log.use.memory = false (default)
2019-09-12 11:52:56,216 [pool-632-thread-1] INFO  server.RaftServerConfigKeys (ConfUtils.java:logGet(43)) - raft.server.log.purge.gap = 1000000 (custom)
2019-09-12 11:52:56,216 [pool-632-thread-1] INFO  server.RaftServerConfigKeys (ConfUtils.java:logGet(43)) - raft.server.log.appender.buffer.byte-limit = 33554432 (custom)
2019-09-12 11:52:56,216 [pool-632-thread-1] INFO  server.RaftServerConfigKeys (ConfUtils.java:logGet(43)) - raft.server.log.segment.size.max = 1048576 (custom)
2019-09-12 11:52:56,216 [pool-632-thread-1] INFO  server.RaftServerConfigKeys (ConfUtils.java:logGet(43)) - raft.server.log.segment.cache.num.max = 2 (custom)
2019-09-12 11:52:56,216 [pool-632-thread-1] INFO  segmented.SegmentedRaftLogWorker (SegmentedRaftLogWorker.java:<init>(172)) - new 33be2364-dcc7-44bf-aa9c-22b983fb7304-SegmentedRaftLogWorker:Storage Directory /workdir/hadoop-ozone/ozonefs/target/test-dir/MiniOzoneClusterImpl-646a9a0c-8e87-4326-8e6b-0cedd78f9de8/datanode-2/data/ratis/bc889531-1ad1-4b6b-8481-57a342ff5708 for RaftStorage:Storage Directory /workdir/hadoop-ozone/ozonefs/target/test-dir/MiniOzoneClusterImpl-646a9a0c-8e87-4326-8e6b-0cedd78f9de8/datanode-2/data/ratis/bc889531-1ad1-4b6b-8481-57a342ff5708
2019-09-12 11:52:56,216 [pool-632-thread-1] INFO  server.RaftServerConfigKeys (ConfUtils.java:logGet(43)) - raft.server.log.queue.byte-limit = 2147483647 (custom)
2019-09-12 11:52:56,216 [pool-632-thread-1] INFO  server.RaftServerConfigKeys (ConfUtils.java:logGet(43)) - raft.server.log.queue.element-limit = 1024 (custom)
2019-09-12 11:52:56,217 [pool-632-thread-1] INFO  server.RaftServerConfigKeys (ConfUtils.java:logGet(43)) - raft.server.log.segment.size.max = 1048576 (custom)
2019-09-12 11:52:56,217 [pool-632-thread-1] INFO  server.RaftServerConfigKeys (ConfUtils.java:logGet(43)) - raft.server.log.preallocated.size = 16384 (custom)
2019-09-12 11:52:56,217 [pool-632-thread-1] INFO  server.RaftServerConfigKeys (ConfUtils.java:logGet(43)) - raft.server.log.write.buffer.size = 33554432 (custom)
2019-09-12 11:52:56,217 [pool-632-thread-1] INFO  server.RaftServerConfigKeys (ConfUtils.java:logGet(43)) - raft.server.log.force.sync.num = 128 (default)
2019-09-12 11:52:56,217 [pool-632-thread-1] INFO  server.RaftServerConfigKeys (ConfUtils.java:logGet(43)) - raft.server.log.statemachine.data.sync = true (default)
2019-09-12 11:52:56,217 [pool-632-thread-1] INFO  server.RaftServerConfigKeys (ConfUtils.java:logGet(43)) - raft.server.log.statemachine.data.sync.timeout = 10s (default)
2019-09-12 11:52:56,217 [pool-632-thread-1] INFO  server.RaftServerConfigKeys (ConfUtils.java:logGet(43)) - raft.server.log.statemachine.data.sync.timeout.retry = -1 (default)
2019-09-12 11:52:56,217 [pool-632-thread-1] INFO  server.RaftServerConfigKeys (ConfUtils.java:logGet(43)) - raft.server.log.statemachine.data.caching.enabled = true (custom)
2019-09-12 11:52:56,217 [pool-632-thread-1] INFO  segmented.SegmentedRaftLogWorker (SegmentedRaftLogWorker.java:lambda$new$0(132)) - 33be2364-dcc7-44bf-aa9c-22b983fb7304-SegmentedRaftLogWorker:Storage Directory /workdir/hadoop-ozone/ozonefs/target/test-dir/MiniOzoneClusterImpl-646a9a0c-8e87-4326-8e6b-0cedd78f9de8/datanode-2/data/ratis/bc889531-1ad1-4b6b-8481-57a342ff5708: flushIndex: setUnconditionally 0 -> -1
2019-09-12 11:52:56,218 [pool-632-thread-1] INFO  server.RaftServerConfigKeys (ConfUtils.java:logGet(43)) - raft.server.snapshot.auto.trigger.enabled = true (custom)
2019-09-12 11:52:56,218 [pool-632-thread-1] INFO  server.RaftServerConfigKeys (ConfUtils.java:logGet(43)) - raft.server.snapshot.auto.trigger.threshold = 10000 (custom)
2019-09-12 11:52:56,218 [pool-632-thread-1] INFO  server.RaftServerConfigKeys (ConfUtils.java:logGet(43)) - raft.server.retrycache.expirytime = 600000ms (custom)
2019-09-12 11:52:56,218 [pool-632-thread-1] INFO  impl.RaftServerImpl (RaftServerImpl.java:start(180)) - 33be2364-dcc7-44bf-aa9c-22b983fb7304: start group-57A342FF5708
2019-09-12 11:52:56,218 [pool-632-thread-1] INFO  impl.RaftServerImpl (RaftServerImpl.java:setRole(171)) - 33be2364-dcc7-44bf-aa9c-22b983fb7304:group-57A342FF5708 changes role from null to FOLLOWER at term 0 for startAsFollower
2019-09-12 11:52:56,218 [pool-632-thread-1] INFO  impl.RoleInfo (RoleInfo.java:updateAndGet(143)) - 33be2364-dcc7-44bf-aa9c-22b983fb7304: start FollowerState
2019-09-12 11:52:56,219 [pool-632-thread-1] INFO  util.JmxRegister (JmxRegister.java:tryRegister(44)) - Successfully registered JMX Bean with object name Ratis:service=RaftServer,group=group-57A342FF5708,id=33be2364-dcc7-44bf-aa9c-22b983fb7304
2019-09-12 11:52:56,221 [RatisPipelineUtilsThread] INFO  pipeline.PipelineStateManager (PipelineStateManager.java:addPipeline(56)) - Created pipeline Pipeline[ Id: bc889531-1ad1-4b6b-8481-57a342ff5708, Nodes: 33be2364-dcc7-44bf-aa9c-22b983fb7304{ip: 192.168.157.195, host: pr-hdds-1569-xtfnx-3545843844, networkLocation: /default-rack, certSerialId: null}, Type:RATIS, Factor:ONE, State:OPEN]
2019-09-12 11:52:56,221 [RatisPipelineUtilsThread] ERROR pipeline.PipelinePlacementPolicy (PipelinePlacementPolicy.java:meetCriteria(91)) - Pipeline Placement: Doesn't meet the criteria to be viable node. Heaviness: 6
2019-09-12 11:52:56,221 [RatisPipelineUtilsThread] ERROR pipeline.PipelinePlacementPolicy (PipelinePlacementPolicy.java:meetCriteria(91)) - Pipeline Placement: Doesn't meet the criteria to be viable node. Heaviness: 6
2019-09-12 11:52:56,225 [grpc-default-executor-0] INFO  impl.RaftServerProxy (RaftServerProxy.java:addNew(89)) - 33be2364-dcc7-44bf-aa9c-22b983fb7304: addNew group-75932B615EF4:[33be2364-dcc7-44bf-aa9c-22b983fb7304:192.168.157.195:36665] returns group-75932B615EF4:java.util.concurrent.CompletableFuture@63eb1e9d[Not completed]
2019-09-12 11:52:56,226 [pool-632-thread-1] INFO  impl.RaftServerImpl (RaftServerImpl.java:<init>(93)) - 33be2364-dcc7-44bf-aa9c-22b983fb7304: new RaftServerImpl for group-75932B615EF4:[33be2364-dcc7-44bf-aa9c-22b983fb7304:192.168.157.195:36665] with ContainerStateMachine:uninitialized
2019-09-12 11:52:56,226 [pool-632-thread-1] INFO  server.RaftServerConfigKeys (ConfUtils.java:logGet(43)) - raft.server.rpc.timeout.min = 5s (custom)
2019-09-12 11:52:56,226 [pool-632-thread-1] INFO  server.RaftServerConfigKeys (ConfUtils.java:logGet(43)) - raft.server.rpc.timeout.max = 5200ms (custom)
2019-09-12 11:52:56,226 [pool-632-thread-1] INFO  server.RaftServerConfigKeys (ConfUtils.java:logGet(43)) - raft.server.rpcslowness.timeout = 120s (custom)
2019-09-12 11:52:56,226 [pool-632-thread-1] INFO  server.RaftServerConfigKeys (ConfUtils.java:logGet(43)) - raft.server.sleep.deviation.threshold = 300 (default)
2019-09-12 11:52:56,226 [pool-632-thread-1] INFO  server.RaftServerConfigKeys (ConfUtils.java:logGet(43)) - raft.server.log.appender.install.snapshot.enabled = false (custom)
2019-09-12 11:52:56,227 [pool-632-thread-1] INFO  impl.RaftServerImpl (ServerState.java:<init>(105)) - 33be2364-dcc7-44bf-aa9c-22b983fb7304:group-75932B615EF4 ConfigurationManager, init=-1: [33be2364-dcc7-44bf-aa9c-22b983fb7304:192.168.157.195:36665], old=null, confs=<EMPTY_MAP>
2019-09-12 11:52:56,227 [pool-632-thread-1] INFO  server.RaftServerConfigKeys (ConfUtils.java:logGet(43)) - raft.server.storage.dir = [/workdir/hadoop-ozone/ozonefs/target/test-dir/MiniOzoneClusterImpl-646a9a0c-8e87-4326-8e6b-0cedd78f9de8/datanode-2/data/ratis] (custom)
2019-09-12 11:52:56,227 [pool-632-thread-1] INFO  storage.RaftStorageDirectory (RaftStorageDirectory.java:analyzeStorage(246)) - The storage directory /workdir/hadoop-ozone/ozonefs/target/test-dir/MiniOzoneClusterImpl-646a9a0c-8e87-4326-8e6b-0cedd78f9de8/datanode-2/data/ratis/54ab9dd2-d1f7-45d5-955e-75932b615ef4 does not exist. Creating ...
2019-09-12 11:52:56,240 [pool-632-thread-1] INFO  storage.RaftStorageDirectory (RaftStorageDirectory.java:tryLock(328)) - Lock on /workdir/hadoop-ozone/ozonefs/target/test-dir/MiniOzoneClusterImpl-646a9a0c-8e87-4326-8e6b-0cedd78f9de8/datanode-2/data/ratis/54ab9dd2-d1f7-45d5-955e-75932b615ef4/in_use.lock acquired by nodename 9769@pr-hdds-1569-xtfnx-3545843844
2019-09-12 11:52:56,251 [pool-632-thread-1] INFO  storage.RaftStorage (RaftStorage.java:format(72)) - Storage directory /workdir/hadoop-ozone/ozonefs/target/test-dir/MiniOzoneClusterImpl-646a9a0c-8e87-4326-8e6b-0cedd78f9de8/datanode-2/data/ratis/54ab9dd2-d1f7-45d5-955e-75932b615ef4 has been successfully formatted.
2019-09-12 11:52:56,251 [pool-632-thread-1] INFO  ratis.ContainerStateMachine (ContainerStateMachine.java:loadSnapshot(226)) - group-75932B615EF4: The snapshot info is null. Setting the last applied indexto:(t:0, i:~)
2019-09-12 11:52:56,251 [pool-632-thread-1] INFO  server.RaftServerConfigKeys (ConfUtils.java:logGet(43)) - raft.server.leader.election.timeout = 120s (custom)
2019-09-12 11:52:56,251 [pool-632-thread-1] INFO  server.RaftServerConfigKeys (ConfUtils.java:logGet(43)) - raft.server.log.use.memory = false (default)
2019-09-12 11:52:56,251 [pool-632-thread-1] INFO  server.RaftServerConfigKeys (ConfUtils.java:logGet(43)) - raft.server.log.purge.gap = 1000000 (custom)
2019-09-12 11:52:56,252 [pool-632-thread-1] INFO  server.RaftServerConfigKeys (ConfUtils.java:logGet(43)) - raft.server.log.appender.buffer.byte-limit = 33554432 (custom)
2019-09-12 11:52:56,252 [pool-632-thread-1] INFO  server.RaftServerConfigKeys (ConfUtils.java:logGet(43)) - raft.server.log.segment.size.max = 1048576 (custom)
2019-09-12 11:52:56,252 [pool-632-thread-1] INFO  server.RaftServerConfigKeys (ConfUtils.java:logGet(43)) - raft.server.log.segment.cache.num.max = 2 (custom)
2019-09-12 11:52:56,252 [pool-632-thread-1] INFO  segmented.SegmentedRaftLogWorker (SegmentedRaftLogWorker.java:<init>(172)) - new 33be2364-dcc7-44bf-aa9c-22b983fb7304-SegmentedRaftLogWorker:Storage Directory /workdir/hadoop-ozone/ozonefs/target/test-dir/MiniOzoneClusterImpl-646a9a0c-8e87-4326-8e6b-0cedd78f9de8/datanode-2/data/ratis/54ab9dd2-d1f7-45d5-955e-75932b615ef4 for RaftStorage:Storage Directory /workdir/hadoop-ozone/ozonefs/target/test-dir/MiniOzoneClusterImpl-646a9a0c-8e87-4326-8e6b-0cedd78f9de8/datanode-2/data/ratis/54ab9dd2-d1f7-45d5-955e-75932b615ef4
2019-09-12 11:52:56,252 [pool-632-thread-1] INFO  server.RaftServerConfigKeys (ConfUtils.java:logGet(43)) - raft.server.log.queue.byte-limit = 2147483647 (custom)
2019-09-12 11:52:56,252 [pool-632-thread-1] INFO  server.RaftServerConfigKeys (ConfUtils.java:logGet(43)) - raft.server.log.queue.element-limit = 1024 (custom)
2019-09-12 11:52:56,252 [pool-632-thread-1] INFO  server.RaftServerConfigKeys (ConfUtils.java:logGet(43)) - raft.server.log.segment.size.max = 1048576 (custom)
2019-09-12 11:52:56,252 [pool-632-thread-1] INFO  server.RaftServerConfigKeys (ConfUtils.java:logGet(43)) - raft.server.log.preallocated.size = 16384 (custom)
2019-09-12 11:52:56,252 [pool-632-thread-1] INFO  server.RaftServerConfigKeys (ConfUtils.java:logGet(43)) - raft.server.log.write.buffer.size = 33554432 (custom)
2019-09-12 11:52:56,252 [pool-632-thread-1] INFO  server.RaftServerConfigKeys (ConfUtils.java:logGet(43)) - raft.server.log.force.sync.num = 128 (default)
2019-09-12 11:52:56,253 [pool-632-thread-1] INFO  server.RaftServerConfigKeys (ConfUtils.java:logGet(43)) - raft.server.log.statemachine.data.sync = true (default)
2019-09-12 11:52:56,253 [pool-632-thread-1] INFO  server.RaftServerConfigKeys (ConfUtils.java:logGet(43)) - raft.server.log.statemachine.data.sync.timeout = 10s (default)
2019-09-12 11:52:56,253 [pool-632-thread-1] INFO  server.RaftServerConfigKeys (ConfUtils.java:logGet(43)) - raft.server.log.statemachine.data.sync.timeout.retry = -1 (default)
2019-09-12 11:52:56,253 [pool-632-thread-1] INFO  server.RaftServerConfigKeys (ConfUtils.java:logGet(43)) - raft.server.log.statemachine.data.caching.enabled = true (custom)
2019-09-12 11:52:56,253 [pool-632-thread-1] INFO  segmented.SegmentedRaftLogWorker (SegmentedRaftLogWorker.java:lambda$new$0(132)) - 33be2364-dcc7-44bf-aa9c-22b983fb7304-SegmentedRaftLogWorker:Storage Directory /workdir/hadoop-ozone/ozonefs/target/test-dir/MiniOzoneClusterImpl-646a9a0c-8e87-4326-8e6b-0cedd78f9de8/datanode-2/data/ratis/54ab9dd2-d1f7-45d5-955e-75932b615ef4: flushIndex: setUnconditionally 0 -> -1
2019-09-12 11:52:56,253 [pool-632-thread-1] INFO  server.RaftServerConfigKeys (ConfUtils.java:logGet(43)) - raft.server.snapshot.auto.trigger.enabled = true (custom)
2019-09-12 11:52:56,253 [pool-632-thread-1] INFO  server.RaftServerConfigKeys (ConfUtils.java:logGet(43)) - raft.server.snapshot.auto.trigger.threshold = 10000 (custom)
2019-09-12 11:52:56,254 [pool-632-thread-1] INFO  server.RaftServerConfigKeys (ConfUtils.java:logGet(43)) - raft.server.retrycache.expirytime = 600000ms (custom)
2019-09-12 11:52:56,254 [pool-632-thread-1] INFO  impl.RaftServerImpl (RaftServerImpl.java:start(180)) - 33be2364-dcc7-44bf-aa9c-22b983fb7304: start group-75932B615EF4
2019-09-12 11:52:56,254 [pool-632-thread-1] INFO  impl.RaftServerImpl (RaftServerImpl.java:setRole(171)) - 33be2364-dcc7-44bf-aa9c-22b983fb7304:group-75932B615EF4 changes role from null to FOLLOWER at term 0 for startAsFollower
2019-09-12 11:52:56,254 [pool-632-thread-1] INFO  impl.RoleInfo (RoleInfo.java:updateAndGet(143)) - 33be2364-dcc7-44bf-aa9c-22b983fb7304: start FollowerState
2019-09-12 11:52:56,254 [pool-632-thread-1] INFO  util.JmxRegister (JmxRegister.java:tryRegister(44)) - Successfully registered JMX Bean with object name Ratis:service=RaftServer,group=group-75932B615EF4,id=33be2364-dcc7-44bf-aa9c-22b983fb7304
2019-09-12 11:52:56,257 [RatisPipelineUtilsThread] INFO  pipeline.PipelineStateManager (PipelineStateManager.java:addPipeline(56)) - Created pipeline Pipeline[ Id: 54ab9dd2-d1f7-45d5-955e-75932b615ef4, Nodes: 33be2364-dcc7-44bf-aa9c-22b983fb7304{ip: 192.168.157.195, host: pr-hdds-1569-xtfnx-3545843844, networkLocation: /default-rack, certSerialId: null}, Type:RATIS, Factor:ONE, State:OPEN]
2019-09-12 11:52:56,257 [RatisPipelineUtilsThread] ERROR pipeline.PipelinePlacementPolicy (PipelinePlacementPolicy.java:meetCriteria(91)) - Pipeline Placement: Doesn't meet the criteria to be viable node. Heaviness: 6
2019-09-12 11:52:56,257 [RatisPipelineUtilsThread] ERROR pipeline.PipelinePlacementPolicy (PipelinePlacementPolicy.java:meetCriteria(91)) - Pipeline Placement: Doesn't meet the criteria to be viable node. Heaviness: 6
2019-09-12 11:52:56,262 [grpc-default-executor-0] INFO  impl.RaftServerProxy (RaftServerProxy.java:addNew(89)) - 33be2364-dcc7-44bf-aa9c-22b983fb7304: addNew group-3605A18E2683:[33be2364-dcc7-44bf-aa9c-22b983fb7304:192.168.157.195:36665] returns group-3605A18E2683:java.util.concurrent.CompletableFuture@f353a11[Not completed]
2019-09-12 11:52:56,263 [pool-632-thread-1] INFO  impl.RaftServerImpl (RaftServerImpl.java:<init>(93)) - 33be2364-dcc7-44bf-aa9c-22b983fb7304: new RaftServerImpl for group-3605A18E2683:[33be2364-dcc7-44bf-aa9c-22b983fb7304:192.168.157.195:36665] with ContainerStateMachine:uninitialized
2019-09-12 11:52:56,263 [pool-632-thread-1] INFO  server.RaftServerConfigKeys (ConfUtils.java:logGet(43)) - raft.server.rpc.timeout.min = 5s (custom)
2019-09-12 11:52:56,263 [pool-632-thread-1] INFO  server.RaftServerConfigKeys (ConfUtils.java:logGet(43)) - raft.server.rpc.timeout.max = 5200ms (custom)
2019-09-12 11:52:56,263 [pool-632-thread-1] INFO  server.RaftServerConfigKeys (ConfUtils.java:logGet(43)) - raft.server.rpcslowness.timeout = 120s (custom)
2019-09-12 11:52:56,263 [pool-632-thread-1] INFO  server.RaftServerConfigKeys (ConfUtils.java:logGet(43)) - raft.server.sleep.deviation.threshold = 300 (default)
2019-09-12 11:52:56,263 [pool-632-thread-1] INFO  server.RaftServerConfigKeys (ConfUtils.java:logGet(43)) - raft.server.log.appender.install.snapshot.enabled = false (custom)
2019-09-12 11:52:56,264 [pool-632-thread-1] INFO  impl.RaftServerImpl (ServerState.java:<init>(105)) - 33be2364-dcc7-44bf-aa9c-22b983fb7304:group-3605A18E2683 ConfigurationManager, init=-1: [33be2364-dcc7-44bf-aa9c-22b983fb7304:192.168.157.195:36665], old=null, confs=<EMPTY_MAP>
2019-09-12 11:52:56,264 [pool-632-thread-1] INFO  server.RaftServerConfigKeys (ConfUtils.java:logGet(43)) - raft.server.storage.dir = [/workdir/hadoop-ozone/ozonefs/target/test-dir/MiniOzoneClusterImpl-646a9a0c-8e87-4326-8e6b-0cedd78f9de8/datanode-2/data/ratis] (custom)
2019-09-12 11:52:56,264 [pool-632-thread-1] INFO  storage.RaftStorageDirectory (RaftStorageDirectory.java:analyzeStorage(246)) - The storage directory /workdir/hadoop-ozone/ozonefs/target/test-dir/MiniOzoneClusterImpl-646a9a0c-8e87-4326-8e6b-0cedd78f9de8/datanode-2/data/ratis/51b0db4f-5a90-43e8-a41e-3605a18e2683 does not exist. Creating ...
2019-09-12 11:52:56,275 [pool-632-thread-1] INFO  storage.RaftStorageDirectory (RaftStorageDirectory.java:tryLock(328)) - Lock on /workdir/hadoop-ozone/ozonefs/target/test-dir/MiniOzoneClusterImpl-646a9a0c-8e87-4326-8e6b-0cedd78f9de8/datanode-2/data/ratis/51b0db4f-5a90-43e8-a41e-3605a18e2683/in_use.lock acquired by nodename 9769@pr-hdds-1569-xtfnx-3545843844
2019-09-12 11:52:56,288 [pool-632-thread-1] INFO  storage.RaftStorage (RaftStorage.java:format(72)) - Storage directory /workdir/hadoop-ozone/ozonefs/target/test-dir/MiniOzoneClusterImpl-646a9a0c-8e87-4326-8e6b-0cedd78f9de8/datanode-2/data/ratis/51b0db4f-5a90-43e8-a41e-3605a18e2683 has been successfully formatted.
2019-09-12 11:52:56,288 [pool-632-thread-1] INFO  ratis.ContainerStateMachine (ContainerStateMachine.java:loadSnapshot(226)) - group-3605A18E2683: The snapshot info is null. Setting the last applied indexto:(t:0, i:~)
2019-09-12 11:52:56,288 [pool-632-thread-1] INFO  server.RaftServerConfigKeys (ConfUtils.java:logGet(43)) - raft.server.leader.election.timeout = 120s (custom)
2019-09-12 11:52:56,288 [pool-632-thread-1] INFO  server.RaftServerConfigKeys (ConfUtils.java:logGet(43)) - raft.server.log.use.memory = false (default)
2019-09-12 11:52:56,289 [pool-632-thread-1] INFO  server.RaftServerConfigKeys (ConfUtils.java:logGet(43)) - raft.server.log.purge.gap = 1000000 (custom)
2019-09-12 11:52:56,289 [pool-632-thread-1] INFO  server.RaftServerConfigKeys (ConfUtils.java:logGet(43)) - raft.server.log.appender.buffer.byte-limit = 33554432 (custom)
2019-09-12 11:52:56,289 [pool-632-thread-1] INFO  server.RaftServerConfigKeys (ConfUtils.java:logGet(43)) - raft.server.log.segment.size.max = 1048576 (custom)
2019-09-12 11:52:56,289 [pool-632-thread-1] INFO  server.RaftServerConfigKeys (ConfUtils.java:logGet(43)) - raft.server.log.segment.cache.num.max = 2 (custom)
2019-09-12 11:52:56,289 [pool-632-thread-1] INFO  segmented.SegmentedRaftLogWorker (SegmentedRaftLogWorker.java:<init>(172)) - new 33be2364-dcc7-44bf-aa9c-22b983fb7304-SegmentedRaftLogWorker:Storage Directory /workdir/hadoop-ozone/ozonefs/target/test-dir/MiniOzoneClusterImpl-646a9a0c-8e87-4326-8e6b-0cedd78f9de8/datanode-2/data/ratis/51b0db4f-5a90-43e8-a41e-3605a18e2683 for RaftStorage:Storage Directory /workdir/hadoop-ozone/ozonefs/target/test-dir/MiniOzoneClusterImpl-646a9a0c-8e87-4326-8e6b-0cedd78f9de8/datanode-2/data/ratis/51b0db4f-5a90-43e8-a41e-3605a18e2683
2019-09-12 11:52:56,289 [pool-632-thread-1] INFO  server.RaftServerConfigKeys (ConfUtils.java:logGet(43)) - raft.server.log.queue.byte-limit = 2147483647 (custom)
2019-09-12 11:52:56,289 [pool-632-thread-1] INFO  server.RaftServerConfigKeys (ConfUtils.java:logGet(43)) - raft.server.log.queue.element-limit = 1024 (custom)
2019-09-12 11:52:56,289 [pool-632-thread-1] INFO  server.RaftServerConfigKeys (ConfUtils.java:logGet(43)) - raft.server.log.segment.size.max = 1048576 (custom)
2019-09-12 11:52:56,289 [pool-632-thread-1] INFO  server.RaftServerConfigKeys (ConfUtils.java:logGet(43)) - raft.server.log.preallocated.size = 16384 (custom)
2019-09-12 11:52:56,289 [pool-632-thread-1] INFO  server.RaftServerConfigKeys (ConfUtils.java:logGet(43)) - raft.server.log.write.buffer.size = 33554432 (custom)
2019-09-12 11:52:56,290 [pool-632-thread-1] INFO  server.RaftServerConfigKeys (ConfUtils.java:logGet(43)) - raft.server.log.force.sync.num = 128 (default)
2019-09-12 11:52:56,290 [pool-632-thread-1] INFO  server.RaftServerConfigKeys (ConfUtils.java:logGet(43)) - raft.server.log.statemachine.data.sync = true (default)
2019-09-12 11:52:56,290 [pool-632-thread-1] INFO  server.RaftServerConfigKeys (ConfUtils.java:logGet(43)) - raft.server.log.statemachine.data.sync.timeout = 10s (default)
2019-09-12 11:52:56,290 [pool-632-thread-1] INFO  server.RaftServerConfigKeys (ConfUtils.java:logGet(43)) - raft.server.log.statemachine.data.sync.timeout.retry = -1 (default)
2019-09-12 11:52:56,290 [pool-632-thread-1] INFO  server.RaftServerConfigKeys (ConfUtils.java:logGet(43)) - raft.server.log.statemachine.data.caching.enabled = true (custom)
2019-09-12 11:52:56,290 [pool-632-thread-1] INFO  segmented.SegmentedRaftLogWorker (SegmentedRaftLogWorker.java:lambda$new$0(132)) - 33be2364-dcc7-44bf-aa9c-22b983fb7304-SegmentedRaftLogWorker:Storage Directory /workdir/hadoop-ozone/ozonefs/target/test-dir/MiniOzoneClusterImpl-646a9a0c-8e87-4326-8e6b-0cedd78f9de8/datanode-2/data/ratis/51b0db4f-5a90-43e8-a41e-3605a18e2683: flushIndex: setUnconditionally 0 -> -1
2019-09-12 11:52:56,290 [pool-632-thread-1] INFO  server.RaftServerConfigKeys (ConfUtils.java:logGet(43)) - raft.server.snapshot.auto.trigger.enabled = true (custom)
2019-09-12 11:52:56,291 [pool-632-thread-1] INFO  server.RaftServerConfigKeys (ConfUtils.java:logGet(43)) - raft.server.snapshot.auto.trigger.threshold = 10000 (custom)
2019-09-12 11:52:56,291 [pool-632-thread-1] INFO  server.RaftServerConfigKeys (ConfUtils.java:logGet(43)) - raft.server.retrycache.expirytime = 600000ms (custom)
2019-09-12 11:52:56,291 [pool-632-thread-1] INFO  impl.RaftServerImpl (RaftServerImpl.java:start(180)) - 33be2364-dcc7-44bf-aa9c-22b983fb7304: start group-3605A18E2683
2019-09-12 11:52:56,291 [pool-632-thread-1] INFO  impl.RaftServerImpl (RaftServerImpl.java:setRole(171)) - 33be2364-dcc7-44bf-aa9c-22b983fb7304:group-3605A18E2683 changes role from null to FOLLOWER at term 0 for startAsFollower
2019-09-12 11:52:56,291 [pool-632-thread-1] INFO  impl.RoleInfo (RoleInfo.java:updateAndGet(143)) - 33be2364-dcc7-44bf-aa9c-22b983fb7304: start FollowerState
2019-09-12 11:52:56,291 [pool-632-thread-1] INFO  util.JmxRegister (JmxRegister.java:tryRegister(44)) - Successfully registered JMX Bean with object name Ratis:service=RaftServer,group=group-3605A18E2683,id=33be2364-dcc7-44bf-aa9c-22b983fb7304
2019-09-12 11:52:56,293 [RatisPipelineUtilsThread] INFO  pipeline.PipelineStateManager (PipelineStateManager.java:addPipeline(56)) - Created pipeline Pipeline[ Id: 51b0db4f-5a90-43e8-a41e-3605a18e2683, Nodes: 33be2364-dcc7-44bf-aa9c-22b983fb7304{ip: 192.168.157.195, host: pr-hdds-1569-xtfnx-3545843844, networkLocation: /default-rack, certSerialId: null}, Type:RATIS, Factor:ONE, State:OPEN]
2019-09-12 11:52:56,294 [RatisPipelineUtilsThread] ERROR pipeline.PipelinePlacementPolicy (PipelinePlacementPolicy.java:meetCriteria(91)) - Pipeline Placement: Doesn't meet the criteria to be viable node. Heaviness: 6
2019-09-12 11:52:56,294 [RatisPipelineUtilsThread] ERROR pipeline.PipelinePlacementPolicy (PipelinePlacementPolicy.java:meetCriteria(91)) - Pipeline Placement: Doesn't meet the criteria to be viable node. Heaviness: 6
2019-09-12 11:52:56,298 [grpc-default-executor-0] INFO  impl.RaftServerProxy (RaftServerProxy.java:addNew(89)) - 33be2364-dcc7-44bf-aa9c-22b983fb7304: addNew group-7D3D574DD91A:[33be2364-dcc7-44bf-aa9c-22b983fb7304:192.168.157.195:36665] returns group-7D3D574DD91A:java.util.concurrent.CompletableFuture@7e367134[Not completed]
2019-09-12 11:52:56,299 [pool-632-thread-1] INFO  impl.RaftServerImpl (RaftServerImpl.java:<init>(93)) - 33be2364-dcc7-44bf-aa9c-22b983fb7304: new RaftServerImpl for group-7D3D574DD91A:[33be2364-dcc7-44bf-aa9c-22b983fb7304:192.168.157.195:36665] with ContainerStateMachine:uninitialized
2019-09-12 11:52:56,299 [pool-632-thread-1] INFO  server.RaftServerConfigKeys (ConfUtils.java:logGet(43)) - raft.server.rpc.timeout.min = 5s (custom)
2019-09-12 11:52:56,299 [pool-632-thread-1] INFO  server.RaftServerConfigKeys (ConfUtils.java:logGet(43)) - raft.server.rpc.timeout.max = 5200ms (custom)
2019-09-12 11:52:56,299 [pool-632-thread-1] INFO  server.RaftServerConfigKeys (ConfUtils.java:logGet(43)) - raft.server.rpcslowness.timeout = 120s (custom)
2019-09-12 11:52:56,299 [pool-632-thread-1] INFO  server.RaftServerConfigKeys (ConfUtils.java:logGet(43)) - raft.server.sleep.deviation.threshold = 300 (default)
2019-09-12 11:52:56,299 [pool-632-thread-1] INFO  server.RaftServerConfigKeys (ConfUtils.java:logGet(43)) - raft.server.log.appender.install.snapshot.enabled = false (custom)
2019-09-12 11:52:56,299 [pool-632-thread-1] INFO  impl.RaftServerImpl (ServerState.java:<init>(105)) - 33be2364-dcc7-44bf-aa9c-22b983fb7304:group-7D3D574DD91A ConfigurationManager, init=-1: [33be2364-dcc7-44bf-aa9c-22b983fb7304:192.168.157.195:36665], old=null, confs=<EMPTY_MAP>
2019-09-12 11:52:56,299 [pool-632-thread-1] INFO  server.RaftServerConfigKeys (ConfUtils.java:logGet(43)) - raft.server.storage.dir = [/workdir/hadoop-ozone/ozonefs/target/test-dir/MiniOzoneClusterImpl-646a9a0c-8e87-4326-8e6b-0cedd78f9de8/datanode-2/data/ratis] (custom)
2019-09-12 11:52:56,299 [pool-632-thread-1] INFO  storage.RaftStorageDirectory (RaftStorageDirectory.java:analyzeStorage(246)) - The storage directory /workdir/hadoop-ozone/ozonefs/target/test-dir/MiniOzoneClusterImpl-646a9a0c-8e87-4326-8e6b-0cedd78f9de8/datanode-2/data/ratis/3b4d3c9e-9fc0-4e9d-98b9-7d3d574dd91a does not exist. Creating ...
2019-09-12 11:52:56,312 [pool-632-thread-1] INFO  storage.RaftStorageDirectory (RaftStorageDirectory.java:tryLock(328)) - Lock on /workdir/hadoop-ozone/ozonefs/target/test-dir/MiniOzoneClusterImpl-646a9a0c-8e87-4326-8e6b-0cedd78f9de8/datanode-2/data/ratis/3b4d3c9e-9fc0-4e9d-98b9-7d3d574dd91a/in_use.lock acquired by nodename 9769@pr-hdds-1569-xtfnx-3545843844
2019-09-12 11:52:56,324 [pool-632-thread-1] INFO  storage.RaftStorage (RaftStorage.java:format(72)) - Storage directory /workdir/hadoop-ozone/ozonefs/target/test-dir/MiniOzoneClusterImpl-646a9a0c-8e87-4326-8e6b-0cedd78f9de8/datanode-2/data/ratis/3b4d3c9e-9fc0-4e9d-98b9-7d3d574dd91a has been successfully formatted.
2019-09-12 11:52:56,325 [pool-632-thread-1] INFO  ratis.ContainerStateMachine (ContainerStateMachine.java:loadSnapshot(226)) - group-7D3D574DD91A: The snapshot info is null. Setting the last applied indexto:(t:0, i:~)
2019-09-12 11:52:56,325 [pool-632-thread-1] INFO  server.RaftServerConfigKeys (ConfUtils.java:logGet(43)) - raft.server.leader.election.timeout = 120s (custom)
2019-09-12 11:52:56,325 [pool-632-thread-1] INFO  server.RaftServerConfigKeys (ConfUtils.java:logGet(43)) - raft.server.log.use.memory = false (default)
2019-09-12 11:52:56,325 [pool-632-thread-1] INFO  server.RaftServerConfigKeys (ConfUtils.java:logGet(43)) - raft.server.log.purge.gap = 1000000 (custom)
2019-09-12 11:52:56,325 [pool-632-thread-1] INFO  server.RaftServerConfigKeys (ConfUtils.java:logGet(43)) - raft.server.log.appender.buffer.byte-limit = 33554432 (custom)
2019-09-12 11:52:56,325 [pool-632-thread-1] INFO  server.RaftServerConfigKeys (ConfUtils.java:logGet(43)) - raft.server.log.segment.size.max = 1048576 (custom)
2019-09-12 11:52:56,325 [pool-632-thread-1] INFO  server.RaftServerConfigKeys (ConfUtils.java:logGet(43)) - raft.server.log.segment.cache.num.max = 2 (custom)
2019-09-12 11:52:56,326 [pool-632-thread-1] INFO  segmented.SegmentedRaftLogWorker (SegmentedRaftLogWorker.java:<init>(172)) - new 33be2364-dcc7-44bf-aa9c-22b983fb7304-SegmentedRaftLogWorker:Storage Directory /workdir/hadoop-ozone/ozonefs/target/test-dir/MiniOzoneClusterImpl-646a9a0c-8e87-4326-8e6b-0cedd78f9de8/datanode-2/data/ratis/3b4d3c9e-9fc0-4e9d-98b9-7d3d574dd91a for RaftStorage:Storage Directory /workdir/hadoop-ozone/ozonefs/target/test-dir/MiniOzoneClusterImpl-646a9a0c-8e87-4326-8e6b-0cedd78f9de8/datanode-2/data/ratis/3b4d3c9e-9fc0-4e9d-98b9-7d3d574dd91a
2019-09-12 11:52:56,326 [pool-632-thread-1] INFO  server.RaftServerConfigKeys (ConfUtils.java:logGet(43)) - raft.server.log.queue.byte-limit = 2147483647 (custom)
2019-09-12 11:52:56,326 [pool-632-thread-1] INFO  server.RaftServerConfigKeys (ConfUtils.java:logGet(43)) - raft.server.log.queue.element-limit = 1024 (custom)
2019-09-12 11:52:56,326 [pool-632-thread-1] INFO  server.RaftServerConfigKeys (ConfUtils.java:logGet(43)) - raft.server.log.segment.size.max = 1048576 (custom)
2019-09-12 11:52:56,326 [pool-632-thread-1] INFO  server.RaftServerConfigKeys (ConfUtils.java:logGet(43)) - raft.server.log.preallocated.size = 16384 (custom)
2019-09-12 11:52:56,326 [pool-632-thread-1] INFO  server.RaftServerConfigKeys (ConfUtils.java:logGet(43)) - raft.server.log.write.buffer.size = 33554432 (custom)
2019-09-12 11:52:56,326 [pool-632-thread-1] INFO  server.RaftServerConfigKeys (ConfUtils.java:logGet(43)) - raft.server.log.force.sync.num = 128 (default)
2019-09-12 11:52:56,326 [pool-632-thread-1] INFO  server.RaftServerConfigKeys (ConfUtils.java:logGet(43)) - raft.server.log.statemachine.data.sync = true (default)
2019-09-12 11:52:56,326 [pool-632-thread-1] INFO  server.RaftServerConfigKeys (ConfUtils.java:logGet(43)) - raft.server.log.statemachine.data.sync.timeout = 10s (default)
2019-09-12 11:52:56,326 [pool-632-thread-1] INFO  server.RaftServerConfigKeys (ConfUtils.java:logGet(43)) - raft.server.log.statemachine.data.sync.timeout.retry = -1 (default)
2019-09-12 11:52:56,327 [pool-632-thread-1] INFO  server.RaftServerConfigKeys (ConfUtils.java:logGet(43)) - raft.server.log.statemachine.data.caching.enabled = true (custom)
2019-09-12 11:52:56,327 [pool-632-thread-1] INFO  segmented.SegmentedRaftLogWorker (SegmentedRaftLogWorker.java:lambda$new$0(132)) - 33be2364-dcc7-44bf-aa9c-22b983fb7304-SegmentedRaftLogWorker:Storage Directory /workdir/hadoop-ozone/ozonefs/target/test-dir/MiniOzoneClusterImpl-646a9a0c-8e87-4326-8e6b-0cedd78f9de8/datanode-2/data/ratis/3b4d3c9e-9fc0-4e9d-98b9-7d3d574dd91a: flushIndex: setUnconditionally 0 -> -1
2019-09-12 11:52:56,327 [pool-632-thread-1] INFO  server.RaftServerConfigKeys (ConfUtils.java:logGet(43)) - raft.server.snapshot.auto.trigger.enabled = true (custom)
2019-09-12 11:52:56,327 [pool-632-thread-1] INFO  server.RaftServerConfigKeys (ConfUtils.java:logGet(43)) - raft.server.snapshot.auto.trigger.threshold = 10000 (custom)
2019-09-12 11:52:56,327 [pool-632-thread-1] INFO  server.RaftServerConfigKeys (ConfUtils.java:logGet(43)) - raft.server.retrycache.expirytime = 600000ms (custom)
2019-09-12 11:52:56,327 [pool-632-thread-1] INFO  impl.RaftServerImpl (RaftServerImpl.java:start(180)) - 33be2364-dcc7-44bf-aa9c-22b983fb7304: start group-7D3D574DD91A
2019-09-12 11:52:56,328 [pool-632-thread-1] INFO  impl.RaftServerImpl (RaftServerImpl.java:setRole(171)) - 33be2364-dcc7-44bf-aa9c-22b983fb7304:group-7D3D574DD91A changes role from null to FOLLOWER at term 0 for startAsFollower
2019-09-12 11:52:56,328 [pool-632-thread-1] INFO  impl.RoleInfo (RoleInfo.java:updateAndGet(143)) - 33be2364-dcc7-44bf-aa9c-22b983fb7304: start FollowerState
2019-09-12 11:52:56,328 [pool-632-thread-1] INFO  util.JmxRegister (JmxRegister.java:tryRegister(44)) - Successfully registered JMX Bean with object name Ratis:service=RaftServer,group=group-7D3D574DD91A,id=33be2364-dcc7-44bf-aa9c-22b983fb7304
2019-09-12 11:52:56,330 [RatisPipelineUtilsThread] INFO  pipeline.PipelineStateManager (PipelineStateManager.java:addPipeline(56)) - Created pipeline Pipeline[ Id: 3b4d3c9e-9fc0-4e9d-98b9-7d3d574dd91a, Nodes: 33be2364-dcc7-44bf-aa9c-22b983fb7304{ip: 192.168.157.195, host: pr-hdds-1569-xtfnx-3545843844, networkLocation: /default-rack, certSerialId: null}, Type:RATIS, Factor:ONE, State:OPEN]
2019-09-12 11:52:56,330 [RatisPipelineUtilsThread] ERROR pipeline.PipelinePlacementPolicy (PipelinePlacementPolicy.java:meetCriteria(91)) - Pipeline Placement: Doesn't meet the criteria to be viable node. Heaviness: 6
2019-09-12 11:52:56,331 [RatisPipelineUtilsThread] ERROR pipeline.PipelinePlacementPolicy (PipelinePlacementPolicy.java:meetCriteria(91)) - Pipeline Placement: Doesn't meet the criteria to be viable node. Heaviness: 6
2019-09-12 11:52:56,331 [RatisPipelineUtilsThread] ERROR pipeline.PipelinePlacementPolicy (PipelinePlacementPolicy.java:meetCriteria(91)) - Pipeline Placement: Doesn't meet the criteria to be viable node. Heaviness: 6
2019-09-12 11:52:56,331 [RatisPipelineUtilsThread] ERROR pipeline.PipelinePlacementPolicy (PipelinePlacementPolicy.java:filterViableNodes(146)) - Unable to find enough nodes that meet the criteria that cannot engage in more than 5 pipelines. Nodes required: 1 Found: 0, healthy nodes count inNodeManager: 3.
2019-09-12 11:52:56,331 [RatisPipelineUtilsThread] ERROR pipeline.SCMPipelineManager (SCMPipelineManager.java:createPipeline(161)) - Pipeline creation failed due to exception: Unable to find enough nodes that meet the criteria that cannot engage in more than 5 pipelines. Nodes required: 1 Found: 0, healthy nodes count inNodeManager: 3.
2019-09-12 11:52:56,331 [RatisPipelineUtilsThread] ERROR pipeline.PipelinePlacementPolicy (PipelinePlacementPolicy.java:meetCriteria(91)) - Pipeline Placement: Doesn't meet the criteria to be viable node. Heaviness: 6
2019-09-12 11:52:56,331 [RatisPipelineUtilsThread] ERROR pipeline.PipelinePlacementPolicy (PipelinePlacementPolicy.java:meetCriteria(91)) - Pipeline Placement: Doesn't meet the criteria to be viable node. Heaviness: 6
2019-09-12 11:52:56,331 [RatisPipelineUtilsThread] ERROR pipeline.PipelinePlacementPolicy (PipelinePlacementPolicy.java:meetCriteria(91)) - Pipeline Placement: Doesn't meet the criteria to be viable node. Heaviness: 6
2019-09-12 11:52:56,332 [RatisPipelineUtilsThread] ERROR pipeline.PipelinePlacementPolicy (PipelinePlacementPolicy.java:filterViableNodes(146)) - Unable to find enough nodes that meet the criteria that cannot engage in more than 5 pipelines. Nodes required: 3 Found: 0, healthy nodes count inNodeManager: 3.
2019-09-12 11:52:56,332 [RatisPipelineUtilsThread] ERROR pipeline.SCMPipelineManager (SCMPipelineManager.java:createPipeline(161)) - Pipeline creation failed due to exception: Unable to find enough nodes that meet the criteria that cannot engage in more than 5 pipelines. Nodes required: 3 Found: 0, healthy nodes count inNodeManager: 3.
2019-09-12 11:52:57,112 [main] INFO  ozone.MiniOzoneClusterImpl (MiniOzoneClusterImpl.java:lambda$waitForClusterToBeReady$0(142)) - Cluster is ready. Got 3 of 3 DN Heartbeats.
2019-09-12 11:52:57,241 | INFO  | OMAudit | user=jenkins1000 | ip=127.0.0.1 | op=CREATE_VOLUME {admin=admin49463, owner=user72948, volume=volume49297, creationTime=1568289177240, quotaInBytes=1152921504606846976} | ret=SUCCESS |  
2019-09-12 11:52:57,247 | INFO  | OMAudit | user=jenkins1000 | ip=127.0.0.1 | op=CREATE_BUCKET {volume=volume49297, bucket=bucket14844, acls=[], isVersionEnabled=false, storageType=DISK, creationTime=0} | ret=SUCCESS |  
2019-09-12 11:52:57,274 | INFO  | OMAudit | user=jenkins1000 | ip=127.0.0.1 | op=READ_VOLUME {volume=volume49297} | ret=SUCCESS |  
2019-09-12 11:52:57,275 | INFO  | OMAudit | user=jenkins1000 | ip=127.0.0.1 | op=READ_BUCKET {volume=volume49297, bucket=bucket14844} | ret=SUCCESS |  
2019-09-12 11:52:57,297 [IPC Server handler 1 on 39473] ERROR pipeline.PipelinePlacementPolicy (PipelinePlacementPolicy.java:meetCriteria(91)) - Pipeline Placement: Doesn't meet the criteria to be viable node. Heaviness: 6
2019-09-12 11:52:57,297 [IPC Server handler 1 on 39473] ERROR pipeline.PipelinePlacementPolicy (PipelinePlacementPolicy.java:meetCriteria(91)) - Pipeline Placement: Doesn't meet the criteria to be viable node. Heaviness: 6
2019-09-12 11:52:57,297 [IPC Server handler 1 on 39473] ERROR pipeline.PipelinePlacementPolicy (PipelinePlacementPolicy.java:meetCriteria(91)) - Pipeline Placement: Doesn't meet the criteria to be viable node. Heaviness: 6
2019-09-12 11:52:57,297 [IPC Server handler 1 on 39473] ERROR pipeline.PipelinePlacementPolicy (PipelinePlacementPolicy.java:filterViableNodes(146)) - Unable to find enough nodes that meet the criteria that cannot engage in more than 5 pipelines. Nodes required: 3 Found: 0, healthy nodes count inNodeManager: 3.
2019-09-12 11:52:57,298 [IPC Server handler 1 on 39473] ERROR pipeline.SCMPipelineManager (SCMPipelineManager.java:createPipeline(161)) - Pipeline creation failed due to exception: Unable to find enough nodes that meet the criteria that cannot engage in more than 5 pipelines. Nodes required: 3 Found: 0, healthy nodes count inNodeManager: 3.
2019-09-12 11:52:57,298 [IPC Server handler 1 on 39473] WARN  block.BlockManagerImpl (BlockManagerImpl.java:allocateBlock(192)) - Pipeline creation failed for type:RATIS factor:THREE. Retrying get pipelines call once.
org.apache.hadoop.hdds.scm.exceptions.SCMException: Unable to find enough nodes that meet the criteria that cannot engage in more than 5 pipelines. Nodes required: 3 Found: 0, healthy nodes count inNodeManager: 3.
	at org.apache.hadoop.hdds.scm.pipeline.PipelinePlacementPolicy.filterViableNodes(PipelinePlacementPolicy.java:147)
	at org.apache.hadoop.hdds.scm.pipeline.PipelinePlacementPolicy.chooseDatanodes(PipelinePlacementPolicy.java:170)
	at org.apache.hadoop.hdds.scm.pipeline.RatisPipelineProvider.create(RatisPipelineProvider.java:92)
	at org.apache.hadoop.hdds.scm.pipeline.PipelineFactory.create(PipelineFactory.java:57)
	at org.apache.hadoop.hdds.scm.pipeline.SCMPipelineManager.createPipeline(SCMPipelineManager.java:149)
	at org.apache.hadoop.hdds.scm.block.BlockManagerImpl.allocateBlock(BlockManagerImpl.java:190)
	at org.apache.hadoop.hdds.scm.server.SCMBlockProtocolServer.allocateBlock(SCMBlockProtocolServer.java:175)
	at org.apache.hadoop.ozone.protocolPB.ScmBlockLocationProtocolServerSideTranslatorPB.allocateScmBlock(ScmBlockLocationProtocolServerSideTranslatorPB.java:153)
	at org.apache.hadoop.ozone.protocolPB.ScmBlockLocationProtocolServerSideTranslatorPB.send(ScmBlockLocationProtocolServerSideTranslatorPB.java:112)
	at org.apache.hadoop.hdds.protocol.proto.ScmBlockLocationProtocolProtos$ScmBlockLocationProtocolService$2.callBlockingMethod(ScmBlockLocationProtocolProtos.java:13157)
	at org.apache.hadoop.ipc.ProtobufRpcEngine$Server$ProtoBufRpcInvoker.call(ProtobufRpcEngine.java:524)
	at org.apache.hadoop.ipc.RPC$Server.call(RPC.java:1025)
	at org.apache.hadoop.ipc.Server$RpcCall.run(Server.java:876)
	at org.apache.hadoop.ipc.Server$RpcCall.run(Server.java:822)
	at java.security.AccessController.doPrivileged(Native Method)
	at javax.security.auth.Subject.doAs(Subject.java:422)
	at org.apache.hadoop.security.UserGroupInformation.doAs(UserGroupInformation.java:1730)
	at org.apache.hadoop.ipc.Server$Handler.run(Server.java:2682)
2019-09-12 11:52:57,298 [IPC Server handler 1 on 39473] INFO  block.BlockManagerImpl (BlockManagerImpl.java:allocateBlock(198)) - Could not find available pipeline of type:RATIS and factor:THREE even after retrying
2019-09-12 11:52:57,298 [IPC Server handler 1 on 39473] ERROR block.BlockManagerImpl (BlockManagerImpl.java:allocateBlock(222)) - Unable to allocate a block for the size: 4194304, type: RATIS, factor: THREE
2019-09-12 11:52:57,298 | INFO  | SCMAudit | user=jenkins1000 | ip=192.168.157.195 | op=ALLOCATE_BLOCK {owner=095b515b-ecda-4b6c-a10c-d094a39a9624, size=4194304, type=RATIS, factor=THREE} | ret=SUCCESS |  
2019-09-12 11:52:57,299 | ERROR | OMAudit | user=jenkins1000 | ip=127.0.0.1 | op=CREATE_FILE {volume=volume49297, bucket=bucket14844, key=Z1pdk, dataSize=0, replicationType=RATIS, replicationFactor=THREE, keyLocationInfo=null} | ret=FAILURE | org.apache.hadoop.hdds.scm.exceptions.SCMException: Allocated 0 blocks. Requested 1 blocks
	at org.apache.hadoop.hdds.scm.protocolPB.ScmBlockLocationProtocolClientSideTranslatorPB.handleError(ScmBlockLocationProtocolClientSideTranslatorPB.java:118)
	at org.apache.hadoop.hdds.scm.protocolPB.ScmBlockLocationProtocolClientSideTranslatorPB.allocateBlock(ScmBlockLocationProtocolClientSideTranslatorPB.java:156) 
2019-09-12 11:52:57,300 [main] INFO  ozone.MiniOzoneClusterImpl (MiniOzoneClusterImpl.java:shutdown(321)) - Shutting down the Mini Ozone Cluster
2019-09-12 11:52:57,300 | INFO  | SCMAudit | user=null | ip=null | op=GET_SCM_INFO null | ret=SUCCESS |  
2019-09-12 11:52:57,300 [main] INFO  ozone.MiniOzoneClusterImpl (MiniOzoneClusterImpl.java:stop(336)) - Stopping the Mini Ozone Cluster
2019-09-12 11:52:57,301 [main] INFO  ozone.MiniOzoneClusterImpl (MiniOzoneClusterImpl.java:stop(338)) - Stopping the OzoneManager
2019-09-12 11:52:57,301 [main] INFO  ipc.Server (Server.java:stop(3082)) - Stopping server on 44089
2019-09-12 11:52:57,306 [IPC Server listener on 44089] INFO  ipc.Server (Server.java:run(1185)) - Stopping IPC Server listener on 44089
2019-09-12 11:52:57,306 [main] INFO  ratis.OzoneManagerDoubleBuffer (OzoneManagerDoubleBuffer.java:stop(248)) - Stopping OMDoubleBuffer flush thread
2019-09-12 11:52:57,306 [IPC Server Responder] INFO  ipc.Server (Server.java:run(1319)) - Stopping IPC Server Responder
2019-09-12 11:52:57,307 [OMDoubleBufferFlushThread] INFO  ratis.OzoneManagerDoubleBuffer (OzoneManagerDoubleBuffer.java:flushTransactions(191)) - OMDoubleBuffer flush thread OMDoubleBufferFlushThread is interrupted and will exit. OMDoubleBufferFlushThread
2019-09-12 11:52:57,308 [main] INFO  utils.BackgroundService (BackgroundService.java:shutdown(148)) - Shutting down service KeyDeletingService
2019-09-12 11:52:57,309 [main] INFO  handler.ContextHandler (ContextHandler.java:doStop(910)) - Stopped o.e.j.w.WebAppContext@3366a998{/,null,UNAVAILABLE}{/ozoneManager}
2019-09-12 11:52:57,310 [main] INFO  server.AbstractConnector (AbstractConnector.java:doStop(318)) - Stopped ServerConnector@3c0403a{HTTP/1.1,[http/1.1]}{0.0.0.0:0}
2019-09-12 11:52:57,310 [main] INFO  handler.ContextHandler (ContextHandler.java:doStop(910)) - Stopped o.e.j.s.ServletContextHandler@68178281{/static,jar:file:/home/user/.m2/repository/org/apache/hadoop/hadoop-ozone-ozone-manager/0.5.0-SNAPSHOT/hadoop-ozone-ozone-manager-0.5.0-SNAPSHOT.jar!/webapps/static,UNAVAILABLE}
2019-09-12 11:52:57,311 [main] INFO  handler.ContextHandler (ContextHandler.java:doStop(910)) - Stopped o.e.j.s.ServletContextHandler@49e69196{/logs,file:///workdir/hadoop-ozone/ozonefs/target/log,UNAVAILABLE}
2019-09-12 11:52:57,313 [main] INFO  ozone.MiniOzoneClusterImpl (MiniOzoneClusterImpl.java:stop(344)) - Shutting the HddsDatanodes
2019-09-12 11:52:57,314 [main] INFO  datanode.ObjectStoreHandler (ObjectStoreHandler.java:close(155)) - Closing ObjectStoreHandler.
2019-09-12 11:52:57,314 [ForkJoinPool.commonPool-worker-0] INFO  datanode.ObjectStoreHandler (ObjectStoreHandler.java:close(155)) - Closing ObjectStoreHandler.
2019-09-12 11:52:57,314 [main] INFO  ozone.HddsDatanodeService (HddsDatanodeService.java:stop(451)) - Stopped plug-in org.apache.hadoop.ozone.web.OzoneHddsDatanodeService@69cf9acb
2019-09-12 11:52:57,314 [ForkJoinPool.commonPool-worker-0] INFO  ozone.HddsDatanodeService (HddsDatanodeService.java:stop(451)) - Stopped plug-in org.apache.hadoop.ozone.web.OzoneHddsDatanodeService@2407f1a8
2019-09-12 11:52:57,713 [Datanode State Machine Thread - 0] INFO  statemachine.DatanodeStateMachine (DatanodeStateMachine.java:lambda$startDaemon$0(350)) - Ozone container server started.
2019-09-12 11:52:57,909 [Datanode State Machine Thread - 0] INFO  statemachine.DatanodeStateMachine (DatanodeStateMachine.java:lambda$startDaemon$0(350)) - Ozone container server started.
2019-09-12 11:52:58,112 | INFO  | SCMAudit | user=jenkins1000 | ip=192.168.157.195 | op=SEND_HEARTBEAT {datanodeUUID=33be2364-dcc7-44bf-aa9c-22b983fb7304, command=[]} | ret=SUCCESS |  
2019-09-12 11:52:58,719 [Thread-3094] INFO  container.ReplicationManager (ReplicationManager.java:start(151)) - Starting Replication Monitor Thread.
2019-09-12 11:52:58,722 [ReplicationMonitor] INFO  container.ReplicationManager (ReplicationManager.java:run(214)) - Replication Monitor Thread took 0 milliseconds for processing 0 containers.
2019-09-12 11:52:59,112 | INFO  | SCMAudit | user=jenkins1000 | ip=192.168.157.195 | op=SEND_HEARTBEAT {datanodeUUID=33be2364-dcc7-44bf-aa9c-22b983fb7304, command=[]} | ret=SUCCESS |  
2019-09-12 11:53:00,112 | INFO  | SCMAudit | user=jenkins1000 | ip=192.168.157.195 | op=SEND_HEARTBEAT {datanodeUUID=33be2364-dcc7-44bf-aa9c-22b983fb7304, command=[]} | ret=SUCCESS |  
2019-09-12 11:53:00,865 [Thread-3102] INFO  impl.FollowerState (FollowerState.java:run(106)) - c51fd1b3-2db3-4e28-b21a-7e66a3359c4c:group-603410E9CC9B changes to CANDIDATE, lastRpcTime:5033, electionTimeout:5033ms
2019-09-12 11:53:00,865 [Thread-3102] INFO  impl.RoleInfo (RoleInfo.java:shutdownFollowerState(121)) - c51fd1b3-2db3-4e28-b21a-7e66a3359c4c: shutdown FollowerState
2019-09-12 11:53:00,865 [Thread-3102] INFO  impl.RaftServerImpl (RaftServerImpl.java:setRole(171)) - c51fd1b3-2db3-4e28-b21a-7e66a3359c4c:group-603410E9CC9B changes role from FOLLOWER to CANDIDATE at term 0 for changeToCandidate
2019-09-12 11:53:00,865 [Thread-3102] INFO  impl.RoleInfo (RoleInfo.java:updateAndGet(143)) - c51fd1b3-2db3-4e28-b21a-7e66a3359c4c: start LeaderElection
2019-09-12 11:53:00,883 [c51fd1b3-2db3-4e28-b21a-7e66a3359c4c:group-603410E9CC9B:LeaderElection199] INFO  impl.LeaderElection (LeaderElection.java:askForVotes(181)) - c51fd1b3-2db3-4e28-b21a-7e66a3359c4c:group-603410E9CC9B:LeaderElection199: begin an election at term 1 for -1: [c51fd1b3-2db3-4e28-b21a-7e66a3359c4c:192.168.157.195:36922], old=null
2019-09-12 11:53:00,883 [c51fd1b3-2db3-4e28-b21a-7e66a3359c4c:group-603410E9CC9B:LeaderElection199] INFO  impl.RoleInfo (RoleInfo.java:shutdownLeaderElection(134)) - c51fd1b3-2db3-4e28-b21a-7e66a3359c4c: shutdown LeaderElection
2019-09-12 11:53:00,883 [c51fd1b3-2db3-4e28-b21a-7e66a3359c4c:group-603410E9CC9B:LeaderElection199] INFO  impl.RaftServerImpl (RaftServerImpl.java:setRole(171)) - c51fd1b3-2db3-4e28-b21a-7e66a3359c4c:group-603410E9CC9B changes role from CANDIDATE to LEADER at term 1 for changeToLeader
2019-09-12 11:53:00,883 [c51fd1b3-2db3-4e28-b21a-7e66a3359c4c:group-603410E9CC9B:LeaderElection199] INFO  impl.RaftServerImpl (ServerState.java:setLeader(263)) - c51fd1b3-2db3-4e28-b21a-7e66a3359c4c:group-603410E9CC9B change Leader from null to c51fd1b3-2db3-4e28-b21a-7e66a3359c4c at term 1 for becomeLeader, leader elected after 5055ms
2019-09-12 11:53:00,884 [c51fd1b3-2db3-4e28-b21a-7e66a3359c4c:group-603410E9CC9B:LeaderElection199] INFO  server.RaftServerConfigKeys (ConfUtils.java:logGet(43)) - raft.server.staging.catchup.gap = 1000 (default)
2019-09-12 11:53:00,884 [c51fd1b3-2db3-4e28-b21a-7e66a3359c4c:group-603410E9CC9B:LeaderElection199] INFO  server.RaftServerConfigKeys (ConfUtils.java:logGet(43)) - raft.server.rpc.sleep.time = 25ms (default)
2019-09-12 11:53:00,884 [c51fd1b3-2db3-4e28-b21a-7e66a3359c4c:group-603410E9CC9B:LeaderElection199] INFO  server.RaftServerConfigKeys (ConfUtils.java:logGet(43)) - raft.server.write.element-limit = 4096 (default)
2019-09-12 11:53:00,885 [c51fd1b3-2db3-4e28-b21a-7e66a3359c4c:group-603410E9CC9B:LeaderElection199] INFO  server.RaftServerConfigKeys (ConfUtils.java:logGet(43)) - raft.server.watch.timeout = 10s (default)
2019-09-12 11:53:00,885 [c51fd1b3-2db3-4e28-b21a-7e66a3359c4c:group-603410E9CC9B:LeaderElection199] INFO  server.RaftServerConfigKeys (ConfUtils.java:logGet(43)) - raft.server.watch.timeout.denomination = 1s (default)
2019-09-12 11:53:00,885 [c51fd1b3-2db3-4e28-b21a-7e66a3359c4c:group-603410E9CC9B:LeaderElection199] INFO  server.RaftServerConfigKeys (ConfUtils.java:logGet(43)) - raft.server.watch.element-limit = 65536 (default)
2019-09-12 11:53:00,885 [c51fd1b3-2db3-4e28-b21a-7e66a3359c4c:group-603410E9CC9B:LeaderElection199] INFO  impl.RoleInfo (RoleInfo.java:updateAndGet(143)) - c51fd1b3-2db3-4e28-b21a-7e66a3359c4c: start LeaderState
2019-09-12 11:53:00,886 [c51fd1b3-2db3-4e28-b21a-7e66a3359c4c:group-603410E9CC9B:LeaderElection199] INFO  segmented.SegmentedRaftLogWorker (SegmentedRaftLogWorker.java:startLogSegment(380)) - c51fd1b3-2db3-4e28-b21a-7e66a3359c4c-SegmentedRaftLogWorker:Storage Directory /workdir/hadoop-ozone/ozonefs/target/test-dir/MiniOzoneClusterImpl-646a9a0c-8e87-4326-8e6b-0cedd78f9de8/datanode-0/data/ratis/48cc1e97-80a3-4697-b356-603410e9cc9b: Starting segment from index:0
2019-09-12 11:53:00,887 [c51fd1b3-2db3-4e28-b21a-7e66a3359c4c:group-603410E9CC9B:LeaderElection199] INFO  impl.RaftServerImpl (ServerState.java:setRaftConf(361)) - c51fd1b3-2db3-4e28-b21a-7e66a3359c4c:group-603410E9CC9B set configuration 0: [c51fd1b3-2db3-4e28-b21a-7e66a3359c4c:192.168.157.195:36922], old=null at 0
2019-09-12 11:53:00,911 [Thread-3096] INFO  impl.FollowerState (FollowerState.java:run(106)) - c51fd1b3-2db3-4e28-b21a-7e66a3359c4c:group-F1B23150327C changes to CANDIDATE, lastRpcTime:5151, electionTimeout:5151ms
2019-09-12 11:53:00,911 [Thread-3096] INFO  impl.RoleInfo (RoleInfo.java:shutdownFollowerState(121)) - c51fd1b3-2db3-4e28-b21a-7e66a3359c4c: shutdown FollowerState
2019-09-12 11:53:00,911 [Thread-3096] INFO  impl.RaftServerImpl (RaftServerImpl.java:setRole(171)) - c51fd1b3-2db3-4e28-b21a-7e66a3359c4c:group-F1B23150327C changes role from FOLLOWER to CANDIDATE at term 0 for changeToCandidate
2019-09-12 11:53:00,911 [Thread-3096] INFO  impl.RoleInfo (RoleInfo.java:updateAndGet(143)) - c51fd1b3-2db3-4e28-b21a-7e66a3359c4c: start LeaderElection
2019-09-12 11:53:00,928 [Thread-3108] INFO  impl.FollowerState (FollowerState.java:run(106)) - c51fd1b3-2db3-4e28-b21a-7e66a3359c4c:group-3AA6DA7D4F79 changes to CANDIDATE, lastRpcTime:5022, electionTimeout:5018ms
2019-09-12 11:53:00,928 [Thread-3108] INFO  impl.RoleInfo (RoleInfo.java:shutdownFollowerState(121)) - c51fd1b3-2db3-4e28-b21a-7e66a3359c4c: shutdown FollowerState
2019-09-12 11:53:00,928 [Thread-3108] INFO  impl.RaftServerImpl (RaftServerImpl.java:setRole(171)) - c51fd1b3-2db3-4e28-b21a-7e66a3359c4c:group-3AA6DA7D4F79 changes role from FOLLOWER to CANDIDATE at term 0 for changeToCandidate
2019-09-12 11:53:00,929 [Thread-3108] INFO  impl.RoleInfo (RoleInfo.java:updateAndGet(143)) - c51fd1b3-2db3-4e28-b21a-7e66a3359c4c: start LeaderElection
2019-09-12 11:53:00,940 [c51fd1b3-2db3-4e28-b21a-7e66a3359c4c-SegmentedRaftLogWorker:Storage Directory /workdir/hadoop-ozone/ozonefs/target/test-dir/MiniOzoneClusterImpl-646a9a0c-8e87-4326-8e6b-0cedd78f9de8/datanode-0/data/ratis/48cc1e97-80a3-4697-b356-603410e9cc9b] INFO  segmented.SegmentedRaftLogWorker (SegmentedRaftLogWorker.java:execute(569)) - c51fd1b3-2db3-4e28-b21a-7e66a3359c4c-SegmentedRaftLogWorker:Storage Directory /workdir/hadoop-ozone/ozonefs/target/test-dir/MiniOzoneClusterImpl-646a9a0c-8e87-4326-8e6b-0cedd78f9de8/datanode-0/data/ratis/48cc1e97-80a3-4697-b356-603410e9cc9b: created new log segment /workdir/hadoop-ozone/ozonefs/target/test-dir/MiniOzoneClusterImpl-646a9a0c-8e87-4326-8e6b-0cedd78f9de8/datanode-0/data/ratis/48cc1e97-80a3-4697-b356-603410e9cc9b/current/log_inprogress_0
2019-09-12 11:53:00,940 [c51fd1b3-2db3-4e28-b21a-7e66a3359c4c:group-F1B23150327C:LeaderElection200] INFO  impl.LeaderElection (LeaderElection.java:askForVotes(181)) - c51fd1b3-2db3-4e28-b21a-7e66a3359c4c:group-F1B23150327C:LeaderElection200: begin an election at term 1 for -1: [c51fd1b3-2db3-4e28-b21a-7e66a3359c4c:192.168.157.195:36922], old=null
2019-09-12 11:53:00,940 [c51fd1b3-2db3-4e28-b21a-7e66a3359c4c:group-3AA6DA7D4F79:LeaderElection201] INFO  impl.LeaderElection (LeaderElection.java:askForVotes(181)) - c51fd1b3-2db3-4e28-b21a-7e66a3359c4c:group-3AA6DA7D4F79:LeaderElection201: begin an election at term 1 for -1: [c51fd1b3-2db3-4e28-b21a-7e66a3359c4c:192.168.157.195:36922], old=null
2019-09-12 11:53:00,940 [c51fd1b3-2db3-4e28-b21a-7e66a3359c4c:group-F1B23150327C:LeaderElection200] INFO  impl.RoleInfo (RoleInfo.java:shutdownLeaderElection(134)) - c51fd1b3-2db3-4e28-b21a-7e66a3359c4c: shutdown LeaderElection
2019-09-12 11:53:00,940 [c51fd1b3-2db3-4e28-b21a-7e66a3359c4c:group-3AA6DA7D4F79:LeaderElection201] INFO  impl.RoleInfo (RoleInfo.java:shutdownLeaderElection(134)) - c51fd1b3-2db3-4e28-b21a-7e66a3359c4c: shutdown LeaderElection
2019-09-12 11:53:00,940 [c51fd1b3-2db3-4e28-b21a-7e66a3359c4c:group-F1B23150327C:LeaderElection200] INFO  impl.RaftServerImpl (RaftServerImpl.java:setRole(171)) - c51fd1b3-2db3-4e28-b21a-7e66a3359c4c:group-F1B23150327C changes role from CANDIDATE to LEADER at term 1 for changeToLeader
2019-09-12 11:53:00,941 [c51fd1b3-2db3-4e28-b21a-7e66a3359c4c:group-3AA6DA7D4F79:LeaderElection201] INFO  impl.RaftServerImpl (RaftServerImpl.java:setRole(171)) - c51fd1b3-2db3-4e28-b21a-7e66a3359c4c:group-3AA6DA7D4F79 changes role from CANDIDATE to LEADER at term 1 for changeToLeader
2019-09-12 11:53:00,941 [c51fd1b3-2db3-4e28-b21a-7e66a3359c4c:group-F1B23150327C:LeaderElection200] INFO  impl.RaftServerImpl (ServerState.java:setLeader(263)) - c51fd1b3-2db3-4e28-b21a-7e66a3359c4c:group-F1B23150327C change Leader from null to c51fd1b3-2db3-4e28-b21a-7e66a3359c4c at term 1 for becomeLeader, leader elected after 5185ms
2019-09-12 11:53:00,941 [c51fd1b3-2db3-4e28-b21a-7e66a3359c4c:group-3AA6DA7D4F79:LeaderElection201] INFO  impl.RaftServerImpl (ServerState.java:setLeader(263)) - c51fd1b3-2db3-4e28-b21a-7e66a3359c4c:group-3AA6DA7D4F79 change Leader from null to c51fd1b3-2db3-4e28-b21a-7e66a3359c4c at term 1 for becomeLeader, leader elected after 5037ms
2019-09-12 11:53:00,941 [c51fd1b3-2db3-4e28-b21a-7e66a3359c4c:group-F1B23150327C:LeaderElection200] INFO  server.RaftServerConfigKeys (ConfUtils.java:logGet(43)) - raft.server.staging.catchup.gap = 1000 (default)
2019-09-12 11:53:00,941 [c51fd1b3-2db3-4e28-b21a-7e66a3359c4c:group-F1B23150327C:LeaderElection200] INFO  server.RaftServerConfigKeys (ConfUtils.java:logGet(43)) - raft.server.rpc.sleep.time = 25ms (default)
2019-09-12 11:53:00,941 [c51fd1b3-2db3-4e28-b21a-7e66a3359c4c:group-3AA6DA7D4F79:LeaderElection201] INFO  server.RaftServerConfigKeys (ConfUtils.java:logGet(43)) - raft.server.staging.catchup.gap = 1000 (default)
2019-09-12 11:53:00,941 [c51fd1b3-2db3-4e28-b21a-7e66a3359c4c:group-F1B23150327C:LeaderElection200] INFO  server.RaftServerConfigKeys (ConfUtils.java:logGet(43)) - raft.server.write.element-limit = 4096 (default)
2019-09-12 11:53:00,942 [c51fd1b3-2db3-4e28-b21a-7e66a3359c4c:group-3AA6DA7D4F79:LeaderElection201] INFO  server.RaftServerConfigKeys (ConfUtils.java:logGet(43)) - raft.server.rpc.sleep.time = 25ms (default)
2019-09-12 11:53:00,942 [c51fd1b3-2db3-4e28-b21a-7e66a3359c4c:group-F1B23150327C:LeaderElection200] INFO  server.RaftServerConfigKeys (ConfUtils.java:logGet(43)) - raft.server.watch.timeout = 10s (default)
2019-09-12 11:53:00,942 [c51fd1b3-2db3-4e28-b21a-7e66a3359c4c:group-3AA6DA7D4F79:LeaderElection201] INFO  server.RaftServerConfigKeys (ConfUtils.java:logGet(43)) - raft.server.write.element-limit = 4096 (default)
2019-09-12 11:53:00,942 [c51fd1b3-2db3-4e28-b21a-7e66a3359c4c:group-F1B23150327C:LeaderElection200] INFO  server.RaftServerConfigKeys (ConfUtils.java:logGet(43)) - raft.server.watch.timeout.denomination = 1s (default)
2019-09-12 11:53:00,942 [c51fd1b3-2db3-4e28-b21a-7e66a3359c4c:group-3AA6DA7D4F79:LeaderElection201] INFO  server.RaftServerConfigKeys (ConfUtils.java:logGet(43)) - raft.server.watch.timeout = 10s (default)
2019-09-12 11:53:00,942 [c51fd1b3-2db3-4e28-b21a-7e66a3359c4c:group-F1B23150327C:LeaderElection200] INFO  server.RaftServerConfigKeys (ConfUtils.java:logGet(43)) - raft.server.watch.element-limit = 65536 (default)
2019-09-12 11:53:00,942 [c51fd1b3-2db3-4e28-b21a-7e66a3359c4c:group-3AA6DA7D4F79:LeaderElection201] INFO  server.RaftServerConfigKeys (ConfUtils.java:logGet(43)) - raft.server.watch.timeout.denomination = 1s (default)
2019-09-12 11:53:00,943 [c51fd1b3-2db3-4e28-b21a-7e66a3359c4c:group-F1B23150327C:LeaderElection200] INFO  impl.RoleInfo (RoleInfo.java:updateAndGet(143)) - c51fd1b3-2db3-4e28-b21a-7e66a3359c4c: start LeaderState
2019-09-12 11:53:00,943 [c51fd1b3-2db3-4e28-b21a-7e66a3359c4c:group-3AA6DA7D4F79:LeaderElection201] INFO  server.RaftServerConfigKeys (ConfUtils.java:logGet(43)) - raft.server.watch.element-limit = 65536 (default)
2019-09-12 11:53:00,943 [c51fd1b3-2db3-4e28-b21a-7e66a3359c4c:group-F1B23150327C:LeaderElection200] INFO  segmented.SegmentedRaftLogWorker (SegmentedRaftLogWorker.java:startLogSegment(380)) - c51fd1b3-2db3-4e28-b21a-7e66a3359c4c-SegmentedRaftLogWorker:Storage Directory /workdir/hadoop-ozone/ozonefs/target/test-dir/MiniOzoneClusterImpl-646a9a0c-8e87-4326-8e6b-0cedd78f9de8/datanode-0/data/ratis/24b864f4-cc3f-4324-9d13-f1b23150327c: Starting segment from index:0
2019-09-12 11:53:00,943 [c51fd1b3-2db3-4e28-b21a-7e66a3359c4c:group-3AA6DA7D4F79:LeaderElection201] INFO  impl.RoleInfo (RoleInfo.java:updateAndGet(143)) - c51fd1b3-2db3-4e28-b21a-7e66a3359c4c: start LeaderState
2019-09-12 11:53:00,943 [c51fd1b3-2db3-4e28-b21a-7e66a3359c4c:group-3AA6DA7D4F79:LeaderElection201] INFO  segmented.SegmentedRaftLogWorker (SegmentedRaftLogWorker.java:startLogSegment(380)) - c51fd1b3-2db3-4e28-b21a-7e66a3359c4c-SegmentedRaftLogWorker:Storage Directory /workdir/hadoop-ozone/ozonefs/target/test-dir/MiniOzoneClusterImpl-646a9a0c-8e87-4326-8e6b-0cedd78f9de8/datanode-0/data/ratis/e24cad6d-510b-4a50-8921-3aa6da7d4f79: Starting segment from index:0
2019-09-12 11:53:00,943 [c51fd1b3-2db3-4e28-b21a-7e66a3359c4c:group-F1B23150327C:LeaderElection200] INFO  impl.RaftServerImpl (ServerState.java:setRaftConf(361)) - c51fd1b3-2db3-4e28-b21a-7e66a3359c4c:group-F1B23150327C set configuration 0: [c51fd1b3-2db3-4e28-b21a-7e66a3359c4c:192.168.157.195:36922], old=null at 0
2019-09-12 11:53:00,944 [c51fd1b3-2db3-4e28-b21a-7e66a3359c4c:group-3AA6DA7D4F79:LeaderElection201] INFO  impl.RaftServerImpl (ServerState.java:setRaftConf(361)) - c51fd1b3-2db3-4e28-b21a-7e66a3359c4c:group-3AA6DA7D4F79 set configuration 0: [c51fd1b3-2db3-4e28-b21a-7e66a3359c4c:192.168.157.195:36922], old=null at 0
2019-09-12 11:53:00,954 [Thread-3105] INFO  impl.FollowerState (FollowerState.java:run(106)) - c51fd1b3-2db3-4e28-b21a-7e66a3359c4c:group-FF834C582619 changes to CANDIDATE, lastRpcTime:5085, electionTimeout:5085ms
2019-09-12 11:53:00,955 [Thread-3105] INFO  impl.RoleInfo (RoleInfo.java:shutdownFollowerState(121)) - c51fd1b3-2db3-4e28-b21a-7e66a3359c4c: shutdown FollowerState
2019-09-12 11:53:00,955 [Thread-3105] INFO  impl.RaftServerImpl (RaftServerImpl.java:setRole(171)) - c51fd1b3-2db3-4e28-b21a-7e66a3359c4c:group-FF834C582619 changes role from FOLLOWER to CANDIDATE at term 0 for changeToCandidate
2019-09-12 11:53:00,955 [Thread-3105] INFO  impl.RoleInfo (RoleInfo.java:updateAndGet(143)) - c51fd1b3-2db3-4e28-b21a-7e66a3359c4c: start LeaderElection
2019-09-12 11:53:00,988 [Thread-3099] INFO  impl.FollowerState (FollowerState.java:run(106)) - c51fd1b3-2db3-4e28-b21a-7e66a3359c4c:group-2CACB2D02417 changes to CANDIDATE, lastRpcTime:5192, electionTimeout:5177ms
2019-09-12 11:53:00,989 [Thread-3111] INFO  impl.FollowerState (FollowerState.java:run(106)) - c51fd1b3-2db3-4e28-b21a-7e66a3359c4c:group-5DB7562F2AA0 changes to CANDIDATE, lastRpcTime:5057, electionTimeout:5057ms
2019-09-12 11:53:00,989 [Thread-3111] INFO  impl.RoleInfo (RoleInfo.java:shutdownFollowerState(121)) - c51fd1b3-2db3-4e28-b21a-7e66a3359c4c: shutdown FollowerState
2019-09-12 11:53:00,989 [Thread-3099] INFO  impl.RoleInfo (RoleInfo.java:shutdownFollowerState(121)) - c51fd1b3-2db3-4e28-b21a-7e66a3359c4c: shutdown FollowerState
2019-09-12 11:53:00,989 [Thread-3111] INFO  impl.RaftServerImpl (RaftServerImpl.java:setRole(171)) - c51fd1b3-2db3-4e28-b21a-7e66a3359c4c:group-5DB7562F2AA0 changes role from FOLLOWER to CANDIDATE at term 0 for changeToCandidate
2019-09-12 11:53:00,989 [Thread-3099] INFO  impl.RaftServerImpl (RaftServerImpl.java:setRole(171)) - c51fd1b3-2db3-4e28-b21a-7e66a3359c4c:group-2CACB2D02417 changes role from FOLLOWER to CANDIDATE at term 0 for changeToCandidate
2019-09-12 11:53:00,990 [Thread-3111] INFO  impl.RoleInfo (RoleInfo.java:updateAndGet(143)) - c51fd1b3-2db3-4e28-b21a-7e66a3359c4c: start LeaderElection
2019-09-12 11:53:00,990 [Thread-3099] INFO  impl.RoleInfo (RoleInfo.java:updateAndGet(143)) - c51fd1b3-2db3-4e28-b21a-7e66a3359c4c: start LeaderElection
2019-09-12 11:53:00,993 [c51fd1b3-2db3-4e28-b21a-7e66a3359c4c-SegmentedRaftLogWorker:Storage Directory /workdir/hadoop-ozone/ozonefs/target/test-dir/MiniOzoneClusterImpl-646a9a0c-8e87-4326-8e6b-0cedd78f9de8/datanode-0/data/ratis/24b864f4-cc3f-4324-9d13-f1b23150327c] INFO  segmented.SegmentedRaftLogWorker (SegmentedRaftLogWorker.java:execute(569)) - c51fd1b3-2db3-4e28-b21a-7e66a3359c4c-SegmentedRaftLogWorker:Storage Directory /workdir/hadoop-ozone/ozonefs/target/test-dir/MiniOzoneClusterImpl-646a9a0c-8e87-4326-8e6b-0cedd78f9de8/datanode-0/data/ratis/24b864f4-cc3f-4324-9d13-f1b23150327c: created new log segment /workdir/hadoop-ozone/ozonefs/target/test-dir/MiniOzoneClusterImpl-646a9a0c-8e87-4326-8e6b-0cedd78f9de8/datanode-0/data/ratis/24b864f4-cc3f-4324-9d13-f1b23150327c/current/log_inprogress_0
2019-09-12 11:53:00,993 [c51fd1b3-2db3-4e28-b21a-7e66a3359c4c-SegmentedRaftLogWorker:Storage Directory /workdir/hadoop-ozone/ozonefs/target/test-dir/MiniOzoneClusterImpl-646a9a0c-8e87-4326-8e6b-0cedd78f9de8/datanode-0/data/ratis/e24cad6d-510b-4a50-8921-3aa6da7d4f79] INFO  segmented.SegmentedRaftLogWorker (SegmentedRaftLogWorker.java:execute(569)) - c51fd1b3-2db3-4e28-b21a-7e66a3359c4c-SegmentedRaftLogWorker:Storage Directory /workdir/hadoop-ozone/ozonefs/target/test-dir/MiniOzoneClusterImpl-646a9a0c-8e87-4326-8e6b-0cedd78f9de8/datanode-0/data/ratis/e24cad6d-510b-4a50-8921-3aa6da7d4f79: created new log segment /workdir/hadoop-ozone/ozonefs/target/test-dir/MiniOzoneClusterImpl-646a9a0c-8e87-4326-8e6b-0cedd78f9de8/datanode-0/data/ratis/e24cad6d-510b-4a50-8921-3aa6da7d4f79/current/log_inprogress_0
2019-09-12 11:53:00,993 [c51fd1b3-2db3-4e28-b21a-7e66a3359c4c:group-FF834C582619:LeaderElection202] INFO  impl.LeaderElection (LeaderElection.java:askForVotes(181)) - c51fd1b3-2db3-4e28-b21a-7e66a3359c4c:group-FF834C582619:LeaderElection202: begin an election at term 1 for -1: [c51fd1b3-2db3-4e28-b21a-7e66a3359c4c:192.168.157.195:36922], old=null
2019-09-12 11:53:00,994 [c51fd1b3-2db3-4e28-b21a-7e66a3359c4c:group-FF834C582619:LeaderElection202] INFO  impl.RoleInfo (RoleInfo.java:shutdownLeaderElection(134)) - c51fd1b3-2db3-4e28-b21a-7e66a3359c4c: shutdown LeaderElection
2019-09-12 11:53:00,994 [c51fd1b3-2db3-4e28-b21a-7e66a3359c4c:group-FF834C582619:LeaderElection202] INFO  impl.RaftServerImpl (RaftServerImpl.java:setRole(171)) - c51fd1b3-2db3-4e28-b21a-7e66a3359c4c:group-FF834C582619 changes role from CANDIDATE to LEADER at term 1 for changeToLeader
2019-09-12 11:53:00,994 [c51fd1b3-2db3-4e28-b21a-7e66a3359c4c:group-FF834C582619:LeaderElection202] INFO  impl.RaftServerImpl (ServerState.java:setLeader(263)) - c51fd1b3-2db3-4e28-b21a-7e66a3359c4c:group-FF834C582619 change Leader from null to c51fd1b3-2db3-4e28-b21a-7e66a3359c4c at term 1 for becomeLeader, leader elected after 5128ms
2019-09-12 11:53:00,994 [c51fd1b3-2db3-4e28-b21a-7e66a3359c4c:group-FF834C582619:LeaderElection202] INFO  server.RaftServerConfigKeys (ConfUtils.java:logGet(43)) - raft.server.staging.catchup.gap = 1000 (default)
2019-09-12 11:53:00,994 [c51fd1b3-2db3-4e28-b21a-7e66a3359c4c:group-FF834C582619:LeaderElection202] INFO  server.RaftServerConfigKeys (ConfUtils.java:logGet(43)) - raft.server.rpc.sleep.time = 25ms (default)
2019-09-12 11:53:00,994 [c51fd1b3-2db3-4e28-b21a-7e66a3359c4c:group-FF834C582619:LeaderElection202] INFO  server.RaftServerConfigKeys (ConfUtils.java:logGet(43)) - raft.server.write.element-limit = 4096 (default)
2019-09-12 11:53:00,995 [c51fd1b3-2db3-4e28-b21a-7e66a3359c4c:group-FF834C582619:LeaderElection202] INFO  server.RaftServerConfigKeys (ConfUtils.java:logGet(43)) - raft.server.watch.timeout = 10s (default)
2019-09-12 11:53:00,995 [c51fd1b3-2db3-4e28-b21a-7e66a3359c4c:group-FF834C582619:LeaderElection202] INFO  server.RaftServerConfigKeys (ConfUtils.java:logGet(43)) - raft.server.watch.timeout.denomination = 1s (default)
2019-09-12 11:53:00,995 [c51fd1b3-2db3-4e28-b21a-7e66a3359c4c:group-FF834C582619:LeaderElection202] INFO  server.RaftServerConfigKeys (ConfUtils.java:logGet(43)) - raft.server.watch.element-limit = 65536 (default)
2019-09-12 11:53:00,995 [c51fd1b3-2db3-4e28-b21a-7e66a3359c4c:group-FF834C582619:LeaderElection202] INFO  impl.RoleInfo (RoleInfo.java:updateAndGet(143)) - c51fd1b3-2db3-4e28-b21a-7e66a3359c4c: start LeaderState
2019-09-12 11:53:00,995 [c51fd1b3-2db3-4e28-b21a-7e66a3359c4c:group-FF834C582619:LeaderElection202] INFO  segmented.SegmentedRaftLogWorker (SegmentedRaftLogWorker.java:startLogSegment(380)) - c51fd1b3-2db3-4e28-b21a-7e66a3359c4c-SegmentedRaftLogWorker:Storage Directory /workdir/hadoop-ozone/ozonefs/target/test-dir/MiniOzoneClusterImpl-646a9a0c-8e87-4326-8e6b-0cedd78f9de8/datanode-0/data/ratis/70109d1c-6278-4122-a200-ff834c582619: Starting segment from index:0
2019-09-12 11:53:00,996 [c51fd1b3-2db3-4e28-b21a-7e66a3359c4c:group-FF834C582619:LeaderElection202] INFO  impl.RaftServerImpl (ServerState.java:setRaftConf(361)) - c51fd1b3-2db3-4e28-b21a-7e66a3359c4c:group-FF834C582619 set configuration 0: [c51fd1b3-2db3-4e28-b21a-7e66a3359c4c:192.168.157.195:36922], old=null at 0
2019-09-12 11:53:00,996 [c51fd1b3-2db3-4e28-b21a-7e66a3359c4c:group-5DB7562F2AA0:LeaderElection203] INFO  impl.LeaderElection (LeaderElection.java:askForVotes(181)) - c51fd1b3-2db3-4e28-b21a-7e66a3359c4c:group-5DB7562F2AA0:LeaderElection203: begin an election at term 1 for -1: [c51fd1b3-2db3-4e28-b21a-7e66a3359c4c:192.168.157.195:36922], old=null
2019-09-12 11:53:00,996 [c51fd1b3-2db3-4e28-b21a-7e66a3359c4c:group-2CACB2D02417:LeaderElection204] INFO  impl.LeaderElection (LeaderElection.java:askForVotes(181)) - c51fd1b3-2db3-4e28-b21a-7e66a3359c4c:group-2CACB2D02417:LeaderElection204: begin an election at term 1 for -1: [c51fd1b3-2db3-4e28-b21a-7e66a3359c4c:192.168.157.195:36922], old=null
2019-09-12 11:53:00,996 [c51fd1b3-2db3-4e28-b21a-7e66a3359c4c:group-5DB7562F2AA0:LeaderElection203] INFO  impl.RoleInfo (RoleInfo.java:shutdownLeaderElection(134)) - c51fd1b3-2db3-4e28-b21a-7e66a3359c4c: shutdown LeaderElection
2019-09-12 11:53:00,997 [c51fd1b3-2db3-4e28-b21a-7e66a3359c4c:group-5DB7562F2AA0:LeaderElection203] INFO  impl.RaftServerImpl (RaftServerImpl.java:setRole(171)) - c51fd1b3-2db3-4e28-b21a-7e66a3359c4c:group-5DB7562F2AA0 changes role from CANDIDATE to LEADER at term 1 for changeToLeader
2019-09-12 11:53:00,997 [c51fd1b3-2db3-4e28-b21a-7e66a3359c4c:group-5DB7562F2AA0:LeaderElection203] INFO  impl.RaftServerImpl (ServerState.java:setLeader(263)) - c51fd1b3-2db3-4e28-b21a-7e66a3359c4c:group-5DB7562F2AA0 change Leader from null to c51fd1b3-2db3-4e28-b21a-7e66a3359c4c at term 1 for becomeLeader, leader elected after 5067ms
2019-09-12 11:53:00,997 [c51fd1b3-2db3-4e28-b21a-7e66a3359c4c:group-2CACB2D02417:LeaderElection204] INFO  impl.RoleInfo (RoleInfo.java:shutdownLeaderElection(134)) - c51fd1b3-2db3-4e28-b21a-7e66a3359c4c: shutdown LeaderElection
2019-09-12 11:53:00,997 [c51fd1b3-2db3-4e28-b21a-7e66a3359c4c:group-5DB7562F2AA0:LeaderElection203] INFO  server.RaftServerConfigKeys (ConfUtils.java:logGet(43)) - raft.server.staging.catchup.gap = 1000 (default)
2019-09-12 11:53:00,997 [c51fd1b3-2db3-4e28-b21a-7e66a3359c4c:group-2CACB2D02417:LeaderElection204] INFO  impl.RaftServerImpl (RaftServerImpl.java:setRole(171)) - c51fd1b3-2db3-4e28-b21a-7e66a3359c4c:group-2CACB2D02417 changes role from CANDIDATE to LEADER at term 1 for changeToLeader
2019-09-12 11:53:00,997 [c51fd1b3-2db3-4e28-b21a-7e66a3359c4c:group-5DB7562F2AA0:LeaderElection203] INFO  server.RaftServerConfigKeys (ConfUtils.java:logGet(43)) - raft.server.rpc.sleep.time = 25ms (default)
2019-09-12 11:53:00,997 [c51fd1b3-2db3-4e28-b21a-7e66a3359c4c:group-2CACB2D02417:LeaderElection204] INFO  impl.RaftServerImpl (ServerState.java:setLeader(263)) - c51fd1b3-2db3-4e28-b21a-7e66a3359c4c:group-2CACB2D02417 change Leader from null to c51fd1b3-2db3-4e28-b21a-7e66a3359c4c at term 1 for becomeLeader, leader elected after 5204ms
2019-09-12 11:53:00,998 [c51fd1b3-2db3-4e28-b21a-7e66a3359c4c:group-5DB7562F2AA0:LeaderElection203] INFO  server.RaftServerConfigKeys (ConfUtils.java:logGet(43)) - raft.server.write.element-limit = 4096 (default)
2019-09-12 11:53:00,998 [c51fd1b3-2db3-4e28-b21a-7e66a3359c4c:group-2CACB2D02417:LeaderElection204] INFO  server.RaftServerConfigKeys (ConfUtils.java:logGet(43)) - raft.server.staging.catchup.gap = 1000 (default)
2019-09-12 11:53:00,998 [c51fd1b3-2db3-4e28-b21a-7e66a3359c4c:group-5DB7562F2AA0:LeaderElection203] INFO  server.RaftServerConfigKeys (ConfUtils.java:logGet(43)) - raft.server.watch.timeout = 10s (default)
2019-09-12 11:53:00,998 [c51fd1b3-2db3-4e28-b21a-7e66a3359c4c:group-5DB7562F2AA0:LeaderElection203] INFO  server.RaftServerConfigKeys (ConfUtils.java:logGet(43)) - raft.server.watch.timeout.denomination = 1s (default)
2019-09-12 11:53:00,998 [c51fd1b3-2db3-4e28-b21a-7e66a3359c4c:group-2CACB2D02417:LeaderElection204] INFO  server.RaftServerConfigKeys (ConfUtils.java:logGet(43)) - raft.server.rpc.sleep.time = 25ms (default)
2019-09-12 11:53:00,998 [c51fd1b3-2db3-4e28-b21a-7e66a3359c4c:group-5DB7562F2AA0:LeaderElection203] INFO  server.RaftServerConfigKeys (ConfUtils.java:logGet(43)) - raft.server.watch.element-limit = 65536 (default)
2019-09-12 11:53:00,999 [c51fd1b3-2db3-4e28-b21a-7e66a3359c4c:group-2CACB2D02417:LeaderElection204] INFO  server.RaftServerConfigKeys (ConfUtils.java:logGet(43)) - raft.server.write.element-limit = 4096 (default)
2019-09-12 11:53:00,999 [c51fd1b3-2db3-4e28-b21a-7e66a3359c4c:group-5DB7562F2AA0:LeaderElection203] INFO  impl.RoleInfo (RoleInfo.java:updateAndGet(143)) - c51fd1b3-2db3-4e28-b21a-7e66a3359c4c: start LeaderState
2019-09-12 11:53:00,999 [c51fd1b3-2db3-4e28-b21a-7e66a3359c4c:group-2CACB2D02417:LeaderElection204] INFO  server.RaftServerConfigKeys (ConfUtils.java:logGet(43)) - raft.server.watch.timeout = 10s (default)
2019-09-12 11:53:00,999 [c51fd1b3-2db3-4e28-b21a-7e66a3359c4c:group-5DB7562F2AA0:LeaderElection203] INFO  segmented.SegmentedRaftLogWorker (SegmentedRaftLogWorker.java:startLogSegment(380)) - c51fd1b3-2db3-4e28-b21a-7e66a3359c4c-SegmentedRaftLogWorker:Storage Directory /workdir/hadoop-ozone/ozonefs/target/test-dir/MiniOzoneClusterImpl-646a9a0c-8e87-4326-8e6b-0cedd78f9de8/datanode-0/data/ratis/d562fdd0-3f7c-4673-86e9-5db7562f2aa0: Starting segment from index:0
2019-09-12 11:53:00,999 [c51fd1b3-2db3-4e28-b21a-7e66a3359c4c:group-2CACB2D02417:LeaderElection204] INFO  server.RaftServerConfigKeys (ConfUtils.java:logGet(43)) - raft.server.watch.timeout.denomination = 1s (default)
2019-09-12 11:53:00,999 [c51fd1b3-2db3-4e28-b21a-7e66a3359c4c:group-2CACB2D02417:LeaderElection204] INFO  server.RaftServerConfigKeys (ConfUtils.java:logGet(43)) - raft.server.watch.element-limit = 65536 (default)
2019-09-12 11:53:00,999 [c51fd1b3-2db3-4e28-b21a-7e66a3359c4c:group-5DB7562F2AA0:LeaderElection203] INFO  impl.RaftServerImpl (ServerState.java:setRaftConf(361)) - c51fd1b3-2db3-4e28-b21a-7e66a3359c4c:group-5DB7562F2AA0 set configuration 0: [c51fd1b3-2db3-4e28-b21a-7e66a3359c4c:192.168.157.195:36922], old=null at 0
2019-09-12 11:53:01,000 [c51fd1b3-2db3-4e28-b21a-7e66a3359c4c:group-2CACB2D02417:LeaderElection204] INFO  impl.RoleInfo (RoleInfo.java:updateAndGet(143)) - c51fd1b3-2db3-4e28-b21a-7e66a3359c4c: start LeaderState
2019-09-12 11:53:01,000 [c51fd1b3-2db3-4e28-b21a-7e66a3359c4c:group-2CACB2D02417:LeaderElection204] INFO  segmented.SegmentedRaftLogWorker (SegmentedRaftLogWorker.java:startLogSegment(380)) - c51fd1b3-2db3-4e28-b21a-7e66a3359c4c-SegmentedRaftLogWorker:Storage Directory /workdir/hadoop-ozone/ozonefs/target/test-dir/MiniOzoneClusterImpl-646a9a0c-8e87-4326-8e6b-0cedd78f9de8/datanode-0/data/ratis/9d74caef-2a35-47f2-8ab1-2cacb2d02417: Starting segment from index:0
2019-09-12 11:53:01,001 [c51fd1b3-2db3-4e28-b21a-7e66a3359c4c:group-2CACB2D02417:LeaderElection204] INFO  impl.RaftServerImpl (ServerState.java:setRaftConf(361)) - c51fd1b3-2db3-4e28-b21a-7e66a3359c4c:group-2CACB2D02417 set configuration 0: [c51fd1b3-2db3-4e28-b21a-7e66a3359c4c:192.168.157.195:36922], old=null at 0
2019-09-12 11:53:01,005 [Thread-3117] INFO  impl.FollowerState (FollowerState.java:run(106)) - e22a5129-42d8-4cd6-b866-283bf38ecbc9:group-7B946DCD04E1 changes to CANDIDATE, lastRpcTime:5027, electionTimeout:5027ms
2019-09-12 11:53:01,006 [Thread-3117] INFO  impl.RoleInfo (RoleInfo.java:shutdownFollowerState(121)) - e22a5129-42d8-4cd6-b866-283bf38ecbc9: shutdown FollowerState
2019-09-12 11:53:01,006 [Thread-3117] INFO  impl.RaftServerImpl (RaftServerImpl.java:setRole(171)) - e22a5129-42d8-4cd6-b866-283bf38ecbc9:group-7B946DCD04E1 changes role from FOLLOWER to CANDIDATE at term 0 for changeToCandidate
2019-09-12 11:53:01,006 [Thread-3117] INFO  impl.RoleInfo (RoleInfo.java:updateAndGet(143)) - e22a5129-42d8-4cd6-b866-283bf38ecbc9: start LeaderElection
2019-09-12 11:53:01,052 [c51fd1b3-2db3-4e28-b21a-7e66a3359c4c-SegmentedRaftLogWorker:Storage Directory /workdir/hadoop-ozone/ozonefs/target/test-dir/MiniOzoneClusterImpl-646a9a0c-8e87-4326-8e6b-0cedd78f9de8/datanode-0/data/ratis/9d74caef-2a35-47f2-8ab1-2cacb2d02417] INFO  segmented.SegmentedRaftLogWorker (SegmentedRaftLogWorker.java:execute(569)) - c51fd1b3-2db3-4e28-b21a-7e66a3359c4c-SegmentedRaftLogWorker:Storage Directory /workdir/hadoop-ozone/ozonefs/target/test-dir/MiniOzoneClusterImpl-646a9a0c-8e87-4326-8e6b-0cedd78f9de8/datanode-0/data/ratis/9d74caef-2a35-47f2-8ab1-2cacb2d02417: created new log segment /workdir/hadoop-ozone/ozonefs/target/test-dir/MiniOzoneClusterImpl-646a9a0c-8e87-4326-8e6b-0cedd78f9de8/datanode-0/data/ratis/9d74caef-2a35-47f2-8ab1-2cacb2d02417/current/log_inprogress_0
2019-09-12 11:53:01,052 [e22a5129-42d8-4cd6-b866-283bf38ecbc9:group-7B946DCD04E1:LeaderElection205] INFO  impl.LeaderElection (LeaderElection.java:askForVotes(181)) - e22a5129-42d8-4cd6-b866-283bf38ecbc9:group-7B946DCD04E1:LeaderElection205: begin an election at term 1 for -1: [e22a5129-42d8-4cd6-b866-283bf38ecbc9:192.168.157.195:33451], old=null
2019-09-12 11:53:01,052 [c51fd1b3-2db3-4e28-b21a-7e66a3359c4c-SegmentedRaftLogWorker:Storage Directory /workdir/hadoop-ozone/ozonefs/target/test-dir/MiniOzoneClusterImpl-646a9a0c-8e87-4326-8e6b-0cedd78f9de8/datanode-0/data/ratis/d562fdd0-3f7c-4673-86e9-5db7562f2aa0] INFO  segmented.SegmentedRaftLogWorker (SegmentedRaftLogWorker.java:execute(569)) - c51fd1b3-2db3-4e28-b21a-7e66a3359c4c-SegmentedRaftLogWorker:Storage Directory /workdir/hadoop-ozone/ozonefs/target/test-dir/MiniOzoneClusterImpl-646a9a0c-8e87-4326-8e6b-0cedd78f9de8/datanode-0/data/ratis/d562fdd0-3f7c-4673-86e9-5db7562f2aa0: created new log segment /workdir/hadoop-ozone/ozonefs/target/test-dir/MiniOzoneClusterImpl-646a9a0c-8e87-4326-8e6b-0cedd78f9de8/datanode-0/data/ratis/d562fdd0-3f7c-4673-86e9-5db7562f2aa0/current/log_inprogress_0
2019-09-12 11:53:01,053 [e22a5129-42d8-4cd6-b866-283bf38ecbc9:group-7B946DCD04E1:LeaderElection205] INFO  impl.RoleInfo (RoleInfo.java:shutdownLeaderElection(134)) - e22a5129-42d8-4cd6-b866-283bf38ecbc9: shutdown LeaderElection
2019-09-12 11:53:01,052 [c51fd1b3-2db3-4e28-b21a-7e66a3359c4c-SegmentedRaftLogWorker:Storage Directory /workdir/hadoop-ozone/ozonefs/target/test-dir/MiniOzoneClusterImpl-646a9a0c-8e87-4326-8e6b-0cedd78f9de8/datanode-0/data/ratis/70109d1c-6278-4122-a200-ff834c582619] INFO  segmented.SegmentedRaftLogWorker (SegmentedRaftLogWorker.java:execute(569)) - c51fd1b3-2db3-4e28-b21a-7e66a3359c4c-SegmentedRaftLogWorker:Storage Directory /workdir/hadoop-ozone/ozonefs/target/test-dir/MiniOzoneClusterImpl-646a9a0c-8e87-4326-8e6b-0cedd78f9de8/datanode-0/data/ratis/70109d1c-6278-4122-a200-ff834c582619: created new log segment /workdir/hadoop-ozone/ozonefs/target/test-dir/MiniOzoneClusterImpl-646a9a0c-8e87-4326-8e6b-0cedd78f9de8/datanode-0/data/ratis/70109d1c-6278-4122-a200-ff834c582619/current/log_inprogress_0
2019-09-12 11:53:01,053 [e22a5129-42d8-4cd6-b866-283bf38ecbc9:group-7B946DCD04E1:LeaderElection205] INFO  impl.RaftServerImpl (RaftServerImpl.java:setRole(171)) - e22a5129-42d8-4cd6-b866-283bf38ecbc9:group-7B946DCD04E1 changes role from CANDIDATE to LEADER at term 1 for changeToLeader
2019-09-12 11:53:01,053 [e22a5129-42d8-4cd6-b866-283bf38ecbc9:group-7B946DCD04E1:LeaderElection205] INFO  impl.RaftServerImpl (ServerState.java:setLeader(263)) - e22a5129-42d8-4cd6-b866-283bf38ecbc9:group-7B946DCD04E1 change Leader from null to e22a5129-42d8-4cd6-b866-283bf38ecbc9 at term 1 for becomeLeader, leader elected after 5077ms
2019-09-12 11:53:01,053 [e22a5129-42d8-4cd6-b866-283bf38ecbc9:group-7B946DCD04E1:LeaderElection205] INFO  server.RaftServerConfigKeys (ConfUtils.java:logGet(43)) - raft.server.staging.catchup.gap = 1000 (default)
2019-09-12 11:53:01,053 [e22a5129-42d8-4cd6-b866-283bf38ecbc9:group-7B946DCD04E1:LeaderElection205] INFO  server.RaftServerConfigKeys (ConfUtils.java:logGet(43)) - raft.server.rpc.sleep.time = 25ms (default)
2019-09-12 11:53:01,054 [e22a5129-42d8-4cd6-b866-283bf38ecbc9:group-7B946DCD04E1:LeaderElection205] INFO  server.RaftServerConfigKeys (ConfUtils.java:logGet(43)) - raft.server.write.element-limit = 4096 (default)
2019-09-12 11:53:01,054 [e22a5129-42d8-4cd6-b866-283bf38ecbc9:group-7B946DCD04E1:LeaderElection205] INFO  server.RaftServerConfigKeys (ConfUtils.java:logGet(43)) - raft.server.watch.timeout = 10s (default)
2019-09-12 11:53:01,054 [e22a5129-42d8-4cd6-b866-283bf38ecbc9:group-7B946DCD04E1:LeaderElection205] INFO  server.RaftServerConfigKeys (ConfUtils.java:logGet(43)) - raft.server.watch.timeout.denomination = 1s (default)
2019-09-12 11:53:01,054 [e22a5129-42d8-4cd6-b866-283bf38ecbc9:group-7B946DCD04E1:LeaderElection205] INFO  server.RaftServerConfigKeys (ConfUtils.java:logGet(43)) - raft.server.watch.element-limit = 65536 (default)
2019-09-12 11:53:01,054 [e22a5129-42d8-4cd6-b866-283bf38ecbc9:group-7B946DCD04E1:LeaderElection205] INFO  impl.RoleInfo (RoleInfo.java:updateAndGet(143)) - e22a5129-42d8-4cd6-b866-283bf38ecbc9: start LeaderState
2019-09-12 11:53:01,054 [e22a5129-42d8-4cd6-b866-283bf38ecbc9:group-7B946DCD04E1:LeaderElection205] INFO  segmented.SegmentedRaftLogWorker (SegmentedRaftLogWorker.java:startLogSegment(380)) - e22a5129-42d8-4cd6-b866-283bf38ecbc9-SegmentedRaftLogWorker:Storage Directory /workdir/hadoop-ozone/ozonefs/target/test-dir/MiniOzoneClusterImpl-646a9a0c-8e87-4326-8e6b-0cedd78f9de8/datanode-1/data/ratis/9be5d055-ddfc-4612-a010-7b946dcd04e1: Starting segment from index:0
2019-09-12 11:53:01,055 [e22a5129-42d8-4cd6-b866-283bf38ecbc9:group-7B946DCD04E1:LeaderElection205] INFO  impl.RaftServerImpl (ServerState.java:setRaftConf(361)) - e22a5129-42d8-4cd6-b866-283bf38ecbc9:group-7B946DCD04E1 set configuration 0: [e22a5129-42d8-4cd6-b866-283bf38ecbc9:192.168.157.195:33451], old=null at 0
2019-09-12 11:53:01,072 [Thread-3123] INFO  impl.FollowerState (FollowerState.java:run(106)) - e22a5129-42d8-4cd6-b866-283bf38ecbc9:group-86C521C3E160 changes to CANDIDATE, lastRpcTime:5042, electionTimeout:5042ms
2019-09-12 11:53:01,072 [Thread-3123] INFO  impl.RoleInfo (RoleInfo.java:shutdownFollowerState(121)) - e22a5129-42d8-4cd6-b866-283bf38ecbc9: shutdown FollowerState
2019-09-12 11:53:01,073 [Thread-3123] INFO  impl.RaftServerImpl (RaftServerImpl.java:setRole(171)) - e22a5129-42d8-4cd6-b866-283bf38ecbc9:group-86C521C3E160 changes role from FOLLOWER to CANDIDATE at term 0 for changeToCandidate
2019-09-12 11:53:01,073 [Thread-3123] INFO  impl.RoleInfo (RoleInfo.java:updateAndGet(143)) - e22a5129-42d8-4cd6-b866-283bf38ecbc9: start LeaderElection
2019-09-12 11:53:01,087 [Thread-3126] INFO  impl.FollowerState (FollowerState.java:run(106)) - e22a5129-42d8-4cd6-b866-283bf38ecbc9:group-DCF6613E1293 changes to CANDIDATE, lastRpcTime:5029, electionTimeout:5018ms
2019-09-12 11:53:01,087 [Thread-3126] INFO  impl.RoleInfo (RoleInfo.java:shutdownFollowerState(121)) - e22a5129-42d8-4cd6-b866-283bf38ecbc9: shutdown FollowerState
2019-09-12 11:53:01,087 [Thread-3126] INFO  impl.RaftServerImpl (RaftServerImpl.java:setRole(171)) - e22a5129-42d8-4cd6-b866-283bf38ecbc9:group-DCF6613E1293 changes role from FOLLOWER to CANDIDATE at term 0 for changeToCandidate
2019-09-12 11:53:01,087 [Thread-3126] INFO  impl.RoleInfo (RoleInfo.java:updateAndGet(143)) - e22a5129-42d8-4cd6-b866-283bf38ecbc9: start LeaderElection
2019-09-12 11:53:01,090 [e22a5129-42d8-4cd6-b866-283bf38ecbc9-SegmentedRaftLogWorker:Storage Directory /workdir/hadoop-ozone/ozonefs/target/test-dir/MiniOzoneClusterImpl-646a9a0c-8e87-4326-8e6b-0cedd78f9de8/datanode-1/data/ratis/9be5d055-ddfc-4612-a010-7b946dcd04e1] INFO  segmented.SegmentedRaftLogWorker (SegmentedRaftLogWorker.java:execute(569)) - e22a5129-42d8-4cd6-b866-283bf38ecbc9-SegmentedRaftLogWorker:Storage Directory /workdir/hadoop-ozone/ozonefs/target/test-dir/MiniOzoneClusterImpl-646a9a0c-8e87-4326-8e6b-0cedd78f9de8/datanode-1/data/ratis/9be5d055-ddfc-4612-a010-7b946dcd04e1: created new log segment /workdir/hadoop-ozone/ozonefs/target/test-dir/MiniOzoneClusterImpl-646a9a0c-8e87-4326-8e6b-0cedd78f9de8/datanode-1/data/ratis/9be5d055-ddfc-4612-a010-7b946dcd04e1/current/log_inprogress_0
2019-09-12 11:53:01,090 [e22a5129-42d8-4cd6-b866-283bf38ecbc9:group-86C521C3E160:LeaderElection206] INFO  impl.LeaderElection (LeaderElection.java:askForVotes(181)) - e22a5129-42d8-4cd6-b866-283bf38ecbc9:group-86C521C3E160:LeaderElection206: begin an election at term 1 for -1: [e22a5129-42d8-4cd6-b866-283bf38ecbc9:192.168.157.195:33451], old=null
2019-09-12 11:53:01,090 [e22a5129-42d8-4cd6-b866-283bf38ecbc9:group-86C521C3E160:LeaderElection206] INFO  impl.RoleInfo (RoleInfo.java:shutdownLeaderElection(134)) - e22a5129-42d8-4cd6-b866-283bf38ecbc9: shutdown LeaderElection
2019-09-12 11:53:01,090 [e22a5129-42d8-4cd6-b866-283bf38ecbc9:group-86C521C3E160:LeaderElection206] INFO  impl.RaftServerImpl (RaftServerImpl.java:setRole(171)) - e22a5129-42d8-4cd6-b866-283bf38ecbc9:group-86C521C3E160 changes role from CANDIDATE to LEADER at term 1 for changeToLeader
2019-09-12 11:53:01,091 [e22a5129-42d8-4cd6-b866-283bf38ecbc9:group-86C521C3E160:LeaderElection206] INFO  impl.RaftServerImpl (ServerState.java:setLeader(263)) - e22a5129-42d8-4cd6-b866-283bf38ecbc9:group-86C521C3E160 change Leader from null to e22a5129-42d8-4cd6-b866-283bf38ecbc9 at term 1 for becomeLeader, leader elected after 5063ms
2019-09-12 11:53:01,091 [e22a5129-42d8-4cd6-b866-283bf38ecbc9:group-86C521C3E160:LeaderElection206] INFO  server.RaftServerConfigKeys (ConfUtils.java:logGet(43)) - raft.server.staging.catchup.gap = 1000 (default)
2019-09-12 11:53:01,091 [e22a5129-42d8-4cd6-b866-283bf38ecbc9:group-86C521C3E160:LeaderElection206] INFO  server.RaftServerConfigKeys (ConfUtils.java:logGet(43)) - raft.server.rpc.sleep.time = 25ms (default)
2019-09-12 11:53:01,091 [e22a5129-42d8-4cd6-b866-283bf38ecbc9:group-86C521C3E160:LeaderElection206] INFO  server.RaftServerConfigKeys (ConfUtils.java:logGet(43)) - raft.server.write.element-limit = 4096 (default)
2019-09-12 11:53:01,091 [e22a5129-42d8-4cd6-b866-283bf38ecbc9:group-86C521C3E160:LeaderElection206] INFO  server.RaftServerConfigKeys (ConfUtils.java:logGet(43)) - raft.server.watch.timeout = 10s (default)
2019-09-12 11:53:01,091 [e22a5129-42d8-4cd6-b866-283bf38ecbc9:group-86C521C3E160:LeaderElection206] INFO  server.RaftServerConfigKeys (ConfUtils.java:logGet(43)) - raft.server.watch.timeout.denomination = 1s (default)
2019-09-12 11:53:01,091 [e22a5129-42d8-4cd6-b866-283bf38ecbc9:group-86C521C3E160:LeaderElection206] INFO  server.RaftServerConfigKeys (ConfUtils.java:logGet(43)) - raft.server.watch.element-limit = 65536 (default)
2019-09-12 11:53:01,091 [e22a5129-42d8-4cd6-b866-283bf38ecbc9:group-86C521C3E160:LeaderElection206] INFO  impl.RoleInfo (RoleInfo.java:updateAndGet(143)) - e22a5129-42d8-4cd6-b866-283bf38ecbc9: start LeaderState
2019-09-12 11:53:01,092 [e22a5129-42d8-4cd6-b866-283bf38ecbc9:group-86C521C3E160:LeaderElection206] INFO  segmented.SegmentedRaftLogWorker (SegmentedRaftLogWorker.java:startLogSegment(380)) - e22a5129-42d8-4cd6-b866-283bf38ecbc9-SegmentedRaftLogWorker:Storage Directory /workdir/hadoop-ozone/ozonefs/target/test-dir/MiniOzoneClusterImpl-646a9a0c-8e87-4326-8e6b-0cedd78f9de8/datanode-1/data/ratis/eca2cd46-02c7-4622-bf4a-86c521c3e160: Starting segment from index:0
2019-09-12 11:53:01,092 [e22a5129-42d8-4cd6-b866-283bf38ecbc9:group-86C521C3E160:LeaderElection206] INFO  impl.RaftServerImpl (ServerState.java:setRaftConf(361)) - e22a5129-42d8-4cd6-b866-283bf38ecbc9:group-86C521C3E160 set configuration 0: [e22a5129-42d8-4cd6-b866-283bf38ecbc9:192.168.157.195:33451], old=null at 0
2019-09-12 11:53:01,097 [e22a5129-42d8-4cd6-b866-283bf38ecbc9:group-DCF6613E1293:LeaderElection207] INFO  impl.LeaderElection (LeaderElection.java:askForVotes(181)) - e22a5129-42d8-4cd6-b866-283bf38ecbc9:group-DCF6613E1293:LeaderElection207: begin an election at term 1 for -1: [e22a5129-42d8-4cd6-b866-283bf38ecbc9:192.168.157.195:33451], old=null
2019-09-12 11:53:01,097 [e22a5129-42d8-4cd6-b866-283bf38ecbc9:group-DCF6613E1293:LeaderElection207] INFO  impl.RoleInfo (RoleInfo.java:shutdownLeaderElection(134)) - e22a5129-42d8-4cd6-b866-283bf38ecbc9: shutdown LeaderElection
2019-09-12 11:53:01,097 [e22a5129-42d8-4cd6-b866-283bf38ecbc9:group-DCF6613E1293:LeaderElection207] INFO  impl.RaftServerImpl (RaftServerImpl.java:setRole(171)) - e22a5129-42d8-4cd6-b866-283bf38ecbc9:group-DCF6613E1293 changes role from CANDIDATE to LEADER at term 1 for changeToLeader
2019-09-12 11:53:01,098 [e22a5129-42d8-4cd6-b866-283bf38ecbc9:group-DCF6613E1293:LeaderElection207] INFO  impl.RaftServerImpl (ServerState.java:setLeader(263)) - e22a5129-42d8-4cd6-b866-283bf38ecbc9:group-DCF6613E1293 change Leader from null to e22a5129-42d8-4cd6-b866-283bf38ecbc9 at term 1 for becomeLeader, leader elected after 5042ms
2019-09-12 11:53:01,098 [e22a5129-42d8-4cd6-b866-283bf38ecbc9:group-DCF6613E1293:LeaderElection207] INFO  server.RaftServerConfigKeys (ConfUtils.java:logGet(43)) - raft.server.staging.catchup.gap = 1000 (default)
2019-09-12 11:53:01,098 [e22a5129-42d8-4cd6-b866-283bf38ecbc9:group-DCF6613E1293:LeaderElection207] INFO  server.RaftServerConfigKeys (ConfUtils.java:logGet(43)) - raft.server.rpc.sleep.time = 25ms (default)
2019-09-12 11:53:01,098 [e22a5129-42d8-4cd6-b866-283bf38ecbc9:group-DCF6613E1293:LeaderElection207] INFO  server.RaftServerConfigKeys (ConfUtils.java:logGet(43)) - raft.server.write.element-limit = 4096 (default)
2019-09-12 11:53:01,098 [e22a5129-42d8-4cd6-b866-283bf38ecbc9:group-DCF6613E1293:LeaderElection207] INFO  server.RaftServerConfigKeys (ConfUtils.java:logGet(43)) - raft.server.watch.timeout = 10s (default)
2019-09-12 11:53:01,098 [e22a5129-42d8-4cd6-b866-283bf38ecbc9:group-DCF6613E1293:LeaderElection207] INFO  server.RaftServerConfigKeys (ConfUtils.java:logGet(43)) - raft.server.watch.timeout.denomination = 1s (default)
2019-09-12 11:53:01,099 [e22a5129-42d8-4cd6-b866-283bf38ecbc9:group-DCF6613E1293:LeaderElection207] INFO  server.RaftServerConfigKeys (ConfUtils.java:logGet(43)) - raft.server.watch.element-limit = 65536 (default)
2019-09-12 11:53:01,099 [e22a5129-42d8-4cd6-b866-283bf38ecbc9:group-DCF6613E1293:LeaderElection207] INFO  impl.RoleInfo (RoleInfo.java:updateAndGet(143)) - e22a5129-42d8-4cd6-b866-283bf38ecbc9: start LeaderState
2019-09-12 11:53:01,099 [e22a5129-42d8-4cd6-b866-283bf38ecbc9:group-DCF6613E1293:LeaderElection207] INFO  segmented.SegmentedRaftLogWorker (SegmentedRaftLogWorker.java:startLogSegment(380)) - e22a5129-42d8-4cd6-b866-283bf38ecbc9-SegmentedRaftLogWorker:Storage Directory /workdir/hadoop-ozone/ozonefs/target/test-dir/MiniOzoneClusterImpl-646a9a0c-8e87-4326-8e6b-0cedd78f9de8/datanode-1/data/ratis/e86894b9-234c-45d7-b659-dcf6613e1293: Starting segment from index:0
2019-09-12 11:53:01,100 [e22a5129-42d8-4cd6-b866-283bf38ecbc9:group-DCF6613E1293:LeaderElection207] INFO  impl.RaftServerImpl (ServerState.java:setRaftConf(361)) - e22a5129-42d8-4cd6-b866-283bf38ecbc9:group-DCF6613E1293 set configuration 0: [e22a5129-42d8-4cd6-b866-283bf38ecbc9:192.168.157.195:33451], old=null at 0
2019-09-12 11:53:01,104 [Thread-3120] INFO  impl.FollowerState (FollowerState.java:run(106)) - e22a5129-42d8-4cd6-b866-283bf38ecbc9:group-19EC28189B30 changes to CANDIDATE, lastRpcTime:5111, electionTimeout:5107ms
2019-09-12 11:53:01,104 [Thread-3120] INFO  impl.RoleInfo (RoleInfo.java:shutdownFollowerState(121)) - e22a5129-42d8-4cd6-b866-283bf38ecbc9: shutdown FollowerState
2019-09-12 11:53:01,104 [Thread-3120] INFO  impl.RaftServerImpl (RaftServerImpl.java:setRole(171)) - e22a5129-42d8-4cd6-b866-283bf38ecbc9:group-19EC28189B30 changes role from FOLLOWER to CANDIDATE at term 0 for changeToCandidate
2019-09-12 11:53:01,105 [Thread-3120] INFO  impl.RoleInfo (RoleInfo.java:updateAndGet(143)) - e22a5129-42d8-4cd6-b866-283bf38ecbc9: start LeaderElection
2019-09-12 11:53:01,136 [Thread-3114] INFO  impl.FollowerState (FollowerState.java:run(106)) - e22a5129-42d8-4cd6-b866-283bf38ecbc9:group-9E232FCD3343 changes to CANDIDATE, lastRpcTime:5184, electionTimeout:5180ms
2019-09-12 11:53:01,136 [Thread-3114] INFO  impl.RoleInfo (RoleInfo.java:shutdownFollowerState(121)) - e22a5129-42d8-4cd6-b866-283bf38ecbc9: shutdown FollowerState
2019-09-12 11:53:01,137 [Thread-3114] INFO  impl.RaftServerImpl (RaftServerImpl.java:setRole(171)) - e22a5129-42d8-4cd6-b866-283bf38ecbc9:group-9E232FCD3343 changes role from FOLLOWER to CANDIDATE at term 0 for changeToCandidate
2019-09-12 11:53:01,137 [Thread-3114] INFO  impl.RoleInfo (RoleInfo.java:updateAndGet(143)) - e22a5129-42d8-4cd6-b866-283bf38ecbc9: start LeaderElection
2019-09-12 11:53:01,139 | INFO  | SCMAudit | user=jenkins1000 | ip=192.168.157.195 | op=SEND_HEARTBEAT {datanodeUUID=33be2364-dcc7-44bf-aa9c-22b983fb7304, command=[]} | ret=SUCCESS |  
2019-09-12 11:53:01,149 [e22a5129-42d8-4cd6-b866-283bf38ecbc9-SegmentedRaftLogWorker:Storage Directory /workdir/hadoop-ozone/ozonefs/target/test-dir/MiniOzoneClusterImpl-646a9a0c-8e87-4326-8e6b-0cedd78f9de8/datanode-1/data/ratis/e86894b9-234c-45d7-b659-dcf6613e1293] INFO  segmented.SegmentedRaftLogWorker (SegmentedRaftLogWorker.java:execute(569)) - e22a5129-42d8-4cd6-b866-283bf38ecbc9-SegmentedRaftLogWorker:Storage Directory /workdir/hadoop-ozone/ozonefs/target/test-dir/MiniOzoneClusterImpl-646a9a0c-8e87-4326-8e6b-0cedd78f9de8/datanode-1/data/ratis/e86894b9-234c-45d7-b659-dcf6613e1293: created new log segment /workdir/hadoop-ozone/ozonefs/target/test-dir/MiniOzoneClusterImpl-646a9a0c-8e87-4326-8e6b-0cedd78f9de8/datanode-1/data/ratis/e86894b9-234c-45d7-b659-dcf6613e1293/current/log_inprogress_0
2019-09-12 11:53:01,149 [e22a5129-42d8-4cd6-b866-283bf38ecbc9:group-9E232FCD3343:LeaderElection209] INFO  impl.LeaderElection (LeaderElection.java:askForVotes(181)) - e22a5129-42d8-4cd6-b866-283bf38ecbc9:group-9E232FCD3343:LeaderElection209: begin an election at term 1 for -1: [e22a5129-42d8-4cd6-b866-283bf38ecbc9:192.168.157.195:33451], old=null
2019-09-12 11:53:01,149 [e22a5129-42d8-4cd6-b866-283bf38ecbc9:group-19EC28189B30:LeaderElection208] INFO  impl.LeaderElection (LeaderElection.java:askForVotes(181)) - e22a5129-42d8-4cd6-b866-283bf38ecbc9:group-19EC28189B30:LeaderElection208: begin an election at term 1 for -1: [e22a5129-42d8-4cd6-b866-283bf38ecbc9:192.168.157.195:33451], old=null
2019-09-12 11:53:01,149 [e22a5129-42d8-4cd6-b866-283bf38ecbc9-SegmentedRaftLogWorker:Storage Directory /workdir/hadoop-ozone/ozonefs/target/test-dir/MiniOzoneClusterImpl-646a9a0c-8e87-4326-8e6b-0cedd78f9de8/datanode-1/data/ratis/eca2cd46-02c7-4622-bf4a-86c521c3e160] INFO  segmented.SegmentedRaftLogWorker (SegmentedRaftLogWorker.java:execute(569)) - e22a5129-42d8-4cd6-b866-283bf38ecbc9-SegmentedRaftLogWorker:Storage Directory /workdir/hadoop-ozone/ozonefs/target/test-dir/MiniOzoneClusterImpl-646a9a0c-8e87-4326-8e6b-0cedd78f9de8/datanode-1/data/ratis/eca2cd46-02c7-4622-bf4a-86c521c3e160: created new log segment /workdir/hadoop-ozone/ozonefs/target/test-dir/MiniOzoneClusterImpl-646a9a0c-8e87-4326-8e6b-0cedd78f9de8/datanode-1/data/ratis/eca2cd46-02c7-4622-bf4a-86c521c3e160/current/log_inprogress_0
2019-09-12 11:53:01,150 [e22a5129-42d8-4cd6-b866-283bf38ecbc9:group-19EC28189B30:LeaderElection208] INFO  impl.RoleInfo (RoleInfo.java:shutdownLeaderElection(134)) - e22a5129-42d8-4cd6-b866-283bf38ecbc9: shutdown LeaderElection
2019-09-12 11:53:01,150 [e22a5129-42d8-4cd6-b866-283bf38ecbc9:group-9E232FCD3343:LeaderElection209] INFO  impl.RoleInfo (RoleInfo.java:shutdownLeaderElection(134)) - e22a5129-42d8-4cd6-b866-283bf38ecbc9: shutdown LeaderElection
2019-09-12 11:53:01,150 [e22a5129-42d8-4cd6-b866-283bf38ecbc9:group-19EC28189B30:LeaderElection208] INFO  impl.RaftServerImpl (RaftServerImpl.java:setRole(171)) - e22a5129-42d8-4cd6-b866-283bf38ecbc9:group-19EC28189B30 changes role from CANDIDATE to LEADER at term 1 for changeToLeader
2019-09-12 11:53:01,150 [e22a5129-42d8-4cd6-b866-283bf38ecbc9:group-9E232FCD3343:LeaderElection209] INFO  impl.RaftServerImpl (RaftServerImpl.java:setRole(171)) - e22a5129-42d8-4cd6-b866-283bf38ecbc9:group-9E232FCD3343 changes role from CANDIDATE to LEADER at term 1 for changeToLeader
2019-09-12 11:53:01,150 [e22a5129-42d8-4cd6-b866-283bf38ecbc9:group-19EC28189B30:LeaderElection208] INFO  impl.RaftServerImpl (ServerState.java:setLeader(263)) - e22a5129-42d8-4cd6-b866-283bf38ecbc9:group-19EC28189B30 change Leader from null to e22a5129-42d8-4cd6-b866-283bf38ecbc9 at term 1 for becomeLeader, leader elected after 5159ms
2019-09-12 11:53:01,150 [e22a5129-42d8-4cd6-b866-283bf38ecbc9:group-9E232FCD3343:LeaderElection209] INFO  impl.RaftServerImpl (ServerState.java:setLeader(263)) - e22a5129-42d8-4cd6-b866-283bf38ecbc9:group-9E232FCD3343 change Leader from null to e22a5129-42d8-4cd6-b866-283bf38ecbc9 at term 1 for becomeLeader, leader elected after 5202ms
2019-09-12 11:53:01,151 [e22a5129-42d8-4cd6-b866-283bf38ecbc9:group-19EC28189B30:LeaderElection208] INFO  server.RaftServerConfigKeys (ConfUtils.java:logGet(43)) - raft.server.staging.catchup.gap = 1000 (default)
2019-09-12 11:53:01,151 [e22a5129-42d8-4cd6-b866-283bf38ecbc9:group-9E232FCD3343:LeaderElection209] INFO  server.RaftServerConfigKeys (ConfUtils.java:logGet(43)) - raft.server.staging.catchup.gap = 1000 (default)
2019-09-12 11:53:01,151 [e22a5129-42d8-4cd6-b866-283bf38ecbc9:group-19EC28189B30:LeaderElection208] INFO  server.RaftServerConfigKeys (ConfUtils.java:logGet(43)) - raft.server.rpc.sleep.time = 25ms (default)
2019-09-12 11:53:01,151 [e22a5129-42d8-4cd6-b866-283bf38ecbc9:group-9E232FCD3343:LeaderElection209] INFO  server.RaftServerConfigKeys (ConfUtils.java:logGet(43)) - raft.server.rpc.sleep.time = 25ms (default)
2019-09-12 11:53:01,151 [e22a5129-42d8-4cd6-b866-283bf38ecbc9:group-19EC28189B30:LeaderElection208] INFO  server.RaftServerConfigKeys (ConfUtils.java:logGet(43)) - raft.server.write.element-limit = 4096 (default)
2019-09-12 11:53:01,151 [e22a5129-42d8-4cd6-b866-283bf38ecbc9:group-9E232FCD3343:LeaderElection209] INFO  server.RaftServerConfigKeys (ConfUtils.java:logGet(43)) - raft.server.write.element-limit = 4096 (default)
2019-09-12 11:53:01,151 [e22a5129-42d8-4cd6-b866-283bf38ecbc9:group-19EC28189B30:LeaderElection208] INFO  server.RaftServerConfigKeys (ConfUtils.java:logGet(43)) - raft.server.watch.timeout = 10s (default)
2019-09-12 11:53:01,152 [e22a5129-42d8-4cd6-b866-283bf38ecbc9:group-9E232FCD3343:LeaderElection209] INFO  server.RaftServerConfigKeys (ConfUtils.java:logGet(43)) - raft.server.watch.timeout = 10s (default)
2019-09-12 11:53:01,152 [Thread-3132] INFO  impl.FollowerState (FollowerState.java:run(106)) - 33be2364-dcc7-44bf-aa9c-22b983fb7304:group-F435565D268F changes to CANDIDATE, lastRpcTime:5004, electionTimeout:5004ms
2019-09-12 11:53:01,152 [Thread-3132] INFO  impl.RoleInfo (RoleInfo.java:shutdownFollowerState(121)) - 33be2364-dcc7-44bf-aa9c-22b983fb7304: shutdown FollowerState
2019-09-12 11:53:01,152 [e22a5129-42d8-4cd6-b866-283bf38ecbc9:group-19EC28189B30:LeaderElection208] INFO  server.RaftServerConfigKeys (ConfUtils.java:logGet(43)) - raft.server.watch.timeout.denomination = 1s (default)
2019-09-12 11:53:01,152 [Thread-3132] INFO  impl.RaftServerImpl (RaftServerImpl.java:setRole(171)) - 33be2364-dcc7-44bf-aa9c-22b983fb7304:group-F435565D268F changes role from FOLLOWER to CANDIDATE at term 0 for changeToCandidate
2019-09-12 11:53:01,152 [e22a5129-42d8-4cd6-b866-283bf38ecbc9:group-9E232FCD3343:LeaderElection209] INFO  server.RaftServerConfigKeys (ConfUtils.java:logGet(43)) - raft.server.watch.timeout.denomination = 1s (default)
2019-09-12 11:53:01,152 [Thread-3132] INFO  impl.RoleInfo (RoleInfo.java:updateAndGet(143)) - 33be2364-dcc7-44bf-aa9c-22b983fb7304: start LeaderElection
2019-09-12 11:53:01,152 [e22a5129-42d8-4cd6-b866-283bf38ecbc9:group-19EC28189B30:LeaderElection208] INFO  server.RaftServerConfigKeys (ConfUtils.java:logGet(43)) - raft.server.watch.element-limit = 65536 (default)
2019-09-12 11:53:01,152 [e22a5129-42d8-4cd6-b866-283bf38ecbc9:group-9E232FCD3343:LeaderElection209] INFO  server.RaftServerConfigKeys (ConfUtils.java:logGet(43)) - raft.server.watch.element-limit = 65536 (default)
2019-09-12 11:53:01,153 [e22a5129-42d8-4cd6-b866-283bf38ecbc9:group-19EC28189B30:LeaderElection208] INFO  impl.RoleInfo (RoleInfo.java:updateAndGet(143)) - e22a5129-42d8-4cd6-b866-283bf38ecbc9: start LeaderState
2019-09-12 11:53:01,155 [e22a5129-42d8-4cd6-b866-283bf38ecbc9:group-9E232FCD3343:LeaderElection209] INFO  impl.RoleInfo (RoleInfo.java:updateAndGet(143)) - e22a5129-42d8-4cd6-b866-283bf38ecbc9: start LeaderState
2019-09-12 11:53:01,155 [e22a5129-42d8-4cd6-b866-283bf38ecbc9:group-19EC28189B30:LeaderElection208] INFO  segmented.SegmentedRaftLogWorker (SegmentedRaftLogWorker.java:startLogSegment(380)) - e22a5129-42d8-4cd6-b866-283bf38ecbc9-SegmentedRaftLogWorker:Storage Directory /workdir/hadoop-ozone/ozonefs/target/test-dir/MiniOzoneClusterImpl-646a9a0c-8e87-4326-8e6b-0cedd78f9de8/datanode-1/data/ratis/e8586d85-a5cf-4d25-878f-19ec28189b30: Starting segment from index:0
2019-09-12 11:53:01,155 [e22a5129-42d8-4cd6-b866-283bf38ecbc9:group-9E232FCD3343:LeaderElection209] INFO  segmented.SegmentedRaftLogWorker (SegmentedRaftLogWorker.java:startLogSegment(380)) - e22a5129-42d8-4cd6-b866-283bf38ecbc9-SegmentedRaftLogWorker:Storage Directory /workdir/hadoop-ozone/ozonefs/target/test-dir/MiniOzoneClusterImpl-646a9a0c-8e87-4326-8e6b-0cedd78f9de8/datanode-1/data/ratis/3fb2e59d-b480-4e1d-ae5d-9e232fcd3343: Starting segment from index:0
2019-09-12 11:53:01,155 [e22a5129-42d8-4cd6-b866-283bf38ecbc9:group-19EC28189B30:LeaderElection208] INFO  impl.RaftServerImpl (ServerState.java:setRaftConf(361)) - e22a5129-42d8-4cd6-b866-283bf38ecbc9:group-19EC28189B30 set configuration 0: [e22a5129-42d8-4cd6-b866-283bf38ecbc9:192.168.157.195:33451], old=null at 0
2019-09-12 11:53:01,156 [e22a5129-42d8-4cd6-b866-283bf38ecbc9:group-9E232FCD3343:LeaderElection209] INFO  impl.RaftServerImpl (ServerState.java:setRaftConf(361)) - e22a5129-42d8-4cd6-b866-283bf38ecbc9:group-9E232FCD3343 set configuration 0: [e22a5129-42d8-4cd6-b866-283bf38ecbc9:192.168.157.195:33451], old=null at 0
2019-09-12 11:53:01,176 [33be2364-dcc7-44bf-aa9c-22b983fb7304:group-F435565D268F:LeaderElection210] INFO  impl.LeaderElection (LeaderElection.java:askForVotes(181)) - 33be2364-dcc7-44bf-aa9c-22b983fb7304:group-F435565D268F:LeaderElection210: begin an election at term 1 for -1: [33be2364-dcc7-44bf-aa9c-22b983fb7304:192.168.157.195:36665], old=null
2019-09-12 11:53:01,177 [33be2364-dcc7-44bf-aa9c-22b983fb7304:group-F435565D268F:LeaderElection210] INFO  impl.RoleInfo (RoleInfo.java:shutdownLeaderElection(134)) - 33be2364-dcc7-44bf-aa9c-22b983fb7304: shutdown LeaderElection
2019-09-12 11:53:01,177 [33be2364-dcc7-44bf-aa9c-22b983fb7304:group-F435565D268F:LeaderElection210] INFO  impl.RaftServerImpl (RaftServerImpl.java:setRole(171)) - 33be2364-dcc7-44bf-aa9c-22b983fb7304:group-F435565D268F changes role from CANDIDATE to LEADER at term 1 for changeToLeader
2019-09-12 11:53:01,177 [33be2364-dcc7-44bf-aa9c-22b983fb7304:group-F435565D268F:LeaderElection210] INFO  impl.RaftServerImpl (ServerState.java:setLeader(263)) - 33be2364-dcc7-44bf-aa9c-22b983fb7304:group-F435565D268F change Leader from null to 33be2364-dcc7-44bf-aa9c-22b983fb7304 at term 1 for becomeLeader, leader elected after 5032ms
2019-09-12 11:53:01,177 [33be2364-dcc7-44bf-aa9c-22b983fb7304:group-F435565D268F:LeaderElection210] INFO  server.RaftServerConfigKeys (ConfUtils.java:logGet(43)) - raft.server.staging.catchup.gap = 1000 (default)
2019-09-12 11:53:01,177 [33be2364-dcc7-44bf-aa9c-22b983fb7304:group-F435565D268F:LeaderElection210] INFO  server.RaftServerConfigKeys (ConfUtils.java:logGet(43)) - raft.server.rpc.sleep.time = 25ms (default)
2019-09-12 11:53:01,177 [33be2364-dcc7-44bf-aa9c-22b983fb7304:group-F435565D268F:LeaderElection210] INFO  server.RaftServerConfigKeys (ConfUtils.java:logGet(43)) - raft.server.write.element-limit = 4096 (default)
2019-09-12 11:53:01,177 [33be2364-dcc7-44bf-aa9c-22b983fb7304:group-F435565D268F:LeaderElection210] INFO  server.RaftServerConfigKeys (ConfUtils.java:logGet(43)) - raft.server.watch.timeout = 10s (default)
2019-09-12 11:53:01,178 [33be2364-dcc7-44bf-aa9c-22b983fb7304:group-F435565D268F:LeaderElection210] INFO  server.RaftServerConfigKeys (ConfUtils.java:logGet(43)) - raft.server.watch.timeout.denomination = 1s (default)
2019-09-12 11:53:01,178 [33be2364-dcc7-44bf-aa9c-22b983fb7304:group-F435565D268F:LeaderElection210] INFO  server.RaftServerConfigKeys (ConfUtils.java:logGet(43)) - raft.server.watch.element-limit = 65536 (default)
2019-09-12 11:53:01,178 [33be2364-dcc7-44bf-aa9c-22b983fb7304:group-F435565D268F:LeaderElection210] INFO  impl.RoleInfo (RoleInfo.java:updateAndGet(143)) - 33be2364-dcc7-44bf-aa9c-22b983fb7304: start LeaderState
2019-09-12 11:53:01,178 [33be2364-dcc7-44bf-aa9c-22b983fb7304:group-F435565D268F:LeaderElection210] INFO  segmented.SegmentedRaftLogWorker (SegmentedRaftLogWorker.java:startLogSegment(380)) - 33be2364-dcc7-44bf-aa9c-22b983fb7304-SegmentedRaftLogWorker:Storage Directory /workdir/hadoop-ozone/ozonefs/target/test-dir/MiniOzoneClusterImpl-646a9a0c-8e87-4326-8e6b-0cedd78f9de8/datanode-2/data/ratis/b77a5e06-c742-497f-a4ba-f435565d268f: Starting segment from index:0
2019-09-12 11:53:01,179 [33be2364-dcc7-44bf-aa9c-22b983fb7304:group-F435565D268F:LeaderElection210] INFO  impl.RaftServerImpl (ServerState.java:setRaftConf(361)) - 33be2364-dcc7-44bf-aa9c-22b983fb7304:group-F435565D268F set configuration 0: [33be2364-dcc7-44bf-aa9c-22b983fb7304:192.168.157.195:36665], old=null at 0
2019-09-12 11:53:01,195 [e22a5129-42d8-4cd6-b866-283bf38ecbc9-SegmentedRaftLogWorker:Storage Directory /workdir/hadoop-ozone/ozonefs/target/test-dir/MiniOzoneClusterImpl-646a9a0c-8e87-4326-8e6b-0cedd78f9de8/datanode-1/data/ratis/e8586d85-a5cf-4d25-878f-19ec28189b30] INFO  segmented.SegmentedRaftLogWorker (SegmentedRaftLogWorker.java:execute(569)) - e22a5129-42d8-4cd6-b866-283bf38ecbc9-SegmentedRaftLogWorker:Storage Directory /workdir/hadoop-ozone/ozonefs/target/test-dir/MiniOzoneClusterImpl-646a9a0c-8e87-4326-8e6b-0cedd78f9de8/datanode-1/data/ratis/e8586d85-a5cf-4d25-878f-19ec28189b30: created new log segment /workdir/hadoop-ozone/ozonefs/target/test-dir/MiniOzoneClusterImpl-646a9a0c-8e87-4326-8e6b-0cedd78f9de8/datanode-1/data/ratis/e8586d85-a5cf-4d25-878f-19ec28189b30/current/log_inprogress_0
2019-09-12 11:53:01,195 [e22a5129-42d8-4cd6-b866-283bf38ecbc9-SegmentedRaftLogWorker:Storage Directory /workdir/hadoop-ozone/ozonefs/target/test-dir/MiniOzoneClusterImpl-646a9a0c-8e87-4326-8e6b-0cedd78f9de8/datanode-1/data/ratis/3fb2e59d-b480-4e1d-ae5d-9e232fcd3343] INFO  segmented.SegmentedRaftLogWorker (SegmentedRaftLogWorker.java:execute(569)) - e22a5129-42d8-4cd6-b866-283bf38ecbc9-SegmentedRaftLogWorker:Storage Directory /workdir/hadoop-ozone/ozonefs/target/test-dir/MiniOzoneClusterImpl-646a9a0c-8e87-4326-8e6b-0cedd78f9de8/datanode-1/data/ratis/3fb2e59d-b480-4e1d-ae5d-9e232fcd3343: created new log segment /workdir/hadoop-ozone/ozonefs/target/test-dir/MiniOzoneClusterImpl-646a9a0c-8e87-4326-8e6b-0cedd78f9de8/datanode-1/data/ratis/3fb2e59d-b480-4e1d-ae5d-9e232fcd3343/current/log_inprogress_0
2019-09-12 11:53:01,197 [Thread-3129] INFO  impl.FollowerState (FollowerState.java:run(106)) - e22a5129-42d8-4cd6-b866-283bf38ecbc9:group-62B5A89CB1B2 changes to CANDIDATE, lastRpcTime:5105, electionTimeout:5105ms
2019-09-12 11:53:01,197 [Thread-3129] INFO  impl.RoleInfo (RoleInfo.java:shutdownFollowerState(121)) - e22a5129-42d8-4cd6-b866-283bf38ecbc9: shutdown FollowerState
2019-09-12 11:53:01,197 [Thread-3129] INFO  impl.RaftServerImpl (RaftServerImpl.java:setRole(171)) - e22a5129-42d8-4cd6-b866-283bf38ecbc9:group-62B5A89CB1B2 changes role from FOLLOWER to CANDIDATE at term 0 for changeToCandidate
2019-09-12 11:53:01,197 [Thread-3129] INFO  impl.RoleInfo (RoleInfo.java:updateAndGet(143)) - e22a5129-42d8-4cd6-b866-283bf38ecbc9: start LeaderElection
2019-09-12 11:53:01,220 [33be2364-dcc7-44bf-aa9c-22b983fb7304-SegmentedRaftLogWorker:Storage Directory /workdir/hadoop-ozone/ozonefs/target/test-dir/MiniOzoneClusterImpl-646a9a0c-8e87-4326-8e6b-0cedd78f9de8/datanode-2/data/ratis/b77a5e06-c742-497f-a4ba-f435565d268f] INFO  segmented.SegmentedRaftLogWorker (SegmentedRaftLogWorker.java:execute(569)) - 33be2364-dcc7-44bf-aa9c-22b983fb7304-SegmentedRaftLogWorker:Storage Directory /workdir/hadoop-ozone/ozonefs/target/test-dir/MiniOzoneClusterImpl-646a9a0c-8e87-4326-8e6b-0cedd78f9de8/datanode-2/data/ratis/b77a5e06-c742-497f-a4ba-f435565d268f: created new log segment /workdir/hadoop-ozone/ozonefs/target/test-dir/MiniOzoneClusterImpl-646a9a0c-8e87-4326-8e6b-0cedd78f9de8/datanode-2/data/ratis/b77a5e06-c742-497f-a4ba-f435565d268f/current/log_inprogress_0
2019-09-12 11:53:01,220 [e22a5129-42d8-4cd6-b866-283bf38ecbc9:group-62B5A89CB1B2:LeaderElection211] INFO  impl.LeaderElection (LeaderElection.java:askForVotes(181)) - e22a5129-42d8-4cd6-b866-283bf38ecbc9:group-62B5A89CB1B2:LeaderElection211: begin an election at term 1 for -1: [e22a5129-42d8-4cd6-b866-283bf38ecbc9:192.168.157.195:33451], old=null
2019-09-12 11:53:01,220 [e22a5129-42d8-4cd6-b866-283bf38ecbc9:group-62B5A89CB1B2:LeaderElection211] INFO  impl.RoleInfo (RoleInfo.java:shutdownLeaderElection(134)) - e22a5129-42d8-4cd6-b866-283bf38ecbc9: shutdown LeaderElection
2019-09-12 11:53:01,221 [e22a5129-42d8-4cd6-b866-283bf38ecbc9:group-62B5A89CB1B2:LeaderElection211] INFO  impl.RaftServerImpl (RaftServerImpl.java:setRole(171)) - e22a5129-42d8-4cd6-b866-283bf38ecbc9:group-62B5A89CB1B2 changes role from CANDIDATE to LEADER at term 1 for changeToLeader
2019-09-12 11:53:01,221 [e22a5129-42d8-4cd6-b866-283bf38ecbc9:group-62B5A89CB1B2:LeaderElection211] INFO  impl.RaftServerImpl (ServerState.java:setLeader(263)) - e22a5129-42d8-4cd6-b866-283bf38ecbc9:group-62B5A89CB1B2 change Leader from null to e22a5129-42d8-4cd6-b866-283bf38ecbc9 at term 1 for becomeLeader, leader elected after 5131ms
2019-09-12 11:53:01,221 [e22a5129-42d8-4cd6-b866-283bf38ecbc9:group-62B5A89CB1B2:LeaderElection211] INFO  server.RaftServerConfigKeys (ConfUtils.java:logGet(43)) - raft.server.staging.catchup.gap = 1000 (default)
2019-09-12 11:53:01,221 [e22a5129-42d8-4cd6-b866-283bf38ecbc9:group-62B5A89CB1B2:LeaderElection211] INFO  server.RaftServerConfigKeys (ConfUtils.java:logGet(43)) - raft.server.rpc.sleep.time = 25ms (default)
2019-09-12 11:53:01,221 [e22a5129-42d8-4cd6-b866-283bf38ecbc9:group-62B5A89CB1B2:LeaderElection211] INFO  server.RaftServerConfigKeys (ConfUtils.java:logGet(43)) - raft.server.write.element-limit = 4096 (default)
2019-09-12 11:53:01,221 [e22a5129-42d8-4cd6-b866-283bf38ecbc9:group-62B5A89CB1B2:LeaderElection211] INFO  server.RaftServerConfigKeys (ConfUtils.java:logGet(43)) - raft.server.watch.timeout = 10s (default)
2019-09-12 11:53:01,221 [e22a5129-42d8-4cd6-b866-283bf38ecbc9:group-62B5A89CB1B2:LeaderElection211] INFO  server.RaftServerConfigKeys (ConfUtils.java:logGet(43)) - raft.server.watch.timeout.denomination = 1s (default)
2019-09-12 11:53:01,222 [e22a5129-42d8-4cd6-b866-283bf38ecbc9:group-62B5A89CB1B2:LeaderElection211] INFO  server.RaftServerConfigKeys (ConfUtils.java:logGet(43)) - raft.server.watch.element-limit = 65536 (default)
2019-09-12 11:53:01,222 [e22a5129-42d8-4cd6-b866-283bf38ecbc9:group-62B5A89CB1B2:LeaderElection211] INFO  impl.RoleInfo (RoleInfo.java:updateAndGet(143)) - e22a5129-42d8-4cd6-b866-283bf38ecbc9: start LeaderState
2019-09-12 11:53:01,222 [e22a5129-42d8-4cd6-b866-283bf38ecbc9:group-62B5A89CB1B2:LeaderElection211] INFO  segmented.SegmentedRaftLogWorker (SegmentedRaftLogWorker.java:startLogSegment(380)) - e22a5129-42d8-4cd6-b866-283bf38ecbc9-SegmentedRaftLogWorker:Storage Directory /workdir/hadoop-ozone/ozonefs/target/test-dir/MiniOzoneClusterImpl-646a9a0c-8e87-4326-8e6b-0cedd78f9de8/datanode-1/data/ratis/75dad78d-6c11-4f17-ab51-62b5a89cb1b2: Starting segment from index:0
2019-09-12 11:53:01,223 [e22a5129-42d8-4cd6-b866-283bf38ecbc9:group-62B5A89CB1B2:LeaderElection211] INFO  impl.RaftServerImpl (ServerState.java:setRaftConf(361)) - e22a5129-42d8-4cd6-b866-283bf38ecbc9:group-62B5A89CB1B2 set configuration 0: [e22a5129-42d8-4cd6-b866-283bf38ecbc9:192.168.157.195:33451], old=null at 0
2019-09-12 11:53:01,231 [Thread-3135] INFO  impl.FollowerState (FollowerState.java:run(106)) - 33be2364-dcc7-44bf-aa9c-22b983fb7304:group-9B13239026DA changes to CANDIDATE, lastRpcTime:5048, electionTimeout:5048ms
2019-09-12 11:53:01,231 [Thread-3135] INFO  impl.RoleInfo (RoleInfo.java:shutdownFollowerState(121)) - 33be2364-dcc7-44bf-aa9c-22b983fb7304: shutdown FollowerState
2019-09-12 11:53:01,231 [Thread-3135] INFO  impl.RaftServerImpl (RaftServerImpl.java:setRole(171)) - 33be2364-dcc7-44bf-aa9c-22b983fb7304:group-9B13239026DA changes role from FOLLOWER to CANDIDATE at term 0 for changeToCandidate
2019-09-12 11:53:01,232 [Thread-3135] INFO  impl.RoleInfo (RoleInfo.java:updateAndGet(143)) - 33be2364-dcc7-44bf-aa9c-22b983fb7304: start LeaderElection
2019-09-12 11:53:01,260 [Thread-3141] INFO  impl.FollowerState (FollowerState.java:run(106)) - 33be2364-dcc7-44bf-aa9c-22b983fb7304:group-75932B615EF4 changes to CANDIDATE, lastRpcTime:5006, electionTimeout:5005ms
2019-09-12 11:53:01,260 [Thread-3141] INFO  impl.RoleInfo (RoleInfo.java:shutdownFollowerState(121)) - 33be2364-dcc7-44bf-aa9c-22b983fb7304: shutdown FollowerState
2019-09-12 11:53:01,260 [Thread-3141] INFO  impl.RaftServerImpl (RaftServerImpl.java:setRole(171)) - 33be2364-dcc7-44bf-aa9c-22b983fb7304:group-75932B615EF4 changes role from FOLLOWER to CANDIDATE at term 0 for changeToCandidate
2019-09-12 11:53:01,260 [Thread-3141] INFO  impl.RoleInfo (RoleInfo.java:updateAndGet(143)) - 33be2364-dcc7-44bf-aa9c-22b983fb7304: start LeaderElection
2019-09-12 11:53:01,273 [e22a5129-42d8-4cd6-b866-283bf38ecbc9-SegmentedRaftLogWorker:Storage Directory /workdir/hadoop-ozone/ozonefs/target/test-dir/MiniOzoneClusterImpl-646a9a0c-8e87-4326-8e6b-0cedd78f9de8/datanode-1/data/ratis/75dad78d-6c11-4f17-ab51-62b5a89cb1b2] INFO  segmented.SegmentedRaftLogWorker (SegmentedRaftLogWorker.java:execute(569)) - e22a5129-42d8-4cd6-b866-283bf38ecbc9-SegmentedRaftLogWorker:Storage Directory /workdir/hadoop-ozone/ozonefs/target/test-dir/MiniOzoneClusterImpl-646a9a0c-8e87-4326-8e6b-0cedd78f9de8/datanode-1/data/ratis/75dad78d-6c11-4f17-ab51-62b5a89cb1b2: created new log segment /workdir/hadoop-ozone/ozonefs/target/test-dir/MiniOzoneClusterImpl-646a9a0c-8e87-4326-8e6b-0cedd78f9de8/datanode-1/data/ratis/75dad78d-6c11-4f17-ab51-62b5a89cb1b2/current/log_inprogress_0
2019-09-12 11:53:01,273 [33be2364-dcc7-44bf-aa9c-22b983fb7304:group-75932B615EF4:LeaderElection213] INFO  impl.LeaderElection (LeaderElection.java:askForVotes(181)) - 33be2364-dcc7-44bf-aa9c-22b983fb7304:group-75932B615EF4:LeaderElection213: begin an election at term 1 for -1: [33be2364-dcc7-44bf-aa9c-22b983fb7304:192.168.157.195:36665], old=null
2019-09-12 11:53:01,273 [33be2364-dcc7-44bf-aa9c-22b983fb7304:group-9B13239026DA:LeaderElection212] INFO  impl.LeaderElection (LeaderElection.java:askForVotes(181)) - 33be2364-dcc7-44bf-aa9c-22b983fb7304:group-9B13239026DA:LeaderElection212: begin an election at term 1 for -1: [33be2364-dcc7-44bf-aa9c-22b983fb7304:192.168.157.195:36665], old=null
2019-09-12 11:53:01,274 [33be2364-dcc7-44bf-aa9c-22b983fb7304:group-75932B615EF4:LeaderElection213] INFO  impl.RoleInfo (RoleInfo.java:shutdownLeaderElection(134)) - 33be2364-dcc7-44bf-aa9c-22b983fb7304: shutdown LeaderElection
2019-09-12 11:53:01,274 [33be2364-dcc7-44bf-aa9c-22b983fb7304:group-9B13239026DA:LeaderElection212] INFO  impl.RoleInfo (RoleInfo.java:shutdownLeaderElection(134)) - 33be2364-dcc7-44bf-aa9c-22b983fb7304: shutdown LeaderElection
2019-09-12 11:53:01,274 [33be2364-dcc7-44bf-aa9c-22b983fb7304:group-75932B615EF4:LeaderElection213] INFO  impl.RaftServerImpl (RaftServerImpl.java:setRole(171)) - 33be2364-dcc7-44bf-aa9c-22b983fb7304:group-75932B615EF4 changes role from CANDIDATE to LEADER at term 1 for changeToLeader
2019-09-12 11:53:01,274 [33be2364-dcc7-44bf-aa9c-22b983fb7304:group-9B13239026DA:LeaderElection212] INFO  impl.RaftServerImpl (RaftServerImpl.java:setRole(171)) - 33be2364-dcc7-44bf-aa9c-22b983fb7304:group-9B13239026DA changes role from CANDIDATE to LEADER at term 1 for changeToLeader
2019-09-12 11:53:01,274 [33be2364-dcc7-44bf-aa9c-22b983fb7304:group-75932B615EF4:LeaderElection213] INFO  impl.RaftServerImpl (ServerState.java:setLeader(263)) - 33be2364-dcc7-44bf-aa9c-22b983fb7304:group-75932B615EF4 change Leader from null to 33be2364-dcc7-44bf-aa9c-22b983fb7304 at term 1 for becomeLeader, leader elected after 5023ms
2019-09-12 11:53:01,274 [33be2364-dcc7-44bf-aa9c-22b983fb7304:group-9B13239026DA:LeaderElection212] INFO  impl.RaftServerImpl (ServerState.java:setLeader(263)) - 33be2364-dcc7-44bf-aa9c-22b983fb7304:group-9B13239026DA change Leader from null to 33be2364-dcc7-44bf-aa9c-22b983fb7304 at term 1 for becomeLeader, leader elected after 5094ms
2019-09-12 11:53:01,275 [33be2364-dcc7-44bf-aa9c-22b983fb7304:group-75932B615EF4:LeaderElection213] INFO  server.RaftServerConfigKeys (ConfUtils.java:logGet(43)) - raft.server.staging.catchup.gap = 1000 (default)
2019-09-12 11:53:01,275 [33be2364-dcc7-44bf-aa9c-22b983fb7304:group-9B13239026DA:LeaderElection212] INFO  server.RaftServerConfigKeys (ConfUtils.java:logGet(43)) - raft.server.staging.catchup.gap = 1000 (default)
2019-09-12 11:53:01,275 [33be2364-dcc7-44bf-aa9c-22b983fb7304:group-75932B615EF4:LeaderElection213] INFO  server.RaftServerConfigKeys (ConfUtils.java:logGet(43)) - raft.server.rpc.sleep.time = 25ms (default)
2019-09-12 11:53:01,275 [33be2364-dcc7-44bf-aa9c-22b983fb7304:group-9B13239026DA:LeaderElection212] INFO  server.RaftServerConfigKeys (ConfUtils.java:logGet(43)) - raft.server.rpc.sleep.time = 25ms (default)
2019-09-12 11:53:01,275 [33be2364-dcc7-44bf-aa9c-22b983fb7304:group-75932B615EF4:LeaderElection213] INFO  server.RaftServerConfigKeys (ConfUtils.java:logGet(43)) - raft.server.write.element-limit = 4096 (default)
2019-09-12 11:53:01,275 [33be2364-dcc7-44bf-aa9c-22b983fb7304:group-9B13239026DA:LeaderElection212] INFO  server.RaftServerConfigKeys (ConfUtils.java:logGet(43)) - raft.server.write.element-limit = 4096 (default)
2019-09-12 11:53:01,275 [33be2364-dcc7-44bf-aa9c-22b983fb7304:group-75932B615EF4:LeaderElection213] INFO  server.RaftServerConfigKeys (ConfUtils.java:logGet(43)) - raft.server.watch.timeout = 10s (default)
2019-09-12 11:53:01,276 [33be2364-dcc7-44bf-aa9c-22b983fb7304:group-9B13239026DA:LeaderElection212] INFO  server.RaftServerConfigKeys (ConfUtils.java:logGet(43)) - raft.server.watch.timeout = 10s (default)
2019-09-12 11:53:01,276 [33be2364-dcc7-44bf-aa9c-22b983fb7304:group-75932B615EF4:LeaderElection213] INFO  server.RaftServerConfigKeys (ConfUtils.java:logGet(43)) - raft.server.watch.timeout.denomination = 1s (default)
2019-09-12 11:53:01,276 [33be2364-dcc7-44bf-aa9c-22b983fb7304:group-9B13239026DA:LeaderElection212] INFO  server.RaftServerConfigKeys (ConfUtils.java:logGet(43)) - raft.server.watch.timeout.denomination = 1s (default)
2019-09-12 11:53:01,276 [33be2364-dcc7-44bf-aa9c-22b983fb7304:group-75932B615EF4:LeaderElection213] INFO  server.RaftServerConfigKeys (ConfUtils.java:logGet(43)) - raft.server.watch.element-limit = 65536 (default)
2019-09-12 11:53:01,276 [33be2364-dcc7-44bf-aa9c-22b983fb7304:group-9B13239026DA:LeaderElection212] INFO  server.RaftServerConfigKeys (ConfUtils.java:logGet(43)) - raft.server.watch.element-limit = 65536 (default)
2019-09-12 11:53:01,276 [33be2364-dcc7-44bf-aa9c-22b983fb7304:group-75932B615EF4:LeaderElection213] INFO  impl.RoleInfo (RoleInfo.java:updateAndGet(143)) - 33be2364-dcc7-44bf-aa9c-22b983fb7304: start LeaderState
2019-09-12 11:53:01,276 [33be2364-dcc7-44bf-aa9c-22b983fb7304:group-9B13239026DA:LeaderElection212] INFO  impl.RoleInfo (RoleInfo.java:updateAndGet(143)) - 33be2364-dcc7-44bf-aa9c-22b983fb7304: start LeaderState
2019-09-12 11:53:01,277 [33be2364-dcc7-44bf-aa9c-22b983fb7304:group-75932B615EF4:LeaderElection213] INFO  segmented.SegmentedRaftLogWorker (SegmentedRaftLogWorker.java:startLogSegment(380)) - 33be2364-dcc7-44bf-aa9c-22b983fb7304-SegmentedRaftLogWorker:Storage Directory /workdir/hadoop-ozone/ozonefs/target/test-dir/MiniOzoneClusterImpl-646a9a0c-8e87-4326-8e6b-0cedd78f9de8/datanode-2/data/ratis/54ab9dd2-d1f7-45d5-955e-75932b615ef4: Starting segment from index:0
2019-09-12 11:53:01,277 [33be2364-dcc7-44bf-aa9c-22b983fb7304:group-9B13239026DA:LeaderElection212] INFO  segmented.SegmentedRaftLogWorker (SegmentedRaftLogWorker.java:startLogSegment(380)) - 33be2364-dcc7-44bf-aa9c-22b983fb7304-SegmentedRaftLogWorker:Storage Directory /workdir/hadoop-ozone/ozonefs/target/test-dir/MiniOzoneClusterImpl-646a9a0c-8e87-4326-8e6b-0cedd78f9de8/datanode-2/data/ratis/64363b11-c7df-44c5-abb4-9b13239026da: Starting segment from index:0
2019-09-12 11:53:01,277 [33be2364-dcc7-44bf-aa9c-22b983fb7304:group-75932B615EF4:LeaderElection213] INFO  impl.RaftServerImpl (ServerState.java:setRaftConf(361)) - 33be2364-dcc7-44bf-aa9c-22b983fb7304:group-75932B615EF4 set configuration 0: [33be2364-dcc7-44bf-aa9c-22b983fb7304:192.168.157.195:36665], old=null at 0
2019-09-12 11:53:01,278 [33be2364-dcc7-44bf-aa9c-22b983fb7304:group-9B13239026DA:LeaderElection212] INFO  impl.RaftServerImpl (ServerState.java:setRaftConf(361)) - 33be2364-dcc7-44bf-aa9c-22b983fb7304:group-9B13239026DA set configuration 0: [33be2364-dcc7-44bf-aa9c-22b983fb7304:192.168.157.195:36665], old=null at 0
2019-09-12 11:53:01,322 [33be2364-dcc7-44bf-aa9c-22b983fb7304-SegmentedRaftLogWorker:Storage Directory /workdir/hadoop-ozone/ozonefs/target/test-dir/MiniOzoneClusterImpl-646a9a0c-8e87-4326-8e6b-0cedd78f9de8/datanode-2/data/ratis/64363b11-c7df-44c5-abb4-9b13239026da] INFO  segmented.SegmentedRaftLogWorker (SegmentedRaftLogWorker.java:execute(569)) - 33be2364-dcc7-44bf-aa9c-22b983fb7304-SegmentedRaftLogWorker:Storage Directory /workdir/hadoop-ozone/ozonefs/target/test-dir/MiniOzoneClusterImpl-646a9a0c-8e87-4326-8e6b-0cedd78f9de8/datanode-2/data/ratis/64363b11-c7df-44c5-abb4-9b13239026da: created new log segment /workdir/hadoop-ozone/ozonefs/target/test-dir/MiniOzoneClusterImpl-646a9a0c-8e87-4326-8e6b-0cedd78f9de8/datanode-2/data/ratis/64363b11-c7df-44c5-abb4-9b13239026da/current/log_inprogress_0
2019-09-12 11:53:01,322 [33be2364-dcc7-44bf-aa9c-22b983fb7304-SegmentedRaftLogWorker:Storage Directory /workdir/hadoop-ozone/ozonefs/target/test-dir/MiniOzoneClusterImpl-646a9a0c-8e87-4326-8e6b-0cedd78f9de8/datanode-2/data/ratis/54ab9dd2-d1f7-45d5-955e-75932b615ef4] INFO  segmented.SegmentedRaftLogWorker (SegmentedRaftLogWorker.java:execute(569)) - 33be2364-dcc7-44bf-aa9c-22b983fb7304-SegmentedRaftLogWorker:Storage Directory /workdir/hadoop-ozone/ozonefs/target/test-dir/MiniOzoneClusterImpl-646a9a0c-8e87-4326-8e6b-0cedd78f9de8/datanode-2/data/ratis/54ab9dd2-d1f7-45d5-955e-75932b615ef4: created new log segment /workdir/hadoop-ozone/ozonefs/target/test-dir/MiniOzoneClusterImpl-646a9a0c-8e87-4326-8e6b-0cedd78f9de8/datanode-2/data/ratis/54ab9dd2-d1f7-45d5-955e-75932b615ef4/current/log_inprogress_0
2019-09-12 11:53:01,340 [Thread-3138] INFO  impl.FollowerState (FollowerState.java:run(106)) - 33be2364-dcc7-44bf-aa9c-22b983fb7304:group-57A342FF5708 changes to CANDIDATE, lastRpcTime:5121, electionTimeout:5121ms
2019-09-12 11:53:01,340 [Thread-3138] INFO  impl.RoleInfo (RoleInfo.java:shutdownFollowerState(121)) - 33be2364-dcc7-44bf-aa9c-22b983fb7304: shutdown FollowerState
2019-09-12 11:53:01,340 [Thread-3138] INFO  impl.RaftServerImpl (RaftServerImpl.java:setRole(171)) - 33be2364-dcc7-44bf-aa9c-22b983fb7304:group-57A342FF5708 changes role from FOLLOWER to CANDIDATE at term 0 for changeToCandidate
2019-09-12 11:53:01,340 [Thread-3138] INFO  impl.RoleInfo (RoleInfo.java:updateAndGet(143)) - 33be2364-dcc7-44bf-aa9c-22b983fb7304: start LeaderElection
2019-09-12 11:53:01,356 [33be2364-dcc7-44bf-aa9c-22b983fb7304:group-57A342FF5708:LeaderElection214] INFO  impl.LeaderElection (LeaderElection.java:askForVotes(181)) - 33be2364-dcc7-44bf-aa9c-22b983fb7304:group-57A342FF5708:LeaderElection214: begin an election at term 1 for -1: [33be2364-dcc7-44bf-aa9c-22b983fb7304:192.168.157.195:36665], old=null
2019-09-12 11:53:01,357 [33be2364-dcc7-44bf-aa9c-22b983fb7304:group-57A342FF5708:LeaderElection214] INFO  impl.RoleInfo (RoleInfo.java:shutdownLeaderElection(134)) - 33be2364-dcc7-44bf-aa9c-22b983fb7304: shutdown LeaderElection
2019-09-12 11:53:01,357 [33be2364-dcc7-44bf-aa9c-22b983fb7304:group-57A342FF5708:LeaderElection214] INFO  impl.RaftServerImpl (RaftServerImpl.java:setRole(171)) - 33be2364-dcc7-44bf-aa9c-22b983fb7304:group-57A342FF5708 changes role from CANDIDATE to LEADER at term 1 for changeToLeader
2019-09-12 11:53:01,357 [33be2364-dcc7-44bf-aa9c-22b983fb7304:group-57A342FF5708:LeaderElection214] INFO  impl.RaftServerImpl (ServerState.java:setLeader(263)) - 33be2364-dcc7-44bf-aa9c-22b983fb7304:group-57A342FF5708 change Leader from null to 33be2364-dcc7-44bf-aa9c-22b983fb7304 at term 1 for becomeLeader, leader elected after 5141ms
2019-09-12 11:53:01,357 [33be2364-dcc7-44bf-aa9c-22b983fb7304:group-57A342FF5708:LeaderElection214] INFO  server.RaftServerConfigKeys (ConfUtils.java:logGet(43)) - raft.server.staging.catchup.gap = 1000 (default)
2019-09-12 11:53:01,357 [33be2364-dcc7-44bf-aa9c-22b983fb7304:group-57A342FF5708:LeaderElection214] INFO  server.RaftServerConfigKeys (ConfUtils.java:logGet(43)) - raft.server.rpc.sleep.time = 25ms (default)
2019-09-12 11:53:01,357 [33be2364-dcc7-44bf-aa9c-22b983fb7304:group-57A342FF5708:LeaderElection214] INFO  server.RaftServerConfigKeys (ConfUtils.java:logGet(43)) - raft.server.write.element-limit = 4096 (default)
2019-09-12 11:53:01,357 [33be2364-dcc7-44bf-aa9c-22b983fb7304:group-57A342FF5708:LeaderElection214] INFO  server.RaftServerConfigKeys (ConfUtils.java:logGet(43)) - raft.server.watch.timeout = 10s (default)
2019-09-12 11:53:01,357 [33be2364-dcc7-44bf-aa9c-22b983fb7304:group-57A342FF5708:LeaderElection214] INFO  server.RaftServerConfigKeys (ConfUtils.java:logGet(43)) - raft.server.watch.timeout.denomination = 1s (default)
2019-09-12 11:53:01,357 [33be2364-dcc7-44bf-aa9c-22b983fb7304:group-57A342FF5708:LeaderElection214] INFO  server.RaftServerConfigKeys (ConfUtils.java:logGet(43)) - raft.server.watch.element-limit = 65536 (default)
2019-09-12 11:53:01,358 [33be2364-dcc7-44bf-aa9c-22b983fb7304:group-57A342FF5708:LeaderElection214] INFO  impl.RoleInfo (RoleInfo.java:updateAndGet(143)) - 33be2364-dcc7-44bf-aa9c-22b983fb7304: start LeaderState
2019-09-12 11:53:01,358 [33be2364-dcc7-44bf-aa9c-22b983fb7304:group-57A342FF5708:LeaderElection214] INFO  segmented.SegmentedRaftLogWorker (SegmentedRaftLogWorker.java:startLogSegment(380)) - 33be2364-dcc7-44bf-aa9c-22b983fb7304-SegmentedRaftLogWorker:Storage Directory /workdir/hadoop-ozone/ozonefs/target/test-dir/MiniOzoneClusterImpl-646a9a0c-8e87-4326-8e6b-0cedd78f9de8/datanode-2/data/ratis/bc889531-1ad1-4b6b-8481-57a342ff5708: Starting segment from index:0
2019-09-12 11:53:01,358 [33be2364-dcc7-44bf-aa9c-22b983fb7304:group-57A342FF5708:LeaderElection214] INFO  impl.RaftServerImpl (ServerState.java:setRaftConf(361)) - 33be2364-dcc7-44bf-aa9c-22b983fb7304:group-57A342FF5708 set configuration 0: [33be2364-dcc7-44bf-aa9c-22b983fb7304:192.168.157.195:36665], old=null at 0
2019-09-12 11:53:01,405 [33be2364-dcc7-44bf-aa9c-22b983fb7304-SegmentedRaftLogWorker:Storage Directory /workdir/hadoop-ozone/ozonefs/target/test-dir/MiniOzoneClusterImpl-646a9a0c-8e87-4326-8e6b-0cedd78f9de8/datanode-2/data/ratis/bc889531-1ad1-4b6b-8481-57a342ff5708] INFO  segmented.SegmentedRaftLogWorker (SegmentedRaftLogWorker.java:execute(569)) - 33be2364-dcc7-44bf-aa9c-22b983fb7304-SegmentedRaftLogWorker:Storage Directory /workdir/hadoop-ozone/ozonefs/target/test-dir/MiniOzoneClusterImpl-646a9a0c-8e87-4326-8e6b-0cedd78f9de8/datanode-2/data/ratis/bc889531-1ad1-4b6b-8481-57a342ff5708: created new log segment /workdir/hadoop-ozone/ozonefs/target/test-dir/MiniOzoneClusterImpl-646a9a0c-8e87-4326-8e6b-0cedd78f9de8/datanode-2/data/ratis/bc889531-1ad1-4b6b-8481-57a342ff5708/current/log_inprogress_0
2019-09-12 11:53:01,428 [Thread-3144] INFO  impl.FollowerState (FollowerState.java:run(106)) - 33be2364-dcc7-44bf-aa9c-22b983fb7304:group-3605A18E2683 changes to CANDIDATE, lastRpcTime:5137, electionTimeout:5137ms
2019-09-12 11:53:01,429 [Thread-3144] INFO  impl.RoleInfo (RoleInfo.java:shutdownFollowerState(121)) - 33be2364-dcc7-44bf-aa9c-22b983fb7304: shutdown FollowerState
2019-09-12 11:53:01,429 [Thread-3144] INFO  impl.RaftServerImpl (RaftServerImpl.java:setRole(171)) - 33be2364-dcc7-44bf-aa9c-22b983fb7304:group-3605A18E2683 changes role from FOLLOWER to CANDIDATE at term 0 for changeToCandidate
2019-09-12 11:53:01,429 [Thread-3144] INFO  impl.RoleInfo (RoleInfo.java:updateAndGet(143)) - 33be2364-dcc7-44bf-aa9c-22b983fb7304: start LeaderElection
2019-09-12 11:53:01,444 [33be2364-dcc7-44bf-aa9c-22b983fb7304:group-3605A18E2683:LeaderElection215] INFO  impl.LeaderElection (LeaderElection.java:askForVotes(181)) - 33be2364-dcc7-44bf-aa9c-22b983fb7304:group-3605A18E2683:LeaderElection215: begin an election at term 1 for -1: [33be2364-dcc7-44bf-aa9c-22b983fb7304:192.168.157.195:36665], old=null
2019-09-12 11:53:01,444 [33be2364-dcc7-44bf-aa9c-22b983fb7304:group-3605A18E2683:LeaderElection215] INFO  impl.RoleInfo (RoleInfo.java:shutdownLeaderElection(134)) - 33be2364-dcc7-44bf-aa9c-22b983fb7304: shutdown LeaderElection
2019-09-12 11:53:01,444 [33be2364-dcc7-44bf-aa9c-22b983fb7304:group-3605A18E2683:LeaderElection215] INFO  impl.RaftServerImpl (RaftServerImpl.java:setRole(171)) - 33be2364-dcc7-44bf-aa9c-22b983fb7304:group-3605A18E2683 changes role from CANDIDATE to LEADER at term 1 for changeToLeader
2019-09-12 11:53:01,445 [33be2364-dcc7-44bf-aa9c-22b983fb7304:group-3605A18E2683:LeaderElection215] INFO  impl.RaftServerImpl (ServerState.java:setLeader(263)) - 33be2364-dcc7-44bf-aa9c-22b983fb7304:group-3605A18E2683 change Leader from null to 33be2364-dcc7-44bf-aa9c-22b983fb7304 at term 1 for becomeLeader, leader elected after 5156ms
2019-09-12 11:53:01,445 [33be2364-dcc7-44bf-aa9c-22b983fb7304:group-3605A18E2683:LeaderElection215] INFO  server.RaftServerConfigKeys (ConfUtils.java:logGet(43)) - raft.server.staging.catchup.gap = 1000 (default)
2019-09-12 11:53:01,445 [33be2364-dcc7-44bf-aa9c-22b983fb7304:group-3605A18E2683:LeaderElection215] INFO  server.RaftServerConfigKeys (ConfUtils.java:logGet(43)) - raft.server.rpc.sleep.time = 25ms (default)
2019-09-12 11:53:01,445 [33be2364-dcc7-44bf-aa9c-22b983fb7304:group-3605A18E2683:LeaderElection215] INFO  server.RaftServerConfigKeys (ConfUtils.java:logGet(43)) - raft.server.write.element-limit = 4096 (default)
2019-09-12 11:53:01,445 [33be2364-dcc7-44bf-aa9c-22b983fb7304:group-3605A18E2683:LeaderElection215] INFO  server.RaftServerConfigKeys (ConfUtils.java:logGet(43)) - raft.server.watch.timeout = 10s (default)
2019-09-12 11:53:01,445 [33be2364-dcc7-44bf-aa9c-22b983fb7304:group-3605A18E2683:LeaderElection215] INFO  server.RaftServerConfigKeys (ConfUtils.java:logGet(43)) - raft.server.watch.timeout.denomination = 1s (default)
2019-09-12 11:53:01,445 [33be2364-dcc7-44bf-aa9c-22b983fb7304:group-3605A18E2683:LeaderElection215] INFO  server.RaftServerConfigKeys (ConfUtils.java:logGet(43)) - raft.server.watch.element-limit = 65536 (default)
2019-09-12 11:53:01,445 [33be2364-dcc7-44bf-aa9c-22b983fb7304:group-3605A18E2683:LeaderElection215] INFO  impl.RoleInfo (RoleInfo.java:updateAndGet(143)) - 33be2364-dcc7-44bf-aa9c-22b983fb7304: start LeaderState
2019-09-12 11:53:01,445 [33be2364-dcc7-44bf-aa9c-22b983fb7304:group-3605A18E2683:LeaderElection215] INFO  segmented.SegmentedRaftLogWorker (SegmentedRaftLogWorker.java:startLogSegment(380)) - 33be2364-dcc7-44bf-aa9c-22b983fb7304-SegmentedRaftLogWorker:Storage Directory /workdir/hadoop-ozone/ozonefs/target/test-dir/MiniOzoneClusterImpl-646a9a0c-8e87-4326-8e6b-0cedd78f9de8/datanode-2/data/ratis/51b0db4f-5a90-43e8-a41e-3605a18e2683: Starting segment from index:0
2019-09-12 11:53:01,446 [33be2364-dcc7-44bf-aa9c-22b983fb7304:group-3605A18E2683:LeaderElection215] INFO  impl.RaftServerImpl (ServerState.java:setRaftConf(361)) - 33be2364-dcc7-44bf-aa9c-22b983fb7304:group-3605A18E2683 set configuration 0: [33be2364-dcc7-44bf-aa9c-22b983fb7304:192.168.157.195:36665], old=null at 0
2019-09-12 11:53:01,451 [Thread-3147] INFO  impl.FollowerState (FollowerState.java:run(106)) - 33be2364-dcc7-44bf-aa9c-22b983fb7304:group-7D3D574DD91A changes to CANDIDATE, lastRpcTime:5123, electionTimeout:5123ms
2019-09-12 11:53:01,451 [Thread-3147] INFO  impl.RoleInfo (RoleInfo.java:shutdownFollowerState(121)) - 33be2364-dcc7-44bf-aa9c-22b983fb7304: shutdown FollowerState
2019-09-12 11:53:01,451 [Thread-3147] INFO  impl.RaftServerImpl (RaftServerImpl.java:setRole(171)) - 33be2364-dcc7-44bf-aa9c-22b983fb7304:group-7D3D574DD91A changes role from FOLLOWER to CANDIDATE at term 0 for changeToCandidate
2019-09-12 11:53:01,451 [Thread-3147] INFO  impl.RoleInfo (RoleInfo.java:updateAndGet(143)) - 33be2364-dcc7-44bf-aa9c-22b983fb7304: start LeaderElection
2019-09-12 11:53:01,494 [33be2364-dcc7-44bf-aa9c-22b983fb7304-SegmentedRaftLogWorker:Storage Directory /workdir/hadoop-ozone/ozonefs/target/test-dir/MiniOzoneClusterImpl-646a9a0c-8e87-4326-8e6b-0cedd78f9de8/datanode-2/data/ratis/51b0db4f-5a90-43e8-a41e-3605a18e2683] INFO  segmented.SegmentedRaftLogWorker (SegmentedRaftLogWorker.java:execute(569)) - 33be2364-dcc7-44bf-aa9c-22b983fb7304-SegmentedRaftLogWorker:Storage Directory /workdir/hadoop-ozone/ozonefs/target/test-dir/MiniOzoneClusterImpl-646a9a0c-8e87-4326-8e6b-0cedd78f9de8/datanode-2/data/ratis/51b0db4f-5a90-43e8-a41e-3605a18e2683: created new log segment /workdir/hadoop-ozone/ozonefs/target/test-dir/MiniOzoneClusterImpl-646a9a0c-8e87-4326-8e6b-0cedd78f9de8/datanode-2/data/ratis/51b0db4f-5a90-43e8-a41e-3605a18e2683/current/log_inprogress_0
2019-09-12 11:53:01,494 [33be2364-dcc7-44bf-aa9c-22b983fb7304:group-7D3D574DD91A:LeaderElection216] INFO  impl.LeaderElection (LeaderElection.java:askForVotes(181)) - 33be2364-dcc7-44bf-aa9c-22b983fb7304:group-7D3D574DD91A:LeaderElection216: begin an election at term 1 for -1: [33be2364-dcc7-44bf-aa9c-22b983fb7304:192.168.157.195:36665], old=null
2019-09-12 11:53:01,495 [33be2364-dcc7-44bf-aa9c-22b983fb7304:group-7D3D574DD91A:LeaderElection216] INFO  impl.RoleInfo (RoleInfo.java:shutdownLeaderElection(134)) - 33be2364-dcc7-44bf-aa9c-22b983fb7304: shutdown LeaderElection
2019-09-12 11:53:01,495 [33be2364-dcc7-44bf-aa9c-22b983fb7304:group-7D3D574DD91A:LeaderElection216] INFO  impl.RaftServerImpl (RaftServerImpl.java:setRole(171)) - 33be2364-dcc7-44bf-aa9c-22b983fb7304:group-7D3D574DD91A changes role from CANDIDATE to LEADER at term 1 for changeToLeader
2019-09-12 11:53:01,495 [33be2364-dcc7-44bf-aa9c-22b983fb7304:group-7D3D574DD91A:LeaderElection216] INFO  impl.RaftServerImpl (ServerState.java:setLeader(263)) - 33be2364-dcc7-44bf-aa9c-22b983fb7304:group-7D3D574DD91A change Leader from null to 33be2364-dcc7-44bf-aa9c-22b983fb7304 at term 1 for becomeLeader, leader elected after 5170ms
2019-09-12 11:53:01,495 [33be2364-dcc7-44bf-aa9c-22b983fb7304:group-7D3D574DD91A:LeaderElection216] INFO  server.RaftServerConfigKeys (ConfUtils.java:logGet(43)) - raft.server.staging.catchup.gap = 1000 (default)
2019-09-12 11:53:01,495 [33be2364-dcc7-44bf-aa9c-22b983fb7304:group-7D3D574DD91A:LeaderElection216] INFO  server.RaftServerConfigKeys (ConfUtils.java:logGet(43)) - raft.server.rpc.sleep.time = 25ms (default)
2019-09-12 11:53:01,495 [33be2364-dcc7-44bf-aa9c-22b983fb7304:group-7D3D574DD91A:LeaderElection216] INFO  server.RaftServerConfigKeys (ConfUtils.java:logGet(43)) - raft.server.write.element-limit = 4096 (default)
2019-09-12 11:53:01,496 [33be2364-dcc7-44bf-aa9c-22b983fb7304:group-7D3D574DD91A:LeaderElection216] INFO  server.RaftServerConfigKeys (ConfUtils.java:logGet(43)) - raft.server.watch.timeout = 10s (default)
2019-09-12 11:53:01,496 [33be2364-dcc7-44bf-aa9c-22b983fb7304:group-7D3D574DD91A:LeaderElection216] INFO  server.RaftServerConfigKeys (ConfUtils.java:logGet(43)) - raft.server.watch.timeout.denomination = 1s (default)
2019-09-12 11:53:01,496 [33be2364-dcc7-44bf-aa9c-22b983fb7304:group-7D3D574DD91A:LeaderElection216] INFO  server.RaftServerConfigKeys (ConfUtils.java:logGet(43)) - raft.server.watch.element-limit = 65536 (default)
2019-09-12 11:53:01,496 [33be2364-dcc7-44bf-aa9c-22b983fb7304:group-7D3D574DD91A:LeaderElection216] INFO  impl.RoleInfo (RoleInfo.java:updateAndGet(143)) - 33be2364-dcc7-44bf-aa9c-22b983fb7304: start LeaderState
2019-09-12 11:53:01,496 [33be2364-dcc7-44bf-aa9c-22b983fb7304:group-7D3D574DD91A:LeaderElection216] INFO  segmented.SegmentedRaftLogWorker (SegmentedRaftLogWorker.java:startLogSegment(380)) - 33be2364-dcc7-44bf-aa9c-22b983fb7304-SegmentedRaftLogWorker:Storage Directory /workdir/hadoop-ozone/ozonefs/target/test-dir/MiniOzoneClusterImpl-646a9a0c-8e87-4326-8e6b-0cedd78f9de8/datanode-2/data/ratis/3b4d3c9e-9fc0-4e9d-98b9-7d3d574dd91a: Starting segment from index:0
2019-09-12 11:53:01,497 [33be2364-dcc7-44bf-aa9c-22b983fb7304:group-7D3D574DD91A:LeaderElection216] INFO  impl.RaftServerImpl (ServerState.java:setRaftConf(361)) - 33be2364-dcc7-44bf-aa9c-22b983fb7304:group-7D3D574DD91A set configuration 0: [33be2364-dcc7-44bf-aa9c-22b983fb7304:192.168.157.195:36665], old=null at 0
2019-09-12 11:53:01,544 [33be2364-dcc7-44bf-aa9c-22b983fb7304-SegmentedRaftLogWorker:Storage Directory /workdir/hadoop-ozone/ozonefs/target/test-dir/MiniOzoneClusterImpl-646a9a0c-8e87-4326-8e6b-0cedd78f9de8/datanode-2/data/ratis/3b4d3c9e-9fc0-4e9d-98b9-7d3d574dd91a] INFO  segmented.SegmentedRaftLogWorker (SegmentedRaftLogWorker.java:execute(569)) - 33be2364-dcc7-44bf-aa9c-22b983fb7304-SegmentedRaftLogWorker:Storage Directory /workdir/hadoop-ozone/ozonefs/target/test-dir/MiniOzoneClusterImpl-646a9a0c-8e87-4326-8e6b-0cedd78f9de8/datanode-2/data/ratis/3b4d3c9e-9fc0-4e9d-98b9-7d3d574dd91a: created new log segment /workdir/hadoop-ozone/ozonefs/target/test-dir/MiniOzoneClusterImpl-646a9a0c-8e87-4326-8e6b-0cedd78f9de8/datanode-2/data/ratis/3b4d3c9e-9fc0-4e9d-98b9-7d3d574dd91a/current/log_inprogress_0
2019-09-12 11:53:02,138 | INFO  | SCMAudit | user=jenkins1000 | ip=192.168.157.195 | op=SEND_HEARTBEAT {datanodeUUID=33be2364-dcc7-44bf-aa9c-22b983fb7304, command=[]} | ret=SUCCESS |  
2019-09-12 11:53:02,315 [main] INFO  ozoneimpl.OzoneContainer (OzoneContainer.java:stop(199)) - Attempting to stop container services.
2019-09-12 11:53:02,315 [ForkJoinPool.commonPool-worker-0] INFO  ozoneimpl.OzoneContainer (OzoneContainer.java:stop(199)) - Attempting to stop container services.
2019-09-12 11:53:02,316 [main] INFO  impl.RaftServerProxy (RaftServerProxy.java:lambda$close$4(314)) - e22a5129-42d8-4cd6-b866-283bf38ecbc9: close
2019-09-12 11:53:02,316 [ForkJoinPool.commonPool-worker-0] INFO  impl.RaftServerProxy (RaftServerProxy.java:lambda$close$4(314)) - c51fd1b3-2db3-4e28-b21a-7e66a3359c4c: close
2019-09-12 11:53:02,317 [main] INFO  impl.RaftServerImpl (RaftServerImpl.java:lambda$shutdown$3(245)) - e22a5129-42d8-4cd6-b866-283bf38ecbc9: shutdown group-7B946DCD04E1
2019-09-12 11:53:02,317 [ForkJoinPool.commonPool-worker-0] INFO  impl.RaftServerImpl (RaftServerImpl.java:lambda$shutdown$3(245)) - c51fd1b3-2db3-4e28-b21a-7e66a3359c4c: shutdown group-FF834C582619
2019-09-12 11:53:02,318 [main] INFO  util.JmxRegister (JmxRegister.java:unregister(73)) - Successfully un-registered JMX Bean with object name Ratis:service=RaftServer,group=group-7B946DCD04E1,id=e22a5129-42d8-4cd6-b866-283bf38ecbc9
2019-09-12 11:53:02,318 [ForkJoinPool.commonPool-worker-0] INFO  util.JmxRegister (JmxRegister.java:unregister(73)) - Successfully un-registered JMX Bean with object name Ratis:service=RaftServer,group=group-FF834C582619,id=c51fd1b3-2db3-4e28-b21a-7e66a3359c4c
2019-09-12 11:53:02,318 [main] INFO  impl.RoleInfo (RoleInfo.java:shutdownLeaderState(104)) - e22a5129-42d8-4cd6-b866-283bf38ecbc9: shutdown LeaderState
2019-09-12 11:53:02,319 [ForkJoinPool.commonPool-worker-0] INFO  impl.RoleInfo (RoleInfo.java:shutdownLeaderState(104)) - c51fd1b3-2db3-4e28-b21a-7e66a3359c4c: shutdown LeaderState
2019-09-12 11:53:02,319 [main] INFO  impl.PendingRequests (PendingRequests.java:sendNotLeaderResponses(202)) - e22a5129-42d8-4cd6-b866-283bf38ecbc9-PendingRequests: sendNotLeaderResponses
2019-09-12 11:53:02,320 [ForkJoinPool.commonPool-worker-0] INFO  impl.PendingRequests (PendingRequests.java:sendNotLeaderResponses(202)) - c51fd1b3-2db3-4e28-b21a-7e66a3359c4c-PendingRequests: sendNotLeaderResponses
2019-09-12 11:53:02,320 [main] INFO  impl.StateMachineUpdater (StateMachineUpdater.java:stopAndJoin(115)) - StateMachineUpdater:e22a5129-42d8-4cd6-b866-283bf38ecbc9:group-7B946DCD04E1: set stopIndex = 0
2019-09-12 11:53:02,320 [ForkJoinPool.commonPool-worker-0] INFO  impl.StateMachineUpdater (StateMachineUpdater.java:stopAndJoin(115)) - StateMachineUpdater:c51fd1b3-2db3-4e28-b21a-7e66a3359c4c:group-FF834C582619: set stopIndex = 0
2019-09-12 11:53:02,321 [main] INFO  impl.RaftServerImpl (ServerState.java:close(394)) - e22a5129-42d8-4cd6-b866-283bf38ecbc9:group-7B946DCD04E1 closes. The last applied log index is 0
2019-09-12 11:53:02,321 [ForkJoinPool.commonPool-worker-0] INFO  impl.RaftServerImpl (ServerState.java:close(394)) - c51fd1b3-2db3-4e28-b21a-7e66a3359c4c:group-FF834C582619 closes. The last applied log index is 0
2019-09-12 11:53:02,322 [e22a5129-42d8-4cd6-b866-283bf38ecbc9-SegmentedRaftLogWorker:Storage Directory /workdir/hadoop-ozone/ozonefs/target/test-dir/MiniOzoneClusterImpl-646a9a0c-8e87-4326-8e6b-0cedd78f9de8/datanode-1/data/ratis/9be5d055-ddfc-4612-a010-7b946dcd04e1] INFO  segmented.SegmentedRaftLogWorker (SegmentedRaftLogWorker.java:run(313)) - e22a5129-42d8-4cd6-b866-283bf38ecbc9-SegmentedRaftLogWorker:Storage Directory /workdir/hadoop-ozone/ozonefs/target/test-dir/MiniOzoneClusterImpl-646a9a0c-8e87-4326-8e6b-0cedd78f9de8/datanode-1/data/ratis/9be5d055-ddfc-4612-a010-7b946dcd04e1 was interrupted, exiting. There are 0 tasks remaining in the queue.
2019-09-12 11:53:02,322 [c51fd1b3-2db3-4e28-b21a-7e66a3359c4c-SegmentedRaftLogWorker:Storage Directory /workdir/hadoop-ozone/ozonefs/target/test-dir/MiniOzoneClusterImpl-646a9a0c-8e87-4326-8e6b-0cedd78f9de8/datanode-0/data/ratis/70109d1c-6278-4122-a200-ff834c582619] INFO  segmented.SegmentedRaftLogWorker (SegmentedRaftLogWorker.java:run(313)) - c51fd1b3-2db3-4e28-b21a-7e66a3359c4c-SegmentedRaftLogWorker:Storage Directory /workdir/hadoop-ozone/ozonefs/target/test-dir/MiniOzoneClusterImpl-646a9a0c-8e87-4326-8e6b-0cedd78f9de8/datanode-0/data/ratis/70109d1c-6278-4122-a200-ff834c582619 was interrupted, exiting. There are 0 tasks remaining in the queue.
2019-09-12 11:53:02,322 [main] INFO  segmented.SegmentedRaftLogWorker (SegmentedRaftLogWorker.java:close(228)) - e22a5129-42d8-4cd6-b866-283bf38ecbc9-SegmentedRaftLogWorker:Storage Directory /workdir/hadoop-ozone/ozonefs/target/test-dir/MiniOzoneClusterImpl-646a9a0c-8e87-4326-8e6b-0cedd78f9de8/datanode-1/data/ratis/9be5d055-ddfc-4612-a010-7b946dcd04e1 close()
2019-09-12 11:53:02,323 [ForkJoinPool.commonPool-worker-0] INFO  segmented.SegmentedRaftLogWorker (SegmentedRaftLogWorker.java:close(228)) - c51fd1b3-2db3-4e28-b21a-7e66a3359c4c-SegmentedRaftLogWorker:Storage Directory /workdir/hadoop-ozone/ozonefs/target/test-dir/MiniOzoneClusterImpl-646a9a0c-8e87-4326-8e6b-0cedd78f9de8/datanode-0/data/ratis/70109d1c-6278-4122-a200-ff834c582619 close()
2019-09-12 11:53:02,325 [main] INFO  impl.RaftServerImpl (RaftServerImpl.java:lambda$shutdown$3(245)) - e22a5129-42d8-4cd6-b866-283bf38ecbc9: shutdown group-9E232FCD3343
2019-09-12 11:53:02,327 [ForkJoinPool.commonPool-worker-0] INFO  impl.RaftServerImpl (RaftServerImpl.java:lambda$shutdown$3(245)) - c51fd1b3-2db3-4e28-b21a-7e66a3359c4c: shutdown group-2CACB2D02417
2019-09-12 11:53:02,328 [main] INFO  util.JmxRegister (JmxRegister.java:unregister(73)) - Successfully un-registered JMX Bean with object name Ratis:service=RaftServer,group=group-9E232FCD3343,id=e22a5129-42d8-4cd6-b866-283bf38ecbc9
2019-09-12 11:53:02,328 [ForkJoinPool.commonPool-worker-0] INFO  util.JmxRegister (JmxRegister.java:unregister(73)) - Successfully un-registered JMX Bean with object name Ratis:service=RaftServer,group=group-2CACB2D02417,id=c51fd1b3-2db3-4e28-b21a-7e66a3359c4c
2019-09-12 11:53:02,328 [main] INFO  impl.RoleInfo (RoleInfo.java:shutdownLeaderState(104)) - e22a5129-42d8-4cd6-b866-283bf38ecbc9: shutdown LeaderState
2019-09-12 11:53:02,329 [ForkJoinPool.commonPool-worker-0] INFO  impl.RoleInfo (RoleInfo.java:shutdownLeaderState(104)) - c51fd1b3-2db3-4e28-b21a-7e66a3359c4c: shutdown LeaderState
2019-09-12 11:53:02,329 [main] INFO  impl.PendingRequests (PendingRequests.java:sendNotLeaderResponses(202)) - e22a5129-42d8-4cd6-b866-283bf38ecbc9-PendingRequests: sendNotLeaderResponses
2019-09-12 11:53:02,330 [ForkJoinPool.commonPool-worker-0] INFO  impl.PendingRequests (PendingRequests.java:sendNotLeaderResponses(202)) - c51fd1b3-2db3-4e28-b21a-7e66a3359c4c-PendingRequests: sendNotLeaderResponses
2019-09-12 11:53:02,332 [main] INFO  impl.StateMachineUpdater (StateMachineUpdater.java:stopAndJoin(115)) - StateMachineUpdater:e22a5129-42d8-4cd6-b866-283bf38ecbc9:group-9E232FCD3343: set stopIndex = 0
2019-09-12 11:53:02,332 [ForkJoinPool.commonPool-worker-0] INFO  impl.StateMachineUpdater (StateMachineUpdater.java:stopAndJoin(115)) - StateMachineUpdater:c51fd1b3-2db3-4e28-b21a-7e66a3359c4c:group-2CACB2D02417: set stopIndex = 0
2019-09-12 11:53:02,333 [main] INFO  impl.RaftServerImpl (ServerState.java:close(394)) - e22a5129-42d8-4cd6-b866-283bf38ecbc9:group-9E232FCD3343 closes. The last applied log index is 0
2019-09-12 11:53:02,333 [ForkJoinPool.commonPool-worker-0] INFO  impl.RaftServerImpl (ServerState.java:close(394)) - c51fd1b3-2db3-4e28-b21a-7e66a3359c4c:group-2CACB2D02417 closes. The last applied log index is 0
2019-09-12 11:53:02,334 [e22a5129-42d8-4cd6-b866-283bf38ecbc9-SegmentedRaftLogWorker:Storage Directory /workdir/hadoop-ozone/ozonefs/target/test-dir/MiniOzoneClusterImpl-646a9a0c-8e87-4326-8e6b-0cedd78f9de8/datanode-1/data/ratis/3fb2e59d-b480-4e1d-ae5d-9e232fcd3343] INFO  segmented.SegmentedRaftLogWorker (SegmentedRaftLogWorker.java:run(313)) - e22a5129-42d8-4cd6-b866-283bf38ecbc9-SegmentedRaftLogWorker:Storage Directory /workdir/hadoop-ozone/ozonefs/target/test-dir/MiniOzoneClusterImpl-646a9a0c-8e87-4326-8e6b-0cedd78f9de8/datanode-1/data/ratis/3fb2e59d-b480-4e1d-ae5d-9e232fcd3343 was interrupted, exiting. There are 0 tasks remaining in the queue.
2019-09-12 11:53:02,334 [c51fd1b3-2db3-4e28-b21a-7e66a3359c4c-SegmentedRaftLogWorker:Storage Directory /workdir/hadoop-ozone/ozonefs/target/test-dir/MiniOzoneClusterImpl-646a9a0c-8e87-4326-8e6b-0cedd78f9de8/datanode-0/data/ratis/9d74caef-2a35-47f2-8ab1-2cacb2d02417] INFO  segmented.SegmentedRaftLogWorker (SegmentedRaftLogWorker.java:run(313)) - c51fd1b3-2db3-4e28-b21a-7e66a3359c4c-SegmentedRaftLogWorker:Storage Directory /workdir/hadoop-ozone/ozonefs/target/test-dir/MiniOzoneClusterImpl-646a9a0c-8e87-4326-8e6b-0cedd78f9de8/datanode-0/data/ratis/9d74caef-2a35-47f2-8ab1-2cacb2d02417 was interrupted, exiting. There are 0 tasks remaining in the queue.
2019-09-12 11:53:02,334 [main] INFO  segmented.SegmentedRaftLogWorker (SegmentedRaftLogWorker.java:close(228)) - e22a5129-42d8-4cd6-b866-283bf38ecbc9-SegmentedRaftLogWorker:Storage Directory /workdir/hadoop-ozone/ozonefs/target/test-dir/MiniOzoneClusterImpl-646a9a0c-8e87-4326-8e6b-0cedd78f9de8/datanode-1/data/ratis/3fb2e59d-b480-4e1d-ae5d-9e232fcd3343 close()
2019-09-12 11:53:02,334 [ForkJoinPool.commonPool-worker-0] INFO  segmented.SegmentedRaftLogWorker (SegmentedRaftLogWorker.java:close(228)) - c51fd1b3-2db3-4e28-b21a-7e66a3359c4c-SegmentedRaftLogWorker:Storage Directory /workdir/hadoop-ozone/ozonefs/target/test-dir/MiniOzoneClusterImpl-646a9a0c-8e87-4326-8e6b-0cedd78f9de8/datanode-0/data/ratis/9d74caef-2a35-47f2-8ab1-2cacb2d02417 close()
2019-09-12 11:53:02,336 [main] INFO  impl.RaftServerImpl (RaftServerImpl.java:lambda$shutdown$3(245)) - e22a5129-42d8-4cd6-b866-283bf38ecbc9: shutdown group-DCF6613E1293
2019-09-12 11:53:02,338 [ForkJoinPool.commonPool-worker-0] INFO  impl.RaftServerImpl (RaftServerImpl.java:lambda$shutdown$3(245)) - c51fd1b3-2db3-4e28-b21a-7e66a3359c4c: shutdown group-3AA6DA7D4F79
2019-09-12 11:53:02,338 [main] INFO  util.JmxRegister (JmxRegister.java:unregister(73)) - Successfully un-registered JMX Bean with object name Ratis:service=RaftServer,group=group-DCF6613E1293,id=e22a5129-42d8-4cd6-b866-283bf38ecbc9
2019-09-12 11:53:02,339 [main] INFO  impl.RoleInfo (RoleInfo.java:shutdownLeaderState(104)) - e22a5129-42d8-4cd6-b866-283bf38ecbc9: shutdown LeaderState
2019-09-12 11:53:02,339 [ForkJoinPool.commonPool-worker-0] INFO  util.JmxRegister (JmxRegister.java:unregister(73)) - Successfully un-registered JMX Bean with object name Ratis:service=RaftServer,group=group-3AA6DA7D4F79,id=c51fd1b3-2db3-4e28-b21a-7e66a3359c4c
2019-09-12 11:53:02,340 [ForkJoinPool.commonPool-worker-0] INFO  impl.RoleInfo (RoleInfo.java:shutdownLeaderState(104)) - c51fd1b3-2db3-4e28-b21a-7e66a3359c4c: shutdown LeaderState
2019-09-12 11:53:02,340 [main] INFO  impl.PendingRequests (PendingRequests.java:sendNotLeaderResponses(202)) - e22a5129-42d8-4cd6-b866-283bf38ecbc9-PendingRequests: sendNotLeaderResponses
2019-09-12 11:53:02,340 [ForkJoinPool.commonPool-worker-0] INFO  impl.PendingRequests (PendingRequests.java:sendNotLeaderResponses(202)) - c51fd1b3-2db3-4e28-b21a-7e66a3359c4c-PendingRequests: sendNotLeaderResponses
2019-09-12 11:53:02,341 [main] INFO  impl.StateMachineUpdater (StateMachineUpdater.java:stopAndJoin(115)) - StateMachineUpdater:e22a5129-42d8-4cd6-b866-283bf38ecbc9:group-DCF6613E1293: set stopIndex = 0
2019-09-12 11:53:02,341 [ForkJoinPool.commonPool-worker-0] INFO  impl.StateMachineUpdater (StateMachineUpdater.java:stopAndJoin(115)) - StateMachineUpdater:c51fd1b3-2db3-4e28-b21a-7e66a3359c4c:group-3AA6DA7D4F79: set stopIndex = 0
2019-09-12 11:53:02,342 [main] INFO  impl.RaftServerImpl (ServerState.java:close(394)) - e22a5129-42d8-4cd6-b866-283bf38ecbc9:group-DCF6613E1293 closes. The last applied log index is 0
2019-09-12 11:53:02,342 [ForkJoinPool.commonPool-worker-0] INFO  impl.RaftServerImpl (ServerState.java:close(394)) - c51fd1b3-2db3-4e28-b21a-7e66a3359c4c:group-3AA6DA7D4F79 closes. The last applied log index is 0
2019-09-12 11:53:02,343 [e22a5129-42d8-4cd6-b866-283bf38ecbc9-SegmentedRaftLogWorker:Storage Directory /workdir/hadoop-ozone/ozonefs/target/test-dir/MiniOzoneClusterImpl-646a9a0c-8e87-4326-8e6b-0cedd78f9de8/datanode-1/data/ratis/e86894b9-234c-45d7-b659-dcf6613e1293] INFO  segmented.SegmentedRaftLogWorker (SegmentedRaftLogWorker.java:run(313)) - e22a5129-42d8-4cd6-b866-283bf38ecbc9-SegmentedRaftLogWorker:Storage Directory /workdir/hadoop-ozone/ozonefs/target/test-dir/MiniOzoneClusterImpl-646a9a0c-8e87-4326-8e6b-0cedd78f9de8/datanode-1/data/ratis/e86894b9-234c-45d7-b659-dcf6613e1293 was interrupted, exiting. There are 0 tasks remaining in the queue.
2019-09-12 11:53:02,343 [c51fd1b3-2db3-4e28-b21a-7e66a3359c4c-SegmentedRaftLogWorker:Storage Directory /workdir/hadoop-ozone/ozonefs/target/test-dir/MiniOzoneClusterImpl-646a9a0c-8e87-4326-8e6b-0cedd78f9de8/datanode-0/data/ratis/e24cad6d-510b-4a50-8921-3aa6da7d4f79] INFO  segmented.SegmentedRaftLogWorker (SegmentedRaftLogWorker.java:run(313)) - c51fd1b3-2db3-4e28-b21a-7e66a3359c4c-SegmentedRaftLogWorker:Storage Directory /workdir/hadoop-ozone/ozonefs/target/test-dir/MiniOzoneClusterImpl-646a9a0c-8e87-4326-8e6b-0cedd78f9de8/datanode-0/data/ratis/e24cad6d-510b-4a50-8921-3aa6da7d4f79 was interrupted, exiting. There are 0 tasks remaining in the queue.
2019-09-12 11:53:02,343 [main] INFO  segmented.SegmentedRaftLogWorker (SegmentedRaftLogWorker.java:close(228)) - e22a5129-42d8-4cd6-b866-283bf38ecbc9-SegmentedRaftLogWorker:Storage Directory /workdir/hadoop-ozone/ozonefs/target/test-dir/MiniOzoneClusterImpl-646a9a0c-8e87-4326-8e6b-0cedd78f9de8/datanode-1/data/ratis/e86894b9-234c-45d7-b659-dcf6613e1293 close()
2019-09-12 11:53:02,343 [ForkJoinPool.commonPool-worker-0] INFO  segmented.SegmentedRaftLogWorker (SegmentedRaftLogWorker.java:close(228)) - c51fd1b3-2db3-4e28-b21a-7e66a3359c4c-SegmentedRaftLogWorker:Storage Directory /workdir/hadoop-ozone/ozonefs/target/test-dir/MiniOzoneClusterImpl-646a9a0c-8e87-4326-8e6b-0cedd78f9de8/datanode-0/data/ratis/e24cad6d-510b-4a50-8921-3aa6da7d4f79 close()
2019-09-12 11:53:02,345 [main] INFO  impl.RaftServerImpl (RaftServerImpl.java:lambda$shutdown$3(245)) - e22a5129-42d8-4cd6-b866-283bf38ecbc9: shutdown group-62B5A89CB1B2
2019-09-12 11:53:02,347 [main] INFO  util.JmxRegister (JmxRegister.java:unregister(73)) - Successfully un-registered JMX Bean with object name Ratis:service=RaftServer,group=group-62B5A89CB1B2,id=e22a5129-42d8-4cd6-b866-283bf38ecbc9
2019-09-12 11:53:02,348 [main] INFO  impl.RoleInfo (RoleInfo.java:shutdownLeaderState(104)) - e22a5129-42d8-4cd6-b866-283bf38ecbc9: shutdown LeaderState
2019-09-12 11:53:02,347 [ForkJoinPool.commonPool-worker-0] INFO  impl.RaftServerImpl (RaftServerImpl.java:lambda$shutdown$3(245)) - c51fd1b3-2db3-4e28-b21a-7e66a3359c4c: shutdown group-F1B23150327C
2019-09-12 11:53:02,348 [main] INFO  impl.PendingRequests (PendingRequests.java:sendNotLeaderResponses(202)) - e22a5129-42d8-4cd6-b866-283bf38ecbc9-PendingRequests: sendNotLeaderResponses
2019-09-12 11:53:02,349 [ForkJoinPool.commonPool-worker-0] INFO  util.JmxRegister (JmxRegister.java:unregister(73)) - Successfully un-registered JMX Bean with object name Ratis:service=RaftServer,group=group-F1B23150327C,id=c51fd1b3-2db3-4e28-b21a-7e66a3359c4c
2019-09-12 11:53:02,349 [ForkJoinPool.commonPool-worker-0] INFO  impl.RoleInfo (RoleInfo.java:shutdownLeaderState(104)) - c51fd1b3-2db3-4e28-b21a-7e66a3359c4c: shutdown LeaderState
2019-09-12 11:53:02,349 [main] INFO  impl.StateMachineUpdater (StateMachineUpdater.java:stopAndJoin(115)) - StateMachineUpdater:e22a5129-42d8-4cd6-b866-283bf38ecbc9:group-62B5A89CB1B2: set stopIndex = 0
2019-09-12 11:53:02,350 [main] INFO  impl.RaftServerImpl (ServerState.java:close(394)) - e22a5129-42d8-4cd6-b866-283bf38ecbc9:group-62B5A89CB1B2 closes. The last applied log index is 0
2019-09-12 11:53:02,350 [ForkJoinPool.commonPool-worker-0] INFO  impl.PendingRequests (PendingRequests.java:sendNotLeaderResponses(202)) - c51fd1b3-2db3-4e28-b21a-7e66a3359c4c-PendingRequests: sendNotLeaderResponses
2019-09-12 11:53:02,351 [e22a5129-42d8-4cd6-b866-283bf38ecbc9-SegmentedRaftLogWorker:Storage Directory /workdir/hadoop-ozone/ozonefs/target/test-dir/MiniOzoneClusterImpl-646a9a0c-8e87-4326-8e6b-0cedd78f9de8/datanode-1/data/ratis/75dad78d-6c11-4f17-ab51-62b5a89cb1b2] INFO  segmented.SegmentedRaftLogWorker (SegmentedRaftLogWorker.java:run(313)) - e22a5129-42d8-4cd6-b866-283bf38ecbc9-SegmentedRaftLogWorker:Storage Directory /workdir/hadoop-ozone/ozonefs/target/test-dir/MiniOzoneClusterImpl-646a9a0c-8e87-4326-8e6b-0cedd78f9de8/datanode-1/data/ratis/75dad78d-6c11-4f17-ab51-62b5a89cb1b2 was interrupted, exiting. There are 0 tasks remaining in the queue.
2019-09-12 11:53:02,351 [ForkJoinPool.commonPool-worker-0] INFO  impl.StateMachineUpdater (StateMachineUpdater.java:stopAndJoin(115)) - StateMachineUpdater:c51fd1b3-2db3-4e28-b21a-7e66a3359c4c:group-F1B23150327C: set stopIndex = 0
2019-09-12 11:53:02,351 [main] INFO  segmented.SegmentedRaftLogWorker (SegmentedRaftLogWorker.java:close(228)) - e22a5129-42d8-4cd6-b866-283bf38ecbc9-SegmentedRaftLogWorker:Storage Directory /workdir/hadoop-ozone/ozonefs/target/test-dir/MiniOzoneClusterImpl-646a9a0c-8e87-4326-8e6b-0cedd78f9de8/datanode-1/data/ratis/75dad78d-6c11-4f17-ab51-62b5a89cb1b2 close()
2019-09-12 11:53:02,351 [ForkJoinPool.commonPool-worker-0] INFO  impl.RaftServerImpl (ServerState.java:close(394)) - c51fd1b3-2db3-4e28-b21a-7e66a3359c4c:group-F1B23150327C closes. The last applied log index is 0
2019-09-12 11:53:02,354 [main] INFO  impl.RaftServerImpl (RaftServerImpl.java:lambda$shutdown$3(245)) - e22a5129-42d8-4cd6-b866-283bf38ecbc9: shutdown group-19EC28189B30
2019-09-12 11:53:02,354 [c51fd1b3-2db3-4e28-b21a-7e66a3359c4c-SegmentedRaftLogWorker:Storage Directory /workdir/hadoop-ozone/ozonefs/target/test-dir/MiniOzoneClusterImpl-646a9a0c-8e87-4326-8e6b-0cedd78f9de8/datanode-0/data/ratis/24b864f4-cc3f-4324-9d13-f1b23150327c] INFO  segmented.SegmentedRaftLogWorker (SegmentedRaftLogWorker.java:run(313)) - c51fd1b3-2db3-4e28-b21a-7e66a3359c4c-SegmentedRaftLogWorker:Storage Directory /workdir/hadoop-ozone/ozonefs/target/test-dir/MiniOzoneClusterImpl-646a9a0c-8e87-4326-8e6b-0cedd78f9de8/datanode-0/data/ratis/24b864f4-cc3f-4324-9d13-f1b23150327c was interrupted, exiting. There are 0 tasks remaining in the queue.
2019-09-12 11:53:02,354 [main] INFO  util.JmxRegister (JmxRegister.java:unregister(73)) - Successfully un-registered JMX Bean with object name Ratis:service=RaftServer,group=group-19EC28189B30,id=e22a5129-42d8-4cd6-b866-283bf38ecbc9
2019-09-12 11:53:02,355 [ForkJoinPool.commonPool-worker-0] INFO  segmented.SegmentedRaftLogWorker (SegmentedRaftLogWorker.java:close(228)) - c51fd1b3-2db3-4e28-b21a-7e66a3359c4c-SegmentedRaftLogWorker:Storage Directory /workdir/hadoop-ozone/ozonefs/target/test-dir/MiniOzoneClusterImpl-646a9a0c-8e87-4326-8e6b-0cedd78f9de8/datanode-0/data/ratis/24b864f4-cc3f-4324-9d13-f1b23150327c close()
2019-09-12 11:53:02,355 [main] INFO  impl.RoleInfo (RoleInfo.java:shutdownLeaderState(104)) - e22a5129-42d8-4cd6-b866-283bf38ecbc9: shutdown LeaderState
2019-09-12 11:53:02,357 [ForkJoinPool.commonPool-worker-0] INFO  impl.RaftServerImpl (RaftServerImpl.java:lambda$shutdown$3(245)) - c51fd1b3-2db3-4e28-b21a-7e66a3359c4c: shutdown group-5DB7562F2AA0
2019-09-12 11:53:02,357 [main] INFO  impl.PendingRequests (PendingRequests.java:sendNotLeaderResponses(202)) - e22a5129-42d8-4cd6-b866-283bf38ecbc9-PendingRequests: sendNotLeaderResponses
2019-09-12 11:53:02,357 [ForkJoinPool.commonPool-worker-0] INFO  util.JmxRegister (JmxRegister.java:unregister(73)) - Successfully un-registered JMX Bean with object name Ratis:service=RaftServer,group=group-5DB7562F2AA0,id=c51fd1b3-2db3-4e28-b21a-7e66a3359c4c
2019-09-12 11:53:02,358 [ForkJoinPool.commonPool-worker-0] INFO  impl.RoleInfo (RoleInfo.java:shutdownLeaderState(104)) - c51fd1b3-2db3-4e28-b21a-7e66a3359c4c: shutdown LeaderState
2019-09-12 11:53:02,358 [main] INFO  impl.StateMachineUpdater (StateMachineUpdater.java:stopAndJoin(115)) - StateMachineUpdater:e22a5129-42d8-4cd6-b866-283bf38ecbc9:group-19EC28189B30: set stopIndex = 0
2019-09-12 11:53:02,358 [ForkJoinPool.commonPool-worker-0] INFO  impl.PendingRequests (PendingRequests.java:sendNotLeaderResponses(202)) - c51fd1b3-2db3-4e28-b21a-7e66a3359c4c-PendingRequests: sendNotLeaderResponses
2019-09-12 11:53:02,359 [main] INFO  impl.RaftServerImpl (ServerState.java:close(394)) - e22a5129-42d8-4cd6-b866-283bf38ecbc9:group-19EC28189B30 closes. The last applied log index is 0
2019-09-12 11:53:02,359 [ForkJoinPool.commonPool-worker-0] INFO  impl.StateMachineUpdater (StateMachineUpdater.java:stopAndJoin(115)) - StateMachineUpdater:c51fd1b3-2db3-4e28-b21a-7e66a3359c4c:group-5DB7562F2AA0: set stopIndex = 0
2019-09-12 11:53:02,360 [e22a5129-42d8-4cd6-b866-283bf38ecbc9-SegmentedRaftLogWorker:Storage Directory /workdir/hadoop-ozone/ozonefs/target/test-dir/MiniOzoneClusterImpl-646a9a0c-8e87-4326-8e6b-0cedd78f9de8/datanode-1/data/ratis/e8586d85-a5cf-4d25-878f-19ec28189b30] INFO  segmented.SegmentedRaftLogWorker (SegmentedRaftLogWorker.java:run(313)) - e22a5129-42d8-4cd6-b866-283bf38ecbc9-SegmentedRaftLogWorker:Storage Directory /workdir/hadoop-ozone/ozonefs/target/test-dir/MiniOzoneClusterImpl-646a9a0c-8e87-4326-8e6b-0cedd78f9de8/datanode-1/data/ratis/e8586d85-a5cf-4d25-878f-19ec28189b30 was interrupted, exiting. There are 0 tasks remaining in the queue.
2019-09-12 11:53:02,360 [ForkJoinPool.commonPool-worker-0] INFO  impl.RaftServerImpl (ServerState.java:close(394)) - c51fd1b3-2db3-4e28-b21a-7e66a3359c4c:group-5DB7562F2AA0 closes. The last applied log index is 0
2019-09-12 11:53:02,360 [main] INFO  segmented.SegmentedRaftLogWorker (SegmentedRaftLogWorker.java:close(228)) - e22a5129-42d8-4cd6-b866-283bf38ecbc9-SegmentedRaftLogWorker:Storage Directory /workdir/hadoop-ozone/ozonefs/target/test-dir/MiniOzoneClusterImpl-646a9a0c-8e87-4326-8e6b-0cedd78f9de8/datanode-1/data/ratis/e8586d85-a5cf-4d25-878f-19ec28189b30 close()
2019-09-12 11:53:02,360 [c51fd1b3-2db3-4e28-b21a-7e66a3359c4c-SegmentedRaftLogWorker:Storage Directory /workdir/hadoop-ozone/ozonefs/target/test-dir/MiniOzoneClusterImpl-646a9a0c-8e87-4326-8e6b-0cedd78f9de8/datanode-0/data/ratis/d562fdd0-3f7c-4673-86e9-5db7562f2aa0] INFO  segmented.SegmentedRaftLogWorker (SegmentedRaftLogWorker.java:run(313)) - c51fd1b3-2db3-4e28-b21a-7e66a3359c4c-SegmentedRaftLogWorker:Storage Directory /workdir/hadoop-ozone/ozonefs/target/test-dir/MiniOzoneClusterImpl-646a9a0c-8e87-4326-8e6b-0cedd78f9de8/datanode-0/data/ratis/d562fdd0-3f7c-4673-86e9-5db7562f2aa0 was interrupted, exiting. There are 0 tasks remaining in the queue.
2019-09-12 11:53:02,362 [main] INFO  impl.RaftServerImpl (RaftServerImpl.java:lambda$shutdown$3(245)) - e22a5129-42d8-4cd6-b866-283bf38ecbc9: shutdown group-86C521C3E160
2019-09-12 11:53:02,363 [ForkJoinPool.commonPool-worker-0] INFO  segmented.SegmentedRaftLogWorker (SegmentedRaftLogWorker.java:close(228)) - c51fd1b3-2db3-4e28-b21a-7e66a3359c4c-SegmentedRaftLogWorker:Storage Directory /workdir/hadoop-ozone/ozonefs/target/test-dir/MiniOzoneClusterImpl-646a9a0c-8e87-4326-8e6b-0cedd78f9de8/datanode-0/data/ratis/d562fdd0-3f7c-4673-86e9-5db7562f2aa0 close()
2019-09-12 11:53:02,363 [main] INFO  util.JmxRegister (JmxRegister.java:unregister(73)) - Successfully un-registered JMX Bean with object name Ratis:service=RaftServer,group=group-86C521C3E160,id=e22a5129-42d8-4cd6-b866-283bf38ecbc9
2019-09-12 11:53:02,365 [main] INFO  impl.RoleInfo (RoleInfo.java:shutdownLeaderState(104)) - e22a5129-42d8-4cd6-b866-283bf38ecbc9: shutdown LeaderState
2019-09-12 11:53:02,365 [ForkJoinPool.commonPool-worker-0] INFO  impl.RaftServerImpl (RaftServerImpl.java:lambda$shutdown$3(245)) - c51fd1b3-2db3-4e28-b21a-7e66a3359c4c: shutdown group-603410E9CC9B
2019-09-12 11:53:02,366 [main] INFO  impl.PendingRequests (PendingRequests.java:sendNotLeaderResponses(202)) - e22a5129-42d8-4cd6-b866-283bf38ecbc9-PendingRequests: sendNotLeaderResponses
2019-09-12 11:53:02,366 [ForkJoinPool.commonPool-worker-0] INFO  util.JmxRegister (JmxRegister.java:unregister(73)) - Successfully un-registered JMX Bean with object name Ratis:service=RaftServer,group=group-603410E9CC9B,id=c51fd1b3-2db3-4e28-b21a-7e66a3359c4c
2019-09-12 11:53:02,366 [main] INFO  impl.StateMachineUpdater (StateMachineUpdater.java:stopAndJoin(115)) - StateMachineUpdater:e22a5129-42d8-4cd6-b866-283bf38ecbc9:group-86C521C3E160: set stopIndex = 0
2019-09-12 11:53:02,367 [ForkJoinPool.commonPool-worker-0] INFO  impl.RoleInfo (RoleInfo.java:shutdownLeaderState(104)) - c51fd1b3-2db3-4e28-b21a-7e66a3359c4c: shutdown LeaderState
2019-09-12 11:53:02,367 [main] INFO  impl.RaftServerImpl (ServerState.java:close(394)) - e22a5129-42d8-4cd6-b866-283bf38ecbc9:group-86C521C3E160 closes. The last applied log index is 0
2019-09-12 11:53:02,367 [ForkJoinPool.commonPool-worker-0] INFO  impl.PendingRequests (PendingRequests.java:sendNotLeaderResponses(202)) - c51fd1b3-2db3-4e28-b21a-7e66a3359c4c-PendingRequests: sendNotLeaderResponses
2019-09-12 11:53:02,368 [e22a5129-42d8-4cd6-b866-283bf38ecbc9-SegmentedRaftLogWorker:Storage Directory /workdir/hadoop-ozone/ozonefs/target/test-dir/MiniOzoneClusterImpl-646a9a0c-8e87-4326-8e6b-0cedd78f9de8/datanode-1/data/ratis/eca2cd46-02c7-4622-bf4a-86c521c3e160] INFO  segmented.SegmentedRaftLogWorker (SegmentedRaftLogWorker.java:run(313)) - e22a5129-42d8-4cd6-b866-283bf38ecbc9-SegmentedRaftLogWorker:Storage Directory /workdir/hadoop-ozone/ozonefs/target/test-dir/MiniOzoneClusterImpl-646a9a0c-8e87-4326-8e6b-0cedd78f9de8/datanode-1/data/ratis/eca2cd46-02c7-4622-bf4a-86c521c3e160 was interrupted, exiting. There are 0 tasks remaining in the queue.
2019-09-12 11:53:02,368 [ForkJoinPool.commonPool-worker-0] INFO  impl.StateMachineUpdater (StateMachineUpdater.java:stopAndJoin(115)) - StateMachineUpdater:c51fd1b3-2db3-4e28-b21a-7e66a3359c4c:group-603410E9CC9B: set stopIndex = 0
2019-09-12 11:53:02,369 [ForkJoinPool.commonPool-worker-0] INFO  impl.RaftServerImpl (ServerState.java:close(394)) - c51fd1b3-2db3-4e28-b21a-7e66a3359c4c:group-603410E9CC9B closes. The last applied log index is 0
2019-09-12 11:53:02,369 [main] INFO  segmented.SegmentedRaftLogWorker (SegmentedRaftLogWorker.java:close(228)) - e22a5129-42d8-4cd6-b866-283bf38ecbc9-SegmentedRaftLogWorker:Storage Directory /workdir/hadoop-ozone/ozonefs/target/test-dir/MiniOzoneClusterImpl-646a9a0c-8e87-4326-8e6b-0cedd78f9de8/datanode-1/data/ratis/eca2cd46-02c7-4622-bf4a-86c521c3e160 close()
2019-09-12 11:53:02,369 [c51fd1b3-2db3-4e28-b21a-7e66a3359c4c-SegmentedRaftLogWorker:Storage Directory /workdir/hadoop-ozone/ozonefs/target/test-dir/MiniOzoneClusterImpl-646a9a0c-8e87-4326-8e6b-0cedd78f9de8/datanode-0/data/ratis/48cc1e97-80a3-4697-b356-603410e9cc9b] INFO  segmented.SegmentedRaftLogWorker (SegmentedRaftLogWorker.java:run(313)) - c51fd1b3-2db3-4e28-b21a-7e66a3359c4c-SegmentedRaftLogWorker:Storage Directory /workdir/hadoop-ozone/ozonefs/target/test-dir/MiniOzoneClusterImpl-646a9a0c-8e87-4326-8e6b-0cedd78f9de8/datanode-0/data/ratis/48cc1e97-80a3-4697-b356-603410e9cc9b was interrupted, exiting. There are 0 tasks remaining in the queue.
2019-09-12 11:53:02,371 [main] INFO  server.GrpcService (GrpcService.java:closeImpl(155)) - e22a5129-42d8-4cd6-b866-283bf38ecbc9: shutdown server with port 33451 now
2019-09-12 11:53:02,371 [ForkJoinPool.commonPool-worker-0] INFO  segmented.SegmentedRaftLogWorker (SegmentedRaftLogWorker.java:close(228)) - c51fd1b3-2db3-4e28-b21a-7e66a3359c4c-SegmentedRaftLogWorker:Storage Directory /workdir/hadoop-ozone/ozonefs/target/test-dir/MiniOzoneClusterImpl-646a9a0c-8e87-4326-8e6b-0cedd78f9de8/datanode-0/data/ratis/48cc1e97-80a3-4697-b356-603410e9cc9b close()
2019-09-12 11:53:02,373 [main] INFO  server.GrpcService (GrpcService.java:closeImpl(163)) - e22a5129-42d8-4cd6-b866-283bf38ecbc9: shutdown server with port 33451 successfully
2019-09-12 11:53:02,375 [ForkJoinPool.commonPool-worker-0] INFO  server.GrpcService (GrpcService.java:closeImpl(155)) - c51fd1b3-2db3-4e28-b21a-7e66a3359c4c: shutdown server with port 36922 now
2019-09-12 11:53:02,378 [ForkJoinPool.commonPool-worker-0] INFO  server.GrpcService (GrpcService.java:closeImpl(163)) - c51fd1b3-2db3-4e28-b21a-7e66a3359c4c: shutdown server with port 36922 successfully
2019-09-12 11:53:02,379 [main] INFO  utils.BackgroundService (BackgroundService.java:shutdown(148)) - Shutting down service BlockDeletingService
2019-09-12 11:53:02,380 [ForkJoinPool.commonPool-worker-0] INFO  utils.BackgroundService (BackgroundService.java:shutdown(148)) - Shutting down service BlockDeletingService
2019-09-12 11:53:02,382 [refreshUsed-/workdir/hadoop-ozone/ozonefs/target/test-dir/MiniOzoneClusterImpl-646a9a0c-8e87-4326-8e6b-0cedd78f9de8/datanode-0/data/containers] WARN  fs.CachingGetSpaceUsed (CachingGetSpaceUsed.java:run(183)) - Thread Interrupted waiting to refresh disk information: sleep interrupted
2019-09-12 11:53:02,382 [refreshUsed-/workdir/hadoop-ozone/ozonefs/target/test-dir/MiniOzoneClusterImpl-646a9a0c-8e87-4326-8e6b-0cedd78f9de8/datanode-1/data/containers] WARN  fs.CachingGetSpaceUsed (CachingGetSpaceUsed.java:run(183)) - Thread Interrupted waiting to refresh disk information: sleep interrupted
2019-09-12 11:53:02,794 [ForkJoinPool.commonPool-worker-0] INFO  statemachine.DatanodeStateMachine (DatanodeStateMachine.java:stopDaemon(395)) - Ozone container server stopped.
2019-09-12 11:53:02,800 [main] INFO  statemachine.DatanodeStateMachine (DatanodeStateMachine.java:stopDaemon(395)) - Ozone container server stopped.
2019-09-12 11:53:02,800 [ForkJoinPool.commonPool-worker-0] INFO  handler.ContextHandler (ContextHandler.java:doStop(910)) - Stopped o.e.j.w.WebAppContext@ad7d724{/,null,UNAVAILABLE}{/hddsDatanode}
2019-09-12 11:53:02,801 [main] INFO  handler.ContextHandler (ContextHandler.java:doStop(910)) - Stopped o.e.j.w.WebAppContext@6e6d4a64{/,null,UNAVAILABLE}{/hddsDatanode}
2019-09-12 11:53:02,802 [ForkJoinPool.commonPool-worker-0] INFO  server.AbstractConnector (AbstractConnector.java:doStop(318)) - Stopped ServerConnector@e8acdfc{HTTP/1.1,[http/1.1]}{0.0.0.0:0}
2019-09-12 11:53:02,805 [ForkJoinPool.commonPool-worker-0] INFO  handler.ContextHandler (ContextHandler.java:doStop(910)) - Stopped o.e.j.s.ServletContextHandler@70b2de98{/static,jar:file:/home/user/.m2/repository/org/apache/hadoop/hadoop-hdds-container-service/0.5.0-SNAPSHOT/hadoop-hdds-container-service-0.5.0-SNAPSHOT.jar!/webapps/static,UNAVAILABLE}
2019-09-12 11:53:02,805 [main] INFO  server.AbstractConnector (AbstractConnector.java:doStop(318)) - Stopped ServerConnector@b96101b{HTTP/1.1,[http/1.1]}{0.0.0.0:0}
2019-09-12 11:53:02,806 [ForkJoinPool.commonPool-worker-0] INFO  handler.ContextHandler (ContextHandler.java:doStop(910)) - Stopped o.e.j.s.ServletContextHandler@33c9910e{/logs,file:///workdir/hadoop-ozone/ozonefs/target/log,UNAVAILABLE}
2019-09-12 11:53:02,806 [main] INFO  handler.ContextHandler (ContextHandler.java:doStop(910)) - Stopped o.e.j.s.ServletContextHandler@20c642ef{/static,jar:file:/home/user/.m2/repository/org/apache/hadoop/hadoop-hdds-container-service/0.5.0-SNAPSHOT/hadoop-hdds-container-service-0.5.0-SNAPSHOT.jar!/webapps/static,UNAVAILABLE}
2019-09-12 11:53:02,807 [ForkJoinPool.commonPool-worker-0] INFO  datanode.ObjectStoreHandler (ObjectStoreHandler.java:close(155)) - Closing ObjectStoreHandler.
2019-09-12 11:53:02,807 [main] INFO  handler.ContextHandler (ContextHandler.java:doStop(910)) - Stopped o.e.j.s.ServletContextHandler@2d3697ae{/logs,file:///workdir/hadoop-ozone/ozonefs/target/log,UNAVAILABLE}
2019-09-12 11:53:02,807 [ForkJoinPool.commonPool-worker-0] INFO  ozone.HddsDatanodeService (HddsDatanodeService.java:stop(451)) - Stopped plug-in org.apache.hadoop.ozone.web.OzoneHddsDatanodeService@69e67993
2019-09-12 11:53:03,137 [Datanode State Machine Thread - 0] INFO  statemachine.DatanodeStateMachine (DatanodeStateMachine.java:lambda$startDaemon$0(350)) - Ozone container server started.
2019-09-12 11:53:07,808 [ForkJoinPool.commonPool-worker-0] INFO  ozoneimpl.OzoneContainer (OzoneContainer.java:stop(199)) - Attempting to stop container services.
2019-09-12 11:53:07,809 [ForkJoinPool.commonPool-worker-0] INFO  impl.RaftServerProxy (RaftServerProxy.java:lambda$close$4(314)) - 33be2364-dcc7-44bf-aa9c-22b983fb7304: close
2019-09-12 11:53:07,809 [ForkJoinPool.commonPool-worker-0] INFO  impl.RaftServerImpl (RaftServerImpl.java:lambda$shutdown$3(245)) - 33be2364-dcc7-44bf-aa9c-22b983fb7304: shutdown group-57A342FF5708
2019-09-12 11:53:07,809 [ForkJoinPool.commonPool-worker-0] INFO  util.JmxRegister (JmxRegister.java:unregister(73)) - Successfully un-registered JMX Bean with object name Ratis:service=RaftServer,group=group-57A342FF5708,id=33be2364-dcc7-44bf-aa9c-22b983fb7304
2019-09-12 11:53:07,810 [ForkJoinPool.commonPool-worker-0] INFO  impl.RoleInfo (RoleInfo.java:shutdownLeaderState(104)) - 33be2364-dcc7-44bf-aa9c-22b983fb7304: shutdown LeaderState
2019-09-12 11:53:07,810 [ForkJoinPool.commonPool-worker-0] INFO  impl.PendingRequests (PendingRequests.java:sendNotLeaderResponses(202)) - 33be2364-dcc7-44bf-aa9c-22b983fb7304-PendingRequests: sendNotLeaderResponses
2019-09-12 11:53:07,810 [ForkJoinPool.commonPool-worker-0] INFO  impl.StateMachineUpdater (StateMachineUpdater.java:stopAndJoin(115)) - StateMachineUpdater:33be2364-dcc7-44bf-aa9c-22b983fb7304:group-57A342FF5708: set stopIndex = 0
2019-09-12 11:53:07,810 [ForkJoinPool.commonPool-worker-0] INFO  impl.RaftServerImpl (ServerState.java:close(394)) - 33be2364-dcc7-44bf-aa9c-22b983fb7304:group-57A342FF5708 closes. The last applied log index is 0
2019-09-12 11:53:07,811 [33be2364-dcc7-44bf-aa9c-22b983fb7304-SegmentedRaftLogWorker:Storage Directory /workdir/hadoop-ozone/ozonefs/target/test-dir/MiniOzoneClusterImpl-646a9a0c-8e87-4326-8e6b-0cedd78f9de8/datanode-2/data/ratis/bc889531-1ad1-4b6b-8481-57a342ff5708] INFO  segmented.SegmentedRaftLogWorker (SegmentedRaftLogWorker.java:run(313)) - 33be2364-dcc7-44bf-aa9c-22b983fb7304-SegmentedRaftLogWorker:Storage Directory /workdir/hadoop-ozone/ozonefs/target/test-dir/MiniOzoneClusterImpl-646a9a0c-8e87-4326-8e6b-0cedd78f9de8/datanode-2/data/ratis/bc889531-1ad1-4b6b-8481-57a342ff5708 was interrupted, exiting. There are 0 tasks remaining in the queue.
2019-09-12 11:53:07,811 [ForkJoinPool.commonPool-worker-0] INFO  segmented.SegmentedRaftLogWorker (SegmentedRaftLogWorker.java:close(228)) - 33be2364-dcc7-44bf-aa9c-22b983fb7304-SegmentedRaftLogWorker:Storage Directory /workdir/hadoop-ozone/ozonefs/target/test-dir/MiniOzoneClusterImpl-646a9a0c-8e87-4326-8e6b-0cedd78f9de8/datanode-2/data/ratis/bc889531-1ad1-4b6b-8481-57a342ff5708 close()
2019-09-12 11:53:07,813 [ForkJoinPool.commonPool-worker-0] INFO  impl.RaftServerImpl (RaftServerImpl.java:lambda$shutdown$3(245)) - 33be2364-dcc7-44bf-aa9c-22b983fb7304: shutdown group-9B13239026DA
2019-09-12 11:53:07,813 [ForkJoinPool.commonPool-worker-0] INFO  util.JmxRegister (JmxRegister.java:unregister(73)) - Successfully un-registered JMX Bean with object name Ratis:service=RaftServer,group=group-9B13239026DA,id=33be2364-dcc7-44bf-aa9c-22b983fb7304
2019-09-12 11:53:07,813 [ForkJoinPool.commonPool-worker-0] INFO  impl.RoleInfo (RoleInfo.java:shutdownLeaderState(104)) - 33be2364-dcc7-44bf-aa9c-22b983fb7304: shutdown LeaderState
2019-09-12 11:53:07,814 [ForkJoinPool.commonPool-worker-0] INFO  impl.PendingRequests (PendingRequests.java:sendNotLeaderResponses(202)) - 33be2364-dcc7-44bf-aa9c-22b983fb7304-PendingRequests: sendNotLeaderResponses
2019-09-12 11:53:07,814 [ForkJoinPool.commonPool-worker-0] INFO  impl.StateMachineUpdater (StateMachineUpdater.java:stopAndJoin(115)) - StateMachineUpdater:33be2364-dcc7-44bf-aa9c-22b983fb7304:group-9B13239026DA: set stopIndex = 0
2019-09-12 11:53:07,814 [ForkJoinPool.commonPool-worker-0] INFO  impl.RaftServerImpl (ServerState.java:close(394)) - 33be2364-dcc7-44bf-aa9c-22b983fb7304:group-9B13239026DA closes. The last applied log index is 0
2019-09-12 11:53:07,814 [33be2364-dcc7-44bf-aa9c-22b983fb7304-SegmentedRaftLogWorker:Storage Directory /workdir/hadoop-ozone/ozonefs/target/test-dir/MiniOzoneClusterImpl-646a9a0c-8e87-4326-8e6b-0cedd78f9de8/datanode-2/data/ratis/64363b11-c7df-44c5-abb4-9b13239026da] INFO  segmented.SegmentedRaftLogWorker (SegmentedRaftLogWorker.java:run(313)) - 33be2364-dcc7-44bf-aa9c-22b983fb7304-SegmentedRaftLogWorker:Storage Directory /workdir/hadoop-ozone/ozonefs/target/test-dir/MiniOzoneClusterImpl-646a9a0c-8e87-4326-8e6b-0cedd78f9de8/datanode-2/data/ratis/64363b11-c7df-44c5-abb4-9b13239026da was interrupted, exiting. There are 0 tasks remaining in the queue.
2019-09-12 11:53:07,815 [ForkJoinPool.commonPool-worker-0] INFO  segmented.SegmentedRaftLogWorker (SegmentedRaftLogWorker.java:close(228)) - 33be2364-dcc7-44bf-aa9c-22b983fb7304-SegmentedRaftLogWorker:Storage Directory /workdir/hadoop-ozone/ozonefs/target/test-dir/MiniOzoneClusterImpl-646a9a0c-8e87-4326-8e6b-0cedd78f9de8/datanode-2/data/ratis/64363b11-c7df-44c5-abb4-9b13239026da close()
2019-09-12 11:53:07,816 [ForkJoinPool.commonPool-worker-0] INFO  impl.RaftServerImpl (RaftServerImpl.java:lambda$shutdown$3(245)) - 33be2364-dcc7-44bf-aa9c-22b983fb7304: shutdown group-3605A18E2683
2019-09-12 11:53:07,816 [ForkJoinPool.commonPool-worker-0] INFO  util.JmxRegister (JmxRegister.java:unregister(73)) - Successfully un-registered JMX Bean with object name Ratis:service=RaftServer,group=group-3605A18E2683,id=33be2364-dcc7-44bf-aa9c-22b983fb7304
2019-09-12 11:53:07,816 [ForkJoinPool.commonPool-worker-0] INFO  impl.RoleInfo (RoleInfo.java:shutdownLeaderState(104)) - 33be2364-dcc7-44bf-aa9c-22b983fb7304: shutdown LeaderState
2019-09-12 11:53:07,817 [ForkJoinPool.commonPool-worker-0] INFO  impl.PendingRequests (PendingRequests.java:sendNotLeaderResponses(202)) - 33be2364-dcc7-44bf-aa9c-22b983fb7304-PendingRequests: sendNotLeaderResponses
2019-09-12 11:53:07,817 [ForkJoinPool.commonPool-worker-0] INFO  impl.StateMachineUpdater (StateMachineUpdater.java:stopAndJoin(115)) - StateMachineUpdater:33be2364-dcc7-44bf-aa9c-22b983fb7304:group-3605A18E2683: set stopIndex = 0
2019-09-12 11:53:07,817 [ForkJoinPool.commonPool-worker-0] INFO  impl.RaftServerImpl (ServerState.java:close(394)) - 33be2364-dcc7-44bf-aa9c-22b983fb7304:group-3605A18E2683 closes. The last applied log index is 0
2019-09-12 11:53:07,817 [33be2364-dcc7-44bf-aa9c-22b983fb7304-SegmentedRaftLogWorker:Storage Directory /workdir/hadoop-ozone/ozonefs/target/test-dir/MiniOzoneClusterImpl-646a9a0c-8e87-4326-8e6b-0cedd78f9de8/datanode-2/data/ratis/51b0db4f-5a90-43e8-a41e-3605a18e2683] INFO  segmented.SegmentedRaftLogWorker (SegmentedRaftLogWorker.java:run(313)) - 33be2364-dcc7-44bf-aa9c-22b983fb7304-SegmentedRaftLogWorker:Storage Directory /workdir/hadoop-ozone/ozonefs/target/test-dir/MiniOzoneClusterImpl-646a9a0c-8e87-4326-8e6b-0cedd78f9de8/datanode-2/data/ratis/51b0db4f-5a90-43e8-a41e-3605a18e2683 was interrupted, exiting. There are 0 tasks remaining in the queue.
2019-09-12 11:53:07,818 [ForkJoinPool.commonPool-worker-0] INFO  segmented.SegmentedRaftLogWorker (SegmentedRaftLogWorker.java:close(228)) - 33be2364-dcc7-44bf-aa9c-22b983fb7304-SegmentedRaftLogWorker:Storage Directory /workdir/hadoop-ozone/ozonefs/target/test-dir/MiniOzoneClusterImpl-646a9a0c-8e87-4326-8e6b-0cedd78f9de8/datanode-2/data/ratis/51b0db4f-5a90-43e8-a41e-3605a18e2683 close()
2019-09-12 11:53:07,819 [ForkJoinPool.commonPool-worker-0] INFO  impl.RaftServerImpl (RaftServerImpl.java:lambda$shutdown$3(245)) - 33be2364-dcc7-44bf-aa9c-22b983fb7304: shutdown group-75932B615EF4
2019-09-12 11:53:07,819 [ForkJoinPool.commonPool-worker-0] INFO  util.JmxRegister (JmxRegister.java:unregister(73)) - Successfully un-registered JMX Bean with object name Ratis:service=RaftServer,group=group-75932B615EF4,id=33be2364-dcc7-44bf-aa9c-22b983fb7304
2019-09-12 11:53:07,819 [ForkJoinPool.commonPool-worker-0] INFO  impl.RoleInfo (RoleInfo.java:shutdownLeaderState(104)) - 33be2364-dcc7-44bf-aa9c-22b983fb7304: shutdown LeaderState
2019-09-12 11:53:07,819 [ForkJoinPool.commonPool-worker-0] INFO  impl.PendingRequests (PendingRequests.java:sendNotLeaderResponses(202)) - 33be2364-dcc7-44bf-aa9c-22b983fb7304-PendingRequests: sendNotLeaderResponses
2019-09-12 11:53:07,820 [ForkJoinPool.commonPool-worker-0] INFO  impl.StateMachineUpdater (StateMachineUpdater.java:stopAndJoin(115)) - StateMachineUpdater:33be2364-dcc7-44bf-aa9c-22b983fb7304:group-75932B615EF4: set stopIndex = 0
2019-09-12 11:53:07,820 [ForkJoinPool.commonPool-worker-0] INFO  impl.RaftServerImpl (ServerState.java:close(394)) - 33be2364-dcc7-44bf-aa9c-22b983fb7304:group-75932B615EF4 closes. The last applied log index is 0
2019-09-12 11:53:07,820 [33be2364-dcc7-44bf-aa9c-22b983fb7304-SegmentedRaftLogWorker:Storage Directory /workdir/hadoop-ozone/ozonefs/target/test-dir/MiniOzoneClusterImpl-646a9a0c-8e87-4326-8e6b-0cedd78f9de8/datanode-2/data/ratis/54ab9dd2-d1f7-45d5-955e-75932b615ef4] INFO  segmented.SegmentedRaftLogWorker (SegmentedRaftLogWorker.java:run(313)) - 33be2364-dcc7-44bf-aa9c-22b983fb7304-SegmentedRaftLogWorker:Storage Directory /workdir/hadoop-ozone/ozonefs/target/test-dir/MiniOzoneClusterImpl-646a9a0c-8e87-4326-8e6b-0cedd78f9de8/datanode-2/data/ratis/54ab9dd2-d1f7-45d5-955e-75932b615ef4 was interrupted, exiting. There are 0 tasks remaining in the queue.
2019-09-12 11:53:07,820 [ForkJoinPool.commonPool-worker-0] INFO  segmented.SegmentedRaftLogWorker (SegmentedRaftLogWorker.java:close(228)) - 33be2364-dcc7-44bf-aa9c-22b983fb7304-SegmentedRaftLogWorker:Storage Directory /workdir/hadoop-ozone/ozonefs/target/test-dir/MiniOzoneClusterImpl-646a9a0c-8e87-4326-8e6b-0cedd78f9de8/datanode-2/data/ratis/54ab9dd2-d1f7-45d5-955e-75932b615ef4 close()
2019-09-12 11:53:07,822 [ForkJoinPool.commonPool-worker-0] INFO  impl.RaftServerImpl (RaftServerImpl.java:lambda$shutdown$3(245)) - 33be2364-dcc7-44bf-aa9c-22b983fb7304: shutdown group-F435565D268F
2019-09-12 11:53:07,822 [ForkJoinPool.commonPool-worker-0] INFO  util.JmxRegister (JmxRegister.java:unregister(73)) - Successfully un-registered JMX Bean with object name Ratis:service=RaftServer,group=group-F435565D268F,id=33be2364-dcc7-44bf-aa9c-22b983fb7304
2019-09-12 11:53:07,822 [ForkJoinPool.commonPool-worker-0] INFO  impl.RoleInfo (RoleInfo.java:shutdownLeaderState(104)) - 33be2364-dcc7-44bf-aa9c-22b983fb7304: shutdown LeaderState
2019-09-12 11:53:07,822 [ForkJoinPool.commonPool-worker-0] INFO  impl.PendingRequests (PendingRequests.java:sendNotLeaderResponses(202)) - 33be2364-dcc7-44bf-aa9c-22b983fb7304-PendingRequests: sendNotLeaderResponses
2019-09-12 11:53:07,823 [ForkJoinPool.commonPool-worker-0] INFO  impl.StateMachineUpdater (StateMachineUpdater.java:stopAndJoin(115)) - StateMachineUpdater:33be2364-dcc7-44bf-aa9c-22b983fb7304:group-F435565D268F: set stopIndex = 0
2019-09-12 11:53:07,823 [ForkJoinPool.commonPool-worker-0] INFO  impl.RaftServerImpl (ServerState.java:close(394)) - 33be2364-dcc7-44bf-aa9c-22b983fb7304:group-F435565D268F closes. The last applied log index is 0
2019-09-12 11:53:07,823 [33be2364-dcc7-44bf-aa9c-22b983fb7304-SegmentedRaftLogWorker:Storage Directory /workdir/hadoop-ozone/ozonefs/target/test-dir/MiniOzoneClusterImpl-646a9a0c-8e87-4326-8e6b-0cedd78f9de8/datanode-2/data/ratis/b77a5e06-c742-497f-a4ba-f435565d268f] INFO  segmented.SegmentedRaftLogWorker (SegmentedRaftLogWorker.java:run(313)) - 33be2364-dcc7-44bf-aa9c-22b983fb7304-SegmentedRaftLogWorker:Storage Directory /workdir/hadoop-ozone/ozonefs/target/test-dir/MiniOzoneClusterImpl-646a9a0c-8e87-4326-8e6b-0cedd78f9de8/datanode-2/data/ratis/b77a5e06-c742-497f-a4ba-f435565d268f was interrupted, exiting. There are 0 tasks remaining in the queue.
2019-09-12 11:53:07,823 [ForkJoinPool.commonPool-worker-0] INFO  segmented.SegmentedRaftLogWorker (SegmentedRaftLogWorker.java:close(228)) - 33be2364-dcc7-44bf-aa9c-22b983fb7304-SegmentedRaftLogWorker:Storage Directory /workdir/hadoop-ozone/ozonefs/target/test-dir/MiniOzoneClusterImpl-646a9a0c-8e87-4326-8e6b-0cedd78f9de8/datanode-2/data/ratis/b77a5e06-c742-497f-a4ba-f435565d268f close()
2019-09-12 11:53:07,824 [ForkJoinPool.commonPool-worker-0] INFO  impl.RaftServerImpl (RaftServerImpl.java:lambda$shutdown$3(245)) - 33be2364-dcc7-44bf-aa9c-22b983fb7304: shutdown group-7D3D574DD91A
2019-09-12 11:53:07,825 [ForkJoinPool.commonPool-worker-0] INFO  util.JmxRegister (JmxRegister.java:unregister(73)) - Successfully un-registered JMX Bean with object name Ratis:service=RaftServer,group=group-7D3D574DD91A,id=33be2364-dcc7-44bf-aa9c-22b983fb7304
2019-09-12 11:53:07,825 [ForkJoinPool.commonPool-worker-0] INFO  impl.RoleInfo (RoleInfo.java:shutdownLeaderState(104)) - 33be2364-dcc7-44bf-aa9c-22b983fb7304: shutdown LeaderState
2019-09-12 11:53:07,825 [ForkJoinPool.commonPool-worker-0] INFO  impl.PendingRequests (PendingRequests.java:sendNotLeaderResponses(202)) - 33be2364-dcc7-44bf-aa9c-22b983fb7304-PendingRequests: sendNotLeaderResponses
2019-09-12 11:53:07,825 [ForkJoinPool.commonPool-worker-0] INFO  impl.StateMachineUpdater (StateMachineUpdater.java:stopAndJoin(115)) - StateMachineUpdater:33be2364-dcc7-44bf-aa9c-22b983fb7304:group-7D3D574DD91A: set stopIndex = 0
2019-09-12 11:53:07,826 [ForkJoinPool.commonPool-worker-0] INFO  impl.RaftServerImpl (ServerState.java:close(394)) - 33be2364-dcc7-44bf-aa9c-22b983fb7304:group-7D3D574DD91A closes. The last applied log index is 0
2019-09-12 11:53:07,826 [33be2364-dcc7-44bf-aa9c-22b983fb7304-SegmentedRaftLogWorker:Storage Directory /workdir/hadoop-ozone/ozonefs/target/test-dir/MiniOzoneClusterImpl-646a9a0c-8e87-4326-8e6b-0cedd78f9de8/datanode-2/data/ratis/3b4d3c9e-9fc0-4e9d-98b9-7d3d574dd91a] INFO  segmented.SegmentedRaftLogWorker (SegmentedRaftLogWorker.java:run(313)) - 33be2364-dcc7-44bf-aa9c-22b983fb7304-SegmentedRaftLogWorker:Storage Directory /workdir/hadoop-ozone/ozonefs/target/test-dir/MiniOzoneClusterImpl-646a9a0c-8e87-4326-8e6b-0cedd78f9de8/datanode-2/data/ratis/3b4d3c9e-9fc0-4e9d-98b9-7d3d574dd91a was interrupted, exiting. There are 0 tasks remaining in the queue.
2019-09-12 11:53:07,826 [ForkJoinPool.commonPool-worker-0] INFO  segmented.SegmentedRaftLogWorker (SegmentedRaftLogWorker.java:close(228)) - 33be2364-dcc7-44bf-aa9c-22b983fb7304-SegmentedRaftLogWorker:Storage Directory /workdir/hadoop-ozone/ozonefs/target/test-dir/MiniOzoneClusterImpl-646a9a0c-8e87-4326-8e6b-0cedd78f9de8/datanode-2/data/ratis/3b4d3c9e-9fc0-4e9d-98b9-7d3d574dd91a close()
2019-09-12 11:53:07,827 [ForkJoinPool.commonPool-worker-0] INFO  server.GrpcService (GrpcService.java:closeImpl(155)) - 33be2364-dcc7-44bf-aa9c-22b983fb7304: shutdown server with port 36665 now
2019-09-12 11:53:07,829 [ForkJoinPool.commonPool-worker-0] INFO  server.GrpcService (GrpcService.java:closeImpl(163)) - 33be2364-dcc7-44bf-aa9c-22b983fb7304: shutdown server with port 36665 successfully
2019-09-12 11:53:07,835 [ForkJoinPool.commonPool-worker-0] INFO  utils.BackgroundService (BackgroundService.java:shutdown(148)) - Shutting down service BlockDeletingService
2019-09-12 11:53:07,836 [refreshUsed-/workdir/hadoop-ozone/ozonefs/target/test-dir/MiniOzoneClusterImpl-646a9a0c-8e87-4326-8e6b-0cedd78f9de8/datanode-2/data/containers] WARN  fs.CachingGetSpaceUsed (CachingGetSpaceUsed.java:run(183)) - Thread Interrupted waiting to refresh disk information: sleep interrupted
2019-09-12 11:53:07,858 [ForkJoinPool.commonPool-worker-0] INFO  statemachine.DatanodeStateMachine (DatanodeStateMachine.java:stopDaemon(395)) - Ozone container server stopped.
2019-09-12 11:53:07,861 [ForkJoinPool.commonPool-worker-0] INFO  handler.ContextHandler (ContextHandler.java:doStop(910)) - Stopped o.e.j.w.WebAppContext@31475919{/,null,UNAVAILABLE}{/hddsDatanode}
2019-09-12 11:53:07,861 [ForkJoinPool.commonPool-worker-0] INFO  server.AbstractConnector (AbstractConnector.java:doStop(318)) - Stopped ServerConnector@13e6b26c{HTTP/1.1,[http/1.1]}{0.0.0.0:0}
2019-09-12 11:53:07,861 [ForkJoinPool.commonPool-worker-0] INFO  handler.ContextHandler (ContextHandler.java:doStop(910)) - Stopped o.e.j.s.ServletContextHandler@22ccd80f{/static,jar:file:/home/user/.m2/repository/org/apache/hadoop/hadoop-hdds-container-service/0.5.0-SNAPSHOT/hadoop-hdds-container-service-0.5.0-SNAPSHOT.jar!/webapps/static,UNAVAILABLE}
2019-09-12 11:53:07,862 [ForkJoinPool.commonPool-worker-0] INFO  handler.ContextHandler (ContextHandler.java:doStop(910)) - Stopped o.e.j.s.ServletContextHandler@3005133e{/logs,file:///workdir/hadoop-ozone/ozonefs/target/log,UNAVAILABLE}
2019-09-12 11:53:07,862 [main] INFO  ozone.MiniOzoneClusterImpl (MiniOzoneClusterImpl.java:stop(353)) - Stopping the StorageContainerManager
2019-09-12 11:53:07,863 [main] INFO  server.StorageContainerManager (StorageContainerManager.java:stop(797)) - Stopping Replication Manager Service.
2019-09-12 11:53:07,863 [main] INFO  container.ReplicationManager (ReplicationManager.java:stop(192)) - Stopping Replication Monitor Thread.
2019-09-12 11:53:07,863 [main] INFO  server.StorageContainerManager (StorageContainerManager.java:stop(804)) - Stopping Lease Manager of the command watchers
2019-09-12 11:53:07,864 [main] INFO  server.StorageContainerManager (StorageContainerManager.java:stop(811)) - Stopping datanode service RPC server
2019-09-12 11:53:07,864 [main] INFO  server.SCMDatanodeProtocolServer (SCMDatanodeProtocolServer.java:stop(367)) - Stopping the RPC server for DataNodes
2019-09-12 11:53:07,864 [main] INFO  ipc.Server (Server.java:stop(3082)) - Stopping server on 40878
2019-09-12 11:53:07,866 [IPC Server listener on 40878] INFO  ipc.Server (Server.java:run(1185)) - Stopping IPC Server listener on 40878
2019-09-12 11:53:07,866 [IPC Server Responder] INFO  ipc.Server (Server.java:run(1319)) - Stopping IPC Server Responder
2019-09-12 11:53:07,899 [SCM Heartbeat Processing Thread - 0] WARN  node.NodeStateManager (NodeStateManager.java:scheduleNextHealthCheck(655)) - Current Thread is interrupted, shutting down HB processing thread for Node Manager.
2019-09-12 11:53:07,899 [main] INFO  server.StorageContainerManager (StorageContainerManager.java:stop(819)) - Stopping block service RPC server
2019-09-12 11:53:07,900 [main] INFO  server.SCMBlockProtocolServer (SCMBlockProtocolServer.java:stop(148)) - Stopping the RPC server for Block Protocol
2019-09-12 11:53:07,900 [main] INFO  ipc.Server (Server.java:stop(3082)) - Stopping server on 39473
2019-09-12 11:53:07,901 [IPC Server listener on 39473] INFO  ipc.Server (Server.java:run(1185)) - Stopping IPC Server listener on 39473
2019-09-12 11:53:07,902 [IPC Server Responder] INFO  ipc.Server (Server.java:run(1319)) - Stopping IPC Server Responder
2019-09-12 11:53:07,901 [main] INFO  server.StorageContainerManager (StorageContainerManager.java:stop(826)) - Stopping the StorageContainerLocationProtocol RPC server
2019-09-12 11:53:07,903 [main] INFO  server.SCMClientProtocolServer (SCMClientProtocolServer.java:stop(159)) - Stopping the RPC server for Client Protocol
2019-09-12 11:53:07,903 [main] INFO  ipc.Server (Server.java:stop(3082)) - Stopping server on 40688
2019-09-12 11:53:07,905 [IPC Server listener on 40688] INFO  ipc.Server (Server.java:run(1185)) - Stopping IPC Server listener on 40688
2019-09-12 11:53:07,905 [main] INFO  server.StorageContainerManager (StorageContainerManager.java:stop(833)) - Stopping Storage Container Manager HTTP server.
2019-09-12 11:53:07,905 [IPC Server Responder] INFO  ipc.Server (Server.java:run(1319)) - Stopping IPC Server Responder
2019-09-12 11:53:07,907 [main] INFO  handler.ContextHandler (ContextHandler.java:doStop(910)) - Stopped o.e.j.w.WebAppContext@3c1fe350{/,null,UNAVAILABLE}{/scm}
2019-09-12 11:53:07,908 [main] INFO  server.AbstractConnector (AbstractConnector.java:doStop(318)) - Stopped ServerConnector@2bb7229e{HTTP/1.1,[http/1.1]}{0.0.0.0:0}
2019-09-12 11:53:07,908 [main] INFO  handler.ContextHandler (ContextHandler.java:doStop(910)) - Stopped o.e.j.s.ServletContextHandler@604a9d87{/static,jar:file:/home/user/.m2/repository/org/apache/hadoop/hadoop-hdds-server-scm/0.5.0-SNAPSHOT/hadoop-hdds-server-scm-0.5.0-SNAPSHOT.jar!/webapps/static,UNAVAILABLE}
2019-09-12 11:53:07,909 [main] INFO  handler.ContextHandler (ContextHandler.java:doStop(910)) - Stopped o.e.j.s.ServletContextHandler@4b2713b1{/logs,file:///workdir/hadoop-ozone/ozonefs/target/log,UNAVAILABLE}
2019-09-12 11:53:07,910 [main] INFO  server.StorageContainerManager (StorageContainerManager.java:stop(844)) - Stopping Block Manager Service.
2019-09-12 11:53:07,910 [main] INFO  utils.BackgroundService (BackgroundService.java:shutdown(148)) - Shutting down service SCMBlockDeletingService
2019-09-12 11:53:07,910 [main] INFO  utils.BackgroundService (BackgroundService.java:shutdown(148)) - Shutting down service SCMBlockDeletingService
2019-09-12 11:53:07,911 [main] INFO  server.StorageContainerManager (StorageContainerManager.java:stop(866)) - Stopping SCM Event Queue.
2019-09-12 11:53:07,916 [main] INFO  impl.MetricsSystemImpl (MetricsSystemImpl.java:stop(210)) - Stopping HddsDatanode metrics system...
2019-09-12 11:53:07,930 [main] INFO  impl.MetricsSystemImpl (MetricsSystemImpl.java:stop(216)) - HddsDatanode metrics system stopped.
]]></system-out>
    <system-err><![CDATA[Sep 12, 2019 11:52:51 AM com.sun.jersey.server.impl.application.WebApplicationImpl _initiate
INFO: Initiating Jersey application, version 'Jersey: 1.19 02/11/2015 03:25 AM'
Sep 12, 2019 11:52:51 AM com.sun.jersey.server.impl.application.WebApplicationImpl _initiate
INFO: Initiating Jersey application, version 'Jersey: 1.19 02/11/2015 03:25 AM'
Sep 12, 2019 11:52:51 AM com.sun.jersey.server.impl.application.WebApplicationImpl _initiate
INFO: Initiating Jersey application, version 'Jersey: 1.19 02/11/2015 03:25 AM'
Sep 12, 2019 11:52:57 AM com.sun.jersey.server.impl.application.WebApplicationImpl _initiate
INFO: Initiating Jersey application, version 'Jersey: 1.19 02/11/2015 03:25 AM'
]]></system-err>
  </testcase>
</testsuite>